<?xml version="1.0"?>
<test_results>
	<status>STATUS_SUCCESS</status>
	<custom>
		<num_loss>159</num_loss>
		<num_total>5000001</num_total>
		<num_misses>10</num_misses>
		<elapsed_time>1048.952336</elapsed_time>
		<query>
			<report>
				<misses>1001</misses>
				<total>1</total>
				<timestamp>0.210012</timestamp>
			</report>
			<report>
				<misses>2001</misses>
				<total>1</total>
				<timestamp>0.419801</timestamp>
			</report>
			<report>
				<misses>3001</misses>
				<total>1</total>
				<timestamp>0.629592</timestamp>
			</report>
			<report>
				<misses>4001</misses>
				<total>1</total>
				<timestamp>0.839385</timestamp>
			</report>
			<report>
				<misses>5001</misses>
				<total>1</total>
				<timestamp>1.049114</timestamp>
			</report>
			<report>
				<misses>6001</misses>
				<total>1</total>
				<timestamp>1.258942</timestamp>
			</report>
			<report>
				<misses>7001</misses>
				<total>1</total>
				<timestamp>1.468714</timestamp>
			</report>
			<report>
				<misses>8001</misses>
				<total>1</total>
				<timestamp>1.678536</timestamp>
			</report>
			<report>
				<misses>9001</misses>
				<total>1</total>
				<timestamp>1.888328</timestamp>
			</report>
			<report>
				<misses>10001</misses>
				<total>1</total>
				<timestamp>2.098072</timestamp>
			</report>
			<report>
				<misses>11001</misses>
				<total>1</total>
				<timestamp>2.307884</timestamp>
			</report>
			<report>
				<misses>12001</misses>
				<total>1</total>
				<timestamp>2.517696</timestamp>
			</report>
			<report>
				<misses>13001</misses>
				<total>1</total>
				<timestamp>2.727479</timestamp>
			</report>
			<report>
				<misses>14001</misses>
				<total>1</total>
				<timestamp>2.937264</timestamp>
			</report>
			<report>
				<misses>15001</misses>
				<total>1</total>
				<timestamp>3.147056</timestamp>
			</report>
			<report>
				<misses>16001</misses>
				<total>1</total>
				<timestamp>3.356836</timestamp>
			</report>
			<report>
				<misses>17001</misses>
				<total>1</total>
				<timestamp>3.566628</timestamp>
			</report>
			<report>
				<misses>18001</misses>
				<total>1</total>
				<timestamp>3.776428</timestamp>
			</report>
			<report>
				<misses>19001</misses>
				<total>1</total>
				<timestamp>3.986201</timestamp>
			</report>
			<report>
				<misses>20001</misses>
				<total>1</total>
				<timestamp>4.195994</timestamp>
			</report>
			<report>
				<misses>21001</misses>
				<total>1</total>
				<timestamp>4.405786</timestamp>
			</report>
			<report>
				<misses>22001</misses>
				<total>1</total>
				<timestamp>4.615572</timestamp>
			</report>
			<report>
				<misses>23001</misses>
				<total>1</total>
				<timestamp>4.825340</timestamp>
			</report>
			<report>
				<misses>24001</misses>
				<total>1</total>
				<timestamp>5.035389</timestamp>
			</report>
			<report>
				<misses>25001</misses>
				<total>1</total>
				<timestamp>5.245139</timestamp>
			</report>
			<report>
				<misses>26001</misses>
				<total>1</total>
				<timestamp>5.454954</timestamp>
			</report>
			<report>
				<misses>27001</misses>
				<total>1</total>
				<timestamp>5.664959</timestamp>
			</report>
			<report>
				<misses>28001</misses>
				<total>1</total>
				<timestamp>5.874722</timestamp>
			</report>
			<report>
				<misses>29001</misses>
				<total>1</total>
				<timestamp>6.084510</timestamp>
			</report>
			<report>
				<misses>30001</misses>
				<total>1</total>
				<timestamp>6.294302</timestamp>
			</report>
			<report>
				<misses>31001</misses>
				<total>1</total>
				<timestamp>6.504125</timestamp>
			</report>
			<report>
				<misses>32001</misses>
				<total>1</total>
				<timestamp>6.713892</timestamp>
			</report>
			<report>
				<misses>33001</misses>
				<total>0</total>
				<timestamp>6.923709</timestamp>
			</report>
			<report>
				<misses>34001</misses>
				<total>0</total>
				<timestamp>7.133478</timestamp>
			</report>
			<report>
				<misses>35001</misses>
				<total>1</total>
				<timestamp>7.343256</timestamp>
			</report>
			<report>
				<misses>36001</misses>
				<total>1</total>
				<timestamp>7.553070</timestamp>
			</report>
			<report>
				<misses>37001</misses>
				<total>1</total>
				<timestamp>7.762839</timestamp>
			</report>
			<report>
				<misses>38001</misses>
				<total>1</total>
				<timestamp>7.972670</timestamp>
			</report>
			<report>
				<misses>39001</misses>
				<total>1</total>
				<timestamp>8.182479</timestamp>
			</report>
			<report>
				<misses>40001</misses>
				<total>1</total>
				<timestamp>8.392363</timestamp>
			</report>
			<report>
				<misses>41001</misses>
				<total>1</total>
				<timestamp>8.601994</timestamp>
			</report>
			<report>
				<misses>42001</misses>
				<total>1</total>
				<timestamp>8.811817</timestamp>
			</report>
			<report>
				<misses>43001</misses>
				<total>1</total>
				<timestamp>9.021696</timestamp>
			</report>
			<report>
				<misses>44001</misses>
				<total>1</total>
				<timestamp>9.231434</timestamp>
			</report>
			<report>
				<misses>45001</misses>
				<total>1</total>
				<timestamp>9.441189</timestamp>
			</report>
			<report>
				<misses>46001</misses>
				<total>2</total>
				<timestamp>9.650980</timestamp>
			</report>
			<report>
				<misses>47001</misses>
				<total>2</total>
				<timestamp>9.860850</timestamp>
			</report>
			<report>
				<misses>48001</misses>
				<total>2</total>
				<timestamp>10.070641</timestamp>
			</report>
			<report>
				<misses>49001</misses>
				<total>2</total>
				<timestamp>10.280307</timestamp>
			</report>
			<report>
				<misses>50001</misses>
				<total>2</total>
				<timestamp>10.490139</timestamp>
			</report>
			<report>
				<misses>51001</misses>
				<total>2</total>
				<timestamp>10.700007</timestamp>
			</report>
			<report>
				<misses>52001</misses>
				<total>2</total>
				<timestamp>10.909799</timestamp>
			</report>
			<report>
				<misses>53001</misses>
				<total>2</total>
				<timestamp>11.119467</timestamp>
			</report>
			<report>
				<misses>54001</misses>
				<total>2</total>
				<timestamp>11.329252</timestamp>
			</report>
			<report>
				<misses>55001</misses>
				<total>2</total>
				<timestamp>11.539167</timestamp>
			</report>
			<report>
				<misses>56001</misses>
				<total>2</total>
				<timestamp>11.748876</timestamp>
			</report>
			<report>
				<misses>57001</misses>
				<total>2</total>
				<timestamp>11.958667</timestamp>
			</report>
			<report>
				<misses>58001</misses>
				<total>1</total>
				<timestamp>12.168433</timestamp>
			</report>
			<report>
				<misses>59001</misses>
				<total>2</total>
				<timestamp>12.378223</timestamp>
			</report>
			<report>
				<misses>60001</misses>
				<total>2</total>
				<timestamp>12.588004</timestamp>
			</report>
			<report>
				<misses>61001</misses>
				<total>2</total>
				<timestamp>12.797784</timestamp>
			</report>
			<report>
				<misses>62001</misses>
				<total>2</total>
				<timestamp>13.007579</timestamp>
			</report>
			<report>
				<misses>63001</misses>
				<total>2</total>
				<timestamp>13.217419</timestamp>
			</report>
			<report>
				<misses>64001</misses>
				<total>2</total>
				<timestamp>13.427163</timestamp>
			</report>
			<report>
				<misses>65001</misses>
				<total>2</total>
				<timestamp>13.636953</timestamp>
			</report>
			<report>
				<misses>66001</misses>
				<total>2</total>
				<timestamp>13.846781</timestamp>
			</report>
			<report>
				<misses>67001</misses>
				<total>2</total>
				<timestamp>14.056784</timestamp>
			</report>
			<report>
				<misses>68001</misses>
				<total>2</total>
				<timestamp>14.266559</timestamp>
			</report>
			<report>
				<misses>69001</misses>
				<total>2</total>
				<timestamp>14.476365</timestamp>
			</report>
			<report>
				<misses>70001</misses>
				<total>2</total>
				<timestamp>14.686106</timestamp>
			</report>
			<report>
				<misses>71001</misses>
				<total>1</total>
				<timestamp>14.895937</timestamp>
			</report>
			<report>
				<misses>72001</misses>
				<total>2</total>
				<timestamp>15.105735</timestamp>
			</report>
			<report>
				<misses>73001</misses>
				<total>2</total>
				<timestamp>15.315725</timestamp>
			</report>
			<report>
				<misses>74001</misses>
				<total>2</total>
				<timestamp>15.525521</timestamp>
			</report>
			<report>
				<misses>75001</misses>
				<total>2</total>
				<timestamp>15.735317</timestamp>
			</report>
			<report>
				<misses>76001</misses>
				<total>2</total>
				<timestamp>15.945062</timestamp>
			</report>
			<report>
				<misses>77001</misses>
				<total>2</total>
				<timestamp>16.154901</timestamp>
			</report>
			<report>
				<misses>78001</misses>
				<total>2</total>
				<timestamp>16.364636</timestamp>
			</report>
			<report>
				<misses>79001</misses>
				<total>2</total>
				<timestamp>16.574679</timestamp>
			</report>
			<report>
				<misses>80001</misses>
				<total>2</total>
				<timestamp>16.784472</timestamp>
			</report>
			<report>
				<misses>81001</misses>
				<total>2</total>
				<timestamp>16.994254</timestamp>
			</report>
			<report>
				<misses>82001</misses>
				<total>2</total>
				<timestamp>17.204135</timestamp>
			</report>
			<report>
				<misses>83001</misses>
				<total>2</total>
				<timestamp>17.413797</timestamp>
			</report>
			<report>
				<misses>84001</misses>
				<total>2</total>
				<timestamp>17.623600</timestamp>
			</report>
			<report>
				<misses>85001</misses>
				<total>2</total>
				<timestamp>17.833501</timestamp>
			</report>
			<report>
				<misses>86001</misses>
				<total>2</total>
				<timestamp>18.043177</timestamp>
			</report>
			<report>
				<misses>87001</misses>
				<total>2</total>
				<timestamp>18.252965</timestamp>
			</report>
			<report>
				<misses>88001</misses>
				<total>2</total>
				<timestamp>18.462791</timestamp>
			</report>
			<report>
				<misses>89001</misses>
				<total>2</total>
				<timestamp>18.672586</timestamp>
			</report>
			<report>
				<misses>90001</misses>
				<total>2</total>
				<timestamp>18.882368</timestamp>
			</report>
			<report>
				<misses>91001</misses>
				<total>2</total>
				<timestamp>19.092122</timestamp>
			</report>
			<report>
				<misses>92001</misses>
				<total>2</total>
				<timestamp>19.301955</timestamp>
			</report>
			<report>
				<misses>93001</misses>
				<total>2</total>
				<timestamp>19.511829</timestamp>
			</report>
			<report>
				<misses>94001</misses>
				<total>2</total>
				<timestamp>19.721500</timestamp>
			</report>
			<report>
				<misses>95001</misses>
				<total>2</total>
				<timestamp>19.931280</timestamp>
			</report>
			<report>
				<misses>96001</misses>
				<total>2</total>
				<timestamp>20.141085</timestamp>
			</report>
			<report>
				<misses>97001</misses>
				<total>2</total>
				<timestamp>20.350908</timestamp>
			</report>
			<report>
				<misses>98001</misses>
				<total>2</total>
				<timestamp>20.560688</timestamp>
			</report>
			<report>
				<misses>99001</misses>
				<total>1</total>
				<timestamp>20.770483</timestamp>
			</report>
			<report>
				<misses>100001</misses>
				<total>2</total>
				<timestamp>20.980355</timestamp>
			</report>
			<report>
				<misses>101001</misses>
				<total>2</total>
				<timestamp>21.190144</timestamp>
			</report>
			<report>
				<misses>102001</misses>
				<total>2</total>
				<timestamp>21.399816</timestamp>
			</report>
			<report>
				<misses>103001</misses>
				<total>2</total>
				<timestamp>21.609641</timestamp>
			</report>
			<report>
				<misses>104001</misses>
				<total>2</total>
				<timestamp>21.819428</timestamp>
			</report>
			<report>
				<misses>105001</misses>
				<total>2</total>
				<timestamp>22.029184</timestamp>
			</report>
			<report>
				<misses>106001</misses>
				<total>2</total>
				<timestamp>22.239096</timestamp>
			</report>
			<report>
				<misses>107001</misses>
				<total>2</total>
				<timestamp>22.448769</timestamp>
			</report>
			<report>
				<misses>108001</misses>
				<total>2</total>
				<timestamp>22.658584</timestamp>
			</report>
			<report>
				<misses>109001</misses>
				<total>2</total>
				<timestamp>22.868463</timestamp>
			</report>
			<report>
				<misses>110001</misses>
				<total>2</total>
				<timestamp>23.078125</timestamp>
			</report>
			<report>
				<misses>111001</misses>
				<total>1</total>
				<timestamp>23.287959</timestamp>
			</report>
			<report>
				<misses>112001</misses>
				<total>2</total>
				<timestamp>23.497747</timestamp>
			</report>
			<report>
				<misses>113001</misses>
				<total>2</total>
				<timestamp>23.707539</timestamp>
			</report>
			<report>
				<misses>114001</misses>
				<total>2</total>
				<timestamp>23.917328</timestamp>
			</report>
			<report>
				<misses>115001</misses>
				<total>2</total>
				<timestamp>24.127118</timestamp>
			</report>
			<report>
				<misses>116001</misses>
				<total>2</total>
				<timestamp>24.336906</timestamp>
			</report>
			<report>
				<misses>117001</misses>
				<total>2</total>
				<timestamp>24.546700</timestamp>
			</report>
			<report>
				<misses>118001</misses>
				<total>3</total>
				<timestamp>24.756502</timestamp>
			</report>
			<report>
				<misses>119001</misses>
				<total>3</total>
				<timestamp>24.966579</timestamp>
			</report>
			<report>
				<misses>120001</misses>
				<total>3</total>
				<timestamp>25.176280</timestamp>
			</report>
			<report>
				<misses>121001</misses>
				<total>3</total>
				<timestamp>25.386070</timestamp>
			</report>
			<report>
				<misses>122001</misses>
				<total>3</total>
				<timestamp>25.595814</timestamp>
			</report>
			<report>
				<misses>123001</misses>
				<total>3</total>
				<timestamp>25.805729</timestamp>
			</report>
			<report>
				<misses>124001</misses>
				<total>3</total>
				<timestamp>26.015400</timestamp>
			</report>
			<report>
				<misses>125001</misses>
				<total>3</total>
				<timestamp>26.225225</timestamp>
			</report>
			<report>
				<misses>126001</misses>
				<total>3</total>
				<timestamp>26.435016</timestamp>
			</report>
			<report>
				<misses>127001</misses>
				<total>3</total>
				<timestamp>26.644987</timestamp>
			</report>
			<report>
				<misses>128001</misses>
				<total>3</total>
				<timestamp>26.854763</timestamp>
			</report>
			<report>
				<misses>129001</misses>
				<total>3</total>
				<timestamp>27.064605</timestamp>
			</report>
			<report>
				<misses>130001</misses>
				<total>3</total>
				<timestamp>27.274596</timestamp>
			</report>
			<report>
				<misses>131001</misses>
				<total>3</total>
				<timestamp>27.484390</timestamp>
			</report>
			<report>
				<misses>132001</misses>
				<total>3</total>
				<timestamp>27.694178</timestamp>
			</report>
			<report>
				<misses>133001</misses>
				<total>3</total>
				<timestamp>27.903927</timestamp>
			</report>
			<report>
				<misses>134001</misses>
				<total>3</total>
				<timestamp>28.113840</timestamp>
			</report>
			<report>
				<misses>135001</misses>
				<total>3</total>
				<timestamp>28.323628</timestamp>
			</report>
			<report>
				<misses>136001</misses>
				<total>3</total>
				<timestamp>28.533420</timestamp>
			</report>
			<report>
				<misses>137001</misses>
				<total>3</total>
				<timestamp>28.743128</timestamp>
			</report>
			<report>
				<misses>138001</misses>
				<total>3</total>
				<timestamp>28.952920</timestamp>
			</report>
			<report>
				<misses>139001</misses>
				<total>3</total>
				<timestamp>29.162875</timestamp>
			</report>
			<report>
				<misses>140001</misses>
				<total>3</total>
				<timestamp>29.372710</timestamp>
			</report>
			<report>
				<misses>141001</misses>
				<total>3</total>
				<timestamp>29.582496</timestamp>
			</report>
			<report>
				<misses>142001</misses>
				<total>3</total>
				<timestamp>29.792297</timestamp>
			</report>
			<report>
				<misses>143001</misses>
				<total>3</total>
				<timestamp>30.002045</timestamp>
			</report>
			<report>
				<misses>144001</misses>
				<total>3</total>
				<timestamp>30.211864</timestamp>
			</report>
			<report>
				<misses>145001</misses>
				<total>3</total>
				<timestamp>30.421879</timestamp>
			</report>
			<report>
				<misses>146001</misses>
				<total>2</total>
				<timestamp>30.631659</timestamp>
			</report>
			<report>
				<misses>147001</misses>
				<total>4</total>
				<timestamp>30.841457</timestamp>
			</report>
			<report>
				<misses>148001</misses>
				<total>4</total>
				<timestamp>31.051327</timestamp>
			</report>
			<report>
				<misses>149001</misses>
				<total>3</total>
				<timestamp>31.261031</timestamp>
			</report>
			<report>
				<misses>150001</misses>
				<total>3</total>
				<timestamp>31.470817</timestamp>
			</report>
			<report>
				<misses>151001</misses>
				<total>4</total>
				<timestamp>31.680612</timestamp>
			</report>
			<report>
				<misses>152001</misses>
				<total>4</total>
				<timestamp>31.890495</timestamp>
			</report>
			<report>
				<misses>153001</misses>
				<total>4</total>
				<timestamp>32.100191</timestamp>
			</report>
			<report>
				<misses>154001</misses>
				<total>4</total>
				<timestamp>32.309942</timestamp>
			</report>
			<report>
				<misses>155001</misses>
				<total>4</total>
				<timestamp>32.519732</timestamp>
			</report>
			<report>
				<misses>156001</misses>
				<total>4</total>
				<timestamp>32.729650</timestamp>
			</report>
			<report>
				<misses>157001</misses>
				<total>4</total>
				<timestamp>32.939442</timestamp>
			</report>
			<report>
				<misses>158001</misses>
				<total>4</total>
				<timestamp>33.149144</timestamp>
			</report>
			<report>
				<misses>159001</misses>
				<total>4</total>
				<timestamp>33.358892</timestamp>
			</report>
			<report>
				<misses>160001</misses>
				<total>4</total>
				<timestamp>33.568725</timestamp>
			</report>
			<report>
				<misses>161001</misses>
				<total>3</total>
				<timestamp>33.778515</timestamp>
			</report>
			<report>
				<misses>162001</misses>
				<total>4</total>
				<timestamp>33.988303</timestamp>
			</report>
			<report>
				<misses>163001</misses>
				<total>4</total>
				<timestamp>34.198090</timestamp>
			</report>
			<report>
				<misses>164001</misses>
				<total>4</total>
				<timestamp>34.407839</timestamp>
			</report>
			<report>
				<misses>165001</misses>
				<total>4</total>
				<timestamp>34.617637</timestamp>
			</report>
			<report>
				<misses>166001</misses>
				<total>4</total>
				<timestamp>34.827465</timestamp>
			</report>
			<report>
				<misses>167001</misses>
				<total>4</total>
				<timestamp>35.037335</timestamp>
			</report>
			<report>
				<misses>168001</misses>
				<total>4</total>
				<timestamp>35.246999</timestamp>
			</report>
			<report>
				<misses>169001</misses>
				<total>3</total>
				<timestamp>35.456791</timestamp>
			</report>
			<report>
				<misses>170001</misses>
				<total>4</total>
				<timestamp>35.666582</timestamp>
			</report>
			<report>
				<misses>171001</misses>
				<total>4</total>
				<timestamp>35.876431</timestamp>
			</report>
			<report>
				<misses>172001</misses>
				<total>4</total>
				<timestamp>36.086206</timestamp>
			</report>
			<report>
				<misses>173001</misses>
				<total>4</total>
				<timestamp>36.295994</timestamp>
			</report>
			<report>
				<misses>174001</misses>
				<total>4</total>
				<timestamp>36.505746</timestamp>
			</report>
			<report>
				<misses>175001</misses>
				<total>4</total>
				<timestamp>36.715535</timestamp>
			</report>
			<report>
				<misses>176001</misses>
				<total>4</total>
				<timestamp>36.925445</timestamp>
			</report>
			<report>
				<misses>177001</misses>
				<total>4</total>
				<timestamp>37.135236</timestamp>
			</report>
			<report>
				<misses>178001</misses>
				<total>4</total>
				<timestamp>37.344894</timestamp>
			</report>
			<report>
				<misses>179001</misses>
				<total>4</total>
				<timestamp>37.554704</timestamp>
			</report>
			<report>
				<misses>180001</misses>
				<total>3</total>
				<timestamp>37.764476</timestamp>
			</report>
			<report>
				<misses>181001</misses>
				<total>4</total>
				<timestamp>37.974305</timestamp>
			</report>
			<report>
				<misses>182001</misses>
				<total>4</total>
				<timestamp>38.184083</timestamp>
			</report>
			<report>
				<misses>183001</misses>
				<total>4</total>
				<timestamp>38.393852</timestamp>
			</report>
			<report>
				<misses>184001</misses>
				<total>4</total>
				<timestamp>38.603692</timestamp>
			</report>
			<report>
				<misses>185001</misses>
				<total>4</total>
				<timestamp>38.813420</timestamp>
			</report>
			<report>
				<misses>186001</misses>
				<total>4</total>
				<timestamp>39.023280</timestamp>
			</report>
			<report>
				<misses>187001</misses>
				<total>4</total>
				<timestamp>39.233015</timestamp>
			</report>
			<report>
				<misses>188001</misses>
				<total>4</total>
				<timestamp>39.442794</timestamp>
			</report>
			<report>
				<misses>189001</misses>
				<total>4</total>
				<timestamp>39.652593</timestamp>
			</report>
			<report>
				<misses>190001</misses>
				<total>4</total>
				<timestamp>39.862401</timestamp>
			</report>
			<report>
				<misses>191001</misses>
				<total>4</total>
				<timestamp>40.072171</timestamp>
			</report>
			<report>
				<misses>192001</misses>
				<total>4</total>
				<timestamp>40.281949</timestamp>
			</report>
			<report>
				<misses>193001</misses>
				<total>4</total>
				<timestamp>40.491782</timestamp>
			</report>
			<report>
				<misses>194001</misses>
				<total>4</total>
				<timestamp>40.701531</timestamp>
			</report>
			<report>
				<misses>195001</misses>
				<total>4</total>
				<timestamp>40.911332</timestamp>
			</report>
			<report>
				<misses>196001</misses>
				<total>4</total>
				<timestamp>41.121124</timestamp>
			</report>
			<report>
				<misses>197001</misses>
				<total>4</total>
				<timestamp>41.330903</timestamp>
			</report>
			<report>
				<misses>198001</misses>
				<total>4</total>
				<timestamp>41.540709</timestamp>
			</report>
			<report>
				<misses>199001</misses>
				<total>4</total>
				<timestamp>41.750476</timestamp>
			</report>
			<report>
				<misses>200001</misses>
				<total>4</total>
				<timestamp>41.960294</timestamp>
			</report>
			<report>
				<misses>201001</misses>
				<total>4</total>
				<timestamp>42.170058</timestamp>
			</report>
			<report>
				<misses>202001</misses>
				<total>4</total>
				<timestamp>42.379870</timestamp>
			</report>
			<report>
				<misses>203001</misses>
				<total>4</total>
				<timestamp>42.589639</timestamp>
			</report>
			<report>
				<misses>204001</misses>
				<total>4</total>
				<timestamp>42.799437</timestamp>
			</report>
			<report>
				<misses>205001</misses>
				<total>4</total>
				<timestamp>43.009249</timestamp>
			</report>
			<report>
				<misses>206001</misses>
				<total>4</total>
				<timestamp>43.219026</timestamp>
			</report>
			<report>
				<misses>207001</misses>
				<total>4</total>
				<timestamp>43.428822</timestamp>
			</report>
			<report>
				<misses>208001</misses>
				<total>4</total>
				<timestamp>43.638656</timestamp>
			</report>
			<report>
				<misses>209001</misses>
				<total>4</total>
				<timestamp>43.848396</timestamp>
			</report>
			<report>
				<misses>210001</misses>
				<total>4</total>
				<timestamp>44.058250</timestamp>
			</report>
			<report>
				<misses>211001</misses>
				<total>4</total>
				<timestamp>44.267975</timestamp>
			</report>
			<report>
				<misses>212001</misses>
				<total>4</total>
				<timestamp>44.477801</timestamp>
			</report>
			<report>
				<misses>213001</misses>
				<total>4</total>
				<timestamp>44.687598</timestamp>
			</report>
			<report>
				<misses>214001</misses>
				<total>4</total>
				<timestamp>44.897395</timestamp>
			</report>
			<report>
				<misses>215001</misses>
				<total>4</total>
				<timestamp>45.107145</timestamp>
			</report>
			<report>
				<misses>216001</misses>
				<total>4</total>
				<timestamp>45.316935</timestamp>
			</report>
			<report>
				<misses>217001</misses>
				<total>4</total>
				<timestamp>45.526708</timestamp>
			</report>
			<report>
				<misses>218001</misses>
				<total>4</total>
				<timestamp>45.736498</timestamp>
			</report>
			<report>
				<misses>219001</misses>
				<total>4</total>
				<timestamp>45.946308</timestamp>
			</report>
			<report>
				<misses>220001</misses>
				<total>4</total>
				<timestamp>46.156091</timestamp>
			</report>
			<report>
				<misses>221001</misses>
				<total>4</total>
				<timestamp>46.365882</timestamp>
			</report>
			<report>
				<misses>222001</misses>
				<total>3</total>
				<timestamp>46.575687</timestamp>
			</report>
			<report>
				<misses>223001</misses>
				<total>4</total>
				<timestamp>46.785466</timestamp>
			</report>
			<report>
				<misses>224001</misses>
				<total>4</total>
				<timestamp>46.995236</timestamp>
			</report>
			<report>
				<misses>225001</misses>
				<total>4</total>
				<timestamp>47.205027</timestamp>
			</report>
			<report>
				<misses>226001</misses>
				<total>4</total>
				<timestamp>47.414818</timestamp>
			</report>
			<report>
				<misses>227001</misses>
				<total>4</total>
				<timestamp>47.624665</timestamp>
			</report>
			<report>
				<misses>228001</misses>
				<total>4</total>
				<timestamp>47.834398</timestamp>
			</report>
			<report>
				<misses>229001</misses>
				<total>3</total>
				<timestamp>48.044227</timestamp>
			</report>
			<report>
				<misses>230001</misses>
				<total>4</total>
				<timestamp>48.253995</timestamp>
			</report>
			<report>
				<misses>231001</misses>
				<total>4</total>
				<timestamp>48.463787</timestamp>
			</report>
			<report>
				<misses>232001</misses>
				<total>4</total>
				<timestamp>48.673683</timestamp>
			</report>
			<report>
				<misses>233001</misses>
				<total>4</total>
				<timestamp>48.883396</timestamp>
			</report>
			<report>
				<misses>234001</misses>
				<total>4</total>
				<timestamp>49.093264</timestamp>
			</report>
			<report>
				<misses>235001</misses>
				<total>4</total>
				<timestamp>49.302967</timestamp>
			</report>
			<report>
				<misses>236001</misses>
				<total>4</total>
				<timestamp>49.512712</timestamp>
			</report>
			<report>
				<misses>237001</misses>
				<total>4</total>
				<timestamp>49.722558</timestamp>
			</report>
			<report>
				<misses>238001</misses>
				<total>4</total>
				<timestamp>49.932421</timestamp>
			</report>
			<report>
				<misses>239001</misses>
				<total>4</total>
				<timestamp>50.142139</timestamp>
			</report>
			<report>
				<misses>240001</misses>
				<total>4</total>
				<timestamp>50.352005</timestamp>
			</report>
			<report>
				<misses>241001</misses>
				<total>4</total>
				<timestamp>50.561717</timestamp>
			</report>
			<report>
				<misses>242001</misses>
				<total>4</total>
				<timestamp>50.771492</timestamp>
			</report>
			<report>
				<misses>243001</misses>
				<total>3</total>
				<timestamp>50.981323</timestamp>
			</report>
			<report>
				<misses>244001</misses>
				<total>4</total>
				<timestamp>51.191043</timestamp>
			</report>
			<report>
				<misses>245001</misses>
				<total>3</total>
				<timestamp>51.400951</timestamp>
			</report>
			<report>
				<misses>246001</misses>
				<total>4</total>
				<timestamp>51.610739</timestamp>
			</report>
			<report>
				<misses>247001</misses>
				<total>4</total>
				<timestamp>51.820412</timestamp>
			</report>
			<report>
				<misses>248001</misses>
				<total>4</total>
				<timestamp>52.030324</timestamp>
			</report>
			<report>
				<misses>249001</misses>
				<total>4</total>
				<timestamp>52.240035</timestamp>
			</report>
			<report>
				<misses>250001</misses>
				<total>4</total>
				<timestamp>52.449901</timestamp>
			</report>
			<report>
				<misses>251001</misses>
				<total>4</total>
				<timestamp>52.659700</timestamp>
			</report>
			<report>
				<misses>252001</misses>
				<total>6</total>
				<timestamp>52.869487</timestamp>
			</report>
			<report>
				<misses>253001</misses>
				<total>6</total>
				<timestamp>53.079198</timestamp>
			</report>
			<report>
				<misses>254001</misses>
				<total>6</total>
				<timestamp>53.288987</timestamp>
			</report>
			<report>
				<misses>255001</misses>
				<total>6</total>
				<timestamp>53.498770</timestamp>
			</report>
			<report>
				<misses>256001</misses>
				<total>6</total>
				<timestamp>53.708562</timestamp>
			</report>
			<report>
				<misses>257001</misses>
				<total>6</total>
				<timestamp>53.918365</timestamp>
			</report>
			<report>
				<misses>258001</misses>
				<total>6</total>
				<timestamp>54.128226</timestamp>
			</report>
			<report>
				<misses>259001</misses>
				<total>6</total>
				<timestamp>54.337931</timestamp>
			</report>
			<report>
				<misses>260001</misses>
				<total>6</total>
				<timestamp>54.547800</timestamp>
			</report>
			<report>
				<misses>261001</misses>
				<total>6</total>
				<timestamp>54.757477</timestamp>
			</report>
			<report>
				<misses>262001</misses>
				<total>6</total>
				<timestamp>54.967304</timestamp>
			</report>
			<report>
				<misses>263001</misses>
				<total>6</total>
				<timestamp>55.177088</timestamp>
			</report>
			<report>
				<misses>264001</misses>
				<total>6</total>
				<timestamp>55.386967</timestamp>
			</report>
			<report>
				<misses>265001</misses>
				<total>6</total>
				<timestamp>55.596678</timestamp>
			</report>
			<report>
				<misses>266001</misses>
				<total>6</total>
				<timestamp>55.806551</timestamp>
			</report>
			<report>
				<misses>267001</misses>
				<total>6</total>
				<timestamp>56.016338</timestamp>
			</report>
			<report>
				<misses>268001</misses>
				<total>6</total>
				<timestamp>56.226044</timestamp>
			</report>
			<report>
				<misses>269001</misses>
				<total>6</total>
				<timestamp>56.435830</timestamp>
			</report>
			<report>
				<misses>270001</misses>
				<total>7</total>
				<timestamp>56.645623</timestamp>
			</report>
			<report>
				<misses>271001</misses>
				<total>7</total>
				<timestamp>56.855411</timestamp>
			</report>
			<report>
				<misses>272001</misses>
				<total>7</total>
				<timestamp>57.065279</timestamp>
			</report>
			<report>
				<misses>273001</misses>
				<total>7</total>
				<timestamp>57.275086</timestamp>
			</report>
			<report>
				<misses>274001</misses>
				<total>7</total>
				<timestamp>57.484740</timestamp>
			</report>
			<report>
				<misses>275001</misses>
				<total>7</total>
				<timestamp>57.694573</timestamp>
			</report>
			<report>
				<misses>276001</misses>
				<total>7</total>
				<timestamp>57.904448</timestamp>
			</report>
			<report>
				<misses>277001</misses>
				<total>7</total>
				<timestamp>58.114149</timestamp>
			</report>
			<report>
				<misses>278001</misses>
				<total>7</total>
				<timestamp>58.323901</timestamp>
			</report>
			<report>
				<misses>279001</misses>
				<total>7</total>
				<timestamp>58.533689</timestamp>
			</report>
			<report>
				<misses>280001</misses>
				<total>7</total>
				<timestamp>58.743524</timestamp>
			</report>
			<report>
				<misses>281001</misses>
				<total>7</total>
				<timestamp>58.953390</timestamp>
			</report>
			<report>
				<misses>282001</misses>
				<total>7</total>
				<timestamp>59.163101</timestamp>
			</report>
			<report>
				<misses>283001</misses>
				<total>7</total>
				<timestamp>59.372848</timestamp>
			</report>
			<report>
				<misses>284001</misses>
				<total>7</total>
				<timestamp>59.582677</timestamp>
			</report>
			<report>
				<misses>285001</misses>
				<total>6</total>
				<timestamp>59.792474</timestamp>
			</report>
			<report>
				<misses>286001</misses>
				<total>7</total>
				<timestamp>60.002353</timestamp>
			</report>
			<report>
				<misses>287001</misses>
				<total>7</total>
				<timestamp>60.212136</timestamp>
			</report>
			<report>
				<misses>288001</misses>
				<total>7</total>
				<timestamp>60.421922</timestamp>
			</report>
			<report>
				<misses>289001</misses>
				<total>7</total>
				<timestamp>60.631589</timestamp>
			</report>
			<report>
				<misses>290001</misses>
				<total>7</total>
				<timestamp>60.841386</timestamp>
			</report>
			<report>
				<misses>291001</misses>
				<total>7</total>
				<timestamp>61.051299</timestamp>
			</report>
			<report>
				<misses>292001</misses>
				<total>7</total>
				<timestamp>61.261003</timestamp>
			</report>
			<report>
				<misses>293001</misses>
				<total>7</total>
				<timestamp>61.470791</timestamp>
			</report>
			<report>
				<misses>294001</misses>
				<total>7</total>
				<timestamp>61.680583</timestamp>
			</report>
			<report>
				<misses>295001</misses>
				<total>7</total>
				<timestamp>61.890455</timestamp>
			</report>
			<report>
				<misses>296001</misses>
				<total>7</total>
				<timestamp>62.100251</timestamp>
			</report>
			<report>
				<misses>297001</misses>
				<total>7</total>
				<timestamp>62.309946</timestamp>
			</report>
			<report>
				<misses>298001</misses>
				<total>7</total>
				<timestamp>62.519736</timestamp>
			</report>
			<report>
				<misses>299001</misses>
				<total>7</total>
				<timestamp>62.729528</timestamp>
			</report>
			<report>
				<misses>300001</misses>
				<total>7</total>
				<timestamp>62.939330</timestamp>
			</report>
			<report>
				<misses>301001</misses>
				<total>7</total>
				<timestamp>63.149104</timestamp>
			</report>
			<report>
				<misses>302001</misses>
				<total>7</total>
				<timestamp>63.358899</timestamp>
			</report>
			<report>
				<misses>303001</misses>
				<total>7</total>
				<timestamp>63.568767</timestamp>
			</report>
			<report>
				<misses>304001</misses>
				<total>7</total>
				<timestamp>63.778441</timestamp>
			</report>
			<report>
				<misses>305001</misses>
				<total>7</total>
				<timestamp>63.988237</timestamp>
			</report>
			<report>
				<misses>306001</misses>
				<total>7</total>
				<timestamp>64.198059</timestamp>
			</report>
			<report>
				<misses>307001</misses>
				<total>7</total>
				<timestamp>64.407844</timestamp>
			</report>
			<report>
				<misses>308001</misses>
				<total>7</total>
				<timestamp>64.617640</timestamp>
			</report>
			<report>
				<misses>309001</misses>
				<total>7</total>
				<timestamp>64.827424</timestamp>
			</report>
			<report>
				<misses>310001</misses>
				<total>7</total>
				<timestamp>65.037223</timestamp>
			</report>
			<report>
				<misses>311001</misses>
				<total>7</total>
				<timestamp>65.247006</timestamp>
			</report>
			<report>
				<misses>312001</misses>
				<total>7</total>
				<timestamp>65.456797</timestamp>
			</report>
			<report>
				<misses>313001</misses>
				<total>6</total>
				<timestamp>65.666586</timestamp>
			</report>
			<report>
				<misses>314001</misses>
				<total>7</total>
				<timestamp>65.876333</timestamp>
			</report>
			<report>
				<misses>315001</misses>
				<total>7</total>
				<timestamp>66.086167</timestamp>
			</report>
			<report>
				<misses>316001</misses>
				<total>7</total>
				<timestamp>66.295954</timestamp>
			</report>
			<report>
				<misses>317001</misses>
				<total>7</total>
				<timestamp>66.505727</timestamp>
			</report>
			<report>
				<misses>318001</misses>
				<total>7</total>
				<timestamp>66.715485</timestamp>
			</report>
			<report>
				<misses>319001</misses>
				<total>7</total>
				<timestamp>66.925315</timestamp>
			</report>
			<report>
				<misses>320001</misses>
				<total>7</total>
				<timestamp>67.135099</timestamp>
			</report>
			<report>
				<misses>321001</misses>
				<total>6</total>
				<timestamp>67.344875</timestamp>
			</report>
			<report>
				<misses>322001</misses>
				<total>7</total>
				<timestamp>67.554780</timestamp>
			</report>
			<report>
				<misses>323001</misses>
				<total>6</total>
				<timestamp>67.764492</timestamp>
			</report>
			<report>
				<misses>324001</misses>
				<total>7</total>
				<timestamp>67.974278</timestamp>
			</report>
			<report>
				<misses>325001</misses>
				<total>7</total>
				<timestamp>68.184068</timestamp>
			</report>
			<report>
				<misses>326001</misses>
				<total>7</total>
				<timestamp>68.393853</timestamp>
			</report>
			<report>
				<misses>327001</misses>
				<total>7</total>
				<timestamp>68.603734</timestamp>
			</report>
			<report>
				<misses>328001</misses>
				<total>7</total>
				<timestamp>68.813401</timestamp>
			</report>
			<report>
				<misses>329001</misses>
				<total>7</total>
				<timestamp>69.023238</timestamp>
			</report>
			<report>
				<misses>330001</misses>
				<total>7</total>
				<timestamp>69.233010</timestamp>
			</report>
			<report>
				<misses>331001</misses>
				<total>7</total>
				<timestamp>69.442804</timestamp>
			</report>
			<report>
				<misses>332001</misses>
				<total>7</total>
				<timestamp>69.652560</timestamp>
			</report>
			<report>
				<misses>333001</misses>
				<total>7</total>
				<timestamp>69.862351</timestamp>
			</report>
			<report>
				<misses>334001</misses>
				<total>7</total>
				<timestamp>70.072189</timestamp>
			</report>
			<report>
				<misses>335001</misses>
				<total>7</total>
				<timestamp>70.281925</timestamp>
			</report>
			<report>
				<misses>336001</misses>
				<total>7</total>
				<timestamp>70.491766</timestamp>
			</report>
			<report>
				<misses>337001</misses>
				<total>7</total>
				<timestamp>70.701522</timestamp>
			</report>
			<report>
				<misses>338001</misses>
				<total>7</total>
				<timestamp>70.911348</timestamp>
			</report>
			<report>
				<misses>339001</misses>
				<total>7</total>
				<timestamp>71.121221</timestamp>
			</report>
			<report>
				<misses>340001</misses>
				<total>7</total>
				<timestamp>71.330925</timestamp>
			</report>
			<report>
				<misses>341001</misses>
				<total>7</total>
				<timestamp>71.540709</timestamp>
			</report>
			<report>
				<misses>342001</misses>
				<total>7</total>
				<timestamp>71.750506</timestamp>
			</report>
			<report>
				<misses>343001</misses>
				<total>7</total>
				<timestamp>71.960292</timestamp>
			</report>
			<report>
				<misses>344001</misses>
				<total>7</total>
				<timestamp>72.170169</timestamp>
			</report>
			<report>
				<misses>345001</misses>
				<total>7</total>
				<timestamp>72.379954</timestamp>
			</report>
			<report>
				<misses>346001</misses>
				<total>7</total>
				<timestamp>72.589752</timestamp>
			</report>
			<report>
				<misses>347001</misses>
				<total>7</total>
				<timestamp>72.799448</timestamp>
			</report>
			<report>
				<misses>348001</misses>
				<total>7</total>
				<timestamp>73.009331</timestamp>
			</report>
			<report>
				<misses>349001</misses>
				<total>7</total>
				<timestamp>73.219048</timestamp>
			</report>
			<report>
				<misses>350001</misses>
				<total>7</total>
				<timestamp>73.428818</timestamp>
			</report>
			<report>
				<misses>351001</misses>
				<total>7</total>
				<timestamp>73.638620</timestamp>
			</report>
			<report>
				<misses>352001</misses>
				<total>7</total>
				<timestamp>73.848402</timestamp>
			</report>
			<report>
				<misses>353001</misses>
				<total>7</total>
				<timestamp>74.058274</timestamp>
			</report>
			<report>
				<misses>354001</misses>
				<total>7</total>
				<timestamp>74.268065</timestamp>
			</report>
			<report>
				<misses>355001</misses>
				<total>7</total>
				<timestamp>74.477730</timestamp>
			</report>
			<report>
				<misses>356001</misses>
				<total>7</total>
				<timestamp>74.687568</timestamp>
			</report>
			<report>
				<misses>357001</misses>
				<total>7</total>
				<timestamp>74.897357</timestamp>
			</report>
			<report>
				<misses>358001</misses>
				<total>7</total>
				<timestamp>75.107225</timestamp>
			</report>
			<report>
				<misses>359001</misses>
				<total>7</total>
				<timestamp>75.316930</timestamp>
			</report>
			<report>
				<misses>360001</misses>
				<total>7</total>
				<timestamp>75.526727</timestamp>
			</report>
			<report>
				<misses>361001</misses>
				<total>7</total>
				<timestamp>75.736518</timestamp>
			</report>
			<report>
				<misses>362001</misses>
				<total>7</total>
				<timestamp>75.946305</timestamp>
			</report>
			<report>
				<misses>363001</misses>
				<total>7</total>
				<timestamp>76.156090</timestamp>
			</report>
			<report>
				<misses>364001</misses>
				<total>7</total>
				<timestamp>76.365880</timestamp>
			</report>
			<report>
				<misses>365001</misses>
				<total>7</total>
				<timestamp>76.575669</timestamp>
			</report>
			<report>
				<misses>366001</misses>
				<total>7</total>
				<timestamp>76.785422</timestamp>
			</report>
			<report>
				<misses>367001</misses>
				<total>7</total>
				<timestamp>76.995248</timestamp>
			</report>
			<report>
				<misses>368001</misses>
				<total>6</total>
				<timestamp>77.205138</timestamp>
			</report>
			<report>
				<misses>369001</misses>
				<total>7</total>
				<timestamp>77.414835</timestamp>
			</report>
			<report>
				<misses>370001</misses>
				<total>7</total>
				<timestamp>77.624620</timestamp>
			</report>
			<report>
				<misses>371001</misses>
				<total>7</total>
				<timestamp>77.834414</timestamp>
			</report>
			<report>
				<misses>372001</misses>
				<total>7</total>
				<timestamp>78.044201</timestamp>
			</report>
			<report>
				<misses>373001</misses>
				<total>7</total>
				<timestamp>78.253949</timestamp>
			</report>
			<report>
				<misses>374001</misses>
				<total>7</total>
				<timestamp>78.463742</timestamp>
			</report>
			<report>
				<misses>375001</misses>
				<total>7</total>
				<timestamp>78.673578</timestamp>
			</report>
			<report>
				<misses>376001</misses>
				<total>7</total>
				<timestamp>78.883363</timestamp>
			</report>
			<report>
				<misses>377001</misses>
				<total>7</total>
				<timestamp>79.093156</timestamp>
			</report>
			<report>
				<misses>378001</misses>
				<total>7</total>
				<timestamp>79.303025</timestamp>
			</report>
			<report>
				<misses>379001</misses>
				<total>7</total>
				<timestamp>79.512693</timestamp>
			</report>
			<report>
				<misses>380001</misses>
				<total>7</total>
				<timestamp>79.722534</timestamp>
			</report>
			<report>
				<misses>381001</misses>
				<total>7</total>
				<timestamp>79.932319</timestamp>
			</report>
			<report>
				<misses>382001</misses>
				<total>7</total>
				<timestamp>80.142102</timestamp>
			</report>
			<report>
				<misses>383001</misses>
				<total>7</total>
				<timestamp>80.351888</timestamp>
			</report>
			<report>
				<misses>384001</misses>
				<total>7</total>
				<timestamp>80.561767</timestamp>
			</report>
			<report>
				<misses>385001</misses>
				<total>7</total>
				<timestamp>80.771558</timestamp>
			</report>
			<report>
				<misses>386001</misses>
				<total>7</total>
				<timestamp>80.981345</timestamp>
			</report>
			<report>
				<misses>387001</misses>
				<total>7</total>
				<timestamp>81.191139</timestamp>
			</report>
			<report>
				<misses>388001</misses>
				<total>7</total>
				<timestamp>81.400797</timestamp>
			</report>
			<report>
				<misses>389001</misses>
				<total>7</total>
				<timestamp>81.610630</timestamp>
			</report>
			<report>
				<misses>390001</misses>
				<total>7</total>
				<timestamp>81.820421</timestamp>
			</report>
			<report>
				<misses>391001</misses>
				<total>7</total>
				<timestamp>82.030213</timestamp>
			</report>
			<report>
				<misses>392001</misses>
				<total>7</total>
				<timestamp>82.240090</timestamp>
			</report>
			<report>
				<misses>393001</misses>
				<total>7</total>
				<timestamp>82.449791</timestamp>
			</report>
			<report>
				<misses>394001</misses>
				<total>7</total>
				<timestamp>82.659574</timestamp>
			</report>
			<report>
				<misses>395001</misses>
				<total>7</total>
				<timestamp>82.869365</timestamp>
			</report>
			<report>
				<misses>396001</misses>
				<total>7</total>
				<timestamp>83.079243</timestamp>
			</report>
			<report>
				<misses>397001</misses>
				<total>7</total>
				<timestamp>83.289033</timestamp>
			</report>
			<report>
				<misses>398001</misses>
				<total>7</total>
				<timestamp>83.498737</timestamp>
			</report>
			<report>
				<misses>399001</misses>
				<total>7</total>
				<timestamp>83.708617</timestamp>
			</report>
			<report>
				<misses>400001</misses>
				<total>7</total>
				<timestamp>83.918279</timestamp>
			</report>
			<report>
				<misses>401001</misses>
				<total>7</total>
				<timestamp>84.128110</timestamp>
			</report>
			<report>
				<misses>402001</misses>
				<total>7</total>
				<timestamp>84.337895</timestamp>
			</report>
			<report>
				<misses>403001</misses>
				<total>7</total>
				<timestamp>84.547690</timestamp>
			</report>
			<report>
				<misses>404001</misses>
				<total>7</total>
				<timestamp>84.757473</timestamp>
			</report>
			<report>
				<misses>405001</misses>
				<total>7</total>
				<timestamp>84.967356</timestamp>
			</report>
			<report>
				<misses>406001</misses>
				<total>7</total>
				<timestamp>85.177141</timestamp>
			</report>
			<report>
				<misses>407001</misses>
				<total>7</total>
				<timestamp>85.386852</timestamp>
			</report>
			<report>
				<misses>408001</misses>
				<total>7</total>
				<timestamp>85.596717</timestamp>
			</report>
			<report>
				<misses>409001</misses>
				<total>7</total>
				<timestamp>85.806399</timestamp>
			</report>
			<report>
				<misses>410001</misses>
				<total>7</total>
				<timestamp>86.016232</timestamp>
			</report>
			<report>
				<misses>411001</misses>
				<total>7</total>
				<timestamp>86.226093</timestamp>
			</report>
			<report>
				<misses>412001</misses>
				<total>7</total>
				<timestamp>86.435795</timestamp>
			</report>
			<report>
				<misses>413001</misses>
				<total>7</total>
				<timestamp>86.645584</timestamp>
			</report>
			<report>
				<misses>414001</misses>
				<total>7</total>
				<timestamp>86.855378</timestamp>
			</report>
			<report>
				<misses>415001</misses>
				<total>7</total>
				<timestamp>87.065254</timestamp>
			</report>
			<report>
				<misses>416001</misses>
				<total>6</total>
				<timestamp>87.274962</timestamp>
			</report>
			<report>
				<misses>417001</misses>
				<total>7</total>
				<timestamp>87.484706</timestamp>
			</report>
			<report>
				<misses>418001</misses>
				<total>7</total>
				<timestamp>87.694544</timestamp>
			</report>
			<report>
				<misses>419001</misses>
				<total>7</total>
				<timestamp>87.904410</timestamp>
			</report>
			<report>
				<misses>420001</misses>
				<total>7</total>
				<timestamp>88.114195</timestamp>
			</report>
			<report>
				<misses>421001</misses>
				<total>7</total>
				<timestamp>88.323994</timestamp>
			</report>
			<report>
				<misses>422001</misses>
				<total>7</total>
				<timestamp>88.533695</timestamp>
			</report>
			<report>
				<misses>423001</misses>
				<total>7</total>
				<timestamp>88.743486</timestamp>
			</report>
			<report>
				<misses>424001</misses>
				<total>7</total>
				<timestamp>88.953272</timestamp>
			</report>
			<report>
				<misses>425001</misses>
				<total>7</total>
				<timestamp>89.163155</timestamp>
			</report>
			<report>
				<misses>426001</misses>
				<total>7</total>
				<timestamp>89.372822</timestamp>
			</report>
			<report>
				<misses>427001</misses>
				<total>7</total>
				<timestamp>89.582643</timestamp>
			</report>
			<report>
				<misses>428001</misses>
				<total>7</total>
				<timestamp>89.792444</timestamp>
			</report>
			<report>
				<misses>429001</misses>
				<total>7</total>
				<timestamp>90.002222</timestamp>
			</report>
			<report>
				<misses>430001</misses>
				<total>7</total>
				<timestamp>90.212022</timestamp>
			</report>
			<report>
				<misses>431001</misses>
				<total>7</total>
				<timestamp>90.421888</timestamp>
			</report>
			<report>
				<misses>432001</misses>
				<total>7</total>
				<timestamp>90.631681</timestamp>
			</report>
			<report>
				<misses>433001</misses>
				<total>7</total>
				<timestamp>90.841382</timestamp>
			</report>
			<report>
				<misses>434001</misses>
				<total>7</total>
				<timestamp>91.051175</timestamp>
			</report>
			<report>
				<misses>435001</misses>
				<total>7</total>
				<timestamp>91.261050</timestamp>
			</report>
			<report>
				<misses>436001</misses>
				<total>7</total>
				<timestamp>91.470712</timestamp>
			</report>
			<report>
				<misses>437001</misses>
				<total>7</total>
				<timestamp>91.680547</timestamp>
			</report>
			<report>
				<misses>438001</misses>
				<total>7</total>
				<timestamp>91.890423</timestamp>
			</report>
			<report>
				<misses>439001</misses>
				<total>7</total>
				<timestamp>92.100210</timestamp>
			</report>
			<report>
				<misses>440001</misses>
				<total>7</total>
				<timestamp>92.310006</timestamp>
			</report>
			<report>
				<misses>441001</misses>
				<total>7</total>
				<timestamp>92.519786</timestamp>
			</report>
			<report>
				<misses>442001</misses>
				<total>7</total>
				<timestamp>92.729499</timestamp>
			</report>
			<report>
				<misses>443001</misses>
				<total>7</total>
				<timestamp>92.939287</timestamp>
			</report>
			<report>
				<misses>444001</misses>
				<total>6</total>
				<timestamp>93.149079</timestamp>
			</report>
			<report>
				<misses>445001</misses>
				<total>7</total>
				<timestamp>93.358874</timestamp>
			</report>
			<report>
				<misses>446001</misses>
				<total>7</total>
				<timestamp>93.568654</timestamp>
			</report>
			<report>
				<misses>447001</misses>
				<total>7</total>
				<timestamp>93.778525</timestamp>
			</report>
			<report>
				<misses>448001</misses>
				<total>7</total>
				<timestamp>93.988235</timestamp>
			</report>
			<report>
				<misses>449001</misses>
				<total>7</total>
				<timestamp>94.198029</timestamp>
			</report>
			<report>
				<misses>450001</misses>
				<total>7</total>
				<timestamp>94.407817</timestamp>
			</report>
			<report>
				<misses>451001</misses>
				<total>7</total>
				<timestamp>94.617620</timestamp>
			</report>
			<report>
				<misses>452001</misses>
				<total>7</total>
				<timestamp>94.827486</timestamp>
			</report>
			<report>
				<misses>453001</misses>
				<total>7</total>
				<timestamp>95.037190</timestamp>
			</report>
			<report>
				<misses>454001</misses>
				<total>7</total>
				<timestamp>95.246941</timestamp>
			</report>
			<report>
				<misses>455001</misses>
				<total>7</total>
				<timestamp>95.456852</timestamp>
			</report>
			<report>
				<misses>456001</misses>
				<total>7</total>
				<timestamp>95.666641</timestamp>
			</report>
			<report>
				<misses>457001</misses>
				<total>7</total>
				<timestamp>95.876311</timestamp>
			</report>
			<report>
				<misses>458001</misses>
				<total>7</total>
				<timestamp>96.086141</timestamp>
			</report>
			<report>
				<misses>459001</misses>
				<total>6</total>
				<timestamp>96.295938</timestamp>
			</report>
			<report>
				<misses>460001</misses>
				<total>7</total>
				<timestamp>96.505721</timestamp>
			</report>
			<report>
				<misses>461001</misses>
				<total>7</total>
				<timestamp>96.715511</timestamp>
			</report>
			<report>
				<misses>462001</misses>
				<total>6</total>
				<timestamp>96.925314</timestamp>
			</report>
			<report>
				<misses>463001</misses>
				<total>7</total>
				<timestamp>97.135091</timestamp>
			</report>
			<report>
				<misses>464001</misses>
				<total>7</total>
				<timestamp>97.344980</timestamp>
			</report>
			<report>
				<misses>465001</misses>
				<total>7</total>
				<timestamp>97.554636</timestamp>
			</report>
			<report>
				<misses>466001</misses>
				<total>7</total>
				<timestamp>97.764466</timestamp>
			</report>
			<report>
				<misses>467001</misses>
				<total>7</total>
				<timestamp>97.974328</timestamp>
			</report>
			<report>
				<misses>468001</misses>
				<total>7</total>
				<timestamp>98.184005</timestamp>
			</report>
			<report>
				<misses>469001</misses>
				<total>7</total>
				<timestamp>98.393825</timestamp>
			</report>
			<report>
				<misses>470001</misses>
				<total>7</total>
				<timestamp>98.603616</timestamp>
			</report>
			<report>
				<misses>471001</misses>
				<total>7</total>
				<timestamp>98.813407</timestamp>
			</report>
			<report>
				<misses>472001</misses>
				<total>7</total>
				<timestamp>99.023288</timestamp>
			</report>
			<report>
				<misses>473001</misses>
				<total>6</total>
				<timestamp>99.233045</timestamp>
			</report>
			<report>
				<misses>474001</misses>
				<total>7</total>
				<timestamp>99.442733</timestamp>
			</report>
			<report>
				<misses>475001</misses>
				<total>7</total>
				<timestamp>99.652555</timestamp>
			</report>
			<report>
				<misses>476001</misses>
				<total>7</total>
				<timestamp>99.862344</timestamp>
			</report>
			<report>
				<misses>477001</misses>
				<total>7</total>
				<timestamp>100.072107</timestamp>
			</report>
			<report>
				<misses>478001</misses>
				<total>7</total>
				<timestamp>100.281921</timestamp>
			</report>
			<report>
				<misses>479001</misses>
				<total>7</total>
				<timestamp>100.491687</timestamp>
			</report>
			<report>
				<misses>480001</misses>
				<total>7</total>
				<timestamp>100.701500</timestamp>
			</report>
			<report>
				<misses>481001</misses>
				<total>7</total>
				<timestamp>100.911287</timestamp>
			</report>
			<report>
				<misses>482001</misses>
				<total>7</total>
				<timestamp>101.121052</timestamp>
			</report>
			<report>
				<misses>483001</misses>
				<total>7</total>
				<timestamp>101.330877</timestamp>
			</report>
			<report>
				<misses>484001</misses>
				<total>7</total>
				<timestamp>101.540627</timestamp>
			</report>
			<report>
				<misses>485001</misses>
				<total>7</total>
				<timestamp>101.750454</timestamp>
			</report>
			<report>
				<misses>486001</misses>
				<total>7</total>
				<timestamp>101.960274</timestamp>
			</report>
			<report>
				<misses>487001</misses>
				<total>7</total>
				<timestamp>102.170004</timestamp>
			</report>
			<report>
				<misses>488001</misses>
				<total>7</total>
				<timestamp>102.379813</timestamp>
			</report>
			<report>
				<misses>489001</misses>
				<total>7</total>
				<timestamp>102.589596</timestamp>
			</report>
			<report>
				<misses>490001</misses>
				<total>7</total>
				<timestamp>102.799364</timestamp>
			</report>
			<report>
				<misses>491001</misses>
				<total>7</total>
				<timestamp>103.009157</timestamp>
			</report>
			<report>
				<misses>492001</misses>
				<total>7</total>
				<timestamp>103.219053</timestamp>
			</report>
			<report>
				<misses>493001</misses>
				<total>7</total>
				<timestamp>103.428750</timestamp>
			</report>
			<report>
				<misses>494001</misses>
				<total>7</total>
				<timestamp>103.638580</timestamp>
			</report>
			<report>
				<misses>495001</misses>
				<total>7</total>
				<timestamp>103.848327</timestamp>
			</report>
			<report>
				<misses>496001</misses>
				<total>7</total>
				<timestamp>104.058107</timestamp>
			</report>
			<report>
				<misses>497001</misses>
				<total>7</total>
				<timestamp>104.267923</timestamp>
			</report>
			<report>
				<misses>498001</misses>
				<total>7</total>
				<timestamp>104.477704</timestamp>
			</report>
			<report>
				<misses>499001</misses>
				<total>7</total>
				<timestamp>104.687492</timestamp>
			</report>
			<report>
				<misses>500001</misses>
				<total>7</total>
				<timestamp>104.897316</timestamp>
			</report>
			<report>
				<misses>501001</misses>
				<total>7</total>
				<timestamp>105.107074</timestamp>
			</report>
			<report>
				<misses>502001</misses>
				<total>7</total>
				<timestamp>105.316904</timestamp>
			</report>
			<report>
				<misses>503001</misses>
				<total>7</total>
				<timestamp>105.526628</timestamp>
			</report>
			<report>
				<misses>504001</misses>
				<total>7</total>
				<timestamp>105.736465</timestamp>
			</report>
			<report>
				<misses>505001</misses>
				<total>7</total>
				<timestamp>105.946235</timestamp>
			</report>
			<report>
				<misses>506001</misses>
				<total>7</total>
				<timestamp>106.156018</timestamp>
			</report>
			<report>
				<misses>507001</misses>
				<total>7</total>
				<timestamp>106.365889</timestamp>
			</report>
			<report>
				<misses>508001</misses>
				<total>7</total>
				<timestamp>106.575608</timestamp>
			</report>
			<report>
				<misses>509001</misses>
				<total>7</total>
				<timestamp>106.785402</timestamp>
			</report>
			<report>
				<misses>510001</misses>
				<total>7</total>
				<timestamp>106.995182</timestamp>
			</report>
			<report>
				<misses>511001</misses>
				<total>7</total>
				<timestamp>107.204982</timestamp>
			</report>
			<report>
				<misses>512001</misses>
				<total>7</total>
				<timestamp>107.414827</timestamp>
			</report>
			<report>
				<misses>513001</misses>
				<total>7</total>
				<timestamp>107.624543</timestamp>
			</report>
			<report>
				<misses>514001</misses>
				<total>7</total>
				<timestamp>107.834341</timestamp>
			</report>
			<report>
				<misses>515001</misses>
				<total>7</total>
				<timestamp>108.044136</timestamp>
			</report>
			<report>
				<misses>516001</misses>
				<total>7</total>
				<timestamp>108.253934</timestamp>
			</report>
			<report>
				<misses>517001</misses>
				<total>7</total>
				<timestamp>108.463752</timestamp>
			</report>
			<report>
				<misses>518001</misses>
				<total>6</total>
				<timestamp>108.673521</timestamp>
			</report>
			<report>
				<misses>519001</misses>
				<total>7</total>
				<timestamp>108.883329</timestamp>
			</report>
			<report>
				<misses>520001</misses>
				<total>7</total>
				<timestamp>109.093090</timestamp>
			</report>
			<report>
				<misses>521001</misses>
				<total>7</total>
				<timestamp>109.302908</timestamp>
			</report>
			<report>
				<misses>522001</misses>
				<total>8</total>
				<timestamp>109.512659</timestamp>
			</report>
			<report>
				<misses>523001</misses>
				<total>8</total>
				<timestamp>109.722454</timestamp>
			</report>
			<report>
				<misses>524001</misses>
				<total>8</total>
				<timestamp>109.932275</timestamp>
			</report>
			<report>
				<misses>525001</misses>
				<total>8</total>
				<timestamp>110.142031</timestamp>
			</report>
			<report>
				<misses>526001</misses>
				<total>8</total>
				<timestamp>110.351877</timestamp>
			</report>
			<report>
				<misses>527001</misses>
				<total>8</total>
				<timestamp>110.561618</timestamp>
			</report>
			<report>
				<misses>528001</misses>
				<total>7</total>
				<timestamp>110.771415</timestamp>
			</report>
			<report>
				<misses>529001</misses>
				<total>8</total>
				<timestamp>110.981221</timestamp>
			</report>
			<report>
				<misses>530001</misses>
				<total>9</total>
				<timestamp>111.190985</timestamp>
			</report>
			<report>
				<misses>531001</misses>
				<total>9</total>
				<timestamp>111.400854</timestamp>
			</report>
			<report>
				<misses>532001</misses>
				<total>9</total>
				<timestamp>111.610570</timestamp>
			</report>
			<report>
				<misses>533001</misses>
				<total>9</total>
				<timestamp>111.820347</timestamp>
			</report>
			<report>
				<misses>534001</misses>
				<total>9</total>
				<timestamp>112.030140</timestamp>
			</report>
			<report>
				<misses>535001</misses>
				<total>9</total>
				<timestamp>112.239977</timestamp>
			</report>
			<report>
				<misses>536001</misses>
				<total>9</total>
				<timestamp>112.449752</timestamp>
			</report>
			<report>
				<misses>537001</misses>
				<total>9</total>
				<timestamp>112.659505</timestamp>
			</report>
			<report>
				<misses>538001</misses>
				<total>9</total>
				<timestamp>112.869314</timestamp>
			</report>
			<report>
				<misses>539001</misses>
				<total>8</total>
				<timestamp>113.079137</timestamp>
			</report>
			<report>
				<misses>540001</misses>
				<total>9</total>
				<timestamp>113.288903</timestamp>
			</report>
			<report>
				<misses>541001</misses>
				<total>9</total>
				<timestamp>113.498671</timestamp>
			</report>
			<report>
				<misses>542001</misses>
				<total>9</total>
				<timestamp>113.708480</timestamp>
			</report>
			<report>
				<misses>543001</misses>
				<total>9</total>
				<timestamp>113.918253</timestamp>
			</report>
			<report>
				<misses>544001</misses>
				<total>9</total>
				<timestamp>114.128046</timestamp>
			</report>
			<report>
				<misses>545001</misses>
				<total>9</total>
				<timestamp>114.337876</timestamp>
			</report>
			<report>
				<misses>546001</misses>
				<total>8</total>
				<timestamp>114.547631</timestamp>
			</report>
			<report>
				<misses>547001</misses>
				<total>9</total>
				<timestamp>114.757416</timestamp>
			</report>
			<report>
				<misses>548001</misses>
				<total>9</total>
				<timestamp>114.967223</timestamp>
			</report>
			<report>
				<misses>549001</misses>
				<total>9</total>
				<timestamp>115.176993</timestamp>
			</report>
			<report>
				<misses>550001</misses>
				<total>9</total>
				<timestamp>115.386848</timestamp>
			</report>
			<report>
				<misses>551001</misses>
				<total>9</total>
				<timestamp>115.596555</timestamp>
			</report>
			<report>
				<misses>552001</misses>
				<total>9</total>
				<timestamp>115.806342</timestamp>
			</report>
			<report>
				<misses>553001</misses>
				<total>8</total>
				<timestamp>116.016185</timestamp>
			</report>
			<report>
				<misses>554001</misses>
				<total>9</total>
				<timestamp>116.225956</timestamp>
			</report>
			<report>
				<misses>555001</misses>
				<total>9</total>
				<timestamp>116.435810</timestamp>
			</report>
			<report>
				<misses>556001</misses>
				<total>8</total>
				<timestamp>116.645517</timestamp>
			</report>
			<report>
				<misses>557001</misses>
				<total>9</total>
				<timestamp>116.855307</timestamp>
			</report>
			<report>
				<misses>558001</misses>
				<total>9</total>
				<timestamp>117.065093</timestamp>
			</report>
			<report>
				<misses>559001</misses>
				<total>9</total>
				<timestamp>117.274909</timestamp>
			</report>
			<report>
				<misses>560001</misses>
				<total>9</total>
				<timestamp>117.484786</timestamp>
			</report>
			<report>
				<misses>561001</misses>
				<total>9</total>
				<timestamp>117.694458</timestamp>
			</report>
			<report>
				<misses>562001</misses>
				<total>9</total>
				<timestamp>117.904273</timestamp>
			</report>
			<report>
				<misses>563001</misses>
				<total>9</total>
				<timestamp>118.114049</timestamp>
			</report>
			<report>
				<misses>564001</misses>
				<total>9</total>
				<timestamp>118.323862</timestamp>
			</report>
			<report>
				<misses>565001</misses>
				<total>9</total>
				<timestamp>118.533627</timestamp>
			</report>
			<report>
				<misses>566001</misses>
				<total>8</total>
				<timestamp>118.743443</timestamp>
			</report>
			<report>
				<misses>567001</misses>
				<total>9</total>
				<timestamp>118.953237</timestamp>
			</report>
			<report>
				<misses>568001</misses>
				<total>9</total>
				<timestamp>119.163072</timestamp>
			</report>
			<report>
				<misses>569001</misses>
				<total>9</total>
				<timestamp>119.372823</timestamp>
			</report>
			<report>
				<misses>570001</misses>
				<total>9</total>
				<timestamp>119.582561</timestamp>
			</report>
			<report>
				<misses>571001</misses>
				<total>9</total>
				<timestamp>119.792372</timestamp>
			</report>
			<report>
				<misses>572001</misses>
				<total>9</total>
				<timestamp>120.002161</timestamp>
			</report>
			<report>
				<misses>573001</misses>
				<total>9</total>
				<timestamp>120.211954</timestamp>
			</report>
			<report>
				<misses>574001</misses>
				<total>9</total>
				<timestamp>120.421809</timestamp>
			</report>
			<report>
				<misses>575001</misses>
				<total>9</total>
				<timestamp>120.631527</timestamp>
			</report>
			<report>
				<misses>576001</misses>
				<total>9</total>
				<timestamp>120.841321</timestamp>
			</report>
			<report>
				<misses>577001</misses>
				<total>9</total>
				<timestamp>121.051106</timestamp>
			</report>
			<report>
				<misses>578001</misses>
				<total>9</total>
				<timestamp>121.260916</timestamp>
			</report>
			<report>
				<misses>579001</misses>
				<total>9</total>
				<timestamp>121.470733</timestamp>
			</report>
			<report>
				<misses>580001</misses>
				<total>9</total>
				<timestamp>121.680487</timestamp>
			</report>
			<report>
				<misses>581001</misses>
				<total>9</total>
				<timestamp>121.890278</timestamp>
			</report>
			<report>
				<misses>582001</misses>
				<total>9</total>
				<timestamp>122.100052</timestamp>
			</report>
			<report>
				<misses>583001</misses>
				<total>9</total>
				<timestamp>122.309859</timestamp>
			</report>
			<report>
				<misses>584001</misses>
				<total>9</total>
				<timestamp>122.519626</timestamp>
			</report>
			<report>
				<misses>585001</misses>
				<total>9</total>
				<timestamp>122.729436</timestamp>
			</report>
			<report>
				<misses>586001</misses>
				<total>9</total>
				<timestamp>122.939257</timestamp>
			</report>
			<report>
				<misses>587001</misses>
				<total>8</total>
				<timestamp>123.149031</timestamp>
			</report>
			<report>
				<misses>588001</misses>
				<total>9</total>
				<timestamp>123.358798</timestamp>
			</report>
			<report>
				<misses>589001</misses>
				<total>9</total>
				<timestamp>123.568581</timestamp>
			</report>
			<report>
				<misses>590001</misses>
				<total>9</total>
				<timestamp>123.778390</timestamp>
			</report>
			<report>
				<misses>591001</misses>
				<total>9</total>
				<timestamp>123.988174</timestamp>
			</report>
			<report>
				<misses>592001</misses>
				<total>9</total>
				<timestamp>124.197961</timestamp>
			</report>
			<report>
				<misses>593001</misses>
				<total>9</total>
				<timestamp>124.407815</timestamp>
			</report>
			<report>
				<misses>594001</misses>
				<total>9</total>
				<timestamp>124.617541</timestamp>
			</report>
			<report>
				<misses>595001</misses>
				<total>9</total>
				<timestamp>124.827331</timestamp>
			</report>
			<report>
				<misses>596001</misses>
				<total>9</total>
				<timestamp>125.037106</timestamp>
			</report>
			<report>
				<misses>597001</misses>
				<total>9</total>
				<timestamp>125.246933</timestamp>
			</report>
			<report>
				<misses>598001</misses>
				<total>9</total>
				<timestamp>125.456722</timestamp>
			</report>
			<report>
				<misses>599001</misses>
				<total>9</total>
				<timestamp>125.666477</timestamp>
			</report>
			<report>
				<misses>600001</misses>
				<total>9</total>
				<timestamp>125.876279</timestamp>
			</report>
			<report>
				<misses>601001</misses>
				<total>9</total>
				<timestamp>126.086067</timestamp>
			</report>
			<report>
				<misses>602001</misses>
				<total>9</total>
				<timestamp>126.295868</timestamp>
			</report>
			<report>
				<misses>603001</misses>
				<total>9</total>
				<timestamp>126.505667</timestamp>
			</report>
			<report>
				<misses>604001</misses>
				<total>9</total>
				<timestamp>126.715441</timestamp>
			</report>
			<report>
				<misses>605001</misses>
				<total>9</total>
				<timestamp>126.925253</timestamp>
			</report>
			<report>
				<misses>606001</misses>
				<total>9</total>
				<timestamp>127.135045</timestamp>
			</report>
			<report>
				<misses>607001</misses>
				<total>9</total>
				<timestamp>127.344894</timestamp>
			</report>
			<report>
				<misses>608001</misses>
				<total>9</total>
				<timestamp>127.554605</timestamp>
			</report>
			<report>
				<misses>609001</misses>
				<total>9</total>
				<timestamp>127.764435</timestamp>
			</report>
			<report>
				<misses>610001</misses>
				<total>9</total>
				<timestamp>127.974181</timestamp>
			</report>
			<report>
				<misses>611001</misses>
				<total>9</total>
				<timestamp>128.183998</timestamp>
			</report>
			<report>
				<misses>612001</misses>
				<total>9</total>
				<timestamp>128.393793</timestamp>
			</report>
			<report>
				<misses>613001</misses>
				<total>9</total>
				<timestamp>128.603538</timestamp>
			</report>
			<report>
				<misses>614001</misses>
				<total>9</total>
				<timestamp>128.813338</timestamp>
			</report>
			<report>
				<misses>615001</misses>
				<total>9</total>
				<timestamp>129.023128</timestamp>
			</report>
			<report>
				<misses>616001</misses>
				<total>9</total>
				<timestamp>129.232929</timestamp>
			</report>
			<report>
				<misses>617001</misses>
				<total>9</total>
				<timestamp>129.442758</timestamp>
			</report>
			<report>
				<misses>618001</misses>
				<total>9</total>
				<timestamp>129.652510</timestamp>
			</report>
			<report>
				<misses>619001</misses>
				<total>8</total>
				<timestamp>129.862292</timestamp>
			</report>
			<report>
				<misses>620001</misses>
				<total>9</total>
				<timestamp>130.072077</timestamp>
			</report>
			<report>
				<misses>621001</misses>
				<total>9</total>
				<timestamp>130.281894</timestamp>
			</report>
			<report>
				<misses>622001</misses>
				<total>9</total>
				<timestamp>130.491686</timestamp>
			</report>
			<report>
				<misses>623001</misses>
				<total>9</total>
				<timestamp>130.701444</timestamp>
			</report>
			<report>
				<misses>624001</misses>
				<total>8</total>
				<timestamp>130.911271</timestamp>
			</report>
			<report>
				<misses>625001</misses>
				<total>8</total>
				<timestamp>131.121049</timestamp>
			</report>
			<report>
				<misses>626001</misses>
				<total>9</total>
				<timestamp>131.330845</timestamp>
			</report>
			<report>
				<misses>627001</misses>
				<total>9</total>
				<timestamp>131.540683</timestamp>
			</report>
			<report>
				<misses>628001</misses>
				<total>9</total>
				<timestamp>131.750417</timestamp>
			</report>
			<report>
				<misses>629001</misses>
				<total>9</total>
				<timestamp>131.960189</timestamp>
			</report>
			<report>
				<misses>630001</misses>
				<total>9</total>
				<timestamp>132.170096</timestamp>
			</report>
			<report>
				<misses>631001</misses>
				<total>9</total>
				<timestamp>132.379892</timestamp>
			</report>
			<report>
				<misses>632001</misses>
				<total>9</total>
				<timestamp>132.589681</timestamp>
			</report>
			<report>
				<misses>633001</misses>
				<total>8</total>
				<timestamp>132.799470</timestamp>
			</report>
			<report>
				<misses>634001</misses>
				<total>9</total>
				<timestamp>133.009178</timestamp>
			</report>
			<report>
				<misses>635001</misses>
				<total>9</total>
				<timestamp>133.218967</timestamp>
			</report>
			<report>
				<misses>636001</misses>
				<total>9</total>
				<timestamp>133.428765</timestamp>
			</report>
			<report>
				<misses>637001</misses>
				<total>9</total>
				<timestamp>133.638551</timestamp>
			</report>
			<report>
				<misses>638001</misses>
				<total>9</total>
				<timestamp>133.848334</timestamp>
			</report>
			<report>
				<misses>639001</misses>
				<total>9</total>
				<timestamp>134.058123</timestamp>
			</report>
			<report>
				<misses>640001</misses>
				<total>9</total>
				<timestamp>134.267913</timestamp>
			</report>
			<report>
				<misses>641001</misses>
				<total>9</total>
				<timestamp>134.477705</timestamp>
			</report>
			<report>
				<misses>642001</misses>
				<total>9</total>
				<timestamp>134.687498</timestamp>
			</report>
			<report>
				<misses>643001</misses>
				<total>9</total>
				<timestamp>134.897289</timestamp>
			</report>
			<report>
				<misses>644001</misses>
				<total>9</total>
				<timestamp>135.107081</timestamp>
			</report>
			<report>
				<misses>645001</misses>
				<total>9</total>
				<timestamp>135.316863</timestamp>
			</report>
			<report>
				<misses>646001</misses>
				<total>9</total>
				<timestamp>135.526739</timestamp>
			</report>
			<report>
				<misses>647001</misses>
				<total>9</total>
				<timestamp>135.736407</timestamp>
			</report>
			<report>
				<misses>648001</misses>
				<total>8</total>
				<timestamp>135.946319</timestamp>
			</report>
			<report>
				<misses>649001</misses>
				<total>9</total>
				<timestamp>136.155994</timestamp>
			</report>
			<report>
				<misses>650001</misses>
				<total>9</total>
				<timestamp>136.365814</timestamp>
			</report>
			<report>
				<misses>651001</misses>
				<total>9</total>
				<timestamp>136.575617</timestamp>
			</report>
			<report>
				<misses>652001</misses>
				<total>9</total>
				<timestamp>136.785395</timestamp>
			</report>
			<report>
				<misses>653001</misses>
				<total>9</total>
				<timestamp>136.995188</timestamp>
			</report>
			<report>
				<misses>654001</misses>
				<total>9</total>
				<timestamp>137.204940</timestamp>
			</report>
			<report>
				<misses>655001</misses>
				<total>9</total>
				<timestamp>137.414767</timestamp>
			</report>
			<report>
				<misses>656001</misses>
				<total>9</total>
				<timestamp>137.624642</timestamp>
			</report>
			<report>
				<misses>657001</misses>
				<total>9</total>
				<timestamp>137.834311</timestamp>
			</report>
			<report>
				<misses>658001</misses>
				<total>9</total>
				<timestamp>138.044103</timestamp>
			</report>
			<report>
				<misses>659001</misses>
				<total>9</total>
				<timestamp>138.254015</timestamp>
			</report>
			<report>
				<misses>660001</misses>
				<total>9</total>
				<timestamp>138.463816</timestamp>
			</report>
			<report>
				<misses>661001</misses>
				<total>9</total>
				<timestamp>138.673595</timestamp>
			</report>
			<report>
				<misses>662001</misses>
				<total>9</total>
				<timestamp>138.883299</timestamp>
			</report>
			<report>
				<misses>663001</misses>
				<total>9</total>
				<timestamp>139.093172</timestamp>
			</report>
			<report>
				<misses>664001</misses>
				<total>9</total>
				<timestamp>139.302881</timestamp>
			</report>
			<report>
				<misses>665001</misses>
				<total>9</total>
				<timestamp>139.512645</timestamp>
			</report>
			<report>
				<misses>666001</misses>
				<total>9</total>
				<timestamp>139.722466</timestamp>
			</report>
			<report>
				<misses>667001</misses>
				<total>9</total>
				<timestamp>139.932254</timestamp>
			</report>
			<report>
				<misses>668001</misses>
				<total>9</total>
				<timestamp>140.142049</timestamp>
			</report>
			<report>
				<misses>669001</misses>
				<total>9</total>
				<timestamp>140.351796</timestamp>
			</report>
			<report>
				<misses>670001</misses>
				<total>9</total>
				<timestamp>140.561622</timestamp>
			</report>
			<report>
				<misses>671001</misses>
				<total>9</total>
				<timestamp>140.771406</timestamp>
			</report>
			<report>
				<misses>672001</misses>
				<total>9</total>
				<timestamp>140.981162</timestamp>
			</report>
			<report>
				<misses>673001</misses>
				<total>9</total>
				<timestamp>141.190954</timestamp>
			</report>
			<report>
				<misses>674001</misses>
				<total>9</total>
				<timestamp>141.400777</timestamp>
			</report>
			<report>
				<misses>675001</misses>
				<total>9</total>
				<timestamp>141.610525</timestamp>
			</report>
			<report>
				<misses>676001</misses>
				<total>9</total>
				<timestamp>141.820309</timestamp>
			</report>
			<report>
				<misses>677001</misses>
				<total>9</total>
				<timestamp>142.030111</timestamp>
			</report>
			<report>
				<misses>678001</misses>
				<total>9</total>
				<timestamp>142.239915</timestamp>
			</report>
			<report>
				<misses>679001</misses>
				<total>9</total>
				<timestamp>142.449742</timestamp>
			</report>
			<report>
				<misses>680001</misses>
				<total>9</total>
				<timestamp>142.659554</timestamp>
			</report>
			<report>
				<misses>681001</misses>
				<total>9</total>
				<timestamp>142.869273</timestamp>
			</report>
			<report>
				<misses>682001</misses>
				<total>9</total>
				<timestamp>143.079053</timestamp>
			</report>
			<report>
				<misses>683001</misses>
				<total>8</total>
				<timestamp>143.288863</timestamp>
			</report>
			<report>
				<misses>684001</misses>
				<total>9</total>
				<timestamp>143.498649</timestamp>
			</report>
			<report>
				<misses>685001</misses>
				<total>9</total>
				<timestamp>143.708419</timestamp>
			</report>
			<report>
				<misses>686001</misses>
				<total>9</total>
				<timestamp>143.918242</timestamp>
			</report>
			<report>
				<misses>687001</misses>
				<total>9</total>
				<timestamp>144.128015</timestamp>
			</report>
			<report>
				<misses>688001</misses>
				<total>9</total>
				<timestamp>144.337803</timestamp>
			</report>
			<report>
				<misses>689001</misses>
				<total>9</total>
				<timestamp>144.547600</timestamp>
			</report>
			<report>
				<misses>690001</misses>
				<total>9</total>
				<timestamp>144.757410</timestamp>
			</report>
			<report>
				<misses>691001</misses>
				<total>9</total>
				<timestamp>144.967217</timestamp>
			</report>
			<report>
				<misses>692001</misses>
				<total>9</total>
				<timestamp>145.176961</timestamp>
			</report>
			<report>
				<misses>693001</misses>
				<total>9</total>
				<timestamp>145.386800</timestamp>
			</report>
			<report>
				<misses>694001</misses>
				<total>9</total>
				<timestamp>145.596567</timestamp>
			</report>
			<report>
				<misses>695001</misses>
				<total>9</total>
				<timestamp>145.806347</timestamp>
			</report>
			<report>
				<misses>696001</misses>
				<total>8</total>
				<timestamp>146.016137</timestamp>
			</report>
			<report>
				<misses>697001</misses>
				<total>9</total>
				<timestamp>146.225956</timestamp>
			</report>
			<report>
				<misses>698001</misses>
				<total>9</total>
				<timestamp>146.435749</timestamp>
			</report>
			<report>
				<misses>699001</misses>
				<total>9</total>
				<timestamp>146.645486</timestamp>
			</report>
			<report>
				<misses>700001</misses>
				<total>9</total>
				<timestamp>146.855331</timestamp>
			</report>
			<report>
				<misses>701001</misses>
				<total>9</total>
				<timestamp>147.065057</timestamp>
			</report>
			<report>
				<misses>702001</misses>
				<total>11</total>
				<timestamp>147.274852</timestamp>
			</report>
			<report>
				<misses>703001</misses>
				<total>11</total>
				<timestamp>147.484689</timestamp>
			</report>
			<report>
				<misses>704001</misses>
				<total>11</total>
				<timestamp>147.694476</timestamp>
			</report>
			<report>
				<misses>705001</misses>
				<total>11</total>
				<timestamp>147.904225</timestamp>
			</report>
			<report>
				<misses>706001</misses>
				<total>10</total>
				<timestamp>148.114037</timestamp>
			</report>
			<report>
				<misses>707001</misses>
				<total>11</total>
				<timestamp>148.323804</timestamp>
			</report>
			<report>
				<misses>708001</misses>
				<total>11</total>
				<timestamp>148.533635</timestamp>
			</report>
			<report>
				<misses>709001</misses>
				<total>11</total>
				<timestamp>148.743404</timestamp>
			</report>
			<report>
				<misses>710001</misses>
				<total>11</total>
				<timestamp>148.953193</timestamp>
			</report>
			<report>
				<misses>711001</misses>
				<total>11</total>
				<timestamp>149.162946</timestamp>
			</report>
			<report>
				<misses>712001</misses>
				<total>11</total>
				<timestamp>149.372784</timestamp>
			</report>
			<report>
				<misses>713001</misses>
				<total>11</total>
				<timestamp>149.582601</timestamp>
			</report>
			<report>
				<misses>714001</misses>
				<total>11</total>
				<timestamp>149.792329</timestamp>
			</report>
			<report>
				<misses>715001</misses>
				<total>11</total>
				<timestamp>150.002164</timestamp>
			</report>
			<report>
				<misses>716001</misses>
				<total>11</total>
				<timestamp>150.211915</timestamp>
			</report>
			<report>
				<misses>717001</misses>
				<total>11</total>
				<timestamp>150.421703</timestamp>
			</report>
			<report>
				<misses>718001</misses>
				<total>11</total>
				<timestamp>150.631544</timestamp>
			</report>
			<report>
				<misses>719001</misses>
				<total>11</total>
				<timestamp>150.841289</timestamp>
			</report>
			<report>
				<misses>720001</misses>
				<total>11</total>
				<timestamp>151.051074</timestamp>
			</report>
			<report>
				<misses>721001</misses>
				<total>11</total>
				<timestamp>151.260883</timestamp>
			</report>
			<report>
				<misses>722001</misses>
				<total>11</total>
				<timestamp>151.470658</timestamp>
			</report>
			<report>
				<misses>723001</misses>
				<total>11</total>
				<timestamp>151.680453</timestamp>
			</report>
			<report>
				<misses>724001</misses>
				<total>11</total>
				<timestamp>151.890248</timestamp>
			</report>
			<report>
				<misses>725001</misses>
				<total>11</total>
				<timestamp>152.100029</timestamp>
			</report>
			<report>
				<misses>726001</misses>
				<total>11</total>
				<timestamp>152.309814</timestamp>
			</report>
			<report>
				<misses>727001</misses>
				<total>11</total>
				<timestamp>152.519652</timestamp>
			</report>
			<report>
				<misses>728001</misses>
				<total>11</total>
				<timestamp>152.729396</timestamp>
			</report>
			<report>
				<misses>729001</misses>
				<total>11</total>
				<timestamp>152.939218</timestamp>
			</report>
			<report>
				<misses>730001</misses>
				<total>11</total>
				<timestamp>153.148964</timestamp>
			</report>
			<report>
				<misses>731001</misses>
				<total>11</total>
				<timestamp>153.358784</timestamp>
			</report>
			<report>
				<misses>732001</misses>
				<total>11</total>
				<timestamp>153.568581</timestamp>
			</report>
			<report>
				<misses>733001</misses>
				<total>11</total>
				<timestamp>153.778367</timestamp>
			</report>
			<report>
				<misses>734001</misses>
				<total>11</total>
				<timestamp>153.988163</timestamp>
			</report>
			<report>
				<misses>735001</misses>
				<total>11</total>
				<timestamp>154.197935</timestamp>
			</report>
			<report>
				<misses>736001</misses>
				<total>11</total>
				<timestamp>154.407773</timestamp>
			</report>
			<report>
				<misses>737001</misses>
				<total>11</total>
				<timestamp>154.617609</timestamp>
			</report>
			<report>
				<misses>738001</misses>
				<total>11</total>
				<timestamp>154.827294</timestamp>
			</report>
			<report>
				<misses>739001</misses>
				<total>11</total>
				<timestamp>155.037086</timestamp>
			</report>
			<report>
				<misses>740001</misses>
				<total>11</total>
				<timestamp>155.246886</timestamp>
			</report>
			<report>
				<misses>741001</misses>
				<total>11</total>
				<timestamp>155.456718</timestamp>
			</report>
			<report>
				<misses>742001</misses>
				<total>11</total>
				<timestamp>155.666464</timestamp>
			</report>
			<report>
				<misses>743001</misses>
				<total>11</total>
				<timestamp>155.876263</timestamp>
			</report>
			<report>
				<misses>744001</misses>
				<total>11</total>
				<timestamp>156.086046</timestamp>
			</report>
			<report>
				<misses>745001</misses>
				<total>11</total>
				<timestamp>156.295831</timestamp>
			</report>
			<report>
				<misses>746001</misses>
				<total>11</total>
				<timestamp>156.505613</timestamp>
			</report>
			<report>
				<misses>747001</misses>
				<total>11</total>
				<timestamp>156.715401</timestamp>
			</report>
			<report>
				<misses>748001</misses>
				<total>11</total>
				<timestamp>156.925220</timestamp>
			</report>
			<report>
				<misses>749001</misses>
				<total>11</total>
				<timestamp>157.134990</timestamp>
			</report>
			<report>
				<misses>750001</misses>
				<total>11</total>
				<timestamp>157.344797</timestamp>
			</report>
			<report>
				<misses>751001</misses>
				<total>11</total>
				<timestamp>157.554583</timestamp>
			</report>
			<report>
				<misses>752001</misses>
				<total>11</total>
				<timestamp>157.764370</timestamp>
			</report>
			<report>
				<misses>753001</misses>
				<total>11</total>
				<timestamp>157.974161</timestamp>
			</report>
			<report>
				<misses>754001</misses>
				<total>11</total>
				<timestamp>158.183928</timestamp>
			</report>
			<report>
				<misses>755001</misses>
				<total>11</total>
				<timestamp>158.393751</timestamp>
			</report>
			<report>
				<misses>756001</misses>
				<total>11</total>
				<timestamp>158.603591</timestamp>
			</report>
			<report>
				<misses>757001</misses>
				<total>11</total>
				<timestamp>158.813305</timestamp>
			</report>
			<report>
				<misses>758001</misses>
				<total>11</total>
				<timestamp>159.023131</timestamp>
			</report>
			<report>
				<misses>759001</misses>
				<total>11</total>
				<timestamp>159.232886</timestamp>
			</report>
			<report>
				<misses>760001</misses>
				<total>11</total>
				<timestamp>159.442702</timestamp>
			</report>
			<report>
				<misses>761001</misses>
				<total>11</total>
				<timestamp>159.652516</timestamp>
			</report>
			<report>
				<misses>762001</misses>
				<total>11</total>
				<timestamp>159.862263</timestamp>
			</report>
			<report>
				<misses>763001</misses>
				<total>11</total>
				<timestamp>160.072051</timestamp>
			</report>
			<report>
				<misses>764001</misses>
				<total>11</total>
				<timestamp>160.281861</timestamp>
			</report>
			<report>
				<misses>765001</misses>
				<total>11</total>
				<timestamp>160.491666</timestamp>
			</report>
			<report>
				<misses>766001</misses>
				<total>11</total>
				<timestamp>160.701429</timestamp>
			</report>
			<report>
				<misses>767001</misses>
				<total>11</total>
				<timestamp>160.911258</timestamp>
			</report>
			<report>
				<misses>768001</misses>
				<total>11</total>
				<timestamp>161.120991</timestamp>
			</report>
			<report>
				<misses>769001</misses>
				<total>11</total>
				<timestamp>161.330791</timestamp>
			</report>
			<report>
				<misses>770001</misses>
				<total>11</total>
				<timestamp>161.540628</timestamp>
			</report>
			<report>
				<misses>771001</misses>
				<total>11</total>
				<timestamp>161.750403</timestamp>
			</report>
			<report>
				<misses>772001</misses>
				<total>11</total>
				<timestamp>161.960165</timestamp>
			</report>
			<report>
				<misses>773001</misses>
				<total>11</total>
				<timestamp>162.169962</timestamp>
			</report>
			<report>
				<misses>774001</misses>
				<total>11</total>
				<timestamp>162.379753</timestamp>
			</report>
			<report>
				<misses>775001</misses>
				<total>11</total>
				<timestamp>162.589546</timestamp>
			</report>
			<report>
				<misses>776001</misses>
				<total>11</total>
				<timestamp>162.799312</timestamp>
			</report>
			<report>
				<misses>777001</misses>
				<total>11</total>
				<timestamp>163.009113</timestamp>
			</report>
			<report>
				<misses>778001</misses>
				<total>11</total>
				<timestamp>163.218902</timestamp>
			</report>
			<report>
				<misses>779001</misses>
				<total>11</total>
				<timestamp>163.428693</timestamp>
			</report>
			<report>
				<misses>780001</misses>
				<total>11</total>
				<timestamp>163.638509</timestamp>
			</report>
			<report>
				<misses>781001</misses>
				<total>11</total>
				<timestamp>163.848268</timestamp>
			</report>
			<report>
				<misses>782001</misses>
				<total>11</total>
				<timestamp>164.058050</timestamp>
			</report>
			<report>
				<misses>783001</misses>
				<total>11</total>
				<timestamp>164.267848</timestamp>
			</report>
			<report>
				<misses>784001</misses>
				<total>11</total>
				<timestamp>164.477652</timestamp>
			</report>
			<report>
				<misses>785001</misses>
				<total>11</total>
				<timestamp>164.687455</timestamp>
			</report>
			<report>
				<misses>786001</misses>
				<total>11</total>
				<timestamp>164.897233</timestamp>
			</report>
			<report>
				<misses>787001</misses>
				<total>11</total>
				<timestamp>165.107016</timestamp>
			</report>
			<report>
				<misses>788001</misses>
				<total>11</total>
				<timestamp>165.316796</timestamp>
			</report>
			<report>
				<misses>789001</misses>
				<total>11</total>
				<timestamp>165.526615</timestamp>
			</report>
			<report>
				<misses>790001</misses>
				<total>11</total>
				<timestamp>165.736413</timestamp>
			</report>
			<report>
				<misses>791001</misses>
				<total>11</total>
				<timestamp>165.946196</timestamp>
			</report>
			<report>
				<misses>792001</misses>
				<total>11</total>
				<timestamp>166.155999</timestamp>
			</report>
			<report>
				<misses>793001</misses>
				<total>11</total>
				<timestamp>166.365747</timestamp>
			</report>
			<report>
				<misses>794001</misses>
				<total>11</total>
				<timestamp>166.575579</timestamp>
			</report>
			<report>
				<misses>795001</misses>
				<total>11</total>
				<timestamp>166.785377</timestamp>
			</report>
			<report>
				<misses>796001</misses>
				<total>11</total>
				<timestamp>166.995127</timestamp>
			</report>
			<report>
				<misses>797001</misses>
				<total>11</total>
				<timestamp>167.204915</timestamp>
			</report>
			<report>
				<misses>798001</misses>
				<total>11</total>
				<timestamp>167.414695</timestamp>
			</report>
			<report>
				<misses>799001</misses>
				<total>11</total>
				<timestamp>167.624514</timestamp>
			</report>
			<report>
				<misses>800001</misses>
				<total>11</total>
				<timestamp>167.834287</timestamp>
			</report>
			<report>
				<misses>801001</misses>
				<total>11</total>
				<timestamp>168.044073</timestamp>
			</report>
			<report>
				<misses>802001</misses>
				<total>11</total>
				<timestamp>168.253861</timestamp>
			</report>
			<report>
				<misses>803001</misses>
				<total>11</total>
				<timestamp>168.463668</timestamp>
			</report>
			<report>
				<misses>804001</misses>
				<total>11</total>
				<timestamp>168.673441</timestamp>
			</report>
			<report>
				<misses>805001</misses>
				<total>11</total>
				<timestamp>168.883226</timestamp>
			</report>
			<report>
				<misses>806001</misses>
				<total>11</total>
				<timestamp>169.093060</timestamp>
			</report>
			<report>
				<misses>807001</misses>
				<total>11</total>
				<timestamp>169.302848</timestamp>
			</report>
			<report>
				<misses>808001</misses>
				<total>11</total>
				<timestamp>169.512648</timestamp>
			</report>
			<report>
				<misses>809001</misses>
				<total>11</total>
				<timestamp>169.722433</timestamp>
			</report>
			<report>
				<misses>810001</misses>
				<total>11</total>
				<timestamp>169.932305</timestamp>
			</report>
			<report>
				<misses>811001</misses>
				<total>10</total>
				<timestamp>170.142012</timestamp>
			</report>
			<report>
				<misses>812001</misses>
				<total>11</total>
				<timestamp>170.351802</timestamp>
			</report>
			<report>
				<misses>813001</misses>
				<total>11</total>
				<timestamp>170.561618</timestamp>
			</report>
			<report>
				<misses>814001</misses>
				<total>11</total>
				<timestamp>170.771465</timestamp>
			</report>
			<report>
				<misses>815001</misses>
				<total>11</total>
				<timestamp>170.981164</timestamp>
			</report>
			<report>
				<misses>816001</misses>
				<total>11</total>
				<timestamp>171.190959</timestamp>
			</report>
			<report>
				<misses>817001</misses>
				<total>11</total>
				<timestamp>171.400744</timestamp>
			</report>
			<report>
				<misses>818001</misses>
				<total>11</total>
				<timestamp>171.610536</timestamp>
			</report>
			<report>
				<misses>819001</misses>
				<total>11</total>
				<timestamp>171.820324</timestamp>
			</report>
			<report>
				<misses>820001</misses>
				<total>11</total>
				<timestamp>172.030125</timestamp>
			</report>
			<report>
				<misses>821001</misses>
				<total>11</total>
				<timestamp>172.239864</timestamp>
			</report>
			<report>
				<misses>822001</misses>
				<total>11</total>
				<timestamp>172.449701</timestamp>
			</report>
			<report>
				<misses>823001</misses>
				<total>11</total>
				<timestamp>172.659488</timestamp>
			</report>
			<report>
				<misses>824001</misses>
				<total>11</total>
				<timestamp>172.869359</timestamp>
			</report>
			<report>
				<misses>825001</misses>
				<total>11</total>
				<timestamp>173.079026</timestamp>
			</report>
			<report>
				<misses>826001</misses>
				<total>11</total>
				<timestamp>173.288853</timestamp>
			</report>
			<report>
				<misses>827001</misses>
				<total>11</total>
				<timestamp>173.498650</timestamp>
			</report>
			<report>
				<misses>828001</misses>
				<total>11</total>
				<timestamp>173.708456</timestamp>
			</report>
			<report>
				<misses>829001</misses>
				<total>11</total>
				<timestamp>173.918316</timestamp>
			</report>
			<report>
				<misses>830001</misses>
				<total>11</total>
				<timestamp>174.127977</timestamp>
			</report>
			<report>
				<misses>831001</misses>
				<total>11</total>
				<timestamp>174.337812</timestamp>
			</report>
			<report>
				<misses>832001</misses>
				<total>11</total>
				<timestamp>174.547599</timestamp>
			</report>
			<report>
				<misses>833001</misses>
				<total>11</total>
				<timestamp>174.757470</timestamp>
			</report>
			<report>
				<misses>834001</misses>
				<total>11</total>
				<timestamp>174.967257</timestamp>
			</report>
			<report>
				<misses>835001</misses>
				<total>11</total>
				<timestamp>175.176928</timestamp>
			</report>
			<report>
				<misses>836001</misses>
				<total>11</total>
				<timestamp>175.386713</timestamp>
			</report>
			<report>
				<misses>837001</misses>
				<total>11</total>
				<timestamp>175.596569</timestamp>
			</report>
			<report>
				<misses>838001</misses>
				<total>10</total>
				<timestamp>175.806311</timestamp>
			</report>
			<report>
				<misses>839001</misses>
				<total>11</total>
				<timestamp>176.016103</timestamp>
			</report>
			<report>
				<misses>840001</misses>
				<total>11</total>
				<timestamp>176.225874</timestamp>
			</report>
			<report>
				<misses>841001</misses>
				<total>11</total>
				<timestamp>176.435664</timestamp>
			</report>
			<report>
				<misses>842001</misses>
				<total>11</total>
				<timestamp>176.645450</timestamp>
			</report>
			<report>
				<misses>843001</misses>
				<total>11</total>
				<timestamp>176.855367</timestamp>
			</report>
			<report>
				<misses>844001</misses>
				<total>11</total>
				<timestamp>177.065075</timestamp>
			</report>
			<report>
				<misses>845001</misses>
				<total>11</total>
				<timestamp>177.274865</timestamp>
			</report>
			<report>
				<misses>846001</misses>
				<total>11</total>
				<timestamp>177.484654</timestamp>
			</report>
			<report>
				<misses>847001</misses>
				<total>11</total>
				<timestamp>177.694452</timestamp>
			</report>
			<report>
				<misses>848001</misses>
				<total>10</total>
				<timestamp>177.904265</timestamp>
			</report>
			<report>
				<misses>849001</misses>
				<total>11</total>
				<timestamp>178.113988</timestamp>
			</report>
			<report>
				<misses>850001</misses>
				<total>11</total>
				<timestamp>178.323817</timestamp>
			</report>
			<report>
				<misses>851001</misses>
				<total>11</total>
				<timestamp>178.533619</timestamp>
			</report>
			<report>
				<misses>852001</misses>
				<total>11</total>
				<timestamp>178.743488</timestamp>
			</report>
			<report>
				<misses>853001</misses>
				<total>11</total>
				<timestamp>178.953194</timestamp>
			</report>
			<report>
				<misses>854001</misses>
				<total>11</total>
				<timestamp>179.162939</timestamp>
			</report>
			<report>
				<misses>855001</misses>
				<total>11</total>
				<timestamp>179.372774</timestamp>
			</report>
			<report>
				<misses>856001</misses>
				<total>11</total>
				<timestamp>179.582641</timestamp>
			</report>
			<report>
				<misses>857001</misses>
				<total>11</total>
				<timestamp>179.792349</timestamp>
			</report>
			<report>
				<misses>858001</misses>
				<total>11</total>
				<timestamp>180.002138</timestamp>
			</report>
			<report>
				<misses>859001</misses>
				<total>11</total>
				<timestamp>180.211890</timestamp>
			</report>
			<report>
				<misses>860001</misses>
				<total>11</total>
				<timestamp>180.421726</timestamp>
			</report>
			<report>
				<misses>861001</misses>
				<total>11</total>
				<timestamp>180.631511</timestamp>
			</report>
			<report>
				<misses>862001</misses>
				<total>11</total>
				<timestamp>180.841389</timestamp>
			</report>
			<report>
				<misses>863001</misses>
				<total>11</total>
				<timestamp>181.051099</timestamp>
			</report>
			<report>
				<misses>864001</misses>
				<total>10</total>
				<timestamp>181.260975</timestamp>
			</report>
			<report>
				<misses>865001</misses>
				<total>11</total>
				<timestamp>181.470635</timestamp>
			</report>
			<report>
				<misses>866001</misses>
				<total>11</total>
				<timestamp>181.680427</timestamp>
			</report>
			<report>
				<misses>867001</misses>
				<total>11</total>
				<timestamp>181.890253</timestamp>
			</report>
			<report>
				<misses>868001</misses>
				<total>11</total>
				<timestamp>182.100001</timestamp>
			</report>
			<report>
				<misses>869001</misses>
				<total>11</total>
				<timestamp>182.309831</timestamp>
			</report>
			<report>
				<misses>870001</misses>
				<total>11</total>
				<timestamp>182.519710</timestamp>
			</report>
			<report>
				<misses>871001</misses>
				<total>11</total>
				<timestamp>182.729406</timestamp>
			</report>
			<report>
				<misses>872001</misses>
				<total>11</total>
				<timestamp>182.939182</timestamp>
			</report>
			<report>
				<misses>873001</misses>
				<total>11</total>
				<timestamp>183.148989</timestamp>
			</report>
			<report>
				<misses>874001</misses>
				<total>11</total>
				<timestamp>183.358739</timestamp>
			</report>
			<report>
				<misses>875001</misses>
				<total>11</total>
				<timestamp>183.568654</timestamp>
			</report>
			<report>
				<misses>876001</misses>
				<total>10</total>
				<timestamp>183.778361</timestamp>
			</report>
			<report>
				<misses>877001</misses>
				<total>11</total>
				<timestamp>183.988148</timestamp>
			</report>
			<report>
				<misses>878001</misses>
				<total>11</total>
				<timestamp>184.197943</timestamp>
			</report>
			<report>
				<misses>879001</misses>
				<total>11</total>
				<timestamp>184.407740</timestamp>
			</report>
			<report>
				<misses>880001</misses>
				<total>11</total>
				<timestamp>184.617530</timestamp>
			</report>
			<report>
				<misses>881001</misses>
				<total>11</total>
				<timestamp>184.827307</timestamp>
			</report>
			<report>
				<misses>882001</misses>
				<total>11</total>
				<timestamp>185.037104</timestamp>
			</report>
			<report>
				<misses>883001</misses>
				<total>11</total>
				<timestamp>185.246970</timestamp>
			</report>
			<report>
				<misses>884001</misses>
				<total>11</total>
				<timestamp>185.456757</timestamp>
			</report>
			<report>
				<misses>885001</misses>
				<total>11</total>
				<timestamp>185.666558</timestamp>
			</report>
			<report>
				<misses>886001</misses>
				<total>11</total>
				<timestamp>185.876263</timestamp>
			</report>
			<report>
				<misses>887001</misses>
				<total>10</total>
				<timestamp>186.086134</timestamp>
			</report>
			<report>
				<misses>888001</misses>
				<total>11</total>
				<timestamp>186.295800</timestamp>
			</report>
			<report>
				<misses>889001</misses>
				<total>11</total>
				<timestamp>186.505629</timestamp>
			</report>
			<report>
				<misses>890001</misses>
				<total>11</total>
				<timestamp>186.715505</timestamp>
			</report>
			<report>
				<misses>891001</misses>
				<total>11</total>
				<timestamp>186.925209</timestamp>
			</report>
			<report>
				<misses>892001</misses>
				<total>11</total>
				<timestamp>187.135005</timestamp>
			</report>
			<report>
				<misses>893001</misses>
				<total>11</total>
				<timestamp>187.344750</timestamp>
			</report>
			<report>
				<misses>894001</misses>
				<total>11</total>
				<timestamp>187.554664</timestamp>
			</report>
			<report>
				<misses>895001</misses>
				<total>11</total>
				<timestamp>187.764458</timestamp>
			</report>
			<report>
				<misses>896001</misses>
				<total>11</total>
				<timestamp>187.974158</timestamp>
			</report>
			<report>
				<misses>897001</misses>
				<total>11</total>
				<timestamp>188.183953</timestamp>
			</report>
			<report>
				<misses>898001</misses>
				<total>11</total>
				<timestamp>188.393700</timestamp>
			</report>
			<report>
				<misses>899001</misses>
				<total>11</total>
				<timestamp>188.603618</timestamp>
			</report>
			<report>
				<misses>900001</misses>
				<total>11</total>
				<timestamp>188.813408</timestamp>
			</report>
			<report>
				<misses>901001</misses>
				<total>11</total>
				<timestamp>189.023120</timestamp>
			</report>
			<report>
				<misses>902001</misses>
				<total>11</total>
				<timestamp>189.232988</timestamp>
			</report>
			<report>
				<misses>903001</misses>
				<total>11</total>
				<timestamp>189.442692</timestamp>
			</report>
			<report>
				<misses>904001</misses>
				<total>11</total>
				<timestamp>189.652559</timestamp>
			</report>
			<report>
				<misses>905001</misses>
				<total>11</total>
				<timestamp>189.862365</timestamp>
			</report>
			<report>
				<misses>906001</misses>
				<total>11</total>
				<timestamp>190.072150</timestamp>
			</report>
			<report>
				<misses>907001</misses>
				<total>11</total>
				<timestamp>190.281853</timestamp>
			</report>
			<report>
				<misses>908001</misses>
				<total>11</total>
				<timestamp>190.491723</timestamp>
			</report>
			<report>
				<misses>909001</misses>
				<total>11</total>
				<timestamp>190.701539</timestamp>
			</report>
			<report>
				<misses>910001</misses>
				<total>11</total>
				<timestamp>190.911218</timestamp>
			</report>
			<report>
				<misses>911001</misses>
				<total>11</total>
				<timestamp>191.121090</timestamp>
			</report>
			<report>
				<misses>912001</misses>
				<total>11</total>
				<timestamp>191.330799</timestamp>
			</report>
			<report>
				<misses>913001</misses>
				<total>11</total>
				<timestamp>191.540588</timestamp>
			</report>
			<report>
				<misses>914001</misses>
				<total>10</total>
				<timestamp>191.750375</timestamp>
			</report>
			<report>
				<misses>915001</misses>
				<total>11</total>
				<timestamp>191.960160</timestamp>
			</report>
			<report>
				<misses>916001</misses>
				<total>11</total>
				<timestamp>192.169921</timestamp>
			</report>
			<report>
				<misses>917001</misses>
				<total>11</total>
				<timestamp>192.379753</timestamp>
			</report>
			<report>
				<misses>918001</misses>
				<total>11</total>
				<timestamp>192.589547</timestamp>
			</report>
			<report>
				<misses>919001</misses>
				<total>11</total>
				<timestamp>192.799338</timestamp>
			</report>
			<report>
				<misses>920001</misses>
				<total>11</total>
				<timestamp>193.009203</timestamp>
			</report>
			<report>
				<misses>921001</misses>
				<total>11</total>
				<timestamp>193.218905</timestamp>
			</report>
			<report>
				<misses>922001</misses>
				<total>11</total>
				<timestamp>193.428658</timestamp>
			</report>
			<report>
				<misses>923001</misses>
				<total>11</total>
				<timestamp>193.638567</timestamp>
			</report>
			<report>
				<misses>924001</misses>
				<total>11</total>
				<timestamp>193.848357</timestamp>
			</report>
			<report>
				<misses>925001</misses>
				<total>11</total>
				<timestamp>194.058027</timestamp>
			</report>
			<report>
				<misses>926001</misses>
				<total>11</total>
				<timestamp>194.267853</timestamp>
			</report>
			<report>
				<misses>927001</misses>
				<total>11</total>
				<timestamp>194.477602</timestamp>
			</report>
			<report>
				<misses>928001</misses>
				<total>11</total>
				<timestamp>194.687438</timestamp>
			</report>
			<report>
				<misses>929001</misses>
				<total>11</total>
				<timestamp>194.897312</timestamp>
			</report>
			<report>
				<misses>930001</misses>
				<total>11</total>
				<timestamp>195.107098</timestamp>
			</report>
			<report>
				<misses>931001</misses>
				<total>11</total>
				<timestamp>195.316769</timestamp>
			</report>
			<report>
				<misses>932001</misses>
				<total>11</total>
				<timestamp>195.526603</timestamp>
			</report>
			<report>
				<misses>933001</misses>
				<total>11</total>
				<timestamp>195.736478</timestamp>
			</report>
			<report>
				<misses>934001</misses>
				<total>11</total>
				<timestamp>195.946257</timestamp>
			</report>
			<report>
				<misses>935001</misses>
				<total>10</total>
				<timestamp>196.156066</timestamp>
			</report>
			<report>
				<misses>936001</misses>
				<total>11</total>
				<timestamp>196.365844</timestamp>
			</report>
			<report>
				<misses>937001</misses>
				<total>11</total>
				<timestamp>196.575522</timestamp>
			</report>
			<report>
				<misses>938001</misses>
				<total>11</total>
				<timestamp>196.785336</timestamp>
			</report>
			<report>
				<misses>939001</misses>
				<total>11</total>
				<timestamp>196.995095</timestamp>
			</report>
			<report>
				<misses>940001</misses>
				<total>11</total>
				<timestamp>197.204915</timestamp>
			</report>
			<report>
				<misses>941001</misses>
				<total>11</total>
				<timestamp>197.414713</timestamp>
			</report>
			<report>
				<misses>942001</misses>
				<total>11</total>
				<timestamp>197.624465</timestamp>
			</report>
			<report>
				<misses>943001</misses>
				<total>11</total>
				<timestamp>197.834287</timestamp>
			</report>
			<report>
				<misses>944001</misses>
				<total>11</total>
				<timestamp>198.044075</timestamp>
			</report>
			<report>
				<misses>945001</misses>
				<total>11</total>
				<timestamp>198.253866</timestamp>
			</report>
			<report>
				<misses>946001</misses>
				<total>12</total>
				<timestamp>198.463664</timestamp>
			</report>
			<report>
				<misses>947001</misses>
				<total>11</total>
				<timestamp>198.673449</timestamp>
			</report>
			<report>
				<misses>948001</misses>
				<total>12</total>
				<timestamp>198.883279</timestamp>
			</report>
			<report>
				<misses>949001</misses>
				<total>12</total>
				<timestamp>199.093120</timestamp>
			</report>
			<report>
				<misses>950001</misses>
				<total>12</total>
				<timestamp>199.302777</timestamp>
			</report>
			<report>
				<misses>951001</misses>
				<total>11</total>
				<timestamp>199.512703</timestamp>
			</report>
			<report>
				<misses>952001</misses>
				<total>12</total>
				<timestamp>199.722485</timestamp>
			</report>
			<report>
				<misses>953001</misses>
				<total>12</total>
				<timestamp>199.932272</timestamp>
			</report>
			<report>
				<misses>954001</misses>
				<total>11</total>
				<timestamp>200.141976</timestamp>
			</report>
			<report>
				<misses>955001</misses>
				<total>12</total>
				<timestamp>200.351732</timestamp>
			</report>
			<report>
				<misses>956001</misses>
				<total>12</total>
				<timestamp>200.561563</timestamp>
			</report>
			<report>
				<misses>957001</misses>
				<total>12</total>
				<timestamp>200.771353</timestamp>
			</report>
			<report>
				<misses>958001</misses>
				<total>11</total>
				<timestamp>200.981137</timestamp>
			</report>
			<report>
				<misses>959001</misses>
				<total>12</total>
				<timestamp>201.190887</timestamp>
			</report>
			<report>
				<misses>960001</misses>
				<total>12</total>
				<timestamp>201.400718</timestamp>
			</report>
			<report>
				<misses>961001</misses>
				<total>12</total>
				<timestamp>201.610475</timestamp>
			</report>
			<report>
				<misses>962001</misses>
				<total>11</total>
				<timestamp>201.820313</timestamp>
			</report>
			<report>
				<misses>963001</misses>
				<total>11</total>
				<timestamp>202.030088</timestamp>
			</report>
			<report>
				<misses>964001</misses>
				<total>12</total>
				<timestamp>202.239879</timestamp>
			</report>
			<report>
				<misses>965001</misses>
				<total>12</total>
				<timestamp>202.449750</timestamp>
			</report>
			<report>
				<misses>966001</misses>
				<total>12</total>
				<timestamp>202.659545</timestamp>
			</report>
			<report>
				<misses>967001</misses>
				<total>12</total>
				<timestamp>202.869262</timestamp>
			</report>
			<report>
				<misses>968001</misses>
				<total>12</total>
				<timestamp>203.079038</timestamp>
			</report>
			<report>
				<misses>969001</misses>
				<total>12</total>
				<timestamp>203.288833</timestamp>
			</report>
			<report>
				<misses>970001</misses>
				<total>12</total>
				<timestamp>203.498614</timestamp>
			</report>
			<report>
				<misses>971001</misses>
				<total>12</total>
				<timestamp>203.708414</timestamp>
			</report>
			<report>
				<misses>972001</misses>
				<total>12</total>
				<timestamp>203.918204</timestamp>
			</report>
			<report>
				<misses>973001</misses>
				<total>12</total>
				<timestamp>204.128005</timestamp>
			</report>
			<report>
				<misses>974001</misses>
				<total>12</total>
				<timestamp>204.337779</timestamp>
			</report>
			<report>
				<misses>975001</misses>
				<total>12</total>
				<timestamp>204.547652</timestamp>
			</report>
			<report>
				<misses>976001</misses>
				<total>12</total>
				<timestamp>204.757441</timestamp>
			</report>
			<report>
				<misses>977001</misses>
				<total>12</total>
				<timestamp>204.967240</timestamp>
			</report>
			<report>
				<misses>978001</misses>
				<total>12</total>
				<timestamp>205.177024</timestamp>
			</report>
			<report>
				<misses>979001</misses>
				<total>12</total>
				<timestamp>205.386743</timestamp>
			</report>
			<report>
				<misses>980001</misses>
				<total>12</total>
				<timestamp>205.596612</timestamp>
			</report>
			<report>
				<misses>981001</misses>
				<total>12</total>
				<timestamp>205.806395</timestamp>
			</report>
			<report>
				<misses>982001</misses>
				<total>12</total>
				<timestamp>206.016099</timestamp>
			</report>
			<report>
				<misses>983001</misses>
				<total>12</total>
				<timestamp>206.225899</timestamp>
			</report>
			<report>
				<misses>984001</misses>
				<total>12</total>
				<timestamp>206.435645</timestamp>
			</report>
			<report>
				<misses>985001</misses>
				<total>12</total>
				<timestamp>206.645469</timestamp>
			</report>
			<report>
				<misses>986001</misses>
				<total>12</total>
				<timestamp>206.855270</timestamp>
			</report>
			<report>
				<misses>987001</misses>
				<total>12</total>
				<timestamp>207.065050</timestamp>
			</report>
			<report>
				<misses>988001</misses>
				<total>12</total>
				<timestamp>207.274844</timestamp>
			</report>
			<report>
				<misses>989001</misses>
				<total>12</total>
				<timestamp>207.484632</timestamp>
			</report>
			<report>
				<misses>990001</misses>
				<total>12</total>
				<timestamp>207.694505</timestamp>
			</report>
			<report>
				<misses>991001</misses>
				<total>12</total>
				<timestamp>207.904296</timestamp>
			</report>
			<report>
				<misses>992001</misses>
				<total>12</total>
				<timestamp>208.114002</timestamp>
			</report>
			<report>
				<misses>993001</misses>
				<total>12</total>
				<timestamp>208.323755</timestamp>
			</report>
			<report>
				<misses>994001</misses>
				<total>12</total>
				<timestamp>208.533664</timestamp>
			</report>
			<report>
				<misses>995001</misses>
				<total>12</total>
				<timestamp>208.743447</timestamp>
			</report>
			<report>
				<misses>996001</misses>
				<total>12</total>
				<timestamp>208.953235</timestamp>
			</report>
			<report>
				<misses>997001</misses>
				<total>12</total>
				<timestamp>209.162905</timestamp>
			</report>
			<report>
				<misses>998001</misses>
				<total>12</total>
				<timestamp>209.372700</timestamp>
			</report>
			<report>
				<misses>999001</misses>
				<total>12</total>
				<timestamp>209.582520</timestamp>
			</report>
			<report>
				<misses>1000001</misses>
				<total>11</total>
				<timestamp>209.792351</timestamp>
			</report>
			<report>
				<misses>1001001</misses>
				<total>12</total>
				<timestamp>210.002184</timestamp>
			</report>
			<report>
				<misses>1002001</misses>
				<total>12</total>
				<timestamp>210.211870</timestamp>
			</report>
			<report>
				<misses>1003001</misses>
				<total>12</total>
				<timestamp>210.421694</timestamp>
			</report>
			<report>
				<misses>1004001</misses>
				<total>12</total>
				<timestamp>210.631445</timestamp>
			</report>
			<report>
				<misses>1005001</misses>
				<total>12</total>
				<timestamp>210.841264</timestamp>
			</report>
			<report>
				<misses>1006001</misses>
				<total>12</total>
				<timestamp>211.051012</timestamp>
			</report>
			<report>
				<misses>1007001</misses>
				<total>12</total>
				<timestamp>211.260845</timestamp>
			</report>
			<report>
				<misses>1008001</misses>
				<total>12</total>
				<timestamp>211.470637</timestamp>
			</report>
			<report>
				<misses>1009001</misses>
				<total>12</total>
				<timestamp>211.680396</timestamp>
			</report>
			<report>
				<misses>1010001</misses>
				<total>12</total>
				<timestamp>211.890216</timestamp>
			</report>
			<report>
				<misses>1011001</misses>
				<total>12</total>
				<timestamp>212.100087</timestamp>
			</report>
			<report>
				<misses>1012001</misses>
				<total>12</total>
				<timestamp>212.309877</timestamp>
			</report>
			<report>
				<misses>1013001</misses>
				<total>12</total>
				<timestamp>212.519638</timestamp>
			</report>
			<report>
				<misses>1014001</misses>
				<total>12</total>
				<timestamp>212.729468</timestamp>
			</report>
			<report>
				<misses>1015001</misses>
				<total>12</total>
				<timestamp>212.939166</timestamp>
			</report>
			<report>
				<misses>1016001</misses>
				<total>12</total>
				<timestamp>213.148961</timestamp>
			</report>
			<report>
				<misses>1017001</misses>
				<total>12</total>
				<timestamp>213.358745</timestamp>
			</report>
			<report>
				<misses>1018001</misses>
				<total>12</total>
				<timestamp>213.568501</timestamp>
			</report>
			<report>
				<misses>1019001</misses>
				<total>12</total>
				<timestamp>213.778356</timestamp>
			</report>
			<report>
				<misses>1020001</misses>
				<total>12</total>
				<timestamp>213.988123</timestamp>
			</report>
			<report>
				<misses>1021001</misses>
				<total>12</total>
				<timestamp>214.197905</timestamp>
			</report>
			<report>
				<misses>1022001</misses>
				<total>12</total>
				<timestamp>214.407659</timestamp>
			</report>
			<report>
				<misses>1023001</misses>
				<total>12</total>
				<timestamp>214.617451</timestamp>
			</report>
			<report>
				<misses>1024001</misses>
				<total>12</total>
				<timestamp>214.827258</timestamp>
			</report>
			<report>
				<misses>1025001</misses>
				<total>12</total>
				<timestamp>215.037029</timestamp>
			</report>
			<report>
				<misses>1026001</misses>
				<total>12</total>
				<timestamp>215.246838</timestamp>
			</report>
			<report>
				<misses>1027001</misses>
				<total>12</total>
				<timestamp>215.456616</timestamp>
			</report>
			<report>
				<misses>1028001</misses>
				<total>12</total>
				<timestamp>215.666400</timestamp>
			</report>
			<report>
				<misses>1029001</misses>
				<total>12</total>
				<timestamp>215.876237</timestamp>
			</report>
			<report>
				<misses>1030001</misses>
				<total>12</total>
				<timestamp>216.085976</timestamp>
			</report>
			<report>
				<misses>1031001</misses>
				<total>12</total>
				<timestamp>216.295763</timestamp>
			</report>
			<report>
				<misses>1032001</misses>
				<total>12</total>
				<timestamp>216.505545</timestamp>
			</report>
			<report>
				<misses>1033001</misses>
				<total>12</total>
				<timestamp>216.715346</timestamp>
			</report>
			<report>
				<misses>1034001</misses>
				<total>12</total>
				<timestamp>216.925174</timestamp>
			</report>
			<report>
				<misses>1035001</misses>
				<total>12</total>
				<timestamp>217.134926</timestamp>
			</report>
			<report>
				<misses>1036001</misses>
				<total>12</total>
				<timestamp>217.344717</timestamp>
			</report>
			<report>
				<misses>1037001</misses>
				<total>12</total>
				<timestamp>217.554508</timestamp>
			</report>
			<report>
				<misses>1038001</misses>
				<total>12</total>
				<timestamp>217.764334</timestamp>
			</report>
			<report>
				<misses>1039001</misses>
				<total>12</total>
				<timestamp>217.974125</timestamp>
			</report>
			<report>
				<misses>1040001</misses>
				<total>12</total>
				<timestamp>218.183866</timestamp>
			</report>
			<report>
				<misses>1041001</misses>
				<total>12</total>
				<timestamp>218.393664</timestamp>
			</report>
			<report>
				<misses>1042001</misses>
				<total>12</total>
				<timestamp>218.603585</timestamp>
			</report>
			<report>
				<misses>1043001</misses>
				<total>12</total>
				<timestamp>218.813302</timestamp>
			</report>
			<report>
				<misses>1044001</misses>
				<total>12</total>
				<timestamp>219.023085</timestamp>
			</report>
			<report>
				<misses>1045001</misses>
				<total>12</total>
				<timestamp>219.232870</timestamp>
			</report>
			<report>
				<misses>1046001</misses>
				<total>12</total>
				<timestamp>219.442620</timestamp>
			</report>
			<report>
				<misses>1047001</misses>
				<total>12</total>
				<timestamp>219.652453</timestamp>
			</report>
			<report>
				<misses>1048001</misses>
				<total>12</total>
				<timestamp>219.862239</timestamp>
			</report>
			<report>
				<misses>1049001</misses>
				<total>12</total>
				<timestamp>220.071986</timestamp>
			</report>
			<report>
				<misses>1050001</misses>
				<total>12</total>
				<timestamp>220.281819</timestamp>
			</report>
			<report>
				<misses>1051001</misses>
				<total>12</total>
				<timestamp>220.491606</timestamp>
			</report>
			<report>
				<misses>1052001</misses>
				<total>12</total>
				<timestamp>220.701378</timestamp>
			</report>
			<report>
				<misses>1053001</misses>
				<total>12</total>
				<timestamp>220.911275</timestamp>
			</report>
			<report>
				<misses>1054001</misses>
				<total>16</total>
				<timestamp>221.120977</timestamp>
			</report>
			<report>
				<misses>1055001</misses>
				<total>16</total>
				<timestamp>221.330733</timestamp>
			</report>
			<report>
				<misses>1056001</misses>
				<total>16</total>
				<timestamp>221.540665</timestamp>
			</report>
			<report>
				<misses>1057001</misses>
				<total>16</total>
				<timestamp>221.750440</timestamp>
			</report>
			<report>
				<misses>1058001</misses>
				<total>16</total>
				<timestamp>221.960143</timestamp>
			</report>
			<report>
				<misses>1059001</misses>
				<total>16</total>
				<timestamp>222.169884</timestamp>
			</report>
			<report>
				<misses>1060001</misses>
				<total>16</total>
				<timestamp>222.379683</timestamp>
			</report>
			<report>
				<misses>1061001</misses>
				<total>16</total>
				<timestamp>222.589473</timestamp>
			</report>
			<report>
				<misses>1062001</misses>
				<total>16</total>
				<timestamp>222.799303</timestamp>
			</report>
			<report>
				<misses>1063001</misses>
				<total>16</total>
				<timestamp>223.009090</timestamp>
			</report>
			<report>
				<misses>1064001</misses>
				<total>16</total>
				<timestamp>223.218880</timestamp>
			</report>
			<report>
				<misses>1065001</misses>
				<total>16</total>
				<timestamp>223.428629</timestamp>
			</report>
			<report>
				<misses>1066001</misses>
				<total>16</total>
				<timestamp>223.638468</timestamp>
			</report>
			<report>
				<misses>1067001</misses>
				<total>15</total>
				<timestamp>223.848325</timestamp>
			</report>
			<report>
				<misses>1068001</misses>
				<total>16</total>
				<timestamp>224.058047</timestamp>
			</report>
			<report>
				<misses>1069001</misses>
				<total>16</total>
				<timestamp>224.267831</timestamp>
			</report>
			<report>
				<misses>1070001</misses>
				<total>16</total>
				<timestamp>224.477619</timestamp>
			</report>
			<report>
				<misses>1071001</misses>
				<total>16</total>
				<timestamp>224.687409</timestamp>
			</report>
			<report>
				<misses>1072001</misses>
				<total>15</total>
				<timestamp>224.897282</timestamp>
			</report>
			<report>
				<misses>1073001</misses>
				<total>15</total>
				<timestamp>225.106990</timestamp>
			</report>
			<report>
				<misses>1074001</misses>
				<total>16</total>
				<timestamp>225.316740</timestamp>
			</report>
			<report>
				<misses>1075001</misses>
				<total>16</total>
				<timestamp>225.526565</timestamp>
			</report>
			<report>
				<misses>1076001</misses>
				<total>16</total>
				<timestamp>225.736445</timestamp>
			</report>
			<report>
				<misses>1077001</misses>
				<total>16</total>
				<timestamp>225.946243</timestamp>
			</report>
			<report>
				<misses>1078001</misses>
				<total>16</total>
				<timestamp>226.155936</timestamp>
			</report>
			<report>
				<misses>1079001</misses>
				<total>15</total>
				<timestamp>226.365813</timestamp>
			</report>
			<report>
				<misses>1080001</misses>
				<total>16</total>
				<timestamp>226.575525</timestamp>
			</report>
			<report>
				<misses>1081001</misses>
				<total>16</total>
				<timestamp>226.785306</timestamp>
			</report>
			<report>
				<misses>1082001</misses>
				<total>16</total>
				<timestamp>226.995178</timestamp>
			</report>
			<report>
				<misses>1083001</misses>
				<total>16</total>
				<timestamp>227.204891</timestamp>
			</report>
			<report>
				<misses>1084001</misses>
				<total>16</total>
				<timestamp>227.414676</timestamp>
			</report>
			<report>
				<misses>1085001</misses>
				<total>16</total>
				<timestamp>227.624426</timestamp>
			</report>
			<report>
				<misses>1086001</misses>
				<total>16</total>
				<timestamp>227.834271</timestamp>
			</report>
			<report>
				<misses>1087001</misses>
				<total>16</total>
				<timestamp>228.044050</timestamp>
			</report>
			<report>
				<misses>1088001</misses>
				<total>16</total>
				<timestamp>228.253844</timestamp>
			</report>
			<report>
				<misses>1089001</misses>
				<total>16</total>
				<timestamp>228.463626</timestamp>
			</report>
			<report>
				<misses>1090001</misses>
				<total>16</total>
				<timestamp>228.673416</timestamp>
			</report>
			<report>
				<misses>1091001</misses>
				<total>16</total>
				<timestamp>228.883210</timestamp>
			</report>
			<report>
				<misses>1092001</misses>
				<total>17</total>
				<timestamp>229.092994</timestamp>
			</report>
			<report>
				<misses>1093001</misses>
				<total>17</total>
				<timestamp>229.302785</timestamp>
			</report>
			<report>
				<misses>1094001</misses>
				<total>17</total>
				<timestamp>229.512578</timestamp>
			</report>
			<report>
				<misses>1095001</misses>
				<total>17</total>
				<timestamp>229.722453</timestamp>
			</report>
			<report>
				<misses>1096001</misses>
				<total>17</total>
				<timestamp>229.932236</timestamp>
			</report>
			<report>
				<misses>1097001</misses>
				<total>17</total>
				<timestamp>230.142028</timestamp>
			</report>
			<report>
				<misses>1098001</misses>
				<total>18</total>
				<timestamp>230.351698</timestamp>
			</report>
			<report>
				<misses>1099001</misses>
				<total>17</total>
				<timestamp>230.561611</timestamp>
			</report>
			<report>
				<misses>1100001</misses>
				<total>18</total>
				<timestamp>230.771312</timestamp>
			</report>
			<report>
				<misses>1101001</misses>
				<total>17</total>
				<timestamp>230.981105</timestamp>
			</report>
			<report>
				<misses>1102001</misses>
				<total>19</total>
				<timestamp>231.190895</timestamp>
			</report>
			<report>
				<misses>1103001</misses>
				<total>19</total>
				<timestamp>231.400684</timestamp>
			</report>
			<report>
				<misses>1104001</misses>
				<total>19</total>
				<timestamp>231.610479</timestamp>
			</report>
			<report>
				<misses>1105001</misses>
				<total>19</total>
				<timestamp>231.820266</timestamp>
			</report>
			<report>
				<misses>1106001</misses>
				<total>19</total>
				<timestamp>232.030138</timestamp>
			</report>
			<report>
				<misses>1107001</misses>
				<total>18</total>
				<timestamp>232.239848</timestamp>
			</report>
			<report>
				<misses>1108001</misses>
				<total>19</total>
				<timestamp>232.449598</timestamp>
			</report>
			<report>
				<misses>1109001</misses>
				<total>19</total>
				<timestamp>232.659425</timestamp>
			</report>
			<report>
				<misses>1110001</misses>
				<total>19</total>
				<timestamp>232.869301</timestamp>
			</report>
			<report>
				<misses>1111001</misses>
				<total>18</total>
				<timestamp>233.079098</timestamp>
			</report>
			<report>
				<misses>1112001</misses>
				<total>19</total>
				<timestamp>233.288797</timestamp>
			</report>
			<report>
				<misses>1113001</misses>
				<total>19</total>
				<timestamp>233.498585</timestamp>
			</report>
			<report>
				<misses>1114001</misses>
				<total>19</total>
				<timestamp>233.708378</timestamp>
			</report>
			<report>
				<misses>1115001</misses>
				<total>19</total>
				<timestamp>233.918170</timestamp>
			</report>
			<report>
				<misses>1116001</misses>
				<total>19</total>
				<timestamp>234.127958</timestamp>
			</report>
			<report>
				<misses>1117001</misses>
				<total>19</total>
				<timestamp>234.337752</timestamp>
			</report>
			<report>
				<misses>1118001</misses>
				<total>19</total>
				<timestamp>234.547544</timestamp>
			</report>
			<report>
				<misses>1119001</misses>
				<total>19</total>
				<timestamp>234.757293</timestamp>
			</report>
			<report>
				<misses>1120001</misses>
				<total>19</total>
				<timestamp>234.967114</timestamp>
			</report>
			<report>
				<misses>1121001</misses>
				<total>19</total>
				<timestamp>235.176871</timestamp>
			</report>
			<report>
				<misses>1122001</misses>
				<total>19</total>
				<timestamp>235.386675</timestamp>
			</report>
			<report>
				<misses>1123001</misses>
				<total>19</total>
				<timestamp>235.596576</timestamp>
			</report>
			<report>
				<misses>1124001</misses>
				<total>19</total>
				<timestamp>235.806365</timestamp>
			</report>
			<report>
				<misses>1125001</misses>
				<total>19</total>
				<timestamp>236.016067</timestamp>
			</report>
			<report>
				<misses>1126001</misses>
				<total>19</total>
				<timestamp>236.225825</timestamp>
			</report>
			<report>
				<misses>1127001</misses>
				<total>19</total>
				<timestamp>236.435613</timestamp>
			</report>
			<report>
				<misses>1128001</misses>
				<total>19</total>
				<timestamp>236.645441</timestamp>
			</report>
			<report>
				<misses>1129001</misses>
				<total>19</total>
				<timestamp>236.855321</timestamp>
			</report>
			<report>
				<misses>1130001</misses>
				<total>18</total>
				<timestamp>237.065032</timestamp>
			</report>
			<report>
				<misses>1131001</misses>
				<total>19</total>
				<timestamp>237.274810</timestamp>
			</report>
			<report>
				<misses>1132001</misses>
				<total>19</total>
				<timestamp>237.484567</timestamp>
			</report>
			<report>
				<misses>1133001</misses>
				<total>19</total>
				<timestamp>237.694389</timestamp>
			</report>
			<report>
				<misses>1134001</misses>
				<total>19</total>
				<timestamp>237.904194</timestamp>
			</report>
			<report>
				<misses>1135001</misses>
				<total>19</total>
				<timestamp>238.114056</timestamp>
			</report>
			<report>
				<misses>1136001</misses>
				<total>19</total>
				<timestamp>238.323755</timestamp>
			</report>
			<report>
				<misses>1137001</misses>
				<total>19</total>
				<timestamp>238.533509</timestamp>
			</report>
			<report>
				<misses>1138001</misses>
				<total>19</total>
				<timestamp>238.743338</timestamp>
			</report>
			<report>
				<misses>1139001</misses>
				<total>19</total>
				<timestamp>238.953128</timestamp>
			</report>
			<report>
				<misses>1140001</misses>
				<total>18</total>
				<timestamp>239.162921</timestamp>
			</report>
			<report>
				<misses>1141001</misses>
				<total>19</total>
				<timestamp>239.372713</timestamp>
			</report>
			<report>
				<misses>1142001</misses>
				<total>19</total>
				<timestamp>239.582464</timestamp>
			</report>
			<report>
				<misses>1143001</misses>
				<total>19</total>
				<timestamp>239.792373</timestamp>
			</report>
			<report>
				<misses>1144001</misses>
				<total>19</total>
				<timestamp>240.002160</timestamp>
			</report>
			<report>
				<misses>1145001</misses>
				<total>18</total>
				<timestamp>240.211865</timestamp>
			</report>
			<report>
				<misses>1146001</misses>
				<total>20</total>
				<timestamp>240.421751</timestamp>
			</report>
			<report>
				<misses>1147001</misses>
				<total>20</total>
				<timestamp>240.631452</timestamp>
			</report>
			<report>
				<misses>1148001</misses>
				<total>20</total>
				<timestamp>240.841238</timestamp>
			</report>
			<report>
				<misses>1149001</misses>
				<total>20</total>
				<timestamp>241.051027</timestamp>
			</report>
			<report>
				<misses>1150001</misses>
				<total>20</total>
				<timestamp>241.260812</timestamp>
			</report>
			<report>
				<misses>1151001</misses>
				<total>20</total>
				<timestamp>241.470610</timestamp>
			</report>
			<report>
				<misses>1152001</misses>
				<total>20</total>
				<timestamp>241.680395</timestamp>
			</report>
			<report>
				<misses>1153001</misses>
				<total>20</total>
				<timestamp>241.890159</timestamp>
			</report>
			<report>
				<misses>1154001</misses>
				<total>20</total>
				<timestamp>242.099982</timestamp>
			</report>
			<report>
				<misses>1155001</misses>
				<total>20</total>
				<timestamp>242.309768</timestamp>
			</report>
			<report>
				<misses>1156001</misses>
				<total>20</total>
				<timestamp>242.519564</timestamp>
			</report>
			<report>
				<misses>1157001</misses>
				<total>20</total>
				<timestamp>242.729350</timestamp>
			</report>
			<report>
				<misses>1158001</misses>
				<total>20</total>
				<timestamp>242.939138</timestamp>
			</report>
			<report>
				<misses>1159001</misses>
				<total>20</total>
				<timestamp>243.149024</timestamp>
			</report>
			<report>
				<misses>1160001</misses>
				<total>20</total>
				<timestamp>243.358721</timestamp>
			</report>
			<report>
				<misses>1161001</misses>
				<total>20</total>
				<timestamp>243.568506</timestamp>
			</report>
			<report>
				<misses>1162001</misses>
				<total>20</total>
				<timestamp>243.778297</timestamp>
			</report>
			<report>
				<misses>1163001</misses>
				<total>20</total>
				<timestamp>243.988091</timestamp>
			</report>
			<report>
				<misses>1164001</misses>
				<total>20</total>
				<timestamp>244.197876</timestamp>
			</report>
			<report>
				<misses>1165001</misses>
				<total>20</total>
				<timestamp>244.407668</timestamp>
			</report>
			<report>
				<misses>1166001</misses>
				<total>20</total>
				<timestamp>244.617540</timestamp>
			</report>
			<report>
				<misses>1167001</misses>
				<total>20</total>
				<timestamp>244.827249</timestamp>
			</report>
			<report>
				<misses>1168001</misses>
				<total>21</total>
				<timestamp>245.037034</timestamp>
			</report>
			<report>
				<misses>1169001</misses>
				<total>21</total>
				<timestamp>245.246835</timestamp>
			</report>
			<report>
				<misses>1170001</misses>
				<total>22</total>
				<timestamp>245.456578</timestamp>
			</report>
			<report>
				<misses>1171001</misses>
				<total>22</total>
				<timestamp>245.666407</timestamp>
			</report>
			<report>
				<misses>1172001</misses>
				<total>22</total>
				<timestamp>245.876168</timestamp>
			</report>
			<report>
				<misses>1173001</misses>
				<total>22</total>
				<timestamp>246.086004</timestamp>
			</report>
			<report>
				<misses>1174001</misses>
				<total>22</total>
				<timestamp>246.295861</timestamp>
			</report>
			<report>
				<misses>1175001</misses>
				<total>22</total>
				<timestamp>246.505567</timestamp>
			</report>
			<report>
				<misses>1176001</misses>
				<total>23</total>
				<timestamp>246.715351</timestamp>
			</report>
			<report>
				<misses>1177001</misses>
				<total>23</total>
				<timestamp>246.925151</timestamp>
			</report>
			<report>
				<misses>1178001</misses>
				<total>23</total>
				<timestamp>247.134929</timestamp>
			</report>
			<report>
				<misses>1179001</misses>
				<total>23</total>
				<timestamp>247.344726</timestamp>
			</report>
			<report>
				<misses>1180001</misses>
				<total>23</total>
				<timestamp>247.554501</timestamp>
			</report>
			<report>
				<misses>1181001</misses>
				<total>23</total>
				<timestamp>247.764296</timestamp>
			</report>
			<report>
				<misses>1182001</misses>
				<total>23</total>
				<timestamp>247.974073</timestamp>
			</report>
			<report>
				<misses>1183001</misses>
				<total>23</total>
				<timestamp>248.183840</timestamp>
			</report>
			<report>
				<misses>1184001</misses>
				<total>22</total>
				<timestamp>248.393655</timestamp>
			</report>
			<report>
				<misses>1185001</misses>
				<total>23</total>
				<timestamp>248.603442</timestamp>
			</report>
			<report>
				<misses>1186001</misses>
				<total>23</total>
				<timestamp>248.813215</timestamp>
			</report>
			<report>
				<misses>1187001</misses>
				<total>22</total>
				<timestamp>249.023040</timestamp>
			</report>
			<report>
				<misses>1188001</misses>
				<total>22</total>
				<timestamp>249.232846</timestamp>
			</report>
			<report>
				<misses>1189001</misses>
				<total>23</total>
				<timestamp>249.442588</timestamp>
			</report>
			<report>
				<misses>1190001</misses>
				<total>23</total>
				<timestamp>249.652393</timestamp>
			</report>
			<report>
				<misses>1191001</misses>
				<total>23</total>
				<timestamp>249.862170</timestamp>
			</report>
			<report>
				<misses>1192001</misses>
				<total>23</total>
				<timestamp>250.071956</timestamp>
			</report>
			<report>
				<misses>1193001</misses>
				<total>23</total>
				<timestamp>250.281791</timestamp>
			</report>
			<report>
				<misses>1194001</misses>
				<total>23</total>
				<timestamp>250.491528</timestamp>
			</report>
			<report>
				<misses>1195001</misses>
				<total>23</total>
				<timestamp>250.701324</timestamp>
			</report>
			<report>
				<misses>1196001</misses>
				<total>23</total>
				<timestamp>250.911135</timestamp>
			</report>
			<report>
				<misses>1197001</misses>
				<total>23</total>
				<timestamp>251.120942</timestamp>
			</report>
			<report>
				<misses>1198001</misses>
				<total>23</total>
				<timestamp>251.330724</timestamp>
			</report>
			<report>
				<misses>1199001</misses>
				<total>23</total>
				<timestamp>251.540485</timestamp>
			</report>
			<report>
				<misses>1200001</misses>
				<total>23</total>
				<timestamp>251.750286</timestamp>
			</report>
			<report>
				<misses>1201001</misses>
				<total>23</total>
				<timestamp>251.960090</timestamp>
			</report>
			<report>
				<misses>1202001</misses>
				<total>23</total>
				<timestamp>252.169859</timestamp>
			</report>
			<report>
				<misses>1203001</misses>
				<total>22</total>
				<timestamp>252.379677</timestamp>
			</report>
			<report>
				<misses>1204001</misses>
				<total>23</total>
				<timestamp>252.589433</timestamp>
			</report>
			<report>
				<misses>1205001</misses>
				<total>22</total>
				<timestamp>252.799265</timestamp>
			</report>
			<report>
				<misses>1206001</misses>
				<total>23</total>
				<timestamp>253.009016</timestamp>
			</report>
			<report>
				<misses>1207001</misses>
				<total>23</total>
				<timestamp>253.218848</timestamp>
			</report>
			<report>
				<misses>1208001</misses>
				<total>23</total>
				<timestamp>253.428593</timestamp>
			</report>
			<report>
				<misses>1209001</misses>
				<total>23</total>
				<timestamp>253.638421</timestamp>
			</report>
			<report>
				<misses>1210001</misses>
				<total>22</total>
				<timestamp>253.848215</timestamp>
			</report>
			<report>
				<misses>1211001</misses>
				<total>23</total>
				<timestamp>254.057975</timestamp>
			</report>
			<report>
				<misses>1212001</misses>
				<total>23</total>
				<timestamp>254.267763</timestamp>
			</report>
			<report>
				<misses>1213001</misses>
				<total>23</total>
				<timestamp>254.477546</timestamp>
			</report>
			<report>
				<misses>1214001</misses>
				<total>23</total>
				<timestamp>254.687346</timestamp>
			</report>
			<report>
				<misses>1215001</misses>
				<total>23</total>
				<timestamp>254.897127</timestamp>
			</report>
			<report>
				<misses>1216001</misses>
				<total>23</total>
				<timestamp>255.106934</timestamp>
			</report>
			<report>
				<misses>1217001</misses>
				<total>23</total>
				<timestamp>255.316756</timestamp>
			</report>
			<report>
				<misses>1218001</misses>
				<total>23</total>
				<timestamp>255.526494</timestamp>
			</report>
			<report>
				<misses>1219001</misses>
				<total>23</total>
				<timestamp>255.736276</timestamp>
			</report>
			<report>
				<misses>1220001</misses>
				<total>23</total>
				<timestamp>255.946082</timestamp>
			</report>
			<report>
				<misses>1221001</misses>
				<total>23</total>
				<timestamp>256.155891</timestamp>
			</report>
			<report>
				<misses>1222001</misses>
				<total>23</total>
				<timestamp>256.365689</timestamp>
			</report>
			<report>
				<misses>1223001</misses>
				<total>23</total>
				<timestamp>256.575452</timestamp>
			</report>
			<report>
				<misses>1224001</misses>
				<total>23</total>
				<timestamp>256.785249</timestamp>
			</report>
			<report>
				<misses>1225001</misses>
				<total>23</total>
				<timestamp>256.995038</timestamp>
			</report>
			<report>
				<misses>1226001</misses>
				<total>22</total>
				<timestamp>257.204878</timestamp>
			</report>
			<report>
				<misses>1227001</misses>
				<total>23</total>
				<timestamp>257.414631</timestamp>
			</report>
			<report>
				<misses>1228001</misses>
				<total>23</total>
				<timestamp>257.624406</timestamp>
			</report>
			<report>
				<misses>1229001</misses>
				<total>25</total>
				<timestamp>257.834295</timestamp>
			</report>
			<report>
				<misses>1230001</misses>
				<total>25</total>
				<timestamp>258.044039</timestamp>
			</report>
			<report>
				<misses>1231001</misses>
				<total>25</total>
				<timestamp>258.253827</timestamp>
			</report>
			<report>
				<misses>1232001</misses>
				<total>25</total>
				<timestamp>258.463562</timestamp>
			</report>
			<report>
				<misses>1233001</misses>
				<total>25</total>
				<timestamp>258.673369</timestamp>
			</report>
			<report>
				<misses>1234001</misses>
				<total>25</total>
				<timestamp>258.883147</timestamp>
			</report>
			<report>
				<misses>1235001</misses>
				<total>25</total>
				<timestamp>259.092934</timestamp>
			</report>
			<report>
				<misses>1236001</misses>
				<total>25</total>
				<timestamp>259.302717</timestamp>
			</report>
			<report>
				<misses>1237001</misses>
				<total>25</total>
				<timestamp>259.512507</timestamp>
			</report>
			<report>
				<misses>1238001</misses>
				<total>25</total>
				<timestamp>259.722286</timestamp>
			</report>
			<report>
				<misses>1239001</misses>
				<total>25</total>
				<timestamp>259.932113</timestamp>
			</report>
			<report>
				<misses>1240001</misses>
				<total>25</total>
				<timestamp>260.141890</timestamp>
			</report>
			<report>
				<misses>1241001</misses>
				<total>25</total>
				<timestamp>260.351687</timestamp>
			</report>
			<report>
				<misses>1242001</misses>
				<total>25</total>
				<timestamp>260.561468</timestamp>
			</report>
			<report>
				<misses>1243001</misses>
				<total>25</total>
				<timestamp>260.771264</timestamp>
			</report>
			<report>
				<misses>1244001</misses>
				<total>25</total>
				<timestamp>260.981043</timestamp>
			</report>
			<report>
				<misses>1245001</misses>
				<total>25</total>
				<timestamp>261.190871</timestamp>
			</report>
			<report>
				<misses>1246001</misses>
				<total>25</total>
				<timestamp>261.400623</timestamp>
			</report>
			<report>
				<misses>1247001</misses>
				<total>25</total>
				<timestamp>261.610415</timestamp>
			</report>
			<report>
				<misses>1248001</misses>
				<total>25</total>
				<timestamp>261.820221</timestamp>
			</report>
			<report>
				<misses>1249001</misses>
				<total>25</total>
				<timestamp>262.030032</timestamp>
			</report>
			<report>
				<misses>1250001</misses>
				<total>25</total>
				<timestamp>262.239811</timestamp>
			</report>
			<report>
				<misses>1251001</misses>
				<total>25</total>
				<timestamp>262.449579</timestamp>
			</report>
			<report>
				<misses>1252001</misses>
				<total>25</total>
				<timestamp>262.659361</timestamp>
			</report>
			<report>
				<misses>1253001</misses>
				<total>25</total>
				<timestamp>262.869156</timestamp>
			</report>
			<report>
				<misses>1254001</misses>
				<total>25</total>
				<timestamp>263.078978</timestamp>
			</report>
			<report>
				<misses>1255001</misses>
				<total>25</total>
				<timestamp>263.288769</timestamp>
			</report>
			<report>
				<misses>1256001</misses>
				<total>25</total>
				<timestamp>263.498640</timestamp>
			</report>
			<report>
				<misses>1257001</misses>
				<total>25</total>
				<timestamp>263.708319</timestamp>
			</report>
			<report>
				<misses>1258001</misses>
				<total>25</total>
				<timestamp>263.918142</timestamp>
			</report>
			<report>
				<misses>1259001</misses>
				<total>25</total>
				<timestamp>264.127929</timestamp>
			</report>
			<report>
				<misses>1260001</misses>
				<total>25</total>
				<timestamp>264.337808</timestamp>
			</report>
			<report>
				<misses>1261001</misses>
				<total>25</total>
				<timestamp>264.547476</timestamp>
			</report>
			<report>
				<misses>1262001</misses>
				<total>25</total>
				<timestamp>264.757303</timestamp>
			</report>
			<report>
				<misses>1263001</misses>
				<total>25</total>
				<timestamp>264.967053</timestamp>
			</report>
			<report>
				<misses>1264001</misses>
				<total>25</total>
				<timestamp>265.176966</timestamp>
			</report>
			<report>
				<misses>1265001</misses>
				<total>25</total>
				<timestamp>265.386644</timestamp>
			</report>
			<report>
				<misses>1266001</misses>
				<total>25</total>
				<timestamp>265.596460</timestamp>
			</report>
			<report>
				<misses>1267001</misses>
				<total>25</total>
				<timestamp>265.806249</timestamp>
			</report>
			<report>
				<misses>1268001</misses>
				<total>25</total>
				<timestamp>266.016011</timestamp>
			</report>
			<report>
				<misses>1269001</misses>
				<total>25</total>
				<timestamp>266.225913</timestamp>
			</report>
			<report>
				<misses>1270001</misses>
				<total>25</total>
				<timestamp>266.435594</timestamp>
			</report>
			<report>
				<misses>1271001</misses>
				<total>25</total>
				<timestamp>266.645375</timestamp>
			</report>
			<report>
				<misses>1272001</misses>
				<total>25</total>
				<timestamp>266.855287</timestamp>
			</report>
			<report>
				<misses>1273001</misses>
				<total>25</total>
				<timestamp>267.065000</timestamp>
			</report>
			<report>
				<misses>1274001</misses>
				<total>25</total>
				<timestamp>267.274792</timestamp>
			</report>
			<report>
				<misses>1275001</misses>
				<total>24</total>
				<timestamp>267.484656</timestamp>
			</report>
			<report>
				<misses>1276001</misses>
				<total>25</total>
				<timestamp>267.694318</timestamp>
			</report>
			<report>
				<misses>1277001</misses>
				<total>25</total>
				<timestamp>267.904118</timestamp>
			</report>
			<report>
				<misses>1278001</misses>
				<total>25</total>
				<timestamp>268.114026</timestamp>
			</report>
			<report>
				<misses>1279001</misses>
				<total>25</total>
				<timestamp>268.323812</timestamp>
			</report>
			<report>
				<misses>1280001</misses>
				<total>25</total>
				<timestamp>268.533528</timestamp>
			</report>
			<report>
				<misses>1281001</misses>
				<total>25</total>
				<timestamp>268.743313</timestamp>
			</report>
			<report>
				<misses>1282001</misses>
				<total>25</total>
				<timestamp>268.953098</timestamp>
			</report>
			<report>
				<misses>1283001</misses>
				<total>24</total>
				<timestamp>269.162975</timestamp>
			</report>
			<report>
				<misses>1284001</misses>
				<total>25</total>
				<timestamp>269.372682</timestamp>
			</report>
			<report>
				<misses>1285001</misses>
				<total>25</total>
				<timestamp>269.582466</timestamp>
			</report>
			<report>
				<misses>1286001</misses>
				<total>25</total>
				<timestamp>269.792345</timestamp>
			</report>
			<report>
				<misses>1287001</misses>
				<total>25</total>
				<timestamp>270.002127</timestamp>
			</report>
			<report>
				<misses>1288001</misses>
				<total>25</total>
				<timestamp>270.211921</timestamp>
			</report>
			<report>
				<misses>1289001</misses>
				<total>25</total>
				<timestamp>270.421706</timestamp>
			</report>
			<report>
				<misses>1290001</misses>
				<total>25</total>
				<timestamp>270.631413</timestamp>
			</report>
			<report>
				<misses>1291001</misses>
				<total>25</total>
				<timestamp>270.841200</timestamp>
			</report>
			<report>
				<misses>1292001</misses>
				<total>25</total>
				<timestamp>271.051086</timestamp>
			</report>
			<report>
				<misses>1293001</misses>
				<total>25</total>
				<timestamp>271.260865</timestamp>
			</report>
			<report>
				<misses>1294001</misses>
				<total>25</total>
				<timestamp>271.470655</timestamp>
			</report>
			<report>
				<misses>1295001</misses>
				<total>25</total>
				<timestamp>271.680451</timestamp>
			</report>
			<report>
				<misses>1296001</misses>
				<total>25</total>
				<timestamp>271.890169</timestamp>
			</report>
			<report>
				<misses>1297001</misses>
				<total>24</total>
				<timestamp>272.100030</timestamp>
			</report>
			<report>
				<misses>1298001</misses>
				<total>25</total>
				<timestamp>272.309732</timestamp>
			</report>
			<report>
				<misses>1299001</misses>
				<total>25</total>
				<timestamp>272.519532</timestamp>
			</report>
			<report>
				<misses>1300001</misses>
				<total>25</total>
				<timestamp>272.729314</timestamp>
			</report>
			<report>
				<misses>1301001</misses>
				<total>25</total>
				<timestamp>272.939184</timestamp>
			</report>
			<report>
				<misses>1302001</misses>
				<total>25</total>
				<timestamp>273.148856</timestamp>
			</report>
			<report>
				<misses>1303001</misses>
				<total>25</total>
				<timestamp>273.358641</timestamp>
			</report>
			<report>
				<misses>1304001</misses>
				<total>25</total>
				<timestamp>273.568477</timestamp>
			</report>
			<report>
				<misses>1305001</misses>
				<total>25</total>
				<timestamp>273.778271</timestamp>
			</report>
			<report>
				<misses>1306001</misses>
				<total>25</total>
				<timestamp>273.988142</timestamp>
			</report>
			<report>
				<misses>1307001</misses>
				<total>25</total>
				<timestamp>274.197808</timestamp>
			</report>
			<report>
				<misses>1308001</misses>
				<total>25</total>
				<timestamp>274.407631</timestamp>
			</report>
			<report>
				<misses>1309001</misses>
				<total>25</total>
				<timestamp>274.617422</timestamp>
			</report>
			<report>
				<misses>1310001</misses>
				<total>25</total>
				<timestamp>274.827225</timestamp>
			</report>
			<report>
				<misses>1311001</misses>
				<total>24</total>
				<timestamp>275.037024</timestamp>
			</report>
			<report>
				<misses>1312001</misses>
				<total>25</total>
				<timestamp>275.246799</timestamp>
			</report>
			<report>
				<misses>1313001</misses>
				<total>25</total>
				<timestamp>275.456671</timestamp>
			</report>
			<report>
				<misses>1314001</misses>
				<total>25</total>
				<timestamp>275.666377</timestamp>
			</report>
			<report>
				<misses>1315001</misses>
				<total>25</total>
				<timestamp>275.876128</timestamp>
			</report>
			<report>
				<misses>1316001</misses>
				<total>24</total>
				<timestamp>276.086047</timestamp>
			</report>
			<report>
				<misses>1317001</misses>
				<total>25</total>
				<timestamp>276.295843</timestamp>
			</report>
			<report>
				<misses>1318001</misses>
				<total>25</total>
				<timestamp>276.505546</timestamp>
			</report>
			<report>
				<misses>1319001</misses>
				<total>24</total>
				<timestamp>276.715329</timestamp>
			</report>
			<report>
				<misses>1320001</misses>
				<total>25</total>
				<timestamp>276.925127</timestamp>
			</report>
			<report>
				<misses>1321001</misses>
				<total>25</total>
				<timestamp>277.134912</timestamp>
			</report>
			<report>
				<misses>1322001</misses>
				<total>25</total>
				<timestamp>277.344784</timestamp>
			</report>
			<report>
				<misses>1323001</misses>
				<total>25</total>
				<timestamp>277.554493</timestamp>
			</report>
			<report>
				<misses>1324001</misses>
				<total>25</total>
				<timestamp>277.764362</timestamp>
			</report>
			<report>
				<misses>1325001</misses>
				<total>25</total>
				<timestamp>277.974072</timestamp>
			</report>
			<report>
				<misses>1326001</misses>
				<total>25</total>
				<timestamp>278.183958</timestamp>
			</report>
			<report>
				<misses>1327001</misses>
				<total>25</total>
				<timestamp>278.393735</timestamp>
			</report>
			<report>
				<misses>1328001</misses>
				<total>25</total>
				<timestamp>278.603442</timestamp>
			</report>
			<report>
				<misses>1329001</misses>
				<total>25</total>
				<timestamp>278.813207</timestamp>
			</report>
			<report>
				<misses>1330001</misses>
				<total>25</total>
				<timestamp>279.023102</timestamp>
			</report>
			<report>
				<misses>1331001</misses>
				<total>25</total>
				<timestamp>279.232897</timestamp>
			</report>
			<report>
				<misses>1332001</misses>
				<total>25</total>
				<timestamp>279.442684</timestamp>
			</report>
			<report>
				<misses>1333001</misses>
				<total>25</total>
				<timestamp>279.652369</timestamp>
			</report>
			<report>
				<misses>1334001</misses>
				<total>25</total>
				<timestamp>279.862140</timestamp>
			</report>
			<report>
				<misses>1335001</misses>
				<total>25</total>
				<timestamp>280.071979</timestamp>
			</report>
			<report>
				<misses>1336001</misses>
				<total>25</total>
				<timestamp>280.281844</timestamp>
			</report>
			<report>
				<misses>1337001</misses>
				<total>25</total>
				<timestamp>280.491516</timestamp>
			</report>
			<report>
				<misses>1338001</misses>
				<total>25</total>
				<timestamp>280.701339</timestamp>
			</report>
			<report>
				<misses>1339001</misses>
				<total>25</total>
				<timestamp>280.911130</timestamp>
			</report>
			<report>
				<misses>1340001</misses>
				<total>25</total>
				<timestamp>281.120925</timestamp>
			</report>
			<report>
				<misses>1341001</misses>
				<total>25</total>
				<timestamp>281.330794</timestamp>
			</report>
			<report>
				<misses>1342001</misses>
				<total>25</total>
				<timestamp>281.540581</timestamp>
			</report>
			<report>
				<misses>1343001</misses>
				<total>25</total>
				<timestamp>281.750296</timestamp>
			</report>
			<report>
				<misses>1344001</misses>
				<total>25</total>
				<timestamp>281.960050</timestamp>
			</report>
			<report>
				<misses>1345001</misses>
				<total>25</total>
				<timestamp>282.169958</timestamp>
			</report>
			<report>
				<misses>1346001</misses>
				<total>25</total>
				<timestamp>282.379660</timestamp>
			</report>
			<report>
				<misses>1347001</misses>
				<total>25</total>
				<timestamp>282.589456</timestamp>
			</report>
			<report>
				<misses>1348001</misses>
				<total>25</total>
				<timestamp>282.799245</timestamp>
			</report>
			<report>
				<misses>1349001</misses>
				<total>25</total>
				<timestamp>283.009006</timestamp>
			</report>
			<report>
				<misses>1350001</misses>
				<total>25</total>
				<timestamp>283.218906</timestamp>
			</report>
			<report>
				<misses>1351001</misses>
				<total>25</total>
				<timestamp>283.428584</timestamp>
			</report>
			<report>
				<misses>1352001</misses>
				<total>25</total>
				<timestamp>283.638400</timestamp>
			</report>
			<report>
				<misses>1353001</misses>
				<total>25</total>
				<timestamp>283.848193</timestamp>
			</report>
			<report>
				<misses>1354001</misses>
				<total>25</total>
				<timestamp>284.058066</timestamp>
			</report>
			<report>
				<misses>1355001</misses>
				<total>24</total>
				<timestamp>284.267858</timestamp>
			</report>
			<report>
				<misses>1356001</misses>
				<total>25</total>
				<timestamp>284.477522</timestamp>
			</report>
			<report>
				<misses>1357001</misses>
				<total>25</total>
				<timestamp>284.687354</timestamp>
			</report>
			<report>
				<misses>1358001</misses>
				<total>25</total>
				<timestamp>284.897144</timestamp>
			</report>
			<report>
				<misses>1359001</misses>
				<total>24</total>
				<timestamp>285.106927</timestamp>
			</report>
			<report>
				<misses>1360001</misses>
				<total>24</total>
				<timestamp>285.316797</timestamp>
			</report>
			<report>
				<misses>1361001</misses>
				<total>25</total>
				<timestamp>285.526586</timestamp>
			</report>
			<report>
				<misses>1362001</misses>
				<total>25</total>
				<timestamp>285.736377</timestamp>
			</report>
			<report>
				<misses>1363001</misses>
				<total>25</total>
				<timestamp>285.946171</timestamp>
			</report>
			<report>
				<misses>1364001</misses>
				<total>25</total>
				<timestamp>286.155959</timestamp>
			</report>
			<report>
				<misses>1365001</misses>
				<total>25</total>
				<timestamp>286.365746</timestamp>
			</report>
			<report>
				<misses>1366001</misses>
				<total>25</total>
				<timestamp>286.575459</timestamp>
			</report>
			<report>
				<misses>1367001</misses>
				<total>25</total>
				<timestamp>286.785332</timestamp>
			</report>
			<report>
				<misses>1368001</misses>
				<total>25</total>
				<timestamp>286.995041</timestamp>
			</report>
			<report>
				<misses>1369001</misses>
				<total>25</total>
				<timestamp>287.204837</timestamp>
			</report>
			<report>
				<misses>1370001</misses>
				<total>25</total>
				<timestamp>287.414619</timestamp>
			</report>
			<report>
				<misses>1371001</misses>
				<total>25</total>
				<timestamp>287.624409</timestamp>
			</report>
			<report>
				<misses>1372001</misses>
				<total>25</total>
				<timestamp>287.834193</timestamp>
			</report>
			<report>
				<misses>1373001</misses>
				<total>25</total>
				<timestamp>288.043990</timestamp>
			</report>
			<report>
				<misses>1374001</misses>
				<total>25</total>
				<timestamp>288.253777</timestamp>
			</report>
			<report>
				<misses>1375001</misses>
				<total>25</total>
				<timestamp>288.463563</timestamp>
			</report>
			<report>
				<misses>1376001</misses>
				<total>25</total>
				<timestamp>288.673353</timestamp>
			</report>
			<report>
				<misses>1377001</misses>
				<total>25</total>
				<timestamp>288.883144</timestamp>
			</report>
			<report>
				<misses>1378001</misses>
				<total>24</total>
				<timestamp>289.093019</timestamp>
			</report>
			<report>
				<misses>1379001</misses>
				<total>25</total>
				<timestamp>289.302806</timestamp>
			</report>
			<report>
				<misses>1380001</misses>
				<total>25</total>
				<timestamp>289.512612</timestamp>
			</report>
			<report>
				<misses>1381001</misses>
				<total>25</total>
				<timestamp>289.722306</timestamp>
			</report>
			<report>
				<misses>1382001</misses>
				<total>25</total>
				<timestamp>289.932091</timestamp>
			</report>
			<report>
				<misses>1383001</misses>
				<total>25</total>
				<timestamp>290.141884</timestamp>
			</report>
			<report>
				<misses>1384001</misses>
				<total>25</total>
				<timestamp>290.351757</timestamp>
			</report>
			<report>
				<misses>1385001</misses>
				<total>25</total>
				<timestamp>290.561431</timestamp>
			</report>
			<report>
				<misses>1386001</misses>
				<total>25</total>
				<timestamp>290.771257</timestamp>
			</report>
			<report>
				<misses>1387001</misses>
				<total>25</total>
				<timestamp>290.981053</timestamp>
			</report>
			<report>
				<misses>1388001</misses>
				<total>25</total>
				<timestamp>291.190833</timestamp>
			</report>
			<report>
				<misses>1389001</misses>
				<total>25</total>
				<timestamp>291.400650</timestamp>
			</report>
			<report>
				<misses>1390001</misses>
				<total>25</total>
				<timestamp>291.610375</timestamp>
			</report>
			<report>
				<misses>1391001</misses>
				<total>24</total>
				<timestamp>291.820216</timestamp>
			</report>
			<report>
				<misses>1392001</misses>
				<total>25</total>
				<timestamp>292.029961</timestamp>
			</report>
			<report>
				<misses>1393001</misses>
				<total>25</total>
				<timestamp>292.239782</timestamp>
			</report>
			<report>
				<misses>1394001</misses>
				<total>25</total>
				<timestamp>292.449576</timestamp>
			</report>
			<report>
				<misses>1395001</misses>
				<total>25</total>
				<timestamp>292.659372</timestamp>
			</report>
			<report>
				<misses>1396001</misses>
				<total>24</total>
				<timestamp>292.869160</timestamp>
			</report>
			<report>
				<misses>1397001</misses>
				<total>25</total>
				<timestamp>293.079035</timestamp>
			</report>
			<report>
				<misses>1398001</misses>
				<total>25</total>
				<timestamp>293.288740</timestamp>
			</report>
			<report>
				<misses>1399001</misses>
				<total>25</total>
				<timestamp>293.498615</timestamp>
			</report>
			<report>
				<misses>1400001</misses>
				<total>25</total>
				<timestamp>293.708289</timestamp>
			</report>
			<report>
				<misses>1401001</misses>
				<total>25</total>
				<timestamp>293.918073</timestamp>
			</report>
			<report>
				<misses>1402001</misses>
				<total>25</total>
				<timestamp>294.127864</timestamp>
			</report>
			<report>
				<misses>1403001</misses>
				<total>25</total>
				<timestamp>294.337779</timestamp>
			</report>
			<report>
				<misses>1404001</misses>
				<total>25</total>
				<timestamp>294.547561</timestamp>
			</report>
			<report>
				<misses>1405001</misses>
				<total>25</total>
				<timestamp>294.757358</timestamp>
			</report>
			<report>
				<misses>1406001</misses>
				<total>25</total>
				<timestamp>294.967023</timestamp>
			</report>
			<report>
				<misses>1407001</misses>
				<total>25</total>
				<timestamp>295.176850</timestamp>
			</report>
			<report>
				<misses>1408001</misses>
				<total>28</total>
				<timestamp>295.386671</timestamp>
			</report>
			<report>
				<misses>1409001</misses>
				<total>29</total>
				<timestamp>295.596393</timestamp>
			</report>
			<report>
				<misses>1410001</misses>
				<total>29</total>
				<timestamp>295.806233</timestamp>
			</report>
			<report>
				<misses>1411001</misses>
				<total>29</total>
				<timestamp>296.016010</timestamp>
			</report>
			<report>
				<misses>1412001</misses>
				<total>29</total>
				<timestamp>296.225798</timestamp>
			</report>
			<report>
				<misses>1413001</misses>
				<total>29</total>
				<timestamp>296.435592</timestamp>
			</report>
			<report>
				<misses>1414001</misses>
				<total>29</total>
				<timestamp>296.645469</timestamp>
			</report>
			<report>
				<misses>1415001</misses>
				<total>29</total>
				<timestamp>296.855136</timestamp>
			</report>
			<report>
				<misses>1416001</misses>
				<total>29</total>
				<timestamp>297.065043</timestamp>
			</report>
			<report>
				<misses>1417001</misses>
				<total>29</total>
				<timestamp>297.274749</timestamp>
			</report>
			<report>
				<misses>1418001</misses>
				<total>28</total>
				<timestamp>297.484545</timestamp>
			</report>
			<report>
				<misses>1419001</misses>
				<total>29</total>
				<timestamp>297.694297</timestamp>
			</report>
			<report>
				<misses>1420001</misses>
				<total>29</total>
				<timestamp>297.904092</timestamp>
			</report>
			<report>
				<misses>1421001</misses>
				<total>29</total>
				<timestamp>298.114002</timestamp>
			</report>
			<report>
				<misses>1422001</misses>
				<total>29</total>
				<timestamp>298.323707</timestamp>
			</report>
			<report>
				<misses>1423001</misses>
				<total>29</total>
				<timestamp>298.533504</timestamp>
			</report>
			<report>
				<misses>1424001</misses>
				<total>29</total>
				<timestamp>298.743381</timestamp>
			</report>
			<report>
				<misses>1425001</misses>
				<total>29</total>
				<timestamp>298.953033</timestamp>
			</report>
			<report>
				<misses>1426001</misses>
				<total>29</total>
				<timestamp>299.162867</timestamp>
			</report>
			<report>
				<misses>1427001</misses>
				<total>29</total>
				<timestamp>299.372657</timestamp>
			</report>
			<report>
				<misses>1428001</misses>
				<total>29</total>
				<timestamp>299.582439</timestamp>
			</report>
			<report>
				<misses>1429001</misses>
				<total>29</total>
				<timestamp>299.792228</timestamp>
			</report>
			<report>
				<misses>1430001</misses>
				<total>29</total>
				<timestamp>300.002108</timestamp>
			</report>
			<report>
				<misses>1431001</misses>
				<total>29</total>
				<timestamp>300.211814</timestamp>
			</report>
			<report>
				<misses>1432001</misses>
				<total>28</total>
				<timestamp>300.421679</timestamp>
			</report>
			<report>
				<misses>1433001</misses>
				<total>29</total>
				<timestamp>300.631397</timestamp>
			</report>
			<report>
				<misses>1434001</misses>
				<total>29</total>
				<timestamp>300.841175</timestamp>
			</report>
			<report>
				<misses>1435001</misses>
				<total>29</total>
				<timestamp>301.050936</timestamp>
			</report>
			<report>
				<misses>1436001</misses>
				<total>29</total>
				<timestamp>301.260757</timestamp>
			</report>
			<report>
				<misses>1437001</misses>
				<total>29</total>
				<timestamp>301.470545</timestamp>
			</report>
			<report>
				<misses>1438001</misses>
				<total>29</total>
				<timestamp>301.680339</timestamp>
			</report>
			<report>
				<misses>1439001</misses>
				<total>29</total>
				<timestamp>301.890097</timestamp>
			</report>
			<report>
				<misses>1440001</misses>
				<total>29</total>
				<timestamp>302.099923</timestamp>
			</report>
			<report>
				<misses>1441001</misses>
				<total>29</total>
				<timestamp>302.309717</timestamp>
			</report>
			<report>
				<misses>1442001</misses>
				<total>29</total>
				<timestamp>302.519495</timestamp>
			</report>
			<report>
				<misses>1443001</misses>
				<total>29</total>
				<timestamp>302.729288</timestamp>
			</report>
			<report>
				<misses>1444001</misses>
				<total>29</total>
				<timestamp>302.939084</timestamp>
			</report>
			<report>
				<misses>1445001</misses>
				<total>29</total>
				<timestamp>303.148862</timestamp>
			</report>
			<report>
				<misses>1446001</misses>
				<total>29</total>
				<timestamp>303.358740</timestamp>
			</report>
			<report>
				<misses>1447001</misses>
				<total>29</total>
				<timestamp>303.568406</timestamp>
			</report>
			<report>
				<misses>1448001</misses>
				<total>29</total>
				<timestamp>303.778243</timestamp>
			</report>
			<report>
				<misses>1449001</misses>
				<total>29</total>
				<timestamp>303.988037</timestamp>
			</report>
			<report>
				<misses>1450001</misses>
				<total>29</total>
				<timestamp>304.197814</timestamp>
			</report>
			<report>
				<misses>1451001</misses>
				<total>29</total>
				<timestamp>304.407688</timestamp>
			</report>
			<report>
				<misses>1452001</misses>
				<total>29</total>
				<timestamp>304.617363</timestamp>
			</report>
			<report>
				<misses>1453001</misses>
				<total>29</total>
				<timestamp>304.827193</timestamp>
			</report>
			<report>
				<misses>1454001</misses>
				<total>29</total>
				<timestamp>305.036977</timestamp>
			</report>
			<report>
				<misses>1455001</misses>
				<total>29</total>
				<timestamp>305.246766</timestamp>
			</report>
			<report>
				<misses>1456001</misses>
				<total>29</total>
				<timestamp>305.456557</timestamp>
			</report>
			<report>
				<misses>1457001</misses>
				<total>29</total>
				<timestamp>305.666341</timestamp>
			</report>
			<report>
				<misses>1458001</misses>
				<total>29</total>
				<timestamp>305.876134</timestamp>
			</report>
			<report>
				<misses>1459001</misses>
				<total>29</total>
				<timestamp>306.085926</timestamp>
			</report>
			<report>
				<misses>1460001</misses>
				<total>29</total>
				<timestamp>306.295721</timestamp>
			</report>
			<report>
				<misses>1461001</misses>
				<total>29</total>
				<timestamp>306.505503</timestamp>
			</report>
			<report>
				<misses>1462001</misses>
				<total>29</total>
				<timestamp>306.715299</timestamp>
			</report>
			<report>
				<misses>1463001</misses>
				<total>29</total>
				<timestamp>306.925168</timestamp>
			</report>
			<report>
				<misses>1464001</misses>
				<total>29</total>
				<timestamp>307.134964</timestamp>
			</report>
			<report>
				<misses>1465001</misses>
				<total>29</total>
				<timestamp>307.344629</timestamp>
			</report>
			<report>
				<misses>1466001</misses>
				<total>29</total>
				<timestamp>307.554458</timestamp>
			</report>
			<report>
				<misses>1467001</misses>
				<total>29</total>
				<timestamp>307.764332</timestamp>
			</report>
			<report>
				<misses>1468001</misses>
				<total>29</total>
				<timestamp>307.974121</timestamp>
			</report>
			<report>
				<misses>1469001</misses>
				<total>29</total>
				<timestamp>308.183921</timestamp>
			</report>
			<report>
				<misses>1470001</misses>
				<total>29</total>
				<timestamp>308.393589</timestamp>
			</report>
			<report>
				<misses>1471001</misses>
				<total>29</total>
				<timestamp>308.603370</timestamp>
			</report>
			<report>
				<misses>1472001</misses>
				<total>29</total>
				<timestamp>308.813191</timestamp>
			</report>
			<report>
				<misses>1473001</misses>
				<total>29</total>
				<timestamp>309.022983</timestamp>
			</report>
			<report>
				<misses>1474001</misses>
				<total>29</total>
				<timestamp>309.232781</timestamp>
			</report>
			<report>
				<misses>1475001</misses>
				<total>29</total>
				<timestamp>309.442656</timestamp>
			</report>
			<report>
				<misses>1476001</misses>
				<total>29</total>
				<timestamp>309.652438</timestamp>
			</report>
			<report>
				<misses>1477001</misses>
				<total>29</total>
				<timestamp>309.862110</timestamp>
			</report>
			<report>
				<misses>1478001</misses>
				<total>29</total>
				<timestamp>310.072032</timestamp>
			</report>
			<report>
				<misses>1479001</misses>
				<total>29</total>
				<timestamp>310.281815</timestamp>
			</report>
			<report>
				<misses>1480001</misses>
				<total>29</total>
				<timestamp>310.491516</timestamp>
			</report>
			<report>
				<misses>1481001</misses>
				<total>29</total>
				<timestamp>310.701274</timestamp>
			</report>
			<report>
				<misses>1482001</misses>
				<total>29</total>
				<timestamp>310.911101</timestamp>
			</report>
			<report>
				<misses>1483001</misses>
				<total>29</total>
				<timestamp>311.120973</timestamp>
			</report>
			<report>
				<misses>1484001</misses>
				<total>29</total>
				<timestamp>311.330767</timestamp>
			</report>
			<report>
				<misses>1485001</misses>
				<total>29</total>
				<timestamp>311.540554</timestamp>
			</report>
			<report>
				<misses>1486001</misses>
				<total>29</total>
				<timestamp>311.750348</timestamp>
			</report>
			<report>
				<misses>1487001</misses>
				<total>29</total>
				<timestamp>311.960054</timestamp>
			</report>
			<report>
				<misses>1488001</misses>
				<total>29</total>
				<timestamp>312.169837</timestamp>
			</report>
			<report>
				<misses>1489001</misses>
				<total>29</total>
				<timestamp>312.379601</timestamp>
			</report>
			<report>
				<misses>1490001</misses>
				<total>29</total>
				<timestamp>312.589372</timestamp>
			</report>
			<report>
				<misses>1491001</misses>
				<total>29</total>
				<timestamp>312.799197</timestamp>
			</report>
			<report>
				<misses>1492001</misses>
				<total>29</total>
				<timestamp>313.008960</timestamp>
			</report>
			<report>
				<misses>1493001</misses>
				<total>29</total>
				<timestamp>313.218746</timestamp>
			</report>
			<report>
				<misses>1494001</misses>
				<total>29</total>
				<timestamp>313.428571</timestamp>
			</report>
			<report>
				<misses>1495001</misses>
				<total>29</total>
				<timestamp>313.638332</timestamp>
			</report>
			<report>
				<misses>1496001</misses>
				<total>29</total>
				<timestamp>313.848111</timestamp>
			</report>
			<report>
				<misses>1497001</misses>
				<total>29</total>
				<timestamp>314.057913</timestamp>
			</report>
			<report>
				<misses>1498001</misses>
				<total>29</total>
				<timestamp>314.267691</timestamp>
			</report>
			<report>
				<misses>1499001</misses>
				<total>28</total>
				<timestamp>314.477550</timestamp>
			</report>
			<report>
				<misses>1500001</misses>
				<total>29</total>
				<timestamp>314.687270</timestamp>
			</report>
			<report>
				<misses>1501001</misses>
				<total>29</total>
				<timestamp>314.897067</timestamp>
			</report>
			<report>
				<misses>1502001</misses>
				<total>29</total>
				<timestamp>315.106867</timestamp>
			</report>
			<report>
				<misses>1503001</misses>
				<total>29</total>
				<timestamp>315.316672</timestamp>
			</report>
			<report>
				<misses>1504001</misses>
				<total>29</total>
				<timestamp>315.526453</timestamp>
			</report>
			<report>
				<misses>1505001</misses>
				<total>29</total>
				<timestamp>315.736232</timestamp>
			</report>
			<report>
				<misses>1506001</misses>
				<total>29</total>
				<timestamp>315.946015</timestamp>
			</report>
			<report>
				<misses>1507001</misses>
				<total>29</total>
				<timestamp>316.155819</timestamp>
			</report>
			<report>
				<misses>1508001</misses>
				<total>29</total>
				<timestamp>316.365637</timestamp>
			</report>
			<report>
				<misses>1509001</misses>
				<total>29</total>
				<timestamp>316.575456</timestamp>
			</report>
			<report>
				<misses>1510001</misses>
				<total>29</total>
				<timestamp>316.785177</timestamp>
			</report>
			<report>
				<misses>1511001</misses>
				<total>29</total>
				<timestamp>316.994967</timestamp>
			</report>
			<report>
				<misses>1512001</misses>
				<total>29</total>
				<timestamp>317.204763</timestamp>
			</report>
			<report>
				<misses>1513001</misses>
				<total>29</total>
				<timestamp>317.414560</timestamp>
			</report>
			<report>
				<misses>1514001</misses>
				<total>29</total>
				<timestamp>317.624329</timestamp>
			</report>
			<report>
				<misses>1515001</misses>
				<total>29</total>
				<timestamp>317.834135</timestamp>
			</report>
			<report>
				<misses>1516001</misses>
				<total>29</total>
				<timestamp>318.043919</timestamp>
			</report>
			<report>
				<misses>1517001</misses>
				<total>29</total>
				<timestamp>318.253760</timestamp>
			</report>
			<report>
				<misses>1518001</misses>
				<total>29</total>
				<timestamp>318.463525</timestamp>
			</report>
			<report>
				<misses>1519001</misses>
				<total>28</total>
				<timestamp>318.673301</timestamp>
			</report>
			<report>
				<misses>1520001</misses>
				<total>29</total>
				<timestamp>318.883089</timestamp>
			</report>
			<report>
				<misses>1521001</misses>
				<total>29</total>
				<timestamp>319.092872</timestamp>
			</report>
			<report>
				<misses>1522001</misses>
				<total>29</total>
				<timestamp>319.302679</timestamp>
			</report>
			<report>
				<misses>1523001</misses>
				<total>29</total>
				<timestamp>319.512519</timestamp>
			</report>
			<report>
				<misses>1524001</misses>
				<total>29</total>
				<timestamp>319.722277</timestamp>
			</report>
			<report>
				<misses>1525001</misses>
				<total>29</total>
				<timestamp>319.932029</timestamp>
			</report>
			<report>
				<misses>1526001</misses>
				<total>29</total>
				<timestamp>320.141814</timestamp>
			</report>
			<report>
				<misses>1527001</misses>
				<total>29</total>
				<timestamp>320.351636</timestamp>
			</report>
			<report>
				<misses>1528001</misses>
				<total>29</total>
				<timestamp>320.561428</timestamp>
			</report>
			<report>
				<misses>1529001</misses>
				<total>29</total>
				<timestamp>320.771206</timestamp>
			</report>
			<report>
				<misses>1530001</misses>
				<total>29</total>
				<timestamp>320.980982</timestamp>
			</report>
			<report>
				<misses>1531001</misses>
				<total>29</total>
				<timestamp>321.190791</timestamp>
			</report>
			<report>
				<misses>1532001</misses>
				<total>29</total>
				<timestamp>321.400568</timestamp>
			</report>
			<report>
				<misses>1533001</misses>
				<total>29</total>
				<timestamp>321.610395</timestamp>
			</report>
			<report>
				<misses>1534001</misses>
				<total>29</total>
				<timestamp>321.820130</timestamp>
			</report>
			<report>
				<misses>1535001</misses>
				<total>29</total>
				<timestamp>322.029945</timestamp>
			</report>
			<report>
				<misses>1536001</misses>
				<total>29</total>
				<timestamp>322.239730</timestamp>
			</report>
			<report>
				<misses>1537001</misses>
				<total>29</total>
				<timestamp>322.449513</timestamp>
			</report>
			<report>
				<misses>1538001</misses>
				<total>29</total>
				<timestamp>322.659299</timestamp>
			</report>
			<report>
				<misses>1539001</misses>
				<total>29</total>
				<timestamp>322.869091</timestamp>
			</report>
			<report>
				<misses>1540001</misses>
				<total>29</total>
				<timestamp>323.078893</timestamp>
			</report>
			<report>
				<misses>1541001</misses>
				<total>29</total>
				<timestamp>323.288668</timestamp>
			</report>
			<report>
				<misses>1542001</misses>
				<total>29</total>
				<timestamp>323.498478</timestamp>
			</report>
			<report>
				<misses>1543001</misses>
				<total>29</total>
				<timestamp>323.708295</timestamp>
			</report>
			<report>
				<misses>1544001</misses>
				<total>29</total>
				<timestamp>323.918054</timestamp>
			</report>
			<report>
				<misses>1545001</misses>
				<total>29</total>
				<timestamp>324.127821</timestamp>
			</report>
			<report>
				<misses>1546001</misses>
				<total>29</total>
				<timestamp>324.337621</timestamp>
			</report>
			<report>
				<misses>1547001</misses>
				<total>29</total>
				<timestamp>324.547481</timestamp>
			</report>
			<report>
				<misses>1548001</misses>
				<total>29</total>
				<timestamp>324.757219</timestamp>
			</report>
			<report>
				<misses>1549001</misses>
				<total>29</total>
				<timestamp>324.966983</timestamp>
			</report>
			<report>
				<misses>1550001</misses>
				<total>29</total>
				<timestamp>325.176778</timestamp>
			</report>
			<report>
				<misses>1551001</misses>
				<total>29</total>
				<timestamp>325.386612</timestamp>
			</report>
			<report>
				<misses>1552001</misses>
				<total>28</total>
				<timestamp>325.596413</timestamp>
			</report>
			<report>
				<misses>1553001</misses>
				<total>29</total>
				<timestamp>325.806141</timestamp>
			</report>
			<report>
				<misses>1554001</misses>
				<total>29</total>
				<timestamp>326.015942</timestamp>
			</report>
			<report>
				<misses>1555001</misses>
				<total>29</total>
				<timestamp>326.225725</timestamp>
			</report>
			<report>
				<misses>1556001</misses>
				<total>29</total>
				<timestamp>326.435544</timestamp>
			</report>
			<report>
				<misses>1557001</misses>
				<total>29</total>
				<timestamp>326.645305</timestamp>
			</report>
			<report>
				<misses>1558001</misses>
				<total>29</total>
				<timestamp>326.855099</timestamp>
			</report>
			<report>
				<misses>1559001</misses>
				<total>29</total>
				<timestamp>327.064900</timestamp>
			</report>
			<report>
				<misses>1560001</misses>
				<total>29</total>
				<timestamp>327.274675</timestamp>
			</report>
			<report>
				<misses>1561001</misses>
				<total>29</total>
				<timestamp>327.484502</timestamp>
			</report>
			<report>
				<misses>1562001</misses>
				<total>29</total>
				<timestamp>327.694259</timestamp>
			</report>
			<report>
				<misses>1563001</misses>
				<total>29</total>
				<timestamp>327.904031</timestamp>
			</report>
			<report>
				<misses>1564001</misses>
				<total>29</total>
				<timestamp>328.113841</timestamp>
			</report>
			<report>
				<misses>1565001</misses>
				<total>29</total>
				<timestamp>328.323661</timestamp>
			</report>
			<report>
				<misses>1566001</misses>
				<total>29</total>
				<timestamp>328.533470</timestamp>
			</report>
			<report>
				<misses>1567001</misses>
				<total>29</total>
				<timestamp>328.743258</timestamp>
			</report>
			<report>
				<misses>1568001</misses>
				<total>29</total>
				<timestamp>328.952995</timestamp>
			</report>
			<report>
				<misses>1569001</misses>
				<total>29</total>
				<timestamp>329.162797</timestamp>
			</report>
			<report>
				<misses>1570001</misses>
				<total>29</total>
				<timestamp>329.372601</timestamp>
			</report>
			<report>
				<misses>1571001</misses>
				<total>29</total>
				<timestamp>329.582492</timestamp>
			</report>
			<report>
				<misses>1572001</misses>
				<total>29</total>
				<timestamp>329.792276</timestamp>
			</report>
			<report>
				<misses>1573001</misses>
				<total>31</total>
				<timestamp>330.002074</timestamp>
			</report>
			<report>
				<misses>1574001</misses>
				<total>31</total>
				<timestamp>330.211735</timestamp>
			</report>
			<report>
				<misses>1575001</misses>
				<total>31</total>
				<timestamp>330.421645</timestamp>
			</report>
			<report>
				<misses>1576001</misses>
				<total>31</total>
				<timestamp>330.631314</timestamp>
			</report>
			<report>
				<misses>1577001</misses>
				<total>31</total>
				<timestamp>330.841146</timestamp>
			</report>
			<report>
				<misses>1578001</misses>
				<total>31</total>
				<timestamp>331.050941</timestamp>
			</report>
			<report>
				<misses>1579001</misses>
				<total>31</total>
				<timestamp>331.260721</timestamp>
			</report>
			<report>
				<misses>1580001</misses>
				<total>31</total>
				<timestamp>331.470515</timestamp>
			</report>
			<report>
				<misses>1581001</misses>
				<total>31</total>
				<timestamp>331.680316</timestamp>
			</report>
			<report>
				<misses>1582001</misses>
				<total>31</total>
				<timestamp>331.890094</timestamp>
			</report>
			<report>
				<misses>1583001</misses>
				<total>31</total>
				<timestamp>332.099888</timestamp>
			</report>
			<report>
				<misses>1584001</misses>
				<total>31</total>
				<timestamp>332.309673</timestamp>
			</report>
			<report>
				<misses>1585001</misses>
				<total>31</total>
				<timestamp>332.519469</timestamp>
			</report>
			<report>
				<misses>1586001</misses>
				<total>31</total>
				<timestamp>332.729258</timestamp>
			</report>
			<report>
				<misses>1587001</misses>
				<total>30</total>
				<timestamp>332.939055</timestamp>
			</report>
			<report>
				<misses>1588001</misses>
				<total>31</total>
				<timestamp>333.148836</timestamp>
			</report>
			<report>
				<misses>1589001</misses>
				<total>30</total>
				<timestamp>333.358634</timestamp>
			</report>
			<report>
				<misses>1590001</misses>
				<total>31</total>
				<timestamp>333.568437</timestamp>
			</report>
			<report>
				<misses>1591001</misses>
				<total>31</total>
				<timestamp>333.778293</timestamp>
			</report>
			<report>
				<misses>1592001</misses>
				<total>31</total>
				<timestamp>333.987999</timestamp>
			</report>
			<report>
				<misses>1593001</misses>
				<total>31</total>
				<timestamp>334.197755</timestamp>
			</report>
			<report>
				<misses>1594001</misses>
				<total>33</total>
				<timestamp>334.407575</timestamp>
			</report>
			<report>
				<misses>1595001</misses>
				<total>33</total>
				<timestamp>334.617460</timestamp>
			</report>
			<report>
				<misses>1596001</misses>
				<total>33</total>
				<timestamp>334.827121</timestamp>
			</report>
			<report>
				<misses>1597001</misses>
				<total>33</total>
				<timestamp>335.036916</timestamp>
			</report>
			<report>
				<misses>1598001</misses>
				<total>33</total>
				<timestamp>335.246706</timestamp>
			</report>
			<report>
				<misses>1599001</misses>
				<total>33</total>
				<timestamp>335.456563</timestamp>
			</report>
			<report>
				<misses>1600001</misses>
				<total>33</total>
				<timestamp>335.666317</timestamp>
			</report>
			<report>
				<misses>1601001</misses>
				<total>33</total>
				<timestamp>335.876073</timestamp>
			</report>
			<report>
				<misses>1602001</misses>
				<total>33</total>
				<timestamp>336.085985</timestamp>
			</report>
			<report>
				<misses>1603001</misses>
				<total>33</total>
				<timestamp>336.295659</timestamp>
			</report>
			<report>
				<misses>1604001</misses>
				<total>33</total>
				<timestamp>336.505488</timestamp>
			</report>
			<report>
				<misses>1605001</misses>
				<total>33</total>
				<timestamp>336.715273</timestamp>
			</report>
			<report>
				<misses>1606001</misses>
				<total>33</total>
				<timestamp>336.925060</timestamp>
			</report>
			<report>
				<misses>1607001</misses>
				<total>33</total>
				<timestamp>337.134939</timestamp>
			</report>
			<report>
				<misses>1608001</misses>
				<total>33</total>
				<timestamp>337.344639</timestamp>
			</report>
			<report>
				<misses>1609001</misses>
				<total>33</total>
				<timestamp>337.554522</timestamp>
			</report>
			<report>
				<misses>1610001</misses>
				<total>33</total>
				<timestamp>337.764198</timestamp>
			</report>
			<report>
				<misses>1611001</misses>
				<total>33</total>
				<timestamp>337.974008</timestamp>
			</report>
			<report>
				<misses>1612001</misses>
				<total>33</total>
				<timestamp>338.183802</timestamp>
			</report>
			<report>
				<misses>1613001</misses>
				<total>33</total>
				<timestamp>338.393547</timestamp>
			</report>
			<report>
				<misses>1614001</misses>
				<total>33</total>
				<timestamp>338.603375</timestamp>
			</report>
			<report>
				<misses>1615001</misses>
				<total>33</total>
				<timestamp>338.813137</timestamp>
			</report>
			<report>
				<misses>1616001</misses>
				<total>33</total>
				<timestamp>339.022929</timestamp>
			</report>
			<report>
				<misses>1617001</misses>
				<total>33</total>
				<timestamp>339.232724</timestamp>
			</report>
			<report>
				<misses>1618001</misses>
				<total>33</total>
				<timestamp>339.442516</timestamp>
			</report>
			<report>
				<misses>1619001</misses>
				<total>33</total>
				<timestamp>339.652327</timestamp>
			</report>
			<report>
				<misses>1620001</misses>
				<total>33</total>
				<timestamp>339.862078</timestamp>
			</report>
			<report>
				<misses>1621001</misses>
				<total>33</total>
				<timestamp>340.071863</timestamp>
			</report>
			<report>
				<misses>1622001</misses>
				<total>33</total>
				<timestamp>340.281664</timestamp>
			</report>
			<report>
				<misses>1623001</misses>
				<total>33</total>
				<timestamp>340.491490</timestamp>
			</report>
			<report>
				<misses>1624001</misses>
				<total>33</total>
				<timestamp>340.701298</timestamp>
			</report>
			<report>
				<misses>1625001</misses>
				<total>33</total>
				<timestamp>340.911030</timestamp>
			</report>
			<report>
				<misses>1626001</misses>
				<total>33</total>
				<timestamp>341.120812</timestamp>
			</report>
			<report>
				<misses>1627001</misses>
				<total>33</total>
				<timestamp>341.330612</timestamp>
			</report>
			<report>
				<misses>1628001</misses>
				<total>33</total>
				<timestamp>341.540405</timestamp>
			</report>
			<report>
				<misses>1629001</misses>
				<total>33</total>
				<timestamp>341.750210</timestamp>
			</report>
			<report>
				<misses>1630001</misses>
				<total>33</total>
				<timestamp>341.960021</timestamp>
			</report>
			<report>
				<misses>1631001</misses>
				<total>33</total>
				<timestamp>342.169812</timestamp>
			</report>
			<report>
				<misses>1632001</misses>
				<total>33</total>
				<timestamp>342.379618</timestamp>
			</report>
			<report>
				<misses>1633001</misses>
				<total>33</total>
				<timestamp>342.589392</timestamp>
			</report>
			<report>
				<misses>1634001</misses>
				<total>33</total>
				<timestamp>342.799156</timestamp>
			</report>
			<report>
				<misses>1635001</misses>
				<total>33</total>
				<timestamp>343.008938</timestamp>
			</report>
			<report>
				<misses>1636001</misses>
				<total>33</total>
				<timestamp>343.218722</timestamp>
			</report>
			<report>
				<misses>1637001</misses>
				<total>33</total>
				<timestamp>343.428556</timestamp>
			</report>
			<report>
				<misses>1638001</misses>
				<total>33</total>
				<timestamp>343.638343</timestamp>
			</report>
			<report>
				<misses>1639001</misses>
				<total>33</total>
				<timestamp>343.848074</timestamp>
			</report>
			<report>
				<misses>1640001</misses>
				<total>33</total>
				<timestamp>344.057892</timestamp>
			</report>
			<report>
				<misses>1641001</misses>
				<total>33</total>
				<timestamp>344.267674</timestamp>
			</report>
			<report>
				<misses>1642001</misses>
				<total>33</total>
				<timestamp>344.477489</timestamp>
			</report>
			<report>
				<misses>1643001</misses>
				<total>33</total>
				<timestamp>344.687265</timestamp>
			</report>
			<report>
				<misses>1644001</misses>
				<total>33</total>
				<timestamp>344.897041</timestamp>
			</report>
			<report>
				<misses>1645001</misses>
				<total>33</total>
				<timestamp>345.106828</timestamp>
			</report>
			<report>
				<misses>1646001</misses>
				<total>32</total>
				<timestamp>345.316644</timestamp>
			</report>
			<report>
				<misses>1647001</misses>
				<total>33</total>
				<timestamp>345.526434</timestamp>
			</report>
			<report>
				<misses>1648001</misses>
				<total>33</total>
				<timestamp>345.736214</timestamp>
			</report>
			<report>
				<misses>1649001</misses>
				<total>33</total>
				<timestamp>345.946021</timestamp>
			</report>
			<report>
				<misses>1650001</misses>
				<total>33</total>
				<timestamp>346.155788</timestamp>
			</report>
			<report>
				<misses>1651001</misses>
				<total>33</total>
				<timestamp>346.365576</timestamp>
			</report>
			<report>
				<misses>1652001</misses>
				<total>33</total>
				<timestamp>346.575448</timestamp>
			</report>
			<report>
				<misses>1653001</misses>
				<total>33</total>
				<timestamp>346.785151</timestamp>
			</report>
			<report>
				<misses>1654001</misses>
				<total>33</total>
				<timestamp>346.994939</timestamp>
			</report>
			<report>
				<misses>1655001</misses>
				<total>33</total>
				<timestamp>347.204736</timestamp>
			</report>
			<report>
				<misses>1656001</misses>
				<total>33</total>
				<timestamp>347.414543</timestamp>
			</report>
			<report>
				<misses>1657001</misses>
				<total>33</total>
				<timestamp>347.624374</timestamp>
			</report>
			<report>
				<misses>1658001</misses>
				<total>33</total>
				<timestamp>347.834081</timestamp>
			</report>
			<report>
				<misses>1659001</misses>
				<total>33</total>
				<timestamp>348.043881</timestamp>
			</report>
			<report>
				<misses>1660001</misses>
				<total>33</total>
				<timestamp>348.253713</timestamp>
			</report>
			<report>
				<misses>1661001</misses>
				<total>33</total>
				<timestamp>348.463509</timestamp>
			</report>
			<report>
				<misses>1662001</misses>
				<total>33</total>
				<timestamp>348.673299</timestamp>
			</report>
			<report>
				<misses>1663001</misses>
				<total>33</total>
				<timestamp>348.883052</timestamp>
			</report>
			<report>
				<misses>1664001</misses>
				<total>33</total>
				<timestamp>349.092842</timestamp>
			</report>
			<report>
				<misses>1665001</misses>
				<total>33</total>
				<timestamp>349.302628</timestamp>
			</report>
			<report>
				<misses>1666001</misses>
				<total>33</total>
				<timestamp>349.512458</timestamp>
			</report>
			<report>
				<misses>1667001</misses>
				<total>33</total>
				<timestamp>349.722245</timestamp>
			</report>
			<report>
				<misses>1668001</misses>
				<total>33</total>
				<timestamp>349.932005</timestamp>
			</report>
			<report>
				<misses>1669001</misses>
				<total>33</total>
				<timestamp>350.141787</timestamp>
			</report>
			<report>
				<misses>1670001</misses>
				<total>34</total>
				<timestamp>350.351575</timestamp>
			</report>
			<report>
				<misses>1671001</misses>
				<total>35</total>
				<timestamp>350.561391</timestamp>
			</report>
			<report>
				<misses>1672001</misses>
				<total>35</total>
				<timestamp>350.771150</timestamp>
			</report>
			<report>
				<misses>1673001</misses>
				<total>35</total>
				<timestamp>350.980988</timestamp>
			</report>
			<report>
				<misses>1674001</misses>
				<total>35</total>
				<timestamp>351.190762</timestamp>
			</report>
			<report>
				<misses>1675001</misses>
				<total>35</total>
				<timestamp>351.400535</timestamp>
			</report>
			<report>
				<misses>1676001</misses>
				<total>35</total>
				<timestamp>351.610355</timestamp>
			</report>
			<report>
				<misses>1677001</misses>
				<total>35</total>
				<timestamp>351.820110</timestamp>
			</report>
			<report>
				<misses>1678001</misses>
				<total>35</total>
				<timestamp>352.029909</timestamp>
			</report>
			<report>
				<misses>1679001</misses>
				<total>35</total>
				<timestamp>352.239683</timestamp>
			</report>
			<report>
				<misses>1680001</misses>
				<total>34</total>
				<timestamp>352.449560</timestamp>
			</report>
			<report>
				<misses>1681001</misses>
				<total>35</total>
				<timestamp>352.659278</timestamp>
			</report>
			<report>
				<misses>1682001</misses>
				<total>35</total>
				<timestamp>352.869068</timestamp>
			</report>
			<report>
				<misses>1683001</misses>
				<total>35</total>
				<timestamp>353.078856</timestamp>
			</report>
			<report>
				<misses>1684001</misses>
				<total>35</total>
				<timestamp>353.288678</timestamp>
			</report>
			<report>
				<misses>1685001</misses>
				<total>35</total>
				<timestamp>353.498467</timestamp>
			</report>
			<report>
				<misses>1686001</misses>
				<total>35</total>
				<timestamp>353.708343</timestamp>
			</report>
			<report>
				<misses>1687001</misses>
				<total>35</total>
				<timestamp>353.918052</timestamp>
			</report>
			<report>
				<misses>1688001</misses>
				<total>35</total>
				<timestamp>354.127839</timestamp>
			</report>
			<report>
				<misses>1689001</misses>
				<total>35</total>
				<timestamp>354.337627</timestamp>
			</report>
			<report>
				<misses>1690001</misses>
				<total>35</total>
				<timestamp>354.547498</timestamp>
			</report>
			<report>
				<misses>1691001</misses>
				<total>35</total>
				<timestamp>354.757208</timestamp>
			</report>
			<report>
				<misses>1692001</misses>
				<total>35</total>
				<timestamp>354.966998</timestamp>
			</report>
			<report>
				<misses>1693001</misses>
				<total>35</total>
				<timestamp>355.176788</timestamp>
			</report>
			<report>
				<misses>1694001</misses>
				<total>35</total>
				<timestamp>355.386578</timestamp>
			</report>
			<report>
				<misses>1695001</misses>
				<total>35</total>
				<timestamp>355.596360</timestamp>
			</report>
			<report>
				<misses>1696001</misses>
				<total>35</total>
				<timestamp>355.806112</timestamp>
			</report>
			<report>
				<misses>1697001</misses>
				<total>35</total>
				<timestamp>356.015946</timestamp>
			</report>
			<report>
				<misses>1698001</misses>
				<total>35</total>
				<timestamp>356.225736</timestamp>
			</report>
			<report>
				<misses>1699001</misses>
				<total>35</total>
				<timestamp>356.435521</timestamp>
			</report>
			<report>
				<misses>1700001</misses>
				<total>35</total>
				<timestamp>356.645302</timestamp>
			</report>
			<report>
				<misses>1701001</misses>
				<total>35</total>
				<timestamp>356.855113</timestamp>
			</report>
			<report>
				<misses>1702001</misses>
				<total>35</total>
				<timestamp>357.064857</timestamp>
			</report>
			<report>
				<misses>1703001</misses>
				<total>34</total>
				<timestamp>357.274640</timestamp>
			</report>
			<report>
				<misses>1704001</misses>
				<total>35</total>
				<timestamp>357.484433</timestamp>
			</report>
			<report>
				<misses>1705001</misses>
				<total>35</total>
				<timestamp>357.694275</timestamp>
			</report>
			<report>
				<misses>1706001</misses>
				<total>35</total>
				<timestamp>357.904054</timestamp>
			</report>
			<report>
				<misses>1707001</misses>
				<total>39</total>
				<timestamp>358.113859</timestamp>
			</report>
			<report>
				<misses>1708001</misses>
				<total>39</total>
				<timestamp>358.323721</timestamp>
			</report>
			<report>
				<misses>1709001</misses>
				<total>39</total>
				<timestamp>358.533513</timestamp>
			</report>
			<report>
				<misses>1710001</misses>
				<total>39</total>
				<timestamp>358.743225</timestamp>
			</report>
			<report>
				<misses>1711001</misses>
				<total>39</total>
				<timestamp>358.953011</timestamp>
			</report>
			<report>
				<misses>1712001</misses>
				<total>39</total>
				<timestamp>359.162765</timestamp>
			</report>
			<report>
				<misses>1713001</misses>
				<total>39</total>
				<timestamp>359.372595</timestamp>
			</report>
			<report>
				<misses>1714001</misses>
				<total>39</total>
				<timestamp>359.582471</timestamp>
			</report>
			<report>
				<misses>1715001</misses>
				<total>39</total>
				<timestamp>359.792172</timestamp>
			</report>
			<report>
				<misses>1716001</misses>
				<total>39</total>
				<timestamp>360.001959</timestamp>
			</report>
			<report>
				<misses>1717001</misses>
				<total>39</total>
				<timestamp>360.211715</timestamp>
			</report>
			<report>
				<misses>1718001</misses>
				<total>39</total>
				<timestamp>360.421625</timestamp>
			</report>
			<report>
				<misses>1719001</misses>
				<total>39</total>
				<timestamp>360.631412</timestamp>
			</report>
			<report>
				<misses>1720001</misses>
				<total>39</total>
				<timestamp>360.841094</timestamp>
			</report>
			<report>
				<misses>1721001</misses>
				<total>39</total>
				<timestamp>361.050870</timestamp>
			</report>
			<report>
				<misses>1722001</misses>
				<total>39</total>
				<timestamp>361.260670</timestamp>
			</report>
			<report>
				<misses>1723001</misses>
				<total>39</total>
				<timestamp>361.470457</timestamp>
			</report>
			<report>
				<misses>1724001</misses>
				<total>39</total>
				<timestamp>361.680298</timestamp>
			</report>
			<report>
				<misses>1725001</misses>
				<total>39</total>
				<timestamp>361.890024</timestamp>
			</report>
			<report>
				<misses>1726001</misses>
				<total>39</total>
				<timestamp>362.099825</timestamp>
			</report>
			<report>
				<misses>1727001</misses>
				<total>39</total>
				<timestamp>362.309608</timestamp>
			</report>
			<report>
				<misses>1728001</misses>
				<total>39</total>
				<timestamp>362.519412</timestamp>
			</report>
			<report>
				<misses>1729001</misses>
				<total>39</total>
				<timestamp>362.729230</timestamp>
			</report>
			<report>
				<misses>1730001</misses>
				<total>39</total>
				<timestamp>362.938970</timestamp>
			</report>
			<report>
				<misses>1731001</misses>
				<total>39</total>
				<timestamp>363.148777</timestamp>
			</report>
			<report>
				<misses>1732001</misses>
				<total>39</total>
				<timestamp>363.358554</timestamp>
			</report>
			<report>
				<misses>1733001</misses>
				<total>39</total>
				<timestamp>363.568357</timestamp>
			</report>
			<report>
				<misses>1734001</misses>
				<total>39</total>
				<timestamp>363.778135</timestamp>
			</report>
			<report>
				<misses>1735001</misses>
				<total>39</total>
				<timestamp>363.987936</timestamp>
			</report>
			<report>
				<misses>1736001</misses>
				<total>39</total>
				<timestamp>364.197718</timestamp>
			</report>
			<report>
				<misses>1737001</misses>
				<total>39</total>
				<timestamp>364.407513</timestamp>
			</report>
			<report>
				<misses>1738001</misses>
				<total>39</total>
				<timestamp>364.617360</timestamp>
			</report>
			<report>
				<misses>1739001</misses>
				<total>39</total>
				<timestamp>364.827113</timestamp>
			</report>
			<report>
				<misses>1740001</misses>
				<total>39</total>
				<timestamp>365.036885</timestamp>
			</report>
			<report>
				<misses>1741001</misses>
				<total>39</total>
				<timestamp>365.246696</timestamp>
			</report>
			<report>
				<misses>1742001</misses>
				<total>39</total>
				<timestamp>365.456472</timestamp>
			</report>
			<report>
				<misses>1743001</misses>
				<total>38</total>
				<timestamp>365.666282</timestamp>
			</report>
			<report>
				<misses>1744001</misses>
				<total>39</total>
				<timestamp>365.876032</timestamp>
			</report>
			<report>
				<misses>1745001</misses>
				<total>39</total>
				<timestamp>366.085819</timestamp>
			</report>
			<report>
				<misses>1746001</misses>
				<total>38</total>
				<timestamp>366.295619</timestamp>
			</report>
			<report>
				<misses>1747001</misses>
				<total>39</total>
				<timestamp>366.505402</timestamp>
			</report>
			<report>
				<misses>1748001</misses>
				<total>39</total>
				<timestamp>366.715257</timestamp>
			</report>
			<report>
				<misses>1749001</misses>
				<total>39</total>
				<timestamp>366.924979</timestamp>
			</report>
			<report>
				<misses>1750001</misses>
				<total>40</total>
				<timestamp>367.134800</timestamp>
			</report>
			<report>
				<misses>1751001</misses>
				<total>41</total>
				<timestamp>367.344547</timestamp>
			</report>
			<report>
				<misses>1752001</misses>
				<total>41</total>
				<timestamp>367.554383</timestamp>
			</report>
			<report>
				<misses>1753001</misses>
				<total>41</total>
				<timestamp>367.764202</timestamp>
			</report>
			<report>
				<misses>1754001</misses>
				<total>41</total>
				<timestamp>367.973937</timestamp>
			</report>
			<report>
				<misses>1755001</misses>
				<total>41</total>
				<timestamp>368.183728</timestamp>
			</report>
			<report>
				<misses>1756001</misses>
				<total>41</total>
				<timestamp>368.393565</timestamp>
			</report>
			<report>
				<misses>1757001</misses>
				<total>41</total>
				<timestamp>368.603432</timestamp>
			</report>
			<report>
				<misses>1758001</misses>
				<total>41</total>
				<timestamp>368.813220</timestamp>
			</report>
			<report>
				<misses>1759001</misses>
				<total>41</total>
				<timestamp>369.022925</timestamp>
			</report>
			<report>
				<misses>1760001</misses>
				<total>41</total>
				<timestamp>369.232675</timestamp>
			</report>
			<report>
				<misses>1761001</misses>
				<total>41</total>
				<timestamp>369.442501</timestamp>
			</report>
			<report>
				<misses>1762001</misses>
				<total>41</total>
				<timestamp>369.652294</timestamp>
			</report>
			<report>
				<misses>1763001</misses>
				<total>41</total>
				<timestamp>369.862180</timestamp>
			</report>
			<report>
				<misses>1764001</misses>
				<total>41</total>
				<timestamp>370.071841</timestamp>
			</report>
			<report>
				<misses>1765001</misses>
				<total>41</total>
				<timestamp>370.281675</timestamp>
			</report>
			<report>
				<misses>1766001</misses>
				<total>41</total>
				<timestamp>370.491458</timestamp>
			</report>
			<report>
				<misses>1767001</misses>
				<total>41</total>
				<timestamp>370.701257</timestamp>
			</report>
			<report>
				<misses>1768001</misses>
				<total>41</total>
				<timestamp>370.910994</timestamp>
			</report>
			<report>
				<misses>1769001</misses>
				<total>41</total>
				<timestamp>371.120821</timestamp>
			</report>
			<report>
				<misses>1770001</misses>
				<total>41</total>
				<timestamp>371.330584</timestamp>
			</report>
			<report>
				<misses>1771001</misses>
				<total>41</total>
				<timestamp>371.540403</timestamp>
			</report>
			<report>
				<misses>1772001</misses>
				<total>41</total>
				<timestamp>371.750282</timestamp>
			</report>
			<report>
				<misses>1773001</misses>
				<total>41</total>
				<timestamp>371.959954</timestamp>
			</report>
			<report>
				<misses>1774001</misses>
				<total>41</total>
				<timestamp>372.169859</timestamp>
			</report>
			<report>
				<misses>1775001</misses>
				<total>40</total>
				<timestamp>372.379647</timestamp>
			</report>
			<report>
				<misses>1776001</misses>
				<total>41</total>
				<timestamp>372.589442</timestamp>
			</report>
			<report>
				<misses>1777001</misses>
				<total>41</total>
				<timestamp>372.799232</timestamp>
			</report>
			<report>
				<misses>1778001</misses>
				<total>41</total>
				<timestamp>373.008901</timestamp>
			</report>
			<report>
				<misses>1779001</misses>
				<total>41</total>
				<timestamp>373.218725</timestamp>
			</report>
			<report>
				<misses>1780001</misses>
				<total>41</total>
				<timestamp>373.428517</timestamp>
			</report>
			<report>
				<misses>1781001</misses>
				<total>41</total>
				<timestamp>373.638327</timestamp>
			</report>
			<report>
				<misses>1782001</misses>
				<total>41</total>
				<timestamp>373.848181</timestamp>
			</report>
			<report>
				<misses>1783001</misses>
				<total>41</total>
				<timestamp>374.057849</timestamp>
			</report>
			<report>
				<misses>1784001</misses>
				<total>41</total>
				<timestamp>374.267758</timestamp>
			</report>
			<report>
				<misses>1785001</misses>
				<total>41</total>
				<timestamp>374.477474</timestamp>
			</report>
			<report>
				<misses>1786001</misses>
				<total>41</total>
				<timestamp>374.687253</timestamp>
			</report>
			<report>
				<misses>1787001</misses>
				<total>41</total>
				<timestamp>374.897047</timestamp>
			</report>
			<report>
				<misses>1788001</misses>
				<total>41</total>
				<timestamp>375.106836</timestamp>
			</report>
			<report>
				<misses>1789001</misses>
				<total>41</total>
				<timestamp>375.316624</timestamp>
			</report>
			<report>
				<misses>1790001</misses>
				<total>41</total>
				<timestamp>375.526415</timestamp>
			</report>
			<report>
				<misses>1791001</misses>
				<total>41</total>
				<timestamp>375.736209</timestamp>
			</report>
			<report>
				<misses>1792001</misses>
				<total>41</total>
				<timestamp>375.945958</timestamp>
			</report>
			<report>
				<misses>1793001</misses>
				<total>41</total>
				<timestamp>376.155789</timestamp>
			</report>
			<report>
				<misses>1794001</misses>
				<total>41</total>
				<timestamp>376.365582</timestamp>
			</report>
			<report>
				<misses>1795001</misses>
				<total>41</total>
				<timestamp>376.575380</timestamp>
			</report>
			<report>
				<misses>1796001</misses>
				<total>41</total>
				<timestamp>376.785167</timestamp>
			</report>
			<report>
				<misses>1797001</misses>
				<total>41</total>
				<timestamp>376.994953</timestamp>
			</report>
			<report>
				<misses>1798001</misses>
				<total>41</total>
				<timestamp>377.204710</timestamp>
			</report>
			<report>
				<misses>1799001</misses>
				<total>41</total>
				<timestamp>377.414497</timestamp>
			</report>
			<report>
				<misses>1800001</misses>
				<total>41</total>
				<timestamp>377.624404</timestamp>
			</report>
			<report>
				<misses>1801001</misses>
				<total>41</total>
				<timestamp>377.834087</timestamp>
			</report>
			<report>
				<misses>1802001</misses>
				<total>45</total>
				<timestamp>378.043866</timestamp>
			</report>
			<report>
				<misses>1803001</misses>
				<total>45</total>
				<timestamp>378.253667</timestamp>
			</report>
			<report>
				<misses>1804001</misses>
				<total>45</total>
				<timestamp>378.463434</timestamp>
			</report>
			<report>
				<misses>1805001</misses>
				<total>45</total>
				<timestamp>378.673271</timestamp>
			</report>
			<report>
				<misses>1806001</misses>
				<total>45</total>
				<timestamp>378.883028</timestamp>
			</report>
			<report>
				<misses>1807001</misses>
				<total>45</total>
				<timestamp>379.092809</timestamp>
			</report>
			<report>
				<misses>1808001</misses>
				<total>45</total>
				<timestamp>379.302585</timestamp>
			</report>
			<report>
				<misses>1809001</misses>
				<total>45</total>
				<timestamp>379.512402</timestamp>
			</report>
			<report>
				<misses>1810001</misses>
				<total>45</total>
				<timestamp>379.722185</timestamp>
			</report>
			<report>
				<misses>1811001</misses>
				<total>45</total>
				<timestamp>379.931956</timestamp>
			</report>
			<report>
				<misses>1812001</misses>
				<total>45</total>
				<timestamp>380.141754</timestamp>
			</report>
			<report>
				<misses>1813001</misses>
				<total>45</total>
				<timestamp>380.351552</timestamp>
			</report>
			<report>
				<misses>1814001</misses>
				<total>45</total>
				<timestamp>380.561346</timestamp>
			</report>
			<report>
				<misses>1815001</misses>
				<total>45</total>
				<timestamp>380.771153</timestamp>
			</report>
			<report>
				<misses>1816001</misses>
				<total>45</total>
				<timestamp>380.980922</timestamp>
			</report>
			<report>
				<misses>1817001</misses>
				<total>45</total>
				<timestamp>381.190747</timestamp>
			</report>
			<report>
				<misses>1818001</misses>
				<total>45</total>
				<timestamp>381.400514</timestamp>
			</report>
			<report>
				<misses>1819001</misses>
				<total>45</total>
				<timestamp>381.610327</timestamp>
			</report>
			<report>
				<misses>1820001</misses>
				<total>45</total>
				<timestamp>381.820116</timestamp>
			</report>
			<report>
				<misses>1821001</misses>
				<total>45</total>
				<timestamp>382.029879</timestamp>
			</report>
			<report>
				<misses>1822001</misses>
				<total>45</total>
				<timestamp>382.239694</timestamp>
			</report>
			<report>
				<misses>1823001</misses>
				<total>45</total>
				<timestamp>382.449456</timestamp>
			</report>
			<report>
				<misses>1824001</misses>
				<total>44</total>
				<timestamp>382.659291</timestamp>
			</report>
			<report>
				<misses>1825001</misses>
				<total>45</total>
				<timestamp>382.869037</timestamp>
			</report>
			<report>
				<misses>1826001</misses>
				<total>45</total>
				<timestamp>383.078813</timestamp>
			</report>
			<report>
				<misses>1827001</misses>
				<total>45</total>
				<timestamp>383.288619</timestamp>
			</report>
			<report>
				<misses>1828001</misses>
				<total>45</total>
				<timestamp>383.498396</timestamp>
			</report>
			<report>
				<misses>1829001</misses>
				<total>45</total>
				<timestamp>383.708192</timestamp>
			</report>
			<report>
				<misses>1830001</misses>
				<total>45</total>
				<timestamp>383.917990</timestamp>
			</report>
			<report>
				<misses>1831001</misses>
				<total>45</total>
				<timestamp>384.127772</timestamp>
			</report>
			<report>
				<misses>1832001</misses>
				<total>45</total>
				<timestamp>384.337581</timestamp>
			</report>
			<report>
				<misses>1833001</misses>
				<total>45</total>
				<timestamp>384.547352</timestamp>
			</report>
			<report>
				<misses>1834001</misses>
				<total>45</total>
				<timestamp>384.757187</timestamp>
			</report>
			<report>
				<misses>1835001</misses>
				<total>45</total>
				<timestamp>384.966938</timestamp>
			</report>
			<report>
				<misses>1836001</misses>
				<total>45</total>
				<timestamp>385.176729</timestamp>
			</report>
			<report>
				<misses>1837001</misses>
				<total>45</total>
				<timestamp>385.386520</timestamp>
			</report>
			<report>
				<misses>1838001</misses>
				<total>45</total>
				<timestamp>385.596312</timestamp>
			</report>
			<report>
				<misses>1839001</misses>
				<total>45</total>
				<timestamp>385.806127</timestamp>
			</report>
			<report>
				<misses>1840001</misses>
				<total>45</total>
				<timestamp>386.015887</timestamp>
			</report>
			<report>
				<misses>1841001</misses>
				<total>45</total>
				<timestamp>386.225661</timestamp>
			</report>
			<report>
				<misses>1842001</misses>
				<total>45</total>
				<timestamp>386.435443</timestamp>
			</report>
			<report>
				<misses>1843001</misses>
				<total>44</total>
				<timestamp>386.645270</timestamp>
			</report>
			<report>
				<misses>1844001</misses>
				<total>45</total>
				<timestamp>386.855074</timestamp>
			</report>
			<report>
				<misses>1845001</misses>
				<total>44</total>
				<timestamp>387.064875</timestamp>
			</report>
			<report>
				<misses>1846001</misses>
				<total>45</total>
				<timestamp>387.274647</timestamp>
			</report>
			<report>
				<misses>1847001</misses>
				<total>45</total>
				<timestamp>387.484415</timestamp>
			</report>
			<report>
				<misses>1848001</misses>
				<total>45</total>
				<timestamp>387.694214</timestamp>
			</report>
			<report>
				<misses>1849001</misses>
				<total>45</total>
				<timestamp>387.903971</timestamp>
			</report>
			<report>
				<misses>1850001</misses>
				<total>45</total>
				<timestamp>388.113822</timestamp>
			</report>
			<report>
				<misses>1851001</misses>
				<total>45</total>
				<timestamp>388.323573</timestamp>
			</report>
			<report>
				<misses>1852001</misses>
				<total>45</total>
				<timestamp>388.533362</timestamp>
			</report>
			<report>
				<misses>1853001</misses>
				<total>45</total>
				<timestamp>388.743197</timestamp>
			</report>
			<report>
				<misses>1854001</misses>
				<total>45</total>
				<timestamp>388.952947</timestamp>
			</report>
			<report>
				<misses>1855001</misses>
				<total>45</total>
				<timestamp>389.162773</timestamp>
			</report>
			<report>
				<misses>1856001</misses>
				<total>45</total>
				<timestamp>389.372650</timestamp>
			</report>
			<report>
				<misses>1857001</misses>
				<total>45</total>
				<timestamp>389.582316</timestamp>
			</report>
			<report>
				<misses>1858001</misses>
				<total>45</total>
				<timestamp>389.792221</timestamp>
			</report>
			<report>
				<misses>1859001</misses>
				<total>45</total>
				<timestamp>390.001929</timestamp>
			</report>
			<report>
				<misses>1860001</misses>
				<total>45</total>
				<timestamp>390.211723</timestamp>
			</report>
			<report>
				<misses>1861001</misses>
				<total>45</total>
				<timestamp>390.421513</timestamp>
			</report>
			<report>
				<misses>1862001</misses>
				<total>45</total>
				<timestamp>390.631299</timestamp>
			</report>
			<report>
				<misses>1863001</misses>
				<total>45</total>
				<timestamp>390.841090</timestamp>
			</report>
			<report>
				<misses>1864001</misses>
				<total>45</total>
				<timestamp>391.050879</timestamp>
			</report>
			<report>
				<misses>1865001</misses>
				<total>45</total>
				<timestamp>391.260665</timestamp>
			</report>
			<report>
				<misses>1866001</misses>
				<total>45</total>
				<timestamp>391.470462</timestamp>
			</report>
			<report>
				<misses>1867001</misses>
				<total>45</total>
				<timestamp>391.680257</timestamp>
			</report>
			<report>
				<misses>1868001</misses>
				<total>45</total>
				<timestamp>391.890005</timestamp>
			</report>
			<report>
				<misses>1869001</misses>
				<total>45</total>
				<timestamp>392.099832</timestamp>
			</report>
			<report>
				<misses>1870001</misses>
				<total>45</total>
				<timestamp>392.309581</timestamp>
			</report>
			<report>
				<misses>1871001</misses>
				<total>45</total>
				<timestamp>392.519499</timestamp>
			</report>
			<report>
				<misses>1872001</misses>
				<total>45</total>
				<timestamp>392.729199</timestamp>
			</report>
			<report>
				<misses>1873001</misses>
				<total>45</total>
				<timestamp>392.938959</timestamp>
			</report>
			<report>
				<misses>1874001</misses>
				<total>45</total>
				<timestamp>393.148865</timestamp>
			</report>
			<report>
				<misses>1875001</misses>
				<total>45</total>
				<timestamp>393.358571</timestamp>
			</report>
			<report>
				<misses>1876001</misses>
				<total>45</total>
				<timestamp>393.568318</timestamp>
			</report>
			<report>
				<misses>1877001</misses>
				<total>45</total>
				<timestamp>393.778242</timestamp>
			</report>
			<report>
				<misses>1878001</misses>
				<total>45</total>
				<timestamp>393.987904</timestamp>
			</report>
			<report>
				<misses>1879001</misses>
				<total>45</total>
				<timestamp>394.197733</timestamp>
			</report>
			<report>
				<misses>1880001</misses>
				<total>45</total>
				<timestamp>394.407564</timestamp>
			</report>
			<report>
				<misses>1881001</misses>
				<total>45</total>
				<timestamp>394.617271</timestamp>
			</report>
			<report>
				<misses>1882001</misses>
				<total>45</total>
				<timestamp>394.827181</timestamp>
			</report>
			<report>
				<misses>1883001</misses>
				<total>44</total>
				<timestamp>395.036893</timestamp>
			</report>
			<report>
				<misses>1884001</misses>
				<total>44</total>
				<timestamp>395.246679</timestamp>
			</report>
			<report>
				<misses>1885001</misses>
				<total>45</total>
				<timestamp>395.456470</timestamp>
			</report>
			<report>
				<misses>1886001</misses>
				<total>45</total>
				<timestamp>395.666263</timestamp>
			</report>
			<report>
				<misses>1887001</misses>
				<total>45</total>
				<timestamp>395.876060</timestamp>
			</report>
			<report>
				<misses>1888001</misses>
				<total>45</total>
				<timestamp>396.085839</timestamp>
			</report>
			<report>
				<misses>1889001</misses>
				<total>44</total>
				<timestamp>396.295712</timestamp>
			</report>
			<report>
				<misses>1890001</misses>
				<total>45</total>
				<timestamp>396.505414</timestamp>
			</report>
			<report>
				<misses>1891001</misses>
				<total>44</total>
				<timestamp>396.715208</timestamp>
			</report>
			<report>
				<misses>1892001</misses>
				<total>45</total>
				<timestamp>396.924999</timestamp>
			</report>
			<report>
				<misses>1893001</misses>
				<total>45</total>
				<timestamp>397.134786</timestamp>
			</report>
			<report>
				<misses>1894001</misses>
				<total>45</total>
				<timestamp>397.344538</timestamp>
			</report>
			<report>
				<misses>1895001</misses>
				<total>45</total>
				<timestamp>397.554324</timestamp>
			</report>
			<report>
				<misses>1896001</misses>
				<total>45</total>
				<timestamp>397.764156</timestamp>
			</report>
			<report>
				<misses>1897001</misses>
				<total>45</total>
				<timestamp>397.973966</timestamp>
			</report>
			<report>
				<misses>1898001</misses>
				<total>45</total>
				<timestamp>398.183698</timestamp>
			</report>
			<report>
				<misses>1899001</misses>
				<total>45</total>
				<timestamp>398.393611</timestamp>
			</report>
			<report>
				<misses>1900001</misses>
				<total>45</total>
				<timestamp>398.603402</timestamp>
			</report>
			<report>
				<misses>1901001</misses>
				<total>45</total>
				<timestamp>398.813190</timestamp>
			</report>
			<report>
				<misses>1902001</misses>
				<total>45</total>
				<timestamp>399.022894</timestamp>
			</report>
			<report>
				<misses>1903001</misses>
				<total>45</total>
				<timestamp>399.232687</timestamp>
			</report>
			<report>
				<misses>1904001</misses>
				<total>45</total>
				<timestamp>399.442558</timestamp>
			</report>
			<report>
				<misses>1905001</misses>
				<total>45</total>
				<timestamp>399.652233</timestamp>
			</report>
			<report>
				<misses>1906001</misses>
				<total>45</total>
				<timestamp>399.862139</timestamp>
			</report>
			<report>
				<misses>1907001</misses>
				<total>45</total>
				<timestamp>400.071844</timestamp>
			</report>
			<report>
				<misses>1908001</misses>
				<total>45</total>
				<timestamp>400.281634</timestamp>
			</report>
			<report>
				<misses>1909001</misses>
				<total>45</total>
				<timestamp>400.491424</timestamp>
			</report>
			<report>
				<misses>1910001</misses>
				<total>45</total>
				<timestamp>400.701185</timestamp>
			</report>
			<report>
				<misses>1911001</misses>
				<total>45</total>
				<timestamp>400.910999</timestamp>
			</report>
			<report>
				<misses>1912001</misses>
				<total>45</total>
				<timestamp>401.120753</timestamp>
			</report>
			<report>
				<misses>1913001</misses>
				<total>44</total>
				<timestamp>401.330571</timestamp>
			</report>
			<report>
				<misses>1914001</misses>
				<total>45</total>
				<timestamp>401.540337</timestamp>
			</report>
			<report>
				<misses>1915001</misses>
				<total>45</total>
				<timestamp>401.750145</timestamp>
			</report>
			<report>
				<misses>1916001</misses>
				<total>45</total>
				<timestamp>401.959925</timestamp>
			</report>
			<report>
				<misses>1917001</misses>
				<total>44</total>
				<timestamp>402.169711</timestamp>
			</report>
			<report>
				<misses>1918001</misses>
				<total>45</total>
				<timestamp>402.379512</timestamp>
			</report>
			<report>
				<misses>1919001</misses>
				<total>45</total>
				<timestamp>402.589320</timestamp>
			</report>
			<report>
				<misses>1920001</misses>
				<total>45</total>
				<timestamp>402.799117</timestamp>
			</report>
			<report>
				<misses>1921001</misses>
				<total>45</total>
				<timestamp>403.008865</timestamp>
			</report>
			<report>
				<misses>1922001</misses>
				<total>45</total>
				<timestamp>403.218658</timestamp>
			</report>
			<report>
				<misses>1923001</misses>
				<total>45</total>
				<timestamp>403.428471</timestamp>
			</report>
			<report>
				<misses>1924001</misses>
				<total>45</total>
				<timestamp>403.638270</timestamp>
			</report>
			<report>
				<misses>1925001</misses>
				<total>45</total>
				<timestamp>403.848086</timestamp>
			</report>
			<report>
				<misses>1926001</misses>
				<total>44</total>
				<timestamp>404.057823</timestamp>
			</report>
			<report>
				<misses>1927001</misses>
				<total>45</total>
				<timestamp>404.267596</timestamp>
			</report>
			<report>
				<misses>1928001</misses>
				<total>45</total>
				<timestamp>404.477444</timestamp>
			</report>
			<report>
				<misses>1929001</misses>
				<total>45</total>
				<timestamp>404.687200</timestamp>
			</report>
			<report>
				<misses>1930001</misses>
				<total>45</total>
				<timestamp>404.897001</timestamp>
			</report>
			<report>
				<misses>1931001</misses>
				<total>44</total>
				<timestamp>405.106771</timestamp>
			</report>
			<report>
				<misses>1932001</misses>
				<total>45</total>
				<timestamp>405.316558</timestamp>
			</report>
			<report>
				<misses>1933001</misses>
				<total>45</total>
				<timestamp>405.526474</timestamp>
			</report>
			<report>
				<misses>1934001</misses>
				<total>45</total>
				<timestamp>405.736144</timestamp>
			</report>
			<report>
				<misses>1935001</misses>
				<total>44</total>
				<timestamp>405.945980</timestamp>
			</report>
			<report>
				<misses>1936001</misses>
				<total>45</total>
				<timestamp>406.155846</timestamp>
			</report>
			<report>
				<misses>1937001</misses>
				<total>45</total>
				<timestamp>406.365631</timestamp>
			</report>
			<report>
				<misses>1938001</misses>
				<total>45</total>
				<timestamp>406.575431</timestamp>
			</report>
			<report>
				<misses>1939001</misses>
				<total>45</total>
				<timestamp>406.785221</timestamp>
			</report>
			<report>
				<misses>1940001</misses>
				<total>45</total>
				<timestamp>406.995010</timestamp>
			</report>
			<report>
				<misses>1941001</misses>
				<total>45</total>
				<timestamp>407.204798</timestamp>
			</report>
			<report>
				<misses>1942001</misses>
				<total>45</total>
				<timestamp>407.414499</timestamp>
			</report>
			<report>
				<misses>1943001</misses>
				<total>45</total>
				<timestamp>407.624297</timestamp>
			</report>
			<report>
				<misses>1944001</misses>
				<total>45</total>
				<timestamp>407.834101</timestamp>
			</report>
			<report>
				<misses>1945001</misses>
				<total>45</total>
				<timestamp>408.043872</timestamp>
			</report>
			<report>
				<misses>1946001</misses>
				<total>45</total>
				<timestamp>408.253659</timestamp>
			</report>
			<report>
				<misses>1947001</misses>
				<total>45</total>
				<timestamp>408.463452</timestamp>
			</report>
			<report>
				<misses>1948001</misses>
				<total>45</total>
				<timestamp>408.673240</timestamp>
			</report>
			<report>
				<misses>1949001</misses>
				<total>45</total>
				<timestamp>408.883120</timestamp>
			</report>
			<report>
				<misses>1950001</misses>
				<total>45</total>
				<timestamp>409.092912</timestamp>
			</report>
			<report>
				<misses>1951001</misses>
				<total>44</total>
				<timestamp>409.302565</timestamp>
			</report>
			<report>
				<misses>1952001</misses>
				<total>45</total>
				<timestamp>409.512360</timestamp>
			</report>
			<report>
				<misses>1953001</misses>
				<total>45</total>
				<timestamp>409.722152</timestamp>
			</report>
			<report>
				<misses>1954001</misses>
				<total>44</total>
				<timestamp>409.932006</timestamp>
			</report>
			<report>
				<misses>1955001</misses>
				<total>45</total>
				<timestamp>410.141738</timestamp>
			</report>
			<report>
				<misses>1956001</misses>
				<total>45</total>
				<timestamp>410.351556</timestamp>
			</report>
			<report>
				<misses>1957001</misses>
				<total>45</total>
				<timestamp>410.561349</timestamp>
			</report>
			<report>
				<misses>1958001</misses>
				<total>45</total>
				<timestamp>410.771224</timestamp>
			</report>
			<report>
				<misses>1959001</misses>
				<total>45</total>
				<timestamp>410.980924</timestamp>
			</report>
			<report>
				<misses>1960001</misses>
				<total>45</total>
				<timestamp>411.190722</timestamp>
			</report>
			<report>
				<misses>1961001</misses>
				<total>45</total>
				<timestamp>411.400472</timestamp>
			</report>
			<report>
				<misses>1962001</misses>
				<total>45</total>
				<timestamp>411.610304</timestamp>
			</report>
			<report>
				<misses>1963001</misses>
				<total>44</total>
				<timestamp>411.820178</timestamp>
			</report>
			<report>
				<misses>1964001</misses>
				<total>45</total>
				<timestamp>412.029879</timestamp>
			</report>
			<report>
				<misses>1965001</misses>
				<total>45</total>
				<timestamp>412.239673</timestamp>
			</report>
			<report>
				<misses>1966001</misses>
				<total>45</total>
				<timestamp>412.449466</timestamp>
			</report>
			<report>
				<misses>1967001</misses>
				<total>45</total>
				<timestamp>412.659252</timestamp>
			</report>
			<report>
				<misses>1968001</misses>
				<total>45</total>
				<timestamp>412.869032</timestamp>
			</report>
			<report>
				<misses>1969001</misses>
				<total>44</total>
				<timestamp>413.078829</timestamp>
			</report>
			<report>
				<misses>1970001</misses>
				<total>45</total>
				<timestamp>413.288614</timestamp>
			</report>
			<report>
				<misses>1971001</misses>
				<total>45</total>
				<timestamp>413.498406</timestamp>
			</report>
			<report>
				<misses>1972001</misses>
				<total>45</total>
				<timestamp>413.708172</timestamp>
			</report>
			<report>
				<misses>1973001</misses>
				<total>45</total>
				<timestamp>413.917990</timestamp>
			</report>
			<report>
				<misses>1974001</misses>
				<total>45</total>
				<timestamp>414.127778</timestamp>
			</report>
			<report>
				<misses>1975001</misses>
				<total>45</total>
				<timestamp>414.337564</timestamp>
			</report>
			<report>
				<misses>1976001</misses>
				<total>45</total>
				<timestamp>414.547359</timestamp>
			</report>
			<report>
				<misses>1977001</misses>
				<total>45</total>
				<timestamp>414.757116</timestamp>
			</report>
			<report>
				<misses>1978001</misses>
				<total>45</total>
				<timestamp>414.967036</timestamp>
			</report>
			<report>
				<misses>1979001</misses>
				<total>45</total>
				<timestamp>415.176733</timestamp>
			</report>
			<report>
				<misses>1980001</misses>
				<total>45</total>
				<timestamp>415.386597</timestamp>
			</report>
			<report>
				<misses>1981001</misses>
				<total>45</total>
				<timestamp>415.596310</timestamp>
			</report>
			<report>
				<misses>1982001</misses>
				<total>45</total>
				<timestamp>415.806175</timestamp>
			</report>
			<report>
				<misses>1983001</misses>
				<total>45</total>
				<timestamp>416.015885</timestamp>
			</report>
			<report>
				<misses>1984001</misses>
				<total>45</total>
				<timestamp>416.225643</timestamp>
			</report>
			<report>
				<misses>1985001</misses>
				<total>45</total>
				<timestamp>416.435464</timestamp>
			</report>
			<report>
				<misses>1986001</misses>
				<total>45</total>
				<timestamp>416.645280</timestamp>
			</report>
			<report>
				<misses>1987001</misses>
				<total>45</total>
				<timestamp>416.855130</timestamp>
			</report>
			<report>
				<misses>1988001</misses>
				<total>45</total>
				<timestamp>417.064919</timestamp>
			</report>
			<report>
				<misses>1989001</misses>
				<total>45</total>
				<timestamp>417.274628</timestamp>
			</report>
			<report>
				<misses>1990001</misses>
				<total>45</total>
				<timestamp>417.484410</timestamp>
			</report>
			<report>
				<misses>1991001</misses>
				<total>45</total>
				<timestamp>417.694162</timestamp>
			</report>
			<report>
				<misses>1992001</misses>
				<total>45</total>
				<timestamp>417.904079</timestamp>
			</report>
			<report>
				<misses>1993001</misses>
				<total>45</total>
				<timestamp>418.113754</timestamp>
			</report>
			<report>
				<misses>1994001</misses>
				<total>45</total>
				<timestamp>418.323577</timestamp>
			</report>
			<report>
				<misses>1995001</misses>
				<total>44</total>
				<timestamp>418.533371</timestamp>
			</report>
			<report>
				<misses>1996001</misses>
				<total>45</total>
				<timestamp>418.743246</timestamp>
			</report>
			<report>
				<misses>1997001</misses>
				<total>45</total>
				<timestamp>418.953028</timestamp>
			</report>
			<report>
				<misses>1998001</misses>
				<total>45</total>
				<timestamp>419.162732</timestamp>
			</report>
			<report>
				<misses>1999001</misses>
				<total>46</total>
				<timestamp>419.372527</timestamp>
			</report>
			<report>
				<misses>2000001</misses>
				<total>46</total>
				<timestamp>419.582404</timestamp>
			</report>
			<report>
				<misses>2001001</misses>
				<total>46</total>
				<timestamp>419.792113</timestamp>
			</report>
			<report>
				<misses>2002001</misses>
				<total>46</total>
				<timestamp>420.001912</timestamp>
			</report>
			<report>
				<misses>2003001</misses>
				<total>46</total>
				<timestamp>420.211693</timestamp>
			</report>
			<report>
				<misses>2004001</misses>
				<total>46</total>
				<timestamp>420.421444</timestamp>
			</report>
			<report>
				<misses>2005001</misses>
				<total>46</total>
				<timestamp>420.631271</timestamp>
			</report>
			<report>
				<misses>2006001</misses>
				<total>46</total>
				<timestamp>420.841142</timestamp>
			</report>
			<report>
				<misses>2007001</misses>
				<total>46</total>
				<timestamp>421.050850</timestamp>
			</report>
			<report>
				<misses>2008001</misses>
				<total>46</total>
				<timestamp>421.260725</timestamp>
			</report>
			<report>
				<misses>2009001</misses>
				<total>46</total>
				<timestamp>421.470389</timestamp>
			</report>
			<report>
				<misses>2010001</misses>
				<total>46</total>
				<timestamp>421.680306</timestamp>
			</report>
			<report>
				<misses>2011001</misses>
				<total>46</total>
				<timestamp>421.890029</timestamp>
			</report>
			<report>
				<misses>2012001</misses>
				<total>46</total>
				<timestamp>422.099800</timestamp>
			</report>
			<report>
				<misses>2013001</misses>
				<total>46</total>
				<timestamp>422.309676</timestamp>
			</report>
			<report>
				<misses>2014001</misses>
				<total>46</total>
				<timestamp>422.519466</timestamp>
			</report>
			<report>
				<misses>2015001</misses>
				<total>46</total>
				<timestamp>422.729254</timestamp>
			</report>
			<report>
				<misses>2016001</misses>
				<total>45</total>
				<timestamp>422.939059</timestamp>
			</report>
			<report>
				<misses>2017001</misses>
				<total>46</total>
				<timestamp>423.148833</timestamp>
			</report>
			<report>
				<misses>2018001</misses>
				<total>46</total>
				<timestamp>423.358504</timestamp>
			</report>
			<report>
				<misses>2019001</misses>
				<total>46</total>
				<timestamp>423.568295</timestamp>
			</report>
			<report>
				<misses>2020001</misses>
				<total>46</total>
				<timestamp>423.778204</timestamp>
			</report>
			<report>
				<misses>2021001</misses>
				<total>46</total>
				<timestamp>423.987912</timestamp>
			</report>
			<report>
				<misses>2022001</misses>
				<total>46</total>
				<timestamp>424.197695</timestamp>
			</report>
			<report>
				<misses>2023001</misses>
				<total>46</total>
				<timestamp>424.407496</timestamp>
			</report>
			<report>
				<misses>2024001</misses>
				<total>46</total>
				<timestamp>424.617330</timestamp>
			</report>
			<report>
				<misses>2025001</misses>
				<total>46</total>
				<timestamp>424.827039</timestamp>
			</report>
			<report>
				<misses>2026001</misses>
				<total>45</total>
				<timestamp>425.036862</timestamp>
			</report>
			<report>
				<misses>2027001</misses>
				<total>46</total>
				<timestamp>425.246649</timestamp>
			</report>
			<report>
				<misses>2028001</misses>
				<total>46</total>
				<timestamp>425.456408</timestamp>
			</report>
			<report>
				<misses>2029001</misses>
				<total>45</total>
				<timestamp>425.666237</timestamp>
			</report>
			<report>
				<misses>2030001</misses>
				<total>46</total>
				<timestamp>425.876020</timestamp>
			</report>
			<report>
				<misses>2031001</misses>
				<total>46</total>
				<timestamp>426.085893</timestamp>
			</report>
			<report>
				<misses>2032001</misses>
				<total>46</total>
				<timestamp>426.295688</timestamp>
			</report>
			<report>
				<misses>2033001</misses>
				<total>46</total>
				<timestamp>426.505359</timestamp>
			</report>
			<report>
				<misses>2034001</misses>
				<total>46</total>
				<timestamp>426.715180</timestamp>
			</report>
			<report>
				<misses>2035001</misses>
				<total>46</total>
				<timestamp>426.925056</timestamp>
			</report>
			<report>
				<misses>2036001</misses>
				<total>46</total>
				<timestamp>427.134768</timestamp>
			</report>
			<report>
				<misses>2037001</misses>
				<total>46</total>
				<timestamp>427.344557</timestamp>
			</report>
			<report>
				<misses>2038001</misses>
				<total>46</total>
				<timestamp>427.554341</timestamp>
			</report>
			<report>
				<misses>2039001</misses>
				<total>45</total>
				<timestamp>427.764126</timestamp>
			</report>
			<report>
				<misses>2040001</misses>
				<total>46</total>
				<timestamp>427.973919</timestamp>
			</report>
			<report>
				<misses>2041001</misses>
				<total>46</total>
				<timestamp>428.183715</timestamp>
			</report>
			<report>
				<misses>2042001</misses>
				<total>47</total>
				<timestamp>428.393497</timestamp>
			</report>
			<report>
				<misses>2043001</misses>
				<total>47</total>
				<timestamp>428.603293</timestamp>
			</report>
			<report>
				<misses>2044001</misses>
				<total>47</total>
				<timestamp>428.813042</timestamp>
			</report>
			<report>
				<misses>2045001</misses>
				<total>47</total>
				<timestamp>429.022863</timestamp>
			</report>
			<report>
				<misses>2046001</misses>
				<total>47</total>
				<timestamp>429.232637</timestamp>
			</report>
			<report>
				<misses>2047001</misses>
				<total>47</total>
				<timestamp>429.442406</timestamp>
			</report>
			<report>
				<misses>2048001</misses>
				<total>47</total>
				<timestamp>429.652222</timestamp>
			</report>
			<report>
				<misses>2049001</misses>
				<total>47</total>
				<timestamp>429.861993</timestamp>
			</report>
			<report>
				<misses>2050001</misses>
				<total>47</total>
				<timestamp>430.071827</timestamp>
			</report>
			<report>
				<misses>2051001</misses>
				<total>47</total>
				<timestamp>430.281578</timestamp>
			</report>
			<report>
				<misses>2052001</misses>
				<total>47</total>
				<timestamp>430.491367</timestamp>
			</report>
			<report>
				<misses>2053001</misses>
				<total>47</total>
				<timestamp>430.701141</timestamp>
			</report>
			<report>
				<misses>2054001</misses>
				<total>47</total>
				<timestamp>430.910946</timestamp>
			</report>
			<report>
				<misses>2055001</misses>
				<total>47</total>
				<timestamp>431.120737</timestamp>
			</report>
			<report>
				<misses>2056001</misses>
				<total>47</total>
				<timestamp>431.330526</timestamp>
			</report>
			<report>
				<misses>2057001</misses>
				<total>47</total>
				<timestamp>431.540324</timestamp>
			</report>
			<report>
				<misses>2058001</misses>
				<total>47</total>
				<timestamp>431.750099</timestamp>
			</report>
			<report>
				<misses>2059001</misses>
				<total>47</total>
				<timestamp>431.959887</timestamp>
			</report>
			<report>
				<misses>2060001</misses>
				<total>47</total>
				<timestamp>432.169682</timestamp>
			</report>
			<report>
				<misses>2061001</misses>
				<total>47</total>
				<timestamp>432.379497</timestamp>
			</report>
			<report>
				<misses>2062001</misses>
				<total>46</total>
				<timestamp>432.589284</timestamp>
			</report>
			<report>
				<misses>2063001</misses>
				<total>47</total>
				<timestamp>432.799031</timestamp>
			</report>
			<report>
				<misses>2064001</misses>
				<total>47</total>
				<timestamp>433.008839</timestamp>
			</report>
			<report>
				<misses>2065001</misses>
				<total>47</total>
				<timestamp>433.218665</timestamp>
			</report>
			<report>
				<misses>2066001</misses>
				<total>47</total>
				<timestamp>433.428452</timestamp>
			</report>
			<report>
				<misses>2067001</misses>
				<total>47</total>
				<timestamp>433.638326</timestamp>
			</report>
			<report>
				<misses>2068001</misses>
				<total>47</total>
				<timestamp>433.848115</timestamp>
			</report>
			<report>
				<misses>2069001</misses>
				<total>47</total>
				<timestamp>434.057910</timestamp>
			</report>
			<report>
				<misses>2070001</misses>
				<total>47</total>
				<timestamp>434.267617</timestamp>
			</report>
			<report>
				<misses>2071001</misses>
				<total>47</total>
				<timestamp>434.477405</timestamp>
			</report>
			<report>
				<misses>2072001</misses>
				<total>47</total>
				<timestamp>434.687200</timestamp>
			</report>
			<report>
				<misses>2073001</misses>
				<total>47</total>
				<timestamp>434.896987</timestamp>
			</report>
			<report>
				<misses>2074001</misses>
				<total>47</total>
				<timestamp>435.106792</timestamp>
			</report>
			<report>
				<misses>2075001</misses>
				<total>47</total>
				<timestamp>435.316564</timestamp>
			</report>
			<report>
				<misses>2076001</misses>
				<total>48</total>
				<timestamp>435.526358</timestamp>
			</report>
			<report>
				<misses>2077001</misses>
				<total>49</total>
				<timestamp>435.736144</timestamp>
			</report>
			<report>
				<misses>2078001</misses>
				<total>49</total>
				<timestamp>435.945932</timestamp>
			</report>
			<report>
				<misses>2079001</misses>
				<total>49</total>
				<timestamp>436.155723</timestamp>
			</report>
			<report>
				<misses>2080001</misses>
				<total>49</total>
				<timestamp>436.365527</timestamp>
			</report>
			<report>
				<misses>2081001</misses>
				<total>49</total>
				<timestamp>436.575305</timestamp>
			</report>
			<report>
				<misses>2082001</misses>
				<total>49</total>
				<timestamp>436.785079</timestamp>
			</report>
			<report>
				<misses>2083001</misses>
				<total>49</total>
				<timestamp>436.994922</timestamp>
			</report>
			<report>
				<misses>2084001</misses>
				<total>49</total>
				<timestamp>437.204719</timestamp>
			</report>
			<report>
				<misses>2085001</misses>
				<total>49</total>
				<timestamp>437.414473</timestamp>
			</report>
			<report>
				<misses>2086001</misses>
				<total>49</total>
				<timestamp>437.624255</timestamp>
			</report>
			<report>
				<misses>2087001</misses>
				<total>49</total>
				<timestamp>437.834135</timestamp>
			</report>
			<report>
				<misses>2088001</misses>
				<total>49</total>
				<timestamp>438.043851</timestamp>
			</report>
			<report>
				<misses>2089001</misses>
				<total>49</total>
				<timestamp>438.253632</timestamp>
			</report>
			<report>
				<misses>2090001</misses>
				<total>49</total>
				<timestamp>438.463416</timestamp>
			</report>
			<report>
				<misses>2091001</misses>
				<total>49</total>
				<timestamp>438.673290</timestamp>
			</report>
			<report>
				<misses>2092001</misses>
				<total>49</total>
				<timestamp>438.882966</timestamp>
			</report>
			<report>
				<misses>2093001</misses>
				<total>49</total>
				<timestamp>439.092887</timestamp>
			</report>
			<report>
				<misses>2094001</misses>
				<total>49</total>
				<timestamp>439.302583</timestamp>
			</report>
			<report>
				<misses>2095001</misses>
				<total>49</total>
				<timestamp>439.512371</timestamp>
			</report>
			<report>
				<misses>2096001</misses>
				<total>49</total>
				<timestamp>439.722160</timestamp>
			</report>
			<report>
				<misses>2097001</misses>
				<total>49</total>
				<timestamp>439.931914</timestamp>
			</report>
			<report>
				<misses>2098001</misses>
				<total>49</total>
				<timestamp>440.141832</timestamp>
			</report>
			<report>
				<misses>2099001</misses>
				<total>49</total>
				<timestamp>440.351615</timestamp>
			</report>
			<report>
				<misses>2100001</misses>
				<total>49</total>
				<timestamp>440.561314</timestamp>
			</report>
			<report>
				<misses>2101001</misses>
				<total>49</total>
				<timestamp>440.771073</timestamp>
			</report>
			<report>
				<misses>2102001</misses>
				<total>49</total>
				<timestamp>440.980893</timestamp>
			</report>
			<report>
				<misses>2103001</misses>
				<total>49</total>
				<timestamp>441.190695</timestamp>
			</report>
			<report>
				<misses>2104001</misses>
				<total>49</total>
				<timestamp>441.400441</timestamp>
			</report>
			<report>
				<misses>2105001</misses>
				<total>49</total>
				<timestamp>441.610266</timestamp>
			</report>
			<report>
				<misses>2106001</misses>
				<total>49</total>
				<timestamp>441.820070</timestamp>
			</report>
			<report>
				<misses>2107001</misses>
				<total>48</total>
				<timestamp>442.029851</timestamp>
			</report>
			<report>
				<misses>2108001</misses>
				<total>49</total>
				<timestamp>442.239642</timestamp>
			</report>
			<report>
				<misses>2109001</misses>
				<total>49</total>
				<timestamp>442.449426</timestamp>
			</report>
			<report>
				<misses>2110001</misses>
				<total>52</total>
				<timestamp>442.659224</timestamp>
			</report>
			<report>
				<misses>2111001</misses>
				<total>52</total>
				<timestamp>442.869007</timestamp>
			</report>
			<report>
				<misses>2112001</misses>
				<total>52</total>
				<timestamp>443.078811</timestamp>
			</report>
			<report>
				<misses>2113001</misses>
				<total>52</total>
				<timestamp>443.288587</timestamp>
			</report>
			<report>
				<misses>2114001</misses>
				<total>52</total>
				<timestamp>443.498342</timestamp>
			</report>
			<report>
				<misses>2115001</misses>
				<total>52</total>
				<timestamp>443.708132</timestamp>
			</report>
			<report>
				<misses>2116001</misses>
				<total>52</total>
				<timestamp>443.917961</timestamp>
			</report>
			<report>
				<misses>2117001</misses>
				<total>52</total>
				<timestamp>444.127753</timestamp>
			</report>
			<report>
				<misses>2118001</misses>
				<total>52</total>
				<timestamp>444.337620</timestamp>
			</report>
			<report>
				<misses>2119001</misses>
				<total>52</total>
				<timestamp>444.547335</timestamp>
			</report>
			<report>
				<misses>2120001</misses>
				<total>52</total>
				<timestamp>444.757126</timestamp>
			</report>
			<report>
				<misses>2121001</misses>
				<total>52</total>
				<timestamp>444.966917</timestamp>
			</report>
			<report>
				<misses>2122001</misses>
				<total>52</total>
				<timestamp>445.176702</timestamp>
			</report>
			<report>
				<misses>2123001</misses>
				<total>52</total>
				<timestamp>445.386462</timestamp>
			</report>
			<report>
				<misses>2124001</misses>
				<total>52</total>
				<timestamp>445.596281</timestamp>
			</report>
			<report>
				<misses>2125001</misses>
				<total>52</total>
				<timestamp>445.806154</timestamp>
			</report>
			<report>
				<misses>2126001</misses>
				<total>52</total>
				<timestamp>446.015860</timestamp>
			</report>
			<report>
				<misses>2127001</misses>
				<total>52</total>
				<timestamp>446.225652</timestamp>
			</report>
			<report>
				<misses>2128001</misses>
				<total>52</total>
				<timestamp>446.435403</timestamp>
			</report>
			<report>
				<misses>2129001</misses>
				<total>52</total>
				<timestamp>446.645235</timestamp>
			</report>
			<report>
				<misses>2130001</misses>
				<total>52</total>
				<timestamp>446.855017</timestamp>
			</report>
			<report>
				<misses>2131001</misses>
				<total>52</total>
				<timestamp>447.064772</timestamp>
			</report>
			<report>
				<misses>2132001</misses>
				<total>52</total>
				<timestamp>447.274595</timestamp>
			</report>
			<report>
				<misses>2133001</misses>
				<total>52</total>
				<timestamp>447.484389</timestamp>
			</report>
			<report>
				<misses>2134001</misses>
				<total>52</total>
				<timestamp>447.694180</timestamp>
			</report>
			<report>
				<misses>2135001</misses>
				<total>52</total>
				<timestamp>447.903969</timestamp>
			</report>
			<report>
				<misses>2136001</misses>
				<total>52</total>
				<timestamp>448.113746</timestamp>
			</report>
			<report>
				<misses>2137001</misses>
				<total>52</total>
				<timestamp>448.323511</timestamp>
			</report>
			<report>
				<misses>2138001</misses>
				<total>52</total>
				<timestamp>448.533296</timestamp>
			</report>
			<report>
				<misses>2139001</misses>
				<total>52</total>
				<timestamp>448.743088</timestamp>
			</report>
			<report>
				<misses>2140001</misses>
				<total>52</total>
				<timestamp>448.952882</timestamp>
			</report>
			<report>
				<misses>2141001</misses>
				<total>54</total>
				<timestamp>449.162696</timestamp>
			</report>
			<report>
				<misses>2142001</misses>
				<total>54</total>
				<timestamp>449.372490</timestamp>
			</report>
			<report>
				<misses>2143001</misses>
				<total>54</total>
				<timestamp>449.582245</timestamp>
			</report>
			<report>
				<misses>2144001</misses>
				<total>53</total>
				<timestamp>449.792108</timestamp>
			</report>
			<report>
				<misses>2145001</misses>
				<total>54</total>
				<timestamp>450.001852</timestamp>
			</report>
			<report>
				<misses>2146001</misses>
				<total>54</total>
				<timestamp>450.211646</timestamp>
			</report>
			<report>
				<misses>2147001</misses>
				<total>54</total>
				<timestamp>450.421408</timestamp>
			</report>
			<report>
				<misses>2148001</misses>
				<total>54</total>
				<timestamp>450.631231</timestamp>
			</report>
			<report>
				<misses>2149001</misses>
				<total>58</total>
				<timestamp>450.840981</timestamp>
			</report>
			<report>
				<misses>2150001</misses>
				<total>58</total>
				<timestamp>451.050764</timestamp>
			</report>
			<report>
				<misses>2151001</misses>
				<total>58</total>
				<timestamp>451.260565</timestamp>
			</report>
			<report>
				<misses>2152001</misses>
				<total>58</total>
				<timestamp>451.470364</timestamp>
			</report>
			<report>
				<misses>2153001</misses>
				<total>58</total>
				<timestamp>451.680142</timestamp>
			</report>
			<report>
				<misses>2154001</misses>
				<total>58</total>
				<timestamp>451.889929</timestamp>
			</report>
			<report>
				<misses>2155001</misses>
				<total>58</total>
				<timestamp>452.099752</timestamp>
			</report>
			<report>
				<misses>2156001</misses>
				<total>58</total>
				<timestamp>452.309517</timestamp>
			</report>
			<report>
				<misses>2157001</misses>
				<total>58</total>
				<timestamp>452.519338</timestamp>
			</report>
			<report>
				<misses>2158001</misses>
				<total>58</total>
				<timestamp>452.729105</timestamp>
			</report>
			<report>
				<misses>2159001</misses>
				<total>58</total>
				<timestamp>452.938886</timestamp>
			</report>
			<report>
				<misses>2160001</misses>
				<total>58</total>
				<timestamp>453.148696</timestamp>
			</report>
			<report>
				<misses>2161001</misses>
				<total>58</total>
				<timestamp>453.358470</timestamp>
			</report>
			<report>
				<misses>2162001</misses>
				<total>58</total>
				<timestamp>453.568298</timestamp>
			</report>
			<report>
				<misses>2163001</misses>
				<total>58</total>
				<timestamp>453.778074</timestamp>
			</report>
			<report>
				<misses>2164001</misses>
				<total>58</total>
				<timestamp>453.987830</timestamp>
			</report>
			<report>
				<misses>2165001</misses>
				<total>58</total>
				<timestamp>454.197672</timestamp>
			</report>
			<report>
				<misses>2166001</misses>
				<total>58</total>
				<timestamp>454.407427</timestamp>
			</report>
			<report>
				<misses>2167001</misses>
				<total>58</total>
				<timestamp>454.617247</timestamp>
			</report>
			<report>
				<misses>2168001</misses>
				<total>58</total>
				<timestamp>454.827008</timestamp>
			</report>
			<report>
				<misses>2169001</misses>
				<total>57</total>
				<timestamp>455.036830</timestamp>
			</report>
			<report>
				<misses>2170001</misses>
				<total>58</total>
				<timestamp>455.246577</timestamp>
			</report>
			<report>
				<misses>2171001</misses>
				<total>58</total>
				<timestamp>455.456368</timestamp>
			</report>
			<report>
				<misses>2172001</misses>
				<total>58</total>
				<timestamp>455.666153</timestamp>
			</report>
			<report>
				<misses>2173001</misses>
				<total>58</total>
				<timestamp>455.875963</timestamp>
			</report>
			<report>
				<misses>2174001</misses>
				<total>58</total>
				<timestamp>456.085751</timestamp>
			</report>
			<report>
				<misses>2175001</misses>
				<total>58</total>
				<timestamp>456.295522</timestamp>
			</report>
			<report>
				<misses>2176001</misses>
				<total>58</total>
				<timestamp>456.505315</timestamp>
			</report>
			<report>
				<misses>2177001</misses>
				<total>58</total>
				<timestamp>456.715125</timestamp>
			</report>
			<report>
				<misses>2178001</misses>
				<total>58</total>
				<timestamp>456.924892</timestamp>
			</report>
			<report>
				<misses>2179001</misses>
				<total>58</total>
				<timestamp>457.134691</timestamp>
			</report>
			<report>
				<misses>2180001</misses>
				<total>58</total>
				<timestamp>457.344477</timestamp>
			</report>
			<report>
				<misses>2181001</misses>
				<total>58</total>
				<timestamp>457.554268</timestamp>
			</report>
			<report>
				<misses>2182001</misses>
				<total>58</total>
				<timestamp>457.764053</timestamp>
			</report>
			<report>
				<misses>2183001</misses>
				<total>58</total>
				<timestamp>457.973852</timestamp>
			</report>
			<report>
				<misses>2184001</misses>
				<total>58</total>
				<timestamp>458.183653</timestamp>
			</report>
			<report>
				<misses>2185001</misses>
				<total>58</total>
				<timestamp>458.393431</timestamp>
			</report>
			<report>
				<misses>2186001</misses>
				<total>58</total>
				<timestamp>458.603233</timestamp>
			</report>
			<report>
				<misses>2187001</misses>
				<total>58</total>
				<timestamp>458.812995</timestamp>
			</report>
			<report>
				<misses>2188001</misses>
				<total>58</total>
				<timestamp>459.022833</timestamp>
			</report>
			<report>
				<misses>2189001</misses>
				<total>58</total>
				<timestamp>459.232604</timestamp>
			</report>
			<report>
				<misses>2190001</misses>
				<total>58</total>
				<timestamp>459.442396</timestamp>
			</report>
			<report>
				<misses>2191001</misses>
				<total>58</total>
				<timestamp>459.652179</timestamp>
			</report>
			<report>
				<misses>2192001</misses>
				<total>58</total>
				<timestamp>459.861945</timestamp>
			</report>
			<report>
				<misses>2193001</misses>
				<total>58</total>
				<timestamp>460.071789</timestamp>
			</report>
			<report>
				<misses>2194001</misses>
				<total>58</total>
				<timestamp>460.281556</timestamp>
			</report>
			<report>
				<misses>2195001</misses>
				<total>58</total>
				<timestamp>460.491322</timestamp>
			</report>
			<report>
				<misses>2196001</misses>
				<total>58</total>
				<timestamp>460.701145</timestamp>
			</report>
			<report>
				<misses>2197001</misses>
				<total>58</total>
				<timestamp>460.910965</timestamp>
			</report>
			<report>
				<misses>2198001</misses>
				<total>58</total>
				<timestamp>461.120741</timestamp>
			</report>
			<report>
				<misses>2199001</misses>
				<total>58</total>
				<timestamp>461.330509</timestamp>
			</report>
			<report>
				<misses>2200001</misses>
				<total>58</total>
				<timestamp>461.540275</timestamp>
			</report>
			<report>
				<misses>2201001</misses>
				<total>58</total>
				<timestamp>461.750110</timestamp>
			</report>
			<report>
				<misses>2202001</misses>
				<total>58</total>
				<timestamp>461.959906</timestamp>
			</report>
			<report>
				<misses>2203001</misses>
				<total>58</total>
				<timestamp>462.169699</timestamp>
			</report>
			<report>
				<misses>2204001</misses>
				<total>58</total>
				<timestamp>462.379491</timestamp>
			</report>
			<report>
				<misses>2205001</misses>
				<total>58</total>
				<timestamp>462.589268</timestamp>
			</report>
			<report>
				<misses>2206001</misses>
				<total>58</total>
				<timestamp>462.799059</timestamp>
			</report>
			<report>
				<misses>2207001</misses>
				<total>58</total>
				<timestamp>463.008844</timestamp>
			</report>
			<report>
				<misses>2208001</misses>
				<total>58</total>
				<timestamp>463.218635</timestamp>
			</report>
			<report>
				<misses>2209001</misses>
				<total>58</total>
				<timestamp>463.428424</timestamp>
			</report>
			<report>
				<misses>2210001</misses>
				<total>58</total>
				<timestamp>463.638215</timestamp>
			</report>
			<report>
				<misses>2211001</misses>
				<total>57</total>
				<timestamp>463.848010</timestamp>
			</report>
			<report>
				<misses>2212001</misses>
				<total>58</total>
				<timestamp>464.057766</timestamp>
			</report>
			<report>
				<misses>2213001</misses>
				<total>58</total>
				<timestamp>464.267581</timestamp>
			</report>
			<report>
				<misses>2214001</misses>
				<total>58</total>
				<timestamp>464.477360</timestamp>
			</report>
			<report>
				<misses>2215001</misses>
				<total>58</total>
				<timestamp>464.687130</timestamp>
			</report>
			<report>
				<misses>2216001</misses>
				<total>58</total>
				<timestamp>464.896910</timestamp>
			</report>
			<report>
				<misses>2217001</misses>
				<total>58</total>
				<timestamp>465.106730</timestamp>
			</report>
			<report>
				<misses>2218001</misses>
				<total>57</total>
				<timestamp>465.316517</timestamp>
			</report>
			<report>
				<misses>2219001</misses>
				<total>58</total>
				<timestamp>465.526273</timestamp>
			</report>
			<report>
				<misses>2220001</misses>
				<total>58</total>
				<timestamp>465.736071</timestamp>
			</report>
			<report>
				<misses>2221001</misses>
				<total>58</total>
				<timestamp>465.945886</timestamp>
			</report>
			<report>
				<misses>2222001</misses>
				<total>58</total>
				<timestamp>466.155712</timestamp>
			</report>
			<report>
				<misses>2223001</misses>
				<total>57</total>
				<timestamp>466.365460</timestamp>
			</report>
			<report>
				<misses>2224001</misses>
				<total>58</total>
				<timestamp>466.575251</timestamp>
			</report>
			<report>
				<misses>2225001</misses>
				<total>58</total>
				<timestamp>466.785076</timestamp>
			</report>
			<report>
				<misses>2226001</misses>
				<total>58</total>
				<timestamp>466.994853</timestamp>
			</report>
			<report>
				<misses>2227001</misses>
				<total>58</total>
				<timestamp>467.204644</timestamp>
			</report>
			<report>
				<misses>2228001</misses>
				<total>58</total>
				<timestamp>467.414438</timestamp>
			</report>
			<report>
				<misses>2229001</misses>
				<total>58</total>
				<timestamp>467.624222</timestamp>
			</report>
			<report>
				<misses>2230001</misses>
				<total>57</total>
				<timestamp>467.834016</timestamp>
			</report>
			<report>
				<misses>2231001</misses>
				<total>58</total>
				<timestamp>468.043808</timestamp>
			</report>
			<report>
				<misses>2232001</misses>
				<total>58</total>
				<timestamp>468.253682</timestamp>
			</report>
			<report>
				<misses>2233001</misses>
				<total>58</total>
				<timestamp>468.463384</timestamp>
			</report>
			<report>
				<misses>2234001</misses>
				<total>58</total>
				<timestamp>468.673256</timestamp>
			</report>
			<report>
				<misses>2235001</misses>
				<total>58</total>
				<timestamp>468.882923</timestamp>
			</report>
			<report>
				<misses>2236001</misses>
				<total>58</total>
				<timestamp>469.092719</timestamp>
			</report>
			<report>
				<misses>2237001</misses>
				<total>59</total>
				<timestamp>469.302542</timestamp>
			</report>
			<report>
				<misses>2238001</misses>
				<total>59</total>
				<timestamp>469.512345</timestamp>
			</report>
			<report>
				<misses>2239001</misses>
				<total>60</total>
				<timestamp>469.722218</timestamp>
			</report>
			<report>
				<misses>2240001</misses>
				<total>60</total>
				<timestamp>469.931874</timestamp>
			</report>
			<report>
				<misses>2241001</misses>
				<total>60</total>
				<timestamp>470.141713</timestamp>
			</report>
			<report>
				<misses>2242001</misses>
				<total>60</total>
				<timestamp>470.351501</timestamp>
			</report>
			<report>
				<misses>2243001</misses>
				<total>60</total>
				<timestamp>470.561281</timestamp>
			</report>
			<report>
				<misses>2244001</misses>
				<total>60</total>
				<timestamp>470.771079</timestamp>
			</report>
			<report>
				<misses>2245001</misses>
				<total>60</total>
				<timestamp>470.980865</timestamp>
			</report>
			<report>
				<misses>2246001</misses>
				<total>60</total>
				<timestamp>471.190658</timestamp>
			</report>
			<report>
				<misses>2247001</misses>
				<total>60</total>
				<timestamp>471.400446</timestamp>
			</report>
			<report>
				<misses>2248001</misses>
				<total>60</total>
				<timestamp>471.610235</timestamp>
			</report>
			<report>
				<misses>2249001</misses>
				<total>60</total>
				<timestamp>471.820026</timestamp>
			</report>
			<report>
				<misses>2250001</misses>
				<total>60</total>
				<timestamp>472.029819</timestamp>
			</report>
			<report>
				<misses>2251001</misses>
				<total>60</total>
				<timestamp>472.239611</timestamp>
			</report>
			<report>
				<misses>2252001</misses>
				<total>60</total>
				<timestamp>472.449488</timestamp>
			</report>
			<report>
				<misses>2253001</misses>
				<total>60</total>
				<timestamp>472.659189</timestamp>
			</report>
			<report>
				<misses>2254001</misses>
				<total>60</total>
				<timestamp>472.869063</timestamp>
			</report>
			<report>
				<misses>2255001</misses>
				<total>59</total>
				<timestamp>473.078849</timestamp>
			</report>
			<report>
				<misses>2256001</misses>
				<total>60</total>
				<timestamp>473.288565</timestamp>
			</report>
			<report>
				<misses>2257001</misses>
				<total>60</total>
				<timestamp>473.498353</timestamp>
			</report>
			<report>
				<misses>2258001</misses>
				<total>60</total>
				<timestamp>473.708141</timestamp>
			</report>
			<report>
				<misses>2259001</misses>
				<total>60</total>
				<timestamp>473.917936</timestamp>
			</report>
			<report>
				<misses>2260001</misses>
				<total>60</total>
				<timestamp>474.127721</timestamp>
			</report>
			<report>
				<misses>2261001</misses>
				<total>60</total>
				<timestamp>474.337593</timestamp>
			</report>
			<report>
				<misses>2262001</misses>
				<total>60</total>
				<timestamp>474.547299</timestamp>
			</report>
			<report>
				<misses>2263001</misses>
				<total>60</total>
				<timestamp>474.757091</timestamp>
			</report>
			<report>
				<misses>2264001</misses>
				<total>60</total>
				<timestamp>474.966882</timestamp>
			</report>
			<report>
				<misses>2265001</misses>
				<total>60</total>
				<timestamp>475.176752</timestamp>
			</report>
			<report>
				<misses>2266001</misses>
				<total>60</total>
				<timestamp>475.386458</timestamp>
			</report>
			<report>
				<misses>2267001</misses>
				<total>61</total>
				<timestamp>475.596247</timestamp>
			</report>
			<report>
				<misses>2268001</misses>
				<total>61</total>
				<timestamp>475.805998</timestamp>
			</report>
			<report>
				<misses>2269001</misses>
				<total>61</total>
				<timestamp>476.015829</timestamp>
			</report>
			<report>
				<misses>2270001</misses>
				<total>61</total>
				<timestamp>476.225617</timestamp>
			</report>
			<report>
				<misses>2271001</misses>
				<total>61</total>
				<timestamp>476.435412</timestamp>
			</report>
			<report>
				<misses>2272001</misses>
				<total>61</total>
				<timestamp>476.645161</timestamp>
			</report>
			<report>
				<misses>2273001</misses>
				<total>61</total>
				<timestamp>476.854992</timestamp>
			</report>
			<report>
				<misses>2274001</misses>
				<total>61</total>
				<timestamp>477.064780</timestamp>
			</report>
			<report>
				<misses>2275001</misses>
				<total>61</total>
				<timestamp>477.274569</timestamp>
			</report>
			<report>
				<misses>2276001</misses>
				<total>61</total>
				<timestamp>477.484361</timestamp>
			</report>
			<report>
				<misses>2277001</misses>
				<total>61</total>
				<timestamp>477.694150</timestamp>
			</report>
			<report>
				<misses>2278001</misses>
				<total>61</total>
				<timestamp>477.903940</timestamp>
			</report>
			<report>
				<misses>2279001</misses>
				<total>61</total>
				<timestamp>478.113730</timestamp>
			</report>
			<report>
				<misses>2280001</misses>
				<total>61</total>
				<timestamp>478.323518</timestamp>
			</report>
			<report>
				<misses>2281001</misses>
				<total>61</total>
				<timestamp>478.533307</timestamp>
			</report>
			<report>
				<misses>2282001</misses>
				<total>61</total>
				<timestamp>478.743104</timestamp>
			</report>
			<report>
				<misses>2283001</misses>
				<total>61</total>
				<timestamp>478.952891</timestamp>
			</report>
			<report>
				<misses>2284001</misses>
				<total>61</total>
				<timestamp>479.162680</timestamp>
			</report>
			<report>
				<misses>2285001</misses>
				<total>61</total>
				<timestamp>479.372470</timestamp>
			</report>
			<report>
				<misses>2286001</misses>
				<total>61</total>
				<timestamp>479.582259</timestamp>
			</report>
			<report>
				<misses>2287001</misses>
				<total>61</total>
				<timestamp>479.792010</timestamp>
			</report>
			<report>
				<misses>2288001</misses>
				<total>61</total>
				<timestamp>480.001813</timestamp>
			</report>
			<report>
				<misses>2289001</misses>
				<total>61</total>
				<timestamp>480.211641</timestamp>
			</report>
			<report>
				<misses>2290001</misses>
				<total>61</total>
				<timestamp>480.421396</timestamp>
			</report>
			<report>
				<misses>2291001</misses>
				<total>61</total>
				<timestamp>480.631168</timestamp>
			</report>
			<report>
				<misses>2292001</misses>
				<total>61</total>
				<timestamp>480.840953</timestamp>
			</report>
			<report>
				<misses>2293001</misses>
				<total>61</total>
				<timestamp>481.050752</timestamp>
			</report>
			<report>
				<misses>2294001</misses>
				<total>61</total>
				<timestamp>481.260579</timestamp>
			</report>
			<report>
				<misses>2295001</misses>
				<total>61</total>
				<timestamp>481.470324</timestamp>
			</report>
			<report>
				<misses>2296001</misses>
				<total>61</total>
				<timestamp>481.680135</timestamp>
			</report>
			<report>
				<misses>2297001</misses>
				<total>61</total>
				<timestamp>481.889940</timestamp>
			</report>
			<report>
				<misses>2298001</misses>
				<total>60</total>
				<timestamp>482.099757</timestamp>
			</report>
			<report>
				<misses>2299001</misses>
				<total>61</total>
				<timestamp>482.309555</timestamp>
			</report>
			<report>
				<misses>2300001</misses>
				<total>61</total>
				<timestamp>482.519297</timestamp>
			</report>
			<report>
				<misses>2301001</misses>
				<total>65</total>
				<timestamp>482.729065</timestamp>
			</report>
			<report>
				<misses>2302001</misses>
				<total>65</total>
				<timestamp>482.938891</timestamp>
			</report>
			<report>
				<misses>2303001</misses>
				<total>65</total>
				<timestamp>483.148644</timestamp>
			</report>
			<report>
				<misses>2304001</misses>
				<total>65</total>
				<timestamp>483.358453</timestamp>
			</report>
			<report>
				<misses>2305001</misses>
				<total>65</total>
				<timestamp>483.568251</timestamp>
			</report>
			<report>
				<misses>2306001</misses>
				<total>65</total>
				<timestamp>483.778039</timestamp>
			</report>
			<report>
				<misses>2307001</misses>
				<total>65</total>
				<timestamp>483.987800</timestamp>
			</report>
			<report>
				<misses>2308001</misses>
				<total>65</total>
				<timestamp>484.197635</timestamp>
			</report>
			<report>
				<misses>2309001</misses>
				<total>65</total>
				<timestamp>484.407406</timestamp>
			</report>
			<report>
				<misses>2310001</misses>
				<total>65</total>
				<timestamp>484.617180</timestamp>
			</report>
			<report>
				<misses>2311001</misses>
				<total>65</total>
				<timestamp>484.826987</timestamp>
			</report>
			<report>
				<misses>2312001</misses>
				<total>65</total>
				<timestamp>485.036777</timestamp>
			</report>
			<report>
				<misses>2313001</misses>
				<total>65</total>
				<timestamp>485.246568</timestamp>
			</report>
			<report>
				<misses>2314001</misses>
				<total>65</total>
				<timestamp>485.456374</timestamp>
			</report>
			<report>
				<misses>2315001</misses>
				<total>65</total>
				<timestamp>485.666134</timestamp>
			</report>
			<report>
				<misses>2316001</misses>
				<total>65</total>
				<timestamp>485.875913</timestamp>
			</report>
			<report>
				<misses>2317001</misses>
				<total>65</total>
				<timestamp>486.085697</timestamp>
			</report>
			<report>
				<misses>2318001</misses>
				<total>65</total>
				<timestamp>486.295497</timestamp>
			</report>
			<report>
				<misses>2319001</misses>
				<total>65</total>
				<timestamp>486.505281</timestamp>
			</report>
			<report>
				<misses>2320001</misses>
				<total>65</total>
				<timestamp>486.715100</timestamp>
			</report>
			<report>
				<misses>2321001</misses>
				<total>65</total>
				<timestamp>486.924888</timestamp>
			</report>
			<report>
				<misses>2322001</misses>
				<total>65</total>
				<timestamp>487.134648</timestamp>
			</report>
			<report>
				<misses>2323001</misses>
				<total>65</total>
				<timestamp>487.344474</timestamp>
			</report>
			<report>
				<misses>2324001</misses>
				<total>65</total>
				<timestamp>487.554241</timestamp>
			</report>
			<report>
				<misses>2325001</misses>
				<total>65</total>
				<timestamp>487.764023</timestamp>
			</report>
			<report>
				<misses>2326001</misses>
				<total>65</total>
				<timestamp>487.973811</timestamp>
			</report>
			<report>
				<misses>2327001</misses>
				<total>65</total>
				<timestamp>488.183615</timestamp>
			</report>
			<report>
				<misses>2328001</misses>
				<total>65</total>
				<timestamp>488.393420</timestamp>
			</report>
			<report>
				<misses>2329001</misses>
				<total>65</total>
				<timestamp>488.603195</timestamp>
			</report>
			<report>
				<misses>2330001</misses>
				<total>65</total>
				<timestamp>488.812969</timestamp>
			</report>
			<report>
				<misses>2331001</misses>
				<total>65</total>
				<timestamp>489.022753</timestamp>
			</report>
			<report>
				<misses>2332001</misses>
				<total>65</total>
				<timestamp>489.232607</timestamp>
			</report>
			<report>
				<misses>2333001</misses>
				<total>65</total>
				<timestamp>489.442384</timestamp>
			</report>
			<report>
				<misses>2334001</misses>
				<total>65</total>
				<timestamp>489.652138</timestamp>
			</report>
			<report>
				<misses>2335001</misses>
				<total>65</total>
				<timestamp>489.861939</timestamp>
			</report>
			<report>
				<misses>2336001</misses>
				<total>65</total>
				<timestamp>490.071738</timestamp>
			</report>
			<report>
				<misses>2337001</misses>
				<total>65</total>
				<timestamp>490.281512</timestamp>
			</report>
			<report>
				<misses>2338001</misses>
				<total>65</total>
				<timestamp>490.491287</timestamp>
			</report>
			<report>
				<misses>2339001</misses>
				<total>65</total>
				<timestamp>490.701101</timestamp>
			</report>
			<report>
				<misses>2340001</misses>
				<total>65</total>
				<timestamp>490.910873</timestamp>
			</report>
			<report>
				<misses>2341001</misses>
				<total>64</total>
				<timestamp>491.120708</timestamp>
			</report>
			<report>
				<misses>2342001</misses>
				<total>65</total>
				<timestamp>491.330480</timestamp>
			</report>
			<report>
				<misses>2343001</misses>
				<total>69</total>
				<timestamp>491.540260</timestamp>
			</report>
			<report>
				<misses>2344001</misses>
				<total>70</total>
				<timestamp>491.750042</timestamp>
			</report>
			<report>
				<misses>2345001</misses>
				<total>70</total>
				<timestamp>491.959830</timestamp>
			</report>
			<report>
				<misses>2346001</misses>
				<total>70</total>
				<timestamp>492.169618</timestamp>
			</report>
			<report>
				<misses>2347001</misses>
				<total>70</total>
				<timestamp>492.379459</timestamp>
			</report>
			<report>
				<misses>2348001</misses>
				<total>70</total>
				<timestamp>492.589204</timestamp>
			</report>
			<report>
				<misses>2349001</misses>
				<total>70</total>
				<timestamp>492.798986</timestamp>
			</report>
			<report>
				<misses>2350001</misses>
				<total>70</total>
				<timestamp>493.008771</timestamp>
			</report>
			<report>
				<misses>2351001</misses>
				<total>69</total>
				<timestamp>493.218588</timestamp>
			</report>
			<report>
				<misses>2352001</misses>
				<total>70</total>
				<timestamp>493.428417</timestamp>
			</report>
			<report>
				<misses>2353001</misses>
				<total>70</total>
				<timestamp>493.638141</timestamp>
			</report>
			<report>
				<misses>2354001</misses>
				<total>70</total>
				<timestamp>493.847958</timestamp>
			</report>
			<report>
				<misses>2355001</misses>
				<total>70</total>
				<timestamp>494.057733</timestamp>
			</report>
			<report>
				<misses>2356001</misses>
				<total>70</total>
				<timestamp>494.267557</timestamp>
			</report>
			<report>
				<misses>2357001</misses>
				<total>69</total>
				<timestamp>494.477300</timestamp>
			</report>
			<report>
				<misses>2358001</misses>
				<total>70</total>
				<timestamp>494.687104</timestamp>
			</report>
			<report>
				<misses>2359001</misses>
				<total>70</total>
				<timestamp>494.896875</timestamp>
			</report>
			<report>
				<misses>2360001</misses>
				<total>70</total>
				<timestamp>495.106680</timestamp>
			</report>
			<report>
				<misses>2361001</misses>
				<total>69</total>
				<timestamp>495.316548</timestamp>
			</report>
			<report>
				<misses>2362001</misses>
				<total>70</total>
				<timestamp>495.526286</timestamp>
			</report>
			<report>
				<misses>2363001</misses>
				<total>72</total>
				<timestamp>495.736040</timestamp>
			</report>
			<report>
				<misses>2364001</misses>
				<total>71</total>
				<timestamp>495.945836</timestamp>
			</report>
			<report>
				<misses>2365001</misses>
				<total>72</total>
				<timestamp>496.155672</timestamp>
			</report>
			<report>
				<misses>2366001</misses>
				<total>72</total>
				<timestamp>496.365463</timestamp>
			</report>
			<report>
				<misses>2367001</misses>
				<total>72</total>
				<timestamp>496.575214</timestamp>
			</report>
			<report>
				<misses>2368001</misses>
				<total>72</total>
				<timestamp>496.784987</timestamp>
			</report>
			<report>
				<misses>2369001</misses>
				<total>72</total>
				<timestamp>496.994808</timestamp>
			</report>
			<report>
				<misses>2370001</misses>
				<total>72</total>
				<timestamp>497.204599</timestamp>
			</report>
			<report>
				<misses>2371001</misses>
				<total>72</total>
				<timestamp>497.414403</timestamp>
			</report>
			<report>
				<misses>2372001</misses>
				<total>72</total>
				<timestamp>497.624148</timestamp>
			</report>
			<report>
				<misses>2373001</misses>
				<total>72</total>
				<timestamp>497.833954</timestamp>
			</report>
			<report>
				<misses>2374001</misses>
				<total>72</total>
				<timestamp>498.043724</timestamp>
			</report>
			<report>
				<misses>2375001</misses>
				<total>72</total>
				<timestamp>498.253555</timestamp>
			</report>
			<report>
				<misses>2376001</misses>
				<total>72</total>
				<timestamp>498.463343</timestamp>
			</report>
			<report>
				<misses>2377001</misses>
				<total>72</total>
				<timestamp>498.673112</timestamp>
			</report>
			<report>
				<misses>2378001</misses>
				<total>72</total>
				<timestamp>498.882902</timestamp>
			</report>
			<report>
				<misses>2379001</misses>
				<total>72</total>
				<timestamp>499.092710</timestamp>
			</report>
			<report>
				<misses>2380001</misses>
				<total>72</total>
				<timestamp>499.302490</timestamp>
			</report>
			<report>
				<misses>2381001</misses>
				<total>72</total>
				<timestamp>499.512282</timestamp>
			</report>
			<report>
				<misses>2382001</misses>
				<total>72</total>
				<timestamp>499.722080</timestamp>
			</report>
			<report>
				<misses>2383001</misses>
				<total>72</total>
				<timestamp>499.931849</timestamp>
			</report>
			<report>
				<misses>2384001</misses>
				<total>72</total>
				<timestamp>500.141680</timestamp>
			</report>
			<report>
				<misses>2385001</misses>
				<total>72</total>
				<timestamp>500.351442</timestamp>
			</report>
			<report>
				<misses>2386001</misses>
				<total>72</total>
				<timestamp>500.561236</timestamp>
			</report>
			<report>
				<misses>2387001</misses>
				<total>72</total>
				<timestamp>500.771026</timestamp>
			</report>
			<report>
				<misses>2388001</misses>
				<total>72</total>
				<timestamp>500.980789</timestamp>
			</report>
			<report>
				<misses>2389001</misses>
				<total>72</total>
				<timestamp>501.190592</timestamp>
			</report>
			<report>
				<misses>2390001</misses>
				<total>72</total>
				<timestamp>501.400392</timestamp>
			</report>
			<report>
				<misses>2391001</misses>
				<total>72</total>
				<timestamp>501.610183</timestamp>
			</report>
			<report>
				<misses>2392001</misses>
				<total>72</total>
				<timestamp>501.819971</timestamp>
			</report>
			<report>
				<misses>2393001</misses>
				<total>72</total>
				<timestamp>502.029749</timestamp>
			</report>
			<report>
				<misses>2394001</misses>
				<total>72</total>
				<timestamp>502.239566</timestamp>
			</report>
			<report>
				<misses>2395001</misses>
				<total>72</total>
				<timestamp>502.449355</timestamp>
			</report>
			<report>
				<misses>2396001</misses>
				<total>72</total>
				<timestamp>502.659110</timestamp>
			</report>
			<report>
				<misses>2397001</misses>
				<total>72</total>
				<timestamp>502.868906</timestamp>
			</report>
			<report>
				<misses>2398001</misses>
				<total>72</total>
				<timestamp>503.078688</timestamp>
			</report>
			<report>
				<misses>2399001</misses>
				<total>74</total>
				<timestamp>503.288510</timestamp>
			</report>
			<report>
				<misses>2400001</misses>
				<total>74</total>
				<timestamp>503.498277</timestamp>
			</report>
			<report>
				<misses>2401001</misses>
				<total>74</total>
				<timestamp>503.708072</timestamp>
			</report>
			<report>
				<misses>2402001</misses>
				<total>74</total>
				<timestamp>503.917847</timestamp>
			</report>
			<report>
				<misses>2403001</misses>
				<total>74</total>
				<timestamp>504.127663</timestamp>
			</report>
			<report>
				<misses>2404001</misses>
				<total>74</total>
				<timestamp>504.337429</timestamp>
			</report>
			<report>
				<misses>2405001</misses>
				<total>74</total>
				<timestamp>504.547291</timestamp>
			</report>
			<report>
				<misses>2406001</misses>
				<total>74</total>
				<timestamp>504.757030</timestamp>
			</report>
			<report>
				<misses>2407001</misses>
				<total>74</total>
				<timestamp>504.966830</timestamp>
			</report>
			<report>
				<misses>2408001</misses>
				<total>74</total>
				<timestamp>505.176594</timestamp>
			</report>
			<report>
				<misses>2409001</misses>
				<total>74</total>
				<timestamp>505.386399</timestamp>
			</report>
			<report>
				<misses>2410001</misses>
				<total>74</total>
				<timestamp>505.596184</timestamp>
			</report>
			<report>
				<misses>2411001</misses>
				<total>74</total>
				<timestamp>505.805960</timestamp>
			</report>
			<report>
				<misses>2412001</misses>
				<total>74</total>
				<timestamp>506.015784</timestamp>
			</report>
			<report>
				<misses>2413001</misses>
				<total>74</total>
				<timestamp>506.225561</timestamp>
			</report>
			<report>
				<misses>2414001</misses>
				<total>74</total>
				<timestamp>506.435395</timestamp>
			</report>
			<report>
				<misses>2415001</misses>
				<total>74</total>
				<timestamp>506.645132</timestamp>
			</report>
			<report>
				<misses>2416001</misses>
				<total>74</total>
				<timestamp>506.854904</timestamp>
			</report>
			<report>
				<misses>2417001</misses>
				<total>74</total>
				<timestamp>507.064709</timestamp>
			</report>
			<report>
				<misses>2418001</misses>
				<total>74</total>
				<timestamp>507.274515</timestamp>
			</report>
			<report>
				<misses>2419001</misses>
				<total>74</total>
				<timestamp>507.484311</timestamp>
			</report>
			<report>
				<misses>2420001</misses>
				<total>74</total>
				<timestamp>507.694083</timestamp>
			</report>
			<report>
				<misses>2421001</misses>
				<total>73</total>
				<timestamp>507.903886</timestamp>
			</report>
			<report>
				<misses>2422001</misses>
				<total>74</total>
				<timestamp>508.113656</timestamp>
			</report>
			<report>
				<misses>2423001</misses>
				<total>74</total>
				<timestamp>508.323490</timestamp>
			</report>
			<report>
				<misses>2424001</misses>
				<total>74</total>
				<timestamp>508.533318</timestamp>
			</report>
			<report>
				<misses>2425001</misses>
				<total>74</total>
				<timestamp>508.743086</timestamp>
			</report>
			<report>
				<misses>2426001</misses>
				<total>74</total>
				<timestamp>508.952826</timestamp>
			</report>
			<report>
				<misses>2427001</misses>
				<total>74</total>
				<timestamp>509.162608</timestamp>
			</report>
			<report>
				<misses>2428001</misses>
				<total>75</total>
				<timestamp>509.372420</timestamp>
			</report>
			<report>
				<misses>2429001</misses>
				<total>75</total>
				<timestamp>509.582203</timestamp>
			</report>
			<report>
				<misses>2430001</misses>
				<total>75</total>
				<timestamp>509.791991</timestamp>
			</report>
			<report>
				<misses>2431001</misses>
				<total>75</total>
				<timestamp>510.001782</timestamp>
			</report>
			<report>
				<misses>2432001</misses>
				<total>75</total>
				<timestamp>510.211615</timestamp>
			</report>
			<report>
				<misses>2433001</misses>
				<total>75</total>
				<timestamp>510.421389</timestamp>
			</report>
			<report>
				<misses>2434001</misses>
				<total>75</total>
				<timestamp>510.631131</timestamp>
			</report>
			<report>
				<misses>2435001</misses>
				<total>75</total>
				<timestamp>510.840943</timestamp>
			</report>
			<report>
				<misses>2436001</misses>
				<total>75</total>
				<timestamp>511.050723</timestamp>
			</report>
			<report>
				<misses>2437001</misses>
				<total>75</total>
				<timestamp>511.260524</timestamp>
			</report>
			<report>
				<misses>2438001</misses>
				<total>75</total>
				<timestamp>511.470338</timestamp>
			</report>
			<report>
				<misses>2439001</misses>
				<total>75</total>
				<timestamp>511.680091</timestamp>
			</report>
			<report>
				<misses>2440001</misses>
				<total>75</total>
				<timestamp>511.889921</timestamp>
			</report>
			<report>
				<misses>2441001</misses>
				<total>75</total>
				<timestamp>512.099644</timestamp>
			</report>
			<report>
				<misses>2442001</misses>
				<total>75</total>
				<timestamp>512.309464</timestamp>
			</report>
			<report>
				<misses>2443001</misses>
				<total>75</total>
				<timestamp>512.519282</timestamp>
			</report>
			<report>
				<misses>2444001</misses>
				<total>75</total>
				<timestamp>512.729028</timestamp>
			</report>
			<report>
				<misses>2445001</misses>
				<total>75</total>
				<timestamp>512.938834</timestamp>
			</report>
			<report>
				<misses>2446001</misses>
				<total>75</total>
				<timestamp>513.148616</timestamp>
			</report>
			<report>
				<misses>2447001</misses>
				<total>75</total>
				<timestamp>513.358435</timestamp>
			</report>
			<report>
				<misses>2448001</misses>
				<total>74</total>
				<timestamp>513.568216</timestamp>
			</report>
			<report>
				<misses>2449001</misses>
				<total>75</total>
				<timestamp>513.777978</timestamp>
			</report>
			<report>
				<misses>2450001</misses>
				<total>75</total>
				<timestamp>513.987787</timestamp>
			</report>
			<report>
				<misses>2451001</misses>
				<total>75</total>
				<timestamp>514.197576</timestamp>
			</report>
			<report>
				<misses>2452001</misses>
				<total>75</total>
				<timestamp>514.407398</timestamp>
			</report>
			<report>
				<misses>2453001</misses>
				<total>75</total>
				<timestamp>514.617142</timestamp>
			</report>
			<report>
				<misses>2454001</misses>
				<total>76</total>
				<timestamp>514.826965</timestamp>
			</report>
			<report>
				<misses>2455001</misses>
				<total>76</total>
				<timestamp>515.036722</timestamp>
			</report>
			<report>
				<misses>2456001</misses>
				<total>76</total>
				<timestamp>515.246548</timestamp>
			</report>
			<report>
				<misses>2457001</misses>
				<total>77</total>
				<timestamp>515.456334</timestamp>
			</report>
			<report>
				<misses>2458001</misses>
				<total>77</total>
				<timestamp>515.666125</timestamp>
			</report>
			<report>
				<misses>2459001</misses>
				<total>77</total>
				<timestamp>515.875902</timestamp>
			</report>
			<report>
				<misses>2460001</misses>
				<total>77</total>
				<timestamp>516.085680</timestamp>
			</report>
			<report>
				<misses>2461001</misses>
				<total>77</total>
				<timestamp>516.295459</timestamp>
			</report>
			<report>
				<misses>2462001</misses>
				<total>77</total>
				<timestamp>516.505319</timestamp>
			</report>
			<report>
				<misses>2463001</misses>
				<total>77</total>
				<timestamp>516.715045</timestamp>
			</report>
			<report>
				<misses>2464001</misses>
				<total>77</total>
				<timestamp>516.924836</timestamp>
			</report>
			<report>
				<misses>2465001</misses>
				<total>77</total>
				<timestamp>517.134631</timestamp>
			</report>
			<report>
				<misses>2466001</misses>
				<total>77</total>
				<timestamp>517.344429</timestamp>
			</report>
			<report>
				<misses>2467001</misses>
				<total>77</total>
				<timestamp>517.554246</timestamp>
			</report>
			<report>
				<misses>2468001</misses>
				<total>77</total>
				<timestamp>517.764003</timestamp>
			</report>
			<report>
				<misses>2469001</misses>
				<total>76</total>
				<timestamp>517.973791</timestamp>
			</report>
			<report>
				<misses>2470001</misses>
				<total>77</total>
				<timestamp>518.183599</timestamp>
			</report>
			<report>
				<misses>2471001</misses>
				<total>77</total>
				<timestamp>518.393402</timestamp>
			</report>
			<report>
				<misses>2472001</misses>
				<total>77</total>
				<timestamp>518.603175</timestamp>
			</report>
			<report>
				<misses>2473001</misses>
				<total>77</total>
				<timestamp>518.812971</timestamp>
			</report>
			<report>
				<misses>2474001</misses>
				<total>77</total>
				<timestamp>519.022754</timestamp>
			</report>
			<report>
				<misses>2475001</misses>
				<total>77</total>
				<timestamp>519.232524</timestamp>
			</report>
			<report>
				<misses>2476001</misses>
				<total>77</total>
				<timestamp>519.442317</timestamp>
			</report>
			<report>
				<misses>2477001</misses>
				<total>76</total>
				<timestamp>519.652116</timestamp>
			</report>
			<report>
				<misses>2478001</misses>
				<total>77</total>
				<timestamp>519.861886</timestamp>
			</report>
			<report>
				<misses>2479001</misses>
				<total>77</total>
				<timestamp>520.071692</timestamp>
			</report>
			<report>
				<misses>2480001</misses>
				<total>77</total>
				<timestamp>520.281494</timestamp>
			</report>
			<report>
				<misses>2481001</misses>
				<total>77</total>
				<timestamp>520.491285</timestamp>
			</report>
			<report>
				<misses>2482001</misses>
				<total>77</total>
				<timestamp>520.701071</timestamp>
			</report>
			<report>
				<misses>2483001</misses>
				<total>77</total>
				<timestamp>520.910841</timestamp>
			</report>
			<report>
				<misses>2484001</misses>
				<total>77</total>
				<timestamp>521.120631</timestamp>
			</report>
			<report>
				<misses>2485001</misses>
				<total>77</total>
				<timestamp>521.330421</timestamp>
			</report>
			<report>
				<misses>2486001</misses>
				<total>77</total>
				<timestamp>521.540261</timestamp>
			</report>
			<report>
				<misses>2487001</misses>
				<total>77</total>
				<timestamp>521.750019</timestamp>
			</report>
			<report>
				<misses>2488001</misses>
				<total>77</total>
				<timestamp>521.959793</timestamp>
			</report>
			<report>
				<misses>2489001</misses>
				<total>77</total>
				<timestamp>522.169598</timestamp>
			</report>
			<report>
				<misses>2490001</misses>
				<total>77</total>
				<timestamp>522.379400</timestamp>
			</report>
			<report>
				<misses>2491001</misses>
				<total>80</total>
				<timestamp>522.589192</timestamp>
			</report>
			<report>
				<misses>2492001</misses>
				<total>80</total>
				<timestamp>522.798956</timestamp>
			</report>
			<report>
				<misses>2493001</misses>
				<total>80</total>
				<timestamp>523.008751</timestamp>
			</report>
			<report>
				<misses>2494001</misses>
				<total>80</total>
				<timestamp>523.218563</timestamp>
			</report>
			<report>
				<misses>2495001</misses>
				<total>80</total>
				<timestamp>523.428393</timestamp>
			</report>
			<report>
				<misses>2496001</misses>
				<total>80</total>
				<timestamp>523.638126</timestamp>
			</report>
			<report>
				<misses>2497001</misses>
				<total>80</total>
				<timestamp>523.847929</timestamp>
			</report>
			<report>
				<misses>2498001</misses>
				<total>80</total>
				<timestamp>524.057702</timestamp>
			</report>
			<report>
				<misses>2499001</misses>
				<total>80</total>
				<timestamp>524.267501</timestamp>
			</report>
			<report>
				<misses>2500001</misses>
				<total>87</total>
				<timestamp>524.477282</timestamp>
			</report>
			<report>
				<misses>2501001</misses>
				<total>87</total>
				<timestamp>524.687060</timestamp>
			</report>
			<report>
				<misses>2502001</misses>
				<total>87</total>
				<timestamp>524.896858</timestamp>
			</report>
			<report>
				<misses>2503001</misses>
				<total>87</total>
				<timestamp>525.106654</timestamp>
			</report>
			<report>
				<misses>2504001</misses>
				<total>87</total>
				<timestamp>525.316432</timestamp>
			</report>
			<report>
				<misses>2505001</misses>
				<total>86</total>
				<timestamp>525.526290</timestamp>
			</report>
			<report>
				<misses>2506001</misses>
				<total>87</total>
				<timestamp>525.736023</timestamp>
			</report>
			<report>
				<misses>2507001</misses>
				<total>87</total>
				<timestamp>525.945826</timestamp>
			</report>
			<report>
				<misses>2508001</misses>
				<total>87</total>
				<timestamp>526.155614</timestamp>
			</report>
			<report>
				<misses>2509001</misses>
				<total>87</total>
				<timestamp>526.365386</timestamp>
			</report>
			<report>
				<misses>2510001</misses>
				<total>87</total>
				<timestamp>526.575198</timestamp>
			</report>
			<report>
				<misses>2511001</misses>
				<total>87</total>
				<timestamp>526.785034</timestamp>
			</report>
			<report>
				<misses>2512001</misses>
				<total>87</total>
				<timestamp>526.994752</timestamp>
			</report>
			<report>
				<misses>2513001</misses>
				<total>87</total>
				<timestamp>527.204560</timestamp>
			</report>
			<report>
				<misses>2514001</misses>
				<total>87</total>
				<timestamp>527.414397</timestamp>
			</report>
			<report>
				<misses>2515001</misses>
				<total>87</total>
				<timestamp>527.624155</timestamp>
			</report>
			<report>
				<misses>2516001</misses>
				<total>87</total>
				<timestamp>527.833920</timestamp>
			</report>
			<report>
				<misses>2517001</misses>
				<total>87</total>
				<timestamp>528.043741</timestamp>
			</report>
			<report>
				<misses>2518001</misses>
				<total>88</total>
				<timestamp>528.253527</timestamp>
			</report>
			<report>
				<misses>2519001</misses>
				<total>88</total>
				<timestamp>528.463322</timestamp>
			</report>
			<report>
				<misses>2520001</misses>
				<total>88</total>
				<timestamp>528.673082</timestamp>
			</report>
			<report>
				<misses>2521001</misses>
				<total>88</total>
				<timestamp>528.882868</timestamp>
			</report>
			<report>
				<misses>2522001</misses>
				<total>88</total>
				<timestamp>529.092710</timestamp>
			</report>
			<report>
				<misses>2523001</misses>
				<total>88</total>
				<timestamp>529.302460</timestamp>
			</report>
			<report>
				<misses>2524001</misses>
				<total>88</total>
				<timestamp>529.512273</timestamp>
			</report>
			<report>
				<misses>2525001</misses>
				<total>88</total>
				<timestamp>529.722054</timestamp>
			</report>
			<report>
				<misses>2526001</misses>
				<total>88</total>
				<timestamp>529.931808</timestamp>
			</report>
			<report>
				<misses>2527001</misses>
				<total>88</total>
				<timestamp>530.141623</timestamp>
			</report>
			<report>
				<misses>2528001</misses>
				<total>88</total>
				<timestamp>530.351405</timestamp>
			</report>
			<report>
				<misses>2529001</misses>
				<total>88</total>
				<timestamp>530.561226</timestamp>
			</report>
			<report>
				<misses>2530001</misses>
				<total>88</total>
				<timestamp>530.770979</timestamp>
			</report>
			<report>
				<misses>2531001</misses>
				<total>88</total>
				<timestamp>530.980767</timestamp>
			</report>
			<report>
				<misses>2532001</misses>
				<total>92</total>
				<timestamp>531.190563</timestamp>
			</report>
			<report>
				<misses>2533001</misses>
				<total>92</total>
				<timestamp>531.400381</timestamp>
			</report>
			<report>
				<misses>2534001</misses>
				<total>92</total>
				<timestamp>531.610168</timestamp>
			</report>
			<report>
				<misses>2535001</misses>
				<total>92</total>
				<timestamp>531.819947</timestamp>
			</report>
			<report>
				<misses>2536001</misses>
				<total>92</total>
				<timestamp>532.029719</timestamp>
			</report>
			<report>
				<misses>2537001</misses>
				<total>92</total>
				<timestamp>532.239552</timestamp>
			</report>
			<report>
				<misses>2538001</misses>
				<total>92</total>
				<timestamp>532.449330</timestamp>
			</report>
			<report>
				<misses>2539001</misses>
				<total>92</total>
				<timestamp>532.659110</timestamp>
			</report>
			<report>
				<misses>2540001</misses>
				<total>92</total>
				<timestamp>532.868878</timestamp>
			</report>
			<report>
				<misses>2541001</misses>
				<total>92</total>
				<timestamp>533.078699</timestamp>
			</report>
			<report>
				<misses>2542001</misses>
				<total>92</total>
				<timestamp>533.288511</timestamp>
			</report>
			<report>
				<misses>2543001</misses>
				<total>92</total>
				<timestamp>533.498271</timestamp>
			</report>
			<report>
				<misses>2544001</misses>
				<total>92</total>
				<timestamp>533.708055</timestamp>
			</report>
			<report>
				<misses>2545001</misses>
				<total>92</total>
				<timestamp>533.917852</timestamp>
			</report>
			<report>
				<misses>2546001</misses>
				<total>92</total>
				<timestamp>534.127625</timestamp>
			</report>
			<report>
				<misses>2547001</misses>
				<total>92</total>
				<timestamp>534.337417</timestamp>
			</report>
			<report>
				<misses>2548001</misses>
				<total>92</total>
				<timestamp>534.547228</timestamp>
			</report>
			<report>
				<misses>2549001</misses>
				<total>92</total>
				<timestamp>534.756970</timestamp>
			</report>
			<report>
				<misses>2550001</misses>
				<total>92</total>
				<timestamp>534.966779</timestamp>
			</report>
			<report>
				<misses>2551001</misses>
				<total>92</total>
				<timestamp>535.176564</timestamp>
			</report>
			<report>
				<misses>2552001</misses>
				<total>92</total>
				<timestamp>535.386364</timestamp>
			</report>
			<report>
				<misses>2553001</misses>
				<total>92</total>
				<timestamp>535.596183</timestamp>
			</report>
			<report>
				<misses>2554001</misses>
				<total>92</total>
				<timestamp>535.805955</timestamp>
			</report>
			<report>
				<misses>2555001</misses>
				<total>92</total>
				<timestamp>536.015759</timestamp>
			</report>
			<report>
				<misses>2556001</misses>
				<total>92</total>
				<timestamp>536.225521</timestamp>
			</report>
			<report>
				<misses>2557001</misses>
				<total>92</total>
				<timestamp>536.435322</timestamp>
			</report>
			<report>
				<misses>2558001</misses>
				<total>92</total>
				<timestamp>536.645156</timestamp>
			</report>
			<report>
				<misses>2559001</misses>
				<total>91</total>
				<timestamp>536.854913</timestamp>
			</report>
			<report>
				<misses>2560001</misses>
				<total>91</total>
				<timestamp>537.064711</timestamp>
			</report>
			<report>
				<misses>2561001</misses>
				<total>92</total>
				<timestamp>537.274473</timestamp>
			</report>
			<report>
				<misses>2562001</misses>
				<total>92</total>
				<timestamp>537.484283</timestamp>
			</report>
			<report>
				<misses>2563001</misses>
				<total>92</total>
				<timestamp>537.694067</timestamp>
			</report>
			<report>
				<misses>2564001</misses>
				<total>91</total>
				<timestamp>537.903836</timestamp>
			</report>
			<report>
				<misses>2565001</misses>
				<total>92</total>
				<timestamp>538.113630</timestamp>
			</report>
			<report>
				<misses>2566001</misses>
				<total>92</total>
				<timestamp>538.323437</timestamp>
			</report>
			<report>
				<misses>2567001</misses>
				<total>92</total>
				<timestamp>538.533226</timestamp>
			</report>
			<report>
				<misses>2568001</misses>
				<total>92</total>
				<timestamp>538.742991</timestamp>
			</report>
			<report>
				<misses>2569001</misses>
				<total>92</total>
				<timestamp>538.952824</timestamp>
			</report>
			<report>
				<misses>2570001</misses>
				<total>92</total>
				<timestamp>539.162585</timestamp>
			</report>
			<report>
				<misses>2571001</misses>
				<total>93</total>
				<timestamp>539.372404</timestamp>
			</report>
			<report>
				<misses>2572001</misses>
				<total>93</total>
				<timestamp>539.582164</timestamp>
			</report>
			<report>
				<misses>2573001</misses>
				<total>93</total>
				<timestamp>539.791949</timestamp>
			</report>
			<report>
				<misses>2574001</misses>
				<total>93</total>
				<timestamp>540.001742</timestamp>
			</report>
			<report>
				<misses>2575001</misses>
				<total>93</total>
				<timestamp>540.211571</timestamp>
			</report>
			<report>
				<misses>2576001</misses>
				<total>93</total>
				<timestamp>540.421336</timestamp>
			</report>
			<report>
				<misses>2577001</misses>
				<total>93</total>
				<timestamp>540.631130</timestamp>
			</report>
			<report>
				<misses>2578001</misses>
				<total>93</total>
				<timestamp>540.840930</timestamp>
			</report>
			<report>
				<misses>2579001</misses>
				<total>93</total>
				<timestamp>541.050689</timestamp>
			</report>
			<report>
				<misses>2580001</misses>
				<total>93</total>
				<timestamp>541.260515</timestamp>
			</report>
			<report>
				<misses>2581001</misses>
				<total>93</total>
				<timestamp>541.470320</timestamp>
			</report>
			<report>
				<misses>2582001</misses>
				<total>93</total>
				<timestamp>541.680072</timestamp>
			</report>
			<report>
				<misses>2583001</misses>
				<total>93</total>
				<timestamp>541.889865</timestamp>
			</report>
			<report>
				<misses>2584001</misses>
				<total>93</total>
				<timestamp>542.099647</timestamp>
			</report>
			<report>
				<misses>2585001</misses>
				<total>93</total>
				<timestamp>542.309428</timestamp>
			</report>
			<report>
				<misses>2586001</misses>
				<total>93</total>
				<timestamp>542.519235</timestamp>
			</report>
			<report>
				<misses>2587001</misses>
				<total>93</total>
				<timestamp>542.729065</timestamp>
			</report>
			<report>
				<misses>2588001</misses>
				<total>93</total>
				<timestamp>542.938793</timestamp>
			</report>
			<report>
				<misses>2589001</misses>
				<total>93</total>
				<timestamp>543.148638</timestamp>
			</report>
			<report>
				<misses>2590001</misses>
				<total>93</total>
				<timestamp>543.358406</timestamp>
			</report>
			<report>
				<misses>2591001</misses>
				<total>93</total>
				<timestamp>543.568232</timestamp>
			</report>
			<report>
				<misses>2592001</misses>
				<total>93</total>
				<timestamp>543.777980</timestamp>
			</report>
			<report>
				<misses>2593001</misses>
				<total>93</total>
				<timestamp>543.987747</timestamp>
			</report>
			<report>
				<misses>2594001</misses>
				<total>93</total>
				<timestamp>544.197558</timestamp>
			</report>
			<report>
				<misses>2595001</misses>
				<total>93</total>
				<timestamp>544.407351</timestamp>
			</report>
			<report>
				<misses>2596001</misses>
				<total>93</total>
				<timestamp>544.617177</timestamp>
			</report>
			<report>
				<misses>2597001</misses>
				<total>93</total>
				<timestamp>544.826907</timestamp>
			</report>
			<report>
				<misses>2598001</misses>
				<total>93</total>
				<timestamp>545.036692</timestamp>
			</report>
			<report>
				<misses>2599001</misses>
				<total>93</total>
				<timestamp>545.246502</timestamp>
			</report>
			<report>
				<misses>2600001</misses>
				<total>93</total>
				<timestamp>545.456293</timestamp>
			</report>
			<report>
				<misses>2601001</misses>
				<total>93</total>
				<timestamp>545.666080</timestamp>
			</report>
			<report>
				<misses>2602001</misses>
				<total>93</total>
				<timestamp>545.875864</timestamp>
			</report>
			<report>
				<misses>2603001</misses>
				<total>93</total>
				<timestamp>546.085632</timestamp>
			</report>
			<report>
				<misses>2604001</misses>
				<total>93</total>
				<timestamp>546.295465</timestamp>
			</report>
			<report>
				<misses>2605001</misses>
				<total>93</total>
				<timestamp>546.505248</timestamp>
			</report>
			<report>
				<misses>2606001</misses>
				<total>93</total>
				<timestamp>546.715015</timestamp>
			</report>
			<report>
				<misses>2607001</misses>
				<total>93</total>
				<timestamp>546.924815</timestamp>
			</report>
			<report>
				<misses>2608001</misses>
				<total>93</total>
				<timestamp>547.134600</timestamp>
			</report>
			<report>
				<misses>2609001</misses>
				<total>93</total>
				<timestamp>547.344414</timestamp>
			</report>
			<report>
				<misses>2610001</misses>
				<total>93</total>
				<timestamp>547.554199</timestamp>
			</report>
			<report>
				<misses>2611001</misses>
				<total>93</total>
				<timestamp>547.763959</timestamp>
			</report>
			<report>
				<misses>2612001</misses>
				<total>93</total>
				<timestamp>547.973754</timestamp>
			</report>
			<report>
				<misses>2613001</misses>
				<total>93</total>
				<timestamp>548.183550</timestamp>
			</report>
			<report>
				<misses>2614001</misses>
				<total>93</total>
				<timestamp>548.393332</timestamp>
			</report>
			<report>
				<misses>2615001</misses>
				<total>93</total>
				<timestamp>548.603146</timestamp>
			</report>
			<report>
				<misses>2616001</misses>
				<total>93</total>
				<timestamp>548.812915</timestamp>
			</report>
			<report>
				<misses>2617001</misses>
				<total>93</total>
				<timestamp>549.022715</timestamp>
			</report>
			<report>
				<misses>2618001</misses>
				<total>93</total>
				<timestamp>549.232482</timestamp>
			</report>
			<report>
				<misses>2619001</misses>
				<total>93</total>
				<timestamp>549.442298</timestamp>
			</report>
			<report>
				<misses>2620001</misses>
				<total>93</total>
				<timestamp>549.652119</timestamp>
			</report>
			<report>
				<misses>2621001</misses>
				<total>93</total>
				<timestamp>549.861873</timestamp>
			</report>
			<report>
				<misses>2622001</misses>
				<total>93</total>
				<timestamp>550.071650</timestamp>
			</report>
			<report>
				<misses>2623001</misses>
				<total>93</total>
				<timestamp>550.281489</timestamp>
			</report>
			<report>
				<misses>2624001</misses>
				<total>93</total>
				<timestamp>550.491246</timestamp>
			</report>
			<report>
				<misses>2625001</misses>
				<total>93</total>
				<timestamp>550.701074</timestamp>
			</report>
			<report>
				<misses>2626001</misses>
				<total>93</total>
				<timestamp>550.910814</timestamp>
			</report>
			<report>
				<misses>2627001</misses>
				<total>93</total>
				<timestamp>551.120619</timestamp>
			</report>
			<report>
				<misses>2628001</misses>
				<total>93</total>
				<timestamp>551.330402</timestamp>
			</report>
			<report>
				<misses>2629001</misses>
				<total>93</total>
				<timestamp>551.540209</timestamp>
			</report>
			<report>
				<misses>2630001</misses>
				<total>93</total>
				<timestamp>551.749977</timestamp>
			</report>
			<report>
				<misses>2631001</misses>
				<total>93</total>
				<timestamp>551.959767</timestamp>
			</report>
			<report>
				<misses>2632001</misses>
				<total>93</total>
				<timestamp>552.169573</timestamp>
			</report>
			<report>
				<misses>2633001</misses>
				<total>93</total>
				<timestamp>552.379346</timestamp>
			</report>
			<report>
				<misses>2634001</misses>
				<total>93</total>
				<timestamp>552.589262</timestamp>
			</report>
			<report>
				<misses>2635001</misses>
				<total>93</total>
				<timestamp>552.798931</timestamp>
			</report>
			<report>
				<misses>2636001</misses>
				<total>93</total>
				<timestamp>553.008724</timestamp>
			</report>
			<report>
				<misses>2637001</misses>
				<total>93</total>
				<timestamp>553.218557</timestamp>
			</report>
			<report>
				<misses>2638001</misses>
				<total>93</total>
				<timestamp>553.428306</timestamp>
			</report>
			<report>
				<misses>2639001</misses>
				<total>93</total>
				<timestamp>553.638212</timestamp>
			</report>
			<report>
				<misses>2640001</misses>
				<total>93</total>
				<timestamp>553.847925</timestamp>
			</report>
			<report>
				<misses>2641001</misses>
				<total>93</total>
				<timestamp>554.057713</timestamp>
			</report>
			<report>
				<misses>2642001</misses>
				<total>93</total>
				<timestamp>554.267585</timestamp>
			</report>
			<report>
				<misses>2643001</misses>
				<total>93</total>
				<timestamp>554.477380</timestamp>
			</report>
			<report>
				<misses>2644001</misses>
				<total>93</total>
				<timestamp>554.687081</timestamp>
			</report>
			<report>
				<misses>2645001</misses>
				<total>93</total>
				<timestamp>554.896868</timestamp>
			</report>
			<report>
				<misses>2646001</misses>
				<total>93</total>
				<timestamp>555.106660</timestamp>
			</report>
			<report>
				<misses>2647001</misses>
				<total>93</total>
				<timestamp>555.316454</timestamp>
			</report>
			<report>
				<misses>2648001</misses>
				<total>93</total>
				<timestamp>555.526240</timestamp>
			</report>
			<report>
				<misses>2649001</misses>
				<total>93</total>
				<timestamp>555.736111</timestamp>
			</report>
			<report>
				<misses>2650001</misses>
				<total>92</total>
				<timestamp>555.945815</timestamp>
			</report>
			<report>
				<misses>2651001</misses>
				<total>93</total>
				<timestamp>556.155616</timestamp>
			</report>
			<report>
				<misses>2652001</misses>
				<total>93</total>
				<timestamp>556.365412</timestamp>
			</report>
			<report>
				<misses>2653001</misses>
				<total>93</total>
				<timestamp>556.575282</timestamp>
			</report>
			<report>
				<misses>2654001</misses>
				<total>93</total>
				<timestamp>556.785066</timestamp>
			</report>
			<report>
				<misses>2655001</misses>
				<total>93</total>
				<timestamp>556.994850</timestamp>
			</report>
			<report>
				<misses>2656001</misses>
				<total>93</total>
				<timestamp>557.204644</timestamp>
			</report>
			<report>
				<misses>2657001</misses>
				<total>93</total>
				<timestamp>557.414437</timestamp>
			</report>
			<report>
				<misses>2658001</misses>
				<total>92</total>
				<timestamp>557.624227</timestamp>
			</report>
			<report>
				<misses>2659001</misses>
				<total>93</total>
				<timestamp>557.833936</timestamp>
			</report>
			<report>
				<misses>2660001</misses>
				<total>93</total>
				<timestamp>558.043684</timestamp>
			</report>
			<report>
				<misses>2661001</misses>
				<total>93</total>
				<timestamp>558.253470</timestamp>
			</report>
			<report>
				<misses>2662001</misses>
				<total>93</total>
				<timestamp>558.463301</timestamp>
			</report>
			<report>
				<misses>2663001</misses>
				<total>93</total>
				<timestamp>558.673087</timestamp>
			</report>
			<report>
				<misses>2664001</misses>
				<total>93</total>
				<timestamp>558.882878</timestamp>
			</report>
			<report>
				<misses>2665001</misses>
				<total>93</total>
				<timestamp>559.092667</timestamp>
			</report>
			<report>
				<misses>2666001</misses>
				<total>93</total>
				<timestamp>559.302466</timestamp>
			</report>
			<report>
				<misses>2667001</misses>
				<total>93</total>
				<timestamp>559.512250</timestamp>
			</report>
			<report>
				<misses>2668001</misses>
				<total>93</total>
				<timestamp>559.722124</timestamp>
			</report>
			<report>
				<misses>2669001</misses>
				<total>93</total>
				<timestamp>559.931829</timestamp>
			</report>
			<report>
				<misses>2670001</misses>
				<total>93</total>
				<timestamp>560.141621</timestamp>
			</report>
			<report>
				<misses>2671001</misses>
				<total>93</total>
				<timestamp>560.351407</timestamp>
			</report>
			<report>
				<misses>2672001</misses>
				<total>93</total>
				<timestamp>560.561158</timestamp>
			</report>
			<report>
				<misses>2673001</misses>
				<total>93</total>
				<timestamp>560.770959</timestamp>
			</report>
			<report>
				<misses>2674001</misses>
				<total>92</total>
				<timestamp>560.980748</timestamp>
			</report>
			<report>
				<misses>2675001</misses>
				<total>93</total>
				<timestamp>561.190541</timestamp>
			</report>
			<report>
				<misses>2676001</misses>
				<total>93</total>
				<timestamp>561.400339</timestamp>
			</report>
			<report>
				<misses>2677001</misses>
				<total>93</total>
				<timestamp>561.610122</timestamp>
			</report>
			<report>
				<misses>2678001</misses>
				<total>93</total>
				<timestamp>561.819901</timestamp>
			</report>
			<report>
				<misses>2679001</misses>
				<total>92</total>
				<timestamp>562.029737</timestamp>
			</report>
			<report>
				<misses>2680001</misses>
				<total>93</total>
				<timestamp>562.239473</timestamp>
			</report>
			<report>
				<misses>2681001</misses>
				<total>93</total>
				<timestamp>562.449262</timestamp>
			</report>
			<report>
				<misses>2682001</misses>
				<total>93</total>
				<timestamp>562.659081</timestamp>
			</report>
			<report>
				<misses>2683001</misses>
				<total>93</total>
				<timestamp>562.868967</timestamp>
			</report>
			<report>
				<misses>2684001</misses>
				<total>93</total>
				<timestamp>563.078674</timestamp>
			</report>
			<report>
				<misses>2685001</misses>
				<total>93</total>
				<timestamp>563.288555</timestamp>
			</report>
			<report>
				<misses>2686001</misses>
				<total>93</total>
				<timestamp>563.498260</timestamp>
			</report>
			<report>
				<misses>2687001</misses>
				<total>93</total>
				<timestamp>563.708045</timestamp>
			</report>
			<report>
				<misses>2688001</misses>
				<total>93</total>
				<timestamp>563.917925</timestamp>
			</report>
			<report>
				<misses>2689001</misses>
				<total>93</total>
				<timestamp>564.127588</timestamp>
			</report>
			<report>
				<misses>2690001</misses>
				<total>93</total>
				<timestamp>564.337496</timestamp>
			</report>
			<report>
				<misses>2691001</misses>
				<total>93</total>
				<timestamp>564.547300</timestamp>
			</report>
			<report>
				<misses>2692001</misses>
				<total>93</total>
				<timestamp>564.757085</timestamp>
			</report>
			<report>
				<misses>2693001</misses>
				<total>92</total>
				<timestamp>564.966782</timestamp>
			</report>
			<report>
				<misses>2694001</misses>
				<total>93</total>
				<timestamp>565.176657</timestamp>
			</report>
			<report>
				<misses>2695001</misses>
				<total>93</total>
				<timestamp>565.386367</timestamp>
			</report>
			<report>
				<misses>2696001</misses>
				<total>93</total>
				<timestamp>565.596238</timestamp>
			</report>
			<report>
				<misses>2697001</misses>
				<total>93</total>
				<timestamp>565.806031</timestamp>
			</report>
			<report>
				<misses>2698001</misses>
				<total>93</total>
				<timestamp>566.015812</timestamp>
			</report>
			<report>
				<misses>2699001</misses>
				<total>93</total>
				<timestamp>566.225493</timestamp>
			</report>
			<report>
				<misses>2700001</misses>
				<total>93</total>
				<timestamp>566.435415</timestamp>
			</report>
			<report>
				<misses>2701001</misses>
				<total>93</total>
				<timestamp>566.645192</timestamp>
			</report>
			<report>
				<misses>2702001</misses>
				<total>93</total>
				<timestamp>566.854852</timestamp>
			</report>
			<report>
				<misses>2703001</misses>
				<total>93</total>
				<timestamp>567.064764</timestamp>
			</report>
			<report>
				<misses>2704001</misses>
				<total>93</total>
				<timestamp>567.274475</timestamp>
			</report>
			<report>
				<misses>2705001</misses>
				<total>93</total>
				<timestamp>567.484275</timestamp>
			</report>
			<report>
				<misses>2706001</misses>
				<total>93</total>
				<timestamp>567.694022</timestamp>
			</report>
			<report>
				<misses>2707001</misses>
				<total>93</total>
				<timestamp>567.903848</timestamp>
			</report>
			<report>
				<misses>2708001</misses>
				<total>93</total>
				<timestamp>568.113599</timestamp>
			</report>
			<report>
				<misses>2709001</misses>
				<total>93</total>
				<timestamp>568.323423</timestamp>
			</report>
			<report>
				<misses>2710001</misses>
				<total>93</total>
				<timestamp>568.533299</timestamp>
			</report>
			<report>
				<misses>2711001</misses>
				<total>93</total>
				<timestamp>568.743092</timestamp>
			</report>
			<report>
				<misses>2712001</misses>
				<total>93</total>
				<timestamp>568.952806</timestamp>
			</report>
			<report>
				<misses>2713001</misses>
				<total>93</total>
				<timestamp>569.162584</timestamp>
			</report>
			<report>
				<misses>2714001</misses>
				<total>93</total>
				<timestamp>569.372388</timestamp>
			</report>
			<report>
				<misses>2715001</misses>
				<total>93</total>
				<timestamp>569.582256</timestamp>
			</report>
			<report>
				<misses>2716001</misses>
				<total>93</total>
				<timestamp>569.792047</timestamp>
			</report>
			<report>
				<misses>2717001</misses>
				<total>93</total>
				<timestamp>570.001754</timestamp>
			</report>
			<report>
				<misses>2718001</misses>
				<total>93</total>
				<timestamp>570.211547</timestamp>
			</report>
			<report>
				<misses>2719001</misses>
				<total>93</total>
				<timestamp>570.421329</timestamp>
			</report>
			<report>
				<misses>2720001</misses>
				<total>93</total>
				<timestamp>570.631119</timestamp>
			</report>
			<report>
				<misses>2721001</misses>
				<total>93</total>
				<timestamp>570.840907</timestamp>
			</report>
			<report>
				<misses>2722001</misses>
				<total>93</total>
				<timestamp>571.050709</timestamp>
			</report>
			<report>
				<misses>2723001</misses>
				<total>92</total>
				<timestamp>571.260571</timestamp>
			</report>
			<report>
				<misses>2724001</misses>
				<total>93</total>
				<timestamp>571.470287</timestamp>
			</report>
			<report>
				<misses>2725001</misses>
				<total>93</total>
				<timestamp>571.680067</timestamp>
			</report>
			<report>
				<misses>2726001</misses>
				<total>93</total>
				<timestamp>571.889858</timestamp>
			</report>
			<report>
				<misses>2727001</misses>
				<total>93</total>
				<timestamp>572.099614</timestamp>
			</report>
			<report>
				<misses>2728001</misses>
				<total>93</total>
				<timestamp>572.309442</timestamp>
			</report>
			<report>
				<misses>2729001</misses>
				<total>93</total>
				<timestamp>572.519228</timestamp>
			</report>
			<report>
				<misses>2730001</misses>
				<total>93</total>
				<timestamp>572.729106</timestamp>
			</report>
			<report>
				<misses>2731001</misses>
				<total>93</total>
				<timestamp>572.938895</timestamp>
			</report>
			<report>
				<misses>2732001</misses>
				<total>93</total>
				<timestamp>573.148562</timestamp>
			</report>
			<report>
				<misses>2733001</misses>
				<total>93</total>
				<timestamp>573.358471</timestamp>
			</report>
			<report>
				<misses>2734001</misses>
				<total>93</total>
				<timestamp>573.568179</timestamp>
			</report>
			<report>
				<misses>2735001</misses>
				<total>93</total>
				<timestamp>573.778055</timestamp>
			</report>
			<report>
				<misses>2736001</misses>
				<total>93</total>
				<timestamp>573.987715</timestamp>
			</report>
			<report>
				<misses>2737001</misses>
				<total>93</total>
				<timestamp>574.197550</timestamp>
			</report>
			<report>
				<misses>2738001</misses>
				<total>93</total>
				<timestamp>574.407426</timestamp>
			</report>
			<report>
				<misses>2739001</misses>
				<total>93</total>
				<timestamp>574.617125</timestamp>
			</report>
			<report>
				<misses>2740001</misses>
				<total>93</total>
				<timestamp>574.826917</timestamp>
			</report>
			<report>
				<misses>2741001</misses>
				<total>93</total>
				<timestamp>575.036711</timestamp>
			</report>
			<report>
				<misses>2742001</misses>
				<total>93</total>
				<timestamp>575.246585</timestamp>
			</report>
			<report>
				<misses>2743001</misses>
				<total>92</total>
				<timestamp>575.456294</timestamp>
			</report>
			<report>
				<misses>2744001</misses>
				<total>93</total>
				<timestamp>575.666092</timestamp>
			</report>
			<report>
				<misses>2745001</misses>
				<total>93</total>
				<timestamp>575.875870</timestamp>
			</report>
			<report>
				<misses>2746001</misses>
				<total>93</total>
				<timestamp>576.085664</timestamp>
			</report>
			<report>
				<misses>2747001</misses>
				<total>93</total>
				<timestamp>576.295449</timestamp>
			</report>
			<report>
				<misses>2748001</misses>
				<total>92</total>
				<timestamp>576.505240</timestamp>
			</report>
			<report>
				<misses>2749001</misses>
				<total>93</total>
				<timestamp>576.715036</timestamp>
			</report>
			<report>
				<misses>2750001</misses>
				<total>93</total>
				<timestamp>576.924829</timestamp>
			</report>
			<report>
				<misses>2751001</misses>
				<total>92</total>
				<timestamp>577.134745</timestamp>
			</report>
			<report>
				<misses>2752001</misses>
				<total>93</total>
				<timestamp>577.344488</timestamp>
			</report>
			<report>
				<misses>2753001</misses>
				<total>93</total>
				<timestamp>577.554195</timestamp>
			</report>
			<report>
				<misses>2754001</misses>
				<total>92</total>
				<timestamp>577.764063</timestamp>
			</report>
			<report>
				<misses>2755001</misses>
				<total>93</total>
				<timestamp>577.973731</timestamp>
			</report>
			<report>
				<misses>2756001</misses>
				<total>93</total>
				<timestamp>578.183560</timestamp>
			</report>
			<report>
				<misses>2757001</misses>
				<total>93</total>
				<timestamp>578.393354</timestamp>
			</report>
			<report>
				<misses>2758001</misses>
				<total>93</total>
				<timestamp>578.603150</timestamp>
			</report>
			<report>
				<misses>2759001</misses>
				<total>93</total>
				<timestamp>578.813022</timestamp>
			</report>
			<report>
				<misses>2760001</misses>
				<total>94</total>
				<timestamp>579.022676</timestamp>
			</report>
			<report>
				<misses>2761001</misses>
				<total>94</total>
				<timestamp>579.232507</timestamp>
			</report>
			<report>
				<misses>2762001</misses>
				<total>94</total>
				<timestamp>579.442383</timestamp>
			</report>
			<report>
				<misses>2763001</misses>
				<total>94</total>
				<timestamp>579.652056</timestamp>
			</report>
			<report>
				<misses>2764001</misses>
				<total>94</total>
				<timestamp>579.861959</timestamp>
			</report>
			<report>
				<misses>2765001</misses>
				<total>94</total>
				<timestamp>580.071744</timestamp>
			</report>
			<report>
				<misses>2766001</misses>
				<total>94</total>
				<timestamp>580.281453</timestamp>
			</report>
			<report>
				<misses>2767001</misses>
				<total>94</total>
				<timestamp>580.491240</timestamp>
			</report>
			<report>
				<misses>2768001</misses>
				<total>94</total>
				<timestamp>580.701040</timestamp>
			</report>
			<report>
				<misses>2769001</misses>
				<total>94</total>
				<timestamp>580.910825</timestamp>
			</report>
			<report>
				<misses>2770001</misses>
				<total>94</total>
				<timestamp>581.120575</timestamp>
			</report>
			<report>
				<misses>2771001</misses>
				<total>94</total>
				<timestamp>581.330487</timestamp>
			</report>
			<report>
				<misses>2772001</misses>
				<total>94</total>
				<timestamp>581.540152</timestamp>
			</report>
			<report>
				<misses>2773001</misses>
				<total>94</total>
				<timestamp>581.750066</timestamp>
			</report>
			<report>
				<misses>2774001</misses>
				<total>94</total>
				<timestamp>581.959735</timestamp>
			</report>
			<report>
				<misses>2775001</misses>
				<total>93</total>
				<timestamp>582.169526</timestamp>
			</report>
			<report>
				<misses>2776001</misses>
				<total>94</total>
				<timestamp>582.379357</timestamp>
			</report>
			<report>
				<misses>2777001</misses>
				<total>94</total>
				<timestamp>582.589146</timestamp>
			</report>
			<report>
				<misses>2778001</misses>
				<total>94</total>
				<timestamp>582.798934</timestamp>
			</report>
			<report>
				<misses>2779001</misses>
				<total>94</total>
				<timestamp>583.008724</timestamp>
			</report>
			<report>
				<misses>2780001</misses>
				<total>94</total>
				<timestamp>583.218517</timestamp>
			</report>
			<report>
				<misses>2781001</misses>
				<total>94</total>
				<timestamp>583.428310</timestamp>
			</report>
			<report>
				<misses>2782001</misses>
				<total>94</total>
				<timestamp>583.638059</timestamp>
			</report>
			<report>
				<misses>2783001</misses>
				<total>94</total>
				<timestamp>583.847916</timestamp>
			</report>
			<report>
				<misses>2784001</misses>
				<total>94</total>
				<timestamp>584.057637</timestamp>
			</report>
			<report>
				<misses>2785001</misses>
				<total>94</total>
				<timestamp>584.267466</timestamp>
			</report>
			<report>
				<misses>2786001</misses>
				<total>94</total>
				<timestamp>584.477260</timestamp>
			</report>
			<report>
				<misses>2787001</misses>
				<total>94</total>
				<timestamp>584.687128</timestamp>
			</report>
			<report>
				<misses>2788001</misses>
				<total>94</total>
				<timestamp>584.896916</timestamp>
			</report>
			<report>
				<misses>2789001</misses>
				<total>94</total>
				<timestamp>585.106588</timestamp>
			</report>
			<report>
				<misses>2790001</misses>
				<total>94</total>
				<timestamp>585.316415</timestamp>
			</report>
			<report>
				<misses>2791001</misses>
				<total>94</total>
				<timestamp>585.526245</timestamp>
			</report>
			<report>
				<misses>2792001</misses>
				<total>94</total>
				<timestamp>585.736078</timestamp>
			</report>
			<report>
				<misses>2793001</misses>
				<total>94</total>
				<timestamp>585.945748</timestamp>
			</report>
			<report>
				<misses>2794001</misses>
				<total>94</total>
				<timestamp>586.155580</timestamp>
			</report>
			<report>
				<misses>2795001</misses>
				<total>94</total>
				<timestamp>586.365361</timestamp>
			</report>
			<report>
				<misses>2796001</misses>
				<total>94</total>
				<timestamp>586.575241</timestamp>
			</report>
			<report>
				<misses>2797001</misses>
				<total>94</total>
				<timestamp>586.785028</timestamp>
			</report>
			<report>
				<misses>2798001</misses>
				<total>94</total>
				<timestamp>586.994706</timestamp>
			</report>
			<report>
				<misses>2799001</misses>
				<total>94</total>
				<timestamp>587.204489</timestamp>
			</report>
			<report>
				<misses>2800001</misses>
				<total>94</total>
				<timestamp>587.414409</timestamp>
			</report>
			<report>
				<misses>2801001</misses>
				<total>94</total>
				<timestamp>587.624072</timestamp>
			</report>
			<report>
				<misses>2802001</misses>
				<total>94</total>
				<timestamp>587.833901</timestamp>
			</report>
			<report>
				<misses>2803001</misses>
				<total>94</total>
				<timestamp>588.043650</timestamp>
			</report>
			<report>
				<misses>2804001</misses>
				<total>94</total>
				<timestamp>588.253483</timestamp>
			</report>
			<report>
				<misses>2805001</misses>
				<total>94</total>
				<timestamp>588.463365</timestamp>
			</report>
			<report>
				<misses>2806001</misses>
				<total>94</total>
				<timestamp>588.673023</timestamp>
			</report>
			<report>
				<misses>2807001</misses>
				<total>94</total>
				<timestamp>588.882855</timestamp>
			</report>
			<report>
				<misses>2808001</misses>
				<total>94</total>
				<timestamp>589.092717</timestamp>
			</report>
			<report>
				<misses>2809001</misses>
				<total>94</total>
				<timestamp>589.302520</timestamp>
			</report>
			<report>
				<misses>2810001</misses>
				<total>94</total>
				<timestamp>589.512304</timestamp>
			</report>
			<report>
				<misses>2811001</misses>
				<total>94</total>
				<timestamp>589.722101</timestamp>
			</report>
			<report>
				<misses>2812001</misses>
				<total>94</total>
				<timestamp>589.931888</timestamp>
			</report>
			<report>
				<misses>2813001</misses>
				<total>94</total>
				<timestamp>590.141585</timestamp>
			</report>
			<report>
				<misses>2814001</misses>
				<total>94</total>
				<timestamp>590.351386</timestamp>
			</report>
			<report>
				<misses>2815001</misses>
				<total>94</total>
				<timestamp>590.561170</timestamp>
			</report>
			<report>
				<misses>2816001</misses>
				<total>94</total>
				<timestamp>590.770965</timestamp>
			</report>
			<report>
				<misses>2817001</misses>
				<total>94</total>
				<timestamp>590.980833</timestamp>
			</report>
			<report>
				<misses>2818001</misses>
				<total>94</total>
				<timestamp>591.190538</timestamp>
			</report>
			<report>
				<misses>2819001</misses>
				<total>94</total>
				<timestamp>591.400331</timestamp>
			</report>
			<report>
				<misses>2820001</misses>
				<total>94</total>
				<timestamp>591.610120</timestamp>
			</report>
			<report>
				<misses>2821001</misses>
				<total>94</total>
				<timestamp>591.819920</timestamp>
			</report>
			<report>
				<misses>2822001</misses>
				<total>94</total>
				<timestamp>592.029780</timestamp>
			</report>
			<report>
				<misses>2823001</misses>
				<total>94</total>
				<timestamp>592.239494</timestamp>
			</report>
			<report>
				<misses>2824001</misses>
				<total>94</total>
				<timestamp>592.449285</timestamp>
			</report>
			<report>
				<misses>2825001</misses>
				<total>94</total>
				<timestamp>592.659083</timestamp>
			</report>
			<report>
				<misses>2826001</misses>
				<total>94</total>
				<timestamp>592.868868</timestamp>
			</report>
			<report>
				<misses>2827001</misses>
				<total>94</total>
				<timestamp>593.078609</timestamp>
			</report>
			<report>
				<misses>2828001</misses>
				<total>94</total>
				<timestamp>593.288410</timestamp>
			</report>
			<report>
				<misses>2829001</misses>
				<total>94</total>
				<timestamp>593.498310</timestamp>
			</report>
			<report>
				<misses>2830001</misses>
				<total>94</total>
				<timestamp>593.707984</timestamp>
			</report>
			<report>
				<misses>2831001</misses>
				<total>94</total>
				<timestamp>593.917806</timestamp>
			</report>
			<report>
				<misses>2832001</misses>
				<total>93</total>
				<timestamp>594.127597</timestamp>
			</report>
			<report>
				<misses>2833001</misses>
				<total>94</total>
				<timestamp>594.337480</timestamp>
			</report>
			<report>
				<misses>2834001</misses>
				<total>94</total>
				<timestamp>594.547145</timestamp>
			</report>
			<report>
				<misses>2835001</misses>
				<total>93</total>
				<timestamp>594.756970</timestamp>
			</report>
			<report>
				<misses>2836001</misses>
				<total>94</total>
				<timestamp>594.966841</timestamp>
			</report>
			<report>
				<misses>2837001</misses>
				<total>94</total>
				<timestamp>595.176545</timestamp>
			</report>
			<report>
				<misses>2838001</misses>
				<total>94</total>
				<timestamp>595.386337</timestamp>
			</report>
			<report>
				<misses>2839001</misses>
				<total>94</total>
				<timestamp>595.596128</timestamp>
			</report>
			<report>
				<misses>2840001</misses>
				<total>94</total>
				<timestamp>595.806005</timestamp>
			</report>
			<report>
				<misses>2841001</misses>
				<total>94</total>
				<timestamp>596.015674</timestamp>
			</report>
			<report>
				<misses>2842001</misses>
				<total>94</total>
				<timestamp>596.225460</timestamp>
			</report>
			<report>
				<misses>2843001</misses>
				<total>94</total>
				<timestamp>596.435293</timestamp>
			</report>
			<report>
				<misses>2844001</misses>
				<total>93</total>
				<timestamp>596.645082</timestamp>
			</report>
			<report>
				<misses>2845001</misses>
				<total>94</total>
				<timestamp>596.854952</timestamp>
			</report>
			<report>
				<misses>2846001</misses>
				<total>94</total>
				<timestamp>597.064656</timestamp>
			</report>
			<report>
				<misses>2847001</misses>
				<total>94</total>
				<timestamp>597.274529</timestamp>
			</report>
			<report>
				<misses>2848001</misses>
				<total>94</total>
				<timestamp>597.484326</timestamp>
			</report>
			<report>
				<misses>2849001</misses>
				<total>94</total>
				<timestamp>597.693987</timestamp>
			</report>
			<report>
				<misses>2850001</misses>
				<total>94</total>
				<timestamp>597.903903</timestamp>
			</report>
			<report>
				<misses>2851001</misses>
				<total>94</total>
				<timestamp>598.113571</timestamp>
			</report>
			<report>
				<misses>2852001</misses>
				<total>94</total>
				<timestamp>598.323480</timestamp>
			</report>
			<report>
				<misses>2853001</misses>
				<total>94</total>
				<timestamp>598.533270</timestamp>
			</report>
			<report>
				<misses>2854001</misses>
				<total>94</total>
				<timestamp>598.742976</timestamp>
			</report>
			<report>
				<misses>2855001</misses>
				<total>94</total>
				<timestamp>598.952763</timestamp>
			</report>
			<report>
				<misses>2856001</misses>
				<total>94</total>
				<timestamp>599.162555</timestamp>
			</report>
			<report>
				<misses>2857001</misses>
				<total>95</total>
				<timestamp>599.372349</timestamp>
			</report>
			<report>
				<misses>2858001</misses>
				<total>95</total>
				<timestamp>599.582137</timestamp>
			</report>
			<report>
				<misses>2859001</misses>
				<total>95</total>
				<timestamp>599.791937</timestamp>
			</report>
			<report>
				<misses>2860001</misses>
				<total>95</total>
				<timestamp>600.001801</timestamp>
			</report>
			<report>
				<misses>2861001</misses>
				<total>95</total>
				<timestamp>600.211596</timestamp>
			</report>
			<report>
				<misses>2862001</misses>
				<total>95</total>
				<timestamp>600.421316</timestamp>
			</report>
			<report>
				<misses>2863001</misses>
				<total>95</total>
				<timestamp>600.631087</timestamp>
			</report>
			<report>
				<misses>2864001</misses>
				<total>95</total>
				<timestamp>600.840874</timestamp>
			</report>
			<report>
				<misses>2865001</misses>
				<total>95</total>
				<timestamp>601.050629</timestamp>
			</report>
			<report>
				<misses>2866001</misses>
				<total>95</total>
				<timestamp>601.260454</timestamp>
			</report>
			<report>
				<misses>2867001</misses>
				<total>95</total>
				<timestamp>601.470247</timestamp>
			</report>
			<report>
				<misses>2868001</misses>
				<total>95</total>
				<timestamp>601.680036</timestamp>
			</report>
			<report>
				<misses>2869001</misses>
				<total>95</total>
				<timestamp>601.889825</timestamp>
			</report>
			<report>
				<misses>2870001</misses>
				<total>95</total>
				<timestamp>602.099618</timestamp>
			</report>
			<report>
				<misses>2871001</misses>
				<total>95</total>
				<timestamp>602.309404</timestamp>
			</report>
			<report>
				<misses>2872001</misses>
				<total>95</total>
				<timestamp>602.519194</timestamp>
			</report>
			<report>
				<misses>2873001</misses>
				<total>95</total>
				<timestamp>602.728981</timestamp>
			</report>
			<report>
				<misses>2874001</misses>
				<total>95</total>
				<timestamp>602.938782</timestamp>
			</report>
			<report>
				<misses>2875001</misses>
				<total>95</total>
				<timestamp>603.148535</timestamp>
			</report>
			<report>
				<misses>2876001</misses>
				<total>95</total>
				<timestamp>603.358362</timestamp>
			</report>
			<report>
				<misses>2877001</misses>
				<total>95</total>
				<timestamp>603.568233</timestamp>
			</report>
			<report>
				<misses>2878001</misses>
				<total>95</total>
				<timestamp>603.777907</timestamp>
			</report>
			<report>
				<misses>2879001</misses>
				<total>94</total>
				<timestamp>603.987759</timestamp>
			</report>
			<report>
				<misses>2880001</misses>
				<total>95</total>
				<timestamp>604.197594</timestamp>
			</report>
			<report>
				<misses>2881001</misses>
				<total>95</total>
				<timestamp>604.407304</timestamp>
			</report>
			<report>
				<misses>2882001</misses>
				<total>95</total>
				<timestamp>604.617101</timestamp>
			</report>
			<report>
				<misses>2883001</misses>
				<total>95</total>
				<timestamp>604.826884</timestamp>
			</report>
			<report>
				<misses>2884001</misses>
				<total>95</total>
				<timestamp>605.036677</timestamp>
			</report>
			<report>
				<misses>2885001</misses>
				<total>95</total>
				<timestamp>605.246466</timestamp>
			</report>
			<report>
				<misses>2886001</misses>
				<total>95</total>
				<timestamp>605.456348</timestamp>
			</report>
			<report>
				<misses>2887001</misses>
				<total>95</total>
				<timestamp>605.666018</timestamp>
			</report>
			<report>
				<misses>2888001</misses>
				<total>95</total>
				<timestamp>605.875841</timestamp>
			</report>
			<report>
				<misses>2889001</misses>
				<total>95</total>
				<timestamp>606.085628</timestamp>
			</report>
			<report>
				<misses>2890001</misses>
				<total>95</total>
				<timestamp>606.295427</timestamp>
			</report>
			<report>
				<misses>2891001</misses>
				<total>95</total>
				<timestamp>606.505214</timestamp>
			</report>
			<report>
				<misses>2892001</misses>
				<total>95</total>
				<timestamp>606.715002</timestamp>
			</report>
			<report>
				<misses>2893001</misses>
				<total>95</total>
				<timestamp>606.924781</timestamp>
			</report>
			<report>
				<misses>2894001</misses>
				<total>95</total>
				<timestamp>607.134581</timestamp>
			</report>
			<report>
				<misses>2895001</misses>
				<total>95</total>
				<timestamp>607.344364</timestamp>
			</report>
			<report>
				<misses>2896001</misses>
				<total>95</total>
				<timestamp>607.554124</timestamp>
			</report>
			<report>
				<misses>2897001</misses>
				<total>95</total>
				<timestamp>607.764036</timestamp>
			</report>
			<report>
				<misses>2898001</misses>
				<total>95</total>
				<timestamp>607.973824</timestamp>
			</report>
			<report>
				<misses>2899001</misses>
				<total>97</total>
				<timestamp>608.183495</timestamp>
			</report>
			<report>
				<misses>2900001</misses>
				<total>97</total>
				<timestamp>608.393296</timestamp>
			</report>
			<report>
				<misses>2901001</misses>
				<total>97</total>
				<timestamp>608.603192</timestamp>
			</report>
			<report>
				<misses>2902001</misses>
				<total>97</total>
				<timestamp>608.812982</timestamp>
			</report>
			<report>
				<misses>2903001</misses>
				<total>97</total>
				<timestamp>609.022699</timestamp>
			</report>
			<report>
				<misses>2904001</misses>
				<total>97</total>
				<timestamp>609.232477</timestamp>
			</report>
			<report>
				<misses>2905001</misses>
				<total>97</total>
				<timestamp>609.442269</timestamp>
			</report>
			<report>
				<misses>2906001</misses>
				<total>97</total>
				<timestamp>609.652064</timestamp>
			</report>
			<report>
				<misses>2907001</misses>
				<total>97</total>
				<timestamp>609.861940</timestamp>
			</report>
			<report>
				<misses>2908001</misses>
				<total>97</total>
				<timestamp>610.071597</timestamp>
			</report>
			<report>
				<misses>2909001</misses>
				<total>97</total>
				<timestamp>610.281430</timestamp>
			</report>
			<report>
				<misses>2910001</misses>
				<total>97</total>
				<timestamp>610.491216</timestamp>
			</report>
			<report>
				<misses>2911001</misses>
				<total>97</total>
				<timestamp>610.701018</timestamp>
			</report>
			<report>
				<misses>2912001</misses>
				<total>97</total>
				<timestamp>610.910796</timestamp>
			</report>
			<report>
				<misses>2913001</misses>
				<total>97</total>
				<timestamp>611.120595</timestamp>
			</report>
			<report>
				<misses>2914001</misses>
				<total>97</total>
				<timestamp>611.330467</timestamp>
			</report>
			<report>
				<misses>2915001</misses>
				<total>97</total>
				<timestamp>611.540254</timestamp>
			</report>
			<report>
				<misses>2916001</misses>
				<total>97</total>
				<timestamp>611.750041</timestamp>
			</report>
			<report>
				<misses>2917001</misses>
				<total>97</total>
				<timestamp>611.959837</timestamp>
			</report>
			<report>
				<misses>2918001</misses>
				<total>97</total>
				<timestamp>612.169535</timestamp>
			</report>
			<report>
				<misses>2919001</misses>
				<total>97</total>
				<timestamp>612.379333</timestamp>
			</report>
			<report>
				<misses>2920001</misses>
				<total>97</total>
				<timestamp>612.589121</timestamp>
			</report>
			<report>
				<misses>2921001</misses>
				<total>97</total>
				<timestamp>612.798917</timestamp>
			</report>
			<report>
				<misses>2922001</misses>
				<total>97</total>
				<timestamp>613.008696</timestamp>
			</report>
			<report>
				<misses>2923001</misses>
				<total>97</total>
				<timestamp>613.218452</timestamp>
			</report>
			<report>
				<misses>2924001</misses>
				<total>97</total>
				<timestamp>613.428243</timestamp>
			</report>
			<report>
				<misses>2925001</misses>
				<total>97</total>
				<timestamp>613.638038</timestamp>
			</report>
			<report>
				<misses>2926001</misses>
				<total>97</total>
				<timestamp>613.847846</timestamp>
			</report>
			<report>
				<misses>2927001</misses>
				<total>97</total>
				<timestamp>614.057648</timestamp>
			</report>
			<report>
				<misses>2928001</misses>
				<total>97</total>
				<timestamp>614.267395</timestamp>
			</report>
			<report>
				<misses>2929001</misses>
				<total>97</total>
				<timestamp>614.477198</timestamp>
			</report>
			<report>
				<misses>2930001</misses>
				<total>97</total>
				<timestamp>614.686964</timestamp>
			</report>
			<report>
				<misses>2931001</misses>
				<total>97</total>
				<timestamp>614.896804</timestamp>
			</report>
			<report>
				<misses>2932001</misses>
				<total>97</total>
				<timestamp>615.106601</timestamp>
			</report>
			<report>
				<misses>2933001</misses>
				<total>97</total>
				<timestamp>615.316371</timestamp>
			</report>
			<report>
				<misses>2934001</misses>
				<total>97</total>
				<timestamp>615.526205</timestamp>
			</report>
			<report>
				<misses>2935001</misses>
				<total>97</total>
				<timestamp>615.735922</timestamp>
			</report>
			<report>
				<misses>2936001</misses>
				<total>97</total>
				<timestamp>615.945724</timestamp>
			</report>
			<report>
				<misses>2937001</misses>
				<total>97</total>
				<timestamp>616.155530</timestamp>
			</report>
			<report>
				<misses>2938001</misses>
				<total>97</total>
				<timestamp>616.365283</timestamp>
			</report>
			<report>
				<misses>2939001</misses>
				<total>97</total>
				<timestamp>616.575107</timestamp>
			</report>
			<report>
				<misses>2940001</misses>
				<total>97</total>
				<timestamp>616.784882</timestamp>
			</report>
			<report>
				<misses>2941001</misses>
				<total>97</total>
				<timestamp>616.994719</timestamp>
			</report>
			<report>
				<misses>2942001</misses>
				<total>97</total>
				<timestamp>617.204468</timestamp>
			</report>
			<report>
				<misses>2943001</misses>
				<total>97</total>
				<timestamp>617.414246</timestamp>
			</report>
			<report>
				<misses>2944001</misses>
				<total>97</total>
				<timestamp>617.624051</timestamp>
			</report>
			<report>
				<misses>2945001</misses>
				<total>97</total>
				<timestamp>617.833890</timestamp>
			</report>
			<report>
				<misses>2946001</misses>
				<total>97</total>
				<timestamp>618.043651</timestamp>
			</report>
			<report>
				<misses>2947001</misses>
				<total>97</total>
				<timestamp>618.253404</timestamp>
			</report>
			<report>
				<misses>2948001</misses>
				<total>97</total>
				<timestamp>618.463226</timestamp>
			</report>
			<report>
				<misses>2949001</misses>
				<total>96</total>
				<timestamp>618.673006</timestamp>
			</report>
			<report>
				<misses>2950001</misses>
				<total>97</total>
				<timestamp>618.882793</timestamp>
			</report>
			<report>
				<misses>2951001</misses>
				<total>97</total>
				<timestamp>619.092586</timestamp>
			</report>
			<report>
				<misses>2952001</misses>
				<total>97</total>
				<timestamp>619.302360</timestamp>
			</report>
			<report>
				<misses>2953001</misses>
				<total>97</total>
				<timestamp>619.512143</timestamp>
			</report>
			<report>
				<misses>2954001</misses>
				<total>97</total>
				<timestamp>619.721941</timestamp>
			</report>
			<report>
				<misses>2955001</misses>
				<total>97</total>
				<timestamp>619.931763</timestamp>
			</report>
			<report>
				<misses>2956001</misses>
				<total>97</total>
				<timestamp>620.141547</timestamp>
			</report>
			<report>
				<misses>2957001</misses>
				<total>97</total>
				<timestamp>620.351306</timestamp>
			</report>
			<report>
				<misses>2958001</misses>
				<total>97</total>
				<timestamp>620.561091</timestamp>
			</report>
			<report>
				<misses>2959001</misses>
				<total>97</total>
				<timestamp>620.770867</timestamp>
			</report>
			<report>
				<misses>2960001</misses>
				<total>97</total>
				<timestamp>620.980680</timestamp>
			</report>
			<report>
				<misses>2961001</misses>
				<total>96</total>
				<timestamp>621.190479</timestamp>
			</report>
			<report>
				<misses>2962001</misses>
				<total>97</total>
				<timestamp>621.400295</timestamp>
			</report>
			<report>
				<misses>2963001</misses>
				<total>96</total>
				<timestamp>621.610068</timestamp>
			</report>
			<report>
				<misses>2964001</misses>
				<total>97</total>
				<timestamp>621.819858</timestamp>
			</report>
			<report>
				<misses>2965001</misses>
				<total>97</total>
				<timestamp>622.029662</timestamp>
			</report>
			<report>
				<misses>2966001</misses>
				<total>97</total>
				<timestamp>622.239441</timestamp>
			</report>
			<report>
				<misses>2967001</misses>
				<total>97</total>
				<timestamp>622.449245</timestamp>
			</report>
			<report>
				<misses>2968001</misses>
				<total>97</total>
				<timestamp>622.659007</timestamp>
			</report>
			<report>
				<misses>2969001</misses>
				<total>97</total>
				<timestamp>622.868790</timestamp>
			</report>
			<report>
				<misses>2970001</misses>
				<total>96</total>
				<timestamp>623.078675</timestamp>
			</report>
			<report>
				<misses>2971001</misses>
				<total>97</total>
				<timestamp>623.288359</timestamp>
			</report>
			<report>
				<misses>2972001</misses>
				<total>97</total>
				<timestamp>623.498193</timestamp>
			</report>
			<report>
				<misses>2973001</misses>
				<total>97</total>
				<timestamp>623.707960</timestamp>
			</report>
			<report>
				<misses>2974001</misses>
				<total>97</total>
				<timestamp>623.917754</timestamp>
			</report>
			<report>
				<misses>2975001</misses>
				<total>97</total>
				<timestamp>624.127542</timestamp>
			</report>
			<report>
				<misses>2976001</misses>
				<total>97</total>
				<timestamp>624.337450</timestamp>
			</report>
			<report>
				<misses>2977001</misses>
				<total>97</total>
				<timestamp>624.547153</timestamp>
			</report>
			<report>
				<misses>2978001</misses>
				<total>97</total>
				<timestamp>624.756941</timestamp>
			</report>
			<report>
				<misses>2979001</misses>
				<total>97</total>
				<timestamp>624.966735</timestamp>
			</report>
			<report>
				<misses>2980001</misses>
				<total>97</total>
				<timestamp>625.176517</timestamp>
			</report>
			<report>
				<misses>2981001</misses>
				<total>97</total>
				<timestamp>625.386313</timestamp>
			</report>
			<report>
				<misses>2982001</misses>
				<total>96</total>
				<timestamp>625.596105</timestamp>
			</report>
			<report>
				<misses>2983001</misses>
				<total>97</total>
				<timestamp>625.805849</timestamp>
			</report>
			<report>
				<misses>2984001</misses>
				<total>97</total>
				<timestamp>626.015764</timestamp>
			</report>
			<report>
				<misses>2985001</misses>
				<total>97</total>
				<timestamp>626.225468</timestamp>
			</report>
			<report>
				<misses>2986001</misses>
				<total>97</total>
				<timestamp>626.435259</timestamp>
			</report>
			<report>
				<misses>2987001</misses>
				<total>97</total>
				<timestamp>626.645131</timestamp>
			</report>
			<report>
				<misses>2988001</misses>
				<total>97</total>
				<timestamp>626.854802</timestamp>
			</report>
			<report>
				<misses>2989001</misses>
				<total>97</total>
				<timestamp>627.064714</timestamp>
			</report>
			<report>
				<misses>2990001</misses>
				<total>97</total>
				<timestamp>627.274417</timestamp>
			</report>
			<report>
				<misses>2991001</misses>
				<total>99</total>
				<timestamp>627.484172</timestamp>
			</report>
			<report>
				<misses>2992001</misses>
				<total>99</total>
				<timestamp>627.694000</timestamp>
			</report>
			<report>
				<misses>2993001</misses>
				<total>99</total>
				<timestamp>627.903754</timestamp>
			</report>
			<report>
				<misses>2994001</misses>
				<total>99</total>
				<timestamp>628.113662</timestamp>
			</report>
			<report>
				<misses>2995001</misses>
				<total>99</total>
				<timestamp>628.323329</timestamp>
			</report>
			<report>
				<misses>2996001</misses>
				<total>99</total>
				<timestamp>628.533164</timestamp>
			</report>
			<report>
				<misses>2997001</misses>
				<total>99</total>
				<timestamp>628.742913</timestamp>
			</report>
			<report>
				<misses>2998001</misses>
				<total>99</total>
				<timestamp>628.952825</timestamp>
			</report>
			<report>
				<misses>2999001</misses>
				<total>99</total>
				<timestamp>629.162492</timestamp>
			</report>
			<report>
				<misses>3000001</misses>
				<total>99</total>
				<timestamp>629.372317</timestamp>
			</report>
			<report>
				<misses>3001001</misses>
				<total>99</total>
				<timestamp>629.582115</timestamp>
			</report>
			<report>
				<misses>3002001</misses>
				<total>99</total>
				<timestamp>629.791982</timestamp>
			</report>
			<report>
				<misses>3003001</misses>
				<total>98</total>
				<timestamp>630.001776</timestamp>
			</report>
			<report>
				<misses>3004001</misses>
				<total>99</total>
				<timestamp>630.211479</timestamp>
			</report>
			<report>
				<misses>3005001</misses>
				<total>99</total>
				<timestamp>630.421269</timestamp>
			</report>
			<report>
				<misses>3006001</misses>
				<total>99</total>
				<timestamp>630.631064</timestamp>
			</report>
			<report>
				<misses>3007001</misses>
				<total>99</total>
				<timestamp>630.840937</timestamp>
			</report>
			<report>
				<misses>3008001</misses>
				<total>99</total>
				<timestamp>631.050595</timestamp>
			</report>
			<report>
				<misses>3009001</misses>
				<total>99</total>
				<timestamp>631.260391</timestamp>
			</report>
			<report>
				<misses>3010001</misses>
				<total>99</total>
				<timestamp>631.470188</timestamp>
			</report>
			<report>
				<misses>3011001</misses>
				<total>99</total>
				<timestamp>631.680100</timestamp>
			</report>
			<report>
				<misses>3012001</misses>
				<total>99</total>
				<timestamp>631.889799</timestamp>
			</report>
			<report>
				<misses>3013001</misses>
				<total>99</total>
				<timestamp>632.099616</timestamp>
			</report>
			<report>
				<misses>3014001</misses>
				<total>99</total>
				<timestamp>632.309380</timestamp>
			</report>
			<report>
				<misses>3015001</misses>
				<total>99</total>
				<timestamp>632.519264</timestamp>
			</report>
			<report>
				<misses>3016001</misses>
				<total>99</total>
				<timestamp>632.728923</timestamp>
			</report>
			<report>
				<misses>3017001</misses>
				<total>99</total>
				<timestamp>632.938739</timestamp>
			</report>
			<report>
				<misses>3018001</misses>
				<total>99</total>
				<timestamp>633.148544</timestamp>
			</report>
			<report>
				<misses>3019001</misses>
				<total>99</total>
				<timestamp>633.358296</timestamp>
			</report>
			<report>
				<misses>3020001</misses>
				<total>99</total>
				<timestamp>633.568122</timestamp>
			</report>
			<report>
				<misses>3021001</misses>
				<total>99</total>
				<timestamp>633.777918</timestamp>
			</report>
			<report>
				<misses>3022001</misses>
				<total>99</total>
				<timestamp>633.987790</timestamp>
			</report>
			<report>
				<misses>3023001</misses>
				<total>99</total>
				<timestamp>634.197496</timestamp>
			</report>
			<report>
				<misses>3024001</misses>
				<total>99</total>
				<timestamp>634.407247</timestamp>
			</report>
			<report>
				<misses>3025001</misses>
				<total>99</total>
				<timestamp>634.617027</timestamp>
			</report>
			<report>
				<misses>3026001</misses>
				<total>99</total>
				<timestamp>634.826863</timestamp>
			</report>
			<report>
				<misses>3027001</misses>
				<total>99</total>
				<timestamp>635.036737</timestamp>
			</report>
			<report>
				<misses>3028001</misses>
				<total>99</total>
				<timestamp>635.246439</timestamp>
			</report>
			<report>
				<misses>3029001</misses>
				<total>99</total>
				<timestamp>635.456226</timestamp>
			</report>
			<report>
				<misses>3030001</misses>
				<total>99</total>
				<timestamp>635.666024</timestamp>
			</report>
			<report>
				<misses>3031001</misses>
				<total>99</total>
				<timestamp>635.875807</timestamp>
			</report>
			<report>
				<misses>3032001</misses>
				<total>99</total>
				<timestamp>636.085684</timestamp>
			</report>
			<report>
				<misses>3033001</misses>
				<total>99</total>
				<timestamp>636.295367</timestamp>
			</report>
			<report>
				<misses>3034001</misses>
				<total>99</total>
				<timestamp>636.505188</timestamp>
			</report>
			<report>
				<misses>3035001</misses>
				<total>99</total>
				<timestamp>636.714972</timestamp>
			</report>
			<report>
				<misses>3036001</misses>
				<total>99</total>
				<timestamp>636.924771</timestamp>
			</report>
			<report>
				<misses>3037001</misses>
				<total>99</total>
				<timestamp>637.134636</timestamp>
			</report>
			<report>
				<misses>3038001</misses>
				<total>99</total>
				<timestamp>637.344301</timestamp>
			</report>
			<report>
				<misses>3039001</misses>
				<total>99</total>
				<timestamp>637.554207</timestamp>
			</report>
			<report>
				<misses>3040001</misses>
				<total>99</total>
				<timestamp>637.763881</timestamp>
			</report>
			<report>
				<misses>3041001</misses>
				<total>99</total>
				<timestamp>637.973716</timestamp>
			</report>
			<report>
				<misses>3042001</misses>
				<total>100</total>
				<timestamp>638.183502</timestamp>
			</report>
			<report>
				<misses>3043001</misses>
				<total>100</total>
				<timestamp>638.393290</timestamp>
			</report>
			<report>
				<misses>3044001</misses>
				<total>100</total>
				<timestamp>638.603076</timestamp>
			</report>
			<report>
				<misses>3045001</misses>
				<total>100</total>
				<timestamp>638.812881</timestamp>
			</report>
			<report>
				<misses>3046001</misses>
				<total>100</total>
				<timestamp>639.022745</timestamp>
			</report>
			<report>
				<misses>3047001</misses>
				<total>100</total>
				<timestamp>639.232407</timestamp>
			</report>
			<report>
				<misses>3048001</misses>
				<total>100</total>
				<timestamp>639.442241</timestamp>
			</report>
			<report>
				<misses>3049001</misses>
				<total>100</total>
				<timestamp>639.652033</timestamp>
			</report>
			<report>
				<misses>3050001</misses>
				<total>100</total>
				<timestamp>639.861774</timestamp>
			</report>
			<report>
				<misses>3051001</misses>
				<total>100</total>
				<timestamp>640.071604</timestamp>
			</report>
			<report>
				<misses>3052001</misses>
				<total>100</total>
				<timestamp>640.281395</timestamp>
			</report>
			<report>
				<misses>3053001</misses>
				<total>99</total>
				<timestamp>640.491192</timestamp>
			</report>
			<report>
				<misses>3054001</misses>
				<total>100</total>
				<timestamp>640.700972</timestamp>
			</report>
			<report>
				<misses>3055001</misses>
				<total>99</total>
				<timestamp>640.910764</timestamp>
			</report>
			<report>
				<misses>3056001</misses>
				<total>100</total>
				<timestamp>641.120638</timestamp>
			</report>
			<report>
				<misses>3057001</misses>
				<total>100</total>
				<timestamp>641.330310</timestamp>
			</report>
			<report>
				<misses>3058001</misses>
				<total>100</total>
				<timestamp>641.540139</timestamp>
			</report>
			<report>
				<misses>3059001</misses>
				<total>100</total>
				<timestamp>641.749930</timestamp>
			</report>
			<report>
				<misses>3060001</misses>
				<total>100</total>
				<timestamp>641.959798</timestamp>
			</report>
			<report>
				<misses>3061001</misses>
				<total>100</total>
				<timestamp>642.169591</timestamp>
			</report>
			<report>
				<misses>3062001</misses>
				<total>100</total>
				<timestamp>642.379379</timestamp>
			</report>
			<report>
				<misses>3063001</misses>
				<total>100</total>
				<timestamp>642.589044</timestamp>
			</report>
			<report>
				<misses>3064001</misses>
				<total>100</total>
				<timestamp>642.798895</timestamp>
			</report>
			<report>
				<misses>3065001</misses>
				<total>100</total>
				<timestamp>643.008665</timestamp>
			</report>
			<report>
				<misses>3066001</misses>
				<total>100</total>
				<timestamp>643.218468</timestamp>
			</report>
			<report>
				<misses>3067001</misses>
				<total>100</total>
				<timestamp>643.428250</timestamp>
			</report>
			<report>
				<misses>3068001</misses>
				<total>100</total>
				<timestamp>643.638037</timestamp>
			</report>
			<report>
				<misses>3069001</misses>
				<total>100</total>
				<timestamp>643.847823</timestamp>
			</report>
			<report>
				<misses>3070001</misses>
				<total>100</total>
				<timestamp>644.057624</timestamp>
			</report>
			<report>
				<misses>3071001</misses>
				<total>100</total>
				<timestamp>644.267488</timestamp>
			</report>
			<report>
				<misses>3072001</misses>
				<total>100</total>
				<timestamp>644.477151</timestamp>
			</report>
			<report>
				<misses>3073001</misses>
				<total>102</total>
				<timestamp>644.686980</timestamp>
			</report>
			<report>
				<misses>3074001</misses>
				<total>102</total>
				<timestamp>644.896773</timestamp>
			</report>
			<report>
				<misses>3075001</misses>
				<total>104</total>
				<timestamp>645.106568</timestamp>
			</report>
			<report>
				<misses>3076001</misses>
				<total>104</total>
				<timestamp>645.316446</timestamp>
			</report>
			<report>
				<misses>3077001</misses>
				<total>104</total>
				<timestamp>645.526143</timestamp>
			</report>
			<report>
				<misses>3078001</misses>
				<total>104</total>
				<timestamp>645.735931</timestamp>
			</report>
			<report>
				<misses>3079001</misses>
				<total>104</total>
				<timestamp>645.945723</timestamp>
			</report>
			<report>
				<misses>3080001</misses>
				<total>104</total>
				<timestamp>646.155607</timestamp>
			</report>
			<report>
				<misses>3081001</misses>
				<total>104</total>
				<timestamp>646.365276</timestamp>
			</report>
			<report>
				<misses>3082001</misses>
				<total>104</total>
				<timestamp>646.575181</timestamp>
			</report>
			<report>
				<misses>3083001</misses>
				<total>104</total>
				<timestamp>646.784893</timestamp>
			</report>
			<report>
				<misses>3084001</misses>
				<total>104</total>
				<timestamp>646.994771</timestamp>
			</report>
			<report>
				<misses>3085001</misses>
				<total>104</total>
				<timestamp>647.204477</timestamp>
			</report>
			<report>
				<misses>3086001</misses>
				<total>104</total>
				<timestamp>647.414262</timestamp>
			</report>
			<report>
				<misses>3087001</misses>
				<total>104</total>
				<timestamp>647.624049</timestamp>
			</report>
			<report>
				<misses>3088001</misses>
				<total>104</total>
				<timestamp>647.833903</timestamp>
			</report>
			<report>
				<misses>3089001</misses>
				<total>104</total>
				<timestamp>648.043637</timestamp>
			</report>
			<report>
				<misses>3090001</misses>
				<total>104</total>
				<timestamp>648.253504</timestamp>
			</report>
			<report>
				<misses>3091001</misses>
				<total>104</total>
				<timestamp>648.463170</timestamp>
			</report>
			<report>
				<misses>3092001</misses>
				<total>104</total>
				<timestamp>648.672998</timestamp>
			</report>
			<report>
				<misses>3093001</misses>
				<total>104</total>
				<timestamp>648.882869</timestamp>
			</report>
			<report>
				<misses>3094001</misses>
				<total>104</total>
				<timestamp>649.092586</timestamp>
			</report>
			<report>
				<misses>3095001</misses>
				<total>104</total>
				<timestamp>649.302366</timestamp>
			</report>
			<report>
				<misses>3096001</misses>
				<total>104</total>
				<timestamp>649.512159</timestamp>
			</report>
			<report>
				<misses>3097001</misses>
				<total>104</total>
				<timestamp>649.721947</timestamp>
			</report>
			<report>
				<misses>3098001</misses>
				<total>104</total>
				<timestamp>649.931743</timestamp>
			</report>
			<report>
				<misses>3099001</misses>
				<total>104</total>
				<timestamp>650.141628</timestamp>
			</report>
			<report>
				<misses>3100001</misses>
				<total>104</total>
				<timestamp>650.351320</timestamp>
			</report>
			<report>
				<misses>3101001</misses>
				<total>104</total>
				<timestamp>650.561078</timestamp>
			</report>
			<report>
				<misses>3102001</misses>
				<total>104</total>
				<timestamp>650.770905</timestamp>
			</report>
			<report>
				<misses>3103001</misses>
				<total>104</total>
				<timestamp>650.980689</timestamp>
			</report>
			<report>
				<misses>3104001</misses>
				<total>104</total>
				<timestamp>651.190563</timestamp>
			</report>
			<report>
				<misses>3105001</misses>
				<total>104</total>
				<timestamp>651.400350</timestamp>
			</report>
			<report>
				<misses>3106001</misses>
				<total>104</total>
				<timestamp>651.610025</timestamp>
			</report>
			<report>
				<misses>3107001</misses>
				<total>104</total>
				<timestamp>651.819852</timestamp>
			</report>
			<report>
				<misses>3108001</misses>
				<total>104</total>
				<timestamp>652.029639</timestamp>
			</report>
			<report>
				<misses>3109001</misses>
				<total>104</total>
				<timestamp>652.239439</timestamp>
			</report>
			<report>
				<misses>3110001</misses>
				<total>104</total>
				<timestamp>652.449223</timestamp>
			</report>
			<report>
				<misses>3111001</misses>
				<total>104</total>
				<timestamp>652.658968</timestamp>
			</report>
			<report>
				<misses>3112001</misses>
				<total>104</total>
				<timestamp>652.868798</timestamp>
			</report>
			<report>
				<misses>3113001</misses>
				<total>104</total>
				<timestamp>653.078592</timestamp>
			</report>
			<report>
				<misses>3114001</misses>
				<total>104</total>
				<timestamp>653.288465</timestamp>
			</report>
			<report>
				<misses>3115001</misses>
				<total>104</total>
				<timestamp>653.498171</timestamp>
			</report>
			<report>
				<misses>3116001</misses>
				<total>104</total>
				<timestamp>653.708027</timestamp>
			</report>
			<report>
				<misses>3117001</misses>
				<total>104</total>
				<timestamp>653.917831</timestamp>
			</report>
			<report>
				<misses>3118001</misses>
				<total>104</total>
				<timestamp>654.127661</timestamp>
			</report>
			<report>
				<misses>3119001</misses>
				<total>104</total>
				<timestamp>654.337329</timestamp>
			</report>
			<report>
				<misses>3120001</misses>
				<total>104</total>
				<timestamp>654.547201</timestamp>
			</report>
			<report>
				<misses>3121001</misses>
				<total>104</total>
				<timestamp>654.756864</timestamp>
			</report>
			<report>
				<misses>3122001</misses>
				<total>104</total>
				<timestamp>654.966787</timestamp>
			</report>
			<report>
				<misses>3123001</misses>
				<total>104</total>
				<timestamp>655.176568</timestamp>
			</report>
			<report>
				<misses>3124001</misses>
				<total>104</total>
				<timestamp>655.386361</timestamp>
			</report>
			<report>
				<misses>3125001</misses>
				<total>104</total>
				<timestamp>655.596075</timestamp>
			</report>
			<report>
				<misses>3126001</misses>
				<total>104</total>
				<timestamp>655.805818</timestamp>
			</report>
			<report>
				<misses>3127001</misses>
				<total>106</total>
				<timestamp>656.015741</timestamp>
			</report>
			<report>
				<misses>3128001</misses>
				<total>106</total>
				<timestamp>656.225522</timestamp>
			</report>
			<report>
				<misses>3129001</misses>
				<total>105</total>
				<timestamp>656.435312</timestamp>
			</report>
			<report>
				<misses>3130001</misses>
				<total>106</total>
				<timestamp>656.645019</timestamp>
			</report>
			<report>
				<misses>3131001</misses>
				<total>106</total>
				<timestamp>656.854811</timestamp>
			</report>
			<report>
				<misses>3132001</misses>
				<total>105</total>
				<timestamp>657.064565</timestamp>
			</report>
			<report>
				<misses>3133001</misses>
				<total>106</total>
				<timestamp>657.274479</timestamp>
			</report>
			<report>
				<misses>3134001</misses>
				<total>106</total>
				<timestamp>657.484136</timestamp>
			</report>
			<report>
				<misses>3135001</misses>
				<total>106</total>
				<timestamp>657.693977</timestamp>
			</report>
			<report>
				<misses>3136001</misses>
				<total>106</total>
				<timestamp>657.903716</timestamp>
			</report>
			<report>
				<misses>3137001</misses>
				<total>106</total>
				<timestamp>658.113633</timestamp>
			</report>
			<report>
				<misses>3138001</misses>
				<total>106</total>
				<timestamp>658.323333</timestamp>
			</report>
			<report>
				<misses>3139001</misses>
				<total>106</total>
				<timestamp>658.533126</timestamp>
			</report>
			<report>
				<misses>3140001</misses>
				<total>106</total>
				<timestamp>658.742997</timestamp>
			</report>
			<report>
				<misses>3141001</misses>
				<total>106</total>
				<timestamp>658.952713</timestamp>
			</report>
			<report>
				<misses>3142001</misses>
				<total>106</total>
				<timestamp>659.162502</timestamp>
			</report>
			<report>
				<misses>3143001</misses>
				<total>106</total>
				<timestamp>659.372283</timestamp>
			</report>
			<report>
				<misses>3144001</misses>
				<total>106</total>
				<timestamp>659.582074</timestamp>
			</report>
			<report>
				<misses>3145001</misses>
				<total>106</total>
				<timestamp>659.791865</timestamp>
			</report>
			<report>
				<misses>3146001</misses>
				<total>106</total>
				<timestamp>660.001652</timestamp>
			</report>
			<report>
				<misses>3147001</misses>
				<total>106</total>
				<timestamp>660.211456</timestamp>
			</report>
			<report>
				<misses>3148001</misses>
				<total>106</total>
				<timestamp>660.421235</timestamp>
			</report>
			<report>
				<misses>3149001</misses>
				<total>106</total>
				<timestamp>660.631021</timestamp>
			</report>
			<report>
				<misses>3150001</misses>
				<total>105</total>
				<timestamp>660.840820</timestamp>
			</report>
			<report>
				<misses>3151001</misses>
				<total>106</total>
				<timestamp>661.050612</timestamp>
			</report>
			<report>
				<misses>3152001</misses>
				<total>106</total>
				<timestamp>661.260398</timestamp>
			</report>
			<report>
				<misses>3153001</misses>
				<total>106</total>
				<timestamp>661.470268</timestamp>
			</report>
			<report>
				<misses>3154001</misses>
				<total>107</total>
				<timestamp>661.679987</timestamp>
			</report>
			<report>
				<misses>3155001</misses>
				<total>107</total>
				<timestamp>661.889763</timestamp>
			</report>
			<report>
				<misses>3156001</misses>
				<total>107</total>
				<timestamp>662.099554</timestamp>
			</report>
			<report>
				<misses>3157001</misses>
				<total>107</total>
				<timestamp>662.309346</timestamp>
			</report>
			<report>
				<misses>3158001</misses>
				<total>107</total>
				<timestamp>662.519133</timestamp>
			</report>
			<report>
				<misses>3159001</misses>
				<total>107</total>
				<timestamp>662.728931</timestamp>
			</report>
			<report>
				<misses>3160001</misses>
				<total>107</total>
				<timestamp>662.938723</timestamp>
			</report>
			<report>
				<misses>3161001</misses>
				<total>106</total>
				<timestamp>663.148504</timestamp>
			</report>
			<report>
				<misses>3162001</misses>
				<total>107</total>
				<timestamp>663.358296</timestamp>
			</report>
			<report>
				<misses>3163001</misses>
				<total>107</total>
				<timestamp>663.568093</timestamp>
			</report>
			<report>
				<misses>3164001</misses>
				<total>107</total>
				<timestamp>663.777876</timestamp>
			</report>
			<report>
				<misses>3165001</misses>
				<total>107</total>
				<timestamp>663.987662</timestamp>
			</report>
			<report>
				<misses>3166001</misses>
				<total>107</total>
				<timestamp>664.197458</timestamp>
			</report>
			<report>
				<misses>3167001</misses>
				<total>107</total>
				<timestamp>664.407243</timestamp>
			</report>
			<report>
				<misses>3168001</misses>
				<total>106</total>
				<timestamp>664.617048</timestamp>
			</report>
			<report>
				<misses>3169001</misses>
				<total>107</total>
				<timestamp>664.826787</timestamp>
			</report>
			<report>
				<misses>3170001</misses>
				<total>109</total>
				<timestamp>665.036590</timestamp>
			</report>
			<report>
				<misses>3171001</misses>
				<total>109</total>
				<timestamp>665.246499</timestamp>
			</report>
			<report>
				<misses>3172001</misses>
				<total>109</total>
				<timestamp>665.456163</timestamp>
			</report>
			<report>
				<misses>3173001</misses>
				<total>109</total>
				<timestamp>665.666078</timestamp>
			</report>
			<report>
				<misses>3174001</misses>
				<total>109</total>
				<timestamp>665.875742</timestamp>
			</report>
			<report>
				<misses>3175001</misses>
				<total>109</total>
				<timestamp>666.085529</timestamp>
			</report>
			<report>
				<misses>3176001</misses>
				<total>109</total>
				<timestamp>666.295359</timestamp>
			</report>
			<report>
				<misses>3177001</misses>
				<total>109</total>
				<timestamp>666.505114</timestamp>
			</report>
			<report>
				<misses>3178001</misses>
				<total>109</total>
				<timestamp>666.714939</timestamp>
			</report>
			<report>
				<misses>3179001</misses>
				<total>109</total>
				<timestamp>666.924692</timestamp>
			</report>
			<report>
				<misses>3180001</misses>
				<total>109</total>
				<timestamp>667.134524</timestamp>
			</report>
			<report>
				<misses>3181001</misses>
				<total>109</total>
				<timestamp>667.344261</timestamp>
			</report>
			<report>
				<misses>3182001</misses>
				<total>109</total>
				<timestamp>667.554069</timestamp>
			</report>
			<report>
				<misses>3183001</misses>
				<total>109</total>
				<timestamp>667.763859</timestamp>
			</report>
			<report>
				<misses>3184001</misses>
				<total>109</total>
				<timestamp>667.973621</timestamp>
			</report>
			<report>
				<misses>3185001</misses>
				<total>109</total>
				<timestamp>668.183489</timestamp>
			</report>
			<report>
				<misses>3186001</misses>
				<total>109</total>
				<timestamp>668.393259</timestamp>
			</report>
			<report>
				<misses>3187001</misses>
				<total>109</total>
				<timestamp>668.603057</timestamp>
			</report>
			<report>
				<misses>3188001</misses>
				<total>109</total>
				<timestamp>668.812796</timestamp>
			</report>
			<report>
				<misses>3189001</misses>
				<total>109</total>
				<timestamp>669.022613</timestamp>
			</report>
			<report>
				<misses>3190001</misses>
				<total>109</total>
				<timestamp>669.232391</timestamp>
			</report>
			<report>
				<misses>3191001</misses>
				<total>109</total>
				<timestamp>669.442169</timestamp>
			</report>
			<report>
				<misses>3192001</misses>
				<total>113</total>
				<timestamp>669.651988</timestamp>
			</report>
			<report>
				<misses>3193001</misses>
				<total>114</total>
				<timestamp>669.861764</timestamp>
			</report>
			<report>
				<misses>3194001</misses>
				<total>114</total>
				<timestamp>670.071554</timestamp>
			</report>
			<report>
				<misses>3195001</misses>
				<total>114</total>
				<timestamp>670.281379</timestamp>
			</report>
			<report>
				<misses>3196001</misses>
				<total>114</total>
				<timestamp>670.491116</timestamp>
			</report>
			<report>
				<misses>3197001</misses>
				<total>114</total>
				<timestamp>670.700910</timestamp>
			</report>
			<report>
				<misses>3198001</misses>
				<total>114</total>
				<timestamp>670.910712</timestamp>
			</report>
			<report>
				<misses>3199001</misses>
				<total>114</total>
				<timestamp>671.120497</timestamp>
			</report>
			<report>
				<misses>3200001</misses>
				<total>114</total>
				<timestamp>671.330321</timestamp>
			</report>
			<report>
				<misses>3201001</misses>
				<total>114</total>
				<timestamp>671.540063</timestamp>
			</report>
			<report>
				<misses>3202001</misses>
				<total>114</total>
				<timestamp>671.749850</timestamp>
			</report>
			<report>
				<misses>3203001</misses>
				<total>114</total>
				<timestamp>671.959654</timestamp>
			</report>
			<report>
				<misses>3204001</misses>
				<total>114</total>
				<timestamp>672.169468</timestamp>
			</report>
			<report>
				<misses>3205001</misses>
				<total>114</total>
				<timestamp>672.379288</timestamp>
			</report>
			<report>
				<misses>3206001</misses>
				<total>114</total>
				<timestamp>672.589032</timestamp>
			</report>
			<report>
				<misses>3207001</misses>
				<total>114</total>
				<timestamp>672.798809</timestamp>
			</report>
			<report>
				<misses>3208001</misses>
				<total>114</total>
				<timestamp>673.008589</timestamp>
			</report>
			<report>
				<misses>3209001</misses>
				<total>114</total>
				<timestamp>673.218394</timestamp>
			</report>
			<report>
				<misses>3210001</misses>
				<total>114</total>
				<timestamp>673.428157</timestamp>
			</report>
			<report>
				<misses>3211001</misses>
				<total>114</total>
				<timestamp>673.637964</timestamp>
			</report>
			<report>
				<misses>3212001</misses>
				<total>114</total>
				<timestamp>673.847766</timestamp>
			</report>
			<report>
				<misses>3213001</misses>
				<total>114</total>
				<timestamp>674.057670</timestamp>
			</report>
			<report>
				<misses>3214001</misses>
				<total>114</total>
				<timestamp>674.267464</timestamp>
			</report>
			<report>
				<misses>3215001</misses>
				<total>114</total>
				<timestamp>674.477174</timestamp>
			</report>
			<report>
				<misses>3216001</misses>
				<total>114</total>
				<timestamp>674.686991</timestamp>
			</report>
			<report>
				<misses>3217001</misses>
				<total>114</total>
				<timestamp>674.896715</timestamp>
			</report>
			<report>
				<misses>3218001</misses>
				<total>114</total>
				<timestamp>675.106633</timestamp>
			</report>
			<report>
				<misses>3219001</misses>
				<total>116</total>
				<timestamp>675.316416</timestamp>
			</report>
			<report>
				<misses>3220001</misses>
				<total>116</total>
				<timestamp>675.526210</timestamp>
			</report>
			<report>
				<misses>3221001</misses>
				<total>116</total>
				<timestamp>675.735991</timestamp>
			</report>
			<report>
				<misses>3222001</misses>
				<total>116</total>
				<timestamp>675.945703</timestamp>
			</report>
			<report>
				<misses>3223001</misses>
				<total>116</total>
				<timestamp>676.155494</timestamp>
			</report>
			<report>
				<misses>3224001</misses>
				<total>116</total>
				<timestamp>676.365368</timestamp>
			</report>
			<report>
				<misses>3225001</misses>
				<total>116</total>
				<timestamp>676.575031</timestamp>
			</report>
			<report>
				<misses>3226001</misses>
				<total>115</total>
				<timestamp>676.784943</timestamp>
			</report>
			<report>
				<misses>3227001</misses>
				<total>116</total>
				<timestamp>676.994617</timestamp>
			</report>
			<report>
				<misses>3228001</misses>
				<total>116</total>
				<timestamp>677.204527</timestamp>
			</report>
			<report>
				<misses>3229001</misses>
				<total>116</total>
				<timestamp>677.414198</timestamp>
			</report>
			<report>
				<misses>3230001</misses>
				<total>116</total>
				<timestamp>677.624024</timestamp>
			</report>
			<report>
				<misses>3231001</misses>
				<total>116</total>
				<timestamp>677.833812</timestamp>
			</report>
			<report>
				<misses>3232001</misses>
				<total>116</total>
				<timestamp>678.043601</timestamp>
			</report>
			<report>
				<misses>3233001</misses>
				<total>116</total>
				<timestamp>678.253481</timestamp>
			</report>
			<report>
				<misses>3234001</misses>
				<total>116</total>
				<timestamp>678.463179</timestamp>
			</report>
			<report>
				<misses>3235001</misses>
				<total>116</total>
				<timestamp>678.672973</timestamp>
			</report>
			<report>
				<misses>3236001</misses>
				<total>116</total>
				<timestamp>678.882762</timestamp>
			</report>
			<report>
				<misses>3237001</misses>
				<total>116</total>
				<timestamp>679.092515</timestamp>
			</report>
			<report>
				<misses>3238001</misses>
				<total>116</total>
				<timestamp>679.302423</timestamp>
			</report>
			<report>
				<misses>3239001</misses>
				<total>116</total>
				<timestamp>679.512097</timestamp>
			</report>
			<report>
				<misses>3240001</misses>
				<total>116</total>
				<timestamp>679.721919</timestamp>
			</report>
			<report>
				<misses>3241001</misses>
				<total>116</total>
				<timestamp>679.931674</timestamp>
			</report>
			<report>
				<misses>3242001</misses>
				<total>116</total>
				<timestamp>680.141497</timestamp>
			</report>
			<report>
				<misses>3243001</misses>
				<total>116</total>
				<timestamp>680.351320</timestamp>
			</report>
			<report>
				<misses>3244001</misses>
				<total>116</total>
				<timestamp>680.561084</timestamp>
			</report>
			<report>
				<misses>3245001</misses>
				<total>116</total>
				<timestamp>680.770859</timestamp>
			</report>
			<report>
				<misses>3246001</misses>
				<total>116</total>
				<timestamp>680.980635</timestamp>
			</report>
			<report>
				<misses>3247001</misses>
				<total>116</total>
				<timestamp>681.190416</timestamp>
			</report>
			<report>
				<misses>3248001</misses>
				<total>116</total>
				<timestamp>681.400228</timestamp>
			</report>
			<report>
				<misses>3249001</misses>
				<total>116</total>
				<timestamp>681.609991</timestamp>
			</report>
			<report>
				<misses>3250001</misses>
				<total>116</total>
				<timestamp>681.819770</timestamp>
			</report>
			<report>
				<misses>3251001</misses>
				<total>116</total>
				<timestamp>682.029569</timestamp>
			</report>
			<report>
				<misses>3252001</misses>
				<total>116</total>
				<timestamp>682.239380</timestamp>
			</report>
			<report>
				<misses>3253001</misses>
				<total>116</total>
				<timestamp>682.449139</timestamp>
			</report>
			<report>
				<misses>3254001</misses>
				<total>116</total>
				<timestamp>682.658935</timestamp>
			</report>
			<report>
				<misses>3255001</misses>
				<total>116</total>
				<timestamp>682.868737</timestamp>
			</report>
			<report>
				<misses>3256001</misses>
				<total>116</total>
				<timestamp>683.078567</timestamp>
			</report>
			<report>
				<misses>3257001</misses>
				<total>116</total>
				<timestamp>683.288335</timestamp>
			</report>
			<report>
				<misses>3258001</misses>
				<total>116</total>
				<timestamp>683.498096</timestamp>
			</report>
			<report>
				<misses>3259001</misses>
				<total>116</total>
				<timestamp>683.707901</timestamp>
			</report>
			<report>
				<misses>3260001</misses>
				<total>116</total>
				<timestamp>683.917677</timestamp>
			</report>
			<report>
				<misses>3261001</misses>
				<total>116</total>
				<timestamp>684.127466</timestamp>
			</report>
			<report>
				<misses>3262001</misses>
				<total>116</total>
				<timestamp>684.337314</timestamp>
			</report>
			<report>
				<misses>3263001</misses>
				<total>116</total>
				<timestamp>684.547051</timestamp>
			</report>
			<report>
				<misses>3264001</misses>
				<total>116</total>
				<timestamp>684.756824</timestamp>
			</report>
			<report>
				<misses>3265001</misses>
				<total>116</total>
				<timestamp>684.966635</timestamp>
			</report>
			<report>
				<misses>3266001</misses>
				<total>116</total>
				<timestamp>685.176428</timestamp>
			</report>
			<report>
				<misses>3267001</misses>
				<total>116</total>
				<timestamp>685.386260</timestamp>
			</report>
			<report>
				<misses>3268001</misses>
				<total>116</total>
				<timestamp>685.595989</timestamp>
			</report>
			<report>
				<misses>3269001</misses>
				<total>116</total>
				<timestamp>685.805807</timestamp>
			</report>
			<report>
				<misses>3270001</misses>
				<total>116</total>
				<timestamp>686.015579</timestamp>
			</report>
			<report>
				<misses>3271001</misses>
				<total>116</total>
				<timestamp>686.225374</timestamp>
			</report>
			<report>
				<misses>3272001</misses>
				<total>116</total>
				<timestamp>686.435183</timestamp>
			</report>
			<report>
				<misses>3273001</misses>
				<total>116</total>
				<timestamp>686.644993</timestamp>
			</report>
			<report>
				<misses>3274001</misses>
				<total>116</total>
				<timestamp>686.854742</timestamp>
			</report>
			<report>
				<misses>3275001</misses>
				<total>116</total>
				<timestamp>687.064543</timestamp>
			</report>
			<report>
				<misses>3276001</misses>
				<total>116</total>
				<timestamp>687.274351</timestamp>
			</report>
			<report>
				<misses>3277001</misses>
				<total>116</total>
				<timestamp>687.484123</timestamp>
			</report>
			<report>
				<misses>3278001</misses>
				<total>116</total>
				<timestamp>687.693911</timestamp>
			</report>
			<report>
				<misses>3279001</misses>
				<total>116</total>
				<timestamp>687.903717</timestamp>
			</report>
			<report>
				<misses>3280001</misses>
				<total>116</total>
				<timestamp>688.113479</timestamp>
			</report>
			<report>
				<misses>3281001</misses>
				<total>116</total>
				<timestamp>688.323283</timestamp>
			</report>
			<report>
				<misses>3282001</misses>
				<total>116</total>
				<timestamp>688.533051</timestamp>
			</report>
			<report>
				<misses>3283001</misses>
				<total>116</total>
				<timestamp>688.742840</timestamp>
			</report>
			<report>
				<misses>3284001</misses>
				<total>116</total>
				<timestamp>688.952634</timestamp>
			</report>
			<report>
				<misses>3285001</misses>
				<total>116</total>
				<timestamp>689.162425</timestamp>
			</report>
			<report>
				<misses>3286001</misses>
				<total>116</total>
				<timestamp>689.372255</timestamp>
			</report>
			<report>
				<misses>3287001</misses>
				<total>116</total>
				<timestamp>689.582009</timestamp>
			</report>
			<report>
				<misses>3288001</misses>
				<total>116</total>
				<timestamp>689.791840</timestamp>
			</report>
			<report>
				<misses>3289001</misses>
				<total>116</total>
				<timestamp>690.001579</timestamp>
			</report>
			<report>
				<misses>3290001</misses>
				<total>116</total>
				<timestamp>690.211372</timestamp>
			</report>
			<report>
				<misses>3291001</misses>
				<total>116</total>
				<timestamp>690.421256</timestamp>
			</report>
			<report>
				<misses>3292001</misses>
				<total>116</total>
				<timestamp>690.630966</timestamp>
			</report>
			<report>
				<misses>3293001</misses>
				<total>116</total>
				<timestamp>690.840790</timestamp>
			</report>
			<report>
				<misses>3294001</misses>
				<total>116</total>
				<timestamp>691.050558</timestamp>
			</report>
			<report>
				<misses>3295001</misses>
				<total>116</total>
				<timestamp>691.260375</timestamp>
			</report>
			<report>
				<misses>3296001</misses>
				<total>116</total>
				<timestamp>691.470132</timestamp>
			</report>
			<report>
				<misses>3297001</misses>
				<total>116</total>
				<timestamp>691.679926</timestamp>
			</report>
			<report>
				<misses>3298001</misses>
				<total>116</total>
				<timestamp>691.889685</timestamp>
			</report>
			<report>
				<misses>3299001</misses>
				<total>116</total>
				<timestamp>692.099485</timestamp>
			</report>
			<report>
				<misses>3300001</misses>
				<total>116</total>
				<timestamp>692.309308</timestamp>
			</report>
			<report>
				<misses>3301001</misses>
				<total>116</total>
				<timestamp>692.519056</timestamp>
			</report>
			<report>
				<misses>3302001</misses>
				<total>116</total>
				<timestamp>692.728855</timestamp>
			</report>
			<report>
				<misses>3303001</misses>
				<total>116</total>
				<timestamp>692.938687</timestamp>
			</report>
			<report>
				<misses>3304001</misses>
				<total>116</total>
				<timestamp>693.148442</timestamp>
			</report>
			<report>
				<misses>3305001</misses>
				<total>116</total>
				<timestamp>693.358269</timestamp>
			</report>
			<report>
				<misses>3306001</misses>
				<total>115</total>
				<timestamp>693.568027</timestamp>
			</report>
			<report>
				<misses>3307001</misses>
				<total>116</total>
				<timestamp>693.777799</timestamp>
			</report>
			<report>
				<misses>3308001</misses>
				<total>116</total>
				<timestamp>693.987590</timestamp>
			</report>
			<report>
				<misses>3309001</misses>
				<total>116</total>
				<timestamp>694.197391</timestamp>
			</report>
			<report>
				<misses>3310001</misses>
				<total>115</total>
				<timestamp>694.407216</timestamp>
			</report>
			<report>
				<misses>3311001</misses>
				<total>116</total>
				<timestamp>694.616997</timestamp>
			</report>
			<report>
				<misses>3312001</misses>
				<total>116</total>
				<timestamp>694.826778</timestamp>
			</report>
			<report>
				<misses>3313001</misses>
				<total>116</total>
				<timestamp>695.036549</timestamp>
			</report>
			<report>
				<misses>3314001</misses>
				<total>116</total>
				<timestamp>695.246345</timestamp>
			</report>
			<report>
				<misses>3315001</misses>
				<total>116</total>
				<timestamp>695.456141</timestamp>
			</report>
			<report>
				<misses>3316001</misses>
				<total>116</total>
				<timestamp>695.665908</timestamp>
			</report>
			<report>
				<misses>3317001</misses>
				<total>116</total>
				<timestamp>695.875714</timestamp>
			</report>
			<report>
				<misses>3318001</misses>
				<total>116</total>
				<timestamp>696.085489</timestamp>
			</report>
			<report>
				<misses>3319001</misses>
				<total>116</total>
				<timestamp>696.295356</timestamp>
			</report>
			<report>
				<misses>3320001</misses>
				<total>116</total>
				<timestamp>696.505098</timestamp>
			</report>
			<report>
				<misses>3321001</misses>
				<total>116</total>
				<timestamp>696.714865</timestamp>
			</report>
			<report>
				<misses>3322001</misses>
				<total>116</total>
				<timestamp>696.924646</timestamp>
			</report>
			<report>
				<misses>3323001</misses>
				<total>116</total>
				<timestamp>697.134460</timestamp>
			</report>
			<report>
				<misses>3324001</misses>
				<total>116</total>
				<timestamp>697.344301</timestamp>
			</report>
			<report>
				<misses>3325001</misses>
				<total>116</total>
				<timestamp>697.554039</timestamp>
			</report>
			<report>
				<misses>3326001</misses>
				<total>116</total>
				<timestamp>697.763831</timestamp>
			</report>
			<report>
				<misses>3327001</misses>
				<total>116</total>
				<timestamp>697.973622</timestamp>
			</report>
			<report>
				<misses>3328001</misses>
				<total>116</total>
				<timestamp>698.183413</timestamp>
			</report>
			<report>
				<misses>3329001</misses>
				<total>116</total>
				<timestamp>698.393212</timestamp>
			</report>
			<report>
				<misses>3330001</misses>
				<total>116</total>
				<timestamp>698.602975</timestamp>
			</report>
			<report>
				<misses>3331001</misses>
				<total>116</total>
				<timestamp>698.812805</timestamp>
			</report>
			<report>
				<misses>3332001</misses>
				<total>116</total>
				<timestamp>699.022558</timestamp>
			</report>
			<report>
				<misses>3333001</misses>
				<total>116</total>
				<timestamp>699.232380</timestamp>
			</report>
			<report>
				<misses>3334001</misses>
				<total>116</total>
				<timestamp>699.442197</timestamp>
			</report>
			<report>
				<misses>3335001</misses>
				<total>116</total>
				<timestamp>699.651939</timestamp>
			</report>
			<report>
				<misses>3336001</misses>
				<total>116</total>
				<timestamp>699.861728</timestamp>
			</report>
			<report>
				<misses>3337001</misses>
				<total>116</total>
				<timestamp>700.071510</timestamp>
			</report>
			<report>
				<misses>3338001</misses>
				<total>116</total>
				<timestamp>700.281315</timestamp>
			</report>
			<report>
				<misses>3339001</misses>
				<total>116</total>
				<timestamp>700.491084</timestamp>
			</report>
			<report>
				<misses>3340001</misses>
				<total>116</total>
				<timestamp>700.700878</timestamp>
			</report>
			<report>
				<misses>3341001</misses>
				<total>116</total>
				<timestamp>700.910676</timestamp>
			</report>
			<report>
				<misses>3342001</misses>
				<total>116</total>
				<timestamp>701.120450</timestamp>
			</report>
			<report>
				<misses>3343001</misses>
				<total>116</total>
				<timestamp>701.330302</timestamp>
			</report>
			<report>
				<misses>3344001</misses>
				<total>116</total>
				<timestamp>701.540068</timestamp>
			</report>
			<report>
				<misses>3345001</misses>
				<total>116</total>
				<timestamp>701.749835</timestamp>
			</report>
			<report>
				<misses>3346001</misses>
				<total>116</total>
				<timestamp>701.959618</timestamp>
			</report>
			<report>
				<misses>3347001</misses>
				<total>116</total>
				<timestamp>702.169415</timestamp>
			</report>
			<report>
				<misses>3348001</misses>
				<total>116</total>
				<timestamp>702.379266</timestamp>
			</report>
			<report>
				<misses>3349001</misses>
				<total>116</total>
				<timestamp>702.588992</timestamp>
			</report>
			<report>
				<misses>3350001</misses>
				<total>116</total>
				<timestamp>702.798796</timestamp>
			</report>
			<report>
				<misses>3351001</misses>
				<total>116</total>
				<timestamp>703.008575</timestamp>
			</report>
			<report>
				<misses>3352001</misses>
				<total>116</total>
				<timestamp>703.218346</timestamp>
			</report>
			<report>
				<misses>3353001</misses>
				<total>116</total>
				<timestamp>703.428157</timestamp>
			</report>
			<report>
				<misses>3354001</misses>
				<total>115</total>
				<timestamp>703.637940</timestamp>
			</report>
			<report>
				<misses>3355001</misses>
				<total>116</total>
				<timestamp>703.847732</timestamp>
			</report>
			<report>
				<misses>3356001</misses>
				<total>115</total>
				<timestamp>704.057529</timestamp>
			</report>
			<report>
				<misses>3357001</misses>
				<total>116</total>
				<timestamp>704.267355</timestamp>
			</report>
			<report>
				<misses>3358001</misses>
				<total>116</total>
				<timestamp>704.477162</timestamp>
			</report>
			<report>
				<misses>3359001</misses>
				<total>116</total>
				<timestamp>704.686876</timestamp>
			</report>
			<report>
				<misses>3360001</misses>
				<total>116</total>
				<timestamp>704.896720</timestamp>
			</report>
			<report>
				<misses>3361001</misses>
				<total>116</total>
				<timestamp>705.106461</timestamp>
			</report>
			<report>
				<misses>3362001</misses>
				<total>116</total>
				<timestamp>705.316271</timestamp>
			</report>
			<report>
				<misses>3363001</misses>
				<total>116</total>
				<timestamp>705.526071</timestamp>
			</report>
			<report>
				<misses>3364001</misses>
				<total>116</total>
				<timestamp>705.735824</timestamp>
			</report>
			<report>
				<misses>3365001</misses>
				<total>116</total>
				<timestamp>705.945623</timestamp>
			</report>
			<report>
				<misses>3366001</misses>
				<total>116</total>
				<timestamp>706.155436</timestamp>
			</report>
			<report>
				<misses>3367001</misses>
				<total>116</total>
				<timestamp>706.365262</timestamp>
			</report>
			<report>
				<misses>3368001</misses>
				<total>116</total>
				<timestamp>706.574996</timestamp>
			</report>
			<report>
				<misses>3369001</misses>
				<total>116</total>
				<timestamp>706.784775</timestamp>
			</report>
			<report>
				<misses>3370001</misses>
				<total>115</total>
				<timestamp>706.994585</timestamp>
			</report>
			<report>
				<misses>3371001</misses>
				<total>115</total>
				<timestamp>707.204372</timestamp>
			</report>
			<report>
				<misses>3372001</misses>
				<total>116</total>
				<timestamp>707.414183</timestamp>
			</report>
			<report>
				<misses>3373001</misses>
				<total>116</total>
				<timestamp>707.623949</timestamp>
			</report>
			<report>
				<misses>3374001</misses>
				<total>116</total>
				<timestamp>707.833728</timestamp>
			</report>
			<report>
				<misses>3375001</misses>
				<total>116</total>
				<timestamp>708.043512</timestamp>
			</report>
			<report>
				<misses>3376001</misses>
				<total>116</total>
				<timestamp>708.253319</timestamp>
			</report>
			<report>
				<misses>3377001</misses>
				<total>116</total>
				<timestamp>708.463137</timestamp>
			</report>
			<report>
				<misses>3378001</misses>
				<total>116</total>
				<timestamp>708.672908</timestamp>
			</report>
			<report>
				<misses>3379001</misses>
				<total>116</total>
				<timestamp>708.882719</timestamp>
			</report>
			<report>
				<misses>3380001</misses>
				<total>116</total>
				<timestamp>709.092484</timestamp>
			</report>
			<report>
				<misses>3381001</misses>
				<total>116</total>
				<timestamp>709.302282</timestamp>
			</report>
			<report>
				<misses>3382001</misses>
				<total>116</total>
				<timestamp>709.512087</timestamp>
			</report>
			<report>
				<misses>3383001</misses>
				<total>116</total>
				<timestamp>709.721852</timestamp>
			</report>
			<report>
				<misses>3384001</misses>
				<total>116</total>
				<timestamp>709.931638</timestamp>
			</report>
			<report>
				<misses>3385001</misses>
				<total>116</total>
				<timestamp>710.141432</timestamp>
			</report>
			<report>
				<misses>3386001</misses>
				<total>116</total>
				<timestamp>710.351237</timestamp>
			</report>
			<report>
				<misses>3387001</misses>
				<total>116</total>
				<timestamp>710.561057</timestamp>
			</report>
			<report>
				<misses>3388001</misses>
				<total>116</total>
				<timestamp>710.770817</timestamp>
			</report>
			<report>
				<misses>3389001</misses>
				<total>116</total>
				<timestamp>710.980579</timestamp>
			</report>
			<report>
				<misses>3390001</misses>
				<total>116</total>
				<timestamp>711.190400</timestamp>
			</report>
			<report>
				<misses>3391001</misses>
				<total>116</total>
				<timestamp>711.400213</timestamp>
			</report>
			<report>
				<misses>3392001</misses>
				<total>116</total>
				<timestamp>711.609982</timestamp>
			</report>
			<report>
				<misses>3393001</misses>
				<total>115</total>
				<timestamp>711.819798</timestamp>
			</report>
			<report>
				<misses>3394001</misses>
				<total>116</total>
				<timestamp>712.029583</timestamp>
			</report>
			<report>
				<misses>3395001</misses>
				<total>116</total>
				<timestamp>712.239323</timestamp>
			</report>
			<report>
				<misses>3396001</misses>
				<total>116</total>
				<timestamp>712.449132</timestamp>
			</report>
			<report>
				<misses>3397001</misses>
				<total>116</total>
				<timestamp>712.658914</timestamp>
			</report>
			<report>
				<misses>3398001</misses>
				<total>116</total>
				<timestamp>712.868734</timestamp>
			</report>
			<report>
				<misses>3399001</misses>
				<total>116</total>
				<timestamp>713.078490</timestamp>
			</report>
			<report>
				<misses>3400001</misses>
				<total>116</total>
				<timestamp>713.288294</timestamp>
			</report>
			<report>
				<misses>3401001</misses>
				<total>116</total>
				<timestamp>713.498089</timestamp>
			</report>
			<report>
				<misses>3402001</misses>
				<total>116</total>
				<timestamp>713.707856</timestamp>
			</report>
			<report>
				<misses>3403001</misses>
				<total>115</total>
				<timestamp>713.917682</timestamp>
			</report>
			<report>
				<misses>3404001</misses>
				<total>116</total>
				<timestamp>714.127440</timestamp>
			</report>
			<report>
				<misses>3405001</misses>
				<total>116</total>
				<timestamp>714.337267</timestamp>
			</report>
			<report>
				<misses>3406001</misses>
				<total>115</total>
				<timestamp>714.547065</timestamp>
			</report>
			<report>
				<misses>3407001</misses>
				<total>116</total>
				<timestamp>714.756829</timestamp>
			</report>
			<report>
				<misses>3408001</misses>
				<total>116</total>
				<timestamp>714.966627</timestamp>
			</report>
			<report>
				<misses>3409001</misses>
				<total>116</total>
				<timestamp>715.176392</timestamp>
			</report>
			<report>
				<misses>3410001</misses>
				<total>116</total>
				<timestamp>715.386204</timestamp>
			</report>
			<report>
				<misses>3411001</misses>
				<total>116</total>
				<timestamp>715.595966</timestamp>
			</report>
			<report>
				<misses>3412001</misses>
				<total>116</total>
				<timestamp>715.805811</timestamp>
			</report>
			<report>
				<misses>3413001</misses>
				<total>117</total>
				<timestamp>716.015561</timestamp>
			</report>
			<report>
				<misses>3414001</misses>
				<total>117</total>
				<timestamp>716.225357</timestamp>
			</report>
			<report>
				<misses>3415001</misses>
				<total>117</total>
				<timestamp>716.435128</timestamp>
			</report>
			<report>
				<misses>3416001</misses>
				<total>117</total>
				<timestamp>716.644922</timestamp>
			</report>
			<report>
				<misses>3417001</misses>
				<total>117</total>
				<timestamp>716.854702</timestamp>
			</report>
			<report>
				<misses>3418001</misses>
				<total>117</total>
				<timestamp>717.064488</timestamp>
			</report>
			<report>
				<misses>3419001</misses>
				<total>117</total>
				<timestamp>717.274311</timestamp>
			</report>
			<report>
				<misses>3420001</misses>
				<total>117</total>
				<timestamp>717.484132</timestamp>
			</report>
			<report>
				<misses>3421001</misses>
				<total>117</total>
				<timestamp>717.693877</timestamp>
			</report>
			<report>
				<misses>3422001</misses>
				<total>117</total>
				<timestamp>717.903661</timestamp>
			</report>
			<report>
				<misses>3423001</misses>
				<total>117</total>
				<timestamp>718.113452</timestamp>
			</report>
			<report>
				<misses>3424001</misses>
				<total>117</total>
				<timestamp>718.323262</timestamp>
			</report>
			<report>
				<misses>3425001</misses>
				<total>117</total>
				<timestamp>718.533040</timestamp>
			</report>
			<report>
				<misses>3426001</misses>
				<total>117</total>
				<timestamp>718.742849</timestamp>
			</report>
			<report>
				<misses>3427001</misses>
				<total>116</total>
				<timestamp>718.952658</timestamp>
			</report>
			<report>
				<misses>3428001</misses>
				<total>117</total>
				<timestamp>719.162396</timestamp>
			</report>
			<report>
				<misses>3429001</misses>
				<total>117</total>
				<timestamp>719.372203</timestamp>
			</report>
			<report>
				<misses>3430001</misses>
				<total>117</total>
				<timestamp>719.582020</timestamp>
			</report>
			<report>
				<misses>3431001</misses>
				<total>117</total>
				<timestamp>719.791781</timestamp>
			</report>
			<report>
				<misses>3432001</misses>
				<total>119</total>
				<timestamp>720.001557</timestamp>
			</report>
			<report>
				<misses>3433001</misses>
				<total>119</total>
				<timestamp>720.211333</timestamp>
			</report>
			<report>
				<misses>3434001</misses>
				<total>119</total>
				<timestamp>720.421188</timestamp>
			</report>
			<report>
				<misses>3435001</misses>
				<total>119</total>
				<timestamp>720.630947</timestamp>
			</report>
			<report>
				<misses>3436001</misses>
				<total>119</total>
				<timestamp>720.840707</timestamp>
			</report>
			<report>
				<misses>3437001</misses>
				<total>119</total>
				<timestamp>721.050516</timestamp>
			</report>
			<report>
				<misses>3438001</misses>
				<total>119</total>
				<timestamp>721.260316</timestamp>
			</report>
			<report>
				<misses>3439001</misses>
				<total>119</total>
				<timestamp>721.470152</timestamp>
			</report>
			<report>
				<misses>3440001</misses>
				<total>119</total>
				<timestamp>721.679873</timestamp>
			</report>
			<report>
				<misses>3441001</misses>
				<total>119</total>
				<timestamp>721.889668</timestamp>
			</report>
			<report>
				<misses>3442001</misses>
				<total>119</total>
				<timestamp>722.099463</timestamp>
			</report>
			<report>
				<misses>3443001</misses>
				<total>119</total>
				<timestamp>722.309256</timestamp>
			</report>
			<report>
				<misses>3444001</misses>
				<total>119</total>
				<timestamp>722.519097</timestamp>
			</report>
			<report>
				<misses>3445001</misses>
				<total>119</total>
				<timestamp>722.728828</timestamp>
			</report>
			<report>
				<misses>3446001</misses>
				<total>119</total>
				<timestamp>722.938615</timestamp>
			</report>
			<report>
				<misses>3447001</misses>
				<total>119</total>
				<timestamp>723.148416</timestamp>
			</report>
			<report>
				<misses>3448001</misses>
				<total>119</total>
				<timestamp>723.358205</timestamp>
			</report>
			<report>
				<misses>3449001</misses>
				<total>119</total>
				<timestamp>723.568008</timestamp>
			</report>
			<report>
				<misses>3450001</misses>
				<total>118</total>
				<timestamp>723.777790</timestamp>
			</report>
			<report>
				<misses>3451001</misses>
				<total>119</total>
				<timestamp>723.987571</timestamp>
			</report>
			<report>
				<misses>3452001</misses>
				<total>118</total>
				<timestamp>724.197422</timestamp>
			</report>
			<report>
				<misses>3453001</misses>
				<total>119</total>
				<timestamp>724.407166</timestamp>
			</report>
			<report>
				<misses>3454001</misses>
				<total>119</total>
				<timestamp>724.616945</timestamp>
			</report>
			<report>
				<misses>3455001</misses>
				<total>119</total>
				<timestamp>724.826728</timestamp>
			</report>
			<report>
				<misses>3456001</misses>
				<total>119</total>
				<timestamp>725.036508</timestamp>
			</report>
			<report>
				<misses>3457001</misses>
				<total>119</total>
				<timestamp>725.246325</timestamp>
			</report>
			<report>
				<misses>3458001</misses>
				<total>119</total>
				<timestamp>725.456087</timestamp>
			</report>
			<report>
				<misses>3459001</misses>
				<total>119</total>
				<timestamp>725.665897</timestamp>
			</report>
			<report>
				<misses>3460001</misses>
				<total>119</total>
				<timestamp>725.875690</timestamp>
			</report>
			<report>
				<misses>3461001</misses>
				<total>119</total>
				<timestamp>726.085460</timestamp>
			</report>
			<report>
				<misses>3462001</misses>
				<total>119</total>
				<timestamp>726.295265</timestamp>
			</report>
			<report>
				<misses>3463001</misses>
				<total>118</total>
				<timestamp>726.505105</timestamp>
			</report>
			<report>
				<misses>3464001</misses>
				<total>119</total>
				<timestamp>726.714824</timestamp>
			</report>
			<report>
				<misses>3465001</misses>
				<total>119</total>
				<timestamp>726.924687</timestamp>
			</report>
			<report>
				<misses>3466001</misses>
				<total>119</total>
				<timestamp>727.134418</timestamp>
			</report>
			<report>
				<misses>3467001</misses>
				<total>119</total>
				<timestamp>727.344249</timestamp>
			</report>
			<report>
				<misses>3468001</misses>
				<total>119</total>
				<timestamp>727.554025</timestamp>
			</report>
			<report>
				<misses>3469001</misses>
				<total>119</total>
				<timestamp>727.763788</timestamp>
			</report>
			<report>
				<misses>3470001</misses>
				<total>119</total>
				<timestamp>727.973581</timestamp>
			</report>
			<report>
				<misses>3471001</misses>
				<total>118</total>
				<timestamp>728.183379</timestamp>
			</report>
			<report>
				<misses>3472001</misses>
				<total>119</total>
				<timestamp>728.393194</timestamp>
			</report>
			<report>
				<misses>3473001</misses>
				<total>119</total>
				<timestamp>728.603013</timestamp>
			</report>
			<report>
				<misses>3474001</misses>
				<total>119</total>
				<timestamp>728.812745</timestamp>
			</report>
			<report>
				<misses>3475001</misses>
				<total>119</total>
				<timestamp>729.022531</timestamp>
			</report>
			<report>
				<misses>3476001</misses>
				<total>119</total>
				<timestamp>729.232319</timestamp>
			</report>
			<report>
				<misses>3477001</misses>
				<total>119</total>
				<timestamp>729.442127</timestamp>
			</report>
			<report>
				<misses>3478001</misses>
				<total>119</total>
				<timestamp>729.651926</timestamp>
			</report>
			<report>
				<misses>3479001</misses>
				<total>118</total>
				<timestamp>729.861686</timestamp>
			</report>
			<report>
				<misses>3480001</misses>
				<total>119</total>
				<timestamp>730.071469</timestamp>
			</report>
			<report>
				<misses>3481001</misses>
				<total>119</total>
				<timestamp>730.281290</timestamp>
			</report>
			<report>
				<misses>3482001</misses>
				<total>119</total>
				<timestamp>730.491151</timestamp>
			</report>
			<report>
				<misses>3483001</misses>
				<total>119</total>
				<timestamp>730.700912</timestamp>
			</report>
			<report>
				<misses>3484001</misses>
				<total>119</total>
				<timestamp>730.910637</timestamp>
			</report>
			<report>
				<misses>3485001</misses>
				<total>119</total>
				<timestamp>731.120425</timestamp>
			</report>
			<report>
				<misses>3486001</misses>
				<total>119</total>
				<timestamp>731.330213</timestamp>
			</report>
			<report>
				<misses>3487001</misses>
				<total>119</total>
				<timestamp>731.540025</timestamp>
			</report>
			<report>
				<misses>3488001</misses>
				<total>119</total>
				<timestamp>731.749792</timestamp>
			</report>
			<report>
				<misses>3489001</misses>
				<total>119</total>
				<timestamp>731.959625</timestamp>
			</report>
			<report>
				<misses>3490001</misses>
				<total>119</total>
				<timestamp>732.169375</timestamp>
			</report>
			<report>
				<misses>3491001</misses>
				<total>119</total>
				<timestamp>732.379175</timestamp>
			</report>
			<report>
				<misses>3492001</misses>
				<total>119</total>
				<timestamp>732.588976</timestamp>
			</report>
			<report>
				<misses>3493001</misses>
				<total>119</total>
				<timestamp>732.798761</timestamp>
			</report>
			<report>
				<misses>3494001</misses>
				<total>118</total>
				<timestamp>733.008549</timestamp>
			</report>
			<report>
				<misses>3495001</misses>
				<total>119</total>
				<timestamp>733.218330</timestamp>
			</report>
			<report>
				<misses>3496001</misses>
				<total>119</total>
				<timestamp>733.428123</timestamp>
			</report>
			<report>
				<misses>3497001</misses>
				<total>119</total>
				<timestamp>733.637963</timestamp>
			</report>
			<report>
				<misses>3498001</misses>
				<total>119</total>
				<timestamp>733.847710</timestamp>
			</report>
			<report>
				<misses>3499001</misses>
				<total>119</total>
				<timestamp>734.057492</timestamp>
			</report>
			<report>
				<misses>3500001</misses>
				<total>119</total>
				<timestamp>734.267297</timestamp>
			</report>
			<report>
				<misses>3501001</misses>
				<total>119</total>
				<timestamp>734.477118</timestamp>
			</report>
			<report>
				<misses>3502001</misses>
				<total>118</total>
				<timestamp>734.686890</timestamp>
			</report>
			<report>
				<misses>3503001</misses>
				<total>119</total>
				<timestamp>734.896644</timestamp>
			</report>
			<report>
				<misses>3504001</misses>
				<total>119</total>
				<timestamp>735.106442</timestamp>
			</report>
			<report>
				<misses>3505001</misses>
				<total>119</total>
				<timestamp>735.316224</timestamp>
			</report>
			<report>
				<misses>3506001</misses>
				<total>119</total>
				<timestamp>735.526032</timestamp>
			</report>
			<report>
				<misses>3507001</misses>
				<total>118</total>
				<timestamp>735.735835</timestamp>
			</report>
			<report>
				<misses>3508001</misses>
				<total>119</total>
				<timestamp>735.945639</timestamp>
			</report>
			<report>
				<misses>3509001</misses>
				<total>119</total>
				<timestamp>736.155398</timestamp>
			</report>
			<report>
				<misses>3510001</misses>
				<total>119</total>
				<timestamp>736.365190</timestamp>
			</report>
			<report>
				<misses>3511001</misses>
				<total>119</total>
				<timestamp>736.575030</timestamp>
			</report>
			<report>
				<misses>3512001</misses>
				<total>119</total>
				<timestamp>736.784755</timestamp>
			</report>
			<report>
				<misses>3513001</misses>
				<total>119</total>
				<timestamp>736.994586</timestamp>
			</report>
			<report>
				<misses>3514001</misses>
				<total>119</total>
				<timestamp>737.204342</timestamp>
			</report>
			<report>
				<misses>3515001</misses>
				<total>119</total>
				<timestamp>737.414132</timestamp>
			</report>
			<report>
				<misses>3516001</misses>
				<total>119</total>
				<timestamp>737.623953</timestamp>
			</report>
			<report>
				<misses>3517001</misses>
				<total>119</total>
				<timestamp>737.833725</timestamp>
			</report>
			<report>
				<misses>3518001</misses>
				<total>119</total>
				<timestamp>738.043500</timestamp>
			</report>
			<report>
				<misses>3519001</misses>
				<total>119</total>
				<timestamp>738.253283</timestamp>
			</report>
			<report>
				<misses>3520001</misses>
				<total>118</total>
				<timestamp>738.463089</timestamp>
			</report>
			<report>
				<misses>3521001</misses>
				<total>118</total>
				<timestamp>738.672891</timestamp>
			</report>
			<report>
				<misses>3522001</misses>
				<total>119</total>
				<timestamp>738.882661</timestamp>
			</report>
			<report>
				<misses>3523001</misses>
				<total>119</total>
				<timestamp>739.092448</timestamp>
			</report>
			<report>
				<misses>3524001</misses>
				<total>119</total>
				<timestamp>739.302254</timestamp>
			</report>
			<report>
				<misses>3525001</misses>
				<total>119</total>
				<timestamp>739.512045</timestamp>
			</report>
			<report>
				<misses>3526001</misses>
				<total>119</total>
				<timestamp>739.721836</timestamp>
			</report>
			<report>
				<misses>3527001</misses>
				<total>119</total>
				<timestamp>739.931634</timestamp>
			</report>
			<report>
				<misses>3528001</misses>
				<total>119</total>
				<timestamp>740.141397</timestamp>
			</report>
			<report>
				<misses>3529001</misses>
				<total>119</total>
				<timestamp>740.351204</timestamp>
			</report>
			<report>
				<misses>3530001</misses>
				<total>119</total>
				<timestamp>740.561009</timestamp>
			</report>
			<report>
				<misses>3531001</misses>
				<total>119</total>
				<timestamp>740.770778</timestamp>
			</report>
			<report>
				<misses>3532001</misses>
				<total>119</total>
				<timestamp>740.980600</timestamp>
			</report>
			<report>
				<misses>3533001</misses>
				<total>119</total>
				<timestamp>741.190361</timestamp>
			</report>
			<report>
				<misses>3534001</misses>
				<total>119</total>
				<timestamp>741.400135</timestamp>
			</report>
			<report>
				<misses>3535001</misses>
				<total>119</total>
				<timestamp>741.609924</timestamp>
			</report>
			<report>
				<misses>3536001</misses>
				<total>119</total>
				<timestamp>741.819723</timestamp>
			</report>
			<report>
				<misses>3537001</misses>
				<total>119</total>
				<timestamp>742.029539</timestamp>
			</report>
			<report>
				<misses>3538001</misses>
				<total>119</total>
				<timestamp>742.239297</timestamp>
			</report>
			<report>
				<misses>3539001</misses>
				<total>119</total>
				<timestamp>742.449084</timestamp>
			</report>
			<report>
				<misses>3540001</misses>
				<total>119</total>
				<timestamp>742.658916</timestamp>
			</report>
			<report>
				<misses>3541001</misses>
				<total>119</total>
				<timestamp>742.868653</timestamp>
			</report>
			<report>
				<misses>3542001</misses>
				<total>119</total>
				<timestamp>743.078466</timestamp>
			</report>
			<report>
				<misses>3543001</misses>
				<total>119</total>
				<timestamp>743.288286</timestamp>
			</report>
			<report>
				<misses>3544001</misses>
				<total>119</total>
				<timestamp>743.498043</timestamp>
			</report>
			<report>
				<misses>3545001</misses>
				<total>119</total>
				<timestamp>743.707873</timestamp>
			</report>
			<report>
				<misses>3546001</misses>
				<total>119</total>
				<timestamp>743.917659</timestamp>
			</report>
			<report>
				<misses>3547001</misses>
				<total>119</total>
				<timestamp>744.127417</timestamp>
			</report>
			<report>
				<misses>3548001</misses>
				<total>119</total>
				<timestamp>744.337265</timestamp>
			</report>
			<report>
				<misses>3549001</misses>
				<total>119</total>
				<timestamp>744.547017</timestamp>
			</report>
			<report>
				<misses>3550001</misses>
				<total>119</total>
				<timestamp>744.756783</timestamp>
			</report>
			<report>
				<misses>3551001</misses>
				<total>119</total>
				<timestamp>744.966585</timestamp>
			</report>
			<report>
				<misses>3552001</misses>
				<total>119</total>
				<timestamp>745.176358</timestamp>
			</report>
			<report>
				<misses>3553001</misses>
				<total>119</total>
				<timestamp>745.386150</timestamp>
			</report>
			<report>
				<misses>3554001</misses>
				<total>119</total>
				<timestamp>745.595953</timestamp>
			</report>
			<report>
				<misses>3555001</misses>
				<total>119</total>
				<timestamp>745.805719</timestamp>
			</report>
			<report>
				<misses>3556001</misses>
				<total>119</total>
				<timestamp>746.015524</timestamp>
			</report>
			<report>
				<misses>3557001</misses>
				<total>119</total>
				<timestamp>746.225326</timestamp>
			</report>
			<report>
				<misses>3558001</misses>
				<total>119</total>
				<timestamp>746.435105</timestamp>
			</report>
			<report>
				<misses>3559001</misses>
				<total>119</total>
				<timestamp>746.644909</timestamp>
			</report>
			<report>
				<misses>3560001</misses>
				<total>119</total>
				<timestamp>746.854672</timestamp>
			</report>
			<report>
				<misses>3561001</misses>
				<total>119</total>
				<timestamp>747.064477</timestamp>
			</report>
			<report>
				<misses>3562001</misses>
				<total>119</total>
				<timestamp>747.274294</timestamp>
			</report>
			<report>
				<misses>3563001</misses>
				<total>118</total>
				<timestamp>747.484055</timestamp>
			</report>
			<report>
				<misses>3564001</misses>
				<total>119</total>
				<timestamp>747.693856</timestamp>
			</report>
			<report>
				<misses>3565001</misses>
				<total>119</total>
				<timestamp>747.903627</timestamp>
			</report>
			<report>
				<misses>3566001</misses>
				<total>118</total>
				<timestamp>748.113418</timestamp>
			</report>
			<report>
				<misses>3567001</misses>
				<total>119</total>
				<timestamp>748.323218</timestamp>
			</report>
			<report>
				<misses>3568001</misses>
				<total>119</total>
				<timestamp>748.533031</timestamp>
			</report>
			<report>
				<misses>3569001</misses>
				<total>119</total>
				<timestamp>748.742817</timestamp>
			</report>
			<report>
				<misses>3570001</misses>
				<total>119</total>
				<timestamp>748.952612</timestamp>
			</report>
			<report>
				<misses>3571001</misses>
				<total>119</total>
				<timestamp>749.162367</timestamp>
			</report>
			<report>
				<misses>3572001</misses>
				<total>119</total>
				<timestamp>749.372155</timestamp>
			</report>
			<report>
				<misses>3573001</misses>
				<total>119</total>
				<timestamp>749.582003</timestamp>
			</report>
			<report>
				<misses>3574001</misses>
				<total>119</total>
				<timestamp>749.791762</timestamp>
			</report>
			<report>
				<misses>3575001</misses>
				<total>119</total>
				<timestamp>750.001531</timestamp>
			</report>
			<report>
				<misses>3576001</misses>
				<total>119</total>
				<timestamp>750.211329</timestamp>
			</report>
			<report>
				<misses>3577001</misses>
				<total>119</total>
				<timestamp>750.421107</timestamp>
			</report>
			<report>
				<misses>3578001</misses>
				<total>119</total>
				<timestamp>750.630899</timestamp>
			</report>
			<report>
				<misses>3579001</misses>
				<total>119</total>
				<timestamp>750.840696</timestamp>
			</report>
			<report>
				<misses>3580001</misses>
				<total>119</total>
				<timestamp>751.050497</timestamp>
			</report>
			<report>
				<misses>3581001</misses>
				<total>119</total>
				<timestamp>751.260261</timestamp>
			</report>
			<report>
				<misses>3582001</misses>
				<total>119</total>
				<timestamp>751.470069</timestamp>
			</report>
			<report>
				<misses>3583001</misses>
				<total>119</total>
				<timestamp>751.679859</timestamp>
			</report>
			<report>
				<misses>3584001</misses>
				<total>119</total>
				<timestamp>751.889638</timestamp>
			</report>
			<report>
				<misses>3585001</misses>
				<total>119</total>
				<timestamp>752.099440</timestamp>
			</report>
			<report>
				<misses>3586001</misses>
				<total>119</total>
				<timestamp>752.309227</timestamp>
			</report>
			<report>
				<misses>3587001</misses>
				<total>119</total>
				<timestamp>752.519018</timestamp>
			</report>
			<report>
				<misses>3588001</misses>
				<total>119</total>
				<timestamp>752.728844</timestamp>
			</report>
			<report>
				<misses>3589001</misses>
				<total>119</total>
				<timestamp>752.938571</timestamp>
			</report>
			<report>
				<misses>3590001</misses>
				<total>119</total>
				<timestamp>753.148395</timestamp>
			</report>
			<report>
				<misses>3591001</misses>
				<total>119</total>
				<timestamp>753.358155</timestamp>
			</report>
			<report>
				<misses>3592001</misses>
				<total>119</total>
				<timestamp>753.567962</timestamp>
			</report>
			<report>
				<misses>3593001</misses>
				<total>119</total>
				<timestamp>753.777865</timestamp>
			</report>
			<report>
				<misses>3594001</misses>
				<total>119</total>
				<timestamp>753.987538</timestamp>
			</report>
			<report>
				<misses>3595001</misses>
				<total>119</total>
				<timestamp>754.197377</timestamp>
			</report>
			<report>
				<misses>3596001</misses>
				<total>119</total>
				<timestamp>754.407163</timestamp>
			</report>
			<report>
				<misses>3597001</misses>
				<total>119</total>
				<timestamp>754.617031</timestamp>
			</report>
			<report>
				<misses>3598001</misses>
				<total>119</total>
				<timestamp>754.826826</timestamp>
			</report>
			<report>
				<misses>3599001</misses>
				<total>119</total>
				<timestamp>755.036523</timestamp>
			</report>
			<report>
				<misses>3600001</misses>
				<total>119</total>
				<timestamp>755.246286</timestamp>
			</report>
			<report>
				<misses>3601001</misses>
				<total>119</total>
				<timestamp>755.456109</timestamp>
			</report>
			<report>
				<misses>3602001</misses>
				<total>118</total>
				<timestamp>755.665899</timestamp>
			</report>
			<report>
				<misses>3603001</misses>
				<total>119</total>
				<timestamp>755.875682</timestamp>
			</report>
			<report>
				<misses>3604001</misses>
				<total>118</total>
				<timestamp>756.085566</timestamp>
			</report>
			<report>
				<misses>3605001</misses>
				<total>119</total>
				<timestamp>756.295348</timestamp>
			</report>
			<report>
				<misses>3606001</misses>
				<total>119</total>
				<timestamp>756.505150</timestamp>
			</report>
			<report>
				<misses>3607001</misses>
				<total>119</total>
				<timestamp>756.714931</timestamp>
			</report>
			<report>
				<misses>3608001</misses>
				<total>119</total>
				<timestamp>756.924716</timestamp>
			</report>
			<report>
				<misses>3609001</misses>
				<total>119</total>
				<timestamp>757.134518</timestamp>
			</report>
			<report>
				<misses>3610001</misses>
				<total>119</total>
				<timestamp>757.344300</timestamp>
			</report>
			<report>
				<misses>3611001</misses>
				<total>119</total>
				<timestamp>757.554015</timestamp>
			</report>
			<report>
				<misses>3612001</misses>
				<total>119</total>
				<timestamp>757.763881</timestamp>
			</report>
			<report>
				<misses>3613001</misses>
				<total>119</total>
				<timestamp>757.973549</timestamp>
			</report>
			<report>
				<misses>3614001</misses>
				<total>119</total>
				<timestamp>758.183385</timestamp>
			</report>
			<report>
				<misses>3615001</misses>
				<total>119</total>
				<timestamp>758.393175</timestamp>
			</report>
			<report>
				<misses>3616001</misses>
				<total>119</total>
				<timestamp>758.603041</timestamp>
			</report>
			<report>
				<misses>3617001</misses>
				<total>119</total>
				<timestamp>758.812757</timestamp>
			</report>
			<report>
				<misses>3618001</misses>
				<total>119</total>
				<timestamp>759.022510</timestamp>
			</report>
			<report>
				<misses>3619001</misses>
				<total>119</total>
				<timestamp>759.232333</timestamp>
			</report>
			<report>
				<misses>3620001</misses>
				<total>119</total>
				<timestamp>759.442213</timestamp>
			</report>
			<report>
				<misses>3621001</misses>
				<total>119</total>
				<timestamp>759.651877</timestamp>
			</report>
			<report>
				<misses>3622001</misses>
				<total>119</total>
				<timestamp>759.861796</timestamp>
			</report>
			<report>
				<misses>3623001</misses>
				<total>119</total>
				<timestamp>760.071492</timestamp>
			</report>
			<report>
				<misses>3624001</misses>
				<total>119</total>
				<timestamp>760.281361</timestamp>
			</report>
			<report>
				<misses>3625001</misses>
				<total>119</total>
				<timestamp>760.491040</timestamp>
			</report>
			<report>
				<misses>3626001</misses>
				<total>119</total>
				<timestamp>760.700862</timestamp>
			</report>
			<report>
				<misses>3627001</misses>
				<total>119</total>
				<timestamp>760.910656</timestamp>
			</report>
			<report>
				<misses>3628001</misses>
				<total>119</total>
				<timestamp>761.120535</timestamp>
			</report>
			<report>
				<misses>3629001</misses>
				<total>119</total>
				<timestamp>761.330229</timestamp>
			</report>
			<report>
				<misses>3630001</misses>
				<total>119</total>
				<timestamp>761.540024</timestamp>
			</report>
			<report>
				<misses>3631001</misses>
				<total>119</total>
				<timestamp>761.749815</timestamp>
			</report>
			<report>
				<misses>3632001</misses>
				<total>119</total>
				<timestamp>761.959563</timestamp>
			</report>
			<report>
				<misses>3633001</misses>
				<total>119</total>
				<timestamp>762.169388</timestamp>
			</report>
			<report>
				<misses>3634001</misses>
				<total>119</total>
				<timestamp>762.379187</timestamp>
			</report>
			<report>
				<misses>3635001</misses>
				<total>119</total>
				<timestamp>762.589052</timestamp>
			</report>
			<report>
				<misses>3636001</misses>
				<total>119</total>
				<timestamp>762.798843</timestamp>
			</report>
			<report>
				<misses>3637001</misses>
				<total>119</total>
				<timestamp>763.008549</timestamp>
			</report>
			<report>
				<misses>3638001</misses>
				<total>119</total>
				<timestamp>763.218342</timestamp>
			</report>
			<report>
				<misses>3639001</misses>
				<total>119</total>
				<timestamp>763.428135</timestamp>
			</report>
			<report>
				<misses>3640001</misses>
				<total>118</total>
				<timestamp>763.637937</timestamp>
			</report>
			<report>
				<misses>3641001</misses>
				<total>118</total>
				<timestamp>763.847790</timestamp>
			</report>
			<report>
				<misses>3642001</misses>
				<total>119</total>
				<timestamp>764.057583</timestamp>
			</report>
			<report>
				<misses>3643001</misses>
				<total>119</total>
				<timestamp>764.267375</timestamp>
			</report>
			<report>
				<misses>3644001</misses>
				<total>119</total>
				<timestamp>764.477085</timestamp>
			</report>
			<report>
				<misses>3645001</misses>
				<total>119</total>
				<timestamp>764.686873</timestamp>
			</report>
			<report>
				<misses>3646001</misses>
				<total>119</total>
				<timestamp>764.896672</timestamp>
			</report>
			<report>
				<misses>3647001</misses>
				<total>119</total>
				<timestamp>765.106413</timestamp>
			</report>
			<report>
				<misses>3648001</misses>
				<total>119</total>
				<timestamp>765.316199</timestamp>
			</report>
			<report>
				<misses>3649001</misses>
				<total>119</total>
				<timestamp>765.526024</timestamp>
			</report>
			<report>
				<misses>3650001</misses>
				<total>118</total>
				<timestamp>765.735819</timestamp>
			</report>
			<report>
				<misses>3651001</misses>
				<total>119</total>
				<timestamp>765.945608</timestamp>
			</report>
			<report>
				<misses>3652001</misses>
				<total>122</total>
				<timestamp>766.155403</timestamp>
			</report>
			<report>
				<misses>3653001</misses>
				<total>122</total>
				<timestamp>766.365199</timestamp>
			</report>
			<report>
				<misses>3654001</misses>
				<total>122</total>
				<timestamp>766.575068</timestamp>
			</report>
			<report>
				<misses>3655001</misses>
				<total>122</total>
				<timestamp>766.784766</timestamp>
			</report>
			<report>
				<misses>3656001</misses>
				<total>122</total>
				<timestamp>766.994557</timestamp>
			</report>
			<report>
				<misses>3657001</misses>
				<total>122</total>
				<timestamp>767.204341</timestamp>
			</report>
			<report>
				<misses>3658001</misses>
				<total>122</total>
				<timestamp>767.414142</timestamp>
			</report>
			<report>
				<misses>3659001</misses>
				<total>121</total>
				<timestamp>767.623931</timestamp>
			</report>
			<report>
				<misses>3660001</misses>
				<total>122</total>
				<timestamp>767.833714</timestamp>
			</report>
			<report>
				<misses>3661001</misses>
				<total>121</total>
				<timestamp>768.043504</timestamp>
			</report>
			<report>
				<misses>3662001</misses>
				<total>122</total>
				<timestamp>768.253296</timestamp>
			</report>
			<report>
				<misses>3663001</misses>
				<total>122</total>
				<timestamp>768.463081</timestamp>
			</report>
			<report>
				<misses>3664001</misses>
				<total>124</total>
				<timestamp>768.672874</timestamp>
			</report>
			<report>
				<misses>3665001</misses>
				<total>124</total>
				<timestamp>768.882662</timestamp>
			</report>
			<report>
				<misses>3666001</misses>
				<total>124</total>
				<timestamp>769.092539</timestamp>
			</report>
			<report>
				<misses>3667001</misses>
				<total>123</total>
				<timestamp>769.302329</timestamp>
			</report>
			<report>
				<misses>3668001</misses>
				<total>124</total>
				<timestamp>769.512117</timestamp>
			</report>
			<report>
				<misses>3669001</misses>
				<total>124</total>
				<timestamp>769.721914</timestamp>
			</report>
			<report>
				<misses>3670001</misses>
				<total>124</total>
				<timestamp>769.931616</timestamp>
			</report>
			<report>
				<misses>3671001</misses>
				<total>124</total>
				<timestamp>770.141406</timestamp>
			</report>
			<report>
				<misses>3672001</misses>
				<total>124</total>
				<timestamp>770.351193</timestamp>
			</report>
			<report>
				<misses>3673001</misses>
				<total>124</total>
				<timestamp>770.560984</timestamp>
			</report>
			<report>
				<misses>3674001</misses>
				<total>124</total>
				<timestamp>770.770779</timestamp>
			</report>
			<report>
				<misses>3675001</misses>
				<total>124</total>
				<timestamp>770.980651</timestamp>
			</report>
			<report>
				<misses>3676001</misses>
				<total>124</total>
				<timestamp>771.190317</timestamp>
			</report>
			<report>
				<misses>3677001</misses>
				<total>124</total>
				<timestamp>771.400141</timestamp>
			</report>
			<report>
				<misses>3678001</misses>
				<total>124</total>
				<timestamp>771.610029</timestamp>
			</report>
			<report>
				<misses>3679001</misses>
				<total>124</total>
				<timestamp>771.819725</timestamp>
			</report>
			<report>
				<misses>3680001</misses>
				<total>124</total>
				<timestamp>772.029514</timestamp>
			</report>
			<report>
				<misses>3681001</misses>
				<total>124</total>
				<timestamp>772.239263</timestamp>
			</report>
			<report>
				<misses>3682001</misses>
				<total>124</total>
				<timestamp>772.449097</timestamp>
			</report>
			<report>
				<misses>3683001</misses>
				<total>124</total>
				<timestamp>772.658891</timestamp>
			</report>
			<report>
				<misses>3684001</misses>
				<total>123</total>
				<timestamp>772.868757</timestamp>
			</report>
			<report>
				<misses>3685001</misses>
				<total>124</total>
				<timestamp>773.078426</timestamp>
			</report>
			<report>
				<misses>3686001</misses>
				<total>124</total>
				<timestamp>773.288261</timestamp>
			</report>
			<report>
				<misses>3687001</misses>
				<total>124</total>
				<timestamp>773.498051</timestamp>
			</report>
			<report>
				<misses>3688001</misses>
				<total>124</total>
				<timestamp>773.707841</timestamp>
			</report>
			<report>
				<misses>3689001</misses>
				<total>124</total>
				<timestamp>773.917631</timestamp>
			</report>
			<report>
				<misses>3690001</misses>
				<total>124</total>
				<timestamp>774.127506</timestamp>
			</report>
			<report>
				<misses>3691001</misses>
				<total>124</total>
				<timestamp>774.337172</timestamp>
			</report>
			<report>
				<misses>3692001</misses>
				<total>124</total>
				<timestamp>774.546965</timestamp>
			</report>
			<report>
				<misses>3693001</misses>
				<total>124</total>
				<timestamp>774.756797</timestamp>
			</report>
			<report>
				<misses>3694001</misses>
				<total>124</total>
				<timestamp>774.966581</timestamp>
			</report>
			<report>
				<misses>3695001</misses>
				<total>124</total>
				<timestamp>775.176454</timestamp>
			</report>
			<report>
				<misses>3696001</misses>
				<total>124</total>
				<timestamp>775.386123</timestamp>
			</report>
			<report>
				<misses>3697001</misses>
				<total>124</total>
				<timestamp>775.595946</timestamp>
			</report>
			<report>
				<misses>3698001</misses>
				<total>124</total>
				<timestamp>775.805819</timestamp>
			</report>
			<report>
				<misses>3699001</misses>
				<total>124</total>
				<timestamp>776.015490</timestamp>
			</report>
			<report>
				<misses>3700001</misses>
				<total>124</total>
				<timestamp>776.225282</timestamp>
			</report>
			<report>
				<misses>3701001</misses>
				<total>123</total>
				<timestamp>776.435196</timestamp>
			</report>
			<report>
				<misses>3702001</misses>
				<total>124</total>
				<timestamp>776.644895</timestamp>
			</report>
			<report>
				<misses>3703001</misses>
				<total>124</total>
				<timestamp>776.854710</timestamp>
			</report>
			<report>
				<misses>3704001</misses>
				<total>124</total>
				<timestamp>777.064482</timestamp>
			</report>
			<report>
				<misses>3705001</misses>
				<total>124</total>
				<timestamp>777.274357</timestamp>
			</report>
			<report>
				<misses>3706001</misses>
				<total>123</total>
				<timestamp>777.484067</timestamp>
			</report>
			<report>
				<misses>3707001</misses>
				<total>124</total>
				<timestamp>777.693847</timestamp>
			</report>
			<report>
				<misses>3708001</misses>
				<total>123</total>
				<timestamp>777.903731</timestamp>
			</report>
			<report>
				<misses>3709001</misses>
				<total>124</total>
				<timestamp>778.113517</timestamp>
			</report>
			<report>
				<misses>3710001</misses>
				<total>124</total>
				<timestamp>778.323219</timestamp>
			</report>
			<report>
				<misses>3711001</misses>
				<total>124</total>
				<timestamp>778.533094</timestamp>
			</report>
			<report>
				<misses>3712001</misses>
				<total>124</total>
				<timestamp>778.742882</timestamp>
			</report>
			<report>
				<misses>3713001</misses>
				<total>124</total>
				<timestamp>778.952600</timestamp>
			</report>
			<report>
				<misses>3714001</misses>
				<total>124</total>
				<timestamp>779.162377</timestamp>
			</report>
			<report>
				<misses>3715001</misses>
				<total>124</total>
				<timestamp>779.372173</timestamp>
			</report>
			<report>
				<misses>3716001</misses>
				<total>123</total>
				<timestamp>779.582049</timestamp>
			</report>
			<report>
				<misses>3717001</misses>
				<total>124</total>
				<timestamp>779.791706</timestamp>
			</report>
			<report>
				<misses>3718001</misses>
				<total>124</total>
				<timestamp>780.001624</timestamp>
			</report>
			<report>
				<misses>3719001</misses>
				<total>124</total>
				<timestamp>780.211330</timestamp>
			</report>
			<report>
				<misses>3720001</misses>
				<total>124</total>
				<timestamp>780.421120</timestamp>
			</report>
			<report>
				<misses>3721001</misses>
				<total>124</total>
				<timestamp>780.630870</timestamp>
			</report>
			<report>
				<misses>3722001</misses>
				<total>124</total>
				<timestamp>780.840702</timestamp>
			</report>
			<report>
				<misses>3723001</misses>
				<total>124</total>
				<timestamp>781.050489</timestamp>
			</report>
			<report>
				<misses>3724001</misses>
				<total>124</total>
				<timestamp>781.260295</timestamp>
			</report>
			<report>
				<misses>3725001</misses>
				<total>124</total>
				<timestamp>781.470156</timestamp>
			</report>
			<report>
				<misses>3726001</misses>
				<total>124</total>
				<timestamp>781.679942</timestamp>
			</report>
			<report>
				<misses>3727001</misses>
				<total>124</total>
				<timestamp>781.889658</timestamp>
			</report>
			<report>
				<misses>3728001</misses>
				<total>124</total>
				<timestamp>782.099542</timestamp>
			</report>
			<report>
				<misses>3729001</misses>
				<total>124</total>
				<timestamp>782.309235</timestamp>
			</report>
			<report>
				<misses>3730001</misses>
				<total>124</total>
				<timestamp>782.519116</timestamp>
			</report>
			<report>
				<misses>3731001</misses>
				<total>124</total>
				<timestamp>782.728891</timestamp>
			</report>
			<report>
				<misses>3732001</misses>
				<total>124</total>
				<timestamp>782.938729</timestamp>
			</report>
			<report>
				<misses>3733001</misses>
				<total>124</total>
				<timestamp>783.148483</timestamp>
			</report>
			<report>
				<misses>3734001</misses>
				<total>124</total>
				<timestamp>783.358175</timestamp>
			</report>
			<report>
				<misses>3735001</misses>
				<total>125</total>
				<timestamp>783.567960</timestamp>
			</report>
			<report>
				<misses>3736001</misses>
				<total>124</total>
				<timestamp>783.777786</timestamp>
			</report>
			<report>
				<misses>3737001</misses>
				<total>125</total>
				<timestamp>783.987629</timestamp>
			</report>
			<report>
				<misses>3738001</misses>
				<total>125</total>
				<timestamp>784.197432</timestamp>
			</report>
			<report>
				<misses>3739001</misses>
				<total>124</total>
				<timestamp>784.407145</timestamp>
			</report>
			<report>
				<misses>3740001</misses>
				<total>125</total>
				<timestamp>784.616918</timestamp>
			</report>
			<report>
				<misses>3741001</misses>
				<total>125</total>
				<timestamp>784.826709</timestamp>
			</report>
			<report>
				<misses>3742001</misses>
				<total>125</total>
				<timestamp>785.036495</timestamp>
			</report>
			<report>
				<misses>3743001</misses>
				<total>125</total>
				<timestamp>785.246281</timestamp>
			</report>
			<report>
				<misses>3744001</misses>
				<total>125</total>
				<timestamp>785.456161</timestamp>
			</report>
			<report>
				<misses>3745001</misses>
				<total>125</total>
				<timestamp>785.665955</timestamp>
			</report>
			<report>
				<misses>3746001</misses>
				<total>125</total>
				<timestamp>785.875615</timestamp>
			</report>
			<report>
				<misses>3747001</misses>
				<total>125</total>
				<timestamp>786.085446</timestamp>
			</report>
			<report>
				<misses>3748001</misses>
				<total>125</total>
				<timestamp>786.295234</timestamp>
			</report>
			<report>
				<misses>3749001</misses>
				<total>125</total>
				<timestamp>786.505034</timestamp>
			</report>
			<report>
				<misses>3750001</misses>
				<total>125</total>
				<timestamp>786.714814</timestamp>
			</report>
			<report>
				<misses>3751001</misses>
				<total>125</total>
				<timestamp>786.924614</timestamp>
			</report>
			<report>
				<misses>3752001</misses>
				<total>125</total>
				<timestamp>787.134480</timestamp>
			</report>
			<report>
				<misses>3753001</misses>
				<total>125</total>
				<timestamp>787.344151</timestamp>
			</report>
			<report>
				<misses>3754001</misses>
				<total>125</total>
				<timestamp>787.553974</timestamp>
			</report>
			<report>
				<misses>3755001</misses>
				<total>125</total>
				<timestamp>787.763753</timestamp>
			</report>
			<report>
				<misses>3756001</misses>
				<total>125</total>
				<timestamp>787.973523</timestamp>
			</report>
			<report>
				<misses>3757001</misses>
				<total>125</total>
				<timestamp>788.183303</timestamp>
			</report>
			<report>
				<misses>3758001</misses>
				<total>125</total>
				<timestamp>788.393089</timestamp>
			</report>
			<report>
				<misses>3759001</misses>
				<total>125</total>
				<timestamp>788.602895</timestamp>
			</report>
			<report>
				<misses>3760001</misses>
				<total>125</total>
				<timestamp>788.812696</timestamp>
			</report>
			<report>
				<misses>3761001</misses>
				<total>125</total>
				<timestamp>789.022468</timestamp>
			</report>
			<report>
				<misses>3762001</misses>
				<total>125</total>
				<timestamp>789.232261</timestamp>
			</report>
			<report>
				<misses>3763001</misses>
				<total>125</total>
				<timestamp>789.442048</timestamp>
			</report>
			<report>
				<misses>3764001</misses>
				<total>125</total>
				<timestamp>789.651833</timestamp>
			</report>
			<report>
				<misses>3765001</misses>
				<total>125</total>
				<timestamp>789.861630</timestamp>
			</report>
			<report>
				<misses>3766001</misses>
				<total>125</total>
				<timestamp>790.071408</timestamp>
			</report>
			<report>
				<misses>3767001</misses>
				<total>125</total>
				<timestamp>790.281261</timestamp>
			</report>
			<report>
				<misses>3768001</misses>
				<total>124</total>
				<timestamp>790.490997</timestamp>
			</report>
			<report>
				<misses>3769001</misses>
				<total>125</total>
				<timestamp>790.700825</timestamp>
			</report>
			<report>
				<misses>3770001</misses>
				<total>125</total>
				<timestamp>790.910579</timestamp>
			</report>
			<report>
				<misses>3771001</misses>
				<total>125</total>
				<timestamp>791.120408</timestamp>
			</report>
			<report>
				<misses>3772001</misses>
				<total>125</total>
				<timestamp>791.330195</timestamp>
			</report>
			<report>
				<misses>3773001</misses>
				<total>125</total>
				<timestamp>791.539952</timestamp>
			</report>
			<report>
				<misses>3774001</misses>
				<total>125</total>
				<timestamp>791.749863</timestamp>
			</report>
			<report>
				<misses>3775001</misses>
				<total>125</total>
				<timestamp>791.959579</timestamp>
			</report>
			<report>
				<misses>3776001</misses>
				<total>125</total>
				<timestamp>792.169354</timestamp>
			</report>
			<report>
				<misses>3777001</misses>
				<total>125</total>
				<timestamp>792.379230</timestamp>
			</report>
			<report>
				<misses>3778001</misses>
				<total>125</total>
				<timestamp>792.588942</timestamp>
			</report>
			<report>
				<misses>3779001</misses>
				<total>125</total>
				<timestamp>792.798732</timestamp>
			</report>
			<report>
				<misses>3780001</misses>
				<total>125</total>
				<timestamp>793.008476</timestamp>
			</report>
			<report>
				<misses>3781001</misses>
				<total>125</total>
				<timestamp>793.218306</timestamp>
			</report>
			<report>
				<misses>3782001</misses>
				<total>125</total>
				<timestamp>793.428099</timestamp>
			</report>
			<report>
				<misses>3783001</misses>
				<total>125</total>
				<timestamp>793.637968</timestamp>
			</report>
			<report>
				<misses>3784001</misses>
				<total>125</total>
				<timestamp>793.847761</timestamp>
			</report>
			<report>
				<misses>3785001</misses>
				<total>125</total>
				<timestamp>794.057510</timestamp>
			</report>
			<report>
				<misses>3786001</misses>
				<total>125</total>
				<timestamp>794.267339</timestamp>
			</report>
			<report>
				<misses>3787001</misses>
				<total>125</total>
				<timestamp>794.477134</timestamp>
			</report>
			<report>
				<misses>3788001</misses>
				<total>125</total>
				<timestamp>794.686804</timestamp>
			</report>
			<report>
				<misses>3789001</misses>
				<total>125</total>
				<timestamp>794.896714</timestamp>
			</report>
			<report>
				<misses>3790001</misses>
				<total>125</total>
				<timestamp>795.106418</timestamp>
			</report>
			<report>
				<misses>3791001</misses>
				<total>125</total>
				<timestamp>795.316295</timestamp>
			</report>
			<report>
				<misses>3792001</misses>
				<total>125</total>
				<timestamp>795.526001</timestamp>
			</report>
			<report>
				<misses>3793001</misses>
				<total>125</total>
				<timestamp>795.735757</timestamp>
			</report>
			<report>
				<misses>3794001</misses>
				<total>125</total>
				<timestamp>795.945582</timestamp>
			</report>
			<report>
				<misses>3795001</misses>
				<total>125</total>
				<timestamp>796.155452</timestamp>
			</report>
			<report>
				<misses>3796001</misses>
				<total>125</total>
				<timestamp>796.365242</timestamp>
			</report>
			<report>
				<misses>3797001</misses>
				<total>124</total>
				<timestamp>796.575040</timestamp>
			</report>
			<report>
				<misses>3798001</misses>
				<total>125</total>
				<timestamp>796.784821</timestamp>
			</report>
			<report>
				<misses>3799001</misses>
				<total>125</total>
				<timestamp>796.994614</timestamp>
			</report>
			<report>
				<misses>3800001</misses>
				<total>127</total>
				<timestamp>797.204320</timestamp>
			</report>
			<report>
				<misses>3801001</misses>
				<total>128</total>
				<timestamp>797.414118</timestamp>
			</report>
			<report>
				<misses>3802001</misses>
				<total>128</total>
				<timestamp>797.623987</timestamp>
			</report>
			<report>
				<misses>3803001</misses>
				<total>128</total>
				<timestamp>797.833771</timestamp>
			</report>
			<report>
				<misses>3804001</misses>
				<total>128</total>
				<timestamp>798.043475</timestamp>
			</report>
			<report>
				<misses>3805001</misses>
				<total>128</total>
				<timestamp>798.253265</timestamp>
			</report>
			<report>
				<misses>3806001</misses>
				<total>128</total>
				<timestamp>798.463057</timestamp>
			</report>
			<report>
				<misses>3807001</misses>
				<total>128</total>
				<timestamp>798.672845</timestamp>
			</report>
			<report>
				<misses>3808001</misses>
				<total>128</total>
				<timestamp>798.882645</timestamp>
			</report>
			<report>
				<misses>3809001</misses>
				<total>128</total>
				<timestamp>799.092433</timestamp>
			</report>
			<report>
				<misses>3810001</misses>
				<total>128</total>
				<timestamp>799.302223</timestamp>
			</report>
			<report>
				<misses>3811001</misses>
				<total>127</total>
				<timestamp>799.512012</timestamp>
			</report>
			<report>
				<misses>3812001</misses>
				<total>128</total>
				<timestamp>799.721797</timestamp>
			</report>
			<report>
				<misses>3813001</misses>
				<total>128</total>
				<timestamp>799.931594</timestamp>
			</report>
			<report>
				<misses>3814001</misses>
				<total>128</total>
				<timestamp>800.141383</timestamp>
			</report>
			<report>
				<misses>3815001</misses>
				<total>128</total>
				<timestamp>800.351174</timestamp>
			</report>
			<report>
				<misses>3816001</misses>
				<total>128</total>
				<timestamp>800.561061</timestamp>
			</report>
			<report>
				<misses>3817001</misses>
				<total>128</total>
				<timestamp>800.770745</timestamp>
			</report>
			<report>
				<misses>3818001</misses>
				<total>128</total>
				<timestamp>800.980621</timestamp>
			</report>
			<report>
				<misses>3819001</misses>
				<total>127</total>
				<timestamp>801.190298</timestamp>
			</report>
			<report>
				<misses>3820001</misses>
				<total>128</total>
				<timestamp>801.400130</timestamp>
			</report>
			<report>
				<misses>3821001</misses>
				<total>128</total>
				<timestamp>801.609906</timestamp>
			</report>
			<report>
				<misses>3822001</misses>
				<total>128</total>
				<timestamp>801.819704</timestamp>
			</report>
			<report>
				<misses>3823001</misses>
				<total>128</total>
				<timestamp>802.029574</timestamp>
			</report>
			<report>
				<misses>3824001</misses>
				<total>128</total>
				<timestamp>802.239240</timestamp>
			</report>
			<report>
				<misses>3825001</misses>
				<total>128</total>
				<timestamp>802.449070</timestamp>
			</report>
			<report>
				<misses>3826001</misses>
				<total>128</total>
				<timestamp>802.658853</timestamp>
			</report>
			<report>
				<misses>3827001</misses>
				<total>128</total>
				<timestamp>802.868646</timestamp>
			</report>
			<report>
				<misses>3828001</misses>
				<total>128</total>
				<timestamp>803.078441</timestamp>
			</report>
			<report>
				<misses>3829001</misses>
				<total>127</total>
				<timestamp>803.288240</timestamp>
			</report>
			<report>
				<misses>3830001</misses>
				<total>127</total>
				<timestamp>803.498014</timestamp>
			</report>
			<report>
				<misses>3831001</misses>
				<total>128</total>
				<timestamp>803.707805</timestamp>
			</report>
			<report>
				<misses>3832001</misses>
				<total>128</total>
				<timestamp>803.917595</timestamp>
			</report>
			<report>
				<misses>3833001</misses>
				<total>128</total>
				<timestamp>804.127384</timestamp>
			</report>
			<report>
				<misses>3834001</misses>
				<total>128</total>
				<timestamp>804.337141</timestamp>
			</report>
			<report>
				<misses>3835001</misses>
				<total>127</total>
				<timestamp>804.546963</timestamp>
			</report>
			<report>
				<misses>3836001</misses>
				<total>128</total>
				<timestamp>804.756757</timestamp>
			</report>
			<report>
				<misses>3837001</misses>
				<total>128</total>
				<timestamp>804.966542</timestamp>
			</report>
			<report>
				<misses>3838001</misses>
				<total>128</total>
				<timestamp>805.176302</timestamp>
			</report>
			<report>
				<misses>3839001</misses>
				<total>128</total>
				<timestamp>805.386122</timestamp>
			</report>
			<report>
				<misses>3840001</misses>
				<total>128</total>
				<timestamp>805.595918</timestamp>
			</report>
			<report>
				<misses>3841001</misses>
				<total>128</total>
				<timestamp>805.805706</timestamp>
			</report>
			<report>
				<misses>3842001</misses>
				<total>128</total>
				<timestamp>806.015496</timestamp>
			</report>
			<report>
				<misses>3843001</misses>
				<total>128</total>
				<timestamp>806.225298</timestamp>
			</report>
			<report>
				<misses>3844001</misses>
				<total>128</total>
				<timestamp>806.435159</timestamp>
			</report>
			<report>
				<misses>3845001</misses>
				<total>128</total>
				<timestamp>806.644862</timestamp>
			</report>
			<report>
				<misses>3846001</misses>
				<total>128</total>
				<timestamp>806.854654</timestamp>
			</report>
			<report>
				<misses>3847001</misses>
				<total>128</total>
				<timestamp>807.064450</timestamp>
			</report>
			<report>
				<misses>3848001</misses>
				<total>127</total>
				<timestamp>807.274236</timestamp>
			</report>
			<report>
				<misses>3849001</misses>
				<total>128</total>
				<timestamp>807.484109</timestamp>
			</report>
			<report>
				<misses>3850001</misses>
				<total>128</total>
				<timestamp>807.693775</timestamp>
			</report>
			<report>
				<misses>3851001</misses>
				<total>128</total>
				<timestamp>807.903693</timestamp>
			</report>
			<report>
				<misses>3852001</misses>
				<total>128</total>
				<timestamp>808.113484</timestamp>
			</report>
			<report>
				<misses>3853001</misses>
				<total>128</total>
				<timestamp>808.323186</timestamp>
			</report>
			<report>
				<misses>3854001</misses>
				<total>128</total>
				<timestamp>808.532985</timestamp>
			</report>
			<report>
				<misses>3855001</misses>
				<total>128</total>
				<timestamp>808.742763</timestamp>
			</report>
			<report>
				<misses>3856001</misses>
				<total>128</total>
				<timestamp>808.952568</timestamp>
			</report>
			<report>
				<misses>3857001</misses>
				<total>128</total>
				<timestamp>809.162315</timestamp>
			</report>
			<report>
				<misses>3858001</misses>
				<total>128</total>
				<timestamp>809.372222</timestamp>
			</report>
			<report>
				<misses>3859001</misses>
				<total>128</total>
				<timestamp>809.581893</timestamp>
			</report>
			<report>
				<misses>3860001</misses>
				<total>128</total>
				<timestamp>809.791694</timestamp>
			</report>
			<report>
				<misses>3861001</misses>
				<total>128</total>
				<timestamp>810.001569</timestamp>
			</report>
			<report>
				<misses>3862001</misses>
				<total>128</total>
				<timestamp>810.211298</timestamp>
			</report>
			<report>
				<misses>3863001</misses>
				<total>128</total>
				<timestamp>810.421048</timestamp>
			</report>
			<report>
				<misses>3864001</misses>
				<total>128</total>
				<timestamp>810.630842</timestamp>
			</report>
			<report>
				<misses>3865001</misses>
				<total>128</total>
				<timestamp>810.840646</timestamp>
			</report>
			<report>
				<misses>3866001</misses>
				<total>128</total>
				<timestamp>811.050458</timestamp>
			</report>
			<report>
				<misses>3867001</misses>
				<total>128</total>
				<timestamp>811.260253</timestamp>
			</report>
			<report>
				<misses>3868001</misses>
				<total>128</total>
				<timestamp>811.470016</timestamp>
			</report>
			<report>
				<misses>3869001</misses>
				<total>128</total>
				<timestamp>811.679807</timestamp>
			</report>
			<report>
				<misses>3870001</misses>
				<total>128</total>
				<timestamp>811.889584</timestamp>
			</report>
			<report>
				<misses>3871001</misses>
				<total>128</total>
				<timestamp>812.099405</timestamp>
			</report>
			<report>
				<misses>3872001</misses>
				<total>128</total>
				<timestamp>812.309158</timestamp>
			</report>
			<report>
				<misses>3873001</misses>
				<total>128</total>
				<timestamp>812.518946</timestamp>
			</report>
			<report>
				<misses>3874001</misses>
				<total>128</total>
				<timestamp>812.728757</timestamp>
			</report>
			<report>
				<misses>3875001</misses>
				<total>128</total>
				<timestamp>812.938530</timestamp>
			</report>
			<report>
				<misses>3876001</misses>
				<total>128</total>
				<timestamp>813.148327</timestamp>
			</report>
			<report>
				<misses>3877001</misses>
				<total>128</total>
				<timestamp>813.358116</timestamp>
			</report>
			<report>
				<misses>3878001</misses>
				<total>128</total>
				<timestamp>813.567896</timestamp>
			</report>
			<report>
				<misses>3879001</misses>
				<total>128</total>
				<timestamp>813.777698</timestamp>
			</report>
			<report>
				<misses>3880001</misses>
				<total>128</total>
				<timestamp>813.987508</timestamp>
			</report>
			<report>
				<misses>3881001</misses>
				<total>128</total>
				<timestamp>814.197270</timestamp>
			</report>
			<report>
				<misses>3882001</misses>
				<total>128</total>
				<timestamp>814.407047</timestamp>
			</report>
			<report>
				<misses>3883001</misses>
				<total>128</total>
				<timestamp>814.616846</timestamp>
			</report>
			<report>
				<misses>3884001</misses>
				<total>128</total>
				<timestamp>814.826646</timestamp>
			</report>
			<report>
				<misses>3885001</misses>
				<total>128</total>
				<timestamp>815.036485</timestamp>
			</report>
			<report>
				<misses>3886001</misses>
				<total>127</total>
				<timestamp>815.246272</timestamp>
			</report>
			<report>
				<misses>3887001</misses>
				<total>128</total>
				<timestamp>815.455998</timestamp>
			</report>
			<report>
				<misses>3888001</misses>
				<total>128</total>
				<timestamp>815.665820</timestamp>
			</report>
			<report>
				<misses>3889001</misses>
				<total>128</total>
				<timestamp>815.875608</timestamp>
			</report>
			<report>
				<misses>3890001</misses>
				<total>128</total>
				<timestamp>816.085448</timestamp>
			</report>
			<report>
				<misses>3891001</misses>
				<total>128</total>
				<timestamp>816.295194</timestamp>
			</report>
			<report>
				<misses>3892001</misses>
				<total>128</total>
				<timestamp>816.504971</timestamp>
			</report>
			<report>
				<misses>3893001</misses>
				<total>128</total>
				<timestamp>816.714760</timestamp>
			</report>
			<report>
				<misses>3894001</misses>
				<total>128</total>
				<timestamp>816.924567</timestamp>
			</report>
			<report>
				<misses>3895001</misses>
				<total>128</total>
				<timestamp>817.134344</timestamp>
			</report>
			<report>
				<misses>3896001</misses>
				<total>128</total>
				<timestamp>817.344107</timestamp>
			</report>
			<report>
				<misses>3897001</misses>
				<total>128</total>
				<timestamp>817.553905</timestamp>
			</report>
			<report>
				<misses>3898001</misses>
				<total>128</total>
				<timestamp>817.763706</timestamp>
			</report>
			<report>
				<misses>3899001</misses>
				<total>128</total>
				<timestamp>817.973501</timestamp>
			</report>
			<report>
				<misses>3900001</misses>
				<total>128</total>
				<timestamp>818.183318</timestamp>
			</report>
			<report>
				<misses>3901001</misses>
				<total>128</total>
				<timestamp>818.393077</timestamp>
			</report>
			<report>
				<misses>3902001</misses>
				<total>128</total>
				<timestamp>818.602860</timestamp>
			</report>
			<report>
				<misses>3903001</misses>
				<total>128</total>
				<timestamp>818.812658</timestamp>
			</report>
			<report>
				<misses>3904001</misses>
				<total>128</total>
				<timestamp>819.022452</timestamp>
			</report>
			<report>
				<misses>3905001</misses>
				<total>128</total>
				<timestamp>819.232218</timestamp>
			</report>
			<report>
				<misses>3906001</misses>
				<total>128</total>
				<timestamp>819.442017</timestamp>
			</report>
			<report>
				<misses>3907001</misses>
				<total>128</total>
				<timestamp>819.651803</timestamp>
			</report>
			<report>
				<misses>3908001</misses>
				<total>128</total>
				<timestamp>819.861605</timestamp>
			</report>
			<report>
				<misses>3909001</misses>
				<total>128</total>
				<timestamp>820.071451</timestamp>
			</report>
			<report>
				<misses>3910001</misses>
				<total>128</total>
				<timestamp>820.281215</timestamp>
			</report>
			<report>
				<misses>3911001</misses>
				<total>128</total>
				<timestamp>820.490983</timestamp>
			</report>
			<report>
				<misses>3912001</misses>
				<total>128</total>
				<timestamp>820.700805</timestamp>
			</report>
			<report>
				<misses>3913001</misses>
				<total>127</total>
				<timestamp>820.910565</timestamp>
			</report>
			<report>
				<misses>3914001</misses>
				<total>128</total>
				<timestamp>821.120417</timestamp>
			</report>
			<report>
				<misses>3915001</misses>
				<total>128</total>
				<timestamp>821.330129</timestamp>
			</report>
			<report>
				<misses>3916001</misses>
				<total>128</total>
				<timestamp>821.539928</timestamp>
			</report>
			<report>
				<misses>3917001</misses>
				<total>128</total>
				<timestamp>821.749710</timestamp>
			</report>
			<report>
				<misses>3918001</misses>
				<total>128</total>
				<timestamp>821.959516</timestamp>
			</report>
			<report>
				<misses>3919001</misses>
				<total>128</total>
				<timestamp>822.169337</timestamp>
			</report>
			<report>
				<misses>3920001</misses>
				<total>128</total>
				<timestamp>822.379120</timestamp>
			</report>
			<report>
				<misses>3921001</misses>
				<total>127</total>
				<timestamp>822.588877</timestamp>
			</report>
			<report>
				<misses>3922001</misses>
				<total>127</total>
				<timestamp>822.798715</timestamp>
			</report>
			<report>
				<misses>3923001</misses>
				<total>128</total>
				<timestamp>823.008494</timestamp>
			</report>
			<report>
				<misses>3924001</misses>
				<total>128</total>
				<timestamp>823.218284</timestamp>
			</report>
			<report>
				<misses>3925001</misses>
				<total>127</total>
				<timestamp>823.428032</timestamp>
			</report>
			<report>
				<misses>3926001</misses>
				<total>128</total>
				<timestamp>823.637858</timestamp>
			</report>
			<report>
				<misses>3927001</misses>
				<total>128</total>
				<timestamp>823.847652</timestamp>
			</report>
			<report>
				<misses>3928001</misses>
				<total>128</total>
				<timestamp>824.057441</timestamp>
			</report>
			<report>
				<misses>3929001</misses>
				<total>128</total>
				<timestamp>824.267309</timestamp>
			</report>
			<report>
				<misses>3930001</misses>
				<total>128</total>
				<timestamp>824.476975</timestamp>
			</report>
			<report>
				<misses>3931001</misses>
				<total>128</total>
				<timestamp>824.686815</timestamp>
			</report>
			<report>
				<misses>3932001</misses>
				<total>128</total>
				<timestamp>824.896607</timestamp>
			</report>
			<report>
				<misses>3933001</misses>
				<total>128</total>
				<timestamp>825.106396</timestamp>
			</report>
			<report>
				<misses>3934001</misses>
				<total>128</total>
				<timestamp>825.316141</timestamp>
			</report>
			<report>
				<misses>3935001</misses>
				<total>128</total>
				<timestamp>825.525972</timestamp>
			</report>
			<report>
				<misses>3936001</misses>
				<total>128</total>
				<timestamp>825.735764</timestamp>
			</report>
			<report>
				<misses>3937001</misses>
				<total>128</total>
				<timestamp>825.945550</timestamp>
			</report>
			<report>
				<misses>3938001</misses>
				<total>127</total>
				<timestamp>826.155339</timestamp>
			</report>
			<report>
				<misses>3939001</misses>
				<total>128</total>
				<timestamp>826.365134</timestamp>
			</report>
			<report>
				<misses>3940001</misses>
				<total>128</total>
				<timestamp>826.574915</timestamp>
			</report>
			<report>
				<misses>3941001</misses>
				<total>128</total>
				<timestamp>826.784679</timestamp>
			</report>
			<report>
				<misses>3942001</misses>
				<total>128</total>
				<timestamp>826.994497</timestamp>
			</report>
			<report>
				<misses>3943001</misses>
				<total>128</total>
				<timestamp>827.204376</timestamp>
			</report>
			<report>
				<misses>3944001</misses>
				<total>128</total>
				<timestamp>827.414043</timestamp>
			</report>
			<report>
				<misses>3945001</misses>
				<total>127</total>
				<timestamp>827.623872</timestamp>
			</report>
			<report>
				<misses>3946001</misses>
				<total>128</total>
				<timestamp>827.833652</timestamp>
			</report>
			<report>
				<misses>3947001</misses>
				<total>128</total>
				<timestamp>828.043452</timestamp>
			</report>
			<report>
				<misses>3948001</misses>
				<total>128</total>
				<timestamp>828.253237</timestamp>
			</report>
			<report>
				<misses>3949001</misses>
				<total>128</total>
				<timestamp>828.463024</timestamp>
			</report>
			<report>
				<misses>3950001</misses>
				<total>128</total>
				<timestamp>828.672816</timestamp>
			</report>
			<report>
				<misses>3951001</misses>
				<total>128</total>
				<timestamp>828.882605</timestamp>
			</report>
			<report>
				<misses>3952001</misses>
				<total>128</total>
				<timestamp>829.092394</timestamp>
			</report>
			<report>
				<misses>3953001</misses>
				<total>128</total>
				<timestamp>829.302265</timestamp>
			</report>
			<report>
				<misses>3954001</misses>
				<total>128</total>
				<timestamp>829.512063</timestamp>
			</report>
			<report>
				<misses>3955001</misses>
				<total>128</total>
				<timestamp>829.721725</timestamp>
			</report>
			<report>
				<misses>3956001</misses>
				<total>128</total>
				<timestamp>829.931557</timestamp>
			</report>
			<report>
				<misses>3957001</misses>
				<total>128</total>
				<timestamp>830.141347</timestamp>
			</report>
			<report>
				<misses>3958001</misses>
				<total>128</total>
				<timestamp>830.351131</timestamp>
			</report>
			<report>
				<misses>3959001</misses>
				<total>128</total>
				<timestamp>830.560886</timestamp>
			</report>
			<report>
				<misses>3960001</misses>
				<total>128</total>
				<timestamp>830.770693</timestamp>
			</report>
			<report>
				<misses>3961001</misses>
				<total>128</total>
				<timestamp>830.980601</timestamp>
			</report>
			<report>
				<misses>3962001</misses>
				<total>128</total>
				<timestamp>831.190301</timestamp>
			</report>
			<report>
				<misses>3963001</misses>
				<total>128</total>
				<timestamp>831.400051</timestamp>
			</report>
			<report>
				<misses>3964001</misses>
				<total>128</total>
				<timestamp>831.609875</timestamp>
			</report>
			<report>
				<misses>3965001</misses>
				<total>128</total>
				<timestamp>831.819665</timestamp>
			</report>
			<report>
				<misses>3966001</misses>
				<total>128</total>
				<timestamp>832.029460</timestamp>
			</report>
			<report>
				<misses>3967001</misses>
				<total>128</total>
				<timestamp>832.239247</timestamp>
			</report>
			<report>
				<misses>3968001</misses>
				<total>128</total>
				<timestamp>832.449034</timestamp>
			</report>
			<report>
				<misses>3969001</misses>
				<total>128</total>
				<timestamp>832.658829</timestamp>
			</report>
			<report>
				<misses>3970001</misses>
				<total>128</total>
				<timestamp>832.868631</timestamp>
			</report>
			<report>
				<misses>3971001</misses>
				<total>128</total>
				<timestamp>833.078410</timestamp>
			</report>
			<report>
				<misses>3972001</misses>
				<total>128</total>
				<timestamp>833.288218</timestamp>
			</report>
			<report>
				<misses>3973001</misses>
				<total>128</total>
				<timestamp>833.497982</timestamp>
			</report>
			<report>
				<misses>3974001</misses>
				<total>128</total>
				<timestamp>833.707773</timestamp>
			</report>
			<report>
				<misses>3975001</misses>
				<total>128</total>
				<timestamp>833.917567</timestamp>
			</report>
			<report>
				<misses>3976001</misses>
				<total>128</total>
				<timestamp>834.127354</timestamp>
			</report>
			<report>
				<misses>3977001</misses>
				<total>127</total>
				<timestamp>834.337149</timestamp>
			</report>
			<report>
				<misses>3978001</misses>
				<total>128</total>
				<timestamp>834.546937</timestamp>
			</report>
			<report>
				<misses>3979001</misses>
				<total>128</total>
				<timestamp>834.756724</timestamp>
			</report>
			<report>
				<misses>3980001</misses>
				<total>128</total>
				<timestamp>834.966515</timestamp>
			</report>
			<report>
				<misses>3981001</misses>
				<total>128</total>
				<timestamp>835.176391</timestamp>
			</report>
			<report>
				<misses>3982001</misses>
				<total>128</total>
				<timestamp>835.386075</timestamp>
			</report>
			<report>
				<misses>3983001</misses>
				<total>128</total>
				<timestamp>835.595893</timestamp>
			</report>
			<report>
				<misses>3984001</misses>
				<total>128</total>
				<timestamp>835.805677</timestamp>
			</report>
			<report>
				<misses>3985001</misses>
				<total>128</total>
				<timestamp>836.015471</timestamp>
			</report>
			<report>
				<misses>3986001</misses>
				<total>128</total>
				<timestamp>836.225353</timestamp>
			</report>
			<report>
				<misses>3987001</misses>
				<total>128</total>
				<timestamp>836.435056</timestamp>
			</report>
			<report>
				<misses>3988001</misses>
				<total>128</total>
				<timestamp>836.644933</timestamp>
			</report>
			<report>
				<misses>3989001</misses>
				<total>128</total>
				<timestamp>836.854713</timestamp>
			</report>
			<report>
				<misses>3990001</misses>
				<total>128</total>
				<timestamp>837.064500</timestamp>
			</report>
			<report>
				<misses>3991001</misses>
				<total>128</total>
				<timestamp>837.274296</timestamp>
			</report>
			<report>
				<misses>3992001</misses>
				<total>128</total>
				<timestamp>837.484008</timestamp>
			</report>
			<report>
				<misses>3993001</misses>
				<total>128</total>
				<timestamp>837.693746</timestamp>
			</report>
			<report>
				<misses>3994001</misses>
				<total>128</total>
				<timestamp>837.903660</timestamp>
			</report>
			<report>
				<misses>3995001</misses>
				<total>128</total>
				<timestamp>838.113369</timestamp>
			</report>
			<report>
				<misses>3996001</misses>
				<total>128</total>
				<timestamp>838.323162</timestamp>
			</report>
			<report>
				<misses>3997001</misses>
				<total>128</total>
				<timestamp>838.532912</timestamp>
			</report>
			<report>
				<misses>3998001</misses>
				<total>128</total>
				<timestamp>838.742738</timestamp>
			</report>
			<report>
				<misses>3999001</misses>
				<total>128</total>
				<timestamp>838.952531</timestamp>
			</report>
			<report>
				<misses>4000001</misses>
				<total>128</total>
				<timestamp>839.162401</timestamp>
			</report>
			<report>
				<misses>4001001</misses>
				<total>128</total>
				<timestamp>839.372113</timestamp>
			</report>
			<report>
				<misses>4002001</misses>
				<total>128</total>
				<timestamp>839.581980</timestamp>
			</report>
			<report>
				<misses>4003001</misses>
				<total>128</total>
				<timestamp>839.791641</timestamp>
			</report>
			<report>
				<misses>4004001</misses>
				<total>128</total>
				<timestamp>840.001489</timestamp>
			</report>
			<report>
				<misses>4005001</misses>
				<total>128</total>
				<timestamp>840.211299</timestamp>
			</report>
			<report>
				<misses>4006001</misses>
				<total>128</total>
				<timestamp>840.421018</timestamp>
			</report>
			<report>
				<misses>4007001</misses>
				<total>128</total>
				<timestamp>840.630799</timestamp>
			</report>
			<report>
				<misses>4008001</misses>
				<total>128</total>
				<timestamp>840.840598</timestamp>
			</report>
			<report>
				<misses>4009001</misses>
				<total>128</total>
				<timestamp>841.050434</timestamp>
			</report>
			<report>
				<misses>4010001</misses>
				<total>128</total>
				<timestamp>841.260222</timestamp>
			</report>
			<report>
				<misses>4011001</misses>
				<total>128</total>
				<timestamp>841.469961</timestamp>
			</report>
			<report>
				<misses>4012001</misses>
				<total>128</total>
				<timestamp>841.679761</timestamp>
			</report>
			<report>
				<misses>4013001</misses>
				<total>128</total>
				<timestamp>841.889549</timestamp>
			</report>
			<report>
				<misses>4014001</misses>
				<total>128</total>
				<timestamp>842.099350</timestamp>
			</report>
			<report>
				<misses>4015001</misses>
				<total>128</total>
				<timestamp>842.309123</timestamp>
			</report>
			<report>
				<misses>4016001</misses>
				<total>128</total>
				<timestamp>842.518923</timestamp>
			</report>
			<report>
				<misses>4017001</misses>
				<total>130</total>
				<timestamp>842.728739</timestamp>
			</report>
			<report>
				<misses>4018001</misses>
				<total>130</total>
				<timestamp>842.938510</timestamp>
			</report>
			<report>
				<misses>4019001</misses>
				<total>132</total>
				<timestamp>843.148306</timestamp>
			</report>
			<report>
				<misses>4020001</misses>
				<total>132</total>
				<timestamp>843.358107</timestamp>
			</report>
			<report>
				<misses>4021001</misses>
				<total>132</total>
				<timestamp>843.567868</timestamp>
			</report>
			<report>
				<misses>4022001</misses>
				<total>132</total>
				<timestamp>843.777656</timestamp>
			</report>
			<report>
				<misses>4023001</misses>
				<total>131</total>
				<timestamp>843.987514</timestamp>
			</report>
			<report>
				<misses>4024001</misses>
				<total>132</total>
				<timestamp>844.197279</timestamp>
			</report>
			<report>
				<misses>4025001</misses>
				<total>132</total>
				<timestamp>844.407021</timestamp>
			</report>
			<report>
				<misses>4026001</misses>
				<total>132</total>
				<timestamp>844.616832</timestamp>
			</report>
			<report>
				<misses>4027001</misses>
				<total>132</total>
				<timestamp>844.826648</timestamp>
			</report>
			<report>
				<misses>4028001</misses>
				<total>132</total>
				<timestamp>845.036414</timestamp>
			</report>
			<report>
				<misses>4029001</misses>
				<total>132</total>
				<timestamp>845.246232</timestamp>
			</report>
			<report>
				<misses>4030001</misses>
				<total>132</total>
				<timestamp>845.455974</timestamp>
			</report>
			<report>
				<misses>4031001</misses>
				<total>132</total>
				<timestamp>845.665789</timestamp>
			</report>
			<report>
				<misses>4032001</misses>
				<total>132</total>
				<timestamp>845.875568</timestamp>
			</report>
			<report>
				<misses>4033001</misses>
				<total>132</total>
				<timestamp>846.085412</timestamp>
			</report>
			<report>
				<misses>4034001</misses>
				<total>132</total>
				<timestamp>846.295156</timestamp>
			</report>
			<report>
				<misses>4035001</misses>
				<total>132</total>
				<timestamp>846.504918</timestamp>
			</report>
			<report>
				<misses>4036001</misses>
				<total>132</total>
				<timestamp>846.714719</timestamp>
			</report>
			<report>
				<misses>4037001</misses>
				<total>132</total>
				<timestamp>846.924503</timestamp>
			</report>
			<report>
				<misses>4038001</misses>
				<total>132</total>
				<timestamp>847.134334</timestamp>
			</report>
			<report>
				<misses>4039001</misses>
				<total>132</total>
				<timestamp>847.344109</timestamp>
			</report>
			<report>
				<misses>4040001</misses>
				<total>132</total>
				<timestamp>847.553862</timestamp>
			</report>
			<report>
				<misses>4041001</misses>
				<total>132</total>
				<timestamp>847.763669</timestamp>
			</report>
			<report>
				<misses>4042001</misses>
				<total>132</total>
				<timestamp>847.973471</timestamp>
			</report>
			<report>
				<misses>4043001</misses>
				<total>132</total>
				<timestamp>848.183277</timestamp>
			</report>
			<report>
				<misses>4044001</misses>
				<total>132</total>
				<timestamp>848.393057</timestamp>
			</report>
			<report>
				<misses>4045001</misses>
				<total>132</total>
				<timestamp>848.602818</timestamp>
			</report>
			<report>
				<misses>4046001</misses>
				<total>132</total>
				<timestamp>848.812637</timestamp>
			</report>
			<report>
				<misses>4047001</misses>
				<total>131</total>
				<timestamp>849.022415</timestamp>
			</report>
			<report>
				<misses>4048001</misses>
				<total>132</total>
				<timestamp>849.232244</timestamp>
			</report>
			<report>
				<misses>4049001</misses>
				<total>132</total>
				<timestamp>849.441999</timestamp>
			</report>
			<report>
				<misses>4050001</misses>
				<total>132</total>
				<timestamp>849.651795</timestamp>
			</report>
			<report>
				<misses>4051001</misses>
				<total>132</total>
				<timestamp>849.861571</timestamp>
			</report>
			<report>
				<misses>4052001</misses>
				<total>132</total>
				<timestamp>850.071379</timestamp>
			</report>
			<report>
				<misses>4053001</misses>
				<total>132</total>
				<timestamp>850.281174</timestamp>
			</report>
			<report>
				<misses>4054001</misses>
				<total>132</total>
				<timestamp>850.490951</timestamp>
			</report>
			<report>
				<misses>4055001</misses>
				<total>132</total>
				<timestamp>850.700716</timestamp>
			</report>
			<report>
				<misses>4056001</misses>
				<total>132</total>
				<timestamp>850.910538</timestamp>
			</report>
			<report>
				<misses>4057001</misses>
				<total>132</total>
				<timestamp>851.120350</timestamp>
			</report>
			<report>
				<misses>4058001</misses>
				<total>132</total>
				<timestamp>851.330105</timestamp>
			</report>
			<report>
				<misses>4059001</misses>
				<total>132</total>
				<timestamp>851.539879</timestamp>
			</report>
			<report>
				<misses>4060001</misses>
				<total>134</total>
				<timestamp>851.749687</timestamp>
			</report>
			<report>
				<misses>4061001</misses>
				<total>134</total>
				<timestamp>851.959480</timestamp>
			</report>
			<report>
				<misses>4062001</misses>
				<total>134</total>
				<timestamp>852.169269</timestamp>
			</report>
			<report>
				<misses>4063001</misses>
				<total>134</total>
				<timestamp>852.379075</timestamp>
			</report>
			<report>
				<misses>4064001</misses>
				<total>134</total>
				<timestamp>852.588842</timestamp>
			</report>
			<report>
				<misses>4065001</misses>
				<total>134</total>
				<timestamp>852.798644</timestamp>
			</report>
			<report>
				<misses>4066001</misses>
				<total>134</total>
				<timestamp>853.008410</timestamp>
			</report>
			<report>
				<misses>4067001</misses>
				<total>134</total>
				<timestamp>853.218239</timestamp>
			</report>
			<report>
				<misses>4068001</misses>
				<total>134</total>
				<timestamp>853.428038</timestamp>
			</report>
			<report>
				<misses>4069001</misses>
				<total>134</total>
				<timestamp>853.637791</timestamp>
			</report>
			<report>
				<misses>4070001</misses>
				<total>134</total>
				<timestamp>853.847575</timestamp>
			</report>
			<report>
				<misses>4071001</misses>
				<total>134</total>
				<timestamp>854.057376</timestamp>
			</report>
			<report>
				<misses>4072001</misses>
				<total>134</total>
				<timestamp>854.267228</timestamp>
			</report>
			<report>
				<misses>4073001</misses>
				<total>134</total>
				<timestamp>854.476957</timestamp>
			</report>
			<report>
				<misses>4074001</misses>
				<total>134</total>
				<timestamp>854.686740</timestamp>
			</report>
			<report>
				<misses>4075001</misses>
				<total>134</total>
				<timestamp>854.896541</timestamp>
			</report>
			<report>
				<misses>4076001</misses>
				<total>134</total>
				<timestamp>855.106326</timestamp>
			</report>
			<report>
				<misses>4077001</misses>
				<total>134</total>
				<timestamp>855.316161</timestamp>
			</report>
			<report>
				<misses>4078001</misses>
				<total>134</total>
				<timestamp>855.525909</timestamp>
			</report>
			<report>
				<misses>4079001</misses>
				<total>134</total>
				<timestamp>855.735693</timestamp>
			</report>
			<report>
				<misses>4080001</misses>
				<total>134</total>
				<timestamp>855.945523</timestamp>
			</report>
			<report>
				<misses>4081001</misses>
				<total>134</total>
				<timestamp>856.155280</timestamp>
			</report>
			<report>
				<misses>4082001</misses>
				<total>134</total>
				<timestamp>856.365051</timestamp>
			</report>
			<report>
				<misses>4083001</misses>
				<total>134</total>
				<timestamp>856.574840</timestamp>
			</report>
			<report>
				<misses>4084001</misses>
				<total>134</total>
				<timestamp>856.784621</timestamp>
			</report>
			<report>
				<misses>4085001</misses>
				<total>134</total>
				<timestamp>856.994429</timestamp>
			</report>
			<report>
				<misses>4086001</misses>
				<total>134</total>
				<timestamp>857.204279</timestamp>
			</report>
			<report>
				<misses>4087001</misses>
				<total>134</total>
				<timestamp>857.414002</timestamp>
			</report>
			<report>
				<misses>4088001</misses>
				<total>134</total>
				<timestamp>857.623794</timestamp>
			</report>
			<report>
				<misses>4089001</misses>
				<total>134</total>
				<timestamp>857.833603</timestamp>
			</report>
			<report>
				<misses>4090001</misses>
				<total>134</total>
				<timestamp>858.043370</timestamp>
			</report>
			<report>
				<misses>4091001</misses>
				<total>134</total>
				<timestamp>858.253182</timestamp>
			</report>
			<report>
				<misses>4092001</misses>
				<total>134</total>
				<timestamp>858.462992</timestamp>
			</report>
			<report>
				<misses>4093001</misses>
				<total>134</total>
				<timestamp>858.672781</timestamp>
			</report>
			<report>
				<misses>4094001</misses>
				<total>134</total>
				<timestamp>858.882546</timestamp>
			</report>
			<report>
				<misses>4095001</misses>
				<total>134</total>
				<timestamp>859.092330</timestamp>
			</report>
			<report>
				<misses>4096001</misses>
				<total>134</total>
				<timestamp>859.302161</timestamp>
			</report>
			<report>
				<misses>4097001</misses>
				<total>134</total>
				<timestamp>859.511910</timestamp>
			</report>
			<report>
				<misses>4098001</misses>
				<total>134</total>
				<timestamp>859.721689</timestamp>
			</report>
			<report>
				<misses>4099001</misses>
				<total>134</total>
				<timestamp>859.931498</timestamp>
			</report>
			<report>
				<misses>4100001</misses>
				<total>134</total>
				<timestamp>860.141310</timestamp>
			</report>
			<report>
				<misses>4101001</misses>
				<total>133</total>
				<timestamp>860.351113</timestamp>
			</report>
			<report>
				<misses>4102001</misses>
				<total>134</total>
				<timestamp>860.560857</timestamp>
			</report>
			<report>
				<misses>4103001</misses>
				<total>134</total>
				<timestamp>860.770693</timestamp>
			</report>
			<report>
				<misses>4104001</misses>
				<total>134</total>
				<timestamp>860.980448</timestamp>
			</report>
			<report>
				<misses>4105001</misses>
				<total>134</total>
				<timestamp>861.190240</timestamp>
			</report>
			<report>
				<misses>4106001</misses>
				<total>134</total>
				<timestamp>861.400066</timestamp>
			</report>
			<report>
				<misses>4107001</misses>
				<total>134</total>
				<timestamp>861.609814</timestamp>
			</report>
			<report>
				<misses>4108001</misses>
				<total>134</total>
				<timestamp>861.819590</timestamp>
			</report>
			<report>
				<misses>4109001</misses>
				<total>134</total>
				<timestamp>862.029428</timestamp>
			</report>
			<report>
				<misses>4110001</misses>
				<total>134</total>
				<timestamp>862.239184</timestamp>
			</report>
			<report>
				<misses>4111001</misses>
				<total>134</total>
				<timestamp>862.448956</timestamp>
			</report>
			<report>
				<misses>4112001</misses>
				<total>134</total>
				<timestamp>862.658761</timestamp>
			</report>
			<report>
				<misses>4113001</misses>
				<total>134</total>
				<timestamp>862.868555</timestamp>
			</report>
			<report>
				<misses>4114001</misses>
				<total>134</total>
				<timestamp>863.078331</timestamp>
			</report>
			<report>
				<misses>4115001</misses>
				<total>134</total>
				<timestamp>863.288185</timestamp>
			</report>
			<report>
				<misses>4116001</misses>
				<total>134</total>
				<timestamp>863.497910</timestamp>
			</report>
			<report>
				<misses>4117001</misses>
				<total>134</total>
				<timestamp>863.707739</timestamp>
			</report>
			<report>
				<misses>4118001</misses>
				<total>134</total>
				<timestamp>863.917491</timestamp>
			</report>
			<report>
				<misses>4119001</misses>
				<total>134</total>
				<timestamp>864.127305</timestamp>
			</report>
			<report>
				<misses>4120001</misses>
				<total>134</total>
				<timestamp>864.337071</timestamp>
			</report>
			<report>
				<misses>4121001</misses>
				<total>134</total>
				<timestamp>864.546857</timestamp>
			</report>
			<report>
				<misses>4122001</misses>
				<total>134</total>
				<timestamp>864.756669</timestamp>
			</report>
			<report>
				<misses>4123001</misses>
				<total>133</total>
				<timestamp>864.966498</timestamp>
			</report>
			<report>
				<misses>4124001</misses>
				<total>134</total>
				<timestamp>865.176277</timestamp>
			</report>
			<report>
				<misses>4125001</misses>
				<total>134</total>
				<timestamp>865.386037</timestamp>
			</report>
			<report>
				<misses>4126001</misses>
				<total>134</total>
				<timestamp>865.595811</timestamp>
			</report>
			<report>
				<misses>4127001</misses>
				<total>134</total>
				<timestamp>865.805620</timestamp>
			</report>
			<report>
				<misses>4128001</misses>
				<total>134</total>
				<timestamp>866.015397</timestamp>
			</report>
			<report>
				<misses>4129001</misses>
				<total>134</total>
				<timestamp>866.225313</timestamp>
			</report>
			<report>
				<misses>4130001</misses>
				<total>134</total>
				<timestamp>866.435013</timestamp>
			</report>
			<report>
				<misses>4131001</misses>
				<total>134</total>
				<timestamp>866.644812</timestamp>
			</report>
			<report>
				<misses>4132001</misses>
				<total>134</total>
				<timestamp>866.854681</timestamp>
			</report>
			<report>
				<misses>4133001</misses>
				<total>134</total>
				<timestamp>867.064473</timestamp>
			</report>
			<report>
				<misses>4134001</misses>
				<total>134</total>
				<timestamp>867.274140</timestamp>
			</report>
			<report>
				<misses>4135001</misses>
				<total>134</total>
				<timestamp>867.483934</timestamp>
			</report>
			<report>
				<misses>4136001</misses>
				<total>134</total>
				<timestamp>867.693835</timestamp>
			</report>
			<report>
				<misses>4137001</misses>
				<total>134</total>
				<timestamp>867.903591</timestamp>
			</report>
			<report>
				<misses>4138001</misses>
				<total>134</total>
				<timestamp>868.113343</timestamp>
			</report>
			<report>
				<misses>4139001</misses>
				<total>134</total>
				<timestamp>868.323133</timestamp>
			</report>
			<report>
				<misses>4140001</misses>
				<total>134</total>
				<timestamp>868.532929</timestamp>
			</report>
			<report>
				<misses>4141001</misses>
				<total>134</total>
				<timestamp>868.742677</timestamp>
			</report>
			<report>
				<misses>4142001</misses>
				<total>134</total>
				<timestamp>868.952498</timestamp>
			</report>
			<report>
				<misses>4143001</misses>
				<total>134</total>
				<timestamp>869.162289</timestamp>
			</report>
			<report>
				<misses>4144001</misses>
				<total>134</total>
				<timestamp>869.372086</timestamp>
			</report>
			<report>
				<misses>4145001</misses>
				<total>134</total>
				<timestamp>869.581837</timestamp>
			</report>
			<report>
				<misses>4146001</misses>
				<total>134</total>
				<timestamp>869.791745</timestamp>
			</report>
			<report>
				<misses>4147001</misses>
				<total>134</total>
				<timestamp>870.001457</timestamp>
			</report>
			<report>
				<misses>4148001</misses>
				<total>133</total>
				<timestamp>870.211241</timestamp>
			</report>
			<report>
				<misses>4149001</misses>
				<total>133</total>
				<timestamp>870.421042</timestamp>
			</report>
			<report>
				<misses>4150001</misses>
				<total>134</total>
				<timestamp>870.630901</timestamp>
			</report>
			<report>
				<misses>4151001</misses>
				<total>134</total>
				<timestamp>870.840583</timestamp>
			</report>
			<report>
				<misses>4152001</misses>
				<total>134</total>
				<timestamp>871.050483</timestamp>
			</report>
			<report>
				<misses>4153001</misses>
				<total>134</total>
				<timestamp>871.260162</timestamp>
			</report>
			<report>
				<misses>4154001</misses>
				<total>134</total>
				<timestamp>871.469976</timestamp>
			</report>
			<report>
				<misses>4155001</misses>
				<total>134</total>
				<timestamp>871.679744</timestamp>
			</report>
			<report>
				<misses>4156001</misses>
				<total>134</total>
				<timestamp>871.889560</timestamp>
			</report>
			<report>
				<misses>4157001</misses>
				<total>134</total>
				<timestamp>872.099368</timestamp>
			</report>
			<report>
				<misses>4158001</misses>
				<total>134</total>
				<timestamp>872.309146</timestamp>
			</report>
			<report>
				<misses>4159001</misses>
				<total>134</total>
				<timestamp>872.518930</timestamp>
			</report>
			<report>
				<misses>4160001</misses>
				<total>134</total>
				<timestamp>872.728719</timestamp>
			</report>
			<report>
				<misses>4161001</misses>
				<total>136</total>
				<timestamp>872.938521</timestamp>
			</report>
			<report>
				<misses>4162001</misses>
				<total>136</total>
				<timestamp>873.148301</timestamp>
			</report>
			<report>
				<misses>4163001</misses>
				<total>136</total>
				<timestamp>873.358174</timestamp>
			</report>
			<report>
				<misses>4164001</misses>
				<total>135</total>
				<timestamp>873.567965</timestamp>
			</report>
			<report>
				<misses>4165001</misses>
				<total>136</total>
				<timestamp>873.777641</timestamp>
			</report>
			<report>
				<misses>4166001</misses>
				<total>136</total>
				<timestamp>873.987456</timestamp>
			</report>
			<report>
				<misses>4167001</misses>
				<total>136</total>
				<timestamp>874.197329</timestamp>
			</report>
			<report>
				<misses>4168001</misses>
				<total>136</total>
				<timestamp>874.407123</timestamp>
			</report>
			<report>
				<misses>4169001</misses>
				<total>136</total>
				<timestamp>874.616787</timestamp>
			</report>
			<report>
				<misses>4170001</misses>
				<total>136</total>
				<timestamp>874.826615</timestamp>
			</report>
			<report>
				<misses>4171001</misses>
				<total>136</total>
				<timestamp>875.036366</timestamp>
			</report>
			<report>
				<misses>4172001</misses>
				<total>136</total>
				<timestamp>875.246197</timestamp>
			</report>
			<report>
				<misses>4173001</misses>
				<total>136</total>
				<timestamp>875.456071</timestamp>
			</report>
			<report>
				<misses>4174001</misses>
				<total>136</total>
				<timestamp>875.665743</timestamp>
			</report>
			<report>
				<misses>4175001</misses>
				<total>136</total>
				<timestamp>875.875527</timestamp>
			</report>
			<report>
				<misses>4176001</misses>
				<total>136</total>
				<timestamp>876.085360</timestamp>
			</report>
			<report>
				<misses>4177001</misses>
				<total>136</total>
				<timestamp>876.295227</timestamp>
			</report>
			<report>
				<misses>4178001</misses>
				<total>136</total>
				<timestamp>876.505021</timestamp>
			</report>
			<report>
				<misses>4179001</misses>
				<total>136</total>
				<timestamp>876.714726</timestamp>
			</report>
			<report>
				<misses>4180001</misses>
				<total>136</total>
				<timestamp>876.924513</timestamp>
			</report>
			<report>
				<misses>4181001</misses>
				<total>136</total>
				<timestamp>877.134392</timestamp>
			</report>
			<report>
				<misses>4182001</misses>
				<total>136</total>
				<timestamp>877.344177</timestamp>
			</report>
			<report>
				<misses>4183001</misses>
				<total>136</total>
				<timestamp>877.553849</timestamp>
			</report>
			<report>
				<misses>4184001</misses>
				<total>136</total>
				<timestamp>877.763677</timestamp>
			</report>
			<report>
				<misses>4185001</misses>
				<total>136</total>
				<timestamp>877.973547</timestamp>
			</report>
			<report>
				<misses>4186001</misses>
				<total>136</total>
				<timestamp>878.183341</timestamp>
			</report>
			<report>
				<misses>4187001</misses>
				<total>136</total>
				<timestamp>878.393049</timestamp>
			</report>
			<report>
				<misses>4188001</misses>
				<total>136</total>
				<timestamp>878.602831</timestamp>
			</report>
			<report>
				<misses>4189001</misses>
				<total>135</total>
				<timestamp>878.812633</timestamp>
			</report>
			<report>
				<misses>4190001</misses>
				<total>136</total>
				<timestamp>879.022497</timestamp>
			</report>
			<report>
				<misses>4191001</misses>
				<total>136</total>
				<timestamp>879.232285</timestamp>
			</report>
			<report>
				<misses>4192001</misses>
				<total>135</total>
				<timestamp>879.442078</timestamp>
			</report>
			<report>
				<misses>4193001</misses>
				<total>136</total>
				<timestamp>879.651746</timestamp>
			</report>
			<report>
				<misses>4194001</misses>
				<total>136</total>
				<timestamp>879.861574</timestamp>
			</report>
			<report>
				<misses>4195001</misses>
				<total>136</total>
				<timestamp>880.071361</timestamp>
			</report>
			<report>
				<misses>4196001</misses>
				<total>136</total>
				<timestamp>880.281155</timestamp>
			</report>
			<report>
				<misses>4197001</misses>
				<total>136</total>
				<timestamp>880.490906</timestamp>
			</report>
			<report>
				<misses>4198001</misses>
				<total>136</total>
				<timestamp>880.700741</timestamp>
			</report>
			<report>
				<misses>4199001</misses>
				<total>136</total>
				<timestamp>880.910487</timestamp>
			</report>
			<report>
				<misses>4200001</misses>
				<total>136</total>
				<timestamp>881.120318</timestamp>
			</report>
			<report>
				<misses>4201001</misses>
				<total>136</total>
				<timestamp>881.330071</timestamp>
			</report>
			<report>
				<misses>4202001</misses>
				<total>136</total>
				<timestamp>881.539861</timestamp>
			</report>
			<report>
				<misses>4203001</misses>
				<total>136</total>
				<timestamp>881.749687</timestamp>
			</report>
			<report>
				<misses>4204001</misses>
				<total>136</total>
				<timestamp>881.959481</timestamp>
			</report>
			<report>
				<misses>4205001</misses>
				<total>136</total>
				<timestamp>882.169358</timestamp>
			</report>
			<report>
				<misses>4206001</misses>
				<total>136</total>
				<timestamp>882.379146</timestamp>
			</report>
			<report>
				<misses>4207001</misses>
				<total>136</total>
				<timestamp>882.588855</timestamp>
			</report>
			<report>
				<misses>4208001</misses>
				<total>137</total>
				<timestamp>882.798726</timestamp>
			</report>
			<report>
				<misses>4209001</misses>
				<total>137</total>
				<timestamp>883.008395</timestamp>
			</report>
			<report>
				<misses>4210001</misses>
				<total>137</total>
				<timestamp>883.218305</timestamp>
			</report>
			<report>
				<misses>4211001</misses>
				<total>137</total>
				<timestamp>883.428090</timestamp>
			</report>
			<report>
				<misses>4212001</misses>
				<total>137</total>
				<timestamp>883.637884</timestamp>
			</report>
			<report>
				<misses>4213001</misses>
				<total>137</total>
				<timestamp>883.847669</timestamp>
			</report>
			<report>
				<misses>4214001</misses>
				<total>137</total>
				<timestamp>884.057348</timestamp>
			</report>
			<report>
				<misses>4215001</misses>
				<total>137</total>
				<timestamp>884.267255</timestamp>
			</report>
			<report>
				<misses>4216001</misses>
				<total>137</total>
				<timestamp>884.477049</timestamp>
			</report>
			<report>
				<misses>4217001</misses>
				<total>137</total>
				<timestamp>884.686710</timestamp>
			</report>
			<report>
				<misses>4218001</misses>
				<total>137</total>
				<timestamp>884.896545</timestamp>
			</report>
			<report>
				<misses>4219001</misses>
				<total>137</total>
				<timestamp>885.106327</timestamp>
			</report>
			<report>
				<misses>4220001</misses>
				<total>137</total>
				<timestamp>885.316118</timestamp>
			</report>
			<report>
				<misses>4221001</misses>
				<total>137</total>
				<timestamp>885.525912</timestamp>
			</report>
			<report>
				<misses>4222001</misses>
				<total>137</total>
				<timestamp>885.735705</timestamp>
			</report>
			<report>
				<misses>4223001</misses>
				<total>137</total>
				<timestamp>885.945490</timestamp>
			</report>
			<report>
				<misses>4224001</misses>
				<total>137</total>
				<timestamp>886.155278</timestamp>
			</report>
			<report>
				<misses>4225001</misses>
				<total>140</total>
				<timestamp>886.365072</timestamp>
			</report>
			<report>
				<misses>4226001</misses>
				<total>140</total>
				<timestamp>886.574865</timestamp>
			</report>
			<report>
				<misses>4227001</misses>
				<total>140</total>
				<timestamp>886.784650</timestamp>
			</report>
			<report>
				<misses>4228001</misses>
				<total>140</total>
				<timestamp>886.994444</timestamp>
			</report>
			<report>
				<misses>4229001</misses>
				<total>140</total>
				<timestamp>887.204316</timestamp>
			</report>
			<report>
				<misses>4230001</misses>
				<total>140</total>
				<timestamp>887.414016</timestamp>
			</report>
			<report>
				<misses>4231001</misses>
				<total>143</total>
				<timestamp>887.623893</timestamp>
			</report>
			<report>
				<misses>4232001</misses>
				<total>143</total>
				<timestamp>887.833682</timestamp>
			</report>
			<report>
				<misses>4233001</misses>
				<total>143</total>
				<timestamp>888.043348</timestamp>
			</report>
			<report>
				<misses>4234001</misses>
				<total>143</total>
				<timestamp>888.253176</timestamp>
			</report>
			<report>
				<misses>4235001</misses>
				<total>143</total>
				<timestamp>888.463054</timestamp>
			</report>
			<report>
				<misses>4236001</misses>
				<total>143</total>
				<timestamp>888.672848</timestamp>
			</report>
			<report>
				<misses>4237001</misses>
				<total>143</total>
				<timestamp>888.882516</timestamp>
			</report>
			<report>
				<misses>4238001</misses>
				<total>143</total>
				<timestamp>889.092427</timestamp>
			</report>
			<report>
				<misses>4239001</misses>
				<total>143</total>
				<timestamp>889.302146</timestamp>
			</report>
			<report>
				<misses>4240001</misses>
				<total>143</total>
				<timestamp>889.511916</timestamp>
			</report>
			<report>
				<misses>4241001</misses>
				<total>143</total>
				<timestamp>889.721796</timestamp>
			</report>
			<report>
				<misses>4242001</misses>
				<total>143</total>
				<timestamp>889.931463</timestamp>
			</report>
			<report>
				<misses>4243001</misses>
				<total>143</total>
				<timestamp>890.141370</timestamp>
			</report>
			<report>
				<misses>4244001</misses>
				<total>143</total>
				<timestamp>890.351164</timestamp>
			</report>
			<report>
				<misses>4245001</misses>
				<total>143</total>
				<timestamp>890.560864</timestamp>
			</report>
			<report>
				<misses>4246001</misses>
				<total>143</total>
				<timestamp>890.770668</timestamp>
			</report>
			<report>
				<misses>4247001</misses>
				<total>143</total>
				<timestamp>890.980525</timestamp>
			</report>
			<report>
				<misses>4248001</misses>
				<total>143</total>
				<timestamp>891.190325</timestamp>
			</report>
			<report>
				<misses>4249001</misses>
				<total>143</total>
				<timestamp>891.400119</timestamp>
			</report>
			<report>
				<misses>4250001</misses>
				<total>143</total>
				<timestamp>891.609821</timestamp>
			</report>
			<report>
				<misses>4251001</misses>
				<total>143</total>
				<timestamp>891.819569</timestamp>
			</report>
			<report>
				<misses>4252001</misses>
				<total>143</total>
				<timestamp>892.029357</timestamp>
			</report>
			<report>
				<misses>4253001</misses>
				<total>143</total>
				<timestamp>892.239188</timestamp>
			</report>
			<report>
				<misses>4254001</misses>
				<total>143</total>
				<timestamp>892.449062</timestamp>
			</report>
			<report>
				<misses>4255001</misses>
				<total>143</total>
				<timestamp>892.658733</timestamp>
			</report>
			<report>
				<misses>4256001</misses>
				<total>143</total>
				<timestamp>892.868537</timestamp>
			</report>
			<report>
				<misses>4257001</misses>
				<total>143</total>
				<timestamp>893.078319</timestamp>
			</report>
			<report>
				<misses>4258001</misses>
				<total>143</total>
				<timestamp>893.288124</timestamp>
			</report>
			<report>
				<misses>4259001</misses>
				<total>143</total>
				<timestamp>893.497913</timestamp>
			</report>
			<report>
				<misses>4260001</misses>
				<total>142</total>
				<timestamp>893.707672</timestamp>
			</report>
			<report>
				<misses>4261001</misses>
				<total>144</total>
				<timestamp>893.917483</timestamp>
			</report>
			<report>
				<misses>4262001</misses>
				<total>144</total>
				<timestamp>894.127270</timestamp>
			</report>
			<report>
				<misses>4263001</misses>
				<total>144</total>
				<timestamp>894.337078</timestamp>
			</report>
			<report>
				<misses>4264001</misses>
				<total>144</total>
				<timestamp>894.546957</timestamp>
			</report>
			<report>
				<misses>4265001</misses>
				<total>144</total>
				<timestamp>894.756661</timestamp>
			</report>
			<report>
				<misses>4266001</misses>
				<total>144</total>
				<timestamp>894.966468</timestamp>
			</report>
			<report>
				<misses>4267001</misses>
				<total>144</total>
				<timestamp>895.176335</timestamp>
			</report>
			<report>
				<misses>4268001</misses>
				<total>144</total>
				<timestamp>895.386125</timestamp>
			</report>
			<report>
				<misses>4269001</misses>
				<total>144</total>
				<timestamp>895.595786</timestamp>
			</report>
			<report>
				<misses>4270001</misses>
				<total>144</total>
				<timestamp>895.805623</timestamp>
			</report>
			<report>
				<misses>4271001</misses>
				<total>144</total>
				<timestamp>896.015403</timestamp>
			</report>
			<report>
				<misses>4272001</misses>
				<total>144</total>
				<timestamp>896.225279</timestamp>
			</report>
			<report>
				<misses>4273001</misses>
				<total>144</total>
				<timestamp>896.435079</timestamp>
			</report>
			<report>
				<misses>4274001</misses>
				<total>144</total>
				<timestamp>896.644734</timestamp>
			</report>
			<report>
				<misses>4275001</misses>
				<total>144</total>
				<timestamp>896.854562</timestamp>
			</report>
			<report>
				<misses>4276001</misses>
				<total>144</total>
				<timestamp>897.064356</timestamp>
			</report>
			<report>
				<misses>4277001</misses>
				<total>144</total>
				<timestamp>897.274161</timestamp>
			</report>
			<report>
				<misses>4278001</misses>
				<total>144</total>
				<timestamp>897.484028</timestamp>
			</report>
			<report>
				<misses>4279001</misses>
				<total>144</total>
				<timestamp>897.693687</timestamp>
			</report>
			<report>
				<misses>4280001</misses>
				<total>144</total>
				<timestamp>897.903482</timestamp>
			</report>
			<report>
				<misses>4281001</misses>
				<total>144</total>
				<timestamp>898.113388</timestamp>
			</report>
			<report>
				<misses>4282001</misses>
				<total>144</total>
				<timestamp>898.323178</timestamp>
			</report>
			<report>
				<misses>4283001</misses>
				<total>144</total>
				<timestamp>898.532967</timestamp>
			</report>
			<report>
				<misses>4284001</misses>
				<total>144</total>
				<timestamp>898.742765</timestamp>
			</report>
			<report>
				<misses>4285001</misses>
				<total>144</total>
				<timestamp>898.952554</timestamp>
			</report>
			<report>
				<misses>4286001</misses>
				<total>144</total>
				<timestamp>899.162264</timestamp>
			</report>
			<report>
				<misses>4287001</misses>
				<total>144</total>
				<timestamp>899.372055</timestamp>
			</report>
			<report>
				<misses>4288001</misses>
				<total>144</total>
				<timestamp>899.581842</timestamp>
			</report>
			<report>
				<misses>4289001</misses>
				<total>144</total>
				<timestamp>899.791588</timestamp>
			</report>
			<report>
				<misses>4290001</misses>
				<total>144</total>
				<timestamp>900.001422</timestamp>
			</report>
			<report>
				<misses>4291001</misses>
				<total>144</total>
				<timestamp>900.211176</timestamp>
			</report>
			<report>
				<misses>4292001</misses>
				<total>144</total>
				<timestamp>900.421003</timestamp>
			</report>
			<report>
				<misses>4293001</misses>
				<total>144</total>
				<timestamp>900.630754</timestamp>
			</report>
			<report>
				<misses>4294001</misses>
				<total>144</total>
				<timestamp>900.840580</timestamp>
			</report>
			<report>
				<misses>4295001</misses>
				<total>144</total>
				<timestamp>901.050379</timestamp>
			</report>
			<report>
				<misses>4296001</misses>
				<total>144</total>
				<timestamp>901.260156</timestamp>
			</report>
			<report>
				<misses>4297001</misses>
				<total>144</total>
				<timestamp>901.470032</timestamp>
			</report>
			<report>
				<misses>4298001</misses>
				<total>144</total>
				<timestamp>901.679742</timestamp>
			</report>
			<report>
				<misses>4299001</misses>
				<total>144</total>
				<timestamp>901.889525</timestamp>
			</report>
			<report>
				<misses>4300001</misses>
				<total>143</total>
				<timestamp>902.099321</timestamp>
			</report>
			<report>
				<misses>4301001</misses>
				<total>144</total>
				<timestamp>902.309194</timestamp>
			</report>
			<report>
				<misses>4302001</misses>
				<total>143</total>
				<timestamp>902.518908</timestamp>
			</report>
			<report>
				<misses>4303001</misses>
				<total>143</total>
				<timestamp>902.728767</timestamp>
			</report>
			<report>
				<misses>4304001</misses>
				<total>144</total>
				<timestamp>902.938477</timestamp>
			</report>
			<report>
				<misses>4305001</misses>
				<total>146</total>
				<timestamp>903.148269</timestamp>
			</report>
			<report>
				<misses>4306001</misses>
				<total>146</total>
				<timestamp>903.358146</timestamp>
			</report>
			<report>
				<misses>4307001</misses>
				<total>146</total>
				<timestamp>903.567940</timestamp>
			</report>
			<report>
				<misses>4308001</misses>
				<total>145</total>
				<timestamp>903.777724</timestamp>
			</report>
			<report>
				<misses>4309001</misses>
				<total>146</total>
				<timestamp>903.987514</timestamp>
			</report>
			<report>
				<misses>4310001</misses>
				<total>146</total>
				<timestamp>904.197227</timestamp>
			</report>
			<report>
				<misses>4311001</misses>
				<total>146</total>
				<timestamp>904.407003</timestamp>
			</report>
			<report>
				<misses>4312001</misses>
				<total>146</total>
				<timestamp>904.616798</timestamp>
			</report>
			<report>
				<misses>4313001</misses>
				<total>146</total>
				<timestamp>904.826592</timestamp>
			</report>
			<report>
				<misses>4314001</misses>
				<total>146</total>
				<timestamp>905.036339</timestamp>
			</report>
			<report>
				<misses>4315001</misses>
				<total>146</total>
				<timestamp>905.246166</timestamp>
			</report>
			<report>
				<misses>4316001</misses>
				<total>146</total>
				<timestamp>905.455958</timestamp>
			</report>
			<report>
				<misses>4317001</misses>
				<total>146</total>
				<timestamp>905.665752</timestamp>
			</report>
			<report>
				<misses>4318001</misses>
				<total>146</total>
				<timestamp>905.875556</timestamp>
			</report>
			<report>
				<misses>4319001</misses>
				<total>146</total>
				<timestamp>906.085331</timestamp>
			</report>
			<report>
				<misses>4320001</misses>
				<total>146</total>
				<timestamp>906.295204</timestamp>
			</report>
			<report>
				<misses>4321001</misses>
				<total>146</total>
				<timestamp>906.504920</timestamp>
			</report>
			<report>
				<misses>4322001</misses>
				<total>146</total>
				<timestamp>906.714655</timestamp>
			</report>
			<report>
				<misses>4323001</misses>
				<total>146</total>
				<timestamp>906.924492</timestamp>
			</report>
			<report>
				<misses>4324001</misses>
				<total>146</total>
				<timestamp>907.134277</timestamp>
			</report>
			<report>
				<misses>4325001</misses>
				<total>146</total>
				<timestamp>907.344074</timestamp>
			</report>
			<report>
				<misses>4326001</misses>
				<total>146</total>
				<timestamp>907.553866</timestamp>
			</report>
			<report>
				<misses>4327001</misses>
				<total>146</total>
				<timestamp>907.763734</timestamp>
			</report>
			<report>
				<misses>4328001</misses>
				<total>146</total>
				<timestamp>907.973529</timestamp>
			</report>
			<report>
				<misses>4329001</misses>
				<total>146</total>
				<timestamp>908.183194</timestamp>
			</report>
			<report>
				<misses>4330001</misses>
				<total>146</total>
				<timestamp>908.393025</timestamp>
			</report>
			<report>
				<misses>4331001</misses>
				<total>145</total>
				<timestamp>908.602895</timestamp>
			</report>
			<report>
				<misses>4332001</misses>
				<total>146</total>
				<timestamp>908.812682</timestamp>
			</report>
			<report>
				<misses>4333001</misses>
				<total>146</total>
				<timestamp>909.022476</timestamp>
			</report>
			<report>
				<misses>4334001</misses>
				<total>145</total>
				<timestamp>909.232260</timestamp>
			</report>
			<report>
				<misses>4335001</misses>
				<total>146</total>
				<timestamp>909.442053</timestamp>
			</report>
			<report>
				<misses>4336001</misses>
				<total>146</total>
				<timestamp>909.651719</timestamp>
			</report>
			<report>
				<misses>4337001</misses>
				<total>146</total>
				<timestamp>909.861510</timestamp>
			</report>
			<report>
				<misses>4338001</misses>
				<total>146</total>
				<timestamp>910.071303</timestamp>
			</report>
			<report>
				<misses>4339001</misses>
				<total>146</total>
				<timestamp>910.281127</timestamp>
			</report>
			<report>
				<misses>4340001</misses>
				<total>146</total>
				<timestamp>910.490879</timestamp>
			</report>
			<report>
				<misses>4341001</misses>
				<total>146</total>
				<timestamp>910.700670</timestamp>
			</report>
			<report>
				<misses>4342001</misses>
				<total>146</total>
				<timestamp>910.910495</timestamp>
			</report>
			<report>
				<misses>4343001</misses>
				<total>146</total>
				<timestamp>911.120288</timestamp>
			</report>
			<report>
				<misses>4344001</misses>
				<total>146</total>
				<timestamp>911.330080</timestamp>
			</report>
			<report>
				<misses>4345001</misses>
				<total>146</total>
				<timestamp>911.539891</timestamp>
			</report>
			<report>
				<misses>4346001</misses>
				<total>146</total>
				<timestamp>911.749742</timestamp>
			</report>
			<report>
				<misses>4347001</misses>
				<total>146</total>
				<timestamp>911.959533</timestamp>
			</report>
			<report>
				<misses>4348001</misses>
				<total>146</total>
				<timestamp>912.169321</timestamp>
			</report>
			<report>
				<misses>4349001</misses>
				<total>146</total>
				<timestamp>912.378987</timestamp>
			</report>
			<report>
				<misses>4350001</misses>
				<total>146</total>
				<timestamp>912.588819</timestamp>
			</report>
			<report>
				<misses>4351001</misses>
				<total>146</total>
				<timestamp>912.798570</timestamp>
			</report>
			<report>
				<misses>4352001</misses>
				<total>146</total>
				<timestamp>913.008361</timestamp>
			</report>
			<report>
				<misses>4353001</misses>
				<total>146</total>
				<timestamp>913.218184</timestamp>
			</report>
			<report>
				<misses>4354001</misses>
				<total>146</total>
				<timestamp>913.428062</timestamp>
			</report>
			<report>
				<misses>4355001</misses>
				<total>146</total>
				<timestamp>913.637847</timestamp>
			</report>
			<report>
				<misses>4356001</misses>
				<total>146</total>
				<timestamp>913.847520</timestamp>
			</report>
			<report>
				<misses>4357001</misses>
				<total>146</total>
				<timestamp>914.057350</timestamp>
			</report>
			<report>
				<misses>4358001</misses>
				<total>146</total>
				<timestamp>914.267084</timestamp>
			</report>
			<report>
				<misses>4359001</misses>
				<total>146</total>
				<timestamp>914.476920</timestamp>
			</report>
			<report>
				<misses>4360001</misses>
				<total>146</total>
				<timestamp>914.686684</timestamp>
			</report>
			<report>
				<misses>4361001</misses>
				<total>146</total>
				<timestamp>914.896465</timestamp>
			</report>
			<report>
				<misses>4362001</misses>
				<total>146</total>
				<timestamp>915.106259</timestamp>
			</report>
			<report>
				<misses>4363001</misses>
				<total>146</total>
				<timestamp>915.316060</timestamp>
			</report>
			<report>
				<misses>4364001</misses>
				<total>146</total>
				<timestamp>915.525893</timestamp>
			</report>
			<report>
				<misses>4365001</misses>
				<total>146</total>
				<timestamp>915.735633</timestamp>
			</report>
			<report>
				<misses>4366001</misses>
				<total>146</total>
				<timestamp>915.945414</timestamp>
			</report>
			<report>
				<misses>4367001</misses>
				<total>146</total>
				<timestamp>916.155247</timestamp>
			</report>
			<report>
				<misses>4368001</misses>
				<total>146</total>
				<timestamp>916.364975</timestamp>
			</report>
			<report>
				<misses>4369001</misses>
				<total>148</total>
				<timestamp>916.574832</timestamp>
			</report>
			<report>
				<misses>4370001</misses>
				<total>149</total>
				<timestamp>916.784580</timestamp>
			</report>
			<report>
				<misses>4371001</misses>
				<total>149</total>
				<timestamp>916.994405</timestamp>
			</report>
			<report>
				<misses>4372001</misses>
				<total>149</total>
				<timestamp>917.204201</timestamp>
			</report>
			<report>
				<misses>4373001</misses>
				<total>149</total>
				<timestamp>917.414078</timestamp>
			</report>
			<report>
				<misses>4374001</misses>
				<total>148</total>
				<timestamp>917.623875</timestamp>
			</report>
			<report>
				<misses>4375001</misses>
				<total>149</total>
				<timestamp>917.833570</timestamp>
			</report>
			<report>
				<misses>4376001</misses>
				<total>149</total>
				<timestamp>918.043365</timestamp>
			</report>
			<report>
				<misses>4377001</misses>
				<total>149</total>
				<timestamp>918.253148</timestamp>
			</report>
			<report>
				<misses>4378001</misses>
				<total>149</total>
				<timestamp>918.463023</timestamp>
			</report>
			<report>
				<misses>4379001</misses>
				<total>148</total>
				<timestamp>918.672813</timestamp>
			</report>
			<report>
				<misses>4380001</misses>
				<total>149</total>
				<timestamp>918.882482</timestamp>
			</report>
			<report>
				<misses>4381001</misses>
				<total>149</total>
				<timestamp>919.092314</timestamp>
			</report>
			<report>
				<misses>4382001</misses>
				<total>149</total>
				<timestamp>919.302097</timestamp>
			</report>
			<report>
				<misses>4383001</misses>
				<total>149</total>
				<timestamp>919.511972</timestamp>
			</report>
			<report>
				<misses>4384001</misses>
				<total>149</total>
				<timestamp>919.721769</timestamp>
			</report>
			<report>
				<misses>4385001</misses>
				<total>149</total>
				<timestamp>919.931431</timestamp>
			</report>
			<report>
				<misses>4386001</misses>
				<total>149</total>
				<timestamp>920.141262</timestamp>
			</report>
			<report>
				<misses>4387001</misses>
				<total>149</total>
				<timestamp>920.351054</timestamp>
			</report>
			<report>
				<misses>4388001</misses>
				<total>149</total>
				<timestamp>920.560927</timestamp>
			</report>
			<report>
				<misses>4389001</misses>
				<total>149</total>
				<timestamp>920.770627</timestamp>
			</report>
			<report>
				<misses>4390001</misses>
				<total>149</total>
				<timestamp>920.980417</timestamp>
			</report>
			<report>
				<misses>4391001</misses>
				<total>149</total>
				<timestamp>921.190295</timestamp>
			</report>
			<report>
				<misses>4392001</misses>
				<total>149</total>
				<timestamp>921.399959</timestamp>
			</report>
			<report>
				<misses>4393001</misses>
				<total>149</total>
				<timestamp>921.609802</timestamp>
			</report>
			<report>
				<misses>4394001</misses>
				<total>149</total>
				<timestamp>921.819538</timestamp>
			</report>
			<report>
				<misses>4395001</misses>
				<total>149</total>
				<timestamp>922.029458</timestamp>
			</report>
			<report>
				<misses>4396001</misses>
				<total>149</total>
				<timestamp>922.239244</timestamp>
			</report>
			<report>
				<misses>4397001</misses>
				<total>149</total>
				<timestamp>922.449051</timestamp>
			</report>
			<report>
				<misses>4398001</misses>
				<total>149</total>
				<timestamp>922.658764</timestamp>
			</report>
			<report>
				<misses>4399001</misses>
				<total>148</total>
				<timestamp>922.868613</timestamp>
			</report>
			<report>
				<misses>4400001</misses>
				<total>149</total>
				<timestamp>923.078398</timestamp>
			</report>
			<report>
				<misses>4401001</misses>
				<total>149</total>
				<timestamp>923.288111</timestamp>
			</report>
			<report>
				<misses>4402001</misses>
				<total>149</total>
				<timestamp>923.497983</timestamp>
			</report>
			<report>
				<misses>4403001</misses>
				<total>149</total>
				<timestamp>923.707684</timestamp>
			</report>
			<report>
				<misses>4404001</misses>
				<total>149</total>
				<timestamp>923.917444</timestamp>
			</report>
			<report>
				<misses>4405001</misses>
				<total>149</total>
				<timestamp>924.127234</timestamp>
			</report>
			<report>
				<misses>4406001</misses>
				<total>149</total>
				<timestamp>924.337055</timestamp>
			</report>
			<report>
				<misses>4407001</misses>
				<total>149</total>
				<timestamp>924.546936</timestamp>
			</report>
			<report>
				<misses>4408001</misses>
				<total>149</total>
				<timestamp>924.756729</timestamp>
			</report>
			<report>
				<misses>4409001</misses>
				<total>149</total>
				<timestamp>924.966391</timestamp>
			</report>
			<report>
				<misses>4410001</misses>
				<total>149</total>
				<timestamp>925.176229</timestamp>
			</report>
			<report>
				<misses>4411001</misses>
				<total>149</total>
				<timestamp>925.386013</timestamp>
			</report>
			<report>
				<misses>4412001</misses>
				<total>149</total>
				<timestamp>925.595803</timestamp>
			</report>
			<report>
				<misses>4413001</misses>
				<total>151</total>
				<timestamp>925.805566</timestamp>
			</report>
			<report>
				<misses>4414001</misses>
				<total>151</total>
				<timestamp>926.015341</timestamp>
			</report>
			<report>
				<misses>4415001</misses>
				<total>151</total>
				<timestamp>926.225176</timestamp>
			</report>
			<report>
				<misses>4416001</misses>
				<total>151</total>
				<timestamp>926.434965</timestamp>
			</report>
			<report>
				<misses>4417001</misses>
				<total>151</total>
				<timestamp>926.644753</timestamp>
			</report>
			<report>
				<misses>4418001</misses>
				<total>151</total>
				<timestamp>926.854502</timestamp>
			</report>
			<report>
				<misses>4419001</misses>
				<total>151</total>
				<timestamp>927.064331</timestamp>
			</report>
			<report>
				<misses>4420001</misses>
				<total>151</total>
				<timestamp>927.274205</timestamp>
			</report>
			<report>
				<misses>4421001</misses>
				<total>151</total>
				<timestamp>927.483998</timestamp>
			</report>
			<report>
				<misses>4422001</misses>
				<total>151</total>
				<timestamp>927.693662</timestamp>
			</report>
			<report>
				<misses>4423001</misses>
				<total>150</total>
				<timestamp>927.903573</timestamp>
			</report>
			<report>
				<misses>4424001</misses>
				<total>151</total>
				<timestamp>928.113287</timestamp>
			</report>
			<report>
				<misses>4425001</misses>
				<total>151</total>
				<timestamp>928.323076</timestamp>
			</report>
			<report>
				<misses>4426001</misses>
				<total>150</total>
				<timestamp>928.532952</timestamp>
			</report>
			<report>
				<misses>4427001</misses>
				<total>151</total>
				<timestamp>928.742654</timestamp>
			</report>
			<report>
				<misses>4428001</misses>
				<total>151</total>
				<timestamp>928.952398</timestamp>
			</report>
			<report>
				<misses>4429001</misses>
				<total>151</total>
				<timestamp>929.162194</timestamp>
			</report>
			<report>
				<misses>4430001</misses>
				<total>151</total>
				<timestamp>929.371983</timestamp>
			</report>
			<report>
				<misses>4431001</misses>
				<total>150</total>
				<timestamp>929.581839</timestamp>
			</report>
			<report>
				<misses>4432001</misses>
				<total>151</total>
				<timestamp>929.791572</timestamp>
			</report>
			<report>
				<misses>4433001</misses>
				<total>151</total>
				<timestamp>930.001360</timestamp>
			</report>
			<report>
				<misses>4434001</misses>
				<total>151</total>
				<timestamp>930.211135</timestamp>
			</report>
			<report>
				<misses>4435001</misses>
				<total>151</total>
				<timestamp>930.420916</timestamp>
			</report>
			<report>
				<misses>4436001</misses>
				<total>151</total>
				<timestamp>930.630743</timestamp>
			</report>
			<report>
				<misses>4437001</misses>
				<total>151</total>
				<timestamp>930.840506</timestamp>
			</report>
			<report>
				<misses>4438001</misses>
				<total>151</total>
				<timestamp>931.050311</timestamp>
			</report>
			<report>
				<misses>4439001</misses>
				<total>151</total>
				<timestamp>931.260104</timestamp>
			</report>
			<report>
				<misses>4440001</misses>
				<total>151</total>
				<timestamp>931.469884</timestamp>
			</report>
			<report>
				<misses>4441001</misses>
				<total>151</total>
				<timestamp>931.679707</timestamp>
			</report>
			<report>
				<misses>4442001</misses>
				<total>151</total>
				<timestamp>931.889455</timestamp>
			</report>
			<report>
				<misses>4443001</misses>
				<total>151</total>
				<timestamp>932.099263</timestamp>
			</report>
			<report>
				<misses>4444001</misses>
				<total>150</total>
				<timestamp>932.309091</timestamp>
			</report>
			<report>
				<misses>4445001</misses>
				<total>151</total>
				<timestamp>932.518904</timestamp>
			</report>
			<report>
				<misses>4446001</misses>
				<total>151</total>
				<timestamp>932.728627</timestamp>
			</report>
			<report>
				<misses>4447001</misses>
				<total>151</total>
				<timestamp>932.938397</timestamp>
			</report>
			<report>
				<misses>4448001</misses>
				<total>151</total>
				<timestamp>933.148216</timestamp>
			</report>
			<report>
				<misses>4449001</misses>
				<total>151</total>
				<timestamp>933.357986</timestamp>
			</report>
			<report>
				<misses>4450001</misses>
				<total>150</total>
				<timestamp>933.567797</timestamp>
			</report>
			<report>
				<misses>4451001</misses>
				<total>151</total>
				<timestamp>933.777567</timestamp>
			</report>
			<report>
				<misses>4452001</misses>
				<total>151</total>
				<timestamp>933.987369</timestamp>
			</report>
			<report>
				<misses>4453001</misses>
				<total>151</total>
				<timestamp>934.197141</timestamp>
			</report>
			<report>
				<misses>4454001</misses>
				<total>151</total>
				<timestamp>934.406967</timestamp>
			</report>
			<report>
				<misses>4455001</misses>
				<total>151</total>
				<timestamp>934.616739</timestamp>
			</report>
			<report>
				<misses>4456001</misses>
				<total>151</total>
				<timestamp>934.826514</timestamp>
			</report>
			<report>
				<misses>4457001</misses>
				<total>151</total>
				<timestamp>935.036313</timestamp>
			</report>
			<report>
				<misses>4458001</misses>
				<total>151</total>
				<timestamp>935.246081</timestamp>
			</report>
			<report>
				<misses>4459001</misses>
				<total>151</total>
				<timestamp>935.455898</timestamp>
			</report>
			<report>
				<misses>4460001</misses>
				<total>152</total>
				<timestamp>935.665705</timestamp>
			</report>
			<report>
				<misses>4461001</misses>
				<total>154</total>
				<timestamp>935.875470</timestamp>
			</report>
			<report>
				<misses>4462001</misses>
				<total>154</total>
				<timestamp>936.085276</timestamp>
			</report>
			<report>
				<misses>4463001</misses>
				<total>154</total>
				<timestamp>936.295087</timestamp>
			</report>
			<report>
				<misses>4464001</misses>
				<total>154</total>
				<timestamp>936.504822</timestamp>
			</report>
			<report>
				<misses>4465001</misses>
				<total>154</total>
				<timestamp>936.714749</timestamp>
			</report>
			<report>
				<misses>4466001</misses>
				<total>154</total>
				<timestamp>936.924414</timestamp>
			</report>
			<report>
				<misses>4467001</misses>
				<total>154</total>
				<timestamp>937.134214</timestamp>
			</report>
			<report>
				<misses>4468001</misses>
				<total>154</total>
				<timestamp>937.344002</timestamp>
			</report>
			<report>
				<misses>4469001</misses>
				<total>154</total>
				<timestamp>937.553838</timestamp>
			</report>
			<report>
				<misses>4470001</misses>
				<total>154</total>
				<timestamp>937.763580</timestamp>
			</report>
			<report>
				<misses>4471001</misses>
				<total>154</total>
				<timestamp>937.973390</timestamp>
			</report>
			<report>
				<misses>4472001</misses>
				<total>154</total>
				<timestamp>938.183150</timestamp>
			</report>
			<report>
				<misses>4473001</misses>
				<total>154</total>
				<timestamp>938.392977</timestamp>
			</report>
			<report>
				<misses>4474001</misses>
				<total>154</total>
				<timestamp>938.602756</timestamp>
			</report>
			<report>
				<misses>4475001</misses>
				<total>154</total>
				<timestamp>938.812529</timestamp>
			</report>
			<report>
				<misses>4476001</misses>
				<total>154</total>
				<timestamp>939.022317</timestamp>
			</report>
			<report>
				<misses>4477001</misses>
				<total>154</total>
				<timestamp>939.232138</timestamp>
			</report>
			<report>
				<misses>4478001</misses>
				<total>154</total>
				<timestamp>939.441881</timestamp>
			</report>
			<report>
				<misses>4479001</misses>
				<total>154</total>
				<timestamp>939.651729</timestamp>
			</report>
			<report>
				<misses>4480001</misses>
				<total>154</total>
				<timestamp>939.861464</timestamp>
			</report>
			<report>
				<misses>4481001</misses>
				<total>154</total>
				<timestamp>940.071249</timestamp>
			</report>
			<report>
				<misses>4482001</misses>
				<total>154</total>
				<timestamp>940.281049</timestamp>
			</report>
			<report>
				<misses>4483001</misses>
				<total>154</total>
				<timestamp>940.490858</timestamp>
			</report>
			<report>
				<misses>4484001</misses>
				<total>154</total>
				<timestamp>940.700663</timestamp>
			</report>
			<report>
				<misses>4485001</misses>
				<total>154</total>
				<timestamp>940.910416</timestamp>
			</report>
			<report>
				<misses>4486001</misses>
				<total>154</total>
				<timestamp>941.120247</timestamp>
			</report>
			<report>
				<misses>4487001</misses>
				<total>154</total>
				<timestamp>941.330004</timestamp>
			</report>
			<report>
				<misses>4488001</misses>
				<total>154</total>
				<timestamp>941.539814</timestamp>
			</report>
			<report>
				<misses>4489001</misses>
				<total>154</total>
				<timestamp>941.749641</timestamp>
			</report>
			<report>
				<misses>4490001</misses>
				<total>154</total>
				<timestamp>941.959393</timestamp>
			</report>
			<report>
				<misses>4491001</misses>
				<total>154</total>
				<timestamp>942.169192</timestamp>
			</report>
			<report>
				<misses>4492001</misses>
				<total>154</total>
				<timestamp>942.378964</timestamp>
			</report>
			<report>
				<misses>4493001</misses>
				<total>154</total>
				<timestamp>942.588778</timestamp>
			</report>
			<report>
				<misses>4494001</misses>
				<total>154</total>
				<timestamp>942.798566</timestamp>
			</report>
			<report>
				<misses>4495001</misses>
				<total>154</total>
				<timestamp>943.008327</timestamp>
			</report>
			<report>
				<misses>4496001</misses>
				<total>154</total>
				<timestamp>943.218147</timestamp>
			</report>
			<report>
				<misses>4497001</misses>
				<total>155</total>
				<timestamp>943.427949</timestamp>
			</report>
			<report>
				<misses>4498001</misses>
				<total>155</total>
				<timestamp>943.637720</timestamp>
			</report>
			<report>
				<misses>4499001</misses>
				<total>155</total>
				<timestamp>943.847484</timestamp>
			</report>
			<report>
				<misses>4500001</misses>
				<total>155</total>
				<timestamp>944.057288</timestamp>
			</report>
			<report>
				<misses>4501001</misses>
				<total>155</total>
				<timestamp>944.267075</timestamp>
			</report>
			<report>
				<misses>4502001</misses>
				<total>154</total>
				<timestamp>944.476911</timestamp>
			</report>
			<report>
				<misses>4503001</misses>
				<total>155</total>
				<timestamp>944.686667</timestamp>
			</report>
			<report>
				<misses>4504001</misses>
				<total>155</total>
				<timestamp>944.896430</timestamp>
			</report>
			<report>
				<misses>4505001</misses>
				<total>155</total>
				<timestamp>945.106243</timestamp>
			</report>
			<report>
				<misses>4506001</misses>
				<total>155</total>
				<timestamp>945.316027</timestamp>
			</report>
			<report>
				<misses>4507001</misses>
				<total>155</total>
				<timestamp>945.525824</timestamp>
			</report>
			<report>
				<misses>4508001</misses>
				<total>155</total>
				<timestamp>945.735648</timestamp>
			</report>
			<report>
				<misses>4509001</misses>
				<total>155</total>
				<timestamp>945.945429</timestamp>
			</report>
			<report>
				<misses>4510001</misses>
				<total>155</total>
				<timestamp>946.155180</timestamp>
			</report>
			<report>
				<misses>4511001</misses>
				<total>155</total>
				<timestamp>946.365013</timestamp>
			</report>
			<report>
				<misses>4512001</misses>
				<total>155</total>
				<timestamp>946.574884</timestamp>
			</report>
			<report>
				<misses>4513001</misses>
				<total>155</total>
				<timestamp>946.784555</timestamp>
			</report>
			<report>
				<misses>4514001</misses>
				<total>155</total>
				<timestamp>946.994467</timestamp>
			</report>
			<report>
				<misses>4515001</misses>
				<total>155</total>
				<timestamp>947.204253</timestamp>
			</report>
			<report>
				<misses>4516001</misses>
				<total>155</total>
				<timestamp>947.413926</timestamp>
			</report>
			<report>
				<misses>4517001</misses>
				<total>155</total>
				<timestamp>947.623754</timestamp>
			</report>
			<report>
				<misses>4518001</misses>
				<total>155</total>
				<timestamp>947.833491</timestamp>
			</report>
			<report>
				<misses>4519001</misses>
				<total>155</total>
				<timestamp>948.043416</timestamp>
			</report>
			<report>
				<misses>4520001</misses>
				<total>158</total>
				<timestamp>948.253199</timestamp>
			</report>
			<report>
				<misses>4521001</misses>
				<total>158</total>
				<timestamp>948.462921</timestamp>
			</report>
			<report>
				<misses>4522001</misses>
				<total>158</total>
				<timestamp>948.672706</timestamp>
			</report>
			<report>
				<misses>4523001</misses>
				<total>158</total>
				<timestamp>948.882489</timestamp>
			</report>
			<report>
				<misses>4524001</misses>
				<total>158</total>
				<timestamp>949.092367</timestamp>
			</report>
			<report>
				<misses>4525001</misses>
				<total>158</total>
				<timestamp>949.302033</timestamp>
			</report>
			<report>
				<misses>4526001</misses>
				<total>158</total>
				<timestamp>949.511943</timestamp>
			</report>
			<report>
				<misses>4527001</misses>
				<total>158</total>
				<timestamp>949.721650</timestamp>
			</report>
			<report>
				<misses>4528001</misses>
				<total>158</total>
				<timestamp>949.931419</timestamp>
			</report>
			<report>
				<misses>4529001</misses>
				<total>158</total>
				<timestamp>950.141194</timestamp>
			</report>
			<report>
				<misses>4530001</misses>
				<total>158</total>
				<timestamp>950.350988</timestamp>
			</report>
			<report>
				<misses>4531001</misses>
				<total>158</total>
				<timestamp>950.560762</timestamp>
			</report>
			<report>
				<misses>4532001</misses>
				<total>158</total>
				<timestamp>950.770596</timestamp>
			</report>
			<report>
				<misses>4533001</misses>
				<total>158</total>
				<timestamp>950.980368</timestamp>
			</report>
			<report>
				<misses>4534001</misses>
				<total>158</total>
				<timestamp>951.190174</timestamp>
			</report>
			<report>
				<misses>4535001</misses>
				<total>158</total>
				<timestamp>951.399941</timestamp>
			</report>
			<report>
				<misses>4536001</misses>
				<total>158</total>
				<timestamp>951.609711</timestamp>
			</report>
			<report>
				<misses>4537001</misses>
				<total>158</total>
				<timestamp>951.819512</timestamp>
			</report>
			<report>
				<misses>4538001</misses>
				<total>158</total>
				<timestamp>952.029311</timestamp>
			</report>
			<report>
				<misses>4539001</misses>
				<total>158</total>
				<timestamp>952.239084</timestamp>
			</report>
			<report>
				<misses>4540001</misses>
				<total>158</total>
				<timestamp>952.448898</timestamp>
			</report>
			<report>
				<misses>4541001</misses>
				<total>158</total>
				<timestamp>952.658686</timestamp>
			</report>
			<report>
				<misses>4542001</misses>
				<total>157</total>
				<timestamp>952.868486</timestamp>
			</report>
			<report>
				<misses>4543001</misses>
				<total>158</total>
				<timestamp>953.078271</timestamp>
			</report>
			<report>
				<misses>4544001</misses>
				<total>158</total>
				<timestamp>953.288053</timestamp>
			</report>
			<report>
				<misses>4545001</misses>
				<total>158</total>
				<timestamp>953.497827</timestamp>
			</report>
			<report>
				<misses>4546001</misses>
				<total>157</total>
				<timestamp>953.707691</timestamp>
			</report>
			<report>
				<misses>4547001</misses>
				<total>158</total>
				<timestamp>953.917420</timestamp>
			</report>
			<report>
				<misses>4548001</misses>
				<total>158</total>
				<timestamp>954.127233</timestamp>
			</report>
			<report>
				<misses>4549001</misses>
				<total>158</total>
				<timestamp>954.336985</timestamp>
			</report>
			<report>
				<misses>4550001</misses>
				<total>158</total>
				<timestamp>954.546774</timestamp>
			</report>
			<report>
				<misses>4551001</misses>
				<total>158</total>
				<timestamp>954.756570</timestamp>
			</report>
			<report>
				<misses>4552001</misses>
				<total>158</total>
				<timestamp>954.966372</timestamp>
			</report>
			<report>
				<misses>4553001</misses>
				<total>158</total>
				<timestamp>955.176195</timestamp>
			</report>
			<report>
				<misses>4554001</misses>
				<total>158</total>
				<timestamp>955.385940</timestamp>
			</report>
			<report>
				<misses>4555001</misses>
				<total>158</total>
				<timestamp>955.595735</timestamp>
			</report>
			<report>
				<misses>4556001</misses>
				<total>158</total>
				<timestamp>955.805574</timestamp>
			</report>
			<report>
				<misses>4557001</misses>
				<total>158</total>
				<timestamp>956.015315</timestamp>
			</report>
			<report>
				<misses>4558001</misses>
				<total>158</total>
				<timestamp>956.225101</timestamp>
			</report>
			<report>
				<misses>4559001</misses>
				<total>158</total>
				<timestamp>956.434894</timestamp>
			</report>
			<report>
				<misses>4560001</misses>
				<total>158</total>
				<timestamp>956.644679</timestamp>
			</report>
			<report>
				<misses>4561001</misses>
				<total>158</total>
				<timestamp>956.854498</timestamp>
			</report>
			<report>
				<misses>4562001</misses>
				<total>158</total>
				<timestamp>957.064271</timestamp>
			</report>
			<report>
				<misses>4563001</misses>
				<total>158</total>
				<timestamp>957.274043</timestamp>
			</report>
			<report>
				<misses>4564001</misses>
				<total>158</total>
				<timestamp>957.483859</timestamp>
			</report>
			<report>
				<misses>4565001</misses>
				<total>158</total>
				<timestamp>957.693659</timestamp>
			</report>
			<report>
				<misses>4566001</misses>
				<total>158</total>
				<timestamp>957.903412</timestamp>
			</report>
			<report>
				<misses>4567001</misses>
				<total>158</total>
				<timestamp>958.113222</timestamp>
			</report>
			<report>
				<misses>4568001</misses>
				<total>158</total>
				<timestamp>958.323000</timestamp>
			</report>
			<report>
				<misses>4569001</misses>
				<total>158</total>
				<timestamp>958.532793</timestamp>
			</report>
			<report>
				<misses>4570001</misses>
				<total>158</total>
				<timestamp>958.742624</timestamp>
			</report>
			<report>
				<misses>4571001</misses>
				<total>158</total>
				<timestamp>958.952361</timestamp>
			</report>
			<report>
				<misses>4572001</misses>
				<total>158</total>
				<timestamp>959.162188</timestamp>
			</report>
			<report>
				<misses>4573001</misses>
				<total>160</total>
				<timestamp>959.371940</timestamp>
			</report>
			<report>
				<misses>4574001</misses>
				<total>160</total>
				<timestamp>959.581734</timestamp>
			</report>
			<report>
				<misses>4575001</misses>
				<total>160</total>
				<timestamp>959.791569</timestamp>
			</report>
			<report>
				<misses>4576001</misses>
				<total>160</total>
				<timestamp>960.001316</timestamp>
			</report>
			<report>
				<misses>4577001</misses>
				<total>160</total>
				<timestamp>960.211109</timestamp>
			</report>
			<report>
				<misses>4578001</misses>
				<total>160</total>
				<timestamp>960.420931</timestamp>
			</report>
			<report>
				<misses>4579001</misses>
				<total>160</total>
				<timestamp>960.630753</timestamp>
			</report>
			<report>
				<misses>4580001</misses>
				<total>160</total>
				<timestamp>960.840540</timestamp>
			</report>
			<report>
				<misses>4581001</misses>
				<total>160</total>
				<timestamp>961.050315</timestamp>
			</report>
			<report>
				<misses>4582001</misses>
				<total>160</total>
				<timestamp>961.260067</timestamp>
			</report>
			<report>
				<misses>4583001</misses>
				<total>160</total>
				<timestamp>961.469858</timestamp>
			</report>
			<report>
				<misses>4584001</misses>
				<total>160</total>
				<timestamp>961.679708</timestamp>
			</report>
			<report>
				<misses>4585001</misses>
				<total>160</total>
				<timestamp>961.889441</timestamp>
			</report>
			<report>
				<misses>4586001</misses>
				<total>160</total>
				<timestamp>962.099244</timestamp>
			</report>
			<report>
				<misses>4587001</misses>
				<total>160</total>
				<timestamp>962.309011</timestamp>
			</report>
			<report>
				<misses>4588001</misses>
				<total>160</total>
				<timestamp>962.518800</timestamp>
			</report>
			<report>
				<misses>4589001</misses>
				<total>160</total>
				<timestamp>962.728664</timestamp>
			</report>
			<report>
				<misses>4590001</misses>
				<total>160</total>
				<timestamp>962.938387</timestamp>
			</report>
			<report>
				<misses>4591001</misses>
				<total>160</total>
				<timestamp>963.148213</timestamp>
			</report>
			<report>
				<misses>4592001</misses>
				<total>160</total>
				<timestamp>963.357959</timestamp>
			</report>
			<report>
				<misses>4593001</misses>
				<total>160</total>
				<timestamp>963.567788</timestamp>
			</report>
			<report>
				<misses>4594001</misses>
				<total>160</total>
				<timestamp>963.777545</timestamp>
			</report>
			<report>
				<misses>4595001</misses>
				<total>160</total>
				<timestamp>963.987320</timestamp>
			</report>
			<report>
				<misses>4596001</misses>
				<total>160</total>
				<timestamp>964.197109</timestamp>
			</report>
			<report>
				<misses>4597001</misses>
				<total>160</total>
				<timestamp>964.406927</timestamp>
			</report>
			<report>
				<misses>4598001</misses>
				<total>160</total>
				<timestamp>964.616734</timestamp>
			</report>
			<report>
				<misses>4599001</misses>
				<total>160</total>
				<timestamp>964.826517</timestamp>
			</report>
			<report>
				<misses>4600001</misses>
				<total>160</total>
				<timestamp>965.036289</timestamp>
			</report>
			<report>
				<misses>4601001</misses>
				<total>160</total>
				<timestamp>965.246069</timestamp>
			</report>
			<report>
				<misses>4602001</misses>
				<total>160</total>
				<timestamp>965.455868</timestamp>
			</report>
			<report>
				<misses>4603001</misses>
				<total>160</total>
				<timestamp>965.665664</timestamp>
			</report>
			<report>
				<misses>4604001</misses>
				<total>160</total>
				<timestamp>965.875477</timestamp>
			</report>
			<report>
				<misses>4605001</misses>
				<total>160</total>
				<timestamp>966.085245</timestamp>
			</report>
			<report>
				<misses>4606001</misses>
				<total>160</total>
				<timestamp>966.295021</timestamp>
			</report>
			<report>
				<misses>4607001</misses>
				<total>160</total>
				<timestamp>966.504801</timestamp>
			</report>
			<report>
				<misses>4608001</misses>
				<total>160</total>
				<timestamp>966.714626</timestamp>
			</report>
			<report>
				<misses>4609001</misses>
				<total>160</total>
				<timestamp>966.924381</timestamp>
			</report>
			<report>
				<misses>4610001</misses>
				<total>160</total>
				<timestamp>967.134164</timestamp>
			</report>
			<report>
				<misses>4611001</misses>
				<total>160</total>
				<timestamp>967.343986</timestamp>
			</report>
			<report>
				<misses>4612001</misses>
				<total>160</total>
				<timestamp>967.553752</timestamp>
			</report>
			<report>
				<misses>4613001</misses>
				<total>160</total>
				<timestamp>967.763587</timestamp>
			</report>
			<report>
				<misses>4614001</misses>
				<total>160</total>
				<timestamp>967.973345</timestamp>
			</report>
			<report>
				<misses>4615001</misses>
				<total>160</total>
				<timestamp>968.183122</timestamp>
			</report>
			<report>
				<misses>4616001</misses>
				<total>160</total>
				<timestamp>968.392915</timestamp>
			</report>
			<report>
				<misses>4617001</misses>
				<total>159</total>
				<timestamp>968.602707</timestamp>
			</report>
			<report>
				<misses>4618001</misses>
				<total>160</total>
				<timestamp>968.812513</timestamp>
			</report>
			<report>
				<misses>4619001</misses>
				<total>160</total>
				<timestamp>969.022299</timestamp>
			</report>
			<report>
				<misses>4620001</misses>
				<total>160</total>
				<timestamp>969.232072</timestamp>
			</report>
			<report>
				<misses>4621001</misses>
				<total>160</total>
				<timestamp>969.441857</timestamp>
			</report>
			<report>
				<misses>4622001</misses>
				<total>160</total>
				<timestamp>969.651655</timestamp>
			</report>
			<report>
				<misses>4623001</misses>
				<total>160</total>
				<timestamp>969.861470</timestamp>
			</report>
			<report>
				<misses>4624001</misses>
				<total>160</total>
				<timestamp>970.071234</timestamp>
			</report>
			<report>
				<misses>4625001</misses>
				<total>160</total>
				<timestamp>970.281019</timestamp>
			</report>
			<report>
				<misses>4626001</misses>
				<total>160</total>
				<timestamp>970.490821</timestamp>
			</report>
			<report>
				<misses>4627001</misses>
				<total>160</total>
				<timestamp>970.700609</timestamp>
			</report>
			<report>
				<misses>4628001</misses>
				<total>160</total>
				<timestamp>970.910401</timestamp>
			</report>
			<report>
				<misses>4629001</misses>
				<total>159</total>
				<timestamp>971.120241</timestamp>
			</report>
			<report>
				<misses>4630001</misses>
				<total>160</total>
				<timestamp>971.330003</timestamp>
			</report>
			<report>
				<misses>4631001</misses>
				<total>160</total>
				<timestamp>971.539766</timestamp>
			</report>
			<report>
				<misses>4632001</misses>
				<total>160</total>
				<timestamp>971.749605</timestamp>
			</report>
			<report>
				<misses>4633001</misses>
				<total>160</total>
				<timestamp>971.959352</timestamp>
			</report>
			<report>
				<misses>4634001</misses>
				<total>160</total>
				<timestamp>972.169145</timestamp>
			</report>
			<report>
				<misses>4635001</misses>
				<total>160</total>
				<timestamp>972.378928</timestamp>
			</report>
			<report>
				<misses>4636001</misses>
				<total>160</total>
				<timestamp>972.588728</timestamp>
			</report>
			<report>
				<misses>4637001</misses>
				<total>160</total>
				<timestamp>972.798586</timestamp>
			</report>
			<report>
				<misses>4638001</misses>
				<total>160</total>
				<timestamp>973.008308</timestamp>
			</report>
			<report>
				<misses>4639001</misses>
				<total>160</total>
				<timestamp>973.218091</timestamp>
			</report>
			<report>
				<misses>4640001</misses>
				<total>160</total>
				<timestamp>973.427882</timestamp>
			</report>
			<report>
				<misses>4641001</misses>
				<total>160</total>
				<timestamp>973.637666</timestamp>
			</report>
			<report>
				<misses>4642001</misses>
				<total>160</total>
				<timestamp>973.847480</timestamp>
			</report>
			<report>
				<misses>4643001</misses>
				<total>159</total>
				<timestamp>974.057259</timestamp>
			</report>
			<report>
				<misses>4644001</misses>
				<total>160</total>
				<timestamp>974.267035</timestamp>
			</report>
			<report>
				<misses>4645001</misses>
				<total>160</total>
				<timestamp>974.476826</timestamp>
			</report>
			<report>
				<misses>4646001</misses>
				<total>160</total>
				<timestamp>974.686633</timestamp>
			</report>
			<report>
				<misses>4647001</misses>
				<total>160</total>
				<timestamp>974.896430</timestamp>
			</report>
			<report>
				<misses>4648001</misses>
				<total>160</total>
				<timestamp>975.106204</timestamp>
			</report>
			<report>
				<misses>4649001</misses>
				<total>160</total>
				<timestamp>975.315991</timestamp>
			</report>
			<report>
				<misses>4650001</misses>
				<total>160</total>
				<timestamp>975.525776</timestamp>
			</report>
			<report>
				<misses>4651001</misses>
				<total>160</total>
				<timestamp>975.735613</timestamp>
			</report>
			<report>
				<misses>4652001</misses>
				<total>160</total>
				<timestamp>975.945409</timestamp>
			</report>
			<report>
				<misses>4653001</misses>
				<total>160</total>
				<timestamp>976.155159</timestamp>
			</report>
			<report>
				<misses>4654001</misses>
				<total>160</total>
				<timestamp>976.364941</timestamp>
			</report>
			<report>
				<misses>4655001</misses>
				<total>160</total>
				<timestamp>976.574740</timestamp>
			</report>
			<report>
				<misses>4656001</misses>
				<total>160</total>
				<timestamp>976.784544</timestamp>
			</report>
			<report>
				<misses>4657001</misses>
				<total>160</total>
				<timestamp>976.994299</timestamp>
			</report>
			<report>
				<misses>4658001</misses>
				<total>160</total>
				<timestamp>977.204110</timestamp>
			</report>
			<report>
				<misses>4659001</misses>
				<total>160</total>
				<timestamp>977.413900</timestamp>
			</report>
			<report>
				<misses>4660001</misses>
				<total>160</total>
				<timestamp>977.623684</timestamp>
			</report>
			<report>
				<misses>4661001</misses>
				<total>160</total>
				<timestamp>977.833502</timestamp>
			</report>
			<report>
				<misses>4662001</misses>
				<total>160</total>
				<timestamp>978.043268</timestamp>
			</report>
			<report>
				<misses>4663001</misses>
				<total>160</total>
				<timestamp>978.253093</timestamp>
			</report>
			<report>
				<misses>4664001</misses>
				<total>159</total>
				<timestamp>978.462876</timestamp>
			</report>
			<report>
				<misses>4665001</misses>
				<total>160</total>
				<timestamp>978.672677</timestamp>
			</report>
			<report>
				<misses>4666001</misses>
				<total>160</total>
				<timestamp>978.882541</timestamp>
			</report>
			<report>
				<misses>4667001</misses>
				<total>160</total>
				<timestamp>979.092250</timestamp>
			</report>
			<report>
				<misses>4668001</misses>
				<total>160</total>
				<timestamp>979.302045</timestamp>
			</report>
			<report>
				<misses>4669001</misses>
				<total>160</total>
				<timestamp>979.511789</timestamp>
			</report>
			<report>
				<misses>4670001</misses>
				<total>160</total>
				<timestamp>979.721626</timestamp>
			</report>
			<report>
				<misses>4671001</misses>
				<total>160</total>
				<timestamp>979.931494</timestamp>
			</report>
			<report>
				<misses>4672001</misses>
				<total>160</total>
				<timestamp>980.141292</timestamp>
			</report>
			<report>
				<misses>4673001</misses>
				<total>160</total>
				<timestamp>980.350988</timestamp>
			</report>
			<report>
				<misses>4674001</misses>
				<total>160</total>
				<timestamp>980.560864</timestamp>
			</report>
			<report>
				<misses>4675001</misses>
				<total>160</total>
				<timestamp>980.770654</timestamp>
			</report>
			<report>
				<misses>4676001</misses>
				<total>160</total>
				<timestamp>980.980356</timestamp>
			</report>
			<report>
				<misses>4677001</misses>
				<total>160</total>
				<timestamp>981.190144</timestamp>
			</report>
			<report>
				<misses>4678001</misses>
				<total>160</total>
				<timestamp>981.399899</timestamp>
			</report>
			<report>
				<misses>4679001</misses>
				<total>160</total>
				<timestamp>981.609808</timestamp>
			</report>
			<report>
				<misses>4680001</misses>
				<total>160</total>
				<timestamp>981.819525</timestamp>
			</report>
			<report>
				<misses>4681001</misses>
				<total>160</total>
				<timestamp>982.029304</timestamp>
			</report>
			<report>
				<misses>4682001</misses>
				<total>159</total>
				<timestamp>982.239183</timestamp>
			</report>
			<report>
				<misses>4683001</misses>
				<total>160</total>
				<timestamp>982.448852</timestamp>
			</report>
			<report>
				<misses>4684001</misses>
				<total>160</total>
				<timestamp>982.658766</timestamp>
			</report>
			<report>
				<misses>4685001</misses>
				<total>160</total>
				<timestamp>982.868552</timestamp>
			</report>
			<report>
				<misses>4686001</misses>
				<total>160</total>
				<timestamp>983.078335</timestamp>
			</report>
			<report>
				<misses>4687001</misses>
				<total>160</total>
				<timestamp>983.288131</timestamp>
			</report>
			<report>
				<misses>4688001</misses>
				<total>160</total>
				<timestamp>983.497790</timestamp>
			</report>
			<report>
				<misses>4689001</misses>
				<total>160</total>
				<timestamp>983.707624</timestamp>
			</report>
			<report>
				<misses>4690001</misses>
				<total>160</total>
				<timestamp>983.917499</timestamp>
			</report>
			<report>
				<misses>4691001</misses>
				<total>160</total>
				<timestamp>984.127297</timestamp>
			</report>
			<report>
				<misses>4692001</misses>
				<total>160</total>
				<timestamp>984.337083</timestamp>
			</report>
			<report>
				<misses>4693001</misses>
				<total>160</total>
				<timestamp>984.546866</timestamp>
			</report>
			<report>
				<misses>4694001</misses>
				<total>160</total>
				<timestamp>984.756539</timestamp>
			</report>
			<report>
				<misses>4695001</misses>
				<total>160</total>
				<timestamp>984.966366</timestamp>
			</report>
			<report>
				<misses>4696001</misses>
				<total>159</total>
				<timestamp>985.176118</timestamp>
			</report>
			<report>
				<misses>4697001</misses>
				<total>160</total>
				<timestamp>985.385959</timestamp>
			</report>
			<report>
				<misses>4698001</misses>
				<total>160</total>
				<timestamp>985.595710</timestamp>
			</report>
			<report>
				<misses>4699001</misses>
				<total>160</total>
				<timestamp>985.805509</timestamp>
			</report>
			<report>
				<misses>4700001</misses>
				<total>160</total>
				<timestamp>986.015293</timestamp>
			</report>
			<report>
				<misses>4701001</misses>
				<total>160</total>
				<timestamp>986.225071</timestamp>
			</report>
			<report>
				<misses>4702001</misses>
				<total>160</total>
				<timestamp>986.434886</timestamp>
			</report>
			<report>
				<misses>4703001</misses>
				<total>160</total>
				<timestamp>986.644629</timestamp>
			</report>
			<report>
				<misses>4704001</misses>
				<total>160</total>
				<timestamp>986.854428</timestamp>
			</report>
			<report>
				<misses>4705001</misses>
				<total>160</total>
				<timestamp>987.064226</timestamp>
			</report>
			<report>
				<misses>4706001</misses>
				<total>160</total>
				<timestamp>987.274002</timestamp>
			</report>
			<report>
				<misses>4707001</misses>
				<total>160</total>
				<timestamp>987.483865</timestamp>
			</report>
			<report>
				<misses>4708001</misses>
				<total>160</total>
				<timestamp>987.693611</timestamp>
			</report>
			<report>
				<misses>4709001</misses>
				<total>160</total>
				<timestamp>987.903385</timestamp>
			</report>
			<report>
				<misses>4710001</misses>
				<total>160</total>
				<timestamp>988.113179</timestamp>
			</report>
			<report>
				<misses>4711001</misses>
				<total>160</total>
				<timestamp>988.323001</timestamp>
			</report>
			<report>
				<misses>4712001</misses>
				<total>160</total>
				<timestamp>988.532745</timestamp>
			</report>
			<report>
				<misses>4713001</misses>
				<total>160</total>
				<timestamp>988.742559</timestamp>
			</report>
			<report>
				<misses>4714001</misses>
				<total>160</total>
				<timestamp>988.952382</timestamp>
			</report>
			<report>
				<misses>4715001</misses>
				<total>159</total>
				<timestamp>989.162132</timestamp>
			</report>
			<report>
				<misses>4716001</misses>
				<total>160</total>
				<timestamp>989.371941</timestamp>
			</report>
			<report>
				<misses>4717001</misses>
				<total>160</total>
				<timestamp>989.581720</timestamp>
			</report>
			<report>
				<misses>4718001</misses>
				<total>160</total>
				<timestamp>989.791495</timestamp>
			</report>
			<report>
				<misses>4719001</misses>
				<total>160</total>
				<timestamp>990.001299</timestamp>
			</report>
			<report>
				<misses>4720001</misses>
				<total>160</total>
				<timestamp>990.211084</timestamp>
			</report>
			<report>
				<misses>4721001</misses>
				<total>160</total>
				<timestamp>990.420900</timestamp>
			</report>
			<report>
				<misses>4722001</misses>
				<total>160</total>
				<timestamp>990.630668</timestamp>
			</report>
			<report>
				<misses>4723001</misses>
				<total>160</total>
				<timestamp>990.840502</timestamp>
			</report>
			<report>
				<misses>4724001</misses>
				<total>160</total>
				<timestamp>991.050221</timestamp>
			</report>
			<report>
				<misses>4725001</misses>
				<total>160</total>
				<timestamp>991.260013</timestamp>
			</report>
			<report>
				<misses>4726001</misses>
				<total>160</total>
				<timestamp>991.469818</timestamp>
			</report>
			<report>
				<misses>4727001</misses>
				<total>160</total>
				<timestamp>991.679621</timestamp>
			</report>
			<report>
				<misses>4728001</misses>
				<total>160</total>
				<timestamp>991.889416</timestamp>
			</report>
			<report>
				<misses>4729001</misses>
				<total>160</total>
				<timestamp>992.099230</timestamp>
			</report>
			<report>
				<misses>4730001</misses>
				<total>160</total>
				<timestamp>992.309024</timestamp>
			</report>
			<report>
				<misses>4731001</misses>
				<total>160</total>
				<timestamp>992.518813</timestamp>
			</report>
			<report>
				<misses>4732001</misses>
				<total>160</total>
				<timestamp>992.728678</timestamp>
			</report>
			<report>
				<misses>4733001</misses>
				<total>160</total>
				<timestamp>992.938468</timestamp>
			</report>
			<report>
				<misses>4734001</misses>
				<total>160</total>
				<timestamp>993.148260</timestamp>
			</report>
			<report>
				<misses>4735001</misses>
				<total>160</total>
				<timestamp>993.357967</timestamp>
			</report>
			<report>
				<misses>4736001</misses>
				<total>159</total>
				<timestamp>993.567851</timestamp>
			</report>
			<report>
				<misses>4737001</misses>
				<total>160</total>
				<timestamp>993.777506</timestamp>
			</report>
			<report>
				<misses>4738001</misses>
				<total>160</total>
				<timestamp>993.987342</timestamp>
			</report>
			<report>
				<misses>4739001</misses>
				<total>160</total>
				<timestamp>994.197130</timestamp>
			</report>
			<report>
				<misses>4740001</misses>
				<total>160</total>
				<timestamp>994.406890</timestamp>
			</report>
			<report>
				<misses>4741001</misses>
				<total>160</total>
				<timestamp>994.616687</timestamp>
			</report>
			<report>
				<misses>4742001</misses>
				<total>160</total>
				<timestamp>994.826477</timestamp>
			</report>
			<report>
				<misses>4743001</misses>
				<total>160</total>
				<timestamp>995.036287</timestamp>
			</report>
			<report>
				<misses>4744001</misses>
				<total>160</total>
				<timestamp>995.246040</timestamp>
			</report>
			<report>
				<misses>4745001</misses>
				<total>159</total>
				<timestamp>995.455870</timestamp>
			</report>
			<report>
				<misses>4746001</misses>
				<total>160</total>
				<timestamp>995.665613</timestamp>
			</report>
			<report>
				<misses>4747001</misses>
				<total>160</total>
				<timestamp>995.875448</timestamp>
			</report>
			<report>
				<misses>4748001</misses>
				<total>160</total>
				<timestamp>996.085243</timestamp>
			</report>
			<report>
				<misses>4749001</misses>
				<total>160</total>
				<timestamp>996.294977</timestamp>
			</report>
			<report>
				<misses>4750001</misses>
				<total>160</total>
				<timestamp>996.504781</timestamp>
			</report>
			<report>
				<misses>4751001</misses>
				<total>160</total>
				<timestamp>996.714592</timestamp>
			</report>
			<report>
				<misses>4752001</misses>
				<total>160</total>
				<timestamp>996.924373</timestamp>
			</report>
			<report>
				<misses>4753001</misses>
				<total>160</total>
				<timestamp>997.134160</timestamp>
			</report>
			<report>
				<misses>4754001</misses>
				<total>160</total>
				<timestamp>997.344066</timestamp>
			</report>
			<report>
				<misses>4755001</misses>
				<total>160</total>
				<timestamp>997.553725</timestamp>
			</report>
			<report>
				<misses>4756001</misses>
				<total>160</total>
				<timestamp>997.763651</timestamp>
			</report>
			<report>
				<misses>4757001</misses>
				<total>160</total>
				<timestamp>997.973348</timestamp>
			</report>
			<report>
				<misses>4758001</misses>
				<total>160</total>
				<timestamp>998.183105</timestamp>
			</report>
			<report>
				<misses>4759001</misses>
				<total>160</total>
				<timestamp>998.392928</timestamp>
			</report>
			<report>
				<misses>4760001</misses>
				<total>160</total>
				<timestamp>998.602802</timestamp>
			</report>
			<report>
				<misses>4761001</misses>
				<total>160</total>
				<timestamp>998.812468</timestamp>
			</report>
			<report>
				<misses>4762001</misses>
				<total>160</total>
				<timestamp>999.022378</timestamp>
			</report>
			<report>
				<misses>4763001</misses>
				<total>160</total>
				<timestamp>999.232090</timestamp>
			</report>
			<report>
				<misses>4764001</misses>
				<total>160</total>
				<timestamp>999.441879</timestamp>
			</report>
			<report>
				<misses>4765001</misses>
				<total>160</total>
				<timestamp>999.651668</timestamp>
			</report>
			<report>
				<misses>4766001</misses>
				<total>160</total>
				<timestamp>999.861549</timestamp>
			</report>
			<report>
				<misses>4767001</misses>
				<total>160</total>
				<timestamp>1000.071332</timestamp>
			</report>
			<report>
				<misses>4768001</misses>
				<total>160</total>
				<timestamp>1000.281046</timestamp>
			</report>
			<report>
				<misses>4769001</misses>
				<total>160</total>
				<timestamp>1000.490787</timestamp>
			</report>
			<report>
				<misses>4770001</misses>
				<total>160</total>
				<timestamp>1000.700698</timestamp>
			</report>
			<report>
				<misses>4771001</misses>
				<total>160</total>
				<timestamp>1000.910492</timestamp>
			</report>
			<report>
				<misses>4772001</misses>
				<total>160</total>
				<timestamp>1001.120195</timestamp>
			</report>
			<report>
				<misses>4773001</misses>
				<total>160</total>
				<timestamp>1001.329952</timestamp>
			</report>
			<report>
				<misses>4774001</misses>
				<total>160</total>
				<timestamp>1001.539740</timestamp>
			</report>
			<report>
				<misses>4775001</misses>
				<total>160</total>
				<timestamp>1001.749651</timestamp>
			</report>
			<report>
				<misses>4776001</misses>
				<total>160</total>
				<timestamp>1001.959314</timestamp>
			</report>
			<report>
				<misses>4777001</misses>
				<total>160</total>
				<timestamp>1002.169156</timestamp>
			</report>
			<report>
				<misses>4778001</misses>
				<total>160</total>
				<timestamp>1002.379019</timestamp>
			</report>
			<report>
				<misses>4779001</misses>
				<total>159</total>
				<timestamp>1002.588729</timestamp>
			</report>
			<report>
				<misses>4780001</misses>
				<total>160</total>
				<timestamp>1002.798597</timestamp>
			</report>
			<report>
				<misses>4781001</misses>
				<total>160</total>
				<timestamp>1003.008314</timestamp>
			</report>
			<report>
				<misses>4782001</misses>
				<total>160</total>
				<timestamp>1003.218069</timestamp>
			</report>
			<report>
				<misses>4783001</misses>
				<total>160</total>
				<timestamp>1003.427888</timestamp>
			</report>
			<report>
				<misses>4784001</misses>
				<total>160</total>
				<timestamp>1003.637680</timestamp>
			</report>
			<report>
				<misses>4785001</misses>
				<total>160</total>
				<timestamp>1003.847470</timestamp>
			</report>
			<report>
				<misses>4786001</misses>
				<total>160</total>
				<timestamp>1004.057344</timestamp>
			</report>
			<report>
				<misses>4787001</misses>
				<total>160</total>
				<timestamp>1004.267133</timestamp>
			</report>
			<report>
				<misses>4788001</misses>
				<total>160</total>
				<timestamp>1004.476918</timestamp>
			</report>
			<report>
				<misses>4789001</misses>
				<total>160</total>
				<timestamp>1004.686631</timestamp>
			</report>
			<report>
				<misses>4790001</misses>
				<total>160</total>
				<timestamp>1004.896427</timestamp>
			</report>
			<report>
				<misses>4791001</misses>
				<total>160</total>
				<timestamp>1005.106289</timestamp>
			</report>
			<report>
				<misses>4792001</misses>
				<total>160</total>
				<timestamp>1005.315954</timestamp>
			</report>
			<report>
				<misses>4793001</misses>
				<total>160</total>
				<timestamp>1005.525745</timestamp>
			</report>
			<report>
				<misses>4794001</misses>
				<total>160</total>
				<timestamp>1005.735544</timestamp>
			</report>
			<report>
				<misses>4795001</misses>
				<total>160</total>
				<timestamp>1005.945406</timestamp>
			</report>
			<report>
				<misses>4796001</misses>
				<total>160</total>
				<timestamp>1006.155122</timestamp>
			</report>
			<report>
				<misses>4797001</misses>
				<total>160</total>
				<timestamp>1006.364924</timestamp>
			</report>
			<report>
				<misses>4798001</misses>
				<total>160</total>
				<timestamp>1006.574726</timestamp>
			</report>
			<report>
				<misses>4799001</misses>
				<total>160</total>
				<timestamp>1006.784507</timestamp>
			</report>
			<report>
				<misses>4800001</misses>
				<total>160</total>
				<timestamp>1006.994286</timestamp>
			</report>
			<report>
				<misses>4801001</misses>
				<total>160</total>
				<timestamp>1007.204077</timestamp>
			</report>
			<report>
				<misses>4802001</misses>
				<total>160</total>
				<timestamp>1007.413853</timestamp>
			</report>
			<report>
				<misses>4803001</misses>
				<total>160</total>
				<timestamp>1007.623628</timestamp>
			</report>
			<report>
				<misses>4804001</misses>
				<total>160</total>
				<timestamp>1007.833460</timestamp>
			</report>
			<report>
				<misses>4805001</misses>
				<total>160</total>
				<timestamp>1008.043266</timestamp>
			</report>
			<report>
				<misses>4806001</misses>
				<total>160</total>
				<timestamp>1008.253052</timestamp>
			</report>
			<report>
				<misses>4807001</misses>
				<total>160</total>
				<timestamp>1008.462798</timestamp>
			</report>
			<report>
				<misses>4808001</misses>
				<total>159</total>
				<timestamp>1008.672660</timestamp>
			</report>
			<report>
				<misses>4809001</misses>
				<total>160</total>
				<timestamp>1008.882400</timestamp>
			</report>
			<report>
				<misses>4810001</misses>
				<total>160</total>
				<timestamp>1009.092224</timestamp>
			</report>
			<report>
				<misses>4811001</misses>
				<total>160</total>
				<timestamp>1009.301972</timestamp>
			</report>
			<report>
				<misses>4812001</misses>
				<total>160</total>
				<timestamp>1009.511763</timestamp>
			</report>
			<report>
				<misses>4813001</misses>
				<total>160</total>
				<timestamp>1009.721568</timestamp>
			</report>
			<report>
				<misses>4814001</misses>
				<total>160</total>
				<timestamp>1009.931365</timestamp>
			</report>
			<report>
				<misses>4815001</misses>
				<total>160</total>
				<timestamp>1010.141135</timestamp>
			</report>
			<report>
				<misses>4816001</misses>
				<total>160</total>
				<timestamp>1010.350929</timestamp>
			</report>
			<report>
				<misses>4817001</misses>
				<total>160</total>
				<timestamp>1010.560714</timestamp>
			</report>
			<report>
				<misses>4818001</misses>
				<total>160</total>
				<timestamp>1010.770497</timestamp>
			</report>
			<report>
				<misses>4819001</misses>
				<total>160</total>
				<timestamp>1010.980281</timestamp>
			</report>
			<report>
				<misses>4820001</misses>
				<total>160</total>
				<timestamp>1011.190082</timestamp>
			</report>
			<report>
				<misses>4821001</misses>
				<total>160</total>
				<timestamp>1011.399863</timestamp>
			</report>
			<report>
				<misses>4822001</misses>
				<total>159</total>
				<timestamp>1011.609671</timestamp>
			</report>
			<report>
				<misses>4823001</misses>
				<total>160</total>
				<timestamp>1011.819482</timestamp>
			</report>
			<report>
				<misses>4824001</misses>
				<total>160</total>
				<timestamp>1012.029276</timestamp>
			</report>
			<report>
				<misses>4825001</misses>
				<total>160</total>
				<timestamp>1012.239032</timestamp>
			</report>
			<report>
				<misses>4826001</misses>
				<total>160</total>
				<timestamp>1012.448829</timestamp>
			</report>
			<report>
				<misses>4827001</misses>
				<total>160</total>
				<timestamp>1012.658627</timestamp>
			</report>
			<report>
				<misses>4828001</misses>
				<total>160</total>
				<timestamp>1012.868395</timestamp>
			</report>
			<report>
				<misses>4829001</misses>
				<total>160</total>
				<timestamp>1013.078239</timestamp>
			</report>
			<report>
				<misses>4830001</misses>
				<total>160</total>
				<timestamp>1013.287989</timestamp>
			</report>
			<report>
				<misses>4831001</misses>
				<total>160</total>
				<timestamp>1013.497780</timestamp>
			</report>
			<report>
				<misses>4832001</misses>
				<total>160</total>
				<timestamp>1013.707599</timestamp>
			</report>
			<report>
				<misses>4833001</misses>
				<total>160</total>
				<timestamp>1013.917370</timestamp>
			</report>
			<report>
				<misses>4834001</misses>
				<total>160</total>
				<timestamp>1014.127189</timestamp>
			</report>
			<report>
				<misses>4835001</misses>
				<total>160</total>
				<timestamp>1014.336929</timestamp>
			</report>
			<report>
				<misses>4836001</misses>
				<total>160</total>
				<timestamp>1014.546707</timestamp>
			</report>
			<report>
				<misses>4837001</misses>
				<total>160</total>
				<timestamp>1014.756501</timestamp>
			</report>
			<report>
				<misses>4838001</misses>
				<total>160</total>
				<timestamp>1014.966350</timestamp>
			</report>
			<report>
				<misses>4839001</misses>
				<total>160</total>
				<timestamp>1015.176102</timestamp>
			</report>
			<report>
				<misses>4840001</misses>
				<total>160</total>
				<timestamp>1015.385890</timestamp>
			</report>
			<report>
				<misses>4841001</misses>
				<total>160</total>
				<timestamp>1015.595680</timestamp>
			</report>
			<report>
				<misses>4842001</misses>
				<total>160</total>
				<timestamp>1015.805458</timestamp>
			</report>
			<report>
				<misses>4843001</misses>
				<total>160</total>
				<timestamp>1016.015265</timestamp>
			</report>
			<report>
				<misses>4844001</misses>
				<total>160</total>
				<timestamp>1016.225045</timestamp>
			</report>
			<report>
				<misses>4845001</misses>
				<total>160</total>
				<timestamp>1016.434827</timestamp>
			</report>
			<report>
				<misses>4846001</misses>
				<total>160</total>
				<timestamp>1016.644610</timestamp>
			</report>
			<report>
				<misses>4847001</misses>
				<total>160</total>
				<timestamp>1016.854400</timestamp>
			</report>
			<report>
				<misses>4848001</misses>
				<total>160</total>
				<timestamp>1017.064220</timestamp>
			</report>
			<report>
				<misses>4849001</misses>
				<total>160</total>
				<timestamp>1017.273992</timestamp>
			</report>
			<report>
				<misses>4850001</misses>
				<total>160</total>
				<timestamp>1017.483824</timestamp>
			</report>
			<report>
				<misses>4851001</misses>
				<total>160</total>
				<timestamp>1017.693564</timestamp>
			</report>
			<report>
				<misses>4852001</misses>
				<total>160</total>
				<timestamp>1017.903359</timestamp>
			</report>
			<report>
				<misses>4853001</misses>
				<total>160</total>
				<timestamp>1018.113206</timestamp>
			</report>
			<report>
				<misses>4854001</misses>
				<total>160</total>
				<timestamp>1018.322949</timestamp>
			</report>
			<report>
				<misses>4855001</misses>
				<total>160</total>
				<timestamp>1018.532736</timestamp>
			</report>
			<report>
				<misses>4856001</misses>
				<total>160</total>
				<timestamp>1018.742528</timestamp>
			</report>
			<report>
				<misses>4857001</misses>
				<total>160</total>
				<timestamp>1018.952362</timestamp>
			</report>
			<report>
				<misses>4858001</misses>
				<total>160</total>
				<timestamp>1019.162102</timestamp>
			</report>
			<report>
				<misses>4859001</misses>
				<total>160</total>
				<timestamp>1019.371894</timestamp>
			</report>
			<report>
				<misses>4860001</misses>
				<total>160</total>
				<timestamp>1019.581679</timestamp>
			</report>
			<report>
				<misses>4861001</misses>
				<total>159</total>
				<timestamp>1019.791465</timestamp>
			</report>
			<report>
				<misses>4862001</misses>
				<total>160</total>
				<timestamp>1020.001295</timestamp>
			</report>
			<report>
				<misses>4863001</misses>
				<total>160</total>
				<timestamp>1020.211065</timestamp>
			</report>
			<report>
				<misses>4864001</misses>
				<total>160</total>
				<timestamp>1020.420858</timestamp>
			</report>
			<report>
				<misses>4865001</misses>
				<total>160</total>
				<timestamp>1020.630629</timestamp>
			</report>
			<report>
				<misses>4866001</misses>
				<total>160</total>
				<timestamp>1020.840444</timestamp>
			</report>
			<report>
				<misses>4867001</misses>
				<total>160</total>
				<timestamp>1021.050261</timestamp>
			</report>
			<report>
				<misses>4868001</misses>
				<total>160</total>
				<timestamp>1021.260005</timestamp>
			</report>
			<report>
				<misses>4869001</misses>
				<total>160</total>
				<timestamp>1021.469795</timestamp>
			</report>
			<report>
				<misses>4870001</misses>
				<total>160</total>
				<timestamp>1021.679576</timestamp>
			</report>
			<report>
				<misses>4871001</misses>
				<total>160</total>
				<timestamp>1021.889378</timestamp>
			</report>
			<report>
				<misses>4872001</misses>
				<total>160</total>
				<timestamp>1022.099185</timestamp>
			</report>
			<report>
				<misses>4873001</misses>
				<total>160</total>
				<timestamp>1022.308962</timestamp>
			</report>
			<report>
				<misses>4874001</misses>
				<total>160</total>
				<timestamp>1022.518739</timestamp>
			</report>
			<report>
				<misses>4875001</misses>
				<total>160</total>
				<timestamp>1022.728551</timestamp>
			</report>
			<report>
				<misses>4876001</misses>
				<total>160</total>
				<timestamp>1022.938322</timestamp>
			</report>
			<report>
				<misses>4877001</misses>
				<total>160</total>
				<timestamp>1023.148162</timestamp>
			</report>
			<report>
				<misses>4878001</misses>
				<total>160</total>
				<timestamp>1023.357902</timestamp>
			</report>
			<report>
				<misses>4879001</misses>
				<total>160</total>
				<timestamp>1023.567679</timestamp>
			</report>
			<report>
				<misses>4880001</misses>
				<total>160</total>
				<timestamp>1023.777504</timestamp>
			</report>
			<report>
				<misses>4881001</misses>
				<total>160</total>
				<timestamp>1023.987273</timestamp>
			</report>
			<report>
				<misses>4882001</misses>
				<total>160</total>
				<timestamp>1024.197049</timestamp>
			</report>
			<report>
				<misses>4883001</misses>
				<total>160</total>
				<timestamp>1024.406858</timestamp>
			</report>
			<report>
				<misses>4884001</misses>
				<total>160</total>
				<timestamp>1024.616638</timestamp>
			</report>
			<report>
				<misses>4885001</misses>
				<total>159</total>
				<timestamp>1024.826443</timestamp>
			</report>
			<report>
				<misses>4886001</misses>
				<total>160</total>
				<timestamp>1025.036288</timestamp>
			</report>
			<report>
				<misses>4887001</misses>
				<total>160</total>
				<timestamp>1025.246006</timestamp>
			</report>
			<report>
				<misses>4888001</misses>
				<total>160</total>
				<timestamp>1025.455804</timestamp>
			</report>
			<report>
				<misses>4889001</misses>
				<total>160</total>
				<timestamp>1025.665588</timestamp>
			</report>
			<report>
				<misses>4890001</misses>
				<total>160</total>
				<timestamp>1025.875408</timestamp>
			</report>
			<report>
				<misses>4891001</misses>
				<total>160</total>
				<timestamp>1026.085174</timestamp>
			</report>
			<report>
				<misses>4892001</misses>
				<total>160</total>
				<timestamp>1026.294968</timestamp>
			</report>
			<report>
				<misses>4893001</misses>
				<total>160</total>
				<timestamp>1026.504757</timestamp>
			</report>
			<report>
				<misses>4894001</misses>
				<total>160</total>
				<timestamp>1026.714541</timestamp>
			</report>
			<report>
				<misses>4895001</misses>
				<total>160</total>
				<timestamp>1026.924388</timestamp>
			</report>
			<report>
				<misses>4896001</misses>
				<total>160</total>
				<timestamp>1027.134159</timestamp>
			</report>
			<report>
				<misses>4897001</misses>
				<total>160</total>
				<timestamp>1027.343908</timestamp>
			</report>
			<report>
				<misses>4898001</misses>
				<total>160</total>
				<timestamp>1027.553717</timestamp>
			</report>
			<report>
				<misses>4899001</misses>
				<total>160</total>
				<timestamp>1027.763525</timestamp>
			</report>
			<report>
				<misses>4900001</misses>
				<total>159</total>
				<timestamp>1027.973325</timestamp>
			</report>
			<report>
				<misses>4901001</misses>
				<total>160</total>
				<timestamp>1028.183096</timestamp>
			</report>
			<report>
				<misses>4902001</misses>
				<total>160</total>
				<timestamp>1028.392865</timestamp>
			</report>
			<report>
				<misses>4903001</misses>
				<total>160</total>
				<timestamp>1028.602682</timestamp>
			</report>
			<report>
				<misses>4904001</misses>
				<total>160</total>
				<timestamp>1028.812468</timestamp>
			</report>
			<report>
				<misses>4905001</misses>
				<total>160</total>
				<timestamp>1029.022306</timestamp>
			</report>
			<report>
				<misses>4906001</misses>
				<total>160</total>
				<timestamp>1029.232017</timestamp>
			</report>
			<report>
				<misses>4907001</misses>
				<total>160</total>
				<timestamp>1029.441794</timestamp>
			</report>
			<report>
				<misses>4908001</misses>
				<total>160</total>
				<timestamp>1029.651604</timestamp>
			</report>
			<report>
				<misses>4909001</misses>
				<total>160</total>
				<timestamp>1029.861399</timestamp>
			</report>
			<report>
				<misses>4910001</misses>
				<total>160</total>
				<timestamp>1030.071181</timestamp>
			</report>
			<report>
				<misses>4911001</misses>
				<total>160</total>
				<timestamp>1030.280959</timestamp>
			</report>
			<report>
				<misses>4912001</misses>
				<total>160</total>
				<timestamp>1030.490764</timestamp>
			</report>
			<report>
				<misses>4913001</misses>
				<total>160</total>
				<timestamp>1030.700538</timestamp>
			</report>
			<report>
				<misses>4914001</misses>
				<total>160</total>
				<timestamp>1030.910370</timestamp>
			</report>
			<report>
				<misses>4915001</misses>
				<total>160</total>
				<timestamp>1031.120117</timestamp>
			</report>
			<report>
				<misses>4916001</misses>
				<total>160</total>
				<timestamp>1031.329906</timestamp>
			</report>
			<report>
				<misses>4917001</misses>
				<total>160</total>
				<timestamp>1031.539707</timestamp>
			</report>
			<report>
				<misses>4918001</misses>
				<total>160</total>
				<timestamp>1031.749528</timestamp>
			</report>
			<report>
				<misses>4919001</misses>
				<total>160</total>
				<timestamp>1031.959296</timestamp>
			</report>
			<report>
				<misses>4920001</misses>
				<total>160</total>
				<timestamp>1032.169079</timestamp>
			</report>
			<report>
				<misses>4921001</misses>
				<total>160</total>
				<timestamp>1032.378876</timestamp>
			</report>
			<report>
				<misses>4922001</misses>
				<total>160</total>
				<timestamp>1032.588670</timestamp>
			</report>
			<report>
				<misses>4923001</misses>
				<total>160</total>
				<timestamp>1032.798451</timestamp>
			</report>
			<report>
				<misses>4924001</misses>
				<total>160</total>
				<timestamp>1033.008242</timestamp>
			</report>
			<report>
				<misses>4925001</misses>
				<total>160</total>
				<timestamp>1033.218071</timestamp>
			</report>
			<report>
				<misses>4926001</misses>
				<total>160</total>
				<timestamp>1033.427822</timestamp>
			</report>
			<report>
				<misses>4927001</misses>
				<total>160</total>
				<timestamp>1033.637605</timestamp>
			</report>
			<report>
				<misses>4928001</misses>
				<total>160</total>
				<timestamp>1033.847412</timestamp>
			</report>
			<report>
				<misses>4929001</misses>
				<total>160</total>
				<timestamp>1034.057231</timestamp>
			</report>
			<report>
				<misses>4930001</misses>
				<total>160</total>
				<timestamp>1034.266974</timestamp>
			</report>
			<report>
				<misses>4931001</misses>
				<total>160</total>
				<timestamp>1034.476781</timestamp>
			</report>
			<report>
				<misses>4932001</misses>
				<total>160</total>
				<timestamp>1034.686547</timestamp>
			</report>
			<report>
				<misses>4933001</misses>
				<total>160</total>
				<timestamp>1034.896352</timestamp>
			</report>
			<report>
				<misses>4934001</misses>
				<total>160</total>
				<timestamp>1035.106165</timestamp>
			</report>
			<report>
				<misses>4935001</misses>
				<total>160</total>
				<timestamp>1035.315929</timestamp>
			</report>
			<report>
				<misses>4936001</misses>
				<total>160</total>
				<timestamp>1035.525728</timestamp>
			</report>
			<report>
				<misses>4937001</misses>
				<total>160</total>
				<timestamp>1035.735508</timestamp>
			</report>
			<report>
				<misses>4938001</misses>
				<total>160</total>
				<timestamp>1035.945308</timestamp>
			</report>
			<report>
				<misses>4939001</misses>
				<total>160</total>
				<timestamp>1036.155102</timestamp>
			</report>
			<report>
				<misses>4940001</misses>
				<total>160</total>
				<timestamp>1036.364933</timestamp>
			</report>
			<report>
				<misses>4941001</misses>
				<total>160</total>
				<timestamp>1036.574662</timestamp>
			</report>
			<report>
				<misses>4942001</misses>
				<total>160</total>
				<timestamp>1036.784458</timestamp>
			</report>
			<report>
				<misses>4943001</misses>
				<total>160</total>
				<timestamp>1036.994248</timestamp>
			</report>
			<report>
				<misses>4944001</misses>
				<total>160</total>
				<timestamp>1037.204059</timestamp>
			</report>
			<report>
				<misses>4945001</misses>
				<total>160</total>
				<timestamp>1037.413827</timestamp>
			</report>
			<report>
				<misses>4946001</misses>
				<total>160</total>
				<timestamp>1037.623609</timestamp>
			</report>
			<report>
				<misses>4947001</misses>
				<total>160</total>
				<timestamp>1037.833403</timestamp>
			</report>
			<report>
				<misses>4948001</misses>
				<total>160</total>
				<timestamp>1038.043223</timestamp>
			</report>
			<report>
				<misses>4949001</misses>
				<total>160</total>
				<timestamp>1038.252984</timestamp>
			</report>
			<report>
				<misses>4950001</misses>
				<total>160</total>
				<timestamp>1038.462769</timestamp>
			</report>
			<report>
				<misses>4951001</misses>
				<total>160</total>
				<timestamp>1038.672580</timestamp>
			</report>
			<report>
				<misses>4952001</misses>
				<total>160</total>
				<timestamp>1038.882401</timestamp>
			</report>
			<report>
				<misses>4953001</misses>
				<total>160</total>
				<timestamp>1039.092161</timestamp>
			</report>
			<report>
				<misses>4954001</misses>
				<total>160</total>
				<timestamp>1039.301972</timestamp>
			</report>
			<report>
				<misses>4955001</misses>
				<total>160</total>
				<timestamp>1039.511746</timestamp>
			</report>
			<report>
				<misses>4956001</misses>
				<total>160</total>
				<timestamp>1039.721536</timestamp>
			</report>
			<report>
				<misses>4957001</misses>
				<total>160</total>
				<timestamp>1039.931310</timestamp>
			</report>
			<report>
				<misses>4958001</misses>
				<total>160</total>
				<timestamp>1040.141158</timestamp>
			</report>
			<report>
				<misses>4959001</misses>
				<total>160</total>
				<timestamp>1040.350943</timestamp>
			</report>
			<report>
				<misses>4960001</misses>
				<total>160</total>
				<timestamp>1040.560676</timestamp>
			</report>
			<report>
				<misses>4961001</misses>
				<total>160</total>
				<timestamp>1040.770473</timestamp>
			</report>
			<report>
				<misses>4962001</misses>
				<total>160</total>
				<timestamp>1040.980300</timestamp>
			</report>
			<report>
				<misses>4963001</misses>
				<total>160</total>
				<timestamp>1041.190085</timestamp>
			</report>
			<report>
				<misses>4964001</misses>
				<total>160</total>
				<timestamp>1041.399845</timestamp>
			</report>
			<report>
				<misses>4965001</misses>
				<total>160</total>
				<timestamp>1041.609627</timestamp>
			</report>
			<report>
				<misses>4966001</misses>
				<total>160</total>
				<timestamp>1041.819443</timestamp>
			</report>
			<report>
				<misses>4967001</misses>
				<total>160</total>
				<timestamp>1042.029234</timestamp>
			</report>
			<report>
				<misses>4968001</misses>
				<total>160</total>
				<timestamp>1042.239037</timestamp>
			</report>
			<report>
				<misses>4969001</misses>
				<total>160</total>
				<timestamp>1042.448803</timestamp>
			</report>
			<report>
				<misses>4970001</misses>
				<total>160</total>
				<timestamp>1042.658569</timestamp>
			</report>
			<report>
				<misses>4971001</misses>
				<total>160</total>
				<timestamp>1042.868399</timestamp>
			</report>
			<report>
				<misses>4972001</misses>
				<total>160</total>
				<timestamp>1043.078179</timestamp>
			</report>
			<report>
				<misses>4973001</misses>
				<total>160</total>
				<timestamp>1043.287956</timestamp>
			</report>
			<report>
				<misses>4974001</misses>
				<total>160</total>
				<timestamp>1043.497745</timestamp>
			</report>
			<report>
				<misses>4975001</misses>
				<total>160</total>
				<timestamp>1043.707532</timestamp>
			</report>
			<report>
				<misses>4976001</misses>
				<total>160</total>
				<timestamp>1043.917320</timestamp>
			</report>
			<report>
				<misses>4977001</misses>
				<total>160</total>
				<timestamp>1044.127152</timestamp>
			</report>
			<report>
				<misses>4978001</misses>
				<total>160</total>
				<timestamp>1044.336908</timestamp>
			</report>
			<report>
				<misses>4979001</misses>
				<total>160</total>
				<timestamp>1044.546685</timestamp>
			</report>
			<report>
				<misses>4980001</misses>
				<total>160</total>
				<timestamp>1044.756482</timestamp>
			</report>
			<report>
				<misses>4981001</misses>
				<total>159</total>
				<timestamp>1044.966298</timestamp>
			</report>
			<report>
				<misses>4982001</misses>
				<total>160</total>
				<timestamp>1045.176074</timestamp>
			</report>
			<report>
				<misses>4983001</misses>
				<total>160</total>
				<timestamp>1045.385849</timestamp>
			</report>
			<report>
				<misses>4984001</misses>
				<total>160</total>
				<timestamp>1045.595709</timestamp>
			</report>
			<report>
				<misses>4985001</misses>
				<total>160</total>
				<timestamp>1045.805434</timestamp>
			</report>
			<report>
				<misses>4986001</misses>
				<total>160</total>
				<timestamp>1046.015256</timestamp>
			</report>
			<report>
				<misses>4987001</misses>
				<total>160</total>
				<timestamp>1046.225089</timestamp>
			</report>
			<report>
				<misses>4988001</misses>
				<total>160</total>
				<timestamp>1046.434803</timestamp>
			</report>
			<report>
				<misses>4989001</misses>
				<total>159</total>
				<timestamp>1046.644621</timestamp>
			</report>
			<report>
				<misses>4990001</misses>
				<total>160</total>
				<timestamp>1046.854384</timestamp>
			</report>
			<report>
				<misses>4991001</misses>
				<total>160</total>
				<timestamp>1047.064201</timestamp>
			</report>
			<report>
				<misses>4992001</misses>
				<total>160</total>
				<timestamp>1047.273986</timestamp>
			</report>
			<report>
				<misses>4993001</misses>
				<total>160</total>
				<timestamp>1047.483770</timestamp>
			</report>
			<report>
				<misses>4994001</misses>
				<total>160</total>
				<timestamp>1047.693545</timestamp>
			</report>
			<report>
				<misses>4995001</misses>
				<total>160</total>
				<timestamp>1047.903342</timestamp>
			</report>
			<report>
				<misses>4996001</misses>
				<total>160</total>
				<timestamp>1048.113150</timestamp>
			</report>
			<report>
				<misses>4997001</misses>
				<total>160</total>
				<timestamp>1048.322956</timestamp>
			</report>
			<report>
				<misses>4998001</misses>
				<total>160</total>
				<timestamp>1048.532704</timestamp>
			</report>
			<report>
				<misses>4999001</misses>
				<total>160</total>
				<timestamp>1048.742485</timestamp>
			</report>
			<report>
				<misses>5000001</misses>
				<total>160</total>
				<timestamp>1048.952309</timestamp>
			</report>
		</query>
	</custom>
	<ethtool_statistic>
		<rx_packets>
			<start>7686382240</start>
			<end>7774610894</end>
		</rx_packets>
		<tx_packets>
			<start>12912764757</start>
			<end>13059329431</end>
		</tx_packets>
		<rx_dropped>
			<start>828</start>
			<end>828</end>
		</rx_dropped>
		<tx_dropped>
			<start>0</start>
			<end>0</end>
		</tx_dropped>
		<collisions>
			<start>0</start>
			<end>0</end>
		</collisions>
		<port_tx_errors>
			<start>0</start>
			<end>0</end>
		</port_tx_errors>
		<port_rx_dropped>
			<start>0</start>
			<end>0</end>
		</port_rx_dropped>
		<port_tx_dropped_link_down>
			<start>0</start>
			<end>0</end>
		</port_tx_dropped_link_down>
	</ethtool_statistic>
	<ip_statistic>
		<mtu>
			<start>9000</start>
			<end>9000</end>
		</mtu>
		<rx_bytes>
			<start>31573971833905</start>
			<end>31926276038421</end>
		</rx_bytes>
		<rx_packets>
			<start>7686382507</start>
			<end>7774611038</end>
		</rx_packets>
		<rx_errors>
			<start>0</start>
			<end>0</end>
		</rx_errors>
		<rx_dropped>
			<start>828</start>
			<end>828</end>
		</rx_dropped>
		<rx_missed>
			<start>0</start>
			<end>0</end>
		</rx_missed>
		<rx_mcast>
			<start>5000</start>
			<end>5009</end>
		</rx_mcast>
		<tx_bytes>
			<start>44765196377466</start>
			<end>45360528949500</end>
		</tx_bytes>
		<tx_packets>
			<start>12912765193</start>
			<end>13059329952</end>
		</tx_packets>
		<tx_errors>
			<start>0</start>
			<end>0</end>
		</tx_errors>
		<tx_dropped>
			<start>0</start>
			<end>0</end>
		</tx_dropped>
		<tx_carrier>
			<start>0</start>
			<end>0</end>
		</tx_carrier>
		<tx_collisions>
			<start>0</start>
			<end>0</end>
		</tx_collisions>
	</ip_statistic>
	<netstat_statistic>
		<udp_pkg_rec>
			<start>6554299468</start>
			<end>6629786094</end>
		</udp_pkg_rec>
		<udp_pkg_snt>
			<start>11321336218</start>
			<end>11432941426</end>
		</udp_pkg_snt>
		<udp_rec_err>
			<start>1134035155</start>
			<end>1146782311</end>
		</udp_rec_err>
		<udp_rec_buf_err>
			<start>1134035155</start>
			<end>1146782311</end>
		</udp_rec_buf_err>
		<udp_snt_buf_err>
			<start>0</start>
			<end>0</end>
		</udp_snt_buf_err>
	</netstat_statistic>
</test_results>
