<?xml version="1.0"?>
<test_results>
	<status>STATUS_SUCCESS</status>
	<custom>
		<num_loss>966234</num_loss>
		<num_total>2000001</num_total>
		<num_misses>4</num_misses>
		<elapsed_time>259.974726</elapsed_time>
		<query>
			<report>
				<misses>10000</misses>
				<total>15</total>
			</report>
			<report>
				<misses>20000</misses>
				<total>17</total>
			</report>
			<report>
				<misses>30000</misses>
				<total>24</total>
			</report>
			<report>
				<misses>40000</misses>
				<total>24</total>
			</report>
			<report>
				<misses>50000</misses>
				<total>26</total>
			</report>
			<report>
				<misses>60000</misses>
				<total>33</total>
			</report>
			<report>
				<misses>70000</misses>
				<total>33</total>
			</report>
			<report>
				<misses>80000</misses>
				<total>59</total>
			</report>
			<report>
				<misses>90000</misses>
				<total>59</total>
			</report>
			<report>
				<misses>100000</misses>
				<total>67</total>
			</report>
			<report>
				<misses>110000</misses>
				<total>68</total>
			</report>
			<report>
				<misses>120000</misses>
				<total>79</total>
			</report>
			<report>
				<misses>130000</misses>
				<total>87</total>
			</report>
			<report>
				<misses>140000</misses>
				<total>7711</total>
			</report>
			<report>
				<misses>150000</misses>
				<total>17710</total>
			</report>
			<report>
				<misses>160000</misses>
				<total>27709</total>
			</report>
			<report>
				<misses>170000</misses>
				<total>37708</total>
			</report>
			<report>
				<misses>180000</misses>
				<total>47707</total>
			</report>
			<report>
				<misses>190000</misses>
				<total>57706</total>
			</report>
			<report>
				<misses>200000</misses>
				<total>67705</total>
			</report>
			<report>
				<misses>210000</misses>
				<total>77704</total>
			</report>
			<report>
				<misses>220000</misses>
				<total>87703</total>
			</report>
			<report>
				<misses>230000</misses>
				<total>97702</total>
			</report>
			<report>
				<misses>240000</misses>
				<total>107701</total>
			</report>
			<report>
				<misses>250000</misses>
				<total>117700</total>
			</report>
			<report>
				<misses>260000</misses>
				<total>127699</total>
			</report>
			<report>
				<misses>270000</misses>
				<total>137698</total>
			</report>
			<report>
				<misses>280000</misses>
				<total>147697</total>
			</report>
			<report>
				<misses>290000</misses>
				<total>150146</total>
			</report>
			<report>
				<misses>300000</misses>
				<total>150150</total>
			</report>
			<report>
				<misses>310000</misses>
				<total>150151</total>
			</report>
			<report>
				<misses>320000</misses>
				<total>150153</total>
			</report>
			<report>
				<misses>330000</misses>
				<total>150158</total>
			</report>
			<report>
				<misses>340000</misses>
				<total>150161</total>
			</report>
			<report>
				<misses>350000</misses>
				<total>150168</total>
			</report>
			<report>
				<misses>360000</misses>
				<total>150175</total>
			</report>
			<report>
				<misses>370000</misses>
				<total>150176</total>
			</report>
			<report>
				<misses>380000</misses>
				<total>150176</total>
			</report>
			<report>
				<misses>390000</misses>
				<total>150193</total>
			</report>
			<report>
				<misses>400000</misses>
				<total>150197</total>
			</report>
			<report>
				<misses>410000</misses>
				<total>150197</total>
			</report>
			<report>
				<misses>420000</misses>
				<total>150208</total>
			</report>
			<report>
				<misses>430000</misses>
				<total>150213</total>
			</report>
			<report>
				<misses>440000</misses>
				<total>150214</total>
			</report>
			<report>
				<misses>450000</misses>
				<total>151462</total>
			</report>
			<report>
				<misses>460000</misses>
				<total>161461</total>
			</report>
			<report>
				<misses>470000</misses>
				<total>171460</total>
			</report>
			<report>
				<misses>480000</misses>
				<total>181459</total>
			</report>
			<report>
				<misses>490000</misses>
				<total>191458</total>
			</report>
			<report>
				<misses>500000</misses>
				<total>201457</total>
			</report>
			<report>
				<misses>510000</misses>
				<total>211456</total>
			</report>
			<report>
				<misses>520000</misses>
				<total>221455</total>
			</report>
			<report>
				<misses>530000</misses>
				<total>231454</total>
			</report>
			<report>
				<misses>540000</misses>
				<total>241453</total>
			</report>
			<report>
				<misses>550000</misses>
				<total>251452</total>
			</report>
			<report>
				<misses>560000</misses>
				<total>261451</total>
			</report>
			<report>
				<misses>570000</misses>
				<total>271450</total>
			</report>
			<report>
				<misses>580000</misses>
				<total>281449</total>
			</report>
			<report>
				<misses>590000</misses>
				<total>291448</total>
			</report>
			<report>
				<misses>600000</misses>
				<total>301371</total>
			</report>
			<report>
				<misses>610000</misses>
				<total>301380</total>
			</report>
			<report>
				<misses>620000</misses>
				<total>301385</total>
			</report>
			<report>
				<misses>630000</misses>
				<total>301392</total>
			</report>
			<report>
				<misses>640000</misses>
				<total>301400</total>
			</report>
			<report>
				<misses>650000</misses>
				<total>301401</total>
			</report>
			<report>
				<misses>660000</misses>
				<total>301402</total>
			</report>
			<report>
				<misses>670000</misses>
				<total>301402</total>
			</report>
			<report>
				<misses>680000</misses>
				<total>301402</total>
			</report>
			<report>
				<misses>690000</misses>
				<total>301415</total>
			</report>
			<report>
				<misses>700000</misses>
				<total>301422</total>
			</report>
			<report>
				<misses>710000</misses>
				<total>301422</total>
			</report>
			<report>
				<misses>720000</misses>
				<total>301422</total>
			</report>
			<report>
				<misses>730000</misses>
				<total>301429</total>
			</report>
			<report>
				<misses>740000</misses>
				<total>301437</total>
			</report>
			<report>
				<misses>750000</misses>
				<total>301448</total>
			</report>
			<report>
				<misses>760000</misses>
				<total>301451</total>
			</report>
			<report>
				<misses>770000</misses>
				<total>301472</total>
			</report>
			<report>
				<misses>780000</misses>
				<total>305043</total>
			</report>
			<report>
				<misses>790000</misses>
				<total>315042</total>
			</report>
			<report>
				<misses>800000</misses>
				<total>325041</total>
			</report>
			<report>
				<misses>810000</misses>
				<total>335040</total>
			</report>
			<report>
				<misses>820000</misses>
				<total>345039</total>
			</report>
			<report>
				<misses>830000</misses>
				<total>355038</total>
			</report>
			<report>
				<misses>840000</misses>
				<total>365037</total>
			</report>
			<report>
				<misses>850000</misses>
				<total>375036</total>
			</report>
			<report>
				<misses>860000</misses>
				<total>385035</total>
			</report>
			<report>
				<misses>870000</misses>
				<total>395034</total>
			</report>
			<report>
				<misses>880000</misses>
				<total>405033</total>
			</report>
			<report>
				<misses>890000</misses>
				<total>415032</total>
			</report>
			<report>
				<misses>900000</misses>
				<total>425031</total>
			</report>
			<report>
				<misses>910000</misses>
				<total>435030</total>
			</report>
			<report>
				<misses>920000</misses>
				<total>445029</total>
			</report>
			<report>
				<misses>930000</misses>
				<total>455028</total>
			</report>
			<report>
				<misses>940000</misses>
				<total>465027</total>
			</report>
			<report>
				<misses>950000</misses>
				<total>465275</total>
			</report>
			<report>
				<misses>960000</misses>
				<total>465279</total>
			</report>
			<report>
				<misses>970000</misses>
				<total>465288</total>
			</report>
			<report>
				<misses>980000</misses>
				<total>465294</total>
			</report>
			<report>
				<misses>990000</misses>
				<total>465298</total>
			</report>
			<report>
				<misses>1000000</misses>
				<total>465311</total>
			</report>
			<report>
				<misses>1010000</misses>
				<total>465311</total>
			</report>
			<report>
				<misses>1020000</misses>
				<total>465925</total>
			</report>
			<report>
				<misses>1030000</misses>
				<total>475924</total>
			</report>
			<report>
				<misses>1040000</misses>
				<total>485923</total>
			</report>
			<report>
				<misses>1050000</misses>
				<total>495922</total>
			</report>
			<report>
				<misses>1060000</misses>
				<total>505921</total>
			</report>
			<report>
				<misses>1070000</misses>
				<total>515920</total>
			</report>
			<report>
				<misses>1080000</misses>
				<total>525919</total>
			</report>
			<report>
				<misses>1090000</misses>
				<total>535918</total>
			</report>
			<report>
				<misses>1100000</misses>
				<total>545917</total>
			</report>
			<report>
				<misses>1110000</misses>
				<total>555916</total>
			</report>
			<report>
				<misses>1120000</misses>
				<total>565915</total>
			</report>
			<report>
				<misses>1130000</misses>
				<total>575914</total>
			</report>
			<report>
				<misses>1140000</misses>
				<total>585913</total>
			</report>
			<report>
				<misses>1150000</misses>
				<total>595912</total>
			</report>
			<report>
				<misses>1160000</misses>
				<total>605911</total>
			</report>
			<report>
				<misses>1170000</misses>
				<total>609479</total>
			</report>
			<report>
				<misses>1180000</misses>
				<total>609793</total>
			</report>
			<report>
				<misses>1190000</misses>
				<total>609796</total>
			</report>
			<report>
				<misses>1200000</misses>
				<total>609813</total>
			</report>
			<report>
				<misses>1210000</misses>
				<total>609813</total>
			</report>
			<report>
				<misses>1220000</misses>
				<total>615738</total>
			</report>
			<report>
				<misses>1230000</misses>
				<total>623115</total>
			</report>
			<report>
				<misses>1240000</misses>
				<total>623115</total>
			</report>
			<report>
				<misses>1250000</misses>
				<total>623134</total>
			</report>
			<report>
				<misses>1260000</misses>
				<total>623134</total>
			</report>
			<report>
				<misses>1270000</misses>
				<total>623137</total>
			</report>
			<report>
				<misses>1280000</misses>
				<total>623137</total>
			</report>
			<report>
				<misses>1290000</misses>
				<total>623137</total>
			</report>
			<report>
				<misses>1300000</misses>
				<total>623146</total>
			</report>
			<report>
				<misses>1310000</misses>
				<total>623155</total>
			</report>
			<report>
				<misses>1320000</misses>
				<total>623166</total>
			</report>
			<report>
				<misses>1330000</misses>
				<total>623167</total>
			</report>
			<report>
				<misses>1340000</misses>
				<total>623170</total>
			</report>
			<report>
				<misses>1350000</misses>
				<total>623179</total>
			</report>
			<report>
				<misses>1360000</misses>
				<total>623190</total>
			</report>
			<report>
				<misses>1370000</misses>
				<total>623196</total>
			</report>
			<report>
				<misses>1380000</misses>
				<total>623204</total>
			</report>
			<report>
				<misses>1390000</misses>
				<total>623209</total>
			</report>
			<report>
				<misses>1400000</misses>
				<total>623209</total>
			</report>
			<report>
				<misses>1410000</misses>
				<total>623209</total>
			</report>
			<report>
				<misses>1420000</misses>
				<total>623216</total>
			</report>
			<report>
				<misses>1430000</misses>
				<total>623217</total>
			</report>
			<report>
				<misses>1440000</misses>
				<total>623217</total>
			</report>
			<report>
				<misses>1450000</misses>
				<total>623237</total>
			</report>
			<report>
				<misses>1460000</misses>
				<total>623237</total>
			</report>
			<report>
				<misses>1470000</misses>
				<total>623257</total>
			</report>
			<report>
				<misses>1480000</misses>
				<total>624501</total>
			</report>
			<report>
				<misses>1490000</misses>
				<total>634500</total>
			</report>
			<report>
				<misses>1500000</misses>
				<total>644499</total>
			</report>
			<report>
				<misses>1510000</misses>
				<total>654498</total>
			</report>
			<report>
				<misses>1520000</misses>
				<total>664497</total>
			</report>
			<report>
				<misses>1530000</misses>
				<total>674496</total>
			</report>
			<report>
				<misses>1540000</misses>
				<total>684495</total>
			</report>
			<report>
				<misses>1550000</misses>
				<total>694494</total>
			</report>
			<report>
				<misses>1560000</misses>
				<total>704493</total>
			</report>
			<report>
				<misses>1570000</misses>
				<total>714492</total>
			</report>
			<report>
				<misses>1580000</misses>
				<total>724491</total>
			</report>
			<report>
				<misses>1590000</misses>
				<total>734490</total>
			</report>
			<report>
				<misses>1600000</misses>
				<total>744489</total>
			</report>
			<report>
				<misses>1610000</misses>
				<total>754488</total>
			</report>
			<report>
				<misses>1620000</misses>
				<total>764487</total>
			</report>
			<report>
				<misses>1630000</misses>
				<total>772444</total>
			</report>
			<report>
				<misses>1640000</misses>
				<total>782076</total>
			</report>
			<report>
				<misses>1650000</misses>
				<total>792075</total>
			</report>
			<report>
				<misses>1660000</misses>
				<total>795820</total>
			</report>
			<report>
				<misses>1670000</misses>
				<total>795822</total>
			</report>
			<report>
				<misses>1680000</misses>
				<total>795823</total>
			</report>
			<report>
				<misses>1690000</misses>
				<total>795834</total>
			</report>
			<report>
				<misses>1700000</misses>
				<total>795842</total>
			</report>
			<report>
				<misses>1710000</misses>
				<total>795844</total>
			</report>
			<report>
				<misses>1720000</misses>
				<total>795866</total>
			</report>
			<report>
				<misses>1730000</misses>
				<total>795867</total>
			</report>
			<report>
				<misses>1740000</misses>
				<total>795871</total>
			</report>
			<report>
				<misses>1750000</misses>
				<total>795876</total>
			</report>
			<report>
				<misses>1760000</misses>
				<total>802937</total>
			</report>
			<report>
				<misses>1770000</misses>
				<total>812936</total>
			</report>
			<report>
				<misses>1780000</misses>
				<total>822935</total>
			</report>
			<report>
				<misses>1790000</misses>
				<total>832934</total>
			</report>
			<report>
				<misses>1800000</misses>
				<total>842933</total>
			</report>
			<report>
				<misses>1810000</misses>
				<total>852932</total>
			</report>
			<report>
				<misses>1820000</misses>
				<total>862931</total>
			</report>
			<report>
				<misses>1830000</misses>
				<total>872930</total>
			</report>
			<report>
				<misses>1840000</misses>
				<total>882929</total>
			</report>
			<report>
				<misses>1850000</misses>
				<total>892928</total>
			</report>
			<report>
				<misses>1860000</misses>
				<total>902927</total>
			</report>
			<report>
				<misses>1870000</misses>
				<total>912926</total>
			</report>
			<report>
				<misses>1880000</misses>
				<total>922925</total>
			</report>
			<report>
				<misses>1890000</misses>
				<total>932924</total>
			</report>
			<report>
				<misses>1900000</misses>
				<total>942923</total>
			</report>
			<report>
				<misses>1910000</misses>
				<total>947385</total>
			</report>
			<report>
				<misses>1920000</misses>
				<total>947404</total>
			</report>
			<report>
				<misses>1930000</misses>
				<total>947409</total>
			</report>
			<report>
				<misses>1940000</misses>
				<total>948582</total>
			</report>
			<report>
				<misses>1950000</misses>
				<total>958581</total>
			</report>
			<report>
				<misses>1960000</misses>
				<total>966216</total>
			</report>
			<report>
				<misses>1970000</misses>
				<total>966216</total>
			</report>
			<report>
				<misses>1980000</misses>
				<total>966220</total>
			</report>
			<report>
				<misses>1990000</misses>
				<total>966229</total>
			</report>
			<report>
				<misses>2000000</misses>
				<total>966235</total>
			</report>
		</query>
	</custom>
	<ethtool_statistic>
		<rx_packets>
			<start>16995830557</start>
			<end>17008165446</end>
		</rx_packets>
		<tx_packets>
			<start>19860642595</start>
			<end>19884041886</end>
		</tx_packets>
		<rx_dropped>
			<start>63</start>
			<end>63</end>
		</rx_dropped>
		<tx_dropped>
			<start>0</start>
			<end>0</end>
		</tx_dropped>
		<collisions>
			<start>0</start>
			<end>0</end>
		</collisions>
		<port_tx_errors>
			<start>0</start>
			<end>0</end>
		</port_tx_errors>
		<port_rx_dropped>
			<start>0</start>
			<end>0</end>
		</port_rx_dropped>
		<port_tx_dropped_link_down>
			<start>0</start>
			<end>0</end>
		</port_tx_dropped_link_down>
	</ethtool_statistic>
	<ip_statistic>
		<mtu>
			<start>9000</start>
			<end>9000</end>
		</mtu>
		<rx_bytes>
			<start>152779417546127</start>
			<end>152890304404360</end>
		</rx_bytes>
		<rx_packets>
			<start>16995830676</start>
			<end>17008165535</end>
		</rx_packets>
		<rx_errors>
			<start>0</start>
			<end>0</end>
		</rx_errors>
		<rx_dropped>
			<start>69</start>
			<end>69</end>
		</rx_dropped>
		<rx_missed>
			<start>0</start>
			<end>0</end>
		</rx_missed>
		<rx_mcast>
			<start>12348</start>
			<end>12352</end>
		</rx_mcast>
		<tx_bytes>
			<start>134823353075448</start>
			<end>135020431223970</end>
		</tx_bytes>
		<tx_packets>
			<start>19860642659</start>
			<end>19884041940</end>
		</tx_packets>
		<tx_errors>
			<start>0</start>
			<end>0</end>
		</tx_errors>
		<tx_dropped>
			<start>0</start>
			<end>0</end>
		</tx_dropped>
		<tx_carrier>
			<start>0</start>
			<end>0</end>
		</tx_carrier>
		<tx_collisions>
			<start>0</start>
			<end>0</end>
		</tx_collisions>
	</ip_statistic>
	<netstat_statistic>
		<udp_pkg_rec>
			<start>16721629162</start>
			<end>16733289782</end>
		</udp_pkg_rec>
		<udp_pkg_snt>
			<start>16713470186</start>
			<end>16722871461</end>
		</udp_pkg_snt>
		<udp_rec_err>
			<start>276197914</start>
			<end>276871985</end>
		</udp_rec_err>
		<udp_rec_buf_err>
			<start>276197914</start>
			<end>276871985</end>
		</udp_rec_buf_err>
		<udp_snt_buf_err>
			<start>28</start>
			<end>28</end>
		</udp_snt_buf_err>
	</netstat_statistic>
</test_results>
