<?xml version="1.0"?>
<test_results>
	<status>STATUS_SUCCESS</status>
	<custom>
		<num_loss>0</num_loss>
		<num_total>5726866</num_total>
		<num_misses>114262303</num_misses>
		<elapsed_time>299.972783</elapsed_time>
		<query>
			<report>
				<misses>100001</misses>
				<total>1</total>
				<timestamp>5.237961</timestamp>
			</report>
			<report>
				<misses>200001</misses>
				<total>1</total>
				<timestamp>10.475808</timestamp>
			</report>
			<report>
				<misses>300001</misses>
				<total>1</total>
				<timestamp>15.713704</timestamp>
			</report>
			<report>
				<misses>400001</misses>
				<total>2</total>
				<timestamp>20.951535</timestamp>
			</report>
			<report>
				<misses>500001</misses>
				<total>2</total>
				<timestamp>26.189417</timestamp>
			</report>
			<report>
				<misses>600001</misses>
				<total>1</total>
				<timestamp>31.427274</timestamp>
			</report>
			<report>
				<misses>700001</misses>
				<total>0</total>
				<timestamp>36.665159</timestamp>
			</report>
			<report>
				<misses>800001</misses>
				<total>1</total>
				<timestamp>41.903038</timestamp>
			</report>
			<report>
				<misses>900001</misses>
				<total>1</total>
				<timestamp>47.140927</timestamp>
			</report>
			<report>
				<misses>1000001</misses>
				<total>1</total>
				<timestamp>52.378776</timestamp>
			</report>
			<report>
				<misses>1100001</misses>
				<total>0</total>
				<timestamp>57.616710</timestamp>
			</report>
			<report>
				<misses>1200001</misses>
				<total>1</total>
				<timestamp>62.856111</timestamp>
			</report>
			<report>
				<misses>1300001</misses>
				<total>2</total>
				<timestamp>68.093961</timestamp>
			</report>
			<report>
				<misses>1400001</misses>
				<total>1</total>
				<timestamp>73.331800</timestamp>
			</report>
			<report>
				<misses>1500001</misses>
				<total>2</total>
				<timestamp>78.569682</timestamp>
			</report>
			<report>
				<misses>1600001</misses>
				<total>1</total>
				<timestamp>83.807517</timestamp>
			</report>
			<report>
				<misses>1700001</misses>
				<total>1</total>
				<timestamp>89.045358</timestamp>
			</report>
			<report>
				<misses>1800001</misses>
				<total>2</total>
				<timestamp>94.283232</timestamp>
			</report>
			<report>
				<misses>1900001</misses>
				<total>1</total>
				<timestamp>99.521116</timestamp>
			</report>
			<report>
				<misses>2000001</misses>
				<total>1</total>
				<timestamp>104.758967</timestamp>
			</report>
			<report>
				<misses>2100001</misses>
				<total>1</total>
				<timestamp>109.996776</timestamp>
			</report>
			<report>
				<misses>2200001</misses>
				<total>2</total>
				<timestamp>115.234742</timestamp>
			</report>
			<report>
				<misses>2300001</misses>
				<total>2</total>
				<timestamp>120.474060</timestamp>
			</report>
			<report>
				<misses>2400001</misses>
				<total>1</total>
				<timestamp>125.712010</timestamp>
			</report>
			<report>
				<misses>2500001</misses>
				<total>1</total>
				<timestamp>130.949832</timestamp>
			</report>
			<report>
				<misses>2600001</misses>
				<total>0</total>
				<timestamp>136.187831</timestamp>
			</report>
			<report>
				<misses>2700001</misses>
				<total>2</total>
				<timestamp>141.425656</timestamp>
			</report>
			<report>
				<misses>2800001</misses>
				<total>1</total>
				<timestamp>146.663685</timestamp>
			</report>
			<report>
				<misses>2900001</misses>
				<total>2</total>
				<timestamp>151.901556</timestamp>
			</report>
			<report>
				<misses>3000001</misses>
				<total>0</total>
				<timestamp>157.139537</timestamp>
			</report>
			<report>
				<misses>3100001</misses>
				<total>2</total>
				<timestamp>162.377371</timestamp>
			</report>
			<report>
				<misses>3200001</misses>
				<total>1</total>
				<timestamp>167.615234</timestamp>
			</report>
			<report>
				<misses>3300001</misses>
				<total>2</total>
				<timestamp>172.853055</timestamp>
			</report>
			<report>
				<misses>3400001</misses>
				<total>1</total>
				<timestamp>178.092337</timestamp>
			</report>
			<report>
				<misses>3500001</misses>
				<total>2</total>
				<timestamp>183.330226</timestamp>
			</report>
			<report>
				<misses>3600001</misses>
				<total>1</total>
				<timestamp>188.568051</timestamp>
			</report>
			<report>
				<misses>3700001</misses>
				<total>1</total>
				<timestamp>193.805966</timestamp>
			</report>
			<report>
				<misses>3800001</misses>
				<total>1</total>
				<timestamp>199.043797</timestamp>
			</report>
			<report>
				<misses>3900001</misses>
				<total>1</total>
				<timestamp>204.281770</timestamp>
			</report>
			<report>
				<misses>4000001</misses>
				<total>1</total>
				<timestamp>209.519616</timestamp>
			</report>
			<report>
				<misses>4100001</misses>
				<total>1</total>
				<timestamp>214.757468</timestamp>
			</report>
			<report>
				<misses>4200001</misses>
				<total>2</total>
				<timestamp>219.995283</timestamp>
			</report>
			<report>
				<misses>4300001</misses>
				<total>2</total>
				<timestamp>225.233066</timestamp>
			</report>
			<report>
				<misses>4400001</misses>
				<total>1</total>
				<timestamp>230.470953</timestamp>
			</report>
			<report>
				<misses>4500001</misses>
				<total>1</total>
				<timestamp>235.708847</timestamp>
			</report>
			<report>
				<misses>4600001</misses>
				<total>1</total>
				<timestamp>240.948258</timestamp>
			</report>
			<report>
				<misses>4700001</misses>
				<total>1</total>
				<timestamp>246.186154</timestamp>
			</report>
			<report>
				<misses>4800001</misses>
				<total>1</total>
				<timestamp>251.423988</timestamp>
			</report>
			<report>
				<misses>4900001</misses>
				<total>1</total>
				<timestamp>256.661828</timestamp>
			</report>
			<report>
				<misses>5000001</misses>
				<total>1</total>
				<timestamp>261.899701</timestamp>
			</report>
			<report>
				<misses>5100001</misses>
				<total>1</total>
				<timestamp>267.137555</timestamp>
			</report>
			<report>
				<misses>5200001</misses>
				<total>2</total>
				<timestamp>272.375387</timestamp>
			</report>
			<report>
				<misses>5300001</misses>
				<total>2</total>
				<timestamp>277.613183</timestamp>
			</report>
			<report>
				<misses>5400001</misses>
				<total>2</total>
				<timestamp>282.851000</timestamp>
			</report>
			<report>
				<misses>5500001</misses>
				<total>1</total>
				<timestamp>288.088860</timestamp>
			</report>
			<report>
				<misses>5600001</misses>
				<total>1</total>
				<timestamp>293.326705</timestamp>
			</report>
			<report>
				<misses>5700001</misses>
				<total>2</total>
				<timestamp>298.565827</timestamp>
			</report>
		</query>
	</custom>
	<ethtool_statistic>
		<rx_packets>
			<start>3497616387</start>
			<end>3541164632</end>
		</rx_packets>
		<tx_packets>
			<start>5777013830</start>
			<end>5822828432</end>
		</tx_packets>
		<rx_dropped>
			<start>0</start>
			<end>0</end>
		</rx_dropped>
		<tx_dropped>
			<start>0</start>
			<end>0</end>
		</tx_dropped>
		<collisions>
			<start>0</start>
			<end>0</end>
		</collisions>
		<port_tx_errors>
			<start>-1</start>
			<end>-1</end>
		</port_tx_errors>
		<port_rx_dropped>
			<start>-1</start>
			<end>-1</end>
		</port_rx_dropped>
		<port_tx_dropped_link_down>
			<start>-1</start>
			<end>-1</end>
		</port_tx_dropped_link_down>
	</ethtool_statistic>
	<ip_statistic>
		<mtu>
			<start>9000</start>
			<end>9000</end>
		</mtu>
		<rx_bytes>
			<start>20992127383145</start>
			<end>21347476352695</end>
		</rx_bytes>
		<rx_packets>
			<start>3497616777</start>
			<end>3541164632</end>
		</rx_packets>
		<rx_errors>
			<start>0</start>
			<end>0</end>
		</rx_errors>
		<rx_dropped>
			<start>0</start>
			<end>0</end>
		</rx_dropped>
		<rx_missed>
			<start>42395</start>
			<end>43284</end>
		</rx_missed>
		<rx_mcast>
			<start>149</start>
			<end>149</end>
		</rx_mcast>
		<tx_bytes>
			<start>30964868768807</start>
			<end>31338714867201</end>
		</tx_bytes>
		<tx_packets>
			<start>5777013830</start>
			<end>5822828432</end>
		</tx_packets>
		<tx_errors>
			<start>0</start>
			<end>0</end>
		</tx_errors>
		<tx_dropped>
			<start>0</start>
			<end>0</end>
		</tx_dropped>
		<tx_carrier>
			<start>0</start>
			<end>0</end>
		</tx_carrier>
		<tx_collisions>
			<start>0</start>
			<end>0</end>
		</tx_collisions>
	</ip_statistic>
	<netstat_statistic>
		<udp_pkg_rec>
			<start>3788819298</start>
			<end>3799709349</end>
		</udp_pkg_rec>
		<udp_pkg_snt>
			<start>7534061519</start>
			<end>7545517068</end>
		</udp_pkg_snt>
		<udp_rec_err>
			<start>0</start>
			<end>0</end>
		</udp_rec_err>
		<udp_rec_buf_err>
			<start>0</start>
			<end>0</end>
		</udp_rec_buf_err>
		<udp_snt_buf_err>
			<start>0</start>
			<end>0</end>
		</udp_snt_buf_err>
	</netstat_statistic>
</test_results>
