<?xml version="1.0"?>
<test_results>
	<status>STATUS_SUCCESS</status>
	<custom>
		<num_loss>4766381</num_loss>
		<num_total>5000001</num_total>
		<num_misses>71</num_misses>
		<elapsed_time>550.002564</elapsed_time>
		<query>
			<report>
				<misses>100000</misses>
				<total>86422</total>
				<timestamp>11.000391</timestamp>
			</report>
			<report>
				<misses>200000</misses>
				<total>186421</total>
				<timestamp>22.001271</timestamp>
			</report>
			<report>
				<misses>300000</misses>
				<total>275585</total>
				<timestamp>33.001391</timestamp>
			</report>
			<report>
				<misses>400000</misses>
				<total>375584</total>
				<timestamp>44.001484</timestamp>
			</report>
			<report>
				<misses>500000</misses>
				<total>475583</total>
				<timestamp>55.001413</timestamp>
			</report>
			<report>
				<misses>600000</misses>
				<total>559630</total>
				<timestamp>66.001292</timestamp>
			</report>
			<report>
				<misses>700000</misses>
				<total>659629</total>
				<timestamp>77.001176</timestamp>
			</report>
			<report>
				<misses>800000</misses>
				<total>754469</total>
				<timestamp>88.001157</timestamp>
			</report>
			<report>
				<misses>900000</misses>
				<total>854468</total>
				<timestamp>99.001165</timestamp>
			</report>
			<report>
				<misses>1000000</misses>
				<total>954467</total>
				<timestamp>110.001268</timestamp>
			</report>
			<report>
				<misses>1100000</misses>
				<total>1042182</total>
				<timestamp>121.001306</timestamp>
			</report>
			<report>
				<misses>1200000</misses>
				<total>1142181</total>
				<timestamp>132.001295</timestamp>
			</report>
			<report>
				<misses>1300000</misses>
				<total>1229274</total>
				<timestamp>143.001175</timestamp>
			</report>
			<report>
				<misses>1400000</misses>
				<total>1329273</total>
				<timestamp>154.001274</timestamp>
			</report>
			<report>
				<misses>1500000</misses>
				<total>1429272</total>
				<timestamp>165.001509</timestamp>
			</report>
			<report>
				<misses>1600000</misses>
				<total>1524214</total>
				<timestamp>176.001514</timestamp>
			</report>
			<report>
				<misses>1700000</misses>
				<total>1624213</total>
				<timestamp>187.001477</timestamp>
			</report>
			<report>
				<misses>1800000</misses>
				<total>1709296</total>
				<timestamp>198.001535</timestamp>
			</report>
			<report>
				<misses>1900000</misses>
				<total>1809295</total>
				<timestamp>209.001608</timestamp>
			</report>
			<report>
				<misses>2000000</misses>
				<total>1909294</total>
				<timestamp>220.001508</timestamp>
			</report>
			<report>
				<misses>2100000</misses>
				<total>1992466</total>
				<timestamp>231.001615</timestamp>
			</report>
			<report>
				<misses>2200000</misses>
				<total>2092465</total>
				<timestamp>242.001865</timestamp>
			</report>
			<report>
				<misses>2300000</misses>
				<total>2182176</total>
				<timestamp>253.001860</timestamp>
			</report>
			<report>
				<misses>2400000</misses>
				<total>2282175</total>
				<timestamp>264.001922</timestamp>
			</report>
			<report>
				<misses>2500000</misses>
				<total>2382174</total>
				<timestamp>275.001910</timestamp>
			</report>
			<report>
				<misses>2600000</misses>
				<total>2474048</total>
				<timestamp>286.001815</timestamp>
			</report>
			<report>
				<misses>2700000</misses>
				<total>2574047</total>
				<timestamp>297.002058</timestamp>
			</report>
			<report>
				<misses>2800000</misses>
				<total>2660017</total>
				<timestamp>308.001962</timestamp>
			</report>
			<report>
				<misses>2900000</misses>
				<total>2760016</total>
				<timestamp>319.001934</timestamp>
			</report>
			<report>
				<misses>3000000</misses>
				<total>2860015</total>
				<timestamp>330.002152</timestamp>
			</report>
			<report>
				<misses>3100000</misses>
				<total>2953597</total>
				<timestamp>341.002270</timestamp>
			</report>
			<report>
				<misses>3200000</misses>
				<total>3053596</total>
				<timestamp>352.002605</timestamp>
			</report>
			<report>
				<misses>3300000</misses>
				<total>3142536</total>
				<timestamp>363.003000</timestamp>
			</report>
			<report>
				<misses>3400000</misses>
				<total>3242535</total>
				<timestamp>374.002996</timestamp>
			</report>
			<report>
				<misses>3500000</misses>
				<total>3342359</total>
				<timestamp>385.002949</timestamp>
			</report>
			<report>
				<misses>3600000</misses>
				<total>3433505</total>
				<timestamp>396.002940</timestamp>
			</report>
			<report>
				<misses>3700000</misses>
				<total>3533504</total>
				<timestamp>407.002815</timestamp>
			</report>
			<report>
				<misses>3800000</misses>
				<total>3617358</total>
				<timestamp>418.002862</timestamp>
			</report>
			<report>
				<misses>3900000</misses>
				<total>3717357</total>
				<timestamp>429.002809</timestamp>
			</report>
			<report>
				<misses>4000000</misses>
				<total>3816812</total>
				<timestamp>440.002804</timestamp>
			</report>
			<report>
				<misses>4100000</misses>
				<total>3904954</total>
				<timestamp>451.003048</timestamp>
			</report>
			<report>
				<misses>4200000</misses>
				<total>4004953</total>
				<timestamp>462.003045</timestamp>
			</report>
			<report>
				<misses>4300000</misses>
				<total>4096004</total>
				<timestamp>473.002944</timestamp>
			</report>
			<report>
				<misses>4400000</misses>
				<total>4196003</total>
				<timestamp>484.002835</timestamp>
			</report>
			<report>
				<misses>4500000</misses>
				<total>4293897</total>
				<timestamp>495.002738</timestamp>
			</report>
			<report>
				<misses>4600000</misses>
				<total>4388600</total>
				<timestamp>506.002644</timestamp>
			</report>
			<report>
				<misses>4700000</misses>
				<total>4488599</total>
				<timestamp>517.002587</timestamp>
			</report>
			<report>
				<misses>4800000</misses>
				<total>4571005</total>
				<timestamp>528.002656</timestamp>
			</report>
			<report>
				<misses>4900000</misses>
				<total>4671004</total>
				<timestamp>539.002602</timestamp>
			</report>
			<report>
				<misses>5000000</misses>
				<total>4766381</total>
				<timestamp>550.002531</timestamp>
			</report>
		</query>
	</custom>
	<ethtool_statistic>
		<rx_packets>
			<start>3732643060</start>
			<end>3758482055</end>
		</rx_packets>
		<tx_packets>
			<start>4775068907</start>
			<end>4830572522</end>
		</tx_packets>
		<rx_dropped>
			<start>0</start>
			<end>0</end>
		</rx_dropped>
		<tx_dropped>
			<start>0</start>
			<end>0</end>
		</tx_dropped>
		<collisions>
			<start>0</start>
			<end>0</end>
		</collisions>
		<port_tx_errors>
			<start>0</start>
			<end>0</end>
		</port_tx_errors>
		<port_rx_dropped>
			<start>0</start>
			<end>0</end>
		</port_rx_dropped>
		<port_tx_dropped_link_down>
			<start>0</start>
			<end>0</end>
		</port_tx_dropped_link_down>
	</ethtool_statistic>
	<ip_statistic>
		<mtu>
			<start>9000</start>
			<end>9000</end>
		</mtu>
		<rx_bytes>
			<start>33555142231751</start>
			<end>33787429682610</end>
		</rx_bytes>
		<rx_packets>
			<start>3732643241</start>
			<end>3758482203</end>
		</rx_packets>
		<rx_errors>
			<start>0</start>
			<end>0</end>
		</rx_errors>
		<rx_dropped>
			<start>0</start>
			<end>0</end>
		</rx_dropped>
		<rx_missed>
			<start>0</start>
			<end>0</end>
		</rx_missed>
		<rx_mcast>
			<start>1052</start>
			<end>1061</end>
		</rx_mcast>
		<tx_bytes>
			<start>30226178613740</start>
			<end>30691953889930</end>
		</tx_bytes>
		<tx_packets>
			<start>4775068963</start>
			<end>4830572556</end>
		</tx_packets>
		<tx_errors>
			<start>0</start>
			<end>0</end>
		</tx_errors>
		<tx_dropped>
			<start>0</start>
			<end>0</end>
		</tx_dropped>
		<tx_carrier>
			<start>0</start>
			<end>0</end>
		</tx_carrier>
		<tx_collisions>
			<start>0</start>
			<end>0</end>
		</tx_collisions>
	</ip_statistic>
	<netstat_statistic>
		<udp_pkg_rec>
			<start>3526480050</start>
			<end>3550726651</end>
		</udp_pkg_rec>
		<udp_pkg_snt>
			<start>3916047852</start>
			<end>3936555886</end>
		</udp_pkg_snt>
		<udp_rec_err>
			<start>206562501</start>
			<end>208157225</end>
		</udp_rec_err>
		<udp_rec_buf_err>
			<start>206562501</start>
			<end>208157225</end>
		</udp_rec_buf_err>
		<udp_snt_buf_err>
			<start>0</start>
			<end>0</end>
		</udp_snt_buf_err>
	</netstat_statistic>
</test_results>
