<?xml version="1.0"?>
<test_results>
	<status>STATUS_SUCCESS</status>
	<custom>
		<num_loss>129145</num_loss>
		<num_total>1000001</num_total>
		<num_misses>0</num_misses>
		<elapsed_time>140.000061</elapsed_time>
		<query>
			<report>
				<misses>1000000</misses>
				<total>129146</total>
			</report>
		</query>
	</custom>
	<ethtool_statistic>
		<rx_packets>
			<start>16866074914</start>
			<end>16872822756</end>
		</rx_packets>
		<tx_packets>
			<start>19613678941</start>
			<end>19625727618</end>
		</tx_packets>
		<rx_dropped>
			<start>63</start>
			<end>63</end>
		</rx_dropped>
		<tx_dropped>
			<start>0</start>
			<end>0</end>
		</tx_dropped>
		<collisions>
			<start>0</start>
			<end>0</end>
		</collisions>
		<port_tx_errors>
			<start>0</start>
			<end>0</end>
		</port_tx_errors>
		<port_rx_dropped>
			<start>0</start>
			<end>0</end>
		</port_rx_dropped>
		<port_tx_dropped_link_down>
			<start>0</start>
			<end>0</end>
		</port_tx_dropped_link_down>
	</ethtool_statistic>
	<ip_statistic>
		<mtu>
			<start>9000</start>
			<end>9000</end>
		</mtu>
		<rx_bytes>
			<start>151612944582696</start>
			<end>151673606824577</end>
		</rx_bytes>
		<rx_packets>
			<start>16866075008</start>
			<end>16872822849</end>
		</rx_packets>
		<rx_errors>
			<start>0</start>
			<end>0</end>
		</rx_errors>
		<rx_dropped>
			<start>69</start>
			<end>69</end>
		</rx_dropped>
		<rx_missed>
			<start>0</start>
			<end>0</end>
		</rx_missed>
		<rx_mcast>
			<start>12305</start>
			<end>12308</end>
		</rx_mcast>
		<tx_bytes>
			<start>132743534837550</start>
			<end>132845211880628</end>
		</tx_bytes>
		<tx_packets>
			<start>19613679002</start>
			<end>19625727673</end>
		</tx_packets>
		<tx_errors>
			<start>0</start>
			<end>0</end>
		</tx_errors>
		<tx_dropped>
			<start>0</start>
			<end>0</end>
		</tx_dropped>
		<tx_carrier>
			<start>0</start>
			<end>0</end>
		</tx_carrier>
		<tx_collisions>
			<start>0</start>
			<end>0</end>
		</tx_collisions>
	</ip_statistic>
	<netstat_statistic>
		<udp_pkg_rec>
			<start>16596375796</start>
			<end>16602909414</end>
		</udp_pkg_rec>
		<udp_pkg_snt>
			<start>16614471926</start>
			<end>16619520937</end>
		</udp_pkg_snt>
		<udp_rec_err>
			<start>271696870</start>
			<end>271911040</end>
		</udp_rec_err>
		<udp_rec_buf_err>
			<start>271696870</start>
			<end>271911040</end>
		</udp_rec_buf_err>
		<udp_snt_buf_err>
			<start>28</start>
			<end>28</end>
		</udp_snt_buf_err>
	</netstat_statistic>
</test_results>
