<?xml version="1.0"?>
<test_results>
	<status>STATUS_SUCCESS</status>
	<custom>
		<num_loss>2</num_loss>
		<num_total>320000</num_total>
		<num_misses>43309896</num_misses>
		<elapsed_time>110.074744</elapsed_time>
		<query>
			<report>
				<misses>10000</misses>
				<total>2</total>
			</report>
			<report>
				<misses>20000</misses>
				<total>2</total>
			</report>
			<report>
				<misses>30000</misses>
				<total>1</total>
			</report>
			<report>
				<misses>40000</misses>
				<total>1</total>
			</report>
			<report>
				<misses>50000</misses>
				<total>1</total>
			</report>
			<report>
				<misses>60000</misses>
				<total>1</total>
			</report>
			<report>
				<misses>70000</misses>
				<total>1</total>
			</report>
			<report>
				<misses>80000</misses>
				<total>1</total>
			</report>
			<report>
				<misses>90000</misses>
				<total>2</total>
			</report>
			<report>
				<misses>100000</misses>
				<total>1</total>
			</report>
			<report>
				<misses>110000</misses>
				<total>2</total>
			</report>
			<report>
				<misses>120000</misses>
				<total>1</total>
			</report>
			<report>
				<misses>130000</misses>
				<total>1</total>
			</report>
			<report>
				<misses>140000</misses>
				<total>3</total>
			</report>
			<report>
				<misses>150000</misses>
				<total>2</total>
			</report>
			<report>
				<misses>160000</misses>
				<total>2</total>
			</report>
			<report>
				<misses>170000</misses>
				<total>1</total>
			</report>
			<report>
				<misses>180000</misses>
				<total>2</total>
			</report>
			<report>
				<misses>190000</misses>
				<total>1</total>
			</report>
			<report>
				<misses>200000</misses>
				<total>1</total>
			</report>
			<report>
				<misses>210000</misses>
				<total>0</total>
			</report>
			<report>
				<misses>220000</misses>
				<total>1</total>
			</report>
			<report>
				<misses>230000</misses>
				<total>2</total>
			</report>
			<report>
				<misses>240000</misses>
				<total>2</total>
			</report>
			<report>
				<misses>250000</misses>
				<total>0</total>
			</report>
			<report>
				<misses>260000</misses>
				<total>1</total>
			</report>
			<report>
				<misses>270000</misses>
				<total>1</total>
			</report>
			<report>
				<misses>280000</misses>
				<total>1</total>
			</report>
			<report>
				<misses>290000</misses>
				<total>1</total>
			</report>
			<report>
				<misses>300000</misses>
				<total>2</total>
			</report>
			<report>
				<misses>310000</misses>
				<total>2</total>
			</report>
		</query>
	</custom>
	<ethtool_statistic>
		<rx_packets>
			<start>17600714108</start>
			<end>17600714184</end>
		</rx_packets>
		<tx_packets>
			<start>20971339343</start>
			<end>20973899147</end>
		</tx_packets>
		<rx_dropped>
			<start>267</start>
			<end>267</end>
		</rx_dropped>
		<tx_dropped>
			<start>0</start>
			<end>0</end>
		</tx_dropped>
		<collisions>
			<start>0</start>
			<end>0</end>
		</collisions>
		<port_tx_errors>
			<start>0</start>
			<end>0</end>
		</port_tx_errors>
		<port_rx_dropped>
			<start>0</start>
			<end>0</end>
		</port_rx_dropped>
		<port_tx_dropped_link_down>
			<start>0</start>
			<end>0</end>
		</port_tx_dropped_link_down>
	</ethtool_statistic>
	<ip_statistic>
		<mtu>
			<start>9000</start>
			<end>9000</end>
		</mtu>
		<rx_bytes>
			<start>158217162802002</start>
			<end>158217162811202</end>
		</rx_bytes>
		<rx_packets>
			<start>17600714108</start>
			<end>17600714184</end>
		</rx_packets>
		<rx_errors>
			<start>0</start>
			<end>0</end>
		</rx_errors>
		<rx_dropped>
			<start>273</start>
			<end>274</end>
		</rx_dropped>
		<rx_missed>
			<start>0</start>
			<end>0</end>
		</rx_missed>
		<rx_mcast>
			<start>12591</start>
			<end>12605</end>
		</rx_mcast>
		<tx_bytes>
			<start>144187407299160</start>
			<end>144208294877988</end>
		</tx_bytes>
		<tx_packets>
			<start>20971339343</start>
			<end>20973899147</end>
		</tx_packets>
		<tx_errors>
			<start>0</start>
			<end>0</end>
		</tx_errors>
		<tx_dropped>
			<start>0</start>
			<end>0</end>
		</tx_dropped>
		<tx_carrier>
			<start>0</start>
			<end>0</end>
		</tx_carrier>
		<tx_collisions>
			<start>0</start>
			<end>0</end>
		</tx_collisions>
	</ip_statistic>
	<netstat_statistic>
		<udp_pkg_rec>
			<start>17310955983</start>
			<end>17316988874</end>
		</udp_pkg_rec>
		<udp_pkg_snt>
			<start>17243427496</start>
			<end>17273431960</end>
		</udp_pkg_snt>
		<udp_rec_err>
			<start>300364077</start>
			<end>300843834</end>
		</udp_rec_err>
		<udp_rec_buf_err>
			<start>300364077</start>
			<end>300843834</end>
		</udp_rec_buf_err>
		<udp_snt_buf_err>
			<start>29</start>
			<end>29</end>
		</udp_snt_buf_err>
	</netstat_statistic>
</test_results>
