<?xml version="1.0"?>
<test_results>
	<status>STATUS_SUCCESS</status>
	<custom>
		<num_loss>2364750</num_loss>
		<num_total>5000001</num_total>
		<num_misses>1</num_misses>
		<elapsed_time>1149.988932</elapsed_time>
		<query>
			<report>
				<misses>100000</misses>
				<total>17067</total>
				<timestamp>22.999922</timestamp>
			</report>
			<report>
				<misses>200000</misses>
				<total>85454</total>
				<timestamp>45.999744</timestamp>
			</report>
			<report>
				<misses>300000</misses>
				<total>145124</total>
				<timestamp>68.999484</timestamp>
			</report>
			<report>
				<misses>400000</misses>
				<total>187873</total>
				<timestamp>91.999297</timestamp>
			</report>
			<report>
				<misses>500000</misses>
				<total>232046</total>
				<timestamp>114.999049</timestamp>
			</report>
			<report>
				<misses>600000</misses>
				<total>299921</total>
				<timestamp>137.999080</timestamp>
			</report>
			<report>
				<misses>700000</misses>
				<total>301025</total>
				<timestamp>160.998790</timestamp>
			</report>
			<report>
				<misses>800000</misses>
				<total>301102</total>
				<timestamp>183.998556</timestamp>
			</report>
			<report>
				<misses>900000</misses>
				<total>372200</total>
				<timestamp>206.998358</timestamp>
			</report>
			<report>
				<misses>1000000</misses>
				<total>372264</total>
				<timestamp>229.998112</timestamp>
			</report>
			<report>
				<misses>1100000</misses>
				<total>385012</total>
				<timestamp>252.997877</timestamp>
			</report>
			<report>
				<misses>1200000</misses>
				<total>434531</total>
				<timestamp>275.997682</timestamp>
			</report>
			<report>
				<misses>1300000</misses>
				<total>506606</total>
				<timestamp>298.997420</timestamp>
			</report>
			<report>
				<misses>1400000</misses>
				<total>562852</total>
				<timestamp>321.997222</timestamp>
			</report>
			<report>
				<misses>1500000</misses>
				<total>607888</total>
				<timestamp>344.996990</timestamp>
			</report>
			<report>
				<misses>1600000</misses>
				<total>649021</total>
				<timestamp>367.996769</timestamp>
			</report>
			<report>
				<misses>1700000</misses>
				<total>713039</total>
				<timestamp>390.996487</timestamp>
			</report>
			<report>
				<misses>1800000</misses>
				<total>772554</total>
				<timestamp>413.996283</timestamp>
			</report>
			<report>
				<misses>1900000</misses>
				<total>839230</total>
				<timestamp>436.996047</timestamp>
			</report>
			<report>
				<misses>2000000</misses>
				<total>874559</total>
				<timestamp>459.995832</timestamp>
			</report>
			<report>
				<misses>2100000</misses>
				<total>924176</total>
				<timestamp>482.995558</timestamp>
			</report>
			<report>
				<misses>2200000</misses>
				<total>978415</total>
				<timestamp>505.995413</timestamp>
			</report>
			<report>
				<misses>2300000</misses>
				<total>980340</total>
				<timestamp>528.995143</timestamp>
			</report>
			<report>
				<misses>2400000</misses>
				<total>1060624</total>
				<timestamp>551.994897</timestamp>
			</report>
			<report>
				<misses>2500000</misses>
				<total>1133115</total>
				<timestamp>574.994654</timestamp>
			</report>
			<report>
				<misses>2600000</misses>
				<total>1133749</total>
				<timestamp>597.994406</timestamp>
			</report>
			<report>
				<misses>2700000</misses>
				<total>1191189</total>
				<timestamp>620.994181</timestamp>
			</report>
			<report>
				<misses>2800000</misses>
				<total>1198669</total>
				<timestamp>643.994005</timestamp>
			</report>
			<report>
				<misses>2900000</misses>
				<total>1249676</total>
				<timestamp>666.993741</timestamp>
			</report>
			<report>
				<misses>3000000</misses>
				<total>1307272</total>
				<timestamp>689.993510</timestamp>
			</report>
			<report>
				<misses>3100000</misses>
				<total>1375117</total>
				<timestamp>712.993312</timestamp>
			</report>
			<report>
				<misses>3200000</misses>
				<total>1403834</total>
				<timestamp>735.993051</timestamp>
			</report>
			<report>
				<misses>3300000</misses>
				<total>1477027</total>
				<timestamp>758.992816</timestamp>
			</report>
			<report>
				<misses>3400000</misses>
				<total>1510794</total>
				<timestamp>781.992627</timestamp>
			</report>
			<report>
				<misses>3500000</misses>
				<total>1548848</total>
				<timestamp>804.992351</timestamp>
			</report>
			<report>
				<misses>3600000</misses>
				<total>1622599</total>
				<timestamp>827.992121</timestamp>
			</report>
			<report>
				<misses>3700000</misses>
				<total>1678051</total>
				<timestamp>850.991883</timestamp>
			</report>
			<report>
				<misses>3800000</misses>
				<total>1746878</total>
				<timestamp>873.991713</timestamp>
			</report>
			<report>
				<misses>3900000</misses>
				<total>1772169</total>
				<timestamp>896.991442</timestamp>
			</report>
			<report>
				<misses>4000000</misses>
				<total>1850446</total>
				<timestamp>919.991216</timestamp>
			</report>
			<report>
				<misses>4100000</misses>
				<total>1904423</total>
				<timestamp>942.990972</timestamp>
			</report>
			<report>
				<misses>4200000</misses>
				<total>1947653</total>
				<timestamp>965.990727</timestamp>
			</report>
			<report>
				<misses>4300000</misses>
				<total>1947710</total>
				<timestamp>988.990528</timestamp>
			</report>
			<report>
				<misses>4400000</misses>
				<total>2005476</total>
				<timestamp>1011.990282</timestamp>
			</report>
			<report>
				<misses>4500000</misses>
				<total>2071434</total>
				<timestamp>1034.990058</timestamp>
			</report>
			<report>
				<misses>4600000</misses>
				<total>2143551</total>
				<timestamp>1057.989818</timestamp>
			</report>
			<report>
				<misses>4700000</misses>
				<total>2201193</total>
				<timestamp>1080.989592</timestamp>
			</report>
			<report>
				<misses>4800000</misses>
				<total>2274846</total>
				<timestamp>1103.989401</timestamp>
			</report>
			<report>
				<misses>4900000</misses>
				<total>2302916</total>
				<timestamp>1126.989177</timestamp>
			</report>
			<report>
				<misses>5000000</misses>
				<total>2364751</total>
				<timestamp>1149.988906</timestamp>
			</report>
		</query>
	</custom>
	<ethtool_statistic>
		<rx_packets>
			<start>4200948000</start>
			<end>4254722921</end>
		</rx_packets>
		<tx_packets>
			<start>5536066713</start>
			<end>5608333714</end>
		</tx_packets>
		<rx_dropped>
			<start>0</start>
			<end>0</end>
		</rx_dropped>
		<tx_dropped>
			<start>0</start>
			<end>0</end>
		</tx_dropped>
		<collisions>
			<start>0</start>
			<end>0</end>
		</collisions>
		<port_tx_errors>
			<start>0</start>
			<end>0</end>
		</port_tx_errors>
		<port_rx_dropped>
			<start>0</start>
			<end>0</end>
		</port_rx_dropped>
		<port_tx_dropped_link_down>
			<start>0</start>
			<end>0</end>
		</port_tx_dropped_link_down>
	</ethtool_statistic>
	<ip_statistic>
		<mtu>
			<start>9000</start>
			<end>9000</end>
		</mtu>
		<rx_bytes>
			<start>37765111817843</start>
			<end>38248538311206</end>
		</rx_bytes>
		<rx_packets>
			<start>4200948075</start>
			<end>4254723080</end>
		</rx_packets>
		<rx_errors>
			<start>0</start>
			<end>0</end>
		</rx_errors>
		<rx_dropped>
			<start>0</start>
			<end>0</end>
		</rx_dropped>
		<rx_missed>
			<start>0</start>
			<end>0</end>
		</rx_missed>
		<rx_mcast>
			<start>1203</start>
			<end>1217</end>
		</rx_mcast>
		<tx_bytes>
			<start>36669112906408</start>
			<end>37285589022106</end>
		</tx_bytes>
		<tx_packets>
			<start>5536066772</start>
			<end>5608333767</end>
		</tx_packets>
		<tx_errors>
			<start>0</start>
			<end>0</end>
		</tx_errors>
		<tx_dropped>
			<start>0</start>
			<end>0</end>
		</tx_dropped>
		<tx_carrier>
			<start>0</start>
			<end>0</end>
		</tx_carrier>
		<tx_collisions>
			<start>0</start>
			<end>0</end>
		</tx_collisions>
	</ip_statistic>
	<netstat_statistic>
		<udp_pkg_rec>
			<start>3970286140</start>
			<end>4021230222</end>
		</udp_pkg_rec>
		<udp_pkg_snt>
			<start>4257125751</start>
			<end>4294401834</end>
		</udp_pkg_snt>
		<udp_rec_err>
			<start>231106110</start>
			<end>233942153</end>
		</udp_rec_err>
		<udp_rec_buf_err>
			<start>231106110</start>
			<end>233942153</end>
		</udp_rec_buf_err>
		<udp_snt_buf_err>
			<start>0</start>
			<end>0</end>
		</udp_snt_buf_err>
	</netstat_statistic>
</test_results>
