<?xml version="1.0"?>
<test_results>
	<status>STATUS_SUCCESS</status>
	<custom>
		<num_loss>422</num_loss>
		<num_total>5000001</num_total>
		<num_misses>523</num_misses>
		<elapsed_time>150.014339</elapsed_time>
		<query>
			<report>
				<misses>100000</misses>
				<total>3</total>
				<timestamp>3.000620</timestamp>
			</report>
			<report>
				<misses>200000</misses>
				<total>8</total>
				<timestamp>6.000959</timestamp>
			</report>
			<report>
				<misses>300000</misses>
				<total>22</total>
				<timestamp>9.001200</timestamp>
			</report>
			<report>
				<misses>400000</misses>
				<total>23</total>
				<timestamp>12.001845</timestamp>
			</report>
			<report>
				<misses>500000</misses>
				<total>25</total>
				<timestamp>15.002092</timestamp>
			</report>
			<report>
				<misses>600000</misses>
				<total>28</total>
				<timestamp>18.002348</timestamp>
			</report>
			<report>
				<misses>700000</misses>
				<total>36</total>
				<timestamp>21.002701</timestamp>
			</report>
			<report>
				<misses>800000</misses>
				<total>38</total>
				<timestamp>24.002896</timestamp>
			</report>
			<report>
				<misses>900000</misses>
				<total>48</total>
				<timestamp>27.003338</timestamp>
			</report>
			<report>
				<misses>1000000</misses>
				<total>62</total>
				<timestamp>30.003603</timestamp>
			</report>
			<report>
				<misses>1100000</misses>
				<total>66</total>
				<timestamp>33.004161</timestamp>
			</report>
			<report>
				<misses>1200000</misses>
				<total>80</total>
				<timestamp>36.004361</timestamp>
			</report>
			<report>
				<misses>1300000</misses>
				<total>123</total>
				<timestamp>39.004492</timestamp>
			</report>
			<report>
				<misses>1400000</misses>
				<total>123</total>
				<timestamp>42.004607</timestamp>
			</report>
			<report>
				<misses>1500000</misses>
				<total>132</total>
				<timestamp>45.004692</timestamp>
			</report>
			<report>
				<misses>1600000</misses>
				<total>152</total>
				<timestamp>48.004937</timestamp>
			</report>
			<report>
				<misses>1700000</misses>
				<total>161</total>
				<timestamp>51.005081</timestamp>
			</report>
			<report>
				<misses>1800000</misses>
				<total>161</total>
				<timestamp>54.005248</timestamp>
			</report>
			<report>
				<misses>1900000</misses>
				<total>163</total>
				<timestamp>57.005645</timestamp>
			</report>
			<report>
				<misses>2000000</misses>
				<total>165</total>
				<timestamp>60.005877</timestamp>
			</report>
			<report>
				<misses>2100000</misses>
				<total>167</total>
				<timestamp>63.006024</timestamp>
			</report>
			<report>
				<misses>2200000</misses>
				<total>178</total>
				<timestamp>66.006242</timestamp>
			</report>
			<report>
				<misses>2300000</misses>
				<total>192</total>
				<timestamp>69.006300</timestamp>
			</report>
			<report>
				<misses>2400000</misses>
				<total>207</total>
				<timestamp>72.006356</timestamp>
			</report>
			<report>
				<misses>2500000</misses>
				<total>215</total>
				<timestamp>75.006827</timestamp>
			</report>
			<report>
				<misses>2600000</misses>
				<total>228</total>
				<timestamp>78.007259</timestamp>
			</report>
			<report>
				<misses>2700000</misses>
				<total>245</total>
				<timestamp>81.007406</timestamp>
			</report>
			<report>
				<misses>2800000</misses>
				<total>246</total>
				<timestamp>84.007642</timestamp>
			</report>
			<report>
				<misses>2900000</misses>
				<total>247</total>
				<timestamp>87.007757</timestamp>
			</report>
			<report>
				<misses>3000000</misses>
				<total>259</total>
				<timestamp>90.008035</timestamp>
			</report>
			<report>
				<misses>3100000</misses>
				<total>262</total>
				<timestamp>93.008336</timestamp>
			</report>
			<report>
				<misses>3200000</misses>
				<total>266</total>
				<timestamp>96.008629</timestamp>
			</report>
			<report>
				<misses>3300000</misses>
				<total>283</total>
				<timestamp>99.008764</timestamp>
			</report>
			<report>
				<misses>3400000</misses>
				<total>283</total>
				<timestamp>102.008935</timestamp>
			</report>
			<report>
				<misses>3500000</misses>
				<total>286</total>
				<timestamp>105.009145</timestamp>
			</report>
			<report>
				<misses>3600000</misses>
				<total>290</total>
				<timestamp>108.009241</timestamp>
			</report>
			<report>
				<misses>3700000</misses>
				<total>299</total>
				<timestamp>111.009430</timestamp>
			</report>
			<report>
				<misses>3800000</misses>
				<total>316</total>
				<timestamp>114.009738</timestamp>
			</report>
			<report>
				<misses>3900000</misses>
				<total>335</total>
				<timestamp>117.009934</timestamp>
			</report>
			<report>
				<misses>4000000</misses>
				<total>350</total>
				<timestamp>120.010333</timestamp>
			</report>
			<report>
				<misses>4100000</misses>
				<total>352</total>
				<timestamp>123.010870</timestamp>
			</report>
			<report>
				<misses>4200000</misses>
				<total>362</total>
				<timestamp>126.011340</timestamp>
			</report>
			<report>
				<misses>4300000</misses>
				<total>374</total>
				<timestamp>129.011661</timestamp>
			</report>
			<report>
				<misses>4400000</misses>
				<total>385</total>
				<timestamp>132.011780</timestamp>
			</report>
			<report>
				<misses>4500000</misses>
				<total>390</total>
				<timestamp>135.012777</timestamp>
			</report>
			<report>
				<misses>4600000</misses>
				<total>391</total>
				<timestamp>138.013017</timestamp>
			</report>
			<report>
				<misses>4700000</misses>
				<total>392</total>
				<timestamp>141.013173</timestamp>
			</report>
			<report>
				<misses>4800000</misses>
				<total>395</total>
				<timestamp>144.013515</timestamp>
			</report>
			<report>
				<misses>4900000</misses>
				<total>415</total>
				<timestamp>147.013897</timestamp>
			</report>
			<report>
				<misses>5000000</misses>
				<total>422</total>
				<timestamp>150.014317</timestamp>
			</report>
		</query>
	</custom>
	<ethtool_statistic>
		<rx_packets>
			<start>2651731580</start>
			<end>2658944833</end>
		</rx_packets>
		<tx_packets>
			<start>2997847881</start>
			<end>3007178437</end>
		</tx_packets>
		<rx_dropped>
			<start>0</start>
			<end>0</end>
		</rx_dropped>
		<tx_dropped>
			<start>0</start>
			<end>0</end>
		</tx_dropped>
		<collisions>
			<start>0</start>
			<end>0</end>
		</collisions>
		<port_tx_errors>
			<start>0</start>
			<end>0</end>
		</port_tx_errors>
		<port_rx_dropped>
			<start>0</start>
			<end>0</end>
		</port_rx_dropped>
		<port_tx_dropped_link_down>
			<start>0</start>
			<end>0</end>
		</port_tx_dropped_link_down>
	</ethtool_statistic>
	<ip_statistic>
		<mtu>
			<start>9000</start>
			<end>9000</end>
		</mtu>
		<rx_bytes>
			<start>23838193423462</start>
			<end>23903030010624</end>
		</rx_bytes>
		<rx_packets>
			<start>2651731659</start>
			<end>2658944930</end>
		</rx_packets>
		<rx_errors>
			<start>0</start>
			<end>0</end>
		</rx_errors>
		<rx_dropped>
			<start>0</start>
			<end>0</end>
		</rx_dropped>
		<rx_missed>
			<start>0</start>
			<end>0</end>
		</rx_missed>
		<rx_mcast>
			<start>489</start>
			<end>489</end>
		</rx_mcast>
		<tx_bytes>
			<start>15072304870539</start>
			<end>15155926991444</end>
		</tx_bytes>
		<tx_packets>
			<start>2997847938</start>
			<end>3007178493</end>
		</tx_packets>
		<tx_errors>
			<start>0</start>
			<end>0</end>
		</tx_errors>
		<tx_dropped>
			<start>0</start>
			<end>0</end>
		</tx_dropped>
		<tx_carrier>
			<start>0</start>
			<end>0</end>
		</tx_carrier>
		<tx_collisions>
			<start>0</start>
			<end>0</end>
		</tx_collisions>
	</ip_statistic>
	<netstat_statistic>
		<udp_pkg_rec>
			<start>2498568422</start>
			<end>2505429226</end>
		</udp_pkg_rec>
		<udp_pkg_snt>
			<start>2998098192</start>
			<end>3007427862</end>
		</udp_pkg_snt>
		<udp_rec_err>
			<start>153397706</start>
			<end>153749946</end>
		</udp_rec_err>
		<udp_rec_buf_err>
			<start>153397706</start>
			<end>153749946</end>
		</udp_rec_buf_err>
		<udp_snt_buf_err>
			<start>0</start>
			<end>0</end>
		</udp_snt_buf_err>
	</netstat_statistic>
</test_results>
