<?xml version="1.0"?>
<test_results>
	<status>STATUS_SUCCESS</status>
	<custom>
		<num_loss>74</num_loss>
		<num_total>2000001</num_total>
		<num_misses>768</num_misses>
		<elapsed_time>40.015510</elapsed_time>
		<query />
	</custom>
	<ethtool_statistic>
		<rx_packets>
			<start>602347148</start>
			<end>605799121</end>
		</rx_packets>
		<tx_packets>
			<start>1608124544</start>
			<end>1614639315</end>
		</tx_packets>
		<rx_dropped>
			<start>0</start>
			<end>0</end>
		</rx_dropped>
		<tx_dropped>
			<start>0</start>
			<end>0</end>
		</tx_dropped>
		<collisions>
			<start>0</start>
			<end>0</end>
		</collisions>
		<port_tx_errors>
			<start>0</start>
			<end>0</end>
		</port_tx_errors>
		<port_rx_dropped>
			<start>0</start>
			<end>0</end>
		</port_rx_dropped>
		<port_tx_dropped_link_down>
			<start>0</start>
			<end>0</end>
		</port_tx_dropped_link_down>
	</ethtool_statistic>
	<ip_statistic>
		<mtu>
			<start>9000</start>
			<end>9000</end>
		</mtu>
		<rx_bytes>
			<start>2461605197354</start>
			<end>2476141709445</end>
		</rx_bytes>
		<rx_packets>
			<start>602347269</start>
			<end>605799530</end>
		</rx_packets>
		<rx_errors>
			<start>0</start>
			<end>0</end>
		</rx_errors>
		<rx_dropped>
			<start>0</start>
			<end>0</end>
		</rx_dropped>
		<rx_missed>
			<start>0</start>
			<end>0</end>
		</rx_missed>
		<rx_mcast>
			<start>1555</start>
			<end>1555</end>
		</rx_mcast>
		<tx_bytes>
			<start>2036950770656</start>
			<end>2066278774912</end>
		</tx_bytes>
		<tx_packets>
			<start>1608124572</start>
			<end>1614639330</end>
		</tx_packets>
		<tx_errors>
			<start>0</start>
			<end>0</end>
		</tx_errors>
		<tx_dropped>
			<start>0</start>
			<end>0</end>
		</tx_dropped>
		<tx_carrier>
			<start>0</start>
			<end>0</end>
		</tx_carrier>
		<tx_collisions>
			<start>0</start>
			<end>0</end>
		</tx_collisions>
	</ip_statistic>
	<netstat_statistic>
		<udp_pkg_rec>
			<start>460711229</start>
			<end>463631082</end>
		</udp_pkg_rec>
		<udp_pkg_snt>
			<start>1608426792</start>
			<end>1614941981</end>
		</udp_pkg_snt>
		<udp_rec_err>
			<start>142121906</start>
			<end>142655009</end>
		</udp_rec_err>
		<udp_rec_buf_err>
			<start>142121906</start>
			<end>142655009</end>
		</udp_rec_buf_err>
		<udp_snt_buf_err>
			<start>0</start>
			<end>0</end>
		</udp_snt_buf_err>
	</netstat_statistic>
</test_results>
