<?xml version="1.0"?>
<test_results>
	<status>STATUS_SUCCESS</status>
	<custom>
		<num_loss>523</num_loss>
		<num_total>5000001</num_total>
		<num_misses>1</num_misses>
		<elapsed_time>1549.985008</elapsed_time>
		<query>
			<report>
				<misses>100000</misses>
				<total>8</total>
				<timestamp>31.000207</timestamp>
			</report>
			<report>
				<misses>200000</misses>
				<total>18</total>
				<timestamp>61.999843</timestamp>
			</report>
			<report>
				<misses>300000</misses>
				<total>30</total>
				<timestamp>92.999559</timestamp>
			</report>
			<report>
				<misses>400000</misses>
				<total>39</total>
				<timestamp>123.999217</timestamp>
			</report>
			<report>
				<misses>500000</misses>
				<total>49</total>
				<timestamp>154.998957</timestamp>
			</report>
			<report>
				<misses>600000</misses>
				<total>55</total>
				<timestamp>185.998650</timestamp>
			</report>
			<report>
				<misses>700000</misses>
				<total>55</total>
				<timestamp>216.998357</timestamp>
			</report>
			<report>
				<misses>800000</misses>
				<total>65</total>
				<timestamp>247.997976</timestamp>
			</report>
			<report>
				<misses>900000</misses>
				<total>78</total>
				<timestamp>278.997740</timestamp>
			</report>
			<report>
				<misses>1000000</misses>
				<total>95</total>
				<timestamp>309.997382</timestamp>
			</report>
			<report>
				<misses>1100000</misses>
				<total>110</total>
				<timestamp>340.997131</timestamp>
			</report>
			<report>
				<misses>1200000</misses>
				<total>118</total>
				<timestamp>371.996721</timestamp>
			</report>
			<report>
				<misses>1300000</misses>
				<total>137</total>
				<timestamp>402.996432</timestamp>
			</report>
			<report>
				<misses>1400000</misses>
				<total>148</total>
				<timestamp>433.996121</timestamp>
			</report>
			<report>
				<misses>1500000</misses>
				<total>154</total>
				<timestamp>464.995854</timestamp>
			</report>
			<report>
				<misses>1600000</misses>
				<total>159</total>
				<timestamp>495.995503</timestamp>
			</report>
			<report>
				<misses>1700000</misses>
				<total>178</total>
				<timestamp>526.995187</timestamp>
			</report>
			<report>
				<misses>1800000</misses>
				<total>184</total>
				<timestamp>557.994879</timestamp>
			</report>
			<report>
				<misses>1900000</misses>
				<total>199</total>
				<timestamp>588.994555</timestamp>
			</report>
			<report>
				<misses>2000000</misses>
				<total>211</total>
				<timestamp>619.994302</timestamp>
			</report>
			<report>
				<misses>2100000</misses>
				<total>219</total>
				<timestamp>650.994016</timestamp>
			</report>
			<report>
				<misses>2200000</misses>
				<total>231</total>
				<timestamp>681.993657</timestamp>
			</report>
			<report>
				<misses>2300000</misses>
				<total>233</total>
				<timestamp>712.993363</timestamp>
			</report>
			<report>
				<misses>2400000</misses>
				<total>236</total>
				<timestamp>743.993081</timestamp>
			</report>
			<report>
				<misses>2500000</misses>
				<total>249</total>
				<timestamp>774.992736</timestamp>
			</report>
			<report>
				<misses>2600000</misses>
				<total>250</total>
				<timestamp>805.992429</timestamp>
			</report>
			<report>
				<misses>2700000</misses>
				<total>273</total>
				<timestamp>836.992184</timestamp>
			</report>
			<report>
				<misses>2800000</misses>
				<total>293</total>
				<timestamp>867.991787</timestamp>
			</report>
			<report>
				<misses>2900000</misses>
				<total>298</total>
				<timestamp>898.991481</timestamp>
			</report>
			<report>
				<misses>3000000</misses>
				<total>300</total>
				<timestamp>929.991163</timestamp>
			</report>
			<report>
				<misses>3100000</misses>
				<total>310</total>
				<timestamp>960.990848</timestamp>
			</report>
			<report>
				<misses>3200000</misses>
				<total>314</total>
				<timestamp>991.990596</timestamp>
			</report>
			<report>
				<misses>3300000</misses>
				<total>314</total>
				<timestamp>1022.990217</timestamp>
			</report>
			<report>
				<misses>3400000</misses>
				<total>322</total>
				<timestamp>1053.989913</timestamp>
			</report>
			<report>
				<misses>3500000</misses>
				<total>331</total>
				<timestamp>1084.989636</timestamp>
			</report>
			<report>
				<misses>3600000</misses>
				<total>336</total>
				<timestamp>1115.989436</timestamp>
			</report>
			<report>
				<misses>3700000</misses>
				<total>354</total>
				<timestamp>1146.989005</timestamp>
			</report>
			<report>
				<misses>3800000</misses>
				<total>364</total>
				<timestamp>1177.988670</timestamp>
			</report>
			<report>
				<misses>3900000</misses>
				<total>369</total>
				<timestamp>1208.988405</timestamp>
			</report>
			<report>
				<misses>4000000</misses>
				<total>373</total>
				<timestamp>1239.988136</timestamp>
			</report>
			<report>
				<misses>4100000</misses>
				<total>384</total>
				<timestamp>1270.987767</timestamp>
			</report>
			<report>
				<misses>4200000</misses>
				<total>398</total>
				<timestamp>1301.987492</timestamp>
			</report>
			<report>
				<misses>4300000</misses>
				<total>413</total>
				<timestamp>1332.987183</timestamp>
			</report>
			<report>
				<misses>4400000</misses>
				<total>424</total>
				<timestamp>1363.986826</timestamp>
			</report>
			<report>
				<misses>4500000</misses>
				<total>441</total>
				<timestamp>1394.986544</timestamp>
			</report>
			<report>
				<misses>4600000</misses>
				<total>454</total>
				<timestamp>1425.986203</timestamp>
			</report>
			<report>
				<misses>4700000</misses>
				<total>463</total>
				<timestamp>1456.986002</timestamp>
			</report>
			<report>
				<misses>4800000</misses>
				<total>490</total>
				<timestamp>1487.985621</timestamp>
			</report>
			<report>
				<misses>4900000</misses>
				<total>505</total>
				<timestamp>1518.985316</timestamp>
			</report>
			<report>
				<misses>5000000</misses>
				<total>524</total>
				<timestamp>1549.984974</timestamp>
			</report>
		</query>
	</custom>
	<ethtool_statistic>
		<rx_packets>
			<start>4699277660</start>
			<end>4771678367</end>
		</rx_packets>
		<tx_packets>
			<start>6155167989</start>
			<end>6238609994</end>
		</tx_packets>
		<rx_dropped>
			<start>250</start>
			<end>250</end>
		</rx_dropped>
		<tx_dropped>
			<start>0</start>
			<end>0</end>
		</tx_dropped>
		<collisions>
			<start>0</start>
			<end>0</end>
		</collisions>
		<port_tx_errors>
			<start>0</start>
			<end>0</end>
		</port_tx_errors>
		<port_rx_dropped>
			<start>0</start>
			<end>0</end>
		</port_rx_dropped>
		<port_tx_dropped_link_down>
			<start>0</start>
			<end>0</end>
		</port_tx_dropped_link_down>
	</ethtool_statistic>
	<ip_statistic>
		<mtu>
			<start>9000</start>
			<end>9000</end>
		</mtu>
		<rx_bytes>
			<start>42245028963145</start>
			<end>42895904298777</end>
		</rx_bytes>
		<rx_packets>
			<start>4699277742</start>
			<end>4771678466</end>
		</rx_packets>
		<rx_errors>
			<start>0</start>
			<end>0</end>
		</rx_errors>
		<rx_dropped>
			<start>250</start>
			<end>250</end>
		</rx_dropped>
		<rx_missed>
			<start>0</start>
			<end>0</end>
		</rx_missed>
		<rx_mcast>
			<start>1354</start>
			<end>1377</end>
		</rx_mcast>
		<tx_bytes>
			<start>41969195119014</start>
			<end>42686133422302</end>
		</tx_bytes>
		<tx_packets>
			<start>6155168024</start>
			<end>6238610022</end>
		</tx_packets>
		<tx_errors>
			<start>0</start>
			<end>0</end>
		</tx_errors>
		<tx_dropped>
			<start>0</start>
			<end>0</end>
		</tx_dropped>
		<tx_carrier>
			<start>0</start>
			<end>0</end>
		</tx_carrier>
		<tx_collisions>
			<start>0</start>
			<end>0</end>
		</tx_collisions>
	</ip_statistic>
	<netstat_statistic>
		<udp_pkg_rec>
			<start>4441421064</start>
			<end>4510987389</end>
		</udp_pkg_rec>
		<udp_pkg_snt>
			<start>4596310581</start>
			<end>4644764749</end>
		</udp_pkg_snt>
		<udp_rec_err>
			<start>258351985</start>
			<end>261194241</end>
		</udp_rec_err>
		<udp_rec_buf_err>
			<start>258351985</start>
			<end>261194241</end>
		</udp_rec_buf_err>
		<udp_snt_buf_err>
			<start>0</start>
			<end>0</end>
		</udp_snt_buf_err>
	</netstat_statistic>
</test_results>
