<?xml version="1.0"?>
<test_results>
	<status>STATUS_SUCCESS</status>
	<custom>
		<num_loss>824716</num_loss>
		<num_total>1000001</num_total>
		<num_misses>28</num_misses>
		<elapsed_time>120.003497</elapsed_time>
		<query>
			<report>
				<misses>1000000</misses>
				<total>824716</total>
			</report>
		</query>
	</custom>
	<ethtool_statistic>
		<rx_packets>
			<start>16853230322</start>
			<end>16859045962</end>
		</rx_packets>
		<tx_packets>
			<start>19589971342</start>
			<end>19601461319</end>
		</tx_packets>
		<rx_dropped>
			<start>63</start>
			<end>63</end>
		</rx_dropped>
		<tx_dropped>
			<start>0</start>
			<end>0</end>
		</tx_dropped>
		<collisions>
			<start>0</start>
			<end>0</end>
		</collisions>
		<port_tx_errors>
			<start>0</start>
			<end>0</end>
		</port_tx_errors>
		<port_rx_dropped>
			<start>0</start>
			<end>0</end>
		</port_rx_dropped>
		<port_tx_dropped_link_down>
			<start>0</start>
			<end>0</end>
		</port_tx_dropped_link_down>
	</ethtool_statistic>
	<ip_statistic>
		<mtu>
			<start>9000</start>
			<end>9000</end>
		</mtu>
		<rx_bytes>
			<start>151497473828488</start>
			<end>151549755470078</end>
		</rx_bytes>
		<rx_packets>
			<start>16853230405</start>
			<end>16859046043</end>
		</rx_packets>
		<rx_errors>
			<start>0</start>
			<end>0</end>
		</rx_errors>
		<rx_dropped>
			<start>69</start>
			<end>69</end>
		</rx_dropped>
		<rx_missed>
			<start>0</start>
			<end>0</end>
		</rx_missed>
		<rx_mcast>
			<start>12298</start>
			<end>12298</end>
		</rx_mcast>
		<tx_bytes>
			<start>132543684719528</start>
			<end>132640338941552</end>
		</tx_bytes>
		<tx_packets>
			<start>19589971405</start>
			<end>19601461361</end>
		</tx_packets>
		<tx_errors>
			<start>0</start>
			<end>0</end>
		</tx_errors>
		<tx_dropped>
			<start>0</start>
			<end>0</end>
		</tx_dropped>
		<tx_carrier>
			<start>0</start>
			<end>0</end>
		</tx_carrier>
		<tx_collisions>
			<start>0</start>
			<end>0</end>
		</tx_collisions>
	</ip_statistic>
	<netstat_statistic>
		<udp_pkg_rec>
			<start>16584002247</start>
			<end>16589597161</end>
		</udp_pkg_rec>
		<udp_pkg_snt>
			<start>16604763729</start>
			<end>16609253947</end>
		</udp_pkg_snt>
		<udp_rec_err>
			<start>271226019</start>
			<end>271446639</end>
		</udp_rec_err>
		<udp_rec_buf_err>
			<start>271226019</start>
			<end>271446639</end>
		</udp_rec_buf_err>
		<udp_snt_buf_err>
			<start>28</start>
			<end>28</end>
		</udp_snt_buf_err>
	</netstat_statistic>
</test_results>
