<?xml version="1.0"?>
<test_results>
	<status>STATUS_SUCCESS</status>
	<custom>
		<num_loss>968338</num_loss>
		<num_total>1000001</num_total>
		<num_misses>57</num_misses>
		<elapsed_time>90.005238</elapsed_time>
		<query>
			<report>
				<misses>1000000</misses>
				<total>968338</total>
			</report>
		</query>
	</custom>
	<ethtool_statistic>
		<rx_packets>
			<start>16837456908</start>
			<end>16841876046</end>
		</rx_packets>
		<tx_packets>
			<start>19556505464</start>
			<end>19567157259</end>
		</tx_packets>
		<rx_dropped>
			<start>63</start>
			<end>63</end>
		</rx_dropped>
		<tx_dropped>
			<start>0</start>
			<end>0</end>
		</tx_dropped>
		<collisions>
			<start>0</start>
			<end>0</end>
		</collisions>
		<port_tx_errors>
			<start>0</start>
			<end>0</end>
		</port_tx_errors>
		<port_rx_dropped>
			<start>0</start>
			<end>0</end>
		</port_rx_dropped>
		<port_tx_dropped_link_down>
			<start>0</start>
			<end>0</end>
		</port_tx_dropped_link_down>
	</ethtool_statistic>
	<ip_statistic>
		<mtu>
			<start>9000</start>
			<end>9000</end>
		</mtu>
		<rx_bytes>
			<start>151355672903155</start>
			<end>151395400718027</end>
		</rx_bytes>
		<rx_packets>
			<start>16837456964</start>
			<end>16841876147</end>
		</rx_packets>
		<rx_errors>
			<start>0</start>
			<end>0</end>
		</rx_errors>
		<rx_dropped>
			<start>69</start>
			<end>69</end>
		</rx_dropped>
		<rx_missed>
			<start>0</start>
			<end>0</end>
		</rx_missed>
		<rx_mcast>
			<start>12294</start>
			<end>12295</end>
		</rx_mcast>
		<tx_bytes>
			<start>132262747552182</start>
			<end>132351867056412</end>
		</tx_bytes>
		<tx_packets>
			<start>19556505507</start>
			<end>19567157322</end>
		</tx_packets>
		<tx_errors>
			<start>0</start>
			<end>0</end>
		</tx_errors>
		<tx_dropped>
			<start>0</start>
			<end>0</end>
		</tx_dropped>
		<tx_carrier>
			<start>0</start>
			<end>0</end>
		</tx_carrier>
		<tx_collisions>
			<start>0</start>
			<end>0</end>
		</tx_collisions>
	</ip_statistic>
	<netstat_statistic>
		<udp_pkg_rec>
			<start>16568893848</start>
			<end>16573133577</end>
		</udp_pkg_rec>
		<udp_pkg_snt>
			<start>16592296966</start>
			<end>16595948998</end>
		</udp_pkg_snt>
		<udp_rec_err>
			<start>270561082</start>
			<end>270740515</end>
		</udp_rec_err>
		<udp_rec_buf_err>
			<start>270561082</start>
			<end>270740515</end>
		</udp_rec_buf_err>
		<udp_snt_buf_err>
			<start>28</start>
			<end>28</end>
		</udp_snt_buf_err>
	</netstat_statistic>
</test_results>
