<?xml version="1.0"?>
<test_results>
	<status>STATUS_SUCCESS</status>
	<custom>
		<num_loss>1977021</num_loss>
		<num_total>2000001</num_total>
		<num_misses>72131</num_misses>
		<elapsed_time>124.316280</elapsed_time>
		<query>
			<report>
				<misses>10000</misses>
				<total>4744</total>
			</report>
			<report>
				<misses>20000</misses>
				<total>14743</total>
			</report>
			<report>
				<misses>30000</misses>
				<total>24742</total>
			</report>
			<report>
				<misses>40000</misses>
				<total>34741</total>
			</report>
			<report>
				<misses>50000</misses>
				<total>44740</total>
			</report>
			<report>
				<misses>60000</misses>
				<total>54739</total>
			</report>
			<report>
				<misses>70000</misses>
				<total>64738</total>
			</report>
			<report>
				<misses>80000</misses>
				<total>74737</total>
			</report>
			<report>
				<misses>90000</misses>
				<total>84736</total>
			</report>
			<report>
				<misses>100000</misses>
				<total>94735</total>
			</report>
			<report>
				<misses>110000</misses>
				<total>104734</total>
			</report>
			<report>
				<misses>120000</misses>
				<total>114733</total>
			</report>
			<report>
				<misses>130000</misses>
				<total>124732</total>
			</report>
			<report>
				<misses>140000</misses>
				<total>134731</total>
			</report>
			<report>
				<misses>150000</misses>
				<total>144730</total>
			</report>
			<report>
				<misses>160000</misses>
				<total>154729</total>
			</report>
			<report>
				<misses>170000</misses>
				<total>164728</total>
			</report>
			<report>
				<misses>180000</misses>
				<total>174727</total>
			</report>
			<report>
				<misses>190000</misses>
				<total>184726</total>
			</report>
			<report>
				<misses>200000</misses>
				<total>194725</total>
			</report>
			<report>
				<misses>210000</misses>
				<total>204724</total>
			</report>
			<report>
				<misses>220000</misses>
				<total>214723</total>
			</report>
			<report>
				<misses>230000</misses>
				<total>224722</total>
			</report>
			<report>
				<misses>240000</misses>
				<total>234721</total>
			</report>
			<report>
				<misses>250000</misses>
				<total>244720</total>
			</report>
			<report>
				<misses>260000</misses>
				<total>254719</total>
			</report>
			<report>
				<misses>270000</misses>
				<total>264718</total>
			</report>
			<report>
				<misses>280000</misses>
				<total>274717</total>
			</report>
			<report>
				<misses>290000</misses>
				<total>284716</total>
			</report>
			<report>
				<misses>300000</misses>
				<total>294715</total>
			</report>
			<report>
				<misses>310000</misses>
				<total>304714</total>
			</report>
			<report>
				<misses>320000</misses>
				<total>314713</total>
			</report>
			<report>
				<misses>330000</misses>
				<total>324712</total>
			</report>
			<report>
				<misses>340000</misses>
				<total>334711</total>
			</report>
			<report>
				<misses>350000</misses>
				<total>344710</total>
			</report>
			<report>
				<misses>360000</misses>
				<total>354709</total>
			</report>
			<report>
				<misses>370000</misses>
				<total>364708</total>
			</report>
			<report>
				<misses>380000</misses>
				<total>374707</total>
			</report>
			<report>
				<misses>390000</misses>
				<total>384706</total>
			</report>
			<report>
				<misses>400000</misses>
				<total>394705</total>
			</report>
			<report>
				<misses>410000</misses>
				<total>404704</total>
			</report>
			<report>
				<misses>420000</misses>
				<total>414703</total>
			</report>
			<report>
				<misses>430000</misses>
				<total>424702</total>
			</report>
			<report>
				<misses>440000</misses>
				<total>434424</total>
			</report>
			<report>
				<misses>450000</misses>
				<total>438088</total>
			</report>
			<report>
				<misses>460000</misses>
				<total>445986</total>
			</report>
			<report>
				<misses>470000</misses>
				<total>455985</total>
			</report>
			<report>
				<misses>480000</misses>
				<total>465984</total>
			</report>
			<report>
				<misses>490000</misses>
				<total>475983</total>
			</report>
			<report>
				<misses>500000</misses>
				<total>485982</total>
			</report>
			<report>
				<misses>510000</misses>
				<total>495981</total>
			</report>
			<report>
				<misses>520000</misses>
				<total>505980</total>
			</report>
			<report>
				<misses>530000</misses>
				<total>515979</total>
			</report>
			<report>
				<misses>540000</misses>
				<total>525978</total>
			</report>
			<report>
				<misses>550000</misses>
				<total>535977</total>
			</report>
			<report>
				<misses>560000</misses>
				<total>545976</total>
			</report>
			<report>
				<misses>570000</misses>
				<total>555975</total>
			</report>
			<report>
				<misses>580000</misses>
				<total>565974</total>
			</report>
			<report>
				<misses>590000</misses>
				<total>575973</total>
			</report>
			<report>
				<misses>600000</misses>
				<total>585972</total>
			</report>
			<report>
				<misses>610000</misses>
				<total>595971</total>
			</report>
			<report>
				<misses>620000</misses>
				<total>605970</total>
			</report>
			<report>
				<misses>630000</misses>
				<total>615969</total>
			</report>
			<report>
				<misses>640000</misses>
				<total>625968</total>
			</report>
			<report>
				<misses>650000</misses>
				<total>635967</total>
			</report>
			<report>
				<misses>660000</misses>
				<total>645966</total>
			</report>
			<report>
				<misses>670000</misses>
				<total>655965</total>
			</report>
			<report>
				<misses>680000</misses>
				<total>665964</total>
			</report>
			<report>
				<misses>690000</misses>
				<total>675963</total>
			</report>
			<report>
				<misses>700000</misses>
				<total>685962</total>
			</report>
			<report>
				<misses>710000</misses>
				<total>695961</total>
			</report>
			<report>
				<misses>720000</misses>
				<total>705960</total>
			</report>
			<report>
				<misses>730000</misses>
				<total>715959</total>
			</report>
			<report>
				<misses>740000</misses>
				<total>725958</total>
			</report>
			<report>
				<misses>750000</misses>
				<total>735957</total>
			</report>
			<report>
				<misses>760000</misses>
				<total>745956</total>
			</report>
			<report>
				<misses>770000</misses>
				<total>755955</total>
			</report>
			<report>
				<misses>780000</misses>
				<total>765954</total>
			</report>
			<report>
				<misses>790000</misses>
				<total>775953</total>
			</report>
			<report>
				<misses>800000</misses>
				<total>785952</total>
			</report>
			<report>
				<misses>810000</misses>
				<total>795951</total>
			</report>
			<report>
				<misses>820000</misses>
				<total>805950</total>
			</report>
			<report>
				<misses>830000</misses>
				<total>815949</total>
			</report>
			<report>
				<misses>840000</misses>
				<total>825948</total>
			</report>
			<report>
				<misses>850000</misses>
				<total>835947</total>
			</report>
			<report>
				<misses>860000</misses>
				<total>845946</total>
			</report>
			<report>
				<misses>870000</misses>
				<total>855945</total>
			</report>
			<report>
				<misses>880000</misses>
				<total>865538</total>
			</report>
			<report>
				<misses>890000</misses>
				<total>873432</total>
			</report>
			<report>
				<misses>900000</misses>
				<total>882485</total>
			</report>
			<report>
				<misses>910000</misses>
				<total>892484</total>
			</report>
			<report>
				<misses>920000</misses>
				<total>902483</total>
			</report>
			<report>
				<misses>930000</misses>
				<total>912482</total>
			</report>
			<report>
				<misses>940000</misses>
				<total>922481</total>
			</report>
			<report>
				<misses>950000</misses>
				<total>932480</total>
			</report>
			<report>
				<misses>960000</misses>
				<total>942479</total>
			</report>
			<report>
				<misses>970000</misses>
				<total>952478</total>
			</report>
			<report>
				<misses>980000</misses>
				<total>962477</total>
			</report>
			<report>
				<misses>990000</misses>
				<total>972476</total>
			</report>
			<report>
				<misses>1000000</misses>
				<total>982475</total>
			</report>
			<report>
				<misses>1010000</misses>
				<total>992474</total>
			</report>
			<report>
				<misses>1020000</misses>
				<total>1002473</total>
			</report>
			<report>
				<misses>1030000</misses>
				<total>1012472</total>
			</report>
			<report>
				<misses>1040000</misses>
				<total>1022471</total>
			</report>
			<report>
				<misses>1050000</misses>
				<total>1032470</total>
			</report>
			<report>
				<misses>1060000</misses>
				<total>1042469</total>
			</report>
			<report>
				<misses>1070000</misses>
				<total>1052468</total>
			</report>
			<report>
				<misses>1080000</misses>
				<total>1062467</total>
			</report>
			<report>
				<misses>1090000</misses>
				<total>1072466</total>
			</report>
			<report>
				<misses>1100000</misses>
				<total>1082465</total>
			</report>
			<report>
				<misses>1110000</misses>
				<total>1092464</total>
			</report>
			<report>
				<misses>1120000</misses>
				<total>1102463</total>
			</report>
			<report>
				<misses>1130000</misses>
				<total>1112462</total>
			</report>
			<report>
				<misses>1140000</misses>
				<total>1122461</total>
			</report>
			<report>
				<misses>1150000</misses>
				<total>1132460</total>
			</report>
			<report>
				<misses>1160000</misses>
				<total>1142459</total>
			</report>
			<report>
				<misses>1170000</misses>
				<total>1152458</total>
			</report>
			<report>
				<misses>1180000</misses>
				<total>1162457</total>
			</report>
			<report>
				<misses>1190000</misses>
				<total>1172456</total>
			</report>
			<report>
				<misses>1200000</misses>
				<total>1182455</total>
			</report>
			<report>
				<misses>1210000</misses>
				<total>1192454</total>
			</report>
			<report>
				<misses>1220000</misses>
				<total>1202453</total>
			</report>
			<report>
				<misses>1230000</misses>
				<total>1212452</total>
			</report>
			<report>
				<misses>1240000</misses>
				<total>1222451</total>
			</report>
			<report>
				<misses>1250000</misses>
				<total>1232450</total>
			</report>
			<report>
				<misses>1260000</misses>
				<total>1242449</total>
			</report>
			<report>
				<misses>1270000</misses>
				<total>1252448</total>
			</report>
			<report>
				<misses>1280000</misses>
				<total>1262447</total>
			</report>
			<report>
				<misses>1290000</misses>
				<total>1272446</total>
			</report>
			<report>
				<misses>1300000</misses>
				<total>1282445</total>
			</report>
			<report>
				<misses>1310000</misses>
				<total>1292444</total>
			</report>
			<report>
				<misses>1320000</misses>
				<total>1300672</total>
			</report>
			<report>
				<misses>1330000</misses>
				<total>1309537</total>
			</report>
			<report>
				<misses>1340000</misses>
				<total>1319536</total>
			</report>
			<report>
				<misses>1350000</misses>
				<total>1329535</total>
			</report>
			<report>
				<misses>1360000</misses>
				<total>1339534</total>
			</report>
			<report>
				<misses>1370000</misses>
				<total>1349533</total>
			</report>
			<report>
				<misses>1380000</misses>
				<total>1359532</total>
			</report>
			<report>
				<misses>1390000</misses>
				<total>1369531</total>
			</report>
			<report>
				<misses>1400000</misses>
				<total>1379530</total>
			</report>
			<report>
				<misses>1410000</misses>
				<total>1389529</total>
			</report>
			<report>
				<misses>1420000</misses>
				<total>1399528</total>
			</report>
			<report>
				<misses>1430000</misses>
				<total>1409527</total>
			</report>
			<report>
				<misses>1440000</misses>
				<total>1419526</total>
			</report>
			<report>
				<misses>1450000</misses>
				<total>1429525</total>
			</report>
			<report>
				<misses>1460000</misses>
				<total>1439524</total>
			</report>
			<report>
				<misses>1470000</misses>
				<total>1449523</total>
			</report>
			<report>
				<misses>1480000</misses>
				<total>1459522</total>
			</report>
			<report>
				<misses>1490000</misses>
				<total>1469521</total>
			</report>
			<report>
				<misses>1500000</misses>
				<total>1479520</total>
			</report>
			<report>
				<misses>1510000</misses>
				<total>1489519</total>
			</report>
			<report>
				<misses>1520000</misses>
				<total>1499518</total>
			</report>
			<report>
				<misses>1530000</misses>
				<total>1509517</total>
			</report>
			<report>
				<misses>1540000</misses>
				<total>1519516</total>
			</report>
			<report>
				<misses>1550000</misses>
				<total>1529515</total>
			</report>
			<report>
				<misses>1560000</misses>
				<total>1539514</total>
			</report>
			<report>
				<misses>1570000</misses>
				<total>1549513</total>
			</report>
			<report>
				<misses>1580000</misses>
				<total>1559512</total>
			</report>
			<report>
				<misses>1590000</misses>
				<total>1569511</total>
			</report>
			<report>
				<misses>1600000</misses>
				<total>1579510</total>
			</report>
			<report>
				<misses>1610000</misses>
				<total>1589509</total>
			</report>
			<report>
				<misses>1620000</misses>
				<total>1599508</total>
			</report>
			<report>
				<misses>1630000</misses>
				<total>1609507</total>
			</report>
			<report>
				<misses>1640000</misses>
				<total>1619506</total>
			</report>
			<report>
				<misses>1650000</misses>
				<total>1629505</total>
			</report>
			<report>
				<misses>1660000</misses>
				<total>1639504</total>
			</report>
			<report>
				<misses>1670000</misses>
				<total>1649503</total>
			</report>
			<report>
				<misses>1680000</misses>
				<total>1659502</total>
			</report>
			<report>
				<misses>1690000</misses>
				<total>1669501</total>
			</report>
			<report>
				<misses>1700000</misses>
				<total>1679500</total>
			</report>
			<report>
				<misses>1710000</misses>
				<total>1689499</total>
			</report>
			<report>
				<misses>1720000</misses>
				<total>1699498</total>
			</report>
			<report>
				<misses>1730000</misses>
				<total>1709497</total>
			</report>
			<report>
				<misses>1740000</misses>
				<total>1719496</total>
			</report>
			<report>
				<misses>1750000</misses>
				<total>1729477</total>
			</report>
			<report>
				<misses>1760000</misses>
				<total>1738236</total>
			</report>
			<report>
				<misses>1770000</misses>
				<total>1747044</total>
			</report>
			<report>
				<misses>1780000</misses>
				<total>1757043</total>
			</report>
			<report>
				<misses>1790000</misses>
				<total>1767042</total>
			</report>
			<report>
				<misses>1800000</misses>
				<total>1777041</total>
			</report>
			<report>
				<misses>1810000</misses>
				<total>1787040</total>
			</report>
			<report>
				<misses>1820000</misses>
				<total>1797039</total>
			</report>
			<report>
				<misses>1830000</misses>
				<total>1807038</total>
			</report>
			<report>
				<misses>1840000</misses>
				<total>1817037</total>
			</report>
			<report>
				<misses>1850000</misses>
				<total>1827036</total>
			</report>
			<report>
				<misses>1860000</misses>
				<total>1837035</total>
			</report>
			<report>
				<misses>1870000</misses>
				<total>1847034</total>
			</report>
			<report>
				<misses>1880000</misses>
				<total>1857033</total>
			</report>
			<report>
				<misses>1890000</misses>
				<total>1867032</total>
			</report>
			<report>
				<misses>1900000</misses>
				<total>1877031</total>
			</report>
			<report>
				<misses>1910000</misses>
				<total>1887030</total>
			</report>
			<report>
				<misses>1920000</misses>
				<total>1897029</total>
			</report>
			<report>
				<misses>1930000</misses>
				<total>1907028</total>
			</report>
			<report>
				<misses>1940000</misses>
				<total>1917027</total>
			</report>
			<report>
				<misses>1950000</misses>
				<total>1927026</total>
			</report>
			<report>
				<misses>1960000</misses>
				<total>1937025</total>
			</report>
			<report>
				<misses>1970000</misses>
				<total>1947024</total>
			</report>
			<report>
				<misses>1980000</misses>
				<total>1957023</total>
			</report>
			<report>
				<misses>1990000</misses>
				<total>1967022</total>
			</report>
			<report>
				<misses>2000000</misses>
				<total>1977021</total>
			</report>
		</query>
	</custom>
	<ethtool_statistic>
		<rx_packets>
			<start>16932622054</start>
			<end>16938639765</end>
		</rx_packets>
		<tx_packets>
			<start>19710728825</start>
			<end>19730337865</end>
		</tx_packets>
		<rx_dropped>
			<start>63</start>
			<end>63</end>
		</rx_dropped>
		<tx_dropped>
			<start>0</start>
			<end>0</end>
		</tx_dropped>
		<collisions>
			<start>0</start>
			<end>0</end>
		</collisions>
		<port_tx_errors>
			<start>0</start>
			<end>0</end>
		</port_tx_errors>
		<port_rx_dropped>
			<start>0</start>
			<end>0</end>
		</port_rx_dropped>
		<port_tx_dropped_link_down>
			<start>0</start>
			<end>0</end>
		</port_tx_dropped_link_down>
	</ethtool_statistic>
	<ip_statistic>
		<mtu>
			<start>9000</start>
			<end>9000</end>
		</mtu>
		<rx_bytes>
			<start>152211194947225</start>
			<end>152265291717067</end>
		</rx_bytes>
		<rx_packets>
			<start>16932622139</start>
			<end>16938639865</end>
		</rx_packets>
		<rx_errors>
			<start>0</start>
			<end>0</end>
		</rx_errors>
		<rx_dropped>
			<start>69</start>
			<end>69</end>
		</rx_dropped>
		<rx_missed>
			<start>0</start>
			<end>0</end>
		</rx_missed>
		<rx_mcast>
			<start>12326</start>
			<end>12330</end>
		</rx_mcast>
		<tx_bytes>
			<start>133568595833228</start>
			<end>133731600296328</end>
		</tx_bytes>
		<tx_packets>
			<start>19710728880</start>
			<end>19730337928</end>
		</tx_packets>
		<tx_errors>
			<start>0</start>
			<end>0</end>
		</tx_errors>
		<tx_dropped>
			<start>0</start>
			<end>0</end>
		</tx_dropped>
		<tx_carrier>
			<start>0</start>
			<end>0</end>
		</tx_carrier>
		<tx_collisions>
			<start>0</start>
			<end>0</end>
		</tx_collisions>
	</ip_statistic>
	<netstat_statistic>
		<udp_pkg_rec>
			<start>16660923552</start>
			<end>16666700512</end>
		</udp_pkg_rec>
		<udp_pkg_snt>
			<start>16661543520</start>
			<end>16667154248</end>
		</udp_pkg_snt>
		<udp_rec_err>
			<start>273695839</start>
			<end>273936554</end>
		</udp_rec_err>
		<udp_rec_buf_err>
			<start>273695839</start>
			<end>273936554</end>
		</udp_rec_buf_err>
		<udp_snt_buf_err>
			<start>28</start>
			<end>28</end>
		</udp_snt_buf_err>
	</netstat_statistic>
</test_results>
