<?xml version="1.0"?>
<test_results>
	<status>STATUS_SUCCESS</status>
	<custom>
		<num_loss>23357</num_loss>
		<num_total>21000001</num_total>
		<num_misses>7</num_misses>
		<elapsed_time>4409.997435</elapsed_time>
	</custom>
	<ethtool_statistic>
		<rx_packets>
			<start>14343885000</start>
			<end>14522732386</end>
		</rx_packets>
		<tx_packets>
			<start>19192773874</start>
			<end>19484126502</end>
		</tx_packets>
		<rx_dropped>
			<start>0</start>
			<end>0</end>
		</rx_dropped>
		<tx_dropped>
			<start>0</start>
			<end>0</end>
		</tx_dropped>
		<collisions>
			<start>0</start>
			<end>0</end>
		</collisions>
		<port_tx_errors>
			<start>-1</start>
			<end>-1</end>
		</port_tx_errors>
		<port_rx_dropped>
			<start>-1</start>
			<end>-1</end>
		</port_rx_dropped>
		<port_tx_dropped_link_down>
			<start>-1</start>
			<end>-1</end>
		</port_tx_dropped_link_down>
	</ethtool_statistic>
	<ip_statistic>
		<mtu>
			<start>9000</start>
			<end>9000</end>
		</mtu>
		<rx_bytes>
			<start>128906078315565</start>
			<end>130513902314547</end>
		</rx_bytes>
		<rx_packets>
			<start>14343885070</start>
			<end>14522732505</end>
		</rx_packets>
		<rx_errors>
			<start>0</start>
			<end>0</end>
		</rx_errors>
		<rx_dropped>
			<start>0</start>
			<end>0</end>
		</rx_dropped>
		<rx_missed>
			<start>1757</start>
			<end>1757</end>
		</rx_missed>
		<rx_mcast>
			<start>9514</start>
			<end>9598</end>
		</rx_mcast>
		<tx_bytes>
			<start>155615732991010</start>
			<end>158095542243450</end>
		</tx_bytes>
		<tx_packets>
			<start>19192773965</start>
			<end>19484126573</end>
		</tx_packets>
		<tx_errors>
			<start>0</start>
			<end>0</end>
		</tx_errors>
		<tx_dropped>
			<start>0</start>
			<end>0</end>
		</tx_dropped>
		<tx_carrier>
			<start>0</start>
			<end>0</end>
		</tx_carrier>
		<tx_collisions>
			<start>0</start>
			<end>0</end>
		</tx_collisions>
	</ip_statistic>
</test_results>
