<?xml version="1.0"?>
<test_results>
	<status>STATUS_SUCCESS</status>
	<custom>
		<num_loss>7</num_loss>
		<num_total>137456527</num_total>
		<num_misses>-1552436427</num_misses>
		<elapsed_time>7199.965056</elapsed_time>
		<query>
			<report>
				<misses>100001</misses>
				<total>1</total>
				<timestamp>5.238165</timestamp>
			</report>
			<report>
				<misses>200001</misses>
				<total>0</total>
				<timestamp>10.476014</timestamp>
			</report>
			<report>
				<misses>300001</misses>
				<total>1</total>
				<timestamp>15.713805</timestamp>
			</report>
			<report>
				<misses>400001</misses>
				<total>1</total>
				<timestamp>20.951664</timestamp>
			</report>
			<report>
				<misses>500001</misses>
				<total>0</total>
				<timestamp>26.191158</timestamp>
			</report>
			<report>
				<misses>600001</misses>
				<total>1</total>
				<timestamp>31.428964</timestamp>
			</report>
			<report>
				<misses>700001</misses>
				<total>0</total>
				<timestamp>36.666828</timestamp>
			</report>
			<report>
				<misses>800001</misses>
				<total>0</total>
				<timestamp>41.904709</timestamp>
			</report>
			<report>
				<misses>900001</misses>
				<total>0</total>
				<timestamp>47.142616</timestamp>
			</report>
			<report>
				<misses>1000001</misses>
				<total>0</total>
				<timestamp>52.380433</timestamp>
			</report>
			<report>
				<misses>1100001</misses>
				<total>0</total>
				<timestamp>57.618272</timestamp>
			</report>
			<report>
				<misses>1200001</misses>
				<total>1</total>
				<timestamp>62.856128</timestamp>
			</report>
			<report>
				<misses>1300001</misses>
				<total>1</total>
				<timestamp>68.093924</timestamp>
			</report>
			<report>
				<misses>1400001</misses>
				<total>1</total>
				<timestamp>73.331769</timestamp>
			</report>
			<report>
				<misses>1500001</misses>
				<total>0</total>
				<timestamp>78.569664</timestamp>
			</report>
			<report>
				<misses>1600001</misses>
				<total>0</total>
				<timestamp>83.809009</timestamp>
			</report>
			<report>
				<misses>1700001</misses>
				<total>1</total>
				<timestamp>89.046804</timestamp>
			</report>
			<report>
				<misses>1800001</misses>
				<total>0</total>
				<timestamp>94.284758</timestamp>
			</report>
			<report>
				<misses>1900001</misses>
				<total>1</total>
				<timestamp>99.522670</timestamp>
			</report>
			<report>
				<misses>2000001</misses>
				<total>0</total>
				<timestamp>104.760489</timestamp>
			</report>
			<report>
				<misses>2100001</misses>
				<total>0</total>
				<timestamp>109.998326</timestamp>
			</report>
			<report>
				<misses>2200001</misses>
				<total>1</total>
				<timestamp>115.236128</timestamp>
			</report>
			<report>
				<misses>2300001</misses>
				<total>1</total>
				<timestamp>120.474043</timestamp>
			</report>
			<report>
				<misses>2400001</misses>
				<total>1</total>
				<timestamp>125.711887</timestamp>
			</report>
			<report>
				<misses>2500001</misses>
				<total>1</total>
				<timestamp>130.949689</timestamp>
			</report>
			<report>
				<misses>2600001</misses>
				<total>0</total>
				<timestamp>136.187482</timestamp>
			</report>
			<report>
				<misses>2700001</misses>
				<total>1</total>
				<timestamp>141.425333</timestamp>
			</report>
			<report>
				<misses>2800001</misses>
				<total>0</total>
				<timestamp>146.664725</timestamp>
			</report>
			<report>
				<misses>2900001</misses>
				<total>1</total>
				<timestamp>151.902583</timestamp>
			</report>
			<report>
				<misses>3000001</misses>
				<total>0</total>
				<timestamp>157.140530</timestamp>
			</report>
			<report>
				<misses>3100001</misses>
				<total>0</total>
				<timestamp>162.378471</timestamp>
			</report>
			<report>
				<misses>3200001</misses>
				<total>0</total>
				<timestamp>167.616382</timestamp>
			</report>
			<report>
				<misses>3300001</misses>
				<total>1</total>
				<timestamp>172.854218</timestamp>
			</report>
			<report>
				<misses>3400001</misses>
				<total>0</total>
				<timestamp>178.092125</timestamp>
			</report>
			<report>
				<misses>3500001</misses>
				<total>1</total>
				<timestamp>183.330001</timestamp>
			</report>
			<report>
				<misses>3600001</misses>
				<total>1</total>
				<timestamp>188.567824</timestamp>
			</report>
			<report>
				<misses>3700001</misses>
				<total>0</total>
				<timestamp>193.805710</timestamp>
			</report>
			<report>
				<misses>3800001</misses>
				<total>1</total>
				<timestamp>199.043509</timestamp>
			</report>
			<report>
				<misses>3900001</misses>
				<total>0</total>
				<timestamp>204.282876</timestamp>
			</report>
			<report>
				<misses>4000001</misses>
				<total>1</total>
				<timestamp>209.520735</timestamp>
			</report>
			<report>
				<misses>4100001</misses>
				<total>1</total>
				<timestamp>214.758574</timestamp>
			</report>
			<report>
				<misses>4200001</misses>
				<total>0</total>
				<timestamp>219.996423</timestamp>
			</report>
			<report>
				<misses>4300001</misses>
				<total>0</total>
				<timestamp>225.234275</timestamp>
			</report>
			<report>
				<misses>4400001</misses>
				<total>0</total>
				<timestamp>230.472134</timestamp>
			</report>
			<report>
				<misses>4500001</misses>
				<total>1</total>
				<timestamp>235.710023</timestamp>
			</report>
			<report>
				<misses>4600001</misses>
				<total>0</total>
				<timestamp>240.947833</timestamp>
			</report>
			<report>
				<misses>4700001</misses>
				<total>1</total>
				<timestamp>246.185700</timestamp>
			</report>
			<report>
				<misses>4800001</misses>
				<total>1</total>
				<timestamp>251.423539</timestamp>
			</report>
			<report>
				<misses>4900001</misses>
				<total>1</total>
				<timestamp>256.661476</timestamp>
			</report>
			<report>
				<misses>5000001</misses>
				<total>1</total>
				<timestamp>261.899384</timestamp>
			</report>
			<report>
				<misses>5100001</misses>
				<total>0</total>
				<timestamp>267.138833</timestamp>
			</report>
			<report>
				<misses>5200001</misses>
				<total>1</total>
				<timestamp>272.376701</timestamp>
			</report>
			<report>
				<misses>5300001</misses>
				<total>0</total>
				<timestamp>277.614512</timestamp>
			</report>
			<report>
				<misses>5400001</misses>
				<total>1</total>
				<timestamp>282.852308</timestamp>
			</report>
			<report>
				<misses>5500001</misses>
				<total>1</total>
				<timestamp>288.090144</timestamp>
			</report>
			<report>
				<misses>5600001</misses>
				<total>0</total>
				<timestamp>293.327993</timestamp>
			</report>
			<report>
				<misses>5700001</misses>
				<total>1</total>
				<timestamp>298.565824</timestamp>
			</report>
			<report>
				<misses>5800001</misses>
				<total>0</total>
				<timestamp>303.803692</timestamp>
			</report>
			<report>
				<misses>5900001</misses>
				<total>0</total>
				<timestamp>309.041627</timestamp>
			</report>
			<report>
				<misses>6000001</misses>
				<total>0</total>
				<timestamp>314.279502</timestamp>
			</report>
			<report>
				<misses>6100001</misses>
				<total>0</total>
				<timestamp>319.517335</timestamp>
			</report>
			<report>
				<misses>6200001</misses>
				<total>0</total>
				<timestamp>324.756738</timestamp>
			</report>
			<report>
				<misses>6300001</misses>
				<total>1</total>
				<timestamp>329.994535</timestamp>
			</report>
			<report>
				<misses>6400001</misses>
				<total>0</total>
				<timestamp>335.232343</timestamp>
			</report>
			<report>
				<misses>6500001</misses>
				<total>1</total>
				<timestamp>340.470186</timestamp>
			</report>
			<report>
				<misses>6600001</misses>
				<total>0</total>
				<timestamp>345.708106</timestamp>
			</report>
			<report>
				<misses>6700001</misses>
				<total>0</total>
				<timestamp>350.945900</timestamp>
			</report>
			<report>
				<misses>6800001</misses>
				<total>1</total>
				<timestamp>356.183692</timestamp>
			</report>
			<report>
				<misses>6900001</misses>
				<total>1</total>
				<timestamp>361.421553</timestamp>
			</report>
			<report>
				<misses>7000001</misses>
				<total>0</total>
				<timestamp>366.659496</timestamp>
			</report>
			<report>
				<misses>7100001</misses>
				<total>0</total>
				<timestamp>371.897345</timestamp>
			</report>
			<report>
				<misses>7200001</misses>
				<total>1</total>
				<timestamp>377.135195</timestamp>
			</report>
			<report>
				<misses>7300001</misses>
				<total>0</total>
				<timestamp>382.373001</timestamp>
			</report>
			<report>
				<misses>7400001</misses>
				<total>0</total>
				<timestamp>387.612415</timestamp>
			</report>
			<report>
				<misses>7500001</misses>
				<total>0</total>
				<timestamp>392.850269</timestamp>
			</report>
			<report>
				<misses>7600001</misses>
				<total>0</total>
				<timestamp>398.088093</timestamp>
			</report>
			<report>
				<misses>7700001</misses>
				<total>1</total>
				<timestamp>403.326003</timestamp>
			</report>
			<report>
				<misses>7800001</misses>
				<total>1</total>
				<timestamp>408.563845</timestamp>
			</report>
			<report>
				<misses>7900001</misses>
				<total>1</total>
				<timestamp>413.801720</timestamp>
			</report>
			<report>
				<misses>8000001</misses>
				<total>1</total>
				<timestamp>419.039559</timestamp>
			</report>
			<report>
				<misses>8100001</misses>
				<total>0</total>
				<timestamp>424.277414</timestamp>
			</report>
			<report>
				<misses>8200001</misses>
				<total>1</total>
				<timestamp>429.515229</timestamp>
			</report>
			<report>
				<misses>8300001</misses>
				<total>1</total>
				<timestamp>434.753068</timestamp>
			</report>
			<report>
				<misses>8400001</misses>
				<total>1</total>
				<timestamp>439.990868</timestamp>
			</report>
			<report>
				<misses>8500001</misses>
				<total>0</total>
				<timestamp>445.230202</timestamp>
			</report>
			<report>
				<misses>8600001</misses>
				<total>0</total>
				<timestamp>450.468041</timestamp>
			</report>
			<report>
				<misses>8700001</misses>
				<total>0</total>
				<timestamp>455.705922</timestamp>
			</report>
			<report>
				<misses>8800001</misses>
				<total>1</total>
				<timestamp>460.943728</timestamp>
			</report>
			<report>
				<misses>8900001</misses>
				<total>0</total>
				<timestamp>466.181535</timestamp>
			</report>
			<report>
				<misses>9000001</misses>
				<total>0</total>
				<timestamp>471.419383</timestamp>
			</report>
			<report>
				<misses>9100001</misses>
				<total>0</total>
				<timestamp>476.657246</timestamp>
			</report>
			<report>
				<misses>9200001</misses>
				<total>0</total>
				<timestamp>481.895115</timestamp>
			</report>
			<report>
				<misses>9300001</misses>
				<total>1</total>
				<timestamp>487.132984</timestamp>
			</report>
			<report>
				<misses>9400001</misses>
				<total>1</total>
				<timestamp>492.370834</timestamp>
			</report>
			<report>
				<misses>9500001</misses>
				<total>1</total>
				<timestamp>497.608698</timestamp>
			</report>
			<report>
				<misses>9600001</misses>
				<total>0</total>
				<timestamp>502.846634</timestamp>
			</report>
			<report>
				<misses>9700001</misses>
				<total>1</total>
				<timestamp>508.085982</timestamp>
			</report>
			<report>
				<misses>9800001</misses>
				<total>0</total>
				<timestamp>513.323865</timestamp>
			</report>
			<report>
				<misses>9900001</misses>
				<total>1</total>
				<timestamp>518.561707</timestamp>
			</report>
			<report>
				<misses>10000001</misses>
				<total>1</total>
				<timestamp>523.799638</timestamp>
			</report>
			<report>
				<misses>10100001</misses>
				<total>0</total>
				<timestamp>529.037507</timestamp>
			</report>
			<report>
				<misses>10200001</misses>
				<total>0</total>
				<timestamp>534.275430</timestamp>
			</report>
			<report>
				<misses>10300001</misses>
				<total>1</total>
				<timestamp>539.513313</timestamp>
			</report>
			<report>
				<misses>10400001</misses>
				<total>1</total>
				<timestamp>544.751326</timestamp>
			</report>
			<report>
				<misses>10500001</misses>
				<total>1</total>
				<timestamp>549.989119</timestamp>
			</report>
			<report>
				<misses>10600001</misses>
				<total>0</total>
				<timestamp>555.226943</timestamp>
			</report>
			<report>
				<misses>10700001</misses>
				<total>0</total>
				<timestamp>560.464837</timestamp>
			</report>
			<report>
				<misses>10800001</misses>
				<total>1</total>
				<timestamp>565.704250</timestamp>
			</report>
			<report>
				<misses>10900001</misses>
				<total>1</total>
				<timestamp>570.942115</timestamp>
			</report>
			<report>
				<misses>11000001</misses>
				<total>0</total>
				<timestamp>576.179932</timestamp>
			</report>
			<report>
				<misses>11100001</misses>
				<total>0</total>
				<timestamp>581.417877</timestamp>
			</report>
			<report>
				<misses>11200001</misses>
				<total>1</total>
				<timestamp>586.655762</timestamp>
			</report>
			<report>
				<misses>11300001</misses>
				<total>0</total>
				<timestamp>591.893633</timestamp>
			</report>
			<report>
				<misses>11400001</misses>
				<total>0</total>
				<timestamp>597.131504</timestamp>
			</report>
			<report>
				<misses>11500001</misses>
				<total>0</total>
				<timestamp>602.369363</timestamp>
			</report>
			<report>
				<misses>11600001</misses>
				<total>0</total>
				<timestamp>607.607261</timestamp>
			</report>
			<report>
				<misses>11700001</misses>
				<total>0</total>
				<timestamp>612.845106</timestamp>
			</report>
			<report>
				<misses>11800001</misses>
				<total>0</total>
				<timestamp>618.082971</timestamp>
			</report>
			<report>
				<misses>11900001</misses>
				<total>1</total>
				<timestamp>623.322361</timestamp>
			</report>
			<report>
				<misses>12000001</misses>
				<total>0</total>
				<timestamp>628.560269</timestamp>
			</report>
			<report>
				<misses>12100001</misses>
				<total>1</total>
				<timestamp>633.798201</timestamp>
			</report>
			<report>
				<misses>12200001</misses>
				<total>0</total>
				<timestamp>639.036035</timestamp>
			</report>
			<report>
				<misses>12300001</misses>
				<total>0</total>
				<timestamp>644.273845</timestamp>
			</report>
			<report>
				<misses>12400001</misses>
				<total>1</total>
				<timestamp>649.511699</timestamp>
			</report>
			<report>
				<misses>12500001</misses>
				<total>1</total>
				<timestamp>654.749563</timestamp>
			</report>
			<report>
				<misses>12600001</misses>
				<total>1</total>
				<timestamp>659.987387</timestamp>
			</report>
			<report>
				<misses>12700001</misses>
				<total>1</total>
				<timestamp>665.225334</timestamp>
			</report>
			<report>
				<misses>12800001</misses>
				<total>1</total>
				<timestamp>670.463181</timestamp>
			</report>
			<report>
				<misses>12900001</misses>
				<total>0</total>
				<timestamp>675.701042</timestamp>
			</report>
			<report>
				<misses>13000001</misses>
				<total>0</total>
				<timestamp>680.938985</timestamp>
			</report>
			<report>
				<misses>13100001</misses>
				<total>1</total>
				<timestamp>686.178325</timestamp>
			</report>
			<report>
				<misses>13200001</misses>
				<total>1</total>
				<timestamp>691.416145</timestamp>
			</report>
			<report>
				<misses>13300001</misses>
				<total>1</total>
				<timestamp>696.654000</timestamp>
			</report>
			<report>
				<misses>13400001</misses>
				<total>1</total>
				<timestamp>701.891808</timestamp>
			</report>
			<report>
				<misses>13500001</misses>
				<total>0</total>
				<timestamp>707.129637</timestamp>
			</report>
			<report>
				<misses>13600001</misses>
				<total>1</total>
				<timestamp>712.367457</timestamp>
			</report>
			<report>
				<misses>13700001</misses>
				<total>1</total>
				<timestamp>717.605307</timestamp>
			</report>
			<report>
				<misses>13800001</misses>
				<total>1</total>
				<timestamp>722.843134</timestamp>
			</report>
			<report>
				<misses>13900001</misses>
				<total>1</total>
				<timestamp>728.080973</timestamp>
			</report>
			<report>
				<misses>14000001</misses>
				<total>0</total>
				<timestamp>733.318919</timestamp>
			</report>
			<report>
				<misses>14100001</misses>
				<total>0</total>
				<timestamp>738.556905</timestamp>
			</report>
			<report>
				<misses>14200001</misses>
				<total>0</total>
				<timestamp>743.796202</timestamp>
			</report>
			<report>
				<misses>14300001</misses>
				<total>1</total>
				<timestamp>749.034036</timestamp>
			</report>
			<report>
				<misses>14400001</misses>
				<total>0</total>
				<timestamp>754.271879</timestamp>
			</report>
			<report>
				<misses>14500001</misses>
				<total>1</total>
				<timestamp>759.509718</timestamp>
			</report>
			<report>
				<misses>14600001</misses>
				<total>0</total>
				<timestamp>764.747542</timestamp>
			</report>
			<report>
				<misses>14700001</misses>
				<total>0</total>
				<timestamp>769.985413</timestamp>
			</report>
			<report>
				<misses>14800001</misses>
				<total>0</total>
				<timestamp>775.223294</timestamp>
			</report>
			<report>
				<misses>14900001</misses>
				<total>1</total>
				<timestamp>780.461122</timestamp>
			</report>
			<report>
				<misses>15000001</misses>
				<total>1</total>
				<timestamp>785.698971</timestamp>
			</report>
			<report>
				<misses>15100001</misses>
				<total>0</total>
				<timestamp>790.936826</timestamp>
			</report>
			<report>
				<misses>15200001</misses>
				<total>0</total>
				<timestamp>796.174679</timestamp>
			</report>
			<report>
				<misses>15300001</misses>
				<total>1</total>
				<timestamp>801.412545</timestamp>
			</report>
			<report>
				<misses>15400001</misses>
				<total>0</total>
				<timestamp>806.651915</timestamp>
			</report>
			<report>
				<misses>15500001</misses>
				<total>0</total>
				<timestamp>811.889873</timestamp>
			</report>
			<report>
				<misses>15600001</misses>
				<total>1</total>
				<timestamp>817.127680</timestamp>
			</report>
			<report>
				<misses>15700001</misses>
				<total>1</total>
				<timestamp>822.365517</timestamp>
			</report>
			<report>
				<misses>15800001</misses>
				<total>1</total>
				<timestamp>827.603380</timestamp>
			</report>
			<report>
				<misses>15900001</misses>
				<total>0</total>
				<timestamp>832.841341</timestamp>
			</report>
			<report>
				<misses>16000001</misses>
				<total>0</total>
				<timestamp>838.079224</timestamp>
			</report>
			<report>
				<misses>16100001</misses>
				<total>1</total>
				<timestamp>843.317031</timestamp>
			</report>
			<report>
				<misses>16200001</misses>
				<total>0</total>
				<timestamp>848.554943</timestamp>
			</report>
			<report>
				<misses>16300001</misses>
				<total>0</total>
				<timestamp>853.792910</timestamp>
			</report>
			<report>
				<misses>16400001</misses>
				<total>1</total>
				<timestamp>859.030726</timestamp>
			</report>
			<report>
				<misses>16500001</misses>
				<total>0</total>
				<timestamp>864.270134</timestamp>
			</report>
			<report>
				<misses>16600001</misses>
				<total>0</total>
				<timestamp>869.508048</timestamp>
			</report>
			<report>
				<misses>16700001</misses>
				<total>1</total>
				<timestamp>874.745884</timestamp>
			</report>
			<report>
				<misses>16800001</misses>
				<total>1</total>
				<timestamp>879.983772</timestamp>
			</report>
			<report>
				<misses>16900001</misses>
				<total>0</total>
				<timestamp>885.221593</timestamp>
			</report>
			<report>
				<misses>17000001</misses>
				<total>1</total>
				<timestamp>890.459441</timestamp>
			</report>
			<report>
				<misses>17100001</misses>
				<total>1</total>
				<timestamp>895.697370</timestamp>
			</report>
			<report>
				<misses>17200001</misses>
				<total>1</total>
				<timestamp>900.935171</timestamp>
			</report>
			<report>
				<misses>17300001</misses>
				<total>0</total>
				<timestamp>906.173091</timestamp>
			</report>
			<report>
				<misses>17400001</misses>
				<total>0</total>
				<timestamp>911.410975</timestamp>
			</report>
			<report>
				<misses>17500001</misses>
				<total>1</total>
				<timestamp>916.648808</timestamp>
			</report>
			<report>
				<misses>17600001</misses>
				<total>0</total>
				<timestamp>921.886690</timestamp>
			</report>
			<report>
				<misses>17700001</misses>
				<total>0</total>
				<timestamp>927.126237</timestamp>
			</report>
			<report>
				<misses>17800001</misses>
				<total>1</total>
				<timestamp>932.364094</timestamp>
			</report>
			<report>
				<misses>17900001</misses>
				<total>1</total>
				<timestamp>937.601895</timestamp>
			</report>
			<report>
				<misses>18000001</misses>
				<total>2</total>
				<timestamp>942.839742</timestamp>
			</report>
			<report>
				<misses>18100001</misses>
				<total>1</total>
				<timestamp>948.077618</timestamp>
			</report>
			<report>
				<misses>18200001</misses>
				<total>0</total>
				<timestamp>953.315567</timestamp>
			</report>
			<report>
				<misses>18300001</misses>
				<total>1</total>
				<timestamp>958.553470</timestamp>
			</report>
			<report>
				<misses>18400001</misses>
				<total>1</total>
				<timestamp>963.791334</timestamp>
			</report>
			<report>
				<misses>18500001</misses>
				<total>1</total>
				<timestamp>969.029166</timestamp>
			</report>
			<report>
				<misses>18600001</misses>
				<total>1</total>
				<timestamp>974.267036</timestamp>
			</report>
			<report>
				<misses>18700001</misses>
				<total>1</total>
				<timestamp>979.504945</timestamp>
			</report>
			<report>
				<misses>18800001</misses>
				<total>1</total>
				<timestamp>984.744401</timestamp>
			</report>
			<report>
				<misses>18900001</misses>
				<total>1</total>
				<timestamp>989.982182</timestamp>
			</report>
			<report>
				<misses>19000001</misses>
				<total>0</total>
				<timestamp>995.220009</timestamp>
			</report>
			<report>
				<misses>19100001</misses>
				<total>1</total>
				<timestamp>1000.457904</timestamp>
			</report>
			<report>
				<misses>19200001</misses>
				<total>0</total>
				<timestamp>1005.695742</timestamp>
			</report>
			<report>
				<misses>19300001</misses>
				<total>1</total>
				<timestamp>1010.933608</timestamp>
			</report>
			<report>
				<misses>19400001</misses>
				<total>1</total>
				<timestamp>1016.171468</timestamp>
			</report>
			<report>
				<misses>19500001</misses>
				<total>1</total>
				<timestamp>1021.409367</timestamp>
			</report>
			<report>
				<misses>19600001</misses>
				<total>0</total>
				<timestamp>1026.647213</timestamp>
			</report>
			<report>
				<misses>19700001</misses>
				<total>1</total>
				<timestamp>1031.885013</timestamp>
			</report>
			<report>
				<misses>19800001</misses>
				<total>0</total>
				<timestamp>1037.122870</timestamp>
			</report>
			<report>
				<misses>19900001</misses>
				<total>1</total>
				<timestamp>1042.360697</timestamp>
			</report>
			<report>
				<misses>20000001</misses>
				<total>1</total>
				<timestamp>1047.600031</timestamp>
			</report>
			<report>
				<misses>20100001</misses>
				<total>0</total>
				<timestamp>1052.837893</timestamp>
			</report>
			<report>
				<misses>20200001</misses>
				<total>0</total>
				<timestamp>1058.075789</timestamp>
			</report>
			<report>
				<misses>20300001</misses>
				<total>1</total>
				<timestamp>1063.313613</timestamp>
			</report>
			<report>
				<misses>20400001</misses>
				<total>1</total>
				<timestamp>1068.551602</timestamp>
			</report>
			<report>
				<misses>20500001</misses>
				<total>0</total>
				<timestamp>1073.789467</timestamp>
			</report>
			<report>
				<misses>20600001</misses>
				<total>0</total>
				<timestamp>1079.027285</timestamp>
			</report>
			<report>
				<misses>20700001</misses>
				<total>0</total>
				<timestamp>1084.265118</timestamp>
			</report>
			<report>
				<misses>20800001</misses>
				<total>1</total>
				<timestamp>1089.502992</timestamp>
			</report>
			<report>
				<misses>20900001</misses>
				<total>1</total>
				<timestamp>1094.740813</timestamp>
			</report>
			<report>
				<misses>21000001</misses>
				<total>0</total>
				<timestamp>1099.978671</timestamp>
			</report>
			<report>
				<misses>21100001</misses>
				<total>0</total>
				<timestamp>1105.217981</timestamp>
			</report>
			<report>
				<misses>21200001</misses>
				<total>0</total>
				<timestamp>1110.455794</timestamp>
			</report>
			<report>
				<misses>21300001</misses>
				<total>1</total>
				<timestamp>1115.693665</timestamp>
			</report>
			<report>
				<misses>21400001</misses>
				<total>2</total>
				<timestamp>1120.931490</timestamp>
			</report>
			<report>
				<misses>21500001</misses>
				<total>1</total>
				<timestamp>1126.169328</timestamp>
			</report>
			<report>
				<misses>21600001</misses>
				<total>1</total>
				<timestamp>1131.407154</timestamp>
			</report>
			<report>
				<misses>21700001</misses>
				<total>0</total>
				<timestamp>1136.645054</timestamp>
			</report>
			<report>
				<misses>21800001</misses>
				<total>1</total>
				<timestamp>1141.882948</timestamp>
			</report>
			<report>
				<misses>21900001</misses>
				<total>1</total>
				<timestamp>1147.120830</timestamp>
			</report>
			<report>
				<misses>22000001</misses>
				<total>0</total>
				<timestamp>1152.358736</timestamp>
			</report>
			<report>
				<misses>22100001</misses>
				<total>1</total>
				<timestamp>1157.596565</timestamp>
			</report>
			<report>
				<misses>22200001</misses>
				<total>0</total>
				<timestamp>1162.834473</timestamp>
			</report>
			<report>
				<misses>22300001</misses>
				<total>0</total>
				<timestamp>1168.073795</timestamp>
			</report>
			<report>
				<misses>22400001</misses>
				<total>0</total>
				<timestamp>1173.311669</timestamp>
			</report>
			<report>
				<misses>22500001</misses>
				<total>1</total>
				<timestamp>1178.549528</timestamp>
			</report>
			<report>
				<misses>22600001</misses>
				<total>0</total>
				<timestamp>1183.787447</timestamp>
			</report>
			<report>
				<misses>22700001</misses>
				<total>1</total>
				<timestamp>1189.025334</timestamp>
			</report>
			<report>
				<misses>22800001</misses>
				<total>0</total>
				<timestamp>1194.263157</timestamp>
			</report>
			<report>
				<misses>22900001</misses>
				<total>1</total>
				<timestamp>1199.500947</timestamp>
			</report>
			<report>
				<misses>23000001</misses>
				<total>0</total>
				<timestamp>1204.738760</timestamp>
			</report>
			<report>
				<misses>23100001</misses>
				<total>0</total>
				<timestamp>1209.976708</timestamp>
			</report>
			<report>
				<misses>23200001</misses>
				<total>0</total>
				<timestamp>1215.214557</timestamp>
			</report>
			<report>
				<misses>23300001</misses>
				<total>1</total>
				<timestamp>1220.452467</timestamp>
			</report>
			<report>
				<misses>23400001</misses>
				<total>0</total>
				<timestamp>1225.691903</timestamp>
			</report>
			<report>
				<misses>23500001</misses>
				<total>0</total>
				<timestamp>1230.929754</timestamp>
			</report>
			<report>
				<misses>23600001</misses>
				<total>0</total>
				<timestamp>1236.167598</timestamp>
			</report>
			<report>
				<misses>23700001</misses>
				<total>1</total>
				<timestamp>1241.405425</timestamp>
			</report>
			<report>
				<misses>23800001</misses>
				<total>1</total>
				<timestamp>1246.643276</timestamp>
			</report>
			<report>
				<misses>23900001</misses>
				<total>0</total>
				<timestamp>1251.881159</timestamp>
			</report>
			<report>
				<misses>24000001</misses>
				<total>0</total>
				<timestamp>1257.119033</timestamp>
			</report>
			<report>
				<misses>24100001</misses>
				<total>0</total>
				<timestamp>1262.356883</timestamp>
			</report>
			<report>
				<misses>24200001</misses>
				<total>0</total>
				<timestamp>1267.594718</timestamp>
			</report>
			<report>
				<misses>24300001</misses>
				<total>0</total>
				<timestamp>1272.832668</timestamp>
			</report>
			<report>
				<misses>24400001</misses>
				<total>1</total>
				<timestamp>1278.070584</timestamp>
			</report>
			<report>
				<misses>24500001</misses>
				<total>1</total>
				<timestamp>1283.309916</timestamp>
			</report>
			<report>
				<misses>24600001</misses>
				<total>0</total>
				<timestamp>1288.547786</timestamp>
			</report>
			<report>
				<misses>24700001</misses>
				<total>0</total>
				<timestamp>1293.785668</timestamp>
			</report>
			<report>
				<misses>24800001</misses>
				<total>0</total>
				<timestamp>1299.023527</timestamp>
			</report>
			<report>
				<misses>24900001</misses>
				<total>1</total>
				<timestamp>1304.261319</timestamp>
			</report>
			<report>
				<misses>25000001</misses>
				<total>0</total>
				<timestamp>1309.499248</timestamp>
			</report>
			<report>
				<misses>25100001</misses>
				<total>0</total>
				<timestamp>1314.737154</timestamp>
			</report>
			<report>
				<misses>25200001</misses>
				<total>1</total>
				<timestamp>1319.974985</timestamp>
			</report>
			<report>
				<misses>25300001</misses>
				<total>0</total>
				<timestamp>1325.212855</timestamp>
			</report>
			<report>
				<misses>25400001</misses>
				<total>0</total>
				<timestamp>1330.450669</timestamp>
			</report>
			<report>
				<misses>25500001</misses>
				<total>1</total>
				<timestamp>1335.688578</timestamp>
			</report>
			<report>
				<misses>25600001</misses>
				<total>1</total>
				<timestamp>1340.926458</timestamp>
			</report>
			<report>
				<misses>25700001</misses>
				<total>0</total>
				<timestamp>1346.165810</timestamp>
			</report>
			<report>
				<misses>25800001</misses>
				<total>0</total>
				<timestamp>1351.403672</timestamp>
			</report>
			<report>
				<misses>25900001</misses>
				<total>0</total>
				<timestamp>1356.641591</timestamp>
			</report>
			<report>
				<misses>26000001</misses>
				<total>0</total>
				<timestamp>1361.879488</timestamp>
			</report>
			<report>
				<misses>26100001</misses>
				<total>1</total>
				<timestamp>1367.117311</timestamp>
			</report>
			<report>
				<misses>26200001</misses>
				<total>0</total>
				<timestamp>1372.355139</timestamp>
			</report>
			<report>
				<misses>26300001</misses>
				<total>0</total>
				<timestamp>1377.592971</timestamp>
			</report>
			<report>
				<misses>26400001</misses>
				<total>0</total>
				<timestamp>1382.830823</timestamp>
			</report>
			<report>
				<misses>26500001</misses>
				<total>0</total>
				<timestamp>1388.068652</timestamp>
			</report>
			<report>
				<misses>26600001</misses>
				<total>0</total>
				<timestamp>1393.306583</timestamp>
			</report>
			<report>
				<misses>26700001</misses>
				<total>0</total>
				<timestamp>1398.544514</timestamp>
			</report>
			<report>
				<misses>26800001</misses>
				<total>0</total>
				<timestamp>1403.783911</timestamp>
			</report>
			<report>
				<misses>26900001</misses>
				<total>0</total>
				<timestamp>1409.021767</timestamp>
			</report>
			<report>
				<misses>27000001</misses>
				<total>1</total>
				<timestamp>1414.259630</timestamp>
			</report>
			<report>
				<misses>27100001</misses>
				<total>1</total>
				<timestamp>1419.497544</timestamp>
			</report>
			<report>
				<misses>27200001</misses>
				<total>0</total>
				<timestamp>1424.735411</timestamp>
			</report>
			<report>
				<misses>27300001</misses>
				<total>0</total>
				<timestamp>1429.973255</timestamp>
			</report>
			<report>
				<misses>27400001</misses>
				<total>0</total>
				<timestamp>1435.211100</timestamp>
			</report>
			<report>
				<misses>27500001</misses>
				<total>1</total>
				<timestamp>1440.449003</timestamp>
			</report>
			<report>
				<misses>27600001</misses>
				<total>0</total>
				<timestamp>1445.686818</timestamp>
			</report>
			<report>
				<misses>27700001</misses>
				<total>0</total>
				<timestamp>1450.924624</timestamp>
			</report>
			<report>
				<misses>27800001</misses>
				<total>0</total>
				<timestamp>1456.162481</timestamp>
			</report>
			<report>
				<misses>27900001</misses>
				<total>0</total>
				<timestamp>1461.400392</timestamp>
			</report>
			<report>
				<misses>28000001</misses>
				<total>0</total>
				<timestamp>1466.639684</timestamp>
			</report>
			<report>
				<misses>28100001</misses>
				<total>1</total>
				<timestamp>1471.877561</timestamp>
			</report>
			<report>
				<misses>28200001</misses>
				<total>0</total>
				<timestamp>1477.115432</timestamp>
			</report>
			<report>
				<misses>28300001</misses>
				<total>0</total>
				<timestamp>1482.353302</timestamp>
			</report>
			<report>
				<misses>28400001</misses>
				<total>0</total>
				<timestamp>1487.591248</timestamp>
			</report>
			<report>
				<misses>28500001</misses>
				<total>1</total>
				<timestamp>1492.829157</timestamp>
			</report>
			<report>
				<misses>28600001</misses>
				<total>0</total>
				<timestamp>1498.067009</timestamp>
			</report>
			<report>
				<misses>28700001</misses>
				<total>1</total>
				<timestamp>1503.304849</timestamp>
			</report>
			<report>
				<misses>28800001</misses>
				<total>1</total>
				<timestamp>1508.542715</timestamp>
			</report>
			<report>
				<misses>28900001</misses>
				<total>0</total>
				<timestamp>1513.780584</timestamp>
			</report>
			<report>
				<misses>29000001</misses>
				<total>0</total>
				<timestamp>1519.018381</timestamp>
			</report>
			<report>
				<misses>29100001</misses>
				<total>1</total>
				<timestamp>1524.257790</timestamp>
			</report>
			<report>
				<misses>29200001</misses>
				<total>0</total>
				<timestamp>1529.495675</timestamp>
			</report>
			<report>
				<misses>29300001</misses>
				<total>0</total>
				<timestamp>1534.733483</timestamp>
			</report>
			<report>
				<misses>29400001</misses>
				<total>0</total>
				<timestamp>1539.971310</timestamp>
			</report>
			<report>
				<misses>29500001</misses>
				<total>1</total>
				<timestamp>1545.209120</timestamp>
			</report>
			<report>
				<misses>29600001</misses>
				<total>0</total>
				<timestamp>1550.446932</timestamp>
			</report>
			<report>
				<misses>29700001</misses>
				<total>0</total>
				<timestamp>1555.684871</timestamp>
			</report>
			<report>
				<misses>29800001</misses>
				<total>0</total>
				<timestamp>1560.922818</timestamp>
			</report>
			<report>
				<misses>29900001</misses>
				<total>0</total>
				<timestamp>1566.160752</timestamp>
			</report>
			<report>
				<misses>30000001</misses>
				<total>1</total>
				<timestamp>1571.398626</timestamp>
			</report>
			<report>
				<misses>30100001</misses>
				<total>0</total>
				<timestamp>1576.636457</timestamp>
			</report>
			<report>
				<misses>30200001</misses>
				<total>0</total>
				<timestamp>1581.874313</timestamp>
			</report>
			<report>
				<misses>30300001</misses>
				<total>0</total>
				<timestamp>1587.113710</timestamp>
			</report>
			<report>
				<misses>30400001</misses>
				<total>0</total>
				<timestamp>1592.351571</timestamp>
			</report>
			<report>
				<misses>30500001</misses>
				<total>0</total>
				<timestamp>1597.589438</timestamp>
			</report>
			<report>
				<misses>30600001</misses>
				<total>0</total>
				<timestamp>1602.827232</timestamp>
			</report>
			<report>
				<misses>30700001</misses>
				<total>0</total>
				<timestamp>1608.065050</timestamp>
			</report>
			<report>
				<misses>30800001</misses>
				<total>1</total>
				<timestamp>1613.302837</timestamp>
			</report>
			<report>
				<misses>30900001</misses>
				<total>1</total>
				<timestamp>1618.540730</timestamp>
			</report>
			<report>
				<misses>31000001</misses>
				<total>1</total>
				<timestamp>1623.778568</timestamp>
			</report>
			<report>
				<misses>31100001</misses>
				<total>0</total>
				<timestamp>1629.016408</timestamp>
			</report>
			<report>
				<misses>31200001</misses>
				<total>0</total>
				<timestamp>1634.254288</timestamp>
			</report>
			<report>
				<misses>31300001</misses>
				<total>1</total>
				<timestamp>1639.492206</timestamp>
			</report>
			<report>
				<misses>31400001</misses>
				<total>0</total>
				<timestamp>1644.731609</timestamp>
			</report>
			<report>
				<misses>31500001</misses>
				<total>0</total>
				<timestamp>1649.969501</timestamp>
			</report>
			<report>
				<misses>31600001</misses>
				<total>0</total>
				<timestamp>1655.207405</timestamp>
			</report>
			<report>
				<misses>31700001</misses>
				<total>0</total>
				<timestamp>1660.445261</timestamp>
			</report>
			<report>
				<misses>31800001</misses>
				<total>0</total>
				<timestamp>1665.683132</timestamp>
			</report>
			<report>
				<misses>31900001</misses>
				<total>0</total>
				<timestamp>1670.921034</timestamp>
			</report>
			<report>
				<misses>32000001</misses>
				<total>1</total>
				<timestamp>1676.158949</timestamp>
			</report>
			<report>
				<misses>32100001</misses>
				<total>0</total>
				<timestamp>1681.396818</timestamp>
			</report>
			<report>
				<misses>32200001</misses>
				<total>0</total>
				<timestamp>1686.634672</timestamp>
			</report>
			<report>
				<misses>32300001</misses>
				<total>1</total>
				<timestamp>1691.872533</timestamp>
			</report>
			<report>
				<misses>32400001</misses>
				<total>0</total>
				<timestamp>1697.110368</timestamp>
			</report>
			<report>
				<misses>32500001</misses>
				<total>1</total>
				<timestamp>1702.348196</timestamp>
			</report>
			<report>
				<misses>32600001</misses>
				<total>1</total>
				<timestamp>1707.587567</timestamp>
			</report>
			<report>
				<misses>32700001</misses>
				<total>0</total>
				<timestamp>1712.825438</timestamp>
			</report>
			<report>
				<misses>32800001</misses>
				<total>1</total>
				<timestamp>1718.063283</timestamp>
			</report>
			<report>
				<misses>32900001</misses>
				<total>1</total>
				<timestamp>1723.301272</timestamp>
			</report>
			<report>
				<misses>33000001</misses>
				<total>0</total>
				<timestamp>1728.539089</timestamp>
			</report>
			<report>
				<misses>33100001</misses>
				<total>1</total>
				<timestamp>1733.776941</timestamp>
			</report>
			<report>
				<misses>33200001</misses>
				<total>1</total>
				<timestamp>1739.014748</timestamp>
			</report>
			<report>
				<misses>33300001</misses>
				<total>0</total>
				<timestamp>1744.252605</timestamp>
			</report>
			<report>
				<misses>33400001</misses>
				<total>1</total>
				<timestamp>1749.490443</timestamp>
			</report>
			<report>
				<misses>33500001</misses>
				<total>0</total>
				<timestamp>1754.728301</timestamp>
			</report>
			<report>
				<misses>33600001</misses>
				<total>0</total>
				<timestamp>1759.966182</timestamp>
			</report>
			<report>
				<misses>33700001</misses>
				<total>0</total>
				<timestamp>1765.205533</timestamp>
			</report>
			<report>
				<misses>33800001</misses>
				<total>0</total>
				<timestamp>1770.443426</timestamp>
			</report>
			<report>
				<misses>33900001</misses>
				<total>1</total>
				<timestamp>1775.681248</timestamp>
			</report>
			<report>
				<misses>34000001</misses>
				<total>1</total>
				<timestamp>1780.919114</timestamp>
			</report>
			<report>
				<misses>34100001</misses>
				<total>0</total>
				<timestamp>1786.156935</timestamp>
			</report>
			<report>
				<misses>34200001</misses>
				<total>0</total>
				<timestamp>1791.394752</timestamp>
			</report>
			<report>
				<misses>34300001</misses>
				<total>0</total>
				<timestamp>1796.632604</timestamp>
			</report>
			<report>
				<misses>34400001</misses>
				<total>0</total>
				<timestamp>1801.870439</timestamp>
			</report>
			<report>
				<misses>34500001</misses>
				<total>0</total>
				<timestamp>1807.108314</timestamp>
			</report>
			<report>
				<misses>34600001</misses>
				<total>0</total>
				<timestamp>1812.346116</timestamp>
			</report>
			<report>
				<misses>34700001</misses>
				<total>0</total>
				<timestamp>1817.583959</timestamp>
			</report>
			<report>
				<misses>34800001</misses>
				<total>1</total>
				<timestamp>1822.821762</timestamp>
			</report>
			<report>
				<misses>34900001</misses>
				<total>0</total>
				<timestamp>1828.061166</timestamp>
			</report>
			<report>
				<misses>35000001</misses>
				<total>0</total>
				<timestamp>1833.299070</timestamp>
			</report>
			<report>
				<misses>35100001</misses>
				<total>1</total>
				<timestamp>1838.536973</timestamp>
			</report>
			<report>
				<misses>35200001</misses>
				<total>0</total>
				<timestamp>1843.774789</timestamp>
			</report>
			<report>
				<misses>35300001</misses>
				<total>0</total>
				<timestamp>1849.012601</timestamp>
			</report>
			<report>
				<misses>35400001</misses>
				<total>0</total>
				<timestamp>1854.250479</timestamp>
			</report>
			<report>
				<misses>35500001</misses>
				<total>0</total>
				<timestamp>1859.488300</timestamp>
			</report>
			<report>
				<misses>35600001</misses>
				<total>1</total>
				<timestamp>1864.726166</timestamp>
			</report>
			<report>
				<misses>35700001</misses>
				<total>1</total>
				<timestamp>1869.964015</timestamp>
			</report>
			<report>
				<misses>35800001</misses>
				<total>0</total>
				<timestamp>1875.201874</timestamp>
			</report>
			<report>
				<misses>35900001</misses>
				<total>1</total>
				<timestamp>1880.439741</timestamp>
			</report>
			<report>
				<misses>36000001</misses>
				<total>1</total>
				<timestamp>1885.679196</timestamp>
			</report>
			<report>
				<misses>36100001</misses>
				<total>0</total>
				<timestamp>1890.917102</timestamp>
			</report>
			<report>
				<misses>36200001</misses>
				<total>0</total>
				<timestamp>1896.154973</timestamp>
			</report>
			<report>
				<misses>36300001</misses>
				<total>1</total>
				<timestamp>1901.392854</timestamp>
			</report>
			<report>
				<misses>36400001</misses>
				<total>1</total>
				<timestamp>1906.630673</timestamp>
			</report>
			<report>
				<misses>36500001</misses>
				<total>1</total>
				<timestamp>1911.868528</timestamp>
			</report>
			<report>
				<misses>36600001</misses>
				<total>0</total>
				<timestamp>1917.106343</timestamp>
			</report>
			<report>
				<misses>36700001</misses>
				<total>1</total>
				<timestamp>1922.344153</timestamp>
			</report>
			<report>
				<misses>36800001</misses>
				<total>1</total>
				<timestamp>1927.582013</timestamp>
			</report>
			<report>
				<misses>36900001</misses>
				<total>1</total>
				<timestamp>1932.819874</timestamp>
			</report>
			<report>
				<misses>37000001</misses>
				<total>1</total>
				<timestamp>1938.057767</timestamp>
			</report>
			<report>
				<misses>37100001</misses>
				<total>0</total>
				<timestamp>1943.297126</timestamp>
			</report>
			<report>
				<misses>37200001</misses>
				<total>1</total>
				<timestamp>1948.534920</timestamp>
			</report>
			<report>
				<misses>37300001</misses>
				<total>1</total>
				<timestamp>1953.772764</timestamp>
			</report>
			<report>
				<misses>37400001</misses>
				<total>1</total>
				<timestamp>1959.010865</timestamp>
			</report>
			<report>
				<misses>37500001</misses>
				<total>1</total>
				<timestamp>1964.248696</timestamp>
			</report>
			<report>
				<misses>37600001</misses>
				<total>2</total>
				<timestamp>1969.486530</timestamp>
			</report>
			<report>
				<misses>37700001</misses>
				<total>1</total>
				<timestamp>1974.724384</timestamp>
			</report>
			<report>
				<misses>37800001</misses>
				<total>1</total>
				<timestamp>1979.962247</timestamp>
			</report>
			<report>
				<misses>37900001</misses>
				<total>1</total>
				<timestamp>1985.200061</timestamp>
			</report>
			<report>
				<misses>38000001</misses>
				<total>2</total>
				<timestamp>1990.437875</timestamp>
			</report>
			<report>
				<misses>38100001</misses>
				<total>1</total>
				<timestamp>1995.675717</timestamp>
			</report>
			<report>
				<misses>38200001</misses>
				<total>2</total>
				<timestamp>2000.913594</timestamp>
			</report>
			<report>
				<misses>38300001</misses>
				<total>1</total>
				<timestamp>2006.152972</timestamp>
			</report>
			<report>
				<misses>38400001</misses>
				<total>1</total>
				<timestamp>2011.390853</timestamp>
			</report>
			<report>
				<misses>38500001</misses>
				<total>2</total>
				<timestamp>2016.628714</timestamp>
			</report>
			<report>
				<misses>38600001</misses>
				<total>1</total>
				<timestamp>2021.866590</timestamp>
			</report>
			<report>
				<misses>38700001</misses>
				<total>1</total>
				<timestamp>2027.104455</timestamp>
			</report>
			<report>
				<misses>38800001</misses>
				<total>2</total>
				<timestamp>2032.342302</timestamp>
			</report>
			<report>
				<misses>38900001</misses>
				<total>1</total>
				<timestamp>2037.580127</timestamp>
			</report>
			<report>
				<misses>39000001</misses>
				<total>2</total>
				<timestamp>2042.818016</timestamp>
			</report>
			<report>
				<misses>39100001</misses>
				<total>2</total>
				<timestamp>2048.055873</timestamp>
			</report>
			<report>
				<misses>39200001</misses>
				<total>2</total>
				<timestamp>2053.293672</timestamp>
			</report>
			<report>
				<misses>39300001</misses>
				<total>2</total>
				<timestamp>2058.531495</timestamp>
			</report>
			<report>
				<misses>39400001</misses>
				<total>1</total>
				<timestamp>2063.770852</timestamp>
			</report>
			<report>
				<misses>39500001</misses>
				<total>2</total>
				<timestamp>2069.008773</timestamp>
			</report>
			<report>
				<misses>39600001</misses>
				<total>1</total>
				<timestamp>2074.246632</timestamp>
			</report>
			<report>
				<misses>39700001</misses>
				<total>2</total>
				<timestamp>2079.484458</timestamp>
			</report>
			<report>
				<misses>39800001</misses>
				<total>1</total>
				<timestamp>2084.722328</timestamp>
			</report>
			<report>
				<misses>39900001</misses>
				<total>3</total>
				<timestamp>2089.960116</timestamp>
			</report>
			<report>
				<misses>40000001</misses>
				<total>2</total>
				<timestamp>2095.198004</timestamp>
			</report>
			<report>
				<misses>40100001</misses>
				<total>1</total>
				<timestamp>2100.435875</timestamp>
			</report>
			<report>
				<misses>40200001</misses>
				<total>1</total>
				<timestamp>2105.673801</timestamp>
			</report>
			<report>
				<misses>40300001</misses>
				<total>2</total>
				<timestamp>2110.911685</timestamp>
			</report>
			<report>
				<misses>40400001</misses>
				<total>2</total>
				<timestamp>2116.149524</timestamp>
			</report>
			<report>
				<misses>40500001</misses>
				<total>3</total>
				<timestamp>2121.387322</timestamp>
			</report>
			<report>
				<misses>40600001</misses>
				<total>2</total>
				<timestamp>2126.626876</timestamp>
			</report>
			<report>
				<misses>40700001</misses>
				<total>2</total>
				<timestamp>2131.864689</timestamp>
			</report>
			<report>
				<misses>40800001</misses>
				<total>2</total>
				<timestamp>2137.102509</timestamp>
			</report>
			<report>
				<misses>40900001</misses>
				<total>2</total>
				<timestamp>2142.340357</timestamp>
			</report>
			<report>
				<misses>41000001</misses>
				<total>2</total>
				<timestamp>2147.578255</timestamp>
			</report>
			<report>
				<misses>41100001</misses>
				<total>2</total>
				<timestamp>2152.816082</timestamp>
			</report>
			<report>
				<misses>41200001</misses>
				<total>2</total>
				<timestamp>2158.053992</timestamp>
			</report>
			<report>
				<misses>41300001</misses>
				<total>2</total>
				<timestamp>2163.291907</timestamp>
			</report>
			<report>
				<misses>41400001</misses>
				<total>2</total>
				<timestamp>2168.529717</timestamp>
			</report>
			<report>
				<misses>41500001</misses>
				<total>3</total>
				<timestamp>2173.767507</timestamp>
			</report>
			<report>
				<misses>41600001</misses>
				<total>3</total>
				<timestamp>2179.005349</timestamp>
			</report>
			<report>
				<misses>41700001</misses>
				<total>2</total>
				<timestamp>2184.244772</timestamp>
			</report>
			<report>
				<misses>41800001</misses>
				<total>2</total>
				<timestamp>2189.482619</timestamp>
			</report>
			<report>
				<misses>41900001</misses>
				<total>3</total>
				<timestamp>2194.720461</timestamp>
			</report>
			<report>
				<misses>42000001</misses>
				<total>3</total>
				<timestamp>2199.958309</timestamp>
			</report>
			<report>
				<misses>42100001</misses>
				<total>2</total>
				<timestamp>2205.196192</timestamp>
			</report>
			<report>
				<misses>42200001</misses>
				<total>2</total>
				<timestamp>2210.434027</timestamp>
			</report>
			<report>
				<misses>42300001</misses>
				<total>3</total>
				<timestamp>2215.671903</timestamp>
			</report>
			<report>
				<misses>42400001</misses>
				<total>3</total>
				<timestamp>2220.909746</timestamp>
			</report>
			<report>
				<misses>42500001</misses>
				<total>2</total>
				<timestamp>2226.147642</timestamp>
			</report>
			<report>
				<misses>42600001</misses>
				<total>3</total>
				<timestamp>2231.385523</timestamp>
			</report>
			<report>
				<misses>42700001</misses>
				<total>2</total>
				<timestamp>2236.623374</timestamp>
			</report>
			<report>
				<misses>42800001</misses>
				<total>3</total>
				<timestamp>2241.861229</timestamp>
			</report>
			<report>
				<misses>42900001</misses>
				<total>2</total>
				<timestamp>2247.100575</timestamp>
			</report>
			<report>
				<misses>43000001</misses>
				<total>3</total>
				<timestamp>2252.338451</timestamp>
			</report>
			<report>
				<misses>43100001</misses>
				<total>3</total>
				<timestamp>2257.576246</timestamp>
			</report>
			<report>
				<misses>43200001</misses>
				<total>2</total>
				<timestamp>2262.814205</timestamp>
			</report>
			<report>
				<misses>43300001</misses>
				<total>2</total>
				<timestamp>2268.052112</timestamp>
			</report>
			<report>
				<misses>43400001</misses>
				<total>2</total>
				<timestamp>2273.289951</timestamp>
			</report>
			<report>
				<misses>43500001</misses>
				<total>3</total>
				<timestamp>2278.527752</timestamp>
			</report>
			<report>
				<misses>43600001</misses>
				<total>2</total>
				<timestamp>2283.765614</timestamp>
			</report>
			<report>
				<misses>43700001</misses>
				<total>3</total>
				<timestamp>2289.003452</timestamp>
			</report>
			<report>
				<misses>43800001</misses>
				<total>3</total>
				<timestamp>2294.241374</timestamp>
			</report>
			<report>
				<misses>43900001</misses>
				<total>3</total>
				<timestamp>2299.479164</timestamp>
			</report>
			<report>
				<misses>44000001</misses>
				<total>3</total>
				<timestamp>2304.718463</timestamp>
			</report>
			<report>
				<misses>44100001</misses>
				<total>3</total>
				<timestamp>2309.956349</timestamp>
			</report>
			<report>
				<misses>44200001</misses>
				<total>2</total>
				<timestamp>2315.194201</timestamp>
			</report>
			<report>
				<misses>44300001</misses>
				<total>2</total>
				<timestamp>2320.432032</timestamp>
			</report>
			<report>
				<misses>44400001</misses>
				<total>3</total>
				<timestamp>2325.669883</timestamp>
			</report>
			<report>
				<misses>44500001</misses>
				<total>3</total>
				<timestamp>2330.907833</timestamp>
			</report>
			<report>
				<misses>44600001</misses>
				<total>2</total>
				<timestamp>2336.145681</timestamp>
			</report>
			<report>
				<misses>44700001</misses>
				<total>2</total>
				<timestamp>2341.383473</timestamp>
			</report>
			<report>
				<misses>44800001</misses>
				<total>3</total>
				<timestamp>2346.621378</timestamp>
			</report>
			<report>
				<misses>44900001</misses>
				<total>3</total>
				<timestamp>2351.859178</timestamp>
			</report>
			<report>
				<misses>45000001</misses>
				<total>2</total>
				<timestamp>2357.097022</timestamp>
			</report>
			<report>
				<misses>45100001</misses>
				<total>2</total>
				<timestamp>2362.334864</timestamp>
			</report>
			<report>
				<misses>45200001</misses>
				<total>3</total>
				<timestamp>2367.574359</timestamp>
			</report>
			<report>
				<misses>45300001</misses>
				<total>2</total>
				<timestamp>2372.812254</timestamp>
			</report>
			<report>
				<misses>45400001</misses>
				<total>3</total>
				<timestamp>2378.050095</timestamp>
			</report>
			<report>
				<misses>45500001</misses>
				<total>3</total>
				<timestamp>2383.287952</timestamp>
			</report>
			<report>
				<misses>45600001</misses>
				<total>2</total>
				<timestamp>2388.525785</timestamp>
			</report>
			<report>
				<misses>45700001</misses>
				<total>3</total>
				<timestamp>2393.763700</timestamp>
			</report>
			<report>
				<misses>45800001</misses>
				<total>2</total>
				<timestamp>2399.001645</timestamp>
			</report>
			<report>
				<misses>45900001</misses>
				<total>2</total>
				<timestamp>2404.239535</timestamp>
			</report>
			<report>
				<misses>46000001</misses>
				<total>2</total>
				<timestamp>2409.477470</timestamp>
			</report>
			<report>
				<misses>46100001</misses>
				<total>2</total>
				<timestamp>2414.715310</timestamp>
			</report>
			<report>
				<misses>46200001</misses>
				<total>3</total>
				<timestamp>2419.953179</timestamp>
			</report>
			<report>
				<misses>46300001</misses>
				<total>3</total>
				<timestamp>2425.192645</timestamp>
			</report>
			<report>
				<misses>46400001</misses>
				<total>3</total>
				<timestamp>2430.430455</timestamp>
			</report>
			<report>
				<misses>46500001</misses>
				<total>4</total>
				<timestamp>2435.668308</timestamp>
			</report>
			<report>
				<misses>46600001</misses>
				<total>4</total>
				<timestamp>2440.906135</timestamp>
			</report>
			<report>
				<misses>46700001</misses>
				<total>3</total>
				<timestamp>2446.144008</timestamp>
			</report>
			<report>
				<misses>46800001</misses>
				<total>3</total>
				<timestamp>2451.381929</timestamp>
			</report>
			<report>
				<misses>46900001</misses>
				<total>4</total>
				<timestamp>2456.619797</timestamp>
			</report>
			<report>
				<misses>47000001</misses>
				<total>3</total>
				<timestamp>2461.857680</timestamp>
			</report>
			<report>
				<misses>47100001</misses>
				<total>3</total>
				<timestamp>2467.095493</timestamp>
			</report>
			<report>
				<misses>47200001</misses>
				<total>4</total>
				<timestamp>2472.333354</timestamp>
			</report>
			<report>
				<misses>47300001</misses>
				<total>3</total>
				<timestamp>2477.571234</timestamp>
			</report>
			<report>
				<misses>47400001</misses>
				<total>3</total>
				<timestamp>2482.809131</timestamp>
			</report>
			<report>
				<misses>47500001</misses>
				<total>4</total>
				<timestamp>2488.048445</timestamp>
			</report>
			<report>
				<misses>47600001</misses>
				<total>4</total>
				<timestamp>2493.286265</timestamp>
			</report>
			<report>
				<misses>47700001</misses>
				<total>4</total>
				<timestamp>2498.524138</timestamp>
			</report>
			<report>
				<misses>47800001</misses>
				<total>3</total>
				<timestamp>2503.762011</timestamp>
			</report>
			<report>
				<misses>47900001</misses>
				<total>4</total>
				<timestamp>2508.999849</timestamp>
			</report>
			<report>
				<misses>48000001</misses>
				<total>4</total>
				<timestamp>2514.237646</timestamp>
			</report>
			<report>
				<misses>48100001</misses>
				<total>3</total>
				<timestamp>2519.475519</timestamp>
			</report>
			<report>
				<misses>48200001</misses>
				<total>3</total>
				<timestamp>2524.713357</timestamp>
			</report>
			<report>
				<misses>48300001</misses>
				<total>3</total>
				<timestamp>2529.951278</timestamp>
			</report>
			<report>
				<misses>48400001</misses>
				<total>3</total>
				<timestamp>2535.189077</timestamp>
			</report>
			<report>
				<misses>48500001</misses>
				<total>4</total>
				<timestamp>2540.426957</timestamp>
			</report>
			<report>
				<misses>48600001</misses>
				<total>3</total>
				<timestamp>2545.666391</timestamp>
			</report>
			<report>
				<misses>48700001</misses>
				<total>3</total>
				<timestamp>2550.904255</timestamp>
			</report>
			<report>
				<misses>48800001</misses>
				<total>3</total>
				<timestamp>2556.142170</timestamp>
			</report>
			<report>
				<misses>48900001</misses>
				<total>4</total>
				<timestamp>2561.380033</timestamp>
			</report>
			<report>
				<misses>49000001</misses>
				<total>3</total>
				<timestamp>2566.617979</timestamp>
			</report>
			<report>
				<misses>49100001</misses>
				<total>3</total>
				<timestamp>2571.855832</timestamp>
			</report>
			<report>
				<misses>49200001</misses>
				<total>3</total>
				<timestamp>2577.093742</timestamp>
			</report>
			<report>
				<misses>49300001</misses>
				<total>3</total>
				<timestamp>2582.331699</timestamp>
			</report>
			<report>
				<misses>49400001</misses>
				<total>4</total>
				<timestamp>2587.569529</timestamp>
			</report>
			<report>
				<misses>49500001</misses>
				<total>4</total>
				<timestamp>2592.807451</timestamp>
			</report>
			<report>
				<misses>49600001</misses>
				<total>4</total>
				<timestamp>2598.045320</timestamp>
			</report>
			<report>
				<misses>49700001</misses>
				<total>5</total>
				<timestamp>2603.284737</timestamp>
			</report>
			<report>
				<misses>49800001</misses>
				<total>4</total>
				<timestamp>2608.522632</timestamp>
			</report>
			<report>
				<misses>49900001</misses>
				<total>4</total>
				<timestamp>2613.760481</timestamp>
			</report>
			<report>
				<misses>50000001</misses>
				<total>4</total>
				<timestamp>2618.998324</timestamp>
			</report>
			<report>
				<misses>50100001</misses>
				<total>4</total>
				<timestamp>2624.236164</timestamp>
			</report>
			<report>
				<misses>50200001</misses>
				<total>3</total>
				<timestamp>2629.473994</timestamp>
			</report>
			<report>
				<misses>50300001</misses>
				<total>4</total>
				<timestamp>2634.711777</timestamp>
			</report>
			<report>
				<misses>50400001</misses>
				<total>3</total>
				<timestamp>2639.949631</timestamp>
			</report>
			<report>
				<misses>50500001</misses>
				<total>3</total>
				<timestamp>2645.187494</timestamp>
			</report>
			<report>
				<misses>50600001</misses>
				<total>3</total>
				<timestamp>2650.425374</timestamp>
			</report>
			<report>
				<misses>50700001</misses>
				<total>3</total>
				<timestamp>2655.663199</timestamp>
			</report>
			<report>
				<misses>50800001</misses>
				<total>4</total>
				<timestamp>2660.901027</timestamp>
			</report>
			<report>
				<misses>50900001</misses>
				<total>4</total>
				<timestamp>2666.140346</timestamp>
			</report>
			<report>
				<misses>51000001</misses>
				<total>3</total>
				<timestamp>2671.378243</timestamp>
			</report>
			<report>
				<misses>51100001</misses>
				<total>3</total>
				<timestamp>2676.616108</timestamp>
			</report>
			<report>
				<misses>51200001</misses>
				<total>3</total>
				<timestamp>2681.853955</timestamp>
			</report>
			<report>
				<misses>51300001</misses>
				<total>4</total>
				<timestamp>2687.091867</timestamp>
			</report>
			<report>
				<misses>51400001</misses>
				<total>4</total>
				<timestamp>2692.329695</timestamp>
			</report>
			<report>
				<misses>51500001</misses>
				<total>3</total>
				<timestamp>2697.567518</timestamp>
			</report>
			<report>
				<misses>51600001</misses>
				<total>3</total>
				<timestamp>2702.805382</timestamp>
			</report>
			<report>
				<misses>51700001</misses>
				<total>4</total>
				<timestamp>2708.043178</timestamp>
			</report>
			<report>
				<misses>51800001</misses>
				<total>5</total>
				<timestamp>2713.281116</timestamp>
			</report>
			<report>
				<misses>51900001</misses>
				<total>3</total>
				<timestamp>2718.518956</timestamp>
			</report>
			<report>
				<misses>52000001</misses>
				<total>4</total>
				<timestamp>2723.758300</timestamp>
			</report>
			<report>
				<misses>52100001</misses>
				<total>3</total>
				<timestamp>2728.996183</timestamp>
			</report>
			<report>
				<misses>52200001</misses>
				<total>4</total>
				<timestamp>2734.234132</timestamp>
			</report>
			<report>
				<misses>52300001</misses>
				<total>3</total>
				<timestamp>2739.472059</timestamp>
			</report>
			<report>
				<misses>52400001</misses>
				<total>3</total>
				<timestamp>2744.709959</timestamp>
			</report>
			<report>
				<misses>52500001</misses>
				<total>3</total>
				<timestamp>2749.947891</timestamp>
			</report>
			<report>
				<misses>52600001</misses>
				<total>3</total>
				<timestamp>2755.185715</timestamp>
			</report>
			<report>
				<misses>52700001</misses>
				<total>3</total>
				<timestamp>2760.423584</timestamp>
			</report>
			<report>
				<misses>52800001</misses>
				<total>4</total>
				<timestamp>2765.661406</timestamp>
			</report>
			<report>
				<misses>52900001</misses>
				<total>3</total>
				<timestamp>2770.899319</timestamp>
			</report>
			<report>
				<misses>53000001</misses>
				<total>4</total>
				<timestamp>2776.137134</timestamp>
			</report>
			<report>
				<misses>53100001</misses>
				<total>3</total>
				<timestamp>2781.374994</timestamp>
			</report>
			<report>
				<misses>53200001</misses>
				<total>3</total>
				<timestamp>2786.614366</timestamp>
			</report>
			<report>
				<misses>53300001</misses>
				<total>4</total>
				<timestamp>2791.852276</timestamp>
			</report>
			<report>
				<misses>53400001</misses>
				<total>4</total>
				<timestamp>2797.090110</timestamp>
			</report>
			<report>
				<misses>53500001</misses>
				<total>4</total>
				<timestamp>2802.327903</timestamp>
			</report>
			<report>
				<misses>53600001</misses>
				<total>3</total>
				<timestamp>2807.565740</timestamp>
			</report>
			<report>
				<misses>53700001</misses>
				<total>4</total>
				<timestamp>2812.803554</timestamp>
			</report>
			<report>
				<misses>53800001</misses>
				<total>3</total>
				<timestamp>2818.041449</timestamp>
			</report>
			<report>
				<misses>53900001</misses>
				<total>5</total>
				<timestamp>2823.279305</timestamp>
			</report>
			<report>
				<misses>54000001</misses>
				<total>4</total>
				<timestamp>2828.517113</timestamp>
			</report>
			<report>
				<misses>54100001</misses>
				<total>3</total>
				<timestamp>2833.754959</timestamp>
			</report>
			<report>
				<misses>54200001</misses>
				<total>4</total>
				<timestamp>2838.992837</timestamp>
			</report>
			<report>
				<misses>54300001</misses>
				<total>4</total>
				<timestamp>2844.232197</timestamp>
			</report>
			<report>
				<misses>54400001</misses>
				<total>3</total>
				<timestamp>2849.470034</timestamp>
			</report>
			<report>
				<misses>54500001</misses>
				<total>3</total>
				<timestamp>2854.707941</timestamp>
			</report>
			<report>
				<misses>54600001</misses>
				<total>3</total>
				<timestamp>2859.945786</timestamp>
			</report>
			<report>
				<misses>54700001</misses>
				<total>4</total>
				<timestamp>2865.183594</timestamp>
			</report>
			<report>
				<misses>54800001</misses>
				<total>4</total>
				<timestamp>2870.421437</timestamp>
			</report>
			<report>
				<misses>54900001</misses>
				<total>4</total>
				<timestamp>2875.659265</timestamp>
			</report>
			<report>
				<misses>55000001</misses>
				<total>3</total>
				<timestamp>2880.897124</timestamp>
			</report>
			<report>
				<misses>55100001</misses>
				<total>4</total>
				<timestamp>2886.134913</timestamp>
			</report>
			<report>
				<misses>55200001</misses>
				<total>4</total>
				<timestamp>2891.372719</timestamp>
			</report>
			<report>
				<misses>55300001</misses>
				<total>3</total>
				<timestamp>2896.610612</timestamp>
			</report>
			<report>
				<misses>55400001</misses>
				<total>3</total>
				<timestamp>2901.848458</timestamp>
			</report>
			<report>
				<misses>55500001</misses>
				<total>3</total>
				<timestamp>2907.087777</timestamp>
			</report>
			<report>
				<misses>55600001</misses>
				<total>4</total>
				<timestamp>2912.325629</timestamp>
			</report>
			<report>
				<misses>55700001</misses>
				<total>4</total>
				<timestamp>2917.563447</timestamp>
			</report>
			<report>
				<misses>55800001</misses>
				<total>3</total>
				<timestamp>2922.801343</timestamp>
			</report>
			<report>
				<misses>55900001</misses>
				<total>4</total>
				<timestamp>2928.039165</timestamp>
			</report>
			<report>
				<misses>56000001</misses>
				<total>4</total>
				<timestamp>2933.277030</timestamp>
			</report>
			<report>
				<misses>56100001</misses>
				<total>3</total>
				<timestamp>2938.514844</timestamp>
			</report>
			<report>
				<misses>56200001</misses>
				<total>3</total>
				<timestamp>2943.752678</timestamp>
			</report>
			<report>
				<misses>56300001</misses>
				<total>3</total>
				<timestamp>2948.990546</timestamp>
			</report>
			<report>
				<misses>56400001</misses>
				<total>4</total>
				<timestamp>2954.228460</timestamp>
			</report>
			<report>
				<misses>56500001</misses>
				<total>4</total>
				<timestamp>2959.466299</timestamp>
			</report>
			<report>
				<misses>56600001</misses>
				<total>3</total>
				<timestamp>2964.705571</timestamp>
			</report>
			<report>
				<misses>56700001</misses>
				<total>4</total>
				<timestamp>2969.943359</timestamp>
			</report>
			<report>
				<misses>56800001</misses>
				<total>3</total>
				<timestamp>2975.181242</timestamp>
			</report>
			<report>
				<misses>56900001</misses>
				<total>4</total>
				<timestamp>2980.419121</timestamp>
			</report>
			<report>
				<misses>57000001</misses>
				<total>3</total>
				<timestamp>2985.656966</timestamp>
			</report>
			<report>
				<misses>57100001</misses>
				<total>3</total>
				<timestamp>2990.894833</timestamp>
			</report>
			<report>
				<misses>57200001</misses>
				<total>3</total>
				<timestamp>2996.132764</timestamp>
			</report>
			<report>
				<misses>57300001</misses>
				<total>3</total>
				<timestamp>3001.370627</timestamp>
			</report>
			<report>
				<misses>57400001</misses>
				<total>3</total>
				<timestamp>3006.608503</timestamp>
			</report>
			<report>
				<misses>57500001</misses>
				<total>3</total>
				<timestamp>3011.846338</timestamp>
			</report>
			<report>
				<misses>57600001</misses>
				<total>3</total>
				<timestamp>3017.084273</timestamp>
			</report>
			<report>
				<misses>57700001</misses>
				<total>3</total>
				<timestamp>3022.322083</timestamp>
			</report>
			<report>
				<misses>57800001</misses>
				<total>3</total>
				<timestamp>3027.561585</timestamp>
			</report>
			<report>
				<misses>57900001</misses>
				<total>3</total>
				<timestamp>3032.799429</timestamp>
			</report>
			<report>
				<misses>58000001</misses>
				<total>3</total>
				<timestamp>3038.037346</timestamp>
			</report>
			<report>
				<misses>58100001</misses>
				<total>3</total>
				<timestamp>3043.275156</timestamp>
			</report>
			<report>
				<misses>58200001</misses>
				<total>3</total>
				<timestamp>3048.512983</timestamp>
			</report>
			<report>
				<misses>58300001</misses>
				<total>4</total>
				<timestamp>3053.750813</timestamp>
			</report>
			<report>
				<misses>58400001</misses>
				<total>4</total>
				<timestamp>3058.988757</timestamp>
			</report>
			<report>
				<misses>58500001</misses>
				<total>4</total>
				<timestamp>3064.226625</timestamp>
			</report>
			<report>
				<misses>58600001</misses>
				<total>3</total>
				<timestamp>3069.464430</timestamp>
			</report>
			<report>
				<misses>58700001</misses>
				<total>3</total>
				<timestamp>3074.702371</timestamp>
			</report>
			<report>
				<misses>58800001</misses>
				<total>4</total>
				<timestamp>3079.940159</timestamp>
			</report>
			<report>
				<misses>58900001</misses>
				<total>3</total>
				<timestamp>3085.179602</timestamp>
			</report>
			<report>
				<misses>59000001</misses>
				<total>3</total>
				<timestamp>3090.417480</timestamp>
			</report>
			<report>
				<misses>59100001</misses>
				<total>4</total>
				<timestamp>3095.655473</timestamp>
			</report>
			<report>
				<misses>59200001</misses>
				<total>3</total>
				<timestamp>3100.893346</timestamp>
			</report>
			<report>
				<misses>59300001</misses>
				<total>3</total>
				<timestamp>3106.131279</timestamp>
			</report>
			<report>
				<misses>59400001</misses>
				<total>3</total>
				<timestamp>3111.369094</timestamp>
			</report>
			<report>
				<misses>59500001</misses>
				<total>3</total>
				<timestamp>3116.606936</timestamp>
			</report>
			<report>
				<misses>59600001</misses>
				<total>3</total>
				<timestamp>3121.844734</timestamp>
			</report>
			<report>
				<misses>59700001</misses>
				<total>3</total>
				<timestamp>3127.082550</timestamp>
			</report>
			<report>
				<misses>59800001</misses>
				<total>3</total>
				<timestamp>3132.320395</timestamp>
			</report>
			<report>
				<misses>59900001</misses>
				<total>3</total>
				<timestamp>3137.558321</timestamp>
			</report>
			<report>
				<misses>60000001</misses>
				<total>4</total>
				<timestamp>3142.796121</timestamp>
			</report>
			<report>
				<misses>60100001</misses>
				<total>3</total>
				<timestamp>3148.035545</timestamp>
			</report>
			<report>
				<misses>60200001</misses>
				<total>4</total>
				<timestamp>3153.273368</timestamp>
			</report>
			<report>
				<misses>60300001</misses>
				<total>3</total>
				<timestamp>3158.511243</timestamp>
			</report>
			<report>
				<misses>60400001</misses>
				<total>4</total>
				<timestamp>3163.749045</timestamp>
			</report>
			<report>
				<misses>60500001</misses>
				<total>4</total>
				<timestamp>3168.986830</timestamp>
			</report>
			<report>
				<misses>60600001</misses>
				<total>4</total>
				<timestamp>3174.224698</timestamp>
			</report>
			<report>
				<misses>60700001</misses>
				<total>3</total>
				<timestamp>3179.462579</timestamp>
			</report>
			<report>
				<misses>60800001</misses>
				<total>4</total>
				<timestamp>3184.700411</timestamp>
			</report>
			<report>
				<misses>60900001</misses>
				<total>3</total>
				<timestamp>3189.938236</timestamp>
			</report>
			<report>
				<misses>61000001</misses>
				<total>3</total>
				<timestamp>3195.176176</timestamp>
			</report>
			<report>
				<misses>61100001</misses>
				<total>4</total>
				<timestamp>3200.413998</timestamp>
			</report>
			<report>
				<misses>61200001</misses>
				<total>3</total>
				<timestamp>3205.653364</timestamp>
			</report>
			<report>
				<misses>61300001</misses>
				<total>3</total>
				<timestamp>3210.891229</timestamp>
			</report>
			<report>
				<misses>61400001</misses>
				<total>3</total>
				<timestamp>3216.129081</timestamp>
			</report>
			<report>
				<misses>61500001</misses>
				<total>4</total>
				<timestamp>3221.366923</timestamp>
			</report>
			<report>
				<misses>61600001</misses>
				<total>4</total>
				<timestamp>3226.604792</timestamp>
			</report>
			<report>
				<misses>61700001</misses>
				<total>3</total>
				<timestamp>3231.842644</timestamp>
			</report>
			<report>
				<misses>61800001</misses>
				<total>3</total>
				<timestamp>3237.080513</timestamp>
			</report>
			<report>
				<misses>61900001</misses>
				<total>4</total>
				<timestamp>3242.318314</timestamp>
			</report>
			<report>
				<misses>62000001</misses>
				<total>3</total>
				<timestamp>3247.556197</timestamp>
			</report>
			<report>
				<misses>62100001</misses>
				<total>4</total>
				<timestamp>3252.794048</timestamp>
			</report>
			<report>
				<misses>62200001</misses>
				<total>3</total>
				<timestamp>3258.031925</timestamp>
			</report>
			<report>
				<misses>62300001</misses>
				<total>4</total>
				<timestamp>3263.271274</timestamp>
			</report>
			<report>
				<misses>62400001</misses>
				<total>4</total>
				<timestamp>3268.509073</timestamp>
			</report>
			<report>
				<misses>62500001</misses>
				<total>4</total>
				<timestamp>3273.746881</timestamp>
			</report>
			<report>
				<misses>62600001</misses>
				<total>4</total>
				<timestamp>3278.984757</timestamp>
			</report>
			<report>
				<misses>62700001</misses>
				<total>3</total>
				<timestamp>3284.222654</timestamp>
			</report>
			<report>
				<misses>62800001</misses>
				<total>3</total>
				<timestamp>3289.460483</timestamp>
			</report>
			<report>
				<misses>62900001</misses>
				<total>4</total>
				<timestamp>3294.698304</timestamp>
			</report>
			<report>
				<misses>63000001</misses>
				<total>4</total>
				<timestamp>3299.936158</timestamp>
			</report>
			<report>
				<misses>63100001</misses>
				<total>4</total>
				<timestamp>3305.174009</timestamp>
			</report>
			<report>
				<misses>63200001</misses>
				<total>4</total>
				<timestamp>3310.411878</timestamp>
			</report>
			<report>
				<misses>63300001</misses>
				<total>4</total>
				<timestamp>3315.649681</timestamp>
			</report>
			<report>
				<misses>63400001</misses>
				<total>4</total>
				<timestamp>3320.887471</timestamp>
			</report>
			<report>
				<misses>63500001</misses>
				<total>4</total>
				<timestamp>3326.126933</timestamp>
			</report>
			<report>
				<misses>63600001</misses>
				<total>3</total>
				<timestamp>3331.364808</timestamp>
			</report>
			<report>
				<misses>63700001</misses>
				<total>4</total>
				<timestamp>3336.602611</timestamp>
			</report>
			<report>
				<misses>63800001</misses>
				<total>3</total>
				<timestamp>3341.840450</timestamp>
			</report>
			<report>
				<misses>63900001</misses>
				<total>3</total>
				<timestamp>3347.078307</timestamp>
			</report>
			<report>
				<misses>64000001</misses>
				<total>4</total>
				<timestamp>3352.316132</timestamp>
			</report>
			<report>
				<misses>64100001</misses>
				<total>3</total>
				<timestamp>3357.554010</timestamp>
			</report>
			<report>
				<misses>64200001</misses>
				<total>3</total>
				<timestamp>3362.791822</timestamp>
			</report>
			<report>
				<misses>64300001</misses>
				<total>3</total>
				<timestamp>3368.029832</timestamp>
			</report>
			<report>
				<misses>64400001</misses>
				<total>3</total>
				<timestamp>3373.267782</timestamp>
			</report>
			<report>
				<misses>64500001</misses>
				<total>4</total>
				<timestamp>3378.505644</timestamp>
			</report>
			<report>
				<misses>64600001</misses>
				<total>3</total>
				<timestamp>3383.745001</timestamp>
			</report>
			<report>
				<misses>64700001</misses>
				<total>3</total>
				<timestamp>3388.982952</timestamp>
			</report>
			<report>
				<misses>64800001</misses>
				<total>4</total>
				<timestamp>3394.220796</timestamp>
			</report>
			<report>
				<misses>64900001</misses>
				<total>3</total>
				<timestamp>3399.458666</timestamp>
			</report>
			<report>
				<misses>65000001</misses>
				<total>3</total>
				<timestamp>3404.696527</timestamp>
			</report>
			<report>
				<misses>65100001</misses>
				<total>3</total>
				<timestamp>3409.934443</timestamp>
			</report>
			<report>
				<misses>65200001</misses>
				<total>4</total>
				<timestamp>3415.172339</timestamp>
			</report>
			<report>
				<misses>65300001</misses>
				<total>4</total>
				<timestamp>3420.410169</timestamp>
			</report>
			<report>
				<misses>65400001</misses>
				<total>3</total>
				<timestamp>3425.647998</timestamp>
			</report>
			<report>
				<misses>65500001</misses>
				<total>4</total>
				<timestamp>3430.885861</timestamp>
			</report>
			<report>
				<misses>65600001</misses>
				<total>4</total>
				<timestamp>3436.123787</timestamp>
			</report>
			<report>
				<misses>65700001</misses>
				<total>3</total>
				<timestamp>3441.361669</timestamp>
			</report>
			<report>
				<misses>65800001</misses>
				<total>3</total>
				<timestamp>3446.600961</timestamp>
			</report>
			<report>
				<misses>65900001</misses>
				<total>4</total>
				<timestamp>3451.838776</timestamp>
			</report>
			<report>
				<misses>66000001</misses>
				<total>5</total>
				<timestamp>3457.076590</timestamp>
			</report>
			<report>
				<misses>66100001</misses>
				<total>4</total>
				<timestamp>3462.314424</timestamp>
			</report>
			<report>
				<misses>66200001</misses>
				<total>3</total>
				<timestamp>3467.552261</timestamp>
			</report>
			<report>
				<misses>66300001</misses>
				<total>4</total>
				<timestamp>3472.790130</timestamp>
			</report>
			<report>
				<misses>66400001</misses>
				<total>4</total>
				<timestamp>3478.028000</timestamp>
			</report>
			<report>
				<misses>66500001</misses>
				<total>3</total>
				<timestamp>3483.265883</timestamp>
			</report>
			<report>
				<misses>66600001</misses>
				<total>3</total>
				<timestamp>3488.503751</timestamp>
			</report>
			<report>
				<misses>66700001</misses>
				<total>3</total>
				<timestamp>3493.741673</timestamp>
			</report>
			<report>
				<misses>66800001</misses>
				<total>3</total>
				<timestamp>3498.979489</timestamp>
			</report>
			<report>
				<misses>66900001</misses>
				<total>3</total>
				<timestamp>3504.218986</timestamp>
			</report>
			<report>
				<misses>67000001</misses>
				<total>4</total>
				<timestamp>3509.456815</timestamp>
			</report>
			<report>
				<misses>67100001</misses>
				<total>4</total>
				<timestamp>3514.694640</timestamp>
			</report>
			<report>
				<misses>67200001</misses>
				<total>4</total>
				<timestamp>3519.932445</timestamp>
			</report>
			<report>
				<misses>67300001</misses>
				<total>3</total>
				<timestamp>3525.170311</timestamp>
			</report>
			<report>
				<misses>67400001</misses>
				<total>3</total>
				<timestamp>3530.408212</timestamp>
			</report>
			<report>
				<misses>67500001</misses>
				<total>3</total>
				<timestamp>3535.646055</timestamp>
			</report>
			<report>
				<misses>67600001</misses>
				<total>4</total>
				<timestamp>3540.883860</timestamp>
			</report>
			<report>
				<misses>67700001</misses>
				<total>3</total>
				<timestamp>3546.121706</timestamp>
			</report>
			<report>
				<misses>67800001</misses>
				<total>3</total>
				<timestamp>3551.359559</timestamp>
			</report>
			<report>
				<misses>67900001</misses>
				<total>3</total>
				<timestamp>3556.597502</timestamp>
			</report>
			<report>
				<misses>68000001</misses>
				<total>3</total>
				<timestamp>3561.835427</timestamp>
			</report>
			<report>
				<misses>68100001</misses>
				<total>3</total>
				<timestamp>3567.074801</timestamp>
			</report>
			<report>
				<misses>68200001</misses>
				<total>3</total>
				<timestamp>3572.312670</timestamp>
			</report>
			<report>
				<misses>68300001</misses>
				<total>4</total>
				<timestamp>3577.550555</timestamp>
			</report>
			<report>
				<misses>68400001</misses>
				<total>4</total>
				<timestamp>3582.788410</timestamp>
			</report>
			<report>
				<misses>68500001</misses>
				<total>3</total>
				<timestamp>3588.026293</timestamp>
			</report>
			<report>
				<misses>68600001</misses>
				<total>4</total>
				<timestamp>3593.264109</timestamp>
			</report>
			<report>
				<misses>68700001</misses>
				<total>4</total>
				<timestamp>3598.501919</timestamp>
			</report>
			<report>
				<misses>68800001</misses>
				<total>4</total>
				<timestamp>3603.739735</timestamp>
			</report>
			<report>
				<misses>68900001</misses>
				<total>4</total>
				<timestamp>3608.977551</timestamp>
			</report>
			<report>
				<misses>69000001</misses>
				<total>4</total>
				<timestamp>3614.215402</timestamp>
			</report>
			<report>
				<misses>69100001</misses>
				<total>4</total>
				<timestamp>3619.453197</timestamp>
			</report>
			<report>
				<misses>69200001</misses>
				<total>3</total>
				<timestamp>3624.692531</timestamp>
			</report>
			<report>
				<misses>69300001</misses>
				<total>4</total>
				<timestamp>3629.930375</timestamp>
			</report>
			<report>
				<misses>69400001</misses>
				<total>3</total>
				<timestamp>3635.168228</timestamp>
			</report>
			<report>
				<misses>69500001</misses>
				<total>4</total>
				<timestamp>3640.406089</timestamp>
			</report>
			<report>
				<misses>69600001</misses>
				<total>4</total>
				<timestamp>3645.643889</timestamp>
			</report>
			<report>
				<misses>69700001</misses>
				<total>3</total>
				<timestamp>3650.881723</timestamp>
			</report>
			<report>
				<misses>69800001</misses>
				<total>3</total>
				<timestamp>3656.119601</timestamp>
			</report>
			<report>
				<misses>69900001</misses>
				<total>4</total>
				<timestamp>3661.357410</timestamp>
			</report>
			<report>
				<misses>70000001</misses>
				<total>3</total>
				<timestamp>3666.595268</timestamp>
			</report>
			<report>
				<misses>70100001</misses>
				<total>3</total>
				<timestamp>3671.833123</timestamp>
			</report>
			<report>
				<misses>70200001</misses>
				<total>3</total>
				<timestamp>3677.070956</timestamp>
			</report>
			<report>
				<misses>70300001</misses>
				<total>3</total>
				<timestamp>3682.308765</timestamp>
			</report>
			<report>
				<misses>70400001</misses>
				<total>3</total>
				<timestamp>3687.548154</timestamp>
			</report>
			<report>
				<misses>70500001</misses>
				<total>3</total>
				<timestamp>3692.785982</timestamp>
			</report>
			<report>
				<misses>70600001</misses>
				<total>3</total>
				<timestamp>3698.023843</timestamp>
			</report>
			<report>
				<misses>70700001</misses>
				<total>4</total>
				<timestamp>3703.261720</timestamp>
			</report>
			<report>
				<misses>70800001</misses>
				<total>4</total>
				<timestamp>3708.499582</timestamp>
			</report>
			<report>
				<misses>70900001</misses>
				<total>4</total>
				<timestamp>3713.737493</timestamp>
			</report>
			<report>
				<misses>71000001</misses>
				<total>3</total>
				<timestamp>3718.975343</timestamp>
			</report>
			<report>
				<misses>71100001</misses>
				<total>4</total>
				<timestamp>3724.213204</timestamp>
			</report>
			<report>
				<misses>71200001</misses>
				<total>3</total>
				<timestamp>3729.451019</timestamp>
			</report>
			<report>
				<misses>71300001</misses>
				<total>4</total>
				<timestamp>3734.688817</timestamp>
			</report>
			<report>
				<misses>71400001</misses>
				<total>3</total>
				<timestamp>3739.926645</timestamp>
			</report>
			<report>
				<misses>71500001</misses>
				<total>4</total>
				<timestamp>3745.166187</timestamp>
			</report>
			<report>
				<misses>71600001</misses>
				<total>4</total>
				<timestamp>3750.404030</timestamp>
			</report>
			<report>
				<misses>71700001</misses>
				<total>4</total>
				<timestamp>3755.641929</timestamp>
			</report>
			<report>
				<misses>71800001</misses>
				<total>3</total>
				<timestamp>3760.879807</timestamp>
			</report>
			<report>
				<misses>71900001</misses>
				<total>3</total>
				<timestamp>3766.117714</timestamp>
			</report>
			<report>
				<misses>72000001</misses>
				<total>3</total>
				<timestamp>3771.355589</timestamp>
			</report>
			<report>
				<misses>72100001</misses>
				<total>4</total>
				<timestamp>3776.593421</timestamp>
			</report>
			<report>
				<misses>72200001</misses>
				<total>3</total>
				<timestamp>3781.831224</timestamp>
			</report>
			<report>
				<misses>72300001</misses>
				<total>4</total>
				<timestamp>3787.069146</timestamp>
			</report>
			<report>
				<misses>72400001</misses>
				<total>3</total>
				<timestamp>3792.307023</timestamp>
			</report>
			<report>
				<misses>72500001</misses>
				<total>4</total>
				<timestamp>3797.544937</timestamp>
			</report>
			<report>
				<misses>72600001</misses>
				<total>3</total>
				<timestamp>3802.782790</timestamp>
			</report>
			<report>
				<misses>72700001</misses>
				<total>4</total>
				<timestamp>3808.022109</timestamp>
			</report>
			<report>
				<misses>72800001</misses>
				<total>4</total>
				<timestamp>3813.259966</timestamp>
			</report>
			<report>
				<misses>72900001</misses>
				<total>4</total>
				<timestamp>3818.497819</timestamp>
			</report>
			<report>
				<misses>73000001</misses>
				<total>3</total>
				<timestamp>3823.735651</timestamp>
			</report>
			<report>
				<misses>73100001</misses>
				<total>3</total>
				<timestamp>3828.973559</timestamp>
			</report>
			<report>
				<misses>73200001</misses>
				<total>3</total>
				<timestamp>3834.211424</timestamp>
			</report>
			<report>
				<misses>73300001</misses>
				<total>3</total>
				<timestamp>3839.449290</timestamp>
			</report>
			<report>
				<misses>73400001</misses>
				<total>4</total>
				<timestamp>3844.687159</timestamp>
			</report>
			<report>
				<misses>73500001</misses>
				<total>3</total>
				<timestamp>3849.925028</timestamp>
			</report>
			<report>
				<misses>73600001</misses>
				<total>4</total>
				<timestamp>3855.162905</timestamp>
			</report>
			<report>
				<misses>73700001</misses>
				<total>4</total>
				<timestamp>3860.400741</timestamp>
			</report>
			<report>
				<misses>73800001</misses>
				<total>4</total>
				<timestamp>3865.640209</timestamp>
			</report>
			<report>
				<misses>73900001</misses>
				<total>4</total>
				<timestamp>3870.878081</timestamp>
			</report>
			<report>
				<misses>74000001</misses>
				<total>4</total>
				<timestamp>3876.115928</timestamp>
			</report>
			<report>
				<misses>74100001</misses>
				<total>3</total>
				<timestamp>3881.353797</timestamp>
			</report>
			<report>
				<misses>74200001</misses>
				<total>3</total>
				<timestamp>3886.591589</timestamp>
			</report>
			<report>
				<misses>74300001</misses>
				<total>4</total>
				<timestamp>3891.829396</timestamp>
			</report>
			<report>
				<misses>74400001</misses>
				<total>4</total>
				<timestamp>3897.067348</timestamp>
			</report>
			<report>
				<misses>74500001</misses>
				<total>4</total>
				<timestamp>3902.305208</timestamp>
			</report>
			<report>
				<misses>74600001</misses>
				<total>3</total>
				<timestamp>3907.543095</timestamp>
			</report>
			<report>
				<misses>74700001</misses>
				<total>4</total>
				<timestamp>3912.781142</timestamp>
			</report>
			<report>
				<misses>74800001</misses>
				<total>4</total>
				<timestamp>3918.019093</timestamp>
			</report>
			<report>
				<misses>74900001</misses>
				<total>3</total>
				<timestamp>3923.258459</timestamp>
			</report>
			<report>
				<misses>75000001</misses>
				<total>4</total>
				<timestamp>3928.496295</timestamp>
			</report>
			<report>
				<misses>75100001</misses>
				<total>3</total>
				<timestamp>3933.734166</timestamp>
			</report>
			<report>
				<misses>75200001</misses>
				<total>3</total>
				<timestamp>3938.972012</timestamp>
			</report>
			<report>
				<misses>75300001</misses>
				<total>4</total>
				<timestamp>3944.209822</timestamp>
			</report>
			<report>
				<misses>75400001</misses>
				<total>3</total>
				<timestamp>3949.447685</timestamp>
			</report>
			<report>
				<misses>75500001</misses>
				<total>3</total>
				<timestamp>3954.685526</timestamp>
			</report>
			<report>
				<misses>75600001</misses>
				<total>3</total>
				<timestamp>3959.923397</timestamp>
			</report>
			<report>
				<misses>75700001</misses>
				<total>4</total>
				<timestamp>3965.161263</timestamp>
			</report>
			<report>
				<misses>75800001</misses>
				<total>3</total>
				<timestamp>3970.399061</timestamp>
			</report>
			<report>
				<misses>75900001</misses>
				<total>4</total>
				<timestamp>3975.636940</timestamp>
			</report>
			<report>
				<misses>76000001</misses>
				<total>4</total>
				<timestamp>3980.874813</timestamp>
			</report>
			<report>
				<misses>76100001</misses>
				<total>3</total>
				<timestamp>3986.114238</timestamp>
			</report>
			<report>
				<misses>76200001</misses>
				<total>3</total>
				<timestamp>3991.352102</timestamp>
			</report>
			<report>
				<misses>76300001</misses>
				<total>4</total>
				<timestamp>3996.590060</timestamp>
			</report>
			<report>
				<misses>76400001</misses>
				<total>4</total>
				<timestamp>4001.827962</timestamp>
			</report>
			<report>
				<misses>76500001</misses>
				<total>4</total>
				<timestamp>4007.065880</timestamp>
			</report>
			<report>
				<misses>76600001</misses>
				<total>3</total>
				<timestamp>4012.303729</timestamp>
			</report>
			<report>
				<misses>76700001</misses>
				<total>4</total>
				<timestamp>4017.541566</timestamp>
			</report>
			<report>
				<misses>76800001</misses>
				<total>3</total>
				<timestamp>4022.779443</timestamp>
			</report>
			<report>
				<misses>76900001</misses>
				<total>3</total>
				<timestamp>4028.017332</timestamp>
			</report>
			<report>
				<misses>77000001</misses>
				<total>3</total>
				<timestamp>4033.255177</timestamp>
			</report>
			<report>
				<misses>77100001</misses>
				<total>3</total>
				<timestamp>4038.493017</timestamp>
			</report>
			<report>
				<misses>77200001</misses>
				<total>3</total>
				<timestamp>4043.732392</timestamp>
			</report>
			<report>
				<misses>77300001</misses>
				<total>5</total>
				<timestamp>4048.970218</timestamp>
			</report>
			<report>
				<misses>77400001</misses>
				<total>3</total>
				<timestamp>4054.208099</timestamp>
			</report>
			<report>
				<misses>77500001</misses>
				<total>4</total>
				<timestamp>4059.446032</timestamp>
			</report>
			<report>
				<misses>77600001</misses>
				<total>3</total>
				<timestamp>4064.683840</timestamp>
			</report>
			<report>
				<misses>77700001</misses>
				<total>4</total>
				<timestamp>4069.921690</timestamp>
			</report>
			<report>
				<misses>77800001</misses>
				<total>3</total>
				<timestamp>4075.159599</timestamp>
			</report>
			<report>
				<misses>77900001</misses>
				<total>3</total>
				<timestamp>4080.397408</timestamp>
			</report>
			<report>
				<misses>78000001</misses>
				<total>4</total>
				<timestamp>4085.635256</timestamp>
			</report>
			<report>
				<misses>78100001</misses>
				<total>3</total>
				<timestamp>4090.873105</timestamp>
			</report>
			<report>
				<misses>78200001</misses>
				<total>4</total>
				<timestamp>4096.110943</timestamp>
			</report>
			<report>
				<misses>78300001</misses>
				<total>4</total>
				<timestamp>4101.348809</timestamp>
			</report>
			<report>
				<misses>78400001</misses>
				<total>4</total>
				<timestamp>4106.588165</timestamp>
			</report>
			<report>
				<misses>78500001</misses>
				<total>3</total>
				<timestamp>4111.826043</timestamp>
			</report>
			<report>
				<misses>78600001</misses>
				<total>3</total>
				<timestamp>4117.063877</timestamp>
			</report>
			<report>
				<misses>78700001</misses>
				<total>3</total>
				<timestamp>4122.301744</timestamp>
			</report>
			<report>
				<misses>78800001</misses>
				<total>3</total>
				<timestamp>4127.539589</timestamp>
			</report>
			<report>
				<misses>78900001</misses>
				<total>3</total>
				<timestamp>4132.777489</timestamp>
			</report>
			<report>
				<misses>79000001</misses>
				<total>3</total>
				<timestamp>4138.015480</timestamp>
			</report>
			<report>
				<misses>79100001</misses>
				<total>3</total>
				<timestamp>4143.253314</timestamp>
			</report>
			<report>
				<misses>79200001</misses>
				<total>3</total>
				<timestamp>4148.491108</timestamp>
			</report>
			<report>
				<misses>79300001</misses>
				<total>3</total>
				<timestamp>4153.729053</timestamp>
			</report>
			<report>
				<misses>79400001</misses>
				<total>3</total>
				<timestamp>4158.966935</timestamp>
			</report>
			<report>
				<misses>79500001</misses>
				<total>3</total>
				<timestamp>4164.206311</timestamp>
			</report>
			<report>
				<misses>79600001</misses>
				<total>3</total>
				<timestamp>4169.444131</timestamp>
			</report>
			<report>
				<misses>79700001</misses>
				<total>3</total>
				<timestamp>4174.681982</timestamp>
			</report>
			<report>
				<misses>79800001</misses>
				<total>3</total>
				<timestamp>4179.919852</timestamp>
			</report>
			<report>
				<misses>79900001</misses>
				<total>3</total>
				<timestamp>4185.157764</timestamp>
			</report>
			<report>
				<misses>80000001</misses>
				<total>5</total>
				<timestamp>4190.395585</timestamp>
			</report>
			<report>
				<misses>80100001</misses>
				<total>4</total>
				<timestamp>4195.633379</timestamp>
			</report>
			<report>
				<misses>80200001</misses>
				<total>3</total>
				<timestamp>4200.871208</timestamp>
			</report>
			<report>
				<misses>80300001</misses>
				<total>4</total>
				<timestamp>4206.109038</timestamp>
			</report>
			<report>
				<misses>80400001</misses>
				<total>4</total>
				<timestamp>4211.346893</timestamp>
			</report>
			<report>
				<misses>80500001</misses>
				<total>3</total>
				<timestamp>4216.584743</timestamp>
			</report>
			<report>
				<misses>80600001</misses>
				<total>3</total>
				<timestamp>4221.822649</timestamp>
			</report>
			<report>
				<misses>80700001</misses>
				<total>3</total>
				<timestamp>4227.062147</timestamp>
			</report>
			<report>
				<misses>80800001</misses>
				<total>3</total>
				<timestamp>4232.300071</timestamp>
			</report>
			<report>
				<misses>80900001</misses>
				<total>3</total>
				<timestamp>4237.537904</timestamp>
			</report>
			<report>
				<misses>81000001</misses>
				<total>3</total>
				<timestamp>4242.775717</timestamp>
			</report>
			<report>
				<misses>81100001</misses>
				<total>4</total>
				<timestamp>4248.013587</timestamp>
			</report>
			<report>
				<misses>81200001</misses>
				<total>3</total>
				<timestamp>4253.251422</timestamp>
			</report>
			<report>
				<misses>81300001</misses>
				<total>3</total>
				<timestamp>4258.489238</timestamp>
			</report>
			<report>
				<misses>81400001</misses>
				<total>3</total>
				<timestamp>4263.727120</timestamp>
			</report>
			<report>
				<misses>81500001</misses>
				<total>4</total>
				<timestamp>4268.964907</timestamp>
			</report>
			<report>
				<misses>81600001</misses>
				<total>3</total>
				<timestamp>4274.202776</timestamp>
			</report>
			<report>
				<misses>81700001</misses>
				<total>3</total>
				<timestamp>4279.440628</timestamp>
			</report>
			<report>
				<misses>81800001</misses>
				<total>3</total>
				<timestamp>4284.680098</timestamp>
			</report>
			<report>
				<misses>81900001</misses>
				<total>3</total>
				<timestamp>4289.917955</timestamp>
			</report>
			<report>
				<misses>82000001</misses>
				<total>3</total>
				<timestamp>4295.155810</timestamp>
			</report>
			<report>
				<misses>82100001</misses>
				<total>3</total>
				<timestamp>4300.393685</timestamp>
			</report>
			<report>
				<misses>82200001</misses>
				<total>3</total>
				<timestamp>4305.631642</timestamp>
			</report>
			<report>
				<misses>82300001</misses>
				<total>4</total>
				<timestamp>4310.869503</timestamp>
			</report>
			<report>
				<misses>82400001</misses>
				<total>3</total>
				<timestamp>4316.107362</timestamp>
			</report>
			<report>
				<misses>82500001</misses>
				<total>3</total>
				<timestamp>4321.345221</timestamp>
			</report>
			<report>
				<misses>82600001</misses>
				<total>4</total>
				<timestamp>4326.583085</timestamp>
			</report>
			<report>
				<misses>82700001</misses>
				<total>4</total>
				<timestamp>4331.820905</timestamp>
			</report>
			<report>
				<misses>82800001</misses>
				<total>3</total>
				<timestamp>4337.058773</timestamp>
			</report>
			<report>
				<misses>82900001</misses>
				<total>3</total>
				<timestamp>4342.296618</timestamp>
			</report>
			<report>
				<misses>83000001</misses>
				<total>3</total>
				<timestamp>4347.536078</timestamp>
			</report>
			<report>
				<misses>83100001</misses>
				<total>4</total>
				<timestamp>4352.773915</timestamp>
			</report>
			<report>
				<misses>83200001</misses>
				<total>4</total>
				<timestamp>4358.011734</timestamp>
			</report>
			<report>
				<misses>83300001</misses>
				<total>4</total>
				<timestamp>4363.249681</timestamp>
			</report>
			<report>
				<misses>83400001</misses>
				<total>3</total>
				<timestamp>4368.487653</timestamp>
			</report>
			<report>
				<misses>83500001</misses>
				<total>4</total>
				<timestamp>4373.725503</timestamp>
			</report>
			<report>
				<misses>83600001</misses>
				<total>3</total>
				<timestamp>4378.963366</timestamp>
			</report>
			<report>
				<misses>83700001</misses>
				<total>4</total>
				<timestamp>4384.201225</timestamp>
			</report>
			<report>
				<misses>83800001</misses>
				<total>3</total>
				<timestamp>4389.439043</timestamp>
			</report>
			<report>
				<misses>83900001</misses>
				<total>4</total>
				<timestamp>4394.676885</timestamp>
			</report>
			<report>
				<misses>84000001</misses>
				<total>3</total>
				<timestamp>4399.914758</timestamp>
			</report>
			<report>
				<misses>84100001</misses>
				<total>4</total>
				<timestamp>4405.154068</timestamp>
			</report>
			<report>
				<misses>84200001</misses>
				<total>3</total>
				<timestamp>4410.391968</timestamp>
			</report>
			<report>
				<misses>84300001</misses>
				<total>3</total>
				<timestamp>4415.629829</timestamp>
			</report>
			<report>
				<misses>84400001</misses>
				<total>4</total>
				<timestamp>4420.867686</timestamp>
			</report>
			<report>
				<misses>84500001</misses>
				<total>4</total>
				<timestamp>4426.105530</timestamp>
			</report>
			<report>
				<misses>84600001</misses>
				<total>3</total>
				<timestamp>4431.343388</timestamp>
			</report>
			<report>
				<misses>84700001</misses>
				<total>3</total>
				<timestamp>4436.581250</timestamp>
			</report>
			<report>
				<misses>84800001</misses>
				<total>4</total>
				<timestamp>4441.819067</timestamp>
			</report>
			<report>
				<misses>84900001</misses>
				<total>3</total>
				<timestamp>4447.056958</timestamp>
			</report>
			<report>
				<misses>85000001</misses>
				<total>3</total>
				<timestamp>4452.294823</timestamp>
			</report>
			<report>
				<misses>85100001</misses>
				<total>4</total>
				<timestamp>4457.532621</timestamp>
			</report>
			<report>
				<misses>85200001</misses>
				<total>3</total>
				<timestamp>4462.770422</timestamp>
			</report>
			<report>
				<misses>85300001</misses>
				<total>4</total>
				<timestamp>4468.009777</timestamp>
			</report>
			<report>
				<misses>85400001</misses>
				<total>4</total>
				<timestamp>4473.247655</timestamp>
			</report>
			<report>
				<misses>85500001</misses>
				<total>5</total>
				<timestamp>4478.485534</timestamp>
			</report>
			<report>
				<misses>85600001</misses>
				<total>4</total>
				<timestamp>4483.723405</timestamp>
			</report>
			<report>
				<misses>85700001</misses>
				<total>4</total>
				<timestamp>4488.961216</timestamp>
			</report>
			<report>
				<misses>85800001</misses>
				<total>5</total>
				<timestamp>4494.199064</timestamp>
			</report>
			<report>
				<misses>85900001</misses>
				<total>5</total>
				<timestamp>4499.436905</timestamp>
			</report>
			<report>
				<misses>86000001</misses>
				<total>5</total>
				<timestamp>4504.674767</timestamp>
			</report>
			<report>
				<misses>86100001</misses>
				<total>6</total>
				<timestamp>4509.912611</timestamp>
			</report>
			<report>
				<misses>86200001</misses>
				<total>4</total>
				<timestamp>4515.150511</timestamp>
			</report>
			<report>
				<misses>86300001</misses>
				<total>5</total>
				<timestamp>4520.388389</timestamp>
			</report>
			<report>
				<misses>86400001</misses>
				<total>4</total>
				<timestamp>4525.627833</timestamp>
			</report>
			<report>
				<misses>86500001</misses>
				<total>5</total>
				<timestamp>4530.865642</timestamp>
			</report>
			<report>
				<misses>86600001</misses>
				<total>5</total>
				<timestamp>4536.103485</timestamp>
			</report>
			<report>
				<misses>86700001</misses>
				<total>5</total>
				<timestamp>4541.341336</timestamp>
			</report>
			<report>
				<misses>86800001</misses>
				<total>5</total>
				<timestamp>4546.579169</timestamp>
			</report>
			<report>
				<misses>86900001</misses>
				<total>5</total>
				<timestamp>4551.817024</timestamp>
			</report>
			<report>
				<misses>87000001</misses>
				<total>4</total>
				<timestamp>4557.054863</timestamp>
			</report>
			<report>
				<misses>87100001</misses>
				<total>5</total>
				<timestamp>4562.292761</timestamp>
			</report>
			<report>
				<misses>87200001</misses>
				<total>5</total>
				<timestamp>4567.530601</timestamp>
			</report>
			<report>
				<misses>87300001</misses>
				<total>4</total>
				<timestamp>4572.768476</timestamp>
			</report>
			<report>
				<misses>87400001</misses>
				<total>4</total>
				<timestamp>4578.006360</timestamp>
			</report>
			<report>
				<misses>87500001</misses>
				<total>5</total>
				<timestamp>4583.245658</timestamp>
			</report>
			<report>
				<misses>87600001</misses>
				<total>5</total>
				<timestamp>4588.483483</timestamp>
			</report>
			<report>
				<misses>87700001</misses>
				<total>4</total>
				<timestamp>4593.721367</timestamp>
			</report>
			<report>
				<misses>87800001</misses>
				<total>5</total>
				<timestamp>4598.959206</timestamp>
			</report>
			<report>
				<misses>87900001</misses>
				<total>5</total>
				<timestamp>4604.197088</timestamp>
			</report>
			<report>
				<misses>88000001</misses>
				<total>5</total>
				<timestamp>4609.434946</timestamp>
			</report>
			<report>
				<misses>88100001</misses>
				<total>4</total>
				<timestamp>4614.672824</timestamp>
			</report>
			<report>
				<misses>88200001</misses>
				<total>4</total>
				<timestamp>4619.910659</timestamp>
			</report>
			<report>
				<misses>88300001</misses>
				<total>5</total>
				<timestamp>4625.148568</timestamp>
			</report>
			<report>
				<misses>88400001</misses>
				<total>4</total>
				<timestamp>4630.386579</timestamp>
			</report>
			<report>
				<misses>88500001</misses>
				<total>5</total>
				<timestamp>4635.624418</timestamp>
			</report>
			<report>
				<misses>88600001</misses>
				<total>4</total>
				<timestamp>4640.862292</timestamp>
			</report>
			<report>
				<misses>88700001</misses>
				<total>5</total>
				<timestamp>4646.101713</timestamp>
			</report>
			<report>
				<misses>88800001</misses>
				<total>4</total>
				<timestamp>4651.339547</timestamp>
			</report>
			<report>
				<misses>88900001</misses>
				<total>4</total>
				<timestamp>4656.577388</timestamp>
			</report>
			<report>
				<misses>89000001</misses>
				<total>4</total>
				<timestamp>4661.815282</timestamp>
			</report>
			<report>
				<misses>89100001</misses>
				<total>4</total>
				<timestamp>4667.053181</timestamp>
			</report>
			<report>
				<misses>89200001</misses>
				<total>5</total>
				<timestamp>4672.291001</timestamp>
			</report>
			<report>
				<misses>89300001</misses>
				<total>4</total>
				<timestamp>4677.528909</timestamp>
			</report>
			<report>
				<misses>89400001</misses>
				<total>4</total>
				<timestamp>4682.766830</timestamp>
			</report>
			<report>
				<misses>89500001</misses>
				<total>5</total>
				<timestamp>4688.004708</timestamp>
			</report>
			<report>
				<misses>89600001</misses>
				<total>4</total>
				<timestamp>4693.242531</timestamp>
			</report>
			<report>
				<misses>89700001</misses>
				<total>5</total>
				<timestamp>4698.480514</timestamp>
			</report>
			<report>
				<misses>89800001</misses>
				<total>4</total>
				<timestamp>4703.719805</timestamp>
			</report>
			<report>
				<misses>89900001</misses>
				<total>4</total>
				<timestamp>4708.957599</timestamp>
			</report>
			<report>
				<misses>90000001</misses>
				<total>4</total>
				<timestamp>4714.195489</timestamp>
			</report>
			<report>
				<misses>90100001</misses>
				<total>5</total>
				<timestamp>4719.433325</timestamp>
			</report>
			<report>
				<misses>90200001</misses>
				<total>4</total>
				<timestamp>4724.671134</timestamp>
			</report>
			<report>
				<misses>90300001</misses>
				<total>5</total>
				<timestamp>4729.908966</timestamp>
			</report>
			<report>
				<misses>90400001</misses>
				<total>4</total>
				<timestamp>4735.146841</timestamp>
			</report>
			<report>
				<misses>90500001</misses>
				<total>5</total>
				<timestamp>4740.384679</timestamp>
			</report>
			<report>
				<misses>90600001</misses>
				<total>4</total>
				<timestamp>4745.622610</timestamp>
			</report>
			<report>
				<misses>90700001</misses>
				<total>4</total>
				<timestamp>4750.860424</timestamp>
			</report>
			<report>
				<misses>90800001</misses>
				<total>4</total>
				<timestamp>4756.098396</timestamp>
			</report>
			<report>
				<misses>90900001</misses>
				<total>4</total>
				<timestamp>4761.336277</timestamp>
			</report>
			<report>
				<misses>91000001</misses>
				<total>4</total>
				<timestamp>4766.575720</timestamp>
			</report>
			<report>
				<misses>91100001</misses>
				<total>4</total>
				<timestamp>4771.813572</timestamp>
			</report>
			<report>
				<misses>91200001</misses>
				<total>5</total>
				<timestamp>4777.051509</timestamp>
			</report>
			<report>
				<misses>91300001</misses>
				<total>6</total>
				<timestamp>4782.289294</timestamp>
			</report>
			<report>
				<misses>91400001</misses>
				<total>4</total>
				<timestamp>4787.527142</timestamp>
			</report>
			<report>
				<misses>91500001</misses>
				<total>4</total>
				<timestamp>4792.764978</timestamp>
			</report>
			<report>
				<misses>91600001</misses>
				<total>5</total>
				<timestamp>4798.002823</timestamp>
			</report>
			<report>
				<misses>91700001</misses>
				<total>5</total>
				<timestamp>4803.240624</timestamp>
			</report>
			<report>
				<misses>91800001</misses>
				<total>5</total>
				<timestamp>4808.478496</timestamp>
			</report>
			<report>
				<misses>91900001</misses>
				<total>5</total>
				<timestamp>4813.716360</timestamp>
			</report>
			<report>
				<misses>92000001</misses>
				<total>5</total>
				<timestamp>4818.954154</timestamp>
			</report>
			<report>
				<misses>92100001</misses>
				<total>4</total>
				<timestamp>4824.193581</timestamp>
			</report>
			<report>
				<misses>92200001</misses>
				<total>5</total>
				<timestamp>4829.431397</timestamp>
			</report>
			<report>
				<misses>92300001</misses>
				<total>4</total>
				<timestamp>4834.669250</timestamp>
			</report>
			<report>
				<misses>92400001</misses>
				<total>4</total>
				<timestamp>4839.907166</timestamp>
			</report>
			<report>
				<misses>92500001</misses>
				<total>5</total>
				<timestamp>4845.144985</timestamp>
			</report>
			<report>
				<misses>92600001</misses>
				<total>5</total>
				<timestamp>4850.382849</timestamp>
			</report>
			<report>
				<misses>92700001</misses>
				<total>5</total>
				<timestamp>4855.620656</timestamp>
			</report>
			<report>
				<misses>92800001</misses>
				<total>4</total>
				<timestamp>4860.858516</timestamp>
			</report>
			<report>
				<misses>92900001</misses>
				<total>5</total>
				<timestamp>4866.096453</timestamp>
			</report>
			<report>
				<misses>93000001</misses>
				<total>4</total>
				<timestamp>4871.334387</timestamp>
			</report>
			<report>
				<misses>93100001</misses>
				<total>5</total>
				<timestamp>4876.572215</timestamp>
			</report>
			<report>
				<misses>93200001</misses>
				<total>4</total>
				<timestamp>4881.810090</timestamp>
			</report>
			<report>
				<misses>93300001</misses>
				<total>4</total>
				<timestamp>4887.049504</timestamp>
			</report>
			<report>
				<misses>93400001</misses>
				<total>5</total>
				<timestamp>4892.287335</timestamp>
			</report>
			<report>
				<misses>93500001</misses>
				<total>4</total>
				<timestamp>4897.525198</timestamp>
			</report>
			<report>
				<misses>93600001</misses>
				<total>4</total>
				<timestamp>4902.763002</timestamp>
			</report>
			<report>
				<misses>93700001</misses>
				<total>4</total>
				<timestamp>4908.000983</timestamp>
			</report>
			<report>
				<misses>93800001</misses>
				<total>5</total>
				<timestamp>4913.238829</timestamp>
			</report>
			<report>
				<misses>93900001</misses>
				<total>5</total>
				<timestamp>4918.476627</timestamp>
			</report>
			<report>
				<misses>94000001</misses>
				<total>5</total>
				<timestamp>4923.714483</timestamp>
			</report>
			<report>
				<misses>94100001</misses>
				<total>4</total>
				<timestamp>4928.952349</timestamp>
			</report>
			<report>
				<misses>94200001</misses>
				<total>4</total>
				<timestamp>4934.190174</timestamp>
			</report>
			<report>
				<misses>94300001</misses>
				<total>5</total>
				<timestamp>4939.427985</timestamp>
			</report>
			<report>
				<misses>94400001</misses>
				<total>5</total>
				<timestamp>4944.667282</timestamp>
			</report>
			<report>
				<misses>94500001</misses>
				<total>4</total>
				<timestamp>4949.905124</timestamp>
			</report>
			<report>
				<misses>94600001</misses>
				<total>6</total>
				<timestamp>4955.143010</timestamp>
			</report>
			<report>
				<misses>94700001</misses>
				<total>5</total>
				<timestamp>4960.380876</timestamp>
			</report>
			<report>
				<misses>94800001</misses>
				<total>4</total>
				<timestamp>4965.618800</timestamp>
			</report>
			<report>
				<misses>94900001</misses>
				<total>4</total>
				<timestamp>4970.856708</timestamp>
			</report>
			<report>
				<misses>95000001</misses>
				<total>4</total>
				<timestamp>4976.094541</timestamp>
			</report>
			<report>
				<misses>95100001</misses>
				<total>5</total>
				<timestamp>4981.332373</timestamp>
			</report>
			<report>
				<misses>95200001</misses>
				<total>4</total>
				<timestamp>4986.570240</timestamp>
			</report>
			<report>
				<misses>95300001</misses>
				<total>5</total>
				<timestamp>4991.808125</timestamp>
			</report>
			<report>
				<misses>95400001</misses>
				<total>4</total>
				<timestamp>4997.046118</timestamp>
			</report>
			<report>
				<misses>95500001</misses>
				<total>5</total>
				<timestamp>5002.283945</timestamp>
			</report>
			<report>
				<misses>95600001</misses>
				<total>5</total>
				<timestamp>5007.523318</timestamp>
			</report>
			<report>
				<misses>95700001</misses>
				<total>5</total>
				<timestamp>5012.761181</timestamp>
			</report>
			<report>
				<misses>95800001</misses>
				<total>4</total>
				<timestamp>5017.999013</timestamp>
			</report>
			<report>
				<misses>95900001</misses>
				<total>4</total>
				<timestamp>5023.236879</timestamp>
			</report>
			<report>
				<misses>96000001</misses>
				<total>4</total>
				<timestamp>5028.474705</timestamp>
			</report>
			<report>
				<misses>96100001</misses>
				<total>5</total>
				<timestamp>5033.712591</timestamp>
			</report>
			<report>
				<misses>96200001</misses>
				<total>4</total>
				<timestamp>5038.950458</timestamp>
			</report>
			<report>
				<misses>96300001</misses>
				<total>6</total>
				<timestamp>5044.188333</timestamp>
			</report>
			<report>
				<misses>96400001</misses>
				<total>4</total>
				<timestamp>5049.426163</timestamp>
			</report>
			<report>
				<misses>96500001</misses>
				<total>4</total>
				<timestamp>5054.664007</timestamp>
			</report>
			<report>
				<misses>96600001</misses>
				<total>4</total>
				<timestamp>5059.901821</timestamp>
			</report>
			<report>
				<misses>96700001</misses>
				<total>4</total>
				<timestamp>5065.141413</timestamp>
			</report>
			<report>
				<misses>96800001</misses>
				<total>5</total>
				<timestamp>5070.379236</timestamp>
			</report>
			<report>
				<misses>96900001</misses>
				<total>4</total>
				<timestamp>5075.617100</timestamp>
			</report>
			<report>
				<misses>97000001</misses>
				<total>4</total>
				<timestamp>5080.854909</timestamp>
			</report>
			<report>
				<misses>97100001</misses>
				<total>5</total>
				<timestamp>5086.092766</timestamp>
			</report>
			<report>
				<misses>97200001</misses>
				<total>4</total>
				<timestamp>5091.330586</timestamp>
			</report>
			<report>
				<misses>97300001</misses>
				<total>5</total>
				<timestamp>5096.568408</timestamp>
			</report>
			<report>
				<misses>97400001</misses>
				<total>4</total>
				<timestamp>5101.806272</timestamp>
			</report>
			<report>
				<misses>97500001</misses>
				<total>5</total>
				<timestamp>5107.044115</timestamp>
			</report>
			<report>
				<misses>97600001</misses>
				<total>5</total>
				<timestamp>5112.281981</timestamp>
			</report>
			<report>
				<misses>97700001</misses>
				<total>4</total>
				<timestamp>5117.519987</timestamp>
			</report>
			<report>
				<misses>97800001</misses>
				<total>4</total>
				<timestamp>5122.757944</timestamp>
			</report>
			<report>
				<misses>97900001</misses>
				<total>4</total>
				<timestamp>5127.997247</timestamp>
			</report>
			<report>
				<misses>98000001</misses>
				<total>5</total>
				<timestamp>5133.235170</timestamp>
			</report>
			<report>
				<misses>98100001</misses>
				<total>5</total>
				<timestamp>5138.473003</timestamp>
			</report>
			<report>
				<misses>98200001</misses>
				<total>4</total>
				<timestamp>5143.710868</timestamp>
			</report>
			<report>
				<misses>98300001</misses>
				<total>4</total>
				<timestamp>5148.948765</timestamp>
			</report>
			<report>
				<misses>98400001</misses>
				<total>5</total>
				<timestamp>5154.186625</timestamp>
			</report>
			<report>
				<misses>98500001</misses>
				<total>4</total>
				<timestamp>5159.424496</timestamp>
			</report>
			<report>
				<misses>98600001</misses>
				<total>5</total>
				<timestamp>5164.662422</timestamp>
			</report>
			<report>
				<misses>98700001</misses>
				<total>5</total>
				<timestamp>5169.900262</timestamp>
			</report>
			<report>
				<misses>98800001</misses>
				<total>4</total>
				<timestamp>5175.138131</timestamp>
			</report>
			<report>
				<misses>98900001</misses>
				<total>5</total>
				<timestamp>5180.375951</timestamp>
			</report>
			<report>
				<misses>99000001</misses>
				<total>4</total>
				<timestamp>5185.615379</timestamp>
			</report>
			<report>
				<misses>99100001</misses>
				<total>4</total>
				<timestamp>5190.853313</timestamp>
			</report>
			<report>
				<misses>99200001</misses>
				<total>4</total>
				<timestamp>5196.091126</timestamp>
			</report>
			<report>
				<misses>99300001</misses>
				<total>4</total>
				<timestamp>5201.328950</timestamp>
			</report>
			<report>
				<misses>99400001</misses>
				<total>5</total>
				<timestamp>5206.566853</timestamp>
			</report>
			<report>
				<misses>99500001</misses>
				<total>4</total>
				<timestamp>5211.804735</timestamp>
			</report>
			<report>
				<misses>99600001</misses>
				<total>5</total>
				<timestamp>5217.042584</timestamp>
			</report>
			<report>
				<misses>99700001</misses>
				<total>5</total>
				<timestamp>5222.280444</timestamp>
			</report>
			<report>
				<misses>99800001</misses>
				<total>4</total>
				<timestamp>5227.518380</timestamp>
			</report>
			<report>
				<misses>99900001</misses>
				<total>5</total>
				<timestamp>5232.756254</timestamp>
			</report>
			<report>
				<misses>100000001</misses>
				<total>4</total>
				<timestamp>5237.994200</timestamp>
			</report>
			<report>
				<misses>100100001</misses>
				<total>4</total>
				<timestamp>5243.233553</timestamp>
			</report>
			<report>
				<misses>100200001</misses>
				<total>4</total>
				<timestamp>5248.471455</timestamp>
			</report>
			<report>
				<misses>100300001</misses>
				<total>6</total>
				<timestamp>5253.709279</timestamp>
			</report>
			<report>
				<misses>100400001</misses>
				<total>4</total>
				<timestamp>5258.947127</timestamp>
			</report>
			<report>
				<misses>100500001</misses>
				<total>5</total>
				<timestamp>5264.185006</timestamp>
			</report>
			<report>
				<misses>100600001</misses>
				<total>5</total>
				<timestamp>5269.422867</timestamp>
			</report>
			<report>
				<misses>100700001</misses>
				<total>6</total>
				<timestamp>5274.660688</timestamp>
			</report>
			<report>
				<misses>100800001</misses>
				<total>5</total>
				<timestamp>5279.898543</timestamp>
			</report>
			<report>
				<misses>100900001</misses>
				<total>5</total>
				<timestamp>5285.136403</timestamp>
			</report>
			<report>
				<misses>101000001</misses>
				<total>6</total>
				<timestamp>5290.374209</timestamp>
			</report>
			<report>
				<misses>101100001</misses>
				<total>6</total>
				<timestamp>5295.612061</timestamp>
			</report>
			<report>
				<misses>101200001</misses>
				<total>5</total>
				<timestamp>5300.849944</timestamp>
			</report>
			<report>
				<misses>101300001</misses>
				<total>5</total>
				<timestamp>5306.089374</timestamp>
			</report>
			<report>
				<misses>101400001</misses>
				<total>5</total>
				<timestamp>5311.327267</timestamp>
			</report>
			<report>
				<misses>101500001</misses>
				<total>5</total>
				<timestamp>5316.565197</timestamp>
			</report>
			<report>
				<misses>101600001</misses>
				<total>6</total>
				<timestamp>5321.803036</timestamp>
			</report>
			<report>
				<misses>101700001</misses>
				<total>5</total>
				<timestamp>5327.040927</timestamp>
			</report>
			<report>
				<misses>101800001</misses>
				<total>5</total>
				<timestamp>5332.278808</timestamp>
			</report>
			<report>
				<misses>101900001</misses>
				<total>6</total>
				<timestamp>5337.516617</timestamp>
			</report>
			<report>
				<misses>102000001</misses>
				<total>5</total>
				<timestamp>5342.754484</timestamp>
			</report>
			<report>
				<misses>102100001</misses>
				<total>6</total>
				<timestamp>5347.992312</timestamp>
			</report>
			<report>
				<misses>102200001</misses>
				<total>5</total>
				<timestamp>5353.230184</timestamp>
			</report>
			<report>
				<misses>102300001</misses>
				<total>5</total>
				<timestamp>5358.468036</timestamp>
			</report>
			<report>
				<misses>102400001</misses>
				<total>6</total>
				<timestamp>5363.707480</timestamp>
			</report>
			<report>
				<misses>102500001</misses>
				<total>5</total>
				<timestamp>5368.945328</timestamp>
			</report>
			<report>
				<misses>102600001</misses>
				<total>6</total>
				<timestamp>5374.183249</timestamp>
			</report>
			<report>
				<misses>102700001</misses>
				<total>5</total>
				<timestamp>5379.421076</timestamp>
			</report>
			<report>
				<misses>102800001</misses>
				<total>5</total>
				<timestamp>5384.658974</timestamp>
			</report>
			<report>
				<misses>102900001</misses>
				<total>6</total>
				<timestamp>5389.896873</timestamp>
			</report>
			<report>
				<misses>103000001</misses>
				<total>6</total>
				<timestamp>5395.134820</timestamp>
			</report>
			<report>
				<misses>103100001</misses>
				<total>5</total>
				<timestamp>5400.372678</timestamp>
			</report>
			<report>
				<misses>103200001</misses>
				<total>6</total>
				<timestamp>5405.610591</timestamp>
			</report>
			<report>
				<misses>103300001</misses>
				<total>5</total>
				<timestamp>5410.848411</timestamp>
			</report>
			<report>
				<misses>103400001</misses>
				<total>6</total>
				<timestamp>5416.086350</timestamp>
			</report>
			<report>
				<misses>103500001</misses>
				<total>6</total>
				<timestamp>5421.324167</timestamp>
			</report>
			<report>
				<misses>103600001</misses>
				<total>6</total>
				<timestamp>5426.563540</timestamp>
			</report>
			<report>
				<misses>103700001</misses>
				<total>6</total>
				<timestamp>5431.801347</timestamp>
			</report>
			<report>
				<misses>103800001</misses>
				<total>5</total>
				<timestamp>5437.039190</timestamp>
			</report>
			<report>
				<misses>103900001</misses>
				<total>8</total>
				<timestamp>5442.277051</timestamp>
			</report>
			<report>
				<misses>104000001</misses>
				<total>5</total>
				<timestamp>5447.514910</timestamp>
			</report>
			<report>
				<misses>104100001</misses>
				<total>6</total>
				<timestamp>5452.752749</timestamp>
			</report>
			<report>
				<misses>104200001</misses>
				<total>5</total>
				<timestamp>5457.990595</timestamp>
			</report>
			<report>
				<misses>104300001</misses>
				<total>5</total>
				<timestamp>5463.228467</timestamp>
			</report>
			<report>
				<misses>104400001</misses>
				<total>6</total>
				<timestamp>5468.466481</timestamp>
			</report>
			<report>
				<misses>104500001</misses>
				<total>6</total>
				<timestamp>5473.704309</timestamp>
			</report>
			<report>
				<misses>104600001</misses>
				<total>6</total>
				<timestamp>5478.942129</timestamp>
			</report>
			<report>
				<misses>104700001</misses>
				<total>5</total>
				<timestamp>5484.181413</timestamp>
			</report>
			<report>
				<misses>104800001</misses>
				<total>5</total>
				<timestamp>5489.419217</timestamp>
			</report>
			<report>
				<misses>104900001</misses>
				<total>6</total>
				<timestamp>5494.657062</timestamp>
			</report>
			<report>
				<misses>105000001</misses>
				<total>5</total>
				<timestamp>5499.894874</timestamp>
			</report>
			<report>
				<misses>105100001</misses>
				<total>6</total>
				<timestamp>5505.132663</timestamp>
			</report>
			<report>
				<misses>105200001</misses>
				<total>6</total>
				<timestamp>5510.370456</timestamp>
			</report>
			<report>
				<misses>105300001</misses>
				<total>5</total>
				<timestamp>5515.608321</timestamp>
			</report>
			<report>
				<misses>105400001</misses>
				<total>6</total>
				<timestamp>5520.846156</timestamp>
			</report>
			<report>
				<misses>105500001</misses>
				<total>6</total>
				<timestamp>5526.084028</timestamp>
			</report>
			<report>
				<misses>105600001</misses>
				<total>6</total>
				<timestamp>5531.321867</timestamp>
			</report>
			<report>
				<misses>105700001</misses>
				<total>7</total>
				<timestamp>5536.559666</timestamp>
			</report>
			<report>
				<misses>105800001</misses>
				<total>5</total>
				<timestamp>5541.797510</timestamp>
			</report>
			<report>
				<misses>105900001</misses>
				<total>5</total>
				<timestamp>5547.036907</timestamp>
			</report>
			<report>
				<misses>106000001</misses>
				<total>5</total>
				<timestamp>5552.274766</timestamp>
			</report>
			<report>
				<misses>106100001</misses>
				<total>6</total>
				<timestamp>5557.512574</timestamp>
			</report>
			<report>
				<misses>106200001</misses>
				<total>5</total>
				<timestamp>5562.750399</timestamp>
			</report>
			<report>
				<misses>106300001</misses>
				<total>5</total>
				<timestamp>5567.988214</timestamp>
			</report>
			<report>
				<misses>106400001</misses>
				<total>5</total>
				<timestamp>5573.226024</timestamp>
			</report>
			<report>
				<misses>106500001</misses>
				<total>6</total>
				<timestamp>5578.463912</timestamp>
			</report>
			<report>
				<misses>106600001</misses>
				<total>5</total>
				<timestamp>5583.701734</timestamp>
			</report>
			<report>
				<misses>106700001</misses>
				<total>6</total>
				<timestamp>5588.939560</timestamp>
			</report>
			<report>
				<misses>106800001</misses>
				<total>5</total>
				<timestamp>5594.177425</timestamp>
			</report>
			<report>
				<misses>106900001</misses>
				<total>6</total>
				<timestamp>5599.415300</timestamp>
			</report>
			<report>
				<misses>107000001</misses>
				<total>5</total>
				<timestamp>5604.654706</timestamp>
			</report>
			<report>
				<misses>107100001</misses>
				<total>5</total>
				<timestamp>5609.892559</timestamp>
			</report>
			<report>
				<misses>107200001</misses>
				<total>5</total>
				<timestamp>5615.130459</timestamp>
			</report>
			<report>
				<misses>107300001</misses>
				<total>5</total>
				<timestamp>5620.368286</timestamp>
			</report>
			<report>
				<misses>107400001</misses>
				<total>5</total>
				<timestamp>5625.606135</timestamp>
			</report>
			<report>
				<misses>107500001</misses>
				<total>5</total>
				<timestamp>5630.844007</timestamp>
			</report>
			<report>
				<misses>107600001</misses>
				<total>6</total>
				<timestamp>5636.081866</timestamp>
			</report>
			<report>
				<misses>107700001</misses>
				<total>5</total>
				<timestamp>5641.319760</timestamp>
			</report>
			<report>
				<misses>107800001</misses>
				<total>6</total>
				<timestamp>5646.557616</timestamp>
			</report>
			<report>
				<misses>107900001</misses>
				<total>5</total>
				<timestamp>5651.795501</timestamp>
			</report>
			<report>
				<misses>108000001</misses>
				<total>6</total>
				<timestamp>5657.033328</timestamp>
			</report>
			<report>
				<misses>108100001</misses>
				<total>5</total>
				<timestamp>5662.271141</timestamp>
			</report>
			<report>
				<misses>108200001</misses>
				<total>6</total>
				<timestamp>5667.510527</timestamp>
			</report>
			<report>
				<misses>108300001</misses>
				<total>5</total>
				<timestamp>5672.748445</timestamp>
			</report>
			<report>
				<misses>108400001</misses>
				<total>5</total>
				<timestamp>5677.986339</timestamp>
			</report>
			<report>
				<misses>108500001</misses>
				<total>5</total>
				<timestamp>5683.224295</timestamp>
			</report>
			<report>
				<misses>108600001</misses>
				<total>5</total>
				<timestamp>5688.462139</timestamp>
			</report>
			<report>
				<misses>108700001</misses>
				<total>6</total>
				<timestamp>5693.700052</timestamp>
			</report>
			<report>
				<misses>108800001</misses>
				<total>6</total>
				<timestamp>5698.937916</timestamp>
			</report>
			<report>
				<misses>108900001</misses>
				<total>6</total>
				<timestamp>5704.175783</timestamp>
			</report>
			<report>
				<misses>109000001</misses>
				<total>5</total>
				<timestamp>5709.413648</timestamp>
			</report>
			<report>
				<misses>109100001</misses>
				<total>6</total>
				<timestamp>5714.651442</timestamp>
			</report>
			<report>
				<misses>109200001</misses>
				<total>6</total>
				<timestamp>5719.889291</timestamp>
			</report>
			<report>
				<misses>109300001</misses>
				<total>7</total>
				<timestamp>5725.128717</timestamp>
			</report>
			<report>
				<misses>109400001</misses>
				<total>6</total>
				<timestamp>5730.366514</timestamp>
			</report>
			<report>
				<misses>109500001</misses>
				<total>6</total>
				<timestamp>5735.604399</timestamp>
			</report>
			<report>
				<misses>109600001</misses>
				<total>7</total>
				<timestamp>5740.842199</timestamp>
			</report>
			<report>
				<misses>109700001</misses>
				<total>6</total>
				<timestamp>5746.080107</timestamp>
			</report>
			<report>
				<misses>109800001</misses>
				<total>6</total>
				<timestamp>5751.317949</timestamp>
			</report>
			<report>
				<misses>109900001</misses>
				<total>7</total>
				<timestamp>5756.555754</timestamp>
			</report>
			<report>
				<misses>110000001</misses>
				<total>7</total>
				<timestamp>5761.793579</timestamp>
			</report>
			<report>
				<misses>110100001</misses>
				<total>7</total>
				<timestamp>5767.031363</timestamp>
			</report>
			<report>
				<misses>110200001</misses>
				<total>6</total>
				<timestamp>5772.269243</timestamp>
			</report>
			<report>
				<misses>110300001</misses>
				<total>8</total>
				<timestamp>5777.507080</timestamp>
			</report>
			<report>
				<misses>110400001</misses>
				<total>6</total>
				<timestamp>5782.744878</timestamp>
			</report>
			<report>
				<misses>110500001</misses>
				<total>6</total>
				<timestamp>5787.984198</timestamp>
			</report>
			<report>
				<misses>110600001</misses>
				<total>6</total>
				<timestamp>5793.222061</timestamp>
			</report>
			<report>
				<misses>110700001</misses>
				<total>7</total>
				<timestamp>5798.459900</timestamp>
			</report>
			<report>
				<misses>110800001</misses>
				<total>6</total>
				<timestamp>5803.697801</timestamp>
			</report>
			<report>
				<misses>110900001</misses>
				<total>7</total>
				<timestamp>5808.935666</timestamp>
			</report>
			<report>
				<misses>111000001</misses>
				<total>6</total>
				<timestamp>5814.173583</timestamp>
			</report>
			<report>
				<misses>111100001</misses>
				<total>7</total>
				<timestamp>5819.411423</timestamp>
			</report>
			<report>
				<misses>111200001</misses>
				<total>6</total>
				<timestamp>5824.649310</timestamp>
			</report>
			<report>
				<misses>111300001</misses>
				<total>7</total>
				<timestamp>5829.887182</timestamp>
			</report>
			<report>
				<misses>111400001</misses>
				<total>6</total>
				<timestamp>5835.125025</timestamp>
			</report>
			<report>
				<misses>111500001</misses>
				<total>7</total>
				<timestamp>5840.362851</timestamp>
			</report>
			<report>
				<misses>111600001</misses>
				<total>6</total>
				<timestamp>5845.602204</timestamp>
			</report>
			<report>
				<misses>111700001</misses>
				<total>6</total>
				<timestamp>5850.840113</timestamp>
			</report>
			<report>
				<misses>111800001</misses>
				<total>7</total>
				<timestamp>5856.077911</timestamp>
			</report>
			<report>
				<misses>111900001</misses>
				<total>6</total>
				<timestamp>5861.315773</timestamp>
			</report>
			<report>
				<misses>112000001</misses>
				<total>6</total>
				<timestamp>5866.553659</timestamp>
			</report>
			<report>
				<misses>112100001</misses>
				<total>6</total>
				<timestamp>5871.791552</timestamp>
			</report>
			<report>
				<misses>112200001</misses>
				<total>6</total>
				<timestamp>5877.029497</timestamp>
			</report>
			<report>
				<misses>112300001</misses>
				<total>7</total>
				<timestamp>5882.267320</timestamp>
			</report>
			<report>
				<misses>112400001</misses>
				<total>6</total>
				<timestamp>5887.505172</timestamp>
			</report>
			<report>
				<misses>112500001</misses>
				<total>7</total>
				<timestamp>5892.743015</timestamp>
			</report>
			<report>
				<misses>112600001</misses>
				<total>7</total>
				<timestamp>5897.980987</timestamp>
			</report>
			<report>
				<misses>112700001</misses>
				<total>6</total>
				<timestamp>5903.220394</timestamp>
			</report>
			<report>
				<misses>112800001</misses>
				<total>6</total>
				<timestamp>5908.458323</timestamp>
			</report>
			<report>
				<misses>112900001</misses>
				<total>6</total>
				<timestamp>5913.696265</timestamp>
			</report>
			<report>
				<misses>113000001</misses>
				<total>6</total>
				<timestamp>5918.934145</timestamp>
			</report>
			<report>
				<misses>113100001</misses>
				<total>7</total>
				<timestamp>5924.171979</timestamp>
			</report>
			<report>
				<misses>113200001</misses>
				<total>7</total>
				<timestamp>5929.409838</timestamp>
			</report>
			<report>
				<misses>113300001</misses>
				<total>7</total>
				<timestamp>5934.647642</timestamp>
			</report>
			<report>
				<misses>113400001</misses>
				<total>8</total>
				<timestamp>5939.885451</timestamp>
			</report>
			<report>
				<misses>113500001</misses>
				<total>7</total>
				<timestamp>5945.123321</timestamp>
			</report>
			<report>
				<misses>113600001</misses>
				<total>6</total>
				<timestamp>5950.361176</timestamp>
			</report>
			<report>
				<misses>113700001</misses>
				<total>7</total>
				<timestamp>5955.599030</timestamp>
			</report>
			<report>
				<misses>113800001</misses>
				<total>6</total>
				<timestamp>5960.836946</timestamp>
			</report>
			<report>
				<misses>113900001</misses>
				<total>7</total>
				<timestamp>5966.076307</timestamp>
			</report>
			<report>
				<misses>114000001</misses>
				<total>6</total>
				<timestamp>5971.314121</timestamp>
			</report>
			<report>
				<misses>114100001</misses>
				<total>7</total>
				<timestamp>5976.552015</timestamp>
			</report>
			<report>
				<misses>114200001</misses>
				<total>6</total>
				<timestamp>5981.789923</timestamp>
			</report>
			<report>
				<misses>114300001</misses>
				<total>7</total>
				<timestamp>5987.027749</timestamp>
			</report>
			<report>
				<misses>114400001</misses>
				<total>6</total>
				<timestamp>5992.265691</timestamp>
			</report>
			<report>
				<misses>114500001</misses>
				<total>6</total>
				<timestamp>5997.503590</timestamp>
			</report>
			<report>
				<misses>114600001</misses>
				<total>6</total>
				<timestamp>6002.741438</timestamp>
			</report>
			<report>
				<misses>114700001</misses>
				<total>7</total>
				<timestamp>6007.979280</timestamp>
			</report>
			<report>
				<misses>114800001</misses>
				<total>6</total>
				<timestamp>6013.217143</timestamp>
			</report>
			<report>
				<misses>114900001</misses>
				<total>8</total>
				<timestamp>6018.454972</timestamp>
			</report>
			<report>
				<misses>115000001</misses>
				<total>7</total>
				<timestamp>6023.694364</timestamp>
			</report>
			<report>
				<misses>115100001</misses>
				<total>7</total>
				<timestamp>6028.932285</timestamp>
			</report>
			<report>
				<misses>115200001</misses>
				<total>7</total>
				<timestamp>6034.170119</timestamp>
			</report>
			<report>
				<misses>115300001</misses>
				<total>7</total>
				<timestamp>6039.408024</timestamp>
			</report>
			<report>
				<misses>115400001</misses>
				<total>7</total>
				<timestamp>6044.645846</timestamp>
			</report>
			<report>
				<misses>115500001</misses>
				<total>8</total>
				<timestamp>6049.883691</timestamp>
			</report>
			<report>
				<misses>115600001</misses>
				<total>8</total>
				<timestamp>6055.121491</timestamp>
			</report>
			<report>
				<misses>115700001</misses>
				<total>7</total>
				<timestamp>6060.359349</timestamp>
			</report>
			<report>
				<misses>115800001</misses>
				<total>7</total>
				<timestamp>6065.597218</timestamp>
			</report>
			<report>
				<misses>115900001</misses>
				<total>8</total>
				<timestamp>6070.835001</timestamp>
			</report>
			<report>
				<misses>116000001</misses>
				<total>7</total>
				<timestamp>6076.072797</timestamp>
			</report>
			<report>
				<misses>116100001</misses>
				<total>7</total>
				<timestamp>6081.310633</timestamp>
			</report>
			<report>
				<misses>116200001</misses>
				<total>7</total>
				<timestamp>6086.549998</timestamp>
			</report>
			<report>
				<misses>116300001</misses>
				<total>7</total>
				<timestamp>6091.787869</timestamp>
			</report>
			<report>
				<misses>116400001</misses>
				<total>7</total>
				<timestamp>6097.025727</timestamp>
			</report>
			<report>
				<misses>116500001</misses>
				<total>8</total>
				<timestamp>6102.263587</timestamp>
			</report>
			<report>
				<misses>116600001</misses>
				<total>7</total>
				<timestamp>6107.501429</timestamp>
			</report>
			<report>
				<misses>116700001</misses>
				<total>8</total>
				<timestamp>6112.739248</timestamp>
			</report>
			<report>
				<misses>116800001</misses>
				<total>8</total>
				<timestamp>6117.977028</timestamp>
			</report>
			<report>
				<misses>116900001</misses>
				<total>7</total>
				<timestamp>6123.214939</timestamp>
			</report>
			<report>
				<misses>117000001</misses>
				<total>7</total>
				<timestamp>6128.452814</timestamp>
			</report>
			<report>
				<misses>117100001</misses>
				<total>8</total>
				<timestamp>6133.690641</timestamp>
			</report>
			<report>
				<misses>117200001</misses>
				<total>8</total>
				<timestamp>6138.928517</timestamp>
			</report>
			<report>
				<misses>117300001</misses>
				<total>7</total>
				<timestamp>6144.167787</timestamp>
			</report>
			<report>
				<misses>117400001</misses>
				<total>7</total>
				<timestamp>6149.405688</timestamp>
			</report>
			<report>
				<misses>117500001</misses>
				<total>7</total>
				<timestamp>6154.643585</timestamp>
			</report>
			<report>
				<misses>117600001</misses>
				<total>7</total>
				<timestamp>6159.881410</timestamp>
			</report>
			<report>
				<misses>117700001</misses>
				<total>8</total>
				<timestamp>6165.119249</timestamp>
			</report>
			<report>
				<misses>117800001</misses>
				<total>7</total>
				<timestamp>6170.357076</timestamp>
			</report>
			<report>
				<misses>117900001</misses>
				<total>7</total>
				<timestamp>6175.595002</timestamp>
			</report>
			<report>
				<misses>118000001</misses>
				<total>8</total>
				<timestamp>6180.832845</timestamp>
			</report>
			<report>
				<misses>118100001</misses>
				<total>7</total>
				<timestamp>6186.070699</timestamp>
			</report>
			<report>
				<misses>118200001</misses>
				<total>7</total>
				<timestamp>6191.308531</timestamp>
			</report>
			<report>
				<misses>118300001</misses>
				<total>7</total>
				<timestamp>6196.546499</timestamp>
			</report>
			<report>
				<misses>118400001</misses>
				<total>7</total>
				<timestamp>6201.784343</timestamp>
			</report>
			<report>
				<misses>118500001</misses>
				<total>8</total>
				<timestamp>6207.023797</timestamp>
			</report>
			<report>
				<misses>118600001</misses>
				<total>7</total>
				<timestamp>6212.261729</timestamp>
			</report>
			<report>
				<misses>118700001</misses>
				<total>9</total>
				<timestamp>6217.499546</timestamp>
			</report>
			<report>
				<misses>118800001</misses>
				<total>7</total>
				<timestamp>6222.737426</timestamp>
			</report>
			<report>
				<misses>118900001</misses>
				<total>8</total>
				<timestamp>6227.975340</timestamp>
			</report>
			<report>
				<misses>119000001</misses>
				<total>7</total>
				<timestamp>6233.213192</timestamp>
			</report>
			<report>
				<misses>119100001</misses>
				<total>8</total>
				<timestamp>6238.451045</timestamp>
			</report>
			<report>
				<misses>119200001</misses>
				<total>8</total>
				<timestamp>6243.688923</timestamp>
			</report>
			<report>
				<misses>119300001</misses>
				<total>8</total>
				<timestamp>6248.926766</timestamp>
			</report>
			<report>
				<misses>119400001</misses>
				<total>7</total>
				<timestamp>6254.164558</timestamp>
			</report>
			<report>
				<misses>119500001</misses>
				<total>7</total>
				<timestamp>6259.402396</timestamp>
			</report>
			<report>
				<misses>119600001</misses>
				<total>8</total>
				<timestamp>6264.641818</timestamp>
			</report>
			<report>
				<misses>119700001</misses>
				<total>8</total>
				<timestamp>6269.879663</timestamp>
			</report>
			<report>
				<misses>119800001</misses>
				<total>8</total>
				<timestamp>6275.117564</timestamp>
			</report>
			<report>
				<misses>119900001</misses>
				<total>7</total>
				<timestamp>6280.355462</timestamp>
			</report>
			<report>
				<misses>120000001</misses>
				<total>7</total>
				<timestamp>6285.593405</timestamp>
			</report>
			<report>
				<misses>120100001</misses>
				<total>7</total>
				<timestamp>6290.831301</timestamp>
			</report>
			<report>
				<misses>120200001</misses>
				<total>7</total>
				<timestamp>6296.069247</timestamp>
			</report>
			<report>
				<misses>120300001</misses>
				<total>7</total>
				<timestamp>6301.307190</timestamp>
			</report>
			<report>
				<misses>120400001</misses>
				<total>8</total>
				<timestamp>6306.545183</timestamp>
			</report>
			<report>
				<misses>120500001</misses>
				<total>8</total>
				<timestamp>6311.783032</timestamp>
			</report>
			<report>
				<misses>120600001</misses>
				<total>7</total>
				<timestamp>6317.020853</timestamp>
			</report>
			<report>
				<misses>120700001</misses>
				<total>7</total>
				<timestamp>6322.258696</timestamp>
			</report>
			<report>
				<misses>120800001</misses>
				<total>8</total>
				<timestamp>6327.498227</timestamp>
			</report>
			<report>
				<misses>120900001</misses>
				<total>7</total>
				<timestamp>6332.736047</timestamp>
			</report>
			<report>
				<misses>121000001</misses>
				<total>7</total>
				<timestamp>6337.973934</timestamp>
			</report>
			<report>
				<misses>121100001</misses>
				<total>8</total>
				<timestamp>6343.211760</timestamp>
			</report>
			<report>
				<misses>121200001</misses>
				<total>8</total>
				<timestamp>6348.449614</timestamp>
			</report>
			<report>
				<misses>121300001</misses>
				<total>8</total>
				<timestamp>6353.687463</timestamp>
			</report>
			<report>
				<misses>121400001</misses>
				<total>7</total>
				<timestamp>6358.925458</timestamp>
			</report>
			<report>
				<misses>121500001</misses>
				<total>7</total>
				<timestamp>6364.163310</timestamp>
			</report>
			<report>
				<misses>121600001</misses>
				<total>7</total>
				<timestamp>6369.401174</timestamp>
			</report>
			<report>
				<misses>121700001</misses>
				<total>7</total>
				<timestamp>6374.639068</timestamp>
			</report>
			<report>
				<misses>121800001</misses>
				<total>7</total>
				<timestamp>6379.876976</timestamp>
			</report>
			<report>
				<misses>121900001</misses>
				<total>8</total>
				<timestamp>6385.116341</timestamp>
			</report>
			<report>
				<misses>122000001</misses>
				<total>8</total>
				<timestamp>6390.354167</timestamp>
			</report>
			<report>
				<misses>122100001</misses>
				<total>8</total>
				<timestamp>6395.592062</timestamp>
			</report>
			<report>
				<misses>122200001</misses>
				<total>8</total>
				<timestamp>6400.829869</timestamp>
			</report>
			<report>
				<misses>122300001</misses>
				<total>7</total>
				<timestamp>6406.067723</timestamp>
			</report>
			<report>
				<misses>122400001</misses>
				<total>7</total>
				<timestamp>6411.305601</timestamp>
			</report>
			<report>
				<misses>122500001</misses>
				<total>7</total>
				<timestamp>6416.543458</timestamp>
			</report>
			<report>
				<misses>122600001</misses>
				<total>7</total>
				<timestamp>6421.781274</timestamp>
			</report>
			<report>
				<misses>122700001</misses>
				<total>7</total>
				<timestamp>6427.019083</timestamp>
			</report>
			<report>
				<misses>122800001</misses>
				<total>7</total>
				<timestamp>6432.256946</timestamp>
			</report>
			<report>
				<misses>122900001</misses>
				<total>8</total>
				<timestamp>6437.494797</timestamp>
			</report>
			<report>
				<misses>123000001</misses>
				<total>7</total>
				<timestamp>6442.732669</timestamp>
			</report>
			<report>
				<misses>123100001</misses>
				<total>8</total>
				<timestamp>6447.972115</timestamp>
			</report>
			<report>
				<misses>123200001</misses>
				<total>8</total>
				<timestamp>6453.209958</timestamp>
			</report>
			<report>
				<misses>123300001</misses>
				<total>8</total>
				<timestamp>6458.447839</timestamp>
			</report>
			<report>
				<misses>123400001</misses>
				<total>7</total>
				<timestamp>6463.685820</timestamp>
			</report>
			<report>
				<misses>123500001</misses>
				<total>7</total>
				<timestamp>6468.923730</timestamp>
			</report>
			<report>
				<misses>123600001</misses>
				<total>7</total>
				<timestamp>6474.161629</timestamp>
			</report>
			<report>
				<misses>123700001</misses>
				<total>8</total>
				<timestamp>6479.399472</timestamp>
			</report>
			<report>
				<misses>123800001</misses>
				<total>7</total>
				<timestamp>6484.637297</timestamp>
			</report>
			<report>
				<misses>123900001</misses>
				<total>7</total>
				<timestamp>6489.875219</timestamp>
			</report>
			<report>
				<misses>124000001</misses>
				<total>8</total>
				<timestamp>6495.113040</timestamp>
			</report>
			<report>
				<misses>124100001</misses>
				<total>8</total>
				<timestamp>6500.350850</timestamp>
			</report>
			<report>
				<misses>124200001</misses>
				<total>7</total>
				<timestamp>6505.590219</timestamp>
			</report>
			<report>
				<misses>124300001</misses>
				<total>7</total>
				<timestamp>6510.828039</timestamp>
			</report>
			<report>
				<misses>124400001</misses>
				<total>8</total>
				<timestamp>6516.065826</timestamp>
			</report>
			<report>
				<misses>124500001</misses>
				<total>7</total>
				<timestamp>6521.303730</timestamp>
			</report>
			<report>
				<misses>124600001</misses>
				<total>7</total>
				<timestamp>6526.541645</timestamp>
			</report>
			<report>
				<misses>124700001</misses>
				<total>8</total>
				<timestamp>6531.779485</timestamp>
			</report>
			<report>
				<misses>124800001</misses>
				<total>8</total>
				<timestamp>6537.017350</timestamp>
			</report>
			<report>
				<misses>124900001</misses>
				<total>8</total>
				<timestamp>6542.255193</timestamp>
			</report>
			<report>
				<misses>125000001</misses>
				<total>7</total>
				<timestamp>6547.493127</timestamp>
			</report>
			<report>
				<misses>125100001</misses>
				<total>7</total>
				<timestamp>6552.730945</timestamp>
			</report>
			<report>
				<misses>125200001</misses>
				<total>7</total>
				<timestamp>6557.968760</timestamp>
			</report>
			<report>
				<misses>125300001</misses>
				<total>7</total>
				<timestamp>6563.208123</timestamp>
			</report>
			<report>
				<misses>125400001</misses>
				<total>8</total>
				<timestamp>6568.445987</timestamp>
			</report>
			<report>
				<misses>125500001</misses>
				<total>8</total>
				<timestamp>6573.683836</timestamp>
			</report>
			<report>
				<misses>125600001</misses>
				<total>7</total>
				<timestamp>6578.921658</timestamp>
			</report>
			<report>
				<misses>125700001</misses>
				<total>8</total>
				<timestamp>6584.159481</timestamp>
			</report>
			<report>
				<misses>125800001</misses>
				<total>8</total>
				<timestamp>6589.397384</timestamp>
			</report>
			<report>
				<misses>125900001</misses>
				<total>7</total>
				<timestamp>6594.635329</timestamp>
			</report>
			<report>
				<misses>126000001</misses>
				<total>8</total>
				<timestamp>6599.873159</timestamp>
			</report>
			<report>
				<misses>126100001</misses>
				<total>7</total>
				<timestamp>6605.110971</timestamp>
			</report>
			<report>
				<misses>126200001</misses>
				<total>7</total>
				<timestamp>6610.348855</timestamp>
			</report>
			<report>
				<misses>126300001</misses>
				<total>7</total>
				<timestamp>6615.586753</timestamp>
			</report>
			<report>
				<misses>126400001</misses>
				<total>8</total>
				<timestamp>6620.824541</timestamp>
			</report>
			<report>
				<misses>126500001</misses>
				<total>7</total>
				<timestamp>6626.063922</timestamp>
			</report>
			<report>
				<misses>126600001</misses>
				<total>9</total>
				<timestamp>6631.301741</timestamp>
			</report>
			<report>
				<misses>126700001</misses>
				<total>7</total>
				<timestamp>6636.539632</timestamp>
			</report>
			<report>
				<misses>126800001</misses>
				<total>8</total>
				<timestamp>6641.777474</timestamp>
			</report>
			<report>
				<misses>126900001</misses>
				<total>8</total>
				<timestamp>6647.015327</timestamp>
			</report>
			<report>
				<misses>127000001</misses>
				<total>7</total>
				<timestamp>6652.253184</timestamp>
			</report>
			<report>
				<misses>127100001</misses>
				<total>7</total>
				<timestamp>6657.491045</timestamp>
			</report>
			<report>
				<misses>127200001</misses>
				<total>7</total>
				<timestamp>6662.728899</timestamp>
			</report>
			<report>
				<misses>127300001</misses>
				<total>8</total>
				<timestamp>6667.966720</timestamp>
			</report>
			<report>
				<misses>127400001</misses>
				<total>10</total>
				<timestamp>6673.204556</timestamp>
			</report>
			<report>
				<misses>127500001</misses>
				<total>8</total>
				<timestamp>6678.442468</timestamp>
			</report>
			<report>
				<misses>127600001</misses>
				<total>7</total>
				<timestamp>6683.681850</timestamp>
			</report>
			<report>
				<misses>127700001</misses>
				<total>8</total>
				<timestamp>6688.919693</timestamp>
			</report>
			<report>
				<misses>127800001</misses>
				<total>7</total>
				<timestamp>6694.157578</timestamp>
			</report>
			<report>
				<misses>127900001</misses>
				<total>8</total>
				<timestamp>6699.395492</timestamp>
			</report>
			<report>
				<misses>128000001</misses>
				<total>9</total>
				<timestamp>6704.633355</timestamp>
			</report>
			<report>
				<misses>128100001</misses>
				<total>7</total>
				<timestamp>6709.871248</timestamp>
			</report>
			<report>
				<misses>128200001</misses>
				<total>7</total>
				<timestamp>6715.109097</timestamp>
			</report>
			<report>
				<misses>128300001</misses>
				<total>8</total>
				<timestamp>6720.346959</timestamp>
			</report>
			<report>
				<misses>128400001</misses>
				<total>7</total>
				<timestamp>6725.584865</timestamp>
			</report>
			<report>
				<misses>128500001</misses>
				<total>7</total>
				<timestamp>6730.822741</timestamp>
			</report>
			<report>
				<misses>128600001</misses>
				<total>7</total>
				<timestamp>6736.060581</timestamp>
			</report>
			<report>
				<misses>128700001</misses>
				<total>8</total>
				<timestamp>6741.298414</timestamp>
			</report>
			<report>
				<misses>128800001</misses>
				<total>7</total>
				<timestamp>6746.537738</timestamp>
			</report>
			<report>
				<misses>128900001</misses>
				<total>8</total>
				<timestamp>6751.775547</timestamp>
			</report>
			<report>
				<misses>129000001</misses>
				<total>8</total>
				<timestamp>6757.013377</timestamp>
			</report>
			<report>
				<misses>129100001</misses>
				<total>7</total>
				<timestamp>6762.251269</timestamp>
			</report>
			<report>
				<misses>129200001</misses>
				<total>7</total>
				<timestamp>6767.489156</timestamp>
			</report>
			<report>
				<misses>129300001</misses>
				<total>8</total>
				<timestamp>6772.727056</timestamp>
			</report>
			<report>
				<misses>129400001</misses>
				<total>7</total>
				<timestamp>6777.964922</timestamp>
			</report>
			<report>
				<misses>129500001</misses>
				<total>8</total>
				<timestamp>6783.202872</timestamp>
			</report>
			<report>
				<misses>129600001</misses>
				<total>7</total>
				<timestamp>6788.440727</timestamp>
			</report>
			<report>
				<misses>129700001</misses>
				<total>7</total>
				<timestamp>6793.678647</timestamp>
			</report>
			<report>
				<misses>129800001</misses>
				<total>7</total>
				<timestamp>6798.916558</timestamp>
			</report>
			<report>
				<misses>129900001</misses>
				<total>8</total>
				<timestamp>6804.155871</timestamp>
			</report>
			<report>
				<misses>130000001</misses>
				<total>7</total>
				<timestamp>6809.393752</timestamp>
			</report>
			<report>
				<misses>130100001</misses>
				<total>7</total>
				<timestamp>6814.631613</timestamp>
			</report>
			<report>
				<misses>130200001</misses>
				<total>8</total>
				<timestamp>6819.869464</timestamp>
			</report>
			<report>
				<misses>130300001</misses>
				<total>7</total>
				<timestamp>6825.107363</timestamp>
			</report>
			<report>
				<misses>130400001</misses>
				<total>8</total>
				<timestamp>6830.345192</timestamp>
			</report>
			<report>
				<misses>130500001</misses>
				<total>7</total>
				<timestamp>6835.583008</timestamp>
			</report>
			<report>
				<misses>130600001</misses>
				<total>8</total>
				<timestamp>6840.820859</timestamp>
			</report>
			<report>
				<misses>130700001</misses>
				<total>7</total>
				<timestamp>6846.058696</timestamp>
			</report>
			<report>
				<misses>130800001</misses>
				<total>8</total>
				<timestamp>6851.296523</timestamp>
			</report>
			<report>
				<misses>130900001</misses>
				<total>8</total>
				<timestamp>6856.534320</timestamp>
			</report>
			<report>
				<misses>131000001</misses>
				<total>7</total>
				<timestamp>6861.772162</timestamp>
			</report>
			<report>
				<misses>131100001</misses>
				<total>8</total>
				<timestamp>6867.011464</timestamp>
			</report>
			<report>
				<misses>131200001</misses>
				<total>7</total>
				<timestamp>6872.249306</timestamp>
			</report>
			<report>
				<misses>131300001</misses>
				<total>7</total>
				<timestamp>6877.487111</timestamp>
			</report>
			<report>
				<misses>131400001</misses>
				<total>7</total>
				<timestamp>6882.724985</timestamp>
			</report>
			<report>
				<misses>131500001</misses>
				<total>8</total>
				<timestamp>6887.962789</timestamp>
			</report>
			<report>
				<misses>131600001</misses>
				<total>8</total>
				<timestamp>6893.200623</timestamp>
			</report>
			<report>
				<misses>131700001</misses>
				<total>8</total>
				<timestamp>6898.438469</timestamp>
			</report>
			<report>
				<misses>131800001</misses>
				<total>7</total>
				<timestamp>6903.676495</timestamp>
			</report>
			<report>
				<misses>131900001</misses>
				<total>7</total>
				<timestamp>6908.914416</timestamp>
			</report>
			<report>
				<misses>132000001</misses>
				<total>7</total>
				<timestamp>6914.152286</timestamp>
			</report>
			<report>
				<misses>132100001</misses>
				<total>7</total>
				<timestamp>6919.390229</timestamp>
			</report>
			<report>
				<misses>132200001</misses>
				<total>7</total>
				<timestamp>6924.629713</timestamp>
			</report>
			<report>
				<misses>132300001</misses>
				<total>8</total>
				<timestamp>6929.867550</timestamp>
			</report>
			<report>
				<misses>132400001</misses>
				<total>7</total>
				<timestamp>6935.105450</timestamp>
			</report>
			<report>
				<misses>132500001</misses>
				<total>10</total>
				<timestamp>6940.343284</timestamp>
			</report>
			<report>
				<misses>132600001</misses>
				<total>7</total>
				<timestamp>6945.581127</timestamp>
			</report>
			<report>
				<misses>132700001</misses>
				<total>7</total>
				<timestamp>6950.818954</timestamp>
			</report>
			<report>
				<misses>132800001</misses>
				<total>7</total>
				<timestamp>6956.056816</timestamp>
			</report>
			<report>
				<misses>132900001</misses>
				<total>7</total>
				<timestamp>6961.294719</timestamp>
			</report>
			<report>
				<misses>133000001</misses>
				<total>7</total>
				<timestamp>6966.532589</timestamp>
			</report>
			<report>
				<misses>133100001</misses>
				<total>8</total>
				<timestamp>6971.770417</timestamp>
			</report>
			<report>
				<misses>133200001</misses>
				<total>7</total>
				<timestamp>6977.008306</timestamp>
			</report>
			<report>
				<misses>133300001</misses>
				<total>8</total>
				<timestamp>6982.246140</timestamp>
			</report>
			<report>
				<misses>133400001</misses>
				<total>8</total>
				<timestamp>6987.485603</timestamp>
			</report>
			<report>
				<misses>133500001</misses>
				<total>7</total>
				<timestamp>6992.723464</timestamp>
			</report>
			<report>
				<misses>133600001</misses>
				<total>8</total>
				<timestamp>6997.961292</timestamp>
			</report>
			<report>
				<misses>133700001</misses>
				<total>8</total>
				<timestamp>7003.199157</timestamp>
			</report>
			<report>
				<misses>133800001</misses>
				<total>7</total>
				<timestamp>7008.437013</timestamp>
			</report>
			<report>
				<misses>133900001</misses>
				<total>8</total>
				<timestamp>7013.674904</timestamp>
			</report>
			<report>
				<misses>134000001</misses>
				<total>7</total>
				<timestamp>7018.912705</timestamp>
			</report>
			<report>
				<misses>134100001</misses>
				<total>8</total>
				<timestamp>7024.150542</timestamp>
			</report>
			<report>
				<misses>134200001</misses>
				<total>7</total>
				<timestamp>7029.388378</timestamp>
			</report>
			<report>
				<misses>134300001</misses>
				<total>7</total>
				<timestamp>7034.626244</timestamp>
			</report>
			<report>
				<misses>134400001</misses>
				<total>8</total>
				<timestamp>7039.864093</timestamp>
			</report>
			<report>
				<misses>134500001</misses>
				<total>8</total>
				<timestamp>7045.103491</timestamp>
			</report>
			<report>
				<misses>134600001</misses>
				<total>7</total>
				<timestamp>7050.341387</timestamp>
			</report>
			<report>
				<misses>134700001</misses>
				<total>8</total>
				<timestamp>7055.579223</timestamp>
			</report>
			<report>
				<misses>134800001</misses>
				<total>8</total>
				<timestamp>7060.817122</timestamp>
			</report>
			<report>
				<misses>134900001</misses>
				<total>7</total>
				<timestamp>7066.054971</timestamp>
			</report>
			<report>
				<misses>135000001</misses>
				<total>7</total>
				<timestamp>7071.292859</timestamp>
			</report>
			<report>
				<misses>135100001</misses>
				<total>7</total>
				<timestamp>7076.530729</timestamp>
			</report>
			<report>
				<misses>135200001</misses>
				<total>8</total>
				<timestamp>7081.768548</timestamp>
			</report>
			<report>
				<misses>135300001</misses>
				<total>7</total>
				<timestamp>7087.006489</timestamp>
			</report>
			<report>
				<misses>135400001</misses>
				<total>8</total>
				<timestamp>7092.244311</timestamp>
			</report>
			<report>
				<misses>135500001</misses>
				<total>8</total>
				<timestamp>7097.482161</timestamp>
			</report>
			<report>
				<misses>135600001</misses>
				<total>8</total>
				<timestamp>7102.720045</timestamp>
			</report>
			<report>
				<misses>135700001</misses>
				<total>8</total>
				<timestamp>7107.959425</timestamp>
			</report>
			<report>
				<misses>135800001</misses>
				<total>7</total>
				<timestamp>7113.197341</timestamp>
			</report>
			<report>
				<misses>135900001</misses>
				<total>7</total>
				<timestamp>7118.435231</timestamp>
			</report>
			<report>
				<misses>136000001</misses>
				<total>8</total>
				<timestamp>7123.673131</timestamp>
			</report>
			<report>
				<misses>136100001</misses>
				<total>7</total>
				<timestamp>7128.911030</timestamp>
			</report>
			<report>
				<misses>136200001</misses>
				<total>7</total>
				<timestamp>7134.148847</timestamp>
			</report>
			<report>
				<misses>136300001</misses>
				<total>7</total>
				<timestamp>7139.386718</timestamp>
			</report>
			<report>
				<misses>136400001</misses>
				<total>9</total>
				<timestamp>7144.624663</timestamp>
			</report>
			<report>
				<misses>136500001</misses>
				<total>7</total>
				<timestamp>7149.862520</timestamp>
			</report>
			<report>
				<misses>136600001</misses>
				<total>8</total>
				<timestamp>7155.100340</timestamp>
			</report>
			<report>
				<misses>136700001</misses>
				<total>7</total>
				<timestamp>7160.338230</timestamp>
			</report>
			<report>
				<misses>136800001</misses>
				<total>7</total>
				<timestamp>7165.577612</timestamp>
			</report>
			<report>
				<misses>136900001</misses>
				<total>7</total>
				<timestamp>7170.815425</timestamp>
			</report>
			<report>
				<misses>137000001</misses>
				<total>7</total>
				<timestamp>7176.053274</timestamp>
			</report>
			<report>
				<misses>137100001</misses>
				<total>8</total>
				<timestamp>7181.291063</timestamp>
			</report>
			<report>
				<misses>137200001</misses>
				<total>8</total>
				<timestamp>7186.528843</timestamp>
			</report>
			<report>
				<misses>137300001</misses>
				<total>8</total>
				<timestamp>7191.766657</timestamp>
			</report>
			<report>
				<misses>137400001</misses>
				<total>7</total>
				<timestamp>7197.004523</timestamp>
			</report>
		</query>
	</custom>
	<ethtool_statistic>
		<rx_packets>
			<start>603175128</start>
			<end>1484798726</end>
		</rx_packets>
		<tx_packets>
			<start>1422855075</start>
			<end>2522499230</end>
		</tx_packets>
		<rx_dropped>
			<start>0</start>
			<end>0</end>
		</rx_dropped>
		<tx_dropped>
			<start>0</start>
			<end>0</end>
		</tx_dropped>
		<collisions>
			<start>0</start>
			<end>0</end>
		</collisions>
		<port_tx_errors>
			<start>-1</start>
			<end>-1</end>
		</port_tx_errors>
		<port_rx_dropped>
			<start>-1</start>
			<end>-1</end>
		</port_rx_dropped>
		<port_tx_dropped_link_down>
			<start>-1</start>
			<end>-1</end>
		</port_tx_dropped_link_down>
	</ethtool_statistic>
	<ip_statistic>
		<mtu>
			<start>9000</start>
			<end>9000</end>
		</mtu>
		<rx_bytes>
			<start>2759238360460</start>
			<end>9953250757466</end>
		</rx_bytes>
		<rx_packets>
			<start>603175392</start>
			<end>1484798726</end>
		</rx_packets>
		<rx_errors>
			<start>0</start>
			<end>0</end>
		</rx_errors>
		<rx_dropped>
			<start>0</start>
			<end>0</end>
		</rx_dropped>
		<rx_missed>
			<start>0</start>
			<end>19507</end>
		</rx_missed>
		<rx_mcast>
			<start>20</start>
			<end>24</end>
		</rx_mcast>
		<tx_bytes>
			<start>5786449096232</start>
			<end>14759521631234</end>
		</tx_bytes>
		<tx_packets>
			<start>1422855075</start>
			<end>2522499230</end>
		</tx_packets>
		<tx_errors>
			<start>0</start>
			<end>0</end>
		</tx_errors>
		<tx_dropped>
			<start>0</start>
			<end>0</end>
		</tx_dropped>
		<tx_carrier>
			<start>0</start>
			<end>0</end>
		</tx_carrier>
		<tx_collisions>
			<start>0</start>
			<end>0</end>
		</tx_collisions>
	</ip_statistic>
	<netstat_statistic>
		<udp_pkg_rec>
			<start>1203013892</start>
			<end>1423618587</end>
		</udp_pkg_rec>
		<udp_pkg_snt>
			<start>2848840487</start>
			<end>3123794748</end>
		</udp_pkg_snt>
		<udp_rec_err>
			<start>0</start>
			<end>0</end>
		</udp_rec_err>
		<udp_rec_buf_err>
			<start>0</start>
			<end>0</end>
		</udp_rec_buf_err>
		<udp_snt_buf_err>
			<start>0</start>
			<end>0</end>
		</udp_snt_buf_err>
	</netstat_statistic>
</test_results>
