<?xml version="1.0"?>
<test_results>
	<status>STATUS_SUCCESS</status>
	<custom>
		<num_loss>0</num_loss>
		<num_total>727970188</num_total>
		<num_misses>-2142945597</num_misses>
		<elapsed_time>7199.961521</elapsed_time>
		<query>
			<report>
				<misses>100001</misses>
				<total>0</total>
				<timestamp>0.979221</timestamp>
			</report>
			<report>
				<misses>200001</misses>
				<total>0</total>
				<timestamp>1.959919</timestamp>
			</report>
			<report>
				<misses>300001</misses>
				<total>0</total>
				<timestamp>2.950078</timestamp>
			</report>
			<report>
				<misses>400001</misses>
				<total>0</total>
				<timestamp>3.940500</timestamp>
			</report>
			<report>
				<misses>500001</misses>
				<total>0</total>
				<timestamp>4.931193</timestamp>
			</report>
			<report>
				<misses>600001</misses>
				<total>0</total>
				<timestamp>5.922506</timestamp>
			</report>
			<report>
				<misses>700001</misses>
				<total>0</total>
				<timestamp>6.912025</timestamp>
			</report>
			<report>
				<misses>800001</misses>
				<total>0</total>
				<timestamp>7.903594</timestamp>
			</report>
			<report>
				<misses>900001</misses>
				<total>0</total>
				<timestamp>8.894264</timestamp>
			</report>
			<report>
				<misses>1000001</misses>
				<total>0</total>
				<timestamp>9.885544</timestamp>
			</report>
			<report>
				<misses>1100001</misses>
				<total>0</total>
				<timestamp>10.876091</timestamp>
			</report>
			<report>
				<misses>1200001</misses>
				<total>0</total>
				<timestamp>11.866477</timestamp>
			</report>
			<report>
				<misses>1300001</misses>
				<total>0</total>
				<timestamp>12.856357</timestamp>
			</report>
			<report>
				<misses>1400001</misses>
				<total>0</total>
				<timestamp>13.833616</timestamp>
			</report>
			<report>
				<misses>1500001</misses>
				<total>0</total>
				<timestamp>14.810997</timestamp>
			</report>
			<report>
				<misses>1600001</misses>
				<total>0</total>
				<timestamp>15.788007</timestamp>
			</report>
			<report>
				<misses>1700001</misses>
				<total>0</total>
				<timestamp>16.764835</timestamp>
			</report>
			<report>
				<misses>1800001</misses>
				<total>0</total>
				<timestamp>17.743115</timestamp>
			</report>
			<report>
				<misses>1900001</misses>
				<total>0</total>
				<timestamp>18.720237</timestamp>
			</report>
			<report>
				<misses>2000001</misses>
				<total>0</total>
				<timestamp>19.698508</timestamp>
			</report>
			<report>
				<misses>2100001</misses>
				<total>0</total>
				<timestamp>20.676008</timestamp>
			</report>
			<report>
				<misses>2200001</misses>
				<total>0</total>
				<timestamp>21.653268</timestamp>
			</report>
			<report>
				<misses>2300001</misses>
				<total>0</total>
				<timestamp>22.631161</timestamp>
			</report>
			<report>
				<misses>2400001</misses>
				<total>0</total>
				<timestamp>23.609966</timestamp>
			</report>
			<report>
				<misses>2500001</misses>
				<total>0</total>
				<timestamp>24.588337</timestamp>
			</report>
			<report>
				<misses>2600001</misses>
				<total>0</total>
				<timestamp>25.565595</timestamp>
			</report>
			<report>
				<misses>2700001</misses>
				<total>0</total>
				<timestamp>26.542843</timestamp>
			</report>
			<report>
				<misses>2800001</misses>
				<total>0</total>
				<timestamp>27.520083</timestamp>
			</report>
			<report>
				<misses>2900001</misses>
				<total>0</total>
				<timestamp>28.497317</timestamp>
			</report>
			<report>
				<misses>3000001</misses>
				<total>0</total>
				<timestamp>29.475205</timestamp>
			</report>
			<report>
				<misses>3100001</misses>
				<total>0</total>
				<timestamp>30.452978</timestamp>
			</report>
			<report>
				<misses>3200001</misses>
				<total>0</total>
				<timestamp>31.430591</timestamp>
			</report>
			<report>
				<misses>3300001</misses>
				<total>0</total>
				<timestamp>32.408758</timestamp>
			</report>
			<report>
				<misses>3400001</misses>
				<total>0</total>
				<timestamp>33.386738</timestamp>
			</report>
			<report>
				<misses>3500001</misses>
				<total>0</total>
				<timestamp>34.365795</timestamp>
			</report>
			<report>
				<misses>3600001</misses>
				<total>0</total>
				<timestamp>35.342264</timestamp>
			</report>
			<report>
				<misses>3700001</misses>
				<total>0</total>
				<timestamp>36.319000</timestamp>
			</report>
			<report>
				<misses>3800001</misses>
				<total>0</total>
				<timestamp>37.294320</timestamp>
			</report>
			<report>
				<misses>3900001</misses>
				<total>0</total>
				<timestamp>38.270673</timestamp>
			</report>
			<report>
				<misses>4000001</misses>
				<total>0</total>
				<timestamp>39.248051</timestamp>
			</report>
			<report>
				<misses>4100001</misses>
				<total>0</total>
				<timestamp>40.223229</timestamp>
			</report>
			<report>
				<misses>4200001</misses>
				<total>0</total>
				<timestamp>41.197402</timestamp>
			</report>
			<report>
				<misses>4300001</misses>
				<total>0</total>
				<timestamp>42.174087</timestamp>
			</report>
			<report>
				<misses>4400001</misses>
				<total>0</total>
				<timestamp>43.149546</timestamp>
			</report>
			<report>
				<misses>4500001</misses>
				<total>0</total>
				<timestamp>44.124866</timestamp>
			</report>
			<report>
				<misses>4600001</misses>
				<total>0</total>
				<timestamp>45.101952</timestamp>
			</report>
			<report>
				<misses>4700001</misses>
				<total>0</total>
				<timestamp>46.077527</timestamp>
			</report>
			<report>
				<misses>4800001</misses>
				<total>0</total>
				<timestamp>47.052974</timestamp>
			</report>
			<report>
				<misses>4900001</misses>
				<total>0</total>
				<timestamp>48.027260</timestamp>
			</report>
			<report>
				<misses>5000001</misses>
				<total>0</total>
				<timestamp>49.004515</timestamp>
			</report>
			<report>
				<misses>5100001</misses>
				<total>0</total>
				<timestamp>49.981242</timestamp>
			</report>
			<report>
				<misses>5200001</misses>
				<total>0</total>
				<timestamp>50.957600</timestamp>
			</report>
			<report>
				<misses>5300001</misses>
				<total>0</total>
				<timestamp>51.933823</timestamp>
			</report>
			<report>
				<misses>5400001</misses>
				<total>0</total>
				<timestamp>52.911720</timestamp>
			</report>
			<report>
				<misses>5500001</misses>
				<total>0</total>
				<timestamp>53.887680</timestamp>
			</report>
			<report>
				<misses>5600001</misses>
				<total>0</total>
				<timestamp>54.866100</timestamp>
			</report>
			<report>
				<misses>5700001</misses>
				<total>0</total>
				<timestamp>55.855991</timestamp>
			</report>
			<report>
				<misses>5800001</misses>
				<total>0</total>
				<timestamp>56.844846</timestamp>
			</report>
			<report>
				<misses>5900001</misses>
				<total>0</total>
				<timestamp>57.834349</timestamp>
			</report>
			<report>
				<misses>6000001</misses>
				<total>0</total>
				<timestamp>58.823339</timestamp>
			</report>
			<report>
				<misses>6100001</misses>
				<total>0</total>
				<timestamp>59.803178</timestamp>
			</report>
			<report>
				<misses>6200001</misses>
				<total>0</total>
				<timestamp>60.778326</timestamp>
			</report>
			<report>
				<misses>6300001</misses>
				<total>0</total>
				<timestamp>61.754304</timestamp>
			</report>
			<report>
				<misses>6400001</misses>
				<total>0</total>
				<timestamp>62.730342</timestamp>
			</report>
			<report>
				<misses>6500001</misses>
				<total>0</total>
				<timestamp>63.706688</timestamp>
			</report>
			<report>
				<misses>6600001</misses>
				<total>0</total>
				<timestamp>64.684998</timestamp>
			</report>
			<report>
				<misses>6700001</misses>
				<total>0</total>
				<timestamp>65.659780</timestamp>
			</report>
			<report>
				<misses>6800001</misses>
				<total>0</total>
				<timestamp>66.637279</timestamp>
			</report>
			<report>
				<misses>6900001</misses>
				<total>0</total>
				<timestamp>67.612331</timestamp>
			</report>
			<report>
				<misses>7000001</misses>
				<total>0</total>
				<timestamp>68.589701</timestamp>
			</report>
			<report>
				<misses>7100001</misses>
				<total>0</total>
				<timestamp>69.565128</timestamp>
			</report>
			<report>
				<misses>7200001</misses>
				<total>0</total>
				<timestamp>70.541591</timestamp>
			</report>
			<report>
				<misses>7300001</misses>
				<total>0</total>
				<timestamp>71.520122</timestamp>
			</report>
			<report>
				<misses>7400001</misses>
				<total>0</total>
				<timestamp>72.496715</timestamp>
			</report>
			<report>
				<misses>7500001</misses>
				<total>0</total>
				<timestamp>73.471750</timestamp>
			</report>
			<report>
				<misses>7600001</misses>
				<total>0</total>
				<timestamp>74.449125</timestamp>
			</report>
			<report>
				<misses>7700001</misses>
				<total>0</total>
				<timestamp>75.423881</timestamp>
			</report>
			<report>
				<misses>7800001</misses>
				<total>0</total>
				<timestamp>76.398800</timestamp>
			</report>
			<report>
				<misses>7900001</misses>
				<total>0</total>
				<timestamp>77.375115</timestamp>
			</report>
			<report>
				<misses>8000001</misses>
				<total>0</total>
				<timestamp>78.352362</timestamp>
			</report>
			<report>
				<misses>8100001</misses>
				<total>0</total>
				<timestamp>79.330372</timestamp>
			</report>
			<report>
				<misses>8200001</misses>
				<total>0</total>
				<timestamp>80.305941</timestamp>
			</report>
			<report>
				<misses>8300001</misses>
				<total>0</total>
				<timestamp>81.282273</timestamp>
			</report>
			<report>
				<misses>8400001</misses>
				<total>0</total>
				<timestamp>82.258613</timestamp>
			</report>
			<report>
				<misses>8500001</misses>
				<total>0</total>
				<timestamp>83.234708</timestamp>
			</report>
			<report>
				<misses>8600001</misses>
				<total>0</total>
				<timestamp>84.211191</timestamp>
			</report>
			<report>
				<misses>8700001</misses>
				<total>0</total>
				<timestamp>85.187900</timestamp>
			</report>
			<report>
				<misses>8800001</misses>
				<total>0</total>
				<timestamp>86.163576</timestamp>
			</report>
			<report>
				<misses>8900001</misses>
				<total>0</total>
				<timestamp>87.139920</timestamp>
			</report>
			<report>
				<misses>9000001</misses>
				<total>0</total>
				<timestamp>88.115086</timestamp>
			</report>
			<report>
				<misses>9100001</misses>
				<total>0</total>
				<timestamp>89.091931</timestamp>
			</report>
			<report>
				<misses>9200001</misses>
				<total>0</total>
				<timestamp>90.068268</timestamp>
			</report>
			<report>
				<misses>9300001</misses>
				<total>0</total>
				<timestamp>91.043985</timestamp>
			</report>
			<report>
				<misses>9400001</misses>
				<total>0</total>
				<timestamp>92.020293</timestamp>
			</report>
			<report>
				<misses>9500001</misses>
				<total>0</total>
				<timestamp>92.997415</timestamp>
			</report>
			<report>
				<misses>9600001</misses>
				<total>0</total>
				<timestamp>93.975684</timestamp>
			</report>
			<report>
				<misses>9700001</misses>
				<total>0</total>
				<timestamp>94.953170</timestamp>
			</report>
			<report>
				<misses>9800001</misses>
				<total>0</total>
				<timestamp>95.930141</timestamp>
			</report>
			<report>
				<misses>9900001</misses>
				<total>0</total>
				<timestamp>96.907640</timestamp>
			</report>
			<report>
				<misses>10000001</misses>
				<total>0</total>
				<timestamp>97.883602</timestamp>
			</report>
			<report>
				<misses>10100001</misses>
				<total>0</total>
				<timestamp>98.860720</timestamp>
			</report>
			<report>
				<misses>10200001</misses>
				<total>0</total>
				<timestamp>99.836167</timestamp>
			</report>
			<report>
				<misses>10300001</misses>
				<total>0</total>
				<timestamp>100.821930</timestamp>
			</report>
			<report>
				<misses>10400001</misses>
				<total>0</total>
				<timestamp>101.812970</timestamp>
			</report>
			<report>
				<misses>10500001</misses>
				<total>0</total>
				<timestamp>102.804018</timestamp>
			</report>
			<report>
				<misses>10600001</misses>
				<total>0</total>
				<timestamp>103.795100</timestamp>
			</report>
			<report>
				<misses>10700001</misses>
				<total>0</total>
				<timestamp>104.785626</timestamp>
			</report>
			<report>
				<misses>10800001</misses>
				<total>0</total>
				<timestamp>105.777047</timestamp>
			</report>
			<report>
				<misses>10900001</misses>
				<total>0</total>
				<timestamp>106.767440</timestamp>
			</report>
			<report>
				<misses>11000001</misses>
				<total>0</total>
				<timestamp>107.758107</timestamp>
			</report>
			<report>
				<misses>11100001</misses>
				<total>0</total>
				<timestamp>108.748542</timestamp>
			</report>
			<report>
				<misses>11200001</misses>
				<total>0</total>
				<timestamp>109.739844</timestamp>
			</report>
			<report>
				<misses>11300001</misses>
				<total>0</total>
				<timestamp>110.730508</timestamp>
			</report>
			<report>
				<misses>11400001</misses>
				<total>0</total>
				<timestamp>111.721307</timestamp>
			</report>
			<report>
				<misses>11500001</misses>
				<total>0</total>
				<timestamp>112.712500</timestamp>
			</report>
			<report>
				<misses>11600001</misses>
				<total>0</total>
				<timestamp>113.703692</timestamp>
			</report>
			<report>
				<misses>11700001</misses>
				<total>0</total>
				<timestamp>114.695145</timestamp>
			</report>
			<report>
				<misses>11800001</misses>
				<total>0</total>
				<timestamp>115.685637</timestamp>
			</report>
			<report>
				<misses>11900001</misses>
				<total>0</total>
				<timestamp>116.676288</timestamp>
			</report>
			<report>
				<misses>12000001</misses>
				<total>0</total>
				<timestamp>117.666441</timestamp>
			</report>
			<report>
				<misses>12100001</misses>
				<total>0</total>
				<timestamp>118.657609</timestamp>
			</report>
			<report>
				<misses>12200001</misses>
				<total>0</total>
				<timestamp>119.648867</timestamp>
			</report>
			<report>
				<misses>12300001</misses>
				<total>0</total>
				<timestamp>120.639497</timestamp>
			</report>
			<report>
				<misses>12400001</misses>
				<total>0</total>
				<timestamp>121.629656</timestamp>
			</report>
			<report>
				<misses>12500001</misses>
				<total>0</total>
				<timestamp>122.620329</timestamp>
			</report>
			<report>
				<misses>12600001</misses>
				<total>0</total>
				<timestamp>123.610861</timestamp>
			</report>
			<report>
				<misses>12700001</misses>
				<total>0</total>
				<timestamp>124.602178</timestamp>
			</report>
			<report>
				<misses>12800001</misses>
				<total>0</total>
				<timestamp>125.592709</timestamp>
			</report>
			<report>
				<misses>12900001</misses>
				<total>0</total>
				<timestamp>126.584007</timestamp>
			</report>
			<report>
				<misses>13000001</misses>
				<total>0</total>
				<timestamp>127.575128</timestamp>
			</report>
			<report>
				<misses>13100001</misses>
				<total>0</total>
				<timestamp>128.566810</timestamp>
			</report>
			<report>
				<misses>13200001</misses>
				<total>0</total>
				<timestamp>129.557459</timestamp>
			</report>
			<report>
				<misses>13300001</misses>
				<total>0</total>
				<timestamp>130.548513</timestamp>
			</report>
			<report>
				<misses>13400001</misses>
				<total>0</total>
				<timestamp>131.539557</timestamp>
			</report>
			<report>
				<misses>13500001</misses>
				<total>0</total>
				<timestamp>132.530476</timestamp>
			</report>
			<report>
				<misses>13600001</misses>
				<total>0</total>
				<timestamp>133.521651</timestamp>
			</report>
			<report>
				<misses>13700001</misses>
				<total>0</total>
				<timestamp>134.513088</timestamp>
			</report>
			<report>
				<misses>13800001</misses>
				<total>0</total>
				<timestamp>135.503377</timestamp>
			</report>
			<report>
				<misses>13900001</misses>
				<total>0</total>
				<timestamp>136.494426</timestamp>
			</report>
			<report>
				<misses>14000001</misses>
				<total>0</total>
				<timestamp>137.485503</timestamp>
			</report>
			<report>
				<misses>14100001</misses>
				<total>0</total>
				<timestamp>138.475491</timestamp>
			</report>
			<report>
				<misses>14200001</misses>
				<total>0</total>
				<timestamp>139.466415</timestamp>
			</report>
			<report>
				<misses>14300001</misses>
				<total>0</total>
				<timestamp>140.457360</timestamp>
			</report>
			<report>
				<misses>14400001</misses>
				<total>0</total>
				<timestamp>141.447988</timestamp>
			</report>
			<report>
				<misses>14500001</misses>
				<total>0</total>
				<timestamp>142.438911</timestamp>
			</report>
			<report>
				<misses>14600001</misses>
				<total>0</total>
				<timestamp>143.430749</timestamp>
			</report>
			<report>
				<misses>14700001</misses>
				<total>0</total>
				<timestamp>144.421854</timestamp>
			</report>
			<report>
				<misses>14800001</misses>
				<total>0</total>
				<timestamp>145.412359</timestamp>
			</report>
			<report>
				<misses>14900001</misses>
				<total>0</total>
				<timestamp>146.403941</timestamp>
			</report>
			<report>
				<misses>15000001</misses>
				<total>0</total>
				<timestamp>147.394217</timestamp>
			</report>
			<report>
				<misses>15100001</misses>
				<total>0</total>
				<timestamp>148.384881</timestamp>
			</report>
			<report>
				<misses>15200001</misses>
				<total>0</total>
				<timestamp>149.375793</timestamp>
			</report>
			<report>
				<misses>15300001</misses>
				<total>0</total>
				<timestamp>150.367438</timestamp>
			</report>
			<report>
				<misses>15400001</misses>
				<total>0</total>
				<timestamp>151.358499</timestamp>
			</report>
			<report>
				<misses>15500001</misses>
				<total>0</total>
				<timestamp>152.349806</timestamp>
			</report>
			<report>
				<misses>15600001</misses>
				<total>0</total>
				<timestamp>153.341233</timestamp>
			</report>
			<report>
				<misses>15700001</misses>
				<total>0</total>
				<timestamp>154.332272</timestamp>
			</report>
			<report>
				<misses>15800001</misses>
				<total>0</total>
				<timestamp>155.323581</timestamp>
			</report>
			<report>
				<misses>15900001</misses>
				<total>0</total>
				<timestamp>156.313874</timestamp>
			</report>
			<report>
				<misses>16000001</misses>
				<total>0</total>
				<timestamp>157.305147</timestamp>
			</report>
			<report>
				<misses>16100001</misses>
				<total>0</total>
				<timestamp>158.296336</timestamp>
			</report>
			<report>
				<misses>16200001</misses>
				<total>0</total>
				<timestamp>159.286888</timestamp>
			</report>
			<report>
				<misses>16300001</misses>
				<total>0</total>
				<timestamp>160.277792</timestamp>
			</report>
			<report>
				<misses>16400001</misses>
				<total>0</total>
				<timestamp>161.269586</timestamp>
			</report>
			<report>
				<misses>16500001</misses>
				<total>0</total>
				<timestamp>162.260251</timestamp>
			</report>
			<report>
				<misses>16600001</misses>
				<total>0</total>
				<timestamp>163.251164</timestamp>
			</report>
			<report>
				<misses>16700001</misses>
				<total>0</total>
				<timestamp>164.242193</timestamp>
			</report>
			<report>
				<misses>16800001</misses>
				<total>0</total>
				<timestamp>165.233230</timestamp>
			</report>
			<report>
				<misses>16900001</misses>
				<total>0</total>
				<timestamp>166.224268</timestamp>
			</report>
			<report>
				<misses>17000001</misses>
				<total>0</total>
				<timestamp>167.215332</timestamp>
			</report>
			<report>
				<misses>17100001</misses>
				<total>0</total>
				<timestamp>168.206517</timestamp>
			</report>
			<report>
				<misses>17200001</misses>
				<total>0</total>
				<timestamp>169.197321</timestamp>
			</report>
			<report>
				<misses>17300001</misses>
				<total>0</total>
				<timestamp>170.188235</timestamp>
			</report>
			<report>
				<misses>17400001</misses>
				<total>0</total>
				<timestamp>171.178755</timestamp>
			</report>
			<report>
				<misses>17500001</misses>
				<total>0</total>
				<timestamp>172.169690</timestamp>
			</report>
			<report>
				<misses>17600001</misses>
				<total>0</total>
				<timestamp>173.159714</timestamp>
			</report>
			<report>
				<misses>17700001</misses>
				<total>0</total>
				<timestamp>174.150503</timestamp>
			</report>
			<report>
				<misses>17800001</misses>
				<total>0</total>
				<timestamp>175.141438</timestamp>
			</report>
			<report>
				<misses>17900001</misses>
				<total>0</total>
				<timestamp>176.133146</timestamp>
			</report>
			<report>
				<misses>18000001</misses>
				<total>0</total>
				<timestamp>177.124466</timestamp>
			</report>
			<report>
				<misses>18100001</misses>
				<total>0</total>
				<timestamp>178.115743</timestamp>
			</report>
			<report>
				<misses>18200001</misses>
				<total>0</total>
				<timestamp>179.107177</timestamp>
			</report>
			<report>
				<misses>18300001</misses>
				<total>0</total>
				<timestamp>180.098746</timestamp>
			</report>
			<report>
				<misses>18400001</misses>
				<total>0</total>
				<timestamp>181.089682</timestamp>
			</report>
			<report>
				<misses>18500001</misses>
				<total>0</total>
				<timestamp>182.081003</timestamp>
			</report>
			<report>
				<misses>18600001</misses>
				<total>0</total>
				<timestamp>183.071900</timestamp>
			</report>
			<report>
				<misses>18700001</misses>
				<total>0</total>
				<timestamp>184.063609</timestamp>
			</report>
			<report>
				<misses>18800001</misses>
				<total>0</total>
				<timestamp>185.055525</timestamp>
			</report>
			<report>
				<misses>18900001</misses>
				<total>0</total>
				<timestamp>186.046558</timestamp>
			</report>
			<report>
				<misses>19000001</misses>
				<total>0</total>
				<timestamp>187.038009</timestamp>
			</report>
			<report>
				<misses>19100001</misses>
				<total>0</total>
				<timestamp>188.029321</timestamp>
			</report>
			<report>
				<misses>19200001</misses>
				<total>0</total>
				<timestamp>189.020640</timestamp>
			</report>
			<report>
				<misses>19300001</misses>
				<total>0</total>
				<timestamp>190.011555</timestamp>
			</report>
			<report>
				<misses>19400001</misses>
				<total>0</total>
				<timestamp>191.002351</timestamp>
			</report>
			<report>
				<misses>19500001</misses>
				<total>0</total>
				<timestamp>191.993101</timestamp>
			</report>
			<report>
				<misses>19600001</misses>
				<total>0</total>
				<timestamp>192.984533</timestamp>
			</report>
			<report>
				<misses>19700001</misses>
				<total>0</total>
				<timestamp>193.976070</timestamp>
			</report>
			<report>
				<misses>19800001</misses>
				<total>0</total>
				<timestamp>194.966864</timestamp>
			</report>
			<report>
				<misses>19900001</misses>
				<total>0</total>
				<timestamp>195.958047</timestamp>
			</report>
			<report>
				<misses>20000001</misses>
				<total>0</total>
				<timestamp>196.948336</timestamp>
			</report>
			<report>
				<misses>20100001</misses>
				<total>0</total>
				<timestamp>197.939125</timestamp>
			</report>
			<report>
				<misses>20200001</misses>
				<total>0</total>
				<timestamp>198.930061</timestamp>
			</report>
			<report>
				<misses>20300001</misses>
				<total>0</total>
				<timestamp>199.921132</timestamp>
			</report>
			<report>
				<misses>20400001</misses>
				<total>0</total>
				<timestamp>200.912156</timestamp>
			</report>
			<report>
				<misses>20500001</misses>
				<total>0</total>
				<timestamp>201.903623</timestamp>
			</report>
			<report>
				<misses>20600001</misses>
				<total>0</total>
				<timestamp>202.894917</timestamp>
			</report>
			<report>
				<misses>20700001</misses>
				<total>0</total>
				<timestamp>203.885292</timestamp>
			</report>
			<report>
				<misses>20800001</misses>
				<total>0</total>
				<timestamp>204.876335</timestamp>
			</report>
			<report>
				<misses>20900001</misses>
				<total>0</total>
				<timestamp>205.867253</timestamp>
			</report>
			<report>
				<misses>21000001</misses>
				<total>0</total>
				<timestamp>206.858794</timestamp>
			</report>
			<report>
				<misses>21100001</misses>
				<total>0</total>
				<timestamp>207.850238</timestamp>
			</report>
			<report>
				<misses>21200001</misses>
				<total>0</total>
				<timestamp>208.841413</timestamp>
			</report>
			<report>
				<misses>21300001</misses>
				<total>0</total>
				<timestamp>209.832332</timestamp>
			</report>
			<report>
				<misses>21400001</misses>
				<total>0</total>
				<timestamp>210.823125</timestamp>
			</report>
			<report>
				<misses>21500001</misses>
				<total>0</total>
				<timestamp>211.813787</timestamp>
			</report>
			<report>
				<misses>21600001</misses>
				<total>0</total>
				<timestamp>212.805217</timestamp>
			</report>
			<report>
				<misses>21700001</misses>
				<total>0</total>
				<timestamp>213.796639</timestamp>
			</report>
			<report>
				<misses>21800001</misses>
				<total>0</total>
				<timestamp>214.788072</timestamp>
			</report>
			<report>
				<misses>21900001</misses>
				<total>0</total>
				<timestamp>215.779347</timestamp>
			</report>
			<report>
				<misses>22000001</misses>
				<total>0</total>
				<timestamp>216.769995</timestamp>
			</report>
			<report>
				<misses>22100001</misses>
				<total>0</total>
				<timestamp>217.760363</timestamp>
			</report>
			<report>
				<misses>22200001</misses>
				<total>0</total>
				<timestamp>218.751282</timestamp>
			</report>
			<report>
				<misses>22300001</misses>
				<total>0</total>
				<timestamp>219.741684</timestamp>
			</report>
			<report>
				<misses>22400001</misses>
				<total>0</total>
				<timestamp>220.732115</timestamp>
			</report>
			<report>
				<misses>22500001</misses>
				<total>0</total>
				<timestamp>221.723702</timestamp>
			</report>
			<report>
				<misses>22600001</misses>
				<total>0</total>
				<timestamp>222.714883</timestamp>
			</report>
			<report>
				<misses>22700001</misses>
				<total>0</total>
				<timestamp>223.706590</timestamp>
			</report>
			<report>
				<misses>22800001</misses>
				<total>0</total>
				<timestamp>224.698004</timestamp>
			</report>
			<report>
				<misses>22900001</misses>
				<total>0</total>
				<timestamp>225.688785</timestamp>
			</report>
			<report>
				<misses>23000001</misses>
				<total>0</total>
				<timestamp>226.679705</timestamp>
			</report>
			<report>
				<misses>23100001</misses>
				<total>0</total>
				<timestamp>227.670882</timestamp>
			</report>
			<report>
				<misses>23200001</misses>
				<total>0</total>
				<timestamp>228.662809</timestamp>
			</report>
			<report>
				<misses>23300001</misses>
				<total>0</total>
				<timestamp>229.653464</timestamp>
			</report>
			<report>
				<misses>23400001</misses>
				<total>0</total>
				<timestamp>230.644493</timestamp>
			</report>
			<report>
				<misses>23500001</misses>
				<total>0</total>
				<timestamp>231.635655</timestamp>
			</report>
			<report>
				<misses>23600001</misses>
				<total>0</total>
				<timestamp>232.626323</timestamp>
			</report>
			<report>
				<misses>23700001</misses>
				<total>0</total>
				<timestamp>233.616574</timestamp>
			</report>
			<report>
				<misses>23800001</misses>
				<total>0</total>
				<timestamp>234.607481</timestamp>
			</report>
			<report>
				<misses>23900001</misses>
				<total>0</total>
				<timestamp>235.598417</timestamp>
			</report>
			<report>
				<misses>24000001</misses>
				<total>0</total>
				<timestamp>236.589857</timestamp>
			</report>
			<report>
				<misses>24100001</misses>
				<total>0</total>
				<timestamp>237.581557</timestamp>
			</report>
			<report>
				<misses>24200001</misses>
				<total>0</total>
				<timestamp>238.573267</timestamp>
			</report>
			<report>
				<misses>24300001</misses>
				<total>0</total>
				<timestamp>239.564020</timestamp>
			</report>
			<report>
				<misses>24400001</misses>
				<total>0</total>
				<timestamp>240.555193</timestamp>
			</report>
			<report>
				<misses>24500001</misses>
				<total>0</total>
				<timestamp>241.546246</timestamp>
			</report>
			<report>
				<misses>24600001</misses>
				<total>0</total>
				<timestamp>242.536913</timestamp>
			</report>
			<report>
				<misses>24700001</misses>
				<total>0</total>
				<timestamp>243.528485</timestamp>
			</report>
			<report>
				<misses>24800001</misses>
				<total>0</total>
				<timestamp>244.519523</timestamp>
			</report>
			<report>
				<misses>24900001</misses>
				<total>0</total>
				<timestamp>245.511348</timestamp>
			</report>
			<report>
				<misses>25000001</misses>
				<total>0</total>
				<timestamp>246.503040</timestamp>
			</report>
			<report>
				<misses>25100001</misses>
				<total>0</total>
				<timestamp>247.494093</timestamp>
			</report>
			<report>
				<misses>25200001</misses>
				<total>0</total>
				<timestamp>248.485159</timestamp>
			</report>
			<report>
				<misses>25300001</misses>
				<total>0</total>
				<timestamp>249.476301</timestamp>
			</report>
			<report>
				<misses>25400001</misses>
				<total>0</total>
				<timestamp>250.465529</timestamp>
			</report>
			<report>
				<misses>25500001</misses>
				<total>0</total>
				<timestamp>251.456853</timestamp>
			</report>
			<report>
				<misses>25600001</misses>
				<total>0</total>
				<timestamp>252.448784</timestamp>
			</report>
			<report>
				<misses>25700001</misses>
				<total>0</total>
				<timestamp>253.439569</timestamp>
			</report>
			<report>
				<misses>25800001</misses>
				<total>0</total>
				<timestamp>254.430641</timestamp>
			</report>
			<report>
				<misses>25900001</misses>
				<total>0</total>
				<timestamp>255.421566</timestamp>
			</report>
			<report>
				<misses>26000001</misses>
				<total>0</total>
				<timestamp>256.413369</timestamp>
			</report>
			<report>
				<misses>26100001</misses>
				<total>0</total>
				<timestamp>257.403669</timestamp>
			</report>
			<report>
				<misses>26200001</misses>
				<total>0</total>
				<timestamp>258.394678</timestamp>
			</report>
			<report>
				<misses>26300001</misses>
				<total>0</total>
				<timestamp>259.386252</timestamp>
			</report>
			<report>
				<misses>26400001</misses>
				<total>0</total>
				<timestamp>260.377927</timestamp>
			</report>
			<report>
				<misses>26500001</misses>
				<total>0</total>
				<timestamp>261.369091</timestamp>
			</report>
			<report>
				<misses>26600001</misses>
				<total>0</total>
				<timestamp>262.361189</timestamp>
			</report>
			<report>
				<misses>26700001</misses>
				<total>0</total>
				<timestamp>263.352334</timestamp>
			</report>
			<report>
				<misses>26800001</misses>
				<total>0</total>
				<timestamp>264.343003</timestamp>
			</report>
			<report>
				<misses>26900001</misses>
				<total>0</total>
				<timestamp>265.333410</timestamp>
			</report>
			<report>
				<misses>27000001</misses>
				<total>0</total>
				<timestamp>266.323910</timestamp>
			</report>
			<report>
				<misses>27100001</misses>
				<total>0</total>
				<timestamp>267.314815</timestamp>
			</report>
			<report>
				<misses>27200001</misses>
				<total>0</total>
				<timestamp>268.306236</timestamp>
			</report>
			<report>
				<misses>27300001</misses>
				<total>0</total>
				<timestamp>269.297160</timestamp>
			</report>
			<report>
				<misses>27400001</misses>
				<total>0</total>
				<timestamp>270.288181</timestamp>
			</report>
			<report>
				<misses>27500001</misses>
				<total>0</total>
				<timestamp>271.278840</timestamp>
			</report>
			<report>
				<misses>27600001</misses>
				<total>0</total>
				<timestamp>272.269756</timestamp>
			</report>
			<report>
				<misses>27700001</misses>
				<total>0</total>
				<timestamp>273.260422</timestamp>
			</report>
			<report>
				<misses>27800001</misses>
				<total>0</total>
				<timestamp>274.252756</timestamp>
			</report>
			<report>
				<misses>27900001</misses>
				<total>0</total>
				<timestamp>275.243424</timestamp>
			</report>
			<report>
				<misses>28000001</misses>
				<total>0</total>
				<timestamp>276.235475</timestamp>
			</report>
			<report>
				<misses>28100001</misses>
				<total>0</total>
				<timestamp>277.226274</timestamp>
			</report>
			<report>
				<misses>28200001</misses>
				<total>0</total>
				<timestamp>278.216948</timestamp>
			</report>
			<report>
				<misses>28300001</misses>
				<total>0</total>
				<timestamp>279.207713</timestamp>
			</report>
			<report>
				<misses>28400001</misses>
				<total>0</total>
				<timestamp>280.199173</timestamp>
			</report>
			<report>
				<misses>28500001</misses>
				<total>0</total>
				<timestamp>281.190750</timestamp>
			</report>
			<report>
				<misses>28600001</misses>
				<total>0</total>
				<timestamp>282.181288</timestamp>
			</report>
			<report>
				<misses>28700001</misses>
				<total>0</total>
				<timestamp>283.172346</timestamp>
			</report>
			<report>
				<misses>28800001</misses>
				<total>0</total>
				<timestamp>284.163521</timestamp>
			</report>
			<report>
				<misses>28900001</misses>
				<total>0</total>
				<timestamp>285.153921</timestamp>
			</report>
			<report>
				<misses>29000001</misses>
				<total>0</total>
				<timestamp>286.145106</timestamp>
			</report>
			<report>
				<misses>29100001</misses>
				<total>0</total>
				<timestamp>287.135110</timestamp>
			</report>
			<report>
				<misses>29200001</misses>
				<total>0</total>
				<timestamp>288.126383</timestamp>
			</report>
			<report>
				<misses>29300001</misses>
				<total>0</total>
				<timestamp>289.116773</timestamp>
			</report>
			<report>
				<misses>29400001</misses>
				<total>0</total>
				<timestamp>290.107054</timestamp>
			</report>
			<report>
				<misses>29500001</misses>
				<total>0</total>
				<timestamp>291.098111</timestamp>
			</report>
			<report>
				<misses>29600001</misses>
				<total>0</total>
				<timestamp>292.089688</timestamp>
			</report>
			<report>
				<misses>29700001</misses>
				<total>0</total>
				<timestamp>293.080502</timestamp>
			</report>
			<report>
				<misses>29800001</misses>
				<total>0</total>
				<timestamp>294.071144</timestamp>
			</report>
			<report>
				<misses>29900001</misses>
				<total>0</total>
				<timestamp>295.061938</timestamp>
			</report>
			<report>
				<misses>30000001</misses>
				<total>0</total>
				<timestamp>296.052828</timestamp>
			</report>
			<report>
				<misses>30100001</misses>
				<total>0</total>
				<timestamp>297.043743</timestamp>
			</report>
			<report>
				<misses>30200001</misses>
				<total>0</total>
				<timestamp>298.034678</timestamp>
			</report>
			<report>
				<misses>30300001</misses>
				<total>0</total>
				<timestamp>299.025841</timestamp>
			</report>
			<report>
				<misses>30400001</misses>
				<total>0</total>
				<timestamp>300.017122</timestamp>
			</report>
			<report>
				<misses>30500001</misses>
				<total>0</total>
				<timestamp>301.008445</timestamp>
			</report>
			<report>
				<misses>30600001</misses>
				<total>0</total>
				<timestamp>301.999772</timestamp>
			</report>
			<report>
				<misses>30700001</misses>
				<total>0</total>
				<timestamp>302.991812</timestamp>
			</report>
			<report>
				<misses>30800001</misses>
				<total>0</total>
				<timestamp>303.983109</timestamp>
			</report>
			<report>
				<misses>30900001</misses>
				<total>0</total>
				<timestamp>304.974939</timestamp>
			</report>
			<report>
				<misses>31000001</misses>
				<total>0</total>
				<timestamp>305.965826</timestamp>
			</report>
			<report>
				<misses>31100001</misses>
				<total>0</total>
				<timestamp>306.956883</timestamp>
			</report>
			<report>
				<misses>31200001</misses>
				<total>0</total>
				<timestamp>307.947675</timestamp>
			</report>
			<report>
				<misses>31300001</misses>
				<total>0</total>
				<timestamp>308.938876</timestamp>
			</report>
			<report>
				<misses>31400001</misses>
				<total>0</total>
				<timestamp>309.929788</timestamp>
			</report>
			<report>
				<misses>31500001</misses>
				<total>0</total>
				<timestamp>310.921285</timestamp>
			</report>
			<report>
				<misses>31600001</misses>
				<total>0</total>
				<timestamp>311.913476</timestamp>
			</report>
			<report>
				<misses>31700001</misses>
				<total>0</total>
				<timestamp>312.904147</timestamp>
			</report>
			<report>
				<misses>31800001</misses>
				<total>0</total>
				<timestamp>313.895081</timestamp>
			</report>
			<report>
				<misses>31900001</misses>
				<total>0</total>
				<timestamp>314.886153</timestamp>
			</report>
			<report>
				<misses>32000001</misses>
				<total>0</total>
				<timestamp>315.877573</timestamp>
			</report>
			<report>
				<misses>32100001</misses>
				<total>0</total>
				<timestamp>316.868475</timestamp>
			</report>
			<report>
				<misses>32200001</misses>
				<total>0</total>
				<timestamp>317.859240</timestamp>
			</report>
			<report>
				<misses>32300001</misses>
				<total>0</total>
				<timestamp>318.849908</timestamp>
			</report>
			<report>
				<misses>32400001</misses>
				<total>0</total>
				<timestamp>319.841469</timestamp>
			</report>
			<report>
				<misses>32500001</misses>
				<total>0</total>
				<timestamp>320.832898</timestamp>
			</report>
			<report>
				<misses>32600001</misses>
				<total>0</total>
				<timestamp>321.823316</timestamp>
			</report>
			<report>
				<misses>32700001</misses>
				<total>0</total>
				<timestamp>322.814477</timestamp>
			</report>
			<report>
				<misses>32800001</misses>
				<total>0</total>
				<timestamp>323.806444</timestamp>
			</report>
			<report>
				<misses>32900001</misses>
				<total>0</total>
				<timestamp>324.797483</timestamp>
			</report>
			<report>
				<misses>33000001</misses>
				<total>0</total>
				<timestamp>325.788539</timestamp>
			</report>
			<report>
				<misses>33100001</misses>
				<total>0</total>
				<timestamp>326.779305</timestamp>
			</report>
			<report>
				<misses>33200001</misses>
				<total>0</total>
				<timestamp>327.770712</timestamp>
			</report>
			<report>
				<misses>33300001</misses>
				<total>0</total>
				<timestamp>328.761899</timestamp>
			</report>
			<report>
				<misses>33400001</misses>
				<total>0</total>
				<timestamp>329.753584</timestamp>
			</report>
			<report>
				<misses>33500001</misses>
				<total>0</total>
				<timestamp>330.744758</timestamp>
			</report>
			<report>
				<misses>33600001</misses>
				<total>0</total>
				<timestamp>331.735416</timestamp>
			</report>
			<report>
				<misses>33700001</misses>
				<total>0</total>
				<timestamp>332.726222</timestamp>
			</report>
			<report>
				<misses>33800001</misses>
				<total>0</total>
				<timestamp>333.717260</timestamp>
			</report>
			<report>
				<misses>33900001</misses>
				<total>0</total>
				<timestamp>334.708951</timestamp>
			</report>
			<report>
				<misses>34000001</misses>
				<total>0</total>
				<timestamp>335.699992</timestamp>
			</report>
			<report>
				<misses>34100001</misses>
				<total>0</total>
				<timestamp>336.691038</timestamp>
			</report>
			<report>
				<misses>34200001</misses>
				<total>0</total>
				<timestamp>337.681831</timestamp>
			</report>
			<report>
				<misses>34300001</misses>
				<total>0</total>
				<timestamp>338.672725</timestamp>
			</report>
			<report>
				<misses>34400001</misses>
				<total>0</total>
				<timestamp>339.663914</timestamp>
			</report>
			<report>
				<misses>34500001</misses>
				<total>0</total>
				<timestamp>340.655190</timestamp>
			</report>
			<report>
				<misses>34600001</misses>
				<total>0</total>
				<timestamp>341.646499</timestamp>
			</report>
			<report>
				<misses>34700001</misses>
				<total>0</total>
				<timestamp>342.638724</timestamp>
			</report>
			<report>
				<misses>34800001</misses>
				<total>0</total>
				<timestamp>343.632709</timestamp>
			</report>
			<report>
				<misses>34900001</misses>
				<total>0</total>
				<timestamp>344.624266</timestamp>
			</report>
			<report>
				<misses>35000001</misses>
				<total>0</total>
				<timestamp>345.614402</timestamp>
			</report>
			<report>
				<misses>35100001</misses>
				<total>0</total>
				<timestamp>346.606089</timestamp>
			</report>
			<report>
				<misses>35200001</misses>
				<total>0</total>
				<timestamp>347.596254</timestamp>
			</report>
			<report>
				<misses>35300001</misses>
				<total>0</total>
				<timestamp>348.587178</timestamp>
			</report>
			<report>
				<misses>35400001</misses>
				<total>0</total>
				<timestamp>349.577094</timestamp>
			</report>
			<report>
				<misses>35500001</misses>
				<total>0</total>
				<timestamp>350.567902</timestamp>
			</report>
			<report>
				<misses>35600001</misses>
				<total>0</total>
				<timestamp>351.559345</timestamp>
			</report>
			<report>
				<misses>35700001</misses>
				<total>0</total>
				<timestamp>352.550797</timestamp>
			</report>
			<report>
				<misses>35800001</misses>
				<total>0</total>
				<timestamp>353.540939</timestamp>
			</report>
			<report>
				<misses>35900001</misses>
				<total>0</total>
				<timestamp>354.531081</timestamp>
			</report>
			<report>
				<misses>36000001</misses>
				<total>0</total>
				<timestamp>355.521616</timestamp>
			</report>
			<report>
				<misses>36100001</misses>
				<total>0</total>
				<timestamp>356.512948</timestamp>
			</report>
			<report>
				<misses>36200001</misses>
				<total>0</total>
				<timestamp>357.504534</timestamp>
			</report>
			<report>
				<misses>36300001</misses>
				<total>0</total>
				<timestamp>358.495203</timestamp>
			</report>
			<report>
				<misses>36400001</misses>
				<total>0</total>
				<timestamp>359.487035</timestamp>
			</report>
			<report>
				<misses>36500001</misses>
				<total>0</total>
				<timestamp>360.478099</timestamp>
			</report>
			<report>
				<misses>36600001</misses>
				<total>0</total>
				<timestamp>361.469543</timestamp>
			</report>
			<report>
				<misses>36700001</misses>
				<total>0</total>
				<timestamp>362.459951</timestamp>
			</report>
			<report>
				<misses>36800001</misses>
				<total>0</total>
				<timestamp>363.451005</timestamp>
			</report>
			<report>
				<misses>36900001</misses>
				<total>0</total>
				<timestamp>364.441668</timestamp>
			</report>
			<report>
				<misses>37000001</misses>
				<total>0</total>
				<timestamp>365.432977</timestamp>
			</report>
			<report>
				<misses>37100001</misses>
				<total>0</total>
				<timestamp>366.423785</timestamp>
			</report>
			<report>
				<misses>37200001</misses>
				<total>0</total>
				<timestamp>367.414965</timestamp>
			</report>
			<report>
				<misses>37300001</misses>
				<total>0</total>
				<timestamp>368.406653</timestamp>
			</report>
			<report>
				<misses>37400001</misses>
				<total>0</total>
				<timestamp>369.397945</timestamp>
			</report>
			<report>
				<misses>37500001</misses>
				<total>0</total>
				<timestamp>370.388602</timestamp>
			</report>
			<report>
				<misses>37600001</misses>
				<total>0</total>
				<timestamp>371.379517</timestamp>
			</report>
			<report>
				<misses>37700001</misses>
				<total>0</total>
				<timestamp>372.370811</timestamp>
			</report>
			<report>
				<misses>37800001</misses>
				<total>0</total>
				<timestamp>373.362357</timestamp>
			</report>
			<report>
				<misses>37900001</misses>
				<total>0</total>
				<timestamp>374.353917</timestamp>
			</report>
			<report>
				<misses>38000001</misses>
				<total>0</total>
				<timestamp>375.344971</timestamp>
			</report>
			<report>
				<misses>38100001</misses>
				<total>0</total>
				<timestamp>376.335646</timestamp>
			</report>
			<report>
				<misses>38200001</misses>
				<total>0</total>
				<timestamp>377.326831</timestamp>
			</report>
			<report>
				<misses>38300001</misses>
				<total>0</total>
				<timestamp>378.318658</timestamp>
			</report>
			<report>
				<misses>38400001</misses>
				<total>0</total>
				<timestamp>379.309088</timestamp>
			</report>
			<report>
				<misses>38500001</misses>
				<total>0</total>
				<timestamp>380.299450</timestamp>
			</report>
			<report>
				<misses>38600001</misses>
				<total>0</total>
				<timestamp>381.289859</timestamp>
			</report>
			<report>
				<misses>38700001</misses>
				<total>0</total>
				<timestamp>382.280520</timestamp>
			</report>
			<report>
				<misses>38800001</misses>
				<total>0</total>
				<timestamp>383.271301</timestamp>
			</report>
			<report>
				<misses>38900001</misses>
				<total>0</total>
				<timestamp>384.262362</timestamp>
			</report>
			<report>
				<misses>39000001</misses>
				<total>0</total>
				<timestamp>385.253423</timestamp>
			</report>
			<report>
				<misses>39100001</misses>
				<total>0</total>
				<timestamp>386.244223</timestamp>
			</report>
			<report>
				<misses>39200001</misses>
				<total>0</total>
				<timestamp>387.235030</timestamp>
			</report>
			<report>
				<misses>39300001</misses>
				<total>0</total>
				<timestamp>388.226197</timestamp>
			</report>
			<report>
				<misses>39400001</misses>
				<total>0</total>
				<timestamp>389.217131</timestamp>
			</report>
			<report>
				<misses>39500001</misses>
				<total>0</total>
				<timestamp>390.208449</timestamp>
			</report>
			<report>
				<misses>39600001</misses>
				<total>0</total>
				<timestamp>391.198989</timestamp>
			</report>
			<report>
				<misses>39700001</misses>
				<total>0</total>
				<timestamp>392.190666</timestamp>
			</report>
			<report>
				<misses>39800001</misses>
				<total>0</total>
				<timestamp>393.181073</timestamp>
			</report>
			<report>
				<misses>39900001</misses>
				<total>0</total>
				<timestamp>394.172772</timestamp>
			</report>
			<report>
				<misses>40000001</misses>
				<total>0</total>
				<timestamp>395.163685</timestamp>
			</report>
			<report>
				<misses>40100001</misses>
				<total>0</total>
				<timestamp>396.154350</timestamp>
			</report>
			<report>
				<misses>40200001</misses>
				<total>0</total>
				<timestamp>397.145679</timestamp>
			</report>
			<report>
				<misses>40300001</misses>
				<total>0</total>
				<timestamp>398.136431</timestamp>
			</report>
			<report>
				<misses>40400001</misses>
				<total>0</total>
				<timestamp>399.127225</timestamp>
			</report>
			<report>
				<misses>40500001</misses>
				<total>0</total>
				<timestamp>400.117753</timestamp>
			</report>
			<report>
				<misses>40600001</misses>
				<total>0</total>
				<timestamp>401.109058</timestamp>
			</report>
			<report>
				<misses>40700001</misses>
				<total>0</total>
				<timestamp>402.101009</timestamp>
			</report>
			<report>
				<misses>40800001</misses>
				<total>0</total>
				<timestamp>403.090591</timestamp>
			</report>
			<report>
				<misses>40900001</misses>
				<total>0</total>
				<timestamp>404.082139</timestamp>
			</report>
			<report>
				<misses>41000001</misses>
				<total>0</total>
				<timestamp>405.072679</timestamp>
			</report>
			<report>
				<misses>41100001</misses>
				<total>0</total>
				<timestamp>406.062543</timestamp>
			</report>
			<report>
				<misses>41200001</misses>
				<total>0</total>
				<timestamp>407.052438</timestamp>
			</report>
			<report>
				<misses>41300001</misses>
				<total>0</total>
				<timestamp>408.042603</timestamp>
			</report>
			<report>
				<misses>41400001</misses>
				<total>0</total>
				<timestamp>409.033370</timestamp>
			</report>
			<report>
				<misses>41500001</misses>
				<total>0</total>
				<timestamp>410.024439</timestamp>
			</report>
			<report>
				<misses>41600001</misses>
				<total>0</total>
				<timestamp>411.015863</timestamp>
			</report>
			<report>
				<misses>41700001</misses>
				<total>0</total>
				<timestamp>412.006274</timestamp>
			</report>
			<report>
				<misses>41800001</misses>
				<total>0</total>
				<timestamp>412.997035</timestamp>
			</report>
			<report>
				<misses>41900001</misses>
				<total>0</total>
				<timestamp>413.987301</timestamp>
			</report>
			<report>
				<misses>42000001</misses>
				<total>0</total>
				<timestamp>414.978223</timestamp>
			</report>
			<report>
				<misses>42100001</misses>
				<total>0</total>
				<timestamp>415.968105</timestamp>
			</report>
			<report>
				<misses>42200001</misses>
				<total>0</total>
				<timestamp>416.957604</timestamp>
			</report>
			<report>
				<misses>42300001</misses>
				<total>0</total>
				<timestamp>417.948393</timestamp>
			</report>
			<report>
				<misses>42400001</misses>
				<total>0</total>
				<timestamp>418.939551</timestamp>
			</report>
			<report>
				<misses>42500001</misses>
				<total>0</total>
				<timestamp>419.930333</timestamp>
			</report>
			<report>
				<misses>42600001</misses>
				<total>0</total>
				<timestamp>420.920734</timestamp>
			</report>
			<report>
				<misses>42700001</misses>
				<total>0</total>
				<timestamp>421.911518</timestamp>
			</report>
			<report>
				<misses>42800001</misses>
				<total>0</total>
				<timestamp>422.893884</timestamp>
			</report>
			<report>
				<misses>42900001</misses>
				<total>0</total>
				<timestamp>423.872136</timestamp>
			</report>
			<report>
				<misses>43000001</misses>
				<total>0</total>
				<timestamp>424.849232</timestamp>
			</report>
			<report>
				<misses>43100001</misses>
				<total>0</total>
				<timestamp>425.827230</timestamp>
			</report>
			<report>
				<misses>43200001</misses>
				<total>0</total>
				<timestamp>426.802899</timestamp>
			</report>
			<report>
				<misses>43300001</misses>
				<total>0</total>
				<timestamp>427.779359</timestamp>
			</report>
			<report>
				<misses>43400001</misses>
				<total>0</total>
				<timestamp>428.756717</timestamp>
			</report>
			<report>
				<misses>43500001</misses>
				<total>0</total>
				<timestamp>429.735485</timestamp>
			</report>
			<report>
				<misses>43600001</misses>
				<total>0</total>
				<timestamp>430.713741</timestamp>
			</report>
			<report>
				<misses>43700001</misses>
				<total>0</total>
				<timestamp>431.690707</timestamp>
			</report>
			<report>
				<misses>43800001</misses>
				<total>0</total>
				<timestamp>432.668335</timestamp>
			</report>
			<report>
				<misses>43900001</misses>
				<total>0</total>
				<timestamp>433.645310</timestamp>
			</report>
			<report>
				<misses>44000001</misses>
				<total>0</total>
				<timestamp>434.622923</timestamp>
			</report>
			<report>
				<misses>44100001</misses>
				<total>0</total>
				<timestamp>435.600789</timestamp>
			</report>
			<report>
				<misses>44200001</misses>
				<total>0</total>
				<timestamp>436.577381</timestamp>
			</report>
			<report>
				<misses>44300001</misses>
				<total>0</total>
				<timestamp>437.553423</timestamp>
			</report>
			<report>
				<misses>44400001</misses>
				<total>0</total>
				<timestamp>438.530004</timestamp>
			</report>
			<report>
				<misses>44500001</misses>
				<total>0</total>
				<timestamp>439.506582</timestamp>
			</report>
			<report>
				<misses>44600001</misses>
				<total>0</total>
				<timestamp>440.484973</timestamp>
			</report>
			<report>
				<misses>44700001</misses>
				<total>0</total>
				<timestamp>441.462465</timestamp>
			</report>
			<report>
				<misses>44800001</misses>
				<total>0</total>
				<timestamp>442.440330</timestamp>
			</report>
			<report>
				<misses>44900001</misses>
				<total>0</total>
				<timestamp>443.417942</timestamp>
			</report>
			<report>
				<misses>45000001</misses>
				<total>0</total>
				<timestamp>444.395809</timestamp>
			</report>
			<report>
				<misses>45100001</misses>
				<total>0</total>
				<timestamp>445.373170</timestamp>
			</report>
			<report>
				<misses>45200001</misses>
				<total>0</total>
				<timestamp>446.350274</timestamp>
			</report>
			<report>
				<misses>45300001</misses>
				<total>0</total>
				<timestamp>447.326472</timestamp>
			</report>
			<report>
				<misses>45400001</misses>
				<total>0</total>
				<timestamp>448.304983</timestamp>
			</report>
			<report>
				<misses>45500001</misses>
				<total>0</total>
				<timestamp>449.282482</timestamp>
			</report>
			<report>
				<misses>45600001</misses>
				<total>0</total>
				<timestamp>450.260730</timestamp>
			</report>
			<report>
				<misses>45700001</misses>
				<total>0</total>
				<timestamp>451.238096</timestamp>
			</report>
			<report>
				<misses>45800001</misses>
				<total>0</total>
				<timestamp>452.215677</timestamp>
			</report>
			<report>
				<misses>45900001</misses>
				<total>0</total>
				<timestamp>453.192543</timestamp>
			</report>
			<report>
				<misses>46000001</misses>
				<total>0</total>
				<timestamp>454.170138</timestamp>
			</report>
			<report>
				<misses>46100001</misses>
				<total>0</total>
				<timestamp>455.145574</timestamp>
			</report>
			<report>
				<misses>46200001</misses>
				<total>0</total>
				<timestamp>456.122274</timestamp>
			</report>
			<report>
				<misses>46300001</misses>
				<total>0</total>
				<timestamp>457.097313</timestamp>
			</report>
			<report>
				<misses>46400001</misses>
				<total>0</total>
				<timestamp>458.074154</timestamp>
			</report>
			<report>
				<misses>46500001</misses>
				<total>0</total>
				<timestamp>459.052418</timestamp>
			</report>
			<report>
				<misses>46600001</misses>
				<total>0</total>
				<timestamp>460.031173</timestamp>
			</report>
			<report>
				<misses>46700001</misses>
				<total>0</total>
				<timestamp>461.009715</timestamp>
			</report>
			<report>
				<misses>46800001</misses>
				<total>0</total>
				<timestamp>461.986409</timestamp>
			</report>
			<report>
				<misses>46900001</misses>
				<total>0</total>
				<timestamp>462.962995</timestamp>
			</report>
			<report>
				<misses>47000001</misses>
				<total>0</total>
				<timestamp>463.939307</timestamp>
			</report>
			<report>
				<misses>47100001</misses>
				<total>0</total>
				<timestamp>464.915106</timestamp>
			</report>
			<report>
				<misses>47200001</misses>
				<total>0</total>
				<timestamp>465.892989</timestamp>
			</report>
			<report>
				<misses>47300001</misses>
				<total>0</total>
				<timestamp>466.868682</timestamp>
			</report>
			<report>
				<misses>47400001</misses>
				<total>0</total>
				<timestamp>467.843196</timestamp>
			</report>
			<report>
				<misses>47500001</misses>
				<total>0</total>
				<timestamp>468.821459</timestamp>
			</report>
			<report>
				<misses>47600001</misses>
				<total>0</total>
				<timestamp>469.796497</timestamp>
			</report>
			<report>
				<misses>47700001</misses>
				<total>0</total>
				<timestamp>470.771906</timestamp>
			</report>
			<report>
				<misses>47800001</misses>
				<total>0</total>
				<timestamp>471.750296</timestamp>
			</report>
			<report>
				<misses>47900001</misses>
				<total>0</total>
				<timestamp>472.727636</timestamp>
			</report>
			<report>
				<misses>48000001</misses>
				<total>0</total>
				<timestamp>473.703588</timestamp>
			</report>
			<report>
				<misses>48100001</misses>
				<total>0</total>
				<timestamp>474.678854</timestamp>
			</report>
			<report>
				<misses>48200001</misses>
				<total>0</total>
				<timestamp>475.654430</timestamp>
			</report>
			<report>
				<misses>48300001</misses>
				<total>0</total>
				<timestamp>476.627774</timestamp>
			</report>
			<report>
				<misses>48400001</misses>
				<total>0</total>
				<timestamp>477.602927</timestamp>
			</report>
			<report>
				<misses>48500001</misses>
				<total>0</total>
				<timestamp>478.580675</timestamp>
			</report>
			<report>
				<misses>48600001</misses>
				<total>0</total>
				<timestamp>479.557516</timestamp>
			</report>
			<report>
				<misses>48700001</misses>
				<total>0</total>
				<timestamp>480.535128</timestamp>
			</report>
			<report>
				<misses>48800001</misses>
				<total>0</total>
				<timestamp>481.512494</timestamp>
			</report>
			<report>
				<misses>48900001</misses>
				<total>0</total>
				<timestamp>482.490338</timestamp>
			</report>
			<report>
				<misses>49000001</misses>
				<total>0</total>
				<timestamp>483.465515</timestamp>
			</report>
			<report>
				<misses>49100001</misses>
				<total>0</total>
				<timestamp>484.442359</timestamp>
			</report>
			<report>
				<misses>49200001</misses>
				<total>0</total>
				<timestamp>485.417908</timestamp>
			</report>
			<report>
				<misses>49300001</misses>
				<total>0</total>
				<timestamp>486.394986</timestamp>
			</report>
			<report>
				<misses>49400001</misses>
				<total>0</total>
				<timestamp>487.371576</timestamp>
			</report>
			<report>
				<misses>49500001</misses>
				<total>0</total>
				<timestamp>488.348934</timestamp>
			</report>
			<report>
				<misses>49600001</misses>
				<total>0</total>
				<timestamp>489.322807</timestamp>
			</report>
			<report>
				<misses>49700001</misses>
				<total>0</total>
				<timestamp>490.299777</timestamp>
			</report>
			<report>
				<misses>49800001</misses>
				<total>0</total>
				<timestamp>491.278294</timestamp>
			</report>
			<report>
				<misses>49900001</misses>
				<total>0</total>
				<timestamp>492.254995</timestamp>
			</report>
			<report>
				<misses>50000001</misses>
				<total>0</total>
				<timestamp>493.230673</timestamp>
			</report>
			<report>
				<misses>50100001</misses>
				<total>0</total>
				<timestamp>494.207899</timestamp>
			</report>
			<report>
				<misses>50200001</misses>
				<total>0</total>
				<timestamp>495.182421</timestamp>
			</report>
			<report>
				<misses>50300001</misses>
				<total>0</total>
				<timestamp>496.158100</timestamp>
			</report>
			<report>
				<misses>50400001</misses>
				<total>0</total>
				<timestamp>497.132095</timestamp>
			</report>
			<report>
				<misses>50500001</misses>
				<total>0</total>
				<timestamp>498.109199</timestamp>
			</report>
			<report>
				<misses>50600001</misses>
				<total>0</total>
				<timestamp>499.084109</timestamp>
			</report>
			<report>
				<misses>50700001</misses>
				<total>0</total>
				<timestamp>500.059140</timestamp>
			</report>
			<report>
				<misses>50800001</misses>
				<total>0</total>
				<timestamp>501.037122</timestamp>
			</report>
			<report>
				<misses>50900001</misses>
				<total>0</total>
				<timestamp>502.013084</timestamp>
			</report>
			<report>
				<misses>51000001</misses>
				<total>0</total>
				<timestamp>502.988498</timestamp>
			</report>
			<report>
				<misses>51100001</misses>
				<total>0</total>
				<timestamp>503.964811</timestamp>
			</report>
			<report>
				<misses>51200001</misses>
				<total>0</total>
				<timestamp>504.941931</timestamp>
			</report>
			<report>
				<misses>51300001</misses>
				<total>0</total>
				<timestamp>505.919907</timestamp>
			</report>
			<report>
				<misses>51400001</misses>
				<total>0</total>
				<timestamp>506.895972</timestamp>
			</report>
			<report>
				<misses>51500001</misses>
				<total>0</total>
				<timestamp>507.871005</timestamp>
			</report>
			<report>
				<misses>51600001</misses>
				<total>0</total>
				<timestamp>508.847335</timestamp>
			</report>
			<report>
				<misses>51700001</misses>
				<total>0</total>
				<timestamp>509.823771</timestamp>
			</report>
			<report>
				<misses>51800001</misses>
				<total>0</total>
				<timestamp>510.802160</timestamp>
			</report>
			<report>
				<misses>51900001</misses>
				<total>0</total>
				<timestamp>511.779138</timestamp>
			</report>
			<report>
				<misses>52000001</misses>
				<total>0</total>
				<timestamp>512.754567</timestamp>
			</report>
			<report>
				<misses>52100001</misses>
				<total>0</total>
				<timestamp>513.730362</timestamp>
			</report>
			<report>
				<misses>52200001</misses>
				<total>0</total>
				<timestamp>514.706316</timestamp>
			</report>
			<report>
				<misses>52300001</misses>
				<total>0</total>
				<timestamp>515.682238</timestamp>
			</report>
			<report>
				<misses>52400001</misses>
				<total>0</total>
				<timestamp>516.659976</timestamp>
			</report>
			<report>
				<misses>52500001</misses>
				<total>0</total>
				<timestamp>517.634370</timestamp>
			</report>
			<report>
				<misses>52600001</misses>
				<total>0</total>
				<timestamp>518.611466</timestamp>
			</report>
			<report>
				<misses>52700001</misses>
				<total>0</total>
				<timestamp>519.588442</timestamp>
			</report>
			<report>
				<misses>52800001</misses>
				<total>0</total>
				<timestamp>520.562704</timestamp>
			</report>
			<report>
				<misses>52900001</misses>
				<total>0</total>
				<timestamp>521.538361</timestamp>
			</report>
			<report>
				<misses>53000001</misses>
				<total>0</total>
				<timestamp>522.513659</timestamp>
			</report>
			<report>
				<misses>53100001</misses>
				<total>0</total>
				<timestamp>523.490623</timestamp>
			</report>
			<report>
				<misses>53200001</misses>
				<total>0</total>
				<timestamp>524.465263</timestamp>
			</report>
			<report>
				<misses>53300001</misses>
				<total>0</total>
				<timestamp>525.442753</timestamp>
			</report>
			<report>
				<misses>53400001</misses>
				<total>0</total>
				<timestamp>526.420632</timestamp>
			</report>
			<report>
				<misses>53500001</misses>
				<total>0</total>
				<timestamp>527.396838</timestamp>
			</report>
			<report>
				<misses>53600001</misses>
				<total>0</total>
				<timestamp>528.374053</timestamp>
			</report>
			<report>
				<misses>53700001</misses>
				<total>0</total>
				<timestamp>529.351525</timestamp>
			</report>
			<report>
				<misses>53800001</misses>
				<total>0</total>
				<timestamp>530.327489</timestamp>
			</report>
			<report>
				<misses>53900001</misses>
				<total>0</total>
				<timestamp>531.303935</timestamp>
			</report>
			<report>
				<misses>54000001</misses>
				<total>0</total>
				<timestamp>532.279729</timestamp>
			</report>
			<report>
				<misses>54100001</misses>
				<total>0</total>
				<timestamp>533.255797</timestamp>
			</report>
			<report>
				<misses>54200001</misses>
				<total>0</total>
				<timestamp>534.230944</timestamp>
			</report>
			<report>
				<misses>54300001</misses>
				<total>0</total>
				<timestamp>535.208309</timestamp>
			</report>
			<report>
				<misses>54400001</misses>
				<total>0</total>
				<timestamp>536.183348</timestamp>
			</report>
			<report>
				<misses>54500001</misses>
				<total>0</total>
				<timestamp>537.160428</timestamp>
			</report>
			<report>
				<misses>54600001</misses>
				<total>0</total>
				<timestamp>538.137672</timestamp>
			</report>
			<report>
				<misses>54700001</misses>
				<total>0</total>
				<timestamp>539.115931</timestamp>
			</report>
			<report>
				<misses>54800001</misses>
				<total>0</total>
				<timestamp>540.093804</timestamp>
			</report>
			<report>
				<misses>54900001</misses>
				<total>0</total>
				<timestamp>541.071924</timestamp>
			</report>
			<report>
				<misses>55000001</misses>
				<total>0</total>
				<timestamp>542.047488</timestamp>
			</report>
			<report>
				<misses>55100001</misses>
				<total>0</total>
				<timestamp>543.024695</timestamp>
			</report>
			<report>
				<misses>55200001</misses>
				<total>0</total>
				<timestamp>543.999595</timestamp>
			</report>
			<report>
				<misses>55300001</misses>
				<total>0</total>
				<timestamp>544.976065</timestamp>
			</report>
			<report>
				<misses>55400001</misses>
				<total>0</total>
				<timestamp>545.953945</timestamp>
			</report>
			<report>
				<misses>55500001</misses>
				<total>0</total>
				<timestamp>546.931916</timestamp>
			</report>
			<report>
				<misses>55600001</misses>
				<total>0</total>
				<timestamp>547.909936</timestamp>
			</report>
			<report>
				<misses>55700001</misses>
				<total>0</total>
				<timestamp>548.886269</timestamp>
			</report>
			<report>
				<misses>55800001</misses>
				<total>0</total>
				<timestamp>549.861402</timestamp>
			</report>
			<report>
				<misses>55900001</misses>
				<total>0</total>
				<timestamp>550.847430</timestamp>
			</report>
			<report>
				<misses>56000001</misses>
				<total>0</total>
				<timestamp>551.838204</timestamp>
			</report>
			<report>
				<misses>56100001</misses>
				<total>0</total>
				<timestamp>552.828587</timestamp>
			</report>
			<report>
				<misses>56200001</misses>
				<total>0</total>
				<timestamp>553.818972</timestamp>
			</report>
			<report>
				<misses>56300001</misses>
				<total>0</total>
				<timestamp>554.810124</timestamp>
			</report>
			<report>
				<misses>56400001</misses>
				<total>0</total>
				<timestamp>555.800497</timestamp>
			</report>
			<report>
				<misses>56500001</misses>
				<total>0</total>
				<timestamp>556.792052</timestamp>
			</report>
			<report>
				<misses>56600001</misses>
				<total>0</total>
				<timestamp>557.782450</timestamp>
			</report>
			<report>
				<misses>56700001</misses>
				<total>0</total>
				<timestamp>558.772950</timestamp>
			</report>
			<report>
				<misses>56800001</misses>
				<total>0</total>
				<timestamp>559.763479</timestamp>
			</report>
			<report>
				<misses>56900001</misses>
				<total>0</total>
				<timestamp>560.753719</timestamp>
			</report>
			<report>
				<misses>57000001</misses>
				<total>0</total>
				<timestamp>561.744635</timestamp>
			</report>
			<report>
				<misses>57100001</misses>
				<total>0</total>
				<timestamp>562.735797</timestamp>
			</report>
			<report>
				<misses>57200001</misses>
				<total>0</total>
				<timestamp>563.727201</timestamp>
			</report>
			<report>
				<misses>57300001</misses>
				<total>0</total>
				<timestamp>564.717473</timestamp>
			</report>
			<report>
				<misses>57400001</misses>
				<total>0</total>
				<timestamp>565.707863</timestamp>
			</report>
			<report>
				<misses>57500001</misses>
				<total>0</total>
				<timestamp>566.698520</timestamp>
			</report>
			<report>
				<misses>57600001</misses>
				<total>0</total>
				<timestamp>567.689266</timestamp>
			</report>
			<report>
				<misses>57700001</misses>
				<total>0</total>
				<timestamp>568.678882</timestamp>
			</report>
			<report>
				<misses>57800001</misses>
				<total>0</total>
				<timestamp>569.670665</timestamp>
			</report>
			<report>
				<misses>57900001</misses>
				<total>0</total>
				<timestamp>570.661592</timestamp>
			</report>
			<report>
				<misses>58000001</misses>
				<total>0</total>
				<timestamp>571.652592</timestamp>
			</report>
			<report>
				<misses>58100001</misses>
				<total>0</total>
				<timestamp>572.643259</timestamp>
			</report>
			<report>
				<misses>58200001</misses>
				<total>0</total>
				<timestamp>573.633531</timestamp>
			</report>
			<report>
				<misses>58300001</misses>
				<total>0</total>
				<timestamp>574.623945</timestamp>
			</report>
			<report>
				<misses>58400001</misses>
				<total>0</total>
				<timestamp>575.614745</timestamp>
			</report>
			<report>
				<misses>58500001</misses>
				<total>0</total>
				<timestamp>576.605416</timestamp>
			</report>
			<report>
				<misses>58600001</misses>
				<total>0</total>
				<timestamp>577.596596</timestamp>
			</report>
			<report>
				<misses>58700001</misses>
				<total>0</total>
				<timestamp>578.587786</timestamp>
			</report>
			<report>
				<misses>58800001</misses>
				<total>0</total>
				<timestamp>579.578934</timestamp>
			</report>
			<report>
				<misses>58900001</misses>
				<total>0</total>
				<timestamp>580.569217</timestamp>
			</report>
			<report>
				<misses>59000001</misses>
				<total>0</total>
				<timestamp>581.559508</timestamp>
			</report>
			<report>
				<misses>59100001</misses>
				<total>0</total>
				<timestamp>582.550653</timestamp>
			</report>
			<report>
				<misses>59200001</misses>
				<total>0</total>
				<timestamp>583.541048</timestamp>
			</report>
			<report>
				<misses>59300001</misses>
				<total>0</total>
				<timestamp>584.531706</timestamp>
			</report>
			<report>
				<misses>59400001</misses>
				<total>0</total>
				<timestamp>585.522621</timestamp>
			</report>
			<report>
				<misses>59500001</misses>
				<total>0</total>
				<timestamp>586.513131</timestamp>
			</report>
			<report>
				<misses>59600001</misses>
				<total>0</total>
				<timestamp>587.504046</timestamp>
			</report>
			<report>
				<misses>59700001</misses>
				<total>0</total>
				<timestamp>588.494961</timestamp>
			</report>
			<report>
				<misses>59800001</misses>
				<total>0</total>
				<timestamp>589.485492</timestamp>
			</report>
			<report>
				<misses>59900001</misses>
				<total>0</total>
				<timestamp>590.476028</timestamp>
			</report>
			<report>
				<misses>60000001</misses>
				<total>0</total>
				<timestamp>591.467310</timestamp>
			</report>
			<report>
				<misses>60100001</misses>
				<total>0</total>
				<timestamp>592.458492</timestamp>
			</report>
			<report>
				<misses>60200001</misses>
				<total>0</total>
				<timestamp>593.449660</timestamp>
			</report>
			<report>
				<misses>60300001</misses>
				<total>0</total>
				<timestamp>594.440708</timestamp>
			</report>
			<report>
				<misses>60400001</misses>
				<total>0</total>
				<timestamp>595.431111</timestamp>
			</report>
			<report>
				<misses>60500001</misses>
				<total>0</total>
				<timestamp>596.421789</timestamp>
			</report>
			<report>
				<misses>60600001</misses>
				<total>0</total>
				<timestamp>597.412029</timestamp>
			</report>
			<report>
				<misses>60700001</misses>
				<total>0</total>
				<timestamp>598.402319</timestamp>
			</report>
			<report>
				<misses>60800001</misses>
				<total>0</total>
				<timestamp>599.393385</timestamp>
			</report>
			<report>
				<misses>60900001</misses>
				<total>0</total>
				<timestamp>600.384655</timestamp>
			</report>
			<report>
				<misses>61000001</misses>
				<total>0</total>
				<timestamp>601.375299</timestamp>
			</report>
			<report>
				<misses>61100001</misses>
				<total>0</total>
				<timestamp>602.366098</timestamp>
			</report>
			<report>
				<misses>61200001</misses>
				<total>0</total>
				<timestamp>603.356360</timestamp>
			</report>
			<report>
				<misses>61300001</misses>
				<total>0</total>
				<timestamp>604.346077</timestamp>
			</report>
			<report>
				<misses>61400001</misses>
				<total>0</total>
				<timestamp>605.337387</timestamp>
			</report>
			<report>
				<misses>61500001</misses>
				<total>0</total>
				<timestamp>606.328447</timestamp>
			</report>
			<report>
				<misses>61600001</misses>
				<total>0</total>
				<timestamp>607.317667</timestamp>
			</report>
			<report>
				<misses>61700001</misses>
				<total>0</total>
				<timestamp>608.307571</timestamp>
			</report>
			<report>
				<misses>61800001</misses>
				<total>0</total>
				<timestamp>609.298247</timestamp>
			</report>
			<report>
				<misses>61900001</misses>
				<total>0</total>
				<timestamp>610.287977</timestamp>
			</report>
			<report>
				<misses>62000001</misses>
				<total>0</total>
				<timestamp>611.279428</timestamp>
			</report>
			<report>
				<misses>62100001</misses>
				<total>0</total>
				<timestamp>612.270459</timestamp>
			</report>
			<report>
				<misses>62200001</misses>
				<total>0</total>
				<timestamp>613.261258</timestamp>
			</report>
			<report>
				<misses>62300001</misses>
				<total>0</total>
				<timestamp>614.252042</timestamp>
			</report>
			<report>
				<misses>62400001</misses>
				<total>0</total>
				<timestamp>615.242561</timestamp>
			</report>
			<report>
				<misses>62500001</misses>
				<total>0</total>
				<timestamp>616.234761</timestamp>
			</report>
			<report>
				<misses>62600001</misses>
				<total>0</total>
				<timestamp>617.225710</timestamp>
			</report>
			<report>
				<misses>62700001</misses>
				<total>0</total>
				<timestamp>618.216102</timestamp>
			</report>
			<report>
				<misses>62800001</misses>
				<total>0</total>
				<timestamp>619.206248</timestamp>
			</report>
			<report>
				<misses>62900001</misses>
				<total>0</total>
				<timestamp>620.196408</timestamp>
			</report>
			<report>
				<misses>63000001</misses>
				<total>0</total>
				<timestamp>621.187171</timestamp>
			</report>
			<report>
				<misses>63100001</misses>
				<total>0</total>
				<timestamp>622.177453</timestamp>
			</report>
			<report>
				<misses>63200001</misses>
				<total>0</total>
				<timestamp>623.167485</timestamp>
			</report>
			<report>
				<misses>63300001</misses>
				<total>0</total>
				<timestamp>624.158122</timestamp>
			</report>
			<report>
				<misses>63400001</misses>
				<total>0</total>
				<timestamp>625.149161</timestamp>
			</report>
			<report>
				<misses>63500001</misses>
				<total>0</total>
				<timestamp>626.139573</timestamp>
			</report>
			<report>
				<misses>63600001</misses>
				<total>0</total>
				<timestamp>627.130847</timestamp>
			</report>
			<report>
				<misses>63700001</misses>
				<total>0</total>
				<timestamp>628.121367</timestamp>
			</report>
			<report>
				<misses>63800001</misses>
				<total>0</total>
				<timestamp>629.111632</timestamp>
			</report>
			<report>
				<misses>63900001</misses>
				<total>0</total>
				<timestamp>630.101393</timestamp>
			</report>
			<report>
				<misses>64000001</misses>
				<total>0</total>
				<timestamp>631.090353</timestamp>
			</report>
			<report>
				<misses>64100001</misses>
				<total>0</total>
				<timestamp>632.080634</timestamp>
			</report>
			<report>
				<misses>64200001</misses>
				<total>0</total>
				<timestamp>633.071948</timestamp>
			</report>
			<report>
				<misses>64300001</misses>
				<total>0</total>
				<timestamp>634.063422</timestamp>
			</report>
			<report>
				<misses>64400001</misses>
				<total>0</total>
				<timestamp>635.054480</timestamp>
			</report>
			<report>
				<misses>64500001</misses>
				<total>0</total>
				<timestamp>636.045264</timestamp>
			</report>
			<report>
				<misses>64600001</misses>
				<total>0</total>
				<timestamp>637.036053</timestamp>
			</report>
			<report>
				<misses>64700001</misses>
				<total>0</total>
				<timestamp>638.025940</timestamp>
			</report>
			<report>
				<misses>64800001</misses>
				<total>0</total>
				<timestamp>639.016087</timestamp>
			</report>
			<report>
				<misses>64900001</misses>
				<total>0</total>
				<timestamp>640.006336</timestamp>
			</report>
			<report>
				<misses>65000001</misses>
				<total>0</total>
				<timestamp>640.997005</timestamp>
			</report>
			<report>
				<misses>65100001</misses>
				<total>0</total>
				<timestamp>641.988315</timestamp>
			</report>
			<report>
				<misses>65200001</misses>
				<total>0</total>
				<timestamp>642.979639</timestamp>
			</report>
			<report>
				<misses>65300001</misses>
				<total>0</total>
				<timestamp>643.970301</timestamp>
			</report>
			<report>
				<misses>65400001</misses>
				<total>0</total>
				<timestamp>644.960325</timestamp>
			</report>
			<report>
				<misses>65500001</misses>
				<total>0</total>
				<timestamp>645.950487</timestamp>
			</report>
			<report>
				<misses>65600001</misses>
				<total>0</total>
				<timestamp>646.941625</timestamp>
			</report>
			<report>
				<misses>65700001</misses>
				<total>0</total>
				<timestamp>647.932282</timestamp>
			</report>
			<report>
				<misses>65800001</misses>
				<total>0</total>
				<timestamp>648.922949</timestamp>
			</report>
			<report>
				<misses>65900001</misses>
				<total>0</total>
				<timestamp>649.913095</timestamp>
			</report>
			<report>
				<misses>66000001</misses>
				<total>0</total>
				<timestamp>650.903747</timestamp>
			</report>
			<report>
				<misses>66100001</misses>
				<total>0</total>
				<timestamp>651.894665</timestamp>
			</report>
			<report>
				<misses>66200001</misses>
				<total>0</total>
				<timestamp>652.884943</timestamp>
			</report>
			<report>
				<misses>66300001</misses>
				<total>0</total>
				<timestamp>653.875614</timestamp>
			</report>
			<report>
				<misses>66400001</misses>
				<total>0</total>
				<timestamp>654.866809</timestamp>
			</report>
			<report>
				<misses>66500001</misses>
				<total>0</total>
				<timestamp>655.857737</timestamp>
			</report>
			<report>
				<misses>66600001</misses>
				<total>0</total>
				<timestamp>656.848793</timestamp>
			</report>
			<report>
				<misses>66700001</misses>
				<total>0</total>
				<timestamp>657.838291</timestamp>
			</report>
			<report>
				<misses>66800001</misses>
				<total>0</total>
				<timestamp>658.828319</timestamp>
			</report>
			<report>
				<misses>66900001</misses>
				<total>0</total>
				<timestamp>659.818602</timestamp>
			</report>
			<report>
				<misses>67000001</misses>
				<total>0</total>
				<timestamp>660.809143</timestamp>
			</report>
			<report>
				<misses>67100001</misses>
				<total>0</total>
				<timestamp>661.799948</timestamp>
			</report>
			<report>
				<misses>67200001</misses>
				<total>0</total>
				<timestamp>662.791347</timestamp>
			</report>
			<report>
				<misses>67300001</misses>
				<total>0</total>
				<timestamp>663.782787</timestamp>
			</report>
			<report>
				<misses>67400001</misses>
				<total>0</total>
				<timestamp>664.773296</timestamp>
			</report>
			<report>
				<misses>67500001</misses>
				<total>0</total>
				<timestamp>665.763962</timestamp>
			</report>
			<report>
				<misses>67600001</misses>
				<total>0</total>
				<timestamp>666.754883</timestamp>
			</report>
			<report>
				<misses>67700001</misses>
				<total>0</total>
				<timestamp>667.745045</timestamp>
			</report>
			<report>
				<misses>67800001</misses>
				<total>0</total>
				<timestamp>668.736080</timestamp>
			</report>
			<report>
				<misses>67900001</misses>
				<total>0</total>
				<timestamp>669.727752</timestamp>
			</report>
			<report>
				<misses>68000001</misses>
				<total>0</total>
				<timestamp>670.718920</timestamp>
			</report>
			<report>
				<misses>68100001</misses>
				<total>0</total>
				<timestamp>671.710107</timestamp>
			</report>
			<report>
				<misses>68200001</misses>
				<total>0</total>
				<timestamp>672.700484</timestamp>
			</report>
			<report>
				<misses>68300001</misses>
				<total>0</total>
				<timestamp>673.692318</timestamp>
			</report>
			<report>
				<misses>68400001</misses>
				<total>0</total>
				<timestamp>674.683880</timestamp>
			</report>
			<report>
				<misses>68500001</misses>
				<total>0</total>
				<timestamp>675.675193</timestamp>
			</report>
			<report>
				<misses>68600001</misses>
				<total>0</total>
				<timestamp>676.665949</timestamp>
			</report>
			<report>
				<misses>68700001</misses>
				<total>0</total>
				<timestamp>677.656470</timestamp>
			</report>
			<report>
				<misses>68800001</misses>
				<total>0</total>
				<timestamp>678.647769</timestamp>
			</report>
			<report>
				<misses>68900001</misses>
				<total>0</total>
				<timestamp>679.637932</timestamp>
			</report>
			<report>
				<misses>69000001</misses>
				<total>0</total>
				<timestamp>680.629092</timestamp>
			</report>
			<report>
				<misses>69100001</misses>
				<total>0</total>
				<timestamp>681.620454</timestamp>
			</report>
			<report>
				<misses>69200001</misses>
				<total>0</total>
				<timestamp>682.610743</timestamp>
			</report>
			<report>
				<misses>69300001</misses>
				<total>0</total>
				<timestamp>683.601918</timestamp>
			</report>
			<report>
				<misses>69400001</misses>
				<total>0</total>
				<timestamp>684.593085</timestamp>
			</report>
			<report>
				<misses>69500001</misses>
				<total>0</total>
				<timestamp>685.584502</timestamp>
			</report>
			<report>
				<misses>69600001</misses>
				<total>0</total>
				<timestamp>686.575294</timestamp>
			</report>
			<report>
				<misses>69700001</misses>
				<total>0</total>
				<timestamp>687.565826</timestamp>
			</report>
			<report>
				<misses>69800001</misses>
				<total>0</total>
				<timestamp>688.556753</timestamp>
			</report>
			<report>
				<misses>69900001</misses>
				<total>0</total>
				<timestamp>689.547927</timestamp>
			</report>
			<report>
				<misses>70000001</misses>
				<total>0</total>
				<timestamp>690.538567</timestamp>
			</report>
			<report>
				<misses>70100001</misses>
				<total>0</total>
				<timestamp>691.529991</timestamp>
			</report>
			<report>
				<misses>70200001</misses>
				<total>0</total>
				<timestamp>692.520500</timestamp>
			</report>
			<report>
				<misses>70300001</misses>
				<total>0</total>
				<timestamp>693.511811</timestamp>
			</report>
			<report>
				<misses>70400001</misses>
				<total>0</total>
				<timestamp>694.503502</timestamp>
			</report>
			<report>
				<misses>70500001</misses>
				<total>0</total>
				<timestamp>695.494288</timestamp>
			</report>
			<report>
				<misses>70600001</misses>
				<total>0</total>
				<timestamp>696.484813</timestamp>
			</report>
			<report>
				<misses>70700001</misses>
				<total>0</total>
				<timestamp>697.475460</timestamp>
			</report>
			<report>
				<misses>70800001</misses>
				<total>0</total>
				<timestamp>698.465851</timestamp>
			</report>
			<report>
				<misses>70900001</misses>
				<total>0</total>
				<timestamp>699.456503</timestamp>
			</report>
			<report>
				<misses>71000001</misses>
				<total>0</total>
				<timestamp>700.447533</timestamp>
			</report>
			<report>
				<misses>71100001</misses>
				<total>0</total>
				<timestamp>701.437803</timestamp>
			</report>
			<report>
				<misses>71200001</misses>
				<total>0</total>
				<timestamp>702.427700</timestamp>
			</report>
			<report>
				<misses>71300001</misses>
				<total>0</total>
				<timestamp>703.418640</timestamp>
			</report>
			<report>
				<misses>71400001</misses>
				<total>0</total>
				<timestamp>704.410041</timestamp>
			</report>
			<report>
				<misses>71500001</misses>
				<total>0</total>
				<timestamp>705.399025</timestamp>
			</report>
			<report>
				<misses>71600001</misses>
				<total>0</total>
				<timestamp>706.374985</timestamp>
			</report>
			<report>
				<misses>71700001</misses>
				<total>0</total>
				<timestamp>707.351559</timestamp>
			</report>
			<report>
				<misses>71800001</misses>
				<total>0</total>
				<timestamp>708.327123</timestamp>
			</report>
			<report>
				<misses>71900001</misses>
				<total>0</total>
				<timestamp>709.304104</timestamp>
			</report>
			<report>
				<misses>72000001</misses>
				<total>0</total>
				<timestamp>710.280202</timestamp>
			</report>
			<report>
				<misses>72100001</misses>
				<total>0</total>
				<timestamp>711.258505</timestamp>
			</report>
			<report>
				<misses>72200001</misses>
				<total>0</total>
				<timestamp>712.238411</timestamp>
			</report>
			<report>
				<misses>72300001</misses>
				<total>0</total>
				<timestamp>713.217473</timestamp>
			</report>
			<report>
				<misses>72400001</misses>
				<total>0</total>
				<timestamp>714.197035</timestamp>
			</report>
			<report>
				<misses>72500001</misses>
				<total>0</total>
				<timestamp>715.177101</timestamp>
			</report>
			<report>
				<misses>72600001</misses>
				<total>0</total>
				<timestamp>716.156660</timestamp>
			</report>
			<report>
				<misses>72700001</misses>
				<total>0</total>
				<timestamp>717.135709</timestamp>
			</report>
			<report>
				<misses>72800001</misses>
				<total>0</total>
				<timestamp>718.113978</timestamp>
			</report>
			<report>
				<misses>72900001</misses>
				<total>0</total>
				<timestamp>719.092648</timestamp>
			</report>
			<report>
				<misses>73000001</misses>
				<total>0</total>
				<timestamp>720.071426</timestamp>
			</report>
			<report>
				<misses>73100001</misses>
				<total>0</total>
				<timestamp>721.050963</timestamp>
			</report>
			<report>
				<misses>73200001</misses>
				<total>0</total>
				<timestamp>722.029648</timestamp>
			</report>
			<report>
				<misses>73300001</misses>
				<total>0</total>
				<timestamp>723.009832</timestamp>
			</report>
			<report>
				<misses>73400001</misses>
				<total>0</total>
				<timestamp>723.988766</timestamp>
			</report>
			<report>
				<misses>73500001</misses>
				<total>0</total>
				<timestamp>724.968946</timestamp>
			</report>
			<report>
				<misses>73600001</misses>
				<total>0</total>
				<timestamp>725.948388</timestamp>
			</report>
			<report>
				<misses>73700001</misses>
				<total>0</total>
				<timestamp>726.927951</timestamp>
			</report>
			<report>
				<misses>73800001</misses>
				<total>0</total>
				<timestamp>727.907636</timestamp>
			</report>
			<report>
				<misses>73900001</misses>
				<total>0</total>
				<timestamp>728.887205</timestamp>
			</report>
			<report>
				<misses>74000001</misses>
				<total>0</total>
				<timestamp>729.867150</timestamp>
			</report>
			<report>
				<misses>74100001</misses>
				<total>0</total>
				<timestamp>730.846972</timestamp>
			</report>
			<report>
				<misses>74200001</misses>
				<total>0</total>
				<timestamp>731.826919</timestamp>
			</report>
			<report>
				<misses>74300001</misses>
				<total>0</total>
				<timestamp>732.807891</timestamp>
			</report>
			<report>
				<misses>74400001</misses>
				<total>0</total>
				<timestamp>733.788107</timestamp>
			</report>
			<report>
				<misses>74500001</misses>
				<total>0</total>
				<timestamp>734.769234</timestamp>
			</report>
			<report>
				<misses>74600001</misses>
				<total>0</total>
				<timestamp>735.750628</timestamp>
			</report>
			<report>
				<misses>74700001</misses>
				<total>0</total>
				<timestamp>736.730799</timestamp>
			</report>
			<report>
				<misses>74800001</misses>
				<total>0</total>
				<timestamp>737.710606</timestamp>
			</report>
			<report>
				<misses>74900001</misses>
				<total>0</total>
				<timestamp>738.691204</timestamp>
			</report>
			<report>
				<misses>75000001</misses>
				<total>0</total>
				<timestamp>739.671650</timestamp>
			</report>
			<report>
				<misses>75100001</misses>
				<total>0</total>
				<timestamp>740.651348</timestamp>
			</report>
			<report>
				<misses>75200001</misses>
				<total>0</total>
				<timestamp>741.631198</timestamp>
			</report>
			<report>
				<misses>75300001</misses>
				<total>0</total>
				<timestamp>742.611755</timestamp>
			</report>
			<report>
				<misses>75400001</misses>
				<total>0</total>
				<timestamp>743.592468</timestamp>
			</report>
			<report>
				<misses>75500001</misses>
				<total>0</total>
				<timestamp>744.573581</timestamp>
			</report>
			<report>
				<misses>75600001</misses>
				<total>0</total>
				<timestamp>745.554050</timestamp>
			</report>
			<report>
				<misses>75700001</misses>
				<total>0</total>
				<timestamp>746.534788</timestamp>
			</report>
			<report>
				<misses>75800001</misses>
				<total>0</total>
				<timestamp>747.515268</timestamp>
			</report>
			<report>
				<misses>75900001</misses>
				<total>0</total>
				<timestamp>748.496390</timestamp>
			</report>
			<report>
				<misses>76000001</misses>
				<total>0</total>
				<timestamp>749.477255</timestamp>
			</report>
			<report>
				<misses>76100001</misses>
				<total>0</total>
				<timestamp>750.458115</timestamp>
			</report>
			<report>
				<misses>76200001</misses>
				<total>0</total>
				<timestamp>751.439375</timestamp>
			</report>
			<report>
				<misses>76300001</misses>
				<total>0</total>
				<timestamp>752.420603</timestamp>
			</report>
			<report>
				<misses>76400001</misses>
				<total>0</total>
				<timestamp>753.402335</timestamp>
			</report>
			<report>
				<misses>76500001</misses>
				<total>0</total>
				<timestamp>754.383464</timestamp>
			</report>
			<report>
				<misses>76600001</misses>
				<total>0</total>
				<timestamp>755.364054</timestamp>
			</report>
			<report>
				<misses>76700001</misses>
				<total>0</total>
				<timestamp>756.344905</timestamp>
			</report>
			<report>
				<misses>76800001</misses>
				<total>0</total>
				<timestamp>757.325901</timestamp>
			</report>
			<report>
				<misses>76900001</misses>
				<total>0</total>
				<timestamp>758.306777</timestamp>
			</report>
			<report>
				<misses>77000001</misses>
				<total>0</total>
				<timestamp>759.287476</timestamp>
			</report>
			<report>
				<misses>77100001</misses>
				<total>0</total>
				<timestamp>760.268340</timestamp>
			</report>
			<report>
				<misses>77200001</misses>
				<total>0</total>
				<timestamp>761.249206</timestamp>
			</report>
			<report>
				<misses>77300001</misses>
				<total>0</total>
				<timestamp>762.229923</timestamp>
			</report>
			<report>
				<misses>77400001</misses>
				<total>0</total>
				<timestamp>763.210506</timestamp>
			</report>
			<report>
				<misses>77500001</misses>
				<total>0</total>
				<timestamp>764.190327</timestamp>
			</report>
			<report>
				<misses>77600001</misses>
				<total>0</total>
				<timestamp>765.170806</timestamp>
			</report>
			<report>
				<misses>77700001</misses>
				<total>0</total>
				<timestamp>766.152309</timestamp>
			</report>
			<report>
				<misses>77800001</misses>
				<total>0</total>
				<timestamp>767.133295</timestamp>
			</report>
			<report>
				<misses>77900001</misses>
				<total>0</total>
				<timestamp>768.114279</timestamp>
			</report>
			<report>
				<misses>78000001</misses>
				<total>0</total>
				<timestamp>769.094890</timestamp>
			</report>
			<report>
				<misses>78100001</misses>
				<total>0</total>
				<timestamp>770.076011</timestamp>
			</report>
			<report>
				<misses>78200001</misses>
				<total>0</total>
				<timestamp>771.057404</timestamp>
			</report>
			<report>
				<misses>78300001</misses>
				<total>0</total>
				<timestamp>772.038863</timestamp>
			</report>
			<report>
				<misses>78400001</misses>
				<total>0</total>
				<timestamp>773.019707</timestamp>
			</report>
			<report>
				<misses>78500001</misses>
				<total>0</total>
				<timestamp>774.000942</timestamp>
			</report>
			<report>
				<misses>78600001</misses>
				<total>0</total>
				<timestamp>774.982960</timestamp>
			</report>
			<report>
				<misses>78700001</misses>
				<total>0</total>
				<timestamp>775.964616</timestamp>
			</report>
			<report>
				<misses>78800001</misses>
				<total>0</total>
				<timestamp>776.947751</timestamp>
			</report>
			<report>
				<misses>78900001</misses>
				<total>0</total>
				<timestamp>777.938390</timestamp>
			</report>
			<report>
				<misses>79000001</misses>
				<total>0</total>
				<timestamp>778.928547</timestamp>
			</report>
			<report>
				<misses>79100001</misses>
				<total>0</total>
				<timestamp>779.919198</timestamp>
			</report>
			<report>
				<misses>79200001</misses>
				<total>0</total>
				<timestamp>780.910118</timestamp>
			</report>
			<report>
				<misses>79300001</misses>
				<total>0</total>
				<timestamp>781.900903</timestamp>
			</report>
			<report>
				<misses>79400001</misses>
				<total>0</total>
				<timestamp>782.891952</timestamp>
			</report>
			<report>
				<misses>79500001</misses>
				<total>0</total>
				<timestamp>783.883379</timestamp>
			</report>
			<report>
				<misses>79600001</misses>
				<total>0</total>
				<timestamp>784.875081</timestamp>
			</report>
			<report>
				<misses>79700001</misses>
				<total>0</total>
				<timestamp>785.865731</timestamp>
			</report>
			<report>
				<misses>79800001</misses>
				<total>0</total>
				<timestamp>786.856263</timestamp>
			</report>
			<report>
				<misses>79900001</misses>
				<total>0</total>
				<timestamp>787.847048</timestamp>
			</report>
			<report>
				<misses>80000001</misses>
				<total>0</total>
				<timestamp>788.837836</timestamp>
			</report>
			<report>
				<misses>80100001</misses>
				<total>0</total>
				<timestamp>789.828633</timestamp>
			</report>
			<report>
				<misses>80200001</misses>
				<total>0</total>
				<timestamp>790.819290</timestamp>
			</report>
			<report>
				<misses>80300001</misses>
				<total>0</total>
				<timestamp>791.810065</timestamp>
			</report>
			<report>
				<misses>80400001</misses>
				<total>0</total>
				<timestamp>792.802126</timestamp>
			</report>
			<report>
				<misses>80500001</misses>
				<total>0</total>
				<timestamp>793.791498</timestamp>
			</report>
			<report>
				<misses>80600001</misses>
				<total>0</total>
				<timestamp>794.781112</timestamp>
			</report>
			<report>
				<misses>80700001</misses>
				<total>0</total>
				<timestamp>795.769837</timestamp>
			</report>
			<report>
				<misses>80800001</misses>
				<total>0</total>
				<timestamp>796.759090</timestamp>
			</report>
			<report>
				<misses>80900001</misses>
				<total>0</total>
				<timestamp>797.747832</timestamp>
			</report>
			<report>
				<misses>81000001</misses>
				<total>0</total>
				<timestamp>798.737202</timestamp>
			</report>
			<report>
				<misses>81100001</misses>
				<total>0</total>
				<timestamp>799.727097</timestamp>
			</report>
			<report>
				<misses>81200001</misses>
				<total>0</total>
				<timestamp>800.715692</timestamp>
			</report>
			<report>
				<misses>81300001</misses>
				<total>0</total>
				<timestamp>801.705043</timestamp>
			</report>
			<report>
				<misses>81400001</misses>
				<total>0</total>
				<timestamp>802.694655</timestamp>
			</report>
			<report>
				<misses>81500001</misses>
				<total>0</total>
				<timestamp>803.683900</timestamp>
			</report>
			<report>
				<misses>81600001</misses>
				<total>0</total>
				<timestamp>804.673773</timestamp>
			</report>
			<report>
				<misses>81700001</misses>
				<total>0</total>
				<timestamp>805.663372</timestamp>
			</report>
			<report>
				<misses>81800001</misses>
				<total>0</total>
				<timestamp>806.651956</timestamp>
			</report>
			<report>
				<misses>81900001</misses>
				<total>0</total>
				<timestamp>807.640671</timestamp>
			</report>
			<report>
				<misses>82000001</misses>
				<total>0</total>
				<timestamp>808.630040</timestamp>
			</report>
			<report>
				<misses>82100001</misses>
				<total>0</total>
				<timestamp>809.618508</timestamp>
			</report>
			<report>
				<misses>82200001</misses>
				<total>0</total>
				<timestamp>810.607350</timestamp>
			</report>
			<report>
				<misses>82300001</misses>
				<total>0</total>
				<timestamp>811.596593</timestamp>
			</report>
			<report>
				<misses>82400001</misses>
				<total>0</total>
				<timestamp>812.586097</timestamp>
			</report>
			<report>
				<misses>82500001</misses>
				<total>0</total>
				<timestamp>813.574954</timestamp>
			</report>
			<report>
				<misses>82600001</misses>
				<total>0</total>
				<timestamp>814.564056</timestamp>
			</report>
			<report>
				<misses>82700001</misses>
				<total>0</total>
				<timestamp>815.553286</timestamp>
			</report>
			<report>
				<misses>82800001</misses>
				<total>0</total>
				<timestamp>816.542854</timestamp>
			</report>
			<report>
				<misses>82900001</misses>
				<total>0</total>
				<timestamp>817.532981</timestamp>
			</report>
			<report>
				<misses>83000001</misses>
				<total>0</total>
				<timestamp>818.523627</timestamp>
			</report>
			<report>
				<misses>83100001</misses>
				<total>0</total>
				<timestamp>819.514002</timestamp>
			</report>
			<report>
				<misses>83200001</misses>
				<total>0</total>
				<timestamp>820.504656</timestamp>
			</report>
			<report>
				<misses>83300001</misses>
				<total>0</total>
				<timestamp>821.495554</timestamp>
			</report>
			<report>
				<misses>83400001</misses>
				<total>0</total>
				<timestamp>822.485812</timestamp>
			</report>
			<report>
				<misses>83500001</misses>
				<total>0</total>
				<timestamp>823.476065</timestamp>
			</report>
			<report>
				<misses>83600001</misses>
				<total>0</total>
				<timestamp>824.466576</timestamp>
			</report>
			<report>
				<misses>83700001</misses>
				<total>0</total>
				<timestamp>825.457612</timestamp>
			</report>
			<report>
				<misses>83800001</misses>
				<total>0</total>
				<timestamp>826.447744</timestamp>
			</report>
			<report>
				<misses>83900001</misses>
				<total>0</total>
				<timestamp>827.438659</timestamp>
			</report>
			<report>
				<misses>84000001</misses>
				<total>0</total>
				<timestamp>828.428919</timestamp>
			</report>
			<report>
				<misses>84100001</misses>
				<total>0</total>
				<timestamp>829.419549</timestamp>
			</report>
			<report>
				<misses>84200001</misses>
				<total>0</total>
				<timestamp>830.409677</timestamp>
			</report>
			<report>
				<misses>84300001</misses>
				<total>0</total>
				<timestamp>831.400215</timestamp>
			</report>
			<report>
				<misses>84400001</misses>
				<total>0</total>
				<timestamp>832.390967</timestamp>
			</report>
			<report>
				<misses>84500001</misses>
				<total>0</total>
				<timestamp>833.381749</timestamp>
			</report>
			<report>
				<misses>84600001</misses>
				<total>0</total>
				<timestamp>834.371230</timestamp>
			</report>
			<report>
				<misses>84700001</misses>
				<total>0</total>
				<timestamp>835.361991</timestamp>
			</report>
			<report>
				<misses>84800001</misses>
				<total>0</total>
				<timestamp>836.352510</timestamp>
			</report>
			<report>
				<misses>84900001</misses>
				<total>0</total>
				<timestamp>837.342511</timestamp>
			</report>
			<report>
				<misses>85000001</misses>
				<total>0</total>
				<timestamp>838.332130</timestamp>
			</report>
			<report>
				<misses>85100001</misses>
				<total>0</total>
				<timestamp>839.322403</timestamp>
			</report>
			<report>
				<misses>85200001</misses>
				<total>0</total>
				<timestamp>840.312768</timestamp>
			</report>
			<report>
				<misses>85300001</misses>
				<total>0</total>
				<timestamp>841.303429</timestamp>
			</report>
			<report>
				<misses>85400001</misses>
				<total>0</total>
				<timestamp>842.293686</timestamp>
			</report>
			<report>
				<misses>85500001</misses>
				<total>0</total>
				<timestamp>843.284208</timestamp>
			</report>
			<report>
				<misses>85600001</misses>
				<total>0</total>
				<timestamp>844.274856</timestamp>
			</report>
			<report>
				<misses>85700001</misses>
				<total>0</total>
				<timestamp>845.264963</timestamp>
			</report>
			<report>
				<misses>85800001</misses>
				<total>0</total>
				<timestamp>846.254845</timestamp>
			</report>
			<report>
				<misses>85900001</misses>
				<total>0</total>
				<timestamp>847.245608</timestamp>
			</report>
			<report>
				<misses>86000001</misses>
				<total>0</total>
				<timestamp>848.235611</timestamp>
			</report>
			<report>
				<misses>86100001</misses>
				<total>0</total>
				<timestamp>849.224969</timestamp>
			</report>
			<report>
				<misses>86200001</misses>
				<total>0</total>
				<timestamp>850.215872</timestamp>
			</report>
			<report>
				<misses>86300001</misses>
				<total>0</total>
				<timestamp>851.206898</timestamp>
			</report>
			<report>
				<misses>86400001</misses>
				<total>0</total>
				<timestamp>852.197925</timestamp>
			</report>
			<report>
				<misses>86500001</misses>
				<total>0</total>
				<timestamp>853.189092</timestamp>
			</report>
			<report>
				<misses>86600001</misses>
				<total>0</total>
				<timestamp>854.179607</timestamp>
			</report>
			<report>
				<misses>86700001</misses>
				<total>0</total>
				<timestamp>855.169228</timestamp>
			</report>
			<report>
				<misses>86800001</misses>
				<total>0</total>
				<timestamp>856.160636</timestamp>
			</report>
			<report>
				<misses>86900001</misses>
				<total>0</total>
				<timestamp>857.150888</timestamp>
			</report>
			<report>
				<misses>87000001</misses>
				<total>0</total>
				<timestamp>858.141576</timestamp>
			</report>
			<report>
				<misses>87100001</misses>
				<total>0</total>
				<timestamp>859.132580</timestamp>
			</report>
			<report>
				<misses>87200001</misses>
				<total>0</total>
				<timestamp>860.122711</timestamp>
			</report>
			<report>
				<misses>87300001</misses>
				<total>0</total>
				<timestamp>861.112574</timestamp>
			</report>
			<report>
				<misses>87400001</misses>
				<total>0</total>
				<timestamp>862.102714</timestamp>
			</report>
			<report>
				<misses>87500001</misses>
				<total>0</total>
				<timestamp>863.093223</timestamp>
			</report>
			<report>
				<misses>87600001</misses>
				<total>0</total>
				<timestamp>864.083734</timestamp>
			</report>
			<report>
				<misses>87700001</misses>
				<total>0</total>
				<timestamp>865.074118</timestamp>
			</report>
			<report>
				<misses>87800001</misses>
				<total>0</total>
				<timestamp>866.064258</timestamp>
			</report>
			<report>
				<misses>87900001</misses>
				<total>0</total>
				<timestamp>867.053982</timestamp>
			</report>
			<report>
				<misses>88000001</misses>
				<total>0</total>
				<timestamp>868.043995</timestamp>
			</report>
			<report>
				<misses>88100001</misses>
				<total>0</total>
				<timestamp>869.033976</timestamp>
			</report>
			<report>
				<misses>88200001</misses>
				<total>0</total>
				<timestamp>870.024386</timestamp>
			</report>
			<report>
				<misses>88300001</misses>
				<total>0</total>
				<timestamp>871.015269</timestamp>
			</report>
			<report>
				<misses>88400001</misses>
				<total>0</total>
				<timestamp>872.006184</timestamp>
			</report>
			<report>
				<misses>88500001</misses>
				<total>0</total>
				<timestamp>872.996580</timestamp>
			</report>
			<report>
				<misses>88600001</misses>
				<total>0</total>
				<timestamp>873.987207</timestamp>
			</report>
			<report>
				<misses>88700001</misses>
				<total>0</total>
				<timestamp>874.977340</timestamp>
			</report>
			<report>
				<misses>88800001</misses>
				<total>0</total>
				<timestamp>875.967225</timestamp>
			</report>
			<report>
				<misses>88900001</misses>
				<total>0</total>
				<timestamp>876.957853</timestamp>
			</report>
			<report>
				<misses>89000001</misses>
				<total>0</total>
				<timestamp>877.948245</timestamp>
			</report>
			<report>
				<misses>89100001</misses>
				<total>0</total>
				<timestamp>878.938749</timestamp>
			</report>
			<report>
				<misses>89200001</misses>
				<total>0</total>
				<timestamp>879.929524</timestamp>
			</report>
			<report>
				<misses>89300001</misses>
				<total>0</total>
				<timestamp>880.919665</timestamp>
			</report>
			<report>
				<misses>89400001</misses>
				<total>0</total>
				<timestamp>881.910422</timestamp>
			</report>
			<report>
				<misses>89500001</misses>
				<total>0</total>
				<timestamp>882.901601</timestamp>
			</report>
			<report>
				<misses>89600001</misses>
				<total>0</total>
				<timestamp>883.891739</timestamp>
			</report>
			<report>
				<misses>89700001</misses>
				<total>0</total>
				<timestamp>884.882504</timestamp>
			</report>
			<report>
				<misses>89800001</misses>
				<total>0</total>
				<timestamp>885.872766</timestamp>
			</report>
			<report>
				<misses>89900001</misses>
				<total>0</total>
				<timestamp>886.862356</timestamp>
			</report>
			<report>
				<misses>90000001</misses>
				<total>0</total>
				<timestamp>887.852245</timestamp>
			</report>
			<report>
				<misses>90100001</misses>
				<total>0</total>
				<timestamp>888.842105</timestamp>
			</report>
			<report>
				<misses>90200001</misses>
				<total>0</total>
				<timestamp>889.832643</timestamp>
			</report>
			<report>
				<misses>90300001</misses>
				<total>0</total>
				<timestamp>890.823139</timestamp>
			</report>
			<report>
				<misses>90400001</misses>
				<total>0</total>
				<timestamp>891.813906</timestamp>
			</report>
			<report>
				<misses>90500001</misses>
				<total>0</total>
				<timestamp>892.804560</timestamp>
			</report>
			<report>
				<misses>90600001</misses>
				<total>0</total>
				<timestamp>893.794955</timestamp>
			</report>
			<report>
				<misses>90700001</misses>
				<total>0</total>
				<timestamp>894.785610</timestamp>
			</report>
			<report>
				<misses>90800001</misses>
				<total>0</total>
				<timestamp>895.776616</timestamp>
			</report>
			<report>
				<misses>90900001</misses>
				<total>0</total>
				<timestamp>896.767775</timestamp>
			</report>
			<report>
				<misses>91000001</misses>
				<total>0</total>
				<timestamp>897.757915</timestamp>
			</report>
			<report>
				<misses>91100001</misses>
				<total>0</total>
				<timestamp>898.748044</timestamp>
			</report>
			<report>
				<misses>91200001</misses>
				<total>0</total>
				<timestamp>899.738161</timestamp>
			</report>
			<report>
				<misses>91300001</misses>
				<total>0</total>
				<timestamp>900.728442</timestamp>
			</report>
			<report>
				<misses>91400001</misses>
				<total>0</total>
				<timestamp>901.718950</timestamp>
			</report>
			<report>
				<misses>91500001</misses>
				<total>0</total>
				<timestamp>902.709446</timestamp>
			</report>
			<report>
				<misses>91600001</misses>
				<total>0</total>
				<timestamp>903.700753</timestamp>
			</report>
			<report>
				<misses>91700001</misses>
				<total>0</total>
				<timestamp>904.690364</timestamp>
			</report>
			<report>
				<misses>91800001</misses>
				<total>0</total>
				<timestamp>905.680246</timestamp>
			</report>
			<report>
				<misses>91900001</misses>
				<total>0</total>
				<timestamp>906.670480</timestamp>
			</report>
			<report>
				<misses>92000001</misses>
				<total>0</total>
				<timestamp>907.660363</timestamp>
			</report>
			<report>
				<misses>92100001</misses>
				<total>0</total>
				<timestamp>908.651121</timestamp>
			</report>
			<report>
				<misses>92200001</misses>
				<total>0</total>
				<timestamp>909.641648</timestamp>
			</report>
			<report>
				<misses>92300001</misses>
				<total>0</total>
				<timestamp>910.632164</timestamp>
			</report>
			<report>
				<misses>92400001</misses>
				<total>0</total>
				<timestamp>911.622816</timestamp>
			</report>
			<report>
				<misses>92500001</misses>
				<total>0</total>
				<timestamp>912.612825</timestamp>
			</report>
			<report>
				<misses>92600001</misses>
				<total>0</total>
				<timestamp>913.602674</timestamp>
			</report>
			<report>
				<misses>92700001</misses>
				<total>0</total>
				<timestamp>914.594116</timestamp>
			</report>
			<report>
				<misses>92800001</misses>
				<total>0</total>
				<timestamp>915.585016</timestamp>
			</report>
			<report>
				<misses>92900001</misses>
				<total>0</total>
				<timestamp>916.575126</timestamp>
			</report>
			<report>
				<misses>93000001</misses>
				<total>0</total>
				<timestamp>917.565381</timestamp>
			</report>
			<report>
				<misses>93100001</misses>
				<total>0</total>
				<timestamp>918.556290</timestamp>
			</report>
			<report>
				<misses>93200001</misses>
				<total>0</total>
				<timestamp>919.547339</timestamp>
			</report>
			<report>
				<misses>93300001</misses>
				<total>0</total>
				<timestamp>920.538093</timestamp>
			</report>
			<report>
				<misses>93400001</misses>
				<total>0</total>
				<timestamp>921.529027</timestamp>
			</report>
			<report>
				<misses>93500001</misses>
				<total>0</total>
				<timestamp>922.519267</timestamp>
			</report>
			<report>
				<misses>93600001</misses>
				<total>0</total>
				<timestamp>923.510283</timestamp>
			</report>
			<report>
				<misses>93700001</misses>
				<total>0</total>
				<timestamp>924.500790</timestamp>
			</report>
			<report>
				<misses>93800001</misses>
				<total>0</total>
				<timestamp>925.490294</timestamp>
			</report>
			<report>
				<misses>93900001</misses>
				<total>0</total>
				<timestamp>926.481056</timestamp>
			</report>
			<report>
				<misses>94000001</misses>
				<total>0</total>
				<timestamp>927.472108</timestamp>
			</report>
			<report>
				<misses>94100001</misses>
				<total>0</total>
				<timestamp>928.463267</timestamp>
			</report>
			<report>
				<misses>94200001</misses>
				<total>0</total>
				<timestamp>929.453513</timestamp>
			</report>
			<report>
				<misses>94300001</misses>
				<total>0</total>
				<timestamp>930.444270</timestamp>
			</report>
			<report>
				<misses>94400001</misses>
				<total>0</total>
				<timestamp>931.435064</timestamp>
			</report>
			<report>
				<misses>94500001</misses>
				<total>0</total>
				<timestamp>932.425434</timestamp>
			</report>
			<report>
				<misses>94600001</misses>
				<total>0</total>
				<timestamp>933.415976</timestamp>
			</report>
			<report>
				<misses>94700001</misses>
				<total>0</total>
				<timestamp>934.406598</timestamp>
			</report>
			<report>
				<misses>94800001</misses>
				<total>0</total>
				<timestamp>935.396867</timestamp>
			</report>
			<report>
				<misses>94900001</misses>
				<total>0</total>
				<timestamp>936.386877</timestamp>
			</report>
			<report>
				<misses>95000001</misses>
				<total>0</total>
				<timestamp>937.377121</timestamp>
			</report>
			<report>
				<misses>95100001</misses>
				<total>0</total>
				<timestamp>938.368036</timestamp>
			</report>
			<report>
				<misses>95200001</misses>
				<total>0</total>
				<timestamp>939.358549</timestamp>
			</report>
			<report>
				<misses>95300001</misses>
				<total>0</total>
				<timestamp>940.349835</timestamp>
			</report>
			<report>
				<misses>95400001</misses>
				<total>0</total>
				<timestamp>941.340085</timestamp>
			</report>
			<report>
				<misses>95500001</misses>
				<total>0</total>
				<timestamp>942.330861</timestamp>
			</report>
			<report>
				<misses>95600001</misses>
				<total>0</total>
				<timestamp>943.320853</timestamp>
			</report>
			<report>
				<misses>95700001</misses>
				<total>0</total>
				<timestamp>944.311107</timestamp>
			</report>
			<report>
				<misses>95800001</misses>
				<total>0</total>
				<timestamp>945.301127</timestamp>
			</report>
			<report>
				<misses>95900001</misses>
				<total>0</total>
				<timestamp>946.291755</timestamp>
			</report>
			<report>
				<misses>96000001</misses>
				<total>0</total>
				<timestamp>947.282520</timestamp>
			</report>
			<report>
				<misses>96100001</misses>
				<total>0</total>
				<timestamp>948.273576</timestamp>
			</report>
			<report>
				<misses>96200001</misses>
				<total>0</total>
				<timestamp>949.264356</timestamp>
			</report>
			<report>
				<misses>96300001</misses>
				<total>0</total>
				<timestamp>950.254860</timestamp>
			</report>
			<report>
				<misses>96400001</misses>
				<total>0</total>
				<timestamp>951.244725</timestamp>
			</report>
			<report>
				<misses>96500001</misses>
				<total>0</total>
				<timestamp>952.236538</timestamp>
			</report>
			<report>
				<misses>96600001</misses>
				<total>0</total>
				<timestamp>953.226283</timestamp>
			</report>
			<report>
				<misses>96700001</misses>
				<total>0</total>
				<timestamp>954.217053</timestamp>
			</report>
			<report>
				<misses>96800001</misses>
				<total>0</total>
				<timestamp>955.207832</timestamp>
			</report>
			<report>
				<misses>96900001</misses>
				<total>0</total>
				<timestamp>956.199376</timestamp>
			</report>
			<report>
				<misses>97000001</misses>
				<total>0</total>
				<timestamp>957.190399</timestamp>
			</report>
			<report>
				<misses>97100001</misses>
				<total>0</total>
				<timestamp>958.181699</timestamp>
			</report>
			<report>
				<misses>97200001</misses>
				<total>0</total>
				<timestamp>959.173256</timestamp>
			</report>
			<report>
				<misses>97300001</misses>
				<total>0</total>
				<timestamp>960.164034</timestamp>
			</report>
			<report>
				<misses>97400001</misses>
				<total>0</total>
				<timestamp>961.154679</timestamp>
			</report>
			<report>
				<misses>97500001</misses>
				<total>0</total>
				<timestamp>962.144928</timestamp>
			</report>
			<report>
				<misses>97600001</misses>
				<total>0</total>
				<timestamp>963.134912</timestamp>
			</report>
			<report>
				<misses>97700001</misses>
				<total>0</total>
				<timestamp>964.126104</timestamp>
			</report>
			<report>
				<misses>97800001</misses>
				<total>0</total>
				<timestamp>965.117622</timestamp>
			</report>
			<report>
				<misses>97900001</misses>
				<total>0</total>
				<timestamp>966.108140</timestamp>
			</report>
			<report>
				<misses>98000001</misses>
				<total>0</total>
				<timestamp>967.099060</timestamp>
			</report>
			<report>
				<misses>98100001</misses>
				<total>0</total>
				<timestamp>968.090210</timestamp>
			</report>
			<report>
				<misses>98200001</misses>
				<total>0</total>
				<timestamp>969.079956</timestamp>
			</report>
			<report>
				<misses>98300001</misses>
				<total>0</total>
				<timestamp>970.070094</timestamp>
			</report>
			<report>
				<misses>98400001</misses>
				<total>0</total>
				<timestamp>971.060868</timestamp>
			</report>
			<report>
				<misses>98500001</misses>
				<total>0</total>
				<timestamp>972.052264</timestamp>
			</report>
			<report>
				<misses>98600001</misses>
				<total>0</total>
				<timestamp>973.042162</timestamp>
			</report>
			<report>
				<misses>98700001</misses>
				<total>0</total>
				<timestamp>974.032159</timestamp>
			</report>
			<report>
				<misses>98800001</misses>
				<total>0</total>
				<timestamp>975.022790</timestamp>
			</report>
			<report>
				<misses>98900001</misses>
				<total>0</total>
				<timestamp>976.013945</timestamp>
			</report>
			<report>
				<misses>99000001</misses>
				<total>0</total>
				<timestamp>977.005111</timestamp>
			</report>
			<report>
				<misses>99100001</misses>
				<total>0</total>
				<timestamp>977.995110</timestamp>
			</report>
			<report>
				<misses>99200001</misses>
				<total>0</total>
				<timestamp>978.985368</timestamp>
			</report>
			<report>
				<misses>99300001</misses>
				<total>0</total>
				<timestamp>979.976541</timestamp>
			</report>
			<report>
				<misses>99400001</misses>
				<total>0</total>
				<timestamp>980.966904</timestamp>
			</report>
			<report>
				<misses>99500001</misses>
				<total>0</total>
				<timestamp>981.957944</timestamp>
			</report>
			<report>
				<misses>99600001</misses>
				<total>0</total>
				<timestamp>982.947822</timestamp>
			</report>
			<report>
				<misses>99700001</misses>
				<total>0</total>
				<timestamp>983.938071</timestamp>
			</report>
			<report>
				<misses>99800001</misses>
				<total>0</total>
				<timestamp>984.928728</timestamp>
			</report>
			<report>
				<misses>99900001</misses>
				<total>0</total>
				<timestamp>985.918350</timestamp>
			</report>
			<report>
				<misses>100000001</misses>
				<total>0</total>
				<timestamp>986.907964</timestamp>
			</report>
			<report>
				<misses>100100001</misses>
				<total>0</total>
				<timestamp>987.898481</timestamp>
			</report>
			<report>
				<misses>100200001</misses>
				<total>0</total>
				<timestamp>988.889255</timestamp>
			</report>
			<report>
				<misses>100300001</misses>
				<total>0</total>
				<timestamp>989.879633</timestamp>
			</report>
			<report>
				<misses>100400001</misses>
				<total>0</total>
				<timestamp>990.869763</timestamp>
			</report>
			<report>
				<misses>100500001</misses>
				<total>0</total>
				<timestamp>991.860005</timestamp>
			</report>
			<report>
				<misses>100600001</misses>
				<total>0</total>
				<timestamp>992.850255</timestamp>
			</report>
			<report>
				<misses>100700001</misses>
				<total>0</total>
				<timestamp>993.840772</timestamp>
			</report>
			<report>
				<misses>100800001</misses>
				<total>0</total>
				<timestamp>994.830921</timestamp>
			</report>
			<report>
				<misses>100900001</misses>
				<total>0</total>
				<timestamp>995.821554</timestamp>
			</report>
			<report>
				<misses>101000001</misses>
				<total>0</total>
				<timestamp>996.811546</timestamp>
			</report>
			<report>
				<misses>101100001</misses>
				<total>0</total>
				<timestamp>997.802122</timestamp>
			</report>
			<report>
				<misses>101200001</misses>
				<total>0</total>
				<timestamp>998.790588</timestamp>
			</report>
			<report>
				<misses>101300001</misses>
				<total>0</total>
				<timestamp>999.780606</timestamp>
			</report>
			<report>
				<misses>101400001</misses>
				<total>0</total>
				<timestamp>1000.770123</timestamp>
			</report>
			<report>
				<misses>101500001</misses>
				<total>0</total>
				<timestamp>1001.758856</timestamp>
			</report>
			<report>
				<misses>101600001</misses>
				<total>0</total>
				<timestamp>1002.747070</timestamp>
			</report>
			<report>
				<misses>101700001</misses>
				<total>0</total>
				<timestamp>1003.736451</timestamp>
			</report>
			<report>
				<misses>101800001</misses>
				<total>0</total>
				<timestamp>1004.725309</timestamp>
			</report>
			<report>
				<misses>101900001</misses>
				<total>0</total>
				<timestamp>1005.713788</timestamp>
			</report>
			<report>
				<misses>102000001</misses>
				<total>0</total>
				<timestamp>1006.703177</timestamp>
			</report>
			<report>
				<misses>102100001</misses>
				<total>0</total>
				<timestamp>1007.692527</timestamp>
			</report>
			<report>
				<misses>102200001</misses>
				<total>0</total>
				<timestamp>1008.681885</timestamp>
			</report>
			<report>
				<misses>102300001</misses>
				<total>0</total>
				<timestamp>1009.671114</timestamp>
			</report>
			<report>
				<misses>102400001</misses>
				<total>0</total>
				<timestamp>1010.660869</timestamp>
			</report>
			<report>
				<misses>102500001</misses>
				<total>0</total>
				<timestamp>1011.650364</timestamp>
			</report>
			<report>
				<misses>102600001</misses>
				<total>0</total>
				<timestamp>1012.639634</timestamp>
			</report>
			<report>
				<misses>102700001</misses>
				<total>0</total>
				<timestamp>1013.629263</timestamp>
			</report>
			<report>
				<misses>102800001</misses>
				<total>0</total>
				<timestamp>1014.618259</timestamp>
			</report>
			<report>
				<misses>102900001</misses>
				<total>0</total>
				<timestamp>1015.607771</timestamp>
			</report>
			<report>
				<misses>103000001</misses>
				<total>0</total>
				<timestamp>1016.596896</timestamp>
			</report>
			<report>
				<misses>103100001</misses>
				<total>0</total>
				<timestamp>1017.585608</timestamp>
			</report>
			<report>
				<misses>103200001</misses>
				<total>0</total>
				<timestamp>1018.574587</timestamp>
			</report>
			<report>
				<misses>103300001</misses>
				<total>0</total>
				<timestamp>1019.563678</timestamp>
			</report>
			<report>
				<misses>103400001</misses>
				<total>0</total>
				<timestamp>1020.553179</timestamp>
			</report>
			<report>
				<misses>103500001</misses>
				<total>0</total>
				<timestamp>1021.542512</timestamp>
			</report>
			<report>
				<misses>103600001</misses>
				<total>0</total>
				<timestamp>1022.530995</timestamp>
			</report>
			<report>
				<misses>103700001</misses>
				<total>0</total>
				<timestamp>1023.519950</timestamp>
			</report>
			<report>
				<misses>103800001</misses>
				<total>0</total>
				<timestamp>1024.509076</timestamp>
			</report>
			<report>
				<misses>103900001</misses>
				<total>0</total>
				<timestamp>1025.497793</timestamp>
			</report>
			<report>
				<misses>104000001</misses>
				<total>0</total>
				<timestamp>1026.487297</timestamp>
			</report>
			<report>
				<misses>104100001</misses>
				<total>0</total>
				<timestamp>1027.476518</timestamp>
			</report>
			<report>
				<misses>104200001</misses>
				<total>0</total>
				<timestamp>1028.465515</timestamp>
			</report>
			<report>
				<misses>104300001</misses>
				<total>0</total>
				<timestamp>1029.455284</timestamp>
			</report>
			<report>
				<misses>104400001</misses>
				<total>0</total>
				<timestamp>1030.431611</timestamp>
			</report>
			<report>
				<misses>104500001</misses>
				<total>0</total>
				<timestamp>1031.407157</timestamp>
			</report>
			<report>
				<misses>104600001</misses>
				<total>0</total>
				<timestamp>1032.383120</timestamp>
			</report>
			<report>
				<misses>104700001</misses>
				<total>0</total>
				<timestamp>1033.358436</timestamp>
			</report>
			<report>
				<misses>104800001</misses>
				<total>0</total>
				<timestamp>1034.340966</timestamp>
			</report>
			<report>
				<misses>104900001</misses>
				<total>0</total>
				<timestamp>1035.329543</timestamp>
			</report>
			<report>
				<misses>105000001</misses>
				<total>0</total>
				<timestamp>1036.318397</timestamp>
			</report>
			<report>
				<misses>105100001</misses>
				<total>0</total>
				<timestamp>1037.307501</timestamp>
			</report>
			<report>
				<misses>105200001</misses>
				<total>0</total>
				<timestamp>1038.296359</timestamp>
			</report>
			<report>
				<misses>105300001</misses>
				<total>0</total>
				<timestamp>1039.285871</timestamp>
			</report>
			<report>
				<misses>105400001</misses>
				<total>0</total>
				<timestamp>1040.274860</timestamp>
			</report>
			<report>
				<misses>105500001</misses>
				<total>0</total>
				<timestamp>1041.263824</timestamp>
			</report>
			<report>
				<misses>105600001</misses>
				<total>0</total>
				<timestamp>1042.252694</timestamp>
			</report>
			<report>
				<misses>105700001</misses>
				<total>0</total>
				<timestamp>1043.241774</timestamp>
			</report>
			<report>
				<misses>105800001</misses>
				<total>0</total>
				<timestamp>1044.223398</timestamp>
			</report>
			<report>
				<misses>105900001</misses>
				<total>0</total>
				<timestamp>1045.204753</timestamp>
			</report>
			<report>
				<misses>106000001</misses>
				<total>0</total>
				<timestamp>1046.186394</timestamp>
			</report>
			<report>
				<misses>106100001</misses>
				<total>0</total>
				<timestamp>1047.167856</timestamp>
			</report>
			<report>
				<misses>106200001</misses>
				<total>0</total>
				<timestamp>1048.149623</timestamp>
			</report>
			<report>
				<misses>106300001</misses>
				<total>0</total>
				<timestamp>1049.130864</timestamp>
			</report>
			<report>
				<misses>106400001</misses>
				<total>0</total>
				<timestamp>1050.112370</timestamp>
			</report>
			<report>
				<misses>106500001</misses>
				<total>0</total>
				<timestamp>1051.093632</timestamp>
			</report>
			<report>
				<misses>106600001</misses>
				<total>0</total>
				<timestamp>1052.076004</timestamp>
			</report>
			<report>
				<misses>106700001</misses>
				<total>0</total>
				<timestamp>1053.057111</timestamp>
			</report>
			<report>
				<misses>106800001</misses>
				<total>0</total>
				<timestamp>1054.038478</timestamp>
			</report>
			<report>
				<misses>106900001</misses>
				<total>0</total>
				<timestamp>1055.020754</timestamp>
			</report>
			<report>
				<misses>107000001</misses>
				<total>0</total>
				<timestamp>1056.002517</timestamp>
			</report>
			<report>
				<misses>107100001</misses>
				<total>0</total>
				<timestamp>1056.983246</timestamp>
			</report>
			<report>
				<misses>107200001</misses>
				<total>0</total>
				<timestamp>1057.964870</timestamp>
			</report>
			<report>
				<misses>107300001</misses>
				<total>0</total>
				<timestamp>1058.946096</timestamp>
			</report>
			<report>
				<misses>107400001</misses>
				<total>0</total>
				<timestamp>1059.926948</timestamp>
			</report>
			<report>
				<misses>107500001</misses>
				<total>0</total>
				<timestamp>1060.908313</timestamp>
			</report>
			<report>
				<misses>107600001</misses>
				<total>0</total>
				<timestamp>1061.889544</timestamp>
			</report>
			<report>
				<misses>107700001</misses>
				<total>0</total>
				<timestamp>1062.870922</timestamp>
			</report>
			<report>
				<misses>107800001</misses>
				<total>0</total>
				<timestamp>1063.851793</timestamp>
			</report>
			<report>
				<misses>107900001</misses>
				<total>0</total>
				<timestamp>1064.833160</timestamp>
			</report>
			<report>
				<misses>108000001</misses>
				<total>0</total>
				<timestamp>1065.814920</timestamp>
			</report>
			<report>
				<misses>108100001</misses>
				<total>0</total>
				<timestamp>1066.796439</timestamp>
			</report>
			<report>
				<misses>108200001</misses>
				<total>0</total>
				<timestamp>1067.777910</timestamp>
			</report>
			<report>
				<misses>108300001</misses>
				<total>0</total>
				<timestamp>1068.759817</timestamp>
			</report>
			<report>
				<misses>108400001</misses>
				<total>0</total>
				<timestamp>1069.740252</timestamp>
			</report>
			<report>
				<misses>108500001</misses>
				<total>0</total>
				<timestamp>1070.722115</timestamp>
			</report>
			<report>
				<misses>108600001</misses>
				<total>0</total>
				<timestamp>1071.703109</timestamp>
			</report>
			<report>
				<misses>108700001</misses>
				<total>0</total>
				<timestamp>1072.684746</timestamp>
			</report>
			<report>
				<misses>108800001</misses>
				<total>0</total>
				<timestamp>1073.665486</timestamp>
			</report>
			<report>
				<misses>108900001</misses>
				<total>0</total>
				<timestamp>1074.646979</timestamp>
			</report>
			<report>
				<misses>109000001</misses>
				<total>0</total>
				<timestamp>1075.628610</timestamp>
			</report>
			<report>
				<misses>109100001</misses>
				<total>0</total>
				<timestamp>1076.609485</timestamp>
			</report>
			<report>
				<misses>109200001</misses>
				<total>0</total>
				<timestamp>1077.591602</timestamp>
			</report>
			<report>
				<misses>109300001</misses>
				<total>0</total>
				<timestamp>1078.572855</timestamp>
			</report>
			<report>
				<misses>109400001</misses>
				<total>0</total>
				<timestamp>1079.554100</timestamp>
			</report>
			<report>
				<misses>109500001</misses>
				<total>0</total>
				<timestamp>1080.535475</timestamp>
			</report>
			<report>
				<misses>109600001</misses>
				<total>0</total>
				<timestamp>1081.516990</timestamp>
			</report>
			<report>
				<misses>109700001</misses>
				<total>0</total>
				<timestamp>1082.498725</timestamp>
			</report>
			<report>
				<misses>109800001</misses>
				<total>0</total>
				<timestamp>1083.479584</timestamp>
			</report>
			<report>
				<misses>109900001</misses>
				<total>0</total>
				<timestamp>1084.460444</timestamp>
			</report>
			<report>
				<misses>110000001</misses>
				<total>0</total>
				<timestamp>1085.441707</timestamp>
			</report>
			<report>
				<misses>110100001</misses>
				<total>0</total>
				<timestamp>1086.422691</timestamp>
			</report>
			<report>
				<misses>110200001</misses>
				<total>0</total>
				<timestamp>1087.403809</timestamp>
			</report>
			<report>
				<misses>110300001</misses>
				<total>0</total>
				<timestamp>1088.384791</timestamp>
			</report>
			<report>
				<misses>110400001</misses>
				<total>0</total>
				<timestamp>1089.366415</timestamp>
			</report>
			<report>
				<misses>110500001</misses>
				<total>0</total>
				<timestamp>1090.347791</timestamp>
			</report>
			<report>
				<misses>110600001</misses>
				<total>0</total>
				<timestamp>1091.328907</timestamp>
			</report>
			<report>
				<misses>110700001</misses>
				<total>0</total>
				<timestamp>1092.310294</timestamp>
			</report>
			<report>
				<misses>110800001</misses>
				<total>0</total>
				<timestamp>1093.291756</timestamp>
			</report>
			<report>
				<misses>110900001</misses>
				<total>0</total>
				<timestamp>1094.273760</timestamp>
			</report>
			<report>
				<misses>111000001</misses>
				<total>0</total>
				<timestamp>1095.259913</timestamp>
			</report>
			<report>
				<misses>111100001</misses>
				<total>0</total>
				<timestamp>1096.250583</timestamp>
			</report>
			<report>
				<misses>111200001</misses>
				<total>0</total>
				<timestamp>1097.242022</timestamp>
			</report>
			<report>
				<misses>111300001</misses>
				<total>0</total>
				<timestamp>1098.232567</timestamp>
			</report>
			<report>
				<misses>111400001</misses>
				<total>0</total>
				<timestamp>1099.223232</timestamp>
			</report>
			<report>
				<misses>111500001</misses>
				<total>0</total>
				<timestamp>1100.213903</timestamp>
			</report>
			<report>
				<misses>111600001</misses>
				<total>0</total>
				<timestamp>1101.204958</timestamp>
			</report>
			<report>
				<misses>111700001</misses>
				<total>0</total>
				<timestamp>1102.196009</timestamp>
			</report>
			<report>
				<misses>111800001</misses>
				<total>0</total>
				<timestamp>1103.186161</timestamp>
			</report>
			<report>
				<misses>111900001</misses>
				<total>0</total>
				<timestamp>1104.177465</timestamp>
			</report>
			<report>
				<misses>112000001</misses>
				<total>0</total>
				<timestamp>1105.167096</timestamp>
			</report>
			<report>
				<misses>112100001</misses>
				<total>0</total>
				<timestamp>1106.158132</timestamp>
			</report>
			<report>
				<misses>112200001</misses>
				<total>0</total>
				<timestamp>1107.148519</timestamp>
			</report>
			<report>
				<misses>112300001</misses>
				<total>0</total>
				<timestamp>1108.138660</timestamp>
			</report>
			<report>
				<misses>112400001</misses>
				<total>0</total>
				<timestamp>1109.127908</timestamp>
			</report>
			<report>
				<misses>112500001</misses>
				<total>0</total>
				<timestamp>1110.116761</timestamp>
			</report>
			<report>
				<misses>112600001</misses>
				<total>0</total>
				<timestamp>1111.106510</timestamp>
			</report>
			<report>
				<misses>112700001</misses>
				<total>0</total>
				<timestamp>1112.096131</timestamp>
			</report>
			<report>
				<misses>112800001</misses>
				<total>0</total>
				<timestamp>1113.085620</timestamp>
			</report>
			<report>
				<misses>112900001</misses>
				<total>0</total>
				<timestamp>1114.075245</timestamp>
			</report>
			<report>
				<misses>113000001</misses>
				<total>0</total>
				<timestamp>1115.064606</timestamp>
			</report>
			<report>
				<misses>113100001</misses>
				<total>0</total>
				<timestamp>1116.054244</timestamp>
			</report>
			<report>
				<misses>113200001</misses>
				<total>0</total>
				<timestamp>1117.043089</timestamp>
			</report>
			<report>
				<misses>113300001</misses>
				<total>0</total>
				<timestamp>1118.031687</timestamp>
			</report>
			<report>
				<misses>113400001</misses>
				<total>0</total>
				<timestamp>1119.021082</timestamp>
			</report>
			<report>
				<misses>113500001</misses>
				<total>0</total>
				<timestamp>1120.010206</timestamp>
			</report>
			<report>
				<misses>113600001</misses>
				<total>0</total>
				<timestamp>1120.999440</timestamp>
			</report>
			<report>
				<misses>113700001</misses>
				<total>0</total>
				<timestamp>1121.988821</timestamp>
			</report>
			<report>
				<misses>113800001</misses>
				<total>0</total>
				<timestamp>1122.978430</timestamp>
			</report>
			<report>
				<misses>113900001</misses>
				<total>0</total>
				<timestamp>1123.967909</timestamp>
			</report>
			<report>
				<misses>114000001</misses>
				<total>0</total>
				<timestamp>1124.957077</timestamp>
			</report>
			<report>
				<misses>114100001</misses>
				<total>0</total>
				<timestamp>1125.946179</timestamp>
			</report>
			<report>
				<misses>114200001</misses>
				<total>0</total>
				<timestamp>1126.935425</timestamp>
			</report>
			<report>
				<misses>114300001</misses>
				<total>0</total>
				<timestamp>1127.924025</timestamp>
			</report>
			<report>
				<misses>114400001</misses>
				<total>0</total>
				<timestamp>1128.912878</timestamp>
			</report>
			<report>
				<misses>114500001</misses>
				<total>0</total>
				<timestamp>1129.902116</timestamp>
			</report>
			<report>
				<misses>114600001</misses>
				<total>0</total>
				<timestamp>1130.891627</timestamp>
			</report>
			<report>
				<misses>114700001</misses>
				<total>0</total>
				<timestamp>1131.880223</timestamp>
			</report>
			<report>
				<misses>114800001</misses>
				<total>0</total>
				<timestamp>1132.869997</timestamp>
			</report>
			<report>
				<misses>114900001</misses>
				<total>0</total>
				<timestamp>1133.858973</timestamp>
			</report>
			<report>
				<misses>115000001</misses>
				<total>0</total>
				<timestamp>1134.848089</timestamp>
			</report>
			<report>
				<misses>115100001</misses>
				<total>0</total>
				<timestamp>1135.836312</timestamp>
			</report>
			<report>
				<misses>115200001</misses>
				<total>0</total>
				<timestamp>1136.825052</timestamp>
			</report>
			<report>
				<misses>115300001</misses>
				<total>0</total>
				<timestamp>1137.814420</timestamp>
			</report>
			<report>
				<misses>115400001</misses>
				<total>0</total>
				<timestamp>1138.803661</timestamp>
			</report>
			<report>
				<misses>115500001</misses>
				<total>0</total>
				<timestamp>1139.792603</timestamp>
			</report>
			<report>
				<misses>115600001</misses>
				<total>0</total>
				<timestamp>1140.782088</timestamp>
			</report>
			<report>
				<misses>115700001</misses>
				<total>0</total>
				<timestamp>1141.771087</timestamp>
			</report>
			<report>
				<misses>115800001</misses>
				<total>0</total>
				<timestamp>1142.760306</timestamp>
			</report>
			<report>
				<misses>115900001</misses>
				<total>0</total>
				<timestamp>1143.749814</timestamp>
			</report>
			<report>
				<misses>116000001</misses>
				<total>0</total>
				<timestamp>1144.739571</timestamp>
			</report>
			<report>
				<misses>116100001</misses>
				<total>0</total>
				<timestamp>1145.729073</timestamp>
			</report>
			<report>
				<misses>116200001</misses>
				<total>0</total>
				<timestamp>1146.718036</timestamp>
			</report>
			<report>
				<misses>116300001</misses>
				<total>0</total>
				<timestamp>1147.707658</timestamp>
			</report>
			<report>
				<misses>116400001</misses>
				<total>0</total>
				<timestamp>1148.696523</timestamp>
			</report>
			<report>
				<misses>116500001</misses>
				<total>0</total>
				<timestamp>1149.685112</timestamp>
			</report>
			<report>
				<misses>116600001</misses>
				<total>0</total>
				<timestamp>1150.675905</timestamp>
			</report>
			<report>
				<misses>116700001</misses>
				<total>0</total>
				<timestamp>1151.667353</timestamp>
			</report>
			<report>
				<misses>116800001</misses>
				<total>0</total>
				<timestamp>1152.657638</timestamp>
			</report>
			<report>
				<misses>116900001</misses>
				<total>0</total>
				<timestamp>1153.648570</timestamp>
			</report>
			<report>
				<misses>117000001</misses>
				<total>0</total>
				<timestamp>1154.639509</timestamp>
			</report>
			<report>
				<misses>117100001</misses>
				<total>0</total>
				<timestamp>1155.630677</timestamp>
			</report>
			<report>
				<misses>117200001</misses>
				<total>0</total>
				<timestamp>1156.621322</timestamp>
			</report>
			<report>
				<misses>117300001</misses>
				<total>0</total>
				<timestamp>1157.611734</timestamp>
			</report>
			<report>
				<misses>117400001</misses>
				<total>0</total>
				<timestamp>1158.602280</timestamp>
			</report>
			<report>
				<misses>117500001</misses>
				<total>0</total>
				<timestamp>1159.593984</timestamp>
			</report>
			<report>
				<misses>117600001</misses>
				<total>0</total>
				<timestamp>1160.584653</timestamp>
			</report>
			<report>
				<misses>117700001</misses>
				<total>0</total>
				<timestamp>1161.576098</timestamp>
			</report>
			<report>
				<misses>117800001</misses>
				<total>0</total>
				<timestamp>1162.567550</timestamp>
			</report>
			<report>
				<misses>117900001</misses>
				<total>0</total>
				<timestamp>1163.558692</timestamp>
			</report>
			<report>
				<misses>118000001</misses>
				<total>0</total>
				<timestamp>1164.549745</timestamp>
			</report>
			<report>
				<misses>118100001</misses>
				<total>0</total>
				<timestamp>1165.540813</timestamp>
			</report>
			<report>
				<misses>118200001</misses>
				<total>0</total>
				<timestamp>1166.531714</timestamp>
			</report>
			<report>
				<misses>118300001</misses>
				<total>0</total>
				<timestamp>1167.522111</timestamp>
			</report>
			<report>
				<misses>118400001</misses>
				<total>0</total>
				<timestamp>1168.513182</timestamp>
			</report>
			<report>
				<misses>118500001</misses>
				<total>0</total>
				<timestamp>1169.504772</timestamp>
			</report>
			<report>
				<misses>118600001</misses>
				<total>0</total>
				<timestamp>1170.496868</timestamp>
			</report>
			<report>
				<misses>118700001</misses>
				<total>0</total>
				<timestamp>1171.488711</timestamp>
			</report>
			<report>
				<misses>118800001</misses>
				<total>0</total>
				<timestamp>1172.480236</timestamp>
			</report>
			<report>
				<misses>118900001</misses>
				<total>0</total>
				<timestamp>1173.471305</timestamp>
			</report>
			<report>
				<misses>119000001</misses>
				<total>0</total>
				<timestamp>1174.462364</timestamp>
			</report>
			<report>
				<misses>119100001</misses>
				<total>0</total>
				<timestamp>1175.453441</timestamp>
			</report>
			<report>
				<misses>119200001</misses>
				<total>0</total>
				<timestamp>1176.444011</timestamp>
			</report>
			<report>
				<misses>119300001</misses>
				<total>0</total>
				<timestamp>1177.434946</timestamp>
			</report>
			<report>
				<misses>119400001</misses>
				<total>0</total>
				<timestamp>1178.425466</timestamp>
			</report>
			<report>
				<misses>119500001</misses>
				<total>0</total>
				<timestamp>1179.416537</timestamp>
			</report>
			<report>
				<misses>119600001</misses>
				<total>0</total>
				<timestamp>1180.407446</timestamp>
			</report>
			<report>
				<misses>119700001</misses>
				<total>0</total>
				<timestamp>1181.397748</timestamp>
			</report>
			<report>
				<misses>119800001</misses>
				<total>0</total>
				<timestamp>1182.388192</timestamp>
			</report>
			<report>
				<misses>119900001</misses>
				<total>0</total>
				<timestamp>1183.378742</timestamp>
			</report>
			<report>
				<misses>120000001</misses>
				<total>0</total>
				<timestamp>1184.369925</timestamp>
			</report>
			<report>
				<misses>120100001</misses>
				<total>0</total>
				<timestamp>1185.360613</timestamp>
			</report>
			<report>
				<misses>120200001</misses>
				<total>0</total>
				<timestamp>1186.351382</timestamp>
			</report>
			<report>
				<misses>120300001</misses>
				<total>0</total>
				<timestamp>1187.341416</timestamp>
			</report>
			<report>
				<misses>120400001</misses>
				<total>0</total>
				<timestamp>1188.332105</timestamp>
			</report>
			<report>
				<misses>120500001</misses>
				<total>0</total>
				<timestamp>1189.324199</timestamp>
			</report>
			<report>
				<misses>120600001</misses>
				<total>0</total>
				<timestamp>1190.315624</timestamp>
			</report>
			<report>
				<misses>120700001</misses>
				<total>0</total>
				<timestamp>1191.305740</timestamp>
			</report>
			<report>
				<misses>120800001</misses>
				<total>0</total>
				<timestamp>1192.297152</timestamp>
			</report>
			<report>
				<misses>120900001</misses>
				<total>0</total>
				<timestamp>1193.287794</timestamp>
			</report>
			<report>
				<misses>121000001</misses>
				<total>0</total>
				<timestamp>1194.279103</timestamp>
			</report>
			<report>
				<misses>121100001</misses>
				<total>0</total>
				<timestamp>1195.269622</timestamp>
			</report>
			<report>
				<misses>121200001</misses>
				<total>0</total>
				<timestamp>1196.259715</timestamp>
			</report>
			<report>
				<misses>121300001</misses>
				<total>0</total>
				<timestamp>1197.249727</timestamp>
			</report>
			<report>
				<misses>121400001</misses>
				<total>0</total>
				<timestamp>1198.240766</timestamp>
			</report>
			<report>
				<misses>121500001</misses>
				<total>0</total>
				<timestamp>1199.231670</timestamp>
			</report>
			<report>
				<misses>121600001</misses>
				<total>0</total>
				<timestamp>1200.222049</timestamp>
			</report>
			<report>
				<misses>121700001</misses>
				<total>0</total>
				<timestamp>1201.212308</timestamp>
			</report>
			<report>
				<misses>121800001</misses>
				<total>0</total>
				<timestamp>1202.202640</timestamp>
			</report>
			<report>
				<misses>121900001</misses>
				<total>0</total>
				<timestamp>1203.193290</timestamp>
			</report>
			<report>
				<misses>122000001</misses>
				<total>0</total>
				<timestamp>1204.183287</timestamp>
			</report>
			<report>
				<misses>122100001</misses>
				<total>0</total>
				<timestamp>1205.173937</timestamp>
			</report>
			<report>
				<misses>122200001</misses>
				<total>0</total>
				<timestamp>1206.163921</timestamp>
			</report>
			<report>
				<misses>122300001</misses>
				<total>0</total>
				<timestamp>1207.154566</timestamp>
			</report>
			<report>
				<misses>122400001</misses>
				<total>0</total>
				<timestamp>1208.145860</timestamp>
			</report>
			<report>
				<misses>122500001</misses>
				<total>0</total>
				<timestamp>1209.136401</timestamp>
			</report>
			<report>
				<misses>122600001</misses>
				<total>0</total>
				<timestamp>1210.126649</timestamp>
			</report>
			<report>
				<misses>122700001</misses>
				<total>0</total>
				<timestamp>1211.116920</timestamp>
			</report>
			<report>
				<misses>122800001</misses>
				<total>0</total>
				<timestamp>1212.107441</timestamp>
			</report>
			<report>
				<misses>122900001</misses>
				<total>0</total>
				<timestamp>1213.098199</timestamp>
			</report>
			<report>
				<misses>123000001</misses>
				<total>0</total>
				<timestamp>1214.089488</timestamp>
			</report>
			<report>
				<misses>123100001</misses>
				<total>0</total>
				<timestamp>1215.079380</timestamp>
			</report>
			<report>
				<misses>123200001</misses>
				<total>0</total>
				<timestamp>1216.069503</timestamp>
			</report>
			<report>
				<misses>123300001</misses>
				<total>0</total>
				<timestamp>1217.060270</timestamp>
			</report>
			<report>
				<misses>123400001</misses>
				<total>0</total>
				<timestamp>1218.050775</timestamp>
			</report>
			<report>
				<misses>123500001</misses>
				<total>0</total>
				<timestamp>1219.041434</timestamp>
			</report>
			<report>
				<misses>123600001</misses>
				<total>0</total>
				<timestamp>1220.031957</timestamp>
			</report>
			<report>
				<misses>123700001</misses>
				<total>0</total>
				<timestamp>1221.022595</timestamp>
			</report>
			<report>
				<misses>123800001</misses>
				<total>0</total>
				<timestamp>1222.013615</timestamp>
			</report>
			<report>
				<misses>123900001</misses>
				<total>0</total>
				<timestamp>1223.004653</timestamp>
			</report>
			<report>
				<misses>124000001</misses>
				<total>0</total>
				<timestamp>1223.995940</timestamp>
			</report>
			<report>
				<misses>124100001</misses>
				<total>0</total>
				<timestamp>1224.986713</timestamp>
			</report>
			<report>
				<misses>124200001</misses>
				<total>0</total>
				<timestamp>1225.978022</timestamp>
			</report>
			<report>
				<misses>124300001</misses>
				<total>0</total>
				<timestamp>1226.968534</timestamp>
			</report>
			<report>
				<misses>124400001</misses>
				<total>0</total>
				<timestamp>1227.958654</timestamp>
			</report>
			<report>
				<misses>124500001</misses>
				<total>0</total>
				<timestamp>1228.948531</timestamp>
			</report>
			<report>
				<misses>124600001</misses>
				<total>0</total>
				<timestamp>1229.939553</timestamp>
			</report>
			<report>
				<misses>124700001</misses>
				<total>0</total>
				<timestamp>1230.930589</timestamp>
			</report>
			<report>
				<misses>124800001</misses>
				<total>0</total>
				<timestamp>1231.921354</timestamp>
			</report>
			<report>
				<misses>124900001</misses>
				<total>0</total>
				<timestamp>1232.912386</timestamp>
			</report>
			<report>
				<misses>125000001</misses>
				<total>0</total>
				<timestamp>1233.902021</timestamp>
			</report>
			<report>
				<misses>125100001</misses>
				<total>0</total>
				<timestamp>1234.890726</timestamp>
			</report>
			<report>
				<misses>125200001</misses>
				<total>0</total>
				<timestamp>1235.881363</timestamp>
			</report>
			<report>
				<misses>125300001</misses>
				<total>0</total>
				<timestamp>1236.871493</timestamp>
			</report>
			<report>
				<misses>125400001</misses>
				<total>0</total>
				<timestamp>1237.862376</timestamp>
			</report>
			<report>
				<misses>125500001</misses>
				<total>0</total>
				<timestamp>1238.854073</timestamp>
			</report>
			<report>
				<misses>125600001</misses>
				<total>0</total>
				<timestamp>1239.844725</timestamp>
			</report>
			<report>
				<misses>125700001</misses>
				<total>0</total>
				<timestamp>1240.834964</timestamp>
			</report>
			<report>
				<misses>125800001</misses>
				<total>0</total>
				<timestamp>1241.825875</timestamp>
			</report>
			<report>
				<misses>125900001</misses>
				<total>0</total>
				<timestamp>1242.816377</timestamp>
			</report>
			<report>
				<misses>126000001</misses>
				<total>0</total>
				<timestamp>1243.807178</timestamp>
			</report>
			<report>
				<misses>126100001</misses>
				<total>0</total>
				<timestamp>1244.797398</timestamp>
			</report>
			<report>
				<misses>126200001</misses>
				<total>0</total>
				<timestamp>1245.788439</timestamp>
			</report>
			<report>
				<misses>126300001</misses>
				<total>0</total>
				<timestamp>1246.778814</timestamp>
			</report>
			<report>
				<misses>126400001</misses>
				<total>0</total>
				<timestamp>1247.771280</timestamp>
			</report>
			<report>
				<misses>126500001</misses>
				<total>0</total>
				<timestamp>1248.761934</timestamp>
			</report>
			<report>
				<misses>126600001</misses>
				<total>0</total>
				<timestamp>1249.752963</timestamp>
			</report>
			<report>
				<misses>126700001</misses>
				<total>0</total>
				<timestamp>1250.744373</timestamp>
			</report>
			<report>
				<misses>126800001</misses>
				<total>0</total>
				<timestamp>1251.735531</timestamp>
			</report>
			<report>
				<misses>126900001</misses>
				<total>0</total>
				<timestamp>1252.726965</timestamp>
			</report>
			<report>
				<misses>127000001</misses>
				<total>0</total>
				<timestamp>1253.718120</timestamp>
			</report>
			<report>
				<misses>127100001</misses>
				<total>0</total>
				<timestamp>1254.708885</timestamp>
			</report>
			<report>
				<misses>127200001</misses>
				<total>0</total>
				<timestamp>1255.700055</timestamp>
			</report>
			<report>
				<misses>127300001</misses>
				<total>0</total>
				<timestamp>1256.690962</timestamp>
			</report>
			<report>
				<misses>127400001</misses>
				<total>0</total>
				<timestamp>1257.682512</timestamp>
			</report>
			<report>
				<misses>127500001</misses>
				<total>0</total>
				<timestamp>1258.674185</timestamp>
			</report>
			<report>
				<misses>127600001</misses>
				<total>0</total>
				<timestamp>1259.664834</timestamp>
			</report>
			<report>
				<misses>127700001</misses>
				<total>0</total>
				<timestamp>1260.655598</timestamp>
			</report>
			<report>
				<misses>127800001</misses>
				<total>0</total>
				<timestamp>1261.646112</timestamp>
			</report>
			<report>
				<misses>127900001</misses>
				<total>0</total>
				<timestamp>1262.637672</timestamp>
			</report>
			<report>
				<misses>128000001</misses>
				<total>0</total>
				<timestamp>1263.630626</timestamp>
			</report>
			<report>
				<misses>128100001</misses>
				<total>0</total>
				<timestamp>1264.622040</timestamp>
			</report>
			<report>
				<misses>128200001</misses>
				<total>0</total>
				<timestamp>1265.612816</timestamp>
			</report>
			<report>
				<misses>128300001</misses>
				<total>0</total>
				<timestamp>1266.603340</timestamp>
			</report>
			<report>
				<misses>128400001</misses>
				<total>0</total>
				<timestamp>1267.593719</timestamp>
			</report>
			<report>
				<misses>128500001</misses>
				<total>0</total>
				<timestamp>1268.583987</timestamp>
			</report>
			<report>
				<misses>128600001</misses>
				<total>0</total>
				<timestamp>1269.575026</timestamp>
			</report>
			<report>
				<misses>128700001</misses>
				<total>0</total>
				<timestamp>1270.566172</timestamp>
			</report>
			<report>
				<misses>128800001</misses>
				<total>0</total>
				<timestamp>1271.557583</timestamp>
			</report>
			<report>
				<misses>128900001</misses>
				<total>0</total>
				<timestamp>1272.548119</timestamp>
			</report>
			<report>
				<misses>129000001</misses>
				<total>0</total>
				<timestamp>1273.539660</timestamp>
			</report>
			<report>
				<misses>129100001</misses>
				<total>0</total>
				<timestamp>1274.530179</timestamp>
			</report>
			<report>
				<misses>129200001</misses>
				<total>0</total>
				<timestamp>1275.520696</timestamp>
			</report>
			<report>
				<misses>129300001</misses>
				<total>0</total>
				<timestamp>1276.511732</timestamp>
			</report>
			<report>
				<misses>129400001</misses>
				<total>0</total>
				<timestamp>1277.502611</timestamp>
			</report>
			<report>
				<misses>129500001</misses>
				<total>0</total>
				<timestamp>1278.494158</timestamp>
			</report>
			<report>
				<misses>129600001</misses>
				<total>0</total>
				<timestamp>1279.484416</timestamp>
			</report>
			<report>
				<misses>129700001</misses>
				<total>0</total>
				<timestamp>1280.476500</timestamp>
			</report>
			<report>
				<misses>129800001</misses>
				<total>0</total>
				<timestamp>1281.467390</timestamp>
			</report>
			<report>
				<misses>129900001</misses>
				<total>0</total>
				<timestamp>1282.459060</timestamp>
			</report>
			<report>
				<misses>130000001</misses>
				<total>0</total>
				<timestamp>1283.450754</timestamp>
			</report>
			<report>
				<misses>130100001</misses>
				<total>0</total>
				<timestamp>1284.443470</timestamp>
			</report>
			<report>
				<misses>130200001</misses>
				<total>0</total>
				<timestamp>1285.434776</timestamp>
			</report>
			<report>
				<misses>130300001</misses>
				<total>0</total>
				<timestamp>1286.426185</timestamp>
			</report>
			<report>
				<misses>130400001</misses>
				<total>0</total>
				<timestamp>1287.417855</timestamp>
			</report>
			<report>
				<misses>130500001</misses>
				<total>0</total>
				<timestamp>1288.409025</timestamp>
			</report>
			<report>
				<misses>130600001</misses>
				<total>0</total>
				<timestamp>1289.400294</timestamp>
			</report>
			<report>
				<misses>130700001</misses>
				<total>0</total>
				<timestamp>1290.391222</timestamp>
			</report>
			<report>
				<misses>130800001</misses>
				<total>0</total>
				<timestamp>1291.382629</timestamp>
			</report>
			<report>
				<misses>130900001</misses>
				<total>0</total>
				<timestamp>1292.374058</timestamp>
			</report>
			<report>
				<misses>131000001</misses>
				<total>0</total>
				<timestamp>1293.365489</timestamp>
			</report>
			<report>
				<misses>131100001</misses>
				<total>0</total>
				<timestamp>1294.357566</timestamp>
			</report>
			<report>
				<misses>131200001</misses>
				<total>0</total>
				<timestamp>1295.347945</timestamp>
			</report>
			<report>
				<misses>131300001</misses>
				<total>0</total>
				<timestamp>1296.339227</timestamp>
			</report>
			<report>
				<misses>131400001</misses>
				<total>0</total>
				<timestamp>1297.330533</timestamp>
			</report>
			<report>
				<misses>131500001</misses>
				<total>0</total>
				<timestamp>1298.321540</timestamp>
			</report>
			<report>
				<misses>131600001</misses>
				<total>0</total>
				<timestamp>1299.312704</timestamp>
			</report>
			<report>
				<misses>131700001</misses>
				<total>0</total>
				<timestamp>1300.304131</timestamp>
			</report>
			<report>
				<misses>131800001</misses>
				<total>0</total>
				<timestamp>1301.295268</timestamp>
			</report>
			<report>
				<misses>131900001</misses>
				<total>0</total>
				<timestamp>1302.286048</timestamp>
			</report>
			<report>
				<misses>132000001</misses>
				<total>0</total>
				<timestamp>1303.277226</timestamp>
			</report>
			<report>
				<misses>132100001</misses>
				<total>0</total>
				<timestamp>1304.268368</timestamp>
			</report>
			<report>
				<misses>132200001</misses>
				<total>0</total>
				<timestamp>1305.258882</timestamp>
			</report>
			<report>
				<misses>132300001</misses>
				<total>0</total>
				<timestamp>1306.249402</timestamp>
			</report>
			<report>
				<misses>132400001</misses>
				<total>0</total>
				<timestamp>1307.240175</timestamp>
			</report>
			<report>
				<misses>132500001</misses>
				<total>0</total>
				<timestamp>1308.231345</timestamp>
			</report>
			<report>
				<misses>132600001</misses>
				<total>0</total>
				<timestamp>1309.222875</timestamp>
			</report>
			<report>
				<misses>132700001</misses>
				<total>0</total>
				<timestamp>1310.213286</timestamp>
			</report>
			<report>
				<misses>132800001</misses>
				<total>0</total>
				<timestamp>1311.203548</timestamp>
			</report>
			<report>
				<misses>132900001</misses>
				<total>0</total>
				<timestamp>1312.194321</timestamp>
			</report>
			<report>
				<misses>133000001</misses>
				<total>0</total>
				<timestamp>1313.184976</timestamp>
			</report>
			<report>
				<misses>133100001</misses>
				<total>0</total>
				<timestamp>1314.176631</timestamp>
			</report>
			<report>
				<misses>133200001</misses>
				<total>0</total>
				<timestamp>1315.167298</timestamp>
			</report>
			<report>
				<misses>133300001</misses>
				<total>0</total>
				<timestamp>1316.157799</timestamp>
			</report>
			<report>
				<misses>133400001</misses>
				<total>0</total>
				<timestamp>1317.148818</timestamp>
			</report>
			<report>
				<misses>133500001</misses>
				<total>0</total>
				<timestamp>1318.138964</timestamp>
			</report>
			<report>
				<misses>133600001</misses>
				<total>0</total>
				<timestamp>1319.129091</timestamp>
			</report>
			<report>
				<misses>133700001</misses>
				<total>0</total>
				<timestamp>1320.120243</timestamp>
			</report>
			<report>
				<misses>133800001</misses>
				<total>0</total>
				<timestamp>1321.110655</timestamp>
			</report>
			<report>
				<misses>133900001</misses>
				<total>0</total>
				<timestamp>1322.102200</timestamp>
			</report>
			<report>
				<misses>134000001</misses>
				<total>0</total>
				<timestamp>1323.094502</timestamp>
			</report>
			<report>
				<misses>134100001</misses>
				<total>0</total>
				<timestamp>1324.085427</timestamp>
			</report>
			<report>
				<misses>134200001</misses>
				<total>0</total>
				<timestamp>1325.075450</timestamp>
			</report>
			<report>
				<misses>134300001</misses>
				<total>0</total>
				<timestamp>1326.066502</timestamp>
			</report>
			<report>
				<misses>134400001</misses>
				<total>0</total>
				<timestamp>1327.057415</timestamp>
			</report>
			<report>
				<misses>134500001</misses>
				<total>0</total>
				<timestamp>1328.047943</timestamp>
			</report>
			<report>
				<misses>134600001</misses>
				<total>0</total>
				<timestamp>1329.038874</timestamp>
			</report>
			<report>
				<misses>134700001</misses>
				<total>0</total>
				<timestamp>1330.029778</timestamp>
			</report>
			<report>
				<misses>134800001</misses>
				<total>0</total>
				<timestamp>1331.020406</timestamp>
			</report>
			<report>
				<misses>134900001</misses>
				<total>0</total>
				<timestamp>1332.010660</timestamp>
			</report>
			<report>
				<misses>135000001</misses>
				<total>0</total>
				<timestamp>1333.001447</timestamp>
			</report>
			<report>
				<misses>135100001</misses>
				<total>0</total>
				<timestamp>1333.992883</timestamp>
			</report>
			<report>
				<misses>135200001</misses>
				<total>0</total>
				<timestamp>1334.983810</timestamp>
			</report>
			<report>
				<misses>135300001</misses>
				<total>0</total>
				<timestamp>1335.974357</timestamp>
			</report>
			<report>
				<misses>135400001</misses>
				<total>0</total>
				<timestamp>1336.964894</timestamp>
			</report>
			<report>
				<misses>135500001</misses>
				<total>0</total>
				<timestamp>1337.956207</timestamp>
			</report>
			<report>
				<misses>135600001</misses>
				<total>0</total>
				<timestamp>1338.946752</timestamp>
			</report>
			<report>
				<misses>135700001</misses>
				<total>0</total>
				<timestamp>1339.936904</timestamp>
			</report>
			<report>
				<misses>135800001</misses>
				<total>0</total>
				<timestamp>1340.927071</timestamp>
			</report>
			<report>
				<misses>135900001</misses>
				<total>0</total>
				<timestamp>1341.917720</timestamp>
			</report>
			<report>
				<misses>136000001</misses>
				<total>0</total>
				<timestamp>1342.908625</timestamp>
			</report>
			<report>
				<misses>136100001</misses>
				<total>0</total>
				<timestamp>1343.899168</timestamp>
			</report>
			<report>
				<misses>136200001</misses>
				<total>0</total>
				<timestamp>1344.890358</timestamp>
			</report>
			<report>
				<misses>136300001</misses>
				<total>0</total>
				<timestamp>1345.880510</timestamp>
			</report>
			<report>
				<misses>136400001</misses>
				<total>0</total>
				<timestamp>1346.872331</timestamp>
			</report>
			<report>
				<misses>136500001</misses>
				<total>0</total>
				<timestamp>1347.862713</timestamp>
			</report>
			<report>
				<misses>136600001</misses>
				<total>0</total>
				<timestamp>1348.853243</timestamp>
			</report>
			<report>
				<misses>136700001</misses>
				<total>0</total>
				<timestamp>1349.844182</timestamp>
			</report>
			<report>
				<misses>136800001</misses>
				<total>0</total>
				<timestamp>1350.834562</timestamp>
			</report>
			<report>
				<misses>136900001</misses>
				<total>0</total>
				<timestamp>1351.824721</timestamp>
			</report>
			<report>
				<misses>137000001</misses>
				<total>0</total>
				<timestamp>1352.815491</timestamp>
			</report>
			<report>
				<misses>137100001</misses>
				<total>0</total>
				<timestamp>1353.806936</timestamp>
			</report>
			<report>
				<misses>137200001</misses>
				<total>0</total>
				<timestamp>1354.798126</timestamp>
			</report>
			<report>
				<misses>137300001</misses>
				<total>0</total>
				<timestamp>1355.789578</timestamp>
			</report>
			<report>
				<misses>137400001</misses>
				<total>0</total>
				<timestamp>1356.779462</timestamp>
			</report>
			<report>
				<misses>137500001</misses>
				<total>0</total>
				<timestamp>1357.770103</timestamp>
			</report>
			<report>
				<misses>137600001</misses>
				<total>0</total>
				<timestamp>1358.760747</timestamp>
			</report>
			<report>
				<misses>137700001</misses>
				<total>0</total>
				<timestamp>1359.750880</timestamp>
			</report>
			<report>
				<misses>137800001</misses>
				<total>0</total>
				<timestamp>1360.742043</timestamp>
			</report>
			<report>
				<misses>137900001</misses>
				<total>0</total>
				<timestamp>1361.733348</timestamp>
			</report>
			<report>
				<misses>138000001</misses>
				<total>0</total>
				<timestamp>1362.723990</timestamp>
			</report>
			<report>
				<misses>138100001</misses>
				<total>0</total>
				<timestamp>1363.715961</timestamp>
			</report>
			<report>
				<misses>138200001</misses>
				<total>0</total>
				<timestamp>1364.706575</timestamp>
			</report>
			<report>
				<misses>138300001</misses>
				<total>0</total>
				<timestamp>1365.696720</timestamp>
			</report>
			<report>
				<misses>138400001</misses>
				<total>0</total>
				<timestamp>1366.687886</timestamp>
			</report>
			<report>
				<misses>138500001</misses>
				<total>0</total>
				<timestamp>1367.678529</timestamp>
			</report>
			<report>
				<misses>138600001</misses>
				<total>0</total>
				<timestamp>1368.669333</timestamp>
			</report>
			<report>
				<misses>138700001</misses>
				<total>0</total>
				<timestamp>1369.659837</timestamp>
			</report>
			<report>
				<misses>138800001</misses>
				<total>0</total>
				<timestamp>1370.651289</timestamp>
			</report>
			<report>
				<misses>138900001</misses>
				<total>0</total>
				<timestamp>1371.641542</timestamp>
			</report>
			<report>
				<misses>139000001</misses>
				<total>0</total>
				<timestamp>1372.632825</timestamp>
			</report>
			<report>
				<misses>139100001</misses>
				<total>0</total>
				<timestamp>1373.623482</timestamp>
			</report>
			<report>
				<misses>139200001</misses>
				<total>0</total>
				<timestamp>1374.615172</timestamp>
			</report>
			<report>
				<misses>139300001</misses>
				<total>0</total>
				<timestamp>1375.606055</timestamp>
			</report>
			<report>
				<misses>139400001</misses>
				<total>0</total>
				<timestamp>1376.597213</timestamp>
			</report>
			<report>
				<misses>139500001</misses>
				<total>0</total>
				<timestamp>1377.588272</timestamp>
			</report>
			<report>
				<misses>139600001</misses>
				<total>0</total>
				<timestamp>1378.579532</timestamp>
			</report>
			<report>
				<misses>139700001</misses>
				<total>0</total>
				<timestamp>1379.570200</timestamp>
			</report>
			<report>
				<misses>139800001</misses>
				<total>0</total>
				<timestamp>1380.560212</timestamp>
			</report>
			<report>
				<misses>139900001</misses>
				<total>0</total>
				<timestamp>1381.551909</timestamp>
			</report>
			<report>
				<misses>140000001</misses>
				<total>0</total>
				<timestamp>1382.543975</timestamp>
			</report>
			<report>
				<misses>140100001</misses>
				<total>0</total>
				<timestamp>1383.535106</timestamp>
			</report>
			<report>
				<misses>140200001</misses>
				<total>0</total>
				<timestamp>1384.526797</timestamp>
			</report>
			<report>
				<misses>140300001</misses>
				<total>0</total>
				<timestamp>1385.518737</timestamp>
			</report>
			<report>
				<misses>140400001</misses>
				<total>0</total>
				<timestamp>1386.509530</timestamp>
			</report>
			<report>
				<misses>140500001</misses>
				<total>0</total>
				<timestamp>1387.500947</timestamp>
			</report>
			<report>
				<misses>140600001</misses>
				<total>0</total>
				<timestamp>1388.492135</timestamp>
			</report>
			<report>
				<misses>140700001</misses>
				<total>0</total>
				<timestamp>1389.484072</timestamp>
			</report>
			<report>
				<misses>140800001</misses>
				<total>0</total>
				<timestamp>1390.475393</timestamp>
			</report>
			<report>
				<misses>140900001</misses>
				<total>0</total>
				<timestamp>1391.466440</timestamp>
			</report>
			<report>
				<misses>141000001</misses>
				<total>0</total>
				<timestamp>1392.458131</timestamp>
			</report>
			<report>
				<misses>141100001</misses>
				<total>0</total>
				<timestamp>1393.449180</timestamp>
			</report>
			<report>
				<misses>141200001</misses>
				<total>0</total>
				<timestamp>1394.440471</timestamp>
			</report>
			<report>
				<misses>141300001</misses>
				<total>0</total>
				<timestamp>1395.432915</timestamp>
			</report>
			<report>
				<misses>141400001</misses>
				<total>0</total>
				<timestamp>1396.423835</timestamp>
			</report>
			<report>
				<misses>141500001</misses>
				<total>0</total>
				<timestamp>1397.415651</timestamp>
			</report>
			<report>
				<misses>141600001</misses>
				<total>0</total>
				<timestamp>1398.406284</timestamp>
			</report>
			<report>
				<misses>141700001</misses>
				<total>0</total>
				<timestamp>1399.381836</timestamp>
			</report>
			<report>
				<misses>141800001</misses>
				<total>0</total>
				<timestamp>1400.357418</timestamp>
			</report>
			<report>
				<misses>141900001</misses>
				<total>0</total>
				<timestamp>1401.332220</timestamp>
			</report>
			<report>
				<misses>142000001</misses>
				<total>0</total>
				<timestamp>1402.308285</timestamp>
			</report>
			<report>
				<misses>142100001</misses>
				<total>0</total>
				<timestamp>1403.284338</timestamp>
			</report>
			<report>
				<misses>142200001</misses>
				<total>0</total>
				<timestamp>1404.258750</timestamp>
			</report>
			<report>
				<misses>142300001</misses>
				<total>0</total>
				<timestamp>1405.234722</timestamp>
			</report>
			<report>
				<misses>142400001</misses>
				<total>0</total>
				<timestamp>1406.210169</timestamp>
			</report>
			<report>
				<misses>142500001</misses>
				<total>0</total>
				<timestamp>1407.186781</timestamp>
			</report>
			<report>
				<misses>142600001</misses>
				<total>0</total>
				<timestamp>1408.162486</timestamp>
			</report>
			<report>
				<misses>142700001</misses>
				<total>0</total>
				<timestamp>1409.137156</timestamp>
			</report>
			<report>
				<misses>142800001</misses>
				<total>0</total>
				<timestamp>1410.114259</timestamp>
			</report>
			<report>
				<misses>142900001</misses>
				<total>0</total>
				<timestamp>1411.089194</timestamp>
			</report>
			<report>
				<misses>143000001</misses>
				<total>0</total>
				<timestamp>1412.065126</timestamp>
			</report>
			<report>
				<misses>143100001</misses>
				<total>0</total>
				<timestamp>1413.042207</timestamp>
			</report>
			<report>
				<misses>143200001</misses>
				<total>0</total>
				<timestamp>1414.017502</timestamp>
			</report>
			<report>
				<misses>143300001</misses>
				<total>0</total>
				<timestamp>1414.993551</timestamp>
			</report>
			<report>
				<misses>143400001</misses>
				<total>0</total>
				<timestamp>1415.968737</timestamp>
			</report>
			<report>
				<misses>143500001</misses>
				<total>0</total>
				<timestamp>1416.944561</timestamp>
			</report>
			<report>
				<misses>143600001</misses>
				<total>0</total>
				<timestamp>1417.919880</timestamp>
			</report>
			<report>
				<misses>143700001</misses>
				<total>0</total>
				<timestamp>1418.896233</timestamp>
			</report>
			<report>
				<misses>143800001</misses>
				<total>0</total>
				<timestamp>1419.872332</timestamp>
			</report>
			<report>
				<misses>143900001</misses>
				<total>0</total>
				<timestamp>1420.847782</timestamp>
			</report>
			<report>
				<misses>144000001</misses>
				<total>0</total>
				<timestamp>1421.821919</timestamp>
			</report>
			<report>
				<misses>144100001</misses>
				<total>0</total>
				<timestamp>1422.798229</timestamp>
			</report>
			<report>
				<misses>144200001</misses>
				<total>0</total>
				<timestamp>1423.775072</timestamp>
			</report>
			<report>
				<misses>144300001</misses>
				<total>0</total>
				<timestamp>1424.751949</timestamp>
			</report>
			<report>
				<misses>144400001</misses>
				<total>0</total>
				<timestamp>1425.733468</timestamp>
			</report>
			<report>
				<misses>144500001</misses>
				<total>0</total>
				<timestamp>1426.715323</timestamp>
			</report>
			<report>
				<misses>144600001</misses>
				<total>0</total>
				<timestamp>1427.696812</timestamp>
			</report>
			<report>
				<misses>144700001</misses>
				<total>0</total>
				<timestamp>1428.678705</timestamp>
			</report>
			<report>
				<misses>144800001</misses>
				<total>0</total>
				<timestamp>1429.660592</timestamp>
			</report>
			<report>
				<misses>144900001</misses>
				<total>0</total>
				<timestamp>1430.641456</timestamp>
			</report>
			<report>
				<misses>145000001</misses>
				<total>0</total>
				<timestamp>1431.622462</timestamp>
			</report>
			<report>
				<misses>145100001</misses>
				<total>0</total>
				<timestamp>1432.604762</timestamp>
			</report>
			<report>
				<misses>145200001</misses>
				<total>0</total>
				<timestamp>1433.586364</timestamp>
			</report>
			<report>
				<misses>145300001</misses>
				<total>0</total>
				<timestamp>1434.567346</timestamp>
			</report>
			<report>
				<misses>145400001</misses>
				<total>0</total>
				<timestamp>1435.549260</timestamp>
			</report>
			<report>
				<misses>145500001</misses>
				<total>0</total>
				<timestamp>1436.531019</timestamp>
			</report>
			<report>
				<misses>145600001</misses>
				<total>0</total>
				<timestamp>1437.511890</timestamp>
			</report>
			<report>
				<misses>145700001</misses>
				<total>0</total>
				<timestamp>1438.492754</timestamp>
			</report>
			<report>
				<misses>145800001</misses>
				<total>0</total>
				<timestamp>1439.473869</timestamp>
			</report>
			<report>
				<misses>145900001</misses>
				<total>0</total>
				<timestamp>1440.454856</timestamp>
			</report>
			<report>
				<misses>146000001</misses>
				<total>0</total>
				<timestamp>1441.435485</timestamp>
			</report>
			<report>
				<misses>146100001</misses>
				<total>0</total>
				<timestamp>1442.416753</timestamp>
			</report>
			<report>
				<misses>146200001</misses>
				<total>0</total>
				<timestamp>1443.398653</timestamp>
			</report>
			<report>
				<misses>146300001</misses>
				<total>0</total>
				<timestamp>1444.380429</timestamp>
			</report>
			<report>
				<misses>146400001</misses>
				<total>0</total>
				<timestamp>1445.361699</timestamp>
			</report>
			<report>
				<misses>146500001</misses>
				<total>0</total>
				<timestamp>1446.343299</timestamp>
			</report>
			<report>
				<misses>146600001</misses>
				<total>0</total>
				<timestamp>1447.329833</timestamp>
			</report>
			<report>
				<misses>146700001</misses>
				<total>0</total>
				<timestamp>1448.320648</timestamp>
			</report>
			<report>
				<misses>146800001</misses>
				<total>0</total>
				<timestamp>1449.311456</timestamp>
			</report>
			<report>
				<misses>146900001</misses>
				<total>0</total>
				<timestamp>1450.302643</timestamp>
			</report>
			<report>
				<misses>147000001</misses>
				<total>0</total>
				<timestamp>1451.293942</timestamp>
			</report>
			<report>
				<misses>147100001</misses>
				<total>0</total>
				<timestamp>1452.284748</timestamp>
			</report>
			<report>
				<misses>147200001</misses>
				<total>0</total>
				<timestamp>1453.275424</timestamp>
			</report>
			<report>
				<misses>147300001</misses>
				<total>0</total>
				<timestamp>1454.266470</timestamp>
			</report>
			<report>
				<misses>147400001</misses>
				<total>0</total>
				<timestamp>1455.258041</timestamp>
			</report>
			<report>
				<misses>147500001</misses>
				<total>0</total>
				<timestamp>1456.249883</timestamp>
			</report>
			<report>
				<misses>147600001</misses>
				<total>0</total>
				<timestamp>1457.240685</timestamp>
			</report>
			<report>
				<misses>147700001</misses>
				<total>0</total>
				<timestamp>1458.231223</timestamp>
			</report>
			<report>
				<misses>147800001</misses>
				<total>0</total>
				<timestamp>1459.221639</timestamp>
			</report>
			<report>
				<misses>147900001</misses>
				<total>0</total>
				<timestamp>1460.213076</timestamp>
			</report>
			<report>
				<misses>148000001</misses>
				<total>0</total>
				<timestamp>1461.203100</timestamp>
			</report>
			<report>
				<misses>148100001</misses>
				<total>0</total>
				<timestamp>1462.194153</timestamp>
			</report>
			<report>
				<misses>148200001</misses>
				<total>0</total>
				<timestamp>1463.184702</timestamp>
			</report>
			<report>
				<misses>148300001</misses>
				<total>0</total>
				<timestamp>1464.174990</timestamp>
			</report>
			<report>
				<misses>148400001</misses>
				<total>0</total>
				<timestamp>1465.165531</timestamp>
			</report>
			<report>
				<misses>148500001</misses>
				<total>0</total>
				<timestamp>1466.156856</timestamp>
			</report>
			<report>
				<misses>148600001</misses>
				<total>0</total>
				<timestamp>1467.148144</timestamp>
			</report>
			<report>
				<misses>148700001</misses>
				<total>0</total>
				<timestamp>1468.138647</timestamp>
			</report>
			<report>
				<misses>148800001</misses>
				<total>0</total>
				<timestamp>1469.130230</timestamp>
			</report>
			<report>
				<misses>148900001</misses>
				<total>0</total>
				<timestamp>1470.121148</timestamp>
			</report>
			<report>
				<misses>149000001</misses>
				<total>0</total>
				<timestamp>1471.112082</timestamp>
			</report>
			<report>
				<misses>149100001</misses>
				<total>0</total>
				<timestamp>1472.102761</timestamp>
			</report>
			<report>
				<misses>149200001</misses>
				<total>0</total>
				<timestamp>1473.094328</timestamp>
			</report>
			<report>
				<misses>149300001</misses>
				<total>0</total>
				<timestamp>1474.085509</timestamp>
			</report>
			<report>
				<misses>149400001</misses>
				<total>0</total>
				<timestamp>1475.076309</timestamp>
			</report>
			<report>
				<misses>149500001</misses>
				<total>0</total>
				<timestamp>1476.067497</timestamp>
			</report>
			<report>
				<misses>149600001</misses>
				<total>0</total>
				<timestamp>1477.058827</timestamp>
			</report>
			<report>
				<misses>149700001</misses>
				<total>0</total>
				<timestamp>1478.049875</timestamp>
			</report>
			<report>
				<misses>149800001</misses>
				<total>0</total>
				<timestamp>1479.040548</timestamp>
			</report>
			<report>
				<misses>149900001</misses>
				<total>0</total>
				<timestamp>1480.031610</timestamp>
			</report>
			<report>
				<misses>150000001</misses>
				<total>0</total>
				<timestamp>1481.021904</timestamp>
			</report>
			<report>
				<misses>150100001</misses>
				<total>0</total>
				<timestamp>1482.012690</timestamp>
			</report>
			<report>
				<misses>150200001</misses>
				<total>0</total>
				<timestamp>1483.002980</timestamp>
			</report>
			<report>
				<misses>150300001</misses>
				<total>0</total>
				<timestamp>1483.993483</timestamp>
			</report>
			<report>
				<misses>150400001</misses>
				<total>0</total>
				<timestamp>1484.983793</timestamp>
			</report>
			<report>
				<misses>150500001</misses>
				<total>0</total>
				<timestamp>1485.975224</timestamp>
			</report>
			<report>
				<misses>150600001</misses>
				<total>0</total>
				<timestamp>1486.966533</timestamp>
			</report>
			<report>
				<misses>150700001</misses>
				<total>0</total>
				<timestamp>1487.957070</timestamp>
			</report>
			<report>
				<misses>150800001</misses>
				<total>0</total>
				<timestamp>1488.947599</timestamp>
			</report>
			<report>
				<misses>150900001</misses>
				<total>0</total>
				<timestamp>1489.938530</timestamp>
			</report>
			<report>
				<misses>151000001</misses>
				<total>0</total>
				<timestamp>1490.929984</timestamp>
			</report>
			<report>
				<misses>151100001</misses>
				<total>0</total>
				<timestamp>1491.921562</timestamp>
			</report>
			<report>
				<misses>151200001</misses>
				<total>0</total>
				<timestamp>1492.913358</timestamp>
			</report>
			<report>
				<misses>151300001</misses>
				<total>0</total>
				<timestamp>1493.904827</timestamp>
			</report>
			<report>
				<misses>151400001</misses>
				<total>0</total>
				<timestamp>1494.895833</timestamp>
			</report>
			<report>
				<misses>151500001</misses>
				<total>0</total>
				<timestamp>1495.886368</timestamp>
			</report>
			<report>
				<misses>151600001</misses>
				<total>0</total>
				<timestamp>1496.877822</timestamp>
			</report>
			<report>
				<misses>151700001</misses>
				<total>0</total>
				<timestamp>1497.868350</timestamp>
			</report>
			<report>
				<misses>151800001</misses>
				<total>0</total>
				<timestamp>1498.858996</timestamp>
			</report>
			<report>
				<misses>151900001</misses>
				<total>0</total>
				<timestamp>1499.849880</timestamp>
			</report>
			<report>
				<misses>152000001</misses>
				<total>0</total>
				<timestamp>1500.840155</timestamp>
			</report>
			<report>
				<misses>152100001</misses>
				<total>0</total>
				<timestamp>1501.830315</timestamp>
			</report>
			<report>
				<misses>152200001</misses>
				<total>0</total>
				<timestamp>1502.820994</timestamp>
			</report>
			<report>
				<misses>152300001</misses>
				<total>0</total>
				<timestamp>1503.811927</timestamp>
			</report>
			<report>
				<misses>152400001</misses>
				<total>0</total>
				<timestamp>1504.802606</timestamp>
			</report>
			<report>
				<misses>152500001</misses>
				<total>0</total>
				<timestamp>1505.792759</timestamp>
			</report>
			<report>
				<misses>152600001</misses>
				<total>0</total>
				<timestamp>1506.783291</timestamp>
			</report>
			<report>
				<misses>152700001</misses>
				<total>0</total>
				<timestamp>1507.774478</timestamp>
			</report>
			<report>
				<misses>152800001</misses>
				<total>0</total>
				<timestamp>1508.765929</timestamp>
			</report>
			<report>
				<misses>152900001</misses>
				<total>0</total>
				<timestamp>1509.756862</timestamp>
			</report>
			<report>
				<misses>153000001</misses>
				<total>0</total>
				<timestamp>1510.746882</timestamp>
			</report>
			<report>
				<misses>153100001</misses>
				<total>0</total>
				<timestamp>1511.738333</timestamp>
			</report>
			<report>
				<misses>153200001</misses>
				<total>0</total>
				<timestamp>1512.729406</timestamp>
			</report>
			<report>
				<misses>153300001</misses>
				<total>0</total>
				<timestamp>1513.719687</timestamp>
			</report>
			<report>
				<misses>153400001</misses>
				<total>0</total>
				<timestamp>1514.710601</timestamp>
			</report>
			<report>
				<misses>153500001</misses>
				<total>0</total>
				<timestamp>1515.702925</timestamp>
			</report>
			<report>
				<misses>153600001</misses>
				<total>0</total>
				<timestamp>1516.694898</timestamp>
			</report>
			<report>
				<misses>153700001</misses>
				<total>0</total>
				<timestamp>1517.685908</timestamp>
			</report>
			<report>
				<misses>153800001</misses>
				<total>0</total>
				<timestamp>1518.677494</timestamp>
			</report>
			<report>
				<misses>153900001</misses>
				<total>0</total>
				<timestamp>1519.668524</timestamp>
			</report>
			<report>
				<misses>154000001</misses>
				<total>0</total>
				<timestamp>1520.659333</timestamp>
			</report>
			<report>
				<misses>154100001</misses>
				<total>0</total>
				<timestamp>1521.650133</timestamp>
			</report>
			<report>
				<misses>154200001</misses>
				<total>0</total>
				<timestamp>1522.641208</timestamp>
			</report>
			<report>
				<misses>154300001</misses>
				<total>0</total>
				<timestamp>1523.633055</timestamp>
			</report>
			<report>
				<misses>154400001</misses>
				<total>0</total>
				<timestamp>1524.624586</timestamp>
			</report>
			<report>
				<misses>154500001</misses>
				<total>0</total>
				<timestamp>1525.614487</timestamp>
			</report>
			<report>
				<misses>154600001</misses>
				<total>0</total>
				<timestamp>1526.605030</timestamp>
			</report>
			<report>
				<misses>154700001</misses>
				<total>0</total>
				<timestamp>1527.596094</timestamp>
			</report>
			<report>
				<misses>154800001</misses>
				<total>0</total>
				<timestamp>1528.587021</timestamp>
			</report>
			<report>
				<misses>154900001</misses>
				<total>0</total>
				<timestamp>1529.578082</timestamp>
			</report>
			<report>
				<misses>155000001</misses>
				<total>0</total>
				<timestamp>1530.568115</timestamp>
			</report>
			<report>
				<misses>155100001</misses>
				<total>0</total>
				<timestamp>1531.558932</timestamp>
			</report>
			<report>
				<misses>155200001</misses>
				<total>0</total>
				<timestamp>1532.550585</timestamp>
			</report>
			<report>
				<misses>155300001</misses>
				<total>0</total>
				<timestamp>1533.540490</timestamp>
			</report>
			<report>
				<misses>155400001</misses>
				<total>0</total>
				<timestamp>1534.530904</timestamp>
			</report>
			<report>
				<misses>155500001</misses>
				<total>0</total>
				<timestamp>1535.521976</timestamp>
			</report>
			<report>
				<misses>155600001</misses>
				<total>0</total>
				<timestamp>1536.512872</timestamp>
			</report>
			<report>
				<misses>155700001</misses>
				<total>0</total>
				<timestamp>1537.504716</timestamp>
			</report>
			<report>
				<misses>155800001</misses>
				<total>0</total>
				<timestamp>1538.495481</timestamp>
			</report>
			<report>
				<misses>155900001</misses>
				<total>0</total>
				<timestamp>1539.486674</timestamp>
			</report>
			<report>
				<misses>156000001</misses>
				<total>0</total>
				<timestamp>1540.476572</timestamp>
			</report>
			<report>
				<misses>156100001</misses>
				<total>0</total>
				<timestamp>1541.467896</timestamp>
			</report>
			<report>
				<misses>156200001</misses>
				<total>0</total>
				<timestamp>1542.458319</timestamp>
			</report>
			<report>
				<misses>156300001</misses>
				<total>0</total>
				<timestamp>1543.448708</timestamp>
			</report>
			<report>
				<misses>156400001</misses>
				<total>0</total>
				<timestamp>1544.439981</timestamp>
			</report>
			<report>
				<misses>156500001</misses>
				<total>0</total>
				<timestamp>1545.430388</timestamp>
			</report>
			<report>
				<misses>156600001</misses>
				<total>0</total>
				<timestamp>1546.420809</timestamp>
			</report>
			<report>
				<misses>156700001</misses>
				<total>0</total>
				<timestamp>1547.411723</timestamp>
			</report>
			<report>
				<misses>156800001</misses>
				<total>0</total>
				<timestamp>1548.402890</timestamp>
			</report>
			<report>
				<misses>156900001</misses>
				<total>0</total>
				<timestamp>1549.393703</timestamp>
			</report>
			<report>
				<misses>157000001</misses>
				<total>0</total>
				<timestamp>1550.384455</timestamp>
			</report>
			<report>
				<misses>157100001</misses>
				<total>0</total>
				<timestamp>1551.374352</timestamp>
			</report>
			<report>
				<misses>157200001</misses>
				<total>0</total>
				<timestamp>1552.365408</timestamp>
			</report>
			<report>
				<misses>157300001</misses>
				<total>0</total>
				<timestamp>1553.355325</timestamp>
			</report>
			<report>
				<misses>157400001</misses>
				<total>0</total>
				<timestamp>1554.345959</timestamp>
			</report>
			<report>
				<misses>157500001</misses>
				<total>0</total>
				<timestamp>1555.336730</timestamp>
			</report>
			<report>
				<misses>157600001</misses>
				<total>0</total>
				<timestamp>1556.327522</timestamp>
			</report>
			<report>
				<misses>157700001</misses>
				<total>0</total>
				<timestamp>1557.318719</timestamp>
			</report>
			<report>
				<misses>157800001</misses>
				<total>0</total>
				<timestamp>1558.309534</timestamp>
			</report>
			<report>
				<misses>157900001</misses>
				<total>0</total>
				<timestamp>1559.300542</timestamp>
			</report>
			<report>
				<misses>158000001</misses>
				<total>0</total>
				<timestamp>1560.291208</timestamp>
			</report>
			<report>
				<misses>158100001</misses>
				<total>0</total>
				<timestamp>1561.281868</timestamp>
			</report>
			<report>
				<misses>158200001</misses>
				<total>0</total>
				<timestamp>1562.272276</timestamp>
			</report>
			<report>
				<misses>158300001</misses>
				<total>0</total>
				<timestamp>1563.263203</timestamp>
			</report>
			<report>
				<misses>158400001</misses>
				<total>0</total>
				<timestamp>1564.253352</timestamp>
			</report>
			<report>
				<misses>158500001</misses>
				<total>0</total>
				<timestamp>1565.244533</timestamp>
			</report>
			<report>
				<misses>158600001</misses>
				<total>0</total>
				<timestamp>1566.235346</timestamp>
			</report>
			<report>
				<misses>158700001</misses>
				<total>0</total>
				<timestamp>1567.225732</timestamp>
			</report>
			<report>
				<misses>158800001</misses>
				<total>0</total>
				<timestamp>1568.216155</timestamp>
			</report>
			<report>
				<misses>158900001</misses>
				<total>0</total>
				<timestamp>1569.206323</timestamp>
			</report>
			<report>
				<misses>159000001</misses>
				<total>0</total>
				<timestamp>1570.197129</timestamp>
			</report>
			<report>
				<misses>159100001</misses>
				<total>0</total>
				<timestamp>1571.188440</timestamp>
			</report>
			<report>
				<misses>159200001</misses>
				<total>0</total>
				<timestamp>1572.178473</timestamp>
			</report>
			<report>
				<misses>159300001</misses>
				<total>0</total>
				<timestamp>1573.169531</timestamp>
			</report>
			<report>
				<misses>159400001</misses>
				<total>0</total>
				<timestamp>1574.160335</timestamp>
			</report>
			<report>
				<misses>159500001</misses>
				<total>0</total>
				<timestamp>1575.150885</timestamp>
			</report>
			<report>
				<misses>159600001</misses>
				<total>0</total>
				<timestamp>1576.141942</timestamp>
			</report>
			<report>
				<misses>159700001</misses>
				<total>0</total>
				<timestamp>1577.132624</timestamp>
			</report>
			<report>
				<misses>159800001</misses>
				<total>0</total>
				<timestamp>1578.123556</timestamp>
			</report>
			<report>
				<misses>159900001</misses>
				<total>0</total>
				<timestamp>1579.114226</timestamp>
			</report>
			<report>
				<misses>160000001</misses>
				<total>0</total>
				<timestamp>1580.105157</timestamp>
			</report>
			<report>
				<misses>160100001</misses>
				<total>0</total>
				<timestamp>1581.096213</timestamp>
			</report>
			<report>
				<misses>160200001</misses>
				<total>0</total>
				<timestamp>1582.087406</timestamp>
			</report>
			<report>
				<misses>160300001</misses>
				<total>0</total>
				<timestamp>1583.077924</timestamp>
			</report>
			<report>
				<misses>160400001</misses>
				<total>0</total>
				<timestamp>1584.068946</timestamp>
			</report>
			<report>
				<misses>160500001</misses>
				<total>0</total>
				<timestamp>1585.059882</timestamp>
			</report>
			<report>
				<misses>160600001</misses>
				<total>0</total>
				<timestamp>1586.050948</timestamp>
			</report>
			<report>
				<misses>160700001</misses>
				<total>0</total>
				<timestamp>1587.041666</timestamp>
			</report>
			<report>
				<misses>160800001</misses>
				<total>0</total>
				<timestamp>1588.032084</timestamp>
			</report>
			<report>
				<misses>160900001</misses>
				<total>0</total>
				<timestamp>1589.022973</timestamp>
			</report>
			<report>
				<misses>161000001</misses>
				<total>0</total>
				<timestamp>1590.013270</timestamp>
			</report>
			<report>
				<misses>161100001</misses>
				<total>0</total>
				<timestamp>1591.004458</timestamp>
			</report>
			<report>
				<misses>161200001</misses>
				<total>0</total>
				<timestamp>1591.995009</timestamp>
			</report>
			<report>
				<misses>161300001</misses>
				<total>0</total>
				<timestamp>1592.986582</timestamp>
			</report>
			<report>
				<misses>161400001</misses>
				<total>0</total>
				<timestamp>1593.977101</timestamp>
			</report>
			<report>
				<misses>161500001</misses>
				<total>0</total>
				<timestamp>1594.967777</timestamp>
			</report>
			<report>
				<misses>161600001</misses>
				<total>0</total>
				<timestamp>1595.958327</timestamp>
			</report>
			<report>
				<misses>161700001</misses>
				<total>0</total>
				<timestamp>1596.949125</timestamp>
			</report>
			<report>
				<misses>161800001</misses>
				<total>0</total>
				<timestamp>1597.939932</timestamp>
			</report>
			<report>
				<misses>161900001</misses>
				<total>0</total>
				<timestamp>1598.930823</timestamp>
			</report>
			<report>
				<misses>162000001</misses>
				<total>0</total>
				<timestamp>1599.921884</timestamp>
			</report>
			<report>
				<misses>162100001</misses>
				<total>0</total>
				<timestamp>1600.912768</timestamp>
			</report>
			<report>
				<misses>162200001</misses>
				<total>0</total>
				<timestamp>1601.903556</timestamp>
			</report>
			<report>
				<misses>162300001</misses>
				<total>0</total>
				<timestamp>1602.894357</timestamp>
			</report>
			<report>
				<misses>162400001</misses>
				<total>0</total>
				<timestamp>1603.885914</timestamp>
			</report>
			<report>
				<misses>162500001</misses>
				<total>0</total>
				<timestamp>1604.876587</timestamp>
			</report>
			<report>
				<misses>162600001</misses>
				<total>0</total>
				<timestamp>1605.867140</timestamp>
			</report>
			<report>
				<misses>162700001</misses>
				<total>0</total>
				<timestamp>1606.858169</timestamp>
			</report>
			<report>
				<misses>162800001</misses>
				<total>0</total>
				<timestamp>1607.849053</timestamp>
			</report>
			<report>
				<misses>162900001</misses>
				<total>0</total>
				<timestamp>1608.839734</timestamp>
			</report>
			<report>
				<misses>163000001</misses>
				<total>0</total>
				<timestamp>1609.830760</timestamp>
			</report>
			<report>
				<misses>163100001</misses>
				<total>0</total>
				<timestamp>1610.822050</timestamp>
			</report>
			<report>
				<misses>163200001</misses>
				<total>0</total>
				<timestamp>1611.811780</timestamp>
			</report>
			<report>
				<misses>163300001</misses>
				<total>0</total>
				<timestamp>1612.802968</timestamp>
			</report>
			<report>
				<misses>163400001</misses>
				<total>0</total>
				<timestamp>1613.794144</timestamp>
			</report>
			<report>
				<misses>163500001</misses>
				<total>0</total>
				<timestamp>1614.785315</timestamp>
			</report>
			<report>
				<misses>163600001</misses>
				<total>0</total>
				<timestamp>1615.776357</timestamp>
			</report>
			<report>
				<misses>163700001</misses>
				<total>0</total>
				<timestamp>1616.767022</timestamp>
			</report>
			<report>
				<misses>163800001</misses>
				<total>0</total>
				<timestamp>1617.756913</timestamp>
			</report>
			<report>
				<misses>163900001</misses>
				<total>0</total>
				<timestamp>1618.748869</timestamp>
			</report>
			<report>
				<misses>164000001</misses>
				<total>0</total>
				<timestamp>1619.739237</timestamp>
			</report>
			<report>
				<misses>164100001</misses>
				<total>0</total>
				<timestamp>1620.730178</timestamp>
			</report>
			<report>
				<misses>164200001</misses>
				<total>0</total>
				<timestamp>1621.720823</timestamp>
			</report>
			<report>
				<misses>164300001</misses>
				<total>0</total>
				<timestamp>1622.712083</timestamp>
			</report>
			<report>
				<misses>164400001</misses>
				<total>0</total>
				<timestamp>1623.702717</timestamp>
			</report>
			<report>
				<misses>164500001</misses>
				<total>0</total>
				<timestamp>1624.693778</timestamp>
			</report>
			<report>
				<misses>164600001</misses>
				<total>0</total>
				<timestamp>1625.685214</timestamp>
			</report>
			<report>
				<misses>164700001</misses>
				<total>0</total>
				<timestamp>1626.676663</timestamp>
			</report>
			<report>
				<misses>164800001</misses>
				<total>0</total>
				<timestamp>1627.667942</timestamp>
			</report>
			<report>
				<misses>164900001</misses>
				<total>0</total>
				<timestamp>1628.658852</timestamp>
			</report>
			<report>
				<misses>165000001</misses>
				<total>0</total>
				<timestamp>1629.648866</timestamp>
			</report>
			<report>
				<misses>165100001</misses>
				<total>0</total>
				<timestamp>1630.639409</timestamp>
			</report>
			<report>
				<misses>165200001</misses>
				<total>0</total>
				<timestamp>1631.630292</timestamp>
			</report>
			<report>
				<misses>165300001</misses>
				<total>0</total>
				<timestamp>1632.620577</timestamp>
			</report>
			<report>
				<misses>165400001</misses>
				<total>0</total>
				<timestamp>1633.610574</timestamp>
			</report>
			<report>
				<misses>165500001</misses>
				<total>0</total>
				<timestamp>1634.601869</timestamp>
			</report>
			<report>
				<misses>165600001</misses>
				<total>0</total>
				<timestamp>1635.592539</timestamp>
			</report>
			<report>
				<misses>165700001</misses>
				<total>0</total>
				<timestamp>1636.583709</timestamp>
			</report>
			<report>
				<misses>165800001</misses>
				<total>0</total>
				<timestamp>1637.573812</timestamp>
			</report>
			<report>
				<misses>165900001</misses>
				<total>0</total>
				<timestamp>1638.563948</timestamp>
			</report>
			<report>
				<misses>166000001</misses>
				<total>0</total>
				<timestamp>1639.553461</timestamp>
			</report>
			<report>
				<misses>166100001</misses>
				<total>0</total>
				<timestamp>1640.543478</timestamp>
			</report>
			<report>
				<misses>166200001</misses>
				<total>0</total>
				<timestamp>1641.532469</timestamp>
			</report>
			<report>
				<misses>166300001</misses>
				<total>0</total>
				<timestamp>1642.522122</timestamp>
			</report>
			<report>
				<misses>166400001</misses>
				<total>0</total>
				<timestamp>1643.511874</timestamp>
			</report>
			<report>
				<misses>166500001</misses>
				<total>0</total>
				<timestamp>1644.501232</timestamp>
			</report>
			<report>
				<misses>166600001</misses>
				<total>0</total>
				<timestamp>1645.490214</timestamp>
			</report>
			<report>
				<misses>166700001</misses>
				<total>0</total>
				<timestamp>1646.479450</timestamp>
			</report>
			<report>
				<misses>166800001</misses>
				<total>0</total>
				<timestamp>1647.468685</timestamp>
			</report>
			<report>
				<misses>166900001</misses>
				<total>0</total>
				<timestamp>1648.458298</timestamp>
			</report>
			<report>
				<misses>167000001</misses>
				<total>0</total>
				<timestamp>1649.447794</timestamp>
			</report>
			<report>
				<misses>167100001</misses>
				<total>0</total>
				<timestamp>1650.437556</timestamp>
			</report>
			<report>
				<misses>167200001</misses>
				<total>0</total>
				<timestamp>1651.427192</timestamp>
			</report>
			<report>
				<misses>167300001</misses>
				<total>0</total>
				<timestamp>1652.416825</timestamp>
			</report>
			<report>
				<misses>167400001</misses>
				<total>0</total>
				<timestamp>1653.406590</timestamp>
			</report>
			<report>
				<misses>167500001</misses>
				<total>0</total>
				<timestamp>1654.396104</timestamp>
			</report>
			<report>
				<misses>167600001</misses>
				<total>0</total>
				<timestamp>1655.385096</timestamp>
			</report>
			<report>
				<misses>167700001</misses>
				<total>0</total>
				<timestamp>1656.374998</timestamp>
			</report>
			<report>
				<misses>167800001</misses>
				<total>0</total>
				<timestamp>1657.364246</timestamp>
			</report>
			<report>
				<misses>167900001</misses>
				<total>0</total>
				<timestamp>1658.353754</timestamp>
			</report>
			<report>
				<misses>168000001</misses>
				<total>0</total>
				<timestamp>1659.342363</timestamp>
			</report>
			<report>
				<misses>168100001</misses>
				<total>0</total>
				<timestamp>1660.332644</timestamp>
			</report>
			<report>
				<misses>168200001</misses>
				<total>0</total>
				<timestamp>1661.322411</timestamp>
			</report>
			<report>
				<misses>168300001</misses>
				<total>0</total>
				<timestamp>1662.312185</timestamp>
			</report>
			<report>
				<misses>168400001</misses>
				<total>0</total>
				<timestamp>1663.301809</timestamp>
			</report>
			<report>
				<misses>168500001</misses>
				<total>0</total>
				<timestamp>1664.291169</timestamp>
			</report>
			<report>
				<misses>168600001</misses>
				<total>0</total>
				<timestamp>1665.281068</timestamp>
			</report>
			<report>
				<misses>168700001</misses>
				<total>0</total>
				<timestamp>1666.270704</timestamp>
			</report>
			<report>
				<misses>168800001</misses>
				<total>0</total>
				<timestamp>1667.260349</timestamp>
			</report>
			<report>
				<misses>168900001</misses>
				<total>0</total>
				<timestamp>1668.249861</timestamp>
			</report>
			<report>
				<misses>169000001</misses>
				<total>0</total>
				<timestamp>1669.239377</timestamp>
			</report>
			<report>
				<misses>169100001</misses>
				<total>0</total>
				<timestamp>1670.229149</timestamp>
			</report>
			<report>
				<misses>169200001</misses>
				<total>0</total>
				<timestamp>1671.218374</timestamp>
			</report>
			<report>
				<misses>169300001</misses>
				<total>0</total>
				<timestamp>1672.208433</timestamp>
			</report>
			<report>
				<misses>169400001</misses>
				<total>0</total>
				<timestamp>1673.197050</timestamp>
			</report>
			<report>
				<misses>169500001</misses>
				<total>0</total>
				<timestamp>1674.186382</timestamp>
			</report>
			<report>
				<misses>169600001</misses>
				<total>0</total>
				<timestamp>1675.174726</timestamp>
			</report>
			<report>
				<misses>169700001</misses>
				<total>0</total>
				<timestamp>1676.164213</timestamp>
			</report>
			<report>
				<misses>169800001</misses>
				<total>0</total>
				<timestamp>1677.153690</timestamp>
			</report>
			<report>
				<misses>169900001</misses>
				<total>0</total>
				<timestamp>1678.143432</timestamp>
			</report>
			<report>
				<misses>170000001</misses>
				<total>0</total>
				<timestamp>1679.133184</timestamp>
			</report>
			<report>
				<misses>170100001</misses>
				<total>0</total>
				<timestamp>1680.123328</timestamp>
			</report>
			<report>
				<misses>170200001</misses>
				<total>0</total>
				<timestamp>1681.112710</timestamp>
			</report>
			<report>
				<misses>170300001</misses>
				<total>0</total>
				<timestamp>1682.102343</timestamp>
			</report>
			<report>
				<misses>170400001</misses>
				<total>0</total>
				<timestamp>1683.091966</timestamp>
			</report>
			<report>
				<misses>170500001</misses>
				<total>0</total>
				<timestamp>1684.081356</timestamp>
			</report>
			<report>
				<misses>170600001</misses>
				<total>0</total>
				<timestamp>1685.071127</timestamp>
			</report>
			<report>
				<misses>170700001</misses>
				<total>0</total>
				<timestamp>1686.060998</timestamp>
			</report>
			<report>
				<misses>170800001</misses>
				<total>0</total>
				<timestamp>1687.051534</timestamp>
			</report>
			<report>
				<misses>170900001</misses>
				<total>0</total>
				<timestamp>1688.041553</timestamp>
			</report>
			<report>
				<misses>171000001</misses>
				<total>0</total>
				<timestamp>1689.030284</timestamp>
			</report>
			<report>
				<misses>171100001</misses>
				<total>0</total>
				<timestamp>1690.019663</timestamp>
			</report>
			<report>
				<misses>171200001</misses>
				<total>0</total>
				<timestamp>1691.009052</timestamp>
			</report>
			<report>
				<misses>171300001</misses>
				<total>0</total>
				<timestamp>1691.999590</timestamp>
			</report>
			<report>
				<misses>171400001</misses>
				<total>0</total>
				<timestamp>1692.989497</timestamp>
			</report>
			<report>
				<misses>171500001</misses>
				<total>0</total>
				<timestamp>1693.979105</timestamp>
			</report>
			<report>
				<misses>171600001</misses>
				<total>0</total>
				<timestamp>1694.968354</timestamp>
			</report>
			<report>
				<misses>171700001</misses>
				<total>0</total>
				<timestamp>1695.957990</timestamp>
			</report>
			<report>
				<misses>171800001</misses>
				<total>0</total>
				<timestamp>1696.947245</timestamp>
			</report>
			<report>
				<misses>171900001</misses>
				<total>0</total>
				<timestamp>1697.936897</timestamp>
			</report>
			<report>
				<misses>172000001</misses>
				<total>0</total>
				<timestamp>1698.926108</timestamp>
			</report>
			<report>
				<misses>172100001</misses>
				<total>0</total>
				<timestamp>1699.915748</timestamp>
			</report>
			<report>
				<misses>172200001</misses>
				<total>0</total>
				<timestamp>1700.905273</timestamp>
			</report>
			<report>
				<misses>172300001</misses>
				<total>0</total>
				<timestamp>1701.894398</timestamp>
			</report>
			<report>
				<misses>172400001</misses>
				<total>0</total>
				<timestamp>1702.884181</timestamp>
			</report>
			<report>
				<misses>172500001</misses>
				<total>0</total>
				<timestamp>1703.873122</timestamp>
			</report>
			<report>
				<misses>172600001</misses>
				<total>0</total>
				<timestamp>1704.862118</timestamp>
			</report>
			<report>
				<misses>172700001</misses>
				<total>0</total>
				<timestamp>1705.850860</timestamp>
			</report>
			<report>
				<misses>172800001</misses>
				<total>0</total>
				<timestamp>1706.839464</timestamp>
			</report>
			<report>
				<misses>172900001</misses>
				<total>0</total>
				<timestamp>1707.829367</timestamp>
			</report>
			<report>
				<misses>173000001</misses>
				<total>0</total>
				<timestamp>1708.818616</timestamp>
			</report>
			<report>
				<misses>173100001</misses>
				<total>0</total>
				<timestamp>1709.808260</timestamp>
			</report>
			<report>
				<misses>173200001</misses>
				<total>0</total>
				<timestamp>1710.797539</timestamp>
			</report>
			<report>
				<misses>173300001</misses>
				<total>0</total>
				<timestamp>1711.786739</timestamp>
			</report>
			<report>
				<misses>173400001</misses>
				<total>0</total>
				<timestamp>1712.776490</timestamp>
			</report>
			<report>
				<misses>173500001</misses>
				<total>0</total>
				<timestamp>1713.766125</timestamp>
			</report>
			<report>
				<misses>173600001</misses>
				<total>0</total>
				<timestamp>1714.755898</timestamp>
			</report>
			<report>
				<misses>173700001</misses>
				<total>0</total>
				<timestamp>1715.745268</timestamp>
			</report>
			<report>
				<misses>173800001</misses>
				<total>0</total>
				<timestamp>1716.735296</timestamp>
			</report>
			<report>
				<misses>173900001</misses>
				<total>0</total>
				<timestamp>1717.724661</timestamp>
			</report>
			<report>
				<misses>174000001</misses>
				<total>0</total>
				<timestamp>1718.713893</timestamp>
			</report>
			<report>
				<misses>174100001</misses>
				<total>0</total>
				<timestamp>1719.703537</timestamp>
			</report>
			<report>
				<misses>174200001</misses>
				<total>0</total>
				<timestamp>1720.692874</timestamp>
			</report>
			<report>
				<misses>174300001</misses>
				<total>0</total>
				<timestamp>1721.682379</timestamp>
			</report>
			<report>
				<misses>174400001</misses>
				<total>0</total>
				<timestamp>1722.672527</timestamp>
			</report>
			<report>
				<misses>174500001</misses>
				<total>0</total>
				<timestamp>1723.661903</timestamp>
			</report>
			<report>
				<misses>174600001</misses>
				<total>0</total>
				<timestamp>1724.651294</timestamp>
			</report>
			<report>
				<misses>174700001</misses>
				<total>0</total>
				<timestamp>1725.640895</timestamp>
			</report>
			<report>
				<misses>174800001</misses>
				<total>0</total>
				<timestamp>1726.630277</timestamp>
			</report>
			<report>
				<misses>174900001</misses>
				<total>0</total>
				<timestamp>1727.619916</timestamp>
			</report>
			<report>
				<misses>175000001</misses>
				<total>0</total>
				<timestamp>1728.609817</timestamp>
			</report>
			<report>
				<misses>175100001</misses>
				<total>0</total>
				<timestamp>1729.599200</timestamp>
			</report>
			<report>
				<misses>175200001</misses>
				<total>0</total>
				<timestamp>1730.588584</timestamp>
			</report>
			<report>
				<misses>175300001</misses>
				<total>0</total>
				<timestamp>1731.577567</timestamp>
			</report>
			<report>
				<misses>175400001</misses>
				<total>0</total>
				<timestamp>1732.566561</timestamp>
			</report>
			<report>
				<misses>175500001</misses>
				<total>0</total>
				<timestamp>1733.556198</timestamp>
			</report>
			<report>
				<misses>175600001</misses>
				<total>0</total>
				<timestamp>1734.545562</timestamp>
			</report>
			<report>
				<misses>175700001</misses>
				<total>0</total>
				<timestamp>1735.534676</timestamp>
			</report>
			<report>
				<misses>175800001</misses>
				<total>0</total>
				<timestamp>1736.524291</timestamp>
			</report>
			<report>
				<misses>175900001</misses>
				<total>0</total>
				<timestamp>1737.513406</timestamp>
			</report>
			<report>
				<misses>176000001</misses>
				<total>0</total>
				<timestamp>1738.503311</timestamp>
			</report>
			<report>
				<misses>176100001</misses>
				<total>0</total>
				<timestamp>1739.492952</timestamp>
			</report>
			<report>
				<misses>176200001</misses>
				<total>0</total>
				<timestamp>1740.483804</timestamp>
			</report>
			<report>
				<misses>176300001</misses>
				<total>0</total>
				<timestamp>1741.474298</timestamp>
			</report>
			<report>
				<misses>176400001</misses>
				<total>0</total>
				<timestamp>1742.464805</timestamp>
			</report>
			<report>
				<misses>176500001</misses>
				<total>0</total>
				<timestamp>1743.455867</timestamp>
			</report>
			<report>
				<misses>176600001</misses>
				<total>0</total>
				<timestamp>1744.446629</timestamp>
			</report>
			<report>
				<misses>176700001</misses>
				<total>0</total>
				<timestamp>1745.437016</timestamp>
			</report>
			<report>
				<misses>176800001</misses>
				<total>0</total>
				<timestamp>1746.427144</timestamp>
			</report>
			<report>
				<misses>176900001</misses>
				<total>0</total>
				<timestamp>1747.418436</timestamp>
			</report>
			<report>
				<misses>177000001</misses>
				<total>0</total>
				<timestamp>1748.408309</timestamp>
			</report>
			<report>
				<misses>177100001</misses>
				<total>0</total>
				<timestamp>1749.399199</timestamp>
			</report>
			<report>
				<misses>177200001</misses>
				<total>0</total>
				<timestamp>1750.389972</timestamp>
			</report>
			<report>
				<misses>177300001</misses>
				<total>0</total>
				<timestamp>1751.380492</timestamp>
			</report>
			<report>
				<misses>177400001</misses>
				<total>0</total>
				<timestamp>1752.371651</timestamp>
			</report>
			<report>
				<misses>177500001</misses>
				<total>0</total>
				<timestamp>1753.362816</timestamp>
			</report>
			<report>
				<misses>177600001</misses>
				<total>0</total>
				<timestamp>1754.353453</timestamp>
			</report>
			<report>
				<misses>177700001</misses>
				<total>0</total>
				<timestamp>1755.344236</timestamp>
			</report>
			<report>
				<misses>177800001</misses>
				<total>0</total>
				<timestamp>1756.335271</timestamp>
			</report>
			<report>
				<misses>177900001</misses>
				<total>0</total>
				<timestamp>1757.326929</timestamp>
			</report>
			<report>
				<misses>178000001</misses>
				<total>0</total>
				<timestamp>1758.318469</timestamp>
			</report>
			<report>
				<misses>178100001</misses>
				<total>0</total>
				<timestamp>1759.308877</timestamp>
			</report>
			<report>
				<misses>178200001</misses>
				<total>0</total>
				<timestamp>1760.299260</timestamp>
			</report>
			<report>
				<misses>178300001</misses>
				<total>0</total>
				<timestamp>1761.289641</timestamp>
			</report>
			<report>
				<misses>178400001</misses>
				<total>0</total>
				<timestamp>1762.280160</timestamp>
			</report>
			<report>
				<misses>178500001</misses>
				<total>0</total>
				<timestamp>1763.270556</timestamp>
			</report>
			<report>
				<misses>178600001</misses>
				<total>0</total>
				<timestamp>1764.261202</timestamp>
			</report>
			<report>
				<misses>178700001</misses>
				<total>0</total>
				<timestamp>1765.251705</timestamp>
			</report>
			<report>
				<misses>178800001</misses>
				<total>0</total>
				<timestamp>1766.242227</timestamp>
			</report>
			<report>
				<misses>178900001</misses>
				<total>0</total>
				<timestamp>1767.232360</timestamp>
			</report>
			<report>
				<misses>179000001</misses>
				<total>0</total>
				<timestamp>1768.222731</timestamp>
			</report>
			<report>
				<misses>179100001</misses>
				<total>0</total>
				<timestamp>1769.214289</timestamp>
			</report>
			<report>
				<misses>179200001</misses>
				<total>0</total>
				<timestamp>1770.205074</timestamp>
			</report>
			<report>
				<misses>179300001</misses>
				<total>0</total>
				<timestamp>1771.196211</timestamp>
			</report>
			<report>
				<misses>179400001</misses>
				<total>0</total>
				<timestamp>1772.187246</timestamp>
			</report>
			<report>
				<misses>179500001</misses>
				<total>0</total>
				<timestamp>1773.178421</timestamp>
			</report>
			<report>
				<misses>179600001</misses>
				<total>0</total>
				<timestamp>1774.168547</timestamp>
			</report>
			<report>
				<misses>179700001</misses>
				<total>0</total>
				<timestamp>1775.158673</timestamp>
			</report>
			<report>
				<misses>179800001</misses>
				<total>0</total>
				<timestamp>1776.149318</timestamp>
			</report>
			<report>
				<misses>179900001</misses>
				<total>0</total>
				<timestamp>1777.140471</timestamp>
			</report>
			<report>
				<misses>180000001</misses>
				<total>0</total>
				<timestamp>1778.131631</timestamp>
			</report>
			<report>
				<misses>180100001</misses>
				<total>0</total>
				<timestamp>1779.122152</timestamp>
			</report>
			<report>
				<misses>180200001</misses>
				<total>0</total>
				<timestamp>1780.112656</timestamp>
			</report>
			<report>
				<misses>180300001</misses>
				<total>0</total>
				<timestamp>1781.102906</timestamp>
			</report>
			<report>
				<misses>180400001</misses>
				<total>0</total>
				<timestamp>1782.093697</timestamp>
			</report>
			<report>
				<misses>180500001</misses>
				<total>0</total>
				<timestamp>1783.084215</timestamp>
			</report>
			<report>
				<misses>180600001</misses>
				<total>0</total>
				<timestamp>1784.074583</timestamp>
			</report>
			<report>
				<misses>180700001</misses>
				<total>0</total>
				<timestamp>1785.066904</timestamp>
			</report>
			<report>
				<misses>180800001</misses>
				<total>0</total>
				<timestamp>1786.057438</timestamp>
			</report>
			<report>
				<misses>180900001</misses>
				<total>0</total>
				<timestamp>1787.048068</timestamp>
			</report>
			<report>
				<misses>181000001</misses>
				<total>0</total>
				<timestamp>1788.038079</timestamp>
			</report>
			<report>
				<misses>181100001</misses>
				<total>0</total>
				<timestamp>1789.028461</timestamp>
			</report>
			<report>
				<misses>181200001</misses>
				<total>0</total>
				<timestamp>1790.020142</timestamp>
			</report>
			<report>
				<misses>181300001</misses>
				<total>0</total>
				<timestamp>1791.010531</timestamp>
			</report>
			<report>
				<misses>181400001</misses>
				<total>0</total>
				<timestamp>1792.001294</timestamp>
			</report>
			<report>
				<misses>181500001</misses>
				<total>0</total>
				<timestamp>1792.991558</timestamp>
			</report>
			<report>
				<misses>181600001</misses>
				<total>0</total>
				<timestamp>1793.982454</timestamp>
			</report>
			<report>
				<misses>181700001</misses>
				<total>0</total>
				<timestamp>1794.974258</timestamp>
			</report>
			<report>
				<misses>181800001</misses>
				<total>0</total>
				<timestamp>1795.964906</timestamp>
			</report>
			<report>
				<misses>181900001</misses>
				<total>0</total>
				<timestamp>1796.956071</timestamp>
			</report>
			<report>
				<misses>182000001</misses>
				<total>0</total>
				<timestamp>1797.947754</timestamp>
			</report>
			<report>
				<misses>182100001</misses>
				<total>0</total>
				<timestamp>1798.938261</timestamp>
			</report>
			<report>
				<misses>182200001</misses>
				<total>0</total>
				<timestamp>1799.929029</timestamp>
			</report>
			<report>
				<misses>182300001</misses>
				<total>0</total>
				<timestamp>1800.920192</timestamp>
			</report>
			<report>
				<misses>182400001</misses>
				<total>0</total>
				<timestamp>1801.911097</timestamp>
			</report>
			<report>
				<misses>182500001</misses>
				<total>0</total>
				<timestamp>1802.902531</timestamp>
			</report>
			<report>
				<misses>182600001</misses>
				<total>0</total>
				<timestamp>1803.893742</timestamp>
			</report>
			<report>
				<misses>182700001</misses>
				<total>0</total>
				<timestamp>1804.882740</timestamp>
			</report>
			<report>
				<misses>182800001</misses>
				<total>0</total>
				<timestamp>1805.871355</timestamp>
			</report>
			<report>
				<misses>182900001</misses>
				<total>0</total>
				<timestamp>1806.860337</timestamp>
			</report>
			<report>
				<misses>183000001</misses>
				<total>0</total>
				<timestamp>1807.848942</timestamp>
			</report>
			<report>
				<misses>183100001</misses>
				<total>0</total>
				<timestamp>1808.838193</timestamp>
			</report>
			<report>
				<misses>183200001</misses>
				<total>0</total>
				<timestamp>1809.827183</timestamp>
			</report>
			<report>
				<misses>183300001</misses>
				<total>0</total>
				<timestamp>1810.816309</timestamp>
			</report>
			<report>
				<misses>183400001</misses>
				<total>0</total>
				<timestamp>1811.805690</timestamp>
			</report>
			<report>
				<misses>183500001</misses>
				<total>0</total>
				<timestamp>1812.794667</timestamp>
			</report>
			<report>
				<misses>183600001</misses>
				<total>0</total>
				<timestamp>1813.784552</timestamp>
			</report>
			<report>
				<misses>183700001</misses>
				<total>0</total>
				<timestamp>1814.774711</timestamp>
			</report>
			<report>
				<misses>183800001</misses>
				<total>0</total>
				<timestamp>1815.763424</timestamp>
			</report>
			<report>
				<misses>183900001</misses>
				<total>0</total>
				<timestamp>1816.753179</timestamp>
			</report>
			<report>
				<misses>184000001</misses>
				<total>0</total>
				<timestamp>1817.742421</timestamp>
			</report>
			<report>
				<misses>184100001</misses>
				<total>0</total>
				<timestamp>1818.731935</timestamp>
			</report>
			<report>
				<misses>184200001</misses>
				<total>0</total>
				<timestamp>1819.720671</timestamp>
			</report>
			<report>
				<misses>184300001</misses>
				<total>0</total>
				<timestamp>1820.709652</timestamp>
			</report>
			<report>
				<misses>184400001</misses>
				<total>0</total>
				<timestamp>1821.699398</timestamp>
			</report>
			<report>
				<misses>184500001</misses>
				<total>0</total>
				<timestamp>1822.689034</timestamp>
			</report>
			<report>
				<misses>184600001</misses>
				<total>0</total>
				<timestamp>1823.678543</timestamp>
			</report>
			<report>
				<misses>184700001</misses>
				<total>0</total>
				<timestamp>1824.668171</timestamp>
			</report>
			<report>
				<misses>184800001</misses>
				<total>0</total>
				<timestamp>1825.657280</timestamp>
			</report>
			<report>
				<misses>184900001</misses>
				<total>0</total>
				<timestamp>1826.646651</timestamp>
			</report>
			<report>
				<misses>185000001</misses>
				<total>0</total>
				<timestamp>1827.635906</timestamp>
			</report>
			<report>
				<misses>185100001</misses>
				<total>0</total>
				<timestamp>1828.625502</timestamp>
			</report>
			<report>
				<misses>185200001</misses>
				<total>0</total>
				<timestamp>1829.614373</timestamp>
			</report>
			<report>
				<misses>185300001</misses>
				<total>0</total>
				<timestamp>1830.597309</timestamp>
			</report>
			<report>
				<misses>185400001</misses>
				<total>0</total>
				<timestamp>1831.574311</timestamp>
			</report>
			<report>
				<misses>185500001</misses>
				<total>0</total>
				<timestamp>1832.553121</timestamp>
			</report>
			<report>
				<misses>185600001</misses>
				<total>0</total>
				<timestamp>1833.534460</timestamp>
			</report>
			<report>
				<misses>185700001</misses>
				<total>0</total>
				<timestamp>1834.515591</timestamp>
			</report>
			<report>
				<misses>185800001</misses>
				<total>0</total>
				<timestamp>1835.495936</timestamp>
			</report>
			<report>
				<misses>185900001</misses>
				<total>0</total>
				<timestamp>1836.476686</timestamp>
			</report>
			<report>
				<misses>186000001</misses>
				<total>0</total>
				<timestamp>1837.457930</timestamp>
			</report>
			<report>
				<misses>186100001</misses>
				<total>0</total>
				<timestamp>1838.439313</timestamp>
			</report>
			<report>
				<misses>186200001</misses>
				<total>0</total>
				<timestamp>1839.420448</timestamp>
			</report>
			<report>
				<misses>186300001</misses>
				<total>0</total>
				<timestamp>1840.401570</timestamp>
			</report>
			<report>
				<misses>186400001</misses>
				<total>0</total>
				<timestamp>1841.383194</timestamp>
			</report>
			<report>
				<misses>186500001</misses>
				<total>0</total>
				<timestamp>1842.363772</timestamp>
			</report>
			<report>
				<misses>186600001</misses>
				<total>0</total>
				<timestamp>1843.345782</timestamp>
			</report>
			<report>
				<misses>186700001</misses>
				<total>0</total>
				<timestamp>1844.326510</timestamp>
			</report>
			<report>
				<misses>186800001</misses>
				<total>0</total>
				<timestamp>1845.307120</timestamp>
			</report>
			<report>
				<misses>186900001</misses>
				<total>0</total>
				<timestamp>1846.288116</timestamp>
			</report>
			<report>
				<misses>187000001</misses>
				<total>0</total>
				<timestamp>1847.269356</timestamp>
			</report>
			<report>
				<misses>187100001</misses>
				<total>0</total>
				<timestamp>1848.250471</timestamp>
			</report>
			<report>
				<misses>187200001</misses>
				<total>0</total>
				<timestamp>1849.230962</timestamp>
			</report>
			<report>
				<misses>187300001</misses>
				<total>0</total>
				<timestamp>1850.212584</timestamp>
			</report>
			<report>
				<misses>187400001</misses>
				<total>0</total>
				<timestamp>1851.193951</timestamp>
			</report>
			<report>
				<misses>187500001</misses>
				<total>0</total>
				<timestamp>1852.174663</timestamp>
			</report>
			<report>
				<misses>187600001</misses>
				<total>0</total>
				<timestamp>1853.156297</timestamp>
			</report>
			<report>
				<misses>187700001</misses>
				<total>0</total>
				<timestamp>1854.137241</timestamp>
			</report>
			<report>
				<misses>187800001</misses>
				<total>0</total>
				<timestamp>1855.117954</timestamp>
			</report>
			<report>
				<misses>187900001</misses>
				<total>0</total>
				<timestamp>1856.099088</timestamp>
			</report>
			<report>
				<misses>188000001</misses>
				<total>0</total>
				<timestamp>1857.079649</timestamp>
			</report>
			<report>
				<misses>188100001</misses>
				<total>0</total>
				<timestamp>1858.060128</timestamp>
			</report>
			<report>
				<misses>188200001</misses>
				<total>0</total>
				<timestamp>1859.041766</timestamp>
			</report>
			<report>
				<misses>188300001</misses>
				<total>0</total>
				<timestamp>1860.023410</timestamp>
			</report>
			<report>
				<misses>188400001</misses>
				<total>0</total>
				<timestamp>1861.003625</timestamp>
			</report>
			<report>
				<misses>188500001</misses>
				<total>0</total>
				<timestamp>1861.985145</timestamp>
			</report>
			<report>
				<misses>188600001</misses>
				<total>0</total>
				<timestamp>1862.966234</timestamp>
			</report>
			<report>
				<misses>188700001</misses>
				<total>0</total>
				<timestamp>1863.947861</timestamp>
			</report>
			<report>
				<misses>188800001</misses>
				<total>0</total>
				<timestamp>1864.928213</timestamp>
			</report>
			<report>
				<misses>188900001</misses>
				<total>0</total>
				<timestamp>1865.910501</timestamp>
			</report>
			<report>
				<misses>189000001</misses>
				<total>0</total>
				<timestamp>1866.890599</timestamp>
			</report>
			<report>
				<misses>189100001</misses>
				<total>0</total>
				<timestamp>1867.871205</timestamp>
			</report>
			<report>
				<misses>189200001</misses>
				<total>0</total>
				<timestamp>1868.852197</timestamp>
			</report>
			<report>
				<misses>189300001</misses>
				<total>0</total>
				<timestamp>1869.833056</timestamp>
			</report>
			<report>
				<misses>189400001</misses>
				<total>0</total>
				<timestamp>1870.814453</timestamp>
			</report>
			<report>
				<misses>189500001</misses>
				<total>0</total>
				<timestamp>1871.795945</timestamp>
			</report>
			<report>
				<misses>189600001</misses>
				<total>0</total>
				<timestamp>1872.777312</timestamp>
			</report>
			<report>
				<misses>189700001</misses>
				<total>0</total>
				<timestamp>1873.758957</timestamp>
			</report>
			<report>
				<misses>189800001</misses>
				<total>0</total>
				<timestamp>1874.740045</timestamp>
			</report>
			<report>
				<misses>189900001</misses>
				<total>0</total>
				<timestamp>1875.721671</timestamp>
			</report>
			<report>
				<misses>190000001</misses>
				<total>0</total>
				<timestamp>1876.703315</timestamp>
			</report>
			<report>
				<misses>190100001</misses>
				<total>0</total>
				<timestamp>1877.684674</timestamp>
			</report>
			<report>
				<misses>190200001</misses>
				<total>0</total>
				<timestamp>1878.666518</timestamp>
			</report>
			<report>
				<misses>190300001</misses>
				<total>0</total>
				<timestamp>1879.648019</timestamp>
			</report>
			<report>
				<misses>190400001</misses>
				<total>0</total>
				<timestamp>1880.628374</timestamp>
			</report>
			<report>
				<misses>190500001</misses>
				<total>0</total>
				<timestamp>1881.610667</timestamp>
			</report>
			<report>
				<misses>190600001</misses>
				<total>0</total>
				<timestamp>1882.592216</timestamp>
			</report>
			<report>
				<misses>190700001</misses>
				<total>0</total>
				<timestamp>1883.573346</timestamp>
			</report>
			<report>
				<misses>190800001</misses>
				<total>0</total>
				<timestamp>1884.554089</timestamp>
			</report>
			<report>
				<misses>190900001</misses>
				<total>0</total>
				<timestamp>1885.535339</timestamp>
			</report>
			<report>
				<misses>191000001</misses>
				<total>0</total>
				<timestamp>1886.516608</timestamp>
			</report>
			<report>
				<misses>191100001</misses>
				<total>0</total>
				<timestamp>1887.497393</timestamp>
			</report>
			<report>
				<misses>191200001</misses>
				<total>0</total>
				<timestamp>1888.478585</timestamp>
			</report>
			<report>
				<misses>191300001</misses>
				<total>0</total>
				<timestamp>1889.459347</timestamp>
			</report>
			<report>
				<misses>191400001</misses>
				<total>0</total>
				<timestamp>1890.440171</timestamp>
			</report>
			<report>
				<misses>191500001</misses>
				<total>0</total>
				<timestamp>1891.422212</timestamp>
			</report>
			<report>
				<misses>191600001</misses>
				<total>0</total>
				<timestamp>1892.402443</timestamp>
			</report>
			<report>
				<misses>191700001</misses>
				<total>0</total>
				<timestamp>1893.383577</timestamp>
			</report>
			<report>
				<misses>191800001</misses>
				<total>0</total>
				<timestamp>1894.364196</timestamp>
			</report>
			<report>
				<misses>191900001</misses>
				<total>0</total>
				<timestamp>1895.345206</timestamp>
			</report>
			<report>
				<misses>192000001</misses>
				<total>0</total>
				<timestamp>1896.326469</timestamp>
			</report>
			<report>
				<misses>192100001</misses>
				<total>0</total>
				<timestamp>1897.308253</timestamp>
			</report>
			<report>
				<misses>192200001</misses>
				<total>0</total>
				<timestamp>1898.289776</timestamp>
			</report>
			<report>
				<misses>192300001</misses>
				<total>0</total>
				<timestamp>1899.270389</timestamp>
			</report>
			<report>
				<misses>192400001</misses>
				<total>0</total>
				<timestamp>1900.252679</timestamp>
			</report>
			<report>
				<misses>192500001</misses>
				<total>0</total>
				<timestamp>1901.233056</timestamp>
			</report>
			<report>
				<misses>192600001</misses>
				<total>0</total>
				<timestamp>1902.212971</timestamp>
			</report>
			<report>
				<misses>192700001</misses>
				<total>0</total>
				<timestamp>1903.193439</timestamp>
			</report>
			<report>
				<misses>192800001</misses>
				<total>0</total>
				<timestamp>1904.174572</timestamp>
			</report>
			<report>
				<misses>192900001</misses>
				<total>0</total>
				<timestamp>1905.156611</timestamp>
			</report>
			<report>
				<misses>193000001</misses>
				<total>0</total>
				<timestamp>1906.137484</timestamp>
			</report>
			<report>
				<misses>193100001</misses>
				<total>0</total>
				<timestamp>1907.118097</timestamp>
			</report>
			<report>
				<misses>193200001</misses>
				<total>0</total>
				<timestamp>1908.098454</timestamp>
			</report>
			<report>
				<misses>193300001</misses>
				<total>0</total>
				<timestamp>1909.079582</timestamp>
			</report>
			<report>
				<misses>193400001</misses>
				<total>0</total>
				<timestamp>1910.060730</timestamp>
			</report>
			<report>
				<misses>193500001</misses>
				<total>0</total>
				<timestamp>1911.041827</timestamp>
			</report>
			<report>
				<misses>193600001</misses>
				<total>0</total>
				<timestamp>1912.022709</timestamp>
			</report>
			<report>
				<misses>193700001</misses>
				<total>0</total>
				<timestamp>1913.003293</timestamp>
			</report>
			<report>
				<misses>193800001</misses>
				<total>0</total>
				<timestamp>1913.983780</timestamp>
			</report>
			<report>
				<misses>193900001</misses>
				<total>0</total>
				<timestamp>1914.964400</timestamp>
			</report>
			<report>
				<misses>194000001</misses>
				<total>0</total>
				<timestamp>1915.946028</timestamp>
			</report>
			<report>
				<misses>194100001</misses>
				<total>0</total>
				<timestamp>1916.926381</timestamp>
			</report>
			<report>
				<misses>194200001</misses>
				<total>0</total>
				<timestamp>1917.907639</timestamp>
			</report>
			<report>
				<misses>194300001</misses>
				<total>0</total>
				<timestamp>1918.887903</timestamp>
			</report>
			<report>
				<misses>194400001</misses>
				<total>0</total>
				<timestamp>1919.869275</timestamp>
			</report>
			<report>
				<misses>194500001</misses>
				<total>0</total>
				<timestamp>1920.849252</timestamp>
			</report>
			<report>
				<misses>194600001</misses>
				<total>0</total>
				<timestamp>1921.829960</timestamp>
			</report>
			<report>
				<misses>194700001</misses>
				<total>0</total>
				<timestamp>1922.811433</timestamp>
			</report>
			<report>
				<misses>194800001</misses>
				<total>0</total>
				<timestamp>1923.791667</timestamp>
			</report>
			<report>
				<misses>194900001</misses>
				<total>0</total>
				<timestamp>1924.773012</timestamp>
			</report>
			<report>
				<misses>195000001</misses>
				<total>0</total>
				<timestamp>1925.759939</timestamp>
			</report>
			<report>
				<misses>195100001</misses>
				<total>0</total>
				<timestamp>1926.750099</timestamp>
			</report>
			<report>
				<misses>195200001</misses>
				<total>0</total>
				<timestamp>1927.741142</timestamp>
			</report>
			<report>
				<misses>195300001</misses>
				<total>0</total>
				<timestamp>1928.731889</timestamp>
			</report>
			<report>
				<misses>195400001</misses>
				<total>0</total>
				<timestamp>1929.722682</timestamp>
			</report>
			<report>
				<misses>195500001</misses>
				<total>0</total>
				<timestamp>1930.713354</timestamp>
			</report>
			<report>
				<misses>195600001</misses>
				<total>0</total>
				<timestamp>1931.705801</timestamp>
			</report>
			<report>
				<misses>195700001</misses>
				<total>0</total>
				<timestamp>1932.696723</timestamp>
			</report>
			<report>
				<misses>195800001</misses>
				<total>0</total>
				<timestamp>1933.686750</timestamp>
			</report>
			<report>
				<misses>195900001</misses>
				<total>0</total>
				<timestamp>1934.678013</timestamp>
			</report>
			<report>
				<misses>196000001</misses>
				<total>0</total>
				<timestamp>1935.669466</timestamp>
			</report>
			<report>
				<misses>196100001</misses>
				<total>0</total>
				<timestamp>1936.661435</timestamp>
			</report>
			<report>
				<misses>196200001</misses>
				<total>0</total>
				<timestamp>1937.652595</timestamp>
			</report>
			<report>
				<misses>196300001</misses>
				<total>0</total>
				<timestamp>1938.643356</timestamp>
			</report>
			<report>
				<misses>196400001</misses>
				<total>0</total>
				<timestamp>1939.634159</timestamp>
			</report>
			<report>
				<misses>196500001</misses>
				<total>0</total>
				<timestamp>1940.624690</timestamp>
			</report>
			<report>
				<misses>196600001</misses>
				<total>0</total>
				<timestamp>1941.615757</timestamp>
			</report>
			<report>
				<misses>196700001</misses>
				<total>0</total>
				<timestamp>1942.607679</timestamp>
			</report>
			<report>
				<misses>196800001</misses>
				<total>0</total>
				<timestamp>1943.598857</timestamp>
			</report>
			<report>
				<misses>196900001</misses>
				<total>0</total>
				<timestamp>1944.589630</timestamp>
			</report>
			<report>
				<misses>197000001</misses>
				<total>0</total>
				<timestamp>1945.581343</timestamp>
			</report>
			<report>
				<misses>197100001</misses>
				<total>0</total>
				<timestamp>1946.571764</timestamp>
			</report>
			<report>
				<misses>197200001</misses>
				<total>0</total>
				<timestamp>1947.562577</timestamp>
			</report>
			<report>
				<misses>197300001</misses>
				<total>0</total>
				<timestamp>1948.553975</timestamp>
			</report>
			<report>
				<misses>197400001</misses>
				<total>0</total>
				<timestamp>1949.546071</timestamp>
			</report>
			<report>
				<misses>197500001</misses>
				<total>0</total>
				<timestamp>1950.537096</timestamp>
			</report>
			<report>
				<misses>197600001</misses>
				<total>0</total>
				<timestamp>1951.528931</timestamp>
			</report>
			<report>
				<misses>197700001</misses>
				<total>0</total>
				<timestamp>1952.521272</timestamp>
			</report>
			<report>
				<misses>197800001</misses>
				<total>0</total>
				<timestamp>1953.512450</timestamp>
			</report>
			<report>
				<misses>197900001</misses>
				<total>0</total>
				<timestamp>1954.503635</timestamp>
			</report>
			<report>
				<misses>198000001</misses>
				<total>0</total>
				<timestamp>1955.495065</timestamp>
			</report>
			<report>
				<misses>198100001</misses>
				<total>0</total>
				<timestamp>1956.485732</timestamp>
			</report>
			<report>
				<misses>198200001</misses>
				<total>0</total>
				<timestamp>1957.475969</timestamp>
			</report>
			<report>
				<misses>198300001</misses>
				<total>0</total>
				<timestamp>1958.467520</timestamp>
			</report>
			<report>
				<misses>198400001</misses>
				<total>0</total>
				<timestamp>1959.457675</timestamp>
			</report>
			<report>
				<misses>198500001</misses>
				<total>0</total>
				<timestamp>1960.447809</timestamp>
			</report>
			<report>
				<misses>198600001</misses>
				<total>0</total>
				<timestamp>1961.439364</timestamp>
			</report>
			<report>
				<misses>198700001</misses>
				<total>0</total>
				<timestamp>1962.430133</timestamp>
			</report>
			<report>
				<misses>198800001</misses>
				<total>0</total>
				<timestamp>1963.420778</timestamp>
			</report>
			<report>
				<misses>198900001</misses>
				<total>0</total>
				<timestamp>1964.412724</timestamp>
			</report>
			<report>
				<misses>199000001</misses>
				<total>0</total>
				<timestamp>1965.403136</timestamp>
			</report>
			<report>
				<misses>199100001</misses>
				<total>0</total>
				<timestamp>1966.394175</timestamp>
			</report>
			<report>
				<misses>199200001</misses>
				<total>0</total>
				<timestamp>1967.385212</timestamp>
			</report>
			<report>
				<misses>199300001</misses>
				<total>0</total>
				<timestamp>1968.376005</timestamp>
			</report>
			<report>
				<misses>199400001</misses>
				<total>0</total>
				<timestamp>1969.366891</timestamp>
			</report>
			<report>
				<misses>199500001</misses>
				<total>0</total>
				<timestamp>1970.357684</timestamp>
			</report>
			<report>
				<misses>199600001</misses>
				<total>0</total>
				<timestamp>1971.348857</timestamp>
			</report>
			<report>
				<misses>199700001</misses>
				<total>0</total>
				<timestamp>1972.339387</timestamp>
			</report>
			<report>
				<misses>199800001</misses>
				<total>0</total>
				<timestamp>1973.330194</timestamp>
			</report>
			<report>
				<misses>199900001</misses>
				<total>0</total>
				<timestamp>1974.321622</timestamp>
			</report>
			<report>
				<misses>200000001</misses>
				<total>0</total>
				<timestamp>1975.312411</timestamp>
			</report>
			<report>
				<misses>200100001</misses>
				<total>0</total>
				<timestamp>1976.303603</timestamp>
			</report>
			<report>
				<misses>200200001</misses>
				<total>0</total>
				<timestamp>1977.295446</timestamp>
			</report>
			<report>
				<misses>200300001</misses>
				<total>0</total>
				<timestamp>1978.286324</timestamp>
			</report>
			<report>
				<misses>200400001</misses>
				<total>0</total>
				<timestamp>1979.277894</timestamp>
			</report>
			<report>
				<misses>200500001</misses>
				<total>0</total>
				<timestamp>1980.269932</timestamp>
			</report>
			<report>
				<misses>200600001</misses>
				<total>0</total>
				<timestamp>1981.260467</timestamp>
			</report>
			<report>
				<misses>200700001</misses>
				<total>0</total>
				<timestamp>1982.251385</timestamp>
			</report>
			<report>
				<misses>200800001</misses>
				<total>0</total>
				<timestamp>1983.242556</timestamp>
			</report>
			<report>
				<misses>200900001</misses>
				<total>0</total>
				<timestamp>1984.233867</timestamp>
			</report>
			<report>
				<misses>201000001</misses>
				<total>0</total>
				<timestamp>1985.223902</timestamp>
			</report>
			<report>
				<misses>201100001</misses>
				<total>0</total>
				<timestamp>1986.215073</timestamp>
			</report>
			<report>
				<misses>201200001</misses>
				<total>0</total>
				<timestamp>1987.205867</timestamp>
			</report>
			<report>
				<misses>201300001</misses>
				<total>0</total>
				<timestamp>1988.196384</timestamp>
			</report>
			<report>
				<misses>201400001</misses>
				<total>0</total>
				<timestamp>1989.187793</timestamp>
			</report>
			<report>
				<misses>201500001</misses>
				<total>0</total>
				<timestamp>1990.178831</timestamp>
			</report>
			<report>
				<misses>201600001</misses>
				<total>0</total>
				<timestamp>1991.170378</timestamp>
			</report>
			<report>
				<misses>201700001</misses>
				<total>0</total>
				<timestamp>1992.161670</timestamp>
			</report>
			<report>
				<misses>201800001</misses>
				<total>0</total>
				<timestamp>1993.152065</timestamp>
			</report>
			<report>
				<misses>201900001</misses>
				<total>0</total>
				<timestamp>1994.142871</timestamp>
			</report>
			<report>
				<misses>202000001</misses>
				<total>0</total>
				<timestamp>1995.133932</timestamp>
			</report>
			<report>
				<misses>202100001</misses>
				<total>0</total>
				<timestamp>1996.125105</timestamp>
			</report>
			<report>
				<misses>202200001</misses>
				<total>0</total>
				<timestamp>1997.115876</timestamp>
			</report>
			<report>
				<misses>202300001</misses>
				<total>0</total>
				<timestamp>1998.105999</timestamp>
			</report>
			<report>
				<misses>202400001</misses>
				<total>0</total>
				<timestamp>1999.097060</timestamp>
			</report>
			<report>
				<misses>202500001</misses>
				<total>0</total>
				<timestamp>2000.088625</timestamp>
			</report>
			<report>
				<misses>202600001</misses>
				<total>0</total>
				<timestamp>2001.080075</timestamp>
			</report>
			<report>
				<misses>202700001</misses>
				<total>0</total>
				<timestamp>2002.071261</timestamp>
			</report>
			<report>
				<misses>202800001</misses>
				<total>0</total>
				<timestamp>2003.061678</timestamp>
			</report>
			<report>
				<misses>202900001</misses>
				<total>0</total>
				<timestamp>2004.052485</timestamp>
			</report>
			<report>
				<misses>203000001</misses>
				<total>0</total>
				<timestamp>2005.043262</timestamp>
			</report>
			<report>
				<misses>203100001</misses>
				<total>0</total>
				<timestamp>2006.034643</timestamp>
			</report>
			<report>
				<misses>203200001</misses>
				<total>0</total>
				<timestamp>2007.025447</timestamp>
			</report>
			<report>
				<misses>203300001</misses>
				<total>0</total>
				<timestamp>2008.016760</timestamp>
			</report>
			<report>
				<misses>203400001</misses>
				<total>0</total>
				<timestamp>2009.007436</timestamp>
			</report>
			<report>
				<misses>203500001</misses>
				<total>0</total>
				<timestamp>2009.997552</timestamp>
			</report>
			<report>
				<misses>203600001</misses>
				<total>0</total>
				<timestamp>2010.989107</timestamp>
			</report>
			<report>
				<misses>203700001</misses>
				<total>0</total>
				<timestamp>2011.980931</timestamp>
			</report>
			<report>
				<misses>203800001</misses>
				<total>0</total>
				<timestamp>2012.972252</timestamp>
			</report>
			<report>
				<misses>203900001</misses>
				<total>0</total>
				<timestamp>2013.963185</timestamp>
			</report>
			<report>
				<misses>204000001</misses>
				<total>0</total>
				<timestamp>2014.953847</timestamp>
			</report>
			<report>
				<misses>204100001</misses>
				<total>0</total>
				<timestamp>2015.942824</timestamp>
			</report>
			<report>
				<misses>204200001</misses>
				<total>0</total>
				<timestamp>2016.933613</timestamp>
			</report>
			<report>
				<misses>204300001</misses>
				<total>0</total>
				<timestamp>2017.924541</timestamp>
			</report>
			<report>
				<misses>204400001</misses>
				<total>0</total>
				<timestamp>2018.915074</timestamp>
			</report>
			<report>
				<misses>204500001</misses>
				<total>0</total>
				<timestamp>2019.905993</timestamp>
			</report>
			<report>
				<misses>204600001</misses>
				<total>0</total>
				<timestamp>2020.896788</timestamp>
			</report>
			<report>
				<misses>204700001</misses>
				<total>0</total>
				<timestamp>2021.887970</timestamp>
			</report>
			<report>
				<misses>204800001</misses>
				<total>0</total>
				<timestamp>2022.880174</timestamp>
			</report>
			<report>
				<misses>204900001</misses>
				<total>0</total>
				<timestamp>2023.870687</timestamp>
			</report>
			<report>
				<misses>205000001</misses>
				<total>0</total>
				<timestamp>2024.861139</timestamp>
			</report>
			<report>
				<misses>205100001</misses>
				<total>0</total>
				<timestamp>2025.851549</timestamp>
			</report>
			<report>
				<misses>205200001</misses>
				<total>0</total>
				<timestamp>2026.842296</timestamp>
			</report>
			<report>
				<misses>205300001</misses>
				<total>0</total>
				<timestamp>2027.833354</timestamp>
			</report>
			<report>
				<misses>205400001</misses>
				<total>0</total>
				<timestamp>2028.823782</timestamp>
			</report>
			<report>
				<misses>205500001</misses>
				<total>0</total>
				<timestamp>2029.814038</timestamp>
			</report>
			<report>
				<misses>205600001</misses>
				<total>0</total>
				<timestamp>2030.803677</timestamp>
			</report>
			<report>
				<misses>205700001</misses>
				<total>0</total>
				<timestamp>2031.794573</timestamp>
			</report>
			<report>
				<misses>205800001</misses>
				<total>0</total>
				<timestamp>2032.785633</timestamp>
			</report>
			<report>
				<misses>205900001</misses>
				<total>0</total>
				<timestamp>2033.776921</timestamp>
			</report>
			<report>
				<misses>206000001</misses>
				<total>0</total>
				<timestamp>2034.767845</timestamp>
			</report>
			<report>
				<misses>206100001</misses>
				<total>0</total>
				<timestamp>2035.758523</timestamp>
			</report>
			<report>
				<misses>206200001</misses>
				<total>0</total>
				<timestamp>2036.749159</timestamp>
			</report>
			<report>
				<misses>206300001</misses>
				<total>0</total>
				<timestamp>2037.740608</timestamp>
			</report>
			<report>
				<misses>206400001</misses>
				<total>0</total>
				<timestamp>2038.732012</timestamp>
			</report>
			<report>
				<misses>206500001</misses>
				<total>0</total>
				<timestamp>2039.722813</timestamp>
			</report>
			<report>
				<misses>206600001</misses>
				<total>0</total>
				<timestamp>2040.713472</timestamp>
			</report>
			<report>
				<misses>206700001</misses>
				<total>0</total>
				<timestamp>2041.703994</timestamp>
			</report>
			<report>
				<misses>206800001</misses>
				<total>0</total>
				<timestamp>2042.695438</timestamp>
			</report>
			<report>
				<misses>206900001</misses>
				<total>0</total>
				<timestamp>2043.685090</timestamp>
			</report>
			<report>
				<misses>207000001</misses>
				<total>0</total>
				<timestamp>2044.676013</timestamp>
			</report>
			<report>
				<misses>207100001</misses>
				<total>0</total>
				<timestamp>2045.666179</timestamp>
			</report>
			<report>
				<misses>207200001</misses>
				<total>0</total>
				<timestamp>2046.657975</timestamp>
			</report>
			<report>
				<misses>207300001</misses>
				<total>0</total>
				<timestamp>2047.648477</timestamp>
			</report>
			<report>
				<misses>207400001</misses>
				<total>0</total>
				<timestamp>2048.640160</timestamp>
			</report>
			<report>
				<misses>207500001</misses>
				<total>0</total>
				<timestamp>2049.629911</timestamp>
			</report>
			<report>
				<misses>207600001</misses>
				<total>0</total>
				<timestamp>2050.621082</timestamp>
			</report>
			<report>
				<misses>207700001</misses>
				<total>0</total>
				<timestamp>2051.611593</timestamp>
			</report>
			<report>
				<misses>207800001</misses>
				<total>0</total>
				<timestamp>2052.602765</timestamp>
			</report>
			<report>
				<misses>207900001</misses>
				<total>0</total>
				<timestamp>2053.593548</timestamp>
			</report>
			<report>
				<misses>208000001</misses>
				<total>0</total>
				<timestamp>2054.584713</timestamp>
			</report>
			<report>
				<misses>208100001</misses>
				<total>0</total>
				<timestamp>2055.575504</timestamp>
			</report>
			<report>
				<misses>208200001</misses>
				<total>0</total>
				<timestamp>2056.566942</timestamp>
			</report>
			<report>
				<misses>208300001</misses>
				<total>0</total>
				<timestamp>2057.557468</timestamp>
			</report>
			<report>
				<misses>208400001</misses>
				<total>0</total>
				<timestamp>2058.547212</timestamp>
			</report>
			<report>
				<misses>208500001</misses>
				<total>0</total>
				<timestamp>2059.537205</timestamp>
			</report>
			<report>
				<misses>208600001</misses>
				<total>0</total>
				<timestamp>2060.527731</timestamp>
			</report>
			<report>
				<misses>208700001</misses>
				<total>0</total>
				<timestamp>2061.517991</timestamp>
			</report>
			<report>
				<misses>208800001</misses>
				<total>0</total>
				<timestamp>2062.509428</timestamp>
			</report>
			<report>
				<misses>208900001</misses>
				<total>0</total>
				<timestamp>2063.499450</timestamp>
			</report>
			<report>
				<misses>209000001</misses>
				<total>0</total>
				<timestamp>2064.489336</timestamp>
			</report>
			<report>
				<misses>209100001</misses>
				<total>0</total>
				<timestamp>2065.479868</timestamp>
			</report>
			<report>
				<misses>209200001</misses>
				<total>0</total>
				<timestamp>2066.469442</timestamp>
			</report>
			<report>
				<misses>209300001</misses>
				<total>0</total>
				<timestamp>2067.460232</timestamp>
			</report>
			<report>
				<misses>209400001</misses>
				<total>0</total>
				<timestamp>2068.450768</timestamp>
			</report>
			<report>
				<misses>209500001</misses>
				<total>0</total>
				<timestamp>2069.440879</timestamp>
			</report>
			<report>
				<misses>209600001</misses>
				<total>0</total>
				<timestamp>2070.431939</timestamp>
			</report>
			<report>
				<misses>209700001</misses>
				<total>0</total>
				<timestamp>2071.422467</timestamp>
			</report>
			<report>
				<misses>209800001</misses>
				<total>0</total>
				<timestamp>2072.413242</timestamp>
			</report>
			<report>
				<misses>209900001</misses>
				<total>0</total>
				<timestamp>2073.402478</timestamp>
			</report>
			<report>
				<misses>210000001</misses>
				<total>0</total>
				<timestamp>2074.392101</timestamp>
			</report>
			<report>
				<misses>210100001</misses>
				<total>0</total>
				<timestamp>2075.381593</timestamp>
			</report>
			<report>
				<misses>210200001</misses>
				<total>0</total>
				<timestamp>2076.371236</timestamp>
			</report>
			<report>
				<misses>210300001</misses>
				<total>0</total>
				<timestamp>2077.360050</timestamp>
			</report>
			<report>
				<misses>210400001</misses>
				<total>0</total>
				<timestamp>2078.349171</timestamp>
			</report>
			<report>
				<misses>210500001</misses>
				<total>0</total>
				<timestamp>2079.338027</timestamp>
			</report>
			<report>
				<misses>210600001</misses>
				<total>0</total>
				<timestamp>2080.327394</timestamp>
			</report>
			<report>
				<misses>210700001</misses>
				<total>0</total>
				<timestamp>2081.316631</timestamp>
			</report>
			<report>
				<misses>210800001</misses>
				<total>0</total>
				<timestamp>2082.306987</timestamp>
			</report>
			<report>
				<misses>210900001</misses>
				<total>0</total>
				<timestamp>2083.298019</timestamp>
			</report>
			<report>
				<misses>211000001</misses>
				<total>0</total>
				<timestamp>2084.288518</timestamp>
			</report>
			<report>
				<misses>211100001</misses>
				<total>0</total>
				<timestamp>2085.279687</timestamp>
			</report>
			<report>
				<misses>211200001</misses>
				<total>0</total>
				<timestamp>2086.270721</timestamp>
			</report>
			<report>
				<misses>211300001</misses>
				<total>0</total>
				<timestamp>2087.261756</timestamp>
			</report>
			<report>
				<misses>211400001</misses>
				<total>0</total>
				<timestamp>2088.252148</timestamp>
			</report>
			<report>
				<misses>211500001</misses>
				<total>0</total>
				<timestamp>2089.243295</timestamp>
			</report>
			<report>
				<misses>211600001</misses>
				<total>0</total>
				<timestamp>2090.233830</timestamp>
			</report>
			<report>
				<misses>211700001</misses>
				<total>0</total>
				<timestamp>2091.224834</timestamp>
			</report>
			<report>
				<misses>211800001</misses>
				<total>0</total>
				<timestamp>2092.215894</timestamp>
			</report>
			<report>
				<misses>211900001</misses>
				<total>0</total>
				<timestamp>2093.207049</timestamp>
			</report>
			<report>
				<misses>212000001</misses>
				<total>0</total>
				<timestamp>2094.197929</timestamp>
			</report>
			<report>
				<misses>212100001</misses>
				<total>0</total>
				<timestamp>2095.189111</timestamp>
			</report>
			<report>
				<misses>212200001</misses>
				<total>0</total>
				<timestamp>2096.180255</timestamp>
			</report>
			<report>
				<misses>212300001</misses>
				<total>0</total>
				<timestamp>2097.170774</timestamp>
			</report>
			<report>
				<misses>212400001</misses>
				<total>0</total>
				<timestamp>2098.162197</timestamp>
			</report>
			<report>
				<misses>212500001</misses>
				<total>0</total>
				<timestamp>2099.152582</timestamp>
			</report>
			<report>
				<misses>212600001</misses>
				<total>0</total>
				<timestamp>2100.143488</timestamp>
			</report>
			<report>
				<misses>212700001</misses>
				<total>0</total>
				<timestamp>2101.133234</timestamp>
			</report>
			<report>
				<misses>212800001</misses>
				<total>0</total>
				<timestamp>2102.124247</timestamp>
			</report>
			<report>
				<misses>212900001</misses>
				<total>0</total>
				<timestamp>2103.114666</timestamp>
			</report>
			<report>
				<misses>213000001</misses>
				<total>0</total>
				<timestamp>2104.105943</timestamp>
			</report>
			<report>
				<misses>213100001</misses>
				<total>0</total>
				<timestamp>2105.095932</timestamp>
			</report>
			<report>
				<misses>213200001</misses>
				<total>0</total>
				<timestamp>2106.086445</timestamp>
			</report>
			<report>
				<misses>213300001</misses>
				<total>0</total>
				<timestamp>2107.077345</timestamp>
			</report>
			<report>
				<misses>213400001</misses>
				<total>0</total>
				<timestamp>2108.066958</timestamp>
			</report>
			<report>
				<misses>213500001</misses>
				<total>0</total>
				<timestamp>2109.057629</timestamp>
			</report>
			<report>
				<misses>213600001</misses>
				<total>0</total>
				<timestamp>2110.048784</timestamp>
			</report>
			<report>
				<misses>213700001</misses>
				<total>0</total>
				<timestamp>2111.039544</timestamp>
			</report>
			<report>
				<misses>213800001</misses>
				<total>0</total>
				<timestamp>2112.029663</timestamp>
			</report>
			<report>
				<misses>213900001</misses>
				<total>0</total>
				<timestamp>2113.019292</timestamp>
			</report>
			<report>
				<misses>214000001</misses>
				<total>0</total>
				<timestamp>2114.010065</timestamp>
			</report>
			<report>
				<misses>214100001</misses>
				<total>0</total>
				<timestamp>2115.000310</timestamp>
			</report>
			<report>
				<misses>214200001</misses>
				<total>0</total>
				<timestamp>2115.990849</timestamp>
			</report>
			<report>
				<misses>214300001</misses>
				<total>0</total>
				<timestamp>2116.982121</timestamp>
			</report>
			<report>
				<misses>214400001</misses>
				<total>0</total>
				<timestamp>2117.971876</timestamp>
			</report>
			<report>
				<misses>214500001</misses>
				<total>0</total>
				<timestamp>2118.962244</timestamp>
			</report>
			<report>
				<misses>214600001</misses>
				<total>0</total>
				<timestamp>2119.952903</timestamp>
			</report>
			<report>
				<misses>214700001</misses>
				<total>0</total>
				<timestamp>2120.943403</timestamp>
			</report>
			<report>
				<misses>214800001</misses>
				<total>0</total>
				<timestamp>2121.934177</timestamp>
			</report>
			<report>
				<misses>214900001</misses>
				<total>0</total>
				<timestamp>2122.924840</timestamp>
			</report>
			<report>
				<misses>215000001</misses>
				<total>0</total>
				<timestamp>2123.916012</timestamp>
			</report>
			<report>
				<misses>215100001</misses>
				<total>0</total>
				<timestamp>2124.905612</timestamp>
			</report>
			<report>
				<misses>215200001</misses>
				<total>0</total>
				<timestamp>2125.896394</timestamp>
			</report>
			<report>
				<misses>215300001</misses>
				<total>0</total>
				<timestamp>2126.886012</timestamp>
			</report>
			<report>
				<misses>215400001</misses>
				<total>0</total>
				<timestamp>2127.877310</timestamp>
			</report>
			<report>
				<misses>215500001</misses>
				<total>0</total>
				<timestamp>2128.868320</timestamp>
			</report>
			<report>
				<misses>215600001</misses>
				<total>0</total>
				<timestamp>2129.858474</timestamp>
			</report>
			<report>
				<misses>215700001</misses>
				<total>0</total>
				<timestamp>2130.849354</timestamp>
			</report>
			<report>
				<misses>215800001</misses>
				<total>0</total>
				<timestamp>2131.840649</timestamp>
			</report>
			<report>
				<misses>215900001</misses>
				<total>0</total>
				<timestamp>2132.831806</timestamp>
			</report>
			<report>
				<misses>216000001</misses>
				<total>0</total>
				<timestamp>2133.822961</timestamp>
			</report>
			<report>
				<misses>216100001</misses>
				<total>0</total>
				<timestamp>2134.812830</timestamp>
			</report>
			<report>
				<misses>216200001</misses>
				<total>0</total>
				<timestamp>2135.803604</timestamp>
			</report>
			<report>
				<misses>216300001</misses>
				<total>0</total>
				<timestamp>2136.794651</timestamp>
			</report>
			<report>
				<misses>216400001</misses>
				<total>0</total>
				<timestamp>2137.785684</timestamp>
			</report>
			<report>
				<misses>216500001</misses>
				<total>0</total>
				<timestamp>2138.776970</timestamp>
			</report>
			<report>
				<misses>216600001</misses>
				<total>0</total>
				<timestamp>2139.768118</timestamp>
			</report>
			<report>
				<misses>216700001</misses>
				<total>0</total>
				<timestamp>2140.758150</timestamp>
			</report>
			<report>
				<misses>216800001</misses>
				<total>0</total>
				<timestamp>2141.748380</timestamp>
			</report>
			<report>
				<misses>216900001</misses>
				<total>0</total>
				<timestamp>2142.738530</timestamp>
			</report>
			<report>
				<misses>217000001</misses>
				<total>0</total>
				<timestamp>2143.729167</timestamp>
			</report>
			<report>
				<misses>217100001</misses>
				<total>0</total>
				<timestamp>2144.719406</timestamp>
			</report>
			<report>
				<misses>217200001</misses>
				<total>0</total>
				<timestamp>2145.710185</timestamp>
			</report>
			<report>
				<misses>217300001</misses>
				<total>0</total>
				<timestamp>2146.701743</timestamp>
			</report>
			<report>
				<misses>217400001</misses>
				<total>0</total>
				<timestamp>2147.693545</timestamp>
			</report>
			<report>
				<misses>217500001</misses>
				<total>0</total>
				<timestamp>2148.684710</timestamp>
			</report>
			<report>
				<misses>217600001</misses>
				<total>0</total>
				<timestamp>2149.675741</timestamp>
			</report>
			<report>
				<misses>217700001</misses>
				<total>0</total>
				<timestamp>2150.666509</timestamp>
			</report>
			<report>
				<misses>217800001</misses>
				<total>0</total>
				<timestamp>2151.657151</timestamp>
			</report>
			<report>
				<misses>217900001</misses>
				<total>0</total>
				<timestamp>2152.646643</timestamp>
			</report>
			<report>
				<misses>218000001</misses>
				<total>0</total>
				<timestamp>2153.636778</timestamp>
			</report>
			<report>
				<misses>218100001</misses>
				<total>0</total>
				<timestamp>2154.627544</timestamp>
			</report>
			<report>
				<misses>218200001</misses>
				<total>0</total>
				<timestamp>2155.618057</timestamp>
			</report>
			<report>
				<misses>218300001</misses>
				<total>0</total>
				<timestamp>2156.608702</timestamp>
			</report>
			<report>
				<misses>218400001</misses>
				<total>0</total>
				<timestamp>2157.598960</timestamp>
			</report>
			<report>
				<misses>218500001</misses>
				<total>0</total>
				<timestamp>2158.590385</timestamp>
			</report>
			<report>
				<misses>218600001</misses>
				<total>0</total>
				<timestamp>2159.581018</timestamp>
			</report>
			<report>
				<misses>218700001</misses>
				<total>0</total>
				<timestamp>2160.572063</timestamp>
			</report>
			<report>
				<misses>218800001</misses>
				<total>0</total>
				<timestamp>2161.562687</timestamp>
			</report>
			<report>
				<misses>218900001</misses>
				<total>0</total>
				<timestamp>2162.553282</timestamp>
			</report>
			<report>
				<misses>219000001</misses>
				<total>0</total>
				<timestamp>2163.544203</timestamp>
			</report>
			<report>
				<misses>219100001</misses>
				<total>0</total>
				<timestamp>2164.535243</timestamp>
			</report>
			<report>
				<misses>219200001</misses>
				<total>0</total>
				<timestamp>2165.526548</timestamp>
			</report>
			<report>
				<misses>219300001</misses>
				<total>0</total>
				<timestamp>2166.516835</timestamp>
			</report>
			<report>
				<misses>219400001</misses>
				<total>0</total>
				<timestamp>2167.492923</timestamp>
			</report>
			<report>
				<misses>219500001</misses>
				<total>0</total>
				<timestamp>2168.471265</timestamp>
			</report>
			<report>
				<misses>219600001</misses>
				<total>0</total>
				<timestamp>2169.449404</timestamp>
			</report>
			<report>
				<misses>219700001</misses>
				<total>0</total>
				<timestamp>2170.426919</timestamp>
			</report>
			<report>
				<misses>219800001</misses>
				<total>0</total>
				<timestamp>2171.404929</timestamp>
			</report>
			<report>
				<misses>219900001</misses>
				<total>0</total>
				<timestamp>2172.382953</timestamp>
			</report>
			<report>
				<misses>220000001</misses>
				<total>0</total>
				<timestamp>2173.373586</timestamp>
			</report>
			<report>
				<misses>220100001</misses>
				<total>0</total>
				<timestamp>2174.364508</timestamp>
			</report>
			<report>
				<misses>220200001</misses>
				<total>0</total>
				<timestamp>2175.355926</timestamp>
			</report>
			<report>
				<misses>220300001</misses>
				<total>0</total>
				<timestamp>2176.347137</timestamp>
			</report>
			<report>
				<misses>220400001</misses>
				<total>0</total>
				<timestamp>2177.337538</timestamp>
			</report>
			<report>
				<misses>220500001</misses>
				<total>0</total>
				<timestamp>2178.329081</timestamp>
			</report>
			<report>
				<misses>220600001</misses>
				<total>0</total>
				<timestamp>2179.320760</timestamp>
			</report>
			<report>
				<misses>220700001</misses>
				<total>0</total>
				<timestamp>2180.311413</timestamp>
			</report>
			<report>
				<misses>220800001</misses>
				<total>0</total>
				<timestamp>2181.303241</timestamp>
			</report>
			<report>
				<misses>220900001</misses>
				<total>0</total>
				<timestamp>2182.293666</timestamp>
			</report>
			<report>
				<misses>221000001</misses>
				<total>0</total>
				<timestamp>2183.285071</timestamp>
			</report>
			<report>
				<misses>221100001</misses>
				<total>0</total>
				<timestamp>2184.275881</timestamp>
			</report>
			<report>
				<misses>221200001</misses>
				<total>0</total>
				<timestamp>2185.266906</timestamp>
			</report>
			<report>
				<misses>221300001</misses>
				<total>0</total>
				<timestamp>2186.259603</timestamp>
			</report>
			<report>
				<misses>221400001</misses>
				<total>0</total>
				<timestamp>2187.251032</timestamp>
			</report>
			<report>
				<misses>221500001</misses>
				<total>0</total>
				<timestamp>2188.241702</timestamp>
			</report>
			<report>
				<misses>221600001</misses>
				<total>0</total>
				<timestamp>2189.233017</timestamp>
			</report>
			<report>
				<misses>221700001</misses>
				<total>0</total>
				<timestamp>2190.224085</timestamp>
			</report>
			<report>
				<misses>221800001</misses>
				<total>0</total>
				<timestamp>2191.215248</timestamp>
			</report>
			<report>
				<misses>221900001</misses>
				<total>0</total>
				<timestamp>2192.207024</timestamp>
			</report>
			<report>
				<misses>222000001</misses>
				<total>0</total>
				<timestamp>2193.197813</timestamp>
			</report>
			<report>
				<misses>222100001</misses>
				<total>0</total>
				<timestamp>2194.189000</timestamp>
			</report>
			<report>
				<misses>222200001</misses>
				<total>0</total>
				<timestamp>2195.179406</timestamp>
			</report>
			<report>
				<misses>222300001</misses>
				<total>0</total>
				<timestamp>2196.170719</timestamp>
			</report>
			<report>
				<misses>222400001</misses>
				<total>0</total>
				<timestamp>2197.161761</timestamp>
			</report>
			<report>
				<misses>222500001</misses>
				<total>0</total>
				<timestamp>2198.153073</timestamp>
			</report>
			<report>
				<misses>222600001</misses>
				<total>0</total>
				<timestamp>2199.144488</timestamp>
			</report>
			<report>
				<misses>222700001</misses>
				<total>0</total>
				<timestamp>2200.135406</timestamp>
			</report>
			<report>
				<misses>222800001</misses>
				<total>0</total>
				<timestamp>2201.125779</timestamp>
			</report>
			<report>
				<misses>222900001</misses>
				<total>0</total>
				<timestamp>2202.117748</timestamp>
			</report>
			<report>
				<misses>223000001</misses>
				<total>0</total>
				<timestamp>2203.108930</timestamp>
			</report>
			<report>
				<misses>223100001</misses>
				<total>0</total>
				<timestamp>2204.100617</timestamp>
			</report>
			<report>
				<misses>223200001</misses>
				<total>0</total>
				<timestamp>2205.091659</timestamp>
			</report>
			<report>
				<misses>223300001</misses>
				<total>0</total>
				<timestamp>2206.082716</timestamp>
			</report>
			<report>
				<misses>223400001</misses>
				<total>0</total>
				<timestamp>2207.073515</timestamp>
			</report>
			<report>
				<misses>223500001</misses>
				<total>0</total>
				<timestamp>2208.064563</timestamp>
			</report>
			<report>
				<misses>223600001</misses>
				<total>0</total>
				<timestamp>2209.055763</timestamp>
			</report>
			<report>
				<misses>223700001</misses>
				<total>0</total>
				<timestamp>2210.048104</timestamp>
			</report>
			<report>
				<misses>223800001</misses>
				<total>0</total>
				<timestamp>2211.038383</timestamp>
			</report>
			<report>
				<misses>223900001</misses>
				<total>0</total>
				<timestamp>2212.029436</timestamp>
			</report>
			<report>
				<misses>224000001</misses>
				<total>0</total>
				<timestamp>2213.021013</timestamp>
			</report>
			<report>
				<misses>224100001</misses>
				<total>0</total>
				<timestamp>2214.012460</timestamp>
			</report>
			<report>
				<misses>224200001</misses>
				<total>0</total>
				<timestamp>2215.003485</timestamp>
			</report>
			<report>
				<misses>224300001</misses>
				<total>0</total>
				<timestamp>2215.994664</timestamp>
			</report>
			<report>
				<misses>224400001</misses>
				<total>0</total>
				<timestamp>2216.985966</timestamp>
			</report>
			<report>
				<misses>224500001</misses>
				<total>0</total>
				<timestamp>2217.975844</timestamp>
			</report>
			<report>
				<misses>224600001</misses>
				<total>0</total>
				<timestamp>2218.967418</timestamp>
			</report>
			<report>
				<misses>224700001</misses>
				<total>0</total>
				<timestamp>2219.959003</timestamp>
			</report>
			<report>
				<misses>224800001</misses>
				<total>0</total>
				<timestamp>2220.950676</timestamp>
			</report>
			<report>
				<misses>224900001</misses>
				<total>0</total>
				<timestamp>2221.942371</timestamp>
			</report>
			<report>
				<misses>225000001</misses>
				<total>0</total>
				<timestamp>2222.934469</timestamp>
			</report>
			<report>
				<misses>225100001</misses>
				<total>0</total>
				<timestamp>2223.925378</timestamp>
			</report>
			<report>
				<misses>225200001</misses>
				<total>0</total>
				<timestamp>2224.915771</timestamp>
			</report>
			<report>
				<misses>225300001</misses>
				<total>0</total>
				<timestamp>2225.907201</timestamp>
			</report>
			<report>
				<misses>225400001</misses>
				<total>0</total>
				<timestamp>2226.897725</timestamp>
			</report>
			<report>
				<misses>225500001</misses>
				<total>0</total>
				<timestamp>2227.889044</timestamp>
			</report>
			<report>
				<misses>225600001</misses>
				<total>0</total>
				<timestamp>2228.880883</timestamp>
			</report>
			<report>
				<misses>225700001</misses>
				<total>0</total>
				<timestamp>2229.873065</timestamp>
			</report>
			<report>
				<misses>225800001</misses>
				<total>0</total>
				<timestamp>2230.864268</timestamp>
			</report>
			<report>
				<misses>225900001</misses>
				<total>0</total>
				<timestamp>2231.855305</timestamp>
			</report>
			<report>
				<misses>226000001</misses>
				<total>0</total>
				<timestamp>2232.846751</timestamp>
			</report>
			<report>
				<misses>226100001</misses>
				<total>0</total>
				<timestamp>2233.837816</timestamp>
			</report>
			<report>
				<misses>226200001</misses>
				<total>0</total>
				<timestamp>2234.828577</timestamp>
			</report>
			<report>
				<misses>226300001</misses>
				<total>0</total>
				<timestamp>2235.820913</timestamp>
			</report>
			<report>
				<misses>226400001</misses>
				<total>0</total>
				<timestamp>2236.812218</timestamp>
			</report>
			<report>
				<misses>226500001</misses>
				<total>0</total>
				<timestamp>2237.803529</timestamp>
			</report>
			<report>
				<misses>226600001</misses>
				<total>0</total>
				<timestamp>2238.795218</timestamp>
			</report>
			<report>
				<misses>226700001</misses>
				<total>0</total>
				<timestamp>2239.787035</timestamp>
			</report>
			<report>
				<misses>226800001</misses>
				<total>0</total>
				<timestamp>2240.778079</timestamp>
			</report>
			<report>
				<misses>226900001</misses>
				<total>0</total>
				<timestamp>2241.770294</timestamp>
			</report>
			<report>
				<misses>227000001</misses>
				<total>0</total>
				<timestamp>2242.760834</timestamp>
			</report>
			<report>
				<misses>227100001</misses>
				<total>0</total>
				<timestamp>2243.751375</timestamp>
			</report>
			<report>
				<misses>227200001</misses>
				<total>0</total>
				<timestamp>2244.742706</timestamp>
			</report>
			<report>
				<misses>227300001</misses>
				<total>0</total>
				<timestamp>2245.734286</timestamp>
			</report>
			<report>
				<misses>227400001</misses>
				<total>0</total>
				<timestamp>2246.725193</timestamp>
			</report>
			<report>
				<misses>227500001</misses>
				<total>0</total>
				<timestamp>2247.716214</timestamp>
			</report>
			<report>
				<misses>227600001</misses>
				<total>0</total>
				<timestamp>2248.707902</timestamp>
			</report>
			<report>
				<misses>227700001</misses>
				<total>0</total>
				<timestamp>2249.699077</timestamp>
			</report>
			<report>
				<misses>227800001</misses>
				<total>0</total>
				<timestamp>2250.691037</timestamp>
			</report>
			<report>
				<misses>227900001</misses>
				<total>0</total>
				<timestamp>2251.681713</timestamp>
			</report>
			<report>
				<misses>228000001</misses>
				<total>0</total>
				<timestamp>2252.672763</timestamp>
			</report>
			<report>
				<misses>228100001</misses>
				<total>0</total>
				<timestamp>2253.664465</timestamp>
			</report>
			<report>
				<misses>228200001</misses>
				<total>0</total>
				<timestamp>2254.656036</timestamp>
			</report>
			<report>
				<misses>228300001</misses>
				<total>0</total>
				<timestamp>2255.647350</timestamp>
			</report>
			<report>
				<misses>228400001</misses>
				<total>0</total>
				<timestamp>2256.639180</timestamp>
			</report>
			<report>
				<misses>228500001</misses>
				<total>0</total>
				<timestamp>2257.629977</timestamp>
			</report>
			<report>
				<misses>228600001</misses>
				<total>0</total>
				<timestamp>2258.620906</timestamp>
			</report>
			<report>
				<misses>228700001</misses>
				<total>0</total>
				<timestamp>2259.612080</timestamp>
			</report>
			<report>
				<misses>228800001</misses>
				<total>0</total>
				<timestamp>2260.604161</timestamp>
			</report>
			<report>
				<misses>228900001</misses>
				<total>0</total>
				<timestamp>2261.595473</timestamp>
			</report>
			<report>
				<misses>229000001</misses>
				<total>0</total>
				<timestamp>2262.585892</timestamp>
			</report>
			<report>
				<misses>229100001</misses>
				<total>0</total>
				<timestamp>2263.576304</timestamp>
			</report>
			<report>
				<misses>229200001</misses>
				<total>0</total>
				<timestamp>2264.567346</timestamp>
			</report>
			<report>
				<misses>229300001</misses>
				<total>0</total>
				<timestamp>2265.558393</timestamp>
			</report>
			<report>
				<misses>229400001</misses>
				<total>0</total>
				<timestamp>2266.549071</timestamp>
			</report>
			<report>
				<misses>229500001</misses>
				<total>0</total>
				<timestamp>2267.540091</timestamp>
			</report>
			<report>
				<misses>229600001</misses>
				<total>0</total>
				<timestamp>2268.531660</timestamp>
			</report>
			<report>
				<misses>229700001</misses>
				<total>0</total>
				<timestamp>2269.522717</timestamp>
			</report>
			<report>
				<misses>229800001</misses>
				<total>0</total>
				<timestamp>2270.514278</timestamp>
			</report>
			<report>
				<misses>229900001</misses>
				<total>0</total>
				<timestamp>2271.505063</timestamp>
			</report>
			<report>
				<misses>230000001</misses>
				<total>0</total>
				<timestamp>2272.497421</timestamp>
			</report>
			<report>
				<misses>230100001</misses>
				<total>0</total>
				<timestamp>2273.487956</timestamp>
			</report>
			<report>
				<misses>230200001</misses>
				<total>0</total>
				<timestamp>2274.478636</timestamp>
			</report>
			<report>
				<misses>230300001</misses>
				<total>0</total>
				<timestamp>2275.469297</timestamp>
			</report>
			<report>
				<misses>230400001</misses>
				<total>0</total>
				<timestamp>2276.459786</timestamp>
			</report>
			<report>
				<misses>230500001</misses>
				<total>0</total>
				<timestamp>2277.450708</timestamp>
			</report>
			<report>
				<misses>230600001</misses>
				<total>0</total>
				<timestamp>2278.442003</timestamp>
			</report>
			<report>
				<misses>230700001</misses>
				<total>0</total>
				<timestamp>2279.433205</timestamp>
			</report>
			<report>
				<misses>230800001</misses>
				<total>0</total>
				<timestamp>2280.424349</timestamp>
			</report>
			<report>
				<misses>230900001</misses>
				<total>0</total>
				<timestamp>2281.416817</timestamp>
			</report>
			<report>
				<misses>231000001</misses>
				<total>0</total>
				<timestamp>2282.408790</timestamp>
			</report>
			<report>
				<misses>231100001</misses>
				<total>0</total>
				<timestamp>2283.399841</timestamp>
			</report>
			<report>
				<misses>231200001</misses>
				<total>0</total>
				<timestamp>2284.390631</timestamp>
			</report>
			<report>
				<misses>231300001</misses>
				<total>0</total>
				<timestamp>2285.381706</timestamp>
			</report>
			<report>
				<misses>231400001</misses>
				<total>0</total>
				<timestamp>2286.372499</timestamp>
			</report>
			<report>
				<misses>231500001</misses>
				<total>0</total>
				<timestamp>2287.364061</timestamp>
			</report>
			<report>
				<misses>231600001</misses>
				<total>0</total>
				<timestamp>2288.355618</timestamp>
			</report>
			<report>
				<misses>231700001</misses>
				<total>0</total>
				<timestamp>2289.345770</timestamp>
			</report>
			<report>
				<misses>231800001</misses>
				<total>0</total>
				<timestamp>2290.336961</timestamp>
			</report>
			<report>
				<misses>231900001</misses>
				<total>0</total>
				<timestamp>2291.328486</timestamp>
			</report>
			<report>
				<misses>232000001</misses>
				<total>0</total>
				<timestamp>2292.319136</timestamp>
			</report>
			<report>
				<misses>232100001</misses>
				<total>0</total>
				<timestamp>2293.310558</timestamp>
			</report>
			<report>
				<misses>232200001</misses>
				<total>0</total>
				<timestamp>2294.301611</timestamp>
			</report>
			<report>
				<misses>232300001</misses>
				<total>0</total>
				<timestamp>2295.292793</timestamp>
			</report>
			<report>
				<misses>232400001</misses>
				<total>0</total>
				<timestamp>2296.284361</timestamp>
			</report>
			<report>
				<misses>232500001</misses>
				<total>0</total>
				<timestamp>2297.274761</timestamp>
			</report>
			<report>
				<misses>232600001</misses>
				<total>0</total>
				<timestamp>2298.265671</timestamp>
			</report>
			<report>
				<misses>232700001</misses>
				<total>0</total>
				<timestamp>2299.256868</timestamp>
			</report>
			<report>
				<misses>232800001</misses>
				<total>0</total>
				<timestamp>2300.247402</timestamp>
			</report>
			<report>
				<misses>232900001</misses>
				<total>0</total>
				<timestamp>2301.237950</timestamp>
			</report>
			<report>
				<misses>233000001</misses>
				<total>1</total>
				<timestamp>2302.228192</timestamp>
			</report>
			<report>
				<misses>233100001</misses>
				<total>1</total>
				<timestamp>2303.218739</timestamp>
			</report>
			<report>
				<misses>233200001</misses>
				<total>1</total>
				<timestamp>2304.210558</timestamp>
			</report>
			<report>
				<misses>233300001</misses>
				<total>1</total>
				<timestamp>2305.201858</timestamp>
			</report>
			<report>
				<misses>233400001</misses>
				<total>1</total>
				<timestamp>2306.192520</timestamp>
			</report>
			<report>
				<misses>233500001</misses>
				<total>1</total>
				<timestamp>2307.184475</timestamp>
			</report>
			<report>
				<misses>233600001</misses>
				<total>1</total>
				<timestamp>2308.174742</timestamp>
			</report>
			<report>
				<misses>233700001</misses>
				<total>1</total>
				<timestamp>2309.166180</timestamp>
			</report>
			<report>
				<misses>233800001</misses>
				<total>1</total>
				<timestamp>2310.156826</timestamp>
			</report>
			<report>
				<misses>233900001</misses>
				<total>1</total>
				<timestamp>2311.147325</timestamp>
			</report>
			<report>
				<misses>234000001</misses>
				<total>1</total>
				<timestamp>2312.138647</timestamp>
			</report>
			<report>
				<misses>234100001</misses>
				<total>1</total>
				<timestamp>2313.129326</timestamp>
			</report>
			<report>
				<misses>234200001</misses>
				<total>1</total>
				<timestamp>2314.120753</timestamp>
			</report>
			<report>
				<misses>234300001</misses>
				<total>1</total>
				<timestamp>2315.110890</timestamp>
			</report>
			<report>
				<misses>234400001</misses>
				<total>1</total>
				<timestamp>2316.101544</timestamp>
			</report>
			<report>
				<misses>234500001</misses>
				<total>1</total>
				<timestamp>2317.092343</timestamp>
			</report>
			<report>
				<misses>234600001</misses>
				<total>1</total>
				<timestamp>2318.083259</timestamp>
			</report>
			<report>
				<misses>234700001</misses>
				<total>1</total>
				<timestamp>2319.074690</timestamp>
			</report>
			<report>
				<misses>234800001</misses>
				<total>1</total>
				<timestamp>2320.064828</timestamp>
			</report>
			<report>
				<misses>234900001</misses>
				<total>8</total>
				<timestamp>2321.055098</timestamp>
			</report>
			<report>
				<misses>235000001</misses>
				<total>8</total>
				<timestamp>2322.046406</timestamp>
			</report>
			<report>
				<misses>235100001</misses>
				<total>8</total>
				<timestamp>2323.037466</timestamp>
			</report>
			<report>
				<misses>235200001</misses>
				<total>9</total>
				<timestamp>2324.028390</timestamp>
			</report>
			<report>
				<misses>235300001</misses>
				<total>9</total>
				<timestamp>2325.019310</timestamp>
			</report>
			<report>
				<misses>235400001</misses>
				<total>9</total>
				<timestamp>2326.010238</timestamp>
			</report>
			<report>
				<misses>235500001</misses>
				<total>9</total>
				<timestamp>2327.001145</timestamp>
			</report>
			<report>
				<misses>235600001</misses>
				<total>9</total>
				<timestamp>2327.991825</timestamp>
			</report>
			<report>
				<misses>235700001</misses>
				<total>9</total>
				<timestamp>2328.983095</timestamp>
			</report>
			<report>
				<misses>235800001</misses>
				<total>9</total>
				<timestamp>2329.974673</timestamp>
			</report>
			<report>
				<misses>235900001</misses>
				<total>9</total>
				<timestamp>2330.966473</timestamp>
			</report>
			<report>
				<misses>236000001</misses>
				<total>9</total>
				<timestamp>2331.957020</timestamp>
			</report>
			<report>
				<misses>236100001</misses>
				<total>9</total>
				<timestamp>2332.948029</timestamp>
			</report>
			<report>
				<misses>236200001</misses>
				<total>9</total>
				<timestamp>2333.939329</timestamp>
			</report>
			<report>
				<misses>236300001</misses>
				<total>9</total>
				<timestamp>2334.930515</timestamp>
			</report>
			<report>
				<misses>236400001</misses>
				<total>9</total>
				<timestamp>2335.920922</timestamp>
			</report>
			<report>
				<misses>236500001</misses>
				<total>9</total>
				<timestamp>2336.911713</timestamp>
			</report>
			<report>
				<misses>236600001</misses>
				<total>9</total>
				<timestamp>2337.903422</timestamp>
			</report>
			<report>
				<misses>236700001</misses>
				<total>9</total>
				<timestamp>2338.893449</timestamp>
			</report>
			<report>
				<misses>236800001</misses>
				<total>9</total>
				<timestamp>2339.884083</timestamp>
			</report>
			<report>
				<misses>236900001</misses>
				<total>9</total>
				<timestamp>2340.874353</timestamp>
			</report>
			<report>
				<misses>237000001</misses>
				<total>9</total>
				<timestamp>2341.865521</timestamp>
			</report>
			<report>
				<misses>237100001</misses>
				<total>9</total>
				<timestamp>2342.857614</timestamp>
			</report>
			<report>
				<misses>237200001</misses>
				<total>9</total>
				<timestamp>2343.848144</timestamp>
			</report>
			<report>
				<misses>237300001</misses>
				<total>9</total>
				<timestamp>2344.838678</timestamp>
			</report>
			<report>
				<misses>237400001</misses>
				<total>9</total>
				<timestamp>2345.829485</timestamp>
			</report>
			<report>
				<misses>237500001</misses>
				<total>9</total>
				<timestamp>2346.819898</timestamp>
			</report>
			<report>
				<misses>237600001</misses>
				<total>9</total>
				<timestamp>2347.809913</timestamp>
			</report>
			<report>
				<misses>237700001</misses>
				<total>9</total>
				<timestamp>2348.800051</timestamp>
			</report>
			<report>
				<misses>237800001</misses>
				<total>9</total>
				<timestamp>2349.790573</timestamp>
			</report>
			<report>
				<misses>237900001</misses>
				<total>9</total>
				<timestamp>2350.780976</timestamp>
			</report>
			<report>
				<misses>238000001</misses>
				<total>9</total>
				<timestamp>2351.772269</timestamp>
			</report>
			<report>
				<misses>238100001</misses>
				<total>9</total>
				<timestamp>2352.762612</timestamp>
			</report>
			<report>
				<misses>238200001</misses>
				<total>9</total>
				<timestamp>2353.753033</timestamp>
			</report>
			<report>
				<misses>238300001</misses>
				<total>9</total>
				<timestamp>2354.744483</timestamp>
			</report>
			<report>
				<misses>238400001</misses>
				<total>9</total>
				<timestamp>2355.735151</timestamp>
			</report>
			<report>
				<misses>238500001</misses>
				<total>9</total>
				<timestamp>2356.726594</timestamp>
			</report>
			<report>
				<misses>238600001</misses>
				<total>9</total>
				<timestamp>2357.717385</timestamp>
			</report>
			<report>
				<misses>238700001</misses>
				<total>9</total>
				<timestamp>2358.708062</timestamp>
			</report>
			<report>
				<misses>238800001</misses>
				<total>9</total>
				<timestamp>2359.699248</timestamp>
			</report>
			<report>
				<misses>238900001</misses>
				<total>9</total>
				<timestamp>2360.690352</timestamp>
			</report>
			<report>
				<misses>239000001</misses>
				<total>9</total>
				<timestamp>2361.681264</timestamp>
			</report>
			<report>
				<misses>239100001</misses>
				<total>9</total>
				<timestamp>2362.671795</timestamp>
			</report>
			<report>
				<misses>239200001</misses>
				<total>9</total>
				<timestamp>2363.662674</timestamp>
			</report>
			<report>
				<misses>239300001</misses>
				<total>9</total>
				<timestamp>2364.654128</timestamp>
			</report>
			<report>
				<misses>239400001</misses>
				<total>9</total>
				<timestamp>2365.644796</timestamp>
			</report>
			<report>
				<misses>239500001</misses>
				<total>9</total>
				<timestamp>2366.635462</timestamp>
			</report>
			<report>
				<misses>239600001</misses>
				<total>9</total>
				<timestamp>2367.626258</timestamp>
			</report>
			<report>
				<misses>239700001</misses>
				<total>9</total>
				<timestamp>2368.617190</timestamp>
			</report>
			<report>
				<misses>239800001</misses>
				<total>9</total>
				<timestamp>2369.608096</timestamp>
			</report>
			<report>
				<misses>239900001</misses>
				<total>9</total>
				<timestamp>2370.599641</timestamp>
			</report>
			<report>
				<misses>240000001</misses>
				<total>9</total>
				<timestamp>2371.590912</timestamp>
			</report>
			<report>
				<misses>240100001</misses>
				<total>9</total>
				<timestamp>2372.581576</timestamp>
			</report>
			<report>
				<misses>240200001</misses>
				<total>9</total>
				<timestamp>2373.573533</timestamp>
			</report>
			<report>
				<misses>240300001</misses>
				<total>9</total>
				<timestamp>2374.564837</timestamp>
			</report>
			<report>
				<misses>240400001</misses>
				<total>9</total>
				<timestamp>2375.554723</timestamp>
			</report>
			<report>
				<misses>240500001</misses>
				<total>9</total>
				<timestamp>2376.545897</timestamp>
			</report>
			<report>
				<misses>240600001</misses>
				<total>9</total>
				<timestamp>2377.536834</timestamp>
			</report>
			<report>
				<misses>240700001</misses>
				<total>9</total>
				<timestamp>2378.527463</timestamp>
			</report>
			<report>
				<misses>240800001</misses>
				<total>9</total>
				<timestamp>2379.517736</timestamp>
			</report>
			<report>
				<misses>240900001</misses>
				<total>9</total>
				<timestamp>2380.509171</timestamp>
			</report>
			<report>
				<misses>241000001</misses>
				<total>9</total>
				<timestamp>2381.499832</timestamp>
			</report>
			<report>
				<misses>241100001</misses>
				<total>9</total>
				<timestamp>2382.491146</timestamp>
			</report>
			<report>
				<misses>241200001</misses>
				<total>9</total>
				<timestamp>2383.480395</timestamp>
			</report>
			<report>
				<misses>241300001</misses>
				<total>9</total>
				<timestamp>2384.470908</timestamp>
			</report>
			<report>
				<misses>241400001</misses>
				<total>9</total>
				<timestamp>2385.462209</timestamp>
			</report>
			<report>
				<misses>241500001</misses>
				<total>9</total>
				<timestamp>2386.452744</timestamp>
			</report>
			<report>
				<misses>241600001</misses>
				<total>9</total>
				<timestamp>2387.443533</timestamp>
			</report>
			<report>
				<misses>241700001</misses>
				<total>9</total>
				<timestamp>2388.434851</timestamp>
			</report>
			<report>
				<misses>241800001</misses>
				<total>9</total>
				<timestamp>2389.425634</timestamp>
			</report>
			<report>
				<misses>241900001</misses>
				<total>9</total>
				<timestamp>2390.416529</timestamp>
			</report>
			<report>
				<misses>242000001</misses>
				<total>9</total>
				<timestamp>2391.407826</timestamp>
			</report>
			<report>
				<misses>242100001</misses>
				<total>9</total>
				<timestamp>2392.399008</timestamp>
			</report>
			<report>
				<misses>242200001</misses>
				<total>9</total>
				<timestamp>2393.390451</timestamp>
			</report>
			<report>
				<misses>242300001</misses>
				<total>9</total>
				<timestamp>2394.381111</timestamp>
			</report>
			<report>
				<misses>242400001</misses>
				<total>9</total>
				<timestamp>2395.372547</timestamp>
			</report>
			<report>
				<misses>242500001</misses>
				<total>9</total>
				<timestamp>2396.363742</timestamp>
			</report>
			<report>
				<misses>242600001</misses>
				<total>9</total>
				<timestamp>2397.354634</timestamp>
			</report>
			<report>
				<misses>242700001</misses>
				<total>9</total>
				<timestamp>2398.344783</timestamp>
			</report>
			<report>
				<misses>242800001</misses>
				<total>9</total>
				<timestamp>2399.336198</timestamp>
			</report>
			<report>
				<misses>242900001</misses>
				<total>9</total>
				<timestamp>2400.326587</timestamp>
			</report>
			<report>
				<misses>243000001</misses>
				<total>9</total>
				<timestamp>2401.316733</timestamp>
			</report>
			<report>
				<misses>243100001</misses>
				<total>9</total>
				<timestamp>2402.307370</timestamp>
			</report>
			<report>
				<misses>243200001</misses>
				<total>9</total>
				<timestamp>2403.298802</timestamp>
			</report>
			<report>
				<misses>243300001</misses>
				<total>9</total>
				<timestamp>2404.289842</timestamp>
			</report>
			<report>
				<misses>243400001</misses>
				<total>9</total>
				<timestamp>2405.281664</timestamp>
			</report>
			<report>
				<misses>243500001</misses>
				<total>9</total>
				<timestamp>2406.272969</timestamp>
			</report>
			<report>
				<misses>243600001</misses>
				<total>9</total>
				<timestamp>2407.263611</timestamp>
			</report>
			<report>
				<misses>243700001</misses>
				<total>9</total>
				<timestamp>2408.253776</timestamp>
			</report>
			<report>
				<misses>243800001</misses>
				<total>9</total>
				<timestamp>2409.244926</timestamp>
			</report>
			<report>
				<misses>243900001</misses>
				<total>9</total>
				<timestamp>2410.235716</timestamp>
			</report>
			<report>
				<misses>244000001</misses>
				<total>9</total>
				<timestamp>2411.226873</timestamp>
			</report>
			<report>
				<misses>244100001</misses>
				<total>9</total>
				<timestamp>2412.218564</timestamp>
			</report>
			<report>
				<misses>244200001</misses>
				<total>9</total>
				<timestamp>2413.208840</timestamp>
			</report>
			<report>
				<misses>244300001</misses>
				<total>9</total>
				<timestamp>2414.199761</timestamp>
			</report>
			<report>
				<misses>244400001</misses>
				<total>9</total>
				<timestamp>2415.191173</timestamp>
			</report>
			<report>
				<misses>244500001</misses>
				<total>9</total>
				<timestamp>2416.181821</timestamp>
			</report>
			<report>
				<misses>244600001</misses>
				<total>9</total>
				<timestamp>2417.172477</timestamp>
			</report>
			<report>
				<misses>244700001</misses>
				<total>9</total>
				<timestamp>2418.162857</timestamp>
			</report>
			<report>
				<misses>244800001</misses>
				<total>9</total>
				<timestamp>2419.153373</timestamp>
			</report>
			<report>
				<misses>244900001</misses>
				<total>9</total>
				<timestamp>2420.142877</timestamp>
			</report>
			<report>
				<misses>245000001</misses>
				<total>9</total>
				<timestamp>2421.132874</timestamp>
			</report>
			<report>
				<misses>245100001</misses>
				<total>9</total>
				<timestamp>2422.123257</timestamp>
			</report>
			<report>
				<misses>245200001</misses>
				<total>9</total>
				<timestamp>2423.113007</timestamp>
			</report>
			<report>
				<misses>245300001</misses>
				<total>9</total>
				<timestamp>2424.104178</timestamp>
			</report>
			<report>
				<misses>245400001</misses>
				<total>9</total>
				<timestamp>2425.095093</timestamp>
			</report>
			<report>
				<misses>245500001</misses>
				<total>9</total>
				<timestamp>2426.086634</timestamp>
			</report>
			<report>
				<misses>245600001</misses>
				<total>9</total>
				<timestamp>2427.077038</timestamp>
			</report>
			<report>
				<misses>245700001</misses>
				<total>9</total>
				<timestamp>2428.068187</timestamp>
			</report>
			<report>
				<misses>245800001</misses>
				<total>9</total>
				<timestamp>2429.058847</timestamp>
			</report>
			<report>
				<misses>245900001</misses>
				<total>9</total>
				<timestamp>2430.049896</timestamp>
			</report>
			<report>
				<misses>246000001</misses>
				<total>9</total>
				<timestamp>2431.040793</timestamp>
			</report>
			<report>
				<misses>246100001</misses>
				<total>9</total>
				<timestamp>2432.031580</timestamp>
			</report>
			<report>
				<misses>246200001</misses>
				<total>9</total>
				<timestamp>2433.022219</timestamp>
			</report>
			<report>
				<misses>246300001</misses>
				<total>9</total>
				<timestamp>2434.013913</timestamp>
			</report>
			<report>
				<misses>246400001</misses>
				<total>9</total>
				<timestamp>2435.004315</timestamp>
			</report>
			<report>
				<misses>246500001</misses>
				<total>9</total>
				<timestamp>2435.995198</timestamp>
			</report>
			<report>
				<misses>246600001</misses>
				<total>9</total>
				<timestamp>2436.985720</timestamp>
			</report>
			<report>
				<misses>246700001</misses>
				<total>9</total>
				<timestamp>2437.977404</timestamp>
			</report>
			<report>
				<misses>246800001</misses>
				<total>9</total>
				<timestamp>2438.968716</timestamp>
			</report>
			<report>
				<misses>246900001</misses>
				<total>9</total>
				<timestamp>2439.958977</timestamp>
			</report>
			<report>
				<misses>247000001</misses>
				<total>9</total>
				<timestamp>2440.950031</timestamp>
			</report>
			<report>
				<misses>247100001</misses>
				<total>9</total>
				<timestamp>2441.941070</timestamp>
			</report>
			<report>
				<misses>247200001</misses>
				<total>9</total>
				<timestamp>2442.931974</timestamp>
			</report>
			<report>
				<misses>247300001</misses>
				<total>9</total>
				<timestamp>2443.922265</timestamp>
			</report>
			<report>
				<misses>247400001</misses>
				<total>9</total>
				<timestamp>2444.913167</timestamp>
			</report>
			<report>
				<misses>247500001</misses>
				<total>9</total>
				<timestamp>2445.903698</timestamp>
			</report>
			<report>
				<misses>247600001</misses>
				<total>9</total>
				<timestamp>2446.895774</timestamp>
			</report>
			<report>
				<misses>247700001</misses>
				<total>9</total>
				<timestamp>2447.887212</timestamp>
			</report>
			<report>
				<misses>247800001</misses>
				<total>9</total>
				<timestamp>2448.878657</timestamp>
			</report>
			<report>
				<misses>247900001</misses>
				<total>9</total>
				<timestamp>2449.869167</timestamp>
			</report>
			<report>
				<misses>248000001</misses>
				<total>9</total>
				<timestamp>2450.859693</timestamp>
			</report>
			<report>
				<misses>248100001</misses>
				<total>9</total>
				<timestamp>2451.851119</timestamp>
			</report>
			<report>
				<misses>248200001</misses>
				<total>9</total>
				<timestamp>2452.841931</timestamp>
			</report>
			<report>
				<misses>248300001</misses>
				<total>9</total>
				<timestamp>2453.833594</timestamp>
			</report>
			<report>
				<misses>248400001</misses>
				<total>9</total>
				<timestamp>2454.825808</timestamp>
			</report>
			<report>
				<misses>248500001</misses>
				<total>9</total>
				<timestamp>2455.817241</timestamp>
			</report>
			<report>
				<misses>248600001</misses>
				<total>9</total>
				<timestamp>2456.808556</timestamp>
			</report>
			<report>
				<misses>248700001</misses>
				<total>9</total>
				<timestamp>2457.800104</timestamp>
			</report>
			<report>
				<misses>248800001</misses>
				<total>9</total>
				<timestamp>2458.791286</timestamp>
			</report>
			<report>
				<misses>248900001</misses>
				<total>9</total>
				<timestamp>2459.781783</timestamp>
			</report>
			<report>
				<misses>249000001</misses>
				<total>9</total>
				<timestamp>2460.772831</timestamp>
			</report>
			<report>
				<misses>249100001</misses>
				<total>9</total>
				<timestamp>2461.764253</timestamp>
			</report>
			<report>
				<misses>249200001</misses>
				<total>9</total>
				<timestamp>2462.755053</timestamp>
			</report>
			<report>
				<misses>249300001</misses>
				<total>9</total>
				<timestamp>2463.746615</timestamp>
			</report>
			<report>
				<misses>249400001</misses>
				<total>9</total>
				<timestamp>2464.737524</timestamp>
			</report>
			<report>
				<misses>249500001</misses>
				<total>9</total>
				<timestamp>2465.728829</timestamp>
			</report>
			<report>
				<misses>249600001</misses>
				<total>9</total>
				<timestamp>2466.720250</timestamp>
			</report>
			<report>
				<misses>249700001</misses>
				<total>9</total>
				<timestamp>2467.711004</timestamp>
			</report>
			<report>
				<misses>249800001</misses>
				<total>9</total>
				<timestamp>2468.702173</timestamp>
			</report>
			<report>
				<misses>249900001</misses>
				<total>9</total>
				<timestamp>2469.693620</timestamp>
			</report>
			<report>
				<misses>250000001</misses>
				<total>9</total>
				<timestamp>2470.684654</timestamp>
			</report>
			<report>
				<misses>250100001</misses>
				<total>9</total>
				<timestamp>2471.676321</timestamp>
			</report>
			<report>
				<misses>250200001</misses>
				<total>9</total>
				<timestamp>2472.667355</timestamp>
			</report>
			<report>
				<misses>250300001</misses>
				<total>9</total>
				<timestamp>2473.658397</timestamp>
			</report>
			<report>
				<misses>250400001</misses>
				<total>9</total>
				<timestamp>2474.649549</timestamp>
			</report>
			<report>
				<misses>250500001</misses>
				<total>9</total>
				<timestamp>2475.640721</timestamp>
			</report>
			<report>
				<misses>250600001</misses>
				<total>9</total>
				<timestamp>2476.631906</timestamp>
			</report>
			<report>
				<misses>250700001</misses>
				<total>9</total>
				<timestamp>2477.623330</timestamp>
			</report>
			<report>
				<misses>250800001</misses>
				<total>9</total>
				<timestamp>2478.614773</timestamp>
			</report>
			<report>
				<misses>250900001</misses>
				<total>9</total>
				<timestamp>2479.604279</timestamp>
			</report>
			<report>
				<misses>251000001</misses>
				<total>9</total>
				<timestamp>2480.588620</timestamp>
			</report>
			<report>
				<misses>251100001</misses>
				<total>9</total>
				<timestamp>2481.571774</timestamp>
			</report>
			<report>
				<misses>251200001</misses>
				<total>9</total>
				<timestamp>2482.555052</timestamp>
			</report>
			<report>
				<misses>251300001</misses>
				<total>9</total>
				<timestamp>2483.538734</timestamp>
			</report>
			<report>
				<misses>251400001</misses>
				<total>9</total>
				<timestamp>2484.522279</timestamp>
			</report>
			<report>
				<misses>251500001</misses>
				<total>9</total>
				<timestamp>2485.503515</timestamp>
			</report>
			<report>
				<misses>251600001</misses>
				<total>9</total>
				<timestamp>2486.486942</timestamp>
			</report>
			<report>
				<misses>251700001</misses>
				<total>9</total>
				<timestamp>2487.471418</timestamp>
			</report>
			<report>
				<misses>251800001</misses>
				<total>9</total>
				<timestamp>2488.455617</timestamp>
			</report>
			<report>
				<misses>251900001</misses>
				<total>9</total>
				<timestamp>2489.440187</timestamp>
			</report>
			<report>
				<misses>252000001</misses>
				<total>9</total>
				<timestamp>2490.423366</timestamp>
			</report>
			<report>
				<misses>252100001</misses>
				<total>9</total>
				<timestamp>2491.405616</timestamp>
			</report>
			<report>
				<misses>252200001</misses>
				<total>9</total>
				<timestamp>2492.387873</timestamp>
			</report>
			<report>
				<misses>252300001</misses>
				<total>9</total>
				<timestamp>2493.371309</timestamp>
			</report>
			<report>
				<misses>252400001</misses>
				<total>9</total>
				<timestamp>2494.356668</timestamp>
			</report>
			<report>
				<misses>252500001</misses>
				<total>9</total>
				<timestamp>2495.346884</timestamp>
			</report>
			<report>
				<misses>252600001</misses>
				<total>9</total>
				<timestamp>2496.337426</timestamp>
			</report>
			<report>
				<misses>252700001</misses>
				<total>9</total>
				<timestamp>2497.328827</timestamp>
			</report>
			<report>
				<misses>252800001</misses>
				<total>9</total>
				<timestamp>2498.319343</timestamp>
			</report>
			<report>
				<misses>252900001</misses>
				<total>9</total>
				<timestamp>2499.309346</timestamp>
			</report>
			<report>
				<misses>253000001</misses>
				<total>9</total>
				<timestamp>2500.299719</timestamp>
			</report>
			<report>
				<misses>253100001</misses>
				<total>9</total>
				<timestamp>2501.290758</timestamp>
			</report>
			<report>
				<misses>253200001</misses>
				<total>9</total>
				<timestamp>2502.281538</timestamp>
			</report>
			<report>
				<misses>253300001</misses>
				<total>9</total>
				<timestamp>2503.273478</timestamp>
			</report>
			<report>
				<misses>253400001</misses>
				<total>9</total>
				<timestamp>2504.263724</timestamp>
			</report>
			<report>
				<misses>253500001</misses>
				<total>9</total>
				<timestamp>2505.254354</timestamp>
			</report>
			<report>
				<misses>253600001</misses>
				<total>9</total>
				<timestamp>2506.246030</timestamp>
			</report>
			<report>
				<misses>253700001</misses>
				<total>9</total>
				<timestamp>2507.236549</timestamp>
			</report>
			<report>
				<misses>253800001</misses>
				<total>9</total>
				<timestamp>2508.228483</timestamp>
			</report>
			<report>
				<misses>253900001</misses>
				<total>9</total>
				<timestamp>2509.219017</timestamp>
			</report>
			<report>
				<misses>254000001</misses>
				<total>9</total>
				<timestamp>2510.210543</timestamp>
			</report>
			<report>
				<misses>254100001</misses>
				<total>9</total>
				<timestamp>2511.201453</timestamp>
			</report>
			<report>
				<misses>254200001</misses>
				<total>9</total>
				<timestamp>2512.193519</timestamp>
			</report>
			<report>
				<misses>254300001</misses>
				<total>9</total>
				<timestamp>2513.183522</timestamp>
			</report>
			<report>
				<misses>254400001</misses>
				<total>9</total>
				<timestamp>2514.174037</timestamp>
			</report>
			<report>
				<misses>254500001</misses>
				<total>9</total>
				<timestamp>2515.165061</timestamp>
			</report>
			<report>
				<misses>254600001</misses>
				<total>9</total>
				<timestamp>2516.155591</timestamp>
			</report>
			<report>
				<misses>254700001</misses>
				<total>9</total>
				<timestamp>2517.146366</timestamp>
			</report>
			<report>
				<misses>254800001</misses>
				<total>9</total>
				<timestamp>2518.137521</timestamp>
			</report>
			<report>
				<misses>254900001</misses>
				<total>9</total>
				<timestamp>2519.127135</timestamp>
			</report>
			<report>
				<misses>255000001</misses>
				<total>9</total>
				<timestamp>2520.118028</timestamp>
			</report>
			<report>
				<misses>255100001</misses>
				<total>9</total>
				<timestamp>2521.108411</timestamp>
			</report>
			<report>
				<misses>255200001</misses>
				<total>9</total>
				<timestamp>2522.099460</timestamp>
			</report>
			<report>
				<misses>255300001</misses>
				<total>9</total>
				<timestamp>2523.089968</timestamp>
			</report>
			<report>
				<misses>255400001</misses>
				<total>9</total>
				<timestamp>2524.080997</timestamp>
			</report>
			<report>
				<misses>255500001</misses>
				<total>9</total>
				<timestamp>2525.072423</timestamp>
			</report>
			<report>
				<misses>255600001</misses>
				<total>9</total>
				<timestamp>2526.063586</timestamp>
			</report>
			<report>
				<misses>255700001</misses>
				<total>9</total>
				<timestamp>2527.054861</timestamp>
			</report>
			<report>
				<misses>255800001</misses>
				<total>9</total>
				<timestamp>2528.046291</timestamp>
			</report>
			<report>
				<misses>255900001</misses>
				<total>9</total>
				<timestamp>2529.037071</timestamp>
			</report>
			<report>
				<misses>256000001</misses>
				<total>9</total>
				<timestamp>2530.027580</timestamp>
			</report>
			<report>
				<misses>256100001</misses>
				<total>9</total>
				<timestamp>2531.018231</timestamp>
			</report>
			<report>
				<misses>256200001</misses>
				<total>9</total>
				<timestamp>2532.010029</timestamp>
			</report>
			<report>
				<misses>256300001</misses>
				<total>9</total>
				<timestamp>2533.000789</timestamp>
			</report>
			<report>
				<misses>256400001</misses>
				<total>9</total>
				<timestamp>2533.991565</timestamp>
			</report>
			<report>
				<misses>256500001</misses>
				<total>9</total>
				<timestamp>2534.982094</timestamp>
			</report>
			<report>
				<misses>256600001</misses>
				<total>9</total>
				<timestamp>2535.973509</timestamp>
			</report>
			<report>
				<misses>256700001</misses>
				<total>9</total>
				<timestamp>2536.964534</timestamp>
			</report>
			<report>
				<misses>256800001</misses>
				<total>9</total>
				<timestamp>2537.954928</timestamp>
			</report>
			<report>
				<misses>256900001</misses>
				<total>9</total>
				<timestamp>2538.945962</timestamp>
			</report>
			<report>
				<misses>257000001</misses>
				<total>9</total>
				<timestamp>2539.936741</timestamp>
			</report>
			<report>
				<misses>257100001</misses>
				<total>9</total>
				<timestamp>2540.927514</timestamp>
			</report>
			<report>
				<misses>257200001</misses>
				<total>9</total>
				<timestamp>2541.918414</timestamp>
			</report>
			<report>
				<misses>257300001</misses>
				<total>9</total>
				<timestamp>2542.908668</timestamp>
			</report>
			<report>
				<misses>257400001</misses>
				<total>9</total>
				<timestamp>2543.899446</timestamp>
			</report>
			<report>
				<misses>257500001</misses>
				<total>9</total>
				<timestamp>2544.890724</timestamp>
			</report>
			<report>
				<misses>257600001</misses>
				<total>9</total>
				<timestamp>2545.882005</timestamp>
			</report>
			<report>
				<misses>257700001</misses>
				<total>9</total>
				<timestamp>2546.873305</timestamp>
			</report>
			<report>
				<misses>257800001</misses>
				<total>9</total>
				<timestamp>2547.864463</timestamp>
			</report>
			<report>
				<misses>257900001</misses>
				<total>9</total>
				<timestamp>2548.854851</timestamp>
			</report>
			<report>
				<misses>258000001</misses>
				<total>9</total>
				<timestamp>2549.846262</timestamp>
			</report>
			<report>
				<misses>258100001</misses>
				<total>9</total>
				<timestamp>2550.837819</timestamp>
			</report>
			<report>
				<misses>258200001</misses>
				<total>9</total>
				<timestamp>2551.829490</timestamp>
			</report>
			<report>
				<misses>258300001</misses>
				<total>9</total>
				<timestamp>2552.821300</timestamp>
			</report>
			<report>
				<misses>258400001</misses>
				<total>9</total>
				<timestamp>2553.811158</timestamp>
			</report>
			<report>
				<misses>258500001</misses>
				<total>9</total>
				<timestamp>2554.801571</timestamp>
			</report>
			<report>
				<misses>258600001</misses>
				<total>9</total>
				<timestamp>2555.792337</timestamp>
			</report>
			<report>
				<misses>258700001</misses>
				<total>9</total>
				<timestamp>2556.782975</timestamp>
			</report>
			<report>
				<misses>258800001</misses>
				<total>9</total>
				<timestamp>2557.774137</timestamp>
			</report>
			<report>
				<misses>258900001</misses>
				<total>9</total>
				<timestamp>2558.765040</timestamp>
			</report>
			<report>
				<misses>259000001</misses>
				<total>9</total>
				<timestamp>2559.756582</timestamp>
			</report>
			<report>
				<misses>259100001</misses>
				<total>9</total>
				<timestamp>2560.747116</timestamp>
			</report>
			<report>
				<misses>259200001</misses>
				<total>9</total>
				<timestamp>2561.738136</timestamp>
			</report>
			<report>
				<misses>259300001</misses>
				<total>9</total>
				<timestamp>2562.729293</timestamp>
			</report>
			<report>
				<misses>259400001</misses>
				<total>9</total>
				<timestamp>2563.720599</timestamp>
			</report>
			<report>
				<misses>259500001</misses>
				<total>9</total>
				<timestamp>2564.711483</timestamp>
			</report>
			<report>
				<misses>259600001</misses>
				<total>9</total>
				<timestamp>2565.702517</timestamp>
			</report>
			<report>
				<misses>259700001</misses>
				<total>9</total>
				<timestamp>2566.693948</timestamp>
			</report>
			<report>
				<misses>259800001</misses>
				<total>9</total>
				<timestamp>2567.684203</timestamp>
			</report>
			<report>
				<misses>259900001</misses>
				<total>9</total>
				<timestamp>2568.674708</timestamp>
			</report>
			<report>
				<misses>260000001</misses>
				<total>9</total>
				<timestamp>2569.666266</timestamp>
			</report>
			<report>
				<misses>260100001</misses>
				<total>9</total>
				<timestamp>2570.657540</timestamp>
			</report>
			<report>
				<misses>260200001</misses>
				<total>9</total>
				<timestamp>2571.649481</timestamp>
			</report>
			<report>
				<misses>260300001</misses>
				<total>9</total>
				<timestamp>2572.640379</timestamp>
			</report>
			<report>
				<misses>260400001</misses>
				<total>9</total>
				<timestamp>2573.630766</timestamp>
			</report>
			<report>
				<misses>260500001</misses>
				<total>9</total>
				<timestamp>2574.621810</timestamp>
			</report>
			<report>
				<misses>260600001</misses>
				<total>9</total>
				<timestamp>2575.612584</timestamp>
			</report>
			<report>
				<misses>260700001</misses>
				<total>9</total>
				<timestamp>2576.604394</timestamp>
			</report>
			<report>
				<misses>260800001</misses>
				<total>9</total>
				<timestamp>2577.595167</timestamp>
			</report>
			<report>
				<misses>260900001</misses>
				<total>9</total>
				<timestamp>2578.585550</timestamp>
			</report>
			<report>
				<misses>261000001</misses>
				<total>9</total>
				<timestamp>2579.575942</timestamp>
			</report>
			<report>
				<misses>261100001</misses>
				<total>9</total>
				<timestamp>2580.566195</timestamp>
			</report>
			<report>
				<misses>261200001</misses>
				<total>9</total>
				<timestamp>2581.557864</timestamp>
			</report>
			<report>
				<misses>261300001</misses>
				<total>9</total>
				<timestamp>2582.548649</timestamp>
			</report>
			<report>
				<misses>261400001</misses>
				<total>9</total>
				<timestamp>2583.539935</timestamp>
			</report>
			<report>
				<misses>261500001</misses>
				<total>9</total>
				<timestamp>2584.531859</timestamp>
			</report>
			<report>
				<misses>261600001</misses>
				<total>9</total>
				<timestamp>2585.523271</timestamp>
			</report>
			<report>
				<misses>261700001</misses>
				<total>9</total>
				<timestamp>2586.513797</timestamp>
			</report>
			<report>
				<misses>261800001</misses>
				<total>9</total>
				<timestamp>2587.504193</timestamp>
			</report>
			<report>
				<misses>261900001</misses>
				<total>9</total>
				<timestamp>2588.494950</timestamp>
			</report>
			<report>
				<misses>262000001</misses>
				<total>9</total>
				<timestamp>2589.486372</timestamp>
			</report>
			<report>
				<misses>262100001</misses>
				<total>9</total>
				<timestamp>2590.477034</timestamp>
			</report>
			<report>
				<misses>262200001</misses>
				<total>9</total>
				<timestamp>2591.469085</timestamp>
			</report>
			<report>
				<misses>262300001</misses>
				<total>9</total>
				<timestamp>2592.460120</timestamp>
			</report>
			<report>
				<misses>262400001</misses>
				<total>9</total>
				<timestamp>2593.452170</timestamp>
			</report>
			<report>
				<misses>262500001</misses>
				<total>9</total>
				<timestamp>2594.443730</timestamp>
			</report>
			<report>
				<misses>262600001</misses>
				<total>9</total>
				<timestamp>2595.434768</timestamp>
			</report>
			<report>
				<misses>262700001</misses>
				<total>9</total>
				<timestamp>2596.426199</timestamp>
			</report>
			<report>
				<misses>262800001</misses>
				<total>9</total>
				<timestamp>2597.417472</timestamp>
			</report>
			<report>
				<misses>262900001</misses>
				<total>9</total>
				<timestamp>2598.408491</timestamp>
			</report>
			<report>
				<misses>263000001</misses>
				<total>9</total>
				<timestamp>2599.400166</timestamp>
			</report>
			<report>
				<misses>263100001</misses>
				<total>9</total>
				<timestamp>2600.391205</timestamp>
			</report>
			<report>
				<misses>263200001</misses>
				<total>9</total>
				<timestamp>2601.382885</timestamp>
			</report>
			<report>
				<misses>263300001</misses>
				<total>9</total>
				<timestamp>2602.373524</timestamp>
			</report>
			<report>
				<misses>263400001</misses>
				<total>9</total>
				<timestamp>2603.365091</timestamp>
			</report>
			<report>
				<misses>263500001</misses>
				<total>9</total>
				<timestamp>2604.356108</timestamp>
			</report>
			<report>
				<misses>263600001</misses>
				<total>9</total>
				<timestamp>2605.346880</timestamp>
			</report>
			<report>
				<misses>263700001</misses>
				<total>9</total>
				<timestamp>2606.338170</timestamp>
			</report>
			<report>
				<misses>263800001</misses>
				<total>9</total>
				<timestamp>2607.329195</timestamp>
			</report>
			<report>
				<misses>263900001</misses>
				<total>9</total>
				<timestamp>2608.320614</timestamp>
			</report>
			<report>
				<misses>264000001</misses>
				<total>9</total>
				<timestamp>2609.311263</timestamp>
			</report>
			<report>
				<misses>264100001</misses>
				<total>9</total>
				<timestamp>2610.302425</timestamp>
			</report>
			<report>
				<misses>264200001</misses>
				<total>9</total>
				<timestamp>2611.293988</timestamp>
			</report>
			<report>
				<misses>264300001</misses>
				<total>9</total>
				<timestamp>2612.285271</timestamp>
			</report>
			<report>
				<misses>264400001</misses>
				<total>9</total>
				<timestamp>2613.277076</timestamp>
			</report>
			<report>
				<misses>264500001</misses>
				<total>9</total>
				<timestamp>2614.267072</timestamp>
			</report>
			<report>
				<misses>264600001</misses>
				<total>9</total>
				<timestamp>2615.258237</timestamp>
			</report>
			<report>
				<misses>264700001</misses>
				<total>9</total>
				<timestamp>2616.249530</timestamp>
			</report>
			<report>
				<misses>264800001</misses>
				<total>9</total>
				<timestamp>2617.240290</timestamp>
			</report>
			<report>
				<misses>264900001</misses>
				<total>9</total>
				<timestamp>2618.230815</timestamp>
			</report>
			<report>
				<misses>265000001</misses>
				<total>9</total>
				<timestamp>2619.221468</timestamp>
			</report>
			<report>
				<misses>265100001</misses>
				<total>9</total>
				<timestamp>2620.212884</timestamp>
			</report>
			<report>
				<misses>265200001</misses>
				<total>9</total>
				<timestamp>2621.203787</timestamp>
			</report>
			<report>
				<misses>265300001</misses>
				<total>9</total>
				<timestamp>2622.195324</timestamp>
			</report>
			<report>
				<misses>265400001</misses>
				<total>9</total>
				<timestamp>2623.186491</timestamp>
			</report>
			<report>
				<misses>265500001</misses>
				<total>9</total>
				<timestamp>2624.178173</timestamp>
			</report>
			<report>
				<misses>265600001</misses>
				<total>9</total>
				<timestamp>2625.168821</timestamp>
			</report>
			<report>
				<misses>265700001</misses>
				<total>9</total>
				<timestamp>2626.160366</timestamp>
			</report>
			<report>
				<misses>265800001</misses>
				<total>9</total>
				<timestamp>2627.151662</timestamp>
			</report>
			<report>
				<misses>265900001</misses>
				<total>9</total>
				<timestamp>2628.142422</timestamp>
			</report>
			<report>
				<misses>266000001</misses>
				<total>9</total>
				<timestamp>2629.133840</timestamp>
			</report>
			<report>
				<misses>266100001</misses>
				<total>9</total>
				<timestamp>2630.124732</timestamp>
			</report>
			<report>
				<misses>266200001</misses>
				<total>9</total>
				<timestamp>2631.116553</timestamp>
			</report>
			<report>
				<misses>266300001</misses>
				<total>9</total>
				<timestamp>2632.107308</timestamp>
			</report>
			<report>
				<misses>266400001</misses>
				<total>9</total>
				<timestamp>2633.097851</timestamp>
			</report>
			<report>
				<misses>266500001</misses>
				<total>9</total>
				<timestamp>2634.089270</timestamp>
			</report>
			<report>
				<misses>266600001</misses>
				<total>9</total>
				<timestamp>2635.080290</timestamp>
			</report>
			<report>
				<misses>266700001</misses>
				<total>9</total>
				<timestamp>2636.071206</timestamp>
			</report>
			<report>
				<misses>266800001</misses>
				<total>9</total>
				<timestamp>2637.061970</timestamp>
			</report>
			<report>
				<misses>266900001</misses>
				<total>9</total>
				<timestamp>2638.053511</timestamp>
			</report>
			<report>
				<misses>267000001</misses>
				<total>9</total>
				<timestamp>2639.044042</timestamp>
			</report>
			<report>
				<misses>267100001</misses>
				<total>9</total>
				<timestamp>2640.034676</timestamp>
			</report>
			<report>
				<misses>267200001</misses>
				<total>9</total>
				<timestamp>2641.026751</timestamp>
			</report>
			<report>
				<misses>267300001</misses>
				<total>9</total>
				<timestamp>2642.018157</timestamp>
			</report>
			<report>
				<misses>267400001</misses>
				<total>9</total>
				<timestamp>2643.008155</timestamp>
			</report>
			<report>
				<misses>267500001</misses>
				<total>9</total>
				<timestamp>2643.999591</timestamp>
			</report>
			<report>
				<misses>267600001</misses>
				<total>9</total>
				<timestamp>2644.990504</timestamp>
			</report>
			<report>
				<misses>267700001</misses>
				<total>9</total>
				<timestamp>2645.982038</timestamp>
			</report>
			<report>
				<misses>267800001</misses>
				<total>9</total>
				<timestamp>2646.971894</timestamp>
			</report>
			<report>
				<misses>267900001</misses>
				<total>9</total>
				<timestamp>2647.962943</timestamp>
			</report>
			<report>
				<misses>268000001</misses>
				<total>9</total>
				<timestamp>2648.953590</timestamp>
			</report>
			<report>
				<misses>268100001</misses>
				<total>9</total>
				<timestamp>2649.945254</timestamp>
			</report>
			<report>
				<misses>268200001</misses>
				<total>9</total>
				<timestamp>2650.936150</timestamp>
			</report>
			<report>
				<misses>268300001</misses>
				<total>9</total>
				<timestamp>2651.927065</timestamp>
			</report>
			<report>
				<misses>268400001</misses>
				<total>9</total>
				<timestamp>2652.917719</timestamp>
			</report>
			<report>
				<misses>268500001</misses>
				<total>9</total>
				<timestamp>2653.908097</timestamp>
			</report>
			<report>
				<misses>268600001</misses>
				<total>9</total>
				<timestamp>2654.899910</timestamp>
			</report>
			<report>
				<misses>268700001</misses>
				<total>9</total>
				<timestamp>2655.890670</timestamp>
			</report>
			<report>
				<misses>268800001</misses>
				<total>9</total>
				<timestamp>2656.882216</timestamp>
			</report>
			<report>
				<misses>268900001</misses>
				<total>9</total>
				<timestamp>2657.872210</timestamp>
			</report>
			<report>
				<misses>269000001</misses>
				<total>9</total>
				<timestamp>2658.865054</timestamp>
			</report>
			<report>
				<misses>269100001</misses>
				<total>9</total>
				<timestamp>2659.855963</timestamp>
			</report>
			<report>
				<misses>269200001</misses>
				<total>9</total>
				<timestamp>2660.847246</timestamp>
			</report>
			<report>
				<misses>269300001</misses>
				<total>9</total>
				<timestamp>2661.838139</timestamp>
			</report>
			<report>
				<misses>269400001</misses>
				<total>9</total>
				<timestamp>2662.829839</timestamp>
			</report>
			<report>
				<misses>269500001</misses>
				<total>9</total>
				<timestamp>2663.820996</timestamp>
			</report>
			<report>
				<misses>269600001</misses>
				<total>9</total>
				<timestamp>2664.812016</timestamp>
			</report>
			<report>
				<misses>269700001</misses>
				<total>9</total>
				<timestamp>2665.801516</timestamp>
			</report>
			<report>
				<misses>269800001</misses>
				<total>9</total>
				<timestamp>2666.792780</timestamp>
			</report>
			<report>
				<misses>269900001</misses>
				<total>9</total>
				<timestamp>2667.783553</timestamp>
			</report>
			<report>
				<misses>270000001</misses>
				<total>9</total>
				<timestamp>2668.773707</timestamp>
			</report>
			<report>
				<misses>270100001</misses>
				<total>9</total>
				<timestamp>2669.764991</timestamp>
			</report>
			<report>
				<misses>270200001</misses>
				<total>9</total>
				<timestamp>2670.756023</timestamp>
			</report>
			<report>
				<misses>270300001</misses>
				<total>9</total>
				<timestamp>2671.747189</timestamp>
			</report>
			<report>
				<misses>270400001</misses>
				<total>9</total>
				<timestamp>2672.738208</timestamp>
			</report>
			<report>
				<misses>270500001</misses>
				<total>9</total>
				<timestamp>2673.729631</timestamp>
			</report>
			<report>
				<misses>270600001</misses>
				<total>9</total>
				<timestamp>2674.720798</timestamp>
			</report>
			<report>
				<misses>270700001</misses>
				<total>9</total>
				<timestamp>2675.711424</timestamp>
			</report>
			<report>
				<misses>270800001</misses>
				<total>9</total>
				<timestamp>2676.702733</timestamp>
			</report>
			<report>
				<misses>270900001</misses>
				<total>9</total>
				<timestamp>2677.693895</timestamp>
			</report>
			<report>
				<misses>271000001</misses>
				<total>9</total>
				<timestamp>2678.685416</timestamp>
			</report>
			<report>
				<misses>271100001</misses>
				<total>9</total>
				<timestamp>2679.676859</timestamp>
			</report>
			<report>
				<misses>271200001</misses>
				<total>9</total>
				<timestamp>2680.668658</timestamp>
			</report>
			<report>
				<misses>271300001</misses>
				<total>9</total>
				<timestamp>2681.660474</timestamp>
			</report>
			<report>
				<misses>271400001</misses>
				<total>9</total>
				<timestamp>2682.651491</timestamp>
			</report>
			<report>
				<misses>271500001</misses>
				<total>9</total>
				<timestamp>2683.642777</timestamp>
			</report>
			<report>
				<misses>271600001</misses>
				<total>9</total>
				<timestamp>2684.633301</timestamp>
			</report>
			<report>
				<misses>271700001</misses>
				<total>9</total>
				<timestamp>2685.624079</timestamp>
			</report>
			<report>
				<misses>271800001</misses>
				<total>9</total>
				<timestamp>2686.615226</timestamp>
			</report>
			<report>
				<misses>271900001</misses>
				<total>9</total>
				<timestamp>2687.606140</timestamp>
			</report>
			<report>
				<misses>272000001</misses>
				<total>9</total>
				<timestamp>2688.597674</timestamp>
			</report>
			<report>
				<misses>272100001</misses>
				<total>9</total>
				<timestamp>2689.589222</timestamp>
			</report>
			<report>
				<misses>272200001</misses>
				<total>9</total>
				<timestamp>2690.580523</timestamp>
			</report>
			<report>
				<misses>272300001</misses>
				<total>9</total>
				<timestamp>2691.571807</timestamp>
			</report>
			<report>
				<misses>272400001</misses>
				<total>9</total>
				<timestamp>2692.562069</timestamp>
			</report>
			<report>
				<misses>272500001</misses>
				<total>9</total>
				<timestamp>2693.552588</timestamp>
			</report>
			<report>
				<misses>272600001</misses>
				<total>9</total>
				<timestamp>2694.543993</timestamp>
			</report>
			<report>
				<misses>272700001</misses>
				<total>9</total>
				<timestamp>2695.534642</timestamp>
			</report>
			<report>
				<misses>272800001</misses>
				<total>9</total>
				<timestamp>2696.525045</timestamp>
			</report>
			<report>
				<misses>272900001</misses>
				<total>9</total>
				<timestamp>2697.516073</timestamp>
			</report>
			<report>
				<misses>273000001</misses>
				<total>9</total>
				<timestamp>2698.507488</timestamp>
			</report>
			<report>
				<misses>273100001</misses>
				<total>9</total>
				<timestamp>2699.498523</timestamp>
			</report>
			<report>
				<misses>273200001</misses>
				<total>9</total>
				<timestamp>2700.489805</timestamp>
			</report>
			<report>
				<misses>273300001</misses>
				<total>9</total>
				<timestamp>2701.480583</timestamp>
			</report>
			<report>
				<misses>273400001</misses>
				<total>9</total>
				<timestamp>2702.471597</timestamp>
			</report>
			<report>
				<misses>273500001</misses>
				<total>9</total>
				<timestamp>2703.462497</timestamp>
			</report>
			<report>
				<misses>273600001</misses>
				<total>9</total>
				<timestamp>2704.453023</timestamp>
			</report>
			<report>
				<misses>273700001</misses>
				<total>9</total>
				<timestamp>2705.444572</timestamp>
			</report>
			<report>
				<misses>273800001</misses>
				<total>9</total>
				<timestamp>2706.435854</timestamp>
			</report>
			<report>
				<misses>273900001</misses>
				<total>9</total>
				<timestamp>2707.427160</timestamp>
			</report>
			<report>
				<misses>274000001</misses>
				<total>9</total>
				<timestamp>2708.417027</timestamp>
			</report>
			<report>
				<misses>274100001</misses>
				<total>9</total>
				<timestamp>2709.408438</timestamp>
			</report>
			<report>
				<misses>274200001</misses>
				<total>9</total>
				<timestamp>2710.399871</timestamp>
			</report>
			<report>
				<misses>274300001</misses>
				<total>9</total>
				<timestamp>2711.391293</timestamp>
			</report>
			<report>
				<misses>274400001</misses>
				<total>9</total>
				<timestamp>2712.381790</timestamp>
			</report>
			<report>
				<misses>274500001</misses>
				<total>9</total>
				<timestamp>2713.371918</timestamp>
			</report>
			<report>
				<misses>274600001</misses>
				<total>9</total>
				<timestamp>2714.363337</timestamp>
			</report>
			<report>
				<misses>274700001</misses>
				<total>9</total>
				<timestamp>2715.354238</timestamp>
			</report>
			<report>
				<misses>274800001</misses>
				<total>9</total>
				<timestamp>2716.345273</timestamp>
			</report>
			<report>
				<misses>274900001</misses>
				<total>9</total>
				<timestamp>2717.335789</timestamp>
			</report>
			<report>
				<misses>275000001</misses>
				<total>9</total>
				<timestamp>2718.326449</timestamp>
			</report>
			<report>
				<misses>275100001</misses>
				<total>9</total>
				<timestamp>2719.316968</timestamp>
			</report>
			<report>
				<misses>275200001</misses>
				<total>9</total>
				<timestamp>2720.307600</timestamp>
			</report>
			<report>
				<misses>275300001</misses>
				<total>9</total>
				<timestamp>2721.298904</timestamp>
			</report>
			<report>
				<misses>275400001</misses>
				<total>9</total>
				<timestamp>2722.289941</timestamp>
			</report>
			<report>
				<misses>275500001</misses>
				<total>9</total>
				<timestamp>2723.281745</timestamp>
			</report>
			<report>
				<misses>275600001</misses>
				<total>9</total>
				<timestamp>2724.272766</timestamp>
			</report>
			<report>
				<misses>275700001</misses>
				<total>9</total>
				<timestamp>2725.263936</timestamp>
			</report>
			<report>
				<misses>275800001</misses>
				<total>9</total>
				<timestamp>2726.254050</timestamp>
			</report>
			<report>
				<misses>275900001</misses>
				<total>9</total>
				<timestamp>2727.244836</timestamp>
			</report>
			<report>
				<misses>276000001</misses>
				<total>9</total>
				<timestamp>2728.236884</timestamp>
			</report>
			<report>
				<misses>276100001</misses>
				<total>9</total>
				<timestamp>2729.227914</timestamp>
			</report>
			<report>
				<misses>276200001</misses>
				<total>9</total>
				<timestamp>2730.219074</timestamp>
			</report>
			<report>
				<misses>276300001</misses>
				<total>9</total>
				<timestamp>2731.209985</timestamp>
			</report>
			<report>
				<misses>276400001</misses>
				<total>9</total>
				<timestamp>2732.201914</timestamp>
			</report>
			<report>
				<misses>276500001</misses>
				<total>9</total>
				<timestamp>2733.192809</timestamp>
			</report>
			<report>
				<misses>276600001</misses>
				<total>9</total>
				<timestamp>2734.183207</timestamp>
			</report>
			<report>
				<misses>276700001</misses>
				<total>9</total>
				<timestamp>2735.173731</timestamp>
			</report>
			<report>
				<misses>276800001</misses>
				<total>9</total>
				<timestamp>2736.164506</timestamp>
			</report>
			<report>
				<misses>276900001</misses>
				<total>9</total>
				<timestamp>2737.156044</timestamp>
			</report>
			<report>
				<misses>277000001</misses>
				<total>9</total>
				<timestamp>2738.146558</timestamp>
			</report>
			<report>
				<misses>277100001</misses>
				<total>9</total>
				<timestamp>2739.137199</timestamp>
			</report>
			<report>
				<misses>277200001</misses>
				<total>9</total>
				<timestamp>2740.127602</timestamp>
			</report>
			<report>
				<misses>277300001</misses>
				<total>9</total>
				<timestamp>2741.118236</timestamp>
			</report>
			<report>
				<misses>277400001</misses>
				<total>9</total>
				<timestamp>2742.108380</timestamp>
			</report>
			<report>
				<misses>277500001</misses>
				<total>9</total>
				<timestamp>2743.098867</timestamp>
			</report>
			<report>
				<misses>277600001</misses>
				<total>9</total>
				<timestamp>2744.090037</timestamp>
			</report>
			<report>
				<misses>277700001</misses>
				<total>9</total>
				<timestamp>2745.081205</timestamp>
			</report>
			<report>
				<misses>277800001</misses>
				<total>9</total>
				<timestamp>2746.071320</timestamp>
			</report>
			<report>
				<misses>277900001</misses>
				<total>9</total>
				<timestamp>2747.061323</timestamp>
			</report>
			<report>
				<misses>278000001</misses>
				<total>9</total>
				<timestamp>2748.052364</timestamp>
			</report>
			<report>
				<misses>278100001</misses>
				<total>9</total>
				<timestamp>2749.043008</timestamp>
			</report>
			<report>
				<misses>278200001</misses>
				<total>9</total>
				<timestamp>2750.033520</timestamp>
			</report>
			<report>
				<misses>278300001</misses>
				<total>9</total>
				<timestamp>2751.024156</timestamp>
			</report>
			<report>
				<misses>278400001</misses>
				<total>9</total>
				<timestamp>2752.014683</timestamp>
			</report>
			<report>
				<misses>278500001</misses>
				<total>9</total>
				<timestamp>2753.005066</timestamp>
			</report>
			<report>
				<misses>278600001</misses>
				<total>9</total>
				<timestamp>2753.996218</timestamp>
			</report>
			<report>
				<misses>278700001</misses>
				<total>9</total>
				<timestamp>2754.986880</timestamp>
			</report>
			<report>
				<misses>278800001</misses>
				<total>9</total>
				<timestamp>2755.977639</timestamp>
			</report>
			<report>
				<misses>278900001</misses>
				<total>9</total>
				<timestamp>2756.968174</timestamp>
			</report>
			<report>
				<misses>279000001</misses>
				<total>9</total>
				<timestamp>2757.959068</timestamp>
			</report>
			<report>
				<misses>279100001</misses>
				<total>9</total>
				<timestamp>2758.949957</timestamp>
			</report>
			<report>
				<misses>279200001</misses>
				<total>9</total>
				<timestamp>2759.940357</timestamp>
			</report>
			<report>
				<misses>279300001</misses>
				<total>9</total>
				<timestamp>2760.931776</timestamp>
			</report>
			<report>
				<misses>279400001</misses>
				<total>9</total>
				<timestamp>2761.922542</timestamp>
			</report>
			<report>
				<misses>279500001</misses>
				<total>9</total>
				<timestamp>2762.914223</timestamp>
			</report>
			<report>
				<misses>279600001</misses>
				<total>9</total>
				<timestamp>2763.904991</timestamp>
			</report>
			<report>
				<misses>279700001</misses>
				<total>9</total>
				<timestamp>2764.896040</timestamp>
			</report>
			<report>
				<misses>279800001</misses>
				<total>9</total>
				<timestamp>2765.886939</timestamp>
			</report>
			<report>
				<misses>279900001</misses>
				<total>9</total>
				<timestamp>2766.877719</timestamp>
			</report>
			<report>
				<misses>280000001</misses>
				<total>9</total>
				<timestamp>2767.868625</timestamp>
			</report>
			<report>
				<misses>280100001</misses>
				<total>9</total>
				<timestamp>2768.860144</timestamp>
			</report>
			<report>
				<misses>280200001</misses>
				<total>9</total>
				<timestamp>2769.850401</timestamp>
			</report>
			<report>
				<misses>280300001</misses>
				<total>9</total>
				<timestamp>2770.841204</timestamp>
			</report>
			<report>
				<misses>280400001</misses>
				<total>9</total>
				<timestamp>2771.832624</timestamp>
			</report>
			<report>
				<misses>280500001</misses>
				<total>9</total>
				<timestamp>2772.822770</timestamp>
			</report>
			<report>
				<misses>280600001</misses>
				<total>9</total>
				<timestamp>2773.813915</timestamp>
			</report>
			<report>
				<misses>280700001</misses>
				<total>9</total>
				<timestamp>2774.804684</timestamp>
			</report>
			<report>
				<misses>280800001</misses>
				<total>9</total>
				<timestamp>2775.794957</timestamp>
			</report>
			<report>
				<misses>280900001</misses>
				<total>9</total>
				<timestamp>2776.784686</timestamp>
			</report>
			<report>
				<misses>281000001</misses>
				<total>9</total>
				<timestamp>2777.775065</timestamp>
			</report>
			<report>
				<misses>281100001</misses>
				<total>9</total>
				<timestamp>2778.765605</timestamp>
			</report>
			<report>
				<misses>281200001</misses>
				<total>9</total>
				<timestamp>2779.756356</timestamp>
			</report>
			<report>
				<misses>281300001</misses>
				<total>9</total>
				<timestamp>2780.747405</timestamp>
			</report>
			<report>
				<misses>281400001</misses>
				<total>9</total>
				<timestamp>2781.738416</timestamp>
			</report>
			<report>
				<misses>281500001</misses>
				<total>9</total>
				<timestamp>2782.728430</timestamp>
			</report>
			<report>
				<misses>281600001</misses>
				<total>9</total>
				<timestamp>2783.718829</timestamp>
			</report>
			<report>
				<misses>281700001</misses>
				<total>9</total>
				<timestamp>2784.709833</timestamp>
			</report>
			<report>
				<misses>281800001</misses>
				<total>9</total>
				<timestamp>2785.699971</timestamp>
			</report>
			<report>
				<misses>281900001</misses>
				<total>9</total>
				<timestamp>2786.691521</timestamp>
			</report>
			<report>
				<misses>282000001</misses>
				<total>9</total>
				<timestamp>2787.682176</timestamp>
			</report>
			<report>
				<misses>282100001</misses>
				<total>9</total>
				<timestamp>2788.672697</timestamp>
			</report>
			<report>
				<misses>282200001</misses>
				<total>9</total>
				<timestamp>2789.663326</timestamp>
			</report>
			<report>
				<misses>282300001</misses>
				<total>9</total>
				<timestamp>2790.654485</timestamp>
			</report>
			<report>
				<misses>282400001</misses>
				<total>9</total>
				<timestamp>2791.645140</timestamp>
			</report>
			<report>
				<misses>282500001</misses>
				<total>9</total>
				<timestamp>2792.636435</timestamp>
			</report>
			<report>
				<misses>282600001</misses>
				<total>9</total>
				<timestamp>2793.626950</timestamp>
			</report>
			<report>
				<misses>282700001</misses>
				<total>9</total>
				<timestamp>2794.617722</timestamp>
			</report>
			<report>
				<misses>282800001</misses>
				<total>9</total>
				<timestamp>2795.608868</timestamp>
			</report>
			<report>
				<misses>282900001</misses>
				<total>9</total>
				<timestamp>2796.600033</timestamp>
			</report>
			<report>
				<misses>283000001</misses>
				<total>9</total>
				<timestamp>2797.590947</timestamp>
			</report>
			<report>
				<misses>283100001</misses>
				<total>9</total>
				<timestamp>2798.581071</timestamp>
			</report>
			<report>
				<misses>283200001</misses>
				<total>9</total>
				<timestamp>2799.571459</timestamp>
			</report>
			<report>
				<misses>283300001</misses>
				<total>9</total>
				<timestamp>2800.562228</timestamp>
			</report>
			<report>
				<misses>283400001</misses>
				<total>9</total>
				<timestamp>2801.553380</timestamp>
			</report>
			<report>
				<misses>283500001</misses>
				<total>9</total>
				<timestamp>2802.544427</timestamp>
			</report>
			<report>
				<misses>283600001</misses>
				<total>9</total>
				<timestamp>2803.535189</timestamp>
			</report>
			<report>
				<misses>283700001</misses>
				<total>9</total>
				<timestamp>2804.525980</timestamp>
			</report>
			<report>
				<misses>283800001</misses>
				<total>9</total>
				<timestamp>2805.516489</timestamp>
			</report>
			<report>
				<misses>283900001</misses>
				<total>9</total>
				<timestamp>2806.506993</timestamp>
			</report>
			<report>
				<misses>284000001</misses>
				<total>9</total>
				<timestamp>2807.498796</timestamp>
			</report>
			<report>
				<misses>284100001</misses>
				<total>9</total>
				<timestamp>2808.489444</timestamp>
			</report>
			<report>
				<misses>284200001</misses>
				<total>9</total>
				<timestamp>2809.480100</timestamp>
			</report>
			<report>
				<misses>284300001</misses>
				<total>9</total>
				<timestamp>2810.470866</timestamp>
			</report>
			<report>
				<misses>284400001</misses>
				<total>9</total>
				<timestamp>2811.462410</timestamp>
			</report>
			<report>
				<misses>284500001</misses>
				<total>9</total>
				<timestamp>2812.452420</timestamp>
			</report>
			<report>
				<misses>284600001</misses>
				<total>9</total>
				<timestamp>2813.443317</timestamp>
			</report>
			<report>
				<misses>284700001</misses>
				<total>9</total>
				<timestamp>2814.433568</timestamp>
			</report>
			<report>
				<misses>284800001</misses>
				<total>9</total>
				<timestamp>2815.425114</timestamp>
			</report>
			<report>
				<misses>284900001</misses>
				<total>9</total>
				<timestamp>2816.416279</timestamp>
			</report>
			<report>
				<misses>285000001</misses>
				<total>9</total>
				<timestamp>2817.407581</timestamp>
			</report>
			<report>
				<misses>285100001</misses>
				<total>9</total>
				<timestamp>2818.399241</timestamp>
			</report>
			<report>
				<misses>285200001</misses>
				<total>9</total>
				<timestamp>2819.390544</timestamp>
			</report>
			<report>
				<misses>285300001</misses>
				<total>9</total>
				<timestamp>2820.381316</timestamp>
			</report>
			<report>
				<misses>285400001</misses>
				<total>9</total>
				<timestamp>2821.372097</timestamp>
			</report>
			<report>
				<misses>285500001</misses>
				<total>9</total>
				<timestamp>2822.362986</timestamp>
			</report>
			<report>
				<misses>285600001</misses>
				<total>9</total>
				<timestamp>2823.354018</timestamp>
			</report>
			<report>
				<misses>285700001</misses>
				<total>9</total>
				<timestamp>2824.345568</timestamp>
			</report>
			<report>
				<misses>285800001</misses>
				<total>9</total>
				<timestamp>2825.336478</timestamp>
			</report>
			<report>
				<misses>285900001</misses>
				<total>9</total>
				<timestamp>2826.326992</timestamp>
			</report>
			<report>
				<misses>286000001</misses>
				<total>9</total>
				<timestamp>2827.318395</timestamp>
			</report>
			<report>
				<misses>286100001</misses>
				<total>9</total>
				<timestamp>2828.309965</timestamp>
			</report>
			<report>
				<misses>286200001</misses>
				<total>9</total>
				<timestamp>2829.300216</timestamp>
			</report>
			<report>
				<misses>286300001</misses>
				<total>9</total>
				<timestamp>2830.290349</timestamp>
			</report>
			<report>
				<misses>286400001</misses>
				<total>9</total>
				<timestamp>2831.281634</timestamp>
			</report>
			<report>
				<misses>286500001</misses>
				<total>9</total>
				<timestamp>2832.272916</timestamp>
			</report>
			<report>
				<misses>286600001</misses>
				<total>9</total>
				<timestamp>2833.263824</timestamp>
			</report>
			<report>
				<misses>286700001</misses>
				<total>9</total>
				<timestamp>2834.254897</timestamp>
			</report>
			<report>
				<misses>286800001</misses>
				<total>9</total>
				<timestamp>2835.246598</timestamp>
			</report>
			<report>
				<misses>286900001</misses>
				<total>9</total>
				<timestamp>2836.238432</timestamp>
			</report>
			<report>
				<misses>287000001</misses>
				<total>9</total>
				<timestamp>2837.229333</timestamp>
			</report>
			<report>
				<misses>287100001</misses>
				<total>9</total>
				<timestamp>2838.220753</timestamp>
			</report>
			<report>
				<misses>287200001</misses>
				<total>9</total>
				<timestamp>2839.211527</timestamp>
			</report>
			<report>
				<misses>287300001</misses>
				<total>9</total>
				<timestamp>2840.202550</timestamp>
			</report>
			<report>
				<misses>287400001</misses>
				<total>9</total>
				<timestamp>2841.194661</timestamp>
			</report>
			<report>
				<misses>287500001</misses>
				<total>9</total>
				<timestamp>2842.186586</timestamp>
			</report>
			<report>
				<misses>287600001</misses>
				<total>9</total>
				<timestamp>2843.177810</timestamp>
			</report>
			<report>
				<misses>287700001</misses>
				<total>9</total>
				<timestamp>2844.168955</timestamp>
			</report>
			<report>
				<misses>287800001</misses>
				<total>9</total>
				<timestamp>2845.160906</timestamp>
			</report>
			<report>
				<misses>287900001</misses>
				<total>9</total>
				<timestamp>2846.151965</timestamp>
			</report>
			<report>
				<misses>288000001</misses>
				<total>9</total>
				<timestamp>2847.142896</timestamp>
			</report>
			<report>
				<misses>288100001</misses>
				<total>9</total>
				<timestamp>2848.134166</timestamp>
			</report>
			<report>
				<misses>288200001</misses>
				<total>9</total>
				<timestamp>2849.124942</timestamp>
			</report>
			<report>
				<misses>288300001</misses>
				<total>9</total>
				<timestamp>2850.116361</timestamp>
			</report>
			<report>
				<misses>288400001</misses>
				<total>9</total>
				<timestamp>2851.107128</timestamp>
			</report>
			<report>
				<misses>288500001</misses>
				<total>9</total>
				<timestamp>2852.098049</timestamp>
			</report>
			<report>
				<misses>288600001</misses>
				<total>9</total>
				<timestamp>2853.089240</timestamp>
			</report>
			<report>
				<misses>288700001</misses>
				<total>9</total>
				<timestamp>2854.079869</timestamp>
			</report>
			<report>
				<misses>288800001</misses>
				<total>9</total>
				<timestamp>2855.071057</timestamp>
			</report>
			<report>
				<misses>288900001</misses>
				<total>9</total>
				<timestamp>2856.061936</timestamp>
			</report>
			<report>
				<misses>289000001</misses>
				<total>9</total>
				<timestamp>2857.052739</timestamp>
			</report>
			<report>
				<misses>289100001</misses>
				<total>9</total>
				<timestamp>2858.044406</timestamp>
			</report>
			<report>
				<misses>289200001</misses>
				<total>9</total>
				<timestamp>2859.035334</timestamp>
			</report>
			<report>
				<misses>289300001</misses>
				<total>9</total>
				<timestamp>2860.027296</timestamp>
			</report>
			<report>
				<misses>289400001</misses>
				<total>9</total>
				<timestamp>2861.018322</timestamp>
			</report>
			<report>
				<misses>289500001</misses>
				<total>9</total>
				<timestamp>2862.009125</timestamp>
			</report>
			<report>
				<misses>289600001</misses>
				<total>9</total>
				<timestamp>2863.000579</timestamp>
			</report>
			<report>
				<misses>289700001</misses>
				<total>9</total>
				<timestamp>2863.991266</timestamp>
			</report>
			<report>
				<misses>289800001</misses>
				<total>9</total>
				<timestamp>2864.982080</timestamp>
			</report>
			<report>
				<misses>289900001</misses>
				<total>9</total>
				<timestamp>2865.973486</timestamp>
			</report>
			<report>
				<misses>290000001</misses>
				<total>9</total>
				<timestamp>2866.964393</timestamp>
			</report>
			<report>
				<misses>290100001</misses>
				<total>9</total>
				<timestamp>2867.956084</timestamp>
			</report>
			<report>
				<misses>290200001</misses>
				<total>9</total>
				<timestamp>2868.947401</timestamp>
			</report>
			<report>
				<misses>290300001</misses>
				<total>9</total>
				<timestamp>2869.938709</timestamp>
			</report>
			<report>
				<misses>290400001</misses>
				<total>9</total>
				<timestamp>2870.929243</timestamp>
			</report>
			<report>
				<misses>290500001</misses>
				<total>9</total>
				<timestamp>2871.920154</timestamp>
			</report>
			<report>
				<misses>290600001</misses>
				<total>9</total>
				<timestamp>2872.912088</timestamp>
			</report>
			<report>
				<misses>290700001</misses>
				<total>9</total>
				<timestamp>2873.902237</timestamp>
			</report>
			<report>
				<misses>290800001</misses>
				<total>9</total>
				<timestamp>2874.894153</timestamp>
			</report>
			<report>
				<misses>290900001</misses>
				<total>9</total>
				<timestamp>2875.885845</timestamp>
			</report>
			<report>
				<misses>291000001</misses>
				<total>9</total>
				<timestamp>2876.876779</timestamp>
			</report>
			<report>
				<misses>291100001</misses>
				<total>9</total>
				<timestamp>2877.867931</timestamp>
			</report>
			<report>
				<misses>291200001</misses>
				<total>9</total>
				<timestamp>2878.858210</timestamp>
			</report>
			<report>
				<misses>291300001</misses>
				<total>9</total>
				<timestamp>2879.848859</timestamp>
			</report>
			<report>
				<misses>291400001</misses>
				<total>9</total>
				<timestamp>2880.839138</timestamp>
			</report>
			<report>
				<misses>291500001</misses>
				<total>9</total>
				<timestamp>2881.829541</timestamp>
			</report>
			<report>
				<misses>291600001</misses>
				<total>9</total>
				<timestamp>2882.820469</timestamp>
			</report>
			<report>
				<misses>291700001</misses>
				<total>9</total>
				<timestamp>2883.811787</timestamp>
			</report>
			<report>
				<misses>291800001</misses>
				<total>9</total>
				<timestamp>2884.802072</timestamp>
			</report>
			<report>
				<misses>291900001</misses>
				<total>9</total>
				<timestamp>2885.792608</timestamp>
			</report>
			<report>
				<misses>292000001</misses>
				<total>9</total>
				<timestamp>2886.783130</timestamp>
			</report>
			<report>
				<misses>292100001</misses>
				<total>9</total>
				<timestamp>2887.775075</timestamp>
			</report>
			<report>
				<misses>292200001</misses>
				<total>9</total>
				<timestamp>2888.765222</timestamp>
			</report>
			<report>
				<misses>292300001</misses>
				<total>9</total>
				<timestamp>2889.756092</timestamp>
			</report>
			<report>
				<misses>292400001</misses>
				<total>9</total>
				<timestamp>2890.746889</timestamp>
			</report>
			<report>
				<misses>292500001</misses>
				<total>9</total>
				<timestamp>2891.737796</timestamp>
			</report>
			<report>
				<misses>292600001</misses>
				<total>9</total>
				<timestamp>2892.728844</timestamp>
			</report>
			<report>
				<misses>292700001</misses>
				<total>9</total>
				<timestamp>2893.719512</timestamp>
			</report>
			<report>
				<misses>292800001</misses>
				<total>9</total>
				<timestamp>2894.710301</timestamp>
			</report>
			<report>
				<misses>292900001</misses>
				<total>9</total>
				<timestamp>2895.700302</timestamp>
			</report>
			<report>
				<misses>293000001</misses>
				<total>9</total>
				<timestamp>2896.691989</timestamp>
			</report>
			<report>
				<misses>293100001</misses>
				<total>9</total>
				<timestamp>2897.683164</timestamp>
			</report>
			<report>
				<misses>293200001</misses>
				<total>9</total>
				<timestamp>2898.673941</timestamp>
			</report>
			<report>
				<misses>293300001</misses>
				<total>9</total>
				<timestamp>2899.665375</timestamp>
			</report>
			<report>
				<misses>293400001</misses>
				<total>9</total>
				<timestamp>2900.655248</timestamp>
			</report>
			<report>
				<misses>293500001</misses>
				<total>9</total>
				<timestamp>2901.646676</timestamp>
			</report>
			<report>
				<misses>293600001</misses>
				<total>9</total>
				<timestamp>2902.636941</timestamp>
			</report>
			<report>
				<misses>293700001</misses>
				<total>9</total>
				<timestamp>2903.627471</timestamp>
			</report>
			<report>
				<misses>293800001</misses>
				<total>9</total>
				<timestamp>2904.618119</timestamp>
			</report>
			<report>
				<misses>293900001</misses>
				<total>9</total>
				<timestamp>2905.609574</timestamp>
			</report>
			<report>
				<misses>294000001</misses>
				<total>9</total>
				<timestamp>2906.600732</timestamp>
			</report>
			<report>
				<misses>294100001</misses>
				<total>9</total>
				<timestamp>2907.591116</timestamp>
			</report>
			<report>
				<misses>294200001</misses>
				<total>9</total>
				<timestamp>2908.582026</timestamp>
			</report>
			<report>
				<misses>294300001</misses>
				<total>9</total>
				<timestamp>2909.573075</timestamp>
			</report>
			<report>
				<misses>294400001</misses>
				<total>9</total>
				<timestamp>2910.563980</timestamp>
			</report>
			<report>
				<misses>294500001</misses>
				<total>9</total>
				<timestamp>2911.555266</timestamp>
			</report>
			<report>
				<misses>294600001</misses>
				<total>9</total>
				<timestamp>2912.545924</timestamp>
			</report>
			<report>
				<misses>294700001</misses>
				<total>9</total>
				<timestamp>2913.537213</timestamp>
			</report>
			<report>
				<misses>294800001</misses>
				<total>9</total>
				<timestamp>2914.527530</timestamp>
			</report>
			<report>
				<misses>294900001</misses>
				<total>9</total>
				<timestamp>2915.518426</timestamp>
			</report>
			<report>
				<misses>295000001</misses>
				<total>9</total>
				<timestamp>2916.508818</timestamp>
			</report>
			<report>
				<misses>295100001</misses>
				<total>9</total>
				<timestamp>2917.499215</timestamp>
			</report>
			<report>
				<misses>295200001</misses>
				<total>9</total>
				<timestamp>2918.489404</timestamp>
			</report>
			<report>
				<misses>295300001</misses>
				<total>9</total>
				<timestamp>2919.479946</timestamp>
			</report>
			<report>
				<misses>295400001</misses>
				<total>9</total>
				<timestamp>2920.470580</timestamp>
			</report>
			<report>
				<misses>295500001</misses>
				<total>9</total>
				<timestamp>2921.460877</timestamp>
			</report>
			<report>
				<misses>295600001</misses>
				<total>9</total>
				<timestamp>2922.451161</timestamp>
			</report>
			<report>
				<misses>295700001</misses>
				<total>9</total>
				<timestamp>2923.442046</timestamp>
			</report>
			<report>
				<misses>295800001</misses>
				<total>9</total>
				<timestamp>2924.433094</timestamp>
			</report>
			<report>
				<misses>295900001</misses>
				<total>9</total>
				<timestamp>2925.423380</timestamp>
			</report>
			<report>
				<misses>296000001</misses>
				<total>9</total>
				<timestamp>2926.413647</timestamp>
			</report>
			<report>
				<misses>296100001</misses>
				<total>9</total>
				<timestamp>2927.404047</timestamp>
			</report>
			<report>
				<misses>296200001</misses>
				<total>9</total>
				<timestamp>2928.395611</timestamp>
			</report>
			<report>
				<misses>296300001</misses>
				<total>9</total>
				<timestamp>2929.385245</timestamp>
			</report>
			<report>
				<misses>296400001</misses>
				<total>9</total>
				<timestamp>2930.375911</timestamp>
			</report>
			<report>
				<misses>296500001</misses>
				<total>9</total>
				<timestamp>2931.366951</timestamp>
			</report>
			<report>
				<misses>296600001</misses>
				<total>9</total>
				<timestamp>2932.357208</timestamp>
			</report>
			<report>
				<misses>296700001</misses>
				<total>9</total>
				<timestamp>2933.348127</timestamp>
			</report>
			<report>
				<misses>296800001</misses>
				<total>9</total>
				<timestamp>2934.338940</timestamp>
			</report>
			<report>
				<misses>296900001</misses>
				<total>9</total>
				<timestamp>2935.329738</timestamp>
			</report>
			<report>
				<misses>297000001</misses>
				<total>9</total>
				<timestamp>2936.320796</timestamp>
			</report>
			<report>
				<misses>297100001</misses>
				<total>9</total>
				<timestamp>2937.311463</timestamp>
			</report>
			<report>
				<misses>297200001</misses>
				<total>9</total>
				<timestamp>2938.302380</timestamp>
			</report>
			<report>
				<misses>297300001</misses>
				<total>9</total>
				<timestamp>2939.292922</timestamp>
			</report>
			<report>
				<misses>297400001</misses>
				<total>9</total>
				<timestamp>2940.284109</timestamp>
			</report>
			<report>
				<misses>297500001</misses>
				<total>9</total>
				<timestamp>2941.275549</timestamp>
			</report>
			<report>
				<misses>297600001</misses>
				<total>9</total>
				<timestamp>2942.266731</timestamp>
			</report>
			<report>
				<misses>297700001</misses>
				<total>9</total>
				<timestamp>2943.257017</timestamp>
			</report>
			<report>
				<misses>297800001</misses>
				<total>9</total>
				<timestamp>2944.248326</timestamp>
			</report>
			<report>
				<misses>297900001</misses>
				<total>9</total>
				<timestamp>2945.239760</timestamp>
			</report>
			<report>
				<misses>298000001</misses>
				<total>9</total>
				<timestamp>2946.229904</timestamp>
			</report>
			<report>
				<misses>298100001</misses>
				<total>9</total>
				<timestamp>2947.221479</timestamp>
			</report>
			<report>
				<misses>298200001</misses>
				<total>9</total>
				<timestamp>2948.212777</timestamp>
			</report>
			<report>
				<misses>298300001</misses>
				<total>9</total>
				<timestamp>2949.203817</timestamp>
			</report>
			<report>
				<misses>298400001</misses>
				<total>9</total>
				<timestamp>2950.194731</timestamp>
			</report>
			<report>
				<misses>298500001</misses>
				<total>9</total>
				<timestamp>2951.186289</timestamp>
			</report>
			<report>
				<misses>298600001</misses>
				<total>9</total>
				<timestamp>2952.177466</timestamp>
			</report>
			<report>
				<misses>298700001</misses>
				<total>9</total>
				<timestamp>2953.168768</timestamp>
			</report>
			<report>
				<misses>298800001</misses>
				<total>9</total>
				<timestamp>2954.160461</timestamp>
			</report>
			<report>
				<misses>298900001</misses>
				<total>9</total>
				<timestamp>2955.151525</timestamp>
			</report>
			<report>
				<misses>299000001</misses>
				<total>9</total>
				<timestamp>2956.142276</timestamp>
			</report>
			<report>
				<misses>299100001</misses>
				<total>9</total>
				<timestamp>2957.134212</timestamp>
			</report>
			<report>
				<misses>299200001</misses>
				<total>9</total>
				<timestamp>2958.126148</timestamp>
			</report>
			<report>
				<misses>299300001</misses>
				<total>9</total>
				<timestamp>2959.117183</timestamp>
			</report>
			<report>
				<misses>299400001</misses>
				<total>9</total>
				<timestamp>2960.108083</timestamp>
			</report>
			<report>
				<misses>299500001</misses>
				<total>9</total>
				<timestamp>2961.099884</timestamp>
			</report>
			<report>
				<misses>299600001</misses>
				<total>9</total>
				<timestamp>2962.091448</timestamp>
			</report>
			<report>
				<misses>299700001</misses>
				<total>9</total>
				<timestamp>2963.082237</timestamp>
			</report>
			<report>
				<misses>299800001</misses>
				<total>9</total>
				<timestamp>2964.072984</timestamp>
			</report>
			<report>
				<misses>299900001</misses>
				<total>9</total>
				<timestamp>2965.063773</timestamp>
			</report>
			<report>
				<misses>300000001</misses>
				<total>9</total>
				<timestamp>2966.055845</timestamp>
			</report>
			<report>
				<misses>300100001</misses>
				<total>9</total>
				<timestamp>2967.047005</timestamp>
			</report>
			<report>
				<misses>300200001</misses>
				<total>9</total>
				<timestamp>2968.037417</timestamp>
			</report>
			<report>
				<misses>300300001</misses>
				<total>9</total>
				<timestamp>2969.028732</timestamp>
			</report>
			<report>
				<misses>300400001</misses>
				<total>9</total>
				<timestamp>2970.019503</timestamp>
			</report>
			<report>
				<misses>300500001</misses>
				<total>9</total>
				<timestamp>2971.010815</timestamp>
			</report>
			<report>
				<misses>300600001</misses>
				<total>9</total>
				<timestamp>2972.001861</timestamp>
			</report>
			<report>
				<misses>300700001</misses>
				<total>9</total>
				<timestamp>2972.992882</timestamp>
			</report>
			<report>
				<misses>300800001</misses>
				<total>9</total>
				<timestamp>2973.983540</timestamp>
			</report>
			<report>
				<misses>300900001</misses>
				<total>9</total>
				<timestamp>2974.974978</timestamp>
			</report>
			<report>
				<misses>301000001</misses>
				<total>9</total>
				<timestamp>2975.965767</timestamp>
			</report>
			<report>
				<misses>301100001</misses>
				<total>9</total>
				<timestamp>2976.956910</timestamp>
			</report>
			<report>
				<misses>301200001</misses>
				<total>9</total>
				<timestamp>2977.947708</timestamp>
			</report>
			<report>
				<misses>301300001</misses>
				<total>9</total>
				<timestamp>2978.938381</timestamp>
			</report>
			<report>
				<misses>301400001</misses>
				<total>9</total>
				<timestamp>2979.929140</timestamp>
			</report>
			<report>
				<misses>301500001</misses>
				<total>9</total>
				<timestamp>2980.920328</timestamp>
			</report>
			<report>
				<misses>301600001</misses>
				<total>9</total>
				<timestamp>2981.911380</timestamp>
			</report>
			<report>
				<misses>301700001</misses>
				<total>9</total>
				<timestamp>2982.902823</timestamp>
			</report>
			<report>
				<misses>301800001</misses>
				<total>9</total>
				<timestamp>2983.893875</timestamp>
			</report>
			<report>
				<misses>301900001</misses>
				<total>9</total>
				<timestamp>2984.885041</timestamp>
			</report>
			<report>
				<misses>302000001</misses>
				<total>9</total>
				<timestamp>2985.876332</timestamp>
			</report>
			<report>
				<misses>302100001</misses>
				<total>9</total>
				<timestamp>2986.867502</timestamp>
			</report>
			<report>
				<misses>302200001</misses>
				<total>9</total>
				<timestamp>2987.857778</timestamp>
			</report>
			<report>
				<misses>302300001</misses>
				<total>9</total>
				<timestamp>2988.848561</timestamp>
			</report>
			<report>
				<misses>302400001</misses>
				<total>9</total>
				<timestamp>2989.840115</timestamp>
			</report>
			<report>
				<misses>302500001</misses>
				<total>9</total>
				<timestamp>2990.831553</timestamp>
			</report>
			<report>
				<misses>302600001</misses>
				<total>9</total>
				<timestamp>2991.822343</timestamp>
			</report>
			<report>
				<misses>302700001</misses>
				<total>9</total>
				<timestamp>2992.813905</timestamp>
			</report>
			<report>
				<misses>302800001</misses>
				<total>9</total>
				<timestamp>2993.804309</timestamp>
			</report>
			<report>
				<misses>302900001</misses>
				<total>9</total>
				<timestamp>2994.794563</timestamp>
			</report>
			<report>
				<misses>303000001</misses>
				<total>9</total>
				<timestamp>2995.785843</timestamp>
			</report>
			<report>
				<misses>303100001</misses>
				<total>9</total>
				<timestamp>2996.777264</timestamp>
			</report>
			<report>
				<misses>303200001</misses>
				<total>9</total>
				<timestamp>2997.768190</timestamp>
			</report>
			<report>
				<misses>303300001</misses>
				<total>9</total>
				<timestamp>2998.758199</timestamp>
			</report>
			<report>
				<misses>303400001</misses>
				<total>9</total>
				<timestamp>2999.748986</timestamp>
			</report>
			<report>
				<misses>303500001</misses>
				<total>9</total>
				<timestamp>3000.740295</timestamp>
			</report>
			<report>
				<misses>303600001</misses>
				<total>9</total>
				<timestamp>3001.731486</timestamp>
			</report>
			<report>
				<misses>303700001</misses>
				<total>9</total>
				<timestamp>3002.721761</timestamp>
			</report>
			<report>
				<misses>303800001</misses>
				<total>9</total>
				<timestamp>3003.712308</timestamp>
			</report>
			<report>
				<misses>303900001</misses>
				<total>9</total>
				<timestamp>3004.702807</timestamp>
			</report>
			<report>
				<misses>304000001</misses>
				<total>9</total>
				<timestamp>3005.693853</timestamp>
			</report>
			<report>
				<misses>304100001</misses>
				<total>9</total>
				<timestamp>3006.684769</timestamp>
			</report>
			<report>
				<misses>304200001</misses>
				<total>9</total>
				<timestamp>3007.675560</timestamp>
			</report>
			<report>
				<misses>304300001</misses>
				<total>9</total>
				<timestamp>3008.667258</timestamp>
			</report>
			<report>
				<misses>304400001</misses>
				<total>9</total>
				<timestamp>3009.658785</timestamp>
			</report>
			<report>
				<misses>304500001</misses>
				<total>9</total>
				<timestamp>3010.650207</timestamp>
			</report>
			<report>
				<misses>304600001</misses>
				<total>9</total>
				<timestamp>3011.640502</timestamp>
			</report>
			<report>
				<misses>304700001</misses>
				<total>9</total>
				<timestamp>3012.631945</timestamp>
			</report>
			<report>
				<misses>304800001</misses>
				<total>9</total>
				<timestamp>3013.622479</timestamp>
			</report>
			<report>
				<misses>304900001</misses>
				<total>9</total>
				<timestamp>3014.614181</timestamp>
			</report>
			<report>
				<misses>305000001</misses>
				<total>9</total>
				<timestamp>3015.605076</timestamp>
			</report>
			<report>
				<misses>305100001</misses>
				<total>9</total>
				<timestamp>3016.596516</timestamp>
			</report>
			<report>
				<misses>305200001</misses>
				<total>9</total>
				<timestamp>3017.587186</timestamp>
			</report>
			<report>
				<misses>305300001</misses>
				<total>9</total>
				<timestamp>3018.578721</timestamp>
			</report>
			<report>
				<misses>305400001</misses>
				<total>9</total>
				<timestamp>3019.570540</timestamp>
			</report>
			<report>
				<misses>305500001</misses>
				<total>9</total>
				<timestamp>3020.561455</timestamp>
			</report>
			<report>
				<misses>305600001</misses>
				<total>9</total>
				<timestamp>3021.552085</timestamp>
			</report>
			<report>
				<misses>305700001</misses>
				<total>9</total>
				<timestamp>3022.543650</timestamp>
			</report>
			<report>
				<misses>305800001</misses>
				<total>9</total>
				<timestamp>3023.534043</timestamp>
			</report>
			<report>
				<misses>305900001</misses>
				<total>9</total>
				<timestamp>3024.525739</timestamp>
			</report>
			<report>
				<misses>306000001</misses>
				<total>9</total>
				<timestamp>3025.517049</timestamp>
			</report>
			<report>
				<misses>306100001</misses>
				<total>9</total>
				<timestamp>3026.507706</timestamp>
			</report>
			<report>
				<misses>306200001</misses>
				<total>9</total>
				<timestamp>3027.498874</timestamp>
			</report>
			<report>
				<misses>306300001</misses>
				<total>9</total>
				<timestamp>3028.490321</timestamp>
			</report>
			<report>
				<misses>306400001</misses>
				<total>9</total>
				<timestamp>3029.485453</timestamp>
			</report>
			<report>
				<misses>306500001</misses>
				<total>9</total>
				<timestamp>3030.476908</timestamp>
			</report>
			<report>
				<misses>306600001</misses>
				<total>9</total>
				<timestamp>3031.467161</timestamp>
			</report>
			<report>
				<misses>306700001</misses>
				<total>9</total>
				<timestamp>3032.457542</timestamp>
			</report>
			<report>
				<misses>306800001</misses>
				<total>9</total>
				<timestamp>3033.448077</timestamp>
			</report>
			<report>
				<misses>306900001</misses>
				<total>9</total>
				<timestamp>3034.439390</timestamp>
			</report>
			<report>
				<misses>307000001</misses>
				<total>9</total>
				<timestamp>3035.430164</timestamp>
			</report>
			<report>
				<misses>307100001</misses>
				<total>9</total>
				<timestamp>3036.421081</timestamp>
			</report>
			<report>
				<misses>307200001</misses>
				<total>9</total>
				<timestamp>3037.411619</timestamp>
			</report>
			<report>
				<misses>307300001</misses>
				<total>9</total>
				<timestamp>3038.401883</timestamp>
			</report>
			<report>
				<misses>307400001</misses>
				<total>9</total>
				<timestamp>3039.393452</timestamp>
			</report>
			<report>
				<misses>307500001</misses>
				<total>9</total>
				<timestamp>3040.384358</timestamp>
			</report>
			<report>
				<misses>307600001</misses>
				<total>9</total>
				<timestamp>3041.375424</timestamp>
			</report>
			<report>
				<misses>307700001</misses>
				<total>9</total>
				<timestamp>3042.366580</timestamp>
			</report>
			<report>
				<misses>307800001</misses>
				<total>9</total>
				<timestamp>3043.357749</timestamp>
			</report>
			<report>
				<misses>307900001</misses>
				<total>9</total>
				<timestamp>3044.348271</timestamp>
			</report>
			<report>
				<misses>308000001</misses>
				<total>9</total>
				<timestamp>3045.339189</timestamp>
			</report>
			<report>
				<misses>308100001</misses>
				<total>9</total>
				<timestamp>3046.330878</timestamp>
			</report>
			<report>
				<misses>308200001</misses>
				<total>9</total>
				<timestamp>3047.322245</timestamp>
			</report>
			<report>
				<misses>308300001</misses>
				<total>9</total>
				<timestamp>3048.313466</timestamp>
			</report>
			<report>
				<misses>308400001</misses>
				<total>9</total>
				<timestamp>3049.304905</timestamp>
			</report>
			<report>
				<misses>308500001</misses>
				<total>9</total>
				<timestamp>3050.296480</timestamp>
			</report>
			<report>
				<misses>308600001</misses>
				<total>9</total>
				<timestamp>3051.287259</timestamp>
			</report>
			<report>
				<misses>308700001</misses>
				<total>9</total>
				<timestamp>3052.278572</timestamp>
			</report>
			<report>
				<misses>308800001</misses>
				<total>9</total>
				<timestamp>3053.269326</timestamp>
			</report>
			<report>
				<misses>308900001</misses>
				<total>9</total>
				<timestamp>3054.261008</timestamp>
			</report>
			<report>
				<misses>309000001</misses>
				<total>9</total>
				<timestamp>3055.252196</timestamp>
			</report>
			<report>
				<misses>309100001</misses>
				<total>9</total>
				<timestamp>3056.243489</timestamp>
			</report>
			<report>
				<misses>309200001</misses>
				<total>9</total>
				<timestamp>3057.234937</timestamp>
			</report>
			<report>
				<misses>309300001</misses>
				<total>9</total>
				<timestamp>3058.225969</timestamp>
			</report>
			<report>
				<misses>309400001</misses>
				<total>9</total>
				<timestamp>3059.217007</timestamp>
			</report>
			<report>
				<misses>309500001</misses>
				<total>9</total>
				<timestamp>3060.208715</timestamp>
			</report>
			<report>
				<misses>309600001</misses>
				<total>9</total>
				<timestamp>3061.199635</timestamp>
			</report>
			<report>
				<misses>309700001</misses>
				<total>9</total>
				<timestamp>3062.190676</timestamp>
			</report>
			<report>
				<misses>309800001</misses>
				<total>9</total>
				<timestamp>3063.182358</timestamp>
			</report>
			<report>
				<misses>309900001</misses>
				<total>9</total>
				<timestamp>3064.173911</timestamp>
			</report>
			<report>
				<misses>310000001</misses>
				<total>9</total>
				<timestamp>3065.165709</timestamp>
			</report>
			<report>
				<misses>310100001</misses>
				<total>9</total>
				<timestamp>3066.157005</timestamp>
			</report>
			<report>
				<misses>310200001</misses>
				<total>9</total>
				<timestamp>3067.148576</timestamp>
			</report>
			<report>
				<misses>310300001</misses>
				<total>9</total>
				<timestamp>3068.139877</timestamp>
			</report>
			<report>
				<misses>310400001</misses>
				<total>9</total>
				<timestamp>3069.130514</timestamp>
			</report>
			<report>
				<misses>310500001</misses>
				<total>9</total>
				<timestamp>3070.121813</timestamp>
			</report>
			<report>
				<misses>310600001</misses>
				<total>9</total>
				<timestamp>3071.112715</timestamp>
			</report>
			<report>
				<misses>310700001</misses>
				<total>9</total>
				<timestamp>3072.103628</timestamp>
			</report>
			<report>
				<misses>310800001</misses>
				<total>9</total>
				<timestamp>3073.095314</timestamp>
			</report>
			<report>
				<misses>310900001</misses>
				<total>9</total>
				<timestamp>3074.087277</timestamp>
			</report>
			<report>
				<misses>311000001</misses>
				<total>9</total>
				<timestamp>3075.078450</timestamp>
			</report>
			<report>
				<misses>311100001</misses>
				<total>9</total>
				<timestamp>3076.069875</timestamp>
			</report>
			<report>
				<misses>311200001</misses>
				<total>9</total>
				<timestamp>3077.061692</timestamp>
			</report>
			<report>
				<misses>311300001</misses>
				<total>9</total>
				<timestamp>3078.052747</timestamp>
			</report>
			<report>
				<misses>311400001</misses>
				<total>9</total>
				<timestamp>3079.044298</timestamp>
			</report>
			<report>
				<misses>311500001</misses>
				<total>9</total>
				<timestamp>3080.035848</timestamp>
			</report>
			<report>
				<misses>311600001</misses>
				<total>9</total>
				<timestamp>3081.026903</timestamp>
			</report>
			<report>
				<misses>311700001</misses>
				<total>9</total>
				<timestamp>3082.018059</timestamp>
			</report>
			<report>
				<misses>311800001</misses>
				<total>9</total>
				<timestamp>3083.008465</timestamp>
			</report>
			<report>
				<misses>311900001</misses>
				<total>9</total>
				<timestamp>3083.999477</timestamp>
			</report>
			<report>
				<misses>312000001</misses>
				<total>9</total>
				<timestamp>3084.991412</timestamp>
			</report>
			<report>
				<misses>312100001</misses>
				<total>9</total>
				<timestamp>3085.982216</timestamp>
			</report>
			<report>
				<misses>312200001</misses>
				<total>9</total>
				<timestamp>3086.973496</timestamp>
			</report>
			<report>
				<misses>312300001</misses>
				<total>9</total>
				<timestamp>3087.964511</timestamp>
			</report>
			<report>
				<misses>312400001</misses>
				<total>9</total>
				<timestamp>3088.956057</timestamp>
			</report>
			<report>
				<misses>312500001</misses>
				<total>9</total>
				<timestamp>3089.947092</timestamp>
			</report>
			<report>
				<misses>312600001</misses>
				<total>9</total>
				<timestamp>3090.938383</timestamp>
			</report>
			<report>
				<misses>312700001</misses>
				<total>9</total>
				<timestamp>3091.929291</timestamp>
			</report>
			<report>
				<misses>312800001</misses>
				<total>9</total>
				<timestamp>3092.920096</timestamp>
			</report>
			<report>
				<misses>312900001</misses>
				<total>9</total>
				<timestamp>3093.911380</timestamp>
			</report>
			<report>
				<misses>313000001</misses>
				<total>9</total>
				<timestamp>3094.902657</timestamp>
			</report>
			<report>
				<misses>313100001</misses>
				<total>9</total>
				<timestamp>3095.893557</timestamp>
			</report>
			<report>
				<misses>313200001</misses>
				<total>9</total>
				<timestamp>3096.884850</timestamp>
			</report>
			<report>
				<misses>313300001</misses>
				<total>9</total>
				<timestamp>3097.875638</timestamp>
			</report>
			<report>
				<misses>313400001</misses>
				<total>9</total>
				<timestamp>3098.866032</timestamp>
			</report>
			<report>
				<misses>313500001</misses>
				<total>9</total>
				<timestamp>3099.857712</timestamp>
			</report>
			<report>
				<misses>313600001</misses>
				<total>9</total>
				<timestamp>3100.849275</timestamp>
			</report>
			<report>
				<misses>313700001</misses>
				<total>9</total>
				<timestamp>3101.840434</timestamp>
			</report>
			<report>
				<misses>313800001</misses>
				<total>9</total>
				<timestamp>3102.831431</timestamp>
			</report>
			<report>
				<misses>313900001</misses>
				<total>9</total>
				<timestamp>3103.822642</timestamp>
			</report>
			<report>
				<misses>314000001</misses>
				<total>9</total>
				<timestamp>3104.813418</timestamp>
			</report>
			<report>
				<misses>314100001</misses>
				<total>9</total>
				<timestamp>3105.804482</timestamp>
			</report>
			<report>
				<misses>314200001</misses>
				<total>9</total>
				<timestamp>3106.794879</timestamp>
			</report>
			<report>
				<misses>314300001</misses>
				<total>9</total>
				<timestamp>3107.786675</timestamp>
			</report>
			<report>
				<misses>314400001</misses>
				<total>9</total>
				<timestamp>3108.777198</timestamp>
			</report>
			<report>
				<misses>314500001</misses>
				<total>9</total>
				<timestamp>3109.767092</timestamp>
			</report>
			<report>
				<misses>314600001</misses>
				<total>9</total>
				<timestamp>3110.757761</timestamp>
			</report>
			<report>
				<misses>314700001</misses>
				<total>9</total>
				<timestamp>3111.748804</timestamp>
			</report>
			<report>
				<misses>314800001</misses>
				<total>9</total>
				<timestamp>3112.740351</timestamp>
			</report>
			<report>
				<misses>314900001</misses>
				<total>9</total>
				<timestamp>3113.730869</timestamp>
			</report>
			<report>
				<misses>315000001</misses>
				<total>9</total>
				<timestamp>3114.722030</timestamp>
			</report>
			<report>
				<misses>315100001</misses>
				<total>9</total>
				<timestamp>3115.713209</timestamp>
			</report>
			<report>
				<misses>315200001</misses>
				<total>9</total>
				<timestamp>3116.703499</timestamp>
			</report>
			<report>
				<misses>315300001</misses>
				<total>9</total>
				<timestamp>3117.694635</timestamp>
			</report>
			<report>
				<misses>315400001</misses>
				<total>9</total>
				<timestamp>3118.685416</timestamp>
			</report>
			<report>
				<misses>315500001</misses>
				<total>9</total>
				<timestamp>3119.676728</timestamp>
			</report>
			<report>
				<misses>315600001</misses>
				<total>9</total>
				<timestamp>3120.668052</timestamp>
			</report>
			<report>
				<misses>315700001</misses>
				<total>9</total>
				<timestamp>3121.658555</timestamp>
			</report>
			<report>
				<misses>315800001</misses>
				<total>9</total>
				<timestamp>3122.649432</timestamp>
			</report>
			<report>
				<misses>315900001</misses>
				<total>9</total>
				<timestamp>3123.640587</timestamp>
			</report>
			<report>
				<misses>316000001</misses>
				<total>9</total>
				<timestamp>3124.631870</timestamp>
			</report>
			<report>
				<misses>316100001</misses>
				<total>9</total>
				<timestamp>3125.622266</timestamp>
			</report>
			<report>
				<misses>316200001</misses>
				<total>9</total>
				<timestamp>3126.613391</timestamp>
			</report>
			<report>
				<misses>316300001</misses>
				<total>9</total>
				<timestamp>3127.604824</timestamp>
			</report>
			<report>
				<misses>316400001</misses>
				<total>9</total>
				<timestamp>3128.594559</timestamp>
			</report>
			<report>
				<misses>316500001</misses>
				<total>9</total>
				<timestamp>3129.585465</timestamp>
			</report>
			<report>
				<misses>316600001</misses>
				<total>9</total>
				<timestamp>3130.575228</timestamp>
			</report>
			<report>
				<misses>316700001</misses>
				<total>9</total>
				<timestamp>3131.565609</timestamp>
			</report>
			<report>
				<misses>316800001</misses>
				<total>9</total>
				<timestamp>3132.556647</timestamp>
			</report>
			<report>
				<misses>316900001</misses>
				<total>9</total>
				<timestamp>3133.547323</timestamp>
			</report>
			<report>
				<misses>317000001</misses>
				<total>9</total>
				<timestamp>3134.538258</timestamp>
			</report>
			<report>
				<misses>317100001</misses>
				<total>9</total>
				<timestamp>3135.529576</timestamp>
			</report>
			<report>
				<misses>317200001</misses>
				<total>9</total>
				<timestamp>3136.520088</timestamp>
			</report>
			<report>
				<misses>317300001</misses>
				<total>9</total>
				<timestamp>3137.511275</timestamp>
			</report>
			<report>
				<misses>317400001</misses>
				<total>9</total>
				<timestamp>3138.502189</timestamp>
			</report>
			<report>
				<misses>317500001</misses>
				<total>9</total>
				<timestamp>3139.492849</timestamp>
			</report>
			<report>
				<misses>317600001</misses>
				<total>9</total>
				<timestamp>3140.483769</timestamp>
			</report>
			<report>
				<misses>317700001</misses>
				<total>9</total>
				<timestamp>3141.474461</timestamp>
			</report>
			<report>
				<misses>317800001</misses>
				<total>9</total>
				<timestamp>3142.465372</timestamp>
			</report>
			<report>
				<misses>317900001</misses>
				<total>9</total>
				<timestamp>3143.456808</timestamp>
			</report>
			<report>
				<misses>318000001</misses>
				<total>9</total>
				<timestamp>3144.446687</timestamp>
			</report>
			<report>
				<misses>318100001</misses>
				<total>9</total>
				<timestamp>3145.437103</timestamp>
			</report>
			<report>
				<misses>318200001</misses>
				<total>9</total>
				<timestamp>3146.427601</timestamp>
			</report>
			<report>
				<misses>318300001</misses>
				<total>9</total>
				<timestamp>3147.419298</timestamp>
			</report>
			<report>
				<misses>318400001</misses>
				<total>9</total>
				<timestamp>3148.409708</timestamp>
			</report>
			<report>
				<misses>318500001</misses>
				<total>9</total>
				<timestamp>3149.400498</timestamp>
			</report>
			<report>
				<misses>318600001</misses>
				<total>9</total>
				<timestamp>3150.390385</timestamp>
			</report>
			<report>
				<misses>318700001</misses>
				<total>9</total>
				<timestamp>3151.380793</timestamp>
			</report>
			<report>
				<misses>318800001</misses>
				<total>9</total>
				<timestamp>3152.369862</timestamp>
			</report>
			<report>
				<misses>318900001</misses>
				<total>9</total>
				<timestamp>3153.359493</timestamp>
			</report>
			<report>
				<misses>319000001</misses>
				<total>9</total>
				<timestamp>3154.349641</timestamp>
			</report>
			<report>
				<misses>319100001</misses>
				<total>9</total>
				<timestamp>3155.339263</timestamp>
			</report>
			<report>
				<misses>319200001</misses>
				<total>9</total>
				<timestamp>3156.327726</timestamp>
			</report>
			<report>
				<misses>319300001</misses>
				<total>9</total>
				<timestamp>3157.317874</timestamp>
			</report>
			<report>
				<misses>319400001</misses>
				<total>9</total>
				<timestamp>3158.307502</timestamp>
			</report>
			<report>
				<misses>319500001</misses>
				<total>9</total>
				<timestamp>3159.296991</timestamp>
			</report>
			<report>
				<misses>319600001</misses>
				<total>9</total>
				<timestamp>3160.286974</timestamp>
			</report>
			<report>
				<misses>319700001</misses>
				<total>9</total>
				<timestamp>3161.277087</timestamp>
			</report>
			<report>
				<misses>319800001</misses>
				<total>9</total>
				<timestamp>3162.267724</timestamp>
			</report>
			<report>
				<misses>319900001</misses>
				<total>9</total>
				<timestamp>3163.257856</timestamp>
			</report>
			<report>
				<misses>320000001</misses>
				<total>9</total>
				<timestamp>3164.249394</timestamp>
			</report>
			<report>
				<misses>320100001</misses>
				<total>9</total>
				<timestamp>3165.240561</timestamp>
			</report>
			<report>
				<misses>320200001</misses>
				<total>9</total>
				<timestamp>3166.231224</timestamp>
			</report>
			<report>
				<misses>320300001</misses>
				<total>9</total>
				<timestamp>3167.221354</timestamp>
			</report>
			<report>
				<misses>320400001</misses>
				<total>9</total>
				<timestamp>3168.212113</timestamp>
			</report>
			<report>
				<misses>320500001</misses>
				<total>9</total>
				<timestamp>3169.202492</timestamp>
			</report>
			<report>
				<misses>320600001</misses>
				<total>9</total>
				<timestamp>3170.192762</timestamp>
			</report>
			<report>
				<misses>320700001</misses>
				<total>9</total>
				<timestamp>3171.183388</timestamp>
			</report>
			<report>
				<misses>320800001</misses>
				<total>9</total>
				<timestamp>3172.174562</timestamp>
			</report>
			<report>
				<misses>320900001</misses>
				<total>9</total>
				<timestamp>3173.164042</timestamp>
			</report>
			<report>
				<misses>321000001</misses>
				<total>9</total>
				<timestamp>3174.154690</timestamp>
			</report>
			<report>
				<misses>321100001</misses>
				<total>9</total>
				<timestamp>3175.144425</timestamp>
			</report>
			<report>
				<misses>321200001</misses>
				<total>9</total>
				<timestamp>3176.135582</timestamp>
			</report>
			<report>
				<misses>321300001</misses>
				<total>9</total>
				<timestamp>3177.125334</timestamp>
			</report>
			<report>
				<misses>321400001</misses>
				<total>9</total>
				<timestamp>3178.116240</timestamp>
			</report>
			<report>
				<misses>321500001</misses>
				<total>9</total>
				<timestamp>3179.106357</timestamp>
			</report>
			<report>
				<misses>321600001</misses>
				<total>9</total>
				<timestamp>3180.096995</timestamp>
			</report>
			<report>
				<misses>321700001</misses>
				<total>9</total>
				<timestamp>3181.088433</timestamp>
			</report>
			<report>
				<misses>321800001</misses>
				<total>9</total>
				<timestamp>3182.078430</timestamp>
			</report>
			<report>
				<misses>321900001</misses>
				<total>9</total>
				<timestamp>3183.068293</timestamp>
			</report>
			<report>
				<misses>322000001</misses>
				<total>9</total>
				<timestamp>3184.059655</timestamp>
			</report>
			<report>
				<misses>322100001</misses>
				<total>9</total>
				<timestamp>3185.050278</timestamp>
			</report>
			<report>
				<misses>322200001</misses>
				<total>9</total>
				<timestamp>3186.040812</timestamp>
			</report>
			<report>
				<misses>322300001</misses>
				<total>9</total>
				<timestamp>3187.031318</timestamp>
			</report>
			<report>
				<misses>322400001</misses>
				<total>9</total>
				<timestamp>3188.022077</timestamp>
			</report>
			<report>
				<misses>322500001</misses>
				<total>9</total>
				<timestamp>3189.013756</timestamp>
			</report>
			<report>
				<misses>322600001</misses>
				<total>9</total>
				<timestamp>3190.003124</timestamp>
			</report>
			<report>
				<misses>322700001</misses>
				<total>9</total>
				<timestamp>3190.993901</timestamp>
			</report>
			<report>
				<misses>322800001</misses>
				<total>9</total>
				<timestamp>3191.984660</timestamp>
			</report>
			<report>
				<misses>322900001</misses>
				<total>9</total>
				<timestamp>3192.975196</timestamp>
			</report>
			<report>
				<misses>323000001</misses>
				<total>9</total>
				<timestamp>3193.966482</timestamp>
			</report>
			<report>
				<misses>323100001</misses>
				<total>9</total>
				<timestamp>3194.957622</timestamp>
			</report>
			<report>
				<misses>323200001</misses>
				<total>9</total>
				<timestamp>3195.947908</timestamp>
			</report>
			<report>
				<misses>323300001</misses>
				<total>9</total>
				<timestamp>3196.938786</timestamp>
			</report>
			<report>
				<misses>323400001</misses>
				<total>9</total>
				<timestamp>3197.929039</timestamp>
			</report>
			<report>
				<misses>323500001</misses>
				<total>9</total>
				<timestamp>3198.919950</timestamp>
			</report>
			<report>
				<misses>323600001</misses>
				<total>9</total>
				<timestamp>3199.911362</timestamp>
			</report>
			<report>
				<misses>323700001</misses>
				<total>9</total>
				<timestamp>3200.902540</timestamp>
			</report>
			<report>
				<misses>323800001</misses>
				<total>9</total>
				<timestamp>3201.893176</timestamp>
			</report>
			<report>
				<misses>323900001</misses>
				<total>9</total>
				<timestamp>3202.884345</timestamp>
			</report>
			<report>
				<misses>324000001</misses>
				<total>9</total>
				<timestamp>3203.874868</timestamp>
			</report>
			<report>
				<misses>324100001</misses>
				<total>9</total>
				<timestamp>3204.865887</timestamp>
			</report>
			<report>
				<misses>324200001</misses>
				<total>9</total>
				<timestamp>3205.857295</timestamp>
			</report>
			<report>
				<misses>324300001</misses>
				<total>9</total>
				<timestamp>3206.847706</timestamp>
			</report>
			<report>
				<misses>324400001</misses>
				<total>9</total>
				<timestamp>3207.838592</timestamp>
			</report>
			<report>
				<misses>324500001</misses>
				<total>9</total>
				<timestamp>3208.829507</timestamp>
			</report>
			<report>
				<misses>324600001</misses>
				<total>9</total>
				<timestamp>3209.820785</timestamp>
			</report>
			<report>
				<misses>324700001</misses>
				<total>9</total>
				<timestamp>3210.810922</timestamp>
			</report>
			<report>
				<misses>324800001</misses>
				<total>9</total>
				<timestamp>3211.801436</timestamp>
			</report>
			<report>
				<misses>324900001</misses>
				<total>9</total>
				<timestamp>3212.791829</timestamp>
			</report>
			<report>
				<misses>325000001</misses>
				<total>9</total>
				<timestamp>3213.782590</timestamp>
			</report>
			<report>
				<misses>325100001</misses>
				<total>9</total>
				<timestamp>3214.773765</timestamp>
			</report>
			<report>
				<misses>325200001</misses>
				<total>9</total>
				<timestamp>3215.764657</timestamp>
			</report>
			<report>
				<misses>325300001</misses>
				<total>9</total>
				<timestamp>3216.755052</timestamp>
			</report>
			<report>
				<misses>325400001</misses>
				<total>9</total>
				<timestamp>3217.746196</timestamp>
			</report>
			<report>
				<misses>325500001</misses>
				<total>9</total>
				<timestamp>3218.737227</timestamp>
			</report>
			<report>
				<misses>325600001</misses>
				<total>9</total>
				<timestamp>3219.727760</timestamp>
			</report>
			<report>
				<misses>325700001</misses>
				<total>9</total>
				<timestamp>3220.719028</timestamp>
			</report>
			<report>
				<misses>325800001</misses>
				<total>9</total>
				<timestamp>3221.709820</timestamp>
			</report>
			<report>
				<misses>325900001</misses>
				<total>9</total>
				<timestamp>3222.700973</timestamp>
			</report>
			<report>
				<misses>326000001</misses>
				<total>9</total>
				<timestamp>3223.691612</timestamp>
			</report>
			<report>
				<misses>326100001</misses>
				<total>9</total>
				<timestamp>3224.682779</timestamp>
			</report>
			<report>
				<misses>326200001</misses>
				<total>9</total>
				<timestamp>3225.673825</timestamp>
			</report>
			<report>
				<misses>326300001</misses>
				<total>9</total>
				<timestamp>3226.663680</timestamp>
			</report>
			<report>
				<misses>326400001</misses>
				<total>9</total>
				<timestamp>3227.655357</timestamp>
			</report>
			<report>
				<misses>326500001</misses>
				<total>9</total>
				<timestamp>3228.645992</timestamp>
			</report>
			<report>
				<misses>326600001</misses>
				<total>9</total>
				<timestamp>3229.637043</timestamp>
			</report>
			<report>
				<misses>326700001</misses>
				<total>9</total>
				<timestamp>3230.628208</timestamp>
			</report>
			<report>
				<misses>326800001</misses>
				<total>9</total>
				<timestamp>3231.618977</timestamp>
			</report>
			<report>
				<misses>326900001</misses>
				<total>9</total>
				<timestamp>3232.609866</timestamp>
			</report>
			<report>
				<misses>327000001</misses>
				<total>9</total>
				<timestamp>3233.600390</timestamp>
			</report>
			<report>
				<misses>327100001</misses>
				<total>9</total>
				<timestamp>3234.591045</timestamp>
			</report>
			<report>
				<misses>327200001</misses>
				<total>9</total>
				<timestamp>3235.581806</timestamp>
			</report>
			<report>
				<misses>327300001</misses>
				<total>9</total>
				<timestamp>3236.572469</timestamp>
			</report>
			<report>
				<misses>327400001</misses>
				<total>9</total>
				<timestamp>3237.563100</timestamp>
			</report>
			<report>
				<misses>327500001</misses>
				<total>9</total>
				<timestamp>3238.553748</timestamp>
			</report>
			<report>
				<misses>327600001</misses>
				<total>9</total>
				<timestamp>3239.545685</timestamp>
			</report>
			<report>
				<misses>327700001</misses>
				<total>9</total>
				<timestamp>3240.536586</timestamp>
			</report>
			<report>
				<misses>327800001</misses>
				<total>9</total>
				<timestamp>3241.527343</timestamp>
			</report>
			<report>
				<misses>327900001</misses>
				<total>9</total>
				<timestamp>3242.517604</timestamp>
			</report>
			<report>
				<misses>328000001</misses>
				<total>9</total>
				<timestamp>3243.508779</timestamp>
			</report>
			<report>
				<misses>328100001</misses>
				<total>9</total>
				<timestamp>3244.499677</timestamp>
			</report>
			<report>
				<misses>328200001</misses>
				<total>9</total>
				<timestamp>3245.490049</timestamp>
			</report>
			<report>
				<misses>328300001</misses>
				<total>9</total>
				<timestamp>3246.481212</timestamp>
			</report>
			<report>
				<misses>328400001</misses>
				<total>9</total>
				<timestamp>3247.471738</timestamp>
			</report>
			<report>
				<misses>328500001</misses>
				<total>9</total>
				<timestamp>3248.462762</timestamp>
			</report>
			<report>
				<misses>328600001</misses>
				<total>9</total>
				<timestamp>3249.453536</timestamp>
			</report>
			<report>
				<misses>328700001</misses>
				<total>9</total>
				<timestamp>3250.444970</timestamp>
			</report>
			<report>
				<misses>328800001</misses>
				<total>9</total>
				<timestamp>3251.435609</timestamp>
			</report>
			<report>
				<misses>328900001</misses>
				<total>9</total>
				<timestamp>3252.426267</timestamp>
			</report>
			<report>
				<misses>329000001</misses>
				<total>9</total>
				<timestamp>3253.417170</timestamp>
			</report>
			<report>
				<misses>329100001</misses>
				<total>9</total>
				<timestamp>3254.408061</timestamp>
			</report>
			<report>
				<misses>329200001</misses>
				<total>9</total>
				<timestamp>3255.398719</timestamp>
			</report>
			<report>
				<misses>329300001</misses>
				<total>9</total>
				<timestamp>3256.389989</timestamp>
			</report>
			<report>
				<misses>329400001</misses>
				<total>9</total>
				<timestamp>3257.380640</timestamp>
			</report>
			<report>
				<misses>329500001</misses>
				<total>9</total>
				<timestamp>3258.370377</timestamp>
			</report>
			<report>
				<misses>329600001</misses>
				<total>9</total>
				<timestamp>3259.361414</timestamp>
			</report>
			<report>
				<misses>329700001</misses>
				<total>9</total>
				<timestamp>3260.351524</timestamp>
			</report>
			<report>
				<misses>329800001</misses>
				<total>9</total>
				<timestamp>3261.342831</timestamp>
			</report>
			<report>
				<misses>329900001</misses>
				<total>9</total>
				<timestamp>3262.333612</timestamp>
			</report>
			<report>
				<misses>330000001</misses>
				<total>9</total>
				<timestamp>3263.324506</timestamp>
			</report>
			<report>
				<misses>330100001</misses>
				<total>9</total>
				<timestamp>3264.315926</timestamp>
			</report>
			<report>
				<misses>330200001</misses>
				<total>9</total>
				<timestamp>3265.306821</timestamp>
			</report>
			<report>
				<misses>330300001</misses>
				<total>9</total>
				<timestamp>3266.297459</timestamp>
			</report>
			<report>
				<misses>330400001</misses>
				<total>9</total>
				<timestamp>3267.288101</timestamp>
			</report>
			<report>
				<misses>330500001</misses>
				<total>9</total>
				<timestamp>3268.279541</timestamp>
			</report>
			<report>
				<misses>330600001</misses>
				<total>9</total>
				<timestamp>3269.270188</timestamp>
			</report>
			<report>
				<misses>330700001</misses>
				<total>9</total>
				<timestamp>3270.260961</timestamp>
			</report>
			<report>
				<misses>330800001</misses>
				<total>9</total>
				<timestamp>3271.251218</timestamp>
			</report>
			<report>
				<misses>330900001</misses>
				<total>9</total>
				<timestamp>3272.241867</timestamp>
			</report>
			<report>
				<misses>331000001</misses>
				<total>9</total>
				<timestamp>3273.232882</timestamp>
			</report>
			<report>
				<misses>331100001</misses>
				<total>9</total>
				<timestamp>3274.223921</timestamp>
			</report>
			<report>
				<misses>331200001</misses>
				<total>9</total>
				<timestamp>3275.214296</timestamp>
			</report>
			<report>
				<misses>331300001</misses>
				<total>9</total>
				<timestamp>3276.205980</timestamp>
			</report>
			<report>
				<misses>331400001</misses>
				<total>9</total>
				<timestamp>3277.196765</timestamp>
			</report>
			<report>
				<misses>331500001</misses>
				<total>9</total>
				<timestamp>3278.188446</timestamp>
			</report>
			<report>
				<misses>331600001</misses>
				<total>9</total>
				<timestamp>3279.178297</timestamp>
			</report>
			<report>
				<misses>331700001</misses>
				<total>9</total>
				<timestamp>3280.169329</timestamp>
			</report>
			<report>
				<misses>331800001</misses>
				<total>9</total>
				<timestamp>3281.160231</timestamp>
			</report>
			<report>
				<misses>331900001</misses>
				<total>9</total>
				<timestamp>3282.150875</timestamp>
			</report>
			<report>
				<misses>332000001</misses>
				<total>9</total>
				<timestamp>3283.141401</timestamp>
			</report>
			<report>
				<misses>332100001</misses>
				<total>9</total>
				<timestamp>3284.132752</timestamp>
			</report>
			<report>
				<misses>332200001</misses>
				<total>9</total>
				<timestamp>3285.123901</timestamp>
			</report>
			<report>
				<misses>332300001</misses>
				<total>9</total>
				<timestamp>3286.108253</timestamp>
			</report>
			<report>
				<misses>332400001</misses>
				<total>9</total>
				<timestamp>3287.084831</timestamp>
			</report>
			<report>
				<misses>332500001</misses>
				<total>9</total>
				<timestamp>3288.062085</timestamp>
			</report>
			<report>
				<misses>332600001</misses>
				<total>9</total>
				<timestamp>3289.037655</timestamp>
			</report>
			<report>
				<misses>332700001</misses>
				<total>9</total>
				<timestamp>3290.014759</timestamp>
			</report>
			<report>
				<misses>332800001</misses>
				<total>9</total>
				<timestamp>3290.990448</timestamp>
			</report>
			<report>
				<misses>332900001</misses>
				<total>9</total>
				<timestamp>3291.965101</timestamp>
			</report>
			<report>
				<misses>333000001</misses>
				<total>9</total>
				<timestamp>3292.941445</timestamp>
			</report>
			<report>
				<misses>333100001</misses>
				<total>9</total>
				<timestamp>3293.917887</timestamp>
			</report>
			<report>
				<misses>333200001</misses>
				<total>9</total>
				<timestamp>3294.894241</timestamp>
			</report>
			<report>
				<misses>333300001</misses>
				<total>9</total>
				<timestamp>3295.871487</timestamp>
			</report>
			<report>
				<misses>333400001</misses>
				<total>9</total>
				<timestamp>3296.848493</timestamp>
			</report>
			<report>
				<misses>333500001</misses>
				<total>9</total>
				<timestamp>3297.824456</timestamp>
			</report>
			<report>
				<misses>333600001</misses>
				<total>9</total>
				<timestamp>3298.801584</timestamp>
			</report>
			<report>
				<misses>333700001</misses>
				<total>9</total>
				<timestamp>3299.777670</timestamp>
			</report>
			<report>
				<misses>333800001</misses>
				<total>9</total>
				<timestamp>3300.754271</timestamp>
			</report>
			<report>
				<misses>333900001</misses>
				<total>9</total>
				<timestamp>3301.731004</timestamp>
			</report>
			<report>
				<misses>334000001</misses>
				<total>9</total>
				<timestamp>3302.708367</timestamp>
			</report>
			<report>
				<misses>334100001</misses>
				<total>9</total>
				<timestamp>3303.684463</timestamp>
			</report>
			<report>
				<misses>334200001</misses>
				<total>9</total>
				<timestamp>3304.660038</timestamp>
			</report>
			<report>
				<misses>334300001</misses>
				<total>9</total>
				<timestamp>3305.636766</timestamp>
			</report>
			<report>
				<misses>334400001</misses>
				<total>9</total>
				<timestamp>3306.612989</timestamp>
			</report>
			<report>
				<misses>334500001</misses>
				<total>9</total>
				<timestamp>3307.589472</timestamp>
			</report>
			<report>
				<misses>334600001</misses>
				<total>9</total>
				<timestamp>3308.564663</timestamp>
			</report>
			<report>
				<misses>334700001</misses>
				<total>9</total>
				<timestamp>3309.540876</timestamp>
			</report>
			<report>
				<misses>334800001</misses>
				<total>9</total>
				<timestamp>3310.515805</timestamp>
			</report>
			<report>
				<misses>334900001</misses>
				<total>9</total>
				<timestamp>3311.490732</timestamp>
			</report>
			<report>
				<misses>335000001</misses>
				<total>9</total>
				<timestamp>3312.467623</timestamp>
			</report>
			<report>
				<misses>335100001</misses>
				<total>9</total>
				<timestamp>3313.444359</timestamp>
			</report>
			<report>
				<misses>335200001</misses>
				<total>9</total>
				<timestamp>3314.421103</timestamp>
			</report>
			<report>
				<misses>335300001</misses>
				<total>9</total>
				<timestamp>3315.398567</timestamp>
			</report>
			<report>
				<misses>335400001</misses>
				<total>9</total>
				<timestamp>3316.374627</timestamp>
			</report>
			<report>
				<misses>335500001</misses>
				<total>9</total>
				<timestamp>3317.350712</timestamp>
			</report>
			<report>
				<misses>335600001</misses>
				<total>9</total>
				<timestamp>3318.327302</timestamp>
			</report>
			<report>
				<misses>335700001</misses>
				<total>9</total>
				<timestamp>3319.302989</timestamp>
			</report>
			<report>
				<misses>335800001</misses>
				<total>9</total>
				<timestamp>3320.278430</timestamp>
			</report>
			<report>
				<misses>335900001</misses>
				<total>9</total>
				<timestamp>3321.255945</timestamp>
			</report>
			<report>
				<misses>336000001</misses>
				<total>9</total>
				<timestamp>3322.233057</timestamp>
			</report>
			<report>
				<misses>336100001</misses>
				<total>9</total>
				<timestamp>3323.210561</timestamp>
			</report>
			<report>
				<misses>336200001</misses>
				<total>9</total>
				<timestamp>3324.186652</timestamp>
			</report>
			<report>
				<misses>336300001</misses>
				<total>9</total>
				<timestamp>3325.163394</timestamp>
			</report>
			<report>
				<misses>336400001</misses>
				<total>9</total>
				<timestamp>3326.140478</timestamp>
			</report>
			<report>
				<misses>336500001</misses>
				<total>9</total>
				<timestamp>3327.117845</timestamp>
			</report>
			<report>
				<misses>336600001</misses>
				<total>9</total>
				<timestamp>3328.094591</timestamp>
			</report>
			<report>
				<misses>336700001</misses>
				<total>9</total>
				<timestamp>3329.072728</timestamp>
			</report>
			<report>
				<misses>336800001</misses>
				<total>9</total>
				<timestamp>3330.054632</timestamp>
			</report>
			<report>
				<misses>336900001</misses>
				<total>9</total>
				<timestamp>3331.038458</timestamp>
			</report>
			<report>
				<misses>337000001</misses>
				<total>9</total>
				<timestamp>3332.022148</timestamp>
			</report>
			<report>
				<misses>337100001</misses>
				<total>9</total>
				<timestamp>3333.004035</timestamp>
			</report>
			<report>
				<misses>337200001</misses>
				<total>9</total>
				<timestamp>3333.987464</timestamp>
			</report>
			<report>
				<misses>337300001</misses>
				<total>9</total>
				<timestamp>3334.969735</timestamp>
			</report>
			<report>
				<misses>337400001</misses>
				<total>9</total>
				<timestamp>3335.951246</timestamp>
			</report>
			<report>
				<misses>337500001</misses>
				<total>9</total>
				<timestamp>3336.933915</timestamp>
			</report>
			<report>
				<misses>337600001</misses>
				<total>9</total>
				<timestamp>3337.917368</timestamp>
			</report>
			<report>
				<misses>337700001</misses>
				<total>9</total>
				<timestamp>3338.898722</timestamp>
			</report>
			<report>
				<misses>337800001</misses>
				<total>9</total>
				<timestamp>3339.882006</timestamp>
			</report>
			<report>
				<misses>337900001</misses>
				<total>9</total>
				<timestamp>3340.864297</timestamp>
			</report>
			<report>
				<misses>338000001</misses>
				<total>9</total>
				<timestamp>3341.847342</timestamp>
			</report>
			<report>
				<misses>338100001</misses>
				<total>9</total>
				<timestamp>3342.829221</timestamp>
			</report>
			<report>
				<misses>338200001</misses>
				<total>9</total>
				<timestamp>3343.811872</timestamp>
			</report>
			<report>
				<misses>338300001</misses>
				<total>9</total>
				<timestamp>3344.798920</timestamp>
			</report>
			<report>
				<misses>338400001</misses>
				<total>9</total>
				<timestamp>3345.789844</timestamp>
			</report>
			<report>
				<misses>338500001</misses>
				<total>9</total>
				<timestamp>3346.781152</timestamp>
			</report>
			<report>
				<misses>338600001</misses>
				<total>9</total>
				<timestamp>3347.771802</timestamp>
			</report>
			<report>
				<misses>338700001</misses>
				<total>9</total>
				<timestamp>3348.762344</timestamp>
			</report>
			<report>
				<misses>338800001</misses>
				<total>9</total>
				<timestamp>3349.753272</timestamp>
			</report>
			<report>
				<misses>338900001</misses>
				<total>9</total>
				<timestamp>3350.743176</timestamp>
			</report>
			<report>
				<misses>339000001</misses>
				<total>9</total>
				<timestamp>3351.734323</timestamp>
			</report>
			<report>
				<misses>339100001</misses>
				<total>9</total>
				<timestamp>3352.725520</timestamp>
			</report>
			<report>
				<misses>339200001</misses>
				<total>9</total>
				<timestamp>3353.716536</timestamp>
			</report>
			<report>
				<misses>339300001</misses>
				<total>9</total>
				<timestamp>3354.707718</timestamp>
			</report>
			<report>
				<misses>339400001</misses>
				<total>9</total>
				<timestamp>3355.698889</timestamp>
			</report>
			<report>
				<misses>339500001</misses>
				<total>9</total>
				<timestamp>3356.689793</timestamp>
			</report>
			<report>
				<misses>339600001</misses>
				<total>9</total>
				<timestamp>3357.680832</timestamp>
			</report>
			<report>
				<misses>339700001</misses>
				<total>9</total>
				<timestamp>3358.671365</timestamp>
			</report>
			<report>
				<misses>339800001</misses>
				<total>9</total>
				<timestamp>3359.662668</timestamp>
			</report>
			<report>
				<misses>339900001</misses>
				<total>9</total>
				<timestamp>3360.653835</timestamp>
			</report>
			<report>
				<misses>340000001</misses>
				<total>9</total>
				<timestamp>3361.645021</timestamp>
			</report>
			<report>
				<misses>340100001</misses>
				<total>9</total>
				<timestamp>3362.635687</timestamp>
			</report>
			<report>
				<misses>340200001</misses>
				<total>9</total>
				<timestamp>3363.626612</timestamp>
			</report>
			<report>
				<misses>340300001</misses>
				<total>9</total>
				<timestamp>3364.617536</timestamp>
			</report>
			<report>
				<misses>340400001</misses>
				<total>9</total>
				<timestamp>3365.608193</timestamp>
			</report>
			<report>
				<misses>340500001</misses>
				<total>9</total>
				<timestamp>3366.598873</timestamp>
			</report>
			<report>
				<misses>340600001</misses>
				<total>9</total>
				<timestamp>3367.590298</timestamp>
			</report>
			<report>
				<misses>340700001</misses>
				<total>9</total>
				<timestamp>3368.581219</timestamp>
			</report>
			<report>
				<misses>340800001</misses>
				<total>9</total>
				<timestamp>3369.572277</timestamp>
			</report>
			<report>
				<misses>340900001</misses>
				<total>9</total>
				<timestamp>3370.563075</timestamp>
			</report>
			<report>
				<misses>341000001</misses>
				<total>9</total>
				<timestamp>3371.553988</timestamp>
			</report>
			<report>
				<misses>341100001</misses>
				<total>9</total>
				<timestamp>3372.545418</timestamp>
			</report>
			<report>
				<misses>341200001</misses>
				<total>9</total>
				<timestamp>3373.536204</timestamp>
			</report>
			<report>
				<misses>341300001</misses>
				<total>9</total>
				<timestamp>3374.527756</timestamp>
			</report>
			<report>
				<misses>341400001</misses>
				<total>9</total>
				<timestamp>3375.519061</timestamp>
			</report>
			<report>
				<misses>341500001</misses>
				<total>9</total>
				<timestamp>3376.510104</timestamp>
			</report>
			<report>
				<misses>341600001</misses>
				<total>9</total>
				<timestamp>3377.500637</timestamp>
			</report>
			<report>
				<misses>341700001</misses>
				<total>9</total>
				<timestamp>3378.490778</timestamp>
			</report>
			<report>
				<misses>341800001</misses>
				<total>9</total>
				<timestamp>3379.481427</timestamp>
			</report>
			<report>
				<misses>341900001</misses>
				<total>9</total>
				<timestamp>3380.473264</timestamp>
			</report>
			<report>
				<misses>342000001</misses>
				<total>9</total>
				<timestamp>3381.464462</timestamp>
			</report>
			<report>
				<misses>342100001</misses>
				<total>9</total>
				<timestamp>3382.456375</timestamp>
			</report>
			<report>
				<misses>342200001</misses>
				<total>9</total>
				<timestamp>3383.447571</timestamp>
			</report>
			<report>
				<misses>342300001</misses>
				<total>9</total>
				<timestamp>3384.438836</timestamp>
			</report>
			<report>
				<misses>342400001</misses>
				<total>9</total>
				<timestamp>3385.430146</timestamp>
			</report>
			<report>
				<misses>342500001</misses>
				<total>9</total>
				<timestamp>3386.421709</timestamp>
			</report>
			<report>
				<misses>342600001</misses>
				<total>9</total>
				<timestamp>3387.413155</timestamp>
			</report>
			<report>
				<misses>342700001</misses>
				<total>9</total>
				<timestamp>3388.403306</timestamp>
			</report>
			<report>
				<misses>342800001</misses>
				<total>9</total>
				<timestamp>3389.393076</timestamp>
			</report>
			<report>
				<misses>342900001</misses>
				<total>9</total>
				<timestamp>3390.383240</timestamp>
			</report>
			<report>
				<misses>343000001</misses>
				<total>9</total>
				<timestamp>3391.374384</timestamp>
			</report>
			<report>
				<misses>343100001</misses>
				<total>9</total>
				<timestamp>3392.364661</timestamp>
			</report>
			<report>
				<misses>343200001</misses>
				<total>9</total>
				<timestamp>3393.355707</timestamp>
			</report>
			<report>
				<misses>343300001</misses>
				<total>9</total>
				<timestamp>3394.346256</timestamp>
			</report>
			<report>
				<misses>343400001</misses>
				<total>9</total>
				<timestamp>3395.337035</timestamp>
			</report>
			<report>
				<misses>343500001</misses>
				<total>9</total>
				<timestamp>3396.328229</timestamp>
			</report>
			<report>
				<misses>343600001</misses>
				<total>9</total>
				<timestamp>3397.318609</timestamp>
			</report>
			<report>
				<misses>343700001</misses>
				<total>9</total>
				<timestamp>3398.308865</timestamp>
			</report>
			<report>
				<misses>343800001</misses>
				<total>9</total>
				<timestamp>3399.299273</timestamp>
			</report>
			<report>
				<misses>343900001</misses>
				<total>9</total>
				<timestamp>3400.290450</timestamp>
			</report>
			<report>
				<misses>344000001</misses>
				<total>9</total>
				<timestamp>3401.281374</timestamp>
			</report>
			<report>
				<misses>344100001</misses>
				<total>9</total>
				<timestamp>3402.272432</timestamp>
			</report>
			<report>
				<misses>344200001</misses>
				<total>9</total>
				<timestamp>3403.263223</timestamp>
			</report>
			<report>
				<misses>344300001</misses>
				<total>9</total>
				<timestamp>3404.250416</timestamp>
			</report>
			<report>
				<misses>344400001</misses>
				<total>9</total>
				<timestamp>3405.233730</timestamp>
			</report>
			<report>
				<misses>344500001</misses>
				<total>9</total>
				<timestamp>3406.215880</timestamp>
			</report>
			<report>
				<misses>344600001</misses>
				<total>9</total>
				<timestamp>3407.197639</timestamp>
			</report>
			<report>
				<misses>344700001</misses>
				<total>9</total>
				<timestamp>3408.181853</timestamp>
			</report>
			<report>
				<misses>344800001</misses>
				<total>9</total>
				<timestamp>3409.165693</timestamp>
			</report>
			<report>
				<misses>344900001</misses>
				<total>9</total>
				<timestamp>3410.148721</timestamp>
			</report>
			<report>
				<misses>345000001</misses>
				<total>9</total>
				<timestamp>3411.132376</timestamp>
			</report>
			<report>
				<misses>345100001</misses>
				<total>9</total>
				<timestamp>3412.116198</timestamp>
			</report>
			<report>
				<misses>345200001</misses>
				<total>9</total>
				<timestamp>3413.098864</timestamp>
			</report>
			<report>
				<misses>345300001</misses>
				<total>9</total>
				<timestamp>3414.081134</timestamp>
			</report>
			<report>
				<misses>345400001</misses>
				<total>9</total>
				<timestamp>3415.064167</timestamp>
			</report>
			<report>
				<misses>345500001</misses>
				<total>9</total>
				<timestamp>3416.048385</timestamp>
			</report>
			<report>
				<misses>345600001</misses>
				<total>9</total>
				<timestamp>3417.031424</timestamp>
			</report>
			<report>
				<misses>345700001</misses>
				<total>9</total>
				<timestamp>3418.014332</timestamp>
			</report>
			<report>
				<misses>345800001</misses>
				<total>9</total>
				<timestamp>3418.998030</timestamp>
			</report>
			<report>
				<misses>345900001</misses>
				<total>9</total>
				<timestamp>3419.981058</timestamp>
			</report>
			<report>
				<misses>346000001</misses>
				<total>9</total>
				<timestamp>3420.964907</timestamp>
			</report>
			<report>
				<misses>346100001</misses>
				<total>9</total>
				<timestamp>3421.948439</timestamp>
			</report>
			<report>
				<misses>346200001</misses>
				<total>9</total>
				<timestamp>3422.932386</timestamp>
			</report>
			<report>
				<misses>346300001</misses>
				<total>9</total>
				<timestamp>3423.914924</timestamp>
			</report>
			<report>
				<misses>346400001</misses>
				<total>9</total>
				<timestamp>3424.898236</timestamp>
			</report>
			<report>
				<misses>346500001</misses>
				<total>9</total>
				<timestamp>3425.881179</timestamp>
			</report>
			<report>
				<misses>346600001</misses>
				<total>9</total>
				<timestamp>3426.863838</timestamp>
			</report>
			<report>
				<misses>346700001</misses>
				<total>9</total>
				<timestamp>3427.846752</timestamp>
			</report>
			<report>
				<misses>346800001</misses>
				<total>9</total>
				<timestamp>3428.830566</timestamp>
			</report>
			<report>
				<misses>346900001</misses>
				<total>9</total>
				<timestamp>3429.813875</timestamp>
			</report>
			<report>
				<misses>347000001</misses>
				<total>9</total>
				<timestamp>3430.796811</timestamp>
			</report>
			<report>
				<misses>347100001</misses>
				<total>9</total>
				<timestamp>3431.779442</timestamp>
			</report>
			<report>
				<misses>347200001</misses>
				<total>9</total>
				<timestamp>3432.763148</timestamp>
			</report>
			<report>
				<misses>347300001</misses>
				<total>9</total>
				<timestamp>3433.746318</timestamp>
			</report>
			<report>
				<misses>347400001</misses>
				<total>9</total>
				<timestamp>3434.729218</timestamp>
			</report>
			<report>
				<misses>347500001</misses>
				<total>9</total>
				<timestamp>3435.713309</timestamp>
			</report>
			<report>
				<misses>347600001</misses>
				<total>9</total>
				<timestamp>3436.696327</timestamp>
			</report>
			<report>
				<misses>347700001</misses>
				<total>9</total>
				<timestamp>3437.678981</timestamp>
			</report>
			<report>
				<misses>347800001</misses>
				<total>9</total>
				<timestamp>3438.661776</timestamp>
			</report>
			<report>
				<misses>347900001</misses>
				<total>9</total>
				<timestamp>3439.645342</timestamp>
			</report>
			<report>
				<misses>348000001</misses>
				<total>9</total>
				<timestamp>3440.629954</timestamp>
			</report>
			<report>
				<misses>348100001</misses>
				<total>9</total>
				<timestamp>3441.611428</timestamp>
			</report>
			<report>
				<misses>348200001</misses>
				<total>9</total>
				<timestamp>3442.594366</timestamp>
			</report>
			<report>
				<misses>348300001</misses>
				<total>9</total>
				<timestamp>3443.576078</timestamp>
			</report>
			<report>
				<misses>348400001</misses>
				<total>9</total>
				<timestamp>3444.559522</timestamp>
			</report>
			<report>
				<misses>348500001</misses>
				<total>9</total>
				<timestamp>3445.542831</timestamp>
			</report>
			<report>
				<misses>348600001</misses>
				<total>9</total>
				<timestamp>3446.526404</timestamp>
			</report>
			<report>
				<misses>348700001</misses>
				<total>9</total>
				<timestamp>3447.509706</timestamp>
			</report>
			<report>
				<misses>348800001</misses>
				<total>9</total>
				<timestamp>3448.492611</timestamp>
			</report>
			<report>
				<misses>348900001</misses>
				<total>9</total>
				<timestamp>3449.475644</timestamp>
			</report>
			<report>
				<misses>349000001</misses>
				<total>9</total>
				<timestamp>3450.458565</timestamp>
			</report>
			<report>
				<misses>349100001</misses>
				<total>9</total>
				<timestamp>3451.440712</timestamp>
			</report>
			<report>
				<misses>349200001</misses>
				<total>9</total>
				<timestamp>3452.424791</timestamp>
			</report>
			<report>
				<misses>349300001</misses>
				<total>9</total>
				<timestamp>3453.408490</timestamp>
			</report>
			<report>
				<misses>349400001</misses>
				<total>9</total>
				<timestamp>3454.391161</timestamp>
			</report>
			<report>
				<misses>349500001</misses>
				<total>9</total>
				<timestamp>3455.376028</timestamp>
			</report>
			<report>
				<misses>349600001</misses>
				<total>9</total>
				<timestamp>3456.366047</timestamp>
			</report>
			<report>
				<misses>349700001</misses>
				<total>9</total>
				<timestamp>3457.357182</timestamp>
			</report>
			<report>
				<misses>349800001</misses>
				<total>9</total>
				<timestamp>3458.347059</timestamp>
			</report>
			<report>
				<misses>349900001</misses>
				<total>9</total>
				<timestamp>3459.337050</timestamp>
			</report>
			<report>
				<misses>350000001</misses>
				<total>9</total>
				<timestamp>3460.327434</timestamp>
			</report>
			<report>
				<misses>350100001</misses>
				<total>9</total>
				<timestamp>3461.317944</timestamp>
			</report>
			<report>
				<misses>350200001</misses>
				<total>9</total>
				<timestamp>3462.309223</timestamp>
			</report>
			<report>
				<misses>350300001</misses>
				<total>9</total>
				<timestamp>3463.299368</timestamp>
			</report>
			<report>
				<misses>350400001</misses>
				<total>9</total>
				<timestamp>3464.289744</timestamp>
			</report>
			<report>
				<misses>350500001</misses>
				<total>9</total>
				<timestamp>3465.280770</timestamp>
			</report>
			<report>
				<misses>350600001</misses>
				<total>9</total>
				<timestamp>3466.271039</timestamp>
			</report>
			<report>
				<misses>350700001</misses>
				<total>9</total>
				<timestamp>3467.260646</timestamp>
			</report>
			<report>
				<misses>350800001</misses>
				<total>9</total>
				<timestamp>3468.251169</timestamp>
			</report>
			<report>
				<misses>350900001</misses>
				<total>9</total>
				<timestamp>3469.242330</timestamp>
			</report>
			<report>
				<misses>351000001</misses>
				<total>9</total>
				<timestamp>3470.233610</timestamp>
			</report>
			<report>
				<misses>351100001</misses>
				<total>9</total>
				<timestamp>3471.224014</timestamp>
			</report>
			<report>
				<misses>351200001</misses>
				<total>9</total>
				<timestamp>3472.215169</timestamp>
			</report>
			<report>
				<misses>351300001</misses>
				<total>9</total>
				<timestamp>3473.205949</timestamp>
			</report>
			<report>
				<misses>351400001</misses>
				<total>9</total>
				<timestamp>3474.197115</timestamp>
			</report>
			<report>
				<misses>351500001</misses>
				<total>9</total>
				<timestamp>3475.188647</timestamp>
			</report>
			<report>
				<misses>351600001</misses>
				<total>9</total>
				<timestamp>3476.179540</timestamp>
			</report>
			<report>
				<misses>351700001</misses>
				<total>9</total>
				<timestamp>3477.170191</timestamp>
			</report>
			<report>
				<misses>351800001</misses>
				<total>9</total>
				<timestamp>3478.160700</timestamp>
			</report>
			<report>
				<misses>351900001</misses>
				<total>9</total>
				<timestamp>3479.150981</timestamp>
			</report>
			<report>
				<misses>352000001</misses>
				<total>9</total>
				<timestamp>3480.141492</timestamp>
			</report>
			<report>
				<misses>352100001</misses>
				<total>9</total>
				<timestamp>3481.132399</timestamp>
			</report>
			<report>
				<misses>352200001</misses>
				<total>9</total>
				<timestamp>3482.122374</timestamp>
			</report>
			<report>
				<misses>352300001</misses>
				<total>9</total>
				<timestamp>3483.113666</timestamp>
			</report>
			<report>
				<misses>352400001</misses>
				<total>9</total>
				<timestamp>3484.105092</timestamp>
			</report>
			<report>
				<misses>352500001</misses>
				<total>9</total>
				<timestamp>3485.096005</timestamp>
			</report>
			<report>
				<misses>352600001</misses>
				<total>9</total>
				<timestamp>3486.085874</timestamp>
			</report>
			<report>
				<misses>352700001</misses>
				<total>9</total>
				<timestamp>3487.076393</timestamp>
			</report>
			<report>
				<misses>352800001</misses>
				<total>9</total>
				<timestamp>3488.067405</timestamp>
			</report>
			<report>
				<misses>352900001</misses>
				<total>9</total>
				<timestamp>3489.058058</timestamp>
			</report>
			<report>
				<misses>353000001</misses>
				<total>9</total>
				<timestamp>3490.049213</timestamp>
			</report>
			<report>
				<misses>353100001</misses>
				<total>9</total>
				<timestamp>3491.039870</timestamp>
			</report>
			<report>
				<misses>353200001</misses>
				<total>9</total>
				<timestamp>3492.029607</timestamp>
			</report>
			<report>
				<misses>353300001</misses>
				<total>9</total>
				<timestamp>3493.020902</timestamp>
			</report>
			<report>
				<misses>353400001</misses>
				<total>9</total>
				<timestamp>3494.012577</timestamp>
			</report>
			<report>
				<misses>353500001</misses>
				<total>9</total>
				<timestamp>3495.003232</timestamp>
			</report>
			<report>
				<misses>353600001</misses>
				<total>9</total>
				<timestamp>3495.993735</timestamp>
			</report>
			<report>
				<misses>353700001</misses>
				<total>9</total>
				<timestamp>3496.984240</timestamp>
			</report>
			<report>
				<misses>353800001</misses>
				<total>9</total>
				<timestamp>3497.975286</timestamp>
			</report>
			<report>
				<misses>353900001</misses>
				<total>9</total>
				<timestamp>3498.966455</timestamp>
			</report>
			<report>
				<misses>354000001</misses>
				<total>9</total>
				<timestamp>3499.957335</timestamp>
			</report>
			<report>
				<misses>354100001</misses>
				<total>9</total>
				<timestamp>3500.948109</timestamp>
			</report>
			<report>
				<misses>354200001</misses>
				<total>9</total>
				<timestamp>3501.939024</timestamp>
			</report>
			<report>
				<misses>354300001</misses>
				<total>9</total>
				<timestamp>3502.929676</timestamp>
			</report>
			<report>
				<misses>354400001</misses>
				<total>9</total>
				<timestamp>3503.921074</timestamp>
			</report>
			<report>
				<misses>354500001</misses>
				<total>9</total>
				<timestamp>3504.911348</timestamp>
			</report>
			<report>
				<misses>354600001</misses>
				<total>9</total>
				<timestamp>3505.902261</timestamp>
			</report>
			<report>
				<misses>354700001</misses>
				<total>9</total>
				<timestamp>3506.892627</timestamp>
			</report>
			<report>
				<misses>354800001</misses>
				<total>9</total>
				<timestamp>3507.884053</timestamp>
			</report>
			<report>
				<misses>354900001</misses>
				<total>9</total>
				<timestamp>3508.874702</timestamp>
			</report>
			<report>
				<misses>355000001</misses>
				<total>9</total>
				<timestamp>3509.865985</timestamp>
			</report>
			<report>
				<misses>355100001</misses>
				<total>9</total>
				<timestamp>3510.857667</timestamp>
			</report>
			<report>
				<misses>355200001</misses>
				<total>9</total>
				<timestamp>3511.848427</timestamp>
			</report>
			<report>
				<misses>355300001</misses>
				<total>9</total>
				<timestamp>3512.838569</timestamp>
			</report>
			<report>
				<misses>355400001</misses>
				<total>9</total>
				<timestamp>3513.829718</timestamp>
			</report>
			<report>
				<misses>355500001</misses>
				<total>9</total>
				<timestamp>3514.821277</timestamp>
			</report>
			<report>
				<misses>355600001</misses>
				<total>9</total>
				<timestamp>3515.812163</timestamp>
			</report>
			<report>
				<misses>355700001</misses>
				<total>9</total>
				<timestamp>3516.803076</timestamp>
			</report>
			<report>
				<misses>355800001</misses>
				<total>9</total>
				<timestamp>3517.794486</timestamp>
			</report>
			<report>
				<misses>355900001</misses>
				<total>9</total>
				<timestamp>3518.785146</timestamp>
			</report>
			<report>
				<misses>356000001</misses>
				<total>9</total>
				<timestamp>3519.776183</timestamp>
			</report>
			<report>
				<misses>356100001</misses>
				<total>9</total>
				<timestamp>3520.767207</timestamp>
			</report>
			<report>
				<misses>356200001</misses>
				<total>9</total>
				<timestamp>3521.757579</timestamp>
			</report>
			<report>
				<misses>356300001</misses>
				<total>9</total>
				<timestamp>3522.748507</timestamp>
			</report>
			<report>
				<misses>356400001</misses>
				<total>9</total>
				<timestamp>3523.739538</timestamp>
			</report>
			<report>
				<misses>356500001</misses>
				<total>9</total>
				<timestamp>3524.730312</timestamp>
			</report>
			<report>
				<misses>356600001</misses>
				<total>9</total>
				<timestamp>3525.721581</timestamp>
			</report>
			<report>
				<misses>356700001</misses>
				<total>9</total>
				<timestamp>3526.713260</timestamp>
			</report>
			<report>
				<misses>356800001</misses>
				<total>9</total>
				<timestamp>3527.703644</timestamp>
			</report>
			<report>
				<misses>356900001</misses>
				<total>9</total>
				<timestamp>3528.694286</timestamp>
			</report>
			<report>
				<misses>357000001</misses>
				<total>9</total>
				<timestamp>3529.684554</timestamp>
			</report>
			<report>
				<misses>357100001</misses>
				<total>9</total>
				<timestamp>3530.675722</timestamp>
			</report>
			<report>
				<misses>357200001</misses>
				<total>9</total>
				<timestamp>3531.666886</timestamp>
			</report>
			<report>
				<misses>357300001</misses>
				<total>9</total>
				<timestamp>3532.658300</timestamp>
			</report>
			<report>
				<misses>357400001</misses>
				<total>9</total>
				<timestamp>3533.649061</timestamp>
			</report>
			<report>
				<misses>357500001</misses>
				<total>9</total>
				<timestamp>3534.639979</timestamp>
			</report>
			<report>
				<misses>357600001</misses>
				<total>9</total>
				<timestamp>3535.631376</timestamp>
			</report>
			<report>
				<misses>357700001</misses>
				<total>9</total>
				<timestamp>3536.621909</timestamp>
			</report>
			<report>
				<misses>357800001</misses>
				<total>9</total>
				<timestamp>3537.612438</timestamp>
			</report>
			<report>
				<misses>357900001</misses>
				<total>9</total>
				<timestamp>3538.602689</timestamp>
			</report>
			<report>
				<misses>358000001</misses>
				<total>9</total>
				<timestamp>3539.592947</timestamp>
			</report>
			<report>
				<misses>358100001</misses>
				<total>9</total>
				<timestamp>3540.583573</timestamp>
			</report>
			<report>
				<misses>358200001</misses>
				<total>9</total>
				<timestamp>3541.575005</timestamp>
			</report>
			<report>
				<misses>358300001</misses>
				<total>9</total>
				<timestamp>3542.565888</timestamp>
			</report>
			<report>
				<misses>358400001</misses>
				<total>9</total>
				<timestamp>3543.556432</timestamp>
			</report>
			<report>
				<misses>358500001</misses>
				<total>9</total>
				<timestamp>3544.547208</timestamp>
			</report>
			<report>
				<misses>358600001</misses>
				<total>9</total>
				<timestamp>3545.538091</timestamp>
			</report>
			<report>
				<misses>358700001</misses>
				<total>9</total>
				<timestamp>3546.529138</timestamp>
			</report>
			<report>
				<misses>358800001</misses>
				<total>9</total>
				<timestamp>3547.519822</timestamp>
			</report>
			<report>
				<misses>358900001</misses>
				<total>9</total>
				<timestamp>3548.510357</timestamp>
			</report>
			<report>
				<misses>359000001</misses>
				<total>9</total>
				<timestamp>3549.500781</timestamp>
			</report>
			<report>
				<misses>359100001</misses>
				<total>9</total>
				<timestamp>3550.492089</timestamp>
			</report>
			<report>
				<misses>359200001</misses>
				<total>9</total>
				<timestamp>3551.483233</timestamp>
			</report>
			<report>
				<misses>359300001</misses>
				<total>9</total>
				<timestamp>3552.474421</timestamp>
			</report>
			<report>
				<misses>359400001</misses>
				<total>9</total>
				<timestamp>3553.464956</timestamp>
			</report>
			<report>
				<misses>359500001</misses>
				<total>9</total>
				<timestamp>3554.455996</timestamp>
			</report>
			<report>
				<misses>359600001</misses>
				<total>9</total>
				<timestamp>3555.446910</timestamp>
			</report>
			<report>
				<misses>359700001</misses>
				<total>9</total>
				<timestamp>3556.438225</timestamp>
			</report>
			<report>
				<misses>359800001</misses>
				<total>9</total>
				<timestamp>3557.428893</timestamp>
			</report>
			<report>
				<misses>359900001</misses>
				<total>9</total>
				<timestamp>3558.419315</timestamp>
			</report>
			<report>
				<misses>360000001</misses>
				<total>9</total>
				<timestamp>3559.410486</timestamp>
			</report>
			<report>
				<misses>360100001</misses>
				<total>9</total>
				<timestamp>3560.400998</timestamp>
			</report>
			<report>
				<misses>360200001</misses>
				<total>9</total>
				<timestamp>3561.392291</timestamp>
			</report>
			<report>
				<misses>360300001</misses>
				<total>9</total>
				<timestamp>3562.383088</timestamp>
			</report>
			<report>
				<misses>360400001</misses>
				<total>9</total>
				<timestamp>3563.374402</timestamp>
			</report>
			<report>
				<misses>360500001</misses>
				<total>9</total>
				<timestamp>3564.365327</timestamp>
			</report>
			<report>
				<misses>360600001</misses>
				<total>9</total>
				<timestamp>3565.356245</timestamp>
			</report>
			<report>
				<misses>360700001</misses>
				<total>9</total>
				<timestamp>3566.348437</timestamp>
			</report>
			<report>
				<misses>360800001</misses>
				<total>9</total>
				<timestamp>3567.339223</timestamp>
			</report>
			<report>
				<misses>360900001</misses>
				<total>9</total>
				<timestamp>3568.330535</timestamp>
			</report>
			<report>
				<misses>361000001</misses>
				<total>9</total>
				<timestamp>3569.321306</timestamp>
			</report>
			<report>
				<misses>361100001</misses>
				<total>9</total>
				<timestamp>3570.311552</timestamp>
			</report>
			<report>
				<misses>361200001</misses>
				<total>9</total>
				<timestamp>3571.302470</timestamp>
			</report>
			<report>
				<misses>361300001</misses>
				<total>9</total>
				<timestamp>3572.293778</timestamp>
			</report>
			<report>
				<misses>361400001</misses>
				<total>9</total>
				<timestamp>3573.284941</timestamp>
			</report>
			<report>
				<misses>361500001</misses>
				<total>9</total>
				<timestamp>3574.275088</timestamp>
			</report>
			<report>
				<misses>361600001</misses>
				<total>9</total>
				<timestamp>3575.266401</timestamp>
			</report>
			<report>
				<misses>361700001</misses>
				<total>9</total>
				<timestamp>3576.257321</timestamp>
			</report>
			<report>
				<misses>361800001</misses>
				<total>9</total>
				<timestamp>3577.247854</timestamp>
			</report>
			<report>
				<misses>361900001</misses>
				<total>9</total>
				<timestamp>3578.238525</timestamp>
			</report>
			<report>
				<misses>362000001</misses>
				<total>9</total>
				<timestamp>3579.228669</timestamp>
			</report>
			<report>
				<misses>362100001</misses>
				<total>9</total>
				<timestamp>3580.219582</timestamp>
			</report>
			<report>
				<misses>362200001</misses>
				<total>9</total>
				<timestamp>3581.210261</timestamp>
			</report>
			<report>
				<misses>362300001</misses>
				<total>9</total>
				<timestamp>3582.202051</timestamp>
			</report>
			<report>
				<misses>362400001</misses>
				<total>9</total>
				<timestamp>3583.193229</timestamp>
			</report>
			<report>
				<misses>362500001</misses>
				<total>9</total>
				<timestamp>3584.184150</timestamp>
			</report>
			<report>
				<misses>362600001</misses>
				<total>9</total>
				<timestamp>3585.175464</timestamp>
			</report>
			<report>
				<misses>362700001</misses>
				<total>9</total>
				<timestamp>3586.166748</timestamp>
			</report>
			<report>
				<misses>362800001</misses>
				<total>9</total>
				<timestamp>3587.157413</timestamp>
			</report>
			<report>
				<misses>362900001</misses>
				<total>9</total>
				<timestamp>3588.148468</timestamp>
			</report>
			<report>
				<misses>363000001</misses>
				<total>9</total>
				<timestamp>3589.140675</timestamp>
			</report>
			<report>
				<misses>363100001</misses>
				<total>9</total>
				<timestamp>3590.132086</timestamp>
			</report>
			<report>
				<misses>363200001</misses>
				<total>9</total>
				<timestamp>3591.121591</timestamp>
			</report>
			<report>
				<misses>363300001</misses>
				<total>9</total>
				<timestamp>3592.113941</timestamp>
			</report>
			<report>
				<misses>363400001</misses>
				<total>9</total>
				<timestamp>3593.104190</timestamp>
			</report>
			<report>
				<misses>363500001</misses>
				<total>9</total>
				<timestamp>3594.094925</timestamp>
			</report>
			<report>
				<misses>363600001</misses>
				<total>9</total>
				<timestamp>3595.086103</timestamp>
			</report>
			<report>
				<misses>363700001</misses>
				<total>9</total>
				<timestamp>3596.076892</timestamp>
			</report>
			<report>
				<misses>363800001</misses>
				<total>9</total>
				<timestamp>3597.067431</timestamp>
			</report>
			<report>
				<misses>363900001</misses>
				<total>9</total>
				<timestamp>3598.058740</timestamp>
			</report>
			<report>
				<misses>364000001</misses>
				<total>9</total>
				<timestamp>3599.049542</timestamp>
			</report>
			<report>
				<misses>364100001</misses>
				<total>9</total>
				<timestamp>3600.040207</timestamp>
			</report>
			<report>
				<misses>364200001</misses>
				<total>9</total>
				<timestamp>3601.031904</timestamp>
			</report>
			<report>
				<misses>364300001</misses>
				<total>9</total>
				<timestamp>3602.021657</timestamp>
			</report>
			<report>
				<misses>364400001</misses>
				<total>9</total>
				<timestamp>3603.012311</timestamp>
			</report>
			<report>
				<misses>364500001</misses>
				<total>9</total>
				<timestamp>3604.003112</timestamp>
			</report>
			<report>
				<misses>364600001</misses>
				<total>9</total>
				<timestamp>3604.994675</timestamp>
			</report>
			<report>
				<misses>364700001</misses>
				<total>9</total>
				<timestamp>3605.985202</timestamp>
			</report>
			<report>
				<misses>364800001</misses>
				<total>9</total>
				<timestamp>3606.975714</timestamp>
			</report>
			<report>
				<misses>364900001</misses>
				<total>9</total>
				<timestamp>3607.966492</timestamp>
			</report>
			<report>
				<misses>365000001</misses>
				<total>9</total>
				<timestamp>3608.957278</timestamp>
			</report>
			<report>
				<misses>365100001</misses>
				<total>9</total>
				<timestamp>3609.948711</timestamp>
			</report>
			<report>
				<misses>365200001</misses>
				<total>9</total>
				<timestamp>3610.939767</timestamp>
			</report>
			<report>
				<misses>365300001</misses>
				<total>9</total>
				<timestamp>3611.930300</timestamp>
			</report>
			<report>
				<misses>365400001</misses>
				<total>9</total>
				<timestamp>3612.921595</timestamp>
			</report>
			<report>
				<misses>365500001</misses>
				<total>9</total>
				<timestamp>3613.912245</timestamp>
			</report>
			<report>
				<misses>365600001</misses>
				<total>9</total>
				<timestamp>3614.902783</timestamp>
			</report>
			<report>
				<misses>365700001</misses>
				<total>9</total>
				<timestamp>3615.894323</timestamp>
			</report>
			<report>
				<misses>365800001</misses>
				<total>9</total>
				<timestamp>3616.885633</timestamp>
			</report>
			<report>
				<misses>365900001</misses>
				<total>9</total>
				<timestamp>3617.876817</timestamp>
			</report>
			<report>
				<misses>366000001</misses>
				<total>9</total>
				<timestamp>3618.868068</timestamp>
			</report>
			<report>
				<misses>366100001</misses>
				<total>9</total>
				<timestamp>3619.859501</timestamp>
			</report>
			<report>
				<misses>366200001</misses>
				<total>9</total>
				<timestamp>3620.850919</timestamp>
			</report>
			<report>
				<misses>366300001</misses>
				<total>9</total>
				<timestamp>3621.841445</timestamp>
			</report>
			<report>
				<misses>366400001</misses>
				<total>9</total>
				<timestamp>3622.832610</timestamp>
			</report>
			<report>
				<misses>366500001</misses>
				<total>9</total>
				<timestamp>3623.824306</timestamp>
			</report>
			<report>
				<misses>366600001</misses>
				<total>9</total>
				<timestamp>3624.815088</timestamp>
			</report>
			<report>
				<misses>366700001</misses>
				<total>9</total>
				<timestamp>3625.805758</timestamp>
			</report>
			<report>
				<misses>366800001</misses>
				<total>9</total>
				<timestamp>3626.800040</timestamp>
			</report>
			<report>
				<misses>366900001</misses>
				<total>9</total>
				<timestamp>3627.790444</timestamp>
			</report>
			<report>
				<misses>367000001</misses>
				<total>9</total>
				<timestamp>3628.780976</timestamp>
			</report>
			<report>
				<misses>367100001</misses>
				<total>9</total>
				<timestamp>3629.772506</timestamp>
			</report>
			<report>
				<misses>367200001</misses>
				<total>9</total>
				<timestamp>3630.763040</timestamp>
			</report>
			<report>
				<misses>367300001</misses>
				<total>9</total>
				<timestamp>3631.753423</timestamp>
			</report>
			<report>
				<misses>367400001</misses>
				<total>9</total>
				<timestamp>3632.743946</timestamp>
			</report>
			<report>
				<misses>367500001</misses>
				<total>9</total>
				<timestamp>3633.735006</timestamp>
			</report>
			<report>
				<misses>367600001</misses>
				<total>9</total>
				<timestamp>3634.726323</timestamp>
			</report>
			<report>
				<misses>367700001</misses>
				<total>9</total>
				<timestamp>3635.717493</timestamp>
			</report>
			<report>
				<misses>367800001</misses>
				<total>9</total>
				<timestamp>3636.708154</timestamp>
			</report>
			<report>
				<misses>367900001</misses>
				<total>9</total>
				<timestamp>3637.699729</timestamp>
			</report>
			<report>
				<misses>368000001</misses>
				<total>9</total>
				<timestamp>3638.690372</timestamp>
			</report>
			<report>
				<misses>368100001</misses>
				<total>9</total>
				<timestamp>3639.681047</timestamp>
			</report>
			<report>
				<misses>368200001</misses>
				<total>9</total>
				<timestamp>3640.671671</timestamp>
			</report>
			<report>
				<misses>368300001</misses>
				<total>9</total>
				<timestamp>3641.662469</timestamp>
			</report>
			<report>
				<misses>368400001</misses>
				<total>9</total>
				<timestamp>3642.653224</timestamp>
			</report>
			<report>
				<misses>368500001</misses>
				<total>9</total>
				<timestamp>3643.644278</timestamp>
			</report>
			<report>
				<misses>368600001</misses>
				<total>9</total>
				<timestamp>3644.633137</timestamp>
			</report>
			<report>
				<misses>368700001</misses>
				<total>9</total>
				<timestamp>3645.610644</timestamp>
			</report>
			<report>
				<misses>368800001</misses>
				<total>9</total>
				<timestamp>3646.586600</timestamp>
			</report>
			<report>
				<misses>368900001</misses>
				<total>9</total>
				<timestamp>3647.562183</timestamp>
			</report>
			<report>
				<misses>369000001</misses>
				<total>9</total>
				<timestamp>3648.538784</timestamp>
			</report>
			<report>
				<misses>369100001</misses>
				<total>9</total>
				<timestamp>3649.524548</timestamp>
			</report>
			<report>
				<misses>369200001</misses>
				<total>9</total>
				<timestamp>3650.515341</timestamp>
			</report>
			<report>
				<misses>369300001</misses>
				<total>9</total>
				<timestamp>3651.506136</timestamp>
			</report>
			<report>
				<misses>369400001</misses>
				<total>9</total>
				<timestamp>3652.497453</timestamp>
			</report>
			<report>
				<misses>369500001</misses>
				<total>9</total>
				<timestamp>3653.488898</timestamp>
			</report>
			<report>
				<misses>369600001</misses>
				<total>9</total>
				<timestamp>3654.479192</timestamp>
			</report>
			<report>
				<misses>369700001</misses>
				<total>9</total>
				<timestamp>3655.470856</timestamp>
			</report>
			<report>
				<misses>369800001</misses>
				<total>9</total>
				<timestamp>3656.462033</timestamp>
			</report>
			<report>
				<misses>369900001</misses>
				<total>9</total>
				<timestamp>3657.453346</timestamp>
			</report>
			<report>
				<misses>370000001</misses>
				<total>9</total>
				<timestamp>3658.443861</timestamp>
			</report>
			<report>
				<misses>370100001</misses>
				<total>9</total>
				<timestamp>3659.435958</timestamp>
			</report>
			<report>
				<misses>370200001</misses>
				<total>9</total>
				<timestamp>3660.427395</timestamp>
			</report>
			<report>
				<misses>370300001</misses>
				<total>9</total>
				<timestamp>3661.418334</timestamp>
			</report>
			<report>
				<misses>370400001</misses>
				<total>9</total>
				<timestamp>3662.410408</timestamp>
			</report>
			<report>
				<misses>370500001</misses>
				<total>9</total>
				<timestamp>3663.401960</timestamp>
			</report>
			<report>
				<misses>370600001</misses>
				<total>9</total>
				<timestamp>3664.393529</timestamp>
			</report>
			<report>
				<misses>370700001</misses>
				<total>9</total>
				<timestamp>3665.384332</timestamp>
			</report>
			<report>
				<misses>370800001</misses>
				<total>9</total>
				<timestamp>3666.375757</timestamp>
			</report>
			<report>
				<misses>370900001</misses>
				<total>9</total>
				<timestamp>3667.367169</timestamp>
			</report>
			<report>
				<misses>371000001</misses>
				<total>9</total>
				<timestamp>3668.358214</timestamp>
			</report>
			<report>
				<misses>371100001</misses>
				<total>9</total>
				<timestamp>3669.349503</timestamp>
			</report>
			<report>
				<misses>371200001</misses>
				<total>9</total>
				<timestamp>3670.341200</timestamp>
			</report>
			<report>
				<misses>371300001</misses>
				<total>9</total>
				<timestamp>3671.331952</timestamp>
			</report>
			<report>
				<misses>371400001</misses>
				<total>9</total>
				<timestamp>3672.323500</timestamp>
			</report>
			<report>
				<misses>371500001</misses>
				<total>9</total>
				<timestamp>3673.314666</timestamp>
			</report>
			<report>
				<misses>371600001</misses>
				<total>9</total>
				<timestamp>3674.306366</timestamp>
			</report>
			<report>
				<misses>371700001</misses>
				<total>9</total>
				<timestamp>3675.297551</timestamp>
			</report>
			<report>
				<misses>371800001</misses>
				<total>9</total>
				<timestamp>3676.288751</timestamp>
			</report>
			<report>
				<misses>371900001</misses>
				<total>9</total>
				<timestamp>3677.280183</timestamp>
			</report>
			<report>
				<misses>372000001</misses>
				<total>9</total>
				<timestamp>3678.271475</timestamp>
			</report>
			<report>
				<misses>372100001</misses>
				<total>9</total>
				<timestamp>3679.263032</timestamp>
			</report>
			<report>
				<misses>372200001</misses>
				<total>9</total>
				<timestamp>3680.254469</timestamp>
			</report>
			<report>
				<misses>372300001</misses>
				<total>9</total>
				<timestamp>3681.246419</timestamp>
			</report>
			<report>
				<misses>372400001</misses>
				<total>9</total>
				<timestamp>3682.237725</timestamp>
			</report>
			<report>
				<misses>372500001</misses>
				<total>9</total>
				<timestamp>3683.227602</timestamp>
			</report>
			<report>
				<misses>372600001</misses>
				<total>9</total>
				<timestamp>3684.217903</timestamp>
			</report>
			<report>
				<misses>372700001</misses>
				<total>9</total>
				<timestamp>3685.209078</timestamp>
			</report>
			<report>
				<misses>372800001</misses>
				<total>9</total>
				<timestamp>3686.200377</timestamp>
			</report>
			<report>
				<misses>372900001</misses>
				<total>9</total>
				<timestamp>3687.191284</timestamp>
			</report>
			<report>
				<misses>373000001</misses>
				<total>9</total>
				<timestamp>3688.181146</timestamp>
			</report>
			<report>
				<misses>373100001</misses>
				<total>9</total>
				<timestamp>3689.171398</timestamp>
			</report>
			<report>
				<misses>373200001</misses>
				<total>9</total>
				<timestamp>3690.162457</timestamp>
			</report>
			<report>
				<misses>373300001</misses>
				<total>9</total>
				<timestamp>3691.152690</timestamp>
			</report>
			<report>
				<misses>373400001</misses>
				<total>9</total>
				<timestamp>3692.143077</timestamp>
			</report>
			<report>
				<misses>373500001</misses>
				<total>9</total>
				<timestamp>3693.134368</timestamp>
			</report>
			<report>
				<misses>373600001</misses>
				<total>9</total>
				<timestamp>3694.126301</timestamp>
			</report>
			<report>
				<misses>373700001</misses>
				<total>9</total>
				<timestamp>3695.116963</timestamp>
			</report>
			<report>
				<misses>373800001</misses>
				<total>9</total>
				<timestamp>3696.107087</timestamp>
			</report>
			<report>
				<misses>373900001</misses>
				<total>9</total>
				<timestamp>3697.097887</timestamp>
			</report>
			<report>
				<misses>374000001</misses>
				<total>9</total>
				<timestamp>3698.088244</timestamp>
			</report>
			<report>
				<misses>374100001</misses>
				<total>9</total>
				<timestamp>3699.078887</timestamp>
			</report>
			<report>
				<misses>374200001</misses>
				<total>9</total>
				<timestamp>3700.069289</timestamp>
			</report>
			<report>
				<misses>374300001</misses>
				<total>9</total>
				<timestamp>3701.060855</timestamp>
			</report>
			<report>
				<misses>374400001</misses>
				<total>9</total>
				<timestamp>3702.052391</timestamp>
			</report>
			<report>
				<misses>374500001</misses>
				<total>9</total>
				<timestamp>3703.042927</timestamp>
			</report>
			<report>
				<misses>374600001</misses>
				<total>9</total>
				<timestamp>3704.033586</timestamp>
			</report>
			<report>
				<misses>374700001</misses>
				<total>9</total>
				<timestamp>3705.024897</timestamp>
			</report>
			<report>
				<misses>374800001</misses>
				<total>9</total>
				<timestamp>3706.015960</timestamp>
			</report>
			<report>
				<misses>374900001</misses>
				<total>9</total>
				<timestamp>3707.006594</timestamp>
			</report>
			<report>
				<misses>375000001</misses>
				<total>9</total>
				<timestamp>3707.997524</timestamp>
			</report>
			<report>
				<misses>375100001</misses>
				<total>9</total>
				<timestamp>3708.988579</timestamp>
			</report>
			<report>
				<misses>375200001</misses>
				<total>9</total>
				<timestamp>3709.979131</timestamp>
			</report>
			<report>
				<misses>375300001</misses>
				<total>9</total>
				<timestamp>3710.970142</timestamp>
			</report>
			<report>
				<misses>375400001</misses>
				<total>9</total>
				<timestamp>3711.961582</timestamp>
			</report>
			<report>
				<misses>375500001</misses>
				<total>9</total>
				<timestamp>3712.952357</timestamp>
			</report>
			<report>
				<misses>375600001</misses>
				<total>9</total>
				<timestamp>3713.943521</timestamp>
			</report>
			<report>
				<misses>375700001</misses>
				<total>9</total>
				<timestamp>3714.934966</timestamp>
			</report>
			<report>
				<misses>375800001</misses>
				<total>9</total>
				<timestamp>3715.928350</timestamp>
			</report>
			<report>
				<misses>375900001</misses>
				<total>9</total>
				<timestamp>3716.920049</timestamp>
			</report>
			<report>
				<misses>376000001</misses>
				<total>9</total>
				<timestamp>3717.911716</timestamp>
			</report>
			<report>
				<misses>376100001</misses>
				<total>9</total>
				<timestamp>3718.902223</timestamp>
			</report>
			<report>
				<misses>376200001</misses>
				<total>9</total>
				<timestamp>3719.892993</timestamp>
			</report>
			<report>
				<misses>376300001</misses>
				<total>9</total>
				<timestamp>3720.883112</timestamp>
			</report>
			<report>
				<misses>376400001</misses>
				<total>9</total>
				<timestamp>3721.874275</timestamp>
			</report>
			<report>
				<misses>376500001</misses>
				<total>9</total>
				<timestamp>3722.865191</timestamp>
			</report>
			<report>
				<misses>376600001</misses>
				<total>9</total>
				<timestamp>3723.858409</timestamp>
			</report>
			<report>
				<misses>376700001</misses>
				<total>9</total>
				<timestamp>3724.849323</timestamp>
			</report>
			<report>
				<misses>376800001</misses>
				<total>9</total>
				<timestamp>3725.840493</timestamp>
			</report>
			<report>
				<misses>376900001</misses>
				<total>9</total>
				<timestamp>3726.832701</timestamp>
			</report>
			<report>
				<misses>377000001</misses>
				<total>9</total>
				<timestamp>3727.822869</timestamp>
			</report>
			<report>
				<misses>377100001</misses>
				<total>9</total>
				<timestamp>3728.814278</timestamp>
			</report>
			<report>
				<misses>377200001</misses>
				<total>9</total>
				<timestamp>3729.805345</timestamp>
			</report>
			<report>
				<misses>377300001</misses>
				<total>9</total>
				<timestamp>3730.795765</timestamp>
			</report>
			<report>
				<misses>377400001</misses>
				<total>9</total>
				<timestamp>3731.786532</timestamp>
			</report>
			<report>
				<misses>377500001</misses>
				<total>9</total>
				<timestamp>3732.778085</timestamp>
			</report>
			<report>
				<misses>377600001</misses>
				<total>9</total>
				<timestamp>3733.768739</timestamp>
			</report>
			<report>
				<misses>377700001</misses>
				<total>9</total>
				<timestamp>3734.759672</timestamp>
			</report>
			<report>
				<misses>377800001</misses>
				<total>9</total>
				<timestamp>3735.750343</timestamp>
			</report>
			<report>
				<misses>377900001</misses>
				<total>9</total>
				<timestamp>3736.741549</timestamp>
			</report>
			<report>
				<misses>378000001</misses>
				<total>9</total>
				<timestamp>3737.732961</timestamp>
			</report>
			<report>
				<misses>378100001</misses>
				<total>9</total>
				<timestamp>3738.722707</timestamp>
			</report>
			<report>
				<misses>378200001</misses>
				<total>9</total>
				<timestamp>3739.712661</timestamp>
			</report>
			<report>
				<misses>378300001</misses>
				<total>9</total>
				<timestamp>3740.707586</timestamp>
			</report>
			<report>
				<misses>378400001</misses>
				<total>9</total>
				<timestamp>3741.698639</timestamp>
			</report>
			<report>
				<misses>378500001</misses>
				<total>9</total>
				<timestamp>3742.690093</timestamp>
			</report>
			<report>
				<misses>378600001</misses>
				<total>9</total>
				<timestamp>3743.681386</timestamp>
			</report>
			<report>
				<misses>378700001</misses>
				<total>9</total>
				<timestamp>3744.672824</timestamp>
			</report>
			<report>
				<misses>378800001</misses>
				<total>9</total>
				<timestamp>3745.663610</timestamp>
			</report>
			<report>
				<misses>378900001</misses>
				<total>9</total>
				<timestamp>3746.654530</timestamp>
			</report>
			<report>
				<misses>379000001</misses>
				<total>9</total>
				<timestamp>3747.644944</timestamp>
			</report>
			<report>
				<misses>379100001</misses>
				<total>9</total>
				<timestamp>3748.635755</timestamp>
			</report>
			<report>
				<misses>379200001</misses>
				<total>9</total>
				<timestamp>3749.626900</timestamp>
			</report>
			<report>
				<misses>379300001</misses>
				<total>9</total>
				<timestamp>3750.617964</timestamp>
			</report>
			<report>
				<misses>379400001</misses>
				<total>9</total>
				<timestamp>3751.608833</timestamp>
			</report>
			<report>
				<misses>379500001</misses>
				<total>9</total>
				<timestamp>3752.600022</timestamp>
			</report>
			<report>
				<misses>379600001</misses>
				<total>9</total>
				<timestamp>3753.590825</timestamp>
			</report>
			<report>
				<misses>379700001</misses>
				<total>9</total>
				<timestamp>3754.582521</timestamp>
			</report>
			<report>
				<misses>379800001</misses>
				<total>9</total>
				<timestamp>3755.573185</timestamp>
			</report>
			<report>
				<misses>379900001</misses>
				<total>9</total>
				<timestamp>3756.565100</timestamp>
			</report>
			<report>
				<misses>380000001</misses>
				<total>9</total>
				<timestamp>3757.556176</timestamp>
			</report>
			<report>
				<misses>380100001</misses>
				<total>9</total>
				<timestamp>3758.546719</timestamp>
			</report>
			<report>
				<misses>380200001</misses>
				<total>9</total>
				<timestamp>3759.537383</timestamp>
			</report>
			<report>
				<misses>380300001</misses>
				<total>9</total>
				<timestamp>3760.527928</timestamp>
			</report>
			<report>
				<misses>380400001</misses>
				<total>9</total>
				<timestamp>3761.519502</timestamp>
			</report>
			<report>
				<misses>380500001</misses>
				<total>9</total>
				<timestamp>3762.510660</timestamp>
			</report>
			<report>
				<misses>380600001</misses>
				<total>9</total>
				<timestamp>3763.501941</timestamp>
			</report>
			<report>
				<misses>380700001</misses>
				<total>9</total>
				<timestamp>3764.492881</timestamp>
			</report>
			<report>
				<misses>380800001</misses>
				<total>9</total>
				<timestamp>3765.484466</timestamp>
			</report>
			<report>
				<misses>380900001</misses>
				<total>9</total>
				<timestamp>3766.474830</timestamp>
			</report>
			<report>
				<misses>381000001</misses>
				<total>9</total>
				<timestamp>3767.465371</timestamp>
			</report>
			<report>
				<misses>381100001</misses>
				<total>9</total>
				<timestamp>3768.456798</timestamp>
			</report>
			<report>
				<misses>381200001</misses>
				<total>9</total>
				<timestamp>3769.447972</timestamp>
			</report>
			<report>
				<misses>381300001</misses>
				<total>9</total>
				<timestamp>3770.439292</timestamp>
			</report>
			<report>
				<misses>381400001</misses>
				<total>9</total>
				<timestamp>3771.430099</timestamp>
			</report>
			<report>
				<misses>381500001</misses>
				<total>9</total>
				<timestamp>3772.420786</timestamp>
			</report>
			<report>
				<misses>381600001</misses>
				<total>9</total>
				<timestamp>3773.412243</timestamp>
			</report>
			<report>
				<misses>381700001</misses>
				<total>9</total>
				<timestamp>3774.403710</timestamp>
			</report>
			<report>
				<misses>381800001</misses>
				<total>9</total>
				<timestamp>3775.395013</timestamp>
			</report>
			<report>
				<misses>381900001</misses>
				<total>9</total>
				<timestamp>3776.385945</timestamp>
			</report>
			<report>
				<misses>382000001</misses>
				<total>9</total>
				<timestamp>3777.377767</timestamp>
			</report>
			<report>
				<misses>382100001</misses>
				<total>9</total>
				<timestamp>3778.369466</timestamp>
			</report>
			<report>
				<misses>382200001</misses>
				<total>9</total>
				<timestamp>3779.359368</timestamp>
			</report>
			<report>
				<misses>382300001</misses>
				<total>9</total>
				<timestamp>3780.349888</timestamp>
			</report>
			<report>
				<misses>382400001</misses>
				<total>9</total>
				<timestamp>3781.341289</timestamp>
			</report>
			<report>
				<misses>382500001</misses>
				<total>9</total>
				<timestamp>3782.332358</timestamp>
			</report>
			<report>
				<misses>382600001</misses>
				<total>9</total>
				<timestamp>3783.322758</timestamp>
			</report>
			<report>
				<misses>382700001</misses>
				<total>9</total>
				<timestamp>3784.314864</timestamp>
			</report>
			<report>
				<misses>382800001</misses>
				<total>9</total>
				<timestamp>3785.306403</timestamp>
			</report>
			<report>
				<misses>382900001</misses>
				<total>9</total>
				<timestamp>3786.298192</timestamp>
			</report>
			<report>
				<misses>383000001</misses>
				<total>9</total>
				<timestamp>3787.289278</timestamp>
			</report>
			<report>
				<misses>383100001</misses>
				<total>9</total>
				<timestamp>3788.280994</timestamp>
			</report>
			<report>
				<misses>383200001</misses>
				<total>9</total>
				<timestamp>3789.272149</timestamp>
			</report>
			<report>
				<misses>383300001</misses>
				<total>9</total>
				<timestamp>3790.263744</timestamp>
			</report>
			<report>
				<misses>383400001</misses>
				<total>9</total>
				<timestamp>3791.255040</timestamp>
			</report>
			<report>
				<misses>383500001</misses>
				<total>9</total>
				<timestamp>3792.246963</timestamp>
			</report>
			<report>
				<misses>383600001</misses>
				<total>9</total>
				<timestamp>3793.238162</timestamp>
			</report>
			<report>
				<misses>383700001</misses>
				<total>9</total>
				<timestamp>3794.229230</timestamp>
			</report>
			<report>
				<misses>383800001</misses>
				<total>9</total>
				<timestamp>3795.220431</timestamp>
			</report>
			<report>
				<misses>383900001</misses>
				<total>9</total>
				<timestamp>3796.211271</timestamp>
			</report>
			<report>
				<misses>384000001</misses>
				<total>9</total>
				<timestamp>3797.202738</timestamp>
			</report>
			<report>
				<misses>384100001</misses>
				<total>9</total>
				<timestamp>3798.193955</timestamp>
			</report>
			<report>
				<misses>384200001</misses>
				<total>9</total>
				<timestamp>3799.185616</timestamp>
			</report>
			<report>
				<misses>384300001</misses>
				<total>9</total>
				<timestamp>3800.176942</timestamp>
			</report>
			<report>
				<misses>384400001</misses>
				<total>9</total>
				<timestamp>3801.168541</timestamp>
			</report>
			<report>
				<misses>384500001</misses>
				<total>9</total>
				<timestamp>3802.159366</timestamp>
			</report>
			<report>
				<misses>384600001</misses>
				<total>9</total>
				<timestamp>3803.150905</timestamp>
			</report>
			<report>
				<misses>384700001</misses>
				<total>9</total>
				<timestamp>3804.142759</timestamp>
			</report>
			<report>
				<misses>384800001</misses>
				<total>9</total>
				<timestamp>3805.134091</timestamp>
			</report>
			<report>
				<misses>384900001</misses>
				<total>9</total>
				<timestamp>3806.124902</timestamp>
			</report>
			<report>
				<misses>385000001</misses>
				<total>9</total>
				<timestamp>3807.115712</timestamp>
			</report>
			<report>
				<misses>385100001</misses>
				<total>9</total>
				<timestamp>3808.106749</timestamp>
			</report>
			<report>
				<misses>385200001</misses>
				<total>9</total>
				<timestamp>3809.098097</timestamp>
			</report>
			<report>
				<misses>385300001</misses>
				<total>9</total>
				<timestamp>3810.089761</timestamp>
			</report>
			<report>
				<misses>385400001</misses>
				<total>9</total>
				<timestamp>3811.081558</timestamp>
			</report>
			<report>
				<misses>385500001</misses>
				<total>9</total>
				<timestamp>3812.072534</timestamp>
			</report>
			<report>
				<misses>385600001</misses>
				<total>9</total>
				<timestamp>3813.063805</timestamp>
			</report>
			<report>
				<misses>385700001</misses>
				<total>9</total>
				<timestamp>3814.054376</timestamp>
			</report>
			<report>
				<misses>385800001</misses>
				<total>9</total>
				<timestamp>3815.045515</timestamp>
			</report>
			<report>
				<misses>385900001</misses>
				<total>9</total>
				<timestamp>3816.036847</timestamp>
			</report>
			<report>
				<misses>386000001</misses>
				<total>9</total>
				<timestamp>3817.028702</timestamp>
			</report>
			<report>
				<misses>386100001</misses>
				<total>9</total>
				<timestamp>3818.020163</timestamp>
			</report>
			<report>
				<misses>386200001</misses>
				<total>9</total>
				<timestamp>3819.011244</timestamp>
			</report>
			<report>
				<misses>386300001</misses>
				<total>9</total>
				<timestamp>3820.001662</timestamp>
			</report>
			<report>
				<misses>386400001</misses>
				<total>9</total>
				<timestamp>3820.993256</timestamp>
			</report>
			<report>
				<misses>386500001</misses>
				<total>9</total>
				<timestamp>3821.984858</timestamp>
			</report>
			<report>
				<misses>386600001</misses>
				<total>9</total>
				<timestamp>3822.975679</timestamp>
			</report>
			<report>
				<misses>386700001</misses>
				<total>9</total>
				<timestamp>3823.967286</timestamp>
			</report>
			<report>
				<misses>386800001</misses>
				<total>9</total>
				<timestamp>3824.958090</timestamp>
			</report>
			<report>
				<misses>386900001</misses>
				<total>9</total>
				<timestamp>3825.949297</timestamp>
			</report>
			<report>
				<misses>387000001</misses>
				<total>9</total>
				<timestamp>3826.940632</timestamp>
			</report>
			<report>
				<misses>387100001</misses>
				<total>9</total>
				<timestamp>3827.932222</timestamp>
			</report>
			<report>
				<misses>387200001</misses>
				<total>9</total>
				<timestamp>3828.923299</timestamp>
			</report>
			<report>
				<misses>387300001</misses>
				<total>9</total>
				<timestamp>3829.914764</timestamp>
			</report>
			<report>
				<misses>387400001</misses>
				<total>9</total>
				<timestamp>3830.905426</timestamp>
			</report>
			<report>
				<misses>387500001</misses>
				<total>9</total>
				<timestamp>3831.896760</timestamp>
			</report>
			<report>
				<misses>387600001</misses>
				<total>9</total>
				<timestamp>3832.888036</timestamp>
			</report>
			<report>
				<misses>387700001</misses>
				<total>9</total>
				<timestamp>3833.879226</timestamp>
			</report>
			<report>
				<misses>387800001</misses>
				<total>9</total>
				<timestamp>3834.869850</timestamp>
			</report>
			<report>
				<misses>387900001</misses>
				<total>9</total>
				<timestamp>3835.859913</timestamp>
			</report>
			<report>
				<misses>388000001</misses>
				<total>9</total>
				<timestamp>3836.851765</timestamp>
			</report>
			<report>
				<misses>388100001</misses>
				<total>9</total>
				<timestamp>3837.843234</timestamp>
			</report>
			<report>
				<misses>388200001</misses>
				<total>9</total>
				<timestamp>3838.834053</timestamp>
			</report>
			<report>
				<misses>388300001</misses>
				<total>9</total>
				<timestamp>3839.824618</timestamp>
			</report>
			<report>
				<misses>388400001</misses>
				<total>9</total>
				<timestamp>3840.816335</timestamp>
			</report>
			<report>
				<misses>388500001</misses>
				<total>9</total>
				<timestamp>3841.807165</timestamp>
			</report>
			<report>
				<misses>388600001</misses>
				<total>9</total>
				<timestamp>3842.798061</timestamp>
			</report>
			<report>
				<misses>388700001</misses>
				<total>9</total>
				<timestamp>3843.788755</timestamp>
			</report>
			<report>
				<misses>388800001</misses>
				<total>9</total>
				<timestamp>3844.780352</timestamp>
			</report>
			<report>
				<misses>388900001</misses>
				<total>9</total>
				<timestamp>3845.771165</timestamp>
			</report>
			<report>
				<misses>389000001</misses>
				<total>9</total>
				<timestamp>3846.762376</timestamp>
			</report>
			<report>
				<misses>389100001</misses>
				<total>9</total>
				<timestamp>3847.753757</timestamp>
			</report>
			<report>
				<misses>389200001</misses>
				<total>9</total>
				<timestamp>3848.745079</timestamp>
			</report>
			<report>
				<misses>389300001</misses>
				<total>9</total>
				<timestamp>3849.735888</timestamp>
			</report>
			<report>
				<misses>389400001</misses>
				<total>9</total>
				<timestamp>3850.727063</timestamp>
			</report>
			<report>
				<misses>389500001</misses>
				<total>9</total>
				<timestamp>3851.718035</timestamp>
			</report>
			<report>
				<misses>389600001</misses>
				<total>9</total>
				<timestamp>3852.708852</timestamp>
			</report>
			<report>
				<misses>389700001</misses>
				<total>9</total>
				<timestamp>3853.700255</timestamp>
			</report>
			<report>
				<misses>389800001</misses>
				<total>9</total>
				<timestamp>3854.690450</timestamp>
			</report>
			<report>
				<misses>389900001</misses>
				<total>9</total>
				<timestamp>3855.682116</timestamp>
			</report>
			<report>
				<misses>390000001</misses>
				<total>9</total>
				<timestamp>3856.673158</timestamp>
			</report>
			<report>
				<misses>390100001</misses>
				<total>9</total>
				<timestamp>3857.663719</timestamp>
			</report>
			<report>
				<misses>390200001</misses>
				<total>9</total>
				<timestamp>3858.654781</timestamp>
			</report>
			<report>
				<misses>390300001</misses>
				<total>9</total>
				<timestamp>3859.646320</timestamp>
			</report>
			<report>
				<misses>390400001</misses>
				<total>9</total>
				<timestamp>3860.637403</timestamp>
			</report>
			<report>
				<misses>390500001</misses>
				<total>9</total>
				<timestamp>3861.629114</timestamp>
			</report>
			<report>
				<misses>390600001</misses>
				<total>9</total>
				<timestamp>3862.619674</timestamp>
			</report>
			<report>
				<misses>390700001</misses>
				<total>9</total>
				<timestamp>3863.612177</timestamp>
			</report>
			<report>
				<misses>390800001</misses>
				<total>9</total>
				<timestamp>3864.602994</timestamp>
			</report>
			<report>
				<misses>390900001</misses>
				<total>9</total>
				<timestamp>3865.593174</timestamp>
			</report>
			<report>
				<misses>391000001</misses>
				<total>9</total>
				<timestamp>3866.585365</timestamp>
			</report>
			<report>
				<misses>391100001</misses>
				<total>9</total>
				<timestamp>3867.576441</timestamp>
			</report>
			<report>
				<misses>391200001</misses>
				<total>9</total>
				<timestamp>3868.567884</timestamp>
			</report>
			<report>
				<misses>391300001</misses>
				<total>9</total>
				<timestamp>3869.558894</timestamp>
			</report>
			<report>
				<misses>391400001</misses>
				<total>9</total>
				<timestamp>3870.550747</timestamp>
			</report>
			<report>
				<misses>391500001</misses>
				<total>9</total>
				<timestamp>3871.541676</timestamp>
			</report>
			<report>
				<misses>391600001</misses>
				<total>9</total>
				<timestamp>3872.532485</timestamp>
			</report>
			<report>
				<misses>391700001</misses>
				<total>9</total>
				<timestamp>3873.522918</timestamp>
			</report>
			<report>
				<misses>391800001</misses>
				<total>9</total>
				<timestamp>3874.514252</timestamp>
			</report>
			<report>
				<misses>391900001</misses>
				<total>9</total>
				<timestamp>3875.505572</timestamp>
			</report>
			<report>
				<misses>392000001</misses>
				<total>9</total>
				<timestamp>3876.496915</timestamp>
			</report>
			<report>
				<misses>392100001</misses>
				<total>9</total>
				<timestamp>3877.488561</timestamp>
			</report>
			<report>
				<misses>392200001</misses>
				<total>9</total>
				<timestamp>3878.480166</timestamp>
			</report>
			<report>
				<misses>392300001</misses>
				<total>9</total>
				<timestamp>3879.471127</timestamp>
			</report>
			<report>
				<misses>392400001</misses>
				<total>9</total>
				<timestamp>3880.462667</timestamp>
			</report>
			<report>
				<misses>392500001</misses>
				<total>9</total>
				<timestamp>3881.453233</timestamp>
			</report>
			<report>
				<misses>392600001</misses>
				<total>9</total>
				<timestamp>3882.444180</timestamp>
			</report>
			<report>
				<misses>392700001</misses>
				<total>9</total>
				<timestamp>3883.435137</timestamp>
			</report>
			<report>
				<misses>392800001</misses>
				<total>9</total>
				<timestamp>3884.426689</timestamp>
			</report>
			<report>
				<misses>392900001</misses>
				<total>9</total>
				<timestamp>3885.417761</timestamp>
			</report>
			<report>
				<misses>393000001</misses>
				<total>9</total>
				<timestamp>3886.408582</timestamp>
			</report>
			<report>
				<misses>393100001</misses>
				<total>9</total>
				<timestamp>3887.400393</timestamp>
			</report>
			<report>
				<misses>393200001</misses>
				<total>9</total>
				<timestamp>3888.391951</timestamp>
			</report>
			<report>
				<misses>393300001</misses>
				<total>9</total>
				<timestamp>3889.382722</timestamp>
			</report>
			<report>
				<misses>393400001</misses>
				<total>9</total>
				<timestamp>3890.374185</timestamp>
			</report>
			<report>
				<misses>393500001</misses>
				<total>9</total>
				<timestamp>3891.364994</timestamp>
			</report>
			<report>
				<misses>393600001</misses>
				<total>9</total>
				<timestamp>3892.356562</timestamp>
			</report>
			<report>
				<misses>393700001</misses>
				<total>9</total>
				<timestamp>3893.347069</timestamp>
			</report>
			<report>
				<misses>393800001</misses>
				<total>9</total>
				<timestamp>3894.338141</timestamp>
			</report>
			<report>
				<misses>393900001</misses>
				<total>9</total>
				<timestamp>3895.328271</timestamp>
			</report>
			<report>
				<misses>394000001</misses>
				<total>9</total>
				<timestamp>3896.319674</timestamp>
			</report>
			<report>
				<misses>394100001</misses>
				<total>9</total>
				<timestamp>3897.310120</timestamp>
			</report>
			<report>
				<misses>394200001</misses>
				<total>9</total>
				<timestamp>3898.301970</timestamp>
			</report>
			<report>
				<misses>394300001</misses>
				<total>9</total>
				<timestamp>3899.293297</timestamp>
			</report>
			<report>
				<misses>394400001</misses>
				<total>9</total>
				<timestamp>3900.285090</timestamp>
			</report>
			<report>
				<misses>394500001</misses>
				<total>9</total>
				<timestamp>3901.277064</timestamp>
			</report>
			<report>
				<misses>394600001</misses>
				<total>9</total>
				<timestamp>3902.267904</timestamp>
			</report>
			<report>
				<misses>394700001</misses>
				<total>9</total>
				<timestamp>3903.259107</timestamp>
			</report>
			<report>
				<misses>394800001</misses>
				<total>9</total>
				<timestamp>3904.250528</timestamp>
			</report>
			<report>
				<misses>394900001</misses>
				<total>9</total>
				<timestamp>3905.241599</timestamp>
			</report>
			<report>
				<misses>395000001</misses>
				<total>9</total>
				<timestamp>3906.232251</timestamp>
			</report>
			<report>
				<misses>395100001</misses>
				<total>9</total>
				<timestamp>3907.222935</timestamp>
			</report>
			<report>
				<misses>395200001</misses>
				<total>9</total>
				<timestamp>3908.214218</timestamp>
			</report>
			<report>
				<misses>395300001</misses>
				<total>9</total>
				<timestamp>3909.205855</timestamp>
			</report>
			<report>
				<misses>395400001</misses>
				<total>9</total>
				<timestamp>3910.196070</timestamp>
			</report>
			<report>
				<misses>395500001</misses>
				<total>9</total>
				<timestamp>3911.186893</timestamp>
			</report>
			<report>
				<misses>395600001</misses>
				<total>9</total>
				<timestamp>3912.177621</timestamp>
			</report>
			<report>
				<misses>395700001</misses>
				<total>9</total>
				<timestamp>3913.169076</timestamp>
			</report>
			<report>
				<misses>395800001</misses>
				<total>9</total>
				<timestamp>3914.160143</timestamp>
			</report>
			<report>
				<misses>395900001</misses>
				<total>9</total>
				<timestamp>3915.151033</timestamp>
			</report>
			<report>
				<misses>396000001</misses>
				<total>9</total>
				<timestamp>3916.141432</timestamp>
			</report>
			<report>
				<misses>396100001</misses>
				<total>9</total>
				<timestamp>3917.131995</timestamp>
			</report>
			<report>
				<misses>396200001</misses>
				<total>9</total>
				<timestamp>3918.122436</timestamp>
			</report>
			<report>
				<misses>396300001</misses>
				<total>9</total>
				<timestamp>3919.113246</timestamp>
			</report>
			<report>
				<misses>396400001</misses>
				<total>9</total>
				<timestamp>3920.103641</timestamp>
			</report>
			<report>
				<misses>396500001</misses>
				<total>9</total>
				<timestamp>3921.093919</timestamp>
			</report>
			<report>
				<misses>396600001</misses>
				<total>9</total>
				<timestamp>3922.085244</timestamp>
			</report>
			<report>
				<misses>396700001</misses>
				<total>9</total>
				<timestamp>3923.076199</timestamp>
			</report>
			<report>
				<misses>396800001</misses>
				<total>9</total>
				<timestamp>3924.067050</timestamp>
			</report>
			<report>
				<misses>396900001</misses>
				<total>9</total>
				<timestamp>3925.058255</timestamp>
			</report>
			<report>
				<misses>397000001</misses>
				<total>9</total>
				<timestamp>3926.049942</timestamp>
			</report>
			<report>
				<misses>397100001</misses>
				<total>9</total>
				<timestamp>3927.041405</timestamp>
			</report>
			<report>
				<misses>397200001</misses>
				<total>9</total>
				<timestamp>3928.031314</timestamp>
			</report>
			<report>
				<misses>397300001</misses>
				<total>9</total>
				<timestamp>3929.022726</timestamp>
			</report>
			<report>
				<misses>397400001</misses>
				<total>9</total>
				<timestamp>3930.013935</timestamp>
			</report>
			<report>
				<misses>397500001</misses>
				<total>9</total>
				<timestamp>3931.005125</timestamp>
			</report>
			<report>
				<misses>397600001</misses>
				<total>9</total>
				<timestamp>3931.995972</timestamp>
			</report>
			<report>
				<misses>397700001</misses>
				<total>9</total>
				<timestamp>3932.986928</timestamp>
			</report>
			<report>
				<misses>397800001</misses>
				<total>9</total>
				<timestamp>3933.978014</timestamp>
			</report>
			<report>
				<misses>397900001</misses>
				<total>9</total>
				<timestamp>3934.968888</timestamp>
			</report>
			<report>
				<misses>398000001</misses>
				<total>9</total>
				<timestamp>3935.959444</timestamp>
			</report>
			<report>
				<misses>398100001</misses>
				<total>9</total>
				<timestamp>3936.950592</timestamp>
			</report>
			<report>
				<misses>398200001</misses>
				<total>9</total>
				<timestamp>3937.940788</timestamp>
			</report>
			<report>
				<misses>398300001</misses>
				<total>9</total>
				<timestamp>3938.932206</timestamp>
			</report>
			<report>
				<misses>398400001</misses>
				<total>9</total>
				<timestamp>3939.923802</timestamp>
			</report>
			<report>
				<misses>398500001</misses>
				<total>9</total>
				<timestamp>3940.914871</timestamp>
			</report>
			<report>
				<misses>398600001</misses>
				<total>9</total>
				<timestamp>3941.904910</timestamp>
			</report>
			<report>
				<misses>398700001</misses>
				<total>9</total>
				<timestamp>3942.894562</timestamp>
			</report>
			<report>
				<misses>398800001</misses>
				<total>9</total>
				<timestamp>3943.884586</timestamp>
			</report>
			<report>
				<misses>398900001</misses>
				<total>9</total>
				<timestamp>3944.873183</timestamp>
			</report>
			<report>
				<misses>399000001</misses>
				<total>9</total>
				<timestamp>3945.862789</timestamp>
			</report>
			<report>
				<misses>399100001</misses>
				<total>9</total>
				<timestamp>3946.852064</timestamp>
			</report>
			<report>
				<misses>399200001</misses>
				<total>9</total>
				<timestamp>3947.842131</timestamp>
			</report>
			<report>
				<misses>399300001</misses>
				<total>9</total>
				<timestamp>3948.834240</timestamp>
			</report>
			<report>
				<misses>399400001</misses>
				<total>9</total>
				<timestamp>3949.824623</timestamp>
			</report>
			<report>
				<misses>399500001</misses>
				<total>9</total>
				<timestamp>3950.817521</timestamp>
			</report>
			<report>
				<misses>399600001</misses>
				<total>9</total>
				<timestamp>3951.809062</timestamp>
			</report>
			<report>
				<misses>399700001</misses>
				<total>9</total>
				<timestamp>3952.799967</timestamp>
			</report>
			<report>
				<misses>399800001</misses>
				<total>9</total>
				<timestamp>3953.791880</timestamp>
			</report>
			<report>
				<misses>399900001</misses>
				<total>9</total>
				<timestamp>3954.783234</timestamp>
			</report>
			<report>
				<misses>400000001</misses>
				<total>9</total>
				<timestamp>3955.772965</timestamp>
			</report>
			<report>
				<misses>400100001</misses>
				<total>9</total>
				<timestamp>3956.764012</timestamp>
			</report>
			<report>
				<misses>400200001</misses>
				<total>9</total>
				<timestamp>3957.754832</timestamp>
			</report>
			<report>
				<misses>400300001</misses>
				<total>9</total>
				<timestamp>3958.745741</timestamp>
			</report>
			<report>
				<misses>400400001</misses>
				<total>9</total>
				<timestamp>3959.735737</timestamp>
			</report>
			<report>
				<misses>400500001</misses>
				<total>9</total>
				<timestamp>3960.726498</timestamp>
			</report>
			<report>
				<misses>400600001</misses>
				<total>9</total>
				<timestamp>3961.717834</timestamp>
			</report>
			<report>
				<misses>400700001</misses>
				<total>9</total>
				<timestamp>3962.709627</timestamp>
			</report>
			<report>
				<misses>400800001</misses>
				<total>9</total>
				<timestamp>3963.700525</timestamp>
			</report>
			<report>
				<misses>400900001</misses>
				<total>9</total>
				<timestamp>3964.691613</timestamp>
			</report>
			<report>
				<misses>401000001</misses>
				<total>9</total>
				<timestamp>3965.682519</timestamp>
			</report>
			<report>
				<misses>401100001</misses>
				<total>9</total>
				<timestamp>3966.673589</timestamp>
			</report>
			<report>
				<misses>401200001</misses>
				<total>9</total>
				<timestamp>3967.663851</timestamp>
			</report>
			<report>
				<misses>401300001</misses>
				<total>9</total>
				<timestamp>3968.655036</timestamp>
			</report>
			<report>
				<misses>401400001</misses>
				<total>9</total>
				<timestamp>3969.645576</timestamp>
			</report>
			<report>
				<misses>401500001</misses>
				<total>9</total>
				<timestamp>3970.636136</timestamp>
			</report>
			<report>
				<misses>401600001</misses>
				<total>9</total>
				<timestamp>3971.626796</timestamp>
			</report>
			<report>
				<misses>401700001</misses>
				<total>9</total>
				<timestamp>3972.618650</timestamp>
			</report>
			<report>
				<misses>401800001</misses>
				<total>9</total>
				<timestamp>3973.609770</timestamp>
			</report>
			<report>
				<misses>401900001</misses>
				<total>9</total>
				<timestamp>3974.601295</timestamp>
			</report>
			<report>
				<misses>402000001</misses>
				<total>9</total>
				<timestamp>3975.592644</timestamp>
			</report>
			<report>
				<misses>402100001</misses>
				<total>9</total>
				<timestamp>3976.583331</timestamp>
			</report>
			<report>
				<misses>402200001</misses>
				<total>9</total>
				<timestamp>3977.574014</timestamp>
			</report>
			<report>
				<misses>402300001</misses>
				<total>9</total>
				<timestamp>3978.566133</timestamp>
			</report>
			<report>
				<misses>402400001</misses>
				<total>9</total>
				<timestamp>3979.556800</timestamp>
			</report>
			<report>
				<misses>402500001</misses>
				<total>9</total>
				<timestamp>3980.548504</timestamp>
			</report>
			<report>
				<misses>402600001</misses>
				<total>9</total>
				<timestamp>3981.539292</timestamp>
			</report>
			<report>
				<misses>402700001</misses>
				<total>9</total>
				<timestamp>3982.530708</timestamp>
			</report>
			<report>
				<misses>402800001</misses>
				<total>9</total>
				<timestamp>3983.520886</timestamp>
			</report>
			<report>
				<misses>402900001</misses>
				<total>9</total>
				<timestamp>3984.513189</timestamp>
			</report>
			<report>
				<misses>403000001</misses>
				<total>9</total>
				<timestamp>3985.503860</timestamp>
			</report>
			<report>
				<misses>403100001</misses>
				<total>9</total>
				<timestamp>3986.495004</timestamp>
			</report>
			<report>
				<misses>403200001</misses>
				<total>9</total>
				<timestamp>3987.485963</timestamp>
			</report>
			<report>
				<misses>403300001</misses>
				<total>9</total>
				<timestamp>3988.475999</timestamp>
			</report>
			<report>
				<misses>403400001</misses>
				<total>9</total>
				<timestamp>3989.466912</timestamp>
			</report>
			<report>
				<misses>403500001</misses>
				<total>9</total>
				<timestamp>3990.458095</timestamp>
			</report>
			<report>
				<misses>403600001</misses>
				<total>9</total>
				<timestamp>3991.448525</timestamp>
			</report>
			<report>
				<misses>403700001</misses>
				<total>9</total>
				<timestamp>3992.439556</timestamp>
			</report>
			<report>
				<misses>403800001</misses>
				<total>9</total>
				<timestamp>3993.432973</timestamp>
			</report>
			<report>
				<misses>403900001</misses>
				<total>9</total>
				<timestamp>3994.424918</timestamp>
			</report>
			<report>
				<misses>404000001</misses>
				<total>9</total>
				<timestamp>3995.415664</timestamp>
			</report>
			<report>
				<misses>404100001</misses>
				<total>9</total>
				<timestamp>3996.405655</timestamp>
			</report>
			<report>
				<misses>404200001</misses>
				<total>9</total>
				<timestamp>3997.395948</timestamp>
			</report>
			<report>
				<misses>404300001</misses>
				<total>9</total>
				<timestamp>3998.387241</timestamp>
			</report>
			<report>
				<misses>404400001</misses>
				<total>9</total>
				<timestamp>3999.377758</timestamp>
			</report>
			<report>
				<misses>404500001</misses>
				<total>9</total>
				<timestamp>4000.368524</timestamp>
			</report>
			<report>
				<misses>404600001</misses>
				<total>9</total>
				<timestamp>4001.358795</timestamp>
			</report>
			<report>
				<misses>404700001</misses>
				<total>9</total>
				<timestamp>4002.349305</timestamp>
			</report>
			<report>
				<misses>404800001</misses>
				<total>9</total>
				<timestamp>4003.339424</timestamp>
			</report>
			<report>
				<misses>404900001</misses>
				<total>9</total>
				<timestamp>4004.330078</timestamp>
			</report>
			<report>
				<misses>405000001</misses>
				<total>9</total>
				<timestamp>4005.321221</timestamp>
			</report>
			<report>
				<misses>405100001</misses>
				<total>9</total>
				<timestamp>4006.311991</timestamp>
			</report>
			<report>
				<misses>405200001</misses>
				<total>9</total>
				<timestamp>4007.303545</timestamp>
			</report>
			<report>
				<misses>405300001</misses>
				<total>9</total>
				<timestamp>4008.294716</timestamp>
			</report>
			<report>
				<misses>405400001</misses>
				<total>9</total>
				<timestamp>4009.285239</timestamp>
			</report>
			<report>
				<misses>405500001</misses>
				<total>9</total>
				<timestamp>4010.275868</timestamp>
			</report>
			<report>
				<misses>405600001</misses>
				<total>9</total>
				<timestamp>4011.266524</timestamp>
			</report>
			<report>
				<misses>405700001</misses>
				<total>9</total>
				<timestamp>4012.257543</timestamp>
			</report>
			<report>
				<misses>405800001</misses>
				<total>9</total>
				<timestamp>4013.249210</timestamp>
			</report>
			<report>
				<misses>405900001</misses>
				<total>9</total>
				<timestamp>4014.240389</timestamp>
			</report>
			<report>
				<misses>406000001</misses>
				<total>9</total>
				<timestamp>4015.231297</timestamp>
			</report>
			<report>
				<misses>406100001</misses>
				<total>9</total>
				<timestamp>4016.222202</timestamp>
			</report>
			<report>
				<misses>406200001</misses>
				<total>9</total>
				<timestamp>4017.212586</timestamp>
			</report>
			<report>
				<misses>406300001</misses>
				<total>9</total>
				<timestamp>4018.203085</timestamp>
			</report>
			<report>
				<misses>406400001</misses>
				<total>9</total>
				<timestamp>4019.193480</timestamp>
			</report>
			<report>
				<misses>406500001</misses>
				<total>9</total>
				<timestamp>4020.183864</timestamp>
			</report>
			<report>
				<misses>406600001</misses>
				<total>9</total>
				<timestamp>4021.174372</timestamp>
			</report>
			<report>
				<misses>406700001</misses>
				<total>9</total>
				<timestamp>4022.165812</timestamp>
			</report>
			<report>
				<misses>406800001</misses>
				<total>9</total>
				<timestamp>4023.156571</timestamp>
			</report>
			<report>
				<misses>406900001</misses>
				<total>9</total>
				<timestamp>4024.146964</timestamp>
			</report>
			<report>
				<misses>407000001</misses>
				<total>9</total>
				<timestamp>4025.137488</timestamp>
			</report>
			<report>
				<misses>407100001</misses>
				<total>9</total>
				<timestamp>4026.127596</timestamp>
			</report>
			<report>
				<misses>407200001</misses>
				<total>9</total>
				<timestamp>4027.117863</timestamp>
			</report>
			<report>
				<misses>407300001</misses>
				<total>9</total>
				<timestamp>4028.108245</timestamp>
			</report>
			<report>
				<misses>407400001</misses>
				<total>9</total>
				<timestamp>4029.099023</timestamp>
			</report>
			<report>
				<misses>407500001</misses>
				<total>9</total>
				<timestamp>4030.089273</timestamp>
			</report>
			<report>
				<misses>407600001</misses>
				<total>9</total>
				<timestamp>4031.079925</timestamp>
			</report>
			<report>
				<misses>407700001</misses>
				<total>9</total>
				<timestamp>4032.071089</timestamp>
			</report>
			<report>
				<misses>407800001</misses>
				<total>9</total>
				<timestamp>4033.061591</timestamp>
			</report>
			<report>
				<misses>407900001</misses>
				<total>9</total>
				<timestamp>4034.052364</timestamp>
			</report>
			<report>
				<misses>408000001</misses>
				<total>9</total>
				<timestamp>4035.042897</timestamp>
			</report>
			<report>
				<misses>408100001</misses>
				<total>9</total>
				<timestamp>4036.033916</timestamp>
			</report>
			<report>
				<misses>408200001</misses>
				<total>9</total>
				<timestamp>4037.023421</timestamp>
			</report>
			<report>
				<misses>408300001</misses>
				<total>9</total>
				<timestamp>4038.014049</timestamp>
			</report>
			<report>
				<misses>408400001</misses>
				<total>9</total>
				<timestamp>4039.004690</timestamp>
			</report>
			<report>
				<misses>408500001</misses>
				<total>9</total>
				<timestamp>4039.995723</timestamp>
			</report>
			<report>
				<misses>408600001</misses>
				<total>9</total>
				<timestamp>4040.986747</timestamp>
			</report>
			<report>
				<misses>408700001</misses>
				<total>9</total>
				<timestamp>4041.977142</timestamp>
			</report>
			<report>
				<misses>408800001</misses>
				<total>9</total>
				<timestamp>4042.966880</timestamp>
			</report>
			<report>
				<misses>408900001</misses>
				<total>9</total>
				<timestamp>4043.957775</timestamp>
			</report>
			<report>
				<misses>409000001</misses>
				<total>9</total>
				<timestamp>4044.948685</timestamp>
			</report>
			<report>
				<misses>409100001</misses>
				<total>9</total>
				<timestamp>4045.937942</timestamp>
			</report>
			<report>
				<misses>409200001</misses>
				<total>9</total>
				<timestamp>4046.928720</timestamp>
			</report>
			<report>
				<misses>409300001</misses>
				<total>9</total>
				<timestamp>4047.920144</timestamp>
			</report>
			<report>
				<misses>409400001</misses>
				<total>9</total>
				<timestamp>4048.911039</timestamp>
			</report>
			<report>
				<misses>409500001</misses>
				<total>9</total>
				<timestamp>4049.901943</timestamp>
			</report>
			<report>
				<misses>409600001</misses>
				<total>9</total>
				<timestamp>4050.892571</timestamp>
			</report>
			<report>
				<misses>409700001</misses>
				<total>9</total>
				<timestamp>4051.884002</timestamp>
			</report>
			<report>
				<misses>409800001</misses>
				<total>9</total>
				<timestamp>4052.875000</timestamp>
			</report>
			<report>
				<misses>409900001</misses>
				<total>9</total>
				<timestamp>4053.866121</timestamp>
			</report>
			<report>
				<misses>410000001</misses>
				<total>9</total>
				<timestamp>4054.857430</timestamp>
			</report>
			<report>
				<misses>410100001</misses>
				<total>9</total>
				<timestamp>4055.847697</timestamp>
			</report>
			<report>
				<misses>410200001</misses>
				<total>9</total>
				<timestamp>4056.838722</timestamp>
			</report>
			<report>
				<misses>410300001</misses>
				<total>9</total>
				<timestamp>4057.829740</timestamp>
			</report>
			<report>
				<misses>410400001</misses>
				<total>9</total>
				<timestamp>4058.820271</timestamp>
			</report>
			<report>
				<misses>410500001</misses>
				<total>9</total>
				<timestamp>4059.811947</timestamp>
			</report>
			<report>
				<misses>410600001</misses>
				<total>9</total>
				<timestamp>4060.802835</timestamp>
			</report>
			<report>
				<misses>410700001</misses>
				<total>9</total>
				<timestamp>4061.793364</timestamp>
			</report>
			<report>
				<misses>410800001</misses>
				<total>9</total>
				<timestamp>4062.783733</timestamp>
			</report>
			<report>
				<misses>410900001</misses>
				<total>9</total>
				<timestamp>4063.773991</timestamp>
			</report>
			<report>
				<misses>411000001</misses>
				<total>9</total>
				<timestamp>4064.764252</timestamp>
			</report>
			<report>
				<misses>411100001</misses>
				<total>9</total>
				<timestamp>4065.754633</timestamp>
			</report>
			<report>
				<misses>411200001</misses>
				<total>9</total>
				<timestamp>4066.745303</timestamp>
			</report>
			<report>
				<misses>411300001</misses>
				<total>9</total>
				<timestamp>4067.736973</timestamp>
			</report>
			<report>
				<misses>411400001</misses>
				<total>9</total>
				<timestamp>4068.727473</timestamp>
			</report>
			<report>
				<misses>411500001</misses>
				<total>9</total>
				<timestamp>4069.717752</timestamp>
			</report>
			<report>
				<misses>411600001</misses>
				<total>9</total>
				<timestamp>4070.708509</timestamp>
			</report>
			<report>
				<misses>411700001</misses>
				<total>9</total>
				<timestamp>4071.699048</timestamp>
			</report>
			<report>
				<misses>411800001</misses>
				<total>9</total>
				<timestamp>4072.689289</timestamp>
			</report>
			<report>
				<misses>411900001</misses>
				<total>9</total>
				<timestamp>4073.680251</timestamp>
			</report>
			<report>
				<misses>412000001</misses>
				<total>9</total>
				<timestamp>4074.670399</timestamp>
			</report>
			<report>
				<misses>412100001</misses>
				<total>9</total>
				<timestamp>4075.661181</timestamp>
			</report>
			<report>
				<misses>412200001</misses>
				<total>9</total>
				<timestamp>4076.652582</timestamp>
			</report>
			<report>
				<misses>412300001</misses>
				<total>9</total>
				<timestamp>4077.643744</timestamp>
			</report>
			<report>
				<misses>412400001</misses>
				<total>9</total>
				<timestamp>4078.634783</timestamp>
			</report>
			<report>
				<misses>412500001</misses>
				<total>9</total>
				<timestamp>4079.625806</timestamp>
			</report>
			<report>
				<misses>412600001</misses>
				<total>9</total>
				<timestamp>4080.616708</timestamp>
			</report>
			<report>
				<misses>412700001</misses>
				<total>9</total>
				<timestamp>4081.607617</timestamp>
			</report>
			<report>
				<misses>412800001</misses>
				<total>9</total>
				<timestamp>4082.598389</timestamp>
			</report>
			<report>
				<misses>412900001</misses>
				<total>9</total>
				<timestamp>4083.589025</timestamp>
			</report>
			<report>
				<misses>413000001</misses>
				<total>9</total>
				<timestamp>4084.580046</timestamp>
			</report>
			<report>
				<misses>413100001</misses>
				<total>9</total>
				<timestamp>4085.571655</timestamp>
			</report>
			<report>
				<misses>413200001</misses>
				<total>9</total>
				<timestamp>4086.563707</timestamp>
			</report>
			<report>
				<misses>413300001</misses>
				<total>9</total>
				<timestamp>4087.555146</timestamp>
			</report>
			<report>
				<misses>413400001</misses>
				<total>9</total>
				<timestamp>4088.546056</timestamp>
			</report>
			<report>
				<misses>413500001</misses>
				<total>9</total>
				<timestamp>4089.537580</timestamp>
			</report>
			<report>
				<misses>413600001</misses>
				<total>9</total>
				<timestamp>4090.528747</timestamp>
			</report>
			<report>
				<misses>413700001</misses>
				<total>9</total>
				<timestamp>4091.519393</timestamp>
			</report>
			<report>
				<misses>413800001</misses>
				<total>9</total>
				<timestamp>4092.509916</timestamp>
			</report>
			<report>
				<misses>413900001</misses>
				<total>9</total>
				<timestamp>4093.500565</timestamp>
			</report>
			<report>
				<misses>414000001</misses>
				<total>9</total>
				<timestamp>4094.491984</timestamp>
			</report>
			<report>
				<misses>414100001</misses>
				<total>9</total>
				<timestamp>4095.482486</timestamp>
			</report>
			<report>
				<misses>414200001</misses>
				<total>9</total>
				<timestamp>4096.473650</timestamp>
			</report>
			<report>
				<misses>414300001</misses>
				<total>9</total>
				<timestamp>4097.464809</timestamp>
			</report>
			<report>
				<misses>414400001</misses>
				<total>9</total>
				<timestamp>4098.455961</timestamp>
			</report>
			<report>
				<misses>414500001</misses>
				<total>9</total>
				<timestamp>4099.447273</timestamp>
			</report>
			<report>
				<misses>414600001</misses>
				<total>9</total>
				<timestamp>4100.438678</timestamp>
			</report>
			<report>
				<misses>414700001</misses>
				<total>9</total>
				<timestamp>4101.429190</timestamp>
			</report>
			<report>
				<misses>414800001</misses>
				<total>9</total>
				<timestamp>4102.420495</timestamp>
			</report>
			<report>
				<misses>414900001</misses>
				<total>9</total>
				<timestamp>4103.410990</timestamp>
			</report>
			<report>
				<misses>415000001</misses>
				<total>9</total>
				<timestamp>4104.402665</timestamp>
			</report>
			<report>
				<misses>415100001</misses>
				<total>9</total>
				<timestamp>4105.393324</timestamp>
			</report>
			<report>
				<misses>415200001</misses>
				<total>9</total>
				<timestamp>4106.384603</timestamp>
			</report>
			<report>
				<misses>415300001</misses>
				<total>9</total>
				<timestamp>4107.375403</timestamp>
			</report>
			<report>
				<misses>415400001</misses>
				<total>9</total>
				<timestamp>4108.365849</timestamp>
			</report>
			<report>
				<misses>415500001</misses>
				<total>9</total>
				<timestamp>4109.356791</timestamp>
			</report>
			<report>
				<misses>415600001</misses>
				<total>9</total>
				<timestamp>4110.347354</timestamp>
			</report>
			<report>
				<misses>415700001</misses>
				<total>9</total>
				<timestamp>4111.338117</timestamp>
			</report>
			<report>
				<misses>415800001</misses>
				<total>9</total>
				<timestamp>4112.329396</timestamp>
			</report>
			<report>
				<misses>415900001</misses>
				<total>9</total>
				<timestamp>4113.320049</timestamp>
			</report>
			<report>
				<misses>416000001</misses>
				<total>9</total>
				<timestamp>4114.310691</timestamp>
			</report>
			<report>
				<misses>416100001</misses>
				<total>9</total>
				<timestamp>4115.301761</timestamp>
			</report>
			<report>
				<misses>416200001</misses>
				<total>9</total>
				<timestamp>4116.292949</timestamp>
			</report>
			<report>
				<misses>416300001</misses>
				<total>9</total>
				<timestamp>4117.283895</timestamp>
			</report>
			<report>
				<misses>416400001</misses>
				<total>9</total>
				<timestamp>4118.275233</timestamp>
			</report>
			<report>
				<misses>416500001</misses>
				<total>9</total>
				<timestamp>4119.266175</timestamp>
			</report>
			<report>
				<misses>416600001</misses>
				<total>9</total>
				<timestamp>4120.258032</timestamp>
			</report>
			<report>
				<misses>416700001</misses>
				<total>9</total>
				<timestamp>4121.248783</timestamp>
			</report>
			<report>
				<misses>416800001</misses>
				<total>9</total>
				<timestamp>4122.240107</timestamp>
			</report>
			<report>
				<misses>416900001</misses>
				<total>9</total>
				<timestamp>4123.231822</timestamp>
			</report>
			<report>
				<misses>417000001</misses>
				<total>9</total>
				<timestamp>4124.223283</timestamp>
			</report>
			<report>
				<misses>417100001</misses>
				<total>9</total>
				<timestamp>4125.214731</timestamp>
			</report>
			<report>
				<misses>417200001</misses>
				<total>9</total>
				<timestamp>4126.205799</timestamp>
			</report>
			<report>
				<misses>417300001</misses>
				<total>9</total>
				<timestamp>4127.196735</timestamp>
			</report>
			<report>
				<misses>417400001</misses>
				<total>9</total>
				<timestamp>4128.187407</timestamp>
			</report>
			<report>
				<misses>417500001</misses>
				<total>9</total>
				<timestamp>4129.177701</timestamp>
			</report>
			<report>
				<misses>417600001</misses>
				<total>9</total>
				<timestamp>4130.169167</timestamp>
			</report>
			<report>
				<misses>417700001</misses>
				<total>9</total>
				<timestamp>4131.159990</timestamp>
			</report>
			<report>
				<misses>417800001</misses>
				<total>9</total>
				<timestamp>4132.151447</timestamp>
			</report>
			<report>
				<misses>417900001</misses>
				<total>9</total>
				<timestamp>4133.141187</timestamp>
			</report>
			<report>
				<misses>418000001</misses>
				<total>9</total>
				<timestamp>4134.132643</timestamp>
			</report>
			<report>
				<misses>418100001</misses>
				<total>9</total>
				<timestamp>4135.123326</timestamp>
			</report>
			<report>
				<misses>418200001</misses>
				<total>9</total>
				<timestamp>4136.114915</timestamp>
			</report>
			<report>
				<misses>418300001</misses>
				<total>9</total>
				<timestamp>4137.106344</timestamp>
			</report>
			<report>
				<misses>418400001</misses>
				<total>9</total>
				<timestamp>4138.097237</timestamp>
			</report>
			<report>
				<misses>418500001</misses>
				<total>9</total>
				<timestamp>4139.088313</timestamp>
			</report>
			<report>
				<misses>418600001</misses>
				<total>9</total>
				<timestamp>4140.079220</timestamp>
			</report>
			<report>
				<misses>418700001</misses>
				<total>9</total>
				<timestamp>4141.070817</timestamp>
			</report>
			<report>
				<misses>418800001</misses>
				<total>9</total>
				<timestamp>4142.061145</timestamp>
			</report>
			<report>
				<misses>418900001</misses>
				<total>9</total>
				<timestamp>4143.051831</timestamp>
			</report>
			<report>
				<misses>419000001</misses>
				<total>9</total>
				<timestamp>4144.042483</timestamp>
			</report>
			<report>
				<misses>419100001</misses>
				<total>9</total>
				<timestamp>4145.032782</timestamp>
			</report>
			<report>
				<misses>419200001</misses>
				<total>9</total>
				<timestamp>4146.024113</timestamp>
			</report>
			<report>
				<misses>419300001</misses>
				<total>9</total>
				<timestamp>4147.014098</timestamp>
			</report>
			<report>
				<misses>419400001</misses>
				<total>9</total>
				<timestamp>4148.005504</timestamp>
			</report>
			<report>
				<misses>419500001</misses>
				<total>9</total>
				<timestamp>4148.996201</timestamp>
			</report>
			<report>
				<misses>419600001</misses>
				<total>9</total>
				<timestamp>4149.987677</timestamp>
			</report>
			<report>
				<misses>419700001</misses>
				<total>9</total>
				<timestamp>4150.979083</timestamp>
			</report>
			<report>
				<misses>419800001</misses>
				<total>9</total>
				<timestamp>4151.969964</timestamp>
			</report>
			<report>
				<misses>419900001</misses>
				<total>9</total>
				<timestamp>4152.960538</timestamp>
			</report>
			<report>
				<misses>420000001</misses>
				<total>9</total>
				<timestamp>4153.950421</timestamp>
			</report>
			<report>
				<misses>420100001</misses>
				<total>9</total>
				<timestamp>4154.940777</timestamp>
			</report>
			<report>
				<misses>420200001</misses>
				<total>9</total>
				<timestamp>4155.932114</timestamp>
			</report>
			<report>
				<misses>420300001</misses>
				<total>9</total>
				<timestamp>4156.923308</timestamp>
			</report>
			<report>
				<misses>420400001</misses>
				<total>9</total>
				<timestamp>4157.913702</timestamp>
			</report>
			<report>
				<misses>420500001</misses>
				<total>9</total>
				<timestamp>4158.903739</timestamp>
			</report>
			<report>
				<misses>420600001</misses>
				<total>9</total>
				<timestamp>4159.894618</timestamp>
			</report>
			<report>
				<misses>420700001</misses>
				<total>9</total>
				<timestamp>4160.885424</timestamp>
			</report>
			<report>
				<misses>420800001</misses>
				<total>9</total>
				<timestamp>4161.876119</timestamp>
			</report>
			<report>
				<misses>420900001</misses>
				<total>9</total>
				<timestamp>4162.866541</timestamp>
			</report>
			<report>
				<misses>421000001</misses>
				<total>9</total>
				<timestamp>4163.857858</timestamp>
			</report>
			<report>
				<misses>421100001</misses>
				<total>9</total>
				<timestamp>4164.848274</timestamp>
			</report>
			<report>
				<misses>421200001</misses>
				<total>9</total>
				<timestamp>4165.839188</timestamp>
			</report>
			<report>
				<misses>421300001</misses>
				<total>9</total>
				<timestamp>4166.829863</timestamp>
			</report>
			<report>
				<misses>421400001</misses>
				<total>9</total>
				<timestamp>4167.820866</timestamp>
			</report>
			<report>
				<misses>421500001</misses>
				<total>9</total>
				<timestamp>4168.811252</timestamp>
			</report>
			<report>
				<misses>421600001</misses>
				<total>9</total>
				<timestamp>4169.802175</timestamp>
			</report>
			<report>
				<misses>421700001</misses>
				<total>9</total>
				<timestamp>4170.793233</timestamp>
			</report>
			<report>
				<misses>421800001</misses>
				<total>9</total>
				<timestamp>4171.783259</timestamp>
			</report>
			<report>
				<misses>421900001</misses>
				<total>9</total>
				<timestamp>4172.774569</timestamp>
			</report>
			<report>
				<misses>422000001</misses>
				<total>9</total>
				<timestamp>4173.765369</timestamp>
			</report>
			<report>
				<misses>422100001</misses>
				<total>9</total>
				<timestamp>4174.755785</timestamp>
			</report>
			<report>
				<misses>422200001</misses>
				<total>9</total>
				<timestamp>4175.746955</timestamp>
			</report>
			<report>
				<misses>422300001</misses>
				<total>9</total>
				<timestamp>4176.738004</timestamp>
			</report>
			<report>
				<misses>422400001</misses>
				<total>9</total>
				<timestamp>4177.728534</timestamp>
			</report>
			<report>
				<misses>422500001</misses>
				<total>9</total>
				<timestamp>4178.719077</timestamp>
			</report>
			<report>
				<misses>422600001</misses>
				<total>9</total>
				<timestamp>4179.709623</timestamp>
			</report>
			<report>
				<misses>422700001</misses>
				<total>9</total>
				<timestamp>4180.701964</timestamp>
			</report>
			<report>
				<misses>422800001</misses>
				<total>9</total>
				<timestamp>4181.692892</timestamp>
			</report>
			<report>
				<misses>422900001</misses>
				<total>9</total>
				<timestamp>4182.683940</timestamp>
			</report>
			<report>
				<misses>423000001</misses>
				<total>9</total>
				<timestamp>4183.674863</timestamp>
			</report>
			<report>
				<misses>423100001</misses>
				<total>9</total>
				<timestamp>4184.664980</timestamp>
			</report>
			<report>
				<misses>423200001</misses>
				<total>9</total>
				<timestamp>4185.655656</timestamp>
			</report>
			<report>
				<misses>423300001</misses>
				<total>9</total>
				<timestamp>4186.646162</timestamp>
			</report>
			<report>
				<misses>423400001</misses>
				<total>9</total>
				<timestamp>4187.636950</timestamp>
			</report>
			<report>
				<misses>423500001</misses>
				<total>9</total>
				<timestamp>4188.627739</timestamp>
			</report>
			<report>
				<misses>423600001</misses>
				<total>9</total>
				<timestamp>4189.619153</timestamp>
			</report>
			<report>
				<misses>423700001</misses>
				<total>9</total>
				<timestamp>4190.610191</timestamp>
			</report>
			<report>
				<misses>423800001</misses>
				<total>9</total>
				<timestamp>4191.600477</timestamp>
			</report>
			<report>
				<misses>423900001</misses>
				<total>9</total>
				<timestamp>4192.591531</timestamp>
			</report>
			<report>
				<misses>424000001</misses>
				<total>9</total>
				<timestamp>4193.581561</timestamp>
			</report>
			<report>
				<misses>424100001</misses>
				<total>9</total>
				<timestamp>4194.571812</timestamp>
			</report>
			<report>
				<misses>424200001</misses>
				<total>9</total>
				<timestamp>4195.562612</timestamp>
			</report>
			<report>
				<misses>424300001</misses>
				<total>9</total>
				<timestamp>4196.552768</timestamp>
			</report>
			<report>
				<misses>424400001</misses>
				<total>9</total>
				<timestamp>4197.542920</timestamp>
			</report>
			<report>
				<misses>424500001</misses>
				<total>9</total>
				<timestamp>4198.533850</timestamp>
			</report>
			<report>
				<misses>424600001</misses>
				<total>9</total>
				<timestamp>4199.525430</timestamp>
			</report>
			<report>
				<misses>424700001</misses>
				<total>9</total>
				<timestamp>4200.515444</timestamp>
			</report>
			<report>
				<misses>424800001</misses>
				<total>9</total>
				<timestamp>4201.505579</timestamp>
			</report>
			<report>
				<misses>424900001</misses>
				<total>9</total>
				<timestamp>4202.495731</timestamp>
			</report>
			<report>
				<misses>425000001</misses>
				<total>9</total>
				<timestamp>4203.486403</timestamp>
			</report>
			<report>
				<misses>425100001</misses>
				<total>9</total>
				<timestamp>4204.476690</timestamp>
			</report>
			<report>
				<misses>425200001</misses>
				<total>9</total>
				<timestamp>4205.467582</timestamp>
			</report>
			<report>
				<misses>425300001</misses>
				<total>9</total>
				<timestamp>4206.459141</timestamp>
			</report>
			<report>
				<misses>425400001</misses>
				<total>9</total>
				<timestamp>4207.449930</timestamp>
			</report>
			<report>
				<misses>425500001</misses>
				<total>9</total>
				<timestamp>4208.441151</timestamp>
			</report>
			<report>
				<misses>425600001</misses>
				<total>9</total>
				<timestamp>4209.432067</timestamp>
			</report>
			<report>
				<misses>425700001</misses>
				<total>9</total>
				<timestamp>4210.423630</timestamp>
			</report>
			<report>
				<misses>425800001</misses>
				<total>9</total>
				<timestamp>4211.414808</timestamp>
			</report>
			<report>
				<misses>425900001</misses>
				<total>9</total>
				<timestamp>4212.405488</timestamp>
			</report>
			<report>
				<misses>426000001</misses>
				<total>9</total>
				<timestamp>4213.396554</timestamp>
			</report>
			<report>
				<misses>426100001</misses>
				<total>9</total>
				<timestamp>4214.387444</timestamp>
			</report>
			<report>
				<misses>426200001</misses>
				<total>9</total>
				<timestamp>4215.378243</timestamp>
			</report>
			<report>
				<misses>426300001</misses>
				<total>9</total>
				<timestamp>4216.369282</timestamp>
			</report>
			<report>
				<misses>426400001</misses>
				<total>9</total>
				<timestamp>4217.359946</timestamp>
			</report>
			<report>
				<misses>426500001</misses>
				<total>9</total>
				<timestamp>4218.351133</timestamp>
			</report>
			<report>
				<misses>426600001</misses>
				<total>9</total>
				<timestamp>4219.341926</timestamp>
			</report>
			<report>
				<misses>426700001</misses>
				<total>9</total>
				<timestamp>4220.333103</timestamp>
			</report>
			<report>
				<misses>426800001</misses>
				<total>9</total>
				<timestamp>4221.323892</timestamp>
			</report>
			<report>
				<misses>426900001</misses>
				<total>9</total>
				<timestamp>4222.314043</timestamp>
			</report>
			<report>
				<misses>427000001</misses>
				<total>9</total>
				<timestamp>4223.304587</timestamp>
			</report>
			<report>
				<misses>427100001</misses>
				<total>9</total>
				<timestamp>4224.295263</timestamp>
			</report>
			<report>
				<misses>427200001</misses>
				<total>9</total>
				<timestamp>4225.287103</timestamp>
			</report>
			<report>
				<misses>427300001</misses>
				<total>9</total>
				<timestamp>4226.279317</timestamp>
			</report>
			<report>
				<misses>427400001</misses>
				<total>9</total>
				<timestamp>4227.270248</timestamp>
			</report>
			<report>
				<misses>427500001</misses>
				<total>9</total>
				<timestamp>4228.260658</timestamp>
			</report>
			<report>
				<misses>427600001</misses>
				<total>9</total>
				<timestamp>4229.252219</timestamp>
			</report>
			<report>
				<misses>427700001</misses>
				<total>9</total>
				<timestamp>4230.242114</timestamp>
			</report>
			<report>
				<misses>427800001</misses>
				<total>9</total>
				<timestamp>4231.232782</timestamp>
			</report>
			<report>
				<misses>427900001</misses>
				<total>9</total>
				<timestamp>4232.223844</timestamp>
			</report>
			<report>
				<misses>428000001</misses>
				<total>9</total>
				<timestamp>4233.215033</timestamp>
			</report>
			<report>
				<misses>428100001</misses>
				<total>9</total>
				<timestamp>4234.206338</timestamp>
			</report>
			<report>
				<misses>428200001</misses>
				<total>9</total>
				<timestamp>4235.197128</timestamp>
			</report>
			<report>
				<misses>428300001</misses>
				<total>9</total>
				<timestamp>4236.187675</timestamp>
			</report>
			<report>
				<misses>428400001</misses>
				<total>9</total>
				<timestamp>4237.178329</timestamp>
			</report>
			<report>
				<misses>428500001</misses>
				<total>9</total>
				<timestamp>4238.169887</timestamp>
			</report>
			<report>
				<misses>428600001</misses>
				<total>9</total>
				<timestamp>4239.161334</timestamp>
			</report>
			<report>
				<misses>428700001</misses>
				<total>9</total>
				<timestamp>4240.151960</timestamp>
			</report>
			<report>
				<misses>428800001</misses>
				<total>9</total>
				<timestamp>4241.142899</timestamp>
			</report>
			<report>
				<misses>428900001</misses>
				<total>9</total>
				<timestamp>4242.133425</timestamp>
			</report>
			<report>
				<misses>429000001</misses>
				<total>9</total>
				<timestamp>4243.123960</timestamp>
			</report>
			<report>
				<misses>429100001</misses>
				<total>9</total>
				<timestamp>4244.115274</timestamp>
			</report>
			<report>
				<misses>429200001</misses>
				<total>9</total>
				<timestamp>4245.106602</timestamp>
			</report>
			<report>
				<misses>429300001</misses>
				<total>9</total>
				<timestamp>4246.097885</timestamp>
			</report>
			<report>
				<misses>429400001</misses>
				<total>9</total>
				<timestamp>4247.088270</timestamp>
			</report>
			<report>
				<misses>429500001</misses>
				<total>9</total>
				<timestamp>4248.078916</timestamp>
			</report>
			<report>
				<misses>429600001</misses>
				<total>9</total>
				<timestamp>4249.069587</timestamp>
			</report>
			<report>
				<misses>429700001</misses>
				<total>9</total>
				<timestamp>4250.060514</timestamp>
			</report>
			<report>
				<misses>429800001</misses>
				<total>9</total>
				<timestamp>4251.051185</timestamp>
			</report>
			<report>
				<misses>429900001</misses>
				<total>9</total>
				<timestamp>4252.041726</timestamp>
			</report>
			<report>
				<misses>430000001</misses>
				<total>9</total>
				<timestamp>4253.031239</timestamp>
			</report>
			<report>
				<misses>430100001</misses>
				<total>9</total>
				<timestamp>4254.022302</timestamp>
			</report>
			<report>
				<misses>430200001</misses>
				<total>9</total>
				<timestamp>4255.013571</timestamp>
			</report>
			<report>
				<misses>430300001</misses>
				<total>9</total>
				<timestamp>4256.004351</timestamp>
			</report>
			<report>
				<misses>430400001</misses>
				<total>9</total>
				<timestamp>4256.995274</timestamp>
			</report>
			<report>
				<misses>430500001</misses>
				<total>9</total>
				<timestamp>4257.985287</timestamp>
			</report>
			<report>
				<misses>430600001</misses>
				<total>9</total>
				<timestamp>4258.975562</timestamp>
			</report>
			<report>
				<misses>430700001</misses>
				<total>9</total>
				<timestamp>4259.967278</timestamp>
			</report>
			<report>
				<misses>430800001</misses>
				<total>9</total>
				<timestamp>4260.957930</timestamp>
			</report>
			<report>
				<misses>430900001</misses>
				<total>9</total>
				<timestamp>4261.948202</timestamp>
			</report>
			<report>
				<misses>431000001</misses>
				<total>9</total>
				<timestamp>4262.939515</timestamp>
			</report>
			<report>
				<misses>431100001</misses>
				<total>9</total>
				<timestamp>4263.928901</timestamp>
			</report>
			<report>
				<misses>431200001</misses>
				<total>9</total>
				<timestamp>4264.918902</timestamp>
			</report>
			<report>
				<misses>431300001</misses>
				<total>9</total>
				<timestamp>4265.909063</timestamp>
			</report>
			<report>
				<misses>431400001</misses>
				<total>9</total>
				<timestamp>4266.899570</timestamp>
			</report>
			<report>
				<misses>431500001</misses>
				<total>9</total>
				<timestamp>4267.889584</timestamp>
			</report>
			<report>
				<misses>431600001</misses>
				<total>9</total>
				<timestamp>4268.881277</timestamp>
			</report>
			<report>
				<misses>431700001</misses>
				<total>9</total>
				<timestamp>4269.872465</timestamp>
			</report>
			<report>
				<misses>431800001</misses>
				<total>9</total>
				<timestamp>4270.862369</timestamp>
			</report>
			<report>
				<misses>431900001</misses>
				<total>9</total>
				<timestamp>4271.852346</timestamp>
			</report>
			<report>
				<misses>432000001</misses>
				<total>9</total>
				<timestamp>4272.844544</timestamp>
			</report>
			<report>
				<misses>432100001</misses>
				<total>9</total>
				<timestamp>4273.834816</timestamp>
			</report>
			<report>
				<misses>432200001</misses>
				<total>9</total>
				<timestamp>4274.825355</timestamp>
			</report>
			<report>
				<misses>432300001</misses>
				<total>9</total>
				<timestamp>4275.816753</timestamp>
			</report>
			<report>
				<misses>432400001</misses>
				<total>9</total>
				<timestamp>4276.807523</timestamp>
			</report>
			<report>
				<misses>432500001</misses>
				<total>9</total>
				<timestamp>4277.797791</timestamp>
			</report>
			<report>
				<misses>432600001</misses>
				<total>9</total>
				<timestamp>4278.787935</timestamp>
			</report>
			<report>
				<misses>432700001</misses>
				<total>9</total>
				<timestamp>4279.778109</timestamp>
			</report>
			<report>
				<misses>432800001</misses>
				<total>9</total>
				<timestamp>4280.769685</timestamp>
			</report>
			<report>
				<misses>432900001</misses>
				<total>9</total>
				<timestamp>4281.760743</timestamp>
			</report>
			<report>
				<misses>433000001</misses>
				<total>9</total>
				<timestamp>4282.751422</timestamp>
			</report>
			<report>
				<misses>433100001</misses>
				<total>9</total>
				<timestamp>4283.741567</timestamp>
			</report>
			<report>
				<misses>433200001</misses>
				<total>9</total>
				<timestamp>4284.731724</timestamp>
			</report>
			<report>
				<misses>433300001</misses>
				<total>9</total>
				<timestamp>4285.721609</timestamp>
			</report>
			<report>
				<misses>433400001</misses>
				<total>9</total>
				<timestamp>4286.711634</timestamp>
			</report>
			<report>
				<misses>433500001</misses>
				<total>9</total>
				<timestamp>4287.702075</timestamp>
			</report>
			<report>
				<misses>433600001</misses>
				<total>9</total>
				<timestamp>4288.691954</timestamp>
			</report>
			<report>
				<misses>433700001</misses>
				<total>9</total>
				<timestamp>4289.682997</timestamp>
			</report>
			<report>
				<misses>433800001</misses>
				<total>9</total>
				<timestamp>4290.674422</timestamp>
			</report>
			<report>
				<misses>433900001</misses>
				<total>9</total>
				<timestamp>4291.665090</timestamp>
			</report>
			<report>
				<misses>434000001</misses>
				<total>9</total>
				<timestamp>4292.656017</timestamp>
			</report>
			<report>
				<misses>434100001</misses>
				<total>9</total>
				<timestamp>4293.647194</timestamp>
			</report>
			<report>
				<misses>434200001</misses>
				<total>9</total>
				<timestamp>4294.638013</timestamp>
			</report>
			<report>
				<misses>434300001</misses>
				<total>9</total>
				<timestamp>4295.629556</timestamp>
			</report>
			<report>
				<misses>434400001</misses>
				<total>9</total>
				<timestamp>4296.621501</timestamp>
			</report>
			<report>
				<misses>434500001</misses>
				<total>9</total>
				<timestamp>4297.614220</timestamp>
			</report>
			<report>
				<misses>434600001</misses>
				<total>9</total>
				<timestamp>4298.605261</timestamp>
			</report>
			<report>
				<misses>434700001</misses>
				<total>9</total>
				<timestamp>4299.595920</timestamp>
			</report>
			<report>
				<misses>434800001</misses>
				<total>9</total>
				<timestamp>4300.586069</timestamp>
			</report>
			<report>
				<misses>434900001</misses>
				<total>9</total>
				<timestamp>4301.577134</timestamp>
			</report>
			<report>
				<misses>435000001</misses>
				<total>9</total>
				<timestamp>4302.568419</timestamp>
			</report>
			<report>
				<misses>435100001</misses>
				<total>9</total>
				<timestamp>4303.558442</timestamp>
			</report>
			<report>
				<misses>435200001</misses>
				<total>9</total>
				<timestamp>4304.548727</timestamp>
			</report>
			<report>
				<misses>435300001</misses>
				<total>9</total>
				<timestamp>4305.539137</timestamp>
			</report>
			<report>
				<misses>435400001</misses>
				<total>9</total>
				<timestamp>4306.530060</timestamp>
			</report>
			<report>
				<misses>435500001</misses>
				<total>9</total>
				<timestamp>4307.520626</timestamp>
			</report>
			<report>
				<misses>435600001</misses>
				<total>9</total>
				<timestamp>4308.511288</timestamp>
			</report>
			<report>
				<misses>435700001</misses>
				<total>9</total>
				<timestamp>4309.502093</timestamp>
			</report>
			<report>
				<misses>435800001</misses>
				<total>9</total>
				<timestamp>4310.492904</timestamp>
			</report>
			<report>
				<misses>435900001</misses>
				<total>9</total>
				<timestamp>4311.483291</timestamp>
			</report>
			<report>
				<misses>436000001</misses>
				<total>9</total>
				<timestamp>4312.474183</timestamp>
			</report>
			<report>
				<misses>436100001</misses>
				<total>9</total>
				<timestamp>4313.465092</timestamp>
			</report>
			<report>
				<misses>436200001</misses>
				<total>9</total>
				<timestamp>4314.455355</timestamp>
			</report>
			<report>
				<misses>436300001</misses>
				<total>9</total>
				<timestamp>4315.446403</timestamp>
			</report>
			<report>
				<misses>436400001</misses>
				<total>9</total>
				<timestamp>4316.436947</timestamp>
			</report>
			<report>
				<misses>436500001</misses>
				<total>9</total>
				<timestamp>4317.427239</timestamp>
			</report>
			<report>
				<misses>436600001</misses>
				<total>9</total>
				<timestamp>4318.417744</timestamp>
			</report>
			<report>
				<misses>436700001</misses>
				<total>9</total>
				<timestamp>4319.408671</timestamp>
			</report>
			<report>
				<misses>436800001</misses>
				<total>9</total>
				<timestamp>4320.400230</timestamp>
			</report>
			<report>
				<misses>436900001</misses>
				<total>9</total>
				<timestamp>4321.391655</timestamp>
			</report>
			<report>
				<misses>437000001</misses>
				<total>9</total>
				<timestamp>4322.382035</timestamp>
			</report>
			<report>
				<misses>437100001</misses>
				<total>9</total>
				<timestamp>4323.372799</timestamp>
			</report>
			<report>
				<misses>437200001</misses>
				<total>9</total>
				<timestamp>4324.363990</timestamp>
			</report>
			<report>
				<misses>437300001</misses>
				<total>9</total>
				<timestamp>4325.354136</timestamp>
			</report>
			<report>
				<misses>437400001</misses>
				<total>9</total>
				<timestamp>4326.345068</timestamp>
			</report>
			<report>
				<misses>437500001</misses>
				<total>9</total>
				<timestamp>4327.335705</timestamp>
			</report>
			<report>
				<misses>437600001</misses>
				<total>9</total>
				<timestamp>4328.326362</timestamp>
			</report>
			<report>
				<misses>437700001</misses>
				<total>9</total>
				<timestamp>4329.316226</timestamp>
			</report>
			<report>
				<misses>437800001</misses>
				<total>9</total>
				<timestamp>4330.306768</timestamp>
			</report>
			<report>
				<misses>437900001</misses>
				<total>9</total>
				<timestamp>4331.297954</timestamp>
			</report>
			<report>
				<misses>438000001</misses>
				<total>9</total>
				<timestamp>4332.289260</timestamp>
			</report>
			<report>
				<misses>438100001</misses>
				<total>9</total>
				<timestamp>4333.280191</timestamp>
			</report>
			<report>
				<misses>438200001</misses>
				<total>9</total>
				<timestamp>4334.270867</timestamp>
			</report>
			<report>
				<misses>438300001</misses>
				<total>9</total>
				<timestamp>4335.261766</timestamp>
			</report>
			<report>
				<misses>438400001</misses>
				<total>9</total>
				<timestamp>4336.252938</timestamp>
			</report>
			<report>
				<misses>438500001</misses>
				<total>9</total>
				<timestamp>4337.244249</timestamp>
			</report>
			<report>
				<misses>438600001</misses>
				<total>9</total>
				<timestamp>4338.235160</timestamp>
			</report>
			<report>
				<misses>438700001</misses>
				<total>9</total>
				<timestamp>4339.226455</timestamp>
			</report>
			<report>
				<misses>438800001</misses>
				<total>9</total>
				<timestamp>4340.217766</timestamp>
			</report>
			<report>
				<misses>438900001</misses>
				<total>9</total>
				<timestamp>4341.208174</timestamp>
			</report>
			<report>
				<misses>439000001</misses>
				<total>9</total>
				<timestamp>4342.198916</timestamp>
			</report>
			<report>
				<misses>439100001</misses>
				<total>9</total>
				<timestamp>4343.189456</timestamp>
			</report>
			<report>
				<misses>439200001</misses>
				<total>9</total>
				<timestamp>4344.179738</timestamp>
			</report>
			<report>
				<misses>439300001</misses>
				<total>9</total>
				<timestamp>4345.170789</timestamp>
			</report>
			<report>
				<misses>439400001</misses>
				<total>9</total>
				<timestamp>4346.161575</timestamp>
			</report>
			<report>
				<misses>439500001</misses>
				<total>9</total>
				<timestamp>4347.151579</timestamp>
			</report>
			<report>
				<misses>439600001</misses>
				<total>9</total>
				<timestamp>4348.142759</timestamp>
			</report>
			<report>
				<misses>439700001</misses>
				<total>9</total>
				<timestamp>4349.133176</timestamp>
			</report>
			<report>
				<misses>439800001</misses>
				<total>9</total>
				<timestamp>4350.124737</timestamp>
			</report>
			<report>
				<misses>439900001</misses>
				<total>9</total>
				<timestamp>4351.115161</timestamp>
			</report>
			<report>
				<misses>440000001</misses>
				<total>9</total>
				<timestamp>4352.105832</timestamp>
			</report>
			<report>
				<misses>440100001</misses>
				<total>9</total>
				<timestamp>4353.096897</timestamp>
			</report>
			<report>
				<misses>440200001</misses>
				<total>9</total>
				<timestamp>4354.087297</timestamp>
			</report>
			<report>
				<misses>440300001</misses>
				<total>9</total>
				<timestamp>4355.078731</timestamp>
			</report>
			<report>
				<misses>440400001</misses>
				<total>9</total>
				<timestamp>4356.070040</timestamp>
			</report>
			<report>
				<misses>440500001</misses>
				<total>9</total>
				<timestamp>4357.061085</timestamp>
			</report>
			<report>
				<misses>440600001</misses>
				<total>9</total>
				<timestamp>4358.051368</timestamp>
			</report>
			<report>
				<misses>440700001</misses>
				<total>9</total>
				<timestamp>4359.042130</timestamp>
			</report>
			<report>
				<misses>440800001</misses>
				<total>9</total>
				<timestamp>4360.032537</timestamp>
			</report>
			<report>
				<misses>440900001</misses>
				<total>9</total>
				<timestamp>4361.023211</timestamp>
			</report>
			<report>
				<misses>441000001</misses>
				<total>9</total>
				<timestamp>4362.014253</timestamp>
			</report>
			<report>
				<misses>441100001</misses>
				<total>9</total>
				<timestamp>4363.006057</timestamp>
			</report>
			<report>
				<misses>441200001</misses>
				<total>9</total>
				<timestamp>4363.996456</timestamp>
			</report>
			<report>
				<misses>441300001</misses>
				<total>9</total>
				<timestamp>4364.986610</timestamp>
			</report>
			<report>
				<misses>441400001</misses>
				<total>9</total>
				<timestamp>4365.978026</timestamp>
			</report>
			<report>
				<misses>441500001</misses>
				<total>9</total>
				<timestamp>4366.968560</timestamp>
			</report>
			<report>
				<misses>441600001</misses>
				<total>9</total>
				<timestamp>4367.958975</timestamp>
			</report>
			<report>
				<misses>441700001</misses>
				<total>9</total>
				<timestamp>4368.949384</timestamp>
			</report>
			<report>
				<misses>441800001</misses>
				<total>9</total>
				<timestamp>4369.940688</timestamp>
			</report>
			<report>
				<misses>441900001</misses>
				<total>9</total>
				<timestamp>4370.931990</timestamp>
			</report>
			<report>
				<misses>442000001</misses>
				<total>9</total>
				<timestamp>4371.922911</timestamp>
			</report>
			<report>
				<misses>442100001</misses>
				<total>9</total>
				<timestamp>4372.914090</timestamp>
			</report>
			<report>
				<misses>442200001</misses>
				<total>9</total>
				<timestamp>4373.905144</timestamp>
			</report>
			<report>
				<misses>442300001</misses>
				<total>9</total>
				<timestamp>4374.895414</timestamp>
			</report>
			<report>
				<misses>442400001</misses>
				<total>9</total>
				<timestamp>4375.886591</timestamp>
			</report>
			<report>
				<misses>442500001</misses>
				<total>9</total>
				<timestamp>4376.877093</timestamp>
			</report>
			<report>
				<misses>442600001</misses>
				<total>9</total>
				<timestamp>4377.868287</timestamp>
			</report>
			<report>
				<misses>442700001</misses>
				<total>9</total>
				<timestamp>4378.859995</timestamp>
			</report>
			<report>
				<misses>442800001</misses>
				<total>9</total>
				<timestamp>4379.851407</timestamp>
			</report>
			<report>
				<misses>442900001</misses>
				<total>9</total>
				<timestamp>4380.842327</timestamp>
			</report>
			<report>
				<misses>443000001</misses>
				<total>9</total>
				<timestamp>4381.832982</timestamp>
			</report>
			<report>
				<misses>443100001</misses>
				<total>9</total>
				<timestamp>4382.824912</timestamp>
			</report>
			<report>
				<misses>443200001</misses>
				<total>9</total>
				<timestamp>4383.816223</timestamp>
			</report>
			<report>
				<misses>443300001</misses>
				<total>9</total>
				<timestamp>4384.807798</timestamp>
			</report>
			<report>
				<misses>443400001</misses>
				<total>9</total>
				<timestamp>4385.798461</timestamp>
			</report>
			<report>
				<misses>443500001</misses>
				<total>9</total>
				<timestamp>4386.789246</timestamp>
			</report>
			<report>
				<misses>443600001</misses>
				<total>9</total>
				<timestamp>4387.780422</timestamp>
			</report>
			<report>
				<misses>443700001</misses>
				<total>9</total>
				<timestamp>4388.771858</timestamp>
			</report>
			<report>
				<misses>443800001</misses>
				<total>9</total>
				<timestamp>4389.763045</timestamp>
			</report>
			<report>
				<misses>443900001</misses>
				<total>9</total>
				<timestamp>4390.753574</timestamp>
			</report>
			<report>
				<misses>444000001</misses>
				<total>9</total>
				<timestamp>4391.744478</timestamp>
			</report>
			<report>
				<misses>444100001</misses>
				<total>9</total>
				<timestamp>4392.735406</timestamp>
			</report>
			<report>
				<misses>444200001</misses>
				<total>9</total>
				<timestamp>4393.726850</timestamp>
			</report>
			<report>
				<misses>444300001</misses>
				<total>9</total>
				<timestamp>4394.718274</timestamp>
			</report>
			<report>
				<misses>444400001</misses>
				<total>9</total>
				<timestamp>4395.709176</timestamp>
			</report>
			<report>
				<misses>444500001</misses>
				<total>9</total>
				<timestamp>4396.700351</timestamp>
			</report>
			<report>
				<misses>444600001</misses>
				<total>9</total>
				<timestamp>4397.691404</timestamp>
			</report>
			<report>
				<misses>444700001</misses>
				<total>9</total>
				<timestamp>4398.682321</timestamp>
			</report>
			<report>
				<misses>444800001</misses>
				<total>9</total>
				<timestamp>4399.673740</timestamp>
			</report>
			<report>
				<misses>444900001</misses>
				<total>9</total>
				<timestamp>4400.664803</timestamp>
			</report>
			<report>
				<misses>445000001</misses>
				<total>9</total>
				<timestamp>4401.655983</timestamp>
			</report>
			<report>
				<misses>445100001</misses>
				<total>9</total>
				<timestamp>4402.647156</timestamp>
			</report>
			<report>
				<misses>445200001</misses>
				<total>9</total>
				<timestamp>4403.637439</timestamp>
			</report>
			<report>
				<misses>445300001</misses>
				<total>9</total>
				<timestamp>4404.628241</timestamp>
			</report>
			<report>
				<misses>445400001</misses>
				<total>9</total>
				<timestamp>4405.619414</timestamp>
			</report>
			<report>
				<misses>445500001</misses>
				<total>9</total>
				<timestamp>4406.610841</timestamp>
			</report>
			<report>
				<misses>445600001</misses>
				<total>9</total>
				<timestamp>4407.601385</timestamp>
			</report>
			<report>
				<misses>445700001</misses>
				<total>9</total>
				<timestamp>4408.591927</timestamp>
			</report>
			<report>
				<misses>445800001</misses>
				<total>9</total>
				<timestamp>4409.583238</timestamp>
			</report>
			<report>
				<misses>445900001</misses>
				<total>9</total>
				<timestamp>4410.574024</timestamp>
			</report>
			<report>
				<misses>446000001</misses>
				<total>9</total>
				<timestamp>4411.564945</timestamp>
			</report>
			<report>
				<misses>446100001</misses>
				<total>9</total>
				<timestamp>4412.556893</timestamp>
			</report>
			<report>
				<misses>446200001</misses>
				<total>9</total>
				<timestamp>4413.547810</timestamp>
			</report>
			<report>
				<misses>446300001</misses>
				<total>9</total>
				<timestamp>4414.539382</timestamp>
			</report>
			<report>
				<misses>446400001</misses>
				<total>9</total>
				<timestamp>4415.530300</timestamp>
			</report>
			<report>
				<misses>446500001</misses>
				<total>9</total>
				<timestamp>4416.521736</timestamp>
			</report>
			<report>
				<misses>446600001</misses>
				<total>9</total>
				<timestamp>4417.513312</timestamp>
			</report>
			<report>
				<misses>446700001</misses>
				<total>9</total>
				<timestamp>4418.504615</timestamp>
			</report>
			<report>
				<misses>446800001</misses>
				<total>9</total>
				<timestamp>4419.496046</timestamp>
			</report>
			<report>
				<misses>446900001</misses>
				<total>9</total>
				<timestamp>4420.486933</timestamp>
			</report>
			<report>
				<misses>447000001</misses>
				<total>9</total>
				<timestamp>4421.477217</timestamp>
			</report>
			<report>
				<misses>447100001</misses>
				<total>9</total>
				<timestamp>4422.468522</timestamp>
			</report>
			<report>
				<misses>447200001</misses>
				<total>9</total>
				<timestamp>4423.460079</timestamp>
			</report>
			<report>
				<misses>447300001</misses>
				<total>9</total>
				<timestamp>4424.451899</timestamp>
			</report>
			<report>
				<misses>447400001</misses>
				<total>9</total>
				<timestamp>4425.443736</timestamp>
			</report>
			<report>
				<misses>447500001</misses>
				<total>9</total>
				<timestamp>4426.434394</timestamp>
			</report>
			<report>
				<misses>447600001</misses>
				<total>9</total>
				<timestamp>4427.424674</timestamp>
			</report>
			<report>
				<misses>447700001</misses>
				<total>9</total>
				<timestamp>4428.415994</timestamp>
			</report>
			<report>
				<misses>447800001</misses>
				<total>9</total>
				<timestamp>4429.406651</timestamp>
			</report>
			<report>
				<misses>447900001</misses>
				<total>9</total>
				<timestamp>4430.396793</timestamp>
			</report>
			<report>
				<misses>448000001</misses>
				<total>9</total>
				<timestamp>4431.387454</timestamp>
			</report>
			<report>
				<misses>448100001</misses>
				<total>9</total>
				<timestamp>4432.378517</timestamp>
			</report>
			<report>
				<misses>448200001</misses>
				<total>9</total>
				<timestamp>4433.369711</timestamp>
			</report>
			<report>
				<misses>448300001</misses>
				<total>9</total>
				<timestamp>4434.361141</timestamp>
			</report>
			<report>
				<misses>448400001</misses>
				<total>9</total>
				<timestamp>4435.351785</timestamp>
			</report>
			<report>
				<misses>448500001</misses>
				<total>9</total>
				<timestamp>4436.343243</timestamp>
			</report>
			<report>
				<misses>448600001</misses>
				<total>9</total>
				<timestamp>4437.333911</timestamp>
			</report>
			<report>
				<misses>448700001</misses>
				<total>9</total>
				<timestamp>4438.324569</timestamp>
			</report>
			<report>
				<misses>448800001</misses>
				<total>9</total>
				<timestamp>4439.316133</timestamp>
			</report>
			<report>
				<misses>448900001</misses>
				<total>9</total>
				<timestamp>4440.307439</timestamp>
			</report>
			<report>
				<misses>449000001</misses>
				<total>9</total>
				<timestamp>4441.298628</timestamp>
			</report>
			<report>
				<misses>449100001</misses>
				<total>9</total>
				<timestamp>4442.289544</timestamp>
			</report>
			<report>
				<misses>449200001</misses>
				<total>9</total>
				<timestamp>4443.281095</timestamp>
			</report>
			<report>
				<misses>449300001</misses>
				<total>9</total>
				<timestamp>4444.271632</timestamp>
			</report>
			<report>
				<misses>449400001</misses>
				<total>9</total>
				<timestamp>4445.262815</timestamp>
			</report>
			<report>
				<misses>449500001</misses>
				<total>9</total>
				<timestamp>4446.253472</timestamp>
			</report>
			<report>
				<misses>449600001</misses>
				<total>9</total>
				<timestamp>4447.244519</timestamp>
			</report>
			<report>
				<misses>449700001</misses>
				<total>9</total>
				<timestamp>4448.236088</timestamp>
			</report>
			<report>
				<misses>449800001</misses>
				<total>9</total>
				<timestamp>4449.226895</timestamp>
			</report>
			<report>
				<misses>449900001</misses>
				<total>9</total>
				<timestamp>4450.217950</timestamp>
			</report>
			<report>
				<misses>450000001</misses>
				<total>9</total>
				<timestamp>4451.208617</timestamp>
			</report>
			<report>
				<misses>450100001</misses>
				<total>9</total>
				<timestamp>4452.200192</timestamp>
			</report>
			<report>
				<misses>450200001</misses>
				<total>9</total>
				<timestamp>4453.190091</timestamp>
			</report>
			<report>
				<misses>450300001</misses>
				<total>9</total>
				<timestamp>4454.180371</timestamp>
			</report>
			<report>
				<misses>450400001</misses>
				<total>9</total>
				<timestamp>4455.171569</timestamp>
			</report>
			<report>
				<misses>450500001</misses>
				<total>9</total>
				<timestamp>4456.162710</timestamp>
			</report>
			<report>
				<misses>450600001</misses>
				<total>9</total>
				<timestamp>4457.154402</timestamp>
			</report>
			<report>
				<misses>450700001</misses>
				<total>9</total>
				<timestamp>4458.144912</timestamp>
			</report>
			<report>
				<misses>450800001</misses>
				<total>9</total>
				<timestamp>4459.136217</timestamp>
			</report>
			<report>
				<misses>450900001</misses>
				<total>9</total>
				<timestamp>4460.128045</timestamp>
			</report>
			<report>
				<misses>451000001</misses>
				<total>9</total>
				<timestamp>4461.119149</timestamp>
			</report>
			<report>
				<misses>451100001</misses>
				<total>9</total>
				<timestamp>4462.110425</timestamp>
			</report>
			<report>
				<misses>451200001</misses>
				<total>9</total>
				<timestamp>4463.102234</timestamp>
			</report>
			<report>
				<misses>451300001</misses>
				<total>9</total>
				<timestamp>4464.092887</timestamp>
			</report>
			<report>
				<misses>451400001</misses>
				<total>9</total>
				<timestamp>4465.083511</timestamp>
			</report>
			<report>
				<misses>451500001</misses>
				<total>9</total>
				<timestamp>4466.073789</timestamp>
			</report>
			<report>
				<misses>451600001</misses>
				<total>9</total>
				<timestamp>4467.064176</timestamp>
			</report>
			<report>
				<misses>451700001</misses>
				<total>9</total>
				<timestamp>4468.054423</timestamp>
			</report>
			<report>
				<misses>451800001</misses>
				<total>9</total>
				<timestamp>4469.044543</timestamp>
			</report>
			<report>
				<misses>451900001</misses>
				<total>9</total>
				<timestamp>4470.035194</timestamp>
			</report>
			<report>
				<misses>452000001</misses>
				<total>9</total>
				<timestamp>4471.025319</timestamp>
			</report>
			<report>
				<misses>452100001</misses>
				<total>9</total>
				<timestamp>4472.016343</timestamp>
			</report>
			<report>
				<misses>452200001</misses>
				<total>9</total>
				<timestamp>4473.005829</timestamp>
			</report>
			<report>
				<misses>452300001</misses>
				<total>9</total>
				<timestamp>4473.996742</timestamp>
			</report>
			<report>
				<misses>452400001</misses>
				<total>9</total>
				<timestamp>4474.988027</timestamp>
			</report>
			<report>
				<misses>452500001</misses>
				<total>9</total>
				<timestamp>4475.979060</timestamp>
			</report>
			<report>
				<misses>452600001</misses>
				<total>9</total>
				<timestamp>4476.969690</timestamp>
			</report>
			<report>
				<misses>452700001</misses>
				<total>9</total>
				<timestamp>4477.959696</timestamp>
			</report>
			<report>
				<misses>452800001</misses>
				<total>9</total>
				<timestamp>4478.949826</timestamp>
			</report>
			<report>
				<misses>452900001</misses>
				<total>9</total>
				<timestamp>4479.940354</timestamp>
			</report>
			<report>
				<misses>453000001</misses>
				<total>9</total>
				<timestamp>4480.930468</timestamp>
			</report>
			<report>
				<misses>453100001</misses>
				<total>9</total>
				<timestamp>4481.921256</timestamp>
			</report>
			<report>
				<misses>453200001</misses>
				<total>9</total>
				<timestamp>4482.911641</timestamp>
			</report>
			<report>
				<misses>453300001</misses>
				<total>9</total>
				<timestamp>4483.902149</timestamp>
			</report>
			<report>
				<misses>453400001</misses>
				<total>9</total>
				<timestamp>4484.891635</timestamp>
			</report>
			<report>
				<misses>453500001</misses>
				<total>9</total>
				<timestamp>4485.882021</timestamp>
			</report>
			<report>
				<misses>453600001</misses>
				<total>9</total>
				<timestamp>4486.872653</timestamp>
			</report>
			<report>
				<misses>453700001</misses>
				<total>9</total>
				<timestamp>4487.863167</timestamp>
			</report>
			<report>
				<misses>453800001</misses>
				<total>9</total>
				<timestamp>4488.853317</timestamp>
			</report>
			<report>
				<misses>453900001</misses>
				<total>9</total>
				<timestamp>4489.844854</timestamp>
			</report>
			<report>
				<misses>454000001</misses>
				<total>9</total>
				<timestamp>4490.834599</timestamp>
			</report>
			<report>
				<misses>454100001</misses>
				<total>9</total>
				<timestamp>4491.825357</timestamp>
			</report>
			<report>
				<misses>454200001</misses>
				<total>9</total>
				<timestamp>4492.816274</timestamp>
			</report>
			<report>
				<misses>454300001</misses>
				<total>9</total>
				<timestamp>4493.806661</timestamp>
			</report>
			<report>
				<misses>454400001</misses>
				<total>9</total>
				<timestamp>4494.797166</timestamp>
			</report>
			<report>
				<misses>454500001</misses>
				<total>9</total>
				<timestamp>4495.788066</timestamp>
			</report>
			<report>
				<misses>454600001</misses>
				<total>9</total>
				<timestamp>4496.778973</timestamp>
			</report>
			<report>
				<misses>454700001</misses>
				<total>9</total>
				<timestamp>4497.769613</timestamp>
			</report>
			<report>
				<misses>454800001</misses>
				<total>9</total>
				<timestamp>4498.760262</timestamp>
			</report>
			<report>
				<misses>454900001</misses>
				<total>9</total>
				<timestamp>4499.750528</timestamp>
			</report>
			<report>
				<misses>455000001</misses>
				<total>9</total>
				<timestamp>4500.741812</timestamp>
			</report>
			<report>
				<misses>455100001</misses>
				<total>9</total>
				<timestamp>4501.733225</timestamp>
			</report>
			<report>
				<misses>455200001</misses>
				<total>9</total>
				<timestamp>4502.724916</timestamp>
			</report>
			<report>
				<misses>455300001</misses>
				<total>9</total>
				<timestamp>4503.715038</timestamp>
			</report>
			<report>
				<misses>455400001</misses>
				<total>9</total>
				<timestamp>4504.704903</timestamp>
			</report>
			<report>
				<misses>455500001</misses>
				<total>9</total>
				<timestamp>4505.695690</timestamp>
			</report>
			<report>
				<misses>455600001</misses>
				<total>9</total>
				<timestamp>4506.687109</timestamp>
			</report>
			<report>
				<misses>455700001</misses>
				<total>9</total>
				<timestamp>4507.677098</timestamp>
			</report>
			<report>
				<misses>455800001</misses>
				<total>9</total>
				<timestamp>4508.668509</timestamp>
			</report>
			<report>
				<misses>455900001</misses>
				<total>9</total>
				<timestamp>4509.659687</timestamp>
			</report>
			<report>
				<misses>456000001</misses>
				<total>9</total>
				<timestamp>4510.651096</timestamp>
			</report>
			<report>
				<misses>456100001</misses>
				<total>9</total>
				<timestamp>4511.642254</timestamp>
			</report>
			<report>
				<misses>456200001</misses>
				<total>9</total>
				<timestamp>4512.633680</timestamp>
			</report>
			<report>
				<misses>456300001</misses>
				<total>9</total>
				<timestamp>4513.625362</timestamp>
			</report>
			<report>
				<misses>456400001</misses>
				<total>9</total>
				<timestamp>4514.616006</timestamp>
			</report>
			<report>
				<misses>456500001</misses>
				<total>9</total>
				<timestamp>4515.607158</timestamp>
			</report>
			<report>
				<misses>456600001</misses>
				<total>9</total>
				<timestamp>4516.597946</timestamp>
			</report>
			<report>
				<misses>456700001</misses>
				<total>9</total>
				<timestamp>4517.588710</timestamp>
			</report>
			<report>
				<misses>456800001</misses>
				<total>9</total>
				<timestamp>4518.579478</timestamp>
			</report>
			<report>
				<misses>456900001</misses>
				<total>9</total>
				<timestamp>4519.570519</timestamp>
			</report>
			<report>
				<misses>457000001</misses>
				<total>9</total>
				<timestamp>4520.562311</timestamp>
			</report>
			<report>
				<misses>457100001</misses>
				<total>9</total>
				<timestamp>4521.552581</timestamp>
			</report>
			<report>
				<misses>457200001</misses>
				<total>9</total>
				<timestamp>4522.543218</timestamp>
			</report>
			<report>
				<misses>457300001</misses>
				<total>9</total>
				<timestamp>4523.534512</timestamp>
			</report>
			<report>
				<misses>457400001</misses>
				<total>9</total>
				<timestamp>4524.525168</timestamp>
			</report>
			<report>
				<misses>457500001</misses>
				<total>9</total>
				<timestamp>4525.515295</timestamp>
			</report>
			<report>
				<misses>457600001</misses>
				<total>9</total>
				<timestamp>4526.506439</timestamp>
			</report>
			<report>
				<misses>457700001</misses>
				<total>9</total>
				<timestamp>4527.497226</timestamp>
			</report>
			<report>
				<misses>457800001</misses>
				<total>9</total>
				<timestamp>4528.488388</timestamp>
			</report>
			<report>
				<misses>457900001</misses>
				<total>9</total>
				<timestamp>4529.480177</timestamp>
			</report>
			<report>
				<misses>458000001</misses>
				<total>9</total>
				<timestamp>4530.471087</timestamp>
			</report>
			<report>
				<misses>458100001</misses>
				<total>9</total>
				<timestamp>4531.461860</timestamp>
			</report>
			<report>
				<misses>458200001</misses>
				<total>9</total>
				<timestamp>4532.453668</timestamp>
			</report>
			<report>
				<misses>458300001</misses>
				<total>9</total>
				<timestamp>4533.444068</timestamp>
			</report>
			<report>
				<misses>458400001</misses>
				<total>9</total>
				<timestamp>4534.435720</timestamp>
			</report>
			<report>
				<misses>458500001</misses>
				<total>9</total>
				<timestamp>4535.426508</timestamp>
			</report>
			<report>
				<misses>458600001</misses>
				<total>9</total>
				<timestamp>4536.417017</timestamp>
			</report>
			<report>
				<misses>458700001</misses>
				<total>9</total>
				<timestamp>4537.407538</timestamp>
			</report>
			<report>
				<misses>458800001</misses>
				<total>9</total>
				<timestamp>4538.398689</timestamp>
			</report>
			<report>
				<misses>458900001</misses>
				<total>9</total>
				<timestamp>4539.389863</timestamp>
			</report>
			<report>
				<misses>459000001</misses>
				<total>9</total>
				<timestamp>4540.380776</timestamp>
			</report>
			<report>
				<misses>459100001</misses>
				<total>9</total>
				<timestamp>4541.372320</timestamp>
			</report>
			<report>
				<misses>459200001</misses>
				<total>9</total>
				<timestamp>4542.362826</timestamp>
			</report>
			<report>
				<misses>459300001</misses>
				<total>9</total>
				<timestamp>4543.354373</timestamp>
			</report>
			<report>
				<misses>459400001</misses>
				<total>9</total>
				<timestamp>4544.345914</timestamp>
			</report>
			<report>
				<misses>459500001</misses>
				<total>9</total>
				<timestamp>4545.336702</timestamp>
			</report>
			<report>
				<misses>459600001</misses>
				<total>9</total>
				<timestamp>4546.326940</timestamp>
			</report>
			<report>
				<misses>459700001</misses>
				<total>9</total>
				<timestamp>4547.318378</timestamp>
			</report>
			<report>
				<misses>459800001</misses>
				<total>9</total>
				<timestamp>4548.309144</timestamp>
			</report>
			<report>
				<misses>459900001</misses>
				<total>9</total>
				<timestamp>4549.300175</timestamp>
			</report>
			<report>
				<misses>460000001</misses>
				<total>9</total>
				<timestamp>4550.291081</timestamp>
			</report>
			<report>
				<misses>460100001</misses>
				<total>9</total>
				<timestamp>4551.281967</timestamp>
			</report>
			<report>
				<misses>460200001</misses>
				<total>9</total>
				<timestamp>4552.273789</timestamp>
			</report>
			<report>
				<misses>460300001</misses>
				<total>9</total>
				<timestamp>4553.264688</timestamp>
			</report>
			<report>
				<misses>460400001</misses>
				<total>9</total>
				<timestamp>4554.255593</timestamp>
			</report>
			<report>
				<misses>460500001</misses>
				<total>9</total>
				<timestamp>4555.246368</timestamp>
			</report>
			<report>
				<misses>460600001</misses>
				<total>9</total>
				<timestamp>4556.237779</timestamp>
			</report>
			<report>
				<misses>460700001</misses>
				<total>9</total>
				<timestamp>4557.229193</timestamp>
			</report>
			<report>
				<misses>460800001</misses>
				<total>9</total>
				<timestamp>4558.219837</timestamp>
			</report>
			<report>
				<misses>460900001</misses>
				<total>9</total>
				<timestamp>4559.210994</timestamp>
			</report>
			<report>
				<misses>461000001</misses>
				<total>9</total>
				<timestamp>4560.201404</timestamp>
			</report>
			<report>
				<misses>461100001</misses>
				<total>9</total>
				<timestamp>4561.192495</timestamp>
			</report>
			<report>
				<misses>461200001</misses>
				<total>9</total>
				<timestamp>4562.182404</timestamp>
			</report>
			<report>
				<misses>461300001</misses>
				<total>9</total>
				<timestamp>4563.173298</timestamp>
			</report>
			<report>
				<misses>461400001</misses>
				<total>9</total>
				<timestamp>4564.164345</timestamp>
			</report>
			<report>
				<misses>461500001</misses>
				<total>9</total>
				<timestamp>4565.154335</timestamp>
			</report>
			<report>
				<misses>461600001</misses>
				<total>9</total>
				<timestamp>4566.144104</timestamp>
			</report>
			<report>
				<misses>461700001</misses>
				<total>9</total>
				<timestamp>4567.135501</timestamp>
			</report>
			<report>
				<misses>461800001</misses>
				<total>9</total>
				<timestamp>4568.126021</timestamp>
			</report>
			<report>
				<misses>461900001</misses>
				<total>9</total>
				<timestamp>4569.115791</timestamp>
			</report>
			<report>
				<misses>462000001</misses>
				<total>9</total>
				<timestamp>4570.106451</timestamp>
			</report>
			<report>
				<misses>462100001</misses>
				<total>9</total>
				<timestamp>4571.096706</timestamp>
			</report>
			<report>
				<misses>462200001</misses>
				<total>9</total>
				<timestamp>4572.086984</timestamp>
			</report>
			<report>
				<misses>462300001</misses>
				<total>9</total>
				<timestamp>4573.076342</timestamp>
			</report>
			<report>
				<misses>462400001</misses>
				<total>9</total>
				<timestamp>4574.066878</timestamp>
			</report>
			<report>
				<misses>462500001</misses>
				<total>9</total>
				<timestamp>4575.057760</timestamp>
			</report>
			<report>
				<misses>462600001</misses>
				<total>9</total>
				<timestamp>4576.048690</timestamp>
			</report>
			<report>
				<misses>462700001</misses>
				<total>9</total>
				<timestamp>4577.039707</timestamp>
			</report>
			<report>
				<misses>462800001</misses>
				<total>9</total>
				<timestamp>4578.031009</timestamp>
			</report>
			<report>
				<misses>462900001</misses>
				<total>9</total>
				<timestamp>4579.022165</timestamp>
			</report>
			<report>
				<misses>463000001</misses>
				<total>9</total>
				<timestamp>4580.012685</timestamp>
			</report>
			<report>
				<misses>463100001</misses>
				<total>9</total>
				<timestamp>4581.003721</timestamp>
			</report>
			<report>
				<misses>463200001</misses>
				<total>9</total>
				<timestamp>4581.994744</timestamp>
			</report>
			<report>
				<misses>463300001</misses>
				<total>9</total>
				<timestamp>4582.985410</timestamp>
			</report>
			<report>
				<misses>463400001</misses>
				<total>9</total>
				<timestamp>4583.976434</timestamp>
			</report>
			<report>
				<misses>463500001</misses>
				<total>9</total>
				<timestamp>4584.966958</timestamp>
			</report>
			<report>
				<misses>463600001</misses>
				<total>9</total>
				<timestamp>4585.957466</timestamp>
			</report>
			<report>
				<misses>463700001</misses>
				<total>9</total>
				<timestamp>4586.947989</timestamp>
			</report>
			<report>
				<misses>463800001</misses>
				<total>9</total>
				<timestamp>4587.938514</timestamp>
			</report>
			<report>
				<misses>463900001</misses>
				<total>9</total>
				<timestamp>4588.918582</timestamp>
			</report>
			<report>
				<misses>464000001</misses>
				<total>9</total>
				<timestamp>4589.894527</timestamp>
			</report>
			<report>
				<misses>464100001</misses>
				<total>9</total>
				<timestamp>4590.874795</timestamp>
			</report>
			<report>
				<misses>464200001</misses>
				<total>9</total>
				<timestamp>4591.865323</timestamp>
			</report>
			<report>
				<misses>464300001</misses>
				<total>9</total>
				<timestamp>4592.856368</timestamp>
			</report>
			<report>
				<misses>464400001</misses>
				<total>9</total>
				<timestamp>4593.847911</timestamp>
			</report>
			<report>
				<misses>464500001</misses>
				<total>9</total>
				<timestamp>4594.838817</timestamp>
			</report>
			<report>
				<misses>464600001</misses>
				<total>9</total>
				<timestamp>4595.829589</timestamp>
			</report>
			<report>
				<misses>464700001</misses>
				<total>9</total>
				<timestamp>4596.821151</timestamp>
			</report>
			<report>
				<misses>464800001</misses>
				<total>9</total>
				<timestamp>4597.812323</timestamp>
			</report>
			<report>
				<misses>464900001</misses>
				<total>9</total>
				<timestamp>4598.802865</timestamp>
			</report>
			<report>
				<misses>465000001</misses>
				<total>9</total>
				<timestamp>4599.793911</timestamp>
			</report>
			<report>
				<misses>465100001</misses>
				<total>9</total>
				<timestamp>4600.785092</timestamp>
			</report>
			<report>
				<misses>465200001</misses>
				<total>9</total>
				<timestamp>4601.776378</timestamp>
			</report>
			<report>
				<misses>465300001</misses>
				<total>9</total>
				<timestamp>4602.766876</timestamp>
			</report>
			<report>
				<misses>465400001</misses>
				<total>9</total>
				<timestamp>4603.758298</timestamp>
			</report>
			<report>
				<misses>465500001</misses>
				<total>9</total>
				<timestamp>4604.749484</timestamp>
			</report>
			<report>
				<misses>465600001</misses>
				<total>9</total>
				<timestamp>4605.740764</timestamp>
			</report>
			<report>
				<misses>465700001</misses>
				<total>9</total>
				<timestamp>4606.732448</timestamp>
			</report>
			<report>
				<misses>465800001</misses>
				<total>9</total>
				<timestamp>4607.724007</timestamp>
			</report>
			<report>
				<misses>465900001</misses>
				<total>9</total>
				<timestamp>4608.715302</timestamp>
			</report>
			<report>
				<misses>466000001</misses>
				<total>9</total>
				<timestamp>4609.705336</timestamp>
			</report>
			<report>
				<misses>466100001</misses>
				<total>9</total>
				<timestamp>4610.696486</timestamp>
			</report>
			<report>
				<misses>466200001</misses>
				<total>9</total>
				<timestamp>4611.686760</timestamp>
			</report>
			<report>
				<misses>466300001</misses>
				<total>9</total>
				<timestamp>4612.678313</timestamp>
			</report>
			<report>
				<misses>466400001</misses>
				<total>9</total>
				<timestamp>4613.669351</timestamp>
			</report>
			<report>
				<misses>466500001</misses>
				<total>9</total>
				<timestamp>4614.661552</timestamp>
			</report>
			<report>
				<misses>466600001</misses>
				<total>9</total>
				<timestamp>4615.652874</timestamp>
			</report>
			<report>
				<misses>466700001</misses>
				<total>9</total>
				<timestamp>4616.644289</timestamp>
			</report>
			<report>
				<misses>466800001</misses>
				<total>9</total>
				<timestamp>4617.635345</timestamp>
			</report>
			<report>
				<misses>466900001</misses>
				<total>9</total>
				<timestamp>4618.624840</timestamp>
			</report>
			<report>
				<misses>467000001</misses>
				<total>9</total>
				<timestamp>4619.616402</timestamp>
			</report>
			<report>
				<misses>467100001</misses>
				<total>9</total>
				<timestamp>4620.607708</timestamp>
			</report>
			<report>
				<misses>467200001</misses>
				<total>9</total>
				<timestamp>4621.599636</timestamp>
			</report>
			<report>
				<misses>467300001</misses>
				<total>9</total>
				<timestamp>4622.590164</timestamp>
			</report>
			<report>
				<misses>467400001</misses>
				<total>9</total>
				<timestamp>4623.580565</timestamp>
			</report>
			<report>
				<misses>467500001</misses>
				<total>9</total>
				<timestamp>4624.572656</timestamp>
			</report>
			<report>
				<misses>467600001</misses>
				<total>9</total>
				<timestamp>4625.563055</timestamp>
			</report>
			<report>
				<misses>467700001</misses>
				<total>9</total>
				<timestamp>4626.555348</timestamp>
			</report>
			<report>
				<misses>467800001</misses>
				<total>9</total>
				<timestamp>4627.546520</timestamp>
			</report>
			<report>
				<misses>467900001</misses>
				<total>9</total>
				<timestamp>4628.537570</timestamp>
			</report>
			<report>
				<misses>468000001</misses>
				<total>9</total>
				<timestamp>4629.528077</timestamp>
			</report>
			<report>
				<misses>468100001</misses>
				<total>9</total>
				<timestamp>4630.518871</timestamp>
			</report>
			<report>
				<misses>468200001</misses>
				<total>9</total>
				<timestamp>4631.509918</timestamp>
			</report>
			<report>
				<misses>468300001</misses>
				<total>9</total>
				<timestamp>4632.500821</timestamp>
			</report>
			<report>
				<misses>468400001</misses>
				<total>9</total>
				<timestamp>4633.492380</timestamp>
			</report>
			<report>
				<misses>468500001</misses>
				<total>9</total>
				<timestamp>4634.483677</timestamp>
			</report>
			<report>
				<misses>468600001</misses>
				<total>9</total>
				<timestamp>4635.474711</timestamp>
			</report>
			<report>
				<misses>468700001</misses>
				<total>9</total>
				<timestamp>4636.465876</timestamp>
			</report>
			<report>
				<misses>468800001</misses>
				<total>9</total>
				<timestamp>4637.457178</timestamp>
			</report>
			<report>
				<misses>468900001</misses>
				<total>9</total>
				<timestamp>4638.448863</timestamp>
			</report>
			<report>
				<misses>469000001</misses>
				<total>9</total>
				<timestamp>4639.439522</timestamp>
			</report>
			<report>
				<misses>469100001</misses>
				<total>9</total>
				<timestamp>4640.430819</timestamp>
			</report>
			<report>
				<misses>469200001</misses>
				<total>9</total>
				<timestamp>4641.422503</timestamp>
			</report>
			<report>
				<misses>469300001</misses>
				<total>9</total>
				<timestamp>4642.414581</timestamp>
			</report>
			<report>
				<misses>469400001</misses>
				<total>9</total>
				<timestamp>4643.406267</timestamp>
			</report>
			<report>
				<misses>469500001</misses>
				<total>9</total>
				<timestamp>4644.397181</timestamp>
			</report>
			<report>
				<misses>469600001</misses>
				<total>9</total>
				<timestamp>4645.387712</timestamp>
			</report>
			<report>
				<misses>469700001</misses>
				<total>9</total>
				<timestamp>4646.379477</timestamp>
			</report>
			<report>
				<misses>469800001</misses>
				<total>9</total>
				<timestamp>4647.371063</timestamp>
			</report>
			<report>
				<misses>469900001</misses>
				<total>9</total>
				<timestamp>4648.363505</timestamp>
			</report>
			<report>
				<misses>470000001</misses>
				<total>9</total>
				<timestamp>4649.355164</timestamp>
			</report>
			<report>
				<misses>470100001</misses>
				<total>9</total>
				<timestamp>4650.346851</timestamp>
			</report>
			<report>
				<misses>470200001</misses>
				<total>9</total>
				<timestamp>4651.338148</timestamp>
			</report>
			<report>
				<misses>470300001</misses>
				<total>9</total>
				<timestamp>4652.329836</timestamp>
			</report>
			<report>
				<misses>470400001</misses>
				<total>9</total>
				<timestamp>4653.320868</timestamp>
			</report>
			<report>
				<misses>470500001</misses>
				<total>9</total>
				<timestamp>4654.311767</timestamp>
			</report>
			<report>
				<misses>470600001</misses>
				<total>9</total>
				<timestamp>4655.303207</timestamp>
			</report>
			<report>
				<misses>470700001</misses>
				<total>9</total>
				<timestamp>4656.294356</timestamp>
			</report>
			<report>
				<misses>470800001</misses>
				<total>9</total>
				<timestamp>4657.285152</timestamp>
			</report>
			<report>
				<misses>470900001</misses>
				<total>9</total>
				<timestamp>4658.276456</timestamp>
			</report>
			<report>
				<misses>471000001</misses>
				<total>9</total>
				<timestamp>4659.267877</timestamp>
			</report>
			<report>
				<misses>471100001</misses>
				<total>9</total>
				<timestamp>4660.258938</timestamp>
			</report>
			<report>
				<misses>471200001</misses>
				<total>9</total>
				<timestamp>4661.250093</timestamp>
			</report>
			<report>
				<misses>471300001</misses>
				<total>9</total>
				<timestamp>4662.241547</timestamp>
			</report>
			<report>
				<misses>471400001</misses>
				<total>9</total>
				<timestamp>4663.233372</timestamp>
			</report>
			<report>
				<misses>471500001</misses>
				<total>9</total>
				<timestamp>4664.224053</timestamp>
			</report>
			<report>
				<misses>471600001</misses>
				<total>9</total>
				<timestamp>4665.214952</timestamp>
			</report>
			<report>
				<misses>471700001</misses>
				<total>9</total>
				<timestamp>4666.205574</timestamp>
			</report>
			<report>
				<misses>471800001</misses>
				<total>9</total>
				<timestamp>4667.196888</timestamp>
			</report>
			<report>
				<misses>471900001</misses>
				<total>9</total>
				<timestamp>4668.188676</timestamp>
			</report>
			<report>
				<misses>472000001</misses>
				<total>9</total>
				<timestamp>4669.180630</timestamp>
			</report>
			<report>
				<misses>472100001</misses>
				<total>9</total>
				<timestamp>4670.171533</timestamp>
			</report>
			<report>
				<misses>472200001</misses>
				<total>9</total>
				<timestamp>4671.162973</timestamp>
			</report>
			<report>
				<misses>472300001</misses>
				<total>9</total>
				<timestamp>4672.154531</timestamp>
			</report>
			<report>
				<misses>472400001</misses>
				<total>9</total>
				<timestamp>4673.146077</timestamp>
			</report>
			<report>
				<misses>472500001</misses>
				<total>9</total>
				<timestamp>4674.137258</timestamp>
			</report>
			<report>
				<misses>472600001</misses>
				<total>9</total>
				<timestamp>4675.128530</timestamp>
			</report>
			<report>
				<misses>472700001</misses>
				<total>9</total>
				<timestamp>4676.119314</timestamp>
			</report>
			<report>
				<misses>472800001</misses>
				<total>9</total>
				<timestamp>4677.109835</timestamp>
			</report>
			<report>
				<misses>472900001</misses>
				<total>9</total>
				<timestamp>4678.101523</timestamp>
			</report>
			<report>
				<misses>473000001</misses>
				<total>9</total>
				<timestamp>4679.092712</timestamp>
			</report>
			<report>
				<misses>473100001</misses>
				<total>9</total>
				<timestamp>4680.084148</timestamp>
			</report>
			<report>
				<misses>473200001</misses>
				<total>9</total>
				<timestamp>4681.074804</timestamp>
			</report>
			<report>
				<misses>473300001</misses>
				<total>9</total>
				<timestamp>4682.066232</timestamp>
			</report>
			<report>
				<misses>473400001</misses>
				<total>9</total>
				<timestamp>4683.057034</timestamp>
			</report>
			<report>
				<misses>473500001</misses>
				<total>9</total>
				<timestamp>4684.048462</timestamp>
			</report>
			<report>
				<misses>473600001</misses>
				<total>9</total>
				<timestamp>4685.039779</timestamp>
			</report>
			<report>
				<misses>473700001</misses>
				<total>9</total>
				<timestamp>4686.030196</timestamp>
			</report>
			<report>
				<misses>473800001</misses>
				<total>9</total>
				<timestamp>4687.020955</timestamp>
			</report>
			<report>
				<misses>473900001</misses>
				<total>9</total>
				<timestamp>4688.012810</timestamp>
			</report>
			<report>
				<misses>474000001</misses>
				<total>9</total>
				<timestamp>4689.004132</timestamp>
			</report>
			<report>
				<misses>474100001</misses>
				<total>9</total>
				<timestamp>4689.995590</timestamp>
			</report>
			<report>
				<misses>474200001</misses>
				<total>9</total>
				<timestamp>4690.986491</timestamp>
			</report>
			<report>
				<misses>474300001</misses>
				<total>9</total>
				<timestamp>4691.976488</timestamp>
			</report>
			<report>
				<misses>474400001</misses>
				<total>9</total>
				<timestamp>4692.968713</timestamp>
			</report>
			<report>
				<misses>474500001</misses>
				<total>9</total>
				<timestamp>4693.959759</timestamp>
			</report>
			<report>
				<misses>474600001</misses>
				<total>9</total>
				<timestamp>4694.950546</timestamp>
			</report>
			<report>
				<misses>474700001</misses>
				<total>9</total>
				<timestamp>4695.942613</timestamp>
			</report>
			<report>
				<misses>474800001</misses>
				<total>9</total>
				<timestamp>4696.935308</timestamp>
			</report>
			<report>
				<misses>474900001</misses>
				<total>9</total>
				<timestamp>4697.926108</timestamp>
			</report>
			<report>
				<misses>475000001</misses>
				<total>9</total>
				<timestamp>4698.917028</timestamp>
			</report>
			<report>
				<misses>475100001</misses>
				<total>9</total>
				<timestamp>4699.908479</timestamp>
			</report>
			<report>
				<misses>475200001</misses>
				<total>9</total>
				<timestamp>4700.899535</timestamp>
			</report>
			<report>
				<misses>475300001</misses>
				<total>9</total>
				<timestamp>4701.890749</timestamp>
			</report>
			<report>
				<misses>475400001</misses>
				<total>9</total>
				<timestamp>4702.882292</timestamp>
			</report>
			<report>
				<misses>475500001</misses>
				<total>9</total>
				<timestamp>4703.873730</timestamp>
			</report>
			<report>
				<misses>475600001</misses>
				<total>9</total>
				<timestamp>4704.865424</timestamp>
			</report>
			<report>
				<misses>475700001</misses>
				<total>9</total>
				<timestamp>4705.856868</timestamp>
			</report>
			<report>
				<misses>475800001</misses>
				<total>9</total>
				<timestamp>4706.847636</timestamp>
			</report>
			<report>
				<misses>475900001</misses>
				<total>9</total>
				<timestamp>4707.839354</timestamp>
			</report>
			<report>
				<misses>476000001</misses>
				<total>9</total>
				<timestamp>4708.831035</timestamp>
			</report>
			<report>
				<misses>476100001</misses>
				<total>9</total>
				<timestamp>4709.822737</timestamp>
			</report>
			<report>
				<misses>476200001</misses>
				<total>9</total>
				<timestamp>4710.813652</timestamp>
			</report>
			<report>
				<misses>476300001</misses>
				<total>9</total>
				<timestamp>4711.805341</timestamp>
			</report>
			<report>
				<misses>476400001</misses>
				<total>9</total>
				<timestamp>4712.795995</timestamp>
			</report>
			<report>
				<misses>476500001</misses>
				<total>9</total>
				<timestamp>4713.787313</timestamp>
			</report>
			<report>
				<misses>476600001</misses>
				<total>9</total>
				<timestamp>4714.779385</timestamp>
			</report>
			<report>
				<misses>476700001</misses>
				<total>9</total>
				<timestamp>4715.770823</timestamp>
			</report>
			<report>
				<misses>476800001</misses>
				<total>9</total>
				<timestamp>4716.761215</timestamp>
			</report>
			<report>
				<misses>476900001</misses>
				<total>9</total>
				<timestamp>4717.752654</timestamp>
			</report>
			<report>
				<misses>477000001</misses>
				<total>9</total>
				<timestamp>4718.743819</timestamp>
			</report>
			<report>
				<misses>477100001</misses>
				<total>9</total>
				<timestamp>4719.733941</timestamp>
			</report>
			<report>
				<misses>477200001</misses>
				<total>9</total>
				<timestamp>4720.724477</timestamp>
			</report>
			<report>
				<misses>477300001</misses>
				<total>9</total>
				<timestamp>4721.715400</timestamp>
			</report>
			<report>
				<misses>477400001</misses>
				<total>9</total>
				<timestamp>4722.706710</timestamp>
			</report>
			<report>
				<misses>477500001</misses>
				<total>9</total>
				<timestamp>4723.697513</timestamp>
			</report>
			<report>
				<misses>477600001</misses>
				<total>9</total>
				<timestamp>4724.688535</timestamp>
			</report>
			<report>
				<misses>477700001</misses>
				<total>9</total>
				<timestamp>4725.680350</timestamp>
			</report>
			<report>
				<misses>477800001</misses>
				<total>9</total>
				<timestamp>4726.671525</timestamp>
			</report>
			<report>
				<misses>477900001</misses>
				<total>9</total>
				<timestamp>4727.663194</timestamp>
			</report>
			<report>
				<misses>478000001</misses>
				<total>9</total>
				<timestamp>4728.653996</timestamp>
			</report>
			<report>
				<misses>478100001</misses>
				<total>9</total>
				<timestamp>4729.645265</timestamp>
			</report>
			<report>
				<misses>478200001</misses>
				<total>9</total>
				<timestamp>4730.636953</timestamp>
			</report>
			<report>
				<misses>478300001</misses>
				<total>9</total>
				<timestamp>4731.628123</timestamp>
			</report>
			<report>
				<misses>478400001</misses>
				<total>9</total>
				<timestamp>4732.618792</timestamp>
			</report>
			<report>
				<misses>478500001</misses>
				<total>9</total>
				<timestamp>4733.610743</timestamp>
			</report>
			<report>
				<misses>478600001</misses>
				<total>9</total>
				<timestamp>4734.602155</timestamp>
			</report>
			<report>
				<misses>478700001</misses>
				<total>9</total>
				<timestamp>4735.593466</timestamp>
			</report>
			<report>
				<misses>478800001</misses>
				<total>9</total>
				<timestamp>4736.583971</timestamp>
			</report>
			<report>
				<misses>478900001</misses>
				<total>9</total>
				<timestamp>4737.575034</timestamp>
			</report>
			<report>
				<misses>479000001</misses>
				<total>9</total>
				<timestamp>4738.566082</timestamp>
			</report>
			<report>
				<misses>479100001</misses>
				<total>9</total>
				<timestamp>4739.557275</timestamp>
			</report>
			<report>
				<misses>479200001</misses>
				<total>9</total>
				<timestamp>4740.547922</timestamp>
			</report>
			<report>
				<misses>479300001</misses>
				<total>9</total>
				<timestamp>4741.538681</timestamp>
			</report>
			<report>
				<misses>479400001</misses>
				<total>9</total>
				<timestamp>4742.529214</timestamp>
			</report>
			<report>
				<misses>479500001</misses>
				<total>9</total>
				<timestamp>4743.519373</timestamp>
			</report>
			<report>
				<misses>479600001</misses>
				<total>9</total>
				<timestamp>4744.510523</timestamp>
			</report>
			<report>
				<misses>479700001</misses>
				<total>9</total>
				<timestamp>4745.501807</timestamp>
			</report>
			<report>
				<misses>479800001</misses>
				<total>9</total>
				<timestamp>4746.492976</timestamp>
			</report>
			<report>
				<misses>479900001</misses>
				<total>9</total>
				<timestamp>4747.484661</timestamp>
			</report>
			<report>
				<misses>480000001</misses>
				<total>9</total>
				<timestamp>4748.476621</timestamp>
			</report>
			<report>
				<misses>480100001</misses>
				<total>9</total>
				<timestamp>4749.468179</timestamp>
			</report>
			<report>
				<misses>480200001</misses>
				<total>9</total>
				<timestamp>4750.459348</timestamp>
			</report>
			<report>
				<misses>480300001</misses>
				<total>9</total>
				<timestamp>4751.450261</timestamp>
			</report>
			<report>
				<misses>480400001</misses>
				<total>9</total>
				<timestamp>4752.441700</timestamp>
			</report>
			<report>
				<misses>480500001</misses>
				<total>9</total>
				<timestamp>4753.432611</timestamp>
			</report>
			<report>
				<misses>480600001</misses>
				<total>9</total>
				<timestamp>4754.423415</timestamp>
			</report>
			<report>
				<misses>480700001</misses>
				<total>9</total>
				<timestamp>4755.414047</timestamp>
			</report>
			<report>
				<misses>480800001</misses>
				<total>9</total>
				<timestamp>4756.405857</timestamp>
			</report>
			<report>
				<misses>480900001</misses>
				<total>9</total>
				<timestamp>4757.396905</timestamp>
			</report>
			<report>
				<misses>481000001</misses>
				<total>9</total>
				<timestamp>4758.388077</timestamp>
			</report>
			<report>
				<misses>481100001</misses>
				<total>9</total>
				<timestamp>4759.379481</timestamp>
			</report>
			<report>
				<misses>481200001</misses>
				<total>9</total>
				<timestamp>4760.371295</timestamp>
			</report>
			<report>
				<misses>481300001</misses>
				<total>9</total>
				<timestamp>4761.362725</timestamp>
			</report>
			<report>
				<misses>481400001</misses>
				<total>9</total>
				<timestamp>4762.354529</timestamp>
			</report>
			<report>
				<misses>481500001</misses>
				<total>9</total>
				<timestamp>4763.345822</timestamp>
			</report>
			<report>
				<misses>481600001</misses>
				<total>9</total>
				<timestamp>4764.337115</timestamp>
			</report>
			<report>
				<misses>481700001</misses>
				<total>9</total>
				<timestamp>4765.328939</timestamp>
			</report>
			<report>
				<misses>481800001</misses>
				<total>9</total>
				<timestamp>4766.320099</timestamp>
			</report>
			<report>
				<misses>481900001</misses>
				<total>9</total>
				<timestamp>4767.311135</timestamp>
			</report>
			<report>
				<misses>482000001</misses>
				<total>9</total>
				<timestamp>4768.302292</timestamp>
			</report>
			<report>
				<misses>482100001</misses>
				<total>9</total>
				<timestamp>4769.293462</timestamp>
			</report>
			<report>
				<misses>482200001</misses>
				<total>9</total>
				<timestamp>4770.285001</timestamp>
			</report>
			<report>
				<misses>482300001</misses>
				<total>9</total>
				<timestamp>4771.276570</timestamp>
			</report>
			<report>
				<misses>482400001</misses>
				<total>9</total>
				<timestamp>4772.268657</timestamp>
			</report>
			<report>
				<misses>482500001</misses>
				<total>9</total>
				<timestamp>4773.258814</timestamp>
			</report>
			<report>
				<misses>482600001</misses>
				<total>9</total>
				<timestamp>4774.250899</timestamp>
			</report>
			<report>
				<misses>482700001</misses>
				<total>9</total>
				<timestamp>4775.241942</timestamp>
			</report>
			<report>
				<misses>482800001</misses>
				<total>9</total>
				<timestamp>4776.233372</timestamp>
			</report>
			<report>
				<misses>482900001</misses>
				<total>9</total>
				<timestamp>4777.224299</timestamp>
			</report>
			<report>
				<misses>483000001</misses>
				<total>9</total>
				<timestamp>4778.215966</timestamp>
			</report>
			<report>
				<misses>483100001</misses>
				<total>9</total>
				<timestamp>4779.206740</timestamp>
			</report>
			<report>
				<misses>483200001</misses>
				<total>9</total>
				<timestamp>4780.197532</timestamp>
			</report>
			<report>
				<misses>483300001</misses>
				<total>9</total>
				<timestamp>4781.188171</timestamp>
			</report>
			<report>
				<misses>483400001</misses>
				<total>9</total>
				<timestamp>4782.179868</timestamp>
			</report>
			<report>
				<misses>483500001</misses>
				<total>9</total>
				<timestamp>4783.171014</timestamp>
			</report>
			<report>
				<misses>483600001</misses>
				<total>9</total>
				<timestamp>4784.162712</timestamp>
			</report>
			<report>
				<misses>483700001</misses>
				<total>9</total>
				<timestamp>4785.153469</timestamp>
			</report>
			<report>
				<misses>483800001</misses>
				<total>9</total>
				<timestamp>4786.143744</timestamp>
			</report>
			<report>
				<misses>483900001</misses>
				<total>9</total>
				<timestamp>4787.134119</timestamp>
			</report>
			<report>
				<misses>484000001</misses>
				<total>9</total>
				<timestamp>4788.125692</timestamp>
			</report>
			<report>
				<misses>484100001</misses>
				<total>9</total>
				<timestamp>4789.116225</timestamp>
			</report>
			<report>
				<misses>484200001</misses>
				<total>9</total>
				<timestamp>4790.106466</timestamp>
			</report>
			<report>
				<misses>484300001</misses>
				<total>9</total>
				<timestamp>4791.098152</timestamp>
			</report>
			<report>
				<misses>484400001</misses>
				<total>9</total>
				<timestamp>4792.089059</timestamp>
			</report>
			<report>
				<misses>484500001</misses>
				<total>9</total>
				<timestamp>4793.079458</timestamp>
			</report>
			<report>
				<misses>484600001</misses>
				<total>9</total>
				<timestamp>4794.069974</timestamp>
			</report>
			<report>
				<misses>484700001</misses>
				<total>9</total>
				<timestamp>4795.061389</timestamp>
			</report>
			<report>
				<misses>484800001</misses>
				<total>9</total>
				<timestamp>4796.052953</timestamp>
			</report>
			<report>
				<misses>484900001</misses>
				<total>9</total>
				<timestamp>4797.043737</timestamp>
			</report>
			<report>
				<misses>485000001</misses>
				<total>9</total>
				<timestamp>4798.035304</timestamp>
			</report>
			<report>
				<misses>485100001</misses>
				<total>9</total>
				<timestamp>4799.026828</timestamp>
			</report>
			<report>
				<misses>485200001</misses>
				<total>9</total>
				<timestamp>4800.017860</timestamp>
			</report>
			<report>
				<misses>485300001</misses>
				<total>9</total>
				<timestamp>4801.009571</timestamp>
			</report>
			<report>
				<misses>485400001</misses>
				<total>9</total>
				<timestamp>4802.000862</timestamp>
			</report>
			<report>
				<misses>485500001</misses>
				<total>9</total>
				<timestamp>4802.991628</timestamp>
			</report>
			<report>
				<misses>485600001</misses>
				<total>9</total>
				<timestamp>4803.983201</timestamp>
			</report>
			<report>
				<misses>485700001</misses>
				<total>9</total>
				<timestamp>4804.974362</timestamp>
			</report>
			<report>
				<misses>485800001</misses>
				<total>9</total>
				<timestamp>4805.964498</timestamp>
			</report>
			<report>
				<misses>485900001</misses>
				<total>9</total>
				<timestamp>4806.955139</timestamp>
			</report>
			<report>
				<misses>486000001</misses>
				<total>9</total>
				<timestamp>4807.945799</timestamp>
			</report>
			<report>
				<misses>486100001</misses>
				<total>9</total>
				<timestamp>4808.936713</timestamp>
			</report>
			<report>
				<misses>486200001</misses>
				<total>9</total>
				<timestamp>4809.928917</timestamp>
			</report>
			<report>
				<misses>486300001</misses>
				<total>9</total>
				<timestamp>4810.920103</timestamp>
			</report>
			<report>
				<misses>486400001</misses>
				<total>9</total>
				<timestamp>4811.911903</timestamp>
			</report>
			<report>
				<misses>486500001</misses>
				<total>9</total>
				<timestamp>4812.903337</timestamp>
			</report>
			<report>
				<misses>486600001</misses>
				<total>9</total>
				<timestamp>4813.894623</timestamp>
			</report>
			<report>
				<misses>486700001</misses>
				<total>9</total>
				<timestamp>4814.885166</timestamp>
			</report>
			<report>
				<misses>486800001</misses>
				<total>9</total>
				<timestamp>4815.876214</timestamp>
			</report>
			<report>
				<misses>486900001</misses>
				<total>9</total>
				<timestamp>4816.867666</timestamp>
			</report>
			<report>
				<misses>487000001</misses>
				<total>9</total>
				<timestamp>4817.858955</timestamp>
			</report>
			<report>
				<misses>487100001</misses>
				<total>9</total>
				<timestamp>4818.849604</timestamp>
			</report>
			<report>
				<misses>487200001</misses>
				<total>9</total>
				<timestamp>4819.840518</timestamp>
			</report>
			<report>
				<misses>487300001</misses>
				<total>9</total>
				<timestamp>4820.832471</timestamp>
			</report>
			<report>
				<misses>487400001</misses>
				<total>9</total>
				<timestamp>4821.823116</timestamp>
			</report>
			<report>
				<misses>487500001</misses>
				<total>9</total>
				<timestamp>4822.814555</timestamp>
			</report>
			<report>
				<misses>487600001</misses>
				<total>9</total>
				<timestamp>4823.805510</timestamp>
			</report>
			<report>
				<misses>487700001</misses>
				<total>9</total>
				<timestamp>4824.797563</timestamp>
			</report>
			<report>
				<misses>487800001</misses>
				<total>9</total>
				<timestamp>4825.788614</timestamp>
			</report>
			<report>
				<misses>487900001</misses>
				<total>9</total>
				<timestamp>4826.779251</timestamp>
			</report>
			<report>
				<misses>488000001</misses>
				<total>9</total>
				<timestamp>4827.770024</timestamp>
			</report>
			<report>
				<misses>488100001</misses>
				<total>9</total>
				<timestamp>4828.760926</timestamp>
			</report>
			<report>
				<misses>488200001</misses>
				<total>9</total>
				<timestamp>4829.753370</timestamp>
			</report>
			<report>
				<misses>488300001</misses>
				<total>9</total>
				<timestamp>4830.744794</timestamp>
			</report>
			<report>
				<misses>488400001</misses>
				<total>9</total>
				<timestamp>4831.735186</timestamp>
			</report>
			<report>
				<misses>488500001</misses>
				<total>9</total>
				<timestamp>4832.726374</timestamp>
			</report>
			<report>
				<misses>488600001</misses>
				<total>9</total>
				<timestamp>4833.717791</timestamp>
			</report>
			<report>
				<misses>488700001</misses>
				<total>9</total>
				<timestamp>4834.709076</timestamp>
			</report>
			<report>
				<misses>488800001</misses>
				<total>9</total>
				<timestamp>4835.700236</timestamp>
			</report>
			<report>
				<misses>488900001</misses>
				<total>9</total>
				<timestamp>4836.692445</timestamp>
			</report>
			<report>
				<misses>489000001</misses>
				<total>9</total>
				<timestamp>4837.683096</timestamp>
			</report>
			<report>
				<misses>489100001</misses>
				<total>9</total>
				<timestamp>4838.674251</timestamp>
			</report>
			<report>
				<misses>489200001</misses>
				<total>9</total>
				<timestamp>4839.665797</timestamp>
			</report>
			<report>
				<misses>489300001</misses>
				<total>9</total>
				<timestamp>4840.656720</timestamp>
			</report>
			<report>
				<misses>489400001</misses>
				<total>9</total>
				<timestamp>4841.647770</timestamp>
			</report>
			<report>
				<misses>489500001</misses>
				<total>9</total>
				<timestamp>4842.639313</timestamp>
			</report>
			<report>
				<misses>489600001</misses>
				<total>9</total>
				<timestamp>4843.629854</timestamp>
			</report>
			<report>
				<misses>489700001</misses>
				<total>9</total>
				<timestamp>4844.621029</timestamp>
			</report>
			<report>
				<misses>489800001</misses>
				<total>9</total>
				<timestamp>4845.611804</timestamp>
			</report>
			<report>
				<misses>489900001</misses>
				<total>9</total>
				<timestamp>4846.603110</timestamp>
			</report>
			<report>
				<misses>490000001</misses>
				<total>9</total>
				<timestamp>4847.594793</timestamp>
			</report>
			<report>
				<misses>490100001</misses>
				<total>9</total>
				<timestamp>4848.586476</timestamp>
			</report>
			<report>
				<misses>490200001</misses>
				<total>9</total>
				<timestamp>4849.577774</timestamp>
			</report>
			<report>
				<misses>490300001</misses>
				<total>9</total>
				<timestamp>4850.569474</timestamp>
			</report>
			<report>
				<misses>490400001</misses>
				<total>9</total>
				<timestamp>4851.560493</timestamp>
			</report>
			<report>
				<misses>490500001</misses>
				<total>9</total>
				<timestamp>4852.551643</timestamp>
			</report>
			<report>
				<misses>490600001</misses>
				<total>9</total>
				<timestamp>4853.542953</timestamp>
			</report>
			<report>
				<misses>490700001</misses>
				<total>9</total>
				<timestamp>4854.533997</timestamp>
			</report>
			<report>
				<misses>490800001</misses>
				<total>9</total>
				<timestamp>4855.525173</timestamp>
			</report>
			<report>
				<misses>490900001</misses>
				<total>9</total>
				<timestamp>4856.516085</timestamp>
			</report>
			<report>
				<misses>491000001</misses>
				<total>9</total>
				<timestamp>4857.507776</timestamp>
			</report>
			<report>
				<misses>491100001</misses>
				<total>9</total>
				<timestamp>4858.499610</timestamp>
			</report>
			<report>
				<misses>491200001</misses>
				<total>9</total>
				<timestamp>4859.490794</timestamp>
			</report>
			<report>
				<misses>491300001</misses>
				<total>9</total>
				<timestamp>4860.482606</timestamp>
			</report>
			<report>
				<misses>491400001</misses>
				<total>9</total>
				<timestamp>4861.473643</timestamp>
			</report>
			<report>
				<misses>491500001</misses>
				<total>9</total>
				<timestamp>4862.465461</timestamp>
			</report>
			<report>
				<misses>491600001</misses>
				<total>9</total>
				<timestamp>4863.457919</timestamp>
			</report>
			<report>
				<misses>491700001</misses>
				<total>9</total>
				<timestamp>4864.448985</timestamp>
			</report>
			<report>
				<misses>491800001</misses>
				<total>9</total>
				<timestamp>4865.440523</timestamp>
			</report>
			<report>
				<misses>491900001</misses>
				<total>9</total>
				<timestamp>4866.431833</timestamp>
			</report>
			<report>
				<misses>492000001</misses>
				<total>9</total>
				<timestamp>4867.423147</timestamp>
			</report>
			<report>
				<misses>492100001</misses>
				<total>9</total>
				<timestamp>4868.414072</timestamp>
			</report>
			<report>
				<misses>492200001</misses>
				<total>9</total>
				<timestamp>4869.404348</timestamp>
			</report>
			<report>
				<misses>492300001</misses>
				<total>9</total>
				<timestamp>4870.395649</timestamp>
			</report>
			<report>
				<misses>492400001</misses>
				<total>9</total>
				<timestamp>4871.386699</timestamp>
			</report>
			<report>
				<misses>492500001</misses>
				<total>9</total>
				<timestamp>4872.378531</timestamp>
			</report>
			<report>
				<misses>492600001</misses>
				<total>9</total>
				<timestamp>4873.369715</timestamp>
			</report>
			<report>
				<misses>492700001</misses>
				<total>9</total>
				<timestamp>4874.360253</timestamp>
			</report>
			<report>
				<misses>492800001</misses>
				<total>9</total>
				<timestamp>4875.351180</timestamp>
			</report>
			<report>
				<misses>492900001</misses>
				<total>9</total>
				<timestamp>4876.342368</timestamp>
			</report>
			<report>
				<misses>493000001</misses>
				<total>9</total>
				<timestamp>4877.333555</timestamp>
			</report>
			<report>
				<misses>493100001</misses>
				<total>9</total>
				<timestamp>4878.324206</timestamp>
			</report>
			<report>
				<misses>493200001</misses>
				<total>9</total>
				<timestamp>4879.315386</timestamp>
			</report>
			<report>
				<misses>493300001</misses>
				<total>9</total>
				<timestamp>4880.305891</timestamp>
			</report>
			<report>
				<misses>493400001</misses>
				<total>9</total>
				<timestamp>4881.296147</timestamp>
			</report>
			<report>
				<misses>493500001</misses>
				<total>9</total>
				<timestamp>4882.286415</timestamp>
			</report>
			<report>
				<misses>493600001</misses>
				<total>9</total>
				<timestamp>4883.277853</timestamp>
			</report>
			<report>
				<misses>493700001</misses>
				<total>9</total>
				<timestamp>4884.267878</timestamp>
			</report>
			<report>
				<misses>493800001</misses>
				<total>9</total>
				<timestamp>4885.259573</timestamp>
			</report>
			<report>
				<misses>493900001</misses>
				<total>9</total>
				<timestamp>4886.250232</timestamp>
			</report>
			<report>
				<misses>494000001</misses>
				<total>9</total>
				<timestamp>4887.241528</timestamp>
			</report>
			<report>
				<misses>494100001</misses>
				<total>9</total>
				<timestamp>4888.232204</timestamp>
			</report>
			<report>
				<misses>494200001</misses>
				<total>9</total>
				<timestamp>4889.222730</timestamp>
			</report>
			<report>
				<misses>494300001</misses>
				<total>9</total>
				<timestamp>4890.213768</timestamp>
			</report>
			<report>
				<misses>494400001</misses>
				<total>9</total>
				<timestamp>4891.204677</timestamp>
			</report>
			<report>
				<misses>494500001</misses>
				<total>9</total>
				<timestamp>4892.195715</timestamp>
			</report>
			<report>
				<misses>494600001</misses>
				<total>9</total>
				<timestamp>4893.187536</timestamp>
			</report>
			<report>
				<misses>494700001</misses>
				<total>9</total>
				<timestamp>4894.178971</timestamp>
			</report>
			<report>
				<misses>494800001</misses>
				<total>9</total>
				<timestamp>4895.168987</timestamp>
			</report>
			<report>
				<misses>494900001</misses>
				<total>9</total>
				<timestamp>4896.159638</timestamp>
			</report>
			<report>
				<misses>495000001</misses>
				<total>9</total>
				<timestamp>4897.150799</timestamp>
			</report>
			<report>
				<misses>495100001</misses>
				<total>9</total>
				<timestamp>4898.140931</timestamp>
			</report>
			<report>
				<misses>495200001</misses>
				<total>9</total>
				<timestamp>4899.132617</timestamp>
			</report>
			<report>
				<misses>495300001</misses>
				<total>9</total>
				<timestamp>4900.123671</timestamp>
			</report>
			<report>
				<misses>495400001</misses>
				<total>9</total>
				<timestamp>4901.114337</timestamp>
			</report>
			<report>
				<misses>495500001</misses>
				<total>9</total>
				<timestamp>4902.106944</timestamp>
			</report>
			<report>
				<misses>495600001</misses>
				<total>9</total>
				<timestamp>4903.099406</timestamp>
			</report>
			<report>
				<misses>495700001</misses>
				<total>9</total>
				<timestamp>4904.091330</timestamp>
			</report>
			<report>
				<misses>495800001</misses>
				<total>9</total>
				<timestamp>4905.081728</timestamp>
			</report>
			<report>
				<misses>495900001</misses>
				<total>9</total>
				<timestamp>4906.072659</timestamp>
			</report>
			<report>
				<misses>496000001</misses>
				<total>9</total>
				<timestamp>4907.063159</timestamp>
			</report>
			<report>
				<misses>496100001</misses>
				<total>9</total>
				<timestamp>4908.053808</timestamp>
			</report>
			<report>
				<misses>496200001</misses>
				<total>9</total>
				<timestamp>4909.044478</timestamp>
			</report>
			<report>
				<misses>496300001</misses>
				<total>9</total>
				<timestamp>4910.035138</timestamp>
			</report>
			<report>
				<misses>496400001</misses>
				<total>9</total>
				<timestamp>4911.025939</timestamp>
			</report>
			<report>
				<misses>496500001</misses>
				<total>9</total>
				<timestamp>4912.016482</timestamp>
			</report>
			<report>
				<misses>496600001</misses>
				<total>9</total>
				<timestamp>4913.007407</timestamp>
			</report>
			<report>
				<misses>496700001</misses>
				<total>9</total>
				<timestamp>4913.998198</timestamp>
			</report>
			<report>
				<misses>496800001</misses>
				<total>9</total>
				<timestamp>4914.988354</timestamp>
			</report>
			<report>
				<misses>496900001</misses>
				<total>9</total>
				<timestamp>4915.979790</timestamp>
			</report>
			<report>
				<misses>497000001</misses>
				<total>9</total>
				<timestamp>4916.972148</timestamp>
			</report>
			<report>
				<misses>497100001</misses>
				<total>9</total>
				<timestamp>4917.963977</timestamp>
			</report>
			<report>
				<misses>497200001</misses>
				<total>9</total>
				<timestamp>4918.954757</timestamp>
			</report>
			<report>
				<misses>497300001</misses>
				<total>9</total>
				<timestamp>4919.945797</timestamp>
			</report>
			<report>
				<misses>497400001</misses>
				<total>9</total>
				<timestamp>4920.937368</timestamp>
			</report>
			<report>
				<misses>497500001</misses>
				<total>9</total>
				<timestamp>4921.928429</timestamp>
			</report>
			<report>
				<misses>497600001</misses>
				<total>9</total>
				<timestamp>4922.919867</timestamp>
			</report>
			<report>
				<misses>497700001</misses>
				<total>9</total>
				<timestamp>4923.911113</timestamp>
			</report>
			<report>
				<misses>497800001</misses>
				<total>9</total>
				<timestamp>4924.902773</timestamp>
			</report>
			<report>
				<misses>497900001</misses>
				<total>9</total>
				<timestamp>4925.893032</timestamp>
			</report>
			<report>
				<misses>498000001</misses>
				<total>9</total>
				<timestamp>4926.883674</timestamp>
			</report>
			<report>
				<misses>498100001</misses>
				<total>9</total>
				<timestamp>4927.875759</timestamp>
			</report>
			<report>
				<misses>498200001</misses>
				<total>9</total>
				<timestamp>4928.866673</timestamp>
			</report>
			<report>
				<misses>498300001</misses>
				<total>9</total>
				<timestamp>4929.857069</timestamp>
			</report>
			<report>
				<misses>498400001</misses>
				<total>9</total>
				<timestamp>4930.847720</timestamp>
			</report>
			<report>
				<misses>498500001</misses>
				<total>9</total>
				<timestamp>4931.838365</timestamp>
			</report>
			<report>
				<misses>498600001</misses>
				<total>9</total>
				<timestamp>4932.829559</timestamp>
			</report>
			<report>
				<misses>498700001</misses>
				<total>9</total>
				<timestamp>4933.820584</timestamp>
			</report>
			<report>
				<misses>498800001</misses>
				<total>9</total>
				<timestamp>4934.812467</timestamp>
			</report>
			<report>
				<misses>498900001</misses>
				<total>9</total>
				<timestamp>4935.802978</timestamp>
			</report>
			<report>
				<misses>499000001</misses>
				<total>9</total>
				<timestamp>4936.794119</timestamp>
			</report>
			<report>
				<misses>499100001</misses>
				<total>9</total>
				<timestamp>4937.784268</timestamp>
			</report>
			<report>
				<misses>499200001</misses>
				<total>9</total>
				<timestamp>4938.773985</timestamp>
			</report>
			<report>
				<misses>499300001</misses>
				<total>9</total>
				<timestamp>4939.765556</timestamp>
			</report>
			<report>
				<misses>499400001</misses>
				<total>9</total>
				<timestamp>4940.755938</timestamp>
			</report>
			<report>
				<misses>499500001</misses>
				<total>9</total>
				<timestamp>4941.746046</timestamp>
			</report>
			<report>
				<misses>499600001</misses>
				<total>9</total>
				<timestamp>4942.736836</timestamp>
			</report>
			<report>
				<misses>499700001</misses>
				<total>9</total>
				<timestamp>4943.727218</timestamp>
			</report>
			<report>
				<misses>499800001</misses>
				<total>9</total>
				<timestamp>4944.716828</timestamp>
			</report>
			<report>
				<misses>499900001</misses>
				<total>9</total>
				<timestamp>4945.707732</timestamp>
			</report>
			<report>
				<misses>500000001</misses>
				<total>9</total>
				<timestamp>4946.698754</timestamp>
			</report>
			<report>
				<misses>500100001</misses>
				<total>9</total>
				<timestamp>4947.688904</timestamp>
			</report>
			<report>
				<misses>500200001</misses>
				<total>9</total>
				<timestamp>4948.679156</timestamp>
			</report>
			<report>
				<misses>500300001</misses>
				<total>9</total>
				<timestamp>4949.670069</timestamp>
			</report>
			<report>
				<misses>500400001</misses>
				<total>9</total>
				<timestamp>4950.659925</timestamp>
			</report>
			<report>
				<misses>500500001</misses>
				<total>9</total>
				<timestamp>4951.650433</timestamp>
			</report>
			<report>
				<misses>500600001</misses>
				<total>9</total>
				<timestamp>4952.641206</timestamp>
			</report>
			<report>
				<misses>500700001</misses>
				<total>9</total>
				<timestamp>4953.632632</timestamp>
			</report>
			<report>
				<misses>500800001</misses>
				<total>9</total>
				<timestamp>4954.623017</timestamp>
			</report>
			<report>
				<misses>500900001</misses>
				<total>9</total>
				<timestamp>4955.614173</timestamp>
			</report>
			<report>
				<misses>501000001</misses>
				<total>9</total>
				<timestamp>4956.604450</timestamp>
			</report>
			<report>
				<misses>501100001</misses>
				<total>9</total>
				<timestamp>4957.595473</timestamp>
			</report>
			<report>
				<misses>501200001</misses>
				<total>9</total>
				<timestamp>4958.586878</timestamp>
			</report>
			<report>
				<misses>501300001</misses>
				<total>9</total>
				<timestamp>4959.577543</timestamp>
			</report>
			<report>
				<misses>501400001</misses>
				<total>9</total>
				<timestamp>4960.568564</timestamp>
			</report>
			<report>
				<misses>501500001</misses>
				<total>9</total>
				<timestamp>4961.559601</timestamp>
			</report>
			<report>
				<misses>501600001</misses>
				<total>9</total>
				<timestamp>4962.550611</timestamp>
			</report>
			<report>
				<misses>501700001</misses>
				<total>9</total>
				<timestamp>4963.540507</timestamp>
			</report>
			<report>
				<misses>501800001</misses>
				<total>9</total>
				<timestamp>4964.531678</timestamp>
			</report>
			<report>
				<misses>501900001</misses>
				<total>9</total>
				<timestamp>4965.522840</timestamp>
			</report>
			<report>
				<misses>502000001</misses>
				<total>9</total>
				<timestamp>4966.514000</timestamp>
			</report>
			<report>
				<misses>502100001</misses>
				<total>9</total>
				<timestamp>4967.505140</timestamp>
			</report>
			<report>
				<misses>502200001</misses>
				<total>9</total>
				<timestamp>4968.495672</timestamp>
			</report>
			<report>
				<misses>502300001</misses>
				<total>9</total>
				<timestamp>4969.486307</timestamp>
			</report>
			<report>
				<misses>502400001</misses>
				<total>9</total>
				<timestamp>4970.476699</timestamp>
			</report>
			<report>
				<misses>502500001</misses>
				<total>9</total>
				<timestamp>4971.467221</timestamp>
			</report>
			<report>
				<misses>502600001</misses>
				<total>9</total>
				<timestamp>4972.457598</timestamp>
			</report>
			<report>
				<misses>502700001</misses>
				<total>9</total>
				<timestamp>4973.448494</timestamp>
			</report>
			<report>
				<misses>502800001</misses>
				<total>9</total>
				<timestamp>4974.439012</timestamp>
			</report>
			<report>
				<misses>502900001</misses>
				<total>9</total>
				<timestamp>4975.429921</timestamp>
			</report>
			<report>
				<misses>503000001</misses>
				<total>9</total>
				<timestamp>4976.420551</timestamp>
			</report>
			<report>
				<misses>503100001</misses>
				<total>9</total>
				<timestamp>4977.411602</timestamp>
			</report>
			<report>
				<misses>503200001</misses>
				<total>9</total>
				<timestamp>4978.401858</timestamp>
			</report>
			<report>
				<misses>503300001</misses>
				<total>9</total>
				<timestamp>4979.392361</timestamp>
			</report>
			<report>
				<misses>503400001</misses>
				<total>9</total>
				<timestamp>4980.382112</timestamp>
			</report>
			<report>
				<misses>503500001</misses>
				<total>9</total>
				<timestamp>4981.372744</timestamp>
			</report>
			<report>
				<misses>503600001</misses>
				<total>9</total>
				<timestamp>4982.363922</timestamp>
			</report>
			<report>
				<misses>503700001</misses>
				<total>9</total>
				<timestamp>4983.354823</timestamp>
			</report>
			<report>
				<misses>503800001</misses>
				<total>9</total>
				<timestamp>4984.346112</timestamp>
			</report>
			<report>
				<misses>503900001</misses>
				<total>9</total>
				<timestamp>4985.335980</timestamp>
			</report>
			<report>
				<misses>504000001</misses>
				<total>9</total>
				<timestamp>4986.326112</timestamp>
			</report>
			<report>
				<misses>504100001</misses>
				<total>9</total>
				<timestamp>4987.316364</timestamp>
			</report>
			<report>
				<misses>504200001</misses>
				<total>9</total>
				<timestamp>4988.307380</timestamp>
			</report>
			<report>
				<misses>504300001</misses>
				<total>9</total>
				<timestamp>4989.298554</timestamp>
			</report>
			<report>
				<misses>504400001</misses>
				<total>9</total>
				<timestamp>4990.289068</timestamp>
			</report>
			<report>
				<misses>504500001</misses>
				<total>9</total>
				<timestamp>4991.280482</timestamp>
			</report>
			<report>
				<misses>504600001</misses>
				<total>9</total>
				<timestamp>4992.271254</timestamp>
			</report>
			<report>
				<misses>504700001</misses>
				<total>9</total>
				<timestamp>4993.261138</timestamp>
			</report>
			<report>
				<misses>504800001</misses>
				<total>9</total>
				<timestamp>4994.251525</timestamp>
			</report>
			<report>
				<misses>504900001</misses>
				<total>9</total>
				<timestamp>4995.242666</timestamp>
			</report>
			<report>
				<misses>505000001</misses>
				<total>9</total>
				<timestamp>4996.233847</timestamp>
			</report>
			<report>
				<misses>505100001</misses>
				<total>9</total>
				<timestamp>4997.224613</timestamp>
			</report>
			<report>
				<misses>505200001</misses>
				<total>9</total>
				<timestamp>4998.215908</timestamp>
			</report>
			<report>
				<misses>505300001</misses>
				<total>9</total>
				<timestamp>4999.206663</timestamp>
			</report>
			<report>
				<misses>505400001</misses>
				<total>9</total>
				<timestamp>5000.197583</timestamp>
			</report>
			<report>
				<misses>505500001</misses>
				<total>9</total>
				<timestamp>5001.188340</timestamp>
			</report>
			<report>
				<misses>505600001</misses>
				<total>9</total>
				<timestamp>5002.179779</timestamp>
			</report>
			<report>
				<misses>505700001</misses>
				<total>9</total>
				<timestamp>5003.169253</timestamp>
			</report>
			<report>
				<misses>505800001</misses>
				<total>9</total>
				<timestamp>5004.159639</timestamp>
			</report>
			<report>
				<misses>505900001</misses>
				<total>9</total>
				<timestamp>5005.150035</timestamp>
			</report>
			<report>
				<misses>506000001</misses>
				<total>9</total>
				<timestamp>5006.141047</timestamp>
			</report>
			<report>
				<misses>506100001</misses>
				<total>9</total>
				<timestamp>5007.132344</timestamp>
			</report>
			<report>
				<misses>506200001</misses>
				<total>9</total>
				<timestamp>5008.122872</timestamp>
			</report>
			<report>
				<misses>506300001</misses>
				<total>9</total>
				<timestamp>5009.113112</timestamp>
			</report>
			<report>
				<misses>506400001</misses>
				<total>9</total>
				<timestamp>5010.104651</timestamp>
			</report>
			<report>
				<misses>506500001</misses>
				<total>9</total>
				<timestamp>5011.096851</timestamp>
			</report>
			<report>
				<misses>506600001</misses>
				<total>9</total>
				<timestamp>5012.088026</timestamp>
			</report>
			<report>
				<misses>506700001</misses>
				<total>9</total>
				<timestamp>5013.075908</timestamp>
			</report>
			<report>
				<misses>506800001</misses>
				<total>9</total>
				<timestamp>5014.053145</timestamp>
			</report>
			<report>
				<misses>506900001</misses>
				<total>9</total>
				<timestamp>5015.030115</timestamp>
			</report>
			<report>
				<misses>507000001</misses>
				<total>9</total>
				<timestamp>5016.005923</timestamp>
			</report>
			<report>
				<misses>507100001</misses>
				<total>9</total>
				<timestamp>5016.982124</timestamp>
			</report>
			<report>
				<misses>507200001</misses>
				<total>9</total>
				<timestamp>5017.958600</timestamp>
			</report>
			<report>
				<misses>507300001</misses>
				<total>9</total>
				<timestamp>5018.934922</timestamp>
			</report>
			<report>
				<misses>507400001</misses>
				<total>9</total>
				<timestamp>5019.910743</timestamp>
			</report>
			<report>
				<misses>507500001</misses>
				<total>9</total>
				<timestamp>5020.886691</timestamp>
			</report>
			<report>
				<misses>507600001</misses>
				<total>9</total>
				<timestamp>5021.862894</timestamp>
			</report>
			<report>
				<misses>507700001</misses>
				<total>9</total>
				<timestamp>5022.838056</timestamp>
			</report>
			<report>
				<misses>507800001</misses>
				<total>9</total>
				<timestamp>5023.814277</timestamp>
			</report>
			<report>
				<misses>507900001</misses>
				<total>9</total>
				<timestamp>5024.790354</timestamp>
			</report>
			<report>
				<misses>508000001</misses>
				<total>9</total>
				<timestamp>5025.764104</timestamp>
			</report>
			<report>
				<misses>508100001</misses>
				<total>9</total>
				<timestamp>5026.742653</timestamp>
			</report>
			<report>
				<misses>508200001</misses>
				<total>9</total>
				<timestamp>5027.725441</timestamp>
			</report>
			<report>
				<misses>508300001</misses>
				<total>9</total>
				<timestamp>5028.708493</timestamp>
			</report>
			<report>
				<misses>508400001</misses>
				<total>9</total>
				<timestamp>5029.690520</timestamp>
			</report>
			<report>
				<misses>508500001</misses>
				<total>9</total>
				<timestamp>5030.673446</timestamp>
			</report>
			<report>
				<misses>508600001</misses>
				<total>9</total>
				<timestamp>5031.657151</timestamp>
			</report>
			<report>
				<misses>508700001</misses>
				<total>9</total>
				<timestamp>5032.639430</timestamp>
			</report>
			<report>
				<misses>508800001</misses>
				<total>9</total>
				<timestamp>5033.621852</timestamp>
			</report>
			<report>
				<misses>508900001</misses>
				<total>9</total>
				<timestamp>5034.604505</timestamp>
			</report>
			<report>
				<misses>509000001</misses>
				<total>9</total>
				<timestamp>5035.585737</timestamp>
			</report>
			<report>
				<misses>509100001</misses>
				<total>9</total>
				<timestamp>5036.566975</timestamp>
			</report>
			<report>
				<misses>509200001</misses>
				<total>9</total>
				<timestamp>5037.548597</timestamp>
			</report>
			<report>
				<misses>509300001</misses>
				<total>9</total>
				<timestamp>5038.530479</timestamp>
			</report>
			<report>
				<misses>509400001</misses>
				<total>9</total>
				<timestamp>5039.513908</timestamp>
			</report>
			<report>
				<misses>509500001</misses>
				<total>9</total>
				<timestamp>5040.496429</timestamp>
			</report>
			<report>
				<misses>509600001</misses>
				<total>9</total>
				<timestamp>5041.477671</timestamp>
			</report>
			<report>
				<misses>509700001</misses>
				<total>9</total>
				<timestamp>5042.460993</timestamp>
			</report>
			<report>
				<misses>509800001</misses>
				<total>9</total>
				<timestamp>5043.442480</timestamp>
			</report>
			<report>
				<misses>509900001</misses>
				<total>9</total>
				<timestamp>5044.424618</timestamp>
			</report>
			<report>
				<misses>510000001</misses>
				<total>9</total>
				<timestamp>5045.406004</timestamp>
			</report>
			<report>
				<misses>510100001</misses>
				<total>9</total>
				<timestamp>5046.389065</timestamp>
			</report>
			<report>
				<misses>510200001</misses>
				<total>9</total>
				<timestamp>5047.371186</timestamp>
			</report>
			<report>
				<misses>510300001</misses>
				<total>9</total>
				<timestamp>5048.353607</timestamp>
			</report>
			<report>
				<misses>510400001</misses>
				<total>9</total>
				<timestamp>5049.335597</timestamp>
			</report>
			<report>
				<misses>510500001</misses>
				<total>9</total>
				<timestamp>5050.318276</timestamp>
			</report>
			<report>
				<misses>510600001</misses>
				<total>9</total>
				<timestamp>5051.299626</timestamp>
			</report>
			<report>
				<misses>510700001</misses>
				<total>9</total>
				<timestamp>5052.282938</timestamp>
			</report>
			<report>
				<misses>510800001</misses>
				<total>9</total>
				<timestamp>5053.265118</timestamp>
			</report>
			<report>
				<misses>510900001</misses>
				<total>9</total>
				<timestamp>5054.247757</timestamp>
			</report>
			<report>
				<misses>511000001</misses>
				<total>9</total>
				<timestamp>5055.231975</timestamp>
			</report>
			<report>
				<misses>511100001</misses>
				<total>9</total>
				<timestamp>5056.214002</timestamp>
			</report>
			<report>
				<misses>511200001</misses>
				<total>9</total>
				<timestamp>5057.197567</timestamp>
			</report>
			<report>
				<misses>511300001</misses>
				<total>9</total>
				<timestamp>5058.179448</timestamp>
			</report>
			<report>
				<misses>511400001</misses>
				<total>9</total>
				<timestamp>5059.163794</timestamp>
			</report>
			<report>
				<misses>511500001</misses>
				<total>9</total>
				<timestamp>5060.146030</timestamp>
			</report>
			<report>
				<misses>511600001</misses>
				<total>9</total>
				<timestamp>5061.128425</timestamp>
			</report>
			<report>
				<misses>511700001</misses>
				<total>9</total>
				<timestamp>5062.110583</timestamp>
			</report>
			<report>
				<misses>511800001</misses>
				<total>9</total>
				<timestamp>5063.093394</timestamp>
			</report>
			<report>
				<misses>511900001</misses>
				<total>9</total>
				<timestamp>5064.077232</timestamp>
			</report>
			<report>
				<misses>512000001</misses>
				<total>9</total>
				<timestamp>5065.061940</timestamp>
			</report>
			<report>
				<misses>512100001</misses>
				<total>9</total>
				<timestamp>5066.045125</timestamp>
			</report>
			<report>
				<misses>512200001</misses>
				<total>9</total>
				<timestamp>5067.027792</timestamp>
			</report>
			<report>
				<misses>512300001</misses>
				<total>9</total>
				<timestamp>5068.010070</timestamp>
			</report>
			<report>
				<misses>512400001</misses>
				<total>9</total>
				<timestamp>5068.991848</timestamp>
			</report>
			<report>
				<misses>512500001</misses>
				<total>9</total>
				<timestamp>5069.975134</timestamp>
			</report>
			<report>
				<misses>512600001</misses>
				<total>9</total>
				<timestamp>5070.957547</timestamp>
			</report>
			<report>
				<misses>512700001</misses>
				<total>9</total>
				<timestamp>5071.939964</timestamp>
			</report>
			<report>
				<misses>512800001</misses>
				<total>9</total>
				<timestamp>5072.921954</timestamp>
			</report>
			<report>
				<misses>512900001</misses>
				<total>9</total>
				<timestamp>5073.905912</timestamp>
			</report>
			<report>
				<misses>513000001</misses>
				<total>9</total>
				<timestamp>5074.889602</timestamp>
			</report>
			<report>
				<misses>513100001</misses>
				<total>9</total>
				<timestamp>5075.872276</timestamp>
			</report>
			<report>
				<misses>513200001</misses>
				<total>9</total>
				<timestamp>5076.856879</timestamp>
			</report>
			<report>
				<misses>513300001</misses>
				<total>9</total>
				<timestamp>5077.840062</timestamp>
			</report>
			<report>
				<misses>513400001</misses>
				<total>9</total>
				<timestamp>5078.822935</timestamp>
			</report>
			<report>
				<misses>513500001</misses>
				<total>9</total>
				<timestamp>5079.806518</timestamp>
			</report>
			<report>
				<misses>513600001</misses>
				<total>9</total>
				<timestamp>5080.789528</timestamp>
			</report>
			<report>
				<misses>513700001</misses>
				<total>9</total>
				<timestamp>5081.771264</timestamp>
			</report>
			<report>
				<misses>513800001</misses>
				<total>9</total>
				<timestamp>5082.753264</timestamp>
			</report>
			<report>
				<misses>513900001</misses>
				<total>9</total>
				<timestamp>5083.736831</timestamp>
			</report>
			<report>
				<misses>514000001</misses>
				<total>9</total>
				<timestamp>5084.720132</timestamp>
			</report>
			<report>
				<misses>514100001</misses>
				<total>9</total>
				<timestamp>5085.704750</timestamp>
			</report>
			<report>
				<misses>514200001</misses>
				<total>9</total>
				<timestamp>5086.686875</timestamp>
			</report>
			<report>
				<misses>514300001</misses>
				<total>9</total>
				<timestamp>5087.669922</timestamp>
			</report>
			<report>
				<misses>514400001</misses>
				<total>9</total>
				<timestamp>5088.652062</timestamp>
			</report>
			<report>
				<misses>514500001</misses>
				<total>9</total>
				<timestamp>5089.633687</timestamp>
			</report>
			<report>
				<misses>514600001</misses>
				<total>9</total>
				<timestamp>5090.615565</timestamp>
			</report>
			<report>
				<misses>514700001</misses>
				<total>9</total>
				<timestamp>5091.598989</timestamp>
			</report>
			<report>
				<misses>514800001</misses>
				<total>9</total>
				<timestamp>5092.582139</timestamp>
			</report>
			<report>
				<misses>514900001</misses>
				<total>9</total>
				<timestamp>5093.564540</timestamp>
			</report>
			<report>
				<misses>515000001</misses>
				<total>9</total>
				<timestamp>5094.547194</timestamp>
			</report>
			<report>
				<misses>515100001</misses>
				<total>9</total>
				<timestamp>5095.529085</timestamp>
			</report>
			<report>
				<misses>515200001</misses>
				<total>9</total>
				<timestamp>5096.513948</timestamp>
			</report>
			<report>
				<misses>515300001</misses>
				<total>9</total>
				<timestamp>5097.498555</timestamp>
			</report>
			<report>
				<misses>515400001</misses>
				<total>9</total>
				<timestamp>5098.483424</timestamp>
			</report>
			<report>
				<misses>515500001</misses>
				<total>9</total>
				<timestamp>5099.468012</timestamp>
			</report>
			<report>
				<misses>515600001</misses>
				<total>9</total>
				<timestamp>5100.450936</timestamp>
			</report>
			<report>
				<misses>515700001</misses>
				<total>9</total>
				<timestamp>5101.433729</timestamp>
			</report>
			<report>
				<misses>515800001</misses>
				<total>9</total>
				<timestamp>5102.415616</timestamp>
			</report>
			<report>
				<misses>515900001</misses>
				<total>9</total>
				<timestamp>5103.398026</timestamp>
			</report>
			<report>
				<misses>516000001</misses>
				<total>9</total>
				<timestamp>5104.381859</timestamp>
			</report>
			<report>
				<misses>516100001</misses>
				<total>9</total>
				<timestamp>5105.366707</timestamp>
			</report>
			<report>
				<misses>516200001</misses>
				<total>9</total>
				<timestamp>5106.348175</timestamp>
			</report>
			<report>
				<misses>516300001</misses>
				<total>9</total>
				<timestamp>5107.330080</timestamp>
			</report>
			<report>
				<misses>516400001</misses>
				<total>9</total>
				<timestamp>5108.312763</timestamp>
			</report>
			<report>
				<misses>516500001</misses>
				<total>9</total>
				<timestamp>5109.296843</timestamp>
			</report>
			<report>
				<misses>516600001</misses>
				<total>9</total>
				<timestamp>5110.280276</timestamp>
			</report>
			<report>
				<misses>516700001</misses>
				<total>9</total>
				<timestamp>5111.263185</timestamp>
			</report>
			<report>
				<misses>516800001</misses>
				<total>9</total>
				<timestamp>5112.245860</timestamp>
			</report>
			<report>
				<misses>516900001</misses>
				<total>9</total>
				<timestamp>5113.227489</timestamp>
			</report>
			<report>
				<misses>517000001</misses>
				<total>9</total>
				<timestamp>5114.210297</timestamp>
			</report>
			<report>
				<misses>517100001</misses>
				<total>9</total>
				<timestamp>5115.192845</timestamp>
			</report>
			<report>
				<misses>517200001</misses>
				<total>9</total>
				<timestamp>5116.175398</timestamp>
			</report>
			<report>
				<misses>517300001</misses>
				<total>9</total>
				<timestamp>5117.158419</timestamp>
			</report>
			<report>
				<misses>517400001</misses>
				<total>9</total>
				<timestamp>5118.141474</timestamp>
			</report>
			<report>
				<misses>517500001</misses>
				<total>9</total>
				<timestamp>5119.125304</timestamp>
			</report>
			<report>
				<misses>517600001</misses>
				<total>9</total>
				<timestamp>5120.107710</timestamp>
			</report>
			<report>
				<misses>517700001</misses>
				<total>9</total>
				<timestamp>5121.090897</timestamp>
			</report>
			<report>
				<misses>517800001</misses>
				<total>9</total>
				<timestamp>5122.072923</timestamp>
			</report>
			<report>
				<misses>517900001</misses>
				<total>9</total>
				<timestamp>5123.054571</timestamp>
			</report>
			<report>
				<misses>518000001</misses>
				<total>9</total>
				<timestamp>5124.036854</timestamp>
			</report>
			<report>
				<misses>518100001</misses>
				<total>9</total>
				<timestamp>5125.019510</timestamp>
			</report>
			<report>
				<misses>518200001</misses>
				<total>9</total>
				<timestamp>5126.002165</timestamp>
			</report>
			<report>
				<misses>518300001</misses>
				<total>9</total>
				<timestamp>5126.983923</timestamp>
			</report>
			<report>
				<misses>518400001</misses>
				<total>9</total>
				<timestamp>5127.966321</timestamp>
			</report>
			<report>
				<misses>518500001</misses>
				<total>9</total>
				<timestamp>5128.948326</timestamp>
			</report>
			<report>
				<misses>518600001</misses>
				<total>9</total>
				<timestamp>5129.931376</timestamp>
			</report>
			<report>
				<misses>518700001</misses>
				<total>9</total>
				<timestamp>5130.914820</timestamp>
			</report>
			<report>
				<misses>518800001</misses>
				<total>9</total>
				<timestamp>5131.896964</timestamp>
			</report>
			<report>
				<misses>518900001</misses>
				<total>9</total>
				<timestamp>5132.879503</timestamp>
			</report>
			<report>
				<misses>519000001</misses>
				<total>9</total>
				<timestamp>5133.861499</timestamp>
			</report>
			<report>
				<misses>519100001</misses>
				<total>9</total>
				<timestamp>5134.843277</timestamp>
			</report>
			<report>
				<misses>519200001</misses>
				<total>9</total>
				<timestamp>5135.825653</timestamp>
			</report>
			<report>
				<misses>519300001</misses>
				<total>9</total>
				<timestamp>5136.806902</timestamp>
			</report>
			<report>
				<misses>519400001</misses>
				<total>9</total>
				<timestamp>5137.789818</timestamp>
			</report>
			<report>
				<misses>519500001</misses>
				<total>9</total>
				<timestamp>5138.771834</timestamp>
			</report>
			<report>
				<misses>519600001</misses>
				<total>9</total>
				<timestamp>5139.753082</timestamp>
			</report>
			<report>
				<misses>519700001</misses>
				<total>9</total>
				<timestamp>5140.735722</timestamp>
			</report>
			<report>
				<misses>519800001</misses>
				<total>9</total>
				<timestamp>5141.718997</timestamp>
			</report>
			<report>
				<misses>519900001</misses>
				<total>9</total>
				<timestamp>5142.701264</timestamp>
			</report>
			<report>
				<misses>520000001</misses>
				<total>9</total>
				<timestamp>5143.684543</timestamp>
			</report>
			<report>
				<misses>520100001</misses>
				<total>9</total>
				<timestamp>5144.666681</timestamp>
			</report>
			<report>
				<misses>520200001</misses>
				<total>9</total>
				<timestamp>5145.650499</timestamp>
			</report>
			<report>
				<misses>520300001</misses>
				<total>9</total>
				<timestamp>5146.632921</timestamp>
			</report>
			<report>
				<misses>520400001</misses>
				<total>9</total>
				<timestamp>5147.615962</timestamp>
			</report>
			<report>
				<misses>520500001</misses>
				<total>9</total>
				<timestamp>5148.598887</timestamp>
			</report>
			<report>
				<misses>520600001</misses>
				<total>9</total>
				<timestamp>5149.581284</timestamp>
			</report>
			<report>
				<misses>520700001</misses>
				<total>9</total>
				<timestamp>5150.564462</timestamp>
			</report>
			<report>
				<misses>520800001</misses>
				<total>9</total>
				<timestamp>5151.547134</timestamp>
			</report>
			<report>
				<misses>520900001</misses>
				<total>9</total>
				<timestamp>5152.530327</timestamp>
			</report>
			<report>
				<misses>521000001</misses>
				<total>9</total>
				<timestamp>5153.513248</timestamp>
			</report>
			<report>
				<misses>521100001</misses>
				<total>9</total>
				<timestamp>5154.496323</timestamp>
			</report>
			<report>
				<misses>521200001</misses>
				<total>9</total>
				<timestamp>5155.479111</timestamp>
			</report>
			<report>
				<misses>521300001</misses>
				<total>9</total>
				<timestamp>5156.462034</timestamp>
			</report>
			<report>
				<misses>521400001</misses>
				<total>9</total>
				<timestamp>5157.443795</timestamp>
			</report>
			<report>
				<misses>521500001</misses>
				<total>9</total>
				<timestamp>5158.426211</timestamp>
			</report>
			<report>
				<misses>521600001</misses>
				<total>9</total>
				<timestamp>5159.408377</timestamp>
			</report>
			<report>
				<misses>521700001</misses>
				<total>9</total>
				<timestamp>5160.391689</timestamp>
			</report>
			<report>
				<misses>521800001</misses>
				<total>9</total>
				<timestamp>5161.373708</timestamp>
			</report>
			<report>
				<misses>521900001</misses>
				<total>9</total>
				<timestamp>5162.355718</timestamp>
			</report>
			<report>
				<misses>522000001</misses>
				<total>9</total>
				<timestamp>5163.338757</timestamp>
			</report>
			<report>
				<misses>522100001</misses>
				<total>9</total>
				<timestamp>5164.320921</timestamp>
			</report>
			<report>
				<misses>522200001</misses>
				<total>9</total>
				<timestamp>5165.303740</timestamp>
			</report>
			<report>
				<misses>522300001</misses>
				<total>9</total>
				<timestamp>5166.286495</timestamp>
			</report>
			<report>
				<misses>522400001</misses>
				<total>9</total>
				<timestamp>5167.269276</timestamp>
			</report>
			<report>
				<misses>522500001</misses>
				<total>9</total>
				<timestamp>5168.250778</timestamp>
			</report>
			<report>
				<misses>522600001</misses>
				<total>9</total>
				<timestamp>5169.233843</timestamp>
			</report>
			<report>
				<misses>522700001</misses>
				<total>9</total>
				<timestamp>5170.216904</timestamp>
			</report>
			<report>
				<misses>522800001</misses>
				<total>9</total>
				<timestamp>5171.199821</timestamp>
			</report>
			<report>
				<misses>522900001</misses>
				<total>9</total>
				<timestamp>5172.182493</timestamp>
			</report>
			<report>
				<misses>523000001</misses>
				<total>9</total>
				<timestamp>5173.168485</timestamp>
			</report>
			<report>
				<misses>523100001</misses>
				<total>9</total>
				<timestamp>5174.160444</timestamp>
			</report>
			<report>
				<misses>523200001</misses>
				<total>9</total>
				<timestamp>5175.151248</timestamp>
			</report>
			<report>
				<misses>523300001</misses>
				<total>9</total>
				<timestamp>5176.143092</timestamp>
			</report>
			<report>
				<misses>523400001</misses>
				<total>9</total>
				<timestamp>5177.134815</timestamp>
			</report>
			<report>
				<misses>523500001</misses>
				<total>9</total>
				<timestamp>5178.126617</timestamp>
			</report>
			<report>
				<misses>523600001</misses>
				<total>9</total>
				<timestamp>5179.118268</timestamp>
			</report>
			<report>
				<misses>523700001</misses>
				<total>9</total>
				<timestamp>5180.109725</timestamp>
			</report>
			<report>
				<misses>523800001</misses>
				<total>9</total>
				<timestamp>5181.100874</timestamp>
			</report>
			<report>
				<misses>523900001</misses>
				<total>9</total>
				<timestamp>5182.091663</timestamp>
			</report>
			<report>
				<misses>524000001</misses>
				<total>9</total>
				<timestamp>5183.082859</timestamp>
			</report>
			<report>
				<misses>524100001</misses>
				<total>9</total>
				<timestamp>5184.074525</timestamp>
			</report>
			<report>
				<misses>524200001</misses>
				<total>9</total>
				<timestamp>5185.066096</timestamp>
			</report>
			<report>
				<misses>524300001</misses>
				<total>9</total>
				<timestamp>5186.058185</timestamp>
			</report>
			<report>
				<misses>524400001</misses>
				<total>9</total>
				<timestamp>5187.050161</timestamp>
			</report>
			<report>
				<misses>524500001</misses>
				<total>9</total>
				<timestamp>5188.041479</timestamp>
			</report>
			<report>
				<misses>524600001</misses>
				<total>9</total>
				<timestamp>5189.033686</timestamp>
			</report>
			<report>
				<misses>524700001</misses>
				<total>9</total>
				<timestamp>5190.024983</timestamp>
			</report>
			<report>
				<misses>524800001</misses>
				<total>9</total>
				<timestamp>5191.016049</timestamp>
			</report>
			<report>
				<misses>524900001</misses>
				<total>9</total>
				<timestamp>5192.007237</timestamp>
			</report>
			<report>
				<misses>525000001</misses>
				<total>9</total>
				<timestamp>5192.998830</timestamp>
			</report>
			<report>
				<misses>525100001</misses>
				<total>9</total>
				<timestamp>5193.989625</timestamp>
			</report>
			<report>
				<misses>525200001</misses>
				<total>9</total>
				<timestamp>5194.981300</timestamp>
			</report>
			<report>
				<misses>525300001</misses>
				<total>9</total>
				<timestamp>5195.972743</timestamp>
			</report>
			<report>
				<misses>525400001</misses>
				<total>9</total>
				<timestamp>5196.964425</timestamp>
			</report>
			<report>
				<misses>525500001</misses>
				<total>9</total>
				<timestamp>5197.955733</timestamp>
			</report>
			<report>
				<misses>525600001</misses>
				<total>9</total>
				<timestamp>5198.947809</timestamp>
			</report>
			<report>
				<misses>525700001</misses>
				<total>9</total>
				<timestamp>5199.939192</timestamp>
			</report>
			<report>
				<misses>525800001</misses>
				<total>9</total>
				<timestamp>5200.931047</timestamp>
			</report>
			<report>
				<misses>525900001</misses>
				<total>9</total>
				<timestamp>5201.922366</timestamp>
			</report>
			<report>
				<misses>526000001</misses>
				<total>9</total>
				<timestamp>5202.914188</timestamp>
			</report>
			<report>
				<misses>526100001</misses>
				<total>9</total>
				<timestamp>5203.905115</timestamp>
			</report>
			<report>
				<misses>526200001</misses>
				<total>9</total>
				<timestamp>5204.896929</timestamp>
			</report>
			<report>
				<misses>526300001</misses>
				<total>9</total>
				<timestamp>5205.888101</timestamp>
			</report>
			<report>
				<misses>526400001</misses>
				<total>9</total>
				<timestamp>5206.879299</timestamp>
			</report>
			<report>
				<misses>526500001</misses>
				<total>9</total>
				<timestamp>5207.870984</timestamp>
			</report>
			<report>
				<misses>526600001</misses>
				<total>9</total>
				<timestamp>5208.862545</timestamp>
			</report>
			<report>
				<misses>526700001</misses>
				<total>9</total>
				<timestamp>5209.854496</timestamp>
			</report>
			<report>
				<misses>526800001</misses>
				<total>9</total>
				<timestamp>5210.846579</timestamp>
			</report>
			<report>
				<misses>526900001</misses>
				<total>9</total>
				<timestamp>5211.837133</timestamp>
			</report>
			<report>
				<misses>527000001</misses>
				<total>9</total>
				<timestamp>5212.828272</timestamp>
			</report>
			<report>
				<misses>527100001</misses>
				<total>9</total>
				<timestamp>5213.820502</timestamp>
			</report>
			<report>
				<misses>527200001</misses>
				<total>9</total>
				<timestamp>5214.811386</timestamp>
			</report>
			<report>
				<misses>527300001</misses>
				<total>9</total>
				<timestamp>5215.802968</timestamp>
			</report>
			<report>
				<misses>527400001</misses>
				<total>9</total>
				<timestamp>5216.794282</timestamp>
			</report>
			<report>
				<misses>527500001</misses>
				<total>9</total>
				<timestamp>5217.785970</timestamp>
			</report>
			<report>
				<misses>527600001</misses>
				<total>9</total>
				<timestamp>5218.777668</timestamp>
			</report>
			<report>
				<misses>527700001</misses>
				<total>9</total>
				<timestamp>5219.769618</timestamp>
			</report>
			<report>
				<misses>527800001</misses>
				<total>9</total>
				<timestamp>5220.761191</timestamp>
			</report>
			<report>
				<misses>527900001</misses>
				<total>9</total>
				<timestamp>5221.752505</timestamp>
			</report>
			<report>
				<misses>528000001</misses>
				<total>9</total>
				<timestamp>5222.744070</timestamp>
			</report>
			<report>
				<misses>528100001</misses>
				<total>9</total>
				<timestamp>5223.735773</timestamp>
			</report>
			<report>
				<misses>528200001</misses>
				<total>9</total>
				<timestamp>5224.726567</timestamp>
			</report>
			<report>
				<misses>528300001</misses>
				<total>9</total>
				<timestamp>5225.717748</timestamp>
			</report>
			<report>
				<misses>528400001</misses>
				<total>9</total>
				<timestamp>5226.708680</timestamp>
			</report>
			<report>
				<misses>528500001</misses>
				<total>9</total>
				<timestamp>5227.698967</timestamp>
			</report>
			<report>
				<misses>528600001</misses>
				<total>9</total>
				<timestamp>5228.690140</timestamp>
			</report>
			<report>
				<misses>528700001</misses>
				<total>9</total>
				<timestamp>5229.680807</timestamp>
			</report>
			<report>
				<misses>528800001</misses>
				<total>9</total>
				<timestamp>5230.671939</timestamp>
			</report>
			<report>
				<misses>528900001</misses>
				<total>9</total>
				<timestamp>5231.662741</timestamp>
			</report>
			<report>
				<misses>529000001</misses>
				<total>9</total>
				<timestamp>5232.653931</timestamp>
			</report>
			<report>
				<misses>529100001</misses>
				<total>9</total>
				<timestamp>5233.645122</timestamp>
			</report>
			<report>
				<misses>529200001</misses>
				<total>9</total>
				<timestamp>5234.637117</timestamp>
			</report>
			<report>
				<misses>529300001</misses>
				<total>9</total>
				<timestamp>5235.627916</timestamp>
			</report>
			<report>
				<misses>529400001</misses>
				<total>9</total>
				<timestamp>5236.619609</timestamp>
			</report>
			<report>
				<misses>529500001</misses>
				<total>9</total>
				<timestamp>5237.610675</timestamp>
			</report>
			<report>
				<misses>529600001</misses>
				<total>9</total>
				<timestamp>5238.602089</timestamp>
			</report>
			<report>
				<misses>529700001</misses>
				<total>9</total>
				<timestamp>5239.593655</timestamp>
			</report>
			<report>
				<misses>529800001</misses>
				<total>9</total>
				<timestamp>5240.585354</timestamp>
			</report>
			<report>
				<misses>529900001</misses>
				<total>9</total>
				<timestamp>5241.576763</timestamp>
			</report>
			<report>
				<misses>530000001</misses>
				<total>9</total>
				<timestamp>5242.567768</timestamp>
			</report>
			<report>
				<misses>530100001</misses>
				<total>9</total>
				<timestamp>5243.558548</timestamp>
			</report>
			<report>
				<misses>530200001</misses>
				<total>9</total>
				<timestamp>5244.549086</timestamp>
			</report>
			<report>
				<misses>530300001</misses>
				<total>9</total>
				<timestamp>5245.540884</timestamp>
			</report>
			<report>
				<misses>530400001</misses>
				<total>9</total>
				<timestamp>5246.532188</timestamp>
			</report>
			<report>
				<misses>530500001</misses>
				<total>9</total>
				<timestamp>5247.523588</timestamp>
			</report>
			<report>
				<misses>530600001</misses>
				<total>9</total>
				<timestamp>5248.513755</timestamp>
			</report>
			<report>
				<misses>530700001</misses>
				<total>9</total>
				<timestamp>5249.505035</timestamp>
			</report>
			<report>
				<misses>530800001</misses>
				<total>9</total>
				<timestamp>5250.496094</timestamp>
			</report>
			<report>
				<misses>530900001</misses>
				<total>9</total>
				<timestamp>5251.487285</timestamp>
			</report>
			<report>
				<misses>531000001</misses>
				<total>9</total>
				<timestamp>5252.478604</timestamp>
			</report>
			<report>
				<misses>531100001</misses>
				<total>9</total>
				<timestamp>5253.470140</timestamp>
			</report>
			<report>
				<misses>531200001</misses>
				<total>9</total>
				<timestamp>5254.461711</timestamp>
			</report>
			<report>
				<misses>531300001</misses>
				<total>9</total>
				<timestamp>5255.453152</timestamp>
			</report>
			<report>
				<misses>531400001</misses>
				<total>9</total>
				<timestamp>5256.443705</timestamp>
			</report>
			<report>
				<misses>531500001</misses>
				<total>9</total>
				<timestamp>5257.435141</timestamp>
			</report>
			<report>
				<misses>531600001</misses>
				<total>9</total>
				<timestamp>5258.426967</timestamp>
			</report>
			<report>
				<misses>531700001</misses>
				<total>9</total>
				<timestamp>5259.417113</timestamp>
			</report>
			<report>
				<misses>531800001</misses>
				<total>9</total>
				<timestamp>5260.407639</timestamp>
			</report>
			<report>
				<misses>531900001</misses>
				<total>9</total>
				<timestamp>5261.398293</timestamp>
			</report>
			<report>
				<misses>532000001</misses>
				<total>9</total>
				<timestamp>5262.389593</timestamp>
			</report>
			<report>
				<misses>532100001</misses>
				<total>9</total>
				<timestamp>5263.380502</timestamp>
			</report>
			<report>
				<misses>532200001</misses>
				<total>9</total>
				<timestamp>5264.372197</timestamp>
			</report>
			<report>
				<misses>532300001</misses>
				<total>9</total>
				<timestamp>5265.363139</timestamp>
			</report>
			<report>
				<misses>532400001</misses>
				<total>9</total>
				<timestamp>5266.353373</timestamp>
			</report>
			<report>
				<misses>532500001</misses>
				<total>9</total>
				<timestamp>5267.343928</timestamp>
			</report>
			<report>
				<misses>532600001</misses>
				<total>9</total>
				<timestamp>5268.334864</timestamp>
			</report>
			<report>
				<misses>532700001</misses>
				<total>9</total>
				<timestamp>5269.326391</timestamp>
			</report>
			<report>
				<misses>532800001</misses>
				<total>9</total>
				<timestamp>5270.316790</timestamp>
			</report>
			<report>
				<misses>532900001</misses>
				<total>9</total>
				<timestamp>5271.308768</timestamp>
			</report>
			<report>
				<misses>533000001</misses>
				<total>9</total>
				<timestamp>5272.300547</timestamp>
			</report>
			<report>
				<misses>533100001</misses>
				<total>9</total>
				<timestamp>5273.292392</timestamp>
			</report>
			<report>
				<misses>533200001</misses>
				<total>9</total>
				<timestamp>5274.284228</timestamp>
			</report>
			<report>
				<misses>533300001</misses>
				<total>9</total>
				<timestamp>5275.275924</timestamp>
			</report>
			<report>
				<misses>533400001</misses>
				<total>9</total>
				<timestamp>5276.267232</timestamp>
			</report>
			<report>
				<misses>533500001</misses>
				<total>9</total>
				<timestamp>5277.258417</timestamp>
			</report>
			<report>
				<misses>533600001</misses>
				<total>9</total>
				<timestamp>5278.249736</timestamp>
			</report>
			<report>
				<misses>533700001</misses>
				<total>9</total>
				<timestamp>5279.241435</timestamp>
			</report>
			<report>
				<misses>533800001</misses>
				<total>9</total>
				<timestamp>5280.233142</timestamp>
			</report>
			<report>
				<misses>533900001</misses>
				<total>9</total>
				<timestamp>5281.224450</timestamp>
			</report>
			<report>
				<misses>534000001</misses>
				<total>9</total>
				<timestamp>5282.216266</timestamp>
			</report>
			<report>
				<misses>534100001</misses>
				<total>9</total>
				<timestamp>5283.209116</timestamp>
			</report>
			<report>
				<misses>534200001</misses>
				<total>9</total>
				<timestamp>5284.199513</timestamp>
			</report>
			<report>
				<misses>534300001</misses>
				<total>9</total>
				<timestamp>5285.190806</timestamp>
			</report>
			<report>
				<misses>534400001</misses>
				<total>9</total>
				<timestamp>5286.183001</timestamp>
			</report>
			<report>
				<misses>534500001</misses>
				<total>9</total>
				<timestamp>5287.174450</timestamp>
			</report>
			<report>
				<misses>534600001</misses>
				<total>9</total>
				<timestamp>5288.165131</timestamp>
			</report>
			<report>
				<misses>534700001</misses>
				<total>9</total>
				<timestamp>5289.155751</timestamp>
			</report>
			<report>
				<misses>534800001</misses>
				<total>9</total>
				<timestamp>5290.147443</timestamp>
			</report>
			<report>
				<misses>534900001</misses>
				<total>9</total>
				<timestamp>5291.138370</timestamp>
			</report>
			<report>
				<misses>535000001</misses>
				<total>9</total>
				<timestamp>5292.129172</timestamp>
			</report>
			<report>
				<misses>535100001</misses>
				<total>9</total>
				<timestamp>5293.121644</timestamp>
			</report>
			<report>
				<misses>535200001</misses>
				<total>9</total>
				<timestamp>5294.113852</timestamp>
			</report>
			<report>
				<misses>535300001</misses>
				<total>9</total>
				<timestamp>5295.105803</timestamp>
			</report>
			<report>
				<misses>535400001</misses>
				<total>9</total>
				<timestamp>5296.097103</timestamp>
			</report>
			<report>
				<misses>535500001</misses>
				<total>9</total>
				<timestamp>5297.089712</timestamp>
			</report>
			<report>
				<misses>535600001</misses>
				<total>9</total>
				<timestamp>5298.080475</timestamp>
			</report>
			<report>
				<misses>535700001</misses>
				<total>9</total>
				<timestamp>5299.071669</timestamp>
			</report>
			<report>
				<misses>535800001</misses>
				<total>9</total>
				<timestamp>5300.063633</timestamp>
			</report>
			<report>
				<misses>535900001</misses>
				<total>9</total>
				<timestamp>5301.054952</timestamp>
			</report>
			<report>
				<misses>536000001</misses>
				<total>9</total>
				<timestamp>5302.045883</timestamp>
			</report>
			<report>
				<misses>536100001</misses>
				<total>9</total>
				<timestamp>5303.037444</timestamp>
			</report>
			<report>
				<misses>536200001</misses>
				<total>9</total>
				<timestamp>5304.028877</timestamp>
			</report>
			<report>
				<misses>536300001</misses>
				<total>9</total>
				<timestamp>5305.020195</timestamp>
			</report>
			<report>
				<misses>536400001</misses>
				<total>9</total>
				<timestamp>5306.011505</timestamp>
			</report>
			<report>
				<misses>536500001</misses>
				<total>9</total>
				<timestamp>5307.003731</timestamp>
			</report>
			<report>
				<misses>536600001</misses>
				<total>9</total>
				<timestamp>5307.995013</timestamp>
			</report>
			<report>
				<misses>536700001</misses>
				<total>9</total>
				<timestamp>5308.986198</timestamp>
			</report>
			<report>
				<misses>536800001</misses>
				<total>9</total>
				<timestamp>5309.977895</timestamp>
			</report>
			<report>
				<misses>536900001</misses>
				<total>9</total>
				<timestamp>5310.969464</timestamp>
			</report>
			<report>
				<misses>537000001</misses>
				<total>9</total>
				<timestamp>5311.960747</timestamp>
			</report>
			<report>
				<misses>537100001</misses>
				<total>9</total>
				<timestamp>5312.952849</timestamp>
			</report>
			<report>
				<misses>537200001</misses>
				<total>9</total>
				<timestamp>5313.943656</timestamp>
			</report>
			<report>
				<misses>537300001</misses>
				<total>9</total>
				<timestamp>5314.935476</timestamp>
			</report>
			<report>
				<misses>537400001</misses>
				<total>9</total>
				<timestamp>5315.927173</timestamp>
			</report>
			<report>
				<misses>537500001</misses>
				<total>9</total>
				<timestamp>5316.917922</timestamp>
			</report>
			<report>
				<misses>537600001</misses>
				<total>9</total>
				<timestamp>5317.909121</timestamp>
			</report>
			<report>
				<misses>537700001</misses>
				<total>9</total>
				<timestamp>5318.900178</timestamp>
			</report>
			<report>
				<misses>537800001</misses>
				<total>9</total>
				<timestamp>5319.893875</timestamp>
			</report>
			<report>
				<misses>537900001</misses>
				<total>9</total>
				<timestamp>5320.884642</timestamp>
			</report>
			<report>
				<misses>538000001</misses>
				<total>9</total>
				<timestamp>5321.876330</timestamp>
			</report>
			<report>
				<misses>538100001</misses>
				<total>9</total>
				<timestamp>5322.868166</timestamp>
			</report>
			<report>
				<misses>538200001</misses>
				<total>9</total>
				<timestamp>5323.860151</timestamp>
			</report>
			<report>
				<misses>538300001</misses>
				<total>9</total>
				<timestamp>5324.852081</timestamp>
			</report>
			<report>
				<misses>538400001</misses>
				<total>9</total>
				<timestamp>5325.842875</timestamp>
			</report>
			<report>
				<misses>538500001</misses>
				<total>9</total>
				<timestamp>5326.834928</timestamp>
			</report>
			<report>
				<misses>538600001</misses>
				<total>9</total>
				<timestamp>5327.825729</timestamp>
			</report>
			<report>
				<misses>538700001</misses>
				<total>9</total>
				<timestamp>5328.817549</timestamp>
			</report>
			<report>
				<misses>538800001</misses>
				<total>9</total>
				<timestamp>5329.809251</timestamp>
			</report>
			<report>
				<misses>538900001</misses>
				<total>9</total>
				<timestamp>5330.800394</timestamp>
			</report>
			<report>
				<misses>539000001</misses>
				<total>9</total>
				<timestamp>5331.790942</timestamp>
			</report>
			<report>
				<misses>539100001</misses>
				<total>9</total>
				<timestamp>5332.781983</timestamp>
			</report>
			<report>
				<misses>539200001</misses>
				<total>9</total>
				<timestamp>5333.773286</timestamp>
			</report>
			<report>
				<misses>539300001</misses>
				<total>9</total>
				<timestamp>5334.764344</timestamp>
			</report>
			<report>
				<misses>539400001</misses>
				<total>9</total>
				<timestamp>5335.754997</timestamp>
			</report>
			<report>
				<misses>539500001</misses>
				<total>9</total>
				<timestamp>5336.745514</timestamp>
			</report>
			<report>
				<misses>539600001</misses>
				<total>9</total>
				<timestamp>5337.737215</timestamp>
			</report>
			<report>
				<misses>539700001</misses>
				<total>9</total>
				<timestamp>5338.727731</timestamp>
			</report>
			<report>
				<misses>539800001</misses>
				<total>9</total>
				<timestamp>5339.718764</timestamp>
			</report>
			<report>
				<misses>539900001</misses>
				<total>9</total>
				<timestamp>5340.710162</timestamp>
			</report>
			<report>
				<misses>540000001</misses>
				<total>9</total>
				<timestamp>5341.701474</timestamp>
			</report>
			<report>
				<misses>540100001</misses>
				<total>9</total>
				<timestamp>5342.693301</timestamp>
			</report>
			<report>
				<misses>540200001</misses>
				<total>9</total>
				<timestamp>5343.684614</timestamp>
			</report>
			<report>
				<misses>540300001</misses>
				<total>9</total>
				<timestamp>5344.675284</timestamp>
			</report>
			<report>
				<misses>540400001</misses>
				<total>9</total>
				<timestamp>5345.666727</timestamp>
			</report>
			<report>
				<misses>540500001</misses>
				<total>9</total>
				<timestamp>5346.660612</timestamp>
			</report>
			<report>
				<misses>540600001</misses>
				<total>9</total>
				<timestamp>5347.652421</timestamp>
			</report>
			<report>
				<misses>540700001</misses>
				<total>9</total>
				<timestamp>5348.644487</timestamp>
			</report>
			<report>
				<misses>540800001</misses>
				<total>9</total>
				<timestamp>5349.635654</timestamp>
			</report>
			<report>
				<misses>540900001</misses>
				<total>9</total>
				<timestamp>5350.626807</timestamp>
			</report>
			<report>
				<misses>541000001</misses>
				<total>9</total>
				<timestamp>5351.618128</timestamp>
			</report>
			<report>
				<misses>541100001</misses>
				<total>9</total>
				<timestamp>5352.609924</timestamp>
			</report>
			<report>
				<misses>541200001</misses>
				<total>9</total>
				<timestamp>5353.600450</timestamp>
			</report>
			<report>
				<misses>541300001</misses>
				<total>9</total>
				<timestamp>5354.591627</timestamp>
			</report>
			<report>
				<misses>541400001</misses>
				<total>9</total>
				<timestamp>5355.583073</timestamp>
			</report>
			<report>
				<misses>541500001</misses>
				<total>9</total>
				<timestamp>5356.573874</timestamp>
			</report>
			<report>
				<misses>541600001</misses>
				<total>9</total>
				<timestamp>5357.565437</timestamp>
			</report>
			<report>
				<misses>541700001</misses>
				<total>9</total>
				<timestamp>5358.556213</timestamp>
			</report>
			<report>
				<misses>541800001</misses>
				<total>9</total>
				<timestamp>5359.547387</timestamp>
			</report>
			<report>
				<misses>541900001</misses>
				<total>9</total>
				<timestamp>5360.537795</timestamp>
			</report>
			<report>
				<misses>542000001</misses>
				<total>9</total>
				<timestamp>5361.528968</timestamp>
			</report>
			<report>
				<misses>542100001</misses>
				<total>9</total>
				<timestamp>5362.520121</timestamp>
			</report>
			<report>
				<misses>542200001</misses>
				<total>9</total>
				<timestamp>5363.511799</timestamp>
			</report>
			<report>
				<misses>542300001</misses>
				<total>9</total>
				<timestamp>5364.502574</timestamp>
			</report>
			<report>
				<misses>542400001</misses>
				<total>9</total>
				<timestamp>5365.494112</timestamp>
			</report>
			<report>
				<misses>542500001</misses>
				<total>9</total>
				<timestamp>5366.486455</timestamp>
			</report>
			<report>
				<misses>542600001</misses>
				<total>9</total>
				<timestamp>5367.478408</timestamp>
			</report>
			<report>
				<misses>542700001</misses>
				<total>9</total>
				<timestamp>5368.469972</timestamp>
			</report>
			<report>
				<misses>542800001</misses>
				<total>9</total>
				<timestamp>5369.461541</timestamp>
			</report>
			<report>
				<misses>542900001</misses>
				<total>9</total>
				<timestamp>5370.453501</timestamp>
			</report>
			<report>
				<misses>543000001</misses>
				<total>9</total>
				<timestamp>5371.445450</timestamp>
			</report>
			<report>
				<misses>543100001</misses>
				<total>9</total>
				<timestamp>5372.436239</timestamp>
			</report>
			<report>
				<misses>543200001</misses>
				<total>9</total>
				<timestamp>5373.427532</timestamp>
			</report>
			<report>
				<misses>543300001</misses>
				<total>9</total>
				<timestamp>5374.417673</timestamp>
			</report>
			<report>
				<misses>543400001</misses>
				<total>9</total>
				<timestamp>5375.409613</timestamp>
			</report>
			<report>
				<misses>543500001</misses>
				<total>9</total>
				<timestamp>5376.401193</timestamp>
			</report>
			<report>
				<misses>543600001</misses>
				<total>9</total>
				<timestamp>5377.393283</timestamp>
			</report>
			<report>
				<misses>543700001</misses>
				<total>9</total>
				<timestamp>5378.384597</timestamp>
			</report>
			<report>
				<misses>543800001</misses>
				<total>9</total>
				<timestamp>5379.375906</timestamp>
			</report>
			<report>
				<misses>543900001</misses>
				<total>9</total>
				<timestamp>5380.367724</timestamp>
			</report>
			<report>
				<misses>544000001</misses>
				<total>9</total>
				<timestamp>5381.358381</timestamp>
			</report>
			<report>
				<misses>544100001</misses>
				<total>9</total>
				<timestamp>5382.349829</timestamp>
			</report>
			<report>
				<misses>544200001</misses>
				<total>9</total>
				<timestamp>5383.340985</timestamp>
			</report>
			<report>
				<misses>544300001</misses>
				<total>9</total>
				<timestamp>5384.332664</timestamp>
			</report>
			<report>
				<misses>544400001</misses>
				<total>9</total>
				<timestamp>5385.324225</timestamp>
			</report>
			<report>
				<misses>544500001</misses>
				<total>9</total>
				<timestamp>5386.315651</timestamp>
			</report>
			<report>
				<misses>544600001</misses>
				<total>9</total>
				<timestamp>5387.307732</timestamp>
			</report>
			<report>
				<misses>544700001</misses>
				<total>9</total>
				<timestamp>5388.299176</timestamp>
			</report>
			<report>
				<misses>544800001</misses>
				<total>9</total>
				<timestamp>5389.290878</timestamp>
			</report>
			<report>
				<misses>544900001</misses>
				<total>9</total>
				<timestamp>5390.281932</timestamp>
			</report>
			<report>
				<misses>545000001</misses>
				<total>9</total>
				<timestamp>5391.273622</timestamp>
			</report>
			<report>
				<misses>545100001</misses>
				<total>9</total>
				<timestamp>5392.264939</timestamp>
			</report>
			<report>
				<misses>545200001</misses>
				<total>9</total>
				<timestamp>5393.257031</timestamp>
			</report>
			<report>
				<misses>545300001</misses>
				<total>9</total>
				<timestamp>5394.248217</timestamp>
			</report>
			<report>
				<misses>545400001</misses>
				<total>9</total>
				<timestamp>5395.240053</timestamp>
			</report>
			<report>
				<misses>545500001</misses>
				<total>9</total>
				<timestamp>5396.230948</timestamp>
			</report>
			<report>
				<misses>545600001</misses>
				<total>9</total>
				<timestamp>5397.222658</timestamp>
			</report>
			<report>
				<misses>545700001</misses>
				<total>9</total>
				<timestamp>5398.214625</timestamp>
			</report>
			<report>
				<misses>545800001</misses>
				<total>9</total>
				<timestamp>5399.206711</timestamp>
			</report>
			<report>
				<misses>545900001</misses>
				<total>9</total>
				<timestamp>5400.198160</timestamp>
			</report>
			<report>
				<misses>546000001</misses>
				<total>9</total>
				<timestamp>5401.189092</timestamp>
			</report>
			<report>
				<misses>546100001</misses>
				<total>9</total>
				<timestamp>5402.181185</timestamp>
			</report>
			<report>
				<misses>546200001</misses>
				<total>9</total>
				<timestamp>5403.173217</timestamp>
			</report>
			<report>
				<misses>546300001</misses>
				<total>9</total>
				<timestamp>5404.165182</timestamp>
			</report>
			<report>
				<misses>546400001</misses>
				<total>9</total>
				<timestamp>5405.156356</timestamp>
			</report>
			<report>
				<misses>546500001</misses>
				<total>9</total>
				<timestamp>5406.147129</timestamp>
			</report>
			<report>
				<misses>546600001</misses>
				<total>9</total>
				<timestamp>5407.138045</timestamp>
			</report>
			<report>
				<misses>546700001</misses>
				<total>9</total>
				<timestamp>5408.129226</timestamp>
			</report>
			<report>
				<misses>546800001</misses>
				<total>9</total>
				<timestamp>5409.120668</timestamp>
			</report>
			<report>
				<misses>546900001</misses>
				<total>9</total>
				<timestamp>5410.111351</timestamp>
			</report>
			<report>
				<misses>547000001</misses>
				<total>9</total>
				<timestamp>5411.101991</timestamp>
			</report>
			<report>
				<misses>547100001</misses>
				<total>9</total>
				<timestamp>5412.094206</timestamp>
			</report>
			<report>
				<misses>547200001</misses>
				<total>9</total>
				<timestamp>5413.085654</timestamp>
			</report>
			<report>
				<misses>547300001</misses>
				<total>9</total>
				<timestamp>5414.076183</timestamp>
			</report>
			<report>
				<misses>547400001</misses>
				<total>9</total>
				<timestamp>5415.067450</timestamp>
			</report>
			<report>
				<misses>547500001</misses>
				<total>9</total>
				<timestamp>5416.058241</timestamp>
			</report>
			<report>
				<misses>547600001</misses>
				<total>9</total>
				<timestamp>5417.050207</timestamp>
			</report>
			<report>
				<misses>547700001</misses>
				<total>9</total>
				<timestamp>5418.041097</timestamp>
			</report>
			<report>
				<misses>547800001</misses>
				<total>9</total>
				<timestamp>5419.033053</timestamp>
			</report>
			<report>
				<misses>547900001</misses>
				<total>9</total>
				<timestamp>5420.023721</timestamp>
			</report>
			<report>
				<misses>548000001</misses>
				<total>9</total>
				<timestamp>5421.015942</timestamp>
			</report>
			<report>
				<misses>548100001</misses>
				<total>9</total>
				<timestamp>5422.007379</timestamp>
			</report>
			<report>
				<misses>548200001</misses>
				<total>9</total>
				<timestamp>5422.997904</timestamp>
			</report>
			<report>
				<misses>548300001</misses>
				<total>9</total>
				<timestamp>5423.989340</timestamp>
			</report>
			<report>
				<misses>548400001</misses>
				<total>9</total>
				<timestamp>5424.980016</timestamp>
			</report>
			<report>
				<misses>548500001</misses>
				<total>9</total>
				<timestamp>5425.971467</timestamp>
			</report>
			<report>
				<misses>548600001</misses>
				<total>9</total>
				<timestamp>5426.962369</timestamp>
			</report>
			<report>
				<misses>548700001</misses>
				<total>9</total>
				<timestamp>5427.952782</timestamp>
			</report>
			<report>
				<misses>548800001</misses>
				<total>9</total>
				<timestamp>5428.943955</timestamp>
			</report>
			<report>
				<misses>548900001</misses>
				<total>9</total>
				<timestamp>5429.935246</timestamp>
			</report>
			<report>
				<misses>549000001</misses>
				<total>9</total>
				<timestamp>5430.926160</timestamp>
			</report>
			<report>
				<misses>549100001</misses>
				<total>9</total>
				<timestamp>5431.917965</timestamp>
			</report>
			<report>
				<misses>549200001</misses>
				<total>9</total>
				<timestamp>5432.909783</timestamp>
			</report>
			<report>
				<misses>549300001</misses>
				<total>9</total>
				<timestamp>5433.901084</timestamp>
			</report>
			<report>
				<misses>549400001</misses>
				<total>9</total>
				<timestamp>5434.891868</timestamp>
			</report>
			<report>
				<misses>549500001</misses>
				<total>9</total>
				<timestamp>5435.883626</timestamp>
			</report>
			<report>
				<misses>549600001</misses>
				<total>9</total>
				<timestamp>5436.874551</timestamp>
			</report>
			<report>
				<misses>549700001</misses>
				<total>9</total>
				<timestamp>5437.865193</timestamp>
			</report>
			<report>
				<misses>549800001</misses>
				<total>9</total>
				<timestamp>5438.855232</timestamp>
			</report>
			<report>
				<misses>549900001</misses>
				<total>9</total>
				<timestamp>5439.845205</timestamp>
			</report>
			<report>
				<misses>550000001</misses>
				<total>9</total>
				<timestamp>5440.836618</timestamp>
			</report>
			<report>
				<misses>550100001</misses>
				<total>9</total>
				<timestamp>5441.827020</timestamp>
			</report>
			<report>
				<misses>550200001</misses>
				<total>9</total>
				<timestamp>5442.817821</timestamp>
			</report>
			<report>
				<misses>550300001</misses>
				<total>9</total>
				<timestamp>5443.808996</timestamp>
			</report>
			<report>
				<misses>550400001</misses>
				<total>9</total>
				<timestamp>5444.799140</timestamp>
			</report>
			<report>
				<misses>550500001</misses>
				<total>9</total>
				<timestamp>5445.789925</timestamp>
			</report>
			<report>
				<misses>550600001</misses>
				<total>9</total>
				<timestamp>5446.780062</timestamp>
			</report>
			<report>
				<misses>550700001</misses>
				<total>9</total>
				<timestamp>5447.770466</timestamp>
			</report>
			<report>
				<misses>550800001</misses>
				<total>9</total>
				<timestamp>5448.761913</timestamp>
			</report>
			<report>
				<misses>550900001</misses>
				<total>9</total>
				<timestamp>5449.752069</timestamp>
			</report>
			<report>
				<misses>551000001</misses>
				<total>9</total>
				<timestamp>5450.742854</timestamp>
			</report>
			<report>
				<misses>551100001</misses>
				<total>9</total>
				<timestamp>5451.734278</timestamp>
			</report>
			<report>
				<misses>551200001</misses>
				<total>9</total>
				<timestamp>5452.724557</timestamp>
			</report>
			<report>
				<misses>551300001</misses>
				<total>9</total>
				<timestamp>5453.716263</timestamp>
			</report>
			<report>
				<misses>551400001</misses>
				<total>9</total>
				<timestamp>5454.707711</timestamp>
			</report>
			<report>
				<misses>551500001</misses>
				<total>9</total>
				<timestamp>5455.698360</timestamp>
			</report>
			<report>
				<misses>551600001</misses>
				<total>9</total>
				<timestamp>5456.689009</timestamp>
			</report>
			<report>
				<misses>551700001</misses>
				<total>9</total>
				<timestamp>5457.678765</timestamp>
			</report>
			<report>
				<misses>551800001</misses>
				<total>9</total>
				<timestamp>5458.670478</timestamp>
			</report>
			<report>
				<misses>551900001</misses>
				<total>9</total>
				<timestamp>5459.660747</timestamp>
			</report>
			<report>
				<misses>552000001</misses>
				<total>9</total>
				<timestamp>5460.652060</timestamp>
			</report>
			<report>
				<misses>552100001</misses>
				<total>9</total>
				<timestamp>5461.642681</timestamp>
			</report>
			<report>
				<misses>552200001</misses>
				<total>9</total>
				<timestamp>5462.633449</timestamp>
			</report>
			<report>
				<misses>552300001</misses>
				<total>9</total>
				<timestamp>5463.624502</timestamp>
			</report>
			<report>
				<misses>552400001</misses>
				<total>9</total>
				<timestamp>5464.614653</timestamp>
			</report>
			<report>
				<misses>552500001</misses>
				<total>9</total>
				<timestamp>5465.604794</timestamp>
			</report>
			<report>
				<misses>552600001</misses>
				<total>9</total>
				<timestamp>5466.595020</timestamp>
			</report>
			<report>
				<misses>552700001</misses>
				<total>9</total>
				<timestamp>5467.585901</timestamp>
			</report>
			<report>
				<misses>552800001</misses>
				<total>9</total>
				<timestamp>5468.576801</timestamp>
			</report>
			<report>
				<misses>552900001</misses>
				<total>9</total>
				<timestamp>5469.567079</timestamp>
			</report>
			<report>
				<misses>553000001</misses>
				<total>9</total>
				<timestamp>5470.558087</timestamp>
			</report>
			<report>
				<misses>553100001</misses>
				<total>9</total>
				<timestamp>5471.548621</timestamp>
			</report>
			<report>
				<misses>553200001</misses>
				<total>9</total>
				<timestamp>5472.538611</timestamp>
			</report>
			<report>
				<misses>553300001</misses>
				<total>9</total>
				<timestamp>5473.528742</timestamp>
			</report>
			<report>
				<misses>553400001</misses>
				<total>9</total>
				<timestamp>5474.521706</timestamp>
			</report>
			<report>
				<misses>553500001</misses>
				<total>9</total>
				<timestamp>5475.512625</timestamp>
			</report>
			<report>
				<misses>553600001</misses>
				<total>9</total>
				<timestamp>5476.503148</timestamp>
			</report>
			<report>
				<misses>553700001</misses>
				<total>9</total>
				<timestamp>5477.493269</timestamp>
			</report>
			<report>
				<misses>553800001</misses>
				<total>9</total>
				<timestamp>5478.484044</timestamp>
			</report>
			<report>
				<misses>553900001</misses>
				<total>9</total>
				<timestamp>5479.474814</timestamp>
			</report>
			<report>
				<misses>554000001</misses>
				<total>9</total>
				<timestamp>5480.465202</timestamp>
			</report>
			<report>
				<misses>554100001</misses>
				<total>9</total>
				<timestamp>5481.456101</timestamp>
			</report>
			<report>
				<misses>554200001</misses>
				<total>9</total>
				<timestamp>5482.447125</timestamp>
			</report>
			<report>
				<misses>554300001</misses>
				<total>9</total>
				<timestamp>5483.437261</timestamp>
			</report>
			<report>
				<misses>554400001</misses>
				<total>9</total>
				<timestamp>5484.427635</timestamp>
			</report>
			<report>
				<misses>554500001</misses>
				<total>9</total>
				<timestamp>5485.418411</timestamp>
			</report>
			<report>
				<misses>554600001</misses>
				<total>9</total>
				<timestamp>5486.408274</timestamp>
			</report>
			<report>
				<misses>554700001</misses>
				<total>9</total>
				<timestamp>5487.398793</timestamp>
			</report>
			<report>
				<misses>554800001</misses>
				<total>9</total>
				<timestamp>5488.390466</timestamp>
			</report>
			<report>
				<misses>554900001</misses>
				<total>9</total>
				<timestamp>5489.381648</timestamp>
			</report>
			<report>
				<misses>555000001</misses>
				<total>9</total>
				<timestamp>5490.372028</timestamp>
			</report>
			<report>
				<misses>555100001</misses>
				<total>9</total>
				<timestamp>5491.363181</timestamp>
			</report>
			<report>
				<misses>555200001</misses>
				<total>9</total>
				<timestamp>5492.354338</timestamp>
			</report>
			<report>
				<misses>555300001</misses>
				<total>9</total>
				<timestamp>5493.344994</timestamp>
			</report>
			<report>
				<misses>555400001</misses>
				<total>9</total>
				<timestamp>5494.334984</timestamp>
			</report>
			<report>
				<misses>555500001</misses>
				<total>9</total>
				<timestamp>5495.325895</timestamp>
			</report>
			<report>
				<misses>555600001</misses>
				<total>9</total>
				<timestamp>5496.317041</timestamp>
			</report>
			<report>
				<misses>555700001</misses>
				<total>9</total>
				<timestamp>5497.307189</timestamp>
			</report>
			<report>
				<misses>555800001</misses>
				<total>9</total>
				<timestamp>5498.297946</timestamp>
			</report>
			<report>
				<misses>555900001</misses>
				<total>9</total>
				<timestamp>5499.287836</timestamp>
			</report>
			<report>
				<misses>556000001</misses>
				<total>9</total>
				<timestamp>5500.277940</timestamp>
			</report>
			<report>
				<misses>556100001</misses>
				<total>9</total>
				<timestamp>5501.268205</timestamp>
			</report>
			<report>
				<misses>556200001</misses>
				<total>9</total>
				<timestamp>5502.258199</timestamp>
			</report>
			<report>
				<misses>556300001</misses>
				<total>9</total>
				<timestamp>5503.248610</timestamp>
			</report>
			<report>
				<misses>556400001</misses>
				<total>9</total>
				<timestamp>5504.239242</timestamp>
			</report>
			<report>
				<misses>556500001</misses>
				<total>9</total>
				<timestamp>5505.229761</timestamp>
			</report>
			<report>
				<misses>556600001</misses>
				<total>9</total>
				<timestamp>5506.221297</timestamp>
			</report>
			<report>
				<misses>556700001</misses>
				<total>9</total>
				<timestamp>5507.211444</timestamp>
			</report>
			<report>
				<misses>556800001</misses>
				<total>9</total>
				<timestamp>5508.201955</timestamp>
			</report>
			<report>
				<misses>556900001</misses>
				<total>9</total>
				<timestamp>5509.193118</timestamp>
			</report>
			<report>
				<misses>557000001</misses>
				<total>9</total>
				<timestamp>5510.183487</timestamp>
			</report>
			<report>
				<misses>557100001</misses>
				<total>9</total>
				<timestamp>5511.174659</timestamp>
			</report>
			<report>
				<misses>557200001</misses>
				<total>9</total>
				<timestamp>5512.165960</timestamp>
			</report>
			<report>
				<misses>557300001</misses>
				<total>9</total>
				<timestamp>5513.156345</timestamp>
			</report>
			<report>
				<misses>557400001</misses>
				<total>9</total>
				<timestamp>5514.146473</timestamp>
			</report>
			<report>
				<misses>557500001</misses>
				<total>9</total>
				<timestamp>5515.136859</timestamp>
			</report>
			<report>
				<misses>557600001</misses>
				<total>9</total>
				<timestamp>5516.127503</timestamp>
			</report>
			<report>
				<misses>557700001</misses>
				<total>9</total>
				<timestamp>5517.118144</timestamp>
			</report>
			<report>
				<misses>557800001</misses>
				<total>9</total>
				<timestamp>5518.109172</timestamp>
			</report>
			<report>
				<misses>557900001</misses>
				<total>9</total>
				<timestamp>5519.099438</timestamp>
			</report>
			<report>
				<misses>558000001</misses>
				<total>9</total>
				<timestamp>5520.089946</timestamp>
			</report>
			<report>
				<misses>558100001</misses>
				<total>9</total>
				<timestamp>5521.080599</timestamp>
			</report>
			<report>
				<misses>558200001</misses>
				<total>9</total>
				<timestamp>5522.071765</timestamp>
			</report>
			<report>
				<misses>558300001</misses>
				<total>9</total>
				<timestamp>5523.062915</timestamp>
			</report>
			<report>
				<misses>558400001</misses>
				<total>9</total>
				<timestamp>5524.054595</timestamp>
			</report>
			<report>
				<misses>558500001</misses>
				<total>9</total>
				<timestamp>5525.043100</timestamp>
			</report>
			<report>
				<misses>558600001</misses>
				<total>9</total>
				<timestamp>5526.018670</timestamp>
			</report>
			<report>
				<misses>558700001</misses>
				<total>9</total>
				<timestamp>5526.994629</timestamp>
			</report>
			<report>
				<misses>558800001</misses>
				<total>9</total>
				<timestamp>5527.970075</timestamp>
			</report>
			<report>
				<misses>558900001</misses>
				<total>9</total>
				<timestamp>5528.944864</timestamp>
			</report>
			<report>
				<misses>559000001</misses>
				<total>9</total>
				<timestamp>5529.921470</timestamp>
			</report>
			<report>
				<misses>559100001</misses>
				<total>9</total>
				<timestamp>5530.897301</timestamp>
			</report>
			<report>
				<misses>559200001</misses>
				<total>9</total>
				<timestamp>5531.873906</timestamp>
			</report>
			<report>
				<misses>559300001</misses>
				<total>9</total>
				<timestamp>5532.849486</timestamp>
			</report>
			<report>
				<misses>559400001</misses>
				<total>9</total>
				<timestamp>5533.825666</timestamp>
			</report>
			<report>
				<misses>559500001</misses>
				<total>9</total>
				<timestamp>5534.801751</timestamp>
			</report>
			<report>
				<misses>559600001</misses>
				<total>9</total>
				<timestamp>5535.777449</timestamp>
			</report>
			<report>
				<misses>559700001</misses>
				<total>9</total>
				<timestamp>5536.764378</timestamp>
			</report>
			<report>
				<misses>559800001</misses>
				<total>9</total>
				<timestamp>5537.753622</timestamp>
			</report>
			<report>
				<misses>559900001</misses>
				<total>9</total>
				<timestamp>5538.742109</timestamp>
			</report>
			<report>
				<misses>560000001</misses>
				<total>9</total>
				<timestamp>5539.731202</timestamp>
			</report>
			<report>
				<misses>560100001</misses>
				<total>9</total>
				<timestamp>5540.719905</timestamp>
			</report>
			<report>
				<misses>560200001</misses>
				<total>9</total>
				<timestamp>5541.708642</timestamp>
			</report>
			<report>
				<misses>560300001</misses>
				<total>9</total>
				<timestamp>5542.697386</timestamp>
			</report>
			<report>
				<misses>560400001</misses>
				<total>9</total>
				<timestamp>5543.686749</timestamp>
			</report>
			<report>
				<misses>560500001</misses>
				<total>9</total>
				<timestamp>5544.675353</timestamp>
			</report>
			<report>
				<misses>560600001</misses>
				<total>9</total>
				<timestamp>5545.664885</timestamp>
			</report>
			<report>
				<misses>560700001</misses>
				<total>9</total>
				<timestamp>5546.654383</timestamp>
			</report>
			<report>
				<misses>560800001</misses>
				<total>9</total>
				<timestamp>5547.643359</timestamp>
			</report>
			<report>
				<misses>560900001</misses>
				<total>9</total>
				<timestamp>5548.632219</timestamp>
			</report>
			<report>
				<misses>561000001</misses>
				<total>9</total>
				<timestamp>5549.620826</timestamp>
			</report>
			<report>
				<misses>561100001</misses>
				<total>9</total>
				<timestamp>5550.609948</timestamp>
			</report>
			<report>
				<misses>561200001</misses>
				<total>9</total>
				<timestamp>5551.598428</timestamp>
			</report>
			<report>
				<misses>561300001</misses>
				<total>9</total>
				<timestamp>5552.587417</timestamp>
			</report>
			<report>
				<misses>561400001</misses>
				<total>9</total>
				<timestamp>5553.576414</timestamp>
			</report>
			<report>
				<misses>561500001</misses>
				<total>9</total>
				<timestamp>5554.565649</timestamp>
			</report>
			<report>
				<misses>561600001</misses>
				<total>9</total>
				<timestamp>5555.555151</timestamp>
			</report>
			<report>
				<misses>561700001</misses>
				<total>9</total>
				<timestamp>5556.543757</timestamp>
			</report>
			<report>
				<misses>561800001</misses>
				<total>9</total>
				<timestamp>5557.532489</timestamp>
			</report>
			<report>
				<misses>561900001</misses>
				<total>9</total>
				<timestamp>5558.522123</timestamp>
			</report>
			<report>
				<misses>562000001</misses>
				<total>9</total>
				<timestamp>5559.511499</timestamp>
			</report>
			<report>
				<misses>562100001</misses>
				<total>9</total>
				<timestamp>5560.500367</timestamp>
			</report>
			<report>
				<misses>562200001</misses>
				<total>9</total>
				<timestamp>5561.489073</timestamp>
			</report>
			<report>
				<misses>562300001</misses>
				<total>9</total>
				<timestamp>5562.478969</timestamp>
			</report>
			<report>
				<misses>562400001</misses>
				<total>9</total>
				<timestamp>5563.468221</timestamp>
			</report>
			<report>
				<misses>562500001</misses>
				<total>9</total>
				<timestamp>5564.457331</timestamp>
			</report>
			<report>
				<misses>562600001</misses>
				<total>9</total>
				<timestamp>5565.446305</timestamp>
			</report>
			<report>
				<misses>562700001</misses>
				<total>9</total>
				<timestamp>5566.434924</timestamp>
			</report>
			<report>
				<misses>562800001</misses>
				<total>9</total>
				<timestamp>5567.424659</timestamp>
			</report>
			<report>
				<misses>562900001</misses>
				<total>9</total>
				<timestamp>5568.413915</timestamp>
			</report>
			<report>
				<misses>563000001</misses>
				<total>9</total>
				<timestamp>5569.402247</timestamp>
			</report>
			<report>
				<misses>563100001</misses>
				<total>9</total>
				<timestamp>5570.390571</timestamp>
			</report>
			<report>
				<misses>563200001</misses>
				<total>9</total>
				<timestamp>5571.379684</timestamp>
			</report>
			<report>
				<misses>563300001</misses>
				<total>9</total>
				<timestamp>5572.368299</timestamp>
			</report>
			<report>
				<misses>563400001</misses>
				<total>9</total>
				<timestamp>5573.356511</timestamp>
			</report>
			<report>
				<misses>563500001</misses>
				<total>9</total>
				<timestamp>5574.345383</timestamp>
			</report>
			<report>
				<misses>563600001</misses>
				<total>9</total>
				<timestamp>5575.334710</timestamp>
			</report>
			<report>
				<misses>563700001</misses>
				<total>9</total>
				<timestamp>5576.323456</timestamp>
			</report>
			<report>
				<misses>563800001</misses>
				<total>9</total>
				<timestamp>5577.312701</timestamp>
			</report>
			<report>
				<misses>563900001</misses>
				<total>9</total>
				<timestamp>5578.302212</timestamp>
			</report>
			<report>
				<misses>564000001</misses>
				<total>9</total>
				<timestamp>5579.291327</timestamp>
			</report>
			<report>
				<misses>564100001</misses>
				<total>9</total>
				<timestamp>5580.279792</timestamp>
			</report>
			<report>
				<misses>564200001</misses>
				<total>9</total>
				<timestamp>5581.268139</timestamp>
			</report>
			<report>
				<misses>564300001</misses>
				<total>9</total>
				<timestamp>5582.257225</timestamp>
			</report>
			<report>
				<misses>564400001</misses>
				<total>9</total>
				<timestamp>5583.245571</timestamp>
			</report>
			<report>
				<misses>564500001</misses>
				<total>9</total>
				<timestamp>5584.234309</timestamp>
			</report>
			<report>
				<misses>564600001</misses>
				<total>9</total>
				<timestamp>5585.222918</timestamp>
			</report>
			<report>
				<misses>564700001</misses>
				<total>9</total>
				<timestamp>5586.211996</timestamp>
			</report>
			<report>
				<misses>564800001</misses>
				<total>9</total>
				<timestamp>5587.201248</timestamp>
			</report>
			<report>
				<misses>564900001</misses>
				<total>9</total>
				<timestamp>5588.190369</timestamp>
			</report>
			<report>
				<misses>565000001</misses>
				<total>9</total>
				<timestamp>5589.179491</timestamp>
			</report>
			<report>
				<misses>565100001</misses>
				<total>9</total>
				<timestamp>5590.168475</timestamp>
			</report>
			<report>
				<misses>565200001</misses>
				<total>9</total>
				<timestamp>5591.157081</timestamp>
			</report>
			<report>
				<misses>565300001</misses>
				<total>9</total>
				<timestamp>5592.145667</timestamp>
			</report>
			<report>
				<misses>565400001</misses>
				<total>9</total>
				<timestamp>5593.135301</timestamp>
			</report>
			<report>
				<misses>565500001</misses>
				<total>9</total>
				<timestamp>5594.125196</timestamp>
			</report>
			<report>
				<misses>565600001</misses>
				<total>9</total>
				<timestamp>5595.116515</timestamp>
			</report>
			<report>
				<misses>565700001</misses>
				<total>9</total>
				<timestamp>5596.107039</timestamp>
			</report>
			<report>
				<misses>565800001</misses>
				<total>9</total>
				<timestamp>5597.098225</timestamp>
			</report>
			<report>
				<misses>565900001</misses>
				<total>9</total>
				<timestamp>5598.089414</timestamp>
			</report>
			<report>
				<misses>566000001</misses>
				<total>9</total>
				<timestamp>5599.080603</timestamp>
			</report>
			<report>
				<misses>566100001</misses>
				<total>9</total>
				<timestamp>5600.071912</timestamp>
			</report>
			<report>
				<misses>566200001</misses>
				<total>9</total>
				<timestamp>5601.062954</timestamp>
			</report>
			<report>
				<misses>566300001</misses>
				<total>9</total>
				<timestamp>5602.054000</timestamp>
			</report>
			<report>
				<misses>566400001</misses>
				<total>9</total>
				<timestamp>5603.045040</timestamp>
			</report>
			<report>
				<misses>566500001</misses>
				<total>9</total>
				<timestamp>5604.036214</timestamp>
			</report>
			<report>
				<misses>566600001</misses>
				<total>9</total>
				<timestamp>5605.026884</timestamp>
			</report>
			<report>
				<misses>566700001</misses>
				<total>9</total>
				<timestamp>5606.017563</timestamp>
			</report>
			<report>
				<misses>566800001</misses>
				<total>9</total>
				<timestamp>5607.008233</timestamp>
			</report>
			<report>
				<misses>566900001</misses>
				<total>9</total>
				<timestamp>5607.999281</timestamp>
			</report>
			<report>
				<misses>567000001</misses>
				<total>9</total>
				<timestamp>5608.990077</timestamp>
			</report>
			<report>
				<misses>567100001</misses>
				<total>9</total>
				<timestamp>5609.981374</timestamp>
			</report>
			<report>
				<misses>567200001</misses>
				<total>9</total>
				<timestamp>5610.971652</timestamp>
			</report>
			<report>
				<misses>567300001</misses>
				<total>9</total>
				<timestamp>5611.962072</timestamp>
			</report>
			<report>
				<misses>567400001</misses>
				<total>9</total>
				<timestamp>5612.953212</timestamp>
			</report>
			<report>
				<misses>567500001</misses>
				<total>9</total>
				<timestamp>5613.944261</timestamp>
			</report>
			<report>
				<misses>567600001</misses>
				<total>9</total>
				<timestamp>5614.935591</timestamp>
			</report>
			<report>
				<misses>567700001</misses>
				<total>9</total>
				<timestamp>5615.927040</timestamp>
			</report>
			<report>
				<misses>567800001</misses>
				<total>9</total>
				<timestamp>5616.918614</timestamp>
			</report>
			<report>
				<misses>567900001</misses>
				<total>9</total>
				<timestamp>5617.910316</timestamp>
			</report>
			<report>
				<misses>568000001</misses>
				<total>9</total>
				<timestamp>5618.901743</timestamp>
			</report>
			<report>
				<misses>568100001</misses>
				<total>9</total>
				<timestamp>5619.893823</timestamp>
			</report>
			<report>
				<misses>568200001</misses>
				<total>9</total>
				<timestamp>5620.885269</timestamp>
			</report>
			<report>
				<misses>568300001</misses>
				<total>9</total>
				<timestamp>5621.876711</timestamp>
			</report>
			<report>
				<misses>568400001</misses>
				<total>9</total>
				<timestamp>5622.867898</timestamp>
			</report>
			<report>
				<misses>568500001</misses>
				<total>9</total>
				<timestamp>5623.859373</timestamp>
			</report>
			<report>
				<misses>568600001</misses>
				<total>9</total>
				<timestamp>5624.851081</timestamp>
			</report>
			<report>
				<misses>568700001</misses>
				<total>9</total>
				<timestamp>5625.842666</timestamp>
			</report>
			<report>
				<misses>568800001</misses>
				<total>9</total>
				<timestamp>5626.834632</timestamp>
			</report>
			<report>
				<misses>568900001</misses>
				<total>9</total>
				<timestamp>5627.826462</timestamp>
			</report>
			<report>
				<misses>569000001</misses>
				<total>9</total>
				<timestamp>5628.818409</timestamp>
			</report>
			<report>
				<misses>569100001</misses>
				<total>9</total>
				<timestamp>5629.809326</timestamp>
			</report>
			<report>
				<misses>569200001</misses>
				<total>9</total>
				<timestamp>5630.800133</timestamp>
			</report>
			<report>
				<misses>569300001</misses>
				<total>9</total>
				<timestamp>5631.792177</timestamp>
			</report>
			<report>
				<misses>569400001</misses>
				<total>9</total>
				<timestamp>5632.783468</timestamp>
			</report>
			<report>
				<misses>569500001</misses>
				<total>9</total>
				<timestamp>5633.774905</timestamp>
			</report>
			<report>
				<misses>569600001</misses>
				<total>9</total>
				<timestamp>5634.766948</timestamp>
			</report>
			<report>
				<misses>569700001</misses>
				<total>9</total>
				<timestamp>5635.758754</timestamp>
			</report>
			<report>
				<misses>569800001</misses>
				<total>9</total>
				<timestamp>5636.749784</timestamp>
			</report>
			<report>
				<misses>569900001</misses>
				<total>9</total>
				<timestamp>5637.740428</timestamp>
			</report>
			<report>
				<misses>570000001</misses>
				<total>9</total>
				<timestamp>5638.731972</timestamp>
			</report>
			<report>
				<misses>570100001</misses>
				<total>9</total>
				<timestamp>5639.723536</timestamp>
			</report>
			<report>
				<misses>570200001</misses>
				<total>9</total>
				<timestamp>5640.714469</timestamp>
			</report>
			<report>
				<misses>570300001</misses>
				<total>9</total>
				<timestamp>5641.705784</timestamp>
			</report>
			<report>
				<misses>570400001</misses>
				<total>9</total>
				<timestamp>5642.697357</timestamp>
			</report>
			<report>
				<misses>570500001</misses>
				<total>9</total>
				<timestamp>5643.688143</timestamp>
			</report>
			<report>
				<misses>570600001</misses>
				<total>9</total>
				<timestamp>5644.679563</timestamp>
			</report>
			<report>
				<misses>570700001</misses>
				<total>9</total>
				<timestamp>5645.671260</timestamp>
			</report>
			<report>
				<misses>570800001</misses>
				<total>9</total>
				<timestamp>5646.662413</timestamp>
			</report>
			<report>
				<misses>570900001</misses>
				<total>9</total>
				<timestamp>5647.653856</timestamp>
			</report>
			<report>
				<misses>571000001</misses>
				<total>9</total>
				<timestamp>5648.644522</timestamp>
			</report>
			<report>
				<misses>571100001</misses>
				<total>9</total>
				<timestamp>5649.635855</timestamp>
			</report>
			<report>
				<misses>571200001</misses>
				<total>9</total>
				<timestamp>5650.626492</timestamp>
			</report>
			<report>
				<misses>571300001</misses>
				<total>9</total>
				<timestamp>5651.616909</timestamp>
			</report>
			<report>
				<misses>571400001</misses>
				<total>9</total>
				<timestamp>5652.608559</timestamp>
			</report>
			<report>
				<misses>571500001</misses>
				<total>9</total>
				<timestamp>5653.599203</timestamp>
			</report>
			<report>
				<misses>571600001</misses>
				<total>9</total>
				<timestamp>5654.589076</timestamp>
			</report>
			<report>
				<misses>571700001</misses>
				<total>9</total>
				<timestamp>5655.579973</timestamp>
			</report>
			<report>
				<misses>571800001</misses>
				<total>9</total>
				<timestamp>5656.571118</timestamp>
			</report>
			<report>
				<misses>571900001</misses>
				<total>9</total>
				<timestamp>5657.561652</timestamp>
			</report>
			<report>
				<misses>572000001</misses>
				<total>9</total>
				<timestamp>5658.552421</timestamp>
			</report>
			<report>
				<misses>572100001</misses>
				<total>9</total>
				<timestamp>5659.543199</timestamp>
			</report>
			<report>
				<misses>572200001</misses>
				<total>9</total>
				<timestamp>5660.534354</timestamp>
			</report>
			<report>
				<misses>572300001</misses>
				<total>9</total>
				<timestamp>5661.525239</timestamp>
			</report>
			<report>
				<misses>572400001</misses>
				<total>9</total>
				<timestamp>5662.515760</timestamp>
			</report>
			<report>
				<misses>572500001</misses>
				<total>9</total>
				<timestamp>5663.506418</timestamp>
			</report>
			<report>
				<misses>572600001</misses>
				<total>9</total>
				<timestamp>5664.496400</timestamp>
			</report>
			<report>
				<misses>572700001</misses>
				<total>9</total>
				<timestamp>5665.486938</timestamp>
			</report>
			<report>
				<misses>572800001</misses>
				<total>9</total>
				<timestamp>5666.477568</timestamp>
			</report>
			<report>
				<misses>572900001</misses>
				<total>9</total>
				<timestamp>5667.468361</timestamp>
			</report>
			<report>
				<misses>573000001</misses>
				<total>9</total>
				<timestamp>5668.458995</timestamp>
			</report>
			<report>
				<misses>573100001</misses>
				<total>9</total>
				<timestamp>5669.448992</timestamp>
			</report>
			<report>
				<misses>573200001</misses>
				<total>9</total>
				<timestamp>5670.440145</timestamp>
			</report>
			<report>
				<misses>573300001</misses>
				<total>9</total>
				<timestamp>5671.431324</timestamp>
			</report>
			<report>
				<misses>573400001</misses>
				<total>9</total>
				<timestamp>5672.422343</timestamp>
			</report>
			<report>
				<misses>573500001</misses>
				<total>9</total>
				<timestamp>5673.412734</timestamp>
			</report>
			<report>
				<misses>573600001</misses>
				<total>9</total>
				<timestamp>5674.402981</timestamp>
			</report>
			<report>
				<misses>573700001</misses>
				<total>9</total>
				<timestamp>5675.393765</timestamp>
			</report>
			<report>
				<misses>573800001</misses>
				<total>9</total>
				<timestamp>5676.385053</timestamp>
			</report>
			<report>
				<misses>573900001</misses>
				<total>9</total>
				<timestamp>5677.376216</timestamp>
			</report>
			<report>
				<misses>574000001</misses>
				<total>9</total>
				<timestamp>5678.366214</timestamp>
			</report>
			<report>
				<misses>574100001</misses>
				<total>9</total>
				<timestamp>5679.357109</timestamp>
			</report>
			<report>
				<misses>574200001</misses>
				<total>9</total>
				<timestamp>5680.347238</timestamp>
			</report>
			<report>
				<misses>574300001</misses>
				<total>9</total>
				<timestamp>5681.338150</timestamp>
			</report>
			<report>
				<misses>574400001</misses>
				<total>9</total>
				<timestamp>5682.328926</timestamp>
			</report>
			<report>
				<misses>574500001</misses>
				<total>9</total>
				<timestamp>5683.319939</timestamp>
			</report>
			<report>
				<misses>574600001</misses>
				<total>9</total>
				<timestamp>5684.310197</timestamp>
			</report>
			<report>
				<misses>574700001</misses>
				<total>9</total>
				<timestamp>5685.301104</timestamp>
			</report>
			<report>
				<misses>574800001</misses>
				<total>9</total>
				<timestamp>5686.291766</timestamp>
			</report>
			<report>
				<misses>574900001</misses>
				<total>9</total>
				<timestamp>5687.282708</timestamp>
			</report>
			<report>
				<misses>575000001</misses>
				<total>9</total>
				<timestamp>5688.273730</timestamp>
			</report>
			<report>
				<misses>575100001</misses>
				<total>9</total>
				<timestamp>5689.265283</timestamp>
			</report>
			<report>
				<misses>575200001</misses>
				<total>9</total>
				<timestamp>5690.255176</timestamp>
			</report>
			<report>
				<misses>575300001</misses>
				<total>9</total>
				<timestamp>5691.246186</timestamp>
			</report>
			<report>
				<misses>575400001</misses>
				<total>9</total>
				<timestamp>5692.236193</timestamp>
			</report>
			<report>
				<misses>575500001</misses>
				<total>9</total>
				<timestamp>5693.227763</timestamp>
			</report>
			<report>
				<misses>575600001</misses>
				<total>9</total>
				<timestamp>5694.218389</timestamp>
			</report>
			<report>
				<misses>575700001</misses>
				<total>9</total>
				<timestamp>5695.208540</timestamp>
			</report>
			<report>
				<misses>575800001</misses>
				<total>9</total>
				<timestamp>5696.199216</timestamp>
			</report>
			<report>
				<misses>575900001</misses>
				<total>9</total>
				<timestamp>5697.189736</timestamp>
			</report>
			<report>
				<misses>576000001</misses>
				<total>9</total>
				<timestamp>5698.181305</timestamp>
			</report>
			<report>
				<misses>576100001</misses>
				<total>9</total>
				<timestamp>5699.172488</timestamp>
			</report>
			<report>
				<misses>576200001</misses>
				<total>9</total>
				<timestamp>5700.163925</timestamp>
			</report>
			<report>
				<misses>576300001</misses>
				<total>9</total>
				<timestamp>5701.155369</timestamp>
			</report>
			<report>
				<misses>576400001</misses>
				<total>9</total>
				<timestamp>5702.146296</timestamp>
			</report>
			<report>
				<misses>576500001</misses>
				<total>9</total>
				<timestamp>5703.137611</timestamp>
			</report>
			<report>
				<misses>576600001</misses>
				<total>9</total>
				<timestamp>5704.128673</timestamp>
			</report>
			<report>
				<misses>576700001</misses>
				<total>9</total>
				<timestamp>5705.119561</timestamp>
			</report>
			<report>
				<misses>576800001</misses>
				<total>9</total>
				<timestamp>5706.110098</timestamp>
			</report>
			<report>
				<misses>576900001</misses>
				<total>9</total>
				<timestamp>5707.100491</timestamp>
			</report>
			<report>
				<misses>577000001</misses>
				<total>9</total>
				<timestamp>5708.091264</timestamp>
			</report>
			<report>
				<misses>577100001</misses>
				<total>9</total>
				<timestamp>5709.082313</timestamp>
			</report>
			<report>
				<misses>577200001</misses>
				<total>9</total>
				<timestamp>5710.072733</timestamp>
			</report>
			<report>
				<misses>577300001</misses>
				<total>9</total>
				<timestamp>5711.064652</timestamp>
			</report>
			<report>
				<misses>577400001</misses>
				<total>9</total>
				<timestamp>5712.055687</timestamp>
			</report>
			<report>
				<misses>577500001</misses>
				<total>9</total>
				<timestamp>5713.046087</timestamp>
			</report>
			<report>
				<misses>577600001</misses>
				<total>9</total>
				<timestamp>5714.037390</timestamp>
			</report>
			<report>
				<misses>577700001</misses>
				<total>9</total>
				<timestamp>5715.028189</timestamp>
			</report>
			<report>
				<misses>577800001</misses>
				<total>9</total>
				<timestamp>5716.019374</timestamp>
			</report>
			<report>
				<misses>577900001</misses>
				<total>9</total>
				<timestamp>5717.010563</timestamp>
			</report>
			<report>
				<misses>578000001</misses>
				<total>9</total>
				<timestamp>5718.001890</timestamp>
			</report>
			<report>
				<misses>578100001</misses>
				<total>9</total>
				<timestamp>5718.992889</timestamp>
			</report>
			<report>
				<misses>578200001</misses>
				<total>9</total>
				<timestamp>5719.983820</timestamp>
			</report>
			<report>
				<misses>578300001</misses>
				<total>9</total>
				<timestamp>5720.975746</timestamp>
			</report>
			<report>
				<misses>578400001</misses>
				<total>9</total>
				<timestamp>5721.967318</timestamp>
			</report>
			<report>
				<misses>578500001</misses>
				<total>9</total>
				<timestamp>5722.959139</timestamp>
			</report>
			<report>
				<misses>578600001</misses>
				<total>9</total>
				<timestamp>5723.949274</timestamp>
			</report>
			<report>
				<misses>578700001</misses>
				<total>9</total>
				<timestamp>5724.939818</timestamp>
			</report>
			<report>
				<misses>578800001</misses>
				<total>9</total>
				<timestamp>5725.931362</timestamp>
			</report>
			<report>
				<misses>578900001</misses>
				<total>9</total>
				<timestamp>5726.922662</timestamp>
			</report>
			<report>
				<misses>579000001</misses>
				<total>9</total>
				<timestamp>5727.912923</timestamp>
			</report>
			<report>
				<misses>579100001</misses>
				<total>9</total>
				<timestamp>5728.903963</timestamp>
			</report>
			<report>
				<misses>579200001</misses>
				<total>9</total>
				<timestamp>5729.895516</timestamp>
			</report>
			<report>
				<misses>579300001</misses>
				<total>9</total>
				<timestamp>5730.886932</timestamp>
			</report>
			<report>
				<misses>579400001</misses>
				<total>9</total>
				<timestamp>5731.877970</timestamp>
			</report>
			<report>
				<misses>579500001</misses>
				<total>9</total>
				<timestamp>5732.869019</timestamp>
			</report>
			<report>
				<misses>579600001</misses>
				<total>9</total>
				<timestamp>5733.859799</timestamp>
			</report>
			<report>
				<misses>579700001</misses>
				<total>9</total>
				<timestamp>5734.850071</timestamp>
			</report>
			<report>
				<misses>579800001</misses>
				<total>9</total>
				<timestamp>5735.840602</timestamp>
			</report>
			<report>
				<misses>579900001</misses>
				<total>9</total>
				<timestamp>5736.831382</timestamp>
			</report>
			<report>
				<misses>580000001</misses>
				<total>9</total>
				<timestamp>5737.821512</timestamp>
			</report>
			<report>
				<misses>580100001</misses>
				<total>9</total>
				<timestamp>5738.812420</timestamp>
			</report>
			<report>
				<misses>580200001</misses>
				<total>9</total>
				<timestamp>5739.803079</timestamp>
			</report>
			<report>
				<misses>580300001</misses>
				<total>9</total>
				<timestamp>5740.793614</timestamp>
			</report>
			<report>
				<misses>580400001</misses>
				<total>9</total>
				<timestamp>5741.783752</timestamp>
			</report>
			<report>
				<misses>580500001</misses>
				<total>9</total>
				<timestamp>5742.774802</timestamp>
			</report>
			<report>
				<misses>580600001</misses>
				<total>9</total>
				<timestamp>5743.766103</timestamp>
			</report>
			<report>
				<misses>580700001</misses>
				<total>9</total>
				<timestamp>5744.757254</timestamp>
			</report>
			<report>
				<misses>580800001</misses>
				<total>9</total>
				<timestamp>5745.748679</timestamp>
			</report>
			<report>
				<misses>580900001</misses>
				<total>9</total>
				<timestamp>5746.740505</timestamp>
			</report>
			<report>
				<misses>581000001</misses>
				<total>9</total>
				<timestamp>5747.731175</timestamp>
			</report>
			<report>
				<misses>581100001</misses>
				<total>9</total>
				<timestamp>5748.722620</timestamp>
			</report>
			<report>
				<misses>581200001</misses>
				<total>9</total>
				<timestamp>5749.713528</timestamp>
			</report>
			<report>
				<misses>581300001</misses>
				<total>9</total>
				<timestamp>5750.705223</timestamp>
			</report>
			<report>
				<misses>581400001</misses>
				<total>9</total>
				<timestamp>5751.696647</timestamp>
			</report>
			<report>
				<misses>581500001</misses>
				<total>9</total>
				<timestamp>5752.688336</timestamp>
			</report>
			<report>
				<misses>581600001</misses>
				<total>9</total>
				<timestamp>5753.679003</timestamp>
			</report>
			<report>
				<misses>581700001</misses>
				<total>9</total>
				<timestamp>5754.670711</timestamp>
			</report>
			<report>
				<misses>581800001</misses>
				<total>9</total>
				<timestamp>5755.662127</timestamp>
			</report>
			<report>
				<misses>581900001</misses>
				<total>9</total>
				<timestamp>5756.653162</timestamp>
			</report>
			<report>
				<misses>582000001</misses>
				<total>9</total>
				<timestamp>5757.643814</timestamp>
			</report>
			<report>
				<misses>582100001</misses>
				<total>9</total>
				<timestamp>5758.634471</timestamp>
			</report>
			<report>
				<misses>582200001</misses>
				<total>9</total>
				<timestamp>5759.626182</timestamp>
			</report>
			<report>
				<misses>582300001</misses>
				<total>9</total>
				<timestamp>5760.617592</timestamp>
			</report>
			<report>
				<misses>582400001</misses>
				<total>9</total>
				<timestamp>5761.607863</timestamp>
			</report>
			<report>
				<misses>582500001</misses>
				<total>9</total>
				<timestamp>5762.599546</timestamp>
			</report>
			<report>
				<misses>582600001</misses>
				<total>9</total>
				<timestamp>5763.590347</timestamp>
			</report>
			<report>
				<misses>582700001</misses>
				<total>9</total>
				<timestamp>5764.581416</timestamp>
			</report>
			<report>
				<misses>582800001</misses>
				<total>9</total>
				<timestamp>5765.572421</timestamp>
			</report>
			<report>
				<misses>582900001</misses>
				<total>9</total>
				<timestamp>5766.563729</timestamp>
			</report>
			<report>
				<misses>583000001</misses>
				<total>9</total>
				<timestamp>5767.554658</timestamp>
			</report>
			<report>
				<misses>583100001</misses>
				<total>9</total>
				<timestamp>5768.546094</timestamp>
			</report>
			<report>
				<misses>583200001</misses>
				<total>9</total>
				<timestamp>5769.537145</timestamp>
			</report>
			<report>
				<misses>583300001</misses>
				<total>9</total>
				<timestamp>5770.528726</timestamp>
			</report>
			<report>
				<misses>583400001</misses>
				<total>9</total>
				<timestamp>5771.519744</timestamp>
			</report>
			<report>
				<misses>583500001</misses>
				<total>9</total>
				<timestamp>5772.510270</timestamp>
			</report>
			<report>
				<misses>583600001</misses>
				<total>9</total>
				<timestamp>5773.501709</timestamp>
			</report>
			<report>
				<misses>583700001</misses>
				<total>9</total>
				<timestamp>5774.492974</timestamp>
			</report>
			<report>
				<misses>583800001</misses>
				<total>9</total>
				<timestamp>5775.484146</timestamp>
			</report>
			<report>
				<misses>583900001</misses>
				<total>9</total>
				<timestamp>5776.475451</timestamp>
			</report>
			<report>
				<misses>584000001</misses>
				<total>9</total>
				<timestamp>5777.466735</timestamp>
			</report>
			<report>
				<misses>584100001</misses>
				<total>9</total>
				<timestamp>5778.457253</timestamp>
			</report>
			<report>
				<misses>584200001</misses>
				<total>9</total>
				<timestamp>5779.448819</timestamp>
			</report>
			<report>
				<misses>584300001</misses>
				<total>9</total>
				<timestamp>5780.438958</timestamp>
			</report>
			<report>
				<misses>584400001</misses>
				<total>9</total>
				<timestamp>5781.429736</timestamp>
			</report>
			<report>
				<misses>584500001</misses>
				<total>9</total>
				<timestamp>5782.420526</timestamp>
			</report>
			<report>
				<misses>584600001</misses>
				<total>9</total>
				<timestamp>5783.411987</timestamp>
			</report>
			<report>
				<misses>584700001</misses>
				<total>9</total>
				<timestamp>5784.402656</timestamp>
			</report>
			<report>
				<misses>584800001</misses>
				<total>9</total>
				<timestamp>5785.393329</timestamp>
			</report>
			<report>
				<misses>584900001</misses>
				<total>9</total>
				<timestamp>5786.384249</timestamp>
			</report>
			<report>
				<misses>585000001</misses>
				<total>9</total>
				<timestamp>5787.375517</timestamp>
			</report>
			<report>
				<misses>585100001</misses>
				<total>9</total>
				<timestamp>5788.366683</timestamp>
			</report>
			<report>
				<misses>585200001</misses>
				<total>9</total>
				<timestamp>5789.357615</timestamp>
			</report>
			<report>
				<misses>585300001</misses>
				<total>9</total>
				<timestamp>5790.348932</timestamp>
			</report>
			<report>
				<misses>585400001</misses>
				<total>9</total>
				<timestamp>5791.340343</timestamp>
			</report>
			<report>
				<misses>585500001</misses>
				<total>9</total>
				<timestamp>5792.331394</timestamp>
			</report>
			<report>
				<misses>585600001</misses>
				<total>9</total>
				<timestamp>5793.322713</timestamp>
			</report>
			<report>
				<misses>585700001</misses>
				<total>9</total>
				<timestamp>5794.313990</timestamp>
			</report>
			<report>
				<misses>585800001</misses>
				<total>9</total>
				<timestamp>5795.305050</timestamp>
			</report>
			<report>
				<misses>585900001</misses>
				<total>9</total>
				<timestamp>5796.297654</timestamp>
			</report>
			<report>
				<misses>586000001</misses>
				<total>9</total>
				<timestamp>5797.289197</timestamp>
			</report>
			<report>
				<misses>586100001</misses>
				<total>9</total>
				<timestamp>5798.280387</timestamp>
			</report>
			<report>
				<misses>586200001</misses>
				<total>9</total>
				<timestamp>5799.271136</timestamp>
			</report>
			<report>
				<misses>586300001</misses>
				<total>9</total>
				<timestamp>5800.262440</timestamp>
			</report>
			<report>
				<misses>586400001</misses>
				<total>9</total>
				<timestamp>5801.253864</timestamp>
			</report>
			<report>
				<misses>586500001</misses>
				<total>9</total>
				<timestamp>5802.244904</timestamp>
			</report>
			<report>
				<misses>586600001</misses>
				<total>9</total>
				<timestamp>5803.235163</timestamp>
			</report>
			<report>
				<misses>586700001</misses>
				<total>9</total>
				<timestamp>5804.225947</timestamp>
			</report>
			<report>
				<misses>586800001</misses>
				<total>9</total>
				<timestamp>5805.216620</timestamp>
			</report>
			<report>
				<misses>586900001</misses>
				<total>9</total>
				<timestamp>5806.207149</timestamp>
			</report>
			<report>
				<misses>587000001</misses>
				<total>9</total>
				<timestamp>5807.198818</timestamp>
			</report>
			<report>
				<misses>587100001</misses>
				<total>9</total>
				<timestamp>5808.191391</timestamp>
			</report>
			<report>
				<misses>587200001</misses>
				<total>9</total>
				<timestamp>5809.182710</timestamp>
			</report>
			<report>
				<misses>587300001</misses>
				<total>9</total>
				<timestamp>5810.174145</timestamp>
			</report>
			<report>
				<misses>587400001</misses>
				<total>9</total>
				<timestamp>5811.164943</timestamp>
			</report>
			<report>
				<misses>587500001</misses>
				<total>9</total>
				<timestamp>5812.156117</timestamp>
			</report>
			<report>
				<misses>587600001</misses>
				<total>9</total>
				<timestamp>5813.147405</timestamp>
			</report>
			<report>
				<misses>587700001</misses>
				<total>9</total>
				<timestamp>5814.138072</timestamp>
			</report>
			<report>
				<misses>587800001</misses>
				<total>9</total>
				<timestamp>5815.128093</timestamp>
			</report>
			<report>
				<misses>587900001</misses>
				<total>9</total>
				<timestamp>5816.119926</timestamp>
			</report>
			<report>
				<misses>588000001</misses>
				<total>9</total>
				<timestamp>5817.111353</timestamp>
			</report>
			<report>
				<misses>588100001</misses>
				<total>9</total>
				<timestamp>5818.102274</timestamp>
			</report>
			<report>
				<misses>588200001</misses>
				<total>9</total>
				<timestamp>5819.092670</timestamp>
			</report>
			<report>
				<misses>588300001</misses>
				<total>9</total>
				<timestamp>5820.083589</timestamp>
			</report>
			<report>
				<misses>588400001</misses>
				<total>9</total>
				<timestamp>5821.074907</timestamp>
			</report>
			<report>
				<misses>588500001</misses>
				<total>9</total>
				<timestamp>5822.065939</timestamp>
			</report>
			<report>
				<misses>588600001</misses>
				<total>9</total>
				<timestamp>5823.056843</timestamp>
			</report>
			<report>
				<misses>588700001</misses>
				<total>9</total>
				<timestamp>5824.046864</timestamp>
			</report>
			<report>
				<misses>588800001</misses>
				<total>9</total>
				<timestamp>5825.037858</timestamp>
			</report>
			<report>
				<misses>588900001</misses>
				<total>9</total>
				<timestamp>5826.028971</timestamp>
			</report>
			<report>
				<misses>589000001</misses>
				<total>9</total>
				<timestamp>5827.019504</timestamp>
			</report>
			<report>
				<misses>589100001</misses>
				<total>9</total>
				<timestamp>5828.011052</timestamp>
			</report>
			<report>
				<misses>589200001</misses>
				<total>9</total>
				<timestamp>5829.002104</timestamp>
			</report>
			<report>
				<misses>589300001</misses>
				<total>9</total>
				<timestamp>5829.994041</timestamp>
			</report>
			<report>
				<misses>589400001</misses>
				<total>9</total>
				<timestamp>5830.984783</timestamp>
			</report>
			<report>
				<misses>589500001</misses>
				<total>9</total>
				<timestamp>5831.975446</timestamp>
			</report>
			<report>
				<misses>589600001</misses>
				<total>9</total>
				<timestamp>5832.966370</timestamp>
			</report>
			<report>
				<misses>589700001</misses>
				<total>9</total>
				<timestamp>5833.957295</timestamp>
			</report>
			<report>
				<misses>589800001</misses>
				<total>9</total>
				<timestamp>5834.948860</timestamp>
			</report>
			<report>
				<misses>589900001</misses>
				<total>9</total>
				<timestamp>5835.939522</timestamp>
			</report>
			<report>
				<misses>590000001</misses>
				<total>9</total>
				<timestamp>5836.930174</timestamp>
			</report>
			<report>
				<misses>590100001</misses>
				<total>9</total>
				<timestamp>5837.921227</timestamp>
			</report>
			<report>
				<misses>590200001</misses>
				<total>9</total>
				<timestamp>5838.912152</timestamp>
			</report>
			<report>
				<misses>590300001</misses>
				<total>9</total>
				<timestamp>5839.902820</timestamp>
			</report>
			<report>
				<misses>590400001</misses>
				<total>9</total>
				<timestamp>5840.893877</timestamp>
			</report>
			<report>
				<misses>590500001</misses>
				<total>9</total>
				<timestamp>5841.884420</timestamp>
			</report>
			<report>
				<misses>590600001</misses>
				<total>9</total>
				<timestamp>5842.875704</timestamp>
			</report>
			<report>
				<misses>590700001</misses>
				<total>9</total>
				<timestamp>5843.867407</timestamp>
			</report>
			<report>
				<misses>590800001</misses>
				<total>9</total>
				<timestamp>5844.858465</timestamp>
			</report>
			<report>
				<misses>590900001</misses>
				<total>9</total>
				<timestamp>5845.848216</timestamp>
			</report>
			<report>
				<misses>591000001</misses>
				<total>9</total>
				<timestamp>5846.839258</timestamp>
			</report>
			<report>
				<misses>591100001</misses>
				<total>9</total>
				<timestamp>5847.830679</timestamp>
			</report>
			<report>
				<misses>591200001</misses>
				<total>9</total>
				<timestamp>5848.821210</timestamp>
			</report>
			<report>
				<misses>591300001</misses>
				<total>9</total>
				<timestamp>5849.812403</timestamp>
			</report>
			<report>
				<misses>591400001</misses>
				<total>9</total>
				<timestamp>5850.803186</timestamp>
			</report>
			<report>
				<misses>591500001</misses>
				<total>9</total>
				<timestamp>5851.794086</timestamp>
			</report>
			<report>
				<misses>591600001</misses>
				<total>9</total>
				<timestamp>5852.784756</timestamp>
			</report>
			<report>
				<misses>591700001</misses>
				<total>9</total>
				<timestamp>5853.776154</timestamp>
			</report>
			<report>
				<misses>591800001</misses>
				<total>9</total>
				<timestamp>5854.767453</timestamp>
			</report>
			<report>
				<misses>591900001</misses>
				<total>9</total>
				<timestamp>5855.753611</timestamp>
			</report>
			<report>
				<misses>592000001</misses>
				<total>9</total>
				<timestamp>5856.729568</timestamp>
			</report>
			<report>
				<misses>592100001</misses>
				<total>9</total>
				<timestamp>5857.704998</timestamp>
			</report>
			<report>
				<misses>592200001</misses>
				<total>9</total>
				<timestamp>5858.681712</timestamp>
			</report>
			<report>
				<misses>592300001</misses>
				<total>9</total>
				<timestamp>5859.658184</timestamp>
			</report>
			<report>
				<misses>592400001</misses>
				<total>9</total>
				<timestamp>5860.632202</timestamp>
			</report>
			<report>
				<misses>592500001</misses>
				<total>9</total>
				<timestamp>5861.608039</timestamp>
			</report>
			<report>
				<misses>592600001</misses>
				<total>9</total>
				<timestamp>5862.594202</timestamp>
			</report>
			<report>
				<misses>592700001</misses>
				<total>9</total>
				<timestamp>5863.585267</timestamp>
			</report>
			<report>
				<misses>592800001</misses>
				<total>9</total>
				<timestamp>5864.576465</timestamp>
			</report>
			<report>
				<misses>592900001</misses>
				<total>9</total>
				<timestamp>5865.567997</timestamp>
			</report>
			<report>
				<misses>593000001</misses>
				<total>9</total>
				<timestamp>5866.559176</timestamp>
			</report>
			<report>
				<misses>593100001</misses>
				<total>9</total>
				<timestamp>5867.550610</timestamp>
			</report>
			<report>
				<misses>593200001</misses>
				<total>9</total>
				<timestamp>5868.541401</timestamp>
			</report>
			<report>
				<misses>593300001</misses>
				<total>9</total>
				<timestamp>5869.531801</timestamp>
			</report>
			<report>
				<misses>593400001</misses>
				<total>9</total>
				<timestamp>5870.523358</timestamp>
			</report>
			<report>
				<misses>593500001</misses>
				<total>9</total>
				<timestamp>5871.514561</timestamp>
			</report>
			<report>
				<misses>593600001</misses>
				<total>9</total>
				<timestamp>5872.505635</timestamp>
			</report>
			<report>
				<misses>593700001</misses>
				<total>9</total>
				<timestamp>5873.496663</timestamp>
			</report>
			<report>
				<misses>593800001</misses>
				<total>9</total>
				<timestamp>5874.488704</timestamp>
			</report>
			<report>
				<misses>593900001</misses>
				<total>9</total>
				<timestamp>5875.479767</timestamp>
			</report>
			<report>
				<misses>594000001</misses>
				<total>9</total>
				<timestamp>5876.470687</timestamp>
			</report>
			<report>
				<misses>594100001</misses>
				<total>9</total>
				<timestamp>5877.461862</timestamp>
			</report>
			<report>
				<misses>594200001</misses>
				<total>9</total>
				<timestamp>5878.453170</timestamp>
			</report>
			<report>
				<misses>594300001</misses>
				<total>9</total>
				<timestamp>5879.443812</timestamp>
			</report>
			<report>
				<misses>594400001</misses>
				<total>9</total>
				<timestamp>5880.435637</timestamp>
			</report>
			<report>
				<misses>594500001</misses>
				<total>9</total>
				<timestamp>5881.426806</timestamp>
			</report>
			<report>
				<misses>594600001</misses>
				<total>9</total>
				<timestamp>5882.417993</timestamp>
			</report>
			<report>
				<misses>594700001</misses>
				<total>9</total>
				<timestamp>5883.408612</timestamp>
			</report>
			<report>
				<misses>594800001</misses>
				<total>9</total>
				<timestamp>5884.399663</timestamp>
			</report>
			<report>
				<misses>594900001</misses>
				<total>9</total>
				<timestamp>5885.390726</timestamp>
			</report>
			<report>
				<misses>595000001</misses>
				<total>9</total>
				<timestamp>5886.381630</timestamp>
			</report>
			<report>
				<misses>595100001</misses>
				<total>9</total>
				<timestamp>5887.373028</timestamp>
			</report>
			<report>
				<misses>595200001</misses>
				<total>9</total>
				<timestamp>5888.364591</timestamp>
			</report>
			<report>
				<misses>595300001</misses>
				<total>9</total>
				<timestamp>5889.355908</timestamp>
			</report>
			<report>
				<misses>595400001</misses>
				<total>9</total>
				<timestamp>5890.347206</timestamp>
			</report>
			<report>
				<misses>595500001</misses>
				<total>9</total>
				<timestamp>5891.338121</timestamp>
			</report>
			<report>
				<misses>595600001</misses>
				<total>9</total>
				<timestamp>5892.330076</timestamp>
			</report>
			<report>
				<misses>595700001</misses>
				<total>9</total>
				<timestamp>5893.321529</timestamp>
			</report>
			<report>
				<misses>595800001</misses>
				<total>9</total>
				<timestamp>5894.312977</timestamp>
			</report>
			<report>
				<misses>595900001</misses>
				<total>9</total>
				<timestamp>5895.303890</timestamp>
			</report>
			<report>
				<misses>596000001</misses>
				<total>9</total>
				<timestamp>5896.295072</timestamp>
			</report>
			<report>
				<misses>596100001</misses>
				<total>9</total>
				<timestamp>5897.286091</timestamp>
			</report>
			<report>
				<misses>596200001</misses>
				<total>9</total>
				<timestamp>5898.277410</timestamp>
			</report>
			<report>
				<misses>596300001</misses>
				<total>9</total>
				<timestamp>5899.268711</timestamp>
			</report>
			<report>
				<misses>596400001</misses>
				<total>9</total>
				<timestamp>5900.259890</timestamp>
			</report>
			<report>
				<misses>596500001</misses>
				<total>9</total>
				<timestamp>5901.251855</timestamp>
			</report>
			<report>
				<misses>596600001</misses>
				<total>9</total>
				<timestamp>5902.243414</timestamp>
			</report>
			<report>
				<misses>596700001</misses>
				<total>9</total>
				<timestamp>5903.234583</timestamp>
			</report>
			<report>
				<misses>596800001</misses>
				<total>9</total>
				<timestamp>5904.226026</timestamp>
			</report>
			<report>
				<misses>596900001</misses>
				<total>9</total>
				<timestamp>5905.216704</timestamp>
			</report>
			<report>
				<misses>597000001</misses>
				<total>9</total>
				<timestamp>5906.208030</timestamp>
			</report>
			<report>
				<misses>597100001</misses>
				<total>9</total>
				<timestamp>5907.199601</timestamp>
			</report>
			<report>
				<misses>597200001</misses>
				<total>9</total>
				<timestamp>5908.190658</timestamp>
			</report>
			<report>
				<misses>597300001</misses>
				<total>9</total>
				<timestamp>5909.181725</timestamp>
			</report>
			<report>
				<misses>597400001</misses>
				<total>9</total>
				<timestamp>5910.172626</timestamp>
			</report>
			<report>
				<misses>597500001</misses>
				<total>9</total>
				<timestamp>5911.163952</timestamp>
			</report>
			<report>
				<misses>597600001</misses>
				<total>9</total>
				<timestamp>5912.155355</timestamp>
			</report>
			<report>
				<misses>597700001</misses>
				<total>9</total>
				<timestamp>5913.146933</timestamp>
			</report>
			<report>
				<misses>597800001</misses>
				<total>9</total>
				<timestamp>5914.138604</timestamp>
			</report>
			<report>
				<misses>597900001</misses>
				<total>9</total>
				<timestamp>5915.129716</timestamp>
			</report>
			<report>
				<misses>598000001</misses>
				<total>9</total>
				<timestamp>5916.121125</timestamp>
			</report>
			<report>
				<misses>598100001</misses>
				<total>9</total>
				<timestamp>5917.111248</timestamp>
			</report>
			<report>
				<misses>598200001</misses>
				<total>9</total>
				<timestamp>5918.101513</timestamp>
			</report>
			<report>
				<misses>598300001</misses>
				<total>9</total>
				<timestamp>5919.092777</timestamp>
			</report>
			<report>
				<misses>598400001</misses>
				<total>9</total>
				<timestamp>5920.083591</timestamp>
			</report>
			<report>
				<misses>598500001</misses>
				<total>9</total>
				<timestamp>5921.074907</timestamp>
			</report>
			<report>
				<misses>598600001</misses>
				<total>9</total>
				<timestamp>5922.064746</timestamp>
			</report>
			<report>
				<misses>598700001</misses>
				<total>9</total>
				<timestamp>5923.055256</timestamp>
			</report>
			<report>
				<misses>598800001</misses>
				<total>9</total>
				<timestamp>5924.046167</timestamp>
			</report>
			<report>
				<misses>598900001</misses>
				<total>9</total>
				<timestamp>5925.037203</timestamp>
			</report>
			<report>
				<misses>599000001</misses>
				<total>9</total>
				<timestamp>5926.027461</timestamp>
			</report>
			<report>
				<misses>599100001</misses>
				<total>9</total>
				<timestamp>5927.017962</timestamp>
			</report>
			<report>
				<misses>599200001</misses>
				<total>9</total>
				<timestamp>5928.008880</timestamp>
			</report>
			<report>
				<misses>599300001</misses>
				<total>9</total>
				<timestamp>5928.999785</timestamp>
			</report>
			<report>
				<misses>599400001</misses>
				<total>9</total>
				<timestamp>5929.989764</timestamp>
			</report>
			<report>
				<misses>599500001</misses>
				<total>9</total>
				<timestamp>5930.980795</timestamp>
			</report>
			<report>
				<misses>599600001</misses>
				<total>9</total>
				<timestamp>5931.971450</timestamp>
			</report>
			<report>
				<misses>599700001</misses>
				<total>9</total>
				<timestamp>5932.961438</timestamp>
			</report>
			<report>
				<misses>599800001</misses>
				<total>9</total>
				<timestamp>5933.953883</timestamp>
			</report>
			<report>
				<misses>599900001</misses>
				<total>9</total>
				<timestamp>5934.945060</timestamp>
			</report>
			<report>
				<misses>600000001</misses>
				<total>9</total>
				<timestamp>5935.936206</timestamp>
			</report>
			<report>
				<misses>600100001</misses>
				<total>9</total>
				<timestamp>5936.926730</timestamp>
			</report>
			<report>
				<misses>600200001</misses>
				<total>9</total>
				<timestamp>5937.917903</timestamp>
			</report>
			<report>
				<misses>600300001</misses>
				<total>9</total>
				<timestamp>5938.908918</timestamp>
			</report>
			<report>
				<misses>600400001</misses>
				<total>9</total>
				<timestamp>5939.899818</timestamp>
			</report>
			<report>
				<misses>600500001</misses>
				<total>9</total>
				<timestamp>5940.890345</timestamp>
			</report>
			<report>
				<misses>600600001</misses>
				<total>9</total>
				<timestamp>5941.880865</timestamp>
			</report>
			<report>
				<misses>600700001</misses>
				<total>9</total>
				<timestamp>5942.871256</timestamp>
			</report>
			<report>
				<misses>600800001</misses>
				<total>9</total>
				<timestamp>5943.862031</timestamp>
			</report>
			<report>
				<misses>600900001</misses>
				<total>9</total>
				<timestamp>5944.853561</timestamp>
			</report>
			<report>
				<misses>601000001</misses>
				<total>9</total>
				<timestamp>5945.843824</timestamp>
			</report>
			<report>
				<misses>601100001</misses>
				<total>9</total>
				<timestamp>5946.834334</timestamp>
			</report>
			<report>
				<misses>601200001</misses>
				<total>9</total>
				<timestamp>5947.825254</timestamp>
			</report>
			<report>
				<misses>601300001</misses>
				<total>9</total>
				<timestamp>5948.815885</timestamp>
			</report>
			<report>
				<misses>601400001</misses>
				<total>9</total>
				<timestamp>5949.805895</timestamp>
			</report>
			<report>
				<misses>601500001</misses>
				<total>9</total>
				<timestamp>5950.797685</timestamp>
			</report>
			<report>
				<misses>601600001</misses>
				<total>9</total>
				<timestamp>5951.788093</timestamp>
			</report>
			<report>
				<misses>601700001</misses>
				<total>9</total>
				<timestamp>5952.779112</timestamp>
			</report>
			<report>
				<misses>601800001</misses>
				<total>9</total>
				<timestamp>5953.770136</timestamp>
			</report>
			<report>
				<misses>601900001</misses>
				<total>9</total>
				<timestamp>5954.759498</timestamp>
			</report>
			<report>
				<misses>602000001</misses>
				<total>9</total>
				<timestamp>5955.750394</timestamp>
			</report>
			<report>
				<misses>602100001</misses>
				<total>9</total>
				<timestamp>5956.740659</timestamp>
			</report>
			<report>
				<misses>602200001</misses>
				<total>9</total>
				<timestamp>5957.731551</timestamp>
			</report>
			<report>
				<misses>602300001</misses>
				<total>9</total>
				<timestamp>5958.721953</timestamp>
			</report>
			<report>
				<misses>602400001</misses>
				<total>9</total>
				<timestamp>5959.713512</timestamp>
			</report>
			<report>
				<misses>602500001</misses>
				<total>9</total>
				<timestamp>5960.704265</timestamp>
			</report>
			<report>
				<misses>602600001</misses>
				<total>9</total>
				<timestamp>5961.694656</timestamp>
			</report>
			<report>
				<misses>602700001</misses>
				<total>9</total>
				<timestamp>5962.685801</timestamp>
			</report>
			<report>
				<misses>602800001</misses>
				<total>9</total>
				<timestamp>5963.676208</timestamp>
			</report>
			<report>
				<misses>602900001</misses>
				<total>9</total>
				<timestamp>5964.667116</timestamp>
			</report>
			<report>
				<misses>603000001</misses>
				<total>9</total>
				<timestamp>5965.658515</timestamp>
			</report>
			<report>
				<misses>603100001</misses>
				<total>9</total>
				<timestamp>5966.649548</timestamp>
			</report>
			<report>
				<misses>603200001</misses>
				<total>9</total>
				<timestamp>5967.640200</timestamp>
			</report>
			<report>
				<misses>603300001</misses>
				<total>9</total>
				<timestamp>5968.631493</timestamp>
			</report>
			<report>
				<misses>603400001</misses>
				<total>9</total>
				<timestamp>5969.623048</timestamp>
			</report>
			<report>
				<misses>603500001</misses>
				<total>9</total>
				<timestamp>5970.614829</timestamp>
			</report>
			<report>
				<misses>603600001</misses>
				<total>9</total>
				<timestamp>5971.604847</timestamp>
			</report>
			<report>
				<misses>603700001</misses>
				<total>9</total>
				<timestamp>5972.595236</timestamp>
			</report>
			<report>
				<misses>603800001</misses>
				<total>9</total>
				<timestamp>5973.585756</timestamp>
			</report>
			<report>
				<misses>603900001</misses>
				<total>9</total>
				<timestamp>5974.577550</timestamp>
			</report>
			<report>
				<misses>604000001</misses>
				<total>9</total>
				<timestamp>5975.569497</timestamp>
			</report>
			<report>
				<misses>604100001</misses>
				<total>9</total>
				<timestamp>5976.560375</timestamp>
			</report>
			<report>
				<misses>604200001</misses>
				<total>9</total>
				<timestamp>5977.550888</timestamp>
			</report>
			<report>
				<misses>604300001</misses>
				<total>9</total>
				<timestamp>5978.541860</timestamp>
			</report>
			<report>
				<misses>604400001</misses>
				<total>9</total>
				<timestamp>5979.532903</timestamp>
			</report>
			<report>
				<misses>604500001</misses>
				<total>9</total>
				<timestamp>5980.523703</timestamp>
			</report>
			<report>
				<misses>604600001</misses>
				<total>9</total>
				<timestamp>5981.514724</timestamp>
			</report>
			<report>
				<misses>604700001</misses>
				<total>9</total>
				<timestamp>5982.506666</timestamp>
			</report>
			<report>
				<misses>604800001</misses>
				<total>9</total>
				<timestamp>5983.496675</timestamp>
			</report>
			<report>
				<misses>604900001</misses>
				<total>9</total>
				<timestamp>5984.487717</timestamp>
			</report>
			<report>
				<misses>605000001</misses>
				<total>9</total>
				<timestamp>5985.478630</timestamp>
			</report>
			<report>
				<misses>605100001</misses>
				<total>9</total>
				<timestamp>5986.469416</timestamp>
			</report>
			<report>
				<misses>605200001</misses>
				<total>9</total>
				<timestamp>5987.460199</timestamp>
			</report>
			<report>
				<misses>605300001</misses>
				<total>9</total>
				<timestamp>5988.450988</timestamp>
			</report>
			<report>
				<misses>605400001</misses>
				<total>9</total>
				<timestamp>5989.441788</timestamp>
			</report>
			<report>
				<misses>605500001</misses>
				<total>9</total>
				<timestamp>5990.431424</timestamp>
			</report>
			<report>
				<misses>605600001</misses>
				<total>9</total>
				<timestamp>5991.421823</timestamp>
			</report>
			<report>
				<misses>605700001</misses>
				<total>9</total>
				<timestamp>5992.413246</timestamp>
			</report>
			<report>
				<misses>605800001</misses>
				<total>9</total>
				<timestamp>5993.403647</timestamp>
			</report>
			<report>
				<misses>605900001</misses>
				<total>9</total>
				<timestamp>5994.394317</timestamp>
			</report>
			<report>
				<misses>606000001</misses>
				<total>9</total>
				<timestamp>5995.384727</timestamp>
			</report>
			<report>
				<misses>606100001</misses>
				<total>9</total>
				<timestamp>5996.375662</timestamp>
			</report>
			<report>
				<misses>606200001</misses>
				<total>9</total>
				<timestamp>5997.366041</timestamp>
			</report>
			<report>
				<misses>606300001</misses>
				<total>9</total>
				<timestamp>5998.356845</timestamp>
			</report>
			<report>
				<misses>606400001</misses>
				<total>9</total>
				<timestamp>5999.346713</timestamp>
			</report>
			<report>
				<misses>606500001</misses>
				<total>9</total>
				<timestamp>6000.337501</timestamp>
			</report>
			<report>
				<misses>606600001</misses>
				<total>9</total>
				<timestamp>6001.328929</timestamp>
			</report>
			<report>
				<misses>606700001</misses>
				<total>9</total>
				<timestamp>6002.319978</timestamp>
			</report>
			<report>
				<misses>606800001</misses>
				<total>9</total>
				<timestamp>6003.310288</timestamp>
			</report>
			<report>
				<misses>606900001</misses>
				<total>9</total>
				<timestamp>6004.301211</timestamp>
			</report>
			<report>
				<misses>607000001</misses>
				<total>9</total>
				<timestamp>6005.291493</timestamp>
			</report>
			<report>
				<misses>607100001</misses>
				<total>9</total>
				<timestamp>6006.281893</timestamp>
			</report>
			<report>
				<misses>607200001</misses>
				<total>9</total>
				<timestamp>6007.272797</timestamp>
			</report>
			<report>
				<misses>607300001</misses>
				<total>9</total>
				<timestamp>6008.264493</timestamp>
			</report>
			<report>
				<misses>607400001</misses>
				<total>9</total>
				<timestamp>6009.255554</timestamp>
			</report>
			<report>
				<misses>607500001</misses>
				<total>9</total>
				<timestamp>6010.242064</timestamp>
			</report>
			<report>
				<misses>607600001</misses>
				<total>9</total>
				<timestamp>6011.218162</timestamp>
			</report>
			<report>
				<misses>607700001</misses>
				<total>9</total>
				<timestamp>6012.194895</timestamp>
			</report>
			<report>
				<misses>607800001</misses>
				<total>9</total>
				<timestamp>6013.170726</timestamp>
			</report>
			<report>
				<misses>607900001</misses>
				<total>9</total>
				<timestamp>6014.147073</timestamp>
			</report>
			<report>
				<misses>608000001</misses>
				<total>9</total>
				<timestamp>6015.122771</timestamp>
			</report>
			<report>
				<misses>608100001</misses>
				<total>9</total>
				<timestamp>6016.096930</timestamp>
			</report>
			<report>
				<misses>608200001</misses>
				<total>9</total>
				<timestamp>6017.074184</timestamp>
			</report>
			<report>
				<misses>608300001</misses>
				<total>9</total>
				<timestamp>6018.051438</timestamp>
			</report>
			<report>
				<misses>608400001</misses>
				<total>9</total>
				<timestamp>6019.027914</timestamp>
			</report>
			<report>
				<misses>608500001</misses>
				<total>9</total>
				<timestamp>6020.001806</timestamp>
			</report>
			<report>
				<misses>608600001</misses>
				<total>9</total>
				<timestamp>6020.977231</timestamp>
			</report>
			<report>
				<misses>608700001</misses>
				<total>9</total>
				<timestamp>6021.953187</timestamp>
			</report>
			<report>
				<misses>608800001</misses>
				<total>9</total>
				<timestamp>6022.930049</timestamp>
			</report>
			<report>
				<misses>608900001</misses>
				<total>9</total>
				<timestamp>6023.906396</timestamp>
			</report>
			<report>
				<misses>609000001</misses>
				<total>9</total>
				<timestamp>6024.884307</timestamp>
			</report>
			<report>
				<misses>609100001</misses>
				<total>9</total>
				<timestamp>6025.861785</timestamp>
			</report>
			<report>
				<misses>609200001</misses>
				<total>9</total>
				<timestamp>6026.839143</timestamp>
			</report>
			<report>
				<misses>609300001</misses>
				<total>9</total>
				<timestamp>6027.816917</timestamp>
			</report>
			<report>
				<misses>609400001</misses>
				<total>9</total>
				<timestamp>6028.794160</timestamp>
			</report>
			<report>
				<misses>609500001</misses>
				<total>9</total>
				<timestamp>6029.769090</timestamp>
			</report>
			<report>
				<misses>609600001</misses>
				<total>9</total>
				<timestamp>6030.745572</timestamp>
			</report>
			<report>
				<misses>609700001</misses>
				<total>9</total>
				<timestamp>6031.722200</timestamp>
			</report>
			<report>
				<misses>609800001</misses>
				<total>9</total>
				<timestamp>6032.697738</timestamp>
			</report>
			<report>
				<misses>609900001</misses>
				<total>9</total>
				<timestamp>6033.674860</timestamp>
			</report>
			<report>
				<misses>610000001</misses>
				<total>9</total>
				<timestamp>6034.651072</timestamp>
			</report>
			<report>
				<misses>610100001</misses>
				<total>9</total>
				<timestamp>6035.625992</timestamp>
			</report>
			<report>
				<misses>610200001</misses>
				<total>9</total>
				<timestamp>6036.601159</timestamp>
			</report>
			<report>
				<misses>610300001</misses>
				<total>9</total>
				<timestamp>6037.574669</timestamp>
			</report>
			<report>
				<misses>610400001</misses>
				<total>9</total>
				<timestamp>6038.551917</timestamp>
			</report>
			<report>
				<misses>610500001</misses>
				<total>9</total>
				<timestamp>6039.528390</timestamp>
			</report>
			<report>
				<misses>610600001</misses>
				<total>9</total>
				<timestamp>6040.505364</timestamp>
			</report>
			<report>
				<misses>610700001</misses>
				<total>9</total>
				<timestamp>6041.481436</timestamp>
			</report>
			<report>
				<misses>610800001</misses>
				<total>9</total>
				<timestamp>6042.456345</timestamp>
			</report>
			<report>
				<misses>610900001</misses>
				<total>9</total>
				<timestamp>6043.432418</timestamp>
			</report>
			<report>
				<misses>611000001</misses>
				<total>9</total>
				<timestamp>6044.406947</timestamp>
			</report>
			<report>
				<misses>611100001</misses>
				<total>9</total>
				<timestamp>6045.384054</timestamp>
			</report>
			<report>
				<misses>611200001</misses>
				<total>9</total>
				<timestamp>6046.359710</timestamp>
			</report>
			<report>
				<misses>611300001</misses>
				<total>9</total>
				<timestamp>6047.337065</timestamp>
			</report>
			<report>
				<misses>611400001</misses>
				<total>9</total>
				<timestamp>6048.313395</timestamp>
			</report>
			<report>
				<misses>611500001</misses>
				<total>9</total>
				<timestamp>6049.291135</timestamp>
			</report>
			<report>
				<misses>611600001</misses>
				<total>9</total>
				<timestamp>6050.268621</timestamp>
			</report>
			<report>
				<misses>611700001</misses>
				<total>9</total>
				<timestamp>6051.245090</timestamp>
			</report>
			<report>
				<misses>611800001</misses>
				<total>9</total>
				<timestamp>6052.221315</timestamp>
			</report>
			<report>
				<misses>611900001</misses>
				<total>9</total>
				<timestamp>6053.197519</timestamp>
			</report>
			<report>
				<misses>612000001</misses>
				<total>9</total>
				<timestamp>6054.172049</timestamp>
			</report>
			<report>
				<misses>612100001</misses>
				<total>9</total>
				<timestamp>6055.149538</timestamp>
			</report>
			<report>
				<misses>612200001</misses>
				<total>9</total>
				<timestamp>6056.126111</timestamp>
			</report>
			<report>
				<misses>612300001</misses>
				<total>9</total>
				<timestamp>6057.102190</timestamp>
			</report>
			<report>
				<misses>612400001</misses>
				<total>9</total>
				<timestamp>6058.079690</timestamp>
			</report>
			<report>
				<misses>612500001</misses>
				<total>9</total>
				<timestamp>6059.056436</timestamp>
			</report>
			<report>
				<misses>612600001</misses>
				<total>9</total>
				<timestamp>6060.030719</timestamp>
			</report>
			<report>
				<misses>612700001</misses>
				<total>9</total>
				<timestamp>6061.005217</timestamp>
			</report>
			<report>
				<misses>612800001</misses>
				<total>9</total>
				<timestamp>6061.985147</timestamp>
			</report>
			<report>
				<misses>612900001</misses>
				<total>9</total>
				<timestamp>6062.977232</timestamp>
			</report>
			<report>
				<misses>613000001</misses>
				<total>9</total>
				<timestamp>6063.968681</timestamp>
			</report>
			<report>
				<misses>613100001</misses>
				<total>9</total>
				<timestamp>6064.959461</timestamp>
			</report>
			<report>
				<misses>613200001</misses>
				<total>9</total>
				<timestamp>6065.950625</timestamp>
			</report>
			<report>
				<misses>613300001</misses>
				<total>9</total>
				<timestamp>6066.941395</timestamp>
			</report>
			<report>
				<misses>613400001</misses>
				<total>9</total>
				<timestamp>6067.932409</timestamp>
			</report>
			<report>
				<misses>613500001</misses>
				<total>9</total>
				<timestamp>6068.923440</timestamp>
			</report>
			<report>
				<misses>613600001</misses>
				<total>9</total>
				<timestamp>6069.914107</timestamp>
			</report>
			<report>
				<misses>613700001</misses>
				<total>9</total>
				<timestamp>6070.905288</timestamp>
			</report>
			<report>
				<misses>613800001</misses>
				<total>9</total>
				<timestamp>6071.896477</timestamp>
			</report>
			<report>
				<misses>613900001</misses>
				<total>9</total>
				<timestamp>6072.887136</timestamp>
			</report>
			<report>
				<misses>614000001</misses>
				<total>9</total>
				<timestamp>6073.878562</timestamp>
			</report>
			<report>
				<misses>614100001</misses>
				<total>9</total>
				<timestamp>6074.869097</timestamp>
			</report>
			<report>
				<misses>614200001</misses>
				<total>9</total>
				<timestamp>6075.859505</timestamp>
			</report>
			<report>
				<misses>614300001</misses>
				<total>9</total>
				<timestamp>6076.850439</timestamp>
			</report>
			<report>
				<misses>614400001</misses>
				<total>9</total>
				<timestamp>6077.841353</timestamp>
			</report>
			<report>
				<misses>614500001</misses>
				<total>9</total>
				<timestamp>6078.833047</timestamp>
			</report>
			<report>
				<misses>614600001</misses>
				<total>9</total>
				<timestamp>6079.824609</timestamp>
			</report>
			<report>
				<misses>614700001</misses>
				<total>9</total>
				<timestamp>6080.816961</timestamp>
			</report>
			<report>
				<misses>614800001</misses>
				<total>9</total>
				<timestamp>6081.807885</timestamp>
			</report>
			<report>
				<misses>614900001</misses>
				<total>9</total>
				<timestamp>6082.799587</timestamp>
			</report>
			<report>
				<misses>615000001</misses>
				<total>9</total>
				<timestamp>6083.790248</timestamp>
			</report>
			<report>
				<misses>615100001</misses>
				<total>9</total>
				<timestamp>6084.780535</timestamp>
			</report>
			<report>
				<misses>615200001</misses>
				<total>9</total>
				<timestamp>6085.771073</timestamp>
			</report>
			<report>
				<misses>615300001</misses>
				<total>9</total>
				<timestamp>6086.761726</timestamp>
			</report>
			<report>
				<misses>615400001</misses>
				<total>9</total>
				<timestamp>6087.752516</timestamp>
			</report>
			<report>
				<misses>615500001</misses>
				<total>9</total>
				<timestamp>6088.743797</timestamp>
			</report>
			<report>
				<misses>615600001</misses>
				<total>9</total>
				<timestamp>6089.734719</timestamp>
			</report>
			<report>
				<misses>615700001</misses>
				<total>9</total>
				<timestamp>6090.725123</timestamp>
			</report>
			<report>
				<misses>615800001</misses>
				<total>9</total>
				<timestamp>6091.716034</timestamp>
			</report>
			<report>
				<misses>615900001</misses>
				<total>9</total>
				<timestamp>6092.706557</timestamp>
			</report>
			<report>
				<misses>616000001</misses>
				<total>9</total>
				<timestamp>6093.697217</timestamp>
			</report>
			<report>
				<misses>616100001</misses>
				<total>9</total>
				<timestamp>6094.688654</timestamp>
			</report>
			<report>
				<misses>616200001</misses>
				<total>9</total>
				<timestamp>6095.678794</timestamp>
			</report>
			<report>
				<misses>616300001</misses>
				<total>9</total>
				<timestamp>6096.670091</timestamp>
			</report>
			<report>
				<misses>616400001</misses>
				<total>9</total>
				<timestamp>6097.661535</timestamp>
			</report>
			<report>
				<misses>616500001</misses>
				<total>9</total>
				<timestamp>6098.652454</timestamp>
			</report>
			<report>
				<misses>616600001</misses>
				<total>9</total>
				<timestamp>6099.643496</timestamp>
			</report>
			<report>
				<misses>616700001</misses>
				<total>9</total>
				<timestamp>6100.634551</timestamp>
			</report>
			<report>
				<misses>616800001</misses>
				<total>9</total>
				<timestamp>6101.625870</timestamp>
			</report>
			<report>
				<misses>616900001</misses>
				<total>9</total>
				<timestamp>6102.616789</timestamp>
			</report>
			<report>
				<misses>617000001</misses>
				<total>9</total>
				<timestamp>6103.608245</timestamp>
			</report>
			<report>
				<misses>617100001</misses>
				<total>9</total>
				<timestamp>6104.599277</timestamp>
			</report>
			<report>
				<misses>617200001</misses>
				<total>9</total>
				<timestamp>6105.590576</timestamp>
			</report>
			<report>
				<misses>617300001</misses>
				<total>9</total>
				<timestamp>6106.581496</timestamp>
			</report>
			<report>
				<misses>617400001</misses>
				<total>9</total>
				<timestamp>6107.572174</timestamp>
			</report>
			<report>
				<misses>617500001</misses>
				<total>9</total>
				<timestamp>6108.563720</timestamp>
			</report>
			<report>
				<misses>617600001</misses>
				<total>9</total>
				<timestamp>6109.554111</timestamp>
			</report>
			<report>
				<misses>617700001</misses>
				<total>9</total>
				<timestamp>6110.544735</timestamp>
			</report>
			<report>
				<misses>617800001</misses>
				<total>9</total>
				<timestamp>6111.536440</timestamp>
			</report>
			<report>
				<misses>617900001</misses>
				<total>9</total>
				<timestamp>6112.527351</timestamp>
			</report>
			<report>
				<misses>618000001</misses>
				<total>9</total>
				<timestamp>6113.518258</timestamp>
			</report>
			<report>
				<misses>618100001</misses>
				<total>9</total>
				<timestamp>6114.508781</timestamp>
			</report>
			<report>
				<misses>618200001</misses>
				<total>9</total>
				<timestamp>6115.499166</timestamp>
			</report>
			<report>
				<misses>618300001</misses>
				<total>9</total>
				<timestamp>6116.489835</timestamp>
			</report>
			<report>
				<misses>618400001</misses>
				<total>9</total>
				<timestamp>6117.480987</timestamp>
			</report>
			<report>
				<misses>618500001</misses>
				<total>9</total>
				<timestamp>6118.471385</timestamp>
			</report>
			<report>
				<misses>618600001</misses>
				<total>9</total>
				<timestamp>6119.460609</timestamp>
			</report>
			<report>
				<misses>618700001</misses>
				<total>9</total>
				<timestamp>6120.449440</timestamp>
			</report>
			<report>
				<misses>618800001</misses>
				<total>9</total>
				<timestamp>6121.438539</timestamp>
			</report>
			<report>
				<misses>618900001</misses>
				<total>9</total>
				<timestamp>6122.427792</timestamp>
			</report>
			<report>
				<misses>619000001</misses>
				<total>9</total>
				<timestamp>6123.418036</timestamp>
			</report>
			<report>
				<misses>619100001</misses>
				<total>9</total>
				<timestamp>6124.408441</timestamp>
			</report>
			<report>
				<misses>619200001</misses>
				<total>9</total>
				<timestamp>6125.399771</timestamp>
			</report>
			<report>
				<misses>619300001</misses>
				<total>9</total>
				<timestamp>6126.391829</timestamp>
			</report>
			<report>
				<misses>619400001</misses>
				<total>9</total>
				<timestamp>6127.383528</timestamp>
			</report>
			<report>
				<misses>619500001</misses>
				<total>9</total>
				<timestamp>6128.374828</timestamp>
			</report>
			<report>
				<misses>619600001</misses>
				<total>9</total>
				<timestamp>6129.367175</timestamp>
			</report>
			<report>
				<misses>619700001</misses>
				<total>9</total>
				<timestamp>6130.358312</timestamp>
			</report>
			<report>
				<misses>619800001</misses>
				<total>9</total>
				<timestamp>6131.349752</timestamp>
			</report>
			<report>
				<misses>619900001</misses>
				<total>9</total>
				<timestamp>6132.341315</timestamp>
			</report>
			<report>
				<misses>620000001</misses>
				<total>9</total>
				<timestamp>6133.332101</timestamp>
			</report>
			<report>
				<misses>620100001</misses>
				<total>9</total>
				<timestamp>6134.323377</timestamp>
			</report>
			<report>
				<misses>620200001</misses>
				<total>9</total>
				<timestamp>6135.315191</timestamp>
			</report>
			<report>
				<misses>620300001</misses>
				<total>9</total>
				<timestamp>6136.306522</timestamp>
			</report>
			<report>
				<misses>620400001</misses>
				<total>9</total>
				<timestamp>6137.298459</timestamp>
			</report>
			<report>
				<misses>620500001</misses>
				<total>9</total>
				<timestamp>6138.290027</timestamp>
			</report>
			<report>
				<misses>620600001</misses>
				<total>9</total>
				<timestamp>6139.281200</timestamp>
			</report>
			<report>
				<misses>620700001</misses>
				<total>9</total>
				<timestamp>6140.272762</timestamp>
			</report>
			<report>
				<misses>620800001</misses>
				<total>9</total>
				<timestamp>6141.263829</timestamp>
			</report>
			<report>
				<misses>620900001</misses>
				<total>9</total>
				<timestamp>6142.254979</timestamp>
			</report>
			<report>
				<misses>621000001</misses>
				<total>9</total>
				<timestamp>6143.246146</timestamp>
			</report>
			<report>
				<misses>621100001</misses>
				<total>9</total>
				<timestamp>6144.236805</timestamp>
			</report>
			<report>
				<misses>621200001</misses>
				<total>9</total>
				<timestamp>6145.228126</timestamp>
			</report>
			<report>
				<misses>621300001</misses>
				<total>9</total>
				<timestamp>6146.219453</timestamp>
			</report>
			<report>
				<misses>621400001</misses>
				<total>9</total>
				<timestamp>6147.210348</timestamp>
			</report>
			<report>
				<misses>621500001</misses>
				<total>9</total>
				<timestamp>6148.202002</timestamp>
			</report>
			<report>
				<misses>621600001</misses>
				<total>9</total>
				<timestamp>6149.193318</timestamp>
			</report>
			<report>
				<misses>621700001</misses>
				<total>9</total>
				<timestamp>6150.184854</timestamp>
			</report>
			<report>
				<misses>621800001</misses>
				<total>9</total>
				<timestamp>6151.177200</timestamp>
			</report>
			<report>
				<misses>621900001</misses>
				<total>9</total>
				<timestamp>6152.168260</timestamp>
			</report>
			<report>
				<misses>622000001</misses>
				<total>9</total>
				<timestamp>6153.160207</timestamp>
			</report>
			<report>
				<misses>622100001</misses>
				<total>9</total>
				<timestamp>6154.151795</timestamp>
			</report>
			<report>
				<misses>622200001</misses>
				<total>9</total>
				<timestamp>6155.143102</timestamp>
			</report>
			<report>
				<misses>622300001</misses>
				<total>9</total>
				<timestamp>6156.133492</timestamp>
			</report>
			<report>
				<misses>622400001</misses>
				<total>9</total>
				<timestamp>6157.125711</timestamp>
			</report>
			<report>
				<misses>622500001</misses>
				<total>9</total>
				<timestamp>6158.116625</timestamp>
			</report>
			<report>
				<misses>622600001</misses>
				<total>9</total>
				<timestamp>6159.107896</timestamp>
			</report>
			<report>
				<misses>622700001</misses>
				<total>9</total>
				<timestamp>6160.099846</timestamp>
			</report>
			<report>
				<misses>622800001</misses>
				<total>9</total>
				<timestamp>6161.091684</timestamp>
			</report>
			<report>
				<misses>622900001</misses>
				<total>9</total>
				<timestamp>6162.083004</timestamp>
			</report>
			<report>
				<misses>623000001</misses>
				<total>9</total>
				<timestamp>6163.074673</timestamp>
			</report>
			<report>
				<misses>623100001</misses>
				<total>9</total>
				<timestamp>6164.065576</timestamp>
			</report>
			<report>
				<misses>623200001</misses>
				<total>9</total>
				<timestamp>6165.057161</timestamp>
			</report>
			<report>
				<misses>623300001</misses>
				<total>9</total>
				<timestamp>6166.048986</timestamp>
			</report>
			<report>
				<misses>623400001</misses>
				<total>9</total>
				<timestamp>6167.040691</timestamp>
			</report>
			<report>
				<misses>623500001</misses>
				<total>9</total>
				<timestamp>6168.032371</timestamp>
			</report>
			<report>
				<misses>623600001</misses>
				<total>9</total>
				<timestamp>6169.024323</timestamp>
			</report>
			<report>
				<misses>623700001</misses>
				<total>9</total>
				<timestamp>6170.015524</timestamp>
			</report>
			<report>
				<misses>623800001</misses>
				<total>9</total>
				<timestamp>6171.007295</timestamp>
			</report>
			<report>
				<misses>623900001</misses>
				<total>9</total>
				<timestamp>6171.998207</timestamp>
			</report>
			<report>
				<misses>624000001</misses>
				<total>9</total>
				<timestamp>6172.989385</timestamp>
			</report>
			<report>
				<misses>624100001</misses>
				<total>9</total>
				<timestamp>6173.980293</timestamp>
			</report>
			<report>
				<misses>624200001</misses>
				<total>9</total>
				<timestamp>6174.971868</timestamp>
			</report>
			<report>
				<misses>624300001</misses>
				<total>9</total>
				<timestamp>6175.963711</timestamp>
			</report>
			<report>
				<misses>624400001</misses>
				<total>9</total>
				<timestamp>6176.955486</timestamp>
			</report>
			<report>
				<misses>624500001</misses>
				<total>9</total>
				<timestamp>6177.947304</timestamp>
			</report>
			<report>
				<misses>624600001</misses>
				<total>9</total>
				<timestamp>6178.939370</timestamp>
			</report>
			<report>
				<misses>624700001</misses>
				<total>9</total>
				<timestamp>6179.930807</timestamp>
			</report>
			<report>
				<misses>624800001</misses>
				<total>9</total>
				<timestamp>6180.922630</timestamp>
			</report>
			<report>
				<misses>624900001</misses>
				<total>9</total>
				<timestamp>6181.913436</timestamp>
			</report>
			<report>
				<misses>625000001</misses>
				<total>9</total>
				<timestamp>6182.904728</timestamp>
			</report>
			<report>
				<misses>625100001</misses>
				<total>9</total>
				<timestamp>6183.897172</timestamp>
			</report>
			<report>
				<misses>625200001</misses>
				<total>9</total>
				<timestamp>6184.888710</timestamp>
			</report>
			<report>
				<misses>625300001</misses>
				<total>9</total>
				<timestamp>6185.880140</timestamp>
			</report>
			<report>
				<misses>625400001</misses>
				<total>9</total>
				<timestamp>6186.871064</timestamp>
			</report>
			<report>
				<misses>625500001</misses>
				<total>9</total>
				<timestamp>6187.862383</timestamp>
			</report>
			<report>
				<misses>625600001</misses>
				<total>9</total>
				<timestamp>6188.854341</timestamp>
			</report>
			<report>
				<misses>625700001</misses>
				<total>9</total>
				<timestamp>6189.845532</timestamp>
			</report>
			<report>
				<misses>625800001</misses>
				<total>9</total>
				<timestamp>6190.836944</timestamp>
			</report>
			<report>
				<misses>625900001</misses>
				<total>9</total>
				<timestamp>6191.828632</timestamp>
			</report>
			<report>
				<misses>626000001</misses>
				<total>9</total>
				<timestamp>6192.820963</timestamp>
			</report>
			<report>
				<misses>626100001</misses>
				<total>9</total>
				<timestamp>6193.812416</timestamp>
			</report>
			<report>
				<misses>626200001</misses>
				<total>9</total>
				<timestamp>6194.804217</timestamp>
			</report>
			<report>
				<misses>626300001</misses>
				<total>9</total>
				<timestamp>6195.796685</timestamp>
			</report>
			<report>
				<misses>626400001</misses>
				<total>9</total>
				<timestamp>6196.788415</timestamp>
			</report>
			<report>
				<misses>626500001</misses>
				<total>9</total>
				<timestamp>6197.780469</timestamp>
			</report>
			<report>
				<misses>626600001</misses>
				<total>9</total>
				<timestamp>6198.771659</timestamp>
			</report>
			<report>
				<misses>626700001</misses>
				<total>9</total>
				<timestamp>6199.763091</timestamp>
			</report>
			<report>
				<misses>626800001</misses>
				<total>9</total>
				<timestamp>6200.754913</timestamp>
			</report>
			<report>
				<misses>626900001</misses>
				<total>9</total>
				<timestamp>6201.746744</timestamp>
			</report>
			<report>
				<misses>627000001</misses>
				<total>9</total>
				<timestamp>6202.739214</timestamp>
			</report>
			<report>
				<misses>627100001</misses>
				<total>9</total>
				<timestamp>6203.731049</timestamp>
			</report>
			<report>
				<misses>627200001</misses>
				<total>9</total>
				<timestamp>6204.722846</timestamp>
			</report>
			<report>
				<misses>627300001</misses>
				<total>9</total>
				<timestamp>6205.714794</timestamp>
			</report>
			<report>
				<misses>627400001</misses>
				<total>9</total>
				<timestamp>6206.706219</timestamp>
			</report>
			<report>
				<misses>627500001</misses>
				<total>9</total>
				<timestamp>6207.697784</timestamp>
			</report>
			<report>
				<misses>627600001</misses>
				<total>9</total>
				<timestamp>6208.689476</timestamp>
			</report>
			<report>
				<misses>627700001</misses>
				<total>9</total>
				<timestamp>6209.681447</timestamp>
			</report>
			<report>
				<misses>627800001</misses>
				<total>9</total>
				<timestamp>6210.672234</timestamp>
			</report>
			<report>
				<misses>627900001</misses>
				<total>9</total>
				<timestamp>6211.663946</timestamp>
			</report>
			<report>
				<misses>628000001</misses>
				<total>9</total>
				<timestamp>6212.655346</timestamp>
			</report>
			<report>
				<misses>628100001</misses>
				<total>9</total>
				<timestamp>6213.646908</timestamp>
			</report>
			<report>
				<misses>628200001</misses>
				<total>9</total>
				<timestamp>6214.638853</timestamp>
			</report>
			<report>
				<misses>628300001</misses>
				<total>9</total>
				<timestamp>6215.630285</timestamp>
			</report>
			<report>
				<misses>628400001</misses>
				<total>9</total>
				<timestamp>6216.621844</timestamp>
			</report>
			<report>
				<misses>628500001</misses>
				<total>9</total>
				<timestamp>6217.613305</timestamp>
			</report>
			<report>
				<misses>628600001</misses>
				<total>9</total>
				<timestamp>6218.604848</timestamp>
			</report>
			<report>
				<misses>628700001</misses>
				<total>9</total>
				<timestamp>6219.596373</timestamp>
			</report>
			<report>
				<misses>628800001</misses>
				<total>9</total>
				<timestamp>6220.587429</timestamp>
			</report>
			<report>
				<misses>628900001</misses>
				<total>9</total>
				<timestamp>6221.578571</timestamp>
			</report>
			<report>
				<misses>629000001</misses>
				<total>9</total>
				<timestamp>6222.570135</timestamp>
			</report>
			<report>
				<misses>629100001</misses>
				<total>9</total>
				<timestamp>6223.561712</timestamp>
			</report>
			<report>
				<misses>629200001</misses>
				<total>9</total>
				<timestamp>6224.553276</timestamp>
			</report>
			<report>
				<misses>629300001</misses>
				<total>9</total>
				<timestamp>6225.544725</timestamp>
			</report>
			<report>
				<misses>629400001</misses>
				<total>9</total>
				<timestamp>6226.536134</timestamp>
			</report>
			<report>
				<misses>629500001</misses>
				<total>9</total>
				<timestamp>6227.528342</timestamp>
			</report>
			<report>
				<misses>629600001</misses>
				<total>9</total>
				<timestamp>6228.519790</timestamp>
			</report>
			<report>
				<misses>629700001</misses>
				<total>9</total>
				<timestamp>6229.511499</timestamp>
			</report>
			<report>
				<misses>629800001</misses>
				<total>9</total>
				<timestamp>6230.502939</timestamp>
			</report>
			<report>
				<misses>629900001</misses>
				<total>9</total>
				<timestamp>6231.494758</timestamp>
			</report>
			<report>
				<misses>630000001</misses>
				<total>9</total>
				<timestamp>6232.487241</timestamp>
			</report>
			<report>
				<misses>630100001</misses>
				<total>9</total>
				<timestamp>6233.479061</timestamp>
			</report>
			<report>
				<misses>630200001</misses>
				<total>9</total>
				<timestamp>6234.470627</timestamp>
			</report>
			<report>
				<misses>630300001</misses>
				<total>9</total>
				<timestamp>6235.461543</timestamp>
			</report>
			<report>
				<misses>630400001</misses>
				<total>9</total>
				<timestamp>6236.453476</timestamp>
			</report>
			<report>
				<misses>630500001</misses>
				<total>9</total>
				<timestamp>6237.444394</timestamp>
			</report>
			<report>
				<misses>630600001</misses>
				<total>9</total>
				<timestamp>6238.435558</timestamp>
			</report>
			<report>
				<misses>630700001</misses>
				<total>9</total>
				<timestamp>6239.427732</timestamp>
			</report>
			<report>
				<misses>630800001</misses>
				<total>9</total>
				<timestamp>6240.419411</timestamp>
			</report>
			<report>
				<misses>630900001</misses>
				<total>9</total>
				<timestamp>6241.411225</timestamp>
			</report>
			<report>
				<misses>631000001</misses>
				<total>9</total>
				<timestamp>6242.402018</timestamp>
			</report>
			<report>
				<misses>631100001</misses>
				<total>9</total>
				<timestamp>6243.393343</timestamp>
			</report>
			<report>
				<misses>631200001</misses>
				<total>9</total>
				<timestamp>6244.383868</timestamp>
			</report>
			<report>
				<misses>631300001</misses>
				<total>9</total>
				<timestamp>6245.376072</timestamp>
			</report>
			<report>
				<misses>631400001</misses>
				<total>9</total>
				<timestamp>6246.368639</timestamp>
			</report>
			<report>
				<misses>631500001</misses>
				<total>9</total>
				<timestamp>6247.360318</timestamp>
			</report>
			<report>
				<misses>631600001</misses>
				<total>9</total>
				<timestamp>6248.350835</timestamp>
			</report>
			<report>
				<misses>631700001</misses>
				<total>9</total>
				<timestamp>6249.342016</timestamp>
			</report>
			<report>
				<misses>631800001</misses>
				<total>9</total>
				<timestamp>6250.333078</timestamp>
			</report>
			<report>
				<misses>631900001</misses>
				<total>9</total>
				<timestamp>6251.323467</timestamp>
			</report>
			<report>
				<misses>632000001</misses>
				<total>9</total>
				<timestamp>6252.314142</timestamp>
			</report>
			<report>
				<misses>632100001</misses>
				<total>9</total>
				<timestamp>6253.305562</timestamp>
			</report>
			<report>
				<misses>632200001</misses>
				<total>9</total>
				<timestamp>6254.296572</timestamp>
			</report>
			<report>
				<misses>632300001</misses>
				<total>9</total>
				<timestamp>6255.288530</timestamp>
			</report>
			<report>
				<misses>632400001</misses>
				<total>9</total>
				<timestamp>6256.278947</timestamp>
			</report>
			<report>
				<misses>632500001</misses>
				<total>9</total>
				<timestamp>6257.269973</timestamp>
			</report>
			<report>
				<misses>632600001</misses>
				<total>9</total>
				<timestamp>6258.260624</timestamp>
			</report>
			<report>
				<misses>632700001</misses>
				<total>9</total>
				<timestamp>6259.251409</timestamp>
			</report>
			<report>
				<misses>632800001</misses>
				<total>9</total>
				<timestamp>6260.242297</timestamp>
			</report>
			<report>
				<misses>632900001</misses>
				<total>9</total>
				<timestamp>6261.233472</timestamp>
			</report>
			<report>
				<misses>633000001</misses>
				<total>9</total>
				<timestamp>6262.224270</timestamp>
			</report>
			<report>
				<misses>633100001</misses>
				<total>9</total>
				<timestamp>6263.215076</timestamp>
			</report>
			<report>
				<misses>633200001</misses>
				<total>9</total>
				<timestamp>6264.207121</timestamp>
			</report>
			<report>
				<misses>633300001</misses>
				<total>9</total>
				<timestamp>6265.198800</timestamp>
			</report>
			<report>
				<misses>633400001</misses>
				<total>9</total>
				<timestamp>6266.189314</timestamp>
			</report>
			<report>
				<misses>633500001</misses>
				<total>9</total>
				<timestamp>6267.180878</timestamp>
			</report>
			<report>
				<misses>633600001</misses>
				<total>9</total>
				<timestamp>6268.171523</timestamp>
			</report>
			<report>
				<misses>633700001</misses>
				<total>9</total>
				<timestamp>6269.161763</timestamp>
			</report>
			<report>
				<misses>633800001</misses>
				<total>9</total>
				<timestamp>6270.153439</timestamp>
			</report>
			<report>
				<misses>633900001</misses>
				<total>9</total>
				<timestamp>6271.144747</timestamp>
			</report>
			<report>
				<misses>634000001</misses>
				<total>9</total>
				<timestamp>6272.135414</timestamp>
			</report>
			<report>
				<misses>634100001</misses>
				<total>9</total>
				<timestamp>6273.126081</timestamp>
			</report>
			<report>
				<misses>634200001</misses>
				<total>9</total>
				<timestamp>6274.116622</timestamp>
			</report>
			<report>
				<misses>634300001</misses>
				<total>9</total>
				<timestamp>6275.107678</timestamp>
			</report>
			<report>
				<misses>634400001</misses>
				<total>9</total>
				<timestamp>6276.098988</timestamp>
			</report>
			<report>
				<misses>634500001</misses>
				<total>9</total>
				<timestamp>6277.089783</timestamp>
			</report>
			<report>
				<misses>634600001</misses>
				<total>9</total>
				<timestamp>6278.081467</timestamp>
			</report>
			<report>
				<misses>634700001</misses>
				<total>9</total>
				<timestamp>6279.072634</timestamp>
			</report>
			<report>
				<misses>634800001</misses>
				<total>9</total>
				<timestamp>6280.063160</timestamp>
			</report>
			<report>
				<misses>634900001</misses>
				<total>9</total>
				<timestamp>6281.054114</timestamp>
			</report>
			<report>
				<misses>635000001</misses>
				<total>9</total>
				<timestamp>6282.046416</timestamp>
			</report>
			<report>
				<misses>635100001</misses>
				<total>9</total>
				<timestamp>6283.037322</timestamp>
			</report>
			<report>
				<misses>635200001</misses>
				<total>9</total>
				<timestamp>6284.028731</timestamp>
			</report>
			<report>
				<misses>635300001</misses>
				<total>9</total>
				<timestamp>6285.020435</timestamp>
			</report>
			<report>
				<misses>635400001</misses>
				<total>9</total>
				<timestamp>6286.011743</timestamp>
			</report>
			<report>
				<misses>635500001</misses>
				<total>9</total>
				<timestamp>6287.003582</timestamp>
			</report>
			<report>
				<misses>635600001</misses>
				<total>9</total>
				<timestamp>6287.994595</timestamp>
			</report>
			<report>
				<misses>635700001</misses>
				<total>9</total>
				<timestamp>6288.985649</timestamp>
			</report>
			<report>
				<misses>635800001</misses>
				<total>9</total>
				<timestamp>6289.976705</timestamp>
			</report>
			<report>
				<misses>635900001</misses>
				<total>9</total>
				<timestamp>6290.968258</timestamp>
			</report>
			<report>
				<misses>636000001</misses>
				<total>9</total>
				<timestamp>6291.959424</timestamp>
			</report>
			<report>
				<misses>636100001</misses>
				<total>9</total>
				<timestamp>6292.950857</timestamp>
			</report>
			<report>
				<misses>636200001</misses>
				<total>9</total>
				<timestamp>6293.941867</timestamp>
			</report>
			<report>
				<misses>636300001</misses>
				<total>9</total>
				<timestamp>6294.933166</timestamp>
			</report>
			<report>
				<misses>636400001</misses>
				<total>9</total>
				<timestamp>6295.923823</timestamp>
			</report>
			<report>
				<misses>636500001</misses>
				<total>9</total>
				<timestamp>6296.914741</timestamp>
			</report>
			<report>
				<misses>636600001</misses>
				<total>9</total>
				<timestamp>6297.905778</timestamp>
			</report>
			<report>
				<misses>636700001</misses>
				<total>9</total>
				<timestamp>6298.897844</timestamp>
			</report>
			<report>
				<misses>636800001</misses>
				<total>9</total>
				<timestamp>6299.889279</timestamp>
			</report>
			<report>
				<misses>636900001</misses>
				<total>9</total>
				<timestamp>6300.879799</timestamp>
			</report>
			<report>
				<misses>637000001</misses>
				<total>9</total>
				<timestamp>6301.870980</timestamp>
			</report>
			<report>
				<misses>637100001</misses>
				<total>9</total>
				<timestamp>6302.861519</timestamp>
			</report>
			<report>
				<misses>637200001</misses>
				<total>9</total>
				<timestamp>6303.852817</timestamp>
			</report>
			<report>
				<misses>637300001</misses>
				<total>9</total>
				<timestamp>6304.843588</timestamp>
			</report>
			<report>
				<misses>637400001</misses>
				<total>9</total>
				<timestamp>6305.834252</timestamp>
			</report>
			<report>
				<misses>637500001</misses>
				<total>9</total>
				<timestamp>6306.825026</timestamp>
			</report>
			<report>
				<misses>637600001</misses>
				<total>9</total>
				<timestamp>6307.816984</timestamp>
			</report>
			<report>
				<misses>637700001</misses>
				<total>9</total>
				<timestamp>6308.808794</timestamp>
			</report>
			<report>
				<misses>637800001</misses>
				<total>9</total>
				<timestamp>6309.799073</timestamp>
			</report>
			<report>
				<misses>637900001</misses>
				<total>9</total>
				<timestamp>6310.791146</timestamp>
			</report>
			<report>
				<misses>638000001</misses>
				<total>9</total>
				<timestamp>6311.782187</timestamp>
			</report>
			<report>
				<misses>638100001</misses>
				<total>9</total>
				<timestamp>6312.773495</timestamp>
			</report>
			<report>
				<misses>638200001</misses>
				<total>9</total>
				<timestamp>6313.764806</timestamp>
			</report>
			<report>
				<misses>638300001</misses>
				<total>9</total>
				<timestamp>6314.755973</timestamp>
			</report>
			<report>
				<misses>638400001</misses>
				<total>9</total>
				<timestamp>6315.747262</timestamp>
			</report>
			<report>
				<misses>638500001</misses>
				<total>9</total>
				<timestamp>6316.739346</timestamp>
			</report>
			<report>
				<misses>638600001</misses>
				<total>9</total>
				<timestamp>6317.729613</timestamp>
			</report>
			<report>
				<misses>638700001</misses>
				<total>9</total>
				<timestamp>6318.720516</timestamp>
			</report>
			<report>
				<misses>638800001</misses>
				<total>9</total>
				<timestamp>6319.712315</timestamp>
			</report>
			<report>
				<misses>638900001</misses>
				<total>9</total>
				<timestamp>6320.702753</timestamp>
			</report>
			<report>
				<misses>639000001</misses>
				<total>9</total>
				<timestamp>6321.694184</timestamp>
			</report>
			<report>
				<misses>639100001</misses>
				<total>9</total>
				<timestamp>6322.684863</timestamp>
			</report>
			<report>
				<misses>639200001</misses>
				<total>9</total>
				<timestamp>6323.676642</timestamp>
			</report>
			<report>
				<misses>639300001</misses>
				<total>9</total>
				<timestamp>6324.668304</timestamp>
			</report>
			<report>
				<misses>639400001</misses>
				<total>9</total>
				<timestamp>6325.658833</timestamp>
			</report>
			<report>
				<misses>639500001</misses>
				<total>9</total>
				<timestamp>6326.649212</timestamp>
			</report>
			<report>
				<misses>639600001</misses>
				<total>9</total>
				<timestamp>6327.639353</timestamp>
			</report>
			<report>
				<misses>639700001</misses>
				<total>9</total>
				<timestamp>6328.630899</timestamp>
			</report>
			<report>
				<misses>639800001</misses>
				<total>9</total>
				<timestamp>6329.621933</timestamp>
			</report>
			<report>
				<misses>639900001</misses>
				<total>9</total>
				<timestamp>6330.612582</timestamp>
			</report>
			<report>
				<misses>640000001</misses>
				<total>9</total>
				<timestamp>6331.603621</timestamp>
			</report>
			<report>
				<misses>640100001</misses>
				<total>9</total>
				<timestamp>6332.594274</timestamp>
			</report>
			<report>
				<misses>640200001</misses>
				<total>9</total>
				<timestamp>6333.586327</timestamp>
			</report>
			<report>
				<misses>640300001</misses>
				<total>9</total>
				<timestamp>6334.576561</timestamp>
			</report>
			<report>
				<misses>640400001</misses>
				<total>9</total>
				<timestamp>6335.567096</timestamp>
			</report>
			<report>
				<misses>640500001</misses>
				<total>9</total>
				<timestamp>6336.557860</timestamp>
			</report>
			<report>
				<misses>640600001</misses>
				<total>9</total>
				<timestamp>6337.549530</timestamp>
			</report>
			<report>
				<misses>640700001</misses>
				<total>9</total>
				<timestamp>6338.539797</timestamp>
			</report>
			<report>
				<misses>640800001</misses>
				<total>9</total>
				<timestamp>6339.530452</timestamp>
			</report>
			<report>
				<misses>640900001</misses>
				<total>9</total>
				<timestamp>6340.521097</timestamp>
			</report>
			<report>
				<misses>641000001</misses>
				<total>9</total>
				<timestamp>6341.511467</timestamp>
			</report>
			<report>
				<misses>641100001</misses>
				<total>9</total>
				<timestamp>6342.501597</timestamp>
			</report>
			<report>
				<misses>641200001</misses>
				<total>9</total>
				<timestamp>6343.492612</timestamp>
			</report>
			<report>
				<misses>641300001</misses>
				<total>9</total>
				<timestamp>6344.483265</timestamp>
			</report>
			<report>
				<misses>641400001</misses>
				<total>9</total>
				<timestamp>6345.473652</timestamp>
			</report>
			<report>
				<misses>641500001</misses>
				<total>9</total>
				<timestamp>6346.464556</timestamp>
			</report>
			<report>
				<misses>641600001</misses>
				<total>9</total>
				<timestamp>6347.455462</timestamp>
			</report>
			<report>
				<misses>641700001</misses>
				<total>9</total>
				<timestamp>6348.446101</timestamp>
			</report>
			<report>
				<misses>641800001</misses>
				<total>9</total>
				<timestamp>6349.436358</timestamp>
			</report>
			<report>
				<misses>641900001</misses>
				<total>9</total>
				<timestamp>6350.427133</timestamp>
			</report>
			<report>
				<misses>642000001</misses>
				<total>9</total>
				<timestamp>6351.417921</timestamp>
			</report>
			<report>
				<misses>642100001</misses>
				<total>9</total>
				<timestamp>6352.409577</timestamp>
			</report>
			<report>
				<misses>642200001</misses>
				<total>9</total>
				<timestamp>6353.399843</timestamp>
			</report>
			<report>
				<misses>642300001</misses>
				<total>9</total>
				<timestamp>6354.389967</timestamp>
			</report>
			<report>
				<misses>642400001</misses>
				<total>9</total>
				<timestamp>6355.380862</timestamp>
			</report>
			<report>
				<misses>642500001</misses>
				<total>9</total>
				<timestamp>6356.372166</timestamp>
			</report>
			<report>
				<misses>642600001</misses>
				<total>9</total>
				<timestamp>6357.362417</timestamp>
			</report>
			<report>
				<misses>642700001</misses>
				<total>9</total>
				<timestamp>6358.352931</timestamp>
			</report>
			<report>
				<misses>642800001</misses>
				<total>9</total>
				<timestamp>6359.343197</timestamp>
			</report>
			<report>
				<misses>642900001</misses>
				<total>9</total>
				<timestamp>6360.332800</timestamp>
			</report>
			<report>
				<misses>643000001</misses>
				<total>9</total>
				<timestamp>6361.323586</timestamp>
			</report>
			<report>
				<misses>643100001</misses>
				<total>9</total>
				<timestamp>6362.314363</timestamp>
			</report>
			<report>
				<misses>643200001</misses>
				<total>9</total>
				<timestamp>6363.305010</timestamp>
			</report>
			<report>
				<misses>643300001</misses>
				<total>9</total>
				<timestamp>6364.296159</timestamp>
			</report>
			<report>
				<misses>643400001</misses>
				<total>9</total>
				<timestamp>6365.286942</timestamp>
			</report>
			<report>
				<misses>643500001</misses>
				<total>9</total>
				<timestamp>6366.278098</timestamp>
			</report>
			<report>
				<misses>643600001</misses>
				<total>9</total>
				<timestamp>6367.269389</timestamp>
			</report>
			<report>
				<misses>643700001</misses>
				<total>9</total>
				<timestamp>6368.260680</timestamp>
			</report>
			<report>
				<misses>643800001</misses>
				<total>9</total>
				<timestamp>6369.250661</timestamp>
			</report>
			<report>
				<misses>643900001</misses>
				<total>9</total>
				<timestamp>6370.241576</timestamp>
			</report>
			<report>
				<misses>644000001</misses>
				<total>9</total>
				<timestamp>6371.232606</timestamp>
			</report>
			<report>
				<misses>644100001</misses>
				<total>9</total>
				<timestamp>6372.223258</timestamp>
			</report>
			<report>
				<misses>644200001</misses>
				<total>9</total>
				<timestamp>6373.214804</timestamp>
			</report>
			<report>
				<misses>644300001</misses>
				<total>9</total>
				<timestamp>6374.205967</timestamp>
			</report>
			<report>
				<misses>644400001</misses>
				<total>9</total>
				<timestamp>6375.196120</timestamp>
			</report>
			<report>
				<misses>644500001</misses>
				<total>9</total>
				<timestamp>6376.185985</timestamp>
			</report>
			<report>
				<misses>644600001</misses>
				<total>9</total>
				<timestamp>6377.177263</timestamp>
			</report>
			<report>
				<misses>644700001</misses>
				<total>9</total>
				<timestamp>6378.168166</timestamp>
			</report>
			<report>
				<misses>644800001</misses>
				<total>9</total>
				<timestamp>6379.159383</timestamp>
			</report>
			<report>
				<misses>644900001</misses>
				<total>9</total>
				<timestamp>6380.150689</timestamp>
			</report>
			<report>
				<misses>645000001</misses>
				<total>9</total>
				<timestamp>6381.141485</timestamp>
			</report>
			<report>
				<misses>645100001</misses>
				<total>9</total>
				<timestamp>6382.131774</timestamp>
			</report>
			<report>
				<misses>645200001</misses>
				<total>9</total>
				<timestamp>6383.121923</timestamp>
			</report>
			<report>
				<misses>645300001</misses>
				<total>9</total>
				<timestamp>6384.112463</timestamp>
			</report>
			<report>
				<misses>645400001</misses>
				<total>9</total>
				<timestamp>6385.103884</timestamp>
			</report>
			<report>
				<misses>645500001</misses>
				<total>9</total>
				<timestamp>6386.094263</timestamp>
			</report>
			<report>
				<misses>645600001</misses>
				<total>9</total>
				<timestamp>6387.084916</timestamp>
			</report>
			<report>
				<misses>645700001</misses>
				<total>9</total>
				<timestamp>6388.075063</timestamp>
			</report>
			<report>
				<misses>645800001</misses>
				<total>9</total>
				<timestamp>6389.064827</timestamp>
			</report>
			<report>
				<misses>645900001</misses>
				<total>9</total>
				<timestamp>6390.054976</timestamp>
			</report>
			<report>
				<misses>646000001</misses>
				<total>9</total>
				<timestamp>6391.045819</timestamp>
			</report>
			<report>
				<misses>646100001</misses>
				<total>9</total>
				<timestamp>6392.036876</timestamp>
			</report>
			<report>
				<misses>646200001</misses>
				<total>9</total>
				<timestamp>6393.027265</timestamp>
			</report>
			<report>
				<misses>646300001</misses>
				<total>9</total>
				<timestamp>6394.018038</timestamp>
			</report>
			<report>
				<misses>646400001</misses>
				<total>9</total>
				<timestamp>6395.008707</timestamp>
			</report>
			<report>
				<misses>646500001</misses>
				<total>9</total>
				<timestamp>6395.998968</timestamp>
			</report>
			<report>
				<misses>646600001</misses>
				<total>9</total>
				<timestamp>6396.989000</timestamp>
			</report>
			<report>
				<misses>646700001</misses>
				<total>9</total>
				<timestamp>6397.979753</timestamp>
			</report>
			<report>
				<misses>646800001</misses>
				<total>9</total>
				<timestamp>6398.971180</timestamp>
			</report>
			<report>
				<misses>646900001</misses>
				<total>9</total>
				<timestamp>6399.962703</timestamp>
			</report>
			<report>
				<misses>647000001</misses>
				<total>9</total>
				<timestamp>6400.954258</timestamp>
			</report>
			<report>
				<misses>647100001</misses>
				<total>9</total>
				<timestamp>6401.945178</timestamp>
			</report>
			<report>
				<misses>647200001</misses>
				<total>9</total>
				<timestamp>6402.935722</timestamp>
			</report>
			<report>
				<misses>647300001</misses>
				<total>9</total>
				<timestamp>6403.926268</timestamp>
			</report>
			<report>
				<misses>647400001</misses>
				<total>9</total>
				<timestamp>6404.917280</timestamp>
			</report>
			<report>
				<misses>647500001</misses>
				<total>9</total>
				<timestamp>6405.908190</timestamp>
			</report>
			<report>
				<misses>647600001</misses>
				<total>9</total>
				<timestamp>6406.899199</timestamp>
			</report>
			<report>
				<misses>647700001</misses>
				<total>9</total>
				<timestamp>6407.889840</timestamp>
			</report>
			<report>
				<misses>647800001</misses>
				<total>9</total>
				<timestamp>6408.880780</timestamp>
			</report>
			<report>
				<misses>647900001</misses>
				<total>9</total>
				<timestamp>6409.870381</timestamp>
			</report>
			<report>
				<misses>648000001</misses>
				<total>9</total>
				<timestamp>6410.861045</timestamp>
			</report>
			<report>
				<misses>648100001</misses>
				<total>9</total>
				<timestamp>6411.852110</timestamp>
			</report>
			<report>
				<misses>648200001</misses>
				<total>9</total>
				<timestamp>6412.843028</timestamp>
			</report>
			<report>
				<misses>648300001</misses>
				<total>9</total>
				<timestamp>6413.833428</timestamp>
			</report>
			<report>
				<misses>648400001</misses>
				<total>9</total>
				<timestamp>6414.823970</timestamp>
			</report>
			<report>
				<misses>648500001</misses>
				<total>9</total>
				<timestamp>6415.814253</timestamp>
			</report>
			<report>
				<misses>648600001</misses>
				<total>9</total>
				<timestamp>6416.805450</timestamp>
			</report>
			<report>
				<misses>648700001</misses>
				<total>9</total>
				<timestamp>6417.796712</timestamp>
			</report>
			<report>
				<misses>648800001</misses>
				<total>9</total>
				<timestamp>6418.787500</timestamp>
			</report>
			<report>
				<misses>648900001</misses>
				<total>9</total>
				<timestamp>6419.779062</timestamp>
			</report>
			<report>
				<misses>649000001</misses>
				<total>9</total>
				<timestamp>6420.770345</timestamp>
			</report>
			<report>
				<misses>649100001</misses>
				<total>9</total>
				<timestamp>6421.760217</timestamp>
			</report>
			<report>
				<misses>649200001</misses>
				<total>9</total>
				<timestamp>6422.751393</timestamp>
			</report>
			<report>
				<misses>649300001</misses>
				<total>9</total>
				<timestamp>6423.742046</timestamp>
			</report>
			<report>
				<misses>649400001</misses>
				<total>9</total>
				<timestamp>6424.733209</timestamp>
			</report>
			<report>
				<misses>649500001</misses>
				<total>9</total>
				<timestamp>6425.724776</timestamp>
			</report>
			<report>
				<misses>649600001</misses>
				<total>9</total>
				<timestamp>6426.715827</timestamp>
			</report>
			<report>
				<misses>649700001</misses>
				<total>9</total>
				<timestamp>6427.706097</timestamp>
			</report>
			<report>
				<misses>649800001</misses>
				<total>9</total>
				<timestamp>6428.697402</timestamp>
			</report>
			<report>
				<misses>649900001</misses>
				<total>9</total>
				<timestamp>6429.688198</timestamp>
			</report>
			<report>
				<misses>650000001</misses>
				<total>9</total>
				<timestamp>6430.678870</timestamp>
			</report>
			<report>
				<misses>650100001</misses>
				<total>9</total>
				<timestamp>6431.668645</timestamp>
			</report>
			<report>
				<misses>650200001</misses>
				<total>9</total>
				<timestamp>6432.659151</timestamp>
			</report>
			<report>
				<misses>650300001</misses>
				<total>9</total>
				<timestamp>6433.651380</timestamp>
			</report>
			<report>
				<misses>650400001</misses>
				<total>9</total>
				<timestamp>6434.642937</timestamp>
			</report>
			<report>
				<misses>650500001</misses>
				<total>9</total>
				<timestamp>6435.634251</timestamp>
			</report>
			<report>
				<misses>650600001</misses>
				<total>9</total>
				<timestamp>6436.626298</timestamp>
			</report>
			<report>
				<misses>650700001</misses>
				<total>9</total>
				<timestamp>6437.617231</timestamp>
			</report>
			<report>
				<misses>650800001</misses>
				<total>9</total>
				<timestamp>6438.608667</timestamp>
			</report>
			<report>
				<misses>650900001</misses>
				<total>9</total>
				<timestamp>6439.599589</timestamp>
			</report>
			<report>
				<misses>651000001</misses>
				<total>9</total>
				<timestamp>6440.589613</timestamp>
			</report>
			<report>
				<misses>651100001</misses>
				<total>9</total>
				<timestamp>6441.581192</timestamp>
			</report>
			<report>
				<misses>651200001</misses>
				<total>9</total>
				<timestamp>6442.572728</timestamp>
			</report>
			<report>
				<misses>651300001</misses>
				<total>9</total>
				<timestamp>6443.563792</timestamp>
			</report>
			<report>
				<misses>651400001</misses>
				<total>9</total>
				<timestamp>6444.555185</timestamp>
			</report>
			<report>
				<misses>651500001</misses>
				<total>9</total>
				<timestamp>6445.544681</timestamp>
			</report>
			<report>
				<misses>651600001</misses>
				<total>9</total>
				<timestamp>6446.535734</timestamp>
			</report>
			<report>
				<misses>651700001</misses>
				<total>9</total>
				<timestamp>6447.527048</timestamp>
			</report>
			<report>
				<misses>651800001</misses>
				<total>9</total>
				<timestamp>6448.518216</timestamp>
			</report>
			<report>
				<misses>651900001</misses>
				<total>9</total>
				<timestamp>6449.510303</timestamp>
			</report>
			<report>
				<misses>652000001</misses>
				<total>9</total>
				<timestamp>6450.501240</timestamp>
			</report>
			<report>
				<misses>652100001</misses>
				<total>9</total>
				<timestamp>6451.492004</timestamp>
			</report>
			<report>
				<misses>652200001</misses>
				<total>9</total>
				<timestamp>6452.472346</timestamp>
			</report>
			<report>
				<misses>652300001</misses>
				<total>9</total>
				<timestamp>6453.449200</timestamp>
			</report>
			<report>
				<misses>652400001</misses>
				<total>9</total>
				<timestamp>6454.426706</timestamp>
			</report>
			<report>
				<misses>652500001</misses>
				<total>9</total>
				<timestamp>6455.403815</timestamp>
			</report>
			<report>
				<misses>652600001</misses>
				<total>9</total>
				<timestamp>6456.381564</timestamp>
			</report>
			<report>
				<misses>652700001</misses>
				<total>9</total>
				<timestamp>6457.357657</timestamp>
			</report>
			<report>
				<misses>652800001</misses>
				<total>9</total>
				<timestamp>6458.333761</timestamp>
			</report>
			<report>
				<misses>652900001</misses>
				<total>9</total>
				<timestamp>6459.310978</timestamp>
			</report>
			<report>
				<misses>653000001</misses>
				<total>9</total>
				<timestamp>6460.287468</timestamp>
			</report>
			<report>
				<misses>653100001</misses>
				<total>9</total>
				<timestamp>6461.264165</timestamp>
			</report>
			<report>
				<misses>653200001</misses>
				<total>9</total>
				<timestamp>6462.241803</timestamp>
			</report>
			<report>
				<misses>653300001</misses>
				<total>9</total>
				<timestamp>6463.219310</timestamp>
			</report>
			<report>
				<misses>653400001</misses>
				<total>9</total>
				<timestamp>6464.196682</timestamp>
			</report>
			<report>
				<misses>653500001</misses>
				<total>9</total>
				<timestamp>6465.173799</timestamp>
			</report>
			<report>
				<misses>653600001</misses>
				<total>9</total>
				<timestamp>6466.150283</timestamp>
			</report>
			<report>
				<misses>653700001</misses>
				<total>9</total>
				<timestamp>6467.126759</timestamp>
			</report>
			<report>
				<misses>653800001</misses>
				<total>9</total>
				<timestamp>6468.104007</timestamp>
			</report>
			<report>
				<misses>653900001</misses>
				<total>9</total>
				<timestamp>6469.081020</timestamp>
			</report>
			<report>
				<misses>654000001</misses>
				<total>9</total>
				<timestamp>6470.058255</timestamp>
			</report>
			<report>
				<misses>654100001</misses>
				<total>9</total>
				<timestamp>6471.035372</timestamp>
			</report>
			<report>
				<misses>654200001</misses>
				<total>9</total>
				<timestamp>6472.012352</timestamp>
			</report>
			<report>
				<misses>654300001</misses>
				<total>9</total>
				<timestamp>6472.988957</timestamp>
			</report>
			<report>
				<misses>654400001</misses>
				<total>9</total>
				<timestamp>6473.966200</timestamp>
			</report>
			<report>
				<misses>654500001</misses>
				<total>9</total>
				<timestamp>6474.942303</timestamp>
			</report>
			<report>
				<misses>654600001</misses>
				<total>9</total>
				<timestamp>6475.919290</timestamp>
			</report>
			<report>
				<misses>654700001</misses>
				<total>9</total>
				<timestamp>6476.895896</timestamp>
			</report>
			<report>
				<misses>654800001</misses>
				<total>9</total>
				<timestamp>6477.872751</timestamp>
			</report>
			<report>
				<misses>654900001</misses>
				<total>9</total>
				<timestamp>6478.849483</timestamp>
			</report>
			<report>
				<misses>655000001</misses>
				<total>9</total>
				<timestamp>6479.825832</timestamp>
			</report>
			<report>
				<misses>655100001</misses>
				<total>9</total>
				<timestamp>6480.802442</timestamp>
			</report>
			<report>
				<misses>655200001</misses>
				<total>9</total>
				<timestamp>6481.779439</timestamp>
			</report>
			<report>
				<misses>655300001</misses>
				<total>9</total>
				<timestamp>6482.756438</timestamp>
			</report>
			<report>
				<misses>655400001</misses>
				<total>9</total>
				<timestamp>6483.733706</timestamp>
			</report>
			<report>
				<misses>655500001</misses>
				<total>9</total>
				<timestamp>6484.711829</timestamp>
			</report>
			<report>
				<misses>655600001</misses>
				<total>9</total>
				<timestamp>6485.689610</timestamp>
			</report>
			<report>
				<misses>655700001</misses>
				<total>9</total>
				<timestamp>6486.666571</timestamp>
			</report>
			<report>
				<misses>655800001</misses>
				<total>9</total>
				<timestamp>6487.644325</timestamp>
			</report>
			<report>
				<misses>655900001</misses>
				<total>9</total>
				<timestamp>6488.621557</timestamp>
			</report>
			<report>
				<misses>656000001</misses>
				<total>9</total>
				<timestamp>6489.598804</timestamp>
			</report>
			<report>
				<misses>656100001</misses>
				<total>9</total>
				<timestamp>6490.576576</timestamp>
			</report>
			<report>
				<misses>656200001</misses>
				<total>9</total>
				<timestamp>6491.554348</timestamp>
			</report>
			<report>
				<misses>656300001</misses>
				<total>9</total>
				<timestamp>6492.532132</timestamp>
			</report>
			<report>
				<misses>656400001</misses>
				<total>9</total>
				<timestamp>6493.509887</timestamp>
			</report>
			<report>
				<misses>656500001</misses>
				<total>9</total>
				<timestamp>6494.487659</timestamp>
			</report>
			<report>
				<misses>656600001</misses>
				<total>9</total>
				<timestamp>6495.465304</timestamp>
			</report>
			<report>
				<misses>656700001</misses>
				<total>9</total>
				<timestamp>6496.443334</timestamp>
			</report>
			<report>
				<misses>656800001</misses>
				<total>9</total>
				<timestamp>6497.421877</timestamp>
			</report>
			<report>
				<misses>656900001</misses>
				<total>9</total>
				<timestamp>6498.398986</timestamp>
			</report>
			<report>
				<misses>657000001</misses>
				<total>9</total>
				<timestamp>6499.376105</timestamp>
			</report>
			<report>
				<misses>657100001</misses>
				<total>9</total>
				<timestamp>6500.353605</timestamp>
			</report>
			<report>
				<misses>657200001</misses>
				<total>9</total>
				<timestamp>6501.330981</timestamp>
			</report>
			<report>
				<misses>657300001</misses>
				<total>9</total>
				<timestamp>6502.322427</timestamp>
			</report>
			<report>
				<misses>657400001</misses>
				<total>9</total>
				<timestamp>6503.312961</timestamp>
			</report>
			<report>
				<misses>657500001</misses>
				<total>9</total>
				<timestamp>6504.304793</timestamp>
			</report>
			<report>
				<misses>657600001</misses>
				<total>9</total>
				<timestamp>6505.296505</timestamp>
			</report>
			<report>
				<misses>657700001</misses>
				<total>9</total>
				<timestamp>6506.287060</timestamp>
			</report>
			<report>
				<misses>657800001</misses>
				<total>9</total>
				<timestamp>6507.278729</timestamp>
			</report>
			<report>
				<misses>657900001</misses>
				<total>9</total>
				<timestamp>6508.269911</timestamp>
			</report>
			<report>
				<misses>658000001</misses>
				<total>9</total>
				<timestamp>6509.260192</timestamp>
			</report>
			<report>
				<misses>658100001</misses>
				<total>9</total>
				<timestamp>6510.250462</timestamp>
			</report>
			<report>
				<misses>658200001</misses>
				<total>9</total>
				<timestamp>6511.240613</timestamp>
			</report>
			<report>
				<misses>658300001</misses>
				<total>9</total>
				<timestamp>6512.232672</timestamp>
			</report>
			<report>
				<misses>658400001</misses>
				<total>9</total>
				<timestamp>6513.223599</timestamp>
			</report>
			<report>
				<misses>658500001</misses>
				<total>9</total>
				<timestamp>6514.213093</timestamp>
			</report>
			<report>
				<misses>658600001</misses>
				<total>9</total>
				<timestamp>6515.202737</timestamp>
			</report>
			<report>
				<misses>658700001</misses>
				<total>9</total>
				<timestamp>6516.192258</timestamp>
			</report>
			<report>
				<misses>658800001</misses>
				<total>9</total>
				<timestamp>6517.182360</timestamp>
			</report>
			<report>
				<misses>658900001</misses>
				<total>9</total>
				<timestamp>6518.172003</timestamp>
			</report>
			<report>
				<misses>659000001</misses>
				<total>9</total>
				<timestamp>6519.161769</timestamp>
			</report>
			<report>
				<misses>659100001</misses>
				<total>9</total>
				<timestamp>6520.150872</timestamp>
			</report>
			<report>
				<misses>659200001</misses>
				<total>9</total>
				<timestamp>6521.140356</timestamp>
			</report>
			<report>
				<misses>659300001</misses>
				<total>9</total>
				<timestamp>6522.129858</timestamp>
			</report>
			<report>
				<misses>659400001</misses>
				<total>9</total>
				<timestamp>6523.118723</timestamp>
			</report>
			<report>
				<misses>659500001</misses>
				<total>9</total>
				<timestamp>6524.107666</timestamp>
			</report>
			<report>
				<misses>659600001</misses>
				<total>9</total>
				<timestamp>6525.097170</timestamp>
			</report>
			<report>
				<misses>659700001</misses>
				<total>9</total>
				<timestamp>6526.086154</timestamp>
			</report>
			<report>
				<misses>659800001</misses>
				<total>9</total>
				<timestamp>6527.075921</timestamp>
			</report>
			<report>
				<misses>659900001</misses>
				<total>9</total>
				<timestamp>6528.064516</timestamp>
			</report>
			<report>
				<misses>660000001</misses>
				<total>9</total>
				<timestamp>6529.053490</timestamp>
			</report>
			<report>
				<misses>660100001</misses>
				<total>9</total>
				<timestamp>6530.042625</timestamp>
			</report>
			<report>
				<misses>660200001</misses>
				<total>9</total>
				<timestamp>6531.031587</timestamp>
			</report>
			<report>
				<misses>660300001</misses>
				<total>9</total>
				<timestamp>6532.019934</timestamp>
			</report>
			<report>
				<misses>660400001</misses>
				<total>9</total>
				<timestamp>6533.009320</timestamp>
			</report>
			<report>
				<misses>660500001</misses>
				<total>9</total>
				<timestamp>6533.998187</timestamp>
			</report>
			<report>
				<misses>660600001</misses>
				<total>9</total>
				<timestamp>6534.987177</timestamp>
			</report>
			<report>
				<misses>660700001</misses>
				<total>9</total>
				<timestamp>6535.976932</timestamp>
			</report>
			<report>
				<misses>660800001</misses>
				<total>9</total>
				<timestamp>6536.969515</timestamp>
			</report>
			<report>
				<misses>660900001</misses>
				<total>9</total>
				<timestamp>6537.960931</timestamp>
			</report>
			<report>
				<misses>661000001</misses>
				<total>9</total>
				<timestamp>6538.951056</timestamp>
			</report>
			<report>
				<misses>661100001</misses>
				<total>9</total>
				<timestamp>6539.942497</timestamp>
			</report>
			<report>
				<misses>661200001</misses>
				<total>9</total>
				<timestamp>6540.934027</timestamp>
			</report>
			<report>
				<misses>661300001</misses>
				<total>9</total>
				<timestamp>6541.925443</timestamp>
			</report>
			<report>
				<misses>661400001</misses>
				<total>9</total>
				<timestamp>6542.916609</timestamp>
			</report>
			<report>
				<misses>661500001</misses>
				<total>9</total>
				<timestamp>6543.907771</timestamp>
			</report>
			<report>
				<misses>661600001</misses>
				<total>9</total>
				<timestamp>6544.898819</timestamp>
			</report>
			<report>
				<misses>661700001</misses>
				<total>9</total>
				<timestamp>6545.889953</timestamp>
			</report>
			<report>
				<misses>661800001</misses>
				<total>9</total>
				<timestamp>6546.880345</timestamp>
			</report>
			<report>
				<misses>661900001</misses>
				<total>9</total>
				<timestamp>6547.872535</timestamp>
			</report>
			<report>
				<misses>662000001</misses>
				<total>9</total>
				<timestamp>6548.863443</timestamp>
			</report>
			<report>
				<misses>662100001</misses>
				<total>9</total>
				<timestamp>6549.854752</timestamp>
			</report>
			<report>
				<misses>662200001</misses>
				<total>9</total>
				<timestamp>6550.846429</timestamp>
			</report>
			<report>
				<misses>662300001</misses>
				<total>9</total>
				<timestamp>6551.837700</timestamp>
			</report>
			<report>
				<misses>662400001</misses>
				<total>9</total>
				<timestamp>6552.828851</timestamp>
			</report>
			<report>
				<misses>662500001</misses>
				<total>9</total>
				<timestamp>6553.820275</timestamp>
			</report>
			<report>
				<misses>662600001</misses>
				<total>9</total>
				<timestamp>6554.811565</timestamp>
			</report>
			<report>
				<misses>662700001</misses>
				<total>9</total>
				<timestamp>6555.801487</timestamp>
			</report>
			<report>
				<misses>662800001</misses>
				<total>9</total>
				<timestamp>6556.792154</timestamp>
			</report>
			<report>
				<misses>662900001</misses>
				<total>9</total>
				<timestamp>6557.783590</timestamp>
			</report>
			<report>
				<misses>663000001</misses>
				<total>9</total>
				<timestamp>6558.774260</timestamp>
			</report>
			<report>
				<misses>663100001</misses>
				<total>9</total>
				<timestamp>6559.764670</timestamp>
			</report>
			<report>
				<misses>663200001</misses>
				<total>9</total>
				<timestamp>6560.755205</timestamp>
			</report>
			<report>
				<misses>663300001</misses>
				<total>9</total>
				<timestamp>6561.745495</timestamp>
			</report>
			<report>
				<misses>663400001</misses>
				<total>9</total>
				<timestamp>6562.736124</timestamp>
			</report>
			<report>
				<misses>663500001</misses>
				<total>9</total>
				<timestamp>6563.726560</timestamp>
			</report>
			<report>
				<misses>663600001</misses>
				<total>9</total>
				<timestamp>6564.717050</timestamp>
			</report>
			<report>
				<misses>663700001</misses>
				<total>9</total>
				<timestamp>6565.708499</timestamp>
			</report>
			<report>
				<misses>663800001</misses>
				<total>9</total>
				<timestamp>6566.699763</timestamp>
			</report>
			<report>
				<misses>663900001</misses>
				<total>9</total>
				<timestamp>6567.690413</timestamp>
			</report>
			<report>
				<misses>664000001</misses>
				<total>9</total>
				<timestamp>6568.681075</timestamp>
			</report>
			<report>
				<misses>664100001</misses>
				<total>9</total>
				<timestamp>6569.672121</timestamp>
			</report>
			<report>
				<misses>664200001</misses>
				<total>9</total>
				<timestamp>6570.662921</timestamp>
			</report>
			<report>
				<misses>664300001</misses>
				<total>9</total>
				<timestamp>6571.653596</timestamp>
			</report>
			<report>
				<misses>664400001</misses>
				<total>9</total>
				<timestamp>6572.644769</timestamp>
			</report>
			<report>
				<misses>664500001</misses>
				<total>9</total>
				<timestamp>6573.634910</timestamp>
			</report>
			<report>
				<misses>664600001</misses>
				<total>9</total>
				<timestamp>6574.626342</timestamp>
			</report>
			<report>
				<misses>664700001</misses>
				<total>9</total>
				<timestamp>6575.616717</timestamp>
			</report>
			<report>
				<misses>664800001</misses>
				<total>9</total>
				<timestamp>6576.606961</timestamp>
			</report>
			<report>
				<misses>664900001</misses>
				<total>9</total>
				<timestamp>6577.598280</timestamp>
			</report>
			<report>
				<misses>665000001</misses>
				<total>9</total>
				<timestamp>6578.589204</timestamp>
			</report>
			<report>
				<misses>665100001</misses>
				<total>9</total>
				<timestamp>6579.579731</timestamp>
			</report>
			<report>
				<misses>665200001</misses>
				<total>9</total>
				<timestamp>6580.571158</timestamp>
			</report>
			<report>
				<misses>665300001</misses>
				<total>9</total>
				<timestamp>6581.562090</timestamp>
			</report>
			<report>
				<misses>665400001</misses>
				<total>9</total>
				<timestamp>6582.553906</timestamp>
			</report>
			<report>
				<misses>665500001</misses>
				<total>9</total>
				<timestamp>6583.544690</timestamp>
			</report>
			<report>
				<misses>665600001</misses>
				<total>9</total>
				<timestamp>6584.535103</timestamp>
			</report>
			<report>
				<misses>665700001</misses>
				<total>9</total>
				<timestamp>6585.526408</timestamp>
			</report>
			<report>
				<misses>665800001</misses>
				<total>9</total>
				<timestamp>6586.516927</timestamp>
			</report>
			<report>
				<misses>665900001</misses>
				<total>9</total>
				<timestamp>6587.507979</timestamp>
			</report>
			<report>
				<misses>666000001</misses>
				<total>9</total>
				<timestamp>6588.499051</timestamp>
			</report>
			<report>
				<misses>666100001</misses>
				<total>9</total>
				<timestamp>6589.489818</timestamp>
			</report>
			<report>
				<misses>666200001</misses>
				<total>9</total>
				<timestamp>6590.480579</timestamp>
			</report>
			<report>
				<misses>666300001</misses>
				<total>9</total>
				<timestamp>6591.470930</timestamp>
			</report>
			<report>
				<misses>666400001</misses>
				<total>9</total>
				<timestamp>6592.448147</timestamp>
			</report>
			<report>
				<misses>666500001</misses>
				<total>9</total>
				<timestamp>6593.423862</timestamp>
			</report>
			<report>
				<misses>666600001</misses>
				<total>9</total>
				<timestamp>6594.401202</timestamp>
			</report>
			<report>
				<misses>666700001</misses>
				<total>9</total>
				<timestamp>6595.376910</timestamp>
			</report>
			<report>
				<misses>666800001</misses>
				<total>9</total>
				<timestamp>6596.353085</timestamp>
			</report>
			<report>
				<misses>666900001</misses>
				<total>9</total>
				<timestamp>6597.328106</timestamp>
			</report>
			<report>
				<misses>667000001</misses>
				<total>9</total>
				<timestamp>6598.302909</timestamp>
			</report>
			<report>
				<misses>667100001</misses>
				<total>9</total>
				<timestamp>6599.278346</timestamp>
			</report>
			<report>
				<misses>667200001</misses>
				<total>9</total>
				<timestamp>6600.253022</timestamp>
			</report>
			<report>
				<misses>667300001</misses>
				<total>9</total>
				<timestamp>6601.228184</timestamp>
			</report>
			<report>
				<misses>667400001</misses>
				<total>9</total>
				<timestamp>6602.203244</timestamp>
			</report>
			<report>
				<misses>667500001</misses>
				<total>9</total>
				<timestamp>6603.178688</timestamp>
			</report>
			<report>
				<misses>667600001</misses>
				<total>9</total>
				<timestamp>6604.153359</timestamp>
			</report>
			<report>
				<misses>667700001</misses>
				<total>9</total>
				<timestamp>6605.128295</timestamp>
			</report>
			<report>
				<misses>667800001</misses>
				<total>9</total>
				<timestamp>6606.103232</timestamp>
			</report>
			<report>
				<misses>667900001</misses>
				<total>9</total>
				<timestamp>6607.078532</timestamp>
			</report>
			<report>
				<misses>668000001</misses>
				<total>9</total>
				<timestamp>6608.053060</timestamp>
			</report>
			<report>
				<misses>668100001</misses>
				<total>9</total>
				<timestamp>6609.028341</timestamp>
			</report>
			<report>
				<misses>668200001</misses>
				<total>9</total>
				<timestamp>6610.003370</timestamp>
			</report>
			<report>
				<misses>668300001</misses>
				<total>9</total>
				<timestamp>6610.978123</timestamp>
			</report>
			<report>
				<misses>668400001</misses>
				<total>9</total>
				<timestamp>6611.952922</timestamp>
			</report>
			<report>
				<misses>668500001</misses>
				<total>9</total>
				<timestamp>6612.928194</timestamp>
			</report>
			<report>
				<misses>668600001</misses>
				<total>9</total>
				<timestamp>6613.903519</timestamp>
			</report>
			<report>
				<misses>668700001</misses>
				<total>9</total>
				<timestamp>6614.878664</timestamp>
			</report>
			<report>
				<misses>668800001</misses>
				<total>9</total>
				<timestamp>6615.853451</timestamp>
			</report>
			<report>
				<misses>668900001</misses>
				<total>9</total>
				<timestamp>6616.828349</timestamp>
			</report>
			<report>
				<misses>669000001</misses>
				<total>9</total>
				<timestamp>6617.803126</timestamp>
			</report>
			<report>
				<misses>669100001</misses>
				<total>9</total>
				<timestamp>6618.777807</timestamp>
			</report>
			<report>
				<misses>669200001</misses>
				<total>9</total>
				<timestamp>6619.752573</timestamp>
			</report>
			<report>
				<misses>669300001</misses>
				<total>9</total>
				<timestamp>6620.727377</timestamp>
			</report>
			<report>
				<misses>669400001</misses>
				<total>9</total>
				<timestamp>6621.701922</timestamp>
			</report>
			<report>
				<misses>669500001</misses>
				<total>9</total>
				<timestamp>6622.677351</timestamp>
			</report>
			<report>
				<misses>669600001</misses>
				<total>9</total>
				<timestamp>6623.652270</timestamp>
			</report>
			<report>
				<misses>669700001</misses>
				<total>9</total>
				<timestamp>6624.626679</timestamp>
			</report>
			<report>
				<misses>669800001</misses>
				<total>9</total>
				<timestamp>6625.601352</timestamp>
			</report>
			<report>
				<misses>669900001</misses>
				<total>9</total>
				<timestamp>6626.576530</timestamp>
			</report>
			<report>
				<misses>670000001</misses>
				<total>9</total>
				<timestamp>6627.551461</timestamp>
			</report>
			<report>
				<misses>670100001</misses>
				<total>9</total>
				<timestamp>6628.526272</timestamp>
			</report>
			<report>
				<misses>670200001</misses>
				<total>9</total>
				<timestamp>6629.501341</timestamp>
			</report>
			<report>
				<misses>670300001</misses>
				<total>9</total>
				<timestamp>6630.476497</timestamp>
			</report>
			<report>
				<misses>670400001</misses>
				<total>9</total>
				<timestamp>6631.451669</timestamp>
			</report>
			<report>
				<misses>670500001</misses>
				<total>9</total>
				<timestamp>6632.426452</timestamp>
			</report>
			<report>
				<misses>670600001</misses>
				<total>9</total>
				<timestamp>6633.401239</timestamp>
			</report>
			<report>
				<misses>670700001</misses>
				<total>9</total>
				<timestamp>6634.376305</timestamp>
			</report>
			<report>
				<misses>670800001</misses>
				<total>9</total>
				<timestamp>6635.351730</timestamp>
			</report>
			<report>
				<misses>670900001</misses>
				<total>9</total>
				<timestamp>6636.327033</timestamp>
			</report>
			<report>
				<misses>671000001</misses>
				<total>9</total>
				<timestamp>6637.302092</timestamp>
			</report>
			<report>
				<misses>671100001</misses>
				<total>9</total>
				<timestamp>6638.277008</timestamp>
			</report>
			<report>
				<misses>671200001</misses>
				<total>9</total>
				<timestamp>6639.251785</timestamp>
			</report>
			<report>
				<misses>671300001</misses>
				<total>9</total>
				<timestamp>6640.226574</timestamp>
			</report>
			<report>
				<misses>671400001</misses>
				<total>9</total>
				<timestamp>6641.201235</timestamp>
			</report>
			<report>
				<misses>671500001</misses>
				<total>9</total>
				<timestamp>6642.176810</timestamp>
			</report>
			<report>
				<misses>671600001</misses>
				<total>9</total>
				<timestamp>6643.151468</timestamp>
			</report>
			<report>
				<misses>671700001</misses>
				<total>9</total>
				<timestamp>6644.133228</timestamp>
			</report>
			<report>
				<misses>671800001</misses>
				<total>9</total>
				<timestamp>6645.124673</timestamp>
			</report>
			<report>
				<misses>671900001</misses>
				<total>9</total>
				<timestamp>6646.115348</timestamp>
			</report>
			<report>
				<misses>672000001</misses>
				<total>9</total>
				<timestamp>6647.106748</timestamp>
			</report>
			<report>
				<misses>672100001</misses>
				<total>9</total>
				<timestamp>6648.098065</timestamp>
			</report>
			<report>
				<misses>672200001</misses>
				<total>9</total>
				<timestamp>6649.088685</timestamp>
			</report>
			<report>
				<misses>672300001</misses>
				<total>9</total>
				<timestamp>6650.079595</timestamp>
			</report>
			<report>
				<misses>672400001</misses>
				<total>9</total>
				<timestamp>6651.071258</timestamp>
			</report>
			<report>
				<misses>672500001</misses>
				<total>9</total>
				<timestamp>6652.062192</timestamp>
			</report>
			<report>
				<misses>672600001</misses>
				<total>9</total>
				<timestamp>6653.053636</timestamp>
			</report>
			<report>
				<misses>672700001</misses>
				<total>9</total>
				<timestamp>6654.044950</timestamp>
			</report>
			<report>
				<misses>672800001</misses>
				<total>9</total>
				<timestamp>6655.034603</timestamp>
			</report>
			<report>
				<misses>672900001</misses>
				<total>9</total>
				<timestamp>6656.026016</timestamp>
			</report>
			<report>
				<misses>673000001</misses>
				<total>9</total>
				<timestamp>6657.017711</timestamp>
			</report>
			<report>
				<misses>673100001</misses>
				<total>9</total>
				<timestamp>6658.007865</timestamp>
			</report>
			<report>
				<misses>673200001</misses>
				<total>9</total>
				<timestamp>6658.998542</timestamp>
			</report>
			<report>
				<misses>673300001</misses>
				<total>9</total>
				<timestamp>6659.989342</timestamp>
			</report>
			<report>
				<misses>673400001</misses>
				<total>9</total>
				<timestamp>6660.980277</timestamp>
			</report>
			<report>
				<misses>673500001</misses>
				<total>9</total>
				<timestamp>6661.970422</timestamp>
			</report>
			<report>
				<misses>673600001</misses>
				<total>9</total>
				<timestamp>6662.961485</timestamp>
			</report>
			<report>
				<misses>673700001</misses>
				<total>9</total>
				<timestamp>6663.952934</timestamp>
			</report>
			<report>
				<misses>673800001</misses>
				<total>9</total>
				<timestamp>6664.944366</timestamp>
			</report>
			<report>
				<misses>673900001</misses>
				<total>9</total>
				<timestamp>6665.934772</timestamp>
			</report>
			<report>
				<misses>674000001</misses>
				<total>9</total>
				<timestamp>6666.925916</timestamp>
			</report>
			<report>
				<misses>674100001</misses>
				<total>9</total>
				<timestamp>6667.916709</timestamp>
			</report>
			<report>
				<misses>674200001</misses>
				<total>9</total>
				<timestamp>6668.907135</timestamp>
			</report>
			<report>
				<misses>674300001</misses>
				<total>9</total>
				<timestamp>6669.899173</timestamp>
			</report>
			<report>
				<misses>674400001</misses>
				<total>9</total>
				<timestamp>6670.890077</timestamp>
			</report>
			<report>
				<misses>674500001</misses>
				<total>9</total>
				<timestamp>6671.880861</timestamp>
			</report>
			<report>
				<misses>674600001</misses>
				<total>9</total>
				<timestamp>6672.872310</timestamp>
			</report>
			<report>
				<misses>674700001</misses>
				<total>9</total>
				<timestamp>6673.863710</timestamp>
			</report>
			<report>
				<misses>674800001</misses>
				<total>9</total>
				<timestamp>6674.855275</timestamp>
			</report>
			<report>
				<misses>674900001</misses>
				<total>9</total>
				<timestamp>6675.846453</timestamp>
			</report>
			<report>
				<misses>675000001</misses>
				<total>9</total>
				<timestamp>6676.837655</timestamp>
			</report>
			<report>
				<misses>675100001</misses>
				<total>9</total>
				<timestamp>6677.828978</timestamp>
			</report>
			<report>
				<misses>675200001</misses>
				<total>9</total>
				<timestamp>6678.819498</timestamp>
			</report>
			<report>
				<misses>675300001</misses>
				<total>9</total>
				<timestamp>6679.810762</timestamp>
			</report>
			<report>
				<misses>675400001</misses>
				<total>9</total>
				<timestamp>6680.801818</timestamp>
			</report>
			<report>
				<misses>675500001</misses>
				<total>9</total>
				<timestamp>6681.792971</timestamp>
			</report>
			<report>
				<misses>675600001</misses>
				<total>9</total>
				<timestamp>6682.784425</timestamp>
			</report>
			<report>
				<misses>675700001</misses>
				<total>9</total>
				<timestamp>6683.776114</timestamp>
			</report>
			<report>
				<misses>675800001</misses>
				<total>9</total>
				<timestamp>6684.768321</timestamp>
			</report>
			<report>
				<misses>675900001</misses>
				<total>9</total>
				<timestamp>6685.759117</timestamp>
			</report>
			<report>
				<misses>676000001</misses>
				<total>9</total>
				<timestamp>6686.750957</timestamp>
			</report>
			<report>
				<misses>676100001</misses>
				<total>9</total>
				<timestamp>6687.743170</timestamp>
			</report>
			<report>
				<misses>676200001</misses>
				<total>9</total>
				<timestamp>6688.734363</timestamp>
			</report>
			<report>
				<misses>676300001</misses>
				<total>9</total>
				<timestamp>6689.725667</timestamp>
			</report>
			<report>
				<misses>676400001</misses>
				<total>9</total>
				<timestamp>6690.716974</timestamp>
			</report>
			<report>
				<misses>676500001</misses>
				<total>9</total>
				<timestamp>6691.707499</timestamp>
			</report>
			<report>
				<misses>676600001</misses>
				<total>9</total>
				<timestamp>6692.698536</timestamp>
			</report>
			<report>
				<misses>676700001</misses>
				<total>9</total>
				<timestamp>6693.688817</timestamp>
			</report>
			<report>
				<misses>676800001</misses>
				<total>9</total>
				<timestamp>6694.680899</timestamp>
			</report>
			<report>
				<misses>676900001</misses>
				<total>9</total>
				<timestamp>6695.672569</timestamp>
			</report>
			<report>
				<misses>677000001</misses>
				<total>9</total>
				<timestamp>6696.663481</timestamp>
			</report>
			<report>
				<misses>677100001</misses>
				<total>9</total>
				<timestamp>6697.653999</timestamp>
			</report>
			<report>
				<misses>677200001</misses>
				<total>9</total>
				<timestamp>6698.645163</timestamp>
			</report>
			<report>
				<misses>677300001</misses>
				<total>9</total>
				<timestamp>6699.636747</timestamp>
			</report>
			<report>
				<misses>677400001</misses>
				<total>9</total>
				<timestamp>6700.627757</timestamp>
			</report>
			<report>
				<misses>677500001</misses>
				<total>9</total>
				<timestamp>6701.618415</timestamp>
			</report>
			<report>
				<misses>677600001</misses>
				<total>9</total>
				<timestamp>6702.609844</timestamp>
			</report>
			<report>
				<misses>677700001</misses>
				<total>9</total>
				<timestamp>6703.600874</timestamp>
			</report>
			<report>
				<misses>677800001</misses>
				<total>9</total>
				<timestamp>6704.591530</timestamp>
			</report>
			<report>
				<misses>677900001</misses>
				<total>9</total>
				<timestamp>6705.581955</timestamp>
			</report>
			<report>
				<misses>678000001</misses>
				<total>9</total>
				<timestamp>6706.572712</timestamp>
			</report>
			<report>
				<misses>678100001</misses>
				<total>9</total>
				<timestamp>6707.565189</timestamp>
			</report>
			<report>
				<misses>678200001</misses>
				<total>9</total>
				<timestamp>6708.557156</timestamp>
			</report>
			<report>
				<misses>678300001</misses>
				<total>9</total>
				<timestamp>6709.548867</timestamp>
			</report>
			<report>
				<misses>678400001</misses>
				<total>9</total>
				<timestamp>6710.539488</timestamp>
			</report>
			<report>
				<misses>678500001</misses>
				<total>9</total>
				<timestamp>6711.530797</timestamp>
			</report>
			<report>
				<misses>678600001</misses>
				<total>9</total>
				<timestamp>6712.520700</timestamp>
			</report>
			<report>
				<misses>678700001</misses>
				<total>9</total>
				<timestamp>6713.510995</timestamp>
			</report>
			<report>
				<misses>678800001</misses>
				<total>9</total>
				<timestamp>6714.503041</timestamp>
			</report>
			<report>
				<misses>678900001</misses>
				<total>9</total>
				<timestamp>6715.493585</timestamp>
			</report>
			<report>
				<misses>679000001</misses>
				<total>9</total>
				<timestamp>6716.485033</timestamp>
			</report>
			<report>
				<misses>679100001</misses>
				<total>9</total>
				<timestamp>6717.475310</timestamp>
			</report>
			<report>
				<misses>679200001</misses>
				<total>9</total>
				<timestamp>6718.465865</timestamp>
			</report>
			<report>
				<misses>679300001</misses>
				<total>9</total>
				<timestamp>6719.457569</timestamp>
			</report>
			<report>
				<misses>679400001</misses>
				<total>9</total>
				<timestamp>6720.448878</timestamp>
			</report>
			<report>
				<misses>679500001</misses>
				<total>9</total>
				<timestamp>6721.440309</timestamp>
			</report>
			<report>
				<misses>679600001</misses>
				<total>9</total>
				<timestamp>6722.431753</timestamp>
			</report>
			<report>
				<misses>679700001</misses>
				<total>9</total>
				<timestamp>6723.423067</timestamp>
			</report>
			<report>
				<misses>679800001</misses>
				<total>9</total>
				<timestamp>6724.414262</timestamp>
			</report>
			<report>
				<misses>679900001</misses>
				<total>9</total>
				<timestamp>6725.404930</timestamp>
			</report>
			<report>
				<misses>680000001</misses>
				<total>9</total>
				<timestamp>6726.395855</timestamp>
			</report>
			<report>
				<misses>680100001</misses>
				<total>9</total>
				<timestamp>6727.386793</timestamp>
			</report>
			<report>
				<misses>680200001</misses>
				<total>9</total>
				<timestamp>6728.377846</timestamp>
			</report>
			<report>
				<misses>680300001</misses>
				<total>9</total>
				<timestamp>6729.369149</timestamp>
			</report>
			<report>
				<misses>680400001</misses>
				<total>9</total>
				<timestamp>6730.360066</timestamp>
			</report>
			<report>
				<misses>680500001</misses>
				<total>9</total>
				<timestamp>6731.351621</timestamp>
			</report>
			<report>
				<misses>680600001</misses>
				<total>9</total>
				<timestamp>6732.342398</timestamp>
			</report>
			<report>
				<misses>680700001</misses>
				<total>9</total>
				<timestamp>6733.334476</timestamp>
			</report>
			<report>
				<misses>680800001</misses>
				<total>9</total>
				<timestamp>6734.326032</timestamp>
			</report>
			<report>
				<misses>680900001</misses>
				<total>9</total>
				<timestamp>6735.316958</timestamp>
			</report>
			<report>
				<misses>681000001</misses>
				<total>9</total>
				<timestamp>6736.307999</timestamp>
			</report>
			<report>
				<misses>681100001</misses>
				<total>9</total>
				<timestamp>6737.299183</timestamp>
			</report>
			<report>
				<misses>681200001</misses>
				<total>9</total>
				<timestamp>6738.290828</timestamp>
			</report>
			<report>
				<misses>681300001</misses>
				<total>9</total>
				<timestamp>6739.281884</timestamp>
			</report>
			<report>
				<misses>681400001</misses>
				<total>9</total>
				<timestamp>6740.273346</timestamp>
			</report>
			<report>
				<misses>681500001</misses>
				<total>9</total>
				<timestamp>6741.263851</timestamp>
			</report>
			<report>
				<misses>681600001</misses>
				<total>9</total>
				<timestamp>6742.255421</timestamp>
			</report>
			<report>
				<misses>681700001</misses>
				<total>9</total>
				<timestamp>6743.245949</timestamp>
			</report>
			<report>
				<misses>681800001</misses>
				<total>9</total>
				<timestamp>6744.236990</timestamp>
			</report>
			<report>
				<misses>681900001</misses>
				<total>9</total>
				<timestamp>6745.227771</timestamp>
			</report>
			<report>
				<misses>682000001</misses>
				<total>9</total>
				<timestamp>6746.218436</timestamp>
			</report>
			<report>
				<misses>682100001</misses>
				<total>9</total>
				<timestamp>6747.209732</timestamp>
			</report>
			<report>
				<misses>682200001</misses>
				<total>9</total>
				<timestamp>6748.201041</timestamp>
			</report>
			<report>
				<misses>682300001</misses>
				<total>9</total>
				<timestamp>6749.193378</timestamp>
			</report>
			<report>
				<misses>682400001</misses>
				<total>9</total>
				<timestamp>6750.183658</timestamp>
			</report>
			<report>
				<misses>682500001</misses>
				<total>9</total>
				<timestamp>6751.174465</timestamp>
			</report>
			<report>
				<misses>682600001</misses>
				<total>9</total>
				<timestamp>6752.165616</timestamp>
			</report>
			<report>
				<misses>682700001</misses>
				<total>9</total>
				<timestamp>6753.156419</timestamp>
			</report>
			<report>
				<misses>682800001</misses>
				<total>9</total>
				<timestamp>6754.147076</timestamp>
			</report>
			<report>
				<misses>682900001</misses>
				<total>9</total>
				<timestamp>6755.138259</timestamp>
			</report>
			<report>
				<misses>683000001</misses>
				<total>9</total>
				<timestamp>6756.129177</timestamp>
			</report>
			<report>
				<misses>683100001</misses>
				<total>9</total>
				<timestamp>6757.120991</timestamp>
			</report>
			<report>
				<misses>683200001</misses>
				<total>9</total>
				<timestamp>6758.112283</timestamp>
			</report>
			<report>
				<misses>683300001</misses>
				<total>9</total>
				<timestamp>6759.102699</timestamp>
			</report>
			<report>
				<misses>683400001</misses>
				<total>9</total>
				<timestamp>6760.094224</timestamp>
			</report>
			<report>
				<misses>683500001</misses>
				<total>9</total>
				<timestamp>6761.084759</timestamp>
			</report>
			<report>
				<misses>683600001</misses>
				<total>9</total>
				<timestamp>6762.076592</timestamp>
			</report>
			<report>
				<misses>683700001</misses>
				<total>9</total>
				<timestamp>6763.067135</timestamp>
			</report>
			<report>
				<misses>683800001</misses>
				<total>9</total>
				<timestamp>6764.058439</timestamp>
			</report>
			<report>
				<misses>683900001</misses>
				<total>9</total>
				<timestamp>6765.050670</timestamp>
			</report>
			<report>
				<misses>684000001</misses>
				<total>9</total>
				<timestamp>6766.041179</timestamp>
			</report>
			<report>
				<misses>684100001</misses>
				<total>9</total>
				<timestamp>6767.032231</timestamp>
			</report>
			<report>
				<misses>684200001</misses>
				<total>9</total>
				<timestamp>6768.023808</timestamp>
			</report>
			<report>
				<misses>684300001</misses>
				<total>9</total>
				<timestamp>6769.014558</timestamp>
			</report>
			<report>
				<misses>684400001</misses>
				<total>9</total>
				<timestamp>6770.005691</timestamp>
			</report>
			<report>
				<misses>684500001</misses>
				<total>9</total>
				<timestamp>6770.996722</timestamp>
			</report>
			<report>
				<misses>684600001</misses>
				<total>9</total>
				<timestamp>6771.987382</timestamp>
			</report>
			<report>
				<misses>684700001</misses>
				<total>9</total>
				<timestamp>6772.978546</timestamp>
			</report>
			<report>
				<misses>684800001</misses>
				<total>9</total>
				<timestamp>6773.968422</timestamp>
			</report>
			<report>
				<misses>684900001</misses>
				<total>9</total>
				<timestamp>6774.959057</timestamp>
			</report>
			<report>
				<misses>685000001</misses>
				<total>9</total>
				<timestamp>6775.950097</timestamp>
			</report>
			<report>
				<misses>685100001</misses>
				<total>9</total>
				<timestamp>6776.939819</timestamp>
			</report>
			<report>
				<misses>685200001</misses>
				<total>9</total>
				<timestamp>6777.930099</timestamp>
			</report>
			<report>
				<misses>685300001</misses>
				<total>9</total>
				<timestamp>6778.920845</timestamp>
			</report>
			<report>
				<misses>685400001</misses>
				<total>9</total>
				<timestamp>6779.911764</timestamp>
			</report>
			<report>
				<misses>685500001</misses>
				<total>9</total>
				<timestamp>6780.901911</timestamp>
			</report>
			<report>
				<misses>685600001</misses>
				<total>9</total>
				<timestamp>6781.892650</timestamp>
			</report>
			<report>
				<misses>685700001</misses>
				<total>9</total>
				<timestamp>6782.883319</timestamp>
			</report>
			<report>
				<misses>685800001</misses>
				<total>9</total>
				<timestamp>6783.873815</timestamp>
			</report>
			<report>
				<misses>685900001</misses>
				<total>9</total>
				<timestamp>6784.864203</timestamp>
			</report>
			<report>
				<misses>686000001</misses>
				<total>9</total>
				<timestamp>6785.855619</timestamp>
			</report>
			<report>
				<misses>686100001</misses>
				<total>9</total>
				<timestamp>6786.846281</timestamp>
			</report>
			<report>
				<misses>686200001</misses>
				<total>9</total>
				<timestamp>6787.837053</timestamp>
			</report>
			<report>
				<misses>686300001</misses>
				<total>9</total>
				<timestamp>6788.827959</timestamp>
			</report>
			<report>
				<misses>686400001</misses>
				<total>9</total>
				<timestamp>6789.818594</timestamp>
			</report>
			<report>
				<misses>686500001</misses>
				<total>9</total>
				<timestamp>6790.808456</timestamp>
			</report>
			<report>
				<misses>686600001</misses>
				<total>9</total>
				<timestamp>6791.798337</timestamp>
			</report>
			<report>
				<misses>686700001</misses>
				<total>9</total>
				<timestamp>6792.788732</timestamp>
			</report>
			<report>
				<misses>686800001</misses>
				<total>9</total>
				<timestamp>6793.778840</timestamp>
			</report>
			<report>
				<misses>686900001</misses>
				<total>9</total>
				<timestamp>6794.769246</timestamp>
			</report>
			<report>
				<misses>687000001</misses>
				<total>9</total>
				<timestamp>6795.759886</timestamp>
			</report>
			<report>
				<misses>687100001</misses>
				<total>9</total>
				<timestamp>6796.749884</timestamp>
			</report>
			<report>
				<misses>687200001</misses>
				<total>9</total>
				<timestamp>6797.740639</timestamp>
			</report>
			<report>
				<misses>687300001</misses>
				<total>9</total>
				<timestamp>6798.731027</timestamp>
			</report>
			<report>
				<misses>687400001</misses>
				<total>9</total>
				<timestamp>6799.721024</timestamp>
			</report>
			<report>
				<misses>687500001</misses>
				<total>9</total>
				<timestamp>6800.710650</timestamp>
			</report>
			<report>
				<misses>687600001</misses>
				<total>9</total>
				<timestamp>6801.702073</timestamp>
			</report>
			<report>
				<misses>687700001</misses>
				<total>9</total>
				<timestamp>6802.692723</timestamp>
			</report>
			<report>
				<misses>687800001</misses>
				<total>9</total>
				<timestamp>6803.682460</timestamp>
			</report>
			<report>
				<misses>687900001</misses>
				<total>9</total>
				<timestamp>6804.672183</timestamp>
			</report>
			<report>
				<misses>688000001</misses>
				<total>9</total>
				<timestamp>6805.663743</timestamp>
			</report>
			<report>
				<misses>688100001</misses>
				<total>9</total>
				<timestamp>6806.655150</timestamp>
			</report>
			<report>
				<misses>688200001</misses>
				<total>9</total>
				<timestamp>6807.645561</timestamp>
			</report>
			<report>
				<misses>688300001</misses>
				<total>9</total>
				<timestamp>6808.635428</timestamp>
			</report>
			<report>
				<misses>688400001</misses>
				<total>9</total>
				<timestamp>6809.625023</timestamp>
			</report>
			<report>
				<misses>688500001</misses>
				<total>9</total>
				<timestamp>6810.614891</timestamp>
			</report>
			<report>
				<misses>688600001</misses>
				<total>9</total>
				<timestamp>6811.605679</timestamp>
			</report>
			<report>
				<misses>688700001</misses>
				<total>9</total>
				<timestamp>6812.595686</timestamp>
			</report>
			<report>
				<misses>688800001</misses>
				<total>9</total>
				<timestamp>6813.585684</timestamp>
			</report>
			<report>
				<misses>688900001</misses>
				<total>9</total>
				<timestamp>6814.577876</timestamp>
			</report>
			<report>
				<misses>689000001</misses>
				<total>9</total>
				<timestamp>6815.568647</timestamp>
			</report>
			<report>
				<misses>689100001</misses>
				<total>9</total>
				<timestamp>6816.558517</timestamp>
			</report>
			<report>
				<misses>689200001</misses>
				<total>9</total>
				<timestamp>6817.549283</timestamp>
			</report>
			<report>
				<misses>689300001</misses>
				<total>9</total>
				<timestamp>6818.540305</timestamp>
			</report>
			<report>
				<misses>689400001</misses>
				<total>9</total>
				<timestamp>6819.530580</timestamp>
			</report>
			<report>
				<misses>689500001</misses>
				<total>9</total>
				<timestamp>6820.521334</timestamp>
			</report>
			<report>
				<misses>689600001</misses>
				<total>9</total>
				<timestamp>6821.512508</timestamp>
			</report>
			<report>
				<misses>689700001</misses>
				<total>9</total>
				<timestamp>6822.503417</timestamp>
			</report>
			<report>
				<misses>689800001</misses>
				<total>9</total>
				<timestamp>6823.493672</timestamp>
			</report>
			<report>
				<misses>689900001</misses>
				<total>9</total>
				<timestamp>6824.479219</timestamp>
			</report>
			<report>
				<misses>690000001</misses>
				<total>9</total>
				<timestamp>6825.454289</timestamp>
			</report>
			<report>
				<misses>690100001</misses>
				<total>9</total>
				<timestamp>6826.430665</timestamp>
			</report>
			<report>
				<misses>690200001</misses>
				<total>9</total>
				<timestamp>6827.406740</timestamp>
			</report>
			<report>
				<misses>690300001</misses>
				<total>9</total>
				<timestamp>6828.381911</timestamp>
			</report>
			<report>
				<misses>690400001</misses>
				<total>9</total>
				<timestamp>6829.356955</timestamp>
			</report>
			<report>
				<misses>690500001</misses>
				<total>9</total>
				<timestamp>6830.332907</timestamp>
			</report>
			<report>
				<misses>690600001</misses>
				<total>9</total>
				<timestamp>6831.309739</timestamp>
			</report>
			<report>
				<misses>690700001</misses>
				<total>9</total>
				<timestamp>6832.284657</timestamp>
			</report>
			<report>
				<misses>690800001</misses>
				<total>9</total>
				<timestamp>6833.261662</timestamp>
			</report>
			<report>
				<misses>690900001</misses>
				<total>9</total>
				<timestamp>6834.236721</timestamp>
			</report>
			<report>
				<misses>691000001</misses>
				<total>9</total>
				<timestamp>6835.214111</timestamp>
			</report>
			<report>
				<misses>691100001</misses>
				<total>9</total>
				<timestamp>6836.189679</timestamp>
			</report>
			<report>
				<misses>691200001</misses>
				<total>9</total>
				<timestamp>6837.165508</timestamp>
			</report>
			<report>
				<misses>691300001</misses>
				<total>9</total>
				<timestamp>6838.141977</timestamp>
			</report>
			<report>
				<misses>691400001</misses>
				<total>9</total>
				<timestamp>6839.129293</timestamp>
			</report>
			<report>
				<misses>691500001</misses>
				<total>9</total>
				<timestamp>6840.117922</timestamp>
			</report>
			<report>
				<misses>691600001</misses>
				<total>9</total>
				<timestamp>6841.107138</timestamp>
			</report>
			<report>
				<misses>691700001</misses>
				<total>9</total>
				<timestamp>6842.096789</timestamp>
			</report>
			<report>
				<misses>691800001</misses>
				<total>9</total>
				<timestamp>6843.086030</timestamp>
			</report>
			<report>
				<misses>691900001</misses>
				<total>9</total>
				<timestamp>6844.074645</timestamp>
			</report>
			<report>
				<misses>692000001</misses>
				<total>9</total>
				<timestamp>6845.063900</timestamp>
			</report>
			<report>
				<misses>692100001</misses>
				<total>9</total>
				<timestamp>6846.053391</timestamp>
			</report>
			<report>
				<misses>692200001</misses>
				<total>9</total>
				<timestamp>6847.041611</timestamp>
			</report>
			<report>
				<misses>692300001</misses>
				<total>9</total>
				<timestamp>6848.030608</timestamp>
			</report>
			<report>
				<misses>692400001</misses>
				<total>9</total>
				<timestamp>6849.019681</timestamp>
			</report>
			<report>
				<misses>692500001</misses>
				<total>9</total>
				<timestamp>6850.008781</timestamp>
			</report>
			<report>
				<misses>692600001</misses>
				<total>9</total>
				<timestamp>6850.998521</timestamp>
			</report>
			<report>
				<misses>692700001</misses>
				<total>9</total>
				<timestamp>6851.987892</timestamp>
			</report>
			<report>
				<misses>692800001</misses>
				<total>9</total>
				<timestamp>6852.977133</timestamp>
			</report>
			<report>
				<misses>692900001</misses>
				<total>9</total>
				<timestamp>6853.966264</timestamp>
			</report>
			<report>
				<misses>693000001</misses>
				<total>9</total>
				<timestamp>6854.955269</timestamp>
			</report>
			<report>
				<misses>693100001</misses>
				<total>9</total>
				<timestamp>6855.944772</timestamp>
			</report>
			<report>
				<misses>693200001</misses>
				<total>9</total>
				<timestamp>6856.934800</timestamp>
			</report>
			<report>
				<misses>693300001</misses>
				<total>9</total>
				<timestamp>6857.923781</timestamp>
			</report>
			<report>
				<misses>693400001</misses>
				<total>9</total>
				<timestamp>6858.913134</timestamp>
			</report>
			<report>
				<misses>693500001</misses>
				<total>9</total>
				<timestamp>6859.902500</timestamp>
			</report>
			<report>
				<misses>693600001</misses>
				<total>9</total>
				<timestamp>6860.892522</timestamp>
			</report>
			<report>
				<misses>693700001</misses>
				<total>9</total>
				<timestamp>6861.881507</timestamp>
			</report>
			<report>
				<misses>693800001</misses>
				<total>9</total>
				<timestamp>6862.870364</timestamp>
			</report>
			<report>
				<misses>693900001</misses>
				<total>9</total>
				<timestamp>6863.859097</timestamp>
			</report>
			<report>
				<misses>694000001</misses>
				<total>9</total>
				<timestamp>6864.848473</timestamp>
			</report>
			<report>
				<misses>694100001</misses>
				<total>9</total>
				<timestamp>6865.837599</timestamp>
			</report>
			<report>
				<misses>694200001</misses>
				<total>9</total>
				<timestamp>6866.827073</timestamp>
			</report>
			<report>
				<misses>694300001</misses>
				<total>9</total>
				<timestamp>6867.815816</timestamp>
			</report>
			<report>
				<misses>694400001</misses>
				<total>9</total>
				<timestamp>6868.805845</timestamp>
			</report>
			<report>
				<misses>694500001</misses>
				<total>9</total>
				<timestamp>6869.794452</timestamp>
			</report>
			<report>
				<misses>694600001</misses>
				<total>9</total>
				<timestamp>6870.784337</timestamp>
			</report>
			<report>
				<misses>694700001</misses>
				<total>9</total>
				<timestamp>6871.775004</timestamp>
			</report>
			<report>
				<misses>694800001</misses>
				<total>9</total>
				<timestamp>6872.765880</timestamp>
			</report>
			<report>
				<misses>694900001</misses>
				<total>9</total>
				<timestamp>6873.756538</timestamp>
			</report>
			<report>
				<misses>695000001</misses>
				<total>9</total>
				<timestamp>6874.747850</timestamp>
			</report>
			<report>
				<misses>695100001</misses>
				<total>9</total>
				<timestamp>6875.739792</timestamp>
			</report>
			<report>
				<misses>695200001</misses>
				<total>9</total>
				<timestamp>6876.730969</timestamp>
			</report>
			<report>
				<misses>695300001</misses>
				<total>9</total>
				<timestamp>6877.721507</timestamp>
			</report>
			<report>
				<misses>695400001</misses>
				<total>9</total>
				<timestamp>6878.712460</timestamp>
			</report>
			<report>
				<misses>695500001</misses>
				<total>9</total>
				<timestamp>6879.703068</timestamp>
			</report>
			<report>
				<misses>695600001</misses>
				<total>9</total>
				<timestamp>6880.693984</timestamp>
			</report>
			<report>
				<misses>695700001</misses>
				<total>9</total>
				<timestamp>6881.684525</timestamp>
			</report>
			<report>
				<misses>695800001</misses>
				<total>9</total>
				<timestamp>6882.675064</timestamp>
			</report>
			<report>
				<misses>695900001</misses>
				<total>9</total>
				<timestamp>6883.665976</timestamp>
			</report>
			<report>
				<misses>696000001</misses>
				<total>9</total>
				<timestamp>6884.657396</timestamp>
			</report>
			<report>
				<misses>696100001</misses>
				<total>9</total>
				<timestamp>6885.648426</timestamp>
			</report>
			<report>
				<misses>696200001</misses>
				<total>9</total>
				<timestamp>6886.639331</timestamp>
			</report>
			<report>
				<misses>696300001</misses>
				<total>9</total>
				<timestamp>6887.630096</timestamp>
			</report>
			<report>
				<misses>696400001</misses>
				<total>9</total>
				<timestamp>6888.620489</timestamp>
			</report>
			<report>
				<misses>696500001</misses>
				<total>9</total>
				<timestamp>6889.611516</timestamp>
			</report>
			<report>
				<misses>696600001</misses>
				<total>9</total>
				<timestamp>6890.601922</timestamp>
			</report>
			<report>
				<misses>696700001</misses>
				<total>9</total>
				<timestamp>6891.593057</timestamp>
			</report>
			<report>
				<misses>696800001</misses>
				<total>9</total>
				<timestamp>6892.584248</timestamp>
			</report>
			<report>
				<misses>696900001</misses>
				<total>9</total>
				<timestamp>6893.575951</timestamp>
			</report>
			<report>
				<misses>697000001</misses>
				<total>9</total>
				<timestamp>6894.567527</timestamp>
			</report>
			<report>
				<misses>697100001</misses>
				<total>9</total>
				<timestamp>6895.559491</timestamp>
			</report>
			<report>
				<misses>697200001</misses>
				<total>9</total>
				<timestamp>6896.550530</timestamp>
			</report>
			<report>
				<misses>697300001</misses>
				<total>9</total>
				<timestamp>6897.541558</timestamp>
			</report>
			<report>
				<misses>697400001</misses>
				<total>9</total>
				<timestamp>6898.531853</timestamp>
			</report>
			<report>
				<misses>697500001</misses>
				<total>9</total>
				<timestamp>6899.522897</timestamp>
			</report>
			<report>
				<misses>697600001</misses>
				<total>9</total>
				<timestamp>6900.514333</timestamp>
			</report>
			<report>
				<misses>697700001</misses>
				<total>9</total>
				<timestamp>6901.505781</timestamp>
			</report>
			<report>
				<misses>697800001</misses>
				<total>9</total>
				<timestamp>6902.496181</timestamp>
			</report>
			<report>
				<misses>697900001</misses>
				<total>9</total>
				<timestamp>6903.486826</timestamp>
			</report>
			<report>
				<misses>698000001</misses>
				<total>9</total>
				<timestamp>6904.478251</timestamp>
			</report>
			<report>
				<misses>698100001</misses>
				<total>9</total>
				<timestamp>6905.468544</timestamp>
			</report>
			<report>
				<misses>698200001</misses>
				<total>9</total>
				<timestamp>6906.459819</timestamp>
			</report>
			<report>
				<misses>698300001</misses>
				<total>9</total>
				<timestamp>6907.450115</timestamp>
			</report>
			<report>
				<misses>698400001</misses>
				<total>9</total>
				<timestamp>6908.441546</timestamp>
			</report>
			<report>
				<misses>698500001</misses>
				<total>9</total>
				<timestamp>6909.431692</timestamp>
			</report>
			<report>
				<misses>698600001</misses>
				<total>9</total>
				<timestamp>6910.422874</timestamp>
			</report>
			<report>
				<misses>698700001</misses>
				<total>9</total>
				<timestamp>6911.414199</timestamp>
			</report>
			<report>
				<misses>698800001</misses>
				<total>9</total>
				<timestamp>6912.405341</timestamp>
			</report>
			<report>
				<misses>698900001</misses>
				<total>9</total>
				<timestamp>6913.396528</timestamp>
			</report>
			<report>
				<misses>699000001</misses>
				<total>9</total>
				<timestamp>6914.387330</timestamp>
			</report>
			<report>
				<misses>699100001</misses>
				<total>9</total>
				<timestamp>6915.377324</timestamp>
			</report>
			<report>
				<misses>699200001</misses>
				<total>9</total>
				<timestamp>6916.369150</timestamp>
			</report>
			<report>
				<misses>699300001</misses>
				<total>9</total>
				<timestamp>6917.360596</timestamp>
			</report>
			<report>
				<misses>699400001</misses>
				<total>9</total>
				<timestamp>6918.351399</timestamp>
			</report>
			<report>
				<misses>699500001</misses>
				<total>9</total>
				<timestamp>6919.342561</timestamp>
			</report>
			<report>
				<misses>699600001</misses>
				<total>9</total>
				<timestamp>6920.333453</timestamp>
			</report>
			<report>
				<misses>699700001</misses>
				<total>9</total>
				<timestamp>6921.324120</timestamp>
			</report>
			<report>
				<misses>699800001</misses>
				<total>9</total>
				<timestamp>6922.315166</timestamp>
			</report>
			<report>
				<misses>699900001</misses>
				<total>9</total>
				<timestamp>6923.306195</timestamp>
			</report>
			<report>
				<misses>700000001</misses>
				<total>9</total>
				<timestamp>6924.296110</timestamp>
			</report>
			<report>
				<misses>700100001</misses>
				<total>9</total>
				<timestamp>6925.286604</timestamp>
			</report>
			<report>
				<misses>700200001</misses>
				<total>9</total>
				<timestamp>6926.277522</timestamp>
			</report>
			<report>
				<misses>700300001</misses>
				<total>9</total>
				<timestamp>6927.269227</timestamp>
			</report>
			<report>
				<misses>700400001</misses>
				<total>9</total>
				<timestamp>6928.260666</timestamp>
			</report>
			<report>
				<misses>700500001</misses>
				<total>9</total>
				<timestamp>6929.251715</timestamp>
			</report>
			<report>
				<misses>700600001</misses>
				<total>9</total>
				<timestamp>6930.242643</timestamp>
			</report>
			<report>
				<misses>700700001</misses>
				<total>9</total>
				<timestamp>6931.233190</timestamp>
			</report>
			<report>
				<misses>700800001</misses>
				<total>9</total>
				<timestamp>6932.224217</timestamp>
			</report>
			<report>
				<misses>700900001</misses>
				<total>9</total>
				<timestamp>6933.215560</timestamp>
			</report>
			<report>
				<misses>701000001</misses>
				<total>9</total>
				<timestamp>6934.207357</timestamp>
			</report>
			<report>
				<misses>701100001</misses>
				<total>9</total>
				<timestamp>6935.198525</timestamp>
			</report>
			<report>
				<misses>701200001</misses>
				<total>9</total>
				<timestamp>6936.188154</timestamp>
			</report>
			<report>
				<misses>701300001</misses>
				<total>9</total>
				<timestamp>6937.179339</timestamp>
			</report>
			<report>
				<misses>701400001</misses>
				<total>9</total>
				<timestamp>6938.170485</timestamp>
			</report>
			<report>
				<misses>701500001</misses>
				<total>9</total>
				<timestamp>6939.161019</timestamp>
			</report>
			<report>
				<misses>701600001</misses>
				<total>9</total>
				<timestamp>6940.151559</timestamp>
			</report>
			<report>
				<misses>701700001</misses>
				<total>9</total>
				<timestamp>6941.142341</timestamp>
			</report>
			<report>
				<misses>701800001</misses>
				<total>9</total>
				<timestamp>6942.133649</timestamp>
			</report>
			<report>
				<misses>701900001</misses>
				<total>9</total>
				<timestamp>6943.123807</timestamp>
			</report>
			<report>
				<misses>702000001</misses>
				<total>9</total>
				<timestamp>6944.114687</timestamp>
			</report>
			<report>
				<misses>702100001</misses>
				<total>9</total>
				<timestamp>6945.105226</timestamp>
			</report>
			<report>
				<misses>702200001</misses>
				<total>9</total>
				<timestamp>6946.096122</timestamp>
			</report>
			<report>
				<misses>702300001</misses>
				<total>9</total>
				<timestamp>6947.086924</timestamp>
			</report>
			<report>
				<misses>702400001</misses>
				<total>9</total>
				<timestamp>6948.077599</timestamp>
			</report>
			<report>
				<misses>702500001</misses>
				<total>9</total>
				<timestamp>6949.068613</timestamp>
			</report>
			<report>
				<misses>702600001</misses>
				<total>9</total>
				<timestamp>6950.059399</timestamp>
			</report>
			<report>
				<misses>702700001</misses>
				<total>9</total>
				<timestamp>6951.049928</timestamp>
			</report>
			<report>
				<misses>702800001</misses>
				<total>9</total>
				<timestamp>6952.040989</timestamp>
			</report>
			<report>
				<misses>702900001</misses>
				<total>9</total>
				<timestamp>6953.032046</timestamp>
			</report>
			<report>
				<misses>703000001</misses>
				<total>9</total>
				<timestamp>6954.023987</timestamp>
			</report>
			<report>
				<misses>703100001</misses>
				<total>9</total>
				<timestamp>6955.014760</timestamp>
			</report>
			<report>
				<misses>703200001</misses>
				<total>9</total>
				<timestamp>6956.005813</timestamp>
			</report>
			<report>
				<misses>703300001</misses>
				<total>9</total>
				<timestamp>6956.997140</timestamp>
			</report>
			<report>
				<misses>703400001</misses>
				<total>9</total>
				<timestamp>6957.988065</timestamp>
			</report>
			<report>
				<misses>703500001</misses>
				<total>9</total>
				<timestamp>6958.979257</timestamp>
			</report>
			<report>
				<misses>703600001</misses>
				<total>9</total>
				<timestamp>6959.970314</timestamp>
			</report>
			<report>
				<misses>703700001</misses>
				<total>9</total>
				<timestamp>6960.960990</timestamp>
			</report>
			<report>
				<misses>703800001</misses>
				<total>9</total>
				<timestamp>6961.951925</timestamp>
			</report>
			<report>
				<misses>703900001</misses>
				<total>9</total>
				<timestamp>6962.942603</timestamp>
			</report>
			<report>
				<misses>704000001</misses>
				<total>9</total>
				<timestamp>6963.933233</timestamp>
			</report>
			<report>
				<misses>704100001</misses>
				<total>9</total>
				<timestamp>6964.924426</timestamp>
			</report>
			<report>
				<misses>704200001</misses>
				<total>9</total>
				<timestamp>6965.914847</timestamp>
			</report>
			<report>
				<misses>704300001</misses>
				<total>9</total>
				<timestamp>6966.906518</timestamp>
			</report>
			<report>
				<misses>704400001</misses>
				<total>9</total>
				<timestamp>6967.897260</timestamp>
			</report>
			<report>
				<misses>704500001</misses>
				<total>9</total>
				<timestamp>6968.887145</timestamp>
			</report>
			<report>
				<misses>704600001</misses>
				<total>9</total>
				<timestamp>6969.878441</timestamp>
			</report>
			<report>
				<misses>704700001</misses>
				<total>9</total>
				<timestamp>6970.869108</timestamp>
			</report>
			<report>
				<misses>704800001</misses>
				<total>9</total>
				<timestamp>6971.860434</timestamp>
			</report>
			<report>
				<misses>704900001</misses>
				<total>9</total>
				<timestamp>6972.851457</timestamp>
			</report>
			<report>
				<misses>705000001</misses>
				<total>9</total>
				<timestamp>6973.842400</timestamp>
			</report>
			<report>
				<misses>705100001</misses>
				<total>9</total>
				<timestamp>6974.833195</timestamp>
			</report>
			<report>
				<misses>705200001</misses>
				<total>9</total>
				<timestamp>6975.824878</timestamp>
			</report>
			<report>
				<misses>705300001</misses>
				<total>9</total>
				<timestamp>6976.815652</timestamp>
			</report>
			<report>
				<misses>705400001</misses>
				<total>9</total>
				<timestamp>6977.806713</timestamp>
			</report>
			<report>
				<misses>705500001</misses>
				<total>9</total>
				<timestamp>6978.797336</timestamp>
			</report>
			<report>
				<misses>705600001</misses>
				<total>9</total>
				<timestamp>6979.788379</timestamp>
			</report>
			<report>
				<misses>705700001</misses>
				<total>9</total>
				<timestamp>6980.779023</timestamp>
			</report>
			<report>
				<misses>705800001</misses>
				<total>9</total>
				<timestamp>6981.770324</timestamp>
			</report>
			<report>
				<misses>705900001</misses>
				<total>9</total>
				<timestamp>6982.761257</timestamp>
			</report>
			<report>
				<misses>706000001</misses>
				<total>9</total>
				<timestamp>6983.751928</timestamp>
			</report>
			<report>
				<misses>706100001</misses>
				<total>9</total>
				<timestamp>6984.742802</timestamp>
			</report>
			<report>
				<misses>706200001</misses>
				<total>9</total>
				<timestamp>6985.734142</timestamp>
			</report>
			<report>
				<misses>706300001</misses>
				<total>9</total>
				<timestamp>6986.724812</timestamp>
			</report>
			<report>
				<misses>706400001</misses>
				<total>9</total>
				<timestamp>6987.716212</timestamp>
			</report>
			<report>
				<misses>706500001</misses>
				<total>9</total>
				<timestamp>6988.707001</timestamp>
			</report>
			<report>
				<misses>706600001</misses>
				<total>9</total>
				<timestamp>6989.696901</timestamp>
			</report>
			<report>
				<misses>706700001</misses>
				<total>9</total>
				<timestamp>6990.688219</timestamp>
			</report>
			<report>
				<misses>706800001</misses>
				<total>9</total>
				<timestamp>6991.680170</timestamp>
			</report>
			<report>
				<misses>706900001</misses>
				<total>9</total>
				<timestamp>6992.671353</timestamp>
			</report>
			<report>
				<misses>707000001</misses>
				<total>9</total>
				<timestamp>6993.661747</timestamp>
			</report>
			<report>
				<misses>707100001</misses>
				<total>9</total>
				<timestamp>6994.642499</timestamp>
			</report>
			<report>
				<misses>707200001</misses>
				<total>9</total>
				<timestamp>6995.620489</timestamp>
			</report>
			<report>
				<misses>707300001</misses>
				<total>9</total>
				<timestamp>6996.597220</timestamp>
			</report>
			<report>
				<misses>707400001</misses>
				<total>9</total>
				<timestamp>6997.575362</timestamp>
			</report>
			<report>
				<misses>707500001</misses>
				<total>9</total>
				<timestamp>6998.553641</timestamp>
			</report>
			<report>
				<misses>707600001</misses>
				<total>9</total>
				<timestamp>6999.532701</timestamp>
			</report>
			<report>
				<misses>707700001</misses>
				<total>9</total>
				<timestamp>7000.510198</timestamp>
			</report>
			<report>
				<misses>707800001</misses>
				<total>9</total>
				<timestamp>7001.487712</timestamp>
			</report>
			<report>
				<misses>707900001</misses>
				<total>9</total>
				<timestamp>7002.465674</timestamp>
			</report>
			<report>
				<misses>708000001</misses>
				<total>9</total>
				<timestamp>7003.442786</timestamp>
			</report>
			<report>
				<misses>708100001</misses>
				<total>9</total>
				<timestamp>7004.420025</timestamp>
			</report>
			<report>
				<misses>708200001</misses>
				<total>9</total>
				<timestamp>7005.396751</timestamp>
			</report>
			<report>
				<misses>708300001</misses>
				<total>9</total>
				<timestamp>7006.373843</timestamp>
			</report>
			<report>
				<misses>708400001</misses>
				<total>9</total>
				<timestamp>7007.351085</timestamp>
			</report>
			<report>
				<misses>708500001</misses>
				<total>9</total>
				<timestamp>7008.328833</timestamp>
			</report>
			<report>
				<misses>708600001</misses>
				<total>9</total>
				<timestamp>7009.306057</timestamp>
			</report>
			<report>
				<misses>708700001</misses>
				<total>9</total>
				<timestamp>7010.282657</timestamp>
			</report>
			<report>
				<misses>708800001</misses>
				<total>9</total>
				<timestamp>7011.260560</timestamp>
			</report>
			<report>
				<misses>708900001</misses>
				<total>9</total>
				<timestamp>7012.237679</timestamp>
			</report>
			<report>
				<misses>709000001</misses>
				<total>9</total>
				<timestamp>7013.215038</timestamp>
			</report>
			<report>
				<misses>709100001</misses>
				<total>9</total>
				<timestamp>7014.192649</timestamp>
			</report>
			<report>
				<misses>709200001</misses>
				<total>9</total>
				<timestamp>7015.170407</timestamp>
			</report>
			<report>
				<misses>709300001</misses>
				<total>9</total>
				<timestamp>7016.146757</timestamp>
			</report>
			<report>
				<misses>709400001</misses>
				<total>9</total>
				<timestamp>7017.123079</timestamp>
			</report>
			<report>
				<misses>709500001</misses>
				<total>9</total>
				<timestamp>7018.101098</timestamp>
			</report>
			<report>
				<misses>709600001</misses>
				<total>9</total>
				<timestamp>7019.078709</timestamp>
			</report>
			<report>
				<misses>709700001</misses>
				<total>9</total>
				<timestamp>7020.055927</timestamp>
			</report>
			<report>
				<misses>709800001</misses>
				<total>9</total>
				<timestamp>7021.033692</timestamp>
			</report>
			<report>
				<misses>709900001</misses>
				<total>9</total>
				<timestamp>7022.011667</timestamp>
			</report>
			<report>
				<misses>710000001</misses>
				<total>9</total>
				<timestamp>7022.990470</timestamp>
			</report>
			<report>
				<misses>710100001</misses>
				<total>9</total>
				<timestamp>7023.968111</timestamp>
			</report>
			<report>
				<misses>710200001</misses>
				<total>9</total>
				<timestamp>7024.944978</timestamp>
			</report>
			<report>
				<misses>710300001</misses>
				<total>9</total>
				<timestamp>7025.922350</timestamp>
			</report>
			<report>
				<misses>710400001</misses>
				<total>9</total>
				<timestamp>7026.899074</timestamp>
			</report>
			<report>
				<misses>710500001</misses>
				<total>9</total>
				<timestamp>7027.876560</timestamp>
			</report>
			<report>
				<misses>710600001</misses>
				<total>9</total>
				<timestamp>7028.853408</timestamp>
			</report>
			<report>
				<misses>710700001</misses>
				<total>9</total>
				<timestamp>7029.830645</timestamp>
			</report>
			<report>
				<misses>710800001</misses>
				<total>9</total>
				<timestamp>7030.808545</timestamp>
			</report>
			<report>
				<misses>710900001</misses>
				<total>9</total>
				<timestamp>7031.785653</timestamp>
			</report>
			<report>
				<misses>711000001</misses>
				<total>9</total>
				<timestamp>7032.763658</timestamp>
			</report>
			<report>
				<misses>711100001</misses>
				<total>9</total>
				<timestamp>7033.741156</timestamp>
			</report>
			<report>
				<misses>711200001</misses>
				<total>9</total>
				<timestamp>7034.719548</timestamp>
			</report>
			<report>
				<misses>711300001</misses>
				<total>9</total>
				<timestamp>7035.696648</timestamp>
			</report>
			<report>
				<misses>711400001</misses>
				<total>9</total>
				<timestamp>7036.673118</timestamp>
			</report>
			<report>
				<misses>711500001</misses>
				<total>9</total>
				<timestamp>7037.650757</timestamp>
			</report>
			<report>
				<misses>711600001</misses>
				<total>9</total>
				<timestamp>7038.627971</timestamp>
			</report>
			<report>
				<misses>711700001</misses>
				<total>9</total>
				<timestamp>7039.605588</timestamp>
			</report>
			<report>
				<misses>711800001</misses>
				<total>9</total>
				<timestamp>7040.582688</timestamp>
			</report>
			<report>
				<misses>711900001</misses>
				<total>9</total>
				<timestamp>7041.560180</timestamp>
			</report>
			<report>
				<misses>712000001</misses>
				<total>9</total>
				<timestamp>7042.537673</timestamp>
			</report>
			<report>
				<misses>712100001</misses>
				<total>9</total>
				<timestamp>7043.513883</timestamp>
			</report>
			<report>
				<misses>712200001</misses>
				<total>9</total>
				<timestamp>7044.492036</timestamp>
			</report>
			<report>
				<misses>712300001</misses>
				<total>9</total>
				<timestamp>7045.467745</timestamp>
			</report>
			<report>
				<misses>712400001</misses>
				<total>9</total>
				<timestamp>7046.445226</timestamp>
			</report>
			<report>
				<misses>712500001</misses>
				<total>9</total>
				<timestamp>7047.422470</timestamp>
			</report>
			<report>
				<misses>712600001</misses>
				<total>9</total>
				<timestamp>7048.399872</timestamp>
			</report>
			<report>
				<misses>712700001</misses>
				<total>9</total>
				<timestamp>7049.376566</timestamp>
			</report>
			<report>
				<misses>712800001</misses>
				<total>9</total>
				<timestamp>7050.353405</timestamp>
			</report>
			<report>
				<misses>712900001</misses>
				<total>9</total>
				<timestamp>7051.330391</timestamp>
			</report>
			<report>
				<misses>713000001</misses>
				<total>9</total>
				<timestamp>7052.307375</timestamp>
			</report>
			<report>
				<misses>713100001</misses>
				<total>9</total>
				<timestamp>7053.284401</timestamp>
			</report>
			<report>
				<misses>713200001</misses>
				<total>9</total>
				<timestamp>7054.262115</timestamp>
			</report>
			<report>
				<misses>713300001</misses>
				<total>9</total>
				<timestamp>7055.239743</timestamp>
			</report>
			<report>
				<misses>713400001</misses>
				<total>9</total>
				<timestamp>7056.216862</timestamp>
			</report>
			<report>
				<misses>713500001</misses>
				<total>9</total>
				<timestamp>7057.193729</timestamp>
			</report>
			<report>
				<misses>713600001</misses>
				<total>9</total>
				<timestamp>7058.171473</timestamp>
			</report>
			<report>
				<misses>713700001</misses>
				<total>9</total>
				<timestamp>7059.149208</timestamp>
			</report>
			<report>
				<misses>713800001</misses>
				<total>9</total>
				<timestamp>7060.126719</timestamp>
			</report>
			<report>
				<misses>713900001</misses>
				<total>9</total>
				<timestamp>7061.104487</timestamp>
			</report>
			<report>
				<misses>714000001</misses>
				<total>9</total>
				<timestamp>7062.081871</timestamp>
			</report>
			<report>
				<misses>714100001</misses>
				<total>9</total>
				<timestamp>7063.060022</timestamp>
			</report>
			<report>
				<misses>714200001</misses>
				<total>9</total>
				<timestamp>7064.036751</timestamp>
			</report>
			<report>
				<misses>714300001</misses>
				<total>9</total>
				<timestamp>7065.014263</timestamp>
			</report>
			<report>
				<misses>714400001</misses>
				<total>9</total>
				<timestamp>7065.992159</timestamp>
			</report>
			<report>
				<misses>714500001</misses>
				<total>9</total>
				<timestamp>7066.969288</timestamp>
			</report>
			<report>
				<misses>714600001</misses>
				<total>9</total>
				<timestamp>7067.946533</timestamp>
			</report>
			<report>
				<misses>714700001</misses>
				<total>9</total>
				<timestamp>7068.925961</timestamp>
			</report>
			<report>
				<misses>714800001</misses>
				<total>9</total>
				<timestamp>7069.903075</timestamp>
			</report>
			<report>
				<misses>714900001</misses>
				<total>9</total>
				<timestamp>7070.879287</timestamp>
			</report>
			<report>
				<misses>715000001</misses>
				<total>9</total>
				<timestamp>7071.856418</timestamp>
			</report>
			<report>
				<misses>715100001</misses>
				<total>9</total>
				<timestamp>7072.833796</timestamp>
			</report>
			<report>
				<misses>715200001</misses>
				<total>9</total>
				<timestamp>7073.811040</timestamp>
			</report>
			<report>
				<misses>715300001</misses>
				<total>9</total>
				<timestamp>7074.788154</timestamp>
			</report>
			<report>
				<misses>715400001</misses>
				<total>9</total>
				<timestamp>7075.765020</timestamp>
			</report>
			<report>
				<misses>715500001</misses>
				<total>9</total>
				<timestamp>7076.741994</timestamp>
			</report>
			<report>
				<misses>715600001</misses>
				<total>9</total>
				<timestamp>7077.719215</timestamp>
			</report>
			<report>
				<misses>715700001</misses>
				<total>9</total>
				<timestamp>7078.696459</timestamp>
			</report>
			<report>
				<misses>715800001</misses>
				<total>9</total>
				<timestamp>7079.673068</timestamp>
			</report>
			<report>
				<misses>715900001</misses>
				<total>9</total>
				<timestamp>7080.650566</timestamp>
			</report>
			<report>
				<misses>716000001</misses>
				<total>9</total>
				<timestamp>7081.628329</timestamp>
			</report>
			<report>
				<misses>716100001</misses>
				<total>9</total>
				<timestamp>7082.604131</timestamp>
			</report>
			<report>
				<misses>716200001</misses>
				<total>9</total>
				<timestamp>7083.581889</timestamp>
			</report>
			<report>
				<misses>716300001</misses>
				<total>9</total>
				<timestamp>7084.559773</timestamp>
			</report>
			<report>
				<misses>716400001</misses>
				<total>9</total>
				<timestamp>7085.536355</timestamp>
			</report>
			<report>
				<misses>716500001</misses>
				<total>9</total>
				<timestamp>7086.513343</timestamp>
			</report>
			<report>
				<misses>716600001</misses>
				<total>9</total>
				<timestamp>7087.490591</timestamp>
			</report>
			<report>
				<misses>716700001</misses>
				<total>9</total>
				<timestamp>7088.466919</timestamp>
			</report>
			<report>
				<misses>716800001</misses>
				<total>9</total>
				<timestamp>7089.443911</timestamp>
			</report>
			<report>
				<misses>716900001</misses>
				<total>9</total>
				<timestamp>7090.421126</timestamp>
			</report>
			<report>
				<misses>717000001</misses>
				<total>9</total>
				<timestamp>7091.397859</timestamp>
			</report>
			<report>
				<misses>717100001</misses>
				<total>9</total>
				<timestamp>7092.376072</timestamp>
			</report>
			<report>
				<misses>717200001</misses>
				<total>9</total>
				<timestamp>7093.352283</timestamp>
			</report>
			<report>
				<misses>717300001</misses>
				<total>9</total>
				<timestamp>7094.330146</timestamp>
			</report>
			<report>
				<misses>717400001</misses>
				<total>9</total>
				<timestamp>7095.307529</timestamp>
			</report>
			<report>
				<misses>717500001</misses>
				<total>9</total>
				<timestamp>7096.284775</timestamp>
			</report>
			<report>
				<misses>717600001</misses>
				<total>9</total>
				<timestamp>7097.262797</timestamp>
			</report>
			<report>
				<misses>717700001</misses>
				<total>9</total>
				<timestamp>7098.240932</timestamp>
			</report>
			<report>
				<misses>717800001</misses>
				<total>9</total>
				<timestamp>7099.218174</timestamp>
			</report>
			<report>
				<misses>717900001</misses>
				<total>9</total>
				<timestamp>7100.195043</timestamp>
			</report>
			<report>
				<misses>718000001</misses>
				<total>9</total>
				<timestamp>7101.172668</timestamp>
			</report>
			<report>
				<misses>718100001</misses>
				<total>9</total>
				<timestamp>7102.168569</timestamp>
			</report>
			<report>
				<misses>718200001</misses>
				<total>9</total>
				<timestamp>7103.160261</timestamp>
			</report>
			<report>
				<misses>718300001</misses>
				<total>9</total>
				<timestamp>7104.151663</timestamp>
			</report>
			<report>
				<misses>718400001</misses>
				<total>9</total>
				<timestamp>7105.143205</timestamp>
			</report>
			<report>
				<misses>718500001</misses>
				<total>9</total>
				<timestamp>7106.133853</timestamp>
			</report>
			<report>
				<misses>718600001</misses>
				<total>9</total>
				<timestamp>7107.125008</timestamp>
			</report>
			<report>
				<misses>718700001</misses>
				<total>9</total>
				<timestamp>7108.116812</timestamp>
			</report>
			<report>
				<misses>718800001</misses>
				<total>9</total>
				<timestamp>7109.107986</timestamp>
			</report>
			<report>
				<misses>718900001</misses>
				<total>9</total>
				<timestamp>7110.098747</timestamp>
			</report>
			<report>
				<misses>719000001</misses>
				<total>9</total>
				<timestamp>7111.090292</timestamp>
			</report>
			<report>
				<misses>719100001</misses>
				<total>9</total>
				<timestamp>7112.081580</timestamp>
			</report>
			<report>
				<misses>719200001</misses>
				<total>9</total>
				<timestamp>7113.072485</timestamp>
			</report>
			<report>
				<misses>719300001</misses>
				<total>9</total>
				<timestamp>7114.063636</timestamp>
			</report>
			<report>
				<misses>719400001</misses>
				<total>9</total>
				<timestamp>7115.054171</timestamp>
			</report>
			<report>
				<misses>719500001</misses>
				<total>9</total>
				<timestamp>7116.045449</timestamp>
			</report>
			<report>
				<misses>719600001</misses>
				<total>9</total>
				<timestamp>7117.036355</timestamp>
			</report>
			<report>
				<misses>719700001</misses>
				<total>9</total>
				<timestamp>7118.027761</timestamp>
			</report>
			<report>
				<misses>719800001</misses>
				<total>9</total>
				<timestamp>7119.018146</timestamp>
			</report>
			<report>
				<misses>719900001</misses>
				<total>9</total>
				<timestamp>7120.009567</timestamp>
			</report>
			<report>
				<misses>720000001</misses>
				<total>9</total>
				<timestamp>7120.999712</timestamp>
			</report>
			<report>
				<misses>720100001</misses>
				<total>9</total>
				<timestamp>7121.990731</timestamp>
			</report>
			<report>
				<misses>720200001</misses>
				<total>9</total>
				<timestamp>7122.981512</timestamp>
			</report>
			<report>
				<misses>720300001</misses>
				<total>9</total>
				<timestamp>7123.972805</timestamp>
			</report>
			<report>
				<misses>720400001</misses>
				<total>9</total>
				<timestamp>7124.964228</timestamp>
			</report>
			<report>
				<misses>720500001</misses>
				<total>9</total>
				<timestamp>7125.954332</timestamp>
			</report>
			<report>
				<misses>720600001</misses>
				<total>9</total>
				<timestamp>7126.946153</timestamp>
			</report>
			<report>
				<misses>720700001</misses>
				<total>9</total>
				<timestamp>7127.937065</timestamp>
			</report>
			<report>
				<misses>720800001</misses>
				<total>9</total>
				<timestamp>7128.928353</timestamp>
			</report>
			<report>
				<misses>720900001</misses>
				<total>9</total>
				<timestamp>7129.918975</timestamp>
			</report>
			<report>
				<misses>721000001</misses>
				<total>9</total>
				<timestamp>7130.909629</timestamp>
			</report>
			<report>
				<misses>721100001</misses>
				<total>9</total>
				<timestamp>7131.900931</timestamp>
			</report>
			<report>
				<misses>721200001</misses>
				<total>9</total>
				<timestamp>7132.892469</timestamp>
			</report>
			<report>
				<misses>721300001</misses>
				<total>9</total>
				<timestamp>7133.883245</timestamp>
			</report>
			<report>
				<misses>721400001</misses>
				<total>9</total>
				<timestamp>7134.874551</timestamp>
			</report>
			<report>
				<misses>721500001</misses>
				<total>9</total>
				<timestamp>7135.865682</timestamp>
			</report>
			<report>
				<misses>721600001</misses>
				<total>9</total>
				<timestamp>7136.856718</timestamp>
			</report>
			<report>
				<misses>721700001</misses>
				<total>9</total>
				<timestamp>7137.847496</timestamp>
			</report>
			<report>
				<misses>721800001</misses>
				<total>9</total>
				<timestamp>7138.838672</timestamp>
			</report>
			<report>
				<misses>721900001</misses>
				<total>9</total>
				<timestamp>7139.830084</timestamp>
			</report>
			<report>
				<misses>722000001</misses>
				<total>9</total>
				<timestamp>7140.821364</timestamp>
			</report>
			<report>
				<misses>722100001</misses>
				<total>9</total>
				<timestamp>7141.812129</timestamp>
			</report>
			<report>
				<misses>722200001</misses>
				<total>9</total>
				<timestamp>7142.803314</timestamp>
			</report>
			<report>
				<misses>722300001</misses>
				<total>9</total>
				<timestamp>7143.794079</timestamp>
			</report>
			<report>
				<misses>722400001</misses>
				<total>9</total>
				<timestamp>7144.785420</timestamp>
			</report>
			<report>
				<misses>722500001</misses>
				<total>9</total>
				<timestamp>7145.775822</timestamp>
			</report>
			<report>
				<misses>722600001</misses>
				<total>9</total>
				<timestamp>7146.766193</timestamp>
			</report>
			<report>
				<misses>722700001</misses>
				<total>9</total>
				<timestamp>7147.757234</timestamp>
			</report>
			<report>
				<misses>722800001</misses>
				<total>9</total>
				<timestamp>7148.748895</timestamp>
			</report>
			<report>
				<misses>722900001</misses>
				<total>9</total>
				<timestamp>7149.739452</timestamp>
			</report>
			<report>
				<misses>723000001</misses>
				<total>9</total>
				<timestamp>7150.730212</timestamp>
			</report>
			<report>
				<misses>723100001</misses>
				<total>9</total>
				<timestamp>7151.721112</timestamp>
			</report>
			<report>
				<misses>723200001</misses>
				<total>9</total>
				<timestamp>7152.711497</timestamp>
			</report>
			<report>
				<misses>723300001</misses>
				<total>9</total>
				<timestamp>7153.702924</timestamp>
			</report>
			<report>
				<misses>723400001</misses>
				<total>9</total>
				<timestamp>7154.694339</timestamp>
			</report>
			<report>
				<misses>723500001</misses>
				<total>9</total>
				<timestamp>7155.685259</timestamp>
			</report>
			<report>
				<misses>723600001</misses>
				<total>9</total>
				<timestamp>7156.676533</timestamp>
			</report>
			<report>
				<misses>723700001</misses>
				<total>9</total>
				<timestamp>7157.667703</timestamp>
			</report>
			<report>
				<misses>723800001</misses>
				<total>9</total>
				<timestamp>7158.658606</timestamp>
			</report>
			<report>
				<misses>723900001</misses>
				<total>9</total>
				<timestamp>7159.649749</timestamp>
			</report>
			<report>
				<misses>724000001</misses>
				<total>9</total>
				<timestamp>7160.640776</timestamp>
			</report>
			<report>
				<misses>724100001</misses>
				<total>9</total>
				<timestamp>7161.632608</timestamp>
			</report>
			<report>
				<misses>724200001</misses>
				<total>9</total>
				<timestamp>7162.623369</timestamp>
			</report>
			<report>
				<misses>724300001</misses>
				<total>9</total>
				<timestamp>7163.614142</timestamp>
			</report>
			<report>
				<misses>724400001</misses>
				<total>9</total>
				<timestamp>7164.605699</timestamp>
			</report>
			<report>
				<misses>724500001</misses>
				<total>9</total>
				<timestamp>7165.596732</timestamp>
			</report>
			<report>
				<misses>724600001</misses>
				<total>9</total>
				<timestamp>7166.586976</timestamp>
			</report>
			<report>
				<misses>724700001</misses>
				<total>9</total>
				<timestamp>7167.578790</timestamp>
			</report>
			<report>
				<misses>724800001</misses>
				<total>9</total>
				<timestamp>7168.570077</timestamp>
			</report>
			<report>
				<misses>724900001</misses>
				<total>9</total>
				<timestamp>7169.560986</timestamp>
			</report>
			<report>
				<misses>725000001</misses>
				<total>9</total>
				<timestamp>7170.552011</timestamp>
			</report>
			<report>
				<misses>725100001</misses>
				<total>9</total>
				<timestamp>7171.542914</timestamp>
			</report>
			<report>
				<misses>725200001</misses>
				<total>9</total>
				<timestamp>7172.534072</timestamp>
			</report>
			<report>
				<misses>725300001</misses>
				<total>9</total>
				<timestamp>7173.525354</timestamp>
			</report>
			<report>
				<misses>725400001</misses>
				<total>9</total>
				<timestamp>7174.516533</timestamp>
			</report>
			<report>
				<misses>725500001</misses>
				<total>9</total>
				<timestamp>7175.507542</timestamp>
			</report>
			<report>
				<misses>725600001</misses>
				<total>9</total>
				<timestamp>7176.499351</timestamp>
			</report>
			<report>
				<misses>725700001</misses>
				<total>9</total>
				<timestamp>7177.490530</timestamp>
			</report>
			<report>
				<misses>725800001</misses>
				<total>9</total>
				<timestamp>7178.481955</timestamp>
			</report>
			<report>
				<misses>725900001</misses>
				<total>9</total>
				<timestamp>7179.473096</timestamp>
			</report>
			<report>
				<misses>726000001</misses>
				<total>9</total>
				<timestamp>7180.464386</timestamp>
			</report>
			<report>
				<misses>726100001</misses>
				<total>9</total>
				<timestamp>7181.456325</timestamp>
			</report>
			<report>
				<misses>726200001</misses>
				<total>9</total>
				<timestamp>7182.447731</timestamp>
			</report>
			<report>
				<misses>726300001</misses>
				<total>9</total>
				<timestamp>7183.439284</timestamp>
			</report>
			<report>
				<misses>726400001</misses>
				<total>9</total>
				<timestamp>7184.430708</timestamp>
			</report>
			<report>
				<misses>726500001</misses>
				<total>9</total>
				<timestamp>7185.422395</timestamp>
			</report>
			<report>
				<misses>726600001</misses>
				<total>9</total>
				<timestamp>7186.413819</timestamp>
			</report>
			<report>
				<misses>726700001</misses>
				<total>9</total>
				<timestamp>7187.405737</timestamp>
			</report>
			<report>
				<misses>726800001</misses>
				<total>9</total>
				<timestamp>7188.397405</timestamp>
			</report>
			<report>
				<misses>726900001</misses>
				<total>9</total>
				<timestamp>7189.388063</timestamp>
			</report>
			<report>
				<misses>727000001</misses>
				<total>9</total>
				<timestamp>7190.379620</timestamp>
			</report>
			<report>
				<misses>727100001</misses>
				<total>9</total>
				<timestamp>7191.370117</timestamp>
			</report>
			<report>
				<misses>727200001</misses>
				<total>9</total>
				<timestamp>7192.361805</timestamp>
			</report>
			<report>
				<misses>727300001</misses>
				<total>9</total>
				<timestamp>7193.352970</timestamp>
			</report>
			<report>
				<misses>727400001</misses>
				<total>9</total>
				<timestamp>7194.343488</timestamp>
			</report>
			<report>
				<misses>727500001</misses>
				<total>9</total>
				<timestamp>7195.333746</timestamp>
			</report>
			<report>
				<misses>727600001</misses>
				<total>9</total>
				<timestamp>7196.320944</timestamp>
			</report>
			<report>
				<misses>727700001</misses>
				<total>9</total>
				<timestamp>7197.305154</timestamp>
			</report>
			<report>
				<misses>727800001</misses>
				<total>9</total>
				<timestamp>7198.288579</timestamp>
			</report>
			<report>
				<misses>727900001</misses>
				<total>9</total>
				<timestamp>7199.271620</timestamp>
			</report>
		</query>
	</custom>
	<ethtool_statistic>
		<rx_packets>
			<start>12051</start>
			<end>19806</end>
		</rx_packets>
		<tx_packets>
			<start>1145750693</start>
			<end>1873721373</end>
		</tx_packets>
		<rx_dropped>
			<start>0</start>
			<end>0</end>
		</rx_dropped>
		<tx_dropped>
			<start>0</start>
			<end>0</end>
		</tx_dropped>
		<collisions>
			<start>0</start>
			<end>0</end>
		</collisions>
		<port_tx_errors>
			<start>0</start>
			<end>0</end>
		</port_tx_errors>
		<port_rx_dropped>
			<start>0</start>
			<end>0</end>
		</port_rx_dropped>
		<port_tx_dropped_link_down>
			<start>0</start>
			<end>0</end>
		</port_tx_dropped_link_down>
	</ethtool_statistic>
	<ip_statistic>
		<mtu>
			<start>9000</start>
			<end>9000</end>
		</mtu>
		<rx_bytes>
			<start>743737</start>
			<end>1214043</end>
		</rx_bytes>
		<rx_packets>
			<start>12051</start>
			<end>19806</end>
		</rx_packets>
		<rx_errors>
			<start>0</start>
			<end>0</end>
		</rx_errors>
		<rx_dropped>
			<start>0</start>
			<end>0</end>
		</rx_dropped>
		<rx_missed>
			<start>0</start>
			<end>0</end>
		</rx_missed>
		<rx_mcast>
			<start>75</start>
			<end>87</end>
		</rx_mcast>
		<tx_bytes>
			<start>139780681708</start>
			<end>6649225379686</end>
		</tx_bytes>
		<tx_packets>
			<start>1145750693</start>
			<end>1873721373</end>
		</tx_packets>
		<tx_errors>
			<start>0</start>
			<end>0</end>
		</tx_errors>
		<tx_dropped>
			<start>0</start>
			<end>0</end>
		</tx_dropped>
		<tx_carrier>
			<start>0</start>
			<end>0</end>
		</tx_carrier>
		<tx_collisions>
			<start>0</start>
			<end>0</end>
		</tx_collisions>
	</ip_statistic>
	<netstat_statistic>
		<udp_pkg_rec>
			<start>55915</start>
			<end>102416</end>
		</udp_pkg_rec>
		<udp_pkg_snt>
			<start>1145794545</start>
			<end>1873803921</end>
		</udp_pkg_snt>
		<udp_rec_err>
			<start>0</start>
			<end>0</end>
		</udp_rec_err>
		<udp_rec_buf_err>
			<start>0</start>
			<end>0</end>
		</udp_rec_buf_err>
		<udp_snt_buf_err>
			<start>0</start>
			<end>0</end>
		</udp_snt_buf_err>
	</netstat_statistic>
</test_results>
