<?xml version="1.0"?>
<test_results>
	<status>STATUS_SUCCESS</status>
	<custom>
		<num_loss>4</num_loss>
		<num_total>179963317</num_total>
		<num_misses>15186</num_misses>
		<elapsed_time>7199.068163</elapsed_time>
		<query>
			<report>
				<misses>100000</misses>
				<total>0</total>
				<timestamp>4.000366</timestamp>
			</report>
			<report>
				<misses>200000</misses>
				<total>0</total>
				<timestamp>8.000616</timestamp>
			</report>
			<report>
				<misses>300000</misses>
				<total>0</total>
				<timestamp>12.002136</timestamp>
			</report>
			<report>
				<misses>400000</misses>
				<total>0</total>
				<timestamp>16.004156</timestamp>
			</report>
			<report>
				<misses>500000</misses>
				<total>0</total>
				<timestamp>20.006126</timestamp>
			</report>
			<report>
				<misses>600000</misses>
				<total>0</total>
				<timestamp>24.006477</timestamp>
			</report>
			<report>
				<misses>700000</misses>
				<total>0</total>
				<timestamp>28.007644</timestamp>
			</report>
			<report>
				<misses>800000</misses>
				<total>0</total>
				<timestamp>32.007972</timestamp>
			</report>
			<report>
				<misses>900000</misses>
				<total>0</total>
				<timestamp>36.008565</timestamp>
			</report>
			<report>
				<misses>1000000</misses>
				<total>0</total>
				<timestamp>40.009079</timestamp>
			</report>
			<report>
				<misses>1100000</misses>
				<total>0</total>
				<timestamp>44.009401</timestamp>
			</report>
			<report>
				<misses>1200000</misses>
				<total>0</total>
				<timestamp>48.009769</timestamp>
			</report>
			<report>
				<misses>1300000</misses>
				<total>0</total>
				<timestamp>52.010435</timestamp>
			</report>
			<report>
				<misses>1400000</misses>
				<total>0</total>
				<timestamp>56.010887</timestamp>
			</report>
			<report>
				<misses>1500000</misses>
				<total>0</total>
				<timestamp>60.011078</timestamp>
			</report>
			<report>
				<misses>1600000</misses>
				<total>0</total>
				<timestamp>64.012044</timestamp>
			</report>
			<report>
				<misses>1700000</misses>
				<total>0</total>
				<timestamp>68.012865</timestamp>
			</report>
			<report>
				<misses>1800000</misses>
				<total>0</total>
				<timestamp>72.013962</timestamp>
			</report>
			<report>
				<misses>1900000</misses>
				<total>0</total>
				<timestamp>76.014694</timestamp>
			</report>
			<report>
				<misses>2000000</misses>
				<total>0</total>
				<timestamp>80.014873</timestamp>
			</report>
			<report>
				<misses>2100000</misses>
				<total>0</total>
				<timestamp>84.014837</timestamp>
			</report>
			<report>
				<misses>2200000</misses>
				<total>0</total>
				<timestamp>88.015238</timestamp>
			</report>
			<report>
				<misses>2300000</misses>
				<total>0</total>
				<timestamp>92.016318</timestamp>
			</report>
			<report>
				<misses>2400000</misses>
				<total>0</total>
				<timestamp>96.017763</timestamp>
			</report>
			<report>
				<misses>2500000</misses>
				<total>0</total>
				<timestamp>100.018194</timestamp>
			</report>
			<report>
				<misses>2600000</misses>
				<total>0</total>
				<timestamp>104.018625</timestamp>
			</report>
			<report>
				<misses>2700000</misses>
				<total>0</total>
				<timestamp>108.018895</timestamp>
			</report>
			<report>
				<misses>2800000</misses>
				<total>0</total>
				<timestamp>112.019482</timestamp>
			</report>
			<report>
				<misses>2900000</misses>
				<total>0</total>
				<timestamp>116.020137</timestamp>
			</report>
			<report>
				<misses>3000000</misses>
				<total>0</total>
				<timestamp>120.020119</timestamp>
			</report>
			<report>
				<misses>3100000</misses>
				<total>0</total>
				<timestamp>124.020610</timestamp>
			</report>
			<report>
				<misses>3200000</misses>
				<total>0</total>
				<timestamp>128.021282</timestamp>
			</report>
			<report>
				<misses>3300000</misses>
				<total>0</total>
				<timestamp>132.021364</timestamp>
			</report>
			<report>
				<misses>3400000</misses>
				<total>0</total>
				<timestamp>136.021499</timestamp>
			</report>
			<report>
				<misses>3500000</misses>
				<total>0</total>
				<timestamp>140.021488</timestamp>
			</report>
			<report>
				<misses>3600000</misses>
				<total>0</total>
				<timestamp>144.023158</timestamp>
			</report>
			<report>
				<misses>3700000</misses>
				<total>0</total>
				<timestamp>148.024160</timestamp>
			</report>
			<report>
				<misses>3800000</misses>
				<total>0</total>
				<timestamp>152.025006</timestamp>
			</report>
			<report>
				<misses>3900000</misses>
				<total>0</total>
				<timestamp>156.027435</timestamp>
			</report>
			<report>
				<misses>4000000</misses>
				<total>0</total>
				<timestamp>160.028378</timestamp>
			</report>
			<report>
				<misses>4100000</misses>
				<total>0</total>
				<timestamp>164.028850</timestamp>
			</report>
			<report>
				<misses>4200000</misses>
				<total>0</total>
				<timestamp>168.028956</timestamp>
			</report>
			<report>
				<misses>4300000</misses>
				<total>0</total>
				<timestamp>172.029834</timestamp>
			</report>
			<report>
				<misses>4400000</misses>
				<total>0</total>
				<timestamp>176.029840</timestamp>
			</report>
			<report>
				<misses>4500000</misses>
				<total>0</total>
				<timestamp>180.029844</timestamp>
			</report>
			<report>
				<misses>4600000</misses>
				<total>0</total>
				<timestamp>184.029837</timestamp>
			</report>
			<report>
				<misses>4700000</misses>
				<total>0</total>
				<timestamp>188.029852</timestamp>
			</report>
			<report>
				<misses>4800000</misses>
				<total>0</total>
				<timestamp>192.030556</timestamp>
			</report>
			<report>
				<misses>4900000</misses>
				<total>0</total>
				<timestamp>196.030723</timestamp>
			</report>
			<report>
				<misses>5000000</misses>
				<total>0</total>
				<timestamp>200.030759</timestamp>
			</report>
			<report>
				<misses>5100000</misses>
				<total>0</total>
				<timestamp>204.030846</timestamp>
			</report>
			<report>
				<misses>5200000</misses>
				<total>0</total>
				<timestamp>208.030844</timestamp>
			</report>
			<report>
				<misses>5300000</misses>
				<total>0</total>
				<timestamp>212.030892</timestamp>
			</report>
			<report>
				<misses>5400000</misses>
				<total>0</total>
				<timestamp>216.031011</timestamp>
			</report>
			<report>
				<misses>5500000</misses>
				<total>0</total>
				<timestamp>220.031238</timestamp>
			</report>
			<report>
				<misses>5600000</misses>
				<total>0</total>
				<timestamp>224.031341</timestamp>
			</report>
			<report>
				<misses>5700000</misses>
				<total>0</total>
				<timestamp>228.031329</timestamp>
			</report>
			<report>
				<misses>5800000</misses>
				<total>0</total>
				<timestamp>232.032449</timestamp>
			</report>
			<report>
				<misses>5900000</misses>
				<total>0</total>
				<timestamp>236.032696</timestamp>
			</report>
			<report>
				<misses>6000000</misses>
				<total>0</total>
				<timestamp>240.032766</timestamp>
			</report>
			<report>
				<misses>6100000</misses>
				<total>0</total>
				<timestamp>244.032843</timestamp>
			</report>
			<report>
				<misses>6200000</misses>
				<total>0</total>
				<timestamp>248.033735</timestamp>
			</report>
			<report>
				<misses>6300000</misses>
				<total>0</total>
				<timestamp>252.034599</timestamp>
			</report>
			<report>
				<misses>6400000</misses>
				<total>0</total>
				<timestamp>256.034912</timestamp>
			</report>
			<report>
				<misses>6500000</misses>
				<total>0</total>
				<timestamp>260.034925</timestamp>
			</report>
			<report>
				<misses>6600000</misses>
				<total>0</total>
				<timestamp>264.035060</timestamp>
			</report>
			<report>
				<misses>6700000</misses>
				<total>0</total>
				<timestamp>268.035054</timestamp>
			</report>
			<report>
				<misses>6800000</misses>
				<total>0</total>
				<timestamp>272.035178</timestamp>
			</report>
			<report>
				<misses>6900000</misses>
				<total>0</total>
				<timestamp>276.036017</timestamp>
			</report>
			<report>
				<misses>7000000</misses>
				<total>0</total>
				<timestamp>280.036090</timestamp>
			</report>
			<report>
				<misses>7100000</misses>
				<total>0</total>
				<timestamp>284.036293</timestamp>
			</report>
			<report>
				<misses>7200000</misses>
				<total>0</total>
				<timestamp>288.036522</timestamp>
			</report>
			<report>
				<misses>7300000</misses>
				<total>0</total>
				<timestamp>292.037223</timestamp>
			</report>
			<report>
				<misses>7400000</misses>
				<total>0</total>
				<timestamp>296.037238</timestamp>
			</report>
			<report>
				<misses>7500000</misses>
				<total>0</total>
				<timestamp>300.037295</timestamp>
			</report>
			<report>
				<misses>7600000</misses>
				<total>0</total>
				<timestamp>304.037276</timestamp>
			</report>
			<report>
				<misses>7700000</misses>
				<total>0</total>
				<timestamp>308.037311</timestamp>
			</report>
			<report>
				<misses>7800000</misses>
				<total>0</total>
				<timestamp>312.037295</timestamp>
			</report>
			<report>
				<misses>7900000</misses>
				<total>0</total>
				<timestamp>316.037281</timestamp>
			</report>
			<report>
				<misses>8000000</misses>
				<total>0</total>
				<timestamp>320.037277</timestamp>
			</report>
			<report>
				<misses>8100000</misses>
				<total>0</total>
				<timestamp>324.037289</timestamp>
			</report>
			<report>
				<misses>8200000</misses>
				<total>0</total>
				<timestamp>328.037287</timestamp>
			</report>
			<report>
				<misses>8300000</misses>
				<total>0</total>
				<timestamp>332.037300</timestamp>
			</report>
			<report>
				<misses>8400000</misses>
				<total>0</total>
				<timestamp>336.037290</timestamp>
			</report>
			<report>
				<misses>8500000</misses>
				<total>0</total>
				<timestamp>340.037284</timestamp>
			</report>
			<report>
				<misses>8600000</misses>
				<total>0</total>
				<timestamp>344.037308</timestamp>
			</report>
			<report>
				<misses>8700000</misses>
				<total>0</total>
				<timestamp>348.037294</timestamp>
			</report>
			<report>
				<misses>8800000</misses>
				<total>0</total>
				<timestamp>352.037323</timestamp>
			</report>
			<report>
				<misses>8900000</misses>
				<total>0</total>
				<timestamp>356.037323</timestamp>
			</report>
			<report>
				<misses>9000000</misses>
				<total>0</total>
				<timestamp>360.037351</timestamp>
			</report>
			<report>
				<misses>9100000</misses>
				<total>0</total>
				<timestamp>364.037317</timestamp>
			</report>
			<report>
				<misses>9200000</misses>
				<total>0</total>
				<timestamp>368.037345</timestamp>
			</report>
			<report>
				<misses>9300000</misses>
				<total>0</total>
				<timestamp>372.037325</timestamp>
			</report>
			<report>
				<misses>9400000</misses>
				<total>0</total>
				<timestamp>376.037325</timestamp>
			</report>
			<report>
				<misses>9500000</misses>
				<total>0</total>
				<timestamp>380.037319</timestamp>
			</report>
			<report>
				<misses>9600000</misses>
				<total>0</total>
				<timestamp>384.037336</timestamp>
			</report>
			<report>
				<misses>9700000</misses>
				<total>0</total>
				<timestamp>388.037328</timestamp>
			</report>
			<report>
				<misses>9800000</misses>
				<total>0</total>
				<timestamp>392.037323</timestamp>
			</report>
			<report>
				<misses>9900000</misses>
				<total>0</total>
				<timestamp>396.037319</timestamp>
			</report>
			<report>
				<misses>10000000</misses>
				<total>0</total>
				<timestamp>400.037327</timestamp>
			</report>
			<report>
				<misses>10100000</misses>
				<total>0</total>
				<timestamp>404.037332</timestamp>
			</report>
			<report>
				<misses>10200000</misses>
				<total>0</total>
				<timestamp>408.037332</timestamp>
			</report>
			<report>
				<misses>10300000</misses>
				<total>0</total>
				<timestamp>412.037362</timestamp>
			</report>
			<report>
				<misses>10400000</misses>
				<total>0</total>
				<timestamp>416.037361</timestamp>
			</report>
			<report>
				<misses>10500000</misses>
				<total>0</total>
				<timestamp>420.037369</timestamp>
			</report>
			<report>
				<misses>10600000</misses>
				<total>0</total>
				<timestamp>424.037357</timestamp>
			</report>
			<report>
				<misses>10700000</misses>
				<total>0</total>
				<timestamp>428.037360</timestamp>
			</report>
			<report>
				<misses>10800000</misses>
				<total>0</total>
				<timestamp>432.037369</timestamp>
			</report>
			<report>
				<misses>10900000</misses>
				<total>0</total>
				<timestamp>436.037790</timestamp>
			</report>
			<report>
				<misses>11000000</misses>
				<total>0</total>
				<timestamp>440.037931</timestamp>
			</report>
			<report>
				<misses>11100000</misses>
				<total>0</total>
				<timestamp>444.038407</timestamp>
			</report>
			<report>
				<misses>11200000</misses>
				<total>0</total>
				<timestamp>448.038395</timestamp>
			</report>
			<report>
				<misses>11300000</misses>
				<total>0</total>
				<timestamp>452.038577</timestamp>
			</report>
			<report>
				<misses>11400000</misses>
				<total>0</total>
				<timestamp>456.038809</timestamp>
			</report>
			<report>
				<misses>11500000</misses>
				<total>0</total>
				<timestamp>460.039727</timestamp>
			</report>
			<report>
				<misses>11600000</misses>
				<total>0</total>
				<timestamp>464.040728</timestamp>
			</report>
			<report>
				<misses>11700000</misses>
				<total>0</total>
				<timestamp>468.041134</timestamp>
			</report>
			<report>
				<misses>11800000</misses>
				<total>0</total>
				<timestamp>472.041123</timestamp>
			</report>
			<report>
				<misses>11900000</misses>
				<total>0</total>
				<timestamp>476.041649</timestamp>
			</report>
			<report>
				<misses>12000000</misses>
				<total>0</total>
				<timestamp>480.041801</timestamp>
			</report>
			<report>
				<misses>12100000</misses>
				<total>0</total>
				<timestamp>484.042845</timestamp>
			</report>
			<report>
				<misses>12200000</misses>
				<total>0</total>
				<timestamp>488.043203</timestamp>
			</report>
			<report>
				<misses>12300000</misses>
				<total>0</total>
				<timestamp>492.043352</timestamp>
			</report>
			<report>
				<misses>12400000</misses>
				<total>0</total>
				<timestamp>496.044127</timestamp>
			</report>
			<report>
				<misses>12500000</misses>
				<total>0</total>
				<timestamp>500.045839</timestamp>
			</report>
			<report>
				<misses>12600000</misses>
				<total>0</total>
				<timestamp>504.046435</timestamp>
			</report>
			<report>
				<misses>12700000</misses>
				<total>0</total>
				<timestamp>508.046864</timestamp>
			</report>
			<report>
				<misses>12800000</misses>
				<total>0</total>
				<timestamp>512.046915</timestamp>
			</report>
			<report>
				<misses>12900000</misses>
				<total>0</total>
				<timestamp>516.046938</timestamp>
			</report>
			<report>
				<misses>13000000</misses>
				<total>0</total>
				<timestamp>520.046955</timestamp>
			</report>
			<report>
				<misses>13100000</misses>
				<total>0</total>
				<timestamp>524.047761</timestamp>
			</report>
			<report>
				<misses>13200000</misses>
				<total>0</total>
				<timestamp>528.048675</timestamp>
			</report>
			<report>
				<misses>13300000</misses>
				<total>0</total>
				<timestamp>532.049027</timestamp>
			</report>
			<report>
				<misses>13400000</misses>
				<total>0</total>
				<timestamp>536.051466</timestamp>
			</report>
			<report>
				<misses>13500000</misses>
				<total>0</total>
				<timestamp>540.053361</timestamp>
			</report>
			<report>
				<misses>13600000</misses>
				<total>0</total>
				<timestamp>544.055128</timestamp>
			</report>
			<report>
				<misses>13700000</misses>
				<total>0</total>
				<timestamp>548.055824</timestamp>
			</report>
			<report>
				<misses>13800000</misses>
				<total>0</total>
				<timestamp>552.056044</timestamp>
			</report>
			<report>
				<misses>13900000</misses>
				<total>0</total>
				<timestamp>556.056663</timestamp>
			</report>
			<report>
				<misses>14000000</misses>
				<total>0</total>
				<timestamp>560.056804</timestamp>
			</report>
			<report>
				<misses>14100000</misses>
				<total>0</total>
				<timestamp>564.057117</timestamp>
			</report>
			<report>
				<misses>14200000</misses>
				<total>0</total>
				<timestamp>568.057444</timestamp>
			</report>
			<report>
				<misses>14300000</misses>
				<total>0</total>
				<timestamp>572.058284</timestamp>
			</report>
			<report>
				<misses>14400000</misses>
				<total>0</total>
				<timestamp>576.058755</timestamp>
			</report>
			<report>
				<misses>14500000</misses>
				<total>0</total>
				<timestamp>580.059617</timestamp>
			</report>
			<report>
				<misses>14600000</misses>
				<total>0</total>
				<timestamp>584.060255</timestamp>
			</report>
			<report>
				<misses>14700000</misses>
				<total>0</total>
				<timestamp>588.060656</timestamp>
			</report>
			<report>
				<misses>14800000</misses>
				<total>0</total>
				<timestamp>592.060638</timestamp>
			</report>
			<report>
				<misses>14900000</misses>
				<total>0</total>
				<timestamp>596.061205</timestamp>
			</report>
			<report>
				<misses>15000000</misses>
				<total>0</total>
				<timestamp>600.061278</timestamp>
			</report>
			<report>
				<misses>15100000</misses>
				<total>0</total>
				<timestamp>604.061337</timestamp>
			</report>
			<report>
				<misses>15200000</misses>
				<total>0</total>
				<timestamp>608.061336</timestamp>
			</report>
			<report>
				<misses>15300000</misses>
				<total>0</total>
				<timestamp>612.061321</timestamp>
			</report>
			<report>
				<misses>15400000</misses>
				<total>0</total>
				<timestamp>616.061768</timestamp>
			</report>
			<report>
				<misses>15500000</misses>
				<total>0</total>
				<timestamp>620.062978</timestamp>
			</report>
			<report>
				<misses>15600000</misses>
				<total>0</total>
				<timestamp>624.063119</timestamp>
			</report>
			<report>
				<misses>15700000</misses>
				<total>0</total>
				<timestamp>628.063249</timestamp>
			</report>
			<report>
				<misses>15800000</misses>
				<total>0</total>
				<timestamp>632.063443</timestamp>
			</report>
			<report>
				<misses>15900000</misses>
				<total>0</total>
				<timestamp>636.063441</timestamp>
			</report>
			<report>
				<misses>16000000</misses>
				<total>0</total>
				<timestamp>640.063428</timestamp>
			</report>
			<report>
				<misses>16100000</misses>
				<total>0</total>
				<timestamp>644.063772</timestamp>
			</report>
			<report>
				<misses>16200000</misses>
				<total>0</total>
				<timestamp>648.064023</timestamp>
			</report>
			<report>
				<misses>16300000</misses>
				<total>0</total>
				<timestamp>652.064413</timestamp>
			</report>
			<report>
				<misses>16400000</misses>
				<total>0</total>
				<timestamp>656.064408</timestamp>
			</report>
			<report>
				<misses>16500000</misses>
				<total>0</total>
				<timestamp>660.064626</timestamp>
			</report>
			<report>
				<misses>16600000</misses>
				<total>0</total>
				<timestamp>664.065285</timestamp>
			</report>
			<report>
				<misses>16700000</misses>
				<total>0</total>
				<timestamp>668.065948</timestamp>
			</report>
			<report>
				<misses>16800000</misses>
				<total>0</total>
				<timestamp>672.066083</timestamp>
			</report>
			<report>
				<misses>16900000</misses>
				<total>0</total>
				<timestamp>676.067520</timestamp>
			</report>
			<report>
				<misses>17000000</misses>
				<total>0</total>
				<timestamp>680.067527</timestamp>
			</report>
			<report>
				<misses>17100000</misses>
				<total>0</total>
				<timestamp>684.068086</timestamp>
			</report>
			<report>
				<misses>17200000</misses>
				<total>0</total>
				<timestamp>688.068644</timestamp>
			</report>
			<report>
				<misses>17300000</misses>
				<total>0</total>
				<timestamp>692.069968</timestamp>
			</report>
			<report>
				<misses>17400000</misses>
				<total>0</total>
				<timestamp>696.070767</timestamp>
			</report>
			<report>
				<misses>17500000</misses>
				<total>0</total>
				<timestamp>700.071905</timestamp>
			</report>
			<report>
				<misses>17600000</misses>
				<total>0</total>
				<timestamp>704.072778</timestamp>
			</report>
			<report>
				<misses>17700000</misses>
				<total>0</total>
				<timestamp>708.074001</timestamp>
			</report>
			<report>
				<misses>17800000</misses>
				<total>0</total>
				<timestamp>712.074285</timestamp>
			</report>
			<report>
				<misses>17900000</misses>
				<total>0</total>
				<timestamp>716.074877</timestamp>
			</report>
			<report>
				<misses>18000000</misses>
				<total>0</total>
				<timestamp>720.076010</timestamp>
			</report>
			<report>
				<misses>18100000</misses>
				<total>0</total>
				<timestamp>724.077729</timestamp>
			</report>
			<report>
				<misses>18200000</misses>
				<total>0</total>
				<timestamp>728.077732</timestamp>
			</report>
			<report>
				<misses>18300000</misses>
				<total>0</total>
				<timestamp>732.077841</timestamp>
			</report>
			<report>
				<misses>18400000</misses>
				<total>0</total>
				<timestamp>736.078583</timestamp>
			</report>
			<report>
				<misses>18500000</misses>
				<total>0</total>
				<timestamp>740.079160</timestamp>
			</report>
			<report>
				<misses>18600000</misses>
				<total>0</total>
				<timestamp>744.079158</timestamp>
			</report>
			<report>
				<misses>18700000</misses>
				<total>0</total>
				<timestamp>748.079886</timestamp>
			</report>
			<report>
				<misses>18800000</misses>
				<total>0</total>
				<timestamp>752.079930</timestamp>
			</report>
			<report>
				<misses>18900000</misses>
				<total>0</total>
				<timestamp>756.080164</timestamp>
			</report>
			<report>
				<misses>19000000</misses>
				<total>0</total>
				<timestamp>760.080757</timestamp>
			</report>
			<report>
				<misses>19100000</misses>
				<total>0</total>
				<timestamp>764.081060</timestamp>
			</report>
			<report>
				<misses>19200000</misses>
				<total>0</total>
				<timestamp>768.081322</timestamp>
			</report>
			<report>
				<misses>19300000</misses>
				<total>0</total>
				<timestamp>772.081333</timestamp>
			</report>
			<report>
				<misses>19400000</misses>
				<total>0</total>
				<timestamp>776.081411</timestamp>
			</report>
			<report>
				<misses>19500000</misses>
				<total>0</total>
				<timestamp>780.081693</timestamp>
			</report>
			<report>
				<misses>19600000</misses>
				<total>0</total>
				<timestamp>784.081997</timestamp>
			</report>
			<report>
				<misses>19700000</misses>
				<total>0</total>
				<timestamp>788.082120</timestamp>
			</report>
			<report>
				<misses>19800000</misses>
				<total>0</total>
				<timestamp>792.082137</timestamp>
			</report>
			<report>
				<misses>19900000</misses>
				<total>0</total>
				<timestamp>796.082928</timestamp>
			</report>
			<report>
				<misses>20000000</misses>
				<total>0</total>
				<timestamp>800.083285</timestamp>
			</report>
			<report>
				<misses>20100000</misses>
				<total>0</total>
				<timestamp>804.083282</timestamp>
			</report>
			<report>
				<misses>20200000</misses>
				<total>0</total>
				<timestamp>808.083286</timestamp>
			</report>
			<report>
				<misses>20300000</misses>
				<total>0</total>
				<timestamp>812.083321</timestamp>
			</report>
			<report>
				<misses>20400000</misses>
				<total>0</total>
				<timestamp>816.083317</timestamp>
			</report>
			<report>
				<misses>20500000</misses>
				<total>0</total>
				<timestamp>820.083372</timestamp>
			</report>
			<report>
				<misses>20600000</misses>
				<total>0</total>
				<timestamp>824.083365</timestamp>
			</report>
			<report>
				<misses>20700000</misses>
				<total>0</total>
				<timestamp>828.083378</timestamp>
			</report>
			<report>
				<misses>20800000</misses>
				<total>0</total>
				<timestamp>832.083368</timestamp>
			</report>
			<report>
				<misses>20900000</misses>
				<total>0</total>
				<timestamp>836.083732</timestamp>
			</report>
			<report>
				<misses>21000000</misses>
				<total>0</total>
				<timestamp>840.083724</timestamp>
			</report>
			<report>
				<misses>21100000</misses>
				<total>0</total>
				<timestamp>844.083728</timestamp>
			</report>
			<report>
				<misses>21200000</misses>
				<total>0</total>
				<timestamp>848.083723</timestamp>
			</report>
			<report>
				<misses>21300000</misses>
				<total>0</total>
				<timestamp>852.083733</timestamp>
			</report>
			<report>
				<misses>21400000</misses>
				<total>0</total>
				<timestamp>856.083746</timestamp>
			</report>
			<report>
				<misses>21500000</misses>
				<total>0</total>
				<timestamp>860.083768</timestamp>
			</report>
			<report>
				<misses>21600000</misses>
				<total>0</total>
				<timestamp>864.083759</timestamp>
			</report>
			<report>
				<misses>21700000</misses>
				<total>0</total>
				<timestamp>868.083852</timestamp>
			</report>
			<report>
				<misses>21800000</misses>
				<total>0</total>
				<timestamp>872.083849</timestamp>
			</report>
			<report>
				<misses>21900000</misses>
				<total>0</total>
				<timestamp>876.083851</timestamp>
			</report>
			<report>
				<misses>22000000</misses>
				<total>0</total>
				<timestamp>880.083848</timestamp>
			</report>
			<report>
				<misses>22100000</misses>
				<total>0</total>
				<timestamp>884.083856</timestamp>
			</report>
			<report>
				<misses>22200000</misses>
				<total>0</total>
				<timestamp>888.083841</timestamp>
			</report>
			<report>
				<misses>22300000</misses>
				<total>0</total>
				<timestamp>892.083847</timestamp>
			</report>
			<report>
				<misses>22400000</misses>
				<total>0</total>
				<timestamp>896.083858</timestamp>
			</report>
			<report>
				<misses>22500000</misses>
				<total>0</total>
				<timestamp>900.083849</timestamp>
			</report>
			<report>
				<misses>22600000</misses>
				<total>0</total>
				<timestamp>904.083845</timestamp>
			</report>
			<report>
				<misses>22700000</misses>
				<total>0</total>
				<timestamp>908.083841</timestamp>
			</report>
			<report>
				<misses>22800000</misses>
				<total>0</total>
				<timestamp>912.083849</timestamp>
			</report>
			<report>
				<misses>22900000</misses>
				<total>0</total>
				<timestamp>916.083872</timestamp>
			</report>
			<report>
				<misses>23000000</misses>
				<total>0</total>
				<timestamp>920.083852</timestamp>
			</report>
			<report>
				<misses>23100000</misses>
				<total>0</total>
				<timestamp>924.083887</timestamp>
			</report>
			<report>
				<misses>23200000</misses>
				<total>0</total>
				<timestamp>928.083884</timestamp>
			</report>
			<report>
				<misses>23300000</misses>
				<total>0</total>
				<timestamp>932.083890</timestamp>
			</report>
			<report>
				<misses>23400000</misses>
				<total>0</total>
				<timestamp>936.083899</timestamp>
			</report>
			<report>
				<misses>23500000</misses>
				<total>0</total>
				<timestamp>940.083907</timestamp>
			</report>
			<report>
				<misses>23600000</misses>
				<total>0</total>
				<timestamp>944.083888</timestamp>
			</report>
			<report>
				<misses>23700000</misses>
				<total>0</total>
				<timestamp>948.083879</timestamp>
			</report>
			<report>
				<misses>23800000</misses>
				<total>0</total>
				<timestamp>952.083898</timestamp>
			</report>
			<report>
				<misses>23900000</misses>
				<total>0</total>
				<timestamp>956.083888</timestamp>
			</report>
			<report>
				<misses>24000000</misses>
				<total>0</total>
				<timestamp>960.083881</timestamp>
			</report>
			<report>
				<misses>24100000</misses>
				<total>0</total>
				<timestamp>964.083876</timestamp>
			</report>
			<report>
				<misses>24200000</misses>
				<total>0</total>
				<timestamp>968.083877</timestamp>
			</report>
			<report>
				<misses>24300000</misses>
				<total>0</total>
				<timestamp>972.083892</timestamp>
			</report>
			<report>
				<misses>24400000</misses>
				<total>0</total>
				<timestamp>976.083930</timestamp>
			</report>
			<report>
				<misses>24500000</misses>
				<total>0</total>
				<timestamp>980.083932</timestamp>
			</report>
			<report>
				<misses>24600000</misses>
				<total>0</total>
				<timestamp>984.083932</timestamp>
			</report>
			<report>
				<misses>24700000</misses>
				<total>0</total>
				<timestamp>988.083936</timestamp>
			</report>
			<report>
				<misses>24800000</misses>
				<total>0</total>
				<timestamp>992.083926</timestamp>
			</report>
			<report>
				<misses>24900000</misses>
				<total>0</total>
				<timestamp>996.083938</timestamp>
			</report>
			<report>
				<misses>25000000</misses>
				<total>0</total>
				<timestamp>1000.083926</timestamp>
			</report>
			<report>
				<misses>25100000</misses>
				<total>0</total>
				<timestamp>1004.083922</timestamp>
			</report>
			<report>
				<misses>25200000</misses>
				<total>0</total>
				<timestamp>1008.083921</timestamp>
			</report>
			<report>
				<misses>25300000</misses>
				<total>0</total>
				<timestamp>1012.083931</timestamp>
			</report>
			<report>
				<misses>25400000</misses>
				<total>0</total>
				<timestamp>1016.083934</timestamp>
			</report>
			<report>
				<misses>25500000</misses>
				<total>0</total>
				<timestamp>1020.083933</timestamp>
			</report>
			<report>
				<misses>25600000</misses>
				<total>0</total>
				<timestamp>1024.083942</timestamp>
			</report>
			<report>
				<misses>25700000</misses>
				<total>0</total>
				<timestamp>1028.083921</timestamp>
			</report>
			<report>
				<misses>25800000</misses>
				<total>0</total>
				<timestamp>1032.083954</timestamp>
			</report>
			<report>
				<misses>25900000</misses>
				<total>0</total>
				<timestamp>1036.083978</timestamp>
			</report>
			<report>
				<misses>26000000</misses>
				<total>0</total>
				<timestamp>1040.083979</timestamp>
			</report>
			<report>
				<misses>26100000</misses>
				<total>0</total>
				<timestamp>1044.083961</timestamp>
			</report>
			<report>
				<misses>26200000</misses>
				<total>0</total>
				<timestamp>1048.083981</timestamp>
			</report>
			<report>
				<misses>26300000</misses>
				<total>0</total>
				<timestamp>1052.083965</timestamp>
			</report>
			<report>
				<misses>26400000</misses>
				<total>0</total>
				<timestamp>1056.083951</timestamp>
			</report>
			<report>
				<misses>26500000</misses>
				<total>0</total>
				<timestamp>1060.083959</timestamp>
			</report>
			<report>
				<misses>26600000</misses>
				<total>0</total>
				<timestamp>1064.083959</timestamp>
			</report>
			<report>
				<misses>26700000</misses>
				<total>0</total>
				<timestamp>1068.083969</timestamp>
			</report>
			<report>
				<misses>26800000</misses>
				<total>0</total>
				<timestamp>1072.083961</timestamp>
			</report>
			<report>
				<misses>26900000</misses>
				<total>0</total>
				<timestamp>1076.084030</timestamp>
			</report>
			<report>
				<misses>27000000</misses>
				<total>0</total>
				<timestamp>1080.084008</timestamp>
			</report>
			<report>
				<misses>27100000</misses>
				<total>0</total>
				<timestamp>1084.084003</timestamp>
			</report>
			<report>
				<misses>27200000</misses>
				<total>0</total>
				<timestamp>1088.083995</timestamp>
			</report>
			<report>
				<misses>27300000</misses>
				<total>0</total>
				<timestamp>1092.083975</timestamp>
			</report>
			<report>
				<misses>27400000</misses>
				<total>0</total>
				<timestamp>1096.083955</timestamp>
			</report>
			<report>
				<misses>27500000</misses>
				<total>0</total>
				<timestamp>1100.083981</timestamp>
			</report>
			<report>
				<misses>27600000</misses>
				<total>0</total>
				<timestamp>1104.083954</timestamp>
			</report>
			<report>
				<misses>27700000</misses>
				<total>0</total>
				<timestamp>1108.083993</timestamp>
			</report>
			<report>
				<misses>27800000</misses>
				<total>0</total>
				<timestamp>1112.083959</timestamp>
			</report>
			<report>
				<misses>27900000</misses>
				<total>0</total>
				<timestamp>1116.083962</timestamp>
			</report>
			<report>
				<misses>28000000</misses>
				<total>0</total>
				<timestamp>1120.083956</timestamp>
			</report>
			<report>
				<misses>28100000</misses>
				<total>0</total>
				<timestamp>1124.083978</timestamp>
			</report>
			<report>
				<misses>28200000</misses>
				<total>0</total>
				<timestamp>1128.083953</timestamp>
			</report>
			<report>
				<misses>28300000</misses>
				<total>0</total>
				<timestamp>1132.083991</timestamp>
			</report>
			<report>
				<misses>28400000</misses>
				<total>0</total>
				<timestamp>1136.083988</timestamp>
			</report>
			<report>
				<misses>28500000</misses>
				<total>0</total>
				<timestamp>1140.083965</timestamp>
			</report>
			<report>
				<misses>28600000</misses>
				<total>0</total>
				<timestamp>1144.084002</timestamp>
			</report>
			<report>
				<misses>28700000</misses>
				<total>0</total>
				<timestamp>1148.084001</timestamp>
			</report>
			<report>
				<misses>28800000</misses>
				<total>0</total>
				<timestamp>1152.084021</timestamp>
			</report>
			<report>
				<misses>28900000</misses>
				<total>0</total>
				<timestamp>1156.084002</timestamp>
			</report>
			<report>
				<misses>29000000</misses>
				<total>0</total>
				<timestamp>1160.084009</timestamp>
			</report>
			<report>
				<misses>29100000</misses>
				<total>0</total>
				<timestamp>1164.084008</timestamp>
			</report>
			<report>
				<misses>29200000</misses>
				<total>0</total>
				<timestamp>1168.084005</timestamp>
			</report>
			<report>
				<misses>29300000</misses>
				<total>0</total>
				<timestamp>1172.084000</timestamp>
			</report>
			<report>
				<misses>29400000</misses>
				<total>0</total>
				<timestamp>1176.084028</timestamp>
			</report>
			<report>
				<misses>29500000</misses>
				<total>0</total>
				<timestamp>1180.084002</timestamp>
			</report>
			<report>
				<misses>29600000</misses>
				<total>0</total>
				<timestamp>1184.084004</timestamp>
			</report>
			<report>
				<misses>29700000</misses>
				<total>0</total>
				<timestamp>1188.084006</timestamp>
			</report>
			<report>
				<misses>29800000</misses>
				<total>0</total>
				<timestamp>1192.084022</timestamp>
			</report>
			<report>
				<misses>29900000</misses>
				<total>0</total>
				<timestamp>1196.084007</timestamp>
			</report>
			<report>
				<misses>30000000</misses>
				<total>0</total>
				<timestamp>1200.084000</timestamp>
			</report>
			<report>
				<misses>30100000</misses>
				<total>0</total>
				<timestamp>1204.084010</timestamp>
			</report>
			<report>
				<misses>30200000</misses>
				<total>0</total>
				<timestamp>1208.084118</timestamp>
			</report>
			<report>
				<misses>30300000</misses>
				<total>0</total>
				<timestamp>1212.084800</timestamp>
			</report>
			<report>
				<misses>30400000</misses>
				<total>0</total>
				<timestamp>1216.084815</timestamp>
			</report>
			<report>
				<misses>30500000</misses>
				<total>0</total>
				<timestamp>1220.084806</timestamp>
			</report>
			<report>
				<misses>30600000</misses>
				<total>0</total>
				<timestamp>1224.085930</timestamp>
			</report>
			<report>
				<misses>30700000</misses>
				<total>0</total>
				<timestamp>1228.086731</timestamp>
			</report>
			<report>
				<misses>30800000</misses>
				<total>0</total>
				<timestamp>1232.087283</timestamp>
			</report>
			<report>
				<misses>30900000</misses>
				<total>0</total>
				<timestamp>1236.087487</timestamp>
			</report>
			<report>
				<misses>31000000</misses>
				<total>0</total>
				<timestamp>1240.087501</timestamp>
			</report>
			<report>
				<misses>31100000</misses>
				<total>0</total>
				<timestamp>1244.087595</timestamp>
			</report>
			<report>
				<misses>31200000</misses>
				<total>0</total>
				<timestamp>1248.088127</timestamp>
			</report>
			<report>
				<misses>31300000</misses>
				<total>0</total>
				<timestamp>1252.089185</timestamp>
			</report>
			<report>
				<misses>31400000</misses>
				<total>0</total>
				<timestamp>1256.089568</timestamp>
			</report>
			<report>
				<misses>31500000</misses>
				<total>0</total>
				<timestamp>1260.090028</timestamp>
			</report>
			<report>
				<misses>31600000</misses>
				<total>0</total>
				<timestamp>1264.090726</timestamp>
			</report>
			<report>
				<misses>31700000</misses>
				<total>0</total>
				<timestamp>1268.091240</timestamp>
			</report>
			<report>
				<misses>31800000</misses>
				<total>0</total>
				<timestamp>1272.091289</timestamp>
			</report>
			<report>
				<misses>31900000</misses>
				<total>0</total>
				<timestamp>1276.091797</timestamp>
			</report>
			<report>
				<misses>32000000</misses>
				<total>0</total>
				<timestamp>1280.092464</timestamp>
			</report>
			<report>
				<misses>32100000</misses>
				<total>0</total>
				<timestamp>1284.093348</timestamp>
			</report>
			<report>
				<misses>32200000</misses>
				<total>0</total>
				<timestamp>1288.093332</timestamp>
			</report>
			<report>
				<misses>32300000</misses>
				<total>0</total>
				<timestamp>1292.093668</timestamp>
			</report>
			<report>
				<misses>32400000</misses>
				<total>0</total>
				<timestamp>1296.094308</timestamp>
			</report>
			<report>
				<misses>32500000</misses>
				<total>0</total>
				<timestamp>1300.094856</timestamp>
			</report>
			<report>
				<misses>32600000</misses>
				<total>0</total>
				<timestamp>1304.095048</timestamp>
			</report>
			<report>
				<misses>32700000</misses>
				<total>0</total>
				<timestamp>1308.095213</timestamp>
			</report>
			<report>
				<misses>32800000</misses>
				<total>0</total>
				<timestamp>1312.096473</timestamp>
			</report>
			<report>
				<misses>32900000</misses>
				<total>0</total>
				<timestamp>1316.096963</timestamp>
			</report>
			<report>
				<misses>33000000</misses>
				<total>0</total>
				<timestamp>1320.097792</timestamp>
			</report>
			<report>
				<misses>33100000</misses>
				<total>0</total>
				<timestamp>1324.098549</timestamp>
			</report>
			<report>
				<misses>33200000</misses>
				<total>0</total>
				<timestamp>1328.099070</timestamp>
			</report>
			<report>
				<misses>33300000</misses>
				<total>0</total>
				<timestamp>1332.099615</timestamp>
			</report>
			<report>
				<misses>33400000</misses>
				<total>0</total>
				<timestamp>1336.099805</timestamp>
			</report>
			<report>
				<misses>33500000</misses>
				<total>0</total>
				<timestamp>1340.100525</timestamp>
			</report>
			<report>
				<misses>33600000</misses>
				<total>0</total>
				<timestamp>1344.100961</timestamp>
			</report>
			<report>
				<misses>33700000</misses>
				<total>0</total>
				<timestamp>1348.101161</timestamp>
			</report>
			<report>
				<misses>33800000</misses>
				<total>0</total>
				<timestamp>1352.101372</timestamp>
			</report>
			<report>
				<misses>33900000</misses>
				<total>0</total>
				<timestamp>1356.101484</timestamp>
			</report>
			<report>
				<misses>34000000</misses>
				<total>0</total>
				<timestamp>1360.101840</timestamp>
			</report>
			<report>
				<misses>34100000</misses>
				<total>0</total>
				<timestamp>1364.102253</timestamp>
			</report>
			<report>
				<misses>34200000</misses>
				<total>0</total>
				<timestamp>1368.102517</timestamp>
			</report>
			<report>
				<misses>34300000</misses>
				<total>0</total>
				<timestamp>1372.102745</timestamp>
			</report>
			<report>
				<misses>34400000</misses>
				<total>0</total>
				<timestamp>1376.102769</timestamp>
			</report>
			<report>
				<misses>34500000</misses>
				<total>0</total>
				<timestamp>1380.103292</timestamp>
			</report>
			<report>
				<misses>34600000</misses>
				<total>0</total>
				<timestamp>1384.103720</timestamp>
			</report>
			<report>
				<misses>34700000</misses>
				<total>0</total>
				<timestamp>1388.104086</timestamp>
			</report>
			<report>
				<misses>34800000</misses>
				<total>0</total>
				<timestamp>1392.105241</timestamp>
			</report>
			<report>
				<misses>34900000</misses>
				<total>0</total>
				<timestamp>1396.105678</timestamp>
			</report>
			<report>
				<misses>35000000</misses>
				<total>1</total>
				<timestamp>1400.105725</timestamp>
			</report>
			<report>
				<misses>35100000</misses>
				<total>1</total>
				<timestamp>1404.105723</timestamp>
			</report>
			<report>
				<misses>35200000</misses>
				<total>1</total>
				<timestamp>1408.105720</timestamp>
			</report>
			<report>
				<misses>35300000</misses>
				<total>1</total>
				<timestamp>1412.105729</timestamp>
			</report>
			<report>
				<misses>35400000</misses>
				<total>1</total>
				<timestamp>1416.105754</timestamp>
			</report>
			<report>
				<misses>35500000</misses>
				<total>1</total>
				<timestamp>1420.105760</timestamp>
			</report>
			<report>
				<misses>35600000</misses>
				<total>1</total>
				<timestamp>1424.105782</timestamp>
			</report>
			<report>
				<misses>35700000</misses>
				<total>1</total>
				<timestamp>1428.105756</timestamp>
			</report>
			<report>
				<misses>35800000</misses>
				<total>1</total>
				<timestamp>1432.105760</timestamp>
			</report>
			<report>
				<misses>35900000</misses>
				<total>1</total>
				<timestamp>1436.105771</timestamp>
			</report>
			<report>
				<misses>36000000</misses>
				<total>1</total>
				<timestamp>1440.105765</timestamp>
			</report>
			<report>
				<misses>36100000</misses>
				<total>1</total>
				<timestamp>1444.105765</timestamp>
			</report>
			<report>
				<misses>36200000</misses>
				<total>1</total>
				<timestamp>1448.105763</timestamp>
			</report>
			<report>
				<misses>36300000</misses>
				<total>1</total>
				<timestamp>1452.105765</timestamp>
			</report>
			<report>
				<misses>36400000</misses>
				<total>1</total>
				<timestamp>1456.105768</timestamp>
			</report>
			<report>
				<misses>36500000</misses>
				<total>1</total>
				<timestamp>1460.105762</timestamp>
			</report>
			<report>
				<misses>36600000</misses>
				<total>1</total>
				<timestamp>1464.105775</timestamp>
			</report>
			<report>
				<misses>36700000</misses>
				<total>1</total>
				<timestamp>1468.105768</timestamp>
			</report>
			<report>
				<misses>36800000</misses>
				<total>1</total>
				<timestamp>1472.105770</timestamp>
			</report>
			<report>
				<misses>36900000</misses>
				<total>1</total>
				<timestamp>1476.105774</timestamp>
			</report>
			<report>
				<misses>37000000</misses>
				<total>1</total>
				<timestamp>1480.105763</timestamp>
			</report>
			<report>
				<misses>37100000</misses>
				<total>1</total>
				<timestamp>1484.105781</timestamp>
			</report>
			<report>
				<misses>37200000</misses>
				<total>1</total>
				<timestamp>1488.105770</timestamp>
			</report>
			<report>
				<misses>37300000</misses>
				<total>1</total>
				<timestamp>1492.105777</timestamp>
			</report>
			<report>
				<misses>37400000</misses>
				<total>1</total>
				<timestamp>1496.105762</timestamp>
			</report>
			<report>
				<misses>37500000</misses>
				<total>1</total>
				<timestamp>1500.105782</timestamp>
			</report>
			<report>
				<misses>37600000</misses>
				<total>1</total>
				<timestamp>1504.106331</timestamp>
			</report>
			<report>
				<misses>37700000</misses>
				<total>1</total>
				<timestamp>1508.107324</timestamp>
			</report>
			<report>
				<misses>37800000</misses>
				<total>1</total>
				<timestamp>1512.107611</timestamp>
			</report>
			<report>
				<misses>37900000</misses>
				<total>1</total>
				<timestamp>1516.107616</timestamp>
			</report>
			<report>
				<misses>38000000</misses>
				<total>1</total>
				<timestamp>1520.107609</timestamp>
			</report>
			<report>
				<misses>38100000</misses>
				<total>1</total>
				<timestamp>1524.107649</timestamp>
			</report>
			<report>
				<misses>38200000</misses>
				<total>1</total>
				<timestamp>1528.107908</timestamp>
			</report>
			<report>
				<misses>38300000</misses>
				<total>1</total>
				<timestamp>1532.108045</timestamp>
			</report>
			<report>
				<misses>38400000</misses>
				<total>1</total>
				<timestamp>1536.108051</timestamp>
			</report>
			<report>
				<misses>38500000</misses>
				<total>1</total>
				<timestamp>1540.108338</timestamp>
			</report>
			<report>
				<misses>38600000</misses>
				<total>1</total>
				<timestamp>1544.108839</timestamp>
			</report>
			<report>
				<misses>38700000</misses>
				<total>1</total>
				<timestamp>1548.109945</timestamp>
			</report>
			<report>
				<misses>38800000</misses>
				<total>1</total>
				<timestamp>1552.111122</timestamp>
			</report>
			<report>
				<misses>38900000</misses>
				<total>1</total>
				<timestamp>1556.111580</timestamp>
			</report>
			<report>
				<misses>39000000</misses>
				<total>1</total>
				<timestamp>1560.111651</timestamp>
			</report>
			<report>
				<misses>39100000</misses>
				<total>1</total>
				<timestamp>1564.112726</timestamp>
			</report>
			<report>
				<misses>39200000</misses>
				<total>1</total>
				<timestamp>1568.113782</timestamp>
			</report>
			<report>
				<misses>39300000</misses>
				<total>1</total>
				<timestamp>1572.114052</timestamp>
			</report>
			<report>
				<misses>39400000</misses>
				<total>1</total>
				<timestamp>1576.114312</timestamp>
			</report>
			<report>
				<misses>39500000</misses>
				<total>1</total>
				<timestamp>1580.114489</timestamp>
			</report>
			<report>
				<misses>39600000</misses>
				<total>1</total>
				<timestamp>1584.114498</timestamp>
			</report>
			<report>
				<misses>39700000</misses>
				<total>1</total>
				<timestamp>1588.114501</timestamp>
			</report>
			<report>
				<misses>39800000</misses>
				<total>1</total>
				<timestamp>1592.114495</timestamp>
			</report>
			<report>
				<misses>39900000</misses>
				<total>1</total>
				<timestamp>1596.114488</timestamp>
			</report>
			<report>
				<misses>40000000</misses>
				<total>1</total>
				<timestamp>1600.114486</timestamp>
			</report>
			<report>
				<misses>40100000</misses>
				<total>1</total>
				<timestamp>1604.114478</timestamp>
			</report>
			<report>
				<misses>40200000</misses>
				<total>1</total>
				<timestamp>1608.114492</timestamp>
			</report>
			<report>
				<misses>40300000</misses>
				<total>1</total>
				<timestamp>1612.114474</timestamp>
			</report>
			<report>
				<misses>40400000</misses>
				<total>1</total>
				<timestamp>1616.114462</timestamp>
			</report>
			<report>
				<misses>40500000</misses>
				<total>1</total>
				<timestamp>1620.114439</timestamp>
			</report>
			<report>
				<misses>40600000</misses>
				<total>1</total>
				<timestamp>1624.114507</timestamp>
			</report>
			<report>
				<misses>40700000</misses>
				<total>1</total>
				<timestamp>1628.114469</timestamp>
			</report>
			<report>
				<misses>40800000</misses>
				<total>1</total>
				<timestamp>1632.114446</timestamp>
			</report>
			<report>
				<misses>40900000</misses>
				<total>1</total>
				<timestamp>1636.114445</timestamp>
			</report>
			<report>
				<misses>41000000</misses>
				<total>1</total>
				<timestamp>1640.114443</timestamp>
			</report>
			<report>
				<misses>41100000</misses>
				<total>1</total>
				<timestamp>1644.114447</timestamp>
			</report>
			<report>
				<misses>41200000</misses>
				<total>2</total>
				<timestamp>1648.114442</timestamp>
			</report>
			<report>
				<misses>41300000</misses>
				<total>2</total>
				<timestamp>1652.114440</timestamp>
			</report>
			<report>
				<misses>41400000</misses>
				<total>2</total>
				<timestamp>1656.114444</timestamp>
			</report>
			<report>
				<misses>41500000</misses>
				<total>2</total>
				<timestamp>1660.114459</timestamp>
			</report>
			<report>
				<misses>41600000</misses>
				<total>2</total>
				<timestamp>1664.115198</timestamp>
			</report>
			<report>
				<misses>41700000</misses>
				<total>2</total>
				<timestamp>1668.116562</timestamp>
			</report>
			<report>
				<misses>41800000</misses>
				<total>2</total>
				<timestamp>1672.117177</timestamp>
			</report>
			<report>
				<misses>41900000</misses>
				<total>2</total>
				<timestamp>1676.117926</timestamp>
			</report>
			<report>
				<misses>42000000</misses>
				<total>2</total>
				<timestamp>1680.119088</timestamp>
			</report>
			<report>
				<misses>42100000</misses>
				<total>2</total>
				<timestamp>1684.119566</timestamp>
			</report>
			<report>
				<misses>42200000</misses>
				<total>2</total>
				<timestamp>1688.120711</timestamp>
			</report>
			<report>
				<misses>42300000</misses>
				<total>2</total>
				<timestamp>1692.120926</timestamp>
			</report>
			<report>
				<misses>42400000</misses>
				<total>2</total>
				<timestamp>1696.120923</timestamp>
			</report>
			<report>
				<misses>42500000</misses>
				<total>2</total>
				<timestamp>1700.122009</timestamp>
			</report>
			<report>
				<misses>42600000</misses>
				<total>2</total>
				<timestamp>1704.122662</timestamp>
			</report>
			<report>
				<misses>42700000</misses>
				<total>2</total>
				<timestamp>1708.122649</timestamp>
			</report>
			<report>
				<misses>42800000</misses>
				<total>2</total>
				<timestamp>1712.122719</timestamp>
			</report>
			<report>
				<misses>42900000</misses>
				<total>2</total>
				<timestamp>1716.123018</timestamp>
			</report>
			<report>
				<misses>43000000</misses>
				<total>2</total>
				<timestamp>1720.123077</timestamp>
			</report>
			<report>
				<misses>43100000</misses>
				<total>2</total>
				<timestamp>1724.124086</timestamp>
			</report>
			<report>
				<misses>43200000</misses>
				<total>2</total>
				<timestamp>1728.124718</timestamp>
			</report>
			<report>
				<misses>43300000</misses>
				<total>2</total>
				<timestamp>1732.124902</timestamp>
			</report>
			<report>
				<misses>43400000</misses>
				<total>2</total>
				<timestamp>1736.125409</timestamp>
			</report>
			<report>
				<misses>43500000</misses>
				<total>2</total>
				<timestamp>1740.126690</timestamp>
			</report>
			<report>
				<misses>43600000</misses>
				<total>2</total>
				<timestamp>1744.127004</timestamp>
			</report>
			<report>
				<misses>43700000</misses>
				<total>2</total>
				<timestamp>1748.127732</timestamp>
			</report>
			<report>
				<misses>43800000</misses>
				<total>2</total>
				<timestamp>1752.128053</timestamp>
			</report>
			<report>
				<misses>43900000</misses>
				<total>2</total>
				<timestamp>1756.128083</timestamp>
			</report>
			<report>
				<misses>44000000</misses>
				<total>2</total>
				<timestamp>1760.128807</timestamp>
			</report>
			<report>
				<misses>44100000</misses>
				<total>2</total>
				<timestamp>1764.129441</timestamp>
			</report>
			<report>
				<misses>44200000</misses>
				<total>2</total>
				<timestamp>1768.129771</timestamp>
			</report>
			<report>
				<misses>44300000</misses>
				<total>2</total>
				<timestamp>1772.129829</timestamp>
			</report>
			<report>
				<misses>44400000</misses>
				<total>2</total>
				<timestamp>1776.130530</timestamp>
			</report>
			<report>
				<misses>44500000</misses>
				<total>2</total>
				<timestamp>1780.130881</timestamp>
			</report>
			<report>
				<misses>44600000</misses>
				<total>2</total>
				<timestamp>1784.131044</timestamp>
			</report>
			<report>
				<misses>44700000</misses>
				<total>2</total>
				<timestamp>1788.131857</timestamp>
			</report>
			<report>
				<misses>44800000</misses>
				<total>2</total>
				<timestamp>1792.133007</timestamp>
			</report>
			<report>
				<misses>44900000</misses>
				<total>3</total>
				<timestamp>1796.133449</timestamp>
			</report>
			<report>
				<misses>45000000</misses>
				<total>3</total>
				<timestamp>1800.134274</timestamp>
			</report>
			<report>
				<misses>45100000</misses>
				<total>3</total>
				<timestamp>1804.134888</timestamp>
			</report>
			<report>
				<misses>45200000</misses>
				<total>3</total>
				<timestamp>1808.134920</timestamp>
			</report>
			<report>
				<misses>45300000</misses>
				<total>3</total>
				<timestamp>1812.135154</timestamp>
			</report>
			<report>
				<misses>45400000</misses>
				<total>3</total>
				<timestamp>1816.136086</timestamp>
			</report>
			<report>
				<misses>45500000</misses>
				<total>3</total>
				<timestamp>1820.136536</timestamp>
			</report>
			<report>
				<misses>45600000</misses>
				<total>3</total>
				<timestamp>1824.136509</timestamp>
			</report>
			<report>
				<misses>45700000</misses>
				<total>3</total>
				<timestamp>1828.136478</timestamp>
			</report>
			<report>
				<misses>45800000</misses>
				<total>3</total>
				<timestamp>1832.136487</timestamp>
			</report>
			<report>
				<misses>45900000</misses>
				<total>3</total>
				<timestamp>1836.136488</timestamp>
			</report>
			<report>
				<misses>46000000</misses>
				<total>3</total>
				<timestamp>1840.136465</timestamp>
			</report>
			<report>
				<misses>46100000</misses>
				<total>3</total>
				<timestamp>1844.136430</timestamp>
			</report>
			<report>
				<misses>46200000</misses>
				<total>3</total>
				<timestamp>1848.136395</timestamp>
			</report>
			<report>
				<misses>46300000</misses>
				<total>3</total>
				<timestamp>1852.136404</timestamp>
			</report>
			<report>
				<misses>46400000</misses>
				<total>3</total>
				<timestamp>1856.136388</timestamp>
			</report>
			<report>
				<misses>46500000</misses>
				<total>3</total>
				<timestamp>1860.136359</timestamp>
			</report>
			<report>
				<misses>46600000</misses>
				<total>3</total>
				<timestamp>1864.136350</timestamp>
			</report>
			<report>
				<misses>46700000</misses>
				<total>3</total>
				<timestamp>1868.136319</timestamp>
			</report>
			<report>
				<misses>46800000</misses>
				<total>3</total>
				<timestamp>1872.136325</timestamp>
			</report>
			<report>
				<misses>46900000</misses>
				<total>3</total>
				<timestamp>1876.136311</timestamp>
			</report>
			<report>
				<misses>47000000</misses>
				<total>3</total>
				<timestamp>1880.136280</timestamp>
			</report>
			<report>
				<misses>47100000</misses>
				<total>3</total>
				<timestamp>1884.136279</timestamp>
			</report>
			<report>
				<misses>47200000</misses>
				<total>3</total>
				<timestamp>1888.136292</timestamp>
			</report>
			<report>
				<misses>47300000</misses>
				<total>3</total>
				<timestamp>1892.136286</timestamp>
			</report>
			<report>
				<misses>47400000</misses>
				<total>3</total>
				<timestamp>1896.136288</timestamp>
			</report>
			<report>
				<misses>47500000</misses>
				<total>3</total>
				<timestamp>1900.136288</timestamp>
			</report>
			<report>
				<misses>47600000</misses>
				<total>3</total>
				<timestamp>1904.136268</timestamp>
			</report>
			<report>
				<misses>47700000</misses>
				<total>3</total>
				<timestamp>1908.136238</timestamp>
			</report>
			<report>
				<misses>47800000</misses>
				<total>3</total>
				<timestamp>1912.136258</timestamp>
			</report>
			<report>
				<misses>47900000</misses>
				<total>3</total>
				<timestamp>1916.136243</timestamp>
			</report>
			<report>
				<misses>48000000</misses>
				<total>3</total>
				<timestamp>1920.136250</timestamp>
			</report>
			<report>
				<misses>48100000</misses>
				<total>3</total>
				<timestamp>1924.136247</timestamp>
			</report>
			<report>
				<misses>48200000</misses>
				<total>3</total>
				<timestamp>1928.136229</timestamp>
			</report>
			<report>
				<misses>48300000</misses>
				<total>3</total>
				<timestamp>1932.136204</timestamp>
			</report>
			<report>
				<misses>48400000</misses>
				<total>3</total>
				<timestamp>1936.136195</timestamp>
			</report>
			<report>
				<misses>48500000</misses>
				<total>3</total>
				<timestamp>1940.136152</timestamp>
			</report>
			<report>
				<misses>48600000</misses>
				<total>3</total>
				<timestamp>1944.136134</timestamp>
			</report>
			<report>
				<misses>48700000</misses>
				<total>3</total>
				<timestamp>1948.136116</timestamp>
			</report>
			<report>
				<misses>48800000</misses>
				<total>3</total>
				<timestamp>1952.136124</timestamp>
			</report>
			<report>
				<misses>48900000</misses>
				<total>3</total>
				<timestamp>1956.136117</timestamp>
			</report>
			<report>
				<misses>49000000</misses>
				<total>3</total>
				<timestamp>1960.136127</timestamp>
			</report>
			<report>
				<misses>49100000</misses>
				<total>3</total>
				<timestamp>1964.136143</timestamp>
			</report>
			<report>
				<misses>49200000</misses>
				<total>3</total>
				<timestamp>1968.136114</timestamp>
			</report>
			<report>
				<misses>49300000</misses>
				<total>3</total>
				<timestamp>1972.136077</timestamp>
			</report>
			<report>
				<misses>49400000</misses>
				<total>3</total>
				<timestamp>1976.136086</timestamp>
			</report>
			<report>
				<misses>49500000</misses>
				<total>3</total>
				<timestamp>1980.136100</timestamp>
			</report>
			<report>
				<misses>49600000</misses>
				<total>3</total>
				<timestamp>1984.136070</timestamp>
			</report>
			<report>
				<misses>49700000</misses>
				<total>3</total>
				<timestamp>1988.136045</timestamp>
			</report>
			<report>
				<misses>49800000</misses>
				<total>3</total>
				<timestamp>1992.136036</timestamp>
			</report>
			<report>
				<misses>49900000</misses>
				<total>3</total>
				<timestamp>1996.136047</timestamp>
			</report>
			<report>
				<misses>50000000</misses>
				<total>3</total>
				<timestamp>2000.136038</timestamp>
			</report>
			<report>
				<misses>50100000</misses>
				<total>3</total>
				<timestamp>2004.136033</timestamp>
			</report>
			<report>
				<misses>50200000</misses>
				<total>3</total>
				<timestamp>2008.136002</timestamp>
			</report>
			<report>
				<misses>50300000</misses>
				<total>3</total>
				<timestamp>2012.135992</timestamp>
			</report>
			<report>
				<misses>50400000</misses>
				<total>3</total>
				<timestamp>2016.135954</timestamp>
			</report>
			<report>
				<misses>50500000</misses>
				<total>3</total>
				<timestamp>2020.135914</timestamp>
			</report>
			<report>
				<misses>50600000</misses>
				<total>3</total>
				<timestamp>2024.135992</timestamp>
			</report>
			<report>
				<misses>50700000</misses>
				<total>3</total>
				<timestamp>2028.135964</timestamp>
			</report>
			<report>
				<misses>50800000</misses>
				<total>3</total>
				<timestamp>2032.135963</timestamp>
			</report>
			<report>
				<misses>50900000</misses>
				<total>3</total>
				<timestamp>2036.135956</timestamp>
			</report>
			<report>
				<misses>51000000</misses>
				<total>3</total>
				<timestamp>2040.135992</timestamp>
			</report>
			<report>
				<misses>51100000</misses>
				<total>3</total>
				<timestamp>2044.135967</timestamp>
			</report>
			<report>
				<misses>51200000</misses>
				<total>3</total>
				<timestamp>2048.135974</timestamp>
			</report>
			<report>
				<misses>51300000</misses>
				<total>3</total>
				<timestamp>2052.135959</timestamp>
			</report>
			<report>
				<misses>51400000</misses>
				<total>3</total>
				<timestamp>2056.136008</timestamp>
			</report>
			<report>
				<misses>51500000</misses>
				<total>3</total>
				<timestamp>2060.135994</timestamp>
			</report>
			<report>
				<misses>51600000</misses>
				<total>3</total>
				<timestamp>2064.135956</timestamp>
			</report>
			<report>
				<misses>51700000</misses>
				<total>3</total>
				<timestamp>2068.135954</timestamp>
			</report>
			<report>
				<misses>51800000</misses>
				<total>3</total>
				<timestamp>2072.135925</timestamp>
			</report>
			<report>
				<misses>51900000</misses>
				<total>3</total>
				<timestamp>2076.135927</timestamp>
			</report>
			<report>
				<misses>52000000</misses>
				<total>3</total>
				<timestamp>2080.135950</timestamp>
			</report>
			<report>
				<misses>52100000</misses>
				<total>3</total>
				<timestamp>2084.135940</timestamp>
			</report>
			<report>
				<misses>52200000</misses>
				<total>3</total>
				<timestamp>2088.135934</timestamp>
			</report>
			<report>
				<misses>52300000</misses>
				<total>3</total>
				<timestamp>2092.135918</timestamp>
			</report>
			<report>
				<misses>52400000</misses>
				<total>3</total>
				<timestamp>2096.135930</timestamp>
			</report>
			<report>
				<misses>52500000</misses>
				<total>3</total>
				<timestamp>2100.135923</timestamp>
			</report>
			<report>
				<misses>52600000</misses>
				<total>3</total>
				<timestamp>2104.135920</timestamp>
			</report>
			<report>
				<misses>52700000</misses>
				<total>3</total>
				<timestamp>2108.135945</timestamp>
			</report>
			<report>
				<misses>52800000</misses>
				<total>3</total>
				<timestamp>2112.135942</timestamp>
			</report>
			<report>
				<misses>52900000</misses>
				<total>3</total>
				<timestamp>2116.135972</timestamp>
			</report>
			<report>
				<misses>53000000</misses>
				<total>3</total>
				<timestamp>2120.135961</timestamp>
			</report>
			<report>
				<misses>53100000</misses>
				<total>3</total>
				<timestamp>2124.136012</timestamp>
			</report>
			<report>
				<misses>53200000</misses>
				<total>3</total>
				<timestamp>2128.135984</timestamp>
			</report>
			<report>
				<misses>53300000</misses>
				<total>3</total>
				<timestamp>2132.135976</timestamp>
			</report>
			<report>
				<misses>53400000</misses>
				<total>3</total>
				<timestamp>2136.135953</timestamp>
			</report>
			<report>
				<misses>53500000</misses>
				<total>3</total>
				<timestamp>2140.135936</timestamp>
			</report>
			<report>
				<misses>53600000</misses>
				<total>3</total>
				<timestamp>2144.135929</timestamp>
			</report>
			<report>
				<misses>53700000</misses>
				<total>3</total>
				<timestamp>2148.135919</timestamp>
			</report>
			<report>
				<misses>53800000</misses>
				<total>3</total>
				<timestamp>2152.135924</timestamp>
			</report>
			<report>
				<misses>53900000</misses>
				<total>3</total>
				<timestamp>2156.135920</timestamp>
			</report>
			<report>
				<misses>54000000</misses>
				<total>3</total>
				<timestamp>2160.135927</timestamp>
			</report>
			<report>
				<misses>54100000</misses>
				<total>3</total>
				<timestamp>2164.135919</timestamp>
			</report>
			<report>
				<misses>54200000</misses>
				<total>3</total>
				<timestamp>2168.135930</timestamp>
			</report>
			<report>
				<misses>54300000</misses>
				<total>3</total>
				<timestamp>2172.135925</timestamp>
			</report>
			<report>
				<misses>54400000</misses>
				<total>3</total>
				<timestamp>2176.135937</timestamp>
			</report>
			<report>
				<misses>54500000</misses>
				<total>3</total>
				<timestamp>2180.135932</timestamp>
			</report>
			<report>
				<misses>54600000</misses>
				<total>3</total>
				<timestamp>2184.135924</timestamp>
			</report>
			<report>
				<misses>54700000</misses>
				<total>3</total>
				<timestamp>2188.135939</timestamp>
			</report>
			<report>
				<misses>54800000</misses>
				<total>3</total>
				<timestamp>2192.135928</timestamp>
			</report>
			<report>
				<misses>54900000</misses>
				<total>3</total>
				<timestamp>2196.135954</timestamp>
			</report>
			<report>
				<misses>55000000</misses>
				<total>3</total>
				<timestamp>2200.135964</timestamp>
			</report>
			<report>
				<misses>55100000</misses>
				<total>3</total>
				<timestamp>2204.135957</timestamp>
			</report>
			<report>
				<misses>55200000</misses>
				<total>3</total>
				<timestamp>2208.135975</timestamp>
			</report>
			<report>
				<misses>55300000</misses>
				<total>3</total>
				<timestamp>2212.135959</timestamp>
			</report>
			<report>
				<misses>55400000</misses>
				<total>3</total>
				<timestamp>2216.135996</timestamp>
			</report>
			<report>
				<misses>55500000</misses>
				<total>3</total>
				<timestamp>2220.136016</timestamp>
			</report>
			<report>
				<misses>55600000</misses>
				<total>3</total>
				<timestamp>2224.136029</timestamp>
			</report>
			<report>
				<misses>55700000</misses>
				<total>3</total>
				<timestamp>2228.135994</timestamp>
			</report>
			<report>
				<misses>55800000</misses>
				<total>3</total>
				<timestamp>2232.135973</timestamp>
			</report>
			<report>
				<misses>55900000</misses>
				<total>3</total>
				<timestamp>2236.135956</timestamp>
			</report>
			<report>
				<misses>56000000</misses>
				<total>3</total>
				<timestamp>2240.135949</timestamp>
			</report>
			<report>
				<misses>56100000</misses>
				<total>3</total>
				<timestamp>2244.135921</timestamp>
			</report>
			<report>
				<misses>56200000</misses>
				<total>3</total>
				<timestamp>2248.135923</timestamp>
			</report>
			<report>
				<misses>56300000</misses>
				<total>3</total>
				<timestamp>2252.135920</timestamp>
			</report>
			<report>
				<misses>56400000</misses>
				<total>3</total>
				<timestamp>2256.135919</timestamp>
			</report>
			<report>
				<misses>56500000</misses>
				<total>3</total>
				<timestamp>2260.135931</timestamp>
			</report>
			<report>
				<misses>56600000</misses>
				<total>3</total>
				<timestamp>2264.135924</timestamp>
			</report>
			<report>
				<misses>56700000</misses>
				<total>3</total>
				<timestamp>2268.135913</timestamp>
			</report>
			<report>
				<misses>56800000</misses>
				<total>3</total>
				<timestamp>2272.135878</timestamp>
			</report>
			<report>
				<misses>56900000</misses>
				<total>3</total>
				<timestamp>2276.135903</timestamp>
			</report>
			<report>
				<misses>57000000</misses>
				<total>3</total>
				<timestamp>2280.135895</timestamp>
			</report>
			<report>
				<misses>57100000</misses>
				<total>3</total>
				<timestamp>2284.135929</timestamp>
			</report>
			<report>
				<misses>57200000</misses>
				<total>3</total>
				<timestamp>2288.135938</timestamp>
			</report>
			<report>
				<misses>57300000</misses>
				<total>3</total>
				<timestamp>2292.135955</timestamp>
			</report>
			<report>
				<misses>57400000</misses>
				<total>3</total>
				<timestamp>2296.135957</timestamp>
			</report>
			<report>
				<misses>57500000</misses>
				<total>3</total>
				<timestamp>2300.135953</timestamp>
			</report>
			<report>
				<misses>57600000</misses>
				<total>3</total>
				<timestamp>2304.135956</timestamp>
			</report>
			<report>
				<misses>57700000</misses>
				<total>3</total>
				<timestamp>2308.135971</timestamp>
			</report>
			<report>
				<misses>57800000</misses>
				<total>3</total>
				<timestamp>2312.136009</timestamp>
			</report>
			<report>
				<misses>57900000</misses>
				<total>3</total>
				<timestamp>2316.136011</timestamp>
			</report>
			<report>
				<misses>58000000</misses>
				<total>3</total>
				<timestamp>2320.135991</timestamp>
			</report>
			<report>
				<misses>58100000</misses>
				<total>3</total>
				<timestamp>2324.135968</timestamp>
			</report>
			<report>
				<misses>58200000</misses>
				<total>3</total>
				<timestamp>2328.135955</timestamp>
			</report>
			<report>
				<misses>58300000</misses>
				<total>3</total>
				<timestamp>2332.135965</timestamp>
			</report>
			<report>
				<misses>58400000</misses>
				<total>3</total>
				<timestamp>2336.135961</timestamp>
			</report>
			<report>
				<misses>58500000</misses>
				<total>3</total>
				<timestamp>2340.135962</timestamp>
			</report>
			<report>
				<misses>58600000</misses>
				<total>3</total>
				<timestamp>2344.135959</timestamp>
			</report>
			<report>
				<misses>58700000</misses>
				<total>3</total>
				<timestamp>2348.135958</timestamp>
			</report>
			<report>
				<misses>58800000</misses>
				<total>3</total>
				<timestamp>2352.135989</timestamp>
			</report>
			<report>
				<misses>58900000</misses>
				<total>3</total>
				<timestamp>2356.136003</timestamp>
			</report>
			<report>
				<misses>59000000</misses>
				<total>3</total>
				<timestamp>2360.136051</timestamp>
			</report>
			<report>
				<misses>59100000</misses>
				<total>3</total>
				<timestamp>2364.136032</timestamp>
			</report>
			<report>
				<misses>59200000</misses>
				<total>3</total>
				<timestamp>2368.135991</timestamp>
			</report>
			<report>
				<misses>59300000</misses>
				<total>3</total>
				<timestamp>2372.135957</timestamp>
			</report>
			<report>
				<misses>59400000</misses>
				<total>3</total>
				<timestamp>2376.136004</timestamp>
			</report>
			<report>
				<misses>59500000</misses>
				<total>3</total>
				<timestamp>2380.135990</timestamp>
			</report>
			<report>
				<misses>59600000</misses>
				<total>3</total>
				<timestamp>2384.135980</timestamp>
			</report>
			<report>
				<misses>59700000</misses>
				<total>3</total>
				<timestamp>2388.135985</timestamp>
			</report>
			<report>
				<misses>59800000</misses>
				<total>3</total>
				<timestamp>2392.135990</timestamp>
			</report>
			<report>
				<misses>59900000</misses>
				<total>3</total>
				<timestamp>2396.135971</timestamp>
			</report>
			<report>
				<misses>60000000</misses>
				<total>3</total>
				<timestamp>2400.135984</timestamp>
			</report>
			<report>
				<misses>60100000</misses>
				<total>3</total>
				<timestamp>2404.135956</timestamp>
			</report>
			<report>
				<misses>60200000</misses>
				<total>3</total>
				<timestamp>2408.135982</timestamp>
			</report>
			<report>
				<misses>60300000</misses>
				<total>3</total>
				<timestamp>2412.135969</timestamp>
			</report>
			<report>
				<misses>60400000</misses>
				<total>3</total>
				<timestamp>2416.135958</timestamp>
			</report>
			<report>
				<misses>60500000</misses>
				<total>3</total>
				<timestamp>2420.135959</timestamp>
			</report>
			<report>
				<misses>60600000</misses>
				<total>3</total>
				<timestamp>2424.135972</timestamp>
			</report>
			<report>
				<misses>60700000</misses>
				<total>3</total>
				<timestamp>2428.135966</timestamp>
			</report>
			<report>
				<misses>60800000</misses>
				<total>3</total>
				<timestamp>2432.135950</timestamp>
			</report>
			<report>
				<misses>60900000</misses>
				<total>3</total>
				<timestamp>2436.135923</timestamp>
			</report>
			<report>
				<misses>61000000</misses>
				<total>3</total>
				<timestamp>2440.135931</timestamp>
			</report>
			<report>
				<misses>61100000</misses>
				<total>3</total>
				<timestamp>2444.135927</timestamp>
			</report>
			<report>
				<misses>61200000</misses>
				<total>3</total>
				<timestamp>2448.135913</timestamp>
			</report>
			<report>
				<misses>61300000</misses>
				<total>3</total>
				<timestamp>2452.135893</timestamp>
			</report>
			<report>
				<misses>61400000</misses>
				<total>3</total>
				<timestamp>2456.135894</timestamp>
			</report>
			<report>
				<misses>61500000</misses>
				<total>3</total>
				<timestamp>2460.135910</timestamp>
			</report>
			<report>
				<misses>61600000</misses>
				<total>3</total>
				<timestamp>2464.135887</timestamp>
			</report>
			<report>
				<misses>61700000</misses>
				<total>3</total>
				<timestamp>2468.135895</timestamp>
			</report>
			<report>
				<misses>61800000</misses>
				<total>3</total>
				<timestamp>2472.136005</timestamp>
			</report>
			<report>
				<misses>61900000</misses>
				<total>3</total>
				<timestamp>2476.136247</timestamp>
			</report>
			<report>
				<misses>62000000</misses>
				<total>3</total>
				<timestamp>2480.137564</timestamp>
			</report>
			<report>
				<misses>62100000</misses>
				<total>3</total>
				<timestamp>2484.137579</timestamp>
			</report>
			<report>
				<misses>62200000</misses>
				<total>3</total>
				<timestamp>2488.138115</timestamp>
			</report>
			<report>
				<misses>62300000</misses>
				<total>3</total>
				<timestamp>2492.138685</timestamp>
			</report>
			<report>
				<misses>62400000</misses>
				<total>3</total>
				<timestamp>2496.139725</timestamp>
			</report>
			<report>
				<misses>62500000</misses>
				<total>3</total>
				<timestamp>2500.139815</timestamp>
			</report>
			<report>
				<misses>62600000</misses>
				<total>3</total>
				<timestamp>2504.139962</timestamp>
			</report>
			<report>
				<misses>62700000</misses>
				<total>3</total>
				<timestamp>2508.139952</timestamp>
			</report>
			<report>
				<misses>62800000</misses>
				<total>3</total>
				<timestamp>2512.139922</timestamp>
			</report>
			<report>
				<misses>62900000</misses>
				<total>3</total>
				<timestamp>2516.139931</timestamp>
			</report>
			<report>
				<misses>63000000</misses>
				<total>3</total>
				<timestamp>2520.139920</timestamp>
			</report>
			<report>
				<misses>63100000</misses>
				<total>3</total>
				<timestamp>2524.139930</timestamp>
			</report>
			<report>
				<misses>63200000</misses>
				<total>3</total>
				<timestamp>2528.139913</timestamp>
			</report>
			<report>
				<misses>63300000</misses>
				<total>3</total>
				<timestamp>2532.139926</timestamp>
			</report>
			<report>
				<misses>63400000</misses>
				<total>3</total>
				<timestamp>2536.139930</timestamp>
			</report>
			<report>
				<misses>63500000</misses>
				<total>3</total>
				<timestamp>2540.139951</timestamp>
			</report>
			<report>
				<misses>63600000</misses>
				<total>3</total>
				<timestamp>2544.139930</timestamp>
			</report>
			<report>
				<misses>63700000</misses>
				<total>3</total>
				<timestamp>2548.139963</timestamp>
			</report>
			<report>
				<misses>63800000</misses>
				<total>3</total>
				<timestamp>2552.139953</timestamp>
			</report>
			<report>
				<misses>63900000</misses>
				<total>3</total>
				<timestamp>2556.139945</timestamp>
			</report>
			<report>
				<misses>64000000</misses>
				<total>3</total>
				<timestamp>2560.139921</timestamp>
			</report>
			<report>
				<misses>64100000</misses>
				<total>3</total>
				<timestamp>2564.139921</timestamp>
			</report>
			<report>
				<misses>64200000</misses>
				<total>3</total>
				<timestamp>2568.139932</timestamp>
			</report>
			<report>
				<misses>64300000</misses>
				<total>3</total>
				<timestamp>2572.139940</timestamp>
			</report>
			<report>
				<misses>64400000</misses>
				<total>3</total>
				<timestamp>2576.139923</timestamp>
			</report>
			<report>
				<misses>64500000</misses>
				<total>3</total>
				<timestamp>2580.139924</timestamp>
			</report>
			<report>
				<misses>64600000</misses>
				<total>3</total>
				<timestamp>2584.139928</timestamp>
			</report>
			<report>
				<misses>64700000</misses>
				<total>3</total>
				<timestamp>2588.139923</timestamp>
			</report>
			<report>
				<misses>64800000</misses>
				<total>3</total>
				<timestamp>2592.139916</timestamp>
			</report>
			<report>
				<misses>64900000</misses>
				<total>3</total>
				<timestamp>2596.139946</timestamp>
			</report>
			<report>
				<misses>65000000</misses>
				<total>3</total>
				<timestamp>2600.139941</timestamp>
			</report>
			<report>
				<misses>65100000</misses>
				<total>3</total>
				<timestamp>2604.139921</timestamp>
			</report>
			<report>
				<misses>65200000</misses>
				<total>3</total>
				<timestamp>2608.140016</timestamp>
			</report>
			<report>
				<misses>65300000</misses>
				<total>3</total>
				<timestamp>2612.140001</timestamp>
			</report>
			<report>
				<misses>65400000</misses>
				<total>3</total>
				<timestamp>2616.139998</timestamp>
			</report>
			<report>
				<misses>65500000</misses>
				<total>3</total>
				<timestamp>2620.139991</timestamp>
			</report>
			<report>
				<misses>65600000</misses>
				<total>3</total>
				<timestamp>2624.140016</timestamp>
			</report>
			<report>
				<misses>65700000</misses>
				<total>3</total>
				<timestamp>2628.140974</timestamp>
			</report>
			<report>
				<misses>65800000</misses>
				<total>3</total>
				<timestamp>2632.141675</timestamp>
			</report>
			<report>
				<misses>65900000</misses>
				<total>3</total>
				<timestamp>2636.142510</timestamp>
			</report>
			<report>
				<misses>66000000</misses>
				<total>3</total>
				<timestamp>2640.143135</timestamp>
			</report>
			<report>
				<misses>66100000</misses>
				<total>3</total>
				<timestamp>2644.143790</timestamp>
			</report>
			<report>
				<misses>66200000</misses>
				<total>3</total>
				<timestamp>2648.143952</timestamp>
			</report>
			<report>
				<misses>66300000</misses>
				<total>3</total>
				<timestamp>2652.144353</timestamp>
			</report>
			<report>
				<misses>66400000</misses>
				<total>3</total>
				<timestamp>2656.144622</timestamp>
			</report>
			<report>
				<misses>66500000</misses>
				<total>3</total>
				<timestamp>2660.144804</timestamp>
			</report>
			<report>
				<misses>66600000</misses>
				<total>3</total>
				<timestamp>2664.144835</timestamp>
			</report>
			<report>
				<misses>66700000</misses>
				<total>3</total>
				<timestamp>2668.144845</timestamp>
			</report>
			<report>
				<misses>66800000</misses>
				<total>3</total>
				<timestamp>2672.145603</timestamp>
			</report>
			<report>
				<misses>66900000</misses>
				<total>3</total>
				<timestamp>2676.146474</timestamp>
			</report>
			<report>
				<misses>67000000</misses>
				<total>3</total>
				<timestamp>2680.147811</timestamp>
			</report>
			<report>
				<misses>67100000</misses>
				<total>3</total>
				<timestamp>2684.147854</timestamp>
			</report>
			<report>
				<misses>67200000</misses>
				<total>3</total>
				<timestamp>2688.148035</timestamp>
			</report>
			<report>
				<misses>67300000</misses>
				<total>3</total>
				<timestamp>2692.149095</timestamp>
			</report>
			<report>
				<misses>67400000</misses>
				<total>3</total>
				<timestamp>2696.149838</timestamp>
			</report>
			<report>
				<misses>67500000</misses>
				<total>3</total>
				<timestamp>2700.150351</timestamp>
			</report>
			<report>
				<misses>67600000</misses>
				<total>3</total>
				<timestamp>2704.150465</timestamp>
			</report>
			<report>
				<misses>67700000</misses>
				<total>3</total>
				<timestamp>2708.150984</timestamp>
			</report>
			<report>
				<misses>67800000</misses>
				<total>3</total>
				<timestamp>2712.152154</timestamp>
			</report>
			<report>
				<misses>67900000</misses>
				<total>3</total>
				<timestamp>2716.152645</timestamp>
			</report>
			<report>
				<misses>68000000</misses>
				<total>3</total>
				<timestamp>2720.153138</timestamp>
			</report>
			<report>
				<misses>68100000</misses>
				<total>3</total>
				<timestamp>2724.153733</timestamp>
			</report>
			<report>
				<misses>68200000</misses>
				<total>3</total>
				<timestamp>2728.154432</timestamp>
			</report>
			<report>
				<misses>68300000</misses>
				<total>3</total>
				<timestamp>2732.154612</timestamp>
			</report>
			<report>
				<misses>68400000</misses>
				<total>3</total>
				<timestamp>2736.154747</timestamp>
			</report>
			<report>
				<misses>68500000</misses>
				<total>3</total>
				<timestamp>2740.154794</timestamp>
			</report>
			<report>
				<misses>68600000</misses>
				<total>3</total>
				<timestamp>2744.155061</timestamp>
			</report>
			<report>
				<misses>68700000</misses>
				<total>3</total>
				<timestamp>2748.155473</timestamp>
			</report>
			<report>
				<misses>68800000</misses>
				<total>3</total>
				<timestamp>2752.156103</timestamp>
			</report>
			<report>
				<misses>68900000</misses>
				<total>3</total>
				<timestamp>2756.156170</timestamp>
			</report>
			<report>
				<misses>69000000</misses>
				<total>3</total>
				<timestamp>2760.156235</timestamp>
			</report>
			<report>
				<misses>69100000</misses>
				<total>3</total>
				<timestamp>2764.156984</timestamp>
			</report>
			<report>
				<misses>69200000</misses>
				<total>3</total>
				<timestamp>2768.157767</timestamp>
			</report>
			<report>
				<misses>69300000</misses>
				<total>3</total>
				<timestamp>2772.158294</timestamp>
			</report>
			<report>
				<misses>69400000</misses>
				<total>3</total>
				<timestamp>2776.159614</timestamp>
			</report>
			<report>
				<misses>69500000</misses>
				<total>3</total>
				<timestamp>2780.159957</timestamp>
			</report>
			<report>
				<misses>69600000</misses>
				<total>3</total>
				<timestamp>2784.160254</timestamp>
			</report>
			<report>
				<misses>69700000</misses>
				<total>3</total>
				<timestamp>2788.160433</timestamp>
			</report>
			<report>
				<misses>69800000</misses>
				<total>3</total>
				<timestamp>2792.160793</timestamp>
			</report>
			<report>
				<misses>69900000</misses>
				<total>3</total>
				<timestamp>2796.160794</timestamp>
			</report>
			<report>
				<misses>70000000</misses>
				<total>3</total>
				<timestamp>2800.160953</timestamp>
			</report>
			<report>
				<misses>70100000</misses>
				<total>3</total>
				<timestamp>2804.161361</timestamp>
			</report>
			<report>
				<misses>70200000</misses>
				<total>3</total>
				<timestamp>2808.161655</timestamp>
			</report>
			<report>
				<misses>70300000</misses>
				<total>3</total>
				<timestamp>2812.161719</timestamp>
			</report>
			<report>
				<misses>70400000</misses>
				<total>3</total>
				<timestamp>2816.161786</timestamp>
			</report>
			<report>
				<misses>70500000</misses>
				<total>3</total>
				<timestamp>2820.162321</timestamp>
			</report>
			<report>
				<misses>70600000</misses>
				<total>3</total>
				<timestamp>2824.163532</timestamp>
			</report>
			<report>
				<misses>70700000</misses>
				<total>3</total>
				<timestamp>2828.164359</timestamp>
			</report>
			<report>
				<misses>70800000</misses>
				<total>3</total>
				<timestamp>2832.164366</timestamp>
			</report>
			<report>
				<misses>70900000</misses>
				<total>3</total>
				<timestamp>2836.164389</timestamp>
			</report>
			<report>
				<misses>71000000</misses>
				<total>3</total>
				<timestamp>2840.164463</timestamp>
			</report>
			<report>
				<misses>71100000</misses>
				<total>3</total>
				<timestamp>2844.165258</timestamp>
			</report>
			<report>
				<misses>71200000</misses>
				<total>3</total>
				<timestamp>2848.165759</timestamp>
			</report>
			<report>
				<misses>71300000</misses>
				<total>3</total>
				<timestamp>2852.165780</timestamp>
			</report>
			<report>
				<misses>71400000</misses>
				<total>3</total>
				<timestamp>2856.165795</timestamp>
			</report>
			<report>
				<misses>71500000</misses>
				<total>3</total>
				<timestamp>2860.166524</timestamp>
			</report>
			<report>
				<misses>71600000</misses>
				<total>3</total>
				<timestamp>2864.167491</timestamp>
			</report>
			<report>
				<misses>71700000</misses>
				<total>3</total>
				<timestamp>2868.168281</timestamp>
			</report>
			<report>
				<misses>71800000</misses>
				<total>3</total>
				<timestamp>2872.168720</timestamp>
			</report>
			<report>
				<misses>71900000</misses>
				<total>3</total>
				<timestamp>2876.169468</timestamp>
			</report>
			<report>
				<misses>72000000</misses>
				<total>3</total>
				<timestamp>2880.170139</timestamp>
			</report>
			<report>
				<misses>72100000</misses>
				<total>3</total>
				<timestamp>2884.171433</timestamp>
			</report>
			<report>
				<misses>72200000</misses>
				<total>3</total>
				<timestamp>2888.171485</timestamp>
			</report>
			<report>
				<misses>72300000</misses>
				<total>3</total>
				<timestamp>2892.172115</timestamp>
			</report>
			<report>
				<misses>72400000</misses>
				<total>3</total>
				<timestamp>2896.172111</timestamp>
			</report>
			<report>
				<misses>72500000</misses>
				<total>3</total>
				<timestamp>2900.172123</timestamp>
			</report>
			<report>
				<misses>72600000</misses>
				<total>3</total>
				<timestamp>2904.172199</timestamp>
			</report>
			<report>
				<misses>72700000</misses>
				<total>3</total>
				<timestamp>2908.173199</timestamp>
			</report>
			<report>
				<misses>72800000</misses>
				<total>3</total>
				<timestamp>2912.173785</timestamp>
			</report>
			<report>
				<misses>72900000</misses>
				<total>3</total>
				<timestamp>2916.174316</timestamp>
			</report>
			<report>
				<misses>73000000</misses>
				<total>3</total>
				<timestamp>2920.175110</timestamp>
			</report>
			<report>
				<misses>73100000</misses>
				<total>3</total>
				<timestamp>2924.175871</timestamp>
			</report>
			<report>
				<misses>73200000</misses>
				<total>3</total>
				<timestamp>2928.176318</timestamp>
			</report>
			<report>
				<misses>73300000</misses>
				<total>3</total>
				<timestamp>2932.176756</timestamp>
			</report>
			<report>
				<misses>73400000</misses>
				<total>3</total>
				<timestamp>2936.177763</timestamp>
			</report>
			<report>
				<misses>73500000</misses>
				<total>3</total>
				<timestamp>2940.178323</timestamp>
			</report>
			<report>
				<misses>73600000</misses>
				<total>3</total>
				<timestamp>2944.178565</timestamp>
			</report>
			<report>
				<misses>73700000</misses>
				<total>3</total>
				<timestamp>2948.178609</timestamp>
			</report>
			<report>
				<misses>73800000</misses>
				<total>3</total>
				<timestamp>2952.178717</timestamp>
			</report>
			<report>
				<misses>73900000</misses>
				<total>3</total>
				<timestamp>2956.179667</timestamp>
			</report>
			<report>
				<misses>74000000</misses>
				<total>3</total>
				<timestamp>2960.180929</timestamp>
			</report>
			<report>
				<misses>74100000</misses>
				<total>3</total>
				<timestamp>2964.181154</timestamp>
			</report>
			<report>
				<misses>74200000</misses>
				<total>3</total>
				<timestamp>2968.181442</timestamp>
			</report>
			<report>
				<misses>74300000</misses>
				<total>3</total>
				<timestamp>2972.181681</timestamp>
			</report>
			<report>
				<misses>74400000</misses>
				<total>3</total>
				<timestamp>2976.181680</timestamp>
			</report>
			<report>
				<misses>74500000</misses>
				<total>3</total>
				<timestamp>2980.182751</timestamp>
			</report>
			<report>
				<misses>74600000</misses>
				<total>3</total>
				<timestamp>2984.183677</timestamp>
			</report>
			<report>
				<misses>74700000</misses>
				<total>3</total>
				<timestamp>2988.184848</timestamp>
			</report>
			<report>
				<misses>74800000</misses>
				<total>3</total>
				<timestamp>2992.185581</timestamp>
			</report>
			<report>
				<misses>74900000</misses>
				<total>3</total>
				<timestamp>2996.186198</timestamp>
			</report>
			<report>
				<misses>75000000</misses>
				<total>3</total>
				<timestamp>3000.188092</timestamp>
			</report>
			<report>
				<misses>75100000</misses>
				<total>3</total>
				<timestamp>3004.189765</timestamp>
			</report>
			<report>
				<misses>75200000</misses>
				<total>3</total>
				<timestamp>3008.190250</timestamp>
			</report>
			<report>
				<misses>75300000</misses>
				<total>3</total>
				<timestamp>3012.190727</timestamp>
			</report>
			<report>
				<misses>75400000</misses>
				<total>3</total>
				<timestamp>3016.190867</timestamp>
			</report>
			<report>
				<misses>75500000</misses>
				<total>3</total>
				<timestamp>3020.191316</timestamp>
			</report>
			<report>
				<misses>75600000</misses>
				<total>3</total>
				<timestamp>3024.192045</timestamp>
			</report>
			<report>
				<misses>75700000</misses>
				<total>3</total>
				<timestamp>3028.193118</timestamp>
			</report>
			<report>
				<misses>75800000</misses>
				<total>3</total>
				<timestamp>3032.193418</timestamp>
			</report>
			<report>
				<misses>75900000</misses>
				<total>3</total>
				<timestamp>3036.193765</timestamp>
			</report>
			<report>
				<misses>76000000</misses>
				<total>3</total>
				<timestamp>3040.193767</timestamp>
			</report>
			<report>
				<misses>76100000</misses>
				<total>3</total>
				<timestamp>3044.193755</timestamp>
			</report>
			<report>
				<misses>76200000</misses>
				<total>3</total>
				<timestamp>3048.193750</timestamp>
			</report>
			<report>
				<misses>76300000</misses>
				<total>3</total>
				<timestamp>3052.193727</timestamp>
			</report>
			<report>
				<misses>76400000</misses>
				<total>3</total>
				<timestamp>3056.193743</timestamp>
			</report>
			<report>
				<misses>76500000</misses>
				<total>3</total>
				<timestamp>3060.193736</timestamp>
			</report>
			<report>
				<misses>76600000</misses>
				<total>3</total>
				<timestamp>3064.193725</timestamp>
			</report>
			<report>
				<misses>76700000</misses>
				<total>3</total>
				<timestamp>3068.193764</timestamp>
			</report>
			<report>
				<misses>76800000</misses>
				<total>3</total>
				<timestamp>3072.193753</timestamp>
			</report>
			<report>
				<misses>76900000</misses>
				<total>3</total>
				<timestamp>3076.193751</timestamp>
			</report>
			<report>
				<misses>77000000</misses>
				<total>3</total>
				<timestamp>3080.193720</timestamp>
			</report>
			<report>
				<misses>77100000</misses>
				<total>3</total>
				<timestamp>3084.193741</timestamp>
			</report>
			<report>
				<misses>77200000</misses>
				<total>3</total>
				<timestamp>3088.193720</timestamp>
			</report>
			<report>
				<misses>77300000</misses>
				<total>3</total>
				<timestamp>3092.193719</timestamp>
			</report>
			<report>
				<misses>77400000</misses>
				<total>3</total>
				<timestamp>3096.193719</timestamp>
			</report>
			<report>
				<misses>77500000</misses>
				<total>3</total>
				<timestamp>3100.193718</timestamp>
			</report>
			<report>
				<misses>77600000</misses>
				<total>3</total>
				<timestamp>3104.193717</timestamp>
			</report>
			<report>
				<misses>77700000</misses>
				<total>3</total>
				<timestamp>3108.193713</timestamp>
			</report>
			<report>
				<misses>77800000</misses>
				<total>3</total>
				<timestamp>3112.193698</timestamp>
			</report>
			<report>
				<misses>77900000</misses>
				<total>3</total>
				<timestamp>3116.193668</timestamp>
			</report>
			<report>
				<misses>78000000</misses>
				<total>3</total>
				<timestamp>3120.193665</timestamp>
			</report>
			<report>
				<misses>78100000</misses>
				<total>3</total>
				<timestamp>3124.193632</timestamp>
			</report>
			<report>
				<misses>78200000</misses>
				<total>3</total>
				<timestamp>3128.193609</timestamp>
			</report>
			<report>
				<misses>78300000</misses>
				<total>3</total>
				<timestamp>3132.193605</timestamp>
			</report>
			<report>
				<misses>78400000</misses>
				<total>3</total>
				<timestamp>3136.193606</timestamp>
			</report>
			<report>
				<misses>78500000</misses>
				<total>3</total>
				<timestamp>3140.193606</timestamp>
			</report>
			<report>
				<misses>78600000</misses>
				<total>3</total>
				<timestamp>3144.193622</timestamp>
			</report>
			<report>
				<misses>78700000</misses>
				<total>3</total>
				<timestamp>3148.193622</timestamp>
			</report>
			<report>
				<misses>78800000</misses>
				<total>3</total>
				<timestamp>3152.193606</timestamp>
			</report>
			<report>
				<misses>78900000</misses>
				<total>3</total>
				<timestamp>3156.193673</timestamp>
			</report>
			<report>
				<misses>79000000</misses>
				<total>3</total>
				<timestamp>3160.193668</timestamp>
			</report>
			<report>
				<misses>79100000</misses>
				<total>3</total>
				<timestamp>3164.193667</timestamp>
			</report>
			<report>
				<misses>79200000</misses>
				<total>3</total>
				<timestamp>3168.193647</timestamp>
			</report>
			<report>
				<misses>79300000</misses>
				<total>3</total>
				<timestamp>3172.193654</timestamp>
			</report>
			<report>
				<misses>79400000</misses>
				<total>3</total>
				<timestamp>3176.193626</timestamp>
			</report>
			<report>
				<misses>79500000</misses>
				<total>3</total>
				<timestamp>3180.193670</timestamp>
			</report>
			<report>
				<misses>79600000</misses>
				<total>3</total>
				<timestamp>3184.193641</timestamp>
			</report>
			<report>
				<misses>79700000</misses>
				<total>3</total>
				<timestamp>3188.193652</timestamp>
			</report>
			<report>
				<misses>79800000</misses>
				<total>3</total>
				<timestamp>3192.193640</timestamp>
			</report>
			<report>
				<misses>79900000</misses>
				<total>3</total>
				<timestamp>3196.193660</timestamp>
			</report>
			<report>
				<misses>80000000</misses>
				<total>3</total>
				<timestamp>3200.193647</timestamp>
			</report>
			<report>
				<misses>80100000</misses>
				<total>3</total>
				<timestamp>3204.193663</timestamp>
			</report>
			<report>
				<misses>80200000</misses>
				<total>3</total>
				<timestamp>3208.193645</timestamp>
			</report>
			<report>
				<misses>80300000</misses>
				<total>3</total>
				<timestamp>3212.193666</timestamp>
			</report>
			<report>
				<misses>80400000</misses>
				<total>3</total>
				<timestamp>3216.193659</timestamp>
			</report>
			<report>
				<misses>80500000</misses>
				<total>3</total>
				<timestamp>3220.193641</timestamp>
			</report>
			<report>
				<misses>80600000</misses>
				<total>3</total>
				<timestamp>3224.193640</timestamp>
			</report>
			<report>
				<misses>80700000</misses>
				<total>3</total>
				<timestamp>3228.193643</timestamp>
			</report>
			<report>
				<misses>80800000</misses>
				<total>3</total>
				<timestamp>3232.193640</timestamp>
			</report>
			<report>
				<misses>80900000</misses>
				<total>3</total>
				<timestamp>3236.193660</timestamp>
			</report>
			<report>
				<misses>81000000</misses>
				<total>3</total>
				<timestamp>3240.193646</timestamp>
			</report>
			<report>
				<misses>81100000</misses>
				<total>3</total>
				<timestamp>3244.193636</timestamp>
			</report>
			<report>
				<misses>81200000</misses>
				<total>3</total>
				<timestamp>3248.193651</timestamp>
			</report>
			<report>
				<misses>81300000</misses>
				<total>3</total>
				<timestamp>3252.193631</timestamp>
			</report>
			<report>
				<misses>81400000</misses>
				<total>3</total>
				<timestamp>3256.193608</timestamp>
			</report>
			<report>
				<misses>81500000</misses>
				<total>3</total>
				<timestamp>3260.193598</timestamp>
			</report>
			<report>
				<misses>81600000</misses>
				<total>3</total>
				<timestamp>3264.193625</timestamp>
			</report>
			<report>
				<misses>81700000</misses>
				<total>3</total>
				<timestamp>3268.193996</timestamp>
			</report>
			<report>
				<misses>81800000</misses>
				<total>3</total>
				<timestamp>3272.194017</timestamp>
			</report>
			<report>
				<misses>81900000</misses>
				<total>3</total>
				<timestamp>3276.193988</timestamp>
			</report>
			<report>
				<misses>82000000</misses>
				<total>3</total>
				<timestamp>3280.193970</timestamp>
			</report>
			<report>
				<misses>82100000</misses>
				<total>3</total>
				<timestamp>3284.193952</timestamp>
			</report>
			<report>
				<misses>82200000</misses>
				<total>3</total>
				<timestamp>3288.193929</timestamp>
			</report>
			<report>
				<misses>82300000</misses>
				<total>3</total>
				<timestamp>3292.193927</timestamp>
			</report>
			<report>
				<misses>82400000</misses>
				<total>3</total>
				<timestamp>3296.193924</timestamp>
			</report>
			<report>
				<misses>82500000</misses>
				<total>3</total>
				<timestamp>3300.193915</timestamp>
			</report>
			<report>
				<misses>82600000</misses>
				<total>3</total>
				<timestamp>3304.193925</timestamp>
			</report>
			<report>
				<misses>82700000</misses>
				<total>3</total>
				<timestamp>3308.193910</timestamp>
			</report>
			<report>
				<misses>82800000</misses>
				<total>3</total>
				<timestamp>3312.193888</timestamp>
			</report>
			<report>
				<misses>82900000</misses>
				<total>3</total>
				<timestamp>3316.193878</timestamp>
			</report>
			<report>
				<misses>83000000</misses>
				<total>3</total>
				<timestamp>3320.193880</timestamp>
			</report>
			<report>
				<misses>83100000</misses>
				<total>3</total>
				<timestamp>3324.193879</timestamp>
			</report>
			<report>
				<misses>83200000</misses>
				<total>3</total>
				<timestamp>3328.193880</timestamp>
			</report>
			<report>
				<misses>83300000</misses>
				<total>3</total>
				<timestamp>3332.193869</timestamp>
			</report>
			<report>
				<misses>83400000</misses>
				<total>3</total>
				<timestamp>3336.193839</timestamp>
			</report>
			<report>
				<misses>83500000</misses>
				<total>3</total>
				<timestamp>3340.193830</timestamp>
			</report>
			<report>
				<misses>83600000</misses>
				<total>3</total>
				<timestamp>3344.193806</timestamp>
			</report>
			<report>
				<misses>83700000</misses>
				<total>3</total>
				<timestamp>3348.193789</timestamp>
			</report>
			<report>
				<misses>83800000</misses>
				<total>3</total>
				<timestamp>3352.193751</timestamp>
			</report>
			<report>
				<misses>83900000</misses>
				<total>3</total>
				<timestamp>3356.193736</timestamp>
			</report>
			<report>
				<misses>84000000</misses>
				<total>3</total>
				<timestamp>3360.193731</timestamp>
			</report>
			<report>
				<misses>84100000</misses>
				<total>3</total>
				<timestamp>3364.193726</timestamp>
			</report>
			<report>
				<misses>84200000</misses>
				<total>3</total>
				<timestamp>3368.193727</timestamp>
			</report>
			<report>
				<misses>84300000</misses>
				<total>3</total>
				<timestamp>3372.193728</timestamp>
			</report>
			<report>
				<misses>84400000</misses>
				<total>3</total>
				<timestamp>3376.194165</timestamp>
			</report>
			<report>
				<misses>84500000</misses>
				<total>3</total>
				<timestamp>3380.194401</timestamp>
			</report>
			<report>
				<misses>84600000</misses>
				<total>3</total>
				<timestamp>3384.196113</timestamp>
			</report>
			<report>
				<misses>84700000</misses>
				<total>3</total>
				<timestamp>3388.197194</timestamp>
			</report>
			<report>
				<misses>84800000</misses>
				<total>3</total>
				<timestamp>3392.197622</timestamp>
			</report>
			<report>
				<misses>84900000</misses>
				<total>3</total>
				<timestamp>3396.197611</timestamp>
			</report>
			<report>
				<misses>85000000</misses>
				<total>3</total>
				<timestamp>3400.197615</timestamp>
			</report>
			<report>
				<misses>85100000</misses>
				<total>3</total>
				<timestamp>3404.198986</timestamp>
			</report>
			<report>
				<misses>85200000</misses>
				<total>3</total>
				<timestamp>3408.200051</timestamp>
			</report>
			<report>
				<misses>85300000</misses>
				<total>3</total>
				<timestamp>3412.200921</timestamp>
			</report>
			<report>
				<misses>85400000</misses>
				<total>3</total>
				<timestamp>3416.201211</timestamp>
			</report>
			<report>
				<misses>85500000</misses>
				<total>3</total>
				<timestamp>3420.201621</timestamp>
			</report>
			<report>
				<misses>85600000</misses>
				<total>3</total>
				<timestamp>3424.202410</timestamp>
			</report>
			<report>
				<misses>85700000</misses>
				<total>3</total>
				<timestamp>3428.203084</timestamp>
			</report>
			<report>
				<misses>85800000</misses>
				<total>3</total>
				<timestamp>3432.203664</timestamp>
			</report>
			<report>
				<misses>85900000</misses>
				<total>3</total>
				<timestamp>3436.205183</timestamp>
			</report>
			<report>
				<misses>86000000</misses>
				<total>3</total>
				<timestamp>3440.206963</timestamp>
			</report>
			<report>
				<misses>86100000</misses>
				<total>3</total>
				<timestamp>3444.207001</timestamp>
			</report>
			<report>
				<misses>86200000</misses>
				<total>3</total>
				<timestamp>3448.207192</timestamp>
			</report>
			<report>
				<misses>86300000</misses>
				<total>3</total>
				<timestamp>3452.207204</timestamp>
			</report>
			<report>
				<misses>86400000</misses>
				<total>3</total>
				<timestamp>3456.207196</timestamp>
			</report>
			<report>
				<misses>86500000</misses>
				<total>3</total>
				<timestamp>3460.207486</timestamp>
			</report>
			<report>
				<misses>86600000</misses>
				<total>3</total>
				<timestamp>3464.207941</timestamp>
			</report>
			<report>
				<misses>86700000</misses>
				<total>3</total>
				<timestamp>3468.208929</timestamp>
			</report>
			<report>
				<misses>86800000</misses>
				<total>3</total>
				<timestamp>3472.209645</timestamp>
			</report>
			<report>
				<misses>86900000</misses>
				<total>3</total>
				<timestamp>3476.210504</timestamp>
			</report>
			<report>
				<misses>87000000</misses>
				<total>3</total>
				<timestamp>3480.211284</timestamp>
			</report>
			<report>
				<misses>87100000</misses>
				<total>3</total>
				<timestamp>3484.212038</timestamp>
			</report>
			<report>
				<misses>87200000</misses>
				<total>3</total>
				<timestamp>3488.212210</timestamp>
			</report>
			<report>
				<misses>87300000</misses>
				<total>3</total>
				<timestamp>3492.212246</timestamp>
			</report>
			<report>
				<misses>87400000</misses>
				<total>3</total>
				<timestamp>3496.212439</timestamp>
			</report>
			<report>
				<misses>87500000</misses>
				<total>3</total>
				<timestamp>3500.212485</timestamp>
			</report>
			<report>
				<misses>87600000</misses>
				<total>3</total>
				<timestamp>3504.212914</timestamp>
			</report>
			<report>
				<misses>87700000</misses>
				<total>3</total>
				<timestamp>3508.212916</timestamp>
			</report>
			<report>
				<misses>87800000</misses>
				<total>3</total>
				<timestamp>3512.213305</timestamp>
			</report>
			<report>
				<misses>87900000</misses>
				<total>3</total>
				<timestamp>3516.213469</timestamp>
			</report>
			<report>
				<misses>88000000</misses>
				<total>3</total>
				<timestamp>3520.214437</timestamp>
			</report>
			<report>
				<misses>88100000</misses>
				<total>3</total>
				<timestamp>3524.214440</timestamp>
			</report>
			<report>
				<misses>88200000</misses>
				<total>3</total>
				<timestamp>3528.214491</timestamp>
			</report>
			<report>
				<misses>88300000</misses>
				<total>3</total>
				<timestamp>3532.215236</timestamp>
			</report>
			<report>
				<misses>88400000</misses>
				<total>3</total>
				<timestamp>3536.216130</timestamp>
			</report>
			<report>
				<misses>88500000</misses>
				<total>3</total>
				<timestamp>3540.216875</timestamp>
			</report>
			<report>
				<misses>88600000</misses>
				<total>3</total>
				<timestamp>3544.216934</timestamp>
			</report>
			<report>
				<misses>88700000</misses>
				<total>3</total>
				<timestamp>3548.216913</timestamp>
			</report>
			<report>
				<misses>88800000</misses>
				<total>3</total>
				<timestamp>3552.218395</timestamp>
			</report>
			<report>
				<misses>88900000</misses>
				<total>3</total>
				<timestamp>3556.219401</timestamp>
			</report>
			<report>
				<misses>89000000</misses>
				<total>3</total>
				<timestamp>3560.219636</timestamp>
			</report>
			<report>
				<misses>89100000</misses>
				<total>3</total>
				<timestamp>3564.219728</timestamp>
			</report>
			<report>
				<misses>89200000</misses>
				<total>3</total>
				<timestamp>3568.221131</timestamp>
			</report>
			<report>
				<misses>89300000</misses>
				<total>3</total>
				<timestamp>3572.221117</timestamp>
			</report>
			<report>
				<misses>89400000</misses>
				<total>3</total>
				<timestamp>3576.221498</timestamp>
			</report>
			<report>
				<misses>89500000</misses>
				<total>3</total>
				<timestamp>3580.222941</timestamp>
			</report>
			<report>
				<misses>89600000</misses>
				<total>3</total>
				<timestamp>3584.224649</timestamp>
			</report>
			<report>
				<misses>89700000</misses>
				<total>3</total>
				<timestamp>3588.224945</timestamp>
			</report>
			<report>
				<misses>89800000</misses>
				<total>3</total>
				<timestamp>3592.225410</timestamp>
			</report>
			<report>
				<misses>89900000</misses>
				<total>3</total>
				<timestamp>3596.226368</timestamp>
			</report>
			<report>
				<misses>90000000</misses>
				<total>3</total>
				<timestamp>3600.226998</timestamp>
			</report>
			<report>
				<misses>90100000</misses>
				<total>3</total>
				<timestamp>3604.227084</timestamp>
			</report>
			<report>
				<misses>90200000</misses>
				<total>3</total>
				<timestamp>3608.227636</timestamp>
			</report>
			<report>
				<misses>90300000</misses>
				<total>3</total>
				<timestamp>3612.227690</timestamp>
			</report>
			<report>
				<misses>90400000</misses>
				<total>3</total>
				<timestamp>3616.227679</timestamp>
			</report>
			<report>
				<misses>90500000</misses>
				<total>3</total>
				<timestamp>3620.227688</timestamp>
			</report>
			<report>
				<misses>90600000</misses>
				<total>3</total>
				<timestamp>3624.228436</timestamp>
			</report>
			<report>
				<misses>90700000</misses>
				<total>3</total>
				<timestamp>3628.228433</timestamp>
			</report>
			<report>
				<misses>90800000</misses>
				<total>3</total>
				<timestamp>3632.228448</timestamp>
			</report>
			<report>
				<misses>90900000</misses>
				<total>3</total>
				<timestamp>3636.228440</timestamp>
			</report>
			<report>
				<misses>91000000</misses>
				<total>3</total>
				<timestamp>3640.228454</timestamp>
			</report>
			<report>
				<misses>91100000</misses>
				<total>3</total>
				<timestamp>3644.229342</timestamp>
			</report>
			<report>
				<misses>91200000</misses>
				<total>3</total>
				<timestamp>3648.229769</timestamp>
			</report>
			<report>
				<misses>91300000</misses>
				<total>3</total>
				<timestamp>3652.229800</timestamp>
			</report>
			<report>
				<misses>91400000</misses>
				<total>3</total>
				<timestamp>3656.230043</timestamp>
			</report>
			<report>
				<misses>91500000</misses>
				<total>3</total>
				<timestamp>3660.230836</timestamp>
			</report>
			<report>
				<misses>91600000</misses>
				<total>3</total>
				<timestamp>3664.231030</timestamp>
			</report>
			<report>
				<misses>91700000</misses>
				<total>3</total>
				<timestamp>3668.231125</timestamp>
			</report>
			<report>
				<misses>91800000</misses>
				<total>3</total>
				<timestamp>3672.231165</timestamp>
			</report>
			<report>
				<misses>91900000</misses>
				<total>3</total>
				<timestamp>3676.231638</timestamp>
			</report>
			<report>
				<misses>92000000</misses>
				<total>3</total>
				<timestamp>3680.231897</timestamp>
			</report>
			<report>
				<misses>92100000</misses>
				<total>3</total>
				<timestamp>3684.232902</timestamp>
			</report>
			<report>
				<misses>92200000</misses>
				<total>3</total>
				<timestamp>3688.232959</timestamp>
			</report>
			<report>
				<misses>92300000</misses>
				<total>3</total>
				<timestamp>3692.233007</timestamp>
			</report>
			<report>
				<misses>92400000</misses>
				<total>3</total>
				<timestamp>3696.233353</timestamp>
			</report>
			<report>
				<misses>92500000</misses>
				<total>3</total>
				<timestamp>3700.233628</timestamp>
			</report>
			<report>
				<misses>92600000</misses>
				<total>3</total>
				<timestamp>3704.233724</timestamp>
			</report>
			<report>
				<misses>92700000</misses>
				<total>3</total>
				<timestamp>3708.234875</timestamp>
			</report>
			<report>
				<misses>92800000</misses>
				<total>3</total>
				<timestamp>3712.235195</timestamp>
			</report>
			<report>
				<misses>92900000</misses>
				<total>3</total>
				<timestamp>3716.235886</timestamp>
			</report>
			<report>
				<misses>93000000</misses>
				<total>3</total>
				<timestamp>3720.236601</timestamp>
			</report>
			<report>
				<misses>93100000</misses>
				<total>3</total>
				<timestamp>3724.236588</timestamp>
			</report>
			<report>
				<misses>93200000</misses>
				<total>3</total>
				<timestamp>3728.236544</timestamp>
			</report>
			<report>
				<misses>93300000</misses>
				<total>3</total>
				<timestamp>3732.236540</timestamp>
			</report>
			<report>
				<misses>93400000</misses>
				<total>3</total>
				<timestamp>3736.236573</timestamp>
			</report>
			<report>
				<misses>93500000</misses>
				<total>3</total>
				<timestamp>3740.236641</timestamp>
			</report>
			<report>
				<misses>93600000</misses>
				<total>3</total>
				<timestamp>3744.236656</timestamp>
			</report>
			<report>
				<misses>93700000</misses>
				<total>3</total>
				<timestamp>3748.236838</timestamp>
			</report>
			<report>
				<misses>93800000</misses>
				<total>3</total>
				<timestamp>3752.237464</timestamp>
			</report>
			<report>
				<misses>93900000</misses>
				<total>3</total>
				<timestamp>3756.238004</timestamp>
			</report>
			<report>
				<misses>94000000</misses>
				<total>3</total>
				<timestamp>3760.240003</timestamp>
			</report>
			<report>
				<misses>94100000</misses>
				<total>3</total>
				<timestamp>3764.240151</timestamp>
			</report>
			<report>
				<misses>94200000</misses>
				<total>3</total>
				<timestamp>3768.240173</timestamp>
			</report>
			<report>
				<misses>94300000</misses>
				<total>3</total>
				<timestamp>3772.240181</timestamp>
			</report>
			<report>
				<misses>94400000</misses>
				<total>3</total>
				<timestamp>3776.240237</timestamp>
			</report>
			<report>
				<misses>94500000</misses>
				<total>3</total>
				<timestamp>3780.240294</timestamp>
			</report>
			<report>
				<misses>94600000</misses>
				<total>3</total>
				<timestamp>3784.240374</timestamp>
			</report>
			<report>
				<misses>94700000</misses>
				<total>3</total>
				<timestamp>3788.240395</timestamp>
			</report>
			<report>
				<misses>94800000</misses>
				<total>3</total>
				<timestamp>3792.241719</timestamp>
			</report>
			<report>
				<misses>94900000</misses>
				<total>3</total>
				<timestamp>3796.242988</timestamp>
			</report>
			<report>
				<misses>95000000</misses>
				<total>3</total>
				<timestamp>3800.243031</timestamp>
			</report>
			<report>
				<misses>95100000</misses>
				<total>3</total>
				<timestamp>3804.243437</timestamp>
			</report>
			<report>
				<misses>95200000</misses>
				<total>3</total>
				<timestamp>3808.243504</timestamp>
			</report>
			<report>
				<misses>95300000</misses>
				<total>3</total>
				<timestamp>3812.243720</timestamp>
			</report>
			<report>
				<misses>95400000</misses>
				<total>3</total>
				<timestamp>3816.244195</timestamp>
			</report>
			<report>
				<misses>95500000</misses>
				<total>3</total>
				<timestamp>3820.245309</timestamp>
			</report>
			<report>
				<misses>95600000</misses>
				<total>3</total>
				<timestamp>3824.245485</timestamp>
			</report>
			<report>
				<misses>95700000</misses>
				<total>3</total>
				<timestamp>3828.245515</timestamp>
			</report>
			<report>
				<misses>95800000</misses>
				<total>3</total>
				<timestamp>3832.245831</timestamp>
			</report>
			<report>
				<misses>95900000</misses>
				<total>3</total>
				<timestamp>3836.245948</timestamp>
			</report>
			<report>
				<misses>96000000</misses>
				<total>3</total>
				<timestamp>3840.246141</timestamp>
			</report>
			<report>
				<misses>96100000</misses>
				<total>3</total>
				<timestamp>3844.246758</timestamp>
			</report>
			<report>
				<misses>96200000</misses>
				<total>3</total>
				<timestamp>3848.247038</timestamp>
			</report>
			<report>
				<misses>96300000</misses>
				<total>3</total>
				<timestamp>3852.247194</timestamp>
			</report>
			<report>
				<misses>96400000</misses>
				<total>3</total>
				<timestamp>3856.247413</timestamp>
			</report>
			<report>
				<misses>96500000</misses>
				<total>3</total>
				<timestamp>3860.247430</timestamp>
			</report>
			<report>
				<misses>96600000</misses>
				<total>3</total>
				<timestamp>3864.247651</timestamp>
			</report>
			<report>
				<misses>96700000</misses>
				<total>3</total>
				<timestamp>3868.248350</timestamp>
			</report>
			<report>
				<misses>96800000</misses>
				<total>3</total>
				<timestamp>3872.249912</timestamp>
			</report>
			<report>
				<misses>96900000</misses>
				<total>3</total>
				<timestamp>3876.249863</timestamp>
			</report>
			<report>
				<misses>97000000</misses>
				<total>3</total>
				<timestamp>3880.250799</timestamp>
			</report>
			<report>
				<misses>97100000</misses>
				<total>3</total>
				<timestamp>3884.251225</timestamp>
			</report>
			<report>
				<misses>97200000</misses>
				<total>3</total>
				<timestamp>3888.252019</timestamp>
			</report>
			<report>
				<misses>97300000</misses>
				<total>3</total>
				<timestamp>3892.252271</timestamp>
			</report>
			<report>
				<misses>97400000</misses>
				<total>3</total>
				<timestamp>3896.252335</timestamp>
			</report>
			<report>
				<misses>97500000</misses>
				<total>3</total>
				<timestamp>3900.252424</timestamp>
			</report>
			<report>
				<misses>97600000</misses>
				<total>3</total>
				<timestamp>3904.252606</timestamp>
			</report>
			<report>
				<misses>97700000</misses>
				<total>3</total>
				<timestamp>3908.252968</timestamp>
			</report>
			<report>
				<misses>97800000</misses>
				<total>3</total>
				<timestamp>3912.253032</timestamp>
			</report>
			<report>
				<misses>97900000</misses>
				<total>3</total>
				<timestamp>3916.253000</timestamp>
			</report>
			<report>
				<misses>98000000</misses>
				<total>3</total>
				<timestamp>3920.254669</timestamp>
			</report>
			<report>
				<misses>98100000</misses>
				<total>3</total>
				<timestamp>3924.255431</timestamp>
			</report>
			<report>
				<misses>98200000</misses>
				<total>3</total>
				<timestamp>3928.256128</timestamp>
			</report>
			<report>
				<misses>98300000</misses>
				<total>3</total>
				<timestamp>3932.256509</timestamp>
			</report>
			<report>
				<misses>98400000</misses>
				<total>3</total>
				<timestamp>3936.256615</timestamp>
			</report>
			<report>
				<misses>98500000</misses>
				<total>3</total>
				<timestamp>3940.256623</timestamp>
			</report>
			<report>
				<misses>98600000</misses>
				<total>3</total>
				<timestamp>3944.257166</timestamp>
			</report>
			<report>
				<misses>98700000</misses>
				<total>3</total>
				<timestamp>3948.257507</timestamp>
			</report>
			<report>
				<misses>98800000</misses>
				<total>3</total>
				<timestamp>3952.258639</timestamp>
			</report>
			<report>
				<misses>98900000</misses>
				<total>3</total>
				<timestamp>3956.260853</timestamp>
			</report>
			<report>
				<misses>99000000</misses>
				<total>3</total>
				<timestamp>3960.261366</timestamp>
			</report>
			<report>
				<misses>99100000</misses>
				<total>3</total>
				<timestamp>3964.261419</timestamp>
			</report>
			<report>
				<misses>99200000</misses>
				<total>3</total>
				<timestamp>3968.262612</timestamp>
			</report>
			<report>
				<misses>99300000</misses>
				<total>3</total>
				<timestamp>3972.263190</timestamp>
			</report>
			<report>
				<misses>99400000</misses>
				<total>3</total>
				<timestamp>3976.263736</timestamp>
			</report>
			<report>
				<misses>99500000</misses>
				<total>3</total>
				<timestamp>3980.264108</timestamp>
			</report>
			<report>
				<misses>99600000</misses>
				<total>3</total>
				<timestamp>3984.264247</timestamp>
			</report>
			<report>
				<misses>99700000</misses>
				<total>3</total>
				<timestamp>3988.264653</timestamp>
			</report>
			<report>
				<misses>99800000</misses>
				<total>3</total>
				<timestamp>3992.265392</timestamp>
			</report>
			<report>
				<misses>99900000</misses>
				<total>3</total>
				<timestamp>3996.265402</timestamp>
			</report>
			<report>
				<misses>100000000</misses>
				<total>3</total>
				<timestamp>4000.265417</timestamp>
			</report>
			<report>
				<misses>100100000</misses>
				<total>3</total>
				<timestamp>4004.265564</timestamp>
			</report>
			<report>
				<misses>100200000</misses>
				<total>3</total>
				<timestamp>4008.265844</timestamp>
			</report>
			<report>
				<misses>100300000</misses>
				<total>3</total>
				<timestamp>4012.265926</timestamp>
			</report>
			<report>
				<misses>100400000</misses>
				<total>3</total>
				<timestamp>4016.266352</timestamp>
			</report>
			<report>
				<misses>100500000</misses>
				<total>3</total>
				<timestamp>4020.266368</timestamp>
			</report>
			<report>
				<misses>100600000</misses>
				<total>3</total>
				<timestamp>4024.266488</timestamp>
			</report>
			<report>
				<misses>100700000</misses>
				<total>3</total>
				<timestamp>4028.266480</timestamp>
			</report>
			<report>
				<misses>100800000</misses>
				<total>3</total>
				<timestamp>4032.266508</timestamp>
			</report>
			<report>
				<misses>100900000</misses>
				<total>3</total>
				<timestamp>4036.267162</timestamp>
			</report>
			<report>
				<misses>101000000</misses>
				<total>3</total>
				<timestamp>4040.267464</timestamp>
			</report>
			<report>
				<misses>101100000</misses>
				<total>3</total>
				<timestamp>4044.268246</timestamp>
			</report>
			<report>
				<misses>101200000</misses>
				<total>3</total>
				<timestamp>4048.268448</timestamp>
			</report>
			<report>
				<misses>101300000</misses>
				<total>3</total>
				<timestamp>4052.269264</timestamp>
			</report>
			<report>
				<misses>101400000</misses>
				<total>3</total>
				<timestamp>4056.269709</timestamp>
			</report>
			<report>
				<misses>101500000</misses>
				<total>3</total>
				<timestamp>4060.270333</timestamp>
			</report>
			<report>
				<misses>101600000</misses>
				<total>3</total>
				<timestamp>4064.270681</timestamp>
			</report>
			<report>
				<misses>101700000</misses>
				<total>3</total>
				<timestamp>4068.272267</timestamp>
			</report>
			<report>
				<misses>101800000</misses>
				<total>3</total>
				<timestamp>4072.272799</timestamp>
			</report>
			<report>
				<misses>101900000</misses>
				<total>3</total>
				<timestamp>4076.272860</timestamp>
			</report>
			<report>
				<misses>102000000</misses>
				<total>3</total>
				<timestamp>4080.272841</timestamp>
			</report>
			<report>
				<misses>102100000</misses>
				<total>3</total>
				<timestamp>4084.272842</timestamp>
			</report>
			<report>
				<misses>102200000</misses>
				<total>3</total>
				<timestamp>4088.272904</timestamp>
			</report>
			<report>
				<misses>102300000</misses>
				<total>3</total>
				<timestamp>4092.272973</timestamp>
			</report>
			<report>
				<misses>102400000</misses>
				<total>3</total>
				<timestamp>4096.273164</timestamp>
			</report>
			<report>
				<misses>102500000</misses>
				<total>3</total>
				<timestamp>4100.273231</timestamp>
			</report>
			<report>
				<misses>102600000</misses>
				<total>3</total>
				<timestamp>4104.274001</timestamp>
			</report>
			<report>
				<misses>102700000</misses>
				<total>3</total>
				<timestamp>4108.274241</timestamp>
			</report>
			<report>
				<misses>102800000</misses>
				<total>3</total>
				<timestamp>4112.275007</timestamp>
			</report>
			<report>
				<misses>102900000</misses>
				<total>3</total>
				<timestamp>4116.275506</timestamp>
			</report>
			<report>
				<misses>103000000</misses>
				<total>3</total>
				<timestamp>4120.276072</timestamp>
			</report>
			<report>
				<misses>103100000</misses>
				<total>3</total>
				<timestamp>4124.276065</timestamp>
			</report>
			<report>
				<misses>103200000</misses>
				<total>3</total>
				<timestamp>4128.276590</timestamp>
			</report>
			<report>
				<misses>103300000</misses>
				<total>3</total>
				<timestamp>4132.277166</timestamp>
			</report>
			<report>
				<misses>103400000</misses>
				<total>3</total>
				<timestamp>4136.277709</timestamp>
			</report>
			<report>
				<misses>103500000</misses>
				<total>3</total>
				<timestamp>4140.277990</timestamp>
			</report>
			<report>
				<misses>103600000</misses>
				<total>3</total>
				<timestamp>4144.278024</timestamp>
			</report>
			<report>
				<misses>103700000</misses>
				<total>3</total>
				<timestamp>4148.278241</timestamp>
			</report>
			<report>
				<misses>103800000</misses>
				<total>3</total>
				<timestamp>4152.278691</timestamp>
			</report>
			<report>
				<misses>103900000</misses>
				<total>3</total>
				<timestamp>4156.279486</timestamp>
			</report>
			<report>
				<misses>104000000</misses>
				<total>3</total>
				<timestamp>4160.280464</timestamp>
			</report>
			<report>
				<misses>104100000</misses>
				<total>3</total>
				<timestamp>4164.281477</timestamp>
			</report>
			<report>
				<misses>104200000</misses>
				<total>3</total>
				<timestamp>4168.281753</timestamp>
			</report>
			<report>
				<misses>104300000</misses>
				<total>3</total>
				<timestamp>4172.282995</timestamp>
			</report>
			<report>
				<misses>104400000</misses>
				<total>3</total>
				<timestamp>4176.284678</timestamp>
			</report>
			<report>
				<misses>104500000</misses>
				<total>3</total>
				<timestamp>4180.285551</timestamp>
			</report>
			<report>
				<misses>104600000</misses>
				<total>3</total>
				<timestamp>4184.286748</timestamp>
			</report>
			<report>
				<misses>104700000</misses>
				<total>3</total>
				<timestamp>4188.287040</timestamp>
			</report>
			<report>
				<misses>104800000</misses>
				<total>3</total>
				<timestamp>4192.287700</timestamp>
			</report>
			<report>
				<misses>104900000</misses>
				<total>3</total>
				<timestamp>4196.287841</timestamp>
			</report>
			<report>
				<misses>105000000</misses>
				<total>3</total>
				<timestamp>4200.287845</timestamp>
			</report>
			<report>
				<misses>105100000</misses>
				<total>3</total>
				<timestamp>4204.288078</timestamp>
			</report>
			<report>
				<misses>105200000</misses>
				<total>3</total>
				<timestamp>4208.288154</timestamp>
			</report>
			<report>
				<misses>105300000</misses>
				<total>3</total>
				<timestamp>4212.288209</timestamp>
			</report>
			<report>
				<misses>105400000</misses>
				<total>3</total>
				<timestamp>4216.288616</timestamp>
			</report>
			<report>
				<misses>105500000</misses>
				<total>3</total>
				<timestamp>4220.289147</timestamp>
			</report>
			<report>
				<misses>105600000</misses>
				<total>3</total>
				<timestamp>4224.290001</timestamp>
			</report>
			<report>
				<misses>105700000</misses>
				<total>3</total>
				<timestamp>4228.290343</timestamp>
			</report>
			<report>
				<misses>105800000</misses>
				<total>3</total>
				<timestamp>4232.290327</timestamp>
			</report>
			<report>
				<misses>105900000</misses>
				<total>3</total>
				<timestamp>4236.290402</timestamp>
			</report>
			<report>
				<misses>106000000</misses>
				<total>3</total>
				<timestamp>4240.290417</timestamp>
			</report>
			<report>
				<misses>106100000</misses>
				<total>3</total>
				<timestamp>4244.290385</timestamp>
			</report>
			<report>
				<misses>106200000</misses>
				<total>3</total>
				<timestamp>4248.290638</timestamp>
			</report>
			<report>
				<misses>106300000</misses>
				<total>3</total>
				<timestamp>4252.290641</timestamp>
			</report>
			<report>
				<misses>106400000</misses>
				<total>3</total>
				<timestamp>4256.290849</timestamp>
			</report>
			<report>
				<misses>106500000</misses>
				<total>3</total>
				<timestamp>4260.291354</timestamp>
			</report>
			<report>
				<misses>106600000</misses>
				<total>3</total>
				<timestamp>4264.292001</timestamp>
			</report>
			<report>
				<misses>106700000</misses>
				<total>3</total>
				<timestamp>4268.291995</timestamp>
			</report>
			<report>
				<misses>106800000</misses>
				<total>3</total>
				<timestamp>4272.292113</timestamp>
			</report>
			<report>
				<misses>106900000</misses>
				<total>3</total>
				<timestamp>4276.292128</timestamp>
			</report>
			<report>
				<misses>107000000</misses>
				<total>3</total>
				<timestamp>4280.292182</timestamp>
			</report>
			<report>
				<misses>107100000</misses>
				<total>3</total>
				<timestamp>4284.293004</timestamp>
			</report>
			<report>
				<misses>107200000</misses>
				<total>3</total>
				<timestamp>4288.293002</timestamp>
			</report>
			<report>
				<misses>107300000</misses>
				<total>3</total>
				<timestamp>4292.293617</timestamp>
			</report>
			<report>
				<misses>107400000</misses>
				<total>3</total>
				<timestamp>4296.294374</timestamp>
			</report>
			<report>
				<misses>107500000</misses>
				<total>3</total>
				<timestamp>4300.294890</timestamp>
			</report>
			<report>
				<misses>107600000</misses>
				<total>3</total>
				<timestamp>4304.294960</timestamp>
			</report>
			<report>
				<misses>107700000</misses>
				<total>3</total>
				<timestamp>4308.295001</timestamp>
			</report>
			<report>
				<misses>107800000</misses>
				<total>3</total>
				<timestamp>4312.296132</timestamp>
			</report>
			<report>
				<misses>107900000</misses>
				<total>3</total>
				<timestamp>4316.296469</timestamp>
			</report>
			<report>
				<misses>108000000</misses>
				<total>3</total>
				<timestamp>4320.296794</timestamp>
			</report>
			<report>
				<misses>108100000</misses>
				<total>3</total>
				<timestamp>4324.297873</timestamp>
			</report>
			<report>
				<misses>108200000</misses>
				<total>3</total>
				<timestamp>4328.298894</timestamp>
			</report>
			<report>
				<misses>108300000</misses>
				<total>3</total>
				<timestamp>4332.299494</timestamp>
			</report>
			<report>
				<misses>108400000</misses>
				<total>3</total>
				<timestamp>4336.299488</timestamp>
			</report>
			<report>
				<misses>108500000</misses>
				<total>3</total>
				<timestamp>4340.299840</timestamp>
			</report>
			<report>
				<misses>108600000</misses>
				<total>3</total>
				<timestamp>4344.300922</timestamp>
			</report>
			<report>
				<misses>108700000</misses>
				<total>3</total>
				<timestamp>4348.301811</timestamp>
			</report>
			<report>
				<misses>108800000</misses>
				<total>3</total>
				<timestamp>4352.302770</timestamp>
			</report>
			<report>
				<misses>108900000</misses>
				<total>3</total>
				<timestamp>4356.303039</timestamp>
			</report>
			<report>
				<misses>109000000</misses>
				<total>3</total>
				<timestamp>4360.304406</timestamp>
			</report>
			<report>
				<misses>109100000</misses>
				<total>3</total>
				<timestamp>4364.305987</timestamp>
			</report>
			<report>
				<misses>109200000</misses>
				<total>3</total>
				<timestamp>4368.306279</timestamp>
			</report>
			<report>
				<misses>109300000</misses>
				<total>3</total>
				<timestamp>4372.306356</timestamp>
			</report>
			<report>
				<misses>109400000</misses>
				<total>3</total>
				<timestamp>4376.306753</timestamp>
			</report>
			<report>
				<misses>109500000</misses>
				<total>3</total>
				<timestamp>4380.307167</timestamp>
			</report>
			<report>
				<misses>109600000</misses>
				<total>3</total>
				<timestamp>4384.307480</timestamp>
			</report>
			<report>
				<misses>109700000</misses>
				<total>3</total>
				<timestamp>4388.307482</timestamp>
			</report>
			<report>
				<misses>109800000</misses>
				<total>3</total>
				<timestamp>4392.307923</timestamp>
			</report>
			<report>
				<misses>109900000</misses>
				<total>3</total>
				<timestamp>4396.309166</timestamp>
			</report>
			<report>
				<misses>110000000</misses>
				<total>3</total>
				<timestamp>4400.309234</timestamp>
			</report>
			<report>
				<misses>110100000</misses>
				<total>3</total>
				<timestamp>4404.309229</timestamp>
			</report>
			<report>
				<misses>110200000</misses>
				<total>3</total>
				<timestamp>4408.309395</timestamp>
			</report>
			<report>
				<misses>110300000</misses>
				<total>3</total>
				<timestamp>4412.310156</timestamp>
			</report>
			<report>
				<misses>110400000</misses>
				<total>3</total>
				<timestamp>4416.310730</timestamp>
			</report>
			<report>
				<misses>110500000</misses>
				<total>3</total>
				<timestamp>4420.311905</timestamp>
			</report>
			<report>
				<misses>110600000</misses>
				<total>3</total>
				<timestamp>4424.312516</timestamp>
			</report>
			<report>
				<misses>110700000</misses>
				<total>3</total>
				<timestamp>4428.312537</timestamp>
			</report>
			<report>
				<misses>110800000</misses>
				<total>3</total>
				<timestamp>4432.312577</timestamp>
			</report>
			<report>
				<misses>110900000</misses>
				<total>3</total>
				<timestamp>4436.313370</timestamp>
			</report>
			<report>
				<misses>111000000</misses>
				<total>3</total>
				<timestamp>4440.314353</timestamp>
			</report>
			<report>
				<misses>111100000</misses>
				<total>3</total>
				<timestamp>4444.315112</timestamp>
			</report>
			<report>
				<misses>111200000</misses>
				<total>3</total>
				<timestamp>4448.315071</timestamp>
			</report>
			<report>
				<misses>111300000</misses>
				<total>3</total>
				<timestamp>4452.315336</timestamp>
			</report>
			<report>
				<misses>111400000</misses>
				<total>3</total>
				<timestamp>4456.316007</timestamp>
			</report>
			<report>
				<misses>111500000</misses>
				<total>3</total>
				<timestamp>4460.316761</timestamp>
			</report>
			<report>
				<misses>111600000</misses>
				<total>3</total>
				<timestamp>4464.316763</timestamp>
			</report>
			<report>
				<misses>111700000</misses>
				<total>3</total>
				<timestamp>4468.316754</timestamp>
			</report>
			<report>
				<misses>111800000</misses>
				<total>3</total>
				<timestamp>4472.316817</timestamp>
			</report>
			<report>
				<misses>111900000</misses>
				<total>3</total>
				<timestamp>4476.317638</timestamp>
			</report>
			<report>
				<misses>112000000</misses>
				<total>3</total>
				<timestamp>4480.319983</timestamp>
			</report>
			<report>
				<misses>112100000</misses>
				<total>3</total>
				<timestamp>4484.320961</timestamp>
			</report>
			<report>
				<misses>112200000</misses>
				<total>3</total>
				<timestamp>4488.321807</timestamp>
			</report>
			<report>
				<misses>112300000</misses>
				<total>3</total>
				<timestamp>4492.321837</timestamp>
			</report>
			<report>
				<misses>112400000</misses>
				<total>3</total>
				<timestamp>4496.322152</timestamp>
			</report>
			<report>
				<misses>112500000</misses>
				<total>3</total>
				<timestamp>4500.322469</timestamp>
			</report>
			<report>
				<misses>112600000</misses>
				<total>3</total>
				<timestamp>4504.323116</timestamp>
			</report>
			<report>
				<misses>112700000</misses>
				<total>3</total>
				<timestamp>4508.324241</timestamp>
			</report>
			<report>
				<misses>112800000</misses>
				<total>3</total>
				<timestamp>4512.324653</timestamp>
			</report>
			<report>
				<misses>112900000</misses>
				<total>3</total>
				<timestamp>4516.324790</timestamp>
			</report>
			<report>
				<misses>113000000</misses>
				<total>3</total>
				<timestamp>4520.325314</timestamp>
			</report>
			<report>
				<misses>113100000</misses>
				<total>3</total>
				<timestamp>4524.325695</timestamp>
			</report>
			<report>
				<misses>113200000</misses>
				<total>3</total>
				<timestamp>4528.326215</timestamp>
			</report>
			<report>
				<misses>113300000</misses>
				<total>3</total>
				<timestamp>4532.326345</timestamp>
			</report>
			<report>
				<misses>113400000</misses>
				<total>3</total>
				<timestamp>4536.327109</timestamp>
			</report>
			<report>
				<misses>113500000</misses>
				<total>3</total>
				<timestamp>4540.327989</timestamp>
			</report>
			<report>
				<misses>113600000</misses>
				<total>3</total>
				<timestamp>4544.328350</timestamp>
			</report>
			<report>
				<misses>113700000</misses>
				<total>3</total>
				<timestamp>4548.329403</timestamp>
			</report>
			<report>
				<misses>113800000</misses>
				<total>3</total>
				<timestamp>4552.329770</timestamp>
			</report>
			<report>
				<misses>113900000</misses>
				<total>3</total>
				<timestamp>4556.329920</timestamp>
			</report>
			<report>
				<misses>114000000</misses>
				<total>3</total>
				<timestamp>4560.330797</timestamp>
			</report>
			<report>
				<misses>114100000</misses>
				<total>3</total>
				<timestamp>4564.331435</timestamp>
			</report>
			<report>
				<misses>114200000</misses>
				<total>3</total>
				<timestamp>4568.331505</timestamp>
			</report>
			<report>
				<misses>114300000</misses>
				<total>3</total>
				<timestamp>4572.331884</timestamp>
			</report>
			<report>
				<misses>114400000</misses>
				<total>3</total>
				<timestamp>4576.333003</timestamp>
			</report>
			<report>
				<misses>114500000</misses>
				<total>3</total>
				<timestamp>4580.333560</timestamp>
			</report>
			<report>
				<misses>114600000</misses>
				<total>3</total>
				<timestamp>4584.334482</timestamp>
			</report>
			<report>
				<misses>114700000</misses>
				<total>3</total>
				<timestamp>4588.335354</timestamp>
			</report>
			<report>
				<misses>114800000</misses>
				<total>3</total>
				<timestamp>4592.335487</timestamp>
			</report>
			<report>
				<misses>114900000</misses>
				<total>3</total>
				<timestamp>4596.335649</timestamp>
			</report>
			<report>
				<misses>115000000</misses>
				<total>3</total>
				<timestamp>4600.337291</timestamp>
			</report>
			<report>
				<misses>115100000</misses>
				<total>3</total>
				<timestamp>4604.337872</timestamp>
			</report>
			<report>
				<misses>115200000</misses>
				<total>3</total>
				<timestamp>4608.339634</timestamp>
			</report>
			<report>
				<misses>115300000</misses>
				<total>3</total>
				<timestamp>4612.341079</timestamp>
			</report>
			<report>
				<misses>115400000</misses>
				<total>3</total>
				<timestamp>4616.341845</timestamp>
			</report>
			<report>
				<misses>115500000</misses>
				<total>3</total>
				<timestamp>4620.342126</timestamp>
			</report>
			<report>
				<misses>115600000</misses>
				<total>3</total>
				<timestamp>4624.343592</timestamp>
			</report>
			<report>
				<misses>115700000</misses>
				<total>3</total>
				<timestamp>4628.344404</timestamp>
			</report>
			<report>
				<misses>115800000</misses>
				<total>3</total>
				<timestamp>4632.344619</timestamp>
			</report>
			<report>
				<misses>115900000</misses>
				<total>3</total>
				<timestamp>4636.344603</timestamp>
			</report>
			<report>
				<misses>116000000</misses>
				<total>3</total>
				<timestamp>4640.345114</timestamp>
			</report>
			<report>
				<misses>116100000</misses>
				<total>3</total>
				<timestamp>4644.345520</timestamp>
			</report>
			<report>
				<misses>116200000</misses>
				<total>3</total>
				<timestamp>4648.346049</timestamp>
			</report>
			<report>
				<misses>116300000</misses>
				<total>3</total>
				<timestamp>4652.347093</timestamp>
			</report>
			<report>
				<misses>116400000</misses>
				<total>3</total>
				<timestamp>4656.347469</timestamp>
			</report>
			<report>
				<misses>116500000</misses>
				<total>3</total>
				<timestamp>4660.348613</timestamp>
			</report>
			<report>
				<misses>116600000</misses>
				<total>3</total>
				<timestamp>4664.348608</timestamp>
			</report>
			<report>
				<misses>116700000</misses>
				<total>3</total>
				<timestamp>4668.348639</timestamp>
			</report>
			<report>
				<misses>116800000</misses>
				<total>3</total>
				<timestamp>4672.349123</timestamp>
			</report>
			<report>
				<misses>116900000</misses>
				<total>3</total>
				<timestamp>4676.349433</timestamp>
			</report>
			<report>
				<misses>117000000</misses>
				<total>3</total>
				<timestamp>4680.349478</timestamp>
			</report>
			<report>
				<misses>117100000</misses>
				<total>3</total>
				<timestamp>4684.349470</timestamp>
			</report>
			<report>
				<misses>117200000</misses>
				<total>3</total>
				<timestamp>4688.349890</timestamp>
			</report>
			<report>
				<misses>117300000</misses>
				<total>3</total>
				<timestamp>4692.350475</timestamp>
			</report>
			<report>
				<misses>117400000</misses>
				<total>3</total>
				<timestamp>4696.351348</timestamp>
			</report>
			<report>
				<misses>117500000</misses>
				<total>3</total>
				<timestamp>4700.351617</timestamp>
			</report>
			<report>
				<misses>117600000</misses>
				<total>3</total>
				<timestamp>4704.352083</timestamp>
			</report>
			<report>
				<misses>117700000</misses>
				<total>3</total>
				<timestamp>4708.352312</timestamp>
			</report>
			<report>
				<misses>117800000</misses>
				<total>3</total>
				<timestamp>4712.352796</timestamp>
			</report>
			<report>
				<misses>117900000</misses>
				<total>3</total>
				<timestamp>4716.353019</timestamp>
			</report>
			<report>
				<misses>118000000</misses>
				<total>3</total>
				<timestamp>4720.353077</timestamp>
			</report>
			<report>
				<misses>118100000</misses>
				<total>3</total>
				<timestamp>4724.353164</timestamp>
			</report>
			<report>
				<misses>118200000</misses>
				<total>3</total>
				<timestamp>4728.353914</timestamp>
			</report>
			<report>
				<misses>118300000</misses>
				<total>3</total>
				<timestamp>4732.354783</timestamp>
			</report>
			<report>
				<misses>118400000</misses>
				<total>3</total>
				<timestamp>4736.355466</timestamp>
			</report>
			<report>
				<misses>118500000</misses>
				<total>3</total>
				<timestamp>4740.356924</timestamp>
			</report>
			<report>
				<misses>118600000</misses>
				<total>3</total>
				<timestamp>4744.357959</timestamp>
			</report>
			<report>
				<misses>118700000</misses>
				<total>3</total>
				<timestamp>4748.357947</timestamp>
			</report>
			<report>
				<misses>118800000</misses>
				<total>3</total>
				<timestamp>4752.358242</timestamp>
			</report>
			<report>
				<misses>118900000</misses>
				<total>3</total>
				<timestamp>4756.358511</timestamp>
			</report>
			<report>
				<misses>119000000</misses>
				<total>3</total>
				<timestamp>4760.359710</timestamp>
			</report>
			<report>
				<misses>119100000</misses>
				<total>3</total>
				<timestamp>4764.359847</timestamp>
			</report>
			<report>
				<misses>119200000</misses>
				<total>3</total>
				<timestamp>4768.360618</timestamp>
			</report>
			<report>
				<misses>119300000</misses>
				<total>3</total>
				<timestamp>4772.361130</timestamp>
			</report>
			<report>
				<misses>119400000</misses>
				<total>3</total>
				<timestamp>4776.361334</timestamp>
			</report>
			<report>
				<misses>119500000</misses>
				<total>3</total>
				<timestamp>4780.361745</timestamp>
			</report>
			<report>
				<misses>119600000</misses>
				<total>3</total>
				<timestamp>4784.362272</timestamp>
			</report>
			<report>
				<misses>119700000</misses>
				<total>3</total>
				<timestamp>4788.362272</timestamp>
			</report>
			<report>
				<misses>119800000</misses>
				<total>3</total>
				<timestamp>4792.362229</timestamp>
			</report>
			<report>
				<misses>119900000</misses>
				<total>3</total>
				<timestamp>4796.362207</timestamp>
			</report>
			<report>
				<misses>120000000</misses>
				<total>3</total>
				<timestamp>4800.362667</timestamp>
			</report>
			<report>
				<misses>120100000</misses>
				<total>3</total>
				<timestamp>4804.363013</timestamp>
			</report>
			<report>
				<misses>120200000</misses>
				<total>3</total>
				<timestamp>4808.364798</timestamp>
			</report>
			<report>
				<misses>120300000</misses>
				<total>3</total>
				<timestamp>4812.365524</timestamp>
			</report>
			<report>
				<misses>120400000</misses>
				<total>3</total>
				<timestamp>4816.366518</timestamp>
			</report>
			<report>
				<misses>120500000</misses>
				<total>3</total>
				<timestamp>4820.366560</timestamp>
			</report>
			<report>
				<misses>120600000</misses>
				<total>3</total>
				<timestamp>4824.368198</timestamp>
			</report>
			<report>
				<misses>120700000</misses>
				<total>3</total>
				<timestamp>4828.369460</timestamp>
			</report>
			<report>
				<misses>120800000</misses>
				<total>3</total>
				<timestamp>4832.370921</timestamp>
			</report>
			<report>
				<misses>120900000</misses>
				<total>3</total>
				<timestamp>4836.371050</timestamp>
			</report>
			<report>
				<misses>121000000</misses>
				<total>3</total>
				<timestamp>4840.371081</timestamp>
			</report>
			<report>
				<misses>121100000</misses>
				<total>3</total>
				<timestamp>4844.371067</timestamp>
			</report>
			<report>
				<misses>121200000</misses>
				<total>3</total>
				<timestamp>4848.371033</timestamp>
			</report>
			<report>
				<misses>121300000</misses>
				<total>3</total>
				<timestamp>4852.370986</timestamp>
			</report>
			<report>
				<misses>121400000</misses>
				<total>3</total>
				<timestamp>4856.370956</timestamp>
			</report>
			<report>
				<misses>121500000</misses>
				<total>3</total>
				<timestamp>4860.372277</timestamp>
			</report>
			<report>
				<misses>121600000</misses>
				<total>3</total>
				<timestamp>4864.373025</timestamp>
			</report>
			<report>
				<misses>121700000</misses>
				<total>3</total>
				<timestamp>4868.372998</timestamp>
			</report>
			<report>
				<misses>121800000</misses>
				<total>3</total>
				<timestamp>4872.373019</timestamp>
			</report>
			<report>
				<misses>121900000</misses>
				<total>3</total>
				<timestamp>4876.373005</timestamp>
			</report>
			<report>
				<misses>122000000</misses>
				<total>3</total>
				<timestamp>4880.373042</timestamp>
			</report>
			<report>
				<misses>122100000</misses>
				<total>3</total>
				<timestamp>4884.373043</timestamp>
			</report>
			<report>
				<misses>122200000</misses>
				<total>3</total>
				<timestamp>4888.373358</timestamp>
			</report>
			<report>
				<misses>122300000</misses>
				<total>3</total>
				<timestamp>4892.373386</timestamp>
			</report>
			<report>
				<misses>122400000</misses>
				<total>3</total>
				<timestamp>4896.374045</timestamp>
			</report>
			<report>
				<misses>122500000</misses>
				<total>3</total>
				<timestamp>4900.374517</timestamp>
			</report>
			<report>
				<misses>122600000</misses>
				<total>3</total>
				<timestamp>4904.374531</timestamp>
			</report>
			<report>
				<misses>122700000</misses>
				<total>3</total>
				<timestamp>4908.374843</timestamp>
			</report>
			<report>
				<misses>122800000</misses>
				<total>3</total>
				<timestamp>4912.375283</timestamp>
			</report>
			<report>
				<misses>122900000</misses>
				<total>3</total>
				<timestamp>4916.376088</timestamp>
			</report>
			<report>
				<misses>123000000</misses>
				<total>3</total>
				<timestamp>4920.376522</timestamp>
			</report>
			<report>
				<misses>123100000</misses>
				<total>3</total>
				<timestamp>4924.376803</timestamp>
			</report>
			<report>
				<misses>123200000</misses>
				<total>3</total>
				<timestamp>4928.376809</timestamp>
			</report>
			<report>
				<misses>123300000</misses>
				<total>3</total>
				<timestamp>4932.377469</timestamp>
			</report>
			<report>
				<misses>123400000</misses>
				<total>3</total>
				<timestamp>4936.377761</timestamp>
			</report>
			<report>
				<misses>123500000</misses>
				<total>3</total>
				<timestamp>4940.378403</timestamp>
			</report>
			<report>
				<misses>123600000</misses>
				<total>3</total>
				<timestamp>4944.378744</timestamp>
			</report>
			<report>
				<misses>123700000</misses>
				<total>3</total>
				<timestamp>4948.378755</timestamp>
			</report>
			<report>
				<misses>123800000</misses>
				<total>3</total>
				<timestamp>4952.379120</timestamp>
			</report>
			<report>
				<misses>123900000</misses>
				<total>3</total>
				<timestamp>4956.380136</timestamp>
			</report>
			<report>
				<misses>124000000</misses>
				<total>3</total>
				<timestamp>4960.381227</timestamp>
			</report>
			<report>
				<misses>124100000</misses>
				<total>3</total>
				<timestamp>4964.382053</timestamp>
			</report>
			<report>
				<misses>124200000</misses>
				<total>3</total>
				<timestamp>4968.382235</timestamp>
			</report>
			<report>
				<misses>124300000</misses>
				<total>3</total>
				<timestamp>4972.382387</timestamp>
			</report>
			<report>
				<misses>124400000</misses>
				<total>3</total>
				<timestamp>4976.382577</timestamp>
			</report>
			<report>
				<misses>124500000</misses>
				<total>3</total>
				<timestamp>4980.382950</timestamp>
			</report>
			<report>
				<misses>124600000</misses>
				<total>3</total>
				<timestamp>4984.383964</timestamp>
			</report>
			<report>
				<misses>124700000</misses>
				<total>3</total>
				<timestamp>4988.385043</timestamp>
			</report>
			<report>
				<misses>124800000</misses>
				<total>3</total>
				<timestamp>4992.385468</timestamp>
			</report>
			<report>
				<misses>124900000</misses>
				<total>3</total>
				<timestamp>4996.385755</timestamp>
			</report>
			<report>
				<misses>125000000</misses>
				<total>3</total>
				<timestamp>5000.386562</timestamp>
			</report>
			<report>
				<misses>125100000</misses>
				<total>3</total>
				<timestamp>5004.386907</timestamp>
			</report>
			<report>
				<misses>125200000</misses>
				<total>3</total>
				<timestamp>5008.387390</timestamp>
			</report>
			<report>
				<misses>125300000</misses>
				<total>3</total>
				<timestamp>5012.387502</timestamp>
			</report>
			<report>
				<misses>125400000</misses>
				<total>3</total>
				<timestamp>5016.387996</timestamp>
			</report>
			<report>
				<misses>125500000</misses>
				<total>3</total>
				<timestamp>5020.388109</timestamp>
			</report>
			<report>
				<misses>125600000</misses>
				<total>3</total>
				<timestamp>5024.388322</timestamp>
			</report>
			<report>
				<misses>125700000</misses>
				<total>3</total>
				<timestamp>5028.388649</timestamp>
			</report>
			<report>
				<misses>125800000</misses>
				<total>3</total>
				<timestamp>5032.388942</timestamp>
			</report>
			<report>
				<misses>125900000</misses>
				<total>3</total>
				<timestamp>5036.388965</timestamp>
			</report>
			<report>
				<misses>126000000</misses>
				<total>3</total>
				<timestamp>5040.389258</timestamp>
			</report>
			<report>
				<misses>126100000</misses>
				<total>3</total>
				<timestamp>5044.389917</timestamp>
			</report>
			<report>
				<misses>126200000</misses>
				<total>3</total>
				<timestamp>5048.390931</timestamp>
			</report>
			<report>
				<misses>126300000</misses>
				<total>3</total>
				<timestamp>5052.391847</timestamp>
			</report>
			<report>
				<misses>126400000</misses>
				<total>3</total>
				<timestamp>5056.392524</timestamp>
			</report>
			<report>
				<misses>126500000</misses>
				<total>3</total>
				<timestamp>5060.392505</timestamp>
			</report>
			<report>
				<misses>126600000</misses>
				<total>3</total>
				<timestamp>5064.393213</timestamp>
			</report>
			<report>
				<misses>126700000</misses>
				<total>3</total>
				<timestamp>5068.394404</timestamp>
			</report>
			<report>
				<misses>126800000</misses>
				<total>3</total>
				<timestamp>5072.396382</timestamp>
			</report>
			<report>
				<misses>126900000</misses>
				<total>3</total>
				<timestamp>5076.398283</timestamp>
			</report>
			<report>
				<misses>127000000</misses>
				<total>3</total>
				<timestamp>5080.398883</timestamp>
			</report>
			<report>
				<misses>127100000</misses>
				<total>3</total>
				<timestamp>5084.398994</timestamp>
			</report>
			<report>
				<misses>127200000</misses>
				<total>3</total>
				<timestamp>5088.399230</timestamp>
			</report>
			<report>
				<misses>127300000</misses>
				<total>3</total>
				<timestamp>5092.400433</timestamp>
			</report>
			<report>
				<misses>127400000</misses>
				<total>3</total>
				<timestamp>5096.400792</timestamp>
			</report>
			<report>
				<misses>127500000</misses>
				<total>3</total>
				<timestamp>5100.400769</timestamp>
			</report>
			<report>
				<misses>127600000</misses>
				<total>3</total>
				<timestamp>5104.401221</timestamp>
			</report>
			<report>
				<misses>127700000</misses>
				<total>3</total>
				<timestamp>5108.401735</timestamp>
			</report>
			<report>
				<misses>127800000</misses>
				<total>3</total>
				<timestamp>5112.402214</timestamp>
			</report>
			<report>
				<misses>127900000</misses>
				<total>3</total>
				<timestamp>5116.402668</timestamp>
			</report>
			<report>
				<misses>128000000</misses>
				<total>3</total>
				<timestamp>5120.402649</timestamp>
			</report>
			<report>
				<misses>128100000</misses>
				<total>3</total>
				<timestamp>5124.402668</timestamp>
			</report>
			<report>
				<misses>128200000</misses>
				<total>3</total>
				<timestamp>5128.402736</timestamp>
			</report>
			<report>
				<misses>128300000</misses>
				<total>3</total>
				<timestamp>5132.403257</timestamp>
			</report>
			<report>
				<misses>128400000</misses>
				<total>3</total>
				<timestamp>5136.403726</timestamp>
			</report>
			<report>
				<misses>128500000</misses>
				<total>3</total>
				<timestamp>5140.405246</timestamp>
			</report>
			<report>
				<misses>128600000</misses>
				<total>3</total>
				<timestamp>5144.405563</timestamp>
			</report>
			<report>
				<misses>128700000</misses>
				<total>3</total>
				<timestamp>5148.407809</timestamp>
			</report>
			<report>
				<misses>128800000</misses>
				<total>3</total>
				<timestamp>5152.408350</timestamp>
			</report>
			<report>
				<misses>128900000</misses>
				<total>3</total>
				<timestamp>5156.409195</timestamp>
			</report>
			<report>
				<misses>129000000</misses>
				<total>3</total>
				<timestamp>5160.409989</timestamp>
			</report>
			<report>
				<misses>129100000</misses>
				<total>3</total>
				<timestamp>5164.410026</timestamp>
			</report>
			<report>
				<misses>129200000</misses>
				<total>3</total>
				<timestamp>5168.410564</timestamp>
			</report>
			<report>
				<misses>129300000</misses>
				<total>3</total>
				<timestamp>5172.410958</timestamp>
			</report>
			<report>
				<misses>129400000</misses>
				<total>3</total>
				<timestamp>5176.411183</timestamp>
			</report>
			<report>
				<misses>129500000</misses>
				<total>3</total>
				<timestamp>5180.411155</timestamp>
			</report>
			<report>
				<misses>129600000</misses>
				<total>3</total>
				<timestamp>5184.411410</timestamp>
			</report>
			<report>
				<misses>129700000</misses>
				<total>3</total>
				<timestamp>5188.412041</timestamp>
			</report>
			<report>
				<misses>129800000</misses>
				<total>3</total>
				<timestamp>5192.412157</timestamp>
			</report>
			<report>
				<misses>129900000</misses>
				<total>3</total>
				<timestamp>5196.412164</timestamp>
			</report>
			<report>
				<misses>130000000</misses>
				<total>3</total>
				<timestamp>5200.412157</timestamp>
			</report>
			<report>
				<misses>130100000</misses>
				<total>3</total>
				<timestamp>5204.412148</timestamp>
			</report>
			<report>
				<misses>130200000</misses>
				<total>3</total>
				<timestamp>5208.413114</timestamp>
			</report>
			<report>
				<misses>130300000</misses>
				<total>3</total>
				<timestamp>5212.413137</timestamp>
			</report>
			<report>
				<misses>130400000</misses>
				<total>3</total>
				<timestamp>5216.413148</timestamp>
			</report>
			<report>
				<misses>130500000</misses>
				<total>3</total>
				<timestamp>5220.414157</timestamp>
			</report>
			<report>
				<misses>130600000</misses>
				<total>3</total>
				<timestamp>5224.414159</timestamp>
			</report>
			<report>
				<misses>130700000</misses>
				<total>3</total>
				<timestamp>5228.414165</timestamp>
			</report>
			<report>
				<misses>130800000</misses>
				<total>3</total>
				<timestamp>5232.414161</timestamp>
			</report>
			<report>
				<misses>130900000</misses>
				<total>3</total>
				<timestamp>5236.414161</timestamp>
			</report>
			<report>
				<misses>131000000</misses>
				<total>3</total>
				<timestamp>5240.414154</timestamp>
			</report>
			<report>
				<misses>131100000</misses>
				<total>3</total>
				<timestamp>5244.414203</timestamp>
			</report>
			<report>
				<misses>131200000</misses>
				<total>3</total>
				<timestamp>5248.414186</timestamp>
			</report>
			<report>
				<misses>131300000</misses>
				<total>3</total>
				<timestamp>5252.414166</timestamp>
			</report>
			<report>
				<misses>131400000</misses>
				<total>3</total>
				<timestamp>5256.414168</timestamp>
			</report>
			<report>
				<misses>131500000</misses>
				<total>3</total>
				<timestamp>5260.414179</timestamp>
			</report>
			<report>
				<misses>131600000</misses>
				<total>3</total>
				<timestamp>5264.414159</timestamp>
			</report>
			<report>
				<misses>131700000</misses>
				<total>3</total>
				<timestamp>5268.414159</timestamp>
			</report>
			<report>
				<misses>131800000</misses>
				<total>3</total>
				<timestamp>5272.414148</timestamp>
			</report>
			<report>
				<misses>131900000</misses>
				<total>3</total>
				<timestamp>5276.414117</timestamp>
			</report>
			<report>
				<misses>132000000</misses>
				<total>3</total>
				<timestamp>5280.414110</timestamp>
			</report>
			<report>
				<misses>132100000</misses>
				<total>3</total>
				<timestamp>5284.414094</timestamp>
			</report>
			<report>
				<misses>132200000</misses>
				<total>3</total>
				<timestamp>5288.414074</timestamp>
			</report>
			<report>
				<misses>132300000</misses>
				<total>3</total>
				<timestamp>5292.414040</timestamp>
			</report>
			<report>
				<misses>132400000</misses>
				<total>3</total>
				<timestamp>5296.414035</timestamp>
			</report>
			<report>
				<misses>132500000</misses>
				<total>3</total>
				<timestamp>5300.413991</timestamp>
			</report>
			<report>
				<misses>132600000</misses>
				<total>3</total>
				<timestamp>5304.413976</timestamp>
			</report>
			<report>
				<misses>132700000</misses>
				<total>3</total>
				<timestamp>5308.413983</timestamp>
			</report>
			<report>
				<misses>132800000</misses>
				<total>3</total>
				<timestamp>5312.413955</timestamp>
			</report>
			<report>
				<misses>132900000</misses>
				<total>3</total>
				<timestamp>5316.413931</timestamp>
			</report>
			<report>
				<misses>133000000</misses>
				<total>3</total>
				<timestamp>5320.413933</timestamp>
			</report>
			<report>
				<misses>133100000</misses>
				<total>3</total>
				<timestamp>5324.413934</timestamp>
			</report>
			<report>
				<misses>133200000</misses>
				<total>3</total>
				<timestamp>5328.414006</timestamp>
			</report>
			<report>
				<misses>133300000</misses>
				<total>3</total>
				<timestamp>5332.414023</timestamp>
			</report>
			<report>
				<misses>133400000</misses>
				<total>3</total>
				<timestamp>5336.414008</timestamp>
			</report>
			<report>
				<misses>133500000</misses>
				<total>3</total>
				<timestamp>5340.413997</timestamp>
			</report>
			<report>
				<misses>133600000</misses>
				<total>3</total>
				<timestamp>5344.414017</timestamp>
			</report>
			<report>
				<misses>133700000</misses>
				<total>3</total>
				<timestamp>5348.413991</timestamp>
			</report>
			<report>
				<misses>133800000</misses>
				<total>3</total>
				<timestamp>5352.414054</timestamp>
			</report>
			<report>
				<misses>133900000</misses>
				<total>3</total>
				<timestamp>5356.414100</timestamp>
			</report>
			<report>
				<misses>134000000</misses>
				<total>3</total>
				<timestamp>5360.414160</timestamp>
			</report>
			<report>
				<misses>134100000</misses>
				<total>3</total>
				<timestamp>5364.414152</timestamp>
			</report>
			<report>
				<misses>134200000</misses>
				<total>3</total>
				<timestamp>5368.414149</timestamp>
			</report>
			<report>
				<misses>134300000</misses>
				<total>3</total>
				<timestamp>5372.414110</timestamp>
			</report>
			<report>
				<misses>134400000</misses>
				<total>3</total>
				<timestamp>5376.414079</timestamp>
			</report>
			<report>
				<misses>134500000</misses>
				<total>3</total>
				<timestamp>5380.414102</timestamp>
			</report>
			<report>
				<misses>134600000</misses>
				<total>3</total>
				<timestamp>5384.414083</timestamp>
			</report>
			<report>
				<misses>134700000</misses>
				<total>3</total>
				<timestamp>5388.414071</timestamp>
			</report>
			<report>
				<misses>134800000</misses>
				<total>3</total>
				<timestamp>5392.414049</timestamp>
			</report>
			<report>
				<misses>134900000</misses>
				<total>3</total>
				<timestamp>5396.414040</timestamp>
			</report>
			<report>
				<misses>135000000</misses>
				<total>3</total>
				<timestamp>5400.414046</timestamp>
			</report>
			<report>
				<misses>135100000</misses>
				<total>3</total>
				<timestamp>5404.414042</timestamp>
			</report>
			<report>
				<misses>135200000</misses>
				<total>3</total>
				<timestamp>5408.414057</timestamp>
			</report>
			<report>
				<misses>135300000</misses>
				<total>3</total>
				<timestamp>5412.414054</timestamp>
			</report>
			<report>
				<misses>135400000</misses>
				<total>3</total>
				<timestamp>5416.414038</timestamp>
			</report>
			<report>
				<misses>135500000</misses>
				<total>3</total>
				<timestamp>5420.414049</timestamp>
			</report>
			<report>
				<misses>135600000</misses>
				<total>3</total>
				<timestamp>5424.414050</timestamp>
			</report>
			<report>
				<misses>135700000</misses>
				<total>3</total>
				<timestamp>5428.414047</timestamp>
			</report>
			<report>
				<misses>135800000</misses>
				<total>3</total>
				<timestamp>5432.414055</timestamp>
			</report>
			<report>
				<misses>135900000</misses>
				<total>3</total>
				<timestamp>5436.414041</timestamp>
			</report>
			<report>
				<misses>136000000</misses>
				<total>3</total>
				<timestamp>5440.414054</timestamp>
			</report>
			<report>
				<misses>136100000</misses>
				<total>3</total>
				<timestamp>5444.414062</timestamp>
			</report>
			<report>
				<misses>136200000</misses>
				<total>3</total>
				<timestamp>5448.414050</timestamp>
			</report>
			<report>
				<misses>136300000</misses>
				<total>3</total>
				<timestamp>5452.414096</timestamp>
			</report>
			<report>
				<misses>136400000</misses>
				<total>3</total>
				<timestamp>5456.414075</timestamp>
			</report>
			<report>
				<misses>136500000</misses>
				<total>3</total>
				<timestamp>5460.414094</timestamp>
			</report>
			<report>
				<misses>136600000</misses>
				<total>3</total>
				<timestamp>5464.414081</timestamp>
			</report>
			<report>
				<misses>136700000</misses>
				<total>3</total>
				<timestamp>5468.414088</timestamp>
			</report>
			<report>
				<misses>136800000</misses>
				<total>3</total>
				<timestamp>5472.414074</timestamp>
			</report>
			<report>
				<misses>136900000</misses>
				<total>3</total>
				<timestamp>5476.414035</timestamp>
			</report>
			<report>
				<misses>137000000</misses>
				<total>3</total>
				<timestamp>5480.414052</timestamp>
			</report>
			<report>
				<misses>137100000</misses>
				<total>3</total>
				<timestamp>5484.414038</timestamp>
			</report>
			<report>
				<misses>137200000</misses>
				<total>3</total>
				<timestamp>5488.414047</timestamp>
			</report>
			<report>
				<misses>137300000</misses>
				<total>3</total>
				<timestamp>5492.414261</timestamp>
			</report>
			<report>
				<misses>137400000</misses>
				<total>3</total>
				<timestamp>5496.414603</timestamp>
			</report>
			<report>
				<misses>137500000</misses>
				<total>3</total>
				<timestamp>5500.414667</timestamp>
			</report>
			<report>
				<misses>137600000</misses>
				<total>3</total>
				<timestamp>5504.415009</timestamp>
			</report>
			<report>
				<misses>137700000</misses>
				<total>3</total>
				<timestamp>5508.415641</timestamp>
			</report>
			<report>
				<misses>137800000</misses>
				<total>3</total>
				<timestamp>5512.416410</timestamp>
			</report>
			<report>
				<misses>137900000</misses>
				<total>3</total>
				<timestamp>5516.416664</timestamp>
			</report>
			<report>
				<misses>138000000</misses>
				<total>3</total>
				<timestamp>5520.416650</timestamp>
			</report>
			<report>
				<misses>138100000</misses>
				<total>3</total>
				<timestamp>5524.416652</timestamp>
			</report>
			<report>
				<misses>138200000</misses>
				<total>3</total>
				<timestamp>5528.416654</timestamp>
			</report>
			<report>
				<misses>138300000</misses>
				<total>3</total>
				<timestamp>5532.416636</timestamp>
			</report>
			<report>
				<misses>138400000</misses>
				<total>3</total>
				<timestamp>5536.416647</timestamp>
			</report>
			<report>
				<misses>138500000</misses>
				<total>3</total>
				<timestamp>5540.416630</timestamp>
			</report>
			<report>
				<misses>138600000</misses>
				<total>3</total>
				<timestamp>5544.416626</timestamp>
			</report>
			<report>
				<misses>138700000</misses>
				<total>3</total>
				<timestamp>5548.416605</timestamp>
			</report>
			<report>
				<misses>138800000</misses>
				<total>3</total>
				<timestamp>5552.416619</timestamp>
			</report>
			<report>
				<misses>138900000</misses>
				<total>3</total>
				<timestamp>5556.416832</timestamp>
			</report>
			<report>
				<misses>139000000</misses>
				<total>3</total>
				<timestamp>5560.416819</timestamp>
			</report>
			<report>
				<misses>139100000</misses>
				<total>3</total>
				<timestamp>5564.416792</timestamp>
			</report>
			<report>
				<misses>139200000</misses>
				<total>3</total>
				<timestamp>5568.416755</timestamp>
			</report>
			<report>
				<misses>139300000</misses>
				<total>3</total>
				<timestamp>5572.416711</timestamp>
			</report>
			<report>
				<misses>139400000</misses>
				<total>3</total>
				<timestamp>5576.416679</timestamp>
			</report>
			<report>
				<misses>139500000</misses>
				<total>3</total>
				<timestamp>5580.416686</timestamp>
			</report>
			<report>
				<misses>139600000</misses>
				<total>3</total>
				<timestamp>5584.416680</timestamp>
			</report>
			<report>
				<misses>139700000</misses>
				<total>3</total>
				<timestamp>5588.416673</timestamp>
			</report>
			<report>
				<misses>139800000</misses>
				<total>3</total>
				<timestamp>5592.416629</timestamp>
			</report>
			<report>
				<misses>139900000</misses>
				<total>3</total>
				<timestamp>5596.416635</timestamp>
			</report>
			<report>
				<misses>140000000</misses>
				<total>3</total>
				<timestamp>5600.416635</timestamp>
			</report>
			<report>
				<misses>140100000</misses>
				<total>3</total>
				<timestamp>5604.416630</timestamp>
			</report>
			<report>
				<misses>140200000</misses>
				<total>3</total>
				<timestamp>5608.416608</timestamp>
			</report>
			<report>
				<misses>140300000</misses>
				<total>3</total>
				<timestamp>5612.416595</timestamp>
			</report>
			<report>
				<misses>140400000</misses>
				<total>3</total>
				<timestamp>5616.416598</timestamp>
			</report>
			<report>
				<misses>140500000</misses>
				<total>3</total>
				<timestamp>5620.416615</timestamp>
			</report>
			<report>
				<misses>140600000</misses>
				<total>3</total>
				<timestamp>5624.416616</timestamp>
			</report>
			<report>
				<misses>140700000</misses>
				<total>3</total>
				<timestamp>5628.416620</timestamp>
			</report>
			<report>
				<misses>140800000</misses>
				<total>3</total>
				<timestamp>5632.416600</timestamp>
			</report>
			<report>
				<misses>140900000</misses>
				<total>3</total>
				<timestamp>5636.416632</timestamp>
			</report>
			<report>
				<misses>141000000</misses>
				<total>3</total>
				<timestamp>5640.416612</timestamp>
			</report>
			<report>
				<misses>141100000</misses>
				<total>3</total>
				<timestamp>5644.416618</timestamp>
			</report>
			<report>
				<misses>141200000</misses>
				<total>3</total>
				<timestamp>5648.416617</timestamp>
			</report>
			<report>
				<misses>141300000</misses>
				<total>3</total>
				<timestamp>5652.416610</timestamp>
			</report>
			<report>
				<misses>141400000</misses>
				<total>3</total>
				<timestamp>5656.416628</timestamp>
			</report>
			<report>
				<misses>141500000</misses>
				<total>3</total>
				<timestamp>5660.416605</timestamp>
			</report>
			<report>
				<misses>141600000</misses>
				<total>3</total>
				<timestamp>5664.416621</timestamp>
			</report>
			<report>
				<misses>141700000</misses>
				<total>3</total>
				<timestamp>5668.416599</timestamp>
			</report>
			<report>
				<misses>141800000</misses>
				<total>3</total>
				<timestamp>5672.416608</timestamp>
			</report>
			<report>
				<misses>141900000</misses>
				<total>3</total>
				<timestamp>5676.416601</timestamp>
			</report>
			<report>
				<misses>142000000</misses>
				<total>3</total>
				<timestamp>5680.416654</timestamp>
			</report>
			<report>
				<misses>142100000</misses>
				<total>3</total>
				<timestamp>5684.416644</timestamp>
			</report>
			<report>
				<misses>142200000</misses>
				<total>3</total>
				<timestamp>5688.416711</timestamp>
			</report>
			<report>
				<misses>142300000</misses>
				<total>3</total>
				<timestamp>5692.416673</timestamp>
			</report>
			<report>
				<misses>142400000</misses>
				<total>3</total>
				<timestamp>5696.416678</timestamp>
			</report>
			<report>
				<misses>142500000</misses>
				<total>3</total>
				<timestamp>5700.416668</timestamp>
			</report>
			<report>
				<misses>142600000</misses>
				<total>3</total>
				<timestamp>5704.416663</timestamp>
			</report>
			<report>
				<misses>142700000</misses>
				<total>3</total>
				<timestamp>5708.416639</timestamp>
			</report>
			<report>
				<misses>142800000</misses>
				<total>3</total>
				<timestamp>5712.416635</timestamp>
			</report>
			<report>
				<misses>142900000</misses>
				<total>3</total>
				<timestamp>5716.416634</timestamp>
			</report>
			<report>
				<misses>143000000</misses>
				<total>3</total>
				<timestamp>5720.416608</timestamp>
			</report>
			<report>
				<misses>143100000</misses>
				<total>3</total>
				<timestamp>5724.416603</timestamp>
			</report>
			<report>
				<misses>143200000</misses>
				<total>3</total>
				<timestamp>5728.416606</timestamp>
			</report>
			<report>
				<misses>143300000</misses>
				<total>3</total>
				<timestamp>5732.417199</timestamp>
			</report>
			<report>
				<misses>143400000</misses>
				<total>3</total>
				<timestamp>5736.417193</timestamp>
			</report>
			<report>
				<misses>143500000</misses>
				<total>3</total>
				<timestamp>5740.417150</timestamp>
			</report>
			<report>
				<misses>143600000</misses>
				<total>3</total>
				<timestamp>5744.417113</timestamp>
			</report>
			<report>
				<misses>143700000</misses>
				<total>3</total>
				<timestamp>5748.417084</timestamp>
			</report>
			<report>
				<misses>143800000</misses>
				<total>3</total>
				<timestamp>5752.417190</timestamp>
			</report>
			<report>
				<misses>143900000</misses>
				<total>3</total>
				<timestamp>5756.417177</timestamp>
			</report>
			<report>
				<misses>144000000</misses>
				<total>3</total>
				<timestamp>5760.417177</timestamp>
			</report>
			<report>
				<misses>144100000</misses>
				<total>3</total>
				<timestamp>5764.417164</timestamp>
			</report>
			<report>
				<misses>144200000</misses>
				<total>3</total>
				<timestamp>5768.417149</timestamp>
			</report>
			<report>
				<misses>144300000</misses>
				<total>3</total>
				<timestamp>5772.417119</timestamp>
			</report>
			<report>
				<misses>144400000</misses>
				<total>3</total>
				<timestamp>5776.417123</timestamp>
			</report>
			<report>
				<misses>144500000</misses>
				<total>3</total>
				<timestamp>5780.417109</timestamp>
			</report>
			<report>
				<misses>144600000</misses>
				<total>3</total>
				<timestamp>5784.417149</timestamp>
			</report>
			<report>
				<misses>144700000</misses>
				<total>3</total>
				<timestamp>5788.417135</timestamp>
			</report>
			<report>
				<misses>144800000</misses>
				<total>3</total>
				<timestamp>5792.417110</timestamp>
			</report>
			<report>
				<misses>144900000</misses>
				<total>3</total>
				<timestamp>5796.417105</timestamp>
			</report>
			<report>
				<misses>145000000</misses>
				<total>3</total>
				<timestamp>5800.417089</timestamp>
			</report>
			<report>
				<misses>145100000</misses>
				<total>3</total>
				<timestamp>5804.417083</timestamp>
			</report>
			<report>
				<misses>145200000</misses>
				<total>3</total>
				<timestamp>5808.417077</timestamp>
			</report>
			<report>
				<misses>145300000</misses>
				<total>3</total>
				<timestamp>5812.417094</timestamp>
			</report>
			<report>
				<misses>145400000</misses>
				<total>3</total>
				<timestamp>5816.417069</timestamp>
			</report>
			<report>
				<misses>145500000</misses>
				<total>3</total>
				<timestamp>5820.417239</timestamp>
			</report>
			<report>
				<misses>145600000</misses>
				<total>3</total>
				<timestamp>5824.417399</timestamp>
			</report>
			<report>
				<misses>145700000</misses>
				<total>3</total>
				<timestamp>5828.417412</timestamp>
			</report>
			<report>
				<misses>145800000</misses>
				<total>3</total>
				<timestamp>5832.417468</timestamp>
			</report>
			<report>
				<misses>145900000</misses>
				<total>3</total>
				<timestamp>5836.418736</timestamp>
			</report>
			<report>
				<misses>146000000</misses>
				<total>3</total>
				<timestamp>5840.420826</timestamp>
			</report>
			<report>
				<misses>146100000</misses>
				<total>3</total>
				<timestamp>5844.421048</timestamp>
			</report>
			<report>
				<misses>146200000</misses>
				<total>3</total>
				<timestamp>5848.421043</timestamp>
			</report>
			<report>
				<misses>146300000</misses>
				<total>3</total>
				<timestamp>5852.422118</timestamp>
			</report>
			<report>
				<misses>146400000</misses>
				<total>3</total>
				<timestamp>5856.423081</timestamp>
			</report>
			<report>
				<misses>146500000</misses>
				<total>3</total>
				<timestamp>5860.423556</timestamp>
			</report>
			<report>
				<misses>146600000</misses>
				<total>3</total>
				<timestamp>5864.423942</timestamp>
			</report>
			<report>
				<misses>146700000</misses>
				<total>3</total>
				<timestamp>5868.424486</timestamp>
			</report>
			<report>
				<misses>146800000</misses>
				<total>3</total>
				<timestamp>5872.424733</timestamp>
			</report>
			<report>
				<misses>146900000</misses>
				<total>3</total>
				<timestamp>5876.425144</timestamp>
			</report>
			<report>
				<misses>147000000</misses>
				<total>3</total>
				<timestamp>5880.425166</timestamp>
			</report>
			<report>
				<misses>147100000</misses>
				<total>3</total>
				<timestamp>5884.425612</timestamp>
			</report>
			<report>
				<misses>147200000</misses>
				<total>3</total>
				<timestamp>5888.426468</timestamp>
			</report>
			<report>
				<misses>147300000</misses>
				<total>3</total>
				<timestamp>5892.427159</timestamp>
			</report>
			<report>
				<misses>147400000</misses>
				<total>3</total>
				<timestamp>5896.428000</timestamp>
			</report>
			<report>
				<misses>147500000</misses>
				<total>3</total>
				<timestamp>5900.428242</timestamp>
			</report>
			<report>
				<misses>147600000</misses>
				<total>3</total>
				<timestamp>5904.428281</timestamp>
			</report>
			<report>
				<misses>147700000</misses>
				<total>3</total>
				<timestamp>5908.428923</timestamp>
			</report>
			<report>
				<misses>147800000</misses>
				<total>3</total>
				<timestamp>5912.429322</timestamp>
			</report>
			<report>
				<misses>147900000</misses>
				<total>3</total>
				<timestamp>5916.430471</timestamp>
			</report>
			<report>
				<misses>148000000</misses>
				<total>3</total>
				<timestamp>5920.430673</timestamp>
			</report>
			<report>
				<misses>148100000</misses>
				<total>3</total>
				<timestamp>5924.431088</timestamp>
			</report>
			<report>
				<misses>148200000</misses>
				<total>3</total>
				<timestamp>5928.431192</timestamp>
			</report>
			<report>
				<misses>148300000</misses>
				<total>3</total>
				<timestamp>5932.431941</timestamp>
			</report>
			<report>
				<misses>148400000</misses>
				<total>3</total>
				<timestamp>5936.432609</timestamp>
			</report>
			<report>
				<misses>148500000</misses>
				<total>3</total>
				<timestamp>5940.432809</timestamp>
			</report>
			<report>
				<misses>148600000</misses>
				<total>3</total>
				<timestamp>5944.432790</timestamp>
			</report>
			<report>
				<misses>148700000</misses>
				<total>3</total>
				<timestamp>5948.433283</timestamp>
			</report>
			<report>
				<misses>148800000</misses>
				<total>3</total>
				<timestamp>5952.433785</timestamp>
			</report>
			<report>
				<misses>148900000</misses>
				<total>3</total>
				<timestamp>5956.434659</timestamp>
			</report>
			<report>
				<misses>149000000</misses>
				<total>3</total>
				<timestamp>5960.435239</timestamp>
			</report>
			<report>
				<misses>149100000</misses>
				<total>3</total>
				<timestamp>5964.435682</timestamp>
			</report>
			<report>
				<misses>149200000</misses>
				<total>3</total>
				<timestamp>5968.436434</timestamp>
			</report>
			<report>
				<misses>149300000</misses>
				<total>3</total>
				<timestamp>5972.436723</timestamp>
			</report>
			<report>
				<misses>149400000</misses>
				<total>3</total>
				<timestamp>5976.436853</timestamp>
			</report>
			<report>
				<misses>149500000</misses>
				<total>3</total>
				<timestamp>5980.437031</timestamp>
			</report>
			<report>
				<misses>149600000</misses>
				<total>3</total>
				<timestamp>5984.437636</timestamp>
			</report>
			<report>
				<misses>149700000</misses>
				<total>3</total>
				<timestamp>5988.438656</timestamp>
			</report>
			<report>
				<misses>149800000</misses>
				<total>3</total>
				<timestamp>5992.438995</timestamp>
			</report>
			<report>
				<misses>149900000</misses>
				<total>3</total>
				<timestamp>5996.438999</timestamp>
			</report>
			<report>
				<misses>150000000</misses>
				<total>3</total>
				<timestamp>6000.439112</timestamp>
			</report>
			<report>
				<misses>150100000</misses>
				<total>3</total>
				<timestamp>6004.439242</timestamp>
			</report>
			<report>
				<misses>150200000</misses>
				<total>3</total>
				<timestamp>6008.440122</timestamp>
			</report>
			<report>
				<misses>150300000</misses>
				<total>3</total>
				<timestamp>6012.440448</timestamp>
			</report>
			<report>
				<misses>150400000</misses>
				<total>3</total>
				<timestamp>6016.440776</timestamp>
			</report>
			<report>
				<misses>150500000</misses>
				<total>3</total>
				<timestamp>6020.442372</timestamp>
			</report>
			<report>
				<misses>150600000</misses>
				<total>3</total>
				<timestamp>6024.442655</timestamp>
			</report>
			<report>
				<misses>150700000</misses>
				<total>3</total>
				<timestamp>6028.443321</timestamp>
			</report>
			<report>
				<misses>150800000</misses>
				<total>3</total>
				<timestamp>6032.443726</timestamp>
			</report>
			<report>
				<misses>150900000</misses>
				<total>3</total>
				<timestamp>6036.445158</timestamp>
			</report>
			<report>
				<misses>151000000</misses>
				<total>3</total>
				<timestamp>6040.445211</timestamp>
			</report>
			<report>
				<misses>151100000</misses>
				<total>3</total>
				<timestamp>6044.445204</timestamp>
			</report>
			<report>
				<misses>151200000</misses>
				<total>3</total>
				<timestamp>6048.445191</timestamp>
			</report>
			<report>
				<misses>151300000</misses>
				<total>3</total>
				<timestamp>6052.445160</timestamp>
			</report>
			<report>
				<misses>151400000</misses>
				<total>3</total>
				<timestamp>6056.445153</timestamp>
			</report>
			<report>
				<misses>151500000</misses>
				<total>3</total>
				<timestamp>6060.445115</timestamp>
			</report>
			<report>
				<misses>151600000</misses>
				<total>3</total>
				<timestamp>6064.445082</timestamp>
			</report>
			<report>
				<misses>151700000</misses>
				<total>3</total>
				<timestamp>6068.445092</timestamp>
			</report>
			<report>
				<misses>151800000</misses>
				<total>3</total>
				<timestamp>6072.445083</timestamp>
			</report>
			<report>
				<misses>151900000</misses>
				<total>3</total>
				<timestamp>6076.445071</timestamp>
			</report>
			<report>
				<misses>152000000</misses>
				<total>3</total>
				<timestamp>6080.445694</timestamp>
			</report>
			<report>
				<misses>152100000</misses>
				<total>3</total>
				<timestamp>6084.446528</timestamp>
			</report>
			<report>
				<misses>152200000</misses>
				<total>3</total>
				<timestamp>6088.447318</timestamp>
			</report>
			<report>
				<misses>152300000</misses>
				<total>3</total>
				<timestamp>6092.448272</timestamp>
			</report>
			<report>
				<misses>152400000</misses>
				<total>3</total>
				<timestamp>6096.448512</timestamp>
			</report>
			<report>
				<misses>152500000</misses>
				<total>3</total>
				<timestamp>6100.448486</timestamp>
			</report>
			<report>
				<misses>152600000</misses>
				<total>3</total>
				<timestamp>6104.449239</timestamp>
			</report>
			<report>
				<misses>152700000</misses>
				<total>3</total>
				<timestamp>6108.449675</timestamp>
			</report>
			<report>
				<misses>152800000</misses>
				<total>3</total>
				<timestamp>6112.450887</timestamp>
			</report>
			<report>
				<misses>152900000</misses>
				<total>3</total>
				<timestamp>6116.451623</timestamp>
			</report>
			<report>
				<misses>153000000</misses>
				<total>3</total>
				<timestamp>6120.451680</timestamp>
			</report>
			<report>
				<misses>153100000</misses>
				<total>3</total>
				<timestamp>6124.451746</timestamp>
			</report>
			<report>
				<misses>153200000</misses>
				<total>3</total>
				<timestamp>6128.452076</timestamp>
			</report>
			<report>
				<misses>153300000</misses>
				<total>3</total>
				<timestamp>6132.452426</timestamp>
			</report>
			<report>
				<misses>153400000</misses>
				<total>3</total>
				<timestamp>6136.453190</timestamp>
			</report>
			<report>
				<misses>153500000</misses>
				<total>3</total>
				<timestamp>6140.453446</timestamp>
			</report>
			<report>
				<misses>153600000</misses>
				<total>3</total>
				<timestamp>6144.454207</timestamp>
			</report>
			<report>
				<misses>153700000</misses>
				<total>3</total>
				<timestamp>6148.454915</timestamp>
			</report>
			<report>
				<misses>153800000</misses>
				<total>3</total>
				<timestamp>6152.455588</timestamp>
			</report>
			<report>
				<misses>153900000</misses>
				<total>3</total>
				<timestamp>6156.455872</timestamp>
			</report>
			<report>
				<misses>154000000</misses>
				<total>3</total>
				<timestamp>6160.456037</timestamp>
			</report>
			<report>
				<misses>154100000</misses>
				<total>3</total>
				<timestamp>6164.456952</timestamp>
			</report>
			<report>
				<misses>154200000</misses>
				<total>3</total>
				<timestamp>6168.456928</timestamp>
			</report>
			<report>
				<misses>154300000</misses>
				<total>3</total>
				<timestamp>6172.456919</timestamp>
			</report>
			<report>
				<misses>154400000</misses>
				<total>3</total>
				<timestamp>6176.456929</timestamp>
			</report>
			<report>
				<misses>154500000</misses>
				<total>3</total>
				<timestamp>6180.456937</timestamp>
			</report>
			<report>
				<misses>154600000</misses>
				<total>3</total>
				<timestamp>6184.456989</timestamp>
			</report>
			<report>
				<misses>154700000</misses>
				<total>3</total>
				<timestamp>6188.457020</timestamp>
			</report>
			<report>
				<misses>154800000</misses>
				<total>3</total>
				<timestamp>6192.457021</timestamp>
			</report>
			<report>
				<misses>154900000</misses>
				<total>3</total>
				<timestamp>6196.456990</timestamp>
			</report>
			<report>
				<misses>155000000</misses>
				<total>3</total>
				<timestamp>6200.456982</timestamp>
			</report>
			<report>
				<misses>155100000</misses>
				<total>3</total>
				<timestamp>6204.456957</timestamp>
			</report>
			<report>
				<misses>155200000</misses>
				<total>3</total>
				<timestamp>6208.456949</timestamp>
			</report>
			<report>
				<misses>155300000</misses>
				<total>3</total>
				<timestamp>6212.456952</timestamp>
			</report>
			<report>
				<misses>155400000</misses>
				<total>3</total>
				<timestamp>6216.456911</timestamp>
			</report>
			<report>
				<misses>155500000</misses>
				<total>3</total>
				<timestamp>6220.456885</timestamp>
			</report>
			<report>
				<misses>155600000</misses>
				<total>3</total>
				<timestamp>6224.456888</timestamp>
			</report>
			<report>
				<misses>155700000</misses>
				<total>3</total>
				<timestamp>6228.456900</timestamp>
			</report>
			<report>
				<misses>155800000</misses>
				<total>3</total>
				<timestamp>6232.456876</timestamp>
			</report>
			<report>
				<misses>155900000</misses>
				<total>3</total>
				<timestamp>6236.456889</timestamp>
			</report>
			<report>
				<misses>156000000</misses>
				<total>3</total>
				<timestamp>6240.457031</timestamp>
			</report>
			<report>
				<misses>156100000</misses>
				<total>3</total>
				<timestamp>6244.457000</timestamp>
			</report>
			<report>
				<misses>156200000</misses>
				<total>3</total>
				<timestamp>6248.456998</timestamp>
			</report>
			<report>
				<misses>156300000</misses>
				<total>3</total>
				<timestamp>6252.457003</timestamp>
			</report>
			<report>
				<misses>156400000</misses>
				<total>3</total>
				<timestamp>6256.457039</timestamp>
			</report>
			<report>
				<misses>156500000</misses>
				<total>3</total>
				<timestamp>6260.457059</timestamp>
			</report>
			<report>
				<misses>156600000</misses>
				<total>3</total>
				<timestamp>6264.457057</timestamp>
			</report>
			<report>
				<misses>156700000</misses>
				<total>3</total>
				<timestamp>6268.457038</timestamp>
			</report>
			<report>
				<misses>156800000</misses>
				<total>3</total>
				<timestamp>6272.457037</timestamp>
			</report>
			<report>
				<misses>156900000</misses>
				<total>3</total>
				<timestamp>6276.457046</timestamp>
			</report>
			<report>
				<misses>157000000</misses>
				<total>3</total>
				<timestamp>6280.457030</timestamp>
			</report>
			<report>
				<misses>157100000</misses>
				<total>3</total>
				<timestamp>6284.457054</timestamp>
			</report>
			<report>
				<misses>157200000</misses>
				<total>3</total>
				<timestamp>6288.457044</timestamp>
			</report>
			<report>
				<misses>157300000</misses>
				<total>3</total>
				<timestamp>6292.457141</timestamp>
			</report>
			<report>
				<misses>157400000</misses>
				<total>3</total>
				<timestamp>6296.457117</timestamp>
			</report>
			<report>
				<misses>157500000</misses>
				<total>3</total>
				<timestamp>6300.457141</timestamp>
			</report>
			<report>
				<misses>157600000</misses>
				<total>3</total>
				<timestamp>6304.457124</timestamp>
			</report>
			<report>
				<misses>157700000</misses>
				<total>3</total>
				<timestamp>6308.457150</timestamp>
			</report>
			<report>
				<misses>157800000</misses>
				<total>3</total>
				<timestamp>6312.457125</timestamp>
			</report>
			<report>
				<misses>157900000</misses>
				<total>3</total>
				<timestamp>6316.457219</timestamp>
			</report>
			<report>
				<misses>158000000</misses>
				<total>3</total>
				<timestamp>6320.457210</timestamp>
			</report>
			<report>
				<misses>158100000</misses>
				<total>3</total>
				<timestamp>6324.457209</timestamp>
			</report>
			<report>
				<misses>158200000</misses>
				<total>3</total>
				<timestamp>6328.457193</timestamp>
			</report>
			<report>
				<misses>158300000</misses>
				<total>3</total>
				<timestamp>6332.457166</timestamp>
			</report>
			<report>
				<misses>158400000</misses>
				<total>3</total>
				<timestamp>6336.457176</timestamp>
			</report>
			<report>
				<misses>158500000</misses>
				<total>3</total>
				<timestamp>6340.457157</timestamp>
			</report>
			<report>
				<misses>158600000</misses>
				<total>3</total>
				<timestamp>6344.457159</timestamp>
			</report>
			<report>
				<misses>158700000</misses>
				<total>3</total>
				<timestamp>6348.457149</timestamp>
			</report>
			<report>
				<misses>158800000</misses>
				<total>3</total>
				<timestamp>6352.457119</timestamp>
			</report>
			<report>
				<misses>158900000</misses>
				<total>3</total>
				<timestamp>6356.457117</timestamp>
			</report>
			<report>
				<misses>159000000</misses>
				<total>3</total>
				<timestamp>6360.457125</timestamp>
			</report>
			<report>
				<misses>159100000</misses>
				<total>3</total>
				<timestamp>6364.457115</timestamp>
			</report>
			<report>
				<misses>159200000</misses>
				<total>3</total>
				<timestamp>6368.457089</timestamp>
			</report>
			<report>
				<misses>159300000</misses>
				<total>3</total>
				<timestamp>6372.457088</timestamp>
			</report>
			<report>
				<misses>159400000</misses>
				<total>3</total>
				<timestamp>6376.457144</timestamp>
			</report>
			<report>
				<misses>159500000</misses>
				<total>3</total>
				<timestamp>6380.457124</timestamp>
			</report>
			<report>
				<misses>159600000</misses>
				<total>3</total>
				<timestamp>6384.457164</timestamp>
			</report>
			<report>
				<misses>159700000</misses>
				<total>3</total>
				<timestamp>6388.457184</timestamp>
			</report>
			<report>
				<misses>159800000</misses>
				<total>3</total>
				<timestamp>6392.457221</timestamp>
			</report>
			<report>
				<misses>159900000</misses>
				<total>3</total>
				<timestamp>6396.457189</timestamp>
			</report>
			<report>
				<misses>160000000</misses>
				<total>3</total>
				<timestamp>6400.457257</timestamp>
			</report>
			<report>
				<misses>160100000</misses>
				<total>3</total>
				<timestamp>6404.457227</timestamp>
			</report>
			<report>
				<misses>160200000</misses>
				<total>3</total>
				<timestamp>6408.457241</timestamp>
			</report>
			<report>
				<misses>160300000</misses>
				<total>3</total>
				<timestamp>6412.457232</timestamp>
			</report>
			<report>
				<misses>160400000</misses>
				<total>3</total>
				<timestamp>6416.457200</timestamp>
			</report>
			<report>
				<misses>160500000</misses>
				<total>3</total>
				<timestamp>6420.457192</timestamp>
			</report>
			<report>
				<misses>160600000</misses>
				<total>3</total>
				<timestamp>6424.457145</timestamp>
			</report>
			<report>
				<misses>160700000</misses>
				<total>3</total>
				<timestamp>6428.457125</timestamp>
			</report>
			<report>
				<misses>160800000</misses>
				<total>3</total>
				<timestamp>6432.457123</timestamp>
			</report>
			<report>
				<misses>160900000</misses>
				<total>3</total>
				<timestamp>6436.457108</timestamp>
			</report>
			<report>
				<misses>161000000</misses>
				<total>3</total>
				<timestamp>6440.457065</timestamp>
			</report>
			<report>
				<misses>161100000</misses>
				<total>3</total>
				<timestamp>6444.457026</timestamp>
			</report>
			<report>
				<misses>161200000</misses>
				<total>3</total>
				<timestamp>6448.457003</timestamp>
			</report>
			<report>
				<misses>161300000</misses>
				<total>3</total>
				<timestamp>6452.457032</timestamp>
			</report>
			<report>
				<misses>161400000</misses>
				<total>3</total>
				<timestamp>6456.457001</timestamp>
			</report>
			<report>
				<misses>161500000</misses>
				<total>3</total>
				<timestamp>6460.457018</timestamp>
			</report>
			<report>
				<misses>161600000</misses>
				<total>3</total>
				<timestamp>6464.456992</timestamp>
			</report>
			<report>
				<misses>161700000</misses>
				<total>3</total>
				<timestamp>6468.456963</timestamp>
			</report>
			<report>
				<misses>161800000</misses>
				<total>3</total>
				<timestamp>6472.456966</timestamp>
			</report>
			<report>
				<misses>161900000</misses>
				<total>3</total>
				<timestamp>6476.456955</timestamp>
			</report>
			<report>
				<misses>162000000</misses>
				<total>3</total>
				<timestamp>6480.456955</timestamp>
			</report>
			<report>
				<misses>162100000</misses>
				<total>3</total>
				<timestamp>6484.456928</timestamp>
			</report>
			<report>
				<misses>162200000</misses>
				<total>3</total>
				<timestamp>6488.456925</timestamp>
			</report>
			<report>
				<misses>162300000</misses>
				<total>3</total>
				<timestamp>6492.456916</timestamp>
			</report>
			<report>
				<misses>162400000</misses>
				<total>3</total>
				<timestamp>6496.456934</timestamp>
			</report>
			<report>
				<misses>162500000</misses>
				<total>3</total>
				<timestamp>6500.456925</timestamp>
			</report>
			<report>
				<misses>162600000</misses>
				<total>3</total>
				<timestamp>6504.456969</timestamp>
			</report>
			<report>
				<misses>162700000</misses>
				<total>3</total>
				<timestamp>6508.456976</timestamp>
			</report>
			<report>
				<misses>162800000</misses>
				<total>3</total>
				<timestamp>6512.456952</timestamp>
			</report>
			<report>
				<misses>162900000</misses>
				<total>3</total>
				<timestamp>6516.456928</timestamp>
			</report>
			<report>
				<misses>163000000</misses>
				<total>3</total>
				<timestamp>6520.456939</timestamp>
			</report>
			<report>
				<misses>163100000</misses>
				<total>3</total>
				<timestamp>6524.456919</timestamp>
			</report>
			<report>
				<misses>163200000</misses>
				<total>3</total>
				<timestamp>6528.456943</timestamp>
			</report>
			<report>
				<misses>163300000</misses>
				<total>3</total>
				<timestamp>6532.456925</timestamp>
			</report>
			<report>
				<misses>163400000</misses>
				<total>3</total>
				<timestamp>6536.456925</timestamp>
			</report>
			<report>
				<misses>163500000</misses>
				<total>3</total>
				<timestamp>6540.456932</timestamp>
			</report>
			<report>
				<misses>163600000</misses>
				<total>3</total>
				<timestamp>6544.456920</timestamp>
			</report>
			<report>
				<misses>163700000</misses>
				<total>3</total>
				<timestamp>6548.456914</timestamp>
			</report>
			<report>
				<misses>163800000</misses>
				<total>3</total>
				<timestamp>6552.456872</timestamp>
			</report>
			<report>
				<misses>163900000</misses>
				<total>3</total>
				<timestamp>6556.456836</timestamp>
			</report>
			<report>
				<misses>164000000</misses>
				<total>3</total>
				<timestamp>6560.456833</timestamp>
			</report>
			<report>
				<misses>164100000</misses>
				<total>3</total>
				<timestamp>6564.456797</timestamp>
			</report>
			<report>
				<misses>164200000</misses>
				<total>3</total>
				<timestamp>6568.456793</timestamp>
			</report>
			<report>
				<misses>164300000</misses>
				<total>3</total>
				<timestamp>6572.457014</timestamp>
			</report>
			<report>
				<misses>164400000</misses>
				<total>3</total>
				<timestamp>6576.456995</timestamp>
			</report>
			<report>
				<misses>164500000</misses>
				<total>3</total>
				<timestamp>6580.457005</timestamp>
			</report>
			<report>
				<misses>164600000</misses>
				<total>3</total>
				<timestamp>6584.457011</timestamp>
			</report>
			<report>
				<misses>164700000</misses>
				<total>3</total>
				<timestamp>6588.456995</timestamp>
			</report>
			<report>
				<misses>164800000</misses>
				<total>3</total>
				<timestamp>6592.456967</timestamp>
			</report>
			<report>
				<misses>164900000</misses>
				<total>3</total>
				<timestamp>6596.456963</timestamp>
			</report>
			<report>
				<misses>165000000</misses>
				<total>3</total>
				<timestamp>6600.456962</timestamp>
			</report>
			<report>
				<misses>165100000</misses>
				<total>3</total>
				<timestamp>6604.456963</timestamp>
			</report>
			<report>
				<misses>165200000</misses>
				<total>3</total>
				<timestamp>6608.456962</timestamp>
			</report>
			<report>
				<misses>165300000</misses>
				<total>3</total>
				<timestamp>6612.456979</timestamp>
			</report>
			<report>
				<misses>165400000</misses>
				<total>3</total>
				<timestamp>6616.456974</timestamp>
			</report>
			<report>
				<misses>165500000</misses>
				<total>3</total>
				<timestamp>6620.456992</timestamp>
			</report>
			<report>
				<misses>165600000</misses>
				<total>3</total>
				<timestamp>6624.456962</timestamp>
			</report>
			<report>
				<misses>165700000</misses>
				<total>3</total>
				<timestamp>6628.457000</timestamp>
			</report>
			<report>
				<misses>165800000</misses>
				<total>3</total>
				<timestamp>6632.456993</timestamp>
			</report>
			<report>
				<misses>165900000</misses>
				<total>3</total>
				<timestamp>6636.456960</timestamp>
			</report>
			<report>
				<misses>166000000</misses>
				<total>3</total>
				<timestamp>6640.456957</timestamp>
			</report>
			<report>
				<misses>166100000</misses>
				<total>3</total>
				<timestamp>6644.456973</timestamp>
			</report>
			<report>
				<misses>166200000</misses>
				<total>3</total>
				<timestamp>6648.456969</timestamp>
			</report>
			<report>
				<misses>166300000</misses>
				<total>3</total>
				<timestamp>6652.456955</timestamp>
			</report>
			<report>
				<misses>166400000</misses>
				<total>3</total>
				<timestamp>6656.456977</timestamp>
			</report>
			<report>
				<misses>166500000</misses>
				<total>3</total>
				<timestamp>6660.456955</timestamp>
			</report>
			<report>
				<misses>166600000</misses>
				<total>3</total>
				<timestamp>6664.456959</timestamp>
			</report>
			<report>
				<misses>166700000</misses>
				<total>3</total>
				<timestamp>6668.456963</timestamp>
			</report>
			<report>
				<misses>166800000</misses>
				<total>3</total>
				<timestamp>6672.456967</timestamp>
			</report>
			<report>
				<misses>166900000</misses>
				<total>3</total>
				<timestamp>6676.456948</timestamp>
			</report>
			<report>
				<misses>167000000</misses>
				<total>3</total>
				<timestamp>6680.456916</timestamp>
			</report>
			<report>
				<misses>167100000</misses>
				<total>3</total>
				<timestamp>6684.456932</timestamp>
			</report>
			<report>
				<misses>167200000</misses>
				<total>3</total>
				<timestamp>6688.456948</timestamp>
			</report>
			<report>
				<misses>167300000</misses>
				<total>3</total>
				<timestamp>6692.457010</timestamp>
			</report>
			<report>
				<misses>167400000</misses>
				<total>3</total>
				<timestamp>6696.457673</timestamp>
			</report>
			<report>
				<misses>167500000</misses>
				<total>3</total>
				<timestamp>6700.458043</timestamp>
			</report>
			<report>
				<misses>167600000</misses>
				<total>3</total>
				<timestamp>6704.458986</timestamp>
			</report>
			<report>
				<misses>167700000</misses>
				<total>3</total>
				<timestamp>6708.459786</timestamp>
			</report>
			<report>
				<misses>167800000</misses>
				<total>3</total>
				<timestamp>6712.460464</timestamp>
			</report>
			<report>
				<misses>167900000</misses>
				<total>3</total>
				<timestamp>6716.460942</timestamp>
			</report>
			<report>
				<misses>168000000</misses>
				<total>3</total>
				<timestamp>6720.461469</timestamp>
			</report>
			<report>
				<misses>168100000</misses>
				<total>3</total>
				<timestamp>6724.461621</timestamp>
			</report>
			<report>
				<misses>168200000</misses>
				<total>3</total>
				<timestamp>6728.461800</timestamp>
			</report>
			<report>
				<misses>168300000</misses>
				<total>3</total>
				<timestamp>6732.463886</timestamp>
			</report>
			<report>
				<misses>168400000</misses>
				<total>3</total>
				<timestamp>6736.464534</timestamp>
			</report>
			<report>
				<misses>168500000</misses>
				<total>3</total>
				<timestamp>6740.465151</timestamp>
			</report>
			<report>
				<misses>168600000</misses>
				<total>3</total>
				<timestamp>6744.465725</timestamp>
			</report>
			<report>
				<misses>168700000</misses>
				<total>3</total>
				<timestamp>6748.465769</timestamp>
			</report>
			<report>
				<misses>168800000</misses>
				<total>3</total>
				<timestamp>6752.465767</timestamp>
			</report>
			<report>
				<misses>168900000</misses>
				<total>3</total>
				<timestamp>6756.465970</timestamp>
			</report>
			<report>
				<misses>169000000</misses>
				<total>3</total>
				<timestamp>6760.467012</timestamp>
			</report>
			<report>
				<misses>169100000</misses>
				<total>3</total>
				<timestamp>6764.467428</timestamp>
			</report>
			<report>
				<misses>169200000</misses>
				<total>3</total>
				<timestamp>6768.467876</timestamp>
			</report>
			<report>
				<misses>169300000</misses>
				<total>3</total>
				<timestamp>6772.468302</timestamp>
			</report>
			<report>
				<misses>169400000</misses>
				<total>3</total>
				<timestamp>6776.468441</timestamp>
			</report>
			<report>
				<misses>169500000</misses>
				<total>3</total>
				<timestamp>6780.469069</timestamp>
			</report>
			<report>
				<misses>169600000</misses>
				<total>3</total>
				<timestamp>6784.469555</timestamp>
			</report>
			<report>
				<misses>169700000</misses>
				<total>3</total>
				<timestamp>6788.470234</timestamp>
			</report>
			<report>
				<misses>169800000</misses>
				<total>3</total>
				<timestamp>6792.470773</timestamp>
			</report>
			<report>
				<misses>169900000</misses>
				<total>3</total>
				<timestamp>6796.471717</timestamp>
			</report>
			<report>
				<misses>170000000</misses>
				<total>3</total>
				<timestamp>6800.471809</timestamp>
			</report>
			<report>
				<misses>170100000</misses>
				<total>3</total>
				<timestamp>6804.472405</timestamp>
			</report>
			<report>
				<misses>170200000</misses>
				<total>3</total>
				<timestamp>6808.472521</timestamp>
			</report>
			<report>
				<misses>170300000</misses>
				<total>3</total>
				<timestamp>6812.473410</timestamp>
			</report>
			<report>
				<misses>170400000</misses>
				<total>3</total>
				<timestamp>6816.474020</timestamp>
			</report>
			<report>
				<misses>170500000</misses>
				<total>3</total>
				<timestamp>6820.474773</timestamp>
			</report>
			<report>
				<misses>170600000</misses>
				<total>3</total>
				<timestamp>6824.474771</timestamp>
			</report>
			<report>
				<misses>170700000</misses>
				<total>3</total>
				<timestamp>6828.474832</timestamp>
			</report>
			<report>
				<misses>170800000</misses>
				<total>3</total>
				<timestamp>6832.475358</timestamp>
			</report>
			<report>
				<misses>170900000</misses>
				<total>3</total>
				<timestamp>6836.476167</timestamp>
			</report>
			<report>
				<misses>171000000</misses>
				<total>3</total>
				<timestamp>6840.476324</timestamp>
			</report>
			<report>
				<misses>171100000</misses>
				<total>3</total>
				<timestamp>6844.476886</timestamp>
			</report>
			<report>
				<misses>171200000</misses>
				<total>3</total>
				<timestamp>6848.476922</timestamp>
			</report>
			<report>
				<misses>171300000</misses>
				<total>3</total>
				<timestamp>6852.477994</timestamp>
			</report>
			<report>
				<misses>171400000</misses>
				<total>3</total>
				<timestamp>6856.478683</timestamp>
			</report>
			<report>
				<misses>171500000</misses>
				<total>3</total>
				<timestamp>6860.479321</timestamp>
			</report>
			<report>
				<misses>171600000</misses>
				<total>3</total>
				<timestamp>6864.480157</timestamp>
			</report>
			<report>
				<misses>171700000</misses>
				<total>3</total>
				<timestamp>6868.480439</timestamp>
			</report>
			<report>
				<misses>171800000</misses>
				<total>3</total>
				<timestamp>6872.480503</timestamp>
			</report>
			<report>
				<misses>171900000</misses>
				<total>3</total>
				<timestamp>6876.481162</timestamp>
			</report>
			<report>
				<misses>172000000</misses>
				<total>3</total>
				<timestamp>6880.482273</timestamp>
			</report>
			<report>
				<misses>172100000</misses>
				<total>3</total>
				<timestamp>6884.482815</timestamp>
			</report>
			<report>
				<misses>172200000</misses>
				<total>3</total>
				<timestamp>6888.483276</timestamp>
			</report>
			<report>
				<misses>172300000</misses>
				<total>3</total>
				<timestamp>6892.483532</timestamp>
			</report>
			<report>
				<misses>172400000</misses>
				<total>3</total>
				<timestamp>6896.484027</timestamp>
			</report>
			<report>
				<misses>172500000</misses>
				<total>3</total>
				<timestamp>6900.484487</timestamp>
			</report>
			<report>
				<misses>172600000</misses>
				<total>3</total>
				<timestamp>6904.484752</timestamp>
			</report>
			<report>
				<misses>172700000</misses>
				<total>3</total>
				<timestamp>6908.485599</timestamp>
			</report>
			<report>
				<misses>172800000</misses>
				<total>3</total>
				<timestamp>6912.486359</timestamp>
			</report>
			<report>
				<misses>172900000</misses>
				<total>3</total>
				<timestamp>6916.486761</timestamp>
			</report>
			<report>
				<misses>173000000</misses>
				<total>3</total>
				<timestamp>6920.487197</timestamp>
			</report>
			<report>
				<misses>173100000</misses>
				<total>3</total>
				<timestamp>6924.487748</timestamp>
			</report>
			<report>
				<misses>173200000</misses>
				<total>3</total>
				<timestamp>6928.488352</timestamp>
			</report>
			<report>
				<misses>173300000</misses>
				<total>3</total>
				<timestamp>6932.489227</timestamp>
			</report>
			<report>
				<misses>173400000</misses>
				<total>3</total>
				<timestamp>6936.489213</timestamp>
			</report>
			<report>
				<misses>173500000</misses>
				<total>3</total>
				<timestamp>6940.489361</timestamp>
			</report>
			<report>
				<misses>173600000</misses>
				<total>3</total>
				<timestamp>6944.489539</timestamp>
			</report>
			<report>
				<misses>173700000</misses>
				<total>3</total>
				<timestamp>6948.489521</timestamp>
			</report>
			<report>
				<misses>173800000</misses>
				<total>3</total>
				<timestamp>6952.489512</timestamp>
			</report>
			<report>
				<misses>173900000</misses>
				<total>3</total>
				<timestamp>6956.489506</timestamp>
			</report>
			<report>
				<misses>174000000</misses>
				<total>3</total>
				<timestamp>6960.489868</timestamp>
			</report>
			<report>
				<misses>174100000</misses>
				<total>3</total>
				<timestamp>6964.490236</timestamp>
			</report>
			<report>
				<misses>174200000</misses>
				<total>3</total>
				<timestamp>6968.490392</timestamp>
			</report>
			<report>
				<misses>174300000</misses>
				<total>3</total>
				<timestamp>6972.490924</timestamp>
			</report>
			<report>
				<misses>174400000</misses>
				<total>3</total>
				<timestamp>6976.491059</timestamp>
			</report>
			<report>
				<misses>174500000</misses>
				<total>3</total>
				<timestamp>6980.491393</timestamp>
			</report>
			<report>
				<misses>174600000</misses>
				<total>3</total>
				<timestamp>6984.491601</timestamp>
			</report>
			<report>
				<misses>174700000</misses>
				<total>3</total>
				<timestamp>6988.491990</timestamp>
			</report>
			<report>
				<misses>174800000</misses>
				<total>3</total>
				<timestamp>6992.492435</timestamp>
			</report>
			<report>
				<misses>174900000</misses>
				<total>3</total>
				<timestamp>6996.494425</timestamp>
			</report>
			<report>
				<misses>175000000</misses>
				<total>3</total>
				<timestamp>7000.496210</timestamp>
			</report>
			<report>
				<misses>175100000</misses>
				<total>3</total>
				<timestamp>7004.498334</timestamp>
			</report>
			<report>
				<misses>175200000</misses>
				<total>3</total>
				<timestamp>7008.499615</timestamp>
			</report>
			<report>
				<misses>175300000</misses>
				<total>3</total>
				<timestamp>7012.501039</timestamp>
			</report>
			<report>
				<misses>175400000</misses>
				<total>3</total>
				<timestamp>7016.501765</timestamp>
			</report>
			<report>
				<misses>175500000</misses>
				<total>3</total>
				<timestamp>7020.503636</timestamp>
			</report>
			<report>
				<misses>175600000</misses>
				<total>3</total>
				<timestamp>7024.507753</timestamp>
			</report>
			<report>
				<misses>175700000</misses>
				<total>3</total>
				<timestamp>7028.508659</timestamp>
			</report>
			<report>
				<misses>175800000</misses>
				<total>3</total>
				<timestamp>7032.511206</timestamp>
			</report>
			<report>
				<misses>175900000</misses>
				<total>3</total>
				<timestamp>7036.512018</timestamp>
			</report>
			<report>
				<misses>176000000</misses>
				<total>3</total>
				<timestamp>7040.512355</timestamp>
			</report>
			<report>
				<misses>176100000</misses>
				<total>4</total>
				<timestamp>7044.512384</timestamp>
			</report>
			<report>
				<misses>176200000</misses>
				<total>4</total>
				<timestamp>7048.512356</timestamp>
			</report>
			<report>
				<misses>176300000</misses>
				<total>4</total>
				<timestamp>7052.512410</timestamp>
			</report>
			<report>
				<misses>176400000</misses>
				<total>4</total>
				<timestamp>7056.512886</timestamp>
			</report>
			<report>
				<misses>176500000</misses>
				<total>4</total>
				<timestamp>7060.512881</timestamp>
			</report>
			<report>
				<misses>176600000</misses>
				<total>4</total>
				<timestamp>7064.514009</timestamp>
			</report>
			<report>
				<misses>176700000</misses>
				<total>4</total>
				<timestamp>7068.514535</timestamp>
			</report>
			<report>
				<misses>176800000</misses>
				<total>4</total>
				<timestamp>7072.516005</timestamp>
			</report>
			<report>
				<misses>176900000</misses>
				<total>4</total>
				<timestamp>7076.516642</timestamp>
			</report>
			<report>
				<misses>177000000</misses>
				<total>4</total>
				<timestamp>7080.517050</timestamp>
			</report>
			<report>
				<misses>177100000</misses>
				<total>4</total>
				<timestamp>7084.517044</timestamp>
			</report>
			<report>
				<misses>177200000</misses>
				<total>4</total>
				<timestamp>7088.517853</timestamp>
			</report>
			<report>
				<misses>177300000</misses>
				<total>4</total>
				<timestamp>7092.519524</timestamp>
			</report>
			<report>
				<misses>177400000</misses>
				<total>4</total>
				<timestamp>7096.520482</timestamp>
			</report>
			<report>
				<misses>177500000</misses>
				<total>4</total>
				<timestamp>7100.520661</timestamp>
			</report>
			<report>
				<misses>177600000</misses>
				<total>4</total>
				<timestamp>7104.521526</timestamp>
			</report>
			<report>
				<misses>177700000</misses>
				<total>4</total>
				<timestamp>7108.521998</timestamp>
			</report>
			<report>
				<misses>177800000</misses>
				<total>4</total>
				<timestamp>7112.522902</timestamp>
			</report>
			<report>
				<misses>177900000</misses>
				<total>4</total>
				<timestamp>7116.522995</timestamp>
			</report>
			<report>
				<misses>178000000</misses>
				<total>4</total>
				<timestamp>7120.523163</timestamp>
			</report>
			<report>
				<misses>178100000</misses>
				<total>4</total>
				<timestamp>7124.523686</timestamp>
			</report>
			<report>
				<misses>178200000</misses>
				<total>4</total>
				<timestamp>7128.524405</timestamp>
			</report>
			<report>
				<misses>178300000</misses>
				<total>4</total>
				<timestamp>7132.524415</timestamp>
			</report>
			<report>
				<misses>178400000</misses>
				<total>4</total>
				<timestamp>7136.524923</timestamp>
			</report>
			<report>
				<misses>178500000</misses>
				<total>4</total>
				<timestamp>7140.525575</timestamp>
			</report>
			<report>
				<misses>178600000</misses>
				<total>4</total>
				<timestamp>7144.526577</timestamp>
			</report>
			<report>
				<misses>178700000</misses>
				<total>4</total>
				<timestamp>7148.527039</timestamp>
			</report>
			<report>
				<misses>178800000</misses>
				<total>4</total>
				<timestamp>7152.528361</timestamp>
			</report>
			<report>
				<misses>178900000</misses>
				<total>4</total>
				<timestamp>7156.529020</timestamp>
			</report>
			<report>
				<misses>179000000</misses>
				<total>4</total>
				<timestamp>7160.529863</timestamp>
			</report>
			<report>
				<misses>179100000</misses>
				<total>4</total>
				<timestamp>7164.530365</timestamp>
			</report>
			<report>
				<misses>179200000</misses>
				<total>4</total>
				<timestamp>7168.530688</timestamp>
			</report>
			<report>
				<misses>179300000</misses>
				<total>4</total>
				<timestamp>7172.530962</timestamp>
			</report>
			<report>
				<misses>179400000</misses>
				<total>4</total>
				<timestamp>7176.531672</timestamp>
			</report>
			<report>
				<misses>179500000</misses>
				<total>4</total>
				<timestamp>7180.532392</timestamp>
			</report>
			<report>
				<misses>179600000</misses>
				<total>4</total>
				<timestamp>7184.533042</timestamp>
			</report>
			<report>
				<misses>179700000</misses>
				<total>4</total>
				<timestamp>7188.534057</timestamp>
			</report>
			<report>
				<misses>179800000</misses>
				<total>4</total>
				<timestamp>7192.535253</timestamp>
			</report>
			<report>
				<misses>179900000</misses>
				<total>4</total>
				<timestamp>7196.535241</timestamp>
			</report>
		</query>
	</custom>
	<ethtool_statistic>
		<rx_packets>
			<start>6734291945</start>
			<end>7069394081</end>
		</rx_packets>
		<tx_packets>
			<start>8849930997</start>
			<end>9231170505</end>
		</tx_packets>
		<rx_dropped>
			<start>250</start>
			<end>250</end>
		</rx_dropped>
		<tx_dropped>
			<start>0</start>
			<end>0</end>
		</tx_dropped>
		<collisions>
			<start>0</start>
			<end>0</end>
		</collisions>
		<port_tx_errors>
			<start>0</start>
			<end>0</end>
		</port_tx_errors>
		<port_rx_dropped>
			<start>0</start>
			<end>0</end>
		</port_rx_dropped>
		<port_tx_dropped_link_down>
			<start>3877</start>
			<end>3877</end>
		</port_tx_dropped_link_down>
	</ethtool_statistic>
	<ip_statistic>
		<mtu>
			<start>9000</start>
			<end>9000</end>
		</mtu>
		<rx_bytes>
			<start>60539487413380</start>
			<end>63552006498075</end>
		</rx_bytes>
		<rx_packets>
			<start>6734292110</start>
			<end>7069394230</end>
		</rx_packets>
		<rx_errors>
			<start>0</start>
			<end>0</end>
		</rx_errors>
		<rx_dropped>
			<start>250</start>
			<end>250</end>
		</rx_dropped>
		<rx_missed>
			<start>0</start>
			<end>0</end>
		</rx_missed>
		<rx_mcast>
			<start>2373</start>
			<end>2512</end>
		</rx_mcast>
		<tx_bytes>
			<start>56183515282796</start>
			<end>58014918173450</end>
		</tx_bytes>
		<tx_packets>
			<start>8849931068</start>
			<end>9231170561</end>
		</tx_packets>
		<tx_errors>
			<start>0</start>
			<end>0</end>
		</tx_errors>
		<tx_dropped>
			<start>0</start>
			<end>0</end>
		</tx_dropped>
		<tx_carrier>
			<start>0</start>
			<end>0</end>
		</tx_carrier>
		<tx_collisions>
			<start>0</start>
			<end>0</end>
		</tx_collisions>
	</ip_statistic>
	<netstat_statistic>
		<udp_pkg_rec>
			<start>6402534445</start>
			<end>6726283204</end>
		</udp_pkg_rec>
		<udp_pkg_snt>
			<start>6958780067</start>
			<end>7340073887</end>
		</udp_pkg_snt>
		<udp_rec_err>
			<start>332487830</start>
			<end>343876883</end>
		</udp_rec_err>
		<udp_rec_buf_err>
			<start>332487830</start>
			<end>343876883</end>
		</udp_rec_buf_err>
		<udp_snt_buf_err>
			<start>0</start>
			<end>0</end>
		</udp_snt_buf_err>
	</netstat_statistic>
</test_results>
