<?xml version="1.0"?>
<test_results>
	<status>STATUS_SUCCESS</status>
	<custom>
		<num_loss>19</num_loss>
		<num_total>31300334</num_total>
		<num_misses>14</num_misses>
		<elapsed_time>7199.072913</elapsed_time>
	</custom>
	<ethtool_statistic>
		<rx_packets>
			<start>4986729417</start>
			<end>5321948725</end>
		</rx_packets>
		<tx_packets>
			<start>6763937168</start>
			<end>7215615727</end>
		</tx_packets>
		<rx_dropped>
			<start>63</start>
			<end>63</end>
		</rx_dropped>
		<tx_dropped>
			<start>0</start>
			<end>0</end>
		</tx_dropped>
		<collisions>
			<start>0</start>
			<end>0</end>
		</collisions>
		<port_tx_errors>
			<start>0</start>
			<end>0</end>
		</port_tx_errors>
		<port_rx_dropped>
			<start>0</start>
			<end>0</end>
		</port_rx_dropped>
		<port_tx_dropped_link_down>
			<start>0</start>
			<end>0</end>
		</port_tx_dropped_link_down>
	</ethtool_statistic>
	<ip_statistic>
		<mtu>
			<start>9000</start>
			<end>9000</end>
		</mtu>
		<rx_bytes>
			<start>44822469450859</start>
			<end>47836065013817</end>
		</rx_bytes>
		<rx_packets>
			<start>4986729526</start>
			<end>5321948828</end>
		</rx_packets>
		<rx_errors>
			<start>0</start>
			<end>0</end>
		</rx_errors>
		<rx_dropped>
			<start>63</start>
			<end>63</end>
		</rx_dropped>
		<rx_missed>
			<start>0</start>
			<end>0</end>
		</rx_missed>
		<rx_mcast>
			<start>2986</start>
			<end>3083</end>
		</rx_mcast>
		<tx_bytes>
			<start>43275305420223</start>
			<end>47128037139955</end>
		</tx_bytes>
		<tx_packets>
			<start>6763937204</start>
			<end>7215615769</end>
		</tx_packets>
		<tx_errors>
			<start>0</start>
			<end>0</end>
		</tx_errors>
		<tx_dropped>
			<start>0</start>
			<end>0</end>
		</tx_dropped>
		<tx_carrier>
			<start>0</start>
			<end>0</end>
		</tx_carrier>
		<tx_collisions>
			<start>0</start>
			<end>0</end>
		</tx_collisions>
	</ip_statistic>
</test_results>
