<?xml version="1.0"?>
<test_results>
	<status>STATUS_SUCCESS</status>
	<custom>
		<num_loss>51</num_loss>
		<num_total>6100001</num_total>
		<num_misses>53</num_misses>
		<elapsed_time>853.999000</elapsed_time>
		<query>
			<report>
				<misses>100000</misses>
				<total>3</total>
				<timestamp>13.999953</timestamp>
			</report>
			<report>
				<misses>200000</misses>
				<total>6</total>
				<timestamp>28.000102</timestamp>
			</report>
			<report>
				<misses>300000</misses>
				<total>7</total>
				<timestamp>42.000128</timestamp>
			</report>
			<report>
				<misses>400000</misses>
				<total>7</total>
				<timestamp>56.000110</timestamp>
			</report>
			<report>
				<misses>500000</misses>
				<total>7</total>
				<timestamp>70.000097</timestamp>
			</report>
			<report>
				<misses>600000</misses>
				<total>8</total>
				<timestamp>84.000234</timestamp>
			</report>
			<report>
				<misses>700000</misses>
				<total>8</total>
				<timestamp>98.000417</timestamp>
			</report>
			<report>
				<misses>800000</misses>
				<total>10</total>
				<timestamp>112.000373</timestamp>
			</report>
			<report>
				<misses>900000</misses>
				<total>10</total>
				<timestamp>126.000675</timestamp>
			</report>
			<report>
				<misses>1000000</misses>
				<total>10</total>
				<timestamp>140.000797</timestamp>
			</report>
			<report>
				<misses>1100000</misses>
				<total>10</total>
				<timestamp>154.001083</timestamp>
			</report>
			<report>
				<misses>1200000</misses>
				<total>13</total>
				<timestamp>168.001215</timestamp>
			</report>
			<report>
				<misses>1300000</misses>
				<total>13</total>
				<timestamp>182.001113</timestamp>
			</report>
			<report>
				<misses>1400000</misses>
				<total>14</total>
				<timestamp>196.001072</timestamp>
			</report>
			<report>
				<misses>1500000</misses>
				<total>14</total>
				<timestamp>210.000993</timestamp>
			</report>
			<report>
				<misses>1600000</misses>
				<total>14</total>
				<timestamp>224.000804</timestamp>
			</report>
			<report>
				<misses>1700000</misses>
				<total>17</total>
				<timestamp>238.000696</timestamp>
			</report>
			<report>
				<misses>1800000</misses>
				<total>17</total>
				<timestamp>252.001077</timestamp>
			</report>
			<report>
				<misses>1900000</misses>
				<total>19</total>
				<timestamp>266.000936</timestamp>
			</report>
			<report>
				<misses>2000000</misses>
				<total>24</total>
				<timestamp>280.000805</timestamp>
			</report>
			<report>
				<misses>2100000</misses>
				<total>29</total>
				<timestamp>294.000653</timestamp>
			</report>
			<report>
				<misses>2200000</misses>
				<total>32</total>
				<timestamp>308.000523</timestamp>
			</report>
			<report>
				<misses>2300000</misses>
				<total>32</total>
				<timestamp>322.000382</timestamp>
			</report>
			<report>
				<misses>2400000</misses>
				<total>32</total>
				<timestamp>336.000379</timestamp>
			</report>
			<report>
				<misses>2500000</misses>
				<total>32</total>
				<timestamp>350.000654</timestamp>
			</report>
			<report>
				<misses>2600000</misses>
				<total>32</total>
				<timestamp>364.000729</timestamp>
			</report>
			<report>
				<misses>2700000</misses>
				<total>34</total>
				<timestamp>378.000655</timestamp>
			</report>
			<report>
				<misses>2800000</misses>
				<total>34</total>
				<timestamp>392.000943</timestamp>
			</report>
			<report>
				<misses>2900000</misses>
				<total>37</total>
				<timestamp>406.000805</timestamp>
			</report>
			<report>
				<misses>3000000</misses>
				<total>37</total>
				<timestamp>420.000827</timestamp>
			</report>
			<report>
				<misses>3100000</misses>
				<total>37</total>
				<timestamp>434.000931</timestamp>
			</report>
			<report>
				<misses>3200000</misses>
				<total>37</total>
				<timestamp>448.000798</timestamp>
			</report>
			<report>
				<misses>3300000</misses>
				<total>37</total>
				<timestamp>462.000681</timestamp>
			</report>
			<report>
				<misses>3400000</misses>
				<total>37</total>
				<timestamp>476.000520</timestamp>
			</report>
			<report>
				<misses>3500000</misses>
				<total>37</total>
				<timestamp>490.001068</timestamp>
			</report>
			<report>
				<misses>3600000</misses>
				<total>37</total>
				<timestamp>504.000948</timestamp>
			</report>
			<report>
				<misses>3700000</misses>
				<total>37</total>
				<timestamp>518.000806</timestamp>
			</report>
			<report>
				<misses>3800000</misses>
				<total>38</total>
				<timestamp>532.000705</timestamp>
			</report>
			<report>
				<misses>3900000</misses>
				<total>38</total>
				<timestamp>546.000696</timestamp>
			</report>
			<report>
				<misses>4000000</misses>
				<total>38</total>
				<timestamp>560.000652</timestamp>
			</report>
			<report>
				<misses>4100000</misses>
				<total>39</total>
				<timestamp>574.000548</timestamp>
			</report>
			<report>
				<misses>4200000</misses>
				<total>40</total>
				<timestamp>588.000396</timestamp>
			</report>
			<report>
				<misses>4300000</misses>
				<total>41</total>
				<timestamp>602.000436</timestamp>
			</report>
			<report>
				<misses>4400000</misses>
				<total>41</total>
				<timestamp>616.000232</timestamp>
			</report>
			<report>
				<misses>4500000</misses>
				<total>41</total>
				<timestamp>630.000157</timestamp>
			</report>
			<report>
				<misses>4600000</misses>
				<total>42</total>
				<timestamp>644.000112</timestamp>
			</report>
			<report>
				<misses>4700000</misses>
				<total>42</total>
				<timestamp>657.999949</timestamp>
			</report>
			<report>
				<misses>4800000</misses>
				<total>42</total>
				<timestamp>671.999839</timestamp>
			</report>
			<report>
				<misses>4900000</misses>
				<total>43</total>
				<timestamp>685.999960</timestamp>
			</report>
			<report>
				<misses>5000000</misses>
				<total>43</total>
				<timestamp>699.999949</timestamp>
			</report>
			<report>
				<misses>5100000</misses>
				<total>43</total>
				<timestamp>714.000017</timestamp>
			</report>
			<report>
				<misses>5200000</misses>
				<total>43</total>
				<timestamp>727.999968</timestamp>
			</report>
			<report>
				<misses>5300000</misses>
				<total>44</total>
				<timestamp>741.999824</timestamp>
			</report>
			<report>
				<misses>5400000</misses>
				<total>46</total>
				<timestamp>755.999823</timestamp>
			</report>
			<report>
				<misses>5500000</misses>
				<total>47</total>
				<timestamp>769.999686</timestamp>
			</report>
			<report>
				<misses>5600000</misses>
				<total>47</total>
				<timestamp>783.999592</timestamp>
			</report>
			<report>
				<misses>5700000</misses>
				<total>47</total>
				<timestamp>797.999392</timestamp>
			</report>
			<report>
				<misses>5800000</misses>
				<total>47</total>
				<timestamp>811.999319</timestamp>
			</report>
			<report>
				<misses>5900000</misses>
				<total>49</total>
				<timestamp>825.999256</timestamp>
			</report>
			<report>
				<misses>6000000</misses>
				<total>50</total>
				<timestamp>839.999153</timestamp>
			</report>
			<report>
				<misses>6100000</misses>
				<total>51</total>
				<timestamp>853.998977</timestamp>
			</report>
		</query>
	</custom>
	<ethtool_statistic>
		<rx_packets>
			<start>2888546000</start>
			<end>2928531871</end>
		</rx_packets>
		<tx_packets>
			<start>3216358701</start>
			<end>3246456202</end>
		</tx_packets>
		<rx_dropped>
			<start>0</start>
			<end>0</end>
		</rx_dropped>
		<tx_dropped>
			<start>0</start>
			<end>0</end>
		</tx_dropped>
		<collisions>
			<start>0</start>
			<end>0</end>
		</collisions>
		<port_tx_errors>
			<start>0</start>
			<end>0</end>
		</port_tx_errors>
		<port_rx_dropped>
			<start>0</start>
			<end>0</end>
		</port_rx_dropped>
		<port_tx_dropped_link_down>
			<start>0</start>
			<end>0</end>
		</port_tx_dropped_link_down>
	</ethtool_statistic>
	<ip_statistic>
		<mtu>
			<start>9000</start>
			<end>9000</end>
		</mtu>
		<rx_bytes>
			<start>25967064189184</start>
			<end>26326532760141</end>
		</rx_bytes>
		<rx_packets>
			<start>2888546116</start>
			<end>2928531993</end>
		</rx_packets>
		<rx_errors>
			<start>0</start>
			<end>0</end>
		</rx_errors>
		<rx_dropped>
			<start>0</start>
			<end>0</end>
		</rx_dropped>
		<rx_missed>
			<start>0</start>
			<end>0</end>
		</rx_missed>
		<rx_mcast>
			<start>573</start>
			<end>583</end>
		</rx_mcast>
		<tx_bytes>
			<start>17032834887286</start>
			<end>17303115148570</end>
		</tx_bytes>
		<tx_packets>
			<start>3216358757</start>
			<end>3246456271</end>
		</tx_packets>
		<tx_errors>
			<start>0</start>
			<end>0</end>
		</tx_errors>
		<tx_dropped>
			<start>0</start>
			<end>0</end>
		</tx_dropped>
		<tx_carrier>
			<start>0</start>
			<end>0</end>
		</tx_carrier>
		<tx_collisions>
			<start>0</start>
			<end>0</end>
		</tx_collisions>
	</ip_statistic>
	<netstat_statistic>
		<udp_pkg_rec>
			<start>2723599266</start>
			<end>2762015102</end>
		</udp_pkg_rec>
		<udp_pkg_snt>
			<start>3216623806</start>
			<end>3246727915</end>
		</udp_pkg_snt>
		<udp_rec_err>
			<start>165199733</start>
			<end>166774134</end>
		</udp_rec_err>
		<udp_rec_buf_err>
			<start>165199733</start>
			<end>166774134</end>
		</udp_rec_buf_err>
		<udp_snt_buf_err>
			<start>0</start>
			<end>0</end>
		</udp_snt_buf_err>
	</netstat_statistic>
</test_results>
