<?xml version="1.0"?>
<test_results>
	<status>STATUS_SUCCESS</status>
	<custom>
		<num_loss>3297505</num_loss>
		<num_total>3436000</num_total>
		<num_misses>6419</num_misses>
		<elapsed_time>310.508559</elapsed_time>
		<query>
			<report>
				<misses>1001</misses>
				<total>1000</total>
				<timestamp>0.090103</timestamp>
			</report>
			<report>
				<misses>2001</misses>
				<total>1999</total>
				<timestamp>0.180144</timestamp>
			</report>
			<report>
				<misses>3001</misses>
				<total>2998</total>
				<timestamp>0.270068</timestamp>
			</report>
			<report>
				<misses>4001</misses>
				<total>3997</total>
				<timestamp>0.360456</timestamp>
			</report>
			<report>
				<misses>5001</misses>
				<total>4996</total>
				<timestamp>0.450510</timestamp>
			</report>
			<report>
				<misses>6001</misses>
				<total>5995</total>
				<timestamp>0.540459</timestamp>
			</report>
			<report>
				<misses>7001</misses>
				<total>6994</total>
				<timestamp>0.630795</timestamp>
			</report>
			<report>
				<misses>8001</misses>
				<total>7993</total>
				<timestamp>0.720723</timestamp>
			</report>
			<report>
				<misses>9001</misses>
				<total>8992</total>
				<timestamp>0.810722</timestamp>
			</report>
			<report>
				<misses>10001</misses>
				<total>9991</total>
				<timestamp>0.902422</timestamp>
			</report>
			<report>
				<misses>11001</misses>
				<total>10990</total>
				<timestamp>0.992443</timestamp>
			</report>
			<report>
				<misses>12001</misses>
				<total>11989</total>
				<timestamp>1.082478</timestamp>
			</report>
			<report>
				<misses>13001</misses>
				<total>12988</total>
				<timestamp>1.172486</timestamp>
			</report>
			<report>
				<misses>14001</misses>
				<total>13987</total>
				<timestamp>1.262506</timestamp>
			</report>
			<report>
				<misses>15001</misses>
				<total>14986</total>
				<timestamp>1.352507</timestamp>
			</report>
			<report>
				<misses>16001</misses>
				<total>15985</total>
				<timestamp>1.442492</timestamp>
			</report>
			<report>
				<misses>17001</misses>
				<total>16984</total>
				<timestamp>1.532437</timestamp>
			</report>
			<report>
				<misses>18001</misses>
				<total>17983</total>
				<timestamp>1.622410</timestamp>
			</report>
			<report>
				<misses>19001</misses>
				<total>18982</total>
				<timestamp>1.712388</timestamp>
			</report>
			<report>
				<misses>20001</misses>
				<total>19981</total>
				<timestamp>1.802420</timestamp>
			</report>
			<report>
				<misses>21001</misses>
				<total>20980</total>
				<timestamp>1.892446</timestamp>
			</report>
			<report>
				<misses>22001</misses>
				<total>21979</total>
				<timestamp>1.982466</timestamp>
			</report>
			<report>
				<misses>23001</misses>
				<total>22978</total>
				<timestamp>2.072484</timestamp>
			</report>
			<report>
				<misses>24001</misses>
				<total>23977</total>
				<timestamp>2.162420</timestamp>
			</report>
			<report>
				<misses>25001</misses>
				<total>24976</total>
				<timestamp>2.252380</timestamp>
			</report>
			<report>
				<misses>26001</misses>
				<total>25975</total>
				<timestamp>2.342412</timestamp>
			</report>
			<report>
				<misses>27001</misses>
				<total>26974</total>
				<timestamp>2.432483</timestamp>
			</report>
			<report>
				<misses>28001</misses>
				<total>27973</total>
				<timestamp>2.522461</timestamp>
			</report>
			<report>
				<misses>29001</misses>
				<total>28972</total>
				<timestamp>2.612437</timestamp>
			</report>
			<report>
				<misses>30001</misses>
				<total>29971</total>
				<timestamp>2.702733</timestamp>
			</report>
			<report>
				<misses>31001</misses>
				<total>30970</total>
				<timestamp>2.792678</timestamp>
			</report>
			<report>
				<misses>32001</misses>
				<total>31969</total>
				<timestamp>2.882646</timestamp>
			</report>
			<report>
				<misses>33001</misses>
				<total>32968</total>
				<timestamp>2.972643</timestamp>
			</report>
			<report>
				<misses>34001</misses>
				<total>33967</total>
				<timestamp>3.062608</timestamp>
			</report>
			<report>
				<misses>35001</misses>
				<total>34966</total>
				<timestamp>3.152689</timestamp>
			</report>
			<report>
				<misses>36001</misses>
				<total>35965</total>
				<timestamp>3.242705</timestamp>
			</report>
			<report>
				<misses>37001</misses>
				<total>36964</total>
				<timestamp>3.332783</timestamp>
			</report>
			<report>
				<misses>38001</misses>
				<total>37963</total>
				<timestamp>3.422797</timestamp>
			</report>
			<report>
				<misses>39001</misses>
				<total>38962</total>
				<timestamp>3.512811</timestamp>
			</report>
			<report>
				<misses>40001</misses>
				<total>39961</total>
				<timestamp>3.602782</timestamp>
			</report>
			<report>
				<misses>41001</misses>
				<total>40960</total>
				<timestamp>3.692695</timestamp>
			</report>
			<report>
				<misses>42001</misses>
				<total>41959</total>
				<timestamp>3.782712</timestamp>
			</report>
			<report>
				<misses>43001</misses>
				<total>42958</total>
				<timestamp>3.872722</timestamp>
			</report>
			<report>
				<misses>44001</misses>
				<total>43957</total>
				<timestamp>3.962798</timestamp>
			</report>
			<report>
				<misses>45001</misses>
				<total>44956</total>
				<timestamp>4.052788</timestamp>
			</report>
			<report>
				<misses>46001</misses>
				<total>45955</total>
				<timestamp>4.142804</timestamp>
			</report>
			<report>
				<misses>47001</misses>
				<total>46954</total>
				<timestamp>4.232853</timestamp>
			</report>
			<report>
				<misses>48001</misses>
				<total>47953</total>
				<timestamp>4.322835</timestamp>
			</report>
			<report>
				<misses>49001</misses>
				<total>48952</total>
				<timestamp>4.412830</timestamp>
			</report>
			<report>
				<misses>50001</misses>
				<total>49951</total>
				<timestamp>4.502821</timestamp>
			</report>
			<report>
				<misses>51001</misses>
				<total>50950</total>
				<timestamp>4.593048</timestamp>
			</report>
			<report>
				<misses>52001</misses>
				<total>51949</total>
				<timestamp>4.683109</timestamp>
			</report>
			<report>
				<misses>53001</misses>
				<total>52948</total>
				<timestamp>4.773073</timestamp>
			</report>
			<report>
				<misses>54001</misses>
				<total>53947</total>
				<timestamp>4.863075</timestamp>
			</report>
			<report>
				<misses>55001</misses>
				<total>54946</total>
				<timestamp>4.953239</timestamp>
			</report>
			<report>
				<misses>56001</misses>
				<total>55945</total>
				<timestamp>5.043295</timestamp>
			</report>
			<report>
				<misses>57001</misses>
				<total>56944</total>
				<timestamp>5.133263</timestamp>
			</report>
			<report>
				<misses>58001</misses>
				<total>57943</total>
				<timestamp>5.223375</timestamp>
			</report>
			<report>
				<misses>59001</misses>
				<total>58942</total>
				<timestamp>5.313400</timestamp>
			</report>
			<report>
				<misses>60001</misses>
				<total>59941</total>
				<timestamp>5.403475</timestamp>
			</report>
			<report>
				<misses>61001</misses>
				<total>60940</total>
				<timestamp>5.493473</timestamp>
			</report>
			<report>
				<misses>62001</misses>
				<total>61939</total>
				<timestamp>5.583443</timestamp>
			</report>
			<report>
				<misses>63001</misses>
				<total>62938</total>
				<timestamp>5.673530</timestamp>
			</report>
			<report>
				<misses>64001</misses>
				<total>63937</total>
				<timestamp>5.763599</timestamp>
			</report>
			<report>
				<misses>65001</misses>
				<total>64936</total>
				<timestamp>5.853646</timestamp>
			</report>
			<report>
				<misses>66001</misses>
				<total>65935</total>
				<timestamp>5.943673</timestamp>
			</report>
			<report>
				<misses>67001</misses>
				<total>66934</total>
				<timestamp>6.033590</timestamp>
			</report>
			<report>
				<misses>68001</misses>
				<total>67933</total>
				<timestamp>6.123517</timestamp>
			</report>
			<report>
				<misses>69001</misses>
				<total>68932</total>
				<timestamp>6.213587</timestamp>
			</report>
			<report>
				<misses>70001</misses>
				<total>69931</total>
				<timestamp>6.303579</timestamp>
			</report>
			<report>
				<misses>71001</misses>
				<total>70930</total>
				<timestamp>6.393550</timestamp>
			</report>
			<report>
				<misses>72001</misses>
				<total>71929</total>
				<timestamp>6.483596</timestamp>
			</report>
			<report>
				<misses>73001</misses>
				<total>72928</total>
				<timestamp>6.573649</timestamp>
			</report>
			<report>
				<misses>74001</misses>
				<total>73927</total>
				<timestamp>6.663645</timestamp>
			</report>
			<report>
				<misses>75001</misses>
				<total>74926</total>
				<timestamp>6.753730</timestamp>
			</report>
			<report>
				<misses>76001</misses>
				<total>75925</total>
				<timestamp>6.843742</timestamp>
			</report>
			<report>
				<misses>77001</misses>
				<total>76924</total>
				<timestamp>6.933689</timestamp>
			</report>
			<report>
				<misses>78001</misses>
				<total>77923</total>
				<timestamp>7.023673</timestamp>
			</report>
			<report>
				<misses>79001</misses>
				<total>78922</total>
				<timestamp>7.113623</timestamp>
			</report>
			<report>
				<misses>80001</misses>
				<total>79921</total>
				<timestamp>7.203637</timestamp>
			</report>
			<report>
				<misses>81001</misses>
				<total>80920</total>
				<timestamp>7.293709</timestamp>
			</report>
			<report>
				<misses>82001</misses>
				<total>81919</total>
				<timestamp>7.383760</timestamp>
			</report>
			<report>
				<misses>83001</misses>
				<total>82918</total>
				<timestamp>7.473795</timestamp>
			</report>
			<report>
				<misses>84001</misses>
				<total>83306</total>
				<timestamp>7.563821</timestamp>
			</report>
			<report>
				<misses>85001</misses>
				<total>83824</total>
				<timestamp>7.653783</timestamp>
			</report>
			<report>
				<misses>86001</misses>
				<total>84823</total>
				<timestamp>7.743768</timestamp>
			</report>
			<report>
				<misses>87001</misses>
				<total>85822</total>
				<timestamp>7.833713</timestamp>
			</report>
			<report>
				<misses>88001</misses>
				<total>86821</total>
				<timestamp>7.923694</timestamp>
			</report>
			<report>
				<misses>89001</misses>
				<total>87820</total>
				<timestamp>8.013678</timestamp>
			</report>
			<report>
				<misses>90001</misses>
				<total>88819</total>
				<timestamp>8.103584</timestamp>
			</report>
			<report>
				<misses>91001</misses>
				<total>89818</total>
				<timestamp>8.193503</timestamp>
			</report>
			<report>
				<misses>92001</misses>
				<total>90817</total>
				<timestamp>8.286444</timestamp>
			</report>
			<report>
				<misses>93001</misses>
				<total>91816</total>
				<timestamp>8.376491</timestamp>
			</report>
			<report>
				<misses>94001</misses>
				<total>92815</total>
				<timestamp>8.466535</timestamp>
			</report>
			<report>
				<misses>95001</misses>
				<total>93547</total>
				<timestamp>8.556755</timestamp>
			</report>
			<report>
				<misses>96001</misses>
				<total>93546</total>
				<timestamp>8.646783</timestamp>
			</report>
			<report>
				<misses>97001</misses>
				<total>93547</total>
				<timestamp>8.736738</timestamp>
			</report>
			<report>
				<misses>98001</misses>
				<total>94483</total>
				<timestamp>8.826680</timestamp>
			</report>
			<report>
				<misses>99001</misses>
				<total>95482</total>
				<timestamp>8.916650</timestamp>
			</report>
			<report>
				<misses>100001</misses>
				<total>96481</total>
				<timestamp>9.006599</timestamp>
			</report>
			<report>
				<misses>101001</misses>
				<total>96903</total>
				<timestamp>9.096564</timestamp>
			</report>
			<report>
				<misses>102001</misses>
				<total>96903</total>
				<timestamp>9.186612</timestamp>
			</report>
			<report>
				<misses>103001</misses>
				<total>96905</total>
				<timestamp>9.276590</timestamp>
			</report>
			<report>
				<misses>104001</misses>
				<total>96907</total>
				<timestamp>9.366559</timestamp>
			</report>
			<report>
				<misses>105001</misses>
				<total>96908</total>
				<timestamp>9.456474</timestamp>
			</report>
			<report>
				<misses>106001</misses>
				<total>96909</total>
				<timestamp>9.546398</timestamp>
			</report>
			<report>
				<misses>107001</misses>
				<total>96909</total>
				<timestamp>9.636397</timestamp>
			</report>
			<report>
				<misses>108001</misses>
				<total>96909</total>
				<timestamp>9.726420</timestamp>
			</report>
			<report>
				<misses>109001</misses>
				<total>97259</total>
				<timestamp>9.816416</timestamp>
			</report>
			<report>
				<misses>110001</misses>
				<total>98258</total>
				<timestamp>9.906429</timestamp>
			</report>
			<report>
				<misses>111001</misses>
				<total>99257</total>
				<timestamp>9.996491</timestamp>
			</report>
			<report>
				<misses>112001</misses>
				<total>100256</total>
				<timestamp>10.086514</timestamp>
			</report>
			<report>
				<misses>113001</misses>
				<total>101255</total>
				<timestamp>10.176543</timestamp>
			</report>
			<report>
				<misses>114001</misses>
				<total>102254</total>
				<timestamp>10.266526</timestamp>
			</report>
			<report>
				<misses>115001</misses>
				<total>103253</total>
				<timestamp>10.356553</timestamp>
			</report>
			<report>
				<misses>116001</misses>
				<total>104252</total>
				<timestamp>10.446662</timestamp>
			</report>
			<report>
				<misses>117001</misses>
				<total>105251</total>
				<timestamp>10.536663</timestamp>
			</report>
			<report>
				<misses>118001</misses>
				<total>106250</total>
				<timestamp>10.626686</timestamp>
			</report>
			<report>
				<misses>119001</misses>
				<total>107249</total>
				<timestamp>10.716767</timestamp>
			</report>
			<report>
				<misses>120001</misses>
				<total>108248</total>
				<timestamp>10.806906</timestamp>
			</report>
			<report>
				<misses>121001</misses>
				<total>109247</total>
				<timestamp>10.896862</timestamp>
			</report>
			<report>
				<misses>122001</misses>
				<total>110246</total>
				<timestamp>10.986832</timestamp>
			</report>
			<report>
				<misses>123001</misses>
				<total>111245</total>
				<timestamp>11.076752</timestamp>
			</report>
			<report>
				<misses>124001</misses>
				<total>112244</total>
				<timestamp>11.166798</timestamp>
			</report>
			<report>
				<misses>125001</misses>
				<total>113243</total>
				<timestamp>11.256773</timestamp>
			</report>
			<report>
				<misses>126001</misses>
				<total>114242</total>
				<timestamp>11.346776</timestamp>
			</report>
			<report>
				<misses>127001</misses>
				<total>115241</total>
				<timestamp>11.436776</timestamp>
			</report>
			<report>
				<misses>128001</misses>
				<total>116240</total>
				<timestamp>11.526752</timestamp>
			</report>
			<report>
				<misses>129001</misses>
				<total>117239</total>
				<timestamp>11.616764</timestamp>
			</report>
			<report>
				<misses>130001</misses>
				<total>118238</total>
				<timestamp>11.706782</timestamp>
			</report>
			<report>
				<misses>131001</misses>
				<total>119237</total>
				<timestamp>11.796739</timestamp>
			</report>
			<report>
				<misses>132001</misses>
				<total>120236</total>
				<timestamp>11.886677</timestamp>
			</report>
			<report>
				<misses>133001</misses>
				<total>121235</total>
				<timestamp>11.976765</timestamp>
			</report>
			<report>
				<misses>134001</misses>
				<total>122234</total>
				<timestamp>12.066800</timestamp>
			</report>
			<report>
				<misses>135001</misses>
				<total>123233</total>
				<timestamp>12.156776</timestamp>
			</report>
			<report>
				<misses>136001</misses>
				<total>124232</total>
				<timestamp>12.246736</timestamp>
			</report>
			<report>
				<misses>137001</misses>
				<total>125231</total>
				<timestamp>12.336666</timestamp>
			</report>
			<report>
				<misses>138001</misses>
				<total>126230</total>
				<timestamp>12.426655</timestamp>
			</report>
			<report>
				<misses>139001</misses>
				<total>127229</total>
				<timestamp>12.516677</timestamp>
			</report>
			<report>
				<misses>140001</misses>
				<total>128228</total>
				<timestamp>12.606723</timestamp>
			</report>
			<report>
				<misses>141001</misses>
				<total>129227</total>
				<timestamp>12.696636</timestamp>
			</report>
			<report>
				<misses>142001</misses>
				<total>130226</total>
				<timestamp>12.786549</timestamp>
			</report>
			<report>
				<misses>143001</misses>
				<total>131225</total>
				<timestamp>12.876555</timestamp>
			</report>
			<report>
				<misses>144001</misses>
				<total>132224</total>
				<timestamp>12.966502</timestamp>
			</report>
			<report>
				<misses>145001</misses>
				<total>133223</total>
				<timestamp>13.056469</timestamp>
			</report>
			<report>
				<misses>146001</misses>
				<total>134222</total>
				<timestamp>13.146460</timestamp>
			</report>
			<report>
				<misses>147001</misses>
				<total>135221</total>
				<timestamp>13.236406</timestamp>
			</report>
			<report>
				<misses>148001</misses>
				<total>136220</total>
				<timestamp>13.326514</timestamp>
			</report>
			<report>
				<misses>149001</misses>
				<total>137219</total>
				<timestamp>13.416544</timestamp>
			</report>
			<report>
				<misses>150001</misses>
				<total>138218</total>
				<timestamp>13.506487</timestamp>
			</report>
			<report>
				<misses>151001</misses>
				<total>139217</total>
				<timestamp>13.596491</timestamp>
			</report>
			<report>
				<misses>152001</misses>
				<total>140216</total>
				<timestamp>13.686610</timestamp>
			</report>
			<report>
				<misses>153001</misses>
				<total>141215</total>
				<timestamp>13.776657</timestamp>
			</report>
			<report>
				<misses>154001</misses>
				<total>142214</total>
				<timestamp>13.866673</timestamp>
			</report>
			<report>
				<misses>155001</misses>
				<total>143213</total>
				<timestamp>13.956922</timestamp>
			</report>
			<report>
				<misses>156001</misses>
				<total>144212</total>
				<timestamp>14.046884</timestamp>
			</report>
			<report>
				<misses>157001</misses>
				<total>145211</total>
				<timestamp>14.136907</timestamp>
			</report>
			<report>
				<misses>158001</misses>
				<total>146210</total>
				<timestamp>14.226855</timestamp>
			</report>
			<report>
				<misses>159001</misses>
				<total>147209</total>
				<timestamp>14.316844</timestamp>
			</report>
			<report>
				<misses>160001</misses>
				<total>148208</total>
				<timestamp>14.406911</timestamp>
			</report>
			<report>
				<misses>161001</misses>
				<total>149207</total>
				<timestamp>14.496841</timestamp>
			</report>
			<report>
				<misses>162001</misses>
				<total>150206</total>
				<timestamp>14.586884</timestamp>
			</report>
			<report>
				<misses>163001</misses>
				<total>151205</total>
				<timestamp>14.676830</timestamp>
			</report>
			<report>
				<misses>164001</misses>
				<total>152204</total>
				<timestamp>14.766787</timestamp>
			</report>
			<report>
				<misses>165001</misses>
				<total>153203</total>
				<timestamp>14.856741</timestamp>
			</report>
			<report>
				<misses>166001</misses>
				<total>154202</total>
				<timestamp>14.946746</timestamp>
			</report>
			<report>
				<misses>167001</misses>
				<total>155201</total>
				<timestamp>15.036793</timestamp>
			</report>
			<report>
				<misses>168001</misses>
				<total>156200</total>
				<timestamp>15.126729</timestamp>
			</report>
			<report>
				<misses>169001</misses>
				<total>157199</total>
				<timestamp>15.216658</timestamp>
			</report>
			<report>
				<misses>170001</misses>
				<total>158198</total>
				<timestamp>15.306645</timestamp>
			</report>
			<report>
				<misses>171001</misses>
				<total>159197</total>
				<timestamp>15.396611</timestamp>
			</report>
			<report>
				<misses>172001</misses>
				<total>160196</total>
				<timestamp>15.486551</timestamp>
			</report>
			<report>
				<misses>173001</misses>
				<total>161195</total>
				<timestamp>15.576518</timestamp>
			</report>
			<report>
				<misses>174001</misses>
				<total>162194</total>
				<timestamp>15.666469</timestamp>
			</report>
			<report>
				<misses>175001</misses>
				<total>163193</total>
				<timestamp>15.756453</timestamp>
			</report>
			<report>
				<misses>176001</misses>
				<total>164192</total>
				<timestamp>15.846518</timestamp>
			</report>
			<report>
				<misses>177001</misses>
				<total>165191</total>
				<timestamp>15.936544</timestamp>
			</report>
			<report>
				<misses>178001</misses>
				<total>166190</total>
				<timestamp>16.026517</timestamp>
			</report>
			<report>
				<misses>179001</misses>
				<total>167189</total>
				<timestamp>16.116509</timestamp>
			</report>
			<report>
				<misses>180001</misses>
				<total>168188</total>
				<timestamp>16.206471</timestamp>
			</report>
			<report>
				<misses>181001</misses>
				<total>169187</total>
				<timestamp>16.296441</timestamp>
			</report>
			<report>
				<misses>182001</misses>
				<total>170186</total>
				<timestamp>16.386459</timestamp>
			</report>
			<report>
				<misses>183001</misses>
				<total>171185</total>
				<timestamp>16.480061</timestamp>
			</report>
			<report>
				<misses>184001</misses>
				<total>172184</total>
				<timestamp>16.570175</timestamp>
			</report>
			<report>
				<misses>185001</misses>
				<total>173183</total>
				<timestamp>16.660205</timestamp>
			</report>
			<report>
				<misses>186001</misses>
				<total>174182</total>
				<timestamp>16.750222</timestamp>
			</report>
			<report>
				<misses>187001</misses>
				<total>175181</total>
				<timestamp>16.840203</timestamp>
			</report>
			<report>
				<misses>188001</misses>
				<total>176180</total>
				<timestamp>16.930159</timestamp>
			</report>
			<report>
				<misses>189001</misses>
				<total>177179</total>
				<timestamp>17.020127</timestamp>
			</report>
			<report>
				<misses>190001</misses>
				<total>178178</total>
				<timestamp>17.110160</timestamp>
			</report>
			<report>
				<misses>191001</misses>
				<total>179177</total>
				<timestamp>17.200148</timestamp>
			</report>
			<report>
				<misses>192001</misses>
				<total>180176</total>
				<timestamp>17.290174</timestamp>
			</report>
			<report>
				<misses>193001</misses>
				<total>181175</total>
				<timestamp>17.380180</timestamp>
			</report>
			<report>
				<misses>194001</misses>
				<total>182174</total>
				<timestamp>17.470280</timestamp>
			</report>
			<report>
				<misses>195001</misses>
				<total>183173</total>
				<timestamp>17.560272</timestamp>
			</report>
			<report>
				<misses>196001</misses>
				<total>184172</total>
				<timestamp>17.650322</timestamp>
			</report>
			<report>
				<misses>197001</misses>
				<total>185171</total>
				<timestamp>17.740273</timestamp>
			</report>
			<report>
				<misses>198001</misses>
				<total>186170</total>
				<timestamp>17.831188</timestamp>
			</report>
			<report>
				<misses>199001</misses>
				<total>187169</total>
				<timestamp>17.921205</timestamp>
			</report>
			<report>
				<misses>200001</misses>
				<total>188168</total>
				<timestamp>18.011192</timestamp>
			</report>
			<report>
				<misses>201001</misses>
				<total>189167</total>
				<timestamp>18.101195</timestamp>
			</report>
			<report>
				<misses>202001</misses>
				<total>190166</total>
				<timestamp>18.191204</timestamp>
			</report>
			<report>
				<misses>203001</misses>
				<total>191165</total>
				<timestamp>18.281187</timestamp>
			</report>
			<report>
				<misses>204001</misses>
				<total>192164</total>
				<timestamp>18.371190</timestamp>
			</report>
			<report>
				<misses>205001</misses>
				<total>193163</total>
				<timestamp>18.461287</timestamp>
			</report>
			<report>
				<misses>206001</misses>
				<total>194162</total>
				<timestamp>18.551328</timestamp>
			</report>
			<report>
				<misses>207001</misses>
				<total>195161</total>
				<timestamp>18.641281</timestamp>
			</report>
			<report>
				<misses>208001</misses>
				<total>196160</total>
				<timestamp>18.731886</timestamp>
			</report>
			<report>
				<misses>209001</misses>
				<total>197159</total>
				<timestamp>18.821875</timestamp>
			</report>
			<report>
				<misses>210001</misses>
				<total>198158</total>
				<timestamp>18.911969</timestamp>
			</report>
			<report>
				<misses>211001</misses>
				<total>199157</total>
				<timestamp>19.001969</timestamp>
			</report>
			<report>
				<misses>212001</misses>
				<total>200156</total>
				<timestamp>19.092023</timestamp>
			</report>
			<report>
				<misses>213001</misses>
				<total>201155</total>
				<timestamp>19.181960</timestamp>
			</report>
			<report>
				<misses>214001</misses>
				<total>202154</total>
				<timestamp>19.271887</timestamp>
			</report>
			<report>
				<misses>215001</misses>
				<total>203153</total>
				<timestamp>19.362099</timestamp>
			</report>
			<report>
				<misses>216001</misses>
				<total>204152</total>
				<timestamp>19.452211</timestamp>
			</report>
			<report>
				<misses>217001</misses>
				<total>205151</total>
				<timestamp>19.542179</timestamp>
			</report>
			<report>
				<misses>218001</misses>
				<total>206150</total>
				<timestamp>19.632182</timestamp>
			</report>
			<report>
				<misses>219001</misses>
				<total>207149</total>
				<timestamp>19.722176</timestamp>
			</report>
			<report>
				<misses>220001</misses>
				<total>208148</total>
				<timestamp>19.812153</timestamp>
			</report>
			<report>
				<misses>221001</misses>
				<total>209147</total>
				<timestamp>19.902266</timestamp>
			</report>
			<report>
				<misses>222001</misses>
				<total>210146</total>
				<timestamp>19.992338</timestamp>
			</report>
			<report>
				<misses>223001</misses>
				<total>211145</total>
				<timestamp>20.082360</timestamp>
			</report>
			<report>
				<misses>224001</misses>
				<total>212144</total>
				<timestamp>20.172422</timestamp>
			</report>
			<report>
				<misses>225001</misses>
				<total>213143</total>
				<timestamp>20.262481</timestamp>
			</report>
			<report>
				<misses>226001</misses>
				<total>214142</total>
				<timestamp>20.352454</timestamp>
			</report>
			<report>
				<misses>227001</misses>
				<total>215141</total>
				<timestamp>20.442428</timestamp>
			</report>
			<report>
				<misses>228001</misses>
				<total>216140</total>
				<timestamp>20.532514</timestamp>
			</report>
			<report>
				<misses>229001</misses>
				<total>217139</total>
				<timestamp>20.622546</timestamp>
			</report>
			<report>
				<misses>230001</misses>
				<total>218138</total>
				<timestamp>20.712497</timestamp>
			</report>
			<report>
				<misses>231001</misses>
				<total>219137</total>
				<timestamp>20.802433</timestamp>
			</report>
			<report>
				<misses>232001</misses>
				<total>220136</total>
				<timestamp>20.892466</timestamp>
			</report>
			<report>
				<misses>233001</misses>
				<total>221135</total>
				<timestamp>20.982459</timestamp>
			</report>
			<report>
				<misses>234001</misses>
				<total>222134</total>
				<timestamp>21.072400</timestamp>
			</report>
			<report>
				<misses>235001</misses>
				<total>223133</total>
				<timestamp>21.162367</timestamp>
			</report>
			<report>
				<misses>236001</misses>
				<total>224132</total>
				<timestamp>21.252443</timestamp>
			</report>
			<report>
				<misses>237001</misses>
				<total>225131</total>
				<timestamp>21.342483</timestamp>
			</report>
			<report>
				<misses>238001</misses>
				<total>226130</total>
				<timestamp>21.432425</timestamp>
			</report>
			<report>
				<misses>239001</misses>
				<total>227129</total>
				<timestamp>21.522413</timestamp>
			</report>
			<report>
				<misses>240001</misses>
				<total>228128</total>
				<timestamp>21.612390</timestamp>
			</report>
			<report>
				<misses>241001</misses>
				<total>229127</total>
				<timestamp>21.702383</timestamp>
			</report>
			<report>
				<misses>242001</misses>
				<total>230126</total>
				<timestamp>21.792363</timestamp>
			</report>
			<report>
				<misses>243001</misses>
				<total>231125</total>
				<timestamp>21.882387</timestamp>
			</report>
			<report>
				<misses>244001</misses>
				<total>232124</total>
				<timestamp>21.973765</timestamp>
			</report>
			<report>
				<misses>245001</misses>
				<total>233123</total>
				<timestamp>22.063757</timestamp>
			</report>
			<report>
				<misses>246001</misses>
				<total>234122</total>
				<timestamp>22.153685</timestamp>
			</report>
			<report>
				<misses>247001</misses>
				<total>235121</total>
				<timestamp>22.243669</timestamp>
			</report>
			<report>
				<misses>248001</misses>
				<total>236120</total>
				<timestamp>22.333568</timestamp>
			</report>
			<report>
				<misses>249001</misses>
				<total>237119</total>
				<timestamp>22.423520</timestamp>
			</report>
			<report>
				<misses>250001</misses>
				<total>238118</total>
				<timestamp>22.521437</timestamp>
			</report>
			<report>
				<misses>251001</misses>
				<total>239117</total>
				<timestamp>22.611433</timestamp>
			</report>
			<report>
				<misses>252001</misses>
				<total>240116</total>
				<timestamp>22.701428</timestamp>
			</report>
			<report>
				<misses>253001</misses>
				<total>241115</total>
				<timestamp>22.791466</timestamp>
			</report>
			<report>
				<misses>254001</misses>
				<total>242114</total>
				<timestamp>22.881483</timestamp>
			</report>
			<report>
				<misses>255001</misses>
				<total>243113</total>
				<timestamp>22.971487</timestamp>
			</report>
			<report>
				<misses>256001</misses>
				<total>244112</total>
				<timestamp>23.061434</timestamp>
			</report>
			<report>
				<misses>257001</misses>
				<total>245111</total>
				<timestamp>23.151464</timestamp>
			</report>
			<report>
				<misses>258001</misses>
				<total>246110</total>
				<timestamp>23.241512</timestamp>
			</report>
			<report>
				<misses>259001</misses>
				<total>247109</total>
				<timestamp>23.331541</timestamp>
			</report>
			<report>
				<misses>260001</misses>
				<total>248108</total>
				<timestamp>23.421558</timestamp>
			</report>
			<report>
				<misses>261001</misses>
				<total>249107</total>
				<timestamp>23.511556</timestamp>
			</report>
			<report>
				<misses>262001</misses>
				<total>250106</total>
				<timestamp>23.601550</timestamp>
			</report>
			<report>
				<misses>263001</misses>
				<total>251105</total>
				<timestamp>23.691505</timestamp>
			</report>
			<report>
				<misses>264001</misses>
				<total>252104</total>
				<timestamp>23.781523</timestamp>
			</report>
			<report>
				<misses>265001</misses>
				<total>253103</total>
				<timestamp>23.871503</timestamp>
			</report>
			<report>
				<misses>266001</misses>
				<total>254102</total>
				<timestamp>23.961602</timestamp>
			</report>
			<report>
				<misses>267001</misses>
				<total>255101</total>
				<timestamp>24.051597</timestamp>
			</report>
			<report>
				<misses>268001</misses>
				<total>256100</total>
				<timestamp>24.141594</timestamp>
			</report>
			<report>
				<misses>269001</misses>
				<total>257099</total>
				<timestamp>24.231604</timestamp>
			</report>
			<report>
				<misses>270001</misses>
				<total>258098</total>
				<timestamp>24.321621</timestamp>
			</report>
			<report>
				<misses>271001</misses>
				<total>259097</total>
				<timestamp>24.411596</timestamp>
			</report>
			<report>
				<misses>272001</misses>
				<total>260096</total>
				<timestamp>24.501590</timestamp>
			</report>
			<report>
				<misses>273001</misses>
				<total>261095</total>
				<timestamp>24.591495</timestamp>
			</report>
			<report>
				<misses>274001</misses>
				<total>262094</total>
				<timestamp>24.681441</timestamp>
			</report>
			<report>
				<misses>275001</misses>
				<total>263093</total>
				<timestamp>24.771474</timestamp>
			</report>
			<report>
				<misses>276001</misses>
				<total>264092</total>
				<timestamp>24.861429</timestamp>
			</report>
			<report>
				<misses>277001</misses>
				<total>265091</total>
				<timestamp>24.951463</timestamp>
			</report>
			<report>
				<misses>278001</misses>
				<total>266090</total>
				<timestamp>25.041515</timestamp>
			</report>
			<report>
				<misses>279001</misses>
				<total>267089</total>
				<timestamp>25.131514</timestamp>
			</report>
			<report>
				<misses>280001</misses>
				<total>268088</total>
				<timestamp>25.221495</timestamp>
			</report>
			<report>
				<misses>281001</misses>
				<total>269087</total>
				<timestamp>25.311411</timestamp>
			</report>
			<report>
				<misses>282001</misses>
				<total>270086</total>
				<timestamp>25.401337</timestamp>
			</report>
			<report>
				<misses>283001</misses>
				<total>271085</total>
				<timestamp>25.491338</timestamp>
			</report>
			<report>
				<misses>284001</misses>
				<total>272084</total>
				<timestamp>25.581371</timestamp>
			</report>
			<report>
				<misses>285001</misses>
				<total>273083</total>
				<timestamp>25.671401</timestamp>
			</report>
			<report>
				<misses>286001</misses>
				<total>274082</total>
				<timestamp>25.761406</timestamp>
			</report>
			<report>
				<misses>287001</misses>
				<total>275081</total>
				<timestamp>25.851430</timestamp>
			</report>
			<report>
				<misses>288001</misses>
				<total>276080</total>
				<timestamp>25.941439</timestamp>
			</report>
			<report>
				<misses>289001</misses>
				<total>277079</total>
				<timestamp>26.031468</timestamp>
			</report>
			<report>
				<misses>290001</misses>
				<total>278078</total>
				<timestamp>26.121411</timestamp>
			</report>
			<report>
				<misses>291001</misses>
				<total>279077</total>
				<timestamp>26.211437</timestamp>
			</report>
			<report>
				<misses>292001</misses>
				<total>280076</total>
				<timestamp>26.301403</timestamp>
			</report>
			<report>
				<misses>293001</misses>
				<total>281075</total>
				<timestamp>26.391401</timestamp>
			</report>
			<report>
				<misses>294001</misses>
				<total>282074</total>
				<timestamp>26.481415</timestamp>
			</report>
			<report>
				<misses>295001</misses>
				<total>283073</total>
				<timestamp>26.571483</timestamp>
			</report>
			<report>
				<misses>296001</misses>
				<total>284072</total>
				<timestamp>26.661472</timestamp>
			</report>
			<report>
				<misses>297001</misses>
				<total>285071</total>
				<timestamp>26.751428</timestamp>
			</report>
			<report>
				<misses>298001</misses>
				<total>286070</total>
				<timestamp>26.841467</timestamp>
			</report>
			<report>
				<misses>299001</misses>
				<total>287069</total>
				<timestamp>26.931407</timestamp>
			</report>
			<report>
				<misses>300001</misses>
				<total>288068</total>
				<timestamp>27.021350</timestamp>
			</report>
			<report>
				<misses>301001</misses>
				<total>289067</total>
				<timestamp>27.111397</timestamp>
			</report>
			<report>
				<misses>302001</misses>
				<total>290066</total>
				<timestamp>27.201396</timestamp>
			</report>
			<report>
				<misses>303001</misses>
				<total>291065</total>
				<timestamp>27.291350</timestamp>
			</report>
			<report>
				<misses>304001</misses>
				<total>292064</total>
				<timestamp>27.381362</timestamp>
			</report>
			<report>
				<misses>305001</misses>
				<total>293063</total>
				<timestamp>27.471440</timestamp>
			</report>
			<report>
				<misses>306001</misses>
				<total>294062</total>
				<timestamp>27.561448</timestamp>
			</report>
			<report>
				<misses>307001</misses>
				<total>295061</total>
				<timestamp>27.651493</timestamp>
			</report>
			<report>
				<misses>308001</misses>
				<total>296060</total>
				<timestamp>27.741538</timestamp>
			</report>
			<report>
				<misses>309001</misses>
				<total>297059</total>
				<timestamp>27.831564</timestamp>
			</report>
			<report>
				<misses>310001</misses>
				<total>298058</total>
				<timestamp>27.921540</timestamp>
			</report>
			<report>
				<misses>311001</misses>
				<total>299057</total>
				<timestamp>28.011509</timestamp>
			</report>
			<report>
				<misses>312001</misses>
				<total>300056</total>
				<timestamp>28.101540</timestamp>
			</report>
			<report>
				<misses>313001</misses>
				<total>301055</total>
				<timestamp>28.191572</timestamp>
			</report>
			<report>
				<misses>314001</misses>
				<total>302054</total>
				<timestamp>28.281522</timestamp>
			</report>
			<report>
				<misses>315001</misses>
				<total>303053</total>
				<timestamp>28.371597</timestamp>
			</report>
			<report>
				<misses>316001</misses>
				<total>304052</total>
				<timestamp>28.461700</timestamp>
			</report>
			<report>
				<misses>317001</misses>
				<total>305051</total>
				<timestamp>28.551687</timestamp>
			</report>
			<report>
				<misses>318001</misses>
				<total>306050</total>
				<timestamp>28.641754</timestamp>
			</report>
			<report>
				<misses>319001</misses>
				<total>307049</total>
				<timestamp>28.731685</timestamp>
			</report>
			<report>
				<misses>320001</misses>
				<total>308048</total>
				<timestamp>28.821688</timestamp>
			</report>
			<report>
				<misses>321001</misses>
				<total>309047</total>
				<timestamp>28.911688</timestamp>
			</report>
			<report>
				<misses>322001</misses>
				<total>310046</total>
				<timestamp>29.001754</timestamp>
			</report>
			<report>
				<misses>323001</misses>
				<total>311045</total>
				<timestamp>29.091725</timestamp>
			</report>
			<report>
				<misses>324001</misses>
				<total>312044</total>
				<timestamp>29.181739</timestamp>
			</report>
			<report>
				<misses>325001</misses>
				<total>313043</total>
				<timestamp>29.271676</timestamp>
			</report>
			<report>
				<misses>326001</misses>
				<total>314042</total>
				<timestamp>29.361587</timestamp>
			</report>
			<report>
				<misses>327001</misses>
				<total>315041</total>
				<timestamp>29.451584</timestamp>
			</report>
			<report>
				<misses>328001</misses>
				<total>316040</total>
				<timestamp>29.541589</timestamp>
			</report>
			<report>
				<misses>329001</misses>
				<total>317039</total>
				<timestamp>29.631496</timestamp>
			</report>
			<report>
				<misses>330001</misses>
				<total>318038</total>
				<timestamp>29.721462</timestamp>
			</report>
			<report>
				<misses>331001</misses>
				<total>319037</total>
				<timestamp>29.811519</timestamp>
			</report>
			<report>
				<misses>332001</misses>
				<total>320036</total>
				<timestamp>29.901518</timestamp>
			</report>
			<report>
				<misses>333001</misses>
				<total>321035</total>
				<timestamp>29.991577</timestamp>
			</report>
			<report>
				<misses>334001</misses>
				<total>322034</total>
				<timestamp>30.081558</timestamp>
			</report>
			<report>
				<misses>335001</misses>
				<total>323033</total>
				<timestamp>30.173827</timestamp>
			</report>
			<report>
				<misses>336001</misses>
				<total>324032</total>
				<timestamp>30.264217</timestamp>
			</report>
			<report>
				<misses>337001</misses>
				<total>325031</total>
				<timestamp>30.354229</timestamp>
			</report>
			<report>
				<misses>338001</misses>
				<total>326030</total>
				<timestamp>30.444351</timestamp>
			</report>
			<report>
				<misses>339001</misses>
				<total>327029</total>
				<timestamp>30.534384</timestamp>
			</report>
			<report>
				<misses>340001</misses>
				<total>328028</total>
				<timestamp>30.624422</timestamp>
			</report>
			<report>
				<misses>341001</misses>
				<total>329027</total>
				<timestamp>30.714490</timestamp>
			</report>
			<report>
				<misses>342001</misses>
				<total>330026</total>
				<timestamp>30.804462</timestamp>
			</report>
			<report>
				<misses>343001</misses>
				<total>331025</total>
				<timestamp>30.894480</timestamp>
			</report>
			<report>
				<misses>344001</misses>
				<total>332024</total>
				<timestamp>30.984567</timestamp>
			</report>
			<report>
				<misses>345001</misses>
				<total>333023</total>
				<timestamp>31.074627</timestamp>
			</report>
			<report>
				<misses>346001</misses>
				<total>334022</total>
				<timestamp>31.164632</timestamp>
			</report>
			<report>
				<misses>347001</misses>
				<total>335021</total>
				<timestamp>31.254570</timestamp>
			</report>
			<report>
				<misses>348001</misses>
				<total>336020</total>
				<timestamp>31.344584</timestamp>
			</report>
			<report>
				<misses>349001</misses>
				<total>337019</total>
				<timestamp>31.434579</timestamp>
			</report>
			<report>
				<misses>350001</misses>
				<total>338018</total>
				<timestamp>31.524640</timestamp>
			</report>
			<report>
				<misses>351001</misses>
				<total>339017</total>
				<timestamp>31.614592</timestamp>
			</report>
			<report>
				<misses>352001</misses>
				<total>340016</total>
				<timestamp>31.704641</timestamp>
			</report>
			<report>
				<misses>353001</misses>
				<total>341015</total>
				<timestamp>31.794553</timestamp>
			</report>
			<report>
				<misses>354001</misses>
				<total>342014</total>
				<timestamp>31.884488</timestamp>
			</report>
			<report>
				<misses>355001</misses>
				<total>343013</total>
				<timestamp>31.974567</timestamp>
			</report>
			<report>
				<misses>356001</misses>
				<total>344012</total>
				<timestamp>32.064560</timestamp>
			</report>
			<report>
				<misses>357001</misses>
				<total>345011</total>
				<timestamp>32.154552</timestamp>
			</report>
			<report>
				<misses>358001</misses>
				<total>346010</total>
				<timestamp>32.244583</timestamp>
			</report>
			<report>
				<misses>359001</misses>
				<total>347009</total>
				<timestamp>32.334557</timestamp>
			</report>
			<report>
				<misses>360001</misses>
				<total>348008</total>
				<timestamp>32.424488</timestamp>
			</report>
			<report>
				<misses>361001</misses>
				<total>349007</total>
				<timestamp>32.514496</timestamp>
			</report>
			<report>
				<misses>362001</misses>
				<total>350006</total>
				<timestamp>32.604478</timestamp>
			</report>
			<report>
				<misses>363001</misses>
				<total>351005</total>
				<timestamp>32.694524</timestamp>
			</report>
			<report>
				<misses>364001</misses>
				<total>352004</total>
				<timestamp>32.784471</timestamp>
			</report>
			<report>
				<misses>365001</misses>
				<total>353003</total>
				<timestamp>32.874427</timestamp>
			</report>
			<report>
				<misses>366001</misses>
				<total>354002</total>
				<timestamp>32.964597</timestamp>
			</report>
			<report>
				<misses>367001</misses>
				<total>355001</total>
				<timestamp>33.054560</timestamp>
			</report>
			<report>
				<misses>368001</misses>
				<total>356000</total>
				<timestamp>33.144574</timestamp>
			</report>
			<report>
				<misses>369001</misses>
				<total>356999</total>
				<timestamp>33.234557</timestamp>
			</report>
			<report>
				<misses>370001</misses>
				<total>357998</total>
				<timestamp>33.324472</timestamp>
			</report>
			<report>
				<misses>371001</misses>
				<total>358997</total>
				<timestamp>33.414558</timestamp>
			</report>
			<report>
				<misses>372001</misses>
				<total>359996</total>
				<timestamp>33.504548</timestamp>
			</report>
			<report>
				<misses>373001</misses>
				<total>360995</total>
				<timestamp>33.594538</timestamp>
			</report>
			<report>
				<misses>374001</misses>
				<total>361994</total>
				<timestamp>33.684476</timestamp>
			</report>
			<report>
				<misses>375001</misses>
				<total>362993</total>
				<timestamp>33.774510</timestamp>
			</report>
			<report>
				<misses>376001</misses>
				<total>363992</total>
				<timestamp>33.864592</timestamp>
			</report>
			<report>
				<misses>377001</misses>
				<total>364991</total>
				<timestamp>33.954557</timestamp>
			</report>
			<report>
				<misses>378001</misses>
				<total>365990</total>
				<timestamp>34.044503</timestamp>
			</report>
			<report>
				<misses>379001</misses>
				<total>366989</total>
				<timestamp>34.134519</timestamp>
			</report>
			<report>
				<misses>380001</misses>
				<total>367988</total>
				<timestamp>34.224471</timestamp>
			</report>
			<report>
				<misses>381001</misses>
				<total>368987</total>
				<timestamp>34.314388</timestamp>
			</report>
			<report>
				<misses>382001</misses>
				<total>369986</total>
				<timestamp>34.404439</timestamp>
			</report>
			<report>
				<misses>383001</misses>
				<total>370985</total>
				<timestamp>34.494429</timestamp>
			</report>
			<report>
				<misses>384001</misses>
				<total>371984</total>
				<timestamp>34.584403</timestamp>
			</report>
			<report>
				<misses>385001</misses>
				<total>372983</total>
				<timestamp>34.674445</timestamp>
			</report>
			<report>
				<misses>386001</misses>
				<total>373982</total>
				<timestamp>34.764394</timestamp>
			</report>
			<report>
				<misses>387001</misses>
				<total>374981</total>
				<timestamp>34.854449</timestamp>
			</report>
			<report>
				<misses>388001</misses>
				<total>375980</total>
				<timestamp>34.944458</timestamp>
			</report>
			<report>
				<misses>389001</misses>
				<total>376979</total>
				<timestamp>35.034392</timestamp>
			</report>
			<report>
				<misses>390001</misses>
				<total>377978</total>
				<timestamp>35.124468</timestamp>
			</report>
			<report>
				<misses>391001</misses>
				<total>378977</total>
				<timestamp>35.214519</timestamp>
			</report>
			<report>
				<misses>392001</misses>
				<total>379976</total>
				<timestamp>35.304506</timestamp>
			</report>
			<report>
				<misses>393001</misses>
				<total>380975</total>
				<timestamp>35.394585</timestamp>
			</report>
			<report>
				<misses>394001</misses>
				<total>381974</total>
				<timestamp>35.484579</timestamp>
			</report>
			<report>
				<misses>395001</misses>
				<total>382973</total>
				<timestamp>35.574645</timestamp>
			</report>
			<report>
				<misses>396001</misses>
				<total>383972</total>
				<timestamp>35.664626</timestamp>
			</report>
			<report>
				<misses>397001</misses>
				<total>384971</total>
				<timestamp>35.754715</timestamp>
			</report>
			<report>
				<misses>398001</misses>
				<total>385970</total>
				<timestamp>35.844658</timestamp>
			</report>
			<report>
				<misses>399001</misses>
				<total>386969</total>
				<timestamp>35.934651</timestamp>
			</report>
			<report>
				<misses>400001</misses>
				<total>387968</total>
				<timestamp>36.024738</timestamp>
			</report>
			<report>
				<misses>401001</misses>
				<total>388967</total>
				<timestamp>36.114640</timestamp>
			</report>
			<report>
				<misses>402001</misses>
				<total>389966</total>
				<timestamp>36.204608</timestamp>
			</report>
			<report>
				<misses>403001</misses>
				<total>390965</total>
				<timestamp>36.294553</timestamp>
			</report>
			<report>
				<misses>404001</misses>
				<total>391964</total>
				<timestamp>36.384503</timestamp>
			</report>
			<report>
				<misses>405001</misses>
				<total>392963</total>
				<timestamp>36.474466</timestamp>
			</report>
			<report>
				<misses>406001</misses>
				<total>393962</total>
				<timestamp>36.564417</timestamp>
			</report>
			<report>
				<misses>407001</misses>
				<total>394961</total>
				<timestamp>36.654400</timestamp>
			</report>
			<report>
				<misses>408001</misses>
				<total>395960</total>
				<timestamp>36.744412</timestamp>
			</report>
			<report>
				<misses>409001</misses>
				<total>396959</total>
				<timestamp>36.834429</timestamp>
			</report>
			<report>
				<misses>410001</misses>
				<total>397958</total>
				<timestamp>36.924457</timestamp>
			</report>
			<report>
				<misses>411001</misses>
				<total>398957</total>
				<timestamp>37.014485</timestamp>
			</report>
			<report>
				<misses>412001</misses>
				<total>399956</total>
				<timestamp>37.104544</timestamp>
			</report>
			<report>
				<misses>413001</misses>
				<total>400955</total>
				<timestamp>37.194545</timestamp>
			</report>
			<report>
				<misses>414001</misses>
				<total>401954</total>
				<timestamp>37.284502</timestamp>
			</report>
			<report>
				<misses>415001</misses>
				<total>402953</total>
				<timestamp>37.374528</timestamp>
			</report>
			<report>
				<misses>416001</misses>
				<total>403952</total>
				<timestamp>37.464464</timestamp>
			</report>
			<report>
				<misses>417001</misses>
				<total>404951</total>
				<timestamp>37.554460</timestamp>
			</report>
			<report>
				<misses>418001</misses>
				<total>405950</total>
				<timestamp>37.644399</timestamp>
			</report>
			<report>
				<misses>419001</misses>
				<total>406799</total>
				<timestamp>37.734522</timestamp>
			</report>
			<report>
				<misses>420001</misses>
				<total>407798</total>
				<timestamp>37.824519</timestamp>
			</report>
			<report>
				<misses>421001</misses>
				<total>408797</total>
				<timestamp>37.914519</timestamp>
			</report>
			<report>
				<misses>422001</misses>
				<total>409796</total>
				<timestamp>38.004473</timestamp>
			</report>
			<report>
				<misses>423001</misses>
				<total>410795</total>
				<timestamp>38.094491</timestamp>
			</report>
			<report>
				<misses>424001</misses>
				<total>411794</total>
				<timestamp>38.184525</timestamp>
			</report>
			<report>
				<misses>425001</misses>
				<total>412793</total>
				<timestamp>38.274488</timestamp>
			</report>
			<report>
				<misses>426001</misses>
				<total>413792</total>
				<timestamp>38.364466</timestamp>
			</report>
			<report>
				<misses>427001</misses>
				<total>414791</total>
				<timestamp>38.454435</timestamp>
			</report>
			<report>
				<misses>428001</misses>
				<total>415790</total>
				<timestamp>38.544433</timestamp>
			</report>
			<report>
				<misses>429001</misses>
				<total>416789</total>
				<timestamp>38.634456</timestamp>
			</report>
			<report>
				<misses>430001</misses>
				<total>417788</total>
				<timestamp>38.724449</timestamp>
			</report>
			<report>
				<misses>431001</misses>
				<total>418787</total>
				<timestamp>38.814425</timestamp>
			</report>
			<report>
				<misses>432001</misses>
				<total>419786</total>
				<timestamp>38.904469</timestamp>
			</report>
			<report>
				<misses>433001</misses>
				<total>420785</total>
				<timestamp>38.994496</timestamp>
			</report>
			<report>
				<misses>434001</misses>
				<total>421784</total>
				<timestamp>39.084471</timestamp>
			</report>
			<report>
				<misses>435001</misses>
				<total>422783</total>
				<timestamp>39.174385</timestamp>
			</report>
			<report>
				<misses>436001</misses>
				<total>423649</total>
				<timestamp>39.264582</timestamp>
			</report>
			<report>
				<misses>437001</misses>
				<total>423652</total>
				<timestamp>39.354594</timestamp>
			</report>
			<report>
				<misses>438001</misses>
				<total>423651</total>
				<timestamp>39.444650</timestamp>
			</report>
			<report>
				<misses>439001</misses>
				<total>423656</total>
				<timestamp>39.534554</timestamp>
			</report>
			<report>
				<misses>440001</misses>
				<total>423675</total>
				<timestamp>39.624463</timestamp>
			</report>
			<report>
				<misses>441001</misses>
				<total>423683</total>
				<timestamp>39.714411</timestamp>
			</report>
			<report>
				<misses>442001</misses>
				<total>423686</total>
				<timestamp>39.804403</timestamp>
			</report>
			<report>
				<misses>443001</misses>
				<total>423838</total>
				<timestamp>39.894424</timestamp>
			</report>
			<report>
				<misses>444001</misses>
				<total>424837</total>
				<timestamp>39.984464</timestamp>
			</report>
			<report>
				<misses>445001</misses>
				<total>425836</total>
				<timestamp>40.074433</timestamp>
			</report>
			<report>
				<misses>446001</misses>
				<total>426835</total>
				<timestamp>40.164399</timestamp>
			</report>
			<report>
				<misses>447001</misses>
				<total>427834</total>
				<timestamp>40.254434</timestamp>
			</report>
			<report>
				<misses>448001</misses>
				<total>428833</total>
				<timestamp>40.344434</timestamp>
			</report>
			<report>
				<misses>449001</misses>
				<total>429832</total>
				<timestamp>40.434504</timestamp>
			</report>
			<report>
				<misses>450001</misses>
				<total>430831</total>
				<timestamp>40.524477</timestamp>
			</report>
			<report>
				<misses>451001</misses>
				<total>431830</total>
				<timestamp>40.614507</timestamp>
			</report>
			<report>
				<misses>452001</misses>
				<total>432829</total>
				<timestamp>40.704504</timestamp>
			</report>
			<report>
				<misses>453001</misses>
				<total>433828</total>
				<timestamp>40.794536</timestamp>
			</report>
			<report>
				<misses>454001</misses>
				<total>434827</total>
				<timestamp>40.884465</timestamp>
			</report>
			<report>
				<misses>455001</misses>
				<total>435826</total>
				<timestamp>40.974439</timestamp>
			</report>
			<report>
				<misses>456001</misses>
				<total>436825</total>
				<timestamp>41.064405</timestamp>
			</report>
			<report>
				<misses>457001</misses>
				<total>437824</total>
				<timestamp>41.154426</timestamp>
			</report>
			<report>
				<misses>458001</misses>
				<total>438823</total>
				<timestamp>41.244436</timestamp>
			</report>
			<report>
				<misses>459001</misses>
				<total>439822</total>
				<timestamp>41.334380</timestamp>
			</report>
			<report>
				<misses>460001</misses>
				<total>440821</total>
				<timestamp>41.424367</timestamp>
			</report>
			<report>
				<misses>461001</misses>
				<total>441820</total>
				<timestamp>41.514364</timestamp>
			</report>
			<report>
				<misses>462001</misses>
				<total>442819</total>
				<timestamp>41.604323</timestamp>
			</report>
			<report>
				<misses>463001</misses>
				<total>443818</total>
				<timestamp>41.694348</timestamp>
			</report>
			<report>
				<misses>464001</misses>
				<total>444817</total>
				<timestamp>41.784348</timestamp>
			</report>
			<report>
				<misses>465001</misses>
				<total>445816</total>
				<timestamp>41.874331</timestamp>
			</report>
			<report>
				<misses>466001</misses>
				<total>446815</total>
				<timestamp>41.964354</timestamp>
			</report>
			<report>
				<misses>467001</misses>
				<total>447814</total>
				<timestamp>42.054361</timestamp>
			</report>
			<report>
				<misses>468001</misses>
				<total>448813</total>
				<timestamp>42.144366</timestamp>
			</report>
			<report>
				<misses>469001</misses>
				<total>449812</total>
				<timestamp>42.234367</timestamp>
			</report>
			<report>
				<misses>470001</misses>
				<total>450811</total>
				<timestamp>42.324314</timestamp>
			</report>
			<report>
				<misses>471001</misses>
				<total>451810</total>
				<timestamp>42.414327</timestamp>
			</report>
			<report>
				<misses>472001</misses>
				<total>452809</total>
				<timestamp>42.504328</timestamp>
			</report>
			<report>
				<misses>473001</misses>
				<total>453808</total>
				<timestamp>42.594338</timestamp>
			</report>
			<report>
				<misses>474001</misses>
				<total>454807</total>
				<timestamp>42.684716</timestamp>
			</report>
			<report>
				<misses>475001</misses>
				<total>455806</total>
				<timestamp>42.774695</timestamp>
			</report>
			<report>
				<misses>476001</misses>
				<total>456805</total>
				<timestamp>42.864652</timestamp>
			</report>
			<report>
				<misses>477001</misses>
				<total>457804</total>
				<timestamp>42.954707</timestamp>
			</report>
			<report>
				<misses>478001</misses>
				<total>458803</total>
				<timestamp>43.044652</timestamp>
			</report>
			<report>
				<misses>479001</misses>
				<total>459802</total>
				<timestamp>43.134791</timestamp>
			</report>
			<report>
				<misses>480001</misses>
				<total>460801</total>
				<timestamp>43.224768</timestamp>
			</report>
			<report>
				<misses>481001</misses>
				<total>461800</total>
				<timestamp>43.314744</timestamp>
			</report>
			<report>
				<misses>482001</misses>
				<total>462799</total>
				<timestamp>43.404735</timestamp>
			</report>
			<report>
				<misses>483001</misses>
				<total>463798</total>
				<timestamp>43.494643</timestamp>
			</report>
			<report>
				<misses>484001</misses>
				<total>464797</total>
				<timestamp>43.584555</timestamp>
			</report>
			<report>
				<misses>485001</misses>
				<total>465796</total>
				<timestamp>43.674493</timestamp>
			</report>
			<report>
				<misses>486001</misses>
				<total>466795</total>
				<timestamp>43.764463</timestamp>
			</report>
			<report>
				<misses>487001</misses>
				<total>467794</total>
				<timestamp>43.854433</timestamp>
			</report>
			<report>
				<misses>488001</misses>
				<total>468793</total>
				<timestamp>43.944390</timestamp>
			</report>
			<report>
				<misses>489001</misses>
				<total>469792</total>
				<timestamp>44.034493</timestamp>
			</report>
			<report>
				<misses>490001</misses>
				<total>470791</total>
				<timestamp>44.124479</timestamp>
			</report>
			<report>
				<misses>491001</misses>
				<total>471790</total>
				<timestamp>44.214560</timestamp>
			</report>
			<report>
				<misses>492001</misses>
				<total>472789</total>
				<timestamp>44.304459</timestamp>
			</report>
			<report>
				<misses>493001</misses>
				<total>473788</total>
				<timestamp>44.394432</timestamp>
			</report>
			<report>
				<misses>494001</misses>
				<total>474787</total>
				<timestamp>44.484404</timestamp>
			</report>
			<report>
				<misses>495001</misses>
				<total>475786</total>
				<timestamp>44.574625</timestamp>
			</report>
			<report>
				<misses>496001</misses>
				<total>476785</total>
				<timestamp>44.664836</timestamp>
			</report>
			<report>
				<misses>497001</misses>
				<total>477784</total>
				<timestamp>44.754835</timestamp>
			</report>
			<report>
				<misses>498001</misses>
				<total>478783</total>
				<timestamp>44.844860</timestamp>
			</report>
			<report>
				<misses>499001</misses>
				<total>479782</total>
				<timestamp>44.934835</timestamp>
			</report>
			<report>
				<misses>500001</misses>
				<total>480781</total>
				<timestamp>45.024883</timestamp>
			</report>
			<report>
				<misses>501001</misses>
				<total>481780</total>
				<timestamp>45.114851</timestamp>
			</report>
			<report>
				<misses>502001</misses>
				<total>482779</total>
				<timestamp>45.204851</timestamp>
			</report>
			<report>
				<misses>503001</misses>
				<total>483778</total>
				<timestamp>45.294974</timestamp>
			</report>
			<report>
				<misses>504001</misses>
				<total>484777</total>
				<timestamp>45.385034</timestamp>
			</report>
			<report>
				<misses>505001</misses>
				<total>485776</total>
				<timestamp>45.475052</timestamp>
			</report>
			<report>
				<misses>506001</misses>
				<total>486775</total>
				<timestamp>45.565106</timestamp>
			</report>
			<report>
				<misses>507001</misses>
				<total>487774</total>
				<timestamp>45.655175</timestamp>
			</report>
			<report>
				<misses>508001</misses>
				<total>488773</total>
				<timestamp>45.745113</timestamp>
			</report>
			<report>
				<misses>509001</misses>
				<total>489772</total>
				<timestamp>45.835166</timestamp>
			</report>
			<report>
				<misses>510001</misses>
				<total>490771</total>
				<timestamp>45.925146</timestamp>
			</report>
			<report>
				<misses>511001</misses>
				<total>491770</total>
				<timestamp>46.015157</timestamp>
			</report>
			<report>
				<misses>512001</misses>
				<total>492769</total>
				<timestamp>46.105151</timestamp>
			</report>
			<report>
				<misses>513001</misses>
				<total>493768</total>
				<timestamp>46.195157</timestamp>
			</report>
			<report>
				<misses>514001</misses>
				<total>494767</total>
				<timestamp>46.285295</timestamp>
			</report>
			<report>
				<misses>515001</misses>
				<total>495766</total>
				<timestamp>46.375336</timestamp>
			</report>
			<report>
				<misses>516001</misses>
				<total>496765</total>
				<timestamp>46.465297</timestamp>
			</report>
			<report>
				<misses>517001</misses>
				<total>497764</total>
				<timestamp>46.555336</timestamp>
			</report>
			<report>
				<misses>518001</misses>
				<total>498763</total>
				<timestamp>46.645371</timestamp>
			</report>
			<report>
				<misses>519001</misses>
				<total>499762</total>
				<timestamp>46.735357</timestamp>
			</report>
			<report>
				<misses>520001</misses>
				<total>500761</total>
				<timestamp>46.825585</timestamp>
			</report>
			<report>
				<misses>521001</misses>
				<total>501760</total>
				<timestamp>46.915587</timestamp>
			</report>
			<report>
				<misses>522001</misses>
				<total>502759</total>
				<timestamp>47.005566</timestamp>
			</report>
			<report>
				<misses>523001</misses>
				<total>503758</total>
				<timestamp>47.095583</timestamp>
			</report>
			<report>
				<misses>524001</misses>
				<total>504757</total>
				<timestamp>47.185559</timestamp>
			</report>
			<report>
				<misses>525001</misses>
				<total>505756</total>
				<timestamp>47.275552</timestamp>
			</report>
			<report>
				<misses>526001</misses>
				<total>506755</total>
				<timestamp>47.365552</timestamp>
			</report>
			<report>
				<misses>527001</misses>
				<total>507754</total>
				<timestamp>47.455559</timestamp>
			</report>
			<report>
				<misses>528001</misses>
				<total>508753</total>
				<timestamp>47.548976</timestamp>
			</report>
			<report>
				<misses>529001</misses>
				<total>509752</total>
				<timestamp>47.639028</timestamp>
			</report>
			<report>
				<misses>530001</misses>
				<total>510751</total>
				<timestamp>47.729155</timestamp>
			</report>
			<report>
				<misses>531001</misses>
				<total>511750</total>
				<timestamp>47.819207</timestamp>
			</report>
			<report>
				<misses>532001</misses>
				<total>512749</total>
				<timestamp>47.909237</timestamp>
			</report>
			<report>
				<misses>533001</misses>
				<total>513748</total>
				<timestamp>47.999208</timestamp>
			</report>
			<report>
				<misses>534001</misses>
				<total>514747</total>
				<timestamp>48.089141</timestamp>
			</report>
			<report>
				<misses>535001</misses>
				<total>515746</total>
				<timestamp>48.179132</timestamp>
			</report>
			<report>
				<misses>536001</misses>
				<total>516745</total>
				<timestamp>48.269212</timestamp>
			</report>
			<report>
				<misses>537001</misses>
				<total>517744</total>
				<timestamp>48.359161</timestamp>
			</report>
			<report>
				<misses>538001</misses>
				<total>518743</total>
				<timestamp>48.449177</timestamp>
			</report>
			<report>
				<misses>539001</misses>
				<total>519742</total>
				<timestamp>48.539150</timestamp>
			</report>
			<report>
				<misses>540001</misses>
				<total>520741</total>
				<timestamp>48.629195</timestamp>
			</report>
			<report>
				<misses>541001</misses>
				<total>521740</total>
				<timestamp>48.719203</timestamp>
			</report>
			<report>
				<misses>542001</misses>
				<total>522739</total>
				<timestamp>48.809144</timestamp>
			</report>
			<report>
				<misses>543001</misses>
				<total>523738</total>
				<timestamp>48.899105</timestamp>
			</report>
			<report>
				<misses>544001</misses>
				<total>524737</total>
				<timestamp>48.989099</timestamp>
			</report>
			<report>
				<misses>545001</misses>
				<total>525736</total>
				<timestamp>49.079144</timestamp>
			</report>
			<report>
				<misses>546001</misses>
				<total>526735</total>
				<timestamp>49.169667</timestamp>
			</report>
			<report>
				<misses>547001</misses>
				<total>527734</total>
				<timestamp>49.260350</timestamp>
			</report>
			<report>
				<misses>548001</misses>
				<total>528733</total>
				<timestamp>49.350351</timestamp>
			</report>
			<report>
				<misses>549001</misses>
				<total>529732</total>
				<timestamp>49.440457</timestamp>
			</report>
			<report>
				<misses>550001</misses>
				<total>530731</total>
				<timestamp>49.530468</timestamp>
			</report>
			<report>
				<misses>551001</misses>
				<total>531730</total>
				<timestamp>49.620476</timestamp>
			</report>
			<report>
				<misses>552001</misses>
				<total>532729</total>
				<timestamp>49.710458</timestamp>
			</report>
			<report>
				<misses>553001</misses>
				<total>533728</total>
				<timestamp>49.800412</timestamp>
			</report>
			<report>
				<misses>554001</misses>
				<total>534727</total>
				<timestamp>49.890348</timestamp>
			</report>
			<report>
				<misses>555001</misses>
				<total>535726</total>
				<timestamp>49.980351</timestamp>
			</report>
			<report>
				<misses>556001</misses>
				<total>536725</total>
				<timestamp>50.070378</timestamp>
			</report>
			<report>
				<misses>557001</misses>
				<total>537724</total>
				<timestamp>50.160399</timestamp>
			</report>
			<report>
				<misses>558001</misses>
				<total>538723</total>
				<timestamp>50.250336</timestamp>
			</report>
			<report>
				<misses>559001</misses>
				<total>539722</total>
				<timestamp>50.340462</timestamp>
			</report>
			<report>
				<misses>560001</misses>
				<total>540721</total>
				<timestamp>50.430456</timestamp>
			</report>
			<report>
				<misses>561001</misses>
				<total>541720</total>
				<timestamp>50.520534</timestamp>
			</report>
			<report>
				<misses>562001</misses>
				<total>542719</total>
				<timestamp>50.610513</timestamp>
			</report>
			<report>
				<misses>563001</misses>
				<total>543718</total>
				<timestamp>50.700633</timestamp>
			</report>
			<report>
				<misses>564001</misses>
				<total>544717</total>
				<timestamp>50.790583</timestamp>
			</report>
			<report>
				<misses>565001</misses>
				<total>545716</total>
				<timestamp>50.880657</timestamp>
			</report>
			<report>
				<misses>566001</misses>
				<total>546715</total>
				<timestamp>50.970629</timestamp>
			</report>
			<report>
				<misses>567001</misses>
				<total>547714</total>
				<timestamp>51.060655</timestamp>
			</report>
			<report>
				<misses>568001</misses>
				<total>548713</total>
				<timestamp>51.150589</timestamp>
			</report>
			<report>
				<misses>569001</misses>
				<total>549712</total>
				<timestamp>51.240575</timestamp>
			</report>
			<report>
				<misses>570001</misses>
				<total>550711</total>
				<timestamp>51.330497</timestamp>
			</report>
			<report>
				<misses>571001</misses>
				<total>551710</total>
				<timestamp>51.420451</timestamp>
			</report>
			<report>
				<misses>572001</misses>
				<total>552709</total>
				<timestamp>51.510485</timestamp>
			</report>
			<report>
				<misses>573001</misses>
				<total>553708</total>
				<timestamp>51.600470</timestamp>
			</report>
			<report>
				<misses>574001</misses>
				<total>554707</total>
				<timestamp>51.690418</timestamp>
			</report>
			<report>
				<misses>575001</misses>
				<total>555706</total>
				<timestamp>51.780419</timestamp>
			</report>
			<report>
				<misses>576001</misses>
				<total>556705</total>
				<timestamp>51.870495</timestamp>
			</report>
			<report>
				<misses>577001</misses>
				<total>557704</total>
				<timestamp>51.960563</timestamp>
			</report>
			<report>
				<misses>578001</misses>
				<total>558703</total>
				<timestamp>52.050512</timestamp>
			</report>
			<report>
				<misses>579001</misses>
				<total>559702</total>
				<timestamp>52.140503</timestamp>
			</report>
			<report>
				<misses>580001</misses>
				<total>560701</total>
				<timestamp>52.230512</timestamp>
			</report>
			<report>
				<misses>581001</misses>
				<total>561700</total>
				<timestamp>52.320572</timestamp>
			</report>
			<report>
				<misses>582001</misses>
				<total>562699</total>
				<timestamp>52.410541</timestamp>
			</report>
			<report>
				<misses>583001</misses>
				<total>563698</total>
				<timestamp>52.500564</timestamp>
			</report>
			<report>
				<misses>584001</misses>
				<total>564697</total>
				<timestamp>52.590578</timestamp>
			</report>
			<report>
				<misses>585001</misses>
				<total>565696</total>
				<timestamp>52.680506</timestamp>
			</report>
			<report>
				<misses>586001</misses>
				<total>566695</total>
				<timestamp>52.770568</timestamp>
			</report>
			<report>
				<misses>587001</misses>
				<total>567694</total>
				<timestamp>52.860498</timestamp>
			</report>
			<report>
				<misses>588001</misses>
				<total>568693</total>
				<timestamp>52.950473</timestamp>
			</report>
			<report>
				<misses>589001</misses>
				<total>569692</total>
				<timestamp>53.040490</timestamp>
			</report>
			<report>
				<misses>590001</misses>
				<total>570691</total>
				<timestamp>53.130515</timestamp>
			</report>
			<report>
				<misses>591001</misses>
				<total>571690</total>
				<timestamp>53.220497</timestamp>
			</report>
			<report>
				<misses>592001</misses>
				<total>572689</total>
				<timestamp>53.310461</timestamp>
			</report>
			<report>
				<misses>593001</misses>
				<total>573688</total>
				<timestamp>53.400460</timestamp>
			</report>
			<report>
				<misses>594001</misses>
				<total>574687</total>
				<timestamp>53.490457</timestamp>
			</report>
			<report>
				<misses>595001</misses>
				<total>575686</total>
				<timestamp>53.580805</timestamp>
			</report>
			<report>
				<misses>596001</misses>
				<total>576685</total>
				<timestamp>53.670777</timestamp>
			</report>
			<report>
				<misses>597001</misses>
				<total>577684</total>
				<timestamp>53.760763</timestamp>
			</report>
			<report>
				<misses>598001</misses>
				<total>578683</total>
				<timestamp>53.850682</timestamp>
			</report>
			<report>
				<misses>599001</misses>
				<total>579682</total>
				<timestamp>53.940705</timestamp>
			</report>
			<report>
				<misses>600001</misses>
				<total>580681</total>
				<timestamp>54.030681</timestamp>
			</report>
			<report>
				<misses>601001</misses>
				<total>581680</total>
				<timestamp>54.120599</timestamp>
			</report>
			<report>
				<misses>602001</misses>
				<total>582679</total>
				<timestamp>54.210580</timestamp>
			</report>
			<report>
				<misses>603001</misses>
				<total>583678</total>
				<timestamp>54.300497</timestamp>
			</report>
			<report>
				<misses>604001</misses>
				<total>584677</total>
				<timestamp>54.390459</timestamp>
			</report>
			<report>
				<misses>605001</misses>
				<total>585676</total>
				<timestamp>54.480444</timestamp>
			</report>
			<report>
				<misses>606001</misses>
				<total>586675</total>
				<timestamp>54.570513</timestamp>
			</report>
			<report>
				<misses>607001</misses>
				<total>587674</total>
				<timestamp>54.660553</timestamp>
			</report>
			<report>
				<misses>608001</misses>
				<total>588673</total>
				<timestamp>54.750532</timestamp>
			</report>
			<report>
				<misses>609001</misses>
				<total>589672</total>
				<timestamp>54.840590</timestamp>
			</report>
			<report>
				<misses>610001</misses>
				<total>590671</total>
				<timestamp>54.930556</timestamp>
			</report>
			<report>
				<misses>611001</misses>
				<total>591670</total>
				<timestamp>55.020532</timestamp>
			</report>
			<report>
				<misses>612001</misses>
				<total>592669</total>
				<timestamp>55.110499</timestamp>
			</report>
			<report>
				<misses>613001</misses>
				<total>593668</total>
				<timestamp>55.200468</timestamp>
			</report>
			<report>
				<misses>614001</misses>
				<total>594667</total>
				<timestamp>55.290467</timestamp>
			</report>
			<report>
				<misses>615001</misses>
				<total>595666</total>
				<timestamp>55.380466</timestamp>
			</report>
			<report>
				<misses>616001</misses>
				<total>596665</total>
				<timestamp>55.470404</timestamp>
			</report>
			<report>
				<misses>617001</misses>
				<total>597664</total>
				<timestamp>55.560369</timestamp>
			</report>
			<report>
				<misses>618001</misses>
				<total>598663</total>
				<timestamp>55.650368</timestamp>
			</report>
			<report>
				<misses>619001</misses>
				<total>599662</total>
				<timestamp>55.740387</timestamp>
			</report>
			<report>
				<misses>620001</misses>
				<total>600661</total>
				<timestamp>55.830399</timestamp>
			</report>
			<report>
				<misses>621001</misses>
				<total>601660</total>
				<timestamp>55.920338</timestamp>
			</report>
			<report>
				<misses>622001</misses>
				<total>602659</total>
				<timestamp>56.010458</timestamp>
			</report>
			<report>
				<misses>623001</misses>
				<total>603658</total>
				<timestamp>56.100419</timestamp>
			</report>
			<report>
				<misses>624001</misses>
				<total>604657</total>
				<timestamp>56.190425</timestamp>
			</report>
			<report>
				<misses>625001</misses>
				<total>605656</total>
				<timestamp>56.280428</timestamp>
			</report>
			<report>
				<misses>626001</misses>
				<total>606655</total>
				<timestamp>56.370414</timestamp>
			</report>
			<report>
				<misses>627001</misses>
				<total>607654</total>
				<timestamp>56.460460</timestamp>
			</report>
			<report>
				<misses>628001</misses>
				<total>608653</total>
				<timestamp>56.550493</timestamp>
			</report>
			<report>
				<misses>629001</misses>
				<total>609652</total>
				<timestamp>56.640496</timestamp>
			</report>
			<report>
				<misses>630001</misses>
				<total>610651</total>
				<timestamp>56.730459</timestamp>
			</report>
			<report>
				<misses>631001</misses>
				<total>611650</total>
				<timestamp>56.820407</timestamp>
			</report>
			<report>
				<misses>632001</misses>
				<total>612649</total>
				<timestamp>56.910331</timestamp>
			</report>
			<report>
				<misses>633001</misses>
				<total>613648</total>
				<timestamp>57.000318</timestamp>
			</report>
			<report>
				<misses>634001</misses>
				<total>614647</total>
				<timestamp>57.090270</timestamp>
			</report>
			<report>
				<misses>635001</misses>
				<total>615646</total>
				<timestamp>57.180231</timestamp>
			</report>
			<report>
				<misses>636001</misses>
				<total>616645</total>
				<timestamp>57.270204</timestamp>
			</report>
			<report>
				<misses>637001</misses>
				<total>617644</total>
				<timestamp>57.360151</timestamp>
			</report>
			<report>
				<misses>638001</misses>
				<total>618643</total>
				<timestamp>57.450165</timestamp>
			</report>
			<report>
				<misses>639001</misses>
				<total>619642</total>
				<timestamp>57.540148</timestamp>
			</report>
			<report>
				<misses>640001</misses>
				<total>620641</total>
				<timestamp>57.630227</timestamp>
			</report>
			<report>
				<misses>641001</misses>
				<total>621640</total>
				<timestamp>57.720170</timestamp>
			</report>
			<report>
				<misses>642001</misses>
				<total>622639</total>
				<timestamp>57.810141</timestamp>
			</report>
			<report>
				<misses>643001</misses>
				<total>623638</total>
				<timestamp>57.900151</timestamp>
			</report>
			<report>
				<misses>644001</misses>
				<total>624637</total>
				<timestamp>57.990149</timestamp>
			</report>
			<report>
				<misses>645001</misses>
				<total>625636</total>
				<timestamp>58.080293</timestamp>
			</report>
			<report>
				<misses>646001</misses>
				<total>626635</total>
				<timestamp>58.170273</timestamp>
			</report>
			<report>
				<misses>647001</misses>
				<total>627634</total>
				<timestamp>58.260382</timestamp>
			</report>
			<report>
				<misses>648001</misses>
				<total>628633</total>
				<timestamp>58.350388</timestamp>
			</report>
			<report>
				<misses>649001</misses>
				<total>629632</total>
				<timestamp>58.440361</timestamp>
			</report>
			<report>
				<misses>650001</misses>
				<total>630631</total>
				<timestamp>58.530338</timestamp>
			</report>
			<report>
				<misses>651001</misses>
				<total>631630</total>
				<timestamp>58.620462</timestamp>
			</report>
			<report>
				<misses>652001</misses>
				<total>632629</total>
				<timestamp>58.710480</timestamp>
			</report>
			<report>
				<misses>653001</misses>
				<total>633628</total>
				<timestamp>58.800594</timestamp>
			</report>
			<report>
				<misses>654001</misses>
				<total>634627</total>
				<timestamp>58.890633</timestamp>
			</report>
			<report>
				<misses>655001</misses>
				<total>635626</total>
				<timestamp>58.980599</timestamp>
			</report>
			<report>
				<misses>656001</misses>
				<total>636625</total>
				<timestamp>59.070585</timestamp>
			</report>
			<report>
				<misses>657001</misses>
				<total>637624</total>
				<timestamp>59.160498</timestamp>
			</report>
			<report>
				<misses>658001</misses>
				<total>638623</total>
				<timestamp>59.250469</timestamp>
			</report>
			<report>
				<misses>659001</misses>
				<total>639622</total>
				<timestamp>59.340442</timestamp>
			</report>
			<report>
				<misses>660001</misses>
				<total>640621</total>
				<timestamp>59.430411</timestamp>
			</report>
			<report>
				<misses>661001</misses>
				<total>641620</total>
				<timestamp>59.522234</timestamp>
			</report>
			<report>
				<misses>662001</misses>
				<total>642619</total>
				<timestamp>59.612278</timestamp>
			</report>
			<report>
				<misses>663001</misses>
				<total>643618</total>
				<timestamp>59.702254</timestamp>
			</report>
			<report>
				<misses>664001</misses>
				<total>644617</total>
				<timestamp>59.792222</timestamp>
			</report>
			<report>
				<misses>665001</misses>
				<total>645616</total>
				<timestamp>59.882238</timestamp>
			</report>
			<report>
				<misses>666001</misses>
				<total>646615</total>
				<timestamp>59.972294</timestamp>
			</report>
			<report>
				<misses>667001</misses>
				<total>647614</total>
				<timestamp>60.062233</timestamp>
			</report>
			<report>
				<misses>668001</misses>
				<total>648613</total>
				<timestamp>60.152270</timestamp>
			</report>
			<report>
				<misses>669001</misses>
				<total>649612</total>
				<timestamp>60.242247</timestamp>
			</report>
			<report>
				<misses>670001</misses>
				<total>650611</total>
				<timestamp>60.332227</timestamp>
			</report>
			<report>
				<misses>671001</misses>
				<total>651610</total>
				<timestamp>60.422268</timestamp>
			</report>
			<report>
				<misses>672001</misses>
				<total>652609</total>
				<timestamp>60.512232</timestamp>
			</report>
			<report>
				<misses>673001</misses>
				<total>653608</total>
				<timestamp>60.602252</timestamp>
			</report>
			<report>
				<misses>674001</misses>
				<total>654607</total>
				<timestamp>60.692220</timestamp>
			</report>
			<report>
				<misses>675001</misses>
				<total>655606</total>
				<timestamp>60.782235</timestamp>
			</report>
			<report>
				<misses>676001</misses>
				<total>656605</total>
				<timestamp>60.872224</timestamp>
			</report>
			<report>
				<misses>677001</misses>
				<total>657604</total>
				<timestamp>60.962231</timestamp>
			</report>
			<report>
				<misses>678001</misses>
				<total>658603</total>
				<timestamp>61.052258</timestamp>
			</report>
			<report>
				<misses>679001</misses>
				<total>659602</total>
				<timestamp>61.142244</timestamp>
			</report>
			<report>
				<misses>680001</misses>
				<total>660601</total>
				<timestamp>61.232235</timestamp>
			</report>
			<report>
				<misses>681001</misses>
				<total>661600</total>
				<timestamp>61.322252</timestamp>
			</report>
			<report>
				<misses>682001</misses>
				<total>662599</total>
				<timestamp>61.412269</timestamp>
			</report>
			<report>
				<misses>683001</misses>
				<total>663598</total>
				<timestamp>61.502219</timestamp>
			</report>
			<report>
				<misses>684001</misses>
				<total>664597</total>
				<timestamp>61.592246</timestamp>
			</report>
			<report>
				<misses>685001</misses>
				<total>665596</total>
				<timestamp>61.682226</timestamp>
			</report>
			<report>
				<misses>686001</misses>
				<total>666595</total>
				<timestamp>61.772301</timestamp>
			</report>
			<report>
				<misses>687001</misses>
				<total>667594</total>
				<timestamp>61.862285</timestamp>
			</report>
			<report>
				<misses>688001</misses>
				<total>668593</total>
				<timestamp>61.952227</timestamp>
			</report>
			<report>
				<misses>689001</misses>
				<total>669592</total>
				<timestamp>62.042296</timestamp>
			</report>
			<report>
				<misses>690001</misses>
				<total>670591</total>
				<timestamp>62.132258</timestamp>
			</report>
			<report>
				<misses>691001</misses>
				<total>671590</total>
				<timestamp>62.222247</timestamp>
			</report>
			<report>
				<misses>692001</misses>
				<total>672589</total>
				<timestamp>62.312260</timestamp>
			</report>
			<report>
				<misses>693001</misses>
				<total>673588</total>
				<timestamp>62.402261</timestamp>
			</report>
			<report>
				<misses>694001</misses>
				<total>674587</total>
				<timestamp>62.492621</timestamp>
			</report>
			<report>
				<misses>695001</misses>
				<total>675586</total>
				<timestamp>62.582657</timestamp>
			</report>
			<report>
				<misses>696001</misses>
				<total>676585</total>
				<timestamp>62.672577</timestamp>
			</report>
			<report>
				<misses>697001</misses>
				<total>677584</total>
				<timestamp>62.762576</timestamp>
			</report>
			<report>
				<misses>698001</misses>
				<total>678583</total>
				<timestamp>62.852567</timestamp>
			</report>
			<report>
				<misses>699001</misses>
				<total>679582</total>
				<timestamp>62.942493</timestamp>
			</report>
			<report>
				<misses>700001</misses>
				<total>680581</total>
				<timestamp>63.032483</timestamp>
			</report>
			<report>
				<misses>701001</misses>
				<total>681580</total>
				<timestamp>63.122485</timestamp>
			</report>
			<report>
				<misses>702001</misses>
				<total>682579</total>
				<timestamp>63.212494</timestamp>
			</report>
			<report>
				<misses>703001</misses>
				<total>683578</total>
				<timestamp>63.302480</timestamp>
			</report>
			<report>
				<misses>704001</misses>
				<total>684577</total>
				<timestamp>63.392433</timestamp>
			</report>
			<report>
				<misses>705001</misses>
				<total>685576</total>
				<timestamp>63.482494</timestamp>
			</report>
			<report>
				<misses>706001</misses>
				<total>686575</total>
				<timestamp>63.572509</timestamp>
			</report>
			<report>
				<misses>707001</misses>
				<total>687574</total>
				<timestamp>63.662480</timestamp>
			</report>
			<report>
				<misses>708001</misses>
				<total>688573</total>
				<timestamp>63.752532</timestamp>
			</report>
			<report>
				<misses>709001</misses>
				<total>689572</total>
				<timestamp>63.842484</timestamp>
			</report>
			<report>
				<misses>710001</misses>
				<total>690571</total>
				<timestamp>63.932526</timestamp>
			</report>
			<report>
				<misses>711001</misses>
				<total>691570</total>
				<timestamp>64.022526</timestamp>
			</report>
			<report>
				<misses>712001</misses>
				<total>692569</total>
				<timestamp>64.112503</timestamp>
			</report>
			<report>
				<misses>713001</misses>
				<total>693568</total>
				<timestamp>64.202500</timestamp>
			</report>
			<report>
				<misses>714001</misses>
				<total>694567</total>
				<timestamp>64.292576</timestamp>
			</report>
			<report>
				<misses>715001</misses>
				<total>695566</total>
				<timestamp>64.382641</timestamp>
			</report>
			<report>
				<misses>716001</misses>
				<total>696565</total>
				<timestamp>64.472588</timestamp>
			</report>
			<report>
				<misses>717001</misses>
				<total>697564</total>
				<timestamp>64.562588</timestamp>
			</report>
			<report>
				<misses>718001</misses>
				<total>698563</total>
				<timestamp>64.652582</timestamp>
			</report>
			<report>
				<misses>719001</misses>
				<total>699562</total>
				<timestamp>64.742565</timestamp>
			</report>
			<report>
				<misses>720001</misses>
				<total>700561</total>
				<timestamp>64.832475</timestamp>
			</report>
			<report>
				<misses>721001</misses>
				<total>701560</total>
				<timestamp>64.922396</timestamp>
			</report>
			<report>
				<misses>722001</misses>
				<total>702559</total>
				<timestamp>65.012429</timestamp>
			</report>
			<report>
				<misses>723001</misses>
				<total>703558</total>
				<timestamp>65.102455</timestamp>
			</report>
			<report>
				<misses>724001</misses>
				<total>704557</total>
				<timestamp>65.192510</timestamp>
			</report>
			<report>
				<misses>725001</misses>
				<total>705556</total>
				<timestamp>65.282486</timestamp>
			</report>
			<report>
				<misses>726001</misses>
				<total>706555</total>
				<timestamp>65.372542</timestamp>
			</report>
			<report>
				<misses>727001</misses>
				<total>707554</total>
				<timestamp>65.462477</timestamp>
			</report>
			<report>
				<misses>728001</misses>
				<total>708553</total>
				<timestamp>65.552439</timestamp>
			</report>
			<report>
				<misses>729001</misses>
				<total>709552</total>
				<timestamp>65.642427</timestamp>
			</report>
			<report>
				<misses>730001</misses>
				<total>710551</total>
				<timestamp>65.732465</timestamp>
			</report>
			<report>
				<misses>731001</misses>
				<total>711550</total>
				<timestamp>65.822538</timestamp>
			</report>
			<report>
				<misses>732001</misses>
				<total>712549</total>
				<timestamp>65.912506</timestamp>
			</report>
			<report>
				<misses>733001</misses>
				<total>713548</total>
				<timestamp>66.002513</timestamp>
			</report>
			<report>
				<misses>734001</misses>
				<total>714547</total>
				<timestamp>66.092481</timestamp>
			</report>
			<report>
				<misses>735001</misses>
				<total>715546</total>
				<timestamp>66.182466</timestamp>
			</report>
			<report>
				<misses>736001</misses>
				<total>716545</total>
				<timestamp>66.272467</timestamp>
			</report>
			<report>
				<misses>737001</misses>
				<total>717544</total>
				<timestamp>66.362486</timestamp>
			</report>
			<report>
				<misses>738001</misses>
				<total>718543</total>
				<timestamp>66.452590</timestamp>
			</report>
			<report>
				<misses>739001</misses>
				<total>719542</total>
				<timestamp>66.542578</timestamp>
			</report>
			<report>
				<misses>740001</misses>
				<total>720541</total>
				<timestamp>66.636020</timestamp>
			</report>
			<report>
				<misses>741001</misses>
				<total>721540</total>
				<timestamp>66.727088</timestamp>
			</report>
			<report>
				<misses>742001</misses>
				<total>722539</total>
				<timestamp>66.817067</timestamp>
			</report>
			<report>
				<misses>743001</misses>
				<total>723538</total>
				<timestamp>66.907018</timestamp>
			</report>
			<report>
				<misses>744001</misses>
				<total>724537</total>
				<timestamp>66.997033</timestamp>
			</report>
			<report>
				<misses>745001</misses>
				<total>725536</total>
				<timestamp>67.087166</timestamp>
			</report>
			<report>
				<misses>746001</misses>
				<total>726535</total>
				<timestamp>67.177193</timestamp>
			</report>
			<report>
				<misses>747001</misses>
				<total>727534</total>
				<timestamp>67.267193</timestamp>
			</report>
			<report>
				<misses>748001</misses>
				<total>728533</total>
				<timestamp>67.357194</timestamp>
			</report>
			<report>
				<misses>749001</misses>
				<total>729532</total>
				<timestamp>67.447193</timestamp>
			</report>
			<report>
				<misses>750001</misses>
				<total>730531</total>
				<timestamp>67.540059</timestamp>
			</report>
			<report>
				<misses>751001</misses>
				<total>731530</total>
				<timestamp>67.634304</timestamp>
			</report>
			<report>
				<misses>752001</misses>
				<total>732529</total>
				<timestamp>67.724339</timestamp>
			</report>
			<report>
				<misses>753001</misses>
				<total>733528</total>
				<timestamp>67.814290</timestamp>
			</report>
			<report>
				<misses>754001</misses>
				<total>734527</total>
				<timestamp>67.904271</timestamp>
			</report>
			<report>
				<misses>755001</misses>
				<total>734749</total>
				<timestamp>67.994220</timestamp>
			</report>
			<report>
				<misses>756001</misses>
				<total>734749</total>
				<timestamp>68.084194</timestamp>
			</report>
			<report>
				<misses>757001</misses>
				<total>734749</total>
				<timestamp>68.174326</timestamp>
			</report>
			<report>
				<misses>758001</misses>
				<total>734749</total>
				<timestamp>68.264314</timestamp>
			</report>
			<report>
				<misses>759001</misses>
				<total>735147</total>
				<timestamp>68.354320</timestamp>
			</report>
			<report>
				<misses>760001</misses>
				<total>736146</total>
				<timestamp>68.444299</timestamp>
			</report>
			<report>
				<misses>761001</misses>
				<total>737145</total>
				<timestamp>68.534316</timestamp>
			</report>
			<report>
				<misses>762001</misses>
				<total>738144</total>
				<timestamp>68.624323</timestamp>
			</report>
			<report>
				<misses>763001</misses>
				<total>739143</total>
				<timestamp>68.714596</timestamp>
			</report>
			<report>
				<misses>764001</misses>
				<total>740142</total>
				<timestamp>68.804742</timestamp>
			</report>
			<report>
				<misses>765001</misses>
				<total>741141</total>
				<timestamp>68.894722</timestamp>
			</report>
			<report>
				<misses>766001</misses>
				<total>742140</total>
				<timestamp>68.984812</timestamp>
			</report>
			<report>
				<misses>767001</misses>
				<total>743139</total>
				<timestamp>69.074858</timestamp>
			</report>
			<report>
				<misses>768001</misses>
				<total>744138</total>
				<timestamp>69.164934</timestamp>
			</report>
			<report>
				<misses>769001</misses>
				<total>745137</total>
				<timestamp>69.254969</timestamp>
			</report>
			<report>
				<misses>770001</misses>
				<total>746136</total>
				<timestamp>69.344961</timestamp>
			</report>
			<report>
				<misses>771001</misses>
				<total>747135</total>
				<timestamp>69.434982</timestamp>
			</report>
			<report>
				<misses>772001</misses>
				<total>747415</total>
				<timestamp>69.524966</timestamp>
			</report>
			<report>
				<misses>773001</misses>
				<total>747733</total>
				<timestamp>69.614959</timestamp>
			</report>
			<report>
				<misses>774001</misses>
				<total>748732</total>
				<timestamp>69.704947</timestamp>
			</report>
			<report>
				<misses>775001</misses>
				<total>749731</total>
				<timestamp>69.794923</timestamp>
			</report>
			<report>
				<misses>776001</misses>
				<total>750730</total>
				<timestamp>69.884955</timestamp>
			</report>
			<report>
				<misses>777001</misses>
				<total>751700</total>
				<timestamp>69.974925</timestamp>
			</report>
			<report>
				<misses>778001</misses>
				<total>751699</total>
				<timestamp>70.064941</timestamp>
			</report>
			<report>
				<misses>779001</misses>
				<total>751710</total>
				<timestamp>70.154945</timestamp>
			</report>
			<report>
				<misses>780001</misses>
				<total>751713</total>
				<timestamp>70.244968</timestamp>
			</report>
			<report>
				<misses>781001</misses>
				<total>751716</total>
				<timestamp>70.334948</timestamp>
			</report>
			<report>
				<misses>782001</misses>
				<total>751716</total>
				<timestamp>70.424950</timestamp>
			</report>
			<report>
				<misses>783001</misses>
				<total>752623</total>
				<timestamp>70.514974</timestamp>
			</report>
			<report>
				<misses>784001</misses>
				<total>753622</total>
				<timestamp>70.604937</timestamp>
			</report>
			<report>
				<misses>785001</misses>
				<total>754621</total>
				<timestamp>70.694938</timestamp>
			</report>
			<report>
				<misses>786001</misses>
				<total>755620</total>
				<timestamp>70.785006</timestamp>
			</report>
			<report>
				<misses>787001</misses>
				<total>756619</total>
				<timestamp>70.875000</timestamp>
			</report>
			<report>
				<misses>788001</misses>
				<total>757618</total>
				<timestamp>70.965008</timestamp>
			</report>
			<report>
				<misses>789001</misses>
				<total>758617</total>
				<timestamp>71.055027</timestamp>
			</report>
			<report>
				<misses>790001</misses>
				<total>759616</total>
				<timestamp>71.144983</timestamp>
			</report>
			<report>
				<misses>791001</misses>
				<total>760615</total>
				<timestamp>71.235027</timestamp>
			</report>
			<report>
				<misses>792001</misses>
				<total>761614</total>
				<timestamp>71.324992</timestamp>
			</report>
			<report>
				<misses>793001</misses>
				<total>762613</total>
				<timestamp>71.414962</timestamp>
			</report>
			<report>
				<misses>794001</misses>
				<total>763612</total>
				<timestamp>71.504928</timestamp>
			</report>
			<report>
				<misses>795001</misses>
				<total>764611</total>
				<timestamp>71.594908</timestamp>
			</report>
			<report>
				<misses>796001</misses>
				<total>765610</total>
				<timestamp>71.684923</timestamp>
			</report>
			<report>
				<misses>797001</misses>
				<total>766609</total>
				<timestamp>71.774921</timestamp>
			</report>
			<report>
				<misses>798001</misses>
				<total>767608</total>
				<timestamp>71.864963</timestamp>
			</report>
			<report>
				<misses>799001</misses>
				<total>768607</total>
				<timestamp>71.954963</timestamp>
			</report>
			<report>
				<misses>800001</misses>
				<total>769606</total>
				<timestamp>72.044964</timestamp>
			</report>
			<report>
				<misses>801001</misses>
				<total>770605</total>
				<timestamp>72.134910</timestamp>
			</report>
			<report>
				<misses>802001</misses>
				<total>771604</total>
				<timestamp>72.225406</timestamp>
			</report>
			<report>
				<misses>803001</misses>
				<total>772603</total>
				<timestamp>72.315444</timestamp>
			</report>
			<report>
				<misses>804001</misses>
				<total>773602</total>
				<timestamp>72.405525</timestamp>
			</report>
			<report>
				<misses>805001</misses>
				<total>774601</total>
				<timestamp>72.495445</timestamp>
			</report>
			<report>
				<misses>806001</misses>
				<total>775600</total>
				<timestamp>72.585470</timestamp>
			</report>
			<report>
				<misses>807001</misses>
				<total>776599</total>
				<timestamp>72.675447</timestamp>
			</report>
			<report>
				<misses>808001</misses>
				<total>777598</total>
				<timestamp>72.765475</timestamp>
			</report>
			<report>
				<misses>809001</misses>
				<total>778597</total>
				<timestamp>72.855422</timestamp>
			</report>
			<report>
				<misses>810001</misses>
				<total>779596</total>
				<timestamp>72.945426</timestamp>
			</report>
			<report>
				<misses>811001</misses>
				<total>780595</total>
				<timestamp>73.035400</timestamp>
			</report>
			<report>
				<misses>812001</misses>
				<total>781594</total>
				<timestamp>73.125421</timestamp>
			</report>
			<report>
				<misses>813001</misses>
				<total>782593</total>
				<timestamp>73.215414</timestamp>
			</report>
			<report>
				<misses>814001</misses>
				<total>783592</total>
				<timestamp>73.305405</timestamp>
			</report>
			<report>
				<misses>815001</misses>
				<total>784591</total>
				<timestamp>73.395457</timestamp>
			</report>
			<report>
				<misses>816001</misses>
				<total>785590</total>
				<timestamp>73.485498</timestamp>
			</report>
			<report>
				<misses>817001</misses>
				<total>786589</total>
				<timestamp>73.575467</timestamp>
			</report>
			<report>
				<misses>818001</misses>
				<total>787588</total>
				<timestamp>73.665577</timestamp>
			</report>
			<report>
				<misses>819001</misses>
				<total>788587</total>
				<timestamp>73.755527</timestamp>
			</report>
			<report>
				<misses>820001</misses>
				<total>789586</total>
				<timestamp>73.845479</timestamp>
			</report>
			<report>
				<misses>821001</misses>
				<total>790585</total>
				<timestamp>73.935411</timestamp>
			</report>
			<report>
				<misses>822001</misses>
				<total>791584</total>
				<timestamp>74.025407</timestamp>
			</report>
			<report>
				<misses>823001</misses>
				<total>792583</total>
				<timestamp>74.115406</timestamp>
			</report>
			<report>
				<misses>824001</misses>
				<total>793582</total>
				<timestamp>74.205417</timestamp>
			</report>
			<report>
				<misses>825001</misses>
				<total>794581</total>
				<timestamp>74.295422</timestamp>
			</report>
			<report>
				<misses>826001</misses>
				<total>795580</total>
				<timestamp>74.385411</timestamp>
			</report>
			<report>
				<misses>827001</misses>
				<total>796579</total>
				<timestamp>74.475409</timestamp>
			</report>
			<report>
				<misses>828001</misses>
				<total>797578</total>
				<timestamp>74.565407</timestamp>
			</report>
			<report>
				<misses>829001</misses>
				<total>798577</total>
				<timestamp>74.655423</timestamp>
			</report>
			<report>
				<misses>830001</misses>
				<total>799576</total>
				<timestamp>74.748488</timestamp>
			</report>
			<report>
				<misses>831001</misses>
				<total>800575</total>
				<timestamp>74.838451</timestamp>
			</report>
			<report>
				<misses>832001</misses>
				<total>801574</total>
				<timestamp>74.928506</timestamp>
			</report>
			<report>
				<misses>833001</misses>
				<total>802573</total>
				<timestamp>75.018546</timestamp>
			</report>
			<report>
				<misses>834001</misses>
				<total>803572</total>
				<timestamp>75.108495</timestamp>
			</report>
			<report>
				<misses>835001</misses>
				<total>804571</total>
				<timestamp>75.198397</timestamp>
			</report>
			<report>
				<misses>836001</misses>
				<total>805570</total>
				<timestamp>75.288412</timestamp>
			</report>
			<report>
				<misses>837001</misses>
				<total>806569</total>
				<timestamp>75.378385</timestamp>
			</report>
			<report>
				<misses>838001</misses>
				<total>807568</total>
				<timestamp>75.468411</timestamp>
			</report>
			<report>
				<misses>839001</misses>
				<total>808567</total>
				<timestamp>75.558334</timestamp>
			</report>
			<report>
				<misses>840001</misses>
				<total>809566</total>
				<timestamp>75.648402</timestamp>
			</report>
			<report>
				<misses>841001</misses>
				<total>810565</total>
				<timestamp>75.738452</timestamp>
			</report>
			<report>
				<misses>842001</misses>
				<total>811564</total>
				<timestamp>75.828444</timestamp>
			</report>
			<report>
				<misses>843001</misses>
				<total>812563</total>
				<timestamp>75.918464</timestamp>
			</report>
			<report>
				<misses>844001</misses>
				<total>813562</total>
				<timestamp>76.008415</timestamp>
			</report>
			<report>
				<misses>845001</misses>
				<total>814561</total>
				<timestamp>76.098441</timestamp>
			</report>
			<report>
				<misses>846001</misses>
				<total>815560</total>
				<timestamp>76.188540</timestamp>
			</report>
			<report>
				<misses>847001</misses>
				<total>816559</total>
				<timestamp>76.278541</timestamp>
			</report>
			<report>
				<misses>848001</misses>
				<total>817558</total>
				<timestamp>76.369408</timestamp>
			</report>
			<report>
				<misses>849001</misses>
				<total>818557</total>
				<timestamp>76.459405</timestamp>
			</report>
			<report>
				<misses>850001</misses>
				<total>819556</total>
				<timestamp>76.549434</timestamp>
			</report>
			<report>
				<misses>851001</misses>
				<total>820555</total>
				<timestamp>76.639416</timestamp>
			</report>
			<report>
				<misses>852001</misses>
				<total>821554</total>
				<timestamp>76.729465</timestamp>
			</report>
			<report>
				<misses>853001</misses>
				<total>822553</total>
				<timestamp>76.819431</timestamp>
			</report>
			<report>
				<misses>854001</misses>
				<total>823552</total>
				<timestamp>76.909417</timestamp>
			</report>
			<report>
				<misses>855001</misses>
				<total>824551</total>
				<timestamp>76.999417</timestamp>
			</report>
			<report>
				<misses>856001</misses>
				<total>825550</total>
				<timestamp>77.089405</timestamp>
			</report>
			<report>
				<misses>857001</misses>
				<total>826549</total>
				<timestamp>77.179502</timestamp>
			</report>
			<report>
				<misses>858001</misses>
				<total>827548</total>
				<timestamp>77.269646</timestamp>
			</report>
			<report>
				<misses>859001</misses>
				<total>828547</total>
				<timestamp>77.359571</timestamp>
			</report>
			<report>
				<misses>860001</misses>
				<total>829546</total>
				<timestamp>77.449505</timestamp>
			</report>
			<report>
				<misses>861001</misses>
				<total>830545</total>
				<timestamp>77.539511</timestamp>
			</report>
			<report>
				<misses>862001</misses>
				<total>831544</total>
				<timestamp>77.629506</timestamp>
			</report>
			<report>
				<misses>863001</misses>
				<total>832543</total>
				<timestamp>77.719503</timestamp>
			</report>
			<report>
				<misses>864001</misses>
				<total>833542</total>
				<timestamp>77.809538</timestamp>
			</report>
			<report>
				<misses>865001</misses>
				<total>834541</total>
				<timestamp>77.899568</timestamp>
			</report>
			<report>
				<misses>866001</misses>
				<total>835540</total>
				<timestamp>77.989511</timestamp>
			</report>
			<report>
				<misses>867001</misses>
				<total>836539</total>
				<timestamp>78.079527</timestamp>
			</report>
			<report>
				<misses>868001</misses>
				<total>837538</total>
				<timestamp>78.169490</timestamp>
			</report>
			<report>
				<misses>869001</misses>
				<total>838537</total>
				<timestamp>78.259411</timestamp>
			</report>
			<report>
				<misses>870001</misses>
				<total>839536</total>
				<timestamp>78.349582</timestamp>
			</report>
			<report>
				<misses>871001</misses>
				<total>840535</total>
				<timestamp>78.439651</timestamp>
			</report>
			<report>
				<misses>872001</misses>
				<total>841534</total>
				<timestamp>78.529593</timestamp>
			</report>
			<report>
				<misses>873001</misses>
				<total>842533</total>
				<timestamp>78.619568</timestamp>
			</report>
			<report>
				<misses>874001</misses>
				<total>843532</total>
				<timestamp>78.709518</timestamp>
			</report>
			<report>
				<misses>875001</misses>
				<total>844531</total>
				<timestamp>78.799522</timestamp>
			</report>
			<report>
				<misses>876001</misses>
				<total>845530</total>
				<timestamp>78.889519</timestamp>
			</report>
			<report>
				<misses>877001</misses>
				<total>846529</total>
				<timestamp>78.979486</timestamp>
			</report>
			<report>
				<misses>878001</misses>
				<total>847528</total>
				<timestamp>79.069403</timestamp>
			</report>
			<report>
				<misses>879001</misses>
				<total>848527</total>
				<timestamp>79.159486</timestamp>
			</report>
			<report>
				<misses>880001</misses>
				<total>849526</total>
				<timestamp>79.249411</timestamp>
			</report>
			<report>
				<misses>881001</misses>
				<total>850525</total>
				<timestamp>79.339389</timestamp>
			</report>
			<report>
				<misses>882001</misses>
				<total>851524</total>
				<timestamp>79.429410</timestamp>
			</report>
			<report>
				<misses>883001</misses>
				<total>852523</total>
				<timestamp>79.519417</timestamp>
			</report>
			<report>
				<misses>884001</misses>
				<total>853522</total>
				<timestamp>79.609423</timestamp>
			</report>
			<report>
				<misses>885001</misses>
				<total>854521</total>
				<timestamp>79.699416</timestamp>
			</report>
			<report>
				<misses>886001</misses>
				<total>855520</total>
				<timestamp>79.789412</timestamp>
			</report>
			<report>
				<misses>887001</misses>
				<total>856519</total>
				<timestamp>79.879417</timestamp>
			</report>
			<report>
				<misses>888001</misses>
				<total>857518</total>
				<timestamp>79.969558</timestamp>
			</report>
			<report>
				<misses>889001</misses>
				<total>858517</total>
				<timestamp>80.059481</timestamp>
			</report>
			<report>
				<misses>890001</misses>
				<total>859516</total>
				<timestamp>80.149395</timestamp>
			</report>
			<report>
				<misses>891001</misses>
				<total>860515</total>
				<timestamp>80.239309</timestamp>
			</report>
			<report>
				<misses>892001</misses>
				<total>861514</total>
				<timestamp>80.337514</timestamp>
			</report>
			<report>
				<misses>893001</misses>
				<total>862513</total>
				<timestamp>80.427498</timestamp>
			</report>
			<report>
				<misses>894001</misses>
				<total>863512</total>
				<timestamp>80.517439</timestamp>
			</report>
			<report>
				<misses>895001</misses>
				<total>864511</total>
				<timestamp>80.607502</timestamp>
			</report>
			<report>
				<misses>896001</misses>
				<total>865510</total>
				<timestamp>80.697479</timestamp>
			</report>
			<report>
				<misses>897001</misses>
				<total>866509</total>
				<timestamp>80.787612</timestamp>
			</report>
			<report>
				<misses>898001</misses>
				<total>867508</total>
				<timestamp>80.877638</timestamp>
			</report>
			<report>
				<misses>899001</misses>
				<total>868507</total>
				<timestamp>80.967600</timestamp>
			</report>
			<report>
				<misses>900001</misses>
				<total>869506</total>
				<timestamp>81.058886</timestamp>
			</report>
			<report>
				<misses>901001</misses>
				<total>870505</total>
				<timestamp>81.148879</timestamp>
			</report>
			<report>
				<misses>902001</misses>
				<total>871504</total>
				<timestamp>81.238880</timestamp>
			</report>
			<report>
				<misses>903001</misses>
				<total>872503</total>
				<timestamp>81.328942</timestamp>
			</report>
			<report>
				<misses>904001</misses>
				<total>873502</total>
				<timestamp>81.418883</timestamp>
			</report>
			<report>
				<misses>905001</misses>
				<total>874501</total>
				<timestamp>81.508864</timestamp>
			</report>
			<report>
				<misses>906001</misses>
				<total>875500</total>
				<timestamp>81.598996</timestamp>
			</report>
			<report>
				<misses>907001</misses>
				<total>876499</total>
				<timestamp>81.688970</timestamp>
			</report>
			<report>
				<misses>908001</misses>
				<total>877498</total>
				<timestamp>81.778946</timestamp>
			</report>
			<report>
				<misses>909001</misses>
				<total>878497</total>
				<timestamp>81.868943</timestamp>
			</report>
			<report>
				<misses>910001</misses>
				<total>879496</total>
				<timestamp>81.958893</timestamp>
			</report>
			<report>
				<misses>911001</misses>
				<total>880495</total>
				<timestamp>82.048852</timestamp>
			</report>
			<report>
				<misses>912001</misses>
				<total>881494</total>
				<timestamp>82.138782</timestamp>
			</report>
			<report>
				<misses>913001</misses>
				<total>882493</total>
				<timestamp>82.228766</timestamp>
			</report>
			<report>
				<misses>914001</misses>
				<total>883492</total>
				<timestamp>82.318765</timestamp>
			</report>
			<report>
				<misses>915001</misses>
				<total>884491</total>
				<timestamp>82.408807</timestamp>
			</report>
			<report>
				<misses>916001</misses>
				<total>885490</total>
				<timestamp>82.498754</timestamp>
			</report>
			<report>
				<misses>917001</misses>
				<total>886489</total>
				<timestamp>82.588838</timestamp>
			</report>
			<report>
				<misses>918001</misses>
				<total>887488</total>
				<timestamp>82.678785</timestamp>
			</report>
			<report>
				<misses>919001</misses>
				<total>888487</total>
				<timestamp>82.768873</timestamp>
			</report>
			<report>
				<misses>920001</misses>
				<total>889486</total>
				<timestamp>82.858882</timestamp>
			</report>
			<report>
				<misses>921001</misses>
				<total>890485</total>
				<timestamp>82.948893</timestamp>
			</report>
			<report>
				<misses>922001</misses>
				<total>891484</total>
				<timestamp>83.038919</timestamp>
			</report>
			<report>
				<misses>923001</misses>
				<total>892483</total>
				<timestamp>83.128920</timestamp>
			</report>
			<report>
				<misses>924001</misses>
				<total>893482</total>
				<timestamp>83.218935</timestamp>
			</report>
			<report>
				<misses>925001</misses>
				<total>894481</total>
				<timestamp>83.308877</timestamp>
			</report>
			<report>
				<misses>926001</misses>
				<total>895480</total>
				<timestamp>83.401823</timestamp>
			</report>
			<report>
				<misses>927001</misses>
				<total>896479</total>
				<timestamp>83.491892</timestamp>
			</report>
			<report>
				<misses>928001</misses>
				<total>897478</total>
				<timestamp>83.581918</timestamp>
			</report>
			<report>
				<misses>929001</misses>
				<total>898477</total>
				<timestamp>83.671943</timestamp>
			</report>
			<report>
				<misses>930001</misses>
				<total>899476</total>
				<timestamp>83.761905</timestamp>
			</report>
			<report>
				<misses>931001</misses>
				<total>900475</total>
				<timestamp>83.851857</timestamp>
			</report>
			<report>
				<misses>932001</misses>
				<total>901474</total>
				<timestamp>83.941923</timestamp>
			</report>
			<report>
				<misses>933001</misses>
				<total>902473</total>
				<timestamp>84.031996</timestamp>
			</report>
			<report>
				<misses>934001</misses>
				<total>903472</total>
				<timestamp>84.122017</timestamp>
			</report>
			<report>
				<misses>935001</misses>
				<total>904471</total>
				<timestamp>84.212066</timestamp>
			</report>
			<report>
				<misses>936001</misses>
				<total>905470</total>
				<timestamp>84.301993</timestamp>
			</report>
			<report>
				<misses>937001</misses>
				<total>906469</total>
				<timestamp>84.391974</timestamp>
			</report>
			<report>
				<misses>938001</misses>
				<total>907468</total>
				<timestamp>84.481989</timestamp>
			</report>
			<report>
				<misses>939001</misses>
				<total>908467</total>
				<timestamp>84.571964</timestamp>
			</report>
			<report>
				<misses>940001</misses>
				<total>909466</total>
				<timestamp>84.661911</timestamp>
			</report>
			<report>
				<misses>941001</misses>
				<total>910465</total>
				<timestamp>84.751886</timestamp>
			</report>
			<report>
				<misses>942001</misses>
				<total>911464</total>
				<timestamp>84.841908</timestamp>
			</report>
			<report>
				<misses>943001</misses>
				<total>912463</total>
				<timestamp>84.931873</timestamp>
			</report>
			<report>
				<misses>944001</misses>
				<total>913462</total>
				<timestamp>85.021896</timestamp>
			</report>
			<report>
				<misses>945001</misses>
				<total>914461</total>
				<timestamp>85.111872</timestamp>
			</report>
			<report>
				<misses>946001</misses>
				<total>915460</total>
				<timestamp>85.201857</timestamp>
			</report>
			<report>
				<misses>947001</misses>
				<total>916459</total>
				<timestamp>85.291856</timestamp>
			</report>
			<report>
				<misses>948001</misses>
				<total>917458</total>
				<timestamp>85.381908</timestamp>
			</report>
			<report>
				<misses>949001</misses>
				<total>918457</total>
				<timestamp>85.472090</timestamp>
			</report>
			<report>
				<misses>950001</misses>
				<total>919456</total>
				<timestamp>85.562059</timestamp>
			</report>
			<report>
				<misses>951001</misses>
				<total>920455</total>
				<timestamp>85.652065</timestamp>
			</report>
			<report>
				<misses>952001</misses>
				<total>921454</total>
				<timestamp>85.742045</timestamp>
			</report>
			<report>
				<misses>953001</misses>
				<total>922453</total>
				<timestamp>85.831990</timestamp>
			</report>
			<report>
				<misses>954001</misses>
				<total>923452</total>
				<timestamp>85.921964</timestamp>
			</report>
			<report>
				<misses>955001</misses>
				<total>924451</total>
				<timestamp>86.011922</timestamp>
			</report>
			<report>
				<misses>956001</misses>
				<total>925450</total>
				<timestamp>86.101923</timestamp>
			</report>
			<report>
				<misses>957001</misses>
				<total>926449</total>
				<timestamp>86.191903</timestamp>
			</report>
			<report>
				<misses>958001</misses>
				<total>927448</total>
				<timestamp>86.281842</timestamp>
			</report>
			<report>
				<misses>959001</misses>
				<total>928447</total>
				<timestamp>86.371903</timestamp>
			</report>
			<report>
				<misses>960001</misses>
				<total>929446</total>
				<timestamp>86.462137</timestamp>
			</report>
			<report>
				<misses>961001</misses>
				<total>930445</total>
				<timestamp>86.552126</timestamp>
			</report>
			<report>
				<misses>962001</misses>
				<total>931444</total>
				<timestamp>86.642089</timestamp>
			</report>
			<report>
				<misses>963001</misses>
				<total>932443</total>
				<timestamp>86.731994</timestamp>
			</report>
			<report>
				<misses>964001</misses>
				<total>933442</total>
				<timestamp>86.822719</timestamp>
			</report>
			<report>
				<misses>965001</misses>
				<total>934441</total>
				<timestamp>86.914177</timestamp>
			</report>
			<report>
				<misses>966001</misses>
				<total>935440</total>
				<timestamp>87.004187</timestamp>
			</report>
			<report>
				<misses>967001</misses>
				<total>936439</total>
				<timestamp>87.094214</timestamp>
			</report>
			<report>
				<misses>968001</misses>
				<total>937438</total>
				<timestamp>87.184161</timestamp>
			</report>
			<report>
				<misses>969001</misses>
				<total>938437</total>
				<timestamp>87.274087</timestamp>
			</report>
			<report>
				<misses>970001</misses>
				<total>939436</total>
				<timestamp>87.364145</timestamp>
			</report>
			<report>
				<misses>971001</misses>
				<total>940435</total>
				<timestamp>87.454080</timestamp>
			</report>
			<report>
				<misses>972001</misses>
				<total>941434</total>
				<timestamp>87.544109</timestamp>
			</report>
			<report>
				<misses>973001</misses>
				<total>942433</total>
				<timestamp>87.634245</timestamp>
			</report>
			<report>
				<misses>974001</misses>
				<total>943432</total>
				<timestamp>87.724167</timestamp>
			</report>
			<report>
				<misses>975001</misses>
				<total>944431</total>
				<timestamp>87.814170</timestamp>
			</report>
			<report>
				<misses>976001</misses>
				<total>945430</total>
				<timestamp>87.904255</timestamp>
			</report>
			<report>
				<misses>977001</misses>
				<total>946429</total>
				<timestamp>87.994292</timestamp>
			</report>
			<report>
				<misses>978001</misses>
				<total>947428</total>
				<timestamp>88.084328</timestamp>
			</report>
			<report>
				<misses>979001</misses>
				<total>948427</total>
				<timestamp>88.174307</timestamp>
			</report>
			<report>
				<misses>980001</misses>
				<total>949426</total>
				<timestamp>88.264291</timestamp>
			</report>
			<report>
				<misses>981001</misses>
				<total>950425</total>
				<timestamp>88.354279</timestamp>
			</report>
			<report>
				<misses>982001</misses>
				<total>951424</total>
				<timestamp>88.444313</timestamp>
			</report>
			<report>
				<misses>983001</misses>
				<total>952423</total>
				<timestamp>88.534314</timestamp>
			</report>
			<report>
				<misses>984001</misses>
				<total>953422</total>
				<timestamp>88.624301</timestamp>
			</report>
			<report>
				<misses>985001</misses>
				<total>954421</total>
				<timestamp>88.714325</timestamp>
			</report>
			<report>
				<misses>986001</misses>
				<total>955420</total>
				<timestamp>88.804315</timestamp>
			</report>
			<report>
				<misses>987001</misses>
				<total>956419</total>
				<timestamp>88.894318</timestamp>
			</report>
			<report>
				<misses>988001</misses>
				<total>957418</total>
				<timestamp>88.984289</timestamp>
			</report>
			<report>
				<misses>989001</misses>
				<total>958417</total>
				<timestamp>89.074301</timestamp>
			</report>
			<report>
				<misses>990001</misses>
				<total>959416</total>
				<timestamp>89.164405</timestamp>
			</report>
			<report>
				<misses>991001</misses>
				<total>960415</total>
				<timestamp>89.254407</timestamp>
			</report>
			<report>
				<misses>992001</misses>
				<total>961414</total>
				<timestamp>89.344403</timestamp>
			</report>
			<report>
				<misses>993001</misses>
				<total>962413</total>
				<timestamp>89.434421</timestamp>
			</report>
			<report>
				<misses>994001</misses>
				<total>963412</total>
				<timestamp>89.524413</timestamp>
			</report>
			<report>
				<misses>995001</misses>
				<total>964411</total>
				<timestamp>89.614351</timestamp>
			</report>
			<report>
				<misses>996001</misses>
				<total>965410</total>
				<timestamp>89.704413</timestamp>
			</report>
			<report>
				<misses>997001</misses>
				<total>966409</total>
				<timestamp>89.794455</timestamp>
			</report>
			<report>
				<misses>998001</misses>
				<total>967408</total>
				<timestamp>89.884522</timestamp>
			</report>
			<report>
				<misses>999001</misses>
				<total>968407</total>
				<timestamp>89.974744</timestamp>
			</report>
			<report>
				<misses>1000001</misses>
				<total>969406</total>
				<timestamp>90.064839</timestamp>
			</report>
			<report>
				<misses>1001001</misses>
				<total>970405</total>
				<timestamp>90.154811</timestamp>
			</report>
			<report>
				<misses>1002001</misses>
				<total>971404</total>
				<timestamp>90.244812</timestamp>
			</report>
			<report>
				<misses>1003001</misses>
				<total>972403</total>
				<timestamp>90.334919</timestamp>
			</report>
			<report>
				<misses>1004001</misses>
				<total>973402</total>
				<timestamp>90.424904</timestamp>
			</report>
			<report>
				<misses>1005001</misses>
				<total>974401</total>
				<timestamp>90.514865</timestamp>
			</report>
			<report>
				<misses>1006001</misses>
				<total>975400</total>
				<timestamp>90.604797</timestamp>
			</report>
			<report>
				<misses>1007001</misses>
				<total>976399</total>
				<timestamp>90.694806</timestamp>
			</report>
			<report>
				<misses>1008001</misses>
				<total>977398</total>
				<timestamp>90.784808</timestamp>
			</report>
			<report>
				<misses>1009001</misses>
				<total>978397</total>
				<timestamp>90.874804</timestamp>
			</report>
			<report>
				<misses>1010001</misses>
				<total>979396</total>
				<timestamp>90.964790</timestamp>
			</report>
			<report>
				<misses>1011001</misses>
				<total>980395</total>
				<timestamp>91.054737</timestamp>
			</report>
			<report>
				<misses>1012001</misses>
				<total>981394</total>
				<timestamp>91.144737</timestamp>
			</report>
			<report>
				<misses>1013001</misses>
				<total>982393</total>
				<timestamp>91.234767</timestamp>
			</report>
			<report>
				<misses>1014001</misses>
				<total>983392</total>
				<timestamp>91.324715</timestamp>
			</report>
			<report>
				<misses>1015001</misses>
				<total>984391</total>
				<timestamp>91.414731</timestamp>
			</report>
			<report>
				<misses>1016001</misses>
				<total>985390</total>
				<timestamp>91.504730</timestamp>
			</report>
			<report>
				<misses>1017001</misses>
				<total>986389</total>
				<timestamp>91.594799</timestamp>
			</report>
			<report>
				<misses>1018001</misses>
				<total>987388</total>
				<timestamp>91.684807</timestamp>
			</report>
			<report>
				<misses>1019001</misses>
				<total>988387</total>
				<timestamp>91.774829</timestamp>
			</report>
			<report>
				<misses>1020001</misses>
				<total>989386</total>
				<timestamp>91.864821</timestamp>
			</report>
			<report>
				<misses>1021001</misses>
				<total>990385</total>
				<timestamp>91.954809</timestamp>
			</report>
			<report>
				<misses>1022001</misses>
				<total>991384</total>
				<timestamp>92.044802</timestamp>
			</report>
			<report>
				<misses>1023001</misses>
				<total>992383</total>
				<timestamp>92.134796</timestamp>
			</report>
			<report>
				<misses>1024001</misses>
				<total>993382</total>
				<timestamp>92.224866</timestamp>
			</report>
			<report>
				<misses>1025001</misses>
				<total>994381</total>
				<timestamp>92.314797</timestamp>
			</report>
			<report>
				<misses>1026001</misses>
				<total>995380</total>
				<timestamp>92.404837</timestamp>
			</report>
			<report>
				<misses>1027001</misses>
				<total>996379</total>
				<timestamp>92.494829</timestamp>
			</report>
			<report>
				<misses>1028001</misses>
				<total>997378</total>
				<timestamp>92.584884</timestamp>
			</report>
			<report>
				<misses>1029001</misses>
				<total>998377</total>
				<timestamp>92.674961</timestamp>
			</report>
			<report>
				<misses>1030001</misses>
				<total>999376</total>
				<timestamp>92.764860</timestamp>
			</report>
			<report>
				<misses>1031001</misses>
				<total>1000375</total>
				<timestamp>92.854801</timestamp>
			</report>
			<report>
				<misses>1032001</misses>
				<total>1001374</total>
				<timestamp>92.944813</timestamp>
			</report>
			<report>
				<misses>1033001</misses>
				<total>1002373</total>
				<timestamp>93.034806</timestamp>
			</report>
			<report>
				<misses>1034001</misses>
				<total>1003372</total>
				<timestamp>93.124816</timestamp>
			</report>
			<report>
				<misses>1035001</misses>
				<total>1004371</total>
				<timestamp>93.214874</timestamp>
			</report>
			<report>
				<misses>1036001</misses>
				<total>1005370</total>
				<timestamp>93.308165</timestamp>
			</report>
			<report>
				<misses>1037001</misses>
				<total>1006369</total>
				<timestamp>93.398179</timestamp>
			</report>
			<report>
				<misses>1038001</misses>
				<total>1007368</total>
				<timestamp>93.488182</timestamp>
			</report>
			<report>
				<misses>1039001</misses>
				<total>1008367</total>
				<timestamp>93.578163</timestamp>
			</report>
			<report>
				<misses>1040001</misses>
				<total>1009366</total>
				<timestamp>93.668162</timestamp>
			</report>
			<report>
				<misses>1041001</misses>
				<total>1010365</total>
				<timestamp>93.758154</timestamp>
			</report>
			<report>
				<misses>1042001</misses>
				<total>1011364</total>
				<timestamp>93.848137</timestamp>
			</report>
			<report>
				<misses>1043001</misses>
				<total>1012363</total>
				<timestamp>93.938156</timestamp>
			</report>
			<report>
				<misses>1044001</misses>
				<total>1013362</total>
				<timestamp>94.028156</timestamp>
			</report>
			<report>
				<misses>1045001</misses>
				<total>1014361</total>
				<timestamp>94.118155</timestamp>
			</report>
			<report>
				<misses>1046001</misses>
				<total>1015360</total>
				<timestamp>94.208174</timestamp>
			</report>
			<report>
				<misses>1047001</misses>
				<total>1016359</total>
				<timestamp>94.298193</timestamp>
			</report>
			<report>
				<misses>1048001</misses>
				<total>1017358</total>
				<timestamp>94.388120</timestamp>
			</report>
			<report>
				<misses>1049001</misses>
				<total>1018357</total>
				<timestamp>94.478063</timestamp>
			</report>
			<report>
				<misses>1050001</misses>
				<total>1019356</total>
				<timestamp>94.568021</timestamp>
			</report>
			<report>
				<misses>1051001</misses>
				<total>1020355</total>
				<timestamp>94.657938</timestamp>
			</report>
			<report>
				<misses>1052001</misses>
				<total>1021354</total>
				<timestamp>94.747873</timestamp>
			</report>
			<report>
				<misses>1053001</misses>
				<total>1022353</total>
				<timestamp>94.837925</timestamp>
			</report>
			<report>
				<misses>1054001</misses>
				<total>1023352</total>
				<timestamp>94.927955</timestamp>
			</report>
			<report>
				<misses>1055001</misses>
				<total>1024351</total>
				<timestamp>95.017931</timestamp>
			</report>
			<report>
				<misses>1056001</misses>
				<total>1025350</total>
				<timestamp>95.107843</timestamp>
			</report>
			<report>
				<misses>1057001</misses>
				<total>1026349</total>
				<timestamp>95.197791</timestamp>
			</report>
			<report>
				<misses>1058001</misses>
				<total>1027348</total>
				<timestamp>95.287814</timestamp>
			</report>
			<report>
				<misses>1059001</misses>
				<total>1028347</total>
				<timestamp>95.377766</timestamp>
			</report>
			<report>
				<misses>1060001</misses>
				<total>1029346</total>
				<timestamp>95.467847</timestamp>
			</report>
			<report>
				<misses>1061001</misses>
				<total>1030345</total>
				<timestamp>95.557785</timestamp>
			</report>
			<report>
				<misses>1062001</misses>
				<total>1031344</total>
				<timestamp>95.647781</timestamp>
			</report>
			<report>
				<misses>1063001</misses>
				<total>1032343</total>
				<timestamp>95.737792</timestamp>
			</report>
			<report>
				<misses>1064001</misses>
				<total>1033342</total>
				<timestamp>95.827784</timestamp>
			</report>
			<report>
				<misses>1065001</misses>
				<total>1034341</total>
				<timestamp>95.917773</timestamp>
			</report>
			<report>
				<misses>1066001</misses>
				<total>1035340</total>
				<timestamp>96.007820</timestamp>
			</report>
			<report>
				<misses>1067001</misses>
				<total>1036339</total>
				<timestamp>96.097776</timestamp>
			</report>
			<report>
				<misses>1068001</misses>
				<total>1037338</total>
				<timestamp>96.187835</timestamp>
			</report>
			<report>
				<misses>1069001</misses>
				<total>1038337</total>
				<timestamp>96.277801</timestamp>
			</report>
			<report>
				<misses>1070001</misses>
				<total>1039336</total>
				<timestamp>96.367789</timestamp>
			</report>
			<report>
				<misses>1071001</misses>
				<total>1040335</total>
				<timestamp>96.457860</timestamp>
			</report>
			<report>
				<misses>1072001</misses>
				<total>1041334</total>
				<timestamp>96.547840</timestamp>
			</report>
			<report>
				<misses>1073001</misses>
				<total>1042333</total>
				<timestamp>96.637831</timestamp>
			</report>
			<report>
				<misses>1074001</misses>
				<total>1043332</total>
				<timestamp>96.727785</timestamp>
			</report>
			<report>
				<misses>1075001</misses>
				<total>1044331</total>
				<timestamp>96.817798</timestamp>
			</report>
			<report>
				<misses>1076001</misses>
				<total>1045330</total>
				<timestamp>96.907922</timestamp>
			</report>
			<report>
				<misses>1077001</misses>
				<total>1046329</total>
				<timestamp>96.997884</timestamp>
			</report>
			<report>
				<misses>1078001</misses>
				<total>1047328</total>
				<timestamp>97.087857</timestamp>
			</report>
			<report>
				<misses>1079001</misses>
				<total>1048327</total>
				<timestamp>97.177836</timestamp>
			</report>
			<report>
				<misses>1080001</misses>
				<total>1049326</total>
				<timestamp>97.267776</timestamp>
			</report>
			<report>
				<misses>1081001</misses>
				<total>1050325</total>
				<timestamp>97.357780</timestamp>
			</report>
			<report>
				<misses>1082001</misses>
				<total>1051324</total>
				<timestamp>97.447806</timestamp>
			</report>
			<report>
				<misses>1083001</misses>
				<total>1052323</total>
				<timestamp>97.538993</timestamp>
			</report>
			<report>
				<misses>1084001</misses>
				<total>1053322</total>
				<timestamp>97.631625</timestamp>
			</report>
			<report>
				<misses>1085001</misses>
				<total>1054321</total>
				<timestamp>97.721619</timestamp>
			</report>
			<report>
				<misses>1086001</misses>
				<total>1055320</total>
				<timestamp>97.811534</timestamp>
			</report>
			<report>
				<misses>1087001</misses>
				<total>1056319</total>
				<timestamp>97.901441</timestamp>
			</report>
			<report>
				<misses>1088001</misses>
				<total>1057318</total>
				<timestamp>97.994485</timestamp>
			</report>
			<report>
				<misses>1089001</misses>
				<total>1058317</total>
				<timestamp>98.084565</timestamp>
			</report>
			<report>
				<misses>1090001</misses>
				<total>1059316</total>
				<timestamp>98.174660</timestamp>
			</report>
			<report>
				<misses>1091001</misses>
				<total>1060315</total>
				<timestamp>98.264704</timestamp>
			</report>
			<report>
				<misses>1092001</misses>
				<total>1061314</total>
				<timestamp>98.354727</timestamp>
			</report>
			<report>
				<misses>1093001</misses>
				<total>1062313</total>
				<timestamp>98.444745</timestamp>
			</report>
			<report>
				<misses>1094001</misses>
				<total>1063312</total>
				<timestamp>98.534761</timestamp>
			</report>
			<report>
				<misses>1095001</misses>
				<total>1064311</total>
				<timestamp>98.624761</timestamp>
			</report>
			<report>
				<misses>1096001</misses>
				<total>1065281</total>
				<timestamp>98.714763</timestamp>
			</report>
			<report>
				<misses>1097001</misses>
				<total>1066280</total>
				<timestamp>98.804871</timestamp>
			</report>
			<report>
				<misses>1098001</misses>
				<total>1067279</total>
				<timestamp>98.894823</timestamp>
			</report>
			<report>
				<misses>1099001</misses>
				<total>1068278</total>
				<timestamp>98.984866</timestamp>
			</report>
			<report>
				<misses>1100001</misses>
				<total>1069277</total>
				<timestamp>99.074854</timestamp>
			</report>
			<report>
				<misses>1101001</misses>
				<total>1070276</total>
				<timestamp>99.164805</timestamp>
			</report>
			<report>
				<misses>1102001</misses>
				<total>1071275</total>
				<timestamp>99.254772</timestamp>
			</report>
			<report>
				<misses>1103001</misses>
				<total>1072274</total>
				<timestamp>99.344753</timestamp>
			</report>
			<report>
				<misses>1104001</misses>
				<total>1073273</total>
				<timestamp>99.434817</timestamp>
			</report>
			<report>
				<misses>1105001</misses>
				<total>1074272</total>
				<timestamp>99.524826</timestamp>
			</report>
			<report>
				<misses>1106001</misses>
				<total>1075271</total>
				<timestamp>99.614833</timestamp>
			</report>
			<report>
				<misses>1107001</misses>
				<total>1075862</total>
				<timestamp>99.704840</timestamp>
			</report>
			<report>
				<misses>1108001</misses>
				<total>1076240</total>
				<timestamp>99.794835</timestamp>
			</report>
			<report>
				<misses>1109001</misses>
				<total>1077239</total>
				<timestamp>99.884800</timestamp>
			</report>
			<report>
				<misses>1110001</misses>
				<total>1078238</total>
				<timestamp>99.974811</timestamp>
			</report>
			<report>
				<misses>1111001</misses>
				<total>1079237</total>
				<timestamp>100.064775</timestamp>
			</report>
			<report>
				<misses>1112001</misses>
				<total>1080236</total>
				<timestamp>100.154753</timestamp>
			</report>
			<report>
				<misses>1113001</misses>
				<total>1080521</total>
				<timestamp>100.244754</timestamp>
			</report>
			<report>
				<misses>1114001</misses>
				<total>1080822</total>
				<timestamp>100.334767</timestamp>
			</report>
			<report>
				<misses>1115001</misses>
				<total>1081821</total>
				<timestamp>100.424760</timestamp>
			</report>
			<report>
				<misses>1116001</misses>
				<total>1082820</total>
				<timestamp>100.514819</timestamp>
			</report>
			<report>
				<misses>1117001</misses>
				<total>1083819</total>
				<timestamp>100.604765</timestamp>
			</report>
			<report>
				<misses>1118001</misses>
				<total>1084790</total>
				<timestamp>100.694763</timestamp>
			</report>
			<report>
				<misses>1119001</misses>
				<total>1084795</total>
				<timestamp>100.784782</timestamp>
			</report>
			<report>
				<misses>1120001</misses>
				<total>1084795</total>
				<timestamp>100.874730</timestamp>
			</report>
			<report>
				<misses>1121001</misses>
				<total>1084795</total>
				<timestamp>100.964784</timestamp>
			</report>
			<report>
				<misses>1122001</misses>
				<total>1084796</total>
				<timestamp>101.059099</timestamp>
			</report>
			<report>
				<misses>1123001</misses>
				<total>1085091</total>
				<timestamp>101.149155</timestamp>
			</report>
			<report>
				<misses>1124001</misses>
				<total>1086090</total>
				<timestamp>101.239160</timestamp>
			</report>
			<report>
				<misses>1125001</misses>
				<total>1087089</total>
				<timestamp>101.329147</timestamp>
			</report>
			<report>
				<misses>1126001</misses>
				<total>1088088</total>
				<timestamp>101.419208</timestamp>
			</report>
			<report>
				<misses>1127001</misses>
				<total>1089087</total>
				<timestamp>101.509259</timestamp>
			</report>
			<report>
				<misses>1128001</misses>
				<total>1090086</total>
				<timestamp>101.599259</timestamp>
			</report>
			<report>
				<misses>1129001</misses>
				<total>1091085</total>
				<timestamp>101.689224</timestamp>
			</report>
			<report>
				<misses>1130001</misses>
				<total>1092084</total>
				<timestamp>101.779300</timestamp>
			</report>
			<report>
				<misses>1131001</misses>
				<total>1093083</total>
				<timestamp>101.869334</timestamp>
			</report>
			<report>
				<misses>1132001</misses>
				<total>1094082</total>
				<timestamp>101.959346</timestamp>
			</report>
			<report>
				<misses>1133001</misses>
				<total>1095081</total>
				<timestamp>102.049336</timestamp>
			</report>
			<report>
				<misses>1134001</misses>
				<total>1096080</total>
				<timestamp>102.139342</timestamp>
			</report>
			<report>
				<misses>1135001</misses>
				<total>1097079</total>
				<timestamp>102.229295</timestamp>
			</report>
			<report>
				<misses>1136001</misses>
				<total>1098078</total>
				<timestamp>102.319319</timestamp>
			</report>
			<report>
				<misses>1137001</misses>
				<total>1099077</total>
				<timestamp>102.409393</timestamp>
			</report>
			<report>
				<misses>1138001</misses>
				<total>1100076</total>
				<timestamp>102.499477</timestamp>
			</report>
			<report>
				<misses>1139001</misses>
				<total>1101075</total>
				<timestamp>102.589457</timestamp>
			</report>
			<report>
				<misses>1140001</misses>
				<total>1102074</total>
				<timestamp>102.679409</timestamp>
			</report>
			<report>
				<misses>1141001</misses>
				<total>1103073</total>
				<timestamp>102.769472</timestamp>
			</report>
			<report>
				<misses>1142001</misses>
				<total>1104072</total>
				<timestamp>102.859611</timestamp>
			</report>
			<report>
				<misses>1143001</misses>
				<total>1105071</total>
				<timestamp>102.951572</timestamp>
			</report>
			<report>
				<misses>1144001</misses>
				<total>1106070</total>
				<timestamp>103.041770</timestamp>
			</report>
			<report>
				<misses>1145001</misses>
				<total>1107069</total>
				<timestamp>103.131748</timestamp>
			</report>
			<report>
				<misses>1146001</misses>
				<total>1108068</total>
				<timestamp>103.221751</timestamp>
			</report>
			<report>
				<misses>1147001</misses>
				<total>1109067</total>
				<timestamp>103.311746</timestamp>
			</report>
			<report>
				<misses>1148001</misses>
				<total>1110066</total>
				<timestamp>103.401769</timestamp>
			</report>
			<report>
				<misses>1149001</misses>
				<total>1111065</total>
				<timestamp>103.491745</timestamp>
			</report>
			<report>
				<misses>1150001</misses>
				<total>1112064</total>
				<timestamp>103.582066</timestamp>
			</report>
			<report>
				<misses>1151001</misses>
				<total>1113063</total>
				<timestamp>103.672019</timestamp>
			</report>
			<report>
				<misses>1152001</misses>
				<total>1114062</total>
				<timestamp>103.761988</timestamp>
			</report>
			<report>
				<misses>1153001</misses>
				<total>1115061</total>
				<timestamp>103.851977</timestamp>
			</report>
			<report>
				<misses>1154001</misses>
				<total>1116060</total>
				<timestamp>103.941900</timestamp>
			</report>
			<report>
				<misses>1155001</misses>
				<total>1117059</total>
				<timestamp>104.031891</timestamp>
			</report>
			<report>
				<misses>1156001</misses>
				<total>1118058</total>
				<timestamp>104.121805</timestamp>
			</report>
			<report>
				<misses>1157001</misses>
				<total>1119057</total>
				<timestamp>104.211805</timestamp>
			</report>
			<report>
				<misses>1158001</misses>
				<total>1120056</total>
				<timestamp>104.301793</timestamp>
			</report>
			<report>
				<misses>1159001</misses>
				<total>1121055</total>
				<timestamp>104.391743</timestamp>
			</report>
			<report>
				<misses>1160001</misses>
				<total>1122054</total>
				<timestamp>104.481750</timestamp>
			</report>
			<report>
				<misses>1161001</misses>
				<total>1123053</total>
				<timestamp>104.571776</timestamp>
			</report>
			<report>
				<misses>1162001</misses>
				<total>1124052</total>
				<timestamp>104.661914</timestamp>
			</report>
			<report>
				<misses>1163001</misses>
				<total>1125051</total>
				<timestamp>104.751901</timestamp>
			</report>
			<report>
				<misses>1164001</misses>
				<total>1126050</total>
				<timestamp>104.841906</timestamp>
			</report>
			<report>
				<misses>1165001</misses>
				<total>1127049</total>
				<timestamp>104.931973</timestamp>
			</report>
			<report>
				<misses>1166001</misses>
				<total>1128048</total>
				<timestamp>105.021907</timestamp>
			</report>
			<report>
				<misses>1167001</misses>
				<total>1129047</total>
				<timestamp>105.111953</timestamp>
			</report>
			<report>
				<misses>1168001</misses>
				<total>1130046</total>
				<timestamp>105.201923</timestamp>
			</report>
			<report>
				<misses>1169001</misses>
				<total>1131045</total>
				<timestamp>105.291883</timestamp>
			</report>
			<report>
				<misses>1170001</misses>
				<total>1132044</total>
				<timestamp>105.381789</timestamp>
			</report>
			<report>
				<misses>1171001</misses>
				<total>1133043</total>
				<timestamp>105.471753</timestamp>
			</report>
			<report>
				<misses>1172001</misses>
				<total>1134042</total>
				<timestamp>105.561725</timestamp>
			</report>
			<report>
				<misses>1173001</misses>
				<total>1135041</total>
				<timestamp>105.651759</timestamp>
			</report>
			<report>
				<misses>1174001</misses>
				<total>1136040</total>
				<timestamp>105.741777</timestamp>
			</report>
			<report>
				<misses>1175001</misses>
				<total>1137039</total>
				<timestamp>105.831729</timestamp>
			</report>
			<report>
				<misses>1176001</misses>
				<total>1138038</total>
				<timestamp>105.921716</timestamp>
			</report>
			<report>
				<misses>1177001</misses>
				<total>1139037</total>
				<timestamp>106.011711</timestamp>
			</report>
			<report>
				<misses>1178001</misses>
				<total>1140036</total>
				<timestamp>106.101653</timestamp>
			</report>
			<report>
				<misses>1179001</misses>
				<total>1141035</total>
				<timestamp>106.191720</timestamp>
			</report>
			<report>
				<misses>1180001</misses>
				<total>1142034</total>
				<timestamp>106.281728</timestamp>
			</report>
			<report>
				<misses>1181001</misses>
				<total>1143033</total>
				<timestamp>106.371784</timestamp>
			</report>
			<report>
				<misses>1182001</misses>
				<total>1144032</total>
				<timestamp>106.461759</timestamp>
			</report>
			<report>
				<misses>1183001</misses>
				<total>1145031</total>
				<timestamp>106.551711</timestamp>
			</report>
			<report>
				<misses>1184001</misses>
				<total>1146030</total>
				<timestamp>106.641648</timestamp>
			</report>
			<report>
				<misses>1185001</misses>
				<total>1147029</total>
				<timestamp>106.731654</timestamp>
			</report>
			<report>
				<misses>1186001</misses>
				<total>1148028</total>
				<timestamp>106.821646</timestamp>
			</report>
			<report>
				<misses>1187001</misses>
				<total>1149027</total>
				<timestamp>106.911646</timestamp>
			</report>
			<report>
				<misses>1188001</misses>
				<total>1150026</total>
				<timestamp>107.001643</timestamp>
			</report>
			<report>
				<misses>1189001</misses>
				<total>1151025</total>
				<timestamp>107.091675</timestamp>
			</report>
			<report>
				<misses>1190001</misses>
				<total>1152024</total>
				<timestamp>107.181692</timestamp>
			</report>
			<report>
				<misses>1191001</misses>
				<total>1153023</total>
				<timestamp>107.271690</timestamp>
			</report>
			<report>
				<misses>1192001</misses>
				<total>1154022</total>
				<timestamp>107.361649</timestamp>
			</report>
			<report>
				<misses>1193001</misses>
				<total>1155021</total>
				<timestamp>107.451651</timestamp>
			</report>
			<report>
				<misses>1194001</misses>
				<total>1156020</total>
				<timestamp>107.541647</timestamp>
			</report>
			<report>
				<misses>1195001</misses>
				<total>1157019</total>
				<timestamp>107.631649</timestamp>
			</report>
			<report>
				<misses>1196001</misses>
				<total>1158018</total>
				<timestamp>107.721707</timestamp>
			</report>
			<report>
				<misses>1197001</misses>
				<total>1159017</total>
				<timestamp>107.811716</timestamp>
			</report>
			<report>
				<misses>1198001</misses>
				<total>1160016</total>
				<timestamp>107.901755</timestamp>
			</report>
			<report>
				<misses>1199001</misses>
				<total>1161015</total>
				<timestamp>107.991777</timestamp>
			</report>
			<report>
				<misses>1200001</misses>
				<total>1162014</total>
				<timestamp>108.081714</timestamp>
			</report>
			<report>
				<misses>1201001</misses>
				<total>1163013</total>
				<timestamp>108.171707</timestamp>
			</report>
			<report>
				<misses>1202001</misses>
				<total>1164012</total>
				<timestamp>108.261666</timestamp>
			</report>
			<report>
				<misses>1203001</misses>
				<total>1165011</total>
				<timestamp>108.351700</timestamp>
			</report>
			<report>
				<misses>1204001</misses>
				<total>1166010</total>
				<timestamp>108.441689</timestamp>
			</report>
			<report>
				<misses>1205001</misses>
				<total>1167009</total>
				<timestamp>108.531729</timestamp>
			</report>
			<report>
				<misses>1206001</misses>
				<total>1168008</total>
				<timestamp>108.621776</timestamp>
			</report>
			<report>
				<misses>1207001</misses>
				<total>1169007</total>
				<timestamp>108.712972</timestamp>
			</report>
			<report>
				<misses>1208001</misses>
				<total>1170006</total>
				<timestamp>108.802979</timestamp>
			</report>
			<report>
				<misses>1209001</misses>
				<total>1171005</total>
				<timestamp>108.892995</timestamp>
			</report>
			<report>
				<misses>1210001</misses>
				<total>1172004</total>
				<timestamp>108.982974</timestamp>
			</report>
			<report>
				<misses>1211001</misses>
				<total>1173003</total>
				<timestamp>109.073023</timestamp>
			</report>
			<report>
				<misses>1212001</misses>
				<total>1174002</total>
				<timestamp>109.163030</timestamp>
			</report>
			<report>
				<misses>1213001</misses>
				<total>1175001</total>
				<timestamp>109.253007</timestamp>
			</report>
			<report>
				<misses>1214001</misses>
				<total>1176000</total>
				<timestamp>109.342975</timestamp>
			</report>
			<report>
				<misses>1215001</misses>
				<total>1176999</total>
				<timestamp>109.432995</timestamp>
			</report>
			<report>
				<misses>1216001</misses>
				<total>1177998</total>
				<timestamp>109.522972</timestamp>
			</report>
			<report>
				<misses>1217001</misses>
				<total>1178997</total>
				<timestamp>109.612872</timestamp>
			</report>
			<report>
				<misses>1218001</misses>
				<total>1179996</total>
				<timestamp>109.702781</timestamp>
			</report>
			<report>
				<misses>1219001</misses>
				<total>1180995</total>
				<timestamp>109.792713</timestamp>
			</report>
			<report>
				<misses>1220001</misses>
				<total>1181994</total>
				<timestamp>109.882715</timestamp>
			</report>
			<report>
				<misses>1221001</misses>
				<total>1182993</total>
				<timestamp>109.972762</timestamp>
			</report>
			<report>
				<misses>1222001</misses>
				<total>1183992</total>
				<timestamp>110.062721</timestamp>
			</report>
			<report>
				<misses>1223001</misses>
				<total>1184991</total>
				<timestamp>110.152723</timestamp>
			</report>
			<report>
				<misses>1224001</misses>
				<total>1185990</total>
				<timestamp>110.242733</timestamp>
			</report>
			<report>
				<misses>1225001</misses>
				<total>1186989</total>
				<timestamp>110.332758</timestamp>
			</report>
			<report>
				<misses>1226001</misses>
				<total>1187988</total>
				<timestamp>110.422778</timestamp>
			</report>
			<report>
				<misses>1227001</misses>
				<total>1188987</total>
				<timestamp>110.512745</timestamp>
			</report>
			<report>
				<misses>1228001</misses>
				<total>1189986</total>
				<timestamp>110.602756</timestamp>
			</report>
			<report>
				<misses>1229001</misses>
				<total>1190985</total>
				<timestamp>110.692721</timestamp>
			</report>
			<report>
				<misses>1230001</misses>
				<total>1191984</total>
				<timestamp>110.782818</timestamp>
			</report>
			<report>
				<misses>1231001</misses>
				<total>1192983</total>
				<timestamp>110.872807</timestamp>
			</report>
			<report>
				<misses>1232001</misses>
				<total>1193982</total>
				<timestamp>110.962801</timestamp>
			</report>
			<report>
				<misses>1233001</misses>
				<total>1194981</total>
				<timestamp>111.052806</timestamp>
			</report>
			<report>
				<misses>1234001</misses>
				<total>1195980</total>
				<timestamp>111.142800</timestamp>
			</report>
			<report>
				<misses>1235001</misses>
				<total>1196979</total>
				<timestamp>111.232793</timestamp>
			</report>
			<report>
				<misses>1236001</misses>
				<total>1197978</total>
				<timestamp>111.322809</timestamp>
			</report>
			<report>
				<misses>1237001</misses>
				<total>1198977</total>
				<timestamp>111.412786</timestamp>
			</report>
			<report>
				<misses>1238001</misses>
				<total>1199976</total>
				<timestamp>111.502788</timestamp>
			</report>
			<report>
				<misses>1239001</misses>
				<total>1200975</total>
				<timestamp>111.592722</timestamp>
			</report>
			<report>
				<misses>1240001</misses>
				<total>1201974</total>
				<timestamp>111.682702</timestamp>
			</report>
			<report>
				<misses>1241001</misses>
				<total>1202973</total>
				<timestamp>111.772712</timestamp>
			</report>
			<report>
				<misses>1242001</misses>
				<total>1203972</total>
				<timestamp>111.862705</timestamp>
			</report>
			<report>
				<misses>1243001</misses>
				<total>1204971</total>
				<timestamp>111.952688</timestamp>
			</report>
			<report>
				<misses>1244001</misses>
				<total>1205970</total>
				<timestamp>112.042663</timestamp>
			</report>
			<report>
				<misses>1245001</misses>
				<total>1206969</total>
				<timestamp>112.132802</timestamp>
			</report>
			<report>
				<misses>1246001</misses>
				<total>1207968</total>
				<timestamp>112.222868</timestamp>
			</report>
			<report>
				<misses>1247001</misses>
				<total>1208967</total>
				<timestamp>112.312802</timestamp>
			</report>
			<report>
				<misses>1248001</misses>
				<total>1209966</total>
				<timestamp>112.402795</timestamp>
			</report>
			<report>
				<misses>1249001</misses>
				<total>1210965</total>
				<timestamp>112.492797</timestamp>
			</report>
			<report>
				<misses>1250001</misses>
				<total>1211964</total>
				<timestamp>112.582790</timestamp>
			</report>
			<report>
				<misses>1251001</misses>
				<total>1212963</total>
				<timestamp>112.672752</timestamp>
			</report>
			<report>
				<misses>1252001</misses>
				<total>1213962</total>
				<timestamp>112.762751</timestamp>
			</report>
			<report>
				<misses>1253001</misses>
				<total>1214961</total>
				<timestamp>112.852710</timestamp>
			</report>
			<report>
				<misses>1254001</misses>
				<total>1215960</total>
				<timestamp>112.942716</timestamp>
			</report>
			<report>
				<misses>1255001</misses>
				<total>1216959</total>
				<timestamp>113.032735</timestamp>
			</report>
			<report>
				<misses>1256001</misses>
				<total>1217958</total>
				<timestamp>113.122714</timestamp>
			</report>
			<report>
				<misses>1257001</misses>
				<total>1218957</total>
				<timestamp>113.212736</timestamp>
			</report>
			<report>
				<misses>1258001</misses>
				<total>1219956</total>
				<timestamp>113.302733</timestamp>
			</report>
			<report>
				<misses>1259001</misses>
				<total>1220955</total>
				<timestamp>113.392726</timestamp>
			</report>
			<report>
				<misses>1260001</misses>
				<total>1221954</total>
				<timestamp>113.482718</timestamp>
			</report>
			<report>
				<misses>1261001</misses>
				<total>1222953</total>
				<timestamp>113.572883</timestamp>
			</report>
			<report>
				<misses>1262001</misses>
				<total>1223952</total>
				<timestamp>113.662810</timestamp>
			</report>
			<report>
				<misses>1263001</misses>
				<total>1224951</total>
				<timestamp>113.752846</timestamp>
			</report>
			<report>
				<misses>1264001</misses>
				<total>1225950</total>
				<timestamp>113.842796</timestamp>
			</report>
			<report>
				<misses>1265001</misses>
				<total>1226949</total>
				<timestamp>113.932803</timestamp>
			</report>
			<report>
				<misses>1266001</misses>
				<total>1227948</total>
				<timestamp>114.022789</timestamp>
			</report>
			<report>
				<misses>1267001</misses>
				<total>1228947</total>
				<timestamp>114.112741</timestamp>
			</report>
			<report>
				<misses>1268001</misses>
				<total>1229946</total>
				<timestamp>114.202706</timestamp>
			</report>
			<report>
				<misses>1269001</misses>
				<total>1230945</total>
				<timestamp>114.292734</timestamp>
			</report>
			<report>
				<misses>1270001</misses>
				<total>1231944</total>
				<timestamp>114.382759</timestamp>
			</report>
			<report>
				<misses>1271001</misses>
				<total>1232943</total>
				<timestamp>114.472738</timestamp>
			</report>
			<report>
				<misses>1272001</misses>
				<total>1233942</total>
				<timestamp>114.562726</timestamp>
			</report>
			<report>
				<misses>1273001</misses>
				<total>1234941</total>
				<timestamp>114.652751</timestamp>
			</report>
			<report>
				<misses>1274001</misses>
				<total>1235940</total>
				<timestamp>114.742747</timestamp>
			</report>
			<report>
				<misses>1275001</misses>
				<total>1236939</total>
				<timestamp>114.832731</timestamp>
			</report>
			<report>
				<misses>1276001</misses>
				<total>1237938</total>
				<timestamp>114.922735</timestamp>
			</report>
			<report>
				<misses>1277001</misses>
				<total>1238937</total>
				<timestamp>115.012765</timestamp>
			</report>
			<report>
				<misses>1278001</misses>
				<total>1239936</total>
				<timestamp>115.102790</timestamp>
			</report>
			<report>
				<misses>1279001</misses>
				<total>1240935</total>
				<timestamp>115.192798</timestamp>
			</report>
			<report>
				<misses>1280001</misses>
				<total>1241934</total>
				<timestamp>115.282788</timestamp>
			</report>
			<report>
				<misses>1281001</misses>
				<total>1242933</total>
				<timestamp>115.372757</timestamp>
			</report>
			<report>
				<misses>1282001</misses>
				<total>1243932</total>
				<timestamp>115.462771</timestamp>
			</report>
			<report>
				<misses>1283001</misses>
				<total>1244931</total>
				<timestamp>115.557944</timestamp>
			</report>
			<report>
				<misses>1284001</misses>
				<total>1245930</total>
				<timestamp>115.648713</timestamp>
			</report>
			<report>
				<misses>1285001</misses>
				<total>1246929</total>
				<timestamp>115.738719</timestamp>
			</report>
			<report>
				<misses>1286001</misses>
				<total>1247928</total>
				<timestamp>115.831177</timestamp>
			</report>
			<report>
				<misses>1287001</misses>
				<total>1248927</total>
				<timestamp>115.921177</timestamp>
			</report>
			<report>
				<misses>1288001</misses>
				<total>1249926</total>
				<timestamp>116.011880</timestamp>
			</report>
			<report>
				<misses>1289001</misses>
				<total>1250925</total>
				<timestamp>116.101789</timestamp>
			</report>
			<report>
				<misses>1290001</misses>
				<total>1251924</total>
				<timestamp>116.191724</timestamp>
			</report>
			<report>
				<misses>1291001</misses>
				<total>1252923</total>
				<timestamp>116.281709</timestamp>
			</report>
			<report>
				<misses>1292001</misses>
				<total>1253922</total>
				<timestamp>116.371788</timestamp>
			</report>
			<report>
				<misses>1293001</misses>
				<total>1254921</total>
				<timestamp>116.461786</timestamp>
			</report>
			<report>
				<misses>1294001</misses>
				<total>1255920</total>
				<timestamp>116.551706</timestamp>
			</report>
			<report>
				<misses>1295001</misses>
				<total>1256919</total>
				<timestamp>116.641728</timestamp>
			</report>
			<report>
				<misses>1296001</misses>
				<total>1257918</total>
				<timestamp>116.731733</timestamp>
			</report>
			<report>
				<misses>1297001</misses>
				<total>1258917</total>
				<timestamp>116.821759</timestamp>
			</report>
			<report>
				<misses>1298001</misses>
				<total>1259916</total>
				<timestamp>116.911708</timestamp>
			</report>
			<report>
				<misses>1299001</misses>
				<total>1260915</total>
				<timestamp>117.001717</timestamp>
			</report>
			<report>
				<misses>1300001</misses>
				<total>1261914</total>
				<timestamp>117.091691</timestamp>
			</report>
			<report>
				<misses>1301001</misses>
				<total>1262913</total>
				<timestamp>117.181660</timestamp>
			</report>
			<report>
				<misses>1302001</misses>
				<total>1263912</total>
				<timestamp>117.271787</timestamp>
			</report>
			<report>
				<misses>1303001</misses>
				<total>1264911</total>
				<timestamp>117.361738</timestamp>
			</report>
			<report>
				<misses>1304001</misses>
				<total>1265910</total>
				<timestamp>117.451721</timestamp>
			</report>
			<report>
				<misses>1305001</misses>
				<total>1266909</total>
				<timestamp>117.541734</timestamp>
			</report>
			<report>
				<misses>1306001</misses>
				<total>1267908</total>
				<timestamp>117.631755</timestamp>
			</report>
			<report>
				<misses>1307001</misses>
				<total>1268907</total>
				<timestamp>117.721741</timestamp>
			</report>
			<report>
				<misses>1308001</misses>
				<total>1269906</total>
				<timestamp>117.811703</timestamp>
			</report>
			<report>
				<misses>1309001</misses>
				<total>1270905</total>
				<timestamp>117.901714</timestamp>
			</report>
			<report>
				<misses>1310001</misses>
				<total>1271904</total>
				<timestamp>117.991737</timestamp>
			</report>
			<report>
				<misses>1311001</misses>
				<total>1272903</total>
				<timestamp>118.081716</timestamp>
			</report>
			<report>
				<misses>1312001</misses>
				<total>1273902</total>
				<timestamp>118.171723</timestamp>
			</report>
			<report>
				<misses>1313001</misses>
				<total>1274901</total>
				<timestamp>118.261741</timestamp>
			</report>
			<report>
				<misses>1314001</misses>
				<total>1275900</total>
				<timestamp>118.351704</timestamp>
			</report>
			<report>
				<misses>1315001</misses>
				<total>1276899</total>
				<timestamp>118.441712</timestamp>
			</report>
			<report>
				<misses>1316001</misses>
				<total>1277898</total>
				<timestamp>118.531766</timestamp>
			</report>
			<report>
				<misses>1317001</misses>
				<total>1278897</total>
				<timestamp>118.621723</timestamp>
			</report>
			<report>
				<misses>1318001</misses>
				<total>1279896</total>
				<timestamp>118.711747</timestamp>
			</report>
			<report>
				<misses>1319001</misses>
				<total>1280895</total>
				<timestamp>118.801843</timestamp>
			</report>
			<report>
				<misses>1320001</misses>
				<total>1281894</total>
				<timestamp>118.891804</timestamp>
			</report>
			<report>
				<misses>1321001</misses>
				<total>1282893</total>
				<timestamp>118.981808</timestamp>
			</report>
			<report>
				<misses>1322001</misses>
				<total>1283892</total>
				<timestamp>119.071784</timestamp>
			</report>
			<report>
				<misses>1323001</misses>
				<total>1284891</total>
				<timestamp>119.161719</timestamp>
			</report>
			<report>
				<misses>1324001</misses>
				<total>1285890</total>
				<timestamp>119.251702</timestamp>
			</report>
			<report>
				<misses>1325001</misses>
				<total>1286889</total>
				<timestamp>119.341789</timestamp>
			</report>
			<report>
				<misses>1326001</misses>
				<total>1287888</total>
				<timestamp>119.431841</timestamp>
			</report>
			<report>
				<misses>1327001</misses>
				<total>1288887</total>
				<timestamp>119.521849</timestamp>
			</report>
			<report>
				<misses>1328001</misses>
				<total>1289886</total>
				<timestamp>119.611788</timestamp>
			</report>
			<report>
				<misses>1329001</misses>
				<total>1290885</total>
				<timestamp>119.701725</timestamp>
			</report>
			<report>
				<misses>1330001</misses>
				<total>1291884</total>
				<timestamp>119.791752</timestamp>
			</report>
			<report>
				<misses>1331001</misses>
				<total>1292883</total>
				<timestamp>119.881796</timestamp>
			</report>
			<report>
				<misses>1332001</misses>
				<total>1293882</total>
				<timestamp>119.971782</timestamp>
			</report>
			<report>
				<misses>1333001</misses>
				<total>1294881</total>
				<timestamp>120.061782</timestamp>
			</report>
			<report>
				<misses>1334001</misses>
				<total>1295880</total>
				<timestamp>120.151695</timestamp>
			</report>
			<report>
				<misses>1335001</misses>
				<total>1296879</total>
				<timestamp>120.241678</timestamp>
			</report>
			<report>
				<misses>1336001</misses>
				<total>1297878</total>
				<timestamp>120.331734</timestamp>
			</report>
			<report>
				<misses>1337001</misses>
				<total>1298877</total>
				<timestamp>120.421747</timestamp>
			</report>
			<report>
				<misses>1338001</misses>
				<total>1299876</total>
				<timestamp>120.511716</timestamp>
			</report>
			<report>
				<misses>1339001</misses>
				<total>1300875</total>
				<timestamp>120.601700</timestamp>
			</report>
			<report>
				<misses>1340001</misses>
				<total>1301874</total>
				<timestamp>120.691649</timestamp>
			</report>
			<report>
				<misses>1341001</misses>
				<total>1302873</total>
				<timestamp>120.781704</timestamp>
			</report>
			<report>
				<misses>1342001</misses>
				<total>1303872</total>
				<timestamp>120.871735</timestamp>
			</report>
			<report>
				<misses>1343001</misses>
				<total>1304871</total>
				<timestamp>120.961784</timestamp>
			</report>
			<report>
				<misses>1344001</misses>
				<total>1305870</total>
				<timestamp>121.051729</timestamp>
			</report>
			<report>
				<misses>1345001</misses>
				<total>1306869</total>
				<timestamp>121.141690</timestamp>
			</report>
			<report>
				<misses>1346001</misses>
				<total>1307868</total>
				<timestamp>121.231749</timestamp>
			</report>
			<report>
				<misses>1347001</misses>
				<total>1308867</total>
				<timestamp>121.321734</timestamp>
			</report>
			<report>
				<misses>1348001</misses>
				<total>1309866</total>
				<timestamp>121.411711</timestamp>
			</report>
			<report>
				<misses>1349001</misses>
				<total>1310865</total>
				<timestamp>121.501729</timestamp>
			</report>
			<report>
				<misses>1350001</misses>
				<total>1311864</total>
				<timestamp>121.591705</timestamp>
			</report>
			<report>
				<misses>1351001</misses>
				<total>1312863</total>
				<timestamp>121.681704</timestamp>
			</report>
			<report>
				<misses>1352001</misses>
				<total>1313862</total>
				<timestamp>121.771692</timestamp>
			</report>
			<report>
				<misses>1353001</misses>
				<total>1314861</total>
				<timestamp>121.861704</timestamp>
			</report>
			<report>
				<misses>1354001</misses>
				<total>1315860</total>
				<timestamp>121.951739</timestamp>
			</report>
			<report>
				<misses>1355001</misses>
				<total>1316859</total>
				<timestamp>122.041686</timestamp>
			</report>
			<report>
				<misses>1356001</misses>
				<total>1317858</total>
				<timestamp>122.131711</timestamp>
			</report>
			<report>
				<misses>1357001</misses>
				<total>1318857</total>
				<timestamp>122.221692</timestamp>
			</report>
			<report>
				<misses>1358001</misses>
				<total>1319856</total>
				<timestamp>122.311616</timestamp>
			</report>
			<report>
				<misses>1359001</misses>
				<total>1320855</total>
				<timestamp>122.401682</timestamp>
			</report>
			<report>
				<misses>1360001</misses>
				<total>1321854</total>
				<timestamp>122.491635</timestamp>
			</report>
			<report>
				<misses>1361001</misses>
				<total>1322853</total>
				<timestamp>122.581718</timestamp>
			</report>
			<report>
				<misses>1362001</misses>
				<total>1323852</total>
				<timestamp>122.671734</timestamp>
			</report>
			<report>
				<misses>1363001</misses>
				<total>1324851</total>
				<timestamp>122.761734</timestamp>
			</report>
			<report>
				<misses>1364001</misses>
				<total>1325850</total>
				<timestamp>122.851730</timestamp>
			</report>
			<report>
				<misses>1365001</misses>
				<total>1326849</total>
				<timestamp>122.941738</timestamp>
			</report>
			<report>
				<misses>1366001</misses>
				<total>1327848</total>
				<timestamp>123.031714</timestamp>
			</report>
			<report>
				<misses>1367001</misses>
				<total>1328847</total>
				<timestamp>123.121740</timestamp>
			</report>
			<report>
				<misses>1368001</misses>
				<total>1329846</total>
				<timestamp>123.211776</timestamp>
			</report>
			<report>
				<misses>1369001</misses>
				<total>1330845</total>
				<timestamp>123.301699</timestamp>
			</report>
			<report>
				<misses>1370001</misses>
				<total>1331844</total>
				<timestamp>123.391673</timestamp>
			</report>
			<report>
				<misses>1371001</misses>
				<total>1332843</total>
				<timestamp>123.481645</timestamp>
			</report>
			<report>
				<misses>1372001</misses>
				<total>1333842</total>
				<timestamp>123.571659</timestamp>
			</report>
			<report>
				<misses>1373001</misses>
				<total>1334841</total>
				<timestamp>123.661751</timestamp>
			</report>
			<report>
				<misses>1374001</misses>
				<total>1335840</total>
				<timestamp>123.751733</timestamp>
			</report>
			<report>
				<misses>1375001</misses>
				<total>1336839</total>
				<timestamp>123.841703</timestamp>
			</report>
			<report>
				<misses>1376001</misses>
				<total>1337838</total>
				<timestamp>123.931695</timestamp>
			</report>
			<report>
				<misses>1377001</misses>
				<total>1338837</total>
				<timestamp>124.021674</timestamp>
			</report>
			<report>
				<misses>1378001</misses>
				<total>1339836</total>
				<timestamp>124.111633</timestamp>
			</report>
			<report>
				<misses>1379001</misses>
				<total>1340835</total>
				<timestamp>124.201720</timestamp>
			</report>
			<report>
				<misses>1380001</misses>
				<total>1341834</total>
				<timestamp>124.291740</timestamp>
			</report>
			<report>
				<misses>1381001</misses>
				<total>1342833</total>
				<timestamp>124.381747</timestamp>
			</report>
			<report>
				<misses>1382001</misses>
				<total>1343832</total>
				<timestamp>124.471731</timestamp>
			</report>
			<report>
				<misses>1383001</misses>
				<total>1344831</total>
				<timestamp>124.561725</timestamp>
			</report>
			<report>
				<misses>1384001</misses>
				<total>1345830</total>
				<timestamp>124.651713</timestamp>
			</report>
			<report>
				<misses>1385001</misses>
				<total>1346829</total>
				<timestamp>124.741713</timestamp>
			</report>
			<report>
				<misses>1386001</misses>
				<total>1347828</total>
				<timestamp>124.831741</timestamp>
			</report>
			<report>
				<misses>1387001</misses>
				<total>1348827</total>
				<timestamp>124.921706</timestamp>
			</report>
			<report>
				<misses>1388001</misses>
				<total>1349826</total>
				<timestamp>125.011774</timestamp>
			</report>
			<report>
				<misses>1389001</misses>
				<total>1350825</total>
				<timestamp>125.101780</timestamp>
			</report>
			<report>
				<misses>1390001</misses>
				<total>1351824</total>
				<timestamp>125.191733</timestamp>
			</report>
			<report>
				<misses>1391001</misses>
				<total>1352823</total>
				<timestamp>125.281721</timestamp>
			</report>
			<report>
				<misses>1392001</misses>
				<total>1353822</total>
				<timestamp>125.371702</timestamp>
			</report>
			<report>
				<misses>1393001</misses>
				<total>1354821</total>
				<timestamp>125.461639</timestamp>
			</report>
			<report>
				<misses>1394001</misses>
				<total>1355820</total>
				<timestamp>125.551627</timestamp>
			</report>
			<report>
				<misses>1395001</misses>
				<total>1356819</total>
				<timestamp>125.641684</timestamp>
			</report>
			<report>
				<misses>1396001</misses>
				<total>1357818</total>
				<timestamp>125.731680</timestamp>
			</report>
			<report>
				<misses>1397001</misses>
				<total>1358817</total>
				<timestamp>125.821631</timestamp>
			</report>
			<report>
				<misses>1398001</misses>
				<total>1359816</total>
				<timestamp>125.911668</timestamp>
			</report>
			<report>
				<misses>1399001</misses>
				<total>1360815</total>
				<timestamp>126.001648</timestamp>
			</report>
			<report>
				<misses>1400001</misses>
				<total>1361814</total>
				<timestamp>126.091730</timestamp>
			</report>
			<report>
				<misses>1401001</misses>
				<total>1362813</total>
				<timestamp>126.181727</timestamp>
			</report>
			<report>
				<misses>1402001</misses>
				<total>1363812</total>
				<timestamp>126.271729</timestamp>
			</report>
			<report>
				<misses>1403001</misses>
				<total>1364811</total>
				<timestamp>126.361725</timestamp>
			</report>
			<report>
				<misses>1404001</misses>
				<total>1365810</total>
				<timestamp>126.451879</timestamp>
			</report>
			<report>
				<misses>1405001</misses>
				<total>1366809</total>
				<timestamp>126.541799</timestamp>
			</report>
			<report>
				<misses>1406001</misses>
				<total>1367808</total>
				<timestamp>126.631798</timestamp>
			</report>
			<report>
				<misses>1407001</misses>
				<total>1368807</total>
				<timestamp>126.721809</timestamp>
			</report>
			<report>
				<misses>1408001</misses>
				<total>1369806</total>
				<timestamp>126.811783</timestamp>
			</report>
			<report>
				<misses>1409001</misses>
				<total>1370805</total>
				<timestamp>126.901726</timestamp>
			</report>
			<report>
				<misses>1410001</misses>
				<total>1371804</total>
				<timestamp>126.991686</timestamp>
			</report>
			<report>
				<misses>1411001</misses>
				<total>1372803</total>
				<timestamp>127.081665</timestamp>
			</report>
			<report>
				<misses>1412001</misses>
				<total>1373802</total>
				<timestamp>127.171618</timestamp>
			</report>
			<report>
				<misses>1413001</misses>
				<total>1374801</total>
				<timestamp>127.261619</timestamp>
			</report>
			<report>
				<misses>1414001</misses>
				<total>1375403</total>
				<timestamp>127.351693</timestamp>
			</report>
			<report>
				<misses>1415001</misses>
				<total>1376241</total>
				<timestamp>127.441717</timestamp>
			</report>
			<report>
				<misses>1416001</misses>
				<total>1377240</total>
				<timestamp>127.531724</timestamp>
			</report>
			<report>
				<misses>1417001</misses>
				<total>1378239</total>
				<timestamp>127.621791</timestamp>
			</report>
			<report>
				<misses>1418001</misses>
				<total>1379238</total>
				<timestamp>127.711787</timestamp>
			</report>
			<report>
				<misses>1419001</misses>
				<total>1380237</total>
				<timestamp>127.801735</timestamp>
			</report>
			<report>
				<misses>1420001</misses>
				<total>1381236</total>
				<timestamp>127.891695</timestamp>
			</report>
			<report>
				<misses>1421001</misses>
				<total>1382235</total>
				<timestamp>127.981703</timestamp>
			</report>
			<report>
				<misses>1422001</misses>
				<total>1383234</total>
				<timestamp>128.071715</timestamp>
			</report>
			<report>
				<misses>1423001</misses>
				<total>1384233</total>
				<timestamp>128.161709</timestamp>
			</report>
			<report>
				<misses>1424001</misses>
				<total>1385232</total>
				<timestamp>128.251705</timestamp>
			</report>
			<report>
				<misses>1425001</misses>
				<total>1386231</total>
				<timestamp>128.341734</timestamp>
			</report>
			<report>
				<misses>1426001</misses>
				<total>1387230</total>
				<timestamp>128.431700</timestamp>
			</report>
			<report>
				<misses>1427001</misses>
				<total>1388229</total>
				<timestamp>128.522008</timestamp>
			</report>
			<report>
				<misses>1428001</misses>
				<total>1389228</total>
				<timestamp>128.611978</timestamp>
			</report>
			<report>
				<misses>1429001</misses>
				<total>1390227</total>
				<timestamp>128.701974</timestamp>
			</report>
			<report>
				<misses>1430001</misses>
				<total>1391226</total>
				<timestamp>128.792017</timestamp>
			</report>
			<report>
				<misses>1431001</misses>
				<total>1391891</total>
				<timestamp>128.882010</timestamp>
			</report>
			<report>
				<misses>1432001</misses>
				<total>1392203</total>
				<timestamp>128.972043</timestamp>
			</report>
			<report>
				<misses>1433001</misses>
				<total>1393202</total>
				<timestamp>129.061976</timestamp>
			</report>
			<report>
				<misses>1434001</misses>
				<total>1394201</total>
				<timestamp>129.151968</timestamp>
			</report>
			<report>
				<misses>1435001</misses>
				<total>1395200</total>
				<timestamp>129.241916</timestamp>
			</report>
			<report>
				<misses>1436001</misses>
				<total>1396199</total>
				<timestamp>129.331936</timestamp>
			</report>
			<report>
				<misses>1437001</misses>
				<total>1397198</total>
				<timestamp>129.421874</timestamp>
			</report>
			<report>
				<misses>1438001</misses>
				<total>1398197</total>
				<timestamp>129.511798</timestamp>
			</report>
			<report>
				<misses>1439001</misses>
				<total>1399196</total>
				<timestamp>129.601787</timestamp>
			</report>
			<report>
				<misses>1440001</misses>
				<total>1400195</total>
				<timestamp>129.691705</timestamp>
			</report>
			<report>
				<misses>1441001</misses>
				<total>1401194</total>
				<timestamp>129.781721</timestamp>
			</report>
			<report>
				<misses>1442001</misses>
				<total>1402193</total>
				<timestamp>129.871708</timestamp>
			</report>
			<report>
				<misses>1443001</misses>
				<total>1402238</total>
				<timestamp>129.961693</timestamp>
			</report>
			<report>
				<misses>1444001</misses>
				<total>1402239</total>
				<timestamp>130.051606</timestamp>
			</report>
			<report>
				<misses>1445001</misses>
				<total>1402845</total>
				<timestamp>130.141591</timestamp>
			</report>
			<report>
				<misses>1446001</misses>
				<total>1403844</total>
				<timestamp>130.231749</timestamp>
			</report>
			<report>
				<misses>1447001</misses>
				<total>1404843</total>
				<timestamp>130.321752</timestamp>
			</report>
			<report>
				<misses>1448001</misses>
				<total>1405577</total>
				<timestamp>130.411716</timestamp>
			</report>
			<report>
				<misses>1449001</misses>
				<total>1405577</total>
				<timestamp>130.501725</timestamp>
			</report>
			<report>
				<misses>1450001</misses>
				<total>1405577</total>
				<timestamp>130.591704</timestamp>
			</report>
			<report>
				<misses>1451001</misses>
				<total>1405578</total>
				<timestamp>130.681722</timestamp>
			</report>
			<report>
				<misses>1452001</misses>
				<total>1405578</total>
				<timestamp>130.771701</timestamp>
			</report>
			<report>
				<misses>1453001</misses>
				<total>1405577</total>
				<timestamp>130.866414</timestamp>
			</report>
			<report>
				<misses>1454001</misses>
				<total>1405577</total>
				<timestamp>130.956466</timestamp>
			</report>
			<report>
				<misses>1455001</misses>
				<total>1405577</total>
				<timestamp>131.046501</timestamp>
			</report>
			<report>
				<misses>1456001</misses>
				<total>1405590</total>
				<timestamp>131.136496</timestamp>
			</report>
			<report>
				<misses>1457001</misses>
				<total>1405590</total>
				<timestamp>131.226510</timestamp>
			</report>
			<report>
				<misses>1458001</misses>
				<total>1405590</total>
				<timestamp>131.316568</timestamp>
			</report>
			<report>
				<misses>1459001</misses>
				<total>1405590</total>
				<timestamp>131.406627</timestamp>
			</report>
			<report>
				<misses>1460001</misses>
				<total>1405590</total>
				<timestamp>131.496617</timestamp>
			</report>
			<report>
				<misses>1461001</misses>
				<total>1405603</total>
				<timestamp>131.586636</timestamp>
			</report>
			<report>
				<misses>1462001</misses>
				<total>1405602</total>
				<timestamp>131.676629</timestamp>
			</report>
			<report>
				<misses>1463001</misses>
				<total>1405602</total>
				<timestamp>131.766576</timestamp>
			</report>
			<report>
				<misses>1464001</misses>
				<total>1405603</total>
				<timestamp>131.856662</timestamp>
			</report>
			<report>
				<misses>1465001</misses>
				<total>1405603</total>
				<timestamp>131.951391</timestamp>
			</report>
			<report>
				<misses>1466001</misses>
				<total>1405613</total>
				<timestamp>132.041689</timestamp>
			</report>
			<report>
				<misses>1467001</misses>
				<total>1405950</total>
				<timestamp>132.131610</timestamp>
			</report>
			<report>
				<misses>1468001</misses>
				<total>1406949</total>
				<timestamp>132.221613</timestamp>
			</report>
			<report>
				<misses>1469001</misses>
				<total>1407948</total>
				<timestamp>132.311644</timestamp>
			</report>
			<report>
				<misses>1470001</misses>
				<total>1408947</total>
				<timestamp>132.401672</timestamp>
			</report>
			<report>
				<misses>1471001</misses>
				<total>1409946</total>
				<timestamp>132.491735</timestamp>
			</report>
			<report>
				<misses>1472001</misses>
				<total>1410945</total>
				<timestamp>132.581699</timestamp>
			</report>
			<report>
				<misses>1473001</misses>
				<total>1411944</total>
				<timestamp>132.671697</timestamp>
			</report>
			<report>
				<misses>1474001</misses>
				<total>1412943</total>
				<timestamp>132.761680</timestamp>
			</report>
			<report>
				<misses>1475001</misses>
				<total>1413942</total>
				<timestamp>132.851648</timestamp>
			</report>
			<report>
				<misses>1476001</misses>
				<total>1414941</total>
				<timestamp>132.941610</timestamp>
			</report>
			<report>
				<misses>1477001</misses>
				<total>1415940</total>
				<timestamp>133.031783</timestamp>
			</report>
			<report>
				<misses>1478001</misses>
				<total>1416939</total>
				<timestamp>133.125708</timestamp>
			</report>
			<report>
				<misses>1479001</misses>
				<total>1417938</total>
				<timestamp>133.215709</timestamp>
			</report>
			<report>
				<misses>1480001</misses>
				<total>1418937</total>
				<timestamp>133.305654</timestamp>
			</report>
			<report>
				<misses>1481001</misses>
				<total>1419936</total>
				<timestamp>133.395651</timestamp>
			</report>
			<report>
				<misses>1482001</misses>
				<total>1420935</total>
				<timestamp>133.485641</timestamp>
			</report>
			<report>
				<misses>1483001</misses>
				<total>1421934</total>
				<timestamp>133.575629</timestamp>
			</report>
			<report>
				<misses>1484001</misses>
				<total>1422933</total>
				<timestamp>133.665608</timestamp>
			</report>
			<report>
				<misses>1485001</misses>
				<total>1423932</total>
				<timestamp>133.755562</timestamp>
			</report>
			<report>
				<misses>1486001</misses>
				<total>1424931</total>
				<timestamp>133.845685</timestamp>
			</report>
			<report>
				<misses>1487001</misses>
				<total>1425930</total>
				<timestamp>133.935668</timestamp>
			</report>
			<report>
				<misses>1488001</misses>
				<total>1426929</total>
				<timestamp>134.025647</timestamp>
			</report>
			<report>
				<misses>1489001</misses>
				<total>1427928</total>
				<timestamp>134.116190</timestamp>
			</report>
			<report>
				<misses>1490001</misses>
				<total>1428927</total>
				<timestamp>134.206169</timestamp>
			</report>
			<report>
				<misses>1491001</misses>
				<total>1429926</total>
				<timestamp>134.296148</timestamp>
			</report>
			<report>
				<misses>1492001</misses>
				<total>1430925</total>
				<timestamp>134.386109</timestamp>
			</report>
			<report>
				<misses>1493001</misses>
				<total>1431924</total>
				<timestamp>134.476092</timestamp>
			</report>
			<report>
				<misses>1494001</misses>
				<total>1432923</total>
				<timestamp>134.567254</timestamp>
			</report>
			<report>
				<misses>1495001</misses>
				<total>1433922</total>
				<timestamp>134.662437</timestamp>
			</report>
			<report>
				<misses>1496001</misses>
				<total>1434921</total>
				<timestamp>134.752479</timestamp>
			</report>
			<report>
				<misses>1497001</misses>
				<total>1435920</total>
				<timestamp>134.842524</timestamp>
			</report>
			<report>
				<misses>1498001</misses>
				<total>1436919</total>
				<timestamp>134.932610</timestamp>
			</report>
			<report>
				<misses>1499001</misses>
				<total>1437918</total>
				<timestamp>135.022567</timestamp>
			</report>
			<report>
				<misses>1500001</misses>
				<total>1438917</total>
				<timestamp>135.112571</timestamp>
			</report>
			<report>
				<misses>1501001</misses>
				<total>1439916</total>
				<timestamp>135.202626</timestamp>
			</report>
			<report>
				<misses>1502001</misses>
				<total>1440915</total>
				<timestamp>135.292665</timestamp>
			</report>
			<report>
				<misses>1503001</misses>
				<total>1441914</total>
				<timestamp>135.382589</timestamp>
			</report>
			<report>
				<misses>1504001</misses>
				<total>1442913</total>
				<timestamp>135.472642</timestamp>
			</report>
			<report>
				<misses>1505001</misses>
				<total>1443912</total>
				<timestamp>135.562638</timestamp>
			</report>
			<report>
				<misses>1506001</misses>
				<total>1444911</total>
				<timestamp>135.652580</timestamp>
			</report>
			<report>
				<misses>1507001</misses>
				<total>1445910</total>
				<timestamp>135.742549</timestamp>
			</report>
			<report>
				<misses>1508001</misses>
				<total>1446909</total>
				<timestamp>135.832585</timestamp>
			</report>
			<report>
				<misses>1509001</misses>
				<total>1447908</total>
				<timestamp>135.922610</timestamp>
			</report>
			<report>
				<misses>1510001</misses>
				<total>1448907</total>
				<timestamp>136.012613</timestamp>
			</report>
			<report>
				<misses>1511001</misses>
				<total>1449906</total>
				<timestamp>136.102616</timestamp>
			</report>
			<report>
				<misses>1512001</misses>
				<total>1450905</total>
				<timestamp>136.192705</timestamp>
			</report>
			<report>
				<misses>1513001</misses>
				<total>1451904</total>
				<timestamp>136.282665</timestamp>
			</report>
			<report>
				<misses>1514001</misses>
				<total>1452903</total>
				<timestamp>136.372604</timestamp>
			</report>
			<report>
				<misses>1515001</misses>
				<total>1453902</total>
				<timestamp>136.462580</timestamp>
			</report>
			<report>
				<misses>1516001</misses>
				<total>1454901</total>
				<timestamp>136.552540</timestamp>
			</report>
			<report>
				<misses>1517001</misses>
				<total>1455900</total>
				<timestamp>136.642598</timestamp>
			</report>
			<report>
				<misses>1518001</misses>
				<total>1456899</total>
				<timestamp>136.732672</timestamp>
			</report>
			<report>
				<misses>1519001</misses>
				<total>1457898</total>
				<timestamp>136.822704</timestamp>
			</report>
			<report>
				<misses>1520001</misses>
				<total>1458897</total>
				<timestamp>136.912680</timestamp>
			</report>
			<report>
				<misses>1521001</misses>
				<total>1459896</total>
				<timestamp>137.002668</timestamp>
			</report>
			<report>
				<misses>1522001</misses>
				<total>1460895</total>
				<timestamp>137.092605</timestamp>
			</report>
			<report>
				<misses>1523001</misses>
				<total>1461894</total>
				<timestamp>137.182656</timestamp>
			</report>
			<report>
				<misses>1524001</misses>
				<total>1462893</total>
				<timestamp>137.272587</timestamp>
			</report>
			<report>
				<misses>1525001</misses>
				<total>1463892</total>
				<timestamp>137.362902</timestamp>
			</report>
			<report>
				<misses>1526001</misses>
				<total>1464891</total>
				<timestamp>137.452895</timestamp>
			</report>
			<report>
				<misses>1527001</misses>
				<total>1465890</total>
				<timestamp>137.542899</timestamp>
			</report>
			<report>
				<misses>1528001</misses>
				<total>1466889</total>
				<timestamp>137.632921</timestamp>
			</report>
			<report>
				<misses>1529001</misses>
				<total>1467888</total>
				<timestamp>137.722933</timestamp>
			</report>
			<report>
				<misses>1530001</misses>
				<total>1468887</total>
				<timestamp>137.812878</timestamp>
			</report>
			<report>
				<misses>1531001</misses>
				<total>1469886</total>
				<timestamp>137.902874</timestamp>
			</report>
			<report>
				<misses>1532001</misses>
				<total>1470885</total>
				<timestamp>137.992868</timestamp>
			</report>
			<report>
				<misses>1533001</misses>
				<total>1471884</total>
				<timestamp>138.082889</timestamp>
			</report>
			<report>
				<misses>1534001</misses>
				<total>1472883</total>
				<timestamp>138.173032</timestamp>
			</report>
			<report>
				<misses>1535001</misses>
				<total>1473882</total>
				<timestamp>138.262931</timestamp>
			</report>
			<report>
				<misses>1536001</misses>
				<total>1474881</total>
				<timestamp>138.353006</timestamp>
			</report>
			<report>
				<misses>1537001</misses>
				<total>1475880</total>
				<timestamp>138.442952</timestamp>
			</report>
			<report>
				<misses>1538001</misses>
				<total>1476879</total>
				<timestamp>138.532947</timestamp>
			</report>
			<report>
				<misses>1539001</misses>
				<total>1477878</total>
				<timestamp>138.622940</timestamp>
			</report>
			<report>
				<misses>1540001</misses>
				<total>1478877</total>
				<timestamp>138.712868</timestamp>
			</report>
			<report>
				<misses>1541001</misses>
				<total>1479876</total>
				<timestamp>138.802851</timestamp>
			</report>
			<report>
				<misses>1542001</misses>
				<total>1480875</total>
				<timestamp>138.892752</timestamp>
			</report>
			<report>
				<misses>1543001</misses>
				<total>1481874</total>
				<timestamp>138.982840</timestamp>
			</report>
			<report>
				<misses>1544001</misses>
				<total>1482873</total>
				<timestamp>139.072756</timestamp>
			</report>
			<report>
				<misses>1545001</misses>
				<total>1483872</total>
				<timestamp>139.162858</timestamp>
			</report>
			<report>
				<misses>1546001</misses>
				<total>1484871</total>
				<timestamp>139.252838</timestamp>
			</report>
			<report>
				<misses>1547001</misses>
				<total>1485870</total>
				<timestamp>139.342761</timestamp>
			</report>
			<report>
				<misses>1548001</misses>
				<total>1486869</total>
				<timestamp>139.432665</timestamp>
			</report>
			<report>
				<misses>1549001</misses>
				<total>1487868</total>
				<timestamp>139.522628</timestamp>
			</report>
			<report>
				<misses>1550001</misses>
				<total>1488867</total>
				<timestamp>139.612575</timestamp>
			</report>
			<report>
				<misses>1551001</misses>
				<total>1489866</total>
				<timestamp>139.702545</timestamp>
			</report>
			<report>
				<misses>1552001</misses>
				<total>1490865</total>
				<timestamp>139.792582</timestamp>
			</report>
			<report>
				<misses>1553001</misses>
				<total>1491864</total>
				<timestamp>139.882602</timestamp>
			</report>
			<report>
				<misses>1554001</misses>
				<total>1492863</total>
				<timestamp>139.972609</timestamp>
			</report>
			<report>
				<misses>1555001</misses>
				<total>1493862</total>
				<timestamp>140.062704</timestamp>
			</report>
			<report>
				<misses>1556001</misses>
				<total>1494861</total>
				<timestamp>140.152697</timestamp>
			</report>
			<report>
				<misses>1557001</misses>
				<total>1495860</total>
				<timestamp>140.242661</timestamp>
			</report>
			<report>
				<misses>1558001</misses>
				<total>1496859</total>
				<timestamp>140.332587</timestamp>
			</report>
			<report>
				<misses>1559001</misses>
				<total>1497858</total>
				<timestamp>140.422650</timestamp>
			</report>
			<report>
				<misses>1560001</misses>
				<total>1498857</total>
				<timestamp>140.512691</timestamp>
			</report>
			<report>
				<misses>1561001</misses>
				<total>1499856</total>
				<timestamp>140.602659</timestamp>
			</report>
			<report>
				<misses>1562001</misses>
				<total>1500855</total>
				<timestamp>140.694198</timestamp>
			</report>
			<report>
				<misses>1563001</misses>
				<total>1501854</total>
				<timestamp>140.784115</timestamp>
			</report>
			<report>
				<misses>1564001</misses>
				<total>1502853</total>
				<timestamp>140.874158</timestamp>
			</report>
			<report>
				<misses>1565001</misses>
				<total>1503852</total>
				<timestamp>140.964130</timestamp>
			</report>
			<report>
				<misses>1566001</misses>
				<total>1504851</total>
				<timestamp>141.054222</timestamp>
			</report>
			<report>
				<misses>1567001</misses>
				<total>1505850</total>
				<timestamp>141.144339</timestamp>
			</report>
			<report>
				<misses>1568001</misses>
				<total>1506849</total>
				<timestamp>141.234362</timestamp>
			</report>
			<report>
				<misses>1569001</misses>
				<total>1507848</total>
				<timestamp>141.324362</timestamp>
			</report>
			<report>
				<misses>1570001</misses>
				<total>1508847</total>
				<timestamp>141.414433</timestamp>
			</report>
			<report>
				<misses>1571001</misses>
				<total>1509846</total>
				<timestamp>141.504383</timestamp>
			</report>
			<report>
				<misses>1572001</misses>
				<total>1510845</total>
				<timestamp>141.594432</timestamp>
			</report>
			<report>
				<misses>1573001</misses>
				<total>1511844</total>
				<timestamp>141.684496</timestamp>
			</report>
			<report>
				<misses>1574001</misses>
				<total>1512843</total>
				<timestamp>141.774532</timestamp>
			</report>
			<report>
				<misses>1575001</misses>
				<total>1513842</total>
				<timestamp>141.864647</timestamp>
			</report>
			<report>
				<misses>1576001</misses>
				<total>1514841</total>
				<timestamp>141.954618</timestamp>
			</report>
			<report>
				<misses>1577001</misses>
				<total>1515840</total>
				<timestamp>142.044749</timestamp>
			</report>
			<report>
				<misses>1578001</misses>
				<total>1516839</total>
				<timestamp>142.134771</timestamp>
			</report>
			<report>
				<misses>1579001</misses>
				<total>1517838</total>
				<timestamp>142.224738</timestamp>
			</report>
			<report>
				<misses>1580001</misses>
				<total>1518837</total>
				<timestamp>142.314644</timestamp>
			</report>
			<report>
				<misses>1581001</misses>
				<total>1519836</total>
				<timestamp>142.404617</timestamp>
			</report>
			<report>
				<misses>1582001</misses>
				<total>1520835</total>
				<timestamp>142.494584</timestamp>
			</report>
			<report>
				<misses>1583001</misses>
				<total>1521834</total>
				<timestamp>142.584606</timestamp>
			</report>
			<report>
				<misses>1584001</misses>
				<total>1522833</total>
				<timestamp>142.674641</timestamp>
			</report>
			<report>
				<misses>1585001</misses>
				<total>1523832</total>
				<timestamp>142.764685</timestamp>
			</report>
			<report>
				<misses>1586001</misses>
				<total>1524831</total>
				<timestamp>142.854650</timestamp>
			</report>
			<report>
				<misses>1587001</misses>
				<total>1525830</total>
				<timestamp>142.944560</timestamp>
			</report>
			<report>
				<misses>1588001</misses>
				<total>1526829</total>
				<timestamp>143.034508</timestamp>
			</report>
			<report>
				<misses>1589001</misses>
				<total>1527828</total>
				<timestamp>143.124578</timestamp>
			</report>
			<report>
				<misses>1590001</misses>
				<total>1528827</total>
				<timestamp>143.214558</timestamp>
			</report>
			<report>
				<misses>1591001</misses>
				<total>1529826</total>
				<timestamp>143.304552</timestamp>
			</report>
			<report>
				<misses>1592001</misses>
				<total>1530825</total>
				<timestamp>143.394550</timestamp>
			</report>
			<report>
				<misses>1593001</misses>
				<total>1531824</total>
				<timestamp>143.484677</timestamp>
			</report>
			<report>
				<misses>1594001</misses>
				<total>1532823</total>
				<timestamp>143.574647</timestamp>
			</report>
			<report>
				<misses>1595001</misses>
				<total>1533822</total>
				<timestamp>143.664602</timestamp>
			</report>
			<report>
				<misses>1596001</misses>
				<total>1534821</total>
				<timestamp>143.754639</timestamp>
			</report>
			<report>
				<misses>1597001</misses>
				<total>1535820</total>
				<timestamp>143.844821</timestamp>
			</report>
			<report>
				<misses>1598001</misses>
				<total>1536819</total>
				<timestamp>143.934778</timestamp>
			</report>
			<report>
				<misses>1599001</misses>
				<total>1537818</total>
				<timestamp>144.024744</timestamp>
			</report>
			<report>
				<misses>1600001</misses>
				<total>1538817</total>
				<timestamp>144.114643</timestamp>
			</report>
			<report>
				<misses>1601001</misses>
				<total>1539816</total>
				<timestamp>144.204664</timestamp>
			</report>
			<report>
				<misses>1602001</misses>
				<total>1540815</total>
				<timestamp>144.294673</timestamp>
			</report>
			<report>
				<misses>1603001</misses>
				<total>1541814</total>
				<timestamp>144.384644</timestamp>
			</report>
			<report>
				<misses>1604001</misses>
				<total>1542813</total>
				<timestamp>144.474597</timestamp>
			</report>
			<report>
				<misses>1605001</misses>
				<total>1543812</total>
				<timestamp>144.564635</timestamp>
			</report>
			<report>
				<misses>1606001</misses>
				<total>1544811</total>
				<timestamp>144.654581</timestamp>
			</report>
			<report>
				<misses>1607001</misses>
				<total>1545810</total>
				<timestamp>144.744666</timestamp>
			</report>
			<report>
				<misses>1608001</misses>
				<total>1546809</total>
				<timestamp>144.834676</timestamp>
			</report>
			<report>
				<misses>1609001</misses>
				<total>1547808</total>
				<timestamp>144.924643</timestamp>
			</report>
			<report>
				<misses>1610001</misses>
				<total>1548807</total>
				<timestamp>145.014643</timestamp>
			</report>
			<report>
				<misses>1611001</misses>
				<total>1549806</total>
				<timestamp>145.107029</timestamp>
			</report>
			<report>
				<misses>1612001</misses>
				<total>1550805</total>
				<timestamp>145.196997</timestamp>
			</report>
			<report>
				<misses>1613001</misses>
				<total>1551804</total>
				<timestamp>145.287013</timestamp>
			</report>
			<report>
				<misses>1614001</misses>
				<total>1552803</total>
				<timestamp>145.377013</timestamp>
			</report>
			<report>
				<misses>1615001</misses>
				<total>1553802</total>
				<timestamp>145.467011</timestamp>
			</report>
			<report>
				<misses>1616001</misses>
				<total>1554801</total>
				<timestamp>145.557029</timestamp>
			</report>
			<report>
				<misses>1617001</misses>
				<total>1555800</total>
				<timestamp>145.647001</timestamp>
			</report>
			<report>
				<misses>1618001</misses>
				<total>1556799</total>
				<timestamp>145.736996</timestamp>
			</report>
			<report>
				<misses>1619001</misses>
				<total>1557798</total>
				<timestamp>145.827022</timestamp>
			</report>
			<report>
				<misses>1620001</misses>
				<total>1558797</total>
				<timestamp>145.916978</timestamp>
			</report>
			<report>
				<misses>1621001</misses>
				<total>1559796</total>
				<timestamp>146.006891</timestamp>
			</report>
			<report>
				<misses>1622001</misses>
				<total>1560795</total>
				<timestamp>146.096830</timestamp>
			</report>
			<report>
				<misses>1623001</misses>
				<total>1561794</total>
				<timestamp>146.186805</timestamp>
			</report>
			<report>
				<misses>1624001</misses>
				<total>1562793</total>
				<timestamp>146.276732</timestamp>
			</report>
			<report>
				<misses>1625001</misses>
				<total>1563792</total>
				<timestamp>146.366746</timestamp>
			</report>
			<report>
				<misses>1626001</misses>
				<total>1564791</total>
				<timestamp>146.456749</timestamp>
			</report>
			<report>
				<misses>1627001</misses>
				<total>1565790</total>
				<timestamp>146.546807</timestamp>
			</report>
			<report>
				<misses>1628001</misses>
				<total>1566789</total>
				<timestamp>146.636724</timestamp>
			</report>
			<report>
				<misses>1629001</misses>
				<total>1567788</total>
				<timestamp>146.726765</timestamp>
			</report>
			<report>
				<misses>1630001</misses>
				<total>1568787</total>
				<timestamp>146.816791</timestamp>
			</report>
			<report>
				<misses>1631001</misses>
				<total>1569786</total>
				<timestamp>146.906732</timestamp>
			</report>
			<report>
				<misses>1632001</misses>
				<total>1570785</total>
				<timestamp>146.996777</timestamp>
			</report>
			<report>
				<misses>1633001</misses>
				<total>1571784</total>
				<timestamp>147.086713</timestamp>
			</report>
			<report>
				<misses>1634001</misses>
				<total>1572783</total>
				<timestamp>147.176643</timestamp>
			</report>
			<report>
				<misses>1635001</misses>
				<total>1573782</total>
				<timestamp>147.266643</timestamp>
			</report>
			<report>
				<misses>1636001</misses>
				<total>1574781</total>
				<timestamp>147.356640</timestamp>
			</report>
			<report>
				<misses>1637001</misses>
				<total>1575780</total>
				<timestamp>147.446629</timestamp>
			</report>
			<report>
				<misses>1638001</misses>
				<total>1576779</total>
				<timestamp>147.536586</timestamp>
			</report>
			<report>
				<misses>1639001</misses>
				<total>1577778</total>
				<timestamp>147.626600</timestamp>
			</report>
			<report>
				<misses>1640001</misses>
				<total>1578777</total>
				<timestamp>147.716546</timestamp>
			</report>
			<report>
				<misses>1641001</misses>
				<total>1579776</total>
				<timestamp>147.806662</timestamp>
			</report>
			<report>
				<misses>1642001</misses>
				<total>1580775</total>
				<timestamp>147.896629</timestamp>
			</report>
			<report>
				<misses>1643001</misses>
				<total>1581774</total>
				<timestamp>147.986535</timestamp>
			</report>
			<report>
				<misses>1644001</misses>
				<total>1582773</total>
				<timestamp>148.076567</timestamp>
			</report>
			<report>
				<misses>1645001</misses>
				<total>1583772</total>
				<timestamp>148.166556</timestamp>
			</report>
			<report>
				<misses>1646001</misses>
				<total>1584771</total>
				<timestamp>148.256612</timestamp>
			</report>
			<report>
				<misses>1647001</misses>
				<total>1585770</total>
				<timestamp>148.346590</timestamp>
			</report>
			<report>
				<misses>1648001</misses>
				<total>1586769</total>
				<timestamp>148.436713</timestamp>
			</report>
			<report>
				<misses>1649001</misses>
				<total>1587768</total>
				<timestamp>148.526632</timestamp>
			</report>
			<report>
				<misses>1650001</misses>
				<total>1588767</total>
				<timestamp>148.616545</timestamp>
			</report>
			<report>
				<misses>1651001</misses>
				<total>1589766</total>
				<timestamp>148.706554</timestamp>
			</report>
			<report>
				<misses>1652001</misses>
				<total>1590765</total>
				<timestamp>148.796600</timestamp>
			</report>
			<report>
				<misses>1653001</misses>
				<total>1591764</total>
				<timestamp>148.886554</timestamp>
			</report>
			<report>
				<misses>1654001</misses>
				<total>1592763</total>
				<timestamp>148.976548</timestamp>
			</report>
			<report>
				<misses>1655001</misses>
				<total>1593762</total>
				<timestamp>149.066602</timestamp>
			</report>
			<report>
				<misses>1656001</misses>
				<total>1594761</total>
				<timestamp>149.156560</timestamp>
			</report>
			<report>
				<misses>1657001</misses>
				<total>1595760</total>
				<timestamp>149.246555</timestamp>
			</report>
			<report>
				<misses>1658001</misses>
				<total>1596759</total>
				<timestamp>149.336547</timestamp>
			</report>
			<report>
				<misses>1659001</misses>
				<total>1597758</total>
				<timestamp>149.426603</timestamp>
			</report>
			<report>
				<misses>1660001</misses>
				<total>1598757</total>
				<timestamp>149.516563</timestamp>
			</report>
			<report>
				<misses>1661001</misses>
				<total>1599756</total>
				<timestamp>149.606542</timestamp>
			</report>
			<report>
				<misses>1662001</misses>
				<total>1600755</total>
				<timestamp>149.696632</timestamp>
			</report>
			<report>
				<misses>1663001</misses>
				<total>1601754</total>
				<timestamp>149.786629</timestamp>
			</report>
			<report>
				<misses>1664001</misses>
				<total>1602753</total>
				<timestamp>149.876550</timestamp>
			</report>
			<report>
				<misses>1665001</misses>
				<total>1603752</total>
				<timestamp>149.966541</timestamp>
			</report>
			<report>
				<misses>1666001</misses>
				<total>1604751</total>
				<timestamp>150.056561</timestamp>
			</report>
			<report>
				<misses>1667001</misses>
				<total>1605750</total>
				<timestamp>150.146599</timestamp>
			</report>
			<report>
				<misses>1668001</misses>
				<total>1606749</total>
				<timestamp>150.236569</timestamp>
			</report>
			<report>
				<misses>1669001</misses>
				<total>1607748</total>
				<timestamp>150.326556</timestamp>
			</report>
			<report>
				<misses>1670001</misses>
				<total>1608747</total>
				<timestamp>150.416630</timestamp>
			</report>
			<report>
				<misses>1671001</misses>
				<total>1609746</total>
				<timestamp>150.506559</timestamp>
			</report>
			<report>
				<misses>1672001</misses>
				<total>1610745</total>
				<timestamp>150.596554</timestamp>
			</report>
			<report>
				<misses>1673001</misses>
				<total>1611744</total>
				<timestamp>150.686667</timestamp>
			</report>
			<report>
				<misses>1674001</misses>
				<total>1612743</total>
				<timestamp>150.776619</timestamp>
			</report>
			<report>
				<misses>1675001</misses>
				<total>1613742</total>
				<timestamp>150.866584</timestamp>
			</report>
			<report>
				<misses>1676001</misses>
				<total>1614741</total>
				<timestamp>150.956553</timestamp>
			</report>
			<report>
				<misses>1677001</misses>
				<total>1615740</total>
				<timestamp>151.046559</timestamp>
			</report>
			<report>
				<misses>1678001</misses>
				<total>1616739</total>
				<timestamp>151.142292</timestamp>
			</report>
			<report>
				<misses>1679001</misses>
				<total>1617738</total>
				<timestamp>151.232427</timestamp>
			</report>
			<report>
				<misses>1680001</misses>
				<total>1618737</total>
				<timestamp>151.322444</timestamp>
			</report>
			<report>
				<misses>1681001</misses>
				<total>1619736</total>
				<timestamp>151.412444</timestamp>
			</report>
			<report>
				<misses>1682001</misses>
				<total>1620735</total>
				<timestamp>151.502439</timestamp>
			</report>
			<report>
				<misses>1683001</misses>
				<total>1621734</total>
				<timestamp>151.592499</timestamp>
			</report>
			<report>
				<misses>1684001</misses>
				<total>1622733</total>
				<timestamp>151.682498</timestamp>
			</report>
			<report>
				<misses>1685001</misses>
				<total>1623732</total>
				<timestamp>151.772517</timestamp>
			</report>
			<report>
				<misses>1686001</misses>
				<total>1624731</total>
				<timestamp>151.862494</timestamp>
			</report>
			<report>
				<misses>1687001</misses>
				<total>1625730</total>
				<timestamp>151.952577</timestamp>
			</report>
			<report>
				<misses>1688001</misses>
				<total>1626729</total>
				<timestamp>152.042616</timestamp>
			</report>
			<report>
				<misses>1689001</misses>
				<total>1627728</total>
				<timestamp>152.132631</timestamp>
			</report>
			<report>
				<misses>1690001</misses>
				<total>1628727</total>
				<timestamp>152.222581</timestamp>
			</report>
			<report>
				<misses>1691001</misses>
				<total>1629726</total>
				<timestamp>152.312677</timestamp>
			</report>
			<report>
				<misses>1692001</misses>
				<total>1630725</total>
				<timestamp>152.402661</timestamp>
			</report>
			<report>
				<misses>1693001</misses>
				<total>1631724</total>
				<timestamp>152.492737</timestamp>
			</report>
			<report>
				<misses>1694001</misses>
				<total>1632723</total>
				<timestamp>152.582662</timestamp>
			</report>
			<report>
				<misses>1695001</misses>
				<total>1633722</total>
				<timestamp>152.672722</timestamp>
			</report>
			<report>
				<misses>1696001</misses>
				<total>1634721</total>
				<timestamp>152.762647</timestamp>
			</report>
			<report>
				<misses>1697001</misses>
				<total>1635720</total>
				<timestamp>152.852580</timestamp>
			</report>
			<report>
				<misses>1698001</misses>
				<total>1636719</total>
				<timestamp>152.942642</timestamp>
			</report>
			<report>
				<misses>1699001</misses>
				<total>1637718</total>
				<timestamp>153.032634</timestamp>
			</report>
			<report>
				<misses>1700001</misses>
				<total>1638717</total>
				<timestamp>153.122635</timestamp>
			</report>
			<report>
				<misses>1701001</misses>
				<total>1639716</total>
				<timestamp>153.212555</timestamp>
			</report>
			<report>
				<misses>1702001</misses>
				<total>1640715</total>
				<timestamp>153.302538</timestamp>
			</report>
			<report>
				<misses>1703001</misses>
				<total>1641714</total>
				<timestamp>153.392469</timestamp>
			</report>
			<report>
				<misses>1704001</misses>
				<total>1642713</total>
				<timestamp>153.482474</timestamp>
			</report>
			<report>
				<misses>1705001</misses>
				<total>1643712</total>
				<timestamp>153.572494</timestamp>
			</report>
			<report>
				<misses>1706001</misses>
				<total>1644711</total>
				<timestamp>153.662476</timestamp>
			</report>
			<report>
				<misses>1707001</misses>
				<total>1645710</total>
				<timestamp>153.752527</timestamp>
			</report>
			<report>
				<misses>1708001</misses>
				<total>1646709</total>
				<timestamp>153.842485</timestamp>
			</report>
			<report>
				<misses>1709001</misses>
				<total>1647708</total>
				<timestamp>153.932528</timestamp>
			</report>
			<report>
				<misses>1710001</misses>
				<total>1648707</total>
				<timestamp>154.022489</timestamp>
			</report>
			<report>
				<misses>1711001</misses>
				<total>1649706</total>
				<timestamp>154.112525</timestamp>
			</report>
			<report>
				<misses>1712001</misses>
				<total>1650705</total>
				<timestamp>154.203478</timestamp>
			</report>
			<report>
				<misses>1713001</misses>
				<total>1651704</total>
				<timestamp>154.299422</timestamp>
			</report>
			<report>
				<misses>1714001</misses>
				<total>1652703</total>
				<timestamp>154.389483</timestamp>
			</report>
			<report>
				<misses>1715001</misses>
				<total>1653702</total>
				<timestamp>154.479531</timestamp>
			</report>
			<report>
				<misses>1716001</misses>
				<total>1654701</total>
				<timestamp>154.569500</timestamp>
			</report>
			<report>
				<misses>1717001</misses>
				<total>1655700</total>
				<timestamp>154.659441</timestamp>
			</report>
			<report>
				<misses>1718001</misses>
				<total>1656699</total>
				<timestamp>154.749501</timestamp>
			</report>
			<report>
				<misses>1719001</misses>
				<total>1657698</total>
				<timestamp>154.839479</timestamp>
			</report>
			<report>
				<misses>1720001</misses>
				<total>1658697</total>
				<timestamp>154.929492</timestamp>
			</report>
			<report>
				<misses>1721001</misses>
				<total>1659696</total>
				<timestamp>155.019508</timestamp>
			</report>
			<report>
				<misses>1722001</misses>
				<total>1660695</total>
				<timestamp>155.109488</timestamp>
			</report>
			<report>
				<misses>1723001</misses>
				<total>1661694</total>
				<timestamp>155.199453</timestamp>
			</report>
			<report>
				<misses>1724001</misses>
				<total>1662693</total>
				<timestamp>155.289455</timestamp>
			</report>
			<report>
				<misses>1725001</misses>
				<total>1663692</total>
				<timestamp>155.379487</timestamp>
			</report>
			<report>
				<misses>1726001</misses>
				<total>1664691</total>
				<timestamp>155.469416</timestamp>
			</report>
			<report>
				<misses>1727001</misses>
				<total>1665690</total>
				<timestamp>155.559507</timestamp>
			</report>
			<report>
				<misses>1728001</misses>
				<total>1666689</total>
				<timestamp>155.649506</timestamp>
			</report>
			<report>
				<misses>1729001</misses>
				<total>1667688</total>
				<timestamp>155.739502</timestamp>
			</report>
			<report>
				<misses>1730001</misses>
				<total>1668687</total>
				<timestamp>155.829466</timestamp>
			</report>
			<report>
				<misses>1731001</misses>
				<total>1669686</total>
				<timestamp>155.919463</timestamp>
			</report>
			<report>
				<misses>1732001</misses>
				<total>1670685</total>
				<timestamp>156.009498</timestamp>
			</report>
			<report>
				<misses>1733001</misses>
				<total>1671684</total>
				<timestamp>156.099489</timestamp>
			</report>
			<report>
				<misses>1734001</misses>
				<total>1672683</total>
				<timestamp>156.189450</timestamp>
			</report>
			<report>
				<misses>1735001</misses>
				<total>1673682</total>
				<timestamp>156.279471</timestamp>
			</report>
			<report>
				<misses>1736001</misses>
				<total>1674681</total>
				<timestamp>156.369488</timestamp>
			</report>
			<report>
				<misses>1737001</misses>
				<total>1675680</total>
				<timestamp>156.459474</timestamp>
			</report>
			<report>
				<misses>1738001</misses>
				<total>1676679</total>
				<timestamp>156.549482</timestamp>
			</report>
			<report>
				<misses>1739001</misses>
				<total>1677678</total>
				<timestamp>156.639488</timestamp>
			</report>
			<report>
				<misses>1740001</misses>
				<total>1678677</total>
				<timestamp>156.729419</timestamp>
			</report>
			<report>
				<misses>1741001</misses>
				<total>1679676</total>
				<timestamp>156.819430</timestamp>
			</report>
			<report>
				<misses>1742001</misses>
				<total>1680675</total>
				<timestamp>156.909489</timestamp>
			</report>
			<report>
				<misses>1743001</misses>
				<total>1681674</total>
				<timestamp>156.999478</timestamp>
			</report>
			<report>
				<misses>1744001</misses>
				<total>1682673</total>
				<timestamp>157.089472</timestamp>
			</report>
			<report>
				<misses>1745001</misses>
				<total>1683672</total>
				<timestamp>157.179461</timestamp>
			</report>
			<report>
				<misses>1746001</misses>
				<total>1684671</total>
				<timestamp>157.269428</timestamp>
			</report>
			<report>
				<misses>1747001</misses>
				<total>1685670</total>
				<timestamp>157.359421</timestamp>
			</report>
			<report>
				<misses>1748001</misses>
				<total>1686669</total>
				<timestamp>157.449463</timestamp>
			</report>
			<report>
				<misses>1749001</misses>
				<total>1687668</total>
				<timestamp>157.539423</timestamp>
			</report>
			<report>
				<misses>1750001</misses>
				<total>1688667</total>
				<timestamp>157.629486</timestamp>
			</report>
			<report>
				<misses>1751001</misses>
				<total>1689666</total>
				<timestamp>157.719448</timestamp>
			</report>
			<report>
				<misses>1752001</misses>
				<total>1690665</total>
				<timestamp>157.809444</timestamp>
			</report>
			<report>
				<misses>1753001</misses>
				<total>1691664</total>
				<timestamp>157.899528</timestamp>
			</report>
			<report>
				<misses>1754001</misses>
				<total>1692663</total>
				<timestamp>157.989591</timestamp>
			</report>
			<report>
				<misses>1755001</misses>
				<total>1693662</total>
				<timestamp>158.079518</timestamp>
			</report>
			<report>
				<misses>1756001</misses>
				<total>1694661</total>
				<timestamp>158.169510</timestamp>
			</report>
			<report>
				<misses>1757001</misses>
				<total>1695660</total>
				<timestamp>158.259579</timestamp>
			</report>
			<report>
				<misses>1758001</misses>
				<total>1696659</total>
				<timestamp>158.349504</timestamp>
			</report>
			<report>
				<misses>1759001</misses>
				<total>1697658</total>
				<timestamp>158.439516</timestamp>
			</report>
			<report>
				<misses>1760001</misses>
				<total>1698657</total>
				<timestamp>158.529499</timestamp>
			</report>
			<report>
				<misses>1761001</misses>
				<total>1699656</total>
				<timestamp>158.619563</timestamp>
			</report>
			<report>
				<misses>1762001</misses>
				<total>1700655</total>
				<timestamp>158.709558</timestamp>
			</report>
			<report>
				<misses>1763001</misses>
				<total>1701654</total>
				<timestamp>158.800039</timestamp>
			</report>
			<report>
				<misses>1764001</misses>
				<total>1702653</total>
				<timestamp>158.890056</timestamp>
			</report>
			<report>
				<misses>1765001</misses>
				<total>1703652</total>
				<timestamp>158.980042</timestamp>
			</report>
			<report>
				<misses>1766001</misses>
				<total>1704535</total>
				<timestamp>159.070039</timestamp>
			</report>
			<report>
				<misses>1767001</misses>
				<total>1705029</total>
				<timestamp>159.159972</timestamp>
			</report>
			<report>
				<misses>1768001</misses>
				<total>1706028</total>
				<timestamp>159.251275</timestamp>
			</report>
			<report>
				<misses>1769001</misses>
				<total>1707027</total>
				<timestamp>159.342454</timestamp>
			</report>
			<report>
				<misses>1770001</misses>
				<total>1708026</total>
				<timestamp>159.432485</timestamp>
			</report>
			<report>
				<misses>1771001</misses>
				<total>1709025</total>
				<timestamp>159.522562</timestamp>
			</report>
			<report>
				<misses>1772001</misses>
				<total>1710024</total>
				<timestamp>159.612631</timestamp>
			</report>
			<report>
				<misses>1773001</misses>
				<total>1711023</total>
				<timestamp>159.702572</timestamp>
			</report>
			<report>
				<misses>1774001</misses>
				<total>1712022</total>
				<timestamp>159.792570</timestamp>
			</report>
			<report>
				<misses>1775001</misses>
				<total>1713021</total>
				<timestamp>159.882567</timestamp>
			</report>
			<report>
				<misses>1776001</misses>
				<total>1714020</total>
				<timestamp>159.972557</timestamp>
			</report>
			<report>
				<misses>1777001</misses>
				<total>1715019</total>
				<timestamp>160.062474</timestamp>
			</report>
			<report>
				<misses>1778001</misses>
				<total>1716018</total>
				<timestamp>160.152557</timestamp>
			</report>
			<report>
				<misses>1779001</misses>
				<total>1717017</total>
				<timestamp>160.242506</timestamp>
			</report>
			<report>
				<misses>1780001</misses>
				<total>1718016</total>
				<timestamp>160.332519</timestamp>
			</report>
			<report>
				<misses>1781001</misses>
				<total>1719015</total>
				<timestamp>160.422489</timestamp>
			</report>
			<report>
				<misses>1782001</misses>
				<total>1720014</total>
				<timestamp>160.512515</timestamp>
			</report>
			<report>
				<misses>1783001</misses>
				<total>1720937</total>
				<timestamp>160.602502</timestamp>
			</report>
			<report>
				<misses>1784001</misses>
				<total>1720937</total>
				<timestamp>160.692567</timestamp>
			</report>
			<report>
				<misses>1785001</misses>
				<total>1721605</total>
				<timestamp>160.782560</timestamp>
			</report>
			<report>
				<misses>1786001</misses>
				<total>1722604</total>
				<timestamp>160.872639</timestamp>
			</report>
			<report>
				<misses>1787001</misses>
				<total>1723603</total>
				<timestamp>160.962557</timestamp>
			</report>
			<report>
				<misses>1788001</misses>
				<total>1724602</total>
				<timestamp>161.052469</timestamp>
			</report>
			<report>
				<misses>1789001</misses>
				<total>1725601</total>
				<timestamp>161.142461</timestamp>
			</report>
			<report>
				<misses>1790001</misses>
				<total>1726600</total>
				<timestamp>161.232454</timestamp>
			</report>
			<report>
				<misses>1791001</misses>
				<total>1727599</total>
				<timestamp>161.322450</timestamp>
			</report>
			<report>
				<misses>1792001</misses>
				<total>1728598</total>
				<timestamp>161.412564</timestamp>
			</report>
			<report>
				<misses>1793001</misses>
				<total>1729597</total>
				<timestamp>161.502551</timestamp>
			</report>
			<report>
				<misses>1794001</misses>
				<total>1730596</total>
				<timestamp>161.592491</timestamp>
			</report>
			<report>
				<misses>1795001</misses>
				<total>1730898</total>
				<timestamp>161.682456</timestamp>
			</report>
			<report>
				<misses>1796001</misses>
				<total>1730897</total>
				<timestamp>161.772448</timestamp>
			</report>
			<report>
				<misses>1797001</misses>
				<total>1730902</total>
				<timestamp>161.862414</timestamp>
			</report>
			<report>
				<misses>1798001</misses>
				<total>1730902</total>
				<timestamp>161.952472</timestamp>
			</report>
			<report>
				<misses>1799001</misses>
				<total>1730903</total>
				<timestamp>162.042484</timestamp>
			</report>
			<report>
				<misses>1800001</misses>
				<total>1730902</total>
				<timestamp>162.132460</timestamp>
			</report>
			<report>
				<misses>1801001</misses>
				<total>1730923</total>
				<timestamp>162.222421</timestamp>
			</report>
			<report>
				<misses>1802001</misses>
				<total>1730927</total>
				<timestamp>162.312440</timestamp>
			</report>
			<report>
				<misses>1803001</misses>
				<total>1730927</total>
				<timestamp>162.402426</timestamp>
			</report>
			<report>
				<misses>1804001</misses>
				<total>1731198</total>
				<timestamp>162.492505</timestamp>
			</report>
			<report>
				<misses>1805001</misses>
				<total>1732197</total>
				<timestamp>162.582516</timestamp>
			</report>
			<report>
				<misses>1806001</misses>
				<total>1733196</total>
				<timestamp>162.672494</timestamp>
			</report>
			<report>
				<misses>1807001</misses>
				<total>1734195</total>
				<timestamp>162.762480</timestamp>
			</report>
			<report>
				<misses>1808001</misses>
				<total>1735194</total>
				<timestamp>162.852493</timestamp>
			</report>
			<report>
				<misses>1809001</misses>
				<total>1736193</total>
				<timestamp>162.942555</timestamp>
			</report>
			<report>
				<misses>1810001</misses>
				<total>1737192</total>
				<timestamp>163.032538</timestamp>
			</report>
			<report>
				<misses>1811001</misses>
				<total>1738191</total>
				<timestamp>163.122501</timestamp>
			</report>
			<report>
				<misses>1812001</misses>
				<total>1739190</total>
				<timestamp>163.212456</timestamp>
			</report>
			<report>
				<misses>1813001</misses>
				<total>1740189</total>
				<timestamp>163.302414</timestamp>
			</report>
			<report>
				<misses>1814001</misses>
				<total>1741188</total>
				<timestamp>163.392401</timestamp>
			</report>
			<report>
				<misses>1815001</misses>
				<total>1742187</total>
				<timestamp>163.482445</timestamp>
			</report>
			<report>
				<misses>1816001</misses>
				<total>1743186</total>
				<timestamp>163.572417</timestamp>
			</report>
			<report>
				<misses>1817001</misses>
				<total>1744185</total>
				<timestamp>163.662417</timestamp>
			</report>
			<report>
				<misses>1818001</misses>
				<total>1745184</total>
				<timestamp>163.752453</timestamp>
			</report>
			<report>
				<misses>1819001</misses>
				<total>1746183</total>
				<timestamp>163.842446</timestamp>
			</report>
			<report>
				<misses>1820001</misses>
				<total>1747182</total>
				<timestamp>163.932491</timestamp>
			</report>
			<report>
				<misses>1821001</misses>
				<total>1748181</total>
				<timestamp>164.022490</timestamp>
			</report>
			<report>
				<misses>1822001</misses>
				<total>1749180</total>
				<timestamp>164.112569</timestamp>
			</report>
			<report>
				<misses>1823001</misses>
				<total>1750179</total>
				<timestamp>164.202580</timestamp>
			</report>
			<report>
				<misses>1824001</misses>
				<total>1751178</total>
				<timestamp>164.292553</timestamp>
			</report>
			<report>
				<misses>1825001</misses>
				<total>1752177</total>
				<timestamp>164.382476</timestamp>
			</report>
			<report>
				<misses>1826001</misses>
				<total>1753176</total>
				<timestamp>164.472534</timestamp>
			</report>
			<report>
				<misses>1827001</misses>
				<total>1754175</total>
				<timestamp>164.562485</timestamp>
			</report>
			<report>
				<misses>1828001</misses>
				<total>1755174</total>
				<timestamp>164.652486</timestamp>
			</report>
			<report>
				<misses>1829001</misses>
				<total>1756173</total>
				<timestamp>164.742552</timestamp>
			</report>
			<report>
				<misses>1830001</misses>
				<total>1757172</total>
				<timestamp>164.832475</timestamp>
			</report>
			<report>
				<misses>1831001</misses>
				<total>1758171</total>
				<timestamp>164.922470</timestamp>
			</report>
			<report>
				<misses>1832001</misses>
				<total>1759170</total>
				<timestamp>165.012414</timestamp>
			</report>
			<report>
				<misses>1833001</misses>
				<total>1760169</total>
				<timestamp>165.102425</timestamp>
			</report>
			<report>
				<misses>1834001</misses>
				<total>1761168</total>
				<timestamp>165.192404</timestamp>
			</report>
			<report>
				<misses>1835001</misses>
				<total>1762167</total>
				<timestamp>165.282406</timestamp>
			</report>
			<report>
				<misses>1836001</misses>
				<total>1763166</total>
				<timestamp>165.372523</timestamp>
			</report>
			<report>
				<misses>1837001</misses>
				<total>1764165</total>
				<timestamp>165.462541</timestamp>
			</report>
			<report>
				<misses>1838001</misses>
				<total>1765164</total>
				<timestamp>165.552537</timestamp>
			</report>
			<report>
				<misses>1839001</misses>
				<total>1766163</total>
				<timestamp>165.642476</timestamp>
			</report>
			<report>
				<misses>1840001</misses>
				<total>1767162</total>
				<timestamp>165.732564</timestamp>
			</report>
			<report>
				<misses>1841001</misses>
				<total>1768161</total>
				<timestamp>165.822605</timestamp>
			</report>
			<report>
				<misses>1842001</misses>
				<total>1769160</total>
				<timestamp>165.912564</timestamp>
			</report>
			<report>
				<misses>1843001</misses>
				<total>1770159</total>
				<timestamp>166.002561</timestamp>
			</report>
			<report>
				<misses>1844001</misses>
				<total>1771158</total>
				<timestamp>166.097231</timestamp>
			</report>
			<report>
				<misses>1845001</misses>
				<total>1772157</total>
				<timestamp>166.189504</timestamp>
			</report>
			<report>
				<misses>1846001</misses>
				<total>1773156</total>
				<timestamp>166.279476</timestamp>
			</report>
			<report>
				<misses>1847001</misses>
				<total>1774155</total>
				<timestamp>166.369488</timestamp>
			</report>
			<report>
				<misses>1848001</misses>
				<total>1775154</total>
				<timestamp>166.459441</timestamp>
			</report>
			<report>
				<misses>1849001</misses>
				<total>1776153</total>
				<timestamp>166.549402</timestamp>
			</report>
			<report>
				<misses>1850001</misses>
				<total>1777152</total>
				<timestamp>166.639413</timestamp>
			</report>
			<report>
				<misses>1851001</misses>
				<total>1778151</total>
				<timestamp>166.729406</timestamp>
			</report>
			<report>
				<misses>1852001</misses>
				<total>1779150</total>
				<timestamp>166.819486</timestamp>
			</report>
			<report>
				<misses>1853001</misses>
				<total>1780149</total>
				<timestamp>166.909394</timestamp>
			</report>
			<report>
				<misses>1854001</misses>
				<total>1781148</total>
				<timestamp>166.999432</timestamp>
			</report>
			<report>
				<misses>1855001</misses>
				<total>1782147</total>
				<timestamp>167.089451</timestamp>
			</report>
			<report>
				<misses>1856001</misses>
				<total>1783146</total>
				<timestamp>167.179476</timestamp>
			</report>
			<report>
				<misses>1857001</misses>
				<total>1784145</total>
				<timestamp>167.269458</timestamp>
			</report>
			<report>
				<misses>1858001</misses>
				<total>1785144</total>
				<timestamp>167.359496</timestamp>
			</report>
			<report>
				<misses>1859001</misses>
				<total>1786143</total>
				<timestamp>167.449478</timestamp>
			</report>
			<report>
				<misses>1860001</misses>
				<total>1787142</total>
				<timestamp>167.539417</timestamp>
			</report>
			<report>
				<misses>1861001</misses>
				<total>1788141</total>
				<timestamp>167.629493</timestamp>
			</report>
			<report>
				<misses>1862001</misses>
				<total>1789140</total>
				<timestamp>167.719479</timestamp>
			</report>
			<report>
				<misses>1863001</misses>
				<total>1790139</total>
				<timestamp>167.809463</timestamp>
			</report>
			<report>
				<misses>1864001</misses>
				<total>1791138</total>
				<timestamp>167.899441</timestamp>
			</report>
			<report>
				<misses>1865001</misses>
				<total>1792137</total>
				<timestamp>167.989415</timestamp>
			</report>
			<report>
				<misses>1866001</misses>
				<total>1793136</total>
				<timestamp>168.079595</timestamp>
			</report>
			<report>
				<misses>1867001</misses>
				<total>1794135</total>
				<timestamp>168.169580</timestamp>
			</report>
			<report>
				<misses>1868001</misses>
				<total>1795134</total>
				<timestamp>168.259492</timestamp>
			</report>
			<report>
				<misses>1869001</misses>
				<total>1796133</total>
				<timestamp>168.349481</timestamp>
			</report>
			<report>
				<misses>1870001</misses>
				<total>1797132</total>
				<timestamp>168.439444</timestamp>
			</report>
			<report>
				<misses>1871001</misses>
				<total>1798131</total>
				<timestamp>168.529416</timestamp>
			</report>
			<report>
				<misses>1872001</misses>
				<total>1799130</total>
				<timestamp>168.619400</timestamp>
			</report>
			<report>
				<misses>1873001</misses>
				<total>1800129</total>
				<timestamp>168.709338</timestamp>
			</report>
			<report>
				<misses>1874001</misses>
				<total>1801128</total>
				<timestamp>168.799358</timestamp>
			</report>
			<report>
				<misses>1875001</misses>
				<total>1802127</total>
				<timestamp>168.889449</timestamp>
			</report>
			<report>
				<misses>1876001</misses>
				<total>1803126</total>
				<timestamp>168.979413</timestamp>
			</report>
			<report>
				<misses>1877001</misses>
				<total>1804125</total>
				<timestamp>169.069401</timestamp>
			</report>
			<report>
				<misses>1878001</misses>
				<total>1805124</total>
				<timestamp>169.159299</timestamp>
			</report>
			<report>
				<misses>1879001</misses>
				<total>1806123</total>
				<timestamp>169.249354</timestamp>
			</report>
			<report>
				<misses>1880001</misses>
				<total>1807122</total>
				<timestamp>169.339673</timestamp>
			</report>
			<report>
				<misses>1881001</misses>
				<total>1808121</total>
				<timestamp>169.429660</timestamp>
			</report>
			<report>
				<misses>1882001</misses>
				<total>1809120</total>
				<timestamp>169.519593</timestamp>
			</report>
			<report>
				<misses>1883001</misses>
				<total>1810119</total>
				<timestamp>169.609579</timestamp>
			</report>
			<report>
				<misses>1884001</misses>
				<total>1811118</total>
				<timestamp>169.699494</timestamp>
			</report>
			<report>
				<misses>1885001</misses>
				<total>1812117</total>
				<timestamp>169.789489</timestamp>
			</report>
			<report>
				<misses>1886001</misses>
				<total>1813116</total>
				<timestamp>169.879501</timestamp>
			</report>
			<report>
				<misses>1887001</misses>
				<total>1814115</total>
				<timestamp>169.969492</timestamp>
			</report>
			<report>
				<misses>1888001</misses>
				<total>1815114</total>
				<timestamp>170.059492</timestamp>
			</report>
			<report>
				<misses>1889001</misses>
				<total>1816113</total>
				<timestamp>170.149494</timestamp>
			</report>
			<report>
				<misses>1890001</misses>
				<total>1817112</total>
				<timestamp>170.239584</timestamp>
			</report>
			<report>
				<misses>1891001</misses>
				<total>1818111</total>
				<timestamp>170.329593</timestamp>
			</report>
			<report>
				<misses>1892001</misses>
				<total>1819110</total>
				<timestamp>170.419614</timestamp>
			</report>
			<report>
				<misses>1893001</misses>
				<total>1820109</total>
				<timestamp>170.509566</timestamp>
			</report>
			<report>
				<misses>1894001</misses>
				<total>1821108</total>
				<timestamp>170.599485</timestamp>
			</report>
			<report>
				<misses>1895001</misses>
				<total>1822107</total>
				<timestamp>170.689476</timestamp>
			</report>
			<report>
				<misses>1896001</misses>
				<total>1823106</total>
				<timestamp>170.779621</timestamp>
			</report>
			<report>
				<misses>1897001</misses>
				<total>1824105</total>
				<timestamp>170.869793</timestamp>
			</report>
			<report>
				<misses>1898001</misses>
				<total>1825104</total>
				<timestamp>170.959842</timestamp>
			</report>
			<report>
				<misses>1899001</misses>
				<total>1826103</total>
				<timestamp>171.049815</timestamp>
			</report>
			<report>
				<misses>1900001</misses>
				<total>1827102</total>
				<timestamp>171.139764</timestamp>
			</report>
			<report>
				<misses>1901001</misses>
				<total>1828101</total>
				<timestamp>171.229871</timestamp>
			</report>
			<report>
				<misses>1902001</misses>
				<total>1829100</total>
				<timestamp>171.319849</timestamp>
			</report>
			<report>
				<misses>1903001</misses>
				<total>1830099</total>
				<timestamp>171.409771</timestamp>
			</report>
			<report>
				<misses>1904001</misses>
				<total>1831098</total>
				<timestamp>171.499785</timestamp>
			</report>
			<report>
				<misses>1905001</misses>
				<total>1832097</total>
				<timestamp>171.589757</timestamp>
			</report>
			<report>
				<misses>1906001</misses>
				<total>1833096</total>
				<timestamp>171.679725</timestamp>
			</report>
			<report>
				<misses>1907001</misses>
				<total>1834095</total>
				<timestamp>171.769754</timestamp>
			</report>
			<report>
				<misses>1908001</misses>
				<total>1835094</total>
				<timestamp>171.859670</timestamp>
			</report>
			<report>
				<misses>1909001</misses>
				<total>1836093</total>
				<timestamp>171.949587</timestamp>
			</report>
			<report>
				<misses>1910001</misses>
				<total>1837092</total>
				<timestamp>172.039585</timestamp>
			</report>
			<report>
				<misses>1911001</misses>
				<total>1838091</total>
				<timestamp>172.129587</timestamp>
			</report>
			<report>
				<misses>1912001</misses>
				<total>1839090</total>
				<timestamp>172.219570</timestamp>
			</report>
			<report>
				<misses>1913001</misses>
				<total>1840089</total>
				<timestamp>172.309476</timestamp>
			</report>
			<report>
				<misses>1914001</misses>
				<total>1841088</total>
				<timestamp>172.399463</timestamp>
			</report>
			<report>
				<misses>1915001</misses>
				<total>1842087</total>
				<timestamp>172.489463</timestamp>
			</report>
			<report>
				<misses>1916001</misses>
				<total>1843086</total>
				<timestamp>172.579412</timestamp>
			</report>
			<report>
				<misses>1917001</misses>
				<total>1844085</total>
				<timestamp>172.669421</timestamp>
			</report>
			<report>
				<misses>1918001</misses>
				<total>1845084</total>
				<timestamp>172.759430</timestamp>
			</report>
			<report>
				<misses>1919001</misses>
				<total>1846083</total>
				<timestamp>172.849447</timestamp>
			</report>
			<report>
				<misses>1920001</misses>
				<total>1847082</total>
				<timestamp>172.939398</timestamp>
			</report>
			<report>
				<misses>1921001</misses>
				<total>1848081</total>
				<timestamp>173.029409</timestamp>
			</report>
			<report>
				<misses>1922001</misses>
				<total>1849080</total>
				<timestamp>173.119468</timestamp>
			</report>
			<report>
				<misses>1923001</misses>
				<total>1850079</total>
				<timestamp>173.209539</timestamp>
			</report>
			<report>
				<misses>1924001</misses>
				<total>1851078</total>
				<timestamp>173.299487</timestamp>
			</report>
			<report>
				<misses>1925001</misses>
				<total>1852077</total>
				<timestamp>173.389529</timestamp>
			</report>
			<report>
				<misses>1926001</misses>
				<total>1853076</total>
				<timestamp>173.479480</timestamp>
			</report>
			<report>
				<misses>1927001</misses>
				<total>1854075</total>
				<timestamp>173.569442</timestamp>
			</report>
			<report>
				<misses>1928001</misses>
				<total>1855074</total>
				<timestamp>173.659525</timestamp>
			</report>
			<report>
				<misses>1929001</misses>
				<total>1856073</total>
				<timestamp>173.749487</timestamp>
			</report>
			<report>
				<misses>1930001</misses>
				<total>1857072</total>
				<timestamp>173.839418</timestamp>
			</report>
			<report>
				<misses>1931001</misses>
				<total>1858071</total>
				<timestamp>173.929422</timestamp>
			</report>
			<report>
				<misses>1932001</misses>
				<total>1859070</total>
				<timestamp>174.019411</timestamp>
			</report>
			<report>
				<misses>1933001</misses>
				<total>1860069</total>
				<timestamp>174.109423</timestamp>
			</report>
			<report>
				<misses>1934001</misses>
				<total>1861068</total>
				<timestamp>174.199410</timestamp>
			</report>
			<report>
				<misses>1935001</misses>
				<total>1862067</total>
				<timestamp>174.289405</timestamp>
			</report>
			<report>
				<misses>1936001</misses>
				<total>1863066</total>
				<timestamp>174.379430</timestamp>
			</report>
			<report>
				<misses>1937001</misses>
				<total>1864065</total>
				<timestamp>174.469446</timestamp>
			</report>
			<report>
				<misses>1938001</misses>
				<total>1865064</total>
				<timestamp>174.559539</timestamp>
			</report>
			<report>
				<misses>1939001</misses>
				<total>1866063</total>
				<timestamp>174.649850</timestamp>
			</report>
			<report>
				<misses>1940001</misses>
				<total>1867062</total>
				<timestamp>174.739756</timestamp>
			</report>
			<report>
				<misses>1941001</misses>
				<total>1868061</total>
				<timestamp>174.830187</timestamp>
			</report>
			<report>
				<misses>1942001</misses>
				<total>1869060</total>
				<timestamp>174.920181</timestamp>
			</report>
			<report>
				<misses>1943001</misses>
				<total>1870059</total>
				<timestamp>175.010217</timestamp>
			</report>
			<report>
				<misses>1944001</misses>
				<total>1871058</total>
				<timestamp>175.100333</timestamp>
			</report>
			<report>
				<misses>1945001</misses>
				<total>1872057</total>
				<timestamp>175.190469</timestamp>
			</report>
			<report>
				<misses>1946001</misses>
				<total>1873056</total>
				<timestamp>175.280404</timestamp>
			</report>
			<report>
				<misses>1947001</misses>
				<total>1874055</total>
				<timestamp>175.370491</timestamp>
			</report>
			<report>
				<misses>1948001</misses>
				<total>1875054</total>
				<timestamp>175.460569</timestamp>
			</report>
			<report>
				<misses>1949001</misses>
				<total>1876053</total>
				<timestamp>175.550526</timestamp>
			</report>
			<report>
				<misses>1950001</misses>
				<total>1877052</total>
				<timestamp>175.640491</timestamp>
			</report>
			<report>
				<misses>1951001</misses>
				<total>1878051</total>
				<timestamp>175.730560</timestamp>
			</report>
			<report>
				<misses>1952001</misses>
				<total>1879050</total>
				<timestamp>175.820563</timestamp>
			</report>
			<report>
				<misses>1953001</misses>
				<total>1880049</total>
				<timestamp>175.910490</timestamp>
			</report>
			<report>
				<misses>1954001</misses>
				<total>1881048</total>
				<timestamp>176.000477</timestamp>
			</report>
			<report>
				<misses>1955001</misses>
				<total>1882047</total>
				<timestamp>176.090434</timestamp>
			</report>
			<report>
				<misses>1956001</misses>
				<total>1883046</total>
				<timestamp>176.180456</timestamp>
			</report>
			<report>
				<misses>1957001</misses>
				<total>1884045</total>
				<timestamp>176.270444</timestamp>
			</report>
			<report>
				<misses>1958001</misses>
				<total>1885044</total>
				<timestamp>176.360421</timestamp>
			</report>
			<report>
				<misses>1959001</misses>
				<total>1886043</total>
				<timestamp>176.450427</timestamp>
			</report>
			<report>
				<misses>1960001</misses>
				<total>1887042</total>
				<timestamp>176.540419</timestamp>
			</report>
			<report>
				<misses>1961001</misses>
				<total>1888041</total>
				<timestamp>176.630419</timestamp>
			</report>
			<report>
				<misses>1962001</misses>
				<total>1889040</total>
				<timestamp>176.720419</timestamp>
			</report>
			<report>
				<misses>1963001</misses>
				<total>1890039</total>
				<timestamp>176.810405</timestamp>
			</report>
			<report>
				<misses>1964001</misses>
				<total>1891038</total>
				<timestamp>176.900435</timestamp>
			</report>
			<report>
				<misses>1965001</misses>
				<total>1892037</total>
				<timestamp>176.990410</timestamp>
			</report>
			<report>
				<misses>1966001</misses>
				<total>1893036</total>
				<timestamp>177.080427</timestamp>
			</report>
			<report>
				<misses>1967001</misses>
				<total>1894035</total>
				<timestamp>177.170393</timestamp>
			</report>
			<report>
				<misses>1968001</misses>
				<total>1895034</total>
				<timestamp>177.260409</timestamp>
			</report>
			<report>
				<misses>1969001</misses>
				<total>1896033</total>
				<timestamp>177.350413</timestamp>
			</report>
			<report>
				<misses>1970001</misses>
				<total>1897032</total>
				<timestamp>177.440402</timestamp>
			</report>
			<report>
				<misses>1971001</misses>
				<total>1898031</total>
				<timestamp>177.530463</timestamp>
			</report>
			<report>
				<misses>1972001</misses>
				<total>1899030</total>
				<timestamp>177.620407</timestamp>
			</report>
			<report>
				<misses>1973001</misses>
				<total>1900029</total>
				<timestamp>177.710402</timestamp>
			</report>
			<report>
				<misses>1974001</misses>
				<total>1901028</total>
				<timestamp>177.800406</timestamp>
			</report>
			<report>
				<misses>1975001</misses>
				<total>1902027</total>
				<timestamp>177.890412</timestamp>
			</report>
			<report>
				<misses>1976001</misses>
				<total>1903026</total>
				<timestamp>177.980427</timestamp>
			</report>
			<report>
				<misses>1977001</misses>
				<total>1904025</total>
				<timestamp>178.070469</timestamp>
			</report>
			<report>
				<misses>1978001</misses>
				<total>1905024</total>
				<timestamp>178.160437</timestamp>
			</report>
			<report>
				<misses>1979001</misses>
				<total>1906023</total>
				<timestamp>178.250416</timestamp>
			</report>
			<report>
				<misses>1980001</misses>
				<total>1907022</total>
				<timestamp>178.340416</timestamp>
			</report>
			<report>
				<misses>1981001</misses>
				<total>1908021</total>
				<timestamp>178.430465</timestamp>
			</report>
			<report>
				<misses>1982001</misses>
				<total>1909020</total>
				<timestamp>178.520471</timestamp>
			</report>
			<report>
				<misses>1983001</misses>
				<total>1910019</total>
				<timestamp>178.610467</timestamp>
			</report>
			<report>
				<misses>1984001</misses>
				<total>1911018</total>
				<timestamp>178.700470</timestamp>
			</report>
			<report>
				<misses>1985001</misses>
				<total>1912017</total>
				<timestamp>178.790480</timestamp>
			</report>
			<report>
				<misses>1986001</misses>
				<total>1913016</total>
				<timestamp>178.880408</timestamp>
			</report>
			<report>
				<misses>1987001</misses>
				<total>1914015</total>
				<timestamp>178.970750</timestamp>
			</report>
			<report>
				<misses>1988001</misses>
				<total>1915014</total>
				<timestamp>179.060666</timestamp>
			</report>
			<report>
				<misses>1989001</misses>
				<total>1916013</total>
				<timestamp>179.150696</timestamp>
			</report>
			<report>
				<misses>1990001</misses>
				<total>1917012</total>
				<timestamp>179.240674</timestamp>
			</report>
			<report>
				<misses>1991001</misses>
				<total>1918011</total>
				<timestamp>179.330661</timestamp>
			</report>
			<report>
				<misses>1992001</misses>
				<total>1919010</total>
				<timestamp>179.420631</timestamp>
			</report>
			<report>
				<misses>1993001</misses>
				<total>1920009</total>
				<timestamp>179.510575</timestamp>
			</report>
			<report>
				<misses>1994001</misses>
				<total>1921008</total>
				<timestamp>179.600640</timestamp>
			</report>
			<report>
				<misses>1995001</misses>
				<total>1922007</total>
				<timestamp>179.690675</timestamp>
			</report>
			<report>
				<misses>1996001</misses>
				<total>1923006</total>
				<timestamp>179.780707</timestamp>
			</report>
			<report>
				<misses>1997001</misses>
				<total>1924005</total>
				<timestamp>179.870677</timestamp>
			</report>
			<report>
				<misses>1998001</misses>
				<total>1925004</total>
				<timestamp>179.960661</timestamp>
			</report>
			<report>
				<misses>1999001</misses>
				<total>1926003</total>
				<timestamp>180.050569</timestamp>
			</report>
			<report>
				<misses>2000001</misses>
				<total>1927002</total>
				<timestamp>180.140474</timestamp>
			</report>
			<report>
				<misses>2001001</misses>
				<total>1928001</total>
				<timestamp>180.230397</timestamp>
			</report>
			<report>
				<misses>2002001</misses>
				<total>1929000</total>
				<timestamp>180.320503</timestamp>
			</report>
			<report>
				<misses>2003001</misses>
				<total>1929999</total>
				<timestamp>180.410478</timestamp>
			</report>
			<report>
				<misses>2004001</misses>
				<total>1930998</total>
				<timestamp>180.500426</timestamp>
			</report>
			<report>
				<misses>2005001</misses>
				<total>1931997</total>
				<timestamp>180.590403</timestamp>
			</report>
			<report>
				<misses>2006001</misses>
				<total>1932996</total>
				<timestamp>180.680425</timestamp>
			</report>
			<report>
				<misses>2007001</misses>
				<total>1933995</total>
				<timestamp>180.770412</timestamp>
			</report>
			<report>
				<misses>2008001</misses>
				<total>1934994</total>
				<timestamp>180.860408</timestamp>
			</report>
			<report>
				<misses>2009001</misses>
				<total>1935993</total>
				<timestamp>180.950409</timestamp>
			</report>
			<report>
				<misses>2010001</misses>
				<total>1936992</total>
				<timestamp>181.040457</timestamp>
			</report>
			<report>
				<misses>2011001</misses>
				<total>1937991</total>
				<timestamp>181.130396</timestamp>
			</report>
			<report>
				<misses>2012001</misses>
				<total>1938990</total>
				<timestamp>181.220399</timestamp>
			</report>
			<report>
				<misses>2013001</misses>
				<total>1939989</total>
				<timestamp>181.310410</timestamp>
			</report>
			<report>
				<misses>2014001</misses>
				<total>1940988</total>
				<timestamp>181.400414</timestamp>
			</report>
			<report>
				<misses>2015001</misses>
				<total>1941987</total>
				<timestamp>181.490415</timestamp>
			</report>
			<report>
				<misses>2016001</misses>
				<total>1942986</total>
				<timestamp>181.580415</timestamp>
			</report>
			<report>
				<misses>2017001</misses>
				<total>1943985</total>
				<timestamp>181.670424</timestamp>
			</report>
			<report>
				<misses>2018001</misses>
				<total>1944984</total>
				<timestamp>181.760520</timestamp>
			</report>
			<report>
				<misses>2019001</misses>
				<total>1945983</total>
				<timestamp>181.850488</timestamp>
			</report>
			<report>
				<misses>2020001</misses>
				<total>1946982</total>
				<timestamp>181.940469</timestamp>
			</report>
			<report>
				<misses>2021001</misses>
				<total>1947981</total>
				<timestamp>182.030412</timestamp>
			</report>
			<report>
				<misses>2022001</misses>
				<total>1948980</total>
				<timestamp>182.120612</timestamp>
			</report>
			<report>
				<misses>2023001</misses>
				<total>1949979</total>
				<timestamp>182.210557</timestamp>
			</report>
			<report>
				<misses>2024001</misses>
				<total>1950978</total>
				<timestamp>182.300476</timestamp>
			</report>
			<report>
				<misses>2025001</misses>
				<total>1951977</total>
				<timestamp>182.390471</timestamp>
			</report>
			<report>
				<misses>2026001</misses>
				<total>1952976</total>
				<timestamp>182.480403</timestamp>
			</report>
			<report>
				<misses>2027001</misses>
				<total>1953975</total>
				<timestamp>182.570426</timestamp>
			</report>
			<report>
				<misses>2028001</misses>
				<total>1954974</total>
				<timestamp>182.660421</timestamp>
			</report>
			<report>
				<misses>2029001</misses>
				<total>1955973</total>
				<timestamp>182.750470</timestamp>
			</report>
			<report>
				<misses>2030001</misses>
				<total>1956972</total>
				<timestamp>182.840400</timestamp>
			</report>
			<report>
				<misses>2031001</misses>
				<total>1957971</total>
				<timestamp>182.930394</timestamp>
			</report>
			<report>
				<misses>2032001</misses>
				<total>1958970</total>
				<timestamp>183.020444</timestamp>
			</report>
			<report>
				<misses>2033001</misses>
				<total>1959969</total>
				<timestamp>183.110407</timestamp>
			</report>
			<report>
				<misses>2034001</misses>
				<total>1960968</total>
				<timestamp>183.200421</timestamp>
			</report>
			<report>
				<misses>2035001</misses>
				<total>1961967</total>
				<timestamp>183.290429</timestamp>
			</report>
			<report>
				<misses>2036001</misses>
				<total>1962966</total>
				<timestamp>183.380452</timestamp>
			</report>
			<report>
				<misses>2037001</misses>
				<total>1963965</total>
				<timestamp>183.470437</timestamp>
			</report>
			<report>
				<misses>2038001</misses>
				<total>1964964</total>
				<timestamp>183.560454</timestamp>
			</report>
			<report>
				<misses>2039001</misses>
				<total>1965963</total>
				<timestamp>183.650474</timestamp>
			</report>
			<report>
				<misses>2040001</misses>
				<total>1966962</total>
				<timestamp>183.740459</timestamp>
			</report>
			<report>
				<misses>2041001</misses>
				<total>1967961</total>
				<timestamp>183.830461</timestamp>
			</report>
			<report>
				<misses>2042001</misses>
				<total>1968960</total>
				<timestamp>183.920431</timestamp>
			</report>
			<report>
				<misses>2043001</misses>
				<total>1969959</total>
				<timestamp>184.010409</timestamp>
			</report>
			<report>
				<misses>2044001</misses>
				<total>1970958</total>
				<timestamp>184.100422</timestamp>
			</report>
			<report>
				<misses>2045001</misses>
				<total>1971957</total>
				<timestamp>184.190453</timestamp>
			</report>
			<report>
				<misses>2046001</misses>
				<total>1972956</total>
				<timestamp>184.280420</timestamp>
			</report>
			<report>
				<misses>2047001</misses>
				<total>1973955</total>
				<timestamp>184.370441</timestamp>
			</report>
			<report>
				<misses>2048001</misses>
				<total>1974954</total>
				<timestamp>184.460481</timestamp>
			</report>
			<report>
				<misses>2049001</misses>
				<total>1975953</total>
				<timestamp>184.550482</timestamp>
			</report>
			<report>
				<misses>2050001</misses>
				<total>1976952</total>
				<timestamp>184.640493</timestamp>
			</report>
			<report>
				<misses>2051001</misses>
				<total>1977951</total>
				<timestamp>184.730471</timestamp>
			</report>
			<report>
				<misses>2052001</misses>
				<total>1978950</total>
				<timestamp>184.820477</timestamp>
			</report>
			<report>
				<misses>2053001</misses>
				<total>1979949</total>
				<timestamp>184.910552</timestamp>
			</report>
			<report>
				<misses>2054001</misses>
				<total>1980948</total>
				<timestamp>185.000577</timestamp>
			</report>
			<report>
				<misses>2055001</misses>
				<total>1981947</total>
				<timestamp>185.094437</timestamp>
			</report>
			<report>
				<misses>2056001</misses>
				<total>1982946</total>
				<timestamp>185.184419</timestamp>
			</report>
			<report>
				<misses>2057001</misses>
				<total>1983945</total>
				<timestamp>185.274452</timestamp>
			</report>
			<report>
				<misses>2058001</misses>
				<total>1984944</total>
				<timestamp>185.364439</timestamp>
			</report>
			<report>
				<misses>2059001</misses>
				<total>1985943</total>
				<timestamp>185.454364</timestamp>
			</report>
			<report>
				<misses>2060001</misses>
				<total>1986942</total>
				<timestamp>185.544446</timestamp>
			</report>
			<report>
				<misses>2061001</misses>
				<total>1987941</total>
				<timestamp>185.634534</timestamp>
			</report>
			<report>
				<misses>2062001</misses>
				<total>1988940</total>
				<timestamp>185.724640</timestamp>
			</report>
			<report>
				<misses>2063001</misses>
				<total>1989939</total>
				<timestamp>185.814679</timestamp>
			</report>
			<report>
				<misses>2064001</misses>
				<total>1990938</total>
				<timestamp>185.904629</timestamp>
			</report>
			<report>
				<misses>2065001</misses>
				<total>1991937</total>
				<timestamp>185.994607</timestamp>
			</report>
			<report>
				<misses>2066001</misses>
				<total>1992936</total>
				<timestamp>186.084527</timestamp>
			</report>
			<report>
				<misses>2067001</misses>
				<total>1993935</total>
				<timestamp>186.174547</timestamp>
			</report>
			<report>
				<misses>2068001</misses>
				<total>1994934</total>
				<timestamp>186.264606</timestamp>
			</report>
			<report>
				<misses>2069001</misses>
				<total>1995933</total>
				<timestamp>186.354602</timestamp>
			</report>
			<report>
				<misses>2070001</misses>
				<total>1996932</total>
				<timestamp>186.444578</timestamp>
			</report>
			<report>
				<misses>2071001</misses>
				<total>1997931</total>
				<timestamp>186.534516</timestamp>
			</report>
			<report>
				<misses>2072001</misses>
				<total>1998930</total>
				<timestamp>186.624489</timestamp>
			</report>
			<report>
				<misses>2073001</misses>
				<total>1999929</total>
				<timestamp>186.714452</timestamp>
			</report>
			<report>
				<misses>2074001</misses>
				<total>2000928</total>
				<timestamp>186.804429</timestamp>
			</report>
			<report>
				<misses>2075001</misses>
				<total>2001927</total>
				<timestamp>186.894395</timestamp>
			</report>
			<report>
				<misses>2076001</misses>
				<total>2002926</total>
				<timestamp>186.984347</timestamp>
			</report>
			<report>
				<misses>2077001</misses>
				<total>2003925</total>
				<timestamp>187.074273</timestamp>
			</report>
			<report>
				<misses>2078001</misses>
				<total>2004924</total>
				<timestamp>187.164472</timestamp>
			</report>
			<report>
				<misses>2079001</misses>
				<total>2005923</total>
				<timestamp>187.261668</timestamp>
			</report>
			<report>
				<misses>2080001</misses>
				<total>2006922</total>
				<timestamp>187.351623</timestamp>
			</report>
			<report>
				<misses>2081001</misses>
				<total>2007921</total>
				<timestamp>187.441543</timestamp>
			</report>
			<report>
				<misses>2082001</misses>
				<total>2008920</total>
				<timestamp>187.531513</timestamp>
			</report>
			<report>
				<misses>2083001</misses>
				<total>2009919</total>
				<timestamp>187.621578</timestamp>
			</report>
			<report>
				<misses>2084001</misses>
				<total>2010918</total>
				<timestamp>187.711543</timestamp>
			</report>
			<report>
				<misses>2085001</misses>
				<total>2011814</total>
				<timestamp>187.802923</timestamp>
			</report>
			<report>
				<misses>2086001</misses>
				<total>2012813</total>
				<timestamp>187.892897</timestamp>
			</report>
			<report>
				<misses>2087001</misses>
				<total>2013812</total>
				<timestamp>187.983111</timestamp>
			</report>
			<report>
				<misses>2088001</misses>
				<total>2014811</total>
				<timestamp>188.077550</timestamp>
			</report>
			<report>
				<misses>2089001</misses>
				<total>2015810</total>
				<timestamp>188.167611</timestamp>
			</report>
			<report>
				<misses>2090001</misses>
				<total>2016809</total>
				<timestamp>188.257668</timestamp>
			</report>
			<report>
				<misses>2091001</misses>
				<total>2017808</total>
				<timestamp>188.347652</timestamp>
			</report>
			<report>
				<misses>2092001</misses>
				<total>2018807</total>
				<timestamp>188.437651</timestamp>
			</report>
			<report>
				<misses>2093001</misses>
				<total>2019806</total>
				<timestamp>188.527574</timestamp>
			</report>
			<report>
				<misses>2094001</misses>
				<total>2020805</total>
				<timestamp>188.617527</timestamp>
			</report>
			<report>
				<misses>2095001</misses>
				<total>2021804</total>
				<timestamp>188.707605</timestamp>
			</report>
			<report>
				<misses>2096001</misses>
				<total>2022803</total>
				<timestamp>188.797605</timestamp>
			</report>
			<report>
				<misses>2097001</misses>
				<total>2023802</total>
				<timestamp>188.887591</timestamp>
			</report>
			<report>
				<misses>2098001</misses>
				<total>2024801</total>
				<timestamp>188.977786</timestamp>
			</report>
			<report>
				<misses>2099001</misses>
				<total>2025800</total>
				<timestamp>189.067773</timestamp>
			</report>
			<report>
				<misses>2100001</misses>
				<total>2026799</total>
				<timestamp>189.157754</timestamp>
			</report>
			<report>
				<misses>2101001</misses>
				<total>2027798</total>
				<timestamp>189.247683</timestamp>
			</report>
			<report>
				<misses>2102001</misses>
				<total>2028016</total>
				<timestamp>189.337754</timestamp>
			</report>
			<report>
				<misses>2103001</misses>
				<total>2028727</total>
				<timestamp>189.427719</timestamp>
			</report>
			<report>
				<misses>2104001</misses>
				<total>2029726</total>
				<timestamp>189.517707</timestamp>
			</report>
			<report>
				<misses>2105001</misses>
				<total>2030725</total>
				<timestamp>189.609365</timestamp>
			</report>
			<report>
				<misses>2106001</misses>
				<total>2031724</total>
				<timestamp>189.699355</timestamp>
			</report>
			<report>
				<misses>2107001</misses>
				<total>2032723</total>
				<timestamp>189.789326</timestamp>
			</report>
			<report>
				<misses>2108001</misses>
				<total>2033722</total>
				<timestamp>189.879389</timestamp>
			</report>
			<report>
				<misses>2109001</misses>
				<total>2034721</total>
				<timestamp>189.969408</timestamp>
			</report>
			<report>
				<misses>2110001</misses>
				<total>2035720</total>
				<timestamp>190.059461</timestamp>
			</report>
			<report>
				<misses>2111001</misses>
				<total>2036719</total>
				<timestamp>190.149539</timestamp>
			</report>
			<report>
				<misses>2112001</misses>
				<total>2037718</total>
				<timestamp>190.239517</timestamp>
			</report>
			<report>
				<misses>2113001</misses>
				<total>2038717</total>
				<timestamp>190.329558</timestamp>
			</report>
			<report>
				<misses>2114001</misses>
				<total>2039716</total>
				<timestamp>190.419572</timestamp>
			</report>
			<report>
				<misses>2115001</misses>
				<total>2040715</total>
				<timestamp>190.509673</timestamp>
			</report>
			<report>
				<misses>2116001</misses>
				<total>2041714</total>
				<timestamp>190.599788</timestamp>
			</report>
			<report>
				<misses>2117001</misses>
				<total>2042713</total>
				<timestamp>190.689756</timestamp>
			</report>
			<report>
				<misses>2118001</misses>
				<total>2043712</total>
				<timestamp>190.779769</timestamp>
			</report>
			<report>
				<misses>2119001</misses>
				<total>2043974</total>
				<timestamp>190.870065</timestamp>
			</report>
			<report>
				<misses>2120001</misses>
				<total>2044310</total>
				<timestamp>190.960078</timestamp>
			</report>
			<report>
				<misses>2121001</misses>
				<total>2045309</total>
				<timestamp>191.050081</timestamp>
			</report>
			<report>
				<misses>2122001</misses>
				<total>2046308</total>
				<timestamp>191.140058</timestamp>
			</report>
			<report>
				<misses>2123001</misses>
				<total>2047307</total>
				<timestamp>191.230144</timestamp>
			</report>
			<report>
				<misses>2124001</misses>
				<total>2048306</total>
				<timestamp>191.320100</timestamp>
			</report>
			<report>
				<misses>2125001</misses>
				<total>2049305</total>
				<timestamp>191.410114</timestamp>
			</report>
			<report>
				<misses>2126001</misses>
				<total>2050304</total>
				<timestamp>191.500174</timestamp>
			</report>
			<report>
				<misses>2127001</misses>
				<total>2051303</total>
				<timestamp>191.595984</timestamp>
			</report>
			<report>
				<misses>2128001</misses>
				<total>2052302</total>
				<timestamp>191.692152</timestamp>
			</report>
			<report>
				<misses>2129001</misses>
				<total>2053301</total>
				<timestamp>191.782110</timestamp>
			</report>
			<report>
				<misses>2130001</misses>
				<total>2054300</total>
				<timestamp>191.872146</timestamp>
			</report>
			<report>
				<misses>2131001</misses>
				<total>2055299</total>
				<timestamp>191.962186</timestamp>
			</report>
			<report>
				<misses>2132001</misses>
				<total>2056298</total>
				<timestamp>192.053467</timestamp>
			</report>
			<report>
				<misses>2133001</misses>
				<total>2057297</total>
				<timestamp>192.143412</timestamp>
			</report>
			<report>
				<misses>2134001</misses>
				<total>2058296</total>
				<timestamp>192.233367</timestamp>
			</report>
			<report>
				<misses>2135001</misses>
				<total>2059295</total>
				<timestamp>192.323398</timestamp>
			</report>
			<report>
				<misses>2136001</misses>
				<total>2059481</total>
				<timestamp>192.413371</timestamp>
			</report>
			<report>
				<misses>2137001</misses>
				<total>2059482</total>
				<timestamp>192.503387</timestamp>
			</report>
			<report>
				<misses>2138001</misses>
				<total>2059489</total>
				<timestamp>192.593487</timestamp>
			</report>
			<report>
				<misses>2139001</misses>
				<total>2060164</total>
				<timestamp>192.683405</timestamp>
			</report>
			<report>
				<misses>2140001</misses>
				<total>2061163</total>
				<timestamp>192.773363</timestamp>
			</report>
			<report>
				<misses>2141001</misses>
				<total>2062030</total>
				<timestamp>192.863386</timestamp>
			</report>
			<report>
				<misses>2142001</misses>
				<total>2062029</total>
				<timestamp>192.957133</timestamp>
			</report>
			<report>
				<misses>2143001</misses>
				<total>2062031</total>
				<timestamp>193.050698</timestamp>
			</report>
			<report>
				<misses>2144001</misses>
				<total>2062525</total>
				<timestamp>193.140658</timestamp>
			</report>
			<report>
				<misses>2145001</misses>
				<total>2063524</total>
				<timestamp>193.230661</timestamp>
			</report>
			<report>
				<misses>2146001</misses>
				<total>2064523</total>
				<timestamp>193.320655</timestamp>
			</report>
			<report>
				<misses>2147001</misses>
				<total>2065522</total>
				<timestamp>193.410619</timestamp>
			</report>
			<report>
				<misses>2148001</misses>
				<total>2066521</total>
				<timestamp>193.500587</timestamp>
			</report>
			<report>
				<misses>2149001</misses>
				<total>2067520</total>
				<timestamp>193.590530</timestamp>
			</report>
			<report>
				<misses>2150001</misses>
				<total>2068519</total>
				<timestamp>193.680456</timestamp>
			</report>
			<report>
				<misses>2151001</misses>
				<total>2069518</total>
				<timestamp>193.770436</timestamp>
			</report>
			<report>
				<misses>2152001</misses>
				<total>2070517</total>
				<timestamp>193.860432</timestamp>
			</report>
			<report>
				<misses>2153001</misses>
				<total>2071516</total>
				<timestamp>193.950418</timestamp>
			</report>
			<report>
				<misses>2154001</misses>
				<total>2072515</total>
				<timestamp>194.040435</timestamp>
			</report>
			<report>
				<misses>2155001</misses>
				<total>2073514</total>
				<timestamp>194.130386</timestamp>
			</report>
			<report>
				<misses>2156001</misses>
				<total>2074513</total>
				<timestamp>194.220591</timestamp>
			</report>
			<report>
				<misses>2157001</misses>
				<total>2075512</total>
				<timestamp>194.310613</timestamp>
			</report>
			<report>
				<misses>2158001</misses>
				<total>2076511</total>
				<timestamp>194.400588</timestamp>
			</report>
			<report>
				<misses>2159001</misses>
				<total>2077510</total>
				<timestamp>194.490587</timestamp>
			</report>
			<report>
				<misses>2160001</misses>
				<total>2078509</total>
				<timestamp>194.580534</timestamp>
			</report>
			<report>
				<misses>2161001</misses>
				<total>2079508</total>
				<timestamp>194.670599</timestamp>
			</report>
			<report>
				<misses>2162001</misses>
				<total>2080507</total>
				<timestamp>194.760532</timestamp>
			</report>
			<report>
				<misses>2163001</misses>
				<total>2081506</total>
				<timestamp>194.850536</timestamp>
			</report>
			<report>
				<misses>2164001</misses>
				<total>2082505</total>
				<timestamp>194.940539</timestamp>
			</report>
			<report>
				<misses>2165001</misses>
				<total>2083504</total>
				<timestamp>195.032229</timestamp>
			</report>
			<report>
				<misses>2166001</misses>
				<total>2084503</total>
				<timestamp>195.122183</timestamp>
			</report>
			<report>
				<misses>2167001</misses>
				<total>2085502</total>
				<timestamp>195.212216</timestamp>
			</report>
			<report>
				<misses>2168001</misses>
				<total>2086501</total>
				<timestamp>195.302199</timestamp>
			</report>
			<report>
				<misses>2169001</misses>
				<total>2087500</total>
				<timestamp>195.392393</timestamp>
			</report>
			<report>
				<misses>2170001</misses>
				<total>2088499</total>
				<timestamp>195.482490</timestamp>
			</report>
			<report>
				<misses>2171001</misses>
				<total>2089498</total>
				<timestamp>195.572508</timestamp>
			</report>
			<report>
				<misses>2172001</misses>
				<total>2090497</total>
				<timestamp>195.662426</timestamp>
			</report>
			<report>
				<misses>2173001</misses>
				<total>2091496</total>
				<timestamp>195.752474</timestamp>
			</report>
			<report>
				<misses>2174001</misses>
				<total>2092495</total>
				<timestamp>195.842418</timestamp>
			</report>
			<report>
				<misses>2175001</misses>
				<total>2093494</total>
				<timestamp>195.932468</timestamp>
			</report>
			<report>
				<misses>2176001</misses>
				<total>2094493</total>
				<timestamp>196.022410</timestamp>
			</report>
			<report>
				<misses>2177001</misses>
				<total>2095492</total>
				<timestamp>196.112335</timestamp>
			</report>
			<report>
				<misses>2178001</misses>
				<total>2096491</total>
				<timestamp>196.202475</timestamp>
			</report>
			<report>
				<misses>2179001</misses>
				<total>2097490</total>
				<timestamp>196.292474</timestamp>
			</report>
			<report>
				<misses>2180001</misses>
				<total>2098489</total>
				<timestamp>196.382412</timestamp>
			</report>
			<report>
				<misses>2181001</misses>
				<total>2099488</total>
				<timestamp>196.472394</timestamp>
			</report>
			<report>
				<misses>2182001</misses>
				<total>2100487</total>
				<timestamp>196.562388</timestamp>
			</report>
			<report>
				<misses>2183001</misses>
				<total>2101486</total>
				<timestamp>196.652366</timestamp>
			</report>
			<report>
				<misses>2184001</misses>
				<total>2102485</total>
				<timestamp>196.742404</timestamp>
			</report>
			<report>
				<misses>2185001</misses>
				<total>2103484</total>
				<timestamp>196.832401</timestamp>
			</report>
			<report>
				<misses>2186001</misses>
				<total>2104483</total>
				<timestamp>196.922354</timestamp>
			</report>
			<report>
				<misses>2187001</misses>
				<total>2105482</total>
				<timestamp>197.012365</timestamp>
			</report>
			<report>
				<misses>2188001</misses>
				<total>2106481</total>
				<timestamp>197.102386</timestamp>
			</report>
			<report>
				<misses>2189001</misses>
				<total>2107480</total>
				<timestamp>197.192393</timestamp>
			</report>
			<report>
				<misses>2190001</misses>
				<total>2108479</total>
				<timestamp>197.282362</timestamp>
			</report>
			<report>
				<misses>2191001</misses>
				<total>2109478</total>
				<timestamp>197.372436</timestamp>
			</report>
			<report>
				<misses>2192001</misses>
				<total>2110477</total>
				<timestamp>197.462523</timestamp>
			</report>
			<report>
				<misses>2193001</misses>
				<total>2111476</total>
				<timestamp>197.552526</timestamp>
			</report>
			<report>
				<misses>2194001</misses>
				<total>2112475</total>
				<timestamp>197.642610</timestamp>
			</report>
			<report>
				<misses>2195001</misses>
				<total>2113474</total>
				<timestamp>197.732648</timestamp>
			</report>
			<report>
				<misses>2196001</misses>
				<total>2114473</total>
				<timestamp>197.822622</timestamp>
			</report>
			<report>
				<misses>2197001</misses>
				<total>2115472</total>
				<timestamp>197.912600</timestamp>
			</report>
			<report>
				<misses>2198001</misses>
				<total>2116471</total>
				<timestamp>198.002505</timestamp>
			</report>
			<report>
				<misses>2199001</misses>
				<total>2117470</total>
				<timestamp>198.092497</timestamp>
			</report>
			<report>
				<misses>2200001</misses>
				<total>2118469</total>
				<timestamp>198.182463</timestamp>
			</report>
			<report>
				<misses>2201001</misses>
				<total>2119468</total>
				<timestamp>198.272505</timestamp>
			</report>
			<report>
				<misses>2202001</misses>
				<total>2120467</total>
				<timestamp>198.362501</timestamp>
			</report>
			<report>
				<misses>2203001</misses>
				<total>2121466</total>
				<timestamp>198.452496</timestamp>
			</report>
			<report>
				<misses>2204001</misses>
				<total>2122465</total>
				<timestamp>198.542498</timestamp>
			</report>
			<report>
				<misses>2205001</misses>
				<total>2123464</total>
				<timestamp>198.632503</timestamp>
			</report>
			<report>
				<misses>2206001</misses>
				<total>2124463</total>
				<timestamp>198.722433</timestamp>
			</report>
			<report>
				<misses>2207001</misses>
				<total>2125462</total>
				<timestamp>198.812466</timestamp>
			</report>
			<report>
				<misses>2208001</misses>
				<total>2126461</total>
				<timestamp>198.902442</timestamp>
			</report>
			<report>
				<misses>2209001</misses>
				<total>2127460</total>
				<timestamp>198.992407</timestamp>
			</report>
			<report>
				<misses>2210001</misses>
				<total>2128459</total>
				<timestamp>199.084087</timestamp>
			</report>
			<report>
				<misses>2211001</misses>
				<total>2129458</total>
				<timestamp>199.174169</timestamp>
			</report>
			<report>
				<misses>2212001</misses>
				<total>2130457</total>
				<timestamp>199.264139</timestamp>
			</report>
			<report>
				<misses>2213001</misses>
				<total>2131456</total>
				<timestamp>199.354142</timestamp>
			</report>
			<report>
				<misses>2214001</misses>
				<total>2132455</total>
				<timestamp>199.444150</timestamp>
			</report>
			<report>
				<misses>2215001</misses>
				<total>2133454</total>
				<timestamp>199.534146</timestamp>
			</report>
			<report>
				<misses>2216001</misses>
				<total>2134453</total>
				<timestamp>199.624146</timestamp>
			</report>
			<report>
				<misses>2217001</misses>
				<total>2135452</total>
				<timestamp>199.714184</timestamp>
			</report>
			<report>
				<misses>2218001</misses>
				<total>2136451</total>
				<timestamp>199.804163</timestamp>
			</report>
			<report>
				<misses>2219001</misses>
				<total>2137450</total>
				<timestamp>199.894161</timestamp>
			</report>
			<report>
				<misses>2220001</misses>
				<total>2138449</total>
				<timestamp>199.984216</timestamp>
			</report>
			<report>
				<misses>2221001</misses>
				<total>2139448</total>
				<timestamp>200.074249</timestamp>
			</report>
			<report>
				<misses>2222001</misses>
				<total>2140447</total>
				<timestamp>200.164236</timestamp>
			</report>
			<report>
				<misses>2223001</misses>
				<total>2141446</total>
				<timestamp>200.254330</timestamp>
			</report>
			<report>
				<misses>2224001</misses>
				<total>2142445</total>
				<timestamp>200.344380</timestamp>
			</report>
			<report>
				<misses>2225001</misses>
				<total>2143444</total>
				<timestamp>200.434351</timestamp>
			</report>
			<report>
				<misses>2226001</misses>
				<total>2144443</total>
				<timestamp>200.524334</timestamp>
			</report>
			<report>
				<misses>2227001</misses>
				<total>2145442</total>
				<timestamp>200.614360</timestamp>
			</report>
			<report>
				<misses>2228001</misses>
				<total>2146441</total>
				<timestamp>200.704426</timestamp>
			</report>
			<report>
				<misses>2229001</misses>
				<total>2147440</total>
				<timestamp>200.794418</timestamp>
			</report>
			<report>
				<misses>2230001</misses>
				<total>2148439</total>
				<timestamp>200.884396</timestamp>
			</report>
			<report>
				<misses>2231001</misses>
				<total>2149438</total>
				<timestamp>200.974374</timestamp>
			</report>
			<report>
				<misses>2232001</misses>
				<total>2150437</total>
				<timestamp>201.064329</timestamp>
			</report>
			<report>
				<misses>2233001</misses>
				<total>2151436</total>
				<timestamp>201.154365</timestamp>
			</report>
			<report>
				<misses>2234001</misses>
				<total>2152435</total>
				<timestamp>201.244348</timestamp>
			</report>
			<report>
				<misses>2235001</misses>
				<total>2153434</total>
				<timestamp>201.334374</timestamp>
			</report>
			<report>
				<misses>2236001</misses>
				<total>2154433</total>
				<timestamp>201.424600</timestamp>
			</report>
			<report>
				<misses>2237001</misses>
				<total>2155432</total>
				<timestamp>201.514776</timestamp>
			</report>
			<report>
				<misses>2238001</misses>
				<total>2156431</total>
				<timestamp>201.604996</timestamp>
			</report>
			<report>
				<misses>2239001</misses>
				<total>2157430</total>
				<timestamp>201.694987</timestamp>
			</report>
			<report>
				<misses>2240001</misses>
				<total>2158429</total>
				<timestamp>201.784977</timestamp>
			</report>
			<report>
				<misses>2241001</misses>
				<total>2159428</total>
				<timestamp>201.875155</timestamp>
			</report>
			<report>
				<misses>2242001</misses>
				<total>2160427</total>
				<timestamp>201.965223</timestamp>
			</report>
			<report>
				<misses>2243001</misses>
				<total>2161426</total>
				<timestamp>202.055210</timestamp>
			</report>
			<report>
				<misses>2244001</misses>
				<total>2162425</total>
				<timestamp>202.145136</timestamp>
			</report>
			<report>
				<misses>2245001</misses>
				<total>2163424</total>
				<timestamp>202.235116</timestamp>
			</report>
			<report>
				<misses>2246001</misses>
				<total>2164423</total>
				<timestamp>202.325090</timestamp>
			</report>
			<report>
				<misses>2247001</misses>
				<total>2165422</total>
				<timestamp>202.415125</timestamp>
			</report>
			<report>
				<misses>2248001</misses>
				<total>2166421</total>
				<timestamp>202.505213</timestamp>
			</report>
			<report>
				<misses>2249001</misses>
				<total>2167420</total>
				<timestamp>202.595222</timestamp>
			</report>
			<report>
				<misses>2250001</misses>
				<total>2168419</total>
				<timestamp>202.685236</timestamp>
			</report>
			<report>
				<misses>2251001</misses>
				<total>2169418</total>
				<timestamp>202.775221</timestamp>
			</report>
			<report>
				<misses>2252001</misses>
				<total>2170417</total>
				<timestamp>202.865316</timestamp>
			</report>
			<report>
				<misses>2253001</misses>
				<total>2171416</total>
				<timestamp>202.955340</timestamp>
			</report>
			<report>
				<misses>2254001</misses>
				<total>2172415</total>
				<timestamp>203.045330</timestamp>
			</report>
			<report>
				<misses>2255001</misses>
				<total>2173414</total>
				<timestamp>203.135322</timestamp>
			</report>
			<report>
				<misses>2256001</misses>
				<total>2174413</total>
				<timestamp>203.225431</timestamp>
			</report>
			<report>
				<misses>2257001</misses>
				<total>2175412</total>
				<timestamp>203.315408</timestamp>
			</report>
			<report>
				<misses>2258001</misses>
				<total>2176411</total>
				<timestamp>203.405443</timestamp>
			</report>
			<report>
				<misses>2259001</misses>
				<total>2177410</total>
				<timestamp>203.495474</timestamp>
			</report>
			<report>
				<misses>2260001</misses>
				<total>2178409</total>
				<timestamp>203.585428</timestamp>
			</report>
			<report>
				<misses>2261001</misses>
				<total>2179408</total>
				<timestamp>203.675416</timestamp>
			</report>
			<report>
				<misses>2262001</misses>
				<total>2180407</total>
				<timestamp>203.765420</timestamp>
			</report>
			<report>
				<misses>2263001</misses>
				<total>2181406</total>
				<timestamp>203.855438</timestamp>
			</report>
			<report>
				<misses>2264001</misses>
				<total>2182405</total>
				<timestamp>203.945450</timestamp>
			</report>
			<report>
				<misses>2265001</misses>
				<total>2183404</total>
				<timestamp>204.035581</timestamp>
			</report>
			<report>
				<misses>2266001</misses>
				<total>2184403</total>
				<timestamp>204.125598</timestamp>
			</report>
			<report>
				<misses>2267001</misses>
				<total>2185402</total>
				<timestamp>204.215657</timestamp>
			</report>
			<report>
				<misses>2268001</misses>
				<total>2186401</total>
				<timestamp>204.305880</timestamp>
			</report>
			<report>
				<misses>2269001</misses>
				<total>2187400</total>
				<timestamp>204.395975</timestamp>
			</report>
			<report>
				<misses>2270001</misses>
				<total>2188399</total>
				<timestamp>204.485967</timestamp>
			</report>
			<report>
				<misses>2271001</misses>
				<total>2189398</total>
				<timestamp>204.576031</timestamp>
			</report>
			<report>
				<misses>2272001</misses>
				<total>2190397</total>
				<timestamp>204.666036</timestamp>
			</report>
			<report>
				<misses>2273001</misses>
				<total>2191396</total>
				<timestamp>204.756090</timestamp>
			</report>
			<report>
				<misses>2274001</misses>
				<total>2192395</total>
				<timestamp>204.846100</timestamp>
			</report>
			<report>
				<misses>2275001</misses>
				<total>2193394</total>
				<timestamp>204.936124</timestamp>
			</report>
			<report>
				<misses>2276001</misses>
				<total>2194393</total>
				<timestamp>205.026194</timestamp>
			</report>
			<report>
				<misses>2277001</misses>
				<total>2195392</total>
				<timestamp>205.116136</timestamp>
			</report>
			<report>
				<misses>2278001</misses>
				<total>2196391</total>
				<timestamp>205.206173</timestamp>
			</report>
			<report>
				<misses>2279001</misses>
				<total>2197390</total>
				<timestamp>205.296154</timestamp>
			</report>
			<report>
				<misses>2280001</misses>
				<total>2198389</total>
				<timestamp>205.386153</timestamp>
			</report>
			<report>
				<misses>2281001</misses>
				<total>2199388</total>
				<timestamp>205.476132</timestamp>
			</report>
			<report>
				<misses>2282001</misses>
				<total>2200387</total>
				<timestamp>205.566164</timestamp>
			</report>
			<report>
				<misses>2283001</misses>
				<total>2201386</total>
				<timestamp>205.656165</timestamp>
			</report>
			<report>
				<misses>2284001</misses>
				<total>2202385</total>
				<timestamp>205.746147</timestamp>
			</report>
			<report>
				<misses>2285001</misses>
				<total>2203384</total>
				<timestamp>205.836151</timestamp>
			</report>
			<report>
				<misses>2286001</misses>
				<total>2204383</total>
				<timestamp>205.926166</timestamp>
			</report>
			<report>
				<misses>2287001</misses>
				<total>2205382</total>
				<timestamp>206.016127</timestamp>
			</report>
			<report>
				<misses>2288001</misses>
				<total>2206381</total>
				<timestamp>206.106181</timestamp>
			</report>
			<report>
				<misses>2289001</misses>
				<total>2207380</total>
				<timestamp>206.196166</timestamp>
			</report>
			<report>
				<misses>2290001</misses>
				<total>2208379</total>
				<timestamp>206.286159</timestamp>
			</report>
			<report>
				<misses>2291001</misses>
				<total>2209378</total>
				<timestamp>206.376111</timestamp>
			</report>
			<report>
				<misses>2292001</misses>
				<total>2210377</total>
				<timestamp>206.466154</timestamp>
			</report>
			<report>
				<misses>2293001</misses>
				<total>2211376</total>
				<timestamp>206.556182</timestamp>
			</report>
			<report>
				<misses>2294001</misses>
				<total>2212375</total>
				<timestamp>206.646163</timestamp>
			</report>
			<report>
				<misses>2295001</misses>
				<total>2213374</total>
				<timestamp>206.736110</timestamp>
			</report>
			<report>
				<misses>2296001</misses>
				<total>2214373</total>
				<timestamp>206.826077</timestamp>
			</report>
			<report>
				<misses>2297001</misses>
				<total>2215372</total>
				<timestamp>206.916104</timestamp>
			</report>
			<report>
				<misses>2298001</misses>
				<total>2216371</total>
				<timestamp>207.006090</timestamp>
			</report>
			<report>
				<misses>2299001</misses>
				<total>2217370</total>
				<timestamp>207.096074</timestamp>
			</report>
			<report>
				<misses>2300001</misses>
				<total>2218369</total>
				<timestamp>207.186136</timestamp>
			</report>
			<report>
				<misses>2301001</misses>
				<total>2219368</total>
				<timestamp>207.276162</timestamp>
			</report>
			<report>
				<misses>2302001</misses>
				<total>2220367</total>
				<timestamp>207.366120</timestamp>
			</report>
			<report>
				<misses>2303001</misses>
				<total>2221366</total>
				<timestamp>207.456173</timestamp>
			</report>
			<report>
				<misses>2304001</misses>
				<total>2222365</total>
				<timestamp>207.546119</timestamp>
			</report>
			<report>
				<misses>2305001</misses>
				<total>2223364</total>
				<timestamp>207.636119</timestamp>
			</report>
			<report>
				<misses>2306001</misses>
				<total>2224363</total>
				<timestamp>207.726093</timestamp>
			</report>
			<report>
				<misses>2307001</misses>
				<total>2225362</total>
				<timestamp>207.816030</timestamp>
			</report>
			<report>
				<misses>2308001</misses>
				<total>2226361</total>
				<timestamp>207.906087</timestamp>
			</report>
			<report>
				<misses>2309001</misses>
				<total>2227360</total>
				<timestamp>207.996106</timestamp>
			</report>
			<report>
				<misses>2310001</misses>
				<total>2228359</total>
				<timestamp>208.086123</timestamp>
			</report>
			<report>
				<misses>2311001</misses>
				<total>2229358</total>
				<timestamp>208.176141</timestamp>
			</report>
			<report>
				<misses>2312001</misses>
				<total>2230357</total>
				<timestamp>208.266183</timestamp>
			</report>
			<report>
				<misses>2313001</misses>
				<total>2231356</total>
				<timestamp>208.356163</timestamp>
			</report>
			<report>
				<misses>2314001</misses>
				<total>2232355</total>
				<timestamp>208.446103</timestamp>
			</report>
			<report>
				<misses>2315001</misses>
				<total>2233354</total>
				<timestamp>208.536068</timestamp>
			</report>
			<report>
				<misses>2316001</misses>
				<total>2234353</total>
				<timestamp>208.626158</timestamp>
			</report>
			<report>
				<misses>2317001</misses>
				<total>2235352</total>
				<timestamp>208.716101</timestamp>
			</report>
			<report>
				<misses>2318001</misses>
				<total>2236351</total>
				<timestamp>208.806266</timestamp>
			</report>
			<report>
				<misses>2319001</misses>
				<total>2237350</total>
				<timestamp>208.896228</timestamp>
			</report>
			<report>
				<misses>2320001</misses>
				<total>2238349</total>
				<timestamp>208.986276</timestamp>
			</report>
			<report>
				<misses>2321001</misses>
				<total>2239348</total>
				<timestamp>209.076256</timestamp>
			</report>
			<report>
				<misses>2322001</misses>
				<total>2240347</total>
				<timestamp>209.166295</timestamp>
			</report>
			<report>
				<misses>2323001</misses>
				<total>2241346</total>
				<timestamp>209.256349</timestamp>
			</report>
			<report>
				<misses>2324001</misses>
				<total>2242345</total>
				<timestamp>209.346334</timestamp>
			</report>
			<report>
				<misses>2325001</misses>
				<total>2243344</total>
				<timestamp>209.436351</timestamp>
			</report>
			<report>
				<misses>2326001</misses>
				<total>2244343</total>
				<timestamp>209.526307</timestamp>
			</report>
			<report>
				<misses>2327001</misses>
				<total>2245342</total>
				<timestamp>209.616313</timestamp>
			</report>
			<report>
				<misses>2328001</misses>
				<total>2246341</total>
				<timestamp>209.706365</timestamp>
			</report>
			<report>
				<misses>2329001</misses>
				<total>2247340</total>
				<timestamp>209.796494</timestamp>
			</report>
			<report>
				<misses>2330001</misses>
				<total>2248339</total>
				<timestamp>209.886476</timestamp>
			</report>
			<report>
				<misses>2331001</misses>
				<total>2249338</total>
				<timestamp>209.976589</timestamp>
			</report>
			<report>
				<misses>2332001</misses>
				<total>2250337</total>
				<timestamp>210.066617</timestamp>
			</report>
			<report>
				<misses>2333001</misses>
				<total>2251336</total>
				<timestamp>210.156552</timestamp>
			</report>
			<report>
				<misses>2334001</misses>
				<total>2252335</total>
				<timestamp>210.246484</timestamp>
			</report>
			<report>
				<misses>2335001</misses>
				<total>2253334</total>
				<timestamp>210.336521</timestamp>
			</report>
			<report>
				<misses>2336001</misses>
				<total>2254333</total>
				<timestamp>210.426478</timestamp>
			</report>
			<report>
				<misses>2337001</misses>
				<total>2255332</total>
				<timestamp>210.516472</timestamp>
			</report>
			<report>
				<misses>2338001</misses>
				<total>2256331</total>
				<timestamp>210.606382</timestamp>
			</report>
			<report>
				<misses>2339001</misses>
				<total>2257330</total>
				<timestamp>210.702518</timestamp>
			</report>
			<report>
				<misses>2340001</misses>
				<total>2258329</total>
				<timestamp>210.793277</timestamp>
			</report>
			<report>
				<misses>2341001</misses>
				<total>2259328</total>
				<timestamp>210.883259</timestamp>
			</report>
			<report>
				<misses>2342001</misses>
				<total>2260327</total>
				<timestamp>210.973265</timestamp>
			</report>
			<report>
				<misses>2343001</misses>
				<total>2261326</total>
				<timestamp>211.063441</timestamp>
			</report>
			<report>
				<misses>2344001</misses>
				<total>2262325</total>
				<timestamp>211.153421</timestamp>
			</report>
			<report>
				<misses>2345001</misses>
				<total>2263324</total>
				<timestamp>211.243458</timestamp>
			</report>
			<report>
				<misses>2346001</misses>
				<total>2264323</total>
				<timestamp>211.333412</timestamp>
			</report>
			<report>
				<misses>2347001</misses>
				<total>2265322</total>
				<timestamp>211.423442</timestamp>
			</report>
			<report>
				<misses>2348001</misses>
				<total>2266321</total>
				<timestamp>211.513450</timestamp>
			</report>
			<report>
				<misses>2349001</misses>
				<total>2267320</total>
				<timestamp>211.603471</timestamp>
			</report>
			<report>
				<misses>2350001</misses>
				<total>2268319</total>
				<timestamp>211.693495</timestamp>
			</report>
			<report>
				<misses>2351001</misses>
				<total>2269318</total>
				<timestamp>211.783615</timestamp>
			</report>
			<report>
				<misses>2352001</misses>
				<total>2270317</total>
				<timestamp>211.873607</timestamp>
			</report>
			<report>
				<misses>2353001</misses>
				<total>2271316</total>
				<timestamp>211.963673</timestamp>
			</report>
			<report>
				<misses>2354001</misses>
				<total>2272315</total>
				<timestamp>212.053655</timestamp>
			</report>
			<report>
				<misses>2355001</misses>
				<total>2273314</total>
				<timestamp>212.143568</timestamp>
			</report>
			<report>
				<misses>2356001</misses>
				<total>2274313</total>
				<timestamp>212.233509</timestamp>
			</report>
			<report>
				<misses>2357001</misses>
				<total>2275312</total>
				<timestamp>212.323505</timestamp>
			</report>
			<report>
				<misses>2358001</misses>
				<total>2276311</total>
				<timestamp>212.413585</timestamp>
			</report>
			<report>
				<misses>2359001</misses>
				<total>2277310</total>
				<timestamp>212.503720</timestamp>
			</report>
			<report>
				<misses>2360001</misses>
				<total>2278309</total>
				<timestamp>212.593675</timestamp>
			</report>
			<report>
				<misses>2361001</misses>
				<total>2279308</total>
				<timestamp>212.683680</timestamp>
			</report>
			<report>
				<misses>2362001</misses>
				<total>2280307</total>
				<timestamp>212.773695</timestamp>
			</report>
			<report>
				<misses>2363001</misses>
				<total>2281306</total>
				<timestamp>212.863781</timestamp>
			</report>
			<report>
				<misses>2364001</misses>
				<total>2282305</total>
				<timestamp>212.953763</timestamp>
			</report>
			<report>
				<misses>2365001</misses>
				<total>2283304</total>
				<timestamp>213.043777</timestamp>
			</report>
			<report>
				<misses>2366001</misses>
				<total>2284303</total>
				<timestamp>213.133786</timestamp>
			</report>
			<report>
				<misses>2367001</misses>
				<total>2285302</total>
				<timestamp>213.224547</timestamp>
			</report>
			<report>
				<misses>2368001</misses>
				<total>2286301</total>
				<timestamp>213.314920</timestamp>
			</report>
			<report>
				<misses>2369001</misses>
				<total>2287300</total>
				<timestamp>213.405251</timestamp>
			</report>
			<report>
				<misses>2370001</misses>
				<total>2288299</total>
				<timestamp>213.495374</timestamp>
			</report>
			<report>
				<misses>2371001</misses>
				<total>2289298</total>
				<timestamp>213.585315</timestamp>
			</report>
			<report>
				<misses>2372001</misses>
				<total>2290297</total>
				<timestamp>213.675322</timestamp>
			</report>
			<report>
				<misses>2373001</misses>
				<total>2291296</total>
				<timestamp>213.765395</timestamp>
			</report>
			<report>
				<misses>2374001</misses>
				<total>2292295</total>
				<timestamp>213.855552</timestamp>
			</report>
			<report>
				<misses>2375001</misses>
				<total>2293294</total>
				<timestamp>213.945514</timestamp>
			</report>
			<report>
				<misses>2376001</misses>
				<total>2294293</total>
				<timestamp>214.035534</timestamp>
			</report>
			<report>
				<misses>2377001</misses>
				<total>2295292</total>
				<timestamp>214.125517</timestamp>
			</report>
			<report>
				<misses>2378001</misses>
				<total>2296291</total>
				<timestamp>214.215526</timestamp>
			</report>
			<report>
				<misses>2379001</misses>
				<total>2297290</total>
				<timestamp>214.305476</timestamp>
			</report>
			<report>
				<misses>2380001</misses>
				<total>2298289</total>
				<timestamp>214.395477</timestamp>
			</report>
			<report>
				<misses>2381001</misses>
				<total>2299288</total>
				<timestamp>214.485459</timestamp>
			</report>
			<report>
				<misses>2382001</misses>
				<total>2300287</total>
				<timestamp>214.575408</timestamp>
			</report>
			<report>
				<misses>2383001</misses>
				<total>2301286</total>
				<timestamp>214.665406</timestamp>
			</report>
			<report>
				<misses>2384001</misses>
				<total>2302285</total>
				<timestamp>214.755473</timestamp>
			</report>
			<report>
				<misses>2385001</misses>
				<total>2303284</total>
				<timestamp>214.845433</timestamp>
			</report>
			<report>
				<misses>2386001</misses>
				<total>2304283</total>
				<timestamp>214.935377</timestamp>
			</report>
			<report>
				<misses>2387001</misses>
				<total>2305282</total>
				<timestamp>215.026451</timestamp>
			</report>
			<report>
				<misses>2388001</misses>
				<total>2306281</total>
				<timestamp>215.116401</timestamp>
			</report>
			<report>
				<misses>2389001</misses>
				<total>2307280</total>
				<timestamp>215.206453</timestamp>
			</report>
			<report>
				<misses>2390001</misses>
				<total>2308279</total>
				<timestamp>215.296379</timestamp>
			</report>
			<report>
				<misses>2391001</misses>
				<total>2309278</total>
				<timestamp>215.386533</timestamp>
			</report>
			<report>
				<misses>2392001</misses>
				<total>2310277</total>
				<timestamp>215.476517</timestamp>
			</report>
			<report>
				<misses>2393001</misses>
				<total>2311276</total>
				<timestamp>215.566469</timestamp>
			</report>
			<report>
				<misses>2394001</misses>
				<total>2312275</total>
				<timestamp>215.656499</timestamp>
			</report>
			<report>
				<misses>2395001</misses>
				<total>2313274</total>
				<timestamp>215.746558</timestamp>
			</report>
			<report>
				<misses>2396001</misses>
				<total>2314273</total>
				<timestamp>215.836546</timestamp>
			</report>
			<report>
				<misses>2397001</misses>
				<total>2315272</total>
				<timestamp>215.926530</timestamp>
			</report>
			<report>
				<misses>2398001</misses>
				<total>2316271</total>
				<timestamp>216.016485</timestamp>
			</report>
			<report>
				<misses>2399001</misses>
				<total>2317270</total>
				<timestamp>216.106469</timestamp>
			</report>
			<report>
				<misses>2400001</misses>
				<total>2318269</total>
				<timestamp>216.196542</timestamp>
			</report>
			<report>
				<misses>2401001</misses>
				<total>2319268</total>
				<timestamp>216.286483</timestamp>
			</report>
			<report>
				<misses>2402001</misses>
				<total>2320267</total>
				<timestamp>216.376458</timestamp>
			</report>
			<report>
				<misses>2403001</misses>
				<total>2321266</total>
				<timestamp>216.466395</timestamp>
			</report>
			<report>
				<misses>2404001</misses>
				<total>2322265</total>
				<timestamp>216.556400</timestamp>
			</report>
			<report>
				<misses>2405001</misses>
				<total>2323264</total>
				<timestamp>216.646382</timestamp>
			</report>
			<report>
				<misses>2406001</misses>
				<total>2324263</total>
				<timestamp>216.736400</timestamp>
			</report>
			<report>
				<misses>2407001</misses>
				<total>2325262</total>
				<timestamp>216.826379</timestamp>
			</report>
			<report>
				<misses>2408001</misses>
				<total>2326261</total>
				<timestamp>216.916386</timestamp>
			</report>
			<report>
				<misses>2409001</misses>
				<total>2327260</total>
				<timestamp>217.006464</timestamp>
			</report>
			<report>
				<misses>2410001</misses>
				<total>2328259</total>
				<timestamp>217.096538</timestamp>
			</report>
			<report>
				<misses>2411001</misses>
				<total>2329258</total>
				<timestamp>217.186483</timestamp>
			</report>
			<report>
				<misses>2412001</misses>
				<total>2330257</total>
				<timestamp>217.276510</timestamp>
			</report>
			<report>
				<misses>2413001</misses>
				<total>2331256</total>
				<timestamp>217.366516</timestamp>
			</report>
			<report>
				<misses>2414001</misses>
				<total>2332255</total>
				<timestamp>217.456509</timestamp>
			</report>
			<report>
				<misses>2415001</misses>
				<total>2333254</total>
				<timestamp>217.546519</timestamp>
			</report>
			<report>
				<misses>2416001</misses>
				<total>2334253</total>
				<timestamp>217.636506</timestamp>
			</report>
			<report>
				<misses>2417001</misses>
				<total>2335252</total>
				<timestamp>217.726547</timestamp>
			</report>
			<report>
				<misses>2418001</misses>
				<total>2336251</total>
				<timestamp>217.816532</timestamp>
			</report>
			<report>
				<misses>2419001</misses>
				<total>2337250</total>
				<timestamp>217.906475</timestamp>
			</report>
			<report>
				<misses>2420001</misses>
				<total>2338249</total>
				<timestamp>217.996478</timestamp>
			</report>
			<report>
				<misses>2421001</misses>
				<total>2339248</total>
				<timestamp>218.086515</timestamp>
			</report>
			<report>
				<misses>2422001</misses>
				<total>2340247</total>
				<timestamp>218.176523</timestamp>
			</report>
			<report>
				<misses>2423001</misses>
				<total>2341246</total>
				<timestamp>218.266465</timestamp>
			</report>
			<report>
				<misses>2424001</misses>
				<total>2342245</total>
				<timestamp>218.356501</timestamp>
			</report>
			<report>
				<misses>2425001</misses>
				<total>2343244</total>
				<timestamp>218.446504</timestamp>
			</report>
			<report>
				<misses>2426001</misses>
				<total>2344243</total>
				<timestamp>218.536503</timestamp>
			</report>
			<report>
				<misses>2427001</misses>
				<total>2345242</total>
				<timestamp>218.626485</timestamp>
			</report>
			<report>
				<misses>2428001</misses>
				<total>2346241</total>
				<timestamp>218.716452</timestamp>
			</report>
			<report>
				<misses>2429001</misses>
				<total>2347240</total>
				<timestamp>218.806488</timestamp>
			</report>
			<report>
				<misses>2430001</misses>
				<total>2348239</total>
				<timestamp>218.896532</timestamp>
			</report>
			<report>
				<misses>2431001</misses>
				<total>2349238</total>
				<timestamp>218.986495</timestamp>
			</report>
			<report>
				<misses>2432001</misses>
				<total>2350237</total>
				<timestamp>219.076466</timestamp>
			</report>
			<report>
				<misses>2433001</misses>
				<total>2351236</total>
				<timestamp>219.166468</timestamp>
			</report>
			<report>
				<misses>2434001</misses>
				<total>2352235</total>
				<timestamp>219.256512</timestamp>
			</report>
			<report>
				<misses>2435001</misses>
				<total>2353234</total>
				<timestamp>219.346490</timestamp>
			</report>
			<report>
				<misses>2436001</misses>
				<total>2354233</total>
				<timestamp>219.436445</timestamp>
			</report>
			<report>
				<misses>2437001</misses>
				<total>2354664</total>
				<timestamp>219.526381</timestamp>
			</report>
			<report>
				<misses>2438001</misses>
				<total>2354664</total>
				<timestamp>219.628464</timestamp>
			</report>
			<report>
				<misses>2439001</misses>
				<total>2355304</total>
				<timestamp>219.719022</timestamp>
			</report>
			<report>
				<misses>2440001</misses>
				<total>2356303</total>
				<timestamp>219.809012</timestamp>
			</report>
			<report>
				<misses>2441001</misses>
				<total>2357302</total>
				<timestamp>219.899067</timestamp>
			</report>
			<report>
				<misses>2442001</misses>
				<total>2358301</total>
				<timestamp>219.989066</timestamp>
			</report>
			<report>
				<misses>2443001</misses>
				<total>2359300</total>
				<timestamp>220.079070</timestamp>
			</report>
			<report>
				<misses>2444001</misses>
				<total>2360299</total>
				<timestamp>220.169047</timestamp>
			</report>
			<report>
				<misses>2445001</misses>
				<total>2361298</total>
				<timestamp>220.259017</timestamp>
			</report>
			<report>
				<misses>2446001</misses>
				<total>2362297</total>
				<timestamp>220.349005</timestamp>
			</report>
			<report>
				<misses>2447001</misses>
				<total>2363296</total>
				<timestamp>220.438997</timestamp>
			</report>
			<report>
				<misses>2448001</misses>
				<total>2364295</total>
				<timestamp>220.528999</timestamp>
			</report>
			<report>
				<misses>2449001</misses>
				<total>2365294</total>
				<timestamp>220.619069</timestamp>
			</report>
			<report>
				<misses>2450001</misses>
				<total>2366293</total>
				<timestamp>220.709056</timestamp>
			</report>
			<report>
				<misses>2451001</misses>
				<total>2367292</total>
				<timestamp>220.799023</timestamp>
			</report>
			<report>
				<misses>2452001</misses>
				<total>2368291</total>
				<timestamp>220.888981</timestamp>
			</report>
			<report>
				<misses>2453001</misses>
				<total>2369290</total>
				<timestamp>220.979017</timestamp>
			</report>
			<report>
				<misses>2454001</misses>
				<total>2369648</total>
				<timestamp>221.069015</timestamp>
			</report>
			<report>
				<misses>2455001</misses>
				<total>2369648</total>
				<timestamp>221.159019</timestamp>
			</report>
			<report>
				<misses>2456001</misses>
				<total>2369658</total>
				<timestamp>221.249031</timestamp>
			</report>
			<report>
				<misses>2457001</misses>
				<total>2369658</total>
				<timestamp>221.339005</timestamp>
			</report>
			<report>
				<misses>2458001</misses>
				<total>2369660</total>
				<timestamp>221.429012</timestamp>
			</report>
			<report>
				<misses>2459001</misses>
				<total>2370078</total>
				<timestamp>221.519001</timestamp>
			</report>
			<report>
				<misses>2460001</misses>
				<total>2371077</total>
				<timestamp>221.609000</timestamp>
			</report>
			<report>
				<misses>2461001</misses>
				<total>2372076</total>
				<timestamp>221.699019</timestamp>
			</report>
			<report>
				<misses>2462001</misses>
				<total>2373075</total>
				<timestamp>221.789031</timestamp>
			</report>
			<report>
				<misses>2463001</misses>
				<total>2374074</total>
				<timestamp>221.879001</timestamp>
			</report>
			<report>
				<misses>2464001</misses>
				<total>2375073</total>
				<timestamp>221.968989</timestamp>
			</report>
			<report>
				<misses>2465001</misses>
				<total>2376072</total>
				<timestamp>222.059013</timestamp>
			</report>
			<report>
				<misses>2466001</misses>
				<total>2377071</total>
				<timestamp>222.149112</timestamp>
			</report>
			<report>
				<misses>2467001</misses>
				<total>2378070</total>
				<timestamp>222.239070</timestamp>
			</report>
			<report>
				<misses>2468001</misses>
				<total>2379069</total>
				<timestamp>222.329122</timestamp>
			</report>
			<report>
				<misses>2469001</misses>
				<total>2380068</total>
				<timestamp>222.419050</timestamp>
			</report>
			<report>
				<misses>2470001</misses>
				<total>2381067</total>
				<timestamp>222.509043</timestamp>
			</report>
			<report>
				<misses>2471001</misses>
				<total>2381491</total>
				<timestamp>222.599001</timestamp>
			</report>
			<report>
				<misses>2472001</misses>
				<total>2381494</total>
				<timestamp>222.689052</timestamp>
			</report>
			<report>
				<misses>2473001</misses>
				<total>2381909</total>
				<timestamp>222.778988</timestamp>
			</report>
			<report>
				<misses>2474001</misses>
				<total>2382908</total>
				<timestamp>222.868989</timestamp>
			</report>
			<report>
				<misses>2475001</misses>
				<total>2383907</total>
				<timestamp>222.959087</timestamp>
			</report>
			<report>
				<misses>2476001</misses>
				<total>2384906</total>
				<timestamp>223.049063</timestamp>
			</report>
			<report>
				<misses>2477001</misses>
				<total>2385026</total>
				<timestamp>223.139057</timestamp>
			</report>
			<report>
				<misses>2478001</misses>
				<total>2385026</total>
				<timestamp>223.229059</timestamp>
			</report>
			<report>
				<misses>2479001</misses>
				<total>2385026</total>
				<timestamp>223.318994</timestamp>
			</report>
			<report>
				<misses>2480001</misses>
				<total>2385026</total>
				<timestamp>223.409014</timestamp>
			</report>
			<report>
				<misses>2481001</misses>
				<total>2385026</total>
				<timestamp>223.498986</timestamp>
			</report>
			<report>
				<misses>2482001</misses>
				<total>2385026</total>
				<timestamp>223.589029</timestamp>
			</report>
			<report>
				<misses>2483001</misses>
				<total>2385184</total>
				<timestamp>223.678983</timestamp>
			</report>
			<report>
				<misses>2484001</misses>
				<total>2386183</total>
				<timestamp>223.769026</timestamp>
			</report>
			<report>
				<misses>2485001</misses>
				<total>2387182</total>
				<timestamp>223.859034</timestamp>
			</report>
			<report>
				<misses>2486001</misses>
				<total>2388181</total>
				<timestamp>223.949091</timestamp>
			</report>
			<report>
				<misses>2487001</misses>
				<total>2389180</total>
				<timestamp>224.039062</timestamp>
			</report>
			<report>
				<misses>2488001</misses>
				<total>2390179</total>
				<timestamp>224.129088</timestamp>
			</report>
			<report>
				<misses>2489001</misses>
				<total>2391178</total>
				<timestamp>224.219173</timestamp>
			</report>
			<report>
				<misses>2490001</misses>
				<total>2392177</total>
				<timestamp>224.309222</timestamp>
			</report>
			<report>
				<misses>2491001</misses>
				<total>2393176</total>
				<timestamp>224.399186</timestamp>
			</report>
			<report>
				<misses>2492001</misses>
				<total>2394175</total>
				<timestamp>224.489173</timestamp>
			</report>
			<report>
				<misses>2493001</misses>
				<total>2395174</total>
				<timestamp>224.579178</timestamp>
			</report>
			<report>
				<misses>2494001</misses>
				<total>2396173</total>
				<timestamp>224.669139</timestamp>
			</report>
			<report>
				<misses>2495001</misses>
				<total>2397172</total>
				<timestamp>224.759046</timestamp>
			</report>
			<report>
				<misses>2496001</misses>
				<total>2398171</total>
				<timestamp>224.849047</timestamp>
			</report>
			<report>
				<misses>2497001</misses>
				<total>2399170</total>
				<timestamp>224.939044</timestamp>
			</report>
			<report>
				<misses>2498001</misses>
				<total>2400169</total>
				<timestamp>225.029006</timestamp>
			</report>
			<report>
				<misses>2499001</misses>
				<total>2401168</total>
				<timestamp>225.118988</timestamp>
			</report>
			<report>
				<misses>2500001</misses>
				<total>2402167</total>
				<timestamp>225.209030</timestamp>
			</report>
			<report>
				<misses>2501001</misses>
				<total>2403166</total>
				<timestamp>225.299098</timestamp>
			</report>
			<report>
				<misses>2502001</misses>
				<total>2404165</total>
				<timestamp>225.389063</timestamp>
			</report>
			<report>
				<misses>2503001</misses>
				<total>2405164</total>
				<timestamp>225.478974</timestamp>
			</report>
			<report>
				<misses>2504001</misses>
				<total>2406163</total>
				<timestamp>225.569011</timestamp>
			</report>
			<report>
				<misses>2505001</misses>
				<total>2407162</total>
				<timestamp>225.659028</timestamp>
			</report>
			<report>
				<misses>2506001</misses>
				<total>2408161</total>
				<timestamp>225.749014</timestamp>
			</report>
			<report>
				<misses>2507001</misses>
				<total>2409160</total>
				<timestamp>225.839031</timestamp>
			</report>
			<report>
				<misses>2508001</misses>
				<total>2410159</total>
				<timestamp>225.928986</timestamp>
			</report>
			<report>
				<misses>2509001</misses>
				<total>2411158</total>
				<timestamp>226.018975</timestamp>
			</report>
			<report>
				<misses>2510001</misses>
				<total>2412157</total>
				<timestamp>226.109028</timestamp>
			</report>
			<report>
				<misses>2511001</misses>
				<total>2413156</total>
				<timestamp>226.199027</timestamp>
			</report>
			<report>
				<misses>2512001</misses>
				<total>2414155</total>
				<timestamp>226.288976</timestamp>
			</report>
			<report>
				<misses>2513001</misses>
				<total>2415154</total>
				<timestamp>226.378971</timestamp>
			</report>
			<report>
				<misses>2514001</misses>
				<total>2416153</total>
				<timestamp>226.468985</timestamp>
			</report>
			<report>
				<misses>2515001</misses>
				<total>2417152</total>
				<timestamp>226.559023</timestamp>
			</report>
			<report>
				<misses>2516001</misses>
				<total>2418151</total>
				<timestamp>226.649032</timestamp>
			</report>
			<report>
				<misses>2517001</misses>
				<total>2419150</total>
				<timestamp>226.738973</timestamp>
			</report>
			<report>
				<misses>2518001</misses>
				<total>2420149</total>
				<timestamp>226.828975</timestamp>
			</report>
			<report>
				<misses>2519001</misses>
				<total>2421148</total>
				<timestamp>226.919186</timestamp>
			</report>
			<report>
				<misses>2520001</misses>
				<total>2422147</total>
				<timestamp>227.009174</timestamp>
			</report>
			<report>
				<misses>2521001</misses>
				<total>2423146</total>
				<timestamp>227.099166</timestamp>
			</report>
			<report>
				<misses>2522001</misses>
				<total>2424145</total>
				<timestamp>227.189168</timestamp>
			</report>
			<report>
				<misses>2523001</misses>
				<total>2425144</total>
				<timestamp>227.279193</timestamp>
			</report>
			<report>
				<misses>2524001</misses>
				<total>2426143</total>
				<timestamp>227.369167</timestamp>
			</report>
			<report>
				<misses>2525001</misses>
				<total>2427142</total>
				<timestamp>227.459170</timestamp>
			</report>
			<report>
				<misses>2526001</misses>
				<total>2428141</total>
				<timestamp>227.549169</timestamp>
			</report>
			<report>
				<misses>2527001</misses>
				<total>2429140</total>
				<timestamp>227.639176</timestamp>
			</report>
			<report>
				<misses>2528001</misses>
				<total>2430139</total>
				<timestamp>227.729164</timestamp>
			</report>
			<report>
				<misses>2529001</misses>
				<total>2431138</total>
				<timestamp>227.819165</timestamp>
			</report>
			<report>
				<misses>2530001</misses>
				<total>2432137</total>
				<timestamp>227.909156</timestamp>
			</report>
			<report>
				<misses>2531001</misses>
				<total>2433136</total>
				<timestamp>227.999172</timestamp>
			</report>
			<report>
				<misses>2532001</misses>
				<total>2434135</total>
				<timestamp>228.089314</timestamp>
			</report>
			<report>
				<misses>2533001</misses>
				<total>2435134</total>
				<timestamp>228.179295</timestamp>
			</report>
			<report>
				<misses>2534001</misses>
				<total>2436133</total>
				<timestamp>228.269266</timestamp>
			</report>
			<report>
				<misses>2535001</misses>
				<total>2437132</total>
				<timestamp>228.359265</timestamp>
			</report>
			<report>
				<misses>2536001</misses>
				<total>2438131</total>
				<timestamp>228.449287</timestamp>
			</report>
			<report>
				<misses>2537001</misses>
				<total>2439130</total>
				<timestamp>228.539250</timestamp>
			</report>
			<report>
				<misses>2538001</misses>
				<total>2440129</total>
				<timestamp>228.629455</timestamp>
			</report>
			<report>
				<misses>2539001</misses>
				<total>2441128</total>
				<timestamp>228.719449</timestamp>
			</report>
			<report>
				<misses>2540001</misses>
				<total>2442127</total>
				<timestamp>228.809466</timestamp>
			</report>
			<report>
				<misses>2541001</misses>
				<total>2443126</total>
				<timestamp>228.899483</timestamp>
			</report>
			<report>
				<misses>2542001</misses>
				<total>2444125</total>
				<timestamp>228.989510</timestamp>
			</report>
			<report>
				<misses>2543001</misses>
				<total>2445124</total>
				<timestamp>229.079477</timestamp>
			</report>
			<report>
				<misses>2544001</misses>
				<total>2446123</total>
				<timestamp>229.169548</timestamp>
			</report>
			<report>
				<misses>2545001</misses>
				<total>2447122</total>
				<timestamp>229.259538</timestamp>
			</report>
			<report>
				<misses>2546001</misses>
				<total>2448121</total>
				<timestamp>229.349535</timestamp>
			</report>
			<report>
				<misses>2547001</misses>
				<total>2449120</total>
				<timestamp>229.439573</timestamp>
			</report>
			<report>
				<misses>2548001</misses>
				<total>2450119</total>
				<timestamp>229.529511</timestamp>
			</report>
			<report>
				<misses>2549001</misses>
				<total>2451118</total>
				<timestamp>229.619465</timestamp>
			</report>
			<report>
				<misses>2550001</misses>
				<total>2452117</total>
				<timestamp>229.709425</timestamp>
			</report>
			<report>
				<misses>2551001</misses>
				<total>2453116</total>
				<timestamp>229.799458</timestamp>
			</report>
			<report>
				<misses>2552001</misses>
				<total>2454115</total>
				<timestamp>229.889439</timestamp>
			</report>
			<report>
				<misses>2553001</misses>
				<total>2455114</total>
				<timestamp>229.979807</timestamp>
			</report>
			<report>
				<misses>2554001</misses>
				<total>2456113</total>
				<timestamp>230.069822</timestamp>
			</report>
			<report>
				<misses>2555001</misses>
				<total>2457112</total>
				<timestamp>230.159876</timestamp>
			</report>
			<report>
				<misses>2556001</misses>
				<total>2458111</total>
				<timestamp>230.249868</timestamp>
			</report>
			<report>
				<misses>2557001</misses>
				<total>2459110</total>
				<timestamp>230.339863</timestamp>
			</report>
			<report>
				<misses>2558001</misses>
				<total>2460109</total>
				<timestamp>230.429814</timestamp>
			</report>
			<report>
				<misses>2559001</misses>
				<total>2461108</total>
				<timestamp>230.519863</timestamp>
			</report>
			<report>
				<misses>2560001</misses>
				<total>2462107</total>
				<timestamp>230.609882</timestamp>
			</report>
			<report>
				<misses>2561001</misses>
				<total>2463106</total>
				<timestamp>230.699935</timestamp>
			</report>
			<report>
				<misses>2562001</misses>
				<total>2464105</total>
				<timestamp>230.789941</timestamp>
			</report>
			<report>
				<misses>2563001</misses>
				<total>2465104</total>
				<timestamp>230.879901</timestamp>
			</report>
			<report>
				<misses>2564001</misses>
				<total>2466103</total>
				<timestamp>230.969978</timestamp>
			</report>
			<report>
				<misses>2565001</misses>
				<total>2467102</total>
				<timestamp>231.059959</timestamp>
			</report>
			<report>
				<misses>2566001</misses>
				<total>2468101</total>
				<timestamp>231.149918</timestamp>
			</report>
			<report>
				<misses>2567001</misses>
				<total>2469100</total>
				<timestamp>231.239946</timestamp>
			</report>
			<report>
				<misses>2568001</misses>
				<total>2470099</total>
				<timestamp>231.329868</timestamp>
			</report>
			<report>
				<misses>2569001</misses>
				<total>2471098</total>
				<timestamp>231.419818</timestamp>
			</report>
			<report>
				<misses>2570001</misses>
				<total>2472097</total>
				<timestamp>231.509895</timestamp>
			</report>
			<report>
				<misses>2571001</misses>
				<total>2473096</total>
				<timestamp>231.599931</timestamp>
			</report>
			<report>
				<misses>2572001</misses>
				<total>2474095</total>
				<timestamp>231.689876</timestamp>
			</report>
			<report>
				<misses>2573001</misses>
				<total>2475094</total>
				<timestamp>231.779945</timestamp>
			</report>
			<report>
				<misses>2574001</misses>
				<total>2476093</total>
				<timestamp>231.870002</timestamp>
			</report>
			<report>
				<misses>2575001</misses>
				<total>2477092</total>
				<timestamp>231.959983</timestamp>
			</report>
			<report>
				<misses>2576001</misses>
				<total>2478091</total>
				<timestamp>232.049985</timestamp>
			</report>
			<report>
				<misses>2577001</misses>
				<total>2479090</total>
				<timestamp>232.140010</timestamp>
			</report>
			<report>
				<misses>2578001</misses>
				<total>2480089</total>
				<timestamp>232.230009</timestamp>
			</report>
			<report>
				<misses>2579001</misses>
				<total>2481088</total>
				<timestamp>232.319954</timestamp>
			</report>
			<report>
				<misses>2580001</misses>
				<total>2482087</total>
				<timestamp>232.409932</timestamp>
			</report>
			<report>
				<misses>2581001</misses>
				<total>2483086</total>
				<timestamp>232.499952</timestamp>
			</report>
			<report>
				<misses>2582001</misses>
				<total>2484085</total>
				<timestamp>232.589979</timestamp>
			</report>
			<report>
				<misses>2583001</misses>
				<total>2485084</total>
				<timestamp>232.679990</timestamp>
			</report>
			<report>
				<misses>2584001</misses>
				<total>2486083</total>
				<timestamp>232.769995</timestamp>
			</report>
			<report>
				<misses>2585001</misses>
				<total>2487082</total>
				<timestamp>232.859997</timestamp>
			</report>
			<report>
				<misses>2586001</misses>
				<total>2488081</total>
				<timestamp>232.949994</timestamp>
			</report>
			<report>
				<misses>2587001</misses>
				<total>2489080</total>
				<timestamp>233.039990</timestamp>
			</report>
			<report>
				<misses>2588001</misses>
				<total>2490079</total>
				<timestamp>233.130017</timestamp>
			</report>
			<report>
				<misses>2589001</misses>
				<total>2491078</total>
				<timestamp>233.219990</timestamp>
			</report>
			<report>
				<misses>2590001</misses>
				<total>2492077</total>
				<timestamp>233.309992</timestamp>
			</report>
			<report>
				<misses>2591001</misses>
				<total>2493076</total>
				<timestamp>233.399975</timestamp>
			</report>
			<report>
				<misses>2592001</misses>
				<total>2494075</total>
				<timestamp>233.490044</timestamp>
			</report>
			<report>
				<misses>2593001</misses>
				<total>2495074</total>
				<timestamp>233.579982</timestamp>
			</report>
			<report>
				<misses>2594001</misses>
				<total>2496073</total>
				<timestamp>233.669991</timestamp>
			</report>
			<report>
				<misses>2595001</misses>
				<total>2497072</total>
				<timestamp>233.759976</timestamp>
			</report>
			<report>
				<misses>2596001</misses>
				<total>2498071</total>
				<timestamp>233.849971</timestamp>
			</report>
			<report>
				<misses>2597001</misses>
				<total>2499070</total>
				<timestamp>233.939983</timestamp>
			</report>
			<report>
				<misses>2598001</misses>
				<total>2500069</total>
				<timestamp>234.029983</timestamp>
			</report>
			<report>
				<misses>2599001</misses>
				<total>2501068</total>
				<timestamp>234.119971</timestamp>
			</report>
			<report>
				<misses>2600001</misses>
				<total>2502067</total>
				<timestamp>234.210009</timestamp>
			</report>
			<report>
				<misses>2601001</misses>
				<total>2503066</total>
				<timestamp>234.299961</timestamp>
			</report>
			<report>
				<misses>2602001</misses>
				<total>2504065</total>
				<timestamp>234.389891</timestamp>
			</report>
			<report>
				<misses>2603001</misses>
				<total>2505064</total>
				<timestamp>234.479967</timestamp>
			</report>
			<report>
				<misses>2604001</misses>
				<total>2506063</total>
				<timestamp>234.569982</timestamp>
			</report>
			<report>
				<misses>2605001</misses>
				<total>2507062</total>
				<timestamp>234.659999</timestamp>
			</report>
			<report>
				<misses>2606001</misses>
				<total>2508061</total>
				<timestamp>234.749992</timestamp>
			</report>
			<report>
				<misses>2607001</misses>
				<total>2509060</total>
				<timestamp>234.839978</timestamp>
			</report>
			<report>
				<misses>2608001</misses>
				<total>2510059</total>
				<timestamp>234.930011</timestamp>
			</report>
			<report>
				<misses>2609001</misses>
				<total>2511058</total>
				<timestamp>235.019967</timestamp>
			</report>
			<report>
				<misses>2610001</misses>
				<total>2512057</total>
				<timestamp>235.110004</timestamp>
			</report>
			<report>
				<misses>2611001</misses>
				<total>2513056</total>
				<timestamp>235.199976</timestamp>
			</report>
			<report>
				<misses>2612001</misses>
				<total>2514055</total>
				<timestamp>235.290002</timestamp>
			</report>
			<report>
				<misses>2613001</misses>
				<total>2515054</total>
				<timestamp>235.379953</timestamp>
			</report>
			<report>
				<misses>2614001</misses>
				<total>2516053</total>
				<timestamp>235.469978</timestamp>
			</report>
			<report>
				<misses>2615001</misses>
				<total>2517052</total>
				<timestamp>235.559948</timestamp>
			</report>
			<report>
				<misses>2616001</misses>
				<total>2518051</total>
				<timestamp>235.649910</timestamp>
			</report>
			<report>
				<misses>2617001</misses>
				<total>2519050</total>
				<timestamp>235.740001</timestamp>
			</report>
			<report>
				<misses>2618001</misses>
				<total>2520049</total>
				<timestamp>235.829976</timestamp>
			</report>
			<report>
				<misses>2619001</misses>
				<total>2521048</total>
				<timestamp>235.927302</timestamp>
			</report>
			<report>
				<misses>2620001</misses>
				<total>2522047</total>
				<timestamp>236.017284</timestamp>
			</report>
			<report>
				<misses>2621001</misses>
				<total>2523046</total>
				<timestamp>236.107307</timestamp>
			</report>
			<report>
				<misses>2622001</misses>
				<total>2524045</total>
				<timestamp>236.197306</timestamp>
			</report>
			<report>
				<misses>2623001</misses>
				<total>2525044</total>
				<timestamp>236.287280</timestamp>
			</report>
			<report>
				<misses>2624001</misses>
				<total>2526043</total>
				<timestamp>236.377271</timestamp>
			</report>
			<report>
				<misses>2625001</misses>
				<total>2527042</total>
				<timestamp>236.467290</timestamp>
			</report>
			<report>
				<misses>2626001</misses>
				<total>2528041</total>
				<timestamp>236.557305</timestamp>
			</report>
			<report>
				<misses>2627001</misses>
				<total>2529040</total>
				<timestamp>236.647283</timestamp>
			</report>
			<report>
				<misses>2628001</misses>
				<total>2530039</total>
				<timestamp>236.737298</timestamp>
			</report>
			<report>
				<misses>2629001</misses>
				<total>2531038</total>
				<timestamp>236.827301</timestamp>
			</report>
			<report>
				<misses>2630001</misses>
				<total>2532037</total>
				<timestamp>236.917298</timestamp>
			</report>
			<report>
				<misses>2631001</misses>
				<total>2533036</total>
				<timestamp>237.007283</timestamp>
			</report>
			<report>
				<misses>2632001</misses>
				<total>2534035</total>
				<timestamp>237.097324</timestamp>
			</report>
			<report>
				<misses>2633001</misses>
				<total>2535034</total>
				<timestamp>237.187251</timestamp>
			</report>
			<report>
				<misses>2634001</misses>
				<total>2536033</total>
				<timestamp>237.277313</timestamp>
			</report>
			<report>
				<misses>2635001</misses>
				<total>2537032</total>
				<timestamp>237.367336</timestamp>
			</report>
			<report>
				<misses>2636001</misses>
				<total>2538031</total>
				<timestamp>237.457453</timestamp>
			</report>
			<report>
				<misses>2637001</misses>
				<total>2539030</total>
				<timestamp>237.547480</timestamp>
			</report>
			<report>
				<misses>2638001</misses>
				<total>2540029</total>
				<timestamp>237.637482</timestamp>
			</report>
			<report>
				<misses>2639001</misses>
				<total>2541028</total>
				<timestamp>237.727434</timestamp>
			</report>
			<report>
				<misses>2640001</misses>
				<total>2542027</total>
				<timestamp>237.817459</timestamp>
			</report>
			<report>
				<misses>2641001</misses>
				<total>2543026</total>
				<timestamp>237.907444</timestamp>
			</report>
			<report>
				<misses>2642001</misses>
				<total>2544025</total>
				<timestamp>237.997524</timestamp>
			</report>
			<report>
				<misses>2643001</misses>
				<total>2545024</total>
				<timestamp>238.087737</timestamp>
			</report>
			<report>
				<misses>2644001</misses>
				<total>2546023</total>
				<timestamp>238.177771</timestamp>
			</report>
			<report>
				<misses>2645001</misses>
				<total>2547022</total>
				<timestamp>238.267742</timestamp>
			</report>
			<report>
				<misses>2646001</misses>
				<total>2548021</total>
				<timestamp>238.357769</timestamp>
			</report>
			<report>
				<misses>2647001</misses>
				<total>2549020</total>
				<timestamp>238.447803</timestamp>
			</report>
			<report>
				<misses>2648001</misses>
				<total>2550019</total>
				<timestamp>238.537930</timestamp>
			</report>
			<report>
				<misses>2649001</misses>
				<total>2551018</total>
				<timestamp>238.627883</timestamp>
			</report>
			<report>
				<misses>2650001</misses>
				<total>2552017</total>
				<timestamp>238.717912</timestamp>
			</report>
			<report>
				<misses>2651001</misses>
				<total>2553016</total>
				<timestamp>238.807905</timestamp>
			</report>
			<report>
				<misses>2652001</misses>
				<total>2554015</total>
				<timestamp>238.897904</timestamp>
			</report>
			<report>
				<misses>2653001</misses>
				<total>2555014</total>
				<timestamp>238.987928</timestamp>
			</report>
			<report>
				<misses>2654001</misses>
				<total>2556013</total>
				<timestamp>239.077984</timestamp>
			</report>
			<report>
				<misses>2655001</misses>
				<total>2557012</total>
				<timestamp>239.167964</timestamp>
			</report>
			<report>
				<misses>2656001</misses>
				<total>2558011</total>
				<timestamp>239.257897</timestamp>
			</report>
			<report>
				<misses>2657001</misses>
				<total>2559010</total>
				<timestamp>239.347957</timestamp>
			</report>
			<report>
				<misses>2658001</misses>
				<total>2560009</total>
				<timestamp>239.437898</timestamp>
			</report>
			<report>
				<misses>2659001</misses>
				<total>2561008</total>
				<timestamp>239.527957</timestamp>
			</report>
			<report>
				<misses>2660001</misses>
				<total>2562007</total>
				<timestamp>239.617929</timestamp>
			</report>
			<report>
				<misses>2661001</misses>
				<total>2563006</total>
				<timestamp>239.707917</timestamp>
			</report>
			<report>
				<misses>2662001</misses>
				<total>2564005</total>
				<timestamp>239.797942</timestamp>
			</report>
			<report>
				<misses>2663001</misses>
				<total>2565004</total>
				<timestamp>239.887935</timestamp>
			</report>
			<report>
				<misses>2664001</misses>
				<total>2566003</total>
				<timestamp>239.977886</timestamp>
			</report>
			<report>
				<misses>2665001</misses>
				<total>2567002</total>
				<timestamp>240.067903</timestamp>
			</report>
			<report>
				<misses>2666001</misses>
				<total>2568001</total>
				<timestamp>240.157896</timestamp>
			</report>
			<report>
				<misses>2667001</misses>
				<total>2569000</total>
				<timestamp>240.247959</timestamp>
			</report>
			<report>
				<misses>2668001</misses>
				<total>2569999</total>
				<timestamp>240.337929</timestamp>
			</report>
			<report>
				<misses>2669001</misses>
				<total>2570998</total>
				<timestamp>240.427874</timestamp>
			</report>
			<report>
				<misses>2670001</misses>
				<total>2571997</total>
				<timestamp>240.517888</timestamp>
			</report>
			<report>
				<misses>2671001</misses>
				<total>2572996</total>
				<timestamp>240.607919</timestamp>
			</report>
			<report>
				<misses>2672001</misses>
				<total>2573995</total>
				<timestamp>240.697977</timestamp>
			</report>
			<report>
				<misses>2673001</misses>
				<total>2574994</total>
				<timestamp>240.787995</timestamp>
			</report>
			<report>
				<misses>2674001</misses>
				<total>2575993</total>
				<timestamp>240.877979</timestamp>
			</report>
			<report>
				<misses>2675001</misses>
				<total>2576992</total>
				<timestamp>240.967954</timestamp>
			</report>
			<report>
				<misses>2676001</misses>
				<total>2577991</total>
				<timestamp>241.058014</timestamp>
			</report>
			<report>
				<misses>2677001</misses>
				<total>2578990</total>
				<timestamp>241.147965</timestamp>
			</report>
			<report>
				<misses>2678001</misses>
				<total>2579989</total>
				<timestamp>241.237909</timestamp>
			</report>
			<report>
				<misses>2679001</misses>
				<total>2580988</total>
				<timestamp>241.327968</timestamp>
			</report>
			<report>
				<misses>2680001</misses>
				<total>2581987</total>
				<timestamp>241.417932</timestamp>
			</report>
			<report>
				<misses>2681001</misses>
				<total>2582986</total>
				<timestamp>241.507894</timestamp>
			</report>
			<report>
				<misses>2682001</misses>
				<total>2583985</total>
				<timestamp>241.597893</timestamp>
			</report>
			<report>
				<misses>2683001</misses>
				<total>2584984</total>
				<timestamp>241.687948</timestamp>
			</report>
			<report>
				<misses>2684001</misses>
				<total>2585983</total>
				<timestamp>241.778064</timestamp>
			</report>
			<report>
				<misses>2685001</misses>
				<total>2586982</total>
				<timestamp>241.868050</timestamp>
			</report>
			<report>
				<misses>2686001</misses>
				<total>2587981</total>
				<timestamp>241.957996</timestamp>
			</report>
			<report>
				<misses>2687001</misses>
				<total>2588980</total>
				<timestamp>242.047963</timestamp>
			</report>
			<report>
				<misses>2688001</misses>
				<total>2589979</total>
				<timestamp>242.137870</timestamp>
			</report>
			<report>
				<misses>2689001</misses>
				<total>2590978</total>
				<timestamp>242.227851</timestamp>
			</report>
			<report>
				<misses>2690001</misses>
				<total>2591977</total>
				<timestamp>242.317895</timestamp>
			</report>
			<report>
				<misses>2691001</misses>
				<total>2592976</total>
				<timestamp>242.407877</timestamp>
			</report>
			<report>
				<misses>2692001</misses>
				<total>2593975</total>
				<timestamp>242.500991</timestamp>
			</report>
			<report>
				<misses>2693001</misses>
				<total>2594974</total>
				<timestamp>242.601734</timestamp>
			</report>
			<report>
				<misses>2694001</misses>
				<total>2595973</total>
				<timestamp>242.691766</timestamp>
			</report>
			<report>
				<misses>2695001</misses>
				<total>2596972</total>
				<timestamp>242.781863</timestamp>
			</report>
			<report>
				<misses>2696001</misses>
				<total>2597971</total>
				<timestamp>242.871926</timestamp>
			</report>
			<report>
				<misses>2697001</misses>
				<total>2598970</total>
				<timestamp>242.961964</timestamp>
			</report>
			<report>
				<misses>2698001</misses>
				<total>2599969</total>
				<timestamp>243.051933</timestamp>
			</report>
			<report>
				<misses>2699001</misses>
				<total>2600968</total>
				<timestamp>243.141927</timestamp>
			</report>
			<report>
				<misses>2700001</misses>
				<total>2601967</total>
				<timestamp>243.231907</timestamp>
			</report>
			<report>
				<misses>2701001</misses>
				<total>2602966</total>
				<timestamp>243.321851</timestamp>
			</report>
			<report>
				<misses>2702001</misses>
				<total>2603965</total>
				<timestamp>243.411949</timestamp>
			</report>
			<report>
				<misses>2703001</misses>
				<total>2604964</total>
				<timestamp>243.501960</timestamp>
			</report>
			<report>
				<misses>2704001</misses>
				<total>2605963</total>
				<timestamp>243.591987</timestamp>
			</report>
			<report>
				<misses>2705001</misses>
				<total>2606962</total>
				<timestamp>243.681951</timestamp>
			</report>
			<report>
				<misses>2706001</misses>
				<total>2607961</total>
				<timestamp>243.771918</timestamp>
			</report>
			<report>
				<misses>2707001</misses>
				<total>2608960</total>
				<timestamp>243.861866</timestamp>
			</report>
			<report>
				<misses>2708001</misses>
				<total>2609959</total>
				<timestamp>243.951868</timestamp>
			</report>
			<report>
				<misses>2709001</misses>
				<total>2610958</total>
				<timestamp>244.041868</timestamp>
			</report>
			<report>
				<misses>2710001</misses>
				<total>2611957</total>
				<timestamp>244.131867</timestamp>
			</report>
			<report>
				<misses>2711001</misses>
				<total>2612956</total>
				<timestamp>244.221874</timestamp>
			</report>
			<report>
				<misses>2712001</misses>
				<total>2613955</total>
				<timestamp>244.311901</timestamp>
			</report>
			<report>
				<misses>2713001</misses>
				<total>2614954</total>
				<timestamp>244.401859</timestamp>
			</report>
			<report>
				<misses>2714001</misses>
				<total>2615953</total>
				<timestamp>244.491865</timestamp>
			</report>
			<report>
				<misses>2715001</misses>
				<total>2616952</total>
				<timestamp>244.581927</timestamp>
			</report>
			<report>
				<misses>2716001</misses>
				<total>2617951</total>
				<timestamp>244.671944</timestamp>
			</report>
			<report>
				<misses>2717001</misses>
				<total>2618950</total>
				<timestamp>244.761966</timestamp>
			</report>
			<report>
				<misses>2718001</misses>
				<total>2619949</total>
				<timestamp>244.851945</timestamp>
			</report>
			<report>
				<misses>2719001</misses>
				<total>2620948</total>
				<timestamp>244.941936</timestamp>
			</report>
			<report>
				<misses>2720001</misses>
				<total>2621947</total>
				<timestamp>245.031941</timestamp>
			</report>
			<report>
				<misses>2721001</misses>
				<total>2622946</total>
				<timestamp>245.121930</timestamp>
			</report>
			<report>
				<misses>2722001</misses>
				<total>2623945</total>
				<timestamp>245.211968</timestamp>
			</report>
			<report>
				<misses>2723001</misses>
				<total>2624944</total>
				<timestamp>245.301982</timestamp>
			</report>
			<report>
				<misses>2724001</misses>
				<total>2625943</total>
				<timestamp>245.391923</timestamp>
			</report>
			<report>
				<misses>2725001</misses>
				<total>2626942</total>
				<timestamp>245.481917</timestamp>
			</report>
			<report>
				<misses>2726001</misses>
				<total>2627941</total>
				<timestamp>245.571873</timestamp>
			</report>
			<report>
				<misses>2727001</misses>
				<total>2628940</total>
				<timestamp>245.661844</timestamp>
			</report>
			<report>
				<misses>2728001</misses>
				<total>2629939</total>
				<timestamp>245.751882</timestamp>
			</report>
			<report>
				<misses>2729001</misses>
				<total>2630938</total>
				<timestamp>245.841875</timestamp>
			</report>
			<report>
				<misses>2730001</misses>
				<total>2631937</total>
				<timestamp>245.931901</timestamp>
			</report>
			<report>
				<misses>2731001</misses>
				<total>2632936</total>
				<timestamp>246.021832</timestamp>
			</report>
			<report>
				<misses>2732001</misses>
				<total>2633935</total>
				<timestamp>246.111918</timestamp>
			</report>
			<report>
				<misses>2733001</misses>
				<total>2634934</total>
				<timestamp>246.201946</timestamp>
			</report>
			<report>
				<misses>2734001</misses>
				<total>2635933</total>
				<timestamp>246.291990</timestamp>
			</report>
			<report>
				<misses>2735001</misses>
				<total>2636932</total>
				<timestamp>246.381921</timestamp>
			</report>
			<report>
				<misses>2736001</misses>
				<total>2637931</total>
				<timestamp>246.471937</timestamp>
			</report>
			<report>
				<misses>2737001</misses>
				<total>2638930</total>
				<timestamp>246.561948</timestamp>
			</report>
			<report>
				<misses>2738001</misses>
				<total>2639929</total>
				<timestamp>246.651922</timestamp>
			</report>
			<report>
				<misses>2739001</misses>
				<total>2640928</total>
				<timestamp>246.741918</timestamp>
			</report>
			<report>
				<misses>2740001</misses>
				<total>2641927</total>
				<timestamp>246.832010</timestamp>
			</report>
			<report>
				<misses>2741001</misses>
				<total>2642926</total>
				<timestamp>246.921924</timestamp>
			</report>
			<report>
				<misses>2742001</misses>
				<total>2643925</total>
				<timestamp>247.011935</timestamp>
			</report>
			<report>
				<misses>2743001</misses>
				<total>2644924</total>
				<timestamp>247.101916</timestamp>
			</report>
			<report>
				<misses>2744001</misses>
				<total>2645923</total>
				<timestamp>247.191892</timestamp>
			</report>
			<report>
				<misses>2745001</misses>
				<total>2646922</total>
				<timestamp>247.281887</timestamp>
			</report>
			<report>
				<misses>2746001</misses>
				<total>2647921</total>
				<timestamp>247.371898</timestamp>
			</report>
			<report>
				<misses>2747001</misses>
				<total>2648920</total>
				<timestamp>247.461887</timestamp>
			</report>
			<report>
				<misses>2748001</misses>
				<total>2649919</total>
				<timestamp>247.551863</timestamp>
			</report>
			<report>
				<misses>2749001</misses>
				<total>2650918</total>
				<timestamp>247.641892</timestamp>
			</report>
			<report>
				<misses>2750001</misses>
				<total>2651917</total>
				<timestamp>247.731875</timestamp>
			</report>
			<report>
				<misses>2751001</misses>
				<total>2652916</total>
				<timestamp>247.821842</timestamp>
			</report>
			<report>
				<misses>2752001</misses>
				<total>2653915</total>
				<timestamp>247.911885</timestamp>
			</report>
			<report>
				<misses>2753001</misses>
				<total>2654914</total>
				<timestamp>248.001885</timestamp>
			</report>
			<report>
				<misses>2754001</misses>
				<total>2655913</total>
				<timestamp>248.091918</timestamp>
			</report>
			<report>
				<misses>2755001</misses>
				<total>2656912</total>
				<timestamp>248.181902</timestamp>
			</report>
			<report>
				<misses>2756001</misses>
				<total>2657911</total>
				<timestamp>248.271898</timestamp>
			</report>
			<report>
				<misses>2757001</misses>
				<total>2658910</total>
				<timestamp>248.361918</timestamp>
			</report>
			<report>
				<misses>2758001</misses>
				<total>2659909</total>
				<timestamp>248.451878</timestamp>
			</report>
			<report>
				<misses>2759001</misses>
				<total>2660908</total>
				<timestamp>248.541833</timestamp>
			</report>
			<report>
				<misses>2760001</misses>
				<total>2661907</total>
				<timestamp>248.631836</timestamp>
			</report>
			<report>
				<misses>2761001</misses>
				<total>2662906</total>
				<timestamp>248.721888</timestamp>
			</report>
			<report>
				<misses>2762001</misses>
				<total>2663905</total>
				<timestamp>248.811974</timestamp>
			</report>
			<report>
				<misses>2763001</misses>
				<total>2664904</total>
				<timestamp>248.902001</timestamp>
			</report>
			<report>
				<misses>2764001</misses>
				<total>2665903</total>
				<timestamp>248.991918</timestamp>
			</report>
			<report>
				<misses>2765001</misses>
				<total>2666902</total>
				<timestamp>249.081907</timestamp>
			</report>
			<report>
				<misses>2766001</misses>
				<total>2667901</total>
				<timestamp>249.171975</timestamp>
			</report>
			<report>
				<misses>2767001</misses>
				<total>2668900</total>
				<timestamp>249.262173</timestamp>
			</report>
			<report>
				<misses>2768001</misses>
				<total>2669899</total>
				<timestamp>249.352165</timestamp>
			</report>
			<report>
				<misses>2769001</misses>
				<total>2670898</total>
				<timestamp>249.442172</timestamp>
			</report>
			<report>
				<misses>2770001</misses>
				<total>2671897</total>
				<timestamp>249.532099</timestamp>
			</report>
			<report>
				<misses>2771001</misses>
				<total>2672896</total>
				<timestamp>249.622058</timestamp>
			</report>
			<report>
				<misses>2772001</misses>
				<total>2673574</total>
				<timestamp>249.712004</timestamp>
			</report>
			<report>
				<misses>2773001</misses>
				<total>2673574</total>
				<timestamp>249.801911</timestamp>
			</report>
			<report>
				<misses>2774001</misses>
				<total>2673573</total>
				<timestamp>249.891901</timestamp>
			</report>
			<report>
				<misses>2775001</misses>
				<total>2673573</total>
				<timestamp>249.981907</timestamp>
			</report>
			<report>
				<misses>2776001</misses>
				<total>2673983</total>
				<timestamp>250.071849</timestamp>
			</report>
			<report>
				<misses>2777001</misses>
				<total>2674982</total>
				<timestamp>250.161928</timestamp>
			</report>
			<report>
				<misses>2778001</misses>
				<total>2675981</total>
				<timestamp>250.251966</timestamp>
			</report>
			<report>
				<misses>2779001</misses>
				<total>2676980</total>
				<timestamp>250.341945</timestamp>
			</report>
			<report>
				<misses>2780001</misses>
				<total>2677979</total>
				<timestamp>250.431927</timestamp>
			</report>
			<report>
				<misses>2781001</misses>
				<total>2678978</total>
				<timestamp>250.521927</timestamp>
			</report>
			<report>
				<misses>2782001</misses>
				<total>2679977</total>
				<timestamp>250.611912</timestamp>
			</report>
			<report>
				<misses>2783001</misses>
				<total>2680976</total>
				<timestamp>250.702000</timestamp>
			</report>
			<report>
				<misses>2784001</misses>
				<total>2681975</total>
				<timestamp>250.791927</timestamp>
			</report>
			<report>
				<misses>2785001</misses>
				<total>2682974</total>
				<timestamp>250.881968</timestamp>
			</report>
			<report>
				<misses>2786001</misses>
				<total>2683973</total>
				<timestamp>250.972159</timestamp>
			</report>
			<report>
				<misses>2787001</misses>
				<total>2684972</total>
				<timestamp>251.062106</timestamp>
			</report>
			<report>
				<misses>2788001</misses>
				<total>2685971</total>
				<timestamp>251.152116</timestamp>
			</report>
			<report>
				<misses>2789001</misses>
				<total>2686715</total>
				<timestamp>251.242186</timestamp>
			</report>
			<report>
				<misses>2790001</misses>
				<total>2686715</total>
				<timestamp>251.332099</timestamp>
			</report>
			<report>
				<misses>2791001</misses>
				<total>2686715</total>
				<timestamp>251.422062</timestamp>
			</report>
			<report>
				<misses>2792001</misses>
				<total>2686716</total>
				<timestamp>251.511995</timestamp>
			</report>
			<report>
				<misses>2793001</misses>
				<total>2687301</total>
				<timestamp>251.601917</timestamp>
			</report>
			<report>
				<misses>2794001</misses>
				<total>2688300</total>
				<timestamp>251.691870</timestamp>
			</report>
			<report>
				<misses>2795001</misses>
				<total>2688737</total>
				<timestamp>251.781821</timestamp>
			</report>
			<report>
				<misses>2796001</misses>
				<total>2689381</total>
				<timestamp>251.871887</timestamp>
			</report>
			<report>
				<misses>2797001</misses>
				<total>2690380</total>
				<timestamp>251.961868</timestamp>
			</report>
			<report>
				<misses>2798001</misses>
				<total>2691379</total>
				<timestamp>252.051857</timestamp>
			</report>
			<report>
				<misses>2799001</misses>
				<total>2692378</total>
				<timestamp>252.141884</timestamp>
			</report>
			<report>
				<misses>2800001</misses>
				<total>2693377</total>
				<timestamp>252.231830</timestamp>
			</report>
			<report>
				<misses>2801001</misses>
				<total>2694376</total>
				<timestamp>252.321858</timestamp>
			</report>
			<report>
				<misses>2802001</misses>
				<total>2695375</total>
				<timestamp>252.411836</timestamp>
			</report>
			<report>
				<misses>2803001</misses>
				<total>2696374</total>
				<timestamp>252.501897</timestamp>
			</report>
			<report>
				<misses>2804001</misses>
				<total>2697373</total>
				<timestamp>252.591837</timestamp>
			</report>
			<report>
				<misses>2805001</misses>
				<total>2698372</total>
				<timestamp>252.681908</timestamp>
			</report>
			<report>
				<misses>2806001</misses>
				<total>2699185</total>
				<timestamp>252.771838</timestamp>
			</report>
			<report>
				<misses>2807001</misses>
				<total>2699184</total>
				<timestamp>252.861864</timestamp>
			</report>
			<report>
				<misses>2808001</misses>
				<total>2699185</total>
				<timestamp>252.951908</timestamp>
			</report>
			<report>
				<misses>2809001</misses>
				<total>2699184</total>
				<timestamp>253.041886</timestamp>
			</report>
			<report>
				<misses>2810001</misses>
				<total>2699187</total>
				<timestamp>253.131889</timestamp>
			</report>
			<report>
				<misses>2811001</misses>
				<total>2699186</total>
				<timestamp>253.221907</timestamp>
			</report>
			<report>
				<misses>2812001</misses>
				<total>2699186</total>
				<timestamp>253.311872</timestamp>
			</report>
			<report>
				<misses>2813001</misses>
				<total>2699192</total>
				<timestamp>253.401882</timestamp>
			</report>
			<report>
				<misses>2814001</misses>
				<total>2699202</total>
				<timestamp>253.491859</timestamp>
			</report>
			<report>
				<misses>2815001</misses>
				<total>2699202</total>
				<timestamp>253.581947</timestamp>
			</report>
			<report>
				<misses>2816001</misses>
				<total>2699202</total>
				<timestamp>253.671910</timestamp>
			</report>
			<report>
				<misses>2817001</misses>
				<total>2699203</total>
				<timestamp>253.761859</timestamp>
			</report>
			<report>
				<misses>2818001</misses>
				<total>2699655</total>
				<timestamp>253.852159</timestamp>
			</report>
			<report>
				<misses>2819001</misses>
				<total>2700654</total>
				<timestamp>253.942164</timestamp>
			</report>
			<report>
				<misses>2820001</misses>
				<total>2701653</total>
				<timestamp>254.032331</timestamp>
			</report>
			<report>
				<misses>2821001</misses>
				<total>2702652</total>
				<timestamp>254.122414</timestamp>
			</report>
			<report>
				<misses>2822001</misses>
				<total>2703651</total>
				<timestamp>254.212419</timestamp>
			</report>
			<report>
				<misses>2823001</misses>
				<total>2704650</total>
				<timestamp>254.302442</timestamp>
			</report>
			<report>
				<misses>2824001</misses>
				<total>2705649</total>
				<timestamp>254.392452</timestamp>
			</report>
			<report>
				<misses>2825001</misses>
				<total>2706648</total>
				<timestamp>254.482417</timestamp>
			</report>
			<report>
				<misses>2826001</misses>
				<total>2707647</total>
				<timestamp>254.572405</timestamp>
			</report>
			<report>
				<misses>2827001</misses>
				<total>2708646</total>
				<timestamp>254.662460</timestamp>
			</report>
			<report>
				<misses>2828001</misses>
				<total>2709645</total>
				<timestamp>254.752415</timestamp>
			</report>
			<report>
				<misses>2829001</misses>
				<total>2710644</total>
				<timestamp>254.842394</timestamp>
			</report>
			<report>
				<misses>2830001</misses>
				<total>2711643</total>
				<timestamp>254.932419</timestamp>
			</report>
			<report>
				<misses>2831001</misses>
				<total>2712642</total>
				<timestamp>255.022513</timestamp>
			</report>
			<report>
				<misses>2832001</misses>
				<total>2713641</total>
				<timestamp>255.112552</timestamp>
			</report>
			<report>
				<misses>2833001</misses>
				<total>2714640</total>
				<timestamp>255.202558</timestamp>
			</report>
			<report>
				<misses>2834001</misses>
				<total>2715639</total>
				<timestamp>255.292634</timestamp>
			</report>
			<report>
				<misses>2835001</misses>
				<total>2716638</total>
				<timestamp>255.382640</timestamp>
			</report>
			<report>
				<misses>2836001</misses>
				<total>2717637</total>
				<timestamp>255.472638</timestamp>
			</report>
			<report>
				<misses>2837001</misses>
				<total>2718636</total>
				<timestamp>255.562671</timestamp>
			</report>
			<report>
				<misses>2838001</misses>
				<total>2719635</total>
				<timestamp>255.652690</timestamp>
			</report>
			<report>
				<misses>2839001</misses>
				<total>2720634</total>
				<timestamp>255.742680</timestamp>
			</report>
			<report>
				<misses>2840001</misses>
				<total>2721633</total>
				<timestamp>255.832662</timestamp>
			</report>
			<report>
				<misses>2841001</misses>
				<total>2722632</total>
				<timestamp>255.922677</timestamp>
			</report>
			<report>
				<misses>2842001</misses>
				<total>2723631</total>
				<timestamp>256.012696</timestamp>
			</report>
			<report>
				<misses>2843001</misses>
				<total>2724630</total>
				<timestamp>256.102713</timestamp>
			</report>
			<report>
				<misses>2844001</misses>
				<total>2725629</total>
				<timestamp>256.192739</timestamp>
			</report>
			<report>
				<misses>2845001</misses>
				<total>2726628</total>
				<timestamp>256.284384</timestamp>
			</report>
			<report>
				<misses>2846001</misses>
				<total>2727627</total>
				<timestamp>256.374424</timestamp>
			</report>
			<report>
				<misses>2847001</misses>
				<total>2728626</total>
				<timestamp>256.464413</timestamp>
			</report>
			<report>
				<misses>2848001</misses>
				<total>2729625</total>
				<timestamp>256.554400</timestamp>
			</report>
			<report>
				<misses>2849001</misses>
				<total>2730624</total>
				<timestamp>256.644409</timestamp>
			</report>
			<report>
				<misses>2850001</misses>
				<total>2731623</total>
				<timestamp>256.734427</timestamp>
			</report>
			<report>
				<misses>2851001</misses>
				<total>2732622</total>
				<timestamp>256.824403</timestamp>
			</report>
			<report>
				<misses>2852001</misses>
				<total>2733621</total>
				<timestamp>256.914431</timestamp>
			</report>
			<report>
				<misses>2853001</misses>
				<total>2734620</total>
				<timestamp>257.004443</timestamp>
			</report>
			<report>
				<misses>2854001</misses>
				<total>2735619</total>
				<timestamp>257.094412</timestamp>
			</report>
			<report>
				<misses>2855001</misses>
				<total>2736618</total>
				<timestamp>257.184422</timestamp>
			</report>
			<report>
				<misses>2856001</misses>
				<total>2737617</total>
				<timestamp>257.274412</timestamp>
			</report>
			<report>
				<misses>2857001</misses>
				<total>2738616</total>
				<timestamp>257.364387</timestamp>
			</report>
			<report>
				<misses>2858001</misses>
				<total>2739615</total>
				<timestamp>257.454399</timestamp>
			</report>
			<report>
				<misses>2859001</misses>
				<total>2740614</total>
				<timestamp>257.544444</timestamp>
			</report>
			<report>
				<misses>2860001</misses>
				<total>2741613</total>
				<timestamp>257.634621</timestamp>
			</report>
			<report>
				<misses>2861001</misses>
				<total>2742612</total>
				<timestamp>257.724638</timestamp>
			</report>
			<report>
				<misses>2862001</misses>
				<total>2743611</total>
				<timestamp>257.814842</timestamp>
			</report>
			<report>
				<misses>2863001</misses>
				<total>2744610</total>
				<timestamp>257.904816</timestamp>
			</report>
			<report>
				<misses>2864001</misses>
				<total>2745609</total>
				<timestamp>257.994861</timestamp>
			</report>
			<report>
				<misses>2865001</misses>
				<total>2746608</total>
				<timestamp>258.084962</timestamp>
			</report>
			<report>
				<misses>2866001</misses>
				<total>2747607</total>
				<timestamp>258.174892</timestamp>
			</report>
			<report>
				<misses>2867001</misses>
				<total>2748606</total>
				<timestamp>258.264932</timestamp>
			</report>
			<report>
				<misses>2868001</misses>
				<total>2749605</total>
				<timestamp>258.354889</timestamp>
			</report>
			<report>
				<misses>2869001</misses>
				<total>2750604</total>
				<timestamp>258.444816</timestamp>
			</report>
			<report>
				<misses>2870001</misses>
				<total>2751603</total>
				<timestamp>258.534839</timestamp>
			</report>
			<report>
				<misses>2871001</misses>
				<total>2752602</total>
				<timestamp>258.624806</timestamp>
			</report>
			<report>
				<misses>2872001</misses>
				<total>2753601</total>
				<timestamp>258.714807</timestamp>
			</report>
			<report>
				<misses>2873001</misses>
				<total>2754600</total>
				<timestamp>258.804809</timestamp>
			</report>
			<report>
				<misses>2874001</misses>
				<total>2755599</total>
				<timestamp>258.894845</timestamp>
			</report>
			<report>
				<misses>2875001</misses>
				<total>2756598</total>
				<timestamp>258.984833</timestamp>
			</report>
			<report>
				<misses>2876001</misses>
				<total>2757597</total>
				<timestamp>259.074827</timestamp>
			</report>
			<report>
				<misses>2877001</misses>
				<total>2758596</total>
				<timestamp>259.164820</timestamp>
			</report>
			<report>
				<misses>2878001</misses>
				<total>2759595</total>
				<timestamp>259.254832</timestamp>
			</report>
			<report>
				<misses>2879001</misses>
				<total>2760594</total>
				<timestamp>259.344784</timestamp>
			</report>
			<report>
				<misses>2880001</misses>
				<total>2761593</total>
				<timestamp>259.434750</timestamp>
			</report>
			<report>
				<misses>2881001</misses>
				<total>2762592</total>
				<timestamp>259.525813</timestamp>
			</report>
			<report>
				<misses>2882001</misses>
				<total>2763591</total>
				<timestamp>259.615793</timestamp>
			</report>
			<report>
				<misses>2883001</misses>
				<total>2764590</total>
				<timestamp>259.705868</timestamp>
			</report>
			<report>
				<misses>2884001</misses>
				<total>2765589</total>
				<timestamp>259.795906</timestamp>
			</report>
			<report>
				<misses>2885001</misses>
				<total>2766588</total>
				<timestamp>259.885901</timestamp>
			</report>
			<report>
				<misses>2886001</misses>
				<total>2767587</total>
				<timestamp>259.978692</timestamp>
			</report>
			<report>
				<misses>2887001</misses>
				<total>2768586</total>
				<timestamp>260.069948</timestamp>
			</report>
			<report>
				<misses>2888001</misses>
				<total>2769585</total>
				<timestamp>260.159932</timestamp>
			</report>
			<report>
				<misses>2889001</misses>
				<total>2770584</total>
				<timestamp>260.249939</timestamp>
			</report>
			<report>
				<misses>2890001</misses>
				<total>2771583</total>
				<timestamp>260.339950</timestamp>
			</report>
			<report>
				<misses>2891001</misses>
				<total>2772582</total>
				<timestamp>260.429951</timestamp>
			</report>
			<report>
				<misses>2892001</misses>
				<total>2773581</total>
				<timestamp>260.519954</timestamp>
			</report>
			<report>
				<misses>2893001</misses>
				<total>2774580</total>
				<timestamp>260.609948</timestamp>
			</report>
			<report>
				<misses>2894001</misses>
				<total>2775579</total>
				<timestamp>260.699933</timestamp>
			</report>
			<report>
				<misses>2895001</misses>
				<total>2776578</total>
				<timestamp>260.789932</timestamp>
			</report>
			<report>
				<misses>2896001</misses>
				<total>2777577</total>
				<timestamp>260.879924</timestamp>
			</report>
			<report>
				<misses>2897001</misses>
				<total>2778576</total>
				<timestamp>260.969853</timestamp>
			</report>
			<report>
				<misses>2898001</misses>
				<total>2779575</total>
				<timestamp>261.059941</timestamp>
			</report>
			<report>
				<misses>2899001</misses>
				<total>2780574</total>
				<timestamp>261.149935</timestamp>
			</report>
			<report>
				<misses>2900001</misses>
				<total>2781573</total>
				<timestamp>261.239929</timestamp>
			</report>
			<report>
				<misses>2901001</misses>
				<total>2782572</total>
				<timestamp>261.329846</timestamp>
			</report>
			<report>
				<misses>2902001</misses>
				<total>2783571</total>
				<timestamp>261.419829</timestamp>
			</report>
			<report>
				<misses>2903001</misses>
				<total>2784570</total>
				<timestamp>261.509769</timestamp>
			</report>
			<report>
				<misses>2904001</misses>
				<total>2785569</total>
				<timestamp>261.599817</timestamp>
			</report>
			<report>
				<misses>2905001</misses>
				<total>2786568</total>
				<timestamp>261.689858</timestamp>
			</report>
			<report>
				<misses>2906001</misses>
				<total>2787567</total>
				<timestamp>261.779833</timestamp>
			</report>
			<report>
				<misses>2907001</misses>
				<total>2788566</total>
				<timestamp>261.869798</timestamp>
			</report>
			<report>
				<misses>2908001</misses>
				<total>2789565</total>
				<timestamp>261.959802</timestamp>
			</report>
			<report>
				<misses>2909001</misses>
				<total>2790564</total>
				<timestamp>262.049798</timestamp>
			</report>
			<report>
				<misses>2910001</misses>
				<total>2791563</total>
				<timestamp>262.139758</timestamp>
			</report>
			<report>
				<misses>2911001</misses>
				<total>2792562</total>
				<timestamp>262.229742</timestamp>
			</report>
			<report>
				<misses>2912001</misses>
				<total>2793561</total>
				<timestamp>262.319784</timestamp>
			</report>
			<report>
				<misses>2913001</misses>
				<total>2794560</total>
				<timestamp>262.409786</timestamp>
			</report>
			<report>
				<misses>2914001</misses>
				<total>2795559</total>
				<timestamp>262.499785</timestamp>
			</report>
			<report>
				<misses>2915001</misses>
				<total>2796558</total>
				<timestamp>262.589785</timestamp>
			</report>
			<report>
				<misses>2916001</misses>
				<total>2797557</total>
				<timestamp>262.679828</timestamp>
			</report>
			<report>
				<misses>2917001</misses>
				<total>2798556</total>
				<timestamp>262.769784</timestamp>
			</report>
			<report>
				<misses>2918001</misses>
				<total>2799555</total>
				<timestamp>262.859821</timestamp>
			</report>
			<report>
				<misses>2919001</misses>
				<total>2800554</total>
				<timestamp>262.949852</timestamp>
			</report>
			<report>
				<misses>2920001</misses>
				<total>2801553</total>
				<timestamp>263.039900</timestamp>
			</report>
			<report>
				<misses>2921001</misses>
				<total>2802552</total>
				<timestamp>263.129868</timestamp>
			</report>
			<report>
				<misses>2922001</misses>
				<total>2803551</total>
				<timestamp>263.219837</timestamp>
			</report>
			<report>
				<misses>2923001</misses>
				<total>2804550</total>
				<timestamp>263.309745</timestamp>
			</report>
			<report>
				<misses>2924001</misses>
				<total>2805549</total>
				<timestamp>263.399720</timestamp>
			</report>
			<report>
				<misses>2925001</misses>
				<total>2806548</total>
				<timestamp>263.489725</timestamp>
			</report>
			<report>
				<misses>2926001</misses>
				<total>2807547</total>
				<timestamp>263.579701</timestamp>
			</report>
			<report>
				<misses>2927001</misses>
				<total>2808546</total>
				<timestamp>263.669971</timestamp>
			</report>
			<report>
				<misses>2928001</misses>
				<total>2809545</total>
				<timestamp>263.759951</timestamp>
			</report>
			<report>
				<misses>2929001</misses>
				<total>2810544</total>
				<timestamp>263.849923</timestamp>
			</report>
			<report>
				<misses>2930001</misses>
				<total>2811543</total>
				<timestamp>263.939840</timestamp>
			</report>
			<report>
				<misses>2931001</misses>
				<total>2812542</total>
				<timestamp>264.029843</timestamp>
			</report>
			<report>
				<misses>2932001</misses>
				<total>2813541</total>
				<timestamp>264.121569</timestamp>
			</report>
			<report>
				<misses>2933001</misses>
				<total>2814540</total>
				<timestamp>264.211705</timestamp>
			</report>
			<report>
				<misses>2934001</misses>
				<total>2815539</total>
				<timestamp>264.301757</timestamp>
			</report>
			<report>
				<misses>2935001</misses>
				<total>2816538</total>
				<timestamp>264.391741</timestamp>
			</report>
			<report>
				<misses>2936001</misses>
				<total>2817537</total>
				<timestamp>264.481732</timestamp>
			</report>
			<report>
				<misses>2937001</misses>
				<total>2818536</total>
				<timestamp>264.571742</timestamp>
			</report>
			<report>
				<misses>2938001</misses>
				<total>2819535</total>
				<timestamp>264.661775</timestamp>
			</report>
			<report>
				<misses>2939001</misses>
				<total>2820534</total>
				<timestamp>264.751811</timestamp>
			</report>
			<report>
				<misses>2940001</misses>
				<total>2821533</total>
				<timestamp>264.841731</timestamp>
			</report>
			<report>
				<misses>2941001</misses>
				<total>2822532</total>
				<timestamp>264.931734</timestamp>
			</report>
			<report>
				<misses>2942001</misses>
				<total>2823531</total>
				<timestamp>265.021722</timestamp>
			</report>
			<report>
				<misses>2943001</misses>
				<total>2824530</total>
				<timestamp>265.111713</timestamp>
			</report>
			<report>
				<misses>2944001</misses>
				<total>2825529</total>
				<timestamp>265.201701</timestamp>
			</report>
			<report>
				<misses>2945001</misses>
				<total>2826528</total>
				<timestamp>265.291722</timestamp>
			</report>
			<report>
				<misses>2946001</misses>
				<total>2827527</total>
				<timestamp>265.381729</timestamp>
			</report>
			<report>
				<misses>2947001</misses>
				<total>2828526</total>
				<timestamp>265.471648</timestamp>
			</report>
			<report>
				<misses>2948001</misses>
				<total>2829525</total>
				<timestamp>265.561712</timestamp>
			</report>
			<report>
				<misses>2949001</misses>
				<total>2830524</total>
				<timestamp>265.651755</timestamp>
			</report>
			<report>
				<misses>2950001</misses>
				<total>2831523</total>
				<timestamp>265.741736</timestamp>
			</report>
			<report>
				<misses>2951001</misses>
				<total>2832522</total>
				<timestamp>265.831735</timestamp>
			</report>
			<report>
				<misses>2952001</misses>
				<total>2833521</total>
				<timestamp>265.921790</timestamp>
			</report>
			<report>
				<misses>2953001</misses>
				<total>2834520</total>
				<timestamp>266.011767</timestamp>
			</report>
			<report>
				<misses>2954001</misses>
				<total>2835519</total>
				<timestamp>266.101846</timestamp>
			</report>
			<report>
				<misses>2955001</misses>
				<total>2836518</total>
				<timestamp>266.191813</timestamp>
			</report>
			<report>
				<misses>2956001</misses>
				<total>2837517</total>
				<timestamp>266.281768</timestamp>
			</report>
			<report>
				<misses>2957001</misses>
				<total>2838516</total>
				<timestamp>266.371847</timestamp>
			</report>
			<report>
				<misses>2958001</misses>
				<total>2839515</total>
				<timestamp>266.461846</timestamp>
			</report>
			<report>
				<misses>2959001</misses>
				<total>2840514</total>
				<timestamp>266.551826</timestamp>
			</report>
			<report>
				<misses>2960001</misses>
				<total>2841513</total>
				<timestamp>266.641855</timestamp>
			</report>
			<report>
				<misses>2961001</misses>
				<total>2842512</total>
				<timestamp>266.731812</timestamp>
			</report>
			<report>
				<misses>2962001</misses>
				<total>2843511</total>
				<timestamp>266.821767</timestamp>
			</report>
			<report>
				<misses>2963001</misses>
				<total>2844510</total>
				<timestamp>266.911774</timestamp>
			</report>
			<report>
				<misses>2964001</misses>
				<total>2845509</total>
				<timestamp>267.001739</timestamp>
			</report>
			<report>
				<misses>2965001</misses>
				<total>2846508</total>
				<timestamp>267.091817</timestamp>
			</report>
			<report>
				<misses>2966001</misses>
				<total>2847507</total>
				<timestamp>267.181791</timestamp>
			</report>
			<report>
				<misses>2967001</misses>
				<total>2848506</total>
				<timestamp>267.271760</timestamp>
			</report>
			<report>
				<misses>2968001</misses>
				<total>2849505</total>
				<timestamp>267.361770</timestamp>
			</report>
			<report>
				<misses>2969001</misses>
				<total>2850504</total>
				<timestamp>267.451720</timestamp>
			</report>
			<report>
				<misses>2970001</misses>
				<total>2851503</total>
				<timestamp>267.541783</timestamp>
			</report>
			<report>
				<misses>2971001</misses>
				<total>2852502</total>
				<timestamp>267.636609</timestamp>
			</report>
			<report>
				<misses>2972001</misses>
				<total>2853501</total>
				<timestamp>267.726631</timestamp>
			</report>
			<report>
				<misses>2973001</misses>
				<total>2854500</total>
				<timestamp>267.816601</timestamp>
			</report>
			<report>
				<misses>2974001</misses>
				<total>2855499</total>
				<timestamp>267.907788</timestamp>
			</report>
			<report>
				<misses>2975001</misses>
				<total>2856498</total>
				<timestamp>267.997754</timestamp>
			</report>
			<report>
				<misses>2976001</misses>
				<total>2857497</total>
				<timestamp>268.087700</timestamp>
			</report>
			<report>
				<misses>2977001</misses>
				<total>2858496</total>
				<timestamp>268.177710</timestamp>
			</report>
			<report>
				<misses>2978001</misses>
				<total>2859495</total>
				<timestamp>268.267719</timestamp>
			</report>
			<report>
				<misses>2979001</misses>
				<total>2860494</total>
				<timestamp>268.357727</timestamp>
			</report>
			<report>
				<misses>2980001</misses>
				<total>2861493</total>
				<timestamp>268.447708</timestamp>
			</report>
			<report>
				<misses>2981001</misses>
				<total>2862492</total>
				<timestamp>268.537810</timestamp>
			</report>
			<report>
				<misses>2982001</misses>
				<total>2863491</total>
				<timestamp>268.627791</timestamp>
			</report>
			<report>
				<misses>2983001</misses>
				<total>2864490</total>
				<timestamp>268.717872</timestamp>
			</report>
			<report>
				<misses>2984001</misses>
				<total>2865489</total>
				<timestamp>268.807974</timestamp>
			</report>
			<report>
				<misses>2985001</misses>
				<total>2866488</total>
				<timestamp>268.897942</timestamp>
			</report>
			<report>
				<misses>2986001</misses>
				<total>2867487</total>
				<timestamp>268.987888</timestamp>
			</report>
			<report>
				<misses>2987001</misses>
				<total>2868486</total>
				<timestamp>269.077922</timestamp>
			</report>
			<report>
				<misses>2988001</misses>
				<total>2869485</total>
				<timestamp>269.167902</timestamp>
			</report>
			<report>
				<misses>2989001</misses>
				<total>2870484</total>
				<timestamp>269.257842</timestamp>
			</report>
			<report>
				<misses>2990001</misses>
				<total>2871483</total>
				<timestamp>269.347816</timestamp>
			</report>
			<report>
				<misses>2991001</misses>
				<total>2872482</total>
				<timestamp>269.437807</timestamp>
			</report>
			<report>
				<misses>2992001</misses>
				<total>2873481</total>
				<timestamp>269.527872</timestamp>
			</report>
			<report>
				<misses>2993001</misses>
				<total>2874480</total>
				<timestamp>269.617876</timestamp>
			</report>
			<report>
				<misses>2994001</misses>
				<total>2875479</total>
				<timestamp>269.708019</timestamp>
			</report>
			<report>
				<misses>2995001</misses>
				<total>2876478</total>
				<timestamp>269.797947</timestamp>
			</report>
			<report>
				<misses>2996001</misses>
				<total>2877477</total>
				<timestamp>269.887947</timestamp>
			</report>
			<report>
				<misses>2997001</misses>
				<total>2878476</total>
				<timestamp>269.977938</timestamp>
			</report>
			<report>
				<misses>2998001</misses>
				<total>2879475</total>
				<timestamp>270.067892</timestamp>
			</report>
			<report>
				<misses>2999001</misses>
				<total>2880474</total>
				<timestamp>270.157858</timestamp>
			</report>
			<report>
				<misses>3000001</misses>
				<total>2881473</total>
				<timestamp>270.247924</timestamp>
			</report>
			<report>
				<misses>3001001</misses>
				<total>2882472</total>
				<timestamp>270.337865</timestamp>
			</report>
			<report>
				<misses>3002001</misses>
				<total>2883471</total>
				<timestamp>270.427878</timestamp>
			</report>
			<report>
				<misses>3003001</misses>
				<total>2884470</total>
				<timestamp>270.517837</timestamp>
			</report>
			<report>
				<misses>3004001</misses>
				<total>2885469</total>
				<timestamp>270.607812</timestamp>
			</report>
			<report>
				<misses>3005001</misses>
				<total>2886468</total>
				<timestamp>270.697773</timestamp>
			</report>
			<report>
				<misses>3006001</misses>
				<total>2887467</total>
				<timestamp>270.787768</timestamp>
			</report>
			<report>
				<misses>3007001</misses>
				<total>2888466</total>
				<timestamp>270.877843</timestamp>
			</report>
			<report>
				<misses>3008001</misses>
				<total>2889465</total>
				<timestamp>270.967780</timestamp>
			</report>
			<report>
				<misses>3009001</misses>
				<total>2890464</total>
				<timestamp>271.057844</timestamp>
			</report>
			<report>
				<misses>3010001</misses>
				<total>2891463</total>
				<timestamp>271.147767</timestamp>
			</report>
			<report>
				<misses>3011001</misses>
				<total>2892462</total>
				<timestamp>271.237829</timestamp>
			</report>
			<report>
				<misses>3012001</misses>
				<total>2893461</total>
				<timestamp>271.327857</timestamp>
			</report>
			<report>
				<misses>3013001</misses>
				<total>2894460</total>
				<timestamp>271.417931</timestamp>
			</report>
			<report>
				<misses>3014001</misses>
				<total>2895459</total>
				<timestamp>271.507847</timestamp>
			</report>
			<report>
				<misses>3015001</misses>
				<total>2896458</total>
				<timestamp>271.597758</timestamp>
			</report>
			<report>
				<misses>3016001</misses>
				<total>2897457</total>
				<timestamp>271.687692</timestamp>
			</report>
			<report>
				<misses>3017001</misses>
				<total>2898456</total>
				<timestamp>271.777751</timestamp>
			</report>
			<report>
				<misses>3018001</misses>
				<total>2899455</total>
				<timestamp>271.867730</timestamp>
			</report>
			<report>
				<misses>3019001</misses>
				<total>2900454</total>
				<timestamp>271.957741</timestamp>
			</report>
			<report>
				<misses>3020001</misses>
				<total>2901453</total>
				<timestamp>272.047720</timestamp>
			</report>
			<report>
				<misses>3021001</misses>
				<total>2902452</total>
				<timestamp>272.137728</timestamp>
			</report>
			<report>
				<misses>3022001</misses>
				<total>2903451</total>
				<timestamp>272.227773</timestamp>
			</report>
			<report>
				<misses>3023001</misses>
				<total>2904450</total>
				<timestamp>272.317777</timestamp>
			</report>
			<report>
				<misses>3024001</misses>
				<total>2905449</total>
				<timestamp>272.407774</timestamp>
			</report>
			<report>
				<misses>3025001</misses>
				<total>2906448</total>
				<timestamp>272.497856</timestamp>
			</report>
			<report>
				<misses>3026001</misses>
				<total>2907447</total>
				<timestamp>272.587863</timestamp>
			</report>
			<report>
				<misses>3027001</misses>
				<total>2908446</total>
				<timestamp>272.677862</timestamp>
			</report>
			<report>
				<misses>3028001</misses>
				<total>2909445</total>
				<timestamp>272.767862</timestamp>
			</report>
			<report>
				<misses>3029001</misses>
				<total>2910444</total>
				<timestamp>272.857855</timestamp>
			</report>
			<report>
				<misses>3030001</misses>
				<total>2911443</total>
				<timestamp>272.947864</timestamp>
			</report>
			<report>
				<misses>3031001</misses>
				<total>2912442</total>
				<timestamp>273.037883</timestamp>
			</report>
			<report>
				<misses>3032001</misses>
				<total>2913441</total>
				<timestamp>273.127942</timestamp>
			</report>
			<report>
				<misses>3033001</misses>
				<total>2914440</total>
				<timestamp>273.217946</timestamp>
			</report>
			<report>
				<misses>3034001</misses>
				<total>2915439</total>
				<timestamp>273.307944</timestamp>
			</report>
			<report>
				<misses>3035001</misses>
				<total>2916438</total>
				<timestamp>273.397929</timestamp>
			</report>
			<report>
				<misses>3036001</misses>
				<total>2917437</total>
				<timestamp>273.487883</timestamp>
			</report>
			<report>
				<misses>3037001</misses>
				<total>2918436</total>
				<timestamp>273.577868</timestamp>
			</report>
			<report>
				<misses>3038001</misses>
				<total>2919435</total>
				<timestamp>273.667874</timestamp>
			</report>
			<report>
				<misses>3039001</misses>
				<total>2920434</total>
				<timestamp>273.757848</timestamp>
			</report>
			<report>
				<misses>3040001</misses>
				<total>2921433</total>
				<timestamp>273.847849</timestamp>
			</report>
			<report>
				<misses>3041001</misses>
				<total>2922432</total>
				<timestamp>273.937810</timestamp>
			</report>
			<report>
				<misses>3042001</misses>
				<total>2923431</total>
				<timestamp>274.027766</timestamp>
			</report>
			<report>
				<misses>3043001</misses>
				<total>2924430</total>
				<timestamp>274.117755</timestamp>
			</report>
			<report>
				<misses>3044001</misses>
				<total>2925429</total>
				<timestamp>274.207707</timestamp>
			</report>
			<report>
				<misses>3045001</misses>
				<total>2926428</total>
				<timestamp>274.297724</timestamp>
			</report>
			<report>
				<misses>3046001</misses>
				<total>2927427</total>
				<timestamp>274.387770</timestamp>
			</report>
			<report>
				<misses>3047001</misses>
				<total>2928426</total>
				<timestamp>274.477932</timestamp>
			</report>
			<report>
				<misses>3048001</misses>
				<total>2929425</total>
				<timestamp>274.567922</timestamp>
			</report>
			<report>
				<misses>3049001</misses>
				<total>2930424</total>
				<timestamp>274.657874</timestamp>
			</report>
			<report>
				<misses>3050001</misses>
				<total>2931423</total>
				<timestamp>274.747935</timestamp>
			</report>
			<report>
				<misses>3051001</misses>
				<total>2932422</total>
				<timestamp>274.837872</timestamp>
			</report>
			<report>
				<misses>3052001</misses>
				<total>2933421</total>
				<timestamp>274.927859</timestamp>
			</report>
			<report>
				<misses>3053001</misses>
				<total>2934420</total>
				<timestamp>275.017865</timestamp>
			</report>
			<report>
				<misses>3054001</misses>
				<total>2935419</total>
				<timestamp>275.107892</timestamp>
			</report>
			<report>
				<misses>3055001</misses>
				<total>2936418</total>
				<timestamp>275.197865</timestamp>
			</report>
			<report>
				<misses>3056001</misses>
				<total>2937417</total>
				<timestamp>275.287841</timestamp>
			</report>
			<report>
				<misses>3057001</misses>
				<total>2938416</total>
				<timestamp>275.377847</timestamp>
			</report>
			<report>
				<misses>3058001</misses>
				<total>2939415</total>
				<timestamp>275.467764</timestamp>
			</report>
			<report>
				<misses>3059001</misses>
				<total>2940414</total>
				<timestamp>275.557679</timestamp>
			</report>
			<report>
				<misses>3060001</misses>
				<total>2941413</total>
				<timestamp>275.647681</timestamp>
			</report>
			<report>
				<misses>3061001</misses>
				<total>2942412</total>
				<timestamp>275.737672</timestamp>
			</report>
			<report>
				<misses>3062001</misses>
				<total>2943411</total>
				<timestamp>275.827670</timestamp>
			</report>
			<report>
				<misses>3063001</misses>
				<total>2944410</total>
				<timestamp>275.917691</timestamp>
			</report>
			<report>
				<misses>3064001</misses>
				<total>2945409</total>
				<timestamp>276.007774</timestamp>
			</report>
			<report>
				<misses>3065001</misses>
				<total>2946408</total>
				<timestamp>276.097814</timestamp>
			</report>
			<report>
				<misses>3066001</misses>
				<total>2947407</total>
				<timestamp>276.187787</timestamp>
			</report>
			<report>
				<misses>3067001</misses>
				<total>2948406</total>
				<timestamp>276.277753</timestamp>
			</report>
			<report>
				<misses>3068001</misses>
				<total>2949405</total>
				<timestamp>276.367861</timestamp>
			</report>
			<report>
				<misses>3069001</misses>
				<total>2950404</total>
				<timestamp>276.457847</timestamp>
			</report>
			<report>
				<misses>3070001</misses>
				<total>2951403</total>
				<timestamp>276.547841</timestamp>
			</report>
			<report>
				<misses>3071001</misses>
				<total>2952402</total>
				<timestamp>276.637783</timestamp>
			</report>
			<report>
				<misses>3072001</misses>
				<total>2953401</total>
				<timestamp>276.727946</timestamp>
			</report>
			<report>
				<misses>3073001</misses>
				<total>2954400</total>
				<timestamp>276.817964</timestamp>
			</report>
			<report>
				<misses>3074001</misses>
				<total>2955399</total>
				<timestamp>276.907950</timestamp>
			</report>
			<report>
				<misses>3075001</misses>
				<total>2956398</total>
				<timestamp>276.997934</timestamp>
			</report>
			<report>
				<misses>3076001</misses>
				<total>2957397</total>
				<timestamp>277.087848</timestamp>
			</report>
			<report>
				<misses>3077001</misses>
				<total>2958396</total>
				<timestamp>277.177762</timestamp>
			</report>
			<report>
				<misses>3078001</misses>
				<total>2959395</total>
				<timestamp>277.267668</timestamp>
			</report>
			<report>
				<misses>3079001</misses>
				<total>2960394</total>
				<timestamp>277.358673</timestamp>
			</report>
			<report>
				<misses>3080001</misses>
				<total>2961393</total>
				<timestamp>277.448675</timestamp>
			</report>
			<report>
				<misses>3081001</misses>
				<total>2962392</total>
				<timestamp>277.538683</timestamp>
			</report>
			<report>
				<misses>3082001</misses>
				<total>2963391</total>
				<timestamp>277.628706</timestamp>
			</report>
			<report>
				<misses>3083001</misses>
				<total>2964390</total>
				<timestamp>277.718723</timestamp>
			</report>
			<report>
				<misses>3084001</misses>
				<total>2965389</total>
				<timestamp>277.808700</timestamp>
			</report>
			<report>
				<misses>3085001</misses>
				<total>2966388</total>
				<timestamp>277.898697</timestamp>
			</report>
			<report>
				<misses>3086001</misses>
				<total>2967387</total>
				<timestamp>277.988697</timestamp>
			</report>
			<report>
				<misses>3087001</misses>
				<total>2968386</total>
				<timestamp>278.078710</timestamp>
			</report>
			<report>
				<misses>3088001</misses>
				<total>2969385</total>
				<timestamp>278.168776</timestamp>
			</report>
			<report>
				<misses>3089001</misses>
				<total>2970384</total>
				<timestamp>278.258748</timestamp>
			</report>
			<report>
				<misses>3090001</misses>
				<total>2971383</total>
				<timestamp>278.348712</timestamp>
			</report>
			<report>
				<misses>3091001</misses>
				<total>2971441</total>
				<timestamp>278.438717</timestamp>
			</report>
			<report>
				<misses>3092001</misses>
				<total>2971440</total>
				<timestamp>278.528706</timestamp>
			</report>
			<report>
				<misses>3093001</misses>
				<total>2971441</total>
				<timestamp>278.618668</timestamp>
			</report>
			<report>
				<misses>3094001</misses>
				<total>2971860</total>
				<timestamp>278.708703</timestamp>
			</report>
			<report>
				<misses>3095001</misses>
				<total>2972859</total>
				<timestamp>278.798671</timestamp>
			</report>
			<report>
				<misses>3096001</misses>
				<total>2973858</total>
				<timestamp>278.888695</timestamp>
			</report>
			<report>
				<misses>3097001</misses>
				<total>2974857</total>
				<timestamp>278.978666</timestamp>
			</report>
			<report>
				<misses>3098001</misses>
				<total>2975856</total>
				<timestamp>279.068725</timestamp>
			</report>
			<report>
				<misses>3099001</misses>
				<total>2976855</total>
				<timestamp>279.158695</timestamp>
			</report>
			<report>
				<misses>3100001</misses>
				<total>2977854</total>
				<timestamp>279.248680</timestamp>
			</report>
			<report>
				<misses>3101001</misses>
				<total>2978853</total>
				<timestamp>279.338688</timestamp>
			</report>
			<report>
				<misses>3102001</misses>
				<total>2979852</total>
				<timestamp>279.428726</timestamp>
			</report>
			<report>
				<misses>3103001</misses>
				<total>2980851</total>
				<timestamp>279.518807</timestamp>
			</report>
			<report>
				<misses>3104001</misses>
				<total>2981850</total>
				<timestamp>279.608800</timestamp>
			</report>
			<report>
				<misses>3105001</misses>
				<total>2982849</total>
				<timestamp>279.698759</timestamp>
			</report>
			<report>
				<misses>3106001</misses>
				<total>2983848</total>
				<timestamp>279.788766</timestamp>
			</report>
			<report>
				<misses>3107001</misses>
				<total>2984847</total>
				<timestamp>279.878756</timestamp>
			</report>
			<report>
				<misses>3108001</misses>
				<total>2985846</total>
				<timestamp>279.968776</timestamp>
			</report>
			<report>
				<misses>3109001</misses>
				<total>2986845</total>
				<timestamp>280.058779</timestamp>
			</report>
			<report>
				<misses>3110001</misses>
				<total>2987844</total>
				<timestamp>280.148825</timestamp>
			</report>
			<report>
				<misses>3111001</misses>
				<total>2988843</total>
				<timestamp>280.238757</timestamp>
			</report>
			<report>
				<misses>3112001</misses>
				<total>2989842</total>
				<timestamp>280.328811</timestamp>
			</report>
			<report>
				<misses>3113001</misses>
				<total>2990664</total>
				<timestamp>280.418809</timestamp>
			</report>
			<report>
				<misses>3114001</misses>
				<total>2990664</total>
				<timestamp>280.508809</timestamp>
			</report>
			<report>
				<misses>3115001</misses>
				<total>2990665</total>
				<timestamp>280.598756</timestamp>
			</report>
			<report>
				<misses>3116001</misses>
				<total>2990665</total>
				<timestamp>280.688761</timestamp>
			</report>
			<report>
				<misses>3117001</misses>
				<total>2990665</total>
				<timestamp>280.778828</timestamp>
			</report>
			<report>
				<misses>3118001</misses>
				<total>2991661</total>
				<timestamp>280.868760</timestamp>
			</report>
			<report>
				<misses>3119001</misses>
				<total>2992660</total>
				<timestamp>280.958825</timestamp>
			</report>
			<report>
				<misses>3120001</misses>
				<total>2993659</total>
				<timestamp>281.048765</timestamp>
			</report>
			<report>
				<misses>3121001</misses>
				<total>2994658</total>
				<timestamp>281.138797</timestamp>
			</report>
			<report>
				<misses>3122001</misses>
				<total>2995657</total>
				<timestamp>281.228744</timestamp>
			</report>
			<report>
				<misses>3123001</misses>
				<total>2996656</total>
				<timestamp>281.318688</timestamp>
			</report>
			<report>
				<misses>3124001</misses>
				<total>2997655</total>
				<timestamp>281.408805</timestamp>
			</report>
			<report>
				<misses>3125001</misses>
				<total>2998654</total>
				<timestamp>281.498755</timestamp>
			</report>
			<report>
				<misses>3126001</misses>
				<total>2999653</total>
				<timestamp>281.588760</timestamp>
			</report>
			<report>
				<misses>3127001</misses>
				<total>3000652</total>
				<timestamp>281.678817</timestamp>
			</report>
			<report>
				<misses>3128001</misses>
				<total>3001651</total>
				<timestamp>281.768753</timestamp>
			</report>
			<report>
				<misses>3129001</misses>
				<total>3002650</total>
				<timestamp>281.858691</timestamp>
			</report>
			<report>
				<misses>3130001</misses>
				<total>3003542</total>
				<timestamp>281.948700</timestamp>
			</report>
			<report>
				<misses>3131001</misses>
				<total>3003542</total>
				<timestamp>282.038719</timestamp>
			</report>
			<report>
				<misses>3132001</misses>
				<total>3003927</total>
				<timestamp>282.128705</timestamp>
			</report>
			<report>
				<misses>3133001</misses>
				<total>3004926</total>
				<timestamp>282.218690</timestamp>
			</report>
			<report>
				<misses>3134001</misses>
				<total>3005925</total>
				<timestamp>282.308697</timestamp>
			</report>
			<report>
				<misses>3135001</misses>
				<total>3006924</total>
				<timestamp>282.398702</timestamp>
			</report>
			<report>
				<misses>3136001</misses>
				<total>3007923</total>
				<timestamp>282.488694</timestamp>
			</report>
			<report>
				<misses>3137001</misses>
				<total>3008922</total>
				<timestamp>282.578703</timestamp>
			</report>
			<report>
				<misses>3138001</misses>
				<total>3009921</total>
				<timestamp>282.668785</timestamp>
			</report>
			<report>
				<misses>3139001</misses>
				<total>3010920</total>
				<timestamp>282.758800</timestamp>
			</report>
			<report>
				<misses>3140001</misses>
				<total>3011919</total>
				<timestamp>282.848801</timestamp>
			</report>
			<report>
				<misses>3141001</misses>
				<total>3012918</total>
				<timestamp>282.938771</timestamp>
			</report>
			<report>
				<misses>3142001</misses>
				<total>3013917</total>
				<timestamp>283.028765</timestamp>
			</report>
			<report>
				<misses>3143001</misses>
				<total>3014916</total>
				<timestamp>283.118771</timestamp>
			</report>
			<report>
				<misses>3144001</misses>
				<total>3015915</total>
				<timestamp>283.208782</timestamp>
			</report>
			<report>
				<misses>3145001</misses>
				<total>3016914</total>
				<timestamp>283.298886</timestamp>
			</report>
			<report>
				<misses>3146001</misses>
				<total>3017913</total>
				<timestamp>283.388867</timestamp>
			</report>
			<report>
				<misses>3147001</misses>
				<total>3018867</total>
				<timestamp>283.478846</timestamp>
			</report>
			<report>
				<misses>3148001</misses>
				<total>3018868</total>
				<timestamp>283.568837</timestamp>
			</report>
			<report>
				<misses>3149001</misses>
				<total>3018868</total>
				<timestamp>283.658802</timestamp>
			</report>
			<report>
				<misses>3150001</misses>
				<total>3018869</total>
				<timestamp>283.748738</timestamp>
			</report>
			<report>
				<misses>3151001</misses>
				<total>3018868</total>
				<timestamp>283.838679</timestamp>
			</report>
			<report>
				<misses>3152001</misses>
				<total>3018869</total>
				<timestamp>283.928681</timestamp>
			</report>
			<report>
				<misses>3153001</misses>
				<total>3018882</total>
				<timestamp>284.018677</timestamp>
			</report>
			<report>
				<misses>3154001</misses>
				<total>3018882</total>
				<timestamp>284.108718</timestamp>
			</report>
			<report>
				<misses>3155001</misses>
				<total>3018882</total>
				<timestamp>284.198660</timestamp>
			</report>
			<report>
				<misses>3156001</misses>
				<total>3018897</total>
				<timestamp>284.288632</timestamp>
			</report>
			<report>
				<misses>3157001</misses>
				<total>3019709</total>
				<timestamp>284.383793</timestamp>
			</report>
			<report>
				<misses>3158001</misses>
				<total>3020708</total>
				<timestamp>284.475266</timestamp>
			</report>
			<report>
				<misses>3159001</misses>
				<total>3021707</total>
				<timestamp>284.565350</timestamp>
			</report>
			<report>
				<misses>3160001</misses>
				<total>3022706</total>
				<timestamp>284.655464</timestamp>
			</report>
			<report>
				<misses>3161001</misses>
				<total>3023705</total>
				<timestamp>284.745514</timestamp>
			</report>
			<report>
				<misses>3162001</misses>
				<total>3024704</total>
				<timestamp>284.841937</timestamp>
			</report>
			<report>
				<misses>3163001</misses>
				<total>3025703</total>
				<timestamp>284.931924</timestamp>
			</report>
			<report>
				<misses>3164001</misses>
				<total>3026702</total>
				<timestamp>285.021925</timestamp>
			</report>
			<report>
				<misses>3165001</misses>
				<total>3027701</total>
				<timestamp>285.111889</timestamp>
			</report>
			<report>
				<misses>3166001</misses>
				<total>3028700</total>
				<timestamp>285.201893</timestamp>
			</report>
			<report>
				<misses>3167001</misses>
				<total>3029699</total>
				<timestamp>285.291901</timestamp>
			</report>
			<report>
				<misses>3168001</misses>
				<total>3030698</total>
				<timestamp>285.381951</timestamp>
			</report>
			<report>
				<misses>3169001</misses>
				<total>3031697</total>
				<timestamp>285.471895</timestamp>
			</report>
			<report>
				<misses>3170001</misses>
				<total>3032696</total>
				<timestamp>285.561891</timestamp>
			</report>
			<report>
				<misses>3171001</misses>
				<total>3033695</total>
				<timestamp>285.652043</timestamp>
			</report>
			<report>
				<misses>3172001</misses>
				<total>3034694</total>
				<timestamp>285.741976</timestamp>
			</report>
			<report>
				<misses>3173001</misses>
				<total>3035693</total>
				<timestamp>285.831890</timestamp>
			</report>
			<report>
				<misses>3174001</misses>
				<total>3036692</total>
				<timestamp>285.921811</timestamp>
			</report>
			<report>
				<misses>3175001</misses>
				<total>3037691</total>
				<timestamp>286.011810</timestamp>
			</report>
			<report>
				<misses>3176001</misses>
				<total>3038690</total>
				<timestamp>286.101826</timestamp>
			</report>
			<report>
				<misses>3177001</misses>
				<total>3039689</total>
				<timestamp>286.195582</timestamp>
			</report>
			<report>
				<misses>3178001</misses>
				<total>3040688</total>
				<timestamp>286.285619</timestamp>
			</report>
			<report>
				<misses>3179001</misses>
				<total>3041687</total>
				<timestamp>286.375624</timestamp>
			</report>
			<report>
				<misses>3180001</misses>
				<total>3042686</total>
				<timestamp>286.465614</timestamp>
			</report>
			<report>
				<misses>3181001</misses>
				<total>3043685</total>
				<timestamp>286.555612</timestamp>
			</report>
			<report>
				<misses>3182001</misses>
				<total>3044684</total>
				<timestamp>286.645727</timestamp>
			</report>
			<report>
				<misses>3183001</misses>
				<total>3045683</total>
				<timestamp>286.735733</timestamp>
			</report>
			<report>
				<misses>3184001</misses>
				<total>3046682</total>
				<timestamp>286.825703</timestamp>
			</report>
			<report>
				<misses>3185001</misses>
				<total>3047681</total>
				<timestamp>286.915684</timestamp>
			</report>
			<report>
				<misses>3186001</misses>
				<total>3048680</total>
				<timestamp>287.005729</timestamp>
			</report>
			<report>
				<misses>3187001</misses>
				<total>3049679</total>
				<timestamp>287.095681</timestamp>
			</report>
			<report>
				<misses>3188001</misses>
				<total>3050678</total>
				<timestamp>287.185777</timestamp>
			</report>
			<report>
				<misses>3189001</misses>
				<total>3051677</total>
				<timestamp>287.275812</timestamp>
			</report>
			<report>
				<misses>3190001</misses>
				<total>3052676</total>
				<timestamp>287.365910</timestamp>
			</report>
			<report>
				<misses>3191001</misses>
				<total>3053675</total>
				<timestamp>287.455850</timestamp>
			</report>
			<report>
				<misses>3192001</misses>
				<total>3054674</total>
				<timestamp>287.545769</timestamp>
			</report>
			<report>
				<misses>3193001</misses>
				<total>3055673</total>
				<timestamp>287.635780</timestamp>
			</report>
			<report>
				<misses>3194001</misses>
				<total>3056672</total>
				<timestamp>287.725775</timestamp>
			</report>
			<report>
				<misses>3195001</misses>
				<total>3057671</total>
				<timestamp>287.815876</timestamp>
			</report>
			<report>
				<misses>3196001</misses>
				<total>3058670</total>
				<timestamp>287.905843</timestamp>
			</report>
			<report>
				<misses>3197001</misses>
				<total>3059669</total>
				<timestamp>287.995797</timestamp>
			</report>
			<report>
				<misses>3198001</misses>
				<total>3060668</total>
				<timestamp>288.086024</timestamp>
			</report>
			<report>
				<misses>3199001</misses>
				<total>3061667</total>
				<timestamp>288.175929</timestamp>
			</report>
			<report>
				<misses>3200001</misses>
				<total>3062666</total>
				<timestamp>288.265903</timestamp>
			</report>
			<report>
				<misses>3201001</misses>
				<total>3063665</total>
				<timestamp>288.355862</timestamp>
			</report>
			<report>
				<misses>3202001</misses>
				<total>3064664</total>
				<timestamp>288.445858</timestamp>
			</report>
			<report>
				<misses>3203001</misses>
				<total>3065663</total>
				<timestamp>288.535864</timestamp>
			</report>
			<report>
				<misses>3204001</misses>
				<total>3066662</total>
				<timestamp>288.625843</timestamp>
			</report>
			<report>
				<misses>3205001</misses>
				<total>3067661</total>
				<timestamp>288.715757</timestamp>
			</report>
			<report>
				<misses>3206001</misses>
				<total>3068660</total>
				<timestamp>288.805675</timestamp>
			</report>
			<report>
				<misses>3207001</misses>
				<total>3069659</total>
				<timestamp>288.895676</timestamp>
			</report>
			<report>
				<misses>3208001</misses>
				<total>3070658</total>
				<timestamp>288.985890</timestamp>
			</report>
			<report>
				<misses>3209001</misses>
				<total>3071657</total>
				<timestamp>289.075837</timestamp>
			</report>
			<report>
				<misses>3210001</misses>
				<total>3072656</total>
				<timestamp>289.165779</timestamp>
			</report>
			<report>
				<misses>3211001</misses>
				<total>3073655</total>
				<timestamp>289.255748</timestamp>
			</report>
			<report>
				<misses>3212001</misses>
				<total>3074654</total>
				<timestamp>289.345720</timestamp>
			</report>
			<report>
				<misses>3213001</misses>
				<total>3075653</total>
				<timestamp>289.435750</timestamp>
			</report>
			<report>
				<misses>3214001</misses>
				<total>3076652</total>
				<timestamp>289.525682</timestamp>
			</report>
			<report>
				<misses>3215001</misses>
				<total>3077651</total>
				<timestamp>289.615767</timestamp>
			</report>
			<report>
				<misses>3216001</misses>
				<total>3078650</total>
				<timestamp>289.705768</timestamp>
			</report>
			<report>
				<misses>3217001</misses>
				<total>3079649</total>
				<timestamp>289.795782</timestamp>
			</report>
			<report>
				<misses>3218001</misses>
				<total>3080648</total>
				<timestamp>289.885871</timestamp>
			</report>
			<report>
				<misses>3219001</misses>
				<total>3081647</total>
				<timestamp>289.975849</timestamp>
			</report>
			<report>
				<misses>3220001</misses>
				<total>3082646</total>
				<timestamp>290.065779</timestamp>
			</report>
			<report>
				<misses>3221001</misses>
				<total>3083645</total>
				<timestamp>290.155777</timestamp>
			</report>
			<report>
				<misses>3222001</misses>
				<total>3084644</total>
				<timestamp>290.245765</timestamp>
			</report>
			<report>
				<misses>3223001</misses>
				<total>3085643</total>
				<timestamp>290.335762</timestamp>
			</report>
			<report>
				<misses>3224001</misses>
				<total>3086642</total>
				<timestamp>290.425775</timestamp>
			</report>
			<report>
				<misses>3225001</misses>
				<total>3087641</total>
				<timestamp>290.515760</timestamp>
			</report>
			<report>
				<misses>3226001</misses>
				<total>3088640</total>
				<timestamp>290.605678</timestamp>
			</report>
			<report>
				<misses>3227001</misses>
				<total>3089639</total>
				<timestamp>290.695701</timestamp>
			</report>
			<report>
				<misses>3228001</misses>
				<total>3090638</total>
				<timestamp>290.785689</timestamp>
			</report>
			<report>
				<misses>3229001</misses>
				<total>3091637</total>
				<timestamp>290.875714</timestamp>
			</report>
			<report>
				<misses>3230001</misses>
				<total>3092636</total>
				<timestamp>290.965691</timestamp>
			</report>
			<report>
				<misses>3231001</misses>
				<total>3093635</total>
				<timestamp>291.055676</timestamp>
			</report>
			<report>
				<misses>3232001</misses>
				<total>3094634</total>
				<timestamp>291.145681</timestamp>
			</report>
			<report>
				<misses>3233001</misses>
				<total>3095633</total>
				<timestamp>291.235671</timestamp>
			</report>
			<report>
				<misses>3234001</misses>
				<total>3096632</total>
				<timestamp>291.325603</timestamp>
			</report>
			<report>
				<misses>3235001</misses>
				<total>3097631</total>
				<timestamp>291.415587</timestamp>
			</report>
			<report>
				<misses>3236001</misses>
				<total>3098630</total>
				<timestamp>291.505672</timestamp>
			</report>
			<report>
				<misses>3237001</misses>
				<total>3099629</total>
				<timestamp>291.595676</timestamp>
			</report>
			<report>
				<misses>3238001</misses>
				<total>3100628</total>
				<timestamp>291.685663</timestamp>
			</report>
			<report>
				<misses>3239001</misses>
				<total>3101627</total>
				<timestamp>291.775703</timestamp>
			</report>
			<report>
				<misses>3240001</misses>
				<total>3102626</total>
				<timestamp>291.865666</timestamp>
			</report>
			<report>
				<misses>3241001</misses>
				<total>3103625</total>
				<timestamp>291.955580</timestamp>
			</report>
			<report>
				<misses>3242001</misses>
				<total>3104624</total>
				<timestamp>292.045559</timestamp>
			</report>
			<report>
				<misses>3243001</misses>
				<total>3105623</total>
				<timestamp>292.135620</timestamp>
			</report>
			<report>
				<misses>3244001</misses>
				<total>3106622</total>
				<timestamp>292.225614</timestamp>
			</report>
			<report>
				<misses>3245001</misses>
				<total>3107621</total>
				<timestamp>292.315622</timestamp>
			</report>
			<report>
				<misses>3246001</misses>
				<total>3108620</total>
				<timestamp>292.405645</timestamp>
			</report>
			<report>
				<misses>3247001</misses>
				<total>3109619</total>
				<timestamp>292.495662</timestamp>
			</report>
			<report>
				<misses>3248001</misses>
				<total>3110618</total>
				<timestamp>292.585673</timestamp>
			</report>
			<report>
				<misses>3249001</misses>
				<total>3111617</total>
				<timestamp>292.675681</timestamp>
			</report>
			<report>
				<misses>3250001</misses>
				<total>3112616</total>
				<timestamp>292.765689</timestamp>
			</report>
			<report>
				<misses>3251001</misses>
				<total>3113615</total>
				<timestamp>292.855665</timestamp>
			</report>
			<report>
				<misses>3252001</misses>
				<total>3114614</total>
				<timestamp>292.945626</timestamp>
			</report>
			<report>
				<misses>3253001</misses>
				<total>3115613</total>
				<timestamp>293.035599</timestamp>
			</report>
			<report>
				<misses>3254001</misses>
				<total>3116612</total>
				<timestamp>293.125605</timestamp>
			</report>
			<report>
				<misses>3255001</misses>
				<total>3117611</total>
				<timestamp>293.215649</timestamp>
			</report>
			<report>
				<misses>3256001</misses>
				<total>3118610</total>
				<timestamp>293.305622</timestamp>
			</report>
			<report>
				<misses>3257001</misses>
				<total>3119609</total>
				<timestamp>293.395674</timestamp>
			</report>
			<report>
				<misses>3258001</misses>
				<total>3120608</total>
				<timestamp>293.485676</timestamp>
			</report>
			<report>
				<misses>3259001</misses>
				<total>3121607</total>
				<timestamp>293.575664</timestamp>
			</report>
			<report>
				<misses>3260001</misses>
				<total>3122606</total>
				<timestamp>293.665622</timestamp>
			</report>
			<report>
				<misses>3261001</misses>
				<total>3123605</total>
				<timestamp>293.755593</timestamp>
			</report>
			<report>
				<misses>3262001</misses>
				<total>3124604</total>
				<timestamp>293.845621</timestamp>
			</report>
			<report>
				<misses>3263001</misses>
				<total>3125603</total>
				<timestamp>293.935639</timestamp>
			</report>
			<report>
				<misses>3264001</misses>
				<total>3126602</total>
				<timestamp>294.025586</timestamp>
			</report>
			<report>
				<misses>3265001</misses>
				<total>3127601</total>
				<timestamp>294.115621</timestamp>
			</report>
			<report>
				<misses>3266001</misses>
				<total>3128600</total>
				<timestamp>294.205620</timestamp>
			</report>
			<report>
				<misses>3267001</misses>
				<total>3129599</total>
				<timestamp>294.295642</timestamp>
			</report>
			<report>
				<misses>3268001</misses>
				<total>3130598</total>
				<timestamp>294.385607</timestamp>
			</report>
			<report>
				<misses>3269001</misses>
				<total>3131597</total>
				<timestamp>294.475593</timestamp>
			</report>
			<report>
				<misses>3270001</misses>
				<total>3132596</total>
				<timestamp>294.565606</timestamp>
			</report>
			<report>
				<misses>3271001</misses>
				<total>3133595</total>
				<timestamp>294.655643</timestamp>
			</report>
			<report>
				<misses>3272001</misses>
				<total>3134594</total>
				<timestamp>294.745613</timestamp>
			</report>
			<report>
				<misses>3273001</misses>
				<total>3135593</total>
				<timestamp>294.835597</timestamp>
			</report>
			<report>
				<misses>3274001</misses>
				<total>3136592</total>
				<timestamp>294.925599</timestamp>
			</report>
			<report>
				<misses>3275001</misses>
				<total>3137591</total>
				<timestamp>295.015663</timestamp>
			</report>
			<report>
				<misses>3276001</misses>
				<total>3138590</total>
				<timestamp>295.105621</timestamp>
			</report>
			<report>
				<misses>3277001</misses>
				<total>3139589</total>
				<timestamp>295.195651</timestamp>
			</report>
			<report>
				<misses>3278001</misses>
				<total>3140588</total>
				<timestamp>295.285602</timestamp>
			</report>
			<report>
				<misses>3279001</misses>
				<total>3141587</total>
				<timestamp>295.375627</timestamp>
			</report>
			<report>
				<misses>3280001</misses>
				<total>3142586</total>
				<timestamp>295.465669</timestamp>
			</report>
			<report>
				<misses>3281001</misses>
				<total>3143585</total>
				<timestamp>295.555605</timestamp>
			</report>
			<report>
				<misses>3282001</misses>
				<total>3144584</total>
				<timestamp>295.645707</timestamp>
			</report>
			<report>
				<misses>3283001</misses>
				<total>3145583</total>
				<timestamp>295.735669</timestamp>
			</report>
			<report>
				<misses>3284001</misses>
				<total>3146582</total>
				<timestamp>295.825739</timestamp>
			</report>
			<report>
				<misses>3285001</misses>
				<total>3147581</total>
				<timestamp>295.915769</timestamp>
			</report>
			<report>
				<misses>3286001</misses>
				<total>3148580</total>
				<timestamp>296.005769</timestamp>
			</report>
			<report>
				<misses>3287001</misses>
				<total>3149579</total>
				<timestamp>296.095764</timestamp>
			</report>
			<report>
				<misses>3288001</misses>
				<total>3150578</total>
				<timestamp>296.185731</timestamp>
			</report>
			<report>
				<misses>3289001</misses>
				<total>3151577</total>
				<timestamp>296.275720</timestamp>
			</report>
			<report>
				<misses>3290001</misses>
				<total>3152576</total>
				<timestamp>296.365721</timestamp>
			</report>
			<report>
				<misses>3291001</misses>
				<total>3153575</total>
				<timestamp>296.455784</timestamp>
			</report>
			<report>
				<misses>3292001</misses>
				<total>3154574</total>
				<timestamp>296.545768</timestamp>
			</report>
			<report>
				<misses>3293001</misses>
				<total>3155573</total>
				<timestamp>296.635809</timestamp>
			</report>
			<report>
				<misses>3294001</misses>
				<total>3156572</total>
				<timestamp>296.725829</timestamp>
			</report>
			<report>
				<misses>3295001</misses>
				<total>3157571</total>
				<timestamp>296.815836</timestamp>
			</report>
			<report>
				<misses>3296001</misses>
				<total>3158570</total>
				<timestamp>296.905759</timestamp>
			</report>
			<report>
				<misses>3297001</misses>
				<total>3159569</total>
				<timestamp>296.995709</timestamp>
			</report>
			<report>
				<misses>3298001</misses>
				<total>3160568</total>
				<timestamp>297.085733</timestamp>
			</report>
			<report>
				<misses>3299001</misses>
				<total>3161567</total>
				<timestamp>297.175725</timestamp>
			</report>
			<report>
				<misses>3300001</misses>
				<total>3162566</total>
				<timestamp>297.265735</timestamp>
			</report>
			<report>
				<misses>3301001</misses>
				<total>3163565</total>
				<timestamp>297.355714</timestamp>
			</report>
			<report>
				<misses>3302001</misses>
				<total>3164564</total>
				<timestamp>297.445748</timestamp>
			</report>
			<report>
				<misses>3303001</misses>
				<total>3165563</total>
				<timestamp>297.535739</timestamp>
			</report>
			<report>
				<misses>3304001</misses>
				<total>3166562</total>
				<timestamp>297.625766</timestamp>
			</report>
			<report>
				<misses>3305001</misses>
				<total>3167561</total>
				<timestamp>297.715771</timestamp>
			</report>
			<report>
				<misses>3306001</misses>
				<total>3168560</total>
				<timestamp>297.805763</timestamp>
			</report>
			<report>
				<misses>3307001</misses>
				<total>3169559</total>
				<timestamp>297.895747</timestamp>
			</report>
			<report>
				<misses>3308001</misses>
				<total>3170558</total>
				<timestamp>297.985716</timestamp>
			</report>
			<report>
				<misses>3309001</misses>
				<total>3171557</total>
				<timestamp>298.075712</timestamp>
			</report>
			<report>
				<misses>3310001</misses>
				<total>3172556</total>
				<timestamp>298.165689</timestamp>
			</report>
			<report>
				<misses>3311001</misses>
				<total>3173555</total>
				<timestamp>298.255718</timestamp>
			</report>
			<report>
				<misses>3312001</misses>
				<total>3174554</total>
				<timestamp>298.345710</timestamp>
			</report>
			<report>
				<misses>3313001</misses>
				<total>3175553</total>
				<timestamp>298.435685</timestamp>
			</report>
			<report>
				<misses>3314001</misses>
				<total>3176552</total>
				<timestamp>298.525700</timestamp>
			</report>
			<report>
				<misses>3315001</misses>
				<total>3177551</total>
				<timestamp>298.615718</timestamp>
			</report>
			<report>
				<misses>3316001</misses>
				<total>3178550</total>
				<timestamp>298.705690</timestamp>
			</report>
			<report>
				<misses>3317001</misses>
				<total>3179549</total>
				<timestamp>298.795716</timestamp>
			</report>
			<report>
				<misses>3318001</misses>
				<total>3180548</total>
				<timestamp>298.886756</timestamp>
			</report>
			<report>
				<misses>3319001</misses>
				<total>3181547</total>
				<timestamp>298.976750</timestamp>
			</report>
			<report>
				<misses>3320001</misses>
				<total>3182546</total>
				<timestamp>299.066703</timestamp>
			</report>
			<report>
				<misses>3321001</misses>
				<total>3183545</total>
				<timestamp>299.156736</timestamp>
			</report>
			<report>
				<misses>3322001</misses>
				<total>3184544</total>
				<timestamp>299.246664</timestamp>
			</report>
			<report>
				<misses>3323001</misses>
				<total>3185543</total>
				<timestamp>299.336706</timestamp>
			</report>
			<report>
				<misses>3324001</misses>
				<total>3186542</total>
				<timestamp>299.426691</timestamp>
			</report>
			<report>
				<misses>3325001</misses>
				<total>3187541</total>
				<timestamp>299.516665</timestamp>
			</report>
			<report>
				<misses>3326001</misses>
				<total>3188540</total>
				<timestamp>299.606722</timestamp>
			</report>
			<report>
				<misses>3327001</misses>
				<total>3189539</total>
				<timestamp>299.696704</timestamp>
			</report>
			<report>
				<misses>3328001</misses>
				<total>3190538</total>
				<timestamp>299.786658</timestamp>
			</report>
			<report>
				<misses>3329001</misses>
				<total>3191537</total>
				<timestamp>299.876566</timestamp>
			</report>
			<report>
				<misses>3330001</misses>
				<total>3192536</total>
				<timestamp>299.966575</timestamp>
			</report>
			<report>
				<misses>3331001</misses>
				<total>3193535</total>
				<timestamp>300.056633</timestamp>
			</report>
			<report>
				<misses>3332001</misses>
				<total>3194534</total>
				<timestamp>300.146591</timestamp>
			</report>
			<report>
				<misses>3333001</misses>
				<total>3195533</total>
				<timestamp>300.236673</timestamp>
			</report>
			<report>
				<misses>3334001</misses>
				<total>3196532</total>
				<timestamp>300.326700</timestamp>
			</report>
			<report>
				<misses>3335001</misses>
				<total>3197531</total>
				<timestamp>300.416735</timestamp>
			</report>
			<report>
				<misses>3336001</misses>
				<total>3198530</total>
				<timestamp>300.506717</timestamp>
			</report>
			<report>
				<misses>3337001</misses>
				<total>3199529</total>
				<timestamp>300.596652</timestamp>
			</report>
			<report>
				<misses>3338001</misses>
				<total>3200528</total>
				<timestamp>300.686633</timestamp>
			</report>
			<report>
				<misses>3339001</misses>
				<total>3201527</total>
				<timestamp>300.776750</timestamp>
			</report>
			<report>
				<misses>3340001</misses>
				<total>3202526</total>
				<timestamp>300.866688</timestamp>
			</report>
			<report>
				<misses>3341001</misses>
				<total>3203525</total>
				<timestamp>300.956747</timestamp>
			</report>
			<report>
				<misses>3342001</misses>
				<total>3204524</total>
				<timestamp>301.046699</timestamp>
			</report>
			<report>
				<misses>3343001</misses>
				<total>3205523</total>
				<timestamp>301.136658</timestamp>
			</report>
			<report>
				<misses>3344001</misses>
				<total>3206522</total>
				<timestamp>301.226659</timestamp>
			</report>
			<report>
				<misses>3345001</misses>
				<total>3207521</total>
				<timestamp>301.316604</timestamp>
			</report>
			<report>
				<misses>3346001</misses>
				<total>3208520</total>
				<timestamp>301.406649</timestamp>
			</report>
			<report>
				<misses>3347001</misses>
				<total>3209519</total>
				<timestamp>301.496567</timestamp>
			</report>
			<report>
				<misses>3348001</misses>
				<total>3210518</total>
				<timestamp>301.586504</timestamp>
			</report>
			<report>
				<misses>3349001</misses>
				<total>3211517</total>
				<timestamp>301.676480</timestamp>
			</report>
			<report>
				<misses>3350001</misses>
				<total>3212516</total>
				<timestamp>301.766509</timestamp>
			</report>
			<report>
				<misses>3351001</misses>
				<total>3213515</total>
				<timestamp>301.856501</timestamp>
			</report>
			<report>
				<misses>3352001</misses>
				<total>3214514</total>
				<timestamp>301.946509</timestamp>
			</report>
			<report>
				<misses>3353001</misses>
				<total>3215513</total>
				<timestamp>302.036513</timestamp>
			</report>
			<report>
				<misses>3354001</misses>
				<total>3216512</total>
				<timestamp>302.126525</timestamp>
			</report>
			<report>
				<misses>3355001</misses>
				<total>3217511</total>
				<timestamp>302.216515</timestamp>
			</report>
			<report>
				<misses>3356001</misses>
				<total>3218510</total>
				<timestamp>302.306586</timestamp>
			</report>
			<report>
				<misses>3357001</misses>
				<total>3219509</total>
				<timestamp>302.396555</timestamp>
			</report>
			<report>
				<misses>3358001</misses>
				<total>3220508</total>
				<timestamp>302.486485</timestamp>
			</report>
			<report>
				<misses>3359001</misses>
				<total>3221507</total>
				<timestamp>302.577919</timestamp>
			</report>
			<report>
				<misses>3360001</misses>
				<total>3222506</total>
				<timestamp>302.667821</timestamp>
			</report>
			<report>
				<misses>3361001</misses>
				<total>3223505</total>
				<timestamp>302.757736</timestamp>
			</report>
			<report>
				<misses>3362001</misses>
				<total>3224504</total>
				<timestamp>302.847741</timestamp>
			</report>
			<report>
				<misses>3363001</misses>
				<total>3225503</total>
				<timestamp>302.937814</timestamp>
			</report>
			<report>
				<misses>3364001</misses>
				<total>3226502</total>
				<timestamp>303.027790</timestamp>
			</report>
			<report>
				<misses>3365001</misses>
				<total>3227501</total>
				<timestamp>303.117789</timestamp>
			</report>
			<report>
				<misses>3366001</misses>
				<total>3228500</total>
				<timestamp>303.207739</timestamp>
			</report>
			<report>
				<misses>3367001</misses>
				<total>3229499</total>
				<timestamp>303.297737</timestamp>
			</report>
			<report>
				<misses>3368001</misses>
				<total>3230498</total>
				<timestamp>303.387647</timestamp>
			</report>
			<report>
				<misses>3369001</misses>
				<total>3231497</total>
				<timestamp>303.477563</timestamp>
			</report>
			<report>
				<misses>3370001</misses>
				<total>3232496</total>
				<timestamp>303.567626</timestamp>
			</report>
			<report>
				<misses>3371001</misses>
				<total>3233495</total>
				<timestamp>303.657609</timestamp>
			</report>
			<report>
				<misses>3372001</misses>
				<total>3234494</total>
				<timestamp>303.747669</timestamp>
			</report>
			<report>
				<misses>3373001</misses>
				<total>3235493</total>
				<timestamp>303.837668</timestamp>
			</report>
			<report>
				<misses>3374001</misses>
				<total>3236492</total>
				<timestamp>303.927686</timestamp>
			</report>
			<report>
				<misses>3375001</misses>
				<total>3237491</total>
				<timestamp>304.017763</timestamp>
			</report>
			<report>
				<misses>3376001</misses>
				<total>3238490</total>
				<timestamp>304.107764</timestamp>
			</report>
			<report>
				<misses>3377001</misses>
				<total>3239489</total>
				<timestamp>304.197793</timestamp>
			</report>
			<report>
				<misses>3378001</misses>
				<total>3240488</total>
				<timestamp>304.287744</timestamp>
			</report>
			<report>
				<misses>3379001</misses>
				<total>3241487</total>
				<timestamp>304.377735</timestamp>
			</report>
			<report>
				<misses>3380001</misses>
				<total>3242486</total>
				<timestamp>304.467763</timestamp>
			</report>
			<report>
				<misses>3381001</misses>
				<total>3243485</total>
				<timestamp>304.557744</timestamp>
			</report>
			<report>
				<misses>3382001</misses>
				<total>3244484</total>
				<timestamp>304.647784</timestamp>
			</report>
			<report>
				<misses>3383001</misses>
				<total>3245483</total>
				<timestamp>304.737804</timestamp>
			</report>
			<report>
				<misses>3384001</misses>
				<total>3246482</total>
				<timestamp>304.827793</timestamp>
			</report>
			<report>
				<misses>3385001</misses>
				<total>3247481</total>
				<timestamp>304.917757</timestamp>
			</report>
			<report>
				<misses>3386001</misses>
				<total>3248480</total>
				<timestamp>305.007798</timestamp>
			</report>
			<report>
				<misses>3387001</misses>
				<total>3249479</total>
				<timestamp>305.097772</timestamp>
			</report>
			<report>
				<misses>3388001</misses>
				<total>3250478</total>
				<timestamp>305.187767</timestamp>
			</report>
			<report>
				<misses>3389001</misses>
				<total>3251477</total>
				<timestamp>305.277739</timestamp>
			</report>
			<report>
				<misses>3390001</misses>
				<total>3252476</total>
				<timestamp>305.367660</timestamp>
			</report>
			<report>
				<misses>3391001</misses>
				<total>3253475</total>
				<timestamp>305.457719</timestamp>
			</report>
			<report>
				<misses>3392001</misses>
				<total>3254474</total>
				<timestamp>305.547796</timestamp>
			</report>
			<report>
				<misses>3393001</misses>
				<total>3255473</total>
				<timestamp>305.637736</timestamp>
			</report>
			<report>
				<misses>3394001</misses>
				<total>3256472</total>
				<timestamp>305.727720</timestamp>
			</report>
			<report>
				<misses>3395001</misses>
				<total>3257471</total>
				<timestamp>305.817802</timestamp>
			</report>
			<report>
				<misses>3396001</misses>
				<total>3258470</total>
				<timestamp>305.907718</timestamp>
			</report>
			<report>
				<misses>3397001</misses>
				<total>3259469</total>
				<timestamp>305.997641</timestamp>
			</report>
			<report>
				<misses>3398001</misses>
				<total>3260468</total>
				<timestamp>306.088644</timestamp>
			</report>
			<report>
				<misses>3399001</misses>
				<total>3261467</total>
				<timestamp>306.178647</timestamp>
			</report>
			<report>
				<misses>3400001</misses>
				<total>3262466</total>
				<timestamp>306.268631</timestamp>
			</report>
			<report>
				<misses>3401001</misses>
				<total>3263465</total>
				<timestamp>306.358656</timestamp>
			</report>
			<report>
				<misses>3402001</misses>
				<total>3264464</total>
				<timestamp>306.448662</timestamp>
			</report>
			<report>
				<misses>3403001</misses>
				<total>3265463</total>
				<timestamp>306.538682</timestamp>
			</report>
			<report>
				<misses>3404001</misses>
				<total>3266462</total>
				<timestamp>306.628654</timestamp>
			</report>
			<report>
				<misses>3405001</misses>
				<total>3267461</total>
				<timestamp>306.718661</timestamp>
			</report>
			<report>
				<misses>3406001</misses>
				<total>3268460</total>
				<timestamp>306.808647</timestamp>
			</report>
			<report>
				<misses>3407001</misses>
				<total>3269459</total>
				<timestamp>306.898697</timestamp>
			</report>
			<report>
				<misses>3408001</misses>
				<total>3270458</total>
				<timestamp>306.988656</timestamp>
			</report>
			<report>
				<misses>3409001</misses>
				<total>3271457</total>
				<timestamp>307.078643</timestamp>
			</report>
			<report>
				<misses>3410001</misses>
				<total>3272456</total>
				<timestamp>307.168539</timestamp>
			</report>
			<report>
				<misses>3411001</misses>
				<total>3273455</total>
				<timestamp>307.258481</timestamp>
			</report>
			<report>
				<misses>3412001</misses>
				<total>3274454</total>
				<timestamp>307.348526</timestamp>
			</report>
			<report>
				<misses>3413001</misses>
				<total>3275453</total>
				<timestamp>307.438514</timestamp>
			</report>
			<report>
				<misses>3414001</misses>
				<total>3276452</total>
				<timestamp>307.528485</timestamp>
			</report>
			<report>
				<misses>3415001</misses>
				<total>3277451</total>
				<timestamp>307.618649</timestamp>
			</report>
			<report>
				<misses>3416001</misses>
				<total>3278450</total>
				<timestamp>307.708650</timestamp>
			</report>
			<report>
				<misses>3417001</misses>
				<total>3279449</total>
				<timestamp>307.798647</timestamp>
			</report>
			<report>
				<misses>3418001</misses>
				<total>3280448</total>
				<timestamp>307.888645</timestamp>
			</report>
			<report>
				<misses>3419001</misses>
				<total>3281447</total>
				<timestamp>307.978675</timestamp>
			</report>
			<report>
				<misses>3420001</misses>
				<total>3282446</total>
				<timestamp>308.068683</timestamp>
			</report>
			<report>
				<misses>3421001</misses>
				<total>3283445</total>
				<timestamp>308.158679</timestamp>
			</report>
			<report>
				<misses>3422001</misses>
				<total>3284444</total>
				<timestamp>308.248670</timestamp>
			</report>
			<report>
				<misses>3423001</misses>
				<total>3285443</total>
				<timestamp>308.338662</timestamp>
			</report>
			<report>
				<misses>3424001</misses>
				<total>3286442</total>
				<timestamp>308.428697</timestamp>
			</report>
			<report>
				<misses>3425001</misses>
				<total>3287441</total>
				<timestamp>308.518636</timestamp>
			</report>
			<report>
				<misses>3426001</misses>
				<total>3288440</total>
				<timestamp>308.608622</timestamp>
			</report>
			<report>
				<misses>3427001</misses>
				<total>3289439</total>
				<timestamp>308.698577</timestamp>
			</report>
			<report>
				<misses>3428001</misses>
				<total>3290438</total>
				<timestamp>308.788565</timestamp>
			</report>
			<report>
				<misses>3429001</misses>
				<total>3291437</total>
				<timestamp>308.878560</timestamp>
			</report>
			<report>
				<misses>3430001</misses>
				<total>3292436</total>
				<timestamp>308.968749</timestamp>
			</report>
			<report>
				<misses>3431001</misses>
				<total>3293435</total>
				<timestamp>309.058806</timestamp>
			</report>
			<report>
				<misses>3432001</misses>
				<total>3293610</total>
				<timestamp>309.148730</timestamp>
			</report>
			<report>
				<misses>3433001</misses>
				<total>3294508</total>
				<timestamp>309.238691</timestamp>
			</report>
			<report>
				<misses>3434001</misses>
				<total>3295507</total>
				<timestamp>309.328691</timestamp>
			</report>
			<report>
				<misses>3435001</misses>
				<total>3296506</total>
				<timestamp>309.418651</timestamp>
			</report>
		</query>
	</custom>
	<ethtool_statistic>
		<rx_packets>
			<start>7002457019</start>
			<end>7025300515</end>
		</rx_packets>
		<tx_packets>
			<start>11639473848</start>
			<end>11698849122</end>
		</tx_packets>
		<rx_dropped>
			<start>421</start>
			<end>421</end>
		</rx_dropped>
		<tx_dropped>
			<start>0</start>
			<end>0</end>
		</tx_dropped>
		<collisions>
			<start>0</start>
			<end>0</end>
		</collisions>
		<port_tx_errors>
			<start>0</start>
			<end>0</end>
		</port_tx_errors>
		<port_rx_dropped>
			<start>0</start>
			<end>0</end>
		</port_rx_dropped>
		<port_tx_dropped_link_down>
			<start>0</start>
			<end>0</end>
		</port_tx_dropped_link_down>
	</ethtool_statistic>
	<ip_statistic>
		<mtu>
			<start>9000</start>
			<end>9000</end>
		</mtu>
		<rx_bytes>
			<start>28810438121650</start>
			<end>28910578641290</end>
		</rx_bytes>
		<rx_packets>
			<start>7002457099</start>
			<end>7025300933</end>
		</rx_packets>
		<rx_errors>
			<start>0</start>
			<end>0</end>
		</rx_errors>
		<rx_dropped>
			<start>421</start>
			<end>421</end>
		</rx_dropped>
		<rx_missed>
			<start>0</start>
			<end>0</end>
		</rx_missed>
		<rx_mcast>
			<start>4911</start>
			<end>4911</end>
		</rx_mcast>
		<tx_bytes>
			<start>39068724402092</start>
			<end>39373408205214</end>
		</tx_bytes>
		<tx_packets>
			<start>11639473983</start>
			<end>11698849730</end>
		</tx_packets>
		<tx_errors>
			<start>0</start>
			<end>0</end>
		</tx_errors>
		<tx_dropped>
			<start>0</start>
			<end>0</end>
		</tx_dropped>
		<tx_carrier>
			<start>0</start>
			<end>0</end>
		</tx_carrier>
		<tx_collisions>
			<start>0</start>
			<end>0</end>
		</tx_collisions>
	</ip_statistic>
	<netstat_statistic>
		<udp_pkg_rec>
			<start>5974555612</start>
			<end>5994852422</end>
		</udp_pkg_rec>
		<udp_pkg_snt>
			<start>10431987320</start>
			<end>10467337095</end>
		</udp_pkg_snt>
		<udp_rec_err>
			<start>1029811835</start>
			<end>1032360441</end>
		</udp_rec_err>
		<udp_rec_buf_err>
			<start>1029811835</start>
			<end>1032360441</end>
		</udp_rec_buf_err>
		<udp_snt_buf_err>
			<start>0</start>
			<end>0</end>
		</udp_snt_buf_err>
	</netstat_statistic>
</test_results>
