<?xml version="1.0"?>
<test_results>
	<status>STATUS_SUCCESS</status>
	<custom>
		<num_loss>-1</num_loss>
		<num_total>-1</num_total>
		<num_misses>-1</num_misses>
		<elapsed_time>-1.000000</elapsed_time>
		<query />
	</custom>
	<ethtool_statistic>
		<rx_packets>
			<start>1517497489</start>
			<end>1530696373</end>
		</rx_packets>
		<tx_packets>
			<start>794491458</start>
			<end>794491636</end>
		</tx_packets>
		<rx_dropped>
			<start>346</start>
			<end>346</end>
		</rx_dropped>
		<tx_dropped>
			<start>0</start>
			<end>0</end>
		</tx_dropped>
		<collisions>
			<start>0</start>
			<end>0</end>
		</collisions>
		<port_tx_errors>
			<start>0</start>
			<end>0</end>
		</port_tx_errors>
		<port_rx_dropped>
			<start>0</start>
			<end>0</end>
		</port_rx_dropped>
		<port_tx_dropped_link_down>
			<start>0</start>
			<end>0</end>
		</port_tx_dropped_link_down>
	</ethtool_statistic>
	<ip_statistic>
		<mtu>
			<start>9000</start>
			<end>9000</end>
		</mtu>
		<rx_bytes>
			<start>12820400064221</start>
			<end>12928101374599</end>
		</rx_bytes>
		<rx_packets>
			<start>1517497489</start>
			<end>1530696373</end>
		</rx_packets>
		<rx_errors>
			<start>0</start>
			<end>0</end>
		</rx_errors>
		<rx_dropped>
			<start>346</start>
			<end>346</end>
		</rx_dropped>
		<rx_missed>
			<start>0</start>
			<end>0</end>
		</rx_missed>
		<rx_mcast>
			<start>333</start>
			<end>334</end>
		</rx_mcast>
		<tx_bytes>
			<start>7142332689759</start>
			<end>7142332699891</end>
		</tx_bytes>
		<tx_packets>
			<start>794491458</start>
			<end>794491636</end>
		</tx_packets>
		<tx_errors>
			<start>0</start>
			<end>0</end>
		</tx_errors>
		<tx_dropped>
			<start>0</start>
			<end>0</end>
		</tx_dropped>
		<tx_carrier>
			<start>0</start>
			<end>0</end>
		</tx_carrier>
		<tx_collisions>
			<start>0</start>
			<end>0</end>
		</tx_collisions>
	</ip_statistic>
	<netstat_statistic>
		<udp_pkg_rec>
			<start>709129047</start>
			<end>752596599</end>
		</udp_pkg_rec>
		<udp_pkg_snt>
			<start>810098939</start>
			<end>819495978</end>
		</udp_pkg_snt>
		<udp_rec_err>
			<start>7118555</start>
			<end>7118555</end>
		</udp_rec_err>
		<udp_rec_buf_err>
			<start>7118555</start>
			<end>7118555</end>
		</udp_rec_buf_err>
		<udp_snt_buf_err>
			<start>0</start>
			<end>0</end>
		</udp_snt_buf_err>
	</netstat_statistic>
</test_results>
