<?xml version="1.0"?>
<test_results>
	<status>STATUS_SUCCESS</status>
	<custom>
		<num_loss>1971218</num_loss>
		<num_total>2000001</num_total>
		<num_misses>7001</num_misses>
		<elapsed_time>140.476296</elapsed_time>
		<query>
			<report>
				<misses>10000</misses>
				<total>9430</total>
			</report>
			<report>
				<misses>20000</misses>
				<total>19429</total>
			</report>
			<report>
				<misses>30000</misses>
				<total>29428</total>
			</report>
			<report>
				<misses>40000</misses>
				<total>39427</total>
			</report>
			<report>
				<misses>50000</misses>
				<total>49426</total>
			</report>
			<report>
				<misses>60000</misses>
				<total>59425</total>
			</report>
			<report>
				<misses>70000</misses>
				<total>69424</total>
			</report>
			<report>
				<misses>80000</misses>
				<total>79423</total>
			</report>
			<report>
				<misses>90000</misses>
				<total>89422</total>
			</report>
			<report>
				<misses>100000</misses>
				<total>99421</total>
			</report>
			<report>
				<misses>110000</misses>
				<total>109420</total>
			</report>
			<report>
				<misses>120000</misses>
				<total>119419</total>
			</report>
			<report>
				<misses>130000</misses>
				<total>129418</total>
			</report>
			<report>
				<misses>140000</misses>
				<total>139417</total>
			</report>
			<report>
				<misses>150000</misses>
				<total>149416</total>
			</report>
			<report>
				<misses>160000</misses>
				<total>159415</total>
			</report>
			<report>
				<misses>170000</misses>
				<total>169414</total>
			</report>
			<report>
				<misses>180000</misses>
				<total>179413</total>
			</report>
			<report>
				<misses>190000</misses>
				<total>189412</total>
			</report>
			<report>
				<misses>200000</misses>
				<total>199411</total>
			</report>
			<report>
				<misses>210000</misses>
				<total>209410</total>
			</report>
			<report>
				<misses>220000</misses>
				<total>219409</total>
			</report>
			<report>
				<misses>230000</misses>
				<total>229408</total>
			</report>
			<report>
				<misses>240000</misses>
				<total>239407</total>
			</report>
			<report>
				<misses>250000</misses>
				<total>249406</total>
			</report>
			<report>
				<misses>260000</misses>
				<total>259405</total>
			</report>
			<report>
				<misses>270000</misses>
				<total>269404</total>
			</report>
			<report>
				<misses>280000</misses>
				<total>279403</total>
			</report>
			<report>
				<misses>290000</misses>
				<total>289402</total>
			</report>
			<report>
				<misses>300000</misses>
				<total>299401</total>
			</report>
			<report>
				<misses>310000</misses>
				<total>309400</total>
			</report>
			<report>
				<misses>320000</misses>
				<total>319399</total>
			</report>
			<report>
				<misses>330000</misses>
				<total>329398</total>
			</report>
			<report>
				<misses>340000</misses>
				<total>339397</total>
			</report>
			<report>
				<misses>350000</misses>
				<total>349396</total>
			</report>
			<report>
				<misses>360000</misses>
				<total>359395</total>
			</report>
			<report>
				<misses>370000</misses>
				<total>369394</total>
			</report>
			<report>
				<misses>380000</misses>
				<total>379393</total>
			</report>
			<report>
				<misses>390000</misses>
				<total>388847</total>
			</report>
			<report>
				<misses>400000</misses>
				<total>397983</total>
			</report>
			<report>
				<misses>410000</misses>
				<total>407982</total>
			</report>
			<report>
				<misses>420000</misses>
				<total>417981</total>
			</report>
			<report>
				<misses>430000</misses>
				<total>427980</total>
			</report>
			<report>
				<misses>440000</misses>
				<total>437979</total>
			</report>
			<report>
				<misses>450000</misses>
				<total>447978</total>
			</report>
			<report>
				<misses>460000</misses>
				<total>457977</total>
			</report>
			<report>
				<misses>470000</misses>
				<total>467976</total>
			</report>
			<report>
				<misses>480000</misses>
				<total>477975</total>
			</report>
			<report>
				<misses>490000</misses>
				<total>487974</total>
			</report>
			<report>
				<misses>500000</misses>
				<total>497973</total>
			</report>
			<report>
				<misses>510000</misses>
				<total>507972</total>
			</report>
			<report>
				<misses>520000</misses>
				<total>517971</total>
			</report>
			<report>
				<misses>530000</misses>
				<total>527970</total>
			</report>
			<report>
				<misses>540000</misses>
				<total>537969</total>
			</report>
			<report>
				<misses>550000</misses>
				<total>547968</total>
			</report>
			<report>
				<misses>560000</misses>
				<total>557967</total>
			</report>
			<report>
				<misses>570000</misses>
				<total>567966</total>
			</report>
			<report>
				<misses>580000</misses>
				<total>577965</total>
			</report>
			<report>
				<misses>590000</misses>
				<total>587964</total>
			</report>
			<report>
				<misses>600000</misses>
				<total>597963</total>
			</report>
			<report>
				<misses>610000</misses>
				<total>607962</total>
			</report>
			<report>
				<misses>620000</misses>
				<total>617961</total>
			</report>
			<report>
				<misses>630000</misses>
				<total>627960</total>
			</report>
			<report>
				<misses>640000</misses>
				<total>637959</total>
			</report>
			<report>
				<misses>650000</misses>
				<total>647958</total>
			</report>
			<report>
				<misses>660000</misses>
				<total>657957</total>
			</report>
			<report>
				<misses>670000</misses>
				<total>667956</total>
			</report>
			<report>
				<misses>680000</misses>
				<total>677955</total>
			</report>
			<report>
				<misses>690000</misses>
				<total>687954</total>
			</report>
			<report>
				<misses>700000</misses>
				<total>697953</total>
			</report>
			<report>
				<misses>710000</misses>
				<total>707952</total>
			</report>
			<report>
				<misses>720000</misses>
				<total>717951</total>
			</report>
			<report>
				<misses>730000</misses>
				<total>727950</total>
			</report>
			<report>
				<misses>740000</misses>
				<total>737949</total>
			</report>
			<report>
				<misses>750000</misses>
				<total>747948</total>
			</report>
			<report>
				<misses>760000</misses>
				<total>757947</total>
			</report>
			<report>
				<misses>770000</misses>
				<total>767946</total>
			</report>
			<report>
				<misses>780000</misses>
				<total>774928</total>
			</report>
			<report>
				<misses>790000</misses>
				<total>784927</total>
			</report>
			<report>
				<misses>800000</misses>
				<total>794926</total>
			</report>
			<report>
				<misses>810000</misses>
				<total>804925</total>
			</report>
			<report>
				<misses>820000</misses>
				<total>814924</total>
			</report>
			<report>
				<misses>830000</misses>
				<total>824923</total>
			</report>
			<report>
				<misses>840000</misses>
				<total>834922</total>
			</report>
			<report>
				<misses>850000</misses>
				<total>844921</total>
			</report>
			<report>
				<misses>860000</misses>
				<total>854920</total>
			</report>
			<report>
				<misses>870000</misses>
				<total>864919</total>
			</report>
			<report>
				<misses>880000</misses>
				<total>874918</total>
			</report>
			<report>
				<misses>890000</misses>
				<total>884917</total>
			</report>
			<report>
				<misses>900000</misses>
				<total>894916</total>
			</report>
			<report>
				<misses>910000</misses>
				<total>904915</total>
			</report>
			<report>
				<misses>920000</misses>
				<total>914914</total>
			</report>
			<report>
				<misses>930000</misses>
				<total>924913</total>
			</report>
			<report>
				<misses>940000</misses>
				<total>934912</total>
			</report>
			<report>
				<misses>950000</misses>
				<total>944911</total>
			</report>
			<report>
				<misses>960000</misses>
				<total>954910</total>
			</report>
			<report>
				<misses>970000</misses>
				<total>964909</total>
			</report>
			<report>
				<misses>980000</misses>
				<total>974908</total>
			</report>
			<report>
				<misses>990000</misses>
				<total>984907</total>
			</report>
			<report>
				<misses>1000000</misses>
				<total>994906</total>
			</report>
			<report>
				<misses>1010000</misses>
				<total>1004905</total>
			</report>
			<report>
				<misses>1020000</misses>
				<total>1014904</total>
			</report>
			<report>
				<misses>1030000</misses>
				<total>1024903</total>
			</report>
			<report>
				<misses>1040000</misses>
				<total>1034902</total>
			</report>
			<report>
				<misses>1050000</misses>
				<total>1044901</total>
			</report>
			<report>
				<misses>1060000</misses>
				<total>1054900</total>
			</report>
			<report>
				<misses>1070000</misses>
				<total>1064899</total>
			</report>
			<report>
				<misses>1080000</misses>
				<total>1074898</total>
			</report>
			<report>
				<misses>1090000</misses>
				<total>1084897</total>
			</report>
			<report>
				<misses>1100000</misses>
				<total>1094896</total>
			</report>
			<report>
				<misses>1110000</misses>
				<total>1104895</total>
			</report>
			<report>
				<misses>1120000</misses>
				<total>1114894</total>
			</report>
			<report>
				<misses>1130000</misses>
				<total>1124893</total>
			</report>
			<report>
				<misses>1140000</misses>
				<total>1134892</total>
			</report>
			<report>
				<misses>1150000</misses>
				<total>1144891</total>
			</report>
			<report>
				<misses>1160000</misses>
				<total>1154392</total>
			</report>
			<report>
				<misses>1170000</misses>
				<total>1162631</total>
			</report>
			<report>
				<misses>1180000</misses>
				<total>1172630</total>
			</report>
			<report>
				<misses>1190000</misses>
				<total>1182629</total>
			</report>
			<report>
				<misses>1200000</misses>
				<total>1192628</total>
			</report>
			<report>
				<misses>1210000</misses>
				<total>1202627</total>
			</report>
			<report>
				<misses>1220000</misses>
				<total>1212626</total>
			</report>
			<report>
				<misses>1230000</misses>
				<total>1222625</total>
			</report>
			<report>
				<misses>1240000</misses>
				<total>1232624</total>
			</report>
			<report>
				<misses>1250000</misses>
				<total>1242623</total>
			</report>
			<report>
				<misses>1260000</misses>
				<total>1252622</total>
			</report>
			<report>
				<misses>1270000</misses>
				<total>1262621</total>
			</report>
			<report>
				<misses>1280000</misses>
				<total>1272620</total>
			</report>
			<report>
				<misses>1290000</misses>
				<total>1282619</total>
			</report>
			<report>
				<misses>1300000</misses>
				<total>1292618</total>
			</report>
			<report>
				<misses>1310000</misses>
				<total>1302617</total>
			</report>
			<report>
				<misses>1320000</misses>
				<total>1312616</total>
			</report>
			<report>
				<misses>1330000</misses>
				<total>1322615</total>
			</report>
			<report>
				<misses>1340000</misses>
				<total>1332614</total>
			</report>
			<report>
				<misses>1350000</misses>
				<total>1342613</total>
			</report>
			<report>
				<misses>1360000</misses>
				<total>1352612</total>
			</report>
			<report>
				<misses>1370000</misses>
				<total>1362611</total>
			</report>
			<report>
				<misses>1380000</misses>
				<total>1372610</total>
			</report>
			<report>
				<misses>1390000</misses>
				<total>1382609</total>
			</report>
			<report>
				<misses>1400000</misses>
				<total>1392608</total>
			</report>
			<report>
				<misses>1410000</misses>
				<total>1402607</total>
			</report>
			<report>
				<misses>1420000</misses>
				<total>1412606</total>
			</report>
			<report>
				<misses>1430000</misses>
				<total>1422605</total>
			</report>
			<report>
				<misses>1440000</misses>
				<total>1432604</total>
			</report>
			<report>
				<misses>1450000</misses>
				<total>1442603</total>
			</report>
			<report>
				<misses>1460000</misses>
				<total>1452602</total>
			</report>
			<report>
				<misses>1470000</misses>
				<total>1462601</total>
			</report>
			<report>
				<misses>1480000</misses>
				<total>1472600</total>
			</report>
			<report>
				<misses>1490000</misses>
				<total>1482599</total>
			</report>
			<report>
				<misses>1500000</misses>
				<total>1492598</total>
			</report>
			<report>
				<misses>1510000</misses>
				<total>1502597</total>
			</report>
			<report>
				<misses>1520000</misses>
				<total>1512596</total>
			</report>
			<report>
				<misses>1530000</misses>
				<total>1522595</total>
			</report>
			<report>
				<misses>1540000</misses>
				<total>1532594</total>
			</report>
			<report>
				<misses>1550000</misses>
				<total>1540124</total>
			</report>
			<report>
				<misses>1560000</misses>
				<total>1546783</total>
			</report>
			<report>
				<misses>1570000</misses>
				<total>1556782</total>
			</report>
			<report>
				<misses>1580000</misses>
				<total>1566781</total>
			</report>
			<report>
				<misses>1590000</misses>
				<total>1576780</total>
			</report>
			<report>
				<misses>1600000</misses>
				<total>1586779</total>
			</report>
			<report>
				<misses>1610000</misses>
				<total>1596778</total>
			</report>
			<report>
				<misses>1620000</misses>
				<total>1606777</total>
			</report>
			<report>
				<misses>1630000</misses>
				<total>1616776</total>
			</report>
			<report>
				<misses>1640000</misses>
				<total>1626775</total>
			</report>
			<report>
				<misses>1650000</misses>
				<total>1636774</total>
			</report>
			<report>
				<misses>1660000</misses>
				<total>1646773</total>
			</report>
			<report>
				<misses>1670000</misses>
				<total>1656772</total>
			</report>
			<report>
				<misses>1680000</misses>
				<total>1666771</total>
			</report>
			<report>
				<misses>1690000</misses>
				<total>1676770</total>
			</report>
			<report>
				<misses>1700000</misses>
				<total>1686769</total>
			</report>
			<report>
				<misses>1710000</misses>
				<total>1696768</total>
			</report>
			<report>
				<misses>1720000</misses>
				<total>1706767</total>
			</report>
			<report>
				<misses>1730000</misses>
				<total>1716766</total>
			</report>
			<report>
				<misses>1740000</misses>
				<total>1726765</total>
			</report>
			<report>
				<misses>1750000</misses>
				<total>1736764</total>
			</report>
			<report>
				<misses>1760000</misses>
				<total>1746763</total>
			</report>
			<report>
				<misses>1770000</misses>
				<total>1756762</total>
			</report>
			<report>
				<misses>1780000</misses>
				<total>1766761</total>
			</report>
			<report>
				<misses>1790000</misses>
				<total>1776760</total>
			</report>
			<report>
				<misses>1800000</misses>
				<total>1786759</total>
			</report>
			<report>
				<misses>1810000</misses>
				<total>1796758</total>
			</report>
			<report>
				<misses>1820000</misses>
				<total>1806757</total>
			</report>
			<report>
				<misses>1830000</misses>
				<total>1816756</total>
			</report>
			<report>
				<misses>1840000</misses>
				<total>1826755</total>
			</report>
			<report>
				<misses>1850000</misses>
				<total>1836754</total>
			</report>
			<report>
				<misses>1860000</misses>
				<total>1846753</total>
			</report>
			<report>
				<misses>1870000</misses>
				<total>1856752</total>
			</report>
			<report>
				<misses>1880000</misses>
				<total>1866751</total>
			</report>
			<report>
				<misses>1890000</misses>
				<total>1876750</total>
			</report>
			<report>
				<misses>1900000</misses>
				<total>1886749</total>
			</report>
			<report>
				<misses>1910000</misses>
				<total>1896748</total>
			</report>
			<report>
				<misses>1920000</misses>
				<total>1906747</total>
			</report>
			<report>
				<misses>1930000</misses>
				<total>1916746</total>
			</report>
			<report>
				<misses>1940000</misses>
				<total>1926166</total>
			</report>
			<report>
				<misses>1950000</misses>
				<total>1932180</total>
			</report>
			<report>
				<misses>1960000</misses>
				<total>1932196</total>
			</report>
			<report>
				<misses>1970000</misses>
				<total>1941221</total>
			</report>
			<report>
				<misses>1980000</misses>
				<total>1951220</total>
			</report>
			<report>
				<misses>1990000</misses>
				<total>1961219</total>
			</report>
			<report>
				<misses>2000000</misses>
				<total>1971218</total>
			</report>
		</query>
	</custom>
	<ethtool_statistic>
		<rx_packets>
			<start>16939019883</start>
			<end>16945792360</end>
		</rx_packets>
		<tx_packets>
			<start>19730567263</start>
			<end>19750627805</end>
		</tx_packets>
		<rx_dropped>
			<start>63</start>
			<end>63</end>
		</rx_dropped>
		<tx_dropped>
			<start>0</start>
			<end>0</end>
		</tx_dropped>
		<collisions>
			<start>0</start>
			<end>0</end>
		</collisions>
		<port_tx_errors>
			<start>0</start>
			<end>0</end>
		</port_tx_errors>
		<port_rx_dropped>
			<start>0</start>
			<end>0</end>
		</port_rx_dropped>
		<port_tx_dropped_link_down>
			<start>0</start>
			<end>0</end>
		</port_tx_dropped_link_down>
	</ethtool_statistic>
	<ip_statistic>
		<mtu>
			<start>9000</start>
			<end>9000</end>
		</mtu>
		<rx_bytes>
			<start>152268708479419</start>
			<end>152329590609352</end>
		</rx_bytes>
		<rx_packets>
			<start>16939019939</start>
			<end>16945792443</end>
		</rx_packets>
		<rx_errors>
			<start>0</start>
			<end>0</end>
		</rx_errors>
		<rx_dropped>
			<start>69</start>
			<end>69</end>
		</rx_dropped>
		<rx_missed>
			<start>0</start>
			<end>0</end>
		</rx_missed>
		<rx_mcast>
			<start>12330</start>
			<end>12330</end>
		</rx_mcast>
		<tx_bytes>
			<start>133733662485674</start>
			<end>133900725736606</end>
		</tx_bytes>
		<tx_packets>
			<start>19730567319</start>
			<end>19750627855</end>
		</tx_packets>
		<tx_errors>
			<start>0</start>
			<end>0</end>
		</tx_errors>
		<tx_dropped>
			<start>0</start>
			<end>0</end>
		</tx_dropped>
		<tx_carrier>
			<start>0</start>
			<end>0</end>
		</tx_carrier>
		<tx_collisions>
			<start>0</start>
			<end>0</end>
		</tx_collisions>
	</ip_statistic>
	<netstat_statistic>
		<udp_pkg_rec>
			<start>16667076764</start>
			<end>16673622727</end>
		</udp_pkg_rec>
		<udp_pkg_snt>
			<start>16667383656</start>
			<end>16673445909</end>
		</udp_pkg_snt>
		<udp_rec_err>
			<start>273940321</start>
			<end>274166791</end>
		</udp_rec_err>
		<udp_rec_buf_err>
			<start>273940321</start>
			<end>274166791</end>
		</udp_rec_buf_err>
		<udp_snt_buf_err>
			<start>28</start>
			<end>28</end>
		</udp_snt_buf_err>
	</netstat_statistic>
</test_results>
