<?xml version="1.0"?>
<test_results>
	<status>STATUS_SUCCESS</status>
	<custom>
		<num_loss>50</num_loss>
		<num_total>6000001</num_total>
		<num_misses>2</num_misses>
		<elapsed_time>1919.998941</elapsed_time>
		<query />
	</custom>
	<ethtool_statistic>
		<rx_packets>
			<start>4531147767</start>
			<end>4682873446</end>
		</rx_packets>
		<tx_packets>
			<start>7467490200</start>
			<end>7708671759</end>
		</tx_packets>
		<rx_dropped>
			<start>0</start>
			<end>0</end>
		</rx_dropped>
		<tx_dropped>
			<start>0</start>
			<end>0</end>
		</tx_dropped>
		<collisions>
			<start>0</start>
			<end>0</end>
		</collisions>
		<port_tx_errors>
			<start>0</start>
			<end>0</end>
		</port_tx_errors>
		<port_rx_dropped>
			<start>0</start>
			<end>0</end>
		</port_rx_dropped>
		<port_tx_dropped_link_down>
			<start>0</start>
			<end>0</end>
		</port_tx_dropped_link_down>
	</ethtool_statistic>
	<ip_statistic>
		<mtu>
			<start>9000</start>
			<end>9000</end>
		</mtu>
		<rx_bytes>
			<start>18539797418885</start>
			<end>19169238610305</end>
		</rx_bytes>
		<rx_packets>
			<start>4531147887</start>
			<end>4682873664</end>
		</rx_packets>
		<rx_errors>
			<start>0</start>
			<end>0</end>
		</rx_errors>
		<rx_dropped>
			<start>0</start>
			<end>0</end>
		</rx_dropped>
		<rx_missed>
			<start>0</start>
			<end>0</end>
		</rx_missed>
		<rx_mcast>
			<start>2364</start>
			<end>2385</end>
		</rx_mcast>
		<tx_bytes>
			<start>22789074139909</start>
			<end>23670280617445</end>
		</tx_bytes>
		<tx_packets>
			<start>7467490454</start>
			<end>7708672163</end>
		</tx_packets>
		<tx_errors>
			<start>0</start>
			<end>0</end>
		</tx_errors>
		<tx_dropped>
			<start>0</start>
			<end>0</end>
		</tx_dropped>
		<tx_carrier>
			<start>0</start>
			<end>0</end>
		</tx_carrier>
		<tx_collisions>
			<start>0</start>
			<end>0</end>
		</tx_collisions>
	</ip_statistic>
	<netstat_statistic>
		<udp_pkg_rec>
			<start>3818014674</start>
			<end>3951133194</end>
		</udp_pkg_rec>
		<udp_pkg_snt>
			<start>7146044573</start>
			<end>7345236361</end>
		</udp_pkg_snt>
		<udp_rec_err>
			<start>713868258</start>
			<end>732485471</end>
		</udp_rec_err>
		<udp_rec_buf_err>
			<start>713868258</start>
			<end>732485471</end>
		</udp_rec_buf_err>
		<udp_snt_buf_err>
			<start>0</start>
			<end>0</end>
		</udp_snt_buf_err>
	</netstat_statistic>
</test_results>
