<?xml version="1.0"?>
<test_results>
	<status>STATUS_SUCCESS</status>
	<custom>
		<num_loss>0</num_loss>
		<num_total>12964761</num_total>
		<num_misses>364605</num_misses>
	</custom>
	<ethtool_statistic>
		<rx_packets>
			<start>109511602</start>
			<end>202476321</end>
		</rx_packets>
		<tx_packets>
			<start>8029354243</start>
			<end>8042319033</end>
		</tx_packets>
		<rx_dropped>
			<start>0</start>
			<end>0</end>
		</rx_dropped>
		<tx_dropped>
			<start>0</start>
			<end>0</end>
		</tx_dropped>
		<collisions>
			<start>0</start>
			<end>0</end>
		</collisions>
		<port_tx_errors>
			<start>-1</start>
			<end>-1</end>
		</port_tx_errors>
		<port_rx_dropped>
			<start>-1</start>
			<end>-1</end>
		</port_rx_dropped>
		<port_tx_dropped_link_down>
			<start>-1</start>
			<end>-1</end>
		</port_tx_dropped_link_down>
	</ethtool_statistic>
	<ip_statistic>
		<mtu>
			<start>1500</start>
			<end>1500</end>
		</mtu>
		<rx_bytes>
			<start>143050068485</start>
			<end>264513975033</end>
		</rx_bytes>
		<rx_packets>
			<start>109513550</start>
			<end>202478136</end>
		</rx_packets>
		<rx_errors>
			<start>0</start>
			<end>0</end>
		</rx_errors>
		<rx_dropped>
			<start>0</start>
			<end>0</end>
		</rx_dropped>
		<rx_missed>
			<start>6288</start>
			<end>11376</end>
		</rx_missed>
		<rx_mcast>
			<start>4721</start>
			<end>4721</end>
		</rx_mcast>
		<tx_bytes>
			<start>10564185510824</start>
			<end>10565767222900</end>
		</tx_bytes>
		<tx_packets>
			<start>8029354243</start>
			<end>8042319033</end>
		</tx_packets>
		<tx_errors>
			<start>0</start>
			<end>0</end>
		</tx_errors>
		<tx_dropped>
			<start>0</start>
			<end>0</end>
		</tx_dropped>
		<tx_carrier>
			<start>0</start>
			<end>0</end>
		</tx_carrier>
		<tx_collisions>
			<start>0</start>
			<end>0</end>
		</tx_collisions>
	</ip_statistic>
</test_results>
