<?xml version="1.0"?>
<test_results>
	<status>STATUS_SUCCESS</status>
	<custom>
		<num_loss>0</num_loss>
		<num_total>781787706</num_total>
		<num_misses>2098204967</num_misses>
		<elapsed_time>7199.962142</elapsed_time>
		<query>
			<report>
				<misses>100000</misses>
				<total>0</total>
				<timestamp>0.958984</timestamp>
			</report>
			<report>
				<misses>200000</misses>
				<total>0</total>
				<timestamp>1.922083</timestamp>
			</report>
			<report>
				<misses>300000</misses>
				<total>0</total>
				<timestamp>2.900432</timestamp>
			</report>
			<report>
				<misses>400000</misses>
				<total>0</total>
				<timestamp>3.857949</timestamp>
			</report>
			<report>
				<misses>500000</misses>
				<total>0</total>
				<timestamp>4.809868</timestamp>
			</report>
			<report>
				<misses>600000</misses>
				<total>0</total>
				<timestamp>5.756685</timestamp>
			</report>
			<report>
				<misses>700000</misses>
				<total>0</total>
				<timestamp>6.715550</timestamp>
			</report>
			<report>
				<misses>800000</misses>
				<total>0</total>
				<timestamp>7.669616</timestamp>
			</report>
			<report>
				<misses>900000</misses>
				<total>0</total>
				<timestamp>8.615648</timestamp>
			</report>
			<report>
				<misses>1000000</misses>
				<total>0</total>
				<timestamp>9.526337</timestamp>
			</report>
			<report>
				<misses>1100000</misses>
				<total>0</total>
				<timestamp>10.474390</timestamp>
			</report>
			<report>
				<misses>1200000</misses>
				<total>0</total>
				<timestamp>11.446822</timestamp>
			</report>
			<report>
				<misses>1300000</misses>
				<total>0</total>
				<timestamp>12.386952</timestamp>
			</report>
			<report>
				<misses>1400000</misses>
				<total>0</total>
				<timestamp>13.336496</timestamp>
			</report>
			<report>
				<misses>1500000</misses>
				<total>0</total>
				<timestamp>14.262948</timestamp>
			</report>
			<report>
				<misses>1600000</misses>
				<total>0</total>
				<timestamp>15.191405</timestamp>
			</report>
			<report>
				<misses>1700000</misses>
				<total>0</total>
				<timestamp>16.101270</timestamp>
			</report>
			<report>
				<misses>1800000</misses>
				<total>0</total>
				<timestamp>17.009898</timestamp>
			</report>
			<report>
				<misses>1900000</misses>
				<total>0</total>
				<timestamp>17.902650</timestamp>
			</report>
			<report>
				<misses>2000000</misses>
				<total>0</total>
				<timestamp>18.815215</timestamp>
			</report>
			<report>
				<misses>2100000</misses>
				<total>0</total>
				<timestamp>19.720979</timestamp>
			</report>
			<report>
				<misses>2200000</misses>
				<total>0</total>
				<timestamp>20.634656</timestamp>
			</report>
			<report>
				<misses>2300000</misses>
				<total>0</total>
				<timestamp>21.562011</timestamp>
			</report>
			<report>
				<misses>2400000</misses>
				<total>0</total>
				<timestamp>22.528600</timestamp>
			</report>
			<report>
				<misses>2500000</misses>
				<total>0</total>
				<timestamp>23.488397</timestamp>
			</report>
			<report>
				<misses>2600000</misses>
				<total>0</total>
				<timestamp>24.436917</timestamp>
			</report>
			<report>
				<misses>2700000</misses>
				<total>0</total>
				<timestamp>25.369953</timestamp>
			</report>
			<report>
				<misses>2800000</misses>
				<total>0</total>
				<timestamp>26.293199</timestamp>
			</report>
			<report>
				<misses>2900000</misses>
				<total>0</total>
				<timestamp>27.234183</timestamp>
			</report>
			<report>
				<misses>3000000</misses>
				<total>0</total>
				<timestamp>28.188429</timestamp>
			</report>
			<report>
				<misses>3100000</misses>
				<total>0</total>
				<timestamp>29.117112</timestamp>
			</report>
			<report>
				<misses>3200000</misses>
				<total>0</total>
				<timestamp>30.071646</timestamp>
			</report>
			<report>
				<misses>3300000</misses>
				<total>0</total>
				<timestamp>31.036901</timestamp>
			</report>
			<report>
				<misses>3400000</misses>
				<total>0</total>
				<timestamp>31.989490</timestamp>
			</report>
			<report>
				<misses>3500000</misses>
				<total>0</total>
				<timestamp>32.942914</timestamp>
			</report>
			<report>
				<misses>3600000</misses>
				<total>0</total>
				<timestamp>33.878927</timestamp>
			</report>
			<report>
				<misses>3700000</misses>
				<total>0</total>
				<timestamp>34.817416</timestamp>
			</report>
			<report>
				<misses>3800000</misses>
				<total>0</total>
				<timestamp>35.763622</timestamp>
			</report>
			<report>
				<misses>3900000</misses>
				<total>0</total>
				<timestamp>36.712577</timestamp>
			</report>
			<report>
				<misses>4000000</misses>
				<total>0</total>
				<timestamp>37.668610</timestamp>
			</report>
			<report>
				<misses>4100000</misses>
				<total>0</total>
				<timestamp>38.637268</timestamp>
			</report>
			<report>
				<misses>4200000</misses>
				<total>0</total>
				<timestamp>39.594488</timestamp>
			</report>
			<report>
				<misses>4300000</misses>
				<total>0</total>
				<timestamp>40.544248</timestamp>
			</report>
			<report>
				<misses>4400000</misses>
				<total>0</total>
				<timestamp>41.507299</timestamp>
			</report>
			<report>
				<misses>4500000</misses>
				<total>0</total>
				<timestamp>42.439525</timestamp>
			</report>
			<report>
				<misses>4600000</misses>
				<total>0</total>
				<timestamp>43.377509</timestamp>
			</report>
			<report>
				<misses>4700000</misses>
				<total>0</total>
				<timestamp>44.297803</timestamp>
			</report>
			<report>
				<misses>4800000</misses>
				<total>0</total>
				<timestamp>45.239275</timestamp>
			</report>
			<report>
				<misses>4900000</misses>
				<total>0</total>
				<timestamp>46.169691</timestamp>
			</report>
			<report>
				<misses>5000000</misses>
				<total>0</total>
				<timestamp>47.152808</timestamp>
			</report>
			<report>
				<misses>5100000</misses>
				<total>0</total>
				<timestamp>48.071854</timestamp>
			</report>
			<report>
				<misses>5200000</misses>
				<total>0</total>
				<timestamp>49.030949</timestamp>
			</report>
			<report>
				<misses>5300000</misses>
				<total>0</total>
				<timestamp>49.970835</timestamp>
			</report>
			<report>
				<misses>5400000</misses>
				<total>0</total>
				<timestamp>50.905809</timestamp>
			</report>
			<report>
				<misses>5500000</misses>
				<total>0</total>
				<timestamp>51.835341</timestamp>
			</report>
			<report>
				<misses>5600000</misses>
				<total>0</total>
				<timestamp>52.761994</timestamp>
			</report>
			<report>
				<misses>5700000</misses>
				<total>0</total>
				<timestamp>53.715340</timestamp>
			</report>
			<report>
				<misses>5800000</misses>
				<total>0</total>
				<timestamp>54.659128</timestamp>
			</report>
			<report>
				<misses>5900000</misses>
				<total>0</total>
				<timestamp>55.581602</timestamp>
			</report>
			<report>
				<misses>6000000</misses>
				<total>0</total>
				<timestamp>56.514634</timestamp>
			</report>
			<report>
				<misses>6100000</misses>
				<total>0</total>
				<timestamp>57.440231</timestamp>
			</report>
			<report>
				<misses>6200000</misses>
				<total>0</total>
				<timestamp>58.351767</timestamp>
			</report>
			<report>
				<misses>6300000</misses>
				<total>0</total>
				<timestamp>59.292771</timestamp>
			</report>
			<report>
				<misses>6400000</misses>
				<total>0</total>
				<timestamp>60.205518</timestamp>
			</report>
			<report>
				<misses>6500000</misses>
				<total>0</total>
				<timestamp>61.108420</timestamp>
			</report>
			<report>
				<misses>6600000</misses>
				<total>0</total>
				<timestamp>62.018248</timestamp>
			</report>
			<report>
				<misses>6700000</misses>
				<total>0</total>
				<timestamp>62.902573</timestamp>
			</report>
			<report>
				<misses>6800000</misses>
				<total>0</total>
				<timestamp>63.798979</timestamp>
			</report>
			<report>
				<misses>6900000</misses>
				<total>0</total>
				<timestamp>64.693337</timestamp>
			</report>
			<report>
				<misses>7000000</misses>
				<total>0</total>
				<timestamp>65.597466</timestamp>
			</report>
			<report>
				<misses>7100000</misses>
				<total>0</total>
				<timestamp>66.495360</timestamp>
			</report>
			<report>
				<misses>7200000</misses>
				<total>0</total>
				<timestamp>67.387882</timestamp>
			</report>
			<report>
				<misses>7300000</misses>
				<total>0</total>
				<timestamp>68.324959</timestamp>
			</report>
			<report>
				<misses>7400000</misses>
				<total>0</total>
				<timestamp>69.227502</timestamp>
			</report>
			<report>
				<misses>7500000</misses>
				<total>0</total>
				<timestamp>70.144966</timestamp>
			</report>
			<report>
				<misses>7600000</misses>
				<total>0</total>
				<timestamp>71.059839</timestamp>
			</report>
			<report>
				<misses>7700000</misses>
				<total>0</total>
				<timestamp>71.996581</timestamp>
			</report>
			<report>
				<misses>7800000</misses>
				<total>0</total>
				<timestamp>72.919421</timestamp>
			</report>
			<report>
				<misses>7900000</misses>
				<total>0</total>
				<timestamp>73.829156</timestamp>
			</report>
			<report>
				<misses>8000000</misses>
				<total>0</total>
				<timestamp>74.764362</timestamp>
			</report>
			<report>
				<misses>8100000</misses>
				<total>0</total>
				<timestamp>75.681701</timestamp>
			</report>
			<report>
				<misses>8200000</misses>
				<total>0</total>
				<timestamp>76.623286</timestamp>
			</report>
			<report>
				<misses>8300000</misses>
				<total>0</total>
				<timestamp>77.548565</timestamp>
			</report>
			<report>
				<misses>8400000</misses>
				<total>0</total>
				<timestamp>78.470001</timestamp>
			</report>
			<report>
				<misses>8500000</misses>
				<total>0</total>
				<timestamp>79.389149</timestamp>
			</report>
			<report>
				<misses>8600000</misses>
				<total>0</total>
				<timestamp>80.309621</timestamp>
			</report>
			<report>
				<misses>8700000</misses>
				<total>0</total>
				<timestamp>81.212750</timestamp>
			</report>
			<report>
				<misses>8800000</misses>
				<total>0</total>
				<timestamp>82.119340</timestamp>
			</report>
			<report>
				<misses>8900000</misses>
				<total>0</total>
				<timestamp>83.017999</timestamp>
			</report>
			<report>
				<misses>9000000</misses>
				<total>0</total>
				<timestamp>83.911792</timestamp>
			</report>
			<report>
				<misses>9100000</misses>
				<total>0</total>
				<timestamp>84.807857</timestamp>
			</report>
			<report>
				<misses>9200000</misses>
				<total>0</total>
				<timestamp>85.697647</timestamp>
			</report>
			<report>
				<misses>9300000</misses>
				<total>0</total>
				<timestamp>86.608737</timestamp>
			</report>
			<report>
				<misses>9400000</misses>
				<total>0</total>
				<timestamp>87.569764</timestamp>
			</report>
			<report>
				<misses>9500000</misses>
				<total>0</total>
				<timestamp>88.481275</timestamp>
			</report>
			<report>
				<misses>9600000</misses>
				<total>0</total>
				<timestamp>89.399207</timestamp>
			</report>
			<report>
				<misses>9700000</misses>
				<total>0</total>
				<timestamp>90.306401</timestamp>
			</report>
			<report>
				<misses>9800000</misses>
				<total>0</total>
				<timestamp>91.216963</timestamp>
			</report>
			<report>
				<misses>9900000</misses>
				<total>0</total>
				<timestamp>92.136336</timestamp>
			</report>
			<report>
				<misses>10000000</misses>
				<total>0</total>
				<timestamp>93.053374</timestamp>
			</report>
			<report>
				<misses>10100000</misses>
				<total>0</total>
				<timestamp>93.985026</timestamp>
			</report>
			<report>
				<misses>10200000</misses>
				<total>0</total>
				<timestamp>94.915905</timestamp>
			</report>
			<report>
				<misses>10300000</misses>
				<total>0</total>
				<timestamp>95.831319</timestamp>
			</report>
			<report>
				<misses>10400000</misses>
				<total>0</total>
				<timestamp>96.748188</timestamp>
			</report>
			<report>
				<misses>10500000</misses>
				<total>0</total>
				<timestamp>97.685335</timestamp>
			</report>
			<report>
				<misses>10600000</misses>
				<total>0</total>
				<timestamp>98.622365</timestamp>
			</report>
			<report>
				<misses>10700000</misses>
				<total>0</total>
				<timestamp>99.559141</timestamp>
			</report>
			<report>
				<misses>10800000</misses>
				<total>0</total>
				<timestamp>100.511072</timestamp>
			</report>
			<report>
				<misses>10900000</misses>
				<total>0</total>
				<timestamp>101.457663</timestamp>
			</report>
			<report>
				<misses>11000000</misses>
				<total>0</total>
				<timestamp>102.352218</timestamp>
			</report>
			<report>
				<misses>11100000</misses>
				<total>0</total>
				<timestamp>103.276509</timestamp>
			</report>
			<report>
				<misses>11200000</misses>
				<total>0</total>
				<timestamp>104.205237</timestamp>
			</report>
			<report>
				<misses>11300000</misses>
				<total>0</total>
				<timestamp>105.131796</timestamp>
			</report>
			<report>
				<misses>11400000</misses>
				<total>0</total>
				<timestamp>106.065749</timestamp>
			</report>
			<report>
				<misses>11500000</misses>
				<total>0</total>
				<timestamp>107.010599</timestamp>
			</report>
			<report>
				<misses>11600000</misses>
				<total>0</total>
				<timestamp>107.949890</timestamp>
			</report>
			<report>
				<misses>11700000</misses>
				<total>0</total>
				<timestamp>108.888902</timestamp>
			</report>
			<report>
				<misses>11800000</misses>
				<total>0</total>
				<timestamp>109.810158</timestamp>
			</report>
			<report>
				<misses>11900000</misses>
				<total>0</total>
				<timestamp>110.730676</timestamp>
			</report>
			<report>
				<misses>12000000</misses>
				<total>0</total>
				<timestamp>111.633571</timestamp>
			</report>
			<report>
				<misses>12100000</misses>
				<total>0</total>
				<timestamp>112.545947</timestamp>
			</report>
			<report>
				<misses>12200000</misses>
				<total>0</total>
				<timestamp>113.437559</timestamp>
			</report>
			<report>
				<misses>12300000</misses>
				<total>0</total>
				<timestamp>114.348525</timestamp>
			</report>
			<report>
				<misses>12400000</misses>
				<total>0</total>
				<timestamp>115.272211</timestamp>
			</report>
			<report>
				<misses>12500000</misses>
				<total>0</total>
				<timestamp>116.214836</timestamp>
			</report>
			<report>
				<misses>12600000</misses>
				<total>0</total>
				<timestamp>117.146873</timestamp>
			</report>
			<report>
				<misses>12700000</misses>
				<total>0</total>
				<timestamp>118.089373</timestamp>
			</report>
			<report>
				<misses>12800000</misses>
				<total>0</total>
				<timestamp>119.031051</timestamp>
			</report>
			<report>
				<misses>12900000</misses>
				<total>0</total>
				<timestamp>119.959448</timestamp>
			</report>
			<report>
				<misses>13000000</misses>
				<total>0</total>
				<timestamp>120.928724</timestamp>
			</report>
			<report>
				<misses>13100000</misses>
				<total>0</total>
				<timestamp>121.858552</timestamp>
			</report>
			<report>
				<misses>13200000</misses>
				<total>0</total>
				<timestamp>122.791717</timestamp>
			</report>
			<report>
				<misses>13300000</misses>
				<total>0</total>
				<timestamp>123.698930</timestamp>
			</report>
			<report>
				<misses>13400000</misses>
				<total>0</total>
				<timestamp>124.628779</timestamp>
			</report>
			<report>
				<misses>13500000</misses>
				<total>0</total>
				<timestamp>125.547625</timestamp>
			</report>
			<report>
				<misses>13600000</misses>
				<total>0</total>
				<timestamp>126.465313</timestamp>
			</report>
			<report>
				<misses>13700000</misses>
				<total>0</total>
				<timestamp>127.396941</timestamp>
			</report>
			<report>
				<misses>13800000</misses>
				<total>0</total>
				<timestamp>128.309746</timestamp>
			</report>
			<report>
				<misses>13900000</misses>
				<total>0</total>
				<timestamp>129.235740</timestamp>
			</report>
			<report>
				<misses>14000000</misses>
				<total>0</total>
				<timestamp>130.148732</timestamp>
			</report>
			<report>
				<misses>14100000</misses>
				<total>0</total>
				<timestamp>131.079046</timestamp>
			</report>
			<report>
				<misses>14200000</misses>
				<total>0</total>
				<timestamp>131.988617</timestamp>
			</report>
			<report>
				<misses>14300000</misses>
				<total>0</total>
				<timestamp>132.889888</timestamp>
			</report>
			<report>
				<misses>14400000</misses>
				<total>0</total>
				<timestamp>133.788258</timestamp>
			</report>
			<report>
				<misses>14500000</misses>
				<total>0</total>
				<timestamp>134.682883</timestamp>
			</report>
			<report>
				<misses>14600000</misses>
				<total>0</total>
				<timestamp>135.598373</timestamp>
			</report>
			<report>
				<misses>14700000</misses>
				<total>0</total>
				<timestamp>136.492740</timestamp>
			</report>
			<report>
				<misses>14800000</misses>
				<total>0</total>
				<timestamp>137.408245</timestamp>
			</report>
			<report>
				<misses>14900000</misses>
				<total>0</total>
				<timestamp>138.346986</timestamp>
			</report>
			<report>
				<misses>15000000</misses>
				<total>0</total>
				<timestamp>139.272063</timestamp>
			</report>
			<report>
				<misses>15100000</misses>
				<total>0</total>
				<timestamp>140.173824</timestamp>
			</report>
			<report>
				<misses>15200000</misses>
				<total>0</total>
				<timestamp>141.095052</timestamp>
			</report>
			<report>
				<misses>15300000</misses>
				<total>0</total>
				<timestamp>142.015504</timestamp>
			</report>
			<report>
				<misses>15400000</misses>
				<total>0</total>
				<timestamp>142.921794</timestamp>
			</report>
			<report>
				<misses>15500000</misses>
				<total>0</total>
				<timestamp>143.847187</timestamp>
			</report>
			<report>
				<misses>15600000</misses>
				<total>0</total>
				<timestamp>144.768423</timestamp>
			</report>
			<report>
				<misses>15700000</misses>
				<total>0</total>
				<timestamp>145.671648</timestamp>
			</report>
			<report>
				<misses>15800000</misses>
				<total>0</total>
				<timestamp>146.583051</timestamp>
			</report>
			<report>
				<misses>15900000</misses>
				<total>0</total>
				<timestamp>147.519494</timestamp>
			</report>
			<report>
				<misses>16000000</misses>
				<total>0</total>
				<timestamp>148.429894</timestamp>
			</report>
			<report>
				<misses>16100000</misses>
				<total>0</total>
				<timestamp>149.344162</timestamp>
			</report>
			<report>
				<misses>16200000</misses>
				<total>0</total>
				<timestamp>150.270278</timestamp>
			</report>
			<report>
				<misses>16300000</misses>
				<total>0</total>
				<timestamp>151.182671</timestamp>
			</report>
			<report>
				<misses>16400000</misses>
				<total>0</total>
				<timestamp>152.070981</timestamp>
			</report>
			<report>
				<misses>16500000</misses>
				<total>0</total>
				<timestamp>152.979658</timestamp>
			</report>
			<report>
				<misses>16600000</misses>
				<total>0</total>
				<timestamp>153.876011</timestamp>
			</report>
			<report>
				<misses>16700000</misses>
				<total>0</total>
				<timestamp>154.785565</timestamp>
			</report>
			<report>
				<misses>16800000</misses>
				<total>0</total>
				<timestamp>155.667168</timestamp>
			</report>
			<report>
				<misses>16900000</misses>
				<total>0</total>
				<timestamp>156.582350</timestamp>
			</report>
			<report>
				<misses>17000000</misses>
				<total>0</total>
				<timestamp>157.483961</timestamp>
			</report>
			<report>
				<misses>17100000</misses>
				<total>0</total>
				<timestamp>158.423379</timestamp>
			</report>
			<report>
				<misses>17200000</misses>
				<total>0</total>
				<timestamp>159.351074</timestamp>
			</report>
			<report>
				<misses>17300000</misses>
				<total>0</total>
				<timestamp>160.290868</timestamp>
			</report>
			<report>
				<misses>17400000</misses>
				<total>0</total>
				<timestamp>161.237965</timestamp>
			</report>
			<report>
				<misses>17500000</misses>
				<total>0</total>
				<timestamp>162.165858</timestamp>
			</report>
			<report>
				<misses>17600000</misses>
				<total>0</total>
				<timestamp>163.096960</timestamp>
			</report>
			<report>
				<misses>17700000</misses>
				<total>0</total>
				<timestamp>164.035021</timestamp>
			</report>
			<report>
				<misses>17800000</misses>
				<total>0</total>
				<timestamp>164.986937</timestamp>
			</report>
			<report>
				<misses>17900000</misses>
				<total>0</total>
				<timestamp>165.948319</timestamp>
			</report>
			<report>
				<misses>18000000</misses>
				<total>0</total>
				<timestamp>166.882618</timestamp>
			</report>
			<report>
				<misses>18100000</misses>
				<total>0</total>
				<timestamp>167.848064</timestamp>
			</report>
			<report>
				<misses>18200000</misses>
				<total>0</total>
				<timestamp>168.795679</timestamp>
			</report>
			<report>
				<misses>18300000</misses>
				<total>0</total>
				<timestamp>169.738738</timestamp>
			</report>
			<report>
				<misses>18400000</misses>
				<total>0</total>
				<timestamp>170.670412</timestamp>
			</report>
			<report>
				<misses>18500000</misses>
				<total>0</total>
				<timestamp>171.615849</timestamp>
			</report>
			<report>
				<misses>18600000</misses>
				<total>0</total>
				<timestamp>172.542746</timestamp>
			</report>
			<report>
				<misses>18700000</misses>
				<total>0</total>
				<timestamp>173.451904</timestamp>
			</report>
			<report>
				<misses>18800000</misses>
				<total>0</total>
				<timestamp>174.365701</timestamp>
			</report>
			<report>
				<misses>18900000</misses>
				<total>0</total>
				<timestamp>175.294767</timestamp>
			</report>
			<report>
				<misses>19000000</misses>
				<total>0</total>
				<timestamp>176.228269</timestamp>
			</report>
			<report>
				<misses>19100000</misses>
				<total>0</total>
				<timestamp>177.142715</timestamp>
			</report>
			<report>
				<misses>19200000</misses>
				<total>0</total>
				<timestamp>178.057900</timestamp>
			</report>
			<report>
				<misses>19300000</misses>
				<total>0</total>
				<timestamp>178.951763</timestamp>
			</report>
			<report>
				<misses>19400000</misses>
				<total>0</total>
				<timestamp>179.847982</timestamp>
			</report>
			<report>
				<misses>19500000</misses>
				<total>0</total>
				<timestamp>180.748474</timestamp>
			</report>
			<report>
				<misses>19600000</misses>
				<total>0</total>
				<timestamp>181.683711</timestamp>
			</report>
			<report>
				<misses>19700000</misses>
				<total>0</total>
				<timestamp>182.605491</timestamp>
			</report>
			<report>
				<misses>19800000</misses>
				<total>0</total>
				<timestamp>183.513845</timestamp>
			</report>
			<report>
				<misses>19900000</misses>
				<total>0</total>
				<timestamp>184.484800</timestamp>
			</report>
			<report>
				<misses>20000000</misses>
				<total>0</total>
				<timestamp>185.384508</timestamp>
			</report>
			<report>
				<misses>20100000</misses>
				<total>0</total>
				<timestamp>186.290135</timestamp>
			</report>
			<report>
				<misses>20200000</misses>
				<total>0</total>
				<timestamp>187.221329</timestamp>
			</report>
			<report>
				<misses>20300000</misses>
				<total>0</total>
				<timestamp>188.130481</timestamp>
			</report>
			<report>
				<misses>20400000</misses>
				<total>0</total>
				<timestamp>189.038949</timestamp>
			</report>
			<report>
				<misses>20500000</misses>
				<total>0</total>
				<timestamp>189.967223</timestamp>
			</report>
			<report>
				<misses>20600000</misses>
				<total>0</total>
				<timestamp>190.871445</timestamp>
			</report>
			<report>
				<misses>20700000</misses>
				<total>0</total>
				<timestamp>191.819519</timestamp>
			</report>
			<report>
				<misses>20800000</misses>
				<total>0</total>
				<timestamp>192.718290</timestamp>
			</report>
			<report>
				<misses>20900000</misses>
				<total>0</total>
				<timestamp>193.667088</timestamp>
			</report>
			<report>
				<misses>21000000</misses>
				<total>0</total>
				<timestamp>194.613407</timestamp>
			</report>
			<report>
				<misses>21100000</misses>
				<total>0</total>
				<timestamp>195.565303</timestamp>
			</report>
			<report>
				<misses>21200000</misses>
				<total>0</total>
				<timestamp>196.488922</timestamp>
			</report>
			<report>
				<misses>21300000</misses>
				<total>0</total>
				<timestamp>197.408242</timestamp>
			</report>
			<report>
				<misses>21400000</misses>
				<total>0</total>
				<timestamp>198.328984</timestamp>
			</report>
			<report>
				<misses>21500000</misses>
				<total>0</total>
				<timestamp>199.243239</timestamp>
			</report>
			<report>
				<misses>21600000</misses>
				<total>0</total>
				<timestamp>200.180152</timestamp>
			</report>
			<report>
				<misses>21700000</misses>
				<total>0</total>
				<timestamp>201.106138</timestamp>
			</report>
			<report>
				<misses>21800000</misses>
				<total>0</total>
				<timestamp>202.036797</timestamp>
			</report>
			<report>
				<misses>21900000</misses>
				<total>0</total>
				<timestamp>202.929299</timestamp>
			</report>
			<report>
				<misses>22000000</misses>
				<total>0</total>
				<timestamp>203.828316</timestamp>
			</report>
			<report>
				<misses>22100000</misses>
				<total>0</total>
				<timestamp>204.728359</timestamp>
			</report>
			<report>
				<misses>22200000</misses>
				<total>0</total>
				<timestamp>205.626804</timestamp>
			</report>
			<report>
				<misses>22300000</misses>
				<total>0</total>
				<timestamp>206.532223</timestamp>
			</report>
			<report>
				<misses>22400000</misses>
				<total>0</total>
				<timestamp>207.417597</timestamp>
			</report>
			<report>
				<misses>22500000</misses>
				<total>0</total>
				<timestamp>208.350308</timestamp>
			</report>
			<report>
				<misses>22600000</misses>
				<total>0</total>
				<timestamp>209.277730</timestamp>
			</report>
			<report>
				<misses>22700000</misses>
				<total>0</total>
				<timestamp>210.228758</timestamp>
			</report>
			<report>
				<misses>22800000</misses>
				<total>0</total>
				<timestamp>211.157811</timestamp>
			</report>
			<report>
				<misses>22900000</misses>
				<total>0</total>
				<timestamp>212.089872</timestamp>
			</report>
			<report>
				<misses>23000000</misses>
				<total>0</total>
				<timestamp>213.043380</timestamp>
			</report>
			<report>
				<misses>23100000</misses>
				<total>0</total>
				<timestamp>213.973840</timestamp>
			</report>
			<report>
				<misses>23200000</misses>
				<total>0</total>
				<timestamp>214.919177</timestamp>
			</report>
			<report>
				<misses>23300000</misses>
				<total>0</total>
				<timestamp>215.866217</timestamp>
			</report>
			<report>
				<misses>23400000</misses>
				<total>0</total>
				<timestamp>216.834988</timestamp>
			</report>
			<report>
				<misses>23500000</misses>
				<total>0</total>
				<timestamp>217.777573</timestamp>
			</report>
			<report>
				<misses>23600000</misses>
				<total>0</total>
				<timestamp>218.732521</timestamp>
			</report>
			<report>
				<misses>23700000</misses>
				<total>0</total>
				<timestamp>219.676060</timestamp>
			</report>
			<report>
				<misses>23800000</misses>
				<total>0</total>
				<timestamp>220.613437</timestamp>
			</report>
			<report>
				<misses>23900000</misses>
				<total>0</total>
				<timestamp>221.565589</timestamp>
			</report>
			<report>
				<misses>24000000</misses>
				<total>0</total>
				<timestamp>222.499292</timestamp>
			</report>
			<report>
				<misses>24100000</misses>
				<total>0</total>
				<timestamp>223.442584</timestamp>
			</report>
			<report>
				<misses>24200000</misses>
				<total>0</total>
				<timestamp>224.382006</timestamp>
			</report>
			<report>
				<misses>24300000</misses>
				<total>0</total>
				<timestamp>225.313129</timestamp>
			</report>
			<report>
				<misses>24400000</misses>
				<total>0</total>
				<timestamp>226.247107</timestamp>
			</report>
			<report>
				<misses>24500000</misses>
				<total>0</total>
				<timestamp>227.184602</timestamp>
			</report>
			<report>
				<misses>24600000</misses>
				<total>0</total>
				<timestamp>228.104229</timestamp>
			</report>
			<report>
				<misses>24700000</misses>
				<total>0</total>
				<timestamp>229.023263</timestamp>
			</report>
			<report>
				<misses>24800000</misses>
				<total>0</total>
				<timestamp>229.943447</timestamp>
			</report>
			<report>
				<misses>24900000</misses>
				<total>0</total>
				<timestamp>230.843003</timestamp>
			</report>
			<report>
				<misses>25000000</misses>
				<total>0</total>
				<timestamp>231.743647</timestamp>
			</report>
			<report>
				<misses>25100000</misses>
				<total>0</total>
				<timestamp>232.669509</timestamp>
			</report>
			<report>
				<misses>25200000</misses>
				<total>0</total>
				<timestamp>233.580851</timestamp>
			</report>
			<report>
				<misses>25300000</misses>
				<total>0</total>
				<timestamp>234.480512</timestamp>
			</report>
			<report>
				<misses>25400000</misses>
				<total>0</total>
				<timestamp>235.393532</timestamp>
			</report>
			<report>
				<misses>25500000</misses>
				<total>0</total>
				<timestamp>236.312103</timestamp>
			</report>
			<report>
				<misses>25600000</misses>
				<total>0</total>
				<timestamp>237.253438</timestamp>
			</report>
			<report>
				<misses>25700000</misses>
				<total>0</total>
				<timestamp>238.178390</timestamp>
			</report>
			<report>
				<misses>25800000</misses>
				<total>0</total>
				<timestamp>239.089167</timestamp>
			</report>
			<report>
				<misses>25900000</misses>
				<total>0</total>
				<timestamp>240.025082</timestamp>
			</report>
			<report>
				<misses>26000000</misses>
				<total>0</total>
				<timestamp>240.924454</timestamp>
			</report>
			<report>
				<misses>26100000</misses>
				<total>0</total>
				<timestamp>241.825970</timestamp>
			</report>
			<report>
				<misses>26200000</misses>
				<total>0</total>
				<timestamp>242.736043</timestamp>
			</report>
			<report>
				<misses>26300000</misses>
				<total>0</total>
				<timestamp>243.647370</timestamp>
			</report>
			<report>
				<misses>26400000</misses>
				<total>0</total>
				<timestamp>244.600246</timestamp>
			</report>
			<report>
				<misses>26500000</misses>
				<total>0</total>
				<timestamp>245.541932</timestamp>
			</report>
			<report>
				<misses>26600000</misses>
				<total>0</total>
				<timestamp>246.508011</timestamp>
			</report>
			<report>
				<misses>26700000</misses>
				<total>0</total>
				<timestamp>247.472918</timestamp>
			</report>
			<report>
				<misses>26800000</misses>
				<total>0</total>
				<timestamp>248.421744</timestamp>
			</report>
			<report>
				<misses>26900000</misses>
				<total>0</total>
				<timestamp>249.339662</timestamp>
			</report>
			<report>
				<misses>27000000</misses>
				<total>0</total>
				<timestamp>250.273263</timestamp>
			</report>
			<report>
				<misses>27100000</misses>
				<total>0</total>
				<timestamp>251.215656</timestamp>
			</report>
			<report>
				<misses>27200000</misses>
				<total>0</total>
				<timestamp>252.192449</timestamp>
			</report>
			<report>
				<misses>27300000</misses>
				<total>0</total>
				<timestamp>253.137207</timestamp>
			</report>
			<report>
				<misses>27400000</misses>
				<total>0</total>
				<timestamp>254.083973</timestamp>
			</report>
			<report>
				<misses>27500000</misses>
				<total>0</total>
				<timestamp>255.018500</timestamp>
			</report>
			<report>
				<misses>27600000</misses>
				<total>0</total>
				<timestamp>255.944350</timestamp>
			</report>
			<report>
				<misses>27700000</misses>
				<total>0</total>
				<timestamp>256.849061</timestamp>
			</report>
			<report>
				<misses>27800000</misses>
				<total>0</total>
				<timestamp>257.765678</timestamp>
			</report>
			<report>
				<misses>27900000</misses>
				<total>0</total>
				<timestamp>258.673322</timestamp>
			</report>
			<report>
				<misses>28000000</misses>
				<total>0</total>
				<timestamp>259.568380</timestamp>
			</report>
			<report>
				<misses>28100000</misses>
				<total>0</total>
				<timestamp>260.460116</timestamp>
			</report>
			<report>
				<misses>28200000</misses>
				<total>0</total>
				<timestamp>261.357524</timestamp>
			</report>
			<report>
				<misses>28300000</misses>
				<total>0</total>
				<timestamp>262.241221</timestamp>
			</report>
			<report>
				<misses>28400000</misses>
				<total>0</total>
				<timestamp>263.154731</timestamp>
			</report>
			<report>
				<misses>28500000</misses>
				<total>0</total>
				<timestamp>264.088237</timestamp>
			</report>
			<report>
				<misses>28600000</misses>
				<total>0</total>
				<timestamp>265.029699</timestamp>
			</report>
			<report>
				<misses>28700000</misses>
				<total>0</total>
				<timestamp>265.969443</timestamp>
			</report>
			<report>
				<misses>28800000</misses>
				<total>0</total>
				<timestamp>266.895094</timestamp>
			</report>
			<report>
				<misses>28900000</misses>
				<total>0</total>
				<timestamp>267.853491</timestamp>
			</report>
			<report>
				<misses>29000000</misses>
				<total>0</total>
				<timestamp>268.778261</timestamp>
			</report>
			<report>
				<misses>29100000</misses>
				<total>0</total>
				<timestamp>269.720782</timestamp>
			</report>
			<report>
				<misses>29200000</misses>
				<total>0</total>
				<timestamp>270.650624</timestamp>
			</report>
			<report>
				<misses>29300000</misses>
				<total>0</total>
				<timestamp>271.584474</timestamp>
			</report>
			<report>
				<misses>29400000</misses>
				<total>0</total>
				<timestamp>272.534691</timestamp>
			</report>
			<report>
				<misses>29500000</misses>
				<total>0</total>
				<timestamp>273.474670</timestamp>
			</report>
			<report>
				<misses>29600000</misses>
				<total>0</total>
				<timestamp>274.438564</timestamp>
			</report>
			<report>
				<misses>29700000</misses>
				<total>0</total>
				<timestamp>275.374605</timestamp>
			</report>
			<report>
				<misses>29800000</misses>
				<total>0</total>
				<timestamp>276.324383</timestamp>
			</report>
			<report>
				<misses>29900000</misses>
				<total>0</total>
				<timestamp>277.252933</timestamp>
			</report>
			<report>
				<misses>30000000</misses>
				<total>0</total>
				<timestamp>278.197484</timestamp>
			</report>
			<report>
				<misses>30100000</misses>
				<total>0</total>
				<timestamp>279.133723</timestamp>
			</report>
			<report>
				<misses>30200000</misses>
				<total>0</total>
				<timestamp>280.059280</timestamp>
			</report>
			<report>
				<misses>30300000</misses>
				<total>0</total>
				<timestamp>280.978094</timestamp>
			</report>
			<report>
				<misses>30400000</misses>
				<total>0</total>
				<timestamp>281.892024</timestamp>
			</report>
			<report>
				<misses>30500000</misses>
				<total>0</total>
				<timestamp>282.805925</timestamp>
			</report>
			<report>
				<misses>30600000</misses>
				<total>0</total>
				<timestamp>283.750053</timestamp>
			</report>
			<report>
				<misses>30700000</misses>
				<total>0</total>
				<timestamp>284.663884</timestamp>
			</report>
			<report>
				<misses>30800000</misses>
				<total>0</total>
				<timestamp>285.562768</timestamp>
			</report>
			<report>
				<misses>30900000</misses>
				<total>0</total>
				<timestamp>286.466836</timestamp>
			</report>
			<report>
				<misses>31000000</misses>
				<total>0</total>
				<timestamp>287.364611</timestamp>
			</report>
			<report>
				<misses>31100000</misses>
				<total>0</total>
				<timestamp>288.261017</timestamp>
			</report>
			<report>
				<misses>31200000</misses>
				<total>0</total>
				<timestamp>289.171362</timestamp>
			</report>
			<report>
				<misses>31300000</misses>
				<total>0</total>
				<timestamp>290.069710</timestamp>
			</report>
			<report>
				<misses>31400000</misses>
				<total>0</total>
				<timestamp>290.960875</timestamp>
			</report>
			<report>
				<misses>31500000</misses>
				<total>0</total>
				<timestamp>291.875813</timestamp>
			</report>
			<report>
				<misses>31600000</misses>
				<total>0</total>
				<timestamp>292.780193</timestamp>
			</report>
			<report>
				<misses>31700000</misses>
				<total>0</total>
				<timestamp>293.714475</timestamp>
			</report>
			<report>
				<misses>31800000</misses>
				<total>0</total>
				<timestamp>294.636820</timestamp>
			</report>
			<report>
				<misses>31900000</misses>
				<total>0</total>
				<timestamp>295.560747</timestamp>
			</report>
			<report>
				<misses>32000000</misses>
				<total>0</total>
				<timestamp>296.474808</timestamp>
			</report>
			<report>
				<misses>32100000</misses>
				<total>0</total>
				<timestamp>297.411036</timestamp>
			</report>
			<report>
				<misses>32200000</misses>
				<total>0</total>
				<timestamp>298.324736</timestamp>
			</report>
			<report>
				<misses>32300000</misses>
				<total>0</total>
				<timestamp>299.268480</timestamp>
			</report>
			<report>
				<misses>32400000</misses>
				<total>0</total>
				<timestamp>300.201124</timestamp>
			</report>
			<report>
				<misses>32500000</misses>
				<total>0</total>
				<timestamp>301.142208</timestamp>
			</report>
			<report>
				<misses>32600000</misses>
				<total>0</total>
				<timestamp>302.098560</timestamp>
			</report>
			<report>
				<misses>32700000</misses>
				<total>0</total>
				<timestamp>303.030295</timestamp>
			</report>
			<report>
				<misses>32800000</misses>
				<total>0</total>
				<timestamp>303.988247</timestamp>
			</report>
			<report>
				<misses>32900000</misses>
				<total>0</total>
				<timestamp>304.925099</timestamp>
			</report>
			<report>
				<misses>33000000</misses>
				<total>0</total>
				<timestamp>305.871063</timestamp>
			</report>
			<report>
				<misses>33100000</misses>
				<total>0</total>
				<timestamp>306.815032</timestamp>
			</report>
			<report>
				<misses>33200000</misses>
				<total>0</total>
				<timestamp>307.729435</timestamp>
			</report>
			<report>
				<misses>33300000</misses>
				<total>0</total>
				<timestamp>308.668013</timestamp>
			</report>
			<report>
				<misses>33400000</misses>
				<total>0</total>
				<timestamp>309.594555</timestamp>
			</report>
			<report>
				<misses>33500000</misses>
				<total>0</total>
				<timestamp>310.508604</timestamp>
			</report>
			<report>
				<misses>33600000</misses>
				<total>0</total>
				<timestamp>311.413649</timestamp>
			</report>
			<report>
				<misses>33700000</misses>
				<total>0</total>
				<timestamp>312.306310</timestamp>
			</report>
			<report>
				<misses>33800000</misses>
				<total>0</total>
				<timestamp>313.214393</timestamp>
			</report>
			<report>
				<misses>33900000</misses>
				<total>0</total>
				<timestamp>314.110304</timestamp>
			</report>
			<report>
				<misses>34000000</misses>
				<total>0</total>
				<timestamp>315.031289</timestamp>
			</report>
			<report>
				<misses>34100000</misses>
				<total>0</total>
				<timestamp>315.927996</timestamp>
			</report>
			<report>
				<misses>34200000</misses>
				<total>0</total>
				<timestamp>316.827971</timestamp>
			</report>
			<report>
				<misses>34300000</misses>
				<total>0</total>
				<timestamp>317.748388</timestamp>
			</report>
			<report>
				<misses>34400000</misses>
				<total>0</total>
				<timestamp>318.681094</timestamp>
			</report>
			<report>
				<misses>34500000</misses>
				<total>0</total>
				<timestamp>319.602050</timestamp>
			</report>
			<report>
				<misses>34600000</misses>
				<total>0</total>
				<timestamp>320.517247</timestamp>
			</report>
			<report>
				<misses>34700000</misses>
				<total>0</total>
				<timestamp>321.459823</timestamp>
			</report>
			<report>
				<misses>34800000</misses>
				<total>0</total>
				<timestamp>322.377703</timestamp>
			</report>
			<report>
				<misses>34900000</misses>
				<total>0</total>
				<timestamp>323.308584</timestamp>
			</report>
			<report>
				<misses>35000000</misses>
				<total>0</total>
				<timestamp>324.221843</timestamp>
			</report>
			<report>
				<misses>35100000</misses>
				<total>0</total>
				<timestamp>325.163683</timestamp>
			</report>
			<report>
				<misses>35200000</misses>
				<total>0</total>
				<timestamp>326.114699</timestamp>
			</report>
			<report>
				<misses>35300000</misses>
				<total>0</total>
				<timestamp>327.028287</timestamp>
			</report>
			<report>
				<misses>35400000</misses>
				<total>0</total>
				<timestamp>327.938475</timestamp>
			</report>
			<report>
				<misses>35500000</misses>
				<total>0</total>
				<timestamp>328.837139</timestamp>
			</report>
			<report>
				<misses>35600000</misses>
				<total>0</total>
				<timestamp>329.739917</timestamp>
			</report>
			<report>
				<misses>35700000</misses>
				<total>0</total>
				<timestamp>330.630275</timestamp>
			</report>
			<report>
				<misses>35800000</misses>
				<total>0</total>
				<timestamp>331.514119</timestamp>
			</report>
			<report>
				<misses>35900000</misses>
				<total>0</total>
				<timestamp>332.409564</timestamp>
			</report>
			<report>
				<misses>36000000</misses>
				<total>0</total>
				<timestamp>333.321017</timestamp>
			</report>
			<report>
				<misses>36100000</misses>
				<total>0</total>
				<timestamp>334.245151</timestamp>
			</report>
			<report>
				<misses>36200000</misses>
				<total>0</total>
				<timestamp>335.150890</timestamp>
			</report>
			<report>
				<misses>36300000</misses>
				<total>0</total>
				<timestamp>336.061081</timestamp>
			</report>
			<report>
				<misses>36400000</misses>
				<total>0</total>
				<timestamp>337.011080</timestamp>
			</report>
			<report>
				<misses>36500000</misses>
				<total>0</total>
				<timestamp>337.946158</timestamp>
			</report>
			<report>
				<misses>36600000</misses>
				<total>0</total>
				<timestamp>338.871834</timestamp>
			</report>
			<report>
				<misses>36700000</misses>
				<total>0</total>
				<timestamp>339.795609</timestamp>
			</report>
			<report>
				<misses>36800000</misses>
				<total>0</total>
				<timestamp>340.740716</timestamp>
			</report>
			<report>
				<misses>36900000</misses>
				<total>0</total>
				<timestamp>341.661469</timestamp>
			</report>
			<report>
				<misses>37000000</misses>
				<total>0</total>
				<timestamp>342.584242</timestamp>
			</report>
			<report>
				<misses>37100000</misses>
				<total>0</total>
				<timestamp>343.511487</timestamp>
			</report>
			<report>
				<misses>37200000</misses>
				<total>0</total>
				<timestamp>344.424837</timestamp>
			</report>
			<report>
				<misses>37300000</misses>
				<total>0</total>
				<timestamp>345.377335</timestamp>
			</report>
			<report>
				<misses>37400000</misses>
				<total>0</total>
				<timestamp>346.332110</timestamp>
			</report>
			<report>
				<misses>37500000</misses>
				<total>0</total>
				<timestamp>347.276988</timestamp>
			</report>
			<report>
				<misses>37600000</misses>
				<total>0</total>
				<timestamp>348.226973</timestamp>
			</report>
			<report>
				<misses>37700000</misses>
				<total>0</total>
				<timestamp>349.167103</timestamp>
			</report>
			<report>
				<misses>37800000</misses>
				<total>0</total>
				<timestamp>350.104712</timestamp>
			</report>
			<report>
				<misses>37900000</misses>
				<total>0</total>
				<timestamp>351.077810</timestamp>
			</report>
			<report>
				<misses>38000000</misses>
				<total>0</total>
				<timestamp>352.021442</timestamp>
			</report>
			<report>
				<misses>38100000</misses>
				<total>0</total>
				<timestamp>352.973746</timestamp>
			</report>
			<report>
				<misses>38200000</misses>
				<total>0</total>
				<timestamp>353.907378</timestamp>
			</report>
			<report>
				<misses>38300000</misses>
				<total>0</total>
				<timestamp>354.842569</timestamp>
			</report>
			<report>
				<misses>38400000</misses>
				<total>0</total>
				<timestamp>355.786201</timestamp>
			</report>
			<report>
				<misses>38500000</misses>
				<total>0</total>
				<timestamp>356.712298</timestamp>
			</report>
			<report>
				<misses>38600000</misses>
				<total>0</total>
				<timestamp>357.659823</timestamp>
			</report>
			<report>
				<misses>38700000</misses>
				<total>0</total>
				<timestamp>358.554270</timestamp>
			</report>
			<report>
				<misses>38800000</misses>
				<total>0</total>
				<timestamp>359.456267</timestamp>
			</report>
			<report>
				<misses>38900000</misses>
				<total>0</total>
				<timestamp>360.361985</timestamp>
			</report>
			<report>
				<misses>39000000</misses>
				<total>0</total>
				<timestamp>361.271630</timestamp>
			</report>
			<report>
				<misses>39100000</misses>
				<total>0</total>
				<timestamp>362.176898</timestamp>
			</report>
			<report>
				<misses>39200000</misses>
				<total>0</total>
				<timestamp>363.088775</timestamp>
			</report>
			<report>
				<misses>39300000</misses>
				<total>0</total>
				<timestamp>364.009861</timestamp>
			</report>
			<report>
				<misses>39400000</misses>
				<total>0</total>
				<timestamp>364.952598</timestamp>
			</report>
			<report>
				<misses>39500000</misses>
				<total>0</total>
				<timestamp>365.888816</timestamp>
			</report>
			<report>
				<misses>39600000</misses>
				<total>0</total>
				<timestamp>366.809548</timestamp>
			</report>
			<report>
				<misses>39700000</misses>
				<total>0</total>
				<timestamp>367.744979</timestamp>
			</report>
			<report>
				<misses>39800000</misses>
				<total>0</total>
				<timestamp>368.683492</timestamp>
			</report>
			<report>
				<misses>39900000</misses>
				<total>0</total>
				<timestamp>369.603670</timestamp>
			</report>
			<report>
				<misses>40000000</misses>
				<total>0</total>
				<timestamp>370.508823</timestamp>
			</report>
			<report>
				<misses>40100000</misses>
				<total>0</total>
				<timestamp>371.413766</timestamp>
			</report>
			<report>
				<misses>40200000</misses>
				<total>0</total>
				<timestamp>372.326444</timestamp>
			</report>
			<report>
				<misses>40300000</misses>
				<total>0</total>
				<timestamp>373.259819</timestamp>
			</report>
			<report>
				<misses>40400000</misses>
				<total>0</total>
				<timestamp>374.187649</timestamp>
			</report>
			<report>
				<misses>40500000</misses>
				<total>0</total>
				<timestamp>375.094193</timestamp>
			</report>
			<report>
				<misses>40600000</misses>
				<total>0</total>
				<timestamp>376.010931</timestamp>
			</report>
			<report>
				<misses>40700000</misses>
				<total>0</total>
				<timestamp>376.917821</timestamp>
			</report>
			<report>
				<misses>40800000</misses>
				<total>0</total>
				<timestamp>377.823321</timestamp>
			</report>
			<report>
				<misses>40900000</misses>
				<total>0</total>
				<timestamp>378.726447</timestamp>
			</report>
			<report>
				<misses>41000000</misses>
				<total>0</total>
				<timestamp>379.611489</timestamp>
			</report>
			<report>
				<misses>41100000</misses>
				<total>0</total>
				<timestamp>380.502893</timestamp>
			</report>
			<report>
				<misses>41200000</misses>
				<total>0</total>
				<timestamp>381.397677</timestamp>
			</report>
			<report>
				<misses>41300000</misses>
				<total>0</total>
				<timestamp>382.331861</timestamp>
			</report>
			<report>
				<misses>41400000</misses>
				<total>0</total>
				<timestamp>383.251810</timestamp>
			</report>
			<report>
				<misses>41500000</misses>
				<total>0</total>
				<timestamp>384.180317</timestamp>
			</report>
			<report>
				<misses>41600000</misses>
				<total>0</total>
				<timestamp>385.097594</timestamp>
			</report>
			<report>
				<misses>41700000</misses>
				<total>0</total>
				<timestamp>386.018565</timestamp>
			</report>
			<report>
				<misses>41800000</misses>
				<total>0</total>
				<timestamp>386.931450</timestamp>
			</report>
			<report>
				<misses>41900000</misses>
				<total>0</total>
				<timestamp>387.847217</timestamp>
			</report>
			<report>
				<misses>42000000</misses>
				<total>0</total>
				<timestamp>388.775461</timestamp>
			</report>
			<report>
				<misses>42100000</misses>
				<total>0</total>
				<timestamp>389.688256</timestamp>
			</report>
			<report>
				<misses>42200000</misses>
				<total>0</total>
				<timestamp>390.640851</timestamp>
			</report>
			<report>
				<misses>42300000</misses>
				<total>0</total>
				<timestamp>391.575974</timestamp>
			</report>
			<report>
				<misses>42400000</misses>
				<total>0</total>
				<timestamp>392.514973</timestamp>
			</report>
			<report>
				<misses>42500000</misses>
				<total>0</total>
				<timestamp>393.443333</timestamp>
			</report>
			<report>
				<misses>42600000</misses>
				<total>0</total>
				<timestamp>394.343720</timestamp>
			</report>
			<report>
				<misses>42700000</misses>
				<total>0</total>
				<timestamp>395.245831</timestamp>
			</report>
			<report>
				<misses>42800000</misses>
				<total>0</total>
				<timestamp>396.154714</timestamp>
			</report>
			<report>
				<misses>42900000</misses>
				<total>0</total>
				<timestamp>397.045791</timestamp>
			</report>
			<report>
				<misses>43000000</misses>
				<total>0</total>
				<timestamp>397.945428</timestamp>
			</report>
			<report>
				<misses>43100000</misses>
				<total>0</total>
				<timestamp>398.840252</timestamp>
			</report>
			<report>
				<misses>43200000</misses>
				<total>0</total>
				<timestamp>399.774945</timestamp>
			</report>
			<report>
				<misses>43300000</misses>
				<total>0</total>
				<timestamp>400.711624</timestamp>
			</report>
			<report>
				<misses>43400000</misses>
				<total>0</total>
				<timestamp>401.623281</timestamp>
			</report>
			<report>
				<misses>43500000</misses>
				<total>0</total>
				<timestamp>402.574527</timestamp>
			</report>
			<report>
				<misses>43600000</misses>
				<total>0</total>
				<timestamp>403.497332</timestamp>
			</report>
			<report>
				<misses>43700000</misses>
				<total>0</total>
				<timestamp>404.425476</timestamp>
			</report>
			<report>
				<misses>43800000</misses>
				<total>0</total>
				<timestamp>405.362962</timestamp>
			</report>
			<report>
				<misses>43900000</misses>
				<total>0</total>
				<timestamp>406.314883</timestamp>
			</report>
			<report>
				<misses>44000000</misses>
				<total>0</total>
				<timestamp>407.272738</timestamp>
			</report>
			<report>
				<misses>44100000</misses>
				<total>0</total>
				<timestamp>408.213501</timestamp>
			</report>
			<report>
				<misses>44200000</misses>
				<total>0</total>
				<timestamp>409.134474</timestamp>
			</report>
			<report>
				<misses>44300000</misses>
				<total>0</total>
				<timestamp>410.063867</timestamp>
			</report>
			<report>
				<misses>44400000</misses>
				<total>0</total>
				<timestamp>410.987260</timestamp>
			</report>
			<report>
				<misses>44500000</misses>
				<total>0</total>
				<timestamp>411.917239</timestamp>
			</report>
			<report>
				<misses>44600000</misses>
				<total>0</total>
				<timestamp>412.855827</timestamp>
			</report>
			<report>
				<misses>44700000</misses>
				<total>0</total>
				<timestamp>413.800841</timestamp>
			</report>
			<report>
				<misses>44800000</misses>
				<total>0</total>
				<timestamp>414.736198</timestamp>
			</report>
			<report>
				<misses>44900000</misses>
				<total>0</total>
				<timestamp>415.684244</timestamp>
			</report>
			<report>
				<misses>45000000</misses>
				<total>0</total>
				<timestamp>416.624736</timestamp>
			</report>
			<report>
				<misses>45100000</misses>
				<total>0</total>
				<timestamp>417.579415</timestamp>
			</report>
			<report>
				<misses>45200000</misses>
				<total>0</total>
				<timestamp>418.527282</timestamp>
			</report>
			<report>
				<misses>45300000</misses>
				<total>0</total>
				<timestamp>419.484209</timestamp>
			</report>
			<report>
				<misses>45400000</misses>
				<total>0</total>
				<timestamp>420.432617</timestamp>
			</report>
			<report>
				<misses>45500000</misses>
				<total>0</total>
				<timestamp>421.385017</timestamp>
			</report>
			<report>
				<misses>45600000</misses>
				<total>0</total>
				<timestamp>422.311805</timestamp>
			</report>
			<report>
				<misses>45700000</misses>
				<total>0</total>
				<timestamp>423.245409</timestamp>
			</report>
			<report>
				<misses>45800000</misses>
				<total>0</total>
				<timestamp>424.143508</timestamp>
			</report>
			<report>
				<misses>45900000</misses>
				<total>0</total>
				<timestamp>425.035065</timestamp>
			</report>
			<report>
				<misses>46000000</misses>
				<total>0</total>
				<timestamp>425.930431</timestamp>
			</report>
			<report>
				<misses>46100000</misses>
				<total>0</total>
				<timestamp>426.831622</timestamp>
			</report>
			<report>
				<misses>46200000</misses>
				<total>0</total>
				<timestamp>427.727208</timestamp>
			</report>
			<report>
				<misses>46300000</misses>
				<total>0</total>
				<timestamp>428.629620</timestamp>
			</report>
			<report>
				<misses>46400000</misses>
				<total>0</total>
				<timestamp>429.570662</timestamp>
			</report>
			<report>
				<misses>46500000</misses>
				<total>0</total>
				<timestamp>430.497528</timestamp>
			</report>
			<report>
				<misses>46600000</misses>
				<total>0</total>
				<timestamp>431.419398</timestamp>
			</report>
			<report>
				<misses>46700000</misses>
				<total>0</total>
				<timestamp>432.341307</timestamp>
			</report>
			<report>
				<misses>46800000</misses>
				<total>0</total>
				<timestamp>433.266357</timestamp>
			</report>
			<report>
				<misses>46900000</misses>
				<total>0</total>
				<timestamp>434.165148</timestamp>
			</report>
			<report>
				<misses>47000000</misses>
				<total>0</total>
				<timestamp>435.095297</timestamp>
			</report>
			<report>
				<misses>47100000</misses>
				<total>0</total>
				<timestamp>436.003839</timestamp>
			</report>
			<report>
				<misses>47200000</misses>
				<total>0</total>
				<timestamp>436.910712</timestamp>
			</report>
			<report>
				<misses>47300000</misses>
				<total>0</total>
				<timestamp>437.828627</timestamp>
			</report>
			<report>
				<misses>47400000</misses>
				<total>0</total>
				<timestamp>438.753538</timestamp>
			</report>
			<report>
				<misses>47500000</misses>
				<total>0</total>
				<timestamp>439.684553</timestamp>
			</report>
			<report>
				<misses>47600000</misses>
				<total>0</total>
				<timestamp>440.584525</timestamp>
			</report>
			<report>
				<misses>47700000</misses>
				<total>0</total>
				<timestamp>441.482389</timestamp>
			</report>
			<report>
				<misses>47800000</misses>
				<total>0</total>
				<timestamp>442.369583</timestamp>
			</report>
			<report>
				<misses>47900000</misses>
				<total>0</total>
				<timestamp>443.269602</timestamp>
			</report>
			<report>
				<misses>48000000</misses>
				<total>0</total>
				<timestamp>444.169004</timestamp>
			</report>
			<report>
				<misses>48100000</misses>
				<total>0</total>
				<timestamp>445.070639</timestamp>
			</report>
			<report>
				<misses>48200000</misses>
				<total>0</total>
				<timestamp>445.963722</timestamp>
			</report>
			<report>
				<misses>48300000</misses>
				<total>0</total>
				<timestamp>446.851809</timestamp>
			</report>
			<report>
				<misses>48400000</misses>
				<total>0</total>
				<timestamp>447.776476</timestamp>
			</report>
			<report>
				<misses>48500000</misses>
				<total>0</total>
				<timestamp>448.712938</timestamp>
			</report>
			<report>
				<misses>48600000</misses>
				<total>0</total>
				<timestamp>449.627741</timestamp>
			</report>
			<report>
				<misses>48700000</misses>
				<total>0</total>
				<timestamp>450.566928</timestamp>
			</report>
			<report>
				<misses>48800000</misses>
				<total>0</total>
				<timestamp>451.516656</timestamp>
			</report>
			<report>
				<misses>48900000</misses>
				<total>0</total>
				<timestamp>452.443903</timestamp>
			</report>
			<report>
				<misses>49000000</misses>
				<total>0</total>
				<timestamp>453.398891</timestamp>
			</report>
			<report>
				<misses>49100000</misses>
				<total>0</total>
				<timestamp>454.326520</timestamp>
			</report>
			<report>
				<misses>49200000</misses>
				<total>0</total>
				<timestamp>455.286474</timestamp>
			</report>
			<report>
				<misses>49300000</misses>
				<total>0</total>
				<timestamp>456.215294</timestamp>
			</report>
			<report>
				<misses>49400000</misses>
				<total>0</total>
				<timestamp>457.168708</timestamp>
			</report>
			<report>
				<misses>49500000</misses>
				<total>0</total>
				<timestamp>458.091201</timestamp>
			</report>
			<report>
				<misses>49600000</misses>
				<total>0</total>
				<timestamp>459.019421</timestamp>
			</report>
			<report>
				<misses>49700000</misses>
				<total>0</total>
				<timestamp>459.958168</timestamp>
			</report>
			<report>
				<misses>49800000</misses>
				<total>0</total>
				<timestamp>460.877545</timestamp>
			</report>
			<report>
				<misses>49900000</misses>
				<total>0</total>
				<timestamp>461.795684</timestamp>
			</report>
			<report>
				<misses>50000000</misses>
				<total>0</total>
				<timestamp>462.734296</timestamp>
			</report>
			<report>
				<misses>50100000</misses>
				<total>0</total>
				<timestamp>463.658680</timestamp>
			</report>
			<report>
				<misses>50200000</misses>
				<total>0</total>
				<timestamp>464.547018</timestamp>
			</report>
			<report>
				<misses>50300000</misses>
				<total>0</total>
				<timestamp>465.449406</timestamp>
			</report>
			<report>
				<misses>50400000</misses>
				<total>0</total>
				<timestamp>466.360349</timestamp>
			</report>
			<report>
				<misses>50500000</misses>
				<total>0</total>
				<timestamp>467.261553</timestamp>
			</report>
			<report>
				<misses>50600000</misses>
				<total>0</total>
				<timestamp>468.153161</timestamp>
			</report>
			<report>
				<misses>50700000</misses>
				<total>0</total>
				<timestamp>469.049655</timestamp>
			</report>
			<report>
				<misses>50800000</misses>
				<total>0</total>
				<timestamp>469.954938</timestamp>
			</report>
			<report>
				<misses>50900000</misses>
				<total>0</total>
				<timestamp>470.876259</timestamp>
			</report>
			<report>
				<misses>51000000</misses>
				<total>0</total>
				<timestamp>471.810117</timestamp>
			</report>
			<report>
				<misses>51100000</misses>
				<total>0</total>
				<timestamp>472.732922</timestamp>
			</report>
			<report>
				<misses>51200000</misses>
				<total>0</total>
				<timestamp>473.660177</timestamp>
			</report>
			<report>
				<misses>51300000</misses>
				<total>0</total>
				<timestamp>474.574426</timestamp>
			</report>
			<report>
				<misses>51400000</misses>
				<total>0</total>
				<timestamp>475.493026</timestamp>
			</report>
			<report>
				<misses>51500000</misses>
				<total>0</total>
				<timestamp>476.421656</timestamp>
			</report>
			<report>
				<misses>51600000</misses>
				<total>0</total>
				<timestamp>477.371074</timestamp>
			</report>
			<report>
				<misses>51700000</misses>
				<total>0</total>
				<timestamp>478.323463</timestamp>
			</report>
			<report>
				<misses>51800000</misses>
				<total>0</total>
				<timestamp>479.254702</timestamp>
			</report>
			<report>
				<misses>51900000</misses>
				<total>0</total>
				<timestamp>480.198099</timestamp>
			</report>
			<report>
				<misses>52000000</misses>
				<total>0</total>
				<timestamp>481.120522</timestamp>
			</report>
			<report>
				<misses>52100000</misses>
				<total>0</total>
				<timestamp>482.038468</timestamp>
			</report>
			<report>
				<misses>52200000</misses>
				<total>0</total>
				<timestamp>482.987289</timestamp>
			</report>
			<report>
				<misses>52300000</misses>
				<total>0</total>
				<timestamp>483.915895</timestamp>
			</report>
			<report>
				<misses>52400000</misses>
				<total>0</total>
				<timestamp>484.855305</timestamp>
			</report>
			<report>
				<misses>52500000</misses>
				<total>0</total>
				<timestamp>485.783672</timestamp>
			</report>
			<report>
				<misses>52600000</misses>
				<total>0</total>
				<timestamp>486.729006</timestamp>
			</report>
			<report>
				<misses>52700000</misses>
				<total>0</total>
				<timestamp>487.672293</timestamp>
			</report>
			<report>
				<misses>52800000</misses>
				<total>0</total>
				<timestamp>488.592075</timestamp>
			</report>
			<report>
				<misses>52900000</misses>
				<total>0</total>
				<timestamp>489.493936</timestamp>
			</report>
			<report>
				<misses>53000000</misses>
				<total>0</total>
				<timestamp>490.387545</timestamp>
			</report>
			<report>
				<misses>53100000</misses>
				<total>0</total>
				<timestamp>491.289930</timestamp>
			</report>
			<report>
				<misses>53200000</misses>
				<total>0</total>
				<timestamp>492.183149</timestamp>
			</report>
			<report>
				<misses>53300000</misses>
				<total>0</total>
				<timestamp>493.077846</timestamp>
			</report>
			<report>
				<misses>53400000</misses>
				<total>0</total>
				<timestamp>493.972408</timestamp>
			</report>
			<report>
				<misses>53500000</misses>
				<total>0</total>
				<timestamp>494.888211</timestamp>
			</report>
			<report>
				<misses>53600000</misses>
				<total>0</total>
				<timestamp>495.833590</timestamp>
			</report>
			<report>
				<misses>53700000</misses>
				<total>0</total>
				<timestamp>496.755609</timestamp>
			</report>
			<report>
				<misses>53800000</misses>
				<total>0</total>
				<timestamp>497.688787</timestamp>
			</report>
			<report>
				<misses>53900000</misses>
				<total>0</total>
				<timestamp>498.599955</timestamp>
			</report>
			<report>
				<misses>54000000</misses>
				<total>0</total>
				<timestamp>499.508084</timestamp>
			</report>
			<report>
				<misses>54100000</misses>
				<total>0</total>
				<timestamp>500.444760</timestamp>
			</report>
			<report>
				<misses>54200000</misses>
				<total>0</total>
				<timestamp>501.382963</timestamp>
			</report>
			<report>
				<misses>54300000</misses>
				<total>0</total>
				<timestamp>502.306762</timestamp>
			</report>
			<report>
				<misses>54400000</misses>
				<total>0</total>
				<timestamp>503.242321</timestamp>
			</report>
			<report>
				<misses>54500000</misses>
				<total>0</total>
				<timestamp>504.156358</timestamp>
			</report>
			<report>
				<misses>54600000</misses>
				<total>0</total>
				<timestamp>505.067077</timestamp>
			</report>
			<report>
				<misses>54700000</misses>
				<total>0</total>
				<timestamp>505.988512</timestamp>
			</report>
			<report>
				<misses>54800000</misses>
				<total>0</total>
				<timestamp>506.890714</timestamp>
			</report>
			<report>
				<misses>54900000</misses>
				<total>0</total>
				<timestamp>507.784942</timestamp>
			</report>
			<report>
				<misses>55000000</misses>
				<total>0</total>
				<timestamp>508.684292</timestamp>
			</report>
			<report>
				<misses>55100000</misses>
				<total>0</total>
				<timestamp>509.585417</timestamp>
			</report>
			<report>
				<misses>55200000</misses>
				<total>0</total>
				<timestamp>510.475468</timestamp>
			</report>
			<report>
				<misses>55300000</misses>
				<total>0</total>
				<timestamp>511.382589</timestamp>
			</report>
			<report>
				<misses>55400000</misses>
				<total>0</total>
				<timestamp>512.302574</timestamp>
			</report>
			<report>
				<misses>55500000</misses>
				<total>0</total>
				<timestamp>513.206515</timestamp>
			</report>
			<report>
				<misses>55600000</misses>
				<total>0</total>
				<timestamp>514.126020</timestamp>
			</report>
			<report>
				<misses>55700000</misses>
				<total>0</total>
				<timestamp>515.074080</timestamp>
			</report>
			<report>
				<misses>55800000</misses>
				<total>0</total>
				<timestamp>515.991064</timestamp>
			</report>
			<report>
				<misses>55900000</misses>
				<total>0</total>
				<timestamp>516.909996</timestamp>
			</report>
			<report>
				<misses>56000000</misses>
				<total>0</total>
				<timestamp>517.828361</timestamp>
			</report>
			<report>
				<misses>56100000</misses>
				<total>0</total>
				<timestamp>518.782859</timestamp>
			</report>
			<report>
				<misses>56200000</misses>
				<total>0</total>
				<timestamp>519.710776</timestamp>
			</report>
			<report>
				<misses>56300000</misses>
				<total>0</total>
				<timestamp>520.630501</timestamp>
			</report>
			<report>
				<misses>56400000</misses>
				<total>0</total>
				<timestamp>521.551917</timestamp>
			</report>
			<report>
				<misses>56500000</misses>
				<total>0</total>
				<timestamp>522.487488</timestamp>
			</report>
			<report>
				<misses>56600000</misses>
				<total>0</total>
				<timestamp>523.420160</timestamp>
			</report>
			<report>
				<misses>56700000</misses>
				<total>0</total>
				<timestamp>524.322480</timestamp>
			</report>
			<report>
				<misses>56800000</misses>
				<total>0</total>
				<timestamp>525.220941</timestamp>
			</report>
			<report>
				<misses>56900000</misses>
				<total>0</total>
				<timestamp>526.110640</timestamp>
			</report>
			<report>
				<misses>57000000</misses>
				<total>0</total>
				<timestamp>527.019408</timestamp>
			</report>
			<report>
				<misses>57100000</misses>
				<total>0</total>
				<timestamp>527.923218</timestamp>
			</report>
			<report>
				<misses>57200000</misses>
				<total>0</total>
				<timestamp>528.819986</timestamp>
			</report>
			<report>
				<misses>57300000</misses>
				<total>0</total>
				<timestamp>529.725858</timestamp>
			</report>
			<report>
				<misses>57400000</misses>
				<total>0</total>
				<timestamp>530.645401</timestamp>
			</report>
			<report>
				<misses>57500000</misses>
				<total>0</total>
				<timestamp>531.567171</timestamp>
			</report>
			<report>
				<misses>57600000</misses>
				<total>0</total>
				<timestamp>532.480069</timestamp>
			</report>
			<report>
				<misses>57700000</misses>
				<total>0</total>
				<timestamp>533.407128</timestamp>
			</report>
			<report>
				<misses>57800000</misses>
				<total>0</total>
				<timestamp>534.315700</timestamp>
			</report>
			<report>
				<misses>57900000</misses>
				<total>0</total>
				<timestamp>535.267888</timestamp>
			</report>
			<report>
				<misses>58000000</misses>
				<total>0</total>
				<timestamp>536.190791</timestamp>
			</report>
			<report>
				<misses>58100000</misses>
				<total>0</total>
				<timestamp>537.106411</timestamp>
			</report>
			<report>
				<misses>58200000</misses>
				<total>0</total>
				<timestamp>538.022364</timestamp>
			</report>
			<report>
				<misses>58300000</misses>
				<total>0</total>
				<timestamp>538.942786</timestamp>
			</report>
			<report>
				<misses>58400000</misses>
				<total>0</total>
				<timestamp>539.870403</timestamp>
			</report>
			<report>
				<misses>58500000</misses>
				<total>0</total>
				<timestamp>540.786936</timestamp>
			</report>
			<report>
				<misses>58600000</misses>
				<total>0</total>
				<timestamp>541.716232</timestamp>
			</report>
			<report>
				<misses>58700000</misses>
				<total>0</total>
				<timestamp>542.617278</timestamp>
			</report>
			<report>
				<misses>58800000</misses>
				<total>0</total>
				<timestamp>543.506611</timestamp>
			</report>
			<report>
				<misses>58900000</misses>
				<total>0</total>
				<timestamp>544.398960</timestamp>
			</report>
			<report>
				<misses>59000000</misses>
				<total>0</total>
				<timestamp>545.296279</timestamp>
			</report>
			<report>
				<misses>59100000</misses>
				<total>0</total>
				<timestamp>546.208994</timestamp>
			</report>
			<report>
				<misses>59200000</misses>
				<total>0</total>
				<timestamp>547.104736</timestamp>
			</report>
			<report>
				<misses>59300000</misses>
				<total>0</total>
				<timestamp>548.023198</timestamp>
			</report>
			<report>
				<misses>59400000</misses>
				<total>0</total>
				<timestamp>548.953518</timestamp>
			</report>
			<report>
				<misses>59500000</misses>
				<total>0</total>
				<timestamp>549.863292</timestamp>
			</report>
			<report>
				<misses>59600000</misses>
				<total>0</total>
				<timestamp>550.785140</timestamp>
			</report>
			<report>
				<misses>59700000</misses>
				<total>0</total>
				<timestamp>551.686557</timestamp>
			</report>
			<report>
				<misses>59800000</misses>
				<total>0</total>
				<timestamp>552.610273</timestamp>
			</report>
			<report>
				<misses>59900000</misses>
				<total>0</total>
				<timestamp>553.526670</timestamp>
			</report>
			<report>
				<misses>60000000</misses>
				<total>0</total>
				<timestamp>554.461129</timestamp>
			</report>
			<report>
				<misses>60100000</misses>
				<total>0</total>
				<timestamp>555.381646</timestamp>
			</report>
			<report>
				<misses>60200000</misses>
				<total>0</total>
				<timestamp>556.318124</timestamp>
			</report>
			<report>
				<misses>60300000</misses>
				<total>0</total>
				<timestamp>557.236073</timestamp>
			</report>
			<report>
				<misses>60400000</misses>
				<total>0</total>
				<timestamp>558.153623</timestamp>
			</report>
			<report>
				<misses>60500000</misses>
				<total>0</total>
				<timestamp>559.086875</timestamp>
			</report>
			<report>
				<misses>60600000</misses>
				<total>0</total>
				<timestamp>560.016324</timestamp>
			</report>
			<report>
				<misses>60700000</misses>
				<total>0</total>
				<timestamp>560.914064</timestamp>
			</report>
			<report>
				<misses>60800000</misses>
				<total>0</total>
				<timestamp>561.812128</timestamp>
			</report>
			<report>
				<misses>60900000</misses>
				<total>0</total>
				<timestamp>562.715541</timestamp>
			</report>
			<report>
				<misses>61000000</misses>
				<total>0</total>
				<timestamp>563.619355</timestamp>
			</report>
			<report>
				<misses>61100000</misses>
				<total>0</total>
				<timestamp>564.509880</timestamp>
			</report>
			<report>
				<misses>61200000</misses>
				<total>0</total>
				<timestamp>565.417299</timestamp>
			</report>
			<report>
				<misses>61300000</misses>
				<total>0</total>
				<timestamp>566.332147</timestamp>
			</report>
			<report>
				<misses>61400000</misses>
				<total>0</total>
				<timestamp>567.277684</timestamp>
			</report>
			<report>
				<misses>61500000</misses>
				<total>0</total>
				<timestamp>568.188802</timestamp>
			</report>
			<report>
				<misses>61600000</misses>
				<total>0</total>
				<timestamp>569.103840</timestamp>
			</report>
			<report>
				<misses>61700000</misses>
				<total>0</total>
				<timestamp>570.032689</timestamp>
			</report>
			<report>
				<misses>61800000</misses>
				<total>0</total>
				<timestamp>570.946233</timestamp>
			</report>
			<report>
				<misses>61900000</misses>
				<total>0</total>
				<timestamp>571.861039</timestamp>
			</report>
			<report>
				<misses>62000000</misses>
				<total>0</total>
				<timestamp>572.773592</timestamp>
			</report>
			<report>
				<misses>62100000</misses>
				<total>0</total>
				<timestamp>573.708579</timestamp>
			</report>
			<report>
				<misses>62200000</misses>
				<total>0</total>
				<timestamp>574.655640</timestamp>
			</report>
			<report>
				<misses>62300000</misses>
				<total>0</total>
				<timestamp>575.586194</timestamp>
			</report>
			<report>
				<misses>62400000</misses>
				<total>0</total>
				<timestamp>576.524989</timestamp>
			</report>
			<report>
				<misses>62500000</misses>
				<total>0</total>
				<timestamp>577.466546</timestamp>
			</report>
			<report>
				<misses>62600000</misses>
				<total>0</total>
				<timestamp>578.420999</timestamp>
			</report>
			<report>
				<misses>62700000</misses>
				<total>0</total>
				<timestamp>579.375765</timestamp>
			</report>
			<report>
				<misses>62800000</misses>
				<total>0</total>
				<timestamp>580.314952</timestamp>
			</report>
			<report>
				<misses>62900000</misses>
				<total>0</total>
				<timestamp>581.230268</timestamp>
			</report>
			<report>
				<misses>63000000</misses>
				<total>0</total>
				<timestamp>582.136380</timestamp>
			</report>
			<report>
				<misses>63100000</misses>
				<total>0</total>
				<timestamp>583.056109</timestamp>
			</report>
			<report>
				<misses>63200000</misses>
				<total>0</total>
				<timestamp>583.986652</timestamp>
			</report>
			<report>
				<misses>63300000</misses>
				<total>0</total>
				<timestamp>584.916408</timestamp>
			</report>
			<report>
				<misses>63400000</misses>
				<total>0</total>
				<timestamp>585.845568</timestamp>
			</report>
			<report>
				<misses>63500000</misses>
				<total>0</total>
				<timestamp>586.743311</timestamp>
			</report>
			<report>
				<misses>63600000</misses>
				<total>0</total>
				<timestamp>587.634833</timestamp>
			</report>
			<report>
				<misses>63700000</misses>
				<total>0</total>
				<timestamp>588.532145</timestamp>
			</report>
			<report>
				<misses>63800000</misses>
				<total>0</total>
				<timestamp>589.429099</timestamp>
			</report>
			<report>
				<misses>63900000</misses>
				<total>0</total>
				<timestamp>590.329043</timestamp>
			</report>
			<report>
				<misses>64000000</misses>
				<total>0</total>
				<timestamp>591.231332</timestamp>
			</report>
			<report>
				<misses>64100000</misses>
				<total>0</total>
				<timestamp>592.138001</timestamp>
			</report>
			<report>
				<misses>64200000</misses>
				<total>0</total>
				<timestamp>593.050427</timestamp>
			</report>
			<report>
				<misses>64300000</misses>
				<total>0</total>
				<timestamp>594.002382</timestamp>
			</report>
			<report>
				<misses>64400000</misses>
				<total>0</total>
				<timestamp>594.909569</timestamp>
			</report>
			<report>
				<misses>64500000</misses>
				<total>0</total>
				<timestamp>595.833162</timestamp>
			</report>
			<report>
				<misses>64600000</misses>
				<total>0</total>
				<timestamp>596.762669</timestamp>
			</report>
			<report>
				<misses>64700000</misses>
				<total>0</total>
				<timestamp>597.704353</timestamp>
			</report>
			<report>
				<misses>64800000</misses>
				<total>0</total>
				<timestamp>598.605418</timestamp>
			</report>
			<report>
				<misses>64900000</misses>
				<total>0</total>
				<timestamp>599.512652</timestamp>
			</report>
			<report>
				<misses>65000000</misses>
				<total>0</total>
				<timestamp>600.439779</timestamp>
			</report>
			<report>
				<misses>65100000</misses>
				<total>0</total>
				<timestamp>601.369295</timestamp>
			</report>
			<report>
				<misses>65200000</misses>
				<total>0</total>
				<timestamp>602.315885</timestamp>
			</report>
			<report>
				<misses>65300000</misses>
				<total>0</total>
				<timestamp>603.267713</timestamp>
			</report>
			<report>
				<misses>65400000</misses>
				<total>0</total>
				<timestamp>604.197212</timestamp>
			</report>
			<report>
				<misses>65500000</misses>
				<total>0</total>
				<timestamp>605.107955</timestamp>
			</report>
			<report>
				<misses>65600000</misses>
				<total>0</total>
				<timestamp>606.053182</timestamp>
			</report>
			<report>
				<misses>65700000</misses>
				<total>0</total>
				<timestamp>606.987113</timestamp>
			</report>
			<report>
				<misses>65800000</misses>
				<total>0</total>
				<timestamp>607.894753</timestamp>
			</report>
			<report>
				<misses>65900000</misses>
				<total>0</total>
				<timestamp>608.811663</timestamp>
			</report>
			<report>
				<misses>66000000</misses>
				<total>0</total>
				<timestamp>609.733314</timestamp>
			</report>
			<report>
				<misses>66100000</misses>
				<total>0</total>
				<timestamp>610.636880</timestamp>
			</report>
			<report>
				<misses>66200000</misses>
				<total>0</total>
				<timestamp>611.535099</timestamp>
			</report>
			<report>
				<misses>66300000</misses>
				<total>0</total>
				<timestamp>612.449256</timestamp>
			</report>
			<report>
				<misses>66400000</misses>
				<total>0</total>
				<timestamp>613.330598</timestamp>
			</report>
			<report>
				<misses>66500000</misses>
				<total>0</total>
				<timestamp>614.233368</timestamp>
			</report>
			<report>
				<misses>66600000</misses>
				<total>0</total>
				<timestamp>615.125325</timestamp>
			</report>
			<report>
				<misses>66700000</misses>
				<total>0</total>
				<timestamp>616.032877</timestamp>
			</report>
			<report>
				<misses>66800000</misses>
				<total>0</total>
				<timestamp>616.972741</timestamp>
			</report>
			<report>
				<misses>66900000</misses>
				<total>0</total>
				<timestamp>617.903502</timestamp>
			</report>
			<report>
				<misses>67000000</misses>
				<total>0</total>
				<timestamp>618.824756</timestamp>
			</report>
			<report>
				<misses>67100000</misses>
				<total>0</total>
				<timestamp>619.744290</timestamp>
			</report>
			<report>
				<misses>67200000</misses>
				<total>0</total>
				<timestamp>620.684728</timestamp>
			</report>
			<report>
				<misses>67300000</misses>
				<total>0</total>
				<timestamp>621.587414</timestamp>
			</report>
			<report>
				<misses>67400000</misses>
				<total>0</total>
				<timestamp>622.497996</timestamp>
			</report>
			<report>
				<misses>67500000</misses>
				<total>0</total>
				<timestamp>623.408501</timestamp>
			</report>
			<report>
				<misses>67600000</misses>
				<total>0</total>
				<timestamp>624.336197</timestamp>
			</report>
			<report>
				<misses>67700000</misses>
				<total>0</total>
				<timestamp>625.272778</timestamp>
			</report>
			<report>
				<misses>67800000</misses>
				<total>0</total>
				<timestamp>626.210600</timestamp>
			</report>
			<report>
				<misses>67900000</misses>
				<total>0</total>
				<timestamp>627.138961</timestamp>
			</report>
			<report>
				<misses>68000000</misses>
				<total>0</total>
				<timestamp>628.059564</timestamp>
			</report>
			<report>
				<misses>68100000</misses>
				<total>0</total>
				<timestamp>628.953440</timestamp>
			</report>
			<report>
				<misses>68200000</misses>
				<total>0</total>
				<timestamp>629.856368</timestamp>
			</report>
			<report>
				<misses>68300000</misses>
				<total>0</total>
				<timestamp>630.771952</timestamp>
			</report>
			<report>
				<misses>68400000</misses>
				<total>0</total>
				<timestamp>631.668740</timestamp>
			</report>
			<report>
				<misses>68500000</misses>
				<total>0</total>
				<timestamp>632.577624</timestamp>
			</report>
			<report>
				<misses>68600000</misses>
				<total>0</total>
				<timestamp>633.464778</timestamp>
			</report>
			<report>
				<misses>68700000</misses>
				<total>0</total>
				<timestamp>634.369694</timestamp>
			</report>
			<report>
				<misses>68800000</misses>
				<total>0</total>
				<timestamp>635.321750</timestamp>
			</report>
			<report>
				<misses>68900000</misses>
				<total>0</total>
				<timestamp>636.247049</timestamp>
			</report>
			<report>
				<misses>69000000</misses>
				<total>0</total>
				<timestamp>637.173262</timestamp>
			</report>
			<report>
				<misses>69100000</misses>
				<total>0</total>
				<timestamp>638.121340</timestamp>
			</report>
			<report>
				<misses>69200000</misses>
				<total>0</total>
				<timestamp>639.058369</timestamp>
			</report>
			<report>
				<misses>69300000</misses>
				<total>0</total>
				<timestamp>639.966468</timestamp>
			</report>
			<report>
				<misses>69400000</misses>
				<total>0</total>
				<timestamp>640.875291</timestamp>
			</report>
			<report>
				<misses>69500000</misses>
				<total>0</total>
				<timestamp>641.814716</timestamp>
			</report>
			<report>
				<misses>69600000</misses>
				<total>0</total>
				<timestamp>642.719288</timestamp>
			</report>
			<report>
				<misses>69700000</misses>
				<total>0</total>
				<timestamp>643.644630</timestamp>
			</report>
			<report>
				<misses>69800000</misses>
				<total>0</total>
				<timestamp>644.578243</timestamp>
			</report>
			<report>
				<misses>69900000</misses>
				<total>0</total>
				<timestamp>645.496709</timestamp>
			</report>
			<report>
				<misses>70000000</misses>
				<total>0</total>
				<timestamp>646.393326</timestamp>
			</report>
			<report>
				<misses>70100000</misses>
				<total>0</total>
				<timestamp>647.286524</timestamp>
			</report>
			<report>
				<misses>70200000</misses>
				<total>0</total>
				<timestamp>648.187914</timestamp>
			</report>
			<report>
				<misses>70300000</misses>
				<total>0</total>
				<timestamp>649.090153</timestamp>
			</report>
			<report>
				<misses>70400000</misses>
				<total>0</total>
				<timestamp>649.987106</timestamp>
			</report>
			<report>
				<misses>70500000</misses>
				<total>0</total>
				<timestamp>650.876921</timestamp>
			</report>
			<report>
				<misses>70600000</misses>
				<total>0</total>
				<timestamp>651.792417</timestamp>
			</report>
			<report>
				<misses>70700000</misses>
				<total>0</total>
				<timestamp>652.706403</timestamp>
			</report>
			<report>
				<misses>70800000</misses>
				<total>0</total>
				<timestamp>653.636145</timestamp>
			</report>
			<report>
				<misses>70900000</misses>
				<total>0</total>
				<timestamp>654.545174</timestamp>
			</report>
			<report>
				<misses>71000000</misses>
				<total>0</total>
				<timestamp>655.462279</timestamp>
			</report>
			<report>
				<misses>71100000</misses>
				<total>0</total>
				<timestamp>656.379960</timestamp>
			</report>
			<report>
				<misses>71200000</misses>
				<total>0</total>
				<timestamp>657.282580</timestamp>
			</report>
			<report>
				<misses>71300000</misses>
				<total>0</total>
				<timestamp>658.203142</timestamp>
			</report>
			<report>
				<misses>71400000</misses>
				<total>0</total>
				<timestamp>659.121719</timestamp>
			</report>
			<report>
				<misses>71500000</misses>
				<total>0</total>
				<timestamp>660.058651</timestamp>
			</report>
			<report>
				<misses>71600000</misses>
				<total>0</total>
				<timestamp>660.981587</timestamp>
			</report>
			<report>
				<misses>71700000</misses>
				<total>0</total>
				<timestamp>661.887897</timestamp>
			</report>
			<report>
				<misses>71800000</misses>
				<total>0</total>
				<timestamp>662.805159</timestamp>
			</report>
			<report>
				<misses>71900000</misses>
				<total>0</total>
				<timestamp>663.727697</timestamp>
			</report>
			<report>
				<misses>72000000</misses>
				<total>0</total>
				<timestamp>664.630467</timestamp>
			</report>
			<report>
				<misses>72100000</misses>
				<total>0</total>
				<timestamp>665.517871</timestamp>
			</report>
			<report>
				<misses>72200000</misses>
				<total>0</total>
				<timestamp>666.418465</timestamp>
			</report>
			<report>
				<misses>72300000</misses>
				<total>0</total>
				<timestamp>667.323852</timestamp>
			</report>
			<report>
				<misses>72400000</misses>
				<total>0</total>
				<timestamp>668.227365</timestamp>
			</report>
			<report>
				<misses>72500000</misses>
				<total>0</total>
				<timestamp>669.131496</timestamp>
			</report>
			<report>
				<misses>72600000</misses>
				<total>0</total>
				<timestamp>670.050423</timestamp>
			</report>
			<report>
				<misses>72700000</misses>
				<total>0</total>
				<timestamp>670.981301</timestamp>
			</report>
			<report>
				<misses>72800000</misses>
				<total>0</total>
				<timestamp>671.886004</timestamp>
			</report>
			<report>
				<misses>72900000</misses>
				<total>0</total>
				<timestamp>672.803896</timestamp>
			</report>
			<report>
				<misses>73000000</misses>
				<total>0</total>
				<timestamp>673.715661</timestamp>
			</report>
			<report>
				<misses>73100000</misses>
				<total>0</total>
				<timestamp>674.636292</timestamp>
			</report>
			<report>
				<misses>73200000</misses>
				<total>0</total>
				<timestamp>675.553273</timestamp>
			</report>
			<report>
				<misses>73300000</misses>
				<total>0</total>
				<timestamp>676.514829</timestamp>
			</report>
			<report>
				<misses>73400000</misses>
				<total>0</total>
				<timestamp>677.469957</timestamp>
			</report>
			<report>
				<misses>73500000</misses>
				<total>0</total>
				<timestamp>678.421409</timestamp>
			</report>
			<report>
				<misses>73600000</misses>
				<total>0</total>
				<timestamp>679.372289</timestamp>
			</report>
			<report>
				<misses>73700000</misses>
				<total>0</total>
				<timestamp>680.310987</timestamp>
			</report>
			<report>
				<misses>73800000</misses>
				<total>0</total>
				<timestamp>681.232374</timestamp>
			</report>
			<report>
				<misses>73900000</misses>
				<total>0</total>
				<timestamp>682.162017</timestamp>
			</report>
			<report>
				<misses>74000000</misses>
				<total>0</total>
				<timestamp>683.090732</timestamp>
			</report>
			<report>
				<misses>74100000</misses>
				<total>0</total>
				<timestamp>683.994241</timestamp>
			</report>
			<report>
				<misses>74200000</misses>
				<total>0</total>
				<timestamp>684.885290</timestamp>
			</report>
			<report>
				<misses>74300000</misses>
				<total>0</total>
				<timestamp>685.792599</timestamp>
			</report>
			<report>
				<misses>74400000</misses>
				<total>0</total>
				<timestamp>686.699355</timestamp>
			</report>
			<report>
				<misses>74500000</misses>
				<total>0</total>
				<timestamp>687.594039</timestamp>
			</report>
			<report>
				<misses>74600000</misses>
				<total>0</total>
				<timestamp>688.516630</timestamp>
			</report>
			<report>
				<misses>74700000</misses>
				<total>0</total>
				<timestamp>689.434883</timestamp>
			</report>
			<report>
				<misses>74800000</misses>
				<total>0</total>
				<timestamp>690.398680</timestamp>
			</report>
			<report>
				<misses>74900000</misses>
				<total>0</total>
				<timestamp>691.311471</timestamp>
			</report>
			<report>
				<misses>75000000</misses>
				<total>0</total>
				<timestamp>692.245519</timestamp>
			</report>
			<report>
				<misses>75100000</misses>
				<total>0</total>
				<timestamp>693.153537</timestamp>
			</report>
			<report>
				<misses>75200000</misses>
				<total>0</total>
				<timestamp>694.066875</timestamp>
			</report>
			<report>
				<misses>75300000</misses>
				<total>0</total>
				<timestamp>694.985909</timestamp>
			</report>
			<report>
				<misses>75400000</misses>
				<total>0</total>
				<timestamp>695.900338</timestamp>
			</report>
			<report>
				<misses>75500000</misses>
				<total>0</total>
				<timestamp>696.830130</timestamp>
			</report>
			<report>
				<misses>75600000</misses>
				<total>0</total>
				<timestamp>697.749846</timestamp>
			</report>
			<report>
				<misses>75700000</misses>
				<total>0</total>
				<timestamp>698.713286</timestamp>
			</report>
			<report>
				<misses>75800000</misses>
				<total>0</total>
				<timestamp>699.656366</timestamp>
			</report>
			<report>
				<misses>75900000</misses>
				<total>0</total>
				<timestamp>700.587488</timestamp>
			</report>
			<report>
				<misses>76000000</misses>
				<total>0</total>
				<timestamp>701.541455</timestamp>
			</report>
			<report>
				<misses>76100000</misses>
				<total>0</total>
				<timestamp>702.472042</timestamp>
			</report>
			<report>
				<misses>76200000</misses>
				<total>0</total>
				<timestamp>703.416811</timestamp>
			</report>
			<report>
				<misses>76300000</misses>
				<total>0</total>
				<timestamp>704.350338</timestamp>
			</report>
			<report>
				<misses>76400000</misses>
				<total>0</total>
				<timestamp>705.267334</timestamp>
			</report>
			<report>
				<misses>76500000</misses>
				<total>0</total>
				<timestamp>706.200791</timestamp>
			</report>
			<report>
				<misses>76600000</misses>
				<total>0</total>
				<timestamp>707.134619</timestamp>
			</report>
			<report>
				<misses>76700000</misses>
				<total>0</total>
				<timestamp>708.045033</timestamp>
			</report>
			<report>
				<misses>76800000</misses>
				<total>0</total>
				<timestamp>708.942249</timestamp>
			</report>
			<report>
				<misses>76900000</misses>
				<total>0</total>
				<timestamp>709.853830</timestamp>
			</report>
			<report>
				<misses>77000000</misses>
				<total>0</total>
				<timestamp>710.747498</timestamp>
			</report>
			<report>
				<misses>77100000</misses>
				<total>0</total>
				<timestamp>711.650276</timestamp>
			</report>
			<report>
				<misses>77200000</misses>
				<total>0</total>
				<timestamp>712.558494</timestamp>
			</report>
			<report>
				<misses>77300000</misses>
				<total>0</total>
				<timestamp>713.447504</timestamp>
			</report>
			<report>
				<misses>77400000</misses>
				<total>0</total>
				<timestamp>714.390238</timestamp>
			</report>
			<report>
				<misses>77500000</misses>
				<total>0</total>
				<timestamp>715.304025</timestamp>
			</report>
			<report>
				<misses>77600000</misses>
				<total>0</total>
				<timestamp>716.223862</timestamp>
			</report>
			<report>
				<misses>77700000</misses>
				<total>0</total>
				<timestamp>717.134029</timestamp>
			</report>
			<report>
				<misses>77800000</misses>
				<total>0</total>
				<timestamp>718.055812</timestamp>
			</report>
			<report>
				<misses>77900000</misses>
				<total>0</total>
				<timestamp>718.977427</timestamp>
			</report>
			<report>
				<misses>78000000</misses>
				<total>0</total>
				<timestamp>719.902827</timestamp>
			</report>
			<report>
				<misses>78100000</misses>
				<total>0</total>
				<timestamp>720.833242</timestamp>
			</report>
			<report>
				<misses>78200000</misses>
				<total>0</total>
				<timestamp>721.731963</timestamp>
			</report>
			<report>
				<misses>78300000</misses>
				<total>0</total>
				<timestamp>722.656909</timestamp>
			</report>
			<report>
				<misses>78400000</misses>
				<total>0</total>
				<timestamp>723.581884</timestamp>
			</report>
			<report>
				<misses>78500000</misses>
				<total>0</total>
				<timestamp>724.530533</timestamp>
			</report>
			<report>
				<misses>78600000</misses>
				<total>0</total>
				<timestamp>725.472963</timestamp>
			</report>
			<report>
				<misses>78700000</misses>
				<total>0</total>
				<timestamp>726.409203</timestamp>
			</report>
			<report>
				<misses>78800000</misses>
				<total>0</total>
				<timestamp>727.348733</timestamp>
			</report>
			<report>
				<misses>78900000</misses>
				<total>0</total>
				<timestamp>728.285188</timestamp>
			</report>
			<report>
				<misses>79000000</misses>
				<total>0</total>
				<timestamp>729.213980</timestamp>
			</report>
			<report>
				<misses>79100000</misses>
				<total>0</total>
				<timestamp>730.134840</timestamp>
			</report>
			<report>
				<misses>79200000</misses>
				<total>0</total>
				<timestamp>731.078115</timestamp>
			</report>
			<report>
				<misses>79300000</misses>
				<total>0</total>
				<timestamp>731.990948</timestamp>
			</report>
			<report>
				<misses>79400000</misses>
				<total>0</total>
				<timestamp>732.913246</timestamp>
			</report>
			<report>
				<misses>79500000</misses>
				<total>0</total>
				<timestamp>733.815223</timestamp>
			</report>
			<report>
				<misses>79600000</misses>
				<total>0</total>
				<timestamp>734.705119</timestamp>
			</report>
			<report>
				<misses>79700000</misses>
				<total>0</total>
				<timestamp>735.594036</timestamp>
			</report>
			<report>
				<misses>79800000</misses>
				<total>0</total>
				<timestamp>736.488846</timestamp>
			</report>
			<report>
				<misses>79900000</misses>
				<total>0</total>
				<timestamp>737.392045</timestamp>
			</report>
			<report>
				<misses>80000000</misses>
				<total>0</total>
				<timestamp>738.293090</timestamp>
			</report>
			<report>
				<misses>80100000</misses>
				<total>0</total>
				<timestamp>739.198270</timestamp>
			</report>
			<report>
				<misses>80200000</misses>
				<total>0</total>
				<timestamp>740.114237</timestamp>
			</report>
			<report>
				<misses>80300000</misses>
				<total>0</total>
				<timestamp>741.030557</timestamp>
			</report>
			<report>
				<misses>80400000</misses>
				<total>0</total>
				<timestamp>741.961551</timestamp>
			</report>
			<report>
				<misses>80500000</misses>
				<total>0</total>
				<timestamp>742.863905</timestamp>
			</report>
			<report>
				<misses>80600000</misses>
				<total>0</total>
				<timestamp>743.810237</timestamp>
			</report>
			<report>
				<misses>80700000</misses>
				<total>0</total>
				<timestamp>744.763198</timestamp>
			</report>
			<report>
				<misses>80800000</misses>
				<total>0</total>
				<timestamp>745.692502</timestamp>
			</report>
			<report>
				<misses>80900000</misses>
				<total>0</total>
				<timestamp>746.622895</timestamp>
			</report>
			<report>
				<misses>81000000</misses>
				<total>0</total>
				<timestamp>747.560374</timestamp>
			</report>
			<report>
				<misses>81100000</misses>
				<total>0</total>
				<timestamp>748.454048</timestamp>
			</report>
			<report>
				<misses>81200000</misses>
				<total>0</total>
				<timestamp>749.376056</timestamp>
			</report>
			<report>
				<misses>81300000</misses>
				<total>0</total>
				<timestamp>750.306697</timestamp>
			</report>
			<report>
				<misses>81400000</misses>
				<total>0</total>
				<timestamp>751.228824</timestamp>
			</report>
			<report>
				<misses>81500000</misses>
				<total>0</total>
				<timestamp>752.157154</timestamp>
			</report>
			<report>
				<misses>81600000</misses>
				<total>0</total>
				<timestamp>753.076435</timestamp>
			</report>
			<report>
				<misses>81700000</misses>
				<total>0</total>
				<timestamp>754.022432</timestamp>
			</report>
			<report>
				<misses>81800000</misses>
				<total>0</total>
				<timestamp>754.924895</timestamp>
			</report>
			<report>
				<misses>81900000</misses>
				<total>0</total>
				<timestamp>755.851931</timestamp>
			</report>
			<report>
				<misses>82000000</misses>
				<total>0</total>
				<timestamp>756.779842</timestamp>
			</report>
			<report>
				<misses>82100000</misses>
				<total>0</total>
				<timestamp>757.682939</timestamp>
			</report>
			<report>
				<misses>82200000</misses>
				<total>0</total>
				<timestamp>758.580270</timestamp>
			</report>
			<report>
				<misses>82300000</misses>
				<total>0</total>
				<timestamp>759.459383</timestamp>
			</report>
			<report>
				<misses>82400000</misses>
				<total>0</total>
				<timestamp>760.365330</timestamp>
			</report>
			<report>
				<misses>82500000</misses>
				<total>0</total>
				<timestamp>761.254825</timestamp>
			</report>
			<report>
				<misses>82600000</misses>
				<total>0</total>
				<timestamp>762.154303</timestamp>
			</report>
			<report>
				<misses>82700000</misses>
				<total>0</total>
				<timestamp>763.044325</timestamp>
			</report>
			<report>
				<misses>82800000</misses>
				<total>0</total>
				<timestamp>763.935932</timestamp>
			</report>
			<report>
				<misses>82900000</misses>
				<total>0</total>
				<timestamp>764.869771</timestamp>
			</report>
			<report>
				<misses>83000000</misses>
				<total>0</total>
				<timestamp>765.779014</timestamp>
			</report>
			<report>
				<misses>83100000</misses>
				<total>0</total>
				<timestamp>766.686790</timestamp>
			</report>
			<report>
				<misses>83200000</misses>
				<total>0</total>
				<timestamp>767.604254</timestamp>
			</report>
			<report>
				<misses>83300000</misses>
				<total>0</total>
				<timestamp>768.524894</timestamp>
			</report>
			<report>
				<misses>83400000</misses>
				<total>0</total>
				<timestamp>769.442334</timestamp>
			</report>
			<report>
				<misses>83500000</misses>
				<total>0</total>
				<timestamp>770.356720</timestamp>
			</report>
			<report>
				<misses>83600000</misses>
				<total>0</total>
				<timestamp>771.283368</timestamp>
			</report>
			<report>
				<misses>83700000</misses>
				<total>0</total>
				<timestamp>772.212202</timestamp>
			</report>
			<report>
				<misses>83800000</misses>
				<total>0</total>
				<timestamp>773.127920</timestamp>
			</report>
			<report>
				<misses>83900000</misses>
				<total>0</total>
				<timestamp>774.050929</timestamp>
			</report>
			<report>
				<misses>84000000</misses>
				<total>0</total>
				<timestamp>774.992654</timestamp>
			</report>
			<report>
				<misses>84100000</misses>
				<total>0</total>
				<timestamp>775.898032</timestamp>
			</report>
			<report>
				<misses>84200000</misses>
				<total>0</total>
				<timestamp>776.796825</timestamp>
			</report>
			<report>
				<misses>84300000</misses>
				<total>0</total>
				<timestamp>777.701514</timestamp>
			</report>
			<report>
				<misses>84400000</misses>
				<total>0</total>
				<timestamp>778.607597</timestamp>
			</report>
			<report>
				<misses>84500000</misses>
				<total>0</total>
				<timestamp>779.499893</timestamp>
			</report>
			<report>
				<misses>84600000</misses>
				<total>0</total>
				<timestamp>780.399814</timestamp>
			</report>
			<report>
				<misses>84700000</misses>
				<total>0</total>
				<timestamp>781.298938</timestamp>
			</report>
			<report>
				<misses>84800000</misses>
				<total>0</total>
				<timestamp>782.212734</timestamp>
			</report>
			<report>
				<misses>84900000</misses>
				<total>0</total>
				<timestamp>783.126564</timestamp>
			</report>
			<report>
				<misses>85000000</misses>
				<total>0</total>
				<timestamp>784.051639</timestamp>
			</report>
			<report>
				<misses>85100000</misses>
				<total>0</total>
				<timestamp>784.948715</timestamp>
			</report>
			<report>
				<misses>85200000</misses>
				<total>0</total>
				<timestamp>785.878589</timestamp>
			</report>
			<report>
				<misses>85300000</misses>
				<total>0</total>
				<timestamp>786.789436</timestamp>
			</report>
			<report>
				<misses>85400000</misses>
				<total>0</total>
				<timestamp>787.719973</timestamp>
			</report>
			<report>
				<misses>85500000</misses>
				<total>0</total>
				<timestamp>788.663156</timestamp>
			</report>
			<report>
				<misses>85600000</misses>
				<total>0</total>
				<timestamp>789.596139</timestamp>
			</report>
			<report>
				<misses>85700000</misses>
				<total>0</total>
				<timestamp>790.542881</timestamp>
			</report>
			<report>
				<misses>85800000</misses>
				<total>0</total>
				<timestamp>791.457087</timestamp>
			</report>
			<report>
				<misses>85900000</misses>
				<total>0</total>
				<timestamp>792.378868</timestamp>
			</report>
			<report>
				<misses>86000000</misses>
				<total>0</total>
				<timestamp>793.303160</timestamp>
			</report>
			<report>
				<misses>86100000</misses>
				<total>0</total>
				<timestamp>794.244148</timestamp>
			</report>
			<report>
				<misses>86200000</misses>
				<total>0</total>
				<timestamp>795.164675</timestamp>
			</report>
			<report>
				<misses>86300000</misses>
				<total>0</total>
				<timestamp>796.114489</timestamp>
			</report>
			<report>
				<misses>86400000</misses>
				<total>0</total>
				<timestamp>797.070251</timestamp>
			</report>
			<report>
				<misses>86500000</misses>
				<total>0</total>
				<timestamp>798.018306</timestamp>
			</report>
			<report>
				<misses>86600000</misses>
				<total>0</total>
				<timestamp>798.961709</timestamp>
			</report>
			<report>
				<misses>86700000</misses>
				<total>0</total>
				<timestamp>799.887797</timestamp>
			</report>
			<report>
				<misses>86800000</misses>
				<total>0</total>
				<timestamp>800.836083</timestamp>
			</report>
			<report>
				<misses>86900000</misses>
				<total>0</total>
				<timestamp>801.783590</timestamp>
			</report>
			<report>
				<misses>87000000</misses>
				<total>0</total>
				<timestamp>802.733908</timestamp>
			</report>
			<report>
				<misses>87100000</misses>
				<total>0</total>
				<timestamp>803.657851</timestamp>
			</report>
			<report>
				<misses>87200000</misses>
				<total>0</total>
				<timestamp>804.589091</timestamp>
			</report>
			<report>
				<misses>87300000</misses>
				<total>0</total>
				<timestamp>805.503478</timestamp>
			</report>
			<report>
				<misses>87400000</misses>
				<total>0</total>
				<timestamp>806.393512</timestamp>
			</report>
			<report>
				<misses>87500000</misses>
				<total>0</total>
				<timestamp>807.297965</timestamp>
			</report>
			<report>
				<misses>87600000</misses>
				<total>0</total>
				<timestamp>808.189343</timestamp>
			</report>
			<report>
				<misses>87700000</misses>
				<total>0</total>
				<timestamp>809.098236</timestamp>
			</report>
			<report>
				<misses>87800000</misses>
				<total>0</total>
				<timestamp>810.001590</timestamp>
			</report>
			<report>
				<misses>87900000</misses>
				<total>0</total>
				<timestamp>810.916518</timestamp>
			</report>
			<report>
				<misses>88000000</misses>
				<total>0</total>
				<timestamp>811.865378</timestamp>
			</report>
			<report>
				<misses>88100000</misses>
				<total>0</total>
				<timestamp>812.781017</timestamp>
			</report>
			<report>
				<misses>88200000</misses>
				<total>0</total>
				<timestamp>813.704385</timestamp>
			</report>
			<report>
				<misses>88300000</misses>
				<total>0</total>
				<timestamp>814.634507</timestamp>
			</report>
			<report>
				<misses>88400000</misses>
				<total>0</total>
				<timestamp>815.543416</timestamp>
			</report>
			<report>
				<misses>88500000</misses>
				<total>0</total>
				<timestamp>816.467613</timestamp>
			</report>
			<report>
				<misses>88600000</misses>
				<total>0</total>
				<timestamp>817.377051</timestamp>
			</report>
			<report>
				<misses>88700000</misses>
				<total>0</total>
				<timestamp>818.309591</timestamp>
			</report>
			<report>
				<misses>88800000</misses>
				<total>0</total>
				<timestamp>819.225221</timestamp>
			</report>
			<report>
				<misses>88900000</misses>
				<total>0</total>
				<timestamp>820.141299</timestamp>
			</report>
			<report>
				<misses>89000000</misses>
				<total>0</total>
				<timestamp>821.069571</timestamp>
			</report>
			<report>
				<misses>89100000</misses>
				<total>0</total>
				<timestamp>821.988500</timestamp>
			</report>
			<report>
				<misses>89200000</misses>
				<total>0</total>
				<timestamp>822.918543</timestamp>
			</report>
			<report>
				<misses>89300000</misses>
				<total>0</total>
				<timestamp>823.817766</timestamp>
			</report>
			<report>
				<misses>89400000</misses>
				<total>0</total>
				<timestamp>824.713832</timestamp>
			</report>
			<report>
				<misses>89500000</misses>
				<total>0</total>
				<timestamp>825.616696</timestamp>
			</report>
			<report>
				<misses>89600000</misses>
				<total>0</total>
				<timestamp>826.511052</timestamp>
			</report>
			<report>
				<misses>89700000</misses>
				<total>0</total>
				<timestamp>827.412679</timestamp>
			</report>
			<report>
				<misses>89800000</misses>
				<total>0</total>
				<timestamp>828.306600</timestamp>
			</report>
			<report>
				<misses>89900000</misses>
				<total>0</total>
				<timestamp>829.240684</timestamp>
			</report>
			<report>
				<misses>90000000</misses>
				<total>0</total>
				<timestamp>830.182955</timestamp>
			</report>
			<report>
				<misses>90100000</misses>
				<total>0</total>
				<timestamp>831.115074</timestamp>
			</report>
			<report>
				<misses>90200000</misses>
				<total>0</total>
				<timestamp>832.043354</timestamp>
			</report>
			<report>
				<misses>90300000</misses>
				<total>0</total>
				<timestamp>832.970073</timestamp>
			</report>
			<report>
				<misses>90400000</misses>
				<total>0</total>
				<timestamp>833.903223</timestamp>
			</report>
			<report>
				<misses>90500000</misses>
				<total>0</total>
				<timestamp>834.853793</timestamp>
			</report>
			<report>
				<misses>90600000</misses>
				<total>0</total>
				<timestamp>835.790457</timestamp>
			</report>
			<report>
				<misses>90700000</misses>
				<total>0</total>
				<timestamp>836.711478</timestamp>
			</report>
			<report>
				<misses>90800000</misses>
				<total>0</total>
				<timestamp>837.638600</timestamp>
			</report>
			<report>
				<misses>90900000</misses>
				<total>0</total>
				<timestamp>838.552418</timestamp>
			</report>
			<report>
				<misses>91000000</misses>
				<total>0</total>
				<timestamp>839.457341</timestamp>
			</report>
			<report>
				<misses>91100000</misses>
				<total>0</total>
				<timestamp>840.353753</timestamp>
			</report>
			<report>
				<misses>91200000</misses>
				<total>0</total>
				<timestamp>841.249705</timestamp>
			</report>
			<report>
				<misses>91300000</misses>
				<total>0</total>
				<timestamp>842.141204</timestamp>
			</report>
			<report>
				<misses>91400000</misses>
				<total>0</total>
				<timestamp>843.029727</timestamp>
			</report>
			<report>
				<misses>91500000</misses>
				<total>0</total>
				<timestamp>843.930215</timestamp>
			</report>
			<report>
				<misses>91600000</misses>
				<total>0</total>
				<timestamp>844.833955</timestamp>
			</report>
			<report>
				<misses>91700000</misses>
				<total>0</total>
				<timestamp>845.771976</timestamp>
			</report>
			<report>
				<misses>91800000</misses>
				<total>0</total>
				<timestamp>846.676679</timestamp>
			</report>
			<report>
				<misses>91900000</misses>
				<total>0</total>
				<timestamp>847.605943</timestamp>
			</report>
			<report>
				<misses>92000000</misses>
				<total>0</total>
				<timestamp>848.522494</timestamp>
			</report>
			<report>
				<misses>92100000</misses>
				<total>0</total>
				<timestamp>849.428791</timestamp>
			</report>
			<report>
				<misses>92200000</misses>
				<total>0</total>
				<timestamp>850.363106</timestamp>
			</report>
			<report>
				<misses>92300000</misses>
				<total>0</total>
				<timestamp>851.280436</timestamp>
			</report>
			<report>
				<misses>92400000</misses>
				<total>0</total>
				<timestamp>852.207443</timestamp>
			</report>
			<report>
				<misses>92500000</misses>
				<total>0</total>
				<timestamp>853.112004</timestamp>
			</report>
			<report>
				<misses>92600000</misses>
				<total>0</total>
				<timestamp>854.051829</timestamp>
			</report>
			<report>
				<misses>92700000</misses>
				<total>0</total>
				<timestamp>854.979889</timestamp>
			</report>
			<report>
				<misses>92800000</misses>
				<total>0</total>
				<timestamp>855.924085</timestamp>
			</report>
			<report>
				<misses>92900000</misses>
				<total>0</total>
				<timestamp>856.819342</timestamp>
			</report>
			<report>
				<misses>93000000</misses>
				<total>0</total>
				<timestamp>857.729175</timestamp>
			</report>
			<report>
				<misses>93100000</misses>
				<total>0</total>
				<timestamp>858.628636</timestamp>
			</report>
			<report>
				<misses>93200000</misses>
				<total>0</total>
				<timestamp>859.523196</timestamp>
			</report>
			<report>
				<misses>93300000</misses>
				<total>0</total>
				<timestamp>860.420821</timestamp>
			</report>
			<report>
				<misses>93400000</misses>
				<total>0</total>
				<timestamp>861.322114</timestamp>
			</report>
			<report>
				<misses>93500000</misses>
				<total>0</total>
				<timestamp>862.243314</timestamp>
			</report>
			<report>
				<misses>93600000</misses>
				<total>0</total>
				<timestamp>863.180007</timestamp>
			</report>
			<report>
				<misses>93700000</misses>
				<total>0</total>
				<timestamp>864.114869</timestamp>
			</report>
			<report>
				<misses>93800000</misses>
				<total>0</total>
				<timestamp>865.038110</timestamp>
			</report>
			<report>
				<misses>93900000</misses>
				<total>0</total>
				<timestamp>865.978660</timestamp>
			</report>
			<report>
				<misses>94000000</misses>
				<total>0</total>
				<timestamp>866.924679</timestamp>
			</report>
			<report>
				<misses>94100000</misses>
				<total>0</total>
				<timestamp>867.840524</timestamp>
			</report>
			<report>
				<misses>94200000</misses>
				<total>0</total>
				<timestamp>868.763113</timestamp>
			</report>
			<report>
				<misses>94300000</misses>
				<total>0</total>
				<timestamp>869.679546</timestamp>
			</report>
			<report>
				<misses>94400000</misses>
				<total>0</total>
				<timestamp>870.575154</timestamp>
			</report>
			<report>
				<misses>94500000</misses>
				<total>0</total>
				<timestamp>871.508396</timestamp>
			</report>
			<report>
				<misses>94600000</misses>
				<total>0</total>
				<timestamp>872.417306</timestamp>
			</report>
			<report>
				<misses>94700000</misses>
				<total>0</total>
				<timestamp>873.324170</timestamp>
			</report>
			<report>
				<misses>94800000</misses>
				<total>0</total>
				<timestamp>874.246837</timestamp>
			</report>
			<report>
				<misses>94900000</misses>
				<total>0</total>
				<timestamp>875.145326</timestamp>
			</report>
			<report>
				<misses>95000000</misses>
				<total>0</total>
				<timestamp>876.042229</timestamp>
			</report>
			<report>
				<misses>95100000</misses>
				<total>0</total>
				<timestamp>876.944294</timestamp>
			</report>
			<report>
				<misses>95200000</misses>
				<total>0</total>
				<timestamp>877.840020</timestamp>
			</report>
			<report>
				<misses>95300000</misses>
				<total>0</total>
				<timestamp>878.735154</timestamp>
			</report>
			<report>
				<misses>95400000</misses>
				<total>0</total>
				<timestamp>879.638876</timestamp>
			</report>
			<report>
				<misses>95500000</misses>
				<total>0</total>
				<timestamp>880.570839</timestamp>
			</report>
			<report>
				<misses>95600000</misses>
				<total>0</total>
				<timestamp>881.500050</timestamp>
			</report>
			<report>
				<misses>95700000</misses>
				<total>0</total>
				<timestamp>882.412774</timestamp>
			</report>
			<report>
				<misses>95800000</misses>
				<total>0</total>
				<timestamp>883.327725</timestamp>
			</report>
			<report>
				<misses>95900000</misses>
				<total>0</total>
				<timestamp>884.252306</timestamp>
			</report>
			<report>
				<misses>96000000</misses>
				<total>0</total>
				<timestamp>885.175668</timestamp>
			</report>
			<report>
				<misses>96100000</misses>
				<total>0</total>
				<timestamp>886.108373</timestamp>
			</report>
			<report>
				<misses>96200000</misses>
				<total>0</total>
				<timestamp>887.018299</timestamp>
			</report>
			<report>
				<misses>96300000</misses>
				<total>0</total>
				<timestamp>887.935630</timestamp>
			</report>
			<report>
				<misses>96400000</misses>
				<total>0</total>
				<timestamp>888.885173</timestamp>
			</report>
			<report>
				<misses>96500000</misses>
				<total>0</total>
				<timestamp>889.837694</timestamp>
			</report>
			<report>
				<misses>96600000</misses>
				<total>0</total>
				<timestamp>890.798602</timestamp>
			</report>
			<report>
				<misses>96700000</misses>
				<total>0</total>
				<timestamp>891.716518</timestamp>
			</report>
			<report>
				<misses>96800000</misses>
				<total>0</total>
				<timestamp>892.667040</timestamp>
			</report>
			<report>
				<misses>96900000</misses>
				<total>0</total>
				<timestamp>893.572324</timestamp>
			</report>
			<report>
				<misses>97000000</misses>
				<total>0</total>
				<timestamp>894.487581</timestamp>
			</report>
			<report>
				<misses>97100000</misses>
				<total>0</total>
				<timestamp>895.409303</timestamp>
			</report>
			<report>
				<misses>97200000</misses>
				<total>0</total>
				<timestamp>896.330163</timestamp>
			</report>
			<report>
				<misses>97300000</misses>
				<total>0</total>
				<timestamp>897.238388</timestamp>
			</report>
			<report>
				<misses>97400000</misses>
				<total>0</total>
				<timestamp>898.163876</timestamp>
			</report>
			<report>
				<misses>97500000</misses>
				<total>0</total>
				<timestamp>899.063966</timestamp>
			</report>
			<report>
				<misses>97600000</misses>
				<total>0</total>
				<timestamp>899.972191</timestamp>
			</report>
			<report>
				<misses>97700000</misses>
				<total>0</total>
				<timestamp>900.867445</timestamp>
			</report>
			<report>
				<misses>97800000</misses>
				<total>0</total>
				<timestamp>901.764126</timestamp>
			</report>
			<report>
				<misses>97900000</misses>
				<total>0</total>
				<timestamp>902.674384</timestamp>
			</report>
			<report>
				<misses>98000000</misses>
				<total>0</total>
				<timestamp>903.575358</timestamp>
			</report>
			<report>
				<misses>98100000</misses>
				<total>0</total>
				<timestamp>904.478023</timestamp>
			</report>
			<report>
				<misses>98200000</misses>
				<total>0</total>
				<timestamp>905.398556</timestamp>
			</report>
			<report>
				<misses>98300000</misses>
				<total>0</total>
				<timestamp>906.323982</timestamp>
			</report>
			<report>
				<misses>98400000</misses>
				<total>0</total>
				<timestamp>907.250312</timestamp>
			</report>
			<report>
				<misses>98500000</misses>
				<total>0</total>
				<timestamp>908.178122</timestamp>
			</report>
			<report>
				<misses>98600000</misses>
				<total>0</total>
				<timestamp>909.106192</timestamp>
			</report>
			<report>
				<misses>98700000</misses>
				<total>0</total>
				<timestamp>910.045615</timestamp>
			</report>
			<report>
				<misses>98800000</misses>
				<total>0</total>
				<timestamp>910.965236</timestamp>
			</report>
			<report>
				<misses>98900000</misses>
				<total>0</total>
				<timestamp>911.895301</timestamp>
			</report>
			<report>
				<misses>99000000</misses>
				<total>0</total>
				<timestamp>912.822997</timestamp>
			</report>
			<report>
				<misses>99100000</misses>
				<total>0</total>
				<timestamp>913.742393</timestamp>
			</report>
			<report>
				<misses>99200000</misses>
				<total>0</total>
				<timestamp>914.664630</timestamp>
			</report>
			<report>
				<misses>99300000</misses>
				<total>0</total>
				<timestamp>915.581764</timestamp>
			</report>
			<report>
				<misses>99400000</misses>
				<total>0</total>
				<timestamp>916.491818</timestamp>
			</report>
			<report>
				<misses>99500000</misses>
				<total>0</total>
				<timestamp>917.397540</timestamp>
			</report>
			<report>
				<misses>99600000</misses>
				<total>0</total>
				<timestamp>918.294300</timestamp>
			</report>
			<report>
				<misses>99700000</misses>
				<total>0</total>
				<timestamp>919.199452</timestamp>
			</report>
			<report>
				<misses>99800000</misses>
				<total>0</total>
				<timestamp>920.095058</timestamp>
			</report>
			<report>
				<misses>99900000</misses>
				<total>0</total>
				<timestamp>920.989876</timestamp>
			</report>
			<report>
				<misses>100000000</misses>
				<total>0</total>
				<timestamp>921.897423</timestamp>
			</report>
			<report>
				<misses>100100000</misses>
				<total>0</total>
				<timestamp>922.813873</timestamp>
			</report>
			<report>
				<misses>100200000</misses>
				<total>0</total>
				<timestamp>923.726881</timestamp>
			</report>
			<report>
				<misses>100300000</misses>
				<total>0</total>
				<timestamp>924.640230</timestamp>
			</report>
			<report>
				<misses>100400000</misses>
				<total>0</total>
				<timestamp>925.551061</timestamp>
			</report>
			<report>
				<misses>100500000</misses>
				<total>0</total>
				<timestamp>926.459508</timestamp>
			</report>
			<report>
				<misses>100600000</misses>
				<total>0</total>
				<timestamp>927.392776</timestamp>
			</report>
			<report>
				<misses>100700000</misses>
				<total>0</total>
				<timestamp>928.352095</timestamp>
			</report>
			<report>
				<misses>100800000</misses>
				<total>0</total>
				<timestamp>929.317338</timestamp>
			</report>
			<report>
				<misses>100900000</misses>
				<total>0</total>
				<timestamp>930.258141</timestamp>
			</report>
			<report>
				<misses>101000000</misses>
				<total>0</total>
				<timestamp>931.182027</timestamp>
			</report>
			<report>
				<misses>101100000</misses>
				<total>0</total>
				<timestamp>932.099902</timestamp>
			</report>
			<report>
				<misses>101200000</misses>
				<total>0</total>
				<timestamp>933.006200</timestamp>
			</report>
			<report>
				<misses>101300000</misses>
				<total>0</total>
				<timestamp>933.931724</timestamp>
			</report>
			<report>
				<misses>101400000</misses>
				<total>0</total>
				<timestamp>934.888439</timestamp>
			</report>
			<report>
				<misses>101500000</misses>
				<total>0</total>
				<timestamp>935.834014</timestamp>
			</report>
			<report>
				<misses>101600000</misses>
				<total>0</total>
				<timestamp>936.742793</timestamp>
			</report>
			<report>
				<misses>101700000</misses>
				<total>0</total>
				<timestamp>937.670615</timestamp>
			</report>
			<report>
				<misses>101800000</misses>
				<total>0</total>
				<timestamp>938.570655</timestamp>
			</report>
			<report>
				<misses>101900000</misses>
				<total>0</total>
				<timestamp>939.492773</timestamp>
			</report>
			<report>
				<misses>102000000</misses>
				<total>0</total>
				<timestamp>940.408597</timestamp>
			</report>
			<report>
				<misses>102100000</misses>
				<total>0</total>
				<timestamp>941.364624</timestamp>
			</report>
			<report>
				<misses>102200000</misses>
				<total>0</total>
				<timestamp>942.304950</timestamp>
			</report>
			<report>
				<misses>102300000</misses>
				<total>0</total>
				<timestamp>943.258946</timestamp>
			</report>
			<report>
				<misses>102400000</misses>
				<total>0</total>
				<timestamp>944.207004</timestamp>
			</report>
			<report>
				<misses>102500000</misses>
				<total>0</total>
				<timestamp>945.109762</timestamp>
			</report>
			<report>
				<misses>102600000</misses>
				<total>0</total>
				<timestamp>946.030751</timestamp>
			</report>
			<report>
				<misses>102700000</misses>
				<total>0</total>
				<timestamp>946.945945</timestamp>
			</report>
			<report>
				<misses>102800000</misses>
				<total>0</total>
				<timestamp>947.873128</timestamp>
			</report>
			<report>
				<misses>102900000</misses>
				<total>0</total>
				<timestamp>948.782628</timestamp>
			</report>
			<report>
				<misses>103000000</misses>
				<total>0</total>
				<timestamp>949.693482</timestamp>
			</report>
			<report>
				<misses>103100000</misses>
				<total>0</total>
				<timestamp>950.596737</timestamp>
			</report>
			<report>
				<misses>103200000</misses>
				<total>0</total>
				<timestamp>951.499569</timestamp>
			</report>
			<report>
				<misses>103300000</misses>
				<total>0</total>
				<timestamp>952.400072</timestamp>
			</report>
			<report>
				<misses>103400000</misses>
				<total>0</total>
				<timestamp>953.295110</timestamp>
			</report>
			<report>
				<misses>103500000</misses>
				<total>0</total>
				<timestamp>954.202890</timestamp>
			</report>
			<report>
				<misses>103600000</misses>
				<total>0</total>
				<timestamp>955.106127</timestamp>
			</report>
			<report>
				<misses>103700000</misses>
				<total>0</total>
				<timestamp>956.048868</timestamp>
			</report>
			<report>
				<misses>103800000</misses>
				<total>0</total>
				<timestamp>956.992018</timestamp>
			</report>
			<report>
				<misses>103900000</misses>
				<total>0</total>
				<timestamp>957.940197</timestamp>
			</report>
			<report>
				<misses>104000000</misses>
				<total>0</total>
				<timestamp>958.864823</timestamp>
			</report>
			<report>
				<misses>104100000</misses>
				<total>0</total>
				<timestamp>959.796725</timestamp>
			</report>
			<report>
				<misses>104200000</misses>
				<total>0</total>
				<timestamp>960.712337</timestamp>
			</report>
			<report>
				<misses>104300000</misses>
				<total>0</total>
				<timestamp>961.629258</timestamp>
			</report>
			<report>
				<misses>104400000</misses>
				<total>0</total>
				<timestamp>962.569759</timestamp>
			</report>
			<report>
				<misses>104500000</misses>
				<total>0</total>
				<timestamp>963.474210</timestamp>
			</report>
			<report>
				<misses>104600000</misses>
				<total>0</total>
				<timestamp>964.402923</timestamp>
			</report>
			<report>
				<misses>104700000</misses>
				<total>0</total>
				<timestamp>965.328074</timestamp>
			</report>
			<report>
				<misses>104800000</misses>
				<total>0</total>
				<timestamp>966.243943</timestamp>
			</report>
			<report>
				<misses>104900000</misses>
				<total>0</total>
				<timestamp>967.162167</timestamp>
			</report>
			<report>
				<misses>105000000</misses>
				<total>0</total>
				<timestamp>968.066645</timestamp>
			</report>
			<report>
				<misses>105100000</misses>
				<total>0</total>
				<timestamp>968.959520</timestamp>
			</report>
			<report>
				<misses>105200000</misses>
				<total>0</total>
				<timestamp>969.860215</timestamp>
			</report>
			<report>
				<misses>105300000</misses>
				<total>0</total>
				<timestamp>970.762566</timestamp>
			</report>
			<report>
				<misses>105400000</misses>
				<total>0</total>
				<timestamp>971.668513</timestamp>
			</report>
			<report>
				<misses>105500000</misses>
				<total>0</total>
				<timestamp>972.568221</timestamp>
			</report>
			<report>
				<misses>105600000</misses>
				<total>0</total>
				<timestamp>973.459158</timestamp>
			</report>
			<report>
				<misses>105700000</misses>
				<total>0</total>
				<timestamp>974.391969</timestamp>
			</report>
			<report>
				<misses>105800000</misses>
				<total>0</total>
				<timestamp>975.326487</timestamp>
			</report>
			<report>
				<misses>105900000</misses>
				<total>0</total>
				<timestamp>976.257144</timestamp>
			</report>
			<report>
				<misses>106000000</misses>
				<total>0</total>
				<timestamp>977.194032</timestamp>
			</report>
			<report>
				<misses>106100000</misses>
				<total>0</total>
				<timestamp>978.097499</timestamp>
			</report>
			<report>
				<misses>106200000</misses>
				<total>0</total>
				<timestamp>979.017213</timestamp>
			</report>
			<report>
				<misses>106300000</misses>
				<total>0</total>
				<timestamp>979.934321</timestamp>
			</report>
			<report>
				<misses>106400000</misses>
				<total>0</total>
				<timestamp>980.902534</timestamp>
			</report>
			<report>
				<misses>106500000</misses>
				<total>0</total>
				<timestamp>981.837948</timestamp>
			</report>
			<report>
				<misses>106600000</misses>
				<total>0</total>
				<timestamp>982.779307</timestamp>
			</report>
			<report>
				<misses>106700000</misses>
				<total>0</total>
				<timestamp>983.703646</timestamp>
			</report>
			<report>
				<misses>106800000</misses>
				<total>0</total>
				<timestamp>984.619823</timestamp>
			</report>
			<report>
				<misses>106900000</misses>
				<total>0</total>
				<timestamp>985.522043</timestamp>
			</report>
			<report>
				<misses>107000000</misses>
				<total>0</total>
				<timestamp>986.413397</timestamp>
			</report>
			<report>
				<misses>107100000</misses>
				<total>0</total>
				<timestamp>987.311269</timestamp>
			</report>
			<report>
				<misses>107200000</misses>
				<total>0</total>
				<timestamp>988.205296</timestamp>
			</report>
			<report>
				<misses>107300000</misses>
				<total>0</total>
				<timestamp>989.100844</timestamp>
			</report>
			<report>
				<misses>107400000</misses>
				<total>0</total>
				<timestamp>989.992064</timestamp>
			</report>
			<report>
				<misses>107500000</misses>
				<total>0</total>
				<timestamp>990.898983</timestamp>
			</report>
			<report>
				<misses>107600000</misses>
				<total>0</total>
				<timestamp>991.825195</timestamp>
			</report>
			<report>
				<misses>107700000</misses>
				<total>0</total>
				<timestamp>992.747543</timestamp>
			</report>
			<report>
				<misses>107800000</misses>
				<total>0</total>
				<timestamp>993.664316</timestamp>
			</report>
			<report>
				<misses>107900000</misses>
				<total>0</total>
				<timestamp>994.564318</timestamp>
			</report>
			<report>
				<misses>108000000</misses>
				<total>0</total>
				<timestamp>995.477605</timestamp>
			</report>
			<report>
				<misses>108100000</misses>
				<total>0</total>
				<timestamp>996.411475</timestamp>
			</report>
			<report>
				<misses>108200000</misses>
				<total>0</total>
				<timestamp>997.313304</timestamp>
			</report>
			<report>
				<misses>108300000</misses>
				<total>0</total>
				<timestamp>998.253675</timestamp>
			</report>
			<report>
				<misses>108400000</misses>
				<total>0</total>
				<timestamp>999.156212</timestamp>
			</report>
			<report>
				<misses>108500000</misses>
				<total>0</total>
				<timestamp>1000.077877</timestamp>
			</report>
			<report>
				<misses>108600000</misses>
				<total>0</total>
				<timestamp>1000.971484</timestamp>
			</report>
			<report>
				<misses>108700000</misses>
				<total>0</total>
				<timestamp>1001.861337</timestamp>
			</report>
			<report>
				<misses>108800000</misses>
				<total>0</total>
				<timestamp>1002.783007</timestamp>
			</report>
			<report>
				<misses>108900000</misses>
				<total>0</total>
				<timestamp>1003.675986</timestamp>
			</report>
			<report>
				<misses>109000000</misses>
				<total>0</total>
				<timestamp>1004.581810</timestamp>
			</report>
			<report>
				<misses>109100000</misses>
				<total>0</total>
				<timestamp>1005.481270</timestamp>
			</report>
			<report>
				<misses>109200000</misses>
				<total>0</total>
				<timestamp>1006.380720</timestamp>
			</report>
			<report>
				<misses>109300000</misses>
				<total>0</total>
				<timestamp>1007.276536</timestamp>
			</report>
			<report>
				<misses>109400000</misses>
				<total>0</total>
				<timestamp>1008.201969</timestamp>
			</report>
			<report>
				<misses>109500000</misses>
				<total>0</total>
				<timestamp>1009.117592</timestamp>
			</report>
			<report>
				<misses>109600000</misses>
				<total>0</total>
				<timestamp>1010.021605</timestamp>
			</report>
			<report>
				<misses>109700000</misses>
				<total>0</total>
				<timestamp>1010.951262</timestamp>
			</report>
			<report>
				<misses>109800000</misses>
				<total>0</total>
				<timestamp>1011.900355</timestamp>
			</report>
			<report>
				<misses>109900000</misses>
				<total>0</total>
				<timestamp>1012.845562</timestamp>
			</report>
			<report>
				<misses>110000000</misses>
				<total>0</total>
				<timestamp>1013.786702</timestamp>
			</report>
			<report>
				<misses>110100000</misses>
				<total>0</total>
				<timestamp>1014.714967</timestamp>
			</report>
			<report>
				<misses>110200000</misses>
				<total>0</total>
				<timestamp>1015.642883</timestamp>
			</report>
			<report>
				<misses>110300000</misses>
				<total>0</total>
				<timestamp>1016.568415</timestamp>
			</report>
			<report>
				<misses>110400000</misses>
				<total>0</total>
				<timestamp>1017.474592</timestamp>
			</report>
			<report>
				<misses>110500000</misses>
				<total>0</total>
				<timestamp>1018.387482</timestamp>
			</report>
			<report>
				<misses>110600000</misses>
				<total>0</total>
				<timestamp>1019.313589</timestamp>
			</report>
			<report>
				<misses>110700000</misses>
				<total>0</total>
				<timestamp>1020.242762</timestamp>
			</report>
			<report>
				<misses>110800000</misses>
				<total>0</total>
				<timestamp>1021.181945</timestamp>
			</report>
			<report>
				<misses>110900000</misses>
				<total>0</total>
				<timestamp>1022.107705</timestamp>
			</report>
			<report>
				<misses>111000000</misses>
				<total>0</total>
				<timestamp>1023.001470</timestamp>
			</report>
			<report>
				<misses>111100000</misses>
				<total>0</total>
				<timestamp>1023.919384</timestamp>
			</report>
			<report>
				<misses>111200000</misses>
				<total>0</total>
				<timestamp>1024.805527</timestamp>
			</report>
			<report>
				<misses>111300000</misses>
				<total>0</total>
				<timestamp>1025.703726</timestamp>
			</report>
			<report>
				<misses>111400000</misses>
				<total>0</total>
				<timestamp>1026.599570</timestamp>
			</report>
			<report>
				<misses>111500000</misses>
				<total>0</total>
				<timestamp>1027.500400</timestamp>
			</report>
			<report>
				<misses>111600000</misses>
				<total>0</total>
				<timestamp>1028.408528</timestamp>
			</report>
			<report>
				<misses>111700000</misses>
				<total>0</total>
				<timestamp>1029.300714</timestamp>
			</report>
			<report>
				<misses>111800000</misses>
				<total>0</total>
				<timestamp>1030.218266</timestamp>
			</report>
			<report>
				<misses>111900000</misses>
				<total>0</total>
				<timestamp>1031.147669</timestamp>
			</report>
			<report>
				<misses>112000000</misses>
				<total>0</total>
				<timestamp>1032.057138</timestamp>
			</report>
			<report>
				<misses>112100000</misses>
				<total>0</total>
				<timestamp>1032.984723</timestamp>
			</report>
			<report>
				<misses>112200000</misses>
				<total>0</total>
				<timestamp>1033.890918</timestamp>
			</report>
			<report>
				<misses>112300000</misses>
				<total>0</total>
				<timestamp>1034.820649</timestamp>
			</report>
			<report>
				<misses>112400000</misses>
				<total>0</total>
				<timestamp>1035.734901</timestamp>
			</report>
			<report>
				<misses>112500000</misses>
				<total>0</total>
				<timestamp>1036.701168</timestamp>
			</report>
			<report>
				<misses>112600000</misses>
				<total>0</total>
				<timestamp>1037.618631</timestamp>
			</report>
			<report>
				<misses>112700000</misses>
				<total>0</total>
				<timestamp>1038.559069</timestamp>
			</report>
			<report>
				<misses>112800000</misses>
				<total>0</total>
				<timestamp>1039.504044</timestamp>
			</report>
			<report>
				<misses>112900000</misses>
				<total>0</total>
				<timestamp>1040.443125</timestamp>
			</report>
			<report>
				<misses>113000000</misses>
				<total>0</total>
				<timestamp>1041.395603</timestamp>
			</report>
			<report>
				<misses>113100000</misses>
				<total>0</total>
				<timestamp>1042.352129</timestamp>
			</report>
			<report>
				<misses>113200000</misses>
				<total>0</total>
				<timestamp>1043.284271</timestamp>
			</report>
			<report>
				<misses>113300000</misses>
				<total>0</total>
				<timestamp>1044.202021</timestamp>
			</report>
			<report>
				<misses>113400000</misses>
				<total>0</total>
				<timestamp>1045.161742</timestamp>
			</report>
			<report>
				<misses>113500000</misses>
				<total>0</total>
				<timestamp>1046.098555</timestamp>
			</report>
			<report>
				<misses>113600000</misses>
				<total>0</total>
				<timestamp>1047.005967</timestamp>
			</report>
			<report>
				<misses>113700000</misses>
				<total>0</total>
				<timestamp>1047.926369</timestamp>
			</report>
			<report>
				<misses>113800000</misses>
				<total>0</total>
				<timestamp>1048.818917</timestamp>
			</report>
			<report>
				<misses>113900000</misses>
				<total>0</total>
				<timestamp>1049.717494</timestamp>
			</report>
			<report>
				<misses>114000000</misses>
				<total>0</total>
				<timestamp>1050.616843</timestamp>
			</report>
			<report>
				<misses>114100000</misses>
				<total>0</total>
				<timestamp>1051.518934</timestamp>
			</report>
			<report>
				<misses>114200000</misses>
				<total>0</total>
				<timestamp>1052.407727</timestamp>
			</report>
			<report>
				<misses>114300000</misses>
				<total>0</total>
				<timestamp>1053.336217</timestamp>
			</report>
			<report>
				<misses>114400000</misses>
				<total>0</total>
				<timestamp>1054.264462</timestamp>
			</report>
			<report>
				<misses>114500000</misses>
				<total>0</total>
				<timestamp>1055.179527</timestamp>
			</report>
			<report>
				<misses>114600000</misses>
				<total>0</total>
				<timestamp>1056.099467</timestamp>
			</report>
			<report>
				<misses>114700000</misses>
				<total>0</total>
				<timestamp>1057.019872</timestamp>
			</report>
			<report>
				<misses>114800000</misses>
				<total>0</total>
				<timestamp>1057.930178</timestamp>
			</report>
			<report>
				<misses>114900000</misses>
				<total>0</total>
				<timestamp>1058.851421</timestamp>
			</report>
			<report>
				<misses>115000000</misses>
				<total>0</total>
				<timestamp>1059.774454</timestamp>
			</report>
			<report>
				<misses>115100000</misses>
				<total>0</total>
				<timestamp>1060.701903</timestamp>
			</report>
			<report>
				<misses>115200000</misses>
				<total>0</total>
				<timestamp>1061.620992</timestamp>
			</report>
			<report>
				<misses>115300000</misses>
				<total>0</total>
				<timestamp>1062.551609</timestamp>
			</report>
			<report>
				<misses>115400000</misses>
				<total>0</total>
				<timestamp>1063.463743</timestamp>
			</report>
			<report>
				<misses>115500000</misses>
				<total>0</total>
				<timestamp>1064.376262</timestamp>
			</report>
			<report>
				<misses>115600000</misses>
				<total>0</total>
				<timestamp>1065.296649</timestamp>
			</report>
			<report>
				<misses>115700000</misses>
				<total>0</total>
				<timestamp>1066.202373</timestamp>
			</report>
			<report>
				<misses>115800000</misses>
				<total>0</total>
				<timestamp>1067.101729</timestamp>
			</report>
			<report>
				<misses>115900000</misses>
				<total>0</total>
				<timestamp>1068.005751</timestamp>
			</report>
			<report>
				<misses>116000000</misses>
				<total>0</total>
				<timestamp>1068.895100</timestamp>
			</report>
			<report>
				<misses>116100000</misses>
				<total>0</total>
				<timestamp>1069.786274</timestamp>
			</report>
			<report>
				<misses>116200000</misses>
				<total>0</total>
				<timestamp>1070.686203</timestamp>
			</report>
			<report>
				<misses>116300000</misses>
				<total>0</total>
				<timestamp>1071.619704</timestamp>
			</report>
			<report>
				<misses>116400000</misses>
				<total>0</total>
				<timestamp>1072.570793</timestamp>
			</report>
			<report>
				<misses>116500000</misses>
				<total>0</total>
				<timestamp>1073.510082</timestamp>
			</report>
			<report>
				<misses>116600000</misses>
				<total>0</total>
				<timestamp>1074.453696</timestamp>
			</report>
			<report>
				<misses>116700000</misses>
				<total>0</total>
				<timestamp>1075.405502</timestamp>
			</report>
			<report>
				<misses>116800000</misses>
				<total>0</total>
				<timestamp>1076.333900</timestamp>
			</report>
			<report>
				<misses>116900000</misses>
				<total>0</total>
				<timestamp>1077.291745</timestamp>
			</report>
			<report>
				<misses>117000000</misses>
				<total>0</total>
				<timestamp>1078.211111</timestamp>
			</report>
			<report>
				<misses>117100000</misses>
				<total>0</total>
				<timestamp>1079.140962</timestamp>
			</report>
			<report>
				<misses>117200000</misses>
				<total>0</total>
				<timestamp>1080.092665</timestamp>
			</report>
			<report>
				<misses>117300000</misses>
				<total>0</total>
				<timestamp>1081.036612</timestamp>
			</report>
			<report>
				<misses>117400000</misses>
				<total>0</total>
				<timestamp>1081.971421</timestamp>
			</report>
			<report>
				<misses>117500000</misses>
				<total>0</total>
				<timestamp>1082.923193</timestamp>
			</report>
			<report>
				<misses>117600000</misses>
				<total>0</total>
				<timestamp>1083.866259</timestamp>
			</report>
			<report>
				<misses>117700000</misses>
				<total>0</total>
				<timestamp>1084.787682</timestamp>
			</report>
			<report>
				<misses>117800000</misses>
				<total>0</total>
				<timestamp>1085.740186</timestamp>
			</report>
			<report>
				<misses>117900000</misses>
				<total>0</total>
				<timestamp>1086.668548</timestamp>
			</report>
			<report>
				<misses>118000000</misses>
				<total>0</total>
				<timestamp>1087.607517</timestamp>
			</report>
			<report>
				<misses>118100000</misses>
				<total>0</total>
				<timestamp>1088.546025</timestamp>
			</report>
			<report>
				<misses>118200000</misses>
				<total>0</total>
				<timestamp>1089.489652</timestamp>
			</report>
			<report>
				<misses>118300000</misses>
				<total>0</total>
				<timestamp>1090.422466</timestamp>
			</report>
			<report>
				<misses>118400000</misses>
				<total>0</total>
				<timestamp>1091.368128</timestamp>
			</report>
			<report>
				<misses>118500000</misses>
				<total>0</total>
				<timestamp>1092.316986</timestamp>
			</report>
			<report>
				<misses>118600000</misses>
				<total>0</total>
				<timestamp>1093.257908</timestamp>
			</report>
			<report>
				<misses>118700000</misses>
				<total>0</total>
				<timestamp>1094.197884</timestamp>
			</report>
			<report>
				<misses>118800000</misses>
				<total>0</total>
				<timestamp>1095.110318</timestamp>
			</report>
			<report>
				<misses>118900000</misses>
				<total>0</total>
				<timestamp>1096.054049</timestamp>
			</report>
			<report>
				<misses>119000000</misses>
				<total>0</total>
				<timestamp>1097.011593</timestamp>
			</report>
			<report>
				<misses>119100000</misses>
				<total>0</total>
				<timestamp>1097.962822</timestamp>
			</report>
			<report>
				<misses>119200000</misses>
				<total>0</total>
				<timestamp>1098.909854</timestamp>
			</report>
			<report>
				<misses>119300000</misses>
				<total>0</total>
				<timestamp>1099.830971</timestamp>
			</report>
			<report>
				<misses>119400000</misses>
				<total>0</total>
				<timestamp>1100.778474</timestamp>
			</report>
			<report>
				<misses>119500000</misses>
				<total>0</total>
				<timestamp>1101.700606</timestamp>
			</report>
			<report>
				<misses>119600000</misses>
				<total>0</total>
				<timestamp>1102.629447</timestamp>
			</report>
			<report>
				<misses>119700000</misses>
				<total>0</total>
				<timestamp>1103.549315</timestamp>
			</report>
			<report>
				<misses>119800000</misses>
				<total>0</total>
				<timestamp>1104.473942</timestamp>
			</report>
			<report>
				<misses>119900000</misses>
				<total>0</total>
				<timestamp>1105.389552</timestamp>
			</report>
			<report>
				<misses>120000000</misses>
				<total>0</total>
				<timestamp>1106.285138</timestamp>
			</report>
			<report>
				<misses>120100000</misses>
				<total>0</total>
				<timestamp>1107.182454</timestamp>
			</report>
			<report>
				<misses>120200000</misses>
				<total>0</total>
				<timestamp>1108.084200</timestamp>
			</report>
			<report>
				<misses>120300000</misses>
				<total>0</total>
				<timestamp>1108.975582</timestamp>
			</report>
			<report>
				<misses>120400000</misses>
				<total>0</total>
				<timestamp>1109.870390</timestamp>
			</report>
			<report>
				<misses>120500000</misses>
				<total>0</total>
				<timestamp>1110.773872</timestamp>
			</report>
			<report>
				<misses>120600000</misses>
				<total>0</total>
				<timestamp>1111.688476</timestamp>
			</report>
			<report>
				<misses>120700000</misses>
				<total>0</total>
				<timestamp>1112.648245</timestamp>
			</report>
			<report>
				<misses>120800000</misses>
				<total>0</total>
				<timestamp>1113.584469</timestamp>
			</report>
			<report>
				<misses>120900000</misses>
				<total>0</total>
				<timestamp>1114.492141</timestamp>
			</report>
			<report>
				<misses>121000000</misses>
				<total>0</total>
				<timestamp>1115.435776</timestamp>
			</report>
			<report>
				<misses>121100000</misses>
				<total>0</total>
				<timestamp>1116.356953</timestamp>
			</report>
			<report>
				<misses>121200000</misses>
				<total>0</total>
				<timestamp>1117.290351</timestamp>
			</report>
			<report>
				<misses>121300000</misses>
				<total>0</total>
				<timestamp>1118.228634</timestamp>
			</report>
			<report>
				<misses>121400000</misses>
				<total>0</total>
				<timestamp>1119.172590</timestamp>
			</report>
			<report>
				<misses>121500000</misses>
				<total>0</total>
				<timestamp>1120.129529</timestamp>
			</report>
			<report>
				<misses>121600000</misses>
				<total>0</total>
				<timestamp>1121.064060</timestamp>
			</report>
			<report>
				<misses>121700000</misses>
				<total>0</total>
				<timestamp>1122.000607</timestamp>
			</report>
			<report>
				<misses>121800000</misses>
				<total>0</total>
				<timestamp>1122.889282</timestamp>
			</report>
			<report>
				<misses>121900000</misses>
				<total>0</total>
				<timestamp>1123.785576</timestamp>
			</report>
			<report>
				<misses>122000000</misses>
				<total>0</total>
				<timestamp>1124.692320</timestamp>
			</report>
			<report>
				<misses>122100000</misses>
				<total>0</total>
				<timestamp>1125.603187</timestamp>
			</report>
			<report>
				<misses>122200000</misses>
				<total>0</total>
				<timestamp>1126.510305</timestamp>
			</report>
			<report>
				<misses>122300000</misses>
				<total>0</total>
				<timestamp>1127.407889</timestamp>
			</report>
			<report>
				<misses>122400000</misses>
				<total>0</total>
				<timestamp>1128.305331</timestamp>
			</report>
			<report>
				<misses>122500000</misses>
				<total>0</total>
				<timestamp>1129.230758</timestamp>
			</report>
			<report>
				<misses>122600000</misses>
				<total>0</total>
				<timestamp>1130.168492</timestamp>
			</report>
			<report>
				<misses>122700000</misses>
				<total>0</total>
				<timestamp>1131.144679</timestamp>
			</report>
			<report>
				<misses>122800000</misses>
				<total>0</total>
				<timestamp>1132.110846</timestamp>
			</report>
			<report>
				<misses>122900000</misses>
				<total>0</total>
				<timestamp>1133.049241</timestamp>
			</report>
			<report>
				<misses>123000000</misses>
				<total>0</total>
				<timestamp>1134.007181</timestamp>
			</report>
			<report>
				<misses>123100000</misses>
				<total>0</total>
				<timestamp>1134.939542</timestamp>
			</report>
			<report>
				<misses>123200000</misses>
				<total>0</total>
				<timestamp>1135.901010</timestamp>
			</report>
			<report>
				<misses>123300000</misses>
				<total>0</total>
				<timestamp>1136.828850</timestamp>
			</report>
			<report>
				<misses>123400000</misses>
				<total>0</total>
				<timestamp>1137.767710</timestamp>
			</report>
			<report>
				<misses>123500000</misses>
				<total>0</total>
				<timestamp>1138.716112</timestamp>
			</report>
			<report>
				<misses>123600000</misses>
				<total>0</total>
				<timestamp>1139.666206</timestamp>
			</report>
			<report>
				<misses>123700000</misses>
				<total>0</total>
				<timestamp>1140.613156</timestamp>
			</report>
			<report>
				<misses>123800000</misses>
				<total>0</total>
				<timestamp>1141.545520</timestamp>
			</report>
			<report>
				<misses>123900000</misses>
				<total>0</total>
				<timestamp>1142.474239</timestamp>
			</report>
			<report>
				<misses>124000000</misses>
				<total>0</total>
				<timestamp>1143.384757</timestamp>
			</report>
			<report>
				<misses>124100000</misses>
				<total>0</total>
				<timestamp>1144.352621</timestamp>
			</report>
			<report>
				<misses>124200000</misses>
				<total>0</total>
				<timestamp>1145.272540</timestamp>
			</report>
			<report>
				<misses>124300000</misses>
				<total>0</total>
				<timestamp>1146.192937</timestamp>
			</report>
			<report>
				<misses>124400000</misses>
				<total>0</total>
				<timestamp>1147.105727</timestamp>
			</report>
			<report>
				<misses>124500000</misses>
				<total>0</total>
				<timestamp>1148.022511</timestamp>
			</report>
			<report>
				<misses>124600000</misses>
				<total>0</total>
				<timestamp>1148.941195</timestamp>
			</report>
			<report>
				<misses>124700000</misses>
				<total>0</total>
				<timestamp>1149.822224</timestamp>
			</report>
			<report>
				<misses>124800000</misses>
				<total>0</total>
				<timestamp>1150.718865</timestamp>
			</report>
			<report>
				<misses>124900000</misses>
				<total>0</total>
				<timestamp>1151.615130</timestamp>
			</report>
			<report>
				<misses>125000000</misses>
				<total>0</total>
				<timestamp>1152.525534</timestamp>
			</report>
			<report>
				<misses>125100000</misses>
				<total>0</total>
				<timestamp>1153.414767</timestamp>
			</report>
			<report>
				<misses>125200000</misses>
				<total>0</total>
				<timestamp>1154.336096</timestamp>
			</report>
			<report>
				<misses>125300000</misses>
				<total>0</total>
				<timestamp>1155.279390</timestamp>
			</report>
			<report>
				<misses>125400000</misses>
				<total>0</total>
				<timestamp>1156.213200</timestamp>
			</report>
			<report>
				<misses>125500000</misses>
				<total>0</total>
				<timestamp>1157.140561</timestamp>
			</report>
			<report>
				<misses>125600000</misses>
				<total>0</total>
				<timestamp>1158.078847</timestamp>
			</report>
			<report>
				<misses>125700000</misses>
				<total>0</total>
				<timestamp>1159.004143</timestamp>
			</report>
			<report>
				<misses>125800000</misses>
				<total>0</total>
				<timestamp>1159.935117</timestamp>
			</report>
			<report>
				<misses>125900000</misses>
				<total>0</total>
				<timestamp>1160.858252</timestamp>
			</report>
			<report>
				<misses>126000000</misses>
				<total>0</total>
				<timestamp>1161.755129</timestamp>
			</report>
			<report>
				<misses>126100000</misses>
				<total>0</total>
				<timestamp>1162.678291</timestamp>
			</report>
			<report>
				<misses>126200000</misses>
				<total>0</total>
				<timestamp>1163.618185</timestamp>
			</report>
			<report>
				<misses>126300000</misses>
				<total>0</total>
				<timestamp>1164.548175</timestamp>
			</report>
			<report>
				<misses>126400000</misses>
				<total>0</total>
				<timestamp>1165.459219</timestamp>
			</report>
			<report>
				<misses>126500000</misses>
				<total>0</total>
				<timestamp>1166.352986</timestamp>
			</report>
			<report>
				<misses>126600000</misses>
				<total>0</total>
				<timestamp>1167.243140</timestamp>
			</report>
			<report>
				<misses>126700000</misses>
				<total>0</total>
				<timestamp>1168.153446</timestamp>
			</report>
			<report>
				<misses>126800000</misses>
				<total>0</total>
				<timestamp>1169.052697</timestamp>
			</report>
			<report>
				<misses>126900000</misses>
				<total>0</total>
				<timestamp>1169.953426</timestamp>
			</report>
			<report>
				<misses>127000000</misses>
				<total>0</total>
				<timestamp>1170.857542</timestamp>
			</report>
			<report>
				<misses>127100000</misses>
				<total>0</total>
				<timestamp>1171.762310</timestamp>
			</report>
			<report>
				<misses>127200000</misses>
				<total>0</total>
				<timestamp>1172.670308</timestamp>
			</report>
			<report>
				<misses>127300000</misses>
				<total>0</total>
				<timestamp>1173.589364</timestamp>
			</report>
			<report>
				<misses>127400000</misses>
				<total>0</total>
				<timestamp>1174.530399</timestamp>
			</report>
			<report>
				<misses>127500000</misses>
				<total>0</total>
				<timestamp>1175.475180</timestamp>
			</report>
			<report>
				<misses>127600000</misses>
				<total>0</total>
				<timestamp>1176.419339</timestamp>
			</report>
			<report>
				<misses>127700000</misses>
				<total>0</total>
				<timestamp>1177.323232</timestamp>
			</report>
			<report>
				<misses>127800000</misses>
				<total>0</total>
				<timestamp>1178.269327</timestamp>
			</report>
			<report>
				<misses>127900000</misses>
				<total>0</total>
				<timestamp>1179.178567</timestamp>
			</report>
			<report>
				<misses>128000000</misses>
				<total>0</total>
				<timestamp>1180.117530</timestamp>
			</report>
			<report>
				<misses>128100000</misses>
				<total>0</total>
				<timestamp>1181.063547</timestamp>
			</report>
			<report>
				<misses>128200000</misses>
				<total>0</total>
				<timestamp>1181.979972</timestamp>
			</report>
			<report>
				<misses>128300000</misses>
				<total>0</total>
				<timestamp>1182.895442</timestamp>
			</report>
			<report>
				<misses>128400000</misses>
				<total>0</total>
				<timestamp>1183.795969</timestamp>
			</report>
			<report>
				<misses>128500000</misses>
				<total>0</total>
				<timestamp>1184.694661</timestamp>
			</report>
			<report>
				<misses>128600000</misses>
				<total>0</total>
				<timestamp>1185.599218</timestamp>
			</report>
			<report>
				<misses>128700000</misses>
				<total>0</total>
				<timestamp>1186.507666</timestamp>
			</report>
			<report>
				<misses>128800000</misses>
				<total>0</total>
				<timestamp>1187.400741</timestamp>
			</report>
			<report>
				<misses>128900000</misses>
				<total>0</total>
				<timestamp>1188.297520</timestamp>
			</report>
			<report>
				<misses>129000000</misses>
				<total>0</total>
				<timestamp>1189.219041</timestamp>
			</report>
			<report>
				<misses>129100000</misses>
				<total>0</total>
				<timestamp>1190.156978</timestamp>
			</report>
			<report>
				<misses>129200000</misses>
				<total>0</total>
				<timestamp>1191.073728</timestamp>
			</report>
			<report>
				<misses>129300000</misses>
				<total>0</total>
				<timestamp>1191.995976</timestamp>
			</report>
			<report>
				<misses>129400000</misses>
				<total>0</total>
				<timestamp>1192.910630</timestamp>
			</report>
			<report>
				<misses>129500000</misses>
				<total>0</total>
				<timestamp>1193.825252</timestamp>
			</report>
			<report>
				<misses>129600000</misses>
				<total>0</total>
				<timestamp>1194.730757</timestamp>
			</report>
			<report>
				<misses>129700000</misses>
				<total>0</total>
				<timestamp>1195.665168</timestamp>
			</report>
			<report>
				<misses>129800000</misses>
				<total>0</total>
				<timestamp>1196.583318</timestamp>
			</report>
			<report>
				<misses>129900000</misses>
				<total>0</total>
				<timestamp>1197.494299</timestamp>
			</report>
			<report>
				<misses>130000000</misses>
				<total>0</total>
				<timestamp>1198.398454</timestamp>
			</report>
			<report>
				<misses>130100000</misses>
				<total>0</total>
				<timestamp>1199.326700</timestamp>
			</report>
			<report>
				<misses>130200000</misses>
				<total>0</total>
				<timestamp>1200.243354</timestamp>
			</report>
			<report>
				<misses>130300000</misses>
				<total>0</total>
				<timestamp>1201.166269</timestamp>
			</report>
			<report>
				<misses>130400000</misses>
				<total>0</total>
				<timestamp>1202.065503</timestamp>
			</report>
			<report>
				<misses>130500000</misses>
				<total>0</total>
				<timestamp>1202.972733</timestamp>
			</report>
			<report>
				<misses>130600000</misses>
				<total>0</total>
				<timestamp>1203.869792</timestamp>
			</report>
			<report>
				<misses>130700000</misses>
				<total>0</total>
				<timestamp>1204.761554</timestamp>
			</report>
			<report>
				<misses>130800000</misses>
				<total>0</total>
				<timestamp>1205.655581</timestamp>
			</report>
			<report>
				<misses>130900000</misses>
				<total>0</total>
				<timestamp>1206.561678</timestamp>
			</report>
			<report>
				<misses>131000000</misses>
				<total>0</total>
				<timestamp>1207.462726</timestamp>
			</report>
			<report>
				<misses>131100000</misses>
				<total>0</total>
				<timestamp>1208.368245</timestamp>
			</report>
			<report>
				<misses>131200000</misses>
				<total>0</total>
				<timestamp>1209.270548</timestamp>
			</report>
			<report>
				<misses>131300000</misses>
				<total>0</total>
				<timestamp>1210.191703</timestamp>
			</report>
			<report>
				<misses>131400000</misses>
				<total>0</total>
				<timestamp>1211.097176</timestamp>
			</report>
			<report>
				<misses>131500000</misses>
				<total>0</total>
				<timestamp>1212.003123</timestamp>
			</report>
			<report>
				<misses>131600000</misses>
				<total>0</total>
				<timestamp>1212.916596</timestamp>
			</report>
			<report>
				<misses>131700000</misses>
				<total>0</total>
				<timestamp>1213.831299</timestamp>
			</report>
			<report>
				<misses>131800000</misses>
				<total>0</total>
				<timestamp>1214.775396</timestamp>
			</report>
			<report>
				<misses>131900000</misses>
				<total>0</total>
				<timestamp>1215.689336</timestamp>
			</report>
			<report>
				<misses>132000000</misses>
				<total>0</total>
				<timestamp>1216.598573</timestamp>
			</report>
			<report>
				<misses>132100000</misses>
				<total>0</total>
				<timestamp>1217.519201</timestamp>
			</report>
			<report>
				<misses>132200000</misses>
				<total>0</total>
				<timestamp>1218.435822</timestamp>
			</report>
			<report>
				<misses>132300000</misses>
				<total>0</total>
				<timestamp>1219.363765</timestamp>
			</report>
			<report>
				<misses>132400000</misses>
				<total>0</total>
				<timestamp>1220.254180</timestamp>
			</report>
			<report>
				<misses>132500000</misses>
				<total>0</total>
				<timestamp>1221.143071</timestamp>
			</report>
			<report>
				<misses>132600000</misses>
				<total>0</total>
				<timestamp>1222.039143</timestamp>
			</report>
			<report>
				<misses>132700000</misses>
				<total>0</total>
				<timestamp>1222.925888</timestamp>
			</report>
			<report>
				<misses>132800000</misses>
				<total>0</total>
				<timestamp>1223.817163</timestamp>
			</report>
			<report>
				<misses>132900000</misses>
				<total>0</total>
				<timestamp>1224.719473</timestamp>
			</report>
			<report>
				<misses>133000000</misses>
				<total>0</total>
				<timestamp>1225.642950</timestamp>
			</report>
			<report>
				<misses>133100000</misses>
				<total>0</total>
				<timestamp>1226.567765</timestamp>
			</report>
			<report>
				<misses>133200000</misses>
				<total>0</total>
				<timestamp>1227.471284</timestamp>
			</report>
			<report>
				<misses>133300000</misses>
				<total>0</total>
				<timestamp>1228.398772</timestamp>
			</report>
			<report>
				<misses>133400000</misses>
				<total>0</total>
				<timestamp>1229.327925</timestamp>
			</report>
			<report>
				<misses>133500000</misses>
				<total>0</total>
				<timestamp>1230.229556</timestamp>
			</report>
			<report>
				<misses>133600000</misses>
				<total>0</total>
				<timestamp>1231.157345</timestamp>
			</report>
			<report>
				<misses>133700000</misses>
				<total>0</total>
				<timestamp>1232.059194</timestamp>
			</report>
			<report>
				<misses>133800000</misses>
				<total>0</total>
				<timestamp>1232.988370</timestamp>
			</report>
			<report>
				<misses>133900000</misses>
				<total>0</total>
				<timestamp>1233.898894</timestamp>
			</report>
			<report>
				<misses>134000000</misses>
				<total>0</total>
				<timestamp>1234.832604</timestamp>
			</report>
			<report>
				<misses>134100000</misses>
				<total>0</total>
				<timestamp>1235.745379</timestamp>
			</report>
			<report>
				<misses>134200000</misses>
				<total>0</total>
				<timestamp>1236.661237</timestamp>
			</report>
			<report>
				<misses>134300000</misses>
				<total>0</total>
				<timestamp>1237.574461</timestamp>
			</report>
			<report>
				<misses>134400000</misses>
				<total>0</total>
				<timestamp>1238.475762</timestamp>
			</report>
			<report>
				<misses>134500000</misses>
				<total>0</total>
				<timestamp>1239.374667</timestamp>
			</report>
			<report>
				<misses>134600000</misses>
				<total>0</total>
				<timestamp>1240.272989</timestamp>
			</report>
			<report>
				<misses>134700000</misses>
				<total>0</total>
				<timestamp>1241.167297</timestamp>
			</report>
			<report>
				<misses>134800000</misses>
				<total>0</total>
				<timestamp>1242.072916</timestamp>
			</report>
			<report>
				<misses>134900000</misses>
				<total>0</total>
				<timestamp>1242.971243</timestamp>
			</report>
			<report>
				<misses>135000000</misses>
				<total>0</total>
				<timestamp>1243.889136</timestamp>
			</report>
			<report>
				<misses>135100000</misses>
				<total>0</total>
				<timestamp>1244.839830</timestamp>
			</report>
			<report>
				<misses>135200000</misses>
				<total>0</total>
				<timestamp>1245.775921</timestamp>
			</report>
			<report>
				<misses>135300000</misses>
				<total>0</total>
				<timestamp>1246.702304</timestamp>
			</report>
			<report>
				<misses>135400000</misses>
				<total>0</total>
				<timestamp>1247.642528</timestamp>
			</report>
			<report>
				<misses>135500000</misses>
				<total>0</total>
				<timestamp>1248.583527</timestamp>
			</report>
			<report>
				<misses>135600000</misses>
				<total>0</total>
				<timestamp>1249.525333</timestamp>
			</report>
			<report>
				<misses>135700000</misses>
				<total>0</total>
				<timestamp>1250.473072</timestamp>
			</report>
			<report>
				<misses>135800000</misses>
				<total>0</total>
				<timestamp>1251.396886</timestamp>
			</report>
			<report>
				<misses>135900000</misses>
				<total>0</total>
				<timestamp>1252.330049</timestamp>
			</report>
			<report>
				<misses>136000000</misses>
				<total>0</total>
				<timestamp>1253.279362</timestamp>
			</report>
			<report>
				<misses>136100000</misses>
				<total>0</total>
				<timestamp>1254.199650</timestamp>
			</report>
			<report>
				<misses>136200000</misses>
				<total>0</total>
				<timestamp>1255.124170</timestamp>
			</report>
			<report>
				<misses>136300000</misses>
				<total>0</total>
				<timestamp>1256.038420</timestamp>
			</report>
			<report>
				<misses>136400000</misses>
				<total>0</total>
				<timestamp>1256.985464</timestamp>
			</report>
			<report>
				<misses>136500000</misses>
				<total>0</total>
				<timestamp>1257.887895</timestamp>
			</report>
			<report>
				<misses>136600000</misses>
				<total>0</total>
				<timestamp>1258.840280</timestamp>
			</report>
			<report>
				<misses>136700000</misses>
				<total>0</total>
				<timestamp>1259.745518</timestamp>
			</report>
			<report>
				<misses>136800000</misses>
				<total>0</total>
				<timestamp>1260.640443</timestamp>
			</report>
			<report>
				<misses>136900000</misses>
				<total>0</total>
				<timestamp>1261.550707</timestamp>
			</report>
			<report>
				<misses>137000000</misses>
				<total>0</total>
				<timestamp>1262.448012</timestamp>
			</report>
			<report>
				<misses>137100000</misses>
				<total>0</total>
				<timestamp>1263.347026</timestamp>
			</report>
			<report>
				<misses>137200000</misses>
				<total>0</total>
				<timestamp>1264.252533</timestamp>
			</report>
			<report>
				<misses>137300000</misses>
				<total>0</total>
				<timestamp>1265.157946</timestamp>
			</report>
			<report>
				<misses>137400000</misses>
				<total>0</total>
				<timestamp>1266.078645</timestamp>
			</report>
			<report>
				<misses>137500000</misses>
				<total>0</total>
				<timestamp>1266.995638</timestamp>
			</report>
			<report>
				<misses>137600000</misses>
				<total>0</total>
				<timestamp>1267.932786</timestamp>
			</report>
			<report>
				<misses>137700000</misses>
				<total>0</total>
				<timestamp>1268.850813</timestamp>
			</report>
			<report>
				<misses>137800000</misses>
				<total>0</total>
				<timestamp>1269.791936</timestamp>
			</report>
			<report>
				<misses>137900000</misses>
				<total>0</total>
				<timestamp>1270.714719</timestamp>
			</report>
			<report>
				<misses>138000000</misses>
				<total>0</total>
				<timestamp>1271.660145</timestamp>
			</report>
			<report>
				<misses>138100000</misses>
				<total>0</total>
				<timestamp>1272.563495</timestamp>
			</report>
			<report>
				<misses>138200000</misses>
				<total>0</total>
				<timestamp>1273.465035</timestamp>
			</report>
			<report>
				<misses>138300000</misses>
				<total>0</total>
				<timestamp>1274.400795</timestamp>
			</report>
			<report>
				<misses>138400000</misses>
				<total>0</total>
				<timestamp>1275.315403</timestamp>
			</report>
			<report>
				<misses>138500000</misses>
				<total>0</total>
				<timestamp>1276.278243</timestamp>
			</report>
			<report>
				<misses>138600000</misses>
				<total>0</total>
				<timestamp>1277.212324</timestamp>
			</report>
			<report>
				<misses>138700000</misses>
				<total>0</total>
				<timestamp>1278.167777</timestamp>
			</report>
			<report>
				<misses>138800000</misses>
				<total>0</total>
				<timestamp>1279.115827</timestamp>
			</report>
			<report>
				<misses>138900000</misses>
				<total>0</total>
				<timestamp>1280.068202</timestamp>
			</report>
			<report>
				<misses>139000000</misses>
				<total>0</total>
				<timestamp>1281.012189</timestamp>
			</report>
			<report>
				<misses>139100000</misses>
				<total>0</total>
				<timestamp>1281.957749</timestamp>
			</report>
			<report>
				<misses>139200000</misses>
				<total>0</total>
				<timestamp>1282.917170</timestamp>
			</report>
			<report>
				<misses>139300000</misses>
				<total>0</total>
				<timestamp>1283.849303</timestamp>
			</report>
			<report>
				<misses>139400000</misses>
				<total>0</total>
				<timestamp>1284.796115</timestamp>
			</report>
			<report>
				<misses>139500000</misses>
				<total>0</total>
				<timestamp>1285.702066</timestamp>
			</report>
			<report>
				<misses>139600000</misses>
				<total>0</total>
				<timestamp>1286.594469</timestamp>
			</report>
			<report>
				<misses>139700000</misses>
				<total>0</total>
				<timestamp>1287.500572</timestamp>
			</report>
			<report>
				<misses>139800000</misses>
				<total>0</total>
				<timestamp>1288.392037</timestamp>
			</report>
			<report>
				<misses>139900000</misses>
				<total>0</total>
				<timestamp>1289.301637</timestamp>
			</report>
			<report>
				<misses>140000000</misses>
				<total>0</total>
				<timestamp>1290.207780</timestamp>
			</report>
			<report>
				<misses>140100000</misses>
				<total>0</total>
				<timestamp>1291.106397</timestamp>
			</report>
			<report>
				<misses>140200000</misses>
				<total>0</total>
				<timestamp>1292.035510</timestamp>
			</report>
			<report>
				<misses>140300000</misses>
				<total>0</total>
				<timestamp>1292.951004</timestamp>
			</report>
			<report>
				<misses>140400000</misses>
				<total>0</total>
				<timestamp>1293.900367</timestamp>
			</report>
			<report>
				<misses>140500000</misses>
				<total>0</total>
				<timestamp>1294.825079</timestamp>
			</report>
			<report>
				<misses>140600000</misses>
				<total>0</total>
				<timestamp>1295.763583</timestamp>
			</report>
			<report>
				<misses>140700000</misses>
				<total>0</total>
				<timestamp>1296.685358</timestamp>
			</report>
			<report>
				<misses>140800000</misses>
				<total>0</total>
				<timestamp>1297.622735</timestamp>
			</report>
			<report>
				<misses>140900000</misses>
				<total>0</total>
				<timestamp>1298.557415</timestamp>
			</report>
			<report>
				<misses>141000000</misses>
				<total>0</total>
				<timestamp>1299.494398</timestamp>
			</report>
			<report>
				<misses>141100000</misses>
				<total>0</total>
				<timestamp>1300.445199</timestamp>
			</report>
			<report>
				<misses>141200000</misses>
				<total>0</total>
				<timestamp>1301.369727</timestamp>
			</report>
			<report>
				<misses>141300000</misses>
				<total>0</total>
				<timestamp>1302.300825</timestamp>
			</report>
			<report>
				<misses>141400000</misses>
				<total>0</total>
				<timestamp>1303.204857</timestamp>
			</report>
			<report>
				<misses>141500000</misses>
				<total>0</total>
				<timestamp>1304.108709</timestamp>
			</report>
			<report>
				<misses>141600000</misses>
				<total>0</total>
				<timestamp>1305.004540</timestamp>
			</report>
			<report>
				<misses>141700000</misses>
				<total>0</total>
				<timestamp>1305.915435</timestamp>
			</report>
			<report>
				<misses>141800000</misses>
				<total>0</total>
				<timestamp>1306.835016</timestamp>
			</report>
			<report>
				<misses>141900000</misses>
				<total>0</total>
				<timestamp>1307.719229</timestamp>
			</report>
			<report>
				<misses>142000000</misses>
				<total>0</total>
				<timestamp>1308.623485</timestamp>
			</report>
			<report>
				<misses>142100000</misses>
				<total>0</total>
				<timestamp>1309.561546</timestamp>
			</report>
			<report>
				<misses>142200000</misses>
				<total>0</total>
				<timestamp>1310.477168</timestamp>
			</report>
			<report>
				<misses>142300000</misses>
				<total>0</total>
				<timestamp>1311.417162</timestamp>
			</report>
			<report>
				<misses>142400000</misses>
				<total>0</total>
				<timestamp>1312.352148</timestamp>
			</report>
			<report>
				<misses>142500000</misses>
				<total>0</total>
				<timestamp>1313.274928</timestamp>
			</report>
			<report>
				<misses>142600000</misses>
				<total>0</total>
				<timestamp>1314.196134</timestamp>
			</report>
			<report>
				<misses>142700000</misses>
				<total>0</total>
				<timestamp>1315.118608</timestamp>
			</report>
			<report>
				<misses>142800000</misses>
				<total>0</total>
				<timestamp>1316.035347</timestamp>
			</report>
			<report>
				<misses>142900000</misses>
				<total>0</total>
				<timestamp>1316.993788</timestamp>
			</report>
			<report>
				<misses>143000000</misses>
				<total>0</total>
				<timestamp>1317.948115</timestamp>
			</report>
			<report>
				<misses>143100000</misses>
				<total>0</total>
				<timestamp>1318.894034</timestamp>
			</report>
			<report>
				<misses>143200000</misses>
				<total>0</total>
				<timestamp>1319.845302</timestamp>
			</report>
			<report>
				<misses>143300000</misses>
				<total>0</total>
				<timestamp>1320.761171</timestamp>
			</report>
			<report>
				<misses>143400000</misses>
				<total>0</total>
				<timestamp>1321.695582</timestamp>
			</report>
			<report>
				<misses>143500000</misses>
				<total>0</total>
				<timestamp>1322.607660</timestamp>
			</report>
			<report>
				<misses>143600000</misses>
				<total>0</total>
				<timestamp>1323.527302</timestamp>
			</report>
			<report>
				<misses>143700000</misses>
				<total>0</total>
				<timestamp>1324.460550</timestamp>
			</report>
			<report>
				<misses>143800000</misses>
				<total>0</total>
				<timestamp>1325.386090</timestamp>
			</report>
			<report>
				<misses>143900000</misses>
				<total>0</total>
				<timestamp>1326.295583</timestamp>
			</report>
			<report>
				<misses>144000000</misses>
				<total>0</total>
				<timestamp>1327.203442</timestamp>
			</report>
			<report>
				<misses>144100000</misses>
				<total>0</total>
				<timestamp>1328.103158</timestamp>
			</report>
			<report>
				<misses>144200000</misses>
				<total>0</total>
				<timestamp>1328.993584</timestamp>
			</report>
			<report>
				<misses>144300000</misses>
				<total>0</total>
				<timestamp>1329.894084</timestamp>
			</report>
			<report>
				<misses>144400000</misses>
				<total>0</total>
				<timestamp>1330.791233</timestamp>
			</report>
			<report>
				<misses>144500000</misses>
				<total>0</total>
				<timestamp>1331.722893</timestamp>
			</report>
			<report>
				<misses>144600000</misses>
				<total>0</total>
				<timestamp>1332.627053</timestamp>
			</report>
			<report>
				<misses>144700000</misses>
				<total>0</total>
				<timestamp>1333.552509</timestamp>
			</report>
			<report>
				<misses>144800000</misses>
				<total>0</total>
				<timestamp>1334.479546</timestamp>
			</report>
			<report>
				<misses>144900000</misses>
				<total>0</total>
				<timestamp>1335.424767</timestamp>
			</report>
			<report>
				<misses>145000000</misses>
				<total>0</total>
				<timestamp>1336.378300</timestamp>
			</report>
			<report>
				<misses>145100000</misses>
				<total>0</total>
				<timestamp>1337.329856</timestamp>
			</report>
			<report>
				<misses>145200000</misses>
				<total>0</total>
				<timestamp>1338.272370</timestamp>
			</report>
			<report>
				<misses>145300000</misses>
				<total>0</total>
				<timestamp>1339.189434</timestamp>
			</report>
			<report>
				<misses>145400000</misses>
				<total>0</total>
				<timestamp>1340.097649</timestamp>
			</report>
			<report>
				<misses>145500000</misses>
				<total>0</total>
				<timestamp>1341.006254</timestamp>
			</report>
			<report>
				<misses>145600000</misses>
				<total>0</total>
				<timestamp>1341.921561</timestamp>
			</report>
			<report>
				<misses>145700000</misses>
				<total>0</total>
				<timestamp>1342.848245</timestamp>
			</report>
			<report>
				<misses>145800000</misses>
				<total>0</total>
				<timestamp>1343.758224</timestamp>
			</report>
			<report>
				<misses>145900000</misses>
				<total>0</total>
				<timestamp>1344.696767</timestamp>
			</report>
			<report>
				<misses>146000000</misses>
				<total>0</total>
				<timestamp>1345.634464</timestamp>
			</report>
			<report>
				<misses>146100000</misses>
				<total>0</total>
				<timestamp>1346.600318</timestamp>
			</report>
			<report>
				<misses>146200000</misses>
				<total>0</total>
				<timestamp>1347.524255</timestamp>
			</report>
			<report>
				<misses>146300000</misses>
				<total>0</total>
				<timestamp>1348.464573</timestamp>
			</report>
			<report>
				<misses>146400000</misses>
				<total>0</total>
				<timestamp>1349.392044</timestamp>
			</report>
			<report>
				<misses>146500000</misses>
				<total>0</total>
				<timestamp>1350.288320</timestamp>
			</report>
			<report>
				<misses>146600000</misses>
				<total>0</total>
				<timestamp>1351.193940</timestamp>
			</report>
			<report>
				<misses>146700000</misses>
				<total>0</total>
				<timestamp>1352.100633</timestamp>
			</report>
			<report>
				<misses>146800000</misses>
				<total>0</total>
				<timestamp>1353.000774</timestamp>
			</report>
			<report>
				<misses>146900000</misses>
				<total>0</total>
				<timestamp>1353.899708</timestamp>
			</report>
			<report>
				<misses>147000000</misses>
				<total>0</total>
				<timestamp>1354.804164</timestamp>
			</report>
			<report>
				<misses>147100000</misses>
				<total>0</total>
				<timestamp>1355.711380</timestamp>
			</report>
			<report>
				<misses>147200000</misses>
				<total>0</total>
				<timestamp>1356.652505</timestamp>
			</report>
			<report>
				<misses>147300000</misses>
				<total>0</total>
				<timestamp>1357.588836</timestamp>
			</report>
			<report>
				<misses>147400000</misses>
				<total>0</total>
				<timestamp>1358.492118</timestamp>
			</report>
			<report>
				<misses>147500000</misses>
				<total>0</total>
				<timestamp>1359.400650</timestamp>
			</report>
			<report>
				<misses>147600000</misses>
				<total>0</total>
				<timestamp>1360.332650</timestamp>
			</report>
			<report>
				<misses>147700000</misses>
				<total>0</total>
				<timestamp>1361.254710</timestamp>
			</report>
			<report>
				<misses>147800000</misses>
				<total>0</total>
				<timestamp>1362.174529</timestamp>
			</report>
			<report>
				<misses>147900000</misses>
				<total>0</total>
				<timestamp>1363.080612</timestamp>
			</report>
			<report>
				<misses>148000000</misses>
				<total>0</total>
				<timestamp>1364.010724</timestamp>
			</report>
			<report>
				<misses>148100000</misses>
				<total>0</total>
				<timestamp>1364.943067</timestamp>
			</report>
			<report>
				<misses>148200000</misses>
				<total>0</total>
				<timestamp>1365.871007</timestamp>
			</report>
			<report>
				<misses>148300000</misses>
				<total>0</total>
				<timestamp>1366.767384</timestamp>
			</report>
			<report>
				<misses>148400000</misses>
				<total>0</total>
				<timestamp>1367.664567</timestamp>
			</report>
			<report>
				<misses>148500000</misses>
				<total>0</total>
				<timestamp>1368.559817</timestamp>
			</report>
			<report>
				<misses>148600000</misses>
				<total>0</total>
				<timestamp>1369.456089</timestamp>
			</report>
			<report>
				<misses>148700000</misses>
				<total>0</total>
				<timestamp>1370.362698</timestamp>
			</report>
			<report>
				<misses>148800000</misses>
				<total>0</total>
				<timestamp>1371.251696</timestamp>
			</report>
			<report>
				<misses>148900000</misses>
				<total>0</total>
				<timestamp>1372.152220</timestamp>
			</report>
			<report>
				<misses>149000000</misses>
				<total>0</total>
				<timestamp>1373.044412</timestamp>
			</report>
			<report>
				<misses>149100000</misses>
				<total>0</total>
				<timestamp>1373.993478</timestamp>
			</report>
			<report>
				<misses>149200000</misses>
				<total>0</total>
				<timestamp>1374.897731</timestamp>
			</report>
			<report>
				<misses>149300000</misses>
				<total>0</total>
				<timestamp>1375.808711</timestamp>
			</report>
			<report>
				<misses>149400000</misses>
				<total>0</total>
				<timestamp>1376.718965</timestamp>
			</report>
			<report>
				<misses>149500000</misses>
				<total>0</total>
				<timestamp>1377.642461</timestamp>
			</report>
			<report>
				<misses>149600000</misses>
				<total>0</total>
				<timestamp>1378.549274</timestamp>
			</report>
			<report>
				<misses>149700000</misses>
				<total>0</total>
				<timestamp>1379.495552</timestamp>
			</report>
			<report>
				<misses>149800000</misses>
				<total>0</total>
				<timestamp>1380.438271</timestamp>
			</report>
			<report>
				<misses>149900000</misses>
				<total>0</total>
				<timestamp>1381.389843</timestamp>
			</report>
			<report>
				<misses>150000000</misses>
				<total>0</total>
				<timestamp>1382.331120</timestamp>
			</report>
			<report>
				<misses>150100000</misses>
				<total>0</total>
				<timestamp>1383.266328</timestamp>
			</report>
			<report>
				<misses>150200000</misses>
				<total>0</total>
				<timestamp>1384.199601</timestamp>
			</report>
			<report>
				<misses>150300000</misses>
				<total>0</total>
				<timestamp>1385.105208</timestamp>
			</report>
			<report>
				<misses>150400000</misses>
				<total>0</total>
				<timestamp>1386.039048</timestamp>
			</report>
			<report>
				<misses>150500000</misses>
				<total>0</total>
				<timestamp>1386.974352</timestamp>
			</report>
			<report>
				<misses>150600000</misses>
				<total>0</total>
				<timestamp>1387.926406</timestamp>
			</report>
			<report>
				<misses>150700000</misses>
				<total>0</total>
				<timestamp>1388.890402</timestamp>
			</report>
			<report>
				<misses>150800000</misses>
				<total>0</total>
				<timestamp>1389.814444</timestamp>
			</report>
			<report>
				<misses>150900000</misses>
				<total>0</total>
				<timestamp>1390.744287</timestamp>
			</report>
			<report>
				<misses>151000000</misses>
				<total>0</total>
				<timestamp>1391.642622</timestamp>
			</report>
			<report>
				<misses>151100000</misses>
				<total>0</total>
				<timestamp>1392.545841</timestamp>
			</report>
			<report>
				<misses>151200000</misses>
				<total>0</total>
				<timestamp>1393.443964</timestamp>
			</report>
			<report>
				<misses>151300000</misses>
				<total>0</total>
				<timestamp>1394.339428</timestamp>
			</report>
			<report>
				<misses>151400000</misses>
				<total>0</total>
				<timestamp>1395.229473</timestamp>
			</report>
			<report>
				<misses>151500000</misses>
				<total>0</total>
				<timestamp>1396.133813</timestamp>
			</report>
			<report>
				<misses>151600000</misses>
				<total>0</total>
				<timestamp>1397.029648</timestamp>
			</report>
			<report>
				<misses>151700000</misses>
				<total>0</total>
				<timestamp>1397.942765</timestamp>
			</report>
			<report>
				<misses>151800000</misses>
				<total>0</total>
				<timestamp>1398.865893</timestamp>
			</report>
			<report>
				<misses>151900000</misses>
				<total>0</total>
				<timestamp>1399.793831</timestamp>
			</report>
			<report>
				<misses>152000000</misses>
				<total>0</total>
				<timestamp>1400.724930</timestamp>
			</report>
			<report>
				<misses>152100000</misses>
				<total>0</total>
				<timestamp>1401.664070</timestamp>
			</report>
			<report>
				<misses>152200000</misses>
				<total>0</total>
				<timestamp>1402.590709</timestamp>
			</report>
			<report>
				<misses>152300000</misses>
				<total>0</total>
				<timestamp>1403.511910</timestamp>
			</report>
			<report>
				<misses>152400000</misses>
				<total>0</total>
				<timestamp>1404.456332</timestamp>
			</report>
			<report>
				<misses>152500000</misses>
				<total>0</total>
				<timestamp>1405.393690</timestamp>
			</report>
			<report>
				<misses>152600000</misses>
				<total>0</total>
				<timestamp>1406.329568</timestamp>
			</report>
			<report>
				<misses>152700000</misses>
				<total>0</total>
				<timestamp>1407.234388</timestamp>
			</report>
			<report>
				<misses>152800000</misses>
				<total>0</total>
				<timestamp>1408.164789</timestamp>
			</report>
			<report>
				<misses>152900000</misses>
				<total>0</total>
				<timestamp>1409.070174</timestamp>
			</report>
			<report>
				<misses>153000000</misses>
				<total>0</total>
				<timestamp>1409.963814</timestamp>
			</report>
			<report>
				<misses>153100000</misses>
				<total>0</total>
				<timestamp>1410.866270</timestamp>
			</report>
			<report>
				<misses>153200000</misses>
				<total>0</total>
				<timestamp>1411.763271</timestamp>
			</report>
			<report>
				<misses>153300000</misses>
				<total>0</total>
				<timestamp>1412.668080</timestamp>
			</report>
			<report>
				<misses>153400000</misses>
				<total>0</total>
				<timestamp>1413.566288</timestamp>
			</report>
			<report>
				<misses>153500000</misses>
				<total>0</total>
				<timestamp>1414.464786</timestamp>
			</report>
			<report>
				<misses>153600000</misses>
				<total>0</total>
				<timestamp>1415.419331</timestamp>
			</report>
			<report>
				<misses>153700000</misses>
				<total>0</total>
				<timestamp>1416.327816</timestamp>
			</report>
			<report>
				<misses>153800000</misses>
				<total>0</total>
				<timestamp>1417.252807</timestamp>
			</report>
			<report>
				<misses>153900000</misses>
				<total>0</total>
				<timestamp>1418.156181</timestamp>
			</report>
			<report>
				<misses>154000000</misses>
				<total>0</total>
				<timestamp>1419.067288</timestamp>
			</report>
			<report>
				<misses>154100000</misses>
				<total>0</total>
				<timestamp>1419.976806</timestamp>
			</report>
			<report>
				<misses>154200000</misses>
				<total>0</total>
				<timestamp>1420.911066</timestamp>
			</report>
			<report>
				<misses>154300000</misses>
				<total>0</total>
				<timestamp>1421.816813</timestamp>
			</report>
			<report>
				<misses>154400000</misses>
				<total>0</total>
				<timestamp>1422.744335</timestamp>
			</report>
			<report>
				<misses>154500000</misses>
				<total>0</total>
				<timestamp>1423.663987</timestamp>
			</report>
			<report>
				<misses>154600000</misses>
				<total>0</total>
				<timestamp>1424.602698</timestamp>
			</report>
			<report>
				<misses>154700000</misses>
				<total>0</total>
				<timestamp>1425.505480</timestamp>
			</report>
			<report>
				<misses>154800000</misses>
				<total>0</total>
				<timestamp>1426.399185</timestamp>
			</report>
			<report>
				<misses>154900000</misses>
				<total>0</total>
				<timestamp>1427.298445</timestamp>
			</report>
			<report>
				<misses>155000000</misses>
				<total>0</total>
				<timestamp>1428.198049</timestamp>
			</report>
			<report>
				<misses>155100000</misses>
				<total>0</total>
				<timestamp>1429.108222</timestamp>
			</report>
			<report>
				<misses>155200000</misses>
				<total>0</total>
				<timestamp>1430.008901</timestamp>
			</report>
			<report>
				<misses>155300000</misses>
				<total>0</total>
				<timestamp>1430.900808</timestamp>
			</report>
			<report>
				<misses>155400000</misses>
				<total>0</total>
				<timestamp>1431.803050</timestamp>
			</report>
			<report>
				<misses>155500000</misses>
				<total>0</total>
				<timestamp>1432.738819</timestamp>
			</report>
			<report>
				<misses>155600000</misses>
				<total>0</total>
				<timestamp>1433.634871</timestamp>
			</report>
			<report>
				<misses>155700000</misses>
				<total>0</total>
				<timestamp>1434.585541</timestamp>
			</report>
			<report>
				<misses>155800000</misses>
				<total>0</total>
				<timestamp>1435.501160</timestamp>
			</report>
			<report>
				<misses>155900000</misses>
				<total>0</total>
				<timestamp>1436.444344</timestamp>
			</report>
			<report>
				<misses>156000000</misses>
				<total>0</total>
				<timestamp>1437.348149</timestamp>
			</report>
			<report>
				<misses>156100000</misses>
				<total>0</total>
				<timestamp>1438.287907</timestamp>
			</report>
			<report>
				<misses>156200000</misses>
				<total>0</total>
				<timestamp>1439.210124</timestamp>
			</report>
			<report>
				<misses>156300000</misses>
				<total>0</total>
				<timestamp>1440.138281</timestamp>
			</report>
			<report>
				<misses>156400000</misses>
				<total>0</total>
				<timestamp>1441.053211</timestamp>
			</report>
			<report>
				<misses>156500000</misses>
				<total>0</total>
				<timestamp>1441.966686</timestamp>
			</report>
			<report>
				<misses>156600000</misses>
				<total>0</total>
				<timestamp>1442.874695</timestamp>
			</report>
			<report>
				<misses>156700000</misses>
				<total>0</total>
				<timestamp>1443.776911</timestamp>
			</report>
			<report>
				<misses>156800000</misses>
				<total>0</total>
				<timestamp>1444.681836</timestamp>
			</report>
			<report>
				<misses>156900000</misses>
				<total>0</total>
				<timestamp>1445.593358</timestamp>
			</report>
			<report>
				<misses>157000000</misses>
				<total>0</total>
				<timestamp>1446.495577</timestamp>
			</report>
			<report>
				<misses>157100000</misses>
				<total>0</total>
				<timestamp>1447.387653</timestamp>
			</report>
			<report>
				<misses>157200000</misses>
				<total>0</total>
				<timestamp>1448.279839</timestamp>
			</report>
			<report>
				<misses>157300000</misses>
				<total>0</total>
				<timestamp>1449.185221</timestamp>
			</report>
			<report>
				<misses>157400000</misses>
				<total>0</total>
				<timestamp>1450.098111</timestamp>
			</report>
			<report>
				<misses>157500000</misses>
				<total>0</total>
				<timestamp>1451.023417</timestamp>
			</report>
			<report>
				<misses>157600000</misses>
				<total>0</total>
				<timestamp>1451.942345</timestamp>
			</report>
			<report>
				<misses>157700000</misses>
				<total>0</total>
				<timestamp>1452.869072</timestamp>
			</report>
			<report>
				<misses>157800000</misses>
				<total>0</total>
				<timestamp>1453.781158</timestamp>
			</report>
			<report>
				<misses>157900000</misses>
				<total>0</total>
				<timestamp>1454.694291</timestamp>
			</report>
			<report>
				<misses>158000000</misses>
				<total>0</total>
				<timestamp>1455.595557</timestamp>
			</report>
			<report>
				<misses>158100000</misses>
				<total>0</total>
				<timestamp>1456.510614</timestamp>
			</report>
			<report>
				<misses>158200000</misses>
				<total>0</total>
				<timestamp>1457.424708</timestamp>
			</report>
			<report>
				<misses>158300000</misses>
				<total>0</total>
				<timestamp>1458.340912</timestamp>
			</report>
			<report>
				<misses>158400000</misses>
				<total>0</total>
				<timestamp>1459.251260</timestamp>
			</report>
			<report>
				<misses>158500000</misses>
				<total>0</total>
				<timestamp>1460.172225</timestamp>
			</report>
			<report>
				<misses>158600000</misses>
				<total>0</total>
				<timestamp>1461.070324</timestamp>
			</report>
			<report>
				<misses>158700000</misses>
				<total>0</total>
				<timestamp>1461.981072</timestamp>
			</report>
			<report>
				<misses>158800000</misses>
				<total>0</total>
				<timestamp>1462.872006</timestamp>
			</report>
			<report>
				<misses>158900000</misses>
				<total>0</total>
				<timestamp>1463.788302</timestamp>
			</report>
			<report>
				<misses>159000000</misses>
				<total>0</total>
				<timestamp>1464.677440</timestamp>
			</report>
			<report>
				<misses>159100000</misses>
				<total>0</total>
				<timestamp>1465.580614</timestamp>
			</report>
			<report>
				<misses>159200000</misses>
				<total>0</total>
				<timestamp>1466.478280</timestamp>
			</report>
			<report>
				<misses>159300000</misses>
				<total>0</total>
				<timestamp>1467.385375</timestamp>
			</report>
			<report>
				<misses>159400000</misses>
				<total>0</total>
				<timestamp>1468.341854</timestamp>
			</report>
			<report>
				<misses>159500000</misses>
				<total>0</total>
				<timestamp>1469.242355</timestamp>
			</report>
			<report>
				<misses>159600000</misses>
				<total>0</total>
				<timestamp>1470.181539</timestamp>
			</report>
			<report>
				<misses>159700000</misses>
				<total>0</total>
				<timestamp>1471.087165</timestamp>
			</report>
			<report>
				<misses>159800000</misses>
				<total>0</total>
				<timestamp>1472.020806</timestamp>
			</report>
			<report>
				<misses>159900000</misses>
				<total>0</total>
				<timestamp>1472.927462</timestamp>
			</report>
			<report>
				<misses>160000000</misses>
				<total>0</total>
				<timestamp>1473.858613</timestamp>
			</report>
			<report>
				<misses>160100000</misses>
				<total>0</total>
				<timestamp>1474.758560</timestamp>
			</report>
			<report>
				<misses>160200000</misses>
				<total>0</total>
				<timestamp>1475.672205</timestamp>
			</report>
			<report>
				<misses>160300000</misses>
				<total>0</total>
				<timestamp>1476.601305</timestamp>
			</report>
			<report>
				<misses>160400000</misses>
				<total>0</total>
				<timestamp>1477.487600</timestamp>
			</report>
			<report>
				<misses>160500000</misses>
				<total>0</total>
				<timestamp>1478.416607</timestamp>
			</report>
			<report>
				<misses>160600000</misses>
				<total>0</total>
				<timestamp>1479.313134</timestamp>
			</report>
			<report>
				<misses>160700000</misses>
				<total>0</total>
				<timestamp>1480.206914</timestamp>
			</report>
			<report>
				<misses>160800000</misses>
				<total>0</total>
				<timestamp>1481.114226</timestamp>
			</report>
			<report>
				<misses>160900000</misses>
				<total>0</total>
				<timestamp>1482.016999</timestamp>
			</report>
			<report>
				<misses>161000000</misses>
				<total>0</total>
				<timestamp>1482.936270</timestamp>
			</report>
			<report>
				<misses>161100000</misses>
				<total>0</total>
				<timestamp>1483.826990</timestamp>
			</report>
			<report>
				<misses>161200000</misses>
				<total>0</total>
				<timestamp>1484.727749</timestamp>
			</report>
			<report>
				<misses>161300000</misses>
				<total>0</total>
				<timestamp>1485.650238</timestamp>
			</report>
			<report>
				<misses>161400000</misses>
				<total>0</total>
				<timestamp>1486.582843</timestamp>
			</report>
			<report>
				<misses>161500000</misses>
				<total>0</total>
				<timestamp>1487.488036</timestamp>
			</report>
			<report>
				<misses>161600000</misses>
				<total>0</total>
				<timestamp>1488.407329</timestamp>
			</report>
			<report>
				<misses>161700000</misses>
				<total>0</total>
				<timestamp>1489.353207</timestamp>
			</report>
			<report>
				<misses>161800000</misses>
				<total>0</total>
				<timestamp>1490.294565</timestamp>
			</report>
			<report>
				<misses>161900000</misses>
				<total>0</total>
				<timestamp>1491.259923</timestamp>
			</report>
			<report>
				<misses>162000000</misses>
				<total>0</total>
				<timestamp>1492.190937</timestamp>
			</report>
			<report>
				<misses>162100000</misses>
				<total>0</total>
				<timestamp>1493.125304</timestamp>
			</report>
			<report>
				<misses>162200000</misses>
				<total>0</total>
				<timestamp>1494.036257</timestamp>
			</report>
			<report>
				<misses>162300000</misses>
				<total>0</total>
				<timestamp>1494.957457</timestamp>
			</report>
			<report>
				<misses>162400000</misses>
				<total>0</total>
				<timestamp>1495.891873</timestamp>
			</report>
			<report>
				<misses>162500000</misses>
				<total>0</total>
				<timestamp>1496.810659</timestamp>
			</report>
			<report>
				<misses>162600000</misses>
				<total>0</total>
				<timestamp>1497.770758</timestamp>
			</report>
			<report>
				<misses>162700000</misses>
				<total>0</total>
				<timestamp>1498.683907</timestamp>
			</report>
			<report>
				<misses>162800000</misses>
				<total>0</total>
				<timestamp>1499.632534</timestamp>
			</report>
			<report>
				<misses>162900000</misses>
				<total>0</total>
				<timestamp>1500.535754</timestamp>
			</report>
			<report>
				<misses>163000000</misses>
				<total>0</total>
				<timestamp>1501.444204</timestamp>
			</report>
			<report>
				<misses>163100000</misses>
				<total>0</total>
				<timestamp>1502.348441</timestamp>
			</report>
			<report>
				<misses>163200000</misses>
				<total>0</total>
				<timestamp>1503.252127</timestamp>
			</report>
			<report>
				<misses>163300000</misses>
				<total>0</total>
				<timestamp>1504.161978</timestamp>
			</report>
			<report>
				<misses>163400000</misses>
				<total>0</total>
				<timestamp>1505.071671</timestamp>
			</report>
			<report>
				<misses>163500000</misses>
				<total>0</total>
				<timestamp>1505.980363</timestamp>
			</report>
			<report>
				<misses>163600000</misses>
				<total>0</total>
				<timestamp>1506.933675</timestamp>
			</report>
			<report>
				<misses>163700000</misses>
				<total>0</total>
				<timestamp>1507.851667</timestamp>
			</report>
			<report>
				<misses>163800000</misses>
				<total>0</total>
				<timestamp>1508.771055</timestamp>
			</report>
			<report>
				<misses>163900000</misses>
				<total>0</total>
				<timestamp>1509.676456</timestamp>
			</report>
			<report>
				<misses>164000000</misses>
				<total>0</total>
				<timestamp>1510.616539</timestamp>
			</report>
			<report>
				<misses>164100000</misses>
				<total>0</total>
				<timestamp>1511.529896</timestamp>
			</report>
			<report>
				<misses>164200000</misses>
				<total>0</total>
				<timestamp>1512.465917</timestamp>
			</report>
			<report>
				<misses>164300000</misses>
				<total>0</total>
				<timestamp>1513.426981</timestamp>
			</report>
			<report>
				<misses>164400000</misses>
				<total>0</total>
				<timestamp>1514.365439</timestamp>
			</report>
			<report>
				<misses>164500000</misses>
				<total>0</total>
				<timestamp>1515.297153</timestamp>
			</report>
			<report>
				<misses>164600000</misses>
				<total>0</total>
				<timestamp>1516.194681</timestamp>
			</report>
			<report>
				<misses>164700000</misses>
				<total>0</total>
				<timestamp>1517.113630</timestamp>
			</report>
			<report>
				<misses>164800000</misses>
				<total>0</total>
				<timestamp>1518.024593</timestamp>
			</report>
			<report>
				<misses>164900000</misses>
				<total>0</total>
				<timestamp>1518.926556</timestamp>
			</report>
			<report>
				<misses>165000000</misses>
				<total>0</total>
				<timestamp>1519.858298</timestamp>
			</report>
			<report>
				<misses>165100000</misses>
				<total>0</total>
				<timestamp>1520.798929</timestamp>
			</report>
			<report>
				<misses>165200000</misses>
				<total>0</total>
				<timestamp>1521.736620</timestamp>
			</report>
			<report>
				<misses>165300000</misses>
				<total>0</total>
				<timestamp>1522.632572</timestamp>
			</report>
			<report>
				<misses>165400000</misses>
				<total>0</total>
				<timestamp>1523.530443</timestamp>
			</report>
			<report>
				<misses>165500000</misses>
				<total>0</total>
				<timestamp>1524.446982</timestamp>
			</report>
			<report>
				<misses>165600000</misses>
				<total>0</total>
				<timestamp>1525.360793</timestamp>
			</report>
			<report>
				<misses>165700000</misses>
				<total>0</total>
				<timestamp>1526.260035</timestamp>
			</report>
			<report>
				<misses>165800000</misses>
				<total>0</total>
				<timestamp>1527.181599</timestamp>
			</report>
			<report>
				<misses>165900000</misses>
				<total>0</total>
				<timestamp>1528.139413</timestamp>
			</report>
			<report>
				<misses>166000000</misses>
				<total>0</total>
				<timestamp>1529.060159</timestamp>
			</report>
			<report>
				<misses>166100000</misses>
				<total>0</total>
				<timestamp>1530.000367</timestamp>
			</report>
			<report>
				<misses>166200000</misses>
				<total>0</total>
				<timestamp>1530.921729</timestamp>
			</report>
			<report>
				<misses>166300000</misses>
				<total>0</total>
				<timestamp>1531.849514</timestamp>
			</report>
			<report>
				<misses>166400000</misses>
				<total>0</total>
				<timestamp>1532.761273</timestamp>
			</report>
			<report>
				<misses>166500000</misses>
				<total>0</total>
				<timestamp>1533.676015</timestamp>
			</report>
			<report>
				<misses>166600000</misses>
				<total>0</total>
				<timestamp>1534.605869</timestamp>
			</report>
			<report>
				<misses>166700000</misses>
				<total>0</total>
				<timestamp>1535.551312</timestamp>
			</report>
			<report>
				<misses>166800000</misses>
				<total>0</total>
				<timestamp>1536.496998</timestamp>
			</report>
			<report>
				<misses>166900000</misses>
				<total>0</total>
				<timestamp>1537.428324</timestamp>
			</report>
			<report>
				<misses>167000000</misses>
				<total>0</total>
				<timestamp>1538.361237</timestamp>
			</report>
			<report>
				<misses>167100000</misses>
				<total>0</total>
				<timestamp>1539.286090</timestamp>
			</report>
			<report>
				<misses>167200000</misses>
				<total>0</total>
				<timestamp>1540.201256</timestamp>
			</report>
			<report>
				<misses>167300000</misses>
				<total>0</total>
				<timestamp>1541.101173</timestamp>
			</report>
			<report>
				<misses>167400000</misses>
				<total>0</total>
				<timestamp>1541.987122</timestamp>
			</report>
			<report>
				<misses>167500000</misses>
				<total>0</total>
				<timestamp>1542.896587</timestamp>
			</report>
			<report>
				<misses>167600000</misses>
				<total>0</total>
				<timestamp>1543.790138</timestamp>
			</report>
			<report>
				<misses>167700000</misses>
				<total>0</total>
				<timestamp>1544.698816</timestamp>
			</report>
			<report>
				<misses>167800000</misses>
				<total>0</total>
				<timestamp>1545.588911</timestamp>
			</report>
			<report>
				<misses>167900000</misses>
				<total>0</total>
				<timestamp>1546.551468</timestamp>
			</report>
			<report>
				<misses>168000000</misses>
				<total>0</total>
				<timestamp>1547.478375</timestamp>
			</report>
			<report>
				<misses>168100000</misses>
				<total>0</total>
				<timestamp>1548.429281</timestamp>
			</report>
			<report>
				<misses>168200000</misses>
				<total>0</total>
				<timestamp>1549.345627</timestamp>
			</report>
			<report>
				<misses>168300000</misses>
				<total>0</total>
				<timestamp>1550.256708</timestamp>
			</report>
			<report>
				<misses>168400000</misses>
				<total>0</total>
				<timestamp>1551.174554</timestamp>
			</report>
			<report>
				<misses>168500000</misses>
				<total>0</total>
				<timestamp>1552.095068</timestamp>
			</report>
			<report>
				<misses>168600000</misses>
				<total>0</total>
				<timestamp>1553.007620</timestamp>
			</report>
			<report>
				<misses>168700000</misses>
				<total>0</total>
				<timestamp>1553.934358</timestamp>
			</report>
			<report>
				<misses>168800000</misses>
				<total>0</total>
				<timestamp>1554.852881</timestamp>
			</report>
			<report>
				<misses>168900000</misses>
				<total>0</total>
				<timestamp>1555.773864</timestamp>
			</report>
			<report>
				<misses>169000000</misses>
				<total>0</total>
				<timestamp>1556.731479</timestamp>
			</report>
			<report>
				<misses>169100000</misses>
				<total>0</total>
				<timestamp>1557.632337</timestamp>
			</report>
			<report>
				<misses>169200000</misses>
				<total>0</total>
				<timestamp>1558.541386</timestamp>
			</report>
			<report>
				<misses>169300000</misses>
				<total>0</total>
				<timestamp>1559.428552</timestamp>
			</report>
			<report>
				<misses>169400000</misses>
				<total>0</total>
				<timestamp>1560.337803</timestamp>
			</report>
			<report>
				<misses>169500000</misses>
				<total>0</total>
				<timestamp>1561.231665</timestamp>
			</report>
			<report>
				<misses>169600000</misses>
				<total>0</total>
				<timestamp>1562.125648</timestamp>
			</report>
			<report>
				<misses>169700000</misses>
				<total>0</total>
				<timestamp>1563.028196</timestamp>
			</report>
			<report>
				<misses>169800000</misses>
				<total>0</total>
				<timestamp>1563.951022</timestamp>
			</report>
			<report>
				<misses>169900000</misses>
				<total>0</total>
				<timestamp>1564.880868</timestamp>
			</report>
			<report>
				<misses>170000000</misses>
				<total>0</total>
				<timestamp>1565.771233</timestamp>
			</report>
			<report>
				<misses>170100000</misses>
				<total>0</total>
				<timestamp>1566.678573</timestamp>
			</report>
			<report>
				<misses>170200000</misses>
				<total>0</total>
				<timestamp>1567.605966</timestamp>
			</report>
			<report>
				<misses>170300000</misses>
				<total>0</total>
				<timestamp>1568.578838</timestamp>
			</report>
			<report>
				<misses>170400000</misses>
				<total>0</total>
				<timestamp>1569.516228</timestamp>
			</report>
			<report>
				<misses>170500000</misses>
				<total>0</total>
				<timestamp>1570.479417</timestamp>
			</report>
			<report>
				<misses>170600000</misses>
				<total>0</total>
				<timestamp>1571.427812</timestamp>
			</report>
			<report>
				<misses>170700000</misses>
				<total>0</total>
				<timestamp>1572.355743</timestamp>
			</report>
			<report>
				<misses>170800000</misses>
				<total>0</total>
				<timestamp>1573.276144</timestamp>
			</report>
			<report>
				<misses>170900000</misses>
				<total>0</total>
				<timestamp>1574.179945</timestamp>
			</report>
			<report>
				<misses>171000000</misses>
				<total>0</total>
				<timestamp>1575.131862</timestamp>
			</report>
			<report>
				<misses>171100000</misses>
				<total>0</total>
				<timestamp>1576.075625</timestamp>
			</report>
			<report>
				<misses>171200000</misses>
				<total>0</total>
				<timestamp>1576.989999</timestamp>
			</report>
			<report>
				<misses>171300000</misses>
				<total>0</total>
				<timestamp>1577.923845</timestamp>
			</report>
			<report>
				<misses>171400000</misses>
				<total>0</total>
				<timestamp>1578.857389</timestamp>
			</report>
			<report>
				<misses>171500000</misses>
				<total>0</total>
				<timestamp>1579.769270</timestamp>
			</report>
			<report>
				<misses>171600000</misses>
				<total>0</total>
				<timestamp>1580.685454</timestamp>
			</report>
			<report>
				<misses>171700000</misses>
				<total>0</total>
				<timestamp>1581.623155</timestamp>
			</report>
			<report>
				<misses>171800000</misses>
				<total>0</total>
				<timestamp>1582.541980</timestamp>
			</report>
			<report>
				<misses>171900000</misses>
				<total>0</total>
				<timestamp>1583.458430</timestamp>
			</report>
			<report>
				<misses>172000000</misses>
				<total>0</total>
				<timestamp>1584.363351</timestamp>
			</report>
			<report>
				<misses>172100000</misses>
				<total>0</total>
				<timestamp>1585.259968</timestamp>
			</report>
			<report>
				<misses>172200000</misses>
				<total>0</total>
				<timestamp>1586.153298</timestamp>
			</report>
			<report>
				<misses>172300000</misses>
				<total>0</total>
				<timestamp>1587.049714</timestamp>
			</report>
			<report>
				<misses>172400000</misses>
				<total>0</total>
				<timestamp>1587.942529</timestamp>
			</report>
			<report>
				<misses>172500000</misses>
				<total>0</total>
				<timestamp>1588.838020</timestamp>
			</report>
			<report>
				<misses>172600000</misses>
				<total>0</total>
				<timestamp>1589.738624</timestamp>
			</report>
			<report>
				<misses>172700000</misses>
				<total>0</total>
				<timestamp>1590.668648</timestamp>
			</report>
			<report>
				<misses>172800000</misses>
				<total>0</total>
				<timestamp>1591.582130</timestamp>
			</report>
			<report>
				<misses>172900000</misses>
				<total>0</total>
				<timestamp>1592.526724</timestamp>
			</report>
			<report>
				<misses>173000000</misses>
				<total>0</total>
				<timestamp>1593.435232</timestamp>
			</report>
			<report>
				<misses>173100000</misses>
				<total>0</total>
				<timestamp>1594.349724</timestamp>
			</report>
			<report>
				<misses>173200000</misses>
				<total>0</total>
				<timestamp>1595.264944</timestamp>
			</report>
			<report>
				<misses>173300000</misses>
				<total>0</total>
				<timestamp>1596.193158</timestamp>
			</report>
			<report>
				<misses>173400000</misses>
				<total>0</total>
				<timestamp>1597.115184</timestamp>
			</report>
			<report>
				<misses>173500000</misses>
				<total>0</total>
				<timestamp>1598.075684</timestamp>
			</report>
			<report>
				<misses>173600000</misses>
				<total>0</total>
				<timestamp>1599.012249</timestamp>
			</report>
			<report>
				<misses>173700000</misses>
				<total>0</total>
				<timestamp>1599.969192</timestamp>
			</report>
			<report>
				<misses>173800000</misses>
				<total>0</total>
				<timestamp>1600.932379</timestamp>
			</report>
			<report>
				<misses>173900000</misses>
				<total>0</total>
				<timestamp>1601.882028</timestamp>
			</report>
			<report>
				<misses>174000000</misses>
				<total>0</total>
				<timestamp>1602.824834</timestamp>
			</report>
			<report>
				<misses>174100000</misses>
				<total>0</total>
				<timestamp>1603.761571</timestamp>
			</report>
			<report>
				<misses>174200000</misses>
				<total>0</total>
				<timestamp>1604.710780</timestamp>
			</report>
			<report>
				<misses>174300000</misses>
				<total>0</total>
				<timestamp>1605.668968</timestamp>
			</report>
			<report>
				<misses>174400000</misses>
				<total>0</total>
				<timestamp>1606.588136</timestamp>
			</report>
			<report>
				<misses>174500000</misses>
				<total>0</total>
				<timestamp>1607.522418</timestamp>
			</report>
			<report>
				<misses>174600000</misses>
				<total>0</total>
				<timestamp>1608.430315</timestamp>
			</report>
			<report>
				<misses>174700000</misses>
				<total>0</total>
				<timestamp>1609.322950</timestamp>
			</report>
			<report>
				<misses>174800000</misses>
				<total>0</total>
				<timestamp>1610.221639</timestamp>
			</report>
			<report>
				<misses>174900000</misses>
				<total>0</total>
				<timestamp>1611.122125</timestamp>
			</report>
			<report>
				<misses>175000000</misses>
				<total>0</total>
				<timestamp>1612.023075</timestamp>
			</report>
			<report>
				<misses>175100000</misses>
				<total>0</total>
				<timestamp>1612.915956</timestamp>
			</report>
			<report>
				<misses>175200000</misses>
				<total>0</total>
				<timestamp>1613.825581</timestamp>
			</report>
			<report>
				<misses>175300000</misses>
				<total>0</total>
				<timestamp>1614.752829</timestamp>
			</report>
			<report>
				<misses>175400000</misses>
				<total>0</total>
				<timestamp>1615.675672</timestamp>
			</report>
			<report>
				<misses>175500000</misses>
				<total>0</total>
				<timestamp>1616.619981</timestamp>
			</report>
			<report>
				<misses>175600000</misses>
				<total>0</total>
				<timestamp>1617.566221</timestamp>
			</report>
			<report>
				<misses>175700000</misses>
				<total>0</total>
				<timestamp>1618.491982</timestamp>
			</report>
			<report>
				<misses>175800000</misses>
				<total>0</total>
				<timestamp>1619.421980</timestamp>
			</report>
			<report>
				<misses>175900000</misses>
				<total>0</total>
				<timestamp>1620.355984</timestamp>
			</report>
			<report>
				<misses>176000000</misses>
				<total>0</total>
				<timestamp>1621.276956</timestamp>
			</report>
			<report>
				<misses>176100000</misses>
				<total>0</total>
				<timestamp>1622.215916</timestamp>
			</report>
			<report>
				<misses>176200000</misses>
				<total>0</total>
				<timestamp>1623.145763</timestamp>
			</report>
			<report>
				<misses>176300000</misses>
				<total>0</total>
				<timestamp>1624.091492</timestamp>
			</report>
			<report>
				<misses>176400000</misses>
				<total>0</total>
				<timestamp>1624.997339</timestamp>
			</report>
			<report>
				<misses>176500000</misses>
				<total>0</total>
				<timestamp>1625.893813</timestamp>
			</report>
			<report>
				<misses>176600000</misses>
				<total>0</total>
				<timestamp>1626.789671</timestamp>
			</report>
			<report>
				<misses>176700000</misses>
				<total>0</total>
				<timestamp>1627.696881</timestamp>
			</report>
			<report>
				<misses>176800000</misses>
				<total>0</total>
				<timestamp>1628.605800</timestamp>
			</report>
			<report>
				<misses>176900000</misses>
				<total>0</total>
				<timestamp>1629.508691</timestamp>
			</report>
			<report>
				<misses>177000000</misses>
				<total>0</total>
				<timestamp>1630.407705</timestamp>
			</report>
			<report>
				<misses>177100000</misses>
				<total>0</total>
				<timestamp>1631.326876</timestamp>
			</report>
			<report>
				<misses>177200000</misses>
				<total>0</total>
				<timestamp>1632.259578</timestamp>
			</report>
			<report>
				<misses>177300000</misses>
				<total>0</total>
				<timestamp>1633.169589</timestamp>
			</report>
			<report>
				<misses>177400000</misses>
				<total>0</total>
				<timestamp>1634.066533</timestamp>
			</report>
			<report>
				<misses>177500000</misses>
				<total>0</total>
				<timestamp>1634.993467</timestamp>
			</report>
			<report>
				<misses>177600000</misses>
				<total>0</total>
				<timestamp>1635.930151</timestamp>
			</report>
			<report>
				<misses>177700000</misses>
				<total>0</total>
				<timestamp>1636.857160</timestamp>
			</report>
			<report>
				<misses>177800000</misses>
				<total>0</total>
				<timestamp>1637.783696</timestamp>
			</report>
			<report>
				<misses>177900000</misses>
				<total>0</total>
				<timestamp>1638.725863</timestamp>
			</report>
			<report>
				<misses>178000000</misses>
				<total>0</total>
				<timestamp>1639.636481</timestamp>
			</report>
			<report>
				<misses>178100000</misses>
				<total>0</total>
				<timestamp>1640.539712</timestamp>
			</report>
			<report>
				<misses>178200000</misses>
				<total>0</total>
				<timestamp>1641.478775</timestamp>
			</report>
			<report>
				<misses>178300000</misses>
				<total>0</total>
				<timestamp>1642.418853</timestamp>
			</report>
			<report>
				<misses>178400000</misses>
				<total>0</total>
				<timestamp>1643.321185</timestamp>
			</report>
			<report>
				<misses>178500000</misses>
				<total>0</total>
				<timestamp>1644.210972</timestamp>
			</report>
			<report>
				<misses>178600000</misses>
				<total>0</total>
				<timestamp>1645.112385</timestamp>
			</report>
			<report>
				<misses>178700000</misses>
				<total>0</total>
				<timestamp>1646.008336</timestamp>
			</report>
			<report>
				<misses>178800000</misses>
				<total>0</total>
				<timestamp>1646.898705</timestamp>
			</report>
			<report>
				<misses>178900000</misses>
				<total>0</total>
				<timestamp>1647.797634</timestamp>
			</report>
			<report>
				<misses>179000000</misses>
				<total>0</total>
				<timestamp>1648.724988</timestamp>
			</report>
			<report>
				<misses>179100000</misses>
				<total>0</total>
				<timestamp>1649.637872</timestamp>
			</report>
			<report>
				<misses>179200000</misses>
				<total>0</total>
				<timestamp>1650.570806</timestamp>
			</report>
			<report>
				<misses>179300000</misses>
				<total>0</total>
				<timestamp>1651.494972</timestamp>
			</report>
			<report>
				<misses>179400000</misses>
				<total>0</total>
				<timestamp>1652.418117</timestamp>
			</report>
			<report>
				<misses>179500000</misses>
				<total>0</total>
				<timestamp>1653.352643</timestamp>
			</report>
			<report>
				<misses>179600000</misses>
				<total>0</total>
				<timestamp>1654.282621</timestamp>
			</report>
			<report>
				<misses>179700000</misses>
				<total>0</total>
				<timestamp>1655.186645</timestamp>
			</report>
			<report>
				<misses>179800000</misses>
				<total>0</total>
				<timestamp>1656.108293</timestamp>
			</report>
			<report>
				<misses>179900000</misses>
				<total>0</total>
				<timestamp>1657.021885</timestamp>
			</report>
			<report>
				<misses>180000000</misses>
				<total>0</total>
				<timestamp>1657.959250</timestamp>
			</report>
			<report>
				<misses>180100000</misses>
				<total>0</total>
				<timestamp>1658.895014</timestamp>
			</report>
			<report>
				<misses>180200000</misses>
				<total>0</total>
				<timestamp>1659.809304</timestamp>
			</report>
			<report>
				<misses>180300000</misses>
				<total>0</total>
				<timestamp>1660.738673</timestamp>
			</report>
			<report>
				<misses>180400000</misses>
				<total>0</total>
				<timestamp>1661.650085</timestamp>
			</report>
			<report>
				<misses>180500000</misses>
				<total>0</total>
				<timestamp>1662.564118</timestamp>
			</report>
			<report>
				<misses>180600000</misses>
				<total>0</total>
				<timestamp>1663.453799</timestamp>
			</report>
			<report>
				<misses>180700000</misses>
				<total>0</total>
				<timestamp>1664.360907</timestamp>
			</report>
			<report>
				<misses>180800000</misses>
				<total>0</total>
				<timestamp>1665.263201</timestamp>
			</report>
			<report>
				<misses>180900000</misses>
				<total>0</total>
				<timestamp>1666.170932</timestamp>
			</report>
			<report>
				<misses>181000000</misses>
				<total>0</total>
				<timestamp>1667.064397</timestamp>
			</report>
			<report>
				<misses>181100000</misses>
				<total>0</total>
				<timestamp>1667.977072</timestamp>
			</report>
			<report>
				<misses>181200000</misses>
				<total>0</total>
				<timestamp>1668.896104</timestamp>
			</report>
			<report>
				<misses>181300000</misses>
				<total>0</total>
				<timestamp>1669.851143</timestamp>
			</report>
			<report>
				<misses>181400000</misses>
				<total>0</total>
				<timestamp>1670.796012</timestamp>
			</report>
			<report>
				<misses>181500000</misses>
				<total>0</total>
				<timestamp>1671.750346</timestamp>
			</report>
			<report>
				<misses>181600000</misses>
				<total>0</total>
				<timestamp>1672.702578</timestamp>
			</report>
			<report>
				<misses>181700000</misses>
				<total>0</total>
				<timestamp>1673.620497</timestamp>
			</report>
			<report>
				<misses>181800000</misses>
				<total>0</total>
				<timestamp>1674.535440</timestamp>
			</report>
			<report>
				<misses>181900000</misses>
				<total>0</total>
				<timestamp>1675.455451</timestamp>
			</report>
			<report>
				<misses>182000000</misses>
				<total>0</total>
				<timestamp>1676.393844</timestamp>
			</report>
			<report>
				<misses>182100000</misses>
				<total>0</total>
				<timestamp>1677.329570</timestamp>
			</report>
			<report>
				<misses>182200000</misses>
				<total>0</total>
				<timestamp>1678.252824</timestamp>
			</report>
			<report>
				<misses>182300000</misses>
				<total>0</total>
				<timestamp>1679.183359</timestamp>
			</report>
			<report>
				<misses>182400000</misses>
				<total>0</total>
				<timestamp>1680.098059</timestamp>
			</report>
			<report>
				<misses>182500000</misses>
				<total>0</total>
				<timestamp>1681.025759</timestamp>
			</report>
			<report>
				<misses>182600000</misses>
				<total>0</total>
				<timestamp>1681.951756</timestamp>
			</report>
			<report>
				<misses>182700000</misses>
				<total>0</total>
				<timestamp>1682.861475</timestamp>
			</report>
			<report>
				<misses>182800000</misses>
				<total>0</total>
				<timestamp>1683.781321</timestamp>
			</report>
			<report>
				<misses>182900000</misses>
				<total>0</total>
				<timestamp>1684.713577</timestamp>
			</report>
			<report>
				<misses>183000000</misses>
				<total>0</total>
				<timestamp>1685.619184</timestamp>
			</report>
			<report>
				<misses>183100000</misses>
				<total>0</total>
				<timestamp>1686.525047</timestamp>
			</report>
			<report>
				<misses>183200000</misses>
				<total>0</total>
				<timestamp>1687.426345</timestamp>
			</report>
			<report>
				<misses>183300000</misses>
				<total>0</total>
				<timestamp>1688.343519</timestamp>
			</report>
			<report>
				<misses>183400000</misses>
				<total>0</total>
				<timestamp>1689.242073</timestamp>
			</report>
			<report>
				<misses>183500000</misses>
				<total>0</total>
				<timestamp>1690.142008</timestamp>
			</report>
			<report>
				<misses>183600000</misses>
				<total>0</total>
				<timestamp>1691.037866</timestamp>
			</report>
			<report>
				<misses>183700000</misses>
				<total>0</total>
				<timestamp>1691.962260</timestamp>
			</report>
			<report>
				<misses>183800000</misses>
				<total>0</total>
				<timestamp>1692.889205</timestamp>
			</report>
			<report>
				<misses>183900000</misses>
				<total>0</total>
				<timestamp>1693.780868</timestamp>
			</report>
			<report>
				<misses>184000000</misses>
				<total>0</total>
				<timestamp>1694.719157</timestamp>
			</report>
			<report>
				<misses>184100000</misses>
				<total>0</total>
				<timestamp>1695.639622</timestamp>
			</report>
			<report>
				<misses>184200000</misses>
				<total>0</total>
				<timestamp>1696.568637</timestamp>
			</report>
			<report>
				<misses>184300000</misses>
				<total>0</total>
				<timestamp>1697.523876</timestamp>
			</report>
			<report>
				<misses>184400000</misses>
				<total>0</total>
				<timestamp>1698.433489</timestamp>
			</report>
			<report>
				<misses>184500000</misses>
				<total>0</total>
				<timestamp>1699.362074</timestamp>
			</report>
			<report>
				<misses>184600000</misses>
				<total>0</total>
				<timestamp>1700.289216</timestamp>
			</report>
			<report>
				<misses>184700000</misses>
				<total>0</total>
				<timestamp>1701.202837</timestamp>
			</report>
			<report>
				<misses>184800000</misses>
				<total>0</total>
				<timestamp>1702.118340</timestamp>
			</report>
			<report>
				<misses>184900000</misses>
				<total>0</total>
				<timestamp>1703.019287</timestamp>
			</report>
			<report>
				<misses>185000000</misses>
				<total>0</total>
				<timestamp>1703.911926</timestamp>
			</report>
			<report>
				<misses>185100000</misses>
				<total>0</total>
				<timestamp>1704.808889</timestamp>
			</report>
			<report>
				<misses>185200000</misses>
				<total>0</total>
				<timestamp>1705.707575</timestamp>
			</report>
			<report>
				<misses>185300000</misses>
				<total>0</total>
				<timestamp>1706.612847</timestamp>
			</report>
			<report>
				<misses>185400000</misses>
				<total>0</total>
				<timestamp>1707.518256</timestamp>
			</report>
			<report>
				<misses>185500000</misses>
				<total>0</total>
				<timestamp>1708.414603</timestamp>
			</report>
			<report>
				<misses>185600000</misses>
				<total>0</total>
				<timestamp>1709.346749</timestamp>
			</report>
			<report>
				<misses>185700000</misses>
				<total>0</total>
				<timestamp>1710.310174</timestamp>
			</report>
			<report>
				<misses>185800000</misses>
				<total>0</total>
				<timestamp>1711.246166</timestamp>
			</report>
			<report>
				<misses>185900000</misses>
				<total>0</total>
				<timestamp>1712.191715</timestamp>
			</report>
			<report>
				<misses>186000000</misses>
				<total>0</total>
				<timestamp>1713.140251</timestamp>
			</report>
			<report>
				<misses>186100000</misses>
				<total>0</total>
				<timestamp>1714.058682</timestamp>
			</report>
			<report>
				<misses>186200000</misses>
				<total>0</total>
				<timestamp>1714.984206</timestamp>
			</report>
			<report>
				<misses>186300000</misses>
				<total>0</total>
				<timestamp>1715.918628</timestamp>
			</report>
			<report>
				<misses>186400000</misses>
				<total>0</total>
				<timestamp>1716.843823</timestamp>
			</report>
			<report>
				<misses>186500000</misses>
				<total>0</total>
				<timestamp>1717.794029</timestamp>
			</report>
			<report>
				<misses>186600000</misses>
				<total>0</total>
				<timestamp>1718.716840</timestamp>
			</report>
			<report>
				<misses>186700000</misses>
				<total>0</total>
				<timestamp>1719.631320</timestamp>
			</report>
			<report>
				<misses>186800000</misses>
				<total>0</total>
				<timestamp>1720.585083</timestamp>
			</report>
			<report>
				<misses>186900000</misses>
				<total>0</total>
				<timestamp>1721.507410</timestamp>
			</report>
			<report>
				<misses>187000000</misses>
				<total>0</total>
				<timestamp>1722.436427</timestamp>
			</report>
			<report>
				<misses>187100000</misses>
				<total>0</total>
				<timestamp>1723.322689</timestamp>
			</report>
			<report>
				<misses>187200000</misses>
				<total>0</total>
				<timestamp>1724.253231</timestamp>
			</report>
			<report>
				<misses>187300000</misses>
				<total>0</total>
				<timestamp>1725.172716</timestamp>
			</report>
			<report>
				<misses>187400000</misses>
				<total>0</total>
				<timestamp>1726.068933</timestamp>
			</report>
			<report>
				<misses>187500000</misses>
				<total>0</total>
				<timestamp>1726.968073</timestamp>
			</report>
			<report>
				<misses>187600000</misses>
				<total>0</total>
				<timestamp>1727.861095</timestamp>
			</report>
			<report>
				<misses>187700000</misses>
				<total>0</total>
				<timestamp>1728.759721</timestamp>
			</report>
			<report>
				<misses>187800000</misses>
				<total>0</total>
				<timestamp>1729.650598</timestamp>
			</report>
			<report>
				<misses>187900000</misses>
				<total>0</total>
				<timestamp>1730.552355</timestamp>
			</report>
			<report>
				<misses>188000000</misses>
				<total>0</total>
				<timestamp>1731.471067</timestamp>
			</report>
			<report>
				<misses>188100000</misses>
				<total>0</total>
				<timestamp>1732.405811</timestamp>
			</report>
			<report>
				<misses>188200000</misses>
				<total>0</total>
				<timestamp>1733.321447</timestamp>
			</report>
			<report>
				<misses>188300000</misses>
				<total>0</total>
				<timestamp>1734.246739</timestamp>
			</report>
			<report>
				<misses>188400000</misses>
				<total>0</total>
				<timestamp>1735.175593</timestamp>
			</report>
			<report>
				<misses>188500000</misses>
				<total>0</total>
				<timestamp>1736.068916</timestamp>
			</report>
			<report>
				<misses>188600000</misses>
				<total>0</total>
				<timestamp>1736.988489</timestamp>
			</report>
			<report>
				<misses>188700000</misses>
				<total>0</total>
				<timestamp>1737.898374</timestamp>
			</report>
			<report>
				<misses>188800000</misses>
				<total>0</total>
				<timestamp>1738.801614</timestamp>
			</report>
			<report>
				<misses>188900000</misses>
				<total>0</total>
				<timestamp>1739.698922</timestamp>
			</report>
			<report>
				<misses>189000000</misses>
				<total>0</total>
				<timestamp>1740.613098</timestamp>
			</report>
			<report>
				<misses>189100000</misses>
				<total>0</total>
				<timestamp>1741.525455</timestamp>
			</report>
			<report>
				<misses>189200000</misses>
				<total>0</total>
				<timestamp>1742.448169</timestamp>
			</report>
			<report>
				<misses>189300000</misses>
				<total>0</total>
				<timestamp>1743.365147</timestamp>
			</report>
			<report>
				<misses>189400000</misses>
				<total>0</total>
				<timestamp>1744.262564</timestamp>
			</report>
			<report>
				<misses>189500000</misses>
				<total>0</total>
				<timestamp>1745.180124</timestamp>
			</report>
			<report>
				<misses>189600000</misses>
				<total>0</total>
				<timestamp>1746.067763</timestamp>
			</report>
			<report>
				<misses>189700000</misses>
				<total>0</total>
				<timestamp>1746.973497</timestamp>
			</report>
			<report>
				<misses>189800000</misses>
				<total>0</total>
				<timestamp>1747.865844</timestamp>
			</report>
			<report>
				<misses>189900000</misses>
				<total>0</total>
				<timestamp>1748.757890</timestamp>
			</report>
			<report>
				<misses>190000000</misses>
				<total>0</total>
				<timestamp>1749.664118</timestamp>
			</report>
			<report>
				<misses>190100000</misses>
				<total>0</total>
				<timestamp>1750.635166</timestamp>
			</report>
			<report>
				<misses>190200000</misses>
				<total>0</total>
				<timestamp>1751.543520</timestamp>
			</report>
			<report>
				<misses>190300000</misses>
				<total>0</total>
				<timestamp>1752.485885</timestamp>
			</report>
			<report>
				<misses>190400000</misses>
				<total>0</total>
				<timestamp>1753.407309</timestamp>
			</report>
			<report>
				<misses>190500000</misses>
				<total>0</total>
				<timestamp>1754.322500</timestamp>
			</report>
			<report>
				<misses>190600000</misses>
				<total>0</total>
				<timestamp>1755.227339</timestamp>
			</report>
			<report>
				<misses>190700000</misses>
				<total>0</total>
				<timestamp>1756.159853</timestamp>
			</report>
			<report>
				<misses>190800000</misses>
				<total>0</total>
				<timestamp>1757.091196</timestamp>
			</report>
			<report>
				<misses>190900000</misses>
				<total>0</total>
				<timestamp>1757.998903</timestamp>
			</report>
			<report>
				<misses>191000000</misses>
				<total>0</total>
				<timestamp>1758.928003</timestamp>
			</report>
			<report>
				<misses>191100000</misses>
				<total>0</total>
				<timestamp>1759.823950</timestamp>
			</report>
			<report>
				<misses>191200000</misses>
				<total>0</total>
				<timestamp>1760.761300</timestamp>
			</report>
			<report>
				<misses>191300000</misses>
				<total>0</total>
				<timestamp>1761.677852</timestamp>
			</report>
			<report>
				<misses>191400000</misses>
				<total>0</total>
				<timestamp>1762.579956</timestamp>
			</report>
			<report>
				<misses>191500000</misses>
				<total>0</total>
				<timestamp>1763.488742</timestamp>
			</report>
			<report>
				<misses>191600000</misses>
				<total>0</total>
				<timestamp>1764.412450</timestamp>
			</report>
			<report>
				<misses>191700000</misses>
				<total>0</total>
				<timestamp>1765.309985</timestamp>
			</report>
			<report>
				<misses>191800000</misses>
				<total>0</total>
				<timestamp>1766.216204</timestamp>
			</report>
			<report>
				<misses>191900000</misses>
				<total>0</total>
				<timestamp>1767.114664</timestamp>
			</report>
			<report>
				<misses>192000000</misses>
				<total>0</total>
				<timestamp>1768.022274</timestamp>
			</report>
			<report>
				<misses>192100000</misses>
				<total>0</total>
				<timestamp>1768.924163</timestamp>
			</report>
			<report>
				<misses>192200000</misses>
				<total>0</total>
				<timestamp>1769.839387</timestamp>
			</report>
			<report>
				<misses>192300000</misses>
				<total>0</total>
				<timestamp>1770.764815</timestamp>
			</report>
			<report>
				<misses>192400000</misses>
				<total>0</total>
				<timestamp>1771.692279</timestamp>
			</report>
			<report>
				<misses>192500000</misses>
				<total>0</total>
				<timestamp>1772.639779</timestamp>
			</report>
			<report>
				<misses>192600000</misses>
				<total>0</total>
				<timestamp>1773.587021</timestamp>
			</report>
			<report>
				<misses>192700000</misses>
				<total>0</total>
				<timestamp>1774.527820</timestamp>
			</report>
			<report>
				<misses>192800000</misses>
				<total>0</total>
				<timestamp>1775.469719</timestamp>
			</report>
			<report>
				<misses>192900000</misses>
				<total>0</total>
				<timestamp>1776.396168</timestamp>
			</report>
			<report>
				<misses>193000000</misses>
				<total>0</total>
				<timestamp>1777.335812</timestamp>
			</report>
			<report>
				<misses>193100000</misses>
				<total>0</total>
				<timestamp>1778.291763</timestamp>
			</report>
			<report>
				<misses>193200000</misses>
				<total>0</total>
				<timestamp>1779.235537</timestamp>
			</report>
			<report>
				<misses>193300000</misses>
				<total>0</total>
				<timestamp>1780.175166</timestamp>
			</report>
			<report>
				<misses>193400000</misses>
				<total>0</total>
				<timestamp>1781.120334</timestamp>
			</report>
			<report>
				<misses>193500000</misses>
				<total>0</total>
				<timestamp>1782.036851</timestamp>
			</report>
			<report>
				<misses>193600000</misses>
				<total>0</total>
				<timestamp>1782.958386</timestamp>
			</report>
			<report>
				<misses>193700000</misses>
				<total>0</total>
				<timestamp>1783.886453</timestamp>
			</report>
			<report>
				<misses>193800000</misses>
				<total>0</total>
				<timestamp>1784.816313</timestamp>
			</report>
			<report>
				<misses>193900000</misses>
				<total>0</total>
				<timestamp>1785.727968</timestamp>
			</report>
			<report>
				<misses>194000000</misses>
				<total>0</total>
				<timestamp>1786.620447</timestamp>
			</report>
			<report>
				<misses>194100000</misses>
				<total>0</total>
				<timestamp>1787.526736</timestamp>
			</report>
			<report>
				<misses>194200000</misses>
				<total>0</total>
				<timestamp>1788.432926</timestamp>
			</report>
			<report>
				<misses>194300000</misses>
				<total>0</total>
				<timestamp>1789.344657</timestamp>
			</report>
			<report>
				<misses>194400000</misses>
				<total>0</total>
				<timestamp>1790.256420</timestamp>
			</report>
			<report>
				<misses>194500000</misses>
				<total>0</total>
				<timestamp>1791.167174</timestamp>
			</report>
			<report>
				<misses>194600000</misses>
				<total>0</total>
				<timestamp>1792.091555</timestamp>
			</report>
			<report>
				<misses>194700000</misses>
				<total>0</total>
				<timestamp>1793.026082</timestamp>
			</report>
			<report>
				<misses>194800000</misses>
				<total>0</total>
				<timestamp>1793.949005</timestamp>
			</report>
			<report>
				<misses>194900000</misses>
				<total>0</total>
				<timestamp>1794.868038</timestamp>
			</report>
			<report>
				<misses>195000000</misses>
				<total>0</total>
				<timestamp>1795.783559</timestamp>
			</report>
			<report>
				<misses>195100000</misses>
				<total>0</total>
				<timestamp>1796.739573</timestamp>
			</report>
			<report>
				<misses>195200000</misses>
				<total>0</total>
				<timestamp>1797.680950</timestamp>
			</report>
			<report>
				<misses>195300000</misses>
				<total>0</total>
				<timestamp>1798.636249</timestamp>
			</report>
			<report>
				<misses>195400000</misses>
				<total>0</total>
				<timestamp>1799.557650</timestamp>
			</report>
			<report>
				<misses>195500000</misses>
				<total>0</total>
				<timestamp>1800.510820</timestamp>
			</report>
			<report>
				<misses>195600000</misses>
				<total>0</total>
				<timestamp>1801.463078</timestamp>
			</report>
			<report>
				<misses>195700000</misses>
				<total>0</total>
				<timestamp>1802.369179</timestamp>
			</report>
			<report>
				<misses>195800000</misses>
				<total>0</total>
				<timestamp>1803.293624</timestamp>
			</report>
			<report>
				<misses>195900000</misses>
				<total>0</total>
				<timestamp>1804.236682</timestamp>
			</report>
			<report>
				<misses>196000000</misses>
				<total>0</total>
				<timestamp>1805.146964</timestamp>
			</report>
			<report>
				<misses>196100000</misses>
				<total>0</total>
				<timestamp>1806.089883</timestamp>
			</report>
			<report>
				<misses>196200000</misses>
				<total>0</total>
				<timestamp>1807.007689</timestamp>
			</report>
			<report>
				<misses>196300000</misses>
				<total>0</total>
				<timestamp>1807.937432</timestamp>
			</report>
			<report>
				<misses>196400000</misses>
				<total>0</total>
				<timestamp>1808.838019</timestamp>
			</report>
			<report>
				<misses>196500000</misses>
				<total>0</total>
				<timestamp>1809.726578</timestamp>
			</report>
			<report>
				<misses>196600000</misses>
				<total>0</total>
				<timestamp>1810.622889</timestamp>
			</report>
			<report>
				<misses>196700000</misses>
				<total>0</total>
				<timestamp>1811.526732</timestamp>
			</report>
			<report>
				<misses>196800000</misses>
				<total>0</total>
				<timestamp>1812.428374</timestamp>
			</report>
			<report>
				<misses>196900000</misses>
				<total>0</total>
				<timestamp>1813.333619</timestamp>
			</report>
			<report>
				<misses>197000000</misses>
				<total>0</total>
				<timestamp>1814.228881</timestamp>
			</report>
			<report>
				<misses>197100000</misses>
				<total>0</total>
				<timestamp>1815.180333</timestamp>
			</report>
			<report>
				<misses>197200000</misses>
				<total>0</total>
				<timestamp>1816.091172</timestamp>
			</report>
			<report>
				<misses>197300000</misses>
				<total>0</total>
				<timestamp>1817.034908</timestamp>
			</report>
			<report>
				<misses>197400000</misses>
				<total>0</total>
				<timestamp>1817.952913</timestamp>
			</report>
			<report>
				<misses>197500000</misses>
				<total>0</total>
				<timestamp>1818.861372</timestamp>
			</report>
			<report>
				<misses>197600000</misses>
				<total>0</total>
				<timestamp>1819.777796</timestamp>
			</report>
			<report>
				<misses>197700000</misses>
				<total>0</total>
				<timestamp>1820.696736</timestamp>
			</report>
			<report>
				<misses>197800000</misses>
				<total>0</total>
				<timestamp>1821.629416</timestamp>
			</report>
			<report>
				<misses>197900000</misses>
				<total>0</total>
				<timestamp>1822.533558</timestamp>
			</report>
			<report>
				<misses>198000000</misses>
				<total>0</total>
				<timestamp>1823.471393</timestamp>
			</report>
			<report>
				<misses>198100000</misses>
				<total>0</total>
				<timestamp>1824.388369</timestamp>
			</report>
			<report>
				<misses>198200000</misses>
				<total>0</total>
				<timestamp>1825.306211</timestamp>
			</report>
			<report>
				<misses>198300000</misses>
				<total>0</total>
				<timestamp>1826.199533</timestamp>
			</report>
			<report>
				<misses>198400000</misses>
				<total>0</total>
				<timestamp>1827.093689</timestamp>
			</report>
			<report>
				<misses>198500000</misses>
				<total>0</total>
				<timestamp>1827.996004</timestamp>
			</report>
			<report>
				<misses>198600000</misses>
				<total>0</total>
				<timestamp>1828.899447</timestamp>
			</report>
			<report>
				<misses>198700000</misses>
				<total>0</total>
				<timestamp>1829.802898</timestamp>
			</report>
			<report>
				<misses>198800000</misses>
				<total>0</total>
				<timestamp>1830.703048</timestamp>
			</report>
			<report>
				<misses>198900000</misses>
				<total>0</total>
				<timestamp>1831.608672</timestamp>
			</report>
			<report>
				<misses>199000000</misses>
				<total>0</total>
				<timestamp>1832.546174</timestamp>
			</report>
			<report>
				<misses>199100000</misses>
				<total>0</total>
				<timestamp>1833.470656</timestamp>
			</report>
			<report>
				<misses>199200000</misses>
				<total>0</total>
				<timestamp>1834.386163</timestamp>
			</report>
			<report>
				<misses>199300000</misses>
				<total>0</total>
				<timestamp>1835.309844</timestamp>
			</report>
			<report>
				<misses>199400000</misses>
				<total>0</total>
				<timestamp>1836.224929</timestamp>
			</report>
			<report>
				<misses>199500000</misses>
				<total>0</total>
				<timestamp>1837.138679</timestamp>
			</report>
			<report>
				<misses>199600000</misses>
				<total>0</total>
				<timestamp>1838.045883</timestamp>
			</report>
			<report>
				<misses>199700000</misses>
				<total>0</total>
				<timestamp>1838.969825</timestamp>
			</report>
			<report>
				<misses>199800000</misses>
				<total>0</total>
				<timestamp>1839.874401</timestamp>
			</report>
			<report>
				<misses>199900000</misses>
				<total>0</total>
				<timestamp>1840.799365</timestamp>
			</report>
			<report>
				<misses>200000000</misses>
				<total>0</total>
				<timestamp>1841.712624</timestamp>
			</report>
			<report>
				<misses>200100000</misses>
				<total>0</total>
				<timestamp>1842.610647</timestamp>
			</report>
			<report>
				<misses>200200000</misses>
				<total>0</total>
				<timestamp>1843.541624</timestamp>
			</report>
			<report>
				<misses>200300000</misses>
				<total>0</total>
				<timestamp>1844.436449</timestamp>
			</report>
			<report>
				<misses>200400000</misses>
				<total>0</total>
				<timestamp>1845.348201</timestamp>
			</report>
			<report>
				<misses>200500000</misses>
				<total>0</total>
				<timestamp>1846.246072</timestamp>
			</report>
			<report>
				<misses>200600000</misses>
				<total>0</total>
				<timestamp>1847.143496</timestamp>
			</report>
			<report>
				<misses>200700000</misses>
				<total>0</total>
				<timestamp>1848.036347</timestamp>
			</report>
			<report>
				<misses>200800000</misses>
				<total>0</total>
				<timestamp>1848.930029</timestamp>
			</report>
			<report>
				<misses>200900000</misses>
				<total>0</total>
				<timestamp>1849.825284</timestamp>
			</report>
			<report>
				<misses>201000000</misses>
				<total>0</total>
				<timestamp>1850.744592</timestamp>
			</report>
			<report>
				<misses>201100000</misses>
				<total>0</total>
				<timestamp>1851.680223</timestamp>
			</report>
			<report>
				<misses>201200000</misses>
				<total>0</total>
				<timestamp>1852.609008</timestamp>
			</report>
			<report>
				<misses>201300000</misses>
				<total>0</total>
				<timestamp>1853.526918</timestamp>
			</report>
			<report>
				<misses>201400000</misses>
				<total>0</total>
				<timestamp>1854.448841</timestamp>
			</report>
			<report>
				<misses>201500000</misses>
				<total>0</total>
				<timestamp>1855.369726</timestamp>
			</report>
			<report>
				<misses>201600000</misses>
				<total>0</total>
				<timestamp>1856.293463</timestamp>
			</report>
			<report>
				<misses>201700000</misses>
				<total>0</total>
				<timestamp>1857.207239</timestamp>
			</report>
			<report>
				<misses>201800000</misses>
				<total>0</total>
				<timestamp>1858.130540</timestamp>
			</report>
			<report>
				<misses>201900000</misses>
				<total>0</total>
				<timestamp>1859.068029</timestamp>
			</report>
			<report>
				<misses>202000000</misses>
				<total>0</total>
				<timestamp>1860.015391</timestamp>
			</report>
			<report>
				<misses>202100000</misses>
				<total>0</total>
				<timestamp>1860.968685</timestamp>
			</report>
			<report>
				<misses>202200000</misses>
				<total>0</total>
				<timestamp>1861.863426</timestamp>
			</report>
			<report>
				<misses>202300000</misses>
				<total>0</total>
				<timestamp>1862.761897</timestamp>
			</report>
			<report>
				<misses>202400000</misses>
				<total>0</total>
				<timestamp>1863.664998</timestamp>
			</report>
			<report>
				<misses>202500000</misses>
				<total>0</total>
				<timestamp>1864.569878</timestamp>
			</report>
			<report>
				<misses>202600000</misses>
				<total>0</total>
				<timestamp>1865.467178</timestamp>
			</report>
			<report>
				<misses>202700000</misses>
				<total>0</total>
				<timestamp>1866.369023</timestamp>
			</report>
			<report>
				<misses>202800000</misses>
				<total>0</total>
				<timestamp>1867.271572</timestamp>
			</report>
			<report>
				<misses>202900000</misses>
				<total>0</total>
				<timestamp>1868.183897</timestamp>
			</report>
			<report>
				<misses>203000000</misses>
				<total>0</total>
				<timestamp>1869.122014</timestamp>
			</report>
			<report>
				<misses>203100000</misses>
				<total>0</total>
				<timestamp>1870.049140</timestamp>
			</report>
			<report>
				<misses>203200000</misses>
				<total>0</total>
				<timestamp>1870.969670</timestamp>
			</report>
			<report>
				<misses>203300000</misses>
				<total>0</total>
				<timestamp>1871.879175</timestamp>
			</report>
			<report>
				<misses>203400000</misses>
				<total>0</total>
				<timestamp>1872.782433</timestamp>
			</report>
			<report>
				<misses>203500000</misses>
				<total>0</total>
				<timestamp>1873.688518</timestamp>
			</report>
			<report>
				<misses>203600000</misses>
				<total>0</total>
				<timestamp>1874.629292</timestamp>
			</report>
			<report>
				<misses>203700000</misses>
				<total>0</total>
				<timestamp>1875.528298</timestamp>
			</report>
			<report>
				<misses>203800000</misses>
				<total>0</total>
				<timestamp>1876.438728</timestamp>
			</report>
			<report>
				<misses>203900000</misses>
				<total>0</total>
				<timestamp>1877.352771</timestamp>
			</report>
			<report>
				<misses>204000000</misses>
				<total>0</total>
				<timestamp>1878.270255</timestamp>
			</report>
			<report>
				<misses>204100000</misses>
				<total>0</total>
				<timestamp>1879.182929</timestamp>
			</report>
			<report>
				<misses>204200000</misses>
				<total>0</total>
				<timestamp>1880.085727</timestamp>
			</report>
			<report>
				<misses>204300000</misses>
				<total>0</total>
				<timestamp>1880.978613</timestamp>
			</report>
			<report>
				<misses>204400000</misses>
				<total>0</total>
				<timestamp>1881.873268</timestamp>
			</report>
			<report>
				<misses>204500000</misses>
				<total>0</total>
				<timestamp>1882.773783</timestamp>
			</report>
			<report>
				<misses>204600000</misses>
				<total>0</total>
				<timestamp>1883.682987</timestamp>
			</report>
			<report>
				<misses>204700000</misses>
				<total>0</total>
				<timestamp>1884.580623</timestamp>
			</report>
			<report>
				<misses>204800000</misses>
				<total>0</total>
				<timestamp>1885.482607</timestamp>
			</report>
			<report>
				<misses>204900000</misses>
				<total>0</total>
				<timestamp>1886.378314</timestamp>
			</report>
			<report>
				<misses>205000000</misses>
				<total>0</total>
				<timestamp>1887.326152</timestamp>
			</report>
			<report>
				<misses>205100000</misses>
				<total>0</total>
				<timestamp>1888.240205</timestamp>
			</report>
			<report>
				<misses>205200000</misses>
				<total>0</total>
				<timestamp>1889.144563</timestamp>
			</report>
			<report>
				<misses>205300000</misses>
				<total>0</total>
				<timestamp>1890.041747</timestamp>
			</report>
			<report>
				<misses>205400000</misses>
				<total>0</total>
				<timestamp>1890.962935</timestamp>
			</report>
			<report>
				<misses>205500000</misses>
				<total>0</total>
				<timestamp>1891.918736</timestamp>
			</report>
			<report>
				<misses>205600000</misses>
				<total>0</total>
				<timestamp>1892.863750</timestamp>
			</report>
			<report>
				<misses>205700000</misses>
				<total>0</total>
				<timestamp>1893.803135</timestamp>
			</report>
			<report>
				<misses>205800000</misses>
				<total>0</total>
				<timestamp>1894.740494</timestamp>
			</report>
			<report>
				<misses>205900000</misses>
				<total>0</total>
				<timestamp>1895.700411</timestamp>
			</report>
			<report>
				<misses>206000000</misses>
				<total>0</total>
				<timestamp>1896.648107</timestamp>
			</report>
			<report>
				<misses>206100000</misses>
				<total>0</total>
				<timestamp>1897.573994</timestamp>
			</report>
			<report>
				<misses>206200000</misses>
				<total>0</total>
				<timestamp>1898.529344</timestamp>
			</report>
			<report>
				<misses>206300000</misses>
				<total>0</total>
				<timestamp>1899.478546</timestamp>
			</report>
			<report>
				<misses>206400000</misses>
				<total>0</total>
				<timestamp>1900.402143</timestamp>
			</report>
			<report>
				<misses>206500000</misses>
				<total>0</total>
				<timestamp>1901.351698</timestamp>
			</report>
			<report>
				<misses>206600000</misses>
				<total>0</total>
				<timestamp>1902.278950</timestamp>
			</report>
			<report>
				<misses>206700000</misses>
				<total>0</total>
				<timestamp>1903.194191</timestamp>
			</report>
			<report>
				<misses>206800000</misses>
				<total>0</total>
				<timestamp>1904.091978</timestamp>
			</report>
			<report>
				<misses>206900000</misses>
				<total>0</total>
				<timestamp>1905.003498</timestamp>
			</report>
			<report>
				<misses>207000000</misses>
				<total>0</total>
				<timestamp>1905.909225</timestamp>
			</report>
			<report>
				<misses>207100000</misses>
				<total>0</total>
				<timestamp>1906.798922</timestamp>
			</report>
			<report>
				<misses>207200000</misses>
				<total>0</total>
				<timestamp>1907.700103</timestamp>
			</report>
			<report>
				<misses>207300000</misses>
				<total>0</total>
				<timestamp>1908.590586</timestamp>
			</report>
			<report>
				<misses>207400000</misses>
				<total>0</total>
				<timestamp>1909.491300</timestamp>
			</report>
			<report>
				<misses>207500000</misses>
				<total>0</total>
				<timestamp>1910.413641</timestamp>
			</report>
			<report>
				<misses>207600000</misses>
				<total>0</total>
				<timestamp>1911.336889</timestamp>
			</report>
			<report>
				<misses>207700000</misses>
				<total>0</total>
				<timestamp>1912.288450</timestamp>
			</report>
			<report>
				<misses>207800000</misses>
				<total>0</total>
				<timestamp>1913.216014</timestamp>
			</report>
			<report>
				<misses>207900000</misses>
				<total>0</total>
				<timestamp>1914.179108</timestamp>
			</report>
			<report>
				<misses>208000000</misses>
				<total>0</total>
				<timestamp>1915.107263</timestamp>
			</report>
			<report>
				<misses>208100000</misses>
				<total>0</total>
				<timestamp>1916.039918</timestamp>
			</report>
			<report>
				<misses>208200000</misses>
				<total>0</total>
				<timestamp>1916.981380</timestamp>
			</report>
			<report>
				<misses>208300000</misses>
				<total>0</total>
				<timestamp>1917.910088</timestamp>
			</report>
			<report>
				<misses>208400000</misses>
				<total>0</total>
				<timestamp>1918.860438</timestamp>
			</report>
			<report>
				<misses>208500000</misses>
				<total>0</total>
				<timestamp>1919.795727</timestamp>
			</report>
			<report>
				<misses>208600000</misses>
				<total>0</total>
				<timestamp>1920.715358</timestamp>
			</report>
			<report>
				<misses>208700000</misses>
				<total>0</total>
				<timestamp>1921.605361</timestamp>
			</report>
			<report>
				<misses>208800000</misses>
				<total>0</total>
				<timestamp>1922.501550</timestamp>
			</report>
			<report>
				<misses>208900000</misses>
				<total>0</total>
				<timestamp>1923.391251</timestamp>
			</report>
			<report>
				<misses>209000000</misses>
				<total>0</total>
				<timestamp>1924.286944</timestamp>
			</report>
			<report>
				<misses>209100000</misses>
				<total>0</total>
				<timestamp>1925.190971</timestamp>
			</report>
			<report>
				<misses>209200000</misses>
				<total>0</total>
				<timestamp>1926.094745</timestamp>
			</report>
			<report>
				<misses>209300000</misses>
				<total>0</total>
				<timestamp>1927.009935</timestamp>
			</report>
			<report>
				<misses>209400000</misses>
				<total>0</total>
				<timestamp>1927.942078</timestamp>
			</report>
			<report>
				<misses>209500000</misses>
				<total>0</total>
				<timestamp>1928.849365</timestamp>
			</report>
			<report>
				<misses>209600000</misses>
				<total>0</total>
				<timestamp>1929.770788</timestamp>
			</report>
			<report>
				<misses>209700000</misses>
				<total>0</total>
				<timestamp>1930.692334</timestamp>
			</report>
			<report>
				<misses>209800000</misses>
				<total>0</total>
				<timestamp>1931.616833</timestamp>
			</report>
			<report>
				<misses>209900000</misses>
				<total>0</total>
				<timestamp>1932.539526</timestamp>
			</report>
			<report>
				<misses>210000000</misses>
				<total>0</total>
				<timestamp>1933.459719</timestamp>
			</report>
			<report>
				<misses>210100000</misses>
				<total>0</total>
				<timestamp>1934.383087</timestamp>
			</report>
			<report>
				<misses>210200000</misses>
				<total>0</total>
				<timestamp>1935.305276</timestamp>
			</report>
			<report>
				<misses>210300000</misses>
				<total>0</total>
				<timestamp>1936.224123</timestamp>
			</report>
			<report>
				<misses>210400000</misses>
				<total>0</total>
				<timestamp>1937.174085</timestamp>
			</report>
			<report>
				<misses>210500000</misses>
				<total>0</total>
				<timestamp>1938.086650</timestamp>
			</report>
			<report>
				<misses>210600000</misses>
				<total>0</total>
				<timestamp>1938.996195</timestamp>
			</report>
			<report>
				<misses>210700000</misses>
				<total>0</total>
				<timestamp>1939.891587</timestamp>
			</report>
			<report>
				<misses>210800000</misses>
				<total>0</total>
				<timestamp>1940.786491</timestamp>
			</report>
			<report>
				<misses>210900000</misses>
				<total>0</total>
				<timestamp>1941.699628</timestamp>
			</report>
			<report>
				<misses>211000000</misses>
				<total>0</total>
				<timestamp>1942.603290</timestamp>
			</report>
			<report>
				<misses>211100000</misses>
				<total>0</total>
				<timestamp>1943.509142</timestamp>
			</report>
			<report>
				<misses>211200000</misses>
				<total>0</total>
				<timestamp>1944.408564</timestamp>
			</report>
			<report>
				<misses>211300000</misses>
				<total>0</total>
				<timestamp>1945.355837</timestamp>
			</report>
			<report>
				<misses>211400000</misses>
				<total>0</total>
				<timestamp>1946.258829</timestamp>
			</report>
			<report>
				<misses>211500000</misses>
				<total>0</total>
				<timestamp>1947.193463</timestamp>
			</report>
			<report>
				<misses>211600000</misses>
				<total>0</total>
				<timestamp>1948.107409</timestamp>
			</report>
			<report>
				<misses>211700000</misses>
				<total>0</total>
				<timestamp>1949.043866</timestamp>
			</report>
			<report>
				<misses>211800000</misses>
				<total>0</total>
				<timestamp>1949.980016</timestamp>
			</report>
			<report>
				<misses>211900000</misses>
				<total>0</total>
				<timestamp>1950.894876</timestamp>
			</report>
			<report>
				<misses>212000000</misses>
				<total>0</total>
				<timestamp>1951.806829</timestamp>
			</report>
			<report>
				<misses>212100000</misses>
				<total>0</total>
				<timestamp>1952.717054</timestamp>
			</report>
			<report>
				<misses>212200000</misses>
				<total>0</total>
				<timestamp>1953.669916</timestamp>
			</report>
			<report>
				<misses>212300000</misses>
				<total>0</total>
				<timestamp>1954.577369</timestamp>
			</report>
			<report>
				<misses>212400000</misses>
				<total>0</total>
				<timestamp>1955.517592</timestamp>
			</report>
			<report>
				<misses>212500000</misses>
				<total>0</total>
				<timestamp>1956.422155</timestamp>
			</report>
			<report>
				<misses>212600000</misses>
				<total>0</total>
				<timestamp>1957.332114</timestamp>
			</report>
			<report>
				<misses>212700000</misses>
				<total>0</total>
				<timestamp>1958.212937</timestamp>
			</report>
			<report>
				<misses>212800000</misses>
				<total>0</total>
				<timestamp>1959.119090</timestamp>
			</report>
			<report>
				<misses>212900000</misses>
				<total>0</total>
				<timestamp>1960.004708</timestamp>
			</report>
			<report>
				<misses>213000000</misses>
				<total>0</total>
				<timestamp>1960.910267</timestamp>
			</report>
			<report>
				<misses>213100000</misses>
				<total>0</total>
				<timestamp>1961.804149</timestamp>
			</report>
			<report>
				<misses>213200000</misses>
				<total>0</total>
				<timestamp>1962.747029</timestamp>
			</report>
			<report>
				<misses>213300000</misses>
				<total>0</total>
				<timestamp>1963.677443</timestamp>
			</report>
			<report>
				<misses>213400000</misses>
				<total>0</total>
				<timestamp>1964.574008</timestamp>
			</report>
			<report>
				<misses>213500000</misses>
				<total>0</total>
				<timestamp>1965.500805</timestamp>
			</report>
			<report>
				<misses>213600000</misses>
				<total>0</total>
				<timestamp>1966.432212</timestamp>
			</report>
			<report>
				<misses>213700000</misses>
				<total>0</total>
				<timestamp>1967.346521</timestamp>
			</report>
			<report>
				<misses>213800000</misses>
				<total>0</total>
				<timestamp>1968.279990</timestamp>
			</report>
			<report>
				<misses>213900000</misses>
				<total>0</total>
				<timestamp>1969.178334</timestamp>
			</report>
			<report>
				<misses>214000000</misses>
				<total>0</total>
				<timestamp>1970.133465</timestamp>
			</report>
			<report>
				<misses>214100000</misses>
				<total>0</total>
				<timestamp>1971.051463</timestamp>
			</report>
			<report>
				<misses>214200000</misses>
				<total>0</total>
				<timestamp>1971.986346</timestamp>
			</report>
			<report>
				<misses>214300000</misses>
				<total>0</total>
				<timestamp>1972.892271</timestamp>
			</report>
			<report>
				<misses>214400000</misses>
				<total>0</total>
				<timestamp>1973.810301</timestamp>
			</report>
			<report>
				<misses>214500000</misses>
				<total>0</total>
				<timestamp>1974.717504</timestamp>
			</report>
			<report>
				<misses>214600000</misses>
				<total>0</total>
				<timestamp>1975.618910</timestamp>
			</report>
			<report>
				<misses>214700000</misses>
				<total>0</total>
				<timestamp>1976.514967</timestamp>
			</report>
			<report>
				<misses>214800000</misses>
				<total>0</total>
				<timestamp>1977.406653</timestamp>
			</report>
			<report>
				<misses>214900000</misses>
				<total>0</total>
				<timestamp>1978.314670</timestamp>
			</report>
			<report>
				<misses>215000000</misses>
				<total>0</total>
				<timestamp>1979.213955</timestamp>
			</report>
			<report>
				<misses>215100000</misses>
				<total>0</total>
				<timestamp>1980.115223</timestamp>
			</report>
			<report>
				<misses>215200000</misses>
				<total>0</total>
				<timestamp>1981.056900</timestamp>
			</report>
			<report>
				<misses>215300000</misses>
				<total>0</total>
				<timestamp>1982.010391</timestamp>
			</report>
			<report>
				<misses>215400000</misses>
				<total>0</total>
				<timestamp>1982.954984</timestamp>
			</report>
			<report>
				<misses>215500000</misses>
				<total>0</total>
				<timestamp>1983.892818</timestamp>
			</report>
			<report>
				<misses>215600000</misses>
				<total>0</total>
				<timestamp>1984.819156</timestamp>
			</report>
			<report>
				<misses>215700000</misses>
				<total>0</total>
				<timestamp>1985.754590</timestamp>
			</report>
			<report>
				<misses>215800000</misses>
				<total>0</total>
				<timestamp>1986.689222</timestamp>
			</report>
			<report>
				<misses>215900000</misses>
				<total>0</total>
				<timestamp>1987.626242</timestamp>
			</report>
			<report>
				<misses>216000000</misses>
				<total>0</total>
				<timestamp>1988.544697</timestamp>
			</report>
			<report>
				<misses>216100000</misses>
				<total>0</total>
				<timestamp>1989.503466</timestamp>
			</report>
			<report>
				<misses>216200000</misses>
				<total>0</total>
				<timestamp>1990.454926</timestamp>
			</report>
			<report>
				<misses>216300000</misses>
				<total>0</total>
				<timestamp>1991.409037</timestamp>
			</report>
			<report>
				<misses>216400000</misses>
				<total>0</total>
				<timestamp>1992.338933</timestamp>
			</report>
			<report>
				<misses>216500000</misses>
				<total>0</total>
				<timestamp>1993.268632</timestamp>
			</report>
			<report>
				<misses>216600000</misses>
				<total>0</total>
				<timestamp>1994.171379</timestamp>
			</report>
			<report>
				<misses>216700000</misses>
				<total>0</total>
				<timestamp>1995.112185</timestamp>
			</report>
			<report>
				<misses>216800000</misses>
				<total>0</total>
				<timestamp>1996.051139</timestamp>
			</report>
			<report>
				<misses>216900000</misses>
				<total>0</total>
				<timestamp>1996.946402</timestamp>
			</report>
			<report>
				<misses>217000000</misses>
				<total>0</total>
				<timestamp>1997.859305</timestamp>
			</report>
			<report>
				<misses>217100000</misses>
				<total>0</total>
				<timestamp>1998.756379</timestamp>
			</report>
			<report>
				<misses>217200000</misses>
				<total>0</total>
				<timestamp>1999.659501</timestamp>
			</report>
			<report>
				<misses>217300000</misses>
				<total>0</total>
				<timestamp>2000.564778</timestamp>
			</report>
			<report>
				<misses>217400000</misses>
				<total>0</total>
				<timestamp>2001.463888</timestamp>
			</report>
			<report>
				<misses>217500000</misses>
				<total>0</total>
				<timestamp>2002.377838</timestamp>
			</report>
			<report>
				<misses>217600000</misses>
				<total>0</total>
				<timestamp>2003.316080</timestamp>
			</report>
			<report>
				<misses>217700000</misses>
				<total>0</total>
				<timestamp>2004.246282</timestamp>
			</report>
			<report>
				<misses>217800000</misses>
				<total>0</total>
				<timestamp>2005.201970</timestamp>
			</report>
			<report>
				<misses>217900000</misses>
				<total>0</total>
				<timestamp>2006.147671</timestamp>
			</report>
			<report>
				<misses>218000000</misses>
				<total>0</total>
				<timestamp>2007.090729</timestamp>
			</report>
			<report>
				<misses>218100000</misses>
				<total>0</total>
				<timestamp>2008.018176</timestamp>
			</report>
			<report>
				<misses>218200000</misses>
				<total>0</total>
				<timestamp>2008.949498</timestamp>
			</report>
			<report>
				<misses>218300000</misses>
				<total>0</total>
				<timestamp>2009.853969</timestamp>
			</report>
			<report>
				<misses>218400000</misses>
				<total>0</total>
				<timestamp>2010.788234</timestamp>
			</report>
			<report>
				<misses>218500000</misses>
				<total>0</total>
				<timestamp>2011.718337</timestamp>
			</report>
			<report>
				<misses>218600000</misses>
				<total>0</total>
				<timestamp>2012.653411</timestamp>
			</report>
			<report>
				<misses>218700000</misses>
				<total>0</total>
				<timestamp>2013.578436</timestamp>
			</report>
			<report>
				<misses>218800000</misses>
				<total>0</total>
				<timestamp>2014.503384</timestamp>
			</report>
			<report>
				<misses>218900000</misses>
				<total>0</total>
				<timestamp>2015.442193</timestamp>
			</report>
			<report>
				<misses>219000000</misses>
				<total>0</total>
				<timestamp>2016.375265</timestamp>
			</report>
			<report>
				<misses>219100000</misses>
				<total>0</total>
				<timestamp>2017.319351</timestamp>
			</report>
			<report>
				<misses>219200000</misses>
				<total>0</total>
				<timestamp>2018.240861</timestamp>
			</report>
			<report>
				<misses>219300000</misses>
				<total>0</total>
				<timestamp>2019.160582</timestamp>
			</report>
			<report>
				<misses>219400000</misses>
				<total>0</total>
				<timestamp>2020.084642</timestamp>
			</report>
			<report>
				<misses>219500000</misses>
				<total>0</total>
				<timestamp>2020.994726</timestamp>
			</report>
			<report>
				<misses>219600000</misses>
				<total>0</total>
				<timestamp>2021.900165</timestamp>
			</report>
			<report>
				<misses>219700000</misses>
				<total>0</total>
				<timestamp>2022.790403</timestamp>
			</report>
			<report>
				<misses>219800000</misses>
				<total>0</total>
				<timestamp>2023.682052</timestamp>
			</report>
			<report>
				<misses>219900000</misses>
				<total>0</total>
				<timestamp>2024.573384</timestamp>
			</report>
			<report>
				<misses>220000000</misses>
				<total>0</total>
				<timestamp>2025.472736</timestamp>
			</report>
			<report>
				<misses>220100000</misses>
				<total>0</total>
				<timestamp>2026.363807</timestamp>
			</report>
			<report>
				<misses>220200000</misses>
				<total>0</total>
				<timestamp>2027.275548</timestamp>
			</report>
			<report>
				<misses>220300000</misses>
				<total>0</total>
				<timestamp>2028.221904</timestamp>
			</report>
			<report>
				<misses>220400000</misses>
				<total>0</total>
				<timestamp>2029.156667</timestamp>
			</report>
			<report>
				<misses>220500000</misses>
				<total>0</total>
				<timestamp>2030.082856</timestamp>
			</report>
			<report>
				<misses>220600000</misses>
				<total>0</total>
				<timestamp>2031.001001</timestamp>
			</report>
			<report>
				<misses>220700000</misses>
				<total>0</total>
				<timestamp>2031.937684</timestamp>
			</report>
			<report>
				<misses>220800000</misses>
				<total>0</total>
				<timestamp>2032.865730</timestamp>
			</report>
			<report>
				<misses>220900000</misses>
				<total>0</total>
				<timestamp>2033.805117</timestamp>
			</report>
			<report>
				<misses>221000000</misses>
				<total>0</total>
				<timestamp>2034.746039</timestamp>
			</report>
			<report>
				<misses>221100000</misses>
				<total>0</total>
				<timestamp>2035.674987</timestamp>
			</report>
			<report>
				<misses>221200000</misses>
				<total>0</total>
				<timestamp>2036.647176</timestamp>
			</report>
			<report>
				<misses>221300000</misses>
				<total>0</total>
				<timestamp>2037.579539</timestamp>
			</report>
			<report>
				<misses>221400000</misses>
				<total>0</total>
				<timestamp>2038.543414</timestamp>
			</report>
			<report>
				<misses>221500000</misses>
				<total>0</total>
				<timestamp>2039.453331</timestamp>
			</report>
			<report>
				<misses>221600000</misses>
				<total>0</total>
				<timestamp>2040.392179</timestamp>
			</report>
			<report>
				<misses>221700000</misses>
				<total>0</total>
				<timestamp>2041.314316</timestamp>
			</report>
			<report>
				<misses>221800000</misses>
				<total>0</total>
				<timestamp>2042.225866</timestamp>
			</report>
			<report>
				<misses>221900000</misses>
				<total>0</total>
				<timestamp>2043.151845</timestamp>
			</report>
			<report>
				<misses>222000000</misses>
				<total>0</total>
				<timestamp>2044.056654</timestamp>
			</report>
			<report>
				<misses>222100000</misses>
				<total>0</total>
				<timestamp>2044.956001</timestamp>
			</report>
			<report>
				<misses>222200000</misses>
				<total>0</total>
				<timestamp>2045.877086</timestamp>
			</report>
			<report>
				<misses>222300000</misses>
				<total>0</total>
				<timestamp>2046.781131</timestamp>
			</report>
			<report>
				<misses>222400000</misses>
				<total>0</total>
				<timestamp>2047.674828</timestamp>
			</report>
			<report>
				<misses>222500000</misses>
				<total>0</total>
				<timestamp>2048.578284</timestamp>
			</report>
			<report>
				<misses>222600000</misses>
				<total>0</total>
				<timestamp>2049.480147</timestamp>
			</report>
			<report>
				<misses>222700000</misses>
				<total>0</total>
				<timestamp>2050.387340</timestamp>
			</report>
			<report>
				<misses>222800000</misses>
				<total>0</total>
				<timestamp>2051.321172</timestamp>
			</report>
			<report>
				<misses>222900000</misses>
				<total>0</total>
				<timestamp>2052.252996</timestamp>
			</report>
			<report>
				<misses>223000000</misses>
				<total>0</total>
				<timestamp>2053.175112</timestamp>
			</report>
			<report>
				<misses>223100000</misses>
				<total>0</total>
				<timestamp>2054.093253</timestamp>
			</report>
			<report>
				<misses>223200000</misses>
				<total>0</total>
				<timestamp>2054.998873</timestamp>
			</report>
			<report>
				<misses>223300000</misses>
				<total>0</total>
				<timestamp>2055.912549</timestamp>
			</report>
			<report>
				<misses>223400000</misses>
				<total>0</total>
				<timestamp>2056.819854</timestamp>
			</report>
			<report>
				<misses>223500000</misses>
				<total>0</total>
				<timestamp>2057.751414</timestamp>
			</report>
			<report>
				<misses>223600000</misses>
				<total>0</total>
				<timestamp>2058.661079</timestamp>
			</report>
			<report>
				<misses>223700000</misses>
				<total>0</total>
				<timestamp>2059.611531</timestamp>
			</report>
			<report>
				<misses>223800000</misses>
				<total>0</total>
				<timestamp>2060.521501</timestamp>
			</report>
			<report>
				<misses>223900000</misses>
				<total>0</total>
				<timestamp>2061.426938</timestamp>
			</report>
			<report>
				<misses>224000000</misses>
				<total>0</total>
				<timestamp>2062.324123</timestamp>
			</report>
			<report>
				<misses>224100000</misses>
				<total>0</total>
				<timestamp>2063.227651</timestamp>
			</report>
			<report>
				<misses>224200000</misses>
				<total>0</total>
				<timestamp>2064.131436</timestamp>
			</report>
			<report>
				<misses>224300000</misses>
				<total>0</total>
				<timestamp>2065.028787</timestamp>
			</report>
			<report>
				<misses>224400000</misses>
				<total>0</total>
				<timestamp>2065.926043</timestamp>
			</report>
			<report>
				<misses>224500000</misses>
				<total>0</total>
				<timestamp>2066.816641</timestamp>
			</report>
			<report>
				<misses>224600000</misses>
				<total>0</total>
				<timestamp>2067.736032</timestamp>
			</report>
			<report>
				<misses>224700000</misses>
				<total>0</total>
				<timestamp>2068.684042</timestamp>
			</report>
			<report>
				<misses>224800000</misses>
				<total>0</total>
				<timestamp>2069.611401</timestamp>
			</report>
			<report>
				<misses>224900000</misses>
				<total>0</total>
				<timestamp>2070.559807</timestamp>
			</report>
			<report>
				<misses>225000000</misses>
				<total>0</total>
				<timestamp>2071.482022</timestamp>
			</report>
			<report>
				<misses>225100000</misses>
				<total>0</total>
				<timestamp>2072.442782</timestamp>
			</report>
			<report>
				<misses>225200000</misses>
				<total>0</total>
				<timestamp>2073.368213</timestamp>
			</report>
			<report>
				<misses>225300000</misses>
				<total>0</total>
				<timestamp>2074.271343</timestamp>
			</report>
			<report>
				<misses>225400000</misses>
				<total>0</total>
				<timestamp>2075.218493</timestamp>
			</report>
			<report>
				<misses>225500000</misses>
				<total>0</total>
				<timestamp>2076.178973</timestamp>
			</report>
			<report>
				<misses>225600000</misses>
				<total>0</total>
				<timestamp>2077.121430</timestamp>
			</report>
			<report>
				<misses>225700000</misses>
				<total>0</total>
				<timestamp>2078.054025</timestamp>
			</report>
			<report>
				<misses>225800000</misses>
				<total>0</total>
				<timestamp>2079.009048</timestamp>
			</report>
			<report>
				<misses>225900000</misses>
				<total>0</total>
				<timestamp>2079.929227</timestamp>
			</report>
			<report>
				<misses>226000000</misses>
				<total>0</total>
				<timestamp>2080.854861</timestamp>
			</report>
			<report>
				<misses>226100000</misses>
				<total>0</total>
				<timestamp>2081.791078</timestamp>
			</report>
			<report>
				<misses>226200000</misses>
				<total>0</total>
				<timestamp>2082.714188</timestamp>
			</report>
			<report>
				<misses>226300000</misses>
				<total>0</total>
				<timestamp>2083.628465</timestamp>
			</report>
			<report>
				<misses>226400000</misses>
				<total>0</total>
				<timestamp>2084.566503</timestamp>
			</report>
			<report>
				<misses>226500000</misses>
				<total>0</total>
				<timestamp>2085.493165</timestamp>
			</report>
			<report>
				<misses>226600000</misses>
				<total>0</total>
				<timestamp>2086.381590</timestamp>
			</report>
			<report>
				<misses>226700000</misses>
				<total>0</total>
				<timestamp>2087.289503</timestamp>
			</report>
			<report>
				<misses>226800000</misses>
				<total>0</total>
				<timestamp>2088.189189</timestamp>
			</report>
			<report>
				<misses>226900000</misses>
				<total>0</total>
				<timestamp>2089.097089</timestamp>
			</report>
			<report>
				<misses>227000000</misses>
				<total>0</total>
				<timestamp>2089.981620</timestamp>
			</report>
			<report>
				<misses>227100000</misses>
				<total>0</total>
				<timestamp>2090.877786</timestamp>
			</report>
			<report>
				<misses>227200000</misses>
				<total>0</total>
				<timestamp>2091.794119</timestamp>
			</report>
			<report>
				<misses>227300000</misses>
				<total>0</total>
				<timestamp>2092.716129</timestamp>
			</report>
			<report>
				<misses>227400000</misses>
				<total>0</total>
				<timestamp>2093.641642</timestamp>
			</report>
			<report>
				<misses>227500000</misses>
				<total>0</total>
				<timestamp>2094.560929</timestamp>
			</report>
			<report>
				<misses>227600000</misses>
				<total>0</total>
				<timestamp>2095.468214</timestamp>
			</report>
			<report>
				<misses>227700000</misses>
				<total>0</total>
				<timestamp>2096.403673</timestamp>
			</report>
			<report>
				<misses>227800000</misses>
				<total>0</total>
				<timestamp>2097.318630</timestamp>
			</report>
			<report>
				<misses>227900000</misses>
				<total>0</total>
				<timestamp>2098.244864</timestamp>
			</report>
			<report>
				<misses>228000000</misses>
				<total>0</total>
				<timestamp>2099.156921</timestamp>
			</report>
			<report>
				<misses>228100000</misses>
				<total>0</total>
				<timestamp>2100.073876</timestamp>
			</report>
			<report>
				<misses>228200000</misses>
				<total>0</total>
				<timestamp>2101.003770</timestamp>
			</report>
			<report>
				<misses>228300000</misses>
				<total>0</total>
				<timestamp>2101.955776</timestamp>
			</report>
			<report>
				<misses>228400000</misses>
				<total>0</total>
				<timestamp>2102.888166</timestamp>
			</report>
			<report>
				<misses>228500000</misses>
				<total>0</total>
				<timestamp>2103.796724</timestamp>
			</report>
			<report>
				<misses>228600000</misses>
				<total>0</total>
				<timestamp>2104.714854</timestamp>
			</report>
			<report>
				<misses>228700000</misses>
				<total>0</total>
				<timestamp>2105.605800</timestamp>
			</report>
			<report>
				<misses>228800000</misses>
				<total>0</total>
				<timestamp>2106.510962</timestamp>
			</report>
			<report>
				<misses>228900000</misses>
				<total>0</total>
				<timestamp>2107.406790</timestamp>
			</report>
			<report>
				<misses>229000000</misses>
				<total>0</total>
				<timestamp>2108.301829</timestamp>
			</report>
			<report>
				<misses>229100000</misses>
				<total>0</total>
				<timestamp>2109.204828</timestamp>
			</report>
			<report>
				<misses>229200000</misses>
				<total>0</total>
				<timestamp>2110.140245</timestamp>
			</report>
			<report>
				<misses>229300000</misses>
				<total>0</total>
				<timestamp>2111.101622</timestamp>
			</report>
			<report>
				<misses>229400000</misses>
				<total>0</total>
				<timestamp>2112.008490</timestamp>
			</report>
			<report>
				<misses>229500000</misses>
				<total>0</total>
				<timestamp>2112.953022</timestamp>
			</report>
			<report>
				<misses>229600000</misses>
				<total>0</total>
				<timestamp>2113.882430</timestamp>
			</report>
			<report>
				<misses>229700000</misses>
				<total>0</total>
				<timestamp>2114.800770</timestamp>
			</report>
			<report>
				<misses>229800000</misses>
				<total>0</total>
				<timestamp>2115.753315</timestamp>
			</report>
			<report>
				<misses>229900000</misses>
				<total>0</total>
				<timestamp>2116.692556</timestamp>
			</report>
			<report>
				<misses>230000000</misses>
				<total>0</total>
				<timestamp>2117.615029</timestamp>
			</report>
			<report>
				<misses>230100000</misses>
				<total>0</total>
				<timestamp>2118.562372</timestamp>
			</report>
			<report>
				<misses>230200000</misses>
				<total>0</total>
				<timestamp>2119.515118</timestamp>
			</report>
			<report>
				<misses>230300000</misses>
				<total>0</total>
				<timestamp>2120.458037</timestamp>
			</report>
			<report>
				<misses>230400000</misses>
				<total>0</total>
				<timestamp>2121.407485</timestamp>
			</report>
			<report>
				<misses>230500000</misses>
				<total>0</total>
				<timestamp>2122.362967</timestamp>
			</report>
			<report>
				<misses>230600000</misses>
				<total>0</total>
				<timestamp>2123.321283</timestamp>
			</report>
			<report>
				<misses>230700000</misses>
				<total>0</total>
				<timestamp>2124.252711</timestamp>
			</report>
			<report>
				<misses>230800000</misses>
				<total>0</total>
				<timestamp>2125.178921</timestamp>
			</report>
			<report>
				<misses>230900000</misses>
				<total>0</total>
				<timestamp>2126.129440</timestamp>
			</report>
			<report>
				<misses>231000000</misses>
				<total>0</total>
				<timestamp>2127.063018</timestamp>
			</report>
			<report>
				<misses>231100000</misses>
				<total>0</total>
				<timestamp>2128.007546</timestamp>
			</report>
			<report>
				<misses>231200000</misses>
				<total>0</total>
				<timestamp>2128.951102</timestamp>
			</report>
			<report>
				<misses>231300000</misses>
				<total>0</total>
				<timestamp>2129.885049</timestamp>
			</report>
			<report>
				<misses>231400000</misses>
				<total>0</total>
				<timestamp>2130.833470</timestamp>
			</report>
			<report>
				<misses>231500000</misses>
				<total>0</total>
				<timestamp>2131.784386</timestamp>
			</report>
			<report>
				<misses>231600000</misses>
				<total>0</total>
				<timestamp>2132.737377</timestamp>
			</report>
			<report>
				<misses>231700000</misses>
				<total>0</total>
				<timestamp>2133.682596</timestamp>
			</report>
			<report>
				<misses>231800000</misses>
				<total>0</total>
				<timestamp>2134.636578</timestamp>
			</report>
			<report>
				<misses>231900000</misses>
				<total>0</total>
				<timestamp>2135.586038</timestamp>
			</report>
			<report>
				<misses>232000000</misses>
				<total>0</total>
				<timestamp>2136.497402</timestamp>
			</report>
			<report>
				<misses>232100000</misses>
				<total>0</total>
				<timestamp>2137.402236</timestamp>
			</report>
			<report>
				<misses>232200000</misses>
				<total>0</total>
				<timestamp>2138.306177</timestamp>
			</report>
			<report>
				<misses>232300000</misses>
				<total>0</total>
				<timestamp>2139.207700</timestamp>
			</report>
			<report>
				<misses>232400000</misses>
				<total>0</total>
				<timestamp>2140.125391</timestamp>
			</report>
			<report>
				<misses>232500000</misses>
				<total>0</total>
				<timestamp>2141.030758</timestamp>
			</report>
			<report>
				<misses>232600000</misses>
				<total>0</total>
				<timestamp>2141.935932</timestamp>
			</report>
			<report>
				<misses>232700000</misses>
				<total>0</total>
				<timestamp>2142.837897</timestamp>
			</report>
			<report>
				<misses>232800000</misses>
				<total>0</total>
				<timestamp>2143.770366</timestamp>
			</report>
			<report>
				<misses>232900000</misses>
				<total>0</total>
				<timestamp>2144.710100</timestamp>
			</report>
			<report>
				<misses>233000000</misses>
				<total>0</total>
				<timestamp>2145.615681</timestamp>
			</report>
			<report>
				<misses>233100000</misses>
				<total>0</total>
				<timestamp>2146.560354</timestamp>
			</report>
			<report>
				<misses>233200000</misses>
				<total>0</total>
				<timestamp>2147.492060</timestamp>
			</report>
			<report>
				<misses>233300000</misses>
				<total>0</total>
				<timestamp>2148.450313</timestamp>
			</report>
			<report>
				<misses>233400000</misses>
				<total>0</total>
				<timestamp>2149.376079</timestamp>
			</report>
			<report>
				<misses>233500000</misses>
				<total>0</total>
				<timestamp>2150.319706</timestamp>
			</report>
			<report>
				<misses>233600000</misses>
				<total>0</total>
				<timestamp>2151.242868</timestamp>
			</report>
			<report>
				<misses>233700000</misses>
				<total>0</total>
				<timestamp>2152.152342</timestamp>
			</report>
			<report>
				<misses>233800000</misses>
				<total>0</total>
				<timestamp>2153.106527</timestamp>
			</report>
			<report>
				<misses>233900000</misses>
				<total>0</total>
				<timestamp>2154.028469</timestamp>
			</report>
			<report>
				<misses>234000000</misses>
				<total>0</total>
				<timestamp>2154.919622</timestamp>
			</report>
			<report>
				<misses>234100000</misses>
				<total>0</total>
				<timestamp>2155.821071</timestamp>
			</report>
			<report>
				<misses>234200000</misses>
				<total>0</total>
				<timestamp>2156.720364</timestamp>
			</report>
			<report>
				<misses>234300000</misses>
				<total>0</total>
				<timestamp>2157.625130</timestamp>
			</report>
			<report>
				<misses>234400000</misses>
				<total>0</total>
				<timestamp>2158.515719</timestamp>
			</report>
			<report>
				<misses>234500000</misses>
				<total>0</total>
				<timestamp>2159.414141</timestamp>
			</report>
			<report>
				<misses>234600000</misses>
				<total>0</total>
				<timestamp>2160.310721</timestamp>
			</report>
			<report>
				<misses>234700000</misses>
				<total>0</total>
				<timestamp>2161.240867</timestamp>
			</report>
			<report>
				<misses>234800000</misses>
				<total>0</total>
				<timestamp>2162.166291</timestamp>
			</report>
			<report>
				<misses>234900000</misses>
				<total>0</total>
				<timestamp>2163.078489</timestamp>
			</report>
			<report>
				<misses>235000000</misses>
				<total>0</total>
				<timestamp>2164.002359</timestamp>
			</report>
			<report>
				<misses>235100000</misses>
				<total>0</total>
				<timestamp>2164.919685</timestamp>
			</report>
			<report>
				<misses>235200000</misses>
				<total>0</total>
				<timestamp>2165.829613</timestamp>
			</report>
			<report>
				<misses>235300000</misses>
				<total>0</total>
				<timestamp>2166.742536</timestamp>
			</report>
			<report>
				<misses>235400000</misses>
				<total>0</total>
				<timestamp>2167.651902</timestamp>
			</report>
			<report>
				<misses>235500000</misses>
				<total>0</total>
				<timestamp>2168.559318</timestamp>
			</report>
			<report>
				<misses>235600000</misses>
				<total>0</total>
				<timestamp>2169.481994</timestamp>
			</report>
			<report>
				<misses>235700000</misses>
				<total>0</total>
				<timestamp>2170.396936</timestamp>
			</report>
			<report>
				<misses>235800000</misses>
				<total>0</total>
				<timestamp>2171.305987</timestamp>
			</report>
			<report>
				<misses>235900000</misses>
				<total>0</total>
				<timestamp>2172.216929</timestamp>
			</report>
			<report>
				<misses>236000000</misses>
				<total>0</total>
				<timestamp>2173.157104</timestamp>
			</report>
			<report>
				<misses>236100000</misses>
				<total>0</total>
				<timestamp>2174.054522</timestamp>
			</report>
			<report>
				<misses>236200000</misses>
				<total>0</total>
				<timestamp>2174.945582</timestamp>
			</report>
			<report>
				<misses>236300000</misses>
				<total>0</total>
				<timestamp>2175.836570</timestamp>
			</report>
			<report>
				<misses>236400000</misses>
				<total>0</total>
				<timestamp>2176.728117</timestamp>
			</report>
			<report>
				<misses>236500000</misses>
				<total>0</total>
				<timestamp>2177.634950</timestamp>
			</report>
			<report>
				<misses>236600000</misses>
				<total>0</total>
				<timestamp>2178.533086</timestamp>
			</report>
			<report>
				<misses>236700000</misses>
				<total>0</total>
				<timestamp>2179.428825</timestamp>
			</report>
			<report>
				<misses>236800000</misses>
				<total>0</total>
				<timestamp>2180.353821</timestamp>
			</report>
			<report>
				<misses>236900000</misses>
				<total>0</total>
				<timestamp>2181.305755</timestamp>
			</report>
			<report>
				<misses>237000000</misses>
				<total>0</total>
				<timestamp>2182.272930</timestamp>
			</report>
			<report>
				<misses>237100000</misses>
				<total>0</total>
				<timestamp>2183.165331</timestamp>
			</report>
			<report>
				<misses>237200000</misses>
				<total>0</total>
				<timestamp>2184.068885</timestamp>
			</report>
			<report>
				<misses>237300000</misses>
				<total>0</total>
				<timestamp>2184.978189</timestamp>
			</report>
			<report>
				<misses>237400000</misses>
				<total>0</total>
				<timestamp>2185.893759</timestamp>
			</report>
			<report>
				<misses>237500000</misses>
				<total>0</total>
				<timestamp>2186.806421</timestamp>
			</report>
			<report>
				<misses>237600000</misses>
				<total>0</total>
				<timestamp>2187.708059</timestamp>
			</report>
			<report>
				<misses>237700000</misses>
				<total>0</total>
				<timestamp>2188.631305</timestamp>
			</report>
			<report>
				<misses>237800000</misses>
				<total>0</total>
				<timestamp>2189.532684</timestamp>
			</report>
			<report>
				<misses>237900000</misses>
				<total>0</total>
				<timestamp>2190.447286</timestamp>
			</report>
			<report>
				<misses>238000000</misses>
				<total>0</total>
				<timestamp>2191.372960</timestamp>
			</report>
			<report>
				<misses>238100000</misses>
				<total>0</total>
				<timestamp>2192.295742</timestamp>
			</report>
			<report>
				<misses>238200000</misses>
				<total>0</total>
				<timestamp>2193.229859</timestamp>
			</report>
			<report>
				<misses>238300000</misses>
				<total>0</total>
				<timestamp>2194.150356</timestamp>
			</report>
			<report>
				<misses>238400000</misses>
				<total>0</total>
				<timestamp>2195.063585</timestamp>
			</report>
			<report>
				<misses>238500000</misses>
				<total>0</total>
				<timestamp>2195.952122</timestamp>
			</report>
			<report>
				<misses>238600000</misses>
				<total>0</total>
				<timestamp>2196.845915</timestamp>
			</report>
			<report>
				<misses>238700000</misses>
				<total>0</total>
				<timestamp>2197.734121</timestamp>
			</report>
			<report>
				<misses>238800000</misses>
				<total>0</total>
				<timestamp>2198.625323</timestamp>
			</report>
			<report>
				<misses>238900000</misses>
				<total>0</total>
				<timestamp>2199.541078</timestamp>
			</report>
			<report>
				<misses>239000000</misses>
				<total>0</total>
				<timestamp>2200.442061</timestamp>
			</report>
			<report>
				<misses>239100000</misses>
				<total>0</total>
				<timestamp>2201.370764</timestamp>
			</report>
			<report>
				<misses>239200000</misses>
				<total>0</total>
				<timestamp>2202.303134</timestamp>
			</report>
			<report>
				<misses>239300000</misses>
				<total>0</total>
				<timestamp>2203.246513</timestamp>
			</report>
			<report>
				<misses>239400000</misses>
				<total>0</total>
				<timestamp>2204.175830</timestamp>
			</report>
			<report>
				<misses>239500000</misses>
				<total>0</total>
				<timestamp>2205.120254</timestamp>
			</report>
			<report>
				<misses>239600000</misses>
				<total>0</total>
				<timestamp>2206.040779</timestamp>
			</report>
			<report>
				<misses>239700000</misses>
				<total>0</total>
				<timestamp>2206.950404</timestamp>
			</report>
			<report>
				<misses>239800000</misses>
				<total>0</total>
				<timestamp>2207.869134</timestamp>
			</report>
			<report>
				<misses>239900000</misses>
				<total>0</total>
				<timestamp>2208.802779</timestamp>
			</report>
			<report>
				<misses>240000000</misses>
				<total>0</total>
				<timestamp>2209.724895</timestamp>
			</report>
			<report>
				<misses>240100000</misses>
				<total>0</total>
				<timestamp>2210.657252</timestamp>
			</report>
			<report>
				<misses>240200000</misses>
				<total>0</total>
				<timestamp>2211.575804</timestamp>
			</report>
			<report>
				<misses>240300000</misses>
				<total>0</total>
				<timestamp>2212.518645</timestamp>
			</report>
			<report>
				<misses>240400000</misses>
				<total>0</total>
				<timestamp>2213.455667</timestamp>
			</report>
			<report>
				<misses>240500000</misses>
				<total>0</total>
				<timestamp>2214.376062</timestamp>
			</report>
			<report>
				<misses>240600000</misses>
				<total>0</total>
				<timestamp>2215.309811</timestamp>
			</report>
			<report>
				<misses>240700000</misses>
				<total>0</total>
				<timestamp>2216.238076</timestamp>
			</report>
			<report>
				<misses>240800000</misses>
				<total>0</total>
				<timestamp>2217.133196</timestamp>
			</report>
			<report>
				<misses>240900000</misses>
				<total>0</total>
				<timestamp>2218.029834</timestamp>
			</report>
			<report>
				<misses>241000000</misses>
				<total>0</total>
				<timestamp>2218.929623</timestamp>
			</report>
			<report>
				<misses>241100000</misses>
				<total>0</total>
				<timestamp>2219.825024</timestamp>
			</report>
			<report>
				<misses>241200000</misses>
				<total>0</total>
				<timestamp>2220.724475</timestamp>
			</report>
			<report>
				<misses>241300000</misses>
				<total>0</total>
				<timestamp>2221.636439</timestamp>
			</report>
			<report>
				<misses>241400000</misses>
				<total>0</total>
				<timestamp>2222.536480</timestamp>
			</report>
			<report>
				<misses>241500000</misses>
				<total>0</total>
				<timestamp>2223.448940</timestamp>
			</report>
			<report>
				<misses>241600000</misses>
				<total>0</total>
				<timestamp>2224.386307</timestamp>
			</report>
			<report>
				<misses>241700000</misses>
				<total>0</total>
				<timestamp>2225.292795</timestamp>
			</report>
			<report>
				<misses>241800000</misses>
				<total>0</total>
				<timestamp>2226.208543</timestamp>
			</report>
			<report>
				<misses>241900000</misses>
				<total>0</total>
				<timestamp>2227.105843</timestamp>
			</report>
			<report>
				<misses>242000000</misses>
				<total>0</total>
				<timestamp>2228.031984</timestamp>
			</report>
			<report>
				<misses>242100000</misses>
				<total>0</total>
				<timestamp>2228.949321</timestamp>
			</report>
			<report>
				<misses>242200000</misses>
				<total>0</total>
				<timestamp>2229.870536</timestamp>
			</report>
			<report>
				<misses>242300000</misses>
				<total>0</total>
				<timestamp>2230.784563</timestamp>
			</report>
			<report>
				<misses>242400000</misses>
				<total>0</total>
				<timestamp>2231.708711</timestamp>
			</report>
			<report>
				<misses>242500000</misses>
				<total>0</total>
				<timestamp>2232.637867</timestamp>
			</report>
			<report>
				<misses>242600000</misses>
				<total>0</total>
				<timestamp>2233.556592</timestamp>
			</report>
			<report>
				<misses>242700000</misses>
				<total>0</total>
				<timestamp>2234.477116</timestamp>
			</report>
			<report>
				<misses>242800000</misses>
				<total>0</total>
				<timestamp>2235.385801</timestamp>
			</report>
			<report>
				<misses>242900000</misses>
				<total>0</total>
				<timestamp>2236.288886</timestamp>
			</report>
			<report>
				<misses>243000000</misses>
				<total>0</total>
				<timestamp>2237.197088</timestamp>
			</report>
			<report>
				<misses>243100000</misses>
				<total>0</total>
				<timestamp>2238.107049</timestamp>
			</report>
			<report>
				<misses>243200000</misses>
				<total>0</total>
				<timestamp>2239.008211</timestamp>
			</report>
			<report>
				<misses>243300000</misses>
				<total>0</total>
				<timestamp>2239.896107</timestamp>
			</report>
			<report>
				<misses>243400000</misses>
				<total>0</total>
				<timestamp>2240.813571</timestamp>
			</report>
			<report>
				<misses>243500000</misses>
				<total>0</total>
				<timestamp>2241.744240</timestamp>
			</report>
			<report>
				<misses>243600000</misses>
				<total>0</total>
				<timestamp>2242.707507</timestamp>
			</report>
			<report>
				<misses>243700000</misses>
				<total>0</total>
				<timestamp>2243.654807</timestamp>
			</report>
			<report>
				<misses>243800000</misses>
				<total>0</total>
				<timestamp>2244.599119</timestamp>
			</report>
			<report>
				<misses>243900000</misses>
				<total>0</total>
				<timestamp>2245.544770</timestamp>
			</report>
			<report>
				<misses>244000000</misses>
				<total>0</total>
				<timestamp>2246.453276</timestamp>
			</report>
			<report>
				<misses>244100000</misses>
				<total>0</total>
				<timestamp>2247.362294</timestamp>
			</report>
			<report>
				<misses>244200000</misses>
				<total>0</total>
				<timestamp>2248.301815</timestamp>
			</report>
			<report>
				<misses>244300000</misses>
				<total>0</total>
				<timestamp>2249.271059</timestamp>
			</report>
			<report>
				<misses>244400000</misses>
				<total>0</total>
				<timestamp>2250.204091</timestamp>
			</report>
			<report>
				<misses>244500000</misses>
				<total>0</total>
				<timestamp>2251.122342</timestamp>
			</report>
			<report>
				<misses>244600000</misses>
				<total>0</total>
				<timestamp>2252.051628</timestamp>
			</report>
			<report>
				<misses>244700000</misses>
				<total>0</total>
				<timestamp>2252.989443</timestamp>
			</report>
			<report>
				<misses>244800000</misses>
				<total>0</total>
				<timestamp>2253.916785</timestamp>
			</report>
			<report>
				<misses>244900000</misses>
				<total>0</total>
				<timestamp>2254.866431</timestamp>
			</report>
			<report>
				<misses>245000000</misses>
				<total>0</total>
				<timestamp>2255.828285</timestamp>
			</report>
			<report>
				<misses>245100000</misses>
				<total>0</total>
				<timestamp>2256.765372</timestamp>
			</report>
			<report>
				<misses>245200000</misses>
				<total>0</total>
				<timestamp>2257.714011</timestamp>
			</report>
			<report>
				<misses>245300000</misses>
				<total>0</total>
				<timestamp>2258.640104</timestamp>
			</report>
			<report>
				<misses>245400000</misses>
				<total>0</total>
				<timestamp>2259.570881</timestamp>
			</report>
			<report>
				<misses>245500000</misses>
				<total>0</total>
				<timestamp>2260.511682</timestamp>
			</report>
			<report>
				<misses>245600000</misses>
				<total>0</total>
				<timestamp>2261.434498</timestamp>
			</report>
			<report>
				<misses>245700000</misses>
				<total>0</total>
				<timestamp>2262.385414</timestamp>
			</report>
			<report>
				<misses>245800000</misses>
				<total>0</total>
				<timestamp>2263.316166</timestamp>
			</report>
			<report>
				<misses>245900000</misses>
				<total>0</total>
				<timestamp>2264.281179</timestamp>
			</report>
			<report>
				<misses>246000000</misses>
				<total>0</total>
				<timestamp>2265.206715</timestamp>
			</report>
			<report>
				<misses>246100000</misses>
				<total>0</total>
				<timestamp>2266.148520</timestamp>
			</report>
			<report>
				<misses>246200000</misses>
				<total>0</total>
				<timestamp>2267.077801</timestamp>
			</report>
			<report>
				<misses>246300000</misses>
				<total>0</total>
				<timestamp>2268.017096</timestamp>
			</report>
			<report>
				<misses>246400000</misses>
				<total>0</total>
				<timestamp>2268.967787</timestamp>
			</report>
			<report>
				<misses>246500000</misses>
				<total>0</total>
				<timestamp>2269.913322</timestamp>
			</report>
			<report>
				<misses>246600000</misses>
				<total>0</total>
				<timestamp>2270.868360</timestamp>
			</report>
			<report>
				<misses>246700000</misses>
				<total>0</total>
				<timestamp>2271.812336</timestamp>
			</report>
			<report>
				<misses>246800000</misses>
				<total>0</total>
				<timestamp>2272.747459</timestamp>
			</report>
			<report>
				<misses>246900000</misses>
				<total>0</total>
				<timestamp>2273.694049</timestamp>
			</report>
			<report>
				<misses>247000000</misses>
				<total>0</total>
				<timestamp>2274.618806</timestamp>
			</report>
			<report>
				<misses>247100000</misses>
				<total>0</total>
				<timestamp>2275.572505</timestamp>
			</report>
			<report>
				<misses>247200000</misses>
				<total>0</total>
				<timestamp>2276.505057</timestamp>
			</report>
			<report>
				<misses>247300000</misses>
				<total>0</total>
				<timestamp>2277.441042</timestamp>
			</report>
			<report>
				<misses>247400000</misses>
				<total>0</total>
				<timestamp>2278.389436</timestamp>
			</report>
			<report>
				<misses>247500000</misses>
				<total>0</total>
				<timestamp>2279.342155</timestamp>
			</report>
			<report>
				<misses>247600000</misses>
				<total>0</total>
				<timestamp>2280.270071</timestamp>
			</report>
			<report>
				<misses>247700000</misses>
				<total>0</total>
				<timestamp>2281.203673</timestamp>
			</report>
			<report>
				<misses>247800000</misses>
				<total>0</total>
				<timestamp>2282.158588</timestamp>
			</report>
			<report>
				<misses>247900000</misses>
				<total>0</total>
				<timestamp>2283.108726</timestamp>
			</report>
			<report>
				<misses>248000000</misses>
				<total>0</total>
				<timestamp>2284.057995</timestamp>
			</report>
			<report>
				<misses>248100000</misses>
				<total>0</total>
				<timestamp>2284.975923</timestamp>
			</report>
			<report>
				<misses>248200000</misses>
				<total>0</total>
				<timestamp>2285.916497</timestamp>
			</report>
			<report>
				<misses>248300000</misses>
				<total>0</total>
				<timestamp>2286.850327</timestamp>
			</report>
			<report>
				<misses>248400000</misses>
				<total>0</total>
				<timestamp>2287.764496</timestamp>
			</report>
			<report>
				<misses>248500000</misses>
				<total>0</total>
				<timestamp>2288.669642</timestamp>
			</report>
			<report>
				<misses>248600000</misses>
				<total>0</total>
				<timestamp>2289.570741</timestamp>
			</report>
			<report>
				<misses>248700000</misses>
				<total>0</total>
				<timestamp>2290.469158</timestamp>
			</report>
			<report>
				<misses>248800000</misses>
				<total>0</total>
				<timestamp>2291.371600</timestamp>
			</report>
			<report>
				<misses>248900000</misses>
				<total>0</total>
				<timestamp>2292.271735</timestamp>
			</report>
			<report>
				<misses>249000000</misses>
				<total>0</total>
				<timestamp>2293.163456</timestamp>
			</report>
			<report>
				<misses>249100000</misses>
				<total>0</total>
				<timestamp>2294.063738</timestamp>
			</report>
			<report>
				<misses>249200000</misses>
				<total>0</total>
				<timestamp>2294.990170</timestamp>
			</report>
			<report>
				<misses>249300000</misses>
				<total>0</total>
				<timestamp>2295.915822</timestamp>
			</report>
			<report>
				<misses>249400000</misses>
				<total>0</total>
				<timestamp>2296.836906</timestamp>
			</report>
			<report>
				<misses>249500000</misses>
				<total>0</total>
				<timestamp>2297.745021</timestamp>
			</report>
			<report>
				<misses>249600000</misses>
				<total>0</total>
				<timestamp>2298.690481</timestamp>
			</report>
			<report>
				<misses>249700000</misses>
				<total>0</total>
				<timestamp>2299.620508</timestamp>
			</report>
			<report>
				<misses>249800000</misses>
				<total>0</total>
				<timestamp>2300.556051</timestamp>
			</report>
			<report>
				<misses>249900000</misses>
				<total>0</total>
				<timestamp>2301.487170</timestamp>
			</report>
			<report>
				<misses>250000000</misses>
				<total>0</total>
				<timestamp>2302.393113</timestamp>
			</report>
			<report>
				<misses>250100000</misses>
				<total>0</total>
				<timestamp>2303.328124</timestamp>
			</report>
			<report>
				<misses>250200000</misses>
				<total>0</total>
				<timestamp>2304.245414</timestamp>
			</report>
			<report>
				<misses>250300000</misses>
				<total>0</total>
				<timestamp>2305.179507</timestamp>
			</report>
			<report>
				<misses>250400000</misses>
				<total>0</total>
				<timestamp>2306.085882</timestamp>
			</report>
			<report>
				<misses>250500000</misses>
				<total>0</total>
				<timestamp>2306.987550</timestamp>
			</report>
			<report>
				<misses>250600000</misses>
				<total>0</total>
				<timestamp>2307.891802</timestamp>
			</report>
			<report>
				<misses>250700000</misses>
				<total>0</total>
				<timestamp>2308.796411</timestamp>
			</report>
			<report>
				<misses>250800000</misses>
				<total>0</total>
				<timestamp>2309.701102</timestamp>
			</report>
			<report>
				<misses>250900000</misses>
				<total>0</total>
				<timestamp>2310.597614</timestamp>
			</report>
			<report>
				<misses>251000000</misses>
				<total>0</total>
				<timestamp>2311.498104</timestamp>
			</report>
			<report>
				<misses>251100000</misses>
				<total>0</total>
				<timestamp>2312.431147</timestamp>
			</report>
			<report>
				<misses>251200000</misses>
				<total>0</total>
				<timestamp>2313.342665</timestamp>
			</report>
			<report>
				<misses>251300000</misses>
				<total>0</total>
				<timestamp>2314.279586</timestamp>
			</report>
			<report>
				<misses>251400000</misses>
				<total>0</total>
				<timestamp>2315.211185</timestamp>
			</report>
			<report>
				<misses>251500000</misses>
				<total>0</total>
				<timestamp>2316.143060</timestamp>
			</report>
			<report>
				<misses>251600000</misses>
				<total>0</total>
				<timestamp>2317.069956</timestamp>
			</report>
			<report>
				<misses>251700000</misses>
				<total>0</total>
				<timestamp>2317.992986</timestamp>
			</report>
			<report>
				<misses>251800000</misses>
				<total>0</total>
				<timestamp>2318.922384</timestamp>
			</report>
			<report>
				<misses>251900000</misses>
				<total>0</total>
				<timestamp>2319.837913</timestamp>
			</report>
			<report>
				<misses>252000000</misses>
				<total>0</total>
				<timestamp>2320.752280</timestamp>
			</report>
			<report>
				<misses>252100000</misses>
				<total>0</total>
				<timestamp>2321.681336</timestamp>
			</report>
			<report>
				<misses>252200000</misses>
				<total>0</total>
				<timestamp>2322.619575</timestamp>
			</report>
			<report>
				<misses>252300000</misses>
				<total>0</total>
				<timestamp>2323.565947</timestamp>
			</report>
			<report>
				<misses>252400000</misses>
				<total>0</total>
				<timestamp>2324.476464</timestamp>
			</report>
			<report>
				<misses>252500000</misses>
				<total>0</total>
				<timestamp>2325.379597</timestamp>
			</report>
			<report>
				<misses>252600000</misses>
				<total>0</total>
				<timestamp>2326.275776</timestamp>
			</report>
			<report>
				<misses>252700000</misses>
				<total>0</total>
				<timestamp>2327.187994</timestamp>
			</report>
			<report>
				<misses>252800000</misses>
				<total>0</total>
				<timestamp>2328.090400</timestamp>
			</report>
			<report>
				<misses>252900000</misses>
				<total>0</total>
				<timestamp>2328.978938</timestamp>
			</report>
			<report>
				<misses>253000000</misses>
				<total>0</total>
				<timestamp>2329.900139</timestamp>
			</report>
			<report>
				<misses>253100000</misses>
				<total>0</total>
				<timestamp>2330.817220</timestamp>
			</report>
			<report>
				<misses>253200000</misses>
				<total>0</total>
				<timestamp>2331.733749</timestamp>
			</report>
			<report>
				<misses>253300000</misses>
				<total>0</total>
				<timestamp>2332.630141</timestamp>
			</report>
			<report>
				<misses>253400000</misses>
				<total>0</total>
				<timestamp>2333.571167</timestamp>
			</report>
			<report>
				<misses>253500000</misses>
				<total>0</total>
				<timestamp>2334.529689</timestamp>
			</report>
			<report>
				<misses>253600000</misses>
				<total>0</total>
				<timestamp>2335.481962</timestamp>
			</report>
			<report>
				<misses>253700000</misses>
				<total>0</total>
				<timestamp>2336.429016</timestamp>
			</report>
			<report>
				<misses>253800000</misses>
				<total>0</total>
				<timestamp>2337.368050</timestamp>
			</report>
			<report>
				<misses>253900000</misses>
				<total>0</total>
				<timestamp>2338.319710</timestamp>
			</report>
			<report>
				<misses>254000000</misses>
				<total>0</total>
				<timestamp>2339.230106</timestamp>
			</report>
			<report>
				<misses>254100000</misses>
				<total>0</total>
				<timestamp>2340.163269</timestamp>
			</report>
			<report>
				<misses>254200000</misses>
				<total>0</total>
				<timestamp>2341.080024</timestamp>
			</report>
			<report>
				<misses>254300000</misses>
				<total>0</total>
				<timestamp>2341.992231</timestamp>
			</report>
			<report>
				<misses>254400000</misses>
				<total>0</total>
				<timestamp>2342.913906</timestamp>
			</report>
			<report>
				<misses>254500000</misses>
				<total>0</total>
				<timestamp>2343.817355</timestamp>
			</report>
			<report>
				<misses>254600000</misses>
				<total>0</total>
				<timestamp>2344.743457</timestamp>
			</report>
			<report>
				<misses>254700000</misses>
				<total>0</total>
				<timestamp>2345.685471</timestamp>
			</report>
			<report>
				<misses>254800000</misses>
				<total>0</total>
				<timestamp>2346.631389</timestamp>
			</report>
			<report>
				<misses>254900000</misses>
				<total>0</total>
				<timestamp>2347.535969</timestamp>
			</report>
			<report>
				<misses>255000000</misses>
				<total>0</total>
				<timestamp>2348.453890</timestamp>
			</report>
			<report>
				<misses>255100000</misses>
				<total>0</total>
				<timestamp>2349.381352</timestamp>
			</report>
			<report>
				<misses>255200000</misses>
				<total>0</total>
				<timestamp>2350.331471</timestamp>
			</report>
			<report>
				<misses>255300000</misses>
				<total>0</total>
				<timestamp>2351.267374</timestamp>
			</report>
			<report>
				<misses>255400000</misses>
				<total>0</total>
				<timestamp>2352.185892</timestamp>
			</report>
			<report>
				<misses>255500000</misses>
				<total>0</total>
				<timestamp>2353.117572</timestamp>
			</report>
			<report>
				<misses>255600000</misses>
				<total>0</total>
				<timestamp>2354.016367</timestamp>
			</report>
			<report>
				<misses>255700000</misses>
				<total>0</total>
				<timestamp>2354.920981</timestamp>
			</report>
			<report>
				<misses>255800000</misses>
				<total>0</total>
				<timestamp>2355.843674</timestamp>
			</report>
			<report>
				<misses>255900000</misses>
				<total>0</total>
				<timestamp>2356.751681</timestamp>
			</report>
			<report>
				<misses>256000000</misses>
				<total>0</total>
				<timestamp>2357.645381</timestamp>
			</report>
			<report>
				<misses>256100000</misses>
				<total>0</total>
				<timestamp>2358.545548</timestamp>
			</report>
			<report>
				<misses>256200000</misses>
				<total>0</total>
				<timestamp>2359.452111</timestamp>
			</report>
			<report>
				<misses>256300000</misses>
				<total>0</total>
				<timestamp>2360.343117</timestamp>
			</report>
			<report>
				<misses>256400000</misses>
				<total>0</total>
				<timestamp>2361.239189</timestamp>
			</report>
			<report>
				<misses>256500000</misses>
				<total>0</total>
				<timestamp>2362.132387</timestamp>
			</report>
			<report>
				<misses>256600000</misses>
				<total>0</total>
				<timestamp>2363.076119</timestamp>
			</report>
			<report>
				<misses>256700000</misses>
				<total>0</total>
				<timestamp>2364.014784</timestamp>
			</report>
			<report>
				<misses>256800000</misses>
				<total>0</total>
				<timestamp>2364.969569</timestamp>
			</report>
			<report>
				<misses>256900000</misses>
				<total>0</total>
				<timestamp>2365.918937</timestamp>
			</report>
			<report>
				<misses>257000000</misses>
				<total>0</total>
				<timestamp>2366.864385</timestamp>
			</report>
			<report>
				<misses>257100000</misses>
				<total>0</total>
				<timestamp>2367.822452</timestamp>
			</report>
			<report>
				<misses>257200000</misses>
				<total>0</total>
				<timestamp>2368.752994</timestamp>
			</report>
			<report>
				<misses>257300000</misses>
				<total>0</total>
				<timestamp>2369.702331</timestamp>
			</report>
			<report>
				<misses>257400000</misses>
				<total>0</total>
				<timestamp>2370.623274</timestamp>
			</report>
			<report>
				<misses>257500000</misses>
				<total>0</total>
				<timestamp>2371.553126</timestamp>
			</report>
			<report>
				<misses>257600000</misses>
				<total>0</total>
				<timestamp>2372.488018</timestamp>
			</report>
			<report>
				<misses>257700000</misses>
				<total>0</total>
				<timestamp>2373.423252</timestamp>
			</report>
			<report>
				<misses>257800000</misses>
				<total>0</total>
				<timestamp>2374.348270</timestamp>
			</report>
			<report>
				<misses>257900000</misses>
				<total>0</total>
				<timestamp>2375.263667</timestamp>
			</report>
			<report>
				<misses>258000000</misses>
				<total>0</total>
				<timestamp>2376.183286</timestamp>
			</report>
			<report>
				<misses>258100000</misses>
				<total>0</total>
				<timestamp>2377.073645</timestamp>
			</report>
			<report>
				<misses>258200000</misses>
				<total>0</total>
				<timestamp>2377.983204</timestamp>
			</report>
			<report>
				<misses>258300000</misses>
				<total>0</total>
				<timestamp>2378.882224</timestamp>
			</report>
			<report>
				<misses>258400000</misses>
				<total>0</total>
				<timestamp>2379.777851</timestamp>
			</report>
			<report>
				<misses>258500000</misses>
				<total>0</total>
				<timestamp>2380.689633</timestamp>
			</report>
			<report>
				<misses>258600000</misses>
				<total>0</total>
				<timestamp>2381.584800</timestamp>
			</report>
			<report>
				<misses>258700000</misses>
				<total>0</total>
				<timestamp>2382.489113</timestamp>
			</report>
			<report>
				<misses>258800000</misses>
				<total>0</total>
				<timestamp>2383.423160</timestamp>
			</report>
			<report>
				<misses>258900000</misses>
				<total>0</total>
				<timestamp>2384.351659</timestamp>
			</report>
			<report>
				<misses>259000000</misses>
				<total>0</total>
				<timestamp>2385.252039</timestamp>
			</report>
			<report>
				<misses>259100000</misses>
				<total>0</total>
				<timestamp>2386.181545</timestamp>
			</report>
			<report>
				<misses>259200000</misses>
				<total>0</total>
				<timestamp>2387.093405</timestamp>
			</report>
			<report>
				<misses>259300000</misses>
				<total>0</total>
				<timestamp>2388.014620</timestamp>
			</report>
			<report>
				<misses>259400000</misses>
				<total>0</total>
				<timestamp>2388.930833</timestamp>
			</report>
			<report>
				<misses>259500000</misses>
				<total>0</total>
				<timestamp>2389.874782</timestamp>
			</report>
			<report>
				<misses>259600000</misses>
				<total>0</total>
				<timestamp>2390.789740</timestamp>
			</report>
			<report>
				<misses>259700000</misses>
				<total>0</total>
				<timestamp>2391.709589</timestamp>
			</report>
			<report>
				<misses>259800000</misses>
				<total>0</total>
				<timestamp>2392.597459</timestamp>
			</report>
			<report>
				<misses>259900000</misses>
				<total>0</total>
				<timestamp>2393.521961</timestamp>
			</report>
			<report>
				<misses>260000000</misses>
				<total>0</total>
				<timestamp>2394.433285</timestamp>
			</report>
			<report>
				<misses>260100000</misses>
				<total>0</total>
				<timestamp>2395.343397</timestamp>
			</report>
			<report>
				<misses>260200000</misses>
				<total>0</total>
				<timestamp>2396.242947</timestamp>
			</report>
			<report>
				<misses>260300000</misses>
				<total>0</total>
				<timestamp>2397.144898</timestamp>
			</report>
			<report>
				<misses>260400000</misses>
				<total>0</total>
				<timestamp>2398.044037</timestamp>
			</report>
			<report>
				<misses>260500000</misses>
				<total>0</total>
				<timestamp>2398.935083</timestamp>
			</report>
			<report>
				<misses>260600000</misses>
				<total>0</total>
				<timestamp>2399.846631</timestamp>
			</report>
			<report>
				<misses>260700000</misses>
				<total>0</total>
				<timestamp>2400.763029</timestamp>
			</report>
			<report>
				<misses>260800000</misses>
				<total>0</total>
				<timestamp>2401.704278</timestamp>
			</report>
			<report>
				<misses>260900000</misses>
				<total>0</total>
				<timestamp>2402.650413</timestamp>
			</report>
			<report>
				<misses>261000000</misses>
				<total>0</total>
				<timestamp>2403.574918</timestamp>
			</report>
			<report>
				<misses>261100000</misses>
				<total>0</total>
				<timestamp>2404.484391</timestamp>
			</report>
			<report>
				<misses>261200000</misses>
				<total>0</total>
				<timestamp>2405.421657</timestamp>
			</report>
			<report>
				<misses>261300000</misses>
				<total>0</total>
				<timestamp>2406.336039</timestamp>
			</report>
			<report>
				<misses>261400000</misses>
				<total>0</total>
				<timestamp>2407.274541</timestamp>
			</report>
			<report>
				<misses>261500000</misses>
				<total>0</total>
				<timestamp>2408.200846</timestamp>
			</report>
			<report>
				<misses>261600000</misses>
				<total>0</total>
				<timestamp>2409.126525</timestamp>
			</report>
			<report>
				<misses>261700000</misses>
				<total>0</total>
				<timestamp>2410.044794</timestamp>
			</report>
			<report>
				<misses>261800000</misses>
				<total>0</total>
				<timestamp>2410.972525</timestamp>
			</report>
			<report>
				<misses>261900000</misses>
				<total>0</total>
				<timestamp>2411.885776</timestamp>
			</report>
			<report>
				<misses>262000000</misses>
				<total>0</total>
				<timestamp>2412.786784</timestamp>
			</report>
			<report>
				<misses>262100000</misses>
				<total>0</total>
				<timestamp>2413.691270</timestamp>
			</report>
			<report>
				<misses>262200000</misses>
				<total>0</total>
				<timestamp>2414.582870</timestamp>
			</report>
			<report>
				<misses>262300000</misses>
				<total>0</total>
				<timestamp>2415.481082</timestamp>
			</report>
			<report>
				<misses>262400000</misses>
				<total>0</total>
				<timestamp>2416.375772</timestamp>
			</report>
			<report>
				<misses>262500000</misses>
				<total>0</total>
				<timestamp>2417.299825</timestamp>
			</report>
			<report>
				<misses>262600000</misses>
				<total>0</total>
				<timestamp>2418.243342</timestamp>
			</report>
			<report>
				<misses>262700000</misses>
				<total>0</total>
				<timestamp>2419.186392</timestamp>
			</report>
			<report>
				<misses>262800000</misses>
				<total>0</total>
				<timestamp>2420.116690</timestamp>
			</report>
			<report>
				<misses>262900000</misses>
				<total>0</total>
				<timestamp>2421.019114</timestamp>
			</report>
			<report>
				<misses>263000000</misses>
				<total>0</total>
				<timestamp>2421.968175</timestamp>
			</report>
			<report>
				<misses>263100000</misses>
				<total>0</total>
				<timestamp>2422.870484</timestamp>
			</report>
			<report>
				<misses>263200000</misses>
				<total>0</total>
				<timestamp>2423.767572</timestamp>
			</report>
			<report>
				<misses>263300000</misses>
				<total>0</total>
				<timestamp>2424.685132</timestamp>
			</report>
			<report>
				<misses>263400000</misses>
				<total>0</total>
				<timestamp>2425.588581</timestamp>
			</report>
			<report>
				<misses>263500000</misses>
				<total>0</total>
				<timestamp>2426.524477</timestamp>
			</report>
			<report>
				<misses>263600000</misses>
				<total>0</total>
				<timestamp>2427.446837</timestamp>
			</report>
			<report>
				<misses>263700000</misses>
				<total>0</total>
				<timestamp>2428.350075</timestamp>
			</report>
			<report>
				<misses>263800000</misses>
				<total>0</total>
				<timestamp>2429.265838</timestamp>
			</report>
			<report>
				<misses>263900000</misses>
				<total>0</total>
				<timestamp>2430.168513</timestamp>
			</report>
			<report>
				<misses>264000000</misses>
				<total>0</total>
				<timestamp>2431.074474</timestamp>
			</report>
			<report>
				<misses>264100000</misses>
				<total>0</total>
				<timestamp>2431.985962</timestamp>
			</report>
			<report>
				<misses>264200000</misses>
				<total>0</total>
				<timestamp>2432.900779</timestamp>
			</report>
			<report>
				<misses>264300000</misses>
				<total>0</total>
				<timestamp>2433.805602</timestamp>
			</report>
			<report>
				<misses>264400000</misses>
				<total>0</total>
				<timestamp>2434.736243</timestamp>
			</report>
			<report>
				<misses>264500000</misses>
				<total>0</total>
				<timestamp>2435.638664</timestamp>
			</report>
			<report>
				<misses>264600000</misses>
				<total>0</total>
				<timestamp>2436.586010</timestamp>
			</report>
			<report>
				<misses>264700000</misses>
				<total>0</total>
				<timestamp>2437.511127</timestamp>
			</report>
			<report>
				<misses>264800000</misses>
				<total>0</total>
				<timestamp>2438.429847</timestamp>
			</report>
			<report>
				<misses>264900000</misses>
				<total>0</total>
				<timestamp>2439.365426</timestamp>
			</report>
			<report>
				<misses>265000000</misses>
				<total>0</total>
				<timestamp>2440.292817</timestamp>
			</report>
			<report>
				<misses>265100000</misses>
				<total>0</total>
				<timestamp>2441.214599</timestamp>
			</report>
			<report>
				<misses>265200000</misses>
				<total>0</total>
				<timestamp>2442.176631</timestamp>
			</report>
			<report>
				<misses>265300000</misses>
				<total>0</total>
				<timestamp>2443.129343</timestamp>
			</report>
			<report>
				<misses>265400000</misses>
				<total>0</total>
				<timestamp>2444.078728</timestamp>
			</report>
			<report>
				<misses>265500000</misses>
				<total>0</total>
				<timestamp>2445.024209</timestamp>
			</report>
			<report>
				<misses>265600000</misses>
				<total>0</total>
				<timestamp>2445.962724</timestamp>
			</report>
			<report>
				<misses>265700000</misses>
				<total>0</total>
				<timestamp>2446.887906</timestamp>
			</report>
			<report>
				<misses>265800000</misses>
				<total>0</total>
				<timestamp>2447.827312</timestamp>
			</report>
			<report>
				<misses>265900000</misses>
				<total>0</total>
				<timestamp>2448.754355</timestamp>
			</report>
			<report>
				<misses>266000000</misses>
				<total>0</total>
				<timestamp>2449.658933</timestamp>
			</report>
			<report>
				<misses>266100000</misses>
				<total>0</total>
				<timestamp>2450.554448</timestamp>
			</report>
			<report>
				<misses>266200000</misses>
				<total>0</total>
				<timestamp>2451.448211</timestamp>
			</report>
			<report>
				<misses>266300000</misses>
				<total>0</total>
				<timestamp>2452.350879</timestamp>
			</report>
			<report>
				<misses>266400000</misses>
				<total>0</total>
				<timestamp>2453.234176</timestamp>
			</report>
			<report>
				<misses>266500000</misses>
				<total>0</total>
				<timestamp>2454.181910</timestamp>
			</report>
			<report>
				<misses>266600000</misses>
				<total>0</total>
				<timestamp>2455.097548</timestamp>
			</report>
			<report>
				<misses>266700000</misses>
				<total>0</total>
				<timestamp>2456.042537</timestamp>
			</report>
			<report>
				<misses>266800000</misses>
				<total>0</total>
				<timestamp>2456.990926</timestamp>
			</report>
			<report>
				<misses>266900000</misses>
				<total>0</total>
				<timestamp>2457.948335</timestamp>
			</report>
			<report>
				<misses>267000000</misses>
				<total>0</total>
				<timestamp>2458.868386</timestamp>
			</report>
			<report>
				<misses>267100000</misses>
				<total>0</total>
				<timestamp>2459.790964</timestamp>
			</report>
			<report>
				<misses>267200000</misses>
				<total>0</total>
				<timestamp>2460.755989</timestamp>
			</report>
			<report>
				<misses>267300000</misses>
				<total>0</total>
				<timestamp>2461.688841</timestamp>
			</report>
			<report>
				<misses>267400000</misses>
				<total>0</total>
				<timestamp>2462.640839</timestamp>
			</report>
			<report>
				<misses>267500000</misses>
				<total>0</total>
				<timestamp>2463.558618</timestamp>
			</report>
			<report>
				<misses>267600000</misses>
				<total>0</total>
				<timestamp>2464.469472</timestamp>
			</report>
			<report>
				<misses>267700000</misses>
				<total>0</total>
				<timestamp>2465.415813</timestamp>
			</report>
			<report>
				<misses>267800000</misses>
				<total>0</total>
				<timestamp>2466.322235</timestamp>
			</report>
			<report>
				<misses>267900000</misses>
				<total>0</total>
				<timestamp>2467.280551</timestamp>
			</report>
			<report>
				<misses>268000000</misses>
				<total>0</total>
				<timestamp>2468.207452</timestamp>
			</report>
			<report>
				<misses>268100000</misses>
				<total>0</total>
				<timestamp>2469.129803</timestamp>
			</report>
			<report>
				<misses>268200000</misses>
				<total>0</total>
				<timestamp>2470.066341</timestamp>
			</report>
			<report>
				<misses>268300000</misses>
				<total>0</total>
				<timestamp>2470.979478</timestamp>
			</report>
			<report>
				<misses>268400000</misses>
				<total>0</total>
				<timestamp>2471.921493</timestamp>
			</report>
			<report>
				<misses>268500000</misses>
				<total>0</total>
				<timestamp>2472.863077</timestamp>
			</report>
			<report>
				<misses>268600000</misses>
				<total>0</total>
				<timestamp>2473.819244</timestamp>
			</report>
			<report>
				<misses>268700000</misses>
				<total>0</total>
				<timestamp>2474.718830</timestamp>
			</report>
			<report>
				<misses>268800000</misses>
				<total>0</total>
				<timestamp>2475.657399</timestamp>
			</report>
			<report>
				<misses>268900000</misses>
				<total>0</total>
				<timestamp>2476.583179</timestamp>
			</report>
			<report>
				<misses>269000000</misses>
				<total>0</total>
				<timestamp>2477.539443</timestamp>
			</report>
			<report>
				<misses>269100000</misses>
				<total>0</total>
				<timestamp>2478.423072</timestamp>
			</report>
			<report>
				<misses>269200000</misses>
				<total>0</total>
				<timestamp>2479.323136</timestamp>
			</report>
			<report>
				<misses>269300000</misses>
				<total>0</total>
				<timestamp>2480.227933</timestamp>
			</report>
			<report>
				<misses>269400000</misses>
				<total>0</total>
				<timestamp>2481.124335</timestamp>
			</report>
			<report>
				<misses>269500000</misses>
				<total>0</total>
				<timestamp>2482.050164</timestamp>
			</report>
			<report>
				<misses>269600000</misses>
				<total>0</total>
				<timestamp>2482.962609</timestamp>
			</report>
			<report>
				<misses>269700000</misses>
				<total>0</total>
				<timestamp>2483.906933</timestamp>
			</report>
			<report>
				<misses>269800000</misses>
				<total>0</total>
				<timestamp>2484.835818</timestamp>
			</report>
			<report>
				<misses>269900000</misses>
				<total>0</total>
				<timestamp>2485.736662</timestamp>
			</report>
			<report>
				<misses>270000000</misses>
				<total>0</total>
				<timestamp>2486.663802</timestamp>
			</report>
			<report>
				<misses>270100000</misses>
				<total>0</total>
				<timestamp>2487.590224</timestamp>
			</report>
			<report>
				<misses>270200000</misses>
				<total>0</total>
				<timestamp>2488.531515</timestamp>
			</report>
			<report>
				<misses>270300000</misses>
				<total>0</total>
				<timestamp>2489.451500</timestamp>
			</report>
			<report>
				<misses>270400000</misses>
				<total>0</total>
				<timestamp>2490.386377</timestamp>
			</report>
			<report>
				<misses>270500000</misses>
				<total>0</total>
				<timestamp>2491.315626</timestamp>
			</report>
			<report>
				<misses>270600000</misses>
				<total>0</total>
				<timestamp>2492.245265</timestamp>
			</report>
			<report>
				<misses>270700000</misses>
				<total>0</total>
				<timestamp>2493.190305</timestamp>
			</report>
			<report>
				<misses>270800000</misses>
				<total>0</total>
				<timestamp>2494.108217</timestamp>
			</report>
			<report>
				<misses>270900000</misses>
				<total>0</total>
				<timestamp>2495.074206</timestamp>
			</report>
			<report>
				<misses>271000000</misses>
				<total>0</total>
				<timestamp>2496.014464</timestamp>
			</report>
			<report>
				<misses>271100000</misses>
				<total>0</total>
				<timestamp>2496.966624</timestamp>
			</report>
			<report>
				<misses>271200000</misses>
				<total>0</total>
				<timestamp>2497.893180</timestamp>
			</report>
			<report>
				<misses>271300000</misses>
				<total>0</total>
				<timestamp>2498.814153</timestamp>
			</report>
			<report>
				<misses>271400000</misses>
				<total>0</total>
				<timestamp>2499.736041</timestamp>
			</report>
			<report>
				<misses>271500000</misses>
				<total>0</total>
				<timestamp>2500.667607</timestamp>
			</report>
			<report>
				<misses>271600000</misses>
				<total>0</total>
				<timestamp>2501.609104</timestamp>
			</report>
			<report>
				<misses>271700000</misses>
				<total>0</total>
				<timestamp>2502.536246</timestamp>
			</report>
			<report>
				<misses>271800000</misses>
				<total>0</total>
				<timestamp>2503.479628</timestamp>
			</report>
			<report>
				<misses>271900000</misses>
				<total>0</total>
				<timestamp>2504.397759</timestamp>
			</report>
			<report>
				<misses>272000000</misses>
				<total>0</total>
				<timestamp>2505.314064</timestamp>
			</report>
			<report>
				<misses>272100000</misses>
				<total>0</total>
				<timestamp>2506.210918</timestamp>
			</report>
			<report>
				<misses>272200000</misses>
				<total>0</total>
				<timestamp>2507.121302</timestamp>
			</report>
			<report>
				<misses>272300000</misses>
				<total>0</total>
				<timestamp>2508.026399</timestamp>
			</report>
			<report>
				<misses>272400000</misses>
				<total>0</total>
				<timestamp>2508.916547</timestamp>
			</report>
			<report>
				<misses>272500000</misses>
				<total>0</total>
				<timestamp>2509.821464</timestamp>
			</report>
			<report>
				<misses>272600000</misses>
				<total>0</total>
				<timestamp>2510.718011</timestamp>
			</report>
			<report>
				<misses>272700000</misses>
				<total>0</total>
				<timestamp>2511.653537</timestamp>
			</report>
			<report>
				<misses>272800000</misses>
				<total>0</total>
				<timestamp>2512.580897</timestamp>
			</report>
			<report>
				<misses>272900000</misses>
				<total>0</total>
				<timestamp>2513.507526</timestamp>
			</report>
			<report>
				<misses>273000000</misses>
				<total>0</total>
				<timestamp>2514.436159</timestamp>
			</report>
			<report>
				<misses>273100000</misses>
				<total>0</total>
				<timestamp>2515.337108</timestamp>
			</report>
			<report>
				<misses>273200000</misses>
				<total>0</total>
				<timestamp>2516.254805</timestamp>
			</report>
			<report>
				<misses>273300000</misses>
				<total>0</total>
				<timestamp>2517.166614</timestamp>
			</report>
			<report>
				<misses>273400000</misses>
				<total>0</total>
				<timestamp>2518.136530</timestamp>
			</report>
			<report>
				<misses>273500000</misses>
				<total>0</total>
				<timestamp>2519.065821</timestamp>
			</report>
			<report>
				<misses>273600000</misses>
				<total>0</total>
				<timestamp>2520.005468</timestamp>
			</report>
			<report>
				<misses>273700000</misses>
				<total>0</total>
				<timestamp>2520.901185</timestamp>
			</report>
			<report>
				<misses>273800000</misses>
				<total>0</total>
				<timestamp>2521.830048</timestamp>
			</report>
			<report>
				<misses>273900000</misses>
				<total>0</total>
				<timestamp>2522.761728</timestamp>
			</report>
			<report>
				<misses>274000000</misses>
				<total>0</total>
				<timestamp>2523.673262</timestamp>
			</report>
			<report>
				<misses>274100000</misses>
				<total>0</total>
				<timestamp>2524.592192</timestamp>
			</report>
			<report>
				<misses>274200000</misses>
				<total>0</total>
				<timestamp>2525.485183</timestamp>
			</report>
			<report>
				<misses>274300000</misses>
				<total>0</total>
				<timestamp>2526.393920</timestamp>
			</report>
			<report>
				<misses>274400000</misses>
				<total>0</total>
				<timestamp>2527.283163</timestamp>
			</report>
			<report>
				<misses>274500000</misses>
				<total>0</total>
				<timestamp>2528.175592</timestamp>
			</report>
			<report>
				<misses>274600000</misses>
				<total>0</total>
				<timestamp>2529.085870</timestamp>
			</report>
			<report>
				<misses>274700000</misses>
				<total>0</total>
				<timestamp>2529.979139</timestamp>
			</report>
			<report>
				<misses>274800000</misses>
				<total>0</total>
				<timestamp>2530.919015</timestamp>
			</report>
			<report>
				<misses>274900000</misses>
				<total>0</total>
				<timestamp>2531.849554</timestamp>
			</report>
			<report>
				<misses>275000000</misses>
				<total>0</total>
				<timestamp>2532.805126</timestamp>
			</report>
			<report>
				<misses>275100000</misses>
				<total>0</total>
				<timestamp>2533.764567</timestamp>
			</report>
			<report>
				<misses>275200000</misses>
				<total>0</total>
				<timestamp>2534.695095</timestamp>
			</report>
			<report>
				<misses>275300000</misses>
				<total>0</total>
				<timestamp>2535.656916</timestamp>
			</report>
			<report>
				<misses>275400000</misses>
				<total>0</total>
				<timestamp>2536.582685</timestamp>
			</report>
			<report>
				<misses>275500000</misses>
				<total>0</total>
				<timestamp>2537.522557</timestamp>
			</report>
			<report>
				<misses>275600000</misses>
				<total>0</total>
				<timestamp>2538.455372</timestamp>
			</report>
			<report>
				<misses>275700000</misses>
				<total>0</total>
				<timestamp>2539.401752</timestamp>
			</report>
			<report>
				<misses>275800000</misses>
				<total>0</total>
				<timestamp>2540.324314</timestamp>
			</report>
			<report>
				<misses>275900000</misses>
				<total>0</total>
				<timestamp>2541.261328</timestamp>
			</report>
			<report>
				<misses>276000000</misses>
				<total>0</total>
				<timestamp>2542.206428</timestamp>
			</report>
			<report>
				<misses>276100000</misses>
				<total>0</total>
				<timestamp>2543.129465</timestamp>
			</report>
			<report>
				<misses>276200000</misses>
				<total>0</total>
				<timestamp>2544.060468</timestamp>
			</report>
			<report>
				<misses>276300000</misses>
				<total>0</total>
				<timestamp>2544.983132</timestamp>
			</report>
			<report>
				<misses>276400000</misses>
				<total>0</total>
				<timestamp>2545.929346</timestamp>
			</report>
			<report>
				<misses>276500000</misses>
				<total>0</total>
				<timestamp>2546.847196</timestamp>
			</report>
			<report>
				<misses>276600000</misses>
				<total>0</total>
				<timestamp>2547.745995</timestamp>
			</report>
			<report>
				<misses>276700000</misses>
				<total>0</total>
				<timestamp>2548.647050</timestamp>
			</report>
			<report>
				<misses>276800000</misses>
				<total>0</total>
				<timestamp>2549.540613</timestamp>
			</report>
			<report>
				<misses>276900000</misses>
				<total>0</total>
				<timestamp>2550.431313</timestamp>
			</report>
			<report>
				<misses>277000000</misses>
				<total>0</total>
				<timestamp>2551.311878</timestamp>
			</report>
			<report>
				<misses>277100000</misses>
				<total>0</total>
				<timestamp>2552.212365</timestamp>
			</report>
			<report>
				<misses>277200000</misses>
				<total>0</total>
				<timestamp>2553.120598</timestamp>
			</report>
			<report>
				<misses>277300000</misses>
				<total>0</total>
				<timestamp>2554.043752</timestamp>
			</report>
			<report>
				<misses>277400000</misses>
				<total>0</total>
				<timestamp>2554.955814</timestamp>
			</report>
			<report>
				<misses>277500000</misses>
				<total>0</total>
				<timestamp>2555.857556</timestamp>
			</report>
			<report>
				<misses>277600000</misses>
				<total>0</total>
				<timestamp>2556.782165</timestamp>
			</report>
			<report>
				<misses>277700000</misses>
				<total>0</total>
				<timestamp>2557.698839</timestamp>
			</report>
			<report>
				<misses>277800000</misses>
				<total>0</total>
				<timestamp>2558.636173</timestamp>
			</report>
			<report>
				<misses>277900000</misses>
				<total>0</total>
				<timestamp>2559.547920</timestamp>
			</report>
			<report>
				<misses>278000000</misses>
				<total>0</total>
				<timestamp>2560.455859</timestamp>
			</report>
			<report>
				<misses>278100000</misses>
				<total>0</total>
				<timestamp>2561.383316</timestamp>
			</report>
			<report>
				<misses>278200000</misses>
				<total>0</total>
				<timestamp>2562.291420</timestamp>
			</report>
			<report>
				<misses>278300000</misses>
				<total>0</total>
				<timestamp>2563.242169</timestamp>
			</report>
			<report>
				<misses>278400000</misses>
				<total>0</total>
				<timestamp>2564.144656</timestamp>
			</report>
			<report>
				<misses>278500000</misses>
				<total>0</total>
				<timestamp>2565.048204</timestamp>
			</report>
			<report>
				<misses>278600000</misses>
				<total>0</total>
				<timestamp>2565.945745</timestamp>
			</report>
			<report>
				<misses>278700000</misses>
				<total>0</total>
				<timestamp>2566.846702</timestamp>
			</report>
			<report>
				<misses>278800000</misses>
				<total>0</total>
				<timestamp>2567.746666</timestamp>
			</report>
			<report>
				<misses>278900000</misses>
				<total>0</total>
				<timestamp>2568.634308</timestamp>
			</report>
			<report>
				<misses>279000000</misses>
				<total>0</total>
				<timestamp>2569.546491</timestamp>
			</report>
			<report>
				<misses>279100000</misses>
				<total>0</total>
				<timestamp>2570.446045</timestamp>
			</report>
			<report>
				<misses>279200000</misses>
				<total>0</total>
				<timestamp>2571.372497</timestamp>
			</report>
			<report>
				<misses>279300000</misses>
				<total>0</total>
				<timestamp>2572.299683</timestamp>
			</report>
			<report>
				<misses>279400000</misses>
				<total>0</total>
				<timestamp>2573.238518</timestamp>
			</report>
			<report>
				<misses>279500000</misses>
				<total>0</total>
				<timestamp>2574.152905</timestamp>
			</report>
			<report>
				<misses>279600000</misses>
				<total>0</total>
				<timestamp>2575.117920</timestamp>
			</report>
			<report>
				<misses>279700000</misses>
				<total>0</total>
				<timestamp>2576.078281</timestamp>
			</report>
			<report>
				<misses>279800000</misses>
				<total>0</total>
				<timestamp>2577.006416</timestamp>
			</report>
			<report>
				<misses>279900000</misses>
				<total>0</total>
				<timestamp>2577.958237</timestamp>
			</report>
			<report>
				<misses>280000000</misses>
				<total>0</total>
				<timestamp>2578.885828</timestamp>
			</report>
			<report>
				<misses>280100000</misses>
				<total>0</total>
				<timestamp>2579.850570</timestamp>
			</report>
			<report>
				<misses>280200000</misses>
				<total>0</total>
				<timestamp>2580.812510</timestamp>
			</report>
			<report>
				<misses>280300000</misses>
				<total>0</total>
				<timestamp>2581.759893</timestamp>
			</report>
			<report>
				<misses>280400000</misses>
				<total>0</total>
				<timestamp>2582.687861</timestamp>
			</report>
			<report>
				<misses>280500000</misses>
				<total>0</total>
				<timestamp>2583.624252</timestamp>
			</report>
			<report>
				<misses>280600000</misses>
				<total>0</total>
				<timestamp>2584.543465</timestamp>
			</report>
			<report>
				<misses>280700000</misses>
				<total>0</total>
				<timestamp>2585.465684</timestamp>
			</report>
			<report>
				<misses>280800000</misses>
				<total>0</total>
				<timestamp>2586.381313</timestamp>
			</report>
			<report>
				<misses>280900000</misses>
				<total>0</total>
				<timestamp>2587.278036</timestamp>
			</report>
			<report>
				<misses>281000000</misses>
				<total>0</total>
				<timestamp>2588.167839</timestamp>
			</report>
			<report>
				<misses>281100000</misses>
				<total>0</total>
				<timestamp>2589.066270</timestamp>
			</report>
			<report>
				<misses>281200000</misses>
				<total>0</total>
				<timestamp>2589.950370</timestamp>
			</report>
			<report>
				<misses>281300000</misses>
				<total>0</total>
				<timestamp>2590.853362</timestamp>
			</report>
			<report>
				<misses>281400000</misses>
				<total>0</total>
				<timestamp>2591.744579</timestamp>
			</report>
			<report>
				<misses>281500000</misses>
				<total>0</total>
				<timestamp>2592.656700</timestamp>
			</report>
			<report>
				<misses>281600000</misses>
				<total>0</total>
				<timestamp>2593.577974</timestamp>
			</report>
			<report>
				<misses>281700000</misses>
				<total>0</total>
				<timestamp>2594.502361</timestamp>
			</report>
			<report>
				<misses>281800000</misses>
				<total>0</total>
				<timestamp>2595.415647</timestamp>
			</report>
			<report>
				<misses>281900000</misses>
				<total>0</total>
				<timestamp>2596.322590</timestamp>
			</report>
			<report>
				<misses>282000000</misses>
				<total>0</total>
				<timestamp>2597.230641</timestamp>
			</report>
			<report>
				<misses>282100000</misses>
				<total>0</total>
				<timestamp>2598.152283</timestamp>
			</report>
			<report>
				<misses>282200000</misses>
				<total>0</total>
				<timestamp>2599.078749</timestamp>
			</report>
			<report>
				<misses>282300000</misses>
				<total>0</total>
				<timestamp>2599.991881</timestamp>
			</report>
			<report>
				<misses>282400000</misses>
				<total>0</total>
				<timestamp>2600.919488</timestamp>
			</report>
			<report>
				<misses>282500000</misses>
				<total>0</total>
				<timestamp>2601.836031</timestamp>
			</report>
			<report>
				<misses>282600000</misses>
				<total>0</total>
				<timestamp>2602.749739</timestamp>
			</report>
			<report>
				<misses>282700000</misses>
				<total>0</total>
				<timestamp>2603.674694</timestamp>
			</report>
			<report>
				<misses>282800000</misses>
				<total>0</total>
				<timestamp>2604.572693</timestamp>
			</report>
			<report>
				<misses>282900000</misses>
				<total>0</total>
				<timestamp>2605.472620</timestamp>
			</report>
			<report>
				<misses>283000000</misses>
				<total>0</total>
				<timestamp>2606.364860</timestamp>
			</report>
			<report>
				<misses>283100000</misses>
				<total>0</total>
				<timestamp>2607.261278</timestamp>
			</report>
			<report>
				<misses>283200000</misses>
				<total>0</total>
				<timestamp>2608.158094</timestamp>
			</report>
			<report>
				<misses>283300000</misses>
				<total>0</total>
				<timestamp>2609.052316</timestamp>
			</report>
			<report>
				<misses>283400000</misses>
				<total>0</total>
				<timestamp>2609.979588</timestamp>
			</report>
			<report>
				<misses>283500000</misses>
				<total>0</total>
				<timestamp>2610.898143</timestamp>
			</report>
			<report>
				<misses>283600000</misses>
				<total>0</total>
				<timestamp>2611.813874</timestamp>
			</report>
			<report>
				<misses>283700000</misses>
				<total>0</total>
				<timestamp>2612.740876</timestamp>
			</report>
			<report>
				<misses>283800000</misses>
				<total>0</total>
				<timestamp>2613.651467</timestamp>
			</report>
			<report>
				<misses>283900000</misses>
				<total>0</total>
				<timestamp>2614.580743</timestamp>
			</report>
			<report>
				<misses>284000000</misses>
				<total>0</total>
				<timestamp>2615.488647</timestamp>
			</report>
			<report>
				<misses>284100000</misses>
				<total>0</total>
				<timestamp>2616.435677</timestamp>
			</report>
			<report>
				<misses>284200000</misses>
				<total>0</total>
				<timestamp>2617.361417</timestamp>
			</report>
			<report>
				<misses>284300000</misses>
				<total>0</total>
				<timestamp>2618.279118</timestamp>
			</report>
			<report>
				<misses>284400000</misses>
				<total>0</total>
				<timestamp>2619.199624</timestamp>
			</report>
			<report>
				<misses>284500000</misses>
				<total>0</total>
				<timestamp>2620.106030</timestamp>
			</report>
			<report>
				<misses>284600000</misses>
				<total>0</total>
				<timestamp>2621.014485</timestamp>
			</report>
			<report>
				<misses>284700000</misses>
				<total>0</total>
				<timestamp>2621.944389</timestamp>
			</report>
			<report>
				<misses>284800000</misses>
				<total>0</total>
				<timestamp>2622.846868</timestamp>
			</report>
			<report>
				<misses>284900000</misses>
				<total>0</total>
				<timestamp>2623.743173</timestamp>
			</report>
			<report>
				<misses>285000000</misses>
				<total>0</total>
				<timestamp>2624.636866</timestamp>
			</report>
			<report>
				<misses>285100000</misses>
				<total>0</total>
				<timestamp>2625.519990</timestamp>
			</report>
			<report>
				<misses>285200000</misses>
				<total>0</total>
				<timestamp>2626.412636</timestamp>
			</report>
			<report>
				<misses>285300000</misses>
				<total>0</total>
				<timestamp>2627.308942</timestamp>
			</report>
			<report>
				<misses>285400000</misses>
				<total>0</total>
				<timestamp>2628.222055</timestamp>
			</report>
			<report>
				<misses>285500000</misses>
				<total>0</total>
				<timestamp>2629.128080</timestamp>
			</report>
			<report>
				<misses>285600000</misses>
				<total>0</total>
				<timestamp>2630.041872</timestamp>
			</report>
			<report>
				<misses>285700000</misses>
				<total>0</total>
				<timestamp>2630.978574</timestamp>
			</report>
			<report>
				<misses>285800000</misses>
				<total>0</total>
				<timestamp>2631.888720</timestamp>
			</report>
			<report>
				<misses>285900000</misses>
				<total>0</total>
				<timestamp>2632.803338</timestamp>
			</report>
			<report>
				<misses>286000000</misses>
				<total>0</total>
				<timestamp>2633.732732</timestamp>
			</report>
			<report>
				<misses>286100000</misses>
				<total>0</total>
				<timestamp>2634.652222</timestamp>
			</report>
			<report>
				<misses>286200000</misses>
				<total>0</total>
				<timestamp>2635.557309</timestamp>
			</report>
			<report>
				<misses>286300000</misses>
				<total>0</total>
				<timestamp>2636.486255</timestamp>
			</report>
			<report>
				<misses>286400000</misses>
				<total>0</total>
				<timestamp>2637.433276</timestamp>
			</report>
			<report>
				<misses>286500000</misses>
				<total>0</total>
				<timestamp>2638.363728</timestamp>
			</report>
			<report>
				<misses>286600000</misses>
				<total>0</total>
				<timestamp>2639.263533</timestamp>
			</report>
			<report>
				<misses>286700000</misses>
				<total>0</total>
				<timestamp>2640.195260</timestamp>
			</report>
			<report>
				<misses>286800000</misses>
				<total>0</total>
				<timestamp>2641.110322</timestamp>
			</report>
			<report>
				<misses>286900000</misses>
				<total>0</total>
				<timestamp>2642.026546</timestamp>
			</report>
			<report>
				<misses>287000000</misses>
				<total>0</total>
				<timestamp>2642.932466</timestamp>
			</report>
			<report>
				<misses>287100000</misses>
				<total>0</total>
				<timestamp>2643.848263</timestamp>
			</report>
			<report>
				<misses>287200000</misses>
				<total>0</total>
				<timestamp>2644.746447</timestamp>
			</report>
			<report>
				<misses>287300000</misses>
				<total>0</total>
				<timestamp>2645.641459</timestamp>
			</report>
			<report>
				<misses>287400000</misses>
				<total>0</total>
				<timestamp>2646.533754</timestamp>
			</report>
			<report>
				<misses>287500000</misses>
				<total>0</total>
				<timestamp>2647.437548</timestamp>
			</report>
			<report>
				<misses>287600000</misses>
				<total>0</total>
				<timestamp>2648.380377</timestamp>
			</report>
			<report>
				<misses>287700000</misses>
				<total>0</total>
				<timestamp>2649.293174</timestamp>
			</report>
			<report>
				<misses>287800000</misses>
				<total>0</total>
				<timestamp>2650.194381</timestamp>
			</report>
			<report>
				<misses>287900000</misses>
				<total>0</total>
				<timestamp>2651.107643</timestamp>
			</report>
			<report>
				<misses>288000000</misses>
				<total>0</total>
				<timestamp>2652.023867</timestamp>
			</report>
			<report>
				<misses>288100000</misses>
				<total>0</total>
				<timestamp>2652.938472</timestamp>
			</report>
			<report>
				<misses>288200000</misses>
				<total>0</total>
				<timestamp>2653.886570</timestamp>
			</report>
			<report>
				<misses>288300000</misses>
				<total>0</total>
				<timestamp>2654.830688</timestamp>
			</report>
			<report>
				<misses>288400000</misses>
				<total>0</total>
				<timestamp>2655.744514</timestamp>
			</report>
			<report>
				<misses>288500000</misses>
				<total>0</total>
				<timestamp>2656.671814</timestamp>
			</report>
			<report>
				<misses>288600000</misses>
				<total>0</total>
				<timestamp>2657.608950</timestamp>
			</report>
			<report>
				<misses>288700000</misses>
				<total>0</total>
				<timestamp>2658.555675</timestamp>
			</report>
			<report>
				<misses>288800000</misses>
				<total>0</total>
				<timestamp>2659.473937</timestamp>
			</report>
			<report>
				<misses>288900000</misses>
				<total>0</total>
				<timestamp>2660.397967</timestamp>
			</report>
			<report>
				<misses>289000000</misses>
				<total>0</total>
				<timestamp>2661.317021</timestamp>
			</report>
			<report>
				<misses>289100000</misses>
				<total>0</total>
				<timestamp>2662.240157</timestamp>
			</report>
			<report>
				<misses>289200000</misses>
				<total>0</total>
				<timestamp>2663.184016</timestamp>
			</report>
			<report>
				<misses>289300000</misses>
				<total>0</total>
				<timestamp>2664.133790</timestamp>
			</report>
			<report>
				<misses>289400000</misses>
				<total>0</total>
				<timestamp>2665.081157</timestamp>
			</report>
			<report>
				<misses>289500000</misses>
				<total>0</total>
				<timestamp>2666.019652</timestamp>
			</report>
			<report>
				<misses>289600000</misses>
				<total>0</total>
				<timestamp>2666.973644</timestamp>
			</report>
			<report>
				<misses>289700000</misses>
				<total>0</total>
				<timestamp>2667.901676</timestamp>
			</report>
			<report>
				<misses>289800000</misses>
				<total>0</total>
				<timestamp>2668.825101</timestamp>
			</report>
			<report>
				<misses>289900000</misses>
				<total>0</total>
				<timestamp>2669.764978</timestamp>
			</report>
			<report>
				<misses>290000000</misses>
				<total>0</total>
				<timestamp>2670.692444</timestamp>
			</report>
			<report>
				<misses>290100000</misses>
				<total>0</total>
				<timestamp>2671.605000</timestamp>
			</report>
			<report>
				<misses>290200000</misses>
				<total>0</total>
				<timestamp>2672.506065</timestamp>
			</report>
			<report>
				<misses>290300000</misses>
				<total>0</total>
				<timestamp>2673.413290</timestamp>
			</report>
			<report>
				<misses>290400000</misses>
				<total>0</total>
				<timestamp>2674.301808</timestamp>
			</report>
			<report>
				<misses>290500000</misses>
				<total>0</total>
				<timestamp>2675.207767</timestamp>
			</report>
			<report>
				<misses>290600000</misses>
				<total>0</total>
				<timestamp>2676.104743</timestamp>
			</report>
			<report>
				<misses>290700000</misses>
				<total>0</total>
				<timestamp>2676.999310</timestamp>
			</report>
			<report>
				<misses>290800000</misses>
				<total>0</total>
				<timestamp>2677.896485</timestamp>
			</report>
			<report>
				<misses>290900000</misses>
				<total>0</total>
				<timestamp>2678.793341</timestamp>
			</report>
			<report>
				<misses>291000000</misses>
				<total>0</total>
				<timestamp>2679.749340</timestamp>
			</report>
			<report>
				<misses>291100000</misses>
				<total>0</total>
				<timestamp>2680.681477</timestamp>
			</report>
			<report>
				<misses>291200000</misses>
				<total>0</total>
				<timestamp>2681.614849</timestamp>
			</report>
			<report>
				<misses>291300000</misses>
				<total>0</total>
				<timestamp>2682.534123</timestamp>
			</report>
			<report>
				<misses>291400000</misses>
				<total>0</total>
				<timestamp>2683.471494</timestamp>
			</report>
			<report>
				<misses>291500000</misses>
				<total>0</total>
				<timestamp>2684.416140</timestamp>
			</report>
			<report>
				<misses>291600000</misses>
				<total>0</total>
				<timestamp>2685.339975</timestamp>
			</report>
			<report>
				<misses>291700000</misses>
				<total>0</total>
				<timestamp>2686.279453</timestamp>
			</report>
			<report>
				<misses>291800000</misses>
				<total>0</total>
				<timestamp>2687.215060</timestamp>
			</report>
			<report>
				<misses>291900000</misses>
				<total>0</total>
				<timestamp>2688.143023</timestamp>
			</report>
			<report>
				<misses>292000000</misses>
				<total>0</total>
				<timestamp>2689.076192</timestamp>
			</report>
			<report>
				<misses>292100000</misses>
				<total>0</total>
				<timestamp>2690.010500</timestamp>
			</report>
			<report>
				<misses>292200000</misses>
				<total>0</total>
				<timestamp>2690.939086</timestamp>
			</report>
			<report>
				<misses>292300000</misses>
				<total>0</total>
				<timestamp>2691.868477</timestamp>
			</report>
			<report>
				<misses>292400000</misses>
				<total>0</total>
				<timestamp>2692.795961</timestamp>
			</report>
			<report>
				<misses>292500000</misses>
				<total>0</total>
				<timestamp>2693.711973</timestamp>
			</report>
			<report>
				<misses>292600000</misses>
				<total>0</total>
				<timestamp>2694.624461</timestamp>
			</report>
			<report>
				<misses>292700000</misses>
				<total>0</total>
				<timestamp>2695.523909</timestamp>
			</report>
			<report>
				<misses>292800000</misses>
				<total>0</total>
				<timestamp>2696.429427</timestamp>
			</report>
			<report>
				<misses>292900000</misses>
				<total>0</total>
				<timestamp>2697.328528</timestamp>
			</report>
			<report>
				<misses>293000000</misses>
				<total>0</total>
				<timestamp>2698.228517</timestamp>
			</report>
			<report>
				<misses>293100000</misses>
				<total>0</total>
				<timestamp>2699.138413</timestamp>
			</report>
			<report>
				<misses>293200000</misses>
				<total>0</total>
				<timestamp>2700.041636</timestamp>
			</report>
			<report>
				<misses>293300000</misses>
				<total>0</total>
				<timestamp>2700.977079</timestamp>
			</report>
			<report>
				<misses>293400000</misses>
				<total>0</total>
				<timestamp>2701.908185</timestamp>
			</report>
			<report>
				<misses>293500000</misses>
				<total>0</total>
				<timestamp>2702.847055</timestamp>
			</report>
			<report>
				<misses>293600000</misses>
				<total>0</total>
				<timestamp>2703.792157</timestamp>
			</report>
			<report>
				<misses>293700000</misses>
				<total>0</total>
				<timestamp>2704.686656</timestamp>
			</report>
			<report>
				<misses>293800000</misses>
				<total>0</total>
				<timestamp>2705.608098</timestamp>
			</report>
			<report>
				<misses>293900000</misses>
				<total>0</total>
				<timestamp>2706.504725</timestamp>
			</report>
			<report>
				<misses>294000000</misses>
				<total>0</total>
				<timestamp>2707.446744</timestamp>
			</report>
			<report>
				<misses>294100000</misses>
				<total>0</total>
				<timestamp>2708.405506</timestamp>
			</report>
			<report>
				<misses>294200000</misses>
				<total>0</total>
				<timestamp>2709.363856</timestamp>
			</report>
			<report>
				<misses>294300000</misses>
				<total>0</total>
				<timestamp>2710.265276</timestamp>
			</report>
			<report>
				<misses>294400000</misses>
				<total>0</total>
				<timestamp>2711.180752</timestamp>
			</report>
			<report>
				<misses>294500000</misses>
				<total>0</total>
				<timestamp>2712.104018</timestamp>
			</report>
			<report>
				<misses>294600000</misses>
				<total>0</total>
				<timestamp>2713.037442</timestamp>
			</report>
			<report>
				<misses>294700000</misses>
				<total>0</total>
				<timestamp>2713.943609</timestamp>
			</report>
			<report>
				<misses>294800000</misses>
				<total>0</total>
				<timestamp>2714.896688</timestamp>
			</report>
			<report>
				<misses>294900000</misses>
				<total>0</total>
				<timestamp>2715.832107</timestamp>
			</report>
			<report>
				<misses>295000000</misses>
				<total>0</total>
				<timestamp>2716.735903</timestamp>
			</report>
			<report>
				<misses>295100000</misses>
				<total>0</total>
				<timestamp>2717.636384</timestamp>
			</report>
			<report>
				<misses>295200000</misses>
				<total>0</total>
				<timestamp>2718.531877</timestamp>
			</report>
			<report>
				<misses>295300000</misses>
				<total>0</total>
				<timestamp>2719.425803</timestamp>
			</report>
			<report>
				<misses>295400000</misses>
				<total>0</total>
				<timestamp>2720.326488</timestamp>
			</report>
			<report>
				<misses>295500000</misses>
				<total>0</total>
				<timestamp>2721.229261</timestamp>
			</report>
			<report>
				<misses>295600000</misses>
				<total>0</total>
				<timestamp>2722.148255</timestamp>
			</report>
			<report>
				<misses>295700000</misses>
				<total>0</total>
				<timestamp>2723.064141</timestamp>
			</report>
			<report>
				<misses>295800000</misses>
				<total>0</total>
				<timestamp>2723.990668</timestamp>
			</report>
			<report>
				<misses>295900000</misses>
				<total>0</total>
				<timestamp>2724.917432</timestamp>
			</report>
			<report>
				<misses>296000000</misses>
				<total>0</total>
				<timestamp>2725.840002</timestamp>
			</report>
			<report>
				<misses>296100000</misses>
				<total>0</total>
				<timestamp>2726.786706</timestamp>
			</report>
			<report>
				<misses>296200000</misses>
				<total>0</total>
				<timestamp>2727.685942</timestamp>
			</report>
			<report>
				<misses>296300000</misses>
				<total>0</total>
				<timestamp>2728.617400</timestamp>
			</report>
			<report>
				<misses>296400000</misses>
				<total>0</total>
				<timestamp>2729.554748</timestamp>
			</report>
			<report>
				<misses>296500000</misses>
				<total>0</total>
				<timestamp>2730.493826</timestamp>
			</report>
			<report>
				<misses>296600000</misses>
				<total>0</total>
				<timestamp>2731.440275</timestamp>
			</report>
			<report>
				<misses>296700000</misses>
				<total>0</total>
				<timestamp>2732.404375</timestamp>
			</report>
			<report>
				<misses>296800000</misses>
				<total>0</total>
				<timestamp>2733.356492</timestamp>
			</report>
			<report>
				<misses>296900000</misses>
				<total>0</total>
				<timestamp>2734.320161</timestamp>
			</report>
			<report>
				<misses>297000000</misses>
				<total>0</total>
				<timestamp>2735.265943</timestamp>
			</report>
			<report>
				<misses>297100000</misses>
				<total>0</total>
				<timestamp>2736.198150</timestamp>
			</report>
			<report>
				<misses>297200000</misses>
				<total>0</total>
				<timestamp>2737.165797</timestamp>
			</report>
			<report>
				<misses>297300000</misses>
				<total>0</total>
				<timestamp>2738.095890</timestamp>
			</report>
			<report>
				<misses>297400000</misses>
				<total>0</total>
				<timestamp>2739.039970</timestamp>
			</report>
			<report>
				<misses>297500000</misses>
				<total>0</total>
				<timestamp>2739.955953</timestamp>
			</report>
			<report>
				<misses>297600000</misses>
				<total>0</total>
				<timestamp>2740.864491</timestamp>
			</report>
			<report>
				<misses>297700000</misses>
				<total>0</total>
				<timestamp>2741.750659</timestamp>
			</report>
			<report>
				<misses>297800000</misses>
				<total>0</total>
				<timestamp>2742.649750</timestamp>
			</report>
			<report>
				<misses>297900000</misses>
				<total>0</total>
				<timestamp>2743.554803</timestamp>
			</report>
			<report>
				<misses>298000000</misses>
				<total>0</total>
				<timestamp>2744.452507</timestamp>
			</report>
			<report>
				<misses>298100000</misses>
				<total>0</total>
				<timestamp>2745.353545</timestamp>
			</report>
			<report>
				<misses>298200000</misses>
				<total>0</total>
				<timestamp>2746.294137</timestamp>
			</report>
			<report>
				<misses>298300000</misses>
				<total>0</total>
				<timestamp>2747.249907</timestamp>
			</report>
			<report>
				<misses>298400000</misses>
				<total>0</total>
				<timestamp>2748.186488</timestamp>
			</report>
			<report>
				<misses>298500000</misses>
				<total>0</total>
				<timestamp>2749.136579</timestamp>
			</report>
			<report>
				<misses>298600000</misses>
				<total>0</total>
				<timestamp>2750.076794</timestamp>
			</report>
			<report>
				<misses>298700000</misses>
				<total>0</total>
				<timestamp>2751.037743</timestamp>
			</report>
			<report>
				<misses>298800000</misses>
				<total>0</total>
				<timestamp>2751.991803</timestamp>
			</report>
			<report>
				<misses>298900000</misses>
				<total>0</total>
				<timestamp>2752.936415</timestamp>
			</report>
			<report>
				<misses>299000000</misses>
				<total>0</total>
				<timestamp>2753.831006</timestamp>
			</report>
			<report>
				<misses>299100000</misses>
				<total>0</total>
				<timestamp>2754.750332</timestamp>
			</report>
			<report>
				<misses>299200000</misses>
				<total>0</total>
				<timestamp>2755.687349</timestamp>
			</report>
			<report>
				<misses>299300000</misses>
				<total>0</total>
				<timestamp>2756.606156</timestamp>
			</report>
			<report>
				<misses>299400000</misses>
				<total>0</total>
				<timestamp>2757.523695</timestamp>
			</report>
			<report>
				<misses>299500000</misses>
				<total>0</total>
				<timestamp>2758.444860</timestamp>
			</report>
			<report>
				<misses>299600000</misses>
				<total>0</total>
				<timestamp>2759.364150</timestamp>
			</report>
			<report>
				<misses>299700000</misses>
				<total>0</total>
				<timestamp>2760.297993</timestamp>
			</report>
			<report>
				<misses>299800000</misses>
				<total>0</total>
				<timestamp>2761.223795</timestamp>
			</report>
			<report>
				<misses>299900000</misses>
				<total>0</total>
				<timestamp>2762.123291</timestamp>
			</report>
			<report>
				<misses>300000000</misses>
				<total>0</total>
				<timestamp>2763.008674</timestamp>
			</report>
			<report>
				<misses>300100000</misses>
				<total>0</total>
				<timestamp>2763.918930</timestamp>
			</report>
			<report>
				<misses>300200000</misses>
				<total>0</total>
				<timestamp>2764.811813</timestamp>
			</report>
			<report>
				<misses>300300000</misses>
				<total>0</total>
				<timestamp>2765.721507</timestamp>
			</report>
			<report>
				<misses>300400000</misses>
				<total>0</total>
				<timestamp>2766.605959</timestamp>
			</report>
			<report>
				<misses>300500000</misses>
				<total>0</total>
				<timestamp>2767.507712</timestamp>
			</report>
			<report>
				<misses>300600000</misses>
				<total>0</total>
				<timestamp>2768.434723</timestamp>
			</report>
			<report>
				<misses>300700000</misses>
				<total>0</total>
				<timestamp>2769.374722</timestamp>
			</report>
			<report>
				<misses>300800000</misses>
				<total>0</total>
				<timestamp>2770.285451</timestamp>
			</report>
			<report>
				<misses>300900000</misses>
				<total>0</total>
				<timestamp>2771.213498</timestamp>
			</report>
			<report>
				<misses>301000000</misses>
				<total>0</total>
				<timestamp>2772.137043</timestamp>
			</report>
			<report>
				<misses>301100000</misses>
				<total>0</total>
				<timestamp>2773.044581</timestamp>
			</report>
			<report>
				<misses>301200000</misses>
				<total>0</total>
				<timestamp>2773.944513</timestamp>
			</report>
			<report>
				<misses>301300000</misses>
				<total>0</total>
				<timestamp>2774.887014</timestamp>
			</report>
			<report>
				<misses>301400000</misses>
				<total>0</total>
				<timestamp>2775.803768</timestamp>
			</report>
			<report>
				<misses>301500000</misses>
				<total>0</total>
				<timestamp>2776.741356</timestamp>
			</report>
			<report>
				<misses>301600000</misses>
				<total>0</total>
				<timestamp>2777.692787</timestamp>
			</report>
			<report>
				<misses>301700000</misses>
				<total>0</total>
				<timestamp>2778.630011</timestamp>
			</report>
			<report>
				<misses>301800000</misses>
				<total>0</total>
				<timestamp>2779.589927</timestamp>
			</report>
			<report>
				<misses>301900000</misses>
				<total>0</total>
				<timestamp>2780.514865</timestamp>
			</report>
			<report>
				<misses>302000000</misses>
				<total>0</total>
				<timestamp>2781.429270</timestamp>
			</report>
			<report>
				<misses>302100000</misses>
				<total>0</total>
				<timestamp>2782.322823</timestamp>
			</report>
			<report>
				<misses>302200000</misses>
				<total>0</total>
				<timestamp>2783.225686</timestamp>
			</report>
			<report>
				<misses>302300000</misses>
				<total>0</total>
				<timestamp>2784.121631</timestamp>
			</report>
			<report>
				<misses>302400000</misses>
				<total>0</total>
				<timestamp>2785.009262</timestamp>
			</report>
			<report>
				<misses>302500000</misses>
				<total>0</total>
				<timestamp>2785.913506</timestamp>
			</report>
			<report>
				<misses>302600000</misses>
				<total>0</total>
				<timestamp>2786.814115</timestamp>
			</report>
			<report>
				<misses>302700000</misses>
				<total>0</total>
				<timestamp>2787.781792</timestamp>
			</report>
			<report>
				<misses>302800000</misses>
				<total>0</total>
				<timestamp>2788.695240</timestamp>
			</report>
			<report>
				<misses>302900000</misses>
				<total>0</total>
				<timestamp>2789.626039</timestamp>
			</report>
			<report>
				<misses>303000000</misses>
				<total>0</total>
				<timestamp>2790.545516</timestamp>
			</report>
			<report>
				<misses>303100000</misses>
				<total>0</total>
				<timestamp>2791.479705</timestamp>
			</report>
			<report>
				<misses>303200000</misses>
				<total>0</total>
				<timestamp>2792.439489</timestamp>
			</report>
			<report>
				<misses>303300000</misses>
				<total>0</total>
				<timestamp>2793.369678</timestamp>
			</report>
			<report>
				<misses>303400000</misses>
				<total>0</total>
				<timestamp>2794.325241</timestamp>
			</report>
			<report>
				<misses>303500000</misses>
				<total>0</total>
				<timestamp>2795.235653</timestamp>
			</report>
			<report>
				<misses>303600000</misses>
				<total>0</total>
				<timestamp>2796.167849</timestamp>
			</report>
			<report>
				<misses>303700000</misses>
				<total>0</total>
				<timestamp>2797.080841</timestamp>
			</report>
			<report>
				<misses>303800000</misses>
				<total>0</total>
				<timestamp>2798.049050</timestamp>
			</report>
			<report>
				<misses>303900000</misses>
				<total>0</total>
				<timestamp>2798.979691</timestamp>
			</report>
			<report>
				<misses>304000000</misses>
				<total>0</total>
				<timestamp>2799.929006</timestamp>
			</report>
			<report>
				<misses>304100000</misses>
				<total>0</total>
				<timestamp>2800.851368</timestamp>
			</report>
			<report>
				<misses>304200000</misses>
				<total>0</total>
				<timestamp>2801.786911</timestamp>
			</report>
			<report>
				<misses>304300000</misses>
				<total>0</total>
				<timestamp>2802.712450</timestamp>
			</report>
			<report>
				<misses>304400000</misses>
				<total>0</total>
				<timestamp>2803.635570</timestamp>
			</report>
			<report>
				<misses>304500000</misses>
				<total>0</total>
				<timestamp>2804.552206</timestamp>
			</report>
			<report>
				<misses>304600000</misses>
				<total>0</total>
				<timestamp>2805.472311</timestamp>
			</report>
			<report>
				<misses>304700000</misses>
				<total>0</total>
				<timestamp>2806.399069</timestamp>
			</report>
			<report>
				<misses>304800000</misses>
				<total>0</total>
				<timestamp>2807.329162</timestamp>
			</report>
			<report>
				<misses>304900000</misses>
				<total>0</total>
				<timestamp>2808.240915</timestamp>
			</report>
			<report>
				<misses>305000000</misses>
				<total>0</total>
				<timestamp>2809.173148</timestamp>
			</report>
			<report>
				<misses>305100000</misses>
				<total>0</total>
				<timestamp>2810.068877</timestamp>
			</report>
			<report>
				<misses>305200000</misses>
				<total>0</total>
				<timestamp>2810.972723</timestamp>
			</report>
			<report>
				<misses>305300000</misses>
				<total>0</total>
				<timestamp>2811.869010</timestamp>
			</report>
			<report>
				<misses>305400000</misses>
				<total>0</total>
				<timestamp>2812.761981</timestamp>
			</report>
			<report>
				<misses>305500000</misses>
				<total>0</total>
				<timestamp>2813.654489</timestamp>
			</report>
			<report>
				<misses>305600000</misses>
				<total>0</total>
				<timestamp>2814.561235</timestamp>
			</report>
			<report>
				<misses>305700000</misses>
				<total>0</total>
				<timestamp>2815.479032</timestamp>
			</report>
			<report>
				<misses>305800000</misses>
				<total>0</total>
				<timestamp>2816.408132</timestamp>
			</report>
			<report>
				<misses>305900000</misses>
				<total>0</total>
				<timestamp>2817.332923</timestamp>
			</report>
			<report>
				<misses>306000000</misses>
				<total>0</total>
				<timestamp>2818.278894</timestamp>
			</report>
			<report>
				<misses>306100000</misses>
				<total>0</total>
				<timestamp>2819.215926</timestamp>
			</report>
			<report>
				<misses>306200000</misses>
				<total>0</total>
				<timestamp>2820.162053</timestamp>
			</report>
			<report>
				<misses>306300000</misses>
				<total>0</total>
				<timestamp>2821.113070</timestamp>
			</report>
			<report>
				<misses>306400000</misses>
				<total>0</total>
				<timestamp>2822.067511</timestamp>
			</report>
			<report>
				<misses>306500000</misses>
				<total>0</total>
				<timestamp>2822.994404</timestamp>
			</report>
			<report>
				<misses>306600000</misses>
				<total>0</total>
				<timestamp>2823.908455</timestamp>
			</report>
			<report>
				<misses>306700000</misses>
				<total>0</total>
				<timestamp>2824.828980</timestamp>
			</report>
			<report>
				<misses>306800000</misses>
				<total>0</total>
				<timestamp>2825.752647</timestamp>
			</report>
			<report>
				<misses>306900000</misses>
				<total>0</total>
				<timestamp>2826.660511</timestamp>
			</report>
			<report>
				<misses>307000000</misses>
				<total>0</total>
				<timestamp>2827.565909</timestamp>
			</report>
			<report>
				<misses>307100000</misses>
				<total>0</total>
				<timestamp>2828.525267</timestamp>
			</report>
			<report>
				<misses>307200000</misses>
				<total>0</total>
				<timestamp>2829.458160</timestamp>
			</report>
			<report>
				<misses>307300000</misses>
				<total>0</total>
				<timestamp>2830.381267</timestamp>
			</report>
			<report>
				<misses>307400000</misses>
				<total>0</total>
				<timestamp>2831.317861</timestamp>
			</report>
			<report>
				<misses>307500000</misses>
				<total>0</total>
				<timestamp>2832.228143</timestamp>
			</report>
			<report>
				<misses>307600000</misses>
				<total>0</total>
				<timestamp>2833.144822</timestamp>
			</report>
			<report>
				<misses>307700000</misses>
				<total>0</total>
				<timestamp>2834.049175</timestamp>
			</report>
			<report>
				<misses>307800000</misses>
				<total>0</total>
				<timestamp>2834.951274</timestamp>
			</report>
			<report>
				<misses>307900000</misses>
				<total>0</total>
				<timestamp>2835.839362</timestamp>
			</report>
			<report>
				<misses>308000000</misses>
				<total>0</total>
				<timestamp>2836.742002</timestamp>
			</report>
			<report>
				<misses>308100000</misses>
				<total>0</total>
				<timestamp>2837.645359</timestamp>
			</report>
			<report>
				<misses>308200000</misses>
				<total>0</total>
				<timestamp>2838.540271</timestamp>
			</report>
			<report>
				<misses>308300000</misses>
				<total>0</total>
				<timestamp>2839.449989</timestamp>
			</report>
			<report>
				<misses>308400000</misses>
				<total>0</total>
				<timestamp>2840.376449</timestamp>
			</report>
			<report>
				<misses>308500000</misses>
				<total>0</total>
				<timestamp>2841.307809</timestamp>
			</report>
			<report>
				<misses>308600000</misses>
				<total>0</total>
				<timestamp>2842.219688</timestamp>
			</report>
			<report>
				<misses>308700000</misses>
				<total>0</total>
				<timestamp>2843.160579</timestamp>
			</report>
			<report>
				<misses>308800000</misses>
				<total>0</total>
				<timestamp>2844.072893</timestamp>
			</report>
			<report>
				<misses>308900000</misses>
				<total>0</total>
				<timestamp>2844.982257</timestamp>
			</report>
			<report>
				<misses>309000000</misses>
				<total>0</total>
				<timestamp>2845.922935</timestamp>
			</report>
			<report>
				<misses>309100000</misses>
				<total>0</total>
				<timestamp>2846.867226</timestamp>
			</report>
			<report>
				<misses>309200000</misses>
				<total>0</total>
				<timestamp>2847.799640</timestamp>
			</report>
			<report>
				<misses>309300000</misses>
				<total>0</total>
				<timestamp>2848.719473</timestamp>
			</report>
			<report>
				<misses>309400000</misses>
				<total>0</total>
				<timestamp>2849.660081</timestamp>
			</report>
			<report>
				<misses>309500000</misses>
				<total>0</total>
				<timestamp>2850.579903</timestamp>
			</report>
			<report>
				<misses>309600000</misses>
				<total>0</total>
				<timestamp>2851.492242</timestamp>
			</report>
			<report>
				<misses>309700000</misses>
				<total>0</total>
				<timestamp>2852.395988</timestamp>
			</report>
			<report>
				<misses>309800000</misses>
				<total>0</total>
				<timestamp>2853.292882</timestamp>
			</report>
			<report>
				<misses>309900000</misses>
				<total>0</total>
				<timestamp>2854.184938</timestamp>
			</report>
			<report>
				<misses>310000000</misses>
				<total>0</total>
				<timestamp>2855.078046</timestamp>
			</report>
			<report>
				<misses>310100000</misses>
				<total>0</total>
				<timestamp>2855.978598</timestamp>
			</report>
			<report>
				<misses>310200000</misses>
				<total>0</total>
				<timestamp>2856.869326</timestamp>
			</report>
			<report>
				<misses>310300000</misses>
				<total>0</total>
				<timestamp>2857.780862</timestamp>
			</report>
			<report>
				<misses>310400000</misses>
				<total>0</total>
				<timestamp>2858.706163</timestamp>
			</report>
			<report>
				<misses>310500000</misses>
				<total>0</total>
				<timestamp>2859.610864</timestamp>
			</report>
			<report>
				<misses>310600000</misses>
				<total>0</total>
				<timestamp>2860.542684</timestamp>
			</report>
			<report>
				<misses>310700000</misses>
				<total>0</total>
				<timestamp>2861.446113</timestamp>
			</report>
			<report>
				<misses>310800000</misses>
				<total>0</total>
				<timestamp>2862.351745</timestamp>
			</report>
			<report>
				<misses>310900000</misses>
				<total>0</total>
				<timestamp>2863.264771</timestamp>
			</report>
			<report>
				<misses>311000000</misses>
				<total>0</total>
				<timestamp>2864.184980</timestamp>
			</report>
			<report>
				<misses>311100000</misses>
				<total>0</total>
				<timestamp>2865.099136</timestamp>
			</report>
			<report>
				<misses>311200000</misses>
				<total>0</total>
				<timestamp>2866.008518</timestamp>
			</report>
			<report>
				<misses>311300000</misses>
				<total>0</total>
				<timestamp>2866.943813</timestamp>
			</report>
			<report>
				<misses>311400000</misses>
				<total>0</total>
				<timestamp>2867.855643</timestamp>
			</report>
			<report>
				<misses>311500000</misses>
				<total>0</total>
				<timestamp>2868.796223</timestamp>
			</report>
			<report>
				<misses>311600000</misses>
				<total>0</total>
				<timestamp>2869.697356</timestamp>
			</report>
			<report>
				<misses>311700000</misses>
				<total>0</total>
				<timestamp>2870.598861</timestamp>
			</report>
			<report>
				<misses>311800000</misses>
				<total>0</total>
				<timestamp>2871.506721</timestamp>
			</report>
			<report>
				<misses>311900000</misses>
				<total>0</total>
				<timestamp>2872.406563</timestamp>
			</report>
			<report>
				<misses>312000000</misses>
				<total>0</total>
				<timestamp>2873.297360</timestamp>
			</report>
			<report>
				<misses>312100000</misses>
				<total>0</total>
				<timestamp>2874.196384</timestamp>
			</report>
			<report>
				<misses>312200000</misses>
				<total>0</total>
				<timestamp>2875.102898</timestamp>
			</report>
			<report>
				<misses>312300000</misses>
				<total>0</total>
				<timestamp>2876.011149</timestamp>
			</report>
			<report>
				<misses>312400000</misses>
				<total>0</total>
				<timestamp>2876.926544</timestamp>
			</report>
			<report>
				<misses>312500000</misses>
				<total>0</total>
				<timestamp>2877.873913</timestamp>
			</report>
			<report>
				<misses>312600000</misses>
				<total>0</total>
				<timestamp>2878.823481</timestamp>
			</report>
			<report>
				<misses>312700000</misses>
				<total>0</total>
				<timestamp>2879.764686</timestamp>
			</report>
			<report>
				<misses>312800000</misses>
				<total>0</total>
				<timestamp>2880.730497</timestamp>
			</report>
			<report>
				<misses>312900000</misses>
				<total>0</total>
				<timestamp>2881.623259</timestamp>
			</report>
			<report>
				<misses>313000000</misses>
				<total>0</total>
				<timestamp>2882.539340</timestamp>
			</report>
			<report>
				<misses>313100000</misses>
				<total>0</total>
				<timestamp>2883.462136</timestamp>
			</report>
			<report>
				<misses>313200000</misses>
				<total>0</total>
				<timestamp>2884.402469</timestamp>
			</report>
			<report>
				<misses>313300000</misses>
				<total>0</total>
				<timestamp>2885.314120</timestamp>
			</report>
			<report>
				<misses>313400000</misses>
				<total>0</total>
				<timestamp>2886.247495</timestamp>
			</report>
			<report>
				<misses>313500000</misses>
				<total>0</total>
				<timestamp>2887.164365</timestamp>
			</report>
			<report>
				<misses>313600000</misses>
				<total>0</total>
				<timestamp>2888.096979</timestamp>
			</report>
			<report>
				<misses>313700000</misses>
				<total>0</total>
				<timestamp>2889.030119</timestamp>
			</report>
			<report>
				<misses>313800000</misses>
				<total>0</total>
				<timestamp>2889.954136</timestamp>
			</report>
			<report>
				<misses>313900000</misses>
				<total>0</total>
				<timestamp>2890.865787</timestamp>
			</report>
			<report>
				<misses>314000000</misses>
				<total>0</total>
				<timestamp>2891.762406</timestamp>
			</report>
			<report>
				<misses>314100000</misses>
				<total>0</total>
				<timestamp>2892.666754</timestamp>
			</report>
			<report>
				<misses>314200000</misses>
				<total>0</total>
				<timestamp>2893.559664</timestamp>
			</report>
			<report>
				<misses>314300000</misses>
				<total>0</total>
				<timestamp>2894.448067</timestamp>
			</report>
			<report>
				<misses>314400000</misses>
				<total>0</total>
				<timestamp>2895.355610</timestamp>
			</report>
			<report>
				<misses>314500000</misses>
				<total>0</total>
				<timestamp>2896.271129</timestamp>
			</report>
			<report>
				<misses>314600000</misses>
				<total>0</total>
				<timestamp>2897.170811</timestamp>
			</report>
			<report>
				<misses>314700000</misses>
				<total>0</total>
				<timestamp>2898.122106</timestamp>
			</report>
			<report>
				<misses>314800000</misses>
				<total>0</total>
				<timestamp>2899.039951</timestamp>
			</report>
			<report>
				<misses>314900000</misses>
				<total>0</total>
				<timestamp>2899.955032</timestamp>
			</report>
			<report>
				<misses>315000000</misses>
				<total>0</total>
				<timestamp>2900.879914</timestamp>
			</report>
			<report>
				<misses>315100000</misses>
				<total>0</total>
				<timestamp>2901.802416</timestamp>
			</report>
			<report>
				<misses>315200000</misses>
				<total>0</total>
				<timestamp>2902.746118</timestamp>
			</report>
			<report>
				<misses>315300000</misses>
				<total>0</total>
				<timestamp>2903.670719</timestamp>
			</report>
			<report>
				<misses>315400000</misses>
				<total>0</total>
				<timestamp>2904.605807</timestamp>
			</report>
			<report>
				<misses>315500000</misses>
				<total>0</total>
				<timestamp>2905.515747</timestamp>
			</report>
			<report>
				<misses>315600000</misses>
				<total>0</total>
				<timestamp>2906.431268</timestamp>
			</report>
			<report>
				<misses>315700000</misses>
				<total>0</total>
				<timestamp>2907.357713</timestamp>
			</report>
			<report>
				<misses>315800000</misses>
				<total>0</total>
				<timestamp>2908.280052</timestamp>
			</report>
			<report>
				<misses>315900000</misses>
				<total>0</total>
				<timestamp>2909.206722</timestamp>
			</report>
			<report>
				<misses>316000000</misses>
				<total>0</total>
				<timestamp>2910.100793</timestamp>
			</report>
			<report>
				<misses>316100000</misses>
				<total>0</total>
				<timestamp>2910.990900</timestamp>
			</report>
			<report>
				<misses>316200000</misses>
				<total>0</total>
				<timestamp>2911.888207</timestamp>
			</report>
			<report>
				<misses>316300000</misses>
				<total>0</total>
				<timestamp>2912.784710</timestamp>
			</report>
			<report>
				<misses>316400000</misses>
				<total>0</total>
				<timestamp>2913.679836</timestamp>
			</report>
			<report>
				<misses>316500000</misses>
				<total>0</total>
				<timestamp>2914.580545</timestamp>
			</report>
			<report>
				<misses>316600000</misses>
				<total>0</total>
				<timestamp>2915.485706</timestamp>
			</report>
			<report>
				<misses>316700000</misses>
				<total>0</total>
				<timestamp>2916.426245</timestamp>
			</report>
			<report>
				<misses>316800000</misses>
				<total>0</total>
				<timestamp>2917.358144</timestamp>
			</report>
			<report>
				<misses>316900000</misses>
				<total>0</total>
				<timestamp>2918.269438</timestamp>
			</report>
			<report>
				<misses>317000000</misses>
				<total>0</total>
				<timestamp>2919.199530</timestamp>
			</report>
			<report>
				<misses>317100000</misses>
				<total>0</total>
				<timestamp>2920.118118</timestamp>
			</report>
			<report>
				<misses>317200000</misses>
				<total>0</total>
				<timestamp>2921.067735</timestamp>
			</report>
			<report>
				<misses>317300000</misses>
				<total>0</total>
				<timestamp>2921.984365</timestamp>
			</report>
			<report>
				<misses>317400000</misses>
				<total>0</total>
				<timestamp>2922.901090</timestamp>
			</report>
			<report>
				<misses>317500000</misses>
				<total>0</total>
				<timestamp>2923.819913</timestamp>
			</report>
			<report>
				<misses>317600000</misses>
				<total>0</total>
				<timestamp>2924.759333</timestamp>
			</report>
			<report>
				<misses>317700000</misses>
				<total>0</total>
				<timestamp>2925.671432</timestamp>
			</report>
			<report>
				<misses>317800000</misses>
				<total>0</total>
				<timestamp>2926.570893</timestamp>
			</report>
			<report>
				<misses>317900000</misses>
				<total>0</total>
				<timestamp>2927.482820</timestamp>
			</report>
			<report>
				<misses>318000000</misses>
				<total>0</total>
				<timestamp>2928.376252</timestamp>
			</report>
			<report>
				<misses>318100000</misses>
				<total>0</total>
				<timestamp>2929.272340</timestamp>
			</report>
			<report>
				<misses>318200000</misses>
				<total>0</total>
				<timestamp>2930.170726</timestamp>
			</report>
			<report>
				<misses>318300000</misses>
				<total>0</total>
				<timestamp>2931.068110</timestamp>
			</report>
			<report>
				<misses>318400000</misses>
				<total>0</total>
				<timestamp>2931.970085</timestamp>
			</report>
			<report>
				<misses>318500000</misses>
				<total>0</total>
				<timestamp>2932.868627</timestamp>
			</report>
			<report>
				<misses>318600000</misses>
				<total>0</total>
				<timestamp>2933.815447</timestamp>
			</report>
			<report>
				<misses>318700000</misses>
				<total>0</total>
				<timestamp>2934.724026</timestamp>
			</report>
			<report>
				<misses>318800000</misses>
				<total>0</total>
				<timestamp>2935.622011</timestamp>
			</report>
			<report>
				<misses>318900000</misses>
				<total>0</total>
				<timestamp>2936.538566</timestamp>
			</report>
			<report>
				<misses>319000000</misses>
				<total>0</total>
				<timestamp>2937.498836</timestamp>
			</report>
			<report>
				<misses>319100000</misses>
				<total>0</total>
				<timestamp>2938.410126</timestamp>
			</report>
			<report>
				<misses>319200000</misses>
				<total>0</total>
				<timestamp>2939.326438</timestamp>
			</report>
			<report>
				<misses>319300000</misses>
				<total>0</total>
				<timestamp>2940.234472</timestamp>
			</report>
			<report>
				<misses>319400000</misses>
				<total>0</total>
				<timestamp>2941.144695</timestamp>
			</report>
			<report>
				<misses>319500000</misses>
				<total>0</total>
				<timestamp>2942.089005</timestamp>
			</report>
			<report>
				<misses>319600000</misses>
				<total>0</total>
				<timestamp>2943.013025</timestamp>
			</report>
			<report>
				<misses>319700000</misses>
				<total>0</total>
				<timestamp>2943.936074</timestamp>
			</report>
			<report>
				<misses>319800000</misses>
				<total>0</total>
				<timestamp>2944.865840</timestamp>
			</report>
			<report>
				<misses>319900000</misses>
				<total>0</total>
				<timestamp>2945.802629</timestamp>
			</report>
			<report>
				<misses>320000000</misses>
				<total>0</total>
				<timestamp>2946.703684</timestamp>
			</report>
			<report>
				<misses>320100000</misses>
				<total>0</total>
				<timestamp>2947.606047</timestamp>
			</report>
			<report>
				<misses>320200000</misses>
				<total>0</total>
				<timestamp>2948.520881</timestamp>
			</report>
			<report>
				<misses>320300000</misses>
				<total>0</total>
				<timestamp>2949.410673</timestamp>
			</report>
			<report>
				<misses>320400000</misses>
				<total>0</total>
				<timestamp>2950.300733</timestamp>
			</report>
			<report>
				<misses>320500000</misses>
				<total>0</total>
				<timestamp>2951.206090</timestamp>
			</report>
			<report>
				<misses>320600000</misses>
				<total>0</total>
				<timestamp>2952.101124</timestamp>
			</report>
			<report>
				<misses>320700000</misses>
				<total>0</total>
				<timestamp>2953.036092</timestamp>
			</report>
			<report>
				<misses>320800000</misses>
				<total>0</total>
				<timestamp>2953.980973</timestamp>
			</report>
			<report>
				<misses>320900000</misses>
				<total>0</total>
				<timestamp>2954.919585</timestamp>
			</report>
			<report>
				<misses>321000000</misses>
				<total>0</total>
				<timestamp>2955.885651</timestamp>
			</report>
			<report>
				<misses>321100000</misses>
				<total>0</total>
				<timestamp>2956.828490</timestamp>
			</report>
			<report>
				<misses>321200000</misses>
				<total>0</total>
				<timestamp>2957.763294</timestamp>
			</report>
			<report>
				<misses>321300000</misses>
				<total>0</total>
				<timestamp>2958.677372</timestamp>
			</report>
			<report>
				<misses>321400000</misses>
				<total>0</total>
				<timestamp>2959.641478</timestamp>
			</report>
			<report>
				<misses>321500000</misses>
				<total>0</total>
				<timestamp>2960.558397</timestamp>
			</report>
			<report>
				<misses>321600000</misses>
				<total>0</total>
				<timestamp>2961.483930</timestamp>
			</report>
			<report>
				<misses>321700000</misses>
				<total>0</total>
				<timestamp>2962.409814</timestamp>
			</report>
			<report>
				<misses>321800000</misses>
				<total>0</total>
				<timestamp>2963.325758</timestamp>
			</report>
			<report>
				<misses>321900000</misses>
				<total>0</total>
				<timestamp>2964.271560</timestamp>
			</report>
			<report>
				<misses>322000000</misses>
				<total>0</total>
				<timestamp>2965.200669</timestamp>
			</report>
			<report>
				<misses>322100000</misses>
				<total>0</total>
				<timestamp>2966.106984</timestamp>
			</report>
			<report>
				<misses>322200000</misses>
				<total>0</total>
				<timestamp>2967.018979</timestamp>
			</report>
			<report>
				<misses>322300000</misses>
				<total>0</total>
				<timestamp>2967.972862</timestamp>
			</report>
			<report>
				<misses>322400000</misses>
				<total>0</total>
				<timestamp>2968.865598</timestamp>
			</report>
			<report>
				<misses>322500000</misses>
				<total>0</total>
				<timestamp>2969.754021</timestamp>
			</report>
			<report>
				<misses>322600000</misses>
				<total>0</total>
				<timestamp>2970.653843</timestamp>
			</report>
			<report>
				<misses>322700000</misses>
				<total>0</total>
				<timestamp>2971.538045</timestamp>
			</report>
			<report>
				<misses>322800000</misses>
				<total>0</total>
				<timestamp>2972.432301</timestamp>
			</report>
			<report>
				<misses>322900000</misses>
				<total>0</total>
				<timestamp>2973.316886</timestamp>
			</report>
			<report>
				<misses>323000000</misses>
				<total>0</total>
				<timestamp>2974.205919</timestamp>
			</report>
			<report>
				<misses>323100000</misses>
				<total>0</total>
				<timestamp>2975.105411</timestamp>
			</report>
			<report>
				<misses>323200000</misses>
				<total>0</total>
				<timestamp>2976.049698</timestamp>
			</report>
			<report>
				<misses>323300000</misses>
				<total>0</total>
				<timestamp>2976.986071</timestamp>
			</report>
			<report>
				<misses>323400000</misses>
				<total>0</total>
				<timestamp>2977.914136</timestamp>
			</report>
			<report>
				<misses>323500000</misses>
				<total>0</total>
				<timestamp>2978.838175</timestamp>
			</report>
			<report>
				<misses>323600000</misses>
				<total>0</total>
				<timestamp>2979.791486</timestamp>
			</report>
			<report>
				<misses>323700000</misses>
				<total>0</total>
				<timestamp>2980.722646</timestamp>
			</report>
			<report>
				<misses>323800000</misses>
				<total>0</total>
				<timestamp>2981.648516</timestamp>
			</report>
			<report>
				<misses>323900000</misses>
				<total>0</total>
				<timestamp>2982.584566</timestamp>
			</report>
			<report>
				<misses>324000000</misses>
				<total>0</total>
				<timestamp>2983.505791</timestamp>
			</report>
			<report>
				<misses>324100000</misses>
				<total>0</total>
				<timestamp>2984.429462</timestamp>
			</report>
			<report>
				<misses>324200000</misses>
				<total>0</total>
				<timestamp>2985.356696</timestamp>
			</report>
			<report>
				<misses>324300000</misses>
				<total>0</total>
				<timestamp>2986.263542</timestamp>
			</report>
			<report>
				<misses>324400000</misses>
				<total>0</total>
				<timestamp>2987.179533</timestamp>
			</report>
			<report>
				<misses>324500000</misses>
				<total>0</total>
				<timestamp>2988.088764</timestamp>
			</report>
			<report>
				<misses>324600000</misses>
				<total>0</total>
				<timestamp>2988.999823</timestamp>
			</report>
			<report>
				<misses>324700000</misses>
				<total>0</total>
				<timestamp>2989.899651</timestamp>
			</report>
			<report>
				<misses>324800000</misses>
				<total>0</total>
				<timestamp>2990.810852</timestamp>
			</report>
			<report>
				<misses>324900000</misses>
				<total>0</total>
				<timestamp>2991.698386</timestamp>
			</report>
			<report>
				<misses>325000000</misses>
				<total>0</total>
				<timestamp>2992.598260</timestamp>
			</report>
			<report>
				<misses>325100000</misses>
				<total>0</total>
				<timestamp>2993.484400</timestamp>
			</report>
			<report>
				<misses>325200000</misses>
				<total>0</total>
				<timestamp>2994.408691</timestamp>
			</report>
			<report>
				<misses>325300000</misses>
				<total>0</total>
				<timestamp>2995.334004</timestamp>
			</report>
			<report>
				<misses>325400000</misses>
				<total>0</total>
				<timestamp>2996.278191</timestamp>
			</report>
			<report>
				<misses>325500000</misses>
				<total>0</total>
				<timestamp>2997.197239</timestamp>
			</report>
			<report>
				<misses>325600000</misses>
				<total>0</total>
				<timestamp>2998.108996</timestamp>
			</report>
			<report>
				<misses>325700000</misses>
				<total>0</total>
				<timestamp>2999.014716</timestamp>
			</report>
			<report>
				<misses>325800000</misses>
				<total>0</total>
				<timestamp>2999.926518</timestamp>
			</report>
			<report>
				<misses>325900000</misses>
				<total>0</total>
				<timestamp>3000.848666</timestamp>
			</report>
			<report>
				<misses>326000000</misses>
				<total>0</total>
				<timestamp>3001.793205</timestamp>
			</report>
			<report>
				<misses>326100000</misses>
				<total>0</total>
				<timestamp>3002.762196</timestamp>
			</report>
			<report>
				<misses>326200000</misses>
				<total>0</total>
				<timestamp>3003.694570</timestamp>
			</report>
			<report>
				<misses>326300000</misses>
				<total>0</total>
				<timestamp>3004.674607</timestamp>
			</report>
			<report>
				<misses>326400000</misses>
				<total>0</total>
				<timestamp>3005.607314</timestamp>
			</report>
			<report>
				<misses>326500000</misses>
				<total>0</total>
				<timestamp>3006.537653</timestamp>
			</report>
			<report>
				<misses>326600000</misses>
				<total>0</total>
				<timestamp>3007.477513</timestamp>
			</report>
			<report>
				<misses>326700000</misses>
				<total>0</total>
				<timestamp>3008.414571</timestamp>
			</report>
			<report>
				<misses>326800000</misses>
				<total>0</total>
				<timestamp>3009.328921</timestamp>
			</report>
			<report>
				<misses>326900000</misses>
				<total>0</total>
				<timestamp>3010.249891</timestamp>
			</report>
			<report>
				<misses>327000000</misses>
				<total>0</total>
				<timestamp>3011.173143</timestamp>
			</report>
			<report>
				<misses>327100000</misses>
				<total>0</total>
				<timestamp>3012.077973</timestamp>
			</report>
			<report>
				<misses>327200000</misses>
				<total>0</total>
				<timestamp>3013.005279</timestamp>
			</report>
			<report>
				<misses>327300000</misses>
				<total>0</total>
				<timestamp>3013.921060</timestamp>
			</report>
			<report>
				<misses>327400000</misses>
				<total>0</total>
				<timestamp>3014.817849</timestamp>
			</report>
			<report>
				<misses>327500000</misses>
				<total>0</total>
				<timestamp>3015.705917</timestamp>
			</report>
			<report>
				<misses>327600000</misses>
				<total>0</total>
				<timestamp>3016.599114</timestamp>
			</report>
			<report>
				<misses>327700000</misses>
				<total>0</total>
				<timestamp>3017.526832</timestamp>
			</report>
			<report>
				<misses>327800000</misses>
				<total>0</total>
				<timestamp>3018.430002</timestamp>
			</report>
			<report>
				<misses>327900000</misses>
				<total>0</total>
				<timestamp>3019.343716</timestamp>
			</report>
			<report>
				<misses>328000000</misses>
				<total>0</total>
				<timestamp>3020.281710</timestamp>
			</report>
			<report>
				<misses>328100000</misses>
				<total>0</total>
				<timestamp>3021.213744</timestamp>
			</report>
			<report>
				<misses>328200000</misses>
				<total>0</total>
				<timestamp>3022.129997</timestamp>
			</report>
			<report>
				<misses>328300000</misses>
				<total>0</total>
				<timestamp>3023.053926</timestamp>
			</report>
			<report>
				<misses>328400000</misses>
				<total>0</total>
				<timestamp>3023.980358</timestamp>
			</report>
			<report>
				<misses>328500000</misses>
				<total>0</total>
				<timestamp>3024.912389</timestamp>
			</report>
			<report>
				<misses>328600000</misses>
				<total>0</total>
				<timestamp>3025.847456</timestamp>
			</report>
			<report>
				<misses>328700000</misses>
				<total>0</total>
				<timestamp>3026.766269</timestamp>
			</report>
			<report>
				<misses>328800000</misses>
				<total>0</total>
				<timestamp>3027.707084</timestamp>
			</report>
			<report>
				<misses>328900000</misses>
				<total>0</total>
				<timestamp>3028.652992</timestamp>
			</report>
			<report>
				<misses>329000000</misses>
				<total>0</total>
				<timestamp>3029.584209</timestamp>
			</report>
			<report>
				<misses>329100000</misses>
				<total>0</total>
				<timestamp>3030.504051</timestamp>
			</report>
			<report>
				<misses>329200000</misses>
				<total>0</total>
				<timestamp>3031.418789</timestamp>
			</report>
			<report>
				<misses>329300000</misses>
				<total>0</total>
				<timestamp>3032.318046</timestamp>
			</report>
			<report>
				<misses>329400000</misses>
				<total>0</total>
				<timestamp>3033.234352</timestamp>
			</report>
			<report>
				<misses>329500000</misses>
				<total>0</total>
				<timestamp>3034.137257</timestamp>
			</report>
			<report>
				<misses>329600000</misses>
				<total>0</total>
				<timestamp>3035.028282</timestamp>
			</report>
			<report>
				<misses>329700000</misses>
				<total>0</total>
				<timestamp>3035.929826</timestamp>
			</report>
			<report>
				<misses>329800000</misses>
				<total>0</total>
				<timestamp>3036.830645</timestamp>
			</report>
			<report>
				<misses>329900000</misses>
				<total>0</total>
				<timestamp>3037.727622</timestamp>
			</report>
			<report>
				<misses>330000000</misses>
				<total>0</total>
				<timestamp>3038.656105</timestamp>
			</report>
			<report>
				<misses>330100000</misses>
				<total>0</total>
				<timestamp>3039.605416</timestamp>
			</report>
			<report>
				<misses>330200000</misses>
				<total>0</total>
				<timestamp>3040.552976</timestamp>
			</report>
			<report>
				<misses>330300000</misses>
				<total>0</total>
				<timestamp>3041.491151</timestamp>
			</report>
			<report>
				<misses>330400000</misses>
				<total>0</total>
				<timestamp>3042.402112</timestamp>
			</report>
			<report>
				<misses>330500000</misses>
				<total>0</total>
				<timestamp>3043.357193</timestamp>
			</report>
			<report>
				<misses>330600000</misses>
				<total>0</total>
				<timestamp>3044.261346</timestamp>
			</report>
			<report>
				<misses>330700000</misses>
				<total>0</total>
				<timestamp>3045.190397</timestamp>
			</report>
			<report>
				<misses>330800000</misses>
				<total>0</total>
				<timestamp>3046.112964</timestamp>
			</report>
			<report>
				<misses>330900000</misses>
				<total>0</total>
				<timestamp>3047.069565</timestamp>
			</report>
			<report>
				<misses>331000000</misses>
				<total>0</total>
				<timestamp>3048.029562</timestamp>
			</report>
			<report>
				<misses>331100000</misses>
				<total>0</total>
				<timestamp>3048.950668</timestamp>
			</report>
			<report>
				<misses>331200000</misses>
				<total>0</total>
				<timestamp>3049.873212</timestamp>
			</report>
			<report>
				<misses>331300000</misses>
				<total>0</total>
				<timestamp>3050.784728</timestamp>
			</report>
			<report>
				<misses>331400000</misses>
				<total>0</total>
				<timestamp>3051.729730</timestamp>
			</report>
			<report>
				<misses>331500000</misses>
				<total>0</total>
				<timestamp>3052.648886</timestamp>
			</report>
			<report>
				<misses>331600000</misses>
				<total>0</total>
				<timestamp>3053.580165</timestamp>
			</report>
			<report>
				<misses>331700000</misses>
				<total>0</total>
				<timestamp>3054.483043</timestamp>
			</report>
			<report>
				<misses>331800000</misses>
				<total>0</total>
				<timestamp>3055.388390</timestamp>
			</report>
			<report>
				<misses>331900000</misses>
				<total>0</total>
				<timestamp>3056.292873</timestamp>
			</report>
			<report>
				<misses>332000000</misses>
				<total>0</total>
				<timestamp>3057.208162</timestamp>
			</report>
			<report>
				<misses>332100000</misses>
				<total>0</total>
				<timestamp>3058.111701</timestamp>
			</report>
			<report>
				<misses>332200000</misses>
				<total>0</total>
				<timestamp>3059.019277</timestamp>
			</report>
			<report>
				<misses>332300000</misses>
				<total>0</total>
				<timestamp>3059.918646</timestamp>
			</report>
			<report>
				<misses>332400000</misses>
				<total>0</total>
				<timestamp>3060.836293</timestamp>
			</report>
			<report>
				<misses>332500000</misses>
				<total>0</total>
				<timestamp>3061.762533</timestamp>
			</report>
			<report>
				<misses>332600000</misses>
				<total>0</total>
				<timestamp>3062.727999</timestamp>
			</report>
			<report>
				<misses>332700000</misses>
				<total>0</total>
				<timestamp>3063.676753</timestamp>
			</report>
			<report>
				<misses>332800000</misses>
				<total>0</total>
				<timestamp>3064.614046</timestamp>
			</report>
			<report>
				<misses>332900000</misses>
				<total>0</total>
				<timestamp>3065.579518</timestamp>
			</report>
			<report>
				<misses>333000000</misses>
				<total>0</total>
				<timestamp>3066.497356</timestamp>
			</report>
			<report>
				<misses>333100000</misses>
				<total>0</total>
				<timestamp>3067.466206</timestamp>
			</report>
			<report>
				<misses>333200000</misses>
				<total>0</total>
				<timestamp>3068.410635</timestamp>
			</report>
			<report>
				<misses>333300000</misses>
				<total>0</total>
				<timestamp>3069.347237</timestamp>
			</report>
			<report>
				<misses>333400000</misses>
				<total>0</total>
				<timestamp>3070.283446</timestamp>
			</report>
			<report>
				<misses>333500000</misses>
				<total>0</total>
				<timestamp>3071.215471</timestamp>
			</report>
			<report>
				<misses>333600000</misses>
				<total>0</total>
				<timestamp>3072.178769</timestamp>
			</report>
			<report>
				<misses>333700000</misses>
				<total>0</total>
				<timestamp>3073.082113</timestamp>
			</report>
			<report>
				<misses>333800000</misses>
				<total>0</total>
				<timestamp>3074.000026</timestamp>
			</report>
			<report>
				<misses>333900000</misses>
				<total>0</total>
				<timestamp>3074.946481</timestamp>
			</report>
			<report>
				<misses>334000000</misses>
				<total>0</total>
				<timestamp>3075.853808</timestamp>
			</report>
			<report>
				<misses>334100000</misses>
				<total>0</total>
				<timestamp>3076.799432</timestamp>
			</report>
			<report>
				<misses>334200000</misses>
				<total>0</total>
				<timestamp>3077.747038</timestamp>
			</report>
			<report>
				<misses>334300000</misses>
				<total>0</total>
				<timestamp>3078.684393</timestamp>
			</report>
			<report>
				<misses>334400000</misses>
				<total>0</total>
				<timestamp>3079.637004</timestamp>
			</report>
			<report>
				<misses>334500000</misses>
				<total>0</total>
				<timestamp>3080.592826</timestamp>
			</report>
			<report>
				<misses>334600000</misses>
				<total>0</total>
				<timestamp>3081.511756</timestamp>
			</report>
			<report>
				<misses>334700000</misses>
				<total>0</total>
				<timestamp>3082.452297</timestamp>
			</report>
			<report>
				<misses>334800000</misses>
				<total>0</total>
				<timestamp>3083.357673</timestamp>
			</report>
			<report>
				<misses>334900000</misses>
				<total>0</total>
				<timestamp>3084.257243</timestamp>
			</report>
			<report>
				<misses>335000000</misses>
				<total>0</total>
				<timestamp>3085.159389</timestamp>
			</report>
			<report>
				<misses>335100000</misses>
				<total>0</total>
				<timestamp>3086.061008</timestamp>
			</report>
			<report>
				<misses>335200000</misses>
				<total>0</total>
				<timestamp>3086.973098</timestamp>
			</report>
			<report>
				<misses>335300000</misses>
				<total>0</total>
				<timestamp>3087.881235</timestamp>
			</report>
			<report>
				<misses>335400000</misses>
				<total>0</total>
				<timestamp>3088.790377</timestamp>
			</report>
			<report>
				<misses>335500000</misses>
				<total>0</total>
				<timestamp>3089.719564</timestamp>
			</report>
			<report>
				<misses>335600000</misses>
				<total>0</total>
				<timestamp>3090.662284</timestamp>
			</report>
			<report>
				<misses>335700000</misses>
				<total>0</total>
				<timestamp>3091.581054</timestamp>
			</report>
			<report>
				<misses>335800000</misses>
				<total>0</total>
				<timestamp>3092.534949</timestamp>
			</report>
			<report>
				<misses>335900000</misses>
				<total>0</total>
				<timestamp>3093.447047</timestamp>
			</report>
			<report>
				<misses>336000000</misses>
				<total>0</total>
				<timestamp>3094.378155</timestamp>
			</report>
			<report>
				<misses>336100000</misses>
				<total>0</total>
				<timestamp>3095.303354</timestamp>
			</report>
			<report>
				<misses>336200000</misses>
				<total>0</total>
				<timestamp>3096.222817</timestamp>
			</report>
			<report>
				<misses>336300000</misses>
				<total>0</total>
				<timestamp>3097.156648</timestamp>
			</report>
			<report>
				<misses>336400000</misses>
				<total>0</total>
				<timestamp>3098.089234</timestamp>
			</report>
			<report>
				<misses>336500000</misses>
				<total>0</total>
				<timestamp>3098.998586</timestamp>
			</report>
			<report>
				<misses>336600000</misses>
				<total>0</total>
				<timestamp>3099.914474</timestamp>
			</report>
			<report>
				<misses>336700000</misses>
				<total>0</total>
				<timestamp>3100.813365</timestamp>
			</report>
			<report>
				<misses>336800000</misses>
				<total>0</total>
				<timestamp>3101.717367</timestamp>
			</report>
			<report>
				<misses>336900000</misses>
				<total>0</total>
				<timestamp>3102.620992</timestamp>
			</report>
			<report>
				<misses>337000000</misses>
				<total>0</total>
				<timestamp>3103.517894</timestamp>
			</report>
			<report>
				<misses>337100000</misses>
				<total>0</total>
				<timestamp>3104.433980</timestamp>
			</report>
			<report>
				<misses>337200000</misses>
				<total>0</total>
				<timestamp>3105.333102</timestamp>
			</report>
			<report>
				<misses>337300000</misses>
				<total>0</total>
				<timestamp>3106.241466</timestamp>
			</report>
			<report>
				<misses>337400000</misses>
				<total>0</total>
				<timestamp>3107.195322</timestamp>
			</report>
			<report>
				<misses>337500000</misses>
				<total>0</total>
				<timestamp>3108.116895</timestamp>
			</report>
			<report>
				<misses>337600000</misses>
				<total>0</total>
				<timestamp>3109.038455</timestamp>
			</report>
			<report>
				<misses>337700000</misses>
				<total>0</total>
				<timestamp>3109.961105</timestamp>
			</report>
			<report>
				<misses>337800000</misses>
				<total>0</total>
				<timestamp>3110.893932</timestamp>
			</report>
			<report>
				<misses>337900000</misses>
				<total>0</total>
				<timestamp>3111.814344</timestamp>
			</report>
			<report>
				<misses>338000000</misses>
				<total>0</total>
				<timestamp>3112.721207</timestamp>
			</report>
			<report>
				<misses>338100000</misses>
				<total>0</total>
				<timestamp>3113.648556</timestamp>
			</report>
			<report>
				<misses>338200000</misses>
				<total>0</total>
				<timestamp>3114.555818</timestamp>
			</report>
			<report>
				<misses>338300000</misses>
				<total>0</total>
				<timestamp>3115.473349</timestamp>
			</report>
			<report>
				<misses>338400000</misses>
				<total>0</total>
				<timestamp>3116.408874</timestamp>
			</report>
			<report>
				<misses>338500000</misses>
				<total>0</total>
				<timestamp>3117.338266</timestamp>
			</report>
			<report>
				<misses>338600000</misses>
				<total>0</total>
				<timestamp>3118.229537</timestamp>
			</report>
			<report>
				<misses>338700000</misses>
				<total>0</total>
				<timestamp>3119.135059</timestamp>
			</report>
			<report>
				<misses>338800000</misses>
				<total>0</total>
				<timestamp>3120.028039</timestamp>
			</report>
			<report>
				<misses>338900000</misses>
				<total>0</total>
				<timestamp>3120.928696</timestamp>
			</report>
			<report>
				<misses>339000000</misses>
				<total>0</total>
				<timestamp>3121.833604</timestamp>
			</report>
			<report>
				<misses>339100000</misses>
				<total>0</total>
				<timestamp>3122.732871</timestamp>
			</report>
			<report>
				<misses>339200000</misses>
				<total>0</total>
				<timestamp>3123.672283</timestamp>
			</report>
			<report>
				<misses>339300000</misses>
				<total>0</total>
				<timestamp>3124.607037</timestamp>
			</report>
			<report>
				<misses>339400000</misses>
				<total>0</total>
				<timestamp>3125.573371</timestamp>
			</report>
			<report>
				<misses>339500000</misses>
				<total>0</total>
				<timestamp>3126.489777</timestamp>
			</report>
			<report>
				<misses>339600000</misses>
				<total>0</total>
				<timestamp>3127.411778</timestamp>
			</report>
			<report>
				<misses>339700000</misses>
				<total>0</total>
				<timestamp>3128.360967</timestamp>
			</report>
			<report>
				<misses>339800000</misses>
				<total>0</total>
				<timestamp>3129.338658</timestamp>
			</report>
			<report>
				<misses>339900000</misses>
				<total>0</total>
				<timestamp>3130.285216</timestamp>
			</report>
			<report>
				<misses>340000000</misses>
				<total>0</total>
				<timestamp>3131.232151</timestamp>
			</report>
			<report>
				<misses>340100000</misses>
				<total>0</total>
				<timestamp>3132.177840</timestamp>
			</report>
			<report>
				<misses>340200000</misses>
				<total>0</total>
				<timestamp>3133.109743</timestamp>
			</report>
			<report>
				<misses>340300000</misses>
				<total>0</total>
				<timestamp>3134.039690</timestamp>
			</report>
			<report>
				<misses>340400000</misses>
				<total>0</total>
				<timestamp>3134.968518</timestamp>
			</report>
			<report>
				<misses>340500000</misses>
				<total>0</total>
				<timestamp>3135.913966</timestamp>
			</report>
			<report>
				<misses>340600000</misses>
				<total>0</total>
				<timestamp>3136.843311</timestamp>
			</report>
			<report>
				<misses>340700000</misses>
				<total>0</total>
				<timestamp>3137.781712</timestamp>
			</report>
			<report>
				<misses>340800000</misses>
				<total>0</total>
				<timestamp>3138.698126</timestamp>
			</report>
			<report>
				<misses>340900000</misses>
				<total>0</total>
				<timestamp>3139.628427</timestamp>
			</report>
			<report>
				<misses>341000000</misses>
				<total>0</total>
				<timestamp>3140.564790</timestamp>
			</report>
			<report>
				<misses>341100000</misses>
				<total>0</total>
				<timestamp>3141.505389</timestamp>
			</report>
			<report>
				<misses>341200000</misses>
				<total>0</total>
				<timestamp>3142.464965</timestamp>
			</report>
			<report>
				<misses>341300000</misses>
				<total>0</total>
				<timestamp>3143.375653</timestamp>
			</report>
			<report>
				<misses>341400000</misses>
				<total>0</total>
				<timestamp>3144.313482</timestamp>
			</report>
			<report>
				<misses>341500000</misses>
				<total>0</total>
				<timestamp>3145.249104</timestamp>
			</report>
			<report>
				<misses>341600000</misses>
				<total>0</total>
				<timestamp>3146.155428</timestamp>
			</report>
			<report>
				<misses>341700000</misses>
				<total>0</total>
				<timestamp>3147.099734</timestamp>
			</report>
			<report>
				<misses>341800000</misses>
				<total>0</total>
				<timestamp>3147.989431</timestamp>
			</report>
			<report>
				<misses>341900000</misses>
				<total>0</total>
				<timestamp>3148.896253</timestamp>
			</report>
			<report>
				<misses>342000000</misses>
				<total>0</total>
				<timestamp>3149.800418</timestamp>
			</report>
			<report>
				<misses>342100000</misses>
				<total>0</total>
				<timestamp>3150.714564</timestamp>
			</report>
			<report>
				<misses>342200000</misses>
				<total>0</total>
				<timestamp>3151.624054</timestamp>
			</report>
			<report>
				<misses>342300000</misses>
				<total>0</total>
				<timestamp>3152.524301</timestamp>
			</report>
			<report>
				<misses>342400000</misses>
				<total>0</total>
				<timestamp>3153.432714</timestamp>
			</report>
			<report>
				<misses>342500000</misses>
				<total>0</total>
				<timestamp>3154.363266</timestamp>
			</report>
			<report>
				<misses>342600000</misses>
				<total>0</total>
				<timestamp>3155.279857</timestamp>
			</report>
			<report>
				<misses>342700000</misses>
				<total>0</total>
				<timestamp>3156.201740</timestamp>
			</report>
			<report>
				<misses>342800000</misses>
				<total>0</total>
				<timestamp>3157.131485</timestamp>
			</report>
			<report>
				<misses>342900000</misses>
				<total>0</total>
				<timestamp>3158.059975</timestamp>
			</report>
			<report>
				<misses>343000000</misses>
				<total>0</total>
				<timestamp>3158.963197</timestamp>
			</report>
			<report>
				<misses>343100000</misses>
				<total>0</total>
				<timestamp>3159.891565</timestamp>
			</report>
			<report>
				<misses>343200000</misses>
				<total>0</total>
				<timestamp>3160.842026</timestamp>
			</report>
			<report>
				<misses>343300000</misses>
				<total>0</total>
				<timestamp>3161.769597</timestamp>
			</report>
			<report>
				<misses>343400000</misses>
				<total>0</total>
				<timestamp>3162.716085</timestamp>
			</report>
			<report>
				<misses>343500000</misses>
				<total>0</total>
				<timestamp>3163.646599</timestamp>
			</report>
			<report>
				<misses>343600000</misses>
				<total>0</total>
				<timestamp>3164.563480</timestamp>
			</report>
			<report>
				<misses>343700000</misses>
				<total>0</total>
				<timestamp>3165.459180</timestamp>
			</report>
			<report>
				<misses>343800000</misses>
				<total>0</total>
				<timestamp>3166.365293</timestamp>
			</report>
			<report>
				<misses>343900000</misses>
				<total>0</total>
				<timestamp>3167.265044</timestamp>
			</report>
			<report>
				<misses>344000000</misses>
				<total>0</total>
				<timestamp>3168.168710</timestamp>
			</report>
			<report>
				<misses>344100000</misses>
				<total>0</total>
				<timestamp>3169.080308</timestamp>
			</report>
			<report>
				<misses>344200000</misses>
				<total>0</total>
				<timestamp>3169.986094</timestamp>
			</report>
			<report>
				<misses>344300000</misses>
				<total>0</total>
				<timestamp>3170.909257</timestamp>
			</report>
			<report>
				<misses>344400000</misses>
				<total>0</total>
				<timestamp>3171.857081</timestamp>
			</report>
			<report>
				<misses>344500000</misses>
				<total>0</total>
				<timestamp>3172.791927</timestamp>
			</report>
			<report>
				<misses>344600000</misses>
				<total>0</total>
				<timestamp>3173.730558</timestamp>
			</report>
			<report>
				<misses>344700000</misses>
				<total>0</total>
				<timestamp>3174.678138</timestamp>
			</report>
			<report>
				<misses>344800000</misses>
				<total>0</total>
				<timestamp>3175.602169</timestamp>
			</report>
			<report>
				<misses>344900000</misses>
				<total>0</total>
				<timestamp>3176.518364</timestamp>
			</report>
			<report>
				<misses>345000000</misses>
				<total>0</total>
				<timestamp>3177.444345</timestamp>
			</report>
			<report>
				<misses>345100000</misses>
				<total>0</total>
				<timestamp>3178.358282</timestamp>
			</report>
			<report>
				<misses>345200000</misses>
				<total>0</total>
				<timestamp>3179.309404</timestamp>
			</report>
			<report>
				<misses>345300000</misses>
				<total>0</total>
				<timestamp>3180.232941</timestamp>
			</report>
			<report>
				<misses>345400000</misses>
				<total>0</total>
				<timestamp>3181.151253</timestamp>
			</report>
			<report>
				<misses>345500000</misses>
				<total>0</total>
				<timestamp>3182.057058</timestamp>
			</report>
			<report>
				<misses>345600000</misses>
				<total>0</total>
				<timestamp>3182.957144</timestamp>
			</report>
			<report>
				<misses>345700000</misses>
				<total>0</total>
				<timestamp>3183.862245</timestamp>
			</report>
			<report>
				<misses>345800000</misses>
				<total>0</total>
				<timestamp>3184.765540</timestamp>
			</report>
			<report>
				<misses>345900000</misses>
				<total>0</total>
				<timestamp>3185.671942</timestamp>
			</report>
			<report>
				<misses>346000000</misses>
				<total>0</total>
				<timestamp>3186.575945</timestamp>
			</report>
			<report>
				<misses>346100000</misses>
				<total>0</total>
				<timestamp>3187.476495</timestamp>
			</report>
			<report>
				<misses>346200000</misses>
				<total>0</total>
				<timestamp>3188.430162</timestamp>
			</report>
			<report>
				<misses>346300000</misses>
				<total>0</total>
				<timestamp>3189.351384</timestamp>
			</report>
			<report>
				<misses>346400000</misses>
				<total>0</total>
				<timestamp>3190.305349</timestamp>
			</report>
			<report>
				<misses>346500000</misses>
				<total>0</total>
				<timestamp>3191.242145</timestamp>
			</report>
			<report>
				<misses>346600000</misses>
				<total>0</total>
				<timestamp>3192.173028</timestamp>
			</report>
			<report>
				<misses>346700000</misses>
				<total>0</total>
				<timestamp>3193.118478</timestamp>
			</report>
			<report>
				<misses>346800000</misses>
				<total>0</total>
				<timestamp>3194.066791</timestamp>
			</report>
			<report>
				<misses>346900000</misses>
				<total>0</total>
				<timestamp>3195.018822</timestamp>
			</report>
			<report>
				<misses>347000000</misses>
				<total>0</total>
				<timestamp>3195.959128</timestamp>
			</report>
			<report>
				<misses>347100000</misses>
				<total>0</total>
				<timestamp>3196.911149</timestamp>
			</report>
			<report>
				<misses>347200000</misses>
				<total>0</total>
				<timestamp>3197.848870</timestamp>
			</report>
			<report>
				<misses>347300000</misses>
				<total>0</total>
				<timestamp>3198.792274</timestamp>
			</report>
			<report>
				<misses>347400000</misses>
				<total>0</total>
				<timestamp>3199.719210</timestamp>
			</report>
			<report>
				<misses>347500000</misses>
				<total>0</total>
				<timestamp>3200.664199</timestamp>
			</report>
			<report>
				<misses>347600000</misses>
				<total>0</total>
				<timestamp>3201.590997</timestamp>
			</report>
			<report>
				<misses>347700000</misses>
				<total>0</total>
				<timestamp>3202.523689</timestamp>
			</report>
			<report>
				<misses>347800000</misses>
				<total>0</total>
				<timestamp>3203.438413</timestamp>
			</report>
			<report>
				<misses>347900000</misses>
				<total>0</total>
				<timestamp>3204.350319</timestamp>
			</report>
			<report>
				<misses>348000000</misses>
				<total>0</total>
				<timestamp>3205.248678</timestamp>
			</report>
			<report>
				<misses>348100000</misses>
				<total>0</total>
				<timestamp>3206.135849</timestamp>
			</report>
			<report>
				<misses>348200000</misses>
				<total>0</total>
				<timestamp>3207.037931</timestamp>
			</report>
			<report>
				<misses>348300000</misses>
				<total>0</total>
				<timestamp>3207.928987</timestamp>
			</report>
			<report>
				<misses>348400000</misses>
				<total>0</total>
				<timestamp>3208.823456</timestamp>
			</report>
			<report>
				<misses>348500000</misses>
				<total>0</total>
				<timestamp>3209.740331</timestamp>
			</report>
			<report>
				<misses>348600000</misses>
				<total>0</total>
				<timestamp>3210.672531</timestamp>
			</report>
			<report>
				<misses>348700000</misses>
				<total>0</total>
				<timestamp>3211.603750</timestamp>
			</report>
			<report>
				<misses>348800000</misses>
				<total>0</total>
				<timestamp>3212.540882</timestamp>
			</report>
			<report>
				<misses>348900000</misses>
				<total>0</total>
				<timestamp>3213.472559</timestamp>
			</report>
			<report>
				<misses>349000000</misses>
				<total>0</total>
				<timestamp>3214.410726</timestamp>
			</report>
			<report>
				<misses>349100000</misses>
				<total>0</total>
				<timestamp>3215.348315</timestamp>
			</report>
			<report>
				<misses>349200000</misses>
				<total>0</total>
				<timestamp>3216.275906</timestamp>
			</report>
			<report>
				<misses>349300000</misses>
				<total>0</total>
				<timestamp>3217.190060</timestamp>
			</report>
			<report>
				<misses>349400000</misses>
				<total>0</total>
				<timestamp>3218.128546</timestamp>
			</report>
			<report>
				<misses>349500000</misses>
				<total>0</total>
				<timestamp>3219.059671</timestamp>
			</report>
			<report>
				<misses>349600000</misses>
				<total>0</total>
				<timestamp>3219.977690</timestamp>
			</report>
			<report>
				<misses>349700000</misses>
				<total>0</total>
				<timestamp>3220.894082</timestamp>
			</report>
			<report>
				<misses>349800000</misses>
				<total>0</total>
				<timestamp>3221.815514</timestamp>
			</report>
			<report>
				<misses>349900000</misses>
				<total>0</total>
				<timestamp>3222.717812</timestamp>
			</report>
			<report>
				<misses>350000000</misses>
				<total>0</total>
				<timestamp>3223.622748</timestamp>
			</report>
			<report>
				<misses>350100000</misses>
				<total>0</total>
				<timestamp>3224.523481</timestamp>
			</report>
			<report>
				<misses>350200000</misses>
				<total>0</total>
				<timestamp>3225.416335</timestamp>
			</report>
			<report>
				<misses>350300000</misses>
				<total>0</total>
				<timestamp>3226.311149</timestamp>
			</report>
			<report>
				<misses>350400000</misses>
				<total>0</total>
				<timestamp>3227.213104</timestamp>
			</report>
			<report>
				<misses>350500000</misses>
				<total>0</total>
				<timestamp>3228.117479</timestamp>
			</report>
			<report>
				<misses>350600000</misses>
				<total>0</total>
				<timestamp>3229.066210</timestamp>
			</report>
			<report>
				<misses>350700000</misses>
				<total>0</total>
				<timestamp>3229.994137</timestamp>
			</report>
			<report>
				<misses>350800000</misses>
				<total>0</total>
				<timestamp>3230.925241</timestamp>
			</report>
			<report>
				<misses>350900000</misses>
				<total>0</total>
				<timestamp>3231.849961</timestamp>
			</report>
			<report>
				<misses>351000000</misses>
				<total>0</total>
				<timestamp>3232.771526</timestamp>
			</report>
			<report>
				<misses>351100000</misses>
				<total>0</total>
				<timestamp>3233.703872</timestamp>
			</report>
			<report>
				<misses>351200000</misses>
				<total>0</total>
				<timestamp>3234.614858</timestamp>
			</report>
			<report>
				<misses>351300000</misses>
				<total>0</total>
				<timestamp>3235.533389</timestamp>
			</report>
			<report>
				<misses>351400000</misses>
				<total>0</total>
				<timestamp>3236.450739</timestamp>
			</report>
			<report>
				<misses>351500000</misses>
				<total>0</total>
				<timestamp>3237.394702</timestamp>
			</report>
			<report>
				<misses>351600000</misses>
				<total>0</total>
				<timestamp>3238.312724</timestamp>
			</report>
			<report>
				<misses>351700000</misses>
				<total>0</total>
				<timestamp>3239.229506</timestamp>
			</report>
			<report>
				<misses>351800000</misses>
				<total>0</total>
				<timestamp>3240.128448</timestamp>
			</report>
			<report>
				<misses>351900000</misses>
				<total>0</total>
				<timestamp>3241.031772</timestamp>
			</report>
			<report>
				<misses>352000000</misses>
				<total>0</total>
				<timestamp>3241.933270</timestamp>
			</report>
			<report>
				<misses>352100000</misses>
				<total>0</total>
				<timestamp>3242.831828</timestamp>
			</report>
			<report>
				<misses>352200000</misses>
				<total>0</total>
				<timestamp>3243.726775</timestamp>
			</report>
			<report>
				<misses>352300000</misses>
				<total>0</total>
				<timestamp>3244.632142</timestamp>
			</report>
			<report>
				<misses>352400000</misses>
				<total>0</total>
				<timestamp>3245.585579</timestamp>
			</report>
			<report>
				<misses>352500000</misses>
				<total>0</total>
				<timestamp>3246.530334</timestamp>
			</report>
			<report>
				<misses>352600000</misses>
				<total>0</total>
				<timestamp>3247.498064</timestamp>
			</report>
			<report>
				<misses>352700000</misses>
				<total>0</total>
				<timestamp>3248.421388</timestamp>
			</report>
			<report>
				<misses>352800000</misses>
				<total>0</total>
				<timestamp>3249.371650</timestamp>
			</report>
			<report>
				<misses>352900000</misses>
				<total>0</total>
				<timestamp>3250.312846</timestamp>
			</report>
			<report>
				<misses>353000000</misses>
				<total>0</total>
				<timestamp>3251.273750</timestamp>
			</report>
			<report>
				<misses>353100000</misses>
				<total>0</total>
				<timestamp>3252.214338</timestamp>
			</report>
			<report>
				<misses>353200000</misses>
				<total>0</total>
				<timestamp>3253.139184</timestamp>
			</report>
			<report>
				<misses>353300000</misses>
				<total>0</total>
				<timestamp>3254.070564</timestamp>
			</report>
			<report>
				<misses>353400000</misses>
				<total>0</total>
				<timestamp>3254.986999</timestamp>
			</report>
			<report>
				<misses>353500000</misses>
				<total>0</total>
				<timestamp>3255.914689</timestamp>
			</report>
			<report>
				<misses>353600000</misses>
				<total>0</total>
				<timestamp>3256.846696</timestamp>
			</report>
			<report>
				<misses>353700000</misses>
				<total>0</total>
				<timestamp>3257.762099</timestamp>
			</report>
			<report>
				<misses>353800000</misses>
				<total>0</total>
				<timestamp>3258.705935</timestamp>
			</report>
			<report>
				<misses>353900000</misses>
				<total>0</total>
				<timestamp>3259.629836</timestamp>
			</report>
			<report>
				<misses>354000000</misses>
				<total>0</total>
				<timestamp>3260.561390</timestamp>
			</report>
			<report>
				<misses>354100000</misses>
				<total>0</total>
				<timestamp>3261.467192</timestamp>
			</report>
			<report>
				<misses>354200000</misses>
				<total>0</total>
				<timestamp>3262.384991</timestamp>
			</report>
			<report>
				<misses>354300000</misses>
				<total>0</total>
				<timestamp>3263.271135</timestamp>
			</report>
			<report>
				<misses>354400000</misses>
				<total>0</total>
				<timestamp>3264.174691</timestamp>
			</report>
			<report>
				<misses>354500000</misses>
				<total>0</total>
				<timestamp>3265.072358</timestamp>
			</report>
			<report>
				<misses>354600000</misses>
				<total>0</total>
				<timestamp>3265.977381</timestamp>
			</report>
			<report>
				<misses>354700000</misses>
				<total>0</total>
				<timestamp>3266.887114</timestamp>
			</report>
			<report>
				<misses>354800000</misses>
				<total>0</total>
				<timestamp>3267.789321</timestamp>
			</report>
			<report>
				<misses>354900000</misses>
				<total>0</total>
				<timestamp>3268.704551</timestamp>
			</report>
			<report>
				<misses>355000000</misses>
				<total>0</total>
				<timestamp>3269.648406</timestamp>
			</report>
			<report>
				<misses>355100000</misses>
				<total>0</total>
				<timestamp>3270.576909</timestamp>
			</report>
			<report>
				<misses>355200000</misses>
				<total>0</total>
				<timestamp>3271.490586</timestamp>
			</report>
			<report>
				<misses>355300000</misses>
				<total>0</total>
				<timestamp>3272.426140</timestamp>
			</report>
			<report>
				<misses>355400000</misses>
				<total>0</total>
				<timestamp>3273.348030</timestamp>
			</report>
			<report>
				<misses>355500000</misses>
				<total>0</total>
				<timestamp>3274.257959</timestamp>
			</report>
			<report>
				<misses>355600000</misses>
				<total>0</total>
				<timestamp>3275.192336</timestamp>
			</report>
			<report>
				<misses>355700000</misses>
				<total>0</total>
				<timestamp>3276.112379</timestamp>
			</report>
			<report>
				<misses>355800000</misses>
				<total>0</total>
				<timestamp>3277.026313</timestamp>
			</report>
			<report>
				<misses>355900000</misses>
				<total>0</total>
				<timestamp>3277.950933</timestamp>
			</report>
			<report>
				<misses>356000000</misses>
				<total>0</total>
				<timestamp>3278.873048</timestamp>
			</report>
			<report>
				<misses>356100000</misses>
				<total>0</total>
				<timestamp>3279.822440</timestamp>
			</report>
			<report>
				<misses>356200000</misses>
				<total>0</total>
				<timestamp>3280.733394</timestamp>
			</report>
			<report>
				<misses>356300000</misses>
				<total>0</total>
				<timestamp>3281.640494</timestamp>
			</report>
			<report>
				<misses>356400000</misses>
				<total>0</total>
				<timestamp>3282.537571</timestamp>
			</report>
			<report>
				<misses>356500000</misses>
				<total>0</total>
				<timestamp>3283.433299</timestamp>
			</report>
			<report>
				<misses>356600000</misses>
				<total>0</total>
				<timestamp>3284.318578</timestamp>
			</report>
			<report>
				<misses>356700000</misses>
				<total>0</total>
				<timestamp>3285.219558</timestamp>
			</report>
			<report>
				<misses>356800000</misses>
				<total>0</total>
				<timestamp>3286.128469</timestamp>
			</report>
			<report>
				<misses>356900000</misses>
				<total>0</total>
				<timestamp>3287.039776</timestamp>
			</report>
			<report>
				<misses>357000000</misses>
				<total>0</total>
				<timestamp>3287.976271</timestamp>
			</report>
			<report>
				<misses>357100000</misses>
				<total>0</total>
				<timestamp>3288.902804</timestamp>
			</report>
			<report>
				<misses>357200000</misses>
				<total>0</total>
				<timestamp>3289.813432</timestamp>
			</report>
			<report>
				<misses>357300000</misses>
				<total>0</total>
				<timestamp>3290.758426</timestamp>
			</report>
			<report>
				<misses>357400000</misses>
				<total>0</total>
				<timestamp>3291.665728</timestamp>
			</report>
			<report>
				<misses>357500000</misses>
				<total>0</total>
				<timestamp>3292.580003</timestamp>
			</report>
			<report>
				<misses>357600000</misses>
				<total>0</total>
				<timestamp>3293.502564</timestamp>
			</report>
			<report>
				<misses>357700000</misses>
				<total>0</total>
				<timestamp>3294.450616</timestamp>
			</report>
			<report>
				<misses>357800000</misses>
				<total>0</total>
				<timestamp>3295.376883</timestamp>
			</report>
			<report>
				<misses>357900000</misses>
				<total>0</total>
				<timestamp>3296.316639</timestamp>
			</report>
			<report>
				<misses>358000000</misses>
				<total>0</total>
				<timestamp>3297.235684</timestamp>
			</report>
			<report>
				<misses>358100000</misses>
				<total>0</total>
				<timestamp>3298.135825</timestamp>
			</report>
			<report>
				<misses>358200000</misses>
				<total>0</total>
				<timestamp>3299.037847</timestamp>
			</report>
			<report>
				<misses>358300000</misses>
				<total>0</total>
				<timestamp>3299.936422</timestamp>
			</report>
			<report>
				<misses>358400000</misses>
				<total>0</total>
				<timestamp>3300.837592</timestamp>
			</report>
			<report>
				<misses>358500000</misses>
				<total>0</total>
				<timestamp>3301.731082</timestamp>
			</report>
			<report>
				<misses>358600000</misses>
				<total>0</total>
				<timestamp>3302.632936</timestamp>
			</report>
			<report>
				<misses>358700000</misses>
				<total>0</total>
				<timestamp>3303.526980</timestamp>
			</report>
			<report>
				<misses>358800000</misses>
				<total>0</total>
				<timestamp>3304.475756</timestamp>
			</report>
			<report>
				<misses>358900000</misses>
				<total>0</total>
				<timestamp>3305.390112</timestamp>
			</report>
			<report>
				<misses>359000000</misses>
				<total>0</total>
				<timestamp>3306.284567</timestamp>
			</report>
			<report>
				<misses>359100000</misses>
				<total>0</total>
				<timestamp>3307.210904</timestamp>
			</report>
			<report>
				<misses>359200000</misses>
				<total>0</total>
				<timestamp>3308.103070</timestamp>
			</report>
			<report>
				<misses>359300000</misses>
				<total>0</total>
				<timestamp>3309.029033</timestamp>
			</report>
			<report>
				<misses>359400000</misses>
				<total>0</total>
				<timestamp>3309.936584</timestamp>
			</report>
			<report>
				<misses>359500000</misses>
				<total>0</total>
				<timestamp>3310.840156</timestamp>
			</report>
			<report>
				<misses>359600000</misses>
				<total>0</total>
				<timestamp>3311.764734</timestamp>
			</report>
			<report>
				<misses>359700000</misses>
				<total>0</total>
				<timestamp>3312.681168</timestamp>
			</report>
			<report>
				<misses>359800000</misses>
				<total>0</total>
				<timestamp>3313.593604</timestamp>
			</report>
			<report>
				<misses>359900000</misses>
				<total>0</total>
				<timestamp>3314.528457</timestamp>
			</report>
			<report>
				<misses>360000000</misses>
				<total>0</total>
				<timestamp>3315.428821</timestamp>
			</report>
			<report>
				<misses>360100000</misses>
				<total>0</total>
				<timestamp>3316.326631</timestamp>
			</report>
			<report>
				<misses>360200000</misses>
				<total>0</total>
				<timestamp>3317.227588</timestamp>
			</report>
			<report>
				<misses>360300000</misses>
				<total>0</total>
				<timestamp>3318.134811</timestamp>
			</report>
			<report>
				<misses>360400000</misses>
				<total>0</total>
				<timestamp>3319.049495</timestamp>
			</report>
			<report>
				<misses>360500000</misses>
				<total>0</total>
				<timestamp>3319.962635</timestamp>
			</report>
			<report>
				<misses>360600000</misses>
				<total>0</total>
				<timestamp>3320.861666</timestamp>
			</report>
			<report>
				<misses>360700000</misses>
				<total>0</total>
				<timestamp>3321.768195</timestamp>
			</report>
			<report>
				<misses>360800000</misses>
				<total>0</total>
				<timestamp>3322.706125</timestamp>
			</report>
			<report>
				<misses>360900000</misses>
				<total>0</total>
				<timestamp>3323.617423</timestamp>
			</report>
			<report>
				<misses>361000000</misses>
				<total>0</total>
				<timestamp>3324.536354</timestamp>
			</report>
			<report>
				<misses>361100000</misses>
				<total>0</total>
				<timestamp>3325.461771</timestamp>
			</report>
			<report>
				<misses>361200000</misses>
				<total>0</total>
				<timestamp>3326.365005</timestamp>
			</report>
			<report>
				<misses>361300000</misses>
				<total>0</total>
				<timestamp>3327.259239</timestamp>
			</report>
			<report>
				<misses>361400000</misses>
				<total>0</total>
				<timestamp>3328.197565</timestamp>
			</report>
			<report>
				<misses>361500000</misses>
				<total>0</total>
				<timestamp>3329.110797</timestamp>
			</report>
			<report>
				<misses>361600000</misses>
				<total>0</total>
				<timestamp>3330.016167</timestamp>
			</report>
			<report>
				<misses>361700000</misses>
				<total>0</total>
				<timestamp>3330.936133</timestamp>
			</report>
			<report>
				<misses>361800000</misses>
				<total>0</total>
				<timestamp>3331.846183</timestamp>
			</report>
			<report>
				<misses>361900000</misses>
				<total>0</total>
				<timestamp>3332.758275</timestamp>
			</report>
			<report>
				<misses>362000000</misses>
				<total>0</total>
				<timestamp>3333.675065</timestamp>
			</report>
			<report>
				<misses>362100000</misses>
				<total>0</total>
				<timestamp>3334.580293</timestamp>
			</report>
			<report>
				<misses>362200000</misses>
				<total>0</total>
				<timestamp>3335.473940</timestamp>
			</report>
			<report>
				<misses>362300000</misses>
				<total>0</total>
				<timestamp>3336.376294</timestamp>
			</report>
			<report>
				<misses>362400000</misses>
				<total>0</total>
				<timestamp>3337.286093</timestamp>
			</report>
			<report>
				<misses>362500000</misses>
				<total>0</total>
				<timestamp>3338.174665</timestamp>
			</report>
			<report>
				<misses>362600000</misses>
				<total>0</total>
				<timestamp>3339.071976</timestamp>
			</report>
			<report>
				<misses>362700000</misses>
				<total>0</total>
				<timestamp>3339.989977</timestamp>
			</report>
			<report>
				<misses>362800000</misses>
				<total>0</total>
				<timestamp>3340.926353</timestamp>
			</report>
			<report>
				<misses>362900000</misses>
				<total>0</total>
				<timestamp>3341.841760</timestamp>
			</report>
			<report>
				<misses>363000000</misses>
				<total>0</total>
				<timestamp>3342.766950</timestamp>
			</report>
			<report>
				<misses>363100000</misses>
				<total>0</total>
				<timestamp>3343.693909</timestamp>
			</report>
			<report>
				<misses>363200000</misses>
				<total>0</total>
				<timestamp>3344.607942</timestamp>
			</report>
			<report>
				<misses>363300000</misses>
				<total>0</total>
				<timestamp>3345.548046</timestamp>
			</report>
			<report>
				<misses>363400000</misses>
				<total>0</total>
				<timestamp>3346.466223</timestamp>
			</report>
			<report>
				<misses>363500000</misses>
				<total>0</total>
				<timestamp>3347.393935</timestamp>
			</report>
			<report>
				<misses>363600000</misses>
				<total>0</total>
				<timestamp>3348.317314</timestamp>
			</report>
			<report>
				<misses>363700000</misses>
				<total>0</total>
				<timestamp>3349.239103</timestamp>
			</report>
			<report>
				<misses>363800000</misses>
				<total>0</total>
				<timestamp>3350.152236</timestamp>
			</report>
			<report>
				<misses>363900000</misses>
				<total>0</total>
				<timestamp>3351.053275</timestamp>
			</report>
			<report>
				<misses>364000000</misses>
				<total>0</total>
				<timestamp>3351.966306</timestamp>
			</report>
			<report>
				<misses>364100000</misses>
				<total>0</total>
				<timestamp>3352.853814</timestamp>
			</report>
			<report>
				<misses>364200000</misses>
				<total>0</total>
				<timestamp>3353.757503</timestamp>
			</report>
			<report>
				<misses>364300000</misses>
				<total>0</total>
				<timestamp>3354.664923</timestamp>
			</report>
			<report>
				<misses>364400000</misses>
				<total>0</total>
				<timestamp>3355.552343</timestamp>
			</report>
			<report>
				<misses>364500000</misses>
				<total>0</total>
				<timestamp>3356.459440</timestamp>
			</report>
			<report>
				<misses>364600000</misses>
				<total>0</total>
				<timestamp>3357.354191</timestamp>
			</report>
			<report>
				<misses>364700000</misses>
				<total>0</total>
				<timestamp>3358.263695</timestamp>
			</report>
			<report>
				<misses>364800000</misses>
				<total>0</total>
				<timestamp>3359.186407</timestamp>
			</report>
			<report>
				<misses>364900000</misses>
				<total>0</total>
				<timestamp>3360.103266</timestamp>
			</report>
			<report>
				<misses>365000000</misses>
				<total>0</total>
				<timestamp>3361.012068</timestamp>
			</report>
			<report>
				<misses>365100000</misses>
				<total>0</total>
				<timestamp>3361.914158</timestamp>
			</report>
			<report>
				<misses>365200000</misses>
				<total>0</total>
				<timestamp>3362.829333</timestamp>
			</report>
			<report>
				<misses>365300000</misses>
				<total>0</total>
				<timestamp>3363.761111</timestamp>
			</report>
			<report>
				<misses>365400000</misses>
				<total>0</total>
				<timestamp>3364.686680</timestamp>
			</report>
			<report>
				<misses>365500000</misses>
				<total>0</total>
				<timestamp>3365.629234</timestamp>
			</report>
			<report>
				<misses>365600000</misses>
				<total>0</total>
				<timestamp>3366.597908</timestamp>
			</report>
			<report>
				<misses>365700000</misses>
				<total>0</total>
				<timestamp>3367.519456</timestamp>
			</report>
			<report>
				<misses>365800000</misses>
				<total>0</total>
				<timestamp>3368.470005</timestamp>
			</report>
			<report>
				<misses>365900000</misses>
				<total>0</total>
				<timestamp>3369.412981</timestamp>
			</report>
			<report>
				<misses>366000000</misses>
				<total>0</total>
				<timestamp>3370.358200</timestamp>
			</report>
			<report>
				<misses>366100000</misses>
				<total>0</total>
				<timestamp>3371.324590</timestamp>
			</report>
			<report>
				<misses>366200000</misses>
				<total>0</total>
				<timestamp>3372.265488</timestamp>
			</report>
			<report>
				<misses>366300000</misses>
				<total>0</total>
				<timestamp>3373.192725</timestamp>
			</report>
			<report>
				<misses>366400000</misses>
				<total>0</total>
				<timestamp>3374.146248</timestamp>
			</report>
			<report>
				<misses>366500000</misses>
				<total>0</total>
				<timestamp>3375.109321</timestamp>
			</report>
			<report>
				<misses>366600000</misses>
				<total>0</total>
				<timestamp>3376.050214</timestamp>
			</report>
			<report>
				<misses>366700000</misses>
				<total>0</total>
				<timestamp>3376.967187</timestamp>
			</report>
			<report>
				<misses>366800000</misses>
				<total>0</total>
				<timestamp>3377.896991</timestamp>
			</report>
			<report>
				<misses>366900000</misses>
				<total>0</total>
				<timestamp>3378.807512</timestamp>
			</report>
			<report>
				<misses>367000000</misses>
				<total>0</total>
				<timestamp>3379.701087</timestamp>
			</report>
			<report>
				<misses>367100000</misses>
				<total>0</total>
				<timestamp>3380.603670</timestamp>
			</report>
			<report>
				<misses>367200000</misses>
				<total>0</total>
				<timestamp>3381.513186</timestamp>
			</report>
			<report>
				<misses>367300000</misses>
				<total>0</total>
				<timestamp>3382.425398</timestamp>
			</report>
			<report>
				<misses>367400000</misses>
				<total>0</total>
				<timestamp>3383.318934</timestamp>
			</report>
			<report>
				<misses>367500000</misses>
				<total>0</total>
				<timestamp>3384.226497</timestamp>
			</report>
			<report>
				<misses>367600000</misses>
				<total>0</total>
				<timestamp>3385.177515</timestamp>
			</report>
			<report>
				<misses>367700000</misses>
				<total>0</total>
				<timestamp>3386.095153</timestamp>
			</report>
			<report>
				<misses>367800000</misses>
				<total>0</total>
				<timestamp>3387.047321</timestamp>
			</report>
			<report>
				<misses>367900000</misses>
				<total>0</total>
				<timestamp>3387.971467</timestamp>
			</report>
			<report>
				<misses>368000000</misses>
				<total>0</total>
				<timestamp>3388.897797</timestamp>
			</report>
			<report>
				<misses>368100000</misses>
				<total>0</total>
				<timestamp>3389.819818</timestamp>
			</report>
			<report>
				<misses>368200000</misses>
				<total>0</total>
				<timestamp>3390.731589</timestamp>
			</report>
			<report>
				<misses>368300000</misses>
				<total>0</total>
				<timestamp>3391.644854</timestamp>
			</report>
			<report>
				<misses>368400000</misses>
				<total>0</total>
				<timestamp>3392.589133</timestamp>
			</report>
			<report>
				<misses>368500000</misses>
				<total>0</total>
				<timestamp>3393.503777</timestamp>
			</report>
			<report>
				<misses>368600000</misses>
				<total>0</total>
				<timestamp>3394.440670</timestamp>
			</report>
			<report>
				<misses>368700000</misses>
				<total>0</total>
				<timestamp>3395.351625</timestamp>
			</report>
			<report>
				<misses>368800000</misses>
				<total>0</total>
				<timestamp>3396.250880</timestamp>
			</report>
			<report>
				<misses>368900000</misses>
				<total>0</total>
				<timestamp>3397.151030</timestamp>
			</report>
			<report>
				<misses>369000000</misses>
				<total>0</total>
				<timestamp>3398.039265</timestamp>
			</report>
			<report>
				<misses>369100000</misses>
				<total>0</total>
				<timestamp>3398.928359</timestamp>
			</report>
			<report>
				<misses>369200000</misses>
				<total>0</total>
				<timestamp>3399.830958</timestamp>
			</report>
			<report>
				<misses>369300000</misses>
				<total>0</total>
				<timestamp>3400.737873</timestamp>
			</report>
			<report>
				<misses>369400000</misses>
				<total>0</total>
				<timestamp>3401.664862</timestamp>
			</report>
			<report>
				<misses>369500000</misses>
				<total>0</total>
				<timestamp>3402.590990</timestamp>
			</report>
			<report>
				<misses>369600000</misses>
				<total>0</total>
				<timestamp>3403.538823</timestamp>
			</report>
			<report>
				<misses>369700000</misses>
				<total>0</total>
				<timestamp>3404.469733</timestamp>
			</report>
			<report>
				<misses>369800000</misses>
				<total>0</total>
				<timestamp>3405.394902</timestamp>
			</report>
			<report>
				<misses>369900000</misses>
				<total>0</total>
				<timestamp>3406.358599</timestamp>
			</report>
			<report>
				<misses>370000000</misses>
				<total>0</total>
				<timestamp>3407.270594</timestamp>
			</report>
			<report>
				<misses>370100000</misses>
				<total>0</total>
				<timestamp>3408.187809</timestamp>
			</report>
			<report>
				<misses>370200000</misses>
				<total>0</total>
				<timestamp>3409.108238</timestamp>
			</report>
			<report>
				<misses>370300000</misses>
				<total>0</total>
				<timestamp>3410.044077</timestamp>
			</report>
			<report>
				<misses>370400000</misses>
				<total>0</total>
				<timestamp>3410.981689</timestamp>
			</report>
			<report>
				<misses>370500000</misses>
				<total>0</total>
				<timestamp>3411.876030</timestamp>
			</report>
			<report>
				<misses>370600000</misses>
				<total>0</total>
				<timestamp>3412.774804</timestamp>
			</report>
			<report>
				<misses>370700000</misses>
				<total>0</total>
				<timestamp>3413.681361</timestamp>
			</report>
			<report>
				<misses>370800000</misses>
				<total>0</total>
				<timestamp>3414.583344</timestamp>
			</report>
			<report>
				<misses>370900000</misses>
				<total>0</total>
				<timestamp>3415.487752</timestamp>
			</report>
			<report>
				<misses>371000000</misses>
				<total>0</total>
				<timestamp>3416.384981</timestamp>
			</report>
			<report>
				<misses>371100000</misses>
				<total>0</total>
				<timestamp>3417.268125</timestamp>
			</report>
			<report>
				<misses>371200000</misses>
				<total>0</total>
				<timestamp>3418.179738</timestamp>
			</report>
			<report>
				<misses>371300000</misses>
				<total>0</total>
				<timestamp>3419.141665</timestamp>
			</report>
			<report>
				<misses>371400000</misses>
				<total>0</total>
				<timestamp>3420.083621</timestamp>
			</report>
			<report>
				<misses>371500000</misses>
				<total>0</total>
				<timestamp>3421.000288</timestamp>
			</report>
			<report>
				<misses>371600000</misses>
				<total>0</total>
				<timestamp>3421.934581</timestamp>
			</report>
			<report>
				<misses>371700000</misses>
				<total>0</total>
				<timestamp>3422.827096</timestamp>
			</report>
			<report>
				<misses>371800000</misses>
				<total>0</total>
				<timestamp>3423.766491</timestamp>
			</report>
			<report>
				<misses>371900000</misses>
				<total>0</total>
				<timestamp>3424.710141</timestamp>
			</report>
			<report>
				<misses>372000000</misses>
				<total>0</total>
				<timestamp>3425.651495</timestamp>
			</report>
			<report>
				<misses>372100000</misses>
				<total>0</total>
				<timestamp>3426.583721</timestamp>
			</report>
			<report>
				<misses>372200000</misses>
				<total>0</total>
				<timestamp>3427.544812</timestamp>
			</report>
			<report>
				<misses>372300000</misses>
				<total>0</total>
				<timestamp>3428.489572</timestamp>
			</report>
			<report>
				<misses>372400000</misses>
				<total>0</total>
				<timestamp>3429.424096</timestamp>
			</report>
			<report>
				<misses>372500000</misses>
				<total>0</total>
				<timestamp>3430.361778</timestamp>
			</report>
			<report>
				<misses>372600000</misses>
				<total>0</total>
				<timestamp>3431.297713</timestamp>
			</report>
			<report>
				<misses>372700000</misses>
				<total>0</total>
				<timestamp>3432.243369</timestamp>
			</report>
			<report>
				<misses>372800000</misses>
				<total>0</total>
				<timestamp>3433.186262</timestamp>
			</report>
			<report>
				<misses>372900000</misses>
				<total>0</total>
				<timestamp>3434.109388</timestamp>
			</report>
			<report>
				<misses>373000000</misses>
				<total>0</total>
				<timestamp>3435.040734</timestamp>
			</report>
			<report>
				<misses>373100000</misses>
				<total>0</total>
				<timestamp>3435.940263</timestamp>
			</report>
			<report>
				<misses>373200000</misses>
				<total>0</total>
				<timestamp>3436.835872</timestamp>
			</report>
			<report>
				<misses>373300000</misses>
				<total>0</total>
				<timestamp>3437.733657</timestamp>
			</report>
			<report>
				<misses>373400000</misses>
				<total>0</total>
				<timestamp>3438.647232</timestamp>
			</report>
			<report>
				<misses>373500000</misses>
				<total>0</total>
				<timestamp>3439.542884</timestamp>
			</report>
			<report>
				<misses>373600000</misses>
				<total>0</total>
				<timestamp>3440.444783</timestamp>
			</report>
			<report>
				<misses>373700000</misses>
				<total>0</total>
				<timestamp>3441.331839</timestamp>
			</report>
			<report>
				<misses>373800000</misses>
				<total>0</total>
				<timestamp>3442.243183</timestamp>
			</report>
			<report>
				<misses>373900000</misses>
				<total>0</total>
				<timestamp>3443.175186</timestamp>
			</report>
			<report>
				<misses>374000000</misses>
				<total>0</total>
				<timestamp>3444.099135</timestamp>
			</report>
			<report>
				<misses>374100000</misses>
				<total>0</total>
				<timestamp>3445.029095</timestamp>
			</report>
			<report>
				<misses>374200000</misses>
				<total>0</total>
				<timestamp>3445.959250</timestamp>
			</report>
			<report>
				<misses>374300000</misses>
				<total>0</total>
				<timestamp>3446.883541</timestamp>
			</report>
			<report>
				<misses>374400000</misses>
				<total>0</total>
				<timestamp>3447.819658</timestamp>
			</report>
			<report>
				<misses>374500000</misses>
				<total>0</total>
				<timestamp>3448.729529</timestamp>
			</report>
			<report>
				<misses>374600000</misses>
				<total>0</total>
				<timestamp>3449.634005</timestamp>
			</report>
			<report>
				<misses>374700000</misses>
				<total>0</total>
				<timestamp>3450.558859</timestamp>
			</report>
			<report>
				<misses>374800000</misses>
				<total>0</total>
				<timestamp>3451.467332</timestamp>
			</report>
			<report>
				<misses>374900000</misses>
				<total>0</total>
				<timestamp>3452.403917</timestamp>
			</report>
			<report>
				<misses>375000000</misses>
				<total>0</total>
				<timestamp>3453.302062</timestamp>
			</report>
			<report>
				<misses>375100000</misses>
				<total>0</total>
				<timestamp>3454.201407</timestamp>
			</report>
			<report>
				<misses>375200000</misses>
				<total>0</total>
				<timestamp>3455.110785</timestamp>
			</report>
			<report>
				<misses>375300000</misses>
				<total>0</total>
				<timestamp>3456.013202</timestamp>
			</report>
			<report>
				<misses>375400000</misses>
				<total>0</total>
				<timestamp>3456.908021</timestamp>
			</report>
			<report>
				<misses>375500000</misses>
				<total>0</total>
				<timestamp>3457.814683</timestamp>
			</report>
			<report>
				<misses>375600000</misses>
				<total>0</total>
				<timestamp>3458.712685</timestamp>
			</report>
			<report>
				<misses>375700000</misses>
				<total>0</total>
				<timestamp>3459.607812</timestamp>
			</report>
			<report>
				<misses>375800000</misses>
				<total>0</total>
				<timestamp>3460.534598</timestamp>
			</report>
			<report>
				<misses>375900000</misses>
				<total>0</total>
				<timestamp>3461.454826</timestamp>
			</report>
			<report>
				<misses>376000000</misses>
				<total>0</total>
				<timestamp>3462.365570</timestamp>
			</report>
			<report>
				<misses>376100000</misses>
				<total>0</total>
				<timestamp>3463.283465</timestamp>
			</report>
			<report>
				<misses>376200000</misses>
				<total>0</total>
				<timestamp>3464.194534</timestamp>
			</report>
			<report>
				<misses>376300000</misses>
				<total>0</total>
				<timestamp>3465.100394</timestamp>
			</report>
			<report>
				<misses>376400000</misses>
				<total>0</total>
				<timestamp>3466.005667</timestamp>
			</report>
			<report>
				<misses>376500000</misses>
				<total>0</total>
				<timestamp>3466.917848</timestamp>
			</report>
			<report>
				<misses>376600000</misses>
				<total>0</total>
				<timestamp>3467.822650</timestamp>
			</report>
			<report>
				<misses>376700000</misses>
				<total>0</total>
				<timestamp>3468.733187</timestamp>
			</report>
			<report>
				<misses>376800000</misses>
				<total>0</total>
				<timestamp>3469.661340</timestamp>
			</report>
			<report>
				<misses>376900000</misses>
				<total>0</total>
				<timestamp>3470.590837</timestamp>
			</report>
			<report>
				<misses>377000000</misses>
				<total>0</total>
				<timestamp>3471.489058</timestamp>
			</report>
			<report>
				<misses>377100000</misses>
				<total>0</total>
				<timestamp>3472.380676</timestamp>
			</report>
			<report>
				<misses>377200000</misses>
				<total>0</total>
				<timestamp>3473.286427</timestamp>
			</report>
			<report>
				<misses>377300000</misses>
				<total>0</total>
				<timestamp>3474.193283</timestamp>
			</report>
			<report>
				<misses>377400000</misses>
				<total>0</total>
				<timestamp>3475.098779</timestamp>
			</report>
			<report>
				<misses>377500000</misses>
				<total>0</total>
				<timestamp>3475.990946</timestamp>
			</report>
			<report>
				<misses>377600000</misses>
				<total>0</total>
				<timestamp>3476.889633</timestamp>
			</report>
			<report>
				<misses>377700000</misses>
				<total>0</total>
				<timestamp>3477.798221</timestamp>
			</report>
			<report>
				<misses>377800000</misses>
				<total>0</total>
				<timestamp>3478.743440</timestamp>
			</report>
			<report>
				<misses>377900000</misses>
				<total>0</total>
				<timestamp>3479.674077</timestamp>
			</report>
			<report>
				<misses>378000000</misses>
				<total>0</total>
				<timestamp>3480.572741</timestamp>
			</report>
			<report>
				<misses>378100000</misses>
				<total>0</total>
				<timestamp>3481.481752</timestamp>
			</report>
			<report>
				<misses>378200000</misses>
				<total>0</total>
				<timestamp>3482.424344</timestamp>
			</report>
			<report>
				<misses>378300000</misses>
				<total>0</total>
				<timestamp>3483.360244</timestamp>
			</report>
			<report>
				<misses>378400000</misses>
				<total>0</total>
				<timestamp>3484.330845</timestamp>
			</report>
			<report>
				<misses>378500000</misses>
				<total>0</total>
				<timestamp>3485.286209</timestamp>
			</report>
			<report>
				<misses>378600000</misses>
				<total>0</total>
				<timestamp>3486.227909</timestamp>
			</report>
			<report>
				<misses>378700000</misses>
				<total>0</total>
				<timestamp>3487.155820</timestamp>
			</report>
			<report>
				<misses>378800000</misses>
				<total>0</total>
				<timestamp>3488.083632</timestamp>
			</report>
			<report>
				<misses>378900000</misses>
				<total>0</total>
				<timestamp>3489.023602</timestamp>
			</report>
			<report>
				<misses>379000000</misses>
				<total>0</total>
				<timestamp>3489.952857</timestamp>
			</report>
			<report>
				<misses>379100000</misses>
				<total>0</total>
				<timestamp>3490.869743</timestamp>
			</report>
			<report>
				<misses>379200000</misses>
				<total>0</total>
				<timestamp>3491.764643</timestamp>
			</report>
			<report>
				<misses>379300000</misses>
				<total>0</total>
				<timestamp>3492.683167</timestamp>
			</report>
			<report>
				<misses>379400000</misses>
				<total>0</total>
				<timestamp>3493.602280</timestamp>
			</report>
			<report>
				<misses>379500000</misses>
				<total>0</total>
				<timestamp>3494.504483</timestamp>
			</report>
			<report>
				<misses>379600000</misses>
				<total>0</total>
				<timestamp>3495.400515</timestamp>
			</report>
			<report>
				<misses>379700000</misses>
				<total>0</total>
				<timestamp>3496.300469</timestamp>
			</report>
			<report>
				<misses>379800000</misses>
				<total>0</total>
				<timestamp>3497.218963</timestamp>
			</report>
			<report>
				<misses>379900000</misses>
				<total>0</total>
				<timestamp>3498.116844</timestamp>
			</report>
			<report>
				<misses>380000000</misses>
				<total>0</total>
				<timestamp>3499.039863</timestamp>
			</report>
			<report>
				<misses>380100000</misses>
				<total>0</total>
				<timestamp>3499.957443</timestamp>
			</report>
			<report>
				<misses>380200000</misses>
				<total>0</total>
				<timestamp>3500.871815</timestamp>
			</report>
			<report>
				<misses>380300000</misses>
				<total>0</total>
				<timestamp>3501.838526</timestamp>
			</report>
			<report>
				<misses>380400000</misses>
				<total>0</total>
				<timestamp>3502.768589</timestamp>
			</report>
			<report>
				<misses>380500000</misses>
				<total>0</total>
				<timestamp>3503.720961</timestamp>
			</report>
			<report>
				<misses>380600000</misses>
				<total>0</total>
				<timestamp>3504.643181</timestamp>
			</report>
			<report>
				<misses>380700000</misses>
				<total>0</total>
				<timestamp>3505.569045</timestamp>
			</report>
			<report>
				<misses>380800000</misses>
				<total>0</total>
				<timestamp>3506.490058</timestamp>
			</report>
			<report>
				<misses>380900000</misses>
				<total>0</total>
				<timestamp>3507.414303</timestamp>
			</report>
			<report>
				<misses>381000000</misses>
				<total>0</total>
				<timestamp>3508.334488</timestamp>
			</report>
			<report>
				<misses>381100000</misses>
				<total>0</total>
				<timestamp>3509.253981</timestamp>
			</report>
			<report>
				<misses>381200000</misses>
				<total>0</total>
				<timestamp>3510.165044</timestamp>
			</report>
			<report>
				<misses>381300000</misses>
				<total>0</total>
				<timestamp>3511.087050</timestamp>
			</report>
			<report>
				<misses>381400000</misses>
				<total>0</total>
				<timestamp>3511.997658</timestamp>
			</report>
			<report>
				<misses>381500000</misses>
				<total>0</total>
				<timestamp>3512.918841</timestamp>
			</report>
			<report>
				<misses>381600000</misses>
				<total>0</total>
				<timestamp>3513.841426</timestamp>
			</report>
			<report>
				<misses>381700000</misses>
				<total>0</total>
				<timestamp>3514.760986</timestamp>
			</report>
			<report>
				<misses>381800000</misses>
				<total>0</total>
				<timestamp>3515.687535</timestamp>
			</report>
			<report>
				<misses>381900000</misses>
				<total>0</total>
				<timestamp>3516.595652</timestamp>
			</report>
			<report>
				<misses>382000000</misses>
				<total>0</total>
				<timestamp>3517.495133</timestamp>
			</report>
			<report>
				<misses>382100000</misses>
				<total>0</total>
				<timestamp>3518.393696</timestamp>
			</report>
			<report>
				<misses>382200000</misses>
				<total>0</total>
				<timestamp>3519.289491</timestamp>
			</report>
			<report>
				<misses>382300000</misses>
				<total>0</total>
				<timestamp>3520.203187</timestamp>
			</report>
			<report>
				<misses>382400000</misses>
				<total>0</total>
				<timestamp>3521.105184</timestamp>
			</report>
			<report>
				<misses>382500000</misses>
				<total>0</total>
				<timestamp>3522.004075</timestamp>
			</report>
			<report>
				<misses>382600000</misses>
				<total>0</total>
				<timestamp>3522.931763</timestamp>
			</report>
			<report>
				<misses>382700000</misses>
				<total>0</total>
				<timestamp>3523.846262</timestamp>
			</report>
			<report>
				<misses>382800000</misses>
				<total>0</total>
				<timestamp>3524.779654</timestamp>
			</report>
			<report>
				<misses>382900000</misses>
				<total>0</total>
				<timestamp>3525.728492</timestamp>
			</report>
			<report>
				<misses>383000000</misses>
				<total>0</total>
				<timestamp>3526.675208</timestamp>
			</report>
			<report>
				<misses>383100000</misses>
				<total>0</total>
				<timestamp>3527.569920</timestamp>
			</report>
			<report>
				<misses>383200000</misses>
				<total>0</total>
				<timestamp>3528.496570</timestamp>
			</report>
			<report>
				<misses>383300000</misses>
				<total>0</total>
				<timestamp>3529.417897</timestamp>
			</report>
			<report>
				<misses>383400000</misses>
				<total>0</total>
				<timestamp>3530.326032</timestamp>
			</report>
			<report>
				<misses>383500000</misses>
				<total>0</total>
				<timestamp>3531.250417</timestamp>
			</report>
			<report>
				<misses>383600000</misses>
				<total>0</total>
				<timestamp>3532.165398</timestamp>
			</report>
			<report>
				<misses>383700000</misses>
				<total>0</total>
				<timestamp>3533.068170</timestamp>
			</report>
			<report>
				<misses>383800000</misses>
				<total>0</total>
				<timestamp>3534.004062</timestamp>
			</report>
			<report>
				<misses>383900000</misses>
				<total>0</total>
				<timestamp>3534.907667</timestamp>
			</report>
			<report>
				<misses>384000000</misses>
				<total>0</total>
				<timestamp>3535.811905</timestamp>
			</report>
			<report>
				<misses>384100000</misses>
				<total>0</total>
				<timestamp>3536.723110</timestamp>
			</report>
			<report>
				<misses>384200000</misses>
				<total>0</total>
				<timestamp>3537.615982</timestamp>
			</report>
			<report>
				<misses>384300000</misses>
				<total>0</total>
				<timestamp>3538.517823</timestamp>
			</report>
			<report>
				<misses>384400000</misses>
				<total>0</total>
				<timestamp>3539.409576</timestamp>
			</report>
			<report>
				<misses>384500000</misses>
				<total>0</total>
				<timestamp>3540.315096</timestamp>
			</report>
			<report>
				<misses>384600000</misses>
				<total>0</total>
				<timestamp>3541.208151</timestamp>
			</report>
			<report>
				<misses>384700000</misses>
				<total>0</total>
				<timestamp>3542.117868</timestamp>
			</report>
			<report>
				<misses>384800000</misses>
				<total>0</total>
				<timestamp>3543.033596</timestamp>
			</report>
			<report>
				<misses>384900000</misses>
				<total>0</total>
				<timestamp>3543.955420</timestamp>
			</report>
			<report>
				<misses>385000000</misses>
				<total>0</total>
				<timestamp>3544.865819</timestamp>
			</report>
			<report>
				<misses>385100000</misses>
				<total>0</total>
				<timestamp>3545.779830</timestamp>
			</report>
			<report>
				<misses>385200000</misses>
				<total>0</total>
				<timestamp>3546.698779</timestamp>
			</report>
			<report>
				<misses>385300000</misses>
				<total>0</total>
				<timestamp>3547.600223</timestamp>
			</report>
			<report>
				<misses>385400000</misses>
				<total>0</total>
				<timestamp>3548.528102</timestamp>
			</report>
			<report>
				<misses>385500000</misses>
				<total>0</total>
				<timestamp>3549.480358</timestamp>
			</report>
			<report>
				<misses>385600000</misses>
				<total>0</total>
				<timestamp>3550.394740</timestamp>
			</report>
			<report>
				<misses>385700000</misses>
				<total>0</total>
				<timestamp>3551.321582</timestamp>
			</report>
			<report>
				<misses>385800000</misses>
				<total>0</total>
				<timestamp>3552.243429</timestamp>
			</report>
			<report>
				<misses>385900000</misses>
				<total>0</total>
				<timestamp>3553.173404</timestamp>
			</report>
			<report>
				<misses>386000000</misses>
				<total>0</total>
				<timestamp>3554.126705</timestamp>
			</report>
			<report>
				<misses>386100000</misses>
				<total>0</total>
				<timestamp>3555.080128</timestamp>
			</report>
			<report>
				<misses>386200000</misses>
				<total>0</total>
				<timestamp>3556.023431</timestamp>
			</report>
			<report>
				<misses>386300000</misses>
				<total>0</total>
				<timestamp>3556.980400</timestamp>
			</report>
			<report>
				<misses>386400000</misses>
				<total>0</total>
				<timestamp>3557.936653</timestamp>
			</report>
			<report>
				<misses>386500000</misses>
				<total>0</total>
				<timestamp>3558.885069</timestamp>
			</report>
			<report>
				<misses>386600000</misses>
				<total>0</total>
				<timestamp>3559.829220</timestamp>
			</report>
			<report>
				<misses>386700000</misses>
				<total>0</total>
				<timestamp>3560.773407</timestamp>
			</report>
			<report>
				<misses>386800000</misses>
				<total>0</total>
				<timestamp>3561.730644</timestamp>
			</report>
			<report>
				<misses>386900000</misses>
				<total>0</total>
				<timestamp>3562.686289</timestamp>
			</report>
			<report>
				<misses>387000000</misses>
				<total>0</total>
				<timestamp>3563.642512</timestamp>
			</report>
			<report>
				<misses>387100000</misses>
				<total>0</total>
				<timestamp>3564.568093</timestamp>
			</report>
			<report>
				<misses>387200000</misses>
				<total>0</total>
				<timestamp>3565.479954</timestamp>
			</report>
			<report>
				<misses>387300000</misses>
				<total>0</total>
				<timestamp>3566.391612</timestamp>
			</report>
			<report>
				<misses>387400000</misses>
				<total>0</total>
				<timestamp>3567.291199</timestamp>
			</report>
			<report>
				<misses>387500000</misses>
				<total>0</total>
				<timestamp>3568.205554</timestamp>
			</report>
			<report>
				<misses>387600000</misses>
				<total>0</total>
				<timestamp>3569.101944</timestamp>
			</report>
			<report>
				<misses>387700000</misses>
				<total>0</total>
				<timestamp>3570.024530</timestamp>
			</report>
			<report>
				<misses>387800000</misses>
				<total>0</total>
				<timestamp>3570.970326</timestamp>
			</report>
			<report>
				<misses>387900000</misses>
				<total>0</total>
				<timestamp>3571.878045</timestamp>
			</report>
			<report>
				<misses>388000000</misses>
				<total>0</total>
				<timestamp>3572.820072</timestamp>
			</report>
			<report>
				<misses>388100000</misses>
				<total>0</total>
				<timestamp>3573.728863</timestamp>
			</report>
			<report>
				<misses>388200000</misses>
				<total>0</total>
				<timestamp>3574.644969</timestamp>
			</report>
			<report>
				<misses>388300000</misses>
				<total>0</total>
				<timestamp>3575.599192</timestamp>
			</report>
			<report>
				<misses>388400000</misses>
				<total>0</total>
				<timestamp>3576.510616</timestamp>
			</report>
			<report>
				<misses>388500000</misses>
				<total>0</total>
				<timestamp>3577.451187</timestamp>
			</report>
			<report>
				<misses>388600000</misses>
				<total>0</total>
				<timestamp>3578.372876</timestamp>
			</report>
			<report>
				<misses>388700000</misses>
				<total>0</total>
				<timestamp>3579.302627</timestamp>
			</report>
			<report>
				<misses>388800000</misses>
				<total>0</total>
				<timestamp>3580.239556</timestamp>
			</report>
			<report>
				<misses>388900000</misses>
				<total>0</total>
				<timestamp>3581.182391</timestamp>
			</report>
			<report>
				<misses>389000000</misses>
				<total>0</total>
				<timestamp>3582.094273</timestamp>
			</report>
			<report>
				<misses>389100000</misses>
				<total>0</total>
				<timestamp>3583.000801</timestamp>
			</report>
			<report>
				<misses>389200000</misses>
				<total>0</total>
				<timestamp>3583.903299</timestamp>
			</report>
			<report>
				<misses>389300000</misses>
				<total>0</total>
				<timestamp>3584.792054</timestamp>
			</report>
			<report>
				<misses>389400000</misses>
				<total>0</total>
				<timestamp>3585.693243</timestamp>
			</report>
			<report>
				<misses>389500000</misses>
				<total>0</total>
				<timestamp>3586.602894</timestamp>
			</report>
			<report>
				<misses>389600000</misses>
				<total>0</total>
				<timestamp>3587.506677</timestamp>
			</report>
			<report>
				<misses>389700000</misses>
				<total>0</total>
				<timestamp>3588.411478</timestamp>
			</report>
			<report>
				<misses>389800000</misses>
				<total>0</total>
				<timestamp>3589.384237</timestamp>
			</report>
			<report>
				<misses>389900000</misses>
				<total>0</total>
				<timestamp>3590.288607</timestamp>
			</report>
			<report>
				<misses>390000000</misses>
				<total>0</total>
				<timestamp>3591.219818</timestamp>
			</report>
			<report>
				<misses>390100000</misses>
				<total>0</total>
				<timestamp>3592.142298</timestamp>
			</report>
			<report>
				<misses>390200000</misses>
				<total>0</total>
				<timestamp>3593.080893</timestamp>
			</report>
			<report>
				<misses>390300000</misses>
				<total>0</total>
				<timestamp>3593.995578</timestamp>
			</report>
			<report>
				<misses>390400000</misses>
				<total>0</total>
				<timestamp>3594.924927</timestamp>
			</report>
			<report>
				<misses>390500000</misses>
				<total>0</total>
				<timestamp>3595.853455</timestamp>
			</report>
			<report>
				<misses>390600000</misses>
				<total>0</total>
				<timestamp>3596.798554</timestamp>
			</report>
			<report>
				<misses>390700000</misses>
				<total>0</total>
				<timestamp>3597.731700</timestamp>
			</report>
			<report>
				<misses>390800000</misses>
				<total>0</total>
				<timestamp>3598.652826</timestamp>
			</report>
			<report>
				<misses>390900000</misses>
				<total>0</total>
				<timestamp>3599.561704</timestamp>
			</report>
			<report>
				<misses>391000000</misses>
				<total>0</total>
				<timestamp>3600.454807</timestamp>
			</report>
			<report>
				<misses>391100000</misses>
				<total>0</total>
				<timestamp>3601.333205</timestamp>
			</report>
			<report>
				<misses>391200000</misses>
				<total>0</total>
				<timestamp>3602.227331</timestamp>
			</report>
			<report>
				<misses>391300000</misses>
				<total>0</total>
				<timestamp>3603.114171</timestamp>
			</report>
			<report>
				<misses>391400000</misses>
				<total>0</total>
				<timestamp>3604.015108</timestamp>
			</report>
			<report>
				<misses>391500000</misses>
				<total>0</total>
				<timestamp>3604.909806</timestamp>
			</report>
			<report>
				<misses>391600000</misses>
				<total>0</total>
				<timestamp>3605.820431</timestamp>
			</report>
			<report>
				<misses>391700000</misses>
				<total>0</total>
				<timestamp>3606.752330</timestamp>
			</report>
			<report>
				<misses>391800000</misses>
				<total>0</total>
				<timestamp>3607.663370</timestamp>
			</report>
			<report>
				<misses>391900000</misses>
				<total>0</total>
				<timestamp>3608.601406</timestamp>
			</report>
			<report>
				<misses>392000000</misses>
				<total>0</total>
				<timestamp>3609.527597</timestamp>
			</report>
			<report>
				<misses>392100000</misses>
				<total>0</total>
				<timestamp>3610.450643</timestamp>
			</report>
			<report>
				<misses>392200000</misses>
				<total>0</total>
				<timestamp>3611.351019</timestamp>
			</report>
			<report>
				<misses>392300000</misses>
				<total>0</total>
				<timestamp>3612.281441</timestamp>
			</report>
			<report>
				<misses>392400000</misses>
				<total>0</total>
				<timestamp>3613.215378</timestamp>
			</report>
			<report>
				<misses>392500000</misses>
				<total>0</total>
				<timestamp>3614.132257</timestamp>
			</report>
			<report>
				<misses>392600000</misses>
				<total>0</total>
				<timestamp>3615.072935</timestamp>
			</report>
			<report>
				<misses>392700000</misses>
				<total>0</total>
				<timestamp>3615.988777</timestamp>
			</report>
			<report>
				<misses>392800000</misses>
				<total>0</total>
				<timestamp>3616.934580</timestamp>
			</report>
			<report>
				<misses>392900000</misses>
				<total>0</total>
				<timestamp>3617.842586</timestamp>
			</report>
			<report>
				<misses>393000000</misses>
				<total>0</total>
				<timestamp>3618.751432</timestamp>
			</report>
			<report>
				<misses>393100000</misses>
				<total>0</total>
				<timestamp>3619.659302</timestamp>
			</report>
			<report>
				<misses>393200000</misses>
				<total>0</total>
				<timestamp>3620.561992</timestamp>
			</report>
			<report>
				<misses>393300000</misses>
				<total>0</total>
				<timestamp>3621.475457</timestamp>
			</report>
			<report>
				<misses>393400000</misses>
				<total>0</total>
				<timestamp>3622.391909</timestamp>
			</report>
			<report>
				<misses>393500000</misses>
				<total>0</total>
				<timestamp>3623.281033</timestamp>
			</report>
			<report>
				<misses>393600000</misses>
				<total>0</total>
				<timestamp>3624.228243</timestamp>
			</report>
			<report>
				<misses>393700000</misses>
				<total>0</total>
				<timestamp>3625.154902</timestamp>
			</report>
			<report>
				<misses>393800000</misses>
				<total>0</total>
				<timestamp>3626.083583</timestamp>
			</report>
			<report>
				<misses>393900000</misses>
				<total>0</total>
				<timestamp>3627.033027</timestamp>
			</report>
			<report>
				<misses>394000000</misses>
				<total>0</total>
				<timestamp>3627.963794</timestamp>
			</report>
			<report>
				<misses>394100000</misses>
				<total>0</total>
				<timestamp>3628.898196</timestamp>
			</report>
			<report>
				<misses>394200000</misses>
				<total>0</total>
				<timestamp>3629.831344</timestamp>
			</report>
			<report>
				<misses>394300000</misses>
				<total>0</total>
				<timestamp>3630.757451</timestamp>
			</report>
			<report>
				<misses>394400000</misses>
				<total>0</total>
				<timestamp>3631.668175</timestamp>
			</report>
			<report>
				<misses>394500000</misses>
				<total>0</total>
				<timestamp>3632.598718</timestamp>
			</report>
			<report>
				<misses>394600000</misses>
				<total>0</total>
				<timestamp>3633.498773</timestamp>
			</report>
			<report>
				<misses>394700000</misses>
				<total>0</total>
				<timestamp>3634.463234</timestamp>
			</report>
			<report>
				<misses>394800000</misses>
				<total>0</total>
				<timestamp>3635.406658</timestamp>
			</report>
			<report>
				<misses>394900000</misses>
				<total>0</total>
				<timestamp>3636.324904</timestamp>
			</report>
			<report>
				<misses>395000000</misses>
				<total>0</total>
				<timestamp>3637.232922</timestamp>
			</report>
			<report>
				<misses>395100000</misses>
				<total>0</total>
				<timestamp>3638.142894</timestamp>
			</report>
			<report>
				<misses>395200000</misses>
				<total>0</total>
				<timestamp>3639.052749</timestamp>
			</report>
			<report>
				<misses>395300000</misses>
				<total>0</total>
				<timestamp>3639.951998</timestamp>
			</report>
			<report>
				<misses>395400000</misses>
				<total>0</total>
				<timestamp>3640.867037</timestamp>
			</report>
			<report>
				<misses>395500000</misses>
				<total>0</total>
				<timestamp>3641.790134</timestamp>
			</report>
			<report>
				<misses>395600000</misses>
				<total>0</total>
				<timestamp>3642.731115</timestamp>
			</report>
			<report>
				<misses>395700000</misses>
				<total>0</total>
				<timestamp>3643.655830</timestamp>
			</report>
			<report>
				<misses>395800000</misses>
				<total>0</total>
				<timestamp>3644.572924</timestamp>
			</report>
			<report>
				<misses>395900000</misses>
				<total>0</total>
				<timestamp>3645.479563</timestamp>
			</report>
			<report>
				<misses>396000000</misses>
				<total>0</total>
				<timestamp>3646.401348</timestamp>
			</report>
			<report>
				<misses>396100000</misses>
				<total>0</total>
				<timestamp>3647.336886</timestamp>
			</report>
			<report>
				<misses>396200000</misses>
				<total>0</total>
				<timestamp>3648.242302</timestamp>
			</report>
			<report>
				<misses>396300000</misses>
				<total>0</total>
				<timestamp>3649.201806</timestamp>
			</report>
			<report>
				<misses>396400000</misses>
				<total>0</total>
				<timestamp>3650.147729</timestamp>
			</report>
			<report>
				<misses>396500000</misses>
				<total>0</total>
				<timestamp>3651.090952</timestamp>
			</report>
			<report>
				<misses>396600000</misses>
				<total>0</total>
				<timestamp>3652.023659</timestamp>
			</report>
			<report>
				<misses>396700000</misses>
				<total>0</total>
				<timestamp>3652.931333</timestamp>
			</report>
			<report>
				<misses>396800000</misses>
				<total>0</total>
				<timestamp>3653.850269</timestamp>
			</report>
			<report>
				<misses>396900000</misses>
				<total>0</total>
				<timestamp>3654.754638</timestamp>
			</report>
			<report>
				<misses>397000000</misses>
				<total>0</total>
				<timestamp>3655.663447</timestamp>
			</report>
			<report>
				<misses>397100000</misses>
				<total>0</total>
				<timestamp>3656.550513</timestamp>
			</report>
			<report>
				<misses>397200000</misses>
				<total>0</total>
				<timestamp>3657.454697</timestamp>
			</report>
			<report>
				<misses>397300000</misses>
				<total>0</total>
				<timestamp>3658.351223</timestamp>
			</report>
			<report>
				<misses>397400000</misses>
				<total>0</total>
				<timestamp>3659.253190</timestamp>
			</report>
			<report>
				<misses>397500000</misses>
				<total>0</total>
				<timestamp>3660.162369</timestamp>
			</report>
			<report>
				<misses>397600000</misses>
				<total>0</total>
				<timestamp>3661.108824</timestamp>
			</report>
			<report>
				<misses>397700000</misses>
				<total>0</total>
				<timestamp>3662.015203</timestamp>
			</report>
			<report>
				<misses>397800000</misses>
				<total>0</total>
				<timestamp>3662.937680</timestamp>
			</report>
			<report>
				<misses>397900000</misses>
				<total>0</total>
				<timestamp>3663.864682</timestamp>
			</report>
			<report>
				<misses>398000000</misses>
				<total>0</total>
				<timestamp>3664.785311</timestamp>
			</report>
			<report>
				<misses>398100000</misses>
				<total>0</total>
				<timestamp>3665.697204</timestamp>
			</report>
			<report>
				<misses>398200000</misses>
				<total>0</total>
				<timestamp>3666.614527</timestamp>
			</report>
			<report>
				<misses>398300000</misses>
				<total>0</total>
				<timestamp>3667.574423</timestamp>
			</report>
			<report>
				<misses>398400000</misses>
				<total>0</total>
				<timestamp>3668.521347</timestamp>
			</report>
			<report>
				<misses>398500000</misses>
				<total>0</total>
				<timestamp>3669.471107</timestamp>
			</report>
			<report>
				<misses>398600000</misses>
				<total>0</total>
				<timestamp>3670.390611</timestamp>
			</report>
			<report>
				<misses>398700000</misses>
				<total>0</total>
				<timestamp>3671.323072</timestamp>
			</report>
			<report>
				<misses>398800000</misses>
				<total>0</total>
				<timestamp>3672.274423</timestamp>
			</report>
			<report>
				<misses>398900000</misses>
				<total>0</total>
				<timestamp>3673.228524</timestamp>
			</report>
			<report>
				<misses>399000000</misses>
				<total>0</total>
				<timestamp>3674.167588</timestamp>
			</report>
			<report>
				<misses>399100000</misses>
				<total>0</total>
				<timestamp>3675.090873</timestamp>
			</report>
			<report>
				<misses>399200000</misses>
				<total>0</total>
				<timestamp>3676.007845</timestamp>
			</report>
			<report>
				<misses>399300000</misses>
				<total>0</total>
				<timestamp>3676.926998</timestamp>
			</report>
			<report>
				<misses>399400000</misses>
				<total>0</total>
				<timestamp>3677.857964</timestamp>
			</report>
			<report>
				<misses>399500000</misses>
				<total>0</total>
				<timestamp>3678.758225</timestamp>
			</report>
			<report>
				<misses>399600000</misses>
				<total>0</total>
				<timestamp>3679.658160</timestamp>
			</report>
			<report>
				<misses>399700000</misses>
				<total>0</total>
				<timestamp>3680.562425</timestamp>
			</report>
			<report>
				<misses>399800000</misses>
				<total>0</total>
				<timestamp>3681.462520</timestamp>
			</report>
			<report>
				<misses>399900000</misses>
				<total>0</total>
				<timestamp>3682.357091</timestamp>
			</report>
			<report>
				<misses>400000000</misses>
				<total>0</total>
				<timestamp>3683.250079</timestamp>
			</report>
			<report>
				<misses>400100000</misses>
				<total>0</total>
				<timestamp>3684.158500</timestamp>
			</report>
			<report>
				<misses>400200000</misses>
				<total>0</total>
				<timestamp>3685.065444</timestamp>
			</report>
			<report>
				<misses>400300000</misses>
				<total>0</total>
				<timestamp>3686.039548</timestamp>
			</report>
			<report>
				<misses>400400000</misses>
				<total>0</total>
				<timestamp>3686.964642</timestamp>
			</report>
			<report>
				<misses>400500000</misses>
				<total>0</total>
				<timestamp>3687.898134</timestamp>
			</report>
			<report>
				<misses>400600000</misses>
				<total>0</total>
				<timestamp>3688.790894</timestamp>
			</report>
			<report>
				<misses>400700000</misses>
				<total>0</total>
				<timestamp>3689.735538</timestamp>
			</report>
			<report>
				<misses>400800000</misses>
				<total>0</total>
				<timestamp>3690.632384</timestamp>
			</report>
			<report>
				<misses>400900000</misses>
				<total>0</total>
				<timestamp>3691.573751</timestamp>
			</report>
			<report>
				<misses>401000000</misses>
				<total>0</total>
				<timestamp>3692.516803</timestamp>
			</report>
			<report>
				<misses>401100000</misses>
				<total>0</total>
				<timestamp>3693.439592</timestamp>
			</report>
			<report>
				<misses>401200000</misses>
				<total>0</total>
				<timestamp>3694.357710</timestamp>
			</report>
			<report>
				<misses>401300000</misses>
				<total>0</total>
				<timestamp>3695.282932</timestamp>
			</report>
			<report>
				<misses>401400000</misses>
				<total>0</total>
				<timestamp>3696.224297</timestamp>
			</report>
			<report>
				<misses>401500000</misses>
				<total>0</total>
				<timestamp>3697.151548</timestamp>
			</report>
			<report>
				<misses>401600000</misses>
				<total>0</total>
				<timestamp>3698.083893</timestamp>
			</report>
			<report>
				<misses>401700000</misses>
				<total>0</total>
				<timestamp>3698.978353</timestamp>
			</report>
			<report>
				<misses>401800000</misses>
				<total>0</total>
				<timestamp>3699.885457</timestamp>
			</report>
			<report>
				<misses>401900000</misses>
				<total>0</total>
				<timestamp>3700.815648</timestamp>
			</report>
			<report>
				<misses>402000000</misses>
				<total>0</total>
				<timestamp>3701.714668</timestamp>
			</report>
			<report>
				<misses>402100000</misses>
				<total>0</total>
				<timestamp>3702.623822</timestamp>
			</report>
			<report>
				<misses>402200000</misses>
				<total>0</total>
				<timestamp>3703.512912</timestamp>
			</report>
			<report>
				<misses>402300000</misses>
				<total>0</total>
				<timestamp>3704.435366</timestamp>
			</report>
			<report>
				<misses>402400000</misses>
				<total>0</total>
				<timestamp>3705.328012</timestamp>
			</report>
			<report>
				<misses>402500000</misses>
				<total>0</total>
				<timestamp>3706.240370</timestamp>
			</report>
			<report>
				<misses>402600000</misses>
				<total>0</total>
				<timestamp>3707.140585</timestamp>
			</report>
			<report>
				<misses>402700000</misses>
				<total>0</total>
				<timestamp>3708.099400</timestamp>
			</report>
			<report>
				<misses>402800000</misses>
				<total>0</total>
				<timestamp>3709.038940</timestamp>
			</report>
			<report>
				<misses>402900000</misses>
				<total>0</total>
				<timestamp>3709.962186</timestamp>
			</report>
			<report>
				<misses>403000000</misses>
				<total>0</total>
				<timestamp>3710.880102</timestamp>
			</report>
			<report>
				<misses>403100000</misses>
				<total>0</total>
				<timestamp>3711.796145</timestamp>
			</report>
			<report>
				<misses>403200000</misses>
				<total>0</total>
				<timestamp>3712.731349</timestamp>
			</report>
			<report>
				<misses>403300000</misses>
				<total>0</total>
				<timestamp>3713.647333</timestamp>
			</report>
			<report>
				<misses>403400000</misses>
				<total>0</total>
				<timestamp>3714.585799</timestamp>
			</report>
			<report>
				<misses>403500000</misses>
				<total>0</total>
				<timestamp>3715.509981</timestamp>
			</report>
			<report>
				<misses>403600000</misses>
				<total>0</total>
				<timestamp>3716.456609</timestamp>
			</report>
			<report>
				<misses>403700000</misses>
				<total>0</total>
				<timestamp>3717.396702</timestamp>
			</report>
			<report>
				<misses>403800000</misses>
				<total>0</total>
				<timestamp>3718.352162</timestamp>
			</report>
			<report>
				<misses>403900000</misses>
				<total>0</total>
				<timestamp>3719.312196</timestamp>
			</report>
			<report>
				<misses>404000000</misses>
				<total>0</total>
				<timestamp>3720.250894</timestamp>
			</report>
			<report>
				<misses>404100000</misses>
				<total>0</total>
				<timestamp>3721.188925</timestamp>
			</report>
			<report>
				<misses>404200000</misses>
				<total>0</total>
				<timestamp>3722.124365</timestamp>
			</report>
			<report>
				<misses>404300000</misses>
				<total>0</total>
				<timestamp>3723.030006</timestamp>
			</report>
			<report>
				<misses>404400000</misses>
				<total>0</total>
				<timestamp>3723.975858</timestamp>
			</report>
			<report>
				<misses>404500000</misses>
				<total>0</total>
				<timestamp>3724.896599</timestamp>
			</report>
			<report>
				<misses>404600000</misses>
				<total>0</total>
				<timestamp>3725.827630</timestamp>
			</report>
			<report>
				<misses>404700000</misses>
				<total>0</total>
				<timestamp>3726.768174</timestamp>
			</report>
			<report>
				<misses>404800000</misses>
				<total>0</total>
				<timestamp>3727.706445</timestamp>
			</report>
			<report>
				<misses>404900000</misses>
				<total>0</total>
				<timestamp>3728.634223</timestamp>
			</report>
			<report>
				<misses>405000000</misses>
				<total>0</total>
				<timestamp>3729.535053</timestamp>
			</report>
			<report>
				<misses>405100000</misses>
				<total>0</total>
				<timestamp>3730.430313</timestamp>
			</report>
			<report>
				<misses>405200000</misses>
				<total>0</total>
				<timestamp>3731.318866</timestamp>
			</report>
			<report>
				<misses>405300000</misses>
				<total>0</total>
				<timestamp>3732.216331</timestamp>
			</report>
			<report>
				<misses>405400000</misses>
				<total>0</total>
				<timestamp>3733.105819</timestamp>
			</report>
			<report>
				<misses>405500000</misses>
				<total>0</total>
				<timestamp>3734.013784</timestamp>
			</report>
			<report>
				<misses>405600000</misses>
				<total>0</total>
				<timestamp>3734.953090</timestamp>
			</report>
			<report>
				<misses>405700000</misses>
				<total>0</total>
				<timestamp>3735.886366</timestamp>
			</report>
			<report>
				<misses>405800000</misses>
				<total>0</total>
				<timestamp>3736.823360</timestamp>
			</report>
			<report>
				<misses>405900000</misses>
				<total>0</total>
				<timestamp>3737.745182</timestamp>
			</report>
			<report>
				<misses>406000000</misses>
				<total>0</total>
				<timestamp>3738.667277</timestamp>
			</report>
			<report>
				<misses>406100000</misses>
				<total>0</total>
				<timestamp>3739.579205</timestamp>
			</report>
			<report>
				<misses>406200000</misses>
				<total>0</total>
				<timestamp>3740.530546</timestamp>
			</report>
			<report>
				<misses>406300000</misses>
				<total>0</total>
				<timestamp>3741.466078</timestamp>
			</report>
			<report>
				<misses>406400000</misses>
				<total>0</total>
				<timestamp>3742.386904</timestamp>
			</report>
			<report>
				<misses>406500000</misses>
				<total>0</total>
				<timestamp>3743.322926</timestamp>
			</report>
			<report>
				<misses>406600000</misses>
				<total>0</total>
				<timestamp>3744.239538</timestamp>
			</report>
			<report>
				<misses>406700000</misses>
				<total>0</total>
				<timestamp>3745.142202</timestamp>
			</report>
			<report>
				<misses>406800000</misses>
				<total>0</total>
				<timestamp>3746.038394</timestamp>
			</report>
			<report>
				<misses>406900000</misses>
				<total>0</total>
				<timestamp>3746.935500</timestamp>
			</report>
			<report>
				<misses>407000000</misses>
				<total>0</total>
				<timestamp>3747.826203</timestamp>
			</report>
			<report>
				<misses>407100000</misses>
				<total>0</total>
				<timestamp>3748.719682</timestamp>
			</report>
			<report>
				<misses>407200000</misses>
				<total>0</total>
				<timestamp>3749.625379</timestamp>
			</report>
			<report>
				<misses>407300000</misses>
				<total>0</total>
				<timestamp>3750.522223</timestamp>
			</report>
			<report>
				<misses>407400000</misses>
				<total>0</total>
				<timestamp>3751.450704</timestamp>
			</report>
			<report>
				<misses>407500000</misses>
				<total>0</total>
				<timestamp>3752.369743</timestamp>
			</report>
			<report>
				<misses>407600000</misses>
				<total>0</total>
				<timestamp>3753.290880</timestamp>
			</report>
			<report>
				<misses>407700000</misses>
				<total>0</total>
				<timestamp>3754.200277</timestamp>
			</report>
			<report>
				<misses>407800000</misses>
				<total>0</total>
				<timestamp>3755.143977</timestamp>
			</report>
			<report>
				<misses>407900000</misses>
				<total>0</total>
				<timestamp>3756.108761</timestamp>
			</report>
			<report>
				<misses>408000000</misses>
				<total>0</total>
				<timestamp>3757.053988</timestamp>
			</report>
			<report>
				<misses>408100000</misses>
				<total>0</total>
				<timestamp>3758.006253</timestamp>
			</report>
			<report>
				<misses>408200000</misses>
				<total>0</total>
				<timestamp>3758.950109</timestamp>
			</report>
			<report>
				<misses>408300000</misses>
				<total>0</total>
				<timestamp>3759.867222</timestamp>
			</report>
			<report>
				<misses>408400000</misses>
				<total>0</total>
				<timestamp>3760.787338</timestamp>
			</report>
			<report>
				<misses>408500000</misses>
				<total>0</total>
				<timestamp>3761.698994</timestamp>
			</report>
			<report>
				<misses>408600000</misses>
				<total>0</total>
				<timestamp>3762.641640</timestamp>
			</report>
			<report>
				<misses>408700000</misses>
				<total>0</total>
				<timestamp>3763.574566</timestamp>
			</report>
			<report>
				<misses>408800000</misses>
				<total>0</total>
				<timestamp>3764.484957</timestamp>
			</report>
			<report>
				<misses>408900000</misses>
				<total>0</total>
				<timestamp>3765.414041</timestamp>
			</report>
			<report>
				<misses>409000000</misses>
				<total>0</total>
				<timestamp>3766.327162</timestamp>
			</report>
			<report>
				<misses>409100000</misses>
				<total>0</total>
				<timestamp>3767.248127</timestamp>
			</report>
			<report>
				<misses>409200000</misses>
				<total>0</total>
				<timestamp>3768.179697</timestamp>
			</report>
			<report>
				<misses>409300000</misses>
				<total>0</total>
				<timestamp>3769.093963</timestamp>
			</report>
			<report>
				<misses>409400000</misses>
				<total>0</total>
				<timestamp>3769.983066</timestamp>
			</report>
			<report>
				<misses>409500000</misses>
				<total>0</total>
				<timestamp>3770.887223</timestamp>
			</report>
			<report>
				<misses>409600000</misses>
				<total>0</total>
				<timestamp>3771.779436</timestamp>
			</report>
			<report>
				<misses>409700000</misses>
				<total>0</total>
				<timestamp>3772.692682</timestamp>
			</report>
			<report>
				<misses>409800000</misses>
				<total>0</total>
				<timestamp>3773.596260</timestamp>
			</report>
			<report>
				<misses>409900000</misses>
				<total>0</total>
				<timestamp>3774.503825</timestamp>
			</report>
			<report>
				<misses>410000000</misses>
				<total>0</total>
				<timestamp>3775.420821</timestamp>
			</report>
			<report>
				<misses>410100000</misses>
				<total>0</total>
				<timestamp>3776.388111</timestamp>
			</report>
			<report>
				<misses>410200000</misses>
				<total>0</total>
				<timestamp>3777.313971</timestamp>
			</report>
			<report>
				<misses>410300000</misses>
				<total>0</total>
				<timestamp>3778.261141</timestamp>
			</report>
			<report>
				<misses>410400000</misses>
				<total>0</total>
				<timestamp>3779.177671</timestamp>
			</report>
			<report>
				<misses>410500000</misses>
				<total>0</total>
				<timestamp>3780.113344</timestamp>
			</report>
			<report>
				<misses>410600000</misses>
				<total>0</total>
				<timestamp>3781.036540</timestamp>
			</report>
			<report>
				<misses>410700000</misses>
				<total>0</total>
				<timestamp>3781.963420</timestamp>
			</report>
			<report>
				<misses>410800000</misses>
				<total>0</total>
				<timestamp>3782.884167</timestamp>
			</report>
			<report>
				<misses>410900000</misses>
				<total>0</total>
				<timestamp>3783.813814</timestamp>
			</report>
			<report>
				<misses>411000000</misses>
				<total>0</total>
				<timestamp>3784.725296</timestamp>
			</report>
			<report>
				<misses>411100000</misses>
				<total>0</total>
				<timestamp>3785.665292</timestamp>
			</report>
			<report>
				<misses>411200000</misses>
				<total>0</total>
				<timestamp>3786.575121</timestamp>
			</report>
			<report>
				<misses>411300000</misses>
				<total>0</total>
				<timestamp>3787.474730</timestamp>
			</report>
			<report>
				<misses>411400000</misses>
				<total>0</total>
				<timestamp>3788.371961</timestamp>
			</report>
			<report>
				<misses>411500000</misses>
				<total>0</total>
				<timestamp>3789.268696</timestamp>
			</report>
			<report>
				<misses>411600000</misses>
				<total>0</total>
				<timestamp>3790.189466</timestamp>
			</report>
			<report>
				<misses>411700000</misses>
				<total>0</total>
				<timestamp>3791.094502</timestamp>
			</report>
			<report>
				<misses>411800000</misses>
				<total>0</total>
				<timestamp>3791.992153</timestamp>
			</report>
			<report>
				<misses>411900000</misses>
				<total>0</total>
				<timestamp>3792.905515</timestamp>
			</report>
			<report>
				<misses>412000000</misses>
				<total>0</total>
				<timestamp>3793.851404</timestamp>
			</report>
			<report>
				<misses>412100000</misses>
				<total>0</total>
				<timestamp>3794.795880</timestamp>
			</report>
			<report>
				<misses>412200000</misses>
				<total>0</total>
				<timestamp>3795.721969</timestamp>
			</report>
			<report>
				<misses>412300000</misses>
				<total>0</total>
				<timestamp>3796.653656</timestamp>
			</report>
			<report>
				<misses>412400000</misses>
				<total>0</total>
				<timestamp>3797.573829</timestamp>
			</report>
			<report>
				<misses>412500000</misses>
				<total>0</total>
				<timestamp>3798.508013</timestamp>
			</report>
			<report>
				<misses>412600000</misses>
				<total>0</total>
				<timestamp>3799.414662</timestamp>
			</report>
			<report>
				<misses>412700000</misses>
				<total>0</total>
				<timestamp>3800.344176</timestamp>
			</report>
			<report>
				<misses>412800000</misses>
				<total>0</total>
				<timestamp>3801.258117</timestamp>
			</report>
			<report>
				<misses>412900000</misses>
				<total>0</total>
				<timestamp>3802.187192</timestamp>
			</report>
			<report>
				<misses>413000000</misses>
				<total>0</total>
				<timestamp>3803.106048</timestamp>
			</report>
			<report>
				<misses>413100000</misses>
				<total>0</total>
				<timestamp>3804.017566</timestamp>
			</report>
			<report>
				<misses>413200000</misses>
				<total>0</total>
				<timestamp>3804.928880</timestamp>
			</report>
			<report>
				<misses>413300000</misses>
				<total>0</total>
				<timestamp>3805.826524</timestamp>
			</report>
			<report>
				<misses>413400000</misses>
				<total>0</total>
				<timestamp>3806.725644</timestamp>
			</report>
			<report>
				<misses>413500000</misses>
				<total>0</total>
				<timestamp>3807.618853</timestamp>
			</report>
			<report>
				<misses>413600000</misses>
				<total>0</total>
				<timestamp>3808.509676</timestamp>
			</report>
			<report>
				<misses>413700000</misses>
				<total>0</total>
				<timestamp>3809.400493</timestamp>
			</report>
			<report>
				<misses>413800000</misses>
				<total>0</total>
				<timestamp>3810.309531</timestamp>
			</report>
			<report>
				<misses>413900000</misses>
				<total>0</total>
				<timestamp>3811.218215</timestamp>
			</report>
			<report>
				<misses>414000000</misses>
				<total>0</total>
				<timestamp>3812.138284</timestamp>
			</report>
			<report>
				<misses>414100000</misses>
				<total>0</total>
				<timestamp>3813.059645</timestamp>
			</report>
			<report>
				<misses>414200000</misses>
				<total>0</total>
				<timestamp>3813.965604</timestamp>
			</report>
			<report>
				<misses>414300000</misses>
				<total>0</total>
				<timestamp>3814.898654</timestamp>
			</report>
			<report>
				<misses>414400000</misses>
				<total>0</total>
				<timestamp>3815.810392</timestamp>
			</report>
			<report>
				<misses>414500000</misses>
				<total>0</total>
				<timestamp>3816.748896</timestamp>
			</report>
			<report>
				<misses>414600000</misses>
				<total>0</total>
				<timestamp>3817.681932</timestamp>
			</report>
			<report>
				<misses>414700000</misses>
				<total>0</total>
				<timestamp>3818.612920</timestamp>
			</report>
			<report>
				<misses>414800000</misses>
				<total>0</total>
				<timestamp>3819.534937</timestamp>
			</report>
			<report>
				<misses>414900000</misses>
				<total>0</total>
				<timestamp>3820.480039</timestamp>
			</report>
			<report>
				<misses>415000000</misses>
				<total>0</total>
				<timestamp>3821.405784</timestamp>
			</report>
			<report>
				<misses>415100000</misses>
				<total>0</total>
				<timestamp>3822.344520</timestamp>
			</report>
			<report>
				<misses>415200000</misses>
				<total>0</total>
				<timestamp>3823.250688</timestamp>
			</report>
			<report>
				<misses>415300000</misses>
				<total>0</total>
				<timestamp>3824.146580</timestamp>
			</report>
			<report>
				<misses>415400000</misses>
				<total>0</total>
				<timestamp>3825.049589</timestamp>
			</report>
			<report>
				<misses>415500000</misses>
				<total>0</total>
				<timestamp>3825.952236</timestamp>
			</report>
			<report>
				<misses>415600000</misses>
				<total>0</total>
				<timestamp>3826.854473</timestamp>
			</report>
			<report>
				<misses>415700000</misses>
				<total>0</total>
				<timestamp>3827.747926</timestamp>
			</report>
			<report>
				<misses>415800000</misses>
				<total>0</total>
				<timestamp>3828.661937</timestamp>
			</report>
			<report>
				<misses>415900000</misses>
				<total>0</total>
				<timestamp>3829.617290</timestamp>
			</report>
			<report>
				<misses>416000000</misses>
				<total>0</total>
				<timestamp>3830.537486</timestamp>
			</report>
			<report>
				<misses>416100000</misses>
				<total>0</total>
				<timestamp>3831.466312</timestamp>
			</report>
			<report>
				<misses>416200000</misses>
				<total>0</total>
				<timestamp>3832.396741</timestamp>
			</report>
			<report>
				<misses>416300000</misses>
				<total>0</total>
				<timestamp>3833.312748</timestamp>
			</report>
			<report>
				<misses>416400000</misses>
				<total>0</total>
				<timestamp>3834.246931</timestamp>
			</report>
			<report>
				<misses>416500000</misses>
				<total>0</total>
				<timestamp>3835.167773</timestamp>
			</report>
			<report>
				<misses>416600000</misses>
				<total>0</total>
				<timestamp>3836.104424</timestamp>
			</report>
			<report>
				<misses>416700000</misses>
				<total>0</total>
				<timestamp>3837.034506</timestamp>
			</report>
			<report>
				<misses>416800000</misses>
				<total>0</total>
				<timestamp>3837.983477</timestamp>
			</report>
			<report>
				<misses>416900000</misses>
				<total>0</total>
				<timestamp>3838.896977</timestamp>
			</report>
			<report>
				<misses>417000000</misses>
				<total>0</total>
				<timestamp>3839.799034</timestamp>
			</report>
			<report>
				<misses>417100000</misses>
				<total>0</total>
				<timestamp>3840.682943</timestamp>
			</report>
			<report>
				<misses>417200000</misses>
				<total>0</total>
				<timestamp>3841.588837</timestamp>
			</report>
			<report>
				<misses>417300000</misses>
				<total>0</total>
				<timestamp>3842.496821</timestamp>
			</report>
			<report>
				<misses>417400000</misses>
				<total>0</total>
				<timestamp>3843.397427</timestamp>
			</report>
			<report>
				<misses>417500000</misses>
				<total>0</total>
				<timestamp>3844.294973</timestamp>
			</report>
			<report>
				<misses>417600000</misses>
				<total>0</total>
				<timestamp>3845.189764</timestamp>
			</report>
			<report>
				<misses>417700000</misses>
				<total>0</total>
				<timestamp>3846.107983</timestamp>
			</report>
			<report>
				<misses>417800000</misses>
				<total>0</total>
				<timestamp>3847.031368</timestamp>
			</report>
			<report>
				<misses>417900000</misses>
				<total>0</total>
				<timestamp>3847.957483</timestamp>
			</report>
			<report>
				<misses>418000000</misses>
				<total>0</total>
				<timestamp>3848.881194</timestamp>
			</report>
			<report>
				<misses>418100000</misses>
				<total>0</total>
				<timestamp>3849.797233</timestamp>
			</report>
			<report>
				<misses>418200000</misses>
				<total>0</total>
				<timestamp>3850.746339</timestamp>
			</report>
			<report>
				<misses>418300000</misses>
				<total>0</total>
				<timestamp>3851.687186</timestamp>
			</report>
			<report>
				<misses>418400000</misses>
				<total>0</total>
				<timestamp>3852.638912</timestamp>
			</report>
			<report>
				<misses>418500000</misses>
				<total>0</total>
				<timestamp>3853.589549</timestamp>
			</report>
			<report>
				<misses>418600000</misses>
				<total>0</total>
				<timestamp>3854.544774</timestamp>
			</report>
			<report>
				<misses>418700000</misses>
				<total>0</total>
				<timestamp>3855.498534</timestamp>
			</report>
			<report>
				<misses>418800000</misses>
				<total>0</total>
				<timestamp>3856.436453</timestamp>
			</report>
			<report>
				<misses>418900000</misses>
				<total>0</total>
				<timestamp>3857.381657</timestamp>
			</report>
			<report>
				<misses>419000000</misses>
				<total>0</total>
				<timestamp>3858.311273</timestamp>
			</report>
			<report>
				<misses>419100000</misses>
				<total>0</total>
				<timestamp>3859.278905</timestamp>
			</report>
			<report>
				<misses>419200000</misses>
				<total>0</total>
				<timestamp>3860.215276</timestamp>
			</report>
			<report>
				<misses>419300000</misses>
				<total>0</total>
				<timestamp>3861.160091</timestamp>
			</report>
			<report>
				<misses>419400000</misses>
				<total>0</total>
				<timestamp>3862.126475</timestamp>
			</report>
			<report>
				<misses>419500000</misses>
				<total>0</total>
				<timestamp>3863.057247</timestamp>
			</report>
			<report>
				<misses>419600000</misses>
				<total>0</total>
				<timestamp>3864.010418</timestamp>
			</report>
			<report>
				<misses>419700000</misses>
				<total>0</total>
				<timestamp>3864.964304</timestamp>
			</report>
			<report>
				<misses>419800000</misses>
				<total>0</total>
				<timestamp>3865.897215</timestamp>
			</report>
			<report>
				<misses>419900000</misses>
				<total>0</total>
				<timestamp>3866.803081</timestamp>
			</report>
			<report>
				<misses>420000000</misses>
				<total>0</total>
				<timestamp>3867.726335</timestamp>
			</report>
			<report>
				<misses>420100000</misses>
				<total>0</total>
				<timestamp>3868.621246</timestamp>
			</report>
			<report>
				<misses>420200000</misses>
				<total>0</total>
				<timestamp>3869.524742</timestamp>
			</report>
			<report>
				<misses>420300000</misses>
				<total>0</total>
				<timestamp>3870.420225</timestamp>
			</report>
			<report>
				<misses>420400000</misses>
				<total>0</total>
				<timestamp>3871.319610</timestamp>
			</report>
			<report>
				<misses>420500000</misses>
				<total>0</total>
				<timestamp>3872.240812</timestamp>
			</report>
			<report>
				<misses>420600000</misses>
				<total>0</total>
				<timestamp>3873.166665</timestamp>
			</report>
			<report>
				<misses>420700000</misses>
				<total>0</total>
				<timestamp>3874.117609</timestamp>
			</report>
			<report>
				<misses>420800000</misses>
				<total>0</total>
				<timestamp>3875.030614</timestamp>
			</report>
			<report>
				<misses>420900000</misses>
				<total>0</total>
				<timestamp>3875.969499</timestamp>
			</report>
			<report>
				<misses>421000000</misses>
				<total>0</total>
				<timestamp>3876.890548</timestamp>
			</report>
			<report>
				<misses>421100000</misses>
				<total>0</total>
				<timestamp>3877.810548</timestamp>
			</report>
			<report>
				<misses>421200000</misses>
				<total>0</total>
				<timestamp>3878.744664</timestamp>
			</report>
			<report>
				<misses>421300000</misses>
				<total>0</total>
				<timestamp>3879.685442</timestamp>
			</report>
			<report>
				<misses>421400000</misses>
				<total>0</total>
				<timestamp>3880.583661</timestamp>
			</report>
			<report>
				<misses>421500000</misses>
				<total>0</total>
				<timestamp>3881.510875</timestamp>
			</report>
			<report>
				<misses>421600000</misses>
				<total>0</total>
				<timestamp>3882.462659</timestamp>
			</report>
			<report>
				<misses>421700000</misses>
				<total>0</total>
				<timestamp>3883.377163</timestamp>
			</report>
			<report>
				<misses>421800000</misses>
				<total>0</total>
				<timestamp>3884.271994</timestamp>
			</report>
			<report>
				<misses>421900000</misses>
				<total>0</total>
				<timestamp>3885.174765</timestamp>
			</report>
			<report>
				<misses>422000000</misses>
				<total>0</total>
				<timestamp>3886.070653</timestamp>
			</report>
			<report>
				<misses>422100000</misses>
				<total>0</total>
				<timestamp>3886.964665</timestamp>
			</report>
			<report>
				<misses>422200000</misses>
				<total>0</total>
				<timestamp>3887.863971</timestamp>
			</report>
			<report>
				<misses>422300000</misses>
				<total>0</total>
				<timestamp>3888.762103</timestamp>
			</report>
			<report>
				<misses>422400000</misses>
				<total>0</total>
				<timestamp>3889.679739</timestamp>
			</report>
			<report>
				<misses>422500000</misses>
				<total>0</total>
				<timestamp>3890.636148</timestamp>
			</report>
			<report>
				<misses>422600000</misses>
				<total>0</total>
				<timestamp>3891.596828</timestamp>
			</report>
			<report>
				<misses>422700000</misses>
				<total>0</total>
				<timestamp>3892.512920</timestamp>
			</report>
			<report>
				<misses>422800000</misses>
				<total>0</total>
				<timestamp>3893.455630</timestamp>
			</report>
			<report>
				<misses>422900000</misses>
				<total>0</total>
				<timestamp>3894.401384</timestamp>
			</report>
			<report>
				<misses>423000000</misses>
				<total>0</total>
				<timestamp>3895.366519</timestamp>
			</report>
			<report>
				<misses>423100000</misses>
				<total>0</total>
				<timestamp>3896.275183</timestamp>
			</report>
			<report>
				<misses>423200000</misses>
				<total>0</total>
				<timestamp>3897.206179</timestamp>
			</report>
			<report>
				<misses>423300000</misses>
				<total>0</total>
				<timestamp>3898.136066</timestamp>
			</report>
			<report>
				<misses>423400000</misses>
				<total>0</total>
				<timestamp>3899.034569</timestamp>
			</report>
			<report>
				<misses>423500000</misses>
				<total>0</total>
				<timestamp>3899.960675</timestamp>
			</report>
			<report>
				<misses>423600000</misses>
				<total>0</total>
				<timestamp>3900.909645</timestamp>
			</report>
			<report>
				<misses>423700000</misses>
				<total>0</total>
				<timestamp>3901.858727</timestamp>
			</report>
			<report>
				<misses>423800000</misses>
				<total>0</total>
				<timestamp>3902.822994</timestamp>
			</report>
			<report>
				<misses>423900000</misses>
				<total>0</total>
				<timestamp>3903.763461</timestamp>
			</report>
			<report>
				<misses>424000000</misses>
				<total>0</total>
				<timestamp>3904.692971</timestamp>
			</report>
			<report>
				<misses>424100000</misses>
				<total>0</total>
				<timestamp>3905.608953</timestamp>
			</report>
			<report>
				<misses>424200000</misses>
				<total>0</total>
				<timestamp>3906.547172</timestamp>
			</report>
			<report>
				<misses>424300000</misses>
				<total>0</total>
				<timestamp>3907.475677</timestamp>
			</report>
			<report>
				<misses>424400000</misses>
				<total>0</total>
				<timestamp>3908.395749</timestamp>
			</report>
			<report>
				<misses>424500000</misses>
				<total>0</total>
				<timestamp>3909.336519</timestamp>
			</report>
			<report>
				<misses>424600000</misses>
				<total>0</total>
				<timestamp>3910.234059</timestamp>
			</report>
			<report>
				<misses>424700000</misses>
				<total>0</total>
				<timestamp>3911.133572</timestamp>
			</report>
			<report>
				<misses>424800000</misses>
				<total>0</total>
				<timestamp>3912.037232</timestamp>
			</report>
			<report>
				<misses>424900000</misses>
				<total>0</total>
				<timestamp>3912.943757</timestamp>
			</report>
			<report>
				<misses>425000000</misses>
				<total>0</total>
				<timestamp>3913.839583</timestamp>
			</report>
			<report>
				<misses>425100000</misses>
				<total>0</total>
				<timestamp>3914.751331</timestamp>
			</report>
			<report>
				<misses>425200000</misses>
				<total>0</total>
				<timestamp>3915.647966</timestamp>
			</report>
			<report>
				<misses>425300000</misses>
				<total>0</total>
				<timestamp>3916.609228</timestamp>
			</report>
			<report>
				<misses>425400000</misses>
				<total>0</total>
				<timestamp>3917.523036</timestamp>
			</report>
			<report>
				<misses>425500000</misses>
				<total>0</total>
				<timestamp>3918.431351</timestamp>
			</report>
			<report>
				<misses>425600000</misses>
				<total>0</total>
				<timestamp>3919.325033</timestamp>
			</report>
			<report>
				<misses>425700000</misses>
				<total>0</total>
				<timestamp>3920.245189</timestamp>
			</report>
			<report>
				<misses>425800000</misses>
				<total>0</total>
				<timestamp>3921.178492</timestamp>
			</report>
			<report>
				<misses>425900000</misses>
				<total>0</total>
				<timestamp>3922.085617</timestamp>
			</report>
			<report>
				<misses>426000000</misses>
				<total>0</total>
				<timestamp>3923.012520</timestamp>
			</report>
			<report>
				<misses>426100000</misses>
				<total>0</total>
				<timestamp>3923.931782</timestamp>
			</report>
			<report>
				<misses>426200000</misses>
				<total>0</total>
				<timestamp>3924.846275</timestamp>
			</report>
			<report>
				<misses>426300000</misses>
				<total>0</total>
				<timestamp>3925.752005</timestamp>
			</report>
			<report>
				<misses>426400000</misses>
				<total>0</total>
				<timestamp>3926.673565</timestamp>
			</report>
			<report>
				<misses>426500000</misses>
				<total>0</total>
				<timestamp>3927.623214</timestamp>
			</report>
			<report>
				<misses>426600000</misses>
				<total>0</total>
				<timestamp>3928.580722</timestamp>
			</report>
			<report>
				<misses>426700000</misses>
				<total>0</total>
				<timestamp>3929.528083</timestamp>
			</report>
			<report>
				<misses>426800000</misses>
				<total>0</total>
				<timestamp>3930.463962</timestamp>
			</report>
			<report>
				<misses>426900000</misses>
				<total>0</total>
				<timestamp>3931.384700</timestamp>
			</report>
			<report>
				<misses>427000000</misses>
				<total>0</total>
				<timestamp>3932.328817</timestamp>
			</report>
			<report>
				<misses>427100000</misses>
				<total>0</total>
				<timestamp>3933.266737</timestamp>
			</report>
			<report>
				<misses>427200000</misses>
				<total>0</total>
				<timestamp>3934.187389</timestamp>
			</report>
			<report>
				<misses>427300000</misses>
				<total>0</total>
				<timestamp>3935.101330</timestamp>
			</report>
			<report>
				<misses>427400000</misses>
				<total>0</total>
				<timestamp>3935.995456</timestamp>
			</report>
			<report>
				<misses>427500000</misses>
				<total>0</total>
				<timestamp>3936.907918</timestamp>
			</report>
			<report>
				<misses>427600000</misses>
				<total>0</total>
				<timestamp>3937.798275</timestamp>
			</report>
			<report>
				<misses>427700000</misses>
				<total>0</total>
				<timestamp>3938.702422</timestamp>
			</report>
			<report>
				<misses>427800000</misses>
				<total>0</total>
				<timestamp>3939.604389</timestamp>
			</report>
			<report>
				<misses>427900000</misses>
				<total>0</total>
				<timestamp>3940.503423</timestamp>
			</report>
			<report>
				<misses>428000000</misses>
				<total>0</total>
				<timestamp>3941.428491</timestamp>
			</report>
			<report>
				<misses>428100000</misses>
				<total>0</total>
				<timestamp>3942.363340</timestamp>
			</report>
			<report>
				<misses>428200000</misses>
				<total>0</total>
				<timestamp>3943.294026</timestamp>
			</report>
			<report>
				<misses>428300000</misses>
				<total>0</total>
				<timestamp>3944.208873</timestamp>
			</report>
			<report>
				<misses>428400000</misses>
				<total>0</total>
				<timestamp>3945.139355</timestamp>
			</report>
			<report>
				<misses>428500000</misses>
				<total>0</total>
				<timestamp>3946.065581</timestamp>
			</report>
			<report>
				<misses>428600000</misses>
				<total>0</total>
				<timestamp>3946.988817</timestamp>
			</report>
			<report>
				<misses>428700000</misses>
				<total>0</total>
				<timestamp>3947.905274</timestamp>
			</report>
			<report>
				<misses>428800000</misses>
				<total>0</total>
				<timestamp>3948.837639</timestamp>
			</report>
			<report>
				<misses>428900000</misses>
				<total>0</total>
				<timestamp>3949.761611</timestamp>
			</report>
			<report>
				<misses>429000000</misses>
				<total>0</total>
				<timestamp>3950.712172</timestamp>
			</report>
			<report>
				<misses>429100000</misses>
				<total>0</total>
				<timestamp>3951.628362</timestamp>
			</report>
			<report>
				<misses>429200000</misses>
				<total>0</total>
				<timestamp>3952.519293</timestamp>
			</report>
			<report>
				<misses>429300000</misses>
				<total>0</total>
				<timestamp>3953.425865</timestamp>
			</report>
			<report>
				<misses>429400000</misses>
				<total>0</total>
				<timestamp>3954.327078</timestamp>
			</report>
			<report>
				<misses>429500000</misses>
				<total>0</total>
				<timestamp>3955.230989</timestamp>
			</report>
			<report>
				<misses>429600000</misses>
				<total>0</total>
				<timestamp>3956.132612</timestamp>
			</report>
			<report>
				<misses>429700000</misses>
				<total>0</total>
				<timestamp>3957.024125</timestamp>
			</report>
			<report>
				<misses>429800000</misses>
				<total>0</total>
				<timestamp>3957.930045</timestamp>
			</report>
			<report>
				<misses>429900000</misses>
				<total>0</total>
				<timestamp>3958.882315</timestamp>
			</report>
			<report>
				<misses>430000000</misses>
				<total>0</total>
				<timestamp>3959.789485</timestamp>
			</report>
			<report>
				<misses>430100000</misses>
				<total>0</total>
				<timestamp>3960.696171</timestamp>
			</report>
			<report>
				<misses>430200000</misses>
				<total>0</total>
				<timestamp>3961.612658</timestamp>
			</report>
			<report>
				<misses>430300000</misses>
				<total>0</total>
				<timestamp>3962.538504</timestamp>
			</report>
			<report>
				<misses>430400000</misses>
				<total>0</total>
				<timestamp>3963.455037</timestamp>
			</report>
			<report>
				<misses>430500000</misses>
				<total>0</total>
				<timestamp>3964.376500</timestamp>
			</report>
			<report>
				<misses>430600000</misses>
				<total>0</total>
				<timestamp>3965.315347</timestamp>
			</report>
			<report>
				<misses>430700000</misses>
				<total>0</total>
				<timestamp>3966.258041</timestamp>
			</report>
			<report>
				<misses>430800000</misses>
				<total>0</total>
				<timestamp>3967.170722</timestamp>
			</report>
			<report>
				<misses>430900000</misses>
				<total>0</total>
				<timestamp>3968.074018</timestamp>
			</report>
			<report>
				<misses>431000000</misses>
				<total>0</total>
				<timestamp>3968.983871</timestamp>
			</report>
			<report>
				<misses>431100000</misses>
				<total>0</total>
				<timestamp>3969.887673</timestamp>
			</report>
			<report>
				<misses>431200000</misses>
				<total>0</total>
				<timestamp>3970.799295</timestamp>
			</report>
			<report>
				<misses>431300000</misses>
				<total>0</total>
				<timestamp>3971.692337</timestamp>
			</report>
			<report>
				<misses>431400000</misses>
				<total>0</total>
				<timestamp>3972.605001</timestamp>
			</report>
			<report>
				<misses>431500000</misses>
				<total>0</total>
				<timestamp>3973.513815</timestamp>
			</report>
			<report>
				<misses>431600000</misses>
				<total>0</total>
				<timestamp>3974.407714</timestamp>
			</report>
			<report>
				<misses>431700000</misses>
				<total>0</total>
				<timestamp>3975.336548</timestamp>
			</report>
			<report>
				<misses>431800000</misses>
				<total>0</total>
				<timestamp>3976.265137</timestamp>
			</report>
			<report>
				<misses>431900000</misses>
				<total>0</total>
				<timestamp>3977.193926</timestamp>
			</report>
			<report>
				<misses>432000000</misses>
				<total>0</total>
				<timestamp>3978.106134</timestamp>
			</report>
			<report>
				<misses>432100000</misses>
				<total>0</total>
				<timestamp>3979.038257</timestamp>
			</report>
			<report>
				<misses>432200000</misses>
				<total>0</total>
				<timestamp>3979.957643</timestamp>
			</report>
			<report>
				<misses>432300000</misses>
				<total>0</total>
				<timestamp>3980.864427</timestamp>
			</report>
			<report>
				<misses>432400000</misses>
				<total>0</total>
				<timestamp>3981.803478</timestamp>
			</report>
			<report>
				<misses>432500000</misses>
				<total>0</total>
				<timestamp>3982.725265</timestamp>
			</report>
			<report>
				<misses>432600000</misses>
				<total>0</total>
				<timestamp>3983.686424</timestamp>
			</report>
			<report>
				<misses>432700000</misses>
				<total>0</total>
				<timestamp>3984.617397</timestamp>
			</report>
			<report>
				<misses>432800000</misses>
				<total>0</total>
				<timestamp>3985.568891</timestamp>
			</report>
			<report>
				<misses>432900000</misses>
				<total>0</total>
				<timestamp>3986.485727</timestamp>
			</report>
			<report>
				<misses>433000000</misses>
				<total>0</total>
				<timestamp>3987.396688</timestamp>
			</report>
			<report>
				<misses>433100000</misses>
				<total>0</total>
				<timestamp>3988.302205</timestamp>
			</report>
			<report>
				<misses>433200000</misses>
				<total>0</total>
				<timestamp>3989.201243</timestamp>
			</report>
			<report>
				<misses>433300000</misses>
				<total>0</total>
				<timestamp>3990.114405</timestamp>
			</report>
			<report>
				<misses>433400000</misses>
				<total>0</total>
				<timestamp>3991.005804</timestamp>
			</report>
			<report>
				<misses>433500000</misses>
				<total>0</total>
				<timestamp>3991.928057</timestamp>
			</report>
			<report>
				<misses>433600000</misses>
				<total>0</total>
				<timestamp>3992.836105</timestamp>
			</report>
			<report>
				<misses>433700000</misses>
				<total>0</total>
				<timestamp>3993.767283</timestamp>
			</report>
			<report>
				<misses>433800000</misses>
				<total>0</total>
				<timestamp>3994.690436</timestamp>
			</report>
			<report>
				<misses>433900000</misses>
				<total>0</total>
				<timestamp>3995.610251</timestamp>
			</report>
			<report>
				<misses>434000000</misses>
				<total>0</total>
				<timestamp>3996.581188</timestamp>
			</report>
			<report>
				<misses>434100000</misses>
				<total>0</total>
				<timestamp>3997.526057</timestamp>
			</report>
			<report>
				<misses>434200000</misses>
				<total>0</total>
				<timestamp>3998.475381</timestamp>
			</report>
			<report>
				<misses>434300000</misses>
				<total>0</total>
				<timestamp>3999.426179</timestamp>
			</report>
			<report>
				<misses>434400000</misses>
				<total>0</total>
				<timestamp>4000.363207</timestamp>
			</report>
			<report>
				<misses>434500000</misses>
				<total>0</total>
				<timestamp>4001.328990</timestamp>
			</report>
			<report>
				<misses>434600000</misses>
				<total>0</total>
				<timestamp>4002.288367</timestamp>
			</report>
			<report>
				<misses>434700000</misses>
				<total>0</total>
				<timestamp>4003.232450</timestamp>
			</report>
			<report>
				<misses>434800000</misses>
				<total>0</total>
				<timestamp>4004.180507</timestamp>
			</report>
			<report>
				<misses>434900000</misses>
				<total>0</total>
				<timestamp>4005.128240</timestamp>
			</report>
			<report>
				<misses>435000000</misses>
				<total>0</total>
				<timestamp>4006.064145</timestamp>
			</report>
			<report>
				<misses>435100000</misses>
				<total>0</total>
				<timestamp>4006.996038</timestamp>
			</report>
			<report>
				<misses>435200000</misses>
				<total>0</total>
				<timestamp>4007.940230</timestamp>
			</report>
			<report>
				<misses>435300000</misses>
				<total>0</total>
				<timestamp>4008.875879</timestamp>
			</report>
			<report>
				<misses>435400000</misses>
				<total>0</total>
				<timestamp>4009.805055</timestamp>
			</report>
			<report>
				<misses>435500000</misses>
				<total>0</total>
				<timestamp>4010.759606</timestamp>
			</report>
			<report>
				<misses>435600000</misses>
				<total>0</total>
				<timestamp>4011.692759</timestamp>
			</report>
			<report>
				<misses>435700000</misses>
				<total>0</total>
				<timestamp>4012.626717</timestamp>
			</report>
			<report>
				<misses>435800000</misses>
				<total>0</total>
				<timestamp>4013.540702</timestamp>
			</report>
			<report>
				<misses>435900000</misses>
				<total>0</total>
				<timestamp>4014.433160</timestamp>
			</report>
			<report>
				<misses>436000000</misses>
				<total>0</total>
				<timestamp>4015.340239</timestamp>
			</report>
			<report>
				<misses>436100000</misses>
				<total>0</total>
				<timestamp>4016.230595</timestamp>
			</report>
			<report>
				<misses>436200000</misses>
				<total>0</total>
				<timestamp>4017.140291</timestamp>
			</report>
			<report>
				<misses>436300000</misses>
				<total>0</total>
				<timestamp>4018.029302</timestamp>
			</report>
			<report>
				<misses>436400000</misses>
				<total>0</total>
				<timestamp>4018.919783</timestamp>
			</report>
			<report>
				<misses>436500000</misses>
				<total>0</total>
				<timestamp>4019.812191</timestamp>
			</report>
			<report>
				<misses>436600000</misses>
				<total>0</total>
				<timestamp>4020.744099</timestamp>
			</report>
			<report>
				<misses>436700000</misses>
				<total>0</total>
				<timestamp>4021.677358</timestamp>
			</report>
			<report>
				<misses>436800000</misses>
				<total>0</total>
				<timestamp>4022.646934</timestamp>
			</report>
			<report>
				<misses>436900000</misses>
				<total>0</total>
				<timestamp>4023.576222</timestamp>
			</report>
			<report>
				<misses>437000000</misses>
				<total>0</total>
				<timestamp>4024.545926</timestamp>
			</report>
			<report>
				<misses>437100000</misses>
				<total>0</total>
				<timestamp>4025.492555</timestamp>
			</report>
			<report>
				<misses>437200000</misses>
				<total>0</total>
				<timestamp>4026.418663</timestamp>
			</report>
			<report>
				<misses>437300000</misses>
				<total>0</total>
				<timestamp>4027.321409</timestamp>
			</report>
			<report>
				<misses>437400000</misses>
				<total>0</total>
				<timestamp>4028.256116</timestamp>
			</report>
			<report>
				<misses>437500000</misses>
				<total>0</total>
				<timestamp>4029.160473</timestamp>
			</report>
			<report>
				<misses>437600000</misses>
				<total>0</total>
				<timestamp>4030.097975</timestamp>
			</report>
			<report>
				<misses>437700000</misses>
				<total>0</total>
				<timestamp>4031.013765</timestamp>
			</report>
			<report>
				<misses>437800000</misses>
				<total>0</total>
				<timestamp>4031.937635</timestamp>
			</report>
			<report>
				<misses>437900000</misses>
				<total>0</total>
				<timestamp>4032.837209</timestamp>
			</report>
			<report>
				<misses>438000000</misses>
				<total>0</total>
				<timestamp>4033.758401</timestamp>
			</report>
			<report>
				<misses>438100000</misses>
				<total>0</total>
				<timestamp>4034.682112</timestamp>
			</report>
			<report>
				<misses>438200000</misses>
				<total>0</total>
				<timestamp>4035.599795</timestamp>
			</report>
			<report>
				<misses>438300000</misses>
				<total>0</total>
				<timestamp>4036.505427</timestamp>
			</report>
			<report>
				<misses>438400000</misses>
				<total>0</total>
				<timestamp>4037.415577</timestamp>
			</report>
			<report>
				<misses>438500000</misses>
				<total>0</total>
				<timestamp>4038.342818</timestamp>
			</report>
			<report>
				<misses>438600000</misses>
				<total>0</total>
				<timestamp>4039.250946</timestamp>
			</report>
			<report>
				<misses>438700000</misses>
				<total>0</total>
				<timestamp>4040.148347</timestamp>
			</report>
			<report>
				<misses>438800000</misses>
				<total>0</total>
				<timestamp>4041.042673</timestamp>
			</report>
			<report>
				<misses>438900000</misses>
				<total>0</total>
				<timestamp>4041.931366</timestamp>
			</report>
			<report>
				<misses>439000000</misses>
				<total>0</total>
				<timestamp>4042.841421</timestamp>
			</report>
			<report>
				<misses>439100000</misses>
				<total>0</total>
				<timestamp>4043.734528</timestamp>
			</report>
			<report>
				<misses>439200000</misses>
				<total>0</total>
				<timestamp>4044.655407</timestamp>
			</report>
			<report>
				<misses>439300000</misses>
				<total>0</total>
				<timestamp>4045.604874</timestamp>
			</report>
			<report>
				<misses>439400000</misses>
				<total>0</total>
				<timestamp>4046.532915</timestamp>
			</report>
			<report>
				<misses>439500000</misses>
				<total>0</total>
				<timestamp>4047.486206</timestamp>
			</report>
			<report>
				<misses>439600000</misses>
				<total>0</total>
				<timestamp>4048.430549</timestamp>
			</report>
			<report>
				<misses>439700000</misses>
				<total>0</total>
				<timestamp>4049.370764</timestamp>
			</report>
			<report>
				<misses>439800000</misses>
				<total>0</total>
				<timestamp>4050.318253</timestamp>
			</report>
			<report>
				<misses>439900000</misses>
				<total>0</total>
				<timestamp>4051.238663</timestamp>
			</report>
			<report>
				<misses>440000000</misses>
				<total>0</total>
				<timestamp>4052.148034</timestamp>
			</report>
			<report>
				<misses>440100000</misses>
				<total>0</total>
				<timestamp>4053.057888</timestamp>
			</report>
			<report>
				<misses>440200000</misses>
				<total>0</total>
				<timestamp>4053.984903</timestamp>
			</report>
			<report>
				<misses>440300000</misses>
				<total>0</total>
				<timestamp>4054.906788</timestamp>
			</report>
			<report>
				<misses>440400000</misses>
				<total>0</total>
				<timestamp>4055.843460</timestamp>
			</report>
			<report>
				<misses>440500000</misses>
				<total>0</total>
				<timestamp>4056.789861</timestamp>
			</report>
			<report>
				<misses>440600000</misses>
				<total>0</total>
				<timestamp>4057.711927</timestamp>
			</report>
			<report>
				<misses>440700000</misses>
				<total>0</total>
				<timestamp>4058.655341</timestamp>
			</report>
			<report>
				<misses>440800000</misses>
				<total>0</total>
				<timestamp>4059.582327</timestamp>
			</report>
			<report>
				<misses>440900000</misses>
				<total>0</total>
				<timestamp>4060.512438</timestamp>
			</report>
			<report>
				<misses>441000000</misses>
				<total>0</total>
				<timestamp>4061.453835</timestamp>
			</report>
			<report>
				<misses>441100000</misses>
				<total>0</total>
				<timestamp>4062.386543</timestamp>
			</report>
			<report>
				<misses>441200000</misses>
				<total>0</total>
				<timestamp>4063.323455</timestamp>
			</report>
			<report>
				<misses>441300000</misses>
				<total>0</total>
				<timestamp>4064.228264</timestamp>
			</report>
			<report>
				<misses>441400000</misses>
				<total>0</total>
				<timestamp>4065.127530</timestamp>
			</report>
			<report>
				<misses>441500000</misses>
				<total>0</total>
				<timestamp>4066.021312</timestamp>
			</report>
			<report>
				<misses>441600000</misses>
				<total>0</total>
				<timestamp>4066.931254</timestamp>
			</report>
			<report>
				<misses>441700000</misses>
				<total>0</total>
				<timestamp>4067.822206</timestamp>
			</report>
			<report>
				<misses>441800000</misses>
				<total>0</total>
				<timestamp>4068.737502</timestamp>
			</report>
			<report>
				<misses>441900000</misses>
				<total>0</total>
				<timestamp>4069.635650</timestamp>
			</report>
			<report>
				<misses>442000000</misses>
				<total>0</total>
				<timestamp>4070.563238</timestamp>
			</report>
			<report>
				<misses>442100000</misses>
				<total>0</total>
				<timestamp>4071.492996</timestamp>
			</report>
			<report>
				<misses>442200000</misses>
				<total>0</total>
				<timestamp>4072.404142</timestamp>
			</report>
			<report>
				<misses>442300000</misses>
				<total>0</total>
				<timestamp>4073.351546</timestamp>
			</report>
			<report>
				<misses>442400000</misses>
				<total>0</total>
				<timestamp>4074.258395</timestamp>
			</report>
			<report>
				<misses>442500000</misses>
				<total>0</total>
				<timestamp>4075.191908</timestamp>
			</report>
			<report>
				<misses>442600000</misses>
				<total>0</total>
				<timestamp>4076.113643</timestamp>
			</report>
			<report>
				<misses>442700000</misses>
				<total>0</total>
				<timestamp>4077.049020</timestamp>
			</report>
			<report>
				<misses>442800000</misses>
				<total>0</total>
				<timestamp>4078.001017</timestamp>
			</report>
			<report>
				<misses>442900000</misses>
				<total>0</total>
				<timestamp>4078.914829</timestamp>
			</report>
			<report>
				<misses>443000000</misses>
				<total>0</total>
				<timestamp>4079.850371</timestamp>
			</report>
			<report>
				<misses>443100000</misses>
				<total>0</total>
				<timestamp>4080.742347</timestamp>
			</report>
			<report>
				<misses>443200000</misses>
				<total>0</total>
				<timestamp>4081.678451</timestamp>
			</report>
			<report>
				<misses>443300000</misses>
				<total>0</total>
				<timestamp>4082.591824</timestamp>
			</report>
			<report>
				<misses>443400000</misses>
				<total>0</total>
				<timestamp>4083.478978</timestamp>
			</report>
			<report>
				<misses>443500000</misses>
				<total>0</total>
				<timestamp>4084.391379</timestamp>
			</report>
			<report>
				<misses>443600000</misses>
				<total>0</total>
				<timestamp>4085.300520</timestamp>
			</report>
			<report>
				<misses>443700000</misses>
				<total>0</total>
				<timestamp>4086.227100</timestamp>
			</report>
			<report>
				<misses>443800000</misses>
				<total>0</total>
				<timestamp>4087.136583</timestamp>
			</report>
			<report>
				<misses>443900000</misses>
				<total>0</total>
				<timestamp>4088.027313</timestamp>
			</report>
			<report>
				<misses>444000000</misses>
				<total>0</total>
				<timestamp>4088.950125</timestamp>
			</report>
			<report>
				<misses>444100000</misses>
				<total>0</total>
				<timestamp>4089.903850</timestamp>
			</report>
			<report>
				<misses>444200000</misses>
				<total>0</total>
				<timestamp>4090.828813</timestamp>
			</report>
			<report>
				<misses>444300000</misses>
				<total>0</total>
				<timestamp>4091.768693</timestamp>
			</report>
			<report>
				<misses>444400000</misses>
				<total>0</total>
				<timestamp>4092.695834</timestamp>
			</report>
			<report>
				<misses>444500000</misses>
				<total>0</total>
				<timestamp>4093.634712</timestamp>
			</report>
			<report>
				<misses>444600000</misses>
				<total>0</total>
				<timestamp>4094.550019</timestamp>
			</report>
			<report>
				<misses>444700000</misses>
				<total>0</total>
				<timestamp>4095.486423</timestamp>
			</report>
			<report>
				<misses>444800000</misses>
				<total>0</total>
				<timestamp>4096.421393</timestamp>
			</report>
			<report>
				<misses>444900000</misses>
				<total>0</total>
				<timestamp>4097.356009</timestamp>
			</report>
			<report>
				<misses>445000000</misses>
				<total>0</total>
				<timestamp>4098.273509</timestamp>
			</report>
			<report>
				<misses>445100000</misses>
				<total>0</total>
				<timestamp>4099.214447</timestamp>
			</report>
			<report>
				<misses>445200000</misses>
				<total>0</total>
				<timestamp>4100.160672</timestamp>
			</report>
			<report>
				<misses>445300000</misses>
				<total>0</total>
				<timestamp>4101.102577</timestamp>
			</report>
			<report>
				<misses>445400000</misses>
				<total>0</total>
				<timestamp>4102.011716</timestamp>
			</report>
			<report>
				<misses>445500000</misses>
				<total>0</total>
				<timestamp>4102.906099</timestamp>
			</report>
			<report>
				<misses>445600000</misses>
				<total>0</total>
				<timestamp>4103.801789</timestamp>
			</report>
			<report>
				<misses>445700000</misses>
				<total>0</total>
				<timestamp>4104.698821</timestamp>
			</report>
			<report>
				<misses>445800000</misses>
				<total>0</total>
				<timestamp>4105.610618</timestamp>
			</report>
			<report>
				<misses>445900000</misses>
				<total>0</total>
				<timestamp>4106.495056</timestamp>
			</report>
			<report>
				<misses>446000000</misses>
				<total>0</total>
				<timestamp>4107.407973</timestamp>
			</report>
			<report>
				<misses>446100000</misses>
				<total>0</total>
				<timestamp>4108.321441</timestamp>
			</report>
			<report>
				<misses>446200000</misses>
				<total>0</total>
				<timestamp>4109.273586</timestamp>
			</report>
			<report>
				<misses>446300000</misses>
				<total>0</total>
				<timestamp>4110.198443</timestamp>
			</report>
			<report>
				<misses>446400000</misses>
				<total>0</total>
				<timestamp>4111.117020</timestamp>
			</report>
			<report>
				<misses>446500000</misses>
				<total>0</total>
				<timestamp>4112.038128</timestamp>
			</report>
			<report>
				<misses>446600000</misses>
				<total>0</total>
				<timestamp>4112.954650</timestamp>
			</report>
			<report>
				<misses>446700000</misses>
				<total>0</total>
				<timestamp>4113.884513</timestamp>
			</report>
			<report>
				<misses>446800000</misses>
				<total>0</total>
				<timestamp>4114.802173</timestamp>
			</report>
			<report>
				<misses>446900000</misses>
				<total>0</total>
				<timestamp>4115.720238</timestamp>
			</report>
			<report>
				<misses>447000000</misses>
				<total>0</total>
				<timestamp>4116.654201</timestamp>
			</report>
			<report>
				<misses>447100000</misses>
				<total>0</total>
				<timestamp>4117.574282</timestamp>
			</report>
			<report>
				<misses>447200000</misses>
				<total>0</total>
				<timestamp>4118.487131</timestamp>
			</report>
			<report>
				<misses>447300000</misses>
				<total>0</total>
				<timestamp>4119.418699</timestamp>
			</report>
			<report>
				<misses>447400000</misses>
				<total>0</total>
				<timestamp>4120.321414</timestamp>
			</report>
			<report>
				<misses>447500000</misses>
				<total>0</total>
				<timestamp>4121.223255</timestamp>
			</report>
			<report>
				<misses>447600000</misses>
				<total>0</total>
				<timestamp>4122.126564</timestamp>
			</report>
			<report>
				<misses>447700000</misses>
				<total>0</total>
				<timestamp>4123.022459</timestamp>
			</report>
			<report>
				<misses>447800000</misses>
				<total>0</total>
				<timestamp>4123.916366</timestamp>
			</report>
			<report>
				<misses>447900000</misses>
				<total>0</total>
				<timestamp>4124.816589</timestamp>
			</report>
			<report>
				<misses>448000000</misses>
				<total>0</total>
				<timestamp>4125.729473</timestamp>
			</report>
			<report>
				<misses>448100000</misses>
				<total>0</total>
				<timestamp>4126.641814</timestamp>
			</report>
			<report>
				<misses>448200000</misses>
				<total>0</total>
				<timestamp>4127.591693</timestamp>
			</report>
			<report>
				<misses>448300000</misses>
				<total>0</total>
				<timestamp>4128.502273</timestamp>
			</report>
			<report>
				<misses>448400000</misses>
				<total>0</total>
				<timestamp>4129.432648</timestamp>
			</report>
			<report>
				<misses>448500000</misses>
				<total>0</total>
				<timestamp>4130.323824</timestamp>
			</report>
			<report>
				<misses>448600000</misses>
				<total>0</total>
				<timestamp>4131.250022</timestamp>
			</report>
			<report>
				<misses>448700000</misses>
				<total>0</total>
				<timestamp>4132.167022</timestamp>
			</report>
			<report>
				<misses>448800000</misses>
				<total>0</total>
				<timestamp>4133.103458</timestamp>
			</report>
			<report>
				<misses>448900000</misses>
				<total>0</total>
				<timestamp>4134.022374</timestamp>
			</report>
			<report>
				<misses>449000000</misses>
				<total>0</total>
				<timestamp>4134.961555</timestamp>
			</report>
			<report>
				<misses>449100000</misses>
				<total>0</total>
				<timestamp>4135.873394</timestamp>
			</report>
			<report>
				<misses>449200000</misses>
				<total>0</total>
				<timestamp>4136.785888</timestamp>
			</report>
			<report>
				<misses>449300000</misses>
				<total>0</total>
				<timestamp>4137.700530</timestamp>
			</report>
			<report>
				<misses>449400000</misses>
				<total>0</total>
				<timestamp>4138.600656</timestamp>
			</report>
			<report>
				<misses>449500000</misses>
				<total>0</total>
				<timestamp>4139.497637</timestamp>
			</report>
			<report>
				<misses>449600000</misses>
				<total>0</total>
				<timestamp>4140.402809</timestamp>
			</report>
			<report>
				<misses>449700000</misses>
				<total>0</total>
				<timestamp>4141.314447</timestamp>
			</report>
			<report>
				<misses>449800000</misses>
				<total>0</total>
				<timestamp>4142.208939</timestamp>
			</report>
			<report>
				<misses>449900000</misses>
				<total>0</total>
				<timestamp>4143.112972</timestamp>
			</report>
			<report>
				<misses>450000000</misses>
				<total>0</total>
				<timestamp>4144.019390</timestamp>
			</report>
			<report>
				<misses>450100000</misses>
				<total>0</total>
				<timestamp>4144.920483</timestamp>
			</report>
			<report>
				<misses>450200000</misses>
				<total>0</total>
				<timestamp>4145.826094</timestamp>
			</report>
			<report>
				<misses>450300000</misses>
				<total>0</total>
				<timestamp>4146.772871</timestamp>
			</report>
			<report>
				<misses>450400000</misses>
				<total>0</total>
				<timestamp>4147.672351</timestamp>
			</report>
			<report>
				<misses>450500000</misses>
				<total>0</total>
				<timestamp>4148.595513</timestamp>
			</report>
			<report>
				<misses>450600000</misses>
				<total>0</total>
				<timestamp>4149.507398</timestamp>
			</report>
			<report>
				<misses>450700000</misses>
				<total>0</total>
				<timestamp>4150.414324</timestamp>
			</report>
			<report>
				<misses>450800000</misses>
				<total>0</total>
				<timestamp>4151.361171</timestamp>
			</report>
			<report>
				<misses>450900000</misses>
				<total>0</total>
				<timestamp>4152.297726</timestamp>
			</report>
			<report>
				<misses>451000000</misses>
				<total>0</total>
				<timestamp>4153.213010</timestamp>
			</report>
			<report>
				<misses>451100000</misses>
				<total>0</total>
				<timestamp>4154.126280</timestamp>
			</report>
			<report>
				<misses>451200000</misses>
				<total>0</total>
				<timestamp>4155.061012</timestamp>
			</report>
			<report>
				<misses>451300000</misses>
				<total>0</total>
				<timestamp>4155.996920</timestamp>
			</report>
			<report>
				<misses>451400000</misses>
				<total>0</total>
				<timestamp>4156.905148</timestamp>
			</report>
			<report>
				<misses>451500000</misses>
				<total>0</total>
				<timestamp>4157.800957</timestamp>
			</report>
			<report>
				<misses>451600000</misses>
				<total>0</total>
				<timestamp>4158.707269</timestamp>
			</report>
			<report>
				<misses>451700000</misses>
				<total>0</total>
				<timestamp>4159.610828</timestamp>
			</report>
			<report>
				<misses>451800000</misses>
				<total>0</total>
				<timestamp>4160.514616</timestamp>
			</report>
			<report>
				<misses>451900000</misses>
				<total>0</total>
				<timestamp>4161.428182</timestamp>
			</report>
			<report>
				<misses>452000000</misses>
				<total>0</total>
				<timestamp>4162.339047</timestamp>
			</report>
			<report>
				<misses>452100000</misses>
				<total>0</total>
				<timestamp>4163.247667</timestamp>
			</report>
			<report>
				<misses>452200000</misses>
				<total>0</total>
				<timestamp>4164.177078</timestamp>
			</report>
			<report>
				<misses>452300000</misses>
				<total>0</total>
				<timestamp>4165.090980</timestamp>
			</report>
			<report>
				<misses>452400000</misses>
				<total>0</total>
				<timestamp>4166.014024</timestamp>
			</report>
			<report>
				<misses>452500000</misses>
				<total>0</total>
				<timestamp>4166.931692</timestamp>
			</report>
			<report>
				<misses>452600000</misses>
				<total>0</total>
				<timestamp>4167.858200</timestamp>
			</report>
			<report>
				<misses>452700000</misses>
				<total>0</total>
				<timestamp>4168.754917</timestamp>
			</report>
			<report>
				<misses>452800000</misses>
				<total>0</total>
				<timestamp>4169.677974</timestamp>
			</report>
			<report>
				<misses>452900000</misses>
				<total>0</total>
				<timestamp>4170.586115</timestamp>
			</report>
			<report>
				<misses>453000000</misses>
				<total>0</total>
				<timestamp>4171.503491</timestamp>
			</report>
			<report>
				<misses>453100000</misses>
				<total>0</total>
				<timestamp>4172.438947</timestamp>
			</report>
			<report>
				<misses>453200000</misses>
				<total>0</total>
				<timestamp>4173.352145</timestamp>
			</report>
			<report>
				<misses>453300000</misses>
				<total>0</total>
				<timestamp>4174.266548</timestamp>
			</report>
			<report>
				<misses>453400000</misses>
				<total>0</total>
				<timestamp>4175.157784</timestamp>
			</report>
			<report>
				<misses>453500000</misses>
				<total>0</total>
				<timestamp>4176.055293</timestamp>
			</report>
			<report>
				<misses>453600000</misses>
				<total>0</total>
				<timestamp>4176.963687</timestamp>
			</report>
			<report>
				<misses>453700000</misses>
				<total>0</total>
				<timestamp>4177.863861</timestamp>
			</report>
			<report>
				<misses>453800000</misses>
				<total>0</total>
				<timestamp>4178.788268</timestamp>
			</report>
			<report>
				<misses>453900000</misses>
				<total>0</total>
				<timestamp>4179.680531</timestamp>
			</report>
			<report>
				<misses>454000000</misses>
				<total>0</total>
				<timestamp>4180.606751</timestamp>
			</report>
			<report>
				<misses>454100000</misses>
				<total>0</total>
				<timestamp>4181.532860</timestamp>
			</report>
			<report>
				<misses>454200000</misses>
				<total>0</total>
				<timestamp>4182.477014</timestamp>
			</report>
			<report>
				<misses>454300000</misses>
				<total>0</total>
				<timestamp>4183.374878</timestamp>
			</report>
			<report>
				<misses>454400000</misses>
				<total>0</total>
				<timestamp>4184.283473</timestamp>
			</report>
			<report>
				<misses>454500000</misses>
				<total>0</total>
				<timestamp>4185.200232</timestamp>
			</report>
			<report>
				<misses>454600000</misses>
				<total>0</total>
				<timestamp>4186.128043</timestamp>
			</report>
			<report>
				<misses>454700000</misses>
				<total>0</total>
				<timestamp>4187.043235</timestamp>
			</report>
			<report>
				<misses>454800000</misses>
				<total>0</total>
				<timestamp>4187.973881</timestamp>
			</report>
			<report>
				<misses>454900000</misses>
				<total>0</total>
				<timestamp>4188.939816</timestamp>
			</report>
			<report>
				<misses>455000000</misses>
				<total>0</total>
				<timestamp>4189.875375</timestamp>
			</report>
			<report>
				<misses>455100000</misses>
				<total>0</total>
				<timestamp>4190.816516</timestamp>
			</report>
			<report>
				<misses>455200000</misses>
				<total>0</total>
				<timestamp>4191.724517</timestamp>
			</report>
			<report>
				<misses>455300000</misses>
				<total>0</total>
				<timestamp>4192.648252</timestamp>
			</report>
			<report>
				<misses>455400000</misses>
				<total>0</total>
				<timestamp>4193.597927</timestamp>
			</report>
			<report>
				<misses>455500000</misses>
				<total>0</total>
				<timestamp>4194.530282</timestamp>
			</report>
			<report>
				<misses>455600000</misses>
				<total>0</total>
				<timestamp>4195.468894</timestamp>
			</report>
			<report>
				<misses>455700000</misses>
				<total>0</total>
				<timestamp>4196.419346</timestamp>
			</report>
			<report>
				<misses>455800000</misses>
				<total>0</total>
				<timestamp>4197.359484</timestamp>
			</report>
			<report>
				<misses>455900000</misses>
				<total>0</total>
				<timestamp>4198.308536</timestamp>
			</report>
			<report>
				<misses>456000000</misses>
				<total>0</total>
				<timestamp>4199.269018</timestamp>
			</report>
			<report>
				<misses>456100000</misses>
				<total>0</total>
				<timestamp>4200.206401</timestamp>
			</report>
			<report>
				<misses>456200000</misses>
				<total>0</total>
				<timestamp>4201.150829</timestamp>
			</report>
			<report>
				<misses>456300000</misses>
				<total>0</total>
				<timestamp>4202.067301</timestamp>
			</report>
			<report>
				<misses>456400000</misses>
				<total>0</total>
				<timestamp>4202.994778</timestamp>
			</report>
			<report>
				<misses>456500000</misses>
				<total>0</total>
				<timestamp>4203.945439</timestamp>
			</report>
			<report>
				<misses>456600000</misses>
				<total>0</total>
				<timestamp>4204.884198</timestamp>
			</report>
			<report>
				<misses>456700000</misses>
				<total>0</total>
				<timestamp>4205.804077</timestamp>
			</report>
			<report>
				<misses>456800000</misses>
				<total>0</total>
				<timestamp>4206.706635</timestamp>
			</report>
			<report>
				<misses>456900000</misses>
				<total>0</total>
				<timestamp>4207.611599</timestamp>
			</report>
			<report>
				<misses>457000000</misses>
				<total>0</total>
				<timestamp>4208.515630</timestamp>
			</report>
			<report>
				<misses>457100000</misses>
				<total>0</total>
				<timestamp>4209.421587</timestamp>
			</report>
			<report>
				<misses>457200000</misses>
				<total>0</total>
				<timestamp>4210.338627</timestamp>
			</report>
			<report>
				<misses>457300000</misses>
				<total>0</total>
				<timestamp>4211.239337</timestamp>
			</report>
			<report>
				<misses>457400000</misses>
				<total>0</total>
				<timestamp>4212.190837</timestamp>
			</report>
			<report>
				<misses>457500000</misses>
				<total>0</total>
				<timestamp>4213.128902</timestamp>
			</report>
			<report>
				<misses>457600000</misses>
				<total>0</total>
				<timestamp>4214.068837</timestamp>
			</report>
			<report>
				<misses>457700000</misses>
				<total>0</total>
				<timestamp>4215.008679</timestamp>
			</report>
			<report>
				<misses>457800000</misses>
				<total>0</total>
				<timestamp>4215.932769</timestamp>
			</report>
			<report>
				<misses>457900000</misses>
				<total>0</total>
				<timestamp>4216.844806</timestamp>
			</report>
			<report>
				<misses>458000000</misses>
				<total>0</total>
				<timestamp>4217.784336</timestamp>
			</report>
			<report>
				<misses>458100000</misses>
				<total>0</total>
				<timestamp>4218.705668</timestamp>
			</report>
			<report>
				<misses>458200000</misses>
				<total>0</total>
				<timestamp>4219.658378</timestamp>
			</report>
			<report>
				<misses>458300000</misses>
				<total>0</total>
				<timestamp>4220.613477</timestamp>
			</report>
			<report>
				<misses>458400000</misses>
				<total>0</total>
				<timestamp>4221.555735</timestamp>
			</report>
			<report>
				<misses>458500000</misses>
				<total>0</total>
				<timestamp>4222.500609</timestamp>
			</report>
			<report>
				<misses>458600000</misses>
				<total>0</total>
				<timestamp>4223.449701</timestamp>
			</report>
			<report>
				<misses>458700000</misses>
				<total>0</total>
				<timestamp>4224.371618</timestamp>
			</report>
			<report>
				<misses>458800000</misses>
				<total>0</total>
				<timestamp>4225.298561</timestamp>
			</report>
			<report>
				<misses>458900000</misses>
				<total>0</total>
				<timestamp>4226.230011</timestamp>
			</report>
			<report>
				<misses>459000000</misses>
				<total>0</total>
				<timestamp>4227.169783</timestamp>
			</report>
			<report>
				<misses>459100000</misses>
				<total>0</total>
				<timestamp>4228.101328</timestamp>
			</report>
			<report>
				<misses>459200000</misses>
				<total>0</total>
				<timestamp>4229.041532</timestamp>
			</report>
			<report>
				<misses>459300000</misses>
				<total>0</total>
				<timestamp>4229.963755</timestamp>
			</report>
			<report>
				<misses>459400000</misses>
				<total>0</total>
				<timestamp>4230.905180</timestamp>
			</report>
			<report>
				<misses>459500000</misses>
				<total>0</total>
				<timestamp>4231.810032</timestamp>
			</report>
			<report>
				<misses>459600000</misses>
				<total>0</total>
				<timestamp>4232.704944</timestamp>
			</report>
			<report>
				<misses>459700000</misses>
				<total>0</total>
				<timestamp>4233.601126</timestamp>
			</report>
			<report>
				<misses>459800000</misses>
				<total>0</total>
				<timestamp>4234.503556</timestamp>
			</report>
			<report>
				<misses>459900000</misses>
				<total>0</total>
				<timestamp>4235.405876</timestamp>
			</report>
			<report>
				<misses>460000000</misses>
				<total>0</total>
				<timestamp>4236.314561</timestamp>
			</report>
			<report>
				<misses>460100000</misses>
				<total>0</total>
				<timestamp>4237.215951</timestamp>
			</report>
			<report>
				<misses>460200000</misses>
				<total>0</total>
				<timestamp>4238.147548</timestamp>
			</report>
			<report>
				<misses>460300000</misses>
				<total>0</total>
				<timestamp>4239.043193</timestamp>
			</report>
			<report>
				<misses>460400000</misses>
				<total>0</total>
				<timestamp>4239.972703</timestamp>
			</report>
			<report>
				<misses>460500000</misses>
				<total>0</total>
				<timestamp>4240.888726</timestamp>
			</report>
			<report>
				<misses>460600000</misses>
				<total>0</total>
				<timestamp>4241.802139</timestamp>
			</report>
			<report>
				<misses>460700000</misses>
				<total>0</total>
				<timestamp>4242.703881</timestamp>
			</report>
			<report>
				<misses>460800000</misses>
				<total>0</total>
				<timestamp>4243.628057</timestamp>
			</report>
			<report>
				<misses>460900000</misses>
				<total>0</total>
				<timestamp>4244.551663</timestamp>
			</report>
			<report>
				<misses>461000000</misses>
				<total>0</total>
				<timestamp>4245.461790</timestamp>
			</report>
			<report>
				<misses>461100000</misses>
				<total>0</total>
				<timestamp>4246.388703</timestamp>
			</report>
			<report>
				<misses>461200000</misses>
				<total>0</total>
				<timestamp>4247.302144</timestamp>
			</report>
			<report>
				<misses>461300000</misses>
				<total>0</total>
				<timestamp>4248.217186</timestamp>
			</report>
			<report>
				<misses>461400000</misses>
				<total>0</total>
				<timestamp>4249.123924</timestamp>
			</report>
			<report>
				<misses>461500000</misses>
				<total>0</total>
				<timestamp>4250.022502</timestamp>
			</report>
			<report>
				<misses>461600000</misses>
				<total>0</total>
				<timestamp>4250.912970</timestamp>
			</report>
			<report>
				<misses>461700000</misses>
				<total>0</total>
				<timestamp>4251.809169</timestamp>
			</report>
			<report>
				<misses>461800000</misses>
				<total>0</total>
				<timestamp>4252.710060</timestamp>
			</report>
			<report>
				<misses>461900000</misses>
				<total>0</total>
				<timestamp>4253.606669</timestamp>
			</report>
			<report>
				<misses>462000000</misses>
				<total>0</total>
				<timestamp>4254.540764</timestamp>
			</report>
			<report>
				<misses>462100000</misses>
				<total>0</total>
				<timestamp>4255.470950</timestamp>
			</report>
			<report>
				<misses>462200000</misses>
				<total>0</total>
				<timestamp>4256.428242</timestamp>
			</report>
			<report>
				<misses>462300000</misses>
				<total>0</total>
				<timestamp>4257.375796</timestamp>
			</report>
			<report>
				<misses>462400000</misses>
				<total>0</total>
				<timestamp>4258.314179</timestamp>
			</report>
			<report>
				<misses>462500000</misses>
				<total>0</total>
				<timestamp>4259.253017</timestamp>
			</report>
			<report>
				<misses>462600000</misses>
				<total>0</total>
				<timestamp>4260.186404</timestamp>
			</report>
			<report>
				<misses>462700000</misses>
				<total>0</total>
				<timestamp>4261.140953</timestamp>
			</report>
			<report>
				<misses>462800000</misses>
				<total>0</total>
				<timestamp>4262.078996</timestamp>
			</report>
			<report>
				<misses>462900000</misses>
				<total>0</total>
				<timestamp>4263.006231</timestamp>
			</report>
			<report>
				<misses>463000000</misses>
				<total>0</total>
				<timestamp>4263.917759</timestamp>
			</report>
			<report>
				<misses>463100000</misses>
				<total>0</total>
				<timestamp>4264.859587</timestamp>
			</report>
			<report>
				<misses>463200000</misses>
				<total>0</total>
				<timestamp>4265.759781</timestamp>
			</report>
			<report>
				<misses>463300000</misses>
				<total>0</total>
				<timestamp>4266.695196</timestamp>
			</report>
			<report>
				<misses>463400000</misses>
				<total>0</total>
				<timestamp>4267.618400</timestamp>
			</report>
			<report>
				<misses>463500000</misses>
				<total>0</total>
				<timestamp>4268.576450</timestamp>
			</report>
			<report>
				<misses>463600000</misses>
				<total>0</total>
				<timestamp>4269.508694</timestamp>
			</report>
			<report>
				<misses>463700000</misses>
				<total>0</total>
				<timestamp>4270.457570</timestamp>
			</report>
			<report>
				<misses>463800000</misses>
				<total>0</total>
				<timestamp>4271.390562</timestamp>
			</report>
			<report>
				<misses>463900000</misses>
				<total>0</total>
				<timestamp>4272.318724</timestamp>
			</report>
			<report>
				<misses>464000000</misses>
				<total>0</total>
				<timestamp>4273.261154</timestamp>
			</report>
			<report>
				<misses>464100000</misses>
				<total>0</total>
				<timestamp>4274.215290</timestamp>
			</report>
			<report>
				<misses>464200000</misses>
				<total>0</total>
				<timestamp>4275.143595</timestamp>
			</report>
			<report>
				<misses>464300000</misses>
				<total>0</total>
				<timestamp>4276.046486</timestamp>
			</report>
			<report>
				<misses>464400000</misses>
				<total>0</total>
				<timestamp>4276.979621</timestamp>
			</report>
			<report>
				<misses>464500000</misses>
				<total>0</total>
				<timestamp>4277.883110</timestamp>
			</report>
			<report>
				<misses>464600000</misses>
				<total>0</total>
				<timestamp>4278.771862</timestamp>
			</report>
			<report>
				<misses>464700000</misses>
				<total>0</total>
				<timestamp>4279.661648</timestamp>
			</report>
			<report>
				<misses>464800000</misses>
				<total>0</total>
				<timestamp>4280.555204</timestamp>
			</report>
			<report>
				<misses>464900000</misses>
				<total>0</total>
				<timestamp>4281.459943</timestamp>
			</report>
			<report>
				<misses>465000000</misses>
				<total>0</total>
				<timestamp>4282.357518</timestamp>
			</report>
			<report>
				<misses>465100000</misses>
				<total>0</total>
				<timestamp>4283.265513</timestamp>
			</report>
			<report>
				<misses>465200000</misses>
				<total>0</total>
				<timestamp>4284.194797</timestamp>
			</report>
			<report>
				<misses>465300000</misses>
				<total>0</total>
				<timestamp>4285.123075</timestamp>
			</report>
			<report>
				<misses>465400000</misses>
				<total>0</total>
				<timestamp>4286.037104</timestamp>
			</report>
			<report>
				<misses>465500000</misses>
				<total>0</total>
				<timestamp>4286.962345</timestamp>
			</report>
			<report>
				<misses>465600000</misses>
				<total>0</total>
				<timestamp>4287.886973</timestamp>
			</report>
			<report>
				<misses>465700000</misses>
				<total>0</total>
				<timestamp>4288.831654</timestamp>
			</report>
			<report>
				<misses>465800000</misses>
				<total>0</total>
				<timestamp>4289.776265</timestamp>
			</report>
			<report>
				<misses>465900000</misses>
				<total>0</total>
				<timestamp>4290.712959</timestamp>
			</report>
			<report>
				<misses>466000000</misses>
				<total>0</total>
				<timestamp>4291.664518</timestamp>
			</report>
			<report>
				<misses>466100000</misses>
				<total>0</total>
				<timestamp>4292.612239</timestamp>
			</report>
			<report>
				<misses>466200000</misses>
				<total>0</total>
				<timestamp>4293.539253</timestamp>
			</report>
			<report>
				<misses>466300000</misses>
				<total>0</total>
				<timestamp>4294.476833</timestamp>
			</report>
			<report>
				<misses>466400000</misses>
				<total>0</total>
				<timestamp>4295.410175</timestamp>
			</report>
			<report>
				<misses>466500000</misses>
				<total>0</total>
				<timestamp>4296.329310</timestamp>
			</report>
			<report>
				<misses>466600000</misses>
				<total>0</total>
				<timestamp>4297.267758</timestamp>
			</report>
			<report>
				<misses>466700000</misses>
				<total>0</total>
				<timestamp>4298.189215</timestamp>
			</report>
			<report>
				<misses>466800000</misses>
				<total>0</total>
				<timestamp>4299.095833</timestamp>
			</report>
			<report>
				<misses>466900000</misses>
				<total>0</total>
				<timestamp>4299.999516</timestamp>
			</report>
			<report>
				<misses>467000000</misses>
				<total>0</total>
				<timestamp>4300.902990</timestamp>
			</report>
			<report>
				<misses>467100000</misses>
				<total>0</total>
				<timestamp>4301.808866</timestamp>
			</report>
			<report>
				<misses>467200000</misses>
				<total>0</total>
				<timestamp>4302.702540</timestamp>
			</report>
			<report>
				<misses>467300000</misses>
				<total>0</total>
				<timestamp>4303.602698</timestamp>
			</report>
			<report>
				<misses>467400000</misses>
				<total>0</total>
				<timestamp>4304.492839</timestamp>
			</report>
			<report>
				<misses>467500000</misses>
				<total>0</total>
				<timestamp>4305.408789</timestamp>
			</report>
			<report>
				<misses>467600000</misses>
				<total>0</total>
				<timestamp>4306.344449</timestamp>
			</report>
			<report>
				<misses>467700000</misses>
				<total>0</total>
				<timestamp>4307.266579</timestamp>
			</report>
			<report>
				<misses>467800000</misses>
				<total>0</total>
				<timestamp>4308.198387</timestamp>
			</report>
			<report>
				<misses>467900000</misses>
				<total>0</total>
				<timestamp>4309.106178</timestamp>
			</report>
			<report>
				<misses>468000000</misses>
				<total>0</total>
				<timestamp>4310.028867</timestamp>
			</report>
			<report>
				<misses>468100000</misses>
				<total>0</total>
				<timestamp>4310.963113</timestamp>
			</report>
			<report>
				<misses>468200000</misses>
				<total>0</total>
				<timestamp>4311.879088</timestamp>
			</report>
			<report>
				<misses>468300000</misses>
				<total>0</total>
				<timestamp>4312.802460</timestamp>
			</report>
			<report>
				<misses>468400000</misses>
				<total>0</total>
				<timestamp>4313.742549</timestamp>
			</report>
			<report>
				<misses>468500000</misses>
				<total>0</total>
				<timestamp>4314.654105</timestamp>
			</report>
			<report>
				<misses>468600000</misses>
				<total>0</total>
				<timestamp>4315.585373</timestamp>
			</report>
			<report>
				<misses>468700000</misses>
				<total>0</total>
				<timestamp>4316.505989</timestamp>
			</report>
			<report>
				<misses>468800000</misses>
				<total>0</total>
				<timestamp>4317.421647</timestamp>
			</report>
			<report>
				<misses>468900000</misses>
				<total>0</total>
				<timestamp>4318.325163</timestamp>
			</report>
			<report>
				<misses>469000000</misses>
				<total>0</total>
				<timestamp>4319.223829</timestamp>
			</report>
			<report>
				<misses>469100000</misses>
				<total>0</total>
				<timestamp>4320.123616</timestamp>
			</report>
			<report>
				<misses>469200000</misses>
				<total>0</total>
				<timestamp>4321.030968</timestamp>
			</report>
			<report>
				<misses>469300000</misses>
				<total>0</total>
				<timestamp>4321.935469</timestamp>
			</report>
			<report>
				<misses>469400000</misses>
				<total>0</total>
				<timestamp>4322.827333</timestamp>
			</report>
			<report>
				<misses>469500000</misses>
				<total>0</total>
				<timestamp>4323.774737</timestamp>
			</report>
			<report>
				<misses>469600000</misses>
				<total>0</total>
				<timestamp>4324.679670</timestamp>
			</report>
			<report>
				<misses>469700000</misses>
				<total>0</total>
				<timestamp>4325.605876</timestamp>
			</report>
			<report>
				<misses>469800000</misses>
				<total>0</total>
				<timestamp>4326.505808</timestamp>
			</report>
			<report>
				<misses>469900000</misses>
				<total>0</total>
				<timestamp>4327.453197</timestamp>
			</report>
			<report>
				<misses>470000000</misses>
				<total>0</total>
				<timestamp>4328.358933</timestamp>
			</report>
			<report>
				<misses>470100000</misses>
				<total>0</total>
				<timestamp>4329.278530</timestamp>
			</report>
			<report>
				<misses>470200000</misses>
				<total>0</total>
				<timestamp>4330.192237</timestamp>
			</report>
			<report>
				<misses>470300000</misses>
				<total>0</total>
				<timestamp>4331.096707</timestamp>
			</report>
			<report>
				<misses>470400000</misses>
				<total>0</total>
				<timestamp>4332.045575</timestamp>
			</report>
			<report>
				<misses>470500000</misses>
				<total>0</total>
				<timestamp>4332.960413</timestamp>
			</report>
			<report>
				<misses>470600000</misses>
				<total>0</total>
				<timestamp>4333.889595</timestamp>
			</report>
			<report>
				<misses>470700000</misses>
				<total>0</total>
				<timestamp>4334.811852</timestamp>
			</report>
			<report>
				<misses>470800000</misses>
				<total>0</total>
				<timestamp>4335.706791</timestamp>
			</report>
			<report>
				<misses>470900000</misses>
				<total>0</total>
				<timestamp>4336.594547</timestamp>
			</report>
			<report>
				<misses>471000000</misses>
				<total>0</total>
				<timestamp>4337.498107</timestamp>
			</report>
			<report>
				<misses>471100000</misses>
				<total>0</total>
				<timestamp>4338.395984</timestamp>
			</report>
			<report>
				<misses>471200000</misses>
				<total>0</total>
				<timestamp>4339.303760</timestamp>
			</report>
			<report>
				<misses>471300000</misses>
				<total>0</total>
				<timestamp>4340.200737</timestamp>
			</report>
			<report>
				<misses>471400000</misses>
				<total>0</total>
				<timestamp>4341.104264</timestamp>
			</report>
			<report>
				<misses>471500000</misses>
				<total>0</total>
				<timestamp>4342.044372</timestamp>
			</report>
			<report>
				<misses>471600000</misses>
				<total>0</total>
				<timestamp>4342.942015</timestamp>
			</report>
			<report>
				<misses>471700000</misses>
				<total>0</total>
				<timestamp>4343.860726</timestamp>
			</report>
			<report>
				<misses>471800000</misses>
				<total>0</total>
				<timestamp>4344.776453</timestamp>
			</report>
			<report>
				<misses>471900000</misses>
				<total>0</total>
				<timestamp>4345.698814</timestamp>
			</report>
			<report>
				<misses>472000000</misses>
				<total>0</total>
				<timestamp>4346.616039</timestamp>
			</report>
			<report>
				<misses>472100000</misses>
				<total>0</total>
				<timestamp>4347.529373</timestamp>
			</report>
			<report>
				<misses>472200000</misses>
				<total>0</total>
				<timestamp>4348.456766</timestamp>
			</report>
			<report>
				<misses>472300000</misses>
				<total>0</total>
				<timestamp>4349.366484</timestamp>
			</report>
			<report>
				<misses>472400000</misses>
				<total>0</total>
				<timestamp>4350.301149</timestamp>
			</report>
			<report>
				<misses>472500000</misses>
				<total>0</total>
				<timestamp>4351.210406</timestamp>
			</report>
			<report>
				<misses>472600000</misses>
				<total>0</total>
				<timestamp>4352.119787</timestamp>
			</report>
			<report>
				<misses>472700000</misses>
				<total>0</total>
				<timestamp>4353.016481</timestamp>
			</report>
			<report>
				<misses>472800000</misses>
				<total>0</total>
				<timestamp>4353.912336</timestamp>
			</report>
			<report>
				<misses>472900000</misses>
				<total>0</total>
				<timestamp>4354.796760</timestamp>
			</report>
			<report>
				<misses>473000000</misses>
				<total>0</total>
				<timestamp>4355.703289</timestamp>
			</report>
			<report>
				<misses>473100000</misses>
				<total>0</total>
				<timestamp>4356.597394</timestamp>
			</report>
			<report>
				<misses>473200000</misses>
				<total>0</total>
				<timestamp>4357.517912</timestamp>
			</report>
			<report>
				<misses>473300000</misses>
				<total>0</total>
				<timestamp>4358.418515</timestamp>
			</report>
			<report>
				<misses>473400000</misses>
				<total>0</total>
				<timestamp>4359.340356</timestamp>
			</report>
			<report>
				<misses>473500000</misses>
				<total>0</total>
				<timestamp>4360.265297</timestamp>
			</report>
			<report>
				<misses>473600000</misses>
				<total>0</total>
				<timestamp>4361.164166</timestamp>
			</report>
			<report>
				<misses>473700000</misses>
				<total>0</total>
				<timestamp>4362.109016</timestamp>
			</report>
			<report>
				<misses>473800000</misses>
				<total>0</total>
				<timestamp>4363.018038</timestamp>
			</report>
			<report>
				<misses>473900000</misses>
				<total>0</total>
				<timestamp>4363.953121</timestamp>
			</report>
			<report>
				<misses>474000000</misses>
				<total>0</total>
				<timestamp>4364.868305</timestamp>
			</report>
			<report>
				<misses>474100000</misses>
				<total>0</total>
				<timestamp>4365.786445</timestamp>
			</report>
			<report>
				<misses>474200000</misses>
				<total>0</total>
				<timestamp>4366.688763</timestamp>
			</report>
			<report>
				<misses>474300000</misses>
				<total>0</total>
				<timestamp>4367.610730</timestamp>
			</report>
			<report>
				<misses>474400000</misses>
				<total>0</total>
				<timestamp>4368.524855</timestamp>
			</report>
			<report>
				<misses>474500000</misses>
				<total>0</total>
				<timestamp>4369.427719</timestamp>
			</report>
			<report>
				<misses>474600000</misses>
				<total>0</total>
				<timestamp>4370.322628</timestamp>
			</report>
			<report>
				<misses>474700000</misses>
				<total>0</total>
				<timestamp>4371.219515</timestamp>
			</report>
			<report>
				<misses>474800000</misses>
				<total>0</total>
				<timestamp>4372.114319</timestamp>
			</report>
			<report>
				<misses>474900000</misses>
				<total>0</total>
				<timestamp>4373.006058</timestamp>
			</report>
			<report>
				<misses>475000000</misses>
				<total>0</total>
				<timestamp>4373.892672</timestamp>
			</report>
			<report>
				<misses>475100000</misses>
				<total>0</total>
				<timestamp>4374.781239</timestamp>
			</report>
			<report>
				<misses>475200000</misses>
				<total>0</total>
				<timestamp>4375.670928</timestamp>
			</report>
			<report>
				<misses>475300000</misses>
				<total>0</total>
				<timestamp>4376.586710</timestamp>
			</report>
			<report>
				<misses>475400000</misses>
				<total>0</total>
				<timestamp>4377.497241</timestamp>
			</report>
			<report>
				<misses>475500000</misses>
				<total>0</total>
				<timestamp>4378.417993</timestamp>
			</report>
			<report>
				<misses>475600000</misses>
				<total>0</total>
				<timestamp>4379.322160</timestamp>
			</report>
			<report>
				<misses>475700000</misses>
				<total>0</total>
				<timestamp>4380.243680</timestamp>
			</report>
			<report>
				<misses>475800000</misses>
				<total>0</total>
				<timestamp>4381.151577</timestamp>
			</report>
			<report>
				<misses>475900000</misses>
				<total>0</total>
				<timestamp>4382.072095</timestamp>
			</report>
			<report>
				<misses>476000000</misses>
				<total>0</total>
				<timestamp>4382.993582</timestamp>
			</report>
			<report>
				<misses>476100000</misses>
				<total>0</total>
				<timestamp>4383.932788</timestamp>
			</report>
			<report>
				<misses>476200000</misses>
				<total>0</total>
				<timestamp>4384.857653</timestamp>
			</report>
			<report>
				<misses>476300000</misses>
				<total>0</total>
				<timestamp>4385.776242</timestamp>
			</report>
			<report>
				<misses>476400000</misses>
				<total>0</total>
				<timestamp>4386.694819</timestamp>
			</report>
			<report>
				<misses>476500000</misses>
				<total>0</total>
				<timestamp>4387.598611</timestamp>
			</report>
			<report>
				<misses>476600000</misses>
				<total>0</total>
				<timestamp>4388.497840</timestamp>
			</report>
			<report>
				<misses>476700000</misses>
				<total>0</total>
				<timestamp>4389.384909</timestamp>
			</report>
			<report>
				<misses>476800000</misses>
				<total>0</total>
				<timestamp>4390.280051</timestamp>
			</report>
			<report>
				<misses>476900000</misses>
				<total>0</total>
				<timestamp>4391.173670</timestamp>
			</report>
			<report>
				<misses>477000000</misses>
				<total>0</total>
				<timestamp>4392.072443</timestamp>
			</report>
			<report>
				<misses>477100000</misses>
				<total>0</total>
				<timestamp>4392.969530</timestamp>
			</report>
			<report>
				<misses>477200000</misses>
				<total>0</total>
				<timestamp>4393.880534</timestamp>
			</report>
			<report>
				<misses>477300000</misses>
				<total>0</total>
				<timestamp>4394.778110</timestamp>
			</report>
			<report>
				<misses>477400000</misses>
				<total>0</total>
				<timestamp>4395.717301</timestamp>
			</report>
			<report>
				<misses>477500000</misses>
				<total>0</total>
				<timestamp>4396.653536</timestamp>
			</report>
			<report>
				<misses>477600000</misses>
				<total>0</total>
				<timestamp>4397.564583</timestamp>
			</report>
			<report>
				<misses>477700000</misses>
				<total>0</total>
				<timestamp>4398.481497</timestamp>
			</report>
			<report>
				<misses>477800000</misses>
				<total>0</total>
				<timestamp>4399.401251</timestamp>
			</report>
			<report>
				<misses>477900000</misses>
				<total>0</total>
				<timestamp>4400.344343</timestamp>
			</report>
			<report>
				<misses>478000000</misses>
				<total>0</total>
				<timestamp>4401.263710</timestamp>
			</report>
			<report>
				<misses>478100000</misses>
				<total>0</total>
				<timestamp>4402.180015</timestamp>
			</report>
			<report>
				<misses>478200000</misses>
				<total>0</total>
				<timestamp>4403.101693</timestamp>
			</report>
			<report>
				<misses>478300000</misses>
				<total>0</total>
				<timestamp>4404.053178</timestamp>
			</report>
			<report>
				<misses>478400000</misses>
				<total>0</total>
				<timestamp>4404.983554</timestamp>
			</report>
			<report>
				<misses>478500000</misses>
				<total>0</total>
				<timestamp>4405.884266</timestamp>
			</report>
			<report>
				<misses>478600000</misses>
				<total>0</total>
				<timestamp>4406.793333</timestamp>
			</report>
			<report>
				<misses>478700000</misses>
				<total>0</total>
				<timestamp>4407.706666</timestamp>
			</report>
			<report>
				<misses>478800000</misses>
				<total>0</total>
				<timestamp>4408.603156</timestamp>
			</report>
			<report>
				<misses>478900000</misses>
				<total>0</total>
				<timestamp>4409.501811</timestamp>
			</report>
			<report>
				<misses>479000000</misses>
				<total>0</total>
				<timestamp>4410.399898</timestamp>
			</report>
			<report>
				<misses>479100000</misses>
				<total>0</total>
				<timestamp>4411.308273</timestamp>
			</report>
			<report>
				<misses>479200000</misses>
				<total>0</total>
				<timestamp>4412.250462</timestamp>
			</report>
			<report>
				<misses>479300000</misses>
				<total>0</total>
				<timestamp>4413.163364</timestamp>
			</report>
			<report>
				<misses>479400000</misses>
				<total>0</total>
				<timestamp>4414.103231</timestamp>
			</report>
			<report>
				<misses>479500000</misses>
				<total>0</total>
				<timestamp>4415.029769</timestamp>
			</report>
			<report>
				<misses>479600000</misses>
				<total>0</total>
				<timestamp>4415.974210</timestamp>
			</report>
			<report>
				<misses>479700000</misses>
				<total>0</total>
				<timestamp>4416.892537</timestamp>
			</report>
			<report>
				<misses>479800000</misses>
				<total>0</total>
				<timestamp>4417.809616</timestamp>
			</report>
			<report>
				<misses>479900000</misses>
				<total>0</total>
				<timestamp>4418.730149</timestamp>
			</report>
			<report>
				<misses>480000000</misses>
				<total>0</total>
				<timestamp>4419.653949</timestamp>
			</report>
			<report>
				<misses>480100000</misses>
				<total>0</total>
				<timestamp>4420.595184</timestamp>
			</report>
			<report>
				<misses>480200000</misses>
				<total>0</total>
				<timestamp>4421.537435</timestamp>
			</report>
			<report>
				<misses>480300000</misses>
				<total>0</total>
				<timestamp>4422.459222</timestamp>
			</report>
			<report>
				<misses>480400000</misses>
				<total>0</total>
				<timestamp>4423.364597</timestamp>
			</report>
			<report>
				<misses>480500000</misses>
				<total>0</total>
				<timestamp>4424.278284</timestamp>
			</report>
			<report>
				<misses>480600000</misses>
				<total>0</total>
				<timestamp>4425.182642</timestamp>
			</report>
			<report>
				<misses>480700000</misses>
				<total>0</total>
				<timestamp>4426.088591</timestamp>
			</report>
			<report>
				<misses>480800000</misses>
				<total>0</total>
				<timestamp>4426.986816</timestamp>
			</report>
			<report>
				<misses>480900000</misses>
				<total>0</total>
				<timestamp>4427.889704</timestamp>
			</report>
			<report>
				<misses>481000000</misses>
				<total>0</total>
				<timestamp>4428.800814</timestamp>
			</report>
			<report>
				<misses>481100000</misses>
				<total>0</total>
				<timestamp>4429.704952</timestamp>
			</report>
			<report>
				<misses>481200000</misses>
				<total>0</total>
				<timestamp>4430.614341</timestamp>
			</report>
			<report>
				<misses>481300000</misses>
				<total>0</total>
				<timestamp>4431.581410</timestamp>
			</report>
			<report>
				<misses>481400000</misses>
				<total>0</total>
				<timestamp>4432.508436</timestamp>
			</report>
			<report>
				<misses>481500000</misses>
				<total>0</total>
				<timestamp>4433.424966</timestamp>
			</report>
			<report>
				<misses>481600000</misses>
				<total>0</total>
				<timestamp>4434.343678</timestamp>
			</report>
			<report>
				<misses>481700000</misses>
				<total>0</total>
				<timestamp>4435.262486</timestamp>
			</report>
			<report>
				<misses>481800000</misses>
				<total>0</total>
				<timestamp>4436.198496</timestamp>
			</report>
			<report>
				<misses>481900000</misses>
				<total>0</total>
				<timestamp>4437.148272</timestamp>
			</report>
			<report>
				<misses>482000000</misses>
				<total>0</total>
				<timestamp>4438.098993</timestamp>
			</report>
			<report>
				<misses>482100000</misses>
				<total>0</total>
				<timestamp>4439.030447</timestamp>
			</report>
			<report>
				<misses>482200000</misses>
				<total>0</total>
				<timestamp>4439.979664</timestamp>
			</report>
			<report>
				<misses>482300000</misses>
				<total>0</total>
				<timestamp>4440.905663</timestamp>
			</report>
			<report>
				<misses>482400000</misses>
				<total>0</total>
				<timestamp>4441.853273</timestamp>
			</report>
			<report>
				<misses>482500000</misses>
				<total>0</total>
				<timestamp>4442.795616</timestamp>
			</report>
			<report>
				<misses>482600000</misses>
				<total>0</total>
				<timestamp>4443.754972</timestamp>
			</report>
			<report>
				<misses>482700000</misses>
				<total>0</total>
				<timestamp>4444.699527</timestamp>
			</report>
			<report>
				<misses>482800000</misses>
				<total>0</total>
				<timestamp>4445.624436</timestamp>
			</report>
			<report>
				<misses>482900000</misses>
				<total>0</total>
				<timestamp>4446.572414</timestamp>
			</report>
			<report>
				<misses>483000000</misses>
				<total>0</total>
				<timestamp>4447.506469</timestamp>
			</report>
			<report>
				<misses>483100000</misses>
				<total>0</total>
				<timestamp>4448.427016</timestamp>
			</report>
			<report>
				<misses>483200000</misses>
				<total>0</total>
				<timestamp>4449.355321</timestamp>
			</report>
			<report>
				<misses>483300000</misses>
				<total>0</total>
				<timestamp>4450.262302</timestamp>
			</report>
			<report>
				<misses>483400000</misses>
				<total>0</total>
				<timestamp>4451.161836</timestamp>
			</report>
			<report>
				<misses>483500000</misses>
				<total>0</total>
				<timestamp>4452.064613</timestamp>
			</report>
			<report>
				<misses>483600000</misses>
				<total>0</total>
				<timestamp>4452.962484</timestamp>
			</report>
			<report>
				<misses>483700000</misses>
				<total>0</total>
				<timestamp>4453.864715</timestamp>
			</report>
			<report>
				<misses>483800000</misses>
				<total>0</total>
				<timestamp>4454.759932</timestamp>
			</report>
			<report>
				<misses>483900000</misses>
				<total>0</total>
				<timestamp>4455.688089</timestamp>
			</report>
			<report>
				<misses>484000000</misses>
				<total>0</total>
				<timestamp>4456.634221</timestamp>
			</report>
			<report>
				<misses>484100000</misses>
				<total>0</total>
				<timestamp>4457.541201</timestamp>
			</report>
			<report>
				<misses>484200000</misses>
				<total>0</total>
				<timestamp>4458.460237</timestamp>
			</report>
			<report>
				<misses>484300000</misses>
				<total>0</total>
				<timestamp>4459.351969</timestamp>
			</report>
			<report>
				<misses>484400000</misses>
				<total>0</total>
				<timestamp>4460.266780</timestamp>
			</report>
			<report>
				<misses>484500000</misses>
				<total>0</total>
				<timestamp>4461.175468</timestamp>
			</report>
			<report>
				<misses>484600000</misses>
				<total>0</total>
				<timestamp>4462.077787</timestamp>
			</report>
			<report>
				<misses>484700000</misses>
				<total>0</total>
				<timestamp>4462.989200</timestamp>
			</report>
			<report>
				<misses>484800000</misses>
				<total>0</total>
				<timestamp>4463.946941</timestamp>
			</report>
			<report>
				<misses>484900000</misses>
				<total>0</total>
				<timestamp>4464.892718</timestamp>
			</report>
			<report>
				<misses>485000000</misses>
				<total>0</total>
				<timestamp>4465.848297</timestamp>
			</report>
			<report>
				<misses>485100000</misses>
				<total>0</total>
				<timestamp>4466.756318</timestamp>
			</report>
			<report>
				<misses>485200000</misses>
				<total>0</total>
				<timestamp>4467.705823</timestamp>
			</report>
			<report>
				<misses>485300000</misses>
				<total>0</total>
				<timestamp>4468.639701</timestamp>
			</report>
			<report>
				<misses>485400000</misses>
				<total>0</total>
				<timestamp>4469.538914</timestamp>
			</report>
			<report>
				<misses>485500000</misses>
				<total>0</total>
				<timestamp>4470.442550</timestamp>
			</report>
			<report>
				<misses>485600000</misses>
				<total>0</total>
				<timestamp>4471.341701</timestamp>
			</report>
			<report>
				<misses>485700000</misses>
				<total>0</total>
				<timestamp>4472.250393</timestamp>
			</report>
			<report>
				<misses>485800000</misses>
				<total>0</total>
				<timestamp>4473.150545</timestamp>
			</report>
			<report>
				<misses>485900000</misses>
				<total>0</total>
				<timestamp>4474.053748</timestamp>
			</report>
			<report>
				<misses>486000000</misses>
				<total>0</total>
				<timestamp>4474.955983</timestamp>
			</report>
			<report>
				<misses>486100000</misses>
				<total>0</total>
				<timestamp>4475.888016</timestamp>
			</report>
			<report>
				<misses>486200000</misses>
				<total>0</total>
				<timestamp>4476.805823</timestamp>
			</report>
			<report>
				<misses>486300000</misses>
				<total>0</total>
				<timestamp>4477.729392</timestamp>
			</report>
			<report>
				<misses>486400000</misses>
				<total>0</total>
				<timestamp>4478.651448</timestamp>
			</report>
			<report>
				<misses>486500000</misses>
				<total>0</total>
				<timestamp>4479.587867</timestamp>
			</report>
			<report>
				<misses>486600000</misses>
				<total>0</total>
				<timestamp>4480.505666</timestamp>
			</report>
			<report>
				<misses>486700000</misses>
				<total>0</total>
				<timestamp>4481.461265</timestamp>
			</report>
			<report>
				<misses>486800000</misses>
				<total>0</total>
				<timestamp>4482.411564</timestamp>
			</report>
			<report>
				<misses>486900000</misses>
				<total>0</total>
				<timestamp>4483.361919</timestamp>
			</report>
			<report>
				<misses>487000000</misses>
				<total>0</total>
				<timestamp>4484.326735</timestamp>
			</report>
			<report>
				<misses>487100000</misses>
				<total>0</total>
				<timestamp>4485.252751</timestamp>
			</report>
			<report>
				<misses>487200000</misses>
				<total>0</total>
				<timestamp>4486.152314</timestamp>
			</report>
			<report>
				<misses>487300000</misses>
				<total>0</total>
				<timestamp>4487.065554</timestamp>
			</report>
			<report>
				<misses>487400000</misses>
				<total>0</total>
				<timestamp>4487.999135</timestamp>
			</report>
			<report>
				<misses>487500000</misses>
				<total>0</total>
				<timestamp>4488.918177</timestamp>
			</report>
			<report>
				<misses>487600000</misses>
				<total>0</total>
				<timestamp>4489.841012</timestamp>
			</report>
			<report>
				<misses>487700000</misses>
				<total>0</total>
				<timestamp>4490.771724</timestamp>
			</report>
			<report>
				<misses>487800000</misses>
				<total>0</total>
				<timestamp>4491.700986</timestamp>
			</report>
			<report>
				<misses>487900000</misses>
				<total>0</total>
				<timestamp>4492.623810</timestamp>
			</report>
			<report>
				<misses>488000000</misses>
				<total>0</total>
				<timestamp>4493.523499</timestamp>
			</report>
			<report>
				<misses>488100000</misses>
				<total>0</total>
				<timestamp>4494.417093</timestamp>
			</report>
			<report>
				<misses>488200000</misses>
				<total>0</total>
				<timestamp>4495.325864</timestamp>
			</report>
			<report>
				<misses>488300000</misses>
				<total>0</total>
				<timestamp>4496.214813</timestamp>
			</report>
			<report>
				<misses>488400000</misses>
				<total>0</total>
				<timestamp>4497.111424</timestamp>
			</report>
			<report>
				<misses>488500000</misses>
				<total>0</total>
				<timestamp>4498.009081</timestamp>
			</report>
			<report>
				<misses>488600000</misses>
				<total>0</total>
				<timestamp>4498.944606</timestamp>
			</report>
			<report>
				<misses>488700000</misses>
				<total>0</total>
				<timestamp>4499.882588</timestamp>
			</report>
			<report>
				<misses>488800000</misses>
				<total>0</total>
				<timestamp>4500.828978</timestamp>
			</report>
			<report>
				<misses>488900000</misses>
				<total>0</total>
				<timestamp>4501.766105</timestamp>
			</report>
			<report>
				<misses>489000000</misses>
				<total>0</total>
				<timestamp>4502.683317</timestamp>
			</report>
			<report>
				<misses>489100000</misses>
				<total>0</total>
				<timestamp>4503.631838</timestamp>
			</report>
			<report>
				<misses>489200000</misses>
				<total>0</total>
				<timestamp>4504.572406</timestamp>
			</report>
			<report>
				<misses>489300000</misses>
				<total>0</total>
				<timestamp>4505.516071</timestamp>
			</report>
			<report>
				<misses>489400000</misses>
				<total>0</total>
				<timestamp>4506.446943</timestamp>
			</report>
			<report>
				<misses>489500000</misses>
				<total>0</total>
				<timestamp>4507.362422</timestamp>
			</report>
			<report>
				<misses>489600000</misses>
				<total>0</total>
				<timestamp>4508.280965</timestamp>
			</report>
			<report>
				<misses>489700000</misses>
				<total>0</total>
				<timestamp>4509.181689</timestamp>
			</report>
			<report>
				<misses>489800000</misses>
				<total>0</total>
				<timestamp>4510.085967</timestamp>
			</report>
			<report>
				<misses>489900000</misses>
				<total>0</total>
				<timestamp>4510.988376</timestamp>
			</report>
			<report>
				<misses>490000000</misses>
				<total>0</total>
				<timestamp>4511.881460</timestamp>
			</report>
			<report>
				<misses>490100000</misses>
				<total>0</total>
				<timestamp>4512.779153</timestamp>
			</report>
			<report>
				<misses>490200000</misses>
				<total>0</total>
				<timestamp>4513.672577</timestamp>
			</report>
			<report>
				<misses>490300000</misses>
				<total>0</total>
				<timestamp>4514.584705</timestamp>
			</report>
			<report>
				<misses>490400000</misses>
				<total>0</total>
				<timestamp>4515.498121</timestamp>
			</report>
			<report>
				<misses>490500000</misses>
				<total>0</total>
				<timestamp>4516.446534</timestamp>
			</report>
			<report>
				<misses>490600000</misses>
				<total>0</total>
				<timestamp>4517.375514</timestamp>
			</report>
			<report>
				<misses>490700000</misses>
				<total>0</total>
				<timestamp>4518.320132</timestamp>
			</report>
			<report>
				<misses>490800000</misses>
				<total>0</total>
				<timestamp>4519.272081</timestamp>
			</report>
			<report>
				<misses>490900000</misses>
				<total>0</total>
				<timestamp>4520.214407</timestamp>
			</report>
			<report>
				<misses>491000000</misses>
				<total>0</total>
				<timestamp>4521.161917</timestamp>
			</report>
			<report>
				<misses>491100000</misses>
				<total>0</total>
				<timestamp>4522.100880</timestamp>
			</report>
			<report>
				<misses>491200000</misses>
				<total>0</total>
				<timestamp>4523.049013</timestamp>
			</report>
			<report>
				<misses>491300000</misses>
				<total>0</total>
				<timestamp>4523.998099</timestamp>
			</report>
			<report>
				<misses>491400000</misses>
				<total>0</total>
				<timestamp>4524.943551</timestamp>
			</report>
			<report>
				<misses>491500000</misses>
				<total>0</total>
				<timestamp>4525.892315</timestamp>
			</report>
			<report>
				<misses>491600000</misses>
				<total>0</total>
				<timestamp>4526.831042</timestamp>
			</report>
			<report>
				<misses>491700000</misses>
				<total>0</total>
				<timestamp>4527.784784</timestamp>
			</report>
			<report>
				<misses>491800000</misses>
				<total>0</total>
				<timestamp>4528.711947</timestamp>
			</report>
			<report>
				<misses>491900000</misses>
				<total>0</total>
				<timestamp>4529.650819</timestamp>
			</report>
			<report>
				<misses>492000000</misses>
				<total>0</total>
				<timestamp>4530.557524</timestamp>
			</report>
			<report>
				<misses>492100000</misses>
				<total>0</total>
				<timestamp>4531.479643</timestamp>
			</report>
			<report>
				<misses>492200000</misses>
				<total>0</total>
				<timestamp>4532.411992</timestamp>
			</report>
			<report>
				<misses>492300000</misses>
				<total>0</total>
				<timestamp>4533.328087</timestamp>
			</report>
			<report>
				<misses>492400000</misses>
				<total>0</total>
				<timestamp>4534.269264</timestamp>
			</report>
			<report>
				<misses>492500000</misses>
				<total>0</total>
				<timestamp>4535.212552</timestamp>
			</report>
			<report>
				<misses>492600000</misses>
				<total>0</total>
				<timestamp>4536.185423</timestamp>
			</report>
			<report>
				<misses>492700000</misses>
				<total>0</total>
				<timestamp>4537.127333</timestamp>
			</report>
			<report>
				<misses>492800000</misses>
				<total>0</total>
				<timestamp>4538.071509</timestamp>
			</report>
			<report>
				<misses>492900000</misses>
				<total>0</total>
				<timestamp>4539.005822</timestamp>
			</report>
			<report>
				<misses>493000000</misses>
				<total>0</total>
				<timestamp>4539.940829</timestamp>
			</report>
			<report>
				<misses>493100000</misses>
				<total>0</total>
				<timestamp>4540.901998</timestamp>
			</report>
			<report>
				<misses>493200000</misses>
				<total>0</total>
				<timestamp>4541.841686</timestamp>
			</report>
			<report>
				<misses>493300000</misses>
				<total>0</total>
				<timestamp>4542.795435</timestamp>
			</report>
			<report>
				<misses>493400000</misses>
				<total>0</total>
				<timestamp>4543.739335</timestamp>
			</report>
			<report>
				<misses>493500000</misses>
				<total>0</total>
				<timestamp>4544.657228</timestamp>
			</report>
			<report>
				<misses>493600000</misses>
				<total>0</total>
				<timestamp>4545.558888</timestamp>
			</report>
			<report>
				<misses>493700000</misses>
				<total>0</total>
				<timestamp>4546.460363</timestamp>
			</report>
			<report>
				<misses>493800000</misses>
				<total>0</total>
				<timestamp>4547.356751</timestamp>
			</report>
			<report>
				<misses>493900000</misses>
				<total>0</total>
				<timestamp>4548.252459</timestamp>
			</report>
			<report>
				<misses>494000000</misses>
				<total>0</total>
				<timestamp>4549.164864</timestamp>
			</report>
			<report>
				<misses>494100000</misses>
				<total>0</total>
				<timestamp>4550.060804</timestamp>
			</report>
			<report>
				<misses>494200000</misses>
				<total>0</total>
				<timestamp>4550.979108</timestamp>
			</report>
			<report>
				<misses>494300000</misses>
				<total>0</total>
				<timestamp>4551.928995</timestamp>
			</report>
			<report>
				<misses>494400000</misses>
				<total>0</total>
				<timestamp>4552.840192</timestamp>
			</report>
			<report>
				<misses>494500000</misses>
				<total>0</total>
				<timestamp>4553.750620</timestamp>
			</report>
			<report>
				<misses>494600000</misses>
				<total>0</total>
				<timestamp>4554.676592</timestamp>
			</report>
			<report>
				<misses>494700000</misses>
				<total>0</total>
				<timestamp>4555.596429</timestamp>
			</report>
			<report>
				<misses>494800000</misses>
				<total>0</total>
				<timestamp>4556.519236</timestamp>
			</report>
			<report>
				<misses>494900000</misses>
				<total>0</total>
				<timestamp>4557.464834</timestamp>
			</report>
			<report>
				<misses>495000000</misses>
				<total>0</total>
				<timestamp>4558.382520</timestamp>
			</report>
			<report>
				<misses>495100000</misses>
				<total>0</total>
				<timestamp>4559.319324</timestamp>
			</report>
			<report>
				<misses>495200000</misses>
				<total>0</total>
				<timestamp>4560.250670</timestamp>
			</report>
			<report>
				<misses>495300000</misses>
				<total>0</total>
				<timestamp>4561.202906</timestamp>
			</report>
			<report>
				<misses>495400000</misses>
				<total>0</total>
				<timestamp>4562.110916</timestamp>
			</report>
			<report>
				<misses>495500000</misses>
				<total>0</total>
				<timestamp>4563.025418</timestamp>
			</report>
			<report>
				<misses>495600000</misses>
				<total>0</total>
				<timestamp>4563.924283</timestamp>
			</report>
			<report>
				<misses>495700000</misses>
				<total>0</total>
				<timestamp>4564.834919</timestamp>
			</report>
			<report>
				<misses>495800000</misses>
				<total>0</total>
				<timestamp>4565.735062</timestamp>
			</report>
			<report>
				<misses>495900000</misses>
				<total>0</total>
				<timestamp>4566.640908</timestamp>
			</report>
			<report>
				<misses>496000000</misses>
				<total>0</total>
				<timestamp>4567.536840</timestamp>
			</report>
			<report>
				<misses>496100000</misses>
				<total>0</total>
				<timestamp>4568.459313</timestamp>
			</report>
			<report>
				<misses>496200000</misses>
				<total>0</total>
				<timestamp>4569.412264</timestamp>
			</report>
			<report>
				<misses>496300000</misses>
				<total>0</total>
				<timestamp>4570.334248</timestamp>
			</report>
			<report>
				<misses>496400000</misses>
				<total>0</total>
				<timestamp>4571.261731</timestamp>
			</report>
			<report>
				<misses>496500000</misses>
				<total>0</total>
				<timestamp>4572.175191</timestamp>
			</report>
			<report>
				<misses>496600000</misses>
				<total>0</total>
				<timestamp>4573.087419</timestamp>
			</report>
			<report>
				<misses>496700000</misses>
				<total>0</total>
				<timestamp>4574.001957</timestamp>
			</report>
			<report>
				<misses>496800000</misses>
				<total>0</total>
				<timestamp>4574.925099</timestamp>
			</report>
			<report>
				<misses>496900000</misses>
				<total>0</total>
				<timestamp>4575.841397</timestamp>
			</report>
			<report>
				<misses>497000000</misses>
				<total>0</total>
				<timestamp>4576.777862</timestamp>
			</report>
			<report>
				<misses>497100000</misses>
				<total>0</total>
				<timestamp>4577.713637</timestamp>
			</report>
			<report>
				<misses>497200000</misses>
				<total>0</total>
				<timestamp>4578.639974</timestamp>
			</report>
			<report>
				<misses>497300000</misses>
				<total>0</total>
				<timestamp>4579.547176</timestamp>
			</report>
			<report>
				<misses>497400000</misses>
				<total>0</total>
				<timestamp>4580.448475</timestamp>
			</report>
			<report>
				<misses>497500000</misses>
				<total>0</total>
				<timestamp>4581.353846</timestamp>
			</report>
			<report>
				<misses>497600000</misses>
				<total>0</total>
				<timestamp>4582.258106</timestamp>
			</report>
			<report>
				<misses>497700000</misses>
				<total>0</total>
				<timestamp>4583.156650</timestamp>
			</report>
			<report>
				<misses>497800000</misses>
				<total>0</total>
				<timestamp>4584.048096</timestamp>
			</report>
			<report>
				<misses>497900000</misses>
				<total>0</total>
				<timestamp>4584.948478</timestamp>
			</report>
			<report>
				<misses>498000000</misses>
				<total>0</total>
				<timestamp>4585.858820</timestamp>
			</report>
			<report>
				<misses>498100000</misses>
				<total>0</total>
				<timestamp>4586.775331</timestamp>
			</report>
			<report>
				<misses>498200000</misses>
				<total>0</total>
				<timestamp>4587.679280</timestamp>
			</report>
			<report>
				<misses>498300000</misses>
				<total>0</total>
				<timestamp>4588.603227</timestamp>
			</report>
			<report>
				<misses>498400000</misses>
				<total>0</total>
				<timestamp>4589.517626</timestamp>
			</report>
			<report>
				<misses>498500000</misses>
				<total>0</total>
				<timestamp>4590.440309</timestamp>
			</report>
			<report>
				<misses>498600000</misses>
				<total>0</total>
				<timestamp>4591.365964</timestamp>
			</report>
			<report>
				<misses>498700000</misses>
				<total>0</total>
				<timestamp>4592.320865</timestamp>
			</report>
			<report>
				<misses>498800000</misses>
				<total>0</total>
				<timestamp>4593.262926</timestamp>
			</report>
			<report>
				<misses>498900000</misses>
				<total>0</total>
				<timestamp>4594.163707</timestamp>
			</report>
			<report>
				<misses>499000000</misses>
				<total>0</total>
				<timestamp>4595.083658</timestamp>
			</report>
			<report>
				<misses>499100000</misses>
				<total>0</total>
				<timestamp>4595.989622</timestamp>
			</report>
			<report>
				<misses>499200000</misses>
				<total>0</total>
				<timestamp>4596.925741</timestamp>
			</report>
			<report>
				<misses>499300000</misses>
				<total>0</total>
				<timestamp>4597.852759</timestamp>
			</report>
			<report>
				<misses>499400000</misses>
				<total>0</total>
				<timestamp>4598.797231</timestamp>
			</report>
			<report>
				<misses>499500000</misses>
				<total>0</total>
				<timestamp>4599.745858</timestamp>
			</report>
			<report>
				<misses>499600000</misses>
				<total>0</total>
				<timestamp>4600.687386</timestamp>
			</report>
			<report>
				<misses>499700000</misses>
				<total>0</total>
				<timestamp>4601.638770</timestamp>
			</report>
			<report>
				<misses>499800000</misses>
				<total>0</total>
				<timestamp>4602.552710</timestamp>
			</report>
			<report>
				<misses>499900000</misses>
				<total>0</total>
				<timestamp>4603.473464</timestamp>
			</report>
			<report>
				<misses>500000000</misses>
				<total>0</total>
				<timestamp>4604.384528</timestamp>
			</report>
			<report>
				<misses>500100000</misses>
				<total>0</total>
				<timestamp>4605.304604</timestamp>
			</report>
			<report>
				<misses>500200000</misses>
				<total>0</total>
				<timestamp>4606.236833</timestamp>
			</report>
			<report>
				<misses>500300000</misses>
				<total>0</total>
				<timestamp>4607.160262</timestamp>
			</report>
			<report>
				<misses>500400000</misses>
				<total>0</total>
				<timestamp>4608.065223</timestamp>
			</report>
			<report>
				<misses>500500000</misses>
				<total>0</total>
				<timestamp>4608.962417</timestamp>
			</report>
			<report>
				<misses>500600000</misses>
				<total>0</total>
				<timestamp>4609.860407</timestamp>
			</report>
			<report>
				<misses>500700000</misses>
				<total>0</total>
				<timestamp>4610.766836</timestamp>
			</report>
			<report>
				<misses>500800000</misses>
				<total>0</total>
				<timestamp>4611.665533</timestamp>
			</report>
			<report>
				<misses>500900000</misses>
				<total>0</total>
				<timestamp>4612.565563</timestamp>
			</report>
			<report>
				<misses>501000000</misses>
				<total>0</total>
				<timestamp>4613.469105</timestamp>
			</report>
			<report>
				<misses>501100000</misses>
				<total>0</total>
				<timestamp>4614.361325</timestamp>
			</report>
			<report>
				<misses>501200000</misses>
				<total>0</total>
				<timestamp>4615.302315</timestamp>
			</report>
			<report>
				<misses>501300000</misses>
				<total>0</total>
				<timestamp>4616.230596</timestamp>
			</report>
			<report>
				<misses>501400000</misses>
				<total>0</total>
				<timestamp>4617.157526</timestamp>
			</report>
			<report>
				<misses>501500000</misses>
				<total>0</total>
				<timestamp>4618.090356</timestamp>
			</report>
			<report>
				<misses>501600000</misses>
				<total>0</total>
				<timestamp>4619.013973</timestamp>
			</report>
			<report>
				<misses>501700000</misses>
				<total>0</total>
				<timestamp>4619.933598</timestamp>
			</report>
			<report>
				<misses>501800000</misses>
				<total>0</total>
				<timestamp>4620.868416</timestamp>
			</report>
			<report>
				<misses>501900000</misses>
				<total>0</total>
				<timestamp>4621.763099</timestamp>
			</report>
			<report>
				<misses>502000000</misses>
				<total>0</total>
				<timestamp>4622.689912</timestamp>
			</report>
			<report>
				<misses>502100000</misses>
				<total>0</total>
				<timestamp>4623.592081</timestamp>
			</report>
			<report>
				<misses>502200000</misses>
				<total>0</total>
				<timestamp>4624.515808</timestamp>
			</report>
			<report>
				<misses>502300000</misses>
				<total>0</total>
				<timestamp>4625.417890</timestamp>
			</report>
			<report>
				<misses>502400000</misses>
				<total>0</total>
				<timestamp>4626.331229</timestamp>
			</report>
			<report>
				<misses>502500000</misses>
				<total>0</total>
				<timestamp>4627.231257</timestamp>
			</report>
			<report>
				<misses>502600000</misses>
				<total>0</total>
				<timestamp>4628.137167</timestamp>
			</report>
			<report>
				<misses>502700000</misses>
				<total>0</total>
				<timestamp>4629.040754</timestamp>
			</report>
			<report>
				<misses>502800000</misses>
				<total>0</total>
				<timestamp>4629.940712</timestamp>
			</report>
			<report>
				<misses>502900000</misses>
				<total>0</total>
				<timestamp>4630.853711</timestamp>
			</report>
			<report>
				<misses>503000000</misses>
				<total>0</total>
				<timestamp>4631.754601</timestamp>
			</report>
			<report>
				<misses>503100000</misses>
				<total>0</total>
				<timestamp>4632.665446</timestamp>
			</report>
			<report>
				<misses>503200000</misses>
				<total>0</total>
				<timestamp>4633.605164</timestamp>
			</report>
			<report>
				<misses>503300000</misses>
				<total>0</total>
				<timestamp>4634.531774</timestamp>
			</report>
			<report>
				<misses>503400000</misses>
				<total>0</total>
				<timestamp>4635.442013</timestamp>
			</report>
			<report>
				<misses>503500000</misses>
				<total>0</total>
				<timestamp>4636.354608</timestamp>
			</report>
			<report>
				<misses>503600000</misses>
				<total>0</total>
				<timestamp>4637.274213</timestamp>
			</report>
			<report>
				<misses>503700000</misses>
				<total>0</total>
				<timestamp>4638.210428</timestamp>
			</report>
			<report>
				<misses>503800000</misses>
				<total>0</total>
				<timestamp>4639.123946</timestamp>
			</report>
			<report>
				<misses>503900000</misses>
				<total>0</total>
				<timestamp>4640.058816</timestamp>
			</report>
			<report>
				<misses>504000000</misses>
				<total>0</total>
				<timestamp>4640.961132</timestamp>
			</report>
			<report>
				<misses>504100000</misses>
				<total>0</total>
				<timestamp>4641.874698</timestamp>
			</report>
			<report>
				<misses>504200000</misses>
				<total>0</total>
				<timestamp>4642.788936</timestamp>
			</report>
			<report>
				<misses>504300000</misses>
				<total>0</total>
				<timestamp>4643.699601</timestamp>
			</report>
			<report>
				<misses>504400000</misses>
				<total>0</total>
				<timestamp>4644.603178</timestamp>
			</report>
			<report>
				<misses>504500000</misses>
				<total>0</total>
				<timestamp>4645.500878</timestamp>
			</report>
			<report>
				<misses>504600000</misses>
				<total>0</total>
				<timestamp>4646.402057</timestamp>
			</report>
			<report>
				<misses>504700000</misses>
				<total>0</total>
				<timestamp>4647.291626</timestamp>
			</report>
			<report>
				<misses>504800000</misses>
				<total>0</total>
				<timestamp>4648.186073</timestamp>
			</report>
			<report>
				<misses>504900000</misses>
				<total>0</total>
				<timestamp>4649.075663</timestamp>
			</report>
			<report>
				<misses>505000000</misses>
				<total>0</total>
				<timestamp>4650.012328</timestamp>
			</report>
			<report>
				<misses>505100000</misses>
				<total>0</total>
				<timestamp>4650.921517</timestamp>
			</report>
			<report>
				<misses>505200000</misses>
				<total>0</total>
				<timestamp>4651.839205</timestamp>
			</report>
			<report>
				<misses>505300000</misses>
				<total>0</total>
				<timestamp>4652.756698</timestamp>
			</report>
			<report>
				<misses>505400000</misses>
				<total>0</total>
				<timestamp>4653.652070</timestamp>
			</report>
			<report>
				<misses>505500000</misses>
				<total>0</total>
				<timestamp>4654.578348</timestamp>
			</report>
			<report>
				<misses>505600000</misses>
				<total>0</total>
				<timestamp>4655.491893</timestamp>
			</report>
			<report>
				<misses>505700000</misses>
				<total>0</total>
				<timestamp>4656.426514</timestamp>
			</report>
			<report>
				<misses>505800000</misses>
				<total>0</total>
				<timestamp>4657.382883</timestamp>
			</report>
			<report>
				<misses>505900000</misses>
				<total>0</total>
				<timestamp>4658.312740</timestamp>
			</report>
			<report>
				<misses>506000000</misses>
				<total>0</total>
				<timestamp>4659.254308</timestamp>
			</report>
			<report>
				<misses>506100000</misses>
				<total>0</total>
				<timestamp>4660.191327</timestamp>
			</report>
			<report>
				<misses>506200000</misses>
				<total>0</total>
				<timestamp>4661.103219</timestamp>
			</report>
			<report>
				<misses>506300000</misses>
				<total>0</total>
				<timestamp>4662.045426</timestamp>
			</report>
			<report>
				<misses>506400000</misses>
				<total>0</total>
				<timestamp>4662.957574</timestamp>
			</report>
			<report>
				<misses>506500000</misses>
				<total>0</total>
				<timestamp>4663.896942</timestamp>
			</report>
			<report>
				<misses>506600000</misses>
				<total>0</total>
				<timestamp>4664.821192</timestamp>
			</report>
			<report>
				<misses>506700000</misses>
				<total>0</total>
				<timestamp>4665.753165</timestamp>
			</report>
			<report>
				<misses>506800000</misses>
				<total>0</total>
				<timestamp>4666.671197</timestamp>
			</report>
			<report>
				<misses>506900000</misses>
				<total>0</total>
				<timestamp>4667.595815</timestamp>
			</report>
			<report>
				<misses>507000000</misses>
				<total>0</total>
				<timestamp>4668.487794</timestamp>
			</report>
			<report>
				<misses>507100000</misses>
				<total>0</total>
				<timestamp>4669.391002</timestamp>
			</report>
			<report>
				<misses>507200000</misses>
				<total>0</total>
				<timestamp>4670.289574</timestamp>
			</report>
			<report>
				<misses>507300000</misses>
				<total>0</total>
				<timestamp>4671.187440</timestamp>
			</report>
			<report>
				<misses>507400000</misses>
				<total>0</total>
				<timestamp>4672.087322</timestamp>
			</report>
			<report>
				<misses>507500000</misses>
				<total>0</total>
				<timestamp>4672.980034</timestamp>
			</report>
			<report>
				<misses>507600000</misses>
				<total>0</total>
				<timestamp>4673.894516</timestamp>
			</report>
			<report>
				<misses>507700000</misses>
				<total>0</total>
				<timestamp>4674.826753</timestamp>
			</report>
			<report>
				<misses>507800000</misses>
				<total>0</total>
				<timestamp>4675.751034</timestamp>
			</report>
			<report>
				<misses>507900000</misses>
				<total>0</total>
				<timestamp>4676.670539</timestamp>
			</report>
			<report>
				<misses>508000000</misses>
				<total>0</total>
				<timestamp>4677.601293</timestamp>
			</report>
			<report>
				<misses>508100000</misses>
				<total>0</total>
				<timestamp>4678.520917</timestamp>
			</report>
			<report>
				<misses>508200000</misses>
				<total>0</total>
				<timestamp>4679.429599</timestamp>
			</report>
			<report>
				<misses>508300000</misses>
				<total>0</total>
				<timestamp>4680.365367</timestamp>
			</report>
			<report>
				<misses>508400000</misses>
				<total>0</total>
				<timestamp>4681.305824</timestamp>
			</report>
			<report>
				<misses>508500000</misses>
				<total>0</total>
				<timestamp>4682.224638</timestamp>
			</report>
			<report>
				<misses>508600000</misses>
				<total>0</total>
				<timestamp>4683.154568</timestamp>
			</report>
			<report>
				<misses>508700000</misses>
				<total>0</total>
				<timestamp>4684.061463</timestamp>
			</report>
			<report>
				<misses>508800000</misses>
				<total>0</total>
				<timestamp>4685.000452</timestamp>
			</report>
			<report>
				<misses>508900000</misses>
				<total>0</total>
				<timestamp>4685.907344</timestamp>
			</report>
			<report>
				<misses>509000000</misses>
				<total>0</total>
				<timestamp>4686.811382</timestamp>
			</report>
			<report>
				<misses>509100000</misses>
				<total>0</total>
				<timestamp>4687.705867</timestamp>
			</report>
			<report>
				<misses>509200000</misses>
				<total>0</total>
				<timestamp>4688.608200</timestamp>
			</report>
			<report>
				<misses>509300000</misses>
				<total>0</total>
				<timestamp>4689.493203</timestamp>
			</report>
			<report>
				<misses>509400000</misses>
				<total>0</total>
				<timestamp>4690.396314</timestamp>
			</report>
			<report>
				<misses>509500000</misses>
				<total>0</total>
				<timestamp>4691.301489</timestamp>
			</report>
			<report>
				<misses>509600000</misses>
				<total>0</total>
				<timestamp>4692.201408</timestamp>
			</report>
			<report>
				<misses>509700000</misses>
				<total>0</total>
				<timestamp>4693.138087</timestamp>
			</report>
			<report>
				<misses>509800000</misses>
				<total>0</total>
				<timestamp>4694.089143</timestamp>
			</report>
			<report>
				<misses>509900000</misses>
				<total>0</total>
				<timestamp>4695.024622</timestamp>
			</report>
			<report>
				<misses>510000000</misses>
				<total>0</total>
				<timestamp>4695.950001</timestamp>
			</report>
			<report>
				<misses>510100000</misses>
				<total>0</total>
				<timestamp>4696.876501</timestamp>
			</report>
			<report>
				<misses>510200000</misses>
				<total>0</total>
				<timestamp>4697.802249</timestamp>
			</report>
			<report>
				<misses>510300000</misses>
				<total>0</total>
				<timestamp>4698.736129</timestamp>
			</report>
			<report>
				<misses>510400000</misses>
				<total>0</total>
				<timestamp>4699.656249</timestamp>
			</report>
			<report>
				<misses>510500000</misses>
				<total>0</total>
				<timestamp>4700.567472</timestamp>
			</report>
			<report>
				<misses>510600000</misses>
				<total>0</total>
				<timestamp>4701.531269</timestamp>
			</report>
			<report>
				<misses>510700000</misses>
				<total>0</total>
				<timestamp>4702.472962</timestamp>
			</report>
			<report>
				<misses>510800000</misses>
				<total>0</total>
				<timestamp>4703.400561</timestamp>
			</report>
			<report>
				<misses>510900000</misses>
				<total>0</total>
				<timestamp>4704.296196</timestamp>
			</report>
			<report>
				<misses>511000000</misses>
				<total>0</total>
				<timestamp>4705.189511</timestamp>
			</report>
			<report>
				<misses>511100000</misses>
				<total>0</total>
				<timestamp>4706.078183</timestamp>
			</report>
			<report>
				<misses>511200000</misses>
				<total>0</total>
				<timestamp>4706.981511</timestamp>
			</report>
			<report>
				<misses>511300000</misses>
				<total>0</total>
				<timestamp>4707.883373</timestamp>
			</report>
			<report>
				<misses>511400000</misses>
				<total>0</total>
				<timestamp>4708.787735</timestamp>
			</report>
			<report>
				<misses>511500000</misses>
				<total>0</total>
				<timestamp>4709.710281</timestamp>
			</report>
			<report>
				<misses>511600000</misses>
				<total>0</total>
				<timestamp>4710.645091</timestamp>
			</report>
			<report>
				<misses>511700000</misses>
				<total>0</total>
				<timestamp>4711.559119</timestamp>
			</report>
			<report>
				<misses>511800000</misses>
				<total>0</total>
				<timestamp>4712.501804</timestamp>
			</report>
			<report>
				<misses>511900000</misses>
				<total>0</total>
				<timestamp>4713.430651</timestamp>
			</report>
			<report>
				<misses>512000000</misses>
				<total>0</total>
				<timestamp>4714.364261</timestamp>
			</report>
			<report>
				<misses>512100000</misses>
				<total>0</total>
				<timestamp>4715.305036</timestamp>
			</report>
			<report>
				<misses>512200000</misses>
				<total>0</total>
				<timestamp>4716.229662</timestamp>
			</report>
			<report>
				<misses>512300000</misses>
				<total>0</total>
				<timestamp>4717.166907</timestamp>
			</report>
			<report>
				<misses>512400000</misses>
				<total>0</total>
				<timestamp>4718.087789</timestamp>
			</report>
			<report>
				<misses>512500000</misses>
				<total>0</total>
				<timestamp>4719.008990</timestamp>
			</report>
			<report>
				<misses>512600000</misses>
				<total>0</total>
				<timestamp>4719.910960</timestamp>
			</report>
			<report>
				<misses>512700000</misses>
				<total>0</total>
				<timestamp>4720.803484</timestamp>
			</report>
			<report>
				<misses>512800000</misses>
				<total>0</total>
				<timestamp>4721.697138</timestamp>
			</report>
			<report>
				<misses>512900000</misses>
				<total>0</total>
				<timestamp>4722.587618</timestamp>
			</report>
			<report>
				<misses>513000000</misses>
				<total>0</total>
				<timestamp>4723.496195</timestamp>
			</report>
			<report>
				<misses>513100000</misses>
				<total>0</total>
				<timestamp>4724.399430</timestamp>
			</report>
			<report>
				<misses>513200000</misses>
				<total>0</total>
				<timestamp>4725.297300</timestamp>
			</report>
			<report>
				<misses>513300000</misses>
				<total>0</total>
				<timestamp>4726.213596</timestamp>
			</report>
			<report>
				<misses>513400000</misses>
				<total>0</total>
				<timestamp>4727.120438</timestamp>
			</report>
			<report>
				<misses>513500000</misses>
				<total>0</total>
				<timestamp>4728.050422</timestamp>
			</report>
			<report>
				<misses>513600000</misses>
				<total>0</total>
				<timestamp>4728.945447</timestamp>
			</report>
			<report>
				<misses>513700000</misses>
				<total>0</total>
				<timestamp>4729.862102</timestamp>
			</report>
			<report>
				<misses>513800000</misses>
				<total>0</total>
				<timestamp>4730.775985</timestamp>
			</report>
			<report>
				<misses>513900000</misses>
				<total>0</total>
				<timestamp>4731.719965</timestamp>
			</report>
			<report>
				<misses>514000000</misses>
				<total>0</total>
				<timestamp>4732.643907</timestamp>
			</report>
			<report>
				<misses>514100000</misses>
				<total>0</total>
				<timestamp>4733.569947</timestamp>
			</report>
			<report>
				<misses>514200000</misses>
				<total>0</total>
				<timestamp>4734.500136</timestamp>
			</report>
			<report>
				<misses>514300000</misses>
				<total>0</total>
				<timestamp>4735.410185</timestamp>
			</report>
			<report>
				<misses>514400000</misses>
				<total>0</total>
				<timestamp>4736.337889</timestamp>
			</report>
			<report>
				<misses>514500000</misses>
				<total>0</total>
				<timestamp>4737.242016</timestamp>
			</report>
			<report>
				<misses>514600000</misses>
				<total>0</total>
				<timestamp>4738.155714</timestamp>
			</report>
			<report>
				<misses>514700000</misses>
				<total>0</total>
				<timestamp>4739.064528</timestamp>
			</report>
			<report>
				<misses>514800000</misses>
				<total>0</total>
				<timestamp>4739.963259</timestamp>
			</report>
			<report>
				<misses>514900000</misses>
				<total>0</total>
				<timestamp>4740.869329</timestamp>
			</report>
			<report>
				<misses>515000000</misses>
				<total>0</total>
				<timestamp>4741.764111</timestamp>
			</report>
			<report>
				<misses>515100000</misses>
				<total>0</total>
				<timestamp>4742.667962</timestamp>
			</report>
			<report>
				<misses>515200000</misses>
				<total>0</total>
				<timestamp>4743.568700</timestamp>
			</report>
			<report>
				<misses>515300000</misses>
				<total>0</total>
				<timestamp>4744.457711</timestamp>
			</report>
			<report>
				<misses>515400000</misses>
				<total>0</total>
				<timestamp>4745.383903</timestamp>
			</report>
			<report>
				<misses>515500000</misses>
				<total>0</total>
				<timestamp>4746.314829</timestamp>
			</report>
			<report>
				<misses>515600000</misses>
				<total>0</total>
				<timestamp>4747.222376</timestamp>
			</report>
			<report>
				<misses>515700000</misses>
				<total>0</total>
				<timestamp>4748.158368</timestamp>
			</report>
			<report>
				<misses>515800000</misses>
				<total>0</total>
				<timestamp>4749.065835</timestamp>
			</report>
			<report>
				<misses>515900000</misses>
				<total>0</total>
				<timestamp>4750.001301</timestamp>
			</report>
			<report>
				<misses>516000000</misses>
				<total>0</total>
				<timestamp>4750.907256</timestamp>
			</report>
			<report>
				<misses>516100000</misses>
				<total>0</total>
				<timestamp>4751.831423</timestamp>
			</report>
			<report>
				<misses>516200000</misses>
				<total>0</total>
				<timestamp>4752.772573</timestamp>
			</report>
			<report>
				<misses>516300000</misses>
				<total>0</total>
				<timestamp>4753.715815</timestamp>
			</report>
			<report>
				<misses>516400000</misses>
				<total>0</total>
				<timestamp>4754.654434</timestamp>
			</report>
			<report>
				<misses>516500000</misses>
				<total>0</total>
				<timestamp>4755.617978</timestamp>
			</report>
			<report>
				<misses>516600000</misses>
				<total>0</total>
				<timestamp>4756.554779</timestamp>
			</report>
			<report>
				<misses>516700000</misses>
				<total>0</total>
				<timestamp>4757.472493</timestamp>
			</report>
			<report>
				<misses>516800000</misses>
				<total>0</total>
				<timestamp>4758.393973</timestamp>
			</report>
			<report>
				<misses>516900000</misses>
				<total>0</total>
				<timestamp>4759.303305</timestamp>
			</report>
			<report>
				<misses>517000000</misses>
				<total>0</total>
				<timestamp>4760.250882</timestamp>
			</report>
			<report>
				<misses>517100000</misses>
				<total>0</total>
				<timestamp>4761.154577</timestamp>
			</report>
			<report>
				<misses>517200000</misses>
				<total>0</total>
				<timestamp>4762.066438</timestamp>
			</report>
			<report>
				<misses>517300000</misses>
				<total>0</total>
				<timestamp>4762.977172</timestamp>
			</report>
			<report>
				<misses>517400000</misses>
				<total>0</total>
				<timestamp>4763.899559</timestamp>
			</report>
			<report>
				<misses>517500000</misses>
				<total>0</total>
				<timestamp>4764.792780</timestamp>
			</report>
			<report>
				<misses>517600000</misses>
				<total>0</total>
				<timestamp>4765.696112</timestamp>
			</report>
			<report>
				<misses>517700000</misses>
				<total>0</total>
				<timestamp>4766.620493</timestamp>
			</report>
			<report>
				<misses>517800000</misses>
				<total>0</total>
				<timestamp>4767.548074</timestamp>
			</report>
			<report>
				<misses>517900000</misses>
				<total>0</total>
				<timestamp>4768.486526</timestamp>
			</report>
			<report>
				<misses>518000000</misses>
				<total>0</total>
				<timestamp>4769.415925</timestamp>
			</report>
			<report>
				<misses>518100000</misses>
				<total>0</total>
				<timestamp>4770.343418</timestamp>
			</report>
			<report>
				<misses>518200000</misses>
				<total>0</total>
				<timestamp>4771.277596</timestamp>
			</report>
			<report>
				<misses>518300000</misses>
				<total>0</total>
				<timestamp>4772.191286</timestamp>
			</report>
			<report>
				<misses>518400000</misses>
				<total>0</total>
				<timestamp>4773.138562</timestamp>
			</report>
			<report>
				<misses>518500000</misses>
				<total>0</total>
				<timestamp>4774.068395</timestamp>
			</report>
			<report>
				<misses>518600000</misses>
				<total>0</total>
				<timestamp>4775.011319</timestamp>
			</report>
			<report>
				<misses>518700000</misses>
				<total>0</total>
				<timestamp>4775.944014</timestamp>
			</report>
			<report>
				<misses>518800000</misses>
				<total>0</total>
				<timestamp>4776.875918</timestamp>
			</report>
			<report>
				<misses>518900000</misses>
				<total>0</total>
				<timestamp>4777.773256</timestamp>
			</report>
			<report>
				<misses>519000000</misses>
				<total>0</total>
				<timestamp>4778.704762</timestamp>
			</report>
			<report>
				<misses>519100000</misses>
				<total>0</total>
				<timestamp>4779.593413</timestamp>
			</report>
			<report>
				<misses>519200000</misses>
				<total>0</total>
				<timestamp>4780.484662</timestamp>
			</report>
			<report>
				<misses>519300000</misses>
				<total>0</total>
				<timestamp>4781.384707</timestamp>
			</report>
			<report>
				<misses>519400000</misses>
				<total>0</total>
				<timestamp>4782.268351</timestamp>
			</report>
			<report>
				<misses>519500000</misses>
				<total>0</total>
				<timestamp>4783.164735</timestamp>
			</report>
			<report>
				<misses>519600000</misses>
				<total>0</total>
				<timestamp>4784.048630</timestamp>
			</report>
			<report>
				<misses>519700000</misses>
				<total>0</total>
				<timestamp>4784.941622</timestamp>
			</report>
			<report>
				<misses>519800000</misses>
				<total>0</total>
				<timestamp>4785.870754</timestamp>
			</report>
			<report>
				<misses>519900000</misses>
				<total>0</total>
				<timestamp>4786.797712</timestamp>
			</report>
			<report>
				<misses>520000000</misses>
				<total>0</total>
				<timestamp>4787.701196</timestamp>
			</report>
			<report>
				<misses>520100000</misses>
				<total>0</total>
				<timestamp>4788.631291</timestamp>
			</report>
			<report>
				<misses>520200000</misses>
				<total>0</total>
				<timestamp>4789.574677</timestamp>
			</report>
			<report>
				<misses>520300000</misses>
				<total>0</total>
				<timestamp>4790.533801</timestamp>
			</report>
			<report>
				<misses>520400000</misses>
				<total>0</total>
				<timestamp>4791.476497</timestamp>
			</report>
			<report>
				<misses>520500000</misses>
				<total>0</total>
				<timestamp>4792.406680</timestamp>
			</report>
			<report>
				<misses>520600000</misses>
				<total>0</total>
				<timestamp>4793.319032</timestamp>
			</report>
			<report>
				<misses>520700000</misses>
				<total>0</total>
				<timestamp>4794.233281</timestamp>
			</report>
			<report>
				<misses>520800000</misses>
				<total>0</total>
				<timestamp>4795.156280</timestamp>
			</report>
			<report>
				<misses>520900000</misses>
				<total>0</total>
				<timestamp>4796.107174</timestamp>
			</report>
			<report>
				<misses>521000000</misses>
				<total>0</total>
				<timestamp>4797.046886</timestamp>
			</report>
			<report>
				<misses>521100000</misses>
				<total>0</total>
				<timestamp>4797.955516</timestamp>
			</report>
			<report>
				<misses>521200000</misses>
				<total>0</total>
				<timestamp>4798.878344</timestamp>
			</report>
			<report>
				<misses>521300000</misses>
				<total>0</total>
				<timestamp>4799.777786</timestamp>
			</report>
			<report>
				<misses>521400000</misses>
				<total>0</total>
				<timestamp>4800.687263</timestamp>
			</report>
			<report>
				<misses>521500000</misses>
				<total>0</total>
				<timestamp>4801.585939</timestamp>
			</report>
			<report>
				<misses>521600000</misses>
				<total>0</total>
				<timestamp>4802.479865</timestamp>
			</report>
			<report>
				<misses>521700000</misses>
				<total>0</total>
				<timestamp>4803.384827</timestamp>
			</report>
			<report>
				<misses>521800000</misses>
				<total>0</total>
				<timestamp>4804.284080</timestamp>
			</report>
			<report>
				<misses>521900000</misses>
				<total>0</total>
				<timestamp>4805.192277</timestamp>
			</report>
			<report>
				<misses>522000000</misses>
				<total>0</total>
				<timestamp>4806.091412</timestamp>
			</report>
			<report>
				<misses>522100000</misses>
				<total>0</total>
				<timestamp>4807.034243</timestamp>
			</report>
			<report>
				<misses>522200000</misses>
				<total>0</total>
				<timestamp>4807.991393</timestamp>
			</report>
			<report>
				<misses>522300000</misses>
				<total>0</total>
				<timestamp>4808.930490</timestamp>
			</report>
			<report>
				<misses>522400000</misses>
				<total>0</total>
				<timestamp>4809.886639</timestamp>
			</report>
			<report>
				<misses>522500000</misses>
				<total>0</total>
				<timestamp>4810.808512</timestamp>
			</report>
			<report>
				<misses>522600000</misses>
				<total>0</total>
				<timestamp>4811.763544</timestamp>
			</report>
			<report>
				<misses>522700000</misses>
				<total>0</total>
				<timestamp>4812.687686</timestamp>
			</report>
			<report>
				<misses>522800000</misses>
				<total>0</total>
				<timestamp>4813.621564</timestamp>
			</report>
			<report>
				<misses>522900000</misses>
				<total>0</total>
				<timestamp>4814.559483</timestamp>
			</report>
			<report>
				<misses>523000000</misses>
				<total>0</total>
				<timestamp>4815.490244</timestamp>
			</report>
			<report>
				<misses>523100000</misses>
				<total>0</total>
				<timestamp>4816.430571</timestamp>
			</report>
			<report>
				<misses>523200000</misses>
				<total>0</total>
				<timestamp>4817.374191</timestamp>
			</report>
			<report>
				<misses>523300000</misses>
				<total>0</total>
				<timestamp>4818.309831</timestamp>
			</report>
			<report>
				<misses>523400000</misses>
				<total>0</total>
				<timestamp>4819.242844</timestamp>
			</report>
			<report>
				<misses>523500000</misses>
				<total>0</total>
				<timestamp>4820.196107</timestamp>
			</report>
			<report>
				<misses>523600000</misses>
				<total>0</total>
				<timestamp>4821.147118</timestamp>
			</report>
			<report>
				<misses>523700000</misses>
				<total>0</total>
				<timestamp>4822.095901</timestamp>
			</report>
			<report>
				<misses>523800000</misses>
				<total>0</total>
				<timestamp>4823.050222</timestamp>
			</report>
			<report>
				<misses>523900000</misses>
				<total>0</total>
				<timestamp>4824.000529</timestamp>
			</report>
			<report>
				<misses>524000000</misses>
				<total>0</total>
				<timestamp>4824.937869</timestamp>
			</report>
			<report>
				<misses>524100000</misses>
				<total>0</total>
				<timestamp>4825.887863</timestamp>
			</report>
			<report>
				<misses>524200000</misses>
				<total>0</total>
				<timestamp>4826.820865</timestamp>
			</report>
			<report>
				<misses>524300000</misses>
				<total>0</total>
				<timestamp>4827.765842</timestamp>
			</report>
			<report>
				<misses>524400000</misses>
				<total>0</total>
				<timestamp>4828.730750</timestamp>
			</report>
			<report>
				<misses>524500000</misses>
				<total>0</total>
				<timestamp>4829.645911</timestamp>
			</report>
			<report>
				<misses>524600000</misses>
				<total>0</total>
				<timestamp>4830.586101</timestamp>
			</report>
			<report>
				<misses>524700000</misses>
				<total>0</total>
				<timestamp>4831.508721</timestamp>
			</report>
			<report>
				<misses>524800000</misses>
				<total>0</total>
				<timestamp>4832.399903</timestamp>
			</report>
			<report>
				<misses>524900000</misses>
				<total>0</total>
				<timestamp>4833.290312</timestamp>
			</report>
			<report>
				<misses>525000000</misses>
				<total>0</total>
				<timestamp>4834.187681</timestamp>
			</report>
			<report>
				<misses>525100000</misses>
				<total>0</total>
				<timestamp>4835.099647</timestamp>
			</report>
			<report>
				<misses>525200000</misses>
				<total>0</total>
				<timestamp>4836.001866</timestamp>
			</report>
			<report>
				<misses>525300000</misses>
				<total>0</total>
				<timestamp>4836.916706</timestamp>
			</report>
			<report>
				<misses>525400000</misses>
				<total>0</total>
				<timestamp>4837.843121</timestamp>
			</report>
			<report>
				<misses>525500000</misses>
				<total>0</total>
				<timestamp>4838.766768</timestamp>
			</report>
			<report>
				<misses>525600000</misses>
				<total>0</total>
				<timestamp>4839.706838</timestamp>
			</report>
			<report>
				<misses>525700000</misses>
				<total>0</total>
				<timestamp>4840.617266</timestamp>
			</report>
			<report>
				<misses>525800000</misses>
				<total>0</total>
				<timestamp>4841.548353</timestamp>
			</report>
			<report>
				<misses>525900000</misses>
				<total>0</total>
				<timestamp>4842.463919</timestamp>
			</report>
			<report>
				<misses>526000000</misses>
				<total>0</total>
				<timestamp>4843.390544</timestamp>
			</report>
			<report>
				<misses>526100000</misses>
				<total>0</total>
				<timestamp>4844.322272</timestamp>
			</report>
			<report>
				<misses>526200000</misses>
				<total>0</total>
				<timestamp>4845.261468</timestamp>
			</report>
			<report>
				<misses>526300000</misses>
				<total>0</total>
				<timestamp>4846.191671</timestamp>
			</report>
			<report>
				<misses>526400000</misses>
				<total>0</total>
				<timestamp>4847.127405</timestamp>
			</report>
			<report>
				<misses>526500000</misses>
				<total>0</total>
				<timestamp>4848.045770</timestamp>
			</report>
			<report>
				<misses>526600000</misses>
				<total>0</total>
				<timestamp>4848.948901</timestamp>
			</report>
			<report>
				<misses>526700000</misses>
				<total>0</total>
				<timestamp>4849.844818</timestamp>
			</report>
			<report>
				<misses>526800000</misses>
				<total>0</total>
				<timestamp>4850.750422</timestamp>
			</report>
			<report>
				<misses>526900000</misses>
				<total>0</total>
				<timestamp>4851.654336</timestamp>
			</report>
			<report>
				<misses>527000000</misses>
				<total>0</total>
				<timestamp>4852.561327</timestamp>
			</report>
			<report>
				<misses>527100000</misses>
				<total>0</total>
				<timestamp>4853.467050</timestamp>
			</report>
			<report>
				<misses>527200000</misses>
				<total>0</total>
				<timestamp>4854.402952</timestamp>
			</report>
			<report>
				<misses>527300000</misses>
				<total>0</total>
				<timestamp>4855.342744</timestamp>
			</report>
			<report>
				<misses>527400000</misses>
				<total>0</total>
				<timestamp>4856.265664</timestamp>
			</report>
			<report>
				<misses>527500000</misses>
				<total>0</total>
				<timestamp>4857.175271</timestamp>
			</report>
			<report>
				<misses>527600000</misses>
				<total>0</total>
				<timestamp>4858.106702</timestamp>
			</report>
			<report>
				<misses>527700000</misses>
				<total>0</total>
				<timestamp>4859.040523</timestamp>
			</report>
			<report>
				<misses>527800000</misses>
				<total>0</total>
				<timestamp>4859.954255</timestamp>
			</report>
			<report>
				<misses>527900000</misses>
				<total>0</total>
				<timestamp>4860.898228</timestamp>
			</report>
			<report>
				<misses>528000000</misses>
				<total>0</total>
				<timestamp>4861.822490</timestamp>
			</report>
			<report>
				<misses>528100000</misses>
				<total>0</total>
				<timestamp>4862.743726</timestamp>
			</report>
			<report>
				<misses>528200000</misses>
				<total>0</total>
				<timestamp>4863.692387</timestamp>
			</report>
			<report>
				<misses>528300000</misses>
				<total>0</total>
				<timestamp>4864.586522</timestamp>
			</report>
			<report>
				<misses>528400000</misses>
				<total>0</total>
				<timestamp>4865.477144</timestamp>
			</report>
			<report>
				<misses>528500000</misses>
				<total>0</total>
				<timestamp>4866.370709</timestamp>
			</report>
			<report>
				<misses>528600000</misses>
				<total>0</total>
				<timestamp>4867.279607</timestamp>
			</report>
			<report>
				<misses>528700000</misses>
				<total>0</total>
				<timestamp>4868.176684</timestamp>
			</report>
			<report>
				<misses>528800000</misses>
				<total>0</total>
				<timestamp>4869.079472</timestamp>
			</report>
			<report>
				<misses>528900000</misses>
				<total>0</total>
				<timestamp>4869.981609</timestamp>
			</report>
			<report>
				<misses>529000000</misses>
				<total>0</total>
				<timestamp>4870.909527</timestamp>
			</report>
			<report>
				<misses>529100000</misses>
				<total>0</total>
				<timestamp>4871.837105</timestamp>
			</report>
			<report>
				<misses>529200000</misses>
				<total>0</total>
				<timestamp>4872.755473</timestamp>
			</report>
			<report>
				<misses>529300000</misses>
				<total>0</total>
				<timestamp>4873.685519</timestamp>
			</report>
			<report>
				<misses>529400000</misses>
				<total>0</total>
				<timestamp>4874.606497</timestamp>
			</report>
			<report>
				<misses>529500000</misses>
				<total>0</total>
				<timestamp>4875.526602</timestamp>
			</report>
			<report>
				<misses>529600000</misses>
				<total>0</total>
				<timestamp>4876.457001</timestamp>
			</report>
			<report>
				<misses>529700000</misses>
				<total>0</total>
				<timestamp>4877.387450</timestamp>
			</report>
			<report>
				<misses>529800000</misses>
				<total>0</total>
				<timestamp>4878.316624</timestamp>
			</report>
			<report>
				<misses>529900000</misses>
				<total>0</total>
				<timestamp>4879.243152</timestamp>
			</report>
			<report>
				<misses>530000000</misses>
				<total>0</total>
				<timestamp>4880.165866</timestamp>
			</report>
			<report>
				<misses>530100000</misses>
				<total>0</total>
				<timestamp>4881.087231</timestamp>
			</report>
			<report>
				<misses>530200000</misses>
				<total>0</total>
				<timestamp>4882.003998</timestamp>
			</report>
			<report>
				<misses>530300000</misses>
				<total>0</total>
				<timestamp>4882.888664</timestamp>
			</report>
			<report>
				<misses>530400000</misses>
				<total>0</total>
				<timestamp>4883.785808</timestamp>
			</report>
			<report>
				<misses>530500000</misses>
				<total>0</total>
				<timestamp>4884.681760</timestamp>
			</report>
			<report>
				<misses>530600000</misses>
				<total>0</total>
				<timestamp>4885.576723</timestamp>
			</report>
			<report>
				<misses>530700000</misses>
				<total>0</total>
				<timestamp>4886.479152</timestamp>
			</report>
			<report>
				<misses>530800000</misses>
				<total>0</total>
				<timestamp>4887.369194</timestamp>
			</report>
			<report>
				<misses>530900000</misses>
				<total>0</total>
				<timestamp>4888.309066</timestamp>
			</report>
			<report>
				<misses>531000000</misses>
				<total>0</total>
				<timestamp>4889.215454</timestamp>
			</report>
			<report>
				<misses>531100000</misses>
				<total>0</total>
				<timestamp>4890.137931</timestamp>
			</report>
			<report>
				<misses>531200000</misses>
				<total>0</total>
				<timestamp>4891.073562</timestamp>
			</report>
			<report>
				<misses>531300000</misses>
				<total>0</total>
				<timestamp>4891.978363</timestamp>
			</report>
			<report>
				<misses>531400000</misses>
				<total>0</total>
				<timestamp>4892.936267</timestamp>
			</report>
			<report>
				<misses>531500000</misses>
				<total>0</total>
				<timestamp>4893.841383</timestamp>
			</report>
			<report>
				<misses>531600000</misses>
				<total>0</total>
				<timestamp>4894.774409</timestamp>
			</report>
			<report>
				<misses>531700000</misses>
				<total>0</total>
				<timestamp>4895.679948</timestamp>
			</report>
			<report>
				<misses>531800000</misses>
				<total>0</total>
				<timestamp>4896.617862</timestamp>
			</report>
			<report>
				<misses>531900000</misses>
				<total>0</total>
				<timestamp>4897.521220</timestamp>
			</report>
			<report>
				<misses>532000000</misses>
				<total>0</total>
				<timestamp>4898.427174</timestamp>
			</report>
			<report>
				<misses>532100000</misses>
				<total>0</total>
				<timestamp>4899.332511</timestamp>
			</report>
			<report>
				<misses>532200000</misses>
				<total>0</total>
				<timestamp>4900.216619</timestamp>
			</report>
			<report>
				<misses>532300000</misses>
				<total>0</total>
				<timestamp>4901.116937</timestamp>
			</report>
			<report>
				<misses>532400000</misses>
				<total>0</total>
				<timestamp>4902.002719</timestamp>
			</report>
			<report>
				<misses>532500000</misses>
				<total>0</total>
				<timestamp>4902.903447</timestamp>
			</report>
			<report>
				<misses>532600000</misses>
				<total>0</total>
				<timestamp>4903.815101</timestamp>
			</report>
			<report>
				<misses>532700000</misses>
				<total>0</total>
				<timestamp>4904.727509</timestamp>
			</report>
			<report>
				<misses>532800000</misses>
				<total>0</total>
				<timestamp>4905.679313</timestamp>
			</report>
			<report>
				<misses>532900000</misses>
				<total>0</total>
				<timestamp>4906.582075</timestamp>
			</report>
			<report>
				<misses>533000000</misses>
				<total>0</total>
				<timestamp>4907.497812</timestamp>
			</report>
			<report>
				<misses>533100000</misses>
				<total>0</total>
				<timestamp>4908.423455</timestamp>
			</report>
			<report>
				<misses>533200000</misses>
				<total>0</total>
				<timestamp>4909.343979</timestamp>
			</report>
			<report>
				<misses>533300000</misses>
				<total>0</total>
				<timestamp>4910.292965</timestamp>
			</report>
			<report>
				<misses>533400000</misses>
				<total>0</total>
				<timestamp>4911.200270</timestamp>
			</report>
			<report>
				<misses>533500000</misses>
				<total>0</total>
				<timestamp>4912.170771</timestamp>
			</report>
			<report>
				<misses>533600000</misses>
				<total>0</total>
				<timestamp>4913.103168</timestamp>
			</report>
			<report>
				<misses>533700000</misses>
				<total>0</total>
				<timestamp>4914.056796</timestamp>
			</report>
			<report>
				<misses>533800000</misses>
				<total>0</total>
				<timestamp>4914.994739</timestamp>
			</report>
			<report>
				<misses>533900000</misses>
				<total>0</total>
				<timestamp>4915.938819</timestamp>
			</report>
			<report>
				<misses>534000000</misses>
				<total>0</total>
				<timestamp>4916.892678</timestamp>
			</report>
			<report>
				<misses>534100000</misses>
				<total>0</total>
				<timestamp>4917.804421</timestamp>
			</report>
			<report>
				<misses>534200000</misses>
				<total>0</total>
				<timestamp>4918.753501</timestamp>
			</report>
			<report>
				<misses>534300000</misses>
				<total>0</total>
				<timestamp>4919.689381</timestamp>
			</report>
			<report>
				<misses>534400000</misses>
				<total>0</total>
				<timestamp>4920.615704</timestamp>
			</report>
			<report>
				<misses>534500000</misses>
				<total>0</total>
				<timestamp>4921.518250</timestamp>
			</report>
			<report>
				<misses>534600000</misses>
				<total>0</total>
				<timestamp>4922.418449</timestamp>
			</report>
			<report>
				<misses>534700000</misses>
				<total>0</total>
				<timestamp>4923.317104</timestamp>
			</report>
			<report>
				<misses>534800000</misses>
				<total>0</total>
				<timestamp>4924.208833</timestamp>
			</report>
			<report>
				<misses>534900000</misses>
				<total>0</total>
				<timestamp>4925.127194</timestamp>
			</report>
			<report>
				<misses>535000000</misses>
				<total>0</total>
				<timestamp>4926.025702</timestamp>
			</report>
			<report>
				<misses>535100000</misses>
				<total>0</total>
				<timestamp>4926.934689</timestamp>
			</report>
			<report>
				<misses>535200000</misses>
				<total>0</total>
				<timestamp>4927.861258</timestamp>
			</report>
			<report>
				<misses>535300000</misses>
				<total>0</total>
				<timestamp>4928.803413</timestamp>
			</report>
			<report>
				<misses>535400000</misses>
				<total>0</total>
				<timestamp>4929.712215</timestamp>
			</report>
			<report>
				<misses>535500000</misses>
				<total>0</total>
				<timestamp>4930.646513</timestamp>
			</report>
			<report>
				<misses>535600000</misses>
				<total>0</total>
				<timestamp>4931.576029</timestamp>
			</report>
			<report>
				<misses>535700000</misses>
				<total>0</total>
				<timestamp>4932.491851</timestamp>
			</report>
			<report>
				<misses>535800000</misses>
				<total>0</total>
				<timestamp>4933.430925</timestamp>
			</report>
			<report>
				<misses>535900000</misses>
				<total>0</total>
				<timestamp>4934.335910</timestamp>
			</report>
			<report>
				<misses>536000000</misses>
				<total>0</total>
				<timestamp>4935.259384</timestamp>
			</report>
			<report>
				<misses>536100000</misses>
				<total>0</total>
				<timestamp>4936.172104</timestamp>
			</report>
			<report>
				<misses>536200000</misses>
				<total>0</total>
				<timestamp>4937.105930</timestamp>
			</report>
			<report>
				<misses>536300000</misses>
				<total>0</total>
				<timestamp>4938.045340</timestamp>
			</report>
			<report>
				<misses>536400000</misses>
				<total>0</total>
				<timestamp>4938.941851</timestamp>
			</report>
			<report>
				<misses>536500000</misses>
				<total>0</total>
				<timestamp>4939.836639</timestamp>
			</report>
			<report>
				<misses>536600000</misses>
				<total>0</total>
				<timestamp>4940.728960</timestamp>
			</report>
			<report>
				<misses>536700000</misses>
				<total>0</total>
				<timestamp>4941.638562</timestamp>
			</report>
			<report>
				<misses>536800000</misses>
				<total>0</total>
				<timestamp>4942.538968</timestamp>
			</report>
			<report>
				<misses>536900000</misses>
				<total>0</total>
				<timestamp>4943.436822</timestamp>
			</report>
			<report>
				<misses>537000000</misses>
				<total>0</total>
				<timestamp>4944.341291</timestamp>
			</report>
			<report>
				<misses>537100000</misses>
				<total>0</total>
				<timestamp>4945.269791</timestamp>
			</report>
			<report>
				<misses>537200000</misses>
				<total>0</total>
				<timestamp>4946.222321</timestamp>
			</report>
			<report>
				<misses>537300000</misses>
				<total>0</total>
				<timestamp>4947.142621</timestamp>
			</report>
			<report>
				<misses>537400000</misses>
				<total>0</total>
				<timestamp>4948.046510</timestamp>
			</report>
			<report>
				<misses>537500000</misses>
				<total>0</total>
				<timestamp>4948.994260</timestamp>
			</report>
			<report>
				<misses>537600000</misses>
				<total>0</total>
				<timestamp>4949.903766</timestamp>
			</report>
			<report>
				<misses>537700000</misses>
				<total>0</total>
				<timestamp>4950.828951</timestamp>
			</report>
			<report>
				<misses>537800000</misses>
				<total>0</total>
				<timestamp>4951.747539</timestamp>
			</report>
			<report>
				<misses>537900000</misses>
				<total>0</total>
				<timestamp>4952.700032</timestamp>
			</report>
			<report>
				<misses>538000000</misses>
				<total>0</total>
				<timestamp>4953.612145</timestamp>
			</report>
			<report>
				<misses>538100000</misses>
				<total>0</total>
				<timestamp>4954.556994</timestamp>
			</report>
			<report>
				<misses>538200000</misses>
				<total>0</total>
				<timestamp>4955.467716</timestamp>
			</report>
			<report>
				<misses>538300000</misses>
				<total>0</total>
				<timestamp>4956.379450</timestamp>
			</report>
			<report>
				<misses>538400000</misses>
				<total>0</total>
				<timestamp>4957.284937</timestamp>
			</report>
			<report>
				<misses>538500000</misses>
				<total>0</total>
				<timestamp>4958.188499</timestamp>
			</report>
			<report>
				<misses>538600000</misses>
				<total>0</total>
				<timestamp>4959.099583</timestamp>
			</report>
			<report>
				<misses>538700000</misses>
				<total>0</total>
				<timestamp>4959.990150</timestamp>
			</report>
			<report>
				<misses>538800000</misses>
				<total>0</total>
				<timestamp>4960.889765</timestamp>
			</report>
			<report>
				<misses>538900000</misses>
				<total>0</total>
				<timestamp>4961.805499</timestamp>
			</report>
			<report>
				<misses>539000000</misses>
				<total>0</total>
				<timestamp>4962.725679</timestamp>
			</report>
			<report>
				<misses>539100000</misses>
				<total>0</total>
				<timestamp>4963.666458</timestamp>
			</report>
			<report>
				<misses>539200000</misses>
				<total>0</total>
				<timestamp>4964.608487</timestamp>
			</report>
			<report>
				<misses>539300000</misses>
				<total>0</total>
				<timestamp>4965.532910</timestamp>
			</report>
			<report>
				<misses>539400000</misses>
				<total>0</total>
				<timestamp>4966.448762</timestamp>
			</report>
			<report>
				<misses>539500000</misses>
				<total>0</total>
				<timestamp>4967.369402</timestamp>
			</report>
			<report>
				<misses>539600000</misses>
				<total>0</total>
				<timestamp>4968.281943</timestamp>
			</report>
			<report>
				<misses>539700000</misses>
				<total>0</total>
				<timestamp>4969.196442</timestamp>
			</report>
			<report>
				<misses>539800000</misses>
				<total>0</total>
				<timestamp>4970.107306</timestamp>
			</report>
			<report>
				<misses>539900000</misses>
				<total>0</total>
				<timestamp>4971.027820</timestamp>
			</report>
			<report>
				<misses>540000000</misses>
				<total>0</total>
				<timestamp>4971.948337</timestamp>
			</report>
			<report>
				<misses>540100000</misses>
				<total>0</total>
				<timestamp>4972.850944</timestamp>
			</report>
			<report>
				<misses>540200000</misses>
				<total>0</total>
				<timestamp>4973.798006</timestamp>
			</report>
			<report>
				<misses>540300000</misses>
				<total>0</total>
				<timestamp>4974.704969</timestamp>
			</report>
			<report>
				<misses>540400000</misses>
				<total>0</total>
				<timestamp>4975.617709</timestamp>
			</report>
			<report>
				<misses>540500000</misses>
				<total>0</total>
				<timestamp>4976.531868</timestamp>
			</report>
			<report>
				<misses>540600000</misses>
				<total>0</total>
				<timestamp>4977.429071</timestamp>
			</report>
			<report>
				<misses>540700000</misses>
				<total>0</total>
				<timestamp>4978.339460</timestamp>
			</report>
			<report>
				<misses>540800000</misses>
				<total>0</total>
				<timestamp>4979.245621</timestamp>
			</report>
			<report>
				<misses>540900000</misses>
				<total>0</total>
				<timestamp>4980.148435</timestamp>
			</report>
			<report>
				<misses>541000000</misses>
				<total>0</total>
				<timestamp>4981.055260</timestamp>
			</report>
			<report>
				<misses>541100000</misses>
				<total>0</total>
				<timestamp>4981.991254</timestamp>
			</report>
			<report>
				<misses>541200000</misses>
				<total>0</total>
				<timestamp>4982.912022</timestamp>
			</report>
			<report>
				<misses>541300000</misses>
				<total>0</total>
				<timestamp>4983.859641</timestamp>
			</report>
			<report>
				<misses>541400000</misses>
				<total>0</total>
				<timestamp>4984.795602</timestamp>
			</report>
			<report>
				<misses>541500000</misses>
				<total>0</total>
				<timestamp>4985.703138</timestamp>
			</report>
			<report>
				<misses>541600000</misses>
				<total>0</total>
				<timestamp>4986.632075</timestamp>
			</report>
			<report>
				<misses>541700000</misses>
				<total>0</total>
				<timestamp>4987.538750</timestamp>
			</report>
			<report>
				<misses>541800000</misses>
				<total>0</total>
				<timestamp>4988.475046</timestamp>
			</report>
			<report>
				<misses>541900000</misses>
				<total>0</total>
				<timestamp>4989.422329</timestamp>
			</report>
			<report>
				<misses>542000000</misses>
				<total>0</total>
				<timestamp>4990.356615</timestamp>
			</report>
			<report>
				<misses>542100000</misses>
				<total>0</total>
				<timestamp>4991.320163</timestamp>
			</report>
			<report>
				<misses>542200000</misses>
				<total>0</total>
				<timestamp>4992.262992</timestamp>
			</report>
			<report>
				<misses>542300000</misses>
				<total>0</total>
				<timestamp>4993.207063</timestamp>
			</report>
			<report>
				<misses>542400000</misses>
				<total>0</total>
				<timestamp>4994.138300</timestamp>
			</report>
			<report>
				<misses>542500000</misses>
				<total>0</total>
				<timestamp>4995.087924</timestamp>
			</report>
			<report>
				<misses>542600000</misses>
				<total>0</total>
				<timestamp>4996.042806</timestamp>
			</report>
			<report>
				<misses>542700000</misses>
				<total>0</total>
				<timestamp>4996.995479</timestamp>
			</report>
			<report>
				<misses>542800000</misses>
				<total>0</total>
				<timestamp>4997.944911</timestamp>
			</report>
			<report>
				<misses>542900000</misses>
				<total>0</total>
				<timestamp>4998.875341</timestamp>
			</report>
			<report>
				<misses>543000000</misses>
				<total>0</total>
				<timestamp>4999.777177</timestamp>
			</report>
			<report>
				<misses>543100000</misses>
				<total>0</total>
				<timestamp>5000.678239</timestamp>
			</report>
			<report>
				<misses>543200000</misses>
				<total>0</total>
				<timestamp>5001.569085</timestamp>
			</report>
			<report>
				<misses>543300000</misses>
				<total>0</total>
				<timestamp>5002.456933</timestamp>
			</report>
			<report>
				<misses>543400000</misses>
				<total>0</total>
				<timestamp>5003.354345</timestamp>
			</report>
			<report>
				<misses>543500000</misses>
				<total>0</total>
				<timestamp>5004.241638</timestamp>
			</report>
			<report>
				<misses>543600000</misses>
				<total>0</total>
				<timestamp>5005.142800</timestamp>
			</report>
			<report>
				<misses>543700000</misses>
				<total>0</total>
				<timestamp>5006.052962</timestamp>
			</report>
			<report>
				<misses>543800000</misses>
				<total>0</total>
				<timestamp>5006.987072</timestamp>
			</report>
			<report>
				<misses>543900000</misses>
				<total>0</total>
				<timestamp>5007.918062</timestamp>
			</report>
			<report>
				<misses>544000000</misses>
				<total>0</total>
				<timestamp>5008.817764</timestamp>
			</report>
			<report>
				<misses>544100000</misses>
				<total>0</total>
				<timestamp>5009.765465</timestamp>
			</report>
			<report>
				<misses>544200000</misses>
				<total>0</total>
				<timestamp>5010.697042</timestamp>
			</report>
			<report>
				<misses>544300000</misses>
				<total>0</total>
				<timestamp>5011.630904</timestamp>
			</report>
			<report>
				<misses>544400000</misses>
				<total>0</total>
				<timestamp>5012.566333</timestamp>
			</report>
			<report>
				<misses>544500000</misses>
				<total>0</total>
				<timestamp>5013.485466</timestamp>
			</report>
			<report>
				<misses>544600000</misses>
				<total>0</total>
				<timestamp>5014.418408</timestamp>
			</report>
			<report>
				<misses>544700000</misses>
				<total>0</total>
				<timestamp>5015.339611</timestamp>
			</report>
			<report>
				<misses>544800000</misses>
				<total>0</total>
				<timestamp>5016.261899</timestamp>
			</report>
			<report>
				<misses>544900000</misses>
				<total>0</total>
				<timestamp>5017.192549</timestamp>
			</report>
			<report>
				<misses>545000000</misses>
				<total>0</total>
				<timestamp>5018.105059</timestamp>
			</report>
			<report>
				<misses>545100000</misses>
				<total>0</total>
				<timestamp>5018.999509</timestamp>
			</report>
			<report>
				<misses>545200000</misses>
				<total>0</total>
				<timestamp>5019.889004</timestamp>
			</report>
			<report>
				<misses>545300000</misses>
				<total>0</total>
				<timestamp>5020.792116</timestamp>
			</report>
			<report>
				<misses>545400000</misses>
				<total>0</total>
				<timestamp>5021.682093</timestamp>
			</report>
			<report>
				<misses>545500000</misses>
				<total>0</total>
				<timestamp>5022.585561</timestamp>
			</report>
			<report>
				<misses>545600000</misses>
				<total>0</total>
				<timestamp>5023.483555</timestamp>
			</report>
			<report>
				<misses>545700000</misses>
				<total>0</total>
				<timestamp>5024.379157</timestamp>
			</report>
			<report>
				<misses>545800000</misses>
				<total>0</total>
				<timestamp>5025.325659</timestamp>
			</report>
			<report>
				<misses>545900000</misses>
				<total>0</total>
				<timestamp>5026.258978</timestamp>
			</report>
			<report>
				<misses>546000000</misses>
				<total>0</total>
				<timestamp>5027.207281</timestamp>
			</report>
			<report>
				<misses>546100000</misses>
				<total>0</total>
				<timestamp>5028.151812</timestamp>
			</report>
			<report>
				<misses>546200000</misses>
				<total>0</total>
				<timestamp>5029.099097</timestamp>
			</report>
			<report>
				<misses>546300000</misses>
				<total>0</total>
				<timestamp>5030.022695</timestamp>
			</report>
			<report>
				<misses>546400000</misses>
				<total>0</total>
				<timestamp>5030.990630</timestamp>
			</report>
			<report>
				<misses>546500000</misses>
				<total>0</total>
				<timestamp>5031.963262</timestamp>
			</report>
			<report>
				<misses>546600000</misses>
				<total>0</total>
				<timestamp>5032.902287</timestamp>
			</report>
			<report>
				<misses>546700000</misses>
				<total>0</total>
				<timestamp>5033.848614</timestamp>
			</report>
			<report>
				<misses>546800000</misses>
				<total>0</total>
				<timestamp>5034.785868</timestamp>
			</report>
			<report>
				<misses>546900000</misses>
				<total>0</total>
				<timestamp>5035.707402</timestamp>
			</report>
			<report>
				<misses>547000000</misses>
				<total>0</total>
				<timestamp>5036.652294</timestamp>
			</report>
			<report>
				<misses>547100000</misses>
				<total>0</total>
				<timestamp>5037.570177</timestamp>
			</report>
			<report>
				<misses>547200000</misses>
				<total>0</total>
				<timestamp>5038.502893</timestamp>
			</report>
			<report>
				<misses>547300000</misses>
				<total>0</total>
				<timestamp>5039.421138</timestamp>
			</report>
			<report>
				<misses>547400000</misses>
				<total>0</total>
				<timestamp>5040.352662</timestamp>
			</report>
			<report>
				<misses>547500000</misses>
				<total>0</total>
				<timestamp>5041.269683</timestamp>
			</report>
			<report>
				<misses>547600000</misses>
				<total>0</total>
				<timestamp>5042.170421</timestamp>
			</report>
			<report>
				<misses>547700000</misses>
				<total>0</total>
				<timestamp>5043.067698</timestamp>
			</report>
			<report>
				<misses>547800000</misses>
				<total>0</total>
				<timestamp>5043.979322</timestamp>
			</report>
			<report>
				<misses>547900000</misses>
				<total>0</total>
				<timestamp>5044.875356</timestamp>
			</report>
			<report>
				<misses>548000000</misses>
				<total>0</total>
				<timestamp>5045.784507</timestamp>
			</report>
			<report>
				<misses>548100000</misses>
				<total>0</total>
				<timestamp>5046.686149</timestamp>
			</report>
			<report>
				<misses>548200000</misses>
				<total>0</total>
				<timestamp>5047.603856</timestamp>
			</report>
			<report>
				<misses>548300000</misses>
				<total>0</total>
				<timestamp>5048.543481</timestamp>
			</report>
			<report>
				<misses>548400000</misses>
				<total>0</total>
				<timestamp>5049.458337</timestamp>
			</report>
			<report>
				<misses>548500000</misses>
				<total>0</total>
				<timestamp>5050.395300</timestamp>
			</report>
			<report>
				<misses>548600000</misses>
				<total>0</total>
				<timestamp>5051.320930</timestamp>
			</report>
			<report>
				<misses>548700000</misses>
				<total>0</total>
				<timestamp>5052.244086</timestamp>
			</report>
			<report>
				<misses>548800000</misses>
				<total>0</total>
				<timestamp>5053.175910</timestamp>
			</report>
			<report>
				<misses>548900000</misses>
				<total>0</total>
				<timestamp>5054.101075</timestamp>
			</report>
			<report>
				<misses>549000000</misses>
				<total>0</total>
				<timestamp>5055.018280</timestamp>
			</report>
			<report>
				<misses>549100000</misses>
				<total>0</total>
				<timestamp>5055.942574</timestamp>
			</report>
			<report>
				<misses>549200000</misses>
				<total>0</total>
				<timestamp>5056.875922</timestamp>
			</report>
			<report>
				<misses>549300000</misses>
				<total>0</total>
				<timestamp>5057.780279</timestamp>
			</report>
			<report>
				<misses>549400000</misses>
				<total>0</total>
				<timestamp>5058.677702</timestamp>
			</report>
			<report>
				<misses>549500000</misses>
				<total>0</total>
				<timestamp>5059.585387</timestamp>
			</report>
			<report>
				<misses>549600000</misses>
				<total>0</total>
				<timestamp>5060.490344</timestamp>
			</report>
			<report>
				<misses>549700000</misses>
				<total>0</total>
				<timestamp>5061.398737</timestamp>
			</report>
			<report>
				<misses>549800000</misses>
				<total>0</total>
				<timestamp>5062.301368</timestamp>
			</report>
			<report>
				<misses>549900000</misses>
				<total>0</total>
				<timestamp>5063.207431</timestamp>
			</report>
			<report>
				<misses>550000000</misses>
				<total>0</total>
				<timestamp>5064.106536</timestamp>
			</report>
			<report>
				<misses>550100000</misses>
				<total>0</total>
				<timestamp>5065.046943</timestamp>
			</report>
			<report>
				<misses>550200000</misses>
				<total>0</total>
				<timestamp>5065.961714</timestamp>
			</report>
			<report>
				<misses>550300000</misses>
				<total>0</total>
				<timestamp>5066.900280</timestamp>
			</report>
			<report>
				<misses>550400000</misses>
				<total>0</total>
				<timestamp>5067.841280</timestamp>
			</report>
			<report>
				<misses>550500000</misses>
				<total>0</total>
				<timestamp>5068.748627</timestamp>
			</report>
			<report>
				<misses>550600000</misses>
				<total>0</total>
				<timestamp>5069.670050</timestamp>
			</report>
			<report>
				<misses>550700000</misses>
				<total>0</total>
				<timestamp>5070.606819</timestamp>
			</report>
			<report>
				<misses>550800000</misses>
				<total>0</total>
				<timestamp>5071.521302</timestamp>
			</report>
			<report>
				<misses>550900000</misses>
				<total>0</total>
				<timestamp>5072.446423</timestamp>
			</report>
			<report>
				<misses>551000000</misses>
				<total>0</total>
				<timestamp>5073.351081</timestamp>
			</report>
			<report>
				<misses>551100000</misses>
				<total>0</total>
				<timestamp>5074.261031</timestamp>
			</report>
			<report>
				<misses>551200000</misses>
				<total>0</total>
				<timestamp>5075.185188</timestamp>
			</report>
			<report>
				<misses>551300000</misses>
				<total>0</total>
				<timestamp>5076.093913</timestamp>
			</report>
			<report>
				<misses>551400000</misses>
				<total>0</total>
				<timestamp>5077.003956</timestamp>
			</report>
			<report>
				<misses>551500000</misses>
				<total>0</total>
				<timestamp>5077.896310</timestamp>
			</report>
			<report>
				<misses>551600000</misses>
				<total>0</total>
				<timestamp>5078.787134</timestamp>
			</report>
			<report>
				<misses>551700000</misses>
				<total>0</total>
				<timestamp>5079.693880</timestamp>
			</report>
			<report>
				<misses>551800000</misses>
				<total>0</total>
				<timestamp>5080.587757</timestamp>
			</report>
			<report>
				<misses>551900000</misses>
				<total>0</total>
				<timestamp>5081.498176</timestamp>
			</report>
			<report>
				<misses>552000000</misses>
				<total>0</total>
				<timestamp>5082.423430</timestamp>
			</report>
			<report>
				<misses>552100000</misses>
				<total>0</total>
				<timestamp>5083.351578</timestamp>
			</report>
			<report>
				<misses>552200000</misses>
				<total>0</total>
				<timestamp>5084.265265</timestamp>
			</report>
			<report>
				<misses>552300000</misses>
				<total>0</total>
				<timestamp>5085.183964</timestamp>
			</report>
			<report>
				<misses>552400000</misses>
				<total>0</total>
				<timestamp>5086.107696</timestamp>
			</report>
			<report>
				<misses>552500000</misses>
				<total>0</total>
				<timestamp>5087.027647</timestamp>
			</report>
			<report>
				<misses>552600000</misses>
				<total>0</total>
				<timestamp>5087.943147</timestamp>
			</report>
			<report>
				<misses>552700000</misses>
				<total>0</total>
				<timestamp>5088.850007</timestamp>
			</report>
			<report>
				<misses>552800000</misses>
				<total>0</total>
				<timestamp>5089.774300</timestamp>
			</report>
			<report>
				<misses>552900000</misses>
				<total>0</total>
				<timestamp>5090.709956</timestamp>
			</report>
			<report>
				<misses>553000000</misses>
				<total>0</total>
				<timestamp>5091.639605</timestamp>
			</report>
			<report>
				<misses>553100000</misses>
				<total>0</total>
				<timestamp>5092.585280</timestamp>
			</report>
			<report>
				<misses>553200000</misses>
				<total>0</total>
				<timestamp>5093.488395</timestamp>
			</report>
			<report>
				<misses>553300000</misses>
				<total>0</total>
				<timestamp>5094.387155</timestamp>
			</report>
			<report>
				<misses>553400000</misses>
				<total>0</total>
				<timestamp>5095.284443</timestamp>
			</report>
			<report>
				<misses>553500000</misses>
				<total>0</total>
				<timestamp>5096.183470</timestamp>
			</report>
			<report>
				<misses>553600000</misses>
				<total>0</total>
				<timestamp>5097.075135</timestamp>
			</report>
			<report>
				<misses>553700000</misses>
				<total>0</total>
				<timestamp>5097.966055</timestamp>
			</report>
			<report>
				<misses>553800000</misses>
				<total>0</total>
				<timestamp>5098.876795</timestamp>
			</report>
			<report>
				<misses>553900000</misses>
				<total>0</total>
				<timestamp>5099.837271</timestamp>
			</report>
			<report>
				<misses>554000000</misses>
				<total>0</total>
				<timestamp>5100.755957</timestamp>
			</report>
			<report>
				<misses>554100000</misses>
				<total>0</total>
				<timestamp>5101.707678</timestamp>
			</report>
			<report>
				<misses>554200000</misses>
				<total>0</total>
				<timestamp>5102.647142</timestamp>
			</report>
			<report>
				<misses>554300000</misses>
				<total>0</total>
				<timestamp>5103.554690</timestamp>
			</report>
			<report>
				<misses>554400000</misses>
				<total>0</total>
				<timestamp>5104.474206</timestamp>
			</report>
			<report>
				<misses>554500000</misses>
				<total>0</total>
				<timestamp>5105.381751</timestamp>
			</report>
			<report>
				<misses>554600000</misses>
				<total>0</total>
				<timestamp>5106.286822</timestamp>
			</report>
			<report>
				<misses>554700000</misses>
				<total>0</total>
				<timestamp>5107.210431</timestamp>
			</report>
			<report>
				<misses>554800000</misses>
				<total>0</total>
				<timestamp>5108.140301</timestamp>
			</report>
			<report>
				<misses>554900000</misses>
				<total>0</total>
				<timestamp>5109.066070</timestamp>
			</report>
			<report>
				<misses>555000000</misses>
				<total>0</total>
				<timestamp>5109.994534</timestamp>
			</report>
			<report>
				<misses>555100000</misses>
				<total>0</total>
				<timestamp>5110.886209</timestamp>
			</report>
			<report>
				<misses>555200000</misses>
				<total>0</total>
				<timestamp>5111.780743</timestamp>
			</report>
			<report>
				<misses>555300000</misses>
				<total>0</total>
				<timestamp>5112.688200</timestamp>
			</report>
			<report>
				<misses>555400000</misses>
				<total>0</total>
				<timestamp>5113.584716</timestamp>
			</report>
			<report>
				<misses>555500000</misses>
				<total>0</total>
				<timestamp>5114.477936</timestamp>
			</report>
			<report>
				<misses>555600000</misses>
				<total>0</total>
				<timestamp>5115.373754</timestamp>
			</report>
			<report>
				<misses>555700000</misses>
				<total>0</total>
				<timestamp>5116.305665</timestamp>
			</report>
			<report>
				<misses>555800000</misses>
				<total>0</total>
				<timestamp>5117.247476</timestamp>
			</report>
			<report>
				<misses>555900000</misses>
				<total>0</total>
				<timestamp>5118.167540</timestamp>
			</report>
			<report>
				<misses>556000000</misses>
				<total>0</total>
				<timestamp>5119.114802</timestamp>
			</report>
			<report>
				<misses>556100000</misses>
				<total>0</total>
				<timestamp>5120.031604</timestamp>
			</report>
			<report>
				<misses>556200000</misses>
				<total>0</total>
				<timestamp>5120.958611</timestamp>
			</report>
			<report>
				<misses>556300000</misses>
				<total>0</total>
				<timestamp>5121.871462</timestamp>
			</report>
			<report>
				<misses>556400000</misses>
				<total>0</total>
				<timestamp>5122.789385</timestamp>
			</report>
			<report>
				<misses>556500000</misses>
				<total>0</total>
				<timestamp>5123.707985</timestamp>
			</report>
			<report>
				<misses>556600000</misses>
				<total>0</total>
				<timestamp>5124.644923</timestamp>
			</report>
			<report>
				<misses>556700000</misses>
				<total>0</total>
				<timestamp>5125.567567</timestamp>
			</report>
			<report>
				<misses>556800000</misses>
				<total>0</total>
				<timestamp>5126.485228</timestamp>
			</report>
			<report>
				<misses>556900000</misses>
				<total>0</total>
				<timestamp>5127.408368</timestamp>
			</report>
			<report>
				<misses>557000000</misses>
				<total>0</total>
				<timestamp>5128.324775</timestamp>
			</report>
			<report>
				<misses>557100000</misses>
				<total>0</total>
				<timestamp>5129.234750</timestamp>
			</report>
			<report>
				<misses>557200000</misses>
				<total>0</total>
				<timestamp>5130.131134</timestamp>
			</report>
			<report>
				<misses>557300000</misses>
				<total>0</total>
				<timestamp>5131.021284</timestamp>
			</report>
			<report>
				<misses>557400000</misses>
				<total>0</total>
				<timestamp>5131.919744</timestamp>
			</report>
			<report>
				<misses>557500000</misses>
				<total>0</total>
				<timestamp>5132.807253</timestamp>
			</report>
			<report>
				<misses>557600000</misses>
				<total>0</total>
				<timestamp>5133.718007</timestamp>
			</report>
			<report>
				<misses>557700000</misses>
				<total>0</total>
				<timestamp>5134.610864</timestamp>
			</report>
			<report>
				<misses>557800000</misses>
				<total>0</total>
				<timestamp>5135.562512</timestamp>
			</report>
			<report>
				<misses>557900000</misses>
				<total>0</total>
				<timestamp>5136.461236</timestamp>
			</report>
			<report>
				<misses>558000000</misses>
				<total>0</total>
				<timestamp>5137.382774</timestamp>
			</report>
			<report>
				<misses>558100000</misses>
				<total>0</total>
				<timestamp>5138.315257</timestamp>
			</report>
			<report>
				<misses>558200000</misses>
				<total>0</total>
				<timestamp>5139.244210</timestamp>
			</report>
			<report>
				<misses>558300000</misses>
				<total>0</total>
				<timestamp>5140.163244</timestamp>
			</report>
			<report>
				<misses>558400000</misses>
				<total>0</total>
				<timestamp>5141.093957</timestamp>
			</report>
			<report>
				<misses>558500000</misses>
				<total>0</total>
				<timestamp>5142.007755</timestamp>
			</report>
			<report>
				<misses>558600000</misses>
				<total>0</total>
				<timestamp>5142.916323</timestamp>
			</report>
			<report>
				<misses>558700000</misses>
				<total>0</total>
				<timestamp>5143.838993</timestamp>
			</report>
			<report>
				<misses>558800000</misses>
				<total>0</total>
				<timestamp>5144.753545</timestamp>
			</report>
			<report>
				<misses>558900000</misses>
				<total>0</total>
				<timestamp>5145.668026</timestamp>
			</report>
			<report>
				<misses>559000000</misses>
				<total>0</total>
				<timestamp>5146.576398</timestamp>
			</report>
			<report>
				<misses>559100000</misses>
				<total>0</total>
				<timestamp>5147.465208</timestamp>
			</report>
			<report>
				<misses>559200000</misses>
				<total>0</total>
				<timestamp>5148.361231</timestamp>
			</report>
			<report>
				<misses>559300000</misses>
				<total>0</total>
				<timestamp>5149.250536</timestamp>
			</report>
			<report>
				<misses>559400000</misses>
				<total>0</total>
				<timestamp>5150.152170</timestamp>
			</report>
			<report>
				<misses>559500000</misses>
				<total>0</total>
				<timestamp>5151.053359</timestamp>
			</report>
			<report>
				<misses>559600000</misses>
				<total>0</total>
				<timestamp>5151.951114</timestamp>
			</report>
			<report>
				<misses>559700000</misses>
				<total>0</total>
				<timestamp>5152.884504</timestamp>
			</report>
			<report>
				<misses>559800000</misses>
				<total>0</total>
				<timestamp>5153.805261</timestamp>
			</report>
			<report>
				<misses>559900000</misses>
				<total>0</total>
				<timestamp>5154.715886</timestamp>
			</report>
			<report>
				<misses>560000000</misses>
				<total>0</total>
				<timestamp>5155.660303</timestamp>
			</report>
			<report>
				<misses>560100000</misses>
				<total>0</total>
				<timestamp>5156.587827</timestamp>
			</report>
			<report>
				<misses>560200000</misses>
				<total>0</total>
				<timestamp>5157.493591</timestamp>
			</report>
			<report>
				<misses>560300000</misses>
				<total>0</total>
				<timestamp>5158.408550</timestamp>
			</report>
			<report>
				<misses>560400000</misses>
				<total>0</total>
				<timestamp>5159.348093</timestamp>
			</report>
			<report>
				<misses>560500000</misses>
				<total>0</total>
				<timestamp>5160.295324</timestamp>
			</report>
			<report>
				<misses>560600000</misses>
				<total>0</total>
				<timestamp>5161.210434</timestamp>
			</report>
			<report>
				<misses>560700000</misses>
				<total>0</total>
				<timestamp>5162.151551</timestamp>
			</report>
			<report>
				<misses>560800000</misses>
				<total>0</total>
				<timestamp>5163.079360</timestamp>
			</report>
			<report>
				<misses>560900000</misses>
				<total>0</total>
				<timestamp>5163.985545</timestamp>
			</report>
			<report>
				<misses>561000000</misses>
				<total>0</total>
				<timestamp>5164.896738</timestamp>
			</report>
			<report>
				<misses>561100000</misses>
				<total>0</total>
				<timestamp>5165.810924</timestamp>
			</report>
			<report>
				<misses>561200000</misses>
				<total>0</total>
				<timestamp>5166.703464</timestamp>
			</report>
			<report>
				<misses>561300000</misses>
				<total>0</total>
				<timestamp>5167.622260</timestamp>
			</report>
			<report>
				<misses>561400000</misses>
				<total>0</total>
				<timestamp>5168.524628</timestamp>
			</report>
			<report>
				<misses>561500000</misses>
				<total>0</total>
				<timestamp>5169.448880</timestamp>
			</report>
			<report>
				<misses>561600000</misses>
				<total>0</total>
				<timestamp>5170.392286</timestamp>
			</report>
			<report>
				<misses>561700000</misses>
				<total>0</total>
				<timestamp>5171.342145</timestamp>
			</report>
			<report>
				<misses>561800000</misses>
				<total>0</total>
				<timestamp>5172.266819</timestamp>
			</report>
			<report>
				<misses>561900000</misses>
				<total>0</total>
				<timestamp>5173.213024</timestamp>
			</report>
			<report>
				<misses>562000000</misses>
				<total>0</total>
				<timestamp>5174.157901</timestamp>
			</report>
			<report>
				<misses>562100000</misses>
				<total>0</total>
				<timestamp>5175.077415</timestamp>
			</report>
			<report>
				<misses>562200000</misses>
				<total>0</total>
				<timestamp>5176.023418</timestamp>
			</report>
			<report>
				<misses>562300000</misses>
				<total>0</total>
				<timestamp>5176.949977</timestamp>
			</report>
			<report>
				<misses>562400000</misses>
				<total>0</total>
				<timestamp>5177.891348</timestamp>
			</report>
			<report>
				<misses>562500000</misses>
				<total>0</total>
				<timestamp>5178.836539</timestamp>
			</report>
			<report>
				<misses>562600000</misses>
				<total>0</total>
				<timestamp>5179.785747</timestamp>
			</report>
			<report>
				<misses>562700000</misses>
				<total>0</total>
				<timestamp>5180.701255</timestamp>
			</report>
			<report>
				<misses>562800000</misses>
				<total>0</total>
				<timestamp>5181.606796</timestamp>
			</report>
			<report>
				<misses>562900000</misses>
				<total>0</total>
				<timestamp>5182.517920</timestamp>
			</report>
			<report>
				<misses>563000000</misses>
				<total>0</total>
				<timestamp>5183.416746</timestamp>
			</report>
			<report>
				<misses>563100000</misses>
				<total>0</total>
				<timestamp>5184.309952</timestamp>
			</report>
			<report>
				<misses>563200000</misses>
				<total>0</total>
				<timestamp>5185.206018</timestamp>
			</report>
			<report>
				<misses>563300000</misses>
				<total>0</total>
				<timestamp>5186.109814</timestamp>
			</report>
			<report>
				<misses>563400000</misses>
				<total>0</total>
				<timestamp>5187.025682</timestamp>
			</report>
			<report>
				<misses>563500000</misses>
				<total>0</total>
				<timestamp>5187.944621</timestamp>
			</report>
			<report>
				<misses>563600000</misses>
				<total>0</total>
				<timestamp>5188.837700</timestamp>
			</report>
			<report>
				<misses>563700000</misses>
				<total>0</total>
				<timestamp>5189.776556</timestamp>
			</report>
			<report>
				<misses>563800000</misses>
				<total>0</total>
				<timestamp>5190.686486</timestamp>
			</report>
			<report>
				<misses>563900000</misses>
				<total>0</total>
				<timestamp>5191.625670</timestamp>
			</report>
			<report>
				<misses>564000000</misses>
				<total>0</total>
				<timestamp>5192.536503</timestamp>
			</report>
			<report>
				<misses>564100000</misses>
				<total>0</total>
				<timestamp>5193.445707</timestamp>
			</report>
			<report>
				<misses>564200000</misses>
				<total>0</total>
				<timestamp>5194.354664</timestamp>
			</report>
			<report>
				<misses>564300000</misses>
				<total>0</total>
				<timestamp>5195.271475</timestamp>
			</report>
			<report>
				<misses>564400000</misses>
				<total>0</total>
				<timestamp>5196.187445</timestamp>
			</report>
			<report>
				<misses>564500000</misses>
				<total>0</total>
				<timestamp>5197.110926</timestamp>
			</report>
			<report>
				<misses>564600000</misses>
				<total>0</total>
				<timestamp>5198.017339</timestamp>
			</report>
			<report>
				<misses>564700000</misses>
				<total>0</total>
				<timestamp>5198.918255</timestamp>
			</report>
			<report>
				<misses>564800000</misses>
				<total>0</total>
				<timestamp>5199.820741</timestamp>
			</report>
			<report>
				<misses>564900000</misses>
				<total>0</total>
				<timestamp>5200.702240</timestamp>
			</report>
			<report>
				<misses>565000000</misses>
				<total>0</total>
				<timestamp>5201.603346</timestamp>
			</report>
			<report>
				<misses>565100000</misses>
				<total>0</total>
				<timestamp>5202.507139</timestamp>
			</report>
			<report>
				<misses>565200000</misses>
				<total>0</total>
				<timestamp>5203.407867</timestamp>
			</report>
			<report>
				<misses>565300000</misses>
				<total>0</total>
				<timestamp>5204.311933</timestamp>
			</report>
			<report>
				<misses>565400000</misses>
				<total>0</total>
				<timestamp>5205.240428</timestamp>
			</report>
			<report>
				<misses>565500000</misses>
				<total>0</total>
				<timestamp>5206.188011</timestamp>
			</report>
			<report>
				<misses>565600000</misses>
				<total>0</total>
				<timestamp>5207.092527</timestamp>
			</report>
			<report>
				<misses>565700000</misses>
				<total>0</total>
				<timestamp>5208.024214</timestamp>
			</report>
			<report>
				<misses>565800000</misses>
				<total>0</total>
				<timestamp>5208.929356</timestamp>
			</report>
			<report>
				<misses>565900000</misses>
				<total>0</total>
				<timestamp>5209.861858</timestamp>
			</report>
			<report>
				<misses>566000000</misses>
				<total>0</total>
				<timestamp>5210.792833</timestamp>
			</report>
			<report>
				<misses>566100000</misses>
				<total>0</total>
				<timestamp>5211.727089</timestamp>
			</report>
			<report>
				<misses>566200000</misses>
				<total>0</total>
				<timestamp>5212.658210</timestamp>
			</report>
			<report>
				<misses>566300000</misses>
				<total>0</total>
				<timestamp>5213.605163</timestamp>
			</report>
			<report>
				<misses>566400000</misses>
				<total>0</total>
				<timestamp>5214.533067</timestamp>
			</report>
			<report>
				<misses>566500000</misses>
				<total>0</total>
				<timestamp>5215.470438</timestamp>
			</report>
			<report>
				<misses>566600000</misses>
				<total>0</total>
				<timestamp>5216.377108</timestamp>
			</report>
			<report>
				<misses>566700000</misses>
				<total>0</total>
				<timestamp>5217.276177</timestamp>
			</report>
			<report>
				<misses>566800000</misses>
				<total>0</total>
				<timestamp>5218.179404</timestamp>
			</report>
			<report>
				<misses>566900000</misses>
				<total>0</total>
				<timestamp>5219.098658</timestamp>
			</report>
			<report>
				<misses>567000000</misses>
				<total>0</total>
				<timestamp>5219.998114</timestamp>
			</report>
			<report>
				<misses>567100000</misses>
				<total>0</total>
				<timestamp>5220.906476</timestamp>
			</report>
			<report>
				<misses>567200000</misses>
				<total>0</total>
				<timestamp>5221.808276</timestamp>
			</report>
			<report>
				<misses>567300000</misses>
				<total>0</total>
				<timestamp>5222.753609</timestamp>
			</report>
			<report>
				<misses>567400000</misses>
				<total>0</total>
				<timestamp>5223.686128</timestamp>
			</report>
			<report>
				<misses>567500000</misses>
				<total>0</total>
				<timestamp>5224.603669</timestamp>
			</report>
			<report>
				<misses>567600000</misses>
				<total>0</total>
				<timestamp>5225.549219</timestamp>
			</report>
			<report>
				<misses>567700000</misses>
				<total>0</total>
				<timestamp>5226.508112</timestamp>
			</report>
			<report>
				<misses>567800000</misses>
				<total>0</total>
				<timestamp>5227.481325</timestamp>
			</report>
			<report>
				<misses>567900000</misses>
				<total>0</total>
				<timestamp>5228.413107</timestamp>
			</report>
			<report>
				<misses>568000000</misses>
				<total>0</total>
				<timestamp>5229.354660</timestamp>
			</report>
			<report>
				<misses>568100000</misses>
				<total>0</total>
				<timestamp>5230.297410</timestamp>
			</report>
			<report>
				<misses>568200000</misses>
				<total>0</total>
				<timestamp>5231.212460</timestamp>
			</report>
			<report>
				<misses>568300000</misses>
				<total>0</total>
				<timestamp>5232.178746</timestamp>
			</report>
			<report>
				<misses>568400000</misses>
				<total>0</total>
				<timestamp>5233.115571</timestamp>
			</report>
			<report>
				<misses>568500000</misses>
				<total>0</total>
				<timestamp>5234.060616</timestamp>
			</report>
			<report>
				<misses>568600000</misses>
				<total>0</total>
				<timestamp>5234.981023</timestamp>
			</report>
			<report>
				<misses>568700000</misses>
				<total>0</total>
				<timestamp>5235.908960</timestamp>
			</report>
			<report>
				<misses>568800000</misses>
				<total>0</total>
				<timestamp>5236.838004</timestamp>
			</report>
			<report>
				<misses>568900000</misses>
				<total>0</total>
				<timestamp>5237.762984</timestamp>
			</report>
			<report>
				<misses>569000000</misses>
				<total>0</total>
				<timestamp>5238.683520</timestamp>
			</report>
			<report>
				<misses>569100000</misses>
				<total>0</total>
				<timestamp>5239.587164</timestamp>
			</report>
			<report>
				<misses>569200000</misses>
				<total>0</total>
				<timestamp>5240.499507</timestamp>
			</report>
			<report>
				<misses>569300000</misses>
				<total>0</total>
				<timestamp>5241.400785</timestamp>
			</report>
			<report>
				<misses>569400000</misses>
				<total>0</total>
				<timestamp>5242.309573</timestamp>
			</report>
			<report>
				<misses>569500000</misses>
				<total>0</total>
				<timestamp>5243.212182</timestamp>
			</report>
			<report>
				<misses>569600000</misses>
				<total>0</total>
				<timestamp>5244.121437</timestamp>
			</report>
			<report>
				<misses>569700000</misses>
				<total>0</total>
				<timestamp>5245.056066</timestamp>
			</report>
			<report>
				<misses>569800000</misses>
				<total>0</total>
				<timestamp>5245.997409</timestamp>
			</report>
			<report>
				<misses>569900000</misses>
				<total>0</total>
				<timestamp>5246.917910</timestamp>
			</report>
			<report>
				<misses>570000000</misses>
				<total>0</total>
				<timestamp>5247.849718</timestamp>
			</report>
			<report>
				<misses>570100000</misses>
				<total>0</total>
				<timestamp>5248.780025</timestamp>
			</report>
			<report>
				<misses>570200000</misses>
				<total>0</total>
				<timestamp>5249.694750</timestamp>
			</report>
			<report>
				<misses>570300000</misses>
				<total>0</total>
				<timestamp>5250.616410</timestamp>
			</report>
			<report>
				<misses>570400000</misses>
				<total>0</total>
				<timestamp>5251.561521</timestamp>
			</report>
			<report>
				<misses>570500000</misses>
				<total>0</total>
				<timestamp>5252.472543</timestamp>
			</report>
			<report>
				<misses>570600000</misses>
				<total>0</total>
				<timestamp>5253.394468</timestamp>
			</report>
			<report>
				<misses>570700000</misses>
				<total>0</total>
				<timestamp>5254.314421</timestamp>
			</report>
			<report>
				<misses>570800000</misses>
				<total>0</total>
				<timestamp>5255.210256</timestamp>
			</report>
			<report>
				<misses>570900000</misses>
				<total>0</total>
				<timestamp>5256.100745</timestamp>
			</report>
			<report>
				<misses>571000000</misses>
				<total>0</total>
				<timestamp>5257.003188</timestamp>
			</report>
			<report>
				<misses>571100000</misses>
				<total>0</total>
				<timestamp>5257.909179</timestamp>
			</report>
			<report>
				<misses>571200000</misses>
				<total>0</total>
				<timestamp>5258.806258</timestamp>
			</report>
			<report>
				<misses>571300000</misses>
				<total>0</total>
				<timestamp>5259.706000</timestamp>
			</report>
			<report>
				<misses>571400000</misses>
				<total>0</total>
				<timestamp>5260.613001</timestamp>
			</report>
			<report>
				<misses>571500000</misses>
				<total>0</total>
				<timestamp>5261.542529</timestamp>
			</report>
			<report>
				<misses>571600000</misses>
				<total>0</total>
				<timestamp>5262.483312</timestamp>
			</report>
			<report>
				<misses>571700000</misses>
				<total>0</total>
				<timestamp>5263.403960</timestamp>
			</report>
			<report>
				<misses>571800000</misses>
				<total>0</total>
				<timestamp>5264.333275</timestamp>
			</report>
			<report>
				<misses>571900000</misses>
				<total>0</total>
				<timestamp>5265.249708</timestamp>
			</report>
			<report>
				<misses>572000000</misses>
				<total>0</total>
				<timestamp>5266.171692</timestamp>
			</report>
			<report>
				<misses>572100000</misses>
				<total>0</total>
				<timestamp>5267.088018</timestamp>
			</report>
			<report>
				<misses>572200000</misses>
				<total>0</total>
				<timestamp>5268.010120</timestamp>
			</report>
			<report>
				<misses>572300000</misses>
				<total>0</total>
				<timestamp>5268.943096</timestamp>
			</report>
			<report>
				<misses>572400000</misses>
				<total>0</total>
				<timestamp>5269.864529</timestamp>
			</report>
			<report>
				<misses>572500000</misses>
				<total>0</total>
				<timestamp>5270.782003</timestamp>
			</report>
			<report>
				<misses>572600000</misses>
				<total>0</total>
				<timestamp>5271.684287</timestamp>
			</report>
			<report>
				<misses>572700000</misses>
				<total>0</total>
				<timestamp>5272.581407</timestamp>
			</report>
			<report>
				<misses>572800000</misses>
				<total>0</total>
				<timestamp>5273.480000</timestamp>
			</report>
			<report>
				<misses>572900000</misses>
				<total>0</total>
				<timestamp>5274.367755</timestamp>
			</report>
			<report>
				<misses>573000000</misses>
				<total>0</total>
				<timestamp>5275.267793</timestamp>
			</report>
			<report>
				<misses>573100000</misses>
				<total>0</total>
				<timestamp>5276.158084</timestamp>
			</report>
			<report>
				<misses>573200000</misses>
				<total>0</total>
				<timestamp>5277.055929</timestamp>
			</report>
			<report>
				<misses>573300000</misses>
				<total>0</total>
				<timestamp>5277.952274</timestamp>
			</report>
			<report>
				<misses>573400000</misses>
				<total>0</total>
				<timestamp>5278.901907</timestamp>
			</report>
			<report>
				<misses>573500000</misses>
				<total>0</total>
				<timestamp>5279.831068</timestamp>
			</report>
			<report>
				<misses>573600000</misses>
				<total>0</total>
				<timestamp>5280.764906</timestamp>
			</report>
			<report>
				<misses>573700000</misses>
				<total>0</total>
				<timestamp>5281.702962</timestamp>
			</report>
			<report>
				<misses>573800000</misses>
				<total>0</total>
				<timestamp>5282.638531</timestamp>
			</report>
			<report>
				<misses>573900000</misses>
				<total>0</total>
				<timestamp>5283.566159</timestamp>
			</report>
			<report>
				<misses>574000000</misses>
				<total>0</total>
				<timestamp>5284.494079</timestamp>
			</report>
			<report>
				<misses>574100000</misses>
				<total>0</total>
				<timestamp>5285.407088</timestamp>
			</report>
			<report>
				<misses>574200000</misses>
				<total>0</total>
				<timestamp>5286.332824</timestamp>
			</report>
			<report>
				<misses>574300000</misses>
				<total>0</total>
				<timestamp>5287.244600</timestamp>
			</report>
			<report>
				<misses>574400000</misses>
				<total>0</total>
				<timestamp>5288.156920</timestamp>
			</report>
			<report>
				<misses>574500000</misses>
				<total>0</total>
				<timestamp>5289.109077</timestamp>
			</report>
			<report>
				<misses>574600000</misses>
				<total>0</total>
				<timestamp>5290.078223</timestamp>
			</report>
			<report>
				<misses>574700000</misses>
				<total>0</total>
				<timestamp>5291.034561</timestamp>
			</report>
			<report>
				<misses>574800000</misses>
				<total>0</total>
				<timestamp>5291.953255</timestamp>
			</report>
			<report>
				<misses>574900000</misses>
				<total>0</total>
				<timestamp>5292.856706</timestamp>
			</report>
			<report>
				<misses>575000000</misses>
				<total>0</total>
				<timestamp>5293.791679</timestamp>
			</report>
			<report>
				<misses>575100000</misses>
				<total>0</total>
				<timestamp>5294.715970</timestamp>
			</report>
			<report>
				<misses>575200000</misses>
				<total>0</total>
				<timestamp>5295.679370</timestamp>
			</report>
			<report>
				<misses>575300000</misses>
				<total>0</total>
				<timestamp>5296.623963</timestamp>
			</report>
			<report>
				<misses>575400000</misses>
				<total>0</total>
				<timestamp>5297.556430</timestamp>
			</report>
			<report>
				<misses>575500000</misses>
				<total>0</total>
				<timestamp>5298.495271</timestamp>
			</report>
			<report>
				<misses>575600000</misses>
				<total>0</total>
				<timestamp>5299.446313</timestamp>
			</report>
			<report>
				<misses>575700000</misses>
				<total>0</total>
				<timestamp>5300.394714</timestamp>
			</report>
			<report>
				<misses>575800000</misses>
				<total>0</total>
				<timestamp>5301.335254</timestamp>
			</report>
			<report>
				<misses>575900000</misses>
				<total>0</total>
				<timestamp>5302.268755</timestamp>
			</report>
			<report>
				<misses>576000000</misses>
				<total>0</total>
				<timestamp>5303.183131</timestamp>
			</report>
			<report>
				<misses>576100000</misses>
				<total>0</total>
				<timestamp>5304.078619</timestamp>
			</report>
			<report>
				<misses>576200000</misses>
				<total>0</total>
				<timestamp>5304.976723</timestamp>
			</report>
			<report>
				<misses>576300000</misses>
				<total>0</total>
				<timestamp>5305.866874</timestamp>
			</report>
			<report>
				<misses>576400000</misses>
				<total>0</total>
				<timestamp>5306.777357</timestamp>
			</report>
			<report>
				<misses>576500000</misses>
				<total>0</total>
				<timestamp>5307.685587</timestamp>
			</report>
			<report>
				<misses>576600000</misses>
				<total>0</total>
				<timestamp>5308.591081</timestamp>
			</report>
			<report>
				<misses>576700000</misses>
				<total>0</total>
				<timestamp>5309.547231</timestamp>
			</report>
			<report>
				<misses>576800000</misses>
				<total>0</total>
				<timestamp>5310.497568</timestamp>
			</report>
			<report>
				<misses>576900000</misses>
				<total>0</total>
				<timestamp>5311.414917</timestamp>
			</report>
			<report>
				<misses>577000000</misses>
				<total>0</total>
				<timestamp>5312.360138</timestamp>
			</report>
			<report>
				<misses>577100000</misses>
				<total>0</total>
				<timestamp>5313.315148</timestamp>
			</report>
			<report>
				<misses>577200000</misses>
				<total>0</total>
				<timestamp>5314.248162</timestamp>
			</report>
			<report>
				<misses>577300000</misses>
				<total>0</total>
				<timestamp>5315.197773</timestamp>
			</report>
			<report>
				<misses>577400000</misses>
				<total>0</total>
				<timestamp>5316.146403</timestamp>
			</report>
			<report>
				<misses>577500000</misses>
				<total>0</total>
				<timestamp>5317.090818</timestamp>
			</report>
			<report>
				<misses>577600000</misses>
				<total>0</total>
				<timestamp>5318.057080</timestamp>
			</report>
			<report>
				<misses>577700000</misses>
				<total>0</total>
				<timestamp>5318.982832</timestamp>
			</report>
			<report>
				<misses>577800000</misses>
				<total>0</total>
				<timestamp>5319.936148</timestamp>
			</report>
			<report>
				<misses>577900000</misses>
				<total>0</total>
				<timestamp>5320.868045</timestamp>
			</report>
			<report>
				<misses>578000000</misses>
				<total>0</total>
				<timestamp>5321.783921</timestamp>
			</report>
			<report>
				<misses>578100000</misses>
				<total>0</total>
				<timestamp>5322.692815</timestamp>
			</report>
			<report>
				<misses>578200000</misses>
				<total>0</total>
				<timestamp>5323.606594</timestamp>
			</report>
			<report>
				<misses>578300000</misses>
				<total>0</total>
				<timestamp>5324.511093</timestamp>
			</report>
			<report>
				<misses>578400000</misses>
				<total>0</total>
				<timestamp>5325.443998</timestamp>
			</report>
			<report>
				<misses>578500000</misses>
				<total>0</total>
				<timestamp>5326.372261</timestamp>
			</report>
			<report>
				<misses>578600000</misses>
				<total>0</total>
				<timestamp>5327.293805</timestamp>
			</report>
			<report>
				<misses>578700000</misses>
				<total>0</total>
				<timestamp>5328.215834</timestamp>
			</report>
			<report>
				<misses>578800000</misses>
				<total>0</total>
				<timestamp>5329.100901</timestamp>
			</report>
			<report>
				<misses>578900000</misses>
				<total>0</total>
				<timestamp>5330.017405</timestamp>
			</report>
			<report>
				<misses>579000000</misses>
				<total>0</total>
				<timestamp>5330.911641</timestamp>
			</report>
			<report>
				<misses>579100000</misses>
				<total>0</total>
				<timestamp>5331.820464</timestamp>
			</report>
			<report>
				<misses>579200000</misses>
				<total>0</total>
				<timestamp>5332.721540</timestamp>
			</report>
			<report>
				<misses>579300000</misses>
				<total>0</total>
				<timestamp>5333.620547</timestamp>
			</report>
			<report>
				<misses>579400000</misses>
				<total>0</total>
				<timestamp>5334.531761</timestamp>
			</report>
			<report>
				<misses>579500000</misses>
				<total>0</total>
				<timestamp>5335.439983</timestamp>
			</report>
			<report>
				<misses>579600000</misses>
				<total>0</total>
				<timestamp>5336.381770</timestamp>
			</report>
			<report>
				<misses>579700000</misses>
				<total>0</total>
				<timestamp>5337.301947</timestamp>
			</report>
			<report>
				<misses>579800000</misses>
				<total>0</total>
				<timestamp>5338.214384</timestamp>
			</report>
			<report>
				<misses>579900000</misses>
				<total>0</total>
				<timestamp>5339.123548</timestamp>
			</report>
			<report>
				<misses>580000000</misses>
				<total>0</total>
				<timestamp>5340.050451</timestamp>
			</report>
			<report>
				<misses>580100000</misses>
				<total>0</total>
				<timestamp>5340.977779</timestamp>
			</report>
			<report>
				<misses>580200000</misses>
				<total>0</total>
				<timestamp>5341.908774</timestamp>
			</report>
			<report>
				<misses>580300000</misses>
				<total>0</total>
				<timestamp>5342.823003</timestamp>
			</report>
			<report>
				<misses>580400000</misses>
				<total>0</total>
				<timestamp>5343.733283</timestamp>
			</report>
			<report>
				<misses>580500000</misses>
				<total>0</total>
				<timestamp>5344.662808</timestamp>
			</report>
			<report>
				<misses>580600000</misses>
				<total>0</total>
				<timestamp>5345.571032</timestamp>
			</report>
			<report>
				<misses>580700000</misses>
				<total>0</total>
				<timestamp>5346.486952</timestamp>
			</report>
			<report>
				<misses>580800000</misses>
				<total>0</total>
				<timestamp>5347.386408</timestamp>
			</report>
			<report>
				<misses>580900000</misses>
				<total>0</total>
				<timestamp>5348.289427</timestamp>
			</report>
			<report>
				<misses>581000000</misses>
				<total>0</total>
				<timestamp>5349.188658</timestamp>
			</report>
			<report>
				<misses>581100000</misses>
				<total>0</total>
				<timestamp>5350.089961</timestamp>
			</report>
			<report>
				<misses>581200000</misses>
				<total>0</total>
				<timestamp>5350.988176</timestamp>
			</report>
			<report>
				<misses>581300000</misses>
				<total>0</total>
				<timestamp>5351.915506</timestamp>
			</report>
			<report>
				<misses>581400000</misses>
				<total>0</total>
				<timestamp>5352.835689</timestamp>
			</report>
			<report>
				<misses>581500000</misses>
				<total>0</total>
				<timestamp>5353.765663</timestamp>
			</report>
			<report>
				<misses>581600000</misses>
				<total>0</total>
				<timestamp>5354.688470</timestamp>
			</report>
			<report>
				<misses>581700000</misses>
				<total>0</total>
				<timestamp>5355.643003</timestamp>
			</report>
			<report>
				<misses>581800000</misses>
				<total>0</total>
				<timestamp>5356.570925</timestamp>
			</report>
			<report>
				<misses>581900000</misses>
				<total>0</total>
				<timestamp>5357.495311</timestamp>
			</report>
			<report>
				<misses>582000000</misses>
				<total>0</total>
				<timestamp>5358.429030</timestamp>
			</report>
			<report>
				<misses>582100000</misses>
				<total>0</total>
				<timestamp>5359.370455</timestamp>
			</report>
			<report>
				<misses>582200000</misses>
				<total>0</total>
				<timestamp>5360.313273</timestamp>
			</report>
			<report>
				<misses>582300000</misses>
				<total>0</total>
				<timestamp>5361.232760</timestamp>
			</report>
			<report>
				<misses>582400000</misses>
				<total>0</total>
				<timestamp>5362.189562</timestamp>
			</report>
			<report>
				<misses>582500000</misses>
				<total>0</total>
				<timestamp>5363.080504</timestamp>
			</report>
			<report>
				<misses>582600000</misses>
				<total>0</total>
				<timestamp>5363.985542</timestamp>
			</report>
			<report>
				<misses>582700000</misses>
				<total>0</total>
				<timestamp>5364.888706</timestamp>
			</report>
			<report>
				<misses>582800000</misses>
				<total>0</total>
				<timestamp>5365.786468</timestamp>
			</report>
			<report>
				<misses>582900000</misses>
				<total>0</total>
				<timestamp>5366.680041</timestamp>
			</report>
			<report>
				<misses>583000000</misses>
				<total>0</total>
				<timestamp>5367.581259</timestamp>
			</report>
			<report>
				<misses>583100000</misses>
				<total>0</total>
				<timestamp>5368.485412</timestamp>
			</report>
			<report>
				<misses>583200000</misses>
				<total>0</total>
				<timestamp>5369.398679</timestamp>
			</report>
			<report>
				<misses>583300000</misses>
				<total>0</total>
				<timestamp>5370.322067</timestamp>
			</report>
			<report>
				<misses>583400000</misses>
				<total>0</total>
				<timestamp>5371.230189</timestamp>
			</report>
			<report>
				<misses>583500000</misses>
				<total>0</total>
				<timestamp>5372.143669</timestamp>
			</report>
			<report>
				<misses>583600000</misses>
				<total>0</total>
				<timestamp>5373.048574</timestamp>
			</report>
			<report>
				<misses>583700000</misses>
				<total>0</total>
				<timestamp>5373.964551</timestamp>
			</report>
			<report>
				<misses>583800000</misses>
				<total>0</total>
				<timestamp>5374.879969</timestamp>
			</report>
			<report>
				<misses>583900000</misses>
				<total>0</total>
				<timestamp>5375.815323</timestamp>
			</report>
			<report>
				<misses>584000000</misses>
				<total>0</total>
				<timestamp>5376.748711</timestamp>
			</report>
			<report>
				<misses>584100000</misses>
				<total>0</total>
				<timestamp>5377.668566</timestamp>
			</report>
			<report>
				<misses>584200000</misses>
				<total>0</total>
				<timestamp>5378.568197</timestamp>
			</report>
			<report>
				<misses>584300000</misses>
				<total>0</total>
				<timestamp>5379.464239</timestamp>
			</report>
			<report>
				<misses>584400000</misses>
				<total>0</total>
				<timestamp>5380.400376</timestamp>
			</report>
			<report>
				<misses>584500000</misses>
				<total>0</total>
				<timestamp>5381.309214</timestamp>
			</report>
			<report>
				<misses>584600000</misses>
				<total>0</total>
				<timestamp>5382.207118</timestamp>
			</report>
			<report>
				<misses>584700000</misses>
				<total>0</total>
				<timestamp>5383.120572</timestamp>
			</report>
			<report>
				<misses>584800000</misses>
				<total>0</total>
				<timestamp>5384.022810</timestamp>
			</report>
			<report>
				<misses>584900000</misses>
				<total>0</total>
				<timestamp>5384.929079</timestamp>
			</report>
			<report>
				<misses>585000000</misses>
				<total>0</total>
				<timestamp>5385.824868</timestamp>
			</report>
			<report>
				<misses>585100000</misses>
				<total>0</total>
				<timestamp>5386.725515</timestamp>
			</report>
			<report>
				<misses>585200000</misses>
				<total>0</total>
				<timestamp>5387.644318</timestamp>
			</report>
			<report>
				<misses>585300000</misses>
				<total>0</total>
				<timestamp>5388.573940</timestamp>
			</report>
			<report>
				<misses>585400000</misses>
				<total>0</total>
				<timestamp>5389.486517</timestamp>
			</report>
			<report>
				<misses>585500000</misses>
				<total>0</total>
				<timestamp>5390.409774</timestamp>
			</report>
			<report>
				<misses>585600000</misses>
				<total>0</total>
				<timestamp>5391.332439</timestamp>
			</report>
			<report>
				<misses>585700000</misses>
				<total>0</total>
				<timestamp>5392.251927</timestamp>
			</report>
			<report>
				<misses>585800000</misses>
				<total>0</total>
				<timestamp>5393.145409</timestamp>
			</report>
			<report>
				<misses>585900000</misses>
				<total>0</total>
				<timestamp>5394.069598</timestamp>
			</report>
			<report>
				<misses>586000000</misses>
				<total>0</total>
				<timestamp>5394.986117</timestamp>
			</report>
			<report>
				<misses>586100000</misses>
				<total>0</total>
				<timestamp>5395.941512</timestamp>
			</report>
			<report>
				<misses>586200000</misses>
				<total>0</total>
				<timestamp>5396.881698</timestamp>
			</report>
			<report>
				<misses>586300000</misses>
				<total>0</total>
				<timestamp>5397.812363</timestamp>
			</report>
			<report>
				<misses>586400000</misses>
				<total>0</total>
				<timestamp>5398.744817</timestamp>
			</report>
			<report>
				<misses>586500000</misses>
				<total>0</total>
				<timestamp>5399.648757</timestamp>
			</report>
			<report>
				<misses>586600000</misses>
				<total>0</total>
				<timestamp>5400.567864</timestamp>
			</report>
			<report>
				<misses>586700000</misses>
				<total>0</total>
				<timestamp>5401.485990</timestamp>
			</report>
			<report>
				<misses>586800000</misses>
				<total>0</total>
				<timestamp>5402.402431</timestamp>
			</report>
			<report>
				<misses>586900000</misses>
				<total>0</total>
				<timestamp>5403.349671</timestamp>
			</report>
			<report>
				<misses>587000000</misses>
				<total>0</total>
				<timestamp>5404.302978</timestamp>
			</report>
			<report>
				<misses>587100000</misses>
				<total>0</total>
				<timestamp>5405.245587</timestamp>
			</report>
			<report>
				<misses>587200000</misses>
				<total>0</total>
				<timestamp>5406.193560</timestamp>
			</report>
			<report>
				<misses>587300000</misses>
				<total>0</total>
				<timestamp>5407.117948</timestamp>
			</report>
			<report>
				<misses>587400000</misses>
				<total>0</total>
				<timestamp>5408.015821</timestamp>
			</report>
			<report>
				<misses>587500000</misses>
				<total>0</total>
				<timestamp>5408.949316</timestamp>
			</report>
			<report>
				<misses>587600000</misses>
				<total>0</total>
				<timestamp>5409.876779</timestamp>
			</report>
			<report>
				<misses>587700000</misses>
				<total>0</total>
				<timestamp>5410.791704</timestamp>
			</report>
			<report>
				<misses>587800000</misses>
				<total>0</total>
				<timestamp>5411.736143</timestamp>
			</report>
			<report>
				<misses>587900000</misses>
				<total>0</total>
				<timestamp>5412.675229</timestamp>
			</report>
			<report>
				<misses>588000000</misses>
				<total>0</total>
				<timestamp>5413.567351</timestamp>
			</report>
			<report>
				<misses>588100000</misses>
				<total>0</total>
				<timestamp>5414.447937</timestamp>
			</report>
			<report>
				<misses>588200000</misses>
				<total>0</total>
				<timestamp>5415.364141</timestamp>
			</report>
			<report>
				<misses>588300000</misses>
				<total>0</total>
				<timestamp>5416.266025</timestamp>
			</report>
			<report>
				<misses>588400000</misses>
				<total>0</total>
				<timestamp>5417.183826</timestamp>
			</report>
			<report>
				<misses>588500000</misses>
				<total>0</total>
				<timestamp>5418.079666</timestamp>
			</report>
			<report>
				<misses>588600000</misses>
				<total>0</total>
				<timestamp>5418.997762</timestamp>
			</report>
			<report>
				<misses>588700000</misses>
				<total>0</total>
				<timestamp>5419.953094</timestamp>
			</report>
			<report>
				<misses>588800000</misses>
				<total>0</total>
				<timestamp>5420.915044</timestamp>
			</report>
			<report>
				<misses>588900000</misses>
				<total>0</total>
				<timestamp>5421.843567</timestamp>
			</report>
			<report>
				<misses>589000000</misses>
				<total>0</total>
				<timestamp>5422.764316</timestamp>
			</report>
			<report>
				<misses>589100000</misses>
				<total>0</total>
				<timestamp>5423.718966</timestamp>
			</report>
			<report>
				<misses>589200000</misses>
				<total>0</total>
				<timestamp>5424.630735</timestamp>
			</report>
			<report>
				<misses>589300000</misses>
				<total>0</total>
				<timestamp>5425.598813</timestamp>
			</report>
			<report>
				<misses>589400000</misses>
				<total>0</total>
				<timestamp>5426.528993</timestamp>
			</report>
			<report>
				<misses>589500000</misses>
				<total>0</total>
				<timestamp>5427.483685</timestamp>
			</report>
			<report>
				<misses>589600000</misses>
				<total>0</total>
				<timestamp>5428.392911</timestamp>
			</report>
			<report>
				<misses>589700000</misses>
				<total>0</total>
				<timestamp>5429.300002</timestamp>
			</report>
			<report>
				<misses>589800000</misses>
				<total>0</total>
				<timestamp>5430.183662</timestamp>
			</report>
			<report>
				<misses>589900000</misses>
				<total>0</total>
				<timestamp>5431.069880</timestamp>
			</report>
			<report>
				<misses>590000000</misses>
				<total>0</total>
				<timestamp>5431.960149</timestamp>
			</report>
			<report>
				<misses>590100000</misses>
				<total>0</total>
				<timestamp>5432.845147</timestamp>
			</report>
			<report>
				<misses>590200000</misses>
				<total>0</total>
				<timestamp>5433.733145</timestamp>
			</report>
			<report>
				<misses>590300000</misses>
				<total>0</total>
				<timestamp>5434.638274</timestamp>
			</report>
			<report>
				<misses>590400000</misses>
				<total>0</total>
				<timestamp>5435.551301</timestamp>
			</report>
			<report>
				<misses>590500000</misses>
				<total>0</total>
				<timestamp>5436.478536</timestamp>
			</report>
			<report>
				<misses>590600000</misses>
				<total>0</total>
				<timestamp>5437.392459</timestamp>
			</report>
			<report>
				<misses>590700000</misses>
				<total>0</total>
				<timestamp>5438.341253</timestamp>
			</report>
			<report>
				<misses>590800000</misses>
				<total>0</total>
				<timestamp>5439.251648</timestamp>
			</report>
			<report>
				<misses>590900000</misses>
				<total>0</total>
				<timestamp>5440.175124</timestamp>
			</report>
			<report>
				<misses>591000000</misses>
				<total>0</total>
				<timestamp>5441.074401</timestamp>
			</report>
			<report>
				<misses>591100000</misses>
				<total>0</total>
				<timestamp>5441.987240</timestamp>
			</report>
			<report>
				<misses>591200000</misses>
				<total>0</total>
				<timestamp>5442.892745</timestamp>
			</report>
			<report>
				<misses>591300000</misses>
				<total>0</total>
				<timestamp>5443.800635</timestamp>
			</report>
			<report>
				<misses>591400000</misses>
				<total>0</total>
				<timestamp>5444.722181</timestamp>
			</report>
			<report>
				<misses>591500000</misses>
				<total>0</total>
				<timestamp>5445.632372</timestamp>
			</report>
			<report>
				<misses>591600000</misses>
				<total>0</total>
				<timestamp>5446.554162</timestamp>
			</report>
			<report>
				<misses>591700000</misses>
				<total>0</total>
				<timestamp>5447.465558</timestamp>
			</report>
			<report>
				<misses>591800000</misses>
				<total>0</total>
				<timestamp>5448.360674</timestamp>
			</report>
			<report>
				<misses>591900000</misses>
				<total>0</total>
				<timestamp>5449.270146</timestamp>
			</report>
			<report>
				<misses>592000000</misses>
				<total>0</total>
				<timestamp>5450.171335</timestamp>
			</report>
			<report>
				<misses>592100000</misses>
				<total>0</total>
				<timestamp>5451.090888</timestamp>
			</report>
			<report>
				<misses>592200000</misses>
				<total>0</total>
				<timestamp>5451.992973</timestamp>
			</report>
			<report>
				<misses>592300000</misses>
				<total>0</total>
				<timestamp>5452.899263</timestamp>
			</report>
			<report>
				<misses>592400000</misses>
				<total>0</total>
				<timestamp>5453.790547</timestamp>
			</report>
			<report>
				<misses>592500000</misses>
				<total>0</total>
				<timestamp>5454.706523</timestamp>
			</report>
			<report>
				<misses>592600000</misses>
				<total>0</total>
				<timestamp>5455.630780</timestamp>
			</report>
			<report>
				<misses>592700000</misses>
				<total>0</total>
				<timestamp>5456.550973</timestamp>
			</report>
			<report>
				<misses>592800000</misses>
				<total>0</total>
				<timestamp>5457.459896</timestamp>
			</report>
			<report>
				<misses>592900000</misses>
				<total>0</total>
				<timestamp>5458.391675</timestamp>
			</report>
			<report>
				<misses>593000000</misses>
				<total>0</total>
				<timestamp>5459.298080</timestamp>
			</report>
			<report>
				<misses>593100000</misses>
				<total>0</total>
				<timestamp>5460.220542</timestamp>
			</report>
			<report>
				<misses>593200000</misses>
				<total>0</total>
				<timestamp>5461.168703</timestamp>
			</report>
			<report>
				<misses>593300000</misses>
				<total>0</total>
				<timestamp>5462.085421</timestamp>
			</report>
			<report>
				<misses>593400000</misses>
				<total>0</total>
				<timestamp>5462.998575</timestamp>
			</report>
			<report>
				<misses>593500000</misses>
				<total>0</total>
				<timestamp>5463.916268</timestamp>
			</report>
			<report>
				<misses>593600000</misses>
				<total>0</total>
				<timestamp>5464.829796</timestamp>
			</report>
			<report>
				<misses>593700000</misses>
				<total>0</total>
				<timestamp>5465.776248</timestamp>
			</report>
			<report>
				<misses>593800000</misses>
				<total>0</total>
				<timestamp>5466.726717</timestamp>
			</report>
			<report>
				<misses>593900000</misses>
				<total>0</total>
				<timestamp>5467.657706</timestamp>
			</report>
			<report>
				<misses>594000000</misses>
				<total>0</total>
				<timestamp>5468.556380</timestamp>
			</report>
			<report>
				<misses>594100000</misses>
				<total>0</total>
				<timestamp>5469.462327</timestamp>
			</report>
			<report>
				<misses>594200000</misses>
				<total>0</total>
				<timestamp>5470.383095</timestamp>
			</report>
			<report>
				<misses>594300000</misses>
				<total>0</total>
				<timestamp>5471.306464</timestamp>
			</report>
			<report>
				<misses>594400000</misses>
				<total>0</total>
				<timestamp>5472.215168</timestamp>
			</report>
			<report>
				<misses>594500000</misses>
				<total>0</total>
				<timestamp>5473.121784</timestamp>
			</report>
			<report>
				<misses>594600000</misses>
				<total>0</total>
				<timestamp>5474.076829</timestamp>
			</report>
			<report>
				<misses>594700000</misses>
				<total>0</total>
				<timestamp>5474.996581</timestamp>
			</report>
			<report>
				<misses>594800000</misses>
				<total>0</total>
				<timestamp>5475.915903</timestamp>
			</report>
			<report>
				<misses>594900000</misses>
				<total>0</total>
				<timestamp>5476.851679</timestamp>
			</report>
			<report>
				<misses>595000000</misses>
				<total>0</total>
				<timestamp>5477.784753</timestamp>
			</report>
			<report>
				<misses>595100000</misses>
				<total>0</total>
				<timestamp>5478.715040</timestamp>
			</report>
			<report>
				<misses>595200000</misses>
				<total>0</total>
				<timestamp>5479.655480</timestamp>
			</report>
			<report>
				<misses>595300000</misses>
				<total>0</total>
				<timestamp>5480.579096</timestamp>
			</report>
			<report>
				<misses>595400000</misses>
				<total>0</total>
				<timestamp>5481.514594</timestamp>
			</report>
			<report>
				<misses>595500000</misses>
				<total>0</total>
				<timestamp>5482.448671</timestamp>
			</report>
			<report>
				<misses>595600000</misses>
				<total>0</total>
				<timestamp>5483.381474</timestamp>
			</report>
			<report>
				<misses>595700000</misses>
				<total>0</total>
				<timestamp>5484.319693</timestamp>
			</report>
			<report>
				<misses>595800000</misses>
				<total>0</total>
				<timestamp>5485.251930</timestamp>
			</report>
			<report>
				<misses>595900000</misses>
				<total>0</total>
				<timestamp>5486.137914</timestamp>
			</report>
			<report>
				<misses>596000000</misses>
				<total>0</total>
				<timestamp>5487.034757</timestamp>
			</report>
			<report>
				<misses>596100000</misses>
				<total>0</total>
				<timestamp>5487.933806</timestamp>
			</report>
			<report>
				<misses>596200000</misses>
				<total>0</total>
				<timestamp>5488.833168</timestamp>
			</report>
			<report>
				<misses>596300000</misses>
				<total>0</total>
				<timestamp>5489.738720</timestamp>
			</report>
			<report>
				<misses>596400000</misses>
				<total>0</total>
				<timestamp>5490.645367</timestamp>
			</report>
			<report>
				<misses>596500000</misses>
				<total>0</total>
				<timestamp>5491.566817</timestamp>
			</report>
			<report>
				<misses>596600000</misses>
				<total>0</total>
				<timestamp>5492.493714</timestamp>
			</report>
			<report>
				<misses>596700000</misses>
				<total>0</total>
				<timestamp>5493.419899</timestamp>
			</report>
			<report>
				<misses>596800000</misses>
				<total>0</total>
				<timestamp>5494.338362</timestamp>
			</report>
			<report>
				<misses>596900000</misses>
				<total>0</total>
				<timestamp>5495.282680</timestamp>
			</report>
			<report>
				<misses>597000000</misses>
				<total>0</total>
				<timestamp>5496.198432</timestamp>
			</report>
			<report>
				<misses>597100000</misses>
				<total>0</total>
				<timestamp>5497.125671</timestamp>
			</report>
			<report>
				<misses>597200000</misses>
				<total>0</total>
				<timestamp>5498.051689</timestamp>
			</report>
			<report>
				<misses>597300000</misses>
				<total>0</total>
				<timestamp>5498.977920</timestamp>
			</report>
			<report>
				<misses>597400000</misses>
				<total>0</total>
				<timestamp>5499.887281</timestamp>
			</report>
			<report>
				<misses>597500000</misses>
				<total>0</total>
				<timestamp>5500.810747</timestamp>
			</report>
			<report>
				<misses>597600000</misses>
				<total>0</total>
				<timestamp>5501.743786</timestamp>
			</report>
			<report>
				<misses>597700000</misses>
				<total>0</total>
				<timestamp>5502.644273</timestamp>
			</report>
			<report>
				<misses>597800000</misses>
				<total>0</total>
				<timestamp>5503.537612</timestamp>
			</report>
			<report>
				<misses>597900000</misses>
				<total>0</total>
				<timestamp>5504.427724</timestamp>
			</report>
			<report>
				<misses>598000000</misses>
				<total>0</total>
				<timestamp>5505.323218</timestamp>
			</report>
			<report>
				<misses>598100000</misses>
				<total>0</total>
				<timestamp>5506.222357</timestamp>
			</report>
			<report>
				<misses>598200000</misses>
				<total>0</total>
				<timestamp>5507.130721</timestamp>
			</report>
			<report>
				<misses>598300000</misses>
				<total>0</total>
				<timestamp>5508.042305</timestamp>
			</report>
			<report>
				<misses>598400000</misses>
				<total>0</total>
				<timestamp>5508.948818</timestamp>
			</report>
			<report>
				<misses>598500000</misses>
				<total>0</total>
				<timestamp>5509.875378</timestamp>
			</report>
			<report>
				<misses>598600000</misses>
				<total>0</total>
				<timestamp>5510.795092</timestamp>
			</report>
			<report>
				<misses>598700000</misses>
				<total>0</total>
				<timestamp>5511.713232</timestamp>
			</report>
			<report>
				<misses>598800000</misses>
				<total>0</total>
				<timestamp>5512.641373</timestamp>
			</report>
			<report>
				<misses>598900000</misses>
				<total>0</total>
				<timestamp>5513.558272</timestamp>
			</report>
			<report>
				<misses>599000000</misses>
				<total>0</total>
				<timestamp>5514.469000</timestamp>
			</report>
			<report>
				<misses>599100000</misses>
				<total>0</total>
				<timestamp>5515.389773</timestamp>
			</report>
			<report>
				<misses>599200000</misses>
				<total>0</total>
				<timestamp>5516.298251</timestamp>
			</report>
			<report>
				<misses>599300000</misses>
				<total>0</total>
				<timestamp>5517.227116</timestamp>
			</report>
			<report>
				<misses>599400000</misses>
				<total>0</total>
				<timestamp>5518.118284</timestamp>
			</report>
			<report>
				<misses>599500000</misses>
				<total>0</total>
				<timestamp>5519.051220</timestamp>
			</report>
			<report>
				<misses>599600000</misses>
				<total>0</total>
				<timestamp>5519.955676</timestamp>
			</report>
			<report>
				<misses>599700000</misses>
				<total>0</total>
				<timestamp>5520.863383</timestamp>
			</report>
			<report>
				<misses>599800000</misses>
				<total>0</total>
				<timestamp>5521.769798</timestamp>
			</report>
			<report>
				<misses>599900000</misses>
				<total>0</total>
				<timestamp>5522.677811</timestamp>
			</report>
			<report>
				<misses>600000000</misses>
				<total>0</total>
				<timestamp>5523.579571</timestamp>
			</report>
			<report>
				<misses>600100000</misses>
				<total>0</total>
				<timestamp>5524.477791</timestamp>
			</report>
			<report>
				<misses>600200000</misses>
				<total>0</total>
				<timestamp>5525.372244</timestamp>
			</report>
			<report>
				<misses>600300000</misses>
				<total>0</total>
				<timestamp>5526.279767</timestamp>
			</report>
			<report>
				<misses>600400000</misses>
				<total>0</total>
				<timestamp>5527.188218</timestamp>
			</report>
			<report>
				<misses>600500000</misses>
				<total>0</total>
				<timestamp>5528.125932</timestamp>
			</report>
			<report>
				<misses>600600000</misses>
				<total>0</total>
				<timestamp>5529.042914</timestamp>
			</report>
			<report>
				<misses>600700000</misses>
				<total>0</total>
				<timestamp>5529.968225</timestamp>
			</report>
			<report>
				<misses>600800000</misses>
				<total>0</total>
				<timestamp>5530.891016</timestamp>
			</report>
			<report>
				<misses>600900000</misses>
				<total>0</total>
				<timestamp>5531.832259</timestamp>
			</report>
			<report>
				<misses>601000000</misses>
				<total>0</total>
				<timestamp>5532.756336</timestamp>
			</report>
			<report>
				<misses>601100000</misses>
				<total>0</total>
				<timestamp>5533.661266</timestamp>
			</report>
			<report>
				<misses>601200000</misses>
				<total>0</total>
				<timestamp>5534.606817</timestamp>
			</report>
			<report>
				<misses>601300000</misses>
				<total>0</total>
				<timestamp>5535.535666</timestamp>
			</report>
			<report>
				<misses>601400000</misses>
				<total>0</total>
				<timestamp>5536.483261</timestamp>
			</report>
			<report>
				<misses>601500000</misses>
				<total>0</total>
				<timestamp>5537.401403</timestamp>
			</report>
			<report>
				<misses>601600000</misses>
				<total>0</total>
				<timestamp>5538.314324</timestamp>
			</report>
			<report>
				<misses>601700000</misses>
				<total>0</total>
				<timestamp>5539.213884</timestamp>
			</report>
			<report>
				<misses>601800000</misses>
				<total>0</total>
				<timestamp>5540.119494</timestamp>
			</report>
			<report>
				<misses>601900000</misses>
				<total>0</total>
				<timestamp>5541.028293</timestamp>
			</report>
			<report>
				<misses>602000000</misses>
				<total>0</total>
				<timestamp>5541.938109</timestamp>
			</report>
			<report>
				<misses>602100000</misses>
				<total>0</total>
				<timestamp>5542.849156</timestamp>
			</report>
			<report>
				<misses>602200000</misses>
				<total>0</total>
				<timestamp>5543.756801</timestamp>
			</report>
			<report>
				<misses>602300000</misses>
				<total>0</total>
				<timestamp>5544.710444</timestamp>
			</report>
			<report>
				<misses>602400000</misses>
				<total>0</total>
				<timestamp>5545.646803</timestamp>
			</report>
			<report>
				<misses>602500000</misses>
				<total>0</total>
				<timestamp>5546.586179</timestamp>
			</report>
			<report>
				<misses>602600000</misses>
				<total>0</total>
				<timestamp>5547.534639</timestamp>
			</report>
			<report>
				<misses>602700000</misses>
				<total>0</total>
				<timestamp>5548.486707</timestamp>
			</report>
			<report>
				<misses>602800000</misses>
				<total>0</total>
				<timestamp>5549.432535</timestamp>
			</report>
			<report>
				<misses>602900000</misses>
				<total>0</total>
				<timestamp>5550.371841</timestamp>
			</report>
			<report>
				<misses>603000000</misses>
				<total>0</total>
				<timestamp>5551.297251</timestamp>
			</report>
			<report>
				<misses>603100000</misses>
				<total>0</total>
				<timestamp>5552.226705</timestamp>
			</report>
			<report>
				<misses>603200000</misses>
				<total>0</total>
				<timestamp>5553.175680</timestamp>
			</report>
			<report>
				<misses>603300000</misses>
				<total>0</total>
				<timestamp>5554.080154</timestamp>
			</report>
			<report>
				<misses>603400000</misses>
				<total>0</total>
				<timestamp>5555.012179</timestamp>
			</report>
			<report>
				<misses>603500000</misses>
				<total>0</total>
				<timestamp>5555.934517</timestamp>
			</report>
			<report>
				<misses>603600000</misses>
				<total>0</total>
				<timestamp>5556.835347</timestamp>
			</report>
			<report>
				<misses>603700000</misses>
				<total>0</total>
				<timestamp>5557.737147</timestamp>
			</report>
			<report>
				<misses>603800000</misses>
				<total>0</total>
				<timestamp>5558.632842</timestamp>
			</report>
			<report>
				<misses>603900000</misses>
				<total>0</total>
				<timestamp>5559.541548</timestamp>
			</report>
			<report>
				<misses>604000000</misses>
				<total>0</total>
				<timestamp>5560.451594</timestamp>
			</report>
			<report>
				<misses>604100000</misses>
				<total>0</total>
				<timestamp>5561.348092</timestamp>
			</report>
			<report>
				<misses>604200000</misses>
				<total>0</total>
				<timestamp>5562.249349</timestamp>
			</report>
			<report>
				<misses>604300000</misses>
				<total>0</total>
				<timestamp>5563.197770</timestamp>
			</report>
			<report>
				<misses>604400000</misses>
				<total>0</total>
				<timestamp>5564.149132</timestamp>
			</report>
			<report>
				<misses>604500000</misses>
				<total>0</total>
				<timestamp>5565.087399</timestamp>
			</report>
			<report>
				<misses>604600000</misses>
				<total>0</total>
				<timestamp>5566.045887</timestamp>
			</report>
			<report>
				<misses>604700000</misses>
				<total>0</total>
				<timestamp>5566.966057</timestamp>
			</report>
			<report>
				<misses>604800000</misses>
				<total>0</total>
				<timestamp>5567.908446</timestamp>
			</report>
			<report>
				<misses>604900000</misses>
				<total>0</total>
				<timestamp>5568.855334</timestamp>
			</report>
			<report>
				<misses>605000000</misses>
				<total>0</total>
				<timestamp>5569.783133</timestamp>
			</report>
			<report>
				<misses>605100000</misses>
				<total>0</total>
				<timestamp>5570.716450</timestamp>
			</report>
			<report>
				<misses>605200000</misses>
				<total>0</total>
				<timestamp>5571.642110</timestamp>
			</report>
			<report>
				<misses>605300000</misses>
				<total>0</total>
				<timestamp>5572.546136</timestamp>
			</report>
			<report>
				<misses>605400000</misses>
				<total>0</total>
				<timestamp>5573.455729</timestamp>
			</report>
			<report>
				<misses>605500000</misses>
				<total>0</total>
				<timestamp>5574.369637</timestamp>
			</report>
			<report>
				<misses>605600000</misses>
				<total>0</total>
				<timestamp>5575.309286</timestamp>
			</report>
			<report>
				<misses>605700000</misses>
				<total>0</total>
				<timestamp>5576.227519</timestamp>
			</report>
			<report>
				<misses>605800000</misses>
				<total>0</total>
				<timestamp>5577.156746</timestamp>
			</report>
			<report>
				<misses>605900000</misses>
				<total>0</total>
				<timestamp>5578.062801</timestamp>
			</report>
			<report>
				<misses>606000000</misses>
				<total>0</total>
				<timestamp>5578.963742</timestamp>
			</report>
			<report>
				<misses>606100000</misses>
				<total>0</total>
				<timestamp>5579.867435</timestamp>
			</report>
			<report>
				<misses>606200000</misses>
				<total>0</total>
				<timestamp>5580.777955</timestamp>
			</report>
			<report>
				<misses>606300000</misses>
				<total>0</total>
				<timestamp>5581.686983</timestamp>
			</report>
			<report>
				<misses>606400000</misses>
				<total>0</total>
				<timestamp>5582.599898</timestamp>
			</report>
			<report>
				<misses>606500000</misses>
				<total>0</total>
				<timestamp>5583.500946</timestamp>
			</report>
			<report>
				<misses>606600000</misses>
				<total>0</total>
				<timestamp>5584.465267</timestamp>
			</report>
			<report>
				<misses>606700000</misses>
				<total>0</total>
				<timestamp>5585.408199</timestamp>
			</report>
			<report>
				<misses>606800000</misses>
				<total>0</total>
				<timestamp>5586.337509</timestamp>
			</report>
			<report>
				<misses>606900000</misses>
				<total>0</total>
				<timestamp>5587.283386</timestamp>
			</report>
			<report>
				<misses>607000000</misses>
				<total>0</total>
				<timestamp>5588.222767</timestamp>
			</report>
			<report>
				<misses>607100000</misses>
				<total>0</total>
				<timestamp>5589.167739</timestamp>
			</report>
			<report>
				<misses>607200000</misses>
				<total>0</total>
				<timestamp>5590.095658</timestamp>
			</report>
			<report>
				<misses>607300000</misses>
				<total>0</total>
				<timestamp>5591.055904</timestamp>
			</report>
			<report>
				<misses>607400000</misses>
				<total>0</total>
				<timestamp>5591.995492</timestamp>
			</report>
			<report>
				<misses>607500000</misses>
				<total>0</total>
				<timestamp>5592.929338</timestamp>
			</report>
			<report>
				<misses>607600000</misses>
				<total>0</total>
				<timestamp>5593.892193</timestamp>
			</report>
			<report>
				<misses>607700000</misses>
				<total>0</total>
				<timestamp>5594.830933</timestamp>
			</report>
			<report>
				<misses>607800000</misses>
				<total>0</total>
				<timestamp>5595.783905</timestamp>
			</report>
			<report>
				<misses>607900000</misses>
				<total>0</total>
				<timestamp>5596.721832</timestamp>
			</report>
			<report>
				<misses>608000000</misses>
				<total>0</total>
				<timestamp>5597.674005</timestamp>
			</report>
			<report>
				<misses>608100000</misses>
				<total>0</total>
				<timestamp>5598.595769</timestamp>
			</report>
			<report>
				<misses>608200000</misses>
				<total>0</total>
				<timestamp>5599.560905</timestamp>
			</report>
			<report>
				<misses>608300000</misses>
				<total>0</total>
				<timestamp>5600.473246</timestamp>
			</report>
			<report>
				<misses>608400000</misses>
				<total>0</total>
				<timestamp>5601.391932</timestamp>
			</report>
			<report>
				<misses>608500000</misses>
				<total>0</total>
				<timestamp>5602.284898</timestamp>
			</report>
			<report>
				<misses>608600000</misses>
				<total>0</total>
				<timestamp>5603.194448</timestamp>
			</report>
			<report>
				<misses>608700000</misses>
				<total>0</total>
				<timestamp>5604.086419</timestamp>
			</report>
			<report>
				<misses>608800000</misses>
				<total>0</total>
				<timestamp>5604.993534</timestamp>
			</report>
			<report>
				<misses>608900000</misses>
				<total>0</total>
				<timestamp>5605.889045</timestamp>
			</report>
			<report>
				<misses>609000000</misses>
				<total>0</total>
				<timestamp>5606.792809</timestamp>
			</report>
			<report>
				<misses>609100000</misses>
				<total>0</total>
				<timestamp>5607.734151</timestamp>
			</report>
			<report>
				<misses>609200000</misses>
				<total>0</total>
				<timestamp>5608.659834</timestamp>
			</report>
			<report>
				<misses>609300000</misses>
				<total>0</total>
				<timestamp>5609.571850</timestamp>
			</report>
			<report>
				<misses>609400000</misses>
				<total>0</total>
				<timestamp>5610.514543</timestamp>
			</report>
			<report>
				<misses>609500000</misses>
				<total>0</total>
				<timestamp>5611.429609</timestamp>
			</report>
			<report>
				<misses>609600000</misses>
				<total>0</total>
				<timestamp>5612.352877</timestamp>
			</report>
			<report>
				<misses>609700000</misses>
				<total>0</total>
				<timestamp>5613.302094</timestamp>
			</report>
			<report>
				<misses>609800000</misses>
				<total>0</total>
				<timestamp>5614.247420</timestamp>
			</report>
			<report>
				<misses>609900000</misses>
				<total>0</total>
				<timestamp>5615.188239</timestamp>
			</report>
			<report>
				<misses>610000000</misses>
				<total>0</total>
				<timestamp>5616.103176</timestamp>
			</report>
			<report>
				<misses>610100000</misses>
				<total>0</total>
				<timestamp>5617.044175</timestamp>
			</report>
			<report>
				<misses>610200000</misses>
				<total>0</total>
				<timestamp>5617.971449</timestamp>
			</report>
			<report>
				<misses>610300000</misses>
				<total>0</total>
				<timestamp>5618.866352</timestamp>
			</report>
			<report>
				<misses>610400000</misses>
				<total>0</total>
				<timestamp>5619.768968</timestamp>
			</report>
			<report>
				<misses>610500000</misses>
				<total>0</total>
				<timestamp>5620.682818</timestamp>
			</report>
			<report>
				<misses>610600000</misses>
				<total>0</total>
				<timestamp>5621.580434</timestamp>
			</report>
			<report>
				<misses>610700000</misses>
				<total>0</total>
				<timestamp>5622.490614</timestamp>
			</report>
			<report>
				<misses>610800000</misses>
				<total>0</total>
				<timestamp>5623.392668</timestamp>
			</report>
			<report>
				<misses>610900000</misses>
				<total>0</total>
				<timestamp>5624.286487</timestamp>
			</report>
			<report>
				<misses>611000000</misses>
				<total>0</total>
				<timestamp>5625.224262</timestamp>
			</report>
			<report>
				<misses>611100000</misses>
				<total>0</total>
				<timestamp>5626.148554</timestamp>
			</report>
			<report>
				<misses>611200000</misses>
				<total>0</total>
				<timestamp>5627.061029</timestamp>
			</report>
			<report>
				<misses>611300000</misses>
				<total>0</total>
				<timestamp>5627.975523</timestamp>
			</report>
			<report>
				<misses>611400000</misses>
				<total>0</total>
				<timestamp>5628.890342</timestamp>
			</report>
			<report>
				<misses>611500000</misses>
				<total>0</total>
				<timestamp>5629.820252</timestamp>
			</report>
			<report>
				<misses>611600000</misses>
				<total>0</total>
				<timestamp>5630.744093</timestamp>
			</report>
			<report>
				<misses>611700000</misses>
				<total>0</total>
				<timestamp>5631.666436</timestamp>
			</report>
			<report>
				<misses>611800000</misses>
				<total>0</total>
				<timestamp>5632.598127</timestamp>
			</report>
			<report>
				<misses>611900000</misses>
				<total>0</total>
				<timestamp>5633.529726</timestamp>
			</report>
			<report>
				<misses>612000000</misses>
				<total>0</total>
				<timestamp>5634.459006</timestamp>
			</report>
			<report>
				<misses>612100000</misses>
				<total>0</total>
				<timestamp>5635.364383</timestamp>
			</report>
			<report>
				<misses>612200000</misses>
				<total>0</total>
				<timestamp>5636.259650</timestamp>
			</report>
			<report>
				<misses>612300000</misses>
				<total>0</total>
				<timestamp>5637.164469</timestamp>
			</report>
			<report>
				<misses>612400000</misses>
				<total>0</total>
				<timestamp>5638.050401</timestamp>
			</report>
			<report>
				<misses>612500000</misses>
				<total>0</total>
				<timestamp>5638.942138</timestamp>
			</report>
			<report>
				<misses>612600000</misses>
				<total>0</total>
				<timestamp>5639.832036</timestamp>
			</report>
			<report>
				<misses>612700000</misses>
				<total>0</total>
				<timestamp>5640.725856</timestamp>
			</report>
			<report>
				<misses>612800000</misses>
				<total>0</total>
				<timestamp>5641.629665</timestamp>
			</report>
			<report>
				<misses>612900000</misses>
				<total>0</total>
				<timestamp>5642.558483</timestamp>
			</report>
			<report>
				<misses>613000000</misses>
				<total>0</total>
				<timestamp>5643.488789</timestamp>
			</report>
			<report>
				<misses>613100000</misses>
				<total>0</total>
				<timestamp>5644.407253</timestamp>
			</report>
			<report>
				<misses>613200000</misses>
				<total>0</total>
				<timestamp>5645.336301</timestamp>
			</report>
			<report>
				<misses>613300000</misses>
				<total>0</total>
				<timestamp>5646.259354</timestamp>
			</report>
			<report>
				<misses>613400000</misses>
				<total>0</total>
				<timestamp>5647.168429</timestamp>
			</report>
			<report>
				<misses>613500000</misses>
				<total>0</total>
				<timestamp>5648.091687</timestamp>
			</report>
			<report>
				<misses>613600000</misses>
				<total>0</total>
				<timestamp>5649.011874</timestamp>
			</report>
			<report>
				<misses>613700000</misses>
				<total>0</total>
				<timestamp>5649.926145</timestamp>
			</report>
			<report>
				<misses>613800000</misses>
				<total>0</total>
				<timestamp>5650.873517</timestamp>
			</report>
			<report>
				<misses>613900000</misses>
				<total>0</total>
				<timestamp>5651.818064</timestamp>
			</report>
			<report>
				<misses>614000000</misses>
				<total>0</total>
				<timestamp>5652.724123</timestamp>
			</report>
			<report>
				<misses>614100000</misses>
				<total>0</total>
				<timestamp>5653.625553</timestamp>
			</report>
			<report>
				<misses>614200000</misses>
				<total>0</total>
				<timestamp>5654.521126</timestamp>
			</report>
			<report>
				<misses>614300000</misses>
				<total>0</total>
				<timestamp>5655.425954</timestamp>
			</report>
			<report>
				<misses>614400000</misses>
				<total>0</total>
				<timestamp>5656.379986</timestamp>
			</report>
			<report>
				<misses>614500000</misses>
				<total>0</total>
				<timestamp>5657.286964</timestamp>
			</report>
			<report>
				<misses>614600000</misses>
				<total>0</total>
				<timestamp>5658.211081</timestamp>
			</report>
			<report>
				<misses>614700000</misses>
				<total>0</total>
				<timestamp>5659.158106</timestamp>
			</report>
			<report>
				<misses>614800000</misses>
				<total>0</total>
				<timestamp>5660.100424</timestamp>
			</report>
			<report>
				<misses>614900000</misses>
				<total>0</total>
				<timestamp>5661.034397</timestamp>
			</report>
			<report>
				<misses>615000000</misses>
				<total>0</total>
				<timestamp>5661.962436</timestamp>
			</report>
			<report>
				<misses>615100000</misses>
				<total>0</total>
				<timestamp>5662.913461</timestamp>
			</report>
			<report>
				<misses>615200000</misses>
				<total>0</total>
				<timestamp>5663.855270</timestamp>
			</report>
			<report>
				<misses>615300000</misses>
				<total>0</total>
				<timestamp>5664.778526</timestamp>
			</report>
			<report>
				<misses>615400000</misses>
				<total>0</total>
				<timestamp>5665.718368</timestamp>
			</report>
			<report>
				<misses>615500000</misses>
				<total>0</total>
				<timestamp>5666.637625</timestamp>
			</report>
			<report>
				<misses>615600000</misses>
				<total>0</total>
				<timestamp>5667.559960</timestamp>
			</report>
			<report>
				<misses>615700000</misses>
				<total>0</total>
				<timestamp>5668.503716</timestamp>
			</report>
			<report>
				<misses>615800000</misses>
				<total>0</total>
				<timestamp>5669.409875</timestamp>
			</report>
			<report>
				<misses>615900000</misses>
				<total>0</total>
				<timestamp>5670.331549</timestamp>
			</report>
			<report>
				<misses>616000000</misses>
				<total>0</total>
				<timestamp>5671.248088</timestamp>
			</report>
			<report>
				<misses>616100000</misses>
				<total>0</total>
				<timestamp>5672.154057</timestamp>
			</report>
			<report>
				<misses>616200000</misses>
				<total>0</total>
				<timestamp>5673.047363</timestamp>
			</report>
			<report>
				<misses>616300000</misses>
				<total>0</total>
				<timestamp>5673.943748</timestamp>
			</report>
			<report>
				<misses>616400000</misses>
				<total>0</total>
				<timestamp>5674.835144</timestamp>
			</report>
			<report>
				<misses>616500000</misses>
				<total>0</total>
				<timestamp>5675.734165</timestamp>
			</report>
			<report>
				<misses>616600000</misses>
				<total>0</total>
				<timestamp>5676.626833</timestamp>
			</report>
			<report>
				<misses>616700000</misses>
				<total>0</total>
				<timestamp>5677.523889</timestamp>
			</report>
			<report>
				<misses>616800000</misses>
				<total>0</total>
				<timestamp>5678.465706</timestamp>
			</report>
			<report>
				<misses>616900000</misses>
				<total>0</total>
				<timestamp>5679.401143</timestamp>
			</report>
			<report>
				<misses>617000000</misses>
				<total>0</total>
				<timestamp>5680.337286</timestamp>
			</report>
			<report>
				<misses>617100000</misses>
				<total>0</total>
				<timestamp>5681.271700</timestamp>
			</report>
			<report>
				<misses>617200000</misses>
				<total>0</total>
				<timestamp>5682.172698</timestamp>
			</report>
			<report>
				<misses>617300000</misses>
				<total>0</total>
				<timestamp>5683.113474</timestamp>
			</report>
			<report>
				<misses>617400000</misses>
				<total>0</total>
				<timestamp>5684.033217</timestamp>
			</report>
			<report>
				<misses>617500000</misses>
				<total>0</total>
				<timestamp>5684.939704</timestamp>
			</report>
			<report>
				<misses>617600000</misses>
				<total>0</total>
				<timestamp>5685.851174</timestamp>
			</report>
			<report>
				<misses>617700000</misses>
				<total>0</total>
				<timestamp>5686.782404</timestamp>
			</report>
			<report>
				<misses>617800000</misses>
				<total>0</total>
				<timestamp>5687.710762</timestamp>
			</report>
			<report>
				<misses>617900000</misses>
				<total>0</total>
				<timestamp>5688.635961</timestamp>
			</report>
			<report>
				<misses>618000000</misses>
				<total>0</total>
				<timestamp>5689.542017</timestamp>
			</report>
			<report>
				<misses>618100000</misses>
				<total>0</total>
				<timestamp>5690.446974</timestamp>
			</report>
			<report>
				<misses>618200000</misses>
				<total>0</total>
				<timestamp>5691.340149</timestamp>
			</report>
			<report>
				<misses>618300000</misses>
				<total>0</total>
				<timestamp>5692.234024</timestamp>
			</report>
			<report>
				<misses>618400000</misses>
				<total>0</total>
				<timestamp>5693.135457</timestamp>
			</report>
			<report>
				<misses>618500000</misses>
				<total>0</total>
				<timestamp>5694.035874</timestamp>
			</report>
			<report>
				<misses>618600000</misses>
				<total>0</total>
				<timestamp>5694.938453</timestamp>
			</report>
			<report>
				<misses>618700000</misses>
				<total>0</total>
				<timestamp>5695.890744</timestamp>
			</report>
			<report>
				<misses>618800000</misses>
				<total>0</total>
				<timestamp>5696.796968</timestamp>
			</report>
			<report>
				<misses>618900000</misses>
				<total>0</total>
				<timestamp>5697.719761</timestamp>
			</report>
			<report>
				<misses>619000000</misses>
				<total>0</total>
				<timestamp>5698.630500</timestamp>
			</report>
			<report>
				<misses>619100000</misses>
				<total>0</total>
				<timestamp>5699.553756</timestamp>
			</report>
			<report>
				<misses>619200000</misses>
				<total>0</total>
				<timestamp>5700.473242</timestamp>
			</report>
			<report>
				<misses>619300000</misses>
				<total>0</total>
				<timestamp>5701.400366</timestamp>
			</report>
			<report>
				<misses>619400000</misses>
				<total>0</total>
				<timestamp>5702.348870</timestamp>
			</report>
			<report>
				<misses>619500000</misses>
				<total>0</total>
				<timestamp>5703.269856</timestamp>
			</report>
			<report>
				<misses>619600000</misses>
				<total>0</total>
				<timestamp>5704.185584</timestamp>
			</report>
			<report>
				<misses>619700000</misses>
				<total>0</total>
				<timestamp>5705.115236</timestamp>
			</report>
			<report>
				<misses>619800000</misses>
				<total>0</total>
				<timestamp>5706.066465</timestamp>
			</report>
			<report>
				<misses>619900000</misses>
				<total>0</total>
				<timestamp>5706.969458</timestamp>
			</report>
			<report>
				<misses>620000000</misses>
				<total>0</total>
				<timestamp>5707.892306</timestamp>
			</report>
			<report>
				<misses>620100000</misses>
				<total>0</total>
				<timestamp>5708.808744</timestamp>
			</report>
			<report>
				<misses>620200000</misses>
				<total>0</total>
				<timestamp>5709.718429</timestamp>
			</report>
			<report>
				<misses>620300000</misses>
				<total>0</total>
				<timestamp>5710.631665</timestamp>
			</report>
			<report>
				<misses>620400000</misses>
				<total>0</total>
				<timestamp>5711.526586</timestamp>
			</report>
			<report>
				<misses>620500000</misses>
				<total>0</total>
				<timestamp>5712.454507</timestamp>
			</report>
			<report>
				<misses>620600000</misses>
				<total>0</total>
				<timestamp>5713.366374</timestamp>
			</report>
			<report>
				<misses>620700000</misses>
				<total>0</total>
				<timestamp>5714.267878</timestamp>
			</report>
			<report>
				<misses>620800000</misses>
				<total>0</total>
				<timestamp>5715.194440</timestamp>
			</report>
			<report>
				<misses>620900000</misses>
				<total>0</total>
				<timestamp>5716.134589</timestamp>
			</report>
			<report>
				<misses>621000000</misses>
				<total>0</total>
				<timestamp>5717.054629</timestamp>
			</report>
			<report>
				<misses>621100000</misses>
				<total>0</total>
				<timestamp>5717.955699</timestamp>
			</report>
			<report>
				<misses>621200000</misses>
				<total>0</total>
				<timestamp>5718.868025</timestamp>
			</report>
			<report>
				<misses>621300000</misses>
				<total>0</total>
				<timestamp>5719.794702</timestamp>
			</report>
			<report>
				<misses>621400000</misses>
				<total>0</total>
				<timestamp>5720.705212</timestamp>
			</report>
			<report>
				<misses>621500000</misses>
				<total>0</total>
				<timestamp>5721.617111</timestamp>
			</report>
			<report>
				<misses>621600000</misses>
				<total>0</total>
				<timestamp>5722.564145</timestamp>
			</report>
			<report>
				<misses>621700000</misses>
				<total>0</total>
				<timestamp>5723.496747</timestamp>
			</report>
			<report>
				<misses>621800000</misses>
				<total>0</total>
				<timestamp>5724.447915</timestamp>
			</report>
			<report>
				<misses>621900000</misses>
				<total>0</total>
				<timestamp>5725.390458</timestamp>
			</report>
			<report>
				<misses>622000000</misses>
				<total>0</total>
				<timestamp>5726.332168</timestamp>
			</report>
			<report>
				<misses>622100000</misses>
				<total>0</total>
				<timestamp>5727.255580</timestamp>
			</report>
			<report>
				<misses>622200000</misses>
				<total>0</total>
				<timestamp>5728.186659</timestamp>
			</report>
			<report>
				<misses>622300000</misses>
				<total>0</total>
				<timestamp>5729.110728</timestamp>
			</report>
			<report>
				<misses>622400000</misses>
				<total>0</total>
				<timestamp>5730.035982</timestamp>
			</report>
			<report>
				<misses>622500000</misses>
				<total>0</total>
				<timestamp>5730.970151</timestamp>
			</report>
			<report>
				<misses>622600000</misses>
				<total>0</total>
				<timestamp>5731.875878</timestamp>
			</report>
			<report>
				<misses>622700000</misses>
				<total>0</total>
				<timestamp>5732.812898</timestamp>
			</report>
			<report>
				<misses>622800000</misses>
				<total>0</total>
				<timestamp>5733.758686</timestamp>
			</report>
			<report>
				<misses>622900000</misses>
				<total>0</total>
				<timestamp>5734.698102</timestamp>
			</report>
			<report>
				<misses>623000000</misses>
				<total>0</total>
				<timestamp>5735.641055</timestamp>
			</report>
			<report>
				<misses>623100000</misses>
				<total>0</total>
				<timestamp>5736.569961</timestamp>
			</report>
			<report>
				<misses>623200000</misses>
				<total>0</total>
				<timestamp>5737.505758</timestamp>
			</report>
			<report>
				<misses>623300000</misses>
				<total>0</total>
				<timestamp>5738.414989</timestamp>
			</report>
			<report>
				<misses>623400000</misses>
				<total>0</total>
				<timestamp>5739.333536</timestamp>
			</report>
			<report>
				<misses>623500000</misses>
				<total>0</total>
				<timestamp>5740.236989</timestamp>
			</report>
			<report>
				<misses>623600000</misses>
				<total>0</total>
				<timestamp>5741.142218</timestamp>
			</report>
			<report>
				<misses>623700000</misses>
				<total>0</total>
				<timestamp>5742.044317</timestamp>
			</report>
			<report>
				<misses>623800000</misses>
				<total>0</total>
				<timestamp>5742.941626</timestamp>
			</report>
			<report>
				<misses>623900000</misses>
				<total>0</total>
				<timestamp>5743.839855</timestamp>
			</report>
			<report>
				<misses>624000000</misses>
				<total>0</total>
				<timestamp>5744.733834</timestamp>
			</report>
			<report>
				<misses>624100000</misses>
				<total>0</total>
				<timestamp>5745.675581</timestamp>
			</report>
			<report>
				<misses>624200000</misses>
				<total>0</total>
				<timestamp>5746.594424</timestamp>
			</report>
			<report>
				<misses>624300000</misses>
				<total>0</total>
				<timestamp>5747.515394</timestamp>
			</report>
			<report>
				<misses>624400000</misses>
				<total>0</total>
				<timestamp>5748.452775</timestamp>
			</report>
			<report>
				<misses>624500000</misses>
				<total>0</total>
				<timestamp>5749.393542</timestamp>
			</report>
			<report>
				<misses>624600000</misses>
				<total>0</total>
				<timestamp>5750.314170</timestamp>
			</report>
			<report>
				<misses>624700000</misses>
				<total>0</total>
				<timestamp>5751.260079</timestamp>
			</report>
			<report>
				<misses>624800000</misses>
				<total>0</total>
				<timestamp>5752.199691</timestamp>
			</report>
			<report>
				<misses>624900000</misses>
				<total>0</total>
				<timestamp>5753.143082</timestamp>
			</report>
			<report>
				<misses>625000000</misses>
				<total>0</total>
				<timestamp>5754.094750</timestamp>
			</report>
			<report>
				<misses>625100000</misses>
				<total>0</total>
				<timestamp>5755.028048</timestamp>
			</report>
			<report>
				<misses>625200000</misses>
				<total>0</total>
				<timestamp>5755.986847</timestamp>
			</report>
			<report>
				<misses>625300000</misses>
				<total>0</total>
				<timestamp>5756.909592</timestamp>
			</report>
			<report>
				<misses>625400000</misses>
				<total>0</total>
				<timestamp>5757.826120</timestamp>
			</report>
			<report>
				<misses>625500000</misses>
				<total>0</total>
				<timestamp>5758.727625</timestamp>
			</report>
			<report>
				<misses>625600000</misses>
				<total>0</total>
				<timestamp>5759.664344</timestamp>
			</report>
			<report>
				<misses>625700000</misses>
				<total>0</total>
				<timestamp>5760.574722</timestamp>
			</report>
			<report>
				<misses>625800000</misses>
				<total>0</total>
				<timestamp>5761.513453</timestamp>
			</report>
			<report>
				<misses>625900000</misses>
				<total>0</total>
				<timestamp>5762.439999</timestamp>
			</report>
			<report>
				<misses>626000000</misses>
				<total>0</total>
				<timestamp>5763.345800</timestamp>
			</report>
			<report>
				<misses>626100000</misses>
				<total>0</total>
				<timestamp>5764.284322</timestamp>
			</report>
			<report>
				<misses>626200000</misses>
				<total>0</total>
				<timestamp>5765.202798</timestamp>
			</report>
			<report>
				<misses>626300000</misses>
				<total>0</total>
				<timestamp>5766.122730</timestamp>
			</report>
			<report>
				<misses>626400000</misses>
				<total>0</total>
				<timestamp>5767.040529</timestamp>
			</report>
			<report>
				<misses>626500000</misses>
				<total>0</total>
				<timestamp>5767.953953</timestamp>
			</report>
			<report>
				<misses>626600000</misses>
				<total>0</total>
				<timestamp>5768.859506</timestamp>
			</report>
			<report>
				<misses>626700000</misses>
				<total>0</total>
				<timestamp>5769.776734</timestamp>
			</report>
			<report>
				<misses>626800000</misses>
				<total>0</total>
				<timestamp>5770.685840</timestamp>
			</report>
			<report>
				<misses>626900000</misses>
				<total>0</total>
				<timestamp>5771.588046</timestamp>
			</report>
			<report>
				<misses>627000000</misses>
				<total>0</total>
				<timestamp>5772.485193</timestamp>
			</report>
			<report>
				<misses>627100000</misses>
				<total>0</total>
				<timestamp>5773.374889</timestamp>
			</report>
			<report>
				<misses>627200000</misses>
				<total>0</total>
				<timestamp>5774.275620</timestamp>
			</report>
			<report>
				<misses>627300000</misses>
				<total>0</total>
				<timestamp>5775.163361</timestamp>
			</report>
			<report>
				<misses>627400000</misses>
				<total>0</total>
				<timestamp>5776.059772</timestamp>
			</report>
			<report>
				<misses>627500000</misses>
				<total>0</total>
				<timestamp>5776.977785</timestamp>
			</report>
			<report>
				<misses>627600000</misses>
				<total>0</total>
				<timestamp>5777.896483</timestamp>
			</report>
			<report>
				<misses>627700000</misses>
				<total>0</total>
				<timestamp>5778.802779</timestamp>
			</report>
			<report>
				<misses>627800000</misses>
				<total>0</total>
				<timestamp>5779.739567</timestamp>
			</report>
			<report>
				<misses>627900000</misses>
				<total>0</total>
				<timestamp>5780.665928</timestamp>
			</report>
			<report>
				<misses>628000000</misses>
				<total>0</total>
				<timestamp>5781.589743</timestamp>
			</report>
			<report>
				<misses>628100000</misses>
				<total>0</total>
				<timestamp>5782.499688</timestamp>
			</report>
			<report>
				<misses>628200000</misses>
				<total>0</total>
				<timestamp>5783.435418</timestamp>
			</report>
			<report>
				<misses>628300000</misses>
				<total>0</total>
				<timestamp>5784.357188</timestamp>
			</report>
			<report>
				<misses>628400000</misses>
				<total>0</total>
				<timestamp>5785.285106</timestamp>
			</report>
			<report>
				<misses>628500000</misses>
				<total>0</total>
				<timestamp>5786.206545</timestamp>
			</report>
			<report>
				<misses>628600000</misses>
				<total>0</total>
				<timestamp>5787.115966</timestamp>
			</report>
			<report>
				<misses>628700000</misses>
				<total>0</total>
				<timestamp>5788.047856</timestamp>
			</report>
			<report>
				<misses>628800000</misses>
				<total>0</total>
				<timestamp>5788.933542</timestamp>
			</report>
			<report>
				<misses>628900000</misses>
				<total>0</total>
				<timestamp>5789.845184</timestamp>
			</report>
			<report>
				<misses>629000000</misses>
				<total>0</total>
				<timestamp>5790.733667</timestamp>
			</report>
			<report>
				<misses>629100000</misses>
				<total>0</total>
				<timestamp>5791.632317</timestamp>
			</report>
			<report>
				<misses>629200000</misses>
				<total>0</total>
				<timestamp>5792.529728</timestamp>
			</report>
			<report>
				<misses>629300000</misses>
				<total>0</total>
				<timestamp>5793.429998</timestamp>
			</report>
			<report>
				<misses>629400000</misses>
				<total>0</total>
				<timestamp>5794.339828</timestamp>
			</report>
			<report>
				<misses>629500000</misses>
				<total>0</total>
				<timestamp>5795.280230</timestamp>
			</report>
			<report>
				<misses>629600000</misses>
				<total>0</total>
				<timestamp>5796.192883</timestamp>
			</report>
			<report>
				<misses>629700000</misses>
				<total>0</total>
				<timestamp>5797.126595</timestamp>
			</report>
			<report>
				<misses>629800000</misses>
				<total>0</total>
				<timestamp>5798.021594</timestamp>
			</report>
			<report>
				<misses>629900000</misses>
				<total>0</total>
				<timestamp>5798.941341</timestamp>
			</report>
			<report>
				<misses>630000000</misses>
				<total>0</total>
				<timestamp>5799.846891</timestamp>
			</report>
			<report>
				<misses>630100000</misses>
				<total>0</total>
				<timestamp>5800.768127</timestamp>
			</report>
			<report>
				<misses>630200000</misses>
				<total>0</total>
				<timestamp>5801.675806</timestamp>
			</report>
			<report>
				<misses>630300000</misses>
				<total>0</total>
				<timestamp>5802.587319</timestamp>
			</report>
			<report>
				<misses>630400000</misses>
				<total>0</total>
				<timestamp>5803.499869</timestamp>
			</report>
			<report>
				<misses>630500000</misses>
				<total>0</total>
				<timestamp>5804.439988</timestamp>
			</report>
			<report>
				<misses>630600000</misses>
				<total>0</total>
				<timestamp>5805.342104</timestamp>
			</report>
			<report>
				<misses>630700000</misses>
				<total>0</total>
				<timestamp>5806.244083</timestamp>
			</report>
			<report>
				<misses>630800000</misses>
				<total>0</total>
				<timestamp>5807.148801</timestamp>
			</report>
			<report>
				<misses>630900000</misses>
				<total>0</total>
				<timestamp>5808.064866</timestamp>
			</report>
			<report>
				<misses>631000000</misses>
				<total>0</total>
				<timestamp>5808.969373</timestamp>
			</report>
			<report>
				<misses>631100000</misses>
				<total>0</total>
				<timestamp>5809.870783</timestamp>
			</report>
			<report>
				<misses>631200000</misses>
				<total>0</total>
				<timestamp>5810.779468</timestamp>
			</report>
			<report>
				<misses>631300000</misses>
				<total>0</total>
				<timestamp>5811.676552</timestamp>
			</report>
			<report>
				<misses>631400000</misses>
				<total>0</total>
				<timestamp>5812.596329</timestamp>
			</report>
			<report>
				<misses>631500000</misses>
				<total>0</total>
				<timestamp>5813.555689</timestamp>
			</report>
			<report>
				<misses>631600000</misses>
				<total>0</total>
				<timestamp>5814.509057</timestamp>
			</report>
			<report>
				<misses>631700000</misses>
				<total>0</total>
				<timestamp>5815.451684</timestamp>
			</report>
			<report>
				<misses>631800000</misses>
				<total>0</total>
				<timestamp>5816.364460</timestamp>
			</report>
			<report>
				<misses>631900000</misses>
				<total>0</total>
				<timestamp>5817.284162</timestamp>
			</report>
			<report>
				<misses>632000000</misses>
				<total>0</total>
				<timestamp>5818.190053</timestamp>
			</report>
			<report>
				<misses>632100000</misses>
				<total>0</total>
				<timestamp>5819.120414</timestamp>
			</report>
			<report>
				<misses>632200000</misses>
				<total>0</total>
				<timestamp>5820.056304</timestamp>
			</report>
			<report>
				<misses>632300000</misses>
				<total>0</total>
				<timestamp>5820.990362</timestamp>
			</report>
			<report>
				<misses>632400000</misses>
				<total>0</total>
				<timestamp>5821.914329</timestamp>
			</report>
			<report>
				<misses>632500000</misses>
				<total>0</total>
				<timestamp>5822.835058</timestamp>
			</report>
			<report>
				<misses>632600000</misses>
				<total>0</total>
				<timestamp>5823.786197</timestamp>
			</report>
			<report>
				<misses>632700000</misses>
				<total>0</total>
				<timestamp>5824.712046</timestamp>
			</report>
			<report>
				<misses>632800000</misses>
				<total>0</total>
				<timestamp>5825.657845</timestamp>
			</report>
			<report>
				<misses>632900000</misses>
				<total>0</total>
				<timestamp>5826.591342</timestamp>
			</report>
			<report>
				<misses>633000000</misses>
				<total>0</total>
				<timestamp>5827.500257</timestamp>
			</report>
			<report>
				<misses>633100000</misses>
				<total>0</total>
				<timestamp>5828.418733</timestamp>
			</report>
			<report>
				<misses>633200000</misses>
				<total>0</total>
				<timestamp>5829.315232</timestamp>
			</report>
			<report>
				<misses>633300000</misses>
				<total>0</total>
				<timestamp>5830.224841</timestamp>
			</report>
			<report>
				<misses>633400000</misses>
				<total>0</total>
				<timestamp>5831.112923</timestamp>
			</report>
			<report>
				<misses>633500000</misses>
				<total>0</total>
				<timestamp>5832.010445</timestamp>
			</report>
			<report>
				<misses>633600000</misses>
				<total>0</total>
				<timestamp>5832.908781</timestamp>
			</report>
			<report>
				<misses>633700000</misses>
				<total>0</total>
				<timestamp>5833.811759</timestamp>
			</report>
			<report>
				<misses>633800000</misses>
				<total>0</total>
				<timestamp>5834.727247</timestamp>
			</report>
			<report>
				<misses>633900000</misses>
				<total>0</total>
				<timestamp>5835.693645</timestamp>
			</report>
			<report>
				<misses>634000000</misses>
				<total>0</total>
				<timestamp>5836.631204</timestamp>
			</report>
			<report>
				<misses>634100000</misses>
				<total>0</total>
				<timestamp>5837.580943</timestamp>
			</report>
			<report>
				<misses>634200000</misses>
				<total>0</total>
				<timestamp>5838.500943</timestamp>
			</report>
			<report>
				<misses>634300000</misses>
				<total>0</total>
				<timestamp>5839.425902</timestamp>
			</report>
			<report>
				<misses>634400000</misses>
				<total>0</total>
				<timestamp>5840.384548</timestamp>
			</report>
			<report>
				<misses>634500000</misses>
				<total>0</total>
				<timestamp>5841.322937</timestamp>
			</report>
			<report>
				<misses>634600000</misses>
				<total>0</total>
				<timestamp>5842.235783</timestamp>
			</report>
			<report>
				<misses>634700000</misses>
				<total>0</total>
				<timestamp>5843.150584</timestamp>
			</report>
			<report>
				<misses>634800000</misses>
				<total>0</total>
				<timestamp>5844.054371</timestamp>
			</report>
			<report>
				<misses>634900000</misses>
				<total>0</total>
				<timestamp>5845.007225</timestamp>
			</report>
			<report>
				<misses>635000000</misses>
				<total>0</total>
				<timestamp>5845.931158</timestamp>
			</report>
			<report>
				<misses>635100000</misses>
				<total>0</total>
				<timestamp>5846.895942</timestamp>
			</report>
			<report>
				<misses>635200000</misses>
				<total>0</total>
				<timestamp>5847.818282</timestamp>
			</report>
			<report>
				<misses>635300000</misses>
				<total>0</total>
				<timestamp>5848.766689</timestamp>
			</report>
			<report>
				<misses>635400000</misses>
				<total>0</total>
				<timestamp>5849.721718</timestamp>
			</report>
			<report>
				<misses>635500000</misses>
				<total>0</total>
				<timestamp>5850.645511</timestamp>
			</report>
			<report>
				<misses>635600000</misses>
				<total>0</total>
				<timestamp>5851.592560</timestamp>
			</report>
			<report>
				<misses>635700000</misses>
				<total>0</total>
				<timestamp>5852.515502</timestamp>
			</report>
			<report>
				<misses>635800000</misses>
				<total>0</total>
				<timestamp>5853.458312</timestamp>
			</report>
			<report>
				<misses>635900000</misses>
				<total>0</total>
				<timestamp>5854.393966</timestamp>
			</report>
			<report>
				<misses>636000000</misses>
				<total>0</total>
				<timestamp>5855.334628</timestamp>
			</report>
			<report>
				<misses>636100000</misses>
				<total>0</total>
				<timestamp>5856.269495</timestamp>
			</report>
			<report>
				<misses>636200000</misses>
				<total>0</total>
				<timestamp>5857.206319</timestamp>
			</report>
			<report>
				<misses>636300000</misses>
				<total>0</total>
				<timestamp>5858.101941</timestamp>
			</report>
			<report>
				<misses>636400000</misses>
				<total>0</total>
				<timestamp>5858.994678</timestamp>
			</report>
			<report>
				<misses>636500000</misses>
				<total>0</total>
				<timestamp>5859.894836</timestamp>
			</report>
			<report>
				<misses>636600000</misses>
				<total>0</total>
				<timestamp>5860.801165</timestamp>
			</report>
			<report>
				<misses>636700000</misses>
				<total>0</total>
				<timestamp>5861.704264</timestamp>
			</report>
			<report>
				<misses>636800000</misses>
				<total>0</total>
				<timestamp>5862.606927</timestamp>
			</report>
			<report>
				<misses>636900000</misses>
				<total>0</total>
				<timestamp>5863.525067</timestamp>
			</report>
			<report>
				<misses>637000000</misses>
				<total>0</total>
				<timestamp>5864.424963</timestamp>
			</report>
			<report>
				<misses>637100000</misses>
				<total>0</total>
				<timestamp>5865.371631</timestamp>
			</report>
			<report>
				<misses>637200000</misses>
				<total>0</total>
				<timestamp>5866.289886</timestamp>
			</report>
			<report>
				<misses>637300000</misses>
				<total>0</total>
				<timestamp>5867.249135</timestamp>
			</report>
			<report>
				<misses>637400000</misses>
				<total>0</total>
				<timestamp>5868.208982</timestamp>
			</report>
			<report>
				<misses>637500000</misses>
				<total>0</total>
				<timestamp>5869.141447</timestamp>
			</report>
			<report>
				<misses>637600000</misses>
				<total>0</total>
				<timestamp>5870.056282</timestamp>
			</report>
			<report>
				<misses>637700000</misses>
				<total>0</total>
				<timestamp>5870.996161</timestamp>
			</report>
			<report>
				<misses>637800000</misses>
				<total>0</total>
				<timestamp>5871.951157</timestamp>
			</report>
			<report>
				<misses>637900000</misses>
				<total>0</total>
				<timestamp>5872.875555</timestamp>
			</report>
			<report>
				<misses>638000000</misses>
				<total>0</total>
				<timestamp>5873.828629</timestamp>
			</report>
			<report>
				<misses>638100000</misses>
				<total>0</total>
				<timestamp>5874.776798</timestamp>
			</report>
			<report>
				<misses>638200000</misses>
				<total>0</total>
				<timestamp>5875.756717</timestamp>
			</report>
			<report>
				<misses>638300000</misses>
				<total>0</total>
				<timestamp>5876.689339</timestamp>
			</report>
			<report>
				<misses>638400000</misses>
				<total>0</total>
				<timestamp>5877.635328</timestamp>
			</report>
			<report>
				<misses>638500000</misses>
				<total>0</total>
				<timestamp>5878.571691</timestamp>
			</report>
			<report>
				<misses>638600000</misses>
				<total>0</total>
				<timestamp>5879.490169</timestamp>
			</report>
			<report>
				<misses>638700000</misses>
				<total>0</total>
				<timestamp>5880.447055</timestamp>
			</report>
			<report>
				<misses>638800000</misses>
				<total>0</total>
				<timestamp>5881.384820</timestamp>
			</report>
			<report>
				<misses>638900000</misses>
				<total>0</total>
				<timestamp>5882.286236</timestamp>
			</report>
			<report>
				<misses>639000000</misses>
				<total>0</total>
				<timestamp>5883.191047</timestamp>
			</report>
			<report>
				<misses>639100000</misses>
				<total>0</total>
				<timestamp>5884.096162</timestamp>
			</report>
			<report>
				<misses>639200000</misses>
				<total>0</total>
				<timestamp>5884.998339</timestamp>
			</report>
			<report>
				<misses>639300000</misses>
				<total>0</total>
				<timestamp>5885.895212</timestamp>
			</report>
			<report>
				<misses>639400000</misses>
				<total>0</total>
				<timestamp>5886.808574</timestamp>
			</report>
			<report>
				<misses>639500000</misses>
				<total>0</total>
				<timestamp>5887.725767</timestamp>
			</report>
			<report>
				<misses>639600000</misses>
				<total>0</total>
				<timestamp>5888.693918</timestamp>
			</report>
			<report>
				<misses>639700000</misses>
				<total>0</total>
				<timestamp>5889.636284</timestamp>
			</report>
			<report>
				<misses>639800000</misses>
				<total>0</total>
				<timestamp>5890.582417</timestamp>
			</report>
			<report>
				<misses>639900000</misses>
				<total>0</total>
				<timestamp>5891.509759</timestamp>
			</report>
			<report>
				<misses>640000000</misses>
				<total>0</total>
				<timestamp>5892.425131</timestamp>
			</report>
			<report>
				<misses>640100000</misses>
				<total>0</total>
				<timestamp>5893.336556</timestamp>
			</report>
			<report>
				<misses>640200000</misses>
				<total>0</total>
				<timestamp>5894.253376</timestamp>
			</report>
			<report>
				<misses>640300000</misses>
				<total>0</total>
				<timestamp>5895.203784</timestamp>
			</report>
			<report>
				<misses>640400000</misses>
				<total>0</total>
				<timestamp>5896.144683</timestamp>
			</report>
			<report>
				<misses>640500000</misses>
				<total>0</total>
				<timestamp>5897.087259</timestamp>
			</report>
			<report>
				<misses>640600000</misses>
				<total>0</total>
				<timestamp>5898.036751</timestamp>
			</report>
			<report>
				<misses>640700000</misses>
				<total>0</total>
				<timestamp>5898.996754</timestamp>
			</report>
			<report>
				<misses>640800000</misses>
				<total>0</total>
				<timestamp>5899.956092</timestamp>
			</report>
			<report>
				<misses>640900000</misses>
				<total>0</total>
				<timestamp>5900.909940</timestamp>
			</report>
			<report>
				<misses>641000000</misses>
				<total>0</total>
				<timestamp>5901.872256</timestamp>
			</report>
			<report>
				<misses>641100000</misses>
				<total>0</total>
				<timestamp>5902.829751</timestamp>
			</report>
			<report>
				<misses>641200000</misses>
				<total>0</total>
				<timestamp>5903.779005</timestamp>
			</report>
			<report>
				<misses>641300000</misses>
				<total>0</total>
				<timestamp>5904.736617</timestamp>
			</report>
			<report>
				<misses>641400000</misses>
				<total>0</total>
				<timestamp>5905.667035</timestamp>
			</report>
			<report>
				<misses>641500000</misses>
				<total>0</total>
				<timestamp>5906.624669</timestamp>
			</report>
			<report>
				<misses>641600000</misses>
				<total>0</total>
				<timestamp>5907.529530</timestamp>
			</report>
			<report>
				<misses>641700000</misses>
				<total>0</total>
				<timestamp>5908.439490</timestamp>
			</report>
			<report>
				<misses>641800000</misses>
				<total>0</total>
				<timestamp>5909.335502</timestamp>
			</report>
			<report>
				<misses>641900000</misses>
				<total>0</total>
				<timestamp>5910.231758</timestamp>
			</report>
			<report>
				<misses>642000000</misses>
				<total>0</total>
				<timestamp>5911.139071</timestamp>
			</report>
			<report>
				<misses>642100000</misses>
				<total>0</total>
				<timestamp>5912.045375</timestamp>
			</report>
			<report>
				<misses>642200000</misses>
				<total>0</total>
				<timestamp>5912.937942</timestamp>
			</report>
			<report>
				<misses>642300000</misses>
				<total>0</total>
				<timestamp>5913.834054</timestamp>
			</report>
			<report>
				<misses>642400000</misses>
				<total>0</total>
				<timestamp>5914.773701</timestamp>
			</report>
			<report>
				<misses>642500000</misses>
				<total>0</total>
				<timestamp>5915.701038</timestamp>
			</report>
			<report>
				<misses>642600000</misses>
				<total>0</total>
				<timestamp>5916.667332</timestamp>
			</report>
			<report>
				<misses>642700000</misses>
				<total>0</total>
				<timestamp>5917.610863</timestamp>
			</report>
			<report>
				<misses>642800000</misses>
				<total>0</total>
				<timestamp>5918.555044</timestamp>
			</report>
			<report>
				<misses>642900000</misses>
				<total>0</total>
				<timestamp>5919.513354</timestamp>
			</report>
			<report>
				<misses>643000000</misses>
				<total>0</total>
				<timestamp>5920.455648</timestamp>
			</report>
			<report>
				<misses>643100000</misses>
				<total>0</total>
				<timestamp>5921.404821</timestamp>
			</report>
			<report>
				<misses>643200000</misses>
				<total>0</total>
				<timestamp>5922.319954</timestamp>
			</report>
			<report>
				<misses>643300000</misses>
				<total>0</total>
				<timestamp>5923.267018</timestamp>
			</report>
			<report>
				<misses>643400000</misses>
				<total>0</total>
				<timestamp>5924.210528</timestamp>
			</report>
			<report>
				<misses>643500000</misses>
				<total>0</total>
				<timestamp>5925.143683</timestamp>
			</report>
			<report>
				<misses>643600000</misses>
				<total>0</total>
				<timestamp>5926.083097</timestamp>
			</report>
			<report>
				<misses>643700000</misses>
				<total>0</total>
				<timestamp>5926.994413</timestamp>
			</report>
			<report>
				<misses>643800000</misses>
				<total>0</total>
				<timestamp>5927.926077</timestamp>
			</report>
			<report>
				<misses>643900000</misses>
				<total>0</total>
				<timestamp>5928.835685</timestamp>
			</report>
			<report>
				<misses>644000000</misses>
				<total>0</total>
				<timestamp>5929.767028</timestamp>
			</report>
			<report>
				<misses>644100000</misses>
				<total>0</total>
				<timestamp>5930.679566</timestamp>
			</report>
			<report>
				<misses>644200000</misses>
				<total>0</total>
				<timestamp>5931.608063</timestamp>
			</report>
			<report>
				<misses>644300000</misses>
				<total>0</total>
				<timestamp>5932.512489</timestamp>
			</report>
			<report>
				<misses>644400000</misses>
				<total>0</total>
				<timestamp>5933.403078</timestamp>
			</report>
			<report>
				<misses>644500000</misses>
				<total>0</total>
				<timestamp>5934.305949</timestamp>
			</report>
			<report>
				<misses>644600000</misses>
				<total>0</total>
				<timestamp>5935.204499</timestamp>
			</report>
			<report>
				<misses>644700000</misses>
				<total>0</total>
				<timestamp>5936.109777</timestamp>
			</report>
			<report>
				<misses>644800000</misses>
				<total>0</total>
				<timestamp>5937.006996</timestamp>
			</report>
			<report>
				<misses>644900000</misses>
				<total>0</total>
				<timestamp>5937.922695</timestamp>
			</report>
			<report>
				<misses>645000000</misses>
				<total>0</total>
				<timestamp>5938.885981</timestamp>
			</report>
			<report>
				<misses>645100000</misses>
				<total>0</total>
				<timestamp>5939.822215</timestamp>
			</report>
			<report>
				<misses>645200000</misses>
				<total>0</total>
				<timestamp>5940.768212</timestamp>
			</report>
			<report>
				<misses>645300000</misses>
				<total>0</total>
				<timestamp>5941.708791</timestamp>
			</report>
			<report>
				<misses>645400000</misses>
				<total>0</total>
				<timestamp>5942.674374</timestamp>
			</report>
			<report>
				<misses>645500000</misses>
				<total>0</total>
				<timestamp>5943.617204</timestamp>
			</report>
			<report>
				<misses>645600000</misses>
				<total>0</total>
				<timestamp>5944.546238</timestamp>
			</report>
			<report>
				<misses>645700000</misses>
				<total>0</total>
				<timestamp>5945.488261</timestamp>
			</report>
			<report>
				<misses>645800000</misses>
				<total>0</total>
				<timestamp>5946.423030</timestamp>
			</report>
			<report>
				<misses>645900000</misses>
				<total>0</total>
				<timestamp>5947.369921</timestamp>
			</report>
			<report>
				<misses>646000000</misses>
				<total>0</total>
				<timestamp>5948.294441</timestamp>
			</report>
			<report>
				<misses>646100000</misses>
				<total>0</total>
				<timestamp>5949.234869</timestamp>
			</report>
			<report>
				<misses>646200000</misses>
				<total>0</total>
				<timestamp>5950.167843</timestamp>
			</report>
			<report>
				<misses>646300000</misses>
				<total>0</total>
				<timestamp>5951.108696</timestamp>
			</report>
			<report>
				<misses>646400000</misses>
				<total>0</total>
				<timestamp>5952.057575</timestamp>
			</report>
			<report>
				<misses>646500000</misses>
				<total>0</total>
				<timestamp>5952.996062</timestamp>
			</report>
			<report>
				<misses>646600000</misses>
				<total>0</total>
				<timestamp>5953.929155</timestamp>
			</report>
			<report>
				<misses>646700000</misses>
				<total>0</total>
				<timestamp>5954.833641</timestamp>
			</report>
			<report>
				<misses>646800000</misses>
				<total>0</total>
				<timestamp>5955.779181</timestamp>
			</report>
			<report>
				<misses>646900000</misses>
				<total>0</total>
				<timestamp>5956.697920</timestamp>
			</report>
			<report>
				<misses>647000000</misses>
				<total>0</total>
				<timestamp>5957.608129</timestamp>
			</report>
			<report>
				<misses>647100000</misses>
				<total>0</total>
				<timestamp>5958.503288</timestamp>
			</report>
			<report>
				<misses>647200000</misses>
				<total>0</total>
				<timestamp>5959.400531</timestamp>
			</report>
			<report>
				<misses>647300000</misses>
				<total>0</total>
				<timestamp>5960.317174</timestamp>
			</report>
			<report>
				<misses>647400000</misses>
				<total>0</total>
				<timestamp>5961.213568</timestamp>
			</report>
			<report>
				<misses>647500000</misses>
				<total>0</total>
				<timestamp>5962.113508</timestamp>
			</report>
			<report>
				<misses>647600000</misses>
				<total>0</total>
				<timestamp>5963.007099</timestamp>
			</report>
			<report>
				<misses>647700000</misses>
				<total>0</total>
				<timestamp>5963.904753</timestamp>
			</report>
			<report>
				<misses>647800000</misses>
				<total>0</total>
				<timestamp>5964.843162</timestamp>
			</report>
			<report>
				<misses>647900000</misses>
				<total>0</total>
				<timestamp>5965.761761</timestamp>
			</report>
			<report>
				<misses>648000000</misses>
				<total>0</total>
				<timestamp>5966.681838</timestamp>
			</report>
			<report>
				<misses>648100000</misses>
				<total>0</total>
				<timestamp>5967.600309</timestamp>
			</report>
			<report>
				<misses>648200000</misses>
				<total>0</total>
				<timestamp>5968.528096</timestamp>
			</report>
			<report>
				<misses>648300000</misses>
				<total>0</total>
				<timestamp>5969.455205</timestamp>
			</report>
			<report>
				<misses>648400000</misses>
				<total>0</total>
				<timestamp>5970.428452</timestamp>
			</report>
			<report>
				<misses>648500000</misses>
				<total>0</total>
				<timestamp>5971.327126</timestamp>
			</report>
			<report>
				<misses>648600000</misses>
				<total>0</total>
				<timestamp>5972.249122</timestamp>
			</report>
			<report>
				<misses>648700000</misses>
				<total>0</total>
				<timestamp>5973.184799</timestamp>
			</report>
			<report>
				<misses>648800000</misses>
				<total>0</total>
				<timestamp>5974.094951</timestamp>
			</report>
			<report>
				<misses>648900000</misses>
				<total>0</total>
				<timestamp>5975.041642</timestamp>
			</report>
			<report>
				<misses>649000000</misses>
				<total>0</total>
				<timestamp>5975.955449</timestamp>
			</report>
			<report>
				<misses>649100000</misses>
				<total>0</total>
				<timestamp>5976.864402</timestamp>
			</report>
			<report>
				<misses>649200000</misses>
				<total>0</total>
				<timestamp>5977.792231</timestamp>
			</report>
			<report>
				<misses>649300000</misses>
				<total>0</total>
				<timestamp>5978.725379</timestamp>
			</report>
			<report>
				<misses>649400000</misses>
				<total>0</total>
				<timestamp>5979.618460</timestamp>
			</report>
			<report>
				<misses>649500000</misses>
				<total>0</total>
				<timestamp>5980.511678</timestamp>
			</report>
			<report>
				<misses>649600000</misses>
				<total>0</total>
				<timestamp>5981.404996</timestamp>
			</report>
			<report>
				<misses>649700000</misses>
				<total>0</total>
				<timestamp>5982.304233</timestamp>
			</report>
			<report>
				<misses>649800000</misses>
				<total>0</total>
				<timestamp>5983.204093</timestamp>
			</report>
			<report>
				<misses>649900000</misses>
				<total>0</total>
				<timestamp>5984.106836</timestamp>
			</report>
			<report>
				<misses>650000000</misses>
				<total>0</total>
				<timestamp>5985.018169</timestamp>
			</report>
			<report>
				<misses>650100000</misses>
				<total>0</total>
				<timestamp>5985.973649</timestamp>
			</report>
			<report>
				<misses>650200000</misses>
				<total>0</total>
				<timestamp>5986.922409</timestamp>
			</report>
			<report>
				<misses>650300000</misses>
				<total>0</total>
				<timestamp>5987.858756</timestamp>
			</report>
			<report>
				<misses>650400000</misses>
				<total>0</total>
				<timestamp>5988.758315</timestamp>
			</report>
			<report>
				<misses>650500000</misses>
				<total>0</total>
				<timestamp>5989.714794</timestamp>
			</report>
			<report>
				<misses>650600000</misses>
				<total>0</total>
				<timestamp>5990.660152</timestamp>
			</report>
			<report>
				<misses>650700000</misses>
				<total>0</total>
				<timestamp>5991.604699</timestamp>
			</report>
			<report>
				<misses>650800000</misses>
				<total>0</total>
				<timestamp>5992.549450</timestamp>
			</report>
			<report>
				<misses>650900000</misses>
				<total>0</total>
				<timestamp>5993.477817</timestamp>
			</report>
			<report>
				<misses>651000000</misses>
				<total>0</total>
				<timestamp>5994.406596</timestamp>
			</report>
			<report>
				<misses>651100000</misses>
				<total>0</total>
				<timestamp>5995.333717</timestamp>
			</report>
			<report>
				<misses>651200000</misses>
				<total>0</total>
				<timestamp>5996.274062</timestamp>
			</report>
			<report>
				<misses>651300000</misses>
				<total>0</total>
				<timestamp>5997.207481</timestamp>
			</report>
			<report>
				<misses>651400000</misses>
				<total>0</total>
				<timestamp>5998.135093</timestamp>
			</report>
			<report>
				<misses>651500000</misses>
				<total>0</total>
				<timestamp>5999.053496</timestamp>
			</report>
			<report>
				<misses>651600000</misses>
				<total>0</total>
				<timestamp>6000.018851</timestamp>
			</report>
			<report>
				<misses>651700000</misses>
				<total>0</total>
				<timestamp>6000.958197</timestamp>
			</report>
			<report>
				<misses>651800000</misses>
				<total>0</total>
				<timestamp>6001.893830</timestamp>
			</report>
			<report>
				<misses>651900000</misses>
				<total>0</total>
				<timestamp>6002.838932</timestamp>
			</report>
			<report>
				<misses>652000000</misses>
				<total>0</total>
				<timestamp>6003.797132</timestamp>
			</report>
			<report>
				<misses>652100000</misses>
				<total>0</total>
				<timestamp>6004.735955</timestamp>
			</report>
			<report>
				<misses>652200000</misses>
				<total>0</total>
				<timestamp>6005.662679</timestamp>
			</report>
			<report>
				<misses>652300000</misses>
				<total>0</total>
				<timestamp>6006.598237</timestamp>
			</report>
			<report>
				<misses>652400000</misses>
				<total>0</total>
				<timestamp>6007.526506</timestamp>
			</report>
			<report>
				<misses>652500000</misses>
				<total>0</total>
				<timestamp>6008.479542</timestamp>
			</report>
			<report>
				<misses>652600000</misses>
				<total>0</total>
				<timestamp>6009.432143</timestamp>
			</report>
			<report>
				<misses>652700000</misses>
				<total>0</total>
				<timestamp>6010.384178</timestamp>
			</report>
			<report>
				<misses>652800000</misses>
				<total>0</total>
				<timestamp>6011.337491</timestamp>
			</report>
			<report>
				<misses>652900000</misses>
				<total>0</total>
				<timestamp>6012.276219</timestamp>
			</report>
			<report>
				<misses>653000000</misses>
				<total>0</total>
				<timestamp>6013.226361</timestamp>
			</report>
			<report>
				<misses>653100000</misses>
				<total>0</total>
				<timestamp>6014.174013</timestamp>
			</report>
			<report>
				<misses>653200000</misses>
				<total>0</total>
				<timestamp>6015.110871</timestamp>
			</report>
			<report>
				<misses>653300000</misses>
				<total>0</total>
				<timestamp>6016.076237</timestamp>
			</report>
			<report>
				<misses>653400000</misses>
				<total>0</total>
				<timestamp>6017.028132</timestamp>
			</report>
			<report>
				<misses>653500000</misses>
				<total>0</total>
				<timestamp>6017.979450</timestamp>
			</report>
			<report>
				<misses>653600000</misses>
				<total>0</total>
				<timestamp>6018.923767</timestamp>
			</report>
			<report>
				<misses>653700000</misses>
				<total>0</total>
				<timestamp>6019.861477</timestamp>
			</report>
			<report>
				<misses>653800000</misses>
				<total>0</total>
				<timestamp>6020.823311</timestamp>
			</report>
			<report>
				<misses>653900000</misses>
				<total>0</total>
				<timestamp>6021.756237</timestamp>
			</report>
			<report>
				<misses>654000000</misses>
				<total>0</total>
				<timestamp>6022.682272</timestamp>
			</report>
			<report>
				<misses>654100000</misses>
				<total>0</total>
				<timestamp>6023.578654</timestamp>
			</report>
			<report>
				<misses>654200000</misses>
				<total>0</total>
				<timestamp>6024.470172</timestamp>
			</report>
			<report>
				<misses>654300000</misses>
				<total>0</total>
				<timestamp>6025.370595</timestamp>
			</report>
			<report>
				<misses>654400000</misses>
				<total>0</total>
				<timestamp>6026.258896</timestamp>
			</report>
			<report>
				<misses>654500000</misses>
				<total>0</total>
				<timestamp>6027.178735</timestamp>
			</report>
			<report>
				<misses>654600000</misses>
				<total>0</total>
				<timestamp>6028.088666</timestamp>
			</report>
			<report>
				<misses>654700000</misses>
				<total>0</total>
				<timestamp>6028.985091</timestamp>
			</report>
			<report>
				<misses>654800000</misses>
				<total>0</total>
				<timestamp>6029.948952</timestamp>
			</report>
			<report>
				<misses>654900000</misses>
				<total>0</total>
				<timestamp>6030.876764</timestamp>
			</report>
			<report>
				<misses>655000000</misses>
				<total>0</total>
				<timestamp>6031.793978</timestamp>
			</report>
			<report>
				<misses>655100000</misses>
				<total>0</total>
				<timestamp>6032.718280</timestamp>
			</report>
			<report>
				<misses>655200000</misses>
				<total>0</total>
				<timestamp>6033.628569</timestamp>
			</report>
			<report>
				<misses>655300000</misses>
				<total>0</total>
				<timestamp>6034.580114</timestamp>
			</report>
			<report>
				<misses>655400000</misses>
				<total>0</total>
				<timestamp>6035.504252</timestamp>
			</report>
			<report>
				<misses>655500000</misses>
				<total>0</total>
				<timestamp>6036.477681</timestamp>
			</report>
			<report>
				<misses>655600000</misses>
				<total>0</total>
				<timestamp>6037.445218</timestamp>
			</report>
			<report>
				<misses>655700000</misses>
				<total>0</total>
				<timestamp>6038.377345</timestamp>
			</report>
			<report>
				<misses>655800000</misses>
				<total>0</total>
				<timestamp>6039.308861</timestamp>
			</report>
			<report>
				<misses>655900000</misses>
				<total>0</total>
				<timestamp>6040.234050</timestamp>
			</report>
			<report>
				<misses>656000000</misses>
				<total>0</total>
				<timestamp>6041.175619</timestamp>
			</report>
			<report>
				<misses>656100000</misses>
				<total>0</total>
				<timestamp>6042.108527</timestamp>
			</report>
			<report>
				<misses>656200000</misses>
				<total>0</total>
				<timestamp>6043.039525</timestamp>
			</report>
			<report>
				<misses>656300000</misses>
				<total>0</total>
				<timestamp>6043.946052</timestamp>
			</report>
			<report>
				<misses>656400000</misses>
				<total>0</total>
				<timestamp>6044.897303</timestamp>
			</report>
			<report>
				<misses>656500000</misses>
				<total>0</total>
				<timestamp>6045.808831</timestamp>
			</report>
			<report>
				<misses>656600000</misses>
				<total>0</total>
				<timestamp>6046.741647</timestamp>
			</report>
			<report>
				<misses>656700000</misses>
				<total>0</total>
				<timestamp>6047.635694</timestamp>
			</report>
			<report>
				<misses>656800000</misses>
				<total>0</total>
				<timestamp>6048.540061</timestamp>
			</report>
			<report>
				<misses>656900000</misses>
				<total>0</total>
				<timestamp>6049.441003</timestamp>
			</report>
			<report>
				<misses>657000000</misses>
				<total>0</total>
				<timestamp>6050.338217</timestamp>
			</report>
			<report>
				<misses>657100000</misses>
				<total>0</total>
				<timestamp>6051.260620</timestamp>
			</report>
			<report>
				<misses>657200000</misses>
				<total>0</total>
				<timestamp>6052.186027</timestamp>
			</report>
			<report>
				<misses>657300000</misses>
				<total>0</total>
				<timestamp>6053.100952</timestamp>
			</report>
			<report>
				<misses>657400000</misses>
				<total>0</total>
				<timestamp>6054.062944</timestamp>
			</report>
			<report>
				<misses>657500000</misses>
				<total>0</total>
				<timestamp>6055.007907</timestamp>
			</report>
			<report>
				<misses>657600000</misses>
				<total>0</total>
				<timestamp>6055.934137</timestamp>
			</report>
			<report>
				<misses>657700000</misses>
				<total>0</total>
				<timestamp>6056.854427</timestamp>
			</report>
			<report>
				<misses>657800000</misses>
				<total>0</total>
				<timestamp>6057.790755</timestamp>
			</report>
			<report>
				<misses>657900000</misses>
				<total>0</total>
				<timestamp>6058.729046</timestamp>
			</report>
			<report>
				<misses>658000000</misses>
				<total>0</total>
				<timestamp>6059.656312</timestamp>
			</report>
			<report>
				<misses>658100000</misses>
				<total>0</total>
				<timestamp>6060.572958</timestamp>
			</report>
			<report>
				<misses>658200000</misses>
				<total>0</total>
				<timestamp>6061.523074</timestamp>
			</report>
			<report>
				<misses>658300000</misses>
				<total>0</total>
				<timestamp>6062.448955</timestamp>
			</report>
			<report>
				<misses>658400000</misses>
				<total>0</total>
				<timestamp>6063.370035</timestamp>
			</report>
			<report>
				<misses>658500000</misses>
				<total>0</total>
				<timestamp>6064.285558</timestamp>
			</report>
			<report>
				<misses>658600000</misses>
				<total>0</total>
				<timestamp>6065.209746</timestamp>
			</report>
			<report>
				<misses>658700000</misses>
				<total>0</total>
				<timestamp>6066.110120</timestamp>
			</report>
			<report>
				<misses>658800000</misses>
				<total>0</total>
				<timestamp>6067.002987</timestamp>
			</report>
			<report>
				<misses>658900000</misses>
				<total>0</total>
				<timestamp>6067.915192</timestamp>
			</report>
			<report>
				<misses>659000000</misses>
				<total>0</total>
				<timestamp>6068.820461</timestamp>
			</report>
			<report>
				<misses>659100000</misses>
				<total>0</total>
				<timestamp>6069.710723</timestamp>
			</report>
			<report>
				<misses>659200000</misses>
				<total>0</total>
				<timestamp>6070.610754</timestamp>
			</report>
			<report>
				<misses>659300000</misses>
				<total>0</total>
				<timestamp>6071.549044</timestamp>
			</report>
			<report>
				<misses>659400000</misses>
				<total>0</total>
				<timestamp>6072.506900</timestamp>
			</report>
			<report>
				<misses>659500000</misses>
				<total>0</total>
				<timestamp>6073.428681</timestamp>
			</report>
			<report>
				<misses>659600000</misses>
				<total>0</total>
				<timestamp>6074.382028</timestamp>
			</report>
			<report>
				<misses>659700000</misses>
				<total>0</total>
				<timestamp>6075.300537</timestamp>
			</report>
			<report>
				<misses>659800000</misses>
				<total>0</total>
				<timestamp>6076.223407</timestamp>
			</report>
			<report>
				<misses>659900000</misses>
				<total>0</total>
				<timestamp>6077.178216</timestamp>
			</report>
			<report>
				<misses>660000000</misses>
				<total>0</total>
				<timestamp>6078.106517</timestamp>
			</report>
			<report>
				<misses>660100000</misses>
				<total>0</total>
				<timestamp>6079.034332</timestamp>
			</report>
			<report>
				<misses>660200000</misses>
				<total>0</total>
				<timestamp>6079.997411</timestamp>
			</report>
			<report>
				<misses>660300000</misses>
				<total>0</total>
				<timestamp>6080.923960</timestamp>
			</report>
			<report>
				<misses>660400000</misses>
				<total>0</total>
				<timestamp>6081.829314</timestamp>
			</report>
			<report>
				<misses>660500000</misses>
				<total>0</total>
				<timestamp>6082.731285</timestamp>
			</report>
			<report>
				<misses>660600000</misses>
				<total>0</total>
				<timestamp>6083.638096</timestamp>
			</report>
			<report>
				<misses>660700000</misses>
				<total>0</total>
				<timestamp>6084.543478</timestamp>
			</report>
			<report>
				<misses>660800000</misses>
				<total>0</total>
				<timestamp>6085.450573</timestamp>
			</report>
			<report>
				<misses>660900000</misses>
				<total>0</total>
				<timestamp>6086.347992</timestamp>
			</report>
			<report>
				<misses>661000000</misses>
				<total>0</total>
				<timestamp>6087.237832</timestamp>
			</report>
			<report>
				<misses>661100000</misses>
				<total>0</total>
				<timestamp>6088.177829</timestamp>
			</report>
			<report>
				<misses>661200000</misses>
				<total>0</total>
				<timestamp>6089.109268</timestamp>
			</report>
			<report>
				<misses>661300000</misses>
				<total>0</total>
				<timestamp>6090.044357</timestamp>
			</report>
			<report>
				<misses>661400000</misses>
				<total>0</total>
				<timestamp>6090.973022</timestamp>
			</report>
			<report>
				<misses>661500000</misses>
				<total>0</total>
				<timestamp>6091.906588</timestamp>
			</report>
			<report>
				<misses>661600000</misses>
				<total>0</total>
				<timestamp>6092.842674</timestamp>
			</report>
			<report>
				<misses>661700000</misses>
				<total>0</total>
				<timestamp>6093.770356</timestamp>
			</report>
			<report>
				<misses>661800000</misses>
				<total>0</total>
				<timestamp>6094.731367</timestamp>
			</report>
			<report>
				<misses>661900000</misses>
				<total>0</total>
				<timestamp>6095.663976</timestamp>
			</report>
			<report>
				<misses>662000000</misses>
				<total>0</total>
				<timestamp>6096.600531</timestamp>
			</report>
			<report>
				<misses>662100000</misses>
				<total>0</total>
				<timestamp>6097.520029</timestamp>
			</report>
			<report>
				<misses>662200000</misses>
				<total>0</total>
				<timestamp>6098.451587</timestamp>
			</report>
			<report>
				<misses>662300000</misses>
				<total>0</total>
				<timestamp>6099.340706</timestamp>
			</report>
			<report>
				<misses>662400000</misses>
				<total>0</total>
				<timestamp>6100.242035</timestamp>
			</report>
			<report>
				<misses>662500000</misses>
				<total>0</total>
				<timestamp>6101.131536</timestamp>
			</report>
			<report>
				<misses>662600000</misses>
				<total>0</total>
				<timestamp>6102.034993</timestamp>
			</report>
			<report>
				<misses>662700000</misses>
				<total>0</total>
				<timestamp>6102.934798</timestamp>
			</report>
			<report>
				<misses>662800000</misses>
				<total>0</total>
				<timestamp>6103.856396</timestamp>
			</report>
			<report>
				<misses>662900000</misses>
				<total>0</total>
				<timestamp>6104.779431</timestamp>
			</report>
			<report>
				<misses>663000000</misses>
				<total>0</total>
				<timestamp>6105.704162</timestamp>
			</report>
			<report>
				<misses>663100000</misses>
				<total>0</total>
				<timestamp>6106.679518</timestamp>
			</report>
			<report>
				<misses>663200000</misses>
				<total>0</total>
				<timestamp>6107.635289</timestamp>
			</report>
			<report>
				<misses>663300000</misses>
				<total>0</total>
				<timestamp>6108.574144</timestamp>
			</report>
			<report>
				<misses>663400000</misses>
				<total>0</total>
				<timestamp>6109.512224</timestamp>
			</report>
			<report>
				<misses>663500000</misses>
				<total>0</total>
				<timestamp>6110.442865</timestamp>
			</report>
			<report>
				<misses>663600000</misses>
				<total>0</total>
				<timestamp>6111.367019</timestamp>
			</report>
			<report>
				<misses>663700000</misses>
				<total>0</total>
				<timestamp>6112.303556</timestamp>
			</report>
			<report>
				<misses>663800000</misses>
				<total>0</total>
				<timestamp>6113.248435</timestamp>
			</report>
			<report>
				<misses>663900000</misses>
				<total>0</total>
				<timestamp>6114.160070</timestamp>
			</report>
			<report>
				<misses>664000000</misses>
				<total>0</total>
				<timestamp>6115.095281</timestamp>
			</report>
			<report>
				<misses>664100000</misses>
				<total>0</total>
				<timestamp>6116.025974</timestamp>
			</report>
			<report>
				<misses>664200000</misses>
				<total>0</total>
				<timestamp>6116.949180</timestamp>
			</report>
			<report>
				<misses>664300000</misses>
				<total>0</total>
				<timestamp>6117.864368</timestamp>
			</report>
			<report>
				<misses>664400000</misses>
				<total>0</total>
				<timestamp>6118.815398</timestamp>
			</report>
			<report>
				<misses>664500000</misses>
				<total>0</total>
				<timestamp>6119.734397</timestamp>
			</report>
			<report>
				<misses>664600000</misses>
				<total>0</total>
				<timestamp>6120.642878</timestamp>
			</report>
			<report>
				<misses>664700000</misses>
				<total>0</total>
				<timestamp>6121.554434</timestamp>
			</report>
			<report>
				<misses>664800000</misses>
				<total>0</total>
				<timestamp>6122.450311</timestamp>
			</report>
			<report>
				<misses>664900000</misses>
				<total>0</total>
				<timestamp>6123.359128</timestamp>
			</report>
			<report>
				<misses>665000000</misses>
				<total>0</total>
				<timestamp>6124.254161</timestamp>
			</report>
			<report>
				<misses>665100000</misses>
				<total>0</total>
				<timestamp>6125.172849</timestamp>
			</report>
			<report>
				<misses>665200000</misses>
				<total>0</total>
				<timestamp>6126.071543</timestamp>
			</report>
			<report>
				<misses>665300000</misses>
				<total>0</total>
				<timestamp>6127.005176</timestamp>
			</report>
			<report>
				<misses>665400000</misses>
				<total>0</total>
				<timestamp>6127.933452</timestamp>
			</report>
			<report>
				<misses>665500000</misses>
				<total>0</total>
				<timestamp>6128.861940</timestamp>
			</report>
			<report>
				<misses>665600000</misses>
				<total>0</total>
				<timestamp>6129.779826</timestamp>
			</report>
			<report>
				<misses>665700000</misses>
				<total>0</total>
				<timestamp>6130.706860</timestamp>
			</report>
			<report>
				<misses>665800000</misses>
				<total>0</total>
				<timestamp>6131.613977</timestamp>
			</report>
			<report>
				<misses>665900000</misses>
				<total>0</total>
				<timestamp>6132.534158</timestamp>
			</report>
			<report>
				<misses>666000000</misses>
				<total>0</total>
				<timestamp>6133.444994</timestamp>
			</report>
			<report>
				<misses>666100000</misses>
				<total>0</total>
				<timestamp>6134.355497</timestamp>
			</report>
			<report>
				<misses>666200000</misses>
				<total>0</total>
				<timestamp>6135.310846</timestamp>
			</report>
			<report>
				<misses>666300000</misses>
				<total>0</total>
				<timestamp>6136.215314</timestamp>
			</report>
			<report>
				<misses>666400000</misses>
				<total>0</total>
				<timestamp>6137.129952</timestamp>
			</report>
			<report>
				<misses>666500000</misses>
				<total>0</total>
				<timestamp>6138.042728</timestamp>
			</report>
			<report>
				<misses>666600000</misses>
				<total>0</total>
				<timestamp>6138.961877</timestamp>
			</report>
			<report>
				<misses>666700000</misses>
				<total>0</total>
				<timestamp>6139.868724</timestamp>
			</report>
			<report>
				<misses>666800000</misses>
				<total>0</total>
				<timestamp>6140.778344</timestamp>
			</report>
			<report>
				<misses>666900000</misses>
				<total>0</total>
				<timestamp>6141.668593</timestamp>
			</report>
			<report>
				<misses>667000000</misses>
				<total>0</total>
				<timestamp>6142.598771</timestamp>
			</report>
			<report>
				<misses>667100000</misses>
				<total>0</total>
				<timestamp>6143.508484</timestamp>
			</report>
			<report>
				<misses>667200000</misses>
				<total>0</total>
				<timestamp>6144.428203</timestamp>
			</report>
			<report>
				<misses>667300000</misses>
				<total>0</total>
				<timestamp>6145.350641</timestamp>
			</report>
			<report>
				<misses>667400000</misses>
				<total>0</total>
				<timestamp>6146.278240</timestamp>
			</report>
			<report>
				<misses>667500000</misses>
				<total>0</total>
				<timestamp>6147.197193</timestamp>
			</report>
			<report>
				<misses>667600000</misses>
				<total>0</total>
				<timestamp>6148.123055</timestamp>
			</report>
			<report>
				<misses>667700000</misses>
				<total>0</total>
				<timestamp>6149.053392</timestamp>
			</report>
			<report>
				<misses>667800000</misses>
				<total>0</total>
				<timestamp>6149.968363</timestamp>
			</report>
			<report>
				<misses>667900000</misses>
				<total>0</total>
				<timestamp>6150.899491</timestamp>
			</report>
			<report>
				<misses>668000000</misses>
				<total>0</total>
				<timestamp>6151.815987</timestamp>
			</report>
			<report>
				<misses>668100000</misses>
				<total>0</total>
				<timestamp>6152.719907</timestamp>
			</report>
			<report>
				<misses>668200000</misses>
				<total>0</total>
				<timestamp>6153.628621</timestamp>
			</report>
			<report>
				<misses>668300000</misses>
				<total>0</total>
				<timestamp>6154.555865</timestamp>
			</report>
			<report>
				<misses>668400000</misses>
				<total>0</total>
				<timestamp>6155.473673</timestamp>
			</report>
			<report>
				<misses>668500000</misses>
				<total>0</total>
				<timestamp>6156.408846</timestamp>
			</report>
			<report>
				<misses>668600000</misses>
				<total>0</total>
				<timestamp>6157.364653</timestamp>
			</report>
			<report>
				<misses>668700000</misses>
				<total>0</total>
				<timestamp>6158.287682</timestamp>
			</report>
			<report>
				<misses>668800000</misses>
				<total>0</total>
				<timestamp>6159.235618</timestamp>
			</report>
			<report>
				<misses>668900000</misses>
				<total>0</total>
				<timestamp>6160.186213</timestamp>
			</report>
			<report>
				<misses>669000000</misses>
				<total>0</total>
				<timestamp>6161.099812</timestamp>
			</report>
			<report>
				<misses>669100000</misses>
				<total>0</total>
				<timestamp>6162.034278</timestamp>
			</report>
			<report>
				<misses>669200000</misses>
				<total>0</total>
				<timestamp>6162.951159</timestamp>
			</report>
			<report>
				<misses>669300000</misses>
				<total>0</total>
				<timestamp>6163.903443</timestamp>
			</report>
			<report>
				<misses>669400000</misses>
				<total>0</total>
				<timestamp>6164.821093</timestamp>
			</report>
			<report>
				<misses>669500000</misses>
				<total>0</total>
				<timestamp>6165.756990</timestamp>
			</report>
			<report>
				<misses>669600000</misses>
				<total>0</total>
				<timestamp>6166.688550</timestamp>
			</report>
			<report>
				<misses>669700000</misses>
				<total>0</total>
				<timestamp>6167.597477</timestamp>
			</report>
			<report>
				<misses>669800000</misses>
				<total>0</total>
				<timestamp>6168.498315</timestamp>
			</report>
			<report>
				<misses>669900000</misses>
				<total>0</total>
				<timestamp>6169.392770</timestamp>
			</report>
			<report>
				<misses>670000000</misses>
				<total>0</total>
				<timestamp>6170.307713</timestamp>
			</report>
			<report>
				<misses>670100000</misses>
				<total>0</total>
				<timestamp>6171.197741</timestamp>
			</report>
			<report>
				<misses>670200000</misses>
				<total>0</total>
				<timestamp>6172.114197</timestamp>
			</report>
			<report>
				<misses>670300000</misses>
				<total>0</total>
				<timestamp>6173.009616</timestamp>
			</report>
			<report>
				<misses>670400000</misses>
				<total>0</total>
				<timestamp>6173.918658</timestamp>
			</report>
			<report>
				<misses>670500000</misses>
				<total>0</total>
				<timestamp>6174.859194</timestamp>
			</report>
			<report>
				<misses>670600000</misses>
				<total>0</total>
				<timestamp>6175.784734</timestamp>
			</report>
			<report>
				<misses>670700000</misses>
				<total>0</total>
				<timestamp>6176.713202</timestamp>
			</report>
			<report>
				<misses>670800000</misses>
				<total>0</total>
				<timestamp>6177.648424</timestamp>
			</report>
			<report>
				<misses>670900000</misses>
				<total>0</total>
				<timestamp>6178.575947</timestamp>
			</report>
			<report>
				<misses>671000000</misses>
				<total>0</total>
				<timestamp>6179.500085</timestamp>
			</report>
			<report>
				<misses>671100000</misses>
				<total>0</total>
				<timestamp>6180.415270</timestamp>
			</report>
			<report>
				<misses>671200000</misses>
				<total>0</total>
				<timestamp>6181.334918</timestamp>
			</report>
			<report>
				<misses>671300000</misses>
				<total>0</total>
				<timestamp>6182.290504</timestamp>
			</report>
			<report>
				<misses>671400000</misses>
				<total>0</total>
				<timestamp>6183.243672</timestamp>
			</report>
			<report>
				<misses>671500000</misses>
				<total>0</total>
				<timestamp>6184.196725</timestamp>
			</report>
			<report>
				<misses>671600000</misses>
				<total>0</total>
				<timestamp>6185.144580</timestamp>
			</report>
			<report>
				<misses>671700000</misses>
				<total>0</total>
				<timestamp>6186.079863</timestamp>
			</report>
			<report>
				<misses>671800000</misses>
				<total>0</total>
				<timestamp>6187.045530</timestamp>
			</report>
			<report>
				<misses>671900000</misses>
				<total>0</total>
				<timestamp>6187.965892</timestamp>
			</report>
			<report>
				<misses>672000000</misses>
				<total>0</total>
				<timestamp>6188.903469</timestamp>
			</report>
			<report>
				<misses>672100000</misses>
				<total>0</total>
				<timestamp>6189.835039</timestamp>
			</report>
			<report>
				<misses>672200000</misses>
				<total>0</total>
				<timestamp>6190.765457</timestamp>
			</report>
			<report>
				<misses>672300000</misses>
				<total>0</total>
				<timestamp>6191.700659</timestamp>
			</report>
			<report>
				<misses>672400000</misses>
				<total>0</total>
				<timestamp>6192.617667</timestamp>
			</report>
			<report>
				<misses>672500000</misses>
				<total>0</total>
				<timestamp>6193.533647</timestamp>
			</report>
			<report>
				<misses>672600000</misses>
				<total>0</total>
				<timestamp>6194.438470</timestamp>
			</report>
			<report>
				<misses>672700000</misses>
				<total>0</total>
				<timestamp>6195.342372</timestamp>
			</report>
			<report>
				<misses>672800000</misses>
				<total>0</total>
				<timestamp>6196.246163</timestamp>
			</report>
			<report>
				<misses>672900000</misses>
				<total>0</total>
				<timestamp>6197.142551</timestamp>
			</report>
			<report>
				<misses>673000000</misses>
				<total>0</total>
				<timestamp>6198.037130</timestamp>
			</report>
			<report>
				<misses>673100000</misses>
				<total>0</total>
				<timestamp>6198.954931</timestamp>
			</report>
			<report>
				<misses>673200000</misses>
				<total>0</total>
				<timestamp>6199.883533</timestamp>
			</report>
			<report>
				<misses>673300000</misses>
				<total>0</total>
				<timestamp>6200.831820</timestamp>
			</report>
			<report>
				<misses>673400000</misses>
				<total>0</total>
				<timestamp>6201.749526</timestamp>
			</report>
			<report>
				<misses>673500000</misses>
				<total>0</total>
				<timestamp>6202.664403</timestamp>
			</report>
			<report>
				<misses>673600000</misses>
				<total>0</total>
				<timestamp>6203.587316</timestamp>
			</report>
			<report>
				<misses>673700000</misses>
				<total>0</total>
				<timestamp>6204.545635</timestamp>
			</report>
			<report>
				<misses>673800000</misses>
				<total>0</total>
				<timestamp>6205.464442</timestamp>
			</report>
			<report>
				<misses>673900000</misses>
				<total>0</total>
				<timestamp>6206.414904</timestamp>
			</report>
			<report>
				<misses>674000000</misses>
				<total>0</total>
				<timestamp>6207.374006</timestamp>
			</report>
			<report>
				<misses>674100000</misses>
				<total>0</total>
				<timestamp>6208.308519</timestamp>
			</report>
			<report>
				<misses>674200000</misses>
				<total>0</total>
				<timestamp>6209.276876</timestamp>
			</report>
			<report>
				<misses>674300000</misses>
				<total>0</total>
				<timestamp>6210.208768</timestamp>
			</report>
			<report>
				<misses>674400000</misses>
				<total>0</total>
				<timestamp>6211.161186</timestamp>
			</report>
			<report>
				<misses>674500000</misses>
				<total>0</total>
				<timestamp>6212.100747</timestamp>
			</report>
			<report>
				<misses>674600000</misses>
				<total>0</total>
				<timestamp>6213.053007</timestamp>
			</report>
			<report>
				<misses>674700000</misses>
				<total>0</total>
				<timestamp>6214.005173</timestamp>
			</report>
			<report>
				<misses>674800000</misses>
				<total>0</total>
				<timestamp>6214.941964</timestamp>
			</report>
			<report>
				<misses>674900000</misses>
				<total>0</total>
				<timestamp>6215.893560</timestamp>
			</report>
			<report>
				<misses>675000000</misses>
				<total>0</total>
				<timestamp>6216.815897</timestamp>
			</report>
			<report>
				<misses>675100000</misses>
				<total>0</total>
				<timestamp>6217.784660</timestamp>
			</report>
			<report>
				<misses>675200000</misses>
				<total>0</total>
				<timestamp>6218.719886</timestamp>
			</report>
			<report>
				<misses>675300000</misses>
				<total>0</total>
				<timestamp>6219.679275</timestamp>
			</report>
			<report>
				<misses>675400000</misses>
				<total>0</total>
				<timestamp>6220.615657</timestamp>
			</report>
			<report>
				<misses>675500000</misses>
				<total>0</total>
				<timestamp>6221.560537</timestamp>
			</report>
			<report>
				<misses>675600000</misses>
				<total>0</total>
				<timestamp>6222.494544</timestamp>
			</report>
			<report>
				<misses>675700000</misses>
				<total>0</total>
				<timestamp>6223.429162</timestamp>
			</report>
			<report>
				<misses>675800000</misses>
				<total>0</total>
				<timestamp>6224.345047</timestamp>
			</report>
			<report>
				<misses>675900000</misses>
				<total>0</total>
				<timestamp>6225.236204</timestamp>
			</report>
			<report>
				<misses>676000000</misses>
				<total>0</total>
				<timestamp>6226.136066</timestamp>
			</report>
			<report>
				<misses>676100000</misses>
				<total>0</total>
				<timestamp>6227.041622</timestamp>
			</report>
			<report>
				<misses>676200000</misses>
				<total>0</total>
				<timestamp>6227.937120</timestamp>
			</report>
			<report>
				<misses>676300000</misses>
				<total>0</total>
				<timestamp>6228.847747</timestamp>
			</report>
			<report>
				<misses>676400000</misses>
				<total>0</total>
				<timestamp>6229.750659</timestamp>
			</report>
			<report>
				<misses>676500000</misses>
				<total>0</total>
				<timestamp>6230.658030</timestamp>
			</report>
			<report>
				<misses>676600000</misses>
				<total>0</total>
				<timestamp>6231.586541</timestamp>
			</report>
			<report>
				<misses>676700000</misses>
				<total>0</total>
				<timestamp>6232.503428</timestamp>
			</report>
			<report>
				<misses>676800000</misses>
				<total>0</total>
				<timestamp>6233.447274</timestamp>
			</report>
			<report>
				<misses>676900000</misses>
				<total>0</total>
				<timestamp>6234.345578</timestamp>
			</report>
			<report>
				<misses>677000000</misses>
				<total>0</total>
				<timestamp>6235.289272</timestamp>
			</report>
			<report>
				<misses>677100000</misses>
				<total>0</total>
				<timestamp>6236.216963</timestamp>
			</report>
			<report>
				<misses>677200000</misses>
				<total>0</total>
				<timestamp>6237.171227</timestamp>
			</report>
			<report>
				<misses>677300000</misses>
				<total>0</total>
				<timestamp>6238.082627</timestamp>
			</report>
			<report>
				<misses>677400000</misses>
				<total>0</total>
				<timestamp>6239.001432</timestamp>
			</report>
			<report>
				<misses>677500000</misses>
				<total>0</total>
				<timestamp>6239.954858</timestamp>
			</report>
			<report>
				<misses>677600000</misses>
				<total>0</total>
				<timestamp>6240.884283</timestamp>
			</report>
			<report>
				<misses>677700000</misses>
				<total>0</total>
				<timestamp>6241.811982</timestamp>
			</report>
			<report>
				<misses>677800000</misses>
				<total>0</total>
				<timestamp>6242.740685</timestamp>
			</report>
			<report>
				<misses>677900000</misses>
				<total>0</total>
				<timestamp>6243.653959</timestamp>
			</report>
			<report>
				<misses>678000000</misses>
				<total>0</total>
				<timestamp>6244.562952</timestamp>
			</report>
			<report>
				<misses>678100000</misses>
				<total>0</total>
				<timestamp>6245.509045</timestamp>
			</report>
			<report>
				<misses>678200000</misses>
				<total>0</total>
				<timestamp>6246.461671</timestamp>
			</report>
			<report>
				<misses>678300000</misses>
				<total>0</total>
				<timestamp>6247.395628</timestamp>
			</report>
			<report>
				<misses>678400000</misses>
				<total>0</total>
				<timestamp>6248.362243</timestamp>
			</report>
			<report>
				<misses>678500000</misses>
				<total>0</total>
				<timestamp>6249.299262</timestamp>
			</report>
			<report>
				<misses>678600000</misses>
				<total>0</total>
				<timestamp>6250.259775</timestamp>
			</report>
			<report>
				<misses>678700000</misses>
				<total>0</total>
				<timestamp>6251.189973</timestamp>
			</report>
			<report>
				<misses>678800000</misses>
				<total>0</total>
				<timestamp>6252.124941</timestamp>
			</report>
			<report>
				<misses>678900000</misses>
				<total>0</total>
				<timestamp>6253.050244</timestamp>
			</report>
			<report>
				<misses>679000000</misses>
				<total>0</total>
				<timestamp>6253.943066</timestamp>
			</report>
			<report>
				<misses>679100000</misses>
				<total>0</total>
				<timestamp>6254.843358</timestamp>
			</report>
			<report>
				<misses>679200000</misses>
				<total>0</total>
				<timestamp>6255.742706</timestamp>
			</report>
			<report>
				<misses>679300000</misses>
				<total>0</total>
				<timestamp>6256.648555</timestamp>
			</report>
			<report>
				<misses>679400000</misses>
				<total>0</total>
				<timestamp>6257.543467</timestamp>
			</report>
			<report>
				<misses>679500000</misses>
				<total>0</total>
				<timestamp>6258.464802</timestamp>
			</report>
			<report>
				<misses>679600000</misses>
				<total>0</total>
				<timestamp>6259.348502</timestamp>
			</report>
			<report>
				<misses>679700000</misses>
				<total>0</total>
				<timestamp>6260.291910</timestamp>
			</report>
			<report>
				<misses>679800000</misses>
				<total>0</total>
				<timestamp>6261.214488</timestamp>
			</report>
			<report>
				<misses>679900000</misses>
				<total>0</total>
				<timestamp>6262.130431</timestamp>
			</report>
			<report>
				<misses>680000000</misses>
				<total>0</total>
				<timestamp>6263.046474</timestamp>
			</report>
			<report>
				<misses>680100000</misses>
				<total>0</total>
				<timestamp>6263.988424</timestamp>
			</report>
			<report>
				<misses>680200000</misses>
				<total>0</total>
				<timestamp>6264.902563</timestamp>
			</report>
			<report>
				<misses>680300000</misses>
				<total>0</total>
				<timestamp>6265.813297</timestamp>
			</report>
			<report>
				<misses>680400000</misses>
				<total>0</total>
				<timestamp>6266.739189</timestamp>
			</report>
			<report>
				<misses>680500000</misses>
				<total>0</total>
				<timestamp>6267.665812</timestamp>
			</report>
			<report>
				<misses>680600000</misses>
				<total>0</total>
				<timestamp>6268.583470</timestamp>
			</report>
			<report>
				<misses>680700000</misses>
				<total>0</total>
				<timestamp>6269.502419</timestamp>
			</report>
			<report>
				<misses>680800000</misses>
				<total>0</total>
				<timestamp>6270.397337</timestamp>
			</report>
			<report>
				<misses>680900000</misses>
				<total>0</total>
				<timestamp>6271.291130</timestamp>
			</report>
			<report>
				<misses>681000000</misses>
				<total>0</total>
				<timestamp>6272.184575</timestamp>
			</report>
			<report>
				<misses>681100000</misses>
				<total>0</total>
				<timestamp>6273.078107</timestamp>
			</report>
			<report>
				<misses>681200000</misses>
				<total>0</total>
				<timestamp>6273.982021</timestamp>
			</report>
			<report>
				<misses>681300000</misses>
				<total>0</total>
				<timestamp>6274.889891</timestamp>
			</report>
			<report>
				<misses>681400000</misses>
				<total>0</total>
				<timestamp>6275.785237</timestamp>
			</report>
			<report>
				<misses>681500000</misses>
				<total>0</total>
				<timestamp>6276.689397</timestamp>
			</report>
			<report>
				<misses>681600000</misses>
				<total>0</total>
				<timestamp>6277.652398</timestamp>
			</report>
			<report>
				<misses>681700000</misses>
				<total>0</total>
				<timestamp>6278.562098</timestamp>
			</report>
			<report>
				<misses>681800000</misses>
				<total>0</total>
				<timestamp>6279.500302</timestamp>
			</report>
			<report>
				<misses>681900000</misses>
				<total>0</total>
				<timestamp>6280.428624</timestamp>
			</report>
			<report>
				<misses>682000000</misses>
				<total>0</total>
				<timestamp>6281.361450</timestamp>
			</report>
			<report>
				<misses>682100000</misses>
				<total>0</total>
				<timestamp>6282.283054</timestamp>
			</report>
			<report>
				<misses>682200000</misses>
				<total>0</total>
				<timestamp>6283.202668</timestamp>
			</report>
			<report>
				<misses>682300000</misses>
				<total>0</total>
				<timestamp>6284.136031</timestamp>
			</report>
			<report>
				<misses>682400000</misses>
				<total>0</total>
				<timestamp>6285.049639</timestamp>
			</report>
			<report>
				<misses>682500000</misses>
				<total>0</total>
				<timestamp>6285.983478</timestamp>
			</report>
			<report>
				<misses>682600000</misses>
				<total>0</total>
				<timestamp>6286.918045</timestamp>
			</report>
			<report>
				<misses>682700000</misses>
				<total>0</total>
				<timestamp>6287.867492</timestamp>
			</report>
			<report>
				<misses>682800000</misses>
				<total>0</total>
				<timestamp>6288.803605</timestamp>
			</report>
			<report>
				<misses>682900000</misses>
				<total>0</total>
				<timestamp>6289.771711</timestamp>
			</report>
			<report>
				<misses>683000000</misses>
				<total>0</total>
				<timestamp>6290.705088</timestamp>
			</report>
			<report>
				<misses>683100000</misses>
				<total>0</total>
				<timestamp>6291.680002</timestamp>
			</report>
			<report>
				<misses>683200000</misses>
				<total>0</total>
				<timestamp>6292.622043</timestamp>
			</report>
			<report>
				<misses>683300000</misses>
				<total>0</total>
				<timestamp>6293.564748</timestamp>
			</report>
			<report>
				<misses>683400000</misses>
				<total>0</total>
				<timestamp>6294.521835</timestamp>
			</report>
			<report>
				<misses>683500000</misses>
				<total>0</total>
				<timestamp>6295.464896</timestamp>
			</report>
			<report>
				<misses>683600000</misses>
				<total>0</total>
				<timestamp>6296.420919</timestamp>
			</report>
			<report>
				<misses>683700000</misses>
				<total>0</total>
				<timestamp>6297.342263</timestamp>
			</report>
			<report>
				<misses>683800000</misses>
				<total>0</total>
				<timestamp>6298.272676</timestamp>
			</report>
			<report>
				<misses>683900000</misses>
				<total>0</total>
				<timestamp>6299.209375</timestamp>
			</report>
			<report>
				<misses>684000000</misses>
				<total>0</total>
				<timestamp>6300.157710</timestamp>
			</report>
			<report>
				<misses>684100000</misses>
				<total>0</total>
				<timestamp>6301.064896</timestamp>
			</report>
			<report>
				<misses>684200000</misses>
				<total>0</total>
				<timestamp>6301.970245</timestamp>
			</report>
			<report>
				<misses>684300000</misses>
				<total>0</total>
				<timestamp>6302.888093</timestamp>
			</report>
			<report>
				<misses>684400000</misses>
				<total>0</total>
				<timestamp>6303.778023</timestamp>
			</report>
			<report>
				<misses>684500000</misses>
				<total>0</total>
				<timestamp>6304.696518</timestamp>
			</report>
			<report>
				<misses>684600000</misses>
				<total>0</total>
				<timestamp>6305.603746</timestamp>
			</report>
			<report>
				<misses>684700000</misses>
				<total>0</total>
				<timestamp>6306.518241</timestamp>
			</report>
			<report>
				<misses>684800000</misses>
				<total>0</total>
				<timestamp>6307.449951</timestamp>
			</report>
			<report>
				<misses>684900000</misses>
				<total>0</total>
				<timestamp>6308.383790</timestamp>
			</report>
			<report>
				<misses>685000000</misses>
				<total>0</total>
				<timestamp>6309.313429</timestamp>
			</report>
			<report>
				<misses>685100000</misses>
				<total>0</total>
				<timestamp>6310.236117</timestamp>
			</report>
			<report>
				<misses>685200000</misses>
				<total>0</total>
				<timestamp>6311.184559</timestamp>
			</report>
			<report>
				<misses>685300000</misses>
				<total>0</total>
				<timestamp>6312.139872</timestamp>
			</report>
			<report>
				<misses>685400000</misses>
				<total>0</total>
				<timestamp>6313.058435</timestamp>
			</report>
			<report>
				<misses>685500000</misses>
				<total>0</total>
				<timestamp>6313.987625</timestamp>
			</report>
			<report>
				<misses>685600000</misses>
				<total>0</total>
				<timestamp>6314.927803</timestamp>
			</report>
			<report>
				<misses>685700000</misses>
				<total>0</total>
				<timestamp>6315.833079</timestamp>
			</report>
			<report>
				<misses>685800000</misses>
				<total>0</total>
				<timestamp>6316.738806</timestamp>
			</report>
			<report>
				<misses>685900000</misses>
				<total>0</total>
				<timestamp>6317.673013</timestamp>
			</report>
			<report>
				<misses>686000000</misses>
				<total>0</total>
				<timestamp>6318.573411</timestamp>
			</report>
			<report>
				<misses>686100000</misses>
				<total>0</total>
				<timestamp>6319.478690</timestamp>
			</report>
			<report>
				<misses>686200000</misses>
				<total>0</total>
				<timestamp>6320.366981</timestamp>
			</report>
			<report>
				<misses>686300000</misses>
				<total>0</total>
				<timestamp>6321.262824</timestamp>
			</report>
			<report>
				<misses>686400000</misses>
				<total>0</total>
				<timestamp>6322.184475</timestamp>
			</report>
			<report>
				<misses>686500000</misses>
				<total>0</total>
				<timestamp>6323.089059</timestamp>
			</report>
			<report>
				<misses>686600000</misses>
				<total>0</total>
				<timestamp>6323.985292</timestamp>
			</report>
			<report>
				<misses>686700000</misses>
				<total>0</total>
				<timestamp>6324.897212</timestamp>
			</report>
			<report>
				<misses>686800000</misses>
				<total>0</total>
				<timestamp>6325.818177</timestamp>
			</report>
			<report>
				<misses>686900000</misses>
				<total>0</total>
				<timestamp>6326.753056</timestamp>
			</report>
			<report>
				<misses>687000000</misses>
				<total>0</total>
				<timestamp>6327.692587</timestamp>
			</report>
			<report>
				<misses>687100000</misses>
				<total>0</total>
				<timestamp>6328.628848</timestamp>
			</report>
			<report>
				<misses>687200000</misses>
				<total>0</total>
				<timestamp>6329.563835</timestamp>
			</report>
			<report>
				<misses>687300000</misses>
				<total>0</total>
				<timestamp>6330.495314</timestamp>
			</report>
			<report>
				<misses>687400000</misses>
				<total>0</total>
				<timestamp>6331.429224</timestamp>
			</report>
			<report>
				<misses>687500000</misses>
				<total>0</total>
				<timestamp>6332.363985</timestamp>
			</report>
			<report>
				<misses>687600000</misses>
				<total>0</total>
				<timestamp>6333.296851</timestamp>
			</report>
			<report>
				<misses>687700000</misses>
				<total>0</total>
				<timestamp>6334.222526</timestamp>
			</report>
			<report>
				<misses>687800000</misses>
				<total>0</total>
				<timestamp>6335.123251</timestamp>
			</report>
			<report>
				<misses>687900000</misses>
				<total>0</total>
				<timestamp>6336.023048</timestamp>
			</report>
			<report>
				<misses>688000000</misses>
				<total>0</total>
				<timestamp>6336.929703</timestamp>
			</report>
			<report>
				<misses>688100000</misses>
				<total>0</total>
				<timestamp>6337.831101</timestamp>
			</report>
			<report>
				<misses>688200000</misses>
				<total>0</total>
				<timestamp>6338.716343</timestamp>
			</report>
			<report>
				<misses>688300000</misses>
				<total>0</total>
				<timestamp>6339.629675</timestamp>
			</report>
			<report>
				<misses>688400000</misses>
				<total>0</total>
				<timestamp>6340.521649</timestamp>
			</report>
			<report>
				<misses>688500000</misses>
				<total>0</total>
				<timestamp>6341.451499</timestamp>
			</report>
			<report>
				<misses>688600000</misses>
				<total>0</total>
				<timestamp>6342.365474</timestamp>
			</report>
			<report>
				<misses>688700000</misses>
				<total>0</total>
				<timestamp>6343.321266</timestamp>
			</report>
			<report>
				<misses>688800000</misses>
				<total>0</total>
				<timestamp>6344.232605</timestamp>
			</report>
			<report>
				<misses>688900000</misses>
				<total>0</total>
				<timestamp>6345.179402</timestamp>
			</report>
			<report>
				<misses>689000000</misses>
				<total>0</total>
				<timestamp>6346.098864</timestamp>
			</report>
			<report>
				<misses>689100000</misses>
				<total>0</total>
				<timestamp>6347.030780</timestamp>
			</report>
			<report>
				<misses>689200000</misses>
				<total>0</total>
				<timestamp>6347.954026</timestamp>
			</report>
			<report>
				<misses>689300000</misses>
				<total>0</total>
				<timestamp>6348.866601</timestamp>
			</report>
			<report>
				<misses>689400000</misses>
				<total>0</total>
				<timestamp>6349.816609</timestamp>
			</report>
			<report>
				<misses>689500000</misses>
				<total>0</total>
				<timestamp>6350.711201</timestamp>
			</report>
			<report>
				<misses>689600000</misses>
				<total>0</total>
				<timestamp>6351.651523</timestamp>
			</report>
			<report>
				<misses>689700000</misses>
				<total>0</total>
				<timestamp>6352.560676</timestamp>
			</report>
			<report>
				<misses>689800000</misses>
				<total>0</total>
				<timestamp>6353.470847</timestamp>
			</report>
			<report>
				<misses>689900000</misses>
				<total>0</total>
				<timestamp>6354.382355</timestamp>
			</report>
			<report>
				<misses>690000000</misses>
				<total>0</total>
				<timestamp>6355.288648</timestamp>
			</report>
			<report>
				<misses>690100000</misses>
				<total>0</total>
				<timestamp>6356.191667</timestamp>
			</report>
			<report>
				<misses>690200000</misses>
				<total>0</total>
				<timestamp>6357.092509</timestamp>
			</report>
			<report>
				<misses>690300000</misses>
				<total>0</total>
				<timestamp>6358.000093</timestamp>
			</report>
			<report>
				<misses>690400000</misses>
				<total>0</total>
				<timestamp>6358.899059</timestamp>
			</report>
			<report>
				<misses>690500000</misses>
				<total>0</total>
				<timestamp>6359.854913</timestamp>
			</report>
			<report>
				<misses>690600000</misses>
				<total>0</total>
				<timestamp>6360.759046</timestamp>
			</report>
			<report>
				<misses>690700000</misses>
				<total>0</total>
				<timestamp>6361.670706</timestamp>
			</report>
			<report>
				<misses>690800000</misses>
				<total>0</total>
				<timestamp>6362.581333</timestamp>
			</report>
			<report>
				<misses>690900000</misses>
				<total>0</total>
				<timestamp>6363.514577</timestamp>
			</report>
			<report>
				<misses>691000000</misses>
				<total>0</total>
				<timestamp>6364.425841</timestamp>
			</report>
			<report>
				<misses>691100000</misses>
				<total>0</total>
				<timestamp>6365.362706</timestamp>
			</report>
			<report>
				<misses>691200000</misses>
				<total>0</total>
				<timestamp>6366.269346</timestamp>
			</report>
			<report>
				<misses>691300000</misses>
				<total>0</total>
				<timestamp>6367.204332</timestamp>
			</report>
			<report>
				<misses>691400000</misses>
				<total>0</total>
				<timestamp>6368.114053</timestamp>
			</report>
			<report>
				<misses>691500000</misses>
				<total>0</total>
				<timestamp>6369.026608</timestamp>
			</report>
			<report>
				<misses>691600000</misses>
				<total>0</total>
				<timestamp>6369.926180</timestamp>
			</report>
			<report>
				<misses>691700000</misses>
				<total>0</total>
				<timestamp>6370.831892</timestamp>
			</report>
			<report>
				<misses>691800000</misses>
				<total>0</total>
				<timestamp>6371.734798</timestamp>
			</report>
			<report>
				<misses>691900000</misses>
				<total>0</total>
				<timestamp>6372.625828</timestamp>
			</report>
			<report>
				<misses>692000000</misses>
				<total>0</total>
				<timestamp>6373.533859</timestamp>
			</report>
			<report>
				<misses>692100000</misses>
				<total>0</total>
				<timestamp>6374.432973</timestamp>
			</report>
			<report>
				<misses>692200000</misses>
				<total>0</total>
				<timestamp>6375.352363</timestamp>
			</report>
			<report>
				<misses>692300000</misses>
				<total>0</total>
				<timestamp>6376.254840</timestamp>
			</report>
			<report>
				<misses>692400000</misses>
				<total>0</total>
				<timestamp>6377.222024</timestamp>
			</report>
			<report>
				<misses>692500000</misses>
				<total>0</total>
				<timestamp>6378.145750</timestamp>
			</report>
			<report>
				<misses>692600000</misses>
				<total>0</total>
				<timestamp>6379.053862</timestamp>
			</report>
			<report>
				<misses>692700000</misses>
				<total>0</total>
				<timestamp>6379.984366</timestamp>
			</report>
			<report>
				<misses>692800000</misses>
				<total>0</total>
				<timestamp>6380.898395</timestamp>
			</report>
			<report>
				<misses>692900000</misses>
				<total>0</total>
				<timestamp>6381.844780</timestamp>
			</report>
			<report>
				<misses>693000000</misses>
				<total>0</total>
				<timestamp>6382.796107</timestamp>
			</report>
			<report>
				<misses>693100000</misses>
				<total>0</total>
				<timestamp>6383.740653</timestamp>
			</report>
			<report>
				<misses>693200000</misses>
				<total>0</total>
				<timestamp>6384.675060</timestamp>
			</report>
			<report>
				<misses>693300000</misses>
				<total>0</total>
				<timestamp>6385.638528</timestamp>
			</report>
			<report>
				<misses>693400000</misses>
				<total>0</total>
				<timestamp>6386.570216</timestamp>
			</report>
			<report>
				<misses>693500000</misses>
				<total>0</total>
				<timestamp>6387.526468</timestamp>
			</report>
			<report>
				<misses>693600000</misses>
				<total>0</total>
				<timestamp>6388.483537</timestamp>
			</report>
			<report>
				<misses>693700000</misses>
				<total>0</total>
				<timestamp>6389.420497</timestamp>
			</report>
			<report>
				<misses>693800000</misses>
				<total>0</total>
				<timestamp>6390.374035</timestamp>
			</report>
			<report>
				<misses>693900000</misses>
				<total>0</total>
				<timestamp>6391.322894</timestamp>
			</report>
			<report>
				<misses>694000000</misses>
				<total>0</total>
				<timestamp>6392.248297</timestamp>
			</report>
			<report>
				<misses>694100000</misses>
				<total>0</total>
				<timestamp>6393.158220</timestamp>
			</report>
			<report>
				<misses>694200000</misses>
				<total>0</total>
				<timestamp>6394.054523</timestamp>
			</report>
			<report>
				<misses>694300000</misses>
				<total>0</total>
				<timestamp>6394.949658</timestamp>
			</report>
			<report>
				<misses>694400000</misses>
				<total>0</total>
				<timestamp>6395.851306</timestamp>
			</report>
			<report>
				<misses>694500000</misses>
				<total>0</total>
				<timestamp>6396.748603</timestamp>
			</report>
			<report>
				<misses>694600000</misses>
				<total>0</total>
				<timestamp>6397.651926</timestamp>
			</report>
			<report>
				<misses>694700000</misses>
				<total>0</total>
				<timestamp>6398.556423</timestamp>
			</report>
			<report>
				<misses>694800000</misses>
				<total>0</total>
				<timestamp>6399.498232</timestamp>
			</report>
			<report>
				<misses>694900000</misses>
				<total>0</total>
				<timestamp>6400.425043</timestamp>
			</report>
			<report>
				<misses>695000000</misses>
				<total>0</total>
				<timestamp>6401.362731</timestamp>
			</report>
			<report>
				<misses>695100000</misses>
				<total>0</total>
				<timestamp>6402.292503</timestamp>
			</report>
			<report>
				<misses>695200000</misses>
				<total>0</total>
				<timestamp>6403.203289</timestamp>
			</report>
			<report>
				<misses>695300000</misses>
				<total>0</total>
				<timestamp>6404.163814</timestamp>
			</report>
			<report>
				<misses>695400000</misses>
				<total>0</total>
				<timestamp>6405.082657</timestamp>
			</report>
			<report>
				<misses>695500000</misses>
				<total>0</total>
				<timestamp>6406.008319</timestamp>
			</report>
			<report>
				<misses>695600000</misses>
				<total>0</total>
				<timestamp>6406.938458</timestamp>
			</report>
			<report>
				<misses>695700000</misses>
				<total>0</total>
				<timestamp>6407.858211</timestamp>
			</report>
			<report>
				<misses>695800000</misses>
				<total>0</total>
				<timestamp>6408.784999</timestamp>
			</report>
			<report>
				<misses>695900000</misses>
				<total>0</total>
				<timestamp>6409.722097</timestamp>
			</report>
			<report>
				<misses>696000000</misses>
				<total>0</total>
				<timestamp>6410.628400</timestamp>
			</report>
			<report>
				<misses>696100000</misses>
				<total>0</total>
				<timestamp>6411.542757</timestamp>
			</report>
			<report>
				<misses>696200000</misses>
				<total>0</total>
				<timestamp>6412.440497</timestamp>
			</report>
			<report>
				<misses>696300000</misses>
				<total>0</total>
				<timestamp>6413.340884</timestamp>
			</report>
			<report>
				<misses>696400000</misses>
				<total>0</total>
				<timestamp>6414.242071</timestamp>
			</report>
			<report>
				<misses>696500000</misses>
				<total>0</total>
				<timestamp>6415.138024</timestamp>
			</report>
			<report>
				<misses>696600000</misses>
				<total>0</total>
				<timestamp>6416.039253</timestamp>
			</report>
			<report>
				<misses>696700000</misses>
				<total>0</total>
				<timestamp>6416.939635</timestamp>
			</report>
			<report>
				<misses>696800000</misses>
				<total>0</total>
				<timestamp>6417.824289</timestamp>
			</report>
			<report>
				<misses>696900000</misses>
				<total>0</total>
				<timestamp>6418.773365</timestamp>
			</report>
			<report>
				<misses>697000000</misses>
				<total>0</total>
				<timestamp>6419.680903</timestamp>
			</report>
			<report>
				<misses>697100000</misses>
				<total>0</total>
				<timestamp>6420.585865</timestamp>
			</report>
			<report>
				<misses>697200000</misses>
				<total>0</total>
				<timestamp>6421.490710</timestamp>
			</report>
			<report>
				<misses>697300000</misses>
				<total>0</total>
				<timestamp>6422.403514</timestamp>
			</report>
			<report>
				<misses>697400000</misses>
				<total>0</total>
				<timestamp>6423.326541</timestamp>
			</report>
			<report>
				<misses>697500000</misses>
				<total>0</total>
				<timestamp>6424.227725</timestamp>
			</report>
			<report>
				<misses>697600000</misses>
				<total>0</total>
				<timestamp>6425.147000</timestamp>
			</report>
			<report>
				<misses>697700000</misses>
				<total>0</total>
				<timestamp>6426.101898</timestamp>
			</report>
			<report>
				<misses>697800000</misses>
				<total>0</total>
				<timestamp>6427.030956</timestamp>
			</report>
			<report>
				<misses>697900000</misses>
				<total>0</total>
				<timestamp>6427.960354</timestamp>
			</report>
			<report>
				<misses>698000000</misses>
				<total>0</total>
				<timestamp>6428.871770</timestamp>
			</report>
			<report>
				<misses>698100000</misses>
				<total>0</total>
				<timestamp>6429.771783</timestamp>
			</report>
			<report>
				<misses>698200000</misses>
				<total>0</total>
				<timestamp>6430.673687</timestamp>
			</report>
			<report>
				<misses>698300000</misses>
				<total>0</total>
				<timestamp>6431.573486</timestamp>
			</report>
			<report>
				<misses>698400000</misses>
				<total>0</total>
				<timestamp>6432.472041</timestamp>
			</report>
			<report>
				<misses>698500000</misses>
				<total>0</total>
				<timestamp>6433.370044</timestamp>
			</report>
			<report>
				<misses>698600000</misses>
				<total>0</total>
				<timestamp>6434.253972</timestamp>
			</report>
			<report>
				<misses>698700000</misses>
				<total>0</total>
				<timestamp>6435.149004</timestamp>
			</report>
			<report>
				<misses>698800000</misses>
				<total>0</total>
				<timestamp>6436.044386</timestamp>
			</report>
			<report>
				<misses>698900000</misses>
				<total>0</total>
				<timestamp>6436.981852</timestamp>
			</report>
			<report>
				<misses>699000000</misses>
				<total>0</total>
				<timestamp>6437.883653</timestamp>
			</report>
			<report>
				<misses>699100000</misses>
				<total>0</total>
				<timestamp>6438.824769</timestamp>
			</report>
			<report>
				<misses>699200000</misses>
				<total>0</total>
				<timestamp>6439.726284</timestamp>
			</report>
			<report>
				<misses>699300000</misses>
				<total>0</total>
				<timestamp>6440.649787</timestamp>
			</report>
			<report>
				<misses>699400000</misses>
				<total>0</total>
				<timestamp>6441.555528</timestamp>
			</report>
			<report>
				<misses>699500000</misses>
				<total>0</total>
				<timestamp>6442.492694</timestamp>
			</report>
			<report>
				<misses>699600000</misses>
				<total>0</total>
				<timestamp>6443.402762</timestamp>
			</report>
			<report>
				<misses>699700000</misses>
				<total>0</total>
				<timestamp>6444.315269</timestamp>
			</report>
			<report>
				<misses>699800000</misses>
				<total>0</total>
				<timestamp>6445.227368</timestamp>
			</report>
			<report>
				<misses>699900000</misses>
				<total>0</total>
				<timestamp>6446.156981</timestamp>
			</report>
			<report>
				<misses>700000000</misses>
				<total>0</total>
				<timestamp>6447.054401</timestamp>
			</report>
			<report>
				<misses>700100000</misses>
				<total>0</total>
				<timestamp>6447.946673</timestamp>
			</report>
			<report>
				<misses>700200000</misses>
				<total>0</total>
				<timestamp>6448.851129</timestamp>
			</report>
			<report>
				<misses>700300000</misses>
				<total>0</total>
				<timestamp>6449.752225</timestamp>
			</report>
			<report>
				<misses>700400000</misses>
				<total>0</total>
				<timestamp>6450.654409</timestamp>
			</report>
			<report>
				<misses>700500000</misses>
				<total>0</total>
				<timestamp>6451.555913</timestamp>
			</report>
			<report>
				<misses>700600000</misses>
				<total>0</total>
				<timestamp>6452.446400</timestamp>
			</report>
			<report>
				<misses>700700000</misses>
				<total>0</total>
				<timestamp>6453.381048</timestamp>
			</report>
			<report>
				<misses>700800000</misses>
				<total>0</total>
				<timestamp>6454.298051</timestamp>
			</report>
			<report>
				<misses>700900000</misses>
				<total>0</total>
				<timestamp>6455.214875</timestamp>
			</report>
			<report>
				<misses>701000000</misses>
				<total>0</total>
				<timestamp>6456.135402</timestamp>
			</report>
			<report>
				<misses>701100000</misses>
				<total>0</total>
				<timestamp>6457.044582</timestamp>
			</report>
			<report>
				<misses>701200000</misses>
				<total>0</total>
				<timestamp>6457.955681</timestamp>
			</report>
			<report>
				<misses>701300000</misses>
				<total>0</total>
				<timestamp>6458.873380</timestamp>
			</report>
			<report>
				<misses>701400000</misses>
				<total>0</total>
				<timestamp>6459.801913</timestamp>
			</report>
			<report>
				<misses>701500000</misses>
				<total>0</total>
				<timestamp>6460.720113</timestamp>
			</report>
			<report>
				<misses>701600000</misses>
				<total>0</total>
				<timestamp>6461.621740</timestamp>
			</report>
			<report>
				<misses>701700000</misses>
				<total>0</total>
				<timestamp>6462.542630</timestamp>
			</report>
			<report>
				<misses>701800000</misses>
				<total>0</total>
				<timestamp>6463.451537</timestamp>
			</report>
			<report>
				<misses>701900000</misses>
				<total>0</total>
				<timestamp>6464.345784</timestamp>
			</report>
			<report>
				<misses>702000000</misses>
				<total>0</total>
				<timestamp>6465.248304</timestamp>
			</report>
			<report>
				<misses>702100000</misses>
				<total>0</total>
				<timestamp>6466.148265</timestamp>
			</report>
			<report>
				<misses>702200000</misses>
				<total>0</total>
				<timestamp>6467.054980</timestamp>
			</report>
			<report>
				<misses>702300000</misses>
				<total>0</total>
				<timestamp>6467.947720</timestamp>
			</report>
			<report>
				<misses>702400000</misses>
				<total>0</total>
				<timestamp>6468.837630</timestamp>
			</report>
			<report>
				<misses>702500000</misses>
				<total>0</total>
				<timestamp>6469.764977</timestamp>
			</report>
			<report>
				<misses>702600000</misses>
				<total>0</total>
				<timestamp>6470.690730</timestamp>
			</report>
			<report>
				<misses>702700000</misses>
				<total>0</total>
				<timestamp>6471.602949</timestamp>
			</report>
			<report>
				<misses>702800000</misses>
				<total>0</total>
				<timestamp>6472.511025</timestamp>
			</report>
			<report>
				<misses>702900000</misses>
				<total>0</total>
				<timestamp>6473.444908</timestamp>
			</report>
			<report>
				<misses>703000000</misses>
				<total>0</total>
				<timestamp>6474.388880</timestamp>
			</report>
			<report>
				<misses>703100000</misses>
				<total>0</total>
				<timestamp>6475.331374</timestamp>
			</report>
			<report>
				<misses>703200000</misses>
				<total>0</total>
				<timestamp>6476.281490</timestamp>
			</report>
			<report>
				<misses>703300000</misses>
				<total>0</total>
				<timestamp>6477.213616</timestamp>
			</report>
			<report>
				<misses>703400000</misses>
				<total>0</total>
				<timestamp>6478.170667</timestamp>
			</report>
			<report>
				<misses>703500000</misses>
				<total>0</total>
				<timestamp>6479.103038</timestamp>
			</report>
			<report>
				<misses>703600000</misses>
				<total>0</total>
				<timestamp>6480.035323</timestamp>
			</report>
			<report>
				<misses>703700000</misses>
				<total>0</total>
				<timestamp>6480.931372</timestamp>
			</report>
			<report>
				<misses>703800000</misses>
				<total>0</total>
				<timestamp>6481.850077</timestamp>
			</report>
			<report>
				<misses>703900000</misses>
				<total>0</total>
				<timestamp>6482.743282</timestamp>
			</report>
			<report>
				<misses>704000000</misses>
				<total>0</total>
				<timestamp>6483.632182</timestamp>
			</report>
			<report>
				<misses>704100000</misses>
				<total>0</total>
				<timestamp>6484.559645</timestamp>
			</report>
			<report>
				<misses>704200000</misses>
				<total>0</total>
				<timestamp>6485.444322</timestamp>
			</report>
			<report>
				<misses>704300000</misses>
				<total>0</total>
				<timestamp>6486.339214</timestamp>
			</report>
			<report>
				<misses>704400000</misses>
				<total>0</total>
				<timestamp>6487.231336</timestamp>
			</report>
			<report>
				<misses>704500000</misses>
				<total>0</total>
				<timestamp>6488.128630</timestamp>
			</report>
			<report>
				<misses>704600000</misses>
				<total>0</total>
				<timestamp>6489.028439</timestamp>
			</report>
			<report>
				<misses>704700000</misses>
				<total>0</total>
				<timestamp>6489.933601</timestamp>
			</report>
			<report>
				<misses>704800000</misses>
				<total>0</total>
				<timestamp>6490.878228</timestamp>
			</report>
			<report>
				<misses>704900000</misses>
				<total>0</total>
				<timestamp>6491.798901</timestamp>
			</report>
			<report>
				<misses>705000000</misses>
				<total>0</total>
				<timestamp>6492.747616</timestamp>
			</report>
			<report>
				<misses>705100000</misses>
				<total>0</total>
				<timestamp>6493.679047</timestamp>
			</report>
			<report>
				<misses>705200000</misses>
				<total>0</total>
				<timestamp>6494.605090</timestamp>
			</report>
			<report>
				<misses>705300000</misses>
				<total>0</total>
				<timestamp>6495.528021</timestamp>
			</report>
			<report>
				<misses>705400000</misses>
				<total>0</total>
				<timestamp>6496.474202</timestamp>
			</report>
			<report>
				<misses>705500000</misses>
				<total>0</total>
				<timestamp>6497.430573</timestamp>
			</report>
			<report>
				<misses>705600000</misses>
				<total>0</total>
				<timestamp>6498.379450</timestamp>
			</report>
			<report>
				<misses>705700000</misses>
				<total>0</total>
				<timestamp>6499.320524</timestamp>
			</report>
			<report>
				<misses>705800000</misses>
				<total>0</total>
				<timestamp>6500.269550</timestamp>
			</report>
			<report>
				<misses>705900000</misses>
				<total>0</total>
				<timestamp>6501.230443</timestamp>
			</report>
			<report>
				<misses>706000000</misses>
				<total>0</total>
				<timestamp>6502.186089</timestamp>
			</report>
			<report>
				<misses>706100000</misses>
				<total>0</total>
				<timestamp>6503.112524</timestamp>
			</report>
			<report>
				<misses>706200000</misses>
				<total>0</total>
				<timestamp>6504.070952</timestamp>
			</report>
			<report>
				<misses>706300000</misses>
				<total>0</total>
				<timestamp>6505.012279</timestamp>
			</report>
			<report>
				<misses>706400000</misses>
				<total>0</total>
				<timestamp>6505.955008</timestamp>
			</report>
			<report>
				<misses>706500000</misses>
				<total>0</total>
				<timestamp>6506.848910</timestamp>
			</report>
			<report>
				<misses>706600000</misses>
				<total>0</total>
				<timestamp>6507.757759</timestamp>
			</report>
			<report>
				<misses>706700000</misses>
				<total>0</total>
				<timestamp>6508.654131</timestamp>
			</report>
			<report>
				<misses>706800000</misses>
				<total>0</total>
				<timestamp>6509.556007</timestamp>
			</report>
			<report>
				<misses>706900000</misses>
				<total>0</total>
				<timestamp>6510.462293</timestamp>
			</report>
			<report>
				<misses>707000000</misses>
				<total>0</total>
				<timestamp>6511.356648</timestamp>
			</report>
			<report>
				<misses>707100000</misses>
				<total>0</total>
				<timestamp>6512.258729</timestamp>
			</report>
			<report>
				<misses>707200000</misses>
				<total>0</total>
				<timestamp>6513.188571</timestamp>
			</report>
			<report>
				<misses>707300000</misses>
				<total>0</total>
				<timestamp>6514.114101</timestamp>
			</report>
			<report>
				<misses>707400000</misses>
				<total>0</total>
				<timestamp>6515.059449</timestamp>
			</report>
			<report>
				<misses>707500000</misses>
				<total>0</total>
				<timestamp>6515.990928</timestamp>
			</report>
			<report>
				<misses>707600000</misses>
				<total>0</total>
				<timestamp>6516.912003</timestamp>
			</report>
			<report>
				<misses>707700000</misses>
				<total>0</total>
				<timestamp>6517.860252</timestamp>
			</report>
			<report>
				<misses>707800000</misses>
				<total>0</total>
				<timestamp>6518.765368</timestamp>
			</report>
			<report>
				<misses>707900000</misses>
				<total>0</total>
				<timestamp>6519.684872</timestamp>
			</report>
			<report>
				<misses>708000000</misses>
				<total>0</total>
				<timestamp>6520.599180</timestamp>
			</report>
			<report>
				<misses>708100000</misses>
				<total>0</total>
				<timestamp>6521.519858</timestamp>
			</report>
			<report>
				<misses>708200000</misses>
				<total>0</total>
				<timestamp>6522.444499</timestamp>
			</report>
			<report>
				<misses>708300000</misses>
				<total>0</total>
				<timestamp>6523.347328</timestamp>
			</report>
			<report>
				<misses>708400000</misses>
				<total>0</total>
				<timestamp>6524.245986</timestamp>
			</report>
			<report>
				<misses>708500000</misses>
				<total>0</total>
				<timestamp>6525.132663</timestamp>
			</report>
			<report>
				<misses>708600000</misses>
				<total>0</total>
				<timestamp>6526.032098</timestamp>
			</report>
			<report>
				<misses>708700000</misses>
				<total>0</total>
				<timestamp>6526.931243</timestamp>
			</report>
			<report>
				<misses>708800000</misses>
				<total>0</total>
				<timestamp>6527.831507</timestamp>
			</report>
			<report>
				<misses>708900000</misses>
				<total>0</total>
				<timestamp>6528.731334</timestamp>
			</report>
			<report>
				<misses>709000000</misses>
				<total>0</total>
				<timestamp>6529.645035</timestamp>
			</report>
			<report>
				<misses>709100000</misses>
				<total>0</total>
				<timestamp>6530.570018</timestamp>
			</report>
			<report>
				<misses>709200000</misses>
				<total>0</total>
				<timestamp>6531.462813</timestamp>
			</report>
			<report>
				<misses>709300000</misses>
				<total>0</total>
				<timestamp>6532.382900</timestamp>
			</report>
			<report>
				<misses>709400000</misses>
				<total>0</total>
				<timestamp>6533.337838</timestamp>
			</report>
			<report>
				<misses>709500000</misses>
				<total>0</total>
				<timestamp>6534.277605</timestamp>
			</report>
			<report>
				<misses>709600000</misses>
				<total>0</total>
				<timestamp>6535.241877</timestamp>
			</report>
			<report>
				<misses>709700000</misses>
				<total>0</total>
				<timestamp>6536.202220</timestamp>
			</report>
			<report>
				<misses>709800000</misses>
				<total>0</total>
				<timestamp>6537.129567</timestamp>
			</report>
			<report>
				<misses>709900000</misses>
				<total>0</total>
				<timestamp>6538.067219</timestamp>
			</report>
			<report>
				<misses>710000000</misses>
				<total>0</total>
				<timestamp>6538.990225</timestamp>
			</report>
			<report>
				<misses>710100000</misses>
				<total>0</total>
				<timestamp>6539.905060</timestamp>
			</report>
			<report>
				<misses>710200000</misses>
				<total>0</total>
				<timestamp>6540.807038</timestamp>
			</report>
			<report>
				<misses>710300000</misses>
				<total>0</total>
				<timestamp>6541.721519</timestamp>
			</report>
			<report>
				<misses>710400000</misses>
				<total>0</total>
				<timestamp>6542.624173</timestamp>
			</report>
			<report>
				<misses>710500000</misses>
				<total>0</total>
				<timestamp>6543.517478</timestamp>
			</report>
			<report>
				<misses>710600000</misses>
				<total>0</total>
				<timestamp>6544.437326</timestamp>
			</report>
			<report>
				<misses>710700000</misses>
				<total>0</total>
				<timestamp>6545.343181</timestamp>
			</report>
			<report>
				<misses>710800000</misses>
				<total>0</total>
				<timestamp>6546.236595</timestamp>
			</report>
			<report>
				<misses>710900000</misses>
				<total>0</total>
				<timestamp>6547.191589</timestamp>
			</report>
			<report>
				<misses>711000000</misses>
				<total>0</total>
				<timestamp>6548.127482</timestamp>
			</report>
			<report>
				<misses>711100000</misses>
				<total>0</total>
				<timestamp>6549.030020</timestamp>
			</report>
			<report>
				<misses>711200000</misses>
				<total>0</total>
				<timestamp>6549.962273</timestamp>
			</report>
			<report>
				<misses>711300000</misses>
				<total>0</total>
				<timestamp>6550.884967</timestamp>
			</report>
			<report>
				<misses>711400000</misses>
				<total>0</total>
				<timestamp>6551.796977</timestamp>
			</report>
			<report>
				<misses>711500000</misses>
				<total>0</total>
				<timestamp>6552.716818</timestamp>
			</report>
			<report>
				<misses>711600000</misses>
				<total>0</total>
				<timestamp>6553.627486</timestamp>
			</report>
			<report>
				<misses>711700000</misses>
				<total>0</total>
				<timestamp>6554.585631</timestamp>
			</report>
			<report>
				<misses>711800000</misses>
				<total>0</total>
				<timestamp>6555.542049</timestamp>
			</report>
			<report>
				<misses>711900000</misses>
				<total>0</total>
				<timestamp>6556.487947</timestamp>
			</report>
			<report>
				<misses>712000000</misses>
				<total>0</total>
				<timestamp>6557.405858</timestamp>
			</report>
			<report>
				<misses>712100000</misses>
				<total>0</total>
				<timestamp>6558.326607</timestamp>
			</report>
			<report>
				<misses>712200000</misses>
				<total>0</total>
				<timestamp>6559.258053</timestamp>
			</report>
			<report>
				<misses>712300000</misses>
				<total>0</total>
				<timestamp>6560.198602</timestamp>
			</report>
			<report>
				<misses>712400000</misses>
				<total>0</total>
				<timestamp>6561.125593</timestamp>
			</report>
			<report>
				<misses>712500000</misses>
				<total>0</total>
				<timestamp>6562.035096</timestamp>
			</report>
			<report>
				<misses>712600000</misses>
				<total>0</total>
				<timestamp>6562.939912</timestamp>
			</report>
			<report>
				<misses>712700000</misses>
				<total>0</total>
				<timestamp>6563.832712</timestamp>
			</report>
			<report>
				<misses>712800000</misses>
				<total>0</total>
				<timestamp>6564.728858</timestamp>
			</report>
			<report>
				<misses>712900000</misses>
				<total>0</total>
				<timestamp>6565.630868</timestamp>
			</report>
			<report>
				<misses>713000000</misses>
				<total>0</total>
				<timestamp>6566.522443</timestamp>
			</report>
			<report>
				<misses>713100000</misses>
				<total>0</total>
				<timestamp>6567.422971</timestamp>
			</report>
			<report>
				<misses>713200000</misses>
				<total>0</total>
				<timestamp>6568.322359</timestamp>
			</report>
			<report>
				<misses>713300000</misses>
				<total>0</total>
				<timestamp>6569.276923</timestamp>
			</report>
			<report>
				<misses>713400000</misses>
				<total>0</total>
				<timestamp>6570.219550</timestamp>
			</report>
			<report>
				<misses>713500000</misses>
				<total>0</total>
				<timestamp>6571.157576</timestamp>
			</report>
			<report>
				<misses>713600000</misses>
				<total>0</total>
				<timestamp>6572.070922</timestamp>
			</report>
			<report>
				<misses>713700000</misses>
				<total>0</total>
				<timestamp>6572.986440</timestamp>
			</report>
			<report>
				<misses>713800000</misses>
				<total>0</total>
				<timestamp>6573.912301</timestamp>
			</report>
			<report>
				<misses>713900000</misses>
				<total>0</total>
				<timestamp>6574.809359</timestamp>
			</report>
			<report>
				<misses>714000000</misses>
				<total>0</total>
				<timestamp>6575.729087</timestamp>
			</report>
			<report>
				<misses>714100000</misses>
				<total>0</total>
				<timestamp>6576.642338</timestamp>
			</report>
			<report>
				<misses>714200000</misses>
				<total>0</total>
				<timestamp>6577.575241</timestamp>
			</report>
			<report>
				<misses>714300000</misses>
				<total>0</total>
				<timestamp>6578.481963</timestamp>
			</report>
			<report>
				<misses>714400000</misses>
				<total>0</total>
				<timestamp>6579.410809</timestamp>
			</report>
			<report>
				<misses>714500000</misses>
				<total>0</total>
				<timestamp>6580.334324</timestamp>
			</report>
			<report>
				<misses>714600000</misses>
				<total>0</total>
				<timestamp>6581.254131</timestamp>
			</report>
			<report>
				<misses>714700000</misses>
				<total>0</total>
				<timestamp>6582.180139</timestamp>
			</report>
			<report>
				<misses>714800000</misses>
				<total>0</total>
				<timestamp>6583.077631</timestamp>
			</report>
			<report>
				<misses>714900000</misses>
				<total>0</total>
				<timestamp>6583.985175</timestamp>
			</report>
			<report>
				<misses>715000000</misses>
				<total>0</total>
				<timestamp>6584.885952</timestamp>
			</report>
			<report>
				<misses>715100000</misses>
				<total>0</total>
				<timestamp>6585.775287</timestamp>
			</report>
			<report>
				<misses>715200000</misses>
				<total>0</total>
				<timestamp>6586.676581</timestamp>
			</report>
			<report>
				<misses>715300000</misses>
				<total>0</total>
				<timestamp>6587.585172</timestamp>
			</report>
			<report>
				<misses>715400000</misses>
				<total>0</total>
				<timestamp>6588.492504</timestamp>
			</report>
			<report>
				<misses>715500000</misses>
				<total>0</total>
				<timestamp>6589.406664</timestamp>
			</report>
			<report>
				<misses>715600000</misses>
				<total>0</total>
				<timestamp>6590.356869</timestamp>
			</report>
			<report>
				<misses>715700000</misses>
				<total>0</total>
				<timestamp>6591.291658</timestamp>
			</report>
			<report>
				<misses>715800000</misses>
				<total>0</total>
				<timestamp>6592.210257</timestamp>
			</report>
			<report>
				<misses>715900000</misses>
				<total>0</total>
				<timestamp>6593.128273</timestamp>
			</report>
			<report>
				<misses>716000000</misses>
				<total>0</total>
				<timestamp>6594.059372</timestamp>
			</report>
			<report>
				<misses>716100000</misses>
				<total>0</total>
				<timestamp>6594.964852</timestamp>
			</report>
			<report>
				<misses>716200000</misses>
				<total>0</total>
				<timestamp>6595.884921</timestamp>
			</report>
			<report>
				<misses>716300000</misses>
				<total>0</total>
				<timestamp>6596.821358</timestamp>
			</report>
			<report>
				<misses>716400000</misses>
				<total>0</total>
				<timestamp>6597.753378</timestamp>
			</report>
			<report>
				<misses>716500000</misses>
				<total>0</total>
				<timestamp>6598.692208</timestamp>
			</report>
			<report>
				<misses>716600000</misses>
				<total>0</total>
				<timestamp>6599.609088</timestamp>
			</report>
			<report>
				<misses>716700000</misses>
				<total>0</total>
				<timestamp>6600.519473</timestamp>
			</report>
			<report>
				<misses>716800000</misses>
				<total>0</total>
				<timestamp>6601.422354</timestamp>
			</report>
			<report>
				<misses>716900000</misses>
				<total>0</total>
				<timestamp>6602.339031</timestamp>
			</report>
			<report>
				<misses>717000000</misses>
				<total>0</total>
				<timestamp>6603.250194</timestamp>
			</report>
			<report>
				<misses>717100000</misses>
				<total>0</total>
				<timestamp>6604.167998</timestamp>
			</report>
			<report>
				<misses>717200000</misses>
				<total>0</total>
				<timestamp>6605.090463</timestamp>
			</report>
			<report>
				<misses>717300000</misses>
				<total>0</total>
				<timestamp>6606.015446</timestamp>
			</report>
			<report>
				<misses>717400000</misses>
				<total>0</total>
				<timestamp>6606.959663</timestamp>
			</report>
			<report>
				<misses>717500000</misses>
				<total>0</total>
				<timestamp>6607.905335</timestamp>
			</report>
			<report>
				<misses>717600000</misses>
				<total>0</total>
				<timestamp>6608.833477</timestamp>
			</report>
			<report>
				<misses>717700000</misses>
				<total>0</total>
				<timestamp>6609.754697</timestamp>
			</report>
			<report>
				<misses>717800000</misses>
				<total>0</total>
				<timestamp>6610.686297</timestamp>
			</report>
			<report>
				<misses>717900000</misses>
				<total>0</total>
				<timestamp>6611.621859</timestamp>
			</report>
			<report>
				<misses>718000000</misses>
				<total>0</total>
				<timestamp>6612.559684</timestamp>
			</report>
			<report>
				<misses>718100000</misses>
				<total>0</total>
				<timestamp>6613.485357</timestamp>
			</report>
			<report>
				<misses>718200000</misses>
				<total>0</total>
				<timestamp>6614.400538</timestamp>
			</report>
			<report>
				<misses>718300000</misses>
				<total>0</total>
				<timestamp>6615.331096</timestamp>
			</report>
			<report>
				<misses>718400000</misses>
				<total>0</total>
				<timestamp>6616.264037</timestamp>
			</report>
			<report>
				<misses>718500000</misses>
				<total>0</total>
				<timestamp>6617.196552</timestamp>
			</report>
			<report>
				<misses>718600000</misses>
				<total>0</total>
				<timestamp>6618.121950</timestamp>
			</report>
			<report>
				<misses>718700000</misses>
				<total>0</total>
				<timestamp>6619.047515</timestamp>
			</report>
			<report>
				<misses>718800000</misses>
				<total>0</total>
				<timestamp>6619.952206</timestamp>
			</report>
			<report>
				<misses>718900000</misses>
				<total>0</total>
				<timestamp>6620.849946</timestamp>
			</report>
			<report>
				<misses>719000000</misses>
				<total>0</total>
				<timestamp>6621.751149</timestamp>
			</report>
			<report>
				<misses>719100000</misses>
				<total>0</total>
				<timestamp>6622.654683</timestamp>
			</report>
			<report>
				<misses>719200000</misses>
				<total>0</total>
				<timestamp>6623.552047</timestamp>
			</report>
			<report>
				<misses>719300000</misses>
				<total>0</total>
				<timestamp>6624.454335</timestamp>
			</report>
			<report>
				<misses>719400000</misses>
				<total>0</total>
				<timestamp>6625.350858</timestamp>
			</report>
			<report>
				<misses>719500000</misses>
				<total>0</total>
				<timestamp>6626.306307</timestamp>
			</report>
			<report>
				<misses>719600000</misses>
				<total>0</total>
				<timestamp>6627.220706</timestamp>
			</report>
			<report>
				<misses>719700000</misses>
				<total>0</total>
				<timestamp>6628.154541</timestamp>
			</report>
			<report>
				<misses>719800000</misses>
				<total>0</total>
				<timestamp>6629.091328</timestamp>
			</report>
			<report>
				<misses>719900000</misses>
				<total>0</total>
				<timestamp>6630.022236</timestamp>
			</report>
			<report>
				<misses>720000000</misses>
				<total>0</total>
				<timestamp>6630.936720</timestamp>
			</report>
			<report>
				<misses>720100000</misses>
				<total>0</total>
				<timestamp>6631.873349</timestamp>
			</report>
			<report>
				<misses>720200000</misses>
				<total>0</total>
				<timestamp>6632.786407</timestamp>
			</report>
			<report>
				<misses>720300000</misses>
				<total>0</total>
				<timestamp>6633.740966</timestamp>
			</report>
			<report>
				<misses>720400000</misses>
				<total>0</total>
				<timestamp>6634.661848</timestamp>
			</report>
			<report>
				<misses>720500000</misses>
				<total>0</total>
				<timestamp>6635.606240</timestamp>
			</report>
			<report>
				<misses>720600000</misses>
				<total>0</total>
				<timestamp>6636.516665</timestamp>
			</report>
			<report>
				<misses>720700000</misses>
				<total>0</total>
				<timestamp>6637.432727</timestamp>
			</report>
			<report>
				<misses>720800000</misses>
				<total>0</total>
				<timestamp>6638.351779</timestamp>
			</report>
			<report>
				<misses>720900000</misses>
				<total>0</total>
				<timestamp>6639.274924</timestamp>
			</report>
			<report>
				<misses>721000000</misses>
				<total>0</total>
				<timestamp>6640.174561</timestamp>
			</report>
			<report>
				<misses>721100000</misses>
				<total>0</total>
				<timestamp>6641.083373</timestamp>
			</report>
			<report>
				<misses>721200000</misses>
				<total>0</total>
				<timestamp>6641.986652</timestamp>
			</report>
			<report>
				<misses>721300000</misses>
				<total>0</total>
				<timestamp>6642.910700</timestamp>
			</report>
			<report>
				<misses>721400000</misses>
				<total>0</total>
				<timestamp>6643.858486</timestamp>
			</report>
			<report>
				<misses>721500000</misses>
				<total>0</total>
				<timestamp>6644.802787</timestamp>
			</report>
			<report>
				<misses>721600000</misses>
				<total>0</total>
				<timestamp>6645.721043</timestamp>
			</report>
			<report>
				<misses>721700000</misses>
				<total>0</total>
				<timestamp>6646.639271</timestamp>
			</report>
			<report>
				<misses>721800000</misses>
				<total>0</total>
				<timestamp>6647.561512</timestamp>
			</report>
			<report>
				<misses>721900000</misses>
				<total>0</total>
				<timestamp>6648.495529</timestamp>
			</report>
			<report>
				<misses>722000000</misses>
				<total>0</total>
				<timestamp>6649.414002</timestamp>
			</report>
			<report>
				<misses>722100000</misses>
				<total>0</total>
				<timestamp>6650.354558</timestamp>
			</report>
			<report>
				<misses>722200000</misses>
				<total>0</total>
				<timestamp>6651.286496</timestamp>
			</report>
			<report>
				<misses>722300000</misses>
				<total>0</total>
				<timestamp>6652.215454</timestamp>
			</report>
			<report>
				<misses>722400000</misses>
				<total>0</total>
				<timestamp>6653.159901</timestamp>
			</report>
			<report>
				<misses>722500000</misses>
				<total>0</total>
				<timestamp>6654.091700</timestamp>
			</report>
			<report>
				<misses>722600000</misses>
				<total>0</total>
				<timestamp>6655.039475</timestamp>
			</report>
			<report>
				<misses>722700000</misses>
				<total>0</total>
				<timestamp>6655.945332</timestamp>
			</report>
			<report>
				<misses>722800000</misses>
				<total>0</total>
				<timestamp>6656.853206</timestamp>
			</report>
			<report>
				<misses>722900000</misses>
				<total>0</total>
				<timestamp>6657.756198</timestamp>
			</report>
			<report>
				<misses>723000000</misses>
				<total>0</total>
				<timestamp>6658.653986</timestamp>
			</report>
			<report>
				<misses>723100000</misses>
				<total>0</total>
				<timestamp>6659.564866</timestamp>
			</report>
			<report>
				<misses>723200000</misses>
				<total>0</total>
				<timestamp>6660.467727</timestamp>
			</report>
			<report>
				<misses>723300000</misses>
				<total>0</total>
				<timestamp>6661.368229</timestamp>
			</report>
			<report>
				<misses>723400000</misses>
				<total>0</total>
				<timestamp>6662.289067</timestamp>
			</report>
			<report>
				<misses>723500000</misses>
				<total>0</total>
				<timestamp>6663.211751</timestamp>
			</report>
			<report>
				<misses>723600000</misses>
				<total>0</total>
				<timestamp>6664.148686</timestamp>
			</report>
			<report>
				<misses>723700000</misses>
				<total>0</total>
				<timestamp>6665.079193</timestamp>
			</report>
			<report>
				<misses>723800000</misses>
				<total>0</total>
				<timestamp>6666.024081</timestamp>
			</report>
			<report>
				<misses>723900000</misses>
				<total>0</total>
				<timestamp>6666.938838</timestamp>
			</report>
			<report>
				<misses>724000000</misses>
				<total>0</total>
				<timestamp>6667.843737</timestamp>
			</report>
			<report>
				<misses>724100000</misses>
				<total>0</total>
				<timestamp>6668.790770</timestamp>
			</report>
			<report>
				<misses>724200000</misses>
				<total>0</total>
				<timestamp>6669.703126</timestamp>
			</report>
			<report>
				<misses>724300000</misses>
				<total>0</total>
				<timestamp>6670.632697</timestamp>
			</report>
			<report>
				<misses>724400000</misses>
				<total>0</total>
				<timestamp>6671.569610</timestamp>
			</report>
			<report>
				<misses>724500000</misses>
				<total>0</total>
				<timestamp>6672.499281</timestamp>
			</report>
			<report>
				<misses>724600000</misses>
				<total>0</total>
				<timestamp>6673.392152</timestamp>
			</report>
			<report>
				<misses>724700000</misses>
				<total>0</total>
				<timestamp>6674.290952</timestamp>
			</report>
			<report>
				<misses>724800000</misses>
				<total>0</total>
				<timestamp>6675.176482</timestamp>
			</report>
			<report>
				<misses>724900000</misses>
				<total>0</total>
				<timestamp>6676.070631</timestamp>
			</report>
			<report>
				<misses>725000000</misses>
				<total>0</total>
				<timestamp>6676.977784</timestamp>
			</report>
			<report>
				<misses>725100000</misses>
				<total>0</total>
				<timestamp>6677.861672</timestamp>
			</report>
			<report>
				<misses>725200000</misses>
				<total>0</total>
				<timestamp>6678.783348</timestamp>
			</report>
			<report>
				<misses>725300000</misses>
				<total>0</total>
				<timestamp>6679.716399</timestamp>
			</report>
			<report>
				<misses>725400000</misses>
				<total>0</total>
				<timestamp>6680.626724</timestamp>
			</report>
			<report>
				<misses>725500000</misses>
				<total>0</total>
				<timestamp>6681.534819</timestamp>
			</report>
			<report>
				<misses>725600000</misses>
				<total>0</total>
				<timestamp>6682.444212</timestamp>
			</report>
			<report>
				<misses>725700000</misses>
				<total>0</total>
				<timestamp>6683.367290</timestamp>
			</report>
			<report>
				<misses>725800000</misses>
				<total>0</total>
				<timestamp>6684.283707</timestamp>
			</report>
			<report>
				<misses>725900000</misses>
				<total>0</total>
				<timestamp>6685.224138</timestamp>
			</report>
			<report>
				<misses>726000000</misses>
				<total>0</total>
				<timestamp>6686.127744</timestamp>
			</report>
			<report>
				<misses>726100000</misses>
				<total>0</total>
				<timestamp>6687.031537</timestamp>
			</report>
			<report>
				<misses>726200000</misses>
				<total>0</total>
				<timestamp>6687.966633</timestamp>
			</report>
			<report>
				<misses>726300000</misses>
				<total>0</total>
				<timestamp>6688.886793</timestamp>
			</report>
			<report>
				<misses>726400000</misses>
				<total>0</total>
				<timestamp>6689.802536</timestamp>
			</report>
			<report>
				<misses>726500000</misses>
				<total>0</total>
				<timestamp>6690.701890</timestamp>
			</report>
			<report>
				<misses>726600000</misses>
				<total>0</total>
				<timestamp>6691.604999</timestamp>
			</report>
			<report>
				<misses>726700000</misses>
				<total>0</total>
				<timestamp>6692.494477</timestamp>
			</report>
			<report>
				<misses>726800000</misses>
				<total>0</total>
				<timestamp>6693.395946</timestamp>
			</report>
			<report>
				<misses>726900000</misses>
				<total>0</total>
				<timestamp>6694.285868</timestamp>
			</report>
			<report>
				<misses>727000000</misses>
				<total>0</total>
				<timestamp>6695.177028</timestamp>
			</report>
			<report>
				<misses>727100000</misses>
				<total>0</total>
				<timestamp>6696.081408</timestamp>
			</report>
			<report>
				<misses>727200000</misses>
				<total>0</total>
				<timestamp>6697.033070</timestamp>
			</report>
			<report>
				<misses>727300000</misses>
				<total>0</total>
				<timestamp>6697.966599</timestamp>
			</report>
			<report>
				<misses>727400000</misses>
				<total>0</total>
				<timestamp>6698.893003</timestamp>
			</report>
			<report>
				<misses>727500000</misses>
				<total>0</total>
				<timestamp>6699.864623</timestamp>
			</report>
			<report>
				<misses>727600000</misses>
				<total>0</total>
				<timestamp>6700.804048</timestamp>
			</report>
			<report>
				<misses>727700000</misses>
				<total>0</total>
				<timestamp>6701.740341</timestamp>
			</report>
			<report>
				<misses>727800000</misses>
				<total>0</total>
				<timestamp>6702.695224</timestamp>
			</report>
			<report>
				<misses>727900000</misses>
				<total>0</total>
				<timestamp>6703.627934</timestamp>
			</report>
			<report>
				<misses>728000000</misses>
				<total>0</total>
				<timestamp>6704.549005</timestamp>
			</report>
			<report>
				<misses>728100000</misses>
				<total>0</total>
				<timestamp>6705.475505</timestamp>
			</report>
			<report>
				<misses>728200000</misses>
				<total>0</total>
				<timestamp>6706.408980</timestamp>
			</report>
			<report>
				<misses>728300000</misses>
				<total>0</total>
				<timestamp>6707.345107</timestamp>
			</report>
			<report>
				<misses>728400000</misses>
				<total>0</total>
				<timestamp>6708.282943</timestamp>
			</report>
			<report>
				<misses>728500000</misses>
				<total>0</total>
				<timestamp>6709.217910</timestamp>
			</report>
			<report>
				<misses>728600000</misses>
				<total>0</total>
				<timestamp>6710.133405</timestamp>
			</report>
			<report>
				<misses>728700000</misses>
				<total>0</total>
				<timestamp>6711.051682</timestamp>
			</report>
			<report>
				<misses>728800000</misses>
				<total>0</total>
				<timestamp>6711.979386</timestamp>
			</report>
			<report>
				<misses>728900000</misses>
				<total>0</total>
				<timestamp>6712.908527</timestamp>
			</report>
			<report>
				<misses>729000000</misses>
				<total>0</total>
				<timestamp>6713.822006</timestamp>
			</report>
			<report>
				<misses>729100000</misses>
				<total>0</total>
				<timestamp>6714.724810</timestamp>
			</report>
			<report>
				<misses>729200000</misses>
				<total>0</total>
				<timestamp>6715.618359</timestamp>
			</report>
			<report>
				<misses>729300000</misses>
				<total>0</total>
				<timestamp>6716.512703</timestamp>
			</report>
			<report>
				<misses>729400000</misses>
				<total>0</total>
				<timestamp>6717.420713</timestamp>
			</report>
			<report>
				<misses>729500000</misses>
				<total>0</total>
				<timestamp>6718.321534</timestamp>
			</report>
			<report>
				<misses>729600000</misses>
				<total>0</total>
				<timestamp>6719.227512</timestamp>
			</report>
			<report>
				<misses>729700000</misses>
				<total>0</total>
				<timestamp>6720.164987</timestamp>
			</report>
			<report>
				<misses>729800000</misses>
				<total>0</total>
				<timestamp>6721.072584</timestamp>
			</report>
			<report>
				<misses>729900000</misses>
				<total>0</total>
				<timestamp>6721.979116</timestamp>
			</report>
			<report>
				<misses>730000000</misses>
				<total>0</total>
				<timestamp>6722.888374</timestamp>
			</report>
			<report>
				<misses>730100000</misses>
				<total>0</total>
				<timestamp>6723.815929</timestamp>
			</report>
			<report>
				<misses>730200000</misses>
				<total>0</total>
				<timestamp>6724.725364</timestamp>
			</report>
			<report>
				<misses>730300000</misses>
				<total>0</total>
				<timestamp>6725.648410</timestamp>
			</report>
			<report>
				<misses>730400000</misses>
				<total>0</total>
				<timestamp>6726.565740</timestamp>
			</report>
			<report>
				<misses>730500000</misses>
				<total>0</total>
				<timestamp>6727.506499</timestamp>
			</report>
			<report>
				<misses>730600000</misses>
				<total>0</total>
				<timestamp>6728.422013</timestamp>
			</report>
			<report>
				<misses>730700000</misses>
				<total>0</total>
				<timestamp>6729.349239</timestamp>
			</report>
			<report>
				<misses>730800000</misses>
				<total>0</total>
				<timestamp>6730.252458</timestamp>
			</report>
			<report>
				<misses>730900000</misses>
				<total>0</total>
				<timestamp>6731.151359</timestamp>
			</report>
			<report>
				<misses>731000000</misses>
				<total>0</total>
				<timestamp>6732.049459</timestamp>
			</report>
			<report>
				<misses>731100000</misses>
				<total>0</total>
				<timestamp>6732.944649</timestamp>
			</report>
			<report>
				<misses>731200000</misses>
				<total>0</total>
				<timestamp>6733.855179</timestamp>
			</report>
			<report>
				<misses>731300000</misses>
				<total>0</total>
				<timestamp>6734.751005</timestamp>
			</report>
			<report>
				<misses>731400000</misses>
				<total>0</total>
				<timestamp>6735.639689</timestamp>
			</report>
			<report>
				<misses>731500000</misses>
				<total>0</total>
				<timestamp>6736.556591</timestamp>
			</report>
			<report>
				<misses>731600000</misses>
				<total>0</total>
				<timestamp>6737.460610</timestamp>
			</report>
			<report>
				<misses>731700000</misses>
				<total>0</total>
				<timestamp>6738.396144</timestamp>
			</report>
			<report>
				<misses>731800000</misses>
				<total>0</total>
				<timestamp>6739.336183</timestamp>
			</report>
			<report>
				<misses>731900000</misses>
				<total>0</total>
				<timestamp>6740.276084</timestamp>
			</report>
			<report>
				<misses>732000000</misses>
				<total>0</total>
				<timestamp>6741.189902</timestamp>
			</report>
			<report>
				<misses>732100000</misses>
				<total>0</total>
				<timestamp>6742.088579</timestamp>
			</report>
			<report>
				<misses>732200000</misses>
				<total>0</total>
				<timestamp>6743.016161</timestamp>
			</report>
			<report>
				<misses>732300000</misses>
				<total>0</total>
				<timestamp>6743.939782</timestamp>
			</report>
			<report>
				<misses>732400000</misses>
				<total>0</total>
				<timestamp>6744.911072</timestamp>
			</report>
			<report>
				<misses>732500000</misses>
				<total>0</total>
				<timestamp>6745.817983</timestamp>
			</report>
			<report>
				<misses>732600000</misses>
				<total>0</total>
				<timestamp>6746.732190</timestamp>
			</report>
			<report>
				<misses>732700000</misses>
				<total>0</total>
				<timestamp>6747.637878</timestamp>
			</report>
			<report>
				<misses>732800000</misses>
				<total>0</total>
				<timestamp>6748.539525</timestamp>
			</report>
			<report>
				<misses>732900000</misses>
				<total>0</total>
				<timestamp>6749.481554</timestamp>
			</report>
			<report>
				<misses>733000000</misses>
				<total>0</total>
				<timestamp>6750.406181</timestamp>
			</report>
			<report>
				<misses>733100000</misses>
				<total>0</total>
				<timestamp>6751.320449</timestamp>
			</report>
			<report>
				<misses>733200000</misses>
				<total>0</total>
				<timestamp>6752.215252</timestamp>
			</report>
			<report>
				<misses>733300000</misses>
				<total>0</total>
				<timestamp>6753.119971</timestamp>
			</report>
			<report>
				<misses>733400000</misses>
				<total>0</total>
				<timestamp>6754.034857</timestamp>
			</report>
			<report>
				<misses>733500000</misses>
				<total>0</total>
				<timestamp>6754.936742</timestamp>
			</report>
			<report>
				<misses>733600000</misses>
				<total>0</total>
				<timestamp>6755.835086</timestamp>
			</report>
			<report>
				<misses>733700000</misses>
				<total>0</total>
				<timestamp>6756.740708</timestamp>
			</report>
			<report>
				<misses>733800000</misses>
				<total>0</total>
				<timestamp>6757.640979</timestamp>
			</report>
			<report>
				<misses>733900000</misses>
				<total>0</total>
				<timestamp>6758.551277</timestamp>
			</report>
			<report>
				<misses>734000000</misses>
				<total>0</total>
				<timestamp>6759.480612</timestamp>
			</report>
			<report>
				<misses>734100000</misses>
				<total>0</total>
				<timestamp>6760.424018</timestamp>
			</report>
			<report>
				<misses>734200000</misses>
				<total>0</total>
				<timestamp>6761.342599</timestamp>
			</report>
			<report>
				<misses>734300000</misses>
				<total>0</total>
				<timestamp>6762.247642</timestamp>
			</report>
			<report>
				<misses>734400000</misses>
				<total>0</total>
				<timestamp>6763.182632</timestamp>
			</report>
			<report>
				<misses>734500000</misses>
				<total>0</total>
				<timestamp>6764.096877</timestamp>
			</report>
			<report>
				<misses>734600000</misses>
				<total>0</total>
				<timestamp>6765.019219</timestamp>
			</report>
			<report>
				<misses>734700000</misses>
				<total>0</total>
				<timestamp>6765.970000</timestamp>
			</report>
			<report>
				<misses>734800000</misses>
				<total>0</total>
				<timestamp>6766.883949</timestamp>
			</report>
			<report>
				<misses>734900000</misses>
				<total>0</total>
				<timestamp>6767.782941</timestamp>
			</report>
			<report>
				<misses>735000000</misses>
				<total>0</total>
				<timestamp>6768.711906</timestamp>
			</report>
			<report>
				<misses>735100000</misses>
				<total>0</total>
				<timestamp>6769.660149</timestamp>
			</report>
			<report>
				<misses>735200000</misses>
				<total>0</total>
				<timestamp>6770.615367</timestamp>
			</report>
			<report>
				<misses>735300000</misses>
				<total>0</total>
				<timestamp>6771.514038</timestamp>
			</report>
			<report>
				<misses>735400000</misses>
				<total>0</total>
				<timestamp>6772.426757</timestamp>
			</report>
			<report>
				<misses>735500000</misses>
				<total>0</total>
				<timestamp>6773.348470</timestamp>
			</report>
			<report>
				<misses>735600000</misses>
				<total>0</total>
				<timestamp>6774.266146</timestamp>
			</report>
			<report>
				<misses>735700000</misses>
				<total>0</total>
				<timestamp>6775.167455</timestamp>
			</report>
			<report>
				<misses>735800000</misses>
				<total>0</total>
				<timestamp>6776.075815</timestamp>
			</report>
			<report>
				<misses>735900000</misses>
				<total>0</total>
				<timestamp>6776.985021</timestamp>
			</report>
			<report>
				<misses>736000000</misses>
				<total>0</total>
				<timestamp>6777.885602</timestamp>
			</report>
			<report>
				<misses>736100000</misses>
				<total>0</total>
				<timestamp>6778.793973</timestamp>
			</report>
			<report>
				<misses>736200000</misses>
				<total>0</total>
				<timestamp>6779.691832</timestamp>
			</report>
			<report>
				<misses>736300000</misses>
				<total>0</total>
				<timestamp>6780.661647</timestamp>
			</report>
			<report>
				<misses>736400000</misses>
				<total>0</total>
				<timestamp>6781.587276</timestamp>
			</report>
			<report>
				<misses>736500000</misses>
				<total>0</total>
				<timestamp>6782.516110</timestamp>
			</report>
			<report>
				<misses>736600000</misses>
				<total>0</total>
				<timestamp>6783.451240</timestamp>
			</report>
			<report>
				<misses>736700000</misses>
				<total>0</total>
				<timestamp>6784.365840</timestamp>
			</report>
			<report>
				<misses>736800000</misses>
				<total>0</total>
				<timestamp>6785.314376</timestamp>
			</report>
			<report>
				<misses>736900000</misses>
				<total>0</total>
				<timestamp>6786.216243</timestamp>
			</report>
			<report>
				<misses>737000000</misses>
				<total>0</total>
				<timestamp>6787.131179</timestamp>
			</report>
			<report>
				<misses>737100000</misses>
				<total>0</total>
				<timestamp>6788.025011</timestamp>
			</report>
			<report>
				<misses>737200000</misses>
				<total>0</total>
				<timestamp>6788.964867</timestamp>
			</report>
			<report>
				<misses>737300000</misses>
				<total>0</total>
				<timestamp>6789.897070</timestamp>
			</report>
			<report>
				<misses>737400000</misses>
				<total>0</total>
				<timestamp>6790.820873</timestamp>
			</report>
			<report>
				<misses>737500000</misses>
				<total>0</total>
				<timestamp>6791.756701</timestamp>
			</report>
			<report>
				<misses>737600000</misses>
				<total>0</total>
				<timestamp>6792.671655</timestamp>
			</report>
			<report>
				<misses>737700000</misses>
				<total>0</total>
				<timestamp>6793.562245</timestamp>
			</report>
			<report>
				<misses>737800000</misses>
				<total>0</total>
				<timestamp>6794.455160</timestamp>
			</report>
			<report>
				<misses>737900000</misses>
				<total>0</total>
				<timestamp>6795.349286</timestamp>
			</report>
			<report>
				<misses>738000000</misses>
				<total>0</total>
				<timestamp>6796.253752</timestamp>
			</report>
			<report>
				<misses>738100000</misses>
				<total>0</total>
				<timestamp>6797.151861</timestamp>
			</report>
			<report>
				<misses>738200000</misses>
				<total>0</total>
				<timestamp>6798.054630</timestamp>
			</report>
			<report>
				<misses>738300000</misses>
				<total>0</total>
				<timestamp>6798.954767</timestamp>
			</report>
			<report>
				<misses>738400000</misses>
				<total>0</total>
				<timestamp>6799.878837</timestamp>
			</report>
			<report>
				<misses>738500000</misses>
				<total>0</total>
				<timestamp>6800.795845</timestamp>
			</report>
			<report>
				<misses>738600000</misses>
				<total>0</total>
				<timestamp>6801.740740</timestamp>
			</report>
			<report>
				<misses>738700000</misses>
				<total>0</total>
				<timestamp>6802.653097</timestamp>
			</report>
			<report>
				<misses>738800000</misses>
				<total>0</total>
				<timestamp>6803.570934</timestamp>
			</report>
			<report>
				<misses>738900000</misses>
				<total>0</total>
				<timestamp>6804.525575</timestamp>
			</report>
			<report>
				<misses>739000000</misses>
				<total>0</total>
				<timestamp>6805.439959</timestamp>
			</report>
			<report>
				<misses>739100000</misses>
				<total>0</total>
				<timestamp>6806.404540</timestamp>
			</report>
			<report>
				<misses>739200000</misses>
				<total>0</total>
				<timestamp>6807.353160</timestamp>
			</report>
			<report>
				<misses>739300000</misses>
				<total>0</total>
				<timestamp>6808.272786</timestamp>
			</report>
			<report>
				<misses>739400000</misses>
				<total>0</total>
				<timestamp>6809.196910</timestamp>
			</report>
			<report>
				<misses>739500000</misses>
				<total>0</total>
				<timestamp>6810.151860</timestamp>
			</report>
			<report>
				<misses>739600000</misses>
				<total>0</total>
				<timestamp>6811.099597</timestamp>
			</report>
			<report>
				<misses>739700000</misses>
				<total>0</total>
				<timestamp>6812.043357</timestamp>
			</report>
			<report>
				<misses>739800000</misses>
				<total>0</total>
				<timestamp>6812.980645</timestamp>
			</report>
			<report>
				<misses>739900000</misses>
				<total>0</total>
				<timestamp>6813.933101</timestamp>
			</report>
			<report>
				<misses>740000000</misses>
				<total>0</total>
				<timestamp>6814.874673</timestamp>
			</report>
			<report>
				<misses>740100000</misses>
				<total>0</total>
				<timestamp>6815.805217</timestamp>
			</report>
			<report>
				<misses>740200000</misses>
				<total>0</total>
				<timestamp>6816.750896</timestamp>
			</report>
			<report>
				<misses>740300000</misses>
				<total>0</total>
				<timestamp>6817.696937</timestamp>
			</report>
			<report>
				<misses>740400000</misses>
				<total>0</total>
				<timestamp>6818.603130</timestamp>
			</report>
			<report>
				<misses>740500000</misses>
				<total>0</total>
				<timestamp>6819.503610</timestamp>
			</report>
			<report>
				<misses>740600000</misses>
				<total>0</total>
				<timestamp>6820.409465</timestamp>
			</report>
			<report>
				<misses>740700000</misses>
				<total>0</total>
				<timestamp>6821.306217</timestamp>
			</report>
			<report>
				<misses>740800000</misses>
				<total>0</total>
				<timestamp>6822.199666</timestamp>
			</report>
			<report>
				<misses>740900000</misses>
				<total>0</total>
				<timestamp>6823.100565</timestamp>
			</report>
			<report>
				<misses>741000000</misses>
				<total>0</total>
				<timestamp>6823.990131</timestamp>
			</report>
			<report>
				<misses>741100000</misses>
				<total>0</total>
				<timestamp>6824.962224</timestamp>
			</report>
			<report>
				<misses>741200000</misses>
				<total>0</total>
				<timestamp>6825.904471</timestamp>
			</report>
			<report>
				<misses>741300000</misses>
				<total>0</total>
				<timestamp>6826.822262</timestamp>
			</report>
			<report>
				<misses>741400000</misses>
				<total>0</total>
				<timestamp>6827.742217</timestamp>
			</report>
			<report>
				<misses>741500000</misses>
				<total>0</total>
				<timestamp>6828.690862</timestamp>
			</report>
			<report>
				<misses>741600000</misses>
				<total>0</total>
				<timestamp>6829.663487</timestamp>
			</report>
			<report>
				<misses>741700000</misses>
				<total>0</total>
				<timestamp>6830.603129</timestamp>
			</report>
			<report>
				<misses>741800000</misses>
				<total>0</total>
				<timestamp>6831.548617</timestamp>
			</report>
			<report>
				<misses>741900000</misses>
				<total>0</total>
				<timestamp>6832.503530</timestamp>
			</report>
			<report>
				<misses>742000000</misses>
				<total>0</total>
				<timestamp>6833.456147</timestamp>
			</report>
			<report>
				<misses>742100000</misses>
				<total>0</total>
				<timestamp>6834.387499</timestamp>
			</report>
			<report>
				<misses>742200000</misses>
				<total>0</total>
				<timestamp>6835.323573</timestamp>
			</report>
			<report>
				<misses>742300000</misses>
				<total>0</total>
				<timestamp>6836.263553</timestamp>
			</report>
			<report>
				<misses>742400000</misses>
				<total>0</total>
				<timestamp>6837.205754</timestamp>
			</report>
			<report>
				<misses>742500000</misses>
				<total>0</total>
				<timestamp>6838.145273</timestamp>
			</report>
			<report>
				<misses>742600000</misses>
				<total>0</total>
				<timestamp>6839.091627</timestamp>
			</report>
			<report>
				<misses>742700000</misses>
				<total>0</total>
				<timestamp>6840.016160</timestamp>
			</report>
			<report>
				<misses>742800000</misses>
				<total>0</total>
				<timestamp>6840.956135</timestamp>
			</report>
			<report>
				<misses>742900000</misses>
				<total>0</total>
				<timestamp>6841.881366</timestamp>
			</report>
			<report>
				<misses>743000000</misses>
				<total>0</total>
				<timestamp>6842.778113</timestamp>
			</report>
			<report>
				<misses>743100000</misses>
				<total>0</total>
				<timestamp>6843.678745</timestamp>
			</report>
			<report>
				<misses>743200000</misses>
				<total>0</total>
				<timestamp>6844.584259</timestamp>
			</report>
			<report>
				<misses>743300000</misses>
				<total>0</total>
				<timestamp>6845.479240</timestamp>
			</report>
			<report>
				<misses>743400000</misses>
				<total>0</total>
				<timestamp>6846.382372</timestamp>
			</report>
			<report>
				<misses>743500000</misses>
				<total>0</total>
				<timestamp>6847.295992</timestamp>
			</report>
			<report>
				<misses>743600000</misses>
				<total>0</total>
				<timestamp>6848.197845</timestamp>
			</report>
			<report>
				<misses>743700000</misses>
				<total>0</total>
				<timestamp>6849.112713</timestamp>
			</report>
			<report>
				<misses>743800000</misses>
				<total>0</total>
				<timestamp>6850.055304</timestamp>
			</report>
			<report>
				<misses>743900000</misses>
				<total>0</total>
				<timestamp>6850.960696</timestamp>
			</report>
			<report>
				<misses>744000000</misses>
				<total>0</total>
				<timestamp>6851.890149</timestamp>
			</report>
			<report>
				<misses>744100000</misses>
				<total>0</total>
				<timestamp>6852.804850</timestamp>
			</report>
			<report>
				<misses>744200000</misses>
				<total>0</total>
				<timestamp>6853.754334</timestamp>
			</report>
			<report>
				<misses>744300000</misses>
				<total>0</total>
				<timestamp>6854.667696</timestamp>
			</report>
			<report>
				<misses>744400000</misses>
				<total>0</total>
				<timestamp>6855.583090</timestamp>
			</report>
			<report>
				<misses>744500000</misses>
				<total>0</total>
				<timestamp>6856.537978</timestamp>
			</report>
			<report>
				<misses>744600000</misses>
				<total>0</total>
				<timestamp>6857.438904</timestamp>
			</report>
			<report>
				<misses>744700000</misses>
				<total>0</total>
				<timestamp>6858.342889</timestamp>
			</report>
			<report>
				<misses>744800000</misses>
				<total>0</total>
				<timestamp>6859.277438</timestamp>
			</report>
			<report>
				<misses>744900000</misses>
				<total>0</total>
				<timestamp>6860.237127</timestamp>
			</report>
			<report>
				<misses>745000000</misses>
				<total>0</total>
				<timestamp>6861.163637</timestamp>
			</report>
			<report>
				<misses>745100000</misses>
				<total>0</total>
				<timestamp>6862.121153</timestamp>
			</report>
			<report>
				<misses>745200000</misses>
				<total>0</total>
				<timestamp>6863.058761</timestamp>
			</report>
			<report>
				<misses>745300000</misses>
				<total>0</total>
				<timestamp>6863.999554</timestamp>
			</report>
			<report>
				<misses>745400000</misses>
				<total>0</total>
				<timestamp>6864.907282</timestamp>
			</report>
			<report>
				<misses>745500000</misses>
				<total>0</total>
				<timestamp>6865.832425</timestamp>
			</report>
			<report>
				<misses>745600000</misses>
				<total>0</total>
				<timestamp>6866.743773</timestamp>
			</report>
			<report>
				<misses>745700000</misses>
				<total>0</total>
				<timestamp>6867.653023</timestamp>
			</report>
			<report>
				<misses>745800000</misses>
				<total>0</total>
				<timestamp>6868.572074</timestamp>
			</report>
			<report>
				<misses>745900000</misses>
				<total>0</total>
				<timestamp>6869.474838</timestamp>
			</report>
			<report>
				<misses>746000000</misses>
				<total>0</total>
				<timestamp>6870.385180</timestamp>
			</report>
			<report>
				<misses>746100000</misses>
				<total>0</total>
				<timestamp>6871.290112</timestamp>
			</report>
			<report>
				<misses>746200000</misses>
				<total>0</total>
				<timestamp>6872.199904</timestamp>
			</report>
			<report>
				<misses>746300000</misses>
				<total>0</total>
				<timestamp>6873.093536</timestamp>
			</report>
			<report>
				<misses>746400000</misses>
				<total>0</total>
				<timestamp>6874.007130</timestamp>
			</report>
			<report>
				<misses>746500000</misses>
				<total>0</total>
				<timestamp>6874.974563</timestamp>
			</report>
			<report>
				<misses>746600000</misses>
				<total>0</total>
				<timestamp>6875.928194</timestamp>
			</report>
			<report>
				<misses>746700000</misses>
				<total>0</total>
				<timestamp>6876.888548</timestamp>
			</report>
			<report>
				<misses>746800000</misses>
				<total>0</total>
				<timestamp>6877.824795</timestamp>
			</report>
			<report>
				<misses>746900000</misses>
				<total>0</total>
				<timestamp>6878.756798</timestamp>
			</report>
			<report>
				<misses>747000000</misses>
				<total>0</total>
				<timestamp>6879.694812</timestamp>
			</report>
			<report>
				<misses>747100000</misses>
				<total>0</total>
				<timestamp>6880.637031</timestamp>
			</report>
			<report>
				<misses>747200000</misses>
				<total>0</total>
				<timestamp>6881.558359</timestamp>
			</report>
			<report>
				<misses>747300000</misses>
				<total>0</total>
				<timestamp>6882.467857</timestamp>
			</report>
			<report>
				<misses>747400000</misses>
				<total>0</total>
				<timestamp>6883.398368</timestamp>
			</report>
			<report>
				<misses>747500000</misses>
				<total>0</total>
				<timestamp>6884.297930</timestamp>
			</report>
			<report>
				<misses>747600000</misses>
				<total>0</total>
				<timestamp>6885.221089</timestamp>
			</report>
			<report>
				<misses>747700000</misses>
				<total>0</total>
				<timestamp>6886.134676</timestamp>
			</report>
			<report>
				<misses>747800000</misses>
				<total>0</total>
				<timestamp>6887.042618</timestamp>
			</report>
			<report>
				<misses>747900000</misses>
				<total>0</total>
				<timestamp>6887.998101</timestamp>
			</report>
			<report>
				<misses>748000000</misses>
				<total>0</total>
				<timestamp>6888.900887</timestamp>
			</report>
			<report>
				<misses>748100000</misses>
				<total>0</total>
				<timestamp>6889.806244</timestamp>
			</report>
			<report>
				<misses>748200000</misses>
				<total>0</total>
				<timestamp>6890.696710</timestamp>
			</report>
			<report>
				<misses>748300000</misses>
				<total>0</total>
				<timestamp>6891.594321</timestamp>
			</report>
			<report>
				<misses>748400000</misses>
				<total>0</total>
				<timestamp>6892.483207</timestamp>
			</report>
			<report>
				<misses>748500000</misses>
				<total>0</total>
				<timestamp>6893.382322</timestamp>
			</report>
			<report>
				<misses>748600000</misses>
				<total>0</total>
				<timestamp>6894.298061</timestamp>
			</report>
			<report>
				<misses>748700000</misses>
				<total>0</total>
				<timestamp>6895.201978</timestamp>
			</report>
			<report>
				<misses>748800000</misses>
				<total>0</total>
				<timestamp>6896.107478</timestamp>
			</report>
			<report>
				<misses>748900000</misses>
				<total>0</total>
				<timestamp>6897.041761</timestamp>
			</report>
			<report>
				<misses>749000000</misses>
				<total>0</total>
				<timestamp>6897.951601</timestamp>
			</report>
			<report>
				<misses>749100000</misses>
				<total>0</total>
				<timestamp>6898.910480</timestamp>
			</report>
			<report>
				<misses>749200000</misses>
				<total>0</total>
				<timestamp>6899.865472</timestamp>
			</report>
			<report>
				<misses>749300000</misses>
				<total>0</total>
				<timestamp>6900.806409</timestamp>
			</report>
			<report>
				<misses>749400000</misses>
				<total>0</total>
				<timestamp>6901.737163</timestamp>
			</report>
			<report>
				<misses>749500000</misses>
				<total>0</total>
				<timestamp>6902.662380</timestamp>
			</report>
			<report>
				<misses>749600000</misses>
				<total>0</total>
				<timestamp>6903.569264</timestamp>
			</report>
			<report>
				<misses>749700000</misses>
				<total>0</total>
				<timestamp>6904.530962</timestamp>
			</report>
			<report>
				<misses>749800000</misses>
				<total>0</total>
				<timestamp>6905.468434</timestamp>
			</report>
			<report>
				<misses>749900000</misses>
				<total>0</total>
				<timestamp>6906.422757</timestamp>
			</report>
			<report>
				<misses>750000000</misses>
				<total>0</total>
				<timestamp>6907.356364</timestamp>
			</report>
			<report>
				<misses>750100000</misses>
				<total>0</total>
				<timestamp>6908.305782</timestamp>
			</report>
			<report>
				<misses>750200000</misses>
				<total>0</total>
				<timestamp>6909.233691</timestamp>
			</report>
			<report>
				<misses>750300000</misses>
				<total>0</total>
				<timestamp>6910.150114</timestamp>
			</report>
			<report>
				<misses>750400000</misses>
				<total>0</total>
				<timestamp>6911.068025</timestamp>
			</report>
			<report>
				<misses>750500000</misses>
				<total>0</total>
				<timestamp>6911.966484</timestamp>
			</report>
			<report>
				<misses>750600000</misses>
				<total>0</total>
				<timestamp>6912.870630</timestamp>
			</report>
			<report>
				<misses>750700000</misses>
				<total>0</total>
				<timestamp>6913.759040</timestamp>
			</report>
			<report>
				<misses>750800000</misses>
				<total>0</total>
				<timestamp>6914.655188</timestamp>
			</report>
			<report>
				<misses>750900000</misses>
				<total>0</total>
				<timestamp>6915.546715</timestamp>
			</report>
			<report>
				<misses>751000000</misses>
				<total>0</total>
				<timestamp>6916.454837</timestamp>
			</report>
			<report>
				<misses>751100000</misses>
				<total>0</total>
				<timestamp>6917.359305</timestamp>
			</report>
			<report>
				<misses>751200000</misses>
				<total>0</total>
				<timestamp>6918.298779</timestamp>
			</report>
			<report>
				<misses>751300000</misses>
				<total>0</total>
				<timestamp>6919.238884</timestamp>
			</report>
			<report>
				<misses>751400000</misses>
				<total>0</total>
				<timestamp>6920.160201</timestamp>
			</report>
			<report>
				<misses>751500000</misses>
				<total>0</total>
				<timestamp>6921.080621</timestamp>
			</report>
			<report>
				<misses>751600000</misses>
				<total>0</total>
				<timestamp>6921.998990</timestamp>
			</report>
			<report>
				<misses>751700000</misses>
				<total>0</total>
				<timestamp>6922.902076</timestamp>
			</report>
			<report>
				<misses>751800000</misses>
				<total>0</total>
				<timestamp>6923.830792</timestamp>
			</report>
			<report>
				<misses>751900000</misses>
				<total>0</total>
				<timestamp>6924.745647</timestamp>
			</report>
			<report>
				<misses>752000000</misses>
				<total>0</total>
				<timestamp>6925.660518</timestamp>
			</report>
			<report>
				<misses>752100000</misses>
				<total>0</total>
				<timestamp>6926.555899</timestamp>
			</report>
			<report>
				<misses>752200000</misses>
				<total>0</total>
				<timestamp>6927.491114</timestamp>
			</report>
			<report>
				<misses>752300000</misses>
				<total>0</total>
				<timestamp>6928.407934</timestamp>
			</report>
			<report>
				<misses>752400000</misses>
				<total>0</total>
				<timestamp>6929.304105</timestamp>
			</report>
			<report>
				<misses>752500000</misses>
				<total>0</total>
				<timestamp>6930.205404</timestamp>
			</report>
			<report>
				<misses>752600000</misses>
				<total>0</total>
				<timestamp>6931.089981</timestamp>
			</report>
			<report>
				<misses>752700000</misses>
				<total>0</total>
				<timestamp>6931.984307</timestamp>
			</report>
			<report>
				<misses>752800000</misses>
				<total>0</total>
				<timestamp>6932.877992</timestamp>
			</report>
			<report>
				<misses>752900000</misses>
				<total>0</total>
				<timestamp>6933.783194</timestamp>
			</report>
			<report>
				<misses>753000000</misses>
				<total>0</total>
				<timestamp>6934.695090</timestamp>
			</report>
			<report>
				<misses>753100000</misses>
				<total>0</total>
				<timestamp>6935.628637</timestamp>
			</report>
			<report>
				<misses>753200000</misses>
				<total>0</total>
				<timestamp>6936.545822</timestamp>
			</report>
			<report>
				<misses>753300000</misses>
				<total>0</total>
				<timestamp>6937.479912</timestamp>
			</report>
			<report>
				<misses>753400000</misses>
				<total>0</total>
				<timestamp>6938.411147</timestamp>
			</report>
			<report>
				<misses>753500000</misses>
				<total>0</total>
				<timestamp>6939.325617</timestamp>
			</report>
			<report>
				<misses>753600000</misses>
				<total>0</total>
				<timestamp>6940.256853</timestamp>
			</report>
			<report>
				<misses>753700000</misses>
				<total>0</total>
				<timestamp>6941.193973</timestamp>
			</report>
			<report>
				<misses>753800000</misses>
				<total>0</total>
				<timestamp>6942.119249</timestamp>
			</report>
			<report>
				<misses>753900000</misses>
				<total>0</total>
				<timestamp>6943.076511</timestamp>
			</report>
			<report>
				<misses>754000000</misses>
				<total>0</total>
				<timestamp>6943.988507</timestamp>
			</report>
			<report>
				<misses>754100000</misses>
				<total>0</total>
				<timestamp>6944.889230</timestamp>
			</report>
			<report>
				<misses>754200000</misses>
				<total>0</total>
				<timestamp>6945.774598</timestamp>
			</report>
			<report>
				<misses>754300000</misses>
				<total>0</total>
				<timestamp>6946.684873</timestamp>
			</report>
			<report>
				<misses>754400000</misses>
				<total>0</total>
				<timestamp>6947.590138</timestamp>
			</report>
			<report>
				<misses>754500000</misses>
				<total>0</total>
				<timestamp>6948.496200</timestamp>
			</report>
			<report>
				<misses>754600000</misses>
				<total>0</total>
				<timestamp>6949.398067</timestamp>
			</report>
			<report>
				<misses>754700000</misses>
				<total>0</total>
				<timestamp>6950.330243</timestamp>
			</report>
			<report>
				<misses>754800000</misses>
				<total>0</total>
				<timestamp>6951.278097</timestamp>
			</report>
			<report>
				<misses>754900000</misses>
				<total>0</total>
				<timestamp>6952.228853</timestamp>
			</report>
			<report>
				<misses>755000000</misses>
				<total>0</total>
				<timestamp>6953.176729</timestamp>
			</report>
			<report>
				<misses>755100000</misses>
				<total>0</total>
				<timestamp>6954.118855</timestamp>
			</report>
			<report>
				<misses>755200000</misses>
				<total>0</total>
				<timestamp>6955.074181</timestamp>
			</report>
			<report>
				<misses>755300000</misses>
				<total>0</total>
				<timestamp>6956.020339</timestamp>
			</report>
			<report>
				<misses>755400000</misses>
				<total>0</total>
				<timestamp>6956.971610</timestamp>
			</report>
			<report>
				<misses>755500000</misses>
				<total>0</total>
				<timestamp>6957.928890</timestamp>
			</report>
			<report>
				<misses>755600000</misses>
				<total>0</total>
				<timestamp>6958.857379</timestamp>
			</report>
			<report>
				<misses>755700000</misses>
				<total>0</total>
				<timestamp>6959.803177</timestamp>
			</report>
			<report>
				<misses>755800000</misses>
				<total>0</total>
				<timestamp>6960.731147</timestamp>
			</report>
			<report>
				<misses>755900000</misses>
				<total>0</total>
				<timestamp>6961.677145</timestamp>
			</report>
			<report>
				<misses>756000000</misses>
				<total>0</total>
				<timestamp>6962.611827</timestamp>
			</report>
			<report>
				<misses>756100000</misses>
				<total>0</total>
				<timestamp>6963.544816</timestamp>
			</report>
			<report>
				<misses>756200000</misses>
				<total>0</total>
				<timestamp>6964.507806</timestamp>
			</report>
			<report>
				<misses>756300000</misses>
				<total>0</total>
				<timestamp>6965.409224</timestamp>
			</report>
			<report>
				<misses>756400000</misses>
				<total>0</total>
				<timestamp>6966.305289</timestamp>
			</report>
			<report>
				<misses>756500000</misses>
				<total>0</total>
				<timestamp>6967.195781</timestamp>
			</report>
			<report>
				<misses>756600000</misses>
				<total>0</total>
				<timestamp>6968.110952</timestamp>
			</report>
			<report>
				<misses>756700000</misses>
				<total>0</total>
				<timestamp>6969.016295</timestamp>
			</report>
			<report>
				<misses>756800000</misses>
				<total>0</total>
				<timestamp>6969.903975</timestamp>
			</report>
			<report>
				<misses>756900000</misses>
				<total>0</total>
				<timestamp>6970.814741</timestamp>
			</report>
			<report>
				<misses>757000000</misses>
				<total>0</total>
				<timestamp>6971.717442</timestamp>
			</report>
			<report>
				<misses>757100000</misses>
				<total>0</total>
				<timestamp>6972.654424</timestamp>
			</report>
			<report>
				<misses>757200000</misses>
				<total>0</total>
				<timestamp>6973.605219</timestamp>
			</report>
			<report>
				<misses>757300000</misses>
				<total>0</total>
				<timestamp>6974.523249</timestamp>
			</report>
			<report>
				<misses>757400000</misses>
				<total>0</total>
				<timestamp>6975.446529</timestamp>
			</report>
			<report>
				<misses>757500000</misses>
				<total>0</total>
				<timestamp>6976.362158</timestamp>
			</report>
			<report>
				<misses>757600000</misses>
				<total>0</total>
				<timestamp>6977.298532</timestamp>
			</report>
			<report>
				<misses>757700000</misses>
				<total>0</total>
				<timestamp>6978.193828</timestamp>
			</report>
			<report>
				<misses>757800000</misses>
				<total>0</total>
				<timestamp>6979.132887</timestamp>
			</report>
			<report>
				<misses>757900000</misses>
				<total>0</total>
				<timestamp>6980.056263</timestamp>
			</report>
			<report>
				<misses>758000000</misses>
				<total>0</total>
				<timestamp>6980.973019</timestamp>
			</report>
			<report>
				<misses>758100000</misses>
				<total>0</total>
				<timestamp>6981.912431</timestamp>
			</report>
			<report>
				<misses>758200000</misses>
				<total>0</total>
				<timestamp>6982.833873</timestamp>
			</report>
			<report>
				<misses>758300000</misses>
				<total>0</total>
				<timestamp>6983.756313</timestamp>
			</report>
			<report>
				<misses>758400000</misses>
				<total>0</total>
				<timestamp>6984.679005</timestamp>
			</report>
			<report>
				<misses>758500000</misses>
				<total>0</total>
				<timestamp>6985.630973</timestamp>
			</report>
			<report>
				<misses>758600000</misses>
				<total>0</total>
				<timestamp>6986.566039</timestamp>
			</report>
			<report>
				<misses>758700000</misses>
				<total>0</total>
				<timestamp>6987.527062</timestamp>
			</report>
			<report>
				<misses>758800000</misses>
				<total>0</total>
				<timestamp>6988.485698</timestamp>
			</report>
			<report>
				<misses>758900000</misses>
				<total>0</total>
				<timestamp>6989.427593</timestamp>
			</report>
			<report>
				<misses>759000000</misses>
				<total>0</total>
				<timestamp>6990.336211</timestamp>
			</report>
			<report>
				<misses>759100000</misses>
				<total>0</total>
				<timestamp>6991.238091</timestamp>
			</report>
			<report>
				<misses>759200000</misses>
				<total>0</total>
				<timestamp>6992.151938</timestamp>
			</report>
			<report>
				<misses>759300000</misses>
				<total>0</total>
				<timestamp>6993.062405</timestamp>
			</report>
			<report>
				<misses>759400000</misses>
				<total>0</total>
				<timestamp>6993.973960</timestamp>
			</report>
			<report>
				<misses>759500000</misses>
				<total>0</total>
				<timestamp>6994.874079</timestamp>
			</report>
			<report>
				<misses>759600000</misses>
				<total>0</total>
				<timestamp>6995.774242</timestamp>
			</report>
			<report>
				<misses>759700000</misses>
				<total>0</total>
				<timestamp>6996.672802</timestamp>
			</report>
			<report>
				<misses>759800000</misses>
				<total>0</total>
				<timestamp>6997.566488</timestamp>
			</report>
			<report>
				<misses>759900000</misses>
				<total>0</total>
				<timestamp>6998.463432</timestamp>
			</report>
			<report>
				<misses>760000000</misses>
				<total>0</total>
				<timestamp>6999.374961</timestamp>
			</report>
			<report>
				<misses>760100000</misses>
				<total>0</total>
				<timestamp>7000.318252</timestamp>
			</report>
			<report>
				<misses>760200000</misses>
				<total>0</total>
				<timestamp>7001.267569</timestamp>
			</report>
			<report>
				<misses>760300000</misses>
				<total>0</total>
				<timestamp>7002.190733</timestamp>
			</report>
			<report>
				<misses>760400000</misses>
				<total>0</total>
				<timestamp>7003.113802</timestamp>
			</report>
			<report>
				<misses>760500000</misses>
				<total>0</total>
				<timestamp>7004.014429</timestamp>
			</report>
			<report>
				<misses>760600000</misses>
				<total>0</total>
				<timestamp>7004.926435</timestamp>
			</report>
			<report>
				<misses>760700000</misses>
				<total>0</total>
				<timestamp>7005.878103</timestamp>
			</report>
			<report>
				<misses>760800000</misses>
				<total>0</total>
				<timestamp>7006.841426</timestamp>
			</report>
			<report>
				<misses>760900000</misses>
				<total>0</total>
				<timestamp>7007.770705</timestamp>
			</report>
			<report>
				<misses>761000000</misses>
				<total>0</total>
				<timestamp>7008.726838</timestamp>
			</report>
			<report>
				<misses>761100000</misses>
				<total>0</total>
				<timestamp>7009.662268</timestamp>
			</report>
			<report>
				<misses>761200000</misses>
				<total>0</total>
				<timestamp>7010.624119</timestamp>
			</report>
			<report>
				<misses>761300000</misses>
				<total>0</total>
				<timestamp>7011.575010</timestamp>
			</report>
			<report>
				<misses>761400000</misses>
				<total>0</total>
				<timestamp>7012.516653</timestamp>
			</report>
			<report>
				<misses>761500000</misses>
				<total>0</total>
				<timestamp>7013.445039</timestamp>
			</report>
			<report>
				<misses>761600000</misses>
				<total>0</total>
				<timestamp>7014.390260</timestamp>
			</report>
			<report>
				<misses>761700000</misses>
				<total>0</total>
				<timestamp>7015.282439</timestamp>
			</report>
			<report>
				<misses>761800000</misses>
				<total>0</total>
				<timestamp>7016.220496</timestamp>
			</report>
			<report>
				<misses>761900000</misses>
				<total>0</total>
				<timestamp>7017.162424</timestamp>
			</report>
			<report>
				<misses>762000000</misses>
				<total>0</total>
				<timestamp>7018.089525</timestamp>
			</report>
			<report>
				<misses>762100000</misses>
				<total>0</total>
				<timestamp>7019.048154</timestamp>
			</report>
			<report>
				<misses>762200000</misses>
				<total>0</total>
				<timestamp>7019.978009</timestamp>
			</report>
			<report>
				<misses>762300000</misses>
				<total>0</total>
				<timestamp>7020.936862</timestamp>
			</report>
			<report>
				<misses>762400000</misses>
				<total>0</total>
				<timestamp>7021.884342</timestamp>
			</report>
			<report>
				<misses>762500000</misses>
				<total>0</total>
				<timestamp>7022.813287</timestamp>
			</report>
			<report>
				<misses>762600000</misses>
				<total>0</total>
				<timestamp>7023.715700</timestamp>
			</report>
			<report>
				<misses>762700000</misses>
				<total>0</total>
				<timestamp>7024.631461</timestamp>
			</report>
			<report>
				<misses>762800000</misses>
				<total>0</total>
				<timestamp>7025.520737</timestamp>
			</report>
			<report>
				<misses>762900000</misses>
				<total>0</total>
				<timestamp>7026.421918</timestamp>
			</report>
			<report>
				<misses>763000000</misses>
				<total>0</total>
				<timestamp>7027.318165</timestamp>
			</report>
			<report>
				<misses>763100000</misses>
				<total>0</total>
				<timestamp>7028.233224</timestamp>
			</report>
			<report>
				<misses>763200000</misses>
				<total>0</total>
				<timestamp>7029.142042</timestamp>
			</report>
			<report>
				<misses>763300000</misses>
				<total>0</total>
				<timestamp>7030.049649</timestamp>
			</report>
			<report>
				<misses>763400000</misses>
				<total>0</total>
				<timestamp>7030.972060</timestamp>
			</report>
			<report>
				<misses>763500000</misses>
				<total>0</total>
				<timestamp>7031.884379</timestamp>
			</report>
			<report>
				<misses>763600000</misses>
				<total>0</total>
				<timestamp>7032.806218</timestamp>
			</report>
			<report>
				<misses>763700000</misses>
				<total>0</total>
				<timestamp>7033.715032</timestamp>
			</report>
			<report>
				<misses>763800000</misses>
				<total>0</total>
				<timestamp>7034.624204</timestamp>
			</report>
			<report>
				<misses>763900000</misses>
				<total>0</total>
				<timestamp>7035.545963</timestamp>
			</report>
			<report>
				<misses>764000000</misses>
				<total>0</total>
				<timestamp>7036.456946</timestamp>
			</report>
			<report>
				<misses>764100000</misses>
				<total>0</total>
				<timestamp>7037.392023</timestamp>
			</report>
			<report>
				<misses>764200000</misses>
				<total>0</total>
				<timestamp>7038.291035</timestamp>
			</report>
			<report>
				<misses>764300000</misses>
				<total>0</total>
				<timestamp>7039.229361</timestamp>
			</report>
			<report>
				<misses>764400000</misses>
				<total>0</total>
				<timestamp>7040.171380</timestamp>
			</report>
			<report>
				<misses>764500000</misses>
				<total>0</total>
				<timestamp>7041.118066</timestamp>
			</report>
			<report>
				<misses>764600000</misses>
				<total>0</total>
				<timestamp>7042.082418</timestamp>
			</report>
			<report>
				<misses>764700000</misses>
				<total>0</total>
				<timestamp>7043.009192</timestamp>
			</report>
			<report>
				<misses>764800000</misses>
				<total>0</total>
				<timestamp>7043.973931</timestamp>
			</report>
			<report>
				<misses>764900000</misses>
				<total>0</total>
				<timestamp>7044.922153</timestamp>
			</report>
			<report>
				<misses>765000000</misses>
				<total>0</total>
				<timestamp>7045.844012</timestamp>
			</report>
			<report>
				<misses>765100000</misses>
				<total>0</total>
				<timestamp>7046.765329</timestamp>
			</report>
			<report>
				<misses>765200000</misses>
				<total>0</total>
				<timestamp>7047.660709</timestamp>
			</report>
			<report>
				<misses>765300000</misses>
				<total>0</total>
				<timestamp>7048.566447</timestamp>
			</report>
			<report>
				<misses>765400000</misses>
				<total>0</total>
				<timestamp>7049.456449</timestamp>
			</report>
			<report>
				<misses>765500000</misses>
				<total>0</total>
				<timestamp>7050.357149</timestamp>
			</report>
			<report>
				<misses>765600000</misses>
				<total>0</total>
				<timestamp>7051.259690</timestamp>
			</report>
			<report>
				<misses>765700000</misses>
				<total>0</total>
				<timestamp>7052.153889</timestamp>
			</report>
			<report>
				<misses>765800000</misses>
				<total>0</total>
				<timestamp>7053.093301</timestamp>
			</report>
			<report>
				<misses>765900000</misses>
				<total>0</total>
				<timestamp>7053.998361</timestamp>
			</report>
			<report>
				<misses>766000000</misses>
				<total>0</total>
				<timestamp>7054.923200</timestamp>
			</report>
			<report>
				<misses>766100000</misses>
				<total>0</total>
				<timestamp>7055.854429</timestamp>
			</report>
			<report>
				<misses>766200000</misses>
				<total>0</total>
				<timestamp>7056.780542</timestamp>
			</report>
			<report>
				<misses>766300000</misses>
				<total>0</total>
				<timestamp>7057.703337</timestamp>
			</report>
			<report>
				<misses>766400000</misses>
				<total>0</total>
				<timestamp>7058.623055</timestamp>
			</report>
			<report>
				<misses>766500000</misses>
				<total>0</total>
				<timestamp>7059.526604</timestamp>
			</report>
			<report>
				<misses>766600000</misses>
				<total>0</total>
				<timestamp>7060.450156</timestamp>
			</report>
			<report>
				<misses>766700000</misses>
				<total>0</total>
				<timestamp>7061.376246</timestamp>
			</report>
			<report>
				<misses>766800000</misses>
				<total>0</total>
				<timestamp>7062.293929</timestamp>
			</report>
			<report>
				<misses>766900000</misses>
				<total>0</total>
				<timestamp>7063.220649</timestamp>
			</report>
			<report>
				<misses>767000000</misses>
				<total>0</total>
				<timestamp>7064.117698</timestamp>
			</report>
			<report>
				<misses>767100000</misses>
				<total>0</total>
				<timestamp>7065.012270</timestamp>
			</report>
			<report>
				<misses>767200000</misses>
				<total>0</total>
				<timestamp>7065.922216</timestamp>
			</report>
			<report>
				<misses>767300000</misses>
				<total>0</total>
				<timestamp>7066.820647</timestamp>
			</report>
			<report>
				<misses>767400000</misses>
				<total>0</total>
				<timestamp>7067.713529</timestamp>
			</report>
			<report>
				<misses>767500000</misses>
				<total>0</total>
				<timestamp>7068.605761</timestamp>
			</report>
			<report>
				<misses>767600000</misses>
				<total>0</total>
				<timestamp>7069.501485</timestamp>
			</report>
			<report>
				<misses>767700000</misses>
				<total>0</total>
				<timestamp>7070.449883</timestamp>
			</report>
			<report>
				<misses>767800000</misses>
				<total>0</total>
				<timestamp>7071.364938</timestamp>
			</report>
			<report>
				<misses>767900000</misses>
				<total>0</total>
				<timestamp>7072.282195</timestamp>
			</report>
			<report>
				<misses>768000000</misses>
				<total>0</total>
				<timestamp>7073.198745</timestamp>
			</report>
			<report>
				<misses>768100000</misses>
				<total>0</total>
				<timestamp>7074.117899</timestamp>
			</report>
			<report>
				<misses>768200000</misses>
				<total>0</total>
				<timestamp>7075.030896</timestamp>
			</report>
			<report>
				<misses>768300000</misses>
				<total>0</total>
				<timestamp>7075.948914</timestamp>
			</report>
			<report>
				<misses>768400000</misses>
				<total>0</total>
				<timestamp>7076.868450</timestamp>
			</report>
			<report>
				<misses>768500000</misses>
				<total>0</total>
				<timestamp>7077.783243</timestamp>
			</report>
			<report>
				<misses>768600000</misses>
				<total>0</total>
				<timestamp>7078.693753</timestamp>
			</report>
			<report>
				<misses>768700000</misses>
				<total>0</total>
				<timestamp>7079.615318</timestamp>
			</report>
			<report>
				<misses>768800000</misses>
				<total>0</total>
				<timestamp>7080.527465</timestamp>
			</report>
			<report>
				<misses>768900000</misses>
				<total>0</total>
				<timestamp>7081.417299</timestamp>
			</report>
			<report>
				<misses>769000000</misses>
				<total>0</total>
				<timestamp>7082.311882</timestamp>
			</report>
			<report>
				<misses>769100000</misses>
				<total>0</total>
				<timestamp>7083.204510</timestamp>
			</report>
			<report>
				<misses>769200000</misses>
				<total>0</total>
				<timestamp>7084.105002</timestamp>
			</report>
			<report>
				<misses>769300000</misses>
				<total>0</total>
				<timestamp>7085.007186</timestamp>
			</report>
			<report>
				<misses>769400000</misses>
				<total>0</total>
				<timestamp>7085.899664</timestamp>
			</report>
			<report>
				<misses>769500000</misses>
				<total>0</total>
				<timestamp>7086.798452</timestamp>
			</report>
			<report>
				<misses>769600000</misses>
				<total>0</total>
				<timestamp>7087.718847</timestamp>
			</report>
			<report>
				<misses>769700000</misses>
				<total>0</total>
				<timestamp>7088.622307</timestamp>
			</report>
			<report>
				<misses>769800000</misses>
				<total>0</total>
				<timestamp>7089.540963</timestamp>
			</report>
			<report>
				<misses>769900000</misses>
				<total>0</total>
				<timestamp>7090.482973</timestamp>
			</report>
			<report>
				<misses>770000000</misses>
				<total>0</total>
				<timestamp>7091.388639</timestamp>
			</report>
			<report>
				<misses>770100000</misses>
				<total>0</total>
				<timestamp>7092.328288</timestamp>
			</report>
			<report>
				<misses>770200000</misses>
				<total>0</total>
				<timestamp>7093.239027</timestamp>
			</report>
			<report>
				<misses>770300000</misses>
				<total>0</total>
				<timestamp>7094.173881</timestamp>
			</report>
			<report>
				<misses>770400000</misses>
				<total>0</total>
				<timestamp>7095.105548</timestamp>
			</report>
			<report>
				<misses>770500000</misses>
				<total>0</total>
				<timestamp>7096.041316</timestamp>
			</report>
			<report>
				<misses>770600000</misses>
				<total>0</total>
				<timestamp>7096.981393</timestamp>
			</report>
			<report>
				<misses>770700000</misses>
				<total>0</total>
				<timestamp>7097.937568</timestamp>
			</report>
			<report>
				<misses>770800000</misses>
				<total>0</total>
				<timestamp>7098.879687</timestamp>
			</report>
			<report>
				<misses>770900000</misses>
				<total>0</total>
				<timestamp>7099.803130</timestamp>
			</report>
			<report>
				<misses>771000000</misses>
				<total>0</total>
				<timestamp>7100.737415</timestamp>
			</report>
			<report>
				<misses>771100000</misses>
				<total>0</total>
				<timestamp>7101.677744</timestamp>
			</report>
			<report>
				<misses>771200000</misses>
				<total>0</total>
				<timestamp>7102.623985</timestamp>
			</report>
			<report>
				<misses>771300000</misses>
				<total>0</total>
				<timestamp>7103.554868</timestamp>
			</report>
			<report>
				<misses>771400000</misses>
				<total>0</total>
				<timestamp>7104.507618</timestamp>
			</report>
			<report>
				<misses>771500000</misses>
				<total>0</total>
				<timestamp>7105.414664</timestamp>
			</report>
			<report>
				<misses>771600000</misses>
				<total>0</total>
				<timestamp>7106.313349</timestamp>
			</report>
			<report>
				<misses>771700000</misses>
				<total>0</total>
				<timestamp>7107.207019</timestamp>
			</report>
			<report>
				<misses>771800000</misses>
				<total>0</total>
				<timestamp>7108.104662</timestamp>
			</report>
			<report>
				<misses>771900000</misses>
				<total>0</total>
				<timestamp>7109.014042</timestamp>
			</report>
			<report>
				<misses>772000000</misses>
				<total>0</total>
				<timestamp>7109.913775</timestamp>
			</report>
			<report>
				<misses>772100000</misses>
				<total>0</total>
				<timestamp>7110.818661</timestamp>
			</report>
			<report>
				<misses>772200000</misses>
				<total>0</total>
				<timestamp>7111.719479</timestamp>
			</report>
			<report>
				<misses>772300000</misses>
				<total>0</total>
				<timestamp>7112.665401</timestamp>
			</report>
			<report>
				<misses>772400000</misses>
				<total>0</total>
				<timestamp>7113.605855</timestamp>
			</report>
			<report>
				<misses>772500000</misses>
				<total>0</total>
				<timestamp>7114.532116</timestamp>
			</report>
			<report>
				<misses>772600000</misses>
				<total>0</total>
				<timestamp>7115.470536</timestamp>
			</report>
			<report>
				<misses>772700000</misses>
				<total>0</total>
				<timestamp>7116.412550</timestamp>
			</report>
			<report>
				<misses>772800000</misses>
				<total>0</total>
				<timestamp>7117.344698</timestamp>
			</report>
			<report>
				<misses>772900000</misses>
				<total>0</total>
				<timestamp>7118.288331</timestamp>
			</report>
			<report>
				<misses>773000000</misses>
				<total>0</total>
				<timestamp>7119.201736</timestamp>
			</report>
			<report>
				<misses>773100000</misses>
				<total>0</total>
				<timestamp>7120.111550</timestamp>
			</report>
			<report>
				<misses>773200000</misses>
				<total>0</total>
				<timestamp>7121.064875</timestamp>
			</report>
			<report>
				<misses>773300000</misses>
				<total>0</total>
				<timestamp>7121.965231</timestamp>
			</report>
			<report>
				<misses>773400000</misses>
				<total>0</total>
				<timestamp>7122.887031</timestamp>
			</report>
			<report>
				<misses>773500000</misses>
				<total>0</total>
				<timestamp>7123.800365</timestamp>
			</report>
			<report>
				<misses>773600000</misses>
				<total>0</total>
				<timestamp>7124.699030</timestamp>
			</report>
			<report>
				<misses>773700000</misses>
				<total>0</total>
				<timestamp>7125.618772</timestamp>
			</report>
			<report>
				<misses>773800000</misses>
				<total>0</total>
				<timestamp>7126.531093</timestamp>
			</report>
			<report>
				<misses>773900000</misses>
				<total>0</total>
				<timestamp>7127.441596</timestamp>
			</report>
			<report>
				<misses>774000000</misses>
				<total>0</total>
				<timestamp>7128.334824</timestamp>
			</report>
			<report>
				<misses>774100000</misses>
				<total>0</total>
				<timestamp>7129.273537</timestamp>
			</report>
			<report>
				<misses>774200000</misses>
				<total>0</total>
				<timestamp>7130.188560</timestamp>
			</report>
			<report>
				<misses>774300000</misses>
				<total>0</total>
				<timestamp>7131.122719</timestamp>
			</report>
			<report>
				<misses>774400000</misses>
				<total>0</total>
				<timestamp>7132.029935</timestamp>
			</report>
			<report>
				<misses>774500000</misses>
				<total>0</total>
				<timestamp>7132.945486</timestamp>
			</report>
			<report>
				<misses>774600000</misses>
				<total>0</total>
				<timestamp>7133.878019</timestamp>
			</report>
			<report>
				<misses>774700000</misses>
				<total>0</total>
				<timestamp>7134.797963</timestamp>
			</report>
			<report>
				<misses>774800000</misses>
				<total>0</total>
				<timestamp>7135.723268</timestamp>
			</report>
			<report>
				<misses>774900000</misses>
				<total>0</total>
				<timestamp>7136.617738</timestamp>
			</report>
			<report>
				<misses>775000000</misses>
				<total>0</total>
				<timestamp>7137.541796</timestamp>
			</report>
			<report>
				<misses>775100000</misses>
				<total>0</total>
				<timestamp>7138.454350</timestamp>
			</report>
			<report>
				<misses>775200000</misses>
				<total>0</total>
				<timestamp>7139.376907</timestamp>
			</report>
			<report>
				<misses>775300000</misses>
				<total>0</total>
				<timestamp>7140.283553</timestamp>
			</report>
			<report>
				<misses>775400000</misses>
				<total>0</total>
				<timestamp>7141.197932</timestamp>
			</report>
			<report>
				<misses>775500000</misses>
				<total>0</total>
				<timestamp>7142.098425</timestamp>
			</report>
			<report>
				<misses>775600000</misses>
				<total>0</total>
				<timestamp>7142.992735</timestamp>
			</report>
			<report>
				<misses>775700000</misses>
				<total>0</total>
				<timestamp>7143.879004</timestamp>
			</report>
			<report>
				<misses>775800000</misses>
				<total>0</total>
				<timestamp>7144.785633</timestamp>
			</report>
			<report>
				<misses>775900000</misses>
				<total>0</total>
				<timestamp>7145.672462</timestamp>
			</report>
			<report>
				<misses>776000000</misses>
				<total>0</total>
				<timestamp>7146.577280</timestamp>
			</report>
			<report>
				<misses>776100000</misses>
				<total>0</total>
				<timestamp>7147.475615</timestamp>
			</report>
			<report>
				<misses>776200000</misses>
				<total>0</total>
				<timestamp>7148.417192</timestamp>
			</report>
			<report>
				<misses>776300000</misses>
				<total>0</total>
				<timestamp>7149.320984</timestamp>
			</report>
			<report>
				<misses>776400000</misses>
				<total>0</total>
				<timestamp>7150.238995</timestamp>
			</report>
			<report>
				<misses>776500000</misses>
				<total>0</total>
				<timestamp>7151.163487</timestamp>
			</report>
			<report>
				<misses>776600000</misses>
				<total>0</total>
				<timestamp>7152.072947</timestamp>
			</report>
			<report>
				<misses>776700000</misses>
				<total>0</total>
				<timestamp>7152.990642</timestamp>
			</report>
			<report>
				<misses>776800000</misses>
				<total>0</total>
				<timestamp>7153.899085</timestamp>
			</report>
			<report>
				<misses>776900000</misses>
				<total>0</total>
				<timestamp>7154.837388</timestamp>
			</report>
			<report>
				<misses>777000000</misses>
				<total>0</total>
				<timestamp>7155.746435</timestamp>
			</report>
			<report>
				<misses>777100000</misses>
				<total>0</total>
				<timestamp>7156.690961</timestamp>
			</report>
			<report>
				<misses>777200000</misses>
				<total>0</total>
				<timestamp>7157.599292</timestamp>
			</report>
			<report>
				<misses>777300000</misses>
				<total>0</total>
				<timestamp>7158.508891</timestamp>
			</report>
			<report>
				<misses>777400000</misses>
				<total>0</total>
				<timestamp>7159.405527</timestamp>
			</report>
			<report>
				<misses>777500000</misses>
				<total>0</total>
				<timestamp>7160.308636</timestamp>
			</report>
			<report>
				<misses>777600000</misses>
				<total>0</total>
				<timestamp>7161.199566</timestamp>
			</report>
			<report>
				<misses>777700000</misses>
				<total>0</total>
				<timestamp>7162.092099</timestamp>
			</report>
			<report>
				<misses>777800000</misses>
				<total>0</total>
				<timestamp>7162.998865</timestamp>
			</report>
			<report>
				<misses>777900000</misses>
				<total>0</total>
				<timestamp>7163.915959</timestamp>
			</report>
			<report>
				<misses>778000000</misses>
				<total>0</total>
				<timestamp>7164.836035</timestamp>
			</report>
			<report>
				<misses>778100000</misses>
				<total>0</total>
				<timestamp>7165.756333</timestamp>
			</report>
			<report>
				<misses>778200000</misses>
				<total>0</total>
				<timestamp>7166.661608</timestamp>
			</report>
			<report>
				<misses>778300000</misses>
				<total>0</total>
				<timestamp>7167.568477</timestamp>
			</report>
			<report>
				<misses>778400000</misses>
				<total>0</total>
				<timestamp>7168.479490</timestamp>
			</report>
			<report>
				<misses>778500000</misses>
				<total>0</total>
				<timestamp>7169.396060</timestamp>
			</report>
			<report>
				<misses>778600000</misses>
				<total>0</total>
				<timestamp>7170.312990</timestamp>
			</report>
			<report>
				<misses>778700000</misses>
				<total>0</total>
				<timestamp>7171.230967</timestamp>
			</report>
			<report>
				<misses>778800000</misses>
				<total>0</total>
				<timestamp>7172.166387</timestamp>
			</report>
			<report>
				<misses>778900000</misses>
				<total>0</total>
				<timestamp>7173.097886</timestamp>
			</report>
			<report>
				<misses>779000000</misses>
				<total>0</total>
				<timestamp>7174.011914</timestamp>
			</report>
			<report>
				<misses>779100000</misses>
				<total>0</total>
				<timestamp>7174.921338</timestamp>
			</report>
			<report>
				<misses>779200000</misses>
				<total>0</total>
				<timestamp>7175.842360</timestamp>
			</report>
			<report>
				<misses>779300000</misses>
				<total>0</total>
				<timestamp>7176.755157</timestamp>
			</report>
			<report>
				<misses>779400000</misses>
				<total>0</total>
				<timestamp>7177.649151</timestamp>
			</report>
			<report>
				<misses>779500000</misses>
				<total>0</total>
				<timestamp>7178.554226</timestamp>
			</report>
			<report>
				<misses>779600000</misses>
				<total>0</total>
				<timestamp>7179.469244</timestamp>
			</report>
			<report>
				<misses>779700000</misses>
				<total>0</total>
				<timestamp>7180.384973</timestamp>
			</report>
			<report>
				<misses>779800000</misses>
				<total>0</total>
				<timestamp>7181.285233</timestamp>
			</report>
			<report>
				<misses>779900000</misses>
				<total>0</total>
				<timestamp>7182.211807</timestamp>
			</report>
			<report>
				<misses>780000000</misses>
				<total>0</total>
				<timestamp>7183.146676</timestamp>
			</report>
			<report>
				<misses>780100000</misses>
				<total>0</total>
				<timestamp>7184.081757</timestamp>
			</report>
			<report>
				<misses>780200000</misses>
				<total>0</total>
				<timestamp>7185.011049</timestamp>
			</report>
			<report>
				<misses>780300000</misses>
				<total>0</total>
				<timestamp>7185.932081</timestamp>
			</report>
			<report>
				<misses>780400000</misses>
				<total>0</total>
				<timestamp>7186.878926</timestamp>
			</report>
			<report>
				<misses>780500000</misses>
				<total>0</total>
				<timestamp>7187.823268</timestamp>
			</report>
			<report>
				<misses>780600000</misses>
				<total>0</total>
				<timestamp>7188.775304</timestamp>
			</report>
			<report>
				<misses>780700000</misses>
				<total>0</total>
				<timestamp>7189.697204</timestamp>
			</report>
			<report>
				<misses>780800000</misses>
				<total>0</total>
				<timestamp>7190.634691</timestamp>
			</report>
			<report>
				<misses>780900000</misses>
				<total>0</total>
				<timestamp>7191.575205</timestamp>
			</report>
			<report>
				<misses>781000000</misses>
				<total>0</total>
				<timestamp>7192.518703</timestamp>
			</report>
			<report>
				<misses>781100000</misses>
				<total>0</total>
				<timestamp>7193.462499</timestamp>
			</report>
			<report>
				<misses>781200000</misses>
				<total>0</total>
				<timestamp>7194.399064</timestamp>
			</report>
			<report>
				<misses>781300000</misses>
				<total>0</total>
				<timestamp>7195.353617</timestamp>
			</report>
			<report>
				<misses>781400000</misses>
				<total>0</total>
				<timestamp>7196.303187</timestamp>
			</report>
			<report>
				<misses>781500000</misses>
				<total>0</total>
				<timestamp>7197.244075</timestamp>
			</report>
			<report>
				<misses>781600000</misses>
				<total>0</total>
				<timestamp>7198.197146</timestamp>
			</report>
			<report>
				<misses>781700000</misses>
				<total>0</total>
				<timestamp>7199.146335</timestamp>
			</report>
		</query>
	</custom>
	<ethtool_statistic>
		<rx_packets>
			<start>1809768</start>
			<end>124833180</end>
		</rx_packets>
		<tx_packets>
			<start>478</start>
			<end>781788662</end>
		</tx_packets>
		<rx_dropped>
			<start>0</start>
			<end>0</end>
		</rx_dropped>
		<tx_dropped>
			<start>0</start>
			<end>0</end>
		</tx_dropped>
		<collisions>
			<start>0</start>
			<end>0</end>
		</collisions>
		<port_tx_errors>
			<start>0</start>
			<end>0</end>
		</port_tx_errors>
		<port_rx_dropped>
			<start>0</start>
			<end>0</end>
		</port_rx_dropped>
		<port_tx_dropped_link_down>
			<start>0</start>
			<end>0</end>
		</port_tx_dropped_link_down>
	</ethtool_statistic>
	<ip_statistic>
		<mtu>
			<start>9000</start>
			<end>9000</end>
		</mtu>
		<rx_bytes>
			<start>16268812242</start>
			<end>1122175029796</end>
		</rx_bytes>
		<rx_packets>
			<start>1809802</start>
			<end>124833209</end>
		</rx_packets>
		<rx_errors>
			<start>0</start>
			<end>0</end>
		</rx_errors>
		<rx_dropped>
			<start>0</start>
			<end>0</end>
		</rx_dropped>
		<rx_missed>
			<start>0</start>
			<end>0</end>
		</rx_missed>
		<rx_mcast>
			<start>119</start>
			<end>127</end>
		</rx_mcast>
		<tx_bytes>
			<start>48587</start>
			<end>6990676197621</end>
		</tx_bytes>
		<tx_packets>
			<start>478</start>
			<end>781788662</end>
		</tx_packets>
		<tx_errors>
			<start>0</start>
			<end>0</end>
		</tx_errors>
		<tx_dropped>
			<start>0</start>
			<end>0</end>
		</tx_dropped>
		<tx_carrier>
			<start>0</start>
			<end>0</end>
		</tx_carrier>
		<tx_collisions>
			<start>0</start>
			<end>0</end>
		</tx_collisions>
	</ip_statistic>
	<netstat_statistic>
		<udp_pkg_rec>
			<start>2367140</start>
			<end>205805986</end>
		</udp_pkg_rec>
		<udp_pkg_snt>
			<start>2089286</start>
			<end>884557639</end>
		</udp_pkg_snt>
		<udp_rec_err>
			<start>20026</start>
			<end>4747400</end>
		</udp_rec_err>
		<udp_rec_buf_err>
			<start>20026</start>
			<end>4747400</end>
		</udp_rec_buf_err>
		<udp_snt_buf_err>
			<start>0</start>
			<end>0</end>
		</udp_snt_buf_err>
	</netstat_statistic>
</test_results>
