<?xml version="1.0"?>
<test_results>
	<status>STATUS_SUCCESS</status>
	<custom>
		<num_loss>0</num_loss>
		<num_total>1582227</num_total>
		<num_misses>8416796</num_misses>
	</custom>
	<ethtool_statistic>
		<rx_packets>
			<start>143469966</start>
			<end>154041359</end>
		</rx_packets>
		<tx_packets>
			<start>386425194</start>
			<end>399083018</end>
		</tx_packets>
		<rx_dropped>
			<start>1899</start>
			<end>1899</end>
		</rx_dropped>
		<tx_dropped>
			<start>0</start>
			<end>0</end>
		</tx_dropped>
		<collisions>
			<start>0</start>
			<end>0</end>
		</collisions>
		<port_tx_errors>
			<start>0</start>
			<end>0</end>
		</port_tx_errors>
		<port_rx_dropped>
			<start>0</start>
			<end>0</end>
		</port_rx_dropped>
		<port_tx_dropped_link_down>
			<start>0</start>
			<end>0</end>
		</port_tx_dropped_link_down>
	</ethtool_statistic>
	<ip_statistic>
		<mtu>
			<start>9000</start>
			<end>9000</end>
		</mtu>
		<rx_bytes>
			<start>971769425819</start>
			<end>1066298733145</end>
		</rx_bytes>
		<rx_packets>
			<start>143470145</start>
			<end>154041537</end>
		</rx_packets>
		<rx_errors>
			<start>0</start>
			<end>0</end>
		</rx_errors>
		<rx_dropped>
			<start>1899</start>
			<end>1899</end>
		</rx_dropped>
		<rx_missed>
			<start>0</start>
			<end>0</end>
		</rx_missed>
		<rx_mcast>
			<start>256</start>
			<end>257</end>
		</rx_mcast>
		<tx_bytes>
			<start>1935364629656</start>
			<end>2038652408556</end>
		</tx_bytes>
		<tx_packets>
			<start>386425194</start>
			<end>399083018</end>
		</tx_packets>
		<tx_errors>
			<start>0</start>
			<end>0</end>
		</tx_errors>
		<tx_dropped>
			<start>0</start>
			<end>0</end>
		</tx_dropped>
		<tx_carrier>
			<start>0</start>
			<end>0</end>
		</tx_carrier>
		<tx_collisions>
			<start>0</start>
			<end>0</end>
		</tx_collisions>
	</ip_statistic>
</test_results>
