<?xml version="1.0"?>
<test_results>
	<status>STATUS_SUCCESS</status>
	<custom>
		<num_loss>437</num_loss>
		<num_total>5000001</num_total>
		<num_misses>0</num_misses>
		<elapsed_time>1599.984187</elapsed_time>
		<query>
			<report>
				<misses>100000</misses>
				<total>13</total>
				<timestamp>31.999917</timestamp>
			</report>
			<report>
				<misses>200000</misses>
				<total>15</total>
				<timestamp>63.999626</timestamp>
			</report>
			<report>
				<misses>300000</misses>
				<total>39</total>
				<timestamp>95.999254</timestamp>
			</report>
			<report>
				<misses>400000</misses>
				<total>41</total>
				<timestamp>127.998911</timestamp>
			</report>
			<report>
				<misses>500000</misses>
				<total>44</total>
				<timestamp>159.998637</timestamp>
			</report>
			<report>
				<misses>600000</misses>
				<total>47</total>
				<timestamp>191.998241</timestamp>
			</report>
			<report>
				<misses>700000</misses>
				<total>62</total>
				<timestamp>223.997919</timestamp>
			</report>
			<report>
				<misses>800000</misses>
				<total>74</total>
				<timestamp>255.997588</timestamp>
			</report>
			<report>
				<misses>900000</misses>
				<total>74</total>
				<timestamp>287.997292</timestamp>
			</report>
			<report>
				<misses>1000000</misses>
				<total>80</total>
				<timestamp>319.996952</timestamp>
			</report>
			<report>
				<misses>1100000</misses>
				<total>95</total>
				<timestamp>351.996626</timestamp>
			</report>
			<report>
				<misses>1200000</misses>
				<total>109</total>
				<timestamp>383.996347</timestamp>
			</report>
			<report>
				<misses>1300000</misses>
				<total>114</total>
				<timestamp>415.996001</timestamp>
			</report>
			<report>
				<misses>1400000</misses>
				<total>118</total>
				<timestamp>447.995666</timestamp>
			</report>
			<report>
				<misses>1500000</misses>
				<total>126</total>
				<timestamp>479.995366</timestamp>
			</report>
			<report>
				<misses>1600000</misses>
				<total>135</total>
				<timestamp>511.995025</timestamp>
			</report>
			<report>
				<misses>1700000</misses>
				<total>142</total>
				<timestamp>543.994763</timestamp>
			</report>
			<report>
				<misses>1800000</misses>
				<total>158</total>
				<timestamp>575.994407</timestamp>
			</report>
			<report>
				<misses>1900000</misses>
				<total>171</total>
				<timestamp>607.994072</timestamp>
			</report>
			<report>
				<misses>2000000</misses>
				<total>181</total>
				<timestamp>639.993752</timestamp>
			</report>
			<report>
				<misses>2100000</misses>
				<total>183</total>
				<timestamp>671.993441</timestamp>
			</report>
			<report>
				<misses>2200000</misses>
				<total>193</total>
				<timestamp>703.993121</timestamp>
			</report>
			<report>
				<misses>2300000</misses>
				<total>200</total>
				<timestamp>735.992821</timestamp>
			</report>
			<report>
				<misses>2400000</misses>
				<total>206</total>
				<timestamp>767.992491</timestamp>
			</report>
			<report>
				<misses>2500000</misses>
				<total>216</total>
				<timestamp>799.992251</timestamp>
			</report>
			<report>
				<misses>2600000</misses>
				<total>228</total>
				<timestamp>831.991826</timestamp>
			</report>
			<report>
				<misses>2700000</misses>
				<total>244</total>
				<timestamp>863.991515</timestamp>
			</report>
			<report>
				<misses>2800000</misses>
				<total>251</total>
				<timestamp>895.991250</timestamp>
			</report>
			<report>
				<misses>2900000</misses>
				<total>257</total>
				<timestamp>927.990916</timestamp>
			</report>
			<report>
				<misses>3000000</misses>
				<total>264</total>
				<timestamp>959.990540</timestamp>
			</report>
			<report>
				<misses>3100000</misses>
				<total>263</total>
				<timestamp>991.990326</timestamp>
			</report>
			<report>
				<misses>3200000</misses>
				<total>272</total>
				<timestamp>1023.989986</timestamp>
			</report>
			<report>
				<misses>3300000</misses>
				<total>281</total>
				<timestamp>1055.989646</timestamp>
			</report>
			<report>
				<misses>3400000</misses>
				<total>288</total>
				<timestamp>1087.989418</timestamp>
			</report>
			<report>
				<misses>3500000</misses>
				<total>293</total>
				<timestamp>1119.988972</timestamp>
			</report>
			<report>
				<misses>3600000</misses>
				<total>298</total>
				<timestamp>1151.988641</timestamp>
			</report>
			<report>
				<misses>3700000</misses>
				<total>308</total>
				<timestamp>1183.988311</timestamp>
			</report>
			<report>
				<misses>3800000</misses>
				<total>323</total>
				<timestamp>1215.987978</timestamp>
			</report>
			<report>
				<misses>3900000</misses>
				<total>332</total>
				<timestamp>1247.987685</timestamp>
			</report>
			<report>
				<misses>4000000</misses>
				<total>339</total>
				<timestamp>1279.987459</timestamp>
			</report>
			<report>
				<misses>4100000</misses>
				<total>348</total>
				<timestamp>1311.987031</timestamp>
			</report>
			<report>
				<misses>4200000</misses>
				<total>355</total>
				<timestamp>1343.986713</timestamp>
			</report>
			<report>
				<misses>4300000</misses>
				<total>364</total>
				<timestamp>1375.986444</timestamp>
			</report>
			<report>
				<misses>4400000</misses>
				<total>381</total>
				<timestamp>1407.986062</timestamp>
			</report>
			<report>
				<misses>4500000</misses>
				<total>381</total>
				<timestamp>1439.985789</timestamp>
			</report>
			<report>
				<misses>4600000</misses>
				<total>394</total>
				<timestamp>1471.985450</timestamp>
			</report>
			<report>
				<misses>4700000</misses>
				<total>402</total>
				<timestamp>1503.985110</timestamp>
			</report>
			<report>
				<misses>4800000</misses>
				<total>422</total>
				<timestamp>1535.984795</timestamp>
			</report>
			<report>
				<misses>4900000</misses>
				<total>422</total>
				<timestamp>1567.984470</timestamp>
			</report>
			<report>
				<misses>5000000</misses>
				<total>438</total>
				<timestamp>1599.984152</timestamp>
			</report>
		</query>
	</custom>
	<ethtool_statistic>
		<rx_packets>
			<start>4772051028</start>
			<end>4846780573</end>
		</rx_packets>
		<tx_packets>
			<start>6238834780</start>
			<end>6323673890</end>
		</tx_packets>
		<rx_dropped>
			<start>250</start>
			<end>250</end>
		</rx_dropped>
		<tx_dropped>
			<start>0</start>
			<end>0</end>
		</tx_dropped>
		<collisions>
			<start>0</start>
			<end>0</end>
		</collisions>
		<port_tx_errors>
			<start>0</start>
			<end>0</end>
		</port_tx_errors>
		<port_rx_dropped>
			<start>0</start>
			<end>0</end>
		</port_rx_dropped>
		<port_tx_dropped_link_down>
			<start>0</start>
			<end>0</end>
		</port_tx_dropped_link_down>
	</ethtool_statistic>
	<ip_statistic>
		<mtu>
			<start>9000</start>
			<end>9000</end>
		</mtu>
		<rx_bytes>
			<start>42899254100061</start>
			<end>43571066387333</end>
		</rx_bytes>
		<rx_packets>
			<start>4772051086</start>
			<end>4846780754</end>
		</rx_packets>
		<rx_errors>
			<start>0</start>
			<end>0</end>
		</rx_errors>
		<rx_dropped>
			<start>250</start>
			<end>250</end>
		</rx_dropped>
		<rx_missed>
			<start>0</start>
			<end>0</end>
		</rx_missed>
		<rx_mcast>
			<start>1377</start>
			<end>1400</end>
		</rx_mcast>
		<tx_bytes>
			<start>42688154329568</start>
			<end>43417652967240</end>
		</tx_bytes>
		<tx_packets>
			<start>6238834821</start>
			<end>6323673980</end>
		</tx_packets>
		<tx_errors>
			<start>0</start>
			<end>0</end>
		</tx_errors>
		<tx_dropped>
			<start>0</start>
			<end>0</end>
		</tx_dropped>
		<tx_carrier>
			<start>0</start>
			<end>0</end>
		</tx_carrier>
		<tx_collisions>
			<start>0</start>
			<end>0</end>
		</tx_collisions>
	</ip_statistic>
	<netstat_statistic>
		<udp_pkg_rec>
			<start>4511354210</start>
			<end>4583139029</end>
		</udp_pkg_rec>
		<udp_pkg_snt>
			<start>4644989585</start>
			<end>4694841405</end>
		</udp_pkg_snt>
		<udp_rec_err>
			<start>261199961</start>
			<end>264152906</end>
		</udp_rec_err>
		<udp_rec_buf_err>
			<start>261199961</start>
			<end>264152906</end>
		</udp_rec_buf_err>
		<udp_snt_buf_err>
			<start>0</start>
			<end>0</end>
		</udp_snt_buf_err>
	</netstat_statistic>
</test_results>
