<?xml version="1.0"?>
<test_results>
	<status>STATUS_SUCCESS</status>
	<custom>
		<num_loss>119784</num_loss>
		<num_total>2000001</num_total>
		<num_misses>10</num_misses>
		<elapsed_time>319.969924</elapsed_time>
		<query>
			<report>
				<misses>10000</misses>
				<total>0</total>
			</report>
			<report>
				<misses>20000</misses>
				<total>5</total>
			</report>
			<report>
				<misses>30000</misses>
				<total>5</total>
			</report>
			<report>
				<misses>40000</misses>
				<total>5</total>
			</report>
			<report>
				<misses>50000</misses>
				<total>9</total>
			</report>
			<report>
				<misses>60000</misses>
				<total>19</total>
			</report>
			<report>
				<misses>70000</misses>
				<total>23</total>
			</report>
			<report>
				<misses>80000</misses>
				<total>27</total>
			</report>
			<report>
				<misses>90000</misses>
				<total>28</total>
			</report>
			<report>
				<misses>100000</misses>
				<total>28</total>
			</report>
			<report>
				<misses>110000</misses>
				<total>34</total>
			</report>
			<report>
				<misses>120000</misses>
				<total>35</total>
			</report>
			<report>
				<misses>130000</misses>
				<total>37</total>
			</report>
			<report>
				<misses>140000</misses>
				<total>52</total>
			</report>
			<report>
				<misses>150000</misses>
				<total>65</total>
			</report>
			<report>
				<misses>160000</misses>
				<total>67</total>
			</report>
			<report>
				<misses>170000</misses>
				<total>76</total>
			</report>
			<report>
				<misses>180000</misses>
				<total>79</total>
			</report>
			<report>
				<misses>190000</misses>
				<total>83</total>
			</report>
			<report>
				<misses>200000</misses>
				<total>83</total>
			</report>
			<report>
				<misses>210000</misses>
				<total>83</total>
			</report>
			<report>
				<misses>220000</misses>
				<total>84</total>
			</report>
			<report>
				<misses>230000</misses>
				<total>84</total>
			</report>
			<report>
				<misses>240000</misses>
				<total>85</total>
			</report>
			<report>
				<misses>250000</misses>
				<total>87</total>
			</report>
			<report>
				<misses>260000</misses>
				<total>87</total>
			</report>
			<report>
				<misses>270000</misses>
				<total>87</total>
			</report>
			<report>
				<misses>280000</misses>
				<total>90</total>
			</report>
			<report>
				<misses>290000</misses>
				<total>91</total>
			</report>
			<report>
				<misses>300000</misses>
				<total>94</total>
			</report>
			<report>
				<misses>310000</misses>
				<total>99</total>
			</report>
			<report>
				<misses>320000</misses>
				<total>100</total>
			</report>
			<report>
				<misses>330000</misses>
				<total>105</total>
			</report>
			<report>
				<misses>340000</misses>
				<total>105</total>
			</report>
			<report>
				<misses>350000</misses>
				<total>121</total>
			</report>
			<report>
				<misses>360000</misses>
				<total>132</total>
			</report>
			<report>
				<misses>370000</misses>
				<total>138</total>
			</report>
			<report>
				<misses>380000</misses>
				<total>139</total>
			</report>
			<report>
				<misses>390000</misses>
				<total>140</total>
			</report>
			<report>
				<misses>400000</misses>
				<total>142</total>
			</report>
			<report>
				<misses>410000</misses>
				<total>142</total>
			</report>
			<report>
				<misses>420000</misses>
				<total>7227</total>
			</report>
			<report>
				<misses>430000</misses>
				<total>17226</total>
			</report>
			<report>
				<misses>440000</misses>
				<total>27225</total>
			</report>
			<report>
				<misses>450000</misses>
				<total>37224</total>
			</report>
			<report>
				<misses>460000</misses>
				<total>47223</total>
			</report>
			<report>
				<misses>470000</misses>
				<total>57222</total>
			</report>
			<report>
				<misses>480000</misses>
				<total>67221</total>
			</report>
			<report>
				<misses>490000</misses>
				<total>77220</total>
			</report>
			<report>
				<misses>500000</misses>
				<total>87219</total>
			</report>
			<report>
				<misses>510000</misses>
				<total>97218</total>
			</report>
			<report>
				<misses>520000</misses>
				<total>107217</total>
			</report>
			<report>
				<misses>530000</misses>
				<total>112197</total>
			</report>
			<report>
				<misses>540000</misses>
				<total>119214</total>
			</report>
			<report>
				<misses>550000</misses>
				<total>119214</total>
			</report>
			<report>
				<misses>560000</misses>
				<total>119215</total>
			</report>
			<report>
				<misses>570000</misses>
				<total>119217</total>
			</report>
			<report>
				<misses>580000</misses>
				<total>119222</total>
			</report>
			<report>
				<misses>590000</misses>
				<total>119231</total>
			</report>
			<report>
				<misses>600000</misses>
				<total>119231</total>
			</report>
			<report>
				<misses>610000</misses>
				<total>119233</total>
			</report>
			<report>
				<misses>620000</misses>
				<total>119237</total>
			</report>
			<report>
				<misses>630000</misses>
				<total>119239</total>
			</report>
			<report>
				<misses>640000</misses>
				<total>119245</total>
			</report>
			<report>
				<misses>650000</misses>
				<total>119267</total>
			</report>
			<report>
				<misses>660000</misses>
				<total>119267</total>
			</report>
			<report>
				<misses>670000</misses>
				<total>119267</total>
			</report>
			<report>
				<misses>680000</misses>
				<total>119267</total>
			</report>
			<report>
				<misses>690000</misses>
				<total>119267</total>
			</report>
			<report>
				<misses>700000</misses>
				<total>119269</total>
			</report>
			<report>
				<misses>710000</misses>
				<total>119269</total>
			</report>
			<report>
				<misses>720000</misses>
				<total>119292</total>
			</report>
			<report>
				<misses>730000</misses>
				<total>119308</total>
			</report>
			<report>
				<misses>740000</misses>
				<total>119308</total>
			</report>
			<report>
				<misses>750000</misses>
				<total>119311</total>
			</report>
			<report>
				<misses>760000</misses>
				<total>119311</total>
			</report>
			<report>
				<misses>770000</misses>
				<total>119318</total>
			</report>
			<report>
				<misses>780000</misses>
				<total>119319</total>
			</report>
			<report>
				<misses>790000</misses>
				<total>119331</total>
			</report>
			<report>
				<misses>800000</misses>
				<total>119345</total>
			</report>
			<report>
				<misses>810000</misses>
				<total>119347</total>
			</report>
			<report>
				<misses>820000</misses>
				<total>119348</total>
			</report>
			<report>
				<misses>830000</misses>
				<total>119349</total>
			</report>
			<report>
				<misses>840000</misses>
				<total>119349</total>
			</report>
			<report>
				<misses>850000</misses>
				<total>119362</total>
			</report>
			<report>
				<misses>860000</misses>
				<total>119361</total>
			</report>
			<report>
				<misses>870000</misses>
				<total>119375</total>
			</report>
			<report>
				<misses>880000</misses>
				<total>119381</total>
			</report>
			<report>
				<misses>890000</misses>
				<total>119383</total>
			</report>
			<report>
				<misses>900000</misses>
				<total>119385</total>
			</report>
			<report>
				<misses>910000</misses>
				<total>119385</total>
			</report>
			<report>
				<misses>920000</misses>
				<total>119385</total>
			</report>
			<report>
				<misses>930000</misses>
				<total>119386</total>
			</report>
			<report>
				<misses>940000</misses>
				<total>119403</total>
			</report>
			<report>
				<misses>950000</misses>
				<total>119405</total>
			</report>
			<report>
				<misses>960000</misses>
				<total>119407</total>
			</report>
			<report>
				<misses>970000</misses>
				<total>119407</total>
			</report>
			<report>
				<misses>980000</misses>
				<total>119413</total>
			</report>
			<report>
				<misses>990000</misses>
				<total>119414</total>
			</report>
			<report>
				<misses>1000000</misses>
				<total>119437</total>
			</report>
			<report>
				<misses>1010000</misses>
				<total>119437</total>
			</report>
			<report>
				<misses>1020000</misses>
				<total>119442</total>
			</report>
			<report>
				<misses>1030000</misses>
				<total>119447</total>
			</report>
			<report>
				<misses>1040000</misses>
				<total>119447</total>
			</report>
			<report>
				<misses>1050000</misses>
				<total>119462</total>
			</report>
			<report>
				<misses>1060000</misses>
				<total>119462</total>
			</report>
			<report>
				<misses>1070000</misses>
				<total>119465</total>
			</report>
			<report>
				<misses>1080000</misses>
				<total>119469</total>
			</report>
			<report>
				<misses>1090000</misses>
				<total>119469</total>
			</report>
			<report>
				<misses>1100000</misses>
				<total>119473</total>
			</report>
			<report>
				<misses>1110000</misses>
				<total>119475</total>
			</report>
			<report>
				<misses>1120000</misses>
				<total>119486</total>
			</report>
			<report>
				<misses>1130000</misses>
				<total>119488</total>
			</report>
			<report>
				<misses>1140000</misses>
				<total>119489</total>
			</report>
			<report>
				<misses>1150000</misses>
				<total>119489</total>
			</report>
			<report>
				<misses>1160000</misses>
				<total>119491</total>
			</report>
			<report>
				<misses>1170000</misses>
				<total>119494</total>
			</report>
			<report>
				<misses>1180000</misses>
				<total>119494</total>
			</report>
			<report>
				<misses>1190000</misses>
				<total>119493</total>
			</report>
			<report>
				<misses>1200000</misses>
				<total>119494</total>
			</report>
			<report>
				<misses>1210000</misses>
				<total>119494</total>
			</report>
			<report>
				<misses>1220000</misses>
				<total>119500</total>
			</report>
			<report>
				<misses>1230000</misses>
				<total>119500</total>
			</report>
			<report>
				<misses>1240000</misses>
				<total>119500</total>
			</report>
			<report>
				<misses>1250000</misses>
				<total>119500</total>
			</report>
			<report>
				<misses>1260000</misses>
				<total>119503</total>
			</report>
			<report>
				<misses>1270000</misses>
				<total>119506</total>
			</report>
			<report>
				<misses>1280000</misses>
				<total>119507</total>
			</report>
			<report>
				<misses>1290000</misses>
				<total>119514</total>
			</report>
			<report>
				<misses>1300000</misses>
				<total>119515</total>
			</report>
			<report>
				<misses>1310000</misses>
				<total>119519</total>
			</report>
			<report>
				<misses>1320000</misses>
				<total>119522</total>
			</report>
			<report>
				<misses>1330000</misses>
				<total>119523</total>
			</report>
			<report>
				<misses>1340000</misses>
				<total>119529</total>
			</report>
			<report>
				<misses>1350000</misses>
				<total>119529</total>
			</report>
			<report>
				<misses>1360000</misses>
				<total>119542</total>
			</report>
			<report>
				<misses>1370000</misses>
				<total>119544</total>
			</report>
			<report>
				<misses>1380000</misses>
				<total>119548</total>
			</report>
			<report>
				<misses>1390000</misses>
				<total>119550</total>
			</report>
			<report>
				<misses>1400000</misses>
				<total>119551</total>
			</report>
			<report>
				<misses>1410000</misses>
				<total>119554</total>
			</report>
			<report>
				<misses>1420000</misses>
				<total>119559</total>
			</report>
			<report>
				<misses>1430000</misses>
				<total>119566</total>
			</report>
			<report>
				<misses>1440000</misses>
				<total>119575</total>
			</report>
			<report>
				<misses>1450000</misses>
				<total>119577</total>
			</report>
			<report>
				<misses>1460000</misses>
				<total>119585</total>
			</report>
			<report>
				<misses>1470000</misses>
				<total>119588</total>
			</report>
			<report>
				<misses>1480000</misses>
				<total>119588</total>
			</report>
			<report>
				<misses>1490000</misses>
				<total>119598</total>
			</report>
			<report>
				<misses>1500000</misses>
				<total>119603</total>
			</report>
			<report>
				<misses>1510000</misses>
				<total>119606</total>
			</report>
			<report>
				<misses>1520000</misses>
				<total>119606</total>
			</report>
			<report>
				<misses>1530000</misses>
				<total>119607</total>
			</report>
			<report>
				<misses>1540000</misses>
				<total>119610</total>
			</report>
			<report>
				<misses>1550000</misses>
				<total>119616</total>
			</report>
			<report>
				<misses>1560000</misses>
				<total>119622</total>
			</report>
			<report>
				<misses>1570000</misses>
				<total>119628</total>
			</report>
			<report>
				<misses>1580000</misses>
				<total>119629</total>
			</report>
			<report>
				<misses>1590000</misses>
				<total>119636</total>
			</report>
			<report>
				<misses>1600000</misses>
				<total>119638</total>
			</report>
			<report>
				<misses>1610000</misses>
				<total>119644</total>
			</report>
			<report>
				<misses>1620000</misses>
				<total>119645</total>
			</report>
			<report>
				<misses>1630000</misses>
				<total>119646</total>
			</report>
			<report>
				<misses>1640000</misses>
				<total>119646</total>
			</report>
			<report>
				<misses>1650000</misses>
				<total>119674</total>
			</report>
			<report>
				<misses>1660000</misses>
				<total>119674</total>
			</report>
			<report>
				<misses>1670000</misses>
				<total>119684</total>
			</report>
			<report>
				<misses>1680000</misses>
				<total>119688</total>
			</report>
			<report>
				<misses>1690000</misses>
				<total>119688</total>
			</report>
			<report>
				<misses>1700000</misses>
				<total>119690</total>
			</report>
			<report>
				<misses>1710000</misses>
				<total>119690</total>
			</report>
			<report>
				<misses>1720000</misses>
				<total>119690</total>
			</report>
			<report>
				<misses>1730000</misses>
				<total>119703</total>
			</report>
			<report>
				<misses>1740000</misses>
				<total>119704</total>
			</report>
			<report>
				<misses>1750000</misses>
				<total>119706</total>
			</report>
			<report>
				<misses>1760000</misses>
				<total>119711</total>
			</report>
			<report>
				<misses>1770000</misses>
				<total>119711</total>
			</report>
			<report>
				<misses>1780000</misses>
				<total>119727</total>
			</report>
			<report>
				<misses>1790000</misses>
				<total>119727</total>
			</report>
			<report>
				<misses>1800000</misses>
				<total>119728</total>
			</report>
			<report>
				<misses>1810000</misses>
				<total>119728</total>
			</report>
			<report>
				<misses>1820000</misses>
				<total>119728</total>
			</report>
			<report>
				<misses>1830000</misses>
				<total>119728</total>
			</report>
			<report>
				<misses>1840000</misses>
				<total>119744</total>
			</report>
			<report>
				<misses>1850000</misses>
				<total>119745</total>
			</report>
			<report>
				<misses>1860000</misses>
				<total>119745</total>
			</report>
			<report>
				<misses>1870000</misses>
				<total>119746</total>
			</report>
			<report>
				<misses>1880000</misses>
				<total>119746</total>
			</report>
			<report>
				<misses>1890000</misses>
				<total>119748</total>
			</report>
			<report>
				<misses>1900000</misses>
				<total>119750</total>
			</report>
			<report>
				<misses>1910000</misses>
				<total>119750</total>
			</report>
			<report>
				<misses>1920000</misses>
				<total>119753</total>
			</report>
			<report>
				<misses>1930000</misses>
				<total>119753</total>
			</report>
			<report>
				<misses>1940000</misses>
				<total>119753</total>
			</report>
			<report>
				<misses>1950000</misses>
				<total>119754</total>
			</report>
			<report>
				<misses>1960000</misses>
				<total>119769</total>
			</report>
			<report>
				<misses>1970000</misses>
				<total>119773</total>
			</report>
			<report>
				<misses>1980000</misses>
				<total>119778</total>
			</report>
			<report>
				<misses>1990000</misses>
				<total>119779</total>
			</report>
			<report>
				<misses>2000000</misses>
				<total>119785</total>
			</report>
		</query>
	</custom>
	<ethtool_statistic>
		<rx_packets>
			<start>17255002969</start>
			<end>17270129667</end>
		</rx_packets>
		<tx_packets>
			<start>20320323639</start>
			<end>20345399179</end>
		</tx_packets>
		<rx_dropped>
			<start>267</start>
			<end>267</end>
		</rx_dropped>
		<tx_dropped>
			<start>0</start>
			<end>0</end>
		</tx_dropped>
		<collisions>
			<start>0</start>
			<end>0</end>
		</collisions>
		<port_tx_errors>
			<start>0</start>
			<end>0</end>
		</port_tx_errors>
		<port_rx_dropped>
			<start>0</start>
			<end>0</end>
		</port_rx_dropped>
		<port_tx_dropped_link_down>
			<start>0</start>
			<end>0</end>
		</port_tx_dropped_link_down>
	</ethtool_statistic>
	<ip_statistic>
		<mtu>
			<start>9000</start>
			<end>9000</end>
		</mtu>
		<rx_bytes>
			<start>155109310037287</start>
			<end>155245295550833</end>
		</rx_bytes>
		<rx_packets>
			<start>17255003058</start>
			<end>17270129740</end>
		</rx_packets>
		<rx_errors>
			<start>0</start>
			<end>0</end>
		</rx_errors>
		<rx_dropped>
			<start>273</start>
			<end>273</end>
		</rx_dropped>
		<rx_missed>
			<start>0</start>
			<end>0</end>
		</rx_missed>
		<rx_mcast>
			<start>12429</start>
			<end>12432</end>
		</rx_mcast>
		<tx_bytes>
			<start>138702940251113</start>
			<end>138915087744649</end>
		</tx_bytes>
		<tx_packets>
			<start>20320323695</start>
			<end>20345399231</end>
		</tx_packets>
		<tx_errors>
			<start>0</start>
			<end>0</end>
		</tx_errors>
		<tx_dropped>
			<start>0</start>
			<end>0</end>
		</tx_dropped>
		<tx_carrier>
			<start>0</start>
			<end>0</end>
		</tx_carrier>
		<tx_collisions>
			<start>0</start>
			<end>0</end>
		</tx_collisions>
	</ip_statistic>
	<netstat_statistic>
		<udp_pkg_rec>
			<start>16969577799</start>
			<end>16983743371</end>
		</udp_pkg_rec>
		<udp_pkg_snt>
			<start>16906563763</start>
			<end>16917641417</end>
		</udp_pkg_snt>
		<udp_rec_err>
			<start>287420161</start>
			<end>288381128</end>
		</udp_rec_err>
		<udp_rec_buf_err>
			<start>287420161</start>
			<end>288381128</end>
		</udp_rec_buf_err>
		<udp_snt_buf_err>
			<start>28</start>
			<end>28</end>
		</udp_snt_buf_err>
	</netstat_statistic>
</test_results>
