<?xml version="1.0"?>
<test_results>
	<status>STATUS_SUCCESS</status>
	<custom>
		<num_loss>255</num_loss>
		<num_total>345630356</num_total>
		<num_misses>1094358391</num_misses>
		<elapsed_time>3599.963229</elapsed_time>
		<query>
			<report>
				<misses>100001</misses>
				<total>0</total>
				<timestamp>1.013071</timestamp>
			</report>
			<report>
				<misses>200001</misses>
				<total>0</total>
				<timestamp>2.015339</timestamp>
			</report>
			<report>
				<misses>300001</misses>
				<total>0</total>
				<timestamp>3.003498</timestamp>
			</report>
			<report>
				<misses>400001</misses>
				<total>0</total>
				<timestamp>3.991485</timestamp>
			</report>
			<report>
				<misses>500001</misses>
				<total>0</total>
				<timestamp>4.973811</timestamp>
			</report>
			<report>
				<misses>600001</misses>
				<total>0</total>
				<timestamp>5.990505</timestamp>
			</report>
			<report>
				<misses>700001</misses>
				<total>0</total>
				<timestamp>6.992677</timestamp>
			</report>
			<report>
				<misses>800001</misses>
				<total>0</total>
				<timestamp>7.990370</timestamp>
			</report>
			<report>
				<misses>900001</misses>
				<total>0</total>
				<timestamp>9.043975</timestamp>
			</report>
			<report>
				<misses>1000001</misses>
				<total>0</total>
				<timestamp>10.103963</timestamp>
			</report>
			<report>
				<misses>1100001</misses>
				<total>0</total>
				<timestamp>11.150585</timestamp>
			</report>
			<report>
				<misses>1200001</misses>
				<total>0</total>
				<timestamp>12.201052</timestamp>
			</report>
			<report>
				<misses>1300001</misses>
				<total>0</total>
				<timestamp>13.261553</timestamp>
			</report>
			<report>
				<misses>1400001</misses>
				<total>0</total>
				<timestamp>14.318139</timestamp>
			</report>
			<report>
				<misses>1500001</misses>
				<total>0</total>
				<timestamp>15.322197</timestamp>
			</report>
			<report>
				<misses>1600001</misses>
				<total>0</total>
				<timestamp>16.325482</timestamp>
			</report>
			<report>
				<misses>1700001</misses>
				<total>0</total>
				<timestamp>17.323682</timestamp>
			</report>
			<report>
				<misses>1800001</misses>
				<total>0</total>
				<timestamp>18.328699</timestamp>
			</report>
			<report>
				<misses>1900001</misses>
				<total>0</total>
				<timestamp>19.333272</timestamp>
			</report>
			<report>
				<misses>2000001</misses>
				<total>0</total>
				<timestamp>20.367130</timestamp>
			</report>
			<report>
				<misses>2100001</misses>
				<total>0</total>
				<timestamp>21.434410</timestamp>
			</report>
			<report>
				<misses>2200001</misses>
				<total>0</total>
				<timestamp>22.477624</timestamp>
			</report>
			<report>
				<misses>2300001</misses>
				<total>0</total>
				<timestamp>23.535011</timestamp>
			</report>
			<report>
				<misses>2400001</misses>
				<total>0</total>
				<timestamp>24.598242</timestamp>
			</report>
			<report>
				<misses>2500001</misses>
				<total>0</total>
				<timestamp>25.609990</timestamp>
			</report>
			<report>
				<misses>2600001</misses>
				<total>0</total>
				<timestamp>26.636885</timestamp>
			</report>
			<report>
				<misses>2700001</misses>
				<total>9</total>
				<timestamp>27.697160</timestamp>
			</report>
			<report>
				<misses>2800001</misses>
				<total>9</total>
				<timestamp>28.714248</timestamp>
			</report>
			<report>
				<misses>2900001</misses>
				<total>9</total>
				<timestamp>29.722702</timestamp>
			</report>
			<report>
				<misses>3000001</misses>
				<total>9</total>
				<timestamp>30.784053</timestamp>
			</report>
			<report>
				<misses>3100001</misses>
				<total>9</total>
				<timestamp>31.837788</timestamp>
			</report>
			<report>
				<misses>3200001</misses>
				<total>9</total>
				<timestamp>32.920056</timestamp>
			</report>
			<report>
				<misses>3300001</misses>
				<total>9</total>
				<timestamp>33.974754</timestamp>
			</report>
			<report>
				<misses>3400001</misses>
				<total>9</total>
				<timestamp>35.024563</timestamp>
			</report>
			<report>
				<misses>3500001</misses>
				<total>9</total>
				<timestamp>36.081250</timestamp>
			</report>
			<report>
				<misses>3600001</misses>
				<total>9</total>
				<timestamp>37.091766</timestamp>
			</report>
			<report>
				<misses>3700001</misses>
				<total>9</total>
				<timestamp>38.086304</timestamp>
			</report>
			<report>
				<misses>3800001</misses>
				<total>9</total>
				<timestamp>39.095421</timestamp>
			</report>
			<report>
				<misses>3900001</misses>
				<total>9</total>
				<timestamp>40.086417</timestamp>
			</report>
			<report>
				<misses>4000001</misses>
				<total>9</total>
				<timestamp>41.079986</timestamp>
			</report>
			<report>
				<misses>4100001</misses>
				<total>9</total>
				<timestamp>42.083276</timestamp>
			</report>
			<report>
				<misses>4200001</misses>
				<total>9</total>
				<timestamp>43.089599</timestamp>
			</report>
			<report>
				<misses>4300001</misses>
				<total>9</total>
				<timestamp>44.089074</timestamp>
			</report>
			<report>
				<misses>4400001</misses>
				<total>9</total>
				<timestamp>45.089014</timestamp>
			</report>
			<report>
				<misses>4500001</misses>
				<total>9</total>
				<timestamp>46.083902</timestamp>
			</report>
			<report>
				<misses>4600001</misses>
				<total>9</total>
				<timestamp>47.065768</timestamp>
			</report>
			<report>
				<misses>4700001</misses>
				<total>9</total>
				<timestamp>48.052089</timestamp>
			</report>
			<report>
				<misses>4800001</misses>
				<total>9</total>
				<timestamp>49.044344</timestamp>
			</report>
			<report>
				<misses>4900001</misses>
				<total>9</total>
				<timestamp>50.027126</timestamp>
			</report>
			<report>
				<misses>5000001</misses>
				<total>9</total>
				<timestamp>51.003816</timestamp>
			</report>
			<report>
				<misses>5100001</misses>
				<total>9</total>
				<timestamp>51.987001</timestamp>
			</report>
			<report>
				<misses>5200001</misses>
				<total>9</total>
				<timestamp>52.973605</timestamp>
			</report>
			<report>
				<misses>5300001</misses>
				<total>9</total>
				<timestamp>54.000446</timestamp>
			</report>
			<report>
				<misses>5400001</misses>
				<total>9</total>
				<timestamp>55.054104</timestamp>
			</report>
			<report>
				<misses>5500001</misses>
				<total>9</total>
				<timestamp>56.069654</timestamp>
			</report>
			<report>
				<misses>5600001</misses>
				<total>9</total>
				<timestamp>57.085918</timestamp>
			</report>
			<report>
				<misses>5700001</misses>
				<total>9</total>
				<timestamp>58.141696</timestamp>
			</report>
			<report>
				<misses>5800001</misses>
				<total>9</total>
				<timestamp>59.204330</timestamp>
			</report>
			<report>
				<misses>5900001</misses>
				<total>9</total>
				<timestamp>60.278460</timestamp>
			</report>
			<report>
				<misses>6000001</misses>
				<total>9</total>
				<timestamp>61.324965</timestamp>
			</report>
			<report>
				<misses>6100001</misses>
				<total>9</total>
				<timestamp>62.412491</timestamp>
			</report>
			<report>
				<misses>6200001</misses>
				<total>9</total>
				<timestamp>63.463785</timestamp>
			</report>
			<report>
				<misses>6300001</misses>
				<total>9</total>
				<timestamp>64.524997</timestamp>
			</report>
			<report>
				<misses>6400001</misses>
				<total>9</total>
				<timestamp>65.609126</timestamp>
			</report>
			<report>
				<misses>6500001</misses>
				<total>9</total>
				<timestamp>66.673049</timestamp>
			</report>
			<report>
				<misses>6600001</misses>
				<total>9</total>
				<timestamp>67.733766</timestamp>
			</report>
			<report>
				<misses>6700001</misses>
				<total>9</total>
				<timestamp>68.797935</timestamp>
			</report>
			<report>
				<misses>6800001</misses>
				<total>9</total>
				<timestamp>69.846715</timestamp>
			</report>
			<report>
				<misses>6900001</misses>
				<total>9</total>
				<timestamp>70.912957</timestamp>
			</report>
			<report>
				<misses>7000001</misses>
				<total>9</total>
				<timestamp>71.968043</timestamp>
			</report>
			<report>
				<misses>7100001</misses>
				<total>9</total>
				<timestamp>73.031446</timestamp>
			</report>
			<report>
				<misses>7200001</misses>
				<total>9</total>
				<timestamp>74.084547</timestamp>
			</report>
			<report>
				<misses>7300001</misses>
				<total>9</total>
				<timestamp>75.140547</timestamp>
			</report>
			<report>
				<misses>7400001</misses>
				<total>9</total>
				<timestamp>76.200269</timestamp>
			</report>
			<report>
				<misses>7500001</misses>
				<total>9</total>
				<timestamp>77.238289</timestamp>
			</report>
			<report>
				<misses>7600001</misses>
				<total>9</total>
				<timestamp>78.246506</timestamp>
			</report>
			<report>
				<misses>7700001</misses>
				<total>9</total>
				<timestamp>79.258821</timestamp>
			</report>
			<report>
				<misses>7800001</misses>
				<total>9</total>
				<timestamp>80.267372</timestamp>
			</report>
			<report>
				<misses>7900001</misses>
				<total>9</total>
				<timestamp>81.275789</timestamp>
			</report>
			<report>
				<misses>8000001</misses>
				<total>9</total>
				<timestamp>82.323707</timestamp>
			</report>
			<report>
				<misses>8100001</misses>
				<total>9</total>
				<timestamp>83.392284</timestamp>
			</report>
			<report>
				<misses>8200001</misses>
				<total>9</total>
				<timestamp>84.421300</timestamp>
			</report>
			<report>
				<misses>8300001</misses>
				<total>9</total>
				<timestamp>85.408906</timestamp>
			</report>
			<report>
				<misses>8400001</misses>
				<total>9</total>
				<timestamp>86.455032</timestamp>
			</report>
			<report>
				<misses>8500001</misses>
				<total>9</total>
				<timestamp>87.512014</timestamp>
			</report>
			<report>
				<misses>8600001</misses>
				<total>9</total>
				<timestamp>88.579333</timestamp>
			</report>
			<report>
				<misses>8700001</misses>
				<total>9</total>
				<timestamp>89.615002</timestamp>
			</report>
			<report>
				<misses>8800001</misses>
				<total>9</total>
				<timestamp>90.627019</timestamp>
			</report>
			<report>
				<misses>8900001</misses>
				<total>9</total>
				<timestamp>91.608476</timestamp>
			</report>
			<report>
				<misses>9000001</misses>
				<total>9</total>
				<timestamp>92.605302</timestamp>
			</report>
			<report>
				<misses>9100001</misses>
				<total>9</total>
				<timestamp>93.597495</timestamp>
			</report>
			<report>
				<misses>9200001</misses>
				<total>9</total>
				<timestamp>94.590318</timestamp>
			</report>
			<report>
				<misses>9300001</misses>
				<total>11</total>
				<timestamp>95.615543</timestamp>
			</report>
			<report>
				<misses>9400001</misses>
				<total>11</total>
				<timestamp>96.624272</timestamp>
			</report>
			<report>
				<misses>9500001</misses>
				<total>11</total>
				<timestamp>97.634113</timestamp>
			</report>
			<report>
				<misses>9600001</misses>
				<total>21</total>
				<timestamp>98.644306</timestamp>
			</report>
			<report>
				<misses>9700001</misses>
				<total>21</total>
				<timestamp>99.685319</timestamp>
			</report>
			<report>
				<misses>9800001</misses>
				<total>21</total>
				<timestamp>100.752491</timestamp>
			</report>
			<report>
				<misses>9900001</misses>
				<total>21</total>
				<timestamp>101.801581</timestamp>
			</report>
			<report>
				<misses>10000001</misses>
				<total>21</total>
				<timestamp>102.856237</timestamp>
			</report>
			<report>
				<misses>10100001</misses>
				<total>21</total>
				<timestamp>103.913614</timestamp>
			</report>
			<report>
				<misses>10200001</misses>
				<total>21</total>
				<timestamp>104.957433</timestamp>
			</report>
			<report>
				<misses>10300001</misses>
				<total>21</total>
				<timestamp>106.033748</timestamp>
			</report>
			<report>
				<misses>10400001</misses>
				<total>21</total>
				<timestamp>107.098959</timestamp>
			</report>
			<report>
				<misses>10500001</misses>
				<total>39</total>
				<timestamp>108.142944</timestamp>
			</report>
			<report>
				<misses>10600001</misses>
				<total>39</total>
				<timestamp>109.207860</timestamp>
			</report>
			<report>
				<misses>10700001</misses>
				<total>39</total>
				<timestamp>110.262551</timestamp>
			</report>
			<report>
				<misses>10800001</misses>
				<total>39</total>
				<timestamp>111.300286</timestamp>
			</report>
			<report>
				<misses>10900001</misses>
				<total>39</total>
				<timestamp>112.352339</timestamp>
			</report>
			<report>
				<misses>11000001</misses>
				<total>39</total>
				<timestamp>113.428134</timestamp>
			</report>
			<report>
				<misses>11100001</misses>
				<total>39</total>
				<timestamp>114.497352</timestamp>
			</report>
			<report>
				<misses>11200001</misses>
				<total>39</total>
				<timestamp>115.559502</timestamp>
			</report>
			<report>
				<misses>11300001</misses>
				<total>39</total>
				<timestamp>116.625201</timestamp>
			</report>
			<report>
				<misses>11400001</misses>
				<total>39</total>
				<timestamp>117.670552</timestamp>
			</report>
			<report>
				<misses>11500001</misses>
				<total>39</total>
				<timestamp>118.724934</timestamp>
			</report>
			<report>
				<misses>11600001</misses>
				<total>39</total>
				<timestamp>119.795174</timestamp>
			</report>
			<report>
				<misses>11700001</misses>
				<total>39</total>
				<timestamp>120.851797</timestamp>
			</report>
			<report>
				<misses>11800001</misses>
				<total>39</total>
				<timestamp>121.939797</timestamp>
			</report>
			<report>
				<misses>11900001</misses>
				<total>39</total>
				<timestamp>122.988618</timestamp>
			</report>
			<report>
				<misses>12000001</misses>
				<total>39</total>
				<timestamp>123.995337</timestamp>
			</report>
			<report>
				<misses>12100001</misses>
				<total>39</total>
				<timestamp>124.991279</timestamp>
			</report>
			<report>
				<misses>12200001</misses>
				<total>39</total>
				<timestamp>125.996819</timestamp>
			</report>
			<report>
				<misses>12300001</misses>
				<total>39</total>
				<timestamp>127.011133</timestamp>
			</report>
			<report>
				<misses>12400001</misses>
				<total>39</total>
				<timestamp>128.053309</timestamp>
			</report>
			<report>
				<misses>12500001</misses>
				<total>39</total>
				<timestamp>129.130276</timestamp>
			</report>
			<report>
				<misses>12600001</misses>
				<total>39</total>
				<timestamp>130.191225</timestamp>
			</report>
			<report>
				<misses>12700001</misses>
				<total>39</total>
				<timestamp>131.261366</timestamp>
			</report>
			<report>
				<misses>12800001</misses>
				<total>39</total>
				<timestamp>132.335590</timestamp>
			</report>
			<report>
				<misses>12900001</misses>
				<total>39</total>
				<timestamp>133.390050</timestamp>
			</report>
			<report>
				<misses>13000001</misses>
				<total>39</total>
				<timestamp>134.447668</timestamp>
			</report>
			<report>
				<misses>13100001</misses>
				<total>39</total>
				<timestamp>135.525452</timestamp>
			</report>
			<report>
				<misses>13200001</misses>
				<total>39</total>
				<timestamp>136.575067</timestamp>
			</report>
			<report>
				<misses>13300001</misses>
				<total>39</total>
				<timestamp>137.616659</timestamp>
			</report>
			<report>
				<misses>13400001</misses>
				<total>39</total>
				<timestamp>138.628334</timestamp>
			</report>
			<report>
				<misses>13500001</misses>
				<total>39</total>
				<timestamp>139.657379</timestamp>
			</report>
			<report>
				<misses>13600001</misses>
				<total>39</total>
				<timestamp>140.721281</timestamp>
			</report>
			<report>
				<misses>13700001</misses>
				<total>39</total>
				<timestamp>141.753156</timestamp>
			</report>
			<report>
				<misses>13800001</misses>
				<total>39</total>
				<timestamp>142.761859</timestamp>
			</report>
			<report>
				<misses>13900001</misses>
				<total>39</total>
				<timestamp>143.789552</timestamp>
			</report>
			<report>
				<misses>14000001</misses>
				<total>39</total>
				<timestamp>144.847731</timestamp>
			</report>
			<report>
				<misses>14100001</misses>
				<total>39</total>
				<timestamp>145.912616</timestamp>
			</report>
			<report>
				<misses>14200001</misses>
				<total>39</total>
				<timestamp>146.972758</timestamp>
			</report>
			<report>
				<misses>14300001</misses>
				<total>39</total>
				<timestamp>148.000175</timestamp>
			</report>
			<report>
				<misses>14400001</misses>
				<total>39</total>
				<timestamp>149.012101</timestamp>
			</report>
			<report>
				<misses>14500001</misses>
				<total>39</total>
				<timestamp>150.026170</timestamp>
			</report>
			<report>
				<misses>14600001</misses>
				<total>39</total>
				<timestamp>151.036442</timestamp>
			</report>
			<report>
				<misses>14700001</misses>
				<total>39</total>
				<timestamp>152.055504</timestamp>
			</report>
			<report>
				<misses>14800001</misses>
				<total>39</total>
				<timestamp>153.055245</timestamp>
			</report>
			<report>
				<misses>14900001</misses>
				<total>39</total>
				<timestamp>154.054813</timestamp>
			</report>
			<report>
				<misses>15000001</misses>
				<total>39</total>
				<timestamp>155.044936</timestamp>
			</report>
			<report>
				<misses>15100001</misses>
				<total>39</total>
				<timestamp>156.044579</timestamp>
			</report>
			<report>
				<misses>15200001</misses>
				<total>39</total>
				<timestamp>157.045669</timestamp>
			</report>
			<report>
				<misses>15300001</misses>
				<total>39</total>
				<timestamp>158.040572</timestamp>
			</report>
			<report>
				<misses>15400001</misses>
				<total>39</total>
				<timestamp>159.036459</timestamp>
			</report>
			<report>
				<misses>15500001</misses>
				<total>39</total>
				<timestamp>160.038231</timestamp>
			</report>
			<report>
				<misses>15600001</misses>
				<total>39</total>
				<timestamp>161.045910</timestamp>
			</report>
			<report>
				<misses>15700001</misses>
				<total>39</total>
				<timestamp>162.039322</timestamp>
			</report>
			<report>
				<misses>15800001</misses>
				<total>39</total>
				<timestamp>163.038663</timestamp>
			</report>
			<report>
				<misses>15900001</misses>
				<total>39</total>
				<timestamp>164.034731</timestamp>
			</report>
			<report>
				<misses>16000001</misses>
				<total>39</total>
				<timestamp>165.042911</timestamp>
			</report>
			<report>
				<misses>16100001</misses>
				<total>39</total>
				<timestamp>166.052535</timestamp>
			</report>
			<report>
				<misses>16200001</misses>
				<total>39</total>
				<timestamp>167.056317</timestamp>
			</report>
			<report>
				<misses>16300001</misses>
				<total>39</total>
				<timestamp>168.053601</timestamp>
			</report>
			<report>
				<misses>16400001</misses>
				<total>39</total>
				<timestamp>169.054626</timestamp>
			</report>
			<report>
				<misses>16500001</misses>
				<total>39</total>
				<timestamp>170.047203</timestamp>
			</report>
			<report>
				<misses>16600001</misses>
				<total>39</total>
				<timestamp>171.048163</timestamp>
			</report>
			<report>
				<misses>16700001</misses>
				<total>39</total>
				<timestamp>172.044744</timestamp>
			</report>
			<report>
				<misses>16800001</misses>
				<total>39</total>
				<timestamp>173.038753</timestamp>
			</report>
			<report>
				<misses>16900001</misses>
				<total>39</total>
				<timestamp>174.041696</timestamp>
			</report>
			<report>
				<misses>17000001</misses>
				<total>39</total>
				<timestamp>175.051236</timestamp>
			</report>
			<report>
				<misses>17100001</misses>
				<total>39</total>
				<timestamp>176.037881</timestamp>
			</report>
			<report>
				<misses>17200001</misses>
				<total>39</total>
				<timestamp>177.026739</timestamp>
			</report>
			<report>
				<misses>17300001</misses>
				<total>39</total>
				<timestamp>178.020960</timestamp>
			</report>
			<report>
				<misses>17400001</misses>
				<total>39</total>
				<timestamp>179.002384</timestamp>
			</report>
			<report>
				<misses>17500001</misses>
				<total>39</total>
				<timestamp>179.998246</timestamp>
			</report>
			<report>
				<misses>17600001</misses>
				<total>39</total>
				<timestamp>180.979489</timestamp>
			</report>
			<report>
				<misses>17700001</misses>
				<total>39</total>
				<timestamp>181.967798</timestamp>
			</report>
			<report>
				<misses>17800001</misses>
				<total>39</total>
				<timestamp>182.980645</timestamp>
			</report>
			<report>
				<misses>17900001</misses>
				<total>39</total>
				<timestamp>184.047017</timestamp>
			</report>
			<report>
				<misses>18000001</misses>
				<total>39</total>
				<timestamp>185.122826</timestamp>
			</report>
			<report>
				<misses>18100001</misses>
				<total>39</total>
				<timestamp>186.180282</timestamp>
			</report>
			<report>
				<misses>18200001</misses>
				<total>39</total>
				<timestamp>187.259045</timestamp>
			</report>
			<report>
				<misses>18300001</misses>
				<total>39</total>
				<timestamp>188.309816</timestamp>
			</report>
			<report>
				<misses>18400001</misses>
				<total>39</total>
				<timestamp>189.347233</timestamp>
			</report>
			<report>
				<misses>18500001</misses>
				<total>39</total>
				<timestamp>190.378514</timestamp>
			</report>
			<report>
				<misses>18600001</misses>
				<total>39</total>
				<timestamp>191.418694</timestamp>
			</report>
			<report>
				<misses>18700001</misses>
				<total>39</total>
				<timestamp>192.471457</timestamp>
			</report>
			<report>
				<misses>18800001</misses>
				<total>39</total>
				<timestamp>193.509250</timestamp>
			</report>
			<report>
				<misses>18900001</misses>
				<total>39</total>
				<timestamp>194.576082</timestamp>
			</report>
			<report>
				<misses>19000001</misses>
				<total>39</total>
				<timestamp>195.632395</timestamp>
			</report>
			<report>
				<misses>19100001</misses>
				<total>39</total>
				<timestamp>196.699176</timestamp>
			</report>
			<report>
				<misses>19200001</misses>
				<total>39</total>
				<timestamp>197.756572</timestamp>
			</report>
			<report>
				<misses>19300001</misses>
				<total>39</total>
				<timestamp>198.829605</timestamp>
			</report>
			<report>
				<misses>19400001</misses>
				<total>39</total>
				<timestamp>199.887976</timestamp>
			</report>
			<report>
				<misses>19500001</misses>
				<total>39</total>
				<timestamp>200.947436</timestamp>
			</report>
			<report>
				<misses>19600001</misses>
				<total>39</total>
				<timestamp>202.005171</timestamp>
			</report>
			<report>
				<misses>19700001</misses>
				<total>39</total>
				<timestamp>203.060271</timestamp>
			</report>
			<report>
				<misses>19800001</misses>
				<total>39</total>
				<timestamp>204.101870</timestamp>
			</report>
			<report>
				<misses>19900001</misses>
				<total>39</total>
				<timestamp>205.112299</timestamp>
			</report>
			<report>
				<misses>20000001</misses>
				<total>39</total>
				<timestamp>206.167659</timestamp>
			</report>
			<report>
				<misses>20100001</misses>
				<total>39</total>
				<timestamp>207.229778</timestamp>
			</report>
			<report>
				<misses>20200001</misses>
				<total>39</total>
				<timestamp>208.288155</timestamp>
			</report>
			<report>
				<misses>20300001</misses>
				<total>39</total>
				<timestamp>209.347313</timestamp>
			</report>
			<report>
				<misses>20400001</misses>
				<total>39</total>
				<timestamp>210.418154</timestamp>
			</report>
			<report>
				<misses>20500001</misses>
				<total>39</total>
				<timestamp>211.484340</timestamp>
			</report>
			<report>
				<misses>20600001</misses>
				<total>39</total>
				<timestamp>212.559496</timestamp>
			</report>
			<report>
				<misses>20700001</misses>
				<total>39</total>
				<timestamp>213.627620</timestamp>
			</report>
			<report>
				<misses>20800001</misses>
				<total>39</total>
				<timestamp>214.691045</timestamp>
			</report>
			<report>
				<misses>20900001</misses>
				<total>39</total>
				<timestamp>215.758884</timestamp>
			</report>
			<report>
				<misses>21000001</misses>
				<total>39</total>
				<timestamp>216.807452</timestamp>
			</report>
			<report>
				<misses>21100001</misses>
				<total>39</total>
				<timestamp>217.870734</timestamp>
			</report>
			<report>
				<misses>21200001</misses>
				<total>39</total>
				<timestamp>218.921188</timestamp>
			</report>
			<report>
				<misses>21300001</misses>
				<total>39</total>
				<timestamp>219.935618</timestamp>
			</report>
			<report>
				<misses>21400001</misses>
				<total>39</total>
				<timestamp>220.938306</timestamp>
			</report>
			<report>
				<misses>21500001</misses>
				<total>39</total>
				<timestamp>221.948394</timestamp>
			</report>
			<report>
				<misses>21600001</misses>
				<total>39</total>
				<timestamp>222.958965</timestamp>
			</report>
			<report>
				<misses>21700001</misses>
				<total>39</total>
				<timestamp>223.977662</timestamp>
			</report>
			<report>
				<misses>21800001</misses>
				<total>39</total>
				<timestamp>224.991014</timestamp>
			</report>
			<report>
				<misses>21900001</misses>
				<total>39</total>
				<timestamp>226.002681</timestamp>
			</report>
			<report>
				<misses>22000001</misses>
				<total>39</total>
				<timestamp>227.028341</timestamp>
			</report>
			<report>
				<misses>22100001</misses>
				<total>39</total>
				<timestamp>228.100533</timestamp>
			</report>
			<report>
				<misses>22200001</misses>
				<total>39</total>
				<timestamp>229.162090</timestamp>
			</report>
			<report>
				<misses>22300001</misses>
				<total>39</total>
				<timestamp>230.215029</timestamp>
			</report>
			<report>
				<misses>22400001</misses>
				<total>39</total>
				<timestamp>231.270996</timestamp>
			</report>
			<report>
				<misses>22500001</misses>
				<total>39</total>
				<timestamp>232.315265</timestamp>
			</report>
			<report>
				<misses>22600001</misses>
				<total>39</total>
				<timestamp>233.379880</timestamp>
			</report>
			<report>
				<misses>22700001</misses>
				<total>39</total>
				<timestamp>234.432539</timestamp>
			</report>
			<report>
				<misses>22800001</misses>
				<total>39</total>
				<timestamp>235.450655</timestamp>
			</report>
			<report>
				<misses>22900001</misses>
				<total>39</total>
				<timestamp>236.490112</timestamp>
			</report>
			<report>
				<misses>23000001</misses>
				<total>49</total>
				<timestamp>237.501305</timestamp>
			</report>
			<report>
				<misses>23100001</misses>
				<total>49</total>
				<timestamp>238.516365</timestamp>
			</report>
			<report>
				<misses>23200001</misses>
				<total>49</total>
				<timestamp>239.563641</timestamp>
			</report>
			<report>
				<misses>23300001</misses>
				<total>49</total>
				<timestamp>240.619107</timestamp>
			</report>
			<report>
				<misses>23400001</misses>
				<total>49</total>
				<timestamp>241.684376</timestamp>
			</report>
			<report>
				<misses>23500001</misses>
				<total>49</total>
				<timestamp>242.757344</timestamp>
			</report>
			<report>
				<misses>23600001</misses>
				<total>52</total>
				<timestamp>243.827267</timestamp>
			</report>
			<report>
				<misses>23700001</misses>
				<total>52</total>
				<timestamp>244.893523</timestamp>
			</report>
			<report>
				<misses>23800001</misses>
				<total>52</total>
				<timestamp>245.954285</timestamp>
			</report>
			<report>
				<misses>23900001</misses>
				<total>52</total>
				<timestamp>247.029493</timestamp>
			</report>
			<report>
				<misses>24000001</misses>
				<total>52</total>
				<timestamp>248.074450</timestamp>
			</report>
			<report>
				<misses>24100001</misses>
				<total>52</total>
				<timestamp>249.149867</timestamp>
			</report>
			<report>
				<misses>24200001</misses>
				<total>52</total>
				<timestamp>250.220957</timestamp>
			</report>
			<report>
				<misses>24300001</misses>
				<total>52</total>
				<timestamp>251.241269</timestamp>
			</report>
			<report>
				<misses>24400001</misses>
				<total>52</total>
				<timestamp>252.273863</timestamp>
			</report>
			<report>
				<misses>24500001</misses>
				<total>52</total>
				<timestamp>253.298571</timestamp>
			</report>
			<report>
				<misses>24600001</misses>
				<total>52</total>
				<timestamp>254.362290</timestamp>
			</report>
			<report>
				<misses>24700001</misses>
				<total>52</total>
				<timestamp>255.452802</timestamp>
			</report>
			<report>
				<misses>24800001</misses>
				<total>52</total>
				<timestamp>256.511858</timestamp>
			</report>
			<report>
				<misses>24900001</misses>
				<total>52</total>
				<timestamp>257.585202</timestamp>
			</report>
			<report>
				<misses>25000001</misses>
				<total>52</total>
				<timestamp>258.639924</timestamp>
			</report>
			<report>
				<misses>25100001</misses>
				<total>52</total>
				<timestamp>259.714818</timestamp>
			</report>
			<report>
				<misses>25200001</misses>
				<total>52</total>
				<timestamp>260.791643</timestamp>
			</report>
			<report>
				<misses>25300001</misses>
				<total>52</total>
				<timestamp>261.869952</timestamp>
			</report>
			<report>
				<misses>25400001</misses>
				<total>52</total>
				<timestamp>262.935492</timestamp>
			</report>
			<report>
				<misses>25500001</misses>
				<total>52</total>
				<timestamp>263.976632</timestamp>
			</report>
			<report>
				<misses>25600001</misses>
				<total>127</total>
				<timestamp>264.969543</timestamp>
			</report>
			<report>
				<misses>25700001</misses>
				<total>127</total>
				<timestamp>265.964256</timestamp>
			</report>
			<report>
				<misses>25800001</misses>
				<total>127</total>
				<timestamp>267.008372</timestamp>
			</report>
			<report>
				<misses>25900001</misses>
				<total>127</total>
				<timestamp>268.002676</timestamp>
			</report>
			<report>
				<misses>26000001</misses>
				<total>127</total>
				<timestamp>268.999585</timestamp>
			</report>
			<report>
				<misses>26100001</misses>
				<total>127</total>
				<timestamp>269.996382</timestamp>
			</report>
			<report>
				<misses>26200001</misses>
				<total>127</total>
				<timestamp>270.989833</timestamp>
			</report>
			<report>
				<misses>26300001</misses>
				<total>127</total>
				<timestamp>272.002159</timestamp>
			</report>
			<report>
				<misses>26400001</misses>
				<total>127</total>
				<timestamp>273.005623</timestamp>
			</report>
			<report>
				<misses>26500001</misses>
				<total>127</total>
				<timestamp>274.004390</timestamp>
			</report>
			<report>
				<misses>26600001</misses>
				<total>127</total>
				<timestamp>275.012467</timestamp>
			</report>
			<report>
				<misses>26700001</misses>
				<total>127</total>
				<timestamp>276.007092</timestamp>
			</report>
			<report>
				<misses>26800001</misses>
				<total>127</total>
				<timestamp>277.060955</timestamp>
			</report>
			<report>
				<misses>26900001</misses>
				<total>127</total>
				<timestamp>278.110302</timestamp>
			</report>
			<report>
				<misses>27000001</misses>
				<total>127</total>
				<timestamp>279.147736</timestamp>
			</report>
			<report>
				<misses>27100001</misses>
				<total>127</total>
				<timestamp>280.189784</timestamp>
			</report>
			<report>
				<misses>27200001</misses>
				<total>127</total>
				<timestamp>281.229328</timestamp>
			</report>
			<report>
				<misses>27300001</misses>
				<total>127</total>
				<timestamp>282.266670</timestamp>
			</report>
			<report>
				<misses>27400001</misses>
				<total>127</total>
				<timestamp>283.314989</timestamp>
			</report>
			<report>
				<misses>27500001</misses>
				<total>127</total>
				<timestamp>284.358014</timestamp>
			</report>
			<report>
				<misses>27600001</misses>
				<total>127</total>
				<timestamp>285.376779</timestamp>
			</report>
			<report>
				<misses>27700001</misses>
				<total>127</total>
				<timestamp>286.390461</timestamp>
			</report>
			<report>
				<misses>27800001</misses>
				<total>127</total>
				<timestamp>287.454114</timestamp>
			</report>
			<report>
				<misses>27900001</misses>
				<total>127</total>
				<timestamp>288.526233</timestamp>
			</report>
			<report>
				<misses>28000001</misses>
				<total>127</total>
				<timestamp>289.595060</timestamp>
			</report>
			<report>
				<misses>28100001</misses>
				<total>127</total>
				<timestamp>290.659371</timestamp>
			</report>
			<report>
				<misses>28200001</misses>
				<total>127</total>
				<timestamp>291.702390</timestamp>
			</report>
			<report>
				<misses>28300001</misses>
				<total>127</total>
				<timestamp>292.791034</timestamp>
			</report>
			<report>
				<misses>28400001</misses>
				<total>127</total>
				<timestamp>293.839019</timestamp>
			</report>
			<report>
				<misses>28500001</misses>
				<total>127</total>
				<timestamp>294.899841</timestamp>
			</report>
			<report>
				<misses>28600001</misses>
				<total>127</total>
				<timestamp>295.943982</timestamp>
			</report>
			<report>
				<misses>28700001</misses>
				<total>127</total>
				<timestamp>297.011830</timestamp>
			</report>
			<report>
				<misses>28800001</misses>
				<total>127</total>
				<timestamp>298.017714</timestamp>
			</report>
			<report>
				<misses>28900001</misses>
				<total>127</total>
				<timestamp>299.018313</timestamp>
			</report>
			<report>
				<misses>29000001</misses>
				<total>127</total>
				<timestamp>300.019247</timestamp>
			</report>
			<report>
				<misses>29100001</misses>
				<total>127</total>
				<timestamp>301.089799</timestamp>
			</report>
			<report>
				<misses>29200001</misses>
				<total>127</total>
				<timestamp>302.157650</timestamp>
			</report>
			<report>
				<misses>29300001</misses>
				<total>127</total>
				<timestamp>303.211196</timestamp>
			</report>
			<report>
				<misses>29400001</misses>
				<total>127</total>
				<timestamp>304.279116</timestamp>
			</report>
			<report>
				<misses>29500001</misses>
				<total>127</total>
				<timestamp>305.344485</timestamp>
			</report>
			<report>
				<misses>29600001</misses>
				<total>127</total>
				<timestamp>306.408086</timestamp>
			</report>
			<report>
				<misses>29700001</misses>
				<total>127</total>
				<timestamp>307.446090</timestamp>
			</report>
			<report>
				<misses>29800001</misses>
				<total>127</total>
				<timestamp>308.523732</timestamp>
			</report>
			<report>
				<misses>29900001</misses>
				<total>142</total>
				<timestamp>309.593919</timestamp>
			</report>
			<report>
				<misses>30000001</misses>
				<total>142</total>
				<timestamp>310.639145</timestamp>
			</report>
			<report>
				<misses>30100001</misses>
				<total>142</total>
				<timestamp>311.688802</timestamp>
			</report>
			<report>
				<misses>30200001</misses>
				<total>142</total>
				<timestamp>312.749347</timestamp>
			</report>
			<report>
				<misses>30300001</misses>
				<total>142</total>
				<timestamp>313.794055</timestamp>
			</report>
			<report>
				<misses>30400001</misses>
				<total>142</total>
				<timestamp>314.817037</timestamp>
			</report>
			<report>
				<misses>30500001</misses>
				<total>142</total>
				<timestamp>315.841425</timestamp>
			</report>
			<report>
				<misses>30600001</misses>
				<total>142</total>
				<timestamp>316.905985</timestamp>
			</report>
			<report>
				<misses>30700001</misses>
				<total>142</total>
				<timestamp>317.948939</timestamp>
			</report>
			<report>
				<misses>30800001</misses>
				<total>142</total>
				<timestamp>318.997184</timestamp>
			</report>
			<report>
				<misses>30900001</misses>
				<total>142</total>
				<timestamp>320.038661</timestamp>
			</report>
			<report>
				<misses>31000001</misses>
				<total>142</total>
				<timestamp>321.075741</timestamp>
			</report>
			<report>
				<misses>31100001</misses>
				<total>142</total>
				<timestamp>322.122289</timestamp>
			</report>
			<report>
				<misses>31200001</misses>
				<total>142</total>
				<timestamp>323.172115</timestamp>
			</report>
			<report>
				<misses>31300001</misses>
				<total>142</total>
				<timestamp>324.225197</timestamp>
			</report>
			<report>
				<misses>31400001</misses>
				<total>142</total>
				<timestamp>325.296675</timestamp>
			</report>
			<report>
				<misses>31500001</misses>
				<total>142</total>
				<timestamp>326.379273</timestamp>
			</report>
			<report>
				<misses>31600001</misses>
				<total>142</total>
				<timestamp>327.443208</timestamp>
			</report>
			<report>
				<misses>31700001</misses>
				<total>142</total>
				<timestamp>328.504480</timestamp>
			</report>
			<report>
				<misses>31800001</misses>
				<total>142</total>
				<timestamp>329.566691</timestamp>
			</report>
			<report>
				<misses>31900001</misses>
				<total>142</total>
				<timestamp>330.634209</timestamp>
			</report>
			<report>
				<misses>32000001</misses>
				<total>142</total>
				<timestamp>331.702904</timestamp>
			</report>
			<report>
				<misses>32100001</misses>
				<total>142</total>
				<timestamp>332.775467</timestamp>
			</report>
			<report>
				<misses>32200001</misses>
				<total>142</total>
				<timestamp>333.856879</timestamp>
			</report>
			<report>
				<misses>32300001</misses>
				<total>142</total>
				<timestamp>334.879712</timestamp>
			</report>
			<report>
				<misses>32400001</misses>
				<total>142</total>
				<timestamp>335.881312</timestamp>
			</report>
			<report>
				<misses>32500001</misses>
				<total>142</total>
				<timestamp>336.882021</timestamp>
			</report>
			<report>
				<misses>32600001</misses>
				<total>142</total>
				<timestamp>337.908458</timestamp>
			</report>
			<report>
				<misses>32700001</misses>
				<total>142</total>
				<timestamp>338.975062</timestamp>
			</report>
			<report>
				<misses>32800001</misses>
				<total>142</total>
				<timestamp>340.045336</timestamp>
			</report>
			<report>
				<misses>32900001</misses>
				<total>142</total>
				<timestamp>341.042182</timestamp>
			</report>
			<report>
				<misses>33000001</misses>
				<total>142</total>
				<timestamp>342.048048</timestamp>
			</report>
			<report>
				<misses>33100001</misses>
				<total>142</total>
				<timestamp>343.044370</timestamp>
			</report>
			<report>
				<misses>33200001</misses>
				<total>142</total>
				<timestamp>344.047095</timestamp>
			</report>
			<report>
				<misses>33300001</misses>
				<total>142</total>
				<timestamp>345.050330</timestamp>
			</report>
			<report>
				<misses>33400001</misses>
				<total>142</total>
				<timestamp>346.089015</timestamp>
			</report>
			<report>
				<misses>33500001</misses>
				<total>142</total>
				<timestamp>347.140428</timestamp>
			</report>
			<report>
				<misses>33600001</misses>
				<total>142</total>
				<timestamp>348.199710</timestamp>
			</report>
			<report>
				<misses>33700001</misses>
				<total>142</total>
				<timestamp>349.234083</timestamp>
			</report>
			<report>
				<misses>33800001</misses>
				<total>142</total>
				<timestamp>350.281302</timestamp>
			</report>
			<report>
				<misses>33900001</misses>
				<total>142</total>
				<timestamp>351.340768</timestamp>
			</report>
			<report>
				<misses>34000001</misses>
				<total>142</total>
				<timestamp>352.400750</timestamp>
			</report>
			<report>
				<misses>34100001</misses>
				<total>142</total>
				<timestamp>353.447251</timestamp>
			</report>
			<report>
				<misses>34200001</misses>
				<total>142</total>
				<timestamp>354.511185</timestamp>
			</report>
			<report>
				<misses>34300001</misses>
				<total>142</total>
				<timestamp>355.575488</timestamp>
			</report>
			<report>
				<misses>34400001</misses>
				<total>142</total>
				<timestamp>356.629865</timestamp>
			</report>
			<report>
				<misses>34500001</misses>
				<total>142</total>
				<timestamp>357.689741</timestamp>
			</report>
			<report>
				<misses>34600001</misses>
				<total>142</total>
				<timestamp>358.748314</timestamp>
			</report>
			<report>
				<misses>34700001</misses>
				<total>142</total>
				<timestamp>359.812163</timestamp>
			</report>
			<report>
				<misses>34800001</misses>
				<total>142</total>
				<timestamp>360.886640</timestamp>
			</report>
			<report>
				<misses>34900001</misses>
				<total>142</total>
				<timestamp>361.938802</timestamp>
			</report>
			<report>
				<misses>35000001</misses>
				<total>142</total>
				<timestamp>362.978579</timestamp>
			</report>
			<report>
				<misses>35100001</misses>
				<total>142</total>
				<timestamp>364.019296</timestamp>
			</report>
			<report>
				<misses>35200001</misses>
				<total>142</total>
				<timestamp>365.053169</timestamp>
			</report>
			<report>
				<misses>35300001</misses>
				<total>142</total>
				<timestamp>366.072781</timestamp>
			</report>
			<report>
				<misses>35400001</misses>
				<total>142</total>
				<timestamp>367.081875</timestamp>
			</report>
			<report>
				<misses>35500001</misses>
				<total>142</total>
				<timestamp>368.082654</timestamp>
			</report>
			<report>
				<misses>35600001</misses>
				<total>142</total>
				<timestamp>369.138563</timestamp>
			</report>
			<report>
				<misses>35700001</misses>
				<total>142</total>
				<timestamp>370.192491</timestamp>
			</report>
			<report>
				<misses>35800001</misses>
				<total>142</total>
				<timestamp>371.273130</timestamp>
			</report>
			<report>
				<misses>35900001</misses>
				<total>142</total>
				<timestamp>372.339052</timestamp>
			</report>
			<report>
				<misses>36000001</misses>
				<total>142</total>
				<timestamp>373.367902</timestamp>
			</report>
			<report>
				<misses>36100001</misses>
				<total>142</total>
				<timestamp>374.393672</timestamp>
			</report>
			<report>
				<misses>36200001</misses>
				<total>142</total>
				<timestamp>375.474148</timestamp>
			</report>
			<report>
				<misses>36300001</misses>
				<total>142</total>
				<timestamp>376.547204</timestamp>
			</report>
			<report>
				<misses>36400001</misses>
				<total>142</total>
				<timestamp>377.637835</timestamp>
			</report>
			<report>
				<misses>36500001</misses>
				<total>142</total>
				<timestamp>378.721499</timestamp>
			</report>
			<report>
				<misses>36600001</misses>
				<total>142</total>
				<timestamp>379.801686</timestamp>
			</report>
			<report>
				<misses>36700001</misses>
				<total>142</total>
				<timestamp>380.857742</timestamp>
			</report>
			<report>
				<misses>36800001</misses>
				<total>142</total>
				<timestamp>381.901279</timestamp>
			</report>
			<report>
				<misses>36900001</misses>
				<total>142</total>
				<timestamp>382.958879</timestamp>
			</report>
			<report>
				<misses>37000001</misses>
				<total>142</total>
				<timestamp>384.011903</timestamp>
			</report>
			<report>
				<misses>37100001</misses>
				<total>142</total>
				<timestamp>385.064727</timestamp>
			</report>
			<report>
				<misses>37200001</misses>
				<total>142</total>
				<timestamp>386.142461</timestamp>
			</report>
			<report>
				<misses>37300001</misses>
				<total>142</total>
				<timestamp>387.186326</timestamp>
			</report>
			<report>
				<misses>37400001</misses>
				<total>142</total>
				<timestamp>388.195353</timestamp>
			</report>
			<report>
				<misses>37500001</misses>
				<total>142</total>
				<timestamp>389.204111</timestamp>
			</report>
			<report>
				<misses>37600001</misses>
				<total>142</total>
				<timestamp>390.212819</timestamp>
			</report>
			<report>
				<misses>37700001</misses>
				<total>142</total>
				<timestamp>391.220541</timestamp>
			</report>
			<report>
				<misses>37800001</misses>
				<total>142</total>
				<timestamp>392.228674</timestamp>
			</report>
			<report>
				<misses>37900001</misses>
				<total>142</total>
				<timestamp>393.237964</timestamp>
			</report>
			<report>
				<misses>38000001</misses>
				<total>142</total>
				<timestamp>394.252725</timestamp>
			</report>
			<report>
				<misses>38100001</misses>
				<total>142</total>
				<timestamp>395.257617</timestamp>
			</report>
			<report>
				<misses>38200001</misses>
				<total>142</total>
				<timestamp>396.263492</timestamp>
			</report>
			<report>
				<misses>38300001</misses>
				<total>142</total>
				<timestamp>397.278851</timestamp>
			</report>
			<report>
				<misses>38400001</misses>
				<total>142</total>
				<timestamp>398.299090</timestamp>
			</report>
			<report>
				<misses>38500001</misses>
				<total>142</total>
				<timestamp>399.305425</timestamp>
			</report>
			<report>
				<misses>38600001</misses>
				<total>142</total>
				<timestamp>400.312699</timestamp>
			</report>
			<report>
				<misses>38700001</misses>
				<total>142</total>
				<timestamp>401.323651</timestamp>
			</report>
			<report>
				<misses>38800001</misses>
				<total>142</total>
				<timestamp>402.330497</timestamp>
			</report>
			<report>
				<misses>38900001</misses>
				<total>142</total>
				<timestamp>403.368796</timestamp>
			</report>
			<report>
				<misses>39000001</misses>
				<total>142</total>
				<timestamp>404.381809</timestamp>
			</report>
			<report>
				<misses>39100001</misses>
				<total>142</total>
				<timestamp>405.406339</timestamp>
			</report>
			<report>
				<misses>39200001</misses>
				<total>142</total>
				<timestamp>406.419455</timestamp>
			</report>
			<report>
				<misses>39300001</misses>
				<total>142</total>
				<timestamp>407.433812</timestamp>
			</report>
			<report>
				<misses>39400001</misses>
				<total>142</total>
				<timestamp>408.448586</timestamp>
			</report>
			<report>
				<misses>39500001</misses>
				<total>142</total>
				<timestamp>409.468524</timestamp>
			</report>
			<report>
				<misses>39600001</misses>
				<total>142</total>
				<timestamp>410.531922</timestamp>
			</report>
			<report>
				<misses>39700001</misses>
				<total>142</total>
				<timestamp>411.575421</timestamp>
			</report>
			<report>
				<misses>39800001</misses>
				<total>142</total>
				<timestamp>412.626740</timestamp>
			</report>
			<report>
				<misses>39900001</misses>
				<total>142</total>
				<timestamp>413.679821</timestamp>
			</report>
			<report>
				<misses>40000001</misses>
				<total>142</total>
				<timestamp>414.745370</timestamp>
			</report>
			<report>
				<misses>40100001</misses>
				<total>142</total>
				<timestamp>415.780963</timestamp>
			</report>
			<report>
				<misses>40200001</misses>
				<total>142</total>
				<timestamp>416.838184</timestamp>
			</report>
			<report>
				<misses>40300001</misses>
				<total>142</total>
				<timestamp>417.911415</timestamp>
			</report>
			<report>
				<misses>40400001</misses>
				<total>142</total>
				<timestamp>418.982635</timestamp>
			</report>
			<report>
				<misses>40500001</misses>
				<total>142</total>
				<timestamp>420.034945</timestamp>
			</report>
			<report>
				<misses>40600001</misses>
				<total>142</total>
				<timestamp>421.050148</timestamp>
			</report>
			<report>
				<misses>40700001</misses>
				<total>142</total>
				<timestamp>422.067079</timestamp>
			</report>
			<report>
				<misses>40800001</misses>
				<total>142</total>
				<timestamp>423.078271</timestamp>
			</report>
			<report>
				<misses>40900001</misses>
				<total>142</total>
				<timestamp>424.092773</timestamp>
			</report>
			<report>
				<misses>41000001</misses>
				<total>142</total>
				<timestamp>425.100389</timestamp>
			</report>
			<report>
				<misses>41100001</misses>
				<total>142</total>
				<timestamp>426.101535</timestamp>
			</report>
			<report>
				<misses>41200001</misses>
				<total>142</total>
				<timestamp>427.111919</timestamp>
			</report>
			<report>
				<misses>41300001</misses>
				<total>142</total>
				<timestamp>428.116875</timestamp>
			</report>
			<report>
				<misses>41400001</misses>
				<total>142</total>
				<timestamp>429.104941</timestamp>
			</report>
			<report>
				<misses>41500001</misses>
				<total>142</total>
				<timestamp>430.089382</timestamp>
			</report>
			<report>
				<misses>41600001</misses>
				<total>142</total>
				<timestamp>431.077843</timestamp>
			</report>
			<report>
				<misses>41700001</misses>
				<total>142</total>
				<timestamp>432.076080</timestamp>
			</report>
			<report>
				<misses>41800001</misses>
				<total>142</total>
				<timestamp>433.114623</timestamp>
			</report>
			<report>
				<misses>41900001</misses>
				<total>142</total>
				<timestamp>434.205099</timestamp>
			</report>
			<report>
				<misses>42000001</misses>
				<total>142</total>
				<timestamp>435.237103</timestamp>
			</report>
			<report>
				<misses>42100001</misses>
				<total>142</total>
				<timestamp>436.270809</timestamp>
			</report>
			<report>
				<misses>42200001</misses>
				<total>142</total>
				<timestamp>437.341276</timestamp>
			</report>
			<report>
				<misses>42300001</misses>
				<total>142</total>
				<timestamp>438.413725</timestamp>
			</report>
			<report>
				<misses>42400001</misses>
				<total>142</total>
				<timestamp>439.493777</timestamp>
			</report>
			<report>
				<misses>42500001</misses>
				<total>142</total>
				<timestamp>440.549437</timestamp>
			</report>
			<report>
				<misses>42600001</misses>
				<total>142</total>
				<timestamp>441.567199</timestamp>
			</report>
			<report>
				<misses>42700001</misses>
				<total>142</total>
				<timestamp>442.581696</timestamp>
			</report>
			<report>
				<misses>42800001</misses>
				<total>142</total>
				<timestamp>443.596264</timestamp>
			</report>
			<report>
				<misses>42900001</misses>
				<total>142</total>
				<timestamp>444.670081</timestamp>
			</report>
			<report>
				<misses>43000001</misses>
				<total>142</total>
				<timestamp>445.714722</timestamp>
			</report>
			<report>
				<misses>43100001</misses>
				<total>142</total>
				<timestamp>446.777466</timestamp>
			</report>
			<report>
				<misses>43200001</misses>
				<total>142</total>
				<timestamp>447.837319</timestamp>
			</report>
			<report>
				<misses>43300001</misses>
				<total>142</total>
				<timestamp>448.895657</timestamp>
			</report>
			<report>
				<misses>43400001</misses>
				<total>142</total>
				<timestamp>449.973736</timestamp>
			</report>
			<report>
				<misses>43500001</misses>
				<total>142</total>
				<timestamp>451.058296</timestamp>
			</report>
			<report>
				<misses>43600001</misses>
				<total>142</total>
				<timestamp>452.065999</timestamp>
			</report>
			<report>
				<misses>43700001</misses>
				<total>142</total>
				<timestamp>453.120113</timestamp>
			</report>
			<report>
				<misses>43800001</misses>
				<total>142</total>
				<timestamp>454.183595</timestamp>
			</report>
			<report>
				<misses>43900001</misses>
				<total>142</total>
				<timestamp>455.219715</timestamp>
			</report>
			<report>
				<misses>44000001</misses>
				<total>142</total>
				<timestamp>456.237702</timestamp>
			</report>
			<report>
				<misses>44100001</misses>
				<total>142</total>
				<timestamp>457.251369</timestamp>
			</report>
			<report>
				<misses>44200001</misses>
				<total>142</total>
				<timestamp>458.264043</timestamp>
			</report>
			<report>
				<misses>44300001</misses>
				<total>142</total>
				<timestamp>459.273961</timestamp>
			</report>
			<report>
				<misses>44400001</misses>
				<total>142</total>
				<timestamp>460.295584</timestamp>
			</report>
			<report>
				<misses>44500001</misses>
				<total>142</total>
				<timestamp>461.314077</timestamp>
			</report>
			<report>
				<misses>44600001</misses>
				<total>142</total>
				<timestamp>462.331304</timestamp>
			</report>
			<report>
				<misses>44700001</misses>
				<total>142</total>
				<timestamp>463.350620</timestamp>
			</report>
			<report>
				<misses>44800001</misses>
				<total>142</total>
				<timestamp>464.368412</timestamp>
			</report>
			<report>
				<misses>44900001</misses>
				<total>142</total>
				<timestamp>465.388791</timestamp>
			</report>
			<report>
				<misses>45000001</misses>
				<total>142</total>
				<timestamp>466.406979</timestamp>
			</report>
			<report>
				<misses>45100001</misses>
				<total>142</total>
				<timestamp>467.414935</timestamp>
			</report>
			<report>
				<misses>45200001</misses>
				<total>142</total>
				<timestamp>468.431261</timestamp>
			</report>
			<report>
				<misses>45300001</misses>
				<total>142</total>
				<timestamp>469.437239</timestamp>
			</report>
			<report>
				<misses>45400001</misses>
				<total>142</total>
				<timestamp>470.428411</timestamp>
			</report>
			<report>
				<misses>45500001</misses>
				<total>143</total>
				<timestamp>471.424817</timestamp>
			</report>
			<report>
				<misses>45600001</misses>
				<total>143</total>
				<timestamp>472.418806</timestamp>
			</report>
			<report>
				<misses>45700001</misses>
				<total>143</total>
				<timestamp>473.421323</timestamp>
			</report>
			<report>
				<misses>45800001</misses>
				<total>143</total>
				<timestamp>474.423773</timestamp>
			</report>
			<report>
				<misses>45900001</misses>
				<total>143</total>
				<timestamp>475.431727</timestamp>
			</report>
			<report>
				<misses>46000001</misses>
				<total>143</total>
				<timestamp>476.436536</timestamp>
			</report>
			<report>
				<misses>46100001</misses>
				<total>143</total>
				<timestamp>477.457295</timestamp>
			</report>
			<report>
				<misses>46200001</misses>
				<total>143</total>
				<timestamp>478.475619</timestamp>
			</report>
			<report>
				<misses>46300001</misses>
				<total>143</total>
				<timestamp>479.505921</timestamp>
			</report>
			<report>
				<misses>46400001</misses>
				<total>143</total>
				<timestamp>480.578365</timestamp>
			</report>
			<report>
				<misses>46500001</misses>
				<total>143</total>
				<timestamp>481.636869</timestamp>
			</report>
			<report>
				<misses>46600001</misses>
				<total>143</total>
				<timestamp>482.698858</timestamp>
			</report>
			<report>
				<misses>46700001</misses>
				<total>143</total>
				<timestamp>483.773241</timestamp>
			</report>
			<report>
				<misses>46800001</misses>
				<total>143</total>
				<timestamp>484.842723</timestamp>
			</report>
			<report>
				<misses>46900001</misses>
				<total>163</total>
				<timestamp>485.904970</timestamp>
			</report>
			<report>
				<misses>47000001</misses>
				<total>163</total>
				<timestamp>486.987106</timestamp>
			</report>
			<report>
				<misses>47100001</misses>
				<total>163</total>
				<timestamp>488.050250</timestamp>
			</report>
			<report>
				<misses>47200001</misses>
				<total>163</total>
				<timestamp>489.137655</timestamp>
			</report>
			<report>
				<misses>47300001</misses>
				<total>163</total>
				<timestamp>490.193454</timestamp>
			</report>
			<report>
				<misses>47400001</misses>
				<total>163</total>
				<timestamp>491.255469</timestamp>
			</report>
			<report>
				<misses>47500001</misses>
				<total>163</total>
				<timestamp>492.251274</timestamp>
			</report>
			<report>
				<misses>47600001</misses>
				<total>163</total>
				<timestamp>493.258142</timestamp>
			</report>
			<report>
				<misses>47700001</misses>
				<total>163</total>
				<timestamp>494.262379</timestamp>
			</report>
			<report>
				<misses>47800001</misses>
				<total>177</total>
				<timestamp>495.277356</timestamp>
			</report>
			<report>
				<misses>47900001</misses>
				<total>177</total>
				<timestamp>496.270483</timestamp>
			</report>
			<report>
				<misses>48000001</misses>
				<total>177</total>
				<timestamp>497.269928</timestamp>
			</report>
			<report>
				<misses>48100001</misses>
				<total>177</total>
				<timestamp>498.266222</timestamp>
			</report>
			<report>
				<misses>48200001</misses>
				<total>177</total>
				<timestamp>499.267470</timestamp>
			</report>
			<report>
				<misses>48300001</misses>
				<total>177</total>
				<timestamp>500.264108</timestamp>
			</report>
			<report>
				<misses>48400001</misses>
				<total>177</total>
				<timestamp>501.260036</timestamp>
			</report>
			<report>
				<misses>48500001</misses>
				<total>177</total>
				<timestamp>502.256301</timestamp>
			</report>
			<report>
				<misses>48600001</misses>
				<total>177</total>
				<timestamp>503.248735</timestamp>
			</report>
			<report>
				<misses>48700001</misses>
				<total>177</total>
				<timestamp>504.242798</timestamp>
			</report>
			<report>
				<misses>48800001</misses>
				<total>177</total>
				<timestamp>505.239888</timestamp>
			</report>
			<report>
				<misses>48900001</misses>
				<total>177</total>
				<timestamp>506.240851</timestamp>
			</report>
			<report>
				<misses>49000001</misses>
				<total>177</total>
				<timestamp>507.244141</timestamp>
			</report>
			<report>
				<misses>49100001</misses>
				<total>177</total>
				<timestamp>508.242904</timestamp>
			</report>
			<report>
				<misses>49200001</misses>
				<total>177</total>
				<timestamp>509.246059</timestamp>
			</report>
			<report>
				<misses>49300001</misses>
				<total>177</total>
				<timestamp>510.255614</timestamp>
			</report>
			<report>
				<misses>49400001</misses>
				<total>177</total>
				<timestamp>511.286688</timestamp>
			</report>
			<report>
				<misses>49500001</misses>
				<total>177</total>
				<timestamp>512.330303</timestamp>
			</report>
			<report>
				<misses>49600001</misses>
				<total>177</total>
				<timestamp>513.415206</timestamp>
			</report>
			<report>
				<misses>49700001</misses>
				<total>177</total>
				<timestamp>514.498618</timestamp>
			</report>
			<report>
				<misses>49800001</misses>
				<total>177</total>
				<timestamp>515.527307</timestamp>
			</report>
			<report>
				<misses>49900001</misses>
				<total>177</total>
				<timestamp>516.530258</timestamp>
			</report>
			<report>
				<misses>50000001</misses>
				<total>177</total>
				<timestamp>517.597345</timestamp>
			</report>
			<report>
				<misses>50100001</misses>
				<total>177</total>
				<timestamp>518.659422</timestamp>
			</report>
			<report>
				<misses>50200001</misses>
				<total>177</total>
				<timestamp>519.707004</timestamp>
			</report>
			<report>
				<misses>50300001</misses>
				<total>177</total>
				<timestamp>520.755829</timestamp>
			</report>
			<report>
				<misses>50400001</misses>
				<total>177</total>
				<timestamp>521.795125</timestamp>
			</report>
			<report>
				<misses>50500001</misses>
				<total>177</total>
				<timestamp>522.841036</timestamp>
			</report>
			<report>
				<misses>50600001</misses>
				<total>177</total>
				<timestamp>523.906572</timestamp>
			</report>
			<report>
				<misses>50700001</misses>
				<total>177</total>
				<timestamp>524.983459</timestamp>
			</report>
			<report>
				<misses>50800001</misses>
				<total>177</total>
				<timestamp>526.057131</timestamp>
			</report>
			<report>
				<misses>50900001</misses>
				<total>177</total>
				<timestamp>527.076681</timestamp>
			</report>
			<report>
				<misses>51000001</misses>
				<total>177</total>
				<timestamp>528.085052</timestamp>
			</report>
			<report>
				<misses>51100001</misses>
				<total>177</total>
				<timestamp>529.100916</timestamp>
			</report>
			<report>
				<misses>51200001</misses>
				<total>177</total>
				<timestamp>530.134655</timestamp>
			</report>
			<report>
				<misses>51300001</misses>
				<total>177</total>
				<timestamp>531.207741</timestamp>
			</report>
			<report>
				<misses>51400001</misses>
				<total>177</total>
				<timestamp>532.266186</timestamp>
			</report>
			<report>
				<misses>51500001</misses>
				<total>177</total>
				<timestamp>533.329421</timestamp>
			</report>
			<report>
				<misses>51600001</misses>
				<total>177</total>
				<timestamp>534.394867</timestamp>
			</report>
			<report>
				<misses>51700001</misses>
				<total>177</total>
				<timestamp>535.403823</timestamp>
			</report>
			<report>
				<misses>51800001</misses>
				<total>177</total>
				<timestamp>536.417844</timestamp>
			</report>
			<report>
				<misses>51900001</misses>
				<total>177</total>
				<timestamp>537.440143</timestamp>
			</report>
			<report>
				<misses>52000001</misses>
				<total>177</total>
				<timestamp>538.484424</timestamp>
			</report>
			<report>
				<misses>52100001</misses>
				<total>177</total>
				<timestamp>539.529988</timestamp>
			</report>
			<report>
				<misses>52200001</misses>
				<total>177</total>
				<timestamp>540.593402</timestamp>
			</report>
			<report>
				<misses>52300001</misses>
				<total>177</total>
				<timestamp>541.668991</timestamp>
			</report>
			<report>
				<misses>52400001</misses>
				<total>177</total>
				<timestamp>542.728295</timestamp>
			</report>
			<report>
				<misses>52500001</misses>
				<total>177</total>
				<timestamp>543.787158</timestamp>
			</report>
			<report>
				<misses>52600001</misses>
				<total>177</total>
				<timestamp>544.865990</timestamp>
			</report>
			<report>
				<misses>52700001</misses>
				<total>177</total>
				<timestamp>545.925658</timestamp>
			</report>
			<report>
				<misses>52800001</misses>
				<total>177</total>
				<timestamp>546.965618</timestamp>
			</report>
			<report>
				<misses>52900001</misses>
				<total>177</total>
				<timestamp>548.009898</timestamp>
			</report>
			<report>
				<misses>53000001</misses>
				<total>177</total>
				<timestamp>549.064793</timestamp>
			</report>
			<report>
				<misses>53100001</misses>
				<total>177</total>
				<timestamp>550.115692</timestamp>
			</report>
			<report>
				<misses>53200001</misses>
				<total>177</total>
				<timestamp>551.141419</timestamp>
			</report>
			<report>
				<misses>53300001</misses>
				<total>177</total>
				<timestamp>552.186516</timestamp>
			</report>
			<report>
				<misses>53400001</misses>
				<total>177</total>
				<timestamp>553.227343</timestamp>
			</report>
			<report>
				<misses>53500001</misses>
				<total>177</total>
				<timestamp>554.277714</timestamp>
			</report>
			<report>
				<misses>53600001</misses>
				<total>177</total>
				<timestamp>555.317216</timestamp>
			</report>
			<report>
				<misses>53700001</misses>
				<total>177</total>
				<timestamp>556.355147</timestamp>
			</report>
			<report>
				<misses>53800001</misses>
				<total>177</total>
				<timestamp>557.413386</timestamp>
			</report>
			<report>
				<misses>53900001</misses>
				<total>177</total>
				<timestamp>558.469701</timestamp>
			</report>
			<report>
				<misses>54000001</misses>
				<total>177</total>
				<timestamp>559.519689</timestamp>
			</report>
			<report>
				<misses>54100001</misses>
				<total>177</total>
				<timestamp>560.579545</timestamp>
			</report>
			<report>
				<misses>54200001</misses>
				<total>177</total>
				<timestamp>561.642594</timestamp>
			</report>
			<report>
				<misses>54300001</misses>
				<total>177</total>
				<timestamp>562.666704</timestamp>
			</report>
			<report>
				<misses>54400001</misses>
				<total>177</total>
				<timestamp>563.672909</timestamp>
			</report>
			<report>
				<misses>54500001</misses>
				<total>177</total>
				<timestamp>564.681751</timestamp>
			</report>
			<report>
				<misses>54600001</misses>
				<total>177</total>
				<timestamp>565.671998</timestamp>
			</report>
			<report>
				<misses>54700001</misses>
				<total>177</total>
				<timestamp>566.659651</timestamp>
			</report>
			<report>
				<misses>54800001</misses>
				<total>177</total>
				<timestamp>567.657122</timestamp>
			</report>
			<report>
				<misses>54900001</misses>
				<total>177</total>
				<timestamp>568.643255</timestamp>
			</report>
			<report>
				<misses>55000001</misses>
				<total>177</total>
				<timestamp>569.652733</timestamp>
			</report>
			<report>
				<misses>55100001</misses>
				<total>177</total>
				<timestamp>570.669245</timestamp>
			</report>
			<report>
				<misses>55200001</misses>
				<total>177</total>
				<timestamp>571.697504</timestamp>
			</report>
			<report>
				<misses>55300001</misses>
				<total>177</total>
				<timestamp>572.708104</timestamp>
			</report>
			<report>
				<misses>55400001</misses>
				<total>177</total>
				<timestamp>573.721800</timestamp>
			</report>
			<report>
				<misses>55500001</misses>
				<total>177</total>
				<timestamp>574.730911</timestamp>
			</report>
			<report>
				<misses>55600001</misses>
				<total>177</total>
				<timestamp>575.746518</timestamp>
			</report>
			<report>
				<misses>55700001</misses>
				<total>177</total>
				<timestamp>576.764588</timestamp>
			</report>
			<report>
				<misses>55800001</misses>
				<total>177</total>
				<timestamp>577.778813</timestamp>
			</report>
			<report>
				<misses>55900001</misses>
				<total>177</total>
				<timestamp>578.786362</timestamp>
			</report>
			<report>
				<misses>56000001</misses>
				<total>177</total>
				<timestamp>579.820053</timestamp>
			</report>
			<report>
				<misses>56100001</misses>
				<total>177</total>
				<timestamp>580.895486</timestamp>
			</report>
			<report>
				<misses>56200001</misses>
				<total>177</total>
				<timestamp>581.958938</timestamp>
			</report>
			<report>
				<misses>56300001</misses>
				<total>177</total>
				<timestamp>583.028340</timestamp>
			</report>
			<report>
				<misses>56400001</misses>
				<total>177</total>
				<timestamp>584.108137</timestamp>
			</report>
			<report>
				<misses>56500001</misses>
				<total>177</total>
				<timestamp>585.198261</timestamp>
			</report>
			<report>
				<misses>56600001</misses>
				<total>177</total>
				<timestamp>586.297857</timestamp>
			</report>
			<report>
				<misses>56700001</misses>
				<total>177</total>
				<timestamp>587.381082</timestamp>
			</report>
			<report>
				<misses>56800001</misses>
				<total>177</total>
				<timestamp>588.445141</timestamp>
			</report>
			<report>
				<misses>56900001</misses>
				<total>177</total>
				<timestamp>589.513446</timestamp>
			</report>
			<report>
				<misses>57000001</misses>
				<total>177</total>
				<timestamp>590.573637</timestamp>
			</report>
			<report>
				<misses>57100001</misses>
				<total>177</total>
				<timestamp>591.636391</timestamp>
			</report>
			<report>
				<misses>57200001</misses>
				<total>177</total>
				<timestamp>592.698414</timestamp>
			</report>
			<report>
				<misses>57300001</misses>
				<total>177</total>
				<timestamp>593.712308</timestamp>
			</report>
			<report>
				<misses>57400001</misses>
				<total>177</total>
				<timestamp>594.715608</timestamp>
			</report>
			<report>
				<misses>57500001</misses>
				<total>177</total>
				<timestamp>595.736936</timestamp>
			</report>
			<report>
				<misses>57600001</misses>
				<total>177</total>
				<timestamp>596.750870</timestamp>
			</report>
			<report>
				<misses>57700001</misses>
				<total>177</total>
				<timestamp>597.763965</timestamp>
			</report>
			<report>
				<misses>57800001</misses>
				<total>177</total>
				<timestamp>598.776079</timestamp>
			</report>
			<report>
				<misses>57900001</misses>
				<total>177</total>
				<timestamp>599.832017</timestamp>
			</report>
			<report>
				<misses>58000001</misses>
				<total>177</total>
				<timestamp>600.913806</timestamp>
			</report>
			<report>
				<misses>58100001</misses>
				<total>177</total>
				<timestamp>601.983924</timestamp>
			</report>
			<report>
				<misses>58200001</misses>
				<total>177</total>
				<timestamp>603.059483</timestamp>
			</report>
			<report>
				<misses>58300001</misses>
				<total>177</total>
				<timestamp>604.128818</timestamp>
			</report>
			<report>
				<misses>58400001</misses>
				<total>177</total>
				<timestamp>605.206039</timestamp>
			</report>
			<report>
				<misses>58500001</misses>
				<total>177</total>
				<timestamp>606.284222</timestamp>
			</report>
			<report>
				<misses>58600001</misses>
				<total>177</total>
				<timestamp>607.364802</timestamp>
			</report>
			<report>
				<misses>58700001</misses>
				<total>177</total>
				<timestamp>608.450594</timestamp>
			</report>
			<report>
				<misses>58800001</misses>
				<total>177</total>
				<timestamp>609.525409</timestamp>
			</report>
			<report>
				<misses>58900001</misses>
				<total>177</total>
				<timestamp>610.593998</timestamp>
			</report>
			<report>
				<misses>59000001</misses>
				<total>177</total>
				<timestamp>611.673662</timestamp>
			</report>
			<report>
				<misses>59100001</misses>
				<total>177</total>
				<timestamp>612.745270</timestamp>
			</report>
			<report>
				<misses>59200001</misses>
				<total>177</total>
				<timestamp>613.806681</timestamp>
			</report>
			<report>
				<misses>59300001</misses>
				<total>177</total>
				<timestamp>614.854352</timestamp>
			</report>
			<report>
				<misses>59400001</misses>
				<total>177</total>
				<timestamp>615.865895</timestamp>
			</report>
			<report>
				<misses>59500001</misses>
				<total>177</total>
				<timestamp>616.876076</timestamp>
			</report>
			<report>
				<misses>59600001</misses>
				<total>177</total>
				<timestamp>617.893157</timestamp>
			</report>
			<report>
				<misses>59700001</misses>
				<total>177</total>
				<timestamp>618.899157</timestamp>
			</report>
			<report>
				<misses>59800001</misses>
				<total>177</total>
				<timestamp>619.907214</timestamp>
			</report>
			<report>
				<misses>59900001</misses>
				<total>177</total>
				<timestamp>620.916726</timestamp>
			</report>
			<report>
				<misses>60000001</misses>
				<total>177</total>
				<timestamp>621.924502</timestamp>
			</report>
			<report>
				<misses>60100001</misses>
				<total>177</total>
				<timestamp>622.968321</timestamp>
			</report>
			<report>
				<misses>60200001</misses>
				<total>177</total>
				<timestamp>623.963731</timestamp>
			</report>
			<report>
				<misses>60300001</misses>
				<total>177</total>
				<timestamp>624.948043</timestamp>
			</report>
			<report>
				<misses>60400001</misses>
				<total>177</total>
				<timestamp>625.933009</timestamp>
			</report>
			<report>
				<misses>60500001</misses>
				<total>177</total>
				<timestamp>626.917583</timestamp>
			</report>
			<report>
				<misses>60600001</misses>
				<total>177</total>
				<timestamp>627.901773</timestamp>
			</report>
			<report>
				<misses>60700001</misses>
				<total>177</total>
				<timestamp>628.892804</timestamp>
			</report>
			<report>
				<misses>60800001</misses>
				<total>177</total>
				<timestamp>629.875958</timestamp>
			</report>
			<report>
				<misses>60900001</misses>
				<total>177</total>
				<timestamp>630.863763</timestamp>
			</report>
			<report>
				<misses>61000001</misses>
				<total>177</total>
				<timestamp>631.855169</timestamp>
			</report>
			<report>
				<misses>61100001</misses>
				<total>177</total>
				<timestamp>632.844520</timestamp>
			</report>
			<report>
				<misses>61200001</misses>
				<total>177</total>
				<timestamp>633.832578</timestamp>
			</report>
			<report>
				<misses>61300001</misses>
				<total>177</total>
				<timestamp>634.818710</timestamp>
			</report>
			<report>
				<misses>61400001</misses>
				<total>177</total>
				<timestamp>635.808316</timestamp>
			</report>
			<report>
				<misses>61500001</misses>
				<total>177</total>
				<timestamp>636.799851</timestamp>
			</report>
			<report>
				<misses>61600001</misses>
				<total>177</total>
				<timestamp>637.788714</timestamp>
			</report>
			<report>
				<misses>61700001</misses>
				<total>177</total>
				<timestamp>638.776273</timestamp>
			</report>
			<report>
				<misses>61800001</misses>
				<total>177</total>
				<timestamp>639.756978</timestamp>
			</report>
			<report>
				<misses>61900001</misses>
				<total>177</total>
				<timestamp>640.746191</timestamp>
			</report>
			<report>
				<misses>62000001</misses>
				<total>177</total>
				<timestamp>641.733088</timestamp>
			</report>
			<report>
				<misses>62100001</misses>
				<total>177</total>
				<timestamp>642.745404</timestamp>
			</report>
			<report>
				<misses>62200001</misses>
				<total>177</total>
				<timestamp>643.754301</timestamp>
			</report>
			<report>
				<misses>62300001</misses>
				<total>177</total>
				<timestamp>644.765472</timestamp>
			</report>
			<report>
				<misses>62400001</misses>
				<total>177</total>
				<timestamp>645.774685</timestamp>
			</report>
			<report>
				<misses>62500001</misses>
				<total>177</total>
				<timestamp>646.791442</timestamp>
			</report>
			<report>
				<misses>62600001</misses>
				<total>177</total>
				<timestamp>647.799783</timestamp>
			</report>
			<report>
				<misses>62700001</misses>
				<total>177</total>
				<timestamp>648.806682</timestamp>
			</report>
			<report>
				<misses>62800001</misses>
				<total>177</total>
				<timestamp>649.819615</timestamp>
			</report>
			<report>
				<misses>62900001</misses>
				<total>177</total>
				<timestamp>650.825867</timestamp>
			</report>
			<report>
				<misses>63000001</misses>
				<total>177</total>
				<timestamp>651.829674</timestamp>
			</report>
			<report>
				<misses>63100001</misses>
				<total>177</total>
				<timestamp>652.832177</timestamp>
			</report>
			<report>
				<misses>63200001</misses>
				<total>177</total>
				<timestamp>653.829526</timestamp>
			</report>
			<report>
				<misses>63300001</misses>
				<total>177</total>
				<timestamp>654.822098</timestamp>
			</report>
			<report>
				<misses>63400001</misses>
				<total>177</total>
				<timestamp>655.838235</timestamp>
			</report>
			<report>
				<misses>63500001</misses>
				<total>177</total>
				<timestamp>656.847056</timestamp>
			</report>
			<report>
				<misses>63600001</misses>
				<total>177</total>
				<timestamp>657.858678</timestamp>
			</report>
			<report>
				<misses>63700001</misses>
				<total>177</total>
				<timestamp>658.874682</timestamp>
			</report>
			<report>
				<misses>63800001</misses>
				<total>177</total>
				<timestamp>659.891443</timestamp>
			</report>
			<report>
				<misses>63900001</misses>
				<total>177</total>
				<timestamp>660.902730</timestamp>
			</report>
			<report>
				<misses>64000001</misses>
				<total>177</total>
				<timestamp>661.971052</timestamp>
			</report>
			<report>
				<misses>64100001</misses>
				<total>177</total>
				<timestamp>663.060284</timestamp>
			</report>
			<report>
				<misses>64200001</misses>
				<total>177</total>
				<timestamp>664.133797</timestamp>
			</report>
			<report>
				<misses>64300001</misses>
				<total>177</total>
				<timestamp>665.211845</timestamp>
			</report>
			<report>
				<misses>64400001</misses>
				<total>177</total>
				<timestamp>666.283465</timestamp>
			</report>
			<report>
				<misses>64500001</misses>
				<total>177</total>
				<timestamp>667.377837</timestamp>
			</report>
			<report>
				<misses>64600001</misses>
				<total>177</total>
				<timestamp>668.464998</timestamp>
			</report>
			<report>
				<misses>64700001</misses>
				<total>177</total>
				<timestamp>669.538424</timestamp>
			</report>
			<report>
				<misses>64800001</misses>
				<total>177</total>
				<timestamp>670.606844</timestamp>
			</report>
			<report>
				<misses>64900001</misses>
				<total>177</total>
				<timestamp>671.656953</timestamp>
			</report>
			<report>
				<misses>65000001</misses>
				<total>177</total>
				<timestamp>672.661292</timestamp>
			</report>
			<report>
				<misses>65100001</misses>
				<total>177</total>
				<timestamp>673.664555</timestamp>
			</report>
			<report>
				<misses>65200001</misses>
				<total>177</total>
				<timestamp>674.711797</timestamp>
			</report>
			<report>
				<misses>65300001</misses>
				<total>177</total>
				<timestamp>675.780448</timestamp>
			</report>
			<report>
				<misses>65400001</misses>
				<total>177</total>
				<timestamp>676.857590</timestamp>
			</report>
			<report>
				<misses>65500001</misses>
				<total>177</total>
				<timestamp>677.912037</timestamp>
			</report>
			<report>
				<misses>65600001</misses>
				<total>177</total>
				<timestamp>678.964489</timestamp>
			</report>
			<report>
				<misses>65700001</misses>
				<total>177</total>
				<timestamp>680.019047</timestamp>
			</report>
			<report>
				<misses>65800001</misses>
				<total>177</total>
				<timestamp>681.073490</timestamp>
			</report>
			<report>
				<misses>65900001</misses>
				<total>177</total>
				<timestamp>682.142380</timestamp>
			</report>
			<report>
				<misses>66000001</misses>
				<total>177</total>
				<timestamp>683.213733</timestamp>
			</report>
			<report>
				<misses>66100001</misses>
				<total>177</total>
				<timestamp>684.268206</timestamp>
			</report>
			<report>
				<misses>66200001</misses>
				<total>177</total>
				<timestamp>685.356103</timestamp>
			</report>
			<report>
				<misses>66300001</misses>
				<total>177</total>
				<timestamp>686.399385</timestamp>
			</report>
			<report>
				<misses>66400001</misses>
				<total>177</total>
				<timestamp>687.471049</timestamp>
			</report>
			<report>
				<misses>66500001</misses>
				<total>177</total>
				<timestamp>688.548114</timestamp>
			</report>
			<report>
				<misses>66600001</misses>
				<total>177</total>
				<timestamp>689.615639</timestamp>
			</report>
			<report>
				<misses>66700001</misses>
				<total>177</total>
				<timestamp>690.689445</timestamp>
			</report>
			<report>
				<misses>66800001</misses>
				<total>177</total>
				<timestamp>691.770577</timestamp>
			</report>
			<report>
				<misses>66900001</misses>
				<total>177</total>
				<timestamp>692.835025</timestamp>
			</report>
			<report>
				<misses>67000001</misses>
				<total>177</total>
				<timestamp>693.913223</timestamp>
			</report>
			<report>
				<misses>67100001</misses>
				<total>177</total>
				<timestamp>694.991471</timestamp>
			</report>
			<report>
				<misses>67200001</misses>
				<total>177</total>
				<timestamp>696.023068</timestamp>
			</report>
			<report>
				<misses>67300001</misses>
				<total>177</total>
				<timestamp>697.040418</timestamp>
			</report>
			<report>
				<misses>67400001</misses>
				<total>177</total>
				<timestamp>698.074412</timestamp>
			</report>
			<report>
				<misses>67500001</misses>
				<total>177</total>
				<timestamp>699.112717</timestamp>
			</report>
			<report>
				<misses>67600001</misses>
				<total>177</total>
				<timestamp>700.115886</timestamp>
			</report>
			<report>
				<misses>67700001</misses>
				<total>177</total>
				<timestamp>701.118138</timestamp>
			</report>
			<report>
				<misses>67800001</misses>
				<total>177</total>
				<timestamp>702.125104</timestamp>
			</report>
			<report>
				<misses>67900001</misses>
				<total>177</total>
				<timestamp>703.129823</timestamp>
			</report>
			<report>
				<misses>68000001</misses>
				<total>177</total>
				<timestamp>704.134640</timestamp>
			</report>
			<report>
				<misses>68100001</misses>
				<total>177</total>
				<timestamp>705.202426</timestamp>
			</report>
			<report>
				<misses>68200001</misses>
				<total>177</total>
				<timestamp>706.287304</timestamp>
			</report>
			<report>
				<misses>68300001</misses>
				<total>177</total>
				<timestamp>707.365698</timestamp>
			</report>
			<report>
				<misses>68400001</misses>
				<total>177</total>
				<timestamp>708.466193</timestamp>
			</report>
			<report>
				<misses>68500001</misses>
				<total>177</total>
				<timestamp>709.545494</timestamp>
			</report>
			<report>
				<misses>68600001</misses>
				<total>177</total>
				<timestamp>710.622306</timestamp>
			</report>
			<report>
				<misses>68700001</misses>
				<total>177</total>
				<timestamp>711.661454</timestamp>
			</report>
			<report>
				<misses>68800001</misses>
				<total>177</total>
				<timestamp>712.738278</timestamp>
			</report>
			<report>
				<misses>68900001</misses>
				<total>177</total>
				<timestamp>713.798654</timestamp>
			</report>
			<report>
				<misses>69000001</misses>
				<total>177</total>
				<timestamp>714.859038</timestamp>
			</report>
			<report>
				<misses>69100001</misses>
				<total>177</total>
				<timestamp>715.922505</timestamp>
			</report>
			<report>
				<misses>69200001</misses>
				<total>177</total>
				<timestamp>717.001533</timestamp>
			</report>
			<report>
				<misses>69300001</misses>
				<total>177</total>
				<timestamp>718.086675</timestamp>
			</report>
			<report>
				<misses>69400001</misses>
				<total>177</total>
				<timestamp>719.154348</timestamp>
			</report>
			<report>
				<misses>69500001</misses>
				<total>177</total>
				<timestamp>720.237630</timestamp>
			</report>
			<report>
				<misses>69600001</misses>
				<total>177</total>
				<timestamp>721.315094</timestamp>
			</report>
			<report>
				<misses>69700001</misses>
				<total>177</total>
				<timestamp>722.373988</timestamp>
			</report>
			<report>
				<misses>69800001</misses>
				<total>177</total>
				<timestamp>723.469029</timestamp>
			</report>
			<report>
				<misses>69900001</misses>
				<total>177</total>
				<timestamp>724.545214</timestamp>
			</report>
			<report>
				<misses>70000001</misses>
				<total>177</total>
				<timestamp>725.621654</timestamp>
			</report>
			<report>
				<misses>70100001</misses>
				<total>177</total>
				<timestamp>726.687270</timestamp>
			</report>
			<report>
				<misses>70200001</misses>
				<total>177</total>
				<timestamp>727.769107</timestamp>
			</report>
			<report>
				<misses>70300001</misses>
				<total>177</total>
				<timestamp>728.794198</timestamp>
			</report>
			<report>
				<misses>70400001</misses>
				<total>177</total>
				<timestamp>729.786188</timestamp>
			</report>
			<report>
				<misses>70500001</misses>
				<total>177</total>
				<timestamp>730.790703</timestamp>
			</report>
			<report>
				<misses>70600001</misses>
				<total>177</total>
				<timestamp>731.818114</timestamp>
			</report>
			<report>
				<misses>70700001</misses>
				<total>177</total>
				<timestamp>732.890368</timestamp>
			</report>
			<report>
				<misses>70800001</misses>
				<total>177</total>
				<timestamp>733.955159</timestamp>
			</report>
			<report>
				<misses>70900001</misses>
				<total>177</total>
				<timestamp>735.032559</timestamp>
			</report>
			<report>
				<misses>71000001</misses>
				<total>177</total>
				<timestamp>736.126633</timestamp>
			</report>
			<report>
				<misses>71100001</misses>
				<total>177</total>
				<timestamp>737.188461</timestamp>
			</report>
			<report>
				<misses>71200001</misses>
				<total>177</total>
				<timestamp>738.269936</timestamp>
			</report>
			<report>
				<misses>71300001</misses>
				<total>177</total>
				<timestamp>739.330012</timestamp>
			</report>
			<report>
				<misses>71400001</misses>
				<total>177</total>
				<timestamp>740.411594</timestamp>
			</report>
			<report>
				<misses>71500001</misses>
				<total>177</total>
				<timestamp>741.463187</timestamp>
			</report>
			<report>
				<misses>71600001</misses>
				<total>177</total>
				<timestamp>742.511590</timestamp>
			</report>
			<report>
				<misses>71700001</misses>
				<total>177</total>
				<timestamp>743.565824</timestamp>
			</report>
			<report>
				<misses>71800001</misses>
				<total>177</total>
				<timestamp>744.628087</timestamp>
			</report>
			<report>
				<misses>71900001</misses>
				<total>177</total>
				<timestamp>745.690032</timestamp>
			</report>
			<report>
				<misses>72000001</misses>
				<total>177</total>
				<timestamp>746.752797</timestamp>
			</report>
			<report>
				<misses>72100001</misses>
				<total>177</total>
				<timestamp>747.814135</timestamp>
			</report>
			<report>
				<misses>72200001</misses>
				<total>177</total>
				<timestamp>748.893610</timestamp>
			</report>
			<report>
				<misses>72300001</misses>
				<total>177</total>
				<timestamp>749.949140</timestamp>
			</report>
			<report>
				<misses>72400001</misses>
				<total>177</total>
				<timestamp>750.999794</timestamp>
			</report>
			<report>
				<misses>72500001</misses>
				<total>177</total>
				<timestamp>752.064572</timestamp>
			</report>
			<report>
				<misses>72600001</misses>
				<total>177</total>
				<timestamp>753.118410</timestamp>
			</report>
			<report>
				<misses>72700001</misses>
				<total>177</total>
				<timestamp>754.202206</timestamp>
			</report>
			<report>
				<misses>72800001</misses>
				<total>177</total>
				<timestamp>755.288899</timestamp>
			</report>
			<report>
				<misses>72900001</misses>
				<total>177</total>
				<timestamp>756.358624</timestamp>
			</report>
			<report>
				<misses>73000001</misses>
				<total>177</total>
				<timestamp>757.448035</timestamp>
			</report>
			<report>
				<misses>73100001</misses>
				<total>177</total>
				<timestamp>758.542288</timestamp>
			</report>
			<report>
				<misses>73200001</misses>
				<total>177</total>
				<timestamp>759.630851</timestamp>
			</report>
			<report>
				<misses>73300001</misses>
				<total>177</total>
				<timestamp>760.685285</timestamp>
			</report>
			<report>
				<misses>73400001</misses>
				<total>177</total>
				<timestamp>761.746373</timestamp>
			</report>
			<report>
				<misses>73500001</misses>
				<total>177</total>
				<timestamp>762.799596</timestamp>
			</report>
			<report>
				<misses>73600001</misses>
				<total>177</total>
				<timestamp>763.859302</timestamp>
			</report>
			<report>
				<misses>73700001</misses>
				<total>177</total>
				<timestamp>764.938541</timestamp>
			</report>
			<report>
				<misses>73800001</misses>
				<total>177</total>
				<timestamp>765.998232</timestamp>
			</report>
			<report>
				<misses>73900001</misses>
				<total>177</total>
				<timestamp>767.037996</timestamp>
			</report>
			<report>
				<misses>74000001</misses>
				<total>177</total>
				<timestamp>768.104759</timestamp>
			</report>
			<report>
				<misses>74100001</misses>
				<total>177</total>
				<timestamp>769.174949</timestamp>
			</report>
			<report>
				<misses>74200001</misses>
				<total>177</total>
				<timestamp>770.249136</timestamp>
			</report>
			<report>
				<misses>74300001</misses>
				<total>177</total>
				<timestamp>771.320735</timestamp>
			</report>
			<report>
				<misses>74400001</misses>
				<total>177</total>
				<timestamp>772.369232</timestamp>
			</report>
			<report>
				<misses>74500001</misses>
				<total>177</total>
				<timestamp>773.477232</timestamp>
			</report>
			<report>
				<misses>74600001</misses>
				<total>177</total>
				<timestamp>774.564957</timestamp>
			</report>
			<report>
				<misses>74700001</misses>
				<total>177</total>
				<timestamp>775.625006</timestamp>
			</report>
			<report>
				<misses>74800001</misses>
				<total>177</total>
				<timestamp>776.695533</timestamp>
			</report>
			<report>
				<misses>74900001</misses>
				<total>177</total>
				<timestamp>777.762143</timestamp>
			</report>
			<report>
				<misses>75000001</misses>
				<total>177</total>
				<timestamp>778.833433</timestamp>
			</report>
			<report>
				<misses>75100001</misses>
				<total>177</total>
				<timestamp>779.892005</timestamp>
			</report>
			<report>
				<misses>75200001</misses>
				<total>177</total>
				<timestamp>780.952249</timestamp>
			</report>
			<report>
				<misses>75300001</misses>
				<total>177</total>
				<timestamp>782.040041</timestamp>
			</report>
			<report>
				<misses>75400001</misses>
				<total>177</total>
				<timestamp>783.086480</timestamp>
			</report>
			<report>
				<misses>75500001</misses>
				<total>177</total>
				<timestamp>784.166540</timestamp>
			</report>
			<report>
				<misses>75600001</misses>
				<total>177</total>
				<timestamp>785.239360</timestamp>
			</report>
			<report>
				<misses>75700001</misses>
				<total>177</total>
				<timestamp>786.296534</timestamp>
			</report>
			<report>
				<misses>75800001</misses>
				<total>177</total>
				<timestamp>787.381154</timestamp>
			</report>
			<report>
				<misses>75900001</misses>
				<total>177</total>
				<timestamp>788.445589</timestamp>
			</report>
			<report>
				<misses>76000001</misses>
				<total>177</total>
				<timestamp>789.517579</timestamp>
			</report>
			<report>
				<misses>76100001</misses>
				<total>177</total>
				<timestamp>790.578925</timestamp>
			</report>
			<report>
				<misses>76200001</misses>
				<total>177</total>
				<timestamp>791.638331</timestamp>
			</report>
			<report>
				<misses>76300001</misses>
				<total>177</total>
				<timestamp>792.697418</timestamp>
			</report>
			<report>
				<misses>76400001</misses>
				<total>177</total>
				<timestamp>793.792527</timestamp>
			</report>
			<report>
				<misses>76500001</misses>
				<total>177</total>
				<timestamp>794.857968</timestamp>
			</report>
			<report>
				<misses>76600001</misses>
				<total>177</total>
				<timestamp>795.904443</timestamp>
			</report>
			<report>
				<misses>76700001</misses>
				<total>177</total>
				<timestamp>796.969188</timestamp>
			</report>
			<report>
				<misses>76800001</misses>
				<total>177</total>
				<timestamp>798.059975</timestamp>
			</report>
			<report>
				<misses>76900001</misses>
				<total>177</total>
				<timestamp>799.137512</timestamp>
			</report>
			<report>
				<misses>77000001</misses>
				<total>177</total>
				<timestamp>800.194688</timestamp>
			</report>
			<report>
				<misses>77100001</misses>
				<total>177</total>
				<timestamp>801.266934</timestamp>
			</report>
			<report>
				<misses>77200001</misses>
				<total>177</total>
				<timestamp>802.341894</timestamp>
			</report>
			<report>
				<misses>77300001</misses>
				<total>177</total>
				<timestamp>803.407757</timestamp>
			</report>
			<report>
				<misses>77400001</misses>
				<total>177</total>
				<timestamp>804.482604</timestamp>
			</report>
			<report>
				<misses>77500001</misses>
				<total>177</total>
				<timestamp>805.552545</timestamp>
			</report>
			<report>
				<misses>77600001</misses>
				<total>177</total>
				<timestamp>806.644918</timestamp>
			</report>
			<report>
				<misses>77700001</misses>
				<total>177</total>
				<timestamp>807.664913</timestamp>
			</report>
			<report>
				<misses>77800001</misses>
				<total>177</total>
				<timestamp>808.673566</timestamp>
			</report>
			<report>
				<misses>77900001</misses>
				<total>177</total>
				<timestamp>809.754442</timestamp>
			</report>
			<report>
				<misses>78000001</misses>
				<total>177</total>
				<timestamp>810.817882</timestamp>
			</report>
			<report>
				<misses>78100001</misses>
				<total>177</total>
				<timestamp>811.874505</timestamp>
			</report>
			<report>
				<misses>78200001</misses>
				<total>177</total>
				<timestamp>812.866505</timestamp>
			</report>
			<report>
				<misses>78300001</misses>
				<total>177</total>
				<timestamp>813.867003</timestamp>
			</report>
			<report>
				<misses>78400001</misses>
				<total>177</total>
				<timestamp>814.861435</timestamp>
			</report>
			<report>
				<misses>78500001</misses>
				<total>177</total>
				<timestamp>815.912530</timestamp>
			</report>
			<report>
				<misses>78600001</misses>
				<total>177</total>
				<timestamp>816.984964</timestamp>
			</report>
			<report>
				<misses>78700001</misses>
				<total>177</total>
				<timestamp>818.055119</timestamp>
			</report>
			<report>
				<misses>78800001</misses>
				<total>177</total>
				<timestamp>819.055851</timestamp>
			</report>
			<report>
				<misses>78900001</misses>
				<total>177</total>
				<timestamp>820.099539</timestamp>
			</report>
			<report>
				<misses>79000001</misses>
				<total>177</total>
				<timestamp>821.181533</timestamp>
			</report>
			<report>
				<misses>79100001</misses>
				<total>177</total>
				<timestamp>822.250822</timestamp>
			</report>
			<report>
				<misses>79200001</misses>
				<total>177</total>
				<timestamp>823.351373</timestamp>
			</report>
			<report>
				<misses>79300001</misses>
				<total>177</total>
				<timestamp>824.416388</timestamp>
			</report>
			<report>
				<misses>79400001</misses>
				<total>177</total>
				<timestamp>825.495537</timestamp>
			</report>
			<report>
				<misses>79500001</misses>
				<total>177</total>
				<timestamp>826.583680</timestamp>
			</report>
			<report>
				<misses>79600001</misses>
				<total>177</total>
				<timestamp>827.655585</timestamp>
			</report>
			<report>
				<misses>79700001</misses>
				<total>177</total>
				<timestamp>828.725021</timestamp>
			</report>
			<report>
				<misses>79800001</misses>
				<total>177</total>
				<timestamp>829.802133</timestamp>
			</report>
			<report>
				<misses>79900001</misses>
				<total>177</total>
				<timestamp>830.878159</timestamp>
			</report>
			<report>
				<misses>80000001</misses>
				<total>177</total>
				<timestamp>831.954178</timestamp>
			</report>
			<report>
				<misses>80100001</misses>
				<total>177</total>
				<timestamp>833.020433</timestamp>
			</report>
			<report>
				<misses>80200001</misses>
				<total>177</total>
				<timestamp>834.097512</timestamp>
			</report>
			<report>
				<misses>80300001</misses>
				<total>177</total>
				<timestamp>835.099003</timestamp>
			</report>
			<report>
				<misses>80400001</misses>
				<total>177</total>
				<timestamp>836.103696</timestamp>
			</report>
			<report>
				<misses>80500001</misses>
				<total>177</total>
				<timestamp>837.114381</timestamp>
			</report>
			<report>
				<misses>80600001</misses>
				<total>177</total>
				<timestamp>838.191899</timestamp>
			</report>
			<report>
				<misses>80700001</misses>
				<total>177</total>
				<timestamp>839.267211</timestamp>
			</report>
			<report>
				<misses>80800001</misses>
				<total>177</total>
				<timestamp>840.332425</timestamp>
			</report>
			<report>
				<misses>80900001</misses>
				<total>177</total>
				<timestamp>841.405709</timestamp>
			</report>
			<report>
				<misses>81000001</misses>
				<total>177</total>
				<timestamp>842.495505</timestamp>
			</report>
			<report>
				<misses>81100001</misses>
				<total>177</total>
				<timestamp>843.551935</timestamp>
			</report>
			<report>
				<misses>81200001</misses>
				<total>177</total>
				<timestamp>844.614966</timestamp>
			</report>
			<report>
				<misses>81300001</misses>
				<total>177</total>
				<timestamp>845.669731</timestamp>
			</report>
			<report>
				<misses>81400001</misses>
				<total>177</total>
				<timestamp>846.674689</timestamp>
			</report>
			<report>
				<misses>81500001</misses>
				<total>177</total>
				<timestamp>847.670773</timestamp>
			</report>
			<report>
				<misses>81600001</misses>
				<total>177</total>
				<timestamp>848.700042</timestamp>
			</report>
			<report>
				<misses>81700001</misses>
				<total>177</total>
				<timestamp>849.719889</timestamp>
			</report>
			<report>
				<misses>81800001</misses>
				<total>177</total>
				<timestamp>850.782528</timestamp>
			</report>
			<report>
				<misses>81900001</misses>
				<total>177</total>
				<timestamp>851.858708</timestamp>
			</report>
			<report>
				<misses>82000001</misses>
				<total>177</total>
				<timestamp>852.927021</timestamp>
			</report>
			<report>
				<misses>82100001</misses>
				<total>177</total>
				<timestamp>854.004565</timestamp>
			</report>
			<report>
				<misses>82200001</misses>
				<total>177</total>
				<timestamp>855.091310</timestamp>
			</report>
			<report>
				<misses>82300001</misses>
				<total>177</total>
				<timestamp>856.160089</timestamp>
			</report>
			<report>
				<misses>82400001</misses>
				<total>177</total>
				<timestamp>857.231524</timestamp>
			</report>
			<report>
				<misses>82500001</misses>
				<total>177</total>
				<timestamp>858.312375</timestamp>
			</report>
			<report>
				<misses>82600001</misses>
				<total>177</total>
				<timestamp>859.376783</timestamp>
			</report>
			<report>
				<misses>82700001</misses>
				<total>177</total>
				<timestamp>860.443602</timestamp>
			</report>
			<report>
				<misses>82800001</misses>
				<total>177</total>
				<timestamp>861.508297</timestamp>
			</report>
			<report>
				<misses>82900001</misses>
				<total>177</total>
				<timestamp>862.567268</timestamp>
			</report>
			<report>
				<misses>83000001</misses>
				<total>177</total>
				<timestamp>863.642417</timestamp>
			</report>
			<report>
				<misses>83100001</misses>
				<total>177</total>
				<timestamp>864.695627</timestamp>
			</report>
			<report>
				<misses>83200001</misses>
				<total>177</total>
				<timestamp>865.766137</timestamp>
			</report>
			<report>
				<misses>83300001</misses>
				<total>177</total>
				<timestamp>866.823480</timestamp>
			</report>
			<report>
				<misses>83400001</misses>
				<total>177</total>
				<timestamp>867.888335</timestamp>
			</report>
			<report>
				<misses>83500001</misses>
				<total>177</total>
				<timestamp>868.995965</timestamp>
			</report>
			<report>
				<misses>83600001</misses>
				<total>177</total>
				<timestamp>870.078858</timestamp>
			</report>
			<report>
				<misses>83700001</misses>
				<total>177</total>
				<timestamp>871.166008</timestamp>
			</report>
			<report>
				<misses>83800001</misses>
				<total>177</total>
				<timestamp>872.247738</timestamp>
			</report>
			<report>
				<misses>83900001</misses>
				<total>177</total>
				<timestamp>873.310371</timestamp>
			</report>
			<report>
				<misses>84000001</misses>
				<total>177</total>
				<timestamp>874.383269</timestamp>
			</report>
			<report>
				<misses>84100001</misses>
				<total>177</total>
				<timestamp>875.403823</timestamp>
			</report>
			<report>
				<misses>84200001</misses>
				<total>177</total>
				<timestamp>876.401513</timestamp>
			</report>
			<report>
				<misses>84300001</misses>
				<total>177</total>
				<timestamp>877.406347</timestamp>
			</report>
			<report>
				<misses>84400001</misses>
				<total>177</total>
				<timestamp>878.475629</timestamp>
			</report>
			<report>
				<misses>84500001</misses>
				<total>177</total>
				<timestamp>879.543677</timestamp>
			</report>
			<report>
				<misses>84600001</misses>
				<total>177</total>
				<timestamp>880.623034</timestamp>
			</report>
			<report>
				<misses>84700001</misses>
				<total>177</total>
				<timestamp>881.705056</timestamp>
			</report>
			<report>
				<misses>84800001</misses>
				<total>177</total>
				<timestamp>882.770368</timestamp>
			</report>
			<report>
				<misses>84900001</misses>
				<total>177</total>
				<timestamp>883.859649</timestamp>
			</report>
			<report>
				<misses>85000001</misses>
				<total>177</total>
				<timestamp>884.942728</timestamp>
			</report>
			<report>
				<misses>85100001</misses>
				<total>177</total>
				<timestamp>886.004716</timestamp>
			</report>
			<report>
				<misses>85200001</misses>
				<total>177</total>
				<timestamp>887.067616</timestamp>
			</report>
			<report>
				<misses>85300001</misses>
				<total>177</total>
				<timestamp>888.118811</timestamp>
			</report>
			<report>
				<misses>85400001</misses>
				<total>177</total>
				<timestamp>889.170305</timestamp>
			</report>
			<report>
				<misses>85500001</misses>
				<total>177</total>
				<timestamp>890.249137</timestamp>
			</report>
			<report>
				<misses>85600001</misses>
				<total>177</total>
				<timestamp>891.325672</timestamp>
			</report>
			<report>
				<misses>85700001</misses>
				<total>177</total>
				<timestamp>892.396405</timestamp>
			</report>
			<report>
				<misses>85800001</misses>
				<total>177</total>
				<timestamp>893.482513</timestamp>
			</report>
			<report>
				<misses>85900001</misses>
				<total>177</total>
				<timestamp>894.556807</timestamp>
			</report>
			<report>
				<misses>86000001</misses>
				<total>177</total>
				<timestamp>895.590812</timestamp>
			</report>
			<report>
				<misses>86100001</misses>
				<total>177</total>
				<timestamp>896.601434</timestamp>
			</report>
			<report>
				<misses>86200001</misses>
				<total>177</total>
				<timestamp>897.601963</timestamp>
			</report>
			<report>
				<misses>86300001</misses>
				<total>177</total>
				<timestamp>898.603700</timestamp>
			</report>
			<report>
				<misses>86400001</misses>
				<total>177</total>
				<timestamp>899.664076</timestamp>
			</report>
			<report>
				<misses>86500001</misses>
				<total>177</total>
				<timestamp>900.742705</timestamp>
			</report>
			<report>
				<misses>86600001</misses>
				<total>177</total>
				<timestamp>901.755610</timestamp>
			</report>
			<report>
				<misses>86700001</misses>
				<total>177</total>
				<timestamp>902.766686</timestamp>
			</report>
			<report>
				<misses>86800001</misses>
				<total>177</total>
				<timestamp>903.760009</timestamp>
			</report>
			<report>
				<misses>86900001</misses>
				<total>177</total>
				<timestamp>904.764037</timestamp>
			</report>
			<report>
				<misses>87000001</misses>
				<total>177</total>
				<timestamp>905.759469</timestamp>
			</report>
			<report>
				<misses>87100001</misses>
				<total>177</total>
				<timestamp>906.759974</timestamp>
			</report>
			<report>
				<misses>87200001</misses>
				<total>177</total>
				<timestamp>907.791766</timestamp>
			</report>
			<report>
				<misses>87300001</misses>
				<total>177</total>
				<timestamp>908.871384</timestamp>
			</report>
			<report>
				<misses>87400001</misses>
				<total>177</total>
				<timestamp>909.932081</timestamp>
			</report>
			<report>
				<misses>87500001</misses>
				<total>177</total>
				<timestamp>911.031666</timestamp>
			</report>
			<report>
				<misses>87600001</misses>
				<total>177</total>
				<timestamp>912.111112</timestamp>
			</report>
			<report>
				<misses>87700001</misses>
				<total>177</total>
				<timestamp>913.184393</timestamp>
			</report>
			<report>
				<misses>87800001</misses>
				<total>177</total>
				<timestamp>914.256768</timestamp>
			</report>
			<report>
				<misses>87900001</misses>
				<total>177</total>
				<timestamp>915.331823</timestamp>
			</report>
			<report>
				<misses>88000001</misses>
				<total>177</total>
				<timestamp>916.389006</timestamp>
			</report>
			<report>
				<misses>88100001</misses>
				<total>177</total>
				<timestamp>917.455309</timestamp>
			</report>
			<report>
				<misses>88200001</misses>
				<total>177</total>
				<timestamp>918.512654</timestamp>
			</report>
			<report>
				<misses>88300001</misses>
				<total>177</total>
				<timestamp>919.588915</timestamp>
			</report>
			<report>
				<misses>88400001</misses>
				<total>177</total>
				<timestamp>920.657868</timestamp>
			</report>
			<report>
				<misses>88500001</misses>
				<total>177</total>
				<timestamp>921.723919</timestamp>
			</report>
			<report>
				<misses>88600001</misses>
				<total>177</total>
				<timestamp>922.799844</timestamp>
			</report>
			<report>
				<misses>88700001</misses>
				<total>177</total>
				<timestamp>923.882991</timestamp>
			</report>
			<report>
				<misses>88800001</misses>
				<total>177</total>
				<timestamp>924.962651</timestamp>
			</report>
			<report>
				<misses>88900001</misses>
				<total>177</total>
				<timestamp>926.037097</timestamp>
			</report>
			<report>
				<misses>89000001</misses>
				<total>177</total>
				<timestamp>927.143890</timestamp>
			</report>
			<report>
				<misses>89100001</misses>
				<total>177</total>
				<timestamp>928.175154</timestamp>
			</report>
			<report>
				<misses>89200001</misses>
				<total>177</total>
				<timestamp>929.172741</timestamp>
			</report>
			<report>
				<misses>89300001</misses>
				<total>177</total>
				<timestamp>930.179080</timestamp>
			</report>
			<report>
				<misses>89400001</misses>
				<total>177</total>
				<timestamp>931.182636</timestamp>
			</report>
			<report>
				<misses>89500001</misses>
				<total>177</total>
				<timestamp>932.196340</timestamp>
			</report>
			<report>
				<misses>89600001</misses>
				<total>177</total>
				<timestamp>933.202797</timestamp>
			</report>
			<report>
				<misses>89700001</misses>
				<total>177</total>
				<timestamp>934.205104</timestamp>
			</report>
			<report>
				<misses>89800001</misses>
				<total>177</total>
				<timestamp>935.214009</timestamp>
			</report>
			<report>
				<misses>89900001</misses>
				<total>177</total>
				<timestamp>936.227152</timestamp>
			</report>
			<report>
				<misses>90000001</misses>
				<total>177</total>
				<timestamp>937.308806</timestamp>
			</report>
			<report>
				<misses>90100001</misses>
				<total>177</total>
				<timestamp>938.378888</timestamp>
			</report>
			<report>
				<misses>90200001</misses>
				<total>177</total>
				<timestamp>939.473250</timestamp>
			</report>
			<report>
				<misses>90300001</misses>
				<total>177</total>
				<timestamp>940.571552</timestamp>
			</report>
			<report>
				<misses>90400001</misses>
				<total>177</total>
				<timestamp>941.653640</timestamp>
			</report>
			<report>
				<misses>90500001</misses>
				<total>177</total>
				<timestamp>942.751849</timestamp>
			</report>
			<report>
				<misses>90600001</misses>
				<total>177</total>
				<timestamp>943.831135</timestamp>
			</report>
			<report>
				<misses>90700001</misses>
				<total>177</total>
				<timestamp>944.916350</timestamp>
			</report>
			<report>
				<misses>90800001</misses>
				<total>177</total>
				<timestamp>945.978797</timestamp>
			</report>
			<report>
				<misses>90900001</misses>
				<total>177</total>
				<timestamp>947.060462</timestamp>
			</report>
			<report>
				<misses>91000001</misses>
				<total>177</total>
				<timestamp>948.121994</timestamp>
			</report>
			<report>
				<misses>91100001</misses>
				<total>177</total>
				<timestamp>949.185483</timestamp>
			</report>
			<report>
				<misses>91200001</misses>
				<total>177</total>
				<timestamp>950.266301</timestamp>
			</report>
			<report>
				<misses>91300001</misses>
				<total>177</total>
				<timestamp>951.346931</timestamp>
			</report>
			<report>
				<misses>91400001</misses>
				<total>177</total>
				<timestamp>952.419696</timestamp>
			</report>
			<report>
				<misses>91500001</misses>
				<total>177</total>
				<timestamp>953.467237</timestamp>
			</report>
			<report>
				<misses>91600001</misses>
				<total>177</total>
				<timestamp>954.535305</timestamp>
			</report>
			<report>
				<misses>91700001</misses>
				<total>177</total>
				<timestamp>955.591134</timestamp>
			</report>
			<report>
				<misses>91800001</misses>
				<total>177</total>
				<timestamp>956.672700</timestamp>
			</report>
			<report>
				<misses>91900001</misses>
				<total>177</total>
				<timestamp>957.738566</timestamp>
			</report>
			<report>
				<misses>92000001</misses>
				<total>177</total>
				<timestamp>958.790256</timestamp>
			</report>
			<report>
				<misses>92100001</misses>
				<total>177</total>
				<timestamp>959.849773</timestamp>
			</report>
			<report>
				<misses>92200001</misses>
				<total>177</total>
				<timestamp>960.901903</timestamp>
			</report>
			<report>
				<misses>92300001</misses>
				<total>177</total>
				<timestamp>961.946190</timestamp>
			</report>
			<report>
				<misses>92400001</misses>
				<total>177</total>
				<timestamp>963.014726</timestamp>
			</report>
			<report>
				<misses>92500001</misses>
				<total>177</total>
				<timestamp>964.106376</timestamp>
			</report>
			<report>
				<misses>92600001</misses>
				<total>177</total>
				<timestamp>965.200037</timestamp>
			</report>
			<report>
				<misses>92700001</misses>
				<total>177</total>
				<timestamp>966.302712</timestamp>
			</report>
			<report>
				<misses>92800001</misses>
				<total>177</total>
				<timestamp>967.380138</timestamp>
			</report>
			<report>
				<misses>92900001</misses>
				<total>177</total>
				<timestamp>968.469031</timestamp>
			</report>
			<report>
				<misses>93000001</misses>
				<total>177</total>
				<timestamp>969.545607</timestamp>
			</report>
			<report>
				<misses>93100001</misses>
				<total>177</total>
				<timestamp>970.609205</timestamp>
			</report>
			<report>
				<misses>93200001</misses>
				<total>177</total>
				<timestamp>971.692607</timestamp>
			</report>
			<report>
				<misses>93300001</misses>
				<total>177</total>
				<timestamp>972.762633</timestamp>
			</report>
			<report>
				<misses>93400001</misses>
				<total>177</total>
				<timestamp>973.846389</timestamp>
			</report>
			<report>
				<misses>93500001</misses>
				<total>177</total>
				<timestamp>974.926852</timestamp>
			</report>
			<report>
				<misses>93600001</misses>
				<total>177</total>
				<timestamp>975.988655</timestamp>
			</report>
			<report>
				<misses>93700001</misses>
				<total>177</total>
				<timestamp>977.075544</timestamp>
			</report>
			<report>
				<misses>93800001</misses>
				<total>177</total>
				<timestamp>978.153470</timestamp>
			</report>
			<report>
				<misses>93900001</misses>
				<total>177</total>
				<timestamp>979.220870</timestamp>
			</report>
			<report>
				<misses>94000001</misses>
				<total>177</total>
				<timestamp>980.297202</timestamp>
			</report>
			<report>
				<misses>94100001</misses>
				<total>177</total>
				<timestamp>981.381307</timestamp>
			</report>
			<report>
				<misses>94200001</misses>
				<total>177</total>
				<timestamp>982.410193</timestamp>
			</report>
			<report>
				<misses>94300001</misses>
				<total>177</total>
				<timestamp>983.483855</timestamp>
			</report>
			<report>
				<misses>94400001</misses>
				<total>177</total>
				<timestamp>984.559715</timestamp>
			</report>
			<report>
				<misses>94500001</misses>
				<total>177</total>
				<timestamp>985.649971</timestamp>
			</report>
			<report>
				<misses>94600001</misses>
				<total>177</total>
				<timestamp>986.705638</timestamp>
			</report>
			<report>
				<misses>94700001</misses>
				<total>177</total>
				<timestamp>987.723502</timestamp>
			</report>
			<report>
				<misses>94800001</misses>
				<total>177</total>
				<timestamp>988.734009</timestamp>
			</report>
			<report>
				<misses>94900001</misses>
				<total>177</total>
				<timestamp>989.739754</timestamp>
			</report>
			<report>
				<misses>95000001</misses>
				<total>177</total>
				<timestamp>990.751021</timestamp>
			</report>
			<report>
				<misses>95100001</misses>
				<total>177</total>
				<timestamp>991.822269</timestamp>
			</report>
			<report>
				<misses>95200001</misses>
				<total>177</total>
				<timestamp>992.916878</timestamp>
			</report>
			<report>
				<misses>95300001</misses>
				<total>177</total>
				<timestamp>993.951068</timestamp>
			</report>
			<report>
				<misses>95400001</misses>
				<total>177</total>
				<timestamp>994.962236</timestamp>
			</report>
			<report>
				<misses>95500001</misses>
				<total>177</total>
				<timestamp>996.019432</timestamp>
			</report>
			<report>
				<misses>95600001</misses>
				<total>177</total>
				<timestamp>997.093174</timestamp>
			</report>
			<report>
				<misses>95700001</misses>
				<total>177</total>
				<timestamp>998.149424</timestamp>
			</report>
			<report>
				<misses>95800001</misses>
				<total>177</total>
				<timestamp>999.214440</timestamp>
			</report>
			<report>
				<misses>95900001</misses>
				<total>177</total>
				<timestamp>1000.276111</timestamp>
			</report>
			<report>
				<misses>96000001</misses>
				<total>177</total>
				<timestamp>1001.324233</timestamp>
			</report>
			<report>
				<misses>96100001</misses>
				<total>177</total>
				<timestamp>1002.382992</timestamp>
			</report>
			<report>
				<misses>96200001</misses>
				<total>177</total>
				<timestamp>1003.474612</timestamp>
			</report>
			<report>
				<misses>96300001</misses>
				<total>177</total>
				<timestamp>1004.533179</timestamp>
			</report>
			<report>
				<misses>96400001</misses>
				<total>177</total>
				<timestamp>1005.588515</timestamp>
			</report>
			<report>
				<misses>96500001</misses>
				<total>177</total>
				<timestamp>1006.610521</timestamp>
			</report>
			<report>
				<misses>96600001</misses>
				<total>177</total>
				<timestamp>1007.660703</timestamp>
			</report>
			<report>
				<misses>96700001</misses>
				<total>177</total>
				<timestamp>1008.708436</timestamp>
			</report>
			<report>
				<misses>96800001</misses>
				<total>177</total>
				<timestamp>1009.766795</timestamp>
			</report>
			<report>
				<misses>96900001</misses>
				<total>177</total>
				<timestamp>1010.827579</timestamp>
			</report>
			<report>
				<misses>97000001</misses>
				<total>177</total>
				<timestamp>1011.885302</timestamp>
			</report>
			<report>
				<misses>97100001</misses>
				<total>177</total>
				<timestamp>1012.954260</timestamp>
			</report>
			<report>
				<misses>97200001</misses>
				<total>177</total>
				<timestamp>1013.958196</timestamp>
			</report>
			<report>
				<misses>97300001</misses>
				<total>177</total>
				<timestamp>1014.963802</timestamp>
			</report>
			<report>
				<misses>97400001</misses>
				<total>177</total>
				<timestamp>1016.048500</timestamp>
			</report>
			<report>
				<misses>97500001</misses>
				<total>177</total>
				<timestamp>1017.111642</timestamp>
			</report>
			<report>
				<misses>97600001</misses>
				<total>177</total>
				<timestamp>1018.191573</timestamp>
			</report>
			<report>
				<misses>97700001</misses>
				<total>177</total>
				<timestamp>1019.271244</timestamp>
			</report>
			<report>
				<misses>97800001</misses>
				<total>177</total>
				<timestamp>1020.354160</timestamp>
			</report>
			<report>
				<misses>97900001</misses>
				<total>177</total>
				<timestamp>1021.417067</timestamp>
			</report>
			<report>
				<misses>98000001</misses>
				<total>177</total>
				<timestamp>1022.420945</timestamp>
			</report>
			<report>
				<misses>98100001</misses>
				<total>177</total>
				<timestamp>1023.425552</timestamp>
			</report>
			<report>
				<misses>98200001</misses>
				<total>177</total>
				<timestamp>1024.418230</timestamp>
			</report>
			<report>
				<misses>98300001</misses>
				<total>177</total>
				<timestamp>1025.405901</timestamp>
			</report>
			<report>
				<misses>98400001</misses>
				<total>177</total>
				<timestamp>1026.391767</timestamp>
			</report>
			<report>
				<misses>98500001</misses>
				<total>177</total>
				<timestamp>1027.379438</timestamp>
			</report>
			<report>
				<misses>98600001</misses>
				<total>177</total>
				<timestamp>1028.365944</timestamp>
			</report>
			<report>
				<misses>98700001</misses>
				<total>177</total>
				<timestamp>1029.409949</timestamp>
			</report>
			<report>
				<misses>98800001</misses>
				<total>177</total>
				<timestamp>1030.463374</timestamp>
			</report>
			<report>
				<misses>98900001</misses>
				<total>177</total>
				<timestamp>1031.527101</timestamp>
			</report>
			<report>
				<misses>99000001</misses>
				<total>177</total>
				<timestamp>1032.604764</timestamp>
			</report>
			<report>
				<misses>99100001</misses>
				<total>177</total>
				<timestamp>1033.663523</timestamp>
			</report>
			<report>
				<misses>99200001</misses>
				<total>177</total>
				<timestamp>1034.702100</timestamp>
			</report>
			<report>
				<misses>99300001</misses>
				<total>177</total>
				<timestamp>1035.783523</timestamp>
			</report>
			<report>
				<misses>99400001</misses>
				<total>177</total>
				<timestamp>1036.832945</timestamp>
			</report>
			<report>
				<misses>99500001</misses>
				<total>177</total>
				<timestamp>1037.907294</timestamp>
			</report>
			<report>
				<misses>99600001</misses>
				<total>177</total>
				<timestamp>1038.972953</timestamp>
			</report>
			<report>
				<misses>99700001</misses>
				<total>177</total>
				<timestamp>1040.031856</timestamp>
			</report>
			<report>
				<misses>99800001</misses>
				<total>177</total>
				<timestamp>1041.112036</timestamp>
			</report>
			<report>
				<misses>99900001</misses>
				<total>177</total>
				<timestamp>1042.192995</timestamp>
			</report>
			<report>
				<misses>100000001</misses>
				<total>177</total>
				<timestamp>1043.262295</timestamp>
			</report>
			<report>
				<misses>100100001</misses>
				<total>177</total>
				<timestamp>1044.326900</timestamp>
			</report>
			<report>
				<misses>100200001</misses>
				<total>177</total>
				<timestamp>1045.402963</timestamp>
			</report>
			<report>
				<misses>100300001</misses>
				<total>177</total>
				<timestamp>1046.494102</timestamp>
			</report>
			<report>
				<misses>100400001</misses>
				<total>177</total>
				<timestamp>1047.585271</timestamp>
			</report>
			<report>
				<misses>100500001</misses>
				<total>177</total>
				<timestamp>1048.671645</timestamp>
			</report>
			<report>
				<misses>100600001</misses>
				<total>177</total>
				<timestamp>1049.751049</timestamp>
			</report>
			<report>
				<misses>100700001</misses>
				<total>177</total>
				<timestamp>1050.850940</timestamp>
			</report>
			<report>
				<misses>100800001</misses>
				<total>177</total>
				<timestamp>1051.943854</timestamp>
			</report>
			<report>
				<misses>100900001</misses>
				<total>177</total>
				<timestamp>1053.025298</timestamp>
			</report>
			<report>
				<misses>101000001</misses>
				<total>177</total>
				<timestamp>1054.126177</timestamp>
			</report>
			<report>
				<misses>101100001</misses>
				<total>177</total>
				<timestamp>1055.201201</timestamp>
			</report>
			<report>
				<misses>101200001</misses>
				<total>177</total>
				<timestamp>1056.270113</timestamp>
			</report>
			<report>
				<misses>101300001</misses>
				<total>177</total>
				<timestamp>1057.326781</timestamp>
			</report>
			<report>
				<misses>101400001</misses>
				<total>177</total>
				<timestamp>1058.392383</timestamp>
			</report>
			<report>
				<misses>101500001</misses>
				<total>177</total>
				<timestamp>1059.444446</timestamp>
			</report>
			<report>
				<misses>101600001</misses>
				<total>177</total>
				<timestamp>1060.509426</timestamp>
			</report>
			<report>
				<misses>101700001</misses>
				<total>177</total>
				<timestamp>1061.593448</timestamp>
			</report>
			<report>
				<misses>101800001</misses>
				<total>177</total>
				<timestamp>1062.674225</timestamp>
			</report>
			<report>
				<misses>101900001</misses>
				<total>177</total>
				<timestamp>1063.755127</timestamp>
			</report>
			<report>
				<misses>102000001</misses>
				<total>177</total>
				<timestamp>1064.830768</timestamp>
			</report>
			<report>
				<misses>102100001</misses>
				<total>177</total>
				<timestamp>1065.911207</timestamp>
			</report>
			<report>
				<misses>102200001</misses>
				<total>177</total>
				<timestamp>1066.988132</timestamp>
			</report>
			<report>
				<misses>102300001</misses>
				<total>177</total>
				<timestamp>1068.062618</timestamp>
			</report>
			<report>
				<misses>102400001</misses>
				<total>177</total>
				<timestamp>1069.131873</timestamp>
			</report>
			<report>
				<misses>102500001</misses>
				<total>177</total>
				<timestamp>1070.202861</timestamp>
			</report>
			<report>
				<misses>102600001</misses>
				<total>177</total>
				<timestamp>1071.255192</timestamp>
			</report>
			<report>
				<misses>102700001</misses>
				<total>177</total>
				<timestamp>1072.276013</timestamp>
			</report>
			<report>
				<misses>102800001</misses>
				<total>177</total>
				<timestamp>1073.295077</timestamp>
			</report>
			<report>
				<misses>102900001</misses>
				<total>177</total>
				<timestamp>1074.321543</timestamp>
			</report>
			<report>
				<misses>103000001</misses>
				<total>177</total>
				<timestamp>1075.341652</timestamp>
			</report>
			<report>
				<misses>103100001</misses>
				<total>177</total>
				<timestamp>1076.361991</timestamp>
			</report>
			<report>
				<misses>103200001</misses>
				<total>177</total>
				<timestamp>1077.377979</timestamp>
			</report>
			<report>
				<misses>103300001</misses>
				<total>177</total>
				<timestamp>1078.399188</timestamp>
			</report>
			<report>
				<misses>103400001</misses>
				<total>177</total>
				<timestamp>1079.404076</timestamp>
			</report>
			<report>
				<misses>103500001</misses>
				<total>177</total>
				<timestamp>1080.414922</timestamp>
			</report>
			<report>
				<misses>103600001</misses>
				<total>177</total>
				<timestamp>1081.417573</timestamp>
			</report>
			<report>
				<misses>103700001</misses>
				<total>177</total>
				<timestamp>1082.419112</timestamp>
			</report>
			<report>
				<misses>103800001</misses>
				<total>177</total>
				<timestamp>1083.418342</timestamp>
			</report>
			<report>
				<misses>103900001</misses>
				<total>177</total>
				<timestamp>1084.420722</timestamp>
			</report>
			<report>
				<misses>104000001</misses>
				<total>177</total>
				<timestamp>1085.417934</timestamp>
			</report>
			<report>
				<misses>104100001</misses>
				<total>177</total>
				<timestamp>1086.418411</timestamp>
			</report>
			<report>
				<misses>104200001</misses>
				<total>177</total>
				<timestamp>1087.413098</timestamp>
			</report>
			<report>
				<misses>104300001</misses>
				<total>177</total>
				<timestamp>1088.479990</timestamp>
			</report>
			<report>
				<misses>104400001</misses>
				<total>177</total>
				<timestamp>1089.554561</timestamp>
			</report>
			<report>
				<misses>104500001</misses>
				<total>177</total>
				<timestamp>1090.561348</timestamp>
			</report>
			<report>
				<misses>104600001</misses>
				<total>177</total>
				<timestamp>1091.572797</timestamp>
			</report>
			<report>
				<misses>104700001</misses>
				<total>177</total>
				<timestamp>1092.580954</timestamp>
			</report>
			<report>
				<misses>104800001</misses>
				<total>177</total>
				<timestamp>1093.624274</timestamp>
			</report>
			<report>
				<misses>104900001</misses>
				<total>177</total>
				<timestamp>1094.692744</timestamp>
			</report>
			<report>
				<misses>105000001</misses>
				<total>177</total>
				<timestamp>1095.747507</timestamp>
			</report>
			<report>
				<misses>105100001</misses>
				<total>177</total>
				<timestamp>1096.814345</timestamp>
			</report>
			<report>
				<misses>105200001</misses>
				<total>177</total>
				<timestamp>1097.865495</timestamp>
			</report>
			<report>
				<misses>105300001</misses>
				<total>177</total>
				<timestamp>1098.915228</timestamp>
			</report>
			<report>
				<misses>105400001</misses>
				<total>177</total>
				<timestamp>1099.959873</timestamp>
			</report>
			<report>
				<misses>105500001</misses>
				<total>177</total>
				<timestamp>1101.014952</timestamp>
			</report>
			<report>
				<misses>105600001</misses>
				<total>177</total>
				<timestamp>1102.077793</timestamp>
			</report>
			<report>
				<misses>105700001</misses>
				<total>177</total>
				<timestamp>1103.153900</timestamp>
			</report>
			<report>
				<misses>105800001</misses>
				<total>177</total>
				<timestamp>1104.253611</timestamp>
			</report>
			<report>
				<misses>105900001</misses>
				<total>177</total>
				<timestamp>1105.329316</timestamp>
			</report>
			<report>
				<misses>106000001</misses>
				<total>177</total>
				<timestamp>1106.391036</timestamp>
			</report>
			<report>
				<misses>106100001</misses>
				<total>177</total>
				<timestamp>1107.458846</timestamp>
			</report>
			<report>
				<misses>106200001</misses>
				<total>177</total>
				<timestamp>1108.526127</timestamp>
			</report>
			<report>
				<misses>106300001</misses>
				<total>177</total>
				<timestamp>1109.608427</timestamp>
			</report>
			<report>
				<misses>106400001</misses>
				<total>177</total>
				<timestamp>1110.678800</timestamp>
			</report>
			<report>
				<misses>106500001</misses>
				<total>177</total>
				<timestamp>1111.783699</timestamp>
			</report>
			<report>
				<misses>106600001</misses>
				<total>177</total>
				<timestamp>1112.847576</timestamp>
			</report>
			<report>
				<misses>106700001</misses>
				<total>177</total>
				<timestamp>1113.923405</timestamp>
			</report>
			<report>
				<misses>106800001</misses>
				<total>177</total>
				<timestamp>1114.974501</timestamp>
			</report>
			<report>
				<misses>106900001</misses>
				<total>177</total>
				<timestamp>1116.035327</timestamp>
			</report>
			<report>
				<misses>107000001</misses>
				<total>177</total>
				<timestamp>1117.100412</timestamp>
			</report>
			<report>
				<misses>107100001</misses>
				<total>177</total>
				<timestamp>1118.155441</timestamp>
			</report>
			<report>
				<misses>107200001</misses>
				<total>177</total>
				<timestamp>1119.235799</timestamp>
			</report>
			<report>
				<misses>107300001</misses>
				<total>177</total>
				<timestamp>1120.327227</timestamp>
			</report>
			<report>
				<misses>107400001</misses>
				<total>177</total>
				<timestamp>1121.407855</timestamp>
			</report>
			<report>
				<misses>107500001</misses>
				<total>177</total>
				<timestamp>1122.493138</timestamp>
			</report>
			<report>
				<misses>107600001</misses>
				<total>177</total>
				<timestamp>1123.548573</timestamp>
			</report>
			<report>
				<misses>107700001</misses>
				<total>177</total>
				<timestamp>1124.640151</timestamp>
			</report>
			<report>
				<misses>107800001</misses>
				<total>177</total>
				<timestamp>1125.709356</timestamp>
			</report>
			<report>
				<misses>107900001</misses>
				<total>177</total>
				<timestamp>1126.789022</timestamp>
			</report>
			<report>
				<misses>108000001</misses>
				<total>177</total>
				<timestamp>1127.875137</timestamp>
			</report>
			<report>
				<misses>108100001</misses>
				<total>177</total>
				<timestamp>1128.875582</timestamp>
			</report>
			<report>
				<misses>108200001</misses>
				<total>177</total>
				<timestamp>1129.878392</timestamp>
			</report>
			<report>
				<misses>108300001</misses>
				<total>177</total>
				<timestamp>1130.941766</timestamp>
			</report>
			<report>
				<misses>108400001</misses>
				<total>177</total>
				<timestamp>1132.016722</timestamp>
			</report>
			<report>
				<misses>108500001</misses>
				<total>177</total>
				<timestamp>1133.110726</timestamp>
			</report>
			<report>
				<misses>108600001</misses>
				<total>177</total>
				<timestamp>1134.192955</timestamp>
			</report>
			<report>
				<misses>108700001</misses>
				<total>177</total>
				<timestamp>1135.263918</timestamp>
			</report>
			<report>
				<misses>108800001</misses>
				<total>177</total>
				<timestamp>1136.334685</timestamp>
			</report>
			<report>
				<misses>108900001</misses>
				<total>177</total>
				<timestamp>1137.408963</timestamp>
			</report>
			<report>
				<misses>109000001</misses>
				<total>177</total>
				<timestamp>1138.503410</timestamp>
			</report>
			<report>
				<misses>109100001</misses>
				<total>177</total>
				<timestamp>1139.591132</timestamp>
			</report>
			<report>
				<misses>109200001</misses>
				<total>177</total>
				<timestamp>1140.661385</timestamp>
			</report>
			<report>
				<misses>109300001</misses>
				<total>177</total>
				<timestamp>1141.736794</timestamp>
			</report>
			<report>
				<misses>109400001</misses>
				<total>177</total>
				<timestamp>1142.800204</timestamp>
			</report>
			<report>
				<misses>109500001</misses>
				<total>177</total>
				<timestamp>1143.886713</timestamp>
			</report>
			<report>
				<misses>109600001</misses>
				<total>177</total>
				<timestamp>1144.961488</timestamp>
			</report>
			<report>
				<misses>109700001</misses>
				<total>177</total>
				<timestamp>1145.971923</timestamp>
			</report>
			<report>
				<misses>109800001</misses>
				<total>177</total>
				<timestamp>1147.003830</timestamp>
			</report>
			<report>
				<misses>109900001</misses>
				<total>177</total>
				<timestamp>1148.064408</timestamp>
			</report>
			<report>
				<misses>110000001</misses>
				<total>177</total>
				<timestamp>1149.132333</timestamp>
			</report>
			<report>
				<misses>110100001</misses>
				<total>177</total>
				<timestamp>1150.224675</timestamp>
			</report>
			<report>
				<misses>110200001</misses>
				<total>177</total>
				<timestamp>1151.269727</timestamp>
			</report>
			<report>
				<misses>110300001</misses>
				<total>177</total>
				<timestamp>1152.271597</timestamp>
			</report>
			<report>
				<misses>110400001</misses>
				<total>177</total>
				<timestamp>1153.271909</timestamp>
			</report>
			<report>
				<misses>110500001</misses>
				<total>177</total>
				<timestamp>1154.269840</timestamp>
			</report>
			<report>
				<misses>110600001</misses>
				<total>177</total>
				<timestamp>1155.277448</timestamp>
			</report>
			<report>
				<misses>110700001</misses>
				<total>177</total>
				<timestamp>1156.284602</timestamp>
			</report>
			<report>
				<misses>110800001</misses>
				<total>177</total>
				<timestamp>1157.283055</timestamp>
			</report>
			<report>
				<misses>110900001</misses>
				<total>177</total>
				<timestamp>1158.290063</timestamp>
			</report>
			<report>
				<misses>111000001</misses>
				<total>177</total>
				<timestamp>1159.291040</timestamp>
			</report>
			<report>
				<misses>111100001</misses>
				<total>177</total>
				<timestamp>1160.296314</timestamp>
			</report>
			<report>
				<misses>111200001</misses>
				<total>177</total>
				<timestamp>1161.312800</timestamp>
			</report>
			<report>
				<misses>111300001</misses>
				<total>177</total>
				<timestamp>1162.322306</timestamp>
			</report>
			<report>
				<misses>111400001</misses>
				<total>177</total>
				<timestamp>1163.344097</timestamp>
			</report>
			<report>
				<misses>111500001</misses>
				<total>177</total>
				<timestamp>1164.353781</timestamp>
			</report>
			<report>
				<misses>111600001</misses>
				<total>177</total>
				<timestamp>1165.354800</timestamp>
			</report>
			<report>
				<misses>111700001</misses>
				<total>177</total>
				<timestamp>1166.356664</timestamp>
			</report>
			<report>
				<misses>111800001</misses>
				<total>177</total>
				<timestamp>1167.374308</timestamp>
			</report>
			<report>
				<misses>111900001</misses>
				<total>177</total>
				<timestamp>1168.389229</timestamp>
			</report>
			<report>
				<misses>112000001</misses>
				<total>177</total>
				<timestamp>1169.395811</timestamp>
			</report>
			<report>
				<misses>112100001</misses>
				<total>177</total>
				<timestamp>1170.403286</timestamp>
			</report>
			<report>
				<misses>112200001</misses>
				<total>177</total>
				<timestamp>1171.455274</timestamp>
			</report>
			<report>
				<misses>112300001</misses>
				<total>177</total>
				<timestamp>1172.501994</timestamp>
			</report>
			<report>
				<misses>112400001</misses>
				<total>177</total>
				<timestamp>1173.585967</timestamp>
			</report>
			<report>
				<misses>112500001</misses>
				<total>177</total>
				<timestamp>1174.648273</timestamp>
			</report>
			<report>
				<misses>112600001</misses>
				<total>177</total>
				<timestamp>1175.724135</timestamp>
			</report>
			<report>
				<misses>112700001</misses>
				<total>177</total>
				<timestamp>1176.807790</timestamp>
			</report>
			<report>
				<misses>112800001</misses>
				<total>177</total>
				<timestamp>1177.868795</timestamp>
			</report>
			<report>
				<misses>112900001</misses>
				<total>177</total>
				<timestamp>1178.931329</timestamp>
			</report>
			<report>
				<misses>113000001</misses>
				<total>177</total>
				<timestamp>1179.969783</timestamp>
			</report>
			<report>
				<misses>113100001</misses>
				<total>177</total>
				<timestamp>1181.029565</timestamp>
			</report>
			<report>
				<misses>113200001</misses>
				<total>177</total>
				<timestamp>1182.079078</timestamp>
			</report>
			<report>
				<misses>113300001</misses>
				<total>177</total>
				<timestamp>1183.140422</timestamp>
			</report>
			<report>
				<misses>113400001</misses>
				<total>177</total>
				<timestamp>1184.209471</timestamp>
			</report>
			<report>
				<misses>113500001</misses>
				<total>177</total>
				<timestamp>1185.301664</timestamp>
			</report>
			<report>
				<misses>113600001</misses>
				<total>177</total>
				<timestamp>1186.367211</timestamp>
			</report>
			<report>
				<misses>113700001</misses>
				<total>177</total>
				<timestamp>1187.444608</timestamp>
			</report>
			<report>
				<misses>113800001</misses>
				<total>177</total>
				<timestamp>1188.522139</timestamp>
			</report>
			<report>
				<misses>113900001</misses>
				<total>177</total>
				<timestamp>1189.600298</timestamp>
			</report>
			<report>
				<misses>114000001</misses>
				<total>177</total>
				<timestamp>1190.694550</timestamp>
			</report>
			<report>
				<misses>114100001</misses>
				<total>177</total>
				<timestamp>1191.756131</timestamp>
			</report>
			<report>
				<misses>114200001</misses>
				<total>177</total>
				<timestamp>1192.833606</timestamp>
			</report>
			<report>
				<misses>114300001</misses>
				<total>177</total>
				<timestamp>1193.894727</timestamp>
			</report>
			<report>
				<misses>114400001</misses>
				<total>177</total>
				<timestamp>1194.969076</timestamp>
			</report>
			<report>
				<misses>114500001</misses>
				<total>177</total>
				<timestamp>1196.021405</timestamp>
			</report>
			<report>
				<misses>114600001</misses>
				<total>177</total>
				<timestamp>1197.086027</timestamp>
			</report>
			<report>
				<misses>114700001</misses>
				<total>177</total>
				<timestamp>1198.173439</timestamp>
			</report>
			<report>
				<misses>114800001</misses>
				<total>177</total>
				<timestamp>1199.248780</timestamp>
			</report>
			<report>
				<misses>114900001</misses>
				<total>177</total>
				<timestamp>1200.295676</timestamp>
			</report>
			<report>
				<misses>115000001</misses>
				<total>177</total>
				<timestamp>1201.347621</timestamp>
			</report>
			<report>
				<misses>115100001</misses>
				<total>177</total>
				<timestamp>1202.366655</timestamp>
			</report>
			<report>
				<misses>115200001</misses>
				<total>177</total>
				<timestamp>1203.375333</timestamp>
			</report>
			<report>
				<misses>115300001</misses>
				<total>177</total>
				<timestamp>1204.387346</timestamp>
			</report>
			<report>
				<misses>115400001</misses>
				<total>177</total>
				<timestamp>1205.411991</timestamp>
			</report>
			<report>
				<misses>115500001</misses>
				<total>177</total>
				<timestamp>1206.455401</timestamp>
			</report>
			<report>
				<misses>115600001</misses>
				<total>177</total>
				<timestamp>1207.507991</timestamp>
			</report>
			<report>
				<misses>115700001</misses>
				<total>177</total>
				<timestamp>1208.579130</timestamp>
			</report>
			<report>
				<misses>115800001</misses>
				<total>177</total>
				<timestamp>1209.658436</timestamp>
			</report>
			<report>
				<misses>115900001</misses>
				<total>177</total>
				<timestamp>1210.715349</timestamp>
			</report>
			<report>
				<misses>116000001</misses>
				<total>177</total>
				<timestamp>1211.789731</timestamp>
			</report>
			<report>
				<misses>116100001</misses>
				<total>177</total>
				<timestamp>1212.851068</timestamp>
			</report>
			<report>
				<misses>116200001</misses>
				<total>177</total>
				<timestamp>1213.918296</timestamp>
			</report>
			<report>
				<misses>116300001</misses>
				<total>177</total>
				<timestamp>1215.002915</timestamp>
			</report>
			<report>
				<misses>116400001</misses>
				<total>177</total>
				<timestamp>1216.064718</timestamp>
			</report>
			<report>
				<misses>116500001</misses>
				<total>177</total>
				<timestamp>1217.133477</timestamp>
			</report>
			<report>
				<misses>116600001</misses>
				<total>177</total>
				<timestamp>1218.195851</timestamp>
			</report>
			<report>
				<misses>116700001</misses>
				<total>177</total>
				<timestamp>1219.270878</timestamp>
			</report>
			<report>
				<misses>116800001</misses>
				<total>177</total>
				<timestamp>1220.351569</timestamp>
			</report>
			<report>
				<misses>116900001</misses>
				<total>177</total>
				<timestamp>1221.416020</timestamp>
			</report>
			<report>
				<misses>117000001</misses>
				<total>177</total>
				<timestamp>1222.496655</timestamp>
			</report>
			<report>
				<misses>117100001</misses>
				<total>177</total>
				<timestamp>1223.565183</timestamp>
			</report>
			<report>
				<misses>117200001</misses>
				<total>177</total>
				<timestamp>1224.645214</timestamp>
			</report>
			<report>
				<misses>117300001</misses>
				<total>177</total>
				<timestamp>1225.703321</timestamp>
			</report>
			<report>
				<misses>117400001</misses>
				<total>177</total>
				<timestamp>1226.763902</timestamp>
			</report>
			<report>
				<misses>117500001</misses>
				<total>177</total>
				<timestamp>1227.820802</timestamp>
			</report>
			<report>
				<misses>117600001</misses>
				<total>177</total>
				<timestamp>1228.875502</timestamp>
			</report>
			<report>
				<misses>117700001</misses>
				<total>177</total>
				<timestamp>1229.908137</timestamp>
			</report>
			<report>
				<misses>117800001</misses>
				<total>177</total>
				<timestamp>1230.993668</timestamp>
			</report>
			<report>
				<misses>117900001</misses>
				<total>177</total>
				<timestamp>1232.067728</timestamp>
			</report>
			<report>
				<misses>118000001</misses>
				<total>177</total>
				<timestamp>1233.146034</timestamp>
			</report>
			<report>
				<misses>118100001</misses>
				<total>177</total>
				<timestamp>1234.220793</timestamp>
			</report>
			<report>
				<misses>118200001</misses>
				<total>177</total>
				<timestamp>1235.286081</timestamp>
			</report>
			<report>
				<misses>118300001</misses>
				<total>177</total>
				<timestamp>1236.332007</timestamp>
			</report>
			<report>
				<misses>118400001</misses>
				<total>177</total>
				<timestamp>1237.370971</timestamp>
			</report>
			<report>
				<misses>118500001</misses>
				<total>177</total>
				<timestamp>1238.422707</timestamp>
			</report>
			<report>
				<misses>118600001</misses>
				<total>177</total>
				<timestamp>1239.487225</timestamp>
			</report>
			<report>
				<misses>118700001</misses>
				<total>177</total>
				<timestamp>1240.576317</timestamp>
			</report>
			<report>
				<misses>118800001</misses>
				<total>177</total>
				<timestamp>1241.615400</timestamp>
			</report>
			<report>
				<misses>118900001</misses>
				<total>177</total>
				<timestamp>1242.632714</timestamp>
			</report>
			<report>
				<misses>119000001</misses>
				<total>177</total>
				<timestamp>1243.640288</timestamp>
			</report>
			<report>
				<misses>119100001</misses>
				<total>177</total>
				<timestamp>1244.651512</timestamp>
			</report>
			<report>
				<misses>119200001</misses>
				<total>177</total>
				<timestamp>1245.662540</timestamp>
			</report>
			<report>
				<misses>119300001</misses>
				<total>177</total>
				<timestamp>1246.673803</timestamp>
			</report>
			<report>
				<misses>119400001</misses>
				<total>177</total>
				<timestamp>1247.687942</timestamp>
			</report>
			<report>
				<misses>119500001</misses>
				<total>177</total>
				<timestamp>1248.698120</timestamp>
			</report>
			<report>
				<misses>119600001</misses>
				<total>177</total>
				<timestamp>1249.713992</timestamp>
			</report>
			<report>
				<misses>119700001</misses>
				<total>177</total>
				<timestamp>1250.724167</timestamp>
			</report>
			<report>
				<misses>119800001</misses>
				<total>177</total>
				<timestamp>1251.750650</timestamp>
			</report>
			<report>
				<misses>119900001</misses>
				<total>177</total>
				<timestamp>1252.774941</timestamp>
			</report>
			<report>
				<misses>120000001</misses>
				<total>177</total>
				<timestamp>1253.791389</timestamp>
			</report>
			<report>
				<misses>120100001</misses>
				<total>177</total>
				<timestamp>1254.803247</timestamp>
			</report>
			<report>
				<misses>120200001</misses>
				<total>177</total>
				<timestamp>1255.810919</timestamp>
			</report>
			<report>
				<misses>120300001</misses>
				<total>177</total>
				<timestamp>1256.858895</timestamp>
			</report>
			<report>
				<misses>120400001</misses>
				<total>177</total>
				<timestamp>1257.938395</timestamp>
			</report>
			<report>
				<misses>120500001</misses>
				<total>177</total>
				<timestamp>1258.988628</timestamp>
			</report>
			<report>
				<misses>120600001</misses>
				<total>177</total>
				<timestamp>1260.053216</timestamp>
			</report>
			<report>
				<misses>120700001</misses>
				<total>177</total>
				<timestamp>1261.108739</timestamp>
			</report>
			<report>
				<misses>120800001</misses>
				<total>177</total>
				<timestamp>1262.169369</timestamp>
			</report>
			<report>
				<misses>120900001</misses>
				<total>177</total>
				<timestamp>1263.274958</timestamp>
			</report>
			<report>
				<misses>121000001</misses>
				<total>177</total>
				<timestamp>1264.351302</timestamp>
			</report>
			<report>
				<misses>121100001</misses>
				<total>177</total>
				<timestamp>1265.444552</timestamp>
			</report>
			<report>
				<misses>121200001</misses>
				<total>177</total>
				<timestamp>1266.509966</timestamp>
			</report>
			<report>
				<misses>121300001</misses>
				<total>177</total>
				<timestamp>1267.605047</timestamp>
			</report>
			<report>
				<misses>121400001</misses>
				<total>177</total>
				<timestamp>1268.703290</timestamp>
			</report>
			<report>
				<misses>121500001</misses>
				<total>177</total>
				<timestamp>1269.756453</timestamp>
			</report>
			<report>
				<misses>121600001</misses>
				<total>177</total>
				<timestamp>1270.760315</timestamp>
			</report>
			<report>
				<misses>121700001</misses>
				<total>177</total>
				<timestamp>1271.815652</timestamp>
			</report>
			<report>
				<misses>121800001</misses>
				<total>177</total>
				<timestamp>1272.865997</timestamp>
			</report>
			<report>
				<misses>121900001</misses>
				<total>177</total>
				<timestamp>1273.920606</timestamp>
			</report>
			<report>
				<misses>122000001</misses>
				<total>177</total>
				<timestamp>1274.978208</timestamp>
			</report>
			<report>
				<misses>122100001</misses>
				<total>177</total>
				<timestamp>1276.048379</timestamp>
			</report>
			<report>
				<misses>122200001</misses>
				<total>177</total>
				<timestamp>1277.099934</timestamp>
			</report>
			<report>
				<misses>122300001</misses>
				<total>177</total>
				<timestamp>1278.160304</timestamp>
			</report>
			<report>
				<misses>122400001</misses>
				<total>177</total>
				<timestamp>1279.223322</timestamp>
			</report>
			<report>
				<misses>122500001</misses>
				<total>177</total>
				<timestamp>1280.289779</timestamp>
			</report>
			<report>
				<misses>122600001</misses>
				<total>177</total>
				<timestamp>1281.366561</timestamp>
			</report>
			<report>
				<misses>122700001</misses>
				<total>177</total>
				<timestamp>1282.403618</timestamp>
			</report>
			<report>
				<misses>122800001</misses>
				<total>177</total>
				<timestamp>1283.407355</timestamp>
			</report>
			<report>
				<misses>122900001</misses>
				<total>177</total>
				<timestamp>1284.414092</timestamp>
			</report>
			<report>
				<misses>123000001</misses>
				<total>177</total>
				<timestamp>1285.417100</timestamp>
			</report>
			<report>
				<misses>123100001</misses>
				<total>177</total>
				<timestamp>1286.413271</timestamp>
			</report>
			<report>
				<misses>123200001</misses>
				<total>177</total>
				<timestamp>1287.420760</timestamp>
			</report>
			<report>
				<misses>123300001</misses>
				<total>177</total>
				<timestamp>1288.453404</timestamp>
			</report>
			<report>
				<misses>123400001</misses>
				<total>177</total>
				<timestamp>1289.518681</timestamp>
			</report>
			<report>
				<misses>123500001</misses>
				<total>177</total>
				<timestamp>1290.567312</timestamp>
			</report>
			<report>
				<misses>123600001</misses>
				<total>177</total>
				<timestamp>1291.607237</timestamp>
			</report>
			<report>
				<misses>123700001</misses>
				<total>177</total>
				<timestamp>1292.677685</timestamp>
			</report>
			<report>
				<misses>123800001</misses>
				<total>177</total>
				<timestamp>1293.744854</timestamp>
			</report>
			<report>
				<misses>123900001</misses>
				<total>177</total>
				<timestamp>1294.802797</timestamp>
			</report>
			<report>
				<misses>124000001</misses>
				<total>177</total>
				<timestamp>1295.863602</timestamp>
			</report>
			<report>
				<misses>124100001</misses>
				<total>177</total>
				<timestamp>1296.909275</timestamp>
			</report>
			<report>
				<misses>124200001</misses>
				<total>177</total>
				<timestamp>1297.973835</timestamp>
			</report>
			<report>
				<misses>124300001</misses>
				<total>177</total>
				<timestamp>1299.043003</timestamp>
			</report>
			<report>
				<misses>124400001</misses>
				<total>177</total>
				<timestamp>1300.088399</timestamp>
			</report>
			<report>
				<misses>124500001</misses>
				<total>177</total>
				<timestamp>1301.150460</timestamp>
			</report>
			<report>
				<misses>124600001</misses>
				<total>177</total>
				<timestamp>1302.198247</timestamp>
			</report>
			<report>
				<misses>124700001</misses>
				<total>177</total>
				<timestamp>1303.246088</timestamp>
			</report>
			<report>
				<misses>124800001</misses>
				<total>177</total>
				<timestamp>1304.298471</timestamp>
			</report>
			<report>
				<misses>124900001</misses>
				<total>177</total>
				<timestamp>1305.315941</timestamp>
			</report>
			<report>
				<misses>125000001</misses>
				<total>177</total>
				<timestamp>1306.368183</timestamp>
			</report>
			<report>
				<misses>125100001</misses>
				<total>177</total>
				<timestamp>1307.419600</timestamp>
			</report>
			<report>
				<misses>125200001</misses>
				<total>177</total>
				<timestamp>1308.445276</timestamp>
			</report>
			<report>
				<misses>125300001</misses>
				<total>177</total>
				<timestamp>1309.459474</timestamp>
			</report>
			<report>
				<misses>125400001</misses>
				<total>177</total>
				<timestamp>1310.497720</timestamp>
			</report>
			<report>
				<misses>125500001</misses>
				<total>177</total>
				<timestamp>1311.568545</timestamp>
			</report>
			<report>
				<misses>125600001</misses>
				<total>177</total>
				<timestamp>1312.630594</timestamp>
			</report>
			<report>
				<misses>125700001</misses>
				<total>177</total>
				<timestamp>1313.639388</timestamp>
			</report>
			<report>
				<misses>125800001</misses>
				<total>177</total>
				<timestamp>1314.658330</timestamp>
			</report>
			<report>
				<misses>125900001</misses>
				<total>177</total>
				<timestamp>1315.667165</timestamp>
			</report>
			<report>
				<misses>126000001</misses>
				<total>177</total>
				<timestamp>1316.668647</timestamp>
			</report>
			<report>
				<misses>126100001</misses>
				<total>177</total>
				<timestamp>1317.684256</timestamp>
			</report>
			<report>
				<misses>126200001</misses>
				<total>177</total>
				<timestamp>1318.684425</timestamp>
			</report>
			<report>
				<misses>126300001</misses>
				<total>177</total>
				<timestamp>1319.697900</timestamp>
			</report>
			<report>
				<misses>126400001</misses>
				<total>177</total>
				<timestamp>1320.696099</timestamp>
			</report>
			<report>
				<misses>126500001</misses>
				<total>177</total>
				<timestamp>1321.705001</timestamp>
			</report>
			<report>
				<misses>126600001</misses>
				<total>177</total>
				<timestamp>1322.710988</timestamp>
			</report>
			<report>
				<misses>126700001</misses>
				<total>177</total>
				<timestamp>1323.714778</timestamp>
			</report>
			<report>
				<misses>126800001</misses>
				<total>177</total>
				<timestamp>1324.707670</timestamp>
			</report>
			<report>
				<misses>126900001</misses>
				<total>177</total>
				<timestamp>1325.725095</timestamp>
			</report>
			<report>
				<misses>127000001</misses>
				<total>177</total>
				<timestamp>1326.721193</timestamp>
			</report>
			<report>
				<misses>127100001</misses>
				<total>177</total>
				<timestamp>1327.720172</timestamp>
			</report>
			<report>
				<misses>127200001</misses>
				<total>177</total>
				<timestamp>1328.723146</timestamp>
			</report>
			<report>
				<misses>127300001</misses>
				<total>177</total>
				<timestamp>1329.726801</timestamp>
			</report>
			<report>
				<misses>127400001</misses>
				<total>177</total>
				<timestamp>1330.734346</timestamp>
			</report>
			<report>
				<misses>127500001</misses>
				<total>177</total>
				<timestamp>1331.748264</timestamp>
			</report>
			<report>
				<misses>127600001</misses>
				<total>177</total>
				<timestamp>1332.738401</timestamp>
			</report>
			<report>
				<misses>127700001</misses>
				<total>177</total>
				<timestamp>1333.744090</timestamp>
			</report>
			<report>
				<misses>127800001</misses>
				<total>177</total>
				<timestamp>1334.751243</timestamp>
			</report>
			<report>
				<misses>127900001</misses>
				<total>177</total>
				<timestamp>1335.744845</timestamp>
			</report>
			<report>
				<misses>128000001</misses>
				<total>177</total>
				<timestamp>1336.748724</timestamp>
			</report>
			<report>
				<misses>128100001</misses>
				<total>177</total>
				<timestamp>1337.792802</timestamp>
			</report>
			<report>
				<misses>128200001</misses>
				<total>177</total>
				<timestamp>1338.834483</timestamp>
			</report>
			<report>
				<misses>128300001</misses>
				<total>177</total>
				<timestamp>1339.904209</timestamp>
			</report>
			<report>
				<misses>128400001</misses>
				<total>177</total>
				<timestamp>1340.969751</timestamp>
			</report>
			<report>
				<misses>128500001</misses>
				<total>177</total>
				<timestamp>1342.033163</timestamp>
			</report>
			<report>
				<misses>128600001</misses>
				<total>177</total>
				<timestamp>1343.090522</timestamp>
			</report>
			<report>
				<misses>128700001</misses>
				<total>177</total>
				<timestamp>1344.134359</timestamp>
			</report>
			<report>
				<misses>128800001</misses>
				<total>177</total>
				<timestamp>1345.200427</timestamp>
			</report>
			<report>
				<misses>128900001</misses>
				<total>177</total>
				<timestamp>1346.219298</timestamp>
			</report>
			<report>
				<misses>129000001</misses>
				<total>177</total>
				<timestamp>1347.222217</timestamp>
			</report>
			<report>
				<misses>129100001</misses>
				<total>177</total>
				<timestamp>1348.229690</timestamp>
			</report>
			<report>
				<misses>129200001</misses>
				<total>177</total>
				<timestamp>1349.237536</timestamp>
			</report>
			<report>
				<misses>129300001</misses>
				<total>177</total>
				<timestamp>1350.247990</timestamp>
			</report>
			<report>
				<misses>129400001</misses>
				<total>177</total>
				<timestamp>1351.246454</timestamp>
			</report>
			<report>
				<misses>129500001</misses>
				<total>177</total>
				<timestamp>1352.256379</timestamp>
			</report>
			<report>
				<misses>129600001</misses>
				<total>177</total>
				<timestamp>1353.266694</timestamp>
			</report>
			<report>
				<misses>129700001</misses>
				<total>177</total>
				<timestamp>1354.269513</timestamp>
			</report>
			<report>
				<misses>129800001</misses>
				<total>177</total>
				<timestamp>1355.272617</timestamp>
			</report>
			<report>
				<misses>129900001</misses>
				<total>177</total>
				<timestamp>1356.283744</timestamp>
			</report>
			<report>
				<misses>130000001</misses>
				<total>177</total>
				<timestamp>1357.337431</timestamp>
			</report>
			<report>
				<misses>130100001</misses>
				<total>177</total>
				<timestamp>1358.398782</timestamp>
			</report>
			<report>
				<misses>130200001</misses>
				<total>177</total>
				<timestamp>1359.463990</timestamp>
			</report>
			<report>
				<misses>130300001</misses>
				<total>177</total>
				<timestamp>1360.550045</timestamp>
			</report>
			<report>
				<misses>130400001</misses>
				<total>177</total>
				<timestamp>1361.610945</timestamp>
			</report>
			<report>
				<misses>130500001</misses>
				<total>177</total>
				<timestamp>1362.672029</timestamp>
			</report>
			<report>
				<misses>130600001</misses>
				<total>177</total>
				<timestamp>1363.713236</timestamp>
			</report>
			<report>
				<misses>130700001</misses>
				<total>177</total>
				<timestamp>1364.761202</timestamp>
			</report>
			<report>
				<misses>130800001</misses>
				<total>177</total>
				<timestamp>1365.831029</timestamp>
			</report>
			<report>
				<misses>130900001</misses>
				<total>177</total>
				<timestamp>1366.894952</timestamp>
			</report>
			<report>
				<misses>131000001</misses>
				<total>177</total>
				<timestamp>1367.963718</timestamp>
			</report>
			<report>
				<misses>131100001</misses>
				<total>177</total>
				<timestamp>1369.029257</timestamp>
			</report>
			<report>
				<misses>131200001</misses>
				<total>177</total>
				<timestamp>1370.047184</timestamp>
			</report>
			<report>
				<misses>131300001</misses>
				<total>177</total>
				<timestamp>1371.114007</timestamp>
			</report>
			<report>
				<misses>131400001</misses>
				<total>177</total>
				<timestamp>1372.176557</timestamp>
			</report>
			<report>
				<misses>131500001</misses>
				<total>177</total>
				<timestamp>1373.251087</timestamp>
			</report>
			<report>
				<misses>131600001</misses>
				<total>177</total>
				<timestamp>1374.332022</timestamp>
			</report>
			<report>
				<misses>131700001</misses>
				<total>177</total>
				<timestamp>1375.416757</timestamp>
			</report>
			<report>
				<misses>131800001</misses>
				<total>177</total>
				<timestamp>1376.489293</timestamp>
			</report>
			<report>
				<misses>131900001</misses>
				<total>177</total>
				<timestamp>1377.529095</timestamp>
			</report>
			<report>
				<misses>132000001</misses>
				<total>177</total>
				<timestamp>1378.596936</timestamp>
			</report>
			<report>
				<misses>132100001</misses>
				<total>177</total>
				<timestamp>1379.655186</timestamp>
			</report>
			<report>
				<misses>132200001</misses>
				<total>177</total>
				<timestamp>1380.731679</timestamp>
			</report>
			<report>
				<misses>132300001</misses>
				<total>177</total>
				<timestamp>1381.793288</timestamp>
			</report>
			<report>
				<misses>132400001</misses>
				<total>177</total>
				<timestamp>1382.846182</timestamp>
			</report>
			<report>
				<misses>132500001</misses>
				<total>177</total>
				<timestamp>1383.912027</timestamp>
			</report>
			<report>
				<misses>132600001</misses>
				<total>177</total>
				<timestamp>1384.926624</timestamp>
			</report>
			<report>
				<misses>132700001</misses>
				<total>177</total>
				<timestamp>1385.968213</timestamp>
			</report>
			<report>
				<misses>132800001</misses>
				<total>177</total>
				<timestamp>1387.020268</timestamp>
			</report>
			<report>
				<misses>132900001</misses>
				<total>177</total>
				<timestamp>1388.062388</timestamp>
			</report>
			<report>
				<misses>133000001</misses>
				<total>177</total>
				<timestamp>1389.114709</timestamp>
			</report>
			<report>
				<misses>133100001</misses>
				<total>177</total>
				<timestamp>1390.171587</timestamp>
			</report>
			<report>
				<misses>133200001</misses>
				<total>177</total>
				<timestamp>1391.248481</timestamp>
			</report>
			<report>
				<misses>133300001</misses>
				<total>177</total>
				<timestamp>1392.321474</timestamp>
			</report>
			<report>
				<misses>133400001</misses>
				<total>177</total>
				<timestamp>1393.400116</timestamp>
			</report>
			<report>
				<misses>133500001</misses>
				<total>177</total>
				<timestamp>1394.455043</timestamp>
			</report>
			<report>
				<misses>133600001</misses>
				<total>177</total>
				<timestamp>1395.517137</timestamp>
			</report>
			<report>
				<misses>133700001</misses>
				<total>177</total>
				<timestamp>1396.574431</timestamp>
			</report>
			<report>
				<misses>133800001</misses>
				<total>177</total>
				<timestamp>1397.625066</timestamp>
			</report>
			<report>
				<misses>133900001</misses>
				<total>177</total>
				<timestamp>1398.690486</timestamp>
			</report>
			<report>
				<misses>134000001</misses>
				<total>177</total>
				<timestamp>1399.724917</timestamp>
			</report>
			<report>
				<misses>134100001</misses>
				<total>177</total>
				<timestamp>1400.785326</timestamp>
			</report>
			<report>
				<misses>134200001</misses>
				<total>177</total>
				<timestamp>1401.842249</timestamp>
			</report>
			<report>
				<misses>134300001</misses>
				<total>177</total>
				<timestamp>1402.911038</timestamp>
			</report>
			<report>
				<misses>134400001</misses>
				<total>177</total>
				<timestamp>1403.975287</timestamp>
			</report>
			<report>
				<misses>134500001</misses>
				<total>177</total>
				<timestamp>1404.991336</timestamp>
			</report>
			<report>
				<misses>134600001</misses>
				<total>177</total>
				<timestamp>1406.003206</timestamp>
			</report>
			<report>
				<misses>134700001</misses>
				<total>177</total>
				<timestamp>1407.046067</timestamp>
			</report>
			<report>
				<misses>134800001</misses>
				<total>177</total>
				<timestamp>1408.103184</timestamp>
			</report>
			<report>
				<misses>134900001</misses>
				<total>177</total>
				<timestamp>1409.146724</timestamp>
			</report>
			<report>
				<misses>135000001</misses>
				<total>177</total>
				<timestamp>1410.141043</timestamp>
			</report>
			<report>
				<misses>135100001</misses>
				<total>177</total>
				<timestamp>1411.205996</timestamp>
			</report>
			<report>
				<misses>135200001</misses>
				<total>177</total>
				<timestamp>1412.252116</timestamp>
			</report>
			<report>
				<misses>135300001</misses>
				<total>177</total>
				<timestamp>1413.297520</timestamp>
			</report>
			<report>
				<misses>135400001</misses>
				<total>177</total>
				<timestamp>1414.344880</timestamp>
			</report>
			<report>
				<misses>135500001</misses>
				<total>177</total>
				<timestamp>1415.351612</timestamp>
			</report>
			<report>
				<misses>135600001</misses>
				<total>177</total>
				<timestamp>1416.347017</timestamp>
			</report>
			<report>
				<misses>135700001</misses>
				<total>177</total>
				<timestamp>1417.353299</timestamp>
			</report>
			<report>
				<misses>135800001</misses>
				<total>177</total>
				<timestamp>1418.331876</timestamp>
			</report>
			<report>
				<misses>135900001</misses>
				<total>177</total>
				<timestamp>1419.356895</timestamp>
			</report>
			<report>
				<misses>136000001</misses>
				<total>177</total>
				<timestamp>1420.407990</timestamp>
			</report>
			<report>
				<misses>136100001</misses>
				<total>177</total>
				<timestamp>1421.472300</timestamp>
			</report>
			<report>
				<misses>136200001</misses>
				<total>177</total>
				<timestamp>1422.540287</timestamp>
			</report>
			<report>
				<misses>136300001</misses>
				<total>177</total>
				<timestamp>1423.589066</timestamp>
			</report>
			<report>
				<misses>136400001</misses>
				<total>177</total>
				<timestamp>1424.587208</timestamp>
			</report>
			<report>
				<misses>136500001</misses>
				<total>177</total>
				<timestamp>1425.582604</timestamp>
			</report>
			<report>
				<misses>136600001</misses>
				<total>177</total>
				<timestamp>1426.584339</timestamp>
			</report>
			<report>
				<misses>136700001</misses>
				<total>177</total>
				<timestamp>1427.595307</timestamp>
			</report>
			<report>
				<misses>136800001</misses>
				<total>177</total>
				<timestamp>1428.646901</timestamp>
			</report>
			<report>
				<misses>136900001</misses>
				<total>177</total>
				<timestamp>1429.710446</timestamp>
			</report>
			<report>
				<misses>137000001</misses>
				<total>177</total>
				<timestamp>1430.756723</timestamp>
			</report>
			<report>
				<misses>137100001</misses>
				<total>177</total>
				<timestamp>1431.815646</timestamp>
			</report>
			<report>
				<misses>137200001</misses>
				<total>177</total>
				<timestamp>1432.896078</timestamp>
			</report>
			<report>
				<misses>137300001</misses>
				<total>177</total>
				<timestamp>1433.926154</timestamp>
			</report>
			<report>
				<misses>137400001</misses>
				<total>177</total>
				<timestamp>1434.935801</timestamp>
			</report>
			<report>
				<misses>137500001</misses>
				<total>177</total>
				<timestamp>1435.948602</timestamp>
			</report>
			<report>
				<misses>137600001</misses>
				<total>177</total>
				<timestamp>1436.949113</timestamp>
			</report>
			<report>
				<misses>137700001</misses>
				<total>177</total>
				<timestamp>1437.954008</timestamp>
			</report>
			<report>
				<misses>137800001</misses>
				<total>177</total>
				<timestamp>1438.951894</timestamp>
			</report>
			<report>
				<misses>137900001</misses>
				<total>177</total>
				<timestamp>1439.947871</timestamp>
			</report>
			<report>
				<misses>138000001</misses>
				<total>177</total>
				<timestamp>1440.950462</timestamp>
			</report>
			<report>
				<misses>138100001</misses>
				<total>177</total>
				<timestamp>1441.952043</timestamp>
			</report>
			<report>
				<misses>138200001</misses>
				<total>177</total>
				<timestamp>1442.951843</timestamp>
			</report>
			<report>
				<misses>138300001</misses>
				<total>177</total>
				<timestamp>1443.962100</timestamp>
			</report>
			<report>
				<misses>138400001</misses>
				<total>177</total>
				<timestamp>1444.958023</timestamp>
			</report>
			<report>
				<misses>138500001</misses>
				<total>177</total>
				<timestamp>1445.953954</timestamp>
			</report>
			<report>
				<misses>138600001</misses>
				<total>177</total>
				<timestamp>1446.961301</timestamp>
			</report>
			<report>
				<misses>138700001</misses>
				<total>177</total>
				<timestamp>1447.973241</timestamp>
			</report>
			<report>
				<misses>138800001</misses>
				<total>177</total>
				<timestamp>1448.999697</timestamp>
			</report>
			<report>
				<misses>138900001</misses>
				<total>177</total>
				<timestamp>1450.042268</timestamp>
			</report>
			<report>
				<misses>139000001</misses>
				<total>177</total>
				<timestamp>1451.053097</timestamp>
			</report>
			<report>
				<misses>139100001</misses>
				<total>177</total>
				<timestamp>1452.060371</timestamp>
			</report>
			<report>
				<misses>139200001</misses>
				<total>177</total>
				<timestamp>1453.064637</timestamp>
			</report>
			<report>
				<misses>139300001</misses>
				<total>177</total>
				<timestamp>1454.067924</timestamp>
			</report>
			<report>
				<misses>139400001</misses>
				<total>177</total>
				<timestamp>1455.067305</timestamp>
			</report>
			<report>
				<misses>139500001</misses>
				<total>177</total>
				<timestamp>1456.065702</timestamp>
			</report>
			<report>
				<misses>139600001</misses>
				<total>177</total>
				<timestamp>1457.065567</timestamp>
			</report>
			<report>
				<misses>139700001</misses>
				<total>177</total>
				<timestamp>1458.066732</timestamp>
			</report>
			<report>
				<misses>139800001</misses>
				<total>177</total>
				<timestamp>1459.070587</timestamp>
			</report>
			<report>
				<misses>139900001</misses>
				<total>177</total>
				<timestamp>1460.154953</timestamp>
			</report>
			<report>
				<misses>140000001</misses>
				<total>177</total>
				<timestamp>1461.223515</timestamp>
			</report>
			<report>
				<misses>140100001</misses>
				<total>177</total>
				<timestamp>1462.301117</timestamp>
			</report>
			<report>
				<misses>140200001</misses>
				<total>177</total>
				<timestamp>1463.374407</timestamp>
			</report>
			<report>
				<misses>140300001</misses>
				<total>177</total>
				<timestamp>1464.444421</timestamp>
			</report>
			<report>
				<misses>140400001</misses>
				<total>177</total>
				<timestamp>1465.516748</timestamp>
			</report>
			<report>
				<misses>140500001</misses>
				<total>177</total>
				<timestamp>1466.576761</timestamp>
			</report>
			<report>
				<misses>140600001</misses>
				<total>177</total>
				<timestamp>1467.656575</timestamp>
			</report>
			<report>
				<misses>140700001</misses>
				<total>177</total>
				<timestamp>1468.726874</timestamp>
			</report>
			<report>
				<misses>140800001</misses>
				<total>177</total>
				<timestamp>1469.792350</timestamp>
			</report>
			<report>
				<misses>140900001</misses>
				<total>177</total>
				<timestamp>1470.829176</timestamp>
			</report>
			<report>
				<misses>141000001</misses>
				<total>177</total>
				<timestamp>1471.832538</timestamp>
			</report>
			<report>
				<misses>141100001</misses>
				<total>177</total>
				<timestamp>1472.826023</timestamp>
			</report>
			<report>
				<misses>141200001</misses>
				<total>177</total>
				<timestamp>1473.832704</timestamp>
			</report>
			<report>
				<misses>141300001</misses>
				<total>177</total>
				<timestamp>1474.840890</timestamp>
			</report>
			<report>
				<misses>141400001</misses>
				<total>177</total>
				<timestamp>1475.846499</timestamp>
			</report>
			<report>
				<misses>141500001</misses>
				<total>177</total>
				<timestamp>1476.883271</timestamp>
			</report>
			<report>
				<misses>141600001</misses>
				<total>177</total>
				<timestamp>1477.957206</timestamp>
			</report>
			<report>
				<misses>141700001</misses>
				<total>177</total>
				<timestamp>1479.017468</timestamp>
			</report>
			<report>
				<misses>141800001</misses>
				<total>177</total>
				<timestamp>1480.079391</timestamp>
			</report>
			<report>
				<misses>141900001</misses>
				<total>177</total>
				<timestamp>1481.157806</timestamp>
			</report>
			<report>
				<misses>142000001</misses>
				<total>177</total>
				<timestamp>1482.173739</timestamp>
			</report>
			<report>
				<misses>142100001</misses>
				<total>177</total>
				<timestamp>1483.183357</timestamp>
			</report>
			<report>
				<misses>142200001</misses>
				<total>177</total>
				<timestamp>1484.189032</timestamp>
			</report>
			<report>
				<misses>142300001</misses>
				<total>177</total>
				<timestamp>1485.249992</timestamp>
			</report>
			<report>
				<misses>142400001</misses>
				<total>177</total>
				<timestamp>1486.294047</timestamp>
			</report>
			<report>
				<misses>142500001</misses>
				<total>177</total>
				<timestamp>1487.363579</timestamp>
			</report>
			<report>
				<misses>142600001</misses>
				<total>177</total>
				<timestamp>1488.424740</timestamp>
			</report>
			<report>
				<misses>142700001</misses>
				<total>177</total>
				<timestamp>1489.485375</timestamp>
			</report>
			<report>
				<misses>142800001</misses>
				<total>177</total>
				<timestamp>1490.539753</timestamp>
			</report>
			<report>
				<misses>142900001</misses>
				<total>177</total>
				<timestamp>1491.580896</timestamp>
			</report>
			<report>
				<misses>143000001</misses>
				<total>177</total>
				<timestamp>1492.572399</timestamp>
			</report>
			<report>
				<misses>143100001</misses>
				<total>177</total>
				<timestamp>1493.572239</timestamp>
			</report>
			<report>
				<misses>143200001</misses>
				<total>177</total>
				<timestamp>1494.565202</timestamp>
			</report>
			<report>
				<misses>143300001</misses>
				<total>177</total>
				<timestamp>1495.569912</timestamp>
			</report>
			<report>
				<misses>143400001</misses>
				<total>177</total>
				<timestamp>1496.585512</timestamp>
			</report>
			<report>
				<misses>143500001</misses>
				<total>177</total>
				<timestamp>1497.624672</timestamp>
			</report>
			<report>
				<misses>143600001</misses>
				<total>177</total>
				<timestamp>1498.681949</timestamp>
			</report>
			<report>
				<misses>143700001</misses>
				<total>177</total>
				<timestamp>1499.703942</timestamp>
			</report>
			<report>
				<misses>143800001</misses>
				<total>177</total>
				<timestamp>1500.700643</timestamp>
			</report>
			<report>
				<misses>143900001</misses>
				<total>177</total>
				<timestamp>1501.720454</timestamp>
			</report>
			<report>
				<misses>144000001</misses>
				<total>177</total>
				<timestamp>1502.714063</timestamp>
			</report>
			<report>
				<misses>144100001</misses>
				<total>177</total>
				<timestamp>1503.734951</timestamp>
			</report>
			<report>
				<misses>144200001</misses>
				<total>177</total>
				<timestamp>1504.739724</timestamp>
			</report>
			<report>
				<misses>144300001</misses>
				<total>177</total>
				<timestamp>1505.793253</timestamp>
			</report>
			<report>
				<misses>144400001</misses>
				<total>177</total>
				<timestamp>1506.832520</timestamp>
			</report>
			<report>
				<misses>144500001</misses>
				<total>177</total>
				<timestamp>1507.830235</timestamp>
			</report>
			<report>
				<misses>144600001</misses>
				<total>177</total>
				<timestamp>1508.825999</timestamp>
			</report>
			<report>
				<misses>144700001</misses>
				<total>177</total>
				<timestamp>1509.828257</timestamp>
			</report>
			<report>
				<misses>144800001</misses>
				<total>177</total>
				<timestamp>1510.826644</timestamp>
			</report>
			<report>
				<misses>144900001</misses>
				<total>177</total>
				<timestamp>1511.820262</timestamp>
			</report>
			<report>
				<misses>145000001</misses>
				<total>177</total>
				<timestamp>1512.810561</timestamp>
			</report>
			<report>
				<misses>145100001</misses>
				<total>177</total>
				<timestamp>1513.798292</timestamp>
			</report>
			<report>
				<misses>145200001</misses>
				<total>177</total>
				<timestamp>1514.781991</timestamp>
			</report>
			<report>
				<misses>145300001</misses>
				<total>177</total>
				<timestamp>1515.772623</timestamp>
			</report>
			<report>
				<misses>145400001</misses>
				<total>177</total>
				<timestamp>1516.754608</timestamp>
			</report>
			<report>
				<misses>145500001</misses>
				<total>177</total>
				<timestamp>1517.742022</timestamp>
			</report>
			<report>
				<misses>145600001</misses>
				<total>177</total>
				<timestamp>1518.727112</timestamp>
			</report>
			<report>
				<misses>145700001</misses>
				<total>177</total>
				<timestamp>1519.713302</timestamp>
			</report>
			<report>
				<misses>145800001</misses>
				<total>177</total>
				<timestamp>1520.697814</timestamp>
			</report>
			<report>
				<misses>145900001</misses>
				<total>177</total>
				<timestamp>1521.698071</timestamp>
			</report>
			<report>
				<misses>146000001</misses>
				<total>177</total>
				<timestamp>1522.707349</timestamp>
			</report>
			<report>
				<misses>146100001</misses>
				<total>177</total>
				<timestamp>1523.757743</timestamp>
			</report>
			<report>
				<misses>146200001</misses>
				<total>177</total>
				<timestamp>1524.813839</timestamp>
			</report>
			<report>
				<misses>146300001</misses>
				<total>177</total>
				<timestamp>1525.854092</timestamp>
			</report>
			<report>
				<misses>146400001</misses>
				<total>177</total>
				<timestamp>1526.854340</timestamp>
			</report>
			<report>
				<misses>146500001</misses>
				<total>177</total>
				<timestamp>1527.858363</timestamp>
			</report>
			<report>
				<misses>146600001</misses>
				<total>177</total>
				<timestamp>1528.876917</timestamp>
			</report>
			<report>
				<misses>146700001</misses>
				<total>177</total>
				<timestamp>1529.942189</timestamp>
			</report>
			<report>
				<misses>146800001</misses>
				<total>177</total>
				<timestamp>1530.998686</timestamp>
			</report>
			<report>
				<misses>146900001</misses>
				<total>177</total>
				<timestamp>1532.065052</timestamp>
			</report>
			<report>
				<misses>147000001</misses>
				<total>177</total>
				<timestamp>1533.070644</timestamp>
			</report>
			<report>
				<misses>147100001</misses>
				<total>177</total>
				<timestamp>1534.086601</timestamp>
			</report>
			<report>
				<misses>147200001</misses>
				<total>177</total>
				<timestamp>1535.137569</timestamp>
			</report>
			<report>
				<misses>147300001</misses>
				<total>177</total>
				<timestamp>1536.181051</timestamp>
			</report>
			<report>
				<misses>147400001</misses>
				<total>177</total>
				<timestamp>1537.251525</timestamp>
			</report>
			<report>
				<misses>147500001</misses>
				<total>177</total>
				<timestamp>1538.302298</timestamp>
			</report>
			<report>
				<misses>147600001</misses>
				<total>177</total>
				<timestamp>1539.353038</timestamp>
			</report>
			<report>
				<misses>147700001</misses>
				<total>177</total>
				<timestamp>1540.414122</timestamp>
			</report>
			<report>
				<misses>147800001</misses>
				<total>177</total>
				<timestamp>1541.467619</timestamp>
			</report>
			<report>
				<misses>147900001</misses>
				<total>177</total>
				<timestamp>1542.536702</timestamp>
			</report>
			<report>
				<misses>148000001</misses>
				<total>177</total>
				<timestamp>1543.590306</timestamp>
			</report>
			<report>
				<misses>148100001</misses>
				<total>177</total>
				<timestamp>1544.626027</timestamp>
			</report>
			<report>
				<misses>148200001</misses>
				<total>177</total>
				<timestamp>1545.691450</timestamp>
			</report>
			<report>
				<misses>148300001</misses>
				<total>177</total>
				<timestamp>1546.738990</timestamp>
			</report>
			<report>
				<misses>148400001</misses>
				<total>177</total>
				<timestamp>1547.783754</timestamp>
			</report>
			<report>
				<misses>148500001</misses>
				<total>177</total>
				<timestamp>1548.839793</timestamp>
			</report>
			<report>
				<misses>148600001</misses>
				<total>177</total>
				<timestamp>1549.897084</timestamp>
			</report>
			<report>
				<misses>148700001</misses>
				<total>177</total>
				<timestamp>1550.965523</timestamp>
			</report>
			<report>
				<misses>148800001</misses>
				<total>177</total>
				<timestamp>1552.032944</timestamp>
			</report>
			<report>
				<misses>148900001</misses>
				<total>177</total>
				<timestamp>1553.096952</timestamp>
			</report>
			<report>
				<misses>149000001</misses>
				<total>177</total>
				<timestamp>1554.164584</timestamp>
			</report>
			<report>
				<misses>149100001</misses>
				<total>177</total>
				<timestamp>1555.234778</timestamp>
			</report>
			<report>
				<misses>149200001</misses>
				<total>177</total>
				<timestamp>1556.288822</timestamp>
			</report>
			<report>
				<misses>149300001</misses>
				<total>177</total>
				<timestamp>1557.286755</timestamp>
			</report>
			<report>
				<misses>149400001</misses>
				<total>177</total>
				<timestamp>1558.297205</timestamp>
			</report>
			<report>
				<misses>149500001</misses>
				<total>177</total>
				<timestamp>1559.341724</timestamp>
			</report>
			<report>
				<misses>149600001</misses>
				<total>177</total>
				<timestamp>1560.413007</timestamp>
			</report>
			<report>
				<misses>149700001</misses>
				<total>177</total>
				<timestamp>1561.473828</timestamp>
			</report>
			<report>
				<misses>149800001</misses>
				<total>177</total>
				<timestamp>1562.539898</timestamp>
			</report>
			<report>
				<misses>149900001</misses>
				<total>177</total>
				<timestamp>1563.612837</timestamp>
			</report>
			<report>
				<misses>150000001</misses>
				<total>177</total>
				<timestamp>1564.655302</timestamp>
			</report>
			<report>
				<misses>150100001</misses>
				<total>177</total>
				<timestamp>1565.702910</timestamp>
			</report>
			<report>
				<misses>150200001</misses>
				<total>177</total>
				<timestamp>1566.783804</timestamp>
			</report>
			<report>
				<misses>150300001</misses>
				<total>177</total>
				<timestamp>1567.828118</timestamp>
			</report>
			<report>
				<misses>150400001</misses>
				<total>177</total>
				<timestamp>1568.876558</timestamp>
			</report>
			<report>
				<misses>150500001</misses>
				<total>177</total>
				<timestamp>1569.944355</timestamp>
			</report>
			<report>
				<misses>150600001</misses>
				<total>177</total>
				<timestamp>1570.986113</timestamp>
			</report>
			<report>
				<misses>150700001</misses>
				<total>177</total>
				<timestamp>1572.033623</timestamp>
			</report>
			<report>
				<misses>150800001</misses>
				<total>177</total>
				<timestamp>1573.079766</timestamp>
			</report>
			<report>
				<misses>150900001</misses>
				<total>177</total>
				<timestamp>1574.137152</timestamp>
			</report>
			<report>
				<misses>151000001</misses>
				<total>177</total>
				<timestamp>1575.170495</timestamp>
			</report>
			<report>
				<misses>151100001</misses>
				<total>177</total>
				<timestamp>1576.235068</timestamp>
			</report>
			<report>
				<misses>151200001</misses>
				<total>177</total>
				<timestamp>1577.276024</timestamp>
			</report>
			<report>
				<misses>151300001</misses>
				<total>177</total>
				<timestamp>1578.336979</timestamp>
			</report>
			<report>
				<misses>151400001</misses>
				<total>177</total>
				<timestamp>1579.422907</timestamp>
			</report>
			<report>
				<misses>151500001</misses>
				<total>177</total>
				<timestamp>1580.484380</timestamp>
			</report>
			<report>
				<misses>151600001</misses>
				<total>177</total>
				<timestamp>1581.562697</timestamp>
			</report>
			<report>
				<misses>151700001</misses>
				<total>177</total>
				<timestamp>1582.626161</timestamp>
			</report>
			<report>
				<misses>151800001</misses>
				<total>177</total>
				<timestamp>1583.695190</timestamp>
			</report>
			<report>
				<misses>151900001</misses>
				<total>177</total>
				<timestamp>1584.763370</timestamp>
			</report>
			<report>
				<misses>152000001</misses>
				<total>177</total>
				<timestamp>1585.815168</timestamp>
			</report>
			<report>
				<misses>152100001</misses>
				<total>177</total>
				<timestamp>1586.881680</timestamp>
			</report>
			<report>
				<misses>152200001</misses>
				<total>177</total>
				<timestamp>1587.931926</timestamp>
			</report>
			<report>
				<misses>152300001</misses>
				<total>177</total>
				<timestamp>1588.979796</timestamp>
			</report>
			<report>
				<misses>152400001</misses>
				<total>177</total>
				<timestamp>1590.023231</timestamp>
			</report>
			<report>
				<misses>152500001</misses>
				<total>177</total>
				<timestamp>1591.087542</timestamp>
			</report>
			<report>
				<misses>152600001</misses>
				<total>177</total>
				<timestamp>1592.152411</timestamp>
			</report>
			<report>
				<misses>152700001</misses>
				<total>177</total>
				<timestamp>1593.241411</timestamp>
			</report>
			<report>
				<misses>152800001</misses>
				<total>177</total>
				<timestamp>1594.304073</timestamp>
			</report>
			<report>
				<misses>152900001</misses>
				<total>177</total>
				<timestamp>1595.359089</timestamp>
			</report>
			<report>
				<misses>153000001</misses>
				<total>177</total>
				<timestamp>1596.355459</timestamp>
			</report>
			<report>
				<misses>153100001</misses>
				<total>177</total>
				<timestamp>1597.351524</timestamp>
			</report>
			<report>
				<misses>153200001</misses>
				<total>177</total>
				<timestamp>1598.408101</timestamp>
			</report>
			<report>
				<misses>153300001</misses>
				<total>177</total>
				<timestamp>1599.474912</timestamp>
			</report>
			<report>
				<misses>153400001</misses>
				<total>177</total>
				<timestamp>1600.533102</timestamp>
			</report>
			<report>
				<misses>153500001</misses>
				<total>177</total>
				<timestamp>1601.601177</timestamp>
			</report>
			<report>
				<misses>153600001</misses>
				<total>177</total>
				<timestamp>1602.651152</timestamp>
			</report>
			<report>
				<misses>153700001</misses>
				<total>177</total>
				<timestamp>1603.723098</timestamp>
			</report>
			<report>
				<misses>153800001</misses>
				<total>177</total>
				<timestamp>1604.807268</timestamp>
			</report>
			<report>
				<misses>153900001</misses>
				<total>177</total>
				<timestamp>1605.877781</timestamp>
			</report>
			<report>
				<misses>154000001</misses>
				<total>177</total>
				<timestamp>1606.948614</timestamp>
			</report>
			<report>
				<misses>154100001</misses>
				<total>177</total>
				<timestamp>1608.021006</timestamp>
			</report>
			<report>
				<misses>154200001</misses>
				<total>177</total>
				<timestamp>1609.076682</timestamp>
			</report>
			<report>
				<misses>154300001</misses>
				<total>177</total>
				<timestamp>1610.137063</timestamp>
			</report>
			<report>
				<misses>154400001</misses>
				<total>177</total>
				<timestamp>1611.207502</timestamp>
			</report>
			<report>
				<misses>154500001</misses>
				<total>177</total>
				<timestamp>1612.281354</timestamp>
			</report>
			<report>
				<misses>154600001</misses>
				<total>177</total>
				<timestamp>1613.364767</timestamp>
			</report>
			<report>
				<misses>154700001</misses>
				<total>177</total>
				<timestamp>1614.388125</timestamp>
			</report>
			<report>
				<misses>154800001</misses>
				<total>177</total>
				<timestamp>1615.466299</timestamp>
			</report>
			<report>
				<misses>154900001</misses>
				<total>177</total>
				<timestamp>1616.546500</timestamp>
			</report>
			<report>
				<misses>155000001</misses>
				<total>177</total>
				<timestamp>1617.619204</timestamp>
			</report>
			<report>
				<misses>155100001</misses>
				<total>177</total>
				<timestamp>1618.709190</timestamp>
			</report>
			<report>
				<misses>155200001</misses>
				<total>177</total>
				<timestamp>1619.762328</timestamp>
			</report>
			<report>
				<misses>155300001</misses>
				<total>177</total>
				<timestamp>1620.824141</timestamp>
			</report>
			<report>
				<misses>155400001</misses>
				<total>177</total>
				<timestamp>1621.870793</timestamp>
			</report>
			<report>
				<misses>155500001</misses>
				<total>177</total>
				<timestamp>1622.878669</timestamp>
			</report>
			<report>
				<misses>155600001</misses>
				<total>177</total>
				<timestamp>1623.882258</timestamp>
			</report>
			<report>
				<misses>155700001</misses>
				<total>177</total>
				<timestamp>1624.888177</timestamp>
			</report>
			<report>
				<misses>155800001</misses>
				<total>177</total>
				<timestamp>1625.889189</timestamp>
			</report>
			<report>
				<misses>155900001</misses>
				<total>177</total>
				<timestamp>1626.892225</timestamp>
			</report>
			<report>
				<misses>156000001</misses>
				<total>177</total>
				<timestamp>1627.897049</timestamp>
			</report>
			<report>
				<misses>156100001</misses>
				<total>177</total>
				<timestamp>1628.908652</timestamp>
			</report>
			<report>
				<misses>156200001</misses>
				<total>177</total>
				<timestamp>1629.910582</timestamp>
			</report>
			<report>
				<misses>156300001</misses>
				<total>177</total>
				<timestamp>1630.924840</timestamp>
			</report>
			<report>
				<misses>156400001</misses>
				<total>177</total>
				<timestamp>1631.930001</timestamp>
			</report>
			<report>
				<misses>156500001</misses>
				<total>177</total>
				<timestamp>1632.929085</timestamp>
			</report>
			<report>
				<misses>156600001</misses>
				<total>177</total>
				<timestamp>1633.936630</timestamp>
			</report>
			<report>
				<misses>156700001</misses>
				<total>177</total>
				<timestamp>1634.952119</timestamp>
			</report>
			<report>
				<misses>156800001</misses>
				<total>177</total>
				<timestamp>1635.949427</timestamp>
			</report>
			<report>
				<misses>156900001</misses>
				<total>177</total>
				<timestamp>1636.976858</timestamp>
			</report>
			<report>
				<misses>157000001</misses>
				<total>177</total>
				<timestamp>1638.010555</timestamp>
			</report>
			<report>
				<misses>157100001</misses>
				<total>177</total>
				<timestamp>1639.079628</timestamp>
			</report>
			<report>
				<misses>157200001</misses>
				<total>177</total>
				<timestamp>1640.143194</timestamp>
			</report>
			<report>
				<misses>157300001</misses>
				<total>177</total>
				<timestamp>1641.221230</timestamp>
			</report>
			<report>
				<misses>157400001</misses>
				<total>177</total>
				<timestamp>1642.283412</timestamp>
			</report>
			<report>
				<misses>157500001</misses>
				<total>177</total>
				<timestamp>1643.358223</timestamp>
			</report>
			<report>
				<misses>157600001</misses>
				<total>177</total>
				<timestamp>1644.428357</timestamp>
			</report>
			<report>
				<misses>157700001</misses>
				<total>177</total>
				<timestamp>1645.487958</timestamp>
			</report>
			<report>
				<misses>157800001</misses>
				<total>177</total>
				<timestamp>1646.550018</timestamp>
			</report>
			<report>
				<misses>157900001</misses>
				<total>177</total>
				<timestamp>1647.616781</timestamp>
			</report>
			<report>
				<misses>158000001</misses>
				<total>177</total>
				<timestamp>1648.664989</timestamp>
			</report>
			<report>
				<misses>158100001</misses>
				<total>177</total>
				<timestamp>1649.722286</timestamp>
			</report>
			<report>
				<misses>158200001</misses>
				<total>177</total>
				<timestamp>1650.783020</timestamp>
			</report>
			<report>
				<misses>158300001</misses>
				<total>177</total>
				<timestamp>1651.817433</timestamp>
			</report>
			<report>
				<misses>158400001</misses>
				<total>177</total>
				<timestamp>1652.895098</timestamp>
			</report>
			<report>
				<misses>158500001</misses>
				<total>177</total>
				<timestamp>1653.961282</timestamp>
			</report>
			<report>
				<misses>158600001</misses>
				<total>177</total>
				<timestamp>1655.036363</timestamp>
			</report>
			<report>
				<misses>158700001</misses>
				<total>177</total>
				<timestamp>1656.100949</timestamp>
			</report>
			<report>
				<misses>158800001</misses>
				<total>177</total>
				<timestamp>1657.127492</timestamp>
			</report>
			<report>
				<misses>158900001</misses>
				<total>177</total>
				<timestamp>1658.166203</timestamp>
			</report>
			<report>
				<misses>159000001</misses>
				<total>177</total>
				<timestamp>1659.220840</timestamp>
			</report>
			<report>
				<misses>159100001</misses>
				<total>177</total>
				<timestamp>1660.270052</timestamp>
			</report>
			<report>
				<misses>159200001</misses>
				<total>177</total>
				<timestamp>1661.347298</timestamp>
			</report>
			<report>
				<misses>159300001</misses>
				<total>177</total>
				<timestamp>1662.404158</timestamp>
			</report>
			<report>
				<misses>159400001</misses>
				<total>177</total>
				<timestamp>1663.410877</timestamp>
			</report>
			<report>
				<misses>159500001</misses>
				<total>177</total>
				<timestamp>1664.408201</timestamp>
			</report>
			<report>
				<misses>159600001</misses>
				<total>177</total>
				<timestamp>1665.451907</timestamp>
			</report>
			<report>
				<misses>159700001</misses>
				<total>177</total>
				<timestamp>1666.537886</timestamp>
			</report>
			<report>
				<misses>159800001</misses>
				<total>177</total>
				<timestamp>1667.618719</timestamp>
			</report>
			<report>
				<misses>159900001</misses>
				<total>177</total>
				<timestamp>1668.706891</timestamp>
			</report>
			<report>
				<misses>160000001</misses>
				<total>177</total>
				<timestamp>1669.784790</timestamp>
			</report>
			<report>
				<misses>160100001</misses>
				<total>177</total>
				<timestamp>1670.844950</timestamp>
			</report>
			<report>
				<misses>160200001</misses>
				<total>177</total>
				<timestamp>1671.916307</timestamp>
			</report>
			<report>
				<misses>160300001</misses>
				<total>177</total>
				<timestamp>1672.983460</timestamp>
			</report>
			<report>
				<misses>160400001</misses>
				<total>177</total>
				<timestamp>1674.000013</timestamp>
			</report>
			<report>
				<misses>160500001</misses>
				<total>177</total>
				<timestamp>1675.002781</timestamp>
			</report>
			<report>
				<misses>160600001</misses>
				<total>177</total>
				<timestamp>1676.004570</timestamp>
			</report>
			<report>
				<misses>160700001</misses>
				<total>177</total>
				<timestamp>1677.014306</timestamp>
			</report>
			<report>
				<misses>160800001</misses>
				<total>177</total>
				<timestamp>1678.032115</timestamp>
			</report>
			<report>
				<misses>160900001</misses>
				<total>177</total>
				<timestamp>1679.044042</timestamp>
			</report>
			<report>
				<misses>161000001</misses>
				<total>177</total>
				<timestamp>1680.128453</timestamp>
			</report>
			<report>
				<misses>161100001</misses>
				<total>177</total>
				<timestamp>1681.206700</timestamp>
			</report>
			<report>
				<misses>161200001</misses>
				<total>177</total>
				<timestamp>1682.270691</timestamp>
			</report>
			<report>
				<misses>161300001</misses>
				<total>177</total>
				<timestamp>1683.339063</timestamp>
			</report>
			<report>
				<misses>161400001</misses>
				<total>177</total>
				<timestamp>1684.413050</timestamp>
			</report>
			<report>
				<misses>161500001</misses>
				<total>177</total>
				<timestamp>1685.477875</timestamp>
			</report>
			<report>
				<misses>161600001</misses>
				<total>177</total>
				<timestamp>1686.547227</timestamp>
			</report>
			<report>
				<misses>161700001</misses>
				<total>177</total>
				<timestamp>1687.594631</timestamp>
			</report>
			<report>
				<misses>161800001</misses>
				<total>177</total>
				<timestamp>1688.649207</timestamp>
			</report>
			<report>
				<misses>161900001</misses>
				<total>177</total>
				<timestamp>1689.709005</timestamp>
			</report>
			<report>
				<misses>162000001</misses>
				<total>177</total>
				<timestamp>1690.771188</timestamp>
			</report>
			<report>
				<misses>162100001</misses>
				<total>177</total>
				<timestamp>1691.821433</timestamp>
			</report>
			<report>
				<misses>162200001</misses>
				<total>177</total>
				<timestamp>1692.836841</timestamp>
			</report>
			<report>
				<misses>162300001</misses>
				<total>177</total>
				<timestamp>1693.857492</timestamp>
			</report>
			<report>
				<misses>162400001</misses>
				<total>177</total>
				<timestamp>1694.871095</timestamp>
			</report>
			<report>
				<misses>162500001</misses>
				<total>177</total>
				<timestamp>1695.883592</timestamp>
			</report>
			<report>
				<misses>162600001</misses>
				<total>177</total>
				<timestamp>1696.881651</timestamp>
			</report>
			<report>
				<misses>162700001</misses>
				<total>177</total>
				<timestamp>1697.897867</timestamp>
			</report>
			<report>
				<misses>162800001</misses>
				<total>177</total>
				<timestamp>1698.912769</timestamp>
			</report>
			<report>
				<misses>162900001</misses>
				<total>177</total>
				<timestamp>1699.929891</timestamp>
			</report>
			<report>
				<misses>163000001</misses>
				<total>177</total>
				<timestamp>1700.941951</timestamp>
			</report>
			<report>
				<misses>163100001</misses>
				<total>177</total>
				<timestamp>1701.952072</timestamp>
			</report>
			<report>
				<misses>163200001</misses>
				<total>177</total>
				<timestamp>1702.960304</timestamp>
			</report>
			<report>
				<misses>163300001</misses>
				<total>177</total>
				<timestamp>1703.969480</timestamp>
			</report>
			<report>
				<misses>163400001</misses>
				<total>177</total>
				<timestamp>1704.977606</timestamp>
			</report>
			<report>
				<misses>163500001</misses>
				<total>177</total>
				<timestamp>1706.009727</timestamp>
			</report>
			<report>
				<misses>163600001</misses>
				<total>177</total>
				<timestamp>1707.017523</timestamp>
			</report>
			<report>
				<misses>163700001</misses>
				<total>177</total>
				<timestamp>1708.030800</timestamp>
			</report>
			<report>
				<misses>163800001</misses>
				<total>177</total>
				<timestamp>1709.037272</timestamp>
			</report>
			<report>
				<misses>163900001</misses>
				<total>177</total>
				<timestamp>1710.045824</timestamp>
			</report>
			<report>
				<misses>164000001</misses>
				<total>177</total>
				<timestamp>1711.114786</timestamp>
			</report>
			<report>
				<misses>164100001</misses>
				<total>177</total>
				<timestamp>1712.175011</timestamp>
			</report>
			<report>
				<misses>164200001</misses>
				<total>177</total>
				<timestamp>1713.235288</timestamp>
			</report>
			<report>
				<misses>164300001</misses>
				<total>177</total>
				<timestamp>1714.295418</timestamp>
			</report>
			<report>
				<misses>164400001</misses>
				<total>177</total>
				<timestamp>1715.355619</timestamp>
			</report>
			<report>
				<misses>164500001</misses>
				<total>177</total>
				<timestamp>1716.429712</timestamp>
			</report>
			<report>
				<misses>164600001</misses>
				<total>177</total>
				<timestamp>1717.507245</timestamp>
			</report>
			<report>
				<misses>164700001</misses>
				<total>177</total>
				<timestamp>1718.578014</timestamp>
			</report>
			<report>
				<misses>164800001</misses>
				<total>177</total>
				<timestamp>1719.643735</timestamp>
			</report>
			<report>
				<misses>164900001</misses>
				<total>177</total>
				<timestamp>1720.697665</timestamp>
			</report>
			<report>
				<misses>165000001</misses>
				<total>177</total>
				<timestamp>1721.736625</timestamp>
			</report>
			<report>
				<misses>165100001</misses>
				<total>177</total>
				<timestamp>1722.774239</timestamp>
			</report>
			<report>
				<misses>165200001</misses>
				<total>177</total>
				<timestamp>1723.777126</timestamp>
			</report>
			<report>
				<misses>165300001</misses>
				<total>177</total>
				<timestamp>1724.838397</timestamp>
			</report>
			<report>
				<misses>165400001</misses>
				<total>177</total>
				<timestamp>1725.903322</timestamp>
			</report>
			<report>
				<misses>165500001</misses>
				<total>177</total>
				<timestamp>1726.986642</timestamp>
			</report>
			<report>
				<misses>165600001</misses>
				<total>177</total>
				<timestamp>1728.053482</timestamp>
			</report>
			<report>
				<misses>165700001</misses>
				<total>177</total>
				<timestamp>1729.137917</timestamp>
			</report>
			<report>
				<misses>165800001</misses>
				<total>177</total>
				<timestamp>1730.195007</timestamp>
			</report>
			<report>
				<misses>165900001</misses>
				<total>177</total>
				<timestamp>1731.253393</timestamp>
			</report>
			<report>
				<misses>166000001</misses>
				<total>177</total>
				<timestamp>1732.320859</timestamp>
			</report>
			<report>
				<misses>166100001</misses>
				<total>177</total>
				<timestamp>1733.385356</timestamp>
			</report>
			<report>
				<misses>166200001</misses>
				<total>177</total>
				<timestamp>1734.438320</timestamp>
			</report>
			<report>
				<misses>166300001</misses>
				<total>177</total>
				<timestamp>1735.506818</timestamp>
			</report>
			<report>
				<misses>166400001</misses>
				<total>177</total>
				<timestamp>1736.578428</timestamp>
			</report>
			<report>
				<misses>166500001</misses>
				<total>177</total>
				<timestamp>1737.612293</timestamp>
			</report>
			<report>
				<misses>166600001</misses>
				<total>177</total>
				<timestamp>1738.659501</timestamp>
			</report>
			<report>
				<misses>166700001</misses>
				<total>177</total>
				<timestamp>1739.713306</timestamp>
			</report>
			<report>
				<misses>166800001</misses>
				<total>177</total>
				<timestamp>1740.775159</timestamp>
			</report>
			<report>
				<misses>166900001</misses>
				<total>177</total>
				<timestamp>1741.830597</timestamp>
			</report>
			<report>
				<misses>167000001</misses>
				<total>177</total>
				<timestamp>1742.892564</timestamp>
			</report>
			<report>
				<misses>167100001</misses>
				<total>177</total>
				<timestamp>1743.964617</timestamp>
			</report>
			<report>
				<misses>167200001</misses>
				<total>177</total>
				<timestamp>1745.038627</timestamp>
			</report>
			<report>
				<misses>167300001</misses>
				<total>177</total>
				<timestamp>1746.109561</timestamp>
			</report>
			<report>
				<misses>167400001</misses>
				<total>177</total>
				<timestamp>1747.164391</timestamp>
			</report>
			<report>
				<misses>167500001</misses>
				<total>177</total>
				<timestamp>1748.230185</timestamp>
			</report>
			<report>
				<misses>167600001</misses>
				<total>177</total>
				<timestamp>1749.303389</timestamp>
			</report>
			<report>
				<misses>167700001</misses>
				<total>177</total>
				<timestamp>1750.375866</timestamp>
			</report>
			<report>
				<misses>167800001</misses>
				<total>177</total>
				<timestamp>1751.381637</timestamp>
			</report>
			<report>
				<misses>167900001</misses>
				<total>177</total>
				<timestamp>1752.365697</timestamp>
			</report>
			<report>
				<misses>168000001</misses>
				<total>177</total>
				<timestamp>1753.354671</timestamp>
			</report>
			<report>
				<misses>168100001</misses>
				<total>177</total>
				<timestamp>1754.340657</timestamp>
			</report>
			<report>
				<misses>168200001</misses>
				<total>177</total>
				<timestamp>1755.325121</timestamp>
			</report>
			<report>
				<misses>168300001</misses>
				<total>177</total>
				<timestamp>1756.315756</timestamp>
			</report>
			<report>
				<misses>168400001</misses>
				<total>177</total>
				<timestamp>1757.323077</timestamp>
			</report>
			<report>
				<misses>168500001</misses>
				<total>177</total>
				<timestamp>1758.407326</timestamp>
			</report>
			<report>
				<misses>168600001</misses>
				<total>177</total>
				<timestamp>1759.467713</timestamp>
			</report>
			<report>
				<misses>168700001</misses>
				<total>177</total>
				<timestamp>1760.497577</timestamp>
			</report>
			<report>
				<misses>168800001</misses>
				<total>177</total>
				<timestamp>1761.568154</timestamp>
			</report>
			<report>
				<misses>168900001</misses>
				<total>177</total>
				<timestamp>1762.621168</timestamp>
			</report>
			<report>
				<misses>169000001</misses>
				<total>177</total>
				<timestamp>1763.667675</timestamp>
			</report>
			<report>
				<misses>169100001</misses>
				<total>177</total>
				<timestamp>1764.725661</timestamp>
			</report>
			<report>
				<misses>169200001</misses>
				<total>177</total>
				<timestamp>1765.763609</timestamp>
			</report>
			<report>
				<misses>169300001</misses>
				<total>177</total>
				<timestamp>1766.835801</timestamp>
			</report>
			<report>
				<misses>169400001</misses>
				<total>177</total>
				<timestamp>1767.897354</timestamp>
			</report>
			<report>
				<misses>169500001</misses>
				<total>177</total>
				<timestamp>1768.955966</timestamp>
			</report>
			<report>
				<misses>169600001</misses>
				<total>177</total>
				<timestamp>1769.998471</timestamp>
			</report>
			<report>
				<misses>169700001</misses>
				<total>177</total>
				<timestamp>1771.042046</timestamp>
			</report>
			<report>
				<misses>169800001</misses>
				<total>177</total>
				<timestamp>1772.058982</timestamp>
			</report>
			<report>
				<misses>169900001</misses>
				<total>177</total>
				<timestamp>1773.060450</timestamp>
			</report>
			<report>
				<misses>170000001</misses>
				<total>177</total>
				<timestamp>1774.071038</timestamp>
			</report>
			<report>
				<misses>170100001</misses>
				<total>177</total>
				<timestamp>1775.132117</timestamp>
			</report>
			<report>
				<misses>170200001</misses>
				<total>177</total>
				<timestamp>1776.205327</timestamp>
			</report>
			<report>
				<misses>170300001</misses>
				<total>177</total>
				<timestamp>1777.274007</timestamp>
			</report>
			<report>
				<misses>170400001</misses>
				<total>177</total>
				<timestamp>1778.334515</timestamp>
			</report>
			<report>
				<misses>170500001</misses>
				<total>177</total>
				<timestamp>1779.409817</timestamp>
			</report>
			<report>
				<misses>170600001</misses>
				<total>177</total>
				<timestamp>1780.477478</timestamp>
			</report>
			<report>
				<misses>170700001</misses>
				<total>177</total>
				<timestamp>1781.548171</timestamp>
			</report>
			<report>
				<misses>170800001</misses>
				<total>177</total>
				<timestamp>1782.588827</timestamp>
			</report>
			<report>
				<misses>170900001</misses>
				<total>177</total>
				<timestamp>1783.645664</timestamp>
			</report>
			<report>
				<misses>171000001</misses>
				<total>177</total>
				<timestamp>1784.703646</timestamp>
			</report>
			<report>
				<misses>171100001</misses>
				<total>177</total>
				<timestamp>1785.745638</timestamp>
			</report>
			<report>
				<misses>171200001</misses>
				<total>177</total>
				<timestamp>1786.793230</timestamp>
			</report>
			<report>
				<misses>171300001</misses>
				<total>177</total>
				<timestamp>1787.850003</timestamp>
			</report>
			<report>
				<misses>171400001</misses>
				<total>177</total>
				<timestamp>1788.914931</timestamp>
			</report>
			<report>
				<misses>171500001</misses>
				<total>177</total>
				<timestamp>1789.983045</timestamp>
			</report>
			<report>
				<misses>171600001</misses>
				<total>177</total>
				<timestamp>1791.009429</timestamp>
			</report>
			<report>
				<misses>171700001</misses>
				<total>177</total>
				<timestamp>1792.032835</timestamp>
			</report>
			<report>
				<misses>171800001</misses>
				<total>177</total>
				<timestamp>1793.082637</timestamp>
			</report>
			<report>
				<misses>171900001</misses>
				<total>177</total>
				<timestamp>1794.145663</timestamp>
			</report>
			<report>
				<misses>172000001</misses>
				<total>177</total>
				<timestamp>1795.214361</timestamp>
			</report>
			<report>
				<misses>172100001</misses>
				<total>177</total>
				<timestamp>1796.266683</timestamp>
			</report>
			<report>
				<misses>172200001</misses>
				<total>177</total>
				<timestamp>1797.282014</timestamp>
			</report>
			<report>
				<misses>172300001</misses>
				<total>177</total>
				<timestamp>1798.300055</timestamp>
			</report>
			<report>
				<misses>172400001</misses>
				<total>177</total>
				<timestamp>1799.311164</timestamp>
			</report>
			<report>
				<misses>172500001</misses>
				<total>177</total>
				<timestamp>1800.331362</timestamp>
			</report>
			<report>
				<misses>172600001</misses>
				<total>177</total>
				<timestamp>1801.349804</timestamp>
			</report>
			<report>
				<misses>172700001</misses>
				<total>177</total>
				<timestamp>1802.360494</timestamp>
			</report>
			<report>
				<misses>172800001</misses>
				<total>177</total>
				<timestamp>1803.365146</timestamp>
			</report>
			<report>
				<misses>172900001</misses>
				<total>177</total>
				<timestamp>1804.374828</timestamp>
			</report>
			<report>
				<misses>173000001</misses>
				<total>177</total>
				<timestamp>1805.387377</timestamp>
			</report>
			<report>
				<misses>173100001</misses>
				<total>177</total>
				<timestamp>1806.403701</timestamp>
			</report>
			<report>
				<misses>173200001</misses>
				<total>177</total>
				<timestamp>1807.412989</timestamp>
			</report>
			<report>
				<misses>173300001</misses>
				<total>177</total>
				<timestamp>1808.481005</timestamp>
			</report>
			<report>
				<misses>173400001</misses>
				<total>177</total>
				<timestamp>1809.537345</timestamp>
			</report>
			<report>
				<misses>173500001</misses>
				<total>177</total>
				<timestamp>1810.554072</timestamp>
			</report>
			<report>
				<misses>173600001</misses>
				<total>177</total>
				<timestamp>1811.562727</timestamp>
			</report>
			<report>
				<misses>173700001</misses>
				<total>177</total>
				<timestamp>1812.608396</timestamp>
			</report>
			<report>
				<misses>173800001</misses>
				<total>177</total>
				<timestamp>1813.665285</timestamp>
			</report>
			<report>
				<misses>173900001</misses>
				<total>177</total>
				<timestamp>1814.719213</timestamp>
			</report>
			<report>
				<misses>174000001</misses>
				<total>177</total>
				<timestamp>1815.751498</timestamp>
			</report>
			<report>
				<misses>174100001</misses>
				<total>177</total>
				<timestamp>1816.796044</timestamp>
			</report>
			<report>
				<misses>174200001</misses>
				<total>177</total>
				<timestamp>1817.839587</timestamp>
			</report>
			<report>
				<misses>174300001</misses>
				<total>177</total>
				<timestamp>1818.881696</timestamp>
			</report>
			<report>
				<misses>174400001</misses>
				<total>177</total>
				<timestamp>1819.914395</timestamp>
			</report>
			<report>
				<misses>174500001</misses>
				<total>177</total>
				<timestamp>1820.987669</timestamp>
			</report>
			<report>
				<misses>174600001</misses>
				<total>177</total>
				<timestamp>1822.058558</timestamp>
			</report>
			<report>
				<misses>174700001</misses>
				<total>177</total>
				<timestamp>1823.117969</timestamp>
			</report>
			<report>
				<misses>174800001</misses>
				<total>177</total>
				<timestamp>1824.180294</timestamp>
			</report>
			<report>
				<misses>174900001</misses>
				<total>177</total>
				<timestamp>1825.251314</timestamp>
			</report>
			<report>
				<misses>175000001</misses>
				<total>177</total>
				<timestamp>1826.308706</timestamp>
			</report>
			<report>
				<misses>175100001</misses>
				<total>177</total>
				<timestamp>1827.372393</timestamp>
			</report>
			<report>
				<misses>175200001</misses>
				<total>177</total>
				<timestamp>1828.448370</timestamp>
			</report>
			<report>
				<misses>175300001</misses>
				<total>177</total>
				<timestamp>1829.517109</timestamp>
			</report>
			<report>
				<misses>175400001</misses>
				<total>177</total>
				<timestamp>1830.579269</timestamp>
			</report>
			<report>
				<misses>175500001</misses>
				<total>177</total>
				<timestamp>1831.597363</timestamp>
			</report>
			<report>
				<misses>175600001</misses>
				<total>177</total>
				<timestamp>1832.659034</timestamp>
			</report>
			<report>
				<misses>175700001</misses>
				<total>177</total>
				<timestamp>1833.723729</timestamp>
			</report>
			<report>
				<misses>175800001</misses>
				<total>177</total>
				<timestamp>1834.783214</timestamp>
			</report>
			<report>
				<misses>175900001</misses>
				<total>177</total>
				<timestamp>1835.836367</timestamp>
			</report>
			<report>
				<misses>176000001</misses>
				<total>177</total>
				<timestamp>1836.893386</timestamp>
			</report>
			<report>
				<misses>176100001</misses>
				<total>177</total>
				<timestamp>1837.940532</timestamp>
			</report>
			<report>
				<misses>176200001</misses>
				<total>177</total>
				<timestamp>1839.012973</timestamp>
			</report>
			<report>
				<misses>176300001</misses>
				<total>177</total>
				<timestamp>1840.080132</timestamp>
			</report>
			<report>
				<misses>176400001</misses>
				<total>177</total>
				<timestamp>1841.151157</timestamp>
			</report>
			<report>
				<misses>176500001</misses>
				<total>177</total>
				<timestamp>1842.210461</timestamp>
			</report>
			<report>
				<misses>176600001</misses>
				<total>177</total>
				<timestamp>1843.282514</timestamp>
			</report>
			<report>
				<misses>176700001</misses>
				<total>177</total>
				<timestamp>1844.304440</timestamp>
			</report>
			<report>
				<misses>176800001</misses>
				<total>177</total>
				<timestamp>1845.318439</timestamp>
			</report>
			<report>
				<misses>176900001</misses>
				<total>177</total>
				<timestamp>1846.331784</timestamp>
			</report>
			<report>
				<misses>177000001</misses>
				<total>177</total>
				<timestamp>1847.334478</timestamp>
			</report>
			<report>
				<misses>177100001</misses>
				<total>177</total>
				<timestamp>1848.344340</timestamp>
			</report>
			<report>
				<misses>177200001</misses>
				<total>177</total>
				<timestamp>1849.354153</timestamp>
			</report>
			<report>
				<misses>177300001</misses>
				<total>177</total>
				<timestamp>1850.369104</timestamp>
			</report>
			<report>
				<misses>177400001</misses>
				<total>177</total>
				<timestamp>1851.389339</timestamp>
			</report>
			<report>
				<misses>177500001</misses>
				<total>177</total>
				<timestamp>1852.405381</timestamp>
			</report>
			<report>
				<misses>177600001</misses>
				<total>177</total>
				<timestamp>1853.420434</timestamp>
			</report>
			<report>
				<misses>177700001</misses>
				<total>177</total>
				<timestamp>1854.438880</timestamp>
			</report>
			<report>
				<misses>177800001</misses>
				<total>177</total>
				<timestamp>1855.447976</timestamp>
			</report>
			<report>
				<misses>177900001</misses>
				<total>177</total>
				<timestamp>1856.463964</timestamp>
			</report>
			<report>
				<misses>178000001</misses>
				<total>177</total>
				<timestamp>1857.477648</timestamp>
			</report>
			<report>
				<misses>178100001</misses>
				<total>177</total>
				<timestamp>1858.519640</timestamp>
			</report>
			<report>
				<misses>178200001</misses>
				<total>192</total>
				<timestamp>1859.515051</timestamp>
			</report>
			<report>
				<misses>178300001</misses>
				<total>198</total>
				<timestamp>1860.506191</timestamp>
			</report>
			<report>
				<misses>178400001</misses>
				<total>198</total>
				<timestamp>1861.504972</timestamp>
			</report>
			<report>
				<misses>178500001</misses>
				<total>198</total>
				<timestamp>1862.510185</timestamp>
			</report>
			<report>
				<misses>178600001</misses>
				<total>198</total>
				<timestamp>1863.513084</timestamp>
			</report>
			<report>
				<misses>178700001</misses>
				<total>198</total>
				<timestamp>1864.511464</timestamp>
			</report>
			<report>
				<misses>178800001</misses>
				<total>200</total>
				<timestamp>1865.510872</timestamp>
			</report>
			<report>
				<misses>178900001</misses>
				<total>228</total>
				<timestamp>1866.511423</timestamp>
			</report>
			<report>
				<misses>179000001</misses>
				<total>228</total>
				<timestamp>1867.505442</timestamp>
			</report>
			<report>
				<misses>179100001</misses>
				<total>232</total>
				<timestamp>1868.506146</timestamp>
			</report>
			<report>
				<misses>179200001</misses>
				<total>232</total>
				<timestamp>1869.506368</timestamp>
			</report>
			<report>
				<misses>179300001</misses>
				<total>232</total>
				<timestamp>1870.499479</timestamp>
			</report>
			<report>
				<misses>179400001</misses>
				<total>232</total>
				<timestamp>1871.495604</timestamp>
			</report>
			<report>
				<misses>179500001</misses>
				<total>232</total>
				<timestamp>1872.490120</timestamp>
			</report>
			<report>
				<misses>179600001</misses>
				<total>232</total>
				<timestamp>1873.480300</timestamp>
			</report>
			<report>
				<misses>179700001</misses>
				<total>232</total>
				<timestamp>1874.472494</timestamp>
			</report>
			<report>
				<misses>179800001</misses>
				<total>232</total>
				<timestamp>1875.466676</timestamp>
			</report>
			<report>
				<misses>179900001</misses>
				<total>232</total>
				<timestamp>1876.456155</timestamp>
			</report>
			<report>
				<misses>180000001</misses>
				<total>232</total>
				<timestamp>1877.450666</timestamp>
			</report>
			<report>
				<misses>180100001</misses>
				<total>232</total>
				<timestamp>1878.465898</timestamp>
			</report>
			<report>
				<misses>180200001</misses>
				<total>232</total>
				<timestamp>1879.478326</timestamp>
			</report>
			<report>
				<misses>180300001</misses>
				<total>232</total>
				<timestamp>1880.486715</timestamp>
			</report>
			<report>
				<misses>180400001</misses>
				<total>232</total>
				<timestamp>1881.503870</timestamp>
			</report>
			<report>
				<misses>180500001</misses>
				<total>232</total>
				<timestamp>1882.581794</timestamp>
			</report>
			<report>
				<misses>180600001</misses>
				<total>232</total>
				<timestamp>1883.630045</timestamp>
			</report>
			<report>
				<misses>180700001</misses>
				<total>232</total>
				<timestamp>1884.627873</timestamp>
			</report>
			<report>
				<misses>180800001</misses>
				<total>232</total>
				<timestamp>1885.638717</timestamp>
			</report>
			<report>
				<misses>180900001</misses>
				<total>232</total>
				<timestamp>1886.658601</timestamp>
			</report>
			<report>
				<misses>181000001</misses>
				<total>232</total>
				<timestamp>1887.665695</timestamp>
			</report>
			<report>
				<misses>181100001</misses>
				<total>232</total>
				<timestamp>1888.670135</timestamp>
			</report>
			<report>
				<misses>181200001</misses>
				<total>232</total>
				<timestamp>1889.721481</timestamp>
			</report>
			<report>
				<misses>181300001</misses>
				<total>232</total>
				<timestamp>1890.792466</timestamp>
			</report>
			<report>
				<misses>181400001</misses>
				<total>232</total>
				<timestamp>1891.852187</timestamp>
			</report>
			<report>
				<misses>181500001</misses>
				<total>232</total>
				<timestamp>1892.924159</timestamp>
			</report>
			<report>
				<misses>181600001</misses>
				<total>232</total>
				<timestamp>1893.974931</timestamp>
			</report>
			<report>
				<misses>181700001</misses>
				<total>232</total>
				<timestamp>1895.035052</timestamp>
			</report>
			<report>
				<misses>181800001</misses>
				<total>232</total>
				<timestamp>1896.108188</timestamp>
			</report>
			<report>
				<misses>181900001</misses>
				<total>232</total>
				<timestamp>1897.196820</timestamp>
			</report>
			<report>
				<misses>182000001</misses>
				<total>232</total>
				<timestamp>1898.289010</timestamp>
			</report>
			<report>
				<misses>182100001</misses>
				<total>232</total>
				<timestamp>1899.344164</timestamp>
			</report>
			<report>
				<misses>182200001</misses>
				<total>232</total>
				<timestamp>1900.404790</timestamp>
			</report>
			<report>
				<misses>182300001</misses>
				<total>232</total>
				<timestamp>1901.470499</timestamp>
			</report>
			<report>
				<misses>182400001</misses>
				<total>232</total>
				<timestamp>1902.531939</timestamp>
			</report>
			<report>
				<misses>182500001</misses>
				<total>232</total>
				<timestamp>1903.605733</timestamp>
			</report>
			<report>
				<misses>182600001</misses>
				<total>232</total>
				<timestamp>1904.677052</timestamp>
			</report>
			<report>
				<misses>182700001</misses>
				<total>232</total>
				<timestamp>1905.746348</timestamp>
			</report>
			<report>
				<misses>182800001</misses>
				<total>232</total>
				<timestamp>1906.808854</timestamp>
			</report>
			<report>
				<misses>182900001</misses>
				<total>232</total>
				<timestamp>1907.874968</timestamp>
			</report>
			<report>
				<misses>183000001</misses>
				<total>232</total>
				<timestamp>1908.924838</timestamp>
			</report>
			<report>
				<misses>183100001</misses>
				<total>232</total>
				<timestamp>1909.970254</timestamp>
			</report>
			<report>
				<misses>183200001</misses>
				<total>232</total>
				<timestamp>1910.999151</timestamp>
			</report>
			<report>
				<misses>183300001</misses>
				<total>232</total>
				<timestamp>1912.026550</timestamp>
			</report>
			<report>
				<misses>183400001</misses>
				<total>232</total>
				<timestamp>1913.104278</timestamp>
			</report>
			<report>
				<misses>183500001</misses>
				<total>232</total>
				<timestamp>1914.164795</timestamp>
			</report>
			<report>
				<misses>183600001</misses>
				<total>232</total>
				<timestamp>1915.218583</timestamp>
			</report>
			<report>
				<misses>183700001</misses>
				<total>232</total>
				<timestamp>1916.265989</timestamp>
			</report>
			<report>
				<misses>183800001</misses>
				<total>232</total>
				<timestamp>1917.332369</timestamp>
			</report>
			<report>
				<misses>183900001</misses>
				<total>232</total>
				<timestamp>1918.383392</timestamp>
			</report>
			<report>
				<misses>184000001</misses>
				<total>232</total>
				<timestamp>1919.443652</timestamp>
			</report>
			<report>
				<misses>184100001</misses>
				<total>232</total>
				<timestamp>1920.501049</timestamp>
			</report>
			<report>
				<misses>184200001</misses>
				<total>232</total>
				<timestamp>1921.560211</timestamp>
			</report>
			<report>
				<misses>184300001</misses>
				<total>232</total>
				<timestamp>1922.629806</timestamp>
			</report>
			<report>
				<misses>184400001</misses>
				<total>232</total>
				<timestamp>1923.684497</timestamp>
			</report>
			<report>
				<misses>184500001</misses>
				<total>232</total>
				<timestamp>1924.764046</timestamp>
			</report>
			<report>
				<misses>184600001</misses>
				<total>232</total>
				<timestamp>1925.845387</timestamp>
			</report>
			<report>
				<misses>184700001</misses>
				<total>232</total>
				<timestamp>1926.901845</timestamp>
			</report>
			<report>
				<misses>184800001</misses>
				<total>232</total>
				<timestamp>1927.952262</timestamp>
			</report>
			<report>
				<misses>184900001</misses>
				<total>232</total>
				<timestamp>1929.011214</timestamp>
			</report>
			<report>
				<misses>185000001</misses>
				<total>232</total>
				<timestamp>1930.097846</timestamp>
			</report>
			<report>
				<misses>185100001</misses>
				<total>232</total>
				<timestamp>1931.140810</timestamp>
			</report>
			<report>
				<misses>185200001</misses>
				<total>232</total>
				<timestamp>1932.214599</timestamp>
			</report>
			<report>
				<misses>185300001</misses>
				<total>232</total>
				<timestamp>1933.284454</timestamp>
			</report>
			<report>
				<misses>185400001</misses>
				<total>232</total>
				<timestamp>1934.327103</timestamp>
			</report>
			<report>
				<misses>185500001</misses>
				<total>232</total>
				<timestamp>1935.393416</timestamp>
			</report>
			<report>
				<misses>185600001</misses>
				<total>232</total>
				<timestamp>1936.437208</timestamp>
			</report>
			<report>
				<misses>185700001</misses>
				<total>232</total>
				<timestamp>1937.483845</timestamp>
			</report>
			<report>
				<misses>185800001</misses>
				<total>232</total>
				<timestamp>1938.514552</timestamp>
			</report>
			<report>
				<misses>185900001</misses>
				<total>232</total>
				<timestamp>1939.561963</timestamp>
			</report>
			<report>
				<misses>186000001</misses>
				<total>232</total>
				<timestamp>1940.624018</timestamp>
			</report>
			<report>
				<misses>186100001</misses>
				<total>232</total>
				<timestamp>1941.685870</timestamp>
			</report>
			<report>
				<misses>186200001</misses>
				<total>232</total>
				<timestamp>1942.744376</timestamp>
			</report>
			<report>
				<misses>186300001</misses>
				<total>232</total>
				<timestamp>1943.809341</timestamp>
			</report>
			<report>
				<misses>186400001</misses>
				<total>232</total>
				<timestamp>1944.871458</timestamp>
			</report>
			<report>
				<misses>186500001</misses>
				<total>232</total>
				<timestamp>1945.920357</timestamp>
			</report>
			<report>
				<misses>186600001</misses>
				<total>232</total>
				<timestamp>1946.956745</timestamp>
			</report>
			<report>
				<misses>186700001</misses>
				<total>232</total>
				<timestamp>1948.002276</timestamp>
			</report>
			<report>
				<misses>186800001</misses>
				<total>232</total>
				<timestamp>1949.048454</timestamp>
			</report>
			<report>
				<misses>186900001</misses>
				<total>232</total>
				<timestamp>1950.103550</timestamp>
			</report>
			<report>
				<misses>187000001</misses>
				<total>232</total>
				<timestamp>1951.138202</timestamp>
			</report>
			<report>
				<misses>187100001</misses>
				<total>232</total>
				<timestamp>1952.188293</timestamp>
			</report>
			<report>
				<misses>187200001</misses>
				<total>232</total>
				<timestamp>1953.263770</timestamp>
			</report>
			<report>
				<misses>187300001</misses>
				<total>232</total>
				<timestamp>1954.302288</timestamp>
			</report>
			<report>
				<misses>187400001</misses>
				<total>232</total>
				<timestamp>1955.361602</timestamp>
			</report>
			<report>
				<misses>187500001</misses>
				<total>232</total>
				<timestamp>1956.455127</timestamp>
			</report>
			<report>
				<misses>187600001</misses>
				<total>232</total>
				<timestamp>1957.512406</timestamp>
			</report>
			<report>
				<misses>187700001</misses>
				<total>232</total>
				<timestamp>1958.554060</timestamp>
			</report>
			<report>
				<misses>187800001</misses>
				<total>232</total>
				<timestamp>1959.601163</timestamp>
			</report>
			<report>
				<misses>187900001</misses>
				<total>232</total>
				<timestamp>1960.648311</timestamp>
			</report>
			<report>
				<misses>188000001</misses>
				<total>232</total>
				<timestamp>1961.704440</timestamp>
			</report>
			<report>
				<misses>188100001</misses>
				<total>232</total>
				<timestamp>1962.767044</timestamp>
			</report>
			<report>
				<misses>188200001</misses>
				<total>232</total>
				<timestamp>1963.827448</timestamp>
			</report>
			<report>
				<misses>188300001</misses>
				<total>232</total>
				<timestamp>1964.890162</timestamp>
			</report>
			<report>
				<misses>188400001</misses>
				<total>232</total>
				<timestamp>1965.964302</timestamp>
			</report>
			<report>
				<misses>188500001</misses>
				<total>232</total>
				<timestamp>1966.980534</timestamp>
			</report>
			<report>
				<misses>188600001</misses>
				<total>232</total>
				<timestamp>1967.988021</timestamp>
			</report>
			<report>
				<misses>188700001</misses>
				<total>232</total>
				<timestamp>1968.989606</timestamp>
			</report>
			<report>
				<misses>188800001</misses>
				<total>232</total>
				<timestamp>1970.010303</timestamp>
			</report>
			<report>
				<misses>188900001</misses>
				<total>232</total>
				<timestamp>1971.012457</timestamp>
			</report>
			<report>
				<misses>189000001</misses>
				<total>232</total>
				<timestamp>1972.027925</timestamp>
			</report>
			<report>
				<misses>189100001</misses>
				<total>232</total>
				<timestamp>1973.044236</timestamp>
			</report>
			<report>
				<misses>189200001</misses>
				<total>232</total>
				<timestamp>1974.060087</timestamp>
			</report>
			<report>
				<misses>189300001</misses>
				<total>232</total>
				<timestamp>1975.076300</timestamp>
			</report>
			<report>
				<misses>189400001</misses>
				<total>232</total>
				<timestamp>1976.093646</timestamp>
			</report>
			<report>
				<misses>189500001</misses>
				<total>232</total>
				<timestamp>1977.169887</timestamp>
			</report>
			<report>
				<misses>189600001</misses>
				<total>232</total>
				<timestamp>1978.223058</timestamp>
			</report>
			<report>
				<misses>189700001</misses>
				<total>232</total>
				<timestamp>1979.281241</timestamp>
			</report>
			<report>
				<misses>189800001</misses>
				<total>232</total>
				<timestamp>1980.319045</timestamp>
			</report>
			<report>
				<misses>189900001</misses>
				<total>232</total>
				<timestamp>1981.363411</timestamp>
			</report>
			<report>
				<misses>190000001</misses>
				<total>232</total>
				<timestamp>1982.417420</timestamp>
			</report>
			<report>
				<misses>190100001</misses>
				<total>232</total>
				<timestamp>1983.433034</timestamp>
			</report>
			<report>
				<misses>190200001</misses>
				<total>232</total>
				<timestamp>1984.436637</timestamp>
			</report>
			<report>
				<misses>190300001</misses>
				<total>232</total>
				<timestamp>1985.436111</timestamp>
			</report>
			<report>
				<misses>190400001</misses>
				<total>232</total>
				<timestamp>1986.436803</timestamp>
			</report>
			<report>
				<misses>190500001</misses>
				<total>232</total>
				<timestamp>1987.439296</timestamp>
			</report>
			<report>
				<misses>190600001</misses>
				<total>232</total>
				<timestamp>1988.504345</timestamp>
			</report>
			<report>
				<misses>190700001</misses>
				<total>232</total>
				<timestamp>1989.549307</timestamp>
			</report>
			<report>
				<misses>190800001</misses>
				<total>232</total>
				<timestamp>1990.601102</timestamp>
			</report>
			<report>
				<misses>190900001</misses>
				<total>232</total>
				<timestamp>1991.635967</timestamp>
			</report>
			<report>
				<misses>191000001</misses>
				<total>232</total>
				<timestamp>1992.659586</timestamp>
			</report>
			<report>
				<misses>191100001</misses>
				<total>232</total>
				<timestamp>1993.712102</timestamp>
			</report>
			<report>
				<misses>191200001</misses>
				<total>232</total>
				<timestamp>1994.755709</timestamp>
			</report>
			<report>
				<misses>191300001</misses>
				<total>232</total>
				<timestamp>1995.802029</timestamp>
			</report>
			<report>
				<misses>191400001</misses>
				<total>232</total>
				<timestamp>1996.871415</timestamp>
			</report>
			<report>
				<misses>191500001</misses>
				<total>232</total>
				<timestamp>1997.918833</timestamp>
			</report>
			<report>
				<misses>191600001</misses>
				<total>232</total>
				<timestamp>1998.988898</timestamp>
			</report>
			<report>
				<misses>191700001</misses>
				<total>232</total>
				<timestamp>2000.047586</timestamp>
			</report>
			<report>
				<misses>191800001</misses>
				<total>232</total>
				<timestamp>2001.098679</timestamp>
			</report>
			<report>
				<misses>191900001</misses>
				<total>232</total>
				<timestamp>2002.165337</timestamp>
			</report>
			<report>
				<misses>192000001</misses>
				<total>232</total>
				<timestamp>2003.214172</timestamp>
			</report>
			<report>
				<misses>192100001</misses>
				<total>232</total>
				<timestamp>2004.213912</timestamp>
			</report>
			<report>
				<misses>192200001</misses>
				<total>232</total>
				<timestamp>2005.225508</timestamp>
			</report>
			<report>
				<misses>192300001</misses>
				<total>232</total>
				<timestamp>2006.292991</timestamp>
			</report>
			<report>
				<misses>192400001</misses>
				<total>232</total>
				<timestamp>2007.357492</timestamp>
			</report>
			<report>
				<misses>192500001</misses>
				<total>232</total>
				<timestamp>2008.442770</timestamp>
			</report>
			<report>
				<misses>192600001</misses>
				<total>232</total>
				<timestamp>2009.517214</timestamp>
			</report>
			<report>
				<misses>192700001</misses>
				<total>232</total>
				<timestamp>2010.566555</timestamp>
			</report>
			<report>
				<misses>192800001</misses>
				<total>232</total>
				<timestamp>2011.641060</timestamp>
			</report>
			<report>
				<misses>192900001</misses>
				<total>232</total>
				<timestamp>2012.685243</timestamp>
			</report>
			<report>
				<misses>193000001</misses>
				<total>232</total>
				<timestamp>2013.718978</timestamp>
			</report>
			<report>
				<misses>193100001</misses>
				<total>232</total>
				<timestamp>2014.723028</timestamp>
			</report>
			<report>
				<misses>193200001</misses>
				<total>232</total>
				<timestamp>2015.725102</timestamp>
			</report>
			<report>
				<misses>193300001</misses>
				<total>232</total>
				<timestamp>2016.732625</timestamp>
			</report>
			<report>
				<misses>193400001</misses>
				<total>232</total>
				<timestamp>2017.730173</timestamp>
			</report>
			<report>
				<misses>193500001</misses>
				<total>232</total>
				<timestamp>2018.737327</timestamp>
			</report>
			<report>
				<misses>193600001</misses>
				<total>232</total>
				<timestamp>2019.739102</timestamp>
			</report>
			<report>
				<misses>193700001</misses>
				<total>232</total>
				<timestamp>2020.750235</timestamp>
			</report>
			<report>
				<misses>193800001</misses>
				<total>232</total>
				<timestamp>2021.776987</timestamp>
			</report>
			<report>
				<misses>193900001</misses>
				<total>232</total>
				<timestamp>2022.853388</timestamp>
			</report>
			<report>
				<misses>194000001</misses>
				<total>232</total>
				<timestamp>2023.900336</timestamp>
			</report>
			<report>
				<misses>194100001</misses>
				<total>232</total>
				<timestamp>2024.906073</timestamp>
			</report>
			<report>
				<misses>194200001</misses>
				<total>232</total>
				<timestamp>2025.961254</timestamp>
			</report>
			<report>
				<misses>194300001</misses>
				<total>232</total>
				<timestamp>2027.010533</timestamp>
			</report>
			<report>
				<misses>194400001</misses>
				<total>232</total>
				<timestamp>2028.063678</timestamp>
			</report>
			<report>
				<misses>194500001</misses>
				<total>232</total>
				<timestamp>2029.115347</timestamp>
			</report>
			<report>
				<misses>194600001</misses>
				<total>232</total>
				<timestamp>2030.167211</timestamp>
			</report>
			<report>
				<misses>194700001</misses>
				<total>232</total>
				<timestamp>2031.223930</timestamp>
			</report>
			<report>
				<misses>194800001</misses>
				<total>232</total>
				<timestamp>2032.245151</timestamp>
			</report>
			<report>
				<misses>194900001</misses>
				<total>232</total>
				<timestamp>2033.295453</timestamp>
			</report>
			<report>
				<misses>195000001</misses>
				<total>232</total>
				<timestamp>2034.344352</timestamp>
			</report>
			<report>
				<misses>195100001</misses>
				<total>232</total>
				<timestamp>2035.414403</timestamp>
			</report>
			<report>
				<misses>195200001</misses>
				<total>232</total>
				<timestamp>2036.478526</timestamp>
			</report>
			<report>
				<misses>195300001</misses>
				<total>232</total>
				<timestamp>2037.541178</timestamp>
			</report>
			<report>
				<misses>195400001</misses>
				<total>232</total>
				<timestamp>2038.604281</timestamp>
			</report>
			<report>
				<misses>195500001</misses>
				<total>232</total>
				<timestamp>2039.644334</timestamp>
			</report>
			<report>
				<misses>195600001</misses>
				<total>232</total>
				<timestamp>2040.684731</timestamp>
			</report>
			<report>
				<misses>195700001</misses>
				<total>232</total>
				<timestamp>2041.709477</timestamp>
			</report>
			<report>
				<misses>195800001</misses>
				<total>232</total>
				<timestamp>2042.774699</timestamp>
			</report>
			<report>
				<misses>195900001</misses>
				<total>232</total>
				<timestamp>2043.841607</timestamp>
			</report>
			<report>
				<misses>196000001</misses>
				<total>232</total>
				<timestamp>2044.865662</timestamp>
			</report>
			<report>
				<misses>196100001</misses>
				<total>232</total>
				<timestamp>2045.930397</timestamp>
			</report>
			<report>
				<misses>196200001</misses>
				<total>232</total>
				<timestamp>2046.972591</timestamp>
			</report>
			<report>
				<misses>196300001</misses>
				<total>232</total>
				<timestamp>2048.018971</timestamp>
			</report>
			<report>
				<misses>196400001</misses>
				<total>232</total>
				<timestamp>2049.086514</timestamp>
			</report>
			<report>
				<misses>196500001</misses>
				<total>232</total>
				<timestamp>2050.155972</timestamp>
			</report>
			<report>
				<misses>196600001</misses>
				<total>232</total>
				<timestamp>2051.212161</timestamp>
			</report>
			<report>
				<misses>196700001</misses>
				<total>232</total>
				<timestamp>2052.284798</timestamp>
			</report>
			<report>
				<misses>196800001</misses>
				<total>232</total>
				<timestamp>2053.336400</timestamp>
			</report>
			<report>
				<misses>196900001</misses>
				<total>232</total>
				<timestamp>2054.409784</timestamp>
			</report>
			<report>
				<misses>197000001</misses>
				<total>232</total>
				<timestamp>2055.471350</timestamp>
			</report>
			<report>
				<misses>197100001</misses>
				<total>232</total>
				<timestamp>2056.542103</timestamp>
			</report>
			<report>
				<misses>197200001</misses>
				<total>232</total>
				<timestamp>2057.602543</timestamp>
			</report>
			<report>
				<misses>197300001</misses>
				<total>232</total>
				<timestamp>2058.661823</timestamp>
			</report>
			<report>
				<misses>197400001</misses>
				<total>232</total>
				<timestamp>2059.722682</timestamp>
			</report>
			<report>
				<misses>197500001</misses>
				<total>232</total>
				<timestamp>2060.745544</timestamp>
			</report>
			<report>
				<misses>197600001</misses>
				<total>232</total>
				<timestamp>2061.794504</timestamp>
			</report>
			<report>
				<misses>197700001</misses>
				<total>232</total>
				<timestamp>2062.848493</timestamp>
			</report>
			<report>
				<misses>197800001</misses>
				<total>232</total>
				<timestamp>2063.903732</timestamp>
			</report>
			<report>
				<misses>197900001</misses>
				<total>232</total>
				<timestamp>2064.982064</timestamp>
			</report>
			<report>
				<misses>198000001</misses>
				<total>232</total>
				<timestamp>2066.053067</timestamp>
			</report>
			<report>
				<misses>198100001</misses>
				<total>232</total>
				<timestamp>2067.101288</timestamp>
			</report>
			<report>
				<misses>198200001</misses>
				<total>232</total>
				<timestamp>2068.156318</timestamp>
			</report>
			<report>
				<misses>198300001</misses>
				<total>232</total>
				<timestamp>2069.212081</timestamp>
			</report>
			<report>
				<misses>198400001</misses>
				<total>232</total>
				<timestamp>2070.291505</timestamp>
			</report>
			<report>
				<misses>198500001</misses>
				<total>232</total>
				<timestamp>2071.340176</timestamp>
			</report>
			<report>
				<misses>198600001</misses>
				<total>232</total>
				<timestamp>2072.421180</timestamp>
			</report>
			<report>
				<misses>198700001</misses>
				<total>232</total>
				<timestamp>2073.490157</timestamp>
			</report>
			<report>
				<misses>198800001</misses>
				<total>232</total>
				<timestamp>2074.537830</timestamp>
			</report>
			<report>
				<misses>198900001</misses>
				<total>232</total>
				<timestamp>2075.547551</timestamp>
			</report>
			<report>
				<misses>199000001</misses>
				<total>232</total>
				<timestamp>2076.586160</timestamp>
			</report>
			<report>
				<misses>199100001</misses>
				<total>232</total>
				<timestamp>2077.639622</timestamp>
			</report>
			<report>
				<misses>199200001</misses>
				<total>232</total>
				<timestamp>2078.695543</timestamp>
			</report>
			<report>
				<misses>199300001</misses>
				<total>232</total>
				<timestamp>2079.751415</timestamp>
			</report>
			<report>
				<misses>199400001</misses>
				<total>232</total>
				<timestamp>2080.808176</timestamp>
			</report>
			<report>
				<misses>199500001</misses>
				<total>232</total>
				<timestamp>2081.861307</timestamp>
			</report>
			<report>
				<misses>199600001</misses>
				<total>232</total>
				<timestamp>2082.919432</timestamp>
			</report>
			<report>
				<misses>199700001</misses>
				<total>232</total>
				<timestamp>2083.981689</timestamp>
			</report>
			<report>
				<misses>199800001</misses>
				<total>232</total>
				<timestamp>2085.040322</timestamp>
			</report>
			<report>
				<misses>199900001</misses>
				<total>232</total>
				<timestamp>2086.115435</timestamp>
			</report>
			<report>
				<misses>200000001</misses>
				<total>232</total>
				<timestamp>2087.164066</timestamp>
			</report>
			<report>
				<misses>200100001</misses>
				<total>232</total>
				<timestamp>2088.214796</timestamp>
			</report>
			<report>
				<misses>200200001</misses>
				<total>232</total>
				<timestamp>2089.221161</timestamp>
			</report>
			<report>
				<misses>200300001</misses>
				<total>232</total>
				<timestamp>2090.268116</timestamp>
			</report>
			<report>
				<misses>200400001</misses>
				<total>232</total>
				<timestamp>2091.313001</timestamp>
			</report>
			<report>
				<misses>200500001</misses>
				<total>232</total>
				<timestamp>2092.380163</timestamp>
			</report>
			<report>
				<misses>200600001</misses>
				<total>232</total>
				<timestamp>2093.441176</timestamp>
			</report>
			<report>
				<misses>200700001</misses>
				<total>232</total>
				<timestamp>2094.494464</timestamp>
			</report>
			<report>
				<misses>200800001</misses>
				<total>232</total>
				<timestamp>2095.565481</timestamp>
			</report>
			<report>
				<misses>200900001</misses>
				<total>232</total>
				<timestamp>2096.616969</timestamp>
			</report>
			<report>
				<misses>201000001</misses>
				<total>232</total>
				<timestamp>2097.679026</timestamp>
			</report>
			<report>
				<misses>201100001</misses>
				<total>232</total>
				<timestamp>2098.752698</timestamp>
			</report>
			<report>
				<misses>201200001</misses>
				<total>232</total>
				<timestamp>2099.820234</timestamp>
			</report>
			<report>
				<misses>201300001</misses>
				<total>232</total>
				<timestamp>2100.872282</timestamp>
			</report>
			<report>
				<misses>201400001</misses>
				<total>232</total>
				<timestamp>2101.914591</timestamp>
			</report>
			<report>
				<misses>201500001</misses>
				<total>232</total>
				<timestamp>2102.985204</timestamp>
			</report>
			<report>
				<misses>201600001</misses>
				<total>232</total>
				<timestamp>2104.018919</timestamp>
			</report>
			<report>
				<misses>201700001</misses>
				<total>232</total>
				<timestamp>2105.089360</timestamp>
			</report>
			<report>
				<misses>201800001</misses>
				<total>232</total>
				<timestamp>2106.118729</timestamp>
			</report>
			<report>
				<misses>201900001</misses>
				<total>232</total>
				<timestamp>2107.171641</timestamp>
			</report>
			<report>
				<misses>202000001</misses>
				<total>232</total>
				<timestamp>2108.215138</timestamp>
			</report>
			<report>
				<misses>202100001</misses>
				<total>232</total>
				<timestamp>2109.263965</timestamp>
			</report>
			<report>
				<misses>202200001</misses>
				<total>232</total>
				<timestamp>2110.314159</timestamp>
			</report>
			<report>
				<misses>202300001</misses>
				<total>232</total>
				<timestamp>2111.379423</timestamp>
			</report>
			<report>
				<misses>202400001</misses>
				<total>232</total>
				<timestamp>2112.434448</timestamp>
			</report>
			<report>
				<misses>202500001</misses>
				<total>232</total>
				<timestamp>2113.507800</timestamp>
			</report>
			<report>
				<misses>202600001</misses>
				<total>232</total>
				<timestamp>2114.577133</timestamp>
			</report>
			<report>
				<misses>202700001</misses>
				<total>232</total>
				<timestamp>2115.646736</timestamp>
			</report>
			<report>
				<misses>202800001</misses>
				<total>232</total>
				<timestamp>2116.705121</timestamp>
			</report>
			<report>
				<misses>202900001</misses>
				<total>232</total>
				<timestamp>2117.773174</timestamp>
			</report>
			<report>
				<misses>203000001</misses>
				<total>232</total>
				<timestamp>2118.839931</timestamp>
			</report>
			<report>
				<misses>203100001</misses>
				<total>232</total>
				<timestamp>2119.860055</timestamp>
			</report>
			<report>
				<misses>203200001</misses>
				<total>232</total>
				<timestamp>2120.893049</timestamp>
			</report>
			<report>
				<misses>203300001</misses>
				<total>232</total>
				<timestamp>2121.909451</timestamp>
			</report>
			<report>
				<misses>203400001</misses>
				<total>232</total>
				<timestamp>2122.927799</timestamp>
			</report>
			<report>
				<misses>203500001</misses>
				<total>232</total>
				<timestamp>2123.941507</timestamp>
			</report>
			<report>
				<misses>203600001</misses>
				<total>232</total>
				<timestamp>2124.968535</timestamp>
			</report>
			<report>
				<misses>203700001</misses>
				<total>232</total>
				<timestamp>2126.038646</timestamp>
			</report>
			<report>
				<misses>203800001</misses>
				<total>232</total>
				<timestamp>2127.101928</timestamp>
			</report>
			<report>
				<misses>203900001</misses>
				<total>232</total>
				<timestamp>2128.164741</timestamp>
			</report>
			<report>
				<misses>204000001</misses>
				<total>232</total>
				<timestamp>2129.223227</timestamp>
			</report>
			<report>
				<misses>204100001</misses>
				<total>232</total>
				<timestamp>2130.256069</timestamp>
			</report>
			<report>
				<misses>204200001</misses>
				<total>232</total>
				<timestamp>2131.251414</timestamp>
			</report>
			<report>
				<misses>204300001</misses>
				<total>232</total>
				<timestamp>2132.307470</timestamp>
			</report>
			<report>
				<misses>204400001</misses>
				<total>232</total>
				<timestamp>2133.319782</timestamp>
			</report>
			<report>
				<misses>204500001</misses>
				<total>232</total>
				<timestamp>2134.330858</timestamp>
			</report>
			<report>
				<misses>204600001</misses>
				<total>232</total>
				<timestamp>2135.341757</timestamp>
			</report>
			<report>
				<misses>204700001</misses>
				<total>232</total>
				<timestamp>2136.350081</timestamp>
			</report>
			<report>
				<misses>204800001</misses>
				<total>232</total>
				<timestamp>2137.362258</timestamp>
			</report>
			<report>
				<misses>204900001</misses>
				<total>232</total>
				<timestamp>2138.402761</timestamp>
			</report>
			<report>
				<misses>205000001</misses>
				<total>232</total>
				<timestamp>2139.462367</timestamp>
			</report>
			<report>
				<misses>205100001</misses>
				<total>232</total>
				<timestamp>2140.531983</timestamp>
			</report>
			<report>
				<misses>205200001</misses>
				<total>232</total>
				<timestamp>2141.611394</timestamp>
			</report>
			<report>
				<misses>205300001</misses>
				<total>232</total>
				<timestamp>2142.677641</timestamp>
			</report>
			<report>
				<misses>205400001</misses>
				<total>232</total>
				<timestamp>2143.757172</timestamp>
			</report>
			<report>
				<misses>205500001</misses>
				<total>232</total>
				<timestamp>2144.831214</timestamp>
			</report>
			<report>
				<misses>205600001</misses>
				<total>232</total>
				<timestamp>2145.914247</timestamp>
			</report>
			<report>
				<misses>205700001</misses>
				<total>232</total>
				<timestamp>2146.988780</timestamp>
			</report>
			<report>
				<misses>205800001</misses>
				<total>232</total>
				<timestamp>2148.057909</timestamp>
			</report>
			<report>
				<misses>205900001</misses>
				<total>232</total>
				<timestamp>2149.124464</timestamp>
			</report>
			<report>
				<misses>206000001</misses>
				<total>232</total>
				<timestamp>2150.190093</timestamp>
			</report>
			<report>
				<misses>206100001</misses>
				<total>232</total>
				<timestamp>2151.256008</timestamp>
			</report>
			<report>
				<misses>206200001</misses>
				<total>232</total>
				<timestamp>2152.350197</timestamp>
			</report>
			<report>
				<misses>206300001</misses>
				<total>232</total>
				<timestamp>2153.415733</timestamp>
			</report>
			<report>
				<misses>206400001</misses>
				<total>232</total>
				<timestamp>2154.483136</timestamp>
			</report>
			<report>
				<misses>206500001</misses>
				<total>232</total>
				<timestamp>2155.550034</timestamp>
			</report>
			<report>
				<misses>206600001</misses>
				<total>232</total>
				<timestamp>2156.612341</timestamp>
			</report>
			<report>
				<misses>206700001</misses>
				<total>232</total>
				<timestamp>2157.693828</timestamp>
			</report>
			<report>
				<misses>206800001</misses>
				<total>232</total>
				<timestamp>2158.755638</timestamp>
			</report>
			<report>
				<misses>206900001</misses>
				<total>232</total>
				<timestamp>2159.817652</timestamp>
			</report>
			<report>
				<misses>207000001</misses>
				<total>232</total>
				<timestamp>2160.879742</timestamp>
			</report>
			<report>
				<misses>207100001</misses>
				<total>232</total>
				<timestamp>2161.952313</timestamp>
			</report>
			<report>
				<misses>207200001</misses>
				<total>232</total>
				<timestamp>2163.025591</timestamp>
			</report>
			<report>
				<misses>207300001</misses>
				<total>232</total>
				<timestamp>2164.109727</timestamp>
			</report>
			<report>
				<misses>207400001</misses>
				<total>232</total>
				<timestamp>2165.139194</timestamp>
			</report>
			<report>
				<misses>207500001</misses>
				<total>232</total>
				<timestamp>2166.146880</timestamp>
			</report>
			<report>
				<misses>207600001</misses>
				<total>232</total>
				<timestamp>2167.164281</timestamp>
			</report>
			<report>
				<misses>207700001</misses>
				<total>232</total>
				<timestamp>2168.179999</timestamp>
			</report>
			<report>
				<misses>207800001</misses>
				<total>232</total>
				<timestamp>2169.196893</timestamp>
			</report>
			<report>
				<misses>207900001</misses>
				<total>232</total>
				<timestamp>2170.213231</timestamp>
			</report>
			<report>
				<misses>208000001</misses>
				<total>232</total>
				<timestamp>2171.234255</timestamp>
			</report>
			<report>
				<misses>208100001</misses>
				<total>232</total>
				<timestamp>2172.252236</timestamp>
			</report>
			<report>
				<misses>208200001</misses>
				<total>232</total>
				<timestamp>2173.261056</timestamp>
			</report>
			<report>
				<misses>208300001</misses>
				<total>232</total>
				<timestamp>2174.269634</timestamp>
			</report>
			<report>
				<misses>208400001</misses>
				<total>232</total>
				<timestamp>2175.267003</timestamp>
			</report>
			<report>
				<misses>208500001</misses>
				<total>232</total>
				<timestamp>2176.269878</timestamp>
			</report>
			<report>
				<misses>208600001</misses>
				<total>232</total>
				<timestamp>2177.289696</timestamp>
			</report>
			<report>
				<misses>208700001</misses>
				<total>232</total>
				<timestamp>2178.302828</timestamp>
			</report>
			<report>
				<misses>208800001</misses>
				<total>232</total>
				<timestamp>2179.335481</timestamp>
			</report>
			<report>
				<misses>208900001</misses>
				<total>232</total>
				<timestamp>2180.428302</timestamp>
			</report>
			<report>
				<misses>209000001</misses>
				<total>232</total>
				<timestamp>2181.482943</timestamp>
			</report>
			<report>
				<misses>209100001</misses>
				<total>232</total>
				<timestamp>2182.565705</timestamp>
			</report>
			<report>
				<misses>209200001</misses>
				<total>232</total>
				<timestamp>2183.590819</timestamp>
			</report>
			<report>
				<misses>209300001</misses>
				<total>232</total>
				<timestamp>2184.599696</timestamp>
			</report>
			<report>
				<misses>209400001</misses>
				<total>232</total>
				<timestamp>2185.610580</timestamp>
			</report>
			<report>
				<misses>209500001</misses>
				<total>232</total>
				<timestamp>2186.610061</timestamp>
			</report>
			<report>
				<misses>209600001</misses>
				<total>232</total>
				<timestamp>2187.607828</timestamp>
			</report>
			<report>
				<misses>209700001</misses>
				<total>232</total>
				<timestamp>2188.600917</timestamp>
			</report>
			<report>
				<misses>209800001</misses>
				<total>232</total>
				<timestamp>2189.637875</timestamp>
			</report>
			<report>
				<misses>209900001</misses>
				<total>232</total>
				<timestamp>2190.712389</timestamp>
			</report>
			<report>
				<misses>210000001</misses>
				<total>232</total>
				<timestamp>2191.741867</timestamp>
			</report>
			<report>
				<misses>210100001</misses>
				<total>232</total>
				<timestamp>2192.736296</timestamp>
			</report>
			<report>
				<misses>210200001</misses>
				<total>232</total>
				<timestamp>2193.737469</timestamp>
			</report>
			<report>
				<misses>210300001</misses>
				<total>232</total>
				<timestamp>2194.732686</timestamp>
			</report>
			<report>
				<misses>210400001</misses>
				<total>232</total>
				<timestamp>2195.731659</timestamp>
			</report>
			<report>
				<misses>210500001</misses>
				<total>232</total>
				<timestamp>2196.721990</timestamp>
			</report>
			<report>
				<misses>210600001</misses>
				<total>232</total>
				<timestamp>2197.727481</timestamp>
			</report>
			<report>
				<misses>210700001</misses>
				<total>232</total>
				<timestamp>2198.724517</timestamp>
			</report>
			<report>
				<misses>210800001</misses>
				<total>232</total>
				<timestamp>2199.771785</timestamp>
			</report>
			<report>
				<misses>210900001</misses>
				<total>232</total>
				<timestamp>2200.834283</timestamp>
			</report>
			<report>
				<misses>211000001</misses>
				<total>232</total>
				<timestamp>2201.880815</timestamp>
			</report>
			<report>
				<misses>211100001</misses>
				<total>232</total>
				<timestamp>2202.927829</timestamp>
			</report>
			<report>
				<misses>211200001</misses>
				<total>232</total>
				<timestamp>2204.014992</timestamp>
			</report>
			<report>
				<misses>211300001</misses>
				<total>232</total>
				<timestamp>2205.093787</timestamp>
			</report>
			<report>
				<misses>211400001</misses>
				<total>232</total>
				<timestamp>2206.165165</timestamp>
			</report>
			<report>
				<misses>211500001</misses>
				<total>232</total>
				<timestamp>2207.273525</timestamp>
			</report>
			<report>
				<misses>211600001</misses>
				<total>232</total>
				<timestamp>2208.344899</timestamp>
			</report>
			<report>
				<misses>211700001</misses>
				<total>232</total>
				<timestamp>2209.424028</timestamp>
			</report>
			<report>
				<misses>211800001</misses>
				<total>232</total>
				<timestamp>2210.506464</timestamp>
			</report>
			<report>
				<misses>211900001</misses>
				<total>232</total>
				<timestamp>2211.581420</timestamp>
			</report>
			<report>
				<misses>212000001</misses>
				<total>232</total>
				<timestamp>2212.666566</timestamp>
			</report>
			<report>
				<misses>212100001</misses>
				<total>232</total>
				<timestamp>2213.769656</timestamp>
			</report>
			<report>
				<misses>212200001</misses>
				<total>232</total>
				<timestamp>2214.844233</timestamp>
			</report>
			<report>
				<misses>212300001</misses>
				<total>232</total>
				<timestamp>2215.916617</timestamp>
			</report>
			<report>
				<misses>212400001</misses>
				<total>232</total>
				<timestamp>2216.992007</timestamp>
			</report>
			<report>
				<misses>212500001</misses>
				<total>232</total>
				<timestamp>2218.086638</timestamp>
			</report>
			<report>
				<misses>212600001</misses>
				<total>232</total>
				<timestamp>2219.176796</timestamp>
			</report>
			<report>
				<misses>212700001</misses>
				<total>232</total>
				<timestamp>2220.289525</timestamp>
			</report>
			<report>
				<misses>212800001</misses>
				<total>232</total>
				<timestamp>2221.358414</timestamp>
			</report>
			<report>
				<misses>212900001</misses>
				<total>232</total>
				<timestamp>2222.401362</timestamp>
			</report>
			<report>
				<misses>213000001</misses>
				<total>232</total>
				<timestamp>2223.395179</timestamp>
			</report>
			<report>
				<misses>213100001</misses>
				<total>232</total>
				<timestamp>2224.378348</timestamp>
			</report>
			<report>
				<misses>213200001</misses>
				<total>232</total>
				<timestamp>2225.365376</timestamp>
			</report>
			<report>
				<misses>213300001</misses>
				<total>232</total>
				<timestamp>2226.395304</timestamp>
			</report>
			<report>
				<misses>213400001</misses>
				<total>232</total>
				<timestamp>2227.454713</timestamp>
			</report>
			<report>
				<misses>213500001</misses>
				<total>232</total>
				<timestamp>2228.513932</timestamp>
			</report>
			<report>
				<misses>213600001</misses>
				<total>232</total>
				<timestamp>2229.567036</timestamp>
			</report>
			<report>
				<misses>213700001</misses>
				<total>232</total>
				<timestamp>2230.632852</timestamp>
			</report>
			<report>
				<misses>213800001</misses>
				<total>232</total>
				<timestamp>2231.699811</timestamp>
			</report>
			<report>
				<misses>213900001</misses>
				<total>232</total>
				<timestamp>2232.755767</timestamp>
			</report>
			<report>
				<misses>214000001</misses>
				<total>232</total>
				<timestamp>2233.826865</timestamp>
			</report>
			<report>
				<misses>214100001</misses>
				<total>232</total>
				<timestamp>2234.895561</timestamp>
			</report>
			<report>
				<misses>214200001</misses>
				<total>232</total>
				<timestamp>2235.940536</timestamp>
			</report>
			<report>
				<misses>214300001</misses>
				<total>232</total>
				<timestamp>2236.942650</timestamp>
			</report>
			<report>
				<misses>214400001</misses>
				<total>232</total>
				<timestamp>2237.947940</timestamp>
			</report>
			<report>
				<misses>214500001</misses>
				<total>232</total>
				<timestamp>2238.952127</timestamp>
			</report>
			<report>
				<misses>214600001</misses>
				<total>232</total>
				<timestamp>2239.959081</timestamp>
			</report>
			<report>
				<misses>214700001</misses>
				<total>232</total>
				<timestamp>2240.961977</timestamp>
			</report>
			<report>
				<misses>214800001</misses>
				<total>232</total>
				<timestamp>2241.958707</timestamp>
			</report>
			<report>
				<misses>214900001</misses>
				<total>232</total>
				<timestamp>2242.957063</timestamp>
			</report>
			<report>
				<misses>215000001</misses>
				<total>232</total>
				<timestamp>2243.953299</timestamp>
			</report>
			<report>
				<misses>215100001</misses>
				<total>232</total>
				<timestamp>2244.957898</timestamp>
			</report>
			<report>
				<misses>215200001</misses>
				<total>232</total>
				<timestamp>2245.973874</timestamp>
			</report>
			<report>
				<misses>215300001</misses>
				<total>232</total>
				<timestamp>2247.017932</timestamp>
			</report>
			<report>
				<misses>215400001</misses>
				<total>232</total>
				<timestamp>2248.073050</timestamp>
			</report>
			<report>
				<misses>215500001</misses>
				<total>232</total>
				<timestamp>2249.133636</timestamp>
			</report>
			<report>
				<misses>215600001</misses>
				<total>232</total>
				<timestamp>2250.143045</timestamp>
			</report>
			<report>
				<misses>215700001</misses>
				<total>232</total>
				<timestamp>2251.143290</timestamp>
			</report>
			<report>
				<misses>215800001</misses>
				<total>232</total>
				<timestamp>2252.143954</timestamp>
			</report>
			<report>
				<misses>215900001</misses>
				<total>232</total>
				<timestamp>2253.138128</timestamp>
			</report>
			<report>
				<misses>216000001</misses>
				<total>232</total>
				<timestamp>2254.140430</timestamp>
			</report>
			<report>
				<misses>216100001</misses>
				<total>232</total>
				<timestamp>2255.166700</timestamp>
			</report>
			<report>
				<misses>216200001</misses>
				<total>232</total>
				<timestamp>2256.220180</timestamp>
			</report>
			<report>
				<misses>216300001</misses>
				<total>232</total>
				<timestamp>2257.277911</timestamp>
			</report>
			<report>
				<misses>216400001</misses>
				<total>232</total>
				<timestamp>2258.328156</timestamp>
			</report>
			<report>
				<misses>216500001</misses>
				<total>232</total>
				<timestamp>2259.395047</timestamp>
			</report>
			<report>
				<misses>216600001</misses>
				<total>232</total>
				<timestamp>2260.468557</timestamp>
			</report>
			<report>
				<misses>216700001</misses>
				<total>232</total>
				<timestamp>2261.505482</timestamp>
			</report>
			<report>
				<misses>216800001</misses>
				<total>232</total>
				<timestamp>2262.502902</timestamp>
			</report>
			<report>
				<misses>216900001</misses>
				<total>232</total>
				<timestamp>2263.500894</timestamp>
			</report>
			<report>
				<misses>217000001</misses>
				<total>232</total>
				<timestamp>2264.507852</timestamp>
			</report>
			<report>
				<misses>217100001</misses>
				<total>232</total>
				<timestamp>2265.508831</timestamp>
			</report>
			<report>
				<misses>217200001</misses>
				<total>232</total>
				<timestamp>2266.537386</timestamp>
			</report>
			<report>
				<misses>217300001</misses>
				<total>232</total>
				<timestamp>2267.597950</timestamp>
			</report>
			<report>
				<misses>217400001</misses>
				<total>232</total>
				<timestamp>2268.648273</timestamp>
			</report>
			<report>
				<misses>217500001</misses>
				<total>232</total>
				<timestamp>2269.730296</timestamp>
			</report>
			<report>
				<misses>217600001</misses>
				<total>232</total>
				<timestamp>2270.794642</timestamp>
			</report>
			<report>
				<misses>217700001</misses>
				<total>232</total>
				<timestamp>2271.878898</timestamp>
			</report>
			<report>
				<misses>217800001</misses>
				<total>232</total>
				<timestamp>2272.920542</timestamp>
			</report>
			<report>
				<misses>217900001</misses>
				<total>232</total>
				<timestamp>2273.995712</timestamp>
			</report>
			<report>
				<misses>218000001</misses>
				<total>232</total>
				<timestamp>2275.048050</timestamp>
			</report>
			<report>
				<misses>218100001</misses>
				<total>232</total>
				<timestamp>2276.105175</timestamp>
			</report>
			<report>
				<misses>218200001</misses>
				<total>232</total>
				<timestamp>2277.171749</timestamp>
			</report>
			<report>
				<misses>218300001</misses>
				<total>232</total>
				<timestamp>2278.247330</timestamp>
			</report>
			<report>
				<misses>218400001</misses>
				<total>232</total>
				<timestamp>2279.299231</timestamp>
			</report>
			<report>
				<misses>218500001</misses>
				<total>232</total>
				<timestamp>2280.361204</timestamp>
			</report>
			<report>
				<misses>218600001</misses>
				<total>232</total>
				<timestamp>2281.424726</timestamp>
			</report>
			<report>
				<misses>218700001</misses>
				<total>232</total>
				<timestamp>2282.468008</timestamp>
			</report>
			<report>
				<misses>218800001</misses>
				<total>232</total>
				<timestamp>2283.534167</timestamp>
			</report>
			<report>
				<misses>218900001</misses>
				<total>232</total>
				<timestamp>2284.599856</timestamp>
			</report>
			<report>
				<misses>219000001</misses>
				<total>232</total>
				<timestamp>2285.683442</timestamp>
			</report>
			<report>
				<misses>219100001</misses>
				<total>232</total>
				<timestamp>2286.740496</timestamp>
			</report>
			<report>
				<misses>219200001</misses>
				<total>232</total>
				<timestamp>2287.820540</timestamp>
			</report>
			<report>
				<misses>219300001</misses>
				<total>232</total>
				<timestamp>2288.884111</timestamp>
			</report>
			<report>
				<misses>219400001</misses>
				<total>232</total>
				<timestamp>2289.960752</timestamp>
			</report>
			<report>
				<misses>219500001</misses>
				<total>232</total>
				<timestamp>2291.028618</timestamp>
			</report>
			<report>
				<misses>219600001</misses>
				<total>244</total>
				<timestamp>2292.088279</timestamp>
			</report>
			<report>
				<misses>219700001</misses>
				<total>244</total>
				<timestamp>2293.150791</timestamp>
			</report>
			<report>
				<misses>219800001</misses>
				<total>244</total>
				<timestamp>2294.189162</timestamp>
			</report>
			<report>
				<misses>219900001</misses>
				<total>244</total>
				<timestamp>2295.197160</timestamp>
			</report>
			<report>
				<misses>220000001</misses>
				<total>244</total>
				<timestamp>2296.196139</timestamp>
			</report>
			<report>
				<misses>220100001</misses>
				<total>255</total>
				<timestamp>2297.205759</timestamp>
			</report>
			<report>
				<misses>220200001</misses>
				<total>255</total>
				<timestamp>2298.218577</timestamp>
			</report>
			<report>
				<misses>220300001</misses>
				<total>255</total>
				<timestamp>2299.222759</timestamp>
			</report>
			<report>
				<misses>220400001</misses>
				<total>255</total>
				<timestamp>2300.241147</timestamp>
			</report>
			<report>
				<misses>220500001</misses>
				<total>255</total>
				<timestamp>2301.256704</timestamp>
			</report>
			<report>
				<misses>220600001</misses>
				<total>255</total>
				<timestamp>2302.268873</timestamp>
			</report>
			<report>
				<misses>220700001</misses>
				<total>255</total>
				<timestamp>2303.289313</timestamp>
			</report>
			<report>
				<misses>220800001</misses>
				<total>255</total>
				<timestamp>2304.320737</timestamp>
			</report>
			<report>
				<misses>220900001</misses>
				<total>255</total>
				<timestamp>2305.329166</timestamp>
			</report>
			<report>
				<misses>221000001</misses>
				<total>255</total>
				<timestamp>2306.322652</timestamp>
			</report>
			<report>
				<misses>221100001</misses>
				<total>255</total>
				<timestamp>2307.318742</timestamp>
			</report>
			<report>
				<misses>221200001</misses>
				<total>255</total>
				<timestamp>2308.305429</timestamp>
			</report>
			<report>
				<misses>221300001</misses>
				<total>255</total>
				<timestamp>2309.301962</timestamp>
			</report>
			<report>
				<misses>221400001</misses>
				<total>255</total>
				<timestamp>2310.294429</timestamp>
			</report>
			<report>
				<misses>221500001</misses>
				<total>255</total>
				<timestamp>2311.289023</timestamp>
			</report>
			<report>
				<misses>221600001</misses>
				<total>255</total>
				<timestamp>2312.310527</timestamp>
			</report>
			<report>
				<misses>221700001</misses>
				<total>255</total>
				<timestamp>2313.333017</timestamp>
			</report>
			<report>
				<misses>221800001</misses>
				<total>255</total>
				<timestamp>2314.351939</timestamp>
			</report>
			<report>
				<misses>221900001</misses>
				<total>255</total>
				<timestamp>2315.375835</timestamp>
			</report>
			<report>
				<misses>222000001</misses>
				<total>255</total>
				<timestamp>2316.421251</timestamp>
			</report>
			<report>
				<misses>222100001</misses>
				<total>255</total>
				<timestamp>2317.488464</timestamp>
			</report>
			<report>
				<misses>222200001</misses>
				<total>255</total>
				<timestamp>2318.567096</timestamp>
			</report>
			<report>
				<misses>222300001</misses>
				<total>255</total>
				<timestamp>2319.653486</timestamp>
			</report>
			<report>
				<misses>222400001</misses>
				<total>255</total>
				<timestamp>2320.688260</timestamp>
			</report>
			<report>
				<misses>222500001</misses>
				<total>255</total>
				<timestamp>2321.688551</timestamp>
			</report>
			<report>
				<misses>222600001</misses>
				<total>255</total>
				<timestamp>2322.699967</timestamp>
			</report>
			<report>
				<misses>222700001</misses>
				<total>255</total>
				<timestamp>2323.696485</timestamp>
			</report>
			<report>
				<misses>222800001</misses>
				<total>255</total>
				<timestamp>2324.739437</timestamp>
			</report>
			<report>
				<misses>222900001</misses>
				<total>255</total>
				<timestamp>2325.775234</timestamp>
			</report>
			<report>
				<misses>223000001</misses>
				<total>255</total>
				<timestamp>2326.770773</timestamp>
			</report>
			<report>
				<misses>223100001</misses>
				<total>255</total>
				<timestamp>2327.781538</timestamp>
			</report>
			<report>
				<misses>223200001</misses>
				<total>255</total>
				<timestamp>2328.774369</timestamp>
			</report>
			<report>
				<misses>223300001</misses>
				<total>255</total>
				<timestamp>2329.770500</timestamp>
			</report>
			<report>
				<misses>223400001</misses>
				<total>255</total>
				<timestamp>2330.777840</timestamp>
			</report>
			<report>
				<misses>223500001</misses>
				<total>255</total>
				<timestamp>2331.842351</timestamp>
			</report>
			<report>
				<misses>223600001</misses>
				<total>255</total>
				<timestamp>2332.913305</timestamp>
			</report>
			<report>
				<misses>223700001</misses>
				<total>255</total>
				<timestamp>2333.978398</timestamp>
			</report>
			<report>
				<misses>223800001</misses>
				<total>255</total>
				<timestamp>2335.045359</timestamp>
			</report>
			<report>
				<misses>223900001</misses>
				<total>255</total>
				<timestamp>2336.110499</timestamp>
			</report>
			<report>
				<misses>224000001</misses>
				<total>255</total>
				<timestamp>2337.156009</timestamp>
			</report>
			<report>
				<misses>224100001</misses>
				<total>255</total>
				<timestamp>2338.195540</timestamp>
			</report>
			<report>
				<misses>224200001</misses>
				<total>255</total>
				<timestamp>2339.236507</timestamp>
			</report>
			<report>
				<misses>224300001</misses>
				<total>255</total>
				<timestamp>2340.287924</timestamp>
			</report>
			<report>
				<misses>224400001</misses>
				<total>255</total>
				<timestamp>2341.355459</timestamp>
			</report>
			<report>
				<misses>224500001</misses>
				<total>255</total>
				<timestamp>2342.424792</timestamp>
			</report>
			<report>
				<misses>224600001</misses>
				<total>255</total>
				<timestamp>2343.479975</timestamp>
			</report>
			<report>
				<misses>224700001</misses>
				<total>255</total>
				<timestamp>2344.541684</timestamp>
			</report>
			<report>
				<misses>224800001</misses>
				<total>255</total>
				<timestamp>2345.598900</timestamp>
			</report>
			<report>
				<misses>224900001</misses>
				<total>255</total>
				<timestamp>2346.654174</timestamp>
			</report>
			<report>
				<misses>225000001</misses>
				<total>255</total>
				<timestamp>2347.678235</timestamp>
			</report>
			<report>
				<misses>225100001</misses>
				<total>255</total>
				<timestamp>2348.678751</timestamp>
			</report>
			<report>
				<misses>225200001</misses>
				<total>255</total>
				<timestamp>2349.740103</timestamp>
			</report>
			<report>
				<misses>225300001</misses>
				<total>255</total>
				<timestamp>2350.789901</timestamp>
			</report>
			<report>
				<misses>225400001</misses>
				<total>255</total>
				<timestamp>2351.811514</timestamp>
			</report>
			<report>
				<misses>225500001</misses>
				<total>255</total>
				<timestamp>2352.816862</timestamp>
			</report>
			<report>
				<misses>225600001</misses>
				<total>255</total>
				<timestamp>2353.812724</timestamp>
			</report>
			<report>
				<misses>225700001</misses>
				<total>255</total>
				<timestamp>2354.820396</timestamp>
			</report>
			<report>
				<misses>225800001</misses>
				<total>255</total>
				<timestamp>2355.817337</timestamp>
			</report>
			<report>
				<misses>225900001</misses>
				<total>255</total>
				<timestamp>2356.817157</timestamp>
			</report>
			<report>
				<misses>226000001</misses>
				<total>255</total>
				<timestamp>2357.882685</timestamp>
			</report>
			<report>
				<misses>226100001</misses>
				<total>255</total>
				<timestamp>2358.941670</timestamp>
			</report>
			<report>
				<misses>226200001</misses>
				<total>255</total>
				<timestamp>2359.987198</timestamp>
			</report>
			<report>
				<misses>226300001</misses>
				<total>255</total>
				<timestamp>2361.058328</timestamp>
			</report>
			<report>
				<misses>226400001</misses>
				<total>255</total>
				<timestamp>2362.116761</timestamp>
			</report>
			<report>
				<misses>226500001</misses>
				<total>255</total>
				<timestamp>2363.171229</timestamp>
			</report>
			<report>
				<misses>226600001</misses>
				<total>255</total>
				<timestamp>2364.249863</timestamp>
			</report>
			<report>
				<misses>226700001</misses>
				<total>255</total>
				<timestamp>2365.317207</timestamp>
			</report>
			<report>
				<misses>226800001</misses>
				<total>255</total>
				<timestamp>2366.366005</timestamp>
			</report>
			<report>
				<misses>226900001</misses>
				<total>255</total>
				<timestamp>2367.427683</timestamp>
			</report>
			<report>
				<misses>227000001</misses>
				<total>255</total>
				<timestamp>2368.438012</timestamp>
			</report>
			<report>
				<misses>227100001</misses>
				<total>255</total>
				<timestamp>2369.486444</timestamp>
			</report>
			<report>
				<misses>227200001</misses>
				<total>255</total>
				<timestamp>2370.539524</timestamp>
			</report>
			<report>
				<misses>227300001</misses>
				<total>255</total>
				<timestamp>2371.597585</timestamp>
			</report>
			<report>
				<misses>227400001</misses>
				<total>255</total>
				<timestamp>2372.662739</timestamp>
			</report>
			<report>
				<misses>227500001</misses>
				<total>255</total>
				<timestamp>2373.728207</timestamp>
			</report>
			<report>
				<misses>227600001</misses>
				<total>255</total>
				<timestamp>2374.778384</timestamp>
			</report>
			<report>
				<misses>227700001</misses>
				<total>255</total>
				<timestamp>2375.834640</timestamp>
			</report>
			<report>
				<misses>227800001</misses>
				<total>255</total>
				<timestamp>2376.905081</timestamp>
			</report>
			<report>
				<misses>227900001</misses>
				<total>255</total>
				<timestamp>2377.961458</timestamp>
			</report>
			<report>
				<misses>228000001</misses>
				<total>255</total>
				<timestamp>2379.013900</timestamp>
			</report>
			<report>
				<misses>228100001</misses>
				<total>255</total>
				<timestamp>2380.076688</timestamp>
			</report>
			<report>
				<misses>228200001</misses>
				<total>255</total>
				<timestamp>2381.141877</timestamp>
			</report>
			<report>
				<misses>228300001</misses>
				<total>255</total>
				<timestamp>2382.196257</timestamp>
			</report>
			<report>
				<misses>228400001</misses>
				<total>255</total>
				<timestamp>2383.246889</timestamp>
			</report>
			<report>
				<misses>228500001</misses>
				<total>255</total>
				<timestamp>2384.296722</timestamp>
			</report>
			<report>
				<misses>228600001</misses>
				<total>255</total>
				<timestamp>2385.363146</timestamp>
			</report>
			<report>
				<misses>228700001</misses>
				<total>255</total>
				<timestamp>2386.412867</timestamp>
			</report>
			<report>
				<misses>228800001</misses>
				<total>255</total>
				<timestamp>2387.479440</timestamp>
			</report>
			<report>
				<misses>228900001</misses>
				<total>255</total>
				<timestamp>2388.533613</timestamp>
			</report>
			<report>
				<misses>229000001</misses>
				<total>255</total>
				<timestamp>2389.570185</timestamp>
			</report>
			<report>
				<misses>229100001</misses>
				<total>255</total>
				<timestamp>2390.625596</timestamp>
			</report>
			<report>
				<misses>229200001</misses>
				<total>255</total>
				<timestamp>2391.683720</timestamp>
			</report>
			<report>
				<misses>229300001</misses>
				<total>255</total>
				<timestamp>2392.750996</timestamp>
			</report>
			<report>
				<misses>229400001</misses>
				<total>255</total>
				<timestamp>2393.819827</timestamp>
			</report>
			<report>
				<misses>229500001</misses>
				<total>255</total>
				<timestamp>2394.889624</timestamp>
			</report>
			<report>
				<misses>229600001</misses>
				<total>255</total>
				<timestamp>2395.945091</timestamp>
			</report>
			<report>
				<misses>229700001</misses>
				<total>255</total>
				<timestamp>2396.994130</timestamp>
			</report>
			<report>
				<misses>229800001</misses>
				<total>255</total>
				<timestamp>2398.060048</timestamp>
			</report>
			<report>
				<misses>229900001</misses>
				<total>255</total>
				<timestamp>2399.127169</timestamp>
			</report>
			<report>
				<misses>230000001</misses>
				<total>255</total>
				<timestamp>2400.192748</timestamp>
			</report>
			<report>
				<misses>230100001</misses>
				<total>255</total>
				<timestamp>2401.270930</timestamp>
			</report>
			<report>
				<misses>230200001</misses>
				<total>255</total>
				<timestamp>2402.340273</timestamp>
			</report>
			<report>
				<misses>230300001</misses>
				<total>255</total>
				<timestamp>2403.406845</timestamp>
			</report>
			<report>
				<misses>230400001</misses>
				<total>255</total>
				<timestamp>2404.473758</timestamp>
			</report>
			<report>
				<misses>230500001</misses>
				<total>255</total>
				<timestamp>2405.513300</timestamp>
			</report>
			<report>
				<misses>230600001</misses>
				<total>255</total>
				<timestamp>2406.562254</timestamp>
			</report>
			<report>
				<misses>230700001</misses>
				<total>255</total>
				<timestamp>2407.590574</timestamp>
			</report>
			<report>
				<misses>230800001</misses>
				<total>255</total>
				<timestamp>2408.632953</timestamp>
			</report>
			<report>
				<misses>230900001</misses>
				<total>255</total>
				<timestamp>2409.664746</timestamp>
			</report>
			<report>
				<misses>231000001</misses>
				<total>255</total>
				<timestamp>2410.703307</timestamp>
			</report>
			<report>
				<misses>231100001</misses>
				<total>255</total>
				<timestamp>2411.710604</timestamp>
			</report>
			<report>
				<misses>231200001</misses>
				<total>255</total>
				<timestamp>2412.709484</timestamp>
			</report>
			<report>
				<misses>231300001</misses>
				<total>255</total>
				<timestamp>2413.715626</timestamp>
			</report>
			<report>
				<misses>231400001</misses>
				<total>255</total>
				<timestamp>2414.723874</timestamp>
			</report>
			<report>
				<misses>231500001</misses>
				<total>255</total>
				<timestamp>2415.737350</timestamp>
			</report>
			<report>
				<misses>231600001</misses>
				<total>255</total>
				<timestamp>2416.751474</timestamp>
			</report>
			<report>
				<misses>231700001</misses>
				<total>255</total>
				<timestamp>2417.754439</timestamp>
			</report>
			<report>
				<misses>231800001</misses>
				<total>255</total>
				<timestamp>2418.797844</timestamp>
			</report>
			<report>
				<misses>231900001</misses>
				<total>255</total>
				<timestamp>2419.855704</timestamp>
			</report>
			<report>
				<misses>232000001</misses>
				<total>255</total>
				<timestamp>2420.880856</timestamp>
			</report>
			<report>
				<misses>232100001</misses>
				<total>255</total>
				<timestamp>2421.879619</timestamp>
			</report>
			<report>
				<misses>232200001</misses>
				<total>255</total>
				<timestamp>2422.927614</timestamp>
			</report>
			<report>
				<misses>232300001</misses>
				<total>255</total>
				<timestamp>2423.984759</timestamp>
			</report>
			<report>
				<misses>232400001</misses>
				<total>255</total>
				<timestamp>2425.051590</timestamp>
			</report>
			<report>
				<misses>232500001</misses>
				<total>255</total>
				<timestamp>2426.119576</timestamp>
			</report>
			<report>
				<misses>232600001</misses>
				<total>255</total>
				<timestamp>2427.180336</timestamp>
			</report>
			<report>
				<misses>232700001</misses>
				<total>255</total>
				<timestamp>2428.223641</timestamp>
			</report>
			<report>
				<misses>232800001</misses>
				<total>255</total>
				<timestamp>2429.237747</timestamp>
			</report>
			<report>
				<misses>232900001</misses>
				<total>255</total>
				<timestamp>2430.247302</timestamp>
			</report>
			<report>
				<misses>233000001</misses>
				<total>255</total>
				<timestamp>2431.266974</timestamp>
			</report>
			<report>
				<misses>233100001</misses>
				<total>255</total>
				<timestamp>2432.281152</timestamp>
			</report>
			<report>
				<misses>233200001</misses>
				<total>255</total>
				<timestamp>2433.288824</timestamp>
			</report>
			<report>
				<misses>233300001</misses>
				<total>255</total>
				<timestamp>2434.299407</timestamp>
			</report>
			<report>
				<misses>233400001</misses>
				<total>255</total>
				<timestamp>2435.315033</timestamp>
			</report>
			<report>
				<misses>233500001</misses>
				<total>255</total>
				<timestamp>2436.317212</timestamp>
			</report>
			<report>
				<misses>233600001</misses>
				<total>255</total>
				<timestamp>2437.301628</timestamp>
			</report>
			<report>
				<misses>233700001</misses>
				<total>255</total>
				<timestamp>2438.303041</timestamp>
			</report>
			<report>
				<misses>233800001</misses>
				<total>255</total>
				<timestamp>2439.311372</timestamp>
			</report>
			<report>
				<misses>233900001</misses>
				<total>255</total>
				<timestamp>2440.315619</timestamp>
			</report>
			<report>
				<misses>234000001</misses>
				<total>255</total>
				<timestamp>2441.340414</timestamp>
			</report>
			<report>
				<misses>234100001</misses>
				<total>255</total>
				<timestamp>2442.352520</timestamp>
			</report>
			<report>
				<misses>234200001</misses>
				<total>255</total>
				<timestamp>2443.387091</timestamp>
			</report>
			<report>
				<misses>234300001</misses>
				<total>255</total>
				<timestamp>2444.405014</timestamp>
			</report>
			<report>
				<misses>234400001</misses>
				<total>255</total>
				<timestamp>2445.453781</timestamp>
			</report>
			<report>
				<misses>234500001</misses>
				<total>255</total>
				<timestamp>2446.511119</timestamp>
			</report>
			<report>
				<misses>234600001</misses>
				<total>255</total>
				<timestamp>2447.558322</timestamp>
			</report>
			<report>
				<misses>234700001</misses>
				<total>255</total>
				<timestamp>2448.605494</timestamp>
			</report>
			<report>
				<misses>234800001</misses>
				<total>255</total>
				<timestamp>2449.653807</timestamp>
			</report>
			<report>
				<misses>234900001</misses>
				<total>255</total>
				<timestamp>2450.662450</timestamp>
			</report>
			<report>
				<misses>235000001</misses>
				<total>255</total>
				<timestamp>2451.681339</timestamp>
			</report>
			<report>
				<misses>235100001</misses>
				<total>255</total>
				<timestamp>2452.694879</timestamp>
			</report>
			<report>
				<misses>235200001</misses>
				<total>255</total>
				<timestamp>2453.702165</timestamp>
			</report>
			<report>
				<misses>235300001</misses>
				<total>255</total>
				<timestamp>2454.708537</timestamp>
			</report>
			<report>
				<misses>235400001</misses>
				<total>255</total>
				<timestamp>2455.725313</timestamp>
			</report>
			<report>
				<misses>235500001</misses>
				<total>255</total>
				<timestamp>2456.734466</timestamp>
			</report>
			<report>
				<misses>235600001</misses>
				<total>255</total>
				<timestamp>2457.752616</timestamp>
			</report>
			<report>
				<misses>235700001</misses>
				<total>255</total>
				<timestamp>2458.815739</timestamp>
			</report>
			<report>
				<misses>235800001</misses>
				<total>255</total>
				<timestamp>2459.854494</timestamp>
			</report>
			<report>
				<misses>235900001</misses>
				<total>255</total>
				<timestamp>2460.868382</timestamp>
			</report>
			<report>
				<misses>236000001</misses>
				<total>255</total>
				<timestamp>2461.882434</timestamp>
			</report>
			<report>
				<misses>236100001</misses>
				<total>255</total>
				<timestamp>2462.896870</timestamp>
			</report>
			<report>
				<misses>236200001</misses>
				<total>255</total>
				<timestamp>2463.912018</timestamp>
			</report>
			<report>
				<misses>236300001</misses>
				<total>255</total>
				<timestamp>2464.929549</timestamp>
			</report>
			<report>
				<misses>236400001</misses>
				<total>255</total>
				<timestamp>2465.966349</timestamp>
			</report>
			<report>
				<misses>236500001</misses>
				<total>255</total>
				<timestamp>2466.985035</timestamp>
			</report>
			<report>
				<misses>236600001</misses>
				<total>255</total>
				<timestamp>2467.993411</timestamp>
			</report>
			<report>
				<misses>236700001</misses>
				<total>255</total>
				<timestamp>2469.014112</timestamp>
			</report>
			<report>
				<misses>236800001</misses>
				<total>255</total>
				<timestamp>2470.024515</timestamp>
			</report>
			<report>
				<misses>236900001</misses>
				<total>255</total>
				<timestamp>2471.037007</timestamp>
			</report>
			<report>
				<misses>237000001</misses>
				<total>255</total>
				<timestamp>2472.060807</timestamp>
			</report>
			<report>
				<misses>237100001</misses>
				<total>255</total>
				<timestamp>2473.097113</timestamp>
			</report>
			<report>
				<misses>237200001</misses>
				<total>255</total>
				<timestamp>2474.163094</timestamp>
			</report>
			<report>
				<misses>237300001</misses>
				<total>255</total>
				<timestamp>2475.223423</timestamp>
			</report>
			<report>
				<misses>237400001</misses>
				<total>255</total>
				<timestamp>2476.277477</timestamp>
			</report>
			<report>
				<misses>237500001</misses>
				<total>255</total>
				<timestamp>2477.341393</timestamp>
			</report>
			<report>
				<misses>237600001</misses>
				<total>255</total>
				<timestamp>2478.395969</timestamp>
			</report>
			<report>
				<misses>237700001</misses>
				<total>255</total>
				<timestamp>2479.467122</timestamp>
			</report>
			<report>
				<misses>237800001</misses>
				<total>255</total>
				<timestamp>2480.536723</timestamp>
			</report>
			<report>
				<misses>237900001</misses>
				<total>255</total>
				<timestamp>2481.593297</timestamp>
			</report>
			<report>
				<misses>238000001</misses>
				<total>255</total>
				<timestamp>2482.671862</timestamp>
			</report>
			<report>
				<misses>238100001</misses>
				<total>255</total>
				<timestamp>2483.745584</timestamp>
			</report>
			<report>
				<misses>238200001</misses>
				<total>255</total>
				<timestamp>2484.792239</timestamp>
			</report>
			<report>
				<misses>238300001</misses>
				<total>255</total>
				<timestamp>2485.848335</timestamp>
			</report>
			<report>
				<misses>238400001</misses>
				<total>255</total>
				<timestamp>2486.904621</timestamp>
			</report>
			<report>
				<misses>238500001</misses>
				<total>255</total>
				<timestamp>2487.966390</timestamp>
			</report>
			<report>
				<misses>238600001</misses>
				<total>255</total>
				<timestamp>2489.036380</timestamp>
			</report>
			<report>
				<misses>238700001</misses>
				<total>255</total>
				<timestamp>2490.096358</timestamp>
			</report>
			<report>
				<misses>238800001</misses>
				<total>255</total>
				<timestamp>2491.150271</timestamp>
			</report>
			<report>
				<misses>238900001</misses>
				<total>255</total>
				<timestamp>2492.236121</timestamp>
			</report>
			<report>
				<misses>239000001</misses>
				<total>255</total>
				<timestamp>2493.270855</timestamp>
			</report>
			<report>
				<misses>239100001</misses>
				<total>255</total>
				<timestamp>2494.283365</timestamp>
			</report>
			<report>
				<misses>239200001</misses>
				<total>255</total>
				<timestamp>2495.299220</timestamp>
			</report>
			<report>
				<misses>239300001</misses>
				<total>255</total>
				<timestamp>2496.310381</timestamp>
			</report>
			<report>
				<misses>239400001</misses>
				<total>255</total>
				<timestamp>2497.331019</timestamp>
			</report>
			<report>
				<misses>239500001</misses>
				<total>255</total>
				<timestamp>2498.341974</timestamp>
			</report>
			<report>
				<misses>239600001</misses>
				<total>255</total>
				<timestamp>2499.361234</timestamp>
			</report>
			<report>
				<misses>239700001</misses>
				<total>255</total>
				<timestamp>2500.395374</timestamp>
			</report>
			<report>
				<misses>239800001</misses>
				<total>255</total>
				<timestamp>2501.410143</timestamp>
			</report>
			<report>
				<misses>239900001</misses>
				<total>255</total>
				<timestamp>2502.420845</timestamp>
			</report>
			<report>
				<misses>240000001</misses>
				<total>255</total>
				<timestamp>2503.448193</timestamp>
			</report>
			<report>
				<misses>240100001</misses>
				<total>255</total>
				<timestamp>2504.520821</timestamp>
			</report>
			<report>
				<misses>240200001</misses>
				<total>255</total>
				<timestamp>2505.581882</timestamp>
			</report>
			<report>
				<misses>240300001</misses>
				<total>255</total>
				<timestamp>2506.655357</timestamp>
			</report>
			<report>
				<misses>240400001</misses>
				<total>255</total>
				<timestamp>2507.714632</timestamp>
			</report>
			<report>
				<misses>240500001</misses>
				<total>255</total>
				<timestamp>2508.772111</timestamp>
			</report>
			<report>
				<misses>240600001</misses>
				<total>255</total>
				<timestamp>2509.840747</timestamp>
			</report>
			<report>
				<misses>240700001</misses>
				<total>255</total>
				<timestamp>2510.894087</timestamp>
			</report>
			<report>
				<misses>240800001</misses>
				<total>255</total>
				<timestamp>2511.968913</timestamp>
			</report>
			<report>
				<misses>240900001</misses>
				<total>255</total>
				<timestamp>2513.002563</timestamp>
			</report>
			<report>
				<misses>241000001</misses>
				<total>255</total>
				<timestamp>2514.057208</timestamp>
			</report>
			<report>
				<misses>241100001</misses>
				<total>255</total>
				<timestamp>2515.116484</timestamp>
			</report>
			<report>
				<misses>241200001</misses>
				<total>255</total>
				<timestamp>2516.170931</timestamp>
			</report>
			<report>
				<misses>241300001</misses>
				<total>255</total>
				<timestamp>2517.241059</timestamp>
			</report>
			<report>
				<misses>241400001</misses>
				<total>255</total>
				<timestamp>2518.291172</timestamp>
			</report>
			<report>
				<misses>241500001</misses>
				<total>255</total>
				<timestamp>2519.374248</timestamp>
			</report>
			<report>
				<misses>241600001</misses>
				<total>255</total>
				<timestamp>2520.453470</timestamp>
			</report>
			<report>
				<misses>241700001</misses>
				<total>255</total>
				<timestamp>2521.530310</timestamp>
			</report>
			<report>
				<misses>241800001</misses>
				<total>255</total>
				<timestamp>2522.590893</timestamp>
			</report>
			<report>
				<misses>241900001</misses>
				<total>255</total>
				<timestamp>2523.659256</timestamp>
			</report>
			<report>
				<misses>242000001</misses>
				<total>255</total>
				<timestamp>2524.735286</timestamp>
			</report>
			<report>
				<misses>242100001</misses>
				<total>255</total>
				<timestamp>2525.792502</timestamp>
			</report>
			<report>
				<misses>242200001</misses>
				<total>255</total>
				<timestamp>2526.862177</timestamp>
			</report>
			<report>
				<misses>242300001</misses>
				<total>255</total>
				<timestamp>2527.924489</timestamp>
			</report>
			<report>
				<misses>242400001</misses>
				<total>255</total>
				<timestamp>2529.021772</timestamp>
			</report>
			<report>
				<misses>242500001</misses>
				<total>255</total>
				<timestamp>2530.068336</timestamp>
			</report>
			<report>
				<misses>242600001</misses>
				<total>255</total>
				<timestamp>2531.142452</timestamp>
			</report>
			<report>
				<misses>242700001</misses>
				<total>255</total>
				<timestamp>2532.204186</timestamp>
			</report>
			<report>
				<misses>242800001</misses>
				<total>255</total>
				<timestamp>2533.274464</timestamp>
			</report>
			<report>
				<misses>242900001</misses>
				<total>255</total>
				<timestamp>2534.337066</timestamp>
			</report>
			<report>
				<misses>243000001</misses>
				<total>255</total>
				<timestamp>2535.416508</timestamp>
			</report>
			<report>
				<misses>243100001</misses>
				<total>255</total>
				<timestamp>2536.504790</timestamp>
			</report>
			<report>
				<misses>243200001</misses>
				<total>255</total>
				<timestamp>2537.553484</timestamp>
			</report>
			<report>
				<misses>243300001</misses>
				<total>255</total>
				<timestamp>2538.606956</timestamp>
			</report>
			<report>
				<misses>243400001</misses>
				<total>255</total>
				<timestamp>2539.673081</timestamp>
			</report>
			<report>
				<misses>243500001</misses>
				<total>255</total>
				<timestamp>2540.733284</timestamp>
			</report>
			<report>
				<misses>243600001</misses>
				<total>255</total>
				<timestamp>2541.782479</timestamp>
			</report>
			<report>
				<misses>243700001</misses>
				<total>255</total>
				<timestamp>2542.802531</timestamp>
			</report>
			<report>
				<misses>243800001</misses>
				<total>255</total>
				<timestamp>2543.859946</timestamp>
			</report>
			<report>
				<misses>243900001</misses>
				<total>255</total>
				<timestamp>2544.930255</timestamp>
			</report>
			<report>
				<misses>244000001</misses>
				<total>255</total>
				<timestamp>2545.999026</timestamp>
			</report>
			<report>
				<misses>244100001</misses>
				<total>255</total>
				<timestamp>2547.037801</timestamp>
			</report>
			<report>
				<misses>244200001</misses>
				<total>255</total>
				<timestamp>2548.046178</timestamp>
			</report>
			<report>
				<misses>244300001</misses>
				<total>255</total>
				<timestamp>2549.059289</timestamp>
			</report>
			<report>
				<misses>244400001</misses>
				<total>255</total>
				<timestamp>2550.065902</timestamp>
			</report>
			<report>
				<misses>244500001</misses>
				<total>255</total>
				<timestamp>2551.079011</timestamp>
			</report>
			<report>
				<misses>244600001</misses>
				<total>255</total>
				<timestamp>2552.085898</timestamp>
			</report>
			<report>
				<misses>244700001</misses>
				<total>255</total>
				<timestamp>2553.096063</timestamp>
			</report>
			<report>
				<misses>244800001</misses>
				<total>255</total>
				<timestamp>2554.102909</timestamp>
			</report>
			<report>
				<misses>244900001</misses>
				<total>255</total>
				<timestamp>2555.107230</timestamp>
			</report>
			<report>
				<misses>245000001</misses>
				<total>255</total>
				<timestamp>2556.118375</timestamp>
			</report>
			<report>
				<misses>245100001</misses>
				<total>255</total>
				<timestamp>2557.135800</timestamp>
			</report>
			<report>
				<misses>245200001</misses>
				<total>255</total>
				<timestamp>2558.139987</timestamp>
			</report>
			<report>
				<misses>245300001</misses>
				<total>255</total>
				<timestamp>2559.150345</timestamp>
			</report>
			<report>
				<misses>245400001</misses>
				<total>255</total>
				<timestamp>2560.200328</timestamp>
			</report>
			<report>
				<misses>245500001</misses>
				<total>255</total>
				<timestamp>2561.246784</timestamp>
			</report>
			<report>
				<misses>245600001</misses>
				<total>255</total>
				<timestamp>2562.323307</timestamp>
			</report>
			<report>
				<misses>245700001</misses>
				<total>255</total>
				<timestamp>2563.386381</timestamp>
			</report>
			<report>
				<misses>245800001</misses>
				<total>255</total>
				<timestamp>2564.464661</timestamp>
			</report>
			<report>
				<misses>245900001</misses>
				<total>255</total>
				<timestamp>2565.549069</timestamp>
			</report>
			<report>
				<misses>246000001</misses>
				<total>255</total>
				<timestamp>2566.623859</timestamp>
			</report>
			<report>
				<misses>246100001</misses>
				<total>255</total>
				<timestamp>2567.720979</timestamp>
			</report>
			<report>
				<misses>246200001</misses>
				<total>255</total>
				<timestamp>2568.818119</timestamp>
			</report>
			<report>
				<misses>246300001</misses>
				<total>255</total>
				<timestamp>2569.881685</timestamp>
			</report>
			<report>
				<misses>246400001</misses>
				<total>255</total>
				<timestamp>2570.957974</timestamp>
			</report>
			<report>
				<misses>246500001</misses>
				<total>255</total>
				<timestamp>2572.016731</timestamp>
			</report>
			<report>
				<misses>246600001</misses>
				<total>255</total>
				<timestamp>2573.071367</timestamp>
			</report>
			<report>
				<misses>246700001</misses>
				<total>255</total>
				<timestamp>2574.132387</timestamp>
			</report>
			<report>
				<misses>246800001</misses>
				<total>255</total>
				<timestamp>2575.136217</timestamp>
			</report>
			<report>
				<misses>246900001</misses>
				<total>255</total>
				<timestamp>2576.161350</timestamp>
			</report>
			<report>
				<misses>247000001</misses>
				<total>255</total>
				<timestamp>2577.241402</timestamp>
			</report>
			<report>
				<misses>247100001</misses>
				<total>255</total>
				<timestamp>2578.295286</timestamp>
			</report>
			<report>
				<misses>247200001</misses>
				<total>255</total>
				<timestamp>2579.348427</timestamp>
			</report>
			<report>
				<misses>247300001</misses>
				<total>255</total>
				<timestamp>2580.419910</timestamp>
			</report>
			<report>
				<misses>247400001</misses>
				<total>255</total>
				<timestamp>2581.505142</timestamp>
			</report>
			<report>
				<misses>247500001</misses>
				<total>255</total>
				<timestamp>2582.575815</timestamp>
			</report>
			<report>
				<misses>247600001</misses>
				<total>255</total>
				<timestamp>2583.638400</timestamp>
			</report>
			<report>
				<misses>247700001</misses>
				<total>255</total>
				<timestamp>2584.702485</timestamp>
			</report>
			<report>
				<misses>247800001</misses>
				<total>255</total>
				<timestamp>2585.776824</timestamp>
			</report>
			<report>
				<misses>247900001</misses>
				<total>255</total>
				<timestamp>2586.852622</timestamp>
			</report>
			<report>
				<misses>248000001</misses>
				<total>255</total>
				<timestamp>2587.946102</timestamp>
			</report>
			<report>
				<misses>248100001</misses>
				<total>255</total>
				<timestamp>2589.012220</timestamp>
			</report>
			<report>
				<misses>248200001</misses>
				<total>255</total>
				<timestamp>2590.081166</timestamp>
			</report>
			<report>
				<misses>248300001</misses>
				<total>255</total>
				<timestamp>2591.140622</timestamp>
			</report>
			<report>
				<misses>248400001</misses>
				<total>255</total>
				<timestamp>2592.216781</timestamp>
			</report>
			<report>
				<misses>248500001</misses>
				<total>255</total>
				<timestamp>2593.280185</timestamp>
			</report>
			<report>
				<misses>248600001</misses>
				<total>255</total>
				<timestamp>2594.365913</timestamp>
			</report>
			<report>
				<misses>248700001</misses>
				<total>255</total>
				<timestamp>2595.435138</timestamp>
			</report>
			<report>
				<misses>248800001</misses>
				<total>255</total>
				<timestamp>2596.484343</timestamp>
			</report>
			<report>
				<misses>248900001</misses>
				<total>255</total>
				<timestamp>2597.540223</timestamp>
			</report>
			<report>
				<misses>249000001</misses>
				<total>255</total>
				<timestamp>2598.614566</timestamp>
			</report>
			<report>
				<misses>249100001</misses>
				<total>255</total>
				<timestamp>2599.693610</timestamp>
			</report>
			<report>
				<misses>249200001</misses>
				<total>255</total>
				<timestamp>2600.738750</timestamp>
			</report>
			<report>
				<misses>249300001</misses>
				<total>255</total>
				<timestamp>2601.808620</timestamp>
			</report>
			<report>
				<misses>249400001</misses>
				<total>255</total>
				<timestamp>2602.893444</timestamp>
			</report>
			<report>
				<misses>249500001</misses>
				<total>255</total>
				<timestamp>2603.959072</timestamp>
			</report>
			<report>
				<misses>249600001</misses>
				<total>255</total>
				<timestamp>2604.999541</timestamp>
			</report>
			<report>
				<misses>249700001</misses>
				<total>255</total>
				<timestamp>2606.006385</timestamp>
			</report>
			<report>
				<misses>249800001</misses>
				<total>255</total>
				<timestamp>2607.034049</timestamp>
			</report>
			<report>
				<misses>249900001</misses>
				<total>255</total>
				<timestamp>2608.096372</timestamp>
			</report>
			<report>
				<misses>250000001</misses>
				<total>255</total>
				<timestamp>2609.110884</timestamp>
			</report>
			<report>
				<misses>250100001</misses>
				<total>255</total>
				<timestamp>2610.129388</timestamp>
			</report>
			<report>
				<misses>250200001</misses>
				<total>255</total>
				<timestamp>2611.164278</timestamp>
			</report>
			<report>
				<misses>250300001</misses>
				<total>255</total>
				<timestamp>2612.249112</timestamp>
			</report>
			<report>
				<misses>250400001</misses>
				<total>255</total>
				<timestamp>2613.318770</timestamp>
			</report>
			<report>
				<misses>250500001</misses>
				<total>255</total>
				<timestamp>2614.400405</timestamp>
			</report>
			<report>
				<misses>250600001</misses>
				<total>255</total>
				<timestamp>2615.501590</timestamp>
			</report>
			<report>
				<misses>250700001</misses>
				<total>255</total>
				<timestamp>2616.575081</timestamp>
			</report>
			<report>
				<misses>250800001</misses>
				<total>255</total>
				<timestamp>2617.656918</timestamp>
			</report>
			<report>
				<misses>250900001</misses>
				<total>255</total>
				<timestamp>2618.740197</timestamp>
			</report>
			<report>
				<misses>251000001</misses>
				<total>255</total>
				<timestamp>2619.818439</timestamp>
			</report>
			<report>
				<misses>251100001</misses>
				<total>255</total>
				<timestamp>2620.884043</timestamp>
			</report>
			<report>
				<misses>251200001</misses>
				<total>255</total>
				<timestamp>2621.932871</timestamp>
			</report>
			<report>
				<misses>251300001</misses>
				<total>255</total>
				<timestamp>2622.946262</timestamp>
			</report>
			<report>
				<misses>251400001</misses>
				<total>255</total>
				<timestamp>2624.012362</timestamp>
			</report>
			<report>
				<misses>251500001</misses>
				<total>255</total>
				<timestamp>2625.085198</timestamp>
			</report>
			<report>
				<misses>251600001</misses>
				<total>255</total>
				<timestamp>2626.138300</timestamp>
			</report>
			<report>
				<misses>251700001</misses>
				<total>255</total>
				<timestamp>2627.190205</timestamp>
			</report>
			<report>
				<misses>251800001</misses>
				<total>255</total>
				<timestamp>2628.259668</timestamp>
			</report>
			<report>
				<misses>251900001</misses>
				<total>255</total>
				<timestamp>2629.326832</timestamp>
			</report>
			<report>
				<misses>252000001</misses>
				<total>255</total>
				<timestamp>2630.384359</timestamp>
			</report>
			<report>
				<misses>252100001</misses>
				<total>255</total>
				<timestamp>2631.454673</timestamp>
			</report>
			<report>
				<misses>252200001</misses>
				<total>255</total>
				<timestamp>2632.460180</timestamp>
			</report>
			<report>
				<misses>252300001</misses>
				<total>255</total>
				<timestamp>2633.461927</timestamp>
			</report>
			<report>
				<misses>252400001</misses>
				<total>255</total>
				<timestamp>2634.474464</timestamp>
			</report>
			<report>
				<misses>252500001</misses>
				<total>255</total>
				<timestamp>2635.492729</timestamp>
			</report>
			<report>
				<misses>252600001</misses>
				<total>255</total>
				<timestamp>2636.503726</timestamp>
			</report>
			<report>
				<misses>252700001</misses>
				<total>255</total>
				<timestamp>2637.508099</timestamp>
			</report>
			<report>
				<misses>252800001</misses>
				<total>255</total>
				<timestamp>2638.518094</timestamp>
			</report>
			<report>
				<misses>252900001</misses>
				<total>255</total>
				<timestamp>2639.532871</timestamp>
			</report>
			<report>
				<misses>253000001</misses>
				<total>255</total>
				<timestamp>2640.623815</timestamp>
			</report>
			<report>
				<misses>253100001</misses>
				<total>255</total>
				<timestamp>2641.704418</timestamp>
			</report>
			<report>
				<misses>253200001</misses>
				<total>255</total>
				<timestamp>2642.791874</timestamp>
			</report>
			<report>
				<misses>253300001</misses>
				<total>255</total>
				<timestamp>2643.880012</timestamp>
			</report>
			<report>
				<misses>253400001</misses>
				<total>255</total>
				<timestamp>2644.961560</timestamp>
			</report>
			<report>
				<misses>253500001</misses>
				<total>255</total>
				<timestamp>2646.018051</timestamp>
			</report>
			<report>
				<misses>253600001</misses>
				<total>255</total>
				<timestamp>2647.064037</timestamp>
			</report>
			<report>
				<misses>253700001</misses>
				<total>255</total>
				<timestamp>2648.076302</timestamp>
			</report>
			<report>
				<misses>253800001</misses>
				<total>255</total>
				<timestamp>2649.097585</timestamp>
			</report>
			<report>
				<misses>253900001</misses>
				<total>255</total>
				<timestamp>2650.116475</timestamp>
			</report>
			<report>
				<misses>254000001</misses>
				<total>255</total>
				<timestamp>2651.168781</timestamp>
			</report>
			<report>
				<misses>254100001</misses>
				<total>255</total>
				<timestamp>2652.241744</timestamp>
			</report>
			<report>
				<misses>254200001</misses>
				<total>255</total>
				<timestamp>2653.305934</timestamp>
			</report>
			<report>
				<misses>254300001</misses>
				<total>255</total>
				<timestamp>2654.368441</timestamp>
			</report>
			<report>
				<misses>254400001</misses>
				<total>255</total>
				<timestamp>2655.446172</timestamp>
			</report>
			<report>
				<misses>254500001</misses>
				<total>255</total>
				<timestamp>2656.521010</timestamp>
			</report>
			<report>
				<misses>254600001</misses>
				<total>255</total>
				<timestamp>2657.593520</timestamp>
			</report>
			<report>
				<misses>254700001</misses>
				<total>255</total>
				<timestamp>2658.662535</timestamp>
			</report>
			<report>
				<misses>254800001</misses>
				<total>255</total>
				<timestamp>2659.737858</timestamp>
			</report>
			<report>
				<misses>254900001</misses>
				<total>255</total>
				<timestamp>2660.812193</timestamp>
			</report>
			<report>
				<misses>255000001</misses>
				<total>255</total>
				<timestamp>2661.860252</timestamp>
			</report>
			<report>
				<misses>255100001</misses>
				<total>255</total>
				<timestamp>2662.881496</timestamp>
			</report>
			<report>
				<misses>255200001</misses>
				<total>255</total>
				<timestamp>2663.894337</timestamp>
			</report>
			<report>
				<misses>255300001</misses>
				<total>255</total>
				<timestamp>2664.897066</timestamp>
			</report>
			<report>
				<misses>255400001</misses>
				<total>255</total>
				<timestamp>2665.910772</timestamp>
			</report>
			<report>
				<misses>255500001</misses>
				<total>255</total>
				<timestamp>2666.934916</timestamp>
			</report>
			<report>
				<misses>255600001</misses>
				<total>255</total>
				<timestamp>2667.953383</timestamp>
			</report>
			<report>
				<misses>255700001</misses>
				<total>255</total>
				<timestamp>2668.971042</timestamp>
			</report>
			<report>
				<misses>255800001</misses>
				<total>255</total>
				<timestamp>2669.978973</timestamp>
			</report>
			<report>
				<misses>255900001</misses>
				<total>255</total>
				<timestamp>2670.988373</timestamp>
			</report>
			<report>
				<misses>256000001</misses>
				<total>255</total>
				<timestamp>2672.005470</timestamp>
			</report>
			<report>
				<misses>256100001</misses>
				<total>255</total>
				<timestamp>2673.012751</timestamp>
			</report>
			<report>
				<misses>256200001</misses>
				<total>255</total>
				<timestamp>2674.024676</timestamp>
			</report>
			<report>
				<misses>256300001</misses>
				<total>255</total>
				<timestamp>2675.037636</timestamp>
			</report>
			<report>
				<misses>256400001</misses>
				<total>255</total>
				<timestamp>2676.047896</timestamp>
			</report>
			<report>
				<misses>256500001</misses>
				<total>255</total>
				<timestamp>2677.051814</timestamp>
			</report>
			<report>
				<misses>256600001</misses>
				<total>255</total>
				<timestamp>2678.088008</timestamp>
			</report>
			<report>
				<misses>256700001</misses>
				<total>255</total>
				<timestamp>2679.124185</timestamp>
			</report>
			<report>
				<misses>256800001</misses>
				<total>255</total>
				<timestamp>2680.110190</timestamp>
			</report>
			<report>
				<misses>256900001</misses>
				<total>255</total>
				<timestamp>2681.123016</timestamp>
			</report>
			<report>
				<misses>257000001</misses>
				<total>255</total>
				<timestamp>2682.136236</timestamp>
			</report>
			<report>
				<misses>257100001</misses>
				<total>255</total>
				<timestamp>2683.179711</timestamp>
			</report>
			<report>
				<misses>257200001</misses>
				<total>255</total>
				<timestamp>2684.221974</timestamp>
			</report>
			<report>
				<misses>257300001</misses>
				<total>255</total>
				<timestamp>2685.260930</timestamp>
			</report>
			<report>
				<misses>257400001</misses>
				<total>255</total>
				<timestamp>2686.324132</timestamp>
			</report>
			<report>
				<misses>257500001</misses>
				<total>255</total>
				<timestamp>2687.352376</timestamp>
			</report>
			<report>
				<misses>257600001</misses>
				<total>255</total>
				<timestamp>2688.360568</timestamp>
			</report>
			<report>
				<misses>257700001</misses>
				<total>255</total>
				<timestamp>2689.368239</timestamp>
			</report>
			<report>
				<misses>257800001</misses>
				<total>255</total>
				<timestamp>2690.389143</timestamp>
			</report>
			<report>
				<misses>257900001</misses>
				<total>255</total>
				<timestamp>2691.397121</timestamp>
			</report>
			<report>
				<misses>258000001</misses>
				<total>255</total>
				<timestamp>2692.408731</timestamp>
			</report>
			<report>
				<misses>258100001</misses>
				<total>255</total>
				<timestamp>2693.423338</timestamp>
			</report>
			<report>
				<misses>258200001</misses>
				<total>255</total>
				<timestamp>2694.431366</timestamp>
			</report>
			<report>
				<misses>258300001</misses>
				<total>255</total>
				<timestamp>2695.451977</timestamp>
			</report>
			<report>
				<misses>258400001</misses>
				<total>255</total>
				<timestamp>2696.471612</timestamp>
			</report>
			<report>
				<misses>258500001</misses>
				<total>255</total>
				<timestamp>2697.516643</timestamp>
			</report>
			<report>
				<misses>258600001</misses>
				<total>255</total>
				<timestamp>2698.574948</timestamp>
			</report>
			<report>
				<misses>258700001</misses>
				<total>255</total>
				<timestamp>2699.644040</timestamp>
			</report>
			<report>
				<misses>258800001</misses>
				<total>255</total>
				<timestamp>2700.706675</timestamp>
			</report>
			<report>
				<misses>258900001</misses>
				<total>255</total>
				<timestamp>2701.782332</timestamp>
			</report>
			<report>
				<misses>259000001</misses>
				<total>255</total>
				<timestamp>2702.834445</timestamp>
			</report>
			<report>
				<misses>259100001</misses>
				<total>255</total>
				<timestamp>2703.881934</timestamp>
			</report>
			<report>
				<misses>259200001</misses>
				<total>255</total>
				<timestamp>2704.948175</timestamp>
			</report>
			<report>
				<misses>259300001</misses>
				<total>255</total>
				<timestamp>2706.016685</timestamp>
			</report>
			<report>
				<misses>259400001</misses>
				<total>255</total>
				<timestamp>2707.065922</timestamp>
			</report>
			<report>
				<misses>259500001</misses>
				<total>255</total>
				<timestamp>2708.123711</timestamp>
			</report>
			<report>
				<misses>259600001</misses>
				<total>255</total>
				<timestamp>2709.175033</timestamp>
			</report>
			<report>
				<misses>259700001</misses>
				<total>255</total>
				<timestamp>2710.247048</timestamp>
			</report>
			<report>
				<misses>259800001</misses>
				<total>255</total>
				<timestamp>2711.311911</timestamp>
			</report>
			<report>
				<misses>259900001</misses>
				<total>255</total>
				<timestamp>2712.377099</timestamp>
			</report>
			<report>
				<misses>260000001</misses>
				<total>255</total>
				<timestamp>2713.451219</timestamp>
			</report>
			<report>
				<misses>260100001</misses>
				<total>255</total>
				<timestamp>2714.519464</timestamp>
			</report>
			<report>
				<misses>260200001</misses>
				<total>255</total>
				<timestamp>2715.584638</timestamp>
			</report>
			<report>
				<misses>260300001</misses>
				<total>255</total>
				<timestamp>2716.648999</timestamp>
			</report>
			<report>
				<misses>260400001</misses>
				<total>255</total>
				<timestamp>2717.713398</timestamp>
			</report>
			<report>
				<misses>260500001</misses>
				<total>255</total>
				<timestamp>2718.770938</timestamp>
			</report>
			<report>
				<misses>260600001</misses>
				<total>255</total>
				<timestamp>2719.857732</timestamp>
			</report>
			<report>
				<misses>260700001</misses>
				<total>255</total>
				<timestamp>2720.924569</timestamp>
			</report>
			<report>
				<misses>260800001</misses>
				<total>255</total>
				<timestamp>2721.996370</timestamp>
			</report>
			<report>
				<misses>260900001</misses>
				<total>255</total>
				<timestamp>2723.059714</timestamp>
			</report>
			<report>
				<misses>261000001</misses>
				<total>255</total>
				<timestamp>2724.128269</timestamp>
			</report>
			<report>
				<misses>261100001</misses>
				<total>255</total>
				<timestamp>2725.201099</timestamp>
			</report>
			<report>
				<misses>261200001</misses>
				<total>255</total>
				<timestamp>2726.250462</timestamp>
			</report>
			<report>
				<misses>261300001</misses>
				<total>255</total>
				<timestamp>2727.285188</timestamp>
			</report>
			<report>
				<misses>261400001</misses>
				<total>255</total>
				<timestamp>2728.315990</timestamp>
			</report>
			<report>
				<misses>261500001</misses>
				<total>255</total>
				<timestamp>2729.359530</timestamp>
			</report>
			<report>
				<misses>261600001</misses>
				<total>255</total>
				<timestamp>2730.377133</timestamp>
			</report>
			<report>
				<misses>261700001</misses>
				<total>255</total>
				<timestamp>2731.384615</timestamp>
			</report>
			<report>
				<misses>261800001</misses>
				<total>255</total>
				<timestamp>2732.397418</timestamp>
			</report>
			<report>
				<misses>261900001</misses>
				<total>255</total>
				<timestamp>2733.404140</timestamp>
			</report>
			<report>
				<misses>262000001</misses>
				<total>255</total>
				<timestamp>2734.414558</timestamp>
			</report>
			<report>
				<misses>262100001</misses>
				<total>255</total>
				<timestamp>2735.438097</timestamp>
			</report>
			<report>
				<misses>262200001</misses>
				<total>255</total>
				<timestamp>2736.479254</timestamp>
			</report>
			<report>
				<misses>262300001</misses>
				<total>255</total>
				<timestamp>2737.498515</timestamp>
			</report>
			<report>
				<misses>262400001</misses>
				<total>255</total>
				<timestamp>2738.529187</timestamp>
			</report>
			<report>
				<misses>262500001</misses>
				<total>255</total>
				<timestamp>2739.580912</timestamp>
			</report>
			<report>
				<misses>262600001</misses>
				<total>255</total>
				<timestamp>2740.636191</timestamp>
			</report>
			<report>
				<misses>262700001</misses>
				<total>255</total>
				<timestamp>2741.698635</timestamp>
			</report>
			<report>
				<misses>262800001</misses>
				<total>255</total>
				<timestamp>2742.732566</timestamp>
			</report>
			<report>
				<misses>262900001</misses>
				<total>255</total>
				<timestamp>2743.747854</timestamp>
			</report>
			<report>
				<misses>263000001</misses>
				<total>255</total>
				<timestamp>2744.807261</timestamp>
			</report>
			<report>
				<misses>263100001</misses>
				<total>255</total>
				<timestamp>2745.891174</timestamp>
			</report>
			<report>
				<misses>263200001</misses>
				<total>255</total>
				<timestamp>2746.963944</timestamp>
			</report>
			<report>
				<misses>263300001</misses>
				<total>255</total>
				<timestamp>2748.026580</timestamp>
			</report>
			<report>
				<misses>263400001</misses>
				<total>255</total>
				<timestamp>2749.055861</timestamp>
			</report>
			<report>
				<misses>263500001</misses>
				<total>255</total>
				<timestamp>2750.069017</timestamp>
			</report>
			<report>
				<misses>263600001</misses>
				<total>255</total>
				<timestamp>2751.077475</timestamp>
			</report>
			<report>
				<misses>263700001</misses>
				<total>255</total>
				<timestamp>2752.096382</timestamp>
			</report>
			<report>
				<misses>263800001</misses>
				<total>255</total>
				<timestamp>2753.167987</timestamp>
			</report>
			<report>
				<misses>263900001</misses>
				<total>255</total>
				<timestamp>2754.234294</timestamp>
			</report>
			<report>
				<misses>264000001</misses>
				<total>255</total>
				<timestamp>2755.264108</timestamp>
			</report>
			<report>
				<misses>264100001</misses>
				<total>255</total>
				<timestamp>2756.265451</timestamp>
			</report>
			<report>
				<misses>264200001</misses>
				<total>255</total>
				<timestamp>2757.276715</timestamp>
			</report>
			<report>
				<misses>264300001</misses>
				<total>255</total>
				<timestamp>2758.291358</timestamp>
			</report>
			<report>
				<misses>264400001</misses>
				<total>255</total>
				<timestamp>2759.304193</timestamp>
			</report>
			<report>
				<misses>264500001</misses>
				<total>255</total>
				<timestamp>2760.323416</timestamp>
			</report>
			<report>
				<misses>264600001</misses>
				<total>255</total>
				<timestamp>2761.347068</timestamp>
			</report>
			<report>
				<misses>264700001</misses>
				<total>255</total>
				<timestamp>2762.369385</timestamp>
			</report>
			<report>
				<misses>264800001</misses>
				<total>255</total>
				<timestamp>2763.369976</timestamp>
			</report>
			<report>
				<misses>264900001</misses>
				<total>255</total>
				<timestamp>2764.371053</timestamp>
			</report>
			<report>
				<misses>265000001</misses>
				<total>255</total>
				<timestamp>2765.399238</timestamp>
			</report>
			<report>
				<misses>265100001</misses>
				<total>255</total>
				<timestamp>2766.455605</timestamp>
			</report>
			<report>
				<misses>265200001</misses>
				<total>255</total>
				<timestamp>2767.454345</timestamp>
			</report>
			<report>
				<misses>265300001</misses>
				<total>255</total>
				<timestamp>2768.446805</timestamp>
			</report>
			<report>
				<misses>265400001</misses>
				<total>255</total>
				<timestamp>2769.429559</timestamp>
			</report>
			<report>
				<misses>265500001</misses>
				<total>255</total>
				<timestamp>2770.417764</timestamp>
			</report>
			<report>
				<misses>265600001</misses>
				<total>255</total>
				<timestamp>2771.402986</timestamp>
			</report>
			<report>
				<misses>265700001</misses>
				<total>255</total>
				<timestamp>2772.389229</timestamp>
			</report>
			<report>
				<misses>265800001</misses>
				<total>255</total>
				<timestamp>2773.381040</timestamp>
			</report>
			<report>
				<misses>265900001</misses>
				<total>255</total>
				<timestamp>2774.370686</timestamp>
			</report>
			<report>
				<misses>266000001</misses>
				<total>255</total>
				<timestamp>2775.387721</timestamp>
			</report>
			<report>
				<misses>266100001</misses>
				<total>255</total>
				<timestamp>2776.456498</timestamp>
			</report>
			<report>
				<misses>266200001</misses>
				<total>255</total>
				<timestamp>2777.516498</timestamp>
			</report>
			<report>
				<misses>266300001</misses>
				<total>255</total>
				<timestamp>2778.571373</timestamp>
			</report>
			<report>
				<misses>266400001</misses>
				<total>255</total>
				<timestamp>2779.616071</timestamp>
			</report>
			<report>
				<misses>266500001</misses>
				<total>255</total>
				<timestamp>2780.647362</timestamp>
			</report>
			<report>
				<misses>266600001</misses>
				<total>255</total>
				<timestamp>2781.694255</timestamp>
			</report>
			<report>
				<misses>266700001</misses>
				<total>255</total>
				<timestamp>2782.753013</timestamp>
			</report>
			<report>
				<misses>266800001</misses>
				<total>255</total>
				<timestamp>2783.794104</timestamp>
			</report>
			<report>
				<misses>266900001</misses>
				<total>255</total>
				<timestamp>2784.862798</timestamp>
			</report>
			<report>
				<misses>267000001</misses>
				<total>255</total>
				<timestamp>2785.922993</timestamp>
			</report>
			<report>
				<misses>267100001</misses>
				<total>255</total>
				<timestamp>2786.973101</timestamp>
			</report>
			<report>
				<misses>267200001</misses>
				<total>255</total>
				<timestamp>2788.020815</timestamp>
			</report>
			<report>
				<misses>267300001</misses>
				<total>255</total>
				<timestamp>2789.097219</timestamp>
			</report>
			<report>
				<misses>267400001</misses>
				<total>255</total>
				<timestamp>2790.152111</timestamp>
			</report>
			<report>
				<misses>267500001</misses>
				<total>255</total>
				<timestamp>2791.207777</timestamp>
			</report>
			<report>
				<misses>267600001</misses>
				<total>255</total>
				<timestamp>2792.265766</timestamp>
			</report>
			<report>
				<misses>267700001</misses>
				<total>255</total>
				<timestamp>2793.308059</timestamp>
			</report>
			<report>
				<misses>267800001</misses>
				<total>255</total>
				<timestamp>2794.384704</timestamp>
			</report>
			<report>
				<misses>267900001</misses>
				<total>255</total>
				<timestamp>2795.439994</timestamp>
			</report>
			<report>
				<misses>268000001</misses>
				<total>255</total>
				<timestamp>2796.508604</timestamp>
			</report>
			<report>
				<misses>268100001</misses>
				<total>255</total>
				<timestamp>2797.556739</timestamp>
			</report>
			<report>
				<misses>268200001</misses>
				<total>255</total>
				<timestamp>2798.604053</timestamp>
			</report>
			<report>
				<misses>268300001</misses>
				<total>255</total>
				<timestamp>2799.657591</timestamp>
			</report>
			<report>
				<misses>268400001</misses>
				<total>255</total>
				<timestamp>2800.725387</timestamp>
			</report>
			<report>
				<misses>268500001</misses>
				<total>255</total>
				<timestamp>2801.795930</timestamp>
			</report>
			<report>
				<misses>268600001</misses>
				<total>255</total>
				<timestamp>2802.846429</timestamp>
			</report>
			<report>
				<misses>268700001</misses>
				<total>255</total>
				<timestamp>2803.875593</timestamp>
			</report>
			<report>
				<misses>268800001</misses>
				<total>255</total>
				<timestamp>2804.881067</timestamp>
			</report>
			<report>
				<misses>268900001</misses>
				<total>255</total>
				<timestamp>2805.925340</timestamp>
			</report>
			<report>
				<misses>269000001</misses>
				<total>255</total>
				<timestamp>2806.955343</timestamp>
			</report>
			<report>
				<misses>269100001</misses>
				<total>255</total>
				<timestamp>2808.001635</timestamp>
			</report>
			<report>
				<misses>269200001</misses>
				<total>255</total>
				<timestamp>2809.056658</timestamp>
			</report>
			<report>
				<misses>269300001</misses>
				<total>255</total>
				<timestamp>2810.117965</timestamp>
			</report>
			<report>
				<misses>269400001</misses>
				<total>255</total>
				<timestamp>2811.176588</timestamp>
			</report>
			<report>
				<misses>269500001</misses>
				<total>255</total>
				<timestamp>2812.229553</timestamp>
			</report>
			<report>
				<misses>269600001</misses>
				<total>255</total>
				<timestamp>2813.291956</timestamp>
			</report>
			<report>
				<misses>269700001</misses>
				<total>255</total>
				<timestamp>2814.346784</timestamp>
			</report>
			<report>
				<misses>269800001</misses>
				<total>255</total>
				<timestamp>2815.392493</timestamp>
			</report>
			<report>
				<misses>269900001</misses>
				<total>255</total>
				<timestamp>2816.447579</timestamp>
			</report>
			<report>
				<misses>270000001</misses>
				<total>255</total>
				<timestamp>2817.472543</timestamp>
			</report>
			<report>
				<misses>270100001</misses>
				<total>255</total>
				<timestamp>2818.517496</timestamp>
			</report>
			<report>
				<misses>270200001</misses>
				<total>255</total>
				<timestamp>2819.599390</timestamp>
			</report>
			<report>
				<misses>270300001</misses>
				<total>255</total>
				<timestamp>2820.681436</timestamp>
			</report>
			<report>
				<misses>270400001</misses>
				<total>255</total>
				<timestamp>2821.722321</timestamp>
			</report>
			<report>
				<misses>270500001</misses>
				<total>255</total>
				<timestamp>2822.756617</timestamp>
			</report>
			<report>
				<misses>270600001</misses>
				<total>255</total>
				<timestamp>2823.815941</timestamp>
			</report>
			<report>
				<misses>270700001</misses>
				<total>255</total>
				<timestamp>2824.861520</timestamp>
			</report>
			<report>
				<misses>270800001</misses>
				<total>255</total>
				<timestamp>2825.928248</timestamp>
			</report>
			<report>
				<misses>270900001</misses>
				<total>255</total>
				<timestamp>2826.993221</timestamp>
			</report>
			<report>
				<misses>271000001</misses>
				<total>255</total>
				<timestamp>2828.035603</timestamp>
			</report>
			<report>
				<misses>271100001</misses>
				<total>255</total>
				<timestamp>2829.040764</timestamp>
			</report>
			<report>
				<misses>271200001</misses>
				<total>255</total>
				<timestamp>2830.062169</timestamp>
			</report>
			<report>
				<misses>271300001</misses>
				<total>255</total>
				<timestamp>2831.075455</timestamp>
			</report>
			<report>
				<misses>271400001</misses>
				<total>255</total>
				<timestamp>2832.081282</timestamp>
			</report>
			<report>
				<misses>271500001</misses>
				<total>255</total>
				<timestamp>2833.098160</timestamp>
			</report>
			<report>
				<misses>271600001</misses>
				<total>255</total>
				<timestamp>2834.129589</timestamp>
			</report>
			<report>
				<misses>271700001</misses>
				<total>255</total>
				<timestamp>2835.176259</timestamp>
			</report>
			<report>
				<misses>271800001</misses>
				<total>255</total>
				<timestamp>2836.212641</timestamp>
			</report>
			<report>
				<misses>271900001</misses>
				<total>255</total>
				<timestamp>2837.266570</timestamp>
			</report>
			<report>
				<misses>272000001</misses>
				<total>255</total>
				<timestamp>2838.327589</timestamp>
			</report>
			<report>
				<misses>272100001</misses>
				<total>255</total>
				<timestamp>2839.393127</timestamp>
			</report>
			<report>
				<misses>272200001</misses>
				<total>255</total>
				<timestamp>2840.455311</timestamp>
			</report>
			<report>
				<misses>272300001</misses>
				<total>255</total>
				<timestamp>2841.466420</timestamp>
			</report>
			<report>
				<misses>272400001</misses>
				<total>255</total>
				<timestamp>2842.481849</timestamp>
			</report>
			<report>
				<misses>272500001</misses>
				<total>255</total>
				<timestamp>2843.495515</timestamp>
			</report>
			<report>
				<misses>272600001</misses>
				<total>255</total>
				<timestamp>2844.510357</timestamp>
			</report>
			<report>
				<misses>272700001</misses>
				<total>255</total>
				<timestamp>2845.538822</timestamp>
			</report>
			<report>
				<misses>272800001</misses>
				<total>255</total>
				<timestamp>2846.556446</timestamp>
			</report>
			<report>
				<misses>272900001</misses>
				<total>255</total>
				<timestamp>2847.563787</timestamp>
			</report>
			<report>
				<misses>273000001</misses>
				<total>255</total>
				<timestamp>2848.596500</timestamp>
			</report>
			<report>
				<misses>273100001</misses>
				<total>255</total>
				<timestamp>2849.640725</timestamp>
			</report>
			<report>
				<misses>273200001</misses>
				<total>255</total>
				<timestamp>2850.685136</timestamp>
			</report>
			<report>
				<misses>273300001</misses>
				<total>255</total>
				<timestamp>2851.715537</timestamp>
			</report>
			<report>
				<misses>273400001</misses>
				<total>255</total>
				<timestamp>2852.720554</timestamp>
			</report>
			<report>
				<misses>273500001</misses>
				<total>255</total>
				<timestamp>2853.733595</timestamp>
			</report>
			<report>
				<misses>273600001</misses>
				<total>255</total>
				<timestamp>2854.771532</timestamp>
			</report>
			<report>
				<misses>273700001</misses>
				<total>255</total>
				<timestamp>2855.837511</timestamp>
			</report>
			<report>
				<misses>273800001</misses>
				<total>255</total>
				<timestamp>2856.919425</timestamp>
			</report>
			<report>
				<misses>273900001</misses>
				<total>255</total>
				<timestamp>2857.972482</timestamp>
			</report>
			<report>
				<misses>274000001</misses>
				<total>255</total>
				<timestamp>2859.048112</timestamp>
			</report>
			<report>
				<misses>274100001</misses>
				<total>255</total>
				<timestamp>2860.140547</timestamp>
			</report>
			<report>
				<misses>274200001</misses>
				<total>255</total>
				<timestamp>2861.201906</timestamp>
			</report>
			<report>
				<misses>274300001</misses>
				<total>255</total>
				<timestamp>2862.279831</timestamp>
			</report>
			<report>
				<misses>274400001</misses>
				<total>255</total>
				<timestamp>2863.351883</timestamp>
			</report>
			<report>
				<misses>274500001</misses>
				<total>255</total>
				<timestamp>2864.399055</timestamp>
			</report>
			<report>
				<misses>274600001</misses>
				<total>255</total>
				<timestamp>2865.462067</timestamp>
			</report>
			<report>
				<misses>274700001</misses>
				<total>255</total>
				<timestamp>2866.507411</timestamp>
			</report>
			<report>
				<misses>274800001</misses>
				<total>255</total>
				<timestamp>2867.573329</timestamp>
			</report>
			<report>
				<misses>274900001</misses>
				<total>255</total>
				<timestamp>2868.640155</timestamp>
			</report>
			<report>
				<misses>275000001</misses>
				<total>255</total>
				<timestamp>2869.700608</timestamp>
			</report>
			<report>
				<misses>275100001</misses>
				<total>255</total>
				<timestamp>2870.740137</timestamp>
			</report>
			<report>
				<misses>275200001</misses>
				<total>255</total>
				<timestamp>2871.817614</timestamp>
			</report>
			<report>
				<misses>275300001</misses>
				<total>255</total>
				<timestamp>2872.882050</timestamp>
			</report>
			<report>
				<misses>275400001</misses>
				<total>255</total>
				<timestamp>2873.968881</timestamp>
			</report>
			<report>
				<misses>275500001</misses>
				<total>255</total>
				<timestamp>2875.043452</timestamp>
			</report>
			<report>
				<misses>275600001</misses>
				<total>255</total>
				<timestamp>2876.111238</timestamp>
			</report>
			<report>
				<misses>275700001</misses>
				<total>255</total>
				<timestamp>2877.194661</timestamp>
			</report>
			<report>
				<misses>275800001</misses>
				<total>255</total>
				<timestamp>2878.272257</timestamp>
			</report>
			<report>
				<misses>275900001</misses>
				<total>255</total>
				<timestamp>2879.342759</timestamp>
			</report>
			<report>
				<misses>276000001</misses>
				<total>255</total>
				<timestamp>2880.401450</timestamp>
			</report>
			<report>
				<misses>276100001</misses>
				<total>255</total>
				<timestamp>2881.488539</timestamp>
			</report>
			<report>
				<misses>276200001</misses>
				<total>255</total>
				<timestamp>2882.561677</timestamp>
			</report>
			<report>
				<misses>276300001</misses>
				<total>255</total>
				<timestamp>2883.618200</timestamp>
			</report>
			<report>
				<misses>276400001</misses>
				<total>255</total>
				<timestamp>2884.683541</timestamp>
			</report>
			<report>
				<misses>276500001</misses>
				<total>255</total>
				<timestamp>2885.741786</timestamp>
			</report>
			<report>
				<misses>276600001</misses>
				<total>255</total>
				<timestamp>2886.808560</timestamp>
			</report>
			<report>
				<misses>276700001</misses>
				<total>255</total>
				<timestamp>2887.873706</timestamp>
			</report>
			<report>
				<misses>276800001</misses>
				<total>255</total>
				<timestamp>2888.926407</timestamp>
			</report>
			<report>
				<misses>276900001</misses>
				<total>255</total>
				<timestamp>2889.983290</timestamp>
			</report>
			<report>
				<misses>277000001</misses>
				<total>255</total>
				<timestamp>2891.045481</timestamp>
			</report>
			<report>
				<misses>277100001</misses>
				<total>255</total>
				<timestamp>2892.099922</timestamp>
			</report>
			<report>
				<misses>277200001</misses>
				<total>255</total>
				<timestamp>2893.183205</timestamp>
			</report>
			<report>
				<misses>277300001</misses>
				<total>255</total>
				<timestamp>2894.250087</timestamp>
			</report>
			<report>
				<misses>277400001</misses>
				<total>255</total>
				<timestamp>2895.301295</timestamp>
			</report>
			<report>
				<misses>277500001</misses>
				<total>255</total>
				<timestamp>2896.375943</timestamp>
			</report>
			<report>
				<misses>277600001</misses>
				<total>255</total>
				<timestamp>2897.441613</timestamp>
			</report>
			<report>
				<misses>277700001</misses>
				<total>255</total>
				<timestamp>2898.505408</timestamp>
			</report>
			<report>
				<misses>277800001</misses>
				<total>255</total>
				<timestamp>2899.573134</timestamp>
			</report>
			<report>
				<misses>277900001</misses>
				<total>255</total>
				<timestamp>2900.629904</timestamp>
			</report>
			<report>
				<misses>278000001</misses>
				<total>255</total>
				<timestamp>2901.691446</timestamp>
			</report>
			<report>
				<misses>278100001</misses>
				<total>255</total>
				<timestamp>2902.737133</timestamp>
			</report>
			<report>
				<misses>278200001</misses>
				<total>255</total>
				<timestamp>2903.795575</timestamp>
			</report>
			<report>
				<misses>278300001</misses>
				<total>255</total>
				<timestamp>2904.856855</timestamp>
			</report>
			<report>
				<misses>278400001</misses>
				<total>255</total>
				<timestamp>2905.885106</timestamp>
			</report>
			<report>
				<misses>278500001</misses>
				<total>255</total>
				<timestamp>2906.936397</timestamp>
			</report>
			<report>
				<misses>278600001</misses>
				<total>255</total>
				<timestamp>2907.983296</timestamp>
			</report>
			<report>
				<misses>278700001</misses>
				<total>255</total>
				<timestamp>2909.066791</timestamp>
			</report>
			<report>
				<misses>278800001</misses>
				<total>255</total>
				<timestamp>2910.147972</timestamp>
			</report>
			<report>
				<misses>278900001</misses>
				<total>255</total>
				<timestamp>2911.189407</timestamp>
			</report>
			<report>
				<misses>279000001</misses>
				<total>255</total>
				<timestamp>2912.237378</timestamp>
			</report>
			<report>
				<misses>279100001</misses>
				<total>255</total>
				<timestamp>2913.292850</timestamp>
			</report>
			<report>
				<misses>279200001</misses>
				<total>255</total>
				<timestamp>2914.352260</timestamp>
			</report>
			<report>
				<misses>279300001</misses>
				<total>255</total>
				<timestamp>2915.425024</timestamp>
			</report>
			<report>
				<misses>279400001</misses>
				<total>255</total>
				<timestamp>2916.484608</timestamp>
			</report>
			<report>
				<misses>279500001</misses>
				<total>255</total>
				<timestamp>2917.500432</timestamp>
			</report>
			<report>
				<misses>279600001</misses>
				<total>255</total>
				<timestamp>2918.509392</timestamp>
			</report>
			<report>
				<misses>279700001</misses>
				<total>255</total>
				<timestamp>2919.523701</timestamp>
			</report>
			<report>
				<misses>279800001</misses>
				<total>255</total>
				<timestamp>2920.543362</timestamp>
			</report>
			<report>
				<misses>279900001</misses>
				<total>255</total>
				<timestamp>2921.547165</timestamp>
			</report>
			<report>
				<misses>280000001</misses>
				<total>255</total>
				<timestamp>2922.575692</timestamp>
			</report>
			<report>
				<misses>280100001</misses>
				<total>255</total>
				<timestamp>2923.562906</timestamp>
			</report>
			<report>
				<misses>280200001</misses>
				<total>255</total>
				<timestamp>2924.552514</timestamp>
			</report>
			<report>
				<misses>280300001</misses>
				<total>255</total>
				<timestamp>2925.544443</timestamp>
			</report>
			<report>
				<misses>280400001</misses>
				<total>255</total>
				<timestamp>2926.530852</timestamp>
			</report>
			<report>
				<misses>280500001</misses>
				<total>255</total>
				<timestamp>2927.520698</timestamp>
			</report>
			<report>
				<misses>280600001</misses>
				<total>255</total>
				<timestamp>2928.521015</timestamp>
			</report>
			<report>
				<misses>280700001</misses>
				<total>255</total>
				<timestamp>2929.554532</timestamp>
			</report>
			<report>
				<misses>280800001</misses>
				<total>255</total>
				<timestamp>2930.581864</timestamp>
			</report>
			<report>
				<misses>280900001</misses>
				<total>255</total>
				<timestamp>2931.602288</timestamp>
			</report>
			<report>
				<misses>281000001</misses>
				<total>255</total>
				<timestamp>2932.609352</timestamp>
			</report>
			<report>
				<misses>281100001</misses>
				<total>255</total>
				<timestamp>2933.660571</timestamp>
			</report>
			<report>
				<misses>281200001</misses>
				<total>255</total>
				<timestamp>2934.707720</timestamp>
			</report>
			<report>
				<misses>281300001</misses>
				<total>255</total>
				<timestamp>2935.691593</timestamp>
			</report>
			<report>
				<misses>281400001</misses>
				<total>255</total>
				<timestamp>2936.678168</timestamp>
			</report>
			<report>
				<misses>281500001</misses>
				<total>255</total>
				<timestamp>2937.661083</timestamp>
			</report>
			<report>
				<misses>281600001</misses>
				<total>255</total>
				<timestamp>2938.641777</timestamp>
			</report>
			<report>
				<misses>281700001</misses>
				<total>255</total>
				<timestamp>2939.630986</timestamp>
			</report>
			<report>
				<misses>281800001</misses>
				<total>255</total>
				<timestamp>2940.622020</timestamp>
			</report>
			<report>
				<misses>281900001</misses>
				<total>255</total>
				<timestamp>2941.609627</timestamp>
			</report>
			<report>
				<misses>282000001</misses>
				<total>255</total>
				<timestamp>2942.601371</timestamp>
			</report>
			<report>
				<misses>282100001</misses>
				<total>255</total>
				<timestamp>2943.603492</timestamp>
			</report>
			<report>
				<misses>282200001</misses>
				<total>255</total>
				<timestamp>2944.610126</timestamp>
			</report>
			<report>
				<misses>282300001</misses>
				<total>255</total>
				<timestamp>2945.611221</timestamp>
			</report>
			<report>
				<misses>282400001</misses>
				<total>255</total>
				<timestamp>2946.616054</timestamp>
			</report>
			<report>
				<misses>282500001</misses>
				<total>255</total>
				<timestamp>2947.620893</timestamp>
			</report>
			<report>
				<misses>282600001</misses>
				<total>255</total>
				<timestamp>2948.617981</timestamp>
			</report>
			<report>
				<misses>282700001</misses>
				<total>255</total>
				<timestamp>2949.615849</timestamp>
			</report>
			<report>
				<misses>282800001</misses>
				<total>255</total>
				<timestamp>2950.617319</timestamp>
			</report>
			<report>
				<misses>282900001</misses>
				<total>255</total>
				<timestamp>2951.619382</timestamp>
			</report>
			<report>
				<misses>283000001</misses>
				<total>255</total>
				<timestamp>2952.617687</timestamp>
			</report>
			<report>
				<misses>283100001</misses>
				<total>255</total>
				<timestamp>2953.612463</timestamp>
			</report>
			<report>
				<misses>283200001</misses>
				<total>255</total>
				<timestamp>2954.616157</timestamp>
			</report>
			<report>
				<misses>283300001</misses>
				<total>255</total>
				<timestamp>2955.619675</timestamp>
			</report>
			<report>
				<misses>283400001</misses>
				<total>255</total>
				<timestamp>2956.624637</timestamp>
			</report>
			<report>
				<misses>283500001</misses>
				<total>255</total>
				<timestamp>2957.632844</timestamp>
			</report>
			<report>
				<misses>283600001</misses>
				<total>255</total>
				<timestamp>2958.643735</timestamp>
			</report>
			<report>
				<misses>283700001</misses>
				<total>255</total>
				<timestamp>2959.651125</timestamp>
			</report>
			<report>
				<misses>283800001</misses>
				<total>255</total>
				<timestamp>2960.716650</timestamp>
			</report>
			<report>
				<misses>283900001</misses>
				<total>255</total>
				<timestamp>2961.760917</timestamp>
			</report>
			<report>
				<misses>284000001</misses>
				<total>255</total>
				<timestamp>2962.769562</timestamp>
			</report>
			<report>
				<misses>284100001</misses>
				<total>255</total>
				<timestamp>2963.772140</timestamp>
			</report>
			<report>
				<misses>284200001</misses>
				<total>255</total>
				<timestamp>2964.778455</timestamp>
			</report>
			<report>
				<misses>284300001</misses>
				<total>255</total>
				<timestamp>2965.784472</timestamp>
			</report>
			<report>
				<misses>284400001</misses>
				<total>255</total>
				<timestamp>2966.795715</timestamp>
			</report>
			<report>
				<misses>284500001</misses>
				<total>255</total>
				<timestamp>2967.798428</timestamp>
			</report>
			<report>
				<misses>284600001</misses>
				<total>255</total>
				<timestamp>2968.807580</timestamp>
			</report>
			<report>
				<misses>284700001</misses>
				<total>255</total>
				<timestamp>2969.816471</timestamp>
			</report>
			<report>
				<misses>284800001</misses>
				<total>255</total>
				<timestamp>2970.821819</timestamp>
			</report>
			<report>
				<misses>284900001</misses>
				<total>255</total>
				<timestamp>2971.852080</timestamp>
			</report>
			<report>
				<misses>285000001</misses>
				<total>255</total>
				<timestamp>2972.904776</timestamp>
			</report>
			<report>
				<misses>285100001</misses>
				<total>255</total>
				<timestamp>2973.976958</timestamp>
			</report>
			<report>
				<misses>285200001</misses>
				<total>255</total>
				<timestamp>2975.039095</timestamp>
			</report>
			<report>
				<misses>285300001</misses>
				<total>255</total>
				<timestamp>2976.089824</timestamp>
			</report>
			<report>
				<misses>285400001</misses>
				<total>255</total>
				<timestamp>2977.169400</timestamp>
			</report>
			<report>
				<misses>285500001</misses>
				<total>255</total>
				<timestamp>2978.217197</timestamp>
			</report>
			<report>
				<misses>285600001</misses>
				<total>255</total>
				<timestamp>2979.256243</timestamp>
			</report>
			<report>
				<misses>285700001</misses>
				<total>255</total>
				<timestamp>2980.314489</timestamp>
			</report>
			<report>
				<misses>285800001</misses>
				<total>255</total>
				<timestamp>2981.350823</timestamp>
			</report>
			<report>
				<misses>285900001</misses>
				<total>255</total>
				<timestamp>2982.403018</timestamp>
			</report>
			<report>
				<misses>286000001</misses>
				<total>255</total>
				<timestamp>2983.472982</timestamp>
			</report>
			<report>
				<misses>286100001</misses>
				<total>255</total>
				<timestamp>2984.546001</timestamp>
			</report>
			<report>
				<misses>286200001</misses>
				<total>255</total>
				<timestamp>2985.601410</timestamp>
			</report>
			<report>
				<misses>286300001</misses>
				<total>255</total>
				<timestamp>2986.623745</timestamp>
			</report>
			<report>
				<misses>286400001</misses>
				<total>255</total>
				<timestamp>2987.633787</timestamp>
			</report>
			<report>
				<misses>286500001</misses>
				<total>255</total>
				<timestamp>2988.648310</timestamp>
			</report>
			<report>
				<misses>286600001</misses>
				<total>255</total>
				<timestamp>2989.662829</timestamp>
			</report>
			<report>
				<misses>286700001</misses>
				<total>255</total>
				<timestamp>2990.674474</timestamp>
			</report>
			<report>
				<misses>286800001</misses>
				<total>255</total>
				<timestamp>2991.687915</timestamp>
			</report>
			<report>
				<misses>286900001</misses>
				<total>255</total>
				<timestamp>2992.694053</timestamp>
			</report>
			<report>
				<misses>287000001</misses>
				<total>255</total>
				<timestamp>2993.707747</timestamp>
			</report>
			<report>
				<misses>287100001</misses>
				<total>255</total>
				<timestamp>2994.717226</timestamp>
			</report>
			<report>
				<misses>287200001</misses>
				<total>255</total>
				<timestamp>2995.776929</timestamp>
			</report>
			<report>
				<misses>287300001</misses>
				<total>255</total>
				<timestamp>2996.849796</timestamp>
			</report>
			<report>
				<misses>287400001</misses>
				<total>255</total>
				<timestamp>2997.917005</timestamp>
			</report>
			<report>
				<misses>287500001</misses>
				<total>255</total>
				<timestamp>2999.001130</timestamp>
			</report>
			<report>
				<misses>287600001</misses>
				<total>255</total>
				<timestamp>3000.079586</timestamp>
			</report>
			<report>
				<misses>287700001</misses>
				<total>255</total>
				<timestamp>3001.149685</timestamp>
			</report>
			<report>
				<misses>287800001</misses>
				<total>255</total>
				<timestamp>3002.226392</timestamp>
			</report>
			<report>
				<misses>287900001</misses>
				<total>255</total>
				<timestamp>3003.301509</timestamp>
			</report>
			<report>
				<misses>288000001</misses>
				<total>255</total>
				<timestamp>3004.374038</timestamp>
			</report>
			<report>
				<misses>288100001</misses>
				<total>255</total>
				<timestamp>3005.416808</timestamp>
			</report>
			<report>
				<misses>288200001</misses>
				<total>255</total>
				<timestamp>3006.440195</timestamp>
			</report>
			<report>
				<misses>288300001</misses>
				<total>255</total>
				<timestamp>3007.472311</timestamp>
			</report>
			<report>
				<misses>288400001</misses>
				<total>255</total>
				<timestamp>3008.499845</timestamp>
			</report>
			<report>
				<misses>288500001</misses>
				<total>255</total>
				<timestamp>3009.521591</timestamp>
			</report>
			<report>
				<misses>288600001</misses>
				<total>255</total>
				<timestamp>3010.541968</timestamp>
			</report>
			<report>
				<misses>288700001</misses>
				<total>255</total>
				<timestamp>3011.548666</timestamp>
			</report>
			<report>
				<misses>288800001</misses>
				<total>255</total>
				<timestamp>3012.600609</timestamp>
			</report>
			<report>
				<misses>288900001</misses>
				<total>255</total>
				<timestamp>3013.661818</timestamp>
			</report>
			<report>
				<misses>289000001</misses>
				<total>255</total>
				<timestamp>3014.757402</timestamp>
			</report>
			<report>
				<misses>289100001</misses>
				<total>255</total>
				<timestamp>3015.774659</timestamp>
			</report>
			<report>
				<misses>289200001</misses>
				<total>255</total>
				<timestamp>3016.782428</timestamp>
			</report>
			<report>
				<misses>289300001</misses>
				<total>255</total>
				<timestamp>3017.798159</timestamp>
			</report>
			<report>
				<misses>289400001</misses>
				<total>255</total>
				<timestamp>3018.816168</timestamp>
			</report>
			<report>
				<misses>289500001</misses>
				<total>255</total>
				<timestamp>3019.822474</timestamp>
			</report>
			<report>
				<misses>289600001</misses>
				<total>255</total>
				<timestamp>3020.870990</timestamp>
			</report>
			<report>
				<misses>289700001</misses>
				<total>255</total>
				<timestamp>3021.934970</timestamp>
			</report>
			<report>
				<misses>289800001</misses>
				<total>255</total>
				<timestamp>3022.984997</timestamp>
			</report>
			<report>
				<misses>289900001</misses>
				<total>255</total>
				<timestamp>3024.044629</timestamp>
			</report>
			<report>
				<misses>290000001</misses>
				<total>255</total>
				<timestamp>3025.102035</timestamp>
			</report>
			<report>
				<misses>290100001</misses>
				<total>255</total>
				<timestamp>3026.168925</timestamp>
			</report>
			<report>
				<misses>290200001</misses>
				<total>255</total>
				<timestamp>3027.245062</timestamp>
			</report>
			<report>
				<misses>290300001</misses>
				<total>255</total>
				<timestamp>3028.324072</timestamp>
			</report>
			<report>
				<misses>290400001</misses>
				<total>255</total>
				<timestamp>3029.380553</timestamp>
			</report>
			<report>
				<misses>290500001</misses>
				<total>255</total>
				<timestamp>3030.446890</timestamp>
			</report>
			<report>
				<misses>290600001</misses>
				<total>255</total>
				<timestamp>3031.450812</timestamp>
			</report>
			<report>
				<misses>290700001</misses>
				<total>255</total>
				<timestamp>3032.453525</timestamp>
			</report>
			<report>
				<misses>290800001</misses>
				<total>255</total>
				<timestamp>3033.466418</timestamp>
			</report>
			<report>
				<misses>290900001</misses>
				<total>255</total>
				<timestamp>3034.470604</timestamp>
			</report>
			<report>
				<misses>291000001</misses>
				<total>255</total>
				<timestamp>3035.490990</timestamp>
			</report>
			<report>
				<misses>291100001</misses>
				<total>255</total>
				<timestamp>3036.500206</timestamp>
			</report>
			<report>
				<misses>291200001</misses>
				<total>255</total>
				<timestamp>3037.512195</timestamp>
			</report>
			<report>
				<misses>291300001</misses>
				<total>255</total>
				<timestamp>3038.517932</timestamp>
			</report>
			<report>
				<misses>291400001</misses>
				<total>255</total>
				<timestamp>3039.547216</timestamp>
			</report>
			<report>
				<misses>291500001</misses>
				<total>255</total>
				<timestamp>3040.557072</timestamp>
			</report>
			<report>
				<misses>291600001</misses>
				<total>255</total>
				<timestamp>3041.568940</timestamp>
			</report>
			<report>
				<misses>291700001</misses>
				<total>255</total>
				<timestamp>3042.571082</timestamp>
			</report>
			<report>
				<misses>291800001</misses>
				<total>255</total>
				<timestamp>3043.578603</timestamp>
			</report>
			<report>
				<misses>291900001</misses>
				<total>255</total>
				<timestamp>3044.592909</timestamp>
			</report>
			<report>
				<misses>292000001</misses>
				<total>255</total>
				<timestamp>3045.635359</timestamp>
			</report>
			<report>
				<misses>292100001</misses>
				<total>255</total>
				<timestamp>3046.691805</timestamp>
			</report>
			<report>
				<misses>292200001</misses>
				<total>255</total>
				<timestamp>3047.729918</timestamp>
			</report>
			<report>
				<misses>292300001</misses>
				<total>255</total>
				<timestamp>3048.740692</timestamp>
			</report>
			<report>
				<misses>292400001</misses>
				<total>255</total>
				<timestamp>3049.790935</timestamp>
			</report>
			<report>
				<misses>292500001</misses>
				<total>255</total>
				<timestamp>3050.824932</timestamp>
			</report>
			<report>
				<misses>292600001</misses>
				<total>255</total>
				<timestamp>3051.832787</timestamp>
			</report>
			<report>
				<misses>292700001</misses>
				<total>255</total>
				<timestamp>3052.842510</timestamp>
			</report>
			<report>
				<misses>292800001</misses>
				<total>255</total>
				<timestamp>3053.853577</timestamp>
			</report>
			<report>
				<misses>292900001</misses>
				<total>255</total>
				<timestamp>3054.860123</timestamp>
			</report>
			<report>
				<misses>293000001</misses>
				<total>255</total>
				<timestamp>3055.869149</timestamp>
			</report>
			<report>
				<misses>293100001</misses>
				<total>255</total>
				<timestamp>3056.901089</timestamp>
			</report>
			<report>
				<misses>293200001</misses>
				<total>255</total>
				<timestamp>3057.914379</timestamp>
			</report>
			<report>
				<misses>293300001</misses>
				<total>255</total>
				<timestamp>3058.933833</timestamp>
			</report>
			<report>
				<misses>293400001</misses>
				<total>255</total>
				<timestamp>3059.950548</timestamp>
			</report>
			<report>
				<misses>293500001</misses>
				<total>255</total>
				<timestamp>3060.971949</timestamp>
			</report>
			<report>
				<misses>293600001</misses>
				<total>255</total>
				<timestamp>3062.011104</timestamp>
			</report>
			<report>
				<misses>293700001</misses>
				<total>255</total>
				<timestamp>3063.070656</timestamp>
			</report>
			<report>
				<misses>293800001</misses>
				<total>255</total>
				<timestamp>3064.142070</timestamp>
			</report>
			<report>
				<misses>293900001</misses>
				<total>255</total>
				<timestamp>3065.206029</timestamp>
			</report>
			<report>
				<misses>294000001</misses>
				<total>255</total>
				<timestamp>3066.278833</timestamp>
			</report>
			<report>
				<misses>294100001</misses>
				<total>255</total>
				<timestamp>3067.355736</timestamp>
			</report>
			<report>
				<misses>294200001</misses>
				<total>255</total>
				<timestamp>3068.402634</timestamp>
			</report>
			<report>
				<misses>294300001</misses>
				<total>255</total>
				<timestamp>3069.445240</timestamp>
			</report>
			<report>
				<misses>294400001</misses>
				<total>255</total>
				<timestamp>3070.494080</timestamp>
			</report>
			<report>
				<misses>294500001</misses>
				<total>255</total>
				<timestamp>3071.551663</timestamp>
			</report>
			<report>
				<misses>294600001</misses>
				<total>255</total>
				<timestamp>3072.566650</timestamp>
			</report>
			<report>
				<misses>294700001</misses>
				<total>255</total>
				<timestamp>3073.581532</timestamp>
			</report>
			<report>
				<misses>294800001</misses>
				<total>255</total>
				<timestamp>3074.597325</timestamp>
			</report>
			<report>
				<misses>294900001</misses>
				<total>255</total>
				<timestamp>3075.611261</timestamp>
			</report>
			<report>
				<misses>295000001</misses>
				<total>255</total>
				<timestamp>3076.628672</timestamp>
			</report>
			<report>
				<misses>295100001</misses>
				<total>255</total>
				<timestamp>3077.640343</timestamp>
			</report>
			<report>
				<misses>295200001</misses>
				<total>255</total>
				<timestamp>3078.647262</timestamp>
			</report>
			<report>
				<misses>295300001</misses>
				<total>255</total>
				<timestamp>3079.658979</timestamp>
			</report>
			<report>
				<misses>295400001</misses>
				<total>255</total>
				<timestamp>3080.660806</timestamp>
			</report>
			<report>
				<misses>295500001</misses>
				<total>255</total>
				<timestamp>3081.677759</timestamp>
			</report>
			<report>
				<misses>295600001</misses>
				<total>255</total>
				<timestamp>3082.741718</timestamp>
			</report>
			<report>
				<misses>295700001</misses>
				<total>255</total>
				<timestamp>3083.785141</timestamp>
			</report>
			<report>
				<misses>295800001</misses>
				<total>255</total>
				<timestamp>3084.842225</timestamp>
			</report>
			<report>
				<misses>295900001</misses>
				<total>255</total>
				<timestamp>3085.879801</timestamp>
			</report>
			<report>
				<misses>296000001</misses>
				<total>255</total>
				<timestamp>3086.919907</timestamp>
			</report>
			<report>
				<misses>296100001</misses>
				<total>255</total>
				<timestamp>3087.957801</timestamp>
			</report>
			<report>
				<misses>296200001</misses>
				<total>255</total>
				<timestamp>3089.005935</timestamp>
			</report>
			<report>
				<misses>296300001</misses>
				<total>255</total>
				<timestamp>3090.065460</timestamp>
			</report>
			<report>
				<misses>296400001</misses>
				<total>255</total>
				<timestamp>3091.115970</timestamp>
			</report>
			<report>
				<misses>296500001</misses>
				<total>255</total>
				<timestamp>3092.173273</timestamp>
			</report>
			<report>
				<misses>296600001</misses>
				<total>255</total>
				<timestamp>3093.194720</timestamp>
			</report>
			<report>
				<misses>296700001</misses>
				<total>255</total>
				<timestamp>3094.210519</timestamp>
			</report>
			<report>
				<misses>296800001</misses>
				<total>255</total>
				<timestamp>3095.253297</timestamp>
			</report>
			<report>
				<misses>296900001</misses>
				<total>255</total>
				<timestamp>3096.286631</timestamp>
			</report>
			<report>
				<misses>297000001</misses>
				<total>255</total>
				<timestamp>3097.289787</timestamp>
			</report>
			<report>
				<misses>297100001</misses>
				<total>255</total>
				<timestamp>3098.296052</timestamp>
			</report>
			<report>
				<misses>297200001</misses>
				<total>255</total>
				<timestamp>3099.304875</timestamp>
			</report>
			<report>
				<misses>297300001</misses>
				<total>255</total>
				<timestamp>3100.326217</timestamp>
			</report>
			<report>
				<misses>297400001</misses>
				<total>255</total>
				<timestamp>3101.326480</timestamp>
			</report>
			<report>
				<misses>297500001</misses>
				<total>255</total>
				<timestamp>3102.332474</timestamp>
			</report>
			<report>
				<misses>297600001</misses>
				<total>255</total>
				<timestamp>3103.344461</timestamp>
			</report>
			<report>
				<misses>297700001</misses>
				<total>255</total>
				<timestamp>3104.365962</timestamp>
			</report>
			<report>
				<misses>297800001</misses>
				<total>255</total>
				<timestamp>3105.392368</timestamp>
			</report>
			<report>
				<misses>297900001</misses>
				<total>255</total>
				<timestamp>3106.443857</timestamp>
			</report>
			<report>
				<misses>298000001</misses>
				<total>255</total>
				<timestamp>3107.499129</timestamp>
			</report>
			<report>
				<misses>298100001</misses>
				<total>255</total>
				<timestamp>3108.561042</timestamp>
			</report>
			<report>
				<misses>298200001</misses>
				<total>255</total>
				<timestamp>3109.610006</timestamp>
			</report>
			<report>
				<misses>298300001</misses>
				<total>255</total>
				<timestamp>3110.676743</timestamp>
			</report>
			<report>
				<misses>298400001</misses>
				<total>255</total>
				<timestamp>3111.751713</timestamp>
			</report>
			<report>
				<misses>298500001</misses>
				<total>255</total>
				<timestamp>3112.790984</timestamp>
			</report>
			<report>
				<misses>298600001</misses>
				<total>255</total>
				<timestamp>3113.866462</timestamp>
			</report>
			<report>
				<misses>298700001</misses>
				<total>255</total>
				<timestamp>3114.932002</timestamp>
			</report>
			<report>
				<misses>298800001</misses>
				<total>255</total>
				<timestamp>3116.006786</timestamp>
			</report>
			<report>
				<misses>298900001</misses>
				<total>255</total>
				<timestamp>3117.058671</timestamp>
			</report>
			<report>
				<misses>299000001</misses>
				<total>255</total>
				<timestamp>3118.122011</timestamp>
			</report>
			<report>
				<misses>299100001</misses>
				<total>255</total>
				<timestamp>3119.174542</timestamp>
			</report>
			<report>
				<misses>299200001</misses>
				<total>255</total>
				<timestamp>3120.213978</timestamp>
			</report>
			<report>
				<misses>299300001</misses>
				<total>255</total>
				<timestamp>3121.251106</timestamp>
			</report>
			<report>
				<misses>299400001</misses>
				<total>255</total>
				<timestamp>3122.288187</timestamp>
			</report>
			<report>
				<misses>299500001</misses>
				<total>255</total>
				<timestamp>3123.351598</timestamp>
			</report>
			<report>
				<misses>299600001</misses>
				<total>255</total>
				<timestamp>3124.396561</timestamp>
			</report>
			<report>
				<misses>299700001</misses>
				<total>255</total>
				<timestamp>3125.451517</timestamp>
			</report>
			<report>
				<misses>299800001</misses>
				<total>255</total>
				<timestamp>3126.506361</timestamp>
			</report>
			<report>
				<misses>299900001</misses>
				<total>255</total>
				<timestamp>3127.560551</timestamp>
			</report>
			<report>
				<misses>300000001</misses>
				<total>255</total>
				<timestamp>3128.572976</timestamp>
			</report>
			<report>
				<misses>300100001</misses>
				<total>255</total>
				<timestamp>3129.580023</timestamp>
			</report>
			<report>
				<misses>300200001</misses>
				<total>255</total>
				<timestamp>3130.595434</timestamp>
			</report>
			<report>
				<misses>300300001</misses>
				<total>255</total>
				<timestamp>3131.631617</timestamp>
			</report>
			<report>
				<misses>300400001</misses>
				<total>255</total>
				<timestamp>3132.710119</timestamp>
			</report>
			<report>
				<misses>300500001</misses>
				<total>255</total>
				<timestamp>3133.778503</timestamp>
			</report>
			<report>
				<misses>300600001</misses>
				<total>255</total>
				<timestamp>3134.835840</timestamp>
			</report>
			<report>
				<misses>300700001</misses>
				<total>255</total>
				<timestamp>3135.893767</timestamp>
			</report>
			<report>
				<misses>300800001</misses>
				<total>255</total>
				<timestamp>3136.939817</timestamp>
			</report>
			<report>
				<misses>300900001</misses>
				<total>255</total>
				<timestamp>3138.003819</timestamp>
			</report>
			<report>
				<misses>301000001</misses>
				<total>255</total>
				<timestamp>3139.067161</timestamp>
			</report>
			<report>
				<misses>301100001</misses>
				<total>255</total>
				<timestamp>3140.094378</timestamp>
			</report>
			<report>
				<misses>301200001</misses>
				<total>255</total>
				<timestamp>3141.107537</timestamp>
			</report>
			<report>
				<misses>301300001</misses>
				<total>255</total>
				<timestamp>3142.121463</timestamp>
			</report>
			<report>
				<misses>301400001</misses>
				<total>255</total>
				<timestamp>3143.124549</timestamp>
			</report>
			<report>
				<misses>301500001</misses>
				<total>255</total>
				<timestamp>3144.158350</timestamp>
			</report>
			<report>
				<misses>301600001</misses>
				<total>255</total>
				<timestamp>3145.208667</timestamp>
			</report>
			<report>
				<misses>301700001</misses>
				<total>255</total>
				<timestamp>3146.248157</timestamp>
			</report>
			<report>
				<misses>301800001</misses>
				<total>255</total>
				<timestamp>3147.294269</timestamp>
			</report>
			<report>
				<misses>301900001</misses>
				<total>255</total>
				<timestamp>3148.357236</timestamp>
			</report>
			<report>
				<misses>302000001</misses>
				<total>255</total>
				<timestamp>3149.411549</timestamp>
			</report>
			<report>
				<misses>302100001</misses>
				<total>255</total>
				<timestamp>3150.456374</timestamp>
			</report>
			<report>
				<misses>302200001</misses>
				<total>255</total>
				<timestamp>3151.511349</timestamp>
			</report>
			<report>
				<misses>302300001</misses>
				<total>255</total>
				<timestamp>3152.527638</timestamp>
			</report>
			<report>
				<misses>302400001</misses>
				<total>255</total>
				<timestamp>3153.544633</timestamp>
			</report>
			<report>
				<misses>302500001</misses>
				<total>255</total>
				<timestamp>3154.580842</timestamp>
			</report>
			<report>
				<misses>302600001</misses>
				<total>255</total>
				<timestamp>3155.647402</timestamp>
			</report>
			<report>
				<misses>302700001</misses>
				<total>255</total>
				<timestamp>3156.717562</timestamp>
			</report>
			<report>
				<misses>302800001</misses>
				<total>255</total>
				<timestamp>3157.757212</timestamp>
			</report>
			<report>
				<misses>302900001</misses>
				<total>255</total>
				<timestamp>3158.812237</timestamp>
			</report>
			<report>
				<misses>303000001</misses>
				<total>255</total>
				<timestamp>3159.876683</timestamp>
			</report>
			<report>
				<misses>303100001</misses>
				<total>255</total>
				<timestamp>3160.884460</timestamp>
			</report>
			<report>
				<misses>303200001</misses>
				<total>255</total>
				<timestamp>3161.884388</timestamp>
			</report>
			<report>
				<misses>303300001</misses>
				<total>255</total>
				<timestamp>3162.883543</timestamp>
			</report>
			<report>
				<misses>303400001</misses>
				<total>255</total>
				<timestamp>3163.886183</timestamp>
			</report>
			<report>
				<misses>303500001</misses>
				<total>255</total>
				<timestamp>3164.948312</timestamp>
			</report>
			<report>
				<misses>303600001</misses>
				<total>255</total>
				<timestamp>3166.006714</timestamp>
			</report>
			<report>
				<misses>303700001</misses>
				<total>255</total>
				<timestamp>3167.024006</timestamp>
			</report>
			<report>
				<misses>303800001</misses>
				<total>255</total>
				<timestamp>3168.048955</timestamp>
			</report>
			<report>
				<misses>303900001</misses>
				<total>255</total>
				<timestamp>3169.051392</timestamp>
			</report>
			<report>
				<misses>304000001</misses>
				<total>255</total>
				<timestamp>3170.058622</timestamp>
			</report>
			<report>
				<misses>304100001</misses>
				<total>255</total>
				<timestamp>3171.073190</timestamp>
			</report>
			<report>
				<misses>304200001</misses>
				<total>255</total>
				<timestamp>3172.083740</timestamp>
			</report>
			<report>
				<misses>304300001</misses>
				<total>255</total>
				<timestamp>3173.132787</timestamp>
			</report>
			<report>
				<misses>304400001</misses>
				<total>255</total>
				<timestamp>3174.181895</timestamp>
			</report>
			<report>
				<misses>304500001</misses>
				<total>255</total>
				<timestamp>3175.225075</timestamp>
			</report>
			<report>
				<misses>304600001</misses>
				<total>255</total>
				<timestamp>3176.229978</timestamp>
			</report>
			<report>
				<misses>304700001</misses>
				<total>255</total>
				<timestamp>3177.245345</timestamp>
			</report>
			<report>
				<misses>304800001</misses>
				<total>255</total>
				<timestamp>3178.257196</timestamp>
			</report>
			<report>
				<misses>304900001</misses>
				<total>255</total>
				<timestamp>3179.271837</timestamp>
			</report>
			<report>
				<misses>305000001</misses>
				<total>255</total>
				<timestamp>3180.287190</timestamp>
			</report>
			<report>
				<misses>305100001</misses>
				<total>255</total>
				<timestamp>3181.294165</timestamp>
			</report>
			<report>
				<misses>305200001</misses>
				<total>255</total>
				<timestamp>3182.311873</timestamp>
			</report>
			<report>
				<misses>305300001</misses>
				<total>255</total>
				<timestamp>3183.316202</timestamp>
			</report>
			<report>
				<misses>305400001</misses>
				<total>255</total>
				<timestamp>3184.334648</timestamp>
			</report>
			<report>
				<misses>305500001</misses>
				<total>255</total>
				<timestamp>3185.361152</timestamp>
			</report>
			<report>
				<misses>305600001</misses>
				<total>255</total>
				<timestamp>3186.385391</timestamp>
			</report>
			<report>
				<misses>305700001</misses>
				<total>255</total>
				<timestamp>3187.408931</timestamp>
			</report>
			<report>
				<misses>305800001</misses>
				<total>255</total>
				<timestamp>3188.417011</timestamp>
			</report>
			<report>
				<misses>305900001</misses>
				<total>255</total>
				<timestamp>3189.401050</timestamp>
			</report>
			<report>
				<misses>306000001</misses>
				<total>255</total>
				<timestamp>3190.390785</timestamp>
			</report>
			<report>
				<misses>306100001</misses>
				<total>255</total>
				<timestamp>3191.420583</timestamp>
			</report>
			<report>
				<misses>306200001</misses>
				<total>255</total>
				<timestamp>3192.492003</timestamp>
			</report>
			<report>
				<misses>306300001</misses>
				<total>255</total>
				<timestamp>3193.550773</timestamp>
			</report>
			<report>
				<misses>306400001</misses>
				<total>255</total>
				<timestamp>3194.602559</timestamp>
			</report>
			<report>
				<misses>306500001</misses>
				<total>255</total>
				<timestamp>3195.654014</timestamp>
			</report>
			<report>
				<misses>306600001</misses>
				<total>255</total>
				<timestamp>3196.698159</timestamp>
			</report>
			<report>
				<misses>306700001</misses>
				<total>255</total>
				<timestamp>3197.759884</timestamp>
			</report>
			<report>
				<misses>306800001</misses>
				<total>255</total>
				<timestamp>3198.833743</timestamp>
			</report>
			<report>
				<misses>306900001</misses>
				<total>255</total>
				<timestamp>3199.872384</timestamp>
			</report>
			<report>
				<misses>307000001</misses>
				<total>255</total>
				<timestamp>3200.946023</timestamp>
			</report>
			<report>
				<misses>307100001</misses>
				<total>255</total>
				<timestamp>3201.979001</timestamp>
			</report>
			<report>
				<misses>307200001</misses>
				<total>255</total>
				<timestamp>3203.021888</timestamp>
			</report>
			<report>
				<misses>307300001</misses>
				<total>255</total>
				<timestamp>3204.103695</timestamp>
			</report>
			<report>
				<misses>307400001</misses>
				<total>255</total>
				<timestamp>3205.138550</timestamp>
			</report>
			<report>
				<misses>307500001</misses>
				<total>255</total>
				<timestamp>3206.167094</timestamp>
			</report>
			<report>
				<misses>307600001</misses>
				<total>255</total>
				<timestamp>3207.214623</timestamp>
			</report>
			<report>
				<misses>307700001</misses>
				<total>255</total>
				<timestamp>3208.274601</timestamp>
			</report>
			<report>
				<misses>307800001</misses>
				<total>255</total>
				<timestamp>3209.306456</timestamp>
			</report>
			<report>
				<misses>307900001</misses>
				<total>255</total>
				<timestamp>3210.363573</timestamp>
			</report>
			<report>
				<misses>308000001</misses>
				<total>255</total>
				<timestamp>3211.414559</timestamp>
			</report>
			<report>
				<misses>308100001</misses>
				<total>255</total>
				<timestamp>3212.486312</timestamp>
			</report>
			<report>
				<misses>308200001</misses>
				<total>255</total>
				<timestamp>3213.531061</timestamp>
			</report>
			<report>
				<misses>308300001</misses>
				<total>255</total>
				<timestamp>3214.579315</timestamp>
			</report>
			<report>
				<misses>308400001</misses>
				<total>255</total>
				<timestamp>3215.630532</timestamp>
			</report>
			<report>
				<misses>308500001</misses>
				<total>255</total>
				<timestamp>3216.691750</timestamp>
			</report>
			<report>
				<misses>308600001</misses>
				<total>255</total>
				<timestamp>3217.707743</timestamp>
			</report>
			<report>
				<misses>308700001</misses>
				<total>255</total>
				<timestamp>3218.724721</timestamp>
			</report>
			<report>
				<misses>308800001</misses>
				<total>255</total>
				<timestamp>3219.755359</timestamp>
			</report>
			<report>
				<misses>308900001</misses>
				<total>255</total>
				<timestamp>3220.803900</timestamp>
			</report>
			<report>
				<misses>309000001</misses>
				<total>255</total>
				<timestamp>3221.885051</timestamp>
			</report>
			<report>
				<misses>309100001</misses>
				<total>255</total>
				<timestamp>3222.952324</timestamp>
			</report>
			<report>
				<misses>309200001</misses>
				<total>255</total>
				<timestamp>3224.001037</timestamp>
			</report>
			<report>
				<misses>309300001</misses>
				<total>255</total>
				<timestamp>3225.061605</timestamp>
			</report>
			<report>
				<misses>309400001</misses>
				<total>255</total>
				<timestamp>3226.139075</timestamp>
			</report>
			<report>
				<misses>309500001</misses>
				<total>255</total>
				<timestamp>3227.198945</timestamp>
			</report>
			<report>
				<misses>309600001</misses>
				<total>255</total>
				<timestamp>3228.264666</timestamp>
			</report>
			<report>
				<misses>309700001</misses>
				<total>255</total>
				<timestamp>3229.341587</timestamp>
			</report>
			<report>
				<misses>309800001</misses>
				<total>255</total>
				<timestamp>3230.365300</timestamp>
			</report>
			<report>
				<misses>309900001</misses>
				<total>255</total>
				<timestamp>3231.372198</timestamp>
			</report>
			<report>
				<misses>310000001</misses>
				<total>255</total>
				<timestamp>3232.378905</timestamp>
			</report>
			<report>
				<misses>310100001</misses>
				<total>255</total>
				<timestamp>3233.400336</timestamp>
			</report>
			<report>
				<misses>310200001</misses>
				<total>255</total>
				<timestamp>3234.403018</timestamp>
			</report>
			<report>
				<misses>310300001</misses>
				<total>255</total>
				<timestamp>3235.409269</timestamp>
			</report>
			<report>
				<misses>310400001</misses>
				<total>255</total>
				<timestamp>3236.416167</timestamp>
			</report>
			<report>
				<misses>310500001</misses>
				<total>255</total>
				<timestamp>3237.421182</timestamp>
			</report>
			<report>
				<misses>310600001</misses>
				<total>255</total>
				<timestamp>3238.429308</timestamp>
			</report>
			<report>
				<misses>310700001</misses>
				<total>255</total>
				<timestamp>3239.435366</timestamp>
			</report>
			<report>
				<misses>310800001</misses>
				<total>255</total>
				<timestamp>3240.460075</timestamp>
			</report>
			<report>
				<misses>310900001</misses>
				<total>255</total>
				<timestamp>3241.522156</timestamp>
			</report>
			<report>
				<misses>311000001</misses>
				<total>255</total>
				<timestamp>3242.557092</timestamp>
			</report>
			<report>
				<misses>311100001</misses>
				<total>255</total>
				<timestamp>3243.612497</timestamp>
			</report>
			<report>
				<misses>311200001</misses>
				<total>255</total>
				<timestamp>3244.676620</timestamp>
			</report>
			<report>
				<misses>311300001</misses>
				<total>255</total>
				<timestamp>3245.747704</timestamp>
			</report>
			<report>
				<misses>311400001</misses>
				<total>255</total>
				<timestamp>3246.806727</timestamp>
			</report>
			<report>
				<misses>311500001</misses>
				<total>255</total>
				<timestamp>3247.848714</timestamp>
			</report>
			<report>
				<misses>311600001</misses>
				<total>255</total>
				<timestamp>3248.914439</timestamp>
			</report>
			<report>
				<misses>311700001</misses>
				<total>255</total>
				<timestamp>3249.972718</timestamp>
			</report>
			<report>
				<misses>311800001</misses>
				<total>255</total>
				<timestamp>3251.037414</timestamp>
			</report>
			<report>
				<misses>311900001</misses>
				<total>255</total>
				<timestamp>3252.102750</timestamp>
			</report>
			<report>
				<misses>312000001</misses>
				<total>255</total>
				<timestamp>3253.153264</timestamp>
			</report>
			<report>
				<misses>312100001</misses>
				<total>255</total>
				<timestamp>3254.217185</timestamp>
			</report>
			<report>
				<misses>312200001</misses>
				<total>255</total>
				<timestamp>3255.280662</timestamp>
			</report>
			<report>
				<misses>312300001</misses>
				<total>255</total>
				<timestamp>3256.357286</timestamp>
			</report>
			<report>
				<misses>312400001</misses>
				<total>255</total>
				<timestamp>3257.400646</timestamp>
			</report>
			<report>
				<misses>312500001</misses>
				<total>255</total>
				<timestamp>3258.455076</timestamp>
			</report>
			<report>
				<misses>312600001</misses>
				<total>255</total>
				<timestamp>3259.497583</timestamp>
			</report>
			<report>
				<misses>312700001</misses>
				<total>255</total>
				<timestamp>3260.504356</timestamp>
			</report>
			<report>
				<misses>312800001</misses>
				<total>255</total>
				<timestamp>3261.512278</timestamp>
			</report>
			<report>
				<misses>312900001</misses>
				<total>255</total>
				<timestamp>3262.518711</timestamp>
			</report>
			<report>
				<misses>313000001</misses>
				<total>255</total>
				<timestamp>3263.537692</timestamp>
			</report>
			<report>
				<misses>313100001</misses>
				<total>255</total>
				<timestamp>3264.602569</timestamp>
			</report>
			<report>
				<misses>313200001</misses>
				<total>255</total>
				<timestamp>3265.655727</timestamp>
			</report>
			<report>
				<misses>313300001</misses>
				<total>255</total>
				<timestamp>3266.690502</timestamp>
			</report>
			<report>
				<misses>313400001</misses>
				<total>255</total>
				<timestamp>3267.703978</timestamp>
			</report>
			<report>
				<misses>313500001</misses>
				<total>255</total>
				<timestamp>3268.709008</timestamp>
			</report>
			<report>
				<misses>313600001</misses>
				<total>255</total>
				<timestamp>3269.712349</timestamp>
			</report>
			<report>
				<misses>313700001</misses>
				<total>255</total>
				<timestamp>3270.734954</timestamp>
			</report>
			<report>
				<misses>313800001</misses>
				<total>255</total>
				<timestamp>3271.758304</timestamp>
			</report>
			<report>
				<misses>313900001</misses>
				<total>255</total>
				<timestamp>3272.767231</timestamp>
			</report>
			<report>
				<misses>314000001</misses>
				<total>255</total>
				<timestamp>3273.788760</timestamp>
			</report>
			<report>
				<misses>314100001</misses>
				<total>255</total>
				<timestamp>3274.814177</timestamp>
			</report>
			<report>
				<misses>314200001</misses>
				<total>255</total>
				<timestamp>3275.814108</timestamp>
			</report>
			<report>
				<misses>314300001</misses>
				<total>255</total>
				<timestamp>3276.831010</timestamp>
			</report>
			<report>
				<misses>314400001</misses>
				<total>255</total>
				<timestamp>3277.844179</timestamp>
			</report>
			<report>
				<misses>314500001</misses>
				<total>255</total>
				<timestamp>3278.843962</timestamp>
			</report>
			<report>
				<misses>314600001</misses>
				<total>255</total>
				<timestamp>3279.852607</timestamp>
			</report>
			<report>
				<misses>314700001</misses>
				<total>255</total>
				<timestamp>3280.860070</timestamp>
			</report>
			<report>
				<misses>314800001</misses>
				<total>255</total>
				<timestamp>3281.862065</timestamp>
			</report>
			<report>
				<misses>314900001</misses>
				<total>255</total>
				<timestamp>3282.880058</timestamp>
			</report>
			<report>
				<misses>315000001</misses>
				<total>255</total>
				<timestamp>3283.934275</timestamp>
			</report>
			<report>
				<misses>315100001</misses>
				<total>255</total>
				<timestamp>3285.000645</timestamp>
			</report>
			<report>
				<misses>315200001</misses>
				<total>255</total>
				<timestamp>3286.063856</timestamp>
			</report>
			<report>
				<misses>315300001</misses>
				<total>255</total>
				<timestamp>3287.135977</timestamp>
			</report>
			<report>
				<misses>315400001</misses>
				<total>255</total>
				<timestamp>3288.201995</timestamp>
			</report>
			<report>
				<misses>315500001</misses>
				<total>255</total>
				<timestamp>3289.270412</timestamp>
			</report>
			<report>
				<misses>315600001</misses>
				<total>255</total>
				<timestamp>3290.280352</timestamp>
			</report>
			<report>
				<misses>315700001</misses>
				<total>255</total>
				<timestamp>3291.280465</timestamp>
			</report>
			<report>
				<misses>315800001</misses>
				<total>255</total>
				<timestamp>3292.275429</timestamp>
			</report>
			<report>
				<misses>315900001</misses>
				<total>255</total>
				<timestamp>3293.278826</timestamp>
			</report>
			<report>
				<misses>316000001</misses>
				<total>255</total>
				<timestamp>3294.286110</timestamp>
			</report>
			<report>
				<misses>316100001</misses>
				<total>255</total>
				<timestamp>3295.291358</timestamp>
			</report>
			<report>
				<misses>316200001</misses>
				<total>255</total>
				<timestamp>3296.296163</timestamp>
			</report>
			<report>
				<misses>316300001</misses>
				<total>255</total>
				<timestamp>3297.346346</timestamp>
			</report>
			<report>
				<misses>316400001</misses>
				<total>255</total>
				<timestamp>3298.343838</timestamp>
			</report>
			<report>
				<misses>316500001</misses>
				<total>255</total>
				<timestamp>3299.379857</timestamp>
			</report>
			<report>
				<misses>316600001</misses>
				<total>255</total>
				<timestamp>3300.466555</timestamp>
			</report>
			<report>
				<misses>316700001</misses>
				<total>255</total>
				<timestamp>3301.539445</timestamp>
			</report>
			<report>
				<misses>316800001</misses>
				<total>255</total>
				<timestamp>3302.605500</timestamp>
			</report>
			<report>
				<misses>316900001</misses>
				<total>255</total>
				<timestamp>3303.662774</timestamp>
			</report>
			<report>
				<misses>317000001</misses>
				<total>255</total>
				<timestamp>3304.712827</timestamp>
			</report>
			<report>
				<misses>317100001</misses>
				<total>255</total>
				<timestamp>3305.765368</timestamp>
			</report>
			<report>
				<misses>317200001</misses>
				<total>255</total>
				<timestamp>3306.820783</timestamp>
			</report>
			<report>
				<misses>317300001</misses>
				<total>255</total>
				<timestamp>3307.878775</timestamp>
			</report>
			<report>
				<misses>317400001</misses>
				<total>255</total>
				<timestamp>3308.952131</timestamp>
			</report>
			<report>
				<misses>317500001</misses>
				<total>255</total>
				<timestamp>3310.022428</timestamp>
			</report>
			<report>
				<misses>317600001</misses>
				<total>255</total>
				<timestamp>3311.085166</timestamp>
			</report>
			<report>
				<misses>317700001</misses>
				<total>255</total>
				<timestamp>3312.164220</timestamp>
			</report>
			<report>
				<misses>317800001</misses>
				<total>255</total>
				<timestamp>3313.228583</timestamp>
			</report>
			<report>
				<misses>317900001</misses>
				<total>255</total>
				<timestamp>3314.306966</timestamp>
			</report>
			<report>
				<misses>318000001</misses>
				<total>255</total>
				<timestamp>3315.348377</timestamp>
			</report>
			<report>
				<misses>318100001</misses>
				<total>255</total>
				<timestamp>3316.430760</timestamp>
			</report>
			<report>
				<misses>318200001</misses>
				<total>255</total>
				<timestamp>3317.498406</timestamp>
			</report>
			<report>
				<misses>318300001</misses>
				<total>255</total>
				<timestamp>3318.557118</timestamp>
			</report>
			<report>
				<misses>318400001</misses>
				<total>255</total>
				<timestamp>3319.627486</timestamp>
			</report>
			<report>
				<misses>318500001</misses>
				<total>255</total>
				<timestamp>3320.706893</timestamp>
			</report>
			<report>
				<misses>318600001</misses>
				<total>255</total>
				<timestamp>3321.763469</timestamp>
			</report>
			<report>
				<misses>318700001</misses>
				<total>255</total>
				<timestamp>3322.833871</timestamp>
			</report>
			<report>
				<misses>318800001</misses>
				<total>255</total>
				<timestamp>3323.905410</timestamp>
			</report>
			<report>
				<misses>318900001</misses>
				<total>255</total>
				<timestamp>3324.980672</timestamp>
			</report>
			<report>
				<misses>319000001</misses>
				<total>255</total>
				<timestamp>3326.062012</timestamp>
			</report>
			<report>
				<misses>319100001</misses>
				<total>255</total>
				<timestamp>3327.068701</timestamp>
			</report>
			<report>
				<misses>319200001</misses>
				<total>255</total>
				<timestamp>3328.083999</timestamp>
			</report>
			<report>
				<misses>319300001</misses>
				<total>255</total>
				<timestamp>3329.083392</timestamp>
			</report>
			<report>
				<misses>319400001</misses>
				<total>255</total>
				<timestamp>3330.085465</timestamp>
			</report>
			<report>
				<misses>319500001</misses>
				<total>255</total>
				<timestamp>3331.082827</timestamp>
			</report>
			<report>
				<misses>319600001</misses>
				<total>255</total>
				<timestamp>3332.129726</timestamp>
			</report>
			<report>
				<misses>319700001</misses>
				<total>255</total>
				<timestamp>3333.183453</timestamp>
			</report>
			<report>
				<misses>319800001</misses>
				<total>255</total>
				<timestamp>3334.242755</timestamp>
			</report>
			<report>
				<misses>319900001</misses>
				<total>255</total>
				<timestamp>3335.321233</timestamp>
			</report>
			<report>
				<misses>320000001</misses>
				<total>255</total>
				<timestamp>3336.385122</timestamp>
			</report>
			<report>
				<misses>320100001</misses>
				<total>255</total>
				<timestamp>3337.447026</timestamp>
			</report>
			<report>
				<misses>320200001</misses>
				<total>255</total>
				<timestamp>3338.466007</timestamp>
			</report>
			<report>
				<misses>320300001</misses>
				<total>255</total>
				<timestamp>3339.485002</timestamp>
			</report>
			<report>
				<misses>320400001</misses>
				<total>255</total>
				<timestamp>3340.516811</timestamp>
			</report>
			<report>
				<misses>320500001</misses>
				<total>255</total>
				<timestamp>3341.526936</timestamp>
			</report>
			<report>
				<misses>320600001</misses>
				<total>255</total>
				<timestamp>3342.537572</timestamp>
			</report>
			<report>
				<misses>320700001</misses>
				<total>255</total>
				<timestamp>3343.547562</timestamp>
			</report>
			<report>
				<misses>320800001</misses>
				<total>255</total>
				<timestamp>3344.555235</timestamp>
			</report>
			<report>
				<misses>320900001</misses>
				<total>255</total>
				<timestamp>3345.554026</timestamp>
			</report>
			<report>
				<misses>321000001</misses>
				<total>255</total>
				<timestamp>3346.542441</timestamp>
			</report>
			<report>
				<misses>321100001</misses>
				<total>255</total>
				<timestamp>3347.530505</timestamp>
			</report>
			<report>
				<misses>321200001</misses>
				<total>255</total>
				<timestamp>3348.522327</timestamp>
			</report>
			<report>
				<misses>321300001</misses>
				<total>255</total>
				<timestamp>3349.506769</timestamp>
			</report>
			<report>
				<misses>321400001</misses>
				<total>255</total>
				<timestamp>3350.495328</timestamp>
			</report>
			<report>
				<misses>321500001</misses>
				<total>255</total>
				<timestamp>3351.512027</timestamp>
			</report>
			<report>
				<misses>321600001</misses>
				<total>255</total>
				<timestamp>3352.520369</timestamp>
			</report>
			<report>
				<misses>321700001</misses>
				<total>255</total>
				<timestamp>3353.530089</timestamp>
			</report>
			<report>
				<misses>321800001</misses>
				<total>255</total>
				<timestamp>3354.537881</timestamp>
			</report>
			<report>
				<misses>321900001</misses>
				<total>255</total>
				<timestamp>3355.542715</timestamp>
			</report>
			<report>
				<misses>322000001</misses>
				<total>255</total>
				<timestamp>3356.547157</timestamp>
			</report>
			<report>
				<misses>322100001</misses>
				<total>255</total>
				<timestamp>3357.557142</timestamp>
			</report>
			<report>
				<misses>322200001</misses>
				<total>255</total>
				<timestamp>3358.546267</timestamp>
			</report>
			<report>
				<misses>322300001</misses>
				<total>255</total>
				<timestamp>3359.561650</timestamp>
			</report>
			<report>
				<misses>322400001</misses>
				<total>255</total>
				<timestamp>3360.570874</timestamp>
			</report>
			<report>
				<misses>322500001</misses>
				<total>255</total>
				<timestamp>3361.571831</timestamp>
			</report>
			<report>
				<misses>322600001</misses>
				<total>255</total>
				<timestamp>3362.581312</timestamp>
			</report>
			<report>
				<misses>322700001</misses>
				<total>255</total>
				<timestamp>3363.563299</timestamp>
			</report>
			<report>
				<misses>322800001</misses>
				<total>255</total>
				<timestamp>3364.558346</timestamp>
			</report>
			<report>
				<misses>322900001</misses>
				<total>255</total>
				<timestamp>3365.559942</timestamp>
			</report>
			<report>
				<misses>323000001</misses>
				<total>255</total>
				<timestamp>3366.567991</timestamp>
			</report>
			<report>
				<misses>323100001</misses>
				<total>255</total>
				<timestamp>3367.570255</timestamp>
			</report>
			<report>
				<misses>323200001</misses>
				<total>255</total>
				<timestamp>3368.570690</timestamp>
			</report>
			<report>
				<misses>323300001</misses>
				<total>255</total>
				<timestamp>3369.570495</timestamp>
			</report>
			<report>
				<misses>323400001</misses>
				<total>255</total>
				<timestamp>3370.570297</timestamp>
			</report>
			<report>
				<misses>323500001</misses>
				<total>255</total>
				<timestamp>3371.571389</timestamp>
			</report>
			<report>
				<misses>323600001</misses>
				<total>255</total>
				<timestamp>3372.559955</timestamp>
			</report>
			<report>
				<misses>323700001</misses>
				<total>255</total>
				<timestamp>3373.548660</timestamp>
			</report>
			<report>
				<misses>323800001</misses>
				<total>255</total>
				<timestamp>3374.529880</timestamp>
			</report>
			<report>
				<misses>323900001</misses>
				<total>255</total>
				<timestamp>3375.535508</timestamp>
			</report>
			<report>
				<misses>324000001</misses>
				<total>255</total>
				<timestamp>3376.539416</timestamp>
			</report>
			<report>
				<misses>324100001</misses>
				<total>255</total>
				<timestamp>3377.562266</timestamp>
			</report>
			<report>
				<misses>324200001</misses>
				<total>255</total>
				<timestamp>3378.602204</timestamp>
			</report>
			<report>
				<misses>324300001</misses>
				<total>255</total>
				<timestamp>3379.657620</timestamp>
			</report>
			<report>
				<misses>324400001</misses>
				<total>255</total>
				<timestamp>3380.712381</timestamp>
			</report>
			<report>
				<misses>324500001</misses>
				<total>255</total>
				<timestamp>3381.789458</timestamp>
			</report>
			<report>
				<misses>324600001</misses>
				<total>255</total>
				<timestamp>3382.833848</timestamp>
			</report>
			<report>
				<misses>324700001</misses>
				<total>255</total>
				<timestamp>3383.883123</timestamp>
			</report>
			<report>
				<misses>324800001</misses>
				<total>255</total>
				<timestamp>3384.880920</timestamp>
			</report>
			<report>
				<misses>324900001</misses>
				<total>255</total>
				<timestamp>3385.870017</timestamp>
			</report>
			<report>
				<misses>325000001</misses>
				<total>255</total>
				<timestamp>3386.847872</timestamp>
			</report>
			<report>
				<misses>325100001</misses>
				<total>255</total>
				<timestamp>3387.838966</timestamp>
			</report>
			<report>
				<misses>325200001</misses>
				<total>255</total>
				<timestamp>3388.831669</timestamp>
			</report>
			<report>
				<misses>325300001</misses>
				<total>255</total>
				<timestamp>3389.822794</timestamp>
			</report>
			<report>
				<misses>325400001</misses>
				<total>255</total>
				<timestamp>3390.813920</timestamp>
			</report>
			<report>
				<misses>325500001</misses>
				<total>255</total>
				<timestamp>3391.806640</timestamp>
			</report>
			<report>
				<misses>325600001</misses>
				<total>255</total>
				<timestamp>3392.791861</timestamp>
			</report>
			<report>
				<misses>325700001</misses>
				<total>255</total>
				<timestamp>3393.782366</timestamp>
			</report>
			<report>
				<misses>325800001</misses>
				<total>255</total>
				<timestamp>3394.785270</timestamp>
			</report>
			<report>
				<misses>325900001</misses>
				<total>255</total>
				<timestamp>3395.805089</timestamp>
			</report>
			<report>
				<misses>326000001</misses>
				<total>255</total>
				<timestamp>3396.807212</timestamp>
			</report>
			<report>
				<misses>326100001</misses>
				<total>255</total>
				<timestamp>3397.835942</timestamp>
			</report>
			<report>
				<misses>326200001</misses>
				<total>255</total>
				<timestamp>3398.845203</timestamp>
			</report>
			<report>
				<misses>326300001</misses>
				<total>255</total>
				<timestamp>3399.848455</timestamp>
			</report>
			<report>
				<misses>326400001</misses>
				<total>255</total>
				<timestamp>3400.855731</timestamp>
			</report>
			<report>
				<misses>326500001</misses>
				<total>255</total>
				<timestamp>3401.851608</timestamp>
			</report>
			<report>
				<misses>326600001</misses>
				<total>255</total>
				<timestamp>3402.850689</timestamp>
			</report>
			<report>
				<misses>326700001</misses>
				<total>255</total>
				<timestamp>3403.897200</timestamp>
			</report>
			<report>
				<misses>326800001</misses>
				<total>255</total>
				<timestamp>3404.952375</timestamp>
			</report>
			<report>
				<misses>326900001</misses>
				<total>255</total>
				<timestamp>3405.957570</timestamp>
			</report>
			<report>
				<misses>327000001</misses>
				<total>255</total>
				<timestamp>3406.949899</timestamp>
			</report>
			<report>
				<misses>327100001</misses>
				<total>255</total>
				<timestamp>3407.973195</timestamp>
			</report>
			<report>
				<misses>327200001</misses>
				<total>255</total>
				<timestamp>3408.980910</timestamp>
			</report>
			<report>
				<misses>327300001</misses>
				<total>255</total>
				<timestamp>3410.002160</timestamp>
			</report>
			<report>
				<misses>327400001</misses>
				<total>255</total>
				<timestamp>3411.009184</timestamp>
			</report>
			<report>
				<misses>327500001</misses>
				<total>255</total>
				<timestamp>3412.002392</timestamp>
			</report>
			<report>
				<misses>327600001</misses>
				<total>255</total>
				<timestamp>3413.006293</timestamp>
			</report>
			<report>
				<misses>327700001</misses>
				<total>255</total>
				<timestamp>3414.001200</timestamp>
			</report>
			<report>
				<misses>327800001</misses>
				<total>255</total>
				<timestamp>3415.012206</timestamp>
			</report>
			<report>
				<misses>327900001</misses>
				<total>255</total>
				<timestamp>3416.012894</timestamp>
			</report>
			<report>
				<misses>328000001</misses>
				<total>255</total>
				<timestamp>3417.011664</timestamp>
			</report>
			<report>
				<misses>328100001</misses>
				<total>255</total>
				<timestamp>3418.008358</timestamp>
			</report>
			<report>
				<misses>328200001</misses>
				<total>255</total>
				<timestamp>3419.005577</timestamp>
			</report>
			<report>
				<misses>328300001</misses>
				<total>255</total>
				<timestamp>3420.004472</timestamp>
			</report>
			<report>
				<misses>328400001</misses>
				<total>255</total>
				<timestamp>3421.021046</timestamp>
			</report>
			<report>
				<misses>328500001</misses>
				<total>255</total>
				<timestamp>3422.028722</timestamp>
			</report>
			<report>
				<misses>328600001</misses>
				<total>255</total>
				<timestamp>3423.073037</timestamp>
			</report>
			<report>
				<misses>328700001</misses>
				<total>255</total>
				<timestamp>3424.139599</timestamp>
			</report>
			<report>
				<misses>328800001</misses>
				<total>255</total>
				<timestamp>3425.203355</timestamp>
			</report>
			<report>
				<misses>328900001</misses>
				<total>255</total>
				<timestamp>3426.254224</timestamp>
			</report>
			<report>
				<misses>329000001</misses>
				<total>255</total>
				<timestamp>3427.309151</timestamp>
			</report>
			<report>
				<misses>329100001</misses>
				<total>255</total>
				<timestamp>3428.342638</timestamp>
			</report>
			<report>
				<misses>329200001</misses>
				<total>255</total>
				<timestamp>3429.389522</timestamp>
			</report>
			<report>
				<misses>329300001</misses>
				<total>255</total>
				<timestamp>3430.416653</timestamp>
			</report>
			<report>
				<misses>329400001</misses>
				<total>255</total>
				<timestamp>3431.471239</timestamp>
			</report>
			<report>
				<misses>329500001</misses>
				<total>255</total>
				<timestamp>3432.532145</timestamp>
			</report>
			<report>
				<misses>329600001</misses>
				<total>255</total>
				<timestamp>3433.598396</timestamp>
			</report>
			<report>
				<misses>329700001</misses>
				<total>255</total>
				<timestamp>3434.655751</timestamp>
			</report>
			<report>
				<misses>329800001</misses>
				<total>255</total>
				<timestamp>3435.716320</timestamp>
			</report>
			<report>
				<misses>329900001</misses>
				<total>255</total>
				<timestamp>3436.742857</timestamp>
			</report>
			<report>
				<misses>330000001</misses>
				<total>255</total>
				<timestamp>3437.730507</timestamp>
			</report>
			<report>
				<misses>330100001</misses>
				<total>255</total>
				<timestamp>3438.719598</timestamp>
			</report>
			<report>
				<misses>330200001</misses>
				<total>255</total>
				<timestamp>3439.722957</timestamp>
			</report>
			<report>
				<misses>330300001</misses>
				<total>255</total>
				<timestamp>3440.723726</timestamp>
			</report>
			<report>
				<misses>330400001</misses>
				<total>255</total>
				<timestamp>3441.789714</timestamp>
			</report>
			<report>
				<misses>330500001</misses>
				<total>255</total>
				<timestamp>3442.858322</timestamp>
			</report>
			<report>
				<misses>330600001</misses>
				<total>255</total>
				<timestamp>3443.926718</timestamp>
			</report>
			<report>
				<misses>330700001</misses>
				<total>255</total>
				<timestamp>3444.976180</timestamp>
			</report>
			<report>
				<misses>330800001</misses>
				<total>255</total>
				<timestamp>3446.039986</timestamp>
			</report>
			<report>
				<misses>330900001</misses>
				<total>255</total>
				<timestamp>3447.108492</timestamp>
			</report>
			<report>
				<misses>331000001</misses>
				<total>255</total>
				<timestamp>3448.174092</timestamp>
			</report>
			<report>
				<misses>331100001</misses>
				<total>255</total>
				<timestamp>3449.246977</timestamp>
			</report>
			<report>
				<misses>331200001</misses>
				<total>255</total>
				<timestamp>3450.309641</timestamp>
			</report>
			<report>
				<misses>331300001</misses>
				<total>255</total>
				<timestamp>3451.378643</timestamp>
			</report>
			<report>
				<misses>331400001</misses>
				<total>255</total>
				<timestamp>3452.436051</timestamp>
			</report>
			<report>
				<misses>331500001</misses>
				<total>255</total>
				<timestamp>3453.506041</timestamp>
			</report>
			<report>
				<misses>331600001</misses>
				<total>255</total>
				<timestamp>3454.563588</timestamp>
			</report>
			<report>
				<misses>331700001</misses>
				<total>255</total>
				<timestamp>3455.626229</timestamp>
			</report>
			<report>
				<misses>331800001</misses>
				<total>255</total>
				<timestamp>3456.688969</timestamp>
			</report>
			<report>
				<misses>331900001</misses>
				<total>255</total>
				<timestamp>3457.765281</timestamp>
			</report>
			<report>
				<misses>332000001</misses>
				<total>255</total>
				<timestamp>3458.845795</timestamp>
			</report>
			<report>
				<misses>332100001</misses>
				<total>255</total>
				<timestamp>3459.904168</timestamp>
			</report>
			<report>
				<misses>332200001</misses>
				<total>255</total>
				<timestamp>3460.973572</timestamp>
			</report>
			<report>
				<misses>332300001</misses>
				<total>255</total>
				<timestamp>3462.034839</timestamp>
			</report>
			<report>
				<misses>332400001</misses>
				<total>255</total>
				<timestamp>3463.098252</timestamp>
			</report>
			<report>
				<misses>332500001</misses>
				<total>255</total>
				<timestamp>3464.164001</timestamp>
			</report>
			<report>
				<misses>332600001</misses>
				<total>255</total>
				<timestamp>3465.167219</timestamp>
			</report>
			<report>
				<misses>332700001</misses>
				<total>255</total>
				<timestamp>3466.169341</timestamp>
			</report>
			<report>
				<misses>332800001</misses>
				<total>255</total>
				<timestamp>3467.176492</timestamp>
			</report>
			<report>
				<misses>332900001</misses>
				<total>255</total>
				<timestamp>3468.232214</timestamp>
			</report>
			<report>
				<misses>333000001</misses>
				<total>255</total>
				<timestamp>3469.289984</timestamp>
			</report>
			<report>
				<misses>333100001</misses>
				<total>255</total>
				<timestamp>3470.360270</timestamp>
			</report>
			<report>
				<misses>333200001</misses>
				<total>255</total>
				<timestamp>3471.413499</timestamp>
			</report>
			<report>
				<misses>333300001</misses>
				<total>255</total>
				<timestamp>3472.476276</timestamp>
			</report>
			<report>
				<misses>333400001</misses>
				<total>255</total>
				<timestamp>3473.549097</timestamp>
			</report>
			<report>
				<misses>333500001</misses>
				<total>255</total>
				<timestamp>3474.603342</timestamp>
			</report>
			<report>
				<misses>333600001</misses>
				<total>255</total>
				<timestamp>3475.643719</timestamp>
			</report>
			<report>
				<misses>333700001</misses>
				<total>255</total>
				<timestamp>3476.640881</timestamp>
			</report>
			<report>
				<misses>333800001</misses>
				<total>255</total>
				<timestamp>3477.654692</timestamp>
			</report>
			<report>
				<misses>333900001</misses>
				<total>255</total>
				<timestamp>3478.662080</timestamp>
			</report>
			<report>
				<misses>334000001</misses>
				<total>255</total>
				<timestamp>3479.717796</timestamp>
			</report>
			<report>
				<misses>334100001</misses>
				<total>255</total>
				<timestamp>3480.759348</timestamp>
			</report>
			<report>
				<misses>334200001</misses>
				<total>255</total>
				<timestamp>3481.830497</timestamp>
			</report>
			<report>
				<misses>334300001</misses>
				<total>255</total>
				<timestamp>3482.899080</timestamp>
			</report>
			<report>
				<misses>334400001</misses>
				<total>255</total>
				<timestamp>3483.970281</timestamp>
			</report>
			<report>
				<misses>334500001</misses>
				<total>255</total>
				<timestamp>3485.040844</timestamp>
			</report>
			<report>
				<misses>334600001</misses>
				<total>255</total>
				<timestamp>3486.122368</timestamp>
			</report>
			<report>
				<misses>334700001</misses>
				<total>255</total>
				<timestamp>3487.128719</timestamp>
			</report>
			<report>
				<misses>334800001</misses>
				<total>255</total>
				<timestamp>3488.122190</timestamp>
			</report>
			<report>
				<misses>334900001</misses>
				<total>255</total>
				<timestamp>3489.129603</timestamp>
			</report>
			<report>
				<misses>335000001</misses>
				<total>255</total>
				<timestamp>3490.128903</timestamp>
			</report>
			<report>
				<misses>335100001</misses>
				<total>255</total>
				<timestamp>3491.136570</timestamp>
			</report>
			<report>
				<misses>335200001</misses>
				<total>255</total>
				<timestamp>3492.126812</timestamp>
			</report>
			<report>
				<misses>335300001</misses>
				<total>255</total>
				<timestamp>3493.125999</timestamp>
			</report>
			<report>
				<misses>335400001</misses>
				<total>255</total>
				<timestamp>3494.142508</timestamp>
			</report>
			<report>
				<misses>335500001</misses>
				<total>255</total>
				<timestamp>3495.177142</timestamp>
			</report>
			<report>
				<misses>335600001</misses>
				<total>255</total>
				<timestamp>3496.234560</timestamp>
			</report>
			<report>
				<misses>335700001</misses>
				<total>255</total>
				<timestamp>3497.282003</timestamp>
			</report>
			<report>
				<misses>335800001</misses>
				<total>255</total>
				<timestamp>3498.311924</timestamp>
			</report>
			<report>
				<misses>335900001</misses>
				<total>255</total>
				<timestamp>3499.307984</timestamp>
			</report>
			<report>
				<misses>336000001</misses>
				<total>255</total>
				<timestamp>3500.307688</timestamp>
			</report>
			<report>
				<misses>336100001</misses>
				<total>255</total>
				<timestamp>3501.335709</timestamp>
			</report>
			<report>
				<misses>336200001</misses>
				<total>255</total>
				<timestamp>3502.383381</timestamp>
			</report>
			<report>
				<misses>336300001</misses>
				<total>255</total>
				<timestamp>3503.442534</timestamp>
			</report>
			<report>
				<misses>336400001</misses>
				<total>255</total>
				<timestamp>3504.487686</timestamp>
			</report>
			<report>
				<misses>336500001</misses>
				<total>255</total>
				<timestamp>3505.565349</timestamp>
			</report>
			<report>
				<misses>336600001</misses>
				<total>255</total>
				<timestamp>3506.633914</timestamp>
			</report>
			<report>
				<misses>336700001</misses>
				<total>255</total>
				<timestamp>3507.680893</timestamp>
			</report>
			<report>
				<misses>336800001</misses>
				<total>255</total>
				<timestamp>3508.752752</timestamp>
			</report>
			<report>
				<misses>336900001</misses>
				<total>255</total>
				<timestamp>3509.818164</timestamp>
			</report>
			<report>
				<misses>337000001</misses>
				<total>255</total>
				<timestamp>3510.862413</timestamp>
			</report>
			<report>
				<misses>337100001</misses>
				<total>255</total>
				<timestamp>3511.924262</timestamp>
			</report>
			<report>
				<misses>337200001</misses>
				<total>255</total>
				<timestamp>3513.001676</timestamp>
			</report>
			<report>
				<misses>337300001</misses>
				<total>255</total>
				<timestamp>3514.055232</timestamp>
			</report>
			<report>
				<misses>337400001</misses>
				<total>255</total>
				<timestamp>3515.108198</timestamp>
			</report>
			<report>
				<misses>337500001</misses>
				<total>255</total>
				<timestamp>3516.175994</timestamp>
			</report>
			<report>
				<misses>337600001</misses>
				<total>255</total>
				<timestamp>3517.245198</timestamp>
			</report>
			<report>
				<misses>337700001</misses>
				<total>255</total>
				<timestamp>3518.306809</timestamp>
			</report>
			<report>
				<misses>337800001</misses>
				<total>255</total>
				<timestamp>3519.373306</timestamp>
			</report>
			<report>
				<misses>337900001</misses>
				<total>255</total>
				<timestamp>3520.438045</timestamp>
			</report>
			<report>
				<misses>338000001</misses>
				<total>255</total>
				<timestamp>3521.500508</timestamp>
			</report>
			<report>
				<misses>338100001</misses>
				<total>255</total>
				<timestamp>3522.561403</timestamp>
			</report>
			<report>
				<misses>338200001</misses>
				<total>255</total>
				<timestamp>3523.612882</timestamp>
			</report>
			<report>
				<misses>338300001</misses>
				<total>255</total>
				<timestamp>3524.664751</timestamp>
			</report>
			<report>
				<misses>338400001</misses>
				<total>255</total>
				<timestamp>3525.726489</timestamp>
			</report>
			<report>
				<misses>338500001</misses>
				<total>255</total>
				<timestamp>3526.791522</timestamp>
			</report>
			<report>
				<misses>338600001</misses>
				<total>255</total>
				<timestamp>3527.852062</timestamp>
			</report>
			<report>
				<misses>338700001</misses>
				<total>255</total>
				<timestamp>3528.921282</timestamp>
			</report>
			<report>
				<misses>338800001</misses>
				<total>255</total>
				<timestamp>3529.983265</timestamp>
			</report>
			<report>
				<misses>338900001</misses>
				<total>255</total>
				<timestamp>3531.055710</timestamp>
			</report>
			<report>
				<misses>339000001</misses>
				<total>255</total>
				<timestamp>3532.114084</timestamp>
			</report>
			<report>
				<misses>339100001</misses>
				<total>255</total>
				<timestamp>3533.172201</timestamp>
			</report>
			<report>
				<misses>339200001</misses>
				<total>255</total>
				<timestamp>3534.236777</timestamp>
			</report>
			<report>
				<misses>339300001</misses>
				<total>255</total>
				<timestamp>3535.310381</timestamp>
			</report>
			<report>
				<misses>339400001</misses>
				<total>255</total>
				<timestamp>3536.391658</timestamp>
			</report>
			<report>
				<misses>339500001</misses>
				<total>255</total>
				<timestamp>3537.457329</timestamp>
			</report>
			<report>
				<misses>339600001</misses>
				<total>255</total>
				<timestamp>3538.526275</timestamp>
			</report>
			<report>
				<misses>339700001</misses>
				<total>255</total>
				<timestamp>3539.595768</timestamp>
			</report>
			<report>
				<misses>339800001</misses>
				<total>255</total>
				<timestamp>3540.689638</timestamp>
			</report>
			<report>
				<misses>339900001</misses>
				<total>255</total>
				<timestamp>3541.764682</timestamp>
			</report>
			<report>
				<misses>340000001</misses>
				<total>255</total>
				<timestamp>3542.837772</timestamp>
			</report>
			<report>
				<misses>340100001</misses>
				<total>255</total>
				<timestamp>3543.850481</timestamp>
			</report>
			<report>
				<misses>340200001</misses>
				<total>255</total>
				<timestamp>3544.878274</timestamp>
			</report>
			<report>
				<misses>340300001</misses>
				<total>255</total>
				<timestamp>3545.907488</timestamp>
			</report>
			<report>
				<misses>340400001</misses>
				<total>255</total>
				<timestamp>3546.897370</timestamp>
			</report>
			<report>
				<misses>340500001</misses>
				<total>255</total>
				<timestamp>3547.876641</timestamp>
			</report>
			<report>
				<misses>340600001</misses>
				<total>255</total>
				<timestamp>3548.860830</timestamp>
			</report>
			<report>
				<misses>340700001</misses>
				<total>255</total>
				<timestamp>3549.850984</timestamp>
			</report>
			<report>
				<misses>340800001</misses>
				<total>255</total>
				<timestamp>3550.846238</timestamp>
			</report>
			<report>
				<misses>340900001</misses>
				<total>255</total>
				<timestamp>3551.838753</timestamp>
			</report>
			<report>
				<misses>341000001</misses>
				<total>255</total>
				<timestamp>3552.841708</timestamp>
			</report>
			<report>
				<misses>341100001</misses>
				<total>255</total>
				<timestamp>3553.842339</timestamp>
			</report>
			<report>
				<misses>341200001</misses>
				<total>255</total>
				<timestamp>3554.835146</timestamp>
			</report>
			<report>
				<misses>341300001</misses>
				<total>255</total>
				<timestamp>3555.837692</timestamp>
			</report>
			<report>
				<misses>341400001</misses>
				<total>255</total>
				<timestamp>3556.831878</timestamp>
			</report>
			<report>
				<misses>341500001</misses>
				<total>255</total>
				<timestamp>3557.824064</timestamp>
			</report>
			<report>
				<misses>341600001</misses>
				<total>255</total>
				<timestamp>3558.813674</timestamp>
			</report>
			<report>
				<misses>341700001</misses>
				<total>255</total>
				<timestamp>3559.811416</timestamp>
			</report>
			<report>
				<misses>341800001</misses>
				<total>255</total>
				<timestamp>3560.813081</timestamp>
			</report>
			<report>
				<misses>341900001</misses>
				<total>255</total>
				<timestamp>3561.807918</timestamp>
			</report>
			<report>
				<misses>342000001</misses>
				<total>255</total>
				<timestamp>3562.802695</timestamp>
			</report>
			<report>
				<misses>342100001</misses>
				<total>255</total>
				<timestamp>3563.798617</timestamp>
			</report>
			<report>
				<misses>342200001</misses>
				<total>255</total>
				<timestamp>3564.801306</timestamp>
			</report>
			<report>
				<misses>342300001</misses>
				<total>255</total>
				<timestamp>3565.793824</timestamp>
			</report>
			<report>
				<misses>342400001</misses>
				<total>255</total>
				<timestamp>3566.788465</timestamp>
			</report>
			<report>
				<misses>342500001</misses>
				<total>255</total>
				<timestamp>3567.848230</timestamp>
			</report>
			<report>
				<misses>342600001</misses>
				<total>255</total>
				<timestamp>3568.915002</timestamp>
			</report>
			<report>
				<misses>342700001</misses>
				<total>255</total>
				<timestamp>3569.948025</timestamp>
			</report>
			<report>
				<misses>342800001</misses>
				<total>255</total>
				<timestamp>3570.953762</timestamp>
			</report>
			<report>
				<misses>342900001</misses>
				<total>255</total>
				<timestamp>3571.958921</timestamp>
			</report>
			<report>
				<misses>343000001</misses>
				<total>255</total>
				<timestamp>3572.957560</timestamp>
			</report>
			<report>
				<misses>343100001</misses>
				<total>255</total>
				<timestamp>3573.971089</timestamp>
			</report>
			<report>
				<misses>343200001</misses>
				<total>255</total>
				<timestamp>3574.981055</timestamp>
			</report>
			<report>
				<misses>343300001</misses>
				<total>255</total>
				<timestamp>3575.982817</timestamp>
			</report>
			<report>
				<misses>343400001</misses>
				<total>255</total>
				<timestamp>3576.985144</timestamp>
			</report>
			<report>
				<misses>343500001</misses>
				<total>255</total>
				<timestamp>3577.986521</timestamp>
			</report>
			<report>
				<misses>343600001</misses>
				<total>255</total>
				<timestamp>3578.998482</timestamp>
			</report>
			<report>
				<misses>343700001</misses>
				<total>255</total>
				<timestamp>3580.000469</timestamp>
			</report>
			<report>
				<misses>343800001</misses>
				<total>255</total>
				<timestamp>3580.999568</timestamp>
			</report>
			<report>
				<misses>343900001</misses>
				<total>255</total>
				<timestamp>3582.016663</timestamp>
			</report>
			<report>
				<misses>344000001</misses>
				<total>255</total>
				<timestamp>3583.029192</timestamp>
			</report>
			<report>
				<misses>344100001</misses>
				<total>255</total>
				<timestamp>3584.046149</timestamp>
			</report>
			<report>
				<misses>344200001</misses>
				<total>255</total>
				<timestamp>3585.054387</timestamp>
			</report>
			<report>
				<misses>344300001</misses>
				<total>255</total>
				<timestamp>3586.078527</timestamp>
			</report>
			<report>
				<misses>344400001</misses>
				<total>255</total>
				<timestamp>3587.092883</timestamp>
			</report>
			<report>
				<misses>344500001</misses>
				<total>255</total>
				<timestamp>3588.111264</timestamp>
			</report>
			<report>
				<misses>344600001</misses>
				<total>255</total>
				<timestamp>3589.129899</timestamp>
			</report>
			<report>
				<misses>344700001</misses>
				<total>255</total>
				<timestamp>3590.145183</timestamp>
			</report>
			<report>
				<misses>344800001</misses>
				<total>255</total>
				<timestamp>3591.162064</timestamp>
			</report>
			<report>
				<misses>344900001</misses>
				<total>255</total>
				<timestamp>3592.210505</timestamp>
			</report>
			<report>
				<misses>345000001</misses>
				<total>255</total>
				<timestamp>3593.276049</timestamp>
			</report>
			<report>
				<misses>345100001</misses>
				<total>255</total>
				<timestamp>3594.327593</timestamp>
			</report>
			<report>
				<misses>345200001</misses>
				<total>255</total>
				<timestamp>3595.367705</timestamp>
			</report>
			<report>
				<misses>345300001</misses>
				<total>255</total>
				<timestamp>3596.428997</timestamp>
			</report>
			<report>
				<misses>345400001</misses>
				<total>255</total>
				<timestamp>3597.499427</timestamp>
			</report>
			<report>
				<misses>345500001</misses>
				<total>255</total>
				<timestamp>3598.562791</timestamp>
			</report>
			<report>
				<misses>345600001</misses>
				<total>255</total>
				<timestamp>3599.644857</timestamp>
			</report>
		</query>
	</custom>
	<ethtool_statistic>
		<rx_packets>
			<start>1449661743</start>
			<end>1818622698</end>
		</rx_packets>
		<tx_packets>
			<start>1007812092</start>
			<end>1353446361</end>
		</tx_packets>
		<rx_dropped>
			<start>0</start>
			<end>0</end>
		</rx_dropped>
		<tx_dropped>
			<start>0</start>
			<end>0</end>
		</tx_dropped>
		<collisions>
			<start>0</start>
			<end>0</end>
		</collisions>
		<port_tx_errors>
			<start>-1</start>
			<end>-1</end>
		</port_tx_errors>
		<port_rx_dropped>
			<start>-1</start>
			<end>-1</end>
		</port_rx_dropped>
		<port_tx_dropped_link_down>
			<start>-1</start>
			<end>-1</end>
		</port_tx_dropped_link_down>
	</ethtool_statistic>
	<ip_statistic>
		<mtu>
			<start>9000</start>
			<end>9000</end>
		</mtu>
		<rx_bytes>
			<start>530126752106</start>
			<end>3829307799394</end>
		</rx_bytes>
		<rx_packets>
			<start>1449662016</start>
			<end>1818622698</end>
		</rx_packets>
		<rx_errors>
			<start>0</start>
			<end>0</end>
		</rx_errors>
		<rx_dropped>
			<start>0</start>
			<end>0</end>
		</rx_dropped>
		<rx_missed>
			<start>0</start>
			<end>0</end>
		</rx_missed>
		<rx_mcast>
			<start>68</start>
			<end>74</end>
		</rx_mcast>
		<tx_bytes>
			<start>700122797938</start>
			<end>3790718922831</end>
		</tx_bytes>
		<tx_packets>
			<start>1007812092</start>
			<end>1353446361</end>
		</tx_packets>
		<tx_errors>
			<start>0</start>
			<end>0</end>
		</tx_errors>
		<tx_dropped>
			<start>0</start>
			<end>0</end>
		</tx_dropped>
		<tx_carrier>
			<start>0</start>
			<end>0</end>
		</tx_carrier>
		<tx_collisions>
			<start>0</start>
			<end>0</end>
		</tx_collisions>
	</ip_statistic>
	<netstat_statistic>
		<udp_pkg_rec>
			<start>1195013191</start>
			<end>1564000983</end>
		</udp_pkg_rec>
		<udp_pkg_snt>
			<start>1007870347</start>
			<end>1353531860</end>
		</udp_pkg_snt>
		<udp_rec_err>
			<start>0</start>
			<end>0</end>
		</udp_rec_err>
		<udp_rec_buf_err>
			<start>0</start>
			<end>0</end>
		</udp_rec_buf_err>
		<udp_snt_buf_err>
			<start>0</start>
			<end>0</end>
		</udp_snt_buf_err>
	</netstat_statistic>
</test_results>
