<?xml version="1.0"?>
<test_results>
	<status>STATUS_SUCCESS</status>
	<custom>
		<num_loss>51</num_loss>
		<num_total>9000001</num_total>
		<num_misses>228058397</num_misses>
		<elapsed_time>592.645943</elapsed_time>
		<query>
			<report>
				<misses>100000</misses>
				<total>1</total>
				<timestamp>6.860572</timestamp>
			</report>
			<report>
				<misses>200000</misses>
				<total>1</total>
				<timestamp>13.637511</timestamp>
			</report>
			<report>
				<misses>300000</misses>
				<total>0</total>
				<timestamp>20.033757</timestamp>
			</report>
			<report>
				<misses>400000</misses>
				<total>1</total>
				<timestamp>26.563596</timestamp>
			</report>
			<report>
				<misses>500000</misses>
				<total>3</total>
				<timestamp>33.108360</timestamp>
			</report>
			<report>
				<misses>600000</misses>
				<total>3</total>
				<timestamp>39.708660</timestamp>
			</report>
			<report>
				<misses>700000</misses>
				<total>4</total>
				<timestamp>46.503879</timestamp>
			</report>
			<report>
				<misses>800000</misses>
				<total>4</total>
				<timestamp>53.197405</timestamp>
			</report>
			<report>
				<misses>900000</misses>
				<total>5</total>
				<timestamp>59.566938</timestamp>
			</report>
			<report>
				<misses>1000000</misses>
				<total>6</total>
				<timestamp>66.148032</timestamp>
			</report>
			<report>
				<misses>1100000</misses>
				<total>7</total>
				<timestamp>72.940125</timestamp>
			</report>
			<report>
				<misses>1200000</misses>
				<total>8</total>
				<timestamp>79.423493</timestamp>
			</report>
			<report>
				<misses>1300000</misses>
				<total>8</total>
				<timestamp>85.912364</timestamp>
			</report>
			<report>
				<misses>1400000</misses>
				<total>10</total>
				<timestamp>92.505397</timestamp>
			</report>
			<report>
				<misses>1500000</misses>
				<total>10</total>
				<timestamp>98.904157</timestamp>
			</report>
			<report>
				<misses>1600000</misses>
				<total>10</total>
				<timestamp>105.640671</timestamp>
			</report>
			<report>
				<misses>1700000</misses>
				<total>10</total>
				<timestamp>112.259844</timestamp>
			</report>
			<report>
				<misses>1800000</misses>
				<total>10</total>
				<timestamp>118.664754</timestamp>
			</report>
			<report>
				<misses>1900000</misses>
				<total>12</total>
				<timestamp>125.247568</timestamp>
			</report>
			<report>
				<misses>2000000</misses>
				<total>14</total>
				<timestamp>131.743090</timestamp>
			</report>
			<report>
				<misses>2100000</misses>
				<total>14</total>
				<timestamp>138.180799</timestamp>
			</report>
			<report>
				<misses>2200000</misses>
				<total>15</total>
				<timestamp>144.943905</timestamp>
			</report>
			<report>
				<misses>2300000</misses>
				<total>15</total>
				<timestamp>151.664152</timestamp>
			</report>
			<report>
				<misses>2400000</misses>
				<total>15</total>
				<timestamp>158.058029</timestamp>
			</report>
			<report>
				<misses>2500000</misses>
				<total>14</total>
				<timestamp>164.634435</timestamp>
			</report>
			<report>
				<misses>2600000</misses>
				<total>15</total>
				<timestamp>171.120546</timestamp>
			</report>
			<report>
				<misses>2700000</misses>
				<total>15</total>
				<timestamp>177.630967</timestamp>
			</report>
			<report>
				<misses>2800000</misses>
				<total>16</total>
				<timestamp>184.325536</timestamp>
			</report>
			<report>
				<misses>2900000</misses>
				<total>16</total>
				<timestamp>191.114893</timestamp>
			</report>
			<report>
				<misses>3000000</misses>
				<total>20</total>
				<timestamp>197.637929</timestamp>
			</report>
			<report>
				<misses>3100000</misses>
				<total>19</total>
				<timestamp>204.162248</timestamp>
			</report>
			<report>
				<misses>3200000</misses>
				<total>21</total>
				<timestamp>210.944474</timestamp>
			</report>
			<report>
				<misses>3300000</misses>
				<total>21</total>
				<timestamp>217.483447</timestamp>
			</report>
			<report>
				<misses>3400000</misses>
				<total>21</total>
				<timestamp>223.922867</timestamp>
			</report>
			<report>
				<misses>3500000</misses>
				<total>24</total>
				<timestamp>230.440041</timestamp>
			</report>
			<report>
				<misses>3600000</misses>
				<total>24</total>
				<timestamp>237.217002</timestamp>
			</report>
			<report>
				<misses>3700000</misses>
				<total>25</total>
				<timestamp>243.746865</timestamp>
			</report>
			<report>
				<misses>3800000</misses>
				<total>25</total>
				<timestamp>250.249102</timestamp>
			</report>
			<report>
				<misses>3900000</misses>
				<total>24</total>
				<timestamp>256.830457</timestamp>
			</report>
			<report>
				<misses>4000000</misses>
				<total>25</total>
				<timestamp>263.232339</timestamp>
			</report>
			<report>
				<misses>4100000</misses>
				<total>25</total>
				<timestamp>269.937101</timestamp>
			</report>
			<report>
				<misses>4200000</misses>
				<total>26</total>
				<timestamp>276.619199</timestamp>
			</report>
			<report>
				<misses>4300000</misses>
				<total>26</total>
				<timestamp>283.035468</timestamp>
			</report>
			<report>
				<misses>4400000</misses>
				<total>26</total>
				<timestamp>289.589073</timestamp>
			</report>
			<report>
				<misses>4500000</misses>
				<total>25</total>
				<timestamp>296.309698</timestamp>
			</report>
			<report>
				<misses>4600000</misses>
				<total>27</total>
				<timestamp>302.778195</timestamp>
			</report>
			<report>
				<misses>4700000</misses>
				<total>28</total>
				<timestamp>309.261944</timestamp>
			</report>
			<report>
				<misses>4800000</misses>
				<total>28</total>
				<timestamp>315.820785</timestamp>
			</report>
			<report>
				<misses>4900000</misses>
				<total>31</total>
				<timestamp>322.202380</timestamp>
			</report>
			<report>
				<misses>5000000</misses>
				<total>31</total>
				<timestamp>328.919736</timestamp>
			</report>
			<report>
				<misses>5100000</misses>
				<total>31</total>
				<timestamp>335.694852</timestamp>
			</report>
			<report>
				<misses>5200000</misses>
				<total>31</total>
				<timestamp>342.321774</timestamp>
			</report>
			<report>
				<misses>5300000</misses>
				<total>31</total>
				<timestamp>348.721071</timestamp>
			</report>
			<report>
				<misses>5400000</misses>
				<total>32</total>
				<timestamp>355.266174</timestamp>
			</report>
			<report>
				<misses>5500000</misses>
				<total>33</total>
				<timestamp>361.709325</timestamp>
			</report>
			<report>
				<misses>5600000</misses>
				<total>34</total>
				<timestamp>368.364951</timestamp>
			</report>
			<report>
				<misses>5700000</misses>
				<total>35</total>
				<timestamp>375.028966</timestamp>
			</report>
			<report>
				<misses>5800000</misses>
				<total>35</total>
				<timestamp>381.573400</timestamp>
			</report>
			<report>
				<misses>5900000</misses>
				<total>36</total>
				<timestamp>388.024723</timestamp>
			</report>
			<report>
				<misses>6000000</misses>
				<total>37</total>
				<timestamp>394.637630</timestamp>
			</report>
			<report>
				<misses>6100000</misses>
				<total>38</total>
				<timestamp>401.018730</timestamp>
			</report>
			<report>
				<misses>6200000</misses>
				<total>37</total>
				<timestamp>407.570089</timestamp>
			</report>
			<report>
				<misses>6300000</misses>
				<total>39</total>
				<timestamp>414.281873</timestamp>
			</report>
			<report>
				<misses>6400000</misses>
				<total>39</total>
				<timestamp>421.001712</timestamp>
			</report>
			<report>
				<misses>6500000</misses>
				<total>39</total>
				<timestamp>427.423397</timestamp>
			</report>
			<report>
				<misses>6600000</misses>
				<total>40</total>
				<timestamp>434.159033</timestamp>
			</report>
			<report>
				<misses>6700000</misses>
				<total>40</total>
				<timestamp>440.927491</timestamp>
			</report>
			<report>
				<misses>6800000</misses>
				<total>39</total>
				<timestamp>447.701678</timestamp>
			</report>
			<report>
				<misses>6900000</misses>
				<total>40</total>
				<timestamp>454.392314</timestamp>
			</report>
			<report>
				<misses>7000000</misses>
				<total>40</total>
				<timestamp>460.786033</timestamp>
			</report>
			<report>
				<misses>7100000</misses>
				<total>41</total>
				<timestamp>467.550514</timestamp>
			</report>
			<report>
				<misses>7200000</misses>
				<total>41</total>
				<timestamp>474.338182</timestamp>
			</report>
			<report>
				<misses>7300000</misses>
				<total>40</total>
				<timestamp>480.762317</timestamp>
			</report>
			<report>
				<misses>7400000</misses>
				<total>42</total>
				<timestamp>487.302607</timestamp>
			</report>
			<report>
				<misses>7500000</misses>
				<total>44</total>
				<timestamp>493.873314</timestamp>
			</report>
			<report>
				<misses>7600000</misses>
				<total>46</total>
				<timestamp>500.446430</timestamp>
			</report>
			<report>
				<misses>7700000</misses>
				<total>46</total>
				<timestamp>507.212903</timestamp>
			</report>
			<report>
				<misses>7800000</misses>
				<total>45</total>
				<timestamp>513.941139</timestamp>
			</report>
			<report>
				<misses>7900000</misses>
				<total>46</total>
				<timestamp>520.345839</timestamp>
			</report>
			<report>
				<misses>8000000</misses>
				<total>48</total>
				<timestamp>526.990618</timestamp>
			</report>
			<report>
				<misses>8100000</misses>
				<total>48</total>
				<timestamp>533.459540</timestamp>
			</report>
			<report>
				<misses>8200000</misses>
				<total>48</total>
				<timestamp>540.033676</timestamp>
			</report>
			<report>
				<misses>8300000</misses>
				<total>49</total>
				<timestamp>546.720945</timestamp>
			</report>
			<report>
				<misses>8400000</misses>
				<total>49</total>
				<timestamp>553.260668</timestamp>
			</report>
			<report>
				<misses>8500000</misses>
				<total>49</total>
				<timestamp>559.800990</timestamp>
			</report>
			<report>
				<misses>8600000</misses>
				<total>50</total>
				<timestamp>566.608634</timestamp>
			</report>
			<report>
				<misses>8700000</misses>
				<total>49</total>
				<timestamp>573.220127</timestamp>
			</report>
			<report>
				<misses>8800000</misses>
				<total>50</total>
				<timestamp>579.651861</timestamp>
			</report>
			<report>
				<misses>8900000</misses>
				<total>50</total>
				<timestamp>586.201852</timestamp>
			</report>
			<report>
				<misses>9000000</misses>
				<total>51</total>
				<timestamp>592.645921</timestamp>
			</report>
		</query>
	</custom>
	<ethtool_statistic>
		<rx_packets>
			<start>16533</start>
			<end>16658</end>
		</rx_packets>
		<tx_packets>
			<start>3340045317</start>
			<end>3736041526</end>
		</tx_packets>
		<rx_dropped>
			<start>0</start>
			<end>0</end>
		</rx_dropped>
		<tx_dropped>
			<start>0</start>
			<end>0</end>
		</tx_dropped>
		<collisions>
			<start>0</start>
			<end>0</end>
		</collisions>
		<port_tx_errors>
			<start>0</start>
			<end>0</end>
		</port_tx_errors>
		<port_rx_dropped>
			<start>0</start>
			<end>0</end>
		</port_rx_dropped>
		<port_tx_dropped_link_down>
			<start>0</start>
			<end>0</end>
		</port_tx_dropped_link_down>
	</ethtool_statistic>
	<ip_statistic>
		<mtu>
			<start>1500</start>
			<end>1500</end>
		</mtu>
		<rx_bytes>
			<start>1059748</start>
			<end>1067248</end>
		</rx_bytes>
		<rx_packets>
			<start>16533</start>
			<end>16658</end>
		</rx_packets>
		<rx_errors>
			<start>0</start>
			<end>0</end>
		</rx_errors>
		<rx_dropped>
			<start>0</start>
			<end>0</end>
		</rx_dropped>
		<rx_missed>
			<start>0</start>
			<end>0</end>
		</rx_missed>
		<rx_mcast>
			<start>1859</start>
			<end>1859</end>
		</rx_mcast>
		<tx_bytes>
			<start>3154532104790</start>
			<end>3753062191548</end>
		</tx_bytes>
		<tx_packets>
			<start>3340045317</start>
			<end>3736041526</end>
		</tx_packets>
		<tx_errors>
			<start>0</start>
			<end>0</end>
		</tx_errors>
		<tx_dropped>
			<start>0</start>
			<end>0</end>
		</tx_dropped>
		<tx_carrier>
			<start>0</start>
			<end>0</end>
		</tx_carrier>
		<tx_collisions>
			<start>0</start>
			<end>0</end>
		</tx_collisions>
	</ip_statistic>
	<netstat_statistic>
		<udp_pkg_rec>
			<start>955976292</start>
			<end>992074585</end>
		</udp_pkg_rec>
		<udp_pkg_snt>
			<start>2427098929</start>
			<end>2477085255</end>
		</udp_pkg_snt>
		<udp_rec_err>
			<start>159364962</start>
			<end>163751516</end>
		</udp_rec_err>
		<udp_rec_buf_err>
			<start>159364962</start>
			<end>163751516</end>
		</udp_rec_buf_err>
		<udp_snt_buf_err>
			<start>0</start>
			<end>0</end>
		</udp_snt_buf_err>
	</netstat_statistic>
</test_results>
