<?xml version="1.0"?>
<test_results>
	<status>STATUS_SUCCESS</status>
	<custom>
		<num_loss>837298</num_loss>
		<num_total>1000001</num_total>
		<num_misses>5519</num_misses>
		<elapsed_time>90.496955</elapsed_time>
	</custom>
	<ethtool_statistic>
		<rx_packets>
			<start>13793480769</start>
			<end>13797349523</end>
		</rx_packets>
		<tx_packets>
			<start>18077149276</start>
			<end>18087816767</end>
		</tx_packets>
		<rx_dropped>
			<start>0</start>
			<end>0</end>
		</rx_dropped>
		<tx_dropped>
			<start>0</start>
			<end>0</end>
		</tx_dropped>
		<collisions>
			<start>0</start>
			<end>0</end>
		</collisions>
		<port_tx_errors>
			<start>-1</start>
			<end>-1</end>
		</port_tx_errors>
		<port_rx_dropped>
			<start>-1</start>
			<end>-1</end>
		</port_rx_dropped>
		<port_tx_dropped_link_down>
			<start>-1</start>
			<end>-1</end>
		</port_tx_dropped_link_down>
	</ethtool_statistic>
	<ip_statistic>
		<mtu>
			<start>9000</start>
			<end>9000</end>
		</mtu>
		<rx_bytes>
			<start>123957991040670</start>
			<end>123992770727115</end>
		</rx_bytes>
		<rx_packets>
			<start>13793480869</start>
			<end>13797349648</end>
		</rx_packets>
		<rx_errors>
			<start>0</start>
			<end>0</end>
		</rx_errors>
		<rx_dropped>
			<start>0</start>
			<end>0</end>
		</rx_dropped>
		<rx_missed>
			<start>1619</start>
			<end>1619</end>
		</rx_missed>
		<rx_mcast>
			<start>9263</start>
			<end>9265</end>
		</rx_mcast>
		<tx_bytes>
			<start>146197182549853</start>
			<end>146286442300800</end>
		</tx_bytes>
		<tx_packets>
			<start>18077149349</start>
			<end>18087816773</end>
		</tx_packets>
		<tx_errors>
			<start>0</start>
			<end>0</end>
		</tx_errors>
		<tx_dropped>
			<start>0</start>
			<end>0</end>
		</tx_dropped>
		<tx_carrier>
			<start>0</start>
			<end>0</end>
		</tx_carrier>
		<tx_collisions>
			<start>0</start>
			<end>0</end>
		</tx_collisions>
	</ip_statistic>
</test_results>
