<?xml version="1.0"?>
<test_results>
	<status>STATUS_SUCCESS</status>
	<custom>
		<num_loss>76</num_loss>
		<num_total>5000001</num_total>
		<num_misses>9</num_misses>
		<elapsed_time>1248.752466</elapsed_time>
		<query>
			<report>
				<misses>1001</misses>
				<total>0</total>
				<timestamp>0.249946</timestamp>
			</report>
			<report>
				<misses>2001</misses>
				<total>1</total>
				<timestamp>0.499690</timestamp>
			</report>
			<report>
				<misses>3001</misses>
				<total>1</total>
				<timestamp>0.749444</timestamp>
			</report>
			<report>
				<misses>4001</misses>
				<total>1</total>
				<timestamp>0.999184</timestamp>
			</report>
			<report>
				<misses>5001</misses>
				<total>1</total>
				<timestamp>1.248938</timestamp>
			</report>
			<report>
				<misses>6001</misses>
				<total>1</total>
				<timestamp>1.498717</timestamp>
			</report>
			<report>
				<misses>7001</misses>
				<total>1</total>
				<timestamp>1.748424</timestamp>
			</report>
			<report>
				<misses>8001</misses>
				<total>1</total>
				<timestamp>1.998206</timestamp>
			</report>
			<report>
				<misses>9001</misses>
				<total>1</total>
				<timestamp>2.247941</timestamp>
			</report>
			<report>
				<misses>10001</misses>
				<total>1</total>
				<timestamp>2.497705</timestamp>
			</report>
			<report>
				<misses>11001</misses>
				<total>1</total>
				<timestamp>2.747440</timestamp>
			</report>
			<report>
				<misses>12001</misses>
				<total>1</total>
				<timestamp>2.997198</timestamp>
			</report>
			<report>
				<misses>13001</misses>
				<total>1</total>
				<timestamp>3.246926</timestamp>
			</report>
			<report>
				<misses>14001</misses>
				<total>1</total>
				<timestamp>3.496682</timestamp>
			</report>
			<report>
				<misses>15001</misses>
				<total>1</total>
				<timestamp>3.746523</timestamp>
			</report>
			<report>
				<misses>16001</misses>
				<total>1</total>
				<timestamp>3.996426</timestamp>
			</report>
			<report>
				<misses>17001</misses>
				<total>1</total>
				<timestamp>4.246227</timestamp>
			</report>
			<report>
				<misses>18001</misses>
				<total>1</total>
				<timestamp>4.496173</timestamp>
			</report>
			<report>
				<misses>19001</misses>
				<total>1</total>
				<timestamp>4.745932</timestamp>
			</report>
			<report>
				<misses>20001</misses>
				<total>1</total>
				<timestamp>4.995672</timestamp>
			</report>
			<report>
				<misses>21001</misses>
				<total>1</total>
				<timestamp>5.245432</timestamp>
			</report>
			<report>
				<misses>22001</misses>
				<total>1</total>
				<timestamp>5.495191</timestamp>
			</report>
			<report>
				<misses>23001</misses>
				<total>1</total>
				<timestamp>5.744923</timestamp>
			</report>
			<report>
				<misses>24001</misses>
				<total>1</total>
				<timestamp>5.994685</timestamp>
			</report>
			<report>
				<misses>25001</misses>
				<total>1</total>
				<timestamp>6.244439</timestamp>
			</report>
			<report>
				<misses>26001</misses>
				<total>1</total>
				<timestamp>6.494175</timestamp>
			</report>
			<report>
				<misses>27001</misses>
				<total>1</total>
				<timestamp>6.743954</timestamp>
			</report>
			<report>
				<misses>28001</misses>
				<total>0</total>
				<timestamp>6.993928</timestamp>
			</report>
			<report>
				<misses>29001</misses>
				<total>1</total>
				<timestamp>7.243672</timestamp>
			</report>
			<report>
				<misses>30001</misses>
				<total>1</total>
				<timestamp>7.493424</timestamp>
			</report>
			<report>
				<misses>31001</misses>
				<total>1</total>
				<timestamp>7.743160</timestamp>
			</report>
			<report>
				<misses>32001</misses>
				<total>1</total>
				<timestamp>7.992952</timestamp>
			</report>
			<report>
				<misses>33001</misses>
				<total>1</total>
				<timestamp>8.242685</timestamp>
			</report>
			<report>
				<misses>34001</misses>
				<total>1</total>
				<timestamp>8.492453</timestamp>
			</report>
			<report>
				<misses>35001</misses>
				<total>1</total>
				<timestamp>8.742435</timestamp>
			</report>
			<report>
				<misses>36001</misses>
				<total>1</total>
				<timestamp>8.992167</timestamp>
			</report>
			<report>
				<misses>37001</misses>
				<total>1</total>
				<timestamp>9.241931</timestamp>
			</report>
			<report>
				<misses>38001</misses>
				<total>1</total>
				<timestamp>9.491677</timestamp>
			</report>
			<report>
				<misses>39001</misses>
				<total>1</total>
				<timestamp>9.741453</timestamp>
			</report>
			<report>
				<misses>40001</misses>
				<total>1</total>
				<timestamp>9.991212</timestamp>
			</report>
			<report>
				<misses>41001</misses>
				<total>1</total>
				<timestamp>10.240928</timestamp>
			</report>
			<report>
				<misses>42001</misses>
				<total>1</total>
				<timestamp>10.490681</timestamp>
			</report>
			<report>
				<misses>43001</misses>
				<total>1</total>
				<timestamp>10.740427</timestamp>
			</report>
			<report>
				<misses>44001</misses>
				<total>1</total>
				<timestamp>10.990171</timestamp>
			</report>
			<report>
				<misses>45001</misses>
				<total>1</total>
				<timestamp>11.239968</timestamp>
			</report>
			<report>
				<misses>46001</misses>
				<total>1</total>
				<timestamp>11.489697</timestamp>
			</report>
			<report>
				<misses>47001</misses>
				<total>1</total>
				<timestamp>11.739446</timestamp>
			</report>
			<report>
				<misses>48001</misses>
				<total>1</total>
				<timestamp>11.989170</timestamp>
			</report>
			<report>
				<misses>49001</misses>
				<total>1</total>
				<timestamp>12.238922</timestamp>
			</report>
			<report>
				<misses>50001</misses>
				<total>1</total>
				<timestamp>12.488684</timestamp>
			</report>
			<report>
				<misses>51001</misses>
				<total>1</total>
				<timestamp>12.738530</timestamp>
			</report>
			<report>
				<misses>52001</misses>
				<total>1</total>
				<timestamp>12.988193</timestamp>
			</report>
			<report>
				<misses>53001</misses>
				<total>1</total>
				<timestamp>13.237955</timestamp>
			</report>
			<report>
				<misses>54001</misses>
				<total>1</total>
				<timestamp>13.487681</timestamp>
			</report>
			<report>
				<misses>55001</misses>
				<total>1</total>
				<timestamp>13.737470</timestamp>
			</report>
			<report>
				<misses>56001</misses>
				<total>1</total>
				<timestamp>13.987199</timestamp>
			</report>
			<report>
				<misses>57001</misses>
				<total>1</total>
				<timestamp>14.236963</timestamp>
			</report>
			<report>
				<misses>58001</misses>
				<total>1</total>
				<timestamp>14.486685</timestamp>
			</report>
			<report>
				<misses>59001</misses>
				<total>1</total>
				<timestamp>14.736503</timestamp>
			</report>
			<report>
				<misses>60001</misses>
				<total>1</total>
				<timestamp>14.986179</timestamp>
			</report>
			<report>
				<misses>61001</misses>
				<total>1</total>
				<timestamp>15.235973</timestamp>
			</report>
			<report>
				<misses>62001</misses>
				<total>1</total>
				<timestamp>15.485676</timestamp>
			</report>
			<report>
				<misses>63001</misses>
				<total>1</total>
				<timestamp>15.735426</timestamp>
			</report>
			<report>
				<misses>64001</misses>
				<total>1</total>
				<timestamp>15.985174</timestamp>
			</report>
			<report>
				<misses>65001</misses>
				<total>1</total>
				<timestamp>16.234971</timestamp>
			</report>
			<report>
				<misses>66001</misses>
				<total>1</total>
				<timestamp>16.484677</timestamp>
			</report>
			<report>
				<misses>67001</misses>
				<total>1</total>
				<timestamp>16.734463</timestamp>
			</report>
			<report>
				<misses>68001</misses>
				<total>1</total>
				<timestamp>16.984184</timestamp>
			</report>
			<report>
				<misses>69001</misses>
				<total>1</total>
				<timestamp>17.233931</timestamp>
			</report>
			<report>
				<misses>70001</misses>
				<total>1</total>
				<timestamp>17.483679</timestamp>
			</report>
			<report>
				<misses>71001</misses>
				<total>1</total>
				<timestamp>17.733502</timestamp>
			</report>
			<report>
				<misses>72001</misses>
				<total>1</total>
				<timestamp>17.983180</timestamp>
			</report>
			<report>
				<misses>73001</misses>
				<total>1</total>
				<timestamp>18.232923</timestamp>
			</report>
			<report>
				<misses>74001</misses>
				<total>1</total>
				<timestamp>18.482678</timestamp>
			</report>
			<report>
				<misses>75001</misses>
				<total>1</total>
				<timestamp>18.732449</timestamp>
			</report>
			<report>
				<misses>76001</misses>
				<total>1</total>
				<timestamp>18.982169</timestamp>
			</report>
			<report>
				<misses>77001</misses>
				<total>1</total>
				<timestamp>19.231957</timestamp>
			</report>
			<report>
				<misses>78001</misses>
				<total>1</total>
				<timestamp>19.481692</timestamp>
			</report>
			<report>
				<misses>79001</misses>
				<total>1</total>
				<timestamp>19.731447</timestamp>
			</report>
			<report>
				<misses>80001</misses>
				<total>1</total>
				<timestamp>19.981221</timestamp>
			</report>
			<report>
				<misses>81001</misses>
				<total>1</total>
				<timestamp>20.230928</timestamp>
			</report>
			<report>
				<misses>82001</misses>
				<total>1</total>
				<timestamp>20.480686</timestamp>
			</report>
			<report>
				<misses>83001</misses>
				<total>1</total>
				<timestamp>20.730448</timestamp>
			</report>
			<report>
				<misses>84001</misses>
				<total>1</total>
				<timestamp>20.980179</timestamp>
			</report>
			<report>
				<misses>85001</misses>
				<total>1</total>
				<timestamp>21.229930</timestamp>
			</report>
			<report>
				<misses>86001</misses>
				<total>1</total>
				<timestamp>21.479672</timestamp>
			</report>
			<report>
				<misses>87001</misses>
				<total>1</total>
				<timestamp>21.729468</timestamp>
			</report>
			<report>
				<misses>88001</misses>
				<total>2</total>
				<timestamp>21.979478</timestamp>
			</report>
			<report>
				<misses>89001</misses>
				<total>2</total>
				<timestamp>22.229177</timestamp>
			</report>
			<report>
				<misses>90001</misses>
				<total>2</total>
				<timestamp>22.478919</timestamp>
			</report>
			<report>
				<misses>91001</misses>
				<total>2</total>
				<timestamp>22.728673</timestamp>
			</report>
			<report>
				<misses>92001</misses>
				<total>2</total>
				<timestamp>22.978432</timestamp>
			</report>
			<report>
				<misses>93001</misses>
				<total>2</total>
				<timestamp>23.228173</timestamp>
			</report>
			<report>
				<misses>94001</misses>
				<total>2</total>
				<timestamp>23.477943</timestamp>
			</report>
			<report>
				<misses>95001</misses>
				<total>2</total>
				<timestamp>23.727673</timestamp>
			</report>
			<report>
				<misses>96001</misses>
				<total>2</total>
				<timestamp>23.977444</timestamp>
			</report>
			<report>
				<misses>97001</misses>
				<total>2</total>
				<timestamp>24.227215</timestamp>
			</report>
			<report>
				<misses>98001</misses>
				<total>2</total>
				<timestamp>24.477175</timestamp>
			</report>
			<report>
				<misses>99001</misses>
				<total>2</total>
				<timestamp>24.726965</timestamp>
			</report>
			<report>
				<misses>100001</misses>
				<total>2</total>
				<timestamp>24.976930</timestamp>
			</report>
			<report>
				<misses>101001</misses>
				<total>2</total>
				<timestamp>25.226683</timestamp>
			</report>
			<report>
				<misses>102001</misses>
				<total>2</total>
				<timestamp>25.476467</timestamp>
			</report>
			<report>
				<misses>103001</misses>
				<total>2</total>
				<timestamp>25.726192</timestamp>
			</report>
			<report>
				<misses>104001</misses>
				<total>2</total>
				<timestamp>25.975949</timestamp>
			</report>
			<report>
				<misses>105001</misses>
				<total>2</total>
				<timestamp>26.225695</timestamp>
			</report>
			<report>
				<misses>106001</misses>
				<total>2</total>
				<timestamp>26.475451</timestamp>
			</report>
			<report>
				<misses>107001</misses>
				<total>2</total>
				<timestamp>26.725212</timestamp>
			</report>
			<report>
				<misses>108001</misses>
				<total>2</total>
				<timestamp>26.974926</timestamp>
			</report>
			<report>
				<misses>109001</misses>
				<total>2</total>
				<timestamp>27.224669</timestamp>
			</report>
			<report>
				<misses>110001</misses>
				<total>2</total>
				<timestamp>27.474429</timestamp>
			</report>
			<report>
				<misses>111001</misses>
				<total>2</total>
				<timestamp>27.724167</timestamp>
			</report>
			<report>
				<misses>112001</misses>
				<total>2</total>
				<timestamp>27.973945</timestamp>
			</report>
			<report>
				<misses>113001</misses>
				<total>1</total>
				<timestamp>28.223704</timestamp>
			</report>
			<report>
				<misses>114001</misses>
				<total>2</total>
				<timestamp>28.473451</timestamp>
			</report>
			<report>
				<misses>115001</misses>
				<total>2</total>
				<timestamp>28.723175</timestamp>
			</report>
			<report>
				<misses>116001</misses>
				<total>2</total>
				<timestamp>28.972952</timestamp>
			</report>
			<report>
				<misses>117001</misses>
				<total>2</total>
				<timestamp>29.222674</timestamp>
			</report>
			<report>
				<misses>118001</misses>
				<total>2</total>
				<timestamp>29.472463</timestamp>
			</report>
			<report>
				<misses>119001</misses>
				<total>2</total>
				<timestamp>29.722181</timestamp>
			</report>
			<report>
				<misses>120001</misses>
				<total>2</total>
				<timestamp>29.971921</timestamp>
			</report>
			<report>
				<misses>121001</misses>
				<total>2</total>
				<timestamp>30.221704</timestamp>
			</report>
			<report>
				<misses>122001</misses>
				<total>2</total>
				<timestamp>30.471430</timestamp>
			</report>
			<report>
				<misses>123001</misses>
				<total>2</total>
				<timestamp>30.721192</timestamp>
			</report>
			<report>
				<misses>124001</misses>
				<total>2</total>
				<timestamp>30.970966</timestamp>
			</report>
			<report>
				<misses>125001</misses>
				<total>2</total>
				<timestamp>31.220666</timestamp>
			</report>
			<report>
				<misses>126001</misses>
				<total>2</total>
				<timestamp>31.470466</timestamp>
			</report>
			<report>
				<misses>127001</misses>
				<total>2</total>
				<timestamp>31.720191</timestamp>
			</report>
			<report>
				<misses>128001</misses>
				<total>2</total>
				<timestamp>31.969923</timestamp>
			</report>
			<report>
				<misses>129001</misses>
				<total>2</total>
				<timestamp>32.219674</timestamp>
			</report>
			<report>
				<misses>130001</misses>
				<total>2</total>
				<timestamp>32.469439</timestamp>
			</report>
			<report>
				<misses>131001</misses>
				<total>2</total>
				<timestamp>32.719183</timestamp>
			</report>
			<report>
				<misses>132001</misses>
				<total>2</total>
				<timestamp>32.968942</timestamp>
			</report>
			<report>
				<misses>133001</misses>
				<total>2</total>
				<timestamp>33.218699</timestamp>
			</report>
			<report>
				<misses>134001</misses>
				<total>2</total>
				<timestamp>33.468441</timestamp>
			</report>
			<report>
				<misses>135001</misses>
				<total>2</total>
				<timestamp>33.718179</timestamp>
			</report>
			<report>
				<misses>136001</misses>
				<total>2</total>
				<timestamp>33.967935</timestamp>
			</report>
			<report>
				<misses>137001</misses>
				<total>2</total>
				<timestamp>34.217687</timestamp>
			</report>
			<report>
				<misses>138001</misses>
				<total>2</total>
				<timestamp>34.467456</timestamp>
			</report>
			<report>
				<misses>139001</misses>
				<total>1</total>
				<timestamp>34.717178</timestamp>
			</report>
			<report>
				<misses>140001</misses>
				<total>2</total>
				<timestamp>34.966917</timestamp>
			</report>
			<report>
				<misses>141001</misses>
				<total>2</total>
				<timestamp>35.216671</timestamp>
			</report>
			<report>
				<misses>142001</misses>
				<total>2</total>
				<timestamp>35.466458</timestamp>
			</report>
			<report>
				<misses>143001</misses>
				<total>2</total>
				<timestamp>35.716182</timestamp>
			</report>
			<report>
				<misses>144001</misses>
				<total>2</total>
				<timestamp>35.965911</timestamp>
			</report>
			<report>
				<misses>145001</misses>
				<total>2</total>
				<timestamp>36.215668</timestamp>
			</report>
			<report>
				<misses>146001</misses>
				<total>2</total>
				<timestamp>36.465441</timestamp>
			</report>
			<report>
				<misses>147001</misses>
				<total>2</total>
				<timestamp>36.715182</timestamp>
			</report>
			<report>
				<misses>148001</misses>
				<total>2</total>
				<timestamp>36.964962</timestamp>
			</report>
			<report>
				<misses>149001</misses>
				<total>2</total>
				<timestamp>37.214673</timestamp>
			</report>
			<report>
				<misses>150001</misses>
				<total>2</total>
				<timestamp>37.464441</timestamp>
			</report>
			<report>
				<misses>151001</misses>
				<total>2</total>
				<timestamp>37.714164</timestamp>
			</report>
			<report>
				<misses>152001</misses>
				<total>2</total>
				<timestamp>37.963930</timestamp>
			</report>
			<report>
				<misses>153001</misses>
				<total>2</total>
				<timestamp>38.213697</timestamp>
			</report>
			<report>
				<misses>154001</misses>
				<total>2</total>
				<timestamp>38.463455</timestamp>
			</report>
			<report>
				<misses>155001</misses>
				<total>2</total>
				<timestamp>38.713190</timestamp>
			</report>
			<report>
				<misses>156001</misses>
				<total>2</total>
				<timestamp>38.962937</timestamp>
			</report>
			<report>
				<misses>157001</misses>
				<total>2</total>
				<timestamp>39.212671</timestamp>
			</report>
			<report>
				<misses>158001</misses>
				<total>2</total>
				<timestamp>39.462443</timestamp>
			</report>
			<report>
				<misses>159001</misses>
				<total>2</total>
				<timestamp>39.712173</timestamp>
			</report>
			<report>
				<misses>160001</misses>
				<total>2</total>
				<timestamp>39.961938</timestamp>
			</report>
			<report>
				<misses>161001</misses>
				<total>2</total>
				<timestamp>40.211658</timestamp>
			</report>
			<report>
				<misses>162001</misses>
				<total>2</total>
				<timestamp>40.461448</timestamp>
			</report>
			<report>
				<misses>163001</misses>
				<total>2</total>
				<timestamp>40.711176</timestamp>
			</report>
			<report>
				<misses>164001</misses>
				<total>2</total>
				<timestamp>40.960911</timestamp>
			</report>
			<report>
				<misses>165001</misses>
				<total>2</total>
				<timestamp>41.210671</timestamp>
			</report>
			<report>
				<misses>166001</misses>
				<total>2</total>
				<timestamp>41.460457</timestamp>
			</report>
			<report>
				<misses>167001</misses>
				<total>2</total>
				<timestamp>41.710190</timestamp>
			</report>
			<report>
				<misses>168001</misses>
				<total>2</total>
				<timestamp>41.959966</timestamp>
			</report>
			<report>
				<misses>169001</misses>
				<total>2</total>
				<timestamp>42.209672</timestamp>
			</report>
			<report>
				<misses>170001</misses>
				<total>2</total>
				<timestamp>42.459425</timestamp>
			</report>
			<report>
				<misses>171001</misses>
				<total>2</total>
				<timestamp>42.709158</timestamp>
			</report>
			<report>
				<misses>172001</misses>
				<total>2</total>
				<timestamp>42.958950</timestamp>
			</report>
			<report>
				<misses>173001</misses>
				<total>2</total>
				<timestamp>43.208665</timestamp>
			</report>
			<report>
				<misses>174001</misses>
				<total>2</total>
				<timestamp>43.458422</timestamp>
			</report>
			<report>
				<misses>175001</misses>
				<total>2</total>
				<timestamp>43.708162</timestamp>
			</report>
			<report>
				<misses>176001</misses>
				<total>2</total>
				<timestamp>43.957912</timestamp>
			</report>
			<report>
				<misses>177001</misses>
				<total>2</total>
				<timestamp>44.207657</timestamp>
			</report>
			<report>
				<misses>178001</misses>
				<total>2</total>
				<timestamp>44.457452</timestamp>
			</report>
			<report>
				<misses>179001</misses>
				<total>2</total>
				<timestamp>44.707162</timestamp>
			</report>
			<report>
				<misses>180001</misses>
				<total>2</total>
				<timestamp>44.956937</timestamp>
			</report>
			<report>
				<misses>181001</misses>
				<total>2</total>
				<timestamp>45.206670</timestamp>
			</report>
			<report>
				<misses>182001</misses>
				<total>2</total>
				<timestamp>45.456413</timestamp>
			</report>
			<report>
				<misses>183001</misses>
				<total>2</total>
				<timestamp>45.706202</timestamp>
			</report>
			<report>
				<misses>184001</misses>
				<total>2</total>
				<timestamp>45.955949</timestamp>
			</report>
			<report>
				<misses>185001</misses>
				<total>2</total>
				<timestamp>46.205704</timestamp>
			</report>
			<report>
				<misses>186001</misses>
				<total>2</total>
				<timestamp>46.455452</timestamp>
			</report>
			<report>
				<misses>187001</misses>
				<total>2</total>
				<timestamp>46.705263</timestamp>
			</report>
			<report>
				<misses>188001</misses>
				<total>2</total>
				<timestamp>46.954922</timestamp>
			</report>
			<report>
				<misses>189001</misses>
				<total>2</total>
				<timestamp>47.204675</timestamp>
			</report>
			<report>
				<misses>190001</misses>
				<total>2</total>
				<timestamp>47.454440</timestamp>
			</report>
			<report>
				<misses>191001</misses>
				<total>2</total>
				<timestamp>47.704200</timestamp>
			</report>
			<report>
				<misses>192001</misses>
				<total>2</total>
				<timestamp>47.953972</timestamp>
			</report>
			<report>
				<misses>193001</misses>
				<total>2</total>
				<timestamp>48.203688</timestamp>
			</report>
			<report>
				<misses>194001</misses>
				<total>2</total>
				<timestamp>48.453447</timestamp>
			</report>
			<report>
				<misses>195001</misses>
				<total>2</total>
				<timestamp>48.703187</timestamp>
			</report>
			<report>
				<misses>196001</misses>
				<total>2</total>
				<timestamp>48.952919</timestamp>
			</report>
			<report>
				<misses>197001</misses>
				<total>2</total>
				<timestamp>49.202674</timestamp>
			</report>
			<report>
				<misses>198001</misses>
				<total>2</total>
				<timestamp>49.452414</timestamp>
			</report>
			<report>
				<misses>199001</misses>
				<total>2</total>
				<timestamp>49.702206</timestamp>
			</report>
			<report>
				<misses>200001</misses>
				<total>2</total>
				<timestamp>49.951944</timestamp>
			</report>
			<report>
				<misses>201001</misses>
				<total>2</total>
				<timestamp>50.201708</timestamp>
			</report>
			<report>
				<misses>202001</misses>
				<total>2</total>
				<timestamp>50.451439</timestamp>
			</report>
			<report>
				<misses>203001</misses>
				<total>2</total>
				<timestamp>50.701181</timestamp>
			</report>
			<report>
				<misses>204001</misses>
				<total>2</total>
				<timestamp>50.950935</timestamp>
			</report>
			<report>
				<misses>205001</misses>
				<total>2</total>
				<timestamp>51.200674</timestamp>
			</report>
			<report>
				<misses>206001</misses>
				<total>2</total>
				<timestamp>51.450463</timestamp>
			</report>
			<report>
				<misses>207001</misses>
				<total>2</total>
				<timestamp>51.700208</timestamp>
			</report>
			<report>
				<misses>208001</misses>
				<total>2</total>
				<timestamp>51.949941</timestamp>
			</report>
			<report>
				<misses>209001</misses>
				<total>2</total>
				<timestamp>52.199690</timestamp>
			</report>
			<report>
				<misses>210001</misses>
				<total>2</total>
				<timestamp>52.449433</timestamp>
			</report>
			<report>
				<misses>211001</misses>
				<total>2</total>
				<timestamp>52.699216</timestamp>
			</report>
			<report>
				<misses>212001</misses>
				<total>2</total>
				<timestamp>52.948934</timestamp>
			</report>
			<report>
				<misses>213001</misses>
				<total>2</total>
				<timestamp>53.198688</timestamp>
			</report>
			<report>
				<misses>214001</misses>
				<total>2</total>
				<timestamp>53.448467</timestamp>
			</report>
			<report>
				<misses>215001</misses>
				<total>2</total>
				<timestamp>53.698206</timestamp>
			</report>
			<report>
				<misses>216001</misses>
				<total>2</total>
				<timestamp>53.947920</timestamp>
			</report>
			<report>
				<misses>217001</misses>
				<total>2</total>
				<timestamp>54.197701</timestamp>
			</report>
			<report>
				<misses>218001</misses>
				<total>2</total>
				<timestamp>54.447428</timestamp>
			</report>
			<report>
				<misses>219001</misses>
				<total>2</total>
				<timestamp>54.697183</timestamp>
			</report>
			<report>
				<misses>220001</misses>
				<total>2</total>
				<timestamp>54.946942</timestamp>
			</report>
			<report>
				<misses>221001</misses>
				<total>2</total>
				<timestamp>55.196668</timestamp>
			</report>
			<report>
				<misses>222001</misses>
				<total>2</total>
				<timestamp>55.446423</timestamp>
			</report>
			<report>
				<misses>223001</misses>
				<total>2</total>
				<timestamp>55.696228</timestamp>
			</report>
			<report>
				<misses>224001</misses>
				<total>2</total>
				<timestamp>55.945933</timestamp>
			</report>
			<report>
				<misses>225001</misses>
				<total>2</total>
				<timestamp>56.195677</timestamp>
			</report>
			<report>
				<misses>226001</misses>
				<total>2</total>
				<timestamp>56.445411</timestamp>
			</report>
			<report>
				<misses>227001</misses>
				<total>2</total>
				<timestamp>56.695203</timestamp>
			</report>
			<report>
				<misses>228001</misses>
				<total>2</total>
				<timestamp>56.944921</timestamp>
			</report>
			<report>
				<misses>229001</misses>
				<total>2</total>
				<timestamp>57.194701</timestamp>
			</report>
			<report>
				<misses>230001</misses>
				<total>2</total>
				<timestamp>57.444443</timestamp>
			</report>
			<report>
				<misses>231001</misses>
				<total>2</total>
				<timestamp>57.694210</timestamp>
			</report>
			<report>
				<misses>232001</misses>
				<total>2</total>
				<timestamp>57.943961</timestamp>
			</report>
			<report>
				<misses>233001</misses>
				<total>2</total>
				<timestamp>58.193693</timestamp>
			</report>
			<report>
				<misses>234001</misses>
				<total>2</total>
				<timestamp>58.443416</timestamp>
			</report>
			<report>
				<misses>235001</misses>
				<total>1</total>
				<timestamp>58.693242</timestamp>
			</report>
			<report>
				<misses>236001</misses>
				<total>2</total>
				<timestamp>58.942930</timestamp>
			</report>
			<report>
				<misses>237001</misses>
				<total>2</total>
				<timestamp>59.192672</timestamp>
			</report>
			<report>
				<misses>238001</misses>
				<total>2</total>
				<timestamp>59.442417</timestamp>
			</report>
			<report>
				<misses>239001</misses>
				<total>2</total>
				<timestamp>59.692187</timestamp>
			</report>
			<report>
				<misses>240001</misses>
				<total>2</total>
				<timestamp>59.941934</timestamp>
			</report>
			<report>
				<misses>241001</misses>
				<total>2</total>
				<timestamp>60.191715</timestamp>
			</report>
			<report>
				<misses>242001</misses>
				<total>2</total>
				<timestamp>60.441416</timestamp>
			</report>
			<report>
				<misses>243001</misses>
				<total>2</total>
				<timestamp>60.691240</timestamp>
			</report>
			<report>
				<misses>244001</misses>
				<total>2</total>
				<timestamp>60.940953</timestamp>
			</report>
			<report>
				<misses>245001</misses>
				<total>2</total>
				<timestamp>61.190671</timestamp>
			</report>
			<report>
				<misses>246001</misses>
				<total>2</total>
				<timestamp>61.440421</timestamp>
			</report>
			<report>
				<misses>247001</misses>
				<total>2</total>
				<timestamp>61.690224</timestamp>
			</report>
			<report>
				<misses>248001</misses>
				<total>2</total>
				<timestamp>61.939923</timestamp>
			</report>
			<report>
				<misses>249001</misses>
				<total>2</total>
				<timestamp>62.189671</timestamp>
			</report>
			<report>
				<misses>250001</misses>
				<total>2</total>
				<timestamp>62.439427</timestamp>
			</report>
			<report>
				<misses>251001</misses>
				<total>2</total>
				<timestamp>62.689241</timestamp>
			</report>
			<report>
				<misses>252001</misses>
				<total>2</total>
				<timestamp>62.938959</timestamp>
			</report>
			<report>
				<misses>253001</misses>
				<total>2</total>
				<timestamp>63.188712</timestamp>
			</report>
			<report>
				<misses>254001</misses>
				<total>2</total>
				<timestamp>63.438415</timestamp>
			</report>
			<report>
				<misses>255001</misses>
				<total>2</total>
				<timestamp>63.688173</timestamp>
			</report>
			<report>
				<misses>256001</misses>
				<total>2</total>
				<timestamp>63.937943</timestamp>
			</report>
			<report>
				<misses>257001</misses>
				<total>2</total>
				<timestamp>64.187680</timestamp>
			</report>
			<report>
				<misses>258001</misses>
				<total>2</total>
				<timestamp>64.437434</timestamp>
			</report>
			<report>
				<misses>259001</misses>
				<total>2</total>
				<timestamp>64.687213</timestamp>
			</report>
			<report>
				<misses>260001</misses>
				<total>2</total>
				<timestamp>64.936931</timestamp>
			</report>
			<report>
				<misses>261001</misses>
				<total>2</total>
				<timestamp>65.186699</timestamp>
			</report>
			<report>
				<misses>262001</misses>
				<total>2</total>
				<timestamp>65.436431</timestamp>
			</report>
			<report>
				<misses>263001</misses>
				<total>2</total>
				<timestamp>65.686223</timestamp>
			</report>
			<report>
				<misses>264001</misses>
				<total>4</total>
				<timestamp>65.935928</timestamp>
			</report>
			<report>
				<misses>265001</misses>
				<total>4</total>
				<timestamp>66.185704</timestamp>
			</report>
			<report>
				<misses>266001</misses>
				<total>4</total>
				<timestamp>66.435437</timestamp>
			</report>
			<report>
				<misses>267001</misses>
				<total>4</total>
				<timestamp>66.685206</timestamp>
			</report>
			<report>
				<misses>268001</misses>
				<total>4</total>
				<timestamp>66.934917</timestamp>
			</report>
			<report>
				<misses>269001</misses>
				<total>4</total>
				<timestamp>67.184690</timestamp>
			</report>
			<report>
				<misses>270001</misses>
				<total>4</total>
				<timestamp>67.434458</timestamp>
			</report>
			<report>
				<misses>271001</misses>
				<total>4</total>
				<timestamp>67.684201</timestamp>
			</report>
			<report>
				<misses>272001</misses>
				<total>3</total>
				<timestamp>67.933946</timestamp>
			</report>
			<report>
				<misses>273001</misses>
				<total>5</total>
				<timestamp>68.183681</timestamp>
			</report>
			<report>
				<misses>274001</misses>
				<total>5</total>
				<timestamp>68.433430</timestamp>
			</report>
			<report>
				<misses>275001</misses>
				<total>5</total>
				<timestamp>68.683194</timestamp>
			</report>
			<report>
				<misses>276001</misses>
				<total>5</total>
				<timestamp>68.932939</timestamp>
			</report>
			<report>
				<misses>277001</misses>
				<total>5</total>
				<timestamp>69.182671</timestamp>
			</report>
			<report>
				<misses>278001</misses>
				<total>5</total>
				<timestamp>69.432415</timestamp>
			</report>
			<report>
				<misses>279001</misses>
				<total>5</total>
				<timestamp>69.682194</timestamp>
			</report>
			<report>
				<misses>280001</misses>
				<total>5</total>
				<timestamp>69.931935</timestamp>
			</report>
			<report>
				<misses>281001</misses>
				<total>5</total>
				<timestamp>70.181709</timestamp>
			</report>
			<report>
				<misses>282001</misses>
				<total>5</total>
				<timestamp>70.431439</timestamp>
			</report>
			<report>
				<misses>283001</misses>
				<total>5</total>
				<timestamp>70.681212</timestamp>
			</report>
			<report>
				<misses>284001</misses>
				<total>5</total>
				<timestamp>70.930931</timestamp>
			</report>
			<report>
				<misses>285001</misses>
				<total>5</total>
				<timestamp>71.180731</timestamp>
			</report>
			<report>
				<misses>286001</misses>
				<total>5</total>
				<timestamp>71.430444</timestamp>
			</report>
			<report>
				<misses>287001</misses>
				<total>5</total>
				<timestamp>71.680183</timestamp>
			</report>
			<report>
				<misses>288001</misses>
				<total>4</total>
				<timestamp>71.929948</timestamp>
			</report>
			<report>
				<misses>289001</misses>
				<total>5</total>
				<timestamp>72.179670</timestamp>
			</report>
			<report>
				<misses>290001</misses>
				<total>5</total>
				<timestamp>72.429474</timestamp>
			</report>
			<report>
				<misses>291001</misses>
				<total>5</total>
				<timestamp>72.679192</timestamp>
			</report>
			<report>
				<misses>292001</misses>
				<total>4</total>
				<timestamp>72.928944</timestamp>
			</report>
			<report>
				<misses>293001</misses>
				<total>5</total>
				<timestamp>73.178682</timestamp>
			</report>
			<report>
				<misses>294001</misses>
				<total>5</total>
				<timestamp>73.428445</timestamp>
			</report>
			<report>
				<misses>295001</misses>
				<total>5</total>
				<timestamp>73.678195</timestamp>
			</report>
			<report>
				<misses>296001</misses>
				<total>5</total>
				<timestamp>73.927936</timestamp>
			</report>
			<report>
				<misses>297001</misses>
				<total>5</total>
				<timestamp>74.177678</timestamp>
			</report>
			<report>
				<misses>298001</misses>
				<total>5</total>
				<timestamp>74.427431</timestamp>
			</report>
			<report>
				<misses>299001</misses>
				<total>5</total>
				<timestamp>74.677185</timestamp>
			</report>
			<report>
				<misses>300001</misses>
				<total>5</total>
				<timestamp>74.926926</timestamp>
			</report>
			<report>
				<misses>301001</misses>
				<total>5</total>
				<timestamp>75.176702</timestamp>
			</report>
			<report>
				<misses>302001</misses>
				<total>5</total>
				<timestamp>75.426446</timestamp>
			</report>
			<report>
				<misses>303001</misses>
				<total>5</total>
				<timestamp>75.676208</timestamp>
			</report>
			<report>
				<misses>304001</misses>
				<total>5</total>
				<timestamp>75.925907</timestamp>
			</report>
			<report>
				<misses>305001</misses>
				<total>5</total>
				<timestamp>76.175703</timestamp>
			</report>
			<report>
				<misses>306001</misses>
				<total>5</total>
				<timestamp>76.425429</timestamp>
			</report>
			<report>
				<misses>307001</misses>
				<total>5</total>
				<timestamp>76.675174</timestamp>
			</report>
			<report>
				<misses>308001</misses>
				<total>5</total>
				<timestamp>76.924916</timestamp>
			</report>
			<report>
				<misses>309001</misses>
				<total>5</total>
				<timestamp>77.174686</timestamp>
			</report>
			<report>
				<misses>310001</misses>
				<total>5</total>
				<timestamp>77.424410</timestamp>
			</report>
			<report>
				<misses>311001</misses>
				<total>5</total>
				<timestamp>77.674239</timestamp>
			</report>
			<report>
				<misses>312001</misses>
				<total>5</total>
				<timestamp>77.923912</timestamp>
			</report>
			<report>
				<misses>313001</misses>
				<total>5</total>
				<timestamp>78.173681</timestamp>
			</report>
			<report>
				<misses>314001</misses>
				<total>5</total>
				<timestamp>78.423429</timestamp>
			</report>
			<report>
				<misses>315001</misses>
				<total>5</total>
				<timestamp>78.673197</timestamp>
			</report>
			<report>
				<misses>316001</misses>
				<total>5</total>
				<timestamp>78.922919</timestamp>
			</report>
			<report>
				<misses>317001</misses>
				<total>5</total>
				<timestamp>79.172657</timestamp>
			</report>
			<report>
				<misses>318001</misses>
				<total>5</total>
				<timestamp>79.422425</timestamp>
			</report>
			<report>
				<misses>319001</misses>
				<total>5</total>
				<timestamp>79.672197</timestamp>
			</report>
			<report>
				<misses>320001</misses>
				<total>5</total>
				<timestamp>79.921953</timestamp>
			</report>
			<report>
				<misses>321001</misses>
				<total>5</total>
				<timestamp>80.171668</timestamp>
			</report>
			<report>
				<misses>322001</misses>
				<total>5</total>
				<timestamp>80.421423</timestamp>
			</report>
			<report>
				<misses>323001</misses>
				<total>5</total>
				<timestamp>80.671216</timestamp>
			</report>
			<report>
				<misses>324001</misses>
				<total>5</total>
				<timestamp>80.920917</timestamp>
			</report>
			<report>
				<misses>325001</misses>
				<total>5</total>
				<timestamp>81.170707</timestamp>
			</report>
			<report>
				<misses>326001</misses>
				<total>5</total>
				<timestamp>81.420428</timestamp>
			</report>
			<report>
				<misses>327001</misses>
				<total>5</total>
				<timestamp>81.670206</timestamp>
			</report>
			<report>
				<misses>328001</misses>
				<total>5</total>
				<timestamp>81.919913</timestamp>
			</report>
			<report>
				<misses>329001</misses>
				<total>4</total>
				<timestamp>82.169726</timestamp>
			</report>
			<report>
				<misses>330001</misses>
				<total>5</total>
				<timestamp>82.419405</timestamp>
			</report>
			<report>
				<misses>331001</misses>
				<total>5</total>
				<timestamp>82.669168</timestamp>
			</report>
			<report>
				<misses>332001</misses>
				<total>5</total>
				<timestamp>82.918930</timestamp>
			</report>
			<report>
				<misses>333001</misses>
				<total>5</total>
				<timestamp>83.168678</timestamp>
			</report>
			<report>
				<misses>334001</misses>
				<total>5</total>
				<timestamp>83.418425</timestamp>
			</report>
			<report>
				<misses>335001</misses>
				<total>5</total>
				<timestamp>83.668187</timestamp>
			</report>
			<report>
				<misses>336001</misses>
				<total>5</total>
				<timestamp>83.917928</timestamp>
			</report>
			<report>
				<misses>337001</misses>
				<total>5</total>
				<timestamp>84.167686</timestamp>
			</report>
			<report>
				<misses>338001</misses>
				<total>5</total>
				<timestamp>84.417429</timestamp>
			</report>
			<report>
				<misses>339001</misses>
				<total>5</total>
				<timestamp>84.667199</timestamp>
			</report>
			<report>
				<misses>340001</misses>
				<total>5</total>
				<timestamp>84.916919</timestamp>
			</report>
			<report>
				<misses>341001</misses>
				<total>5</total>
				<timestamp>85.166675</timestamp>
			</report>
			<report>
				<misses>342001</misses>
				<total>5</total>
				<timestamp>85.416415</timestamp>
			</report>
			<report>
				<misses>343001</misses>
				<total>5</total>
				<timestamp>85.666205</timestamp>
			</report>
			<report>
				<misses>344001</misses>
				<total>5</total>
				<timestamp>85.915936</timestamp>
			</report>
			<report>
				<misses>345001</misses>
				<total>5</total>
				<timestamp>86.165680</timestamp>
			</report>
			<report>
				<misses>346001</misses>
				<total>5</total>
				<timestamp>86.415427</timestamp>
			</report>
			<report>
				<misses>347001</misses>
				<total>5</total>
				<timestamp>86.665190</timestamp>
			</report>
			<report>
				<misses>348001</misses>
				<total>5</total>
				<timestamp>86.914963</timestamp>
			</report>
			<report>
				<misses>349001</misses>
				<total>5</total>
				<timestamp>87.164683</timestamp>
			</report>
			<report>
				<misses>350001</misses>
				<total>5</total>
				<timestamp>87.414424</timestamp>
			</report>
			<report>
				<misses>351001</misses>
				<total>5</total>
				<timestamp>87.664191</timestamp>
			</report>
			<report>
				<misses>352001</misses>
				<total>5</total>
				<timestamp>87.913954</timestamp>
			</report>
			<report>
				<misses>353001</misses>
				<total>5</total>
				<timestamp>88.163665</timestamp>
			</report>
			<report>
				<misses>354001</misses>
				<total>5</total>
				<timestamp>88.413411</timestamp>
			</report>
			<report>
				<misses>355001</misses>
				<total>5</total>
				<timestamp>88.663185</timestamp>
			</report>
			<report>
				<misses>356001</misses>
				<total>5</total>
				<timestamp>88.912969</timestamp>
			</report>
			<report>
				<misses>357001</misses>
				<total>5</total>
				<timestamp>89.162715</timestamp>
			</report>
			<report>
				<misses>358001</misses>
				<total>5</total>
				<timestamp>89.412418</timestamp>
			</report>
			<report>
				<misses>359001</misses>
				<total>5</total>
				<timestamp>89.662199</timestamp>
			</report>
			<report>
				<misses>360001</misses>
				<total>5</total>
				<timestamp>89.911966</timestamp>
			</report>
			<report>
				<misses>361001</misses>
				<total>5</total>
				<timestamp>90.161698</timestamp>
			</report>
			<report>
				<misses>362001</misses>
				<total>5</total>
				<timestamp>90.411423</timestamp>
			</report>
			<report>
				<misses>363001</misses>
				<total>5</total>
				<timestamp>90.661174</timestamp>
			</report>
			<report>
				<misses>364001</misses>
				<total>5</total>
				<timestamp>90.910973</timestamp>
			</report>
			<report>
				<misses>365001</misses>
				<total>5</total>
				<timestamp>91.160689</timestamp>
			</report>
			<report>
				<misses>366001</misses>
				<total>5</total>
				<timestamp>91.410427</timestamp>
			</report>
			<report>
				<misses>367001</misses>
				<total>5</total>
				<timestamp>91.660188</timestamp>
			</report>
			<report>
				<misses>368001</misses>
				<total>5</total>
				<timestamp>91.910013</timestamp>
			</report>
			<report>
				<misses>369001</misses>
				<total>5</total>
				<timestamp>92.159689</timestamp>
			</report>
			<report>
				<misses>370001</misses>
				<total>5</total>
				<timestamp>92.409427</timestamp>
			</report>
			<report>
				<misses>371001</misses>
				<total>5</total>
				<timestamp>92.659174</timestamp>
			</report>
			<report>
				<misses>372001</misses>
				<total>5</total>
				<timestamp>92.908941</timestamp>
			</report>
			<report>
				<misses>373001</misses>
				<total>5</total>
				<timestamp>93.158724</timestamp>
			</report>
			<report>
				<misses>374001</misses>
				<total>5</total>
				<timestamp>93.408497</timestamp>
			</report>
			<report>
				<misses>375001</misses>
				<total>5</total>
				<timestamp>93.658189</timestamp>
			</report>
			<report>
				<misses>376001</misses>
				<total>5</total>
				<timestamp>93.907991</timestamp>
			</report>
			<report>
				<misses>377001</misses>
				<total>5</total>
				<timestamp>94.157683</timestamp>
			</report>
			<report>
				<misses>378001</misses>
				<total>5</total>
				<timestamp>94.407427</timestamp>
			</report>
			<report>
				<misses>379001</misses>
				<total>5</total>
				<timestamp>94.657189</timestamp>
			</report>
			<report>
				<misses>380001</misses>
				<total>5</total>
				<timestamp>94.906940</timestamp>
			</report>
			<report>
				<misses>381001</misses>
				<total>5</total>
				<timestamp>95.156682</timestamp>
			</report>
			<report>
				<misses>382001</misses>
				<total>5</total>
				<timestamp>95.406424</timestamp>
			</report>
			<report>
				<misses>383001</misses>
				<total>6</total>
				<timestamp>95.656171</timestamp>
			</report>
			<report>
				<misses>384001</misses>
				<total>5</total>
				<timestamp>95.906005</timestamp>
			</report>
			<report>
				<misses>385001</misses>
				<total>6</total>
				<timestamp>96.155716</timestamp>
			</report>
			<report>
				<misses>386001</misses>
				<total>6</total>
				<timestamp>96.405424</timestamp>
			</report>
			<report>
				<misses>387001</misses>
				<total>6</total>
				<timestamp>96.655178</timestamp>
			</report>
			<report>
				<misses>388001</misses>
				<total>6</total>
				<timestamp>96.904980</timestamp>
			</report>
			<report>
				<misses>389001</misses>
				<total>6</total>
				<timestamp>97.154682</timestamp>
			</report>
			<report>
				<misses>390001</misses>
				<total>6</total>
				<timestamp>97.404413</timestamp>
			</report>
			<report>
				<misses>391001</misses>
				<total>6</total>
				<timestamp>97.654212</timestamp>
			</report>
			<report>
				<misses>392001</misses>
				<total>5</total>
				<timestamp>97.904021</timestamp>
			</report>
			<report>
				<misses>393001</misses>
				<total>6</total>
				<timestamp>98.153717</timestamp>
			</report>
			<report>
				<misses>394001</misses>
				<total>6</total>
				<timestamp>98.403417</timestamp>
			</report>
			<report>
				<misses>395001</misses>
				<total>6</total>
				<timestamp>98.653200</timestamp>
			</report>
			<report>
				<misses>396001</misses>
				<total>6</total>
				<timestamp>98.902986</timestamp>
			</report>
			<report>
				<misses>397001</misses>
				<total>6</total>
				<timestamp>99.152679</timestamp>
			</report>
			<report>
				<misses>398001</misses>
				<total>6</total>
				<timestamp>99.402433</timestamp>
			</report>
			<report>
				<misses>399001</misses>
				<total>6</total>
				<timestamp>99.652176</timestamp>
			</report>
			<report>
				<misses>400001</misses>
				<total>6</total>
				<timestamp>99.901983</timestamp>
			</report>
			<report>
				<misses>401001</misses>
				<total>6</total>
				<timestamp>100.151687</timestamp>
			</report>
			<report>
				<misses>402001</misses>
				<total>6</total>
				<timestamp>100.401433</timestamp>
			</report>
			<report>
				<misses>403001</misses>
				<total>6</total>
				<timestamp>100.651184</timestamp>
			</report>
			<report>
				<misses>404001</misses>
				<total>6</total>
				<timestamp>100.900938</timestamp>
			</report>
			<report>
				<misses>405001</misses>
				<total>6</total>
				<timestamp>101.150691</timestamp>
			</report>
			<report>
				<misses>406001</misses>
				<total>6</total>
				<timestamp>101.400423</timestamp>
			</report>
			<report>
				<misses>407001</misses>
				<total>6</total>
				<timestamp>101.650201</timestamp>
			</report>
			<report>
				<misses>408001</misses>
				<total>6</total>
				<timestamp>101.899956</timestamp>
			</report>
			<report>
				<misses>409001</misses>
				<total>6</total>
				<timestamp>102.149701</timestamp>
			</report>
			<report>
				<misses>410001</misses>
				<total>6</total>
				<timestamp>102.399430</timestamp>
			</report>
			<report>
				<misses>411001</misses>
				<total>6</total>
				<timestamp>102.649176</timestamp>
			</report>
			<report>
				<misses>412001</misses>
				<total>6</total>
				<timestamp>102.898941</timestamp>
			</report>
			<report>
				<misses>413001</misses>
				<total>6</total>
				<timestamp>103.148678</timestamp>
			</report>
			<report>
				<misses>414001</misses>
				<total>6</total>
				<timestamp>103.398420</timestamp>
			</report>
			<report>
				<misses>415001</misses>
				<total>6</total>
				<timestamp>103.648179</timestamp>
			</report>
			<report>
				<misses>416001</misses>
				<total>6</total>
				<timestamp>103.897945</timestamp>
			</report>
			<report>
				<misses>417001</misses>
				<total>6</total>
				<timestamp>104.147692</timestamp>
			</report>
			<report>
				<misses>418001</misses>
				<total>6</total>
				<timestamp>104.397416</timestamp>
			</report>
			<report>
				<misses>419001</misses>
				<total>6</total>
				<timestamp>104.647177</timestamp>
			</report>
			<report>
				<misses>420001</misses>
				<total>6</total>
				<timestamp>104.896937</timestamp>
			</report>
			<report>
				<misses>421001</misses>
				<total>6</total>
				<timestamp>105.146682</timestamp>
			</report>
			<report>
				<misses>422001</misses>
				<total>7</total>
				<timestamp>105.396416</timestamp>
			</report>
			<report>
				<misses>423001</misses>
				<total>7</total>
				<timestamp>105.646201</timestamp>
			</report>
			<report>
				<misses>424001</misses>
				<total>7</total>
				<timestamp>105.895962</timestamp>
			</report>
			<report>
				<misses>425001</misses>
				<total>7</total>
				<timestamp>106.145707</timestamp>
			</report>
			<report>
				<misses>426001</misses>
				<total>6</total>
				<timestamp>106.395448</timestamp>
			</report>
			<report>
				<misses>427001</misses>
				<total>7</total>
				<timestamp>106.645175</timestamp>
			</report>
			<report>
				<misses>428001</misses>
				<total>7</total>
				<timestamp>106.894948</timestamp>
			</report>
			<report>
				<misses>429001</misses>
				<total>7</total>
				<timestamp>107.144674</timestamp>
			</report>
			<report>
				<misses>430001</misses>
				<total>7</total>
				<timestamp>107.394415</timestamp>
			</report>
			<report>
				<misses>431001</misses>
				<total>7</total>
				<timestamp>107.644160</timestamp>
			</report>
			<report>
				<misses>432001</misses>
				<total>7</total>
				<timestamp>107.893937</timestamp>
			</report>
			<report>
				<misses>433001</misses>
				<total>7</total>
				<timestamp>108.143695</timestamp>
			</report>
			<report>
				<misses>434001</misses>
				<total>7</total>
				<timestamp>108.393429</timestamp>
			</report>
			<report>
				<misses>435001</misses>
				<total>7</total>
				<timestamp>108.643173</timestamp>
			</report>
			<report>
				<misses>436001</misses>
				<total>7</total>
				<timestamp>108.892952</timestamp>
			</report>
			<report>
				<misses>437001</misses>
				<total>7</total>
				<timestamp>109.142718</timestamp>
			</report>
			<report>
				<misses>438001</misses>
				<total>7</total>
				<timestamp>109.392423</timestamp>
			</report>
			<report>
				<misses>439001</misses>
				<total>7</total>
				<timestamp>109.642191</timestamp>
			</report>
			<report>
				<misses>440001</misses>
				<total>7</total>
				<timestamp>109.891954</timestamp>
			</report>
			<report>
				<misses>441001</misses>
				<total>7</total>
				<timestamp>110.141679</timestamp>
			</report>
			<report>
				<misses>442001</misses>
				<total>7</total>
				<timestamp>110.391425</timestamp>
			</report>
			<report>
				<misses>443001</misses>
				<total>7</total>
				<timestamp>110.641185</timestamp>
			</report>
			<report>
				<misses>444001</misses>
				<total>7</total>
				<timestamp>110.890974</timestamp>
			</report>
			<report>
				<misses>445001</misses>
				<total>7</total>
				<timestamp>111.140684</timestamp>
			</report>
			<report>
				<misses>446001</misses>
				<total>7</total>
				<timestamp>111.390476</timestamp>
			</report>
			<report>
				<misses>447001</misses>
				<total>7</total>
				<timestamp>111.640181</timestamp>
			</report>
			<report>
				<misses>448001</misses>
				<total>7</total>
				<timestamp>111.889964</timestamp>
			</report>
			<report>
				<misses>449001</misses>
				<total>6</total>
				<timestamp>112.139700</timestamp>
			</report>
			<report>
				<misses>450001</misses>
				<total>7</total>
				<timestamp>112.389420</timestamp>
			</report>
			<report>
				<misses>451001</misses>
				<total>7</total>
				<timestamp>112.639169</timestamp>
			</report>
			<report>
				<misses>452001</misses>
				<total>7</total>
				<timestamp>112.888959</timestamp>
			</report>
			<report>
				<misses>453001</misses>
				<total>7</total>
				<timestamp>113.138665</timestamp>
			</report>
			<report>
				<misses>454001</misses>
				<total>7</total>
				<timestamp>113.388435</timestamp>
			</report>
			<report>
				<misses>455001</misses>
				<total>7</total>
				<timestamp>113.638175</timestamp>
			</report>
			<report>
				<misses>456001</misses>
				<total>7</total>
				<timestamp>113.887938</timestamp>
			</report>
			<report>
				<misses>457001</misses>
				<total>7</total>
				<timestamp>114.137678</timestamp>
			</report>
			<report>
				<misses>458001</misses>
				<total>7</total>
				<timestamp>114.387437</timestamp>
			</report>
			<report>
				<misses>459001</misses>
				<total>7</total>
				<timestamp>114.637221</timestamp>
			</report>
			<report>
				<misses>460001</misses>
				<total>7</total>
				<timestamp>114.886938</timestamp>
			</report>
			<report>
				<misses>461001</misses>
				<total>6</total>
				<timestamp>115.136740</timestamp>
			</report>
			<report>
				<misses>462001</misses>
				<total>7</total>
				<timestamp>115.386416</timestamp>
			</report>
			<report>
				<misses>463001</misses>
				<total>7</total>
				<timestamp>115.636188</timestamp>
			</report>
			<report>
				<misses>464001</misses>
				<total>7</total>
				<timestamp>115.885997</timestamp>
			</report>
			<report>
				<misses>465001</misses>
				<total>7</total>
				<timestamp>116.135706</timestamp>
			</report>
			<report>
				<misses>466001</misses>
				<total>7</total>
				<timestamp>116.385425</timestamp>
			</report>
			<report>
				<misses>467001</misses>
				<total>7</total>
				<timestamp>116.635177</timestamp>
			</report>
			<report>
				<misses>468001</misses>
				<total>7</total>
				<timestamp>116.884912</timestamp>
			</report>
			<report>
				<misses>469001</misses>
				<total>7</total>
				<timestamp>117.134701</timestamp>
			</report>
			<report>
				<misses>470001</misses>
				<total>7</total>
				<timestamp>117.384479</timestamp>
			</report>
			<report>
				<misses>471001</misses>
				<total>7</total>
				<timestamp>117.634224</timestamp>
			</report>
			<report>
				<misses>472001</misses>
				<total>7</total>
				<timestamp>117.883979</timestamp>
			</report>
			<report>
				<misses>473001</misses>
				<total>7</total>
				<timestamp>118.133677</timestamp>
			</report>
			<report>
				<misses>474001</misses>
				<total>7</total>
				<timestamp>118.383433</timestamp>
			</report>
			<report>
				<misses>475001</misses>
				<total>7</total>
				<timestamp>118.633171</timestamp>
			</report>
			<report>
				<misses>476001</misses>
				<total>7</total>
				<timestamp>118.882954</timestamp>
			</report>
			<report>
				<misses>477001</misses>
				<total>7</total>
				<timestamp>119.132690</timestamp>
			</report>
			<report>
				<misses>478001</misses>
				<total>7</total>
				<timestamp>119.382443</timestamp>
			</report>
			<report>
				<misses>479001</misses>
				<total>7</total>
				<timestamp>119.632204</timestamp>
			</report>
			<report>
				<misses>480001</misses>
				<total>7</total>
				<timestamp>119.881978</timestamp>
			</report>
			<report>
				<misses>481001</misses>
				<total>7</total>
				<timestamp>120.131726</timestamp>
			</report>
			<report>
				<misses>482001</misses>
				<total>7</total>
				<timestamp>120.381456</timestamp>
			</report>
			<report>
				<misses>483001</misses>
				<total>7</total>
				<timestamp>120.631190</timestamp>
			</report>
			<report>
				<misses>484001</misses>
				<total>7</total>
				<timestamp>120.880950</timestamp>
			</report>
			<report>
				<misses>485001</misses>
				<total>7</total>
				<timestamp>121.130729</timestamp>
			</report>
			<report>
				<misses>486001</misses>
				<total>7</total>
				<timestamp>121.380443</timestamp>
			</report>
			<report>
				<misses>487001</misses>
				<total>7</total>
				<timestamp>121.630200</timestamp>
			</report>
			<report>
				<misses>488001</misses>
				<total>7</total>
				<timestamp>121.879957</timestamp>
			</report>
			<report>
				<misses>489001</misses>
				<total>7</total>
				<timestamp>122.129714</timestamp>
			</report>
			<report>
				<misses>490001</misses>
				<total>7</total>
				<timestamp>122.379449</timestamp>
			</report>
			<report>
				<misses>491001</misses>
				<total>8</total>
				<timestamp>122.629186</timestamp>
			</report>
			<report>
				<misses>492001</misses>
				<total>8</total>
				<timestamp>122.878961</timestamp>
			</report>
			<report>
				<misses>493001</misses>
				<total>8</total>
				<timestamp>123.128706</timestamp>
			</report>
			<report>
				<misses>494001</misses>
				<total>8</total>
				<timestamp>123.378431</timestamp>
			</report>
			<report>
				<misses>495001</misses>
				<total>8</total>
				<timestamp>123.628174</timestamp>
			</report>
			<report>
				<misses>496001</misses>
				<total>8</total>
				<timestamp>123.877948</timestamp>
			</report>
			<report>
				<misses>497001</misses>
				<total>8</total>
				<timestamp>124.127709</timestamp>
			</report>
			<report>
				<misses>498001</misses>
				<total>8</total>
				<timestamp>124.377443</timestamp>
			</report>
			<report>
				<misses>499001</misses>
				<total>8</total>
				<timestamp>124.627190</timestamp>
			</report>
			<report>
				<misses>500001</misses>
				<total>8</total>
				<timestamp>124.876965</timestamp>
			</report>
			<report>
				<misses>501001</misses>
				<total>8</total>
				<timestamp>125.126678</timestamp>
			</report>
			<report>
				<misses>502001</misses>
				<total>8</total>
				<timestamp>125.376422</timestamp>
			</report>
			<report>
				<misses>503001</misses>
				<total>8</total>
				<timestamp>125.626215</timestamp>
			</report>
			<report>
				<misses>504001</misses>
				<total>8</total>
				<timestamp>125.875948</timestamp>
			</report>
			<report>
				<misses>505001</misses>
				<total>8</total>
				<timestamp>126.125675</timestamp>
			</report>
			<report>
				<misses>506001</misses>
				<total>8</total>
				<timestamp>126.375455</timestamp>
			</report>
			<report>
				<misses>507001</misses>
				<total>8</total>
				<timestamp>126.625168</timestamp>
			</report>
			<report>
				<misses>508001</misses>
				<total>8</total>
				<timestamp>126.874954</timestamp>
			</report>
			<report>
				<misses>509001</misses>
				<total>8</total>
				<timestamp>127.124701</timestamp>
			</report>
			<report>
				<misses>510001</misses>
				<total>8</total>
				<timestamp>127.374433</timestamp>
			</report>
			<report>
				<misses>511001</misses>
				<total>8</total>
				<timestamp>127.624167</timestamp>
			</report>
			<report>
				<misses>512001</misses>
				<total>8</total>
				<timestamp>127.874176</timestamp>
			</report>
			<report>
				<misses>513001</misses>
				<total>8</total>
				<timestamp>128.123956</timestamp>
			</report>
			<report>
				<misses>514001</misses>
				<total>8</total>
				<timestamp>128.373686</timestamp>
			</report>
			<report>
				<misses>515001</misses>
				<total>8</total>
				<timestamp>128.623461</timestamp>
			</report>
			<report>
				<misses>516001</misses>
				<total>8</total>
				<timestamp>128.873188</timestamp>
			</report>
			<report>
				<misses>517001</misses>
				<total>8</total>
				<timestamp>129.122955</timestamp>
			</report>
			<report>
				<misses>518001</misses>
				<total>8</total>
				<timestamp>129.372728</timestamp>
			</report>
			<report>
				<misses>519001</misses>
				<total>8</total>
				<timestamp>129.622463</timestamp>
			</report>
			<report>
				<misses>520001</misses>
				<total>8</total>
				<timestamp>129.872191</timestamp>
			</report>
			<report>
				<misses>521001</misses>
				<total>8</total>
				<timestamp>130.121931</timestamp>
			</report>
			<report>
				<misses>522001</misses>
				<total>8</total>
				<timestamp>130.371684</timestamp>
			</report>
			<report>
				<misses>523001</misses>
				<total>8</total>
				<timestamp>130.621425</timestamp>
			</report>
			<report>
				<misses>524001</misses>
				<total>8</total>
				<timestamp>130.871177</timestamp>
			</report>
			<report>
				<misses>525001</misses>
				<total>8</total>
				<timestamp>131.120926</timestamp>
			</report>
			<report>
				<misses>526001</misses>
				<total>8</total>
				<timestamp>131.370688</timestamp>
			</report>
			<report>
				<misses>527001</misses>
				<total>8</total>
				<timestamp>131.620436</timestamp>
			</report>
			<report>
				<misses>528001</misses>
				<total>8</total>
				<timestamp>131.870179</timestamp>
			</report>
			<report>
				<misses>529001</misses>
				<total>8</total>
				<timestamp>132.119953</timestamp>
			</report>
			<report>
				<misses>530001</misses>
				<total>9</total>
				<timestamp>132.369737</timestamp>
			</report>
			<report>
				<misses>531001</misses>
				<total>9</total>
				<timestamp>132.619437</timestamp>
			</report>
			<report>
				<misses>532001</misses>
				<total>9</total>
				<timestamp>132.869181</timestamp>
			</report>
			<report>
				<misses>533001</misses>
				<total>9</total>
				<timestamp>133.118934</timestamp>
			</report>
			<report>
				<misses>534001</misses>
				<total>9</total>
				<timestamp>133.368718</timestamp>
			</report>
			<report>
				<misses>535001</misses>
				<total>9</total>
				<timestamp>133.618426</timestamp>
			</report>
			<report>
				<misses>536001</misses>
				<total>9</total>
				<timestamp>133.868181</timestamp>
			</report>
			<report>
				<misses>537001</misses>
				<total>9</total>
				<timestamp>134.117920</timestamp>
			</report>
			<report>
				<misses>538001</misses>
				<total>9</total>
				<timestamp>134.367719</timestamp>
			</report>
			<report>
				<misses>539001</misses>
				<total>9</total>
				<timestamp>134.617464</timestamp>
			</report>
			<report>
				<misses>540001</misses>
				<total>9</total>
				<timestamp>134.867171</timestamp>
			</report>
			<report>
				<misses>541001</misses>
				<total>9</total>
				<timestamp>135.116921</timestamp>
			</report>
			<report>
				<misses>542001</misses>
				<total>9</total>
				<timestamp>135.366731</timestamp>
			</report>
			<report>
				<misses>543001</misses>
				<total>9</total>
				<timestamp>135.616471</timestamp>
			</report>
			<report>
				<misses>544001</misses>
				<total>9</total>
				<timestamp>135.866180</timestamp>
			</report>
			<report>
				<misses>545001</misses>
				<total>9</total>
				<timestamp>136.115928</timestamp>
			</report>
			<report>
				<misses>546001</misses>
				<total>9</total>
				<timestamp>136.365750</timestamp>
			</report>
			<report>
				<misses>547001</misses>
				<total>9</total>
				<timestamp>136.615458</timestamp>
			</report>
			<report>
				<misses>548001</misses>
				<total>9</total>
				<timestamp>136.865164</timestamp>
			</report>
			<report>
				<misses>549001</misses>
				<total>9</total>
				<timestamp>137.114924</timestamp>
			</report>
			<report>
				<misses>550001</misses>
				<total>9</total>
				<timestamp>137.364701</timestamp>
			</report>
			<report>
				<misses>551001</misses>
				<total>9</total>
				<timestamp>137.614417</timestamp>
			</report>
			<report>
				<misses>552001</misses>
				<total>9</total>
				<timestamp>137.864194</timestamp>
			</report>
			<report>
				<misses>553001</misses>
				<total>9</total>
				<timestamp>138.113918</timestamp>
			</report>
			<report>
				<misses>554001</misses>
				<total>9</total>
				<timestamp>138.363693</timestamp>
			</report>
			<report>
				<misses>555001</misses>
				<total>9</total>
				<timestamp>138.613421</timestamp>
			</report>
			<report>
				<misses>556001</misses>
				<total>9</total>
				<timestamp>138.863166</timestamp>
			</report>
			<report>
				<misses>557001</misses>
				<total>9</total>
				<timestamp>139.112940</timestamp>
			</report>
			<report>
				<misses>558001</misses>
				<total>9</total>
				<timestamp>139.362723</timestamp>
			</report>
			<report>
				<misses>559001</misses>
				<total>9</total>
				<timestamp>139.612440</timestamp>
			</report>
			<report>
				<misses>560001</misses>
				<total>9</total>
				<timestamp>139.862177</timestamp>
			</report>
			<report>
				<misses>561001</misses>
				<total>9</total>
				<timestamp>140.111934</timestamp>
			</report>
			<report>
				<misses>562001</misses>
				<total>9</total>
				<timestamp>140.361699</timestamp>
			</report>
			<report>
				<misses>563001</misses>
				<total>9</total>
				<timestamp>140.611433</timestamp>
			</report>
			<report>
				<misses>564001</misses>
				<total>9</total>
				<timestamp>140.861176</timestamp>
			</report>
			<report>
				<misses>565001</misses>
				<total>12</total>
				<timestamp>141.110932</timestamp>
			</report>
			<report>
				<misses>566001</misses>
				<total>12</total>
				<timestamp>141.360668</timestamp>
			</report>
			<report>
				<misses>567001</misses>
				<total>12</total>
				<timestamp>141.610439</timestamp>
			</report>
			<report>
				<misses>568001</misses>
				<total>12</total>
				<timestamp>141.860190</timestamp>
			</report>
			<report>
				<misses>569001</misses>
				<total>12</total>
				<timestamp>142.109930</timestamp>
			</report>
			<report>
				<misses>570001</misses>
				<total>12</total>
				<timestamp>142.359699</timestamp>
			</report>
			<report>
				<misses>571001</misses>
				<total>12</total>
				<timestamp>142.609421</timestamp>
			</report>
			<report>
				<misses>572001</misses>
				<total>12</total>
				<timestamp>142.859176</timestamp>
			</report>
			<report>
				<misses>573001</misses>
				<total>12</total>
				<timestamp>143.108933</timestamp>
			</report>
			<report>
				<misses>574001</misses>
				<total>12</total>
				<timestamp>143.358696</timestamp>
			</report>
			<report>
				<misses>575001</misses>
				<total>12</total>
				<timestamp>143.608450</timestamp>
			</report>
			<report>
				<misses>576001</misses>
				<total>12</total>
				<timestamp>143.858180</timestamp>
			</report>
			<report>
				<misses>577001</misses>
				<total>12</total>
				<timestamp>144.107920</timestamp>
			</report>
			<report>
				<misses>578001</misses>
				<total>12</total>
				<timestamp>144.357689</timestamp>
			</report>
			<report>
				<misses>579001</misses>
				<total>12</total>
				<timestamp>144.607435</timestamp>
			</report>
			<report>
				<misses>580001</misses>
				<total>12</total>
				<timestamp>144.857179</timestamp>
			</report>
			<report>
				<misses>581001</misses>
				<total>12</total>
				<timestamp>145.106920</timestamp>
			</report>
			<report>
				<misses>582001</misses>
				<total>12</total>
				<timestamp>145.356705</timestamp>
			</report>
			<report>
				<misses>583001</misses>
				<total>12</total>
				<timestamp>145.606458</timestamp>
			</report>
			<report>
				<misses>584001</misses>
				<total>12</total>
				<timestamp>145.856192</timestamp>
			</report>
			<report>
				<misses>585001</misses>
				<total>12</total>
				<timestamp>146.105927</timestamp>
			</report>
			<report>
				<misses>586001</misses>
				<total>12</total>
				<timestamp>146.355680</timestamp>
			</report>
			<report>
				<misses>587001</misses>
				<total>12</total>
				<timestamp>146.605424</timestamp>
			</report>
			<report>
				<misses>588001</misses>
				<total>12</total>
				<timestamp>146.855183</timestamp>
			</report>
			<report>
				<misses>589001</misses>
				<total>12</total>
				<timestamp>147.104926</timestamp>
			</report>
			<report>
				<misses>590001</misses>
				<total>12</total>
				<timestamp>147.354723</timestamp>
			</report>
			<report>
				<misses>591001</misses>
				<total>12</total>
				<timestamp>147.604448</timestamp>
			</report>
			<report>
				<misses>592001</misses>
				<total>12</total>
				<timestamp>147.854185</timestamp>
			</report>
			<report>
				<misses>593001</misses>
				<total>12</total>
				<timestamp>148.103918</timestamp>
			</report>
			<report>
				<misses>594001</misses>
				<total>12</total>
				<timestamp>148.353683</timestamp>
			</report>
			<report>
				<misses>595001</misses>
				<total>12</total>
				<timestamp>148.603440</timestamp>
			</report>
			<report>
				<misses>596001</misses>
				<total>12</total>
				<timestamp>148.853186</timestamp>
			</report>
			<report>
				<misses>597001</misses>
				<total>12</total>
				<timestamp>149.102932</timestamp>
			</report>
			<report>
				<misses>598001</misses>
				<total>12</total>
				<timestamp>149.352696</timestamp>
			</report>
			<report>
				<misses>599001</misses>
				<total>12</total>
				<timestamp>149.602435</timestamp>
			</report>
			<report>
				<misses>600001</misses>
				<total>12</total>
				<timestamp>149.852185</timestamp>
			</report>
			<report>
				<misses>601001</misses>
				<total>12</total>
				<timestamp>150.101946</timestamp>
			</report>
			<report>
				<misses>602001</misses>
				<total>12</total>
				<timestamp>150.351737</timestamp>
			</report>
			<report>
				<misses>603001</misses>
				<total>12</total>
				<timestamp>150.601458</timestamp>
			</report>
			<report>
				<misses>604001</misses>
				<total>12</total>
				<timestamp>150.851167</timestamp>
			</report>
			<report>
				<misses>605001</misses>
				<total>12</total>
				<timestamp>151.100934</timestamp>
			</report>
			<report>
				<misses>606001</misses>
				<total>12</total>
				<timestamp>151.350738</timestamp>
			</report>
			<report>
				<misses>607001</misses>
				<total>12</total>
				<timestamp>151.600424</timestamp>
			</report>
			<report>
				<misses>608001</misses>
				<total>12</total>
				<timestamp>151.850177</timestamp>
			</report>
			<report>
				<misses>609001</misses>
				<total>12</total>
				<timestamp>152.099958</timestamp>
			</report>
			<report>
				<misses>610001</misses>
				<total>12</total>
				<timestamp>152.349695</timestamp>
			</report>
			<report>
				<misses>611001</misses>
				<total>12</total>
				<timestamp>152.599424</timestamp>
			</report>
			<report>
				<misses>612001</misses>
				<total>12</total>
				<timestamp>152.849179</timestamp>
			</report>
			<report>
				<misses>613001</misses>
				<total>12</total>
				<timestamp>153.098924</timestamp>
			</report>
			<report>
				<misses>614001</misses>
				<total>12</total>
				<timestamp>153.348685</timestamp>
			</report>
			<report>
				<misses>615001</misses>
				<total>12</total>
				<timestamp>153.598424</timestamp>
			</report>
			<report>
				<misses>616001</misses>
				<total>12</total>
				<timestamp>153.848182</timestamp>
			</report>
			<report>
				<misses>617001</misses>
				<total>12</total>
				<timestamp>154.097943</timestamp>
			</report>
			<report>
				<misses>618001</misses>
				<total>12</total>
				<timestamp>154.347686</timestamp>
			</report>
			<report>
				<misses>619001</misses>
				<total>12</total>
				<timestamp>154.597467</timestamp>
			</report>
			<report>
				<misses>620001</misses>
				<total>12</total>
				<timestamp>154.847193</timestamp>
			</report>
			<report>
				<misses>621001</misses>
				<total>12</total>
				<timestamp>155.096938</timestamp>
			</report>
			<report>
				<misses>622001</misses>
				<total>12</total>
				<timestamp>155.346732</timestamp>
			</report>
			<report>
				<misses>623001</misses>
				<total>12</total>
				<timestamp>155.596434</timestamp>
			</report>
			<report>
				<misses>624001</misses>
				<total>12</total>
				<timestamp>155.846174</timestamp>
			</report>
			<report>
				<misses>625001</misses>
				<total>12</total>
				<timestamp>156.095922</timestamp>
			</report>
			<report>
				<misses>626001</misses>
				<total>12</total>
				<timestamp>156.345685</timestamp>
			</report>
			<report>
				<misses>627001</misses>
				<total>12</total>
				<timestamp>156.595434</timestamp>
			</report>
			<report>
				<misses>628001</misses>
				<total>12</total>
				<timestamp>156.845181</timestamp>
			</report>
			<report>
				<misses>629001</misses>
				<total>12</total>
				<timestamp>157.094930</timestamp>
			</report>
			<report>
				<misses>630001</misses>
				<total>12</total>
				<timestamp>157.344708</timestamp>
			</report>
			<report>
				<misses>631001</misses>
				<total>12</total>
				<timestamp>157.594440</timestamp>
			</report>
			<report>
				<misses>632001</misses>
				<total>12</total>
				<timestamp>157.844197</timestamp>
			</report>
			<report>
				<misses>633001</misses>
				<total>12</total>
				<timestamp>158.093924</timestamp>
			</report>
			<report>
				<misses>634001</misses>
				<total>12</total>
				<timestamp>158.343689</timestamp>
			</report>
			<report>
				<misses>635001</misses>
				<total>12</total>
				<timestamp>158.593457</timestamp>
			</report>
			<report>
				<misses>636001</misses>
				<total>12</total>
				<timestamp>158.843174</timestamp>
			</report>
			<report>
				<misses>637001</misses>
				<total>12</total>
				<timestamp>159.092941</timestamp>
			</report>
			<report>
				<misses>638001</misses>
				<total>12</total>
				<timestamp>159.342731</timestamp>
			</report>
			<report>
				<misses>639001</misses>
				<total>12</total>
				<timestamp>159.592440</timestamp>
			</report>
			<report>
				<misses>640001</misses>
				<total>12</total>
				<timestamp>159.842173</timestamp>
			</report>
			<report>
				<misses>641001</misses>
				<total>12</total>
				<timestamp>160.091924</timestamp>
			</report>
			<report>
				<misses>642001</misses>
				<total>12</total>
				<timestamp>160.341706</timestamp>
			</report>
			<report>
				<misses>643001</misses>
				<total>12</total>
				<timestamp>160.591435</timestamp>
			</report>
			<report>
				<misses>644001</misses>
				<total>12</total>
				<timestamp>160.841173</timestamp>
			</report>
			<report>
				<misses>645001</misses>
				<total>12</total>
				<timestamp>161.090932</timestamp>
			</report>
			<report>
				<misses>646001</misses>
				<total>12</total>
				<timestamp>161.340766</timestamp>
			</report>
			<report>
				<misses>647001</misses>
				<total>12</total>
				<timestamp>161.590438</timestamp>
			</report>
			<report>
				<misses>648001</misses>
				<total>12</total>
				<timestamp>161.840170</timestamp>
			</report>
			<report>
				<misses>649001</misses>
				<total>12</total>
				<timestamp>162.089936</timestamp>
			</report>
			<report>
				<misses>650001</misses>
				<total>12</total>
				<timestamp>162.339674</timestamp>
			</report>
			<report>
				<misses>651001</misses>
				<total>12</total>
				<timestamp>162.589444</timestamp>
			</report>
			<report>
				<misses>652001</misses>
				<total>11</total>
				<timestamp>162.839185</timestamp>
			</report>
			<report>
				<misses>653001</misses>
				<total>12</total>
				<timestamp>163.088952</timestamp>
			</report>
			<report>
				<misses>654001</misses>
				<total>12</total>
				<timestamp>163.338675</timestamp>
			</report>
			<report>
				<misses>655001</misses>
				<total>12</total>
				<timestamp>163.588430</timestamp>
			</report>
			<report>
				<misses>656001</misses>
				<total>12</total>
				<timestamp>163.838173</timestamp>
			</report>
			<report>
				<misses>657001</misses>
				<total>12</total>
				<timestamp>164.087943</timestamp>
			</report>
			<report>
				<misses>658001</misses>
				<total>12</total>
				<timestamp>164.337677</timestamp>
			</report>
			<report>
				<misses>659001</misses>
				<total>12</total>
				<timestamp>164.587432</timestamp>
			</report>
			<report>
				<misses>660001</misses>
				<total>12</total>
				<timestamp>164.837178</timestamp>
			</report>
			<report>
				<misses>661001</misses>
				<total>12</total>
				<timestamp>165.086976</timestamp>
			</report>
			<report>
				<misses>662001</misses>
				<total>12</total>
				<timestamp>165.336688</timestamp>
			</report>
			<report>
				<misses>663001</misses>
				<total>12</total>
				<timestamp>165.586438</timestamp>
			</report>
			<report>
				<misses>664001</misses>
				<total>12</total>
				<timestamp>165.836183</timestamp>
			</report>
			<report>
				<misses>665001</misses>
				<total>12</total>
				<timestamp>166.085933</timestamp>
			</report>
			<report>
				<misses>666001</misses>
				<total>12</total>
				<timestamp>166.335684</timestamp>
			</report>
			<report>
				<misses>667001</misses>
				<total>12</total>
				<timestamp>166.585441</timestamp>
			</report>
			<report>
				<misses>668001</misses>
				<total>12</total>
				<timestamp>166.835173</timestamp>
			</report>
			<report>
				<misses>669001</misses>
				<total>12</total>
				<timestamp>167.084946</timestamp>
			</report>
			<report>
				<misses>670001</misses>
				<total>12</total>
				<timestamp>167.334673</timestamp>
			</report>
			<report>
				<misses>671001</misses>
				<total>12</total>
				<timestamp>167.584431</timestamp>
			</report>
			<report>
				<misses>672001</misses>
				<total>12</total>
				<timestamp>167.834177</timestamp>
			</report>
			<report>
				<misses>673001</misses>
				<total>12</total>
				<timestamp>168.083914</timestamp>
			</report>
			<report>
				<misses>674001</misses>
				<total>12</total>
				<timestamp>168.333687</timestamp>
			</report>
			<report>
				<misses>675001</misses>
				<total>12</total>
				<timestamp>168.583526</timestamp>
			</report>
			<report>
				<misses>676001</misses>
				<total>12</total>
				<timestamp>168.833174</timestamp>
			</report>
			<report>
				<misses>677001</misses>
				<total>12</total>
				<timestamp>169.082932</timestamp>
			</report>
			<report>
				<misses>678001</misses>
				<total>12</total>
				<timestamp>169.332677</timestamp>
			</report>
			<report>
				<misses>679001</misses>
				<total>12</total>
				<timestamp>169.582448</timestamp>
			</report>
			<report>
				<misses>680001</misses>
				<total>12</total>
				<timestamp>169.832194</timestamp>
			</report>
			<report>
				<misses>681001</misses>
				<total>12</total>
				<timestamp>170.081966</timestamp>
			</report>
			<report>
				<misses>682001</misses>
				<total>12</total>
				<timestamp>170.331675</timestamp>
			</report>
			<report>
				<misses>683001</misses>
				<total>12</total>
				<timestamp>170.581457</timestamp>
			</report>
			<report>
				<misses>684001</misses>
				<total>12</total>
				<timestamp>170.831222</timestamp>
			</report>
			<report>
				<misses>685001</misses>
				<total>12</total>
				<timestamp>171.080916</timestamp>
			</report>
			<report>
				<misses>686001</misses>
				<total>12</total>
				<timestamp>171.330708</timestamp>
			</report>
			<report>
				<misses>687001</misses>
				<total>12</total>
				<timestamp>171.580510</timestamp>
			</report>
			<report>
				<misses>688001</misses>
				<total>12</total>
				<timestamp>171.830175</timestamp>
			</report>
			<report>
				<misses>689001</misses>
				<total>12</total>
				<timestamp>172.079922</timestamp>
			</report>
			<report>
				<misses>690001</misses>
				<total>12</total>
				<timestamp>172.329723</timestamp>
			</report>
			<report>
				<misses>691001</misses>
				<total>12</total>
				<timestamp>172.579474</timestamp>
			</report>
			<report>
				<misses>692001</misses>
				<total>12</total>
				<timestamp>172.829177</timestamp>
			</report>
			<report>
				<misses>693001</misses>
				<total>12</total>
				<timestamp>173.078929</timestamp>
			</report>
			<report>
				<misses>694001</misses>
				<total>12</total>
				<timestamp>173.328690</timestamp>
			</report>
			<report>
				<misses>695001</misses>
				<total>12</total>
				<timestamp>173.578454</timestamp>
			</report>
			<report>
				<misses>696001</misses>
				<total>12</total>
				<timestamp>173.828185</timestamp>
			</report>
			<report>
				<misses>697001</misses>
				<total>13</total>
				<timestamp>174.077939</timestamp>
			</report>
			<report>
				<misses>698001</misses>
				<total>13</total>
				<timestamp>174.327677</timestamp>
			</report>
			<report>
				<misses>699001</misses>
				<total>13</total>
				<timestamp>174.577457</timestamp>
			</report>
			<report>
				<misses>700001</misses>
				<total>13</total>
				<timestamp>174.827167</timestamp>
			</report>
			<report>
				<misses>701001</misses>
				<total>13</total>
				<timestamp>175.076940</timestamp>
			</report>
			<report>
				<misses>702001</misses>
				<total>13</total>
				<timestamp>175.326701</timestamp>
			</report>
			<report>
				<misses>703001</misses>
				<total>13</total>
				<timestamp>175.576450</timestamp>
			</report>
			<report>
				<misses>704001</misses>
				<total>13</total>
				<timestamp>175.826184</timestamp>
			</report>
			<report>
				<misses>705001</misses>
				<total>13</total>
				<timestamp>176.075929</timestamp>
			</report>
			<report>
				<misses>706001</misses>
				<total>13</total>
				<timestamp>176.325671</timestamp>
			</report>
			<report>
				<misses>707001</misses>
				<total>13</total>
				<timestamp>176.575453</timestamp>
			</report>
			<report>
				<misses>708001</misses>
				<total>13</total>
				<timestamp>176.825174</timestamp>
			</report>
			<report>
				<misses>709001</misses>
				<total>13</total>
				<timestamp>177.074925</timestamp>
			</report>
			<report>
				<misses>710001</misses>
				<total>13</total>
				<timestamp>177.324681</timestamp>
			</report>
			<report>
				<misses>711001</misses>
				<total>13</total>
				<timestamp>177.574458</timestamp>
			</report>
			<report>
				<misses>712001</misses>
				<total>13</total>
				<timestamp>177.824193</timestamp>
			</report>
			<report>
				<misses>713001</misses>
				<total>13</total>
				<timestamp>178.073973</timestamp>
			</report>
			<report>
				<misses>714001</misses>
				<total>13</total>
				<timestamp>178.323677</timestamp>
			</report>
			<report>
				<misses>715001</misses>
				<total>13</total>
				<timestamp>178.573449</timestamp>
			</report>
			<report>
				<misses>716001</misses>
				<total>13</total>
				<timestamp>178.823195</timestamp>
			</report>
			<report>
				<misses>717001</misses>
				<total>13</total>
				<timestamp>179.072933</timestamp>
			</report>
			<report>
				<misses>718001</misses>
				<total>13</total>
				<timestamp>179.322703</timestamp>
			</report>
			<report>
				<misses>719001</misses>
				<total>13</total>
				<timestamp>179.572440</timestamp>
			</report>
			<report>
				<misses>720001</misses>
				<total>13</total>
				<timestamp>179.822216</timestamp>
			</report>
			<report>
				<misses>721001</misses>
				<total>13</total>
				<timestamp>180.071931</timestamp>
			</report>
			<report>
				<misses>722001</misses>
				<total>13</total>
				<timestamp>180.321696</timestamp>
			</report>
			<report>
				<misses>723001</misses>
				<total>13</total>
				<timestamp>180.571495</timestamp>
			</report>
			<report>
				<misses>724001</misses>
				<total>13</total>
				<timestamp>180.821210</timestamp>
			</report>
			<report>
				<misses>725001</misses>
				<total>13</total>
				<timestamp>181.070934</timestamp>
			</report>
			<report>
				<misses>726001</misses>
				<total>13</total>
				<timestamp>181.320683</timestamp>
			</report>
			<report>
				<misses>727001</misses>
				<total>12</total>
				<timestamp>181.570470</timestamp>
			</report>
			<report>
				<misses>728001</misses>
				<total>13</total>
				<timestamp>181.820203</timestamp>
			</report>
			<report>
				<misses>729001</misses>
				<total>13</total>
				<timestamp>182.069924</timestamp>
			</report>
			<report>
				<misses>730001</misses>
				<total>13</total>
				<timestamp>182.319689</timestamp>
			</report>
			<report>
				<misses>731001</misses>
				<total>13</total>
				<timestamp>182.569438</timestamp>
			</report>
			<report>
				<misses>732001</misses>
				<total>13</total>
				<timestamp>182.819226</timestamp>
			</report>
			<report>
				<misses>733001</misses>
				<total>13</total>
				<timestamp>183.068923</timestamp>
			</report>
			<report>
				<misses>734001</misses>
				<total>13</total>
				<timestamp>183.318676</timestamp>
			</report>
			<report>
				<misses>735001</misses>
				<total>14</total>
				<timestamp>183.568464</timestamp>
			</report>
			<report>
				<misses>736001</misses>
				<total>14</total>
				<timestamp>183.818253</timestamp>
			</report>
			<report>
				<misses>737001</misses>
				<total>14</total>
				<timestamp>184.067938</timestamp>
			</report>
			<report>
				<misses>738001</misses>
				<total>14</total>
				<timestamp>184.317670</timestamp>
			</report>
			<report>
				<misses>739001</misses>
				<total>14</total>
				<timestamp>184.567443</timestamp>
			</report>
			<report>
				<misses>740001</misses>
				<total>14</total>
				<timestamp>184.817227</timestamp>
			</report>
			<report>
				<misses>741001</misses>
				<total>13</total>
				<timestamp>185.066929</timestamp>
			</report>
			<report>
				<misses>742001</misses>
				<total>14</total>
				<timestamp>185.316676</timestamp>
			</report>
			<report>
				<misses>743001</misses>
				<total>14</total>
				<timestamp>185.566415</timestamp>
			</report>
			<report>
				<misses>744001</misses>
				<total>14</total>
				<timestamp>185.816199</timestamp>
			</report>
			<report>
				<misses>745001</misses>
				<total>14</total>
				<timestamp>186.065930</timestamp>
			</report>
			<report>
				<misses>746001</misses>
				<total>14</total>
				<timestamp>186.315673</timestamp>
			</report>
			<report>
				<misses>747001</misses>
				<total>14</total>
				<timestamp>186.565444</timestamp>
			</report>
			<report>
				<misses>748001</misses>
				<total>14</total>
				<timestamp>186.815172</timestamp>
			</report>
			<report>
				<misses>749001</misses>
				<total>14</total>
				<timestamp>187.064929</timestamp>
			</report>
			<report>
				<misses>750001</misses>
				<total>14</total>
				<timestamp>187.314675</timestamp>
			</report>
			<report>
				<misses>751001</misses>
				<total>14</total>
				<timestamp>187.564432</timestamp>
			</report>
			<report>
				<misses>752001</misses>
				<total>14</total>
				<timestamp>187.814439</timestamp>
			</report>
			<report>
				<misses>753001</misses>
				<total>13</total>
				<timestamp>188.064219</timestamp>
			</report>
			<report>
				<misses>754001</misses>
				<total>14</total>
				<timestamp>188.313917</timestamp>
			</report>
			<report>
				<misses>755001</misses>
				<total>14</total>
				<timestamp>188.563659</timestamp>
			</report>
			<report>
				<misses>756001</misses>
				<total>14</total>
				<timestamp>188.813434</timestamp>
			</report>
			<report>
				<misses>757001</misses>
				<total>14</total>
				<timestamp>189.063157</timestamp>
			</report>
			<report>
				<misses>758001</misses>
				<total>14</total>
				<timestamp>189.312932</timestamp>
			</report>
			<report>
				<misses>759001</misses>
				<total>14</total>
				<timestamp>189.562695</timestamp>
			</report>
			<report>
				<misses>760001</misses>
				<total>14</total>
				<timestamp>189.812427</timestamp>
			</report>
			<report>
				<misses>761001</misses>
				<total>14</total>
				<timestamp>190.062166</timestamp>
			</report>
			<report>
				<misses>762001</misses>
				<total>14</total>
				<timestamp>190.311910</timestamp>
			</report>
			<report>
				<misses>763001</misses>
				<total>14</total>
				<timestamp>190.561672</timestamp>
			</report>
			<report>
				<misses>764001</misses>
				<total>15</total>
				<timestamp>190.811442</timestamp>
			</report>
			<report>
				<misses>765001</misses>
				<total>15</total>
				<timestamp>191.061210</timestamp>
			</report>
			<report>
				<misses>766001</misses>
				<total>15</total>
				<timestamp>191.310918</timestamp>
			</report>
			<report>
				<misses>767001</misses>
				<total>15</total>
				<timestamp>191.560681</timestamp>
			</report>
			<report>
				<misses>768001</misses>
				<total>15</total>
				<timestamp>191.810418</timestamp>
			</report>
			<report>
				<misses>769001</misses>
				<total>15</total>
				<timestamp>192.060170</timestamp>
			</report>
			<report>
				<misses>770001</misses>
				<total>15</total>
				<timestamp>192.309915</timestamp>
			</report>
			<report>
				<misses>771001</misses>
				<total>15</total>
				<timestamp>192.559675</timestamp>
			</report>
			<report>
				<misses>772001</misses>
				<total>15</total>
				<timestamp>192.809432</timestamp>
			</report>
			<report>
				<misses>773001</misses>
				<total>15</total>
				<timestamp>193.059203</timestamp>
			</report>
			<report>
				<misses>774001</misses>
				<total>15</total>
				<timestamp>193.308907</timestamp>
			</report>
			<report>
				<misses>775001</misses>
				<total>15</total>
				<timestamp>193.558698</timestamp>
			</report>
			<report>
				<misses>776001</misses>
				<total>15</total>
				<timestamp>193.808469</timestamp>
			</report>
			<report>
				<misses>777001</misses>
				<total>15</total>
				<timestamp>194.058182</timestamp>
			</report>
			<report>
				<misses>778001</misses>
				<total>15</total>
				<timestamp>194.307936</timestamp>
			</report>
			<report>
				<misses>779001</misses>
				<total>15</total>
				<timestamp>194.557675</timestamp>
			</report>
			<report>
				<misses>780001</misses>
				<total>15</total>
				<timestamp>194.807447</timestamp>
			</report>
			<report>
				<misses>781001</misses>
				<total>15</total>
				<timestamp>195.057179</timestamp>
			</report>
			<report>
				<misses>782001</misses>
				<total>15</total>
				<timestamp>195.306922</timestamp>
			</report>
			<report>
				<misses>783001</misses>
				<total>15</total>
				<timestamp>195.556664</timestamp>
			</report>
			<report>
				<misses>784001</misses>
				<total>15</total>
				<timestamp>195.806441</timestamp>
			</report>
			<report>
				<misses>785001</misses>
				<total>15</total>
				<timestamp>196.056190</timestamp>
			</report>
			<report>
				<misses>786001</misses>
				<total>15</total>
				<timestamp>196.305933</timestamp>
			</report>
			<report>
				<misses>787001</misses>
				<total>15</total>
				<timestamp>196.555669</timestamp>
			</report>
			<report>
				<misses>788001</misses>
				<total>15</total>
				<timestamp>196.805442</timestamp>
			</report>
			<report>
				<misses>789001</misses>
				<total>15</total>
				<timestamp>197.055212</timestamp>
			</report>
			<report>
				<misses>790001</misses>
				<total>15</total>
				<timestamp>197.304920</timestamp>
			</report>
			<report>
				<misses>791001</misses>
				<total>15</total>
				<timestamp>197.554684</timestamp>
			</report>
			<report>
				<misses>792001</misses>
				<total>15</total>
				<timestamp>197.804451</timestamp>
			</report>
			<report>
				<misses>793001</misses>
				<total>15</total>
				<timestamp>198.054161</timestamp>
			</report>
			<report>
				<misses>794001</misses>
				<total>15</total>
				<timestamp>198.303930</timestamp>
			</report>
			<report>
				<misses>795001</misses>
				<total>15</total>
				<timestamp>198.553675</timestamp>
			</report>
			<report>
				<misses>796001</misses>
				<total>15</total>
				<timestamp>198.803455</timestamp>
			</report>
			<report>
				<misses>797001</misses>
				<total>15</total>
				<timestamp>199.053191</timestamp>
			</report>
			<report>
				<misses>798001</misses>
				<total>15</total>
				<timestamp>199.302918</timestamp>
			</report>
			<report>
				<misses>799001</misses>
				<total>15</total>
				<timestamp>199.552687</timestamp>
			</report>
			<report>
				<misses>800001</misses>
				<total>15</total>
				<timestamp>199.802444</timestamp>
			</report>
			<report>
				<misses>801001</misses>
				<total>15</total>
				<timestamp>200.052189</timestamp>
			</report>
			<report>
				<misses>802001</misses>
				<total>14</total>
				<timestamp>200.301985</timestamp>
			</report>
			<report>
				<misses>803001</misses>
				<total>15</total>
				<timestamp>200.551674</timestamp>
			</report>
			<report>
				<misses>804001</misses>
				<total>15</total>
				<timestamp>200.801453</timestamp>
			</report>
			<report>
				<misses>805001</misses>
				<total>15</total>
				<timestamp>201.051161</timestamp>
			</report>
			<report>
				<misses>806001</misses>
				<total>15</total>
				<timestamp>201.300945</timestamp>
			</report>
			<report>
				<misses>807001</misses>
				<total>15</total>
				<timestamp>201.550671</timestamp>
			</report>
			<report>
				<misses>808001</misses>
				<total>15</total>
				<timestamp>201.800465</timestamp>
			</report>
			<report>
				<misses>809001</misses>
				<total>15</total>
				<timestamp>202.050166</timestamp>
			</report>
			<report>
				<misses>810001</misses>
				<total>15</total>
				<timestamp>202.299927</timestamp>
			</report>
			<report>
				<misses>811001</misses>
				<total>15</total>
				<timestamp>202.549665</timestamp>
			</report>
			<report>
				<misses>812001</misses>
				<total>15</total>
				<timestamp>202.799431</timestamp>
			</report>
			<report>
				<misses>813001</misses>
				<total>15</total>
				<timestamp>203.049191</timestamp>
			</report>
			<report>
				<misses>814001</misses>
				<total>15</total>
				<timestamp>203.298979</timestamp>
			</report>
			<report>
				<misses>815001</misses>
				<total>15</total>
				<timestamp>203.548674</timestamp>
			</report>
			<report>
				<misses>816001</misses>
				<total>15</total>
				<timestamp>203.798435</timestamp>
			</report>
			<report>
				<misses>817001</misses>
				<total>15</total>
				<timestamp>204.048189</timestamp>
			</report>
			<report>
				<misses>818001</misses>
				<total>15</total>
				<timestamp>204.297915</timestamp>
			</report>
			<report>
				<misses>819001</misses>
				<total>15</total>
				<timestamp>204.547671</timestamp>
			</report>
			<report>
				<misses>820001</misses>
				<total>15</total>
				<timestamp>204.797431</timestamp>
			</report>
			<report>
				<misses>821001</misses>
				<total>15</total>
				<timestamp>205.047191</timestamp>
			</report>
			<report>
				<misses>822001</misses>
				<total>15</total>
				<timestamp>205.296926</timestamp>
			</report>
			<report>
				<misses>823001</misses>
				<total>15</total>
				<timestamp>205.546661</timestamp>
			</report>
			<report>
				<misses>824001</misses>
				<total>15</total>
				<timestamp>205.796446</timestamp>
			</report>
			<report>
				<misses>825001</misses>
				<total>15</total>
				<timestamp>206.046212</timestamp>
			</report>
			<report>
				<misses>826001</misses>
				<total>15</total>
				<timestamp>206.295938</timestamp>
			</report>
			<report>
				<misses>827001</misses>
				<total>15</total>
				<timestamp>206.545669</timestamp>
			</report>
			<report>
				<misses>828001</misses>
				<total>15</total>
				<timestamp>206.795427</timestamp>
			</report>
			<report>
				<misses>829001</misses>
				<total>15</total>
				<timestamp>207.045176</timestamp>
			</report>
			<report>
				<misses>830001</misses>
				<total>15</total>
				<timestamp>207.294921</timestamp>
			</report>
			<report>
				<misses>831001</misses>
				<total>15</total>
				<timestamp>207.544668</timestamp>
			</report>
			<report>
				<misses>832001</misses>
				<total>15</total>
				<timestamp>207.794431</timestamp>
			</report>
			<report>
				<misses>833001</misses>
				<total>15</total>
				<timestamp>208.044233</timestamp>
			</report>
			<report>
				<misses>834001</misses>
				<total>15</total>
				<timestamp>208.293951</timestamp>
			</report>
			<report>
				<misses>835001</misses>
				<total>15</total>
				<timestamp>208.543666</timestamp>
			</report>
			<report>
				<misses>836001</misses>
				<total>15</total>
				<timestamp>208.793436</timestamp>
			</report>
			<report>
				<misses>837001</misses>
				<total>15</total>
				<timestamp>209.043175</timestamp>
			</report>
			<report>
				<misses>838001</misses>
				<total>15</total>
				<timestamp>209.292931</timestamp>
			</report>
			<report>
				<misses>839001</misses>
				<total>15</total>
				<timestamp>209.542686</timestamp>
			</report>
			<report>
				<misses>840001</misses>
				<total>15</total>
				<timestamp>209.792426</timestamp>
			</report>
			<report>
				<misses>841001</misses>
				<total>15</total>
				<timestamp>210.042174</timestamp>
			</report>
			<report>
				<misses>842001</misses>
				<total>15</total>
				<timestamp>210.291918</timestamp>
			</report>
			<report>
				<misses>843001</misses>
				<total>15</total>
				<timestamp>210.541682</timestamp>
			</report>
			<report>
				<misses>844001</misses>
				<total>15</total>
				<timestamp>210.791431</timestamp>
			</report>
			<report>
				<misses>845001</misses>
				<total>15</total>
				<timestamp>211.041230</timestamp>
			</report>
			<report>
				<misses>846001</misses>
				<total>15</total>
				<timestamp>211.290923</timestamp>
			</report>
			<report>
				<misses>847001</misses>
				<total>15</total>
				<timestamp>211.540671</timestamp>
			</report>
			<report>
				<misses>848001</misses>
				<total>15</total>
				<timestamp>211.790419</timestamp>
			</report>
			<report>
				<misses>849001</misses>
				<total>15</total>
				<timestamp>212.040202</timestamp>
			</report>
			<report>
				<misses>850001</misses>
				<total>15</total>
				<timestamp>212.289928</timestamp>
			</report>
			<report>
				<misses>851001</misses>
				<total>15</total>
				<timestamp>212.539673</timestamp>
			</report>
			<report>
				<misses>852001</misses>
				<total>15</total>
				<timestamp>212.789447</timestamp>
			</report>
			<report>
				<misses>853001</misses>
				<total>15</total>
				<timestamp>213.039265</timestamp>
			</report>
			<report>
				<misses>854001</misses>
				<total>15</total>
				<timestamp>213.288930</timestamp>
			</report>
			<report>
				<misses>855001</misses>
				<total>15</total>
				<timestamp>213.538699</timestamp>
			</report>
			<report>
				<misses>856001</misses>
				<total>15</total>
				<timestamp>213.788447</timestamp>
			</report>
			<report>
				<misses>857001</misses>
				<total>15</total>
				<timestamp>214.038200</timestamp>
			</report>
			<report>
				<misses>858001</misses>
				<total>15</total>
				<timestamp>214.287918</timestamp>
			</report>
			<report>
				<misses>859001</misses>
				<total>15</total>
				<timestamp>214.537689</timestamp>
			</report>
			<report>
				<misses>860001</misses>
				<total>15</total>
				<timestamp>214.787420</timestamp>
			</report>
			<report>
				<misses>861001</misses>
				<total>15</total>
				<timestamp>215.037240</timestamp>
			</report>
			<report>
				<misses>862001</misses>
				<total>15</total>
				<timestamp>215.286955</timestamp>
			</report>
			<report>
				<misses>863001</misses>
				<total>15</total>
				<timestamp>215.536669</timestamp>
			</report>
			<report>
				<misses>864001</misses>
				<total>15</total>
				<timestamp>215.786425</timestamp>
			</report>
			<report>
				<misses>865001</misses>
				<total>15</total>
				<timestamp>216.036209</timestamp>
			</report>
			<report>
				<misses>866001</misses>
				<total>15</total>
				<timestamp>216.285948</timestamp>
			</report>
			<report>
				<misses>867001</misses>
				<total>15</total>
				<timestamp>216.535685</timestamp>
			</report>
			<report>
				<misses>868001</misses>
				<total>15</total>
				<timestamp>216.785436</timestamp>
			</report>
			<report>
				<misses>869001</misses>
				<total>15</total>
				<timestamp>217.035204</timestamp>
			</report>
			<report>
				<misses>870001</misses>
				<total>15</total>
				<timestamp>217.284919</timestamp>
			</report>
			<report>
				<misses>871001</misses>
				<total>15</total>
				<timestamp>217.534674</timestamp>
			</report>
			<report>
				<misses>872001</misses>
				<total>15</total>
				<timestamp>217.784434</timestamp>
			</report>
			<report>
				<misses>873001</misses>
				<total>15</total>
				<timestamp>218.034218</timestamp>
			</report>
			<report>
				<misses>874001</misses>
				<total>15</total>
				<timestamp>218.283927</timestamp>
			</report>
			<report>
				<misses>875001</misses>
				<total>15</total>
				<timestamp>218.533682</timestamp>
			</report>
			<report>
				<misses>876001</misses>
				<total>15</total>
				<timestamp>218.783415</timestamp>
			</report>
			<report>
				<misses>877001</misses>
				<total>15</total>
				<timestamp>219.033195</timestamp>
			</report>
			<report>
				<misses>878001</misses>
				<total>15</total>
				<timestamp>219.282923</timestamp>
			</report>
			<report>
				<misses>879001</misses>
				<total>15</total>
				<timestamp>219.532688</timestamp>
			</report>
			<report>
				<misses>880001</misses>
				<total>15</total>
				<timestamp>219.782437</timestamp>
			</report>
			<report>
				<misses>881001</misses>
				<total>15</total>
				<timestamp>220.032213</timestamp>
			</report>
			<report>
				<misses>882001</misses>
				<total>15</total>
				<timestamp>220.281920</timestamp>
			</report>
			<report>
				<misses>883001</misses>
				<total>15</total>
				<timestamp>220.531689</timestamp>
			</report>
			<report>
				<misses>884001</misses>
				<total>15</total>
				<timestamp>220.781415</timestamp>
			</report>
			<report>
				<misses>885001</misses>
				<total>15</total>
				<timestamp>221.031219</timestamp>
			</report>
			<report>
				<misses>886001</misses>
				<total>15</total>
				<timestamp>221.280928</timestamp>
			</report>
			<report>
				<misses>887001</misses>
				<total>15</total>
				<timestamp>221.530713</timestamp>
			</report>
			<report>
				<misses>888001</misses>
				<total>15</total>
				<timestamp>221.780425</timestamp>
			</report>
			<report>
				<misses>889001</misses>
				<total>15</total>
				<timestamp>222.030206</timestamp>
			</report>
			<report>
				<misses>890001</misses>
				<total>15</total>
				<timestamp>222.279933</timestamp>
			</report>
			<report>
				<misses>891001</misses>
				<total>15</total>
				<timestamp>222.529694</timestamp>
			</report>
			<report>
				<misses>892001</misses>
				<total>15</total>
				<timestamp>222.779426</timestamp>
			</report>
			<report>
				<misses>893001</misses>
				<total>15</total>
				<timestamp>223.029200</timestamp>
			</report>
			<report>
				<misses>894001</misses>
				<total>15</total>
				<timestamp>223.278923</timestamp>
			</report>
			<report>
				<misses>895001</misses>
				<total>15</total>
				<timestamp>223.528691</timestamp>
			</report>
			<report>
				<misses>896001</misses>
				<total>15</total>
				<timestamp>223.778443</timestamp>
			</report>
			<report>
				<misses>897001</misses>
				<total>15</total>
				<timestamp>224.028204</timestamp>
			</report>
			<report>
				<misses>898001</misses>
				<total>15</total>
				<timestamp>224.277926</timestamp>
			</report>
			<report>
				<misses>899001</misses>
				<total>15</total>
				<timestamp>224.527702</timestamp>
			</report>
			<report>
				<misses>900001</misses>
				<total>15</total>
				<timestamp>224.777427</timestamp>
			</report>
			<report>
				<misses>901001</misses>
				<total>15</total>
				<timestamp>225.027213</timestamp>
			</report>
			<report>
				<misses>902001</misses>
				<total>15</total>
				<timestamp>225.276914</timestamp>
			</report>
			<report>
				<misses>903001</misses>
				<total>15</total>
				<timestamp>225.526670</timestamp>
			</report>
			<report>
				<misses>904001</misses>
				<total>15</total>
				<timestamp>225.776434</timestamp>
			</report>
			<report>
				<misses>905001</misses>
				<total>15</total>
				<timestamp>226.026229</timestamp>
			</report>
			<report>
				<misses>906001</misses>
				<total>15</total>
				<timestamp>226.275924</timestamp>
			</report>
			<report>
				<misses>907001</misses>
				<total>15</total>
				<timestamp>226.525671</timestamp>
			</report>
			<report>
				<misses>908001</misses>
				<total>15</total>
				<timestamp>226.775432</timestamp>
			</report>
			<report>
				<misses>909001</misses>
				<total>15</total>
				<timestamp>227.025189</timestamp>
			</report>
			<report>
				<misses>910001</misses>
				<total>15</total>
				<timestamp>227.274938</timestamp>
			</report>
			<report>
				<misses>911001</misses>
				<total>15</total>
				<timestamp>227.524681</timestamp>
			</report>
			<report>
				<misses>912001</misses>
				<total>15</total>
				<timestamp>227.774411</timestamp>
			</report>
			<report>
				<misses>913001</misses>
				<total>15</total>
				<timestamp>228.024181</timestamp>
			</report>
			<report>
				<misses>914001</misses>
				<total>15</total>
				<timestamp>228.273929</timestamp>
			</report>
			<report>
				<misses>915001</misses>
				<total>15</total>
				<timestamp>228.523669</timestamp>
			</report>
			<report>
				<misses>916001</misses>
				<total>15</total>
				<timestamp>228.773418</timestamp>
			</report>
			<report>
				<misses>917001</misses>
				<total>15</total>
				<timestamp>229.023206</timestamp>
			</report>
			<report>
				<misses>918001</misses>
				<total>15</total>
				<timestamp>229.272953</timestamp>
			</report>
			<report>
				<misses>919001</misses>
				<total>15</total>
				<timestamp>229.522689</timestamp>
			</report>
			<report>
				<misses>920001</misses>
				<total>15</total>
				<timestamp>229.772464</timestamp>
			</report>
			<report>
				<misses>921001</misses>
				<total>15</total>
				<timestamp>230.022170</timestamp>
			</report>
			<report>
				<misses>922001</misses>
				<total>15</total>
				<timestamp>230.271937</timestamp>
			</report>
			<report>
				<misses>923001</misses>
				<total>15</total>
				<timestamp>230.521684</timestamp>
			</report>
			<report>
				<misses>924001</misses>
				<total>15</total>
				<timestamp>230.771433</timestamp>
			</report>
			<report>
				<misses>925001</misses>
				<total>15</total>
				<timestamp>231.021206</timestamp>
			</report>
			<report>
				<misses>926001</misses>
				<total>15</total>
				<timestamp>231.270952</timestamp>
			</report>
			<report>
				<misses>927001</misses>
				<total>15</total>
				<timestamp>231.520672</timestamp>
			</report>
			<report>
				<misses>928001</misses>
				<total>15</total>
				<timestamp>231.770456</timestamp>
			</report>
			<report>
				<misses>929001</misses>
				<total>15</total>
				<timestamp>232.020186</timestamp>
			</report>
			<report>
				<misses>930001</misses>
				<total>15</total>
				<timestamp>232.269940</timestamp>
			</report>
			<report>
				<misses>931001</misses>
				<total>15</total>
				<timestamp>232.519674</timestamp>
			</report>
			<report>
				<misses>932001</misses>
				<total>15</total>
				<timestamp>232.769419</timestamp>
			</report>
			<report>
				<misses>933001</misses>
				<total>15</total>
				<timestamp>233.019238</timestamp>
			</report>
			<report>
				<misses>934001</misses>
				<total>15</total>
				<timestamp>233.268936</timestamp>
			</report>
			<report>
				<misses>935001</misses>
				<total>15</total>
				<timestamp>233.518675</timestamp>
			</report>
			<report>
				<misses>936001</misses>
				<total>15</total>
				<timestamp>233.768439</timestamp>
			</report>
			<report>
				<misses>937001</misses>
				<total>15</total>
				<timestamp>234.018195</timestamp>
			</report>
			<report>
				<misses>938001</misses>
				<total>15</total>
				<timestamp>234.267925</timestamp>
			</report>
			<report>
				<misses>939001</misses>
				<total>15</total>
				<timestamp>234.517661</timestamp>
			</report>
			<report>
				<misses>940001</misses>
				<total>15</total>
				<timestamp>234.767420</timestamp>
			</report>
			<report>
				<misses>941001</misses>
				<total>15</total>
				<timestamp>235.017213</timestamp>
			</report>
			<report>
				<misses>942001</misses>
				<total>15</total>
				<timestamp>235.266926</timestamp>
			</report>
			<report>
				<misses>943001</misses>
				<total>15</total>
				<timestamp>235.516689</timestamp>
			</report>
			<report>
				<misses>944001</misses>
				<total>15</total>
				<timestamp>235.766440</timestamp>
			</report>
			<report>
				<misses>945001</misses>
				<total>15</total>
				<timestamp>236.016191</timestamp>
			</report>
			<report>
				<misses>946001</misses>
				<total>15</total>
				<timestamp>236.265941</timestamp>
			</report>
			<report>
				<misses>947001</misses>
				<total>15</total>
				<timestamp>236.515692</timestamp>
			</report>
			<report>
				<misses>948001</misses>
				<total>15</total>
				<timestamp>236.765432</timestamp>
			</report>
			<report>
				<misses>949001</misses>
				<total>14</total>
				<timestamp>237.015249</timestamp>
			</report>
			<report>
				<misses>950001</misses>
				<total>15</total>
				<timestamp>237.264958</timestamp>
			</report>
			<report>
				<misses>951001</misses>
				<total>15</total>
				<timestamp>237.514686</timestamp>
			</report>
			<report>
				<misses>952001</misses>
				<total>15</total>
				<timestamp>237.764478</timestamp>
			</report>
			<report>
				<misses>953001</misses>
				<total>15</total>
				<timestamp>238.014210</timestamp>
			</report>
			<report>
				<misses>954001</misses>
				<total>15</total>
				<timestamp>238.263945</timestamp>
			</report>
			<report>
				<misses>955001</misses>
				<total>15</total>
				<timestamp>238.513685</timestamp>
			</report>
			<report>
				<misses>956001</misses>
				<total>15</total>
				<timestamp>238.763427</timestamp>
			</report>
			<report>
				<misses>957001</misses>
				<total>15</total>
				<timestamp>239.013192</timestamp>
			</report>
			<report>
				<misses>958001</misses>
				<total>15</total>
				<timestamp>239.262994</timestamp>
			</report>
			<report>
				<misses>959001</misses>
				<total>15</total>
				<timestamp>239.512689</timestamp>
			</report>
			<report>
				<misses>960001</misses>
				<total>15</total>
				<timestamp>239.762425</timestamp>
			</report>
			<report>
				<misses>961001</misses>
				<total>15</total>
				<timestamp>240.012190</timestamp>
			</report>
			<report>
				<misses>962001</misses>
				<total>15</total>
				<timestamp>240.261937</timestamp>
			</report>
			<report>
				<misses>963001</misses>
				<total>15</total>
				<timestamp>240.511699</timestamp>
			</report>
			<report>
				<misses>964001</misses>
				<total>15</total>
				<timestamp>240.761428</timestamp>
			</report>
			<report>
				<misses>965001</misses>
				<total>15</total>
				<timestamp>241.011203</timestamp>
			</report>
			<report>
				<misses>966001</misses>
				<total>15</total>
				<timestamp>241.260936</timestamp>
			</report>
			<report>
				<misses>967001</misses>
				<total>15</total>
				<timestamp>241.510690</timestamp>
			</report>
			<report>
				<misses>968001</misses>
				<total>15</total>
				<timestamp>241.760405</timestamp>
			</report>
			<report>
				<misses>969001</misses>
				<total>15</total>
				<timestamp>242.010173</timestamp>
			</report>
			<report>
				<misses>970001</misses>
				<total>15</total>
				<timestamp>242.259915</timestamp>
			</report>
			<report>
				<misses>971001</misses>
				<total>15</total>
				<timestamp>242.509671</timestamp>
			</report>
			<report>
				<misses>972001</misses>
				<total>15</total>
				<timestamp>242.759431</timestamp>
			</report>
			<report>
				<misses>973001</misses>
				<total>15</total>
				<timestamp>243.009185</timestamp>
			</report>
			<report>
				<misses>974001</misses>
				<total>15</total>
				<timestamp>243.258974</timestamp>
			</report>
			<report>
				<misses>975001</misses>
				<total>15</total>
				<timestamp>243.508681</timestamp>
			</report>
			<report>
				<misses>976001</misses>
				<total>15</total>
				<timestamp>243.758427</timestamp>
			</report>
			<report>
				<misses>977001</misses>
				<total>15</total>
				<timestamp>244.008176</timestamp>
			</report>
			<report>
				<misses>978001</misses>
				<total>15</total>
				<timestamp>244.257926</timestamp>
			</report>
			<report>
				<misses>979001</misses>
				<total>15</total>
				<timestamp>244.507693</timestamp>
			</report>
			<report>
				<misses>980001</misses>
				<total>15</total>
				<timestamp>244.757432</timestamp>
			</report>
			<report>
				<misses>981001</misses>
				<total>15</total>
				<timestamp>245.007183</timestamp>
			</report>
			<report>
				<misses>982001</misses>
				<total>15</total>
				<timestamp>245.256988</timestamp>
			</report>
			<report>
				<misses>983001</misses>
				<total>15</total>
				<timestamp>245.506673</timestamp>
			</report>
			<report>
				<misses>984001</misses>
				<total>15</total>
				<timestamp>245.756430</timestamp>
			</report>
			<report>
				<misses>985001</misses>
				<total>15</total>
				<timestamp>246.006192</timestamp>
			</report>
			<report>
				<misses>986001</misses>
				<total>15</total>
				<timestamp>246.255974</timestamp>
			</report>
			<report>
				<misses>987001</misses>
				<total>15</total>
				<timestamp>246.505658</timestamp>
			</report>
			<report>
				<misses>988001</misses>
				<total>17</total>
				<timestamp>246.755415</timestamp>
			</report>
			<report>
				<misses>989001</misses>
				<total>17</total>
				<timestamp>247.005178</timestamp>
			</report>
			<report>
				<misses>990001</misses>
				<total>17</total>
				<timestamp>247.255011</timestamp>
			</report>
			<report>
				<misses>991001</misses>
				<total>17</total>
				<timestamp>247.504709</timestamp>
			</report>
			<report>
				<misses>992001</misses>
				<total>17</total>
				<timestamp>247.754491</timestamp>
			</report>
			<report>
				<misses>993001</misses>
				<total>17</total>
				<timestamp>248.004180</timestamp>
			</report>
			<report>
				<misses>994001</misses>
				<total>17</total>
				<timestamp>248.253923</timestamp>
			</report>
			<report>
				<misses>995001</misses>
				<total>17</total>
				<timestamp>248.503682</timestamp>
			</report>
			<report>
				<misses>996001</misses>
				<total>17</total>
				<timestamp>248.753424</timestamp>
			</report>
			<report>
				<misses>997001</misses>
				<total>17</total>
				<timestamp>249.003182</timestamp>
			</report>
			<report>
				<misses>998001</misses>
				<total>16</total>
				<timestamp>249.253019</timestamp>
			</report>
			<report>
				<misses>999001</misses>
				<total>17</total>
				<timestamp>249.502671</timestamp>
			</report>
			<report>
				<misses>1000001</misses>
				<total>17</total>
				<timestamp>249.752432</timestamp>
			</report>
			<report>
				<misses>1001001</misses>
				<total>17</total>
				<timestamp>250.002189</timestamp>
			</report>
			<report>
				<misses>1002001</misses>
				<total>17</total>
				<timestamp>250.252009</timestamp>
			</report>
			<report>
				<misses>1003001</misses>
				<total>17</total>
				<timestamp>250.501666</timestamp>
			</report>
			<report>
				<misses>1004001</misses>
				<total>17</total>
				<timestamp>250.751422</timestamp>
			</report>
			<report>
				<misses>1005001</misses>
				<total>17</total>
				<timestamp>251.001171</timestamp>
			</report>
			<report>
				<misses>1006001</misses>
				<total>17</total>
				<timestamp>251.250935</timestamp>
			</report>
			<report>
				<misses>1007001</misses>
				<total>17</total>
				<timestamp>251.500681</timestamp>
			</report>
			<report>
				<misses>1008001</misses>
				<total>17</total>
				<timestamp>251.750451</timestamp>
			</report>
			<report>
				<misses>1009001</misses>
				<total>17</total>
				<timestamp>252.000205</timestamp>
			</report>
			<report>
				<misses>1010001</misses>
				<total>17</total>
				<timestamp>252.249954</timestamp>
			</report>
			<report>
				<misses>1011001</misses>
				<total>17</total>
				<timestamp>252.499658</timestamp>
			</report>
			<report>
				<misses>1012001</misses>
				<total>17</total>
				<timestamp>252.749424</timestamp>
			</report>
			<report>
				<misses>1013001</misses>
				<total>17</total>
				<timestamp>252.999186</timestamp>
			</report>
			<report>
				<misses>1014001</misses>
				<total>17</total>
				<timestamp>253.248946</timestamp>
			</report>
			<report>
				<misses>1015001</misses>
				<total>17</total>
				<timestamp>253.498692</timestamp>
			</report>
			<report>
				<misses>1016001</misses>
				<total>17</total>
				<timestamp>253.748450</timestamp>
			</report>
			<report>
				<misses>1017001</misses>
				<total>17</total>
				<timestamp>253.998171</timestamp>
			</report>
			<report>
				<misses>1018001</misses>
				<total>17</total>
				<timestamp>254.247967</timestamp>
			</report>
			<report>
				<misses>1019001</misses>
				<total>17</total>
				<timestamp>254.497687</timestamp>
			</report>
			<report>
				<misses>1020001</misses>
				<total>17</total>
				<timestamp>254.747414</timestamp>
			</report>
			<report>
				<misses>1021001</misses>
				<total>17</total>
				<timestamp>254.997178</timestamp>
			</report>
			<report>
				<misses>1022001</misses>
				<total>17</total>
				<timestamp>255.246990</timestamp>
			</report>
			<report>
				<misses>1023001</misses>
				<total>17</total>
				<timestamp>255.496696</timestamp>
			</report>
			<report>
				<misses>1024001</misses>
				<total>17</total>
				<timestamp>255.746434</timestamp>
			</report>
			<report>
				<misses>1025001</misses>
				<total>17</total>
				<timestamp>255.996167</timestamp>
			</report>
			<report>
				<misses>1026001</misses>
				<total>17</total>
				<timestamp>256.245956</timestamp>
			</report>
			<report>
				<misses>1027001</misses>
				<total>17</total>
				<timestamp>256.495702</timestamp>
			</report>
			<report>
				<misses>1028001</misses>
				<total>17</total>
				<timestamp>256.745452</timestamp>
			</report>
			<report>
				<misses>1029001</misses>
				<total>17</total>
				<timestamp>256.995205</timestamp>
			</report>
			<report>
				<misses>1030001</misses>
				<total>17</total>
				<timestamp>257.245001</timestamp>
			</report>
			<report>
				<misses>1031001</misses>
				<total>17</total>
				<timestamp>257.494689</timestamp>
			</report>
			<report>
				<misses>1032001</misses>
				<total>17</total>
				<timestamp>257.744478</timestamp>
			</report>
			<report>
				<misses>1033001</misses>
				<total>17</total>
				<timestamp>257.994170</timestamp>
			</report>
			<report>
				<misses>1034001</misses>
				<total>17</total>
				<timestamp>258.243979</timestamp>
			</report>
			<report>
				<misses>1035001</misses>
				<total>17</total>
				<timestamp>258.493704</timestamp>
			</report>
			<report>
				<misses>1036001</misses>
				<total>17</total>
				<timestamp>258.743433</timestamp>
			</report>
			<report>
				<misses>1037001</misses>
				<total>17</total>
				<timestamp>258.993178</timestamp>
			</report>
			<report>
				<misses>1038001</misses>
				<total>17</total>
				<timestamp>259.242960</timestamp>
			</report>
			<report>
				<misses>1039001</misses>
				<total>17</total>
				<timestamp>259.492684</timestamp>
			</report>
			<report>
				<misses>1040001</misses>
				<total>17</total>
				<timestamp>259.742436</timestamp>
			</report>
			<report>
				<misses>1041001</misses>
				<total>17</total>
				<timestamp>259.992190</timestamp>
			</report>
			<report>
				<misses>1042001</misses>
				<total>17</total>
				<timestamp>260.241964</timestamp>
			</report>
			<report>
				<misses>1043001</misses>
				<total>17</total>
				<timestamp>260.491696</timestamp>
			</report>
			<report>
				<misses>1044001</misses>
				<total>17</total>
				<timestamp>260.741429</timestamp>
			</report>
			<report>
				<misses>1045001</misses>
				<total>17</total>
				<timestamp>260.991196</timestamp>
			</report>
			<report>
				<misses>1046001</misses>
				<total>17</total>
				<timestamp>261.240945</timestamp>
			</report>
			<report>
				<misses>1047001</misses>
				<total>17</total>
				<timestamp>261.490679</timestamp>
			</report>
			<report>
				<misses>1048001</misses>
				<total>17</total>
				<timestamp>261.740432</timestamp>
			</report>
			<report>
				<misses>1049001</misses>
				<total>17</total>
				<timestamp>261.990181</timestamp>
			</report>
			<report>
				<misses>1050001</misses>
				<total>17</total>
				<timestamp>262.239971</timestamp>
			</report>
			<report>
				<misses>1051001</misses>
				<total>17</total>
				<timestamp>262.489691</timestamp>
			</report>
			<report>
				<misses>1052001</misses>
				<total>17</total>
				<timestamp>262.739445</timestamp>
			</report>
			<report>
				<misses>1053001</misses>
				<total>17</total>
				<timestamp>262.989182</timestamp>
			</report>
			<report>
				<misses>1054001</misses>
				<total>17</total>
				<timestamp>263.238966</timestamp>
			</report>
			<report>
				<misses>1055001</misses>
				<total>17</total>
				<timestamp>263.488677</timestamp>
			</report>
			<report>
				<misses>1056001</misses>
				<total>17</total>
				<timestamp>263.738438</timestamp>
			</report>
			<report>
				<misses>1057001</misses>
				<total>17</total>
				<timestamp>263.988179</timestamp>
			</report>
			<report>
				<misses>1058001</misses>
				<total>17</total>
				<timestamp>264.237986</timestamp>
			</report>
			<report>
				<misses>1059001</misses>
				<total>17</total>
				<timestamp>264.487687</timestamp>
			</report>
			<report>
				<misses>1060001</misses>
				<total>17</total>
				<timestamp>264.737420</timestamp>
			</report>
			<report>
				<misses>1061001</misses>
				<total>17</total>
				<timestamp>264.987203</timestamp>
			</report>
			<report>
				<misses>1062001</misses>
				<total>17</total>
				<timestamp>265.236924</timestamp>
			</report>
			<report>
				<misses>1063001</misses>
				<total>17</total>
				<timestamp>265.486691</timestamp>
			</report>
			<report>
				<misses>1064001</misses>
				<total>17</total>
				<timestamp>265.736429</timestamp>
			</report>
			<report>
				<misses>1065001</misses>
				<total>17</total>
				<timestamp>265.986165</timestamp>
			</report>
			<report>
				<misses>1066001</misses>
				<total>17</total>
				<timestamp>266.235926</timestamp>
			</report>
			<report>
				<misses>1067001</misses>
				<total>17</total>
				<timestamp>266.485688</timestamp>
			</report>
			<report>
				<misses>1068001</misses>
				<total>17</total>
				<timestamp>266.735413</timestamp>
			</report>
			<report>
				<misses>1069001</misses>
				<total>17</total>
				<timestamp>266.985174</timestamp>
			</report>
			<report>
				<misses>1070001</misses>
				<total>17</total>
				<timestamp>267.234924</timestamp>
			</report>
			<report>
				<misses>1071001</misses>
				<total>17</total>
				<timestamp>267.484679</timestamp>
			</report>
			<report>
				<misses>1072001</misses>
				<total>17</total>
				<timestamp>267.734427</timestamp>
			</report>
			<report>
				<misses>1073001</misses>
				<total>17</total>
				<timestamp>267.984184</timestamp>
			</report>
			<report>
				<misses>1074001</misses>
				<total>17</total>
				<timestamp>268.233944</timestamp>
			</report>
			<report>
				<misses>1075001</misses>
				<total>17</total>
				<timestamp>268.483685</timestamp>
			</report>
			<report>
				<misses>1076001</misses>
				<total>17</total>
				<timestamp>268.733462</timestamp>
			</report>
			<report>
				<misses>1077001</misses>
				<total>18</total>
				<timestamp>268.983220</timestamp>
			</report>
			<report>
				<misses>1078001</misses>
				<total>18</total>
				<timestamp>269.232934</timestamp>
			</report>
			<report>
				<misses>1079001</misses>
				<total>18</total>
				<timestamp>269.482689</timestamp>
			</report>
			<report>
				<misses>1080001</misses>
				<total>18</total>
				<timestamp>269.732415</timestamp>
			</report>
			<report>
				<misses>1081001</misses>
				<total>18</total>
				<timestamp>269.982180</timestamp>
			</report>
			<report>
				<misses>1082001</misses>
				<total>18</total>
				<timestamp>270.231946</timestamp>
			</report>
			<report>
				<misses>1083001</misses>
				<total>18</total>
				<timestamp>270.481672</timestamp>
			</report>
			<report>
				<misses>1084001</misses>
				<total>18</total>
				<timestamp>270.731441</timestamp>
			</report>
			<report>
				<misses>1085001</misses>
				<total>18</total>
				<timestamp>270.981194</timestamp>
			</report>
			<report>
				<misses>1086001</misses>
				<total>18</total>
				<timestamp>271.230955</timestamp>
			</report>
			<report>
				<misses>1087001</misses>
				<total>18</total>
				<timestamp>271.480681</timestamp>
			</report>
			<report>
				<misses>1088001</misses>
				<total>18</total>
				<timestamp>271.730441</timestamp>
			</report>
			<report>
				<misses>1089001</misses>
				<total>18</total>
				<timestamp>271.980180</timestamp>
			</report>
			<report>
				<misses>1090001</misses>
				<total>18</total>
				<timestamp>272.229955</timestamp>
			</report>
			<report>
				<misses>1091001</misses>
				<total>18</total>
				<timestamp>272.479700</timestamp>
			</report>
			<report>
				<misses>1092001</misses>
				<total>18</total>
				<timestamp>272.729430</timestamp>
			</report>
			<report>
				<misses>1093001</misses>
				<total>18</total>
				<timestamp>272.979174</timestamp>
			</report>
			<report>
				<misses>1094001</misses>
				<total>18</total>
				<timestamp>273.228930</timestamp>
			</report>
			<report>
				<misses>1095001</misses>
				<total>18</total>
				<timestamp>273.478692</timestamp>
			</report>
			<report>
				<misses>1096001</misses>
				<total>18</total>
				<timestamp>273.728427</timestamp>
			</report>
			<report>
				<misses>1097001</misses>
				<total>18</total>
				<timestamp>273.978176</timestamp>
			</report>
			<report>
				<misses>1098001</misses>
				<total>17</total>
				<timestamp>274.227955</timestamp>
			</report>
			<report>
				<misses>1099001</misses>
				<total>18</total>
				<timestamp>274.477697</timestamp>
			</report>
			<report>
				<misses>1100001</misses>
				<total>18</total>
				<timestamp>274.727423</timestamp>
			</report>
			<report>
				<misses>1101001</misses>
				<total>18</total>
				<timestamp>274.977183</timestamp>
			</report>
			<report>
				<misses>1102001</misses>
				<total>18</total>
				<timestamp>275.226972</timestamp>
			</report>
			<report>
				<misses>1103001</misses>
				<total>18</total>
				<timestamp>275.476693</timestamp>
			</report>
			<report>
				<misses>1104001</misses>
				<total>18</total>
				<timestamp>275.726437</timestamp>
			</report>
			<report>
				<misses>1105001</misses>
				<total>18</total>
				<timestamp>275.976171</timestamp>
			</report>
			<report>
				<misses>1106001</misses>
				<total>18</total>
				<timestamp>276.225973</timestamp>
			</report>
			<report>
				<misses>1107001</misses>
				<total>18</total>
				<timestamp>276.475698</timestamp>
			</report>
			<report>
				<misses>1108001</misses>
				<total>18</total>
				<timestamp>276.725442</timestamp>
			</report>
			<report>
				<misses>1109001</misses>
				<total>18</total>
				<timestamp>276.975164</timestamp>
			</report>
			<report>
				<misses>1110001</misses>
				<total>18</total>
				<timestamp>277.224944</timestamp>
			</report>
			<report>
				<misses>1111001</misses>
				<total>18</total>
				<timestamp>277.474666</timestamp>
			</report>
			<report>
				<misses>1112001</misses>
				<total>18</total>
				<timestamp>277.724437</timestamp>
			</report>
			<report>
				<misses>1113001</misses>
				<total>18</total>
				<timestamp>277.974173</timestamp>
			</report>
			<report>
				<misses>1114001</misses>
				<total>18</total>
				<timestamp>278.223972</timestamp>
			</report>
			<report>
				<misses>1115001</misses>
				<total>18</total>
				<timestamp>278.473685</timestamp>
			</report>
			<report>
				<misses>1116001</misses>
				<total>18</total>
				<timestamp>278.723447</timestamp>
			</report>
			<report>
				<misses>1117001</misses>
				<total>18</total>
				<timestamp>278.973187</timestamp>
			</report>
			<report>
				<misses>1118001</misses>
				<total>18</total>
				<timestamp>279.222957</timestamp>
			</report>
			<report>
				<misses>1119001</misses>
				<total>18</total>
				<timestamp>279.472704</timestamp>
			</report>
			<report>
				<misses>1120001</misses>
				<total>18</total>
				<timestamp>279.722450</timestamp>
			</report>
			<report>
				<misses>1121001</misses>
				<total>18</total>
				<timestamp>279.972167</timestamp>
			</report>
			<report>
				<misses>1122001</misses>
				<total>18</total>
				<timestamp>280.221934</timestamp>
			</report>
			<report>
				<misses>1123001</misses>
				<total>18</total>
				<timestamp>280.471665</timestamp>
			</report>
			<report>
				<misses>1124001</misses>
				<total>18</total>
				<timestamp>280.721421</timestamp>
			</report>
			<report>
				<misses>1125001</misses>
				<total>18</total>
				<timestamp>280.971171</timestamp>
			</report>
			<report>
				<misses>1126001</misses>
				<total>18</total>
				<timestamp>281.220953</timestamp>
			</report>
			<report>
				<misses>1127001</misses>
				<total>18</total>
				<timestamp>281.470699</timestamp>
			</report>
			<report>
				<misses>1128001</misses>
				<total>18</total>
				<timestamp>281.720428</timestamp>
			</report>
			<report>
				<misses>1129001</misses>
				<total>18</total>
				<timestamp>281.970167</timestamp>
			</report>
			<report>
				<misses>1130001</misses>
				<total>18</total>
				<timestamp>282.219926</timestamp>
			</report>
			<report>
				<misses>1131001</misses>
				<total>18</total>
				<timestamp>282.469681</timestamp>
			</report>
			<report>
				<misses>1132001</misses>
				<total>18</total>
				<timestamp>282.719427</timestamp>
			</report>
			<report>
				<misses>1133001</misses>
				<total>18</total>
				<timestamp>282.969187</timestamp>
			</report>
			<report>
				<misses>1134001</misses>
				<total>18</total>
				<timestamp>283.218937</timestamp>
			</report>
			<report>
				<misses>1135001</misses>
				<total>18</total>
				<timestamp>283.468686</timestamp>
			</report>
			<report>
				<misses>1136001</misses>
				<total>18</total>
				<timestamp>283.718421</timestamp>
			</report>
			<report>
				<misses>1137001</misses>
				<total>18</total>
				<timestamp>283.968189</timestamp>
			</report>
			<report>
				<misses>1138001</misses>
				<total>18</total>
				<timestamp>284.217940</timestamp>
			</report>
			<report>
				<misses>1139001</misses>
				<total>18</total>
				<timestamp>284.467693</timestamp>
			</report>
			<report>
				<misses>1140001</misses>
				<total>18</total>
				<timestamp>284.717431</timestamp>
			</report>
			<report>
				<misses>1141001</misses>
				<total>18</total>
				<timestamp>284.967166</timestamp>
			</report>
			<report>
				<misses>1142001</misses>
				<total>18</total>
				<timestamp>285.216937</timestamp>
			</report>
			<report>
				<misses>1143001</misses>
				<total>18</total>
				<timestamp>285.466688</timestamp>
			</report>
			<report>
				<misses>1144001</misses>
				<total>18</total>
				<timestamp>285.716425</timestamp>
			</report>
			<report>
				<misses>1145001</misses>
				<total>18</total>
				<timestamp>285.966182</timestamp>
			</report>
			<report>
				<misses>1146001</misses>
				<total>18</total>
				<timestamp>286.215993</timestamp>
			</report>
			<report>
				<misses>1147001</misses>
				<total>18</total>
				<timestamp>286.465661</timestamp>
			</report>
			<report>
				<misses>1148001</misses>
				<total>18</total>
				<timestamp>286.715414</timestamp>
			</report>
			<report>
				<misses>1149001</misses>
				<total>18</total>
				<timestamp>286.965158</timestamp>
			</report>
			<report>
				<misses>1150001</misses>
				<total>18</total>
				<timestamp>287.214927</timestamp>
			</report>
			<report>
				<misses>1151001</misses>
				<total>18</total>
				<timestamp>287.464701</timestamp>
			</report>
			<report>
				<misses>1152001</misses>
				<total>18</total>
				<timestamp>287.714421</timestamp>
			</report>
			<report>
				<misses>1153001</misses>
				<total>18</total>
				<timestamp>287.964197</timestamp>
			</report>
			<report>
				<misses>1154001</misses>
				<total>18</total>
				<timestamp>288.213930</timestamp>
			</report>
			<report>
				<misses>1155001</misses>
				<total>18</total>
				<timestamp>288.463704</timestamp>
			</report>
			<report>
				<misses>1156001</misses>
				<total>18</total>
				<timestamp>288.713461</timestamp>
			</report>
			<report>
				<misses>1157001</misses>
				<total>18</total>
				<timestamp>288.963192</timestamp>
			</report>
			<report>
				<misses>1158001</misses>
				<total>17</total>
				<timestamp>289.212948</timestamp>
			</report>
			<report>
				<misses>1159001</misses>
				<total>18</total>
				<timestamp>289.462729</timestamp>
			</report>
			<report>
				<misses>1160001</misses>
				<total>18</total>
				<timestamp>289.712432</timestamp>
			</report>
			<report>
				<misses>1161001</misses>
				<total>18</total>
				<timestamp>289.962182</timestamp>
			</report>
			<report>
				<misses>1162001</misses>
				<total>18</total>
				<timestamp>290.211929</timestamp>
			</report>
			<report>
				<misses>1163001</misses>
				<total>18</total>
				<timestamp>290.461697</timestamp>
			</report>
			<report>
				<misses>1164001</misses>
				<total>18</total>
				<timestamp>290.711421</timestamp>
			</report>
			<report>
				<misses>1165001</misses>
				<total>18</total>
				<timestamp>290.961183</timestamp>
			</report>
			<report>
				<misses>1166001</misses>
				<total>18</total>
				<timestamp>291.210932</timestamp>
			</report>
			<report>
				<misses>1167001</misses>
				<total>18</total>
				<timestamp>291.460720</timestamp>
			</report>
			<report>
				<misses>1168001</misses>
				<total>18</total>
				<timestamp>291.710428</timestamp>
			</report>
			<report>
				<misses>1169001</misses>
				<total>18</total>
				<timestamp>291.960173</timestamp>
			</report>
			<report>
				<misses>1170001</misses>
				<total>18</total>
				<timestamp>292.209925</timestamp>
			</report>
			<report>
				<misses>1171001</misses>
				<total>17</total>
				<timestamp>292.459728</timestamp>
			</report>
			<report>
				<misses>1172001</misses>
				<total>18</total>
				<timestamp>292.709423</timestamp>
			</report>
			<report>
				<misses>1173001</misses>
				<total>18</total>
				<timestamp>292.959197</timestamp>
			</report>
			<report>
				<misses>1174001</misses>
				<total>18</total>
				<timestamp>293.208930</timestamp>
			</report>
			<report>
				<misses>1175001</misses>
				<total>17</total>
				<timestamp>293.458742</timestamp>
			</report>
			<report>
				<misses>1176001</misses>
				<total>18</total>
				<timestamp>293.708438</timestamp>
			</report>
			<report>
				<misses>1177001</misses>
				<total>18</total>
				<timestamp>293.958174</timestamp>
			</report>
			<report>
				<misses>1178001</misses>
				<total>18</total>
				<timestamp>294.207945</timestamp>
			</report>
			<report>
				<misses>1179001</misses>
				<total>18</total>
				<timestamp>294.457764</timestamp>
			</report>
			<report>
				<misses>1180001</misses>
				<total>18</total>
				<timestamp>294.707423</timestamp>
			</report>
			<report>
				<misses>1181001</misses>
				<total>18</total>
				<timestamp>294.957199</timestamp>
			</report>
			<report>
				<misses>1182001</misses>
				<total>18</total>
				<timestamp>295.206925</timestamp>
			</report>
			<report>
				<misses>1183001</misses>
				<total>18</total>
				<timestamp>295.456738</timestamp>
			</report>
			<report>
				<misses>1184001</misses>
				<total>18</total>
				<timestamp>295.706446</timestamp>
			</report>
			<report>
				<misses>1185001</misses>
				<total>18</total>
				<timestamp>295.956181</timestamp>
			</report>
			<report>
				<misses>1186001</misses>
				<total>18</total>
				<timestamp>296.205923</timestamp>
			</report>
			<report>
				<misses>1187001</misses>
				<total>18</total>
				<timestamp>296.455708</timestamp>
			</report>
			<report>
				<misses>1188001</misses>
				<total>18</total>
				<timestamp>296.705479</timestamp>
			</report>
			<report>
				<misses>1189001</misses>
				<total>18</total>
				<timestamp>296.955182</timestamp>
			</report>
			<report>
				<misses>1190001</misses>
				<total>17</total>
				<timestamp>297.204969</timestamp>
			</report>
			<report>
				<misses>1191001</misses>
				<total>18</total>
				<timestamp>297.454725</timestamp>
			</report>
			<report>
				<misses>1192001</misses>
				<total>18</total>
				<timestamp>297.704436</timestamp>
			</report>
			<report>
				<misses>1193001</misses>
				<total>18</total>
				<timestamp>297.954214</timestamp>
			</report>
			<report>
				<misses>1194001</misses>
				<total>17</total>
				<timestamp>298.203969</timestamp>
			</report>
			<report>
				<misses>1195001</misses>
				<total>18</total>
				<timestamp>298.453725</timestamp>
			</report>
			<report>
				<misses>1196001</misses>
				<total>18</total>
				<timestamp>298.703420</timestamp>
			</report>
			<report>
				<misses>1197001</misses>
				<total>18</total>
				<timestamp>298.953194</timestamp>
			</report>
			<report>
				<misses>1198001</misses>
				<total>18</total>
				<timestamp>299.202957</timestamp>
			</report>
			<report>
				<misses>1199001</misses>
				<total>18</total>
				<timestamp>299.452700</timestamp>
			</report>
			<report>
				<misses>1200001</misses>
				<total>18</total>
				<timestamp>299.702476</timestamp>
			</report>
			<report>
				<misses>1201001</misses>
				<total>18</total>
				<timestamp>299.952216</timestamp>
			</report>
			<report>
				<misses>1202001</misses>
				<total>18</total>
				<timestamp>300.201952</timestamp>
			</report>
			<report>
				<misses>1203001</misses>
				<total>18</total>
				<timestamp>300.451708</timestamp>
			</report>
			<report>
				<misses>1204001</misses>
				<total>18</total>
				<timestamp>300.701434</timestamp>
			</report>
			<report>
				<misses>1205001</misses>
				<total>18</total>
				<timestamp>300.951185</timestamp>
			</report>
			<report>
				<misses>1206001</misses>
				<total>18</total>
				<timestamp>301.200921</timestamp>
			</report>
			<report>
				<misses>1207001</misses>
				<total>18</total>
				<timestamp>301.450718</timestamp>
			</report>
			<report>
				<misses>1208001</misses>
				<total>18</total>
				<timestamp>301.700432</timestamp>
			</report>
			<report>
				<misses>1209001</misses>
				<total>18</total>
				<timestamp>301.950189</timestamp>
			</report>
			<report>
				<misses>1210001</misses>
				<total>18</total>
				<timestamp>302.199929</timestamp>
			</report>
			<report>
				<misses>1211001</misses>
				<total>17</total>
				<timestamp>302.449786</timestamp>
			</report>
			<report>
				<misses>1212001</misses>
				<total>18</total>
				<timestamp>302.699447</timestamp>
			</report>
			<report>
				<misses>1213001</misses>
				<total>18</total>
				<timestamp>302.949176</timestamp>
			</report>
			<report>
				<misses>1214001</misses>
				<total>17</total>
				<timestamp>303.198962</timestamp>
			</report>
			<report>
				<misses>1215001</misses>
				<total>18</total>
				<timestamp>303.448720</timestamp>
			</report>
			<report>
				<misses>1216001</misses>
				<total>18</total>
				<timestamp>303.698450</timestamp>
			</report>
			<report>
				<misses>1217001</misses>
				<total>18</total>
				<timestamp>303.948191</timestamp>
			</report>
			<report>
				<misses>1218001</misses>
				<total>18</total>
				<timestamp>304.197928</timestamp>
			</report>
			<report>
				<misses>1219001</misses>
				<total>18</total>
				<timestamp>304.447727</timestamp>
			</report>
			<report>
				<misses>1220001</misses>
				<total>18</total>
				<timestamp>304.697418</timestamp>
			</report>
			<report>
				<misses>1221001</misses>
				<total>18</total>
				<timestamp>304.947171</timestamp>
			</report>
			<report>
				<misses>1222001</misses>
				<total>18</total>
				<timestamp>305.196941</timestamp>
			</report>
			<report>
				<misses>1223001</misses>
				<total>18</total>
				<timestamp>305.446681</timestamp>
			</report>
			<report>
				<misses>1224001</misses>
				<total>18</total>
				<timestamp>305.696433</timestamp>
			</report>
			<report>
				<misses>1225001</misses>
				<total>18</total>
				<timestamp>305.946202</timestamp>
			</report>
			<report>
				<misses>1226001</misses>
				<total>18</total>
				<timestamp>306.195938</timestamp>
			</report>
			<report>
				<misses>1227001</misses>
				<total>18</total>
				<timestamp>306.445691</timestamp>
			</report>
			<report>
				<misses>1228001</misses>
				<total>18</total>
				<timestamp>306.695435</timestamp>
			</report>
			<report>
				<misses>1229001</misses>
				<total>18</total>
				<timestamp>306.945179</timestamp>
			</report>
			<report>
				<misses>1230001</misses>
				<total>19</total>
				<timestamp>307.194929</timestamp>
			</report>
			<report>
				<misses>1231001</misses>
				<total>19</total>
				<timestamp>307.444694</timestamp>
			</report>
			<report>
				<misses>1232001</misses>
				<total>19</total>
				<timestamp>307.694432</timestamp>
			</report>
			<report>
				<misses>1233001</misses>
				<total>19</total>
				<timestamp>307.944196</timestamp>
			</report>
			<report>
				<misses>1234001</misses>
				<total>19</total>
				<timestamp>308.193972</timestamp>
			</report>
			<report>
				<misses>1235001</misses>
				<total>19</total>
				<timestamp>308.443742</timestamp>
			</report>
			<report>
				<misses>1236001</misses>
				<total>19</total>
				<timestamp>308.693423</timestamp>
			</report>
			<report>
				<misses>1237001</misses>
				<total>19</total>
				<timestamp>308.943182</timestamp>
			</report>
			<report>
				<misses>1238001</misses>
				<total>19</total>
				<timestamp>309.192926</timestamp>
			</report>
			<report>
				<misses>1239001</misses>
				<total>19</total>
				<timestamp>309.442687</timestamp>
			</report>
			<report>
				<misses>1240001</misses>
				<total>19</total>
				<timestamp>309.692431</timestamp>
			</report>
			<report>
				<misses>1241001</misses>
				<total>19</total>
				<timestamp>309.942183</timestamp>
			</report>
			<report>
				<misses>1242001</misses>
				<total>19</total>
				<timestamp>310.191934</timestamp>
			</report>
			<report>
				<misses>1243001</misses>
				<total>19</total>
				<timestamp>310.441707</timestamp>
			</report>
			<report>
				<misses>1244001</misses>
				<total>19</total>
				<timestamp>310.691429</timestamp>
			</report>
			<report>
				<misses>1245001</misses>
				<total>19</total>
				<timestamp>310.941194</timestamp>
			</report>
			<report>
				<misses>1246001</misses>
				<total>19</total>
				<timestamp>311.190923</timestamp>
			</report>
			<report>
				<misses>1247001</misses>
				<total>19</total>
				<timestamp>311.440723</timestamp>
			</report>
			<report>
				<misses>1248001</misses>
				<total>19</total>
				<timestamp>311.690431</timestamp>
			</report>
			<report>
				<misses>1249001</misses>
				<total>19</total>
				<timestamp>311.940188</timestamp>
			</report>
			<report>
				<misses>1250001</misses>
				<total>19</total>
				<timestamp>312.189921</timestamp>
			</report>
			<report>
				<misses>1251001</misses>
				<total>19</total>
				<timestamp>312.439748</timestamp>
			</report>
			<report>
				<misses>1252001</misses>
				<total>18</total>
				<timestamp>312.689472</timestamp>
			</report>
			<report>
				<misses>1253001</misses>
				<total>19</total>
				<timestamp>312.939186</timestamp>
			</report>
			<report>
				<misses>1254001</misses>
				<total>19</total>
				<timestamp>313.188923</timestamp>
			</report>
			<report>
				<misses>1255001</misses>
				<total>19</total>
				<timestamp>313.438708</timestamp>
			</report>
			<report>
				<misses>1256001</misses>
				<total>19</total>
				<timestamp>313.688435</timestamp>
			</report>
			<report>
				<misses>1257001</misses>
				<total>19</total>
				<timestamp>313.938179</timestamp>
			</report>
			<report>
				<misses>1258001</misses>
				<total>19</total>
				<timestamp>314.187923</timestamp>
			</report>
			<report>
				<misses>1259001</misses>
				<total>19</total>
				<timestamp>314.437720</timestamp>
			</report>
			<report>
				<misses>1260001</misses>
				<total>19</total>
				<timestamp>314.687441</timestamp>
			</report>
			<report>
				<misses>1261001</misses>
				<total>19</total>
				<timestamp>314.937167</timestamp>
			</report>
			<report>
				<misses>1262001</misses>
				<total>19</total>
				<timestamp>315.186944</timestamp>
			</report>
			<report>
				<misses>1263001</misses>
				<total>19</total>
				<timestamp>315.436693</timestamp>
			</report>
			<report>
				<misses>1264001</misses>
				<total>19</total>
				<timestamp>315.686420</timestamp>
			</report>
			<report>
				<misses>1265001</misses>
				<total>19</total>
				<timestamp>315.936182</timestamp>
			</report>
			<report>
				<misses>1266001</misses>
				<total>19</total>
				<timestamp>316.185935</timestamp>
			</report>
			<report>
				<misses>1267001</misses>
				<total>19</total>
				<timestamp>316.435725</timestamp>
			</report>
			<report>
				<misses>1268001</misses>
				<total>19</total>
				<timestamp>316.685436</timestamp>
			</report>
			<report>
				<misses>1269001</misses>
				<total>19</total>
				<timestamp>316.935167</timestamp>
			</report>
			<report>
				<misses>1270001</misses>
				<total>19</total>
				<timestamp>317.184918</timestamp>
			</report>
			<report>
				<misses>1271001</misses>
				<total>19</total>
				<timestamp>317.434671</timestamp>
			</report>
			<report>
				<misses>1272001</misses>
				<total>19</total>
				<timestamp>317.684414</timestamp>
			</report>
			<report>
				<misses>1273001</misses>
				<total>19</total>
				<timestamp>317.934178</timestamp>
			</report>
			<report>
				<misses>1274001</misses>
				<total>19</total>
				<timestamp>318.183935</timestamp>
			</report>
			<report>
				<misses>1275001</misses>
				<total>19</total>
				<timestamp>318.433699</timestamp>
			</report>
			<report>
				<misses>1276001</misses>
				<total>19</total>
				<timestamp>318.683435</timestamp>
			</report>
			<report>
				<misses>1277001</misses>
				<total>19</total>
				<timestamp>318.933193</timestamp>
			</report>
			<report>
				<misses>1278001</misses>
				<total>19</total>
				<timestamp>319.182927</timestamp>
			</report>
			<report>
				<misses>1279001</misses>
				<total>19</total>
				<timestamp>319.432724</timestamp>
			</report>
			<report>
				<misses>1280001</misses>
				<total>19</total>
				<timestamp>319.682443</timestamp>
			</report>
			<report>
				<misses>1281001</misses>
				<total>19</total>
				<timestamp>319.932195</timestamp>
			</report>
			<report>
				<misses>1282001</misses>
				<total>19</total>
				<timestamp>320.181937</timestamp>
			</report>
			<report>
				<misses>1283001</misses>
				<total>19</total>
				<timestamp>320.431694</timestamp>
			</report>
			<report>
				<misses>1284001</misses>
				<total>19</total>
				<timestamp>320.681430</timestamp>
			</report>
			<report>
				<misses>1285001</misses>
				<total>19</total>
				<timestamp>320.931180</timestamp>
			</report>
			<report>
				<misses>1286001</misses>
				<total>19</total>
				<timestamp>321.180956</timestamp>
			</report>
			<report>
				<misses>1287001</misses>
				<total>19</total>
				<timestamp>321.430676</timestamp>
			</report>
			<report>
				<misses>1288001</misses>
				<total>19</total>
				<timestamp>321.680422</timestamp>
			</report>
			<report>
				<misses>1289001</misses>
				<total>19</total>
				<timestamp>321.930191</timestamp>
			</report>
			<report>
				<misses>1290001</misses>
				<total>19</total>
				<timestamp>322.179934</timestamp>
			</report>
			<report>
				<misses>1291001</misses>
				<total>19</total>
				<timestamp>322.429716</timestamp>
			</report>
			<report>
				<misses>1292001</misses>
				<total>19</total>
				<timestamp>322.679420</timestamp>
			</report>
			<report>
				<misses>1293001</misses>
				<total>19</total>
				<timestamp>322.929197</timestamp>
			</report>
			<report>
				<misses>1294001</misses>
				<total>19</total>
				<timestamp>323.178932</timestamp>
			</report>
			<report>
				<misses>1295001</misses>
				<total>19</total>
				<timestamp>323.428718</timestamp>
			</report>
			<report>
				<misses>1296001</misses>
				<total>19</total>
				<timestamp>323.678431</timestamp>
			</report>
			<report>
				<misses>1297001</misses>
				<total>19</total>
				<timestamp>323.928167</timestamp>
			</report>
			<report>
				<misses>1298001</misses>
				<total>19</total>
				<timestamp>324.177969</timestamp>
			</report>
			<report>
				<misses>1299001</misses>
				<total>19</total>
				<timestamp>324.427722</timestamp>
			</report>
			<report>
				<misses>1300001</misses>
				<total>19</total>
				<timestamp>324.677425</timestamp>
			</report>
			<report>
				<misses>1301001</misses>
				<total>19</total>
				<timestamp>324.927201</timestamp>
			</report>
			<report>
				<misses>1302001</misses>
				<total>19</total>
				<timestamp>325.176915</timestamp>
			</report>
			<report>
				<misses>1303001</misses>
				<total>19</total>
				<timestamp>325.426710</timestamp>
			</report>
			<report>
				<misses>1304001</misses>
				<total>19</total>
				<timestamp>325.676434</timestamp>
			</report>
			<report>
				<misses>1305001</misses>
				<total>19</total>
				<timestamp>325.926174</timestamp>
			</report>
			<report>
				<misses>1306001</misses>
				<total>19</total>
				<timestamp>326.175912</timestamp>
			</report>
			<report>
				<misses>1307001</misses>
				<total>19</total>
				<timestamp>326.425726</timestamp>
			</report>
			<report>
				<misses>1308001</misses>
				<total>19</total>
				<timestamp>326.675437</timestamp>
			</report>
			<report>
				<misses>1309001</misses>
				<total>19</total>
				<timestamp>326.925172</timestamp>
			</report>
			<report>
				<misses>1310001</misses>
				<total>19</total>
				<timestamp>327.174941</timestamp>
			</report>
			<report>
				<misses>1311001</misses>
				<total>19</total>
				<timestamp>327.424707</timestamp>
			</report>
			<report>
				<misses>1312001</misses>
				<total>19</total>
				<timestamp>327.674450</timestamp>
			</report>
			<report>
				<misses>1313001</misses>
				<total>19</total>
				<timestamp>327.924191</timestamp>
			</report>
			<report>
				<misses>1314001</misses>
				<total>19</total>
				<timestamp>328.173927</timestamp>
			</report>
			<report>
				<misses>1315001</misses>
				<total>19</total>
				<timestamp>328.423687</timestamp>
			</report>
			<report>
				<misses>1316001</misses>
				<total>18</total>
				<timestamp>328.673432</timestamp>
			</report>
			<report>
				<misses>1317001</misses>
				<total>19</total>
				<timestamp>328.923191</timestamp>
			</report>
			<report>
				<misses>1318001</misses>
				<total>19</total>
				<timestamp>329.172937</timestamp>
			</report>
			<report>
				<misses>1319001</misses>
				<total>19</total>
				<timestamp>329.422694</timestamp>
			</report>
			<report>
				<misses>1320001</misses>
				<total>19</total>
				<timestamp>329.672457</timestamp>
			</report>
			<report>
				<misses>1321001</misses>
				<total>19</total>
				<timestamp>329.922169</timestamp>
			</report>
			<report>
				<misses>1322001</misses>
				<total>19</total>
				<timestamp>330.171928</timestamp>
			</report>
			<report>
				<misses>1323001</misses>
				<total>19</total>
				<timestamp>330.421699</timestamp>
			</report>
			<report>
				<misses>1324001</misses>
				<total>19</total>
				<timestamp>330.671433</timestamp>
			</report>
			<report>
				<misses>1325001</misses>
				<total>19</total>
				<timestamp>330.921196</timestamp>
			</report>
			<report>
				<misses>1326001</misses>
				<total>19</total>
				<timestamp>331.170916</timestamp>
			</report>
			<report>
				<misses>1327001</misses>
				<total>19</total>
				<timestamp>331.420696</timestamp>
			</report>
			<report>
				<misses>1328001</misses>
				<total>19</total>
				<timestamp>331.670471</timestamp>
			</report>
			<report>
				<misses>1329001</misses>
				<total>19</total>
				<timestamp>331.920199</timestamp>
			</report>
			<report>
				<misses>1330001</misses>
				<total>19</total>
				<timestamp>332.169938</timestamp>
			</report>
			<report>
				<misses>1331001</misses>
				<total>19</total>
				<timestamp>332.419689</timestamp>
			</report>
			<report>
				<misses>1332001</misses>
				<total>19</total>
				<timestamp>332.669479</timestamp>
			</report>
			<report>
				<misses>1333001</misses>
				<total>19</total>
				<timestamp>332.919220</timestamp>
			</report>
			<report>
				<misses>1334001</misses>
				<total>19</total>
				<timestamp>333.168936</timestamp>
			</report>
			<report>
				<misses>1335001</misses>
				<total>19</total>
				<timestamp>333.418711</timestamp>
			</report>
			<report>
				<misses>1336001</misses>
				<total>19</total>
				<timestamp>333.668471</timestamp>
			</report>
			<report>
				<misses>1337001</misses>
				<total>19</total>
				<timestamp>333.918196</timestamp>
			</report>
			<report>
				<misses>1338001</misses>
				<total>19</total>
				<timestamp>334.167936</timestamp>
			</report>
			<report>
				<misses>1339001</misses>
				<total>19</total>
				<timestamp>334.417680</timestamp>
			</report>
			<report>
				<misses>1340001</misses>
				<total>19</total>
				<timestamp>334.667434</timestamp>
			</report>
			<report>
				<misses>1341001</misses>
				<total>19</total>
				<timestamp>334.917181</timestamp>
			</report>
			<report>
				<misses>1342001</misses>
				<total>19</total>
				<timestamp>335.166966</timestamp>
			</report>
			<report>
				<misses>1343001</misses>
				<total>19</total>
				<timestamp>335.416680</timestamp>
			</report>
			<report>
				<misses>1344001</misses>
				<total>19</total>
				<timestamp>335.666452</timestamp>
			</report>
			<report>
				<misses>1345001</misses>
				<total>19</total>
				<timestamp>335.916164</timestamp>
			</report>
			<report>
				<misses>1346001</misses>
				<total>19</total>
				<timestamp>336.165918</timestamp>
			</report>
			<report>
				<misses>1347001</misses>
				<total>19</total>
				<timestamp>336.415697</timestamp>
			</report>
			<report>
				<misses>1348001</misses>
				<total>18</total>
				<timestamp>336.665458</timestamp>
			</report>
			<report>
				<misses>1349001</misses>
				<total>19</total>
				<timestamp>336.915178</timestamp>
			</report>
			<report>
				<misses>1350001</misses>
				<total>19</total>
				<timestamp>337.164918</timestamp>
			</report>
			<report>
				<misses>1351001</misses>
				<total>19</total>
				<timestamp>337.414701</timestamp>
			</report>
			<report>
				<misses>1352001</misses>
				<total>19</total>
				<timestamp>337.664455</timestamp>
			</report>
			<report>
				<misses>1353001</misses>
				<total>19</total>
				<timestamp>337.914173</timestamp>
			</report>
			<report>
				<misses>1354001</misses>
				<total>19</total>
				<timestamp>338.163973</timestamp>
			</report>
			<report>
				<misses>1355001</misses>
				<total>19</total>
				<timestamp>338.413683</timestamp>
			</report>
			<report>
				<misses>1356001</misses>
				<total>19</total>
				<timestamp>338.663452</timestamp>
			</report>
			<report>
				<misses>1357001</misses>
				<total>19</total>
				<timestamp>338.913185</timestamp>
			</report>
			<report>
				<misses>1358001</misses>
				<total>19</total>
				<timestamp>339.162937</timestamp>
			</report>
			<report>
				<misses>1359001</misses>
				<total>19</total>
				<timestamp>339.412681</timestamp>
			</report>
			<report>
				<misses>1360001</misses>
				<total>18</total>
				<timestamp>339.662433</timestamp>
			</report>
			<report>
				<misses>1361001</misses>
				<total>19</total>
				<timestamp>339.912173</timestamp>
			</report>
			<report>
				<misses>1362001</misses>
				<total>19</total>
				<timestamp>340.161928</timestamp>
			</report>
			<report>
				<misses>1363001</misses>
				<total>19</total>
				<timestamp>340.411703</timestamp>
			</report>
			<report>
				<misses>1364001</misses>
				<total>19</total>
				<timestamp>340.661455</timestamp>
			</report>
			<report>
				<misses>1365001</misses>
				<total>19</total>
				<timestamp>340.911181</timestamp>
			</report>
			<report>
				<misses>1366001</misses>
				<total>19</total>
				<timestamp>341.160992</timestamp>
			</report>
			<report>
				<misses>1367001</misses>
				<total>18</total>
				<timestamp>341.410676</timestamp>
			</report>
			<report>
				<misses>1368001</misses>
				<total>19</total>
				<timestamp>341.660460</timestamp>
			</report>
			<report>
				<misses>1369001</misses>
				<total>19</total>
				<timestamp>341.910182</timestamp>
			</report>
			<report>
				<misses>1370001</misses>
				<total>19</total>
				<timestamp>342.159923</timestamp>
			</report>
			<report>
				<misses>1371001</misses>
				<total>19</total>
				<timestamp>342.409678</timestamp>
			</report>
			<report>
				<misses>1372001</misses>
				<total>19</total>
				<timestamp>342.659457</timestamp>
			</report>
			<report>
				<misses>1373001</misses>
				<total>19</total>
				<timestamp>342.909201</timestamp>
			</report>
			<report>
				<misses>1374001</misses>
				<total>19</total>
				<timestamp>343.158933</timestamp>
			</report>
			<report>
				<misses>1375001</misses>
				<total>19</total>
				<timestamp>343.408682</timestamp>
			</report>
			<report>
				<misses>1376001</misses>
				<total>19</total>
				<timestamp>343.658469</timestamp>
			</report>
			<report>
				<misses>1377001</misses>
				<total>19</total>
				<timestamp>343.908172</timestamp>
			</report>
			<report>
				<misses>1378001</misses>
				<total>19</total>
				<timestamp>344.157939</timestamp>
			</report>
			<report>
				<misses>1379001</misses>
				<total>19</total>
				<timestamp>344.407667</timestamp>
			</report>
			<report>
				<misses>1380001</misses>
				<total>19</total>
				<timestamp>344.657467</timestamp>
			</report>
			<report>
				<misses>1381001</misses>
				<total>19</total>
				<timestamp>344.907185</timestamp>
			</report>
			<report>
				<misses>1382001</misses>
				<total>19</total>
				<timestamp>345.156938</timestamp>
			</report>
			<report>
				<misses>1383001</misses>
				<total>19</total>
				<timestamp>345.406670</timestamp>
			</report>
			<report>
				<misses>1384001</misses>
				<total>19</total>
				<timestamp>345.656440</timestamp>
			</report>
			<report>
				<misses>1385001</misses>
				<total>19</total>
				<timestamp>345.906189</timestamp>
			</report>
			<report>
				<misses>1386001</misses>
				<total>19</total>
				<timestamp>346.155952</timestamp>
			</report>
			<report>
				<misses>1387001</misses>
				<total>19</total>
				<timestamp>346.405674</timestamp>
			</report>
			<report>
				<misses>1388001</misses>
				<total>19</total>
				<timestamp>346.655433</timestamp>
			</report>
			<report>
				<misses>1389001</misses>
				<total>19</total>
				<timestamp>346.905190</timestamp>
			</report>
			<report>
				<misses>1390001</misses>
				<total>19</total>
				<timestamp>347.154957</timestamp>
			</report>
			<report>
				<misses>1391001</misses>
				<total>19</total>
				<timestamp>347.404680</timestamp>
			</report>
			<report>
				<misses>1392001</misses>
				<total>19</total>
				<timestamp>347.654430</timestamp>
			</report>
			<report>
				<misses>1393001</misses>
				<total>19</total>
				<timestamp>347.904200</timestamp>
			</report>
			<report>
				<misses>1394001</misses>
				<total>19</total>
				<timestamp>348.153954</timestamp>
			</report>
			<report>
				<misses>1395001</misses>
				<total>19</total>
				<timestamp>348.403666</timestamp>
			</report>
			<report>
				<misses>1396001</misses>
				<total>19</total>
				<timestamp>348.653458</timestamp>
			</report>
			<report>
				<misses>1397001</misses>
				<total>19</total>
				<timestamp>348.903205</timestamp>
			</report>
			<report>
				<misses>1398001</misses>
				<total>19</total>
				<timestamp>349.152939</timestamp>
			</report>
			<report>
				<misses>1399001</misses>
				<total>19</total>
				<timestamp>349.402697</timestamp>
			</report>
			<report>
				<misses>1400001</misses>
				<total>19</total>
				<timestamp>349.652483</timestamp>
			</report>
			<report>
				<misses>1401001</misses>
				<total>19</total>
				<timestamp>349.902185</timestamp>
			</report>
			<report>
				<misses>1402001</misses>
				<total>19</total>
				<timestamp>350.151940</timestamp>
			</report>
			<report>
				<misses>1403001</misses>
				<total>19</total>
				<timestamp>350.401675</timestamp>
			</report>
			<report>
				<misses>1404001</misses>
				<total>19</total>
				<timestamp>350.651484</timestamp>
			</report>
			<report>
				<misses>1405001</misses>
				<total>19</total>
				<timestamp>350.901177</timestamp>
			</report>
			<report>
				<misses>1406001</misses>
				<total>19</total>
				<timestamp>351.150954</timestamp>
			</report>
			<report>
				<misses>1407001</misses>
				<total>19</total>
				<timestamp>351.400691</timestamp>
			</report>
			<report>
				<misses>1408001</misses>
				<total>19</total>
				<timestamp>351.650476</timestamp>
			</report>
			<report>
				<misses>1409001</misses>
				<total>19</total>
				<timestamp>351.900187</timestamp>
			</report>
			<report>
				<misses>1410001</misses>
				<total>19</total>
				<timestamp>352.149933</timestamp>
			</report>
			<report>
				<misses>1411001</misses>
				<total>19</total>
				<timestamp>352.399709</timestamp>
			</report>
			<report>
				<misses>1412001</misses>
				<total>19</total>
				<timestamp>352.649452</timestamp>
			</report>
			<report>
				<misses>1413001</misses>
				<total>19</total>
				<timestamp>352.899198</timestamp>
			</report>
			<report>
				<misses>1414001</misses>
				<total>19</total>
				<timestamp>353.148934</timestamp>
			</report>
			<report>
				<misses>1415001</misses>
				<total>19</total>
				<timestamp>353.398693</timestamp>
			</report>
			<report>
				<misses>1416001</misses>
				<total>19</total>
				<timestamp>353.648468</timestamp>
			</report>
			<report>
				<misses>1417001</misses>
				<total>19</total>
				<timestamp>353.898197</timestamp>
			</report>
			<report>
				<misses>1418001</misses>
				<total>19</total>
				<timestamp>354.147941</timestamp>
			</report>
			<report>
				<misses>1419001</misses>
				<total>19</total>
				<timestamp>354.397683</timestamp>
			</report>
			<report>
				<misses>1420001</misses>
				<total>19</total>
				<timestamp>354.647494</timestamp>
			</report>
			<report>
				<misses>1421001</misses>
				<total>19</total>
				<timestamp>354.897239</timestamp>
			</report>
			<report>
				<misses>1422001</misses>
				<total>19</total>
				<timestamp>355.146920</timestamp>
			</report>
			<report>
				<misses>1423001</misses>
				<total>19</total>
				<timestamp>355.396664</timestamp>
			</report>
			<report>
				<misses>1424001</misses>
				<total>19</total>
				<timestamp>355.646437</timestamp>
			</report>
			<report>
				<misses>1425001</misses>
				<total>19</total>
				<timestamp>355.896216</timestamp>
			</report>
			<report>
				<misses>1426001</misses>
				<total>19</total>
				<timestamp>356.145920</timestamp>
			</report>
			<report>
				<misses>1427001</misses>
				<total>19</total>
				<timestamp>356.395693</timestamp>
			</report>
			<report>
				<misses>1428001</misses>
				<total>22</total>
				<timestamp>356.645475</timestamp>
			</report>
			<report>
				<misses>1429001</misses>
				<total>22</total>
				<timestamp>356.895166</timestamp>
			</report>
			<report>
				<misses>1430001</misses>
				<total>22</total>
				<timestamp>357.144923</timestamp>
			</report>
			<report>
				<misses>1431001</misses>
				<total>22</total>
				<timestamp>357.394676</timestamp>
			</report>
			<report>
				<misses>1432001</misses>
				<total>22</total>
				<timestamp>357.644493</timestamp>
			</report>
			<report>
				<misses>1433001</misses>
				<total>22</total>
				<timestamp>357.894194</timestamp>
			</report>
			<report>
				<misses>1434001</misses>
				<total>22</total>
				<timestamp>358.143925</timestamp>
			</report>
			<report>
				<misses>1435001</misses>
				<total>22</total>
				<timestamp>358.393678</timestamp>
			</report>
			<report>
				<misses>1436001</misses>
				<total>22</total>
				<timestamp>358.643471</timestamp>
			</report>
			<report>
				<misses>1437001</misses>
				<total>22</total>
				<timestamp>358.893219</timestamp>
			</report>
			<report>
				<misses>1438001</misses>
				<total>22</total>
				<timestamp>359.142932</timestamp>
			</report>
			<report>
				<misses>1439001</misses>
				<total>22</total>
				<timestamp>359.392684</timestamp>
			</report>
			<report>
				<misses>1440001</misses>
				<total>22</total>
				<timestamp>359.642475</timestamp>
			</report>
			<report>
				<misses>1441001</misses>
				<total>22</total>
				<timestamp>359.892183</timestamp>
			</report>
			<report>
				<misses>1442001</misses>
				<total>22</total>
				<timestamp>360.141931</timestamp>
			</report>
			<report>
				<misses>1443001</misses>
				<total>22</total>
				<timestamp>360.391685</timestamp>
			</report>
			<report>
				<misses>1444001</misses>
				<total>22</total>
				<timestamp>360.641438</timestamp>
			</report>
			<report>
				<misses>1445001</misses>
				<total>22</total>
				<timestamp>360.891180</timestamp>
			</report>
			<report>
				<misses>1446001</misses>
				<total>22</total>
				<timestamp>361.140927</timestamp>
			</report>
			<report>
				<misses>1447001</misses>
				<total>22</total>
				<timestamp>361.390682</timestamp>
			</report>
			<report>
				<misses>1448001</misses>
				<total>22</total>
				<timestamp>361.640457</timestamp>
			</report>
			<report>
				<misses>1449001</misses>
				<total>22</total>
				<timestamp>361.890191</timestamp>
			</report>
			<report>
				<misses>1450001</misses>
				<total>22</total>
				<timestamp>362.139920</timestamp>
			</report>
			<report>
				<misses>1451001</misses>
				<total>22</total>
				<timestamp>362.389685</timestamp>
			</report>
			<report>
				<misses>1452001</misses>
				<total>22</total>
				<timestamp>362.639448</timestamp>
			</report>
			<report>
				<misses>1453001</misses>
				<total>22</total>
				<timestamp>362.889190</timestamp>
			</report>
			<report>
				<misses>1454001</misses>
				<total>22</total>
				<timestamp>363.138941</timestamp>
			</report>
			<report>
				<misses>1455001</misses>
				<total>22</total>
				<timestamp>363.388689</timestamp>
			</report>
			<report>
				<misses>1456001</misses>
				<total>22</total>
				<timestamp>363.638445</timestamp>
			</report>
			<report>
				<misses>1457001</misses>
				<total>22</total>
				<timestamp>363.888178</timestamp>
			</report>
			<report>
				<misses>1458001</misses>
				<total>22</total>
				<timestamp>364.137922</timestamp>
			</report>
			<report>
				<misses>1459001</misses>
				<total>22</total>
				<timestamp>364.387699</timestamp>
			</report>
			<report>
				<misses>1460001</misses>
				<total>23</total>
				<timestamp>364.637480</timestamp>
			</report>
			<report>
				<misses>1461001</misses>
				<total>23</total>
				<timestamp>364.887174</timestamp>
			</report>
			<report>
				<misses>1462001</misses>
				<total>23</total>
				<timestamp>365.136945</timestamp>
			</report>
			<report>
				<misses>1463001</misses>
				<total>23</total>
				<timestamp>365.386695</timestamp>
			</report>
			<report>
				<misses>1464001</misses>
				<total>22</total>
				<timestamp>365.636460</timestamp>
			</report>
			<report>
				<misses>1465001</misses>
				<total>23</total>
				<timestamp>365.886203</timestamp>
			</report>
			<report>
				<misses>1466001</misses>
				<total>23</total>
				<timestamp>366.135931</timestamp>
			</report>
			<report>
				<misses>1467001</misses>
				<total>23</total>
				<timestamp>366.385719</timestamp>
			</report>
			<report>
				<misses>1468001</misses>
				<total>23</total>
				<timestamp>366.635447</timestamp>
			</report>
			<report>
				<misses>1469001</misses>
				<total>23</total>
				<timestamp>366.885211</timestamp>
			</report>
			<report>
				<misses>1470001</misses>
				<total>23</total>
				<timestamp>367.134934</timestamp>
			</report>
			<report>
				<misses>1471001</misses>
				<total>23</total>
				<timestamp>367.384692</timestamp>
			</report>
			<report>
				<misses>1472001</misses>
				<total>23</total>
				<timestamp>367.634448</timestamp>
			</report>
			<report>
				<misses>1473001</misses>
				<total>23</total>
				<timestamp>367.884199</timestamp>
			</report>
			<report>
				<misses>1474001</misses>
				<total>23</total>
				<timestamp>368.133939</timestamp>
			</report>
			<report>
				<misses>1475001</misses>
				<total>23</total>
				<timestamp>368.383681</timestamp>
			</report>
			<report>
				<misses>1476001</misses>
				<total>23</total>
				<timestamp>368.633461</timestamp>
			</report>
			<report>
				<misses>1477001</misses>
				<total>23</total>
				<timestamp>368.883191</timestamp>
			</report>
			<report>
				<misses>1478001</misses>
				<total>23</total>
				<timestamp>369.132967</timestamp>
			</report>
			<report>
				<misses>1479001</misses>
				<total>23</total>
				<timestamp>369.382693</timestamp>
			</report>
			<report>
				<misses>1480001</misses>
				<total>23</total>
				<timestamp>369.632447</timestamp>
			</report>
			<report>
				<misses>1481001</misses>
				<total>23</total>
				<timestamp>369.882209</timestamp>
			</report>
			<report>
				<misses>1482001</misses>
				<total>22</total>
				<timestamp>370.131972</timestamp>
			</report>
			<report>
				<misses>1483001</misses>
				<total>23</total>
				<timestamp>370.381685</timestamp>
			</report>
			<report>
				<misses>1484001</misses>
				<total>23</total>
				<timestamp>370.631436</timestamp>
			</report>
			<report>
				<misses>1485001</misses>
				<total>23</total>
				<timestamp>370.881187</timestamp>
			</report>
			<report>
				<misses>1486001</misses>
				<total>23</total>
				<timestamp>371.130920</timestamp>
			</report>
			<report>
				<misses>1487001</misses>
				<total>23</total>
				<timestamp>371.380681</timestamp>
			</report>
			<report>
				<misses>1488001</misses>
				<total>23</total>
				<timestamp>371.630436</timestamp>
			</report>
			<report>
				<misses>1489001</misses>
				<total>23</total>
				<timestamp>371.880184</timestamp>
			</report>
			<report>
				<misses>1490001</misses>
				<total>23</total>
				<timestamp>372.129936</timestamp>
			</report>
			<report>
				<misses>1491001</misses>
				<total>23</total>
				<timestamp>372.379692</timestamp>
			</report>
			<report>
				<misses>1492001</misses>
				<total>23</total>
				<timestamp>372.629430</timestamp>
			</report>
			<report>
				<misses>1493001</misses>
				<total>23</total>
				<timestamp>372.879200</timestamp>
			</report>
			<report>
				<misses>1494001</misses>
				<total>23</total>
				<timestamp>373.128920</timestamp>
			</report>
			<report>
				<misses>1495001</misses>
				<total>23</total>
				<timestamp>373.378677</timestamp>
			</report>
			<report>
				<misses>1496001</misses>
				<total>23</total>
				<timestamp>373.628448</timestamp>
			</report>
			<report>
				<misses>1497001</misses>
				<total>23</total>
				<timestamp>373.878229</timestamp>
			</report>
			<report>
				<misses>1498001</misses>
				<total>23</total>
				<timestamp>374.127930</timestamp>
			</report>
			<report>
				<misses>1499001</misses>
				<total>23</total>
				<timestamp>374.377689</timestamp>
			</report>
			<report>
				<misses>1500001</misses>
				<total>22</total>
				<timestamp>374.627459</timestamp>
			</report>
			<report>
				<misses>1501001</misses>
				<total>23</total>
				<timestamp>374.877191</timestamp>
			</report>
			<report>
				<misses>1502001</misses>
				<total>23</total>
				<timestamp>375.126928</timestamp>
			</report>
			<report>
				<misses>1503001</misses>
				<total>23</total>
				<timestamp>375.376680</timestamp>
			</report>
			<report>
				<misses>1504001</misses>
				<total>23</total>
				<timestamp>375.626447</timestamp>
			</report>
			<report>
				<misses>1505001</misses>
				<total>23</total>
				<timestamp>375.876227</timestamp>
			</report>
			<report>
				<misses>1506001</misses>
				<total>23</total>
				<timestamp>376.125923</timestamp>
			</report>
			<report>
				<misses>1507001</misses>
				<total>23</total>
				<timestamp>376.375692</timestamp>
			</report>
			<report>
				<misses>1508001</misses>
				<total>23</total>
				<timestamp>376.625483</timestamp>
			</report>
			<report>
				<misses>1509001</misses>
				<total>23</total>
				<timestamp>376.875208</timestamp>
			</report>
			<report>
				<misses>1510001</misses>
				<total>23</total>
				<timestamp>377.124924</timestamp>
			</report>
			<report>
				<misses>1511001</misses>
				<total>23</total>
				<timestamp>377.374681</timestamp>
			</report>
			<report>
				<misses>1512001</misses>
				<total>23</total>
				<timestamp>377.624429</timestamp>
			</report>
			<report>
				<misses>1513001</misses>
				<total>23</total>
				<timestamp>377.874179</timestamp>
			</report>
			<report>
				<misses>1514001</misses>
				<total>23</total>
				<timestamp>378.123930</timestamp>
			</report>
			<report>
				<misses>1515001</misses>
				<total>23</total>
				<timestamp>378.373688</timestamp>
			</report>
			<report>
				<misses>1516001</misses>
				<total>23</total>
				<timestamp>378.623482</timestamp>
			</report>
			<report>
				<misses>1517001</misses>
				<total>23</total>
				<timestamp>378.873208</timestamp>
			</report>
			<report>
				<misses>1518001</misses>
				<total>23</total>
				<timestamp>379.122939</timestamp>
			</report>
			<report>
				<misses>1519001</misses>
				<total>23</total>
				<timestamp>379.372667</timestamp>
			</report>
			<report>
				<misses>1520001</misses>
				<total>23</total>
				<timestamp>379.622442</timestamp>
			</report>
			<report>
				<misses>1521001</misses>
				<total>23</total>
				<timestamp>379.872204</timestamp>
			</report>
			<report>
				<misses>1522001</misses>
				<total>23</total>
				<timestamp>380.121927</timestamp>
			</report>
			<report>
				<misses>1523001</misses>
				<total>23</total>
				<timestamp>380.371678</timestamp>
			</report>
			<report>
				<misses>1524001</misses>
				<total>23</total>
				<timestamp>380.621428</timestamp>
			</report>
			<report>
				<misses>1525001</misses>
				<total>23</total>
				<timestamp>380.871228</timestamp>
			</report>
			<report>
				<misses>1526001</misses>
				<total>23</total>
				<timestamp>381.120944</timestamp>
			</report>
			<report>
				<misses>1527001</misses>
				<total>23</total>
				<timestamp>381.370718</timestamp>
			</report>
			<report>
				<misses>1528001</misses>
				<total>23</total>
				<timestamp>381.620450</timestamp>
			</report>
			<report>
				<misses>1529001</misses>
				<total>23</total>
				<timestamp>381.870212</timestamp>
			</report>
			<report>
				<misses>1530001</misses>
				<total>23</total>
				<timestamp>382.119926</timestamp>
			</report>
			<report>
				<misses>1531001</misses>
				<total>23</total>
				<timestamp>382.369690</timestamp>
			</report>
			<report>
				<misses>1532001</misses>
				<total>23</total>
				<timestamp>382.619479</timestamp>
			</report>
			<report>
				<misses>1533001</misses>
				<total>23</total>
				<timestamp>382.869182</timestamp>
			</report>
			<report>
				<misses>1534001</misses>
				<total>23</total>
				<timestamp>383.118936</timestamp>
			</report>
			<report>
				<misses>1535001</misses>
				<total>23</total>
				<timestamp>383.368686</timestamp>
			</report>
			<report>
				<misses>1536001</misses>
				<total>23</total>
				<timestamp>383.618440</timestamp>
			</report>
			<report>
				<misses>1537001</misses>
				<total>23</total>
				<timestamp>383.868195</timestamp>
			</report>
			<report>
				<misses>1538001</misses>
				<total>23</total>
				<timestamp>384.117929</timestamp>
			</report>
			<report>
				<misses>1539001</misses>
				<total>23</total>
				<timestamp>384.367685</timestamp>
			</report>
			<report>
				<misses>1540001</misses>
				<total>23</total>
				<timestamp>384.617421</timestamp>
			</report>
			<report>
				<misses>1541001</misses>
				<total>23</total>
				<timestamp>384.867194</timestamp>
			</report>
			<report>
				<misses>1542001</misses>
				<total>23</total>
				<timestamp>385.116976</timestamp>
			</report>
			<report>
				<misses>1543001</misses>
				<total>23</total>
				<timestamp>385.366680</timestamp>
			</report>
			<report>
				<misses>1544001</misses>
				<total>23</total>
				<timestamp>385.616474</timestamp>
			</report>
			<report>
				<misses>1545001</misses>
				<total>23</total>
				<timestamp>385.866194</timestamp>
			</report>
			<report>
				<misses>1546001</misses>
				<total>23</total>
				<timestamp>386.115935</timestamp>
			</report>
			<report>
				<misses>1547001</misses>
				<total>23</total>
				<timestamp>386.365700</timestamp>
			</report>
			<report>
				<misses>1548001</misses>
				<total>23</total>
				<timestamp>386.615449</timestamp>
			</report>
			<report>
				<misses>1549001</misses>
				<total>23</total>
				<timestamp>386.865235</timestamp>
			</report>
			<report>
				<misses>1550001</misses>
				<total>23</total>
				<timestamp>387.114936</timestamp>
			</report>
			<report>
				<misses>1551001</misses>
				<total>23</total>
				<timestamp>387.364690</timestamp>
			</report>
			<report>
				<misses>1552001</misses>
				<total>23</total>
				<timestamp>387.614444</timestamp>
			</report>
			<report>
				<misses>1553001</misses>
				<total>23</total>
				<timestamp>387.864186</timestamp>
			</report>
			<report>
				<misses>1554001</misses>
				<total>23</total>
				<timestamp>388.113930</timestamp>
			</report>
			<report>
				<misses>1555001</misses>
				<total>23</total>
				<timestamp>388.363673</timestamp>
			</report>
			<report>
				<misses>1556001</misses>
				<total>23</total>
				<timestamp>388.613456</timestamp>
			</report>
			<report>
				<misses>1557001</misses>
				<total>23</total>
				<timestamp>388.863195</timestamp>
			</report>
			<report>
				<misses>1558001</misses>
				<total>23</total>
				<timestamp>389.112928</timestamp>
			</report>
			<report>
				<misses>1559001</misses>
				<total>23</total>
				<timestamp>389.362668</timestamp>
			</report>
			<report>
				<misses>1560001</misses>
				<total>23</total>
				<timestamp>389.612441</timestamp>
			</report>
			<report>
				<misses>1561001</misses>
				<total>23</total>
				<timestamp>389.862193</timestamp>
			</report>
			<report>
				<misses>1562001</misses>
				<total>23</total>
				<timestamp>390.111931</timestamp>
			</report>
			<report>
				<misses>1563001</misses>
				<total>23</total>
				<timestamp>390.361683</timestamp>
			</report>
			<report>
				<misses>1564001</misses>
				<total>23</total>
				<timestamp>390.611427</timestamp>
			</report>
			<report>
				<misses>1565001</misses>
				<total>23</total>
				<timestamp>390.861186</timestamp>
			</report>
			<report>
				<misses>1566001</misses>
				<total>23</total>
				<timestamp>391.110931</timestamp>
			</report>
			<report>
				<misses>1567001</misses>
				<total>23</total>
				<timestamp>391.360729</timestamp>
			</report>
			<report>
				<misses>1568001</misses>
				<total>23</total>
				<timestamp>391.610434</timestamp>
			</report>
			<report>
				<misses>1569001</misses>
				<total>23</total>
				<timestamp>391.860190</timestamp>
			</report>
			<report>
				<misses>1570001</misses>
				<total>23</total>
				<timestamp>392.109932</timestamp>
			</report>
			<report>
				<misses>1571001</misses>
				<total>23</total>
				<timestamp>392.359681</timestamp>
			</report>
			<report>
				<misses>1572001</misses>
				<total>23</total>
				<timestamp>392.609427</timestamp>
			</report>
			<report>
				<misses>1573001</misses>
				<total>23</total>
				<timestamp>392.859249</timestamp>
			</report>
			<report>
				<misses>1574001</misses>
				<total>23</total>
				<timestamp>393.108938</timestamp>
			</report>
			<report>
				<misses>1575001</misses>
				<total>23</total>
				<timestamp>393.358703</timestamp>
			</report>
			<report>
				<misses>1576001</misses>
				<total>23</total>
				<timestamp>393.608440</timestamp>
			</report>
			<report>
				<misses>1577001</misses>
				<total>23</total>
				<timestamp>393.858198</timestamp>
			</report>
			<report>
				<misses>1578001</misses>
				<total>23</total>
				<timestamp>394.107937</timestamp>
			</report>
			<report>
				<misses>1579001</misses>
				<total>23</total>
				<timestamp>394.357682</timestamp>
			</report>
			<report>
				<misses>1580001</misses>
				<total>23</total>
				<timestamp>394.607439</timestamp>
			</report>
			<report>
				<misses>1581001</misses>
				<total>23</total>
				<timestamp>394.857213</timestamp>
			</report>
			<report>
				<misses>1582001</misses>
				<total>23</total>
				<timestamp>395.106937</timestamp>
			</report>
			<report>
				<misses>1583001</misses>
				<total>23</total>
				<timestamp>395.356687</timestamp>
			</report>
			<report>
				<misses>1584001</misses>
				<total>23</total>
				<timestamp>395.606424</timestamp>
			</report>
			<report>
				<misses>1585001</misses>
				<total>23</total>
				<timestamp>395.856208</timestamp>
			</report>
			<report>
				<misses>1586001</misses>
				<total>23</total>
				<timestamp>396.105930</timestamp>
			</report>
			<report>
				<misses>1587001</misses>
				<total>23</total>
				<timestamp>396.355695</timestamp>
			</report>
			<report>
				<misses>1588001</misses>
				<total>23</total>
				<timestamp>396.605439</timestamp>
			</report>
			<report>
				<misses>1589001</misses>
				<total>23</total>
				<timestamp>396.855204</timestamp>
			</report>
			<report>
				<misses>1590001</misses>
				<total>23</total>
				<timestamp>397.104937</timestamp>
			</report>
			<report>
				<misses>1591001</misses>
				<total>23</total>
				<timestamp>397.354686</timestamp>
			</report>
			<report>
				<misses>1592001</misses>
				<total>23</total>
				<timestamp>397.604433</timestamp>
			</report>
			<report>
				<misses>1593001</misses>
				<total>23</total>
				<timestamp>397.854226</timestamp>
			</report>
			<report>
				<misses>1594001</misses>
				<total>23</total>
				<timestamp>398.103959</timestamp>
			</report>
			<report>
				<misses>1595001</misses>
				<total>23</total>
				<timestamp>398.353684</timestamp>
			</report>
			<report>
				<misses>1596001</misses>
				<total>22</total>
				<timestamp>398.603465</timestamp>
			</report>
			<report>
				<misses>1597001</misses>
				<total>23</total>
				<timestamp>398.853212</timestamp>
			</report>
			<report>
				<misses>1598001</misses>
				<total>23</total>
				<timestamp>399.102969</timestamp>
			</report>
			<report>
				<misses>1599001</misses>
				<total>23</total>
				<timestamp>399.352696</timestamp>
			</report>
			<report>
				<misses>1600001</misses>
				<total>23</total>
				<timestamp>399.602428</timestamp>
			</report>
			<report>
				<misses>1601001</misses>
				<total>23</total>
				<timestamp>399.852201</timestamp>
			</report>
			<report>
				<misses>1602001</misses>
				<total>23</total>
				<timestamp>400.101974</timestamp>
			</report>
			<report>
				<misses>1603001</misses>
				<total>23</total>
				<timestamp>400.351696</timestamp>
			</report>
			<report>
				<misses>1604001</misses>
				<total>23</total>
				<timestamp>400.601427</timestamp>
			</report>
			<report>
				<misses>1605001</misses>
				<total>23</total>
				<timestamp>400.851247</timestamp>
			</report>
			<report>
				<misses>1606001</misses>
				<total>23</total>
				<timestamp>401.100968</timestamp>
			</report>
			<report>
				<misses>1607001</misses>
				<total>23</total>
				<timestamp>401.350674</timestamp>
			</report>
			<report>
				<misses>1608001</misses>
				<total>23</total>
				<timestamp>401.600432</timestamp>
			</report>
			<report>
				<misses>1609001</misses>
				<total>23</total>
				<timestamp>401.850238</timestamp>
			</report>
			<report>
				<misses>1610001</misses>
				<total>23</total>
				<timestamp>402.099955</timestamp>
			</report>
			<report>
				<misses>1611001</misses>
				<total>23</total>
				<timestamp>402.349669</timestamp>
			</report>
			<report>
				<misses>1612001</misses>
				<total>23</total>
				<timestamp>402.599419</timestamp>
			</report>
			<report>
				<misses>1613001</misses>
				<total>23</total>
				<timestamp>402.849196</timestamp>
			</report>
			<report>
				<misses>1614001</misses>
				<total>23</total>
				<timestamp>403.098948</timestamp>
			</report>
			<report>
				<misses>1615001</misses>
				<total>23</total>
				<timestamp>403.348720</timestamp>
			</report>
			<report>
				<misses>1616001</misses>
				<total>23</total>
				<timestamp>403.598425</timestamp>
			</report>
			<report>
				<misses>1617001</misses>
				<total>23</total>
				<timestamp>403.848201</timestamp>
			</report>
			<report>
				<misses>1618001</misses>
				<total>23</total>
				<timestamp>404.097936</timestamp>
			</report>
			<report>
				<misses>1619001</misses>
				<total>23</total>
				<timestamp>404.347693</timestamp>
			</report>
			<report>
				<misses>1620001</misses>
				<total>23</total>
				<timestamp>404.597438</timestamp>
			</report>
			<report>
				<misses>1621001</misses>
				<total>23</total>
				<timestamp>404.847210</timestamp>
			</report>
			<report>
				<misses>1622001</misses>
				<total>23</total>
				<timestamp>405.096935</timestamp>
			</report>
			<report>
				<misses>1623001</misses>
				<total>23</total>
				<timestamp>405.346692</timestamp>
			</report>
			<report>
				<misses>1624001</misses>
				<total>23</total>
				<timestamp>405.596447</timestamp>
			</report>
			<report>
				<misses>1625001</misses>
				<total>23</total>
				<timestamp>405.846186</timestamp>
			</report>
			<report>
				<misses>1626001</misses>
				<total>23</total>
				<timestamp>406.095944</timestamp>
			</report>
			<report>
				<misses>1627001</misses>
				<total>23</total>
				<timestamp>406.345676</timestamp>
			</report>
			<report>
				<misses>1628001</misses>
				<total>23</total>
				<timestamp>406.595452</timestamp>
			</report>
			<report>
				<misses>1629001</misses>
				<total>23</total>
				<timestamp>406.845219</timestamp>
			</report>
			<report>
				<misses>1630001</misses>
				<total>23</total>
				<timestamp>407.094927</timestamp>
			</report>
			<report>
				<misses>1631001</misses>
				<total>23</total>
				<timestamp>407.344690</timestamp>
			</report>
			<report>
				<misses>1632001</misses>
				<total>23</total>
				<timestamp>407.594423</timestamp>
			</report>
			<report>
				<misses>1633001</misses>
				<total>23</total>
				<timestamp>407.844187</timestamp>
			</report>
			<report>
				<misses>1634001</misses>
				<total>23</total>
				<timestamp>408.093961</timestamp>
			</report>
			<report>
				<misses>1635001</misses>
				<total>23</total>
				<timestamp>408.343685</timestamp>
			</report>
			<report>
				<misses>1636001</misses>
				<total>23</total>
				<timestamp>408.593434</timestamp>
			</report>
			<report>
				<misses>1637001</misses>
				<total>23</total>
				<timestamp>408.843221</timestamp>
			</report>
			<report>
				<misses>1638001</misses>
				<total>23</total>
				<timestamp>409.092938</timestamp>
			</report>
			<report>
				<misses>1639001</misses>
				<total>23</total>
				<timestamp>409.342683</timestamp>
			</report>
			<report>
				<misses>1640001</misses>
				<total>23</total>
				<timestamp>409.592429</timestamp>
			</report>
			<report>
				<misses>1641001</misses>
				<total>23</total>
				<timestamp>409.842230</timestamp>
			</report>
			<report>
				<misses>1642001</misses>
				<total>23</total>
				<timestamp>410.091955</timestamp>
			</report>
			<report>
				<misses>1643001</misses>
				<total>23</total>
				<timestamp>410.341691</timestamp>
			</report>
			<report>
				<misses>1644001</misses>
				<total>23</total>
				<timestamp>410.591467</timestamp>
			</report>
			<report>
				<misses>1645001</misses>
				<total>23</total>
				<timestamp>410.841204</timestamp>
			</report>
			<report>
				<misses>1646001</misses>
				<total>22</total>
				<timestamp>411.090987</timestamp>
			</report>
			<report>
				<misses>1647001</misses>
				<total>23</total>
				<timestamp>411.340672</timestamp>
			</report>
			<report>
				<misses>1648001</misses>
				<total>23</total>
				<timestamp>411.590436</timestamp>
			</report>
			<report>
				<misses>1649001</misses>
				<total>23</total>
				<timestamp>411.840194</timestamp>
			</report>
			<report>
				<misses>1650001</misses>
				<total>23</total>
				<timestamp>412.089960</timestamp>
			</report>
			<report>
				<misses>1651001</misses>
				<total>23</total>
				<timestamp>412.339725</timestamp>
			</report>
			<report>
				<misses>1652001</misses>
				<total>23</total>
				<timestamp>412.589435</timestamp>
			</report>
			<report>
				<misses>1653001</misses>
				<total>23</total>
				<timestamp>412.839214</timestamp>
			</report>
			<report>
				<misses>1654001</misses>
				<total>23</total>
				<timestamp>413.088967</timestamp>
			</report>
			<report>
				<misses>1655001</misses>
				<total>23</total>
				<timestamp>413.338681</timestamp>
			</report>
			<report>
				<misses>1656001</misses>
				<total>23</total>
				<timestamp>413.588425</timestamp>
			</report>
			<report>
				<misses>1657001</misses>
				<total>23</total>
				<timestamp>413.838166</timestamp>
			</report>
			<report>
				<misses>1658001</misses>
				<total>23</total>
				<timestamp>414.087985</timestamp>
			</report>
			<report>
				<misses>1659001</misses>
				<total>23</total>
				<timestamp>414.337696</timestamp>
			</report>
			<report>
				<misses>1660001</misses>
				<total>23</total>
				<timestamp>414.587433</timestamp>
			</report>
			<report>
				<misses>1661001</misses>
				<total>23</total>
				<timestamp>414.837226</timestamp>
			</report>
			<report>
				<misses>1662001</misses>
				<total>23</total>
				<timestamp>415.086958</timestamp>
			</report>
			<report>
				<misses>1663001</misses>
				<total>23</total>
				<timestamp>415.336672</timestamp>
			</report>
			<report>
				<misses>1664001</misses>
				<total>23</total>
				<timestamp>415.586443</timestamp>
			</report>
			<report>
				<misses>1665001</misses>
				<total>23</total>
				<timestamp>415.836184</timestamp>
			</report>
			<report>
				<misses>1666001</misses>
				<total>23</total>
				<timestamp>416.085965</timestamp>
			</report>
			<report>
				<misses>1667001</misses>
				<total>23</total>
				<timestamp>416.335694</timestamp>
			</report>
			<report>
				<misses>1668001</misses>
				<total>23</total>
				<timestamp>416.585495</timestamp>
			</report>
			<report>
				<misses>1669001</misses>
				<total>23</total>
				<timestamp>416.835186</timestamp>
			</report>
			<report>
				<misses>1670001</misses>
				<total>23</total>
				<timestamp>417.084957</timestamp>
			</report>
			<report>
				<misses>1671001</misses>
				<total>23</total>
				<timestamp>417.334673</timestamp>
			</report>
			<report>
				<misses>1672001</misses>
				<total>23</total>
				<timestamp>417.584465</timestamp>
			</report>
			<report>
				<misses>1673001</misses>
				<total>23</total>
				<timestamp>417.834221</timestamp>
			</report>
			<report>
				<misses>1674001</misses>
				<total>23</total>
				<timestamp>418.084022</timestamp>
			</report>
			<report>
				<misses>1675001</misses>
				<total>23</total>
				<timestamp>418.333708</timestamp>
			</report>
			<report>
				<misses>1676001</misses>
				<total>23</total>
				<timestamp>418.583456</timestamp>
			</report>
			<report>
				<misses>1677001</misses>
				<total>23</total>
				<timestamp>418.833188</timestamp>
			</report>
			<report>
				<misses>1678001</misses>
				<total>23</total>
				<timestamp>419.082946</timestamp>
			</report>
			<report>
				<misses>1679001</misses>
				<total>23</total>
				<timestamp>419.332693</timestamp>
			</report>
			<report>
				<misses>1680001</misses>
				<total>23</total>
				<timestamp>419.582418</timestamp>
			</report>
			<report>
				<misses>1681001</misses>
				<total>23</total>
				<timestamp>419.832206</timestamp>
			</report>
			<report>
				<misses>1682001</misses>
				<total>23</total>
				<timestamp>420.081978</timestamp>
			</report>
			<report>
				<misses>1683001</misses>
				<total>23</total>
				<timestamp>420.331686</timestamp>
			</report>
			<report>
				<misses>1684001</misses>
				<total>23</total>
				<timestamp>420.581426</timestamp>
			</report>
			<report>
				<misses>1685001</misses>
				<total>23</total>
				<timestamp>420.831182</timestamp>
			</report>
			<report>
				<misses>1686001</misses>
				<total>23</total>
				<timestamp>421.080963</timestamp>
			</report>
			<report>
				<misses>1687001</misses>
				<total>23</total>
				<timestamp>421.330694</timestamp>
			</report>
			<report>
				<misses>1688001</misses>
				<total>23</total>
				<timestamp>421.580437</timestamp>
			</report>
			<report>
				<misses>1689001</misses>
				<total>23</total>
				<timestamp>421.830228</timestamp>
			</report>
			<report>
				<misses>1690001</misses>
				<total>23</total>
				<timestamp>422.079944</timestamp>
			</report>
			<report>
				<misses>1691001</misses>
				<total>23</total>
				<timestamp>422.329678</timestamp>
			</report>
			<report>
				<misses>1692001</misses>
				<total>23</total>
				<timestamp>422.579422</timestamp>
			</report>
			<report>
				<misses>1693001</misses>
				<total>23</total>
				<timestamp>422.829178</timestamp>
			</report>
			<report>
				<misses>1694001</misses>
				<total>23</total>
				<timestamp>423.078928</timestamp>
			</report>
			<report>
				<misses>1695001</misses>
				<total>23</total>
				<timestamp>423.328699</timestamp>
			</report>
			<report>
				<misses>1696001</misses>
				<total>23</total>
				<timestamp>423.578439</timestamp>
			</report>
			<report>
				<misses>1697001</misses>
				<total>23</total>
				<timestamp>423.828185</timestamp>
			</report>
			<report>
				<misses>1698001</misses>
				<total>23</total>
				<timestamp>424.077966</timestamp>
			</report>
			<report>
				<misses>1699001</misses>
				<total>23</total>
				<timestamp>424.327668</timestamp>
			</report>
			<report>
				<misses>1700001</misses>
				<total>23</total>
				<timestamp>424.577447</timestamp>
			</report>
			<report>
				<misses>1701001</misses>
				<total>23</total>
				<timestamp>424.827183</timestamp>
			</report>
			<report>
				<misses>1702001</misses>
				<total>23</total>
				<timestamp>425.076945</timestamp>
			</report>
			<report>
				<misses>1703001</misses>
				<total>23</total>
				<timestamp>425.326687</timestamp>
			</report>
			<report>
				<misses>1704001</misses>
				<total>23</total>
				<timestamp>425.576464</timestamp>
			</report>
			<report>
				<misses>1705001</misses>
				<total>23</total>
				<timestamp>425.826187</timestamp>
			</report>
			<report>
				<misses>1706001</misses>
				<total>23</total>
				<timestamp>426.075997</timestamp>
			</report>
			<report>
				<misses>1707001</misses>
				<total>23</total>
				<timestamp>426.325727</timestamp>
			</report>
			<report>
				<misses>1708001</misses>
				<total>23</total>
				<timestamp>426.575429</timestamp>
			</report>
			<report>
				<misses>1709001</misses>
				<total>23</total>
				<timestamp>426.825200</timestamp>
			</report>
			<report>
				<misses>1710001</misses>
				<total>23</total>
				<timestamp>427.074937</timestamp>
			</report>
			<report>
				<misses>1711001</misses>
				<total>23</total>
				<timestamp>427.324687</timestamp>
			</report>
			<report>
				<misses>1712001</misses>
				<total>23</total>
				<timestamp>427.574434</timestamp>
			</report>
			<report>
				<misses>1713001</misses>
				<total>23</total>
				<timestamp>427.824175</timestamp>
			</report>
			<report>
				<misses>1714001</misses>
				<total>23</total>
				<timestamp>428.073961</timestamp>
			</report>
			<report>
				<misses>1715001</misses>
				<total>23</total>
				<timestamp>428.323686</timestamp>
			</report>
			<report>
				<misses>1716001</misses>
				<total>24</total>
				<timestamp>428.573441</timestamp>
			</report>
			<report>
				<misses>1717001</misses>
				<total>24</total>
				<timestamp>428.823178</timestamp>
			</report>
			<report>
				<misses>1718001</misses>
				<total>24</total>
				<timestamp>429.072952</timestamp>
			</report>
			<report>
				<misses>1719001</misses>
				<total>24</total>
				<timestamp>429.322688</timestamp>
			</report>
			<report>
				<misses>1720001</misses>
				<total>24</total>
				<timestamp>429.572429</timestamp>
			</report>
			<report>
				<misses>1721001</misses>
				<total>24</total>
				<timestamp>429.822184</timestamp>
			</report>
			<report>
				<misses>1722001</misses>
				<total>24</total>
				<timestamp>430.072001</timestamp>
			</report>
			<report>
				<misses>1723001</misses>
				<total>24</total>
				<timestamp>430.321684</timestamp>
			</report>
			<report>
				<misses>1724001</misses>
				<total>24</total>
				<timestamp>430.571428</timestamp>
			</report>
			<report>
				<misses>1725001</misses>
				<total>24</total>
				<timestamp>430.821202</timestamp>
			</report>
			<report>
				<misses>1726001</misses>
				<total>24</total>
				<timestamp>431.070997</timestamp>
			</report>
			<report>
				<misses>1727001</misses>
				<total>24</total>
				<timestamp>431.320696</timestamp>
			</report>
			<report>
				<misses>1728001</misses>
				<total>24</total>
				<timestamp>431.570434</timestamp>
			</report>
			<report>
				<misses>1729001</misses>
				<total>24</total>
				<timestamp>431.820188</timestamp>
			</report>
			<report>
				<misses>1730001</misses>
				<total>25</total>
				<timestamp>432.069945</timestamp>
			</report>
			<report>
				<misses>1731001</misses>
				<total>25</total>
				<timestamp>432.319689</timestamp>
			</report>
			<report>
				<misses>1732001</misses>
				<total>25</total>
				<timestamp>432.569477</timestamp>
			</report>
			<report>
				<misses>1733001</misses>
				<total>25</total>
				<timestamp>432.819207</timestamp>
			</report>
			<report>
				<misses>1734001</misses>
				<total>25</total>
				<timestamp>433.068935</timestamp>
			</report>
			<report>
				<misses>1735001</misses>
				<total>25</total>
				<timestamp>433.318689</timestamp>
			</report>
			<report>
				<misses>1736001</misses>
				<total>25</total>
				<timestamp>433.568435</timestamp>
			</report>
			<report>
				<misses>1737001</misses>
				<total>25</total>
				<timestamp>433.818188</timestamp>
			</report>
			<report>
				<misses>1738001</misses>
				<total>25</total>
				<timestamp>434.067977</timestamp>
			</report>
			<report>
				<misses>1739001</misses>
				<total>24</total>
				<timestamp>434.317730</timestamp>
			</report>
			<report>
				<misses>1740001</misses>
				<total>25</total>
				<timestamp>434.567436</timestamp>
			</report>
			<report>
				<misses>1741001</misses>
				<total>25</total>
				<timestamp>434.817208</timestamp>
			</report>
			<report>
				<misses>1742001</misses>
				<total>25</total>
				<timestamp>435.066964</timestamp>
			</report>
			<report>
				<misses>1743001</misses>
				<total>25</total>
				<timestamp>435.316681</timestamp>
			</report>
			<report>
				<misses>1744001</misses>
				<total>25</total>
				<timestamp>435.566423</timestamp>
			</report>
			<report>
				<misses>1745001</misses>
				<total>25</total>
				<timestamp>435.816205</timestamp>
			</report>
			<report>
				<misses>1746001</misses>
				<total>25</total>
				<timestamp>436.065947</timestamp>
			</report>
			<report>
				<misses>1747001</misses>
				<total>25</total>
				<timestamp>436.315674</timestamp>
			</report>
			<report>
				<misses>1748001</misses>
				<total>25</total>
				<timestamp>436.565444</timestamp>
			</report>
			<report>
				<misses>1749001</misses>
				<total>25</total>
				<timestamp>436.815183</timestamp>
			</report>
			<report>
				<misses>1750001</misses>
				<total>25</total>
				<timestamp>437.064974</timestamp>
			</report>
			<report>
				<misses>1751001</misses>
				<total>26</total>
				<timestamp>437.314682</timestamp>
			</report>
			<report>
				<misses>1752001</misses>
				<total>26</total>
				<timestamp>437.564436</timestamp>
			</report>
			<report>
				<misses>1753001</misses>
				<total>26</total>
				<timestamp>437.814217</timestamp>
			</report>
			<report>
				<misses>1754001</misses>
				<total>26</total>
				<timestamp>438.063983</timestamp>
			</report>
			<report>
				<misses>1755001</misses>
				<total>26</total>
				<timestamp>438.313689</timestamp>
			</report>
			<report>
				<misses>1756001</misses>
				<total>26</total>
				<timestamp>438.563424</timestamp>
			</report>
			<report>
				<misses>1757001</misses>
				<total>26</total>
				<timestamp>438.813196</timestamp>
			</report>
			<report>
				<misses>1758001</misses>
				<total>26</total>
				<timestamp>439.062943</timestamp>
			</report>
			<report>
				<misses>1759001</misses>
				<total>26</total>
				<timestamp>439.312671</timestamp>
			</report>
			<report>
				<misses>1760001</misses>
				<total>26</total>
				<timestamp>439.562450</timestamp>
			</report>
			<report>
				<misses>1761001</misses>
				<total>26</total>
				<timestamp>439.812223</timestamp>
			</report>
			<report>
				<misses>1762001</misses>
				<total>26</total>
				<timestamp>440.061983</timestamp>
			</report>
			<report>
				<misses>1763001</misses>
				<total>26</total>
				<timestamp>440.311740</timestamp>
			</report>
			<report>
				<misses>1764001</misses>
				<total>26</total>
				<timestamp>440.561429</timestamp>
			</report>
			<report>
				<misses>1765001</misses>
				<total>26</total>
				<timestamp>440.811191</timestamp>
			</report>
			<report>
				<misses>1766001</misses>
				<total>26</total>
				<timestamp>441.060950</timestamp>
			</report>
			<report>
				<misses>1767001</misses>
				<total>26</total>
				<timestamp>441.310692</timestamp>
			</report>
			<report>
				<misses>1768001</misses>
				<total>26</total>
				<timestamp>441.560422</timestamp>
			</report>
			<report>
				<misses>1769001</misses>
				<total>25</total>
				<timestamp>441.810235</timestamp>
			</report>
			<report>
				<misses>1770001</misses>
				<total>26</total>
				<timestamp>442.059961</timestamp>
			</report>
			<report>
				<misses>1771001</misses>
				<total>26</total>
				<timestamp>442.309681</timestamp>
			</report>
			<report>
				<misses>1772001</misses>
				<total>26</total>
				<timestamp>442.559435</timestamp>
			</report>
			<report>
				<misses>1773001</misses>
				<total>26</total>
				<timestamp>442.809197</timestamp>
			</report>
			<report>
				<misses>1774001</misses>
				<total>26</total>
				<timestamp>443.058960</timestamp>
			</report>
			<report>
				<misses>1775001</misses>
				<total>26</total>
				<timestamp>443.308680</timestamp>
			</report>
			<report>
				<misses>1776001</misses>
				<total>26</total>
				<timestamp>443.558427</timestamp>
			</report>
			<report>
				<misses>1777001</misses>
				<total>26</total>
				<timestamp>443.808176</timestamp>
			</report>
			<report>
				<misses>1778001</misses>
				<total>26</total>
				<timestamp>444.057947</timestamp>
			</report>
			<report>
				<misses>1779001</misses>
				<total>26</total>
				<timestamp>444.307691</timestamp>
			</report>
			<report>
				<misses>1780001</misses>
				<total>26</total>
				<timestamp>444.557420</timestamp>
			</report>
			<report>
				<misses>1781001</misses>
				<total>26</total>
				<timestamp>444.807172</timestamp>
			</report>
			<report>
				<misses>1782001</misses>
				<total>26</total>
				<timestamp>445.056952</timestamp>
			</report>
			<report>
				<misses>1783001</misses>
				<total>26</total>
				<timestamp>445.306691</timestamp>
			</report>
			<report>
				<misses>1784001</misses>
				<total>26</total>
				<timestamp>445.556442</timestamp>
			</report>
			<report>
				<misses>1785001</misses>
				<total>26</total>
				<timestamp>445.806174</timestamp>
			</report>
			<report>
				<misses>1786001</misses>
				<total>26</total>
				<timestamp>446.055946</timestamp>
			</report>
			<report>
				<misses>1787001</misses>
				<total>26</total>
				<timestamp>446.305723</timestamp>
			</report>
			<report>
				<misses>1788001</misses>
				<total>26</total>
				<timestamp>446.555434</timestamp>
			</report>
			<report>
				<misses>1789001</misses>
				<total>26</total>
				<timestamp>446.805181</timestamp>
			</report>
			<report>
				<misses>1790001</misses>
				<total>26</total>
				<timestamp>447.054969</timestamp>
			</report>
			<report>
				<misses>1791001</misses>
				<total>26</total>
				<timestamp>447.304691</timestamp>
			</report>
			<report>
				<misses>1792001</misses>
				<total>26</total>
				<timestamp>447.554422</timestamp>
			</report>
			<report>
				<misses>1793001</misses>
				<total>26</total>
				<timestamp>447.804231</timestamp>
			</report>
			<report>
				<misses>1794001</misses>
				<total>26</total>
				<timestamp>448.053974</timestamp>
			</report>
			<report>
				<misses>1795001</misses>
				<total>26</total>
				<timestamp>448.303711</timestamp>
			</report>
			<report>
				<misses>1796001</misses>
				<total>26</total>
				<timestamp>448.553442</timestamp>
			</report>
			<report>
				<misses>1797001</misses>
				<total>26</total>
				<timestamp>448.803197</timestamp>
			</report>
			<report>
				<misses>1798001</misses>
				<total>26</total>
				<timestamp>449.052941</timestamp>
			</report>
			<report>
				<misses>1799001</misses>
				<total>26</total>
				<timestamp>449.302685</timestamp>
			</report>
			<report>
				<misses>1800001</misses>
				<total>26</total>
				<timestamp>449.552435</timestamp>
			</report>
			<report>
				<misses>1801001</misses>
				<total>26</total>
				<timestamp>449.802211</timestamp>
			</report>
			<report>
				<misses>1802001</misses>
				<total>26</total>
				<timestamp>450.051960</timestamp>
			</report>
			<report>
				<misses>1803001</misses>
				<total>26</total>
				<timestamp>450.301711</timestamp>
			</report>
			<report>
				<misses>1804001</misses>
				<total>26</total>
				<timestamp>450.551490</timestamp>
			</report>
			<report>
				<misses>1805001</misses>
				<total>26</total>
				<timestamp>450.801185</timestamp>
			</report>
			<report>
				<misses>1806001</misses>
				<total>26</total>
				<timestamp>451.050928</timestamp>
			</report>
			<report>
				<misses>1807001</misses>
				<total>26</total>
				<timestamp>451.300746</timestamp>
			</report>
			<report>
				<misses>1808001</misses>
				<total>26</total>
				<timestamp>451.550462</timestamp>
			</report>
			<report>
				<misses>1809001</misses>
				<total>26</total>
				<timestamp>451.800172</timestamp>
			</report>
			<report>
				<misses>1810001</misses>
				<total>26</total>
				<timestamp>452.049949</timestamp>
			</report>
			<report>
				<misses>1811001</misses>
				<total>26</total>
				<timestamp>452.299677</timestamp>
			</report>
			<report>
				<misses>1812001</misses>
				<total>26</total>
				<timestamp>452.549433</timestamp>
			</report>
			<report>
				<misses>1813001</misses>
				<total>26</total>
				<timestamp>452.799178</timestamp>
			</report>
			<report>
				<misses>1814001</misses>
				<total>26</total>
				<timestamp>453.048930</timestamp>
			</report>
			<report>
				<misses>1815001</misses>
				<total>26</total>
				<timestamp>453.298673</timestamp>
			</report>
			<report>
				<misses>1816001</misses>
				<total>26</total>
				<timestamp>453.548421</timestamp>
			</report>
			<report>
				<misses>1817001</misses>
				<total>26</total>
				<timestamp>453.798186</timestamp>
			</report>
			<report>
				<misses>1818001</misses>
				<total>26</total>
				<timestamp>454.047918</timestamp>
			</report>
			<report>
				<misses>1819001</misses>
				<total>26</total>
				<timestamp>454.297718</timestamp>
			</report>
			<report>
				<misses>1820001</misses>
				<total>26</total>
				<timestamp>454.547432</timestamp>
			</report>
			<report>
				<misses>1821001</misses>
				<total>26</total>
				<timestamp>454.797176</timestamp>
			</report>
			<report>
				<misses>1822001</misses>
				<total>26</total>
				<timestamp>455.046921</timestamp>
			</report>
			<report>
				<misses>1823001</misses>
				<total>26</total>
				<timestamp>455.296720</timestamp>
			</report>
			<report>
				<misses>1824001</misses>
				<total>26</total>
				<timestamp>455.546441</timestamp>
			</report>
			<report>
				<misses>1825001</misses>
				<total>26</total>
				<timestamp>455.796182</timestamp>
			</report>
			<report>
				<misses>1826001</misses>
				<total>26</total>
				<timestamp>456.045934</timestamp>
			</report>
			<report>
				<misses>1827001</misses>
				<total>26</total>
				<timestamp>456.295697</timestamp>
			</report>
			<report>
				<misses>1828001</misses>
				<total>26</total>
				<timestamp>456.545451</timestamp>
			</report>
			<report>
				<misses>1829001</misses>
				<total>26</total>
				<timestamp>456.795204</timestamp>
			</report>
			<report>
				<misses>1830001</misses>
				<total>26</total>
				<timestamp>457.044933</timestamp>
			</report>
			<report>
				<misses>1831001</misses>
				<total>26</total>
				<timestamp>457.294712</timestamp>
			</report>
			<report>
				<misses>1832001</misses>
				<total>26</total>
				<timestamp>457.544451</timestamp>
			</report>
			<report>
				<misses>1833001</misses>
				<total>26</total>
				<timestamp>457.794190</timestamp>
			</report>
			<report>
				<misses>1834001</misses>
				<total>26</total>
				<timestamp>458.043938</timestamp>
			</report>
			<report>
				<misses>1835001</misses>
				<total>26</total>
				<timestamp>458.293730</timestamp>
			</report>
			<report>
				<misses>1836001</misses>
				<total>26</total>
				<timestamp>458.543438</timestamp>
			</report>
			<report>
				<misses>1837001</misses>
				<total>28</total>
				<timestamp>458.793177</timestamp>
			</report>
			<report>
				<misses>1838001</misses>
				<total>28</total>
				<timestamp>459.042940</timestamp>
			</report>
			<report>
				<misses>1839001</misses>
				<total>28</total>
				<timestamp>459.292719</timestamp>
			</report>
			<report>
				<misses>1840001</misses>
				<total>28</total>
				<timestamp>459.542460</timestamp>
			</report>
			<report>
				<misses>1841001</misses>
				<total>28</total>
				<timestamp>459.792173</timestamp>
			</report>
			<report>
				<misses>1842001</misses>
				<total>28</total>
				<timestamp>460.041960</timestamp>
			</report>
			<report>
				<misses>1843001</misses>
				<total>28</total>
				<timestamp>460.291725</timestamp>
			</report>
			<report>
				<misses>1844001</misses>
				<total>28</total>
				<timestamp>460.541446</timestamp>
			</report>
			<report>
				<misses>1845001</misses>
				<total>28</total>
				<timestamp>460.791180</timestamp>
			</report>
			<report>
				<misses>1846001</misses>
				<total>28</total>
				<timestamp>461.040920</timestamp>
			</report>
			<report>
				<misses>1847001</misses>
				<total>28</total>
				<timestamp>461.290708</timestamp>
			</report>
			<report>
				<misses>1848001</misses>
				<total>28</total>
				<timestamp>461.540437</timestamp>
			</report>
			<report>
				<misses>1849001</misses>
				<total>28</total>
				<timestamp>461.790174</timestamp>
			</report>
			<report>
				<misses>1850001</misses>
				<total>28</total>
				<timestamp>462.039945</timestamp>
			</report>
			<report>
				<misses>1851001</misses>
				<total>28</total>
				<timestamp>462.289698</timestamp>
			</report>
			<report>
				<misses>1852001</misses>
				<total>28</total>
				<timestamp>462.539438</timestamp>
			</report>
			<report>
				<misses>1853001</misses>
				<total>28</total>
				<timestamp>462.789173</timestamp>
			</report>
			<report>
				<misses>1854001</misses>
				<total>28</total>
				<timestamp>463.038940</timestamp>
			</report>
			<report>
				<misses>1855001</misses>
				<total>28</total>
				<timestamp>463.288737</timestamp>
			</report>
			<report>
				<misses>1856001</misses>
				<total>28</total>
				<timestamp>463.538460</timestamp>
			</report>
			<report>
				<misses>1857001</misses>
				<total>28</total>
				<timestamp>463.788223</timestamp>
			</report>
			<report>
				<misses>1858001</misses>
				<total>28</total>
				<timestamp>464.037932</timestamp>
			</report>
			<report>
				<misses>1859001</misses>
				<total>28</total>
				<timestamp>464.287685</timestamp>
			</report>
			<report>
				<misses>1860001</misses>
				<total>28</total>
				<timestamp>464.537444</timestamp>
			</report>
			<report>
				<misses>1861001</misses>
				<total>28</total>
				<timestamp>464.787223</timestamp>
			</report>
			<report>
				<misses>1862001</misses>
				<total>28</total>
				<timestamp>465.036968</timestamp>
			</report>
			<report>
				<misses>1863001</misses>
				<total>28</total>
				<timestamp>465.286687</timestamp>
			</report>
			<report>
				<misses>1864001</misses>
				<total>28</total>
				<timestamp>465.536439</timestamp>
			</report>
			<report>
				<misses>1865001</misses>
				<total>28</total>
				<timestamp>465.786184</timestamp>
			</report>
			<report>
				<misses>1866001</misses>
				<total>28</total>
				<timestamp>466.035940</timestamp>
			</report>
			<report>
				<misses>1867001</misses>
				<total>28</total>
				<timestamp>466.285707</timestamp>
			</report>
			<report>
				<misses>1868001</misses>
				<total>28</total>
				<timestamp>466.535425</timestamp>
			</report>
			<report>
				<misses>1869001</misses>
				<total>30</total>
				<timestamp>466.785183</timestamp>
			</report>
			<report>
				<misses>1870001</misses>
				<total>30</total>
				<timestamp>467.034958</timestamp>
			</report>
			<report>
				<misses>1871001</misses>
				<total>30</total>
				<timestamp>467.284688</timestamp>
			</report>
			<report>
				<misses>1872001</misses>
				<total>30</total>
				<timestamp>467.534424</timestamp>
			</report>
			<report>
				<misses>1873001</misses>
				<total>30</total>
				<timestamp>467.784180</timestamp>
			</report>
			<report>
				<misses>1874001</misses>
				<total>30</total>
				<timestamp>468.033970</timestamp>
			</report>
			<report>
				<misses>1875001</misses>
				<total>30</total>
				<timestamp>468.283679</timestamp>
			</report>
			<report>
				<misses>1876001</misses>
				<total>30</total>
				<timestamp>468.533435</timestamp>
			</report>
			<report>
				<misses>1877001</misses>
				<total>30</total>
				<timestamp>468.783186</timestamp>
			</report>
			<report>
				<misses>1878001</misses>
				<total>30</total>
				<timestamp>469.032921</timestamp>
			</report>
			<report>
				<misses>1879001</misses>
				<total>30</total>
				<timestamp>469.282692</timestamp>
			</report>
			<report>
				<misses>1880001</misses>
				<total>30</total>
				<timestamp>469.532431</timestamp>
			</report>
			<report>
				<misses>1881001</misses>
				<total>30</total>
				<timestamp>469.782179</timestamp>
			</report>
			<report>
				<misses>1882001</misses>
				<total>30</total>
				<timestamp>470.031935</timestamp>
			</report>
			<report>
				<misses>1883001</misses>
				<total>30</total>
				<timestamp>470.281721</timestamp>
			</report>
			<report>
				<misses>1884001</misses>
				<total>30</total>
				<timestamp>470.531421</timestamp>
			</report>
			<report>
				<misses>1885001</misses>
				<total>30</total>
				<timestamp>470.781187</timestamp>
			</report>
			<report>
				<misses>1886001</misses>
				<total>30</total>
				<timestamp>471.030950</timestamp>
			</report>
			<report>
				<misses>1887001</misses>
				<total>30</total>
				<timestamp>471.280692</timestamp>
			</report>
			<report>
				<misses>1888001</misses>
				<total>30</total>
				<timestamp>471.530427</timestamp>
			</report>
			<report>
				<misses>1889001</misses>
				<total>30</total>
				<timestamp>471.780181</timestamp>
			</report>
			<report>
				<misses>1890001</misses>
				<total>30</total>
				<timestamp>472.029935</timestamp>
			</report>
			<report>
				<misses>1891001</misses>
				<total>30</total>
				<timestamp>472.279682</timestamp>
			</report>
			<report>
				<misses>1892001</misses>
				<total>30</total>
				<timestamp>472.529432</timestamp>
			</report>
			<report>
				<misses>1893001</misses>
				<total>30</total>
				<timestamp>472.779171</timestamp>
			</report>
			<report>
				<misses>1894001</misses>
				<total>30</total>
				<timestamp>473.028938</timestamp>
			</report>
			<report>
				<misses>1895001</misses>
				<total>30</total>
				<timestamp>473.278688</timestamp>
			</report>
			<report>
				<misses>1896001</misses>
				<total>30</total>
				<timestamp>473.528467</timestamp>
			</report>
			<report>
				<misses>1897001</misses>
				<total>30</total>
				<timestamp>473.778190</timestamp>
			</report>
			<report>
				<misses>1898001</misses>
				<total>30</total>
				<timestamp>474.027924</timestamp>
			</report>
			<report>
				<misses>1899001</misses>
				<total>30</total>
				<timestamp>474.277668</timestamp>
			</report>
			<report>
				<misses>1900001</misses>
				<total>30</total>
				<timestamp>474.527431</timestamp>
			</report>
			<report>
				<misses>1901001</misses>
				<total>30</total>
				<timestamp>474.777201</timestamp>
			</report>
			<report>
				<misses>1902001</misses>
				<total>30</total>
				<timestamp>475.026943</timestamp>
			</report>
			<report>
				<misses>1903001</misses>
				<total>30</total>
				<timestamp>475.276702</timestamp>
			</report>
			<report>
				<misses>1904001</misses>
				<total>30</total>
				<timestamp>475.526438</timestamp>
			</report>
			<report>
				<misses>1905001</misses>
				<total>30</total>
				<timestamp>475.776165</timestamp>
			</report>
			<report>
				<misses>1906001</misses>
				<total>30</total>
				<timestamp>476.026012</timestamp>
			</report>
			<report>
				<misses>1907001</misses>
				<total>30</total>
				<timestamp>476.275681</timestamp>
			</report>
			<report>
				<misses>1908001</misses>
				<total>30</total>
				<timestamp>476.525435</timestamp>
			</report>
			<report>
				<misses>1909001</misses>
				<total>30</total>
				<timestamp>476.775169</timestamp>
			</report>
			<report>
				<misses>1910001</misses>
				<total>30</total>
				<timestamp>477.024938</timestamp>
			</report>
			<report>
				<misses>1911001</misses>
				<total>30</total>
				<timestamp>477.274718</timestamp>
			</report>
			<report>
				<misses>1912001</misses>
				<total>30</total>
				<timestamp>477.524414</timestamp>
			</report>
			<report>
				<misses>1913001</misses>
				<total>30</total>
				<timestamp>477.774202</timestamp>
			</report>
			<report>
				<misses>1914001</misses>
				<total>30</total>
				<timestamp>478.023939</timestamp>
			</report>
			<report>
				<misses>1915001</misses>
				<total>30</total>
				<timestamp>478.273700</timestamp>
			</report>
			<report>
				<misses>1916001</misses>
				<total>30</total>
				<timestamp>478.523442</timestamp>
			</report>
			<report>
				<misses>1917001</misses>
				<total>30</total>
				<timestamp>478.773166</timestamp>
			</report>
			<report>
				<misses>1918001</misses>
				<total>30</total>
				<timestamp>479.022913</timestamp>
			</report>
			<report>
				<misses>1919001</misses>
				<total>30</total>
				<timestamp>479.272702</timestamp>
			</report>
			<report>
				<misses>1920001</misses>
				<total>30</total>
				<timestamp>479.522421</timestamp>
			</report>
			<report>
				<misses>1921001</misses>
				<total>30</total>
				<timestamp>479.772170</timestamp>
			</report>
			<report>
				<misses>1922001</misses>
				<total>30</total>
				<timestamp>480.021929</timestamp>
			</report>
			<report>
				<misses>1923001</misses>
				<total>30</total>
				<timestamp>480.271693</timestamp>
			</report>
			<report>
				<misses>1924001</misses>
				<total>30</total>
				<timestamp>480.521433</timestamp>
			</report>
			<report>
				<misses>1925001</misses>
				<total>30</total>
				<timestamp>480.771179</timestamp>
			</report>
			<report>
				<misses>1926001</misses>
				<total>30</total>
				<timestamp>481.020921</timestamp>
			</report>
			<report>
				<misses>1927001</misses>
				<total>30</total>
				<timestamp>481.270701</timestamp>
			</report>
			<report>
				<misses>1928001</misses>
				<total>30</total>
				<timestamp>481.520416</timestamp>
			</report>
			<report>
				<misses>1929001</misses>
				<total>30</total>
				<timestamp>481.770191</timestamp>
			</report>
			<report>
				<misses>1930001</misses>
				<total>29</total>
				<timestamp>482.019942</timestamp>
			</report>
			<report>
				<misses>1931001</misses>
				<total>30</total>
				<timestamp>482.269691</timestamp>
			</report>
			<report>
				<misses>1932001</misses>
				<total>30</total>
				<timestamp>482.519429</timestamp>
			</report>
			<report>
				<misses>1933001</misses>
				<total>30</total>
				<timestamp>482.769192</timestamp>
			</report>
			<report>
				<misses>1934001</misses>
				<total>30</total>
				<timestamp>483.018932</timestamp>
			</report>
			<report>
				<misses>1935001</misses>
				<total>30</total>
				<timestamp>483.268724</timestamp>
			</report>
			<report>
				<misses>1936001</misses>
				<total>30</total>
				<timestamp>483.518430</timestamp>
			</report>
			<report>
				<misses>1937001</misses>
				<total>30</total>
				<timestamp>483.768186</timestamp>
			</report>
			<report>
				<misses>1938001</misses>
				<total>30</total>
				<timestamp>484.017929</timestamp>
			</report>
			<report>
				<misses>1939001</misses>
				<total>30</total>
				<timestamp>484.267677</timestamp>
			</report>
			<report>
				<misses>1940001</misses>
				<total>30</total>
				<timestamp>484.517429</timestamp>
			</report>
			<report>
				<misses>1941001</misses>
				<total>30</total>
				<timestamp>484.767174</timestamp>
			</report>
			<report>
				<misses>1942001</misses>
				<total>30</total>
				<timestamp>485.016915</timestamp>
			</report>
			<report>
				<misses>1943001</misses>
				<total>30</total>
				<timestamp>485.266686</timestamp>
			</report>
			<report>
				<misses>1944001</misses>
				<total>30</total>
				<timestamp>485.516442</timestamp>
			</report>
			<report>
				<misses>1945001</misses>
				<total>30</total>
				<timestamp>485.766173</timestamp>
			</report>
			<report>
				<misses>1946001</misses>
				<total>30</total>
				<timestamp>486.015957</timestamp>
			</report>
			<report>
				<misses>1947001</misses>
				<total>30</total>
				<timestamp>486.265687</timestamp>
			</report>
			<report>
				<misses>1948001</misses>
				<total>30</total>
				<timestamp>486.515445</timestamp>
			</report>
			<report>
				<misses>1949001</misses>
				<total>30</total>
				<timestamp>486.765172</timestamp>
			</report>
			<report>
				<misses>1950001</misses>
				<total>30</total>
				<timestamp>487.014922</timestamp>
			</report>
			<report>
				<misses>1951001</misses>
				<total>30</total>
				<timestamp>487.264691</timestamp>
			</report>
			<report>
				<misses>1952001</misses>
				<total>30</total>
				<timestamp>487.514453</timestamp>
			</report>
			<report>
				<misses>1953001</misses>
				<total>30</total>
				<timestamp>487.764214</timestamp>
			</report>
			<report>
				<misses>1954001</misses>
				<total>30</total>
				<timestamp>488.013951</timestamp>
			</report>
			<report>
				<misses>1955001</misses>
				<total>30</total>
				<timestamp>488.263705</timestamp>
			</report>
			<report>
				<misses>1956001</misses>
				<total>30</total>
				<timestamp>488.513442</timestamp>
			</report>
			<report>
				<misses>1957001</misses>
				<total>30</total>
				<timestamp>488.763177</timestamp>
			</report>
			<report>
				<misses>1958001</misses>
				<total>30</total>
				<timestamp>489.012931</timestamp>
			</report>
			<report>
				<misses>1959001</misses>
				<total>30</total>
				<timestamp>489.262674</timestamp>
			</report>
			<report>
				<misses>1960001</misses>
				<total>30</total>
				<timestamp>489.512449</timestamp>
			</report>
			<report>
				<misses>1961001</misses>
				<total>30</total>
				<timestamp>489.762164</timestamp>
			</report>
			<report>
				<misses>1962001</misses>
				<total>30</total>
				<timestamp>490.011937</timestamp>
			</report>
			<report>
				<misses>1963001</misses>
				<total>30</total>
				<timestamp>490.261703</timestamp>
			</report>
			<report>
				<misses>1964001</misses>
				<total>30</total>
				<timestamp>490.511441</timestamp>
			</report>
			<report>
				<misses>1965001</misses>
				<total>30</total>
				<timestamp>490.761194</timestamp>
			</report>
			<report>
				<misses>1966001</misses>
				<total>30</total>
				<timestamp>491.010955</timestamp>
			</report>
			<report>
				<misses>1967001</misses>
				<total>30</total>
				<timestamp>491.260689</timestamp>
			</report>
			<report>
				<misses>1968001</misses>
				<total>30</total>
				<timestamp>491.510479</timestamp>
			</report>
			<report>
				<misses>1969001</misses>
				<total>30</total>
				<timestamp>491.760214</timestamp>
			</report>
			<report>
				<misses>1970001</misses>
				<total>30</total>
				<timestamp>492.009960</timestamp>
			</report>
			<report>
				<misses>1971001</misses>
				<total>30</total>
				<timestamp>492.259684</timestamp>
			</report>
			<report>
				<misses>1972001</misses>
				<total>30</total>
				<timestamp>492.509464</timestamp>
			</report>
			<report>
				<misses>1973001</misses>
				<total>30</total>
				<timestamp>492.759179</timestamp>
			</report>
			<report>
				<misses>1974001</misses>
				<total>30</total>
				<timestamp>493.008952</timestamp>
			</report>
			<report>
				<misses>1975001</misses>
				<total>30</total>
				<timestamp>493.258674</timestamp>
			</report>
			<report>
				<misses>1976001</misses>
				<total>29</total>
				<timestamp>493.508462</timestamp>
			</report>
			<report>
				<misses>1977001</misses>
				<total>30</total>
				<timestamp>493.758179</timestamp>
			</report>
			<report>
				<misses>1978001</misses>
				<total>30</total>
				<timestamp>494.007934</timestamp>
			</report>
			<report>
				<misses>1979001</misses>
				<total>30</total>
				<timestamp>494.257676</timestamp>
			</report>
			<report>
				<misses>1980001</misses>
				<total>30</total>
				<timestamp>494.507469</timestamp>
			</report>
			<report>
				<misses>1981001</misses>
				<total>30</total>
				<timestamp>494.757216</timestamp>
			</report>
			<report>
				<misses>1982001</misses>
				<total>30</total>
				<timestamp>495.006956</timestamp>
			</report>
			<report>
				<misses>1983001</misses>
				<total>30</total>
				<timestamp>495.256681</timestamp>
			</report>
			<report>
				<misses>1984001</misses>
				<total>30</total>
				<timestamp>495.506461</timestamp>
			</report>
			<report>
				<misses>1985001</misses>
				<total>30</total>
				<timestamp>495.756194</timestamp>
			</report>
			<report>
				<misses>1986001</misses>
				<total>30</total>
				<timestamp>496.005932</timestamp>
			</report>
			<report>
				<misses>1987001</misses>
				<total>30</total>
				<timestamp>496.255671</timestamp>
			</report>
			<report>
				<misses>1988001</misses>
				<total>32</total>
				<timestamp>496.505468</timestamp>
			</report>
			<report>
				<misses>1989001</misses>
				<total>32</total>
				<timestamp>496.755175</timestamp>
			</report>
			<report>
				<misses>1990001</misses>
				<total>32</total>
				<timestamp>497.004940</timestamp>
			</report>
			<report>
				<misses>1991001</misses>
				<total>32</total>
				<timestamp>497.254688</timestamp>
			</report>
			<report>
				<misses>1992001</misses>
				<total>32</total>
				<timestamp>497.504453</timestamp>
			</report>
			<report>
				<misses>1993001</misses>
				<total>32</total>
				<timestamp>497.754199</timestamp>
			</report>
			<report>
				<misses>1994001</misses>
				<total>32</total>
				<timestamp>498.003943</timestamp>
			</report>
			<report>
				<misses>1995001</misses>
				<total>34</total>
				<timestamp>498.253688</timestamp>
			</report>
			<report>
				<misses>1996001</misses>
				<total>34</total>
				<timestamp>498.503478</timestamp>
			</report>
			<report>
				<misses>1997001</misses>
				<total>34</total>
				<timestamp>498.753173</timestamp>
			</report>
			<report>
				<misses>1998001</misses>
				<total>34</total>
				<timestamp>499.002928</timestamp>
			</report>
			<report>
				<misses>1999001</misses>
				<total>34</total>
				<timestamp>499.252688</timestamp>
			</report>
			<report>
				<misses>2000001</misses>
				<total>34</total>
				<timestamp>499.502454</timestamp>
			</report>
			<report>
				<misses>2001001</misses>
				<total>34</total>
				<timestamp>499.752177</timestamp>
			</report>
			<report>
				<misses>2002001</misses>
				<total>34</total>
				<timestamp>500.001976</timestamp>
			</report>
			<report>
				<misses>2003001</misses>
				<total>34</total>
				<timestamp>500.251687</timestamp>
			</report>
			<report>
				<misses>2004001</misses>
				<total>34</total>
				<timestamp>500.501466</timestamp>
			</report>
			<report>
				<misses>2005001</misses>
				<total>34</total>
				<timestamp>500.751192</timestamp>
			</report>
			<report>
				<misses>2006001</misses>
				<total>34</total>
				<timestamp>501.000935</timestamp>
			</report>
			<report>
				<misses>2007001</misses>
				<total>34</total>
				<timestamp>501.250679</timestamp>
			</report>
			<report>
				<misses>2008001</misses>
				<total>34</total>
				<timestamp>501.500460</timestamp>
			</report>
			<report>
				<misses>2009001</misses>
				<total>34</total>
				<timestamp>501.750178</timestamp>
			</report>
			<report>
				<misses>2010001</misses>
				<total>34</total>
				<timestamp>501.999932</timestamp>
			</report>
			<report>
				<misses>2011001</misses>
				<total>34</total>
				<timestamp>502.249686</timestamp>
			</report>
			<report>
				<misses>2012001</misses>
				<total>36</total>
				<timestamp>502.499426</timestamp>
			</report>
			<report>
				<misses>2013001</misses>
				<total>36</total>
				<timestamp>502.749189</timestamp>
			</report>
			<report>
				<misses>2014001</misses>
				<total>36</total>
				<timestamp>502.998938</timestamp>
			</report>
			<report>
				<misses>2015001</misses>
				<total>36</total>
				<timestamp>503.248680</timestamp>
			</report>
			<report>
				<misses>2016001</misses>
				<total>36</total>
				<timestamp>503.498449</timestamp>
			</report>
			<report>
				<misses>2017001</misses>
				<total>36</total>
				<timestamp>503.748188</timestamp>
			</report>
			<report>
				<misses>2018001</misses>
				<total>38</total>
				<timestamp>503.997940</timestamp>
			</report>
			<report>
				<misses>2019001</misses>
				<total>38</total>
				<timestamp>504.247691</timestamp>
			</report>
			<report>
				<misses>2020001</misses>
				<total>38</total>
				<timestamp>504.497450</timestamp>
			</report>
			<report>
				<misses>2021001</misses>
				<total>38</total>
				<timestamp>504.747179</timestamp>
			</report>
			<report>
				<misses>2022001</misses>
				<total>38</total>
				<timestamp>504.996962</timestamp>
			</report>
			<report>
				<misses>2023001</misses>
				<total>38</total>
				<timestamp>505.246680</timestamp>
			</report>
			<report>
				<misses>2024001</misses>
				<total>38</total>
				<timestamp>505.496451</timestamp>
			</report>
			<report>
				<misses>2025001</misses>
				<total>38</total>
				<timestamp>505.746179</timestamp>
			</report>
			<report>
				<misses>2026001</misses>
				<total>38</total>
				<timestamp>505.995922</timestamp>
			</report>
			<report>
				<misses>2027001</misses>
				<total>38</total>
				<timestamp>506.245672</timestamp>
			</report>
			<report>
				<misses>2028001</misses>
				<total>38</total>
				<timestamp>506.495430</timestamp>
			</report>
			<report>
				<misses>2029001</misses>
				<total>38</total>
				<timestamp>506.745205</timestamp>
			</report>
			<report>
				<misses>2030001</misses>
				<total>38</total>
				<timestamp>506.994928</timestamp>
			</report>
			<report>
				<misses>2031001</misses>
				<total>38</total>
				<timestamp>507.244679</timestamp>
			</report>
			<report>
				<misses>2032001</misses>
				<total>38</total>
				<timestamp>507.494476</timestamp>
			</report>
			<report>
				<misses>2033001</misses>
				<total>38</total>
				<timestamp>507.744184</timestamp>
			</report>
			<report>
				<misses>2034001</misses>
				<total>38</total>
				<timestamp>507.993951</timestamp>
			</report>
			<report>
				<misses>2035001</misses>
				<total>38</total>
				<timestamp>508.243693</timestamp>
			</report>
			<report>
				<misses>2036001</misses>
				<total>38</total>
				<timestamp>508.493451</timestamp>
			</report>
			<report>
				<misses>2037001</misses>
				<total>38</total>
				<timestamp>508.743188</timestamp>
			</report>
			<report>
				<misses>2038001</misses>
				<total>38</total>
				<timestamp>508.992942</timestamp>
			</report>
			<report>
				<misses>2039001</misses>
				<total>38</total>
				<timestamp>509.242672</timestamp>
			</report>
			<report>
				<misses>2040001</misses>
				<total>38</total>
				<timestamp>509.492445</timestamp>
			</report>
			<report>
				<misses>2041001</misses>
				<total>38</total>
				<timestamp>509.742181</timestamp>
			</report>
			<report>
				<misses>2042001</misses>
				<total>38</total>
				<timestamp>509.991951</timestamp>
			</report>
			<report>
				<misses>2043001</misses>
				<total>38</total>
				<timestamp>510.241681</timestamp>
			</report>
			<report>
				<misses>2044001</misses>
				<total>38</total>
				<timestamp>510.491447</timestamp>
			</report>
			<report>
				<misses>2045001</misses>
				<total>38</total>
				<timestamp>510.741181</timestamp>
			</report>
			<report>
				<misses>2046001</misses>
				<total>38</total>
				<timestamp>510.990919</timestamp>
			</report>
			<report>
				<misses>2047001</misses>
				<total>38</total>
				<timestamp>511.240692</timestamp>
			</report>
			<report>
				<misses>2048001</misses>
				<total>38</total>
				<timestamp>511.490431</timestamp>
			</report>
			<report>
				<misses>2049001</misses>
				<total>38</total>
				<timestamp>511.740193</timestamp>
			</report>
			<report>
				<misses>2050001</misses>
				<total>38</total>
				<timestamp>511.989938</timestamp>
			</report>
			<report>
				<misses>2051001</misses>
				<total>38</total>
				<timestamp>512.239680</timestamp>
			</report>
			<report>
				<misses>2052001</misses>
				<total>39</total>
				<timestamp>512.489455</timestamp>
			</report>
			<report>
				<misses>2053001</misses>
				<total>39</total>
				<timestamp>512.739170</timestamp>
			</report>
			<report>
				<misses>2054001</misses>
				<total>39</total>
				<timestamp>512.988945</timestamp>
			</report>
			<report>
				<misses>2055001</misses>
				<total>39</total>
				<timestamp>513.238673</timestamp>
			</report>
			<report>
				<misses>2056001</misses>
				<total>39</total>
				<timestamp>513.488451</timestamp>
			</report>
			<report>
				<misses>2057001</misses>
				<total>39</total>
				<timestamp>513.738188</timestamp>
			</report>
			<report>
				<misses>2058001</misses>
				<total>39</total>
				<timestamp>513.987941</timestamp>
			</report>
			<report>
				<misses>2059001</misses>
				<total>39</total>
				<timestamp>514.237723</timestamp>
			</report>
			<report>
				<misses>2060001</misses>
				<total>39</total>
				<timestamp>514.487465</timestamp>
			</report>
			<report>
				<misses>2061001</misses>
				<total>39</total>
				<timestamp>514.737180</timestamp>
			</report>
			<report>
				<misses>2062001</misses>
				<total>39</total>
				<timestamp>514.986934</timestamp>
			</report>
			<report>
				<misses>2063001</misses>
				<total>39</total>
				<timestamp>515.236678</timestamp>
			</report>
			<report>
				<misses>2064001</misses>
				<total>39</total>
				<timestamp>515.486464</timestamp>
			</report>
			<report>
				<misses>2065001</misses>
				<total>38</total>
				<timestamp>515.736224</timestamp>
			</report>
			<report>
				<misses>2066001</misses>
				<total>39</total>
				<timestamp>515.985918</timestamp>
			</report>
			<report>
				<misses>2067001</misses>
				<total>39</total>
				<timestamp>516.235685</timestamp>
			</report>
			<report>
				<misses>2068001</misses>
				<total>39</total>
				<timestamp>516.485464</timestamp>
			</report>
			<report>
				<misses>2069001</misses>
				<total>39</total>
				<timestamp>516.735192</timestamp>
			</report>
			<report>
				<misses>2070001</misses>
				<total>38</total>
				<timestamp>516.984936</timestamp>
			</report>
			<report>
				<misses>2071001</misses>
				<total>39</total>
				<timestamp>517.234681</timestamp>
			</report>
			<report>
				<misses>2072001</misses>
				<total>39</total>
				<timestamp>517.484451</timestamp>
			</report>
			<report>
				<misses>2073001</misses>
				<total>39</total>
				<timestamp>517.734192</timestamp>
			</report>
			<report>
				<misses>2074001</misses>
				<total>39</total>
				<timestamp>517.983933</timestamp>
			</report>
			<report>
				<misses>2075001</misses>
				<total>39</total>
				<timestamp>518.233704</timestamp>
			</report>
			<report>
				<misses>2076001</misses>
				<total>39</total>
				<timestamp>518.483450</timestamp>
			</report>
			<report>
				<misses>2077001</misses>
				<total>39</total>
				<timestamp>518.733216</timestamp>
			</report>
			<report>
				<misses>2078001</misses>
				<total>39</total>
				<timestamp>518.982929</timestamp>
			</report>
			<report>
				<misses>2079001</misses>
				<total>39</total>
				<timestamp>519.232709</timestamp>
			</report>
			<report>
				<misses>2080001</misses>
				<total>39</total>
				<timestamp>519.482461</timestamp>
			</report>
			<report>
				<misses>2081001</misses>
				<total>39</total>
				<timestamp>519.732175</timestamp>
			</report>
			<report>
				<misses>2082001</misses>
				<total>39</total>
				<timestamp>519.981975</timestamp>
			</report>
			<report>
				<misses>2083001</misses>
				<total>39</total>
				<timestamp>520.231708</timestamp>
			</report>
			<report>
				<misses>2084001</misses>
				<total>39</total>
				<timestamp>520.481430</timestamp>
			</report>
			<report>
				<misses>2085001</misses>
				<total>39</total>
				<timestamp>520.731180</timestamp>
			</report>
			<report>
				<misses>2086001</misses>
				<total>39</total>
				<timestamp>520.980938</timestamp>
			</report>
			<report>
				<misses>2087001</misses>
				<total>39</total>
				<timestamp>521.230694</timestamp>
			</report>
			<report>
				<misses>2088001</misses>
				<total>39</total>
				<timestamp>521.480456</timestamp>
			</report>
			<report>
				<misses>2089001</misses>
				<total>39</total>
				<timestamp>521.730178</timestamp>
			</report>
			<report>
				<misses>2090001</misses>
				<total>39</total>
				<timestamp>521.979947</timestamp>
			</report>
			<report>
				<misses>2091001</misses>
				<total>39</total>
				<timestamp>522.229695</timestamp>
			</report>
			<report>
				<misses>2092001</misses>
				<total>39</total>
				<timestamp>522.479434</timestamp>
			</report>
			<report>
				<misses>2093001</misses>
				<total>39</total>
				<timestamp>522.729211</timestamp>
			</report>
			<report>
				<misses>2094001</misses>
				<total>39</total>
				<timestamp>522.978931</timestamp>
			</report>
			<report>
				<misses>2095001</misses>
				<total>39</total>
				<timestamp>523.228705</timestamp>
			</report>
			<report>
				<misses>2096001</misses>
				<total>39</total>
				<timestamp>523.478435</timestamp>
			</report>
			<report>
				<misses>2097001</misses>
				<total>39</total>
				<timestamp>523.728172</timestamp>
			</report>
			<report>
				<misses>2098001</misses>
				<total>39</total>
				<timestamp>523.977917</timestamp>
			</report>
			<report>
				<misses>2099001</misses>
				<total>39</total>
				<timestamp>524.227679</timestamp>
			</report>
			<report>
				<misses>2100001</misses>
				<total>39</total>
				<timestamp>524.477428</timestamp>
			</report>
			<report>
				<misses>2101001</misses>
				<total>39</total>
				<timestamp>524.727195</timestamp>
			</report>
			<report>
				<misses>2102001</misses>
				<total>39</total>
				<timestamp>524.976933</timestamp>
			</report>
			<report>
				<misses>2103001</misses>
				<total>38</total>
				<timestamp>525.226733</timestamp>
			</report>
			<report>
				<misses>2104001</misses>
				<total>39</total>
				<timestamp>525.476441</timestamp>
			</report>
			<report>
				<misses>2105001</misses>
				<total>39</total>
				<timestamp>525.726189</timestamp>
			</report>
			<report>
				<misses>2106001</misses>
				<total>39</total>
				<timestamp>525.975949</timestamp>
			</report>
			<report>
				<misses>2107001</misses>
				<total>39</total>
				<timestamp>526.225675</timestamp>
			</report>
			<report>
				<misses>2108001</misses>
				<total>39</total>
				<timestamp>526.475447</timestamp>
			</report>
			<report>
				<misses>2109001</misses>
				<total>39</total>
				<timestamp>526.725238</timestamp>
			</report>
			<report>
				<misses>2110001</misses>
				<total>39</total>
				<timestamp>526.974935</timestamp>
			</report>
			<report>
				<misses>2111001</misses>
				<total>39</total>
				<timestamp>527.224681</timestamp>
			</report>
			<report>
				<misses>2112001</misses>
				<total>39</total>
				<timestamp>527.474463</timestamp>
			</report>
			<report>
				<misses>2113001</misses>
				<total>39</total>
				<timestamp>527.724198</timestamp>
			</report>
			<report>
				<misses>2114001</misses>
				<total>39</total>
				<timestamp>527.973923</timestamp>
			</report>
			<report>
				<misses>2115001</misses>
				<total>39</total>
				<timestamp>528.223708</timestamp>
			</report>
			<report>
				<misses>2116001</misses>
				<total>39</total>
				<timestamp>528.473451</timestamp>
			</report>
			<report>
				<misses>2117001</misses>
				<total>39</total>
				<timestamp>528.723189</timestamp>
			</report>
			<report>
				<misses>2118001</misses>
				<total>39</total>
				<timestamp>528.972955</timestamp>
			</report>
			<report>
				<misses>2119001</misses>
				<total>40</total>
				<timestamp>529.222706</timestamp>
			</report>
			<report>
				<misses>2120001</misses>
				<total>40</total>
				<timestamp>529.472432</timestamp>
			</report>
			<report>
				<misses>2121001</misses>
				<total>40</total>
				<timestamp>529.722188</timestamp>
			</report>
			<report>
				<misses>2122001</misses>
				<total>40</total>
				<timestamp>529.971962</timestamp>
			</report>
			<report>
				<misses>2123001</misses>
				<total>40</total>
				<timestamp>530.221683</timestamp>
			</report>
			<report>
				<misses>2124001</misses>
				<total>40</total>
				<timestamp>530.471438</timestamp>
			</report>
			<report>
				<misses>2125001</misses>
				<total>40</total>
				<timestamp>530.721236</timestamp>
			</report>
			<report>
				<misses>2126001</misses>
				<total>40</total>
				<timestamp>530.970936</timestamp>
			</report>
			<report>
				<misses>2127001</misses>
				<total>40</total>
				<timestamp>531.220695</timestamp>
			</report>
			<report>
				<misses>2128001</misses>
				<total>40</total>
				<timestamp>531.470453</timestamp>
			</report>
			<report>
				<misses>2129001</misses>
				<total>40</total>
				<timestamp>531.720209</timestamp>
			</report>
			<report>
				<misses>2130001</misses>
				<total>40</total>
				<timestamp>531.969933</timestamp>
			</report>
			<report>
				<misses>2131001</misses>
				<total>40</total>
				<timestamp>532.219688</timestamp>
			</report>
			<report>
				<misses>2132001</misses>
				<total>40</total>
				<timestamp>532.469434</timestamp>
			</report>
			<report>
				<misses>2133001</misses>
				<total>40</total>
				<timestamp>532.719224</timestamp>
			</report>
			<report>
				<misses>2134001</misses>
				<total>40</total>
				<timestamp>532.968959</timestamp>
			</report>
			<report>
				<misses>2135001</misses>
				<total>40</total>
				<timestamp>533.218662</timestamp>
			</report>
			<report>
				<misses>2136001</misses>
				<total>40</total>
				<timestamp>533.468427</timestamp>
			</report>
			<report>
				<misses>2137001</misses>
				<total>40</total>
				<timestamp>533.718215</timestamp>
			</report>
			<report>
				<misses>2138001</misses>
				<total>40</total>
				<timestamp>533.967939</timestamp>
			</report>
			<report>
				<misses>2139001</misses>
				<total>40</total>
				<timestamp>534.217695</timestamp>
			</report>
			<report>
				<misses>2140001</misses>
				<total>40</total>
				<timestamp>534.467441</timestamp>
			</report>
			<report>
				<misses>2141001</misses>
				<total>40</total>
				<timestamp>534.717194</timestamp>
			</report>
			<report>
				<misses>2142001</misses>
				<total>40</total>
				<timestamp>534.966927</timestamp>
			</report>
			<report>
				<misses>2143001</misses>
				<total>40</total>
				<timestamp>535.216684</timestamp>
			</report>
			<report>
				<misses>2144001</misses>
				<total>40</total>
				<timestamp>535.466429</timestamp>
			</report>
			<report>
				<misses>2145001</misses>
				<total>40</total>
				<timestamp>535.716242</timestamp>
			</report>
			<report>
				<misses>2146001</misses>
				<total>40</total>
				<timestamp>535.965926</timestamp>
			</report>
			<report>
				<misses>2147001</misses>
				<total>40</total>
				<timestamp>536.215704</timestamp>
			</report>
			<report>
				<misses>2148001</misses>
				<total>40</total>
				<timestamp>536.465430</timestamp>
			</report>
			<report>
				<misses>2149001</misses>
				<total>40</total>
				<timestamp>536.715202</timestamp>
			</report>
			<report>
				<misses>2150001</misses>
				<total>40</total>
				<timestamp>536.964971</timestamp>
			</report>
			<report>
				<misses>2151001</misses>
				<total>40</total>
				<timestamp>537.214711</timestamp>
			</report>
			<report>
				<misses>2152001</misses>
				<total>40</total>
				<timestamp>537.464420</timestamp>
			</report>
			<report>
				<misses>2153001</misses>
				<total>40</total>
				<timestamp>537.714244</timestamp>
			</report>
			<report>
				<misses>2154001</misses>
				<total>40</total>
				<timestamp>537.963987</timestamp>
			</report>
			<report>
				<misses>2155001</misses>
				<total>40</total>
				<timestamp>538.213686</timestamp>
			</report>
			<report>
				<misses>2156001</misses>
				<total>40</total>
				<timestamp>538.463446</timestamp>
			</report>
			<report>
				<misses>2157001</misses>
				<total>40</total>
				<timestamp>538.713262</timestamp>
			</report>
			<report>
				<misses>2158001</misses>
				<total>40</total>
				<timestamp>538.962946</timestamp>
			</report>
			<report>
				<misses>2159001</misses>
				<total>40</total>
				<timestamp>539.212693</timestamp>
			</report>
			<report>
				<misses>2160001</misses>
				<total>40</total>
				<timestamp>539.462471</timestamp>
			</report>
			<report>
				<misses>2161001</misses>
				<total>40</total>
				<timestamp>539.712184</timestamp>
			</report>
			<report>
				<misses>2162001</misses>
				<total>40</total>
				<timestamp>539.961929</timestamp>
			</report>
			<report>
				<misses>2163001</misses>
				<total>40</total>
				<timestamp>540.211675</timestamp>
			</report>
			<report>
				<misses>2164001</misses>
				<total>40</total>
				<timestamp>540.461438</timestamp>
			</report>
			<report>
				<misses>2165001</misses>
				<total>40</total>
				<timestamp>540.711228</timestamp>
			</report>
			<report>
				<misses>2166001</misses>
				<total>40</total>
				<timestamp>540.960925</timestamp>
			</report>
			<report>
				<misses>2167001</misses>
				<total>40</total>
				<timestamp>541.210673</timestamp>
			</report>
			<report>
				<misses>2168001</misses>
				<total>40</total>
				<timestamp>541.460431</timestamp>
			</report>
			<report>
				<misses>2169001</misses>
				<total>40</total>
				<timestamp>541.710230</timestamp>
			</report>
			<report>
				<misses>2170001</misses>
				<total>40</total>
				<timestamp>541.959933</timestamp>
			</report>
			<report>
				<misses>2171001</misses>
				<total>40</total>
				<timestamp>542.209704</timestamp>
			</report>
			<report>
				<misses>2172001</misses>
				<total>40</total>
				<timestamp>542.459427</timestamp>
			</report>
			<report>
				<misses>2173001</misses>
				<total>40</total>
				<timestamp>542.709237</timestamp>
			</report>
			<report>
				<misses>2174001</misses>
				<total>40</total>
				<timestamp>542.958950</timestamp>
			</report>
			<report>
				<misses>2175001</misses>
				<total>40</total>
				<timestamp>543.208686</timestamp>
			</report>
			<report>
				<misses>2176001</misses>
				<total>40</total>
				<timestamp>543.458432</timestamp>
			</report>
			<report>
				<misses>2177001</misses>
				<total>40</total>
				<timestamp>543.708204</timestamp>
			</report>
			<report>
				<misses>2178001</misses>
				<total>40</total>
				<timestamp>543.957923</timestamp>
			</report>
			<report>
				<misses>2179001</misses>
				<total>40</total>
				<timestamp>544.207682</timestamp>
			</report>
			<report>
				<misses>2180001</misses>
				<total>40</total>
				<timestamp>544.457422</timestamp>
			</report>
			<report>
				<misses>2181001</misses>
				<total>40</total>
				<timestamp>544.707200</timestamp>
			</report>
			<report>
				<misses>2182001</misses>
				<total>40</total>
				<timestamp>544.956964</timestamp>
			</report>
			<report>
				<misses>2183001</misses>
				<total>40</total>
				<timestamp>545.206671</timestamp>
			</report>
			<report>
				<misses>2184001</misses>
				<total>40</total>
				<timestamp>545.456436</timestamp>
			</report>
			<report>
				<misses>2185001</misses>
				<total>40</total>
				<timestamp>545.706235</timestamp>
			</report>
			<report>
				<misses>2186001</misses>
				<total>40</total>
				<timestamp>545.955923</timestamp>
			</report>
			<report>
				<misses>2187001</misses>
				<total>40</total>
				<timestamp>546.205711</timestamp>
			</report>
			<report>
				<misses>2188001</misses>
				<total>40</total>
				<timestamp>546.455420</timestamp>
			</report>
			<report>
				<misses>2189001</misses>
				<total>40</total>
				<timestamp>546.705185</timestamp>
			</report>
			<report>
				<misses>2190001</misses>
				<total>40</total>
				<timestamp>546.954962</timestamp>
			</report>
			<report>
				<misses>2191001</misses>
				<total>40</total>
				<timestamp>547.204696</timestamp>
			</report>
			<report>
				<misses>2192001</misses>
				<total>40</total>
				<timestamp>547.454429</timestamp>
			</report>
			<report>
				<misses>2193001</misses>
				<total>40</total>
				<timestamp>547.704213</timestamp>
			</report>
			<report>
				<misses>2194001</misses>
				<total>40</total>
				<timestamp>547.953919</timestamp>
			</report>
			<report>
				<misses>2195001</misses>
				<total>40</total>
				<timestamp>548.203676</timestamp>
			</report>
			<report>
				<misses>2196001</misses>
				<total>40</total>
				<timestamp>548.453433</timestamp>
			</report>
			<report>
				<misses>2197001</misses>
				<total>40</total>
				<timestamp>548.703192</timestamp>
			</report>
			<report>
				<misses>2198001</misses>
				<total>40</total>
				<timestamp>548.952918</timestamp>
			</report>
			<report>
				<misses>2199001</misses>
				<total>40</total>
				<timestamp>549.202725</timestamp>
			</report>
			<report>
				<misses>2200001</misses>
				<total>40</total>
				<timestamp>549.452419</timestamp>
			</report>
			<report>
				<misses>2201001</misses>
				<total>43</total>
				<timestamp>549.702187</timestamp>
			</report>
			<report>
				<misses>2202001</misses>
				<total>43</total>
				<timestamp>549.951934</timestamp>
			</report>
			<report>
				<misses>2203001</misses>
				<total>43</total>
				<timestamp>550.201675</timestamp>
			</report>
			<report>
				<misses>2204001</misses>
				<total>43</total>
				<timestamp>550.451436</timestamp>
			</report>
			<report>
				<misses>2205001</misses>
				<total>43</total>
				<timestamp>550.701202</timestamp>
			</report>
			<report>
				<misses>2206001</misses>
				<total>43</total>
				<timestamp>550.950943</timestamp>
			</report>
			<report>
				<misses>2207001</misses>
				<total>42</total>
				<timestamp>551.200713</timestamp>
			</report>
			<report>
				<misses>2208001</misses>
				<total>43</total>
				<timestamp>551.450441</timestamp>
			</report>
			<report>
				<misses>2209001</misses>
				<total>43</total>
				<timestamp>551.700184</timestamp>
			</report>
			<report>
				<misses>2210001</misses>
				<total>43</total>
				<timestamp>551.949953</timestamp>
			</report>
			<report>
				<misses>2211001</misses>
				<total>43</total>
				<timestamp>552.199684</timestamp>
			</report>
			<report>
				<misses>2212001</misses>
				<total>43</total>
				<timestamp>552.449433</timestamp>
			</report>
			<report>
				<misses>2213001</misses>
				<total>43</total>
				<timestamp>552.699193</timestamp>
			</report>
			<report>
				<misses>2214001</misses>
				<total>43</total>
				<timestamp>552.948981</timestamp>
			</report>
			<report>
				<misses>2215001</misses>
				<total>43</total>
				<timestamp>553.198711</timestamp>
			</report>
			<report>
				<misses>2216001</misses>
				<total>43</total>
				<timestamp>553.448426</timestamp>
			</report>
			<report>
				<misses>2217001</misses>
				<total>43</total>
				<timestamp>553.698197</timestamp>
			</report>
			<report>
				<misses>2218001</misses>
				<total>43</total>
				<timestamp>553.947943</timestamp>
			</report>
			<report>
				<misses>2219001</misses>
				<total>43</total>
				<timestamp>554.197711</timestamp>
			</report>
			<report>
				<misses>2220001</misses>
				<total>43</total>
				<timestamp>554.447440</timestamp>
			</report>
			<report>
				<misses>2221001</misses>
				<total>43</total>
				<timestamp>554.697199</timestamp>
			</report>
			<report>
				<misses>2222001</misses>
				<total>43</total>
				<timestamp>554.947001</timestamp>
			</report>
			<report>
				<misses>2223001</misses>
				<total>43</total>
				<timestamp>555.196695</timestamp>
			</report>
			<report>
				<misses>2224001</misses>
				<total>43</total>
				<timestamp>555.446437</timestamp>
			</report>
			<report>
				<misses>2225001</misses>
				<total>43</total>
				<timestamp>555.696191</timestamp>
			</report>
			<report>
				<misses>2226001</misses>
				<total>43</total>
				<timestamp>555.945924</timestamp>
			</report>
			<report>
				<misses>2227001</misses>
				<total>43</total>
				<timestamp>556.195678</timestamp>
			</report>
			<report>
				<misses>2228001</misses>
				<total>43</total>
				<timestamp>556.445443</timestamp>
			</report>
			<report>
				<misses>2229001</misses>
				<total>43</total>
				<timestamp>556.695199</timestamp>
			</report>
			<report>
				<misses>2230001</misses>
				<total>43</total>
				<timestamp>556.944928</timestamp>
			</report>
			<report>
				<misses>2231001</misses>
				<total>43</total>
				<timestamp>557.194691</timestamp>
			</report>
			<report>
				<misses>2232001</misses>
				<total>43</total>
				<timestamp>557.444426</timestamp>
			</report>
			<report>
				<misses>2233001</misses>
				<total>43</total>
				<timestamp>557.694204</timestamp>
			</report>
			<report>
				<misses>2234001</misses>
				<total>43</total>
				<timestamp>557.943925</timestamp>
			</report>
			<report>
				<misses>2235001</misses>
				<total>43</total>
				<timestamp>558.193684</timestamp>
			</report>
			<report>
				<misses>2236001</misses>
				<total>43</total>
				<timestamp>558.443441</timestamp>
			</report>
			<report>
				<misses>2237001</misses>
				<total>43</total>
				<timestamp>558.693183</timestamp>
			</report>
			<report>
				<misses>2238001</misses>
				<total>43</total>
				<timestamp>558.942960</timestamp>
			</report>
			<report>
				<misses>2239001</misses>
				<total>43</total>
				<timestamp>559.192701</timestamp>
			</report>
			<report>
				<misses>2240001</misses>
				<total>43</total>
				<timestamp>559.442417</timestamp>
			</report>
			<report>
				<misses>2241001</misses>
				<total>43</total>
				<timestamp>559.692195</timestamp>
			</report>
			<report>
				<misses>2242001</misses>
				<total>43</total>
				<timestamp>559.941950</timestamp>
			</report>
			<report>
				<misses>2243001</misses>
				<total>43</total>
				<timestamp>560.191685</timestamp>
			</report>
			<report>
				<misses>2244001</misses>
				<total>43</total>
				<timestamp>560.441420</timestamp>
			</report>
			<report>
				<misses>2245001</misses>
				<total>43</total>
				<timestamp>560.691182</timestamp>
			</report>
			<report>
				<misses>2246001</misses>
				<total>43</total>
				<timestamp>560.940927</timestamp>
			</report>
			<report>
				<misses>2247001</misses>
				<total>43</total>
				<timestamp>561.190707</timestamp>
			</report>
			<report>
				<misses>2248001</misses>
				<total>43</total>
				<timestamp>561.440454</timestamp>
			</report>
			<report>
				<misses>2249001</misses>
				<total>43</total>
				<timestamp>561.690199</timestamp>
			</report>
			<report>
				<misses>2250001</misses>
				<total>43</total>
				<timestamp>561.939927</timestamp>
			</report>
			<report>
				<misses>2251001</misses>
				<total>43</total>
				<timestamp>562.189716</timestamp>
			</report>
			<report>
				<misses>2252001</misses>
				<total>43</total>
				<timestamp>562.439413</timestamp>
			</report>
			<report>
				<misses>2253001</misses>
				<total>43</total>
				<timestamp>562.689202</timestamp>
			</report>
			<report>
				<misses>2254001</misses>
				<total>43</total>
				<timestamp>562.938937</timestamp>
			</report>
			<report>
				<misses>2255001</misses>
				<total>43</total>
				<timestamp>563.188671</timestamp>
			</report>
			<report>
				<misses>2256001</misses>
				<total>43</total>
				<timestamp>563.438424</timestamp>
			</report>
			<report>
				<misses>2257001</misses>
				<total>43</total>
				<timestamp>563.688186</timestamp>
			</report>
			<report>
				<misses>2258001</misses>
				<total>43</total>
				<timestamp>563.937935</timestamp>
			</report>
			<report>
				<misses>2259001</misses>
				<total>43</total>
				<timestamp>564.187710</timestamp>
			</report>
			<report>
				<misses>2260001</misses>
				<total>43</total>
				<timestamp>564.437431</timestamp>
			</report>
			<report>
				<misses>2261001</misses>
				<total>43</total>
				<timestamp>564.687200</timestamp>
			</report>
			<report>
				<misses>2262001</misses>
				<total>43</total>
				<timestamp>564.936956</timestamp>
			</report>
			<report>
				<misses>2263001</misses>
				<total>43</total>
				<timestamp>565.186707</timestamp>
			</report>
			<report>
				<misses>2264001</misses>
				<total>43</total>
				<timestamp>565.436427</timestamp>
			</report>
			<report>
				<misses>2265001</misses>
				<total>43</total>
				<timestamp>565.686199</timestamp>
			</report>
			<report>
				<misses>2266001</misses>
				<total>43</total>
				<timestamp>565.935934</timestamp>
			</report>
			<report>
				<misses>2267001</misses>
				<total>43</total>
				<timestamp>566.185694</timestamp>
			</report>
			<report>
				<misses>2268001</misses>
				<total>43</total>
				<timestamp>566.435425</timestamp>
			</report>
			<report>
				<misses>2269001</misses>
				<total>43</total>
				<timestamp>566.685200</timestamp>
			</report>
			<report>
				<misses>2270001</misses>
				<total>43</total>
				<timestamp>566.934958</timestamp>
			</report>
			<report>
				<misses>2271001</misses>
				<total>43</total>
				<timestamp>567.184672</timestamp>
			</report>
			<report>
				<misses>2272001</misses>
				<total>43</total>
				<timestamp>567.434425</timestamp>
			</report>
			<report>
				<misses>2273001</misses>
				<total>43</total>
				<timestamp>567.684184</timestamp>
			</report>
			<report>
				<misses>2274001</misses>
				<total>43</total>
				<timestamp>567.933930</timestamp>
			</report>
			<report>
				<misses>2275001</misses>
				<total>43</total>
				<timestamp>568.183674</timestamp>
			</report>
			<report>
				<misses>2276001</misses>
				<total>43</total>
				<timestamp>568.433417</timestamp>
			</report>
			<report>
				<misses>2277001</misses>
				<total>43</total>
				<timestamp>568.683179</timestamp>
			</report>
			<report>
				<misses>2278001</misses>
				<total>44</total>
				<timestamp>568.932935</timestamp>
			</report>
			<report>
				<misses>2279001</misses>
				<total>44</total>
				<timestamp>569.182664</timestamp>
			</report>
			<report>
				<misses>2280001</misses>
				<total>44</total>
				<timestamp>569.432494</timestamp>
			</report>
			<report>
				<misses>2281001</misses>
				<total>44</total>
				<timestamp>569.682174</timestamp>
			</report>
			<report>
				<misses>2282001</misses>
				<total>44</total>
				<timestamp>569.931957</timestamp>
			</report>
			<report>
				<misses>2283001</misses>
				<total>44</total>
				<timestamp>570.181696</timestamp>
			</report>
			<report>
				<misses>2284001</misses>
				<total>44</total>
				<timestamp>570.431444</timestamp>
			</report>
			<report>
				<misses>2285001</misses>
				<total>44</total>
				<timestamp>570.681199</timestamp>
			</report>
			<report>
				<misses>2286001</misses>
				<total>44</total>
				<timestamp>570.930951</timestamp>
			</report>
			<report>
				<misses>2287001</misses>
				<total>44</total>
				<timestamp>571.180678</timestamp>
			</report>
			<report>
				<misses>2288001</misses>
				<total>44</total>
				<timestamp>571.430452</timestamp>
			</report>
			<report>
				<misses>2289001</misses>
				<total>44</total>
				<timestamp>571.680184</timestamp>
			</report>
			<report>
				<misses>2290001</misses>
				<total>44</total>
				<timestamp>571.929962</timestamp>
			</report>
			<report>
				<misses>2291001</misses>
				<total>44</total>
				<timestamp>572.179685</timestamp>
			</report>
			<report>
				<misses>2292001</misses>
				<total>44</total>
				<timestamp>572.429425</timestamp>
			</report>
			<report>
				<misses>2293001</misses>
				<total>44</total>
				<timestamp>572.679178</timestamp>
			</report>
			<report>
				<misses>2294001</misses>
				<total>44</total>
				<timestamp>572.928962</timestamp>
			</report>
			<report>
				<misses>2295001</misses>
				<total>44</total>
				<timestamp>573.178676</timestamp>
			</report>
			<report>
				<misses>2296001</misses>
				<total>44</total>
				<timestamp>573.428445</timestamp>
			</report>
			<report>
				<misses>2297001</misses>
				<total>44</total>
				<timestamp>573.678171</timestamp>
			</report>
			<report>
				<misses>2298001</misses>
				<total>44</total>
				<timestamp>573.928020</timestamp>
			</report>
			<report>
				<misses>2299001</misses>
				<total>44</total>
				<timestamp>574.177676</timestamp>
			</report>
			<report>
				<misses>2300001</misses>
				<total>44</total>
				<timestamp>574.427471</timestamp>
			</report>
			<report>
				<misses>2301001</misses>
				<total>44</total>
				<timestamp>574.677198</timestamp>
			</report>
			<report>
				<misses>2302001</misses>
				<total>44</total>
				<timestamp>574.926961</timestamp>
			</report>
			<report>
				<misses>2303001</misses>
				<total>44</total>
				<timestamp>575.176688</timestamp>
			</report>
			<report>
				<misses>2304001</misses>
				<total>44</total>
				<timestamp>575.426424</timestamp>
			</report>
			<report>
				<misses>2305001</misses>
				<total>44</total>
				<timestamp>575.676181</timestamp>
			</report>
			<report>
				<misses>2306001</misses>
				<total>44</total>
				<timestamp>575.925995</timestamp>
			</report>
			<report>
				<misses>2307001</misses>
				<total>43</total>
				<timestamp>576.175728</timestamp>
			</report>
			<report>
				<misses>2308001</misses>
				<total>44</total>
				<timestamp>576.425491</timestamp>
			</report>
			<report>
				<misses>2309001</misses>
				<total>44</total>
				<timestamp>576.675201</timestamp>
			</report>
			<report>
				<misses>2310001</misses>
				<total>44</total>
				<timestamp>576.924995</timestamp>
			</report>
			<report>
				<misses>2311001</misses>
				<total>44</total>
				<timestamp>577.174687</timestamp>
			</report>
			<report>
				<misses>2312001</misses>
				<total>44</total>
				<timestamp>577.424439</timestamp>
			</report>
			<report>
				<misses>2313001</misses>
				<total>44</total>
				<timestamp>577.674182</timestamp>
			</report>
			<report>
				<misses>2314001</misses>
				<total>44</total>
				<timestamp>577.923976</timestamp>
			</report>
			<report>
				<misses>2315001</misses>
				<total>44</total>
				<timestamp>578.173713</timestamp>
			</report>
			<report>
				<misses>2316001</misses>
				<total>44</total>
				<timestamp>578.423488</timestamp>
			</report>
			<report>
				<misses>2317001</misses>
				<total>44</total>
				<timestamp>578.673193</timestamp>
			</report>
			<report>
				<misses>2318001</misses>
				<total>44</total>
				<timestamp>578.922962</timestamp>
			</report>
			<report>
				<misses>2319001</misses>
				<total>44</total>
				<timestamp>579.172666</timestamp>
			</report>
			<report>
				<misses>2320001</misses>
				<total>44</total>
				<timestamp>579.422469</timestamp>
			</report>
			<report>
				<misses>2321001</misses>
				<total>44</total>
				<timestamp>579.672180</timestamp>
			</report>
			<report>
				<misses>2322001</misses>
				<total>44</total>
				<timestamp>579.921993</timestamp>
			</report>
			<report>
				<misses>2323001</misses>
				<total>44</total>
				<timestamp>580.171668</timestamp>
			</report>
			<report>
				<misses>2324001</misses>
				<total>44</total>
				<timestamp>580.421463</timestamp>
			</report>
			<report>
				<misses>2325001</misses>
				<total>44</total>
				<timestamp>580.671199</timestamp>
			</report>
			<report>
				<misses>2326001</misses>
				<total>44</total>
				<timestamp>580.920958</timestamp>
			</report>
			<report>
				<misses>2327001</misses>
				<total>44</total>
				<timestamp>581.170685</timestamp>
			</report>
			<report>
				<misses>2328001</misses>
				<total>44</total>
				<timestamp>581.420449</timestamp>
			</report>
			<report>
				<misses>2329001</misses>
				<total>44</total>
				<timestamp>581.670189</timestamp>
			</report>
			<report>
				<misses>2330001</misses>
				<total>44</total>
				<timestamp>581.920005</timestamp>
			</report>
			<report>
				<misses>2331001</misses>
				<total>44</total>
				<timestamp>582.169703</timestamp>
			</report>
			<report>
				<misses>2332001</misses>
				<total>44</total>
				<timestamp>582.419433</timestamp>
			</report>
			<report>
				<misses>2333001</misses>
				<total>44</total>
				<timestamp>582.669184</timestamp>
			</report>
			<report>
				<misses>2334001</misses>
				<total>44</total>
				<timestamp>582.918997</timestamp>
			</report>
			<report>
				<misses>2335001</misses>
				<total>44</total>
				<timestamp>583.168683</timestamp>
			</report>
			<report>
				<misses>2336001</misses>
				<total>44</total>
				<timestamp>583.418472</timestamp>
			</report>
			<report>
				<misses>2337001</misses>
				<total>44</total>
				<timestamp>583.668217</timestamp>
			</report>
			<report>
				<misses>2338001</misses>
				<total>44</total>
				<timestamp>583.917989</timestamp>
			</report>
			<report>
				<misses>2339001</misses>
				<total>44</total>
				<timestamp>584.167689</timestamp>
			</report>
			<report>
				<misses>2340001</misses>
				<total>44</total>
				<timestamp>584.417453</timestamp>
			</report>
			<report>
				<misses>2341001</misses>
				<total>44</total>
				<timestamp>584.667183</timestamp>
			</report>
			<report>
				<misses>2342001</misses>
				<total>44</total>
				<timestamp>584.916984</timestamp>
			</report>
			<report>
				<misses>2343001</misses>
				<total>44</total>
				<timestamp>585.166694</timestamp>
			</report>
			<report>
				<misses>2344001</misses>
				<total>44</total>
				<timestamp>585.416443</timestamp>
			</report>
			<report>
				<misses>2345001</misses>
				<total>44</total>
				<timestamp>585.666206</timestamp>
			</report>
			<report>
				<misses>2346001</misses>
				<total>44</total>
				<timestamp>585.915935</timestamp>
			</report>
			<report>
				<misses>2347001</misses>
				<total>44</total>
				<timestamp>586.165687</timestamp>
			</report>
			<report>
				<misses>2348001</misses>
				<total>44</total>
				<timestamp>586.415473</timestamp>
			</report>
			<report>
				<misses>2349001</misses>
				<total>44</total>
				<timestamp>586.665186</timestamp>
			</report>
			<report>
				<misses>2350001</misses>
				<total>44</total>
				<timestamp>586.914963</timestamp>
			</report>
			<report>
				<misses>2351001</misses>
				<total>44</total>
				<timestamp>587.164689</timestamp>
			</report>
			<report>
				<misses>2352001</misses>
				<total>44</total>
				<timestamp>587.414462</timestamp>
			</report>
			<report>
				<misses>2353001</misses>
				<total>44</total>
				<timestamp>587.664175</timestamp>
			</report>
			<report>
				<misses>2354001</misses>
				<total>44</total>
				<timestamp>587.913957</timestamp>
			</report>
			<report>
				<misses>2355001</misses>
				<total>44</total>
				<timestamp>588.163693</timestamp>
			</report>
			<report>
				<misses>2356001</misses>
				<total>44</total>
				<timestamp>588.413450</timestamp>
			</report>
			<report>
				<misses>2357001</misses>
				<total>44</total>
				<timestamp>588.663170</timestamp>
			</report>
			<report>
				<misses>2358001</misses>
				<total>44</total>
				<timestamp>588.913000</timestamp>
			</report>
			<report>
				<misses>2359001</misses>
				<total>44</total>
				<timestamp>589.162703</timestamp>
			</report>
			<report>
				<misses>2360001</misses>
				<total>44</total>
				<timestamp>589.412442</timestamp>
			</report>
			<report>
				<misses>2361001</misses>
				<total>44</total>
				<timestamp>589.662210</timestamp>
			</report>
			<report>
				<misses>2362001</misses>
				<total>44</total>
				<timestamp>589.911961</timestamp>
			</report>
			<report>
				<misses>2363001</misses>
				<total>44</total>
				<timestamp>590.161697</timestamp>
			</report>
			<report>
				<misses>2364001</misses>
				<total>44</total>
				<timestamp>590.411454</timestamp>
			</report>
			<report>
				<misses>2365001</misses>
				<total>44</total>
				<timestamp>590.661173</timestamp>
			</report>
			<report>
				<misses>2366001</misses>
				<total>44</total>
				<timestamp>590.910951</timestamp>
			</report>
			<report>
				<misses>2367001</misses>
				<total>44</total>
				<timestamp>591.160674</timestamp>
			</report>
			<report>
				<misses>2368001</misses>
				<total>44</total>
				<timestamp>591.410414</timestamp>
			</report>
			<report>
				<misses>2369001</misses>
				<total>44</total>
				<timestamp>591.660172</timestamp>
			</report>
			<report>
				<misses>2370001</misses>
				<total>44</total>
				<timestamp>591.909981</timestamp>
			</report>
			<report>
				<misses>2371001</misses>
				<total>44</total>
				<timestamp>592.159666</timestamp>
			</report>
			<report>
				<misses>2372001</misses>
				<total>44</total>
				<timestamp>592.409414</timestamp>
			</report>
			<report>
				<misses>2373001</misses>
				<total>44</total>
				<timestamp>592.659167</timestamp>
			</report>
			<report>
				<misses>2374001</misses>
				<total>44</total>
				<timestamp>592.908948</timestamp>
			</report>
			<report>
				<misses>2375001</misses>
				<total>44</total>
				<timestamp>593.158683</timestamp>
			</report>
			<report>
				<misses>2376001</misses>
				<total>44</total>
				<timestamp>593.408457</timestamp>
			</report>
			<report>
				<misses>2377001</misses>
				<total>44</total>
				<timestamp>593.658191</timestamp>
			</report>
			<report>
				<misses>2378001</misses>
				<total>44</total>
				<timestamp>593.907958</timestamp>
			</report>
			<report>
				<misses>2379001</misses>
				<total>44</total>
				<timestamp>594.157684</timestamp>
			</report>
			<report>
				<misses>2380001</misses>
				<total>44</total>
				<timestamp>594.407436</timestamp>
			</report>
			<report>
				<misses>2381001</misses>
				<total>44</total>
				<timestamp>594.657195</timestamp>
			</report>
			<report>
				<misses>2382001</misses>
				<total>44</total>
				<timestamp>594.906983</timestamp>
			</report>
			<report>
				<misses>2383001</misses>
				<total>44</total>
				<timestamp>595.156679</timestamp>
			</report>
			<report>
				<misses>2384001</misses>
				<total>44</total>
				<timestamp>595.406433</timestamp>
			</report>
			<report>
				<misses>2385001</misses>
				<total>44</total>
				<timestamp>595.656165</timestamp>
			</report>
			<report>
				<misses>2386001</misses>
				<total>44</total>
				<timestamp>595.906020</timestamp>
			</report>
			<report>
				<misses>2387001</misses>
				<total>44</total>
				<timestamp>596.155707</timestamp>
			</report>
			<report>
				<misses>2388001</misses>
				<total>44</total>
				<timestamp>596.405420</timestamp>
			</report>
			<report>
				<misses>2389001</misses>
				<total>44</total>
				<timestamp>596.655175</timestamp>
			</report>
			<report>
				<misses>2390001</misses>
				<total>44</total>
				<timestamp>596.904954</timestamp>
			</report>
			<report>
				<misses>2391001</misses>
				<total>44</total>
				<timestamp>597.154681</timestamp>
			</report>
			<report>
				<misses>2392001</misses>
				<total>44</total>
				<timestamp>597.404424</timestamp>
			</report>
			<report>
				<misses>2393001</misses>
				<total>44</total>
				<timestamp>597.654189</timestamp>
			</report>
			<report>
				<misses>2394001</misses>
				<total>44</total>
				<timestamp>597.903932</timestamp>
			</report>
			<report>
				<misses>2395001</misses>
				<total>44</total>
				<timestamp>598.153698</timestamp>
			</report>
			<report>
				<misses>2396001</misses>
				<total>44</total>
				<timestamp>598.403443</timestamp>
			</report>
			<report>
				<misses>2397001</misses>
				<total>44</total>
				<timestamp>598.653180</timestamp>
			</report>
			<report>
				<misses>2398001</misses>
				<total>44</total>
				<timestamp>598.902963</timestamp>
			</report>
			<report>
				<misses>2399001</misses>
				<total>44</total>
				<timestamp>599.152685</timestamp>
			</report>
			<report>
				<misses>2400001</misses>
				<total>44</total>
				<timestamp>599.402429</timestamp>
			</report>
			<report>
				<misses>2401001</misses>
				<total>44</total>
				<timestamp>599.652201</timestamp>
			</report>
			<report>
				<misses>2402001</misses>
				<total>44</total>
				<timestamp>599.901987</timestamp>
			</report>
			<report>
				<misses>2403001</misses>
				<total>44</total>
				<timestamp>600.151686</timestamp>
			</report>
			<report>
				<misses>2404001</misses>
				<total>44</total>
				<timestamp>600.401424</timestamp>
			</report>
			<report>
				<misses>2405001</misses>
				<total>44</total>
				<timestamp>600.651196</timestamp>
			</report>
			<report>
				<misses>2406001</misses>
				<total>44</total>
				<timestamp>600.900954</timestamp>
			</report>
			<report>
				<misses>2407001</misses>
				<total>44</total>
				<timestamp>601.150720</timestamp>
			</report>
			<report>
				<misses>2408001</misses>
				<total>44</total>
				<timestamp>601.400417</timestamp>
			</report>
			<report>
				<misses>2409001</misses>
				<total>44</total>
				<timestamp>601.650183</timestamp>
			</report>
			<report>
				<misses>2410001</misses>
				<total>44</total>
				<timestamp>601.899975</timestamp>
			</report>
			<report>
				<misses>2411001</misses>
				<total>44</total>
				<timestamp>602.149683</timestamp>
			</report>
			<report>
				<misses>2412001</misses>
				<total>44</total>
				<timestamp>602.399459</timestamp>
			</report>
			<report>
				<misses>2413001</misses>
				<total>44</total>
				<timestamp>602.649191</timestamp>
			</report>
			<report>
				<misses>2414001</misses>
				<total>44</total>
				<timestamp>602.899015</timestamp>
			</report>
			<report>
				<misses>2415001</misses>
				<total>44</total>
				<timestamp>603.148680</timestamp>
			</report>
			<report>
				<misses>2416001</misses>
				<total>44</total>
				<timestamp>603.398423</timestamp>
			</report>
			<report>
				<misses>2417001</misses>
				<total>44</total>
				<timestamp>603.648187</timestamp>
			</report>
			<report>
				<misses>2418001</misses>
				<total>44</total>
				<timestamp>603.897972</timestamp>
			</report>
			<report>
				<misses>2419001</misses>
				<total>44</total>
				<timestamp>604.147699</timestamp>
			</report>
			<report>
				<misses>2420001</misses>
				<total>44</total>
				<timestamp>604.397445</timestamp>
			</report>
			<report>
				<misses>2421001</misses>
				<total>44</total>
				<timestamp>604.647170</timestamp>
			</report>
			<report>
				<misses>2422001</misses>
				<total>44</total>
				<timestamp>604.896956</timestamp>
			</report>
			<report>
				<misses>2423001</misses>
				<total>44</total>
				<timestamp>605.146684</timestamp>
			</report>
			<report>
				<misses>2424001</misses>
				<total>44</total>
				<timestamp>605.396426</timestamp>
			</report>
			<report>
				<misses>2425001</misses>
				<total>44</total>
				<timestamp>605.646223</timestamp>
			</report>
			<report>
				<misses>2426001</misses>
				<total>44</total>
				<timestamp>605.895968</timestamp>
			</report>
			<report>
				<misses>2427001</misses>
				<total>44</total>
				<timestamp>606.145682</timestamp>
			</report>
			<report>
				<misses>2428001</misses>
				<total>44</total>
				<timestamp>606.395471</timestamp>
			</report>
			<report>
				<misses>2429001</misses>
				<total>44</total>
				<timestamp>606.645173</timestamp>
			</report>
			<report>
				<misses>2430001</misses>
				<total>44</total>
				<timestamp>606.894969</timestamp>
			</report>
			<report>
				<misses>2431001</misses>
				<total>44</total>
				<timestamp>607.144689</timestamp>
			</report>
			<report>
				<misses>2432001</misses>
				<total>44</total>
				<timestamp>607.394431</timestamp>
			</report>
			<report>
				<misses>2433001</misses>
				<total>44</total>
				<timestamp>607.644193</timestamp>
			</report>
			<report>
				<misses>2434001</misses>
				<total>44</total>
				<timestamp>607.893933</timestamp>
			</report>
			<report>
				<misses>2435001</misses>
				<total>44</total>
				<timestamp>608.143732</timestamp>
			</report>
			<report>
				<misses>2436001</misses>
				<total>44</total>
				<timestamp>608.393471</timestamp>
			</report>
			<report>
				<misses>2437001</misses>
				<total>44</total>
				<timestamp>608.643176</timestamp>
			</report>
			<report>
				<misses>2438001</misses>
				<total>44</total>
				<timestamp>608.892969</timestamp>
			</report>
			<report>
				<misses>2439001</misses>
				<total>44</total>
				<timestamp>609.142711</timestamp>
			</report>
			<report>
				<misses>2440001</misses>
				<total>44</total>
				<timestamp>609.392468</timestamp>
			</report>
			<report>
				<misses>2441001</misses>
				<total>44</total>
				<timestamp>609.642187</timestamp>
			</report>
			<report>
				<misses>2442001</misses>
				<total>44</total>
				<timestamp>609.891943</timestamp>
			</report>
			<report>
				<misses>2443001</misses>
				<total>44</total>
				<timestamp>610.141691</timestamp>
			</report>
			<report>
				<misses>2444001</misses>
				<total>44</total>
				<timestamp>610.391462</timestamp>
			</report>
			<report>
				<misses>2445001</misses>
				<total>44</total>
				<timestamp>610.641177</timestamp>
			</report>
			<report>
				<misses>2446001</misses>
				<total>44</total>
				<timestamp>610.890951</timestamp>
			</report>
			<report>
				<misses>2447001</misses>
				<total>44</total>
				<timestamp>611.140699</timestamp>
			</report>
			<report>
				<misses>2448001</misses>
				<total>44</total>
				<timestamp>611.390431</timestamp>
			</report>
			<report>
				<misses>2449001</misses>
				<total>44</total>
				<timestamp>611.640190</timestamp>
			</report>
			<report>
				<misses>2450001</misses>
				<total>44</total>
				<timestamp>611.889929</timestamp>
			</report>
			<report>
				<misses>2451001</misses>
				<total>44</total>
				<timestamp>612.139743</timestamp>
			</report>
			<report>
				<misses>2452001</misses>
				<total>44</total>
				<timestamp>612.389466</timestamp>
			</report>
			<report>
				<misses>2453001</misses>
				<total>44</total>
				<timestamp>612.639188</timestamp>
			</report>
			<report>
				<misses>2454001</misses>
				<total>44</total>
				<timestamp>612.888991</timestamp>
			</report>
			<report>
				<misses>2455001</misses>
				<total>44</total>
				<timestamp>613.138738</timestamp>
			</report>
			<report>
				<misses>2456001</misses>
				<total>44</total>
				<timestamp>613.388455</timestamp>
			</report>
			<report>
				<misses>2457001</misses>
				<total>44</total>
				<timestamp>613.638178</timestamp>
			</report>
			<report>
				<misses>2458001</misses>
				<total>44</total>
				<timestamp>613.887951</timestamp>
			</report>
			<report>
				<misses>2459001</misses>
				<total>44</total>
				<timestamp>614.137712</timestamp>
			</report>
			<report>
				<misses>2460001</misses>
				<total>44</total>
				<timestamp>614.387453</timestamp>
			</report>
			<report>
				<misses>2461001</misses>
				<total>44</total>
				<timestamp>614.637184</timestamp>
			</report>
			<report>
				<misses>2462001</misses>
				<total>44</total>
				<timestamp>614.886925</timestamp>
			</report>
			<report>
				<misses>2463001</misses>
				<total>44</total>
				<timestamp>615.136738</timestamp>
			</report>
			<report>
				<misses>2464001</misses>
				<total>44</total>
				<timestamp>615.386433</timestamp>
			</report>
			<report>
				<misses>2465001</misses>
				<total>44</total>
				<timestamp>615.636175</timestamp>
			</report>
			<report>
				<misses>2466001</misses>
				<total>44</total>
				<timestamp>615.885929</timestamp>
			</report>
			<report>
				<misses>2467001</misses>
				<total>44</total>
				<timestamp>616.135744</timestamp>
			</report>
			<report>
				<misses>2468001</misses>
				<total>44</total>
				<timestamp>616.385436</timestamp>
			</report>
			<report>
				<misses>2469001</misses>
				<total>44</total>
				<timestamp>616.635193</timestamp>
			</report>
			<report>
				<misses>2470001</misses>
				<total>44</total>
				<timestamp>616.884935</timestamp>
			</report>
			<report>
				<misses>2471001</misses>
				<total>44</total>
				<timestamp>617.134677</timestamp>
			</report>
			<report>
				<misses>2472001</misses>
				<total>44</total>
				<timestamp>617.384443</timestamp>
			</report>
			<report>
				<misses>2473001</misses>
				<total>44</total>
				<timestamp>617.634167</timestamp>
			</report>
			<report>
				<misses>2474001</misses>
				<total>44</total>
				<timestamp>617.883967</timestamp>
			</report>
			<report>
				<misses>2475001</misses>
				<total>44</total>
				<timestamp>618.133727</timestamp>
			</report>
			<report>
				<misses>2476001</misses>
				<total>44</total>
				<timestamp>618.383462</timestamp>
			</report>
			<report>
				<misses>2477001</misses>
				<total>44</total>
				<timestamp>618.633173</timestamp>
			</report>
			<report>
				<misses>2478001</misses>
				<total>44</total>
				<timestamp>618.882938</timestamp>
			</report>
			<report>
				<misses>2479001</misses>
				<total>44</total>
				<timestamp>619.132703</timestamp>
			</report>
			<report>
				<misses>2480001</misses>
				<total>44</total>
				<timestamp>619.382442</timestamp>
			</report>
			<report>
				<misses>2481001</misses>
				<total>44</total>
				<timestamp>619.632180</timestamp>
			</report>
			<report>
				<misses>2482001</misses>
				<total>44</total>
				<timestamp>619.881918</timestamp>
			</report>
			<report>
				<misses>2483001</misses>
				<total>44</total>
				<timestamp>620.131766</timestamp>
			</report>
			<report>
				<misses>2484001</misses>
				<total>44</total>
				<timestamp>620.381428</timestamp>
			</report>
			<report>
				<misses>2485001</misses>
				<total>44</total>
				<timestamp>620.631164</timestamp>
			</report>
			<report>
				<misses>2486001</misses>
				<total>44</total>
				<timestamp>620.880935</timestamp>
			</report>
			<report>
				<misses>2487001</misses>
				<total>44</total>
				<timestamp>621.130746</timestamp>
			</report>
			<report>
				<misses>2488001</misses>
				<total>44</total>
				<timestamp>621.380443</timestamp>
			</report>
			<report>
				<misses>2489001</misses>
				<total>44</total>
				<timestamp>621.630204</timestamp>
			</report>
			<report>
				<misses>2490001</misses>
				<total>44</total>
				<timestamp>621.879919</timestamp>
			</report>
			<report>
				<misses>2491001</misses>
				<total>44</total>
				<timestamp>622.129748</timestamp>
			</report>
			<report>
				<misses>2492001</misses>
				<total>44</total>
				<timestamp>622.379427</timestamp>
			</report>
			<report>
				<misses>2493001</misses>
				<total>44</total>
				<timestamp>622.629177</timestamp>
			</report>
			<report>
				<misses>2494001</misses>
				<total>44</total>
				<timestamp>622.878940</timestamp>
			</report>
			<report>
				<misses>2495001</misses>
				<total>44</total>
				<timestamp>623.128732</timestamp>
			</report>
			<report>
				<misses>2496001</misses>
				<total>44</total>
				<timestamp>623.378432</timestamp>
			</report>
			<report>
				<misses>2497001</misses>
				<total>44</total>
				<timestamp>623.628189</timestamp>
			</report>
			<report>
				<misses>2498001</misses>
				<total>44</total>
				<timestamp>623.877931</timestamp>
			</report>
			<report>
				<misses>2499001</misses>
				<total>44</total>
				<timestamp>624.127733</timestamp>
			</report>
			<report>
				<misses>2500001</misses>
				<total>44</total>
				<timestamp>624.377420</timestamp>
			</report>
			<report>
				<misses>2501001</misses>
				<total>44</total>
				<timestamp>624.627206</timestamp>
			</report>
			<report>
				<misses>2502001</misses>
				<total>44</total>
				<timestamp>624.876931</timestamp>
			</report>
			<report>
				<misses>2503001</misses>
				<total>44</total>
				<timestamp>625.126741</timestamp>
			</report>
			<report>
				<misses>2504001</misses>
				<total>44</total>
				<timestamp>625.376426</timestamp>
			</report>
			<report>
				<misses>2505001</misses>
				<total>44</total>
				<timestamp>625.626202</timestamp>
			</report>
			<report>
				<misses>2506001</misses>
				<total>44</total>
				<timestamp>625.875947</timestamp>
			</report>
			<report>
				<misses>2507001</misses>
				<total>44</total>
				<timestamp>626.125728</timestamp>
			</report>
			<report>
				<misses>2508001</misses>
				<total>44</total>
				<timestamp>626.375437</timestamp>
			</report>
			<report>
				<misses>2509001</misses>
				<total>44</total>
				<timestamp>626.625186</timestamp>
			</report>
			<report>
				<misses>2510001</misses>
				<total>44</total>
				<timestamp>626.874936</timestamp>
			</report>
			<report>
				<misses>2511001</misses>
				<total>44</total>
				<timestamp>627.124682</timestamp>
			</report>
			<report>
				<misses>2512001</misses>
				<total>44</total>
				<timestamp>627.374452</timestamp>
			</report>
			<report>
				<misses>2513001</misses>
				<total>44</total>
				<timestamp>627.624206</timestamp>
			</report>
			<report>
				<misses>2514001</misses>
				<total>44</total>
				<timestamp>627.873934</timestamp>
			</report>
			<report>
				<misses>2515001</misses>
				<total>44</total>
				<timestamp>628.123758</timestamp>
			</report>
			<report>
				<misses>2516001</misses>
				<total>44</total>
				<timestamp>628.373428</timestamp>
			</report>
			<report>
				<misses>2517001</misses>
				<total>44</total>
				<timestamp>628.623171</timestamp>
			</report>
			<report>
				<misses>2518001</misses>
				<total>44</total>
				<timestamp>628.872938</timestamp>
			</report>
			<report>
				<misses>2519001</misses>
				<total>44</total>
				<timestamp>629.122699</timestamp>
			</report>
			<report>
				<misses>2520001</misses>
				<total>44</total>
				<timestamp>629.372438</timestamp>
			</report>
			<report>
				<misses>2521001</misses>
				<total>44</total>
				<timestamp>629.622198</timestamp>
			</report>
			<report>
				<misses>2522001</misses>
				<total>44</total>
				<timestamp>629.871931</timestamp>
			</report>
			<report>
				<misses>2523001</misses>
				<total>44</total>
				<timestamp>630.121737</timestamp>
			</report>
			<report>
				<misses>2524001</misses>
				<total>44</total>
				<timestamp>630.371425</timestamp>
			</report>
			<report>
				<misses>2525001</misses>
				<total>44</total>
				<timestamp>630.621200</timestamp>
			</report>
			<report>
				<misses>2526001</misses>
				<total>44</total>
				<timestamp>630.870930</timestamp>
			</report>
			<report>
				<misses>2527001</misses>
				<total>44</total>
				<timestamp>631.120692</timestamp>
			</report>
			<report>
				<misses>2528001</misses>
				<total>44</total>
				<timestamp>631.370452</timestamp>
			</report>
			<report>
				<misses>2529001</misses>
				<total>44</total>
				<timestamp>631.620203</timestamp>
			</report>
			<report>
				<misses>2530001</misses>
				<total>44</total>
				<timestamp>631.869935</timestamp>
			</report>
			<report>
				<misses>2531001</misses>
				<total>44</total>
				<timestamp>632.119704</timestamp>
			</report>
			<report>
				<misses>2532001</misses>
				<total>44</total>
				<timestamp>632.369433</timestamp>
			</report>
			<report>
				<misses>2533001</misses>
				<total>44</total>
				<timestamp>632.619182</timestamp>
			</report>
			<report>
				<misses>2534001</misses>
				<total>44</total>
				<timestamp>632.868931</timestamp>
			</report>
			<report>
				<misses>2535001</misses>
				<total>44</total>
				<timestamp>633.118740</timestamp>
			</report>
			<report>
				<misses>2536001</misses>
				<total>44</total>
				<timestamp>633.368430</timestamp>
			</report>
			<report>
				<misses>2537001</misses>
				<total>44</total>
				<timestamp>633.618219</timestamp>
			</report>
			<report>
				<misses>2538001</misses>
				<total>44</total>
				<timestamp>633.867924</timestamp>
			</report>
			<report>
				<misses>2539001</misses>
				<total>44</total>
				<timestamp>634.117719</timestamp>
			</report>
			<report>
				<misses>2540001</misses>
				<total>44</total>
				<timestamp>634.367424</timestamp>
			</report>
			<report>
				<misses>2541001</misses>
				<total>44</total>
				<timestamp>634.617212</timestamp>
			</report>
			<report>
				<misses>2542001</misses>
				<total>44</total>
				<timestamp>634.866947</timestamp>
			</report>
			<report>
				<misses>2543001</misses>
				<total>44</total>
				<timestamp>635.116731</timestamp>
			</report>
			<report>
				<misses>2544001</misses>
				<total>44</total>
				<timestamp>635.366435</timestamp>
			</report>
			<report>
				<misses>2545001</misses>
				<total>44</total>
				<timestamp>635.616168</timestamp>
			</report>
			<report>
				<misses>2546001</misses>
				<total>44</total>
				<timestamp>635.865921</timestamp>
			</report>
			<report>
				<misses>2547001</misses>
				<total>44</total>
				<timestamp>636.115716</timestamp>
			</report>
			<report>
				<misses>2548001</misses>
				<total>44</total>
				<timestamp>636.365426</timestamp>
			</report>
			<report>
				<misses>2549001</misses>
				<total>44</total>
				<timestamp>636.615196</timestamp>
			</report>
			<report>
				<misses>2550001</misses>
				<total>44</total>
				<timestamp>636.864929</timestamp>
			</report>
			<report>
				<misses>2551001</misses>
				<total>44</total>
				<timestamp>637.114700</timestamp>
			</report>
			<report>
				<misses>2552001</misses>
				<total>44</total>
				<timestamp>637.364432</timestamp>
			</report>
			<report>
				<misses>2553001</misses>
				<total>44</total>
				<timestamp>637.614215</timestamp>
			</report>
			<report>
				<misses>2554001</misses>
				<total>44</total>
				<timestamp>637.863934</timestamp>
			</report>
			<report>
				<misses>2555001</misses>
				<total>44</total>
				<timestamp>638.113685</timestamp>
			</report>
			<report>
				<misses>2556001</misses>
				<total>44</total>
				<timestamp>638.363445</timestamp>
			</report>
			<report>
				<misses>2557001</misses>
				<total>44</total>
				<timestamp>638.613180</timestamp>
			</report>
			<report>
				<misses>2558001</misses>
				<total>44</total>
				<timestamp>638.862968</timestamp>
			</report>
			<report>
				<misses>2559001</misses>
				<total>44</total>
				<timestamp>639.112711</timestamp>
			</report>
			<report>
				<misses>2560001</misses>
				<total>44</total>
				<timestamp>639.362430</timestamp>
			</report>
			<report>
				<misses>2561001</misses>
				<total>44</total>
				<timestamp>639.612207</timestamp>
			</report>
			<report>
				<misses>2562001</misses>
				<total>44</total>
				<timestamp>639.861960</timestamp>
			</report>
			<report>
				<misses>2563001</misses>
				<total>44</total>
				<timestamp>640.111699</timestamp>
			</report>
			<report>
				<misses>2564001</misses>
				<total>44</total>
				<timestamp>640.361441</timestamp>
			</report>
			<report>
				<misses>2565001</misses>
				<total>43</total>
				<timestamp>640.611221</timestamp>
			</report>
			<report>
				<misses>2566001</misses>
				<total>44</total>
				<timestamp>640.860929</timestamp>
			</report>
			<report>
				<misses>2567001</misses>
				<total>44</total>
				<timestamp>641.110716</timestamp>
			</report>
			<report>
				<misses>2568001</misses>
				<total>44</total>
				<timestamp>641.360424</timestamp>
			</report>
			<report>
				<misses>2569001</misses>
				<total>44</total>
				<timestamp>641.610233</timestamp>
			</report>
			<report>
				<misses>2570001</misses>
				<total>44</total>
				<timestamp>641.859923</timestamp>
			</report>
			<report>
				<misses>2571001</misses>
				<total>44</total>
				<timestamp>642.109711</timestamp>
			</report>
			<report>
				<misses>2572001</misses>
				<total>44</total>
				<timestamp>642.359465</timestamp>
			</report>
			<report>
				<misses>2573001</misses>
				<total>44</total>
				<timestamp>642.609177</timestamp>
			</report>
			<report>
				<misses>2574001</misses>
				<total>44</total>
				<timestamp>642.858973</timestamp>
			</report>
			<report>
				<misses>2575001</misses>
				<total>44</total>
				<timestamp>643.108717</timestamp>
			</report>
			<report>
				<misses>2576001</misses>
				<total>44</total>
				<timestamp>643.358420</timestamp>
			</report>
			<report>
				<misses>2577001</misses>
				<total>44</total>
				<timestamp>643.608204</timestamp>
			</report>
			<report>
				<misses>2578001</misses>
				<total>44</total>
				<timestamp>643.857930</timestamp>
			</report>
			<report>
				<misses>2579001</misses>
				<total>44</total>
				<timestamp>644.107691</timestamp>
			</report>
			<report>
				<misses>2580001</misses>
				<total>44</total>
				<timestamp>644.357412</timestamp>
			</report>
			<report>
				<misses>2581001</misses>
				<total>44</total>
				<timestamp>644.607191</timestamp>
			</report>
			<report>
				<misses>2582001</misses>
				<total>44</total>
				<timestamp>644.856929</timestamp>
			</report>
			<report>
				<misses>2583001</misses>
				<total>44</total>
				<timestamp>645.106720</timestamp>
			</report>
			<report>
				<misses>2584001</misses>
				<total>44</total>
				<timestamp>645.356449</timestamp>
			</report>
			<report>
				<misses>2585001</misses>
				<total>44</total>
				<timestamp>645.606181</timestamp>
			</report>
			<report>
				<misses>2586001</misses>
				<total>44</total>
				<timestamp>645.855921</timestamp>
			</report>
			<report>
				<misses>2587001</misses>
				<total>44</total>
				<timestamp>646.105705</timestamp>
			</report>
			<report>
				<misses>2588001</misses>
				<total>44</total>
				<timestamp>646.355411</timestamp>
			</report>
			<report>
				<misses>2589001</misses>
				<total>44</total>
				<timestamp>646.605164</timestamp>
			</report>
			<report>
				<misses>2590001</misses>
				<total>44</total>
				<timestamp>646.854935</timestamp>
			</report>
			<report>
				<misses>2591001</misses>
				<total>44</total>
				<timestamp>647.104729</timestamp>
			</report>
			<report>
				<misses>2592001</misses>
				<total>44</total>
				<timestamp>647.354425</timestamp>
			</report>
			<report>
				<misses>2593001</misses>
				<total>44</total>
				<timestamp>647.604168</timestamp>
			</report>
			<report>
				<misses>2594001</misses>
				<total>44</total>
				<timestamp>647.853934</timestamp>
			</report>
			<report>
				<misses>2595001</misses>
				<total>44</total>
				<timestamp>648.103704</timestamp>
			</report>
			<report>
				<misses>2596001</misses>
				<total>44</total>
				<timestamp>648.353429</timestamp>
			</report>
			<report>
				<misses>2597001</misses>
				<total>44</total>
				<timestamp>648.603169</timestamp>
			</report>
			<report>
				<misses>2598001</misses>
				<total>44</total>
				<timestamp>648.852914</timestamp>
			</report>
			<report>
				<misses>2599001</misses>
				<total>44</total>
				<timestamp>649.102725</timestamp>
			</report>
			<report>
				<misses>2600001</misses>
				<total>44</total>
				<timestamp>649.352450</timestamp>
			</report>
			<report>
				<misses>2601001</misses>
				<total>44</total>
				<timestamp>649.602203</timestamp>
			</report>
			<report>
				<misses>2602001</misses>
				<total>44</total>
				<timestamp>649.851931</timestamp>
			</report>
			<report>
				<misses>2603001</misses>
				<total>44</total>
				<timestamp>650.101684</timestamp>
			</report>
			<report>
				<misses>2604001</misses>
				<total>44</total>
				<timestamp>650.351480</timestamp>
			</report>
			<report>
				<misses>2605001</misses>
				<total>44</total>
				<timestamp>650.601164</timestamp>
			</report>
			<report>
				<misses>2606001</misses>
				<total>44</total>
				<timestamp>650.850954</timestamp>
			</report>
			<report>
				<misses>2607001</misses>
				<total>44</total>
				<timestamp>651.100683</timestamp>
			</report>
			<report>
				<misses>2608001</misses>
				<total>44</total>
				<timestamp>651.350477</timestamp>
			</report>
			<report>
				<misses>2609001</misses>
				<total>44</total>
				<timestamp>651.600190</timestamp>
			</report>
			<report>
				<misses>2610001</misses>
				<total>44</total>
				<timestamp>651.849923</timestamp>
			</report>
			<report>
				<misses>2611001</misses>
				<total>43</total>
				<timestamp>652.099701</timestamp>
			</report>
			<report>
				<misses>2612001</misses>
				<total>44</total>
				<timestamp>652.349449</timestamp>
			</report>
			<report>
				<misses>2613001</misses>
				<total>44</total>
				<timestamp>652.599179</timestamp>
			</report>
			<report>
				<misses>2614001</misses>
				<total>44</total>
				<timestamp>652.848951</timestamp>
			</report>
			<report>
				<misses>2615001</misses>
				<total>44</total>
				<timestamp>653.098678</timestamp>
			</report>
			<report>
				<misses>2616001</misses>
				<total>44</total>
				<timestamp>653.348458</timestamp>
			</report>
			<report>
				<misses>2617001</misses>
				<total>44</total>
				<timestamp>653.598198</timestamp>
			</report>
			<report>
				<misses>2618001</misses>
				<total>44</total>
				<timestamp>653.847949</timestamp>
			</report>
			<report>
				<misses>2619001</misses>
				<total>44</total>
				<timestamp>654.097674</timestamp>
			</report>
			<report>
				<misses>2620001</misses>
				<total>44</total>
				<timestamp>654.347429</timestamp>
			</report>
			<report>
				<misses>2621001</misses>
				<total>44</total>
				<timestamp>654.597204</timestamp>
			</report>
			<report>
				<misses>2622001</misses>
				<total>44</total>
				<timestamp>654.846951</timestamp>
			</report>
			<report>
				<misses>2623001</misses>
				<total>44</total>
				<timestamp>655.096696</timestamp>
			</report>
			<report>
				<misses>2624001</misses>
				<total>44</total>
				<timestamp>655.346494</timestamp>
			</report>
			<report>
				<misses>2625001</misses>
				<total>44</total>
				<timestamp>655.596177</timestamp>
			</report>
			<report>
				<misses>2626001</misses>
				<total>44</total>
				<timestamp>655.845963</timestamp>
			</report>
			<report>
				<misses>2627001</misses>
				<total>44</total>
				<timestamp>656.095726</timestamp>
			</report>
			<report>
				<misses>2628001</misses>
				<total>44</total>
				<timestamp>656.345459</timestamp>
			</report>
			<report>
				<misses>2629001</misses>
				<total>44</total>
				<timestamp>656.595187</timestamp>
			</report>
			<report>
				<misses>2630001</misses>
				<total>44</total>
				<timestamp>656.844949</timestamp>
			</report>
			<report>
				<misses>2631001</misses>
				<total>44</total>
				<timestamp>657.094684</timestamp>
			</report>
			<report>
				<misses>2632001</misses>
				<total>44</total>
				<timestamp>657.344441</timestamp>
			</report>
			<report>
				<misses>2633001</misses>
				<total>44</total>
				<timestamp>657.594179</timestamp>
			</report>
			<report>
				<misses>2634001</misses>
				<total>44</total>
				<timestamp>657.843947</timestamp>
			</report>
			<report>
				<misses>2635001</misses>
				<total>44</total>
				<timestamp>658.093689</timestamp>
			</report>
			<report>
				<misses>2636001</misses>
				<total>44</total>
				<timestamp>658.343476</timestamp>
			</report>
			<report>
				<misses>2637001</misses>
				<total>44</total>
				<timestamp>658.593193</timestamp>
			</report>
			<report>
				<misses>2638001</misses>
				<total>44</total>
				<timestamp>658.842927</timestamp>
			</report>
			<report>
				<misses>2639001</misses>
				<total>44</total>
				<timestamp>659.092692</timestamp>
			</report>
			<report>
				<misses>2640001</misses>
				<total>44</total>
				<timestamp>659.342489</timestamp>
			</report>
			<report>
				<misses>2641001</misses>
				<total>44</total>
				<timestamp>659.592202</timestamp>
			</report>
			<report>
				<misses>2642001</misses>
				<total>44</total>
				<timestamp>659.841926</timestamp>
			</report>
			<report>
				<misses>2643001</misses>
				<total>44</total>
				<timestamp>660.091678</timestamp>
			</report>
			<report>
				<misses>2644001</misses>
				<total>44</total>
				<timestamp>660.341464</timestamp>
			</report>
			<report>
				<misses>2645001</misses>
				<total>44</total>
				<timestamp>660.591178</timestamp>
			</report>
			<report>
				<misses>2646001</misses>
				<total>44</total>
				<timestamp>660.840939</timestamp>
			</report>
			<report>
				<misses>2647001</misses>
				<total>44</total>
				<timestamp>661.090683</timestamp>
			</report>
			<report>
				<misses>2648001</misses>
				<total>43</total>
				<timestamp>661.340498</timestamp>
			</report>
			<report>
				<misses>2649001</misses>
				<total>44</total>
				<timestamp>661.590215</timestamp>
			</report>
			<report>
				<misses>2650001</misses>
				<total>44</total>
				<timestamp>661.839955</timestamp>
			</report>
			<report>
				<misses>2651001</misses>
				<total>44</total>
				<timestamp>662.089681</timestamp>
			</report>
			<report>
				<misses>2652001</misses>
				<total>44</total>
				<timestamp>662.339452</timestamp>
			</report>
			<report>
				<misses>2653001</misses>
				<total>44</total>
				<timestamp>662.589161</timestamp>
			</report>
			<report>
				<misses>2654001</misses>
				<total>43</total>
				<timestamp>662.838934</timestamp>
			</report>
			<report>
				<misses>2655001</misses>
				<total>44</total>
				<timestamp>663.088690</timestamp>
			</report>
			<report>
				<misses>2656001</misses>
				<total>44</total>
				<timestamp>663.338465</timestamp>
			</report>
			<report>
				<misses>2657001</misses>
				<total>44</total>
				<timestamp>663.588201</timestamp>
			</report>
			<report>
				<misses>2658001</misses>
				<total>44</total>
				<timestamp>663.837935</timestamp>
			</report>
			<report>
				<misses>2659001</misses>
				<total>44</total>
				<timestamp>664.087661</timestamp>
			</report>
			<report>
				<misses>2660001</misses>
				<total>44</total>
				<timestamp>664.337461</timestamp>
			</report>
			<report>
				<misses>2661001</misses>
				<total>44</total>
				<timestamp>664.587186</timestamp>
			</report>
			<report>
				<misses>2662001</misses>
				<total>44</total>
				<timestamp>664.836934</timestamp>
			</report>
			<report>
				<misses>2663001</misses>
				<total>44</total>
				<timestamp>665.086686</timestamp>
			</report>
			<report>
				<misses>2664001</misses>
				<total>44</total>
				<timestamp>665.336453</timestamp>
			</report>
			<report>
				<misses>2665001</misses>
				<total>44</total>
				<timestamp>665.586226</timestamp>
			</report>
			<report>
				<misses>2666001</misses>
				<total>44</total>
				<timestamp>665.835938</timestamp>
			</report>
			<report>
				<misses>2667001</misses>
				<total>44</total>
				<timestamp>666.085688</timestamp>
			</report>
			<report>
				<misses>2668001</misses>
				<total>44</total>
				<timestamp>666.335448</timestamp>
			</report>
			<report>
				<misses>2669001</misses>
				<total>44</total>
				<timestamp>666.585209</timestamp>
			</report>
			<report>
				<misses>2670001</misses>
				<total>44</total>
				<timestamp>666.834988</timestamp>
			</report>
			<report>
				<misses>2671001</misses>
				<total>44</total>
				<timestamp>667.084689</timestamp>
			</report>
			<report>
				<misses>2672001</misses>
				<total>44</total>
				<timestamp>667.334433</timestamp>
			</report>
			<report>
				<misses>2673001</misses>
				<total>44</total>
				<timestamp>667.584182</timestamp>
			</report>
			<report>
				<misses>2674001</misses>
				<total>43</total>
				<timestamp>667.833928</timestamp>
			</report>
			<report>
				<misses>2675001</misses>
				<total>44</total>
				<timestamp>668.083687</timestamp>
			</report>
			<report>
				<misses>2676001</misses>
				<total>44</total>
				<timestamp>668.333458</timestamp>
			</report>
			<report>
				<misses>2677001</misses>
				<total>44</total>
				<timestamp>668.583180</timestamp>
			</report>
			<report>
				<misses>2678001</misses>
				<total>44</total>
				<timestamp>668.832931</timestamp>
			</report>
			<report>
				<misses>2679001</misses>
				<total>44</total>
				<timestamp>669.082674</timestamp>
			</report>
			<report>
				<misses>2680001</misses>
				<total>44</total>
				<timestamp>669.332472</timestamp>
			</report>
			<report>
				<misses>2681001</misses>
				<total>44</total>
				<timestamp>669.582238</timestamp>
			</report>
			<report>
				<misses>2682001</misses>
				<total>44</total>
				<timestamp>669.831942</timestamp>
			</report>
			<report>
				<misses>2683001</misses>
				<total>44</total>
				<timestamp>670.081713</timestamp>
			</report>
			<report>
				<misses>2684001</misses>
				<total>44</total>
				<timestamp>670.331438</timestamp>
			</report>
			<report>
				<misses>2685001</misses>
				<total>44</total>
				<timestamp>670.581187</timestamp>
			</report>
			<report>
				<misses>2686001</misses>
				<total>44</total>
				<timestamp>670.830936</timestamp>
			</report>
			<report>
				<misses>2687001</misses>
				<total>44</total>
				<timestamp>671.080694</timestamp>
			</report>
			<report>
				<misses>2688001</misses>
				<total>44</total>
				<timestamp>671.330443</timestamp>
			</report>
			<report>
				<misses>2689001</misses>
				<total>44</total>
				<timestamp>671.580227</timestamp>
			</report>
			<report>
				<misses>2690001</misses>
				<total>44</total>
				<timestamp>671.829932</timestamp>
			</report>
			<report>
				<misses>2691001</misses>
				<total>44</total>
				<timestamp>672.079679</timestamp>
			</report>
			<report>
				<misses>2692001</misses>
				<total>44</total>
				<timestamp>672.329435</timestamp>
			</report>
			<report>
				<misses>2693001</misses>
				<total>44</total>
				<timestamp>672.579212</timestamp>
			</report>
			<report>
				<misses>2694001</misses>
				<total>44</total>
				<timestamp>672.828923</timestamp>
			</report>
			<report>
				<misses>2695001</misses>
				<total>44</total>
				<timestamp>673.078687</timestamp>
			</report>
			<report>
				<misses>2696001</misses>
				<total>44</total>
				<timestamp>673.328441</timestamp>
			</report>
			<report>
				<misses>2697001</misses>
				<total>44</total>
				<timestamp>673.578210</timestamp>
			</report>
			<report>
				<misses>2698001</misses>
				<total>44</total>
				<timestamp>673.827931</timestamp>
			</report>
			<report>
				<misses>2699001</misses>
				<total>44</total>
				<timestamp>674.077668</timestamp>
			</report>
			<report>
				<misses>2700001</misses>
				<total>44</total>
				<timestamp>674.327448</timestamp>
			</report>
			<report>
				<misses>2701001</misses>
				<total>44</total>
				<timestamp>674.577220</timestamp>
			</report>
			<report>
				<misses>2702001</misses>
				<total>44</total>
				<timestamp>674.826918</timestamp>
			</report>
			<report>
				<misses>2703001</misses>
				<total>44</total>
				<timestamp>675.076699</timestamp>
			</report>
			<report>
				<misses>2704001</misses>
				<total>44</total>
				<timestamp>675.326522</timestamp>
			</report>
			<report>
				<misses>2705001</misses>
				<total>44</total>
				<timestamp>675.576182</timestamp>
			</report>
			<report>
				<misses>2706001</misses>
				<total>44</total>
				<timestamp>675.826007</timestamp>
			</report>
			<report>
				<misses>2707001</misses>
				<total>44</total>
				<timestamp>676.075692</timestamp>
			</report>
			<report>
				<misses>2708001</misses>
				<total>44</total>
				<timestamp>676.325442</timestamp>
			</report>
			<report>
				<misses>2709001</misses>
				<total>44</total>
				<timestamp>676.575173</timestamp>
			</report>
			<report>
				<misses>2710001</misses>
				<total>44</total>
				<timestamp>676.824953</timestamp>
			</report>
			<report>
				<misses>2711001</misses>
				<total>44</total>
				<timestamp>677.074675</timestamp>
			</report>
			<report>
				<misses>2712001</misses>
				<total>44</total>
				<timestamp>677.324420</timestamp>
			</report>
			<report>
				<misses>2713001</misses>
				<total>44</total>
				<timestamp>677.574197</timestamp>
			</report>
			<report>
				<misses>2714001</misses>
				<total>44</total>
				<timestamp>677.823940</timestamp>
			</report>
			<report>
				<misses>2715001</misses>
				<total>44</total>
				<timestamp>678.073717</timestamp>
			</report>
			<report>
				<misses>2716001</misses>
				<total>45</total>
				<timestamp>678.323469</timestamp>
			</report>
			<report>
				<misses>2717001</misses>
				<total>45</total>
				<timestamp>678.573213</timestamp>
			</report>
			<report>
				<misses>2718001</misses>
				<total>45</total>
				<timestamp>678.822926</timestamp>
			</report>
			<report>
				<misses>2719001</misses>
				<total>45</total>
				<timestamp>679.072685</timestamp>
			</report>
			<report>
				<misses>2720001</misses>
				<total>45</total>
				<timestamp>679.322478</timestamp>
			</report>
			<report>
				<misses>2721001</misses>
				<total>45</total>
				<timestamp>679.572201</timestamp>
			</report>
			<report>
				<misses>2722001</misses>
				<total>45</total>
				<timestamp>679.821933</timestamp>
			</report>
			<report>
				<misses>2723001</misses>
				<total>45</total>
				<timestamp>680.071682</timestamp>
			</report>
			<report>
				<misses>2724001</misses>
				<total>45</total>
				<timestamp>680.321473</timestamp>
			</report>
			<report>
				<misses>2725001</misses>
				<total>45</total>
				<timestamp>680.571220</timestamp>
			</report>
			<report>
				<misses>2726001</misses>
				<total>45</total>
				<timestamp>680.820935</timestamp>
			</report>
			<report>
				<misses>2727001</misses>
				<total>45</total>
				<timestamp>681.070700</timestamp>
			</report>
			<report>
				<misses>2728001</misses>
				<total>45</total>
				<timestamp>681.320428</timestamp>
			</report>
			<report>
				<misses>2729001</misses>
				<total>45</total>
				<timestamp>681.570213</timestamp>
			</report>
			<report>
				<misses>2730001</misses>
				<total>45</total>
				<timestamp>681.819988</timestamp>
			</report>
			<report>
				<misses>2731001</misses>
				<total>45</total>
				<timestamp>682.069671</timestamp>
			</report>
			<report>
				<misses>2732001</misses>
				<total>45</total>
				<timestamp>682.319476</timestamp>
			</report>
			<report>
				<misses>2733001</misses>
				<total>45</total>
				<timestamp>682.569184</timestamp>
			</report>
			<report>
				<misses>2734001</misses>
				<total>45</total>
				<timestamp>682.818945</timestamp>
			</report>
			<report>
				<misses>2735001</misses>
				<total>45</total>
				<timestamp>683.068686</timestamp>
			</report>
			<report>
				<misses>2736001</misses>
				<total>45</total>
				<timestamp>683.318487</timestamp>
			</report>
			<report>
				<misses>2737001</misses>
				<total>45</total>
				<timestamp>683.568232</timestamp>
			</report>
			<report>
				<misses>2738001</misses>
				<total>45</total>
				<timestamp>683.817939</timestamp>
			</report>
			<report>
				<misses>2739001</misses>
				<total>45</total>
				<timestamp>684.067670</timestamp>
			</report>
			<report>
				<misses>2740001</misses>
				<total>45</total>
				<timestamp>684.317502</timestamp>
			</report>
			<report>
				<misses>2741001</misses>
				<total>45</total>
				<timestamp>684.567215</timestamp>
			</report>
			<report>
				<misses>2742001</misses>
				<total>45</total>
				<timestamp>684.816954</timestamp>
			</report>
			<report>
				<misses>2743001</misses>
				<total>45</total>
				<timestamp>685.066669</timestamp>
			</report>
			<report>
				<misses>2744001</misses>
				<total>45</total>
				<timestamp>685.316485</timestamp>
			</report>
			<report>
				<misses>2745001</misses>
				<total>45</total>
				<timestamp>685.566208</timestamp>
			</report>
			<report>
				<misses>2746001</misses>
				<total>45</total>
				<timestamp>685.815934</timestamp>
			</report>
			<report>
				<misses>2747001</misses>
				<total>45</total>
				<timestamp>686.065685</timestamp>
			</report>
			<report>
				<misses>2748001</misses>
				<total>45</total>
				<timestamp>686.315458</timestamp>
			</report>
			<report>
				<misses>2749001</misses>
				<total>45</total>
				<timestamp>686.565180</timestamp>
			</report>
			<report>
				<misses>2750001</misses>
				<total>45</total>
				<timestamp>686.814954</timestamp>
			</report>
			<report>
				<misses>2751001</misses>
				<total>45</total>
				<timestamp>687.064691</timestamp>
			</report>
			<report>
				<misses>2752001</misses>
				<total>45</total>
				<timestamp>687.314460</timestamp>
			</report>
			<report>
				<misses>2753001</misses>
				<total>45</total>
				<timestamp>687.564237</timestamp>
			</report>
			<report>
				<misses>2754001</misses>
				<total>45</total>
				<timestamp>687.813924</timestamp>
			</report>
			<report>
				<misses>2755001</misses>
				<total>45</total>
				<timestamp>688.063693</timestamp>
			</report>
			<report>
				<misses>2756001</misses>
				<total>45</total>
				<timestamp>688.313451</timestamp>
			</report>
			<report>
				<misses>2757001</misses>
				<total>45</total>
				<timestamp>688.563242</timestamp>
			</report>
			<report>
				<misses>2758001</misses>
				<total>45</total>
				<timestamp>688.812981</timestamp>
			</report>
			<report>
				<misses>2759001</misses>
				<total>46</total>
				<timestamp>689.062698</timestamp>
			</report>
			<report>
				<misses>2760001</misses>
				<total>46</total>
				<timestamp>689.312466</timestamp>
			</report>
			<report>
				<misses>2761001</misses>
				<total>46</total>
				<timestamp>689.562173</timestamp>
			</report>
			<report>
				<misses>2762001</misses>
				<total>46</total>
				<timestamp>689.811923</timestamp>
			</report>
			<report>
				<misses>2763001</misses>
				<total>46</total>
				<timestamp>690.061670</timestamp>
			</report>
			<report>
				<misses>2764001</misses>
				<total>46</total>
				<timestamp>690.311440</timestamp>
			</report>
			<report>
				<misses>2765001</misses>
				<total>46</total>
				<timestamp>690.561241</timestamp>
			</report>
			<report>
				<misses>2766001</misses>
				<total>46</total>
				<timestamp>690.810938</timestamp>
			</report>
			<report>
				<misses>2767001</misses>
				<total>46</total>
				<timestamp>691.060692</timestamp>
			</report>
			<report>
				<misses>2768001</misses>
				<total>46</total>
				<timestamp>691.310458</timestamp>
			</report>
			<report>
				<misses>2769001</misses>
				<total>46</total>
				<timestamp>691.560225</timestamp>
			</report>
			<report>
				<misses>2770001</misses>
				<total>46</total>
				<timestamp>691.809935</timestamp>
			</report>
			<report>
				<misses>2771001</misses>
				<total>46</total>
				<timestamp>692.059675</timestamp>
			</report>
			<report>
				<misses>2772001</misses>
				<total>46</total>
				<timestamp>692.309448</timestamp>
			</report>
			<report>
				<misses>2773001</misses>
				<total>46</total>
				<timestamp>692.559187</timestamp>
			</report>
			<report>
				<misses>2774001</misses>
				<total>46</total>
				<timestamp>692.808926</timestamp>
			</report>
			<report>
				<misses>2775001</misses>
				<total>46</total>
				<timestamp>693.058722</timestamp>
			</report>
			<report>
				<misses>2776001</misses>
				<total>46</total>
				<timestamp>693.308449</timestamp>
			</report>
			<report>
				<misses>2777001</misses>
				<total>46</total>
				<timestamp>693.558191</timestamp>
			</report>
			<report>
				<misses>2778001</misses>
				<total>46</total>
				<timestamp>693.807944</timestamp>
			</report>
			<report>
				<misses>2779001</misses>
				<total>46</total>
				<timestamp>694.057686</timestamp>
			</report>
			<report>
				<misses>2780001</misses>
				<total>46</total>
				<timestamp>694.307440</timestamp>
			</report>
			<report>
				<misses>2781001</misses>
				<total>46</total>
				<timestamp>694.557201</timestamp>
			</report>
			<report>
				<misses>2782001</misses>
				<total>46</total>
				<timestamp>694.806939</timestamp>
			</report>
			<report>
				<misses>2783001</misses>
				<total>46</total>
				<timestamp>695.056706</timestamp>
			</report>
			<report>
				<misses>2784001</misses>
				<total>46</total>
				<timestamp>695.306440</timestamp>
			</report>
			<report>
				<misses>2785001</misses>
				<total>46</total>
				<timestamp>695.556221</timestamp>
			</report>
			<report>
				<misses>2786001</misses>
				<total>46</total>
				<timestamp>695.805980</timestamp>
			</report>
			<report>
				<misses>2787001</misses>
				<total>46</total>
				<timestamp>696.055687</timestamp>
			</report>
			<report>
				<misses>2788001</misses>
				<total>46</total>
				<timestamp>696.305457</timestamp>
			</report>
			<report>
				<misses>2789001</misses>
				<total>46</total>
				<timestamp>696.555187</timestamp>
			</report>
			<report>
				<misses>2790001</misses>
				<total>46</total>
				<timestamp>696.804959</timestamp>
			</report>
			<report>
				<misses>2791001</misses>
				<total>46</total>
				<timestamp>697.054705</timestamp>
			</report>
			<report>
				<misses>2792001</misses>
				<total>46</total>
				<timestamp>697.304457</timestamp>
			</report>
			<report>
				<misses>2793001</misses>
				<total>46</total>
				<timestamp>697.554242</timestamp>
			</report>
			<report>
				<misses>2794001</misses>
				<total>46</total>
				<timestamp>697.803971</timestamp>
			</report>
			<report>
				<misses>2795001</misses>
				<total>46</total>
				<timestamp>698.053678</timestamp>
			</report>
			<report>
				<misses>2796001</misses>
				<total>46</total>
				<timestamp>698.303454</timestamp>
			</report>
			<report>
				<misses>2797001</misses>
				<total>46</total>
				<timestamp>698.553218</timestamp>
			</report>
			<report>
				<misses>2798001</misses>
				<total>46</total>
				<timestamp>698.802974</timestamp>
			</report>
			<report>
				<misses>2799001</misses>
				<total>46</total>
				<timestamp>699.052693</timestamp>
			</report>
			<report>
				<misses>2800001</misses>
				<total>46</total>
				<timestamp>699.302429</timestamp>
			</report>
			<report>
				<misses>2801001</misses>
				<total>46</total>
				<timestamp>699.552270</timestamp>
			</report>
			<report>
				<misses>2802001</misses>
				<total>46</total>
				<timestamp>699.801969</timestamp>
			</report>
			<report>
				<misses>2803001</misses>
				<total>46</total>
				<timestamp>700.051676</timestamp>
			</report>
			<report>
				<misses>2804001</misses>
				<total>46</total>
				<timestamp>700.301464</timestamp>
			</report>
			<report>
				<misses>2805001</misses>
				<total>46</total>
				<timestamp>700.551254</timestamp>
			</report>
			<report>
				<misses>2806001</misses>
				<total>46</total>
				<timestamp>700.800919</timestamp>
			</report>
			<report>
				<misses>2807001</misses>
				<total>46</total>
				<timestamp>701.050673</timestamp>
			</report>
			<report>
				<misses>2808001</misses>
				<total>46</total>
				<timestamp>701.300413</timestamp>
			</report>
			<report>
				<misses>2809001</misses>
				<total>46</total>
				<timestamp>701.550202</timestamp>
			</report>
			<report>
				<misses>2810001</misses>
				<total>46</total>
				<timestamp>701.799924</timestamp>
			</report>
			<report>
				<misses>2811001</misses>
				<total>46</total>
				<timestamp>702.049668</timestamp>
			</report>
			<report>
				<misses>2812001</misses>
				<total>46</total>
				<timestamp>702.299432</timestamp>
			</report>
			<report>
				<misses>2813001</misses>
				<total>46</total>
				<timestamp>702.549224</timestamp>
			</report>
			<report>
				<misses>2814001</misses>
				<total>46</total>
				<timestamp>702.798940</timestamp>
			</report>
			<report>
				<misses>2815001</misses>
				<total>46</total>
				<timestamp>703.048662</timestamp>
			</report>
			<report>
				<misses>2816001</misses>
				<total>45</total>
				<timestamp>703.298445</timestamp>
			</report>
			<report>
				<misses>2817001</misses>
				<total>46</total>
				<timestamp>703.548211</timestamp>
			</report>
			<report>
				<misses>2818001</misses>
				<total>46</total>
				<timestamp>703.797975</timestamp>
			</report>
			<report>
				<misses>2819001</misses>
				<total>46</total>
				<timestamp>704.047654</timestamp>
			</report>
			<report>
				<misses>2820001</misses>
				<total>46</total>
				<timestamp>704.297435</timestamp>
			</report>
			<report>
				<misses>2821001</misses>
				<total>46</total>
				<timestamp>704.547204</timestamp>
			</report>
			<report>
				<misses>2822001</misses>
				<total>46</total>
				<timestamp>704.796946</timestamp>
			</report>
			<report>
				<misses>2823001</misses>
				<total>45</total>
				<timestamp>705.046714</timestamp>
			</report>
			<report>
				<misses>2824001</misses>
				<total>46</total>
				<timestamp>705.296430</timestamp>
			</report>
			<report>
				<misses>2825001</misses>
				<total>46</total>
				<timestamp>705.546206</timestamp>
			</report>
			<report>
				<misses>2826001</misses>
				<total>46</total>
				<timestamp>705.795907</timestamp>
			</report>
			<report>
				<misses>2827001</misses>
				<total>46</total>
				<timestamp>706.045691</timestamp>
			</report>
			<report>
				<misses>2828001</misses>
				<total>46</total>
				<timestamp>706.295447</timestamp>
			</report>
			<report>
				<misses>2829001</misses>
				<total>46</total>
				<timestamp>706.545249</timestamp>
			</report>
			<report>
				<misses>2830001</misses>
				<total>46</total>
				<timestamp>706.794927</timestamp>
			</report>
			<report>
				<misses>2831001</misses>
				<total>46</total>
				<timestamp>707.044694</timestamp>
			</report>
			<report>
				<misses>2832001</misses>
				<total>46</total>
				<timestamp>707.294445</timestamp>
			</report>
			<report>
				<misses>2833001</misses>
				<total>46</total>
				<timestamp>707.544199</timestamp>
			</report>
			<report>
				<misses>2834001</misses>
				<total>46</total>
				<timestamp>707.793935</timestamp>
			</report>
			<report>
				<misses>2835001</misses>
				<total>46</total>
				<timestamp>708.043679</timestamp>
			</report>
			<report>
				<misses>2836001</misses>
				<total>46</total>
				<timestamp>708.293443</timestamp>
			</report>
			<report>
				<misses>2837001</misses>
				<total>46</total>
				<timestamp>708.543190</timestamp>
			</report>
			<report>
				<misses>2838001</misses>
				<total>46</total>
				<timestamp>708.792934</timestamp>
			</report>
			<report>
				<misses>2839001</misses>
				<total>46</total>
				<timestamp>709.042695</timestamp>
			</report>
			<report>
				<misses>2840001</misses>
				<total>46</total>
				<timestamp>709.292445</timestamp>
			</report>
			<report>
				<misses>2841001</misses>
				<total>46</total>
				<timestamp>709.542196</timestamp>
			</report>
			<report>
				<misses>2842001</misses>
				<total>46</total>
				<timestamp>709.791938</timestamp>
			</report>
			<report>
				<misses>2843001</misses>
				<total>46</total>
				<timestamp>710.041681</timestamp>
			</report>
			<report>
				<misses>2844001</misses>
				<total>46</total>
				<timestamp>710.291424</timestamp>
			</report>
			<report>
				<misses>2845001</misses>
				<total>46</total>
				<timestamp>710.541174</timestamp>
			</report>
			<report>
				<misses>2846001</misses>
				<total>46</total>
				<timestamp>710.790954</timestamp>
			</report>
			<report>
				<misses>2847001</misses>
				<total>46</total>
				<timestamp>711.040671</timestamp>
			</report>
			<report>
				<misses>2848001</misses>
				<total>46</total>
				<timestamp>711.290425</timestamp>
			</report>
			<report>
				<misses>2849001</misses>
				<total>46</total>
				<timestamp>711.540165</timestamp>
			</report>
			<report>
				<misses>2850001</misses>
				<total>46</total>
				<timestamp>711.789953</timestamp>
			</report>
			<report>
				<misses>2851001</misses>
				<total>46</total>
				<timestamp>712.039672</timestamp>
			</report>
			<report>
				<misses>2852001</misses>
				<total>46</total>
				<timestamp>712.289409</timestamp>
			</report>
			<report>
				<misses>2853001</misses>
				<total>46</total>
				<timestamp>712.539210</timestamp>
			</report>
			<report>
				<misses>2854001</misses>
				<total>46</total>
				<timestamp>712.788945</timestamp>
			</report>
			<report>
				<misses>2855001</misses>
				<total>46</total>
				<timestamp>713.038680</timestamp>
			</report>
			<report>
				<misses>2856001</misses>
				<total>46</total>
				<timestamp>713.288454</timestamp>
			</report>
			<report>
				<misses>2857001</misses>
				<total>46</total>
				<timestamp>713.538193</timestamp>
			</report>
			<report>
				<misses>2858001</misses>
				<total>46</total>
				<timestamp>713.787941</timestamp>
			</report>
			<report>
				<misses>2859001</misses>
				<total>46</total>
				<timestamp>714.037668</timestamp>
			</report>
			<report>
				<misses>2860001</misses>
				<total>46</total>
				<timestamp>714.287428</timestamp>
			</report>
			<report>
				<misses>2861001</misses>
				<total>46</total>
				<timestamp>714.537259</timestamp>
			</report>
			<report>
				<misses>2862001</misses>
				<total>46</total>
				<timestamp>714.786941</timestamp>
			</report>
			<report>
				<misses>2863001</misses>
				<total>46</total>
				<timestamp>715.036696</timestamp>
			</report>
			<report>
				<misses>2864001</misses>
				<total>46</total>
				<timestamp>715.286413</timestamp>
			</report>
			<report>
				<misses>2865001</misses>
				<total>46</total>
				<timestamp>715.536232</timestamp>
			</report>
			<report>
				<misses>2866001</misses>
				<total>46</total>
				<timestamp>715.785967</timestamp>
			</report>
			<report>
				<misses>2867001</misses>
				<total>46</total>
				<timestamp>716.035656</timestamp>
			</report>
			<report>
				<misses>2868001</misses>
				<total>46</total>
				<timestamp>716.285416</timestamp>
			</report>
			<report>
				<misses>2869001</misses>
				<total>46</total>
				<timestamp>716.535207</timestamp>
			</report>
			<report>
				<misses>2870001</misses>
				<total>45</total>
				<timestamp>716.784954</timestamp>
			</report>
			<report>
				<misses>2871001</misses>
				<total>46</total>
				<timestamp>717.034722</timestamp>
			</report>
			<report>
				<misses>2872001</misses>
				<total>46</total>
				<timestamp>717.284434</timestamp>
			</report>
			<report>
				<misses>2873001</misses>
				<total>46</total>
				<timestamp>717.534237</timestamp>
			</report>
			<report>
				<misses>2874001</misses>
				<total>46</total>
				<timestamp>717.783911</timestamp>
			</report>
			<report>
				<misses>2875001</misses>
				<total>46</total>
				<timestamp>718.033677</timestamp>
			</report>
			<report>
				<misses>2876001</misses>
				<total>45</total>
				<timestamp>718.283432</timestamp>
			</report>
			<report>
				<misses>2877001</misses>
				<total>46</total>
				<timestamp>718.533205</timestamp>
			</report>
			<report>
				<misses>2878001</misses>
				<total>46</total>
				<timestamp>718.782921</timestamp>
			</report>
			<report>
				<misses>2879001</misses>
				<total>46</total>
				<timestamp>719.032690</timestamp>
			</report>
			<report>
				<misses>2880001</misses>
				<total>46</total>
				<timestamp>719.282441</timestamp>
			</report>
			<report>
				<misses>2881001</misses>
				<total>46</total>
				<timestamp>719.532177</timestamp>
			</report>
			<report>
				<misses>2882001</misses>
				<total>46</total>
				<timestamp>719.781912</timestamp>
			</report>
			<report>
				<misses>2883001</misses>
				<total>46</total>
				<timestamp>720.031667</timestamp>
			</report>
			<report>
				<misses>2884001</misses>
				<total>46</total>
				<timestamp>720.281426</timestamp>
			</report>
			<report>
				<misses>2885001</misses>
				<total>46</total>
				<timestamp>720.531165</timestamp>
			</report>
			<report>
				<misses>2886001</misses>
				<total>46</total>
				<timestamp>720.780940</timestamp>
			</report>
			<report>
				<misses>2887001</misses>
				<total>46</total>
				<timestamp>721.030691</timestamp>
			</report>
			<report>
				<misses>2888001</misses>
				<total>46</total>
				<timestamp>721.280449</timestamp>
			</report>
			<report>
				<misses>2889001</misses>
				<total>46</total>
				<timestamp>721.530218</timestamp>
			</report>
			<report>
				<misses>2890001</misses>
				<total>46</total>
				<timestamp>721.779934</timestamp>
			</report>
			<report>
				<misses>2891001</misses>
				<total>46</total>
				<timestamp>722.029694</timestamp>
			</report>
			<report>
				<misses>2892001</misses>
				<total>46</total>
				<timestamp>722.279422</timestamp>
			</report>
			<report>
				<misses>2893001</misses>
				<total>46</total>
				<timestamp>722.529166</timestamp>
			</report>
			<report>
				<misses>2894001</misses>
				<total>46</total>
				<timestamp>722.778915</timestamp>
			</report>
			<report>
				<misses>2895001</misses>
				<total>46</total>
				<timestamp>723.028717</timestamp>
			</report>
			<report>
				<misses>2896001</misses>
				<total>46</total>
				<timestamp>723.278423</timestamp>
			</report>
			<report>
				<misses>2897001</misses>
				<total>46</total>
				<timestamp>723.528228</timestamp>
			</report>
			<report>
				<misses>2898001</misses>
				<total>46</total>
				<timestamp>723.777974</timestamp>
			</report>
			<report>
				<misses>2899001</misses>
				<total>46</total>
				<timestamp>724.027663</timestamp>
			</report>
			<report>
				<misses>2900001</misses>
				<total>46</total>
				<timestamp>724.277445</timestamp>
			</report>
			<report>
				<misses>2901001</misses>
				<total>46</total>
				<timestamp>724.527267</timestamp>
			</report>
			<report>
				<misses>2902001</misses>
				<total>46</total>
				<timestamp>724.777026</timestamp>
			</report>
			<report>
				<misses>2903001</misses>
				<total>46</total>
				<timestamp>725.026672</timestamp>
			</report>
			<report>
				<misses>2904001</misses>
				<total>46</total>
				<timestamp>725.276421</timestamp>
			</report>
			<report>
				<misses>2905001</misses>
				<total>46</total>
				<timestamp>725.526180</timestamp>
			</report>
			<report>
				<misses>2906001</misses>
				<total>46</total>
				<timestamp>725.775949</timestamp>
			</report>
			<report>
				<misses>2907001</misses>
				<total>46</total>
				<timestamp>726.025673</timestamp>
			</report>
			<report>
				<misses>2908001</misses>
				<total>46</total>
				<timestamp>726.275460</timestamp>
			</report>
			<report>
				<misses>2909001</misses>
				<total>46</total>
				<timestamp>726.525205</timestamp>
			</report>
			<report>
				<misses>2910001</misses>
				<total>46</total>
				<timestamp>726.774972</timestamp>
			</report>
			<report>
				<misses>2911001</misses>
				<total>46</total>
				<timestamp>727.024679</timestamp>
			</report>
			<report>
				<misses>2912001</misses>
				<total>46</total>
				<timestamp>727.274418</timestamp>
			</report>
			<report>
				<misses>2913001</misses>
				<total>46</total>
				<timestamp>727.524182</timestamp>
			</report>
			<report>
				<misses>2914001</misses>
				<total>46</total>
				<timestamp>727.773934</timestamp>
			</report>
			<report>
				<misses>2915001</misses>
				<total>46</total>
				<timestamp>728.023693</timestamp>
			</report>
			<report>
				<misses>2916001</misses>
				<total>46</total>
				<timestamp>728.273413</timestamp>
			</report>
			<report>
				<misses>2917001</misses>
				<total>47</total>
				<timestamp>728.523168</timestamp>
			</report>
			<report>
				<misses>2918001</misses>
				<total>47</total>
				<timestamp>728.772929</timestamp>
			</report>
			<report>
				<misses>2919001</misses>
				<total>47</total>
				<timestamp>729.022688</timestamp>
			</report>
			<report>
				<misses>2920001</misses>
				<total>47</total>
				<timestamp>729.272441</timestamp>
			</report>
			<report>
				<misses>2921001</misses>
				<total>46</total>
				<timestamp>729.522196</timestamp>
			</report>
			<report>
				<misses>2922001</misses>
				<total>47</total>
				<timestamp>729.771978</timestamp>
			</report>
			<report>
				<misses>2923001</misses>
				<total>47</total>
				<timestamp>730.021685</timestamp>
			</report>
			<report>
				<misses>2924001</misses>
				<total>47</total>
				<timestamp>730.271422</timestamp>
			</report>
			<report>
				<misses>2925001</misses>
				<total>47</total>
				<timestamp>730.521199</timestamp>
			</report>
			<report>
				<misses>2926001</misses>
				<total>47</total>
				<timestamp>730.770938</timestamp>
			</report>
			<report>
				<misses>2927001</misses>
				<total>47</total>
				<timestamp>731.020685</timestamp>
			</report>
			<report>
				<misses>2928001</misses>
				<total>47</total>
				<timestamp>731.270433</timestamp>
			</report>
			<report>
				<misses>2929001</misses>
				<total>47</total>
				<timestamp>731.520176</timestamp>
			</report>
			<report>
				<misses>2930001</misses>
				<total>47</total>
				<timestamp>731.769979</timestamp>
			</report>
			<report>
				<misses>2931001</misses>
				<total>47</total>
				<timestamp>732.019704</timestamp>
			</report>
			<report>
				<misses>2932001</misses>
				<total>47</total>
				<timestamp>732.269449</timestamp>
			</report>
			<report>
				<misses>2933001</misses>
				<total>47</total>
				<timestamp>732.519198</timestamp>
			</report>
			<report>
				<misses>2934001</misses>
				<total>47</total>
				<timestamp>732.768952</timestamp>
			</report>
			<report>
				<misses>2935001</misses>
				<total>47</total>
				<timestamp>733.018712</timestamp>
			</report>
			<report>
				<misses>2936001</misses>
				<total>47</total>
				<timestamp>733.268428</timestamp>
			</report>
			<report>
				<misses>2937001</misses>
				<total>47</total>
				<timestamp>733.518179</timestamp>
			</report>
			<report>
				<misses>2938001</misses>
				<total>47</total>
				<timestamp>733.767964</timestamp>
			</report>
			<report>
				<misses>2939001</misses>
				<total>47</total>
				<timestamp>734.017687</timestamp>
			</report>
			<report>
				<misses>2940001</misses>
				<total>47</total>
				<timestamp>734.267428</timestamp>
			</report>
			<report>
				<misses>2941001</misses>
				<total>47</total>
				<timestamp>734.517166</timestamp>
			</report>
			<report>
				<misses>2942001</misses>
				<total>47</total>
				<timestamp>734.766997</timestamp>
			</report>
			<report>
				<misses>2943001</misses>
				<total>47</total>
				<timestamp>735.016700</timestamp>
			</report>
			<report>
				<misses>2944001</misses>
				<total>47</total>
				<timestamp>735.266425</timestamp>
			</report>
			<report>
				<misses>2945001</misses>
				<total>47</total>
				<timestamp>735.516222</timestamp>
			</report>
			<report>
				<misses>2946001</misses>
				<total>47</total>
				<timestamp>735.765947</timestamp>
			</report>
			<report>
				<misses>2947001</misses>
				<total>47</total>
				<timestamp>736.015696</timestamp>
			</report>
			<report>
				<misses>2948001</misses>
				<total>47</total>
				<timestamp>736.265433</timestamp>
			</report>
			<report>
				<misses>2949001</misses>
				<total>47</total>
				<timestamp>736.515188</timestamp>
			</report>
			<report>
				<misses>2950001</misses>
				<total>47</total>
				<timestamp>736.764969</timestamp>
			</report>
			<report>
				<misses>2951001</misses>
				<total>47</total>
				<timestamp>737.014673</timestamp>
			</report>
			<report>
				<misses>2952001</misses>
				<total>47</total>
				<timestamp>737.264429</timestamp>
			</report>
			<report>
				<misses>2953001</misses>
				<total>47</total>
				<timestamp>737.514194</timestamp>
			</report>
			<report>
				<misses>2954001</misses>
				<total>47</total>
				<timestamp>737.763936</timestamp>
			</report>
			<report>
				<misses>2955001</misses>
				<total>47</total>
				<timestamp>738.013671</timestamp>
			</report>
			<report>
				<misses>2956001</misses>
				<total>47</total>
				<timestamp>738.263427</timestamp>
			</report>
			<report>
				<misses>2957001</misses>
				<total>47</total>
				<timestamp>738.513185</timestamp>
			</report>
			<report>
				<misses>2958001</misses>
				<total>47</total>
				<timestamp>738.762921</timestamp>
			</report>
			<report>
				<misses>2959001</misses>
				<total>47</total>
				<timestamp>739.012668</timestamp>
			</report>
			<report>
				<misses>2960001</misses>
				<total>47</total>
				<timestamp>739.262438</timestamp>
			</report>
			<report>
				<misses>2961001</misses>
				<total>47</total>
				<timestamp>739.512199</timestamp>
			</report>
			<report>
				<misses>2962001</misses>
				<total>47</total>
				<timestamp>739.761985</timestamp>
			</report>
			<report>
				<misses>2963001</misses>
				<total>47</total>
				<timestamp>740.011695</timestamp>
			</report>
			<report>
				<misses>2964001</misses>
				<total>47</total>
				<timestamp>740.261434</timestamp>
			</report>
			<report>
				<misses>2965001</misses>
				<total>47</total>
				<timestamp>740.511196</timestamp>
			</report>
			<report>
				<misses>2966001</misses>
				<total>47</total>
				<timestamp>740.760958</timestamp>
			</report>
			<report>
				<misses>2967001</misses>
				<total>47</total>
				<timestamp>741.010682</timestamp>
			</report>
			<report>
				<misses>2968001</misses>
				<total>47</total>
				<timestamp>741.260462</timestamp>
			</report>
			<report>
				<misses>2969001</misses>
				<total>47</total>
				<timestamp>741.510187</timestamp>
			</report>
			<report>
				<misses>2970001</misses>
				<total>47</total>
				<timestamp>741.759960</timestamp>
			</report>
			<report>
				<misses>2971001</misses>
				<total>47</total>
				<timestamp>742.009694</timestamp>
			</report>
			<report>
				<misses>2972001</misses>
				<total>47</total>
				<timestamp>742.259434</timestamp>
			</report>
			<report>
				<misses>2973001</misses>
				<total>47</total>
				<timestamp>742.509170</timestamp>
			</report>
			<report>
				<misses>2974001</misses>
				<total>47</total>
				<timestamp>742.758960</timestamp>
			</report>
			<report>
				<misses>2975001</misses>
				<total>47</total>
				<timestamp>743.008702</timestamp>
			</report>
			<report>
				<misses>2976001</misses>
				<total>47</total>
				<timestamp>743.258422</timestamp>
			</report>
			<report>
				<misses>2977001</misses>
				<total>47</total>
				<timestamp>743.508174</timestamp>
			</report>
			<report>
				<misses>2978001</misses>
				<total>47</total>
				<timestamp>743.757935</timestamp>
			</report>
			<report>
				<misses>2979001</misses>
				<total>47</total>
				<timestamp>744.007671</timestamp>
			</report>
			<report>
				<misses>2980001</misses>
				<total>47</total>
				<timestamp>744.257428</timestamp>
			</report>
			<report>
				<misses>2981001</misses>
				<total>47</total>
				<timestamp>744.507179</timestamp>
			</report>
			<report>
				<misses>2982001</misses>
				<total>47</total>
				<timestamp>744.756944</timestamp>
			</report>
			<report>
				<misses>2983001</misses>
				<total>47</total>
				<timestamp>745.006754</timestamp>
			</report>
			<report>
				<misses>2984001</misses>
				<total>47</total>
				<timestamp>745.256438</timestamp>
			</report>
			<report>
				<misses>2985001</misses>
				<total>47</total>
				<timestamp>745.506185</timestamp>
			</report>
			<report>
				<misses>2986001</misses>
				<total>47</total>
				<timestamp>745.755931</timestamp>
			</report>
			<report>
				<misses>2987001</misses>
				<total>47</total>
				<timestamp>746.005731</timestamp>
			</report>
			<report>
				<misses>2988001</misses>
				<total>47</total>
				<timestamp>746.255492</timestamp>
			</report>
			<report>
				<misses>2989001</misses>
				<total>47</total>
				<timestamp>746.505217</timestamp>
			</report>
			<report>
				<misses>2990001</misses>
				<total>47</total>
				<timestamp>746.754949</timestamp>
			</report>
			<report>
				<misses>2991001</misses>
				<total>47</total>
				<timestamp>747.004672</timestamp>
			</report>
			<report>
				<misses>2992001</misses>
				<total>47</total>
				<timestamp>747.254430</timestamp>
			</report>
			<report>
				<misses>2993001</misses>
				<total>47</total>
				<timestamp>747.504235</timestamp>
			</report>
			<report>
				<misses>2994001</misses>
				<total>47</total>
				<timestamp>747.753984</timestamp>
			</report>
			<report>
				<misses>2995001</misses>
				<total>47</total>
				<timestamp>748.003722</timestamp>
			</report>
			<report>
				<misses>2996001</misses>
				<total>47</total>
				<timestamp>748.253436</timestamp>
			</report>
			<report>
				<misses>2997001</misses>
				<total>47</total>
				<timestamp>748.503200</timestamp>
			</report>
			<report>
				<misses>2998001</misses>
				<total>47</total>
				<timestamp>748.752939</timestamp>
			</report>
			<report>
				<misses>2999001</misses>
				<total>47</total>
				<timestamp>749.002722</timestamp>
			</report>
			<report>
				<misses>3000001</misses>
				<total>47</total>
				<timestamp>749.252429</timestamp>
			</report>
			<report>
				<misses>3001001</misses>
				<total>47</total>
				<timestamp>749.502182</timestamp>
			</report>
			<report>
				<misses>3002001</misses>
				<total>47</total>
				<timestamp>749.751944</timestamp>
			</report>
			<report>
				<misses>3003001</misses>
				<total>47</total>
				<timestamp>750.001673</timestamp>
			</report>
			<report>
				<misses>3004001</misses>
				<total>47</total>
				<timestamp>750.251421</timestamp>
			</report>
			<report>
				<misses>3005001</misses>
				<total>46</total>
				<timestamp>750.501185</timestamp>
			</report>
			<report>
				<misses>3006001</misses>
				<total>47</total>
				<timestamp>750.750969</timestamp>
			</report>
			<report>
				<misses>3007001</misses>
				<total>47</total>
				<timestamp>751.000686</timestamp>
			</report>
			<report>
				<misses>3008001</misses>
				<total>47</total>
				<timestamp>751.250450</timestamp>
			</report>
			<report>
				<misses>3009001</misses>
				<total>47</total>
				<timestamp>751.500185</timestamp>
			</report>
			<report>
				<misses>3010001</misses>
				<total>47</total>
				<timestamp>751.749984</timestamp>
			</report>
			<report>
				<misses>3011001</misses>
				<total>46</total>
				<timestamp>751.999734</timestamp>
			</report>
			<report>
				<misses>3012001</misses>
				<total>47</total>
				<timestamp>752.249419</timestamp>
			</report>
			<report>
				<misses>3013001</misses>
				<total>47</total>
				<timestamp>752.499182</timestamp>
			</report>
			<report>
				<misses>3014001</misses>
				<total>47</total>
				<timestamp>752.748923</timestamp>
			</report>
			<report>
				<misses>3015001</misses>
				<total>47</total>
				<timestamp>752.998673</timestamp>
			</report>
			<report>
				<misses>3016001</misses>
				<total>47</total>
				<timestamp>753.248428</timestamp>
			</report>
			<report>
				<misses>3017001</misses>
				<total>51</total>
				<timestamp>753.498179</timestamp>
			</report>
			<report>
				<misses>3018001</misses>
				<total>51</total>
				<timestamp>753.747970</timestamp>
			</report>
			<report>
				<misses>3019001</misses>
				<total>51</total>
				<timestamp>753.997699</timestamp>
			</report>
			<report>
				<misses>3020001</misses>
				<total>51</total>
				<timestamp>754.247417</timestamp>
			</report>
			<report>
				<misses>3021001</misses>
				<total>51</total>
				<timestamp>754.497184</timestamp>
			</report>
			<report>
				<misses>3022001</misses>
				<total>51</total>
				<timestamp>754.746952</timestamp>
			</report>
			<report>
				<misses>3023001</misses>
				<total>51</total>
				<timestamp>754.996715</timestamp>
			</report>
			<report>
				<misses>3024001</misses>
				<total>51</total>
				<timestamp>755.246421</timestamp>
			</report>
			<report>
				<misses>3025001</misses>
				<total>51</total>
				<timestamp>755.496175</timestamp>
			</report>
			<report>
				<misses>3026001</misses>
				<total>51</total>
				<timestamp>755.745919</timestamp>
			</report>
			<report>
				<misses>3027001</misses>
				<total>51</total>
				<timestamp>755.995685</timestamp>
			</report>
			<report>
				<misses>3028001</misses>
				<total>51</total>
				<timestamp>756.245419</timestamp>
			</report>
			<report>
				<misses>3029001</misses>
				<total>51</total>
				<timestamp>756.495176</timestamp>
			</report>
			<report>
				<misses>3030001</misses>
				<total>51</total>
				<timestamp>756.744932</timestamp>
			</report>
			<report>
				<misses>3031001</misses>
				<total>51</total>
				<timestamp>756.994705</timestamp>
			</report>
			<report>
				<misses>3032001</misses>
				<total>51</total>
				<timestamp>757.244413</timestamp>
			</report>
			<report>
				<misses>3033001</misses>
				<total>51</total>
				<timestamp>757.494186</timestamp>
			</report>
			<report>
				<misses>3034001</misses>
				<total>51</total>
				<timestamp>757.743962</timestamp>
			</report>
			<report>
				<misses>3035001</misses>
				<total>51</total>
				<timestamp>757.993707</timestamp>
			</report>
			<report>
				<misses>3036001</misses>
				<total>51</total>
				<timestamp>758.243430</timestamp>
			</report>
			<report>
				<misses>3037001</misses>
				<total>51</total>
				<timestamp>758.493184</timestamp>
			</report>
			<report>
				<misses>3038001</misses>
				<total>51</total>
				<timestamp>758.742945</timestamp>
			</report>
			<report>
				<misses>3039001</misses>
				<total>51</total>
				<timestamp>758.992725</timestamp>
			</report>
			<report>
				<misses>3040001</misses>
				<total>51</total>
				<timestamp>759.242421</timestamp>
			</report>
			<report>
				<misses>3041001</misses>
				<total>51</total>
				<timestamp>759.492240</timestamp>
			</report>
			<report>
				<misses>3042001</misses>
				<total>51</total>
				<timestamp>759.741935</timestamp>
			</report>
			<report>
				<misses>3043001</misses>
				<total>51</total>
				<timestamp>759.991733</timestamp>
			</report>
			<report>
				<misses>3044001</misses>
				<total>51</total>
				<timestamp>760.241419</timestamp>
			</report>
			<report>
				<misses>3045001</misses>
				<total>51</total>
				<timestamp>760.491184</timestamp>
			</report>
			<report>
				<misses>3046001</misses>
				<total>51</total>
				<timestamp>760.740954</timestamp>
			</report>
			<report>
				<misses>3047001</misses>
				<total>51</total>
				<timestamp>760.990678</timestamp>
			</report>
			<report>
				<misses>3048001</misses>
				<total>51</total>
				<timestamp>761.240439</timestamp>
			</report>
			<report>
				<misses>3049001</misses>
				<total>51</total>
				<timestamp>761.490172</timestamp>
			</report>
			<report>
				<misses>3050001</misses>
				<total>51</total>
				<timestamp>761.739936</timestamp>
			</report>
			<report>
				<misses>3051001</misses>
				<total>51</total>
				<timestamp>761.989736</timestamp>
			</report>
			<report>
				<misses>3052001</misses>
				<total>51</total>
				<timestamp>762.239420</timestamp>
			</report>
			<report>
				<misses>3053001</misses>
				<total>51</total>
				<timestamp>762.489189</timestamp>
			</report>
			<report>
				<misses>3054001</misses>
				<total>51</total>
				<timestamp>762.738944</timestamp>
			</report>
			<report>
				<misses>3055001</misses>
				<total>51</total>
				<timestamp>762.988711</timestamp>
			</report>
			<report>
				<misses>3056001</misses>
				<total>51</total>
				<timestamp>763.238447</timestamp>
			</report>
			<report>
				<misses>3057001</misses>
				<total>51</total>
				<timestamp>763.488160</timestamp>
			</report>
			<report>
				<misses>3058001</misses>
				<total>51</total>
				<timestamp>763.737956</timestamp>
			</report>
			<report>
				<misses>3059001</misses>
				<total>51</total>
				<timestamp>763.987705</timestamp>
			</report>
			<report>
				<misses>3060001</misses>
				<total>51</total>
				<timestamp>764.237433</timestamp>
			</report>
			<report>
				<misses>3061001</misses>
				<total>51</total>
				<timestamp>764.487189</timestamp>
			</report>
			<report>
				<misses>3062001</misses>
				<total>51</total>
				<timestamp>764.736948</timestamp>
			</report>
			<report>
				<misses>3063001</misses>
				<total>51</total>
				<timestamp>764.986677</timestamp>
			</report>
			<report>
				<misses>3064001</misses>
				<total>51</total>
				<timestamp>765.236430</timestamp>
			</report>
			<report>
				<misses>3065001</misses>
				<total>51</total>
				<timestamp>765.486182</timestamp>
			</report>
			<report>
				<misses>3066001</misses>
				<total>51</total>
				<timestamp>765.735942</timestamp>
			</report>
			<report>
				<misses>3067001</misses>
				<total>51</total>
				<timestamp>765.985727</timestamp>
			</report>
			<report>
				<misses>3068001</misses>
				<total>51</total>
				<timestamp>766.235450</timestamp>
			</report>
			<report>
				<misses>3069001</misses>
				<total>51</total>
				<timestamp>766.485191</timestamp>
			</report>
			<report>
				<misses>3070001</misses>
				<total>51</total>
				<timestamp>766.734944</timestamp>
			</report>
			<report>
				<misses>3071001</misses>
				<total>51</total>
				<timestamp>766.984666</timestamp>
			</report>
			<report>
				<misses>3072001</misses>
				<total>51</total>
				<timestamp>767.234436</timestamp>
			</report>
			<report>
				<misses>3073001</misses>
				<total>51</total>
				<timestamp>767.484189</timestamp>
			</report>
			<report>
				<misses>3074001</misses>
				<total>50</total>
				<timestamp>767.733963</timestamp>
			</report>
			<report>
				<misses>3075001</misses>
				<total>51</total>
				<timestamp>767.983692</timestamp>
			</report>
			<report>
				<misses>3076001</misses>
				<total>51</total>
				<timestamp>768.233422</timestamp>
			</report>
			<report>
				<misses>3077001</misses>
				<total>51</total>
				<timestamp>768.483191</timestamp>
			</report>
			<report>
				<misses>3078001</misses>
				<total>51</total>
				<timestamp>768.732948</timestamp>
			</report>
			<report>
				<misses>3079001</misses>
				<total>51</total>
				<timestamp>768.982677</timestamp>
			</report>
			<report>
				<misses>3080001</misses>
				<total>51</total>
				<timestamp>769.232418</timestamp>
			</report>
			<report>
				<misses>3081001</misses>
				<total>51</total>
				<timestamp>769.482168</timestamp>
			</report>
			<report>
				<misses>3082001</misses>
				<total>51</total>
				<timestamp>769.731939</timestamp>
			</report>
			<report>
				<misses>3083001</misses>
				<total>51</total>
				<timestamp>769.981713</timestamp>
			</report>
			<report>
				<misses>3084001</misses>
				<total>51</total>
				<timestamp>770.231417</timestamp>
			</report>
			<report>
				<misses>3085001</misses>
				<total>51</total>
				<timestamp>770.481181</timestamp>
			</report>
			<report>
				<misses>3086001</misses>
				<total>51</total>
				<timestamp>770.730968</timestamp>
			</report>
			<report>
				<misses>3087001</misses>
				<total>51</total>
				<timestamp>770.980689</timestamp>
			</report>
			<report>
				<misses>3088001</misses>
				<total>51</total>
				<timestamp>771.230434</timestamp>
			</report>
			<report>
				<misses>3089001</misses>
				<total>53</total>
				<timestamp>771.480191</timestamp>
			</report>
			<report>
				<misses>3090001</misses>
				<total>53</total>
				<timestamp>771.729933</timestamp>
			</report>
			<report>
				<misses>3091001</misses>
				<total>53</total>
				<timestamp>771.979733</timestamp>
			</report>
			<report>
				<misses>3092001</misses>
				<total>53</total>
				<timestamp>772.229420</timestamp>
			</report>
			<report>
				<misses>3093001</misses>
				<total>53</total>
				<timestamp>772.479170</timestamp>
			</report>
			<report>
				<misses>3094001</misses>
				<total>53</total>
				<timestamp>772.728953</timestamp>
			</report>
			<report>
				<misses>3095001</misses>
				<total>53</total>
				<timestamp>772.978733</timestamp>
			</report>
			<report>
				<misses>3096001</misses>
				<total>53</total>
				<timestamp>773.228427</timestamp>
			</report>
			<report>
				<misses>3097001</misses>
				<total>53</total>
				<timestamp>773.478187</timestamp>
			</report>
			<report>
				<misses>3098001</misses>
				<total>53</total>
				<timestamp>773.727953</timestamp>
			</report>
			<report>
				<misses>3099001</misses>
				<total>53</total>
				<timestamp>773.977754</timestamp>
			</report>
			<report>
				<misses>3100001</misses>
				<total>53</total>
				<timestamp>774.227423</timestamp>
			</report>
			<report>
				<misses>3101001</misses>
				<total>53</total>
				<timestamp>774.477188</timestamp>
			</report>
			<report>
				<misses>3102001</misses>
				<total>53</total>
				<timestamp>774.726931</timestamp>
			</report>
			<report>
				<misses>3103001</misses>
				<total>53</total>
				<timestamp>774.976703</timestamp>
			</report>
			<report>
				<misses>3104001</misses>
				<total>53</total>
				<timestamp>775.226434</timestamp>
			</report>
			<report>
				<misses>3105001</misses>
				<total>53</total>
				<timestamp>775.476181</timestamp>
			</report>
			<report>
				<misses>3106001</misses>
				<total>53</total>
				<timestamp>775.725950</timestamp>
			</report>
			<report>
				<misses>3107001</misses>
				<total>53</total>
				<timestamp>775.975737</timestamp>
			</report>
			<report>
				<misses>3108001</misses>
				<total>53</total>
				<timestamp>776.225441</timestamp>
			</report>
			<report>
				<misses>3109001</misses>
				<total>53</total>
				<timestamp>776.475189</timestamp>
			</report>
			<report>
				<misses>3110001</misses>
				<total>53</total>
				<timestamp>776.724927</timestamp>
			</report>
			<report>
				<misses>3111001</misses>
				<total>53</total>
				<timestamp>776.974766</timestamp>
			</report>
			<report>
				<misses>3112001</misses>
				<total>53</total>
				<timestamp>777.224424</timestamp>
			</report>
			<report>
				<misses>3113001</misses>
				<total>53</total>
				<timestamp>777.474173</timestamp>
			</report>
			<report>
				<misses>3114001</misses>
				<total>53</total>
				<timestamp>777.723924</timestamp>
			</report>
			<report>
				<misses>3115001</misses>
				<total>53</total>
				<timestamp>777.973731</timestamp>
			</report>
			<report>
				<misses>3116001</misses>
				<total>53</total>
				<timestamp>778.223456</timestamp>
			</report>
			<report>
				<misses>3117001</misses>
				<total>53</total>
				<timestamp>778.473210</timestamp>
			</report>
			<report>
				<misses>3118001</misses>
				<total>53</total>
				<timestamp>778.722928</timestamp>
			</report>
			<report>
				<misses>3119001</misses>
				<total>53</total>
				<timestamp>778.972724</timestamp>
			</report>
			<report>
				<misses>3120001</misses>
				<total>53</total>
				<timestamp>779.222434</timestamp>
			</report>
			<report>
				<misses>3121001</misses>
				<total>53</total>
				<timestamp>779.472189</timestamp>
			</report>
			<report>
				<misses>3122001</misses>
				<total>53</total>
				<timestamp>779.721931</timestamp>
			</report>
			<report>
				<misses>3123001</misses>
				<total>53</total>
				<timestamp>779.971721</timestamp>
			</report>
			<report>
				<misses>3124001</misses>
				<total>53</total>
				<timestamp>780.221448</timestamp>
			</report>
			<report>
				<misses>3125001</misses>
				<total>53</total>
				<timestamp>780.471176</timestamp>
			</report>
			<report>
				<misses>3126001</misses>
				<total>53</total>
				<timestamp>780.720934</timestamp>
			</report>
			<report>
				<misses>3127001</misses>
				<total>53</total>
				<timestamp>780.970737</timestamp>
			</report>
			<report>
				<misses>3128001</misses>
				<total>53</total>
				<timestamp>781.220431</timestamp>
			</report>
			<report>
				<misses>3129001</misses>
				<total>53</total>
				<timestamp>781.470192</timestamp>
			</report>
			<report>
				<misses>3130001</misses>
				<total>53</total>
				<timestamp>781.720034</timestamp>
			</report>
			<report>
				<misses>3131001</misses>
				<total>53</total>
				<timestamp>781.969728</timestamp>
			</report>
			<report>
				<misses>3132001</misses>
				<total>53</total>
				<timestamp>782.219414</timestamp>
			</report>
			<report>
				<misses>3133001</misses>
				<total>53</total>
				<timestamp>782.469170</timestamp>
			</report>
			<report>
				<misses>3134001</misses>
				<total>53</total>
				<timestamp>782.718917</timestamp>
			</report>
			<report>
				<misses>3135001</misses>
				<total>53</total>
				<timestamp>782.968728</timestamp>
			</report>
			<report>
				<misses>3136001</misses>
				<total>53</total>
				<timestamp>783.218416</timestamp>
			</report>
			<report>
				<misses>3137001</misses>
				<total>53</total>
				<timestamp>783.468211</timestamp>
			</report>
			<report>
				<misses>3138001</misses>
				<total>53</total>
				<timestamp>783.717941</timestamp>
			</report>
			<report>
				<misses>3139001</misses>
				<total>53</total>
				<timestamp>783.967728</timestamp>
			</report>
			<report>
				<misses>3140001</misses>
				<total>53</total>
				<timestamp>784.217437</timestamp>
			</report>
			<report>
				<misses>3141001</misses>
				<total>53</total>
				<timestamp>784.467165</timestamp>
			</report>
			<report>
				<misses>3142001</misses>
				<total>53</total>
				<timestamp>784.716930</timestamp>
			</report>
			<report>
				<misses>3143001</misses>
				<total>53</total>
				<timestamp>784.966700</timestamp>
			</report>
			<report>
				<misses>3144001</misses>
				<total>53</total>
				<timestamp>785.216422</timestamp>
			</report>
			<report>
				<misses>3145001</misses>
				<total>53</total>
				<timestamp>785.466167</timestamp>
			</report>
			<report>
				<misses>3146001</misses>
				<total>53</total>
				<timestamp>785.715932</timestamp>
			</report>
			<report>
				<misses>3147001</misses>
				<total>52</total>
				<timestamp>785.965721</timestamp>
			</report>
			<report>
				<misses>3148001</misses>
				<total>53</total>
				<timestamp>786.215420</timestamp>
			</report>
			<report>
				<misses>3149001</misses>
				<total>53</total>
				<timestamp>786.465164</timestamp>
			</report>
			<report>
				<misses>3150001</misses>
				<total>53</total>
				<timestamp>786.714924</timestamp>
			</report>
			<report>
				<misses>3151001</misses>
				<total>53</total>
				<timestamp>786.964691</timestamp>
			</report>
			<report>
				<misses>3152001</misses>
				<total>53</total>
				<timestamp>787.214436</timestamp>
			</report>
			<report>
				<misses>3153001</misses>
				<total>53</total>
				<timestamp>787.464181</timestamp>
			</report>
			<report>
				<misses>3154001</misses>
				<total>53</total>
				<timestamp>787.713933</timestamp>
			</report>
			<report>
				<misses>3155001</misses>
				<total>53</total>
				<timestamp>787.963729</timestamp>
			</report>
			<report>
				<misses>3156001</misses>
				<total>53</total>
				<timestamp>788.213422</timestamp>
			</report>
			<report>
				<misses>3157001</misses>
				<total>53</total>
				<timestamp>788.463211</timestamp>
			</report>
			<report>
				<misses>3158001</misses>
				<total>53</total>
				<timestamp>788.712928</timestamp>
			</report>
			<report>
				<misses>3159001</misses>
				<total>53</total>
				<timestamp>788.962697</timestamp>
			</report>
			<report>
				<misses>3160001</misses>
				<total>53</total>
				<timestamp>789.212427</timestamp>
			</report>
			<report>
				<misses>3161001</misses>
				<total>53</total>
				<timestamp>789.462235</timestamp>
			</report>
			<report>
				<misses>3162001</misses>
				<total>53</total>
				<timestamp>789.711927</timestamp>
			</report>
			<report>
				<misses>3163001</misses>
				<total>53</total>
				<timestamp>789.961703</timestamp>
			</report>
			<report>
				<misses>3164001</misses>
				<total>53</total>
				<timestamp>790.211426</timestamp>
			</report>
			<report>
				<misses>3165001</misses>
				<total>53</total>
				<timestamp>790.461187</timestamp>
			</report>
			<report>
				<misses>3166001</misses>
				<total>53</total>
				<timestamp>790.710929</timestamp>
			</report>
			<report>
				<misses>3167001</misses>
				<total>53</total>
				<timestamp>790.960737</timestamp>
			</report>
			<report>
				<misses>3168001</misses>
				<total>53</total>
				<timestamp>791.210422</timestamp>
			</report>
			<report>
				<misses>3169001</misses>
				<total>53</total>
				<timestamp>791.460173</timestamp>
			</report>
			<report>
				<misses>3170001</misses>
				<total>53</total>
				<timestamp>791.709931</timestamp>
			</report>
			<report>
				<misses>3171001</misses>
				<total>53</total>
				<timestamp>791.959706</timestamp>
			</report>
			<report>
				<misses>3172001</misses>
				<total>53</total>
				<timestamp>792.209418</timestamp>
			</report>
			<report>
				<misses>3173001</misses>
				<total>53</total>
				<timestamp>792.459178</timestamp>
			</report>
			<report>
				<misses>3174001</misses>
				<total>53</total>
				<timestamp>792.708924</timestamp>
			</report>
			<report>
				<misses>3175001</misses>
				<total>53</total>
				<timestamp>792.958707</timestamp>
			</report>
			<report>
				<misses>3176001</misses>
				<total>53</total>
				<timestamp>793.208422</timestamp>
			</report>
			<report>
				<misses>3177001</misses>
				<total>53</total>
				<timestamp>793.458189</timestamp>
			</report>
			<report>
				<misses>3178001</misses>
				<total>53</total>
				<timestamp>793.707940</timestamp>
			</report>
			<report>
				<misses>3179001</misses>
				<total>53</total>
				<timestamp>793.957696</timestamp>
			</report>
			<report>
				<misses>3180001</misses>
				<total>53</total>
				<timestamp>794.207428</timestamp>
			</report>
			<report>
				<misses>3181001</misses>
				<total>53</total>
				<timestamp>794.457171</timestamp>
			</report>
			<report>
				<misses>3182001</misses>
				<total>53</total>
				<timestamp>794.706923</timestamp>
			</report>
			<report>
				<misses>3183001</misses>
				<total>53</total>
				<timestamp>794.956692</timestamp>
			</report>
			<report>
				<misses>3184001</misses>
				<total>53</total>
				<timestamp>795.206453</timestamp>
			</report>
			<report>
				<misses>3185001</misses>
				<total>53</total>
				<timestamp>795.456196</timestamp>
			</report>
			<report>
				<misses>3186001</misses>
				<total>53</total>
				<timestamp>795.705920</timestamp>
			</report>
			<report>
				<misses>3187001</misses>
				<total>53</total>
				<timestamp>795.955722</timestamp>
			</report>
			<report>
				<misses>3188001</misses>
				<total>53</total>
				<timestamp>796.205448</timestamp>
			</report>
			<report>
				<misses>3189001</misses>
				<total>53</total>
				<timestamp>796.455183</timestamp>
			</report>
			<report>
				<misses>3190001</misses>
				<total>53</total>
				<timestamp>796.704929</timestamp>
			</report>
			<report>
				<misses>3191001</misses>
				<total>53</total>
				<timestamp>796.954700</timestamp>
			</report>
			<report>
				<misses>3192001</misses>
				<total>53</total>
				<timestamp>797.204414</timestamp>
			</report>
			<report>
				<misses>3193001</misses>
				<total>53</total>
				<timestamp>797.454171</timestamp>
			</report>
			<report>
				<misses>3194001</misses>
				<total>53</total>
				<timestamp>797.703949</timestamp>
			</report>
			<report>
				<misses>3195001</misses>
				<total>53</total>
				<timestamp>797.953722</timestamp>
			</report>
			<report>
				<misses>3196001</misses>
				<total>53</total>
				<timestamp>798.203441</timestamp>
			</report>
			<report>
				<misses>3197001</misses>
				<total>53</total>
				<timestamp>798.453170</timestamp>
			</report>
			<report>
				<misses>3198001</misses>
				<total>53</total>
				<timestamp>798.702928</timestamp>
			</report>
			<report>
				<misses>3199001</misses>
				<total>53</total>
				<timestamp>798.952752</timestamp>
			</report>
			<report>
				<misses>3200001</misses>
				<total>53</total>
				<timestamp>799.202428</timestamp>
			</report>
			<report>
				<misses>3201001</misses>
				<total>53</total>
				<timestamp>799.452181</timestamp>
			</report>
			<report>
				<misses>3202001</misses>
				<total>53</total>
				<timestamp>799.701923</timestamp>
			</report>
			<report>
				<misses>3203001</misses>
				<total>53</total>
				<timestamp>799.951691</timestamp>
			</report>
			<report>
				<misses>3204001</misses>
				<total>53</total>
				<timestamp>800.201442</timestamp>
			</report>
			<report>
				<misses>3205001</misses>
				<total>53</total>
				<timestamp>800.451185</timestamp>
			</report>
			<report>
				<misses>3206001</misses>
				<total>53</total>
				<timestamp>800.700938</timestamp>
			</report>
			<report>
				<misses>3207001</misses>
				<total>53</total>
				<timestamp>800.950729</timestamp>
			</report>
			<report>
				<misses>3208001</misses>
				<total>53</total>
				<timestamp>801.200451</timestamp>
			</report>
			<report>
				<misses>3209001</misses>
				<total>53</total>
				<timestamp>801.450172</timestamp>
			</report>
			<report>
				<misses>3210001</misses>
				<total>53</total>
				<timestamp>801.699968</timestamp>
			</report>
			<report>
				<misses>3211001</misses>
				<total>53</total>
				<timestamp>801.949737</timestamp>
			</report>
			<report>
				<misses>3212001</misses>
				<total>53</total>
				<timestamp>802.199429</timestamp>
			</report>
			<report>
				<misses>3213001</misses>
				<total>53</total>
				<timestamp>802.449173</timestamp>
			</report>
			<report>
				<misses>3214001</misses>
				<total>53</total>
				<timestamp>802.698924</timestamp>
			</report>
			<report>
				<misses>3215001</misses>
				<total>53</total>
				<timestamp>802.948691</timestamp>
			</report>
			<report>
				<misses>3216001</misses>
				<total>53</total>
				<timestamp>803.198445</timestamp>
			</report>
			<report>
				<misses>3217001</misses>
				<total>53</total>
				<timestamp>803.448164</timestamp>
			</report>
			<report>
				<misses>3218001</misses>
				<total>53</total>
				<timestamp>803.697918</timestamp>
			</report>
			<report>
				<misses>3219001</misses>
				<total>53</total>
				<timestamp>803.947708</timestamp>
			</report>
			<report>
				<misses>3220001</misses>
				<total>53</total>
				<timestamp>804.197469</timestamp>
			</report>
			<report>
				<misses>3221001</misses>
				<total>53</total>
				<timestamp>804.447175</timestamp>
			</report>
			<report>
				<misses>3222001</misses>
				<total>53</total>
				<timestamp>804.696933</timestamp>
			</report>
			<report>
				<misses>3223001</misses>
				<total>53</total>
				<timestamp>804.946694</timestamp>
			</report>
			<report>
				<misses>3224001</misses>
				<total>53</total>
				<timestamp>805.196508</timestamp>
			</report>
			<report>
				<misses>3225001</misses>
				<total>53</total>
				<timestamp>805.446175</timestamp>
			</report>
			<report>
				<misses>3226001</misses>
				<total>53</total>
				<timestamp>805.695937</timestamp>
			</report>
			<report>
				<misses>3227001</misses>
				<total>53</total>
				<timestamp>805.945696</timestamp>
			</report>
			<report>
				<misses>3228001</misses>
				<total>53</total>
				<timestamp>806.195473</timestamp>
			</report>
			<report>
				<misses>3229001</misses>
				<total>53</total>
				<timestamp>806.445189</timestamp>
			</report>
			<report>
				<misses>3230001</misses>
				<total>53</total>
				<timestamp>806.694919</timestamp>
			</report>
			<report>
				<misses>3231001</misses>
				<total>53</total>
				<timestamp>806.944719</timestamp>
			</report>
			<report>
				<misses>3232001</misses>
				<total>53</total>
				<timestamp>807.194455</timestamp>
			</report>
			<report>
				<misses>3233001</misses>
				<total>53</total>
				<timestamp>807.444185</timestamp>
			</report>
			<report>
				<misses>3234001</misses>
				<total>53</total>
				<timestamp>807.693952</timestamp>
			</report>
			<report>
				<misses>3235001</misses>
				<total>53</total>
				<timestamp>807.943714</timestamp>
			</report>
			<report>
				<misses>3236001</misses>
				<total>53</total>
				<timestamp>808.193424</timestamp>
			</report>
			<report>
				<misses>3237001</misses>
				<total>53</total>
				<timestamp>808.443177</timestamp>
			</report>
			<report>
				<misses>3238001</misses>
				<total>53</total>
				<timestamp>808.692982</timestamp>
			</report>
			<report>
				<misses>3239001</misses>
				<total>53</total>
				<timestamp>808.942682</timestamp>
			</report>
			<report>
				<misses>3240001</misses>
				<total>53</total>
				<timestamp>809.192477</timestamp>
			</report>
			<report>
				<misses>3241001</misses>
				<total>53</total>
				<timestamp>809.442182</timestamp>
			</report>
			<report>
				<misses>3242001</misses>
				<total>53</total>
				<timestamp>809.691925</timestamp>
			</report>
			<report>
				<misses>3243001</misses>
				<total>53</total>
				<timestamp>809.941675</timestamp>
			</report>
			<report>
				<misses>3244001</misses>
				<total>53</total>
				<timestamp>810.191494</timestamp>
			</report>
			<report>
				<misses>3245001</misses>
				<total>53</total>
				<timestamp>810.441190</timestamp>
			</report>
			<report>
				<misses>3246001</misses>
				<total>53</total>
				<timestamp>810.690926</timestamp>
			</report>
			<report>
				<misses>3247001</misses>
				<total>53</total>
				<timestamp>810.940672</timestamp>
			</report>
			<report>
				<misses>3248001</misses>
				<total>53</total>
				<timestamp>811.190466</timestamp>
			</report>
			<report>
				<misses>3249001</misses>
				<total>53</total>
				<timestamp>811.440178</timestamp>
			</report>
			<report>
				<misses>3250001</misses>
				<total>53</total>
				<timestamp>811.689937</timestamp>
			</report>
			<report>
				<misses>3251001</misses>
				<total>53</total>
				<timestamp>811.939715</timestamp>
			</report>
			<report>
				<misses>3252001</misses>
				<total>53</total>
				<timestamp>812.189451</timestamp>
			</report>
			<report>
				<misses>3253001</misses>
				<total>53</total>
				<timestamp>812.439191</timestamp>
			</report>
			<report>
				<misses>3254001</misses>
				<total>53</total>
				<timestamp>812.688947</timestamp>
			</report>
			<report>
				<misses>3255001</misses>
				<total>53</total>
				<timestamp>812.938689</timestamp>
			</report>
			<report>
				<misses>3256001</misses>
				<total>53</total>
				<timestamp>813.188480</timestamp>
			</report>
			<report>
				<misses>3257001</misses>
				<total>53</total>
				<timestamp>813.438200</timestamp>
			</report>
			<report>
				<misses>3258001</misses>
				<total>53</total>
				<timestamp>813.687933</timestamp>
			</report>
			<report>
				<misses>3259001</misses>
				<total>53</total>
				<timestamp>813.937685</timestamp>
			</report>
			<report>
				<misses>3260001</misses>
				<total>53</total>
				<timestamp>814.187430</timestamp>
			</report>
			<report>
				<misses>3261001</misses>
				<total>53</total>
				<timestamp>814.437166</timestamp>
			</report>
			<report>
				<misses>3262001</misses>
				<total>53</total>
				<timestamp>814.686933</timestamp>
			</report>
			<report>
				<misses>3263001</misses>
				<total>53</total>
				<timestamp>814.936690</timestamp>
			</report>
			<report>
				<misses>3264001</misses>
				<total>53</total>
				<timestamp>815.186450</timestamp>
			</report>
			<report>
				<misses>3265001</misses>
				<total>53</total>
				<timestamp>815.436199</timestamp>
			</report>
			<report>
				<misses>3266001</misses>
				<total>53</total>
				<timestamp>815.685931</timestamp>
			</report>
			<report>
				<misses>3267001</misses>
				<total>53</total>
				<timestamp>815.935685</timestamp>
			</report>
			<report>
				<misses>3268001</misses>
				<total>53</total>
				<timestamp>816.185505</timestamp>
			</report>
			<report>
				<misses>3269001</misses>
				<total>53</total>
				<timestamp>816.435221</timestamp>
			</report>
			<report>
				<misses>3270001</misses>
				<total>53</total>
				<timestamp>816.684980</timestamp>
			</report>
			<report>
				<misses>3271001</misses>
				<total>53</total>
				<timestamp>816.934665</timestamp>
			</report>
			<report>
				<misses>3272001</misses>
				<total>53</total>
				<timestamp>817.184463</timestamp>
			</report>
			<report>
				<misses>3273001</misses>
				<total>53</total>
				<timestamp>817.434177</timestamp>
			</report>
			<report>
				<misses>3274001</misses>
				<total>53</total>
				<timestamp>817.683948</timestamp>
			</report>
			<report>
				<misses>3275001</misses>
				<total>53</total>
				<timestamp>817.933687</timestamp>
			</report>
			<report>
				<misses>3276001</misses>
				<total>53</total>
				<timestamp>818.183472</timestamp>
			</report>
			<report>
				<misses>3277001</misses>
				<total>53</total>
				<timestamp>818.433181</timestamp>
			</report>
			<report>
				<misses>3278001</misses>
				<total>53</total>
				<timestamp>818.682926</timestamp>
			</report>
			<report>
				<misses>3279001</misses>
				<total>53</total>
				<timestamp>818.932698</timestamp>
			</report>
			<report>
				<misses>3280001</misses>
				<total>53</total>
				<timestamp>819.182433</timestamp>
			</report>
			<report>
				<misses>3281001</misses>
				<total>53</total>
				<timestamp>819.432161</timestamp>
			</report>
			<report>
				<misses>3282001</misses>
				<total>53</total>
				<timestamp>819.681936</timestamp>
			</report>
			<report>
				<misses>3283001</misses>
				<total>53</total>
				<timestamp>819.931703</timestamp>
			</report>
			<report>
				<misses>3284001</misses>
				<total>53</total>
				<timestamp>820.181472</timestamp>
			</report>
			<report>
				<misses>3285001</misses>
				<total>53</total>
				<timestamp>820.431179</timestamp>
			</report>
			<report>
				<misses>3286001</misses>
				<total>53</total>
				<timestamp>820.680924</timestamp>
			</report>
			<report>
				<misses>3287001</misses>
				<total>53</total>
				<timestamp>820.930678</timestamp>
			</report>
			<report>
				<misses>3288001</misses>
				<total>53</total>
				<timestamp>821.180448</timestamp>
			</report>
			<report>
				<misses>3289001</misses>
				<total>53</total>
				<timestamp>821.430171</timestamp>
			</report>
			<report>
				<misses>3290001</misses>
				<total>53</total>
				<timestamp>821.679928</timestamp>
			</report>
			<report>
				<misses>3291001</misses>
				<total>53</total>
				<timestamp>821.929690</timestamp>
			</report>
			<report>
				<misses>3292001</misses>
				<total>53</total>
				<timestamp>822.179466</timestamp>
			</report>
			<report>
				<misses>3293001</misses>
				<total>53</total>
				<timestamp>822.429180</timestamp>
			</report>
			<report>
				<misses>3294001</misses>
				<total>53</total>
				<timestamp>822.678931</timestamp>
			</report>
			<report>
				<misses>3295001</misses>
				<total>53</total>
				<timestamp>822.928673</timestamp>
			</report>
			<report>
				<misses>3296001</misses>
				<total>53</total>
				<timestamp>823.178450</timestamp>
			</report>
			<report>
				<misses>3297001</misses>
				<total>53</total>
				<timestamp>823.428190</timestamp>
			</report>
			<report>
				<misses>3298001</misses>
				<total>53</total>
				<timestamp>823.677935</timestamp>
			</report>
			<report>
				<misses>3299001</misses>
				<total>53</total>
				<timestamp>823.927690</timestamp>
			</report>
			<report>
				<misses>3300001</misses>
				<total>53</total>
				<timestamp>824.177465</timestamp>
			</report>
			<report>
				<misses>3301001</misses>
				<total>53</total>
				<timestamp>824.427184</timestamp>
			</report>
			<report>
				<misses>3302001</misses>
				<total>53</total>
				<timestamp>824.676942</timestamp>
			</report>
			<report>
				<misses>3303001</misses>
				<total>53</total>
				<timestamp>824.926681</timestamp>
			</report>
			<report>
				<misses>3304001</misses>
				<total>53</total>
				<timestamp>825.176480</timestamp>
			</report>
			<report>
				<misses>3305001</misses>
				<total>53</total>
				<timestamp>825.426197</timestamp>
			</report>
			<report>
				<misses>3306001</misses>
				<total>53</total>
				<timestamp>825.675925</timestamp>
			</report>
			<report>
				<misses>3307001</misses>
				<total>53</total>
				<timestamp>825.925673</timestamp>
			</report>
			<report>
				<misses>3308001</misses>
				<total>53</total>
				<timestamp>826.175468</timestamp>
			</report>
			<report>
				<misses>3309001</misses>
				<total>53</total>
				<timestamp>826.425181</timestamp>
			</report>
			<report>
				<misses>3310001</misses>
				<total>53</total>
				<timestamp>826.674924</timestamp>
			</report>
			<report>
				<misses>3311001</misses>
				<total>53</total>
				<timestamp>826.924679</timestamp>
			</report>
			<report>
				<misses>3312001</misses>
				<total>53</total>
				<timestamp>827.174425</timestamp>
			</report>
			<report>
				<misses>3313001</misses>
				<total>53</total>
				<timestamp>827.424180</timestamp>
			</report>
			<report>
				<misses>3314001</misses>
				<total>53</total>
				<timestamp>827.673937</timestamp>
			</report>
			<report>
				<misses>3315001</misses>
				<total>53</total>
				<timestamp>827.923689</timestamp>
			</report>
			<report>
				<misses>3316001</misses>
				<total>53</total>
				<timestamp>828.173439</timestamp>
			</report>
			<report>
				<misses>3317001</misses>
				<total>53</total>
				<timestamp>828.423202</timestamp>
			</report>
			<report>
				<misses>3318001</misses>
				<total>53</total>
				<timestamp>828.672942</timestamp>
			</report>
			<report>
				<misses>3319001</misses>
				<total>53</total>
				<timestamp>828.922694</timestamp>
			</report>
			<report>
				<misses>3320001</misses>
				<total>53</total>
				<timestamp>829.172438</timestamp>
			</report>
			<report>
				<misses>3321001</misses>
				<total>53</total>
				<timestamp>829.422174</timestamp>
			</report>
			<report>
				<misses>3322001</misses>
				<total>53</total>
				<timestamp>829.671947</timestamp>
			</report>
			<report>
				<misses>3323001</misses>
				<total>53</total>
				<timestamp>829.921682</timestamp>
			</report>
			<report>
				<misses>3324001</misses>
				<total>53</total>
				<timestamp>830.171431</timestamp>
			</report>
			<report>
				<misses>3325001</misses>
				<total>53</total>
				<timestamp>830.421177</timestamp>
			</report>
			<report>
				<misses>3326001</misses>
				<total>53</total>
				<timestamp>830.670920</timestamp>
			</report>
			<report>
				<misses>3327001</misses>
				<total>53</total>
				<timestamp>830.920681</timestamp>
			</report>
			<report>
				<misses>3328001</misses>
				<total>53</total>
				<timestamp>831.170481</timestamp>
			</report>
			<report>
				<misses>3329001</misses>
				<total>53</total>
				<timestamp>831.420177</timestamp>
			</report>
			<report>
				<misses>3330001</misses>
				<total>53</total>
				<timestamp>831.669933</timestamp>
			</report>
			<report>
				<misses>3331001</misses>
				<total>53</total>
				<timestamp>831.919705</timestamp>
			</report>
			<report>
				<misses>3332001</misses>
				<total>53</total>
				<timestamp>832.169503</timestamp>
			</report>
			<report>
				<misses>3333001</misses>
				<total>53</total>
				<timestamp>832.419185</timestamp>
			</report>
			<report>
				<misses>3334001</misses>
				<total>53</total>
				<timestamp>832.668949</timestamp>
			</report>
			<report>
				<misses>3335001</misses>
				<total>53</total>
				<timestamp>832.918670</timestamp>
			</report>
			<report>
				<misses>3336001</misses>
				<total>53</total>
				<timestamp>833.168492</timestamp>
			</report>
			<report>
				<misses>3337001</misses>
				<total>53</total>
				<timestamp>833.418183</timestamp>
			</report>
			<report>
				<misses>3338001</misses>
				<total>53</total>
				<timestamp>833.667929</timestamp>
			</report>
			<report>
				<misses>3339001</misses>
				<total>53</total>
				<timestamp>833.917695</timestamp>
			</report>
			<report>
				<misses>3340001</misses>
				<total>53</total>
				<timestamp>834.167429</timestamp>
			</report>
			<report>
				<misses>3341001</misses>
				<total>53</total>
				<timestamp>834.417172</timestamp>
			</report>
			<report>
				<misses>3342001</misses>
				<total>53</total>
				<timestamp>834.666939</timestamp>
			</report>
			<report>
				<misses>3343001</misses>
				<total>53</total>
				<timestamp>834.916700</timestamp>
			</report>
			<report>
				<misses>3344001</misses>
				<total>53</total>
				<timestamp>835.166505</timestamp>
			</report>
			<report>
				<misses>3345001</misses>
				<total>53</total>
				<timestamp>835.416192</timestamp>
			</report>
			<report>
				<misses>3346001</misses>
				<total>53</total>
				<timestamp>835.665938</timestamp>
			</report>
			<report>
				<misses>3347001</misses>
				<total>53</total>
				<timestamp>835.915675</timestamp>
			</report>
			<report>
				<misses>3348001</misses>
				<total>53</total>
				<timestamp>836.165448</timestamp>
			</report>
			<report>
				<misses>3349001</misses>
				<total>53</total>
				<timestamp>836.415192</timestamp>
			</report>
			<report>
				<misses>3350001</misses>
				<total>53</total>
				<timestamp>836.664934</timestamp>
			</report>
			<report>
				<misses>3351001</misses>
				<total>53</total>
				<timestamp>836.914710</timestamp>
			</report>
			<report>
				<misses>3352001</misses>
				<total>53</total>
				<timestamp>837.164435</timestamp>
			</report>
			<report>
				<misses>3353001</misses>
				<total>53</total>
				<timestamp>837.414174</timestamp>
			</report>
			<report>
				<misses>3354001</misses>
				<total>53</total>
				<timestamp>837.663933</timestamp>
			</report>
			<report>
				<misses>3355001</misses>
				<total>53</total>
				<timestamp>837.913697</timestamp>
			</report>
			<report>
				<misses>3356001</misses>
				<total>53</total>
				<timestamp>838.163427</timestamp>
			</report>
			<report>
				<misses>3357001</misses>
				<total>53</total>
				<timestamp>838.413192</timestamp>
			</report>
			<report>
				<misses>3358001</misses>
				<total>53</total>
				<timestamp>838.662938</timestamp>
			</report>
			<report>
				<misses>3359001</misses>
				<total>53</total>
				<timestamp>838.912675</timestamp>
			</report>
			<report>
				<misses>3360001</misses>
				<total>53</total>
				<timestamp>839.162431</timestamp>
			</report>
			<report>
				<misses>3361001</misses>
				<total>53</total>
				<timestamp>839.412180</timestamp>
			</report>
			<report>
				<misses>3362001</misses>
				<total>53</total>
				<timestamp>839.661949</timestamp>
			</report>
			<report>
				<misses>3363001</misses>
				<total>53</total>
				<timestamp>839.911689</timestamp>
			</report>
			<report>
				<misses>3364001</misses>
				<total>53</total>
				<timestamp>840.161446</timestamp>
			</report>
			<report>
				<misses>3365001</misses>
				<total>53</total>
				<timestamp>840.411174</timestamp>
			</report>
			<report>
				<misses>3366001</misses>
				<total>53</total>
				<timestamp>840.660972</timestamp>
			</report>
			<report>
				<misses>3367001</misses>
				<total>53</total>
				<timestamp>840.910694</timestamp>
			</report>
			<report>
				<misses>3368001</misses>
				<total>53</total>
				<timestamp>841.160481</timestamp>
			</report>
			<report>
				<misses>3369001</misses>
				<total>53</total>
				<timestamp>841.410192</timestamp>
			</report>
			<report>
				<misses>3370001</misses>
				<total>53</total>
				<timestamp>841.659934</timestamp>
			</report>
			<report>
				<misses>3371001</misses>
				<total>53</total>
				<timestamp>841.909682</timestamp>
			</report>
			<report>
				<misses>3372001</misses>
				<total>53</total>
				<timestamp>842.159476</timestamp>
			</report>
			<report>
				<misses>3373001</misses>
				<total>53</total>
				<timestamp>842.409183</timestamp>
			</report>
			<report>
				<misses>3374001</misses>
				<total>53</total>
				<timestamp>842.658922</timestamp>
			</report>
			<report>
				<misses>3375001</misses>
				<total>53</total>
				<timestamp>842.908686</timestamp>
			</report>
			<report>
				<misses>3376001</misses>
				<total>53</total>
				<timestamp>843.158465</timestamp>
			</report>
			<report>
				<misses>3377001</misses>
				<total>53</total>
				<timestamp>843.408185</timestamp>
			</report>
			<report>
				<misses>3378001</misses>
				<total>53</total>
				<timestamp>843.657930</timestamp>
			</report>
			<report>
				<misses>3379001</misses>
				<total>53</total>
				<timestamp>843.907683</timestamp>
			</report>
			<report>
				<misses>3380001</misses>
				<total>53</total>
				<timestamp>844.157438</timestamp>
			</report>
			<report>
				<misses>3381001</misses>
				<total>53</total>
				<timestamp>844.407177</timestamp>
			</report>
			<report>
				<misses>3382001</misses>
				<total>53</total>
				<timestamp>844.656937</timestamp>
			</report>
			<report>
				<misses>3383001</misses>
				<total>53</total>
				<timestamp>844.906689</timestamp>
			</report>
			<report>
				<misses>3384001</misses>
				<total>53</total>
				<timestamp>845.156472</timestamp>
			</report>
			<report>
				<misses>3385001</misses>
				<total>53</total>
				<timestamp>845.406189</timestamp>
			</report>
			<report>
				<misses>3386001</misses>
				<total>53</total>
				<timestamp>845.655925</timestamp>
			</report>
			<report>
				<misses>3387001</misses>
				<total>53</total>
				<timestamp>845.905676</timestamp>
			</report>
			<report>
				<misses>3388001</misses>
				<total>53</total>
				<timestamp>846.155477</timestamp>
			</report>
			<report>
				<misses>3389001</misses>
				<total>53</total>
				<timestamp>846.405208</timestamp>
			</report>
			<report>
				<misses>3390001</misses>
				<total>53</total>
				<timestamp>846.654938</timestamp>
			</report>
			<report>
				<misses>3391001</misses>
				<total>54</total>
				<timestamp>846.904694</timestamp>
			</report>
			<report>
				<misses>3392001</misses>
				<total>54</total>
				<timestamp>847.154441</timestamp>
			</report>
			<report>
				<misses>3393001</misses>
				<total>54</total>
				<timestamp>847.404179</timestamp>
			</report>
			<report>
				<misses>3394001</misses>
				<total>54</total>
				<timestamp>847.653932</timestamp>
			</report>
			<report>
				<misses>3395001</misses>
				<total>54</total>
				<timestamp>847.903671</timestamp>
			</report>
			<report>
				<misses>3396001</misses>
				<total>54</total>
				<timestamp>848.153494</timestamp>
			</report>
			<report>
				<misses>3397001</misses>
				<total>54</total>
				<timestamp>848.403239</timestamp>
			</report>
			<report>
				<misses>3398001</misses>
				<total>54</total>
				<timestamp>848.652918</timestamp>
			</report>
			<report>
				<misses>3399001</misses>
				<total>54</total>
				<timestamp>848.902692</timestamp>
			</report>
			<report>
				<misses>3400001</misses>
				<total>54</total>
				<timestamp>849.152437</timestamp>
			</report>
			<report>
				<misses>3401001</misses>
				<total>54</total>
				<timestamp>849.402193</timestamp>
			</report>
			<report>
				<misses>3402001</misses>
				<total>54</total>
				<timestamp>849.651933</timestamp>
			</report>
			<report>
				<misses>3403001</misses>
				<total>54</total>
				<timestamp>849.901667</timestamp>
			</report>
			<report>
				<misses>3404001</misses>
				<total>54</total>
				<timestamp>850.151423</timestamp>
			</report>
			<report>
				<misses>3405001</misses>
				<total>54</total>
				<timestamp>850.401192</timestamp>
			</report>
			<report>
				<misses>3406001</misses>
				<total>54</total>
				<timestamp>850.650957</timestamp>
			</report>
			<report>
				<misses>3407001</misses>
				<total>54</total>
				<timestamp>850.900672</timestamp>
			</report>
			<report>
				<misses>3408001</misses>
				<total>54</total>
				<timestamp>851.150420</timestamp>
			</report>
			<report>
				<misses>3409001</misses>
				<total>54</total>
				<timestamp>851.400194</timestamp>
			</report>
			<report>
				<misses>3410001</misses>
				<total>54</total>
				<timestamp>851.649930</timestamp>
			</report>
			<report>
				<misses>3411001</misses>
				<total>53</total>
				<timestamp>851.899696</timestamp>
			</report>
			<report>
				<misses>3412001</misses>
				<total>54</total>
				<timestamp>852.149438</timestamp>
			</report>
			<report>
				<misses>3413001</misses>
				<total>54</total>
				<timestamp>852.399204</timestamp>
			</report>
			<report>
				<misses>3414001</misses>
				<total>54</total>
				<timestamp>852.648930</timestamp>
			</report>
			<report>
				<misses>3415001</misses>
				<total>54</total>
				<timestamp>852.898683</timestamp>
			</report>
			<report>
				<misses>3416001</misses>
				<total>54</total>
				<timestamp>853.148422</timestamp>
			</report>
			<report>
				<misses>3417001</misses>
				<total>54</total>
				<timestamp>853.398205</timestamp>
			</report>
			<report>
				<misses>3418001</misses>
				<total>54</total>
				<timestamp>853.647935</timestamp>
			</report>
			<report>
				<misses>3419001</misses>
				<total>54</total>
				<timestamp>853.897686</timestamp>
			</report>
			<report>
				<misses>3420001</misses>
				<total>54</total>
				<timestamp>854.147442</timestamp>
			</report>
			<report>
				<misses>3421001</misses>
				<total>54</total>
				<timestamp>854.397192</timestamp>
			</report>
			<report>
				<misses>3422001</misses>
				<total>54</total>
				<timestamp>854.646934</timestamp>
			</report>
			<report>
				<misses>3423001</misses>
				<total>54</total>
				<timestamp>854.896681</timestamp>
			</report>
			<report>
				<misses>3424001</misses>
				<total>54</total>
				<timestamp>855.146435</timestamp>
			</report>
			<report>
				<misses>3425001</misses>
				<total>54</total>
				<timestamp>855.396217</timestamp>
			</report>
			<report>
				<misses>3426001</misses>
				<total>54</total>
				<timestamp>855.645967</timestamp>
			</report>
			<report>
				<misses>3427001</misses>
				<total>54</total>
				<timestamp>855.895677</timestamp>
			</report>
			<report>
				<misses>3428001</misses>
				<total>54</total>
				<timestamp>856.145422</timestamp>
			</report>
			<report>
				<misses>3429001</misses>
				<total>54</total>
				<timestamp>856.395206</timestamp>
			</report>
			<report>
				<misses>3430001</misses>
				<total>54</total>
				<timestamp>856.644932</timestamp>
			</report>
			<report>
				<misses>3431001</misses>
				<total>54</total>
				<timestamp>856.894698</timestamp>
			</report>
			<report>
				<misses>3432001</misses>
				<total>54</total>
				<timestamp>857.144427</timestamp>
			</report>
			<report>
				<misses>3433001</misses>
				<total>54</total>
				<timestamp>857.394217</timestamp>
			</report>
			<report>
				<misses>3434001</misses>
				<total>54</total>
				<timestamp>857.643931</timestamp>
			</report>
			<report>
				<misses>3435001</misses>
				<total>54</total>
				<timestamp>857.893686</timestamp>
			</report>
			<report>
				<misses>3436001</misses>
				<total>54</total>
				<timestamp>858.143429</timestamp>
			</report>
			<report>
				<misses>3437001</misses>
				<total>54</total>
				<timestamp>858.393212</timestamp>
			</report>
			<report>
				<misses>3438001</misses>
				<total>54</total>
				<timestamp>858.642980</timestamp>
			</report>
			<report>
				<misses>3439001</misses>
				<total>54</total>
				<timestamp>858.892695</timestamp>
			</report>
			<report>
				<misses>3440001</misses>
				<total>54</total>
				<timestamp>859.142424</timestamp>
			</report>
			<report>
				<misses>3441001</misses>
				<total>54</total>
				<timestamp>859.392223</timestamp>
			</report>
			<report>
				<misses>3442001</misses>
				<total>54</total>
				<timestamp>859.641921</timestamp>
			</report>
			<report>
				<misses>3443001</misses>
				<total>54</total>
				<timestamp>859.891674</timestamp>
			</report>
			<report>
				<misses>3444001</misses>
				<total>54</total>
				<timestamp>860.141479</timestamp>
			</report>
			<report>
				<misses>3445001</misses>
				<total>54</total>
				<timestamp>860.391242</timestamp>
			</report>
			<report>
				<misses>3446001</misses>
				<total>54</total>
				<timestamp>860.640978</timestamp>
			</report>
			<report>
				<misses>3447001</misses>
				<total>54</total>
				<timestamp>860.890668</timestamp>
			</report>
			<report>
				<misses>3448001</misses>
				<total>54</total>
				<timestamp>861.140466</timestamp>
			</report>
			<report>
				<misses>3449001</misses>
				<total>54</total>
				<timestamp>861.390178</timestamp>
			</report>
			<report>
				<misses>3450001</misses>
				<total>54</total>
				<timestamp>861.639923</timestamp>
			</report>
			<report>
				<misses>3451001</misses>
				<total>54</total>
				<timestamp>861.889690</timestamp>
			</report>
			<report>
				<misses>3452001</misses>
				<total>54</total>
				<timestamp>862.139466</timestamp>
			</report>
			<report>
				<misses>3453001</misses>
				<total>54</total>
				<timestamp>862.389193</timestamp>
			</report>
			<report>
				<misses>3454001</misses>
				<total>54</total>
				<timestamp>862.638931</timestamp>
			</report>
			<report>
				<misses>3455001</misses>
				<total>54</total>
				<timestamp>862.888688</timestamp>
			</report>
			<report>
				<misses>3456001</misses>
				<total>54</total>
				<timestamp>863.138439</timestamp>
			</report>
			<report>
				<misses>3457001</misses>
				<total>54</total>
				<timestamp>863.388228</timestamp>
			</report>
			<report>
				<misses>3458001</misses>
				<total>54</total>
				<timestamp>863.637928</timestamp>
			</report>
			<report>
				<misses>3459001</misses>
				<total>54</total>
				<timestamp>863.887699</timestamp>
			</report>
			<report>
				<misses>3460001</misses>
				<total>54</total>
				<timestamp>864.137428</timestamp>
			</report>
			<report>
				<misses>3461001</misses>
				<total>54</total>
				<timestamp>864.387240</timestamp>
			</report>
			<report>
				<misses>3462001</misses>
				<total>54</total>
				<timestamp>864.636947</timestamp>
			</report>
			<report>
				<misses>3463001</misses>
				<total>54</total>
				<timestamp>864.886695</timestamp>
			</report>
			<report>
				<misses>3464001</misses>
				<total>54</total>
				<timestamp>865.136447</timestamp>
			</report>
			<report>
				<misses>3465001</misses>
				<total>54</total>
				<timestamp>865.386217</timestamp>
			</report>
			<report>
				<misses>3466001</misses>
				<total>54</total>
				<timestamp>865.635964</timestamp>
			</report>
			<report>
				<misses>3467001</misses>
				<total>54</total>
				<timestamp>865.885706</timestamp>
			</report>
			<report>
				<misses>3468001</misses>
				<total>54</total>
				<timestamp>866.135470</timestamp>
			</report>
			<report>
				<misses>3469001</misses>
				<total>54</total>
				<timestamp>866.385199</timestamp>
			</report>
			<report>
				<misses>3470001</misses>
				<total>54</total>
				<timestamp>866.634929</timestamp>
			</report>
			<report>
				<misses>3471001</misses>
				<total>54</total>
				<timestamp>866.884675</timestamp>
			</report>
			<report>
				<misses>3472001</misses>
				<total>54</total>
				<timestamp>867.134424</timestamp>
			</report>
			<report>
				<misses>3473001</misses>
				<total>54</total>
				<timestamp>867.384197</timestamp>
			</report>
			<report>
				<misses>3474001</misses>
				<total>54</total>
				<timestamp>867.633926</timestamp>
			</report>
			<report>
				<misses>3475001</misses>
				<total>54</total>
				<timestamp>867.883681</timestamp>
			</report>
			<report>
				<misses>3476001</misses>
				<total>54</total>
				<timestamp>868.133419</timestamp>
			</report>
			<report>
				<misses>3477001</misses>
				<total>54</total>
				<timestamp>868.383174</timestamp>
			</report>
			<report>
				<misses>3478001</misses>
				<total>54</total>
				<timestamp>868.632926</timestamp>
			</report>
			<report>
				<misses>3479001</misses>
				<total>56</total>
				<timestamp>868.882719</timestamp>
			</report>
			<report>
				<misses>3480001</misses>
				<total>56</total>
				<timestamp>869.132434</timestamp>
			</report>
			<report>
				<misses>3481001</misses>
				<total>56</total>
				<timestamp>869.382202</timestamp>
			</report>
			<report>
				<misses>3482001</misses>
				<total>56</total>
				<timestamp>869.631927</timestamp>
			</report>
			<report>
				<misses>3483001</misses>
				<total>55</total>
				<timestamp>869.881682</timestamp>
			</report>
			<report>
				<misses>3484001</misses>
				<total>56</total>
				<timestamp>870.131421</timestamp>
			</report>
			<report>
				<misses>3485001</misses>
				<total>55</total>
				<timestamp>870.381253</timestamp>
			</report>
			<report>
				<misses>3486001</misses>
				<total>56</total>
				<timestamp>870.630937</timestamp>
			</report>
			<report>
				<misses>3487001</misses>
				<total>56</total>
				<timestamp>870.880686</timestamp>
			</report>
			<report>
				<misses>3488001</misses>
				<total>56</total>
				<timestamp>871.130434</timestamp>
			</report>
			<report>
				<misses>3489001</misses>
				<total>56</total>
				<timestamp>871.380173</timestamp>
			</report>
			<report>
				<misses>3490001</misses>
				<total>56</total>
				<timestamp>871.629926</timestamp>
			</report>
			<report>
				<misses>3491001</misses>
				<total>56</total>
				<timestamp>871.879716</timestamp>
			</report>
			<report>
				<misses>3492001</misses>
				<total>56</total>
				<timestamp>872.129439</timestamp>
			</report>
			<report>
				<misses>3493001</misses>
				<total>56</total>
				<timestamp>872.379223</timestamp>
			</report>
			<report>
				<misses>3494001</misses>
				<total>59</total>
				<timestamp>872.628923</timestamp>
			</report>
			<report>
				<misses>3495001</misses>
				<total>59</total>
				<timestamp>872.878676</timestamp>
			</report>
			<report>
				<misses>3496001</misses>
				<total>59</total>
				<timestamp>873.128452</timestamp>
			</report>
			<report>
				<misses>3497001</misses>
				<total>59</total>
				<timestamp>873.378234</timestamp>
			</report>
			<report>
				<misses>3498001</misses>
				<total>59</total>
				<timestamp>873.627916</timestamp>
			</report>
			<report>
				<misses>3499001</misses>
				<total>59</total>
				<timestamp>873.877679</timestamp>
			</report>
			<report>
				<misses>3500001</misses>
				<total>59</total>
				<timestamp>874.127433</timestamp>
			</report>
			<report>
				<misses>3501001</misses>
				<total>59</total>
				<timestamp>874.377207</timestamp>
			</report>
			<report>
				<misses>3502001</misses>
				<total>58</total>
				<timestamp>874.626940</timestamp>
			</report>
			<report>
				<misses>3503001</misses>
				<total>59</total>
				<timestamp>874.876671</timestamp>
			</report>
			<report>
				<misses>3504001</misses>
				<total>59</total>
				<timestamp>875.126413</timestamp>
			</report>
			<report>
				<misses>3505001</misses>
				<total>59</total>
				<timestamp>875.376194</timestamp>
			</report>
			<report>
				<misses>3506001</misses>
				<total>59</total>
				<timestamp>875.625912</timestamp>
			</report>
			<report>
				<misses>3507001</misses>
				<total>59</total>
				<timestamp>875.875689</timestamp>
			</report>
			<report>
				<misses>3508001</misses>
				<total>59</total>
				<timestamp>876.125511</timestamp>
			</report>
			<report>
				<misses>3509001</misses>
				<total>59</total>
				<timestamp>876.375201</timestamp>
			</report>
			<report>
				<misses>3510001</misses>
				<total>59</total>
				<timestamp>876.624932</timestamp>
			</report>
			<report>
				<misses>3511001</misses>
				<total>59</total>
				<timestamp>876.874673</timestamp>
			</report>
			<report>
				<misses>3512001</misses>
				<total>59</total>
				<timestamp>877.124423</timestamp>
			</report>
			<report>
				<misses>3513001</misses>
				<total>59</total>
				<timestamp>877.374216</timestamp>
			</report>
			<report>
				<misses>3514001</misses>
				<total>59</total>
				<timestamp>877.623918</timestamp>
			</report>
			<report>
				<misses>3515001</misses>
				<total>59</total>
				<timestamp>877.873668</timestamp>
			</report>
			<report>
				<misses>3516001</misses>
				<total>59</total>
				<timestamp>878.123419</timestamp>
			</report>
			<report>
				<misses>3517001</misses>
				<total>59</total>
				<timestamp>878.373271</timestamp>
			</report>
			<report>
				<misses>3518001</misses>
				<total>59</total>
				<timestamp>878.622933</timestamp>
			</report>
			<report>
				<misses>3519001</misses>
				<total>59</total>
				<timestamp>878.872668</timestamp>
			</report>
			<report>
				<misses>3520001</misses>
				<total>59</total>
				<timestamp>879.122441</timestamp>
			</report>
			<report>
				<misses>3521001</misses>
				<total>59</total>
				<timestamp>879.372177</timestamp>
			</report>
			<report>
				<misses>3522001</misses>
				<total>59</total>
				<timestamp>879.621926</timestamp>
			</report>
			<report>
				<misses>3523001</misses>
				<total>59</total>
				<timestamp>879.871679</timestamp>
			</report>
			<report>
				<misses>3524001</misses>
				<total>58</total>
				<timestamp>880.121463</timestamp>
			</report>
			<report>
				<misses>3525001</misses>
				<total>59</total>
				<timestamp>880.371218</timestamp>
			</report>
			<report>
				<misses>3526001</misses>
				<total>59</total>
				<timestamp>880.620933</timestamp>
			</report>
			<report>
				<misses>3527001</misses>
				<total>59</total>
				<timestamp>880.870669</timestamp>
			</report>
			<report>
				<misses>3528001</misses>
				<total>59</total>
				<timestamp>881.120438</timestamp>
			</report>
			<report>
				<misses>3529001</misses>
				<total>59</total>
				<timestamp>881.370188</timestamp>
			</report>
			<report>
				<misses>3530001</misses>
				<total>59</total>
				<timestamp>881.619925</timestamp>
			</report>
			<report>
				<misses>3531001</misses>
				<total>59</total>
				<timestamp>881.869676</timestamp>
			</report>
			<report>
				<misses>3532001</misses>
				<total>59</total>
				<timestamp>882.119427</timestamp>
			</report>
			<report>
				<misses>3533001</misses>
				<total>59</total>
				<timestamp>882.369195</timestamp>
			</report>
			<report>
				<misses>3534001</misses>
				<total>59</total>
				<timestamp>882.618931</timestamp>
			</report>
			<report>
				<misses>3535001</misses>
				<total>59</total>
				<timestamp>882.868679</timestamp>
			</report>
			<report>
				<misses>3536001</misses>
				<total>59</total>
				<timestamp>883.118435</timestamp>
			</report>
			<report>
				<misses>3537001</misses>
				<total>59</total>
				<timestamp>883.368182</timestamp>
			</report>
			<report>
				<misses>3538001</misses>
				<total>59</total>
				<timestamp>883.617929</timestamp>
			</report>
			<report>
				<misses>3539001</misses>
				<total>59</total>
				<timestamp>883.867668</timestamp>
			</report>
			<report>
				<misses>3540001</misses>
				<total>59</total>
				<timestamp>884.117424</timestamp>
			</report>
			<report>
				<misses>3541001</misses>
				<total>59</total>
				<timestamp>884.367211</timestamp>
			</report>
			<report>
				<misses>3542001</misses>
				<total>59</total>
				<timestamp>884.616960</timestamp>
			</report>
			<report>
				<misses>3543001</misses>
				<total>59</total>
				<timestamp>884.866685</timestamp>
			</report>
			<report>
				<misses>3544001</misses>
				<total>58</total>
				<timestamp>885.116474</timestamp>
			</report>
			<report>
				<misses>3545001</misses>
				<total>59</total>
				<timestamp>885.366218</timestamp>
			</report>
			<report>
				<misses>3546001</misses>
				<total>59</total>
				<timestamp>885.615919</timestamp>
			</report>
			<report>
				<misses>3547001</misses>
				<total>59</total>
				<timestamp>885.865676</timestamp>
			</report>
			<report>
				<misses>3548001</misses>
				<total>59</total>
				<timestamp>886.115422</timestamp>
			</report>
			<report>
				<misses>3549001</misses>
				<total>59</total>
				<timestamp>886.365208</timestamp>
			</report>
			<report>
				<misses>3550001</misses>
				<total>59</total>
				<timestamp>886.614937</timestamp>
			</report>
			<report>
				<misses>3551001</misses>
				<total>59</total>
				<timestamp>886.864700</timestamp>
			</report>
			<report>
				<misses>3552001</misses>
				<total>59</total>
				<timestamp>887.114462</timestamp>
			</report>
			<report>
				<misses>3553001</misses>
				<total>59</total>
				<timestamp>887.364203</timestamp>
			</report>
			<report>
				<misses>3554001</misses>
				<total>59</total>
				<timestamp>887.613953</timestamp>
			</report>
			<report>
				<misses>3555001</misses>
				<total>59</total>
				<timestamp>887.863697</timestamp>
			</report>
			<report>
				<misses>3556001</misses>
				<total>59</total>
				<timestamp>888.113426</timestamp>
			</report>
			<report>
				<misses>3557001</misses>
				<total>59</total>
				<timestamp>888.363203</timestamp>
			</report>
			<report>
				<misses>3558001</misses>
				<total>59</total>
				<timestamp>888.612926</timestamp>
			</report>
			<report>
				<misses>3559001</misses>
				<total>59</total>
				<timestamp>888.862671</timestamp>
			</report>
			<report>
				<misses>3560001</misses>
				<total>59</total>
				<timestamp>889.112427</timestamp>
			</report>
			<report>
				<misses>3561001</misses>
				<total>59</total>
				<timestamp>889.362180</timestamp>
			</report>
			<report>
				<misses>3562001</misses>
				<total>59</total>
				<timestamp>889.611920</timestamp>
			</report>
			<report>
				<misses>3563001</misses>
				<total>58</total>
				<timestamp>889.861703</timestamp>
			</report>
			<report>
				<misses>3564001</misses>
				<total>59</total>
				<timestamp>890.111440</timestamp>
			</report>
			<report>
				<misses>3565001</misses>
				<total>59</total>
				<timestamp>890.361188</timestamp>
			</report>
			<report>
				<misses>3566001</misses>
				<total>59</total>
				<timestamp>890.610938</timestamp>
			</report>
			<report>
				<misses>3567001</misses>
				<total>60</total>
				<timestamp>890.860665</timestamp>
			</report>
			<report>
				<misses>3568001</misses>
				<total>60</total>
				<timestamp>891.110477</timestamp>
			</report>
			<report>
				<misses>3569001</misses>
				<total>60</total>
				<timestamp>891.360195</timestamp>
			</report>
			<report>
				<misses>3570001</misses>
				<total>60</total>
				<timestamp>891.609966</timestamp>
			</report>
			<report>
				<misses>3571001</misses>
				<total>60</total>
				<timestamp>891.859696</timestamp>
			</report>
			<report>
				<misses>3572001</misses>
				<total>60</total>
				<timestamp>892.109452</timestamp>
			</report>
			<report>
				<misses>3573001</misses>
				<total>60</total>
				<timestamp>892.359182</timestamp>
			</report>
			<report>
				<misses>3574001</misses>
				<total>60</total>
				<timestamp>892.608921</timestamp>
			</report>
			<report>
				<misses>3575001</misses>
				<total>60</total>
				<timestamp>892.858686</timestamp>
			</report>
			<report>
				<misses>3576001</misses>
				<total>60</total>
				<timestamp>893.108468</timestamp>
			</report>
			<report>
				<misses>3577001</misses>
				<total>60</total>
				<timestamp>893.358192</timestamp>
			</report>
			<report>
				<misses>3578001</misses>
				<total>60</total>
				<timestamp>893.607950</timestamp>
			</report>
			<report>
				<misses>3579001</misses>
				<total>60</total>
				<timestamp>893.857685</timestamp>
			</report>
			<report>
				<misses>3580001</misses>
				<total>60</total>
				<timestamp>894.107428</timestamp>
			</report>
			<report>
				<misses>3581001</misses>
				<total>60</total>
				<timestamp>894.357210</timestamp>
			</report>
			<report>
				<misses>3582001</misses>
				<total>60</total>
				<timestamp>894.606944</timestamp>
			</report>
			<report>
				<misses>3583001</misses>
				<total>60</total>
				<timestamp>894.856670</timestamp>
			</report>
			<report>
				<misses>3584001</misses>
				<total>60</total>
				<timestamp>895.106440</timestamp>
			</report>
			<report>
				<misses>3585001</misses>
				<total>60</total>
				<timestamp>895.356184</timestamp>
			</report>
			<report>
				<misses>3586001</misses>
				<total>60</total>
				<timestamp>895.605956</timestamp>
			</report>
			<report>
				<misses>3587001</misses>
				<total>60</total>
				<timestamp>895.855695</timestamp>
			</report>
			<report>
				<misses>3588001</misses>
				<total>60</total>
				<timestamp>896.105426</timestamp>
			</report>
			<report>
				<misses>3589001</misses>
				<total>60</total>
				<timestamp>896.355178</timestamp>
			</report>
			<report>
				<misses>3590001</misses>
				<total>60</total>
				<timestamp>896.604954</timestamp>
			</report>
			<report>
				<misses>3591001</misses>
				<total>60</total>
				<timestamp>896.854677</timestamp>
			</report>
			<report>
				<misses>3592001</misses>
				<total>60</total>
				<timestamp>897.104435</timestamp>
			</report>
			<report>
				<misses>3593001</misses>
				<total>60</total>
				<timestamp>897.354175</timestamp>
			</report>
			<report>
				<misses>3594001</misses>
				<total>60</total>
				<timestamp>897.603952</timestamp>
			</report>
			<report>
				<misses>3595001</misses>
				<total>60</total>
				<timestamp>897.853672</timestamp>
			</report>
			<report>
				<misses>3596001</misses>
				<total>60</total>
				<timestamp>898.103469</timestamp>
			</report>
			<report>
				<misses>3597001</misses>
				<total>60</total>
				<timestamp>898.353184</timestamp>
			</report>
			<report>
				<misses>3598001</misses>
				<total>60</total>
				<timestamp>898.602963</timestamp>
			</report>
			<report>
				<misses>3599001</misses>
				<total>60</total>
				<timestamp>898.852679</timestamp>
			</report>
			<report>
				<misses>3600001</misses>
				<total>60</total>
				<timestamp>899.102433</timestamp>
			</report>
			<report>
				<misses>3601001</misses>
				<total>60</total>
				<timestamp>899.352189</timestamp>
			</report>
			<report>
				<misses>3602001</misses>
				<total>60</total>
				<timestamp>899.601949</timestamp>
			</report>
			<report>
				<misses>3603001</misses>
				<total>60</total>
				<timestamp>899.851720</timestamp>
			</report>
			<report>
				<misses>3604001</misses>
				<total>60</total>
				<timestamp>900.101445</timestamp>
			</report>
			<report>
				<misses>3605001</misses>
				<total>60</total>
				<timestamp>900.351190</timestamp>
			</report>
			<report>
				<misses>3606001</misses>
				<total>60</total>
				<timestamp>900.600987</timestamp>
			</report>
			<report>
				<misses>3607001</misses>
				<total>60</total>
				<timestamp>900.850696</timestamp>
			</report>
			<report>
				<misses>3608001</misses>
				<total>61</total>
				<timestamp>901.100435</timestamp>
			</report>
			<report>
				<misses>3609001</misses>
				<total>63</total>
				<timestamp>901.350203</timestamp>
			</report>
			<report>
				<misses>3610001</misses>
				<total>63</total>
				<timestamp>901.599957</timestamp>
			</report>
			<report>
				<misses>3611001</misses>
				<total>63</total>
				<timestamp>901.849694</timestamp>
			</report>
			<report>
				<misses>3612001</misses>
				<total>63</total>
				<timestamp>902.099422</timestamp>
			</report>
			<report>
				<misses>3613001</misses>
				<total>63</total>
				<timestamp>902.349201</timestamp>
			</report>
			<report>
				<misses>3614001</misses>
				<total>63</total>
				<timestamp>902.598935</timestamp>
			</report>
			<report>
				<misses>3615001</misses>
				<total>63</total>
				<timestamp>902.848699</timestamp>
			</report>
			<report>
				<misses>3616001</misses>
				<total>63</total>
				<timestamp>903.098443</timestamp>
			</report>
			<report>
				<misses>3617001</misses>
				<total>63</total>
				<timestamp>903.348188</timestamp>
			</report>
			<report>
				<misses>3618001</misses>
				<total>63</total>
				<timestamp>903.597957</timestamp>
			</report>
			<report>
				<misses>3619001</misses>
				<total>63</total>
				<timestamp>903.847701</timestamp>
			</report>
			<report>
				<misses>3620001</misses>
				<total>63</total>
				<timestamp>904.097418</timestamp>
			</report>
			<report>
				<misses>3621001</misses>
				<total>63</total>
				<timestamp>904.347184</timestamp>
			</report>
			<report>
				<misses>3622001</misses>
				<total>63</total>
				<timestamp>904.596954</timestamp>
			</report>
			<report>
				<misses>3623001</misses>
				<total>63</total>
				<timestamp>904.846688</timestamp>
			</report>
			<report>
				<misses>3624001</misses>
				<total>63</total>
				<timestamp>905.096432</timestamp>
			</report>
			<report>
				<misses>3625001</misses>
				<total>63</total>
				<timestamp>905.346179</timestamp>
			</report>
			<report>
				<misses>3626001</misses>
				<total>63</total>
				<timestamp>905.595966</timestamp>
			</report>
			<report>
				<misses>3627001</misses>
				<total>63</total>
				<timestamp>905.845668</timestamp>
			</report>
			<report>
				<misses>3628001</misses>
				<total>63</total>
				<timestamp>906.095442</timestamp>
			</report>
			<report>
				<misses>3629001</misses>
				<total>63</total>
				<timestamp>906.345175</timestamp>
			</report>
			<report>
				<misses>3630001</misses>
				<total>63</total>
				<timestamp>906.594950</timestamp>
			</report>
			<report>
				<misses>3631001</misses>
				<total>63</total>
				<timestamp>906.844699</timestamp>
			</report>
			<report>
				<misses>3632001</misses>
				<total>63</total>
				<timestamp>907.094455</timestamp>
			</report>
			<report>
				<misses>3633001</misses>
				<total>63</total>
				<timestamp>907.344190</timestamp>
			</report>
			<report>
				<misses>3634001</misses>
				<total>63</total>
				<timestamp>907.593959</timestamp>
			</report>
			<report>
				<misses>3635001</misses>
				<total>63</total>
				<timestamp>907.843672</timestamp>
			</report>
			<report>
				<misses>3636001</misses>
				<total>63</total>
				<timestamp>908.093454</timestamp>
			</report>
			<report>
				<misses>3637001</misses>
				<total>63</total>
				<timestamp>908.343181</timestamp>
			</report>
			<report>
				<misses>3638001</misses>
				<total>63</total>
				<timestamp>908.592924</timestamp>
			</report>
			<report>
				<misses>3639001</misses>
				<total>63</total>
				<timestamp>908.842687</timestamp>
			</report>
			<report>
				<misses>3640001</misses>
				<total>63</total>
				<timestamp>909.092438</timestamp>
			</report>
			<report>
				<misses>3641001</misses>
				<total>63</total>
				<timestamp>909.342193</timestamp>
			</report>
			<report>
				<misses>3642001</misses>
				<total>63</total>
				<timestamp>909.591952</timestamp>
			</report>
			<report>
				<misses>3643001</misses>
				<total>63</total>
				<timestamp>909.841702</timestamp>
			</report>
			<report>
				<misses>3644001</misses>
				<total>65</total>
				<timestamp>910.091434</timestamp>
			</report>
			<report>
				<misses>3645001</misses>
				<total>65</total>
				<timestamp>910.341238</timestamp>
			</report>
			<report>
				<misses>3646001</misses>
				<total>65</total>
				<timestamp>910.590938</timestamp>
			</report>
			<report>
				<misses>3647001</misses>
				<total>65</total>
				<timestamp>910.840672</timestamp>
			</report>
			<report>
				<misses>3648001</misses>
				<total>65</total>
				<timestamp>911.090430</timestamp>
			</report>
			<report>
				<misses>3649001</misses>
				<total>65</total>
				<timestamp>911.340191</timestamp>
			</report>
			<report>
				<misses>3650001</misses>
				<total>65</total>
				<timestamp>911.589940</timestamp>
			</report>
			<report>
				<misses>3651001</misses>
				<total>65</total>
				<timestamp>911.839676</timestamp>
			</report>
			<report>
				<misses>3652001</misses>
				<total>65</total>
				<timestamp>912.089439</timestamp>
			</report>
			<report>
				<misses>3653001</misses>
				<total>65</total>
				<timestamp>912.339184</timestamp>
			</report>
			<report>
				<misses>3654001</misses>
				<total>65</total>
				<timestamp>912.588944</timestamp>
			</report>
			<report>
				<misses>3655001</misses>
				<total>65</total>
				<timestamp>912.838756</timestamp>
			</report>
			<report>
				<misses>3656001</misses>
				<total>65</total>
				<timestamp>913.088414</timestamp>
			</report>
			<report>
				<misses>3657001</misses>
				<total>65</total>
				<timestamp>913.338185</timestamp>
			</report>
			<report>
				<misses>3658001</misses>
				<total>65</total>
				<timestamp>913.587945</timestamp>
			</report>
			<report>
				<misses>3659001</misses>
				<total>65</total>
				<timestamp>913.837689</timestamp>
			</report>
			<report>
				<misses>3660001</misses>
				<total>65</total>
				<timestamp>914.087438</timestamp>
			</report>
			<report>
				<misses>3661001</misses>
				<total>65</total>
				<timestamp>914.337183</timestamp>
			</report>
			<report>
				<misses>3662001</misses>
				<total>65</total>
				<timestamp>914.586934</timestamp>
			</report>
			<report>
				<misses>3663001</misses>
				<total>65</total>
				<timestamp>914.836666</timestamp>
			</report>
			<report>
				<misses>3664001</misses>
				<total>65</total>
				<timestamp>915.086420</timestamp>
			</report>
			<report>
				<misses>3665001</misses>
				<total>65</total>
				<timestamp>915.336176</timestamp>
			</report>
			<report>
				<misses>3666001</misses>
				<total>65</total>
				<timestamp>915.585927</timestamp>
			</report>
			<report>
				<misses>3667001</misses>
				<total>65</total>
				<timestamp>915.835693</timestamp>
			</report>
			<report>
				<misses>3668001</misses>
				<total>65</total>
				<timestamp>916.085427</timestamp>
			</report>
			<report>
				<misses>3669001</misses>
				<total>65</total>
				<timestamp>916.335177</timestamp>
			</report>
			<report>
				<misses>3670001</misses>
				<total>65</total>
				<timestamp>916.584962</timestamp>
			</report>
			<report>
				<misses>3671001</misses>
				<total>65</total>
				<timestamp>916.834692</timestamp>
			</report>
			<report>
				<misses>3672001</misses>
				<total>65</total>
				<timestamp>917.084420</timestamp>
			</report>
			<report>
				<misses>3673001</misses>
				<total>65</total>
				<timestamp>917.334180</timestamp>
			</report>
			<report>
				<misses>3674001</misses>
				<total>65</total>
				<timestamp>917.583932</timestamp>
			</report>
			<report>
				<misses>3675001</misses>
				<total>65</total>
				<timestamp>917.833684</timestamp>
			</report>
			<report>
				<misses>3676001</misses>
				<total>65</total>
				<timestamp>918.083445</timestamp>
			</report>
			<report>
				<misses>3677001</misses>
				<total>65</total>
				<timestamp>918.333193</timestamp>
			</report>
			<report>
				<misses>3678001</misses>
				<total>65</total>
				<timestamp>918.582998</timestamp>
			</report>
			<report>
				<misses>3679001</misses>
				<total>65</total>
				<timestamp>918.832711</timestamp>
			</report>
			<report>
				<misses>3680001</misses>
				<total>65</total>
				<timestamp>919.082422</timestamp>
			</report>
			<report>
				<misses>3681001</misses>
				<total>65</total>
				<timestamp>919.332173</timestamp>
			</report>
			<report>
				<misses>3682001</misses>
				<total>65</total>
				<timestamp>919.581979</timestamp>
			</report>
			<report>
				<misses>3683001</misses>
				<total>65</total>
				<timestamp>919.831676</timestamp>
			</report>
			<report>
				<misses>3684001</misses>
				<total>65</total>
				<timestamp>920.081465</timestamp>
			</report>
			<report>
				<misses>3685001</misses>
				<total>65</total>
				<timestamp>920.331188</timestamp>
			</report>
			<report>
				<misses>3686001</misses>
				<total>65</total>
				<timestamp>920.580957</timestamp>
			</report>
			<report>
				<misses>3687001</misses>
				<total>65</total>
				<timestamp>920.830687</timestamp>
			</report>
			<report>
				<misses>3688001</misses>
				<total>65</total>
				<timestamp>921.080481</timestamp>
			</report>
			<report>
				<misses>3689001</misses>
				<total>65</total>
				<timestamp>921.330186</timestamp>
			</report>
			<report>
				<misses>3690001</misses>
				<total>65</total>
				<timestamp>921.579974</timestamp>
			</report>
			<report>
				<misses>3691001</misses>
				<total>65</total>
				<timestamp>921.829673</timestamp>
			</report>
			<report>
				<misses>3692001</misses>
				<total>65</total>
				<timestamp>922.079441</timestamp>
			</report>
			<report>
				<misses>3693001</misses>
				<total>65</total>
				<timestamp>922.329190</timestamp>
			</report>
			<report>
				<misses>3694001</misses>
				<total>65</total>
				<timestamp>922.578978</timestamp>
			</report>
			<report>
				<misses>3695001</misses>
				<total>65</total>
				<timestamp>922.828701</timestamp>
			</report>
			<report>
				<misses>3696001</misses>
				<total>65</total>
				<timestamp>923.078445</timestamp>
			</report>
			<report>
				<misses>3697001</misses>
				<total>65</total>
				<timestamp>923.328170</timestamp>
			</report>
			<report>
				<misses>3698001</misses>
				<total>65</total>
				<timestamp>923.577971</timestamp>
			</report>
			<report>
				<misses>3699001</misses>
				<total>65</total>
				<timestamp>923.827700</timestamp>
			</report>
			<report>
				<misses>3700001</misses>
				<total>65</total>
				<timestamp>924.077427</timestamp>
			</report>
			<report>
				<misses>3701001</misses>
				<total>65</total>
				<timestamp>924.327177</timestamp>
			</report>
			<report>
				<misses>3702001</misses>
				<total>65</total>
				<timestamp>924.576960</timestamp>
			</report>
			<report>
				<misses>3703001</misses>
				<total>65</total>
				<timestamp>924.826683</timestamp>
			</report>
			<report>
				<misses>3704001</misses>
				<total>65</total>
				<timestamp>925.076457</timestamp>
			</report>
			<report>
				<misses>3705001</misses>
				<total>65</total>
				<timestamp>925.326168</timestamp>
			</report>
			<report>
				<misses>3706001</misses>
				<total>65</total>
				<timestamp>925.575935</timestamp>
			</report>
			<report>
				<misses>3707001</misses>
				<total>65</total>
				<timestamp>925.825676</timestamp>
			</report>
			<report>
				<misses>3708001</misses>
				<total>65</total>
				<timestamp>926.075432</timestamp>
			</report>
			<report>
				<misses>3709001</misses>
				<total>65</total>
				<timestamp>926.325175</timestamp>
			</report>
			<report>
				<misses>3710001</misses>
				<total>65</total>
				<timestamp>926.574930</timestamp>
			</report>
			<report>
				<misses>3711001</misses>
				<total>65</total>
				<timestamp>926.824694</timestamp>
			</report>
			<report>
				<misses>3712001</misses>
				<total>65</total>
				<timestamp>927.074448</timestamp>
			</report>
			<report>
				<misses>3713001</misses>
				<total>65</total>
				<timestamp>927.324175</timestamp>
			</report>
			<report>
				<misses>3714001</misses>
				<total>65</total>
				<timestamp>927.573968</timestamp>
			</report>
			<report>
				<misses>3715001</misses>
				<total>65</total>
				<timestamp>927.823693</timestamp>
			</report>
			<report>
				<misses>3716001</misses>
				<total>65</total>
				<timestamp>928.073428</timestamp>
			</report>
			<report>
				<misses>3717001</misses>
				<total>65</total>
				<timestamp>928.323204</timestamp>
			</report>
			<report>
				<misses>3718001</misses>
				<total>65</total>
				<timestamp>928.572930</timestamp>
			</report>
			<report>
				<misses>3719001</misses>
				<total>65</total>
				<timestamp>928.822680</timestamp>
			</report>
			<report>
				<misses>3720001</misses>
				<total>65</total>
				<timestamp>929.072425</timestamp>
			</report>
			<report>
				<misses>3721001</misses>
				<total>65</total>
				<timestamp>929.322196</timestamp>
			</report>
			<report>
				<misses>3722001</misses>
				<total>65</total>
				<timestamp>929.571933</timestamp>
			</report>
			<report>
				<misses>3723001</misses>
				<total>65</total>
				<timestamp>929.821686</timestamp>
			</report>
			<report>
				<misses>3724001</misses>
				<total>65</total>
				<timestamp>930.071427</timestamp>
			</report>
			<report>
				<misses>3725001</misses>
				<total>65</total>
				<timestamp>930.321186</timestamp>
			</report>
			<report>
				<misses>3726001</misses>
				<total>65</total>
				<timestamp>930.570912</timestamp>
			</report>
			<report>
				<misses>3727001</misses>
				<total>65</total>
				<timestamp>930.820703</timestamp>
			</report>
			<report>
				<misses>3728001</misses>
				<total>65</total>
				<timestamp>931.070448</timestamp>
			</report>
			<report>
				<misses>3729001</misses>
				<total>65</total>
				<timestamp>931.320194</timestamp>
			</report>
			<report>
				<misses>3730001</misses>
				<total>65</total>
				<timestamp>931.569963</timestamp>
			</report>
			<report>
				<misses>3731001</misses>
				<total>65</total>
				<timestamp>931.819715</timestamp>
			</report>
			<report>
				<misses>3732001</misses>
				<total>65</total>
				<timestamp>932.069478</timestamp>
			</report>
			<report>
				<misses>3733001</misses>
				<total>65</total>
				<timestamp>932.319199</timestamp>
			</report>
			<report>
				<misses>3734001</misses>
				<total>65</total>
				<timestamp>932.568980</timestamp>
			</report>
			<report>
				<misses>3735001</misses>
				<total>65</total>
				<timestamp>932.818695</timestamp>
			</report>
			<report>
				<misses>3736001</misses>
				<total>65</total>
				<timestamp>933.068428</timestamp>
			</report>
			<report>
				<misses>3737001</misses>
				<total>65</total>
				<timestamp>933.318164</timestamp>
			</report>
			<report>
				<misses>3738001</misses>
				<total>65</total>
				<timestamp>933.567921</timestamp>
			</report>
			<report>
				<misses>3739001</misses>
				<total>65</total>
				<timestamp>933.817721</timestamp>
			</report>
			<report>
				<misses>3740001</misses>
				<total>65</total>
				<timestamp>934.067448</timestamp>
			</report>
			<report>
				<misses>3741001</misses>
				<total>67</total>
				<timestamp>934.317184</timestamp>
			</report>
			<report>
				<misses>3742001</misses>
				<total>67</total>
				<timestamp>934.566938</timestamp>
			</report>
			<report>
				<misses>3743001</misses>
				<total>67</total>
				<timestamp>934.816728</timestamp>
			</report>
			<report>
				<misses>3744001</misses>
				<total>67</total>
				<timestamp>935.066429</timestamp>
			</report>
			<report>
				<misses>3745001</misses>
				<total>67</total>
				<timestamp>935.316193</timestamp>
			</report>
			<report>
				<misses>3746001</misses>
				<total>67</total>
				<timestamp>935.565975</timestamp>
			</report>
			<report>
				<misses>3747001</misses>
				<total>67</total>
				<timestamp>935.815728</timestamp>
			</report>
			<report>
				<misses>3748001</misses>
				<total>67</total>
				<timestamp>936.065532</timestamp>
			</report>
			<report>
				<misses>3749001</misses>
				<total>67</total>
				<timestamp>936.315175</timestamp>
			</report>
			<report>
				<misses>3750001</misses>
				<total>67</total>
				<timestamp>936.564938</timestamp>
			</report>
			<report>
				<misses>3751001</misses>
				<total>67</total>
				<timestamp>936.814724</timestamp>
			</report>
			<report>
				<misses>3752001</misses>
				<total>67</total>
				<timestamp>937.064416</timestamp>
			</report>
			<report>
				<misses>3753001</misses>
				<total>67</total>
				<timestamp>937.314184</timestamp>
			</report>
			<report>
				<misses>3754001</misses>
				<total>67</total>
				<timestamp>937.563936</timestamp>
			</report>
			<report>
				<misses>3755001</misses>
				<total>67</total>
				<timestamp>937.813705</timestamp>
			</report>
			<report>
				<misses>3756001</misses>
				<total>67</total>
				<timestamp>938.063423</timestamp>
			</report>
			<report>
				<misses>3757001</misses>
				<total>67</total>
				<timestamp>938.313177</timestamp>
			</report>
			<report>
				<misses>3758001</misses>
				<total>67</total>
				<timestamp>938.562917</timestamp>
			</report>
			<report>
				<misses>3759001</misses>
				<total>67</total>
				<timestamp>938.812710</timestamp>
			</report>
			<report>
				<misses>3760001</misses>
				<total>67</total>
				<timestamp>939.062425</timestamp>
			</report>
			<report>
				<misses>3761001</misses>
				<total>67</total>
				<timestamp>939.312191</timestamp>
			</report>
			<report>
				<misses>3762001</misses>
				<total>67</total>
				<timestamp>939.561921</timestamp>
			</report>
			<report>
				<misses>3763001</misses>
				<total>67</total>
				<timestamp>939.811736</timestamp>
			</report>
			<report>
				<misses>3764001</misses>
				<total>67</total>
				<timestamp>940.061433</timestamp>
			</report>
			<report>
				<misses>3765001</misses>
				<total>67</total>
				<timestamp>940.311173</timestamp>
			</report>
			<report>
				<misses>3766001</misses>
				<total>67</total>
				<timestamp>940.560936</timestamp>
			</report>
			<report>
				<misses>3767001</misses>
				<total>67</total>
				<timestamp>940.810723</timestamp>
			</report>
			<report>
				<misses>3768001</misses>
				<total>67</total>
				<timestamp>941.060435</timestamp>
			</report>
			<report>
				<misses>3769001</misses>
				<total>67</total>
				<timestamp>941.310172</timestamp>
			</report>
			<report>
				<misses>3770001</misses>
				<total>67</total>
				<timestamp>941.559941</timestamp>
			</report>
			<report>
				<misses>3771001</misses>
				<total>67</total>
				<timestamp>941.809720</timestamp>
			</report>
			<report>
				<misses>3772001</misses>
				<total>67</total>
				<timestamp>942.059462</timestamp>
			</report>
			<report>
				<misses>3773001</misses>
				<total>67</total>
				<timestamp>942.309181</timestamp>
			</report>
			<report>
				<misses>3774001</misses>
				<total>67</total>
				<timestamp>942.558957</timestamp>
			</report>
			<report>
				<misses>3775001</misses>
				<total>67</total>
				<timestamp>942.808711</timestamp>
			</report>
			<report>
				<misses>3776001</misses>
				<total>67</total>
				<timestamp>943.058444</timestamp>
			</report>
			<report>
				<misses>3777001</misses>
				<total>67</total>
				<timestamp>943.308189</timestamp>
			</report>
			<report>
				<misses>3778001</misses>
				<total>67</total>
				<timestamp>943.557932</timestamp>
			</report>
			<report>
				<misses>3779001</misses>
				<total>67</total>
				<timestamp>943.807692</timestamp>
			</report>
			<report>
				<misses>3780001</misses>
				<total>67</total>
				<timestamp>944.057470</timestamp>
			</report>
			<report>
				<misses>3781001</misses>
				<total>67</total>
				<timestamp>944.307180</timestamp>
			</report>
			<report>
				<misses>3782001</misses>
				<total>67</total>
				<timestamp>944.556950</timestamp>
			</report>
			<report>
				<misses>3783001</misses>
				<total>67</total>
				<timestamp>944.806719</timestamp>
			</report>
			<report>
				<misses>3784001</misses>
				<total>67</total>
				<timestamp>945.056430</timestamp>
			</report>
			<report>
				<misses>3785001</misses>
				<total>67</total>
				<timestamp>945.306180</timestamp>
			</report>
			<report>
				<misses>3786001</misses>
				<total>67</total>
				<timestamp>945.555951</timestamp>
			</report>
			<report>
				<misses>3787001</misses>
				<total>67</total>
				<timestamp>945.805724</timestamp>
			</report>
			<report>
				<misses>3788001</misses>
				<total>67</total>
				<timestamp>946.055423</timestamp>
			</report>
			<report>
				<misses>3789001</misses>
				<total>66</total>
				<timestamp>946.305198</timestamp>
			</report>
			<report>
				<misses>3790001</misses>
				<total>67</total>
				<timestamp>946.554920</timestamp>
			</report>
			<report>
				<misses>3791001</misses>
				<total>67</total>
				<timestamp>946.804699</timestamp>
			</report>
			<report>
				<misses>3792001</misses>
				<total>67</total>
				<timestamp>947.054493</timestamp>
			</report>
			<report>
				<misses>3793001</misses>
				<total>67</total>
				<timestamp>947.304176</timestamp>
			</report>
			<report>
				<misses>3794001</misses>
				<total>67</total>
				<timestamp>947.553953</timestamp>
			</report>
			<report>
				<misses>3795001</misses>
				<total>67</total>
				<timestamp>947.803684</timestamp>
			</report>
			<report>
				<misses>3796001</misses>
				<total>67</total>
				<timestamp>948.053442</timestamp>
			</report>
			<report>
				<misses>3797001</misses>
				<total>67</total>
				<timestamp>948.303215</timestamp>
			</report>
			<report>
				<misses>3798001</misses>
				<total>67</total>
				<timestamp>948.552938</timestamp>
			</report>
			<report>
				<misses>3799001</misses>
				<total>67</total>
				<timestamp>948.802679</timestamp>
			</report>
			<report>
				<misses>3800001</misses>
				<total>67</total>
				<timestamp>949.052450</timestamp>
			</report>
			<report>
				<misses>3801001</misses>
				<total>67</total>
				<timestamp>949.302178</timestamp>
			</report>
			<report>
				<misses>3802001</misses>
				<total>67</total>
				<timestamp>949.551968</timestamp>
			</report>
			<report>
				<misses>3803001</misses>
				<total>67</total>
				<timestamp>949.801687</timestamp>
			</report>
			<report>
				<misses>3804001</misses>
				<total>67</total>
				<timestamp>950.051427</timestamp>
			</report>
			<report>
				<misses>3805001</misses>
				<total>67</total>
				<timestamp>950.301192</timestamp>
			</report>
			<report>
				<misses>3806001</misses>
				<total>67</total>
				<timestamp>950.550923</timestamp>
			</report>
			<report>
				<misses>3807001</misses>
				<total>67</total>
				<timestamp>950.800690</timestamp>
			</report>
			<report>
				<misses>3808001</misses>
				<total>67</total>
				<timestamp>951.050436</timestamp>
			</report>
			<report>
				<misses>3809001</misses>
				<total>67</total>
				<timestamp>951.300192</timestamp>
			</report>
			<report>
				<misses>3810001</misses>
				<total>67</total>
				<timestamp>951.549984</timestamp>
			</report>
			<report>
				<misses>3811001</misses>
				<total>67</total>
				<timestamp>951.799690</timestamp>
			</report>
			<report>
				<misses>3812001</misses>
				<total>67</total>
				<timestamp>952.049481</timestamp>
			</report>
			<report>
				<misses>3813001</misses>
				<total>67</total>
				<timestamp>952.299180</timestamp>
			</report>
			<report>
				<misses>3814001</misses>
				<total>67</total>
				<timestamp>952.548940</timestamp>
			</report>
			<report>
				<misses>3815001</misses>
				<total>67</total>
				<timestamp>952.798669</timestamp>
			</report>
			<report>
				<misses>3816001</misses>
				<total>67</total>
				<timestamp>953.048427</timestamp>
			</report>
			<report>
				<misses>3817001</misses>
				<total>67</total>
				<timestamp>953.298191</timestamp>
			</report>
			<report>
				<misses>3818001</misses>
				<total>67</total>
				<timestamp>953.547936</timestamp>
			</report>
			<report>
				<misses>3819001</misses>
				<total>67</total>
				<timestamp>953.797680</timestamp>
			</report>
			<report>
				<misses>3820001</misses>
				<total>67</total>
				<timestamp>954.047438</timestamp>
			</report>
			<report>
				<misses>3821001</misses>
				<total>67</total>
				<timestamp>954.297193</timestamp>
			</report>
			<report>
				<misses>3822001</misses>
				<total>67</total>
				<timestamp>954.546957</timestamp>
			</report>
			<report>
				<misses>3823001</misses>
				<total>67</total>
				<timestamp>954.796750</timestamp>
			</report>
			<report>
				<misses>3824001</misses>
				<total>67</total>
				<timestamp>955.046439</timestamp>
			</report>
			<report>
				<misses>3825001</misses>
				<total>67</total>
				<timestamp>955.296207</timestamp>
			</report>
			<report>
				<misses>3826001</misses>
				<total>67</total>
				<timestamp>955.545921</timestamp>
			</report>
			<report>
				<misses>3827001</misses>
				<total>67</total>
				<timestamp>955.795725</timestamp>
			</report>
			<report>
				<misses>3828001</misses>
				<total>67</total>
				<timestamp>956.045423</timestamp>
			</report>
			<report>
				<misses>3829001</misses>
				<total>67</total>
				<timestamp>956.295238</timestamp>
			</report>
			<report>
				<misses>3830001</misses>
				<total>67</total>
				<timestamp>956.544971</timestamp>
			</report>
			<report>
				<misses>3831001</misses>
				<total>67</total>
				<timestamp>956.794771</timestamp>
			</report>
			<report>
				<misses>3832001</misses>
				<total>67</total>
				<timestamp>957.044479</timestamp>
			</report>
			<report>
				<misses>3833001</misses>
				<total>67</total>
				<timestamp>957.294186</timestamp>
			</report>
			<report>
				<misses>3834001</misses>
				<total>67</total>
				<timestamp>957.543918</timestamp>
			</report>
			<report>
				<misses>3835001</misses>
				<total>67</total>
				<timestamp>957.793682</timestamp>
			</report>
			<report>
				<misses>3836001</misses>
				<total>67</total>
				<timestamp>958.043438</timestamp>
			</report>
			<report>
				<misses>3837001</misses>
				<total>67</total>
				<timestamp>958.293183</timestamp>
			</report>
			<report>
				<misses>3838001</misses>
				<total>67</total>
				<timestamp>958.542931</timestamp>
			</report>
			<report>
				<misses>3839001</misses>
				<total>67</total>
				<timestamp>958.792706</timestamp>
			</report>
			<report>
				<misses>3840001</misses>
				<total>67</total>
				<timestamp>959.042436</timestamp>
			</report>
			<report>
				<misses>3841001</misses>
				<total>67</total>
				<timestamp>959.292188</timestamp>
			</report>
			<report>
				<misses>3842001</misses>
				<total>67</total>
				<timestamp>959.541959</timestamp>
			</report>
			<report>
				<misses>3843001</misses>
				<total>67</total>
				<timestamp>959.791667</timestamp>
			</report>
			<report>
				<misses>3844001</misses>
				<total>67</total>
				<timestamp>960.041427</timestamp>
			</report>
			<report>
				<misses>3845001</misses>
				<total>67</total>
				<timestamp>960.291195</timestamp>
			</report>
			<report>
				<misses>3846001</misses>
				<total>67</total>
				<timestamp>960.540933</timestamp>
			</report>
			<report>
				<misses>3847001</misses>
				<total>67</total>
				<timestamp>960.790675</timestamp>
			</report>
			<report>
				<misses>3848001</misses>
				<total>67</total>
				<timestamp>961.040457</timestamp>
			</report>
			<report>
				<misses>3849001</misses>
				<total>67</total>
				<timestamp>961.290203</timestamp>
			</report>
			<report>
				<misses>3850001</misses>
				<total>67</total>
				<timestamp>961.539923</timestamp>
			</report>
			<report>
				<misses>3851001</misses>
				<total>67</total>
				<timestamp>961.789708</timestamp>
			</report>
			<report>
				<misses>3852001</misses>
				<total>67</total>
				<timestamp>962.039422</timestamp>
			</report>
			<report>
				<misses>3853001</misses>
				<total>67</total>
				<timestamp>962.289169</timestamp>
			</report>
			<report>
				<misses>3854001</misses>
				<total>67</total>
				<timestamp>962.538935</timestamp>
			</report>
			<report>
				<misses>3855001</misses>
				<total>67</total>
				<timestamp>962.788694</timestamp>
			</report>
			<report>
				<misses>3856001</misses>
				<total>67</total>
				<timestamp>963.038452</timestamp>
			</report>
			<report>
				<misses>3857001</misses>
				<total>67</total>
				<timestamp>963.288226</timestamp>
			</report>
			<report>
				<misses>3858001</misses>
				<total>67</total>
				<timestamp>963.537959</timestamp>
			</report>
			<report>
				<misses>3859001</misses>
				<total>67</total>
				<timestamp>963.787719</timestamp>
			</report>
			<report>
				<misses>3860001</misses>
				<total>67</total>
				<timestamp>964.037445</timestamp>
			</report>
			<report>
				<misses>3861001</misses>
				<total>67</total>
				<timestamp>964.287196</timestamp>
			</report>
			<report>
				<misses>3862001</misses>
				<total>67</total>
				<timestamp>964.536969</timestamp>
			</report>
			<report>
				<misses>3863001</misses>
				<total>67</total>
				<timestamp>964.786747</timestamp>
			</report>
			<report>
				<misses>3864001</misses>
				<total>67</total>
				<timestamp>965.036419</timestamp>
			</report>
			<report>
				<misses>3865001</misses>
				<total>67</total>
				<timestamp>965.286177</timestamp>
			</report>
			<report>
				<misses>3866001</misses>
				<total>67</total>
				<timestamp>965.535970</timestamp>
			</report>
			<report>
				<misses>3867001</misses>
				<total>67</total>
				<timestamp>965.785710</timestamp>
			</report>
			<report>
				<misses>3868001</misses>
				<total>67</total>
				<timestamp>966.035425</timestamp>
			</report>
			<report>
				<misses>3869001</misses>
				<total>67</total>
				<timestamp>966.285186</timestamp>
			</report>
			<report>
				<misses>3870001</misses>
				<total>67</total>
				<timestamp>966.534931</timestamp>
			</report>
			<report>
				<misses>3871001</misses>
				<total>66</total>
				<timestamp>966.784703</timestamp>
			</report>
			<report>
				<misses>3872001</misses>
				<total>67</total>
				<timestamp>967.034426</timestamp>
			</report>
			<report>
				<misses>3873001</misses>
				<total>67</total>
				<timestamp>967.284185</timestamp>
			</report>
			<report>
				<misses>3874001</misses>
				<total>67</total>
				<timestamp>967.533952</timestamp>
			</report>
			<report>
				<misses>3875001</misses>
				<total>67</total>
				<timestamp>967.783736</timestamp>
			</report>
			<report>
				<misses>3876001</misses>
				<total>66</total>
				<timestamp>968.033449</timestamp>
			</report>
			<report>
				<misses>3877001</misses>
				<total>67</total>
				<timestamp>968.283217</timestamp>
			</report>
			<report>
				<misses>3878001</misses>
				<total>67</total>
				<timestamp>968.532937</timestamp>
			</report>
			<report>
				<misses>3879001</misses>
				<total>67</total>
				<timestamp>968.782698</timestamp>
			</report>
			<report>
				<misses>3880001</misses>
				<total>67</total>
				<timestamp>969.032439</timestamp>
			</report>
			<report>
				<misses>3881001</misses>
				<total>67</total>
				<timestamp>969.282202</timestamp>
			</report>
			<report>
				<misses>3882001</misses>
				<total>67</total>
				<timestamp>969.531946</timestamp>
			</report>
			<report>
				<misses>3883001</misses>
				<total>67</total>
				<timestamp>969.781703</timestamp>
			</report>
			<report>
				<misses>3884001</misses>
				<total>67</total>
				<timestamp>970.031460</timestamp>
			</report>
			<report>
				<misses>3885001</misses>
				<total>67</total>
				<timestamp>970.281170</timestamp>
			</report>
			<report>
				<misses>3886001</misses>
				<total>67</total>
				<timestamp>970.530948</timestamp>
			</report>
			<report>
				<misses>3887001</misses>
				<total>67</total>
				<timestamp>970.780682</timestamp>
			</report>
			<report>
				<misses>3888001</misses>
				<total>67</total>
				<timestamp>971.030437</timestamp>
			</report>
			<report>
				<misses>3889001</misses>
				<total>67</total>
				<timestamp>971.280206</timestamp>
			</report>
			<report>
				<misses>3890001</misses>
				<total>67</total>
				<timestamp>971.529953</timestamp>
			</report>
			<report>
				<misses>3891001</misses>
				<total>67</total>
				<timestamp>971.779690</timestamp>
			</report>
			<report>
				<misses>3892001</misses>
				<total>67</total>
				<timestamp>972.029431</timestamp>
			</report>
			<report>
				<misses>3893001</misses>
				<total>67</total>
				<timestamp>972.279229</timestamp>
			</report>
			<report>
				<misses>3894001</misses>
				<total>67</total>
				<timestamp>972.528936</timestamp>
			</report>
			<report>
				<misses>3895001</misses>
				<total>67</total>
				<timestamp>972.778763</timestamp>
			</report>
			<report>
				<misses>3896001</misses>
				<total>67</total>
				<timestamp>973.028470</timestamp>
			</report>
			<report>
				<misses>3897001</misses>
				<total>67</total>
				<timestamp>973.278181</timestamp>
			</report>
			<report>
				<misses>3898001</misses>
				<total>67</total>
				<timestamp>973.527944</timestamp>
			</report>
			<report>
				<misses>3899001</misses>
				<total>67</total>
				<timestamp>973.777697</timestamp>
			</report>
			<report>
				<misses>3900001</misses>
				<total>67</total>
				<timestamp>974.027433</timestamp>
			</report>
			<report>
				<misses>3901001</misses>
				<total>67</total>
				<timestamp>974.277199</timestamp>
			</report>
			<report>
				<misses>3902001</misses>
				<total>67</total>
				<timestamp>974.526975</timestamp>
			</report>
			<report>
				<misses>3903001</misses>
				<total>67</total>
				<timestamp>974.776683</timestamp>
			</report>
			<report>
				<misses>3904001</misses>
				<total>67</total>
				<timestamp>975.026471</timestamp>
			</report>
			<report>
				<misses>3905001</misses>
				<total>67</total>
				<timestamp>975.276175</timestamp>
			</report>
			<report>
				<misses>3906001</misses>
				<total>67</total>
				<timestamp>975.525919</timestamp>
			</report>
			<report>
				<misses>3907001</misses>
				<total>67</total>
				<timestamp>975.775676</timestamp>
			</report>
			<report>
				<misses>3908001</misses>
				<total>67</total>
				<timestamp>976.025430</timestamp>
			</report>
			<report>
				<misses>3909001</misses>
				<total>67</total>
				<timestamp>976.275167</timestamp>
			</report>
			<report>
				<misses>3910001</misses>
				<total>67</total>
				<timestamp>976.524936</timestamp>
			</report>
			<report>
				<misses>3911001</misses>
				<total>67</total>
				<timestamp>976.774705</timestamp>
			</report>
			<report>
				<misses>3912001</misses>
				<total>67</total>
				<timestamp>977.024456</timestamp>
			</report>
			<report>
				<misses>3913001</misses>
				<total>67</total>
				<timestamp>977.274184</timestamp>
			</report>
			<report>
				<misses>3914001</misses>
				<total>67</total>
				<timestamp>977.523953</timestamp>
			</report>
			<report>
				<misses>3915001</misses>
				<total>67</total>
				<timestamp>977.773704</timestamp>
			</report>
			<report>
				<misses>3916001</misses>
				<total>67</total>
				<timestamp>978.023485</timestamp>
			</report>
			<report>
				<misses>3917001</misses>
				<total>67</total>
				<timestamp>978.273188</timestamp>
			</report>
			<report>
				<misses>3918001</misses>
				<total>67</total>
				<timestamp>978.522946</timestamp>
			</report>
			<report>
				<misses>3919001</misses>
				<total>67</total>
				<timestamp>978.772668</timestamp>
			</report>
			<report>
				<misses>3920001</misses>
				<total>67</total>
				<timestamp>979.022482</timestamp>
			</report>
			<report>
				<misses>3921001</misses>
				<total>67</total>
				<timestamp>979.272219</timestamp>
			</report>
			<report>
				<misses>3922001</misses>
				<total>67</total>
				<timestamp>979.521931</timestamp>
			</report>
			<report>
				<misses>3923001</misses>
				<total>67</total>
				<timestamp>979.771722</timestamp>
			</report>
			<report>
				<misses>3924001</misses>
				<total>67</total>
				<timestamp>980.021472</timestamp>
			</report>
			<report>
				<misses>3925001</misses>
				<total>67</total>
				<timestamp>980.271201</timestamp>
			</report>
			<report>
				<misses>3926001</misses>
				<total>67</total>
				<timestamp>980.520934</timestamp>
			</report>
			<report>
				<misses>3927001</misses>
				<total>67</total>
				<timestamp>980.770676</timestamp>
			</report>
			<report>
				<misses>3928001</misses>
				<total>67</total>
				<timestamp>981.020484</timestamp>
			</report>
			<report>
				<misses>3929001</misses>
				<total>67</total>
				<timestamp>981.270180</timestamp>
			</report>
			<report>
				<misses>3930001</misses>
				<total>67</total>
				<timestamp>981.519928</timestamp>
			</report>
			<report>
				<misses>3931001</misses>
				<total>67</total>
				<timestamp>981.769696</timestamp>
			</report>
			<report>
				<misses>3932001</misses>
				<total>67</total>
				<timestamp>982.019443</timestamp>
			</report>
			<report>
				<misses>3933001</misses>
				<total>67</total>
				<timestamp>982.269173</timestamp>
			</report>
			<report>
				<misses>3934001</misses>
				<total>67</total>
				<timestamp>982.518930</timestamp>
			</report>
			<report>
				<misses>3935001</misses>
				<total>67</total>
				<timestamp>982.768680</timestamp>
			</report>
			<report>
				<misses>3936001</misses>
				<total>67</total>
				<timestamp>983.018483</timestamp>
			</report>
			<report>
				<misses>3937001</misses>
				<total>67</total>
				<timestamp>983.268179</timestamp>
			</report>
			<report>
				<misses>3938001</misses>
				<total>66</total>
				<timestamp>983.517939</timestamp>
			</report>
			<report>
				<misses>3939001</misses>
				<total>67</total>
				<timestamp>983.767685</timestamp>
			</report>
			<report>
				<misses>3940001</misses>
				<total>67</total>
				<timestamp>984.017483</timestamp>
			</report>
			<report>
				<misses>3941001</misses>
				<total>67</total>
				<timestamp>984.267180</timestamp>
			</report>
			<report>
				<misses>3942001</misses>
				<total>67</total>
				<timestamp>984.516935</timestamp>
			</report>
			<report>
				<misses>3943001</misses>
				<total>67</total>
				<timestamp>984.766667</timestamp>
			</report>
			<report>
				<misses>3944001</misses>
				<total>67</total>
				<timestamp>985.016455</timestamp>
			</report>
			<report>
				<misses>3945001</misses>
				<total>67</total>
				<timestamp>985.266224</timestamp>
			</report>
			<report>
				<misses>3946001</misses>
				<total>67</total>
				<timestamp>985.515947</timestamp>
			</report>
			<report>
				<misses>3947001</misses>
				<total>67</total>
				<timestamp>985.765674</timestamp>
			</report>
			<report>
				<misses>3948001</misses>
				<total>67</total>
				<timestamp>986.015438</timestamp>
			</report>
			<report>
				<misses>3949001</misses>
				<total>67</total>
				<timestamp>986.265193</timestamp>
			</report>
			<report>
				<misses>3950001</misses>
				<total>67</total>
				<timestamp>986.514924</timestamp>
			</report>
			<report>
				<misses>3951001</misses>
				<total>67</total>
				<timestamp>986.764682</timestamp>
			</report>
			<report>
				<misses>3952001</misses>
				<total>67</total>
				<timestamp>987.014477</timestamp>
			</report>
			<report>
				<misses>3953001</misses>
				<total>67</total>
				<timestamp>987.264180</timestamp>
			</report>
			<report>
				<misses>3954001</misses>
				<total>67</total>
				<timestamp>987.513915</timestamp>
			</report>
			<report>
				<misses>3955001</misses>
				<total>67</total>
				<timestamp>987.763717</timestamp>
			</report>
			<report>
				<misses>3956001</misses>
				<total>67</total>
				<timestamp>988.013440</timestamp>
			</report>
			<report>
				<misses>3957001</misses>
				<total>67</total>
				<timestamp>988.263202</timestamp>
			</report>
			<report>
				<misses>3958001</misses>
				<total>67</total>
				<timestamp>988.512938</timestamp>
			</report>
			<report>
				<misses>3959001</misses>
				<total>67</total>
				<timestamp>988.762692</timestamp>
			</report>
			<report>
				<misses>3960001</misses>
				<total>67</total>
				<timestamp>989.012509</timestamp>
			</report>
			<report>
				<misses>3961001</misses>
				<total>67</total>
				<timestamp>989.262184</timestamp>
			</report>
			<report>
				<misses>3962001</misses>
				<total>67</total>
				<timestamp>989.511917</timestamp>
			</report>
			<report>
				<misses>3963001</misses>
				<total>67</total>
				<timestamp>989.761677</timestamp>
			</report>
			<report>
				<misses>3964001</misses>
				<total>67</total>
				<timestamp>990.011449</timestamp>
			</report>
			<report>
				<misses>3965001</misses>
				<total>67</total>
				<timestamp>990.261210</timestamp>
			</report>
			<report>
				<misses>3966001</misses>
				<total>67</total>
				<timestamp>990.510929</timestamp>
			</report>
			<report>
				<misses>3967001</misses>
				<total>67</total>
				<timestamp>990.760684</timestamp>
			</report>
			<report>
				<misses>3968001</misses>
				<total>67</total>
				<timestamp>991.010448</timestamp>
			</report>
			<report>
				<misses>3969001</misses>
				<total>67</total>
				<timestamp>991.260189</timestamp>
			</report>
			<report>
				<misses>3970001</misses>
				<total>67</total>
				<timestamp>991.509934</timestamp>
			</report>
			<report>
				<misses>3971001</misses>
				<total>67</total>
				<timestamp>991.759709</timestamp>
			</report>
			<report>
				<misses>3972001</misses>
				<total>67</total>
				<timestamp>992.009445</timestamp>
			</report>
			<report>
				<misses>3973001</misses>
				<total>67</total>
				<timestamp>992.259183</timestamp>
			</report>
			<report>
				<misses>3974001</misses>
				<total>67</total>
				<timestamp>992.508921</timestamp>
			</report>
			<report>
				<misses>3975001</misses>
				<total>67</total>
				<timestamp>992.758667</timestamp>
			</report>
			<report>
				<misses>3976001</misses>
				<total>67</total>
				<timestamp>993.008491</timestamp>
			</report>
			<report>
				<misses>3977001</misses>
				<total>67</total>
				<timestamp>993.258184</timestamp>
			</report>
			<report>
				<misses>3978001</misses>
				<total>67</total>
				<timestamp>993.507931</timestamp>
			</report>
			<report>
				<misses>3979001</misses>
				<total>67</total>
				<timestamp>993.757671</timestamp>
			</report>
			<report>
				<misses>3980001</misses>
				<total>67</total>
				<timestamp>994.007437</timestamp>
			</report>
			<report>
				<misses>3981001</misses>
				<total>67</total>
				<timestamp>994.257198</timestamp>
			</report>
			<report>
				<misses>3982001</misses>
				<total>67</total>
				<timestamp>994.506939</timestamp>
			</report>
			<report>
				<misses>3983001</misses>
				<total>67</total>
				<timestamp>994.756676</timestamp>
			</report>
			<report>
				<misses>3984001</misses>
				<total>67</total>
				<timestamp>995.006433</timestamp>
			</report>
			<report>
				<misses>3985001</misses>
				<total>67</total>
				<timestamp>995.256186</timestamp>
			</report>
			<report>
				<misses>3986001</misses>
				<total>67</total>
				<timestamp>995.505919</timestamp>
			</report>
			<report>
				<misses>3987001</misses>
				<total>67</total>
				<timestamp>995.755676</timestamp>
			</report>
			<report>
				<misses>3988001</misses>
				<total>67</total>
				<timestamp>996.005434</timestamp>
			</report>
			<report>
				<misses>3989001</misses>
				<total>67</total>
				<timestamp>996.255175</timestamp>
			</report>
			<report>
				<misses>3990001</misses>
				<total>67</total>
				<timestamp>996.504926</timestamp>
			</report>
			<report>
				<misses>3991001</misses>
				<total>67</total>
				<timestamp>996.754703</timestamp>
			</report>
			<report>
				<misses>3992001</misses>
				<total>67</total>
				<timestamp>997.004451</timestamp>
			</report>
			<report>
				<misses>3993001</misses>
				<total>67</total>
				<timestamp>997.254187</timestamp>
			</report>
			<report>
				<misses>3994001</misses>
				<total>67</total>
				<timestamp>997.503932</timestamp>
			</report>
			<report>
				<misses>3995001</misses>
				<total>67</total>
				<timestamp>997.753677</timestamp>
			</report>
			<report>
				<misses>3996001</misses>
				<total>67</total>
				<timestamp>998.003437</timestamp>
			</report>
			<report>
				<misses>3997001</misses>
				<total>67</total>
				<timestamp>998.253205</timestamp>
			</report>
			<report>
				<misses>3998001</misses>
				<total>67</total>
				<timestamp>998.502960</timestamp>
			</report>
			<report>
				<misses>3999001</misses>
				<total>67</total>
				<timestamp>998.752662</timestamp>
			</report>
			<report>
				<misses>4000001</misses>
				<total>67</total>
				<timestamp>999.002412</timestamp>
			</report>
			<report>
				<misses>4001001</misses>
				<total>67</total>
				<timestamp>999.252184</timestamp>
			</report>
			<report>
				<misses>4002001</misses>
				<total>67</total>
				<timestamp>999.501929</timestamp>
			</report>
			<report>
				<misses>4003001</misses>
				<total>67</total>
				<timestamp>999.751744</timestamp>
			</report>
			<report>
				<misses>4004001</misses>
				<total>67</total>
				<timestamp>1000.001469</timestamp>
			</report>
			<report>
				<misses>4005001</misses>
				<total>67</total>
				<timestamp>1000.251212</timestamp>
			</report>
			<report>
				<misses>4006001</misses>
				<total>67</total>
				<timestamp>1000.500922</timestamp>
			</report>
			<report>
				<misses>4007001</misses>
				<total>67</total>
				<timestamp>1000.750676</timestamp>
			</report>
			<report>
				<misses>4008001</misses>
				<total>67</total>
				<timestamp>1001.000426</timestamp>
			</report>
			<report>
				<misses>4009001</misses>
				<total>67</total>
				<timestamp>1001.250186</timestamp>
			</report>
			<report>
				<misses>4010001</misses>
				<total>67</total>
				<timestamp>1001.499922</timestamp>
			</report>
			<report>
				<misses>4011001</misses>
				<total>67</total>
				<timestamp>1001.749697</timestamp>
			</report>
			<report>
				<misses>4012001</misses>
				<total>67</total>
				<timestamp>1001.999429</timestamp>
			</report>
			<report>
				<misses>4013001</misses>
				<total>67</total>
				<timestamp>1002.249173</timestamp>
			</report>
			<report>
				<misses>4014001</misses>
				<total>67</total>
				<timestamp>1002.498917</timestamp>
			</report>
			<report>
				<misses>4015001</misses>
				<total>67</total>
				<timestamp>1002.748711</timestamp>
			</report>
			<report>
				<misses>4016001</misses>
				<total>67</total>
				<timestamp>1002.998453</timestamp>
			</report>
			<report>
				<misses>4017001</misses>
				<total>67</total>
				<timestamp>1003.248185</timestamp>
			</report>
			<report>
				<misses>4018001</misses>
				<total>67</total>
				<timestamp>1003.497907</timestamp>
			</report>
			<report>
				<misses>4019001</misses>
				<total>67</total>
				<timestamp>1003.747691</timestamp>
			</report>
			<report>
				<misses>4020001</misses>
				<total>67</total>
				<timestamp>1003.997452</timestamp>
			</report>
			<report>
				<misses>4021001</misses>
				<total>67</total>
				<timestamp>1004.247166</timestamp>
			</report>
			<report>
				<misses>4022001</misses>
				<total>67</total>
				<timestamp>1004.496937</timestamp>
			</report>
			<report>
				<misses>4023001</misses>
				<total>67</total>
				<timestamp>1004.746697</timestamp>
			</report>
			<report>
				<misses>4024001</misses>
				<total>67</total>
				<timestamp>1004.996449</timestamp>
			</report>
			<report>
				<misses>4025001</misses>
				<total>67</total>
				<timestamp>1005.246176</timestamp>
			</report>
			<report>
				<misses>4026001</misses>
				<total>67</total>
				<timestamp>1005.495930</timestamp>
			</report>
			<report>
				<misses>4027001</misses>
				<total>67</total>
				<timestamp>1005.745665</timestamp>
			</report>
			<report>
				<misses>4028001</misses>
				<total>67</total>
				<timestamp>1005.995462</timestamp>
			</report>
			<report>
				<misses>4029001</misses>
				<total>67</total>
				<timestamp>1006.245182</timestamp>
			</report>
			<report>
				<misses>4030001</misses>
				<total>67</total>
				<timestamp>1006.494913</timestamp>
			</report>
			<report>
				<misses>4031001</misses>
				<total>67</total>
				<timestamp>1006.744672</timestamp>
			</report>
			<report>
				<misses>4032001</misses>
				<total>67</total>
				<timestamp>1006.994437</timestamp>
			</report>
			<report>
				<misses>4033001</misses>
				<total>67</total>
				<timestamp>1007.244191</timestamp>
			</report>
			<report>
				<misses>4034001</misses>
				<total>67</total>
				<timestamp>1007.493930</timestamp>
			</report>
			<report>
				<misses>4035001</misses>
				<total>67</total>
				<timestamp>1007.743684</timestamp>
			</report>
			<report>
				<misses>4036001</misses>
				<total>67</total>
				<timestamp>1007.993418</timestamp>
			</report>
			<report>
				<misses>4037001</misses>
				<total>67</total>
				<timestamp>1008.243201</timestamp>
			</report>
			<report>
				<misses>4038001</misses>
				<total>67</total>
				<timestamp>1008.492920</timestamp>
			</report>
			<report>
				<misses>4039001</misses>
				<total>67</total>
				<timestamp>1008.742695</timestamp>
			</report>
			<report>
				<misses>4040001</misses>
				<total>67</total>
				<timestamp>1008.992437</timestamp>
			</report>
			<report>
				<misses>4041001</misses>
				<total>67</total>
				<timestamp>1009.242179</timestamp>
			</report>
			<report>
				<misses>4042001</misses>
				<total>67</total>
				<timestamp>1009.491921</timestamp>
			</report>
			<report>
				<misses>4043001</misses>
				<total>67</total>
				<timestamp>1009.741692</timestamp>
			</report>
			<report>
				<misses>4044001</misses>
				<total>67</total>
				<timestamp>1009.991411</timestamp>
			</report>
			<report>
				<misses>4045001</misses>
				<total>67</total>
				<timestamp>1010.241171</timestamp>
			</report>
			<report>
				<misses>4046001</misses>
				<total>67</total>
				<timestamp>1010.490913</timestamp>
			</report>
			<report>
				<misses>4047001</misses>
				<total>67</total>
				<timestamp>1010.740709</timestamp>
			</report>
			<report>
				<misses>4048001</misses>
				<total>67</total>
				<timestamp>1010.990454</timestamp>
			</report>
			<report>
				<misses>4049001</misses>
				<total>67</total>
				<timestamp>1011.240170</timestamp>
			</report>
			<report>
				<misses>4050001</misses>
				<total>67</total>
				<timestamp>1011.489921</timestamp>
			</report>
			<report>
				<misses>4051001</misses>
				<total>67</total>
				<timestamp>1011.739681</timestamp>
			</report>
			<report>
				<misses>4052001</misses>
				<total>67</total>
				<timestamp>1011.989429</timestamp>
			</report>
			<report>
				<misses>4053001</misses>
				<total>67</total>
				<timestamp>1012.239194</timestamp>
			</report>
			<report>
				<misses>4054001</misses>
				<total>67</total>
				<timestamp>1012.488918</timestamp>
			</report>
			<report>
				<misses>4055001</misses>
				<total>67</total>
				<timestamp>1012.738701</timestamp>
			</report>
			<report>
				<misses>4056001</misses>
				<total>67</total>
				<timestamp>1012.988450</timestamp>
			</report>
			<report>
				<misses>4057001</misses>
				<total>67</total>
				<timestamp>1013.238191</timestamp>
			</report>
			<report>
				<misses>4058001</misses>
				<total>67</total>
				<timestamp>1013.487917</timestamp>
			</report>
			<report>
				<misses>4059001</misses>
				<total>67</total>
				<timestamp>1013.737677</timestamp>
			</report>
			<report>
				<misses>4060001</misses>
				<total>67</total>
				<timestamp>1013.987418</timestamp>
			</report>
			<report>
				<misses>4061001</misses>
				<total>67</total>
				<timestamp>1014.237205</timestamp>
			</report>
			<report>
				<misses>4062001</misses>
				<total>67</total>
				<timestamp>1014.486937</timestamp>
			</report>
			<report>
				<misses>4063001</misses>
				<total>67</total>
				<timestamp>1014.736678</timestamp>
			</report>
			<report>
				<misses>4064001</misses>
				<total>67</total>
				<timestamp>1014.986437</timestamp>
			</report>
			<report>
				<misses>4065001</misses>
				<total>67</total>
				<timestamp>1015.236210</timestamp>
			</report>
			<report>
				<misses>4066001</misses>
				<total>67</total>
				<timestamp>1015.485930</timestamp>
			</report>
			<report>
				<misses>4067001</misses>
				<total>67</total>
				<timestamp>1015.735663</timestamp>
			</report>
			<report>
				<misses>4068001</misses>
				<total>67</total>
				<timestamp>1015.985426</timestamp>
			</report>
			<report>
				<misses>4069001</misses>
				<total>67</total>
				<timestamp>1016.235182</timestamp>
			</report>
			<report>
				<misses>4070001</misses>
				<total>67</total>
				<timestamp>1016.484922</timestamp>
			</report>
			<report>
				<misses>4071001</misses>
				<total>67</total>
				<timestamp>1016.734661</timestamp>
			</report>
			<report>
				<misses>4072001</misses>
				<total>67</total>
				<timestamp>1016.984461</timestamp>
			</report>
			<report>
				<misses>4073001</misses>
				<total>67</total>
				<timestamp>1017.234224</timestamp>
			</report>
			<report>
				<misses>4074001</misses>
				<total>67</total>
				<timestamp>1017.483950</timestamp>
			</report>
			<report>
				<misses>4075001</misses>
				<total>67</total>
				<timestamp>1017.733706</timestamp>
			</report>
			<report>
				<misses>4076001</misses>
				<total>67</total>
				<timestamp>1017.983430</timestamp>
			</report>
			<report>
				<misses>4077001</misses>
				<total>67</total>
				<timestamp>1018.233237</timestamp>
			</report>
			<report>
				<misses>4078001</misses>
				<total>67</total>
				<timestamp>1018.482936</timestamp>
			</report>
			<report>
				<misses>4079001</misses>
				<total>67</total>
				<timestamp>1018.732700</timestamp>
			</report>
			<report>
				<misses>4080001</misses>
				<total>67</total>
				<timestamp>1018.982428</timestamp>
			</report>
			<report>
				<misses>4081001</misses>
				<total>67</total>
				<timestamp>1019.232187</timestamp>
			</report>
			<report>
				<misses>4082001</misses>
				<total>67</total>
				<timestamp>1019.481945</timestamp>
			</report>
			<report>
				<misses>4083001</misses>
				<total>67</total>
				<timestamp>1019.731681</timestamp>
			</report>
			<report>
				<misses>4084001</misses>
				<total>67</total>
				<timestamp>1019.981420</timestamp>
			</report>
			<report>
				<misses>4085001</misses>
				<total>67</total>
				<timestamp>1020.231196</timestamp>
			</report>
			<report>
				<misses>4086001</misses>
				<total>67</total>
				<timestamp>1020.480919</timestamp>
			</report>
			<report>
				<misses>4087001</misses>
				<total>67</total>
				<timestamp>1020.730668</timestamp>
			</report>
			<report>
				<misses>4088001</misses>
				<total>67</total>
				<timestamp>1020.980445</timestamp>
			</report>
			<report>
				<misses>4089001</misses>
				<total>67</total>
				<timestamp>1021.230169</timestamp>
			</report>
			<report>
				<misses>4090001</misses>
				<total>67</total>
				<timestamp>1021.479946</timestamp>
			</report>
			<report>
				<misses>4091001</misses>
				<total>67</total>
				<timestamp>1021.729693</timestamp>
			</report>
			<report>
				<misses>4092001</misses>
				<total>67</total>
				<timestamp>1021.979440</timestamp>
			</report>
			<report>
				<misses>4093001</misses>
				<total>67</total>
				<timestamp>1022.229227</timestamp>
			</report>
			<report>
				<misses>4094001</misses>
				<total>67</total>
				<timestamp>1022.478925</timestamp>
			</report>
			<report>
				<misses>4095001</misses>
				<total>67</total>
				<timestamp>1022.728680</timestamp>
			</report>
			<report>
				<misses>4096001</misses>
				<total>67</total>
				<timestamp>1022.978447</timestamp>
			</report>
			<report>
				<misses>4097001</misses>
				<total>67</total>
				<timestamp>1023.228207</timestamp>
			</report>
			<report>
				<misses>4098001</misses>
				<total>67</total>
				<timestamp>1023.477931</timestamp>
			</report>
			<report>
				<misses>4099001</misses>
				<total>67</total>
				<timestamp>1023.727721</timestamp>
			</report>
			<report>
				<misses>4100001</misses>
				<total>67</total>
				<timestamp>1023.977430</timestamp>
			</report>
			<report>
				<misses>4101001</misses>
				<total>67</total>
				<timestamp>1024.227218</timestamp>
			</report>
			<report>
				<misses>4102001</misses>
				<total>67</total>
				<timestamp>1024.476920</timestamp>
			</report>
			<report>
				<misses>4103001</misses>
				<total>70</total>
				<timestamp>1024.726692</timestamp>
			</report>
			<report>
				<misses>4104001</misses>
				<total>70</total>
				<timestamp>1024.976452</timestamp>
			</report>
			<report>
				<misses>4105001</misses>
				<total>70</total>
				<timestamp>1025.226190</timestamp>
			</report>
			<report>
				<misses>4106001</misses>
				<total>70</total>
				<timestamp>1025.475925</timestamp>
			</report>
			<report>
				<misses>4107001</misses>
				<total>70</total>
				<timestamp>1025.725675</timestamp>
			</report>
			<report>
				<misses>4108001</misses>
				<total>70</total>
				<timestamp>1025.975467</timestamp>
			</report>
			<report>
				<misses>4109001</misses>
				<total>70</total>
				<timestamp>1026.225215</timestamp>
			</report>
			<report>
				<misses>4110001</misses>
				<total>70</total>
				<timestamp>1026.474912</timestamp>
			</report>
			<report>
				<misses>4111001</misses>
				<total>70</total>
				<timestamp>1026.724690</timestamp>
			</report>
			<report>
				<misses>4112001</misses>
				<total>70</total>
				<timestamp>1026.974423</timestamp>
			</report>
			<report>
				<misses>4113001</misses>
				<total>70</total>
				<timestamp>1027.224210</timestamp>
			</report>
			<report>
				<misses>4114001</misses>
				<total>70</total>
				<timestamp>1027.473930</timestamp>
			</report>
			<report>
				<misses>4115001</misses>
				<total>70</total>
				<timestamp>1027.723690</timestamp>
			</report>
			<report>
				<misses>4116001</misses>
				<total>70</total>
				<timestamp>1027.973445</timestamp>
			</report>
			<report>
				<misses>4117001</misses>
				<total>70</total>
				<timestamp>1028.223205</timestamp>
			</report>
			<report>
				<misses>4118001</misses>
				<total>70</total>
				<timestamp>1028.472923</timestamp>
			</report>
			<report>
				<misses>4119001</misses>
				<total>70</total>
				<timestamp>1028.722684</timestamp>
			</report>
			<report>
				<misses>4120001</misses>
				<total>70</total>
				<timestamp>1028.972427</timestamp>
			</report>
			<report>
				<misses>4121001</misses>
				<total>70</total>
				<timestamp>1029.222217</timestamp>
			</report>
			<report>
				<misses>4122001</misses>
				<total>70</total>
				<timestamp>1029.471932</timestamp>
			</report>
			<report>
				<misses>4123001</misses>
				<total>70</total>
				<timestamp>1029.721707</timestamp>
			</report>
			<report>
				<misses>4124001</misses>
				<total>70</total>
				<timestamp>1029.971424</timestamp>
			</report>
			<report>
				<misses>4125001</misses>
				<total>70</total>
				<timestamp>1030.221211</timestamp>
			</report>
			<report>
				<misses>4126001</misses>
				<total>70</total>
				<timestamp>1030.470917</timestamp>
			</report>
			<report>
				<misses>4127001</misses>
				<total>70</total>
				<timestamp>1030.720706</timestamp>
			</report>
			<report>
				<misses>4128001</misses>
				<total>70</total>
				<timestamp>1030.970419</timestamp>
			</report>
			<report>
				<misses>4129001</misses>
				<total>70</total>
				<timestamp>1031.220197</timestamp>
			</report>
			<report>
				<misses>4130001</misses>
				<total>70</total>
				<timestamp>1031.469919</timestamp>
			</report>
			<report>
				<misses>4131001</misses>
				<total>70</total>
				<timestamp>1031.719716</timestamp>
			</report>
			<report>
				<misses>4132001</misses>
				<total>70</total>
				<timestamp>1031.969458</timestamp>
			</report>
			<report>
				<misses>4133001</misses>
				<total>70</total>
				<timestamp>1032.219189</timestamp>
			</report>
			<report>
				<misses>4134001</misses>
				<total>70</total>
				<timestamp>1032.468917</timestamp>
			</report>
			<report>
				<misses>4135001</misses>
				<total>70</total>
				<timestamp>1032.718707</timestamp>
			</report>
			<report>
				<misses>4136001</misses>
				<total>70</total>
				<timestamp>1032.968422</timestamp>
			</report>
			<report>
				<misses>4137001</misses>
				<total>70</total>
				<timestamp>1033.218219</timestamp>
			</report>
			<report>
				<misses>4138001</misses>
				<total>70</total>
				<timestamp>1033.467929</timestamp>
			</report>
			<report>
				<misses>4139001</misses>
				<total>70</total>
				<timestamp>1033.717667</timestamp>
			</report>
			<report>
				<misses>4140001</misses>
				<total>70</total>
				<timestamp>1033.967478</timestamp>
			</report>
			<report>
				<misses>4141001</misses>
				<total>70</total>
				<timestamp>1034.217183</timestamp>
			</report>
			<report>
				<misses>4142001</misses>
				<total>70</total>
				<timestamp>1034.466925</timestamp>
			</report>
			<report>
				<misses>4143001</misses>
				<total>70</total>
				<timestamp>1034.716679</timestamp>
			</report>
			<report>
				<misses>4144001</misses>
				<total>70</total>
				<timestamp>1034.966414</timestamp>
			</report>
			<report>
				<misses>4145001</misses>
				<total>70</total>
				<timestamp>1035.216232</timestamp>
			</report>
			<report>
				<misses>4146001</misses>
				<total>70</total>
				<timestamp>1035.465930</timestamp>
			</report>
			<report>
				<misses>4147001</misses>
				<total>70</total>
				<timestamp>1035.715687</timestamp>
			</report>
			<report>
				<misses>4148001</misses>
				<total>70</total>
				<timestamp>1035.965427</timestamp>
			</report>
			<report>
				<misses>4149001</misses>
				<total>69</total>
				<timestamp>1036.215226</timestamp>
			</report>
			<report>
				<misses>4150001</misses>
				<total>70</total>
				<timestamp>1036.464925</timestamp>
			</report>
			<report>
				<misses>4151001</misses>
				<total>70</total>
				<timestamp>1036.714704</timestamp>
			</report>
			<report>
				<misses>4152001</misses>
				<total>70</total>
				<timestamp>1036.964442</timestamp>
			</report>
			<report>
				<misses>4153001</misses>
				<total>70</total>
				<timestamp>1037.214177</timestamp>
			</report>
			<report>
				<misses>4154001</misses>
				<total>70</total>
				<timestamp>1037.463922</timestamp>
			</report>
			<report>
				<misses>4155001</misses>
				<total>69</total>
				<timestamp>1037.713682</timestamp>
			</report>
			<report>
				<misses>4156001</misses>
				<total>70</total>
				<timestamp>1037.963459</timestamp>
			</report>
			<report>
				<misses>4157001</misses>
				<total>70</total>
				<timestamp>1038.213171</timestamp>
			</report>
			<report>
				<misses>4158001</misses>
				<total>70</total>
				<timestamp>1038.462915</timestamp>
			</report>
			<report>
				<misses>4159001</misses>
				<total>70</total>
				<timestamp>1038.712673</timestamp>
			</report>
			<report>
				<misses>4160001</misses>
				<total>70</total>
				<timestamp>1038.962419</timestamp>
			</report>
			<report>
				<misses>4161001</misses>
				<total>70</total>
				<timestamp>1039.212177</timestamp>
			</report>
			<report>
				<misses>4162001</misses>
				<total>70</total>
				<timestamp>1039.461916</timestamp>
			</report>
			<report>
				<misses>4163001</misses>
				<total>70</total>
				<timestamp>1039.711705</timestamp>
			</report>
			<report>
				<misses>4164001</misses>
				<total>70</total>
				<timestamp>1039.961457</timestamp>
			</report>
			<report>
				<misses>4165001</misses>
				<total>70</total>
				<timestamp>1040.211183</timestamp>
			</report>
			<report>
				<misses>4166001</misses>
				<total>70</total>
				<timestamp>1040.460926</timestamp>
			</report>
			<report>
				<misses>4167001</misses>
				<total>70</total>
				<timestamp>1040.710685</timestamp>
			</report>
			<report>
				<misses>4168001</misses>
				<total>70</total>
				<timestamp>1040.960459</timestamp>
			</report>
			<report>
				<misses>4169001</misses>
				<total>70</total>
				<timestamp>1041.210248</timestamp>
			</report>
			<report>
				<misses>4170001</misses>
				<total>70</total>
				<timestamp>1041.459923</timestamp>
			</report>
			<report>
				<misses>4171001</misses>
				<total>71</total>
				<timestamp>1041.709671</timestamp>
			</report>
			<report>
				<misses>4172001</misses>
				<total>71</total>
				<timestamp>1041.959452</timestamp>
			</report>
			<report>
				<misses>4173001</misses>
				<total>71</total>
				<timestamp>1042.209185</timestamp>
			</report>
			<report>
				<misses>4174001</misses>
				<total>71</total>
				<timestamp>1042.458936</timestamp>
			</report>
			<report>
				<misses>4175001</misses>
				<total>71</total>
				<timestamp>1042.708684</timestamp>
			</report>
			<report>
				<misses>4176001</misses>
				<total>71</total>
				<timestamp>1042.958432</timestamp>
			</report>
			<report>
				<misses>4177001</misses>
				<total>71</total>
				<timestamp>1043.208193</timestamp>
			</report>
			<report>
				<misses>4178001</misses>
				<total>71</total>
				<timestamp>1043.457918</timestamp>
			</report>
			<report>
				<misses>4179001</misses>
				<total>71</total>
				<timestamp>1043.707657</timestamp>
			</report>
			<report>
				<misses>4180001</misses>
				<total>71</total>
				<timestamp>1043.957425</timestamp>
			</report>
			<report>
				<misses>4181001</misses>
				<total>71</total>
				<timestamp>1044.207195</timestamp>
			</report>
			<report>
				<misses>4182001</misses>
				<total>71</total>
				<timestamp>1044.456929</timestamp>
			</report>
			<report>
				<misses>4183001</misses>
				<total>71</total>
				<timestamp>1044.706690</timestamp>
			</report>
			<report>
				<misses>4184001</misses>
				<total>71</total>
				<timestamp>1044.956444</timestamp>
			</report>
			<report>
				<misses>4185001</misses>
				<total>71</total>
				<timestamp>1045.206231</timestamp>
			</report>
			<report>
				<misses>4186001</misses>
				<total>71</total>
				<timestamp>1045.455931</timestamp>
			</report>
			<report>
				<misses>4187001</misses>
				<total>71</total>
				<timestamp>1045.705670</timestamp>
			</report>
			<report>
				<misses>4188001</misses>
				<total>71</total>
				<timestamp>1045.955452</timestamp>
			</report>
			<report>
				<misses>4189001</misses>
				<total>71</total>
				<timestamp>1046.205186</timestamp>
			</report>
			<report>
				<misses>4190001</misses>
				<total>71</total>
				<timestamp>1046.454969</timestamp>
			</report>
			<report>
				<misses>4191001</misses>
				<total>71</total>
				<timestamp>1046.704701</timestamp>
			</report>
			<report>
				<misses>4192001</misses>
				<total>70</total>
				<timestamp>1046.954483</timestamp>
			</report>
			<report>
				<misses>4193001</misses>
				<total>71</total>
				<timestamp>1047.204173</timestamp>
			</report>
			<report>
				<misses>4194001</misses>
				<total>71</total>
				<timestamp>1047.453918</timestamp>
			</report>
			<report>
				<misses>4195001</misses>
				<total>71</total>
				<timestamp>1047.703676</timestamp>
			</report>
			<report>
				<misses>4196001</misses>
				<total>70</total>
				<timestamp>1047.953473</timestamp>
			</report>
			<report>
				<misses>4197001</misses>
				<total>71</total>
				<timestamp>1048.203202</timestamp>
			</report>
			<report>
				<misses>4198001</misses>
				<total>71</total>
				<timestamp>1048.452931</timestamp>
			</report>
			<report>
				<misses>4199001</misses>
				<total>71</total>
				<timestamp>1048.702684</timestamp>
			</report>
			<report>
				<misses>4200001</misses>
				<total>71</total>
				<timestamp>1048.952431</timestamp>
			</report>
			<report>
				<misses>4201001</misses>
				<total>71</total>
				<timestamp>1049.202184</timestamp>
			</report>
			<report>
				<misses>4202001</misses>
				<total>71</total>
				<timestamp>1049.451937</timestamp>
			</report>
			<report>
				<misses>4203001</misses>
				<total>71</total>
				<timestamp>1049.701667</timestamp>
			</report>
			<report>
				<misses>4204001</misses>
				<total>71</total>
				<timestamp>1049.951449</timestamp>
			</report>
			<report>
				<misses>4205001</misses>
				<total>71</total>
				<timestamp>1050.201256</timestamp>
			</report>
			<report>
				<misses>4206001</misses>
				<total>71</total>
				<timestamp>1050.450945</timestamp>
			</report>
			<report>
				<misses>4207001</misses>
				<total>71</total>
				<timestamp>1050.700689</timestamp>
			</report>
			<report>
				<misses>4208001</misses>
				<total>71</total>
				<timestamp>1050.950442</timestamp>
			</report>
			<report>
				<misses>4209001</misses>
				<total>71</total>
				<timestamp>1051.200189</timestamp>
			</report>
			<report>
				<misses>4210001</misses>
				<total>71</total>
				<timestamp>1051.449933</timestamp>
			</report>
			<report>
				<misses>4211001</misses>
				<total>71</total>
				<timestamp>1051.699679</timestamp>
			</report>
			<report>
				<misses>4212001</misses>
				<total>71</total>
				<timestamp>1051.949433</timestamp>
			</report>
			<report>
				<misses>4213001</misses>
				<total>71</total>
				<timestamp>1052.199172</timestamp>
			</report>
			<report>
				<misses>4214001</misses>
				<total>71</total>
				<timestamp>1052.448985</timestamp>
			</report>
			<report>
				<misses>4215001</misses>
				<total>71</total>
				<timestamp>1052.698687</timestamp>
			</report>
			<report>
				<misses>4216001</misses>
				<total>71</total>
				<timestamp>1052.948436</timestamp>
			</report>
			<report>
				<misses>4217001</misses>
				<total>71</total>
				<timestamp>1053.198180</timestamp>
			</report>
			<report>
				<misses>4218001</misses>
				<total>71</total>
				<timestamp>1053.447949</timestamp>
			</report>
			<report>
				<misses>4219001</misses>
				<total>71</total>
				<timestamp>1053.697684</timestamp>
			</report>
			<report>
				<misses>4220001</misses>
				<total>71</total>
				<timestamp>1053.947415</timestamp>
			</report>
			<report>
				<misses>4221001</misses>
				<total>71</total>
				<timestamp>1054.197204</timestamp>
			</report>
			<report>
				<misses>4222001</misses>
				<total>71</total>
				<timestamp>1054.446938</timestamp>
			</report>
			<report>
				<misses>4223001</misses>
				<total>71</total>
				<timestamp>1054.696717</timestamp>
			</report>
			<report>
				<misses>4224001</misses>
				<total>71</total>
				<timestamp>1054.946442</timestamp>
			</report>
			<report>
				<misses>4225001</misses>
				<total>71</total>
				<timestamp>1055.196182</timestamp>
			</report>
			<report>
				<misses>4226001</misses>
				<total>71</total>
				<timestamp>1055.445927</timestamp>
			</report>
			<report>
				<misses>4227001</misses>
				<total>71</total>
				<timestamp>1055.695680</timestamp>
			</report>
			<report>
				<misses>4228001</misses>
				<total>71</total>
				<timestamp>1055.945437</timestamp>
			</report>
			<report>
				<misses>4229001</misses>
				<total>71</total>
				<timestamp>1056.195181</timestamp>
			</report>
			<report>
				<misses>4230001</misses>
				<total>71</total>
				<timestamp>1056.444975</timestamp>
			</report>
			<report>
				<misses>4231001</misses>
				<total>71</total>
				<timestamp>1056.694683</timestamp>
			</report>
			<report>
				<misses>4232001</misses>
				<total>71</total>
				<timestamp>1056.944448</timestamp>
			</report>
			<report>
				<misses>4233001</misses>
				<total>71</total>
				<timestamp>1057.194171</timestamp>
			</report>
			<report>
				<misses>4234001</misses>
				<total>71</total>
				<timestamp>1057.443930</timestamp>
			</report>
			<report>
				<misses>4235001</misses>
				<total>71</total>
				<timestamp>1057.693689</timestamp>
			</report>
			<report>
				<misses>4236001</misses>
				<total>71</total>
				<timestamp>1057.943441</timestamp>
			</report>
			<report>
				<misses>4237001</misses>
				<total>71</total>
				<timestamp>1058.193209</timestamp>
			</report>
			<report>
				<misses>4238001</misses>
				<total>71</total>
				<timestamp>1058.442973</timestamp>
			</report>
			<report>
				<misses>4239001</misses>
				<total>71</total>
				<timestamp>1058.692663</timestamp>
			</report>
			<report>
				<misses>4240001</misses>
				<total>71</total>
				<timestamp>1058.942445</timestamp>
			</report>
			<report>
				<misses>4241001</misses>
				<total>71</total>
				<timestamp>1059.192216</timestamp>
			</report>
			<report>
				<misses>4242001</misses>
				<total>71</total>
				<timestamp>1059.441941</timestamp>
			</report>
			<report>
				<misses>4243001</misses>
				<total>71</total>
				<timestamp>1059.691726</timestamp>
			</report>
			<report>
				<misses>4244001</misses>
				<total>71</total>
				<timestamp>1059.941441</timestamp>
			</report>
			<report>
				<misses>4245001</misses>
				<total>71</total>
				<timestamp>1060.191177</timestamp>
			</report>
			<report>
				<misses>4246001</misses>
				<total>71</total>
				<timestamp>1060.440995</timestamp>
			</report>
			<report>
				<misses>4247001</misses>
				<total>71</total>
				<timestamp>1060.690679</timestamp>
			</report>
			<report>
				<misses>4248001</misses>
				<total>71</total>
				<timestamp>1060.940414</timestamp>
			</report>
			<report>
				<misses>4249001</misses>
				<total>71</total>
				<timestamp>1061.190180</timestamp>
			</report>
			<report>
				<misses>4250001</misses>
				<total>71</total>
				<timestamp>1061.439992</timestamp>
			</report>
			<report>
				<misses>4251001</misses>
				<total>71</total>
				<timestamp>1061.689672</timestamp>
			</report>
			<report>
				<misses>4252001</misses>
				<total>71</total>
				<timestamp>1061.939443</timestamp>
			</report>
			<report>
				<misses>4253001</misses>
				<total>71</total>
				<timestamp>1062.189197</timestamp>
			</report>
			<report>
				<misses>4254001</misses>
				<total>71</total>
				<timestamp>1062.438985</timestamp>
			</report>
			<report>
				<misses>4255001</misses>
				<total>71</total>
				<timestamp>1062.688677</timestamp>
			</report>
			<report>
				<misses>4256001</misses>
				<total>71</total>
				<timestamp>1062.938426</timestamp>
			</report>
			<report>
				<misses>4257001</misses>
				<total>71</total>
				<timestamp>1063.188184</timestamp>
			</report>
			<report>
				<misses>4258001</misses>
				<total>72</total>
				<timestamp>1063.437962</timestamp>
			</report>
			<report>
				<misses>4259001</misses>
				<total>71</total>
				<timestamp>1063.687719</timestamp>
			</report>
			<report>
				<misses>4260001</misses>
				<total>72</total>
				<timestamp>1063.937427</timestamp>
			</report>
			<report>
				<misses>4261001</misses>
				<total>72</total>
				<timestamp>1064.187174</timestamp>
			</report>
			<report>
				<misses>4262001</misses>
				<total>72</total>
				<timestamp>1064.436938</timestamp>
			</report>
			<report>
				<misses>4263001</misses>
				<total>72</total>
				<timestamp>1064.686668</timestamp>
			</report>
			<report>
				<misses>4264001</misses>
				<total>72</total>
				<timestamp>1064.936472</timestamp>
			</report>
			<report>
				<misses>4265001</misses>
				<total>72</total>
				<timestamp>1065.186158</timestamp>
			</report>
			<report>
				<misses>4266001</misses>
				<total>72</total>
				<timestamp>1065.435950</timestamp>
			</report>
			<report>
				<misses>4267001</misses>
				<total>72</total>
				<timestamp>1065.685680</timestamp>
			</report>
			<report>
				<misses>4268001</misses>
				<total>72</total>
				<timestamp>1065.935421</timestamp>
			</report>
			<report>
				<misses>4269001</misses>
				<total>72</total>
				<timestamp>1066.185166</timestamp>
			</report>
			<report>
				<misses>4270001</misses>
				<total>72</total>
				<timestamp>1066.434963</timestamp>
			</report>
			<report>
				<misses>4271001</misses>
				<total>72</total>
				<timestamp>1066.684723</timestamp>
			</report>
			<report>
				<misses>4272001</misses>
				<total>72</total>
				<timestamp>1066.934493</timestamp>
			</report>
			<report>
				<misses>4273001</misses>
				<total>72</total>
				<timestamp>1067.184177</timestamp>
			</report>
			<report>
				<misses>4274001</misses>
				<total>72</total>
				<timestamp>1067.433965</timestamp>
			</report>
			<report>
				<misses>4275001</misses>
				<total>72</total>
				<timestamp>1067.683696</timestamp>
			</report>
			<report>
				<misses>4276001</misses>
				<total>72</total>
				<timestamp>1067.933463</timestamp>
			</report>
			<report>
				<misses>4277001</misses>
				<total>72</total>
				<timestamp>1068.183169</timestamp>
			</report>
			<report>
				<misses>4278001</misses>
				<total>72</total>
				<timestamp>1068.432956</timestamp>
			</report>
			<report>
				<misses>4279001</misses>
				<total>72</total>
				<timestamp>1068.682687</timestamp>
			</report>
			<report>
				<misses>4280001</misses>
				<total>72</total>
				<timestamp>1068.932461</timestamp>
			</report>
			<report>
				<misses>4281001</misses>
				<total>72</total>
				<timestamp>1069.182177</timestamp>
			</report>
			<report>
				<misses>4282001</misses>
				<total>72</total>
				<timestamp>1069.431949</timestamp>
			</report>
			<report>
				<misses>4283001</misses>
				<total>72</total>
				<timestamp>1069.681667</timestamp>
			</report>
			<report>
				<misses>4284001</misses>
				<total>72</total>
				<timestamp>1069.931432</timestamp>
			</report>
			<report>
				<misses>4285001</misses>
				<total>72</total>
				<timestamp>1070.181185</timestamp>
			</report>
			<report>
				<misses>4286001</misses>
				<total>72</total>
				<timestamp>1070.430942</timestamp>
			</report>
			<report>
				<misses>4287001</misses>
				<total>72</total>
				<timestamp>1070.680683</timestamp>
			</report>
			<report>
				<misses>4288001</misses>
				<total>72</total>
				<timestamp>1070.930431</timestamp>
			</report>
			<report>
				<misses>4289001</misses>
				<total>72</total>
				<timestamp>1071.180172</timestamp>
			</report>
			<report>
				<misses>4290001</misses>
				<total>72</total>
				<timestamp>1071.429953</timestamp>
			</report>
			<report>
				<misses>4291001</misses>
				<total>72</total>
				<timestamp>1071.679678</timestamp>
			</report>
			<report>
				<misses>4292001</misses>
				<total>72</total>
				<timestamp>1071.929439</timestamp>
			</report>
			<report>
				<misses>4293001</misses>
				<total>72</total>
				<timestamp>1072.179187</timestamp>
			</report>
			<report>
				<misses>4294001</misses>
				<total>72</total>
				<timestamp>1072.428934</timestamp>
			</report>
			<report>
				<misses>4295001</misses>
				<total>72</total>
				<timestamp>1072.678681</timestamp>
			</report>
			<report>
				<misses>4296001</misses>
				<total>72</total>
				<timestamp>1072.928522</timestamp>
			</report>
			<report>
				<misses>4297001</misses>
				<total>72</total>
				<timestamp>1073.178189</timestamp>
			</report>
			<report>
				<misses>4298001</misses>
				<total>72</total>
				<timestamp>1073.427940</timestamp>
			</report>
			<report>
				<misses>4299001</misses>
				<total>72</total>
				<timestamp>1073.677670</timestamp>
			</report>
			<report>
				<misses>4300001</misses>
				<total>72</total>
				<timestamp>1073.927435</timestamp>
			</report>
			<report>
				<misses>4301001</misses>
				<total>72</total>
				<timestamp>1074.177195</timestamp>
			</report>
			<report>
				<misses>4302001</misses>
				<total>72</total>
				<timestamp>1074.426939</timestamp>
			</report>
			<report>
				<misses>4303001</misses>
				<total>72</total>
				<timestamp>1074.676681</timestamp>
			</report>
			<report>
				<misses>4304001</misses>
				<total>72</total>
				<timestamp>1074.926447</timestamp>
			</report>
			<report>
				<misses>4305001</misses>
				<total>72</total>
				<timestamp>1075.176227</timestamp>
			</report>
			<report>
				<misses>4306001</misses>
				<total>72</total>
				<timestamp>1075.425948</timestamp>
			</report>
			<report>
				<misses>4307001</misses>
				<total>72</total>
				<timestamp>1075.675681</timestamp>
			</report>
			<report>
				<misses>4308001</misses>
				<total>72</total>
				<timestamp>1075.925446</timestamp>
			</report>
			<report>
				<misses>4309001</misses>
				<total>72</total>
				<timestamp>1076.175184</timestamp>
			</report>
			<report>
				<misses>4310001</misses>
				<total>72</total>
				<timestamp>1076.424933</timestamp>
			</report>
			<report>
				<misses>4311001</misses>
				<total>72</total>
				<timestamp>1076.674707</timestamp>
			</report>
			<report>
				<misses>4312001</misses>
				<total>72</total>
				<timestamp>1076.924410</timestamp>
			</report>
			<report>
				<misses>4313001</misses>
				<total>72</total>
				<timestamp>1077.174182</timestamp>
			</report>
			<report>
				<misses>4314001</misses>
				<total>72</total>
				<timestamp>1077.423989</timestamp>
			</report>
			<report>
				<misses>4315001</misses>
				<total>72</total>
				<timestamp>1077.673685</timestamp>
			</report>
			<report>
				<misses>4316001</misses>
				<total>72</total>
				<timestamp>1077.923432</timestamp>
			</report>
			<report>
				<misses>4317001</misses>
				<total>72</total>
				<timestamp>1078.173165</timestamp>
			</report>
			<report>
				<misses>4318001</misses>
				<total>72</total>
				<timestamp>1078.422951</timestamp>
			</report>
			<report>
				<misses>4319001</misses>
				<total>72</total>
				<timestamp>1078.672689</timestamp>
			</report>
			<report>
				<misses>4320001</misses>
				<total>72</total>
				<timestamp>1078.922414</timestamp>
			</report>
			<report>
				<misses>4321001</misses>
				<total>72</total>
				<timestamp>1079.172176</timestamp>
			</report>
			<report>
				<misses>4322001</misses>
				<total>72</total>
				<timestamp>1079.421944</timestamp>
			</report>
			<report>
				<misses>4323001</misses>
				<total>72</total>
				<timestamp>1079.671680</timestamp>
			</report>
			<report>
				<misses>4324001</misses>
				<total>72</total>
				<timestamp>1079.921440</timestamp>
			</report>
			<report>
				<misses>4325001</misses>
				<total>72</total>
				<timestamp>1080.171162</timestamp>
			</report>
			<report>
				<misses>4326001</misses>
				<total>72</total>
				<timestamp>1080.420944</timestamp>
			</report>
			<report>
				<misses>4327001</misses>
				<total>72</total>
				<timestamp>1080.670675</timestamp>
			</report>
			<report>
				<misses>4328001</misses>
				<total>72</total>
				<timestamp>1080.920466</timestamp>
			</report>
			<report>
				<misses>4329001</misses>
				<total>72</total>
				<timestamp>1081.170186</timestamp>
			</report>
			<report>
				<misses>4330001</misses>
				<total>72</total>
				<timestamp>1081.419968</timestamp>
			</report>
			<report>
				<misses>4331001</misses>
				<total>72</total>
				<timestamp>1081.669697</timestamp>
			</report>
			<report>
				<misses>4332001</misses>
				<total>72</total>
				<timestamp>1081.919466</timestamp>
			</report>
			<report>
				<misses>4333001</misses>
				<total>72</total>
				<timestamp>1082.169186</timestamp>
			</report>
			<report>
				<misses>4334001</misses>
				<total>72</total>
				<timestamp>1082.418942</timestamp>
			</report>
			<report>
				<misses>4335001</misses>
				<total>72</total>
				<timestamp>1082.668683</timestamp>
			</report>
			<report>
				<misses>4336001</misses>
				<total>72</total>
				<timestamp>1082.918427</timestamp>
			</report>
			<report>
				<misses>4337001</misses>
				<total>72</total>
				<timestamp>1083.168189</timestamp>
			</report>
			<report>
				<misses>4338001</misses>
				<total>72</total>
				<timestamp>1083.417942</timestamp>
			</report>
			<report>
				<misses>4339001</misses>
				<total>72</total>
				<timestamp>1083.667727</timestamp>
			</report>
			<report>
				<misses>4340001</misses>
				<total>72</total>
				<timestamp>1083.917436</timestamp>
			</report>
			<report>
				<misses>4341001</misses>
				<total>72</total>
				<timestamp>1084.167183</timestamp>
			</report>
			<report>
				<misses>4342001</misses>
				<total>72</total>
				<timestamp>1084.416957</timestamp>
			</report>
			<report>
				<misses>4343001</misses>
				<total>72</total>
				<timestamp>1084.666690</timestamp>
			</report>
			<report>
				<misses>4344001</misses>
				<total>72</total>
				<timestamp>1084.916445</timestamp>
			</report>
			<report>
				<misses>4345001</misses>
				<total>72</total>
				<timestamp>1085.166201</timestamp>
			</report>
			<report>
				<misses>4346001</misses>
				<total>72</total>
				<timestamp>1085.415966</timestamp>
			</report>
			<report>
				<misses>4347001</misses>
				<total>72</total>
				<timestamp>1085.665685</timestamp>
			</report>
			<report>
				<misses>4348001</misses>
				<total>72</total>
				<timestamp>1085.915433</timestamp>
			</report>
			<report>
				<misses>4349001</misses>
				<total>72</total>
				<timestamp>1086.165201</timestamp>
			</report>
			<report>
				<misses>4350001</misses>
				<total>72</total>
				<timestamp>1086.414952</timestamp>
			</report>
			<report>
				<misses>4351001</misses>
				<total>72</total>
				<timestamp>1086.664703</timestamp>
			</report>
			<report>
				<misses>4352001</misses>
				<total>72</total>
				<timestamp>1086.914427</timestamp>
			</report>
			<report>
				<misses>4353001</misses>
				<total>72</total>
				<timestamp>1087.164196</timestamp>
			</report>
			<report>
				<misses>4354001</misses>
				<total>72</total>
				<timestamp>1087.413951</timestamp>
			</report>
			<report>
				<misses>4355001</misses>
				<total>72</total>
				<timestamp>1087.663689</timestamp>
			</report>
			<report>
				<misses>4356001</misses>
				<total>72</total>
				<timestamp>1087.913418</timestamp>
			</report>
			<report>
				<misses>4357001</misses>
				<total>72</total>
				<timestamp>1088.163186</timestamp>
			</report>
			<report>
				<misses>4358001</misses>
				<total>72</total>
				<timestamp>1088.412970</timestamp>
			</report>
			<report>
				<misses>4359001</misses>
				<total>71</total>
				<timestamp>1088.662682</timestamp>
			</report>
			<report>
				<misses>4360001</misses>
				<total>72</total>
				<timestamp>1088.912446</timestamp>
			</report>
			<report>
				<misses>4361001</misses>
				<total>72</total>
				<timestamp>1089.162189</timestamp>
			</report>
			<report>
				<misses>4362001</misses>
				<total>72</total>
				<timestamp>1089.411938</timestamp>
			</report>
			<report>
				<misses>4363001</misses>
				<total>72</total>
				<timestamp>1089.661687</timestamp>
			</report>
			<report>
				<misses>4364001</misses>
				<total>72</total>
				<timestamp>1089.911438</timestamp>
			</report>
			<report>
				<misses>4365001</misses>
				<total>72</total>
				<timestamp>1090.161229</timestamp>
			</report>
			<report>
				<misses>4366001</misses>
				<total>72</total>
				<timestamp>1090.410944</timestamp>
			</report>
			<report>
				<misses>4367001</misses>
				<total>72</total>
				<timestamp>1090.660691</timestamp>
			</report>
			<report>
				<misses>4368001</misses>
				<total>72</total>
				<timestamp>1090.910447</timestamp>
			</report>
			<report>
				<misses>4369001</misses>
				<total>72</total>
				<timestamp>1091.160188</timestamp>
			</report>
			<report>
				<misses>4370001</misses>
				<total>72</total>
				<timestamp>1091.409958</timestamp>
			</report>
			<report>
				<misses>4371001</misses>
				<total>72</total>
				<timestamp>1091.659673</timestamp>
			</report>
			<report>
				<misses>4372001</misses>
				<total>72</total>
				<timestamp>1091.909427</timestamp>
			</report>
			<report>
				<misses>4373001</misses>
				<total>72</total>
				<timestamp>1092.159184</timestamp>
			</report>
			<report>
				<misses>4374001</misses>
				<total>72</total>
				<timestamp>1092.408915</timestamp>
			</report>
			<report>
				<misses>4375001</misses>
				<total>72</total>
				<timestamp>1092.658682</timestamp>
			</report>
			<report>
				<misses>4376001</misses>
				<total>72</total>
				<timestamp>1092.908445</timestamp>
			</report>
			<report>
				<misses>4377001</misses>
				<total>72</total>
				<timestamp>1093.158216</timestamp>
			</report>
			<report>
				<misses>4378001</misses>
				<total>72</total>
				<timestamp>1093.407943</timestamp>
			</report>
			<report>
				<misses>4379001</misses>
				<total>72</total>
				<timestamp>1093.657675</timestamp>
			</report>
			<report>
				<misses>4380001</misses>
				<total>72</total>
				<timestamp>1093.907424</timestamp>
			</report>
			<report>
				<misses>4381001</misses>
				<total>72</total>
				<timestamp>1094.157185</timestamp>
			</report>
			<report>
				<misses>4382001</misses>
				<total>72</total>
				<timestamp>1094.406924</timestamp>
			</report>
			<report>
				<misses>4383001</misses>
				<total>72</total>
				<timestamp>1094.656691</timestamp>
			</report>
			<report>
				<misses>4384001</misses>
				<total>72</total>
				<timestamp>1094.906422</timestamp>
			</report>
			<report>
				<misses>4385001</misses>
				<total>72</total>
				<timestamp>1095.156219</timestamp>
			</report>
			<report>
				<misses>4386001</misses>
				<total>72</total>
				<timestamp>1095.405923</timestamp>
			</report>
			<report>
				<misses>4387001</misses>
				<total>72</total>
				<timestamp>1095.655709</timestamp>
			</report>
			<report>
				<misses>4388001</misses>
				<total>72</total>
				<timestamp>1095.905439</timestamp>
			</report>
			<report>
				<misses>4389001</misses>
				<total>72</total>
				<timestamp>1096.155179</timestamp>
			</report>
			<report>
				<misses>4390001</misses>
				<total>75</total>
				<timestamp>1096.404948</timestamp>
			</report>
			<report>
				<misses>4391001</misses>
				<total>75</total>
				<timestamp>1096.654671</timestamp>
			</report>
			<report>
				<misses>4392001</misses>
				<total>75</total>
				<timestamp>1096.904432</timestamp>
			</report>
			<report>
				<misses>4393001</misses>
				<total>75</total>
				<timestamp>1097.154184</timestamp>
			</report>
			<report>
				<misses>4394001</misses>
				<total>75</total>
				<timestamp>1097.403920</timestamp>
			</report>
			<report>
				<misses>4395001</misses>
				<total>75</total>
				<timestamp>1097.653701</timestamp>
			</report>
			<report>
				<misses>4396001</misses>
				<total>75</total>
				<timestamp>1097.903440</timestamp>
			</report>
			<report>
				<misses>4397001</misses>
				<total>75</total>
				<timestamp>1098.153228</timestamp>
			</report>
			<report>
				<misses>4398001</misses>
				<total>75</total>
				<timestamp>1098.402959</timestamp>
			</report>
			<report>
				<misses>4399001</misses>
				<total>75</total>
				<timestamp>1098.652687</timestamp>
			</report>
			<report>
				<misses>4400001</misses>
				<total>75</total>
				<timestamp>1098.902462</timestamp>
			</report>
			<report>
				<misses>4401001</misses>
				<total>75</total>
				<timestamp>1099.152176</timestamp>
			</report>
			<report>
				<misses>4402001</misses>
				<total>75</total>
				<timestamp>1099.401934</timestamp>
			</report>
			<report>
				<misses>4403001</misses>
				<total>75</total>
				<timestamp>1099.651710</timestamp>
			</report>
			<report>
				<misses>4404001</misses>
				<total>75</total>
				<timestamp>1099.901445</timestamp>
			</report>
			<report>
				<misses>4405001</misses>
				<total>75</total>
				<timestamp>1100.151183</timestamp>
			</report>
			<report>
				<misses>4406001</misses>
				<total>75</total>
				<timestamp>1100.400982</timestamp>
			</report>
			<report>
				<misses>4407001</misses>
				<total>75</total>
				<timestamp>1100.650731</timestamp>
			</report>
			<report>
				<misses>4408001</misses>
				<total>75</total>
				<timestamp>1100.900412</timestamp>
			</report>
			<report>
				<misses>4409001</misses>
				<total>75</total>
				<timestamp>1101.150205</timestamp>
			</report>
			<report>
				<misses>4410001</misses>
				<total>75</total>
				<timestamp>1101.399927</timestamp>
			</report>
			<report>
				<misses>4411001</misses>
				<total>75</total>
				<timestamp>1101.649691</timestamp>
			</report>
			<report>
				<misses>4412001</misses>
				<total>75</total>
				<timestamp>1101.899441</timestamp>
			</report>
			<report>
				<misses>4413001</misses>
				<total>75</total>
				<timestamp>1102.149190</timestamp>
			</report>
			<report>
				<misses>4414001</misses>
				<total>75</total>
				<timestamp>1102.398925</timestamp>
			</report>
			<report>
				<misses>4415001</misses>
				<total>75</total>
				<timestamp>1102.648703</timestamp>
			</report>
			<report>
				<misses>4416001</misses>
				<total>75</total>
				<timestamp>1102.898438</timestamp>
			</report>
			<report>
				<misses>4417001</misses>
				<total>75</total>
				<timestamp>1103.148172</timestamp>
			</report>
			<report>
				<misses>4418001</misses>
				<total>75</total>
				<timestamp>1103.397932</timestamp>
			</report>
			<report>
				<misses>4419001</misses>
				<total>75</total>
				<timestamp>1103.647730</timestamp>
			</report>
			<report>
				<misses>4420001</misses>
				<total>75</total>
				<timestamp>1103.897435</timestamp>
			</report>
			<report>
				<misses>4421001</misses>
				<total>75</total>
				<timestamp>1104.147188</timestamp>
			</report>
			<report>
				<misses>4422001</misses>
				<total>75</total>
				<timestamp>1104.396965</timestamp>
			</report>
			<report>
				<misses>4423001</misses>
				<total>75</total>
				<timestamp>1104.646702</timestamp>
			</report>
			<report>
				<misses>4424001</misses>
				<total>75</total>
				<timestamp>1104.896438</timestamp>
			</report>
			<report>
				<misses>4425001</misses>
				<total>75</total>
				<timestamp>1105.146214</timestamp>
			</report>
			<report>
				<misses>4426001</misses>
				<total>75</total>
				<timestamp>1105.395928</timestamp>
			</report>
			<report>
				<misses>4427001</misses>
				<total>75</total>
				<timestamp>1105.645698</timestamp>
			</report>
			<report>
				<misses>4428001</misses>
				<total>75</total>
				<timestamp>1105.895439</timestamp>
			</report>
			<report>
				<misses>4429001</misses>
				<total>75</total>
				<timestamp>1106.145196</timestamp>
			</report>
			<report>
				<misses>4430001</misses>
				<total>75</total>
				<timestamp>1106.394979</timestamp>
			</report>
			<report>
				<misses>4431001</misses>
				<total>75</total>
				<timestamp>1106.644699</timestamp>
			</report>
			<report>
				<misses>4432001</misses>
				<total>75</total>
				<timestamp>1106.894439</timestamp>
			</report>
			<report>
				<misses>4433001</misses>
				<total>75</total>
				<timestamp>1107.144182</timestamp>
			</report>
			<report>
				<misses>4434001</misses>
				<total>75</total>
				<timestamp>1107.393925</timestamp>
			</report>
			<report>
				<misses>4435001</misses>
				<total>75</total>
				<timestamp>1107.643719</timestamp>
			</report>
			<report>
				<misses>4436001</misses>
				<total>75</total>
				<timestamp>1107.893458</timestamp>
			</report>
			<report>
				<misses>4437001</misses>
				<total>75</total>
				<timestamp>1108.143174</timestamp>
			</report>
			<report>
				<misses>4438001</misses>
				<total>75</total>
				<timestamp>1108.392919</timestamp>
			</report>
			<report>
				<misses>4439001</misses>
				<total>75</total>
				<timestamp>1108.642714</timestamp>
			</report>
			<report>
				<misses>4440001</misses>
				<total>75</total>
				<timestamp>1108.892481</timestamp>
			</report>
			<report>
				<misses>4441001</misses>
				<total>75</total>
				<timestamp>1109.142190</timestamp>
			</report>
			<report>
				<misses>4442001</misses>
				<total>75</total>
				<timestamp>1109.391929</timestamp>
			</report>
			<report>
				<misses>4443001</misses>
				<total>75</total>
				<timestamp>1109.641727</timestamp>
			</report>
			<report>
				<misses>4444001</misses>
				<total>75</total>
				<timestamp>1109.891417</timestamp>
			</report>
			<report>
				<misses>4445001</misses>
				<total>75</total>
				<timestamp>1110.141214</timestamp>
			</report>
			<report>
				<misses>4446001</misses>
				<total>75</total>
				<timestamp>1110.390940</timestamp>
			</report>
			<report>
				<misses>4447001</misses>
				<total>75</total>
				<timestamp>1110.640701</timestamp>
			</report>
			<report>
				<misses>4448001</misses>
				<total>75</total>
				<timestamp>1110.890413</timestamp>
			</report>
			<report>
				<misses>4449001</misses>
				<total>75</total>
				<timestamp>1111.140216</timestamp>
			</report>
			<report>
				<misses>4450001</misses>
				<total>74</total>
				<timestamp>1111.389958</timestamp>
			</report>
			<report>
				<misses>4451001</misses>
				<total>75</total>
				<timestamp>1111.639685</timestamp>
			</report>
			<report>
				<misses>4452001</misses>
				<total>75</total>
				<timestamp>1111.889460</timestamp>
			</report>
			<report>
				<misses>4453001</misses>
				<total>75</total>
				<timestamp>1112.139192</timestamp>
			</report>
			<report>
				<misses>4454001</misses>
				<total>75</total>
				<timestamp>1112.388931</timestamp>
			</report>
			<report>
				<misses>4455001</misses>
				<total>75</total>
				<timestamp>1112.638688</timestamp>
			</report>
			<report>
				<misses>4456001</misses>
				<total>75</total>
				<timestamp>1112.888432</timestamp>
			</report>
			<report>
				<misses>4457001</misses>
				<total>75</total>
				<timestamp>1113.138174</timestamp>
			</report>
			<report>
				<misses>4458001</misses>
				<total>75</total>
				<timestamp>1113.387969</timestamp>
			</report>
			<report>
				<misses>4459001</misses>
				<total>75</total>
				<timestamp>1113.637718</timestamp>
			</report>
			<report>
				<misses>4460001</misses>
				<total>75</total>
				<timestamp>1113.887461</timestamp>
			</report>
			<report>
				<misses>4461001</misses>
				<total>75</total>
				<timestamp>1114.137180</timestamp>
			</report>
			<report>
				<misses>4462001</misses>
				<total>75</total>
				<timestamp>1114.386913</timestamp>
			</report>
			<report>
				<misses>4463001</misses>
				<total>75</total>
				<timestamp>1114.636686</timestamp>
			</report>
			<report>
				<misses>4464001</misses>
				<total>75</total>
				<timestamp>1114.886422</timestamp>
			</report>
			<report>
				<misses>4465001</misses>
				<total>75</total>
				<timestamp>1115.136196</timestamp>
			</report>
			<report>
				<misses>4466001</misses>
				<total>75</total>
				<timestamp>1115.385935</timestamp>
			</report>
			<report>
				<misses>4467001</misses>
				<total>75</total>
				<timestamp>1115.635699</timestamp>
			</report>
			<report>
				<misses>4468001</misses>
				<total>75</total>
				<timestamp>1115.885423</timestamp>
			</report>
			<report>
				<misses>4469001</misses>
				<total>75</total>
				<timestamp>1116.135178</timestamp>
			</report>
			<report>
				<misses>4470001</misses>
				<total>75</total>
				<timestamp>1116.384921</timestamp>
			</report>
			<report>
				<misses>4471001</misses>
				<total>75</total>
				<timestamp>1116.634702</timestamp>
			</report>
			<report>
				<misses>4472001</misses>
				<total>75</total>
				<timestamp>1116.884427</timestamp>
			</report>
			<report>
				<misses>4473001</misses>
				<total>75</total>
				<timestamp>1117.134190</timestamp>
			</report>
			<report>
				<misses>4474001</misses>
				<total>75</total>
				<timestamp>1117.383919</timestamp>
			</report>
			<report>
				<misses>4475001</misses>
				<total>75</total>
				<timestamp>1117.633671</timestamp>
			</report>
			<report>
				<misses>4476001</misses>
				<total>75</total>
				<timestamp>1117.883436</timestamp>
			</report>
			<report>
				<misses>4477001</misses>
				<total>75</total>
				<timestamp>1118.133165</timestamp>
			</report>
			<report>
				<misses>4478001</misses>
				<total>75</total>
				<timestamp>1118.382930</timestamp>
			</report>
			<report>
				<misses>4479001</misses>
				<total>75</total>
				<timestamp>1118.632730</timestamp>
			</report>
			<report>
				<misses>4480001</misses>
				<total>75</total>
				<timestamp>1118.882431</timestamp>
			</report>
			<report>
				<misses>4481001</misses>
				<total>75</total>
				<timestamp>1119.132232</timestamp>
			</report>
			<report>
				<misses>4482001</misses>
				<total>75</total>
				<timestamp>1119.381941</timestamp>
			</report>
			<report>
				<misses>4483001</misses>
				<total>75</total>
				<timestamp>1119.631706</timestamp>
			</report>
			<report>
				<misses>4484001</misses>
				<total>75</total>
				<timestamp>1119.881441</timestamp>
			</report>
			<report>
				<misses>4485001</misses>
				<total>75</total>
				<timestamp>1120.131179</timestamp>
			</report>
			<report>
				<misses>4486001</misses>
				<total>75</total>
				<timestamp>1120.380931</timestamp>
			</report>
			<report>
				<misses>4487001</misses>
				<total>74</total>
				<timestamp>1120.630733</timestamp>
			</report>
			<report>
				<misses>4488001</misses>
				<total>75</total>
				<timestamp>1120.880429</timestamp>
			</report>
			<report>
				<misses>4489001</misses>
				<total>75</total>
				<timestamp>1121.130228</timestamp>
			</report>
			<report>
				<misses>4490001</misses>
				<total>75</total>
				<timestamp>1121.379920</timestamp>
			</report>
			<report>
				<misses>4491001</misses>
				<total>75</total>
				<timestamp>1121.629705</timestamp>
			</report>
			<report>
				<misses>4492001</misses>
				<total>75</total>
				<timestamp>1121.879428</timestamp>
			</report>
			<report>
				<misses>4493001</misses>
				<total>75</total>
				<timestamp>1122.129216</timestamp>
			</report>
			<report>
				<misses>4494001</misses>
				<total>75</total>
				<timestamp>1122.378947</timestamp>
			</report>
			<report>
				<misses>4495001</misses>
				<total>75</total>
				<timestamp>1122.628715</timestamp>
			</report>
			<report>
				<misses>4496001</misses>
				<total>75</total>
				<timestamp>1122.878436</timestamp>
			</report>
			<report>
				<misses>4497001</misses>
				<total>75</total>
				<timestamp>1123.128179</timestamp>
			</report>
			<report>
				<misses>4498001</misses>
				<total>75</total>
				<timestamp>1123.377975</timestamp>
			</report>
			<report>
				<misses>4499001</misses>
				<total>74</total>
				<timestamp>1123.627736</timestamp>
			</report>
			<report>
				<misses>4500001</misses>
				<total>75</total>
				<timestamp>1123.877451</timestamp>
			</report>
			<report>
				<misses>4501001</misses>
				<total>75</total>
				<timestamp>1124.127199</timestamp>
			</report>
			<report>
				<misses>4502001</misses>
				<total>75</total>
				<timestamp>1124.376947</timestamp>
			</report>
			<report>
				<misses>4503001</misses>
				<total>75</total>
				<timestamp>1124.626696</timestamp>
			</report>
			<report>
				<misses>4504001</misses>
				<total>75</total>
				<timestamp>1124.876461</timestamp>
			</report>
			<report>
				<misses>4505001</misses>
				<total>75</total>
				<timestamp>1125.126222</timestamp>
			</report>
			<report>
				<misses>4506001</misses>
				<total>75</total>
				<timestamp>1125.375940</timestamp>
			</report>
			<report>
				<misses>4507001</misses>
				<total>75</total>
				<timestamp>1125.625724</timestamp>
			</report>
			<report>
				<misses>4508001</misses>
				<total>75</total>
				<timestamp>1125.875443</timestamp>
			</report>
			<report>
				<misses>4509001</misses>
				<total>75</total>
				<timestamp>1126.125220</timestamp>
			</report>
			<report>
				<misses>4510001</misses>
				<total>75</total>
				<timestamp>1126.374925</timestamp>
			</report>
			<report>
				<misses>4511001</misses>
				<total>75</total>
				<timestamp>1126.624715</timestamp>
			</report>
			<report>
				<misses>4512001</misses>
				<total>75</total>
				<timestamp>1126.874430</timestamp>
			</report>
			<report>
				<misses>4513001</misses>
				<total>75</total>
				<timestamp>1127.124195</timestamp>
			</report>
			<report>
				<misses>4514001</misses>
				<total>75</total>
				<timestamp>1127.373933</timestamp>
			</report>
			<report>
				<misses>4515001</misses>
				<total>75</total>
				<timestamp>1127.623719</timestamp>
			</report>
			<report>
				<misses>4516001</misses>
				<total>75</total>
				<timestamp>1127.873439</timestamp>
			</report>
			<report>
				<misses>4517001</misses>
				<total>75</total>
				<timestamp>1128.123169</timestamp>
			</report>
			<report>
				<misses>4518001</misses>
				<total>75</total>
				<timestamp>1128.372943</timestamp>
			</report>
			<report>
				<misses>4519001</misses>
				<total>75</total>
				<timestamp>1128.622687</timestamp>
			</report>
			<report>
				<misses>4520001</misses>
				<total>75</total>
				<timestamp>1128.872448</timestamp>
			</report>
			<report>
				<misses>4521001</misses>
				<total>75</total>
				<timestamp>1129.122199</timestamp>
			</report>
			<report>
				<misses>4522001</misses>
				<total>75</total>
				<timestamp>1129.371942</timestamp>
			</report>
			<report>
				<misses>4523001</misses>
				<total>75</total>
				<timestamp>1129.621700</timestamp>
			</report>
			<report>
				<misses>4524001</misses>
				<total>75</total>
				<timestamp>1129.871434</timestamp>
			</report>
			<report>
				<misses>4525001</misses>
				<total>75</total>
				<timestamp>1130.121177</timestamp>
			</report>
			<report>
				<misses>4526001</misses>
				<total>75</total>
				<timestamp>1130.370931</timestamp>
			</report>
			<report>
				<misses>4527001</misses>
				<total>75</total>
				<timestamp>1130.620690</timestamp>
			</report>
			<report>
				<misses>4528001</misses>
				<total>75</total>
				<timestamp>1130.870464</timestamp>
			</report>
			<report>
				<misses>4529001</misses>
				<total>75</total>
				<timestamp>1131.120189</timestamp>
			</report>
			<report>
				<misses>4530001</misses>
				<total>75</total>
				<timestamp>1131.369911</timestamp>
			</report>
			<report>
				<misses>4531001</misses>
				<total>75</total>
				<timestamp>1131.619690</timestamp>
			</report>
			<report>
				<misses>4532001</misses>
				<total>75</total>
				<timestamp>1131.869451</timestamp>
			</report>
			<report>
				<misses>4533001</misses>
				<total>75</total>
				<timestamp>1132.119181</timestamp>
			</report>
			<report>
				<misses>4534001</misses>
				<total>75</total>
				<timestamp>1132.368928</timestamp>
			</report>
			<report>
				<misses>4535001</misses>
				<total>75</total>
				<timestamp>1132.618727</timestamp>
			</report>
			<report>
				<misses>4536001</misses>
				<total>75</total>
				<timestamp>1132.868454</timestamp>
			</report>
			<report>
				<misses>4537001</misses>
				<total>75</total>
				<timestamp>1133.118185</timestamp>
			</report>
			<report>
				<misses>4538001</misses>
				<total>75</total>
				<timestamp>1133.367938</timestamp>
			</report>
			<report>
				<misses>4539001</misses>
				<total>75</total>
				<timestamp>1133.617678</timestamp>
			</report>
			<report>
				<misses>4540001</misses>
				<total>75</total>
				<timestamp>1133.867451</timestamp>
			</report>
			<report>
				<misses>4541001</misses>
				<total>75</total>
				<timestamp>1134.117183</timestamp>
			</report>
			<report>
				<misses>4542001</misses>
				<total>75</total>
				<timestamp>1134.366918</timestamp>
			</report>
			<report>
				<misses>4543001</misses>
				<total>75</total>
				<timestamp>1134.616720</timestamp>
			</report>
			<report>
				<misses>4544001</misses>
				<total>75</total>
				<timestamp>1134.866459</timestamp>
			</report>
			<report>
				<misses>4545001</misses>
				<total>75</total>
				<timestamp>1135.116202</timestamp>
			</report>
			<report>
				<misses>4546001</misses>
				<total>75</total>
				<timestamp>1135.365931</timestamp>
			</report>
			<report>
				<misses>4547001</misses>
				<total>75</total>
				<timestamp>1135.615687</timestamp>
			</report>
			<report>
				<misses>4548001</misses>
				<total>75</total>
				<timestamp>1135.865465</timestamp>
			</report>
			<report>
				<misses>4549001</misses>
				<total>75</total>
				<timestamp>1136.115198</timestamp>
			</report>
			<report>
				<misses>4550001</misses>
				<total>75</total>
				<timestamp>1136.364955</timestamp>
			</report>
			<report>
				<misses>4551001</misses>
				<total>75</total>
				<timestamp>1136.614673</timestamp>
			</report>
			<report>
				<misses>4552001</misses>
				<total>75</total>
				<timestamp>1136.864474</timestamp>
			</report>
			<report>
				<misses>4553001</misses>
				<total>75</total>
				<timestamp>1137.114176</timestamp>
			</report>
			<report>
				<misses>4554001</misses>
				<total>75</total>
				<timestamp>1137.363929</timestamp>
			</report>
			<report>
				<misses>4555001</misses>
				<total>75</total>
				<timestamp>1137.613718</timestamp>
			</report>
			<report>
				<misses>4556001</misses>
				<total>75</total>
				<timestamp>1137.863447</timestamp>
			</report>
			<report>
				<misses>4557001</misses>
				<total>75</total>
				<timestamp>1138.113215</timestamp>
			</report>
			<report>
				<misses>4558001</misses>
				<total>75</total>
				<timestamp>1138.362929</timestamp>
			</report>
			<report>
				<misses>4559001</misses>
				<total>75</total>
				<timestamp>1138.612681</timestamp>
			</report>
			<report>
				<misses>4560001</misses>
				<total>75</total>
				<timestamp>1138.862482</timestamp>
			</report>
			<report>
				<misses>4561001</misses>
				<total>75</total>
				<timestamp>1139.112239</timestamp>
			</report>
			<report>
				<misses>4562001</misses>
				<total>75</total>
				<timestamp>1139.361949</timestamp>
			</report>
			<report>
				<misses>4563001</misses>
				<total>75</total>
				<timestamp>1139.611698</timestamp>
			</report>
			<report>
				<misses>4564001</misses>
				<total>75</total>
				<timestamp>1139.861443</timestamp>
			</report>
			<report>
				<misses>4565001</misses>
				<total>75</total>
				<timestamp>1140.111209</timestamp>
			</report>
			<report>
				<misses>4566001</misses>
				<total>75</total>
				<timestamp>1140.360964</timestamp>
			</report>
			<report>
				<misses>4567001</misses>
				<total>75</total>
				<timestamp>1140.610671</timestamp>
			</report>
			<report>
				<misses>4568001</misses>
				<total>75</total>
				<timestamp>1140.860476</timestamp>
			</report>
			<report>
				<misses>4569001</misses>
				<total>75</total>
				<timestamp>1141.110188</timestamp>
			</report>
			<report>
				<misses>4570001</misses>
				<total>75</total>
				<timestamp>1141.359920</timestamp>
			</report>
			<report>
				<misses>4571001</misses>
				<total>75</total>
				<timestamp>1141.609704</timestamp>
			</report>
			<report>
				<misses>4572001</misses>
				<total>75</total>
				<timestamp>1141.859457</timestamp>
			</report>
			<report>
				<misses>4573001</misses>
				<total>75</total>
				<timestamp>1142.109189</timestamp>
			</report>
			<report>
				<misses>4574001</misses>
				<total>75</total>
				<timestamp>1142.358958</timestamp>
			</report>
			<report>
				<misses>4575001</misses>
				<total>75</total>
				<timestamp>1142.608668</timestamp>
			</report>
			<report>
				<misses>4576001</misses>
				<total>75</total>
				<timestamp>1142.858482</timestamp>
			</report>
			<report>
				<misses>4577001</misses>
				<total>75</total>
				<timestamp>1143.108172</timestamp>
			</report>
			<report>
				<misses>4578001</misses>
				<total>75</total>
				<timestamp>1143.357954</timestamp>
			</report>
			<report>
				<misses>4579001</misses>
				<total>75</total>
				<timestamp>1143.607684</timestamp>
			</report>
			<report>
				<misses>4580001</misses>
				<total>75</total>
				<timestamp>1143.857497</timestamp>
			</report>
			<report>
				<misses>4581001</misses>
				<total>75</total>
				<timestamp>1144.107173</timestamp>
			</report>
			<report>
				<misses>4582001</misses>
				<total>75</total>
				<timestamp>1144.356932</timestamp>
			</report>
			<report>
				<misses>4583001</misses>
				<total>75</total>
				<timestamp>1144.606683</timestamp>
			</report>
			<report>
				<misses>4584001</misses>
				<total>75</total>
				<timestamp>1144.856497</timestamp>
			</report>
			<report>
				<misses>4585001</misses>
				<total>75</total>
				<timestamp>1145.106192</timestamp>
			</report>
			<report>
				<misses>4586001</misses>
				<total>75</total>
				<timestamp>1145.355929</timestamp>
			</report>
			<report>
				<misses>4587001</misses>
				<total>75</total>
				<timestamp>1145.605680</timestamp>
			</report>
			<report>
				<misses>4588001</misses>
				<total>75</total>
				<timestamp>1145.855451</timestamp>
			</report>
			<report>
				<misses>4589001</misses>
				<total>75</total>
				<timestamp>1146.105196</timestamp>
			</report>
			<report>
				<misses>4590001</misses>
				<total>75</total>
				<timestamp>1146.354919</timestamp>
			</report>
			<report>
				<misses>4591001</misses>
				<total>75</total>
				<timestamp>1146.604693</timestamp>
			</report>
			<report>
				<misses>4592001</misses>
				<total>75</total>
				<timestamp>1146.854496</timestamp>
			</report>
			<report>
				<misses>4593001</misses>
				<total>75</total>
				<timestamp>1147.104183</timestamp>
			</report>
			<report>
				<misses>4594001</misses>
				<total>75</total>
				<timestamp>1147.353938</timestamp>
			</report>
			<report>
				<misses>4595001</misses>
				<total>75</total>
				<timestamp>1147.603681</timestamp>
			</report>
			<report>
				<misses>4596001</misses>
				<total>75</total>
				<timestamp>1147.853442</timestamp>
			</report>
			<report>
				<misses>4597001</misses>
				<total>75</total>
				<timestamp>1148.103235</timestamp>
			</report>
			<report>
				<misses>4598001</misses>
				<total>75</total>
				<timestamp>1148.352952</timestamp>
			</report>
			<report>
				<misses>4599001</misses>
				<total>75</total>
				<timestamp>1148.602674</timestamp>
			</report>
			<report>
				<misses>4600001</misses>
				<total>75</total>
				<timestamp>1148.852468</timestamp>
			</report>
			<report>
				<misses>4601001</misses>
				<total>75</total>
				<timestamp>1149.102179</timestamp>
			</report>
			<report>
				<misses>4602001</misses>
				<total>75</total>
				<timestamp>1149.351947</timestamp>
			</report>
			<report>
				<misses>4603001</misses>
				<total>75</total>
				<timestamp>1149.601692</timestamp>
			</report>
			<report>
				<misses>4604001</misses>
				<total>75</total>
				<timestamp>1149.851449</timestamp>
			</report>
			<report>
				<misses>4605001</misses>
				<total>75</total>
				<timestamp>1150.101181</timestamp>
			</report>
			<report>
				<misses>4606001</misses>
				<total>75</total>
				<timestamp>1150.350964</timestamp>
			</report>
			<report>
				<misses>4607001</misses>
				<total>75</total>
				<timestamp>1150.600674</timestamp>
			</report>
			<report>
				<misses>4608001</misses>
				<total>75</total>
				<timestamp>1150.850440</timestamp>
			</report>
			<report>
				<misses>4609001</misses>
				<total>75</total>
				<timestamp>1151.100183</timestamp>
			</report>
			<report>
				<misses>4610001</misses>
				<total>75</total>
				<timestamp>1151.349964</timestamp>
			</report>
			<report>
				<misses>4611001</misses>
				<total>75</total>
				<timestamp>1151.599676</timestamp>
			</report>
			<report>
				<misses>4612001</misses>
				<total>75</total>
				<timestamp>1151.849455</timestamp>
			</report>
			<report>
				<misses>4613001</misses>
				<total>75</total>
				<timestamp>1152.099173</timestamp>
			</report>
			<report>
				<misses>4614001</misses>
				<total>75</total>
				<timestamp>1152.348907</timestamp>
			</report>
			<report>
				<misses>4615001</misses>
				<total>75</total>
				<timestamp>1152.598675</timestamp>
			</report>
			<report>
				<misses>4616001</misses>
				<total>75</total>
				<timestamp>1152.848421</timestamp>
			</report>
			<report>
				<misses>4617001</misses>
				<total>75</total>
				<timestamp>1153.098185</timestamp>
			</report>
			<report>
				<misses>4618001</misses>
				<total>75</total>
				<timestamp>1153.347943</timestamp>
			</report>
			<report>
				<misses>4619001</misses>
				<total>75</total>
				<timestamp>1153.597671</timestamp>
			</report>
			<report>
				<misses>4620001</misses>
				<total>75</total>
				<timestamp>1153.847463</timestamp>
			</report>
			<report>
				<misses>4621001</misses>
				<total>75</total>
				<timestamp>1154.097188</timestamp>
			</report>
			<report>
				<misses>4622001</misses>
				<total>75</total>
				<timestamp>1154.346958</timestamp>
			</report>
			<report>
				<misses>4623001</misses>
				<total>75</total>
				<timestamp>1154.596669</timestamp>
			</report>
			<report>
				<misses>4624001</misses>
				<total>75</total>
				<timestamp>1154.846425</timestamp>
			</report>
			<report>
				<misses>4625001</misses>
				<total>75</total>
				<timestamp>1155.096194</timestamp>
			</report>
			<report>
				<misses>4626001</misses>
				<total>75</total>
				<timestamp>1155.345933</timestamp>
			</report>
			<report>
				<misses>4627001</misses>
				<total>75</total>
				<timestamp>1155.595688</timestamp>
			</report>
			<report>
				<misses>4628001</misses>
				<total>75</total>
				<timestamp>1155.845467</timestamp>
			</report>
			<report>
				<misses>4629001</misses>
				<total>75</total>
				<timestamp>1156.095179</timestamp>
			</report>
			<report>
				<misses>4630001</misses>
				<total>75</total>
				<timestamp>1156.344940</timestamp>
			</report>
			<report>
				<misses>4631001</misses>
				<total>75</total>
				<timestamp>1156.594703</timestamp>
			</report>
			<report>
				<misses>4632001</misses>
				<total>75</total>
				<timestamp>1156.844463</timestamp>
			</report>
			<report>
				<misses>4633001</misses>
				<total>75</total>
				<timestamp>1157.094196</timestamp>
			</report>
			<report>
				<misses>4634001</misses>
				<total>75</total>
				<timestamp>1157.343928</timestamp>
			</report>
			<report>
				<misses>4635001</misses>
				<total>75</total>
				<timestamp>1157.593695</timestamp>
			</report>
			<report>
				<misses>4636001</misses>
				<total>75</total>
				<timestamp>1157.843449</timestamp>
			</report>
			<report>
				<misses>4637001</misses>
				<total>75</total>
				<timestamp>1158.093175</timestamp>
			</report>
			<report>
				<misses>4638001</misses>
				<total>75</total>
				<timestamp>1158.342916</timestamp>
			</report>
			<report>
				<misses>4639001</misses>
				<total>75</total>
				<timestamp>1158.592682</timestamp>
			</report>
			<report>
				<misses>4640001</misses>
				<total>75</total>
				<timestamp>1158.842442</timestamp>
			</report>
			<report>
				<misses>4641001</misses>
				<total>75</total>
				<timestamp>1159.092181</timestamp>
			</report>
			<report>
				<misses>4642001</misses>
				<total>75</total>
				<timestamp>1159.341957</timestamp>
			</report>
			<report>
				<misses>4643001</misses>
				<total>75</total>
				<timestamp>1159.591674</timestamp>
			</report>
			<report>
				<misses>4644001</misses>
				<total>75</total>
				<timestamp>1159.841425</timestamp>
			</report>
			<report>
				<misses>4645001</misses>
				<total>75</total>
				<timestamp>1160.091180</timestamp>
			</report>
			<report>
				<misses>4646001</misses>
				<total>75</total>
				<timestamp>1160.340939</timestamp>
			</report>
			<report>
				<misses>4647001</misses>
				<total>75</total>
				<timestamp>1160.590670</timestamp>
			</report>
			<report>
				<misses>4648001</misses>
				<total>75</total>
				<timestamp>1160.840440</timestamp>
			</report>
			<report>
				<misses>4649001</misses>
				<total>75</total>
				<timestamp>1161.090172</timestamp>
			</report>
			<report>
				<misses>4650001</misses>
				<total>75</total>
				<timestamp>1161.339937</timestamp>
			</report>
			<report>
				<misses>4651001</misses>
				<total>75</total>
				<timestamp>1161.589683</timestamp>
			</report>
			<report>
				<misses>4652001</misses>
				<total>75</total>
				<timestamp>1161.839426</timestamp>
			</report>
			<report>
				<misses>4653001</misses>
				<total>75</total>
				<timestamp>1162.089170</timestamp>
			</report>
			<report>
				<misses>4654001</misses>
				<total>75</total>
				<timestamp>1162.338953</timestamp>
			</report>
			<report>
				<misses>4655001</misses>
				<total>75</total>
				<timestamp>1162.588676</timestamp>
			</report>
			<report>
				<misses>4656001</misses>
				<total>75</total>
				<timestamp>1162.838493</timestamp>
			</report>
			<report>
				<misses>4657001</misses>
				<total>75</total>
				<timestamp>1163.088166</timestamp>
			</report>
			<report>
				<misses>4658001</misses>
				<total>75</total>
				<timestamp>1163.337913</timestamp>
			</report>
			<report>
				<misses>4659001</misses>
				<total>75</total>
				<timestamp>1163.587673</timestamp>
			</report>
			<report>
				<misses>4660001</misses>
				<total>75</total>
				<timestamp>1163.837461</timestamp>
			</report>
			<report>
				<misses>4661001</misses>
				<total>75</total>
				<timestamp>1164.087223</timestamp>
			</report>
			<report>
				<misses>4662001</misses>
				<total>75</total>
				<timestamp>1164.336922</timestamp>
			</report>
			<report>
				<misses>4663001</misses>
				<total>75</total>
				<timestamp>1164.586677</timestamp>
			</report>
			<report>
				<misses>4664001</misses>
				<total>75</total>
				<timestamp>1164.836445</timestamp>
			</report>
			<report>
				<misses>4665001</misses>
				<total>75</total>
				<timestamp>1165.086183</timestamp>
			</report>
			<report>
				<misses>4666001</misses>
				<total>75</total>
				<timestamp>1165.335936</timestamp>
			</report>
			<report>
				<misses>4667001</misses>
				<total>75</total>
				<timestamp>1165.585668</timestamp>
			</report>
			<report>
				<misses>4668001</misses>
				<total>75</total>
				<timestamp>1165.835444</timestamp>
			</report>
			<report>
				<misses>4669001</misses>
				<total>75</total>
				<timestamp>1166.085193</timestamp>
			</report>
			<report>
				<misses>4670001</misses>
				<total>75</total>
				<timestamp>1166.334918</timestamp>
			</report>
			<report>
				<misses>4671001</misses>
				<total>75</total>
				<timestamp>1166.584666</timestamp>
			</report>
			<report>
				<misses>4672001</misses>
				<total>75</total>
				<timestamp>1166.834464</timestamp>
			</report>
			<report>
				<misses>4673001</misses>
				<total>75</total>
				<timestamp>1167.084202</timestamp>
			</report>
			<report>
				<misses>4674001</misses>
				<total>75</total>
				<timestamp>1167.333933</timestamp>
			</report>
			<report>
				<misses>4675001</misses>
				<total>75</total>
				<timestamp>1167.583668</timestamp>
			</report>
			<report>
				<misses>4676001</misses>
				<total>75</total>
				<timestamp>1167.833472</timestamp>
			</report>
			<report>
				<misses>4677001</misses>
				<total>75</total>
				<timestamp>1168.083180</timestamp>
			</report>
			<report>
				<misses>4678001</misses>
				<total>75</total>
				<timestamp>1168.332920</timestamp>
			</report>
			<report>
				<misses>4679001</misses>
				<total>75</total>
				<timestamp>1168.582686</timestamp>
			</report>
			<report>
				<misses>4680001</misses>
				<total>75</total>
				<timestamp>1168.832466</timestamp>
			</report>
			<report>
				<misses>4681001</misses>
				<total>74</total>
				<timestamp>1169.082263</timestamp>
			</report>
			<report>
				<misses>4682001</misses>
				<total>75</total>
				<timestamp>1169.331930</timestamp>
			</report>
			<report>
				<misses>4683001</misses>
				<total>75</total>
				<timestamp>1169.581670</timestamp>
			</report>
			<report>
				<misses>4684001</misses>
				<total>75</total>
				<timestamp>1169.831445</timestamp>
			</report>
			<report>
				<misses>4685001</misses>
				<total>75</total>
				<timestamp>1170.081171</timestamp>
			</report>
			<report>
				<misses>4686001</misses>
				<total>75</total>
				<timestamp>1170.330918</timestamp>
			</report>
			<report>
				<misses>4687001</misses>
				<total>75</total>
				<timestamp>1170.580665</timestamp>
			</report>
			<report>
				<misses>4688001</misses>
				<total>75</total>
				<timestamp>1170.830443</timestamp>
			</report>
			<report>
				<misses>4689001</misses>
				<total>75</total>
				<timestamp>1171.080206</timestamp>
			</report>
			<report>
				<misses>4690001</misses>
				<total>75</total>
				<timestamp>1171.329910</timestamp>
			</report>
			<report>
				<misses>4691001</misses>
				<total>75</total>
				<timestamp>1171.579661</timestamp>
			</report>
			<report>
				<misses>4692001</misses>
				<total>75</total>
				<timestamp>1171.829453</timestamp>
			</report>
			<report>
				<misses>4693001</misses>
				<total>75</total>
				<timestamp>1172.079283</timestamp>
			</report>
			<report>
				<misses>4694001</misses>
				<total>75</total>
				<timestamp>1172.328955</timestamp>
			</report>
			<report>
				<misses>4695001</misses>
				<total>75</total>
				<timestamp>1172.578681</timestamp>
			</report>
			<report>
				<misses>4696001</misses>
				<total>75</total>
				<timestamp>1172.828469</timestamp>
			</report>
			<report>
				<misses>4697001</misses>
				<total>75</total>
				<timestamp>1173.078204</timestamp>
			</report>
			<report>
				<misses>4698001</misses>
				<total>75</total>
				<timestamp>1173.327969</timestamp>
			</report>
			<report>
				<misses>4699001</misses>
				<total>75</total>
				<timestamp>1173.577692</timestamp>
			</report>
			<report>
				<misses>4700001</misses>
				<total>75</total>
				<timestamp>1173.827430</timestamp>
			</report>
			<report>
				<misses>4701001</misses>
				<total>75</total>
				<timestamp>1174.077211</timestamp>
			</report>
			<report>
				<misses>4702001</misses>
				<total>75</total>
				<timestamp>1174.326946</timestamp>
			</report>
			<report>
				<misses>4703001</misses>
				<total>75</total>
				<timestamp>1174.576667</timestamp>
			</report>
			<report>
				<misses>4704001</misses>
				<total>75</total>
				<timestamp>1174.826420</timestamp>
			</report>
			<report>
				<misses>4705001</misses>
				<total>75</total>
				<timestamp>1175.076184</timestamp>
			</report>
			<report>
				<misses>4706001</misses>
				<total>75</total>
				<timestamp>1175.325922</timestamp>
			</report>
			<report>
				<misses>4707001</misses>
				<total>75</total>
				<timestamp>1175.575713</timestamp>
			</report>
			<report>
				<misses>4708001</misses>
				<total>75</total>
				<timestamp>1175.825437</timestamp>
			</report>
			<report>
				<misses>4709001</misses>
				<total>75</total>
				<timestamp>1176.075173</timestamp>
			</report>
			<report>
				<misses>4710001</misses>
				<total>75</total>
				<timestamp>1176.324939</timestamp>
			</report>
			<report>
				<misses>4711001</misses>
				<total>75</total>
				<timestamp>1176.574686</timestamp>
			</report>
			<report>
				<misses>4712001</misses>
				<total>75</total>
				<timestamp>1176.824437</timestamp>
			</report>
			<report>
				<misses>4713001</misses>
				<total>75</total>
				<timestamp>1177.074214</timestamp>
			</report>
			<report>
				<misses>4714001</misses>
				<total>75</total>
				<timestamp>1177.323930</timestamp>
			</report>
			<report>
				<misses>4715001</misses>
				<total>75</total>
				<timestamp>1177.573686</timestamp>
			</report>
			<report>
				<misses>4716001</misses>
				<total>75</total>
				<timestamp>1177.823451</timestamp>
			</report>
			<report>
				<misses>4717001</misses>
				<total>75</total>
				<timestamp>1178.073203</timestamp>
			</report>
			<report>
				<misses>4718001</misses>
				<total>75</total>
				<timestamp>1178.322976</timestamp>
			</report>
			<report>
				<misses>4719001</misses>
				<total>75</total>
				<timestamp>1178.572686</timestamp>
			</report>
			<report>
				<misses>4720001</misses>
				<total>75</total>
				<timestamp>1178.822435</timestamp>
			</report>
			<report>
				<misses>4721001</misses>
				<total>75</total>
				<timestamp>1179.072232</timestamp>
			</report>
			<report>
				<misses>4722001</misses>
				<total>75</total>
				<timestamp>1179.321962</timestamp>
			</report>
			<report>
				<misses>4723001</misses>
				<total>75</total>
				<timestamp>1179.571670</timestamp>
			</report>
			<report>
				<misses>4724001</misses>
				<total>75</total>
				<timestamp>1179.821435</timestamp>
			</report>
			<report>
				<misses>4725001</misses>
				<total>75</total>
				<timestamp>1180.071204</timestamp>
			</report>
			<report>
				<misses>4726001</misses>
				<total>75</total>
				<timestamp>1180.320965</timestamp>
			</report>
			<report>
				<misses>4727001</misses>
				<total>75</total>
				<timestamp>1180.570686</timestamp>
			</report>
			<report>
				<misses>4728001</misses>
				<total>75</total>
				<timestamp>1180.820481</timestamp>
			</report>
			<report>
				<misses>4729001</misses>
				<total>74</total>
				<timestamp>1181.070260</timestamp>
			</report>
			<report>
				<misses>4730001</misses>
				<total>75</total>
				<timestamp>1181.319943</timestamp>
			</report>
			<report>
				<misses>4731001</misses>
				<total>75</total>
				<timestamp>1181.569678</timestamp>
			</report>
			<report>
				<misses>4732001</misses>
				<total>75</total>
				<timestamp>1181.819424</timestamp>
			</report>
			<report>
				<misses>4733001</misses>
				<total>75</total>
				<timestamp>1182.069193</timestamp>
			</report>
			<report>
				<misses>4734001</misses>
				<total>75</total>
				<timestamp>1182.318935</timestamp>
			</report>
			<report>
				<misses>4735001</misses>
				<total>75</total>
				<timestamp>1182.568719</timestamp>
			</report>
			<report>
				<misses>4736001</misses>
				<total>75</total>
				<timestamp>1182.818416</timestamp>
			</report>
			<report>
				<misses>4737001</misses>
				<total>75</total>
				<timestamp>1183.068180</timestamp>
			</report>
			<report>
				<misses>4738001</misses>
				<total>75</total>
				<timestamp>1183.317916</timestamp>
			</report>
			<report>
				<misses>4739001</misses>
				<total>75</total>
				<timestamp>1183.567688</timestamp>
			</report>
			<report>
				<misses>4740001</misses>
				<total>76</total>
				<timestamp>1183.817464</timestamp>
			</report>
			<report>
				<misses>4741001</misses>
				<total>76</total>
				<timestamp>1184.067231</timestamp>
			</report>
			<report>
				<misses>4742001</misses>
				<total>76</total>
				<timestamp>1184.316961</timestamp>
			</report>
			<report>
				<misses>4743001</misses>
				<total>76</total>
				<timestamp>1184.566679</timestamp>
			</report>
			<report>
				<misses>4744001</misses>
				<total>76</total>
				<timestamp>1184.816426</timestamp>
			</report>
			<report>
				<misses>4745001</misses>
				<total>76</total>
				<timestamp>1185.066229</timestamp>
			</report>
			<report>
				<misses>4746001</misses>
				<total>76</total>
				<timestamp>1185.315956</timestamp>
			</report>
			<report>
				<misses>4747001</misses>
				<total>76</total>
				<timestamp>1185.565677</timestamp>
			</report>
			<report>
				<misses>4748001</misses>
				<total>76</total>
				<timestamp>1185.815427</timestamp>
			</report>
			<report>
				<misses>4749001</misses>
				<total>76</total>
				<timestamp>1186.065250</timestamp>
			</report>
			<report>
				<misses>4750001</misses>
				<total>76</total>
				<timestamp>1186.314953</timestamp>
			</report>
			<report>
				<misses>4751001</misses>
				<total>76</total>
				<timestamp>1186.564687</timestamp>
			</report>
			<report>
				<misses>4752001</misses>
				<total>76</total>
				<timestamp>1186.814420</timestamp>
			</report>
			<report>
				<misses>4753001</misses>
				<total>76</total>
				<timestamp>1187.064176</timestamp>
			</report>
			<report>
				<misses>4754001</misses>
				<total>76</total>
				<timestamp>1187.313936</timestamp>
			</report>
			<report>
				<misses>4755001</misses>
				<total>76</total>
				<timestamp>1187.563680</timestamp>
			</report>
			<report>
				<misses>4756001</misses>
				<total>76</total>
				<timestamp>1187.813469</timestamp>
			</report>
			<report>
				<misses>4757001</misses>
				<total>76</total>
				<timestamp>1188.063199</timestamp>
			</report>
			<report>
				<misses>4758001</misses>
				<total>76</total>
				<timestamp>1188.312958</timestamp>
			</report>
			<report>
				<misses>4759001</misses>
				<total>76</total>
				<timestamp>1188.562707</timestamp>
			</report>
			<report>
				<misses>4760001</misses>
				<total>76</total>
				<timestamp>1188.812425</timestamp>
			</report>
			<report>
				<misses>4761001</misses>
				<total>76</total>
				<timestamp>1189.062220</timestamp>
			</report>
			<report>
				<misses>4762001</misses>
				<total>76</total>
				<timestamp>1189.311911</timestamp>
			</report>
			<report>
				<misses>4763001</misses>
				<total>76</total>
				<timestamp>1189.561718</timestamp>
			</report>
			<report>
				<misses>4764001</misses>
				<total>75</total>
				<timestamp>1189.811461</timestamp>
			</report>
			<report>
				<misses>4765001</misses>
				<total>76</total>
				<timestamp>1190.061193</timestamp>
			</report>
			<report>
				<misses>4766001</misses>
				<total>76</total>
				<timestamp>1190.310927</timestamp>
			</report>
			<report>
				<misses>4767001</misses>
				<total>76</total>
				<timestamp>1190.560661</timestamp>
			</report>
			<report>
				<misses>4768001</misses>
				<total>76</total>
				<timestamp>1190.810411</timestamp>
			</report>
			<report>
				<misses>4769001</misses>
				<total>76</total>
				<timestamp>1191.060235</timestamp>
			</report>
			<report>
				<misses>4770001</misses>
				<total>76</total>
				<timestamp>1191.309922</timestamp>
			</report>
			<report>
				<misses>4771001</misses>
				<total>76</total>
				<timestamp>1191.559720</timestamp>
			</report>
			<report>
				<misses>4772001</misses>
				<total>76</total>
				<timestamp>1191.809424</timestamp>
			</report>
			<report>
				<misses>4773001</misses>
				<total>76</total>
				<timestamp>1192.059248</timestamp>
			</report>
			<report>
				<misses>4774001</misses>
				<total>76</total>
				<timestamp>1192.308935</timestamp>
			</report>
			<report>
				<misses>4775001</misses>
				<total>76</total>
				<timestamp>1192.558708</timestamp>
			</report>
			<report>
				<misses>4776001</misses>
				<total>76</total>
				<timestamp>1192.808425</timestamp>
			</report>
			<report>
				<misses>4777001</misses>
				<total>76</total>
				<timestamp>1193.058215</timestamp>
			</report>
			<report>
				<misses>4778001</misses>
				<total>76</total>
				<timestamp>1193.307965</timestamp>
			</report>
			<report>
				<misses>4779001</misses>
				<total>76</total>
				<timestamp>1193.557689</timestamp>
			</report>
			<report>
				<misses>4780001</misses>
				<total>76</total>
				<timestamp>1193.807424</timestamp>
			</report>
			<report>
				<misses>4781001</misses>
				<total>76</total>
				<timestamp>1194.057202</timestamp>
			</report>
			<report>
				<misses>4782001</misses>
				<total>76</total>
				<timestamp>1194.306925</timestamp>
			</report>
			<report>
				<misses>4783001</misses>
				<total>76</total>
				<timestamp>1194.556692</timestamp>
			</report>
			<report>
				<misses>4784001</misses>
				<total>75</total>
				<timestamp>1194.806452</timestamp>
			</report>
			<report>
				<misses>4785001</misses>
				<total>76</total>
				<timestamp>1195.056213</timestamp>
			</report>
			<report>
				<misses>4786001</misses>
				<total>76</total>
				<timestamp>1195.305956</timestamp>
			</report>
			<report>
				<misses>4787001</misses>
				<total>76</total>
				<timestamp>1195.555673</timestamp>
			</report>
			<report>
				<misses>4788001</misses>
				<total>76</total>
				<timestamp>1195.805424</timestamp>
			</report>
			<report>
				<misses>4789001</misses>
				<total>76</total>
				<timestamp>1196.055189</timestamp>
			</report>
			<report>
				<misses>4790001</misses>
				<total>76</total>
				<timestamp>1196.304930</timestamp>
			</report>
			<report>
				<misses>4791001</misses>
				<total>76</total>
				<timestamp>1196.554658</timestamp>
			</report>
			<report>
				<misses>4792001</misses>
				<total>76</total>
				<timestamp>1196.804407</timestamp>
			</report>
			<report>
				<misses>4793001</misses>
				<total>76</total>
				<timestamp>1197.054179</timestamp>
			</report>
			<report>
				<misses>4794001</misses>
				<total>76</total>
				<timestamp>1197.303925</timestamp>
			</report>
			<report>
				<misses>4795001</misses>
				<total>76</total>
				<timestamp>1197.553678</timestamp>
			</report>
			<report>
				<misses>4796001</misses>
				<total>76</total>
				<timestamp>1197.803408</timestamp>
			</report>
			<report>
				<misses>4797001</misses>
				<total>76</total>
				<timestamp>1198.053182</timestamp>
			</report>
			<report>
				<misses>4798001</misses>
				<total>76</total>
				<timestamp>1198.302928</timestamp>
			</report>
			<report>
				<misses>4799001</misses>
				<total>76</total>
				<timestamp>1198.552682</timestamp>
			</report>
			<report>
				<misses>4800001</misses>
				<total>76</total>
				<timestamp>1198.802427</timestamp>
			</report>
			<report>
				<misses>4801001</misses>
				<total>76</total>
				<timestamp>1199.052206</timestamp>
			</report>
			<report>
				<misses>4802001</misses>
				<total>77</total>
				<timestamp>1199.301928</timestamp>
			</report>
			<report>
				<misses>4803001</misses>
				<total>77</total>
				<timestamp>1199.551680</timestamp>
			</report>
			<report>
				<misses>4804001</misses>
				<total>77</total>
				<timestamp>1199.801414</timestamp>
			</report>
			<report>
				<misses>4805001</misses>
				<total>77</total>
				<timestamp>1200.051223</timestamp>
			</report>
			<report>
				<misses>4806001</misses>
				<total>77</total>
				<timestamp>1200.300916</timestamp>
			</report>
			<report>
				<misses>4807001</misses>
				<total>77</total>
				<timestamp>1200.550691</timestamp>
			</report>
			<report>
				<misses>4808001</misses>
				<total>77</total>
				<timestamp>1200.800431</timestamp>
			</report>
			<report>
				<misses>4809001</misses>
				<total>77</total>
				<timestamp>1201.050223</timestamp>
			</report>
			<report>
				<misses>4810001</misses>
				<total>77</total>
				<timestamp>1201.299943</timestamp>
			</report>
			<report>
				<misses>4811001</misses>
				<total>77</total>
				<timestamp>1201.549738</timestamp>
			</report>
			<report>
				<misses>4812001</misses>
				<total>77</total>
				<timestamp>1201.799423</timestamp>
			</report>
			<report>
				<misses>4813001</misses>
				<total>77</total>
				<timestamp>1202.049230</timestamp>
			</report>
			<report>
				<misses>4814001</misses>
				<total>77</total>
				<timestamp>1202.298925</timestamp>
			</report>
			<report>
				<misses>4815001</misses>
				<total>77</total>
				<timestamp>1202.548690</timestamp>
			</report>
			<report>
				<misses>4816001</misses>
				<total>77</total>
				<timestamp>1202.798451</timestamp>
			</report>
			<report>
				<misses>4817001</misses>
				<total>77</total>
				<timestamp>1203.048211</timestamp>
			</report>
			<report>
				<misses>4818001</misses>
				<total>77</total>
				<timestamp>1203.297932</timestamp>
			</report>
			<report>
				<misses>4819001</misses>
				<total>77</total>
				<timestamp>1203.547684</timestamp>
			</report>
			<report>
				<misses>4820001</misses>
				<total>77</total>
				<timestamp>1203.797432</timestamp>
			</report>
			<report>
				<misses>4821001</misses>
				<total>77</total>
				<timestamp>1204.047192</timestamp>
			</report>
			<report>
				<misses>4822001</misses>
				<total>77</total>
				<timestamp>1204.296920</timestamp>
			</report>
			<report>
				<misses>4823001</misses>
				<total>77</total>
				<timestamp>1204.546709</timestamp>
			</report>
			<report>
				<misses>4824001</misses>
				<total>77</total>
				<timestamp>1204.796447</timestamp>
			</report>
			<report>
				<misses>4825001</misses>
				<total>77</total>
				<timestamp>1205.046206</timestamp>
			</report>
			<report>
				<misses>4826001</misses>
				<total>77</total>
				<timestamp>1205.295914</timestamp>
			</report>
			<report>
				<misses>4827001</misses>
				<total>77</total>
				<timestamp>1205.545669</timestamp>
			</report>
			<report>
				<misses>4828001</misses>
				<total>77</total>
				<timestamp>1205.795412</timestamp>
			</report>
			<report>
				<misses>4829001</misses>
				<total>77</total>
				<timestamp>1206.045235</timestamp>
			</report>
			<report>
				<misses>4830001</misses>
				<total>77</total>
				<timestamp>1206.294919</timestamp>
			</report>
			<report>
				<misses>4831001</misses>
				<total>77</total>
				<timestamp>1206.544715</timestamp>
			</report>
			<report>
				<misses>4832001</misses>
				<total>77</total>
				<timestamp>1206.794434</timestamp>
			</report>
			<report>
				<misses>4833001</misses>
				<total>77</total>
				<timestamp>1207.044200</timestamp>
			</report>
			<report>
				<misses>4834001</misses>
				<total>77</total>
				<timestamp>1207.293970</timestamp>
			</report>
			<report>
				<misses>4835001</misses>
				<total>77</total>
				<timestamp>1207.543674</timestamp>
			</report>
			<report>
				<misses>4836001</misses>
				<total>77</total>
				<timestamp>1207.793436</timestamp>
			</report>
			<report>
				<misses>4837001</misses>
				<total>77</total>
				<timestamp>1208.043274</timestamp>
			</report>
			<report>
				<misses>4838001</misses>
				<total>77</total>
				<timestamp>1208.292935</timestamp>
			</report>
			<report>
				<misses>4839001</misses>
				<total>77</total>
				<timestamp>1208.542720</timestamp>
			</report>
			<report>
				<misses>4840001</misses>
				<total>77</total>
				<timestamp>1208.792485</timestamp>
			</report>
			<report>
				<misses>4841001</misses>
				<total>77</total>
				<timestamp>1209.042190</timestamp>
			</report>
			<report>
				<misses>4842001</misses>
				<total>77</total>
				<timestamp>1209.291950</timestamp>
			</report>
			<report>
				<misses>4843001</misses>
				<total>77</total>
				<timestamp>1209.541702</timestamp>
			</report>
			<report>
				<misses>4844001</misses>
				<total>77</total>
				<timestamp>1209.791433</timestamp>
			</report>
			<report>
				<misses>4845001</misses>
				<total>77</total>
				<timestamp>1210.041217</timestamp>
			</report>
			<report>
				<misses>4846001</misses>
				<total>77</total>
				<timestamp>1210.290927</timestamp>
			</report>
			<report>
				<misses>4847001</misses>
				<total>77</total>
				<timestamp>1210.540724</timestamp>
			</report>
			<report>
				<misses>4848001</misses>
				<total>77</total>
				<timestamp>1210.790415</timestamp>
			</report>
			<report>
				<misses>4849001</misses>
				<total>77</total>
				<timestamp>1211.040206</timestamp>
			</report>
			<report>
				<misses>4850001</misses>
				<total>77</total>
				<timestamp>1211.289925</timestamp>
			</report>
			<report>
				<misses>4851001</misses>
				<total>77</total>
				<timestamp>1211.539719</timestamp>
			</report>
			<report>
				<misses>4852001</misses>
				<total>77</total>
				<timestamp>1211.789436</timestamp>
			</report>
			<report>
				<misses>4853001</misses>
				<total>77</total>
				<timestamp>1212.039185</timestamp>
			</report>
			<report>
				<misses>4854001</misses>
				<total>77</total>
				<timestamp>1212.288950</timestamp>
			</report>
			<report>
				<misses>4855001</misses>
				<total>77</total>
				<timestamp>1212.538670</timestamp>
			</report>
			<report>
				<misses>4856001</misses>
				<total>77</total>
				<timestamp>1212.788420</timestamp>
			</report>
			<report>
				<misses>4857001</misses>
				<total>77</total>
				<timestamp>1213.038179</timestamp>
			</report>
			<report>
				<misses>4858001</misses>
				<total>77</total>
				<timestamp>1213.287967</timestamp>
			</report>
			<report>
				<misses>4859001</misses>
				<total>77</total>
				<timestamp>1213.537725</timestamp>
			</report>
			<report>
				<misses>4860001</misses>
				<total>77</total>
				<timestamp>1213.787424</timestamp>
			</report>
			<report>
				<misses>4861001</misses>
				<total>77</total>
				<timestamp>1214.037196</timestamp>
			</report>
			<report>
				<misses>4862001</misses>
				<total>77</total>
				<timestamp>1214.286944</timestamp>
			</report>
			<report>
				<misses>4863001</misses>
				<total>77</total>
				<timestamp>1214.536694</timestamp>
			</report>
			<report>
				<misses>4864001</misses>
				<total>77</total>
				<timestamp>1214.786419</timestamp>
			</report>
			<report>
				<misses>4865001</misses>
				<total>77</total>
				<timestamp>1215.036226</timestamp>
			</report>
			<report>
				<misses>4866001</misses>
				<total>77</total>
				<timestamp>1215.285971</timestamp>
			</report>
			<report>
				<misses>4867001</misses>
				<total>77</total>
				<timestamp>1215.535667</timestamp>
			</report>
			<report>
				<misses>4868001</misses>
				<total>77</total>
				<timestamp>1215.785426</timestamp>
			</report>
			<report>
				<misses>4869001</misses>
				<total>77</total>
				<timestamp>1216.035177</timestamp>
			</report>
			<report>
				<misses>4870001</misses>
				<total>77</total>
				<timestamp>1216.284988</timestamp>
			</report>
			<report>
				<misses>4871001</misses>
				<total>77</total>
				<timestamp>1216.534683</timestamp>
			</report>
			<report>
				<misses>4872001</misses>
				<total>77</total>
				<timestamp>1216.784475</timestamp>
			</report>
			<report>
				<misses>4873001</misses>
				<total>77</total>
				<timestamp>1217.034200</timestamp>
			</report>
			<report>
				<misses>4874001</misses>
				<total>77</total>
				<timestamp>1217.283961</timestamp>
			</report>
			<report>
				<misses>4875001</misses>
				<total>77</total>
				<timestamp>1217.533687</timestamp>
			</report>
			<report>
				<misses>4876001</misses>
				<total>77</total>
				<timestamp>1217.783442</timestamp>
			</report>
			<report>
				<misses>4877001</misses>
				<total>77</total>
				<timestamp>1218.033233</timestamp>
			</report>
			<report>
				<misses>4878001</misses>
				<total>77</total>
				<timestamp>1218.282925</timestamp>
			</report>
			<report>
				<misses>4879001</misses>
				<total>77</total>
				<timestamp>1218.532693</timestamp>
			</report>
			<report>
				<misses>4880001</misses>
				<total>77</total>
				<timestamp>1218.782432</timestamp>
			</report>
			<report>
				<misses>4881001</misses>
				<total>77</total>
				<timestamp>1219.032173</timestamp>
			</report>
			<report>
				<misses>4882001</misses>
				<total>77</total>
				<timestamp>1219.281972</timestamp>
			</report>
			<report>
				<misses>4883001</misses>
				<total>77</total>
				<timestamp>1219.531714</timestamp>
			</report>
			<report>
				<misses>4884001</misses>
				<total>77</total>
				<timestamp>1219.781426</timestamp>
			</report>
			<report>
				<misses>4885001</misses>
				<total>77</total>
				<timestamp>1220.031204</timestamp>
			</report>
			<report>
				<misses>4886001</misses>
				<total>77</total>
				<timestamp>1220.280981</timestamp>
			</report>
			<report>
				<misses>4887001</misses>
				<total>77</total>
				<timestamp>1220.530684</timestamp>
			</report>
			<report>
				<misses>4888001</misses>
				<total>77</total>
				<timestamp>1220.780429</timestamp>
			</report>
			<report>
				<misses>4889001</misses>
				<total>77</total>
				<timestamp>1221.030199</timestamp>
			</report>
			<report>
				<misses>4890001</misses>
				<total>77</total>
				<timestamp>1221.279971</timestamp>
			</report>
			<report>
				<misses>4891001</misses>
				<total>77</total>
				<timestamp>1221.529717</timestamp>
			</report>
			<report>
				<misses>4892001</misses>
				<total>77</total>
				<timestamp>1221.779436</timestamp>
			</report>
			<report>
				<misses>4893001</misses>
				<total>77</total>
				<timestamp>1222.029172</timestamp>
			</report>
			<report>
				<misses>4894001</misses>
				<total>77</total>
				<timestamp>1222.278967</timestamp>
			</report>
			<report>
				<misses>4895001</misses>
				<total>77</total>
				<timestamp>1222.528668</timestamp>
			</report>
			<report>
				<misses>4896001</misses>
				<total>77</total>
				<timestamp>1222.778437</timestamp>
			</report>
			<report>
				<misses>4897001</misses>
				<total>77</total>
				<timestamp>1223.028185</timestamp>
			</report>
			<report>
				<misses>4898001</misses>
				<total>77</total>
				<timestamp>1223.277954</timestamp>
			</report>
			<report>
				<misses>4899001</misses>
				<total>77</total>
				<timestamp>1223.527699</timestamp>
			</report>
			<report>
				<misses>4900001</misses>
				<total>77</total>
				<timestamp>1223.777421</timestamp>
			</report>
			<report>
				<misses>4901001</misses>
				<total>77</total>
				<timestamp>1224.027178</timestamp>
			</report>
			<report>
				<misses>4902001</misses>
				<total>77</total>
				<timestamp>1224.276967</timestamp>
			</report>
			<report>
				<misses>4903001</misses>
				<total>77</total>
				<timestamp>1224.526689</timestamp>
			</report>
			<report>
				<misses>4904001</misses>
				<total>77</total>
				<timestamp>1224.776427</timestamp>
			</report>
			<report>
				<misses>4905001</misses>
				<total>77</total>
				<timestamp>1225.026176</timestamp>
			</report>
			<report>
				<misses>4906001</misses>
				<total>77</total>
				<timestamp>1225.275968</timestamp>
			</report>
			<report>
				<misses>4907001</misses>
				<total>77</total>
				<timestamp>1225.525673</timestamp>
			</report>
			<report>
				<misses>4908001</misses>
				<total>77</total>
				<timestamp>1225.775429</timestamp>
			</report>
			<report>
				<misses>4909001</misses>
				<total>77</total>
				<timestamp>1226.025202</timestamp>
			</report>
			<report>
				<misses>4910001</misses>
				<total>77</total>
				<timestamp>1226.274952</timestamp>
			</report>
			<report>
				<misses>4911001</misses>
				<total>77</total>
				<timestamp>1226.524671</timestamp>
			</report>
			<report>
				<misses>4912001</misses>
				<total>77</total>
				<timestamp>1226.774443</timestamp>
			</report>
			<report>
				<misses>4913001</misses>
				<total>77</total>
				<timestamp>1227.024178</timestamp>
			</report>
			<report>
				<misses>4914001</misses>
				<total>77</total>
				<timestamp>1227.273934</timestamp>
			</report>
			<report>
				<misses>4915001</misses>
				<total>77</total>
				<timestamp>1227.523673</timestamp>
			</report>
			<report>
				<misses>4916001</misses>
				<total>77</total>
				<timestamp>1227.773431</timestamp>
			</report>
			<report>
				<misses>4917001</misses>
				<total>77</total>
				<timestamp>1228.023180</timestamp>
			</report>
			<report>
				<misses>4918001</misses>
				<total>77</total>
				<timestamp>1228.272950</timestamp>
			</report>
			<report>
				<misses>4919001</misses>
				<total>77</total>
				<timestamp>1228.522677</timestamp>
			</report>
			<report>
				<misses>4920001</misses>
				<total>77</total>
				<timestamp>1228.772426</timestamp>
			</report>
			<report>
				<misses>4921001</misses>
				<total>77</total>
				<timestamp>1229.022185</timestamp>
			</report>
			<report>
				<misses>4922001</misses>
				<total>77</total>
				<timestamp>1229.271960</timestamp>
			</report>
			<report>
				<misses>4923001</misses>
				<total>76</total>
				<timestamp>1229.521722</timestamp>
			</report>
			<report>
				<misses>4924001</misses>
				<total>77</total>
				<timestamp>1229.771415</timestamp>
			</report>
			<report>
				<misses>4925001</misses>
				<total>77</total>
				<timestamp>1230.021171</timestamp>
			</report>
			<report>
				<misses>4926001</misses>
				<total>77</total>
				<timestamp>1230.270941</timestamp>
			</report>
			<report>
				<misses>4927001</misses>
				<total>77</total>
				<timestamp>1230.520692</timestamp>
			</report>
			<report>
				<misses>4928001</misses>
				<total>77</total>
				<timestamp>1230.770425</timestamp>
			</report>
			<report>
				<misses>4929001</misses>
				<total>77</total>
				<timestamp>1231.020176</timestamp>
			</report>
			<report>
				<misses>4930001</misses>
				<total>77</total>
				<timestamp>1231.269962</timestamp>
			</report>
			<report>
				<misses>4931001</misses>
				<total>76</total>
				<timestamp>1231.519704</timestamp>
			</report>
			<report>
				<misses>4932001</misses>
				<total>77</total>
				<timestamp>1231.769442</timestamp>
			</report>
			<report>
				<misses>4933001</misses>
				<total>77</total>
				<timestamp>1232.019179</timestamp>
			</report>
			<report>
				<misses>4934001</misses>
				<total>77</total>
				<timestamp>1232.268936</timestamp>
			</report>
			<report>
				<misses>4935001</misses>
				<total>77</total>
				<timestamp>1232.518663</timestamp>
			</report>
			<report>
				<misses>4936001</misses>
				<total>77</total>
				<timestamp>1232.768433</timestamp>
			</report>
			<report>
				<misses>4937001</misses>
				<total>77</total>
				<timestamp>1233.018180</timestamp>
			</report>
			<report>
				<misses>4938001</misses>
				<total>77</total>
				<timestamp>1233.267929</timestamp>
			</report>
			<report>
				<misses>4939001</misses>
				<total>77</total>
				<timestamp>1233.517681</timestamp>
			</report>
			<report>
				<misses>4940001</misses>
				<total>77</total>
				<timestamp>1233.767413</timestamp>
			</report>
			<report>
				<misses>4941001</misses>
				<total>77</total>
				<timestamp>1234.017168</timestamp>
			</report>
			<report>
				<misses>4942001</misses>
				<total>77</total>
				<timestamp>1234.266942</timestamp>
			</report>
			<report>
				<misses>4943001</misses>
				<total>77</total>
				<timestamp>1234.516711</timestamp>
			</report>
			<report>
				<misses>4944001</misses>
				<total>77</total>
				<timestamp>1234.766420</timestamp>
			</report>
			<report>
				<misses>4945001</misses>
				<total>77</total>
				<timestamp>1235.016184</timestamp>
			</report>
			<report>
				<misses>4946001</misses>
				<total>77</total>
				<timestamp>1235.265933</timestamp>
			</report>
			<report>
				<misses>4947001</misses>
				<total>77</total>
				<timestamp>1235.515656</timestamp>
			</report>
			<report>
				<misses>4948001</misses>
				<total>77</total>
				<timestamp>1235.765432</timestamp>
			</report>
			<report>
				<misses>4949001</misses>
				<total>77</total>
				<timestamp>1236.015177</timestamp>
			</report>
			<report>
				<misses>4950001</misses>
				<total>77</total>
				<timestamp>1236.264930</timestamp>
			</report>
			<report>
				<misses>4951001</misses>
				<total>77</total>
				<timestamp>1236.514673</timestamp>
			</report>
			<report>
				<misses>4952001</misses>
				<total>77</total>
				<timestamp>1236.764424</timestamp>
			</report>
			<report>
				<misses>4953001</misses>
				<total>77</total>
				<timestamp>1237.014209</timestamp>
			</report>
			<report>
				<misses>4954001</misses>
				<total>77</total>
				<timestamp>1237.263913</timestamp>
			</report>
			<report>
				<misses>4955001</misses>
				<total>77</total>
				<timestamp>1237.513667</timestamp>
			</report>
			<report>
				<misses>4956001</misses>
				<total>77</total>
				<timestamp>1237.763416</timestamp>
			</report>
			<report>
				<misses>4957001</misses>
				<total>77</total>
				<timestamp>1238.013186</timestamp>
			</report>
			<report>
				<misses>4958001</misses>
				<total>77</total>
				<timestamp>1238.262925</timestamp>
			</report>
			<report>
				<misses>4959001</misses>
				<total>77</total>
				<timestamp>1238.512689</timestamp>
			</report>
			<report>
				<misses>4960001</misses>
				<total>77</total>
				<timestamp>1238.762411</timestamp>
			</report>
			<report>
				<misses>4961001</misses>
				<total>77</total>
				<timestamp>1239.012171</timestamp>
			</report>
			<report>
				<misses>4962001</misses>
				<total>77</total>
				<timestamp>1239.261933</timestamp>
			</report>
			<report>
				<misses>4963001</misses>
				<total>77</total>
				<timestamp>1239.511723</timestamp>
			</report>
			<report>
				<misses>4964001</misses>
				<total>77</total>
				<timestamp>1239.761413</timestamp>
			</report>
			<report>
				<misses>4965001</misses>
				<total>77</total>
				<timestamp>1240.011206</timestamp>
			</report>
			<report>
				<misses>4966001</misses>
				<total>77</total>
				<timestamp>1240.260945</timestamp>
			</report>
			<report>
				<misses>4967001</misses>
				<total>76</total>
				<timestamp>1240.510740</timestamp>
			</report>
			<report>
				<misses>4968001</misses>
				<total>77</total>
				<timestamp>1240.760432</timestamp>
			</report>
			<report>
				<misses>4969001</misses>
				<total>77</total>
				<timestamp>1241.010174</timestamp>
			</report>
			<report>
				<misses>4970001</misses>
				<total>77</total>
				<timestamp>1241.259932</timestamp>
			</report>
			<report>
				<misses>4971001</misses>
				<total>77</total>
				<timestamp>1241.509698</timestamp>
			</report>
			<report>
				<misses>4972001</misses>
				<total>77</total>
				<timestamp>1241.759443</timestamp>
			</report>
			<report>
				<misses>4973001</misses>
				<total>77</total>
				<timestamp>1242.009184</timestamp>
			</report>
			<report>
				<misses>4974001</misses>
				<total>77</total>
				<timestamp>1242.258945</timestamp>
			</report>
			<report>
				<misses>4975001</misses>
				<total>77</total>
				<timestamp>1242.508691</timestamp>
			</report>
			<report>
				<misses>4976001</misses>
				<total>77</total>
				<timestamp>1242.758432</timestamp>
			</report>
			<report>
				<misses>4977001</misses>
				<total>77</total>
				<timestamp>1243.008179</timestamp>
			</report>
			<report>
				<misses>4978001</misses>
				<total>77</total>
				<timestamp>1243.257981</timestamp>
			</report>
			<report>
				<misses>4979001</misses>
				<total>77</total>
				<timestamp>1243.507720</timestamp>
			</report>
			<report>
				<misses>4980001</misses>
				<total>77</total>
				<timestamp>1243.757431</timestamp>
			</report>
			<report>
				<misses>4981001</misses>
				<total>77</total>
				<timestamp>1244.007195</timestamp>
			</report>
			<report>
				<misses>4982001</misses>
				<total>77</total>
				<timestamp>1244.256944</timestamp>
			</report>
			<report>
				<misses>4983001</misses>
				<total>77</total>
				<timestamp>1244.506688</timestamp>
			</report>
			<report>
				<misses>4984001</misses>
				<total>77</total>
				<timestamp>1244.756426</timestamp>
			</report>
			<report>
				<misses>4985001</misses>
				<total>77</total>
				<timestamp>1245.006171</timestamp>
			</report>
			<report>
				<misses>4986001</misses>
				<total>77</total>
				<timestamp>1245.256011</timestamp>
			</report>
			<report>
				<misses>4987001</misses>
				<total>77</total>
				<timestamp>1245.505664</timestamp>
			</report>
			<report>
				<misses>4988001</misses>
				<total>77</total>
				<timestamp>1245.755424</timestamp>
			</report>
			<report>
				<misses>4989001</misses>
				<total>77</total>
				<timestamp>1246.005182</timestamp>
			</report>
			<report>
				<misses>4990001</misses>
				<total>77</total>
				<timestamp>1246.254968</timestamp>
			</report>
			<report>
				<misses>4991001</misses>
				<total>77</total>
				<timestamp>1246.504699</timestamp>
			</report>
			<report>
				<misses>4992001</misses>
				<total>77</total>
				<timestamp>1246.754417</timestamp>
			</report>
			<report>
				<misses>4993001</misses>
				<total>77</total>
				<timestamp>1247.004180</timestamp>
			</report>
			<report>
				<misses>4994001</misses>
				<total>77</total>
				<timestamp>1247.254009</timestamp>
			</report>
			<report>
				<misses>4995001</misses>
				<total>77</total>
				<timestamp>1247.503743</timestamp>
			</report>
			<report>
				<misses>4996001</misses>
				<total>77</total>
				<timestamp>1247.753440</timestamp>
			</report>
			<report>
				<misses>4997001</misses>
				<total>77</total>
				<timestamp>1248.003183</timestamp>
			</report>
			<report>
				<misses>4998001</misses>
				<total>77</total>
				<timestamp>1248.252942</timestamp>
			</report>
			<report>
				<misses>4999001</misses>
				<total>77</total>
				<timestamp>1248.502688</timestamp>
			</report>
			<report>
				<misses>5000001</misses>
				<total>77</total>
				<timestamp>1248.752435</timestamp>
			</report>
		</query>
	</custom>
	<ethtool_statistic>
		<rx_packets>
			<start>8066447800</start>
			<end>8171666017</end>
		</rx_packets>
		<tx_packets>
			<start>13529551285</start>
			<end>13695195709</end>
		</tx_packets>
		<rx_dropped>
			<start>828</start>
			<end>828</end>
		</rx_dropped>
		<tx_dropped>
			<start>0</start>
			<end>0</end>
		</tx_dropped>
		<collisions>
			<start>0</start>
			<end>0</end>
		</collisions>
		<port_tx_errors>
			<start>0</start>
			<end>0</end>
		</port_tx_errors>
		<port_rx_dropped>
			<start>0</start>
			<end>0</end>
		</port_rx_dropped>
		<port_tx_dropped_link_down>
			<start>0</start>
			<end>0</end>
		</port_tx_dropped_link_down>
	</ethtool_statistic>
	<ip_statistic>
		<mtu>
			<start>9000</start>
			<end>9000</end>
		</mtu>
		<rx_bytes>
			<start>33093728085320</start>
			<end>33513213630809</end>
		</rx_bytes>
		<rx_packets>
			<start>8066447894</start>
			<end>8171666067</end>
		</rx_packets>
		<rx_errors>
			<start>0</start>
			<end>0</end>
		</rx_errors>
		<rx_dropped>
			<start>828</start>
			<end>828</end>
		</rx_dropped>
		<rx_missed>
			<start>0</start>
			<end>0</end>
		</rx_missed>
		<rx_mcast>
			<start>5047</start>
			<end>5064</end>
		</rx_mcast>
		<tx_bytes>
			<start>47227054654288</start>
			<end>47871748559526</end>
		</tx_bytes>
		<tx_packets>
			<start>13529551774</start>
			<end>13695195736</end>
		</tx_packets>
		<tx_errors>
			<start>0</start>
			<end>0</end>
		</tx_errors>
		<tx_dropped>
			<start>0</start>
			<end>0</end>
		</tx_dropped>
		<tx_carrier>
			<start>0</start>
			<end>0</end>
		</tx_carrier>
		<tx_collisions>
			<start>0</start>
			<end>0</end>
		</tx_collisions>
	</ip_statistic>
	<netstat_statistic>
		<udp_pkg_rec>
			<start>6873899091</start>
			<end>6961574606</end>
		</udp_pkg_rec>
		<udp_pkg_snt>
			<start>11798286286</start>
			<end>11928971457</end>
		</udp_pkg_snt>
		<udp_rec_err>
			<start>1194523798</start>
			<end>1212072944</end>
		</udp_rec_err>
		<udp_rec_buf_err>
			<start>1194523798</start>
			<end>1212072944</end>
		</udp_rec_buf_err>
		<udp_snt_buf_err>
			<start>0</start>
			<end>0</end>
		</udp_snt_buf_err>
	</netstat_statistic>
</test_results>
