<?xml version="1.0"?>
<test_results>
	<status>STATUS_SUCCESS</status>
	<custom>
		<num_loss>3259144</num_loss>
		<num_total>10285403</num_total>
		<num_misses>3046670</num_misses>
	</custom>
	<ethtool_statistic>
		<rx_packets>
			<start>193757029</start>
			<end>193757032</end>
		</rx_packets>
		<tx_packets>
			<start>501640691</start>
			<end>511926097</end>
		</tx_packets>
		<rx_dropped>
			<start>1899</start>
			<end>1899</end>
		</rx_dropped>
		<tx_dropped>
			<start>0</start>
			<end>0</end>
		</tx_dropped>
		<collisions>
			<start>0</start>
			<end>0</end>
		</collisions>
		<port_tx_errors>
			<start>0</start>
			<end>0</end>
		</port_tx_errors>
		<port_rx_dropped>
			<start>0</start>
			<end>0</end>
		</port_rx_dropped>
		<port_tx_dropped_link_down>
			<start>0</start>
			<end>0</end>
		</port_tx_dropped_link_down>
	</ethtool_statistic>
	<ip_statistic>
		<mtu>
			<start>9000</start>
			<end>9000</end>
		</mtu>
		<rx_bytes>
			<start>1421433917704</start>
			<end>1421433917884</end>
		</rx_bytes>
		<rx_packets>
			<start>193757029</start>
			<end>193757032</end>
		</rx_packets>
		<rx_errors>
			<start>0</start>
			<end>0</end>
		</rx_errors>
		<rx_dropped>
			<start>1899</start>
			<end>1899</end>
		</rx_dropped>
		<rx_missed>
			<start>0</start>
			<end>0</end>
		</rx_missed>
		<rx_mcast>
			<start>280</start>
			<end>280</end>
		</rx_mcast>
		<tx_bytes>
			<start>2442335558108</start>
			<end>2534307631864</end>
		</tx_bytes>
		<tx_packets>
			<start>501640691</start>
			<end>511926097</end>
		</tx_packets>
		<tx_errors>
			<start>0</start>
			<end>0</end>
		</tx_errors>
		<tx_dropped>
			<start>0</start>
			<end>0</end>
		</tx_dropped>
		<tx_carrier>
			<start>0</start>
			<end>0</end>
		</tx_carrier>
		<tx_collisions>
			<start>0</start>
			<end>0</end>
		</tx_collisions>
	</ip_statistic>
</test_results>
