<?xml version="1.0"?>
<test_results>
	<status>STATUS_SUCCESS</status>
	<custom>
		<num_loss>-1</num_loss>
		<num_total>-1</num_total>
		<num_misses>-1</num_misses>
	</custom>
	<ethtool_statistic>
		<rx_packets>
			<start>904698392</start>
			<end>915981578</end>
		</rx_packets>
		<tx_packets>
			<start>9914</start>
			<end>10056</end>
		</tx_packets>
		<rx_dropped>
			<start>105853</start>
			<end>107468</end>
		</rx_dropped>
		<tx_dropped>
			<start>0</start>
			<end>0</end>
		</tx_dropped>
		<collisions>
			<start>0</start>
			<end>0</end>
		</collisions>
		<port_tx_errors>
			<start>0</start>
			<end>0</end>
		</port_tx_errors>
		<port_rx_dropped>
			<start>0</start>
			<end>0</end>
		</port_rx_dropped>
		<port_tx_dropped_link_down>
			<start>0</start>
			<end>0</end>
		</port_tx_dropped_link_down>
	</ethtool_statistic>
	<ip_statistic>
		<mtu>
			<start>9000</start>
			<end>9000</end>
		</mtu>
		<rx_bytes>
			<start>4567007510370</start>
			<end>4667895811950</end>
		</rx_bytes>
		<rx_packets>
			<start>904698392</start>
			<end>915981578</end>
		</rx_packets>
		<rx_errors>
			<start>0</start>
			<end>0</end>
		</rx_errors>
		<rx_dropped>
			<start>105853</start>
			<end>107468</end>
		</rx_dropped>
		<rx_missed>
			<start>0</start>
			<end>0</end>
		</rx_missed>
		<rx_mcast>
			<start>46538</start>
			<end>47203</end>
		</rx_mcast>
		<tx_bytes>
			<start>843913</start>
			<end>855927</end>
		</tx_bytes>
		<tx_packets>
			<start>9914</start>
			<end>10056</end>
		</tx_packets>
		<tx_errors>
			<start>0</start>
			<end>0</end>
		</tx_errors>
		<tx_dropped>
			<start>0</start>
			<end>0</end>
		</tx_dropped>
		<tx_carrier>
			<start>0</start>
			<end>0</end>
		</tx_carrier>
		<tx_collisions>
			<start>0</start>
			<end>0</end>
		</tx_collisions>
	</ip_statistic>
</test_results>
