<?xml version="1.0"?>
<test_results>
	<status>STATUS_SUCCESS</status>
	<custom>
		<num_loss>1032</num_loss>
		<num_total>5000001</num_total>
		<num_misses>450</num_misses>
		<elapsed_time>749.317789</elapsed_time>
		<query>
			<report>
				<misses>1001</misses>
				<total>1</total>
				<timestamp>0.150031</timestamp>
			</report>
			<report>
				<misses>2001</misses>
				<total>1</total>
				<timestamp>0.299878</timestamp>
			</report>
			<report>
				<misses>3001</misses>
				<total>1</total>
				<timestamp>0.449736</timestamp>
			</report>
			<report>
				<misses>4001</misses>
				<total>1</total>
				<timestamp>0.599576</timestamp>
			</report>
			<report>
				<misses>5001</misses>
				<total>3</total>
				<timestamp>0.749468</timestamp>
			</report>
			<report>
				<misses>6001</misses>
				<total>3</total>
				<timestamp>0.899332</timestamp>
			</report>
			<report>
				<misses>7001</misses>
				<total>3</total>
				<timestamp>1.049146</timestamp>
			</report>
			<report>
				<misses>8001</misses>
				<total>3</total>
				<timestamp>1.198980</timestamp>
			</report>
			<report>
				<misses>9001</misses>
				<total>3</total>
				<timestamp>1.348826</timestamp>
			</report>
			<report>
				<misses>10001</misses>
				<total>3</total>
				<timestamp>1.498659</timestamp>
			</report>
			<report>
				<misses>11001</misses>
				<total>3</total>
				<timestamp>1.648523</timestamp>
			</report>
			<report>
				<misses>12001</misses>
				<total>3</total>
				<timestamp>1.798393</timestamp>
			</report>
			<report>
				<misses>13001</misses>
				<total>3</total>
				<timestamp>1.948231</timestamp>
			</report>
			<report>
				<misses>14001</misses>
				<total>3</total>
				<timestamp>2.098074</timestamp>
			</report>
			<report>
				<misses>15001</misses>
				<total>3</total>
				<timestamp>2.247941</timestamp>
			</report>
			<report>
				<misses>16001</misses>
				<total>3</total>
				<timestamp>2.397790</timestamp>
			</report>
			<report>
				<misses>17001</misses>
				<total>3</total>
				<timestamp>2.547619</timestamp>
			</report>
			<report>
				<misses>18001</misses>
				<total>3</total>
				<timestamp>2.697484</timestamp>
			</report>
			<report>
				<misses>19001</misses>
				<total>3</total>
				<timestamp>2.847398</timestamp>
			</report>
			<report>
				<misses>20001</misses>
				<total>3</total>
				<timestamp>2.997198</timestamp>
			</report>
			<report>
				<misses>21001</misses>
				<total>3</total>
				<timestamp>3.147021</timestamp>
			</report>
			<report>
				<misses>22001</misses>
				<total>2</total>
				<timestamp>3.296889</timestamp>
			</report>
			<report>
				<misses>23001</misses>
				<total>3</total>
				<timestamp>3.446717</timestamp>
			</report>
			<report>
				<misses>24001</misses>
				<total>3</total>
				<timestamp>3.596570</timestamp>
			</report>
			<report>
				<misses>25001</misses>
				<total>3</total>
				<timestamp>3.746439</timestamp>
			</report>
			<report>
				<misses>26001</misses>
				<total>2</total>
				<timestamp>3.896310</timestamp>
			</report>
			<report>
				<misses>27001</misses>
				<total>3</total>
				<timestamp>4.046147</timestamp>
			</report>
			<report>
				<misses>28001</misses>
				<total>3</total>
				<timestamp>4.195980</timestamp>
			</report>
			<report>
				<misses>29001</misses>
				<total>3</total>
				<timestamp>4.345853</timestamp>
			</report>
			<report>
				<misses>30001</misses>
				<total>3</total>
				<timestamp>4.495682</timestamp>
			</report>
			<report>
				<misses>31001</misses>
				<total>3</total>
				<timestamp>4.645528</timestamp>
			</report>
			<report>
				<misses>32001</misses>
				<total>3</total>
				<timestamp>4.795377</timestamp>
			</report>
			<report>
				<misses>33001</misses>
				<total>3</total>
				<timestamp>4.945262</timestamp>
			</report>
			<report>
				<misses>34001</misses>
				<total>3</total>
				<timestamp>5.095063</timestamp>
			</report>
			<report>
				<misses>35001</misses>
				<total>3</total>
				<timestamp>5.244920</timestamp>
			</report>
			<report>
				<misses>36001</misses>
				<total>3</total>
				<timestamp>5.394769</timestamp>
			</report>
			<report>
				<misses>37001</misses>
				<total>3</total>
				<timestamp>5.544661</timestamp>
			</report>
			<report>
				<misses>38001</misses>
				<total>3</total>
				<timestamp>5.694518</timestamp>
			</report>
			<report>
				<misses>39001</misses>
				<total>3</total>
				<timestamp>5.844344</timestamp>
			</report>
			<report>
				<misses>40001</misses>
				<total>2</total>
				<timestamp>5.994243</timestamp>
			</report>
			<report>
				<misses>41001</misses>
				<total>12</total>
				<timestamp>6.144109</timestamp>
			</report>
			<report>
				<misses>42001</misses>
				<total>12</total>
				<timestamp>6.294029</timestamp>
			</report>
			<report>
				<misses>43001</misses>
				<total>12</total>
				<timestamp>6.443870</timestamp>
			</report>
			<report>
				<misses>44001</misses>
				<total>12</total>
				<timestamp>6.593740</timestamp>
			</report>
			<report>
				<misses>45001</misses>
				<total>12</total>
				<timestamp>6.743609</timestamp>
			</report>
			<report>
				<misses>46001</misses>
				<total>12</total>
				<timestamp>6.893469</timestamp>
			</report>
			<report>
				<misses>47001</misses>
				<total>12</total>
				<timestamp>7.043327</timestamp>
			</report>
			<report>
				<misses>48001</misses>
				<total>12</total>
				<timestamp>7.193143</timestamp>
			</report>
			<report>
				<misses>49001</misses>
				<total>12</total>
				<timestamp>7.342972</timestamp>
			</report>
			<report>
				<misses>50001</misses>
				<total>13</total>
				<timestamp>7.492854</timestamp>
			</report>
			<report>
				<misses>51001</misses>
				<total>14</total>
				<timestamp>7.642682</timestamp>
			</report>
			<report>
				<misses>52001</misses>
				<total>14</total>
				<timestamp>7.792519</timestamp>
			</report>
			<report>
				<misses>53001</misses>
				<total>14</total>
				<timestamp>7.942427</timestamp>
			</report>
			<report>
				<misses>54001</misses>
				<total>14</total>
				<timestamp>8.092277</timestamp>
			</report>
			<report>
				<misses>55001</misses>
				<total>14</total>
				<timestamp>8.242067</timestamp>
			</report>
			<report>
				<misses>56001</misses>
				<total>14</total>
				<timestamp>8.391916</timestamp>
			</report>
			<report>
				<misses>57001</misses>
				<total>14</total>
				<timestamp>8.541797</timestamp>
			</report>
			<report>
				<misses>58001</misses>
				<total>14</total>
				<timestamp>8.691646</timestamp>
			</report>
			<report>
				<misses>59001</misses>
				<total>14</total>
				<timestamp>8.841501</timestamp>
			</report>
			<report>
				<misses>60001</misses>
				<total>14</total>
				<timestamp>8.991341</timestamp>
			</report>
			<report>
				<misses>61001</misses>
				<total>14</total>
				<timestamp>9.141262</timestamp>
			</report>
			<report>
				<misses>62001</misses>
				<total>14</total>
				<timestamp>9.291027</timestamp>
			</report>
			<report>
				<misses>63001</misses>
				<total>14</total>
				<timestamp>9.440881</timestamp>
			</report>
			<report>
				<misses>64001</misses>
				<total>14</total>
				<timestamp>9.590725</timestamp>
			</report>
			<report>
				<misses>65001</misses>
				<total>14</total>
				<timestamp>9.740616</timestamp>
			</report>
			<report>
				<misses>66001</misses>
				<total>14</total>
				<timestamp>9.890417</timestamp>
			</report>
			<report>
				<misses>67001</misses>
				<total>14</total>
				<timestamp>10.040327</timestamp>
			</report>
			<report>
				<misses>68001</misses>
				<total>14</total>
				<timestamp>10.190142</timestamp>
			</report>
			<report>
				<misses>69001</misses>
				<total>14</total>
				<timestamp>10.339979</timestamp>
			</report>
			<report>
				<misses>70001</misses>
				<total>15</total>
				<timestamp>10.489815</timestamp>
			</report>
			<report>
				<misses>71001</misses>
				<total>15</total>
				<timestamp>10.639677</timestamp>
			</report>
			<report>
				<misses>72001</misses>
				<total>15</total>
				<timestamp>10.789525</timestamp>
			</report>
			<report>
				<misses>73001</misses>
				<total>15</total>
				<timestamp>10.939398</timestamp>
			</report>
			<report>
				<misses>74001</misses>
				<total>15</total>
				<timestamp>11.089280</timestamp>
			</report>
			<report>
				<misses>75001</misses>
				<total>15</total>
				<timestamp>11.239068</timestamp>
			</report>
			<report>
				<misses>76001</misses>
				<total>15</total>
				<timestamp>11.388949</timestamp>
			</report>
			<report>
				<misses>77001</misses>
				<total>15</total>
				<timestamp>11.538812</timestamp>
			</report>
			<report>
				<misses>78001</misses>
				<total>15</total>
				<timestamp>11.688634</timestamp>
			</report>
			<report>
				<misses>79001</misses>
				<total>15</total>
				<timestamp>11.838525</timestamp>
			</report>
			<report>
				<misses>80001</misses>
				<total>15</total>
				<timestamp>11.988395</timestamp>
			</report>
			<report>
				<misses>81001</misses>
				<total>15</total>
				<timestamp>12.138244</timestamp>
			</report>
			<report>
				<misses>82001</misses>
				<total>15</total>
				<timestamp>12.288026</timestamp>
			</report>
			<report>
				<misses>83001</misses>
				<total>15</total>
				<timestamp>12.437887</timestamp>
			</report>
			<report>
				<misses>84001</misses>
				<total>15</total>
				<timestamp>12.587719</timestamp>
			</report>
			<report>
				<misses>85001</misses>
				<total>15</total>
				<timestamp>12.737603</timestamp>
			</report>
			<report>
				<misses>86001</misses>
				<total>15</total>
				<timestamp>12.887424</timestamp>
			</report>
			<report>
				<misses>87001</misses>
				<total>15</total>
				<timestamp>13.037330</timestamp>
			</report>
			<report>
				<misses>88001</misses>
				<total>15</total>
				<timestamp>13.187127</timestamp>
			</report>
			<report>
				<misses>89001</misses>
				<total>15</total>
				<timestamp>13.336982</timestamp>
			</report>
			<report>
				<misses>90001</misses>
				<total>15</total>
				<timestamp>13.486833</timestamp>
			</report>
			<report>
				<misses>91001</misses>
				<total>15</total>
				<timestamp>13.636677</timestamp>
			</report>
			<report>
				<misses>92001</misses>
				<total>15</total>
				<timestamp>13.786530</timestamp>
			</report>
			<report>
				<misses>93001</misses>
				<total>15</total>
				<timestamp>13.936403</timestamp>
			</report>
			<report>
				<misses>94001</misses>
				<total>15</total>
				<timestamp>14.086271</timestamp>
			</report>
			<report>
				<misses>95001</misses>
				<total>15</total>
				<timestamp>14.236070</timestamp>
			</report>
			<report>
				<misses>96001</misses>
				<total>15</total>
				<timestamp>14.385920</timestamp>
			</report>
			<report>
				<misses>97001</misses>
				<total>15</total>
				<timestamp>14.535783</timestamp>
			</report>
			<report>
				<misses>98001</misses>
				<total>15</total>
				<timestamp>14.685627</timestamp>
			</report>
			<report>
				<misses>99001</misses>
				<total>15</total>
				<timestamp>14.835470</timestamp>
			</report>
			<report>
				<misses>100001</misses>
				<total>15</total>
				<timestamp>14.985321</timestamp>
			</report>
			<report>
				<misses>101001</misses>
				<total>15</total>
				<timestamp>15.135286</timestamp>
			</report>
			<report>
				<misses>102001</misses>
				<total>15</total>
				<timestamp>15.285050</timestamp>
			</report>
			<report>
				<misses>103001</misses>
				<total>18</total>
				<timestamp>15.434884</timestamp>
			</report>
			<report>
				<misses>104001</misses>
				<total>18</total>
				<timestamp>15.584725</timestamp>
			</report>
			<report>
				<misses>105001</misses>
				<total>18</total>
				<timestamp>15.734572</timestamp>
			</report>
			<report>
				<misses>106001</misses>
				<total>18</total>
				<timestamp>15.884424</timestamp>
			</report>
			<report>
				<misses>107001</misses>
				<total>18</total>
				<timestamp>16.034309</timestamp>
			</report>
			<report>
				<misses>108001</misses>
				<total>18</total>
				<timestamp>16.184192</timestamp>
			</report>
			<report>
				<misses>109001</misses>
				<total>22</total>
				<timestamp>16.333977</timestamp>
			</report>
			<report>
				<misses>110001</misses>
				<total>22</total>
				<timestamp>16.483824</timestamp>
			</report>
			<report>
				<misses>111001</misses>
				<total>22</total>
				<timestamp>16.633662</timestamp>
			</report>
			<report>
				<misses>112001</misses>
				<total>22</total>
				<timestamp>16.783524</timestamp>
			</report>
			<report>
				<misses>113001</misses>
				<total>22</total>
				<timestamp>16.933360</timestamp>
			</report>
			<report>
				<misses>114001</misses>
				<total>22</total>
				<timestamp>17.083286</timestamp>
			</report>
			<report>
				<misses>115001</misses>
				<total>22</total>
				<timestamp>17.233073</timestamp>
			</report>
			<report>
				<misses>116001</misses>
				<total>22</total>
				<timestamp>17.382918</timestamp>
			</report>
			<report>
				<misses>117001</misses>
				<total>22</total>
				<timestamp>17.532783</timestamp>
			</report>
			<report>
				<misses>118001</misses>
				<total>22</total>
				<timestamp>17.682617</timestamp>
			</report>
			<report>
				<misses>119001</misses>
				<total>21</total>
				<timestamp>17.832496</timestamp>
			</report>
			<report>
				<misses>120001</misses>
				<total>22</total>
				<timestamp>17.982342</timestamp>
			</report>
			<report>
				<misses>121001</misses>
				<total>22</total>
				<timestamp>18.132218</timestamp>
			</report>
			<report>
				<misses>122001</misses>
				<total>22</total>
				<timestamp>18.282034</timestamp>
			</report>
			<report>
				<misses>123001</misses>
				<total>22</total>
				<timestamp>18.431913</timestamp>
			</report>
			<report>
				<misses>124001</misses>
				<total>22</total>
				<timestamp>18.581722</timestamp>
			</report>
			<report>
				<misses>125001</misses>
				<total>22</total>
				<timestamp>18.731607</timestamp>
			</report>
			<report>
				<misses>126001</misses>
				<total>22</total>
				<timestamp>18.881442</timestamp>
			</report>
			<report>
				<misses>127001</misses>
				<total>22</total>
				<timestamp>19.031312</timestamp>
			</report>
			<report>
				<misses>128001</misses>
				<total>22</total>
				<timestamp>19.181148</timestamp>
			</report>
			<report>
				<misses>129001</misses>
				<total>22</total>
				<timestamp>19.330975</timestamp>
			</report>
			<report>
				<misses>130001</misses>
				<total>22</total>
				<timestamp>19.480844</timestamp>
			</report>
			<report>
				<misses>131001</misses>
				<total>22</total>
				<timestamp>19.630675</timestamp>
			</report>
			<report>
				<misses>132001</misses>
				<total>22</total>
				<timestamp>19.780536</timestamp>
			</report>
			<report>
				<misses>133001</misses>
				<total>22</total>
				<timestamp>19.930457</timestamp>
			</report>
			<report>
				<misses>134001</misses>
				<total>22</total>
				<timestamp>20.080222</timestamp>
			</report>
			<report>
				<misses>135001</misses>
				<total>21</total>
				<timestamp>20.230095</timestamp>
			</report>
			<report>
				<misses>136001</misses>
				<total>22</total>
				<timestamp>20.379921</timestamp>
			</report>
			<report>
				<misses>137001</misses>
				<total>22</total>
				<timestamp>20.529785</timestamp>
			</report>
			<report>
				<misses>138001</misses>
				<total>22</total>
				<timestamp>20.679620</timestamp>
			</report>
			<report>
				<misses>139001</misses>
				<total>22</total>
				<timestamp>20.829482</timestamp>
			</report>
			<report>
				<misses>140001</misses>
				<total>22</total>
				<timestamp>20.979347</timestamp>
			</report>
			<report>
				<misses>141001</misses>
				<total>22</total>
				<timestamp>21.129201</timestamp>
			</report>
			<report>
				<misses>142001</misses>
				<total>22</total>
				<timestamp>21.279032</timestamp>
			</report>
			<report>
				<misses>143001</misses>
				<total>22</total>
				<timestamp>21.428924</timestamp>
			</report>
			<report>
				<misses>144001</misses>
				<total>22</total>
				<timestamp>21.578720</timestamp>
			</report>
			<report>
				<misses>145001</misses>
				<total>22</total>
				<timestamp>21.728572</timestamp>
			</report>
			<report>
				<misses>146001</misses>
				<total>23</total>
				<timestamp>21.878445</timestamp>
			</report>
			<report>
				<misses>147001</misses>
				<total>23</total>
				<timestamp>22.028332</timestamp>
			</report>
			<report>
				<misses>148001</misses>
				<total>23</total>
				<timestamp>22.178188</timestamp>
			</report>
			<report>
				<misses>149001</misses>
				<total>23</total>
				<timestamp>22.327965</timestamp>
			</report>
			<report>
				<misses>150001</misses>
				<total>23</total>
				<timestamp>22.478187</timestamp>
			</report>
			<report>
				<misses>151001</misses>
				<total>23</total>
				<timestamp>22.627969</timestamp>
			</report>
			<report>
				<misses>152001</misses>
				<total>23</total>
				<timestamp>22.777811</timestamp>
			</report>
			<report>
				<misses>153001</misses>
				<total>32</total>
				<timestamp>22.927694</timestamp>
			</report>
			<report>
				<misses>154001</misses>
				<total>32</total>
				<timestamp>23.077825</timestamp>
			</report>
			<report>
				<misses>155001</misses>
				<total>32</total>
				<timestamp>23.227674</timestamp>
			</report>
			<report>
				<misses>156001</misses>
				<total>32</total>
				<timestamp>23.377520</timestamp>
			</report>
			<report>
				<misses>157001</misses>
				<total>32</total>
				<timestamp>23.527374</timestamp>
			</report>
			<report>
				<misses>158001</misses>
				<total>32</total>
				<timestamp>23.677241</timestamp>
			</report>
			<report>
				<misses>159001</misses>
				<total>32</total>
				<timestamp>23.827073</timestamp>
			</report>
			<report>
				<misses>160001</misses>
				<total>32</total>
				<timestamp>23.976927</timestamp>
			</report>
			<report>
				<misses>161001</misses>
				<total>32</total>
				<timestamp>24.126794</timestamp>
			</report>
			<report>
				<misses>162001</misses>
				<total>32</total>
				<timestamp>24.276629</timestamp>
			</report>
			<report>
				<misses>163001</misses>
				<total>32</total>
				<timestamp>24.426483</timestamp>
			</report>
			<report>
				<misses>164001</misses>
				<total>32</total>
				<timestamp>24.576319</timestamp>
			</report>
			<report>
				<misses>165001</misses>
				<total>32</total>
				<timestamp>24.726229</timestamp>
			</report>
			<report>
				<misses>166001</misses>
				<total>32</total>
				<timestamp>24.876023</timestamp>
			</report>
			<report>
				<misses>167001</misses>
				<total>32</total>
				<timestamp>25.025892</timestamp>
			</report>
			<report>
				<misses>168001</misses>
				<total>32</total>
				<timestamp>25.175715</timestamp>
			</report>
			<report>
				<misses>169001</misses>
				<total>32</total>
				<timestamp>25.325572</timestamp>
			</report>
			<report>
				<misses>170001</misses>
				<total>32</total>
				<timestamp>25.475446</timestamp>
			</report>
			<report>
				<misses>171001</misses>
				<total>32</total>
				<timestamp>25.625318</timestamp>
			</report>
			<report>
				<misses>172001</misses>
				<total>32</total>
				<timestamp>25.775182</timestamp>
			</report>
			<report>
				<misses>173001</misses>
				<total>32</total>
				<timestamp>25.924982</timestamp>
			</report>
			<report>
				<misses>174001</misses>
				<total>32</total>
				<timestamp>26.074832</timestamp>
			</report>
			<report>
				<misses>175001</misses>
				<total>32</total>
				<timestamp>26.224685</timestamp>
			</report>
			<report>
				<misses>176001</misses>
				<total>35</total>
				<timestamp>26.374550</timestamp>
			</report>
			<report>
				<misses>177001</misses>
				<total>35</total>
				<timestamp>26.524372</timestamp>
			</report>
			<report>
				<misses>178001</misses>
				<total>34</total>
				<timestamp>26.674274</timestamp>
			</report>
			<report>
				<misses>179001</misses>
				<total>35</total>
				<timestamp>26.824095</timestamp>
			</report>
			<report>
				<misses>180001</misses>
				<total>35</total>
				<timestamp>26.973922</timestamp>
			</report>
			<report>
				<misses>181001</misses>
				<total>35</total>
				<timestamp>27.123780</timestamp>
			</report>
			<report>
				<misses>182001</misses>
				<total>35</total>
				<timestamp>27.273635</timestamp>
			</report>
			<report>
				<misses>183001</misses>
				<total>35</total>
				<timestamp>27.423484</timestamp>
			</report>
			<report>
				<misses>184001</misses>
				<total>35</total>
				<timestamp>27.573326</timestamp>
			</report>
			<report>
				<misses>185001</misses>
				<total>34</total>
				<timestamp>27.723243</timestamp>
			</report>
			<report>
				<misses>186001</misses>
				<total>35</total>
				<timestamp>27.873046</timestamp>
			</report>
			<report>
				<misses>187001</misses>
				<total>35</total>
				<timestamp>28.022876</timestamp>
			</report>
			<report>
				<misses>188001</misses>
				<total>35</total>
				<timestamp>28.172718</timestamp>
			</report>
			<report>
				<misses>189001</misses>
				<total>35</total>
				<timestamp>28.322577</timestamp>
			</report>
			<report>
				<misses>190001</misses>
				<total>35</total>
				<timestamp>28.472442</timestamp>
			</report>
			<report>
				<misses>191001</misses>
				<total>35</total>
				<timestamp>28.622321</timestamp>
			</report>
			<report>
				<misses>192001</misses>
				<total>35</total>
				<timestamp>28.772178</timestamp>
			</report>
			<report>
				<misses>193001</misses>
				<total>35</total>
				<timestamp>28.921978</timestamp>
			</report>
			<report>
				<misses>194001</misses>
				<total>35</total>
				<timestamp>29.071840</timestamp>
			</report>
			<report>
				<misses>195001</misses>
				<total>35</total>
				<timestamp>29.221693</timestamp>
			</report>
			<report>
				<misses>196001</misses>
				<total>35</total>
				<timestamp>29.371543</timestamp>
			</report>
			<report>
				<misses>197001</misses>
				<total>35</total>
				<timestamp>29.521401</timestamp>
			</report>
			<report>
				<misses>198001</misses>
				<total>35</total>
				<timestamp>29.671273</timestamp>
			</report>
			<report>
				<misses>199001</misses>
				<total>34</total>
				<timestamp>29.821124</timestamp>
			</report>
			<report>
				<misses>200001</misses>
				<total>35</total>
				<timestamp>29.970932</timestamp>
			</report>
			<report>
				<misses>201001</misses>
				<total>35</total>
				<timestamp>30.120844</timestamp>
			</report>
			<report>
				<misses>202001</misses>
				<total>35</total>
				<timestamp>30.270654</timestamp>
			</report>
			<report>
				<misses>203001</misses>
				<total>35</total>
				<timestamp>30.420500</timestamp>
			</report>
			<report>
				<misses>204001</misses>
				<total>35</total>
				<timestamp>30.570353</timestamp>
			</report>
			<report>
				<misses>205001</misses>
				<total>35</total>
				<timestamp>30.720240</timestamp>
			</report>
			<report>
				<misses>206001</misses>
				<total>35</total>
				<timestamp>30.870032</timestamp>
			</report>
			<report>
				<misses>207001</misses>
				<total>35</total>
				<timestamp>31.019887</timestamp>
			</report>
			<report>
				<misses>208001</misses>
				<total>35</total>
				<timestamp>31.169738</timestamp>
			</report>
			<report>
				<misses>209001</misses>
				<total>35</total>
				<timestamp>31.319574</timestamp>
			</report>
			<report>
				<misses>210001</misses>
				<total>35</total>
				<timestamp>31.469425</timestamp>
			</report>
			<report>
				<misses>211001</misses>
				<total>35</total>
				<timestamp>31.619305</timestamp>
			</report>
			<report>
				<misses>212001</misses>
				<total>35</total>
				<timestamp>31.769211</timestamp>
			</report>
			<report>
				<misses>213001</misses>
				<total>34</total>
				<timestamp>31.918999</timestamp>
			</report>
			<report>
				<misses>214001</misses>
				<total>35</total>
				<timestamp>32.068829</timestamp>
			</report>
			<report>
				<misses>215001</misses>
				<total>35</total>
				<timestamp>32.218673</timestamp>
			</report>
			<report>
				<misses>216001</misses>
				<total>34</total>
				<timestamp>32.368542</timestamp>
			</report>
			<report>
				<misses>217001</misses>
				<total>35</total>
				<timestamp>32.518364</timestamp>
			</report>
			<report>
				<misses>218001</misses>
				<total>35</total>
				<timestamp>32.668293</timestamp>
			</report>
			<report>
				<misses>219001</misses>
				<total>35</total>
				<timestamp>32.818138</timestamp>
			</report>
			<report>
				<misses>220001</misses>
				<total>35</total>
				<timestamp>32.967924</timestamp>
			</report>
			<report>
				<misses>221001</misses>
				<total>35</total>
				<timestamp>33.117769</timestamp>
			</report>
			<report>
				<misses>222001</misses>
				<total>35</total>
				<timestamp>33.267623</timestamp>
			</report>
			<report>
				<misses>223001</misses>
				<total>35</total>
				<timestamp>33.417502</timestamp>
			</report>
			<report>
				<misses>224001</misses>
				<total>35</total>
				<timestamp>33.567346</timestamp>
			</report>
			<report>
				<misses>225001</misses>
				<total>35</total>
				<timestamp>33.717216</timestamp>
			</report>
			<report>
				<misses>226001</misses>
				<total>37</total>
				<timestamp>33.867080</timestamp>
			</report>
			<report>
				<misses>227001</misses>
				<total>37</total>
				<timestamp>34.016898</timestamp>
			</report>
			<report>
				<misses>228001</misses>
				<total>37</total>
				<timestamp>34.166728</timestamp>
			</report>
			<report>
				<misses>229001</misses>
				<total>37</total>
				<timestamp>34.316594</timestamp>
			</report>
			<report>
				<misses>230001</misses>
				<total>37</total>
				<timestamp>34.466428</timestamp>
			</report>
			<report>
				<misses>231001</misses>
				<total>36</total>
				<timestamp>34.616283</timestamp>
			</report>
			<report>
				<misses>232001</misses>
				<total>37</total>
				<timestamp>34.766184</timestamp>
			</report>
			<report>
				<misses>233001</misses>
				<total>37</total>
				<timestamp>34.915970</timestamp>
			</report>
			<report>
				<misses>234001</misses>
				<total>37</total>
				<timestamp>35.065837</timestamp>
			</report>
			<report>
				<misses>235001</misses>
				<total>37</total>
				<timestamp>35.215678</timestamp>
			</report>
			<report>
				<misses>236001</misses>
				<total>37</total>
				<timestamp>35.365532</timestamp>
			</report>
			<report>
				<misses>237001</misses>
				<total>37</total>
				<timestamp>35.515385</timestamp>
			</report>
			<report>
				<misses>238001</misses>
				<total>37</total>
				<timestamp>35.665256</timestamp>
			</report>
			<report>
				<misses>239001</misses>
				<total>37</total>
				<timestamp>35.815119</timestamp>
			</report>
			<report>
				<misses>240001</misses>
				<total>37</total>
				<timestamp>35.964925</timestamp>
			</report>
			<report>
				<misses>241001</misses>
				<total>37</total>
				<timestamp>36.114774</timestamp>
			</report>
			<report>
				<misses>242001</misses>
				<total>37</total>
				<timestamp>36.264623</timestamp>
			</report>
			<report>
				<misses>243001</misses>
				<total>36</total>
				<timestamp>36.414526</timestamp>
			</report>
			<report>
				<misses>244001</misses>
				<total>37</total>
				<timestamp>36.564314</timestamp>
			</report>
			<report>
				<misses>245001</misses>
				<total>37</total>
				<timestamp>36.714243</timestamp>
			</report>
			<report>
				<misses>246001</misses>
				<total>37</total>
				<timestamp>36.864108</timestamp>
			</report>
			<report>
				<misses>247001</misses>
				<total>39</total>
				<timestamp>37.013869</timestamp>
			</report>
			<report>
				<misses>248001</misses>
				<total>39</total>
				<timestamp>37.163761</timestamp>
			</report>
			<report>
				<misses>249001</misses>
				<total>39</total>
				<timestamp>37.313594</timestamp>
			</report>
			<report>
				<misses>250001</misses>
				<total>39</total>
				<timestamp>37.463441</timestamp>
			</report>
			<report>
				<misses>251001</misses>
				<total>39</total>
				<timestamp>37.613274</timestamp>
			</report>
			<report>
				<misses>252001</misses>
				<total>39</total>
				<timestamp>37.763194</timestamp>
			</report>
			<report>
				<misses>253001</misses>
				<total>39</total>
				<timestamp>37.912995</timestamp>
			</report>
			<report>
				<misses>254001</misses>
				<total>39</total>
				<timestamp>38.062844</timestamp>
			</report>
			<report>
				<misses>255001</misses>
				<total>39</total>
				<timestamp>38.212669</timestamp>
			</report>
			<report>
				<misses>256001</misses>
				<total>39</total>
				<timestamp>38.362581</timestamp>
			</report>
			<report>
				<misses>257001</misses>
				<total>42</total>
				<timestamp>38.512407</timestamp>
			</report>
			<report>
				<misses>258001</misses>
				<total>41</total>
				<timestamp>38.662276</timestamp>
			</report>
			<report>
				<misses>259001</misses>
				<total>42</total>
				<timestamp>38.812080</timestamp>
			</report>
			<report>
				<misses>260001</misses>
				<total>42</total>
				<timestamp>38.961916</timestamp>
			</report>
			<report>
				<misses>261001</misses>
				<total>42</total>
				<timestamp>39.111782</timestamp>
			</report>
			<report>
				<misses>262001</misses>
				<total>42</total>
				<timestamp>39.261625</timestamp>
			</report>
			<report>
				<misses>263001</misses>
				<total>42</total>
				<timestamp>39.411555</timestamp>
			</report>
			<report>
				<misses>264001</misses>
				<total>42</total>
				<timestamp>39.561321</timestamp>
			</report>
			<report>
				<misses>265001</misses>
				<total>42</total>
				<timestamp>39.711229</timestamp>
			</report>
			<report>
				<misses>266001</misses>
				<total>42</total>
				<timestamp>39.861053</timestamp>
			</report>
			<report>
				<misses>267001</misses>
				<total>42</total>
				<timestamp>40.010885</timestamp>
			</report>
			<report>
				<misses>268001</misses>
				<total>42</total>
				<timestamp>40.160730</timestamp>
			</report>
			<report>
				<misses>269001</misses>
				<total>42</total>
				<timestamp>40.310566</timestamp>
			</report>
			<report>
				<misses>270001</misses>
				<total>42</total>
				<timestamp>40.460434</timestamp>
			</report>
			<report>
				<misses>271001</misses>
				<total>42</total>
				<timestamp>40.610298</timestamp>
			</report>
			<report>
				<misses>272001</misses>
				<total>42</total>
				<timestamp>40.760124</timestamp>
			</report>
			<report>
				<misses>273001</misses>
				<total>42</total>
				<timestamp>40.909981</timestamp>
			</report>
			<report>
				<misses>274001</misses>
				<total>42</total>
				<timestamp>41.059823</timestamp>
			</report>
			<report>
				<misses>275001</misses>
				<total>42</total>
				<timestamp>41.209672</timestamp>
			</report>
			<report>
				<misses>276001</misses>
				<total>42</total>
				<timestamp>41.359523</timestamp>
			</report>
			<report>
				<misses>277001</misses>
				<total>42</total>
				<timestamp>41.509370</timestamp>
			</report>
			<report>
				<misses>278001</misses>
				<total>42</total>
				<timestamp>41.659286</timestamp>
			</report>
			<report>
				<misses>279001</misses>
				<total>42</total>
				<timestamp>41.809097</timestamp>
			</report>
			<report>
				<misses>280001</misses>
				<total>42</total>
				<timestamp>41.958962</timestamp>
			</report>
			<report>
				<misses>281001</misses>
				<total>42</total>
				<timestamp>42.108797</timestamp>
			</report>
			<report>
				<misses>282001</misses>
				<total>42</total>
				<timestamp>42.258623</timestamp>
			</report>
			<report>
				<misses>283001</misses>
				<total>42</total>
				<timestamp>42.408480</timestamp>
			</report>
			<report>
				<misses>284001</misses>
				<total>42</total>
				<timestamp>42.558353</timestamp>
			</report>
			<report>
				<misses>285001</misses>
				<total>42</total>
				<timestamp>42.708199</timestamp>
			</report>
			<report>
				<misses>286001</misses>
				<total>44</total>
				<timestamp>42.858047</timestamp>
			</report>
			<report>
				<misses>287001</misses>
				<total>44</total>
				<timestamp>43.007867</timestamp>
			</report>
			<report>
				<misses>288001</misses>
				<total>44</total>
				<timestamp>43.157734</timestamp>
			</report>
			<report>
				<misses>289001</misses>
				<total>44</total>
				<timestamp>43.307577</timestamp>
			</report>
			<report>
				<misses>290001</misses>
				<total>44</total>
				<timestamp>43.457417</timestamp>
			</report>
			<report>
				<misses>291001</misses>
				<total>44</total>
				<timestamp>43.607308</timestamp>
			</report>
			<report>
				<misses>292001</misses>
				<total>45</total>
				<timestamp>43.757126</timestamp>
			</report>
			<report>
				<misses>293001</misses>
				<total>45</total>
				<timestamp>43.907007</timestamp>
			</report>
			<report>
				<misses>294001</misses>
				<total>45</total>
				<timestamp>44.056827</timestamp>
			</report>
			<report>
				<misses>295001</misses>
				<total>47</total>
				<timestamp>44.206665</timestamp>
			</report>
			<report>
				<misses>296001</misses>
				<total>47</total>
				<timestamp>44.356540</timestamp>
			</report>
			<report>
				<misses>297001</misses>
				<total>47</total>
				<timestamp>44.506378</timestamp>
			</report>
			<report>
				<misses>298001</misses>
				<total>47</total>
				<timestamp>44.656262</timestamp>
			</report>
			<report>
				<misses>299001</misses>
				<total>47</total>
				<timestamp>44.806123</timestamp>
			</report>
			<report>
				<misses>300001</misses>
				<total>47</total>
				<timestamp>44.955913</timestamp>
			</report>
			<report>
				<misses>301001</misses>
				<total>47</total>
				<timestamp>45.105770</timestamp>
			</report>
			<report>
				<misses>302001</misses>
				<total>47</total>
				<timestamp>45.255646</timestamp>
			</report>
			<report>
				<misses>303001</misses>
				<total>47</total>
				<timestamp>45.405483</timestamp>
			</report>
			<report>
				<misses>304001</misses>
				<total>47</total>
				<timestamp>45.555333</timestamp>
			</report>
			<report>
				<misses>305001</misses>
				<total>47</total>
				<timestamp>45.705181</timestamp>
			</report>
			<report>
				<misses>306001</misses>
				<total>47</total>
				<timestamp>45.855038</timestamp>
			</report>
			<report>
				<misses>307001</misses>
				<total>47</total>
				<timestamp>46.004907</timestamp>
			</report>
			<report>
				<misses>308001</misses>
				<total>47</total>
				<timestamp>46.154723</timestamp>
			</report>
			<report>
				<misses>309001</misses>
				<total>47</total>
				<timestamp>46.304597</timestamp>
			</report>
			<report>
				<misses>310001</misses>
				<total>47</total>
				<timestamp>46.454430</timestamp>
			</report>
			<report>
				<misses>311001</misses>
				<total>47</total>
				<timestamp>46.604324</timestamp>
			</report>
			<report>
				<misses>312001</misses>
				<total>47</total>
				<timestamp>46.754158</timestamp>
			</report>
			<report>
				<misses>313001</misses>
				<total>47</total>
				<timestamp>46.904016</timestamp>
			</report>
			<report>
				<misses>314001</misses>
				<total>49</total>
				<timestamp>47.053839</timestamp>
			</report>
			<report>
				<misses>315001</misses>
				<total>49</total>
				<timestamp>47.203710</timestamp>
			</report>
			<report>
				<misses>316001</misses>
				<total>49</total>
				<timestamp>47.353533</timestamp>
			</report>
			<report>
				<misses>317001</misses>
				<total>49</total>
				<timestamp>47.503384</timestamp>
			</report>
			<report>
				<misses>318001</misses>
				<total>49</total>
				<timestamp>47.653237</timestamp>
			</report>
			<report>
				<misses>319001</misses>
				<total>49</total>
				<timestamp>47.803099</timestamp>
			</report>
			<report>
				<misses>320001</misses>
				<total>49</total>
				<timestamp>47.952922</timestamp>
			</report>
			<report>
				<misses>321001</misses>
				<total>49</total>
				<timestamp>48.102778</timestamp>
			</report>
			<report>
				<misses>322001</misses>
				<total>49</total>
				<timestamp>48.252621</timestamp>
			</report>
			<report>
				<misses>323001</misses>
				<total>49</total>
				<timestamp>48.402486</timestamp>
			</report>
			<report>
				<misses>324001</misses>
				<total>49</total>
				<timestamp>48.552317</timestamp>
			</report>
			<report>
				<misses>325001</misses>
				<total>49</total>
				<timestamp>48.702183</timestamp>
			</report>
			<report>
				<misses>326001</misses>
				<total>49</total>
				<timestamp>48.852110</timestamp>
			</report>
			<report>
				<misses>327001</misses>
				<total>49</total>
				<timestamp>49.001877</timestamp>
			</report>
			<report>
				<misses>328001</misses>
				<total>49</total>
				<timestamp>49.151717</timestamp>
			</report>
			<report>
				<misses>329001</misses>
				<total>49</total>
				<timestamp>49.301577</timestamp>
			</report>
			<report>
				<misses>330001</misses>
				<total>49</total>
				<timestamp>49.451419</timestamp>
			</report>
			<report>
				<misses>331001</misses>
				<total>49</total>
				<timestamp>49.601291</timestamp>
			</report>
			<report>
				<misses>332001</misses>
				<total>49</total>
				<timestamp>49.751125</timestamp>
			</report>
			<report>
				<misses>333001</misses>
				<total>49</total>
				<timestamp>49.901042</timestamp>
			</report>
			<report>
				<misses>334001</misses>
				<total>49</total>
				<timestamp>50.050815</timestamp>
			</report>
			<report>
				<misses>335001</misses>
				<total>49</total>
				<timestamp>50.200672</timestamp>
			</report>
			<report>
				<misses>336001</misses>
				<total>49</total>
				<timestamp>50.350549</timestamp>
			</report>
			<report>
				<misses>337001</misses>
				<total>49</total>
				<timestamp>50.500369</timestamp>
			</report>
			<report>
				<misses>338001</misses>
				<total>49</total>
				<timestamp>50.650264</timestamp>
			</report>
			<report>
				<misses>339001</misses>
				<total>49</total>
				<timestamp>50.800115</timestamp>
			</report>
			<report>
				<misses>340001</misses>
				<total>49</total>
				<timestamp>50.949913</timestamp>
			</report>
			<report>
				<misses>341001</misses>
				<total>49</total>
				<timestamp>51.099769</timestamp>
			</report>
			<report>
				<misses>342001</misses>
				<total>49</total>
				<timestamp>51.249635</timestamp>
			</report>
			<report>
				<misses>343001</misses>
				<total>49</total>
				<timestamp>51.399471</timestamp>
			</report>
			<report>
				<misses>344001</misses>
				<total>49</total>
				<timestamp>51.549319</timestamp>
			</report>
			<report>
				<misses>345001</misses>
				<total>49</total>
				<timestamp>51.699207</timestamp>
			</report>
			<report>
				<misses>346001</misses>
				<total>48</total>
				<timestamp>51.849057</timestamp>
			</report>
			<report>
				<misses>347001</misses>
				<total>49</total>
				<timestamp>51.998893</timestamp>
			</report>
			<report>
				<misses>348001</misses>
				<total>49</total>
				<timestamp>52.148725</timestamp>
			</report>
			<report>
				<misses>349001</misses>
				<total>49</total>
				<timestamp>52.298623</timestamp>
			</report>
			<report>
				<misses>350001</misses>
				<total>49</total>
				<timestamp>52.448435</timestamp>
			</report>
			<report>
				<misses>351001</misses>
				<total>53</total>
				<timestamp>52.598285</timestamp>
			</report>
			<report>
				<misses>352001</misses>
				<total>53</total>
				<timestamp>52.748139</timestamp>
			</report>
			<report>
				<misses>353001</misses>
				<total>53</total>
				<timestamp>52.897982</timestamp>
			</report>
			<report>
				<misses>354001</misses>
				<total>53</total>
				<timestamp>53.047831</timestamp>
			</report>
			<report>
				<misses>355001</misses>
				<total>53</total>
				<timestamp>53.197669</timestamp>
			</report>
			<report>
				<misses>356001</misses>
				<total>53</total>
				<timestamp>53.347524</timestamp>
			</report>
			<report>
				<misses>357001</misses>
				<total>53</total>
				<timestamp>53.497419</timestamp>
			</report>
			<report>
				<misses>358001</misses>
				<total>53</total>
				<timestamp>53.647275</timestamp>
			</report>
			<report>
				<misses>359001</misses>
				<total>53</total>
				<timestamp>53.797086</timestamp>
			</report>
			<report>
				<misses>360001</misses>
				<total>53</total>
				<timestamp>53.946965</timestamp>
			</report>
			<report>
				<misses>361001</misses>
				<total>64</total>
				<timestamp>54.096768</timestamp>
			</report>
			<report>
				<misses>362001</misses>
				<total>64</total>
				<timestamp>54.246645</timestamp>
			</report>
			<report>
				<misses>363001</misses>
				<total>64</total>
				<timestamp>54.396467</timestamp>
			</report>
			<report>
				<misses>364001</misses>
				<total>64</total>
				<timestamp>54.546323</timestamp>
			</report>
			<report>
				<misses>365001</misses>
				<total>64</total>
				<timestamp>54.696209</timestamp>
			</report>
			<report>
				<misses>366001</misses>
				<total>64</total>
				<timestamp>54.846030</timestamp>
			</report>
			<report>
				<misses>367001</misses>
				<total>64</total>
				<timestamp>54.995881</timestamp>
			</report>
			<report>
				<misses>368001</misses>
				<total>64</total>
				<timestamp>55.145722</timestamp>
			</report>
			<report>
				<misses>369001</misses>
				<total>64</total>
				<timestamp>55.295586</timestamp>
			</report>
			<report>
				<misses>370001</misses>
				<total>64</total>
				<timestamp>55.445418</timestamp>
			</report>
			<report>
				<misses>371001</misses>
				<total>64</total>
				<timestamp>55.595330</timestamp>
			</report>
			<report>
				<misses>372001</misses>
				<total>64</total>
				<timestamp>55.745136</timestamp>
			</report>
			<report>
				<misses>373001</misses>
				<total>64</total>
				<timestamp>55.894998</timestamp>
			</report>
			<report>
				<misses>374001</misses>
				<total>64</total>
				<timestamp>56.044819</timestamp>
			</report>
			<report>
				<misses>375001</misses>
				<total>64</total>
				<timestamp>56.194668</timestamp>
			</report>
			<report>
				<misses>376001</misses>
				<total>64</total>
				<timestamp>56.344555</timestamp>
			</report>
			<report>
				<misses>377001</misses>
				<total>64</total>
				<timestamp>56.494388</timestamp>
			</report>
			<report>
				<misses>378001</misses>
				<total>64</total>
				<timestamp>56.644249</timestamp>
			</report>
			<report>
				<misses>379001</misses>
				<total>64</total>
				<timestamp>56.794133</timestamp>
			</report>
			<report>
				<misses>380001</misses>
				<total>64</total>
				<timestamp>56.943953</timestamp>
			</report>
			<report>
				<misses>381001</misses>
				<total>64</total>
				<timestamp>57.093764</timestamp>
			</report>
			<report>
				<misses>382001</misses>
				<total>64</total>
				<timestamp>57.243620</timestamp>
			</report>
			<report>
				<misses>383001</misses>
				<total>64</total>
				<timestamp>57.393476</timestamp>
			</report>
			<report>
				<misses>384001</misses>
				<total>64</total>
				<timestamp>57.543331</timestamp>
			</report>
			<report>
				<misses>385001</misses>
				<total>64</total>
				<timestamp>57.693179</timestamp>
			</report>
			<report>
				<misses>386001</misses>
				<total>63</total>
				<timestamp>57.843110</timestamp>
			</report>
			<report>
				<misses>387001</misses>
				<total>64</total>
				<timestamp>57.992898</timestamp>
			</report>
			<report>
				<misses>388001</misses>
				<total>64</total>
				<timestamp>58.142744</timestamp>
			</report>
			<report>
				<misses>389001</misses>
				<total>63</total>
				<timestamp>58.292595</timestamp>
			</report>
			<report>
				<misses>390001</misses>
				<total>64</total>
				<timestamp>58.442438</timestamp>
			</report>
			<report>
				<misses>391001</misses>
				<total>64</total>
				<timestamp>58.592311</timestamp>
			</report>
			<report>
				<misses>392001</misses>
				<total>64</total>
				<timestamp>58.742134</timestamp>
			</report>
			<report>
				<misses>393001</misses>
				<total>64</total>
				<timestamp>58.891985</timestamp>
			</report>
			<report>
				<misses>394001</misses>
				<total>64</total>
				<timestamp>59.041837</timestamp>
			</report>
			<report>
				<misses>395001</misses>
				<total>64</total>
				<timestamp>59.191689</timestamp>
			</report>
			<report>
				<misses>396001</misses>
				<total>64</total>
				<timestamp>59.341523</timestamp>
			</report>
			<report>
				<misses>397001</misses>
				<total>63</total>
				<timestamp>59.491390</timestamp>
			</report>
			<report>
				<misses>398001</misses>
				<total>64</total>
				<timestamp>59.641263</timestamp>
			</report>
			<report>
				<misses>399001</misses>
				<total>64</total>
				<timestamp>59.791117</timestamp>
			</report>
			<report>
				<misses>400001</misses>
				<total>64</total>
				<timestamp>59.940979</timestamp>
			</report>
			<report>
				<misses>401001</misses>
				<total>64</total>
				<timestamp>60.090795</timestamp>
			</report>
			<report>
				<misses>402001</misses>
				<total>64</total>
				<timestamp>60.240632</timestamp>
			</report>
			<report>
				<misses>403001</misses>
				<total>64</total>
				<timestamp>60.390508</timestamp>
			</report>
			<report>
				<misses>404001</misses>
				<total>64</total>
				<timestamp>60.540326</timestamp>
			</report>
			<report>
				<misses>405001</misses>
				<total>64</total>
				<timestamp>60.690204</timestamp>
			</report>
			<report>
				<misses>406001</misses>
				<total>64</total>
				<timestamp>60.840034</timestamp>
			</report>
			<report>
				<misses>407001</misses>
				<total>63</total>
				<timestamp>60.989897</timestamp>
			</report>
			<report>
				<misses>408001</misses>
				<total>64</total>
				<timestamp>61.139723</timestamp>
			</report>
			<report>
				<misses>409001</misses>
				<total>64</total>
				<timestamp>61.289583</timestamp>
			</report>
			<report>
				<misses>410001</misses>
				<total>64</total>
				<timestamp>61.439476</timestamp>
			</report>
			<report>
				<misses>411001</misses>
				<total>64</total>
				<timestamp>61.589316</timestamp>
			</report>
			<report>
				<misses>412001</misses>
				<total>64</total>
				<timestamp>61.739141</timestamp>
			</report>
			<report>
				<misses>413001</misses>
				<total>64</total>
				<timestamp>61.888998</timestamp>
			</report>
			<report>
				<misses>414001</misses>
				<total>64</total>
				<timestamp>62.038858</timestamp>
			</report>
			<report>
				<misses>415001</misses>
				<total>64</total>
				<timestamp>62.188672</timestamp>
			</report>
			<report>
				<misses>416001</misses>
				<total>64</total>
				<timestamp>62.338536</timestamp>
			</report>
			<report>
				<misses>417001</misses>
				<total>64</total>
				<timestamp>62.488370</timestamp>
			</report>
			<report>
				<misses>418001</misses>
				<total>66</total>
				<timestamp>62.638223</timestamp>
			</report>
			<report>
				<misses>419001</misses>
				<total>66</total>
				<timestamp>62.788086</timestamp>
			</report>
			<report>
				<misses>420001</misses>
				<total>66</total>
				<timestamp>62.937974</timestamp>
			</report>
			<report>
				<misses>421001</misses>
				<total>66</total>
				<timestamp>63.087776</timestamp>
			</report>
			<report>
				<misses>422001</misses>
				<total>66</total>
				<timestamp>63.237643</timestamp>
			</report>
			<report>
				<misses>423001</misses>
				<total>66</total>
				<timestamp>63.387474</timestamp>
			</report>
			<report>
				<misses>424001</misses>
				<total>68</total>
				<timestamp>63.537331</timestamp>
			</report>
			<report>
				<misses>425001</misses>
				<total>68</total>
				<timestamp>63.687178</timestamp>
			</report>
			<report>
				<misses>426001</misses>
				<total>68</total>
				<timestamp>63.837052</timestamp>
			</report>
			<report>
				<misses>427001</misses>
				<total>68</total>
				<timestamp>63.986895</timestamp>
			</report>
			<report>
				<misses>428001</misses>
				<total>68</total>
				<timestamp>64.136763</timestamp>
			</report>
			<report>
				<misses>429001</misses>
				<total>68</total>
				<timestamp>64.286586</timestamp>
			</report>
			<report>
				<misses>430001</misses>
				<total>68</total>
				<timestamp>64.436415</timestamp>
			</report>
			<report>
				<misses>431001</misses>
				<total>68</total>
				<timestamp>64.586296</timestamp>
			</report>
			<report>
				<misses>432001</misses>
				<total>68</total>
				<timestamp>64.736151</timestamp>
			</report>
			<report>
				<misses>433001</misses>
				<total>69</total>
				<timestamp>64.886001</timestamp>
			</report>
			<report>
				<misses>434001</misses>
				<total>68</total>
				<timestamp>65.035844</timestamp>
			</report>
			<report>
				<misses>435001</misses>
				<total>68</total>
				<timestamp>65.185671</timestamp>
			</report>
			<report>
				<misses>436001</misses>
				<total>68</total>
				<timestamp>65.335526</timestamp>
			</report>
			<report>
				<misses>437001</misses>
				<total>76</total>
				<timestamp>65.485401</timestamp>
			</report>
			<report>
				<misses>438001</misses>
				<total>77</total>
				<timestamp>65.635284</timestamp>
			</report>
			<report>
				<misses>439001</misses>
				<total>77</total>
				<timestamp>65.785074</timestamp>
			</report>
			<report>
				<misses>440001</misses>
				<total>77</total>
				<timestamp>65.934962</timestamp>
			</report>
			<report>
				<misses>441001</misses>
				<total>77</total>
				<timestamp>66.084842</timestamp>
			</report>
			<report>
				<misses>442001</misses>
				<total>77</total>
				<timestamp>66.234631</timestamp>
			</report>
			<report>
				<misses>443001</misses>
				<total>77</total>
				<timestamp>66.384484</timestamp>
			</report>
			<report>
				<misses>444001</misses>
				<total>77</total>
				<timestamp>66.534344</timestamp>
			</report>
			<report>
				<misses>445001</misses>
				<total>77</total>
				<timestamp>66.684178</timestamp>
			</report>
			<report>
				<misses>446001</misses>
				<total>77</total>
				<timestamp>66.834037</timestamp>
			</report>
			<report>
				<misses>447001</misses>
				<total>77</total>
				<timestamp>66.983895</timestamp>
			</report>
			<report>
				<misses>448001</misses>
				<total>77</total>
				<timestamp>67.133711</timestamp>
			</report>
			<report>
				<misses>449001</misses>
				<total>77</total>
				<timestamp>67.283590</timestamp>
			</report>
			<report>
				<misses>450001</misses>
				<total>77</total>
				<timestamp>67.433435</timestamp>
			</report>
			<report>
				<misses>451001</misses>
				<total>77</total>
				<timestamp>67.583279</timestamp>
			</report>
			<report>
				<misses>452001</misses>
				<total>76</total>
				<timestamp>67.733155</timestamp>
			</report>
			<report>
				<misses>453001</misses>
				<total>77</total>
				<timestamp>67.882983</timestamp>
			</report>
			<report>
				<misses>454001</misses>
				<total>77</total>
				<timestamp>68.032865</timestamp>
			</report>
			<report>
				<misses>455001</misses>
				<total>77</total>
				<timestamp>68.182722</timestamp>
			</report>
			<report>
				<misses>456001</misses>
				<total>77</total>
				<timestamp>68.332552</timestamp>
			</report>
			<report>
				<misses>457001</misses>
				<total>77</total>
				<timestamp>68.482372</timestamp>
			</report>
			<report>
				<misses>458001</misses>
				<total>77</total>
				<timestamp>68.632269</timestamp>
			</report>
			<report>
				<misses>459001</misses>
				<total>77</total>
				<timestamp>68.782083</timestamp>
			</report>
			<report>
				<misses>460001</misses>
				<total>77</total>
				<timestamp>68.931945</timestamp>
			</report>
			<report>
				<misses>461001</misses>
				<total>77</total>
				<timestamp>69.081788</timestamp>
			</report>
			<report>
				<misses>462001</misses>
				<total>77</total>
				<timestamp>69.231636</timestamp>
			</report>
			<report>
				<misses>463001</misses>
				<total>79</total>
				<timestamp>69.381471</timestamp>
			</report>
			<report>
				<misses>464001</misses>
				<total>78</total>
				<timestamp>69.531370</timestamp>
			</report>
			<report>
				<misses>465001</misses>
				<total>79</total>
				<timestamp>69.681185</timestamp>
			</report>
			<report>
				<misses>466001</misses>
				<total>79</total>
				<timestamp>69.831016</timestamp>
			</report>
			<report>
				<misses>467001</misses>
				<total>79</total>
				<timestamp>69.980925</timestamp>
			</report>
			<report>
				<misses>468001</misses>
				<total>79</total>
				<timestamp>70.130726</timestamp>
			</report>
			<report>
				<misses>469001</misses>
				<total>79</total>
				<timestamp>70.280567</timestamp>
			</report>
			<report>
				<misses>470001</misses>
				<total>79</total>
				<timestamp>70.430417</timestamp>
			</report>
			<report>
				<misses>471001</misses>
				<total>79</total>
				<timestamp>70.580312</timestamp>
			</report>
			<report>
				<misses>472001</misses>
				<total>79</total>
				<timestamp>70.730141</timestamp>
			</report>
			<report>
				<misses>473001</misses>
				<total>79</total>
				<timestamp>70.879993</timestamp>
			</report>
			<report>
				<misses>474001</misses>
				<total>79</total>
				<timestamp>71.029872</timestamp>
			</report>
			<report>
				<misses>475001</misses>
				<total>79</total>
				<timestamp>71.179670</timestamp>
			</report>
			<report>
				<misses>476001</misses>
				<total>79</total>
				<timestamp>71.329526</timestamp>
			</report>
			<report>
				<misses>477001</misses>
				<total>79</total>
				<timestamp>71.479389</timestamp>
			</report>
			<report>
				<misses>478001</misses>
				<total>79</total>
				<timestamp>71.629234</timestamp>
			</report>
			<report>
				<misses>479001</misses>
				<total>79</total>
				<timestamp>71.779070</timestamp>
			</report>
			<report>
				<misses>480001</misses>
				<total>79</total>
				<timestamp>71.928981</timestamp>
			</report>
			<report>
				<misses>481001</misses>
				<total>79</total>
				<timestamp>72.078781</timestamp>
			</report>
			<report>
				<misses>482001</misses>
				<total>79</total>
				<timestamp>72.228607</timestamp>
			</report>
			<report>
				<misses>483001</misses>
				<total>79</total>
				<timestamp>72.378469</timestamp>
			</report>
			<report>
				<misses>484001</misses>
				<total>79</total>
				<timestamp>72.528334</timestamp>
			</report>
			<report>
				<misses>485001</misses>
				<total>79</total>
				<timestamp>72.678179</timestamp>
			</report>
			<report>
				<misses>486001</misses>
				<total>79</total>
				<timestamp>72.828066</timestamp>
			</report>
			<report>
				<misses>487001</misses>
				<total>80</total>
				<timestamp>72.977906</timestamp>
			</report>
			<report>
				<misses>488001</misses>
				<total>80</total>
				<timestamp>73.127738</timestamp>
			</report>
			<report>
				<misses>489001</misses>
				<total>80</total>
				<timestamp>73.277569</timestamp>
			</report>
			<report>
				<misses>490001</misses>
				<total>80</total>
				<timestamp>73.427473</timestamp>
			</report>
			<report>
				<misses>491001</misses>
				<total>80</total>
				<timestamp>73.577266</timestamp>
			</report>
			<report>
				<misses>492001</misses>
				<total>80</total>
				<timestamp>73.727151</timestamp>
			</report>
			<report>
				<misses>493001</misses>
				<total>80</total>
				<timestamp>73.877015</timestamp>
			</report>
			<report>
				<misses>494001</misses>
				<total>80</total>
				<timestamp>74.026891</timestamp>
			</report>
			<report>
				<misses>495001</misses>
				<total>80</total>
				<timestamp>74.176690</timestamp>
			</report>
			<report>
				<misses>496001</misses>
				<total>80</total>
				<timestamp>74.326531</timestamp>
			</report>
			<report>
				<misses>497001</misses>
				<total>80</total>
				<timestamp>74.476372</timestamp>
			</report>
			<report>
				<misses>498001</misses>
				<total>80</total>
				<timestamp>74.626254</timestamp>
			</report>
			<report>
				<misses>499001</misses>
				<total>80</total>
				<timestamp>74.776150</timestamp>
			</report>
			<report>
				<misses>500001</misses>
				<total>80</total>
				<timestamp>74.925922</timestamp>
			</report>
			<report>
				<misses>501001</misses>
				<total>80</total>
				<timestamp>75.075787</timestamp>
			</report>
			<report>
				<misses>502001</misses>
				<total>80</total>
				<timestamp>75.225629</timestamp>
			</report>
			<report>
				<misses>503001</misses>
				<total>80</total>
				<timestamp>75.375475</timestamp>
			</report>
			<report>
				<misses>504001</misses>
				<total>80</total>
				<timestamp>75.525326</timestamp>
			</report>
			<report>
				<misses>505001</misses>
				<total>80</total>
				<timestamp>75.675185</timestamp>
			</report>
			<report>
				<misses>506001</misses>
				<total>80</total>
				<timestamp>75.825027</timestamp>
			</report>
			<report>
				<misses>507001</misses>
				<total>80</total>
				<timestamp>75.974903</timestamp>
			</report>
			<report>
				<misses>508001</misses>
				<total>79</total>
				<timestamp>76.124748</timestamp>
			</report>
			<report>
				<misses>509001</misses>
				<total>80</total>
				<timestamp>76.274562</timestamp>
			</report>
			<report>
				<misses>510001</misses>
				<total>80</total>
				<timestamp>76.424459</timestamp>
			</report>
			<report>
				<misses>511001</misses>
				<total>80</total>
				<timestamp>76.574293</timestamp>
			</report>
			<report>
				<misses>512001</misses>
				<total>80</total>
				<timestamp>76.724141</timestamp>
			</report>
			<report>
				<misses>513001</misses>
				<total>80</total>
				<timestamp>76.874012</timestamp>
			</report>
			<report>
				<misses>514001</misses>
				<total>80</total>
				<timestamp>77.023876</timestamp>
			</report>
			<report>
				<misses>515001</misses>
				<total>81</total>
				<timestamp>77.173667</timestamp>
			</report>
			<report>
				<misses>516001</misses>
				<total>80</total>
				<timestamp>77.323527</timestamp>
			</report>
			<report>
				<misses>517001</misses>
				<total>81</total>
				<timestamp>77.473367</timestamp>
			</report>
			<report>
				<misses>518001</misses>
				<total>81</total>
				<timestamp>77.623238</timestamp>
			</report>
			<report>
				<misses>519001</misses>
				<total>81</total>
				<timestamp>77.773082</timestamp>
			</report>
			<report>
				<misses>520001</misses>
				<total>83</total>
				<timestamp>77.922956</timestamp>
			</report>
			<report>
				<misses>521001</misses>
				<total>83</total>
				<timestamp>78.072777</timestamp>
			</report>
			<report>
				<misses>522001</misses>
				<total>83</total>
				<timestamp>78.222624</timestamp>
			</report>
			<report>
				<misses>523001</misses>
				<total>83</total>
				<timestamp>78.372500</timestamp>
			</report>
			<report>
				<misses>524001</misses>
				<total>83</total>
				<timestamp>78.522331</timestamp>
			</report>
			<report>
				<misses>525001</misses>
				<total>83</total>
				<timestamp>78.672192</timestamp>
			</report>
			<report>
				<misses>526001</misses>
				<total>83</total>
				<timestamp>78.822048</timestamp>
			</report>
			<report>
				<misses>527001</misses>
				<total>83</total>
				<timestamp>78.971886</timestamp>
			</report>
			<report>
				<misses>528001</misses>
				<total>83</total>
				<timestamp>79.121737</timestamp>
			</report>
			<report>
				<misses>529001</misses>
				<total>83</total>
				<timestamp>79.271571</timestamp>
			</report>
			<report>
				<misses>530001</misses>
				<total>83</total>
				<timestamp>79.421422</timestamp>
			</report>
			<report>
				<misses>531001</misses>
				<total>83</total>
				<timestamp>79.571273</timestamp>
			</report>
			<report>
				<misses>532001</misses>
				<total>84</total>
				<timestamp>79.721148</timestamp>
			</report>
			<report>
				<misses>533001</misses>
				<total>84</total>
				<timestamp>79.870985</timestamp>
			</report>
			<report>
				<misses>534001</misses>
				<total>84</total>
				<timestamp>80.020830</timestamp>
			</report>
			<report>
				<misses>535001</misses>
				<total>84</total>
				<timestamp>80.170693</timestamp>
			</report>
			<report>
				<misses>536001</misses>
				<total>84</total>
				<timestamp>80.320528</timestamp>
			</report>
			<report>
				<misses>537001</misses>
				<total>84</total>
				<timestamp>80.470441</timestamp>
			</report>
			<report>
				<misses>538001</misses>
				<total>84</total>
				<timestamp>80.620221</timestamp>
			</report>
			<report>
				<misses>539001</misses>
				<total>84</total>
				<timestamp>80.770057</timestamp>
			</report>
			<report>
				<misses>540001</misses>
				<total>84</total>
				<timestamp>80.919962</timestamp>
			</report>
			<report>
				<misses>541001</misses>
				<total>84</total>
				<timestamp>81.069790</timestamp>
			</report>
			<report>
				<misses>542001</misses>
				<total>84</total>
				<timestamp>81.219662</timestamp>
			</report>
			<report>
				<misses>543001</misses>
				<total>84</total>
				<timestamp>81.369478</timestamp>
			</report>
			<report>
				<misses>544001</misses>
				<total>83</total>
				<timestamp>81.519330</timestamp>
			</report>
			<report>
				<misses>545001</misses>
				<total>84</total>
				<timestamp>81.669198</timestamp>
			</report>
			<report>
				<misses>546001</misses>
				<total>83</total>
				<timestamp>81.819035</timestamp>
			</report>
			<report>
				<misses>547001</misses>
				<total>83</total>
				<timestamp>81.968882</timestamp>
			</report>
			<report>
				<misses>548001</misses>
				<total>83</total>
				<timestamp>82.118724</timestamp>
			</report>
			<report>
				<misses>549001</misses>
				<total>84</total>
				<timestamp>82.268576</timestamp>
			</report>
			<report>
				<misses>550001</misses>
				<total>84</total>
				<timestamp>82.418441</timestamp>
			</report>
			<report>
				<misses>551001</misses>
				<total>84</total>
				<timestamp>82.568301</timestamp>
			</report>
			<report>
				<misses>552001</misses>
				<total>84</total>
				<timestamp>82.718133</timestamp>
			</report>
			<report>
				<misses>553001</misses>
				<total>84</total>
				<timestamp>82.867982</timestamp>
			</report>
			<report>
				<misses>554001</misses>
				<total>84</total>
				<timestamp>83.017847</timestamp>
			</report>
			<report>
				<misses>555001</misses>
				<total>84</total>
				<timestamp>83.167685</timestamp>
			</report>
			<report>
				<misses>556001</misses>
				<total>84</total>
				<timestamp>83.317555</timestamp>
			</report>
			<report>
				<misses>557001</misses>
				<total>84</total>
				<timestamp>83.467395</timestamp>
			</report>
			<report>
				<misses>558001</misses>
				<total>84</total>
				<timestamp>83.617244</timestamp>
			</report>
			<report>
				<misses>559001</misses>
				<total>84</total>
				<timestamp>83.767080</timestamp>
			</report>
			<report>
				<misses>560001</misses>
				<total>84</total>
				<timestamp>83.916922</timestamp>
			</report>
			<report>
				<misses>561001</misses>
				<total>84</total>
				<timestamp>84.066803</timestamp>
			</report>
			<report>
				<misses>562001</misses>
				<total>84</total>
				<timestamp>84.216661</timestamp>
			</report>
			<report>
				<misses>563001</misses>
				<total>84</total>
				<timestamp>84.366474</timestamp>
			</report>
			<report>
				<misses>564001</misses>
				<total>84</total>
				<timestamp>84.516323</timestamp>
			</report>
			<report>
				<misses>565001</misses>
				<total>84</total>
				<timestamp>84.666217</timestamp>
			</report>
			<report>
				<misses>566001</misses>
				<total>84</total>
				<timestamp>84.816049</timestamp>
			</report>
			<report>
				<misses>567001</misses>
				<total>83</total>
				<timestamp>84.965898</timestamp>
			</report>
			<report>
				<misses>568001</misses>
				<total>84</total>
				<timestamp>85.115757</timestamp>
			</report>
			<report>
				<misses>569001</misses>
				<total>84</total>
				<timestamp>85.265571</timestamp>
			</report>
			<report>
				<misses>570001</misses>
				<total>84</total>
				<timestamp>85.415438</timestamp>
			</report>
			<report>
				<misses>571001</misses>
				<total>84</total>
				<timestamp>85.565302</timestamp>
			</report>
			<report>
				<misses>572001</misses>
				<total>84</total>
				<timestamp>85.715143</timestamp>
			</report>
			<report>
				<misses>573001</misses>
				<total>84</total>
				<timestamp>85.865000</timestamp>
			</report>
			<report>
				<misses>574001</misses>
				<total>84</total>
				<timestamp>86.014836</timestamp>
			</report>
			<report>
				<misses>575001</misses>
				<total>85</total>
				<timestamp>86.164681</timestamp>
			</report>
			<report>
				<misses>576001</misses>
				<total>85</total>
				<timestamp>86.314537</timestamp>
			</report>
			<report>
				<misses>577001</misses>
				<total>85</total>
				<timestamp>86.464392</timestamp>
			</report>
			<report>
				<misses>578001</misses>
				<total>85</total>
				<timestamp>86.614218</timestamp>
			</report>
			<report>
				<misses>579001</misses>
				<total>85</total>
				<timestamp>86.764071</timestamp>
			</report>
			<report>
				<misses>580001</misses>
				<total>85</total>
				<timestamp>86.913935</timestamp>
			</report>
			<report>
				<misses>581001</misses>
				<total>85</total>
				<timestamp>87.063790</timestamp>
			</report>
			<report>
				<misses>582001</misses>
				<total>85</total>
				<timestamp>87.213621</timestamp>
			</report>
			<report>
				<misses>583001</misses>
				<total>85</total>
				<timestamp>87.363479</timestamp>
			</report>
			<report>
				<misses>584001</misses>
				<total>85</total>
				<timestamp>87.513346</timestamp>
			</report>
			<report>
				<misses>585001</misses>
				<total>85</total>
				<timestamp>87.663173</timestamp>
			</report>
			<report>
				<misses>586001</misses>
				<total>85</total>
				<timestamp>87.813040</timestamp>
			</report>
			<report>
				<misses>587001</misses>
				<total>85</total>
				<timestamp>87.962877</timestamp>
			</report>
			<report>
				<misses>588001</misses>
				<total>85</total>
				<timestamp>88.112758</timestamp>
			</report>
			<report>
				<misses>589001</misses>
				<total>85</total>
				<timestamp>88.262570</timestamp>
			</report>
			<report>
				<misses>590001</misses>
				<total>85</total>
				<timestamp>88.412415</timestamp>
			</report>
			<report>
				<misses>591001</misses>
				<total>85</total>
				<timestamp>88.562312</timestamp>
			</report>
			<report>
				<misses>592001</misses>
				<total>85</total>
				<timestamp>88.712160</timestamp>
			</report>
			<report>
				<misses>593001</misses>
				<total>85</total>
				<timestamp>88.862009</timestamp>
			</report>
			<report>
				<misses>594001</misses>
				<total>85</total>
				<timestamp>89.011845</timestamp>
			</report>
			<report>
				<misses>595001</misses>
				<total>85</total>
				<timestamp>89.161683</timestamp>
			</report>
			<report>
				<misses>596001</misses>
				<total>85</total>
				<timestamp>89.311530</timestamp>
			</report>
			<report>
				<misses>597001</misses>
				<total>89</total>
				<timestamp>89.461393</timestamp>
			</report>
			<report>
				<misses>598001</misses>
				<total>89</total>
				<timestamp>89.611250</timestamp>
			</report>
			<report>
				<misses>599001</misses>
				<total>89</total>
				<timestamp>89.761073</timestamp>
			</report>
			<report>
				<misses>600001</misses>
				<total>89</total>
				<timestamp>89.910925</timestamp>
			</report>
			<report>
				<misses>601001</misses>
				<total>89</total>
				<timestamp>90.060792</timestamp>
			</report>
			<report>
				<misses>602001</misses>
				<total>88</total>
				<timestamp>90.210657</timestamp>
			</report>
			<report>
				<misses>603001</misses>
				<total>89</total>
				<timestamp>90.360481</timestamp>
			</report>
			<report>
				<misses>604001</misses>
				<total>89</total>
				<timestamp>90.510338</timestamp>
			</report>
			<report>
				<misses>605001</misses>
				<total>89</total>
				<timestamp>90.660178</timestamp>
			</report>
			<report>
				<misses>606001</misses>
				<total>89</total>
				<timestamp>90.810040</timestamp>
			</report>
			<report>
				<misses>607001</misses>
				<total>89</total>
				<timestamp>90.959909</timestamp>
			</report>
			<report>
				<misses>608001</misses>
				<total>89</total>
				<timestamp>91.109757</timestamp>
			</report>
			<report>
				<misses>609001</misses>
				<total>89</total>
				<timestamp>91.259570</timestamp>
			</report>
			<report>
				<misses>610001</misses>
				<total>88</total>
				<timestamp>91.409436</timestamp>
			</report>
			<report>
				<misses>611001</misses>
				<total>89</total>
				<timestamp>91.559301</timestamp>
			</report>
			<report>
				<misses>612001</misses>
				<total>88</total>
				<timestamp>91.709144</timestamp>
			</report>
			<report>
				<misses>613001</misses>
				<total>89</total>
				<timestamp>91.858976</timestamp>
			</report>
			<report>
				<misses>614001</misses>
				<total>89</total>
				<timestamp>92.008838</timestamp>
			</report>
			<report>
				<misses>615001</misses>
				<total>89</total>
				<timestamp>92.158703</timestamp>
			</report>
			<report>
				<misses>616001</misses>
				<total>89</total>
				<timestamp>92.308518</timestamp>
			</report>
			<report>
				<misses>617001</misses>
				<total>89</total>
				<timestamp>92.458377</timestamp>
			</report>
			<report>
				<misses>618001</misses>
				<total>89</total>
				<timestamp>92.608215</timestamp>
			</report>
			<report>
				<misses>619001</misses>
				<total>89</total>
				<timestamp>92.758078</timestamp>
			</report>
			<report>
				<misses>620001</misses>
				<total>88</total>
				<timestamp>92.907956</timestamp>
			</report>
			<report>
				<misses>621001</misses>
				<total>88</total>
				<timestamp>93.057793</timestamp>
			</report>
			<report>
				<misses>622001</misses>
				<total>88</total>
				<timestamp>93.207639</timestamp>
			</report>
			<report>
				<misses>623001</misses>
				<total>88</total>
				<timestamp>93.357481</timestamp>
			</report>
			<report>
				<misses>624001</misses>
				<total>89</total>
				<timestamp>93.507309</timestamp>
			</report>
			<report>
				<misses>625001</misses>
				<total>89</total>
				<timestamp>93.657201</timestamp>
			</report>
			<report>
				<misses>626001</misses>
				<total>89</total>
				<timestamp>93.807068</timestamp>
			</report>
			<report>
				<misses>627001</misses>
				<total>89</total>
				<timestamp>93.956919</timestamp>
			</report>
			<report>
				<misses>628001</misses>
				<total>89</total>
				<timestamp>94.106750</timestamp>
			</report>
			<report>
				<misses>629001</misses>
				<total>88</total>
				<timestamp>94.256586</timestamp>
			</report>
			<report>
				<misses>630001</misses>
				<total>89</total>
				<timestamp>94.406427</timestamp>
			</report>
			<report>
				<misses>631001</misses>
				<total>89</total>
				<timestamp>94.556289</timestamp>
			</report>
			<report>
				<misses>632001</misses>
				<total>88</total>
				<timestamp>94.706146</timestamp>
			</report>
			<report>
				<misses>633001</misses>
				<total>89</total>
				<timestamp>94.855980</timestamp>
			</report>
			<report>
				<misses>634001</misses>
				<total>89</total>
				<timestamp>95.005852</timestamp>
			</report>
			<report>
				<misses>635001</misses>
				<total>89</total>
				<timestamp>95.155726</timestamp>
			</report>
			<report>
				<misses>636001</misses>
				<total>89</total>
				<timestamp>95.305524</timestamp>
			</report>
			<report>
				<misses>637001</misses>
				<total>89</total>
				<timestamp>95.455375</timestamp>
			</report>
			<report>
				<misses>638001</misses>
				<total>89</total>
				<timestamp>95.605252</timestamp>
			</report>
			<report>
				<misses>639001</misses>
				<total>89</total>
				<timestamp>95.755134</timestamp>
			</report>
			<report>
				<misses>640001</misses>
				<total>89</total>
				<timestamp>95.904948</timestamp>
			</report>
			<report>
				<misses>641001</misses>
				<total>89</total>
				<timestamp>96.054807</timestamp>
			</report>
			<report>
				<misses>642001</misses>
				<total>89</total>
				<timestamp>96.204645</timestamp>
			</report>
			<report>
				<misses>643001</misses>
				<total>89</total>
				<timestamp>96.354488</timestamp>
			</report>
			<report>
				<misses>644001</misses>
				<total>89</total>
				<timestamp>96.504328</timestamp>
			</report>
			<report>
				<misses>645001</misses>
				<total>89</total>
				<timestamp>96.654191</timestamp>
			</report>
			<report>
				<misses>646001</misses>
				<total>89</total>
				<timestamp>96.804024</timestamp>
			</report>
			<report>
				<misses>647001</misses>
				<total>89</total>
				<timestamp>96.953875</timestamp>
			</report>
			<report>
				<misses>648001</misses>
				<total>89</total>
				<timestamp>97.103743</timestamp>
			</report>
			<report>
				<misses>649001</misses>
				<total>89</total>
				<timestamp>97.253569</timestamp>
			</report>
			<report>
				<misses>650001</misses>
				<total>89</total>
				<timestamp>97.403425</timestamp>
			</report>
			<report>
				<misses>651001</misses>
				<total>89</total>
				<timestamp>97.553307</timestamp>
			</report>
			<report>
				<misses>652001</misses>
				<total>89</total>
				<timestamp>97.703148</timestamp>
			</report>
			<report>
				<misses>653001</misses>
				<total>89</total>
				<timestamp>97.852980</timestamp>
			</report>
			<report>
				<misses>654001</misses>
				<total>89</total>
				<timestamp>98.002851</timestamp>
			</report>
			<report>
				<misses>655001</misses>
				<total>89</total>
				<timestamp>98.152674</timestamp>
			</report>
			<report>
				<misses>656001</misses>
				<total>89</total>
				<timestamp>98.302527</timestamp>
			</report>
			<report>
				<misses>657001</misses>
				<total>89</total>
				<timestamp>98.452401</timestamp>
			</report>
			<report>
				<misses>658001</misses>
				<total>89</total>
				<timestamp>98.602246</timestamp>
			</report>
			<report>
				<misses>659001</misses>
				<total>92</total>
				<timestamp>98.752073</timestamp>
			</report>
			<report>
				<misses>660001</misses>
				<total>92</total>
				<timestamp>98.901947</timestamp>
			</report>
			<report>
				<misses>661001</misses>
				<total>92</total>
				<timestamp>99.051785</timestamp>
			</report>
			<report>
				<misses>662001</misses>
				<total>92</total>
				<timestamp>99.201645</timestamp>
			</report>
			<report>
				<misses>663001</misses>
				<total>92</total>
				<timestamp>99.351470</timestamp>
			</report>
			<report>
				<misses>664001</misses>
				<total>92</total>
				<timestamp>99.501322</timestamp>
			</report>
			<report>
				<misses>665001</misses>
				<total>92</total>
				<timestamp>99.651199</timestamp>
			</report>
			<report>
				<misses>666001</misses>
				<total>92</total>
				<timestamp>99.801030</timestamp>
			</report>
			<report>
				<misses>667001</misses>
				<total>92</total>
				<timestamp>99.950908</timestamp>
			</report>
			<report>
				<misses>668001</misses>
				<total>91</total>
				<timestamp>100.100765</timestamp>
			</report>
			<report>
				<misses>669001</misses>
				<total>92</total>
				<timestamp>100.250582</timestamp>
			</report>
			<report>
				<misses>670001</misses>
				<total>92</total>
				<timestamp>100.400442</timestamp>
			</report>
			<report>
				<misses>671001</misses>
				<total>91</total>
				<timestamp>100.550304</timestamp>
			</report>
			<report>
				<misses>672001</misses>
				<total>92</total>
				<timestamp>100.700132</timestamp>
			</report>
			<report>
				<misses>673001</misses>
				<total>92</total>
				<timestamp>100.849973</timestamp>
			</report>
			<report>
				<misses>674001</misses>
				<total>92</total>
				<timestamp>100.999856</timestamp>
			</report>
			<report>
				<misses>675001</misses>
				<total>92</total>
				<timestamp>101.149710</timestamp>
			</report>
			<report>
				<misses>676001</misses>
				<total>92</total>
				<timestamp>101.299533</timestamp>
			</report>
			<report>
				<misses>677001</misses>
				<total>92</total>
				<timestamp>101.449390</timestamp>
			</report>
			<report>
				<misses>678001</misses>
				<total>92</total>
				<timestamp>101.599249</timestamp>
			</report>
			<report>
				<misses>679001</misses>
				<total>92</total>
				<timestamp>101.749071</timestamp>
			</report>
			<report>
				<misses>680001</misses>
				<total>92</total>
				<timestamp>101.898921</timestamp>
			</report>
			<report>
				<misses>681001</misses>
				<total>92</total>
				<timestamp>102.048795</timestamp>
			</report>
			<report>
				<misses>682001</misses>
				<total>92</total>
				<timestamp>102.198653</timestamp>
			</report>
			<report>
				<misses>683001</misses>
				<total>92</total>
				<timestamp>102.348494</timestamp>
			</report>
			<report>
				<misses>684001</misses>
				<total>92</total>
				<timestamp>102.498357</timestamp>
			</report>
			<report>
				<misses>685001</misses>
				<total>92</total>
				<timestamp>102.648191</timestamp>
			</report>
			<report>
				<misses>686001</misses>
				<total>91</total>
				<timestamp>102.798063</timestamp>
			</report>
			<report>
				<misses>687001</misses>
				<total>92</total>
				<timestamp>102.947890</timestamp>
			</report>
			<report>
				<misses>688001</misses>
				<total>92</total>
				<timestamp>103.097750</timestamp>
			</report>
			<report>
				<misses>689001</misses>
				<total>92</total>
				<timestamp>103.247596</timestamp>
			</report>
			<report>
				<misses>690001</misses>
				<total>92</total>
				<timestamp>103.397433</timestamp>
			</report>
			<report>
				<misses>691001</misses>
				<total>92</total>
				<timestamp>103.547426</timestamp>
			</report>
			<report>
				<misses>692001</misses>
				<total>92</total>
				<timestamp>103.697291</timestamp>
			</report>
			<report>
				<misses>693001</misses>
				<total>92</total>
				<timestamp>103.847144</timestamp>
			</report>
			<report>
				<misses>694001</misses>
				<total>92</total>
				<timestamp>103.997017</timestamp>
			</report>
			<report>
				<misses>695001</misses>
				<total>92</total>
				<timestamp>104.146831</timestamp>
			</report>
			<report>
				<misses>696001</misses>
				<total>92</total>
				<timestamp>104.296716</timestamp>
			</report>
			<report>
				<misses>697001</misses>
				<total>92</total>
				<timestamp>104.446559</timestamp>
			</report>
			<report>
				<misses>698001</misses>
				<total>92</total>
				<timestamp>104.596386</timestamp>
			</report>
			<report>
				<misses>699001</misses>
				<total>92</total>
				<timestamp>104.746238</timestamp>
			</report>
			<report>
				<misses>700001</misses>
				<total>92</total>
				<timestamp>104.896079</timestamp>
			</report>
			<report>
				<misses>701001</misses>
				<total>92</total>
				<timestamp>105.045933</timestamp>
			</report>
			<report>
				<misses>702001</misses>
				<total>92</total>
				<timestamp>105.195790</timestamp>
			</report>
			<report>
				<misses>703001</misses>
				<total>92</total>
				<timestamp>105.345655</timestamp>
			</report>
			<report>
				<misses>704001</misses>
				<total>92</total>
				<timestamp>105.495468</timestamp>
			</report>
			<report>
				<misses>705001</misses>
				<total>92</total>
				<timestamp>105.645351</timestamp>
			</report>
			<report>
				<misses>706001</misses>
				<total>92</total>
				<timestamp>105.795177</timestamp>
			</report>
			<report>
				<misses>707001</misses>
				<total>92</total>
				<timestamp>105.945058</timestamp>
			</report>
			<report>
				<misses>708001</misses>
				<total>92</total>
				<timestamp>106.094880</timestamp>
			</report>
			<report>
				<misses>709001</misses>
				<total>92</total>
				<timestamp>106.244731</timestamp>
			</report>
			<report>
				<misses>710001</misses>
				<total>92</total>
				<timestamp>106.394587</timestamp>
			</report>
			<report>
				<misses>711001</misses>
				<total>92</total>
				<timestamp>106.544427</timestamp>
			</report>
			<report>
				<misses>712001</misses>
				<total>102</total>
				<timestamp>106.694297</timestamp>
			</report>
			<report>
				<misses>713001</misses>
				<total>110</total>
				<timestamp>106.844139</timestamp>
			</report>
			<report>
				<misses>714001</misses>
				<total>110</total>
				<timestamp>106.994009</timestamp>
			</report>
			<report>
				<misses>715001</misses>
				<total>110</total>
				<timestamp>107.143825</timestamp>
			</report>
			<report>
				<misses>716001</misses>
				<total>110</total>
				<timestamp>107.293685</timestamp>
			</report>
			<report>
				<misses>717001</misses>
				<total>109</total>
				<timestamp>107.443577</timestamp>
			</report>
			<report>
				<misses>718001</misses>
				<total>110</total>
				<timestamp>107.593392</timestamp>
			</report>
			<report>
				<misses>719001</misses>
				<total>110</total>
				<timestamp>107.743216</timestamp>
			</report>
			<report>
				<misses>720001</misses>
				<total>110</total>
				<timestamp>107.893122</timestamp>
			</report>
			<report>
				<misses>721001</misses>
				<total>110</total>
				<timestamp>108.042942</timestamp>
			</report>
			<report>
				<misses>722001</misses>
				<total>110</total>
				<timestamp>108.192817</timestamp>
			</report>
			<report>
				<misses>723001</misses>
				<total>110</total>
				<timestamp>108.342648</timestamp>
			</report>
			<report>
				<misses>724001</misses>
				<total>110</total>
				<timestamp>108.492462</timestamp>
			</report>
			<report>
				<misses>725001</misses>
				<total>110</total>
				<timestamp>108.642340</timestamp>
			</report>
			<report>
				<misses>726001</misses>
				<total>114</total>
				<timestamp>108.792169</timestamp>
			</report>
			<report>
				<misses>727001</misses>
				<total>114</total>
				<timestamp>108.942012</timestamp>
			</report>
			<report>
				<misses>728001</misses>
				<total>114</total>
				<timestamp>109.091876</timestamp>
			</report>
			<report>
				<misses>729001</misses>
				<total>114</total>
				<timestamp>109.241733</timestamp>
			</report>
			<report>
				<misses>730001</misses>
				<total>114</total>
				<timestamp>109.391594</timestamp>
			</report>
			<report>
				<misses>731001</misses>
				<total>114</total>
				<timestamp>109.541439</timestamp>
			</report>
			<report>
				<misses>732001</misses>
				<total>113</total>
				<timestamp>109.691295</timestamp>
			</report>
			<report>
				<misses>733001</misses>
				<total>117</total>
				<timestamp>109.841157</timestamp>
			</report>
			<report>
				<misses>734001</misses>
				<total>121</total>
				<timestamp>109.990983</timestamp>
			</report>
			<report>
				<misses>735001</misses>
				<total>121</total>
				<timestamp>110.140833</timestamp>
			</report>
			<report>
				<misses>736001</misses>
				<total>121</total>
				<timestamp>110.290692</timestamp>
			</report>
			<report>
				<misses>737001</misses>
				<total>121</total>
				<timestamp>110.440552</timestamp>
			</report>
			<report>
				<misses>738001</misses>
				<total>121</total>
				<timestamp>110.590386</timestamp>
			</report>
			<report>
				<misses>739001</misses>
				<total>121</total>
				<timestamp>110.740253</timestamp>
			</report>
			<report>
				<misses>740001</misses>
				<total>121</total>
				<timestamp>110.890067</timestamp>
			</report>
			<report>
				<misses>741001</misses>
				<total>121</total>
				<timestamp>111.039924</timestamp>
			</report>
			<report>
				<misses>742001</misses>
				<total>127</total>
				<timestamp>111.189815</timestamp>
			</report>
			<report>
				<misses>743001</misses>
				<total>127</total>
				<timestamp>111.339670</timestamp>
			</report>
			<report>
				<misses>744001</misses>
				<total>127</total>
				<timestamp>111.489470</timestamp>
			</report>
			<report>
				<misses>745001</misses>
				<total>129</total>
				<timestamp>111.639328</timestamp>
			</report>
			<report>
				<misses>746001</misses>
				<total>129</total>
				<timestamp>111.789167</timestamp>
			</report>
			<report>
				<misses>747001</misses>
				<total>129</total>
				<timestamp>111.939023</timestamp>
			</report>
			<report>
				<misses>748001</misses>
				<total>129</total>
				<timestamp>112.088923</timestamp>
			</report>
			<report>
				<misses>749001</misses>
				<total>129</total>
				<timestamp>112.238747</timestamp>
			</report>
			<report>
				<misses>750001</misses>
				<total>129</total>
				<timestamp>112.388586</timestamp>
			</report>
			<report>
				<misses>751001</misses>
				<total>129</total>
				<timestamp>112.538428</timestamp>
			</report>
			<report>
				<misses>752001</misses>
				<total>129</total>
				<timestamp>112.688308</timestamp>
			</report>
			<report>
				<misses>753001</misses>
				<total>129</total>
				<timestamp>112.838170</timestamp>
			</report>
			<report>
				<misses>754001</misses>
				<total>129</total>
				<timestamp>112.987998</timestamp>
			</report>
			<report>
				<misses>755001</misses>
				<total>129</total>
				<timestamp>113.137853</timestamp>
			</report>
			<report>
				<misses>756001</misses>
				<total>129</total>
				<timestamp>113.287697</timestamp>
			</report>
			<report>
				<misses>757001</misses>
				<total>129</total>
				<timestamp>113.437585</timestamp>
			</report>
			<report>
				<misses>758001</misses>
				<total>129</total>
				<timestamp>113.587389</timestamp>
			</report>
			<report>
				<misses>759001</misses>
				<total>129</total>
				<timestamp>113.737223</timestamp>
			</report>
			<report>
				<misses>760001</misses>
				<total>129</total>
				<timestamp>113.887069</timestamp>
			</report>
			<report>
				<misses>761001</misses>
				<total>130</total>
				<timestamp>114.036935</timestamp>
			</report>
			<report>
				<misses>762001</misses>
				<total>130</total>
				<timestamp>114.186779</timestamp>
			</report>
			<report>
				<misses>763001</misses>
				<total>130</total>
				<timestamp>114.336622</timestamp>
			</report>
			<report>
				<misses>764001</misses>
				<total>130</total>
				<timestamp>114.486478</timestamp>
			</report>
			<report>
				<misses>765001</misses>
				<total>130</total>
				<timestamp>114.636314</timestamp>
			</report>
			<report>
				<misses>766001</misses>
				<total>130</total>
				<timestamp>114.786199</timestamp>
			</report>
			<report>
				<misses>767001</misses>
				<total>130</total>
				<timestamp>114.936022</timestamp>
			</report>
			<report>
				<misses>768001</misses>
				<total>130</total>
				<timestamp>115.085883</timestamp>
			</report>
			<report>
				<misses>769001</misses>
				<total>130</total>
				<timestamp>115.235732</timestamp>
			</report>
			<report>
				<misses>770001</misses>
				<total>130</total>
				<timestamp>115.385613</timestamp>
			</report>
			<report>
				<misses>771001</misses>
				<total>130</total>
				<timestamp>115.535412</timestamp>
			</report>
			<report>
				<misses>772001</misses>
				<total>130</total>
				<timestamp>115.685313</timestamp>
			</report>
			<report>
				<misses>773001</misses>
				<total>130</total>
				<timestamp>115.835150</timestamp>
			</report>
			<report>
				<misses>774001</misses>
				<total>130</total>
				<timestamp>115.984969</timestamp>
			</report>
			<report>
				<misses>775001</misses>
				<total>130</total>
				<timestamp>116.134829</timestamp>
			</report>
			<report>
				<misses>776001</misses>
				<total>130</total>
				<timestamp>116.284706</timestamp>
			</report>
			<report>
				<misses>777001</misses>
				<total>130</total>
				<timestamp>116.434546</timestamp>
			</report>
			<report>
				<misses>778001</misses>
				<total>130</total>
				<timestamp>116.584381</timestamp>
			</report>
			<report>
				<misses>779001</misses>
				<total>130</total>
				<timestamp>116.734238</timestamp>
			</report>
			<report>
				<misses>780001</misses>
				<total>130</total>
				<timestamp>116.884093</timestamp>
			</report>
			<report>
				<misses>781001</misses>
				<total>130</total>
				<timestamp>117.033958</timestamp>
			</report>
			<report>
				<misses>782001</misses>
				<total>130</total>
				<timestamp>117.183794</timestamp>
			</report>
			<report>
				<misses>783001</misses>
				<total>130</total>
				<timestamp>117.333638</timestamp>
			</report>
			<report>
				<misses>784001</misses>
				<total>130</total>
				<timestamp>117.483475</timestamp>
			</report>
			<report>
				<misses>785001</misses>
				<total>130</total>
				<timestamp>117.633339</timestamp>
			</report>
			<report>
				<misses>786001</misses>
				<total>130</total>
				<timestamp>117.783182</timestamp>
			</report>
			<report>
				<misses>787001</misses>
				<total>130</total>
				<timestamp>117.933038</timestamp>
			</report>
			<report>
				<misses>788001</misses>
				<total>130</total>
				<timestamp>118.082885</timestamp>
			</report>
			<report>
				<misses>789001</misses>
				<total>130</total>
				<timestamp>118.232756</timestamp>
			</report>
			<report>
				<misses>790001</misses>
				<total>130</total>
				<timestamp>118.382584</timestamp>
			</report>
			<report>
				<misses>791001</misses>
				<total>130</total>
				<timestamp>118.532424</timestamp>
			</report>
			<report>
				<misses>792001</misses>
				<total>130</total>
				<timestamp>118.682290</timestamp>
			</report>
			<report>
				<misses>793001</misses>
				<total>130</total>
				<timestamp>118.832146</timestamp>
			</report>
			<report>
				<misses>794001</misses>
				<total>130</total>
				<timestamp>118.981980</timestamp>
			</report>
			<report>
				<misses>795001</misses>
				<total>130</total>
				<timestamp>119.131841</timestamp>
			</report>
			<report>
				<misses>796001</misses>
				<total>130</total>
				<timestamp>119.281708</timestamp>
			</report>
			<report>
				<misses>797001</misses>
				<total>132</total>
				<timestamp>119.431545</timestamp>
			</report>
			<report>
				<misses>798001</misses>
				<total>132</total>
				<timestamp>119.581380</timestamp>
			</report>
			<report>
				<misses>799001</misses>
				<total>132</total>
				<timestamp>119.731250</timestamp>
			</report>
			<report>
				<misses>800001</misses>
				<total>132</total>
				<timestamp>119.881067</timestamp>
			</report>
			<report>
				<misses>801001</misses>
				<total>132</total>
				<timestamp>120.030964</timestamp>
			</report>
			<report>
				<misses>802001</misses>
				<total>132</total>
				<timestamp>120.180783</timestamp>
			</report>
			<report>
				<misses>803001</misses>
				<total>140</total>
				<timestamp>120.330668</timestamp>
			</report>
			<report>
				<misses>804001</misses>
				<total>140</total>
				<timestamp>120.480508</timestamp>
			</report>
			<report>
				<misses>805001</misses>
				<total>140</total>
				<timestamp>120.630334</timestamp>
			</report>
			<report>
				<misses>806001</misses>
				<total>140</total>
				<timestamp>120.780226</timestamp>
			</report>
			<report>
				<misses>807001</misses>
				<total>140</total>
				<timestamp>120.930031</timestamp>
			</report>
			<report>
				<misses>808001</misses>
				<total>140</total>
				<timestamp>121.079902</timestamp>
			</report>
			<report>
				<misses>809001</misses>
				<total>140</total>
				<timestamp>121.229720</timestamp>
			</report>
			<report>
				<misses>810001</misses>
				<total>139</total>
				<timestamp>121.379602</timestamp>
			</report>
			<report>
				<misses>811001</misses>
				<total>140</total>
				<timestamp>121.529436</timestamp>
			</report>
			<report>
				<misses>812001</misses>
				<total>140</total>
				<timestamp>121.679303</timestamp>
			</report>
			<report>
				<misses>813001</misses>
				<total>140</total>
				<timestamp>121.829155</timestamp>
			</report>
			<report>
				<misses>814001</misses>
				<total>140</total>
				<timestamp>121.978963</timestamp>
			</report>
			<report>
				<misses>815001</misses>
				<total>140</total>
				<timestamp>122.128824</timestamp>
			</report>
			<report>
				<misses>816001</misses>
				<total>140</total>
				<timestamp>122.278688</timestamp>
			</report>
			<report>
				<misses>817001</misses>
				<total>140</total>
				<timestamp>122.428563</timestamp>
			</report>
			<report>
				<misses>818001</misses>
				<total>140</total>
				<timestamp>122.578390</timestamp>
			</report>
			<report>
				<misses>819001</misses>
				<total>140</total>
				<timestamp>122.728223</timestamp>
			</report>
			<report>
				<misses>820001</misses>
				<total>140</total>
				<timestamp>122.878084</timestamp>
			</report>
			<report>
				<misses>821001</misses>
				<total>140</total>
				<timestamp>123.027928</timestamp>
			</report>
			<report>
				<misses>822001</misses>
				<total>140</total>
				<timestamp>123.177779</timestamp>
			</report>
			<report>
				<misses>823001</misses>
				<total>140</total>
				<timestamp>123.327662</timestamp>
			</report>
			<report>
				<misses>824001</misses>
				<total>140</total>
				<timestamp>123.477486</timestamp>
			</report>
			<report>
				<misses>825001</misses>
				<total>141</total>
				<timestamp>123.627331</timestamp>
			</report>
			<report>
				<misses>826001</misses>
				<total>142</total>
				<timestamp>123.777222</timestamp>
			</report>
			<report>
				<misses>827001</misses>
				<total>150</total>
				<timestamp>123.927035</timestamp>
			</report>
			<report>
				<misses>828001</misses>
				<total>150</total>
				<timestamp>124.076896</timestamp>
			</report>
			<report>
				<misses>829001</misses>
				<total>150</total>
				<timestamp>124.226730</timestamp>
			</report>
			<report>
				<misses>830001</misses>
				<total>150</total>
				<timestamp>124.376607</timestamp>
			</report>
			<report>
				<misses>831001</misses>
				<total>150</total>
				<timestamp>124.526435</timestamp>
			</report>
			<report>
				<misses>832001</misses>
				<total>150</total>
				<timestamp>124.676287</timestamp>
			</report>
			<report>
				<misses>833001</misses>
				<total>150</total>
				<timestamp>124.826153</timestamp>
			</report>
			<report>
				<misses>834001</misses>
				<total>150</total>
				<timestamp>124.975982</timestamp>
			</report>
			<report>
				<misses>835001</misses>
				<total>156</total>
				<timestamp>125.125842</timestamp>
			</report>
			<report>
				<misses>836001</misses>
				<total>156</total>
				<timestamp>125.275680</timestamp>
			</report>
			<report>
				<misses>837001</misses>
				<total>155</total>
				<timestamp>125.425567</timestamp>
			</report>
			<report>
				<misses>838001</misses>
				<total>161</total>
				<timestamp>125.575372</timestamp>
			</report>
			<report>
				<misses>839001</misses>
				<total>161</total>
				<timestamp>125.725233</timestamp>
			</report>
			<report>
				<misses>840001</misses>
				<total>161</total>
				<timestamp>125.875075</timestamp>
			</report>
			<report>
				<misses>841001</misses>
				<total>161</total>
				<timestamp>126.024948</timestamp>
			</report>
			<report>
				<misses>842001</misses>
				<total>161</total>
				<timestamp>126.174805</timestamp>
			</report>
			<report>
				<misses>843001</misses>
				<total>161</total>
				<timestamp>126.324674</timestamp>
			</report>
			<report>
				<misses>844001</misses>
				<total>160</total>
				<timestamp>126.474498</timestamp>
			</report>
			<report>
				<misses>845001</misses>
				<total>160</total>
				<timestamp>126.624347</timestamp>
			</report>
			<report>
				<misses>846001</misses>
				<total>161</total>
				<timestamp>126.774216</timestamp>
			</report>
			<report>
				<misses>847001</misses>
				<total>161</total>
				<timestamp>126.924023</timestamp>
			</report>
			<report>
				<misses>848001</misses>
				<total>161</total>
				<timestamp>127.073877</timestamp>
			</report>
			<report>
				<misses>849001</misses>
				<total>161</total>
				<timestamp>127.223762</timestamp>
			</report>
			<report>
				<misses>850001</misses>
				<total>161</total>
				<timestamp>127.373590</timestamp>
			</report>
			<report>
				<misses>851001</misses>
				<total>161</total>
				<timestamp>127.523436</timestamp>
			</report>
			<report>
				<misses>852001</misses>
				<total>161</total>
				<timestamp>127.673312</timestamp>
			</report>
			<report>
				<misses>853001</misses>
				<total>161</total>
				<timestamp>127.823126</timestamp>
			</report>
			<report>
				<misses>854001</misses>
				<total>161</total>
				<timestamp>127.972973</timestamp>
			</report>
			<report>
				<misses>855001</misses>
				<total>161</total>
				<timestamp>128.122861</timestamp>
			</report>
			<report>
				<misses>856001</misses>
				<total>161</total>
				<timestamp>128.272686</timestamp>
			</report>
			<report>
				<misses>857001</misses>
				<total>161</total>
				<timestamp>128.422539</timestamp>
			</report>
			<report>
				<misses>858001</misses>
				<total>161</total>
				<timestamp>128.572365</timestamp>
			</report>
			<report>
				<misses>859001</misses>
				<total>161</total>
				<timestamp>128.722215</timestamp>
			</report>
			<report>
				<misses>860001</misses>
				<total>161</total>
				<timestamp>128.872067</timestamp>
			</report>
			<report>
				<misses>861001</misses>
				<total>161</total>
				<timestamp>129.021925</timestamp>
			</report>
			<report>
				<misses>862001</misses>
				<total>160</total>
				<timestamp>129.171785</timestamp>
			</report>
			<report>
				<misses>863001</misses>
				<total>161</total>
				<timestamp>129.321659</timestamp>
			</report>
			<report>
				<misses>864001</misses>
				<total>163</total>
				<timestamp>129.471503</timestamp>
			</report>
			<report>
				<misses>865001</misses>
				<total>163</total>
				<timestamp>129.621328</timestamp>
			</report>
			<report>
				<misses>866001</misses>
				<total>163</total>
				<timestamp>129.771184</timestamp>
			</report>
			<report>
				<misses>867001</misses>
				<total>163</total>
				<timestamp>129.921018</timestamp>
			</report>
			<report>
				<misses>868001</misses>
				<total>163</total>
				<timestamp>130.070880</timestamp>
			</report>
			<report>
				<misses>869001</misses>
				<total>163</total>
				<timestamp>130.220727</timestamp>
			</report>
			<report>
				<misses>870001</misses>
				<total>163</total>
				<timestamp>130.370595</timestamp>
			</report>
			<report>
				<misses>871001</misses>
				<total>163</total>
				<timestamp>130.520443</timestamp>
			</report>
			<report>
				<misses>872001</misses>
				<total>163</total>
				<timestamp>130.670294</timestamp>
			</report>
			<report>
				<misses>873001</misses>
				<total>163</total>
				<timestamp>130.820179</timestamp>
			</report>
			<report>
				<misses>874001</misses>
				<total>164</total>
				<timestamp>130.970006</timestamp>
			</report>
			<report>
				<misses>875001</misses>
				<total>164</total>
				<timestamp>131.119829</timestamp>
			</report>
			<report>
				<misses>876001</misses>
				<total>164</total>
				<timestamp>131.269694</timestamp>
			</report>
			<report>
				<misses>877001</misses>
				<total>164</total>
				<timestamp>131.419544</timestamp>
			</report>
			<report>
				<misses>878001</misses>
				<total>166</total>
				<timestamp>131.569391</timestamp>
			</report>
			<report>
				<misses>879001</misses>
				<total>173</total>
				<timestamp>131.719225</timestamp>
			</report>
			<report>
				<misses>880001</misses>
				<total>173</total>
				<timestamp>131.869070</timestamp>
			</report>
			<report>
				<misses>881001</misses>
				<total>173</total>
				<timestamp>132.018916</timestamp>
			</report>
			<report>
				<misses>882001</misses>
				<total>173</total>
				<timestamp>132.168759</timestamp>
			</report>
			<report>
				<misses>883001</misses>
				<total>173</total>
				<timestamp>132.318623</timestamp>
			</report>
			<report>
				<misses>884001</misses>
				<total>173</total>
				<timestamp>132.468509</timestamp>
			</report>
			<report>
				<misses>885001</misses>
				<total>173</total>
				<timestamp>132.618316</timestamp>
			</report>
			<report>
				<misses>886001</misses>
				<total>173</total>
				<timestamp>132.768179</timestamp>
			</report>
			<report>
				<misses>887001</misses>
				<total>173</total>
				<timestamp>132.918059</timestamp>
			</report>
			<report>
				<misses>888001</misses>
				<total>173</total>
				<timestamp>133.067900</timestamp>
			</report>
			<report>
				<misses>889001</misses>
				<total>173</total>
				<timestamp>133.217726</timestamp>
			</report>
			<report>
				<misses>890001</misses>
				<total>173</total>
				<timestamp>133.367574</timestamp>
			</report>
			<report>
				<misses>891001</misses>
				<total>172</total>
				<timestamp>133.517463</timestamp>
			</report>
			<report>
				<misses>892001</misses>
				<total>175</total>
				<timestamp>133.667283</timestamp>
			</report>
			<report>
				<misses>893001</misses>
				<total>174</total>
				<timestamp>133.817188</timestamp>
			</report>
			<report>
				<misses>894001</misses>
				<total>175</total>
				<timestamp>133.966977</timestamp>
			</report>
			<report>
				<misses>895001</misses>
				<total>175</total>
				<timestamp>134.116848</timestamp>
			</report>
			<report>
				<misses>896001</misses>
				<total>190</total>
				<timestamp>134.266668</timestamp>
			</report>
			<report>
				<misses>897001</misses>
				<total>190</total>
				<timestamp>134.416540</timestamp>
			</report>
			<report>
				<misses>898001</misses>
				<total>190</total>
				<timestamp>134.566376</timestamp>
			</report>
			<report>
				<misses>899001</misses>
				<total>190</total>
				<timestamp>134.716218</timestamp>
			</report>
			<report>
				<misses>900001</misses>
				<total>190</total>
				<timestamp>134.866093</timestamp>
			</report>
			<report>
				<misses>901001</misses>
				<total>190</total>
				<timestamp>135.015926</timestamp>
			</report>
			<report>
				<misses>902001</misses>
				<total>190</total>
				<timestamp>135.165784</timestamp>
			</report>
			<report>
				<misses>903001</misses>
				<total>190</total>
				<timestamp>135.315672</timestamp>
			</report>
			<report>
				<misses>904001</misses>
				<total>190</total>
				<timestamp>135.465487</timestamp>
			</report>
			<report>
				<misses>905001</misses>
				<total>190</total>
				<timestamp>135.615335</timestamp>
			</report>
			<report>
				<misses>906001</misses>
				<total>190</total>
				<timestamp>135.765178</timestamp>
			</report>
			<report>
				<misses>907001</misses>
				<total>189</total>
				<timestamp>135.915068</timestamp>
			</report>
			<report>
				<misses>908001</misses>
				<total>190</total>
				<timestamp>136.064912</timestamp>
			</report>
			<report>
				<misses>909001</misses>
				<total>190</total>
				<timestamp>136.214733</timestamp>
			</report>
			<report>
				<misses>910001</misses>
				<total>190</total>
				<timestamp>136.364581</timestamp>
			</report>
			<report>
				<misses>911001</misses>
				<total>190</total>
				<timestamp>136.514476</timestamp>
			</report>
			<report>
				<misses>912001</misses>
				<total>190</total>
				<timestamp>136.664284</timestamp>
			</report>
			<report>
				<misses>913001</misses>
				<total>190</total>
				<timestamp>136.814130</timestamp>
			</report>
			<report>
				<misses>914001</misses>
				<total>190</total>
				<timestamp>136.964025</timestamp>
			</report>
			<report>
				<misses>915001</misses>
				<total>190</total>
				<timestamp>137.113867</timestamp>
			</report>
			<report>
				<misses>916001</misses>
				<total>190</total>
				<timestamp>137.263666</timestamp>
			</report>
			<report>
				<misses>917001</misses>
				<total>190</total>
				<timestamp>137.413567</timestamp>
			</report>
			<report>
				<misses>918001</misses>
				<total>190</total>
				<timestamp>137.563417</timestamp>
			</report>
			<report>
				<misses>919001</misses>
				<total>190</total>
				<timestamp>137.713209</timestamp>
			</report>
			<report>
				<misses>920001</misses>
				<total>190</total>
				<timestamp>137.863061</timestamp>
			</report>
			<report>
				<misses>921001</misses>
				<total>190</total>
				<timestamp>138.012925</timestamp>
			</report>
			<report>
				<misses>922001</misses>
				<total>190</total>
				<timestamp>138.162790</timestamp>
			</report>
			<report>
				<misses>923001</misses>
				<total>190</total>
				<timestamp>138.312622</timestamp>
			</report>
			<report>
				<misses>924001</misses>
				<total>190</total>
				<timestamp>138.462489</timestamp>
			</report>
			<report>
				<misses>925001</misses>
				<total>190</total>
				<timestamp>138.612340</timestamp>
			</report>
			<report>
				<misses>926001</misses>
				<total>190</total>
				<timestamp>138.762185</timestamp>
			</report>
			<report>
				<misses>927001</misses>
				<total>190</total>
				<timestamp>138.912016</timestamp>
			</report>
			<report>
				<misses>928001</misses>
				<total>190</total>
				<timestamp>139.061898</timestamp>
			</report>
			<report>
				<misses>929001</misses>
				<total>190</total>
				<timestamp>139.211734</timestamp>
			</report>
			<report>
				<misses>930001</misses>
				<total>190</total>
				<timestamp>139.361603</timestamp>
			</report>
			<report>
				<misses>931001</misses>
				<total>190</total>
				<timestamp>139.511467</timestamp>
			</report>
			<report>
				<misses>932001</misses>
				<total>190</total>
				<timestamp>139.661303</timestamp>
			</report>
			<report>
				<misses>933001</misses>
				<total>190</total>
				<timestamp>139.811151</timestamp>
			</report>
			<report>
				<misses>934001</misses>
				<total>190</total>
				<timestamp>139.960975</timestamp>
			</report>
			<report>
				<misses>935001</misses>
				<total>190</total>
				<timestamp>140.110843</timestamp>
			</report>
			<report>
				<misses>936001</misses>
				<total>190</total>
				<timestamp>140.260690</timestamp>
			</report>
			<report>
				<misses>937001</misses>
				<total>190</total>
				<timestamp>140.410567</timestamp>
			</report>
			<report>
				<misses>938001</misses>
				<total>190</total>
				<timestamp>140.560402</timestamp>
			</report>
			<report>
				<misses>939001</misses>
				<total>190</total>
				<timestamp>140.710225</timestamp>
			</report>
			<report>
				<misses>940001</misses>
				<total>190</total>
				<timestamp>140.860083</timestamp>
			</report>
			<report>
				<misses>941001</misses>
				<total>190</total>
				<timestamp>141.009921</timestamp>
			</report>
			<report>
				<misses>942001</misses>
				<total>190</total>
				<timestamp>141.159777</timestamp>
			</report>
			<report>
				<misses>943001</misses>
				<total>196</total>
				<timestamp>141.309661</timestamp>
			</report>
			<report>
				<misses>944001</misses>
				<total>196</total>
				<timestamp>141.459494</timestamp>
			</report>
			<report>
				<misses>945001</misses>
				<total>196</total>
				<timestamp>141.609338</timestamp>
			</report>
			<report>
				<misses>946001</misses>
				<total>195</total>
				<timestamp>141.759199</timestamp>
			</report>
			<report>
				<misses>947001</misses>
				<total>196</total>
				<timestamp>141.909019</timestamp>
			</report>
			<report>
				<misses>948001</misses>
				<total>195</total>
				<timestamp>142.058895</timestamp>
			</report>
			<report>
				<misses>949001</misses>
				<total>196</total>
				<timestamp>142.208725</timestamp>
			</report>
			<report>
				<misses>950001</misses>
				<total>196</total>
				<timestamp>142.358589</timestamp>
			</report>
			<report>
				<misses>951001</misses>
				<total>196</total>
				<timestamp>142.508456</timestamp>
			</report>
			<report>
				<misses>952001</misses>
				<total>196</total>
				<timestamp>142.658306</timestamp>
			</report>
			<report>
				<misses>953001</misses>
				<total>196</total>
				<timestamp>142.808156</timestamp>
			</report>
			<report>
				<misses>954001</misses>
				<total>196</total>
				<timestamp>142.957988</timestamp>
			</report>
			<report>
				<misses>955001</misses>
				<total>196</total>
				<timestamp>143.107871</timestamp>
			</report>
			<report>
				<misses>956001</misses>
				<total>196</total>
				<timestamp>143.257701</timestamp>
			</report>
			<report>
				<misses>957001</misses>
				<total>196</total>
				<timestamp>143.407554</timestamp>
			</report>
			<report>
				<misses>958001</misses>
				<total>196</total>
				<timestamp>143.557454</timestamp>
			</report>
			<report>
				<misses>959001</misses>
				<total>196</total>
				<timestamp>143.707246</timestamp>
			</report>
			<report>
				<misses>960001</misses>
				<total>196</total>
				<timestamp>143.857081</timestamp>
			</report>
			<report>
				<misses>961001</misses>
				<total>197</total>
				<timestamp>144.006959</timestamp>
			</report>
			<report>
				<misses>962001</misses>
				<total>197</total>
				<timestamp>144.156767</timestamp>
			</report>
			<report>
				<misses>963001</misses>
				<total>197</total>
				<timestamp>144.306632</timestamp>
			</report>
			<report>
				<misses>964001</misses>
				<total>197</total>
				<timestamp>144.456475</timestamp>
			</report>
			<report>
				<misses>965001</misses>
				<total>208</total>
				<timestamp>144.606334</timestamp>
			</report>
			<report>
				<misses>966001</misses>
				<total>213</total>
				<timestamp>144.756194</timestamp>
			</report>
			<report>
				<misses>967001</misses>
				<total>213</total>
				<timestamp>144.906023</timestamp>
			</report>
			<report>
				<misses>968001</misses>
				<total>213</total>
				<timestamp>145.055910</timestamp>
			</report>
			<report>
				<misses>969001</misses>
				<total>213</total>
				<timestamp>145.205744</timestamp>
			</report>
			<report>
				<misses>970001</misses>
				<total>213</total>
				<timestamp>145.355576</timestamp>
			</report>
			<report>
				<misses>971001</misses>
				<total>213</total>
				<timestamp>145.505429</timestamp>
			</report>
			<report>
				<misses>972001</misses>
				<total>213</total>
				<timestamp>145.655278</timestamp>
			</report>
			<report>
				<misses>973001</misses>
				<total>213</total>
				<timestamp>145.805152</timestamp>
			</report>
			<report>
				<misses>974001</misses>
				<total>213</total>
				<timestamp>145.954965</timestamp>
			</report>
			<report>
				<misses>975001</misses>
				<total>213</total>
				<timestamp>146.104833</timestamp>
			</report>
			<report>
				<misses>976001</misses>
				<total>213</total>
				<timestamp>146.254683</timestamp>
			</report>
			<report>
				<misses>977001</misses>
				<total>213</total>
				<timestamp>146.404545</timestamp>
			</report>
			<report>
				<misses>978001</misses>
				<total>213</total>
				<timestamp>146.554369</timestamp>
			</report>
			<report>
				<misses>979001</misses>
				<total>213</total>
				<timestamp>146.704224</timestamp>
			</report>
			<report>
				<misses>980001</misses>
				<total>213</total>
				<timestamp>146.854068</timestamp>
			</report>
			<report>
				<misses>981001</misses>
				<total>213</total>
				<timestamp>147.003934</timestamp>
			</report>
			<report>
				<misses>982001</misses>
				<total>213</total>
				<timestamp>147.153800</timestamp>
			</report>
			<report>
				<misses>983001</misses>
				<total>213</total>
				<timestamp>147.303654</timestamp>
			</report>
			<report>
				<misses>984001</misses>
				<total>213</total>
				<timestamp>147.453487</timestamp>
			</report>
			<report>
				<misses>985001</misses>
				<total>213</total>
				<timestamp>147.603338</timestamp>
			</report>
			<report>
				<misses>986001</misses>
				<total>213</total>
				<timestamp>147.753163</timestamp>
			</report>
			<report>
				<misses>987001</misses>
				<total>213</total>
				<timestamp>147.903044</timestamp>
			</report>
			<report>
				<misses>988001</misses>
				<total>213</total>
				<timestamp>148.052919</timestamp>
			</report>
			<report>
				<misses>989001</misses>
				<total>212</total>
				<timestamp>148.202750</timestamp>
			</report>
			<report>
				<misses>990001</misses>
				<total>213</total>
				<timestamp>148.352564</timestamp>
			</report>
			<report>
				<misses>991001</misses>
				<total>213</total>
				<timestamp>148.502440</timestamp>
			</report>
			<report>
				<misses>992001</misses>
				<total>213</total>
				<timestamp>148.652290</timestamp>
			</report>
			<report>
				<misses>993001</misses>
				<total>213</total>
				<timestamp>148.802138</timestamp>
			</report>
			<report>
				<misses>994001</misses>
				<total>213</total>
				<timestamp>148.951979</timestamp>
			</report>
			<report>
				<misses>995001</misses>
				<total>213</total>
				<timestamp>149.101834</timestamp>
			</report>
			<report>
				<misses>996001</misses>
				<total>213</total>
				<timestamp>149.251683</timestamp>
			</report>
			<report>
				<misses>997001</misses>
				<total>213</total>
				<timestamp>149.401538</timestamp>
			</report>
			<report>
				<misses>998001</misses>
				<total>213</total>
				<timestamp>149.551402</timestamp>
			</report>
			<report>
				<misses>999001</misses>
				<total>213</total>
				<timestamp>149.701244</timestamp>
			</report>
			<report>
				<misses>1000001</misses>
				<total>212</total>
				<timestamp>149.851077</timestamp>
			</report>
			<report>
				<misses>1001001</misses>
				<total>213</total>
				<timestamp>150.000921</timestamp>
			</report>
			<report>
				<misses>1002001</misses>
				<total>217</total>
				<timestamp>150.150769</timestamp>
			</report>
			<report>
				<misses>1003001</misses>
				<total>217</total>
				<timestamp>150.300624</timestamp>
			</report>
			<report>
				<misses>1004001</misses>
				<total>217</total>
				<timestamp>150.450512</timestamp>
			</report>
			<report>
				<misses>1005001</misses>
				<total>217</total>
				<timestamp>150.600325</timestamp>
			</report>
			<report>
				<misses>1006001</misses>
				<total>217</total>
				<timestamp>150.750204</timestamp>
			</report>
			<report>
				<misses>1007001</misses>
				<total>217</total>
				<timestamp>150.900022</timestamp>
			</report>
			<report>
				<misses>1008001</misses>
				<total>217</total>
				<timestamp>151.049879</timestamp>
			</report>
			<report>
				<misses>1009001</misses>
				<total>217</total>
				<timestamp>151.199744</timestamp>
			</report>
			<report>
				<misses>1010001</misses>
				<total>217</total>
				<timestamp>151.349568</timestamp>
			</report>
			<report>
				<misses>1011001</misses>
				<total>217</total>
				<timestamp>151.499432</timestamp>
			</report>
			<report>
				<misses>1012001</misses>
				<total>217</total>
				<timestamp>151.649293</timestamp>
			</report>
			<report>
				<misses>1013001</misses>
				<total>217</total>
				<timestamp>151.799145</timestamp>
			</report>
			<report>
				<misses>1014001</misses>
				<total>217</total>
				<timestamp>151.948973</timestamp>
			</report>
			<report>
				<misses>1015001</misses>
				<total>217</total>
				<timestamp>152.098838</timestamp>
			</report>
			<report>
				<misses>1016001</misses>
				<total>217</total>
				<timestamp>152.248706</timestamp>
			</report>
			<report>
				<misses>1017001</misses>
				<total>217</total>
				<timestamp>152.398520</timestamp>
			</report>
			<report>
				<misses>1018001</misses>
				<total>217</total>
				<timestamp>152.548408</timestamp>
			</report>
			<report>
				<misses>1019001</misses>
				<total>217</total>
				<timestamp>152.698248</timestamp>
			</report>
			<report>
				<misses>1020001</misses>
				<total>217</total>
				<timestamp>152.848079</timestamp>
			</report>
			<report>
				<misses>1021001</misses>
				<total>217</total>
				<timestamp>152.997930</timestamp>
			</report>
			<report>
				<misses>1022001</misses>
				<total>217</total>
				<timestamp>153.147773</timestamp>
			</report>
			<report>
				<misses>1023001</misses>
				<total>217</total>
				<timestamp>153.297624</timestamp>
			</report>
			<report>
				<misses>1024001</misses>
				<total>217</total>
				<timestamp>153.447501</timestamp>
			</report>
			<report>
				<misses>1025001</misses>
				<total>217</total>
				<timestamp>153.597361</timestamp>
			</report>
			<report>
				<misses>1026001</misses>
				<total>217</total>
				<timestamp>153.747180</timestamp>
			</report>
			<report>
				<misses>1027001</misses>
				<total>217</total>
				<timestamp>153.897029</timestamp>
			</report>
			<report>
				<misses>1028001</misses>
				<total>217</total>
				<timestamp>154.046875</timestamp>
			</report>
			<report>
				<misses>1029001</misses>
				<total>217</total>
				<timestamp>154.196749</timestamp>
			</report>
			<report>
				<misses>1030001</misses>
				<total>217</total>
				<timestamp>154.346573</timestamp>
			</report>
			<report>
				<misses>1031001</misses>
				<total>217</total>
				<timestamp>154.496464</timestamp>
			</report>
			<report>
				<misses>1032001</misses>
				<total>218</total>
				<timestamp>154.646332</timestamp>
			</report>
			<report>
				<misses>1033001</misses>
				<total>218</total>
				<timestamp>154.796142</timestamp>
			</report>
			<report>
				<misses>1034001</misses>
				<total>218</total>
				<timestamp>154.945974</timestamp>
			</report>
			<report>
				<misses>1035001</misses>
				<total>218</total>
				<timestamp>155.095829</timestamp>
			</report>
			<report>
				<misses>1036001</misses>
				<total>217</total>
				<timestamp>155.245689</timestamp>
			</report>
			<report>
				<misses>1037001</misses>
				<total>218</total>
				<timestamp>155.395525</timestamp>
			</report>
			<report>
				<misses>1038001</misses>
				<total>217</total>
				<timestamp>155.545425</timestamp>
			</report>
			<report>
				<misses>1039001</misses>
				<total>223</total>
				<timestamp>155.695228</timestamp>
			</report>
			<report>
				<misses>1040001</misses>
				<total>223</total>
				<timestamp>155.845107</timestamp>
			</report>
			<report>
				<misses>1041001</misses>
				<total>224</total>
				<timestamp>155.994926</timestamp>
			</report>
			<report>
				<misses>1042001</misses>
				<total>224</total>
				<timestamp>156.144765</timestamp>
			</report>
			<report>
				<misses>1043001</misses>
				<total>223</total>
				<timestamp>156.294646</timestamp>
			</report>
			<report>
				<misses>1044001</misses>
				<total>224</total>
				<timestamp>156.444512</timestamp>
			</report>
			<report>
				<misses>1045001</misses>
				<total>224</total>
				<timestamp>156.594374</timestamp>
			</report>
			<report>
				<misses>1046001</misses>
				<total>224</total>
				<timestamp>156.744175</timestamp>
			</report>
			<report>
				<misses>1047001</misses>
				<total>224</total>
				<timestamp>156.894035</timestamp>
			</report>
			<report>
				<misses>1048001</misses>
				<total>224</total>
				<timestamp>157.043878</timestamp>
			</report>
			<report>
				<misses>1049001</misses>
				<total>224</total>
				<timestamp>157.193741</timestamp>
			</report>
			<report>
				<misses>1050001</misses>
				<total>224</total>
				<timestamp>157.343624</timestamp>
			</report>
			<report>
				<misses>1051001</misses>
				<total>224</total>
				<timestamp>157.493449</timestamp>
			</report>
			<report>
				<misses>1052001</misses>
				<total>224</total>
				<timestamp>157.643315</timestamp>
			</report>
			<report>
				<misses>1053001</misses>
				<total>224</total>
				<timestamp>157.793136</timestamp>
			</report>
			<report>
				<misses>1054001</misses>
				<total>224</total>
				<timestamp>157.943015</timestamp>
			</report>
			<report>
				<misses>1055001</misses>
				<total>224</total>
				<timestamp>158.092820</timestamp>
			</report>
			<report>
				<misses>1056001</misses>
				<total>224</total>
				<timestamp>158.242663</timestamp>
			</report>
			<report>
				<misses>1057001</misses>
				<total>224</total>
				<timestamp>158.392527</timestamp>
			</report>
			<report>
				<misses>1058001</misses>
				<total>224</total>
				<timestamp>158.542398</timestamp>
			</report>
			<report>
				<misses>1059001</misses>
				<total>224</total>
				<timestamp>158.692251</timestamp>
			</report>
			<report>
				<misses>1060001</misses>
				<total>223</total>
				<timestamp>158.842099</timestamp>
			</report>
			<report>
				<misses>1061001</misses>
				<total>224</total>
				<timestamp>158.991931</timestamp>
			</report>
			<report>
				<misses>1062001</misses>
				<total>224</total>
				<timestamp>159.141775</timestamp>
			</report>
			<report>
				<misses>1063001</misses>
				<total>224</total>
				<timestamp>159.291627</timestamp>
			</report>
			<report>
				<misses>1064001</misses>
				<total>224</total>
				<timestamp>159.441472</timestamp>
			</report>
			<report>
				<misses>1065001</misses>
				<total>224</total>
				<timestamp>159.591332</timestamp>
			</report>
			<report>
				<misses>1066001</misses>
				<total>223</total>
				<timestamp>159.741205</timestamp>
			</report>
			<report>
				<misses>1067001</misses>
				<total>224</total>
				<timestamp>159.891035</timestamp>
			</report>
			<report>
				<misses>1068001</misses>
				<total>224</total>
				<timestamp>160.040863</timestamp>
			</report>
			<report>
				<misses>1069001</misses>
				<total>224</total>
				<timestamp>160.190725</timestamp>
			</report>
			<report>
				<misses>1070001</misses>
				<total>224</total>
				<timestamp>160.340565</timestamp>
			</report>
			<report>
				<misses>1071001</misses>
				<total>224</total>
				<timestamp>160.490437</timestamp>
			</report>
			<report>
				<misses>1072001</misses>
				<total>224</total>
				<timestamp>160.640334</timestamp>
			</report>
			<report>
				<misses>1073001</misses>
				<total>224</total>
				<timestamp>160.790151</timestamp>
			</report>
			<report>
				<misses>1074001</misses>
				<total>224</total>
				<timestamp>160.939979</timestamp>
			</report>
			<report>
				<misses>1075001</misses>
				<total>224</total>
				<timestamp>161.089892</timestamp>
			</report>
			<report>
				<misses>1076001</misses>
				<total>229</total>
				<timestamp>161.239689</timestamp>
			</report>
			<report>
				<misses>1077001</misses>
				<total>229</total>
				<timestamp>161.389516</timestamp>
			</report>
			<report>
				<misses>1078001</misses>
				<total>229</total>
				<timestamp>161.539411</timestamp>
			</report>
			<report>
				<misses>1079001</misses>
				<total>229</total>
				<timestamp>161.689249</timestamp>
			</report>
			<report>
				<misses>1080001</misses>
				<total>229</total>
				<timestamp>161.839111</timestamp>
			</report>
			<report>
				<misses>1081001</misses>
				<total>230</total>
				<timestamp>161.988928</timestamp>
			</report>
			<report>
				<misses>1082001</misses>
				<total>231</total>
				<timestamp>162.138803</timestamp>
			</report>
			<report>
				<misses>1083001</misses>
				<total>231</total>
				<timestamp>162.288672</timestamp>
			</report>
			<report>
				<misses>1084001</misses>
				<total>231</total>
				<timestamp>162.438480</timestamp>
			</report>
			<report>
				<misses>1085001</misses>
				<total>231</total>
				<timestamp>162.588329</timestamp>
			</report>
			<report>
				<misses>1086001</misses>
				<total>231</total>
				<timestamp>162.738193</timestamp>
			</report>
			<report>
				<misses>1087001</misses>
				<total>231</total>
				<timestamp>162.888070</timestamp>
			</report>
			<report>
				<misses>1088001</misses>
				<total>231</total>
				<timestamp>163.037884</timestamp>
			</report>
			<report>
				<misses>1089001</misses>
				<total>231</total>
				<timestamp>163.187745</timestamp>
			</report>
			<report>
				<misses>1090001</misses>
				<total>231</total>
				<timestamp>163.337582</timestamp>
			</report>
			<report>
				<misses>1091001</misses>
				<total>231</total>
				<timestamp>163.487444</timestamp>
			</report>
			<report>
				<misses>1092001</misses>
				<total>231</total>
				<timestamp>163.637329</timestamp>
			</report>
			<report>
				<misses>1093001</misses>
				<total>231</total>
				<timestamp>163.787166</timestamp>
			</report>
			<report>
				<misses>1094001</misses>
				<total>231</total>
				<timestamp>163.936973</timestamp>
			</report>
			<report>
				<misses>1095001</misses>
				<total>231</total>
				<timestamp>164.086836</timestamp>
			</report>
			<report>
				<misses>1096001</misses>
				<total>231</total>
				<timestamp>164.236667</timestamp>
			</report>
			<report>
				<misses>1097001</misses>
				<total>231</total>
				<timestamp>164.386524</timestamp>
			</report>
			<report>
				<misses>1098001</misses>
				<total>231</total>
				<timestamp>164.536408</timestamp>
			</report>
			<report>
				<misses>1099001</misses>
				<total>231</total>
				<timestamp>164.686313</timestamp>
			</report>
			<report>
				<misses>1100001</misses>
				<total>231</total>
				<timestamp>164.836068</timestamp>
			</report>
			<report>
				<misses>1101001</misses>
				<total>231</total>
				<timestamp>164.985926</timestamp>
			</report>
			<report>
				<misses>1102001</misses>
				<total>231</total>
				<timestamp>165.135772</timestamp>
			</report>
			<report>
				<misses>1103001</misses>
				<total>231</total>
				<timestamp>165.285647</timestamp>
			</report>
			<report>
				<misses>1104001</misses>
				<total>231</total>
				<timestamp>165.435467</timestamp>
			</report>
			<report>
				<misses>1105001</misses>
				<total>231</total>
				<timestamp>165.585341</timestamp>
			</report>
			<report>
				<misses>1106001</misses>
				<total>231</total>
				<timestamp>165.735166</timestamp>
			</report>
			<report>
				<misses>1107001</misses>
				<total>231</total>
				<timestamp>165.885020</timestamp>
			</report>
			<report>
				<misses>1108001</misses>
				<total>231</total>
				<timestamp>166.034869</timestamp>
			</report>
			<report>
				<misses>1109001</misses>
				<total>231</total>
				<timestamp>166.184722</timestamp>
			</report>
			<report>
				<misses>1110001</misses>
				<total>231</total>
				<timestamp>166.334616</timestamp>
			</report>
			<report>
				<misses>1111001</misses>
				<total>231</total>
				<timestamp>166.484451</timestamp>
			</report>
			<report>
				<misses>1112001</misses>
				<total>231</total>
				<timestamp>166.634296</timestamp>
			</report>
			<report>
				<misses>1113001</misses>
				<total>231</total>
				<timestamp>166.784133</timestamp>
			</report>
			<report>
				<misses>1114001</misses>
				<total>231</total>
				<timestamp>166.933972</timestamp>
			</report>
			<report>
				<misses>1115001</misses>
				<total>231</total>
				<timestamp>167.083829</timestamp>
			</report>
			<report>
				<misses>1116001</misses>
				<total>231</total>
				<timestamp>167.233693</timestamp>
			</report>
			<report>
				<misses>1117001</misses>
				<total>231</total>
				<timestamp>167.383525</timestamp>
			</report>
			<report>
				<misses>1118001</misses>
				<total>231</total>
				<timestamp>167.533432</timestamp>
			</report>
			<report>
				<misses>1119001</misses>
				<total>231</total>
				<timestamp>167.683319</timestamp>
			</report>
			<report>
				<misses>1120001</misses>
				<total>231</total>
				<timestamp>167.833075</timestamp>
			</report>
			<report>
				<misses>1121001</misses>
				<total>231</total>
				<timestamp>167.982912</timestamp>
			</report>
			<report>
				<misses>1122001</misses>
				<total>232</total>
				<timestamp>168.132778</timestamp>
			</report>
			<report>
				<misses>1123001</misses>
				<total>232</total>
				<timestamp>168.282647</timestamp>
			</report>
			<report>
				<misses>1124001</misses>
				<total>232</total>
				<timestamp>168.432476</timestamp>
			</report>
			<report>
				<misses>1125001</misses>
				<total>232</total>
				<timestamp>168.582329</timestamp>
			</report>
			<report>
				<misses>1126001</misses>
				<total>232</total>
				<timestamp>168.732176</timestamp>
			</report>
			<report>
				<misses>1127001</misses>
				<total>232</total>
				<timestamp>168.882015</timestamp>
			</report>
			<report>
				<misses>1128001</misses>
				<total>232</total>
				<timestamp>169.031862</timestamp>
			</report>
			<report>
				<misses>1129001</misses>
				<total>232</total>
				<timestamp>169.181739</timestamp>
			</report>
			<report>
				<misses>1130001</misses>
				<total>232</total>
				<timestamp>169.331589</timestamp>
			</report>
			<report>
				<misses>1131001</misses>
				<total>232</total>
				<timestamp>169.481464</timestamp>
			</report>
			<report>
				<misses>1132001</misses>
				<total>232</total>
				<timestamp>169.631309</timestamp>
			</report>
			<report>
				<misses>1133001</misses>
				<total>232</total>
				<timestamp>169.781158</timestamp>
			</report>
			<report>
				<misses>1134001</misses>
				<total>232</total>
				<timestamp>169.930963</timestamp>
			</report>
			<report>
				<misses>1135001</misses>
				<total>232</total>
				<timestamp>170.080861</timestamp>
			</report>
			<report>
				<misses>1136001</misses>
				<total>232</total>
				<timestamp>170.230673</timestamp>
			</report>
			<report>
				<misses>1137001</misses>
				<total>232</total>
				<timestamp>170.380524</timestamp>
			</report>
			<report>
				<misses>1138001</misses>
				<total>232</total>
				<timestamp>170.530400</timestamp>
			</report>
			<report>
				<misses>1139001</misses>
				<total>232</total>
				<timestamp>170.680247</timestamp>
			</report>
			<report>
				<misses>1140001</misses>
				<total>232</total>
				<timestamp>170.830063</timestamp>
			</report>
			<report>
				<misses>1141001</misses>
				<total>232</total>
				<timestamp>170.979923</timestamp>
			</report>
			<report>
				<misses>1142001</misses>
				<total>232</total>
				<timestamp>171.129781</timestamp>
			</report>
			<report>
				<misses>1143001</misses>
				<total>232</total>
				<timestamp>171.279655</timestamp>
			</report>
			<report>
				<misses>1144001</misses>
				<total>232</total>
				<timestamp>171.429475</timestamp>
			</report>
			<report>
				<misses>1145001</misses>
				<total>232</total>
				<timestamp>171.579330</timestamp>
			</report>
			<report>
				<misses>1146001</misses>
				<total>232</total>
				<timestamp>171.729189</timestamp>
			</report>
			<report>
				<misses>1147001</misses>
				<total>232</total>
				<timestamp>171.879032</timestamp>
			</report>
			<report>
				<misses>1148001</misses>
				<total>232</total>
				<timestamp>172.028875</timestamp>
			</report>
			<report>
				<misses>1149001</misses>
				<total>232</total>
				<timestamp>172.178728</timestamp>
			</report>
			<report>
				<misses>1150001</misses>
				<total>232</total>
				<timestamp>172.328620</timestamp>
			</report>
			<report>
				<misses>1151001</misses>
				<total>232</total>
				<timestamp>172.478445</timestamp>
			</report>
			<report>
				<misses>1152001</misses>
				<total>232</total>
				<timestamp>172.628277</timestamp>
			</report>
			<report>
				<misses>1153001</misses>
				<total>232</total>
				<timestamp>172.778157</timestamp>
			</report>
			<report>
				<misses>1154001</misses>
				<total>232</total>
				<timestamp>172.927975</timestamp>
			</report>
			<report>
				<misses>1155001</misses>
				<total>232</total>
				<timestamp>173.077832</timestamp>
			</report>
			<report>
				<misses>1156001</misses>
				<total>232</total>
				<timestamp>173.227738</timestamp>
			</report>
			<report>
				<misses>1157001</misses>
				<total>232</total>
				<timestamp>173.377557</timestamp>
			</report>
			<report>
				<misses>1158001</misses>
				<total>232</total>
				<timestamp>173.527384</timestamp>
			</report>
			<report>
				<misses>1159001</misses>
				<total>232</total>
				<timestamp>173.677250</timestamp>
			</report>
			<report>
				<misses>1160001</misses>
				<total>232</total>
				<timestamp>173.827066</timestamp>
			</report>
			<report>
				<misses>1161001</misses>
				<total>232</total>
				<timestamp>173.976916</timestamp>
			</report>
			<report>
				<misses>1162001</misses>
				<total>232</total>
				<timestamp>174.126767</timestamp>
			</report>
			<report>
				<misses>1163001</misses>
				<total>232</total>
				<timestamp>174.276643</timestamp>
			</report>
			<report>
				<misses>1164001</misses>
				<total>232</total>
				<timestamp>174.426469</timestamp>
			</report>
			<report>
				<misses>1165001</misses>
				<total>232</total>
				<timestamp>174.576330</timestamp>
			</report>
			<report>
				<misses>1166001</misses>
				<total>232</total>
				<timestamp>174.726235</timestamp>
			</report>
			<report>
				<misses>1167001</misses>
				<total>232</total>
				<timestamp>174.876020</timestamp>
			</report>
			<report>
				<misses>1168001</misses>
				<total>232</total>
				<timestamp>175.025875</timestamp>
			</report>
			<report>
				<misses>1169001</misses>
				<total>232</total>
				<timestamp>175.175752</timestamp>
			</report>
			<report>
				<misses>1170001</misses>
				<total>232</total>
				<timestamp>175.325591</timestamp>
			</report>
			<report>
				<misses>1171001</misses>
				<total>232</total>
				<timestamp>175.475465</timestamp>
			</report>
			<report>
				<misses>1172001</misses>
				<total>232</total>
				<timestamp>175.625370</timestamp>
			</report>
			<report>
				<misses>1173001</misses>
				<total>232</total>
				<timestamp>175.775157</timestamp>
			</report>
			<report>
				<misses>1174001</misses>
				<total>232</total>
				<timestamp>175.924986</timestamp>
			</report>
			<report>
				<misses>1175001</misses>
				<total>232</total>
				<timestamp>176.074820</timestamp>
			</report>
			<report>
				<misses>1176001</misses>
				<total>232</total>
				<timestamp>176.224689</timestamp>
			</report>
			<report>
				<misses>1177001</misses>
				<total>232</total>
				<timestamp>176.374570</timestamp>
			</report>
			<report>
				<misses>1178001</misses>
				<total>232</total>
				<timestamp>176.524380</timestamp>
			</report>
			<report>
				<misses>1179001</misses>
				<total>232</total>
				<timestamp>176.674264</timestamp>
			</report>
			<report>
				<misses>1180001</misses>
				<total>232</total>
				<timestamp>176.824076</timestamp>
			</report>
			<report>
				<misses>1181001</misses>
				<total>232</total>
				<timestamp>176.973915</timestamp>
			</report>
			<report>
				<misses>1182001</misses>
				<total>231</total>
				<timestamp>177.123798</timestamp>
			</report>
			<report>
				<misses>1183001</misses>
				<total>232</total>
				<timestamp>177.273666</timestamp>
			</report>
			<report>
				<misses>1184001</misses>
				<total>232</total>
				<timestamp>177.423480</timestamp>
			</report>
			<report>
				<misses>1185001</misses>
				<total>232</total>
				<timestamp>177.573356</timestamp>
			</report>
			<report>
				<misses>1186001</misses>
				<total>234</total>
				<timestamp>177.723206</timestamp>
			</report>
			<report>
				<misses>1187001</misses>
				<total>234</total>
				<timestamp>177.873046</timestamp>
			</report>
			<report>
				<misses>1188001</misses>
				<total>237</total>
				<timestamp>178.022868</timestamp>
			</report>
			<report>
				<misses>1189001</misses>
				<total>237</total>
				<timestamp>178.172721</timestamp>
			</report>
			<report>
				<misses>1190001</misses>
				<total>237</total>
				<timestamp>178.322567</timestamp>
			</report>
			<report>
				<misses>1191001</misses>
				<total>237</total>
				<timestamp>178.472419</timestamp>
			</report>
			<report>
				<misses>1192001</misses>
				<total>237</total>
				<timestamp>178.622313</timestamp>
			</report>
			<report>
				<misses>1193001</misses>
				<total>237</total>
				<timestamp>178.772173</timestamp>
			</report>
			<report>
				<misses>1194001</misses>
				<total>237</total>
				<timestamp>178.921973</timestamp>
			</report>
			<report>
				<misses>1195001</misses>
				<total>237</total>
				<timestamp>179.071821</timestamp>
			</report>
			<report>
				<misses>1196001</misses>
				<total>236</total>
				<timestamp>179.221685</timestamp>
			</report>
			<report>
				<misses>1197001</misses>
				<total>237</total>
				<timestamp>179.371554</timestamp>
			</report>
			<report>
				<misses>1198001</misses>
				<total>237</total>
				<timestamp>179.521382</timestamp>
			</report>
			<report>
				<misses>1199001</misses>
				<total>237</total>
				<timestamp>179.671232</timestamp>
			</report>
			<report>
				<misses>1200001</misses>
				<total>237</total>
				<timestamp>179.821067</timestamp>
			</report>
			<report>
				<misses>1201001</misses>
				<total>237</total>
				<timestamp>179.970926</timestamp>
			</report>
			<report>
				<misses>1202001</misses>
				<total>237</total>
				<timestamp>180.120832</timestamp>
			</report>
			<report>
				<misses>1203001</misses>
				<total>236</total>
				<timestamp>180.270631</timestamp>
			</report>
			<report>
				<misses>1204001</misses>
				<total>236</total>
				<timestamp>180.420484</timestamp>
			</report>
			<report>
				<misses>1205001</misses>
				<total>237</total>
				<timestamp>180.570365</timestamp>
			</report>
			<report>
				<misses>1206001</misses>
				<total>237</total>
				<timestamp>180.720221</timestamp>
			</report>
			<report>
				<misses>1207001</misses>
				<total>237</total>
				<timestamp>180.870027</timestamp>
			</report>
			<report>
				<misses>1208001</misses>
				<total>237</total>
				<timestamp>181.019870</timestamp>
			</report>
			<report>
				<misses>1209001</misses>
				<total>237</total>
				<timestamp>181.169717</timestamp>
			</report>
			<report>
				<misses>1210001</misses>
				<total>239</total>
				<timestamp>181.319578</timestamp>
			</report>
			<report>
				<misses>1211001</misses>
				<total>239</total>
				<timestamp>181.469424</timestamp>
			</report>
			<report>
				<misses>1212001</misses>
				<total>239</total>
				<timestamp>181.619309</timestamp>
			</report>
			<report>
				<misses>1213001</misses>
				<total>239</total>
				<timestamp>181.769194</timestamp>
			</report>
			<report>
				<misses>1214001</misses>
				<total>239</total>
				<timestamp>181.918964</timestamp>
			</report>
			<report>
				<misses>1215001</misses>
				<total>238</total>
				<timestamp>182.068833</timestamp>
			</report>
			<report>
				<misses>1216001</misses>
				<total>239</total>
				<timestamp>182.218698</timestamp>
			</report>
			<report>
				<misses>1217001</misses>
				<total>239</total>
				<timestamp>182.368557</timestamp>
			</report>
			<report>
				<misses>1218001</misses>
				<total>239</total>
				<timestamp>182.518410</timestamp>
			</report>
			<report>
				<misses>1219001</misses>
				<total>244</total>
				<timestamp>182.668236</timestamp>
			</report>
			<report>
				<misses>1220001</misses>
				<total>244</total>
				<timestamp>182.818069</timestamp>
			</report>
			<report>
				<misses>1221001</misses>
				<total>244</total>
				<timestamp>182.967941</timestamp>
			</report>
			<report>
				<misses>1222001</misses>
				<total>244</total>
				<timestamp>183.117773</timestamp>
			</report>
			<report>
				<misses>1223001</misses>
				<total>244</total>
				<timestamp>183.267669</timestamp>
			</report>
			<report>
				<misses>1224001</misses>
				<total>244</total>
				<timestamp>183.417507</timestamp>
			</report>
			<report>
				<misses>1225001</misses>
				<total>244</total>
				<timestamp>183.567342</timestamp>
			</report>
			<report>
				<misses>1226001</misses>
				<total>244</total>
				<timestamp>183.717197</timestamp>
			</report>
			<report>
				<misses>1227001</misses>
				<total>244</total>
				<timestamp>183.867016</timestamp>
			</report>
			<report>
				<misses>1228001</misses>
				<total>244</total>
				<timestamp>184.016865</timestamp>
			</report>
			<report>
				<misses>1229001</misses>
				<total>244</total>
				<timestamp>184.166723</timestamp>
			</report>
			<report>
				<misses>1230001</misses>
				<total>244</total>
				<timestamp>184.316593</timestamp>
			</report>
			<report>
				<misses>1231001</misses>
				<total>244</total>
				<timestamp>184.466414</timestamp>
			</report>
			<report>
				<misses>1232001</misses>
				<total>244</total>
				<timestamp>184.616311</timestamp>
			</report>
			<report>
				<misses>1233001</misses>
				<total>244</total>
				<timestamp>184.766174</timestamp>
			</report>
			<report>
				<misses>1234001</misses>
				<total>244</total>
				<timestamp>184.915976</timestamp>
			</report>
			<report>
				<misses>1235001</misses>
				<total>244</total>
				<timestamp>185.065818</timestamp>
			</report>
			<report>
				<misses>1236001</misses>
				<total>244</total>
				<timestamp>185.215673</timestamp>
			</report>
			<report>
				<misses>1237001</misses>
				<total>244</total>
				<timestamp>185.365577</timestamp>
			</report>
			<report>
				<misses>1238001</misses>
				<total>249</total>
				<timestamp>185.515374</timestamp>
			</report>
			<report>
				<misses>1239001</misses>
				<total>249</total>
				<timestamp>185.665263</timestamp>
			</report>
			<report>
				<misses>1240001</misses>
				<total>249</total>
				<timestamp>185.815134</timestamp>
			</report>
			<report>
				<misses>1241001</misses>
				<total>249</total>
				<timestamp>185.964941</timestamp>
			</report>
			<report>
				<misses>1242001</misses>
				<total>249</total>
				<timestamp>186.114802</timestamp>
			</report>
			<report>
				<misses>1243001</misses>
				<total>249</total>
				<timestamp>186.264639</timestamp>
			</report>
			<report>
				<misses>1244001</misses>
				<total>249</total>
				<timestamp>186.414476</timestamp>
			</report>
			<report>
				<misses>1245001</misses>
				<total>249</total>
				<timestamp>186.564329</timestamp>
			</report>
			<report>
				<misses>1246001</misses>
				<total>249</total>
				<timestamp>186.714191</timestamp>
			</report>
			<report>
				<misses>1247001</misses>
				<total>248</total>
				<timestamp>186.864048</timestamp>
			</report>
			<report>
				<misses>1248001</misses>
				<total>249</total>
				<timestamp>187.013927</timestamp>
			</report>
			<report>
				<misses>1249001</misses>
				<total>249</total>
				<timestamp>187.163729</timestamp>
			</report>
			<report>
				<misses>1250001</misses>
				<total>249</total>
				<timestamp>187.313586</timestamp>
			</report>
			<report>
				<misses>1251001</misses>
				<total>249</total>
				<timestamp>187.463423</timestamp>
			</report>
			<report>
				<misses>1252001</misses>
				<total>249</total>
				<timestamp>187.613296</timestamp>
			</report>
			<report>
				<misses>1253001</misses>
				<total>249</total>
				<timestamp>187.763128</timestamp>
			</report>
			<report>
				<misses>1254001</misses>
				<total>249</total>
				<timestamp>187.912979</timestamp>
			</report>
			<report>
				<misses>1255001</misses>
				<total>249</total>
				<timestamp>188.062829</timestamp>
			</report>
			<report>
				<misses>1256001</misses>
				<total>249</total>
				<timestamp>188.212669</timestamp>
			</report>
			<report>
				<misses>1257001</misses>
				<total>250</total>
				<timestamp>188.362514</timestamp>
			</report>
			<report>
				<misses>1258001</misses>
				<total>250</total>
				<timestamp>188.512391</timestamp>
			</report>
			<report>
				<misses>1259001</misses>
				<total>250</total>
				<timestamp>188.662238</timestamp>
			</report>
			<report>
				<misses>1260001</misses>
				<total>250</total>
				<timestamp>188.812078</timestamp>
			</report>
			<report>
				<misses>1261001</misses>
				<total>250</total>
				<timestamp>188.961921</timestamp>
			</report>
			<report>
				<misses>1262001</misses>
				<total>250</total>
				<timestamp>189.111782</timestamp>
			</report>
			<report>
				<misses>1263001</misses>
				<total>250</total>
				<timestamp>189.261623</timestamp>
			</report>
			<report>
				<misses>1264001</misses>
				<total>250</total>
				<timestamp>189.411477</timestamp>
			</report>
			<report>
				<misses>1265001</misses>
				<total>250</total>
				<timestamp>189.561369</timestamp>
			</report>
			<report>
				<misses>1266001</misses>
				<total>250</total>
				<timestamp>189.711191</timestamp>
			</report>
			<report>
				<misses>1267001</misses>
				<total>250</total>
				<timestamp>189.861034</timestamp>
			</report>
			<report>
				<misses>1268001</misses>
				<total>250</total>
				<timestamp>190.010882</timestamp>
			</report>
			<report>
				<misses>1269001</misses>
				<total>250</total>
				<timestamp>190.160728</timestamp>
			</report>
			<report>
				<misses>1270001</misses>
				<total>258</total>
				<timestamp>190.310608</timestamp>
			</report>
			<report>
				<misses>1271001</misses>
				<total>258</total>
				<timestamp>190.460425</timestamp>
			</report>
			<report>
				<misses>1272001</misses>
				<total>258</total>
				<timestamp>190.610304</timestamp>
			</report>
			<report>
				<misses>1273001</misses>
				<total>264</total>
				<timestamp>190.760176</timestamp>
			</report>
			<report>
				<misses>1274001</misses>
				<total>264</total>
				<timestamp>190.909976</timestamp>
			</report>
			<report>
				<misses>1275001</misses>
				<total>267</total>
				<timestamp>191.059837</timestamp>
			</report>
			<report>
				<misses>1276001</misses>
				<total>267</total>
				<timestamp>191.209674</timestamp>
			</report>
			<report>
				<misses>1277001</misses>
				<total>267</total>
				<timestamp>191.359518</timestamp>
			</report>
			<report>
				<misses>1278001</misses>
				<total>267</total>
				<timestamp>191.509376</timestamp>
			</report>
			<report>
				<misses>1279001</misses>
				<total>266</total>
				<timestamp>191.659281</timestamp>
			</report>
			<report>
				<misses>1280001</misses>
				<total>267</total>
				<timestamp>191.809143</timestamp>
			</report>
			<report>
				<misses>1281001</misses>
				<total>273</total>
				<timestamp>191.958915</timestamp>
			</report>
			<report>
				<misses>1282001</misses>
				<total>273</total>
				<timestamp>192.108788</timestamp>
			</report>
			<report>
				<misses>1283001</misses>
				<total>273</total>
				<timestamp>192.258632</timestamp>
			</report>
			<report>
				<misses>1284001</misses>
				<total>273</total>
				<timestamp>192.408462</timestamp>
			</report>
			<report>
				<misses>1285001</misses>
				<total>273</total>
				<timestamp>192.558331</timestamp>
			</report>
			<report>
				<misses>1286001</misses>
				<total>273</total>
				<timestamp>192.708180</timestamp>
			</report>
			<report>
				<misses>1287001</misses>
				<total>273</total>
				<timestamp>192.858033</timestamp>
			</report>
			<report>
				<misses>1288001</misses>
				<total>279</total>
				<timestamp>193.007892</timestamp>
			</report>
			<report>
				<misses>1289001</misses>
				<total>279</total>
				<timestamp>193.157707</timestamp>
			</report>
			<report>
				<misses>1290001</misses>
				<total>279</total>
				<timestamp>193.307580</timestamp>
			</report>
			<report>
				<misses>1291001</misses>
				<total>279</total>
				<timestamp>193.457450</timestamp>
			</report>
			<report>
				<misses>1292001</misses>
				<total>279</total>
				<timestamp>193.607279</timestamp>
			</report>
			<report>
				<misses>1293001</misses>
				<total>279</total>
				<timestamp>193.757130</timestamp>
			</report>
			<report>
				<misses>1294001</misses>
				<total>278</total>
				<timestamp>193.906989</timestamp>
			</report>
			<report>
				<misses>1295001</misses>
				<total>279</total>
				<timestamp>194.056833</timestamp>
			</report>
			<report>
				<misses>1296001</misses>
				<total>279</total>
				<timestamp>194.206670</timestamp>
			</report>
			<report>
				<misses>1297001</misses>
				<total>279</total>
				<timestamp>194.356541</timestamp>
			</report>
			<report>
				<misses>1298001</misses>
				<total>279</total>
				<timestamp>194.506419</timestamp>
			</report>
			<report>
				<misses>1299001</misses>
				<total>279</total>
				<timestamp>194.656210</timestamp>
			</report>
			<report>
				<misses>1300001</misses>
				<total>279</total>
				<timestamp>194.806104</timestamp>
			</report>
			<report>
				<misses>1301001</misses>
				<total>279</total>
				<timestamp>194.955926</timestamp>
			</report>
			<report>
				<misses>1302001</misses>
				<total>278</total>
				<timestamp>195.105797</timestamp>
			</report>
			<report>
				<misses>1303001</misses>
				<total>282</total>
				<timestamp>195.255645</timestamp>
			</report>
			<report>
				<misses>1304001</misses>
				<total>282</total>
				<timestamp>195.405531</timestamp>
			</report>
			<report>
				<misses>1305001</misses>
				<total>282</total>
				<timestamp>195.555314</timestamp>
			</report>
			<report>
				<misses>1306001</misses>
				<total>284</total>
				<timestamp>195.705171</timestamp>
			</report>
			<report>
				<misses>1307001</misses>
				<total>284</total>
				<timestamp>195.855045</timestamp>
			</report>
			<report>
				<misses>1308001</misses>
				<total>284</total>
				<timestamp>196.004898</timestamp>
			</report>
			<report>
				<misses>1309001</misses>
				<total>284</total>
				<timestamp>196.154724</timestamp>
			</report>
			<report>
				<misses>1310001</misses>
				<total>284</total>
				<timestamp>196.304595</timestamp>
			</report>
			<report>
				<misses>1311001</misses>
				<total>284</total>
				<timestamp>196.454477</timestamp>
			</report>
			<report>
				<misses>1312001</misses>
				<total>284</total>
				<timestamp>196.604282</timestamp>
			</report>
			<report>
				<misses>1313001</misses>
				<total>284</total>
				<timestamp>196.754159</timestamp>
			</report>
			<report>
				<misses>1314001</misses>
				<total>284</total>
				<timestamp>196.903980</timestamp>
			</report>
			<report>
				<misses>1315001</misses>
				<total>284</total>
				<timestamp>197.053844</timestamp>
			</report>
			<report>
				<misses>1316001</misses>
				<total>284</total>
				<timestamp>197.203693</timestamp>
			</report>
			<report>
				<misses>1317001</misses>
				<total>284</total>
				<timestamp>197.353578</timestamp>
			</report>
			<report>
				<misses>1318001</misses>
				<total>284</total>
				<timestamp>197.503396</timestamp>
			</report>
			<report>
				<misses>1319001</misses>
				<total>284</total>
				<timestamp>197.653285</timestamp>
			</report>
			<report>
				<misses>1320001</misses>
				<total>284</total>
				<timestamp>197.803105</timestamp>
			</report>
			<report>
				<misses>1321001</misses>
				<total>284</total>
				<timestamp>197.952926</timestamp>
			</report>
			<report>
				<misses>1322001</misses>
				<total>284</total>
				<timestamp>198.102780</timestamp>
			</report>
			<report>
				<misses>1323001</misses>
				<total>284</total>
				<timestamp>198.252644</timestamp>
			</report>
			<report>
				<misses>1324001</misses>
				<total>284</total>
				<timestamp>198.402509</timestamp>
			</report>
			<report>
				<misses>1325001</misses>
				<total>284</total>
				<timestamp>198.552343</timestamp>
			</report>
			<report>
				<misses>1326001</misses>
				<total>284</total>
				<timestamp>198.702202</timestamp>
			</report>
			<report>
				<misses>1327001</misses>
				<total>285</total>
				<timestamp>198.852098</timestamp>
			</report>
			<report>
				<misses>1328001</misses>
				<total>285</total>
				<timestamp>199.001878</timestamp>
			</report>
			<report>
				<misses>1329001</misses>
				<total>285</total>
				<timestamp>199.151738</timestamp>
			</report>
			<report>
				<misses>1330001</misses>
				<total>285</total>
				<timestamp>199.301591</timestamp>
			</report>
			<report>
				<misses>1331001</misses>
				<total>285</total>
				<timestamp>199.451482</timestamp>
			</report>
			<report>
				<misses>1332001</misses>
				<total>285</total>
				<timestamp>199.601332</timestamp>
			</report>
			<report>
				<misses>1333001</misses>
				<total>285</total>
				<timestamp>199.751133</timestamp>
			</report>
			<report>
				<misses>1334001</misses>
				<total>285</total>
				<timestamp>199.900995</timestamp>
			</report>
			<report>
				<misses>1335001</misses>
				<total>285</total>
				<timestamp>200.050839</timestamp>
			</report>
			<report>
				<misses>1336001</misses>
				<total>285</total>
				<timestamp>200.200682</timestamp>
			</report>
			<report>
				<misses>1337001</misses>
				<total>285</total>
				<timestamp>200.350547</timestamp>
			</report>
			<report>
				<misses>1338001</misses>
				<total>285</total>
				<timestamp>200.500386</timestamp>
			</report>
			<report>
				<misses>1339001</misses>
				<total>285</total>
				<timestamp>200.650250</timestamp>
			</report>
			<report>
				<misses>1340001</misses>
				<total>285</total>
				<timestamp>200.800091</timestamp>
			</report>
			<report>
				<misses>1341001</misses>
				<total>285</total>
				<timestamp>200.949933</timestamp>
			</report>
			<report>
				<misses>1342001</misses>
				<total>285</total>
				<timestamp>201.099771</timestamp>
			</report>
			<report>
				<misses>1343001</misses>
				<total>285</total>
				<timestamp>201.249654</timestamp>
			</report>
			<report>
				<misses>1344001</misses>
				<total>285</total>
				<timestamp>201.399505</timestamp>
			</report>
			<report>
				<misses>1345001</misses>
				<total>285</total>
				<timestamp>201.549348</timestamp>
			</report>
			<report>
				<misses>1346001</misses>
				<total>285</total>
				<timestamp>201.699183</timestamp>
			</report>
			<report>
				<misses>1347001</misses>
				<total>285</total>
				<timestamp>201.849050</timestamp>
			</report>
			<report>
				<misses>1348001</misses>
				<total>285</total>
				<timestamp>201.998870</timestamp>
			</report>
			<report>
				<misses>1349001</misses>
				<total>285</total>
				<timestamp>202.148726</timestamp>
			</report>
			<report>
				<misses>1350001</misses>
				<total>285</total>
				<timestamp>202.298631</timestamp>
			</report>
			<report>
				<misses>1351001</misses>
				<total>285</total>
				<timestamp>202.448478</timestamp>
			</report>
			<report>
				<misses>1352001</misses>
				<total>285</total>
				<timestamp>202.598413</timestamp>
			</report>
			<report>
				<misses>1353001</misses>
				<total>284</total>
				<timestamp>202.748287</timestamp>
			</report>
			<report>
				<misses>1354001</misses>
				<total>285</total>
				<timestamp>202.898175</timestamp>
			</report>
			<report>
				<misses>1355001</misses>
				<total>285</total>
				<timestamp>203.048036</timestamp>
			</report>
			<report>
				<misses>1356001</misses>
				<total>285</total>
				<timestamp>203.197837</timestamp>
			</report>
			<report>
				<misses>1357001</misses>
				<total>286</total>
				<timestamp>203.347682</timestamp>
			</report>
			<report>
				<misses>1358001</misses>
				<total>286</total>
				<timestamp>203.497588</timestamp>
			</report>
			<report>
				<misses>1359001</misses>
				<total>286</total>
				<timestamp>203.647389</timestamp>
			</report>
			<report>
				<misses>1360001</misses>
				<total>285</total>
				<timestamp>203.797272</timestamp>
			</report>
			<report>
				<misses>1361001</misses>
				<total>286</total>
				<timestamp>203.947126</timestamp>
			</report>
			<report>
				<misses>1362001</misses>
				<total>286</total>
				<timestamp>204.096924</timestamp>
			</report>
			<report>
				<misses>1363001</misses>
				<total>286</total>
				<timestamp>204.246832</timestamp>
			</report>
			<report>
				<misses>1364001</misses>
				<total>286</total>
				<timestamp>204.396622</timestamp>
			</report>
			<report>
				<misses>1365001</misses>
				<total>286</total>
				<timestamp>204.546513</timestamp>
			</report>
			<report>
				<misses>1366001</misses>
				<total>286</total>
				<timestamp>204.696340</timestamp>
			</report>
			<report>
				<misses>1367001</misses>
				<total>286</total>
				<timestamp>204.846209</timestamp>
			</report>
			<report>
				<misses>1368001</misses>
				<total>286</total>
				<timestamp>204.996033</timestamp>
			</report>
			<report>
				<misses>1369001</misses>
				<total>286</total>
				<timestamp>205.145909</timestamp>
			</report>
			<report>
				<misses>1370001</misses>
				<total>286</total>
				<timestamp>205.295754</timestamp>
			</report>
			<report>
				<misses>1371001</misses>
				<total>286</total>
				<timestamp>205.445590</timestamp>
			</report>
			<report>
				<misses>1372001</misses>
				<total>286</total>
				<timestamp>205.595434</timestamp>
			</report>
			<report>
				<misses>1373001</misses>
				<total>286</total>
				<timestamp>205.745303</timestamp>
			</report>
			<report>
				<misses>1374001</misses>
				<total>286</total>
				<timestamp>205.895171</timestamp>
			</report>
			<report>
				<misses>1375001</misses>
				<total>286</total>
				<timestamp>206.045001</timestamp>
			</report>
			<report>
				<misses>1376001</misses>
				<total>286</total>
				<timestamp>206.194820</timestamp>
			</report>
			<report>
				<misses>1377001</misses>
				<total>286</total>
				<timestamp>206.344673</timestamp>
			</report>
			<report>
				<misses>1378001</misses>
				<total>286</total>
				<timestamp>206.494551</timestamp>
			</report>
			<report>
				<misses>1379001</misses>
				<total>286</total>
				<timestamp>206.644364</timestamp>
			</report>
			<report>
				<misses>1380001</misses>
				<total>286</total>
				<timestamp>206.794234</timestamp>
			</report>
			<report>
				<misses>1381001</misses>
				<total>286</total>
				<timestamp>206.944097</timestamp>
			</report>
			<report>
				<misses>1382001</misses>
				<total>286</total>
				<timestamp>207.093925</timestamp>
			</report>
			<report>
				<misses>1383001</misses>
				<total>286</total>
				<timestamp>207.243764</timestamp>
			</report>
			<report>
				<misses>1384001</misses>
				<total>286</total>
				<timestamp>207.393610</timestamp>
			</report>
			<report>
				<misses>1385001</misses>
				<total>286</total>
				<timestamp>207.543476</timestamp>
			</report>
			<report>
				<misses>1386001</misses>
				<total>286</total>
				<timestamp>207.693331</timestamp>
			</report>
			<report>
				<misses>1387001</misses>
				<total>286</total>
				<timestamp>207.843200</timestamp>
			</report>
			<report>
				<misses>1388001</misses>
				<total>291</total>
				<timestamp>207.993057</timestamp>
			</report>
			<report>
				<misses>1389001</misses>
				<total>291</total>
				<timestamp>208.142882</timestamp>
			</report>
			<report>
				<misses>1390001</misses>
				<total>291</total>
				<timestamp>208.292728</timestamp>
			</report>
			<report>
				<misses>1391001</misses>
				<total>291</total>
				<timestamp>208.442583</timestamp>
			</report>
			<report>
				<misses>1392001</misses>
				<total>291</total>
				<timestamp>208.592427</timestamp>
			</report>
			<report>
				<misses>1393001</misses>
				<total>291</total>
				<timestamp>208.742295</timestamp>
			</report>
			<report>
				<misses>1394001</misses>
				<total>291</total>
				<timestamp>208.892141</timestamp>
			</report>
			<report>
				<misses>1395001</misses>
				<total>294</total>
				<timestamp>209.042000</timestamp>
			</report>
			<report>
				<misses>1396001</misses>
				<total>294</total>
				<timestamp>209.191815</timestamp>
			</report>
			<report>
				<misses>1397001</misses>
				<total>294</total>
				<timestamp>209.341668</timestamp>
			</report>
			<report>
				<misses>1398001</misses>
				<total>294</total>
				<timestamp>209.491527</timestamp>
			</report>
			<report>
				<misses>1399001</misses>
				<total>294</total>
				<timestamp>209.641415</timestamp>
			</report>
			<report>
				<misses>1400001</misses>
				<total>294</total>
				<timestamp>209.791234</timestamp>
			</report>
			<report>
				<misses>1401001</misses>
				<total>294</total>
				<timestamp>209.941086</timestamp>
			</report>
			<report>
				<misses>1402001</misses>
				<total>294</total>
				<timestamp>210.091005</timestamp>
			</report>
			<report>
				<misses>1403001</misses>
				<total>294</total>
				<timestamp>210.240771</timestamp>
			</report>
			<report>
				<misses>1404001</misses>
				<total>294</total>
				<timestamp>210.390629</timestamp>
			</report>
			<report>
				<misses>1405001</misses>
				<total>294</total>
				<timestamp>210.540507</timestamp>
			</report>
			<report>
				<misses>1406001</misses>
				<total>294</total>
				<timestamp>210.690323</timestamp>
			</report>
			<report>
				<misses>1407001</misses>
				<total>294</total>
				<timestamp>210.840203</timestamp>
			</report>
			<report>
				<misses>1408001</misses>
				<total>294</total>
				<timestamp>210.990022</timestamp>
			</report>
			<report>
				<misses>1409001</misses>
				<total>294</total>
				<timestamp>211.139867</timestamp>
			</report>
			<report>
				<misses>1410001</misses>
				<total>294</total>
				<timestamp>211.289706</timestamp>
			</report>
			<report>
				<misses>1411001</misses>
				<total>294</total>
				<timestamp>211.439569</timestamp>
			</report>
			<report>
				<misses>1412001</misses>
				<total>294</total>
				<timestamp>211.589452</timestamp>
			</report>
			<report>
				<misses>1413001</misses>
				<total>294</total>
				<timestamp>211.739265</timestamp>
			</report>
			<report>
				<misses>1414001</misses>
				<total>294</total>
				<timestamp>211.889140</timestamp>
			</report>
			<report>
				<misses>1415001</misses>
				<total>294</total>
				<timestamp>212.039027</timestamp>
			</report>
			<report>
				<misses>1416001</misses>
				<total>294</total>
				<timestamp>212.188839</timestamp>
			</report>
			<report>
				<misses>1417001</misses>
				<total>294</total>
				<timestamp>212.338670</timestamp>
			</report>
			<report>
				<misses>1418001</misses>
				<total>294</total>
				<timestamp>212.488528</timestamp>
			</report>
			<report>
				<misses>1419001</misses>
				<total>294</total>
				<timestamp>212.638381</timestamp>
			</report>
			<report>
				<misses>1420001</misses>
				<total>293</total>
				<timestamp>212.788276</timestamp>
			</report>
			<report>
				<misses>1421001</misses>
				<total>294</total>
				<timestamp>212.938074</timestamp>
			</report>
			<report>
				<misses>1422001</misses>
				<total>294</total>
				<timestamp>213.087946</timestamp>
			</report>
			<report>
				<misses>1423001</misses>
				<total>294</total>
				<timestamp>213.237792</timestamp>
			</report>
			<report>
				<misses>1424001</misses>
				<total>294</total>
				<timestamp>213.387623</timestamp>
			</report>
			<report>
				<misses>1425001</misses>
				<total>294</total>
				<timestamp>213.537470</timestamp>
			</report>
			<report>
				<misses>1426001</misses>
				<total>294</total>
				<timestamp>213.687318</timestamp>
			</report>
			<report>
				<misses>1427001</misses>
				<total>294</total>
				<timestamp>213.837171</timestamp>
			</report>
			<report>
				<misses>1428001</misses>
				<total>294</total>
				<timestamp>213.987043</timestamp>
			</report>
			<report>
				<misses>1429001</misses>
				<total>294</total>
				<timestamp>214.136896</timestamp>
			</report>
			<report>
				<misses>1430001</misses>
				<total>294</total>
				<timestamp>214.286741</timestamp>
			</report>
			<report>
				<misses>1431001</misses>
				<total>294</total>
				<timestamp>214.436572</timestamp>
			</report>
			<report>
				<misses>1432001</misses>
				<total>294</total>
				<timestamp>214.586436</timestamp>
			</report>
			<report>
				<misses>1433001</misses>
				<total>294</total>
				<timestamp>214.736329</timestamp>
			</report>
			<report>
				<misses>1434001</misses>
				<total>294</total>
				<timestamp>214.886148</timestamp>
			</report>
			<report>
				<misses>1435001</misses>
				<total>293</total>
				<timestamp>215.036026</timestamp>
			</report>
			<report>
				<misses>1436001</misses>
				<total>294</total>
				<timestamp>215.185835</timestamp>
			</report>
			<report>
				<misses>1437001</misses>
				<total>294</total>
				<timestamp>215.335694</timestamp>
			</report>
			<report>
				<misses>1438001</misses>
				<total>293</total>
				<timestamp>215.485559</timestamp>
			</report>
			<report>
				<misses>1439001</misses>
				<total>294</total>
				<timestamp>215.635405</timestamp>
			</report>
			<report>
				<misses>1440001</misses>
				<total>294</total>
				<timestamp>215.785265</timestamp>
			</report>
			<report>
				<misses>1441001</misses>
				<total>294</total>
				<timestamp>215.935088</timestamp>
			</report>
			<report>
				<misses>1442001</misses>
				<total>294</total>
				<timestamp>216.084939</timestamp>
			</report>
			<report>
				<misses>1443001</misses>
				<total>293</total>
				<timestamp>216.234790</timestamp>
			</report>
			<report>
				<misses>1444001</misses>
				<total>293</total>
				<timestamp>216.384668</timestamp>
			</report>
			<report>
				<misses>1445001</misses>
				<total>294</total>
				<timestamp>216.534470</timestamp>
			</report>
			<report>
				<misses>1446001</misses>
				<total>294</total>
				<timestamp>216.684327</timestamp>
			</report>
			<report>
				<misses>1447001</misses>
				<total>294</total>
				<timestamp>216.834239</timestamp>
			</report>
			<report>
				<misses>1448001</misses>
				<total>294</total>
				<timestamp>216.984032</timestamp>
			</report>
			<report>
				<misses>1449001</misses>
				<total>294</total>
				<timestamp>217.133904</timestamp>
			</report>
			<report>
				<misses>1450001</misses>
				<total>294</total>
				<timestamp>217.283715</timestamp>
			</report>
			<report>
				<misses>1451001</misses>
				<total>293</total>
				<timestamp>217.433595</timestamp>
			</report>
			<report>
				<misses>1452001</misses>
				<total>294</total>
				<timestamp>217.583460</timestamp>
			</report>
			<report>
				<misses>1453001</misses>
				<total>294</total>
				<timestamp>217.733290</timestamp>
			</report>
			<report>
				<misses>1454001</misses>
				<total>294</total>
				<timestamp>217.883160</timestamp>
			</report>
			<report>
				<misses>1455001</misses>
				<total>294</total>
				<timestamp>218.032974</timestamp>
			</report>
			<report>
				<misses>1456001</misses>
				<total>294</total>
				<timestamp>218.182832</timestamp>
			</report>
			<report>
				<misses>1457001</misses>
				<total>294</total>
				<timestamp>218.332683</timestamp>
			</report>
			<report>
				<misses>1458001</misses>
				<total>294</total>
				<timestamp>218.482526</timestamp>
			</report>
			<report>
				<misses>1459001</misses>
				<total>294</total>
				<timestamp>218.632398</timestamp>
			</report>
			<report>
				<misses>1460001</misses>
				<total>294</total>
				<timestamp>218.782243</timestamp>
			</report>
			<report>
				<misses>1461001</misses>
				<total>294</total>
				<timestamp>218.932089</timestamp>
			</report>
			<report>
				<misses>1462001</misses>
				<total>294</total>
				<timestamp>219.081981</timestamp>
			</report>
			<report>
				<misses>1463001</misses>
				<total>294</total>
				<timestamp>219.231807</timestamp>
			</report>
			<report>
				<misses>1464001</misses>
				<total>294</total>
				<timestamp>219.381628</timestamp>
			</report>
			<report>
				<misses>1465001</misses>
				<total>297</total>
				<timestamp>219.531477</timestamp>
			</report>
			<report>
				<misses>1466001</misses>
				<total>297</total>
				<timestamp>219.681364</timestamp>
			</report>
			<report>
				<misses>1467001</misses>
				<total>297</total>
				<timestamp>219.831203</timestamp>
			</report>
			<report>
				<misses>1468001</misses>
				<total>297</total>
				<timestamp>219.981049</timestamp>
			</report>
			<report>
				<misses>1469001</misses>
				<total>296</total>
				<timestamp>220.130900</timestamp>
			</report>
			<report>
				<misses>1470001</misses>
				<total>297</total>
				<timestamp>220.280730</timestamp>
			</report>
			<report>
				<misses>1471001</misses>
				<total>297</total>
				<timestamp>220.430584</timestamp>
			</report>
			<report>
				<misses>1472001</misses>
				<total>296</total>
				<timestamp>220.580431</timestamp>
			</report>
			<report>
				<misses>1473001</misses>
				<total>297</total>
				<timestamp>220.730290</timestamp>
			</report>
			<report>
				<misses>1474001</misses>
				<total>297</total>
				<timestamp>220.880149</timestamp>
			</report>
			<report>
				<misses>1475001</misses>
				<total>297</total>
				<timestamp>221.029993</timestamp>
			</report>
			<report>
				<misses>1476001</misses>
				<total>297</total>
				<timestamp>221.179840</timestamp>
			</report>
			<report>
				<misses>1477001</misses>
				<total>297</total>
				<timestamp>221.329678</timestamp>
			</report>
			<report>
				<misses>1478001</misses>
				<total>297</total>
				<timestamp>221.479520</timestamp>
			</report>
			<report>
				<misses>1479001</misses>
				<total>297</total>
				<timestamp>221.629387</timestamp>
			</report>
			<report>
				<misses>1480001</misses>
				<total>297</total>
				<timestamp>221.779240</timestamp>
			</report>
			<report>
				<misses>1481001</misses>
				<total>297</total>
				<timestamp>221.929094</timestamp>
			</report>
			<report>
				<misses>1482001</misses>
				<total>297</total>
				<timestamp>222.078974</timestamp>
			</report>
			<report>
				<misses>1483001</misses>
				<total>297</total>
				<timestamp>222.228777</timestamp>
			</report>
			<report>
				<misses>1484001</misses>
				<total>297</total>
				<timestamp>222.378629</timestamp>
			</report>
			<report>
				<misses>1485001</misses>
				<total>297</total>
				<timestamp>222.528496</timestamp>
			</report>
			<report>
				<misses>1486001</misses>
				<total>297</total>
				<timestamp>222.678330</timestamp>
			</report>
			<report>
				<misses>1487001</misses>
				<total>297</total>
				<timestamp>222.828189</timestamp>
			</report>
			<report>
				<misses>1488001</misses>
				<total>297</total>
				<timestamp>222.978027</timestamp>
			</report>
			<report>
				<misses>1489001</misses>
				<total>297</total>
				<timestamp>223.127923</timestamp>
			</report>
			<report>
				<misses>1490001</misses>
				<total>297</total>
				<timestamp>223.277723</timestamp>
			</report>
			<report>
				<misses>1491001</misses>
				<total>297</total>
				<timestamp>223.427584</timestamp>
			</report>
			<report>
				<misses>1492001</misses>
				<total>297</total>
				<timestamp>223.577426</timestamp>
			</report>
			<report>
				<misses>1493001</misses>
				<total>297</total>
				<timestamp>223.727287</timestamp>
			</report>
			<report>
				<misses>1494001</misses>
				<total>297</total>
				<timestamp>223.877128</timestamp>
			</report>
			<report>
				<misses>1495001</misses>
				<total>297</total>
				<timestamp>224.027010</timestamp>
			</report>
			<report>
				<misses>1496001</misses>
				<total>297</total>
				<timestamp>224.176833</timestamp>
			</report>
			<report>
				<misses>1497001</misses>
				<total>297</total>
				<timestamp>224.326680</timestamp>
			</report>
			<report>
				<misses>1498001</misses>
				<total>297</total>
				<timestamp>224.476532</timestamp>
			</report>
			<report>
				<misses>1499001</misses>
				<total>297</total>
				<timestamp>224.626407</timestamp>
			</report>
			<report>
				<misses>1500001</misses>
				<total>297</total>
				<timestamp>224.776248</timestamp>
			</report>
			<report>
				<misses>1501001</misses>
				<total>297</total>
				<timestamp>224.926071</timestamp>
			</report>
			<report>
				<misses>1502001</misses>
				<total>297</total>
				<timestamp>225.075992</timestamp>
			</report>
			<report>
				<misses>1503001</misses>
				<total>297</total>
				<timestamp>225.225796</timestamp>
			</report>
			<report>
				<misses>1504001</misses>
				<total>297</total>
				<timestamp>225.375630</timestamp>
			</report>
			<report>
				<misses>1505001</misses>
				<total>297</total>
				<timestamp>225.525469</timestamp>
			</report>
			<report>
				<misses>1506001</misses>
				<total>297</total>
				<timestamp>225.675361</timestamp>
			</report>
			<report>
				<misses>1507001</misses>
				<total>297</total>
				<timestamp>225.825196</timestamp>
			</report>
			<report>
				<misses>1508001</misses>
				<total>297</total>
				<timestamp>225.975076</timestamp>
			</report>
			<report>
				<misses>1509001</misses>
				<total>311</total>
				<timestamp>226.124954</timestamp>
			</report>
			<report>
				<misses>1510001</misses>
				<total>311</total>
				<timestamp>226.274753</timestamp>
			</report>
			<report>
				<misses>1511001</misses>
				<total>311</total>
				<timestamp>226.424571</timestamp>
			</report>
			<report>
				<misses>1512001</misses>
				<total>311</total>
				<timestamp>226.574422</timestamp>
			</report>
			<report>
				<misses>1513001</misses>
				<total>311</total>
				<timestamp>226.724318</timestamp>
			</report>
			<report>
				<misses>1514001</misses>
				<total>311</total>
				<timestamp>226.874135</timestamp>
			</report>
			<report>
				<misses>1515001</misses>
				<total>311</total>
				<timestamp>227.023990</timestamp>
			</report>
			<report>
				<misses>1516001</misses>
				<total>311</total>
				<timestamp>227.173840</timestamp>
			</report>
			<report>
				<misses>1517001</misses>
				<total>311</total>
				<timestamp>227.323690</timestamp>
			</report>
			<report>
				<misses>1518001</misses>
				<total>311</total>
				<timestamp>227.473544</timestamp>
			</report>
			<report>
				<misses>1519001</misses>
				<total>311</total>
				<timestamp>227.623370</timestamp>
			</report>
			<report>
				<misses>1520001</misses>
				<total>311</total>
				<timestamp>227.773261</timestamp>
			</report>
			<report>
				<misses>1521001</misses>
				<total>311</total>
				<timestamp>227.923077</timestamp>
			</report>
			<report>
				<misses>1522001</misses>
				<total>311</total>
				<timestamp>228.072928</timestamp>
			</report>
			<report>
				<misses>1523001</misses>
				<total>311</total>
				<timestamp>228.222778</timestamp>
			</report>
			<report>
				<misses>1524001</misses>
				<total>311</total>
				<timestamp>228.372641</timestamp>
			</report>
			<report>
				<misses>1525001</misses>
				<total>311</total>
				<timestamp>228.522481</timestamp>
			</report>
			<report>
				<misses>1526001</misses>
				<total>311</total>
				<timestamp>228.672327</timestamp>
			</report>
			<report>
				<misses>1527001</misses>
				<total>311</total>
				<timestamp>228.822197</timestamp>
			</report>
			<report>
				<misses>1528001</misses>
				<total>311</total>
				<timestamp>228.972061</timestamp>
			</report>
			<report>
				<misses>1529001</misses>
				<total>311</total>
				<timestamp>229.121917</timestamp>
			</report>
			<report>
				<misses>1530001</misses>
				<total>311</total>
				<timestamp>229.271749</timestamp>
			</report>
			<report>
				<misses>1531001</misses>
				<total>311</total>
				<timestamp>229.421581</timestamp>
			</report>
			<report>
				<misses>1532001</misses>
				<total>311</total>
				<timestamp>229.571422</timestamp>
			</report>
			<report>
				<misses>1533001</misses>
				<total>311</total>
				<timestamp>229.721393</timestamp>
			</report>
			<report>
				<misses>1534001</misses>
				<total>311</total>
				<timestamp>229.871136</timestamp>
			</report>
			<report>
				<misses>1535001</misses>
				<total>311</total>
				<timestamp>230.021041</timestamp>
			</report>
			<report>
				<misses>1536001</misses>
				<total>311</total>
				<timestamp>230.170871</timestamp>
			</report>
			<report>
				<misses>1537001</misses>
				<total>311</total>
				<timestamp>230.320680</timestamp>
			</report>
			<report>
				<misses>1538001</misses>
				<total>311</total>
				<timestamp>230.470533</timestamp>
			</report>
			<report>
				<misses>1539001</misses>
				<total>311</total>
				<timestamp>230.620405</timestamp>
			</report>
			<report>
				<misses>1540001</misses>
				<total>311</total>
				<timestamp>230.770230</timestamp>
			</report>
			<report>
				<misses>1541001</misses>
				<total>311</total>
				<timestamp>230.920076</timestamp>
			</report>
			<report>
				<misses>1542001</misses>
				<total>310</total>
				<timestamp>231.069929</timestamp>
			</report>
			<report>
				<misses>1543001</misses>
				<total>313</total>
				<timestamp>231.219899</timestamp>
			</report>
			<report>
				<misses>1544001</misses>
				<total>313</total>
				<timestamp>231.369780</timestamp>
			</report>
			<report>
				<misses>1545001</misses>
				<total>313</total>
				<timestamp>231.519621</timestamp>
			</report>
			<report>
				<misses>1546001</misses>
				<total>313</total>
				<timestamp>231.669473</timestamp>
			</report>
			<report>
				<misses>1547001</misses>
				<total>313</total>
				<timestamp>231.819309</timestamp>
			</report>
			<report>
				<misses>1548001</misses>
				<total>313</total>
				<timestamp>231.969184</timestamp>
			</report>
			<report>
				<misses>1549001</misses>
				<total>313</total>
				<timestamp>232.119040</timestamp>
			</report>
			<report>
				<misses>1550001</misses>
				<total>313</total>
				<timestamp>232.268899</timestamp>
			</report>
			<report>
				<misses>1551001</misses>
				<total>313</total>
				<timestamp>232.418741</timestamp>
			</report>
			<report>
				<misses>1552001</misses>
				<total>313</total>
				<timestamp>232.568592</timestamp>
			</report>
			<report>
				<misses>1553001</misses>
				<total>313</total>
				<timestamp>232.718462</timestamp>
			</report>
			<report>
				<misses>1554001</misses>
				<total>313</total>
				<timestamp>232.868326</timestamp>
			</report>
			<report>
				<misses>1555001</misses>
				<total>313</total>
				<timestamp>233.018141</timestamp>
			</report>
			<report>
				<misses>1556001</misses>
				<total>313</total>
				<timestamp>233.167995</timestamp>
			</report>
			<report>
				<misses>1557001</misses>
				<total>313</total>
				<timestamp>233.317847</timestamp>
			</report>
			<report>
				<misses>1558001</misses>
				<total>313</total>
				<timestamp>233.467673</timestamp>
			</report>
			<report>
				<misses>1559001</misses>
				<total>316</total>
				<timestamp>233.617526</timestamp>
			</report>
			<report>
				<misses>1560001</misses>
				<total>316</total>
				<timestamp>233.767381</timestamp>
			</report>
			<report>
				<misses>1561001</misses>
				<total>317</total>
				<timestamp>233.917228</timestamp>
			</report>
			<report>
				<misses>1562001</misses>
				<total>321</total>
				<timestamp>234.067074</timestamp>
			</report>
			<report>
				<misses>1563001</misses>
				<total>321</total>
				<timestamp>234.216932</timestamp>
			</report>
			<report>
				<misses>1564001</misses>
				<total>320</total>
				<timestamp>234.366790</timestamp>
			</report>
			<report>
				<misses>1565001</misses>
				<total>320</total>
				<timestamp>234.516626</timestamp>
			</report>
			<report>
				<misses>1566001</misses>
				<total>321</total>
				<timestamp>234.666484</timestamp>
			</report>
			<report>
				<misses>1567001</misses>
				<total>321</total>
				<timestamp>234.816355</timestamp>
			</report>
			<report>
				<misses>1568001</misses>
				<total>321</total>
				<timestamp>234.966171</timestamp>
			</report>
			<report>
				<misses>1569001</misses>
				<total>321</total>
				<timestamp>235.116058</timestamp>
			</report>
			<report>
				<misses>1570001</misses>
				<total>321</total>
				<timestamp>235.265891</timestamp>
			</report>
			<report>
				<misses>1571001</misses>
				<total>321</total>
				<timestamp>235.415735</timestamp>
			</report>
			<report>
				<misses>1572001</misses>
				<total>323</total>
				<timestamp>235.565568</timestamp>
			</report>
			<report>
				<misses>1573001</misses>
				<total>323</total>
				<timestamp>235.715424</timestamp>
			</report>
			<report>
				<misses>1574001</misses>
				<total>323</total>
				<timestamp>235.865311</timestamp>
			</report>
			<report>
				<misses>1575001</misses>
				<total>323</total>
				<timestamp>236.015136</timestamp>
			</report>
			<report>
				<misses>1576001</misses>
				<total>323</total>
				<timestamp>236.164991</timestamp>
			</report>
			<report>
				<misses>1577001</misses>
				<total>323</total>
				<timestamp>236.314881</timestamp>
			</report>
			<report>
				<misses>1578001</misses>
				<total>323</total>
				<timestamp>236.464679</timestamp>
			</report>
			<report>
				<misses>1579001</misses>
				<total>323</total>
				<timestamp>236.614580</timestamp>
			</report>
			<report>
				<misses>1580001</misses>
				<total>323</total>
				<timestamp>236.764474</timestamp>
			</report>
			<report>
				<misses>1581001</misses>
				<total>323</total>
				<timestamp>236.914325</timestamp>
			</report>
			<report>
				<misses>1582001</misses>
				<total>323</total>
				<timestamp>237.064128</timestamp>
			</report>
			<report>
				<misses>1583001</misses>
				<total>323</total>
				<timestamp>237.213957</timestamp>
			</report>
			<report>
				<misses>1584001</misses>
				<total>323</total>
				<timestamp>237.363909</timestamp>
			</report>
			<report>
				<misses>1585001</misses>
				<total>323</total>
				<timestamp>237.513805</timestamp>
			</report>
			<report>
				<misses>1586001</misses>
				<total>323</total>
				<timestamp>237.663647</timestamp>
			</report>
			<report>
				<misses>1587001</misses>
				<total>323</total>
				<timestamp>237.813551</timestamp>
			</report>
			<report>
				<misses>1588001</misses>
				<total>323</total>
				<timestamp>237.963360</timestamp>
			</report>
			<report>
				<misses>1589001</misses>
				<total>323</total>
				<timestamp>238.113264</timestamp>
			</report>
			<report>
				<misses>1590001</misses>
				<total>323</total>
				<timestamp>238.263033</timestamp>
			</report>
			<report>
				<misses>1591001</misses>
				<total>323</total>
				<timestamp>238.412954</timestamp>
			</report>
			<report>
				<misses>1592001</misses>
				<total>323</total>
				<timestamp>238.562764</timestamp>
			</report>
			<report>
				<misses>1593001</misses>
				<total>323</total>
				<timestamp>238.712606</timestamp>
			</report>
			<report>
				<misses>1594001</misses>
				<total>323</total>
				<timestamp>238.862435</timestamp>
			</report>
			<report>
				<misses>1595001</misses>
				<total>323</total>
				<timestamp>239.012334</timestamp>
			</report>
			<report>
				<misses>1596001</misses>
				<total>323</total>
				<timestamp>239.162250</timestamp>
			</report>
			<report>
				<misses>1597001</misses>
				<total>323</total>
				<timestamp>239.312166</timestamp>
			</report>
			<report>
				<misses>1598001</misses>
				<total>323</total>
				<timestamp>239.461986</timestamp>
			</report>
			<report>
				<misses>1599001</misses>
				<total>323</total>
				<timestamp>239.611920</timestamp>
			</report>
			<report>
				<misses>1600001</misses>
				<total>323</total>
				<timestamp>239.761713</timestamp>
			</report>
			<report>
				<misses>1601001</misses>
				<total>323</total>
				<timestamp>239.911558</timestamp>
			</report>
			<report>
				<misses>1602001</misses>
				<total>323</total>
				<timestamp>240.061500</timestamp>
			</report>
			<report>
				<misses>1603001</misses>
				<total>323</total>
				<timestamp>240.211470</timestamp>
			</report>
			<report>
				<misses>1604001</misses>
				<total>323</total>
				<timestamp>240.361279</timestamp>
			</report>
			<report>
				<misses>1605001</misses>
				<total>323</total>
				<timestamp>240.511098</timestamp>
			</report>
			<report>
				<misses>1606001</misses>
				<total>323</total>
				<timestamp>240.660993</timestamp>
			</report>
			<report>
				<misses>1607001</misses>
				<total>323</total>
				<timestamp>240.810835</timestamp>
			</report>
			<report>
				<misses>1608001</misses>
				<total>323</total>
				<timestamp>240.960728</timestamp>
			</report>
			<report>
				<misses>1609001</misses>
				<total>323</total>
				<timestamp>241.110540</timestamp>
			</report>
			<report>
				<misses>1610001</misses>
				<total>323</total>
				<timestamp>241.260473</timestamp>
			</report>
			<report>
				<misses>1611001</misses>
				<total>323</total>
				<timestamp>241.410398</timestamp>
			</report>
			<report>
				<misses>1612001</misses>
				<total>323</total>
				<timestamp>241.560255</timestamp>
			</report>
			<report>
				<misses>1613001</misses>
				<total>323</total>
				<timestamp>241.710113</timestamp>
			</report>
			<report>
				<misses>1614001</misses>
				<total>323</total>
				<timestamp>241.859908</timestamp>
			</report>
			<report>
				<misses>1615001</misses>
				<total>323</total>
				<timestamp>242.009833</timestamp>
			</report>
			<report>
				<misses>1616001</misses>
				<total>323</total>
				<timestamp>242.159594</timestamp>
			</report>
			<report>
				<misses>1617001</misses>
				<total>323</total>
				<timestamp>242.309503</timestamp>
			</report>
			<report>
				<misses>1618001</misses>
				<total>323</total>
				<timestamp>242.459399</timestamp>
			</report>
			<report>
				<misses>1619001</misses>
				<total>323</total>
				<timestamp>242.609412</timestamp>
			</report>
			<report>
				<misses>1620001</misses>
				<total>323</total>
				<timestamp>242.759294</timestamp>
			</report>
			<report>
				<misses>1621001</misses>
				<total>328</total>
				<timestamp>242.909144</timestamp>
			</report>
			<report>
				<misses>1622001</misses>
				<total>327</total>
				<timestamp>243.059090</timestamp>
			</report>
			<report>
				<misses>1623001</misses>
				<total>328</total>
				<timestamp>243.208861</timestamp>
			</report>
			<report>
				<misses>1624001</misses>
				<total>328</total>
				<timestamp>243.358827</timestamp>
			</report>
			<report>
				<misses>1625001</misses>
				<total>328</total>
				<timestamp>243.508812</timestamp>
			</report>
			<report>
				<misses>1626001</misses>
				<total>328</total>
				<timestamp>243.658695</timestamp>
			</report>
			<report>
				<misses>1627001</misses>
				<total>328</total>
				<timestamp>243.808592</timestamp>
			</report>
			<report>
				<misses>1628001</misses>
				<total>328</total>
				<timestamp>243.958425</timestamp>
			</report>
			<report>
				<misses>1629001</misses>
				<total>328</total>
				<timestamp>244.108365</timestamp>
			</report>
			<report>
				<misses>1630001</misses>
				<total>328</total>
				<timestamp>244.258286</timestamp>
			</report>
			<report>
				<misses>1631001</misses>
				<total>328</total>
				<timestamp>244.408137</timestamp>
			</report>
			<report>
				<misses>1632001</misses>
				<total>328</total>
				<timestamp>244.557947</timestamp>
			</report>
			<report>
				<misses>1633001</misses>
				<total>327</total>
				<timestamp>244.707836</timestamp>
			</report>
			<report>
				<misses>1634001</misses>
				<total>328</total>
				<timestamp>244.857666</timestamp>
			</report>
			<report>
				<misses>1635001</misses>
				<total>328</total>
				<timestamp>245.007494</timestamp>
			</report>
			<report>
				<misses>1636001</misses>
				<total>327</total>
				<timestamp>245.157434</timestamp>
			</report>
			<report>
				<misses>1637001</misses>
				<total>327</total>
				<timestamp>245.307247</timestamp>
			</report>
			<report>
				<misses>1638001</misses>
				<total>328</total>
				<timestamp>245.457027</timestamp>
			</report>
			<report>
				<misses>1639001</misses>
				<total>328</total>
				<timestamp>245.606891</timestamp>
			</report>
			<report>
				<misses>1640001</misses>
				<total>328</total>
				<timestamp>245.756778</timestamp>
			</report>
			<report>
				<misses>1641001</misses>
				<total>331</total>
				<timestamp>245.906664</timestamp>
			</report>
			<report>
				<misses>1642001</misses>
				<total>337</total>
				<timestamp>246.056491</timestamp>
			</report>
			<report>
				<misses>1643001</misses>
				<total>337</total>
				<timestamp>246.206318</timestamp>
			</report>
			<report>
				<misses>1644001</misses>
				<total>337</total>
				<timestamp>246.356185</timestamp>
			</report>
			<report>
				<misses>1645001</misses>
				<total>337</total>
				<timestamp>246.506091</timestamp>
			</report>
			<report>
				<misses>1646001</misses>
				<total>337</total>
				<timestamp>246.655921</timestamp>
			</report>
			<report>
				<misses>1647001</misses>
				<total>337</total>
				<timestamp>246.805744</timestamp>
			</report>
			<report>
				<misses>1648001</misses>
				<total>337</total>
				<timestamp>246.955599</timestamp>
			</report>
			<report>
				<misses>1649001</misses>
				<total>337</total>
				<timestamp>247.105389</timestamp>
			</report>
			<report>
				<misses>1650001</misses>
				<total>337</total>
				<timestamp>247.255287</timestamp>
			</report>
			<report>
				<misses>1651001</misses>
				<total>338</total>
				<timestamp>247.405108</timestamp>
			</report>
			<report>
				<misses>1652001</misses>
				<total>338</total>
				<timestamp>247.554972</timestamp>
			</report>
			<report>
				<misses>1653001</misses>
				<total>338</total>
				<timestamp>247.704826</timestamp>
			</report>
			<report>
				<misses>1654001</misses>
				<total>338</total>
				<timestamp>247.854732</timestamp>
			</report>
			<report>
				<misses>1655001</misses>
				<total>338</total>
				<timestamp>248.004536</timestamp>
			</report>
			<report>
				<misses>1656001</misses>
				<total>338</total>
				<timestamp>248.154431</timestamp>
			</report>
			<report>
				<misses>1657001</misses>
				<total>338</total>
				<timestamp>248.304223</timestamp>
			</report>
			<report>
				<misses>1658001</misses>
				<total>338</total>
				<timestamp>248.454067</timestamp>
			</report>
			<report>
				<misses>1659001</misses>
				<total>338</total>
				<timestamp>248.603938</timestamp>
			</report>
			<report>
				<misses>1660001</misses>
				<total>338</total>
				<timestamp>248.753864</timestamp>
			</report>
			<report>
				<misses>1661001</misses>
				<total>338</total>
				<timestamp>248.903829</timestamp>
			</report>
			<report>
				<misses>1662001</misses>
				<total>338</total>
				<timestamp>249.053642</timestamp>
			</report>
			<report>
				<misses>1663001</misses>
				<total>338</total>
				<timestamp>249.203437</timestamp>
			</report>
			<report>
				<misses>1664001</misses>
				<total>337</total>
				<timestamp>249.353321</timestamp>
			</report>
			<report>
				<misses>1665001</misses>
				<total>338</total>
				<timestamp>249.503216</timestamp>
			</report>
			<report>
				<misses>1666001</misses>
				<total>338</total>
				<timestamp>249.653056</timestamp>
			</report>
			<report>
				<misses>1667001</misses>
				<total>338</total>
				<timestamp>249.802857</timestamp>
			</report>
			<report>
				<misses>1668001</misses>
				<total>338</total>
				<timestamp>249.952723</timestamp>
			</report>
			<report>
				<misses>1669001</misses>
				<total>338</total>
				<timestamp>250.102557</timestamp>
			</report>
			<report>
				<misses>1670001</misses>
				<total>337</total>
				<timestamp>250.252419</timestamp>
			</report>
			<report>
				<misses>1671001</misses>
				<total>338</total>
				<timestamp>250.402258</timestamp>
			</report>
			<report>
				<misses>1672001</misses>
				<total>338</total>
				<timestamp>250.552206</timestamp>
			</report>
			<report>
				<misses>1673001</misses>
				<total>338</total>
				<timestamp>250.702119</timestamp>
			</report>
			<report>
				<misses>1674001</misses>
				<total>338</total>
				<timestamp>250.852002</timestamp>
			</report>
			<report>
				<misses>1675001</misses>
				<total>338</total>
				<timestamp>251.001785</timestamp>
			</report>
			<report>
				<misses>1676001</misses>
				<total>338</total>
				<timestamp>251.151738</timestamp>
			</report>
			<report>
				<misses>1677001</misses>
				<total>338</total>
				<timestamp>251.301558</timestamp>
			</report>
			<report>
				<misses>1678001</misses>
				<total>338</total>
				<timestamp>251.451455</timestamp>
			</report>
			<report>
				<misses>1679001</misses>
				<total>338</total>
				<timestamp>251.601405</timestamp>
			</report>
			<report>
				<misses>1680001</misses>
				<total>338</total>
				<timestamp>251.751236</timestamp>
			</report>
			<report>
				<misses>1681001</misses>
				<total>338</total>
				<timestamp>251.901046</timestamp>
			</report>
			<report>
				<misses>1682001</misses>
				<total>338</total>
				<timestamp>252.050901</timestamp>
			</report>
			<report>
				<misses>1683001</misses>
				<total>338</total>
				<timestamp>252.200839</timestamp>
			</report>
			<report>
				<misses>1684001</misses>
				<total>338</total>
				<timestamp>252.350687</timestamp>
			</report>
			<report>
				<misses>1685001</misses>
				<total>338</total>
				<timestamp>252.500503</timestamp>
			</report>
			<report>
				<misses>1686001</misses>
				<total>338</total>
				<timestamp>252.650450</timestamp>
			</report>
			<report>
				<misses>1687001</misses>
				<total>338</total>
				<timestamp>252.800380</timestamp>
			</report>
			<report>
				<misses>1688001</misses>
				<total>338</total>
				<timestamp>252.950249</timestamp>
			</report>
			<report>
				<misses>1689001</misses>
				<total>338</total>
				<timestamp>253.100218</timestamp>
			</report>
			<report>
				<misses>1690001</misses>
				<total>338</total>
				<timestamp>253.249989</timestamp>
			</report>
			<report>
				<misses>1691001</misses>
				<total>338</total>
				<timestamp>253.399859</timestamp>
			</report>
			<report>
				<misses>1692001</misses>
				<total>338</total>
				<timestamp>253.549742</timestamp>
			</report>
			<report>
				<misses>1693001</misses>
				<total>338</total>
				<timestamp>253.699593</timestamp>
			</report>
			<report>
				<misses>1694001</misses>
				<total>338</total>
				<timestamp>253.849430</timestamp>
			</report>
			<report>
				<misses>1695001</misses>
				<total>338</total>
				<timestamp>253.999286</timestamp>
			</report>
			<report>
				<misses>1696001</misses>
				<total>338</total>
				<timestamp>254.149081</timestamp>
			</report>
			<report>
				<misses>1697001</misses>
				<total>340</total>
				<timestamp>254.299033</timestamp>
			</report>
			<report>
				<misses>1698001</misses>
				<total>342</total>
				<timestamp>254.448835</timestamp>
			</report>
			<report>
				<misses>1699001</misses>
				<total>342</total>
				<timestamp>254.598656</timestamp>
			</report>
			<report>
				<misses>1700001</misses>
				<total>343</total>
				<timestamp>254.748508</timestamp>
			</report>
			<report>
				<misses>1701001</misses>
				<total>343</total>
				<timestamp>254.898453</timestamp>
			</report>
			<report>
				<misses>1702001</misses>
				<total>343</total>
				<timestamp>255.048384</timestamp>
			</report>
			<report>
				<misses>1703001</misses>
				<total>343</total>
				<timestamp>255.198321</timestamp>
			</report>
			<report>
				<misses>1704001</misses>
				<total>343</total>
				<timestamp>255.348210</timestamp>
			</report>
			<report>
				<misses>1705001</misses>
				<total>343</total>
				<timestamp>255.498117</timestamp>
			</report>
			<report>
				<misses>1706001</misses>
				<total>344</total>
				<timestamp>255.647981</timestamp>
			</report>
			<report>
				<misses>1707001</misses>
				<total>344</total>
				<timestamp>255.797834</timestamp>
			</report>
			<report>
				<misses>1708001</misses>
				<total>344</total>
				<timestamp>255.947607</timestamp>
			</report>
			<report>
				<misses>1709001</misses>
				<total>344</total>
				<timestamp>256.097550</timestamp>
			</report>
			<report>
				<misses>1710001</misses>
				<total>343</total>
				<timestamp>256.247508</timestamp>
			</report>
			<report>
				<misses>1711001</misses>
				<total>344</total>
				<timestamp>256.397315</timestamp>
			</report>
			<report>
				<misses>1712001</misses>
				<total>344</total>
				<timestamp>256.547205</timestamp>
			</report>
			<report>
				<misses>1713001</misses>
				<total>344</total>
				<timestamp>256.697079</timestamp>
			</report>
			<report>
				<misses>1714001</misses>
				<total>344</total>
				<timestamp>256.846942</timestamp>
			</report>
			<report>
				<misses>1715001</misses>
				<total>344</total>
				<timestamp>256.996714</timestamp>
			</report>
			<report>
				<misses>1716001</misses>
				<total>346</total>
				<timestamp>257.146626</timestamp>
			</report>
			<report>
				<misses>1717001</misses>
				<total>346</total>
				<timestamp>257.296419</timestamp>
			</report>
			<report>
				<misses>1718001</misses>
				<total>346</total>
				<timestamp>257.446305</timestamp>
			</report>
			<report>
				<misses>1719001</misses>
				<total>346</total>
				<timestamp>257.596080</timestamp>
			</report>
			<report>
				<misses>1720001</misses>
				<total>346</total>
				<timestamp>257.745938</timestamp>
			</report>
			<report>
				<misses>1721001</misses>
				<total>346</total>
				<timestamp>257.895891</timestamp>
			</report>
			<report>
				<misses>1722001</misses>
				<total>347</total>
				<timestamp>258.045691</timestamp>
			</report>
			<report>
				<misses>1723001</misses>
				<total>347</total>
				<timestamp>258.195505</timestamp>
			</report>
			<report>
				<misses>1724001</misses>
				<total>347</total>
				<timestamp>258.345329</timestamp>
			</report>
			<report>
				<misses>1725001</misses>
				<total>347</total>
				<timestamp>258.495285</timestamp>
			</report>
			<report>
				<misses>1726001</misses>
				<total>347</total>
				<timestamp>258.645107</timestamp>
			</report>
			<report>
				<misses>1727001</misses>
				<total>347</total>
				<timestamp>258.794920</timestamp>
			</report>
			<report>
				<misses>1728001</misses>
				<total>355</total>
				<timestamp>258.944796</timestamp>
			</report>
			<report>
				<misses>1729001</misses>
				<total>354</total>
				<timestamp>259.094667</timestamp>
			</report>
			<report>
				<misses>1730001</misses>
				<total>355</total>
				<timestamp>259.244443</timestamp>
			</report>
			<report>
				<misses>1731001</misses>
				<total>355</total>
				<timestamp>259.394299</timestamp>
			</report>
			<report>
				<misses>1732001</misses>
				<total>355</total>
				<timestamp>259.544291</timestamp>
			</report>
			<report>
				<misses>1733001</misses>
				<total>355</total>
				<timestamp>259.694183</timestamp>
			</report>
			<report>
				<misses>1734001</misses>
				<total>355</total>
				<timestamp>259.844066</timestamp>
			</report>
			<report>
				<misses>1735001</misses>
				<total>355</total>
				<timestamp>259.993968</timestamp>
			</report>
			<report>
				<misses>1736001</misses>
				<total>355</total>
				<timestamp>260.143885</timestamp>
			</report>
			<report>
				<misses>1737001</misses>
				<total>355</total>
				<timestamp>260.293729</timestamp>
			</report>
			<report>
				<misses>1738001</misses>
				<total>355</total>
				<timestamp>260.443542</timestamp>
			</report>
			<report>
				<misses>1739001</misses>
				<total>355</total>
				<timestamp>260.593422</timestamp>
			</report>
			<report>
				<misses>1740001</misses>
				<total>355</total>
				<timestamp>260.743285</timestamp>
			</report>
			<report>
				<misses>1741001</misses>
				<total>355</total>
				<timestamp>260.893142</timestamp>
			</report>
			<report>
				<misses>1742001</misses>
				<total>355</total>
				<timestamp>261.042958</timestamp>
			</report>
			<report>
				<misses>1743001</misses>
				<total>355</total>
				<timestamp>261.192923</timestamp>
			</report>
			<report>
				<misses>1744001</misses>
				<total>355</total>
				<timestamp>261.342907</timestamp>
			</report>
			<report>
				<misses>1745001</misses>
				<total>355</total>
				<timestamp>261.492835</timestamp>
			</report>
			<report>
				<misses>1746001</misses>
				<total>355</total>
				<timestamp>261.642740</timestamp>
			</report>
			<report>
				<misses>1747001</misses>
				<total>355</total>
				<timestamp>261.792517</timestamp>
			</report>
			<report>
				<misses>1748001</misses>
				<total>355</total>
				<timestamp>261.942364</timestamp>
			</report>
			<report>
				<misses>1749001</misses>
				<total>355</total>
				<timestamp>262.092239</timestamp>
			</report>
			<report>
				<misses>1750001</misses>
				<total>355</total>
				<timestamp>262.242133</timestamp>
			</report>
			<report>
				<misses>1751001</misses>
				<total>355</total>
				<timestamp>262.391903</timestamp>
			</report>
			<report>
				<misses>1752001</misses>
				<total>355</total>
				<timestamp>262.541793</timestamp>
			</report>
			<report>
				<misses>1753001</misses>
				<total>355</total>
				<timestamp>262.691617</timestamp>
			</report>
			<report>
				<misses>1754001</misses>
				<total>355</total>
				<timestamp>262.841439</timestamp>
			</report>
			<report>
				<misses>1755001</misses>
				<total>355</total>
				<timestamp>262.991333</timestamp>
			</report>
			<report>
				<misses>1756001</misses>
				<total>355</total>
				<timestamp>263.141185</timestamp>
			</report>
			<report>
				<misses>1757001</misses>
				<total>355</total>
				<timestamp>263.291042</timestamp>
			</report>
			<report>
				<misses>1758001</misses>
				<total>355</total>
				<timestamp>263.440917</timestamp>
			</report>
			<report>
				<misses>1759001</misses>
				<total>355</total>
				<timestamp>263.590809</timestamp>
			</report>
			<report>
				<misses>1760001</misses>
				<total>355</total>
				<timestamp>263.740771</timestamp>
			</report>
			<report>
				<misses>1761001</misses>
				<total>355</total>
				<timestamp>263.890591</timestamp>
			</report>
			<report>
				<misses>1762001</misses>
				<total>355</total>
				<timestamp>264.040442</timestamp>
			</report>
			<report>
				<misses>1763001</misses>
				<total>355</total>
				<timestamp>264.190336</timestamp>
			</report>
			<report>
				<misses>1764001</misses>
				<total>355</total>
				<timestamp>264.340166</timestamp>
			</report>
			<report>
				<misses>1765001</misses>
				<total>355</total>
				<timestamp>264.489981</timestamp>
			</report>
			<report>
				<misses>1766001</misses>
				<total>355</total>
				<timestamp>264.639886</timestamp>
			</report>
			<report>
				<misses>1767001</misses>
				<total>355</total>
				<timestamp>264.789693</timestamp>
			</report>
			<report>
				<misses>1768001</misses>
				<total>355</total>
				<timestamp>264.939484</timestamp>
			</report>
			<report>
				<misses>1769001</misses>
				<total>355</total>
				<timestamp>265.089382</timestamp>
			</report>
			<report>
				<misses>1770001</misses>
				<total>355</total>
				<timestamp>265.239238</timestamp>
			</report>
			<report>
				<misses>1771001</misses>
				<total>355</total>
				<timestamp>265.389169</timestamp>
			</report>
			<report>
				<misses>1772001</misses>
				<total>355</total>
				<timestamp>265.539049</timestamp>
			</report>
			<report>
				<misses>1773001</misses>
				<total>355</total>
				<timestamp>265.688897</timestamp>
			</report>
			<report>
				<misses>1774001</misses>
				<total>355</total>
				<timestamp>265.838818</timestamp>
			</report>
			<report>
				<misses>1775001</misses>
				<total>355</total>
				<timestamp>265.988615</timestamp>
			</report>
			<report>
				<misses>1776001</misses>
				<total>355</total>
				<timestamp>266.138437</timestamp>
			</report>
			<report>
				<misses>1777001</misses>
				<total>355</total>
				<timestamp>266.288312</timestamp>
			</report>
			<report>
				<misses>1778001</misses>
				<total>355</total>
				<timestamp>266.438167</timestamp>
			</report>
			<report>
				<misses>1779001</misses>
				<total>355</total>
				<timestamp>266.588021</timestamp>
			</report>
			<report>
				<misses>1780001</misses>
				<total>355</total>
				<timestamp>266.737957</timestamp>
			</report>
			<report>
				<misses>1781001</misses>
				<total>355</total>
				<timestamp>266.887843</timestamp>
			</report>
			<report>
				<misses>1782001</misses>
				<total>355</total>
				<timestamp>267.037743</timestamp>
			</report>
			<report>
				<misses>1783001</misses>
				<total>355</total>
				<timestamp>267.187645</timestamp>
			</report>
			<report>
				<misses>1784001</misses>
				<total>355</total>
				<timestamp>267.337535</timestamp>
			</report>
			<report>
				<misses>1785001</misses>
				<total>355</total>
				<timestamp>267.487425</timestamp>
			</report>
			<report>
				<misses>1786001</misses>
				<total>355</total>
				<timestamp>267.637295</timestamp>
			</report>
			<report>
				<misses>1787001</misses>
				<total>355</total>
				<timestamp>267.787088</timestamp>
			</report>
			<report>
				<misses>1788001</misses>
				<total>355</total>
				<timestamp>267.936943</timestamp>
			</report>
			<report>
				<misses>1789001</misses>
				<total>355</total>
				<timestamp>268.086800</timestamp>
			</report>
			<report>
				<misses>1790001</misses>
				<total>355</total>
				<timestamp>268.236704</timestamp>
			</report>
			<report>
				<misses>1791001</misses>
				<total>355</total>
				<timestamp>268.386542</timestamp>
			</report>
			<report>
				<misses>1792001</misses>
				<total>355</total>
				<timestamp>268.536454</timestamp>
			</report>
			<report>
				<misses>1793001</misses>
				<total>355</total>
				<timestamp>268.686468</timestamp>
			</report>
			<report>
				<misses>1794001</misses>
				<total>355</total>
				<timestamp>268.836353</timestamp>
			</report>
			<report>
				<misses>1795001</misses>
				<total>354</total>
				<timestamp>268.986337</timestamp>
			</report>
			<report>
				<misses>1796001</misses>
				<total>355</total>
				<timestamp>269.136311</timestamp>
			</report>
			<report>
				<misses>1797001</misses>
				<total>355</total>
				<timestamp>269.286269</timestamp>
			</report>
			<report>
				<misses>1798001</misses>
				<total>355</total>
				<timestamp>269.436046</timestamp>
			</report>
			<report>
				<misses>1799001</misses>
				<total>355</total>
				<timestamp>269.585941</timestamp>
			</report>
			<report>
				<misses>1800001</misses>
				<total>355</total>
				<timestamp>269.735770</timestamp>
			</report>
			<report>
				<misses>1801001</misses>
				<total>355</total>
				<timestamp>269.885662</timestamp>
			</report>
			<report>
				<misses>1802001</misses>
				<total>355</total>
				<timestamp>270.035512</timestamp>
			</report>
			<report>
				<misses>1803001</misses>
				<total>356</total>
				<timestamp>270.185390</timestamp>
			</report>
			<report>
				<misses>1804001</misses>
				<total>356</total>
				<timestamp>270.335193</timestamp>
			</report>
			<report>
				<misses>1805001</misses>
				<total>356</total>
				<timestamp>270.485108</timestamp>
			</report>
			<report>
				<misses>1806001</misses>
				<total>356</total>
				<timestamp>270.635010</timestamp>
			</report>
			<report>
				<misses>1807001</misses>
				<total>356</total>
				<timestamp>270.784881</timestamp>
			</report>
			<report>
				<misses>1808001</misses>
				<total>356</total>
				<timestamp>270.934783</timestamp>
			</report>
			<report>
				<misses>1809001</misses>
				<total>356</total>
				<timestamp>271.084544</timestamp>
			</report>
			<report>
				<misses>1810001</misses>
				<total>356</total>
				<timestamp>271.234455</timestamp>
			</report>
			<report>
				<misses>1811001</misses>
				<total>356</total>
				<timestamp>271.384271</timestamp>
			</report>
			<report>
				<misses>1812001</misses>
				<total>356</total>
				<timestamp>271.534165</timestamp>
			</report>
			<report>
				<misses>1813001</misses>
				<total>356</total>
				<timestamp>271.683936</timestamp>
			</report>
			<report>
				<misses>1814001</misses>
				<total>356</total>
				<timestamp>271.833804</timestamp>
			</report>
			<report>
				<misses>1815001</misses>
				<total>363</total>
				<timestamp>271.983718</timestamp>
			</report>
			<report>
				<misses>1816001</misses>
				<total>364</total>
				<timestamp>272.133559</timestamp>
			</report>
			<report>
				<misses>1817001</misses>
				<total>364</total>
				<timestamp>272.283388</timestamp>
			</report>
			<report>
				<misses>1818001</misses>
				<total>364</total>
				<timestamp>272.433290</timestamp>
			</report>
			<report>
				<misses>1819001</misses>
				<total>364</total>
				<timestamp>272.583095</timestamp>
			</report>
			<report>
				<misses>1820001</misses>
				<total>364</total>
				<timestamp>272.732888</timestamp>
			</report>
			<report>
				<misses>1821001</misses>
				<total>364</total>
				<timestamp>272.882742</timestamp>
			</report>
			<report>
				<misses>1822001</misses>
				<total>364</total>
				<timestamp>273.032661</timestamp>
			</report>
			<report>
				<misses>1823001</misses>
				<total>364</total>
				<timestamp>273.182444</timestamp>
			</report>
			<report>
				<misses>1824001</misses>
				<total>364</total>
				<timestamp>273.332427</timestamp>
			</report>
			<report>
				<misses>1825001</misses>
				<total>364</total>
				<timestamp>273.482346</timestamp>
			</report>
			<report>
				<misses>1826001</misses>
				<total>364</total>
				<timestamp>273.632215</timestamp>
			</report>
			<report>
				<misses>1827001</misses>
				<total>364</total>
				<timestamp>273.782070</timestamp>
			</report>
			<report>
				<misses>1828001</misses>
				<total>364</total>
				<timestamp>273.931889</timestamp>
			</report>
			<report>
				<misses>1829001</misses>
				<total>363</total>
				<timestamp>274.081713</timestamp>
			</report>
			<report>
				<misses>1830001</misses>
				<total>364</total>
				<timestamp>274.231570</timestamp>
			</report>
			<report>
				<misses>1831001</misses>
				<total>364</total>
				<timestamp>274.381380</timestamp>
			</report>
			<report>
				<misses>1832001</misses>
				<total>364</total>
				<timestamp>274.531366</timestamp>
			</report>
			<report>
				<misses>1833001</misses>
				<total>364</total>
				<timestamp>274.681261</timestamp>
			</report>
			<report>
				<misses>1834001</misses>
				<total>364</total>
				<timestamp>274.831098</timestamp>
			</report>
			<report>
				<misses>1835001</misses>
				<total>364</total>
				<timestamp>274.980953</timestamp>
			</report>
			<report>
				<misses>1836001</misses>
				<total>366</total>
				<timestamp>275.130877</timestamp>
			</report>
			<report>
				<misses>1837001</misses>
				<total>366</total>
				<timestamp>275.280744</timestamp>
			</report>
			<report>
				<misses>1838001</misses>
				<total>366</total>
				<timestamp>275.430698</timestamp>
			</report>
			<report>
				<misses>1839001</misses>
				<total>366</total>
				<timestamp>275.580484</timestamp>
			</report>
			<report>
				<misses>1840001</misses>
				<total>366</total>
				<timestamp>275.730359</timestamp>
			</report>
			<report>
				<misses>1841001</misses>
				<total>366</total>
				<timestamp>275.880303</timestamp>
			</report>
			<report>
				<misses>1842001</misses>
				<total>366</total>
				<timestamp>276.030266</timestamp>
			</report>
			<report>
				<misses>1843001</misses>
				<total>366</total>
				<timestamp>276.180156</timestamp>
			</report>
			<report>
				<misses>1844001</misses>
				<total>366</total>
				<timestamp>276.330136</timestamp>
			</report>
			<report>
				<misses>1845001</misses>
				<total>366</total>
				<timestamp>276.479967</timestamp>
			</report>
			<report>
				<misses>1846001</misses>
				<total>366</total>
				<timestamp>276.629810</timestamp>
			</report>
			<report>
				<misses>1847001</misses>
				<total>366</total>
				<timestamp>276.779677</timestamp>
			</report>
			<report>
				<misses>1848001</misses>
				<total>366</total>
				<timestamp>276.929505</timestamp>
			</report>
			<report>
				<misses>1849001</misses>
				<total>366</total>
				<timestamp>277.079337</timestamp>
			</report>
			<report>
				<misses>1850001</misses>
				<total>366</total>
				<timestamp>277.229267</timestamp>
			</report>
			<report>
				<misses>1851001</misses>
				<total>366</total>
				<timestamp>277.379169</timestamp>
			</report>
			<report>
				<misses>1852001</misses>
				<total>368</total>
				<timestamp>277.529030</timestamp>
			</report>
			<report>
				<misses>1853001</misses>
				<total>368</total>
				<timestamp>277.678881</timestamp>
			</report>
			<report>
				<misses>1854001</misses>
				<total>368</total>
				<timestamp>277.828797</timestamp>
			</report>
			<report>
				<misses>1855001</misses>
				<total>368</total>
				<timestamp>277.978766</timestamp>
			</report>
			<report>
				<misses>1856001</misses>
				<total>368</total>
				<timestamp>278.128626</timestamp>
			</report>
			<report>
				<misses>1857001</misses>
				<total>368</total>
				<timestamp>278.278392</timestamp>
			</report>
			<report>
				<misses>1858001</misses>
				<total>368</total>
				<timestamp>278.428299</timestamp>
			</report>
			<report>
				<misses>1859001</misses>
				<total>368</total>
				<timestamp>278.578140</timestamp>
			</report>
			<report>
				<misses>1860001</misses>
				<total>368</total>
				<timestamp>278.727931</timestamp>
			</report>
			<report>
				<misses>1861001</misses>
				<total>368</total>
				<timestamp>278.877817</timestamp>
			</report>
			<report>
				<misses>1862001</misses>
				<total>368</total>
				<timestamp>279.027720</timestamp>
			</report>
			<report>
				<misses>1863001</misses>
				<total>368</total>
				<timestamp>279.177601</timestamp>
			</report>
			<report>
				<misses>1864001</misses>
				<total>368</total>
				<timestamp>279.327588</timestamp>
			</report>
			<report>
				<misses>1865001</misses>
				<total>368</total>
				<timestamp>279.477378</timestamp>
			</report>
			<report>
				<misses>1866001</misses>
				<total>368</total>
				<timestamp>279.627238</timestamp>
			</report>
			<report>
				<misses>1867001</misses>
				<total>368</total>
				<timestamp>279.777131</timestamp>
			</report>
			<report>
				<misses>1868001</misses>
				<total>368</total>
				<timestamp>279.926879</timestamp>
			</report>
			<report>
				<misses>1869001</misses>
				<total>368</total>
				<timestamp>280.076768</timestamp>
			</report>
			<report>
				<misses>1870001</misses>
				<total>368</total>
				<timestamp>280.226610</timestamp>
			</report>
			<report>
				<misses>1871001</misses>
				<total>368</total>
				<timestamp>280.376558</timestamp>
			</report>
			<report>
				<misses>1872001</misses>
				<total>368</total>
				<timestamp>280.526518</timestamp>
			</report>
			<report>
				<misses>1873001</misses>
				<total>368</total>
				<timestamp>280.676351</timestamp>
			</report>
			<report>
				<misses>1874001</misses>
				<total>372</total>
				<timestamp>280.826210</timestamp>
			</report>
			<report>
				<misses>1875001</misses>
				<total>383</total>
				<timestamp>280.976110</timestamp>
			</report>
			<report>
				<misses>1876001</misses>
				<total>383</total>
				<timestamp>281.126033</timestamp>
			</report>
			<report>
				<misses>1877001</misses>
				<total>383</total>
				<timestamp>281.275892</timestamp>
			</report>
			<report>
				<misses>1878001</misses>
				<total>383</total>
				<timestamp>281.425708</timestamp>
			</report>
			<report>
				<misses>1879001</misses>
				<total>383</total>
				<timestamp>281.575572</timestamp>
			</report>
			<report>
				<misses>1880001</misses>
				<total>383</total>
				<timestamp>281.725421</timestamp>
			</report>
			<report>
				<misses>1881001</misses>
				<total>383</total>
				<timestamp>281.875236</timestamp>
			</report>
			<report>
				<misses>1882001</misses>
				<total>383</total>
				<timestamp>282.025112</timestamp>
			</report>
			<report>
				<misses>1883001</misses>
				<total>383</total>
				<timestamp>282.174935</timestamp>
			</report>
			<report>
				<misses>1884001</misses>
				<total>383</total>
				<timestamp>282.324895</timestamp>
			</report>
			<report>
				<misses>1885001</misses>
				<total>383</total>
				<timestamp>282.474837</timestamp>
			</report>
			<report>
				<misses>1886001</misses>
				<total>383</total>
				<timestamp>282.624690</timestamp>
			</report>
			<report>
				<misses>1887001</misses>
				<total>384</total>
				<timestamp>282.774561</timestamp>
			</report>
			<report>
				<misses>1888001</misses>
				<total>384</total>
				<timestamp>282.924369</timestamp>
			</report>
			<report>
				<misses>1889001</misses>
				<total>384</total>
				<timestamp>283.074232</timestamp>
			</report>
			<report>
				<misses>1890001</misses>
				<total>384</total>
				<timestamp>283.224068</timestamp>
			</report>
			<report>
				<misses>1891001</misses>
				<total>384</total>
				<timestamp>283.373978</timestamp>
			</report>
			<report>
				<misses>1892001</misses>
				<total>384</total>
				<timestamp>283.523790</timestamp>
			</report>
			<report>
				<misses>1893001</misses>
				<total>384</total>
				<timestamp>283.673617</timestamp>
			</report>
			<report>
				<misses>1894001</misses>
				<total>384</total>
				<timestamp>283.823528</timestamp>
			</report>
			<report>
				<misses>1895001</misses>
				<total>384</total>
				<timestamp>283.973381</timestamp>
			</report>
			<report>
				<misses>1896001</misses>
				<total>384</total>
				<timestamp>284.123197</timestamp>
			</report>
			<report>
				<misses>1897001</misses>
				<total>384</total>
				<timestamp>284.272990</timestamp>
			</report>
			<report>
				<misses>1898001</misses>
				<total>384</total>
				<timestamp>284.422895</timestamp>
			</report>
			<report>
				<misses>1899001</misses>
				<total>384</total>
				<timestamp>284.572832</timestamp>
			</report>
			<report>
				<misses>1900001</misses>
				<total>384</total>
				<timestamp>284.722801</timestamp>
			</report>
			<report>
				<misses>1901001</misses>
				<total>384</total>
				<timestamp>284.872721</timestamp>
			</report>
			<report>
				<misses>1902001</misses>
				<total>384</total>
				<timestamp>285.022582</timestamp>
			</report>
			<report>
				<misses>1903001</misses>
				<total>384</total>
				<timestamp>285.172386</timestamp>
			</report>
			<report>
				<misses>1904001</misses>
				<total>384</total>
				<timestamp>285.322258</timestamp>
			</report>
			<report>
				<misses>1905001</misses>
				<total>388</total>
				<timestamp>285.472171</timestamp>
			</report>
			<report>
				<misses>1906001</misses>
				<total>388</total>
				<timestamp>285.622031</timestamp>
			</report>
			<report>
				<misses>1907001</misses>
				<total>388</total>
				<timestamp>285.771797</timestamp>
			</report>
			<report>
				<misses>1908001</misses>
				<total>388</total>
				<timestamp>285.921655</timestamp>
			</report>
			<report>
				<misses>1909001</misses>
				<total>388</total>
				<timestamp>286.071575</timestamp>
			</report>
			<report>
				<misses>1910001</misses>
				<total>388</total>
				<timestamp>286.221333</timestamp>
			</report>
			<report>
				<misses>1911001</misses>
				<total>388</total>
				<timestamp>286.371270</timestamp>
			</report>
			<report>
				<misses>1912001</misses>
				<total>388</total>
				<timestamp>286.521139</timestamp>
			</report>
			<report>
				<misses>1913001</misses>
				<total>388</total>
				<timestamp>286.670997</timestamp>
			</report>
			<report>
				<misses>1914001</misses>
				<total>388</total>
				<timestamp>286.820961</timestamp>
			</report>
			<report>
				<misses>1915001</misses>
				<total>388</total>
				<timestamp>286.970856</timestamp>
			</report>
			<report>
				<misses>1916001</misses>
				<total>388</total>
				<timestamp>287.120773</timestamp>
			</report>
			<report>
				<misses>1917001</misses>
				<total>388</total>
				<timestamp>287.270688</timestamp>
			</report>
			<report>
				<misses>1918001</misses>
				<total>388</total>
				<timestamp>287.420540</timestamp>
			</report>
			<report>
				<misses>1919001</misses>
				<total>388</total>
				<timestamp>287.570308</timestamp>
			</report>
			<report>
				<misses>1920001</misses>
				<total>405</total>
				<timestamp>287.720219</timestamp>
			</report>
			<report>
				<misses>1921001</misses>
				<total>405</total>
				<timestamp>287.870080</timestamp>
			</report>
			<report>
				<misses>1922001</misses>
				<total>405</total>
				<timestamp>288.019882</timestamp>
			</report>
			<report>
				<misses>1923001</misses>
				<total>405</total>
				<timestamp>288.169692</timestamp>
			</report>
			<report>
				<misses>1924001</misses>
				<total>405</total>
				<timestamp>288.319662</timestamp>
			</report>
			<report>
				<misses>1925001</misses>
				<total>405</total>
				<timestamp>288.469608</timestamp>
			</report>
			<report>
				<misses>1926001</misses>
				<total>405</total>
				<timestamp>288.619435</timestamp>
			</report>
			<report>
				<misses>1927001</misses>
				<total>405</total>
				<timestamp>288.769263</timestamp>
			</report>
			<report>
				<misses>1928001</misses>
				<total>405</total>
				<timestamp>288.919122</timestamp>
			</report>
			<report>
				<misses>1929001</misses>
				<total>405</total>
				<timestamp>289.068943</timestamp>
			</report>
			<report>
				<misses>1930001</misses>
				<total>405</total>
				<timestamp>289.218785</timestamp>
			</report>
			<report>
				<misses>1931001</misses>
				<total>405</total>
				<timestamp>289.368656</timestamp>
			</report>
			<report>
				<misses>1932001</misses>
				<total>405</total>
				<timestamp>289.518601</timestamp>
			</report>
			<report>
				<misses>1933001</misses>
				<total>405</total>
				<timestamp>289.668503</timestamp>
			</report>
			<report>
				<misses>1934001</misses>
				<total>405</total>
				<timestamp>289.818361</timestamp>
			</report>
			<report>
				<misses>1935001</misses>
				<total>405</total>
				<timestamp>289.968216</timestamp>
			</report>
			<report>
				<misses>1936001</misses>
				<total>405</total>
				<timestamp>290.118132</timestamp>
			</report>
			<report>
				<misses>1937001</misses>
				<total>404</total>
				<timestamp>290.267905</timestamp>
			</report>
			<report>
				<misses>1938001</misses>
				<total>405</total>
				<timestamp>290.417840</timestamp>
			</report>
			<report>
				<misses>1939001</misses>
				<total>405</total>
				<timestamp>290.567677</timestamp>
			</report>
			<report>
				<misses>1940001</misses>
				<total>405</total>
				<timestamp>290.717555</timestamp>
			</report>
			<report>
				<misses>1941001</misses>
				<total>405</total>
				<timestamp>290.867570</timestamp>
			</report>
			<report>
				<misses>1942001</misses>
				<total>405</total>
				<timestamp>291.017486</timestamp>
			</report>
			<report>
				<misses>1943001</misses>
				<total>405</total>
				<timestamp>291.167380</timestamp>
			</report>
			<report>
				<misses>1944001</misses>
				<total>405</total>
				<timestamp>291.317212</timestamp>
			</report>
			<report>
				<misses>1945001</misses>
				<total>405</total>
				<timestamp>291.467029</timestamp>
			</report>
			<report>
				<misses>1946001</misses>
				<total>405</total>
				<timestamp>291.616908</timestamp>
			</report>
			<report>
				<misses>1947001</misses>
				<total>405</total>
				<timestamp>291.766687</timestamp>
			</report>
			<report>
				<misses>1948001</misses>
				<total>405</total>
				<timestamp>291.916608</timestamp>
			</report>
			<report>
				<misses>1949001</misses>
				<total>405</total>
				<timestamp>292.066420</timestamp>
			</report>
			<report>
				<misses>1950001</misses>
				<total>405</total>
				<timestamp>292.216297</timestamp>
			</report>
			<report>
				<misses>1951001</misses>
				<total>405</total>
				<timestamp>292.366225</timestamp>
			</report>
			<report>
				<misses>1952001</misses>
				<total>405</total>
				<timestamp>292.516195</timestamp>
			</report>
			<report>
				<misses>1953001</misses>
				<total>405</total>
				<timestamp>292.666135</timestamp>
			</report>
			<report>
				<misses>1954001</misses>
				<total>405</total>
				<timestamp>292.815991</timestamp>
			</report>
			<report>
				<misses>1955001</misses>
				<total>405</total>
				<timestamp>292.965785</timestamp>
			</report>
			<report>
				<misses>1956001</misses>
				<total>405</total>
				<timestamp>293.115663</timestamp>
			</report>
			<report>
				<misses>1957001</misses>
				<total>405</total>
				<timestamp>293.265562</timestamp>
			</report>
			<report>
				<misses>1958001</misses>
				<total>404</total>
				<timestamp>293.415383</timestamp>
			</report>
			<report>
				<misses>1959001</misses>
				<total>405</total>
				<timestamp>293.565264</timestamp>
			</report>
			<report>
				<misses>1960001</misses>
				<total>405</total>
				<timestamp>293.715158</timestamp>
			</report>
			<report>
				<misses>1961001</misses>
				<total>405</total>
				<timestamp>293.865105</timestamp>
			</report>
			<report>
				<misses>1962001</misses>
				<total>405</total>
				<timestamp>294.014989</timestamp>
			</report>
			<report>
				<misses>1963001</misses>
				<total>405</total>
				<timestamp>294.164740</timestamp>
			</report>
			<report>
				<misses>1964001</misses>
				<total>405</total>
				<timestamp>294.314620</timestamp>
			</report>
			<report>
				<misses>1965001</misses>
				<total>405</total>
				<timestamp>294.464528</timestamp>
			</report>
			<report>
				<misses>1966001</misses>
				<total>405</total>
				<timestamp>294.614340</timestamp>
			</report>
			<report>
				<misses>1967001</misses>
				<total>405</total>
				<timestamp>294.764252</timestamp>
			</report>
			<report>
				<misses>1968001</misses>
				<total>405</total>
				<timestamp>294.914258</timestamp>
			</report>
			<report>
				<misses>1969001</misses>
				<total>405</total>
				<timestamp>295.064206</timestamp>
			</report>
			<report>
				<misses>1970001</misses>
				<total>405</total>
				<timestamp>295.214083</timestamp>
			</report>
			<report>
				<misses>1971001</misses>
				<total>405</total>
				<timestamp>295.363885</timestamp>
			</report>
			<report>
				<misses>1972001</misses>
				<total>405</total>
				<timestamp>295.513765</timestamp>
			</report>
			<report>
				<misses>1973001</misses>
				<total>405</total>
				<timestamp>295.663531</timestamp>
			</report>
			<report>
				<misses>1974001</misses>
				<total>405</total>
				<timestamp>295.813457</timestamp>
			</report>
			<report>
				<misses>1975001</misses>
				<total>405</total>
				<timestamp>295.963289</timestamp>
			</report>
			<report>
				<misses>1976001</misses>
				<total>409</total>
				<timestamp>296.113183</timestamp>
			</report>
			<report>
				<misses>1977001</misses>
				<total>409</total>
				<timestamp>296.263050</timestamp>
			</report>
			<report>
				<misses>1978001</misses>
				<total>409</total>
				<timestamp>296.413040</timestamp>
			</report>
			<report>
				<misses>1979001</misses>
				<total>409</total>
				<timestamp>296.562819</timestamp>
			</report>
			<report>
				<misses>1980001</misses>
				<total>409</total>
				<timestamp>296.712743</timestamp>
			</report>
			<report>
				<misses>1981001</misses>
				<total>409</total>
				<timestamp>296.862537</timestamp>
			</report>
			<report>
				<misses>1982001</misses>
				<total>409</total>
				<timestamp>297.012366</timestamp>
			</report>
			<report>
				<misses>1983001</misses>
				<total>409</total>
				<timestamp>297.162288</timestamp>
			</report>
			<report>
				<misses>1984001</misses>
				<total>409</total>
				<timestamp>297.312150</timestamp>
			</report>
			<report>
				<misses>1985001</misses>
				<total>409</total>
				<timestamp>297.462098</timestamp>
			</report>
			<report>
				<misses>1986001</misses>
				<total>409</total>
				<timestamp>297.611892</timestamp>
			</report>
			<report>
				<misses>1987001</misses>
				<total>409</total>
				<timestamp>297.761765</timestamp>
			</report>
			<report>
				<misses>1988001</misses>
				<total>409</total>
				<timestamp>297.911708</timestamp>
			</report>
			<report>
				<misses>1989001</misses>
				<total>409</total>
				<timestamp>298.061690</timestamp>
			</report>
			<report>
				<misses>1990001</misses>
				<total>409</total>
				<timestamp>298.211531</timestamp>
			</report>
			<report>
				<misses>1991001</misses>
				<total>409</total>
				<timestamp>298.361320</timestamp>
			</report>
			<report>
				<misses>1992001</misses>
				<total>409</total>
				<timestamp>298.511182</timestamp>
			</report>
			<report>
				<misses>1993001</misses>
				<total>409</total>
				<timestamp>298.661039</timestamp>
			</report>
			<report>
				<misses>1994001</misses>
				<total>410</total>
				<timestamp>298.810929</timestamp>
			</report>
			<report>
				<misses>1995001</misses>
				<total>410</total>
				<timestamp>298.960687</timestamp>
			</report>
			<report>
				<misses>1996001</misses>
				<total>410</total>
				<timestamp>299.110608</timestamp>
			</report>
			<report>
				<misses>1997001</misses>
				<total>410</total>
				<timestamp>299.260460</timestamp>
			</report>
			<report>
				<misses>1998001</misses>
				<total>410</total>
				<timestamp>299.410325</timestamp>
			</report>
			<report>
				<misses>1999001</misses>
				<total>410</total>
				<timestamp>299.560126</timestamp>
			</report>
			<report>
				<misses>2000001</misses>
				<total>410</total>
				<timestamp>299.710046</timestamp>
			</report>
			<report>
				<misses>2001001</misses>
				<total>410</total>
				<timestamp>299.859938</timestamp>
			</report>
			<report>
				<misses>2002001</misses>
				<total>410</total>
				<timestamp>300.009855</timestamp>
			</report>
			<report>
				<misses>2003001</misses>
				<total>410</total>
				<timestamp>300.159670</timestamp>
			</report>
			<report>
				<misses>2004001</misses>
				<total>410</total>
				<timestamp>300.309561</timestamp>
			</report>
			<report>
				<misses>2005001</misses>
				<total>410</total>
				<timestamp>300.459394</timestamp>
			</report>
			<report>
				<misses>2006001</misses>
				<total>410</total>
				<timestamp>300.609249</timestamp>
			</report>
			<report>
				<misses>2007001</misses>
				<total>410</total>
				<timestamp>300.759054</timestamp>
			</report>
			<report>
				<misses>2008001</misses>
				<total>410</total>
				<timestamp>300.908923</timestamp>
			</report>
			<report>
				<misses>2009001</misses>
				<total>410</total>
				<timestamp>301.058772</timestamp>
			</report>
			<report>
				<misses>2010001</misses>
				<total>410</total>
				<timestamp>301.208708</timestamp>
			</report>
			<report>
				<misses>2011001</misses>
				<total>410</total>
				<timestamp>301.358608</timestamp>
			</report>
			<report>
				<misses>2012001</misses>
				<total>410</total>
				<timestamp>301.508515</timestamp>
			</report>
			<report>
				<misses>2013001</misses>
				<total>410</total>
				<timestamp>301.658316</timestamp>
			</report>
			<report>
				<misses>2014001</misses>
				<total>410</total>
				<timestamp>301.808183</timestamp>
			</report>
			<report>
				<misses>2015001</misses>
				<total>410</total>
				<timestamp>301.958009</timestamp>
			</report>
			<report>
				<misses>2016001</misses>
				<total>410</total>
				<timestamp>302.107862</timestamp>
			</report>
			<report>
				<misses>2017001</misses>
				<total>410</total>
				<timestamp>302.257682</timestamp>
			</report>
			<report>
				<misses>2018001</misses>
				<total>411</total>
				<timestamp>302.407585</timestamp>
			</report>
			<report>
				<misses>2019001</misses>
				<total>412</total>
				<timestamp>302.557480</timestamp>
			</report>
			<report>
				<misses>2020001</misses>
				<total>412</total>
				<timestamp>302.707283</timestamp>
			</report>
			<report>
				<misses>2021001</misses>
				<total>412</total>
				<timestamp>302.857178</timestamp>
			</report>
			<report>
				<misses>2022001</misses>
				<total>412</total>
				<timestamp>303.007065</timestamp>
			</report>
			<report>
				<misses>2023001</misses>
				<total>412</total>
				<timestamp>303.156939</timestamp>
			</report>
			<report>
				<misses>2024001</misses>
				<total>412</total>
				<timestamp>303.306793</timestamp>
			</report>
			<report>
				<misses>2025001</misses>
				<total>412</total>
				<timestamp>303.456640</timestamp>
			</report>
			<report>
				<misses>2026001</misses>
				<total>412</total>
				<timestamp>303.606539</timestamp>
			</report>
			<report>
				<misses>2027001</misses>
				<total>412</total>
				<timestamp>303.756411</timestamp>
			</report>
			<report>
				<misses>2028001</misses>
				<total>412</total>
				<timestamp>303.906220</timestamp>
			</report>
			<report>
				<misses>2029001</misses>
				<total>412</total>
				<timestamp>304.056111</timestamp>
			</report>
			<report>
				<misses>2030001</misses>
				<total>412</total>
				<timestamp>304.205928</timestamp>
			</report>
			<report>
				<misses>2031001</misses>
				<total>417</total>
				<timestamp>304.355845</timestamp>
			</report>
			<report>
				<misses>2032001</misses>
				<total>417</total>
				<timestamp>304.505757</timestamp>
			</report>
			<report>
				<misses>2033001</misses>
				<total>417</total>
				<timestamp>304.655627</timestamp>
			</report>
			<report>
				<misses>2034001</misses>
				<total>418</total>
				<timestamp>304.805480</timestamp>
			</report>
			<report>
				<misses>2035001</misses>
				<total>418</total>
				<timestamp>304.955332</timestamp>
			</report>
			<report>
				<misses>2036001</misses>
				<total>425</total>
				<timestamp>305.105243</timestamp>
			</report>
			<report>
				<misses>2037001</misses>
				<total>425</total>
				<timestamp>305.255015</timestamp>
			</report>
			<report>
				<misses>2038001</misses>
				<total>428</total>
				<timestamp>305.404879</timestamp>
			</report>
			<report>
				<misses>2039001</misses>
				<total>428</total>
				<timestamp>305.554757</timestamp>
			</report>
			<report>
				<misses>2040001</misses>
				<total>428</total>
				<timestamp>305.704631</timestamp>
			</report>
			<report>
				<misses>2041001</misses>
				<total>428</total>
				<timestamp>305.854446</timestamp>
			</report>
			<report>
				<misses>2042001</misses>
				<total>428</total>
				<timestamp>306.004327</timestamp>
			</report>
			<report>
				<misses>2043001</misses>
				<total>428</total>
				<timestamp>306.154190</timestamp>
			</report>
			<report>
				<misses>2044001</misses>
				<total>428</total>
				<timestamp>306.304055</timestamp>
			</report>
			<report>
				<misses>2045001</misses>
				<total>428</total>
				<timestamp>306.453952</timestamp>
			</report>
			<report>
				<misses>2046001</misses>
				<total>428</total>
				<timestamp>306.603865</timestamp>
			</report>
			<report>
				<misses>2047001</misses>
				<total>427</total>
				<timestamp>306.753643</timestamp>
			</report>
			<report>
				<misses>2048001</misses>
				<total>428</total>
				<timestamp>306.903487</timestamp>
			</report>
			<report>
				<misses>2049001</misses>
				<total>428</total>
				<timestamp>307.053399</timestamp>
			</report>
			<report>
				<misses>2050001</misses>
				<total>428</total>
				<timestamp>307.203438</timestamp>
			</report>
			<report>
				<misses>2051001</misses>
				<total>428</total>
				<timestamp>307.353230</timestamp>
			</report>
			<report>
				<misses>2052001</misses>
				<total>428</total>
				<timestamp>307.503158</timestamp>
			</report>
			<report>
				<misses>2053001</misses>
				<total>428</total>
				<timestamp>307.653083</timestamp>
			</report>
			<report>
				<misses>2054001</misses>
				<total>428</total>
				<timestamp>307.802961</timestamp>
			</report>
			<report>
				<misses>2055001</misses>
				<total>428</total>
				<timestamp>307.952789</timestamp>
			</report>
			<report>
				<misses>2056001</misses>
				<total>428</total>
				<timestamp>308.102611</timestamp>
			</report>
			<report>
				<misses>2057001</misses>
				<total>428</total>
				<timestamp>308.252458</timestamp>
			</report>
			<report>
				<misses>2058001</misses>
				<total>428</total>
				<timestamp>308.402418</timestamp>
			</report>
			<report>
				<misses>2059001</misses>
				<total>436</total>
				<timestamp>308.552303</timestamp>
			</report>
			<report>
				<misses>2060001</misses>
				<total>436</total>
				<timestamp>308.702238</timestamp>
			</report>
			<report>
				<misses>2061001</misses>
				<total>436</total>
				<timestamp>308.852027</timestamp>
			</report>
			<report>
				<misses>2062001</misses>
				<total>436</total>
				<timestamp>309.001882</timestamp>
			</report>
			<report>
				<misses>2063001</misses>
				<total>436</total>
				<timestamp>309.151686</timestamp>
			</report>
			<report>
				<misses>2064001</misses>
				<total>436</total>
				<timestamp>309.301559</timestamp>
			</report>
			<report>
				<misses>2065001</misses>
				<total>436</total>
				<timestamp>309.451427</timestamp>
			</report>
			<report>
				<misses>2066001</misses>
				<total>436</total>
				<timestamp>309.601267</timestamp>
			</report>
			<report>
				<misses>2067001</misses>
				<total>437</total>
				<timestamp>309.751190</timestamp>
			</report>
			<report>
				<misses>2068001</misses>
				<total>437</total>
				<timestamp>309.901063</timestamp>
			</report>
			<report>
				<misses>2069001</misses>
				<total>440</total>
				<timestamp>310.050991</timestamp>
			</report>
			<report>
				<misses>2070001</misses>
				<total>440</total>
				<timestamp>310.200828</timestamp>
			</report>
			<report>
				<misses>2071001</misses>
				<total>440</total>
				<timestamp>310.350713</timestamp>
			</report>
			<report>
				<misses>2072001</misses>
				<total>440</total>
				<timestamp>310.500527</timestamp>
			</report>
			<report>
				<misses>2073001</misses>
				<total>440</total>
				<timestamp>310.650405</timestamp>
			</report>
			<report>
				<misses>2074001</misses>
				<total>440</total>
				<timestamp>310.800303</timestamp>
			</report>
			<report>
				<misses>2075001</misses>
				<total>440</total>
				<timestamp>310.950191</timestamp>
			</report>
			<report>
				<misses>2076001</misses>
				<total>440</total>
				<timestamp>311.100043</timestamp>
			</report>
			<report>
				<misses>2077001</misses>
				<total>440</total>
				<timestamp>311.249979</timestamp>
			</report>
			<report>
				<misses>2078001</misses>
				<total>440</total>
				<timestamp>311.399796</timestamp>
			</report>
			<report>
				<misses>2079001</misses>
				<total>440</total>
				<timestamp>311.549672</timestamp>
			</report>
			<report>
				<misses>2080001</misses>
				<total>440</total>
				<timestamp>311.699471</timestamp>
			</report>
			<report>
				<misses>2081001</misses>
				<total>440</total>
				<timestamp>311.849406</timestamp>
			</report>
			<report>
				<misses>2082001</misses>
				<total>440</total>
				<timestamp>311.999353</timestamp>
			</report>
			<report>
				<misses>2083001</misses>
				<total>440</total>
				<timestamp>312.149241</timestamp>
			</report>
			<report>
				<misses>2084001</misses>
				<total>440</total>
				<timestamp>312.298982</timestamp>
			</report>
			<report>
				<misses>2085001</misses>
				<total>440</total>
				<timestamp>312.448846</timestamp>
			</report>
			<report>
				<misses>2086001</misses>
				<total>440</total>
				<timestamp>312.598724</timestamp>
			</report>
			<report>
				<misses>2087001</misses>
				<total>440</total>
				<timestamp>312.748540</timestamp>
			</report>
			<report>
				<misses>2088001</misses>
				<total>440</total>
				<timestamp>312.898414</timestamp>
			</report>
			<report>
				<misses>2089001</misses>
				<total>440</total>
				<timestamp>313.048232</timestamp>
			</report>
			<report>
				<misses>2090001</misses>
				<total>440</total>
				<timestamp>313.198086</timestamp>
			</report>
			<report>
				<misses>2091001</misses>
				<total>440</total>
				<timestamp>313.347983</timestamp>
			</report>
			<report>
				<misses>2092001</misses>
				<total>440</total>
				<timestamp>313.497839</timestamp>
			</report>
			<report>
				<misses>2093001</misses>
				<total>440</total>
				<timestamp>313.647703</timestamp>
			</report>
			<report>
				<misses>2094001</misses>
				<total>440</total>
				<timestamp>313.797522</timestamp>
			</report>
			<report>
				<misses>2095001</misses>
				<total>440</total>
				<timestamp>313.947396</timestamp>
			</report>
			<report>
				<misses>2096001</misses>
				<total>440</total>
				<timestamp>314.097302</timestamp>
			</report>
			<report>
				<misses>2097001</misses>
				<total>439</total>
				<timestamp>314.247288</timestamp>
			</report>
			<report>
				<misses>2098001</misses>
				<total>440</total>
				<timestamp>314.397092</timestamp>
			</report>
			<report>
				<misses>2099001</misses>
				<total>440</total>
				<timestamp>314.546913</timestamp>
			</report>
			<report>
				<misses>2100001</misses>
				<total>440</total>
				<timestamp>314.696812</timestamp>
			</report>
			<report>
				<misses>2101001</misses>
				<total>440</total>
				<timestamp>314.846683</timestamp>
			</report>
			<report>
				<misses>2102001</misses>
				<total>440</total>
				<timestamp>314.996489</timestamp>
			</report>
			<report>
				<misses>2103001</misses>
				<total>442</total>
				<timestamp>315.146383</timestamp>
			</report>
			<report>
				<misses>2104001</misses>
				<total>442</total>
				<timestamp>315.296143</timestamp>
			</report>
			<report>
				<misses>2105001</misses>
				<total>442</total>
				<timestamp>315.446035</timestamp>
			</report>
			<report>
				<misses>2106001</misses>
				<total>442</total>
				<timestamp>315.595930</timestamp>
			</report>
			<report>
				<misses>2107001</misses>
				<total>442</total>
				<timestamp>315.745762</timestamp>
			</report>
			<report>
				<misses>2108001</misses>
				<total>442</total>
				<timestamp>315.895588</timestamp>
			</report>
			<report>
				<misses>2109001</misses>
				<total>442</total>
				<timestamp>316.045461</timestamp>
			</report>
			<report>
				<misses>2110001</misses>
				<total>442</total>
				<timestamp>316.195329</timestamp>
			</report>
			<report>
				<misses>2111001</misses>
				<total>442</total>
				<timestamp>316.345082</timestamp>
			</report>
			<report>
				<misses>2112001</misses>
				<total>442</total>
				<timestamp>316.494988</timestamp>
			</report>
			<report>
				<misses>2113001</misses>
				<total>442</total>
				<timestamp>316.644847</timestamp>
			</report>
			<report>
				<misses>2114001</misses>
				<total>442</total>
				<timestamp>316.794725</timestamp>
			</report>
			<report>
				<misses>2115001</misses>
				<total>442</total>
				<timestamp>316.944536</timestamp>
			</report>
			<report>
				<misses>2116001</misses>
				<total>442</total>
				<timestamp>317.094411</timestamp>
			</report>
			<report>
				<misses>2117001</misses>
				<total>442</total>
				<timestamp>317.244294</timestamp>
			</report>
			<report>
				<misses>2118001</misses>
				<total>443</total>
				<timestamp>317.394207</timestamp>
			</report>
			<report>
				<misses>2119001</misses>
				<total>443</total>
				<timestamp>317.544031</timestamp>
			</report>
			<report>
				<misses>2120001</misses>
				<total>443</total>
				<timestamp>317.693951</timestamp>
			</report>
			<report>
				<misses>2121001</misses>
				<total>443</total>
				<timestamp>317.843763</timestamp>
			</report>
			<report>
				<misses>2122001</misses>
				<total>443</total>
				<timestamp>317.993651</timestamp>
			</report>
			<report>
				<misses>2123001</misses>
				<total>443</total>
				<timestamp>318.143456</timestamp>
			</report>
			<report>
				<misses>2124001</misses>
				<total>443</total>
				<timestamp>318.293310</timestamp>
			</report>
			<report>
				<misses>2125001</misses>
				<total>443</total>
				<timestamp>318.443144</timestamp>
			</report>
			<report>
				<misses>2126001</misses>
				<total>443</total>
				<timestamp>318.593085</timestamp>
			</report>
			<report>
				<misses>2127001</misses>
				<total>443</total>
				<timestamp>318.742852</timestamp>
			</report>
			<report>
				<misses>2128001</misses>
				<total>443</total>
				<timestamp>318.892752</timestamp>
			</report>
			<report>
				<misses>2129001</misses>
				<total>443</total>
				<timestamp>319.042573</timestamp>
			</report>
			<report>
				<misses>2130001</misses>
				<total>443</total>
				<timestamp>319.192427</timestamp>
			</report>
			<report>
				<misses>2131001</misses>
				<total>443</total>
				<timestamp>319.342320</timestamp>
			</report>
			<report>
				<misses>2132001</misses>
				<total>443</total>
				<timestamp>319.492163</timestamp>
			</report>
			<report>
				<misses>2133001</misses>
				<total>443</total>
				<timestamp>319.642038</timestamp>
			</report>
			<report>
				<misses>2134001</misses>
				<total>443</total>
				<timestamp>319.791856</timestamp>
			</report>
			<report>
				<misses>2135001</misses>
				<total>443</total>
				<timestamp>319.941738</timestamp>
			</report>
			<report>
				<misses>2136001</misses>
				<total>443</total>
				<timestamp>320.091545</timestamp>
			</report>
			<report>
				<misses>2137001</misses>
				<total>444</total>
				<timestamp>320.241437</timestamp>
			</report>
			<report>
				<misses>2138001</misses>
				<total>444</total>
				<timestamp>320.391241</timestamp>
			</report>
			<report>
				<misses>2139001</misses>
				<total>444</total>
				<timestamp>320.541068</timestamp>
			</report>
			<report>
				<misses>2140001</misses>
				<total>444</total>
				<timestamp>320.690920</timestamp>
			</report>
			<report>
				<misses>2141001</misses>
				<total>444</total>
				<timestamp>320.840789</timestamp>
			</report>
			<report>
				<misses>2142001</misses>
				<total>444</total>
				<timestamp>320.990590</timestamp>
			</report>
			<report>
				<misses>2143001</misses>
				<total>444</total>
				<timestamp>321.140464</timestamp>
			</report>
			<report>
				<misses>2144001</misses>
				<total>444</total>
				<timestamp>321.290389</timestamp>
			</report>
			<report>
				<misses>2145001</misses>
				<total>444</total>
				<timestamp>321.440209</timestamp>
			</report>
			<report>
				<misses>2146001</misses>
				<total>444</total>
				<timestamp>321.589994</timestamp>
			</report>
			<report>
				<misses>2147001</misses>
				<total>444</total>
				<timestamp>321.739884</timestamp>
			</report>
			<report>
				<misses>2148001</misses>
				<total>444</total>
				<timestamp>321.889739</timestamp>
			</report>
			<report>
				<misses>2149001</misses>
				<total>444</total>
				<timestamp>322.039605</timestamp>
			</report>
			<report>
				<misses>2150001</misses>
				<total>444</total>
				<timestamp>322.189413</timestamp>
			</report>
			<report>
				<misses>2151001</misses>
				<total>444</total>
				<timestamp>322.339295</timestamp>
			</report>
			<report>
				<misses>2152001</misses>
				<total>444</total>
				<timestamp>322.489139</timestamp>
			</report>
			<report>
				<misses>2153001</misses>
				<total>444</total>
				<timestamp>322.638993</timestamp>
			</report>
			<report>
				<misses>2154001</misses>
				<total>444</total>
				<timestamp>322.788902</timestamp>
			</report>
			<report>
				<misses>2155001</misses>
				<total>444</total>
				<timestamp>322.938907</timestamp>
			</report>
			<report>
				<misses>2156001</misses>
				<total>444</total>
				<timestamp>323.088813</timestamp>
			</report>
			<report>
				<misses>2157001</misses>
				<total>444</total>
				<timestamp>323.238654</timestamp>
			</report>
			<report>
				<misses>2158001</misses>
				<total>444</total>
				<timestamp>323.388582</timestamp>
			</report>
			<report>
				<misses>2159001</misses>
				<total>444</total>
				<timestamp>323.538367</timestamp>
			</report>
			<report>
				<misses>2160001</misses>
				<total>445</total>
				<timestamp>323.688227</timestamp>
			</report>
			<report>
				<misses>2161001</misses>
				<total>445</total>
				<timestamp>323.838105</timestamp>
			</report>
			<report>
				<misses>2162001</misses>
				<total>445</total>
				<timestamp>323.987940</timestamp>
			</report>
			<report>
				<misses>2163001</misses>
				<total>445</total>
				<timestamp>324.137821</timestamp>
			</report>
			<report>
				<misses>2164001</misses>
				<total>445</total>
				<timestamp>324.287590</timestamp>
			</report>
			<report>
				<misses>2165001</misses>
				<total>445</total>
				<timestamp>324.437466</timestamp>
			</report>
			<report>
				<misses>2166001</misses>
				<total>445</total>
				<timestamp>324.587407</timestamp>
			</report>
			<report>
				<misses>2167001</misses>
				<total>445</total>
				<timestamp>324.737343</timestamp>
			</report>
			<report>
				<misses>2168001</misses>
				<total>445</total>
				<timestamp>324.887192</timestamp>
			</report>
			<report>
				<misses>2169001</misses>
				<total>445</total>
				<timestamp>325.037090</timestamp>
			</report>
			<report>
				<misses>2170001</misses>
				<total>445</total>
				<timestamp>325.186867</timestamp>
			</report>
			<report>
				<misses>2171001</misses>
				<total>445</total>
				<timestamp>325.336727</timestamp>
			</report>
			<report>
				<misses>2172001</misses>
				<total>445</total>
				<timestamp>325.486569</timestamp>
			</report>
			<report>
				<misses>2173001</misses>
				<total>445</total>
				<timestamp>325.636402</timestamp>
			</report>
			<report>
				<misses>2174001</misses>
				<total>445</total>
				<timestamp>325.786295</timestamp>
			</report>
			<report>
				<misses>2175001</misses>
				<total>453</total>
				<timestamp>325.936088</timestamp>
			</report>
			<report>
				<misses>2176001</misses>
				<total>453</total>
				<timestamp>326.085938</timestamp>
			</report>
			<report>
				<misses>2177001</misses>
				<total>453</total>
				<timestamp>326.235879</timestamp>
			</report>
			<report>
				<misses>2178001</misses>
				<total>453</total>
				<timestamp>326.385685</timestamp>
			</report>
			<report>
				<misses>2179001</misses>
				<total>453</total>
				<timestamp>326.535544</timestamp>
			</report>
			<report>
				<misses>2180001</misses>
				<total>453</total>
				<timestamp>326.685450</timestamp>
			</report>
			<report>
				<misses>2181001</misses>
				<total>453</total>
				<timestamp>326.835430</timestamp>
			</report>
			<report>
				<misses>2182001</misses>
				<total>455</total>
				<timestamp>326.985283</timestamp>
			</report>
			<report>
				<misses>2183001</misses>
				<total>455</total>
				<timestamp>327.135136</timestamp>
			</report>
			<report>
				<misses>2184001</misses>
				<total>455</total>
				<timestamp>327.284992</timestamp>
			</report>
			<report>
				<misses>2185001</misses>
				<total>455</total>
				<timestamp>327.434765</timestamp>
			</report>
			<report>
				<misses>2186001</misses>
				<total>455</total>
				<timestamp>327.584585</timestamp>
			</report>
			<report>
				<misses>2187001</misses>
				<total>455</total>
				<timestamp>327.734511</timestamp>
			</report>
			<report>
				<misses>2188001</misses>
				<total>455</total>
				<timestamp>327.884359</timestamp>
			</report>
			<report>
				<misses>2189001</misses>
				<total>455</total>
				<timestamp>328.034264</timestamp>
			</report>
			<report>
				<misses>2190001</misses>
				<total>455</total>
				<timestamp>328.184175</timestamp>
			</report>
			<report>
				<misses>2191001</misses>
				<total>455</total>
				<timestamp>328.333987</timestamp>
			</report>
			<report>
				<misses>2192001</misses>
				<total>455</total>
				<timestamp>328.483894</timestamp>
			</report>
			<report>
				<misses>2193001</misses>
				<total>455</total>
				<timestamp>328.633716</timestamp>
			</report>
			<report>
				<misses>2194001</misses>
				<total>455</total>
				<timestamp>328.783542</timestamp>
			</report>
			<report>
				<misses>2195001</misses>
				<total>460</total>
				<timestamp>328.933446</timestamp>
			</report>
			<report>
				<misses>2196001</misses>
				<total>460</total>
				<timestamp>329.083335</timestamp>
			</report>
			<report>
				<misses>2197001</misses>
				<total>460</total>
				<timestamp>329.233138</timestamp>
			</report>
			<report>
				<misses>2198001</misses>
				<total>460</total>
				<timestamp>329.382994</timestamp>
			</report>
			<report>
				<misses>2199001</misses>
				<total>460</total>
				<timestamp>329.532825</timestamp>
			</report>
			<report>
				<misses>2200001</misses>
				<total>460</total>
				<timestamp>329.682667</timestamp>
			</report>
			<report>
				<misses>2201001</misses>
				<total>460</total>
				<timestamp>329.832489</timestamp>
			</report>
			<report>
				<misses>2202001</misses>
				<total>460</total>
				<timestamp>329.982434</timestamp>
			</report>
			<report>
				<misses>2203001</misses>
				<total>460</total>
				<timestamp>330.132314</timestamp>
			</report>
			<report>
				<misses>2204001</misses>
				<total>460</total>
				<timestamp>330.282269</timestamp>
			</report>
			<report>
				<misses>2205001</misses>
				<total>460</total>
				<timestamp>330.432111</timestamp>
			</report>
			<report>
				<misses>2206001</misses>
				<total>460</total>
				<timestamp>330.581927</timestamp>
			</report>
			<report>
				<misses>2207001</misses>
				<total>460</total>
				<timestamp>330.731805</timestamp>
			</report>
			<report>
				<misses>2208001</misses>
				<total>460</total>
				<timestamp>330.881623</timestamp>
			</report>
			<report>
				<misses>2209001</misses>
				<total>460</total>
				<timestamp>331.031510</timestamp>
			</report>
			<report>
				<misses>2210001</misses>
				<total>460</total>
				<timestamp>331.181417</timestamp>
			</report>
			<report>
				<misses>2211001</misses>
				<total>460</total>
				<timestamp>331.331337</timestamp>
			</report>
			<report>
				<misses>2212001</misses>
				<total>460</total>
				<timestamp>331.481213</timestamp>
			</report>
			<report>
				<misses>2213001</misses>
				<total>460</total>
				<timestamp>331.631094</timestamp>
			</report>
			<report>
				<misses>2214001</misses>
				<total>460</total>
				<timestamp>331.781111</timestamp>
			</report>
			<report>
				<misses>2215001</misses>
				<total>460</total>
				<timestamp>331.931025</timestamp>
			</report>
			<report>
				<misses>2216001</misses>
				<total>460</total>
				<timestamp>332.080932</timestamp>
			</report>
			<report>
				<misses>2217001</misses>
				<total>460</total>
				<timestamp>332.230696</timestamp>
			</report>
			<report>
				<misses>2218001</misses>
				<total>460</total>
				<timestamp>332.380639</timestamp>
			</report>
			<report>
				<misses>2219001</misses>
				<total>460</total>
				<timestamp>332.530459</timestamp>
			</report>
			<report>
				<misses>2220001</misses>
				<total>460</total>
				<timestamp>332.680360</timestamp>
			</report>
			<report>
				<misses>2221001</misses>
				<total>460</total>
				<timestamp>332.830289</timestamp>
			</report>
			<report>
				<misses>2222001</misses>
				<total>460</total>
				<timestamp>332.980217</timestamp>
			</report>
			<report>
				<misses>2223001</misses>
				<total>460</total>
				<timestamp>333.130158</timestamp>
			</report>
			<report>
				<misses>2224001</misses>
				<total>460</total>
				<timestamp>333.279961</timestamp>
			</report>
			<report>
				<misses>2225001</misses>
				<total>460</total>
				<timestamp>333.429913</timestamp>
			</report>
			<report>
				<misses>2226001</misses>
				<total>460</total>
				<timestamp>333.579790</timestamp>
			</report>
			<report>
				<misses>2227001</misses>
				<total>461</total>
				<timestamp>333.729748</timestamp>
			</report>
			<report>
				<misses>2228001</misses>
				<total>461</total>
				<timestamp>333.879742</timestamp>
			</report>
			<report>
				<misses>2229001</misses>
				<total>461</total>
				<timestamp>334.029482</timestamp>
			</report>
			<report>
				<misses>2230001</misses>
				<total>461</total>
				<timestamp>334.179405</timestamp>
			</report>
			<report>
				<misses>2231001</misses>
				<total>461</total>
				<timestamp>334.329280</timestamp>
			</report>
			<report>
				<misses>2232001</misses>
				<total>461</total>
				<timestamp>334.479146</timestamp>
			</report>
			<report>
				<misses>2233001</misses>
				<total>461</total>
				<timestamp>334.629139</timestamp>
			</report>
			<report>
				<misses>2234001</misses>
				<total>466</total>
				<timestamp>334.778953</timestamp>
			</report>
			<report>
				<misses>2235001</misses>
				<total>466</total>
				<timestamp>334.928767</timestamp>
			</report>
			<report>
				<misses>2236001</misses>
				<total>466</total>
				<timestamp>335.078636</timestamp>
			</report>
			<report>
				<misses>2237001</misses>
				<total>466</total>
				<timestamp>335.228525</timestamp>
			</report>
			<report>
				<misses>2238001</misses>
				<total>466</total>
				<timestamp>335.378358</timestamp>
			</report>
			<report>
				<misses>2239001</misses>
				<total>466</total>
				<timestamp>335.528237</timestamp>
			</report>
			<report>
				<misses>2240001</misses>
				<total>466</total>
				<timestamp>335.678067</timestamp>
			</report>
			<report>
				<misses>2241001</misses>
				<total>466</total>
				<timestamp>335.827933</timestamp>
			</report>
			<report>
				<misses>2242001</misses>
				<total>466</total>
				<timestamp>335.977754</timestamp>
			</report>
			<report>
				<misses>2243001</misses>
				<total>466</total>
				<timestamp>336.127572</timestamp>
			</report>
			<report>
				<misses>2244001</misses>
				<total>466</total>
				<timestamp>336.277448</timestamp>
			</report>
			<report>
				<misses>2245001</misses>
				<total>466</total>
				<timestamp>336.427360</timestamp>
			</report>
			<report>
				<misses>2246001</misses>
				<total>466</total>
				<timestamp>336.577292</timestamp>
			</report>
			<report>
				<misses>2247001</misses>
				<total>466</total>
				<timestamp>336.727143</timestamp>
			</report>
			<report>
				<misses>2248001</misses>
				<total>466</total>
				<timestamp>336.876960</timestamp>
			</report>
			<report>
				<misses>2249001</misses>
				<total>466</total>
				<timestamp>337.026813</timestamp>
			</report>
			<report>
				<misses>2250001</misses>
				<total>466</total>
				<timestamp>337.176647</timestamp>
			</report>
			<report>
				<misses>2251001</misses>
				<total>466</total>
				<timestamp>337.326533</timestamp>
			</report>
			<report>
				<misses>2252001</misses>
				<total>466</total>
				<timestamp>337.476383</timestamp>
			</report>
			<report>
				<misses>2253001</misses>
				<total>468</total>
				<timestamp>337.626321</timestamp>
			</report>
			<report>
				<misses>2254001</misses>
				<total>468</total>
				<timestamp>337.776306</timestamp>
			</report>
			<report>
				<misses>2255001</misses>
				<total>468</total>
				<timestamp>337.926308</timestamp>
			</report>
			<report>
				<misses>2256001</misses>
				<total>468</total>
				<timestamp>338.076278</timestamp>
			</report>
			<report>
				<misses>2257001</misses>
				<total>468</total>
				<timestamp>338.226136</timestamp>
			</report>
			<report>
				<misses>2258001</misses>
				<total>474</total>
				<timestamp>338.375996</timestamp>
			</report>
			<report>
				<misses>2259001</misses>
				<total>474</total>
				<timestamp>338.525956</timestamp>
			</report>
			<report>
				<misses>2260001</misses>
				<total>474</total>
				<timestamp>338.675861</timestamp>
			</report>
			<report>
				<misses>2261001</misses>
				<total>474</total>
				<timestamp>338.825774</timestamp>
			</report>
			<report>
				<misses>2262001</misses>
				<total>474</total>
				<timestamp>338.975593</timestamp>
			</report>
			<report>
				<misses>2263001</misses>
				<total>474</total>
				<timestamp>339.125538</timestamp>
			</report>
			<report>
				<misses>2264001</misses>
				<total>474</total>
				<timestamp>339.275334</timestamp>
			</report>
			<report>
				<misses>2265001</misses>
				<total>474</total>
				<timestamp>339.425254</timestamp>
			</report>
			<report>
				<misses>2266001</misses>
				<total>474</total>
				<timestamp>339.575275</timestamp>
			</report>
			<report>
				<misses>2267001</misses>
				<total>474</total>
				<timestamp>339.725239</timestamp>
			</report>
			<report>
				<misses>2268001</misses>
				<total>474</total>
				<timestamp>339.875090</timestamp>
			</report>
			<report>
				<misses>2269001</misses>
				<total>474</total>
				<timestamp>340.024866</timestamp>
			</report>
			<report>
				<misses>2270001</misses>
				<total>474</total>
				<timestamp>340.174691</timestamp>
			</report>
			<report>
				<misses>2271001</misses>
				<total>474</total>
				<timestamp>340.324630</timestamp>
			</report>
			<report>
				<misses>2272001</misses>
				<total>474</total>
				<timestamp>340.474414</timestamp>
			</report>
			<report>
				<misses>2273001</misses>
				<total>474</total>
				<timestamp>340.624229</timestamp>
			</report>
			<report>
				<misses>2274001</misses>
				<total>474</total>
				<timestamp>340.774164</timestamp>
			</report>
			<report>
				<misses>2275001</misses>
				<total>474</total>
				<timestamp>340.924031</timestamp>
			</report>
			<report>
				<misses>2276001</misses>
				<total>474</total>
				<timestamp>341.073922</timestamp>
			</report>
			<report>
				<misses>2277001</misses>
				<total>474</total>
				<timestamp>341.223809</timestamp>
			</report>
			<report>
				<misses>2278001</misses>
				<total>474</total>
				<timestamp>341.373742</timestamp>
			</report>
			<report>
				<misses>2279001</misses>
				<total>474</total>
				<timestamp>341.523690</timestamp>
			</report>
			<report>
				<misses>2280001</misses>
				<total>474</total>
				<timestamp>341.673510</timestamp>
			</report>
			<report>
				<misses>2281001</misses>
				<total>476</total>
				<timestamp>341.823418</timestamp>
			</report>
			<report>
				<misses>2282001</misses>
				<total>476</total>
				<timestamp>341.973271</timestamp>
			</report>
			<report>
				<misses>2283001</misses>
				<total>479</total>
				<timestamp>342.123080</timestamp>
			</report>
			<report>
				<misses>2284001</misses>
				<total>479</total>
				<timestamp>342.272993</timestamp>
			</report>
			<report>
				<misses>2285001</misses>
				<total>479</total>
				<timestamp>342.422804</timestamp>
			</report>
			<report>
				<misses>2286001</misses>
				<total>479</total>
				<timestamp>342.572595</timestamp>
			</report>
			<report>
				<misses>2287001</misses>
				<total>479</total>
				<timestamp>342.722513</timestamp>
			</report>
			<report>
				<misses>2288001</misses>
				<total>479</total>
				<timestamp>342.872327</timestamp>
			</report>
			<report>
				<misses>2289001</misses>
				<total>479</total>
				<timestamp>343.022187</timestamp>
			</report>
			<report>
				<misses>2290001</misses>
				<total>479</total>
				<timestamp>343.172020</timestamp>
			</report>
			<report>
				<misses>2291001</misses>
				<total>479</total>
				<timestamp>343.321959</timestamp>
			</report>
			<report>
				<misses>2292001</misses>
				<total>479</total>
				<timestamp>343.471916</timestamp>
			</report>
			<report>
				<misses>2293001</misses>
				<total>479</total>
				<timestamp>343.621735</timestamp>
			</report>
			<report>
				<misses>2294001</misses>
				<total>479</total>
				<timestamp>343.771605</timestamp>
			</report>
			<report>
				<misses>2295001</misses>
				<total>479</total>
				<timestamp>343.921405</timestamp>
			</report>
			<report>
				<misses>2296001</misses>
				<total>479</total>
				<timestamp>344.071302</timestamp>
			</report>
			<report>
				<misses>2297001</misses>
				<total>479</total>
				<timestamp>344.221207</timestamp>
			</report>
			<report>
				<misses>2298001</misses>
				<total>479</total>
				<timestamp>344.371122</timestamp>
			</report>
			<report>
				<misses>2299001</misses>
				<total>479</total>
				<timestamp>344.520993</timestamp>
			</report>
			<report>
				<misses>2300001</misses>
				<total>479</total>
				<timestamp>344.670911</timestamp>
			</report>
			<report>
				<misses>2301001</misses>
				<total>479</total>
				<timestamp>344.820855</timestamp>
			</report>
			<report>
				<misses>2302001</misses>
				<total>479</total>
				<timestamp>344.970713</timestamp>
			</report>
			<report>
				<misses>2303001</misses>
				<total>479</total>
				<timestamp>345.120484</timestamp>
			</report>
			<report>
				<misses>2304001</misses>
				<total>479</total>
				<timestamp>345.270347</timestamp>
			</report>
			<report>
				<misses>2305001</misses>
				<total>479</total>
				<timestamp>345.420216</timestamp>
			</report>
			<report>
				<misses>2306001</misses>
				<total>479</total>
				<timestamp>345.570071</timestamp>
			</report>
			<report>
				<misses>2307001</misses>
				<total>479</total>
				<timestamp>345.720029</timestamp>
			</report>
			<report>
				<misses>2308001</misses>
				<total>478</total>
				<timestamp>345.869955</timestamp>
			</report>
			<report>
				<misses>2309001</misses>
				<total>479</total>
				<timestamp>346.019754</timestamp>
			</report>
			<report>
				<misses>2310001</misses>
				<total>479</total>
				<timestamp>346.169617</timestamp>
			</report>
			<report>
				<misses>2311001</misses>
				<total>479</total>
				<timestamp>346.319500</timestamp>
			</report>
			<report>
				<misses>2312001</misses>
				<total>479</total>
				<timestamp>346.469367</timestamp>
			</report>
			<report>
				<misses>2313001</misses>
				<total>479</total>
				<timestamp>346.619222</timestamp>
			</report>
			<report>
				<misses>2314001</misses>
				<total>479</total>
				<timestamp>346.769050</timestamp>
			</report>
			<report>
				<misses>2315001</misses>
				<total>479</total>
				<timestamp>346.918867</timestamp>
			</report>
			<report>
				<misses>2316001</misses>
				<total>479</total>
				<timestamp>347.068717</timestamp>
			</report>
			<report>
				<misses>2317001</misses>
				<total>479</total>
				<timestamp>347.218576</timestamp>
			</report>
			<report>
				<misses>2318001</misses>
				<total>479</total>
				<timestamp>347.368479</timestamp>
			</report>
			<report>
				<misses>2319001</misses>
				<total>479</total>
				<timestamp>347.518253</timestamp>
			</report>
			<report>
				<misses>2320001</misses>
				<total>479</total>
				<timestamp>347.668203</timestamp>
			</report>
			<report>
				<misses>2321001</misses>
				<total>479</total>
				<timestamp>347.818119</timestamp>
			</report>
			<report>
				<misses>2322001</misses>
				<total>479</total>
				<timestamp>347.968036</timestamp>
			</report>
			<report>
				<misses>2323001</misses>
				<total>479</total>
				<timestamp>348.117913</timestamp>
			</report>
			<report>
				<misses>2324001</misses>
				<total>479</total>
				<timestamp>348.267839</timestamp>
			</report>
			<report>
				<misses>2325001</misses>
				<total>479</total>
				<timestamp>348.417707</timestamp>
			</report>
			<report>
				<misses>2326001</misses>
				<total>479</total>
				<timestamp>348.567481</timestamp>
			</report>
			<report>
				<misses>2327001</misses>
				<total>479</total>
				<timestamp>348.717371</timestamp>
			</report>
			<report>
				<misses>2328001</misses>
				<total>479</total>
				<timestamp>348.867320</timestamp>
			</report>
			<report>
				<misses>2329001</misses>
				<total>485</total>
				<timestamp>349.017198</timestamp>
			</report>
			<report>
				<misses>2330001</misses>
				<total>485</total>
				<timestamp>349.167153</timestamp>
			</report>
			<report>
				<misses>2331001</misses>
				<total>485</total>
				<timestamp>349.317035</timestamp>
			</report>
			<report>
				<misses>2332001</misses>
				<total>485</total>
				<timestamp>349.466968</timestamp>
			</report>
			<report>
				<misses>2333001</misses>
				<total>485</total>
				<timestamp>349.616831</timestamp>
			</report>
			<report>
				<misses>2334001</misses>
				<total>485</total>
				<timestamp>349.766578</timestamp>
			</report>
			<report>
				<misses>2335001</misses>
				<total>485</total>
				<timestamp>349.916436</timestamp>
			</report>
			<report>
				<misses>2336001</misses>
				<total>485</total>
				<timestamp>350.066338</timestamp>
			</report>
			<report>
				<misses>2337001</misses>
				<total>486</total>
				<timestamp>350.216220</timestamp>
			</report>
			<report>
				<misses>2338001</misses>
				<total>487</total>
				<timestamp>350.366141</timestamp>
			</report>
			<report>
				<misses>2339001</misses>
				<total>492</total>
				<timestamp>350.516099</timestamp>
			</report>
			<report>
				<misses>2340001</misses>
				<total>492</total>
				<timestamp>350.666062</timestamp>
			</report>
			<report>
				<misses>2341001</misses>
				<total>491</total>
				<timestamp>350.815969</timestamp>
			</report>
			<report>
				<misses>2342001</misses>
				<total>492</total>
				<timestamp>350.965970</timestamp>
			</report>
			<report>
				<misses>2343001</misses>
				<total>492</total>
				<timestamp>351.115958</timestamp>
			</report>
			<report>
				<misses>2344001</misses>
				<total>492</total>
				<timestamp>351.265847</timestamp>
			</report>
			<report>
				<misses>2345001</misses>
				<total>492</total>
				<timestamp>351.415789</timestamp>
			</report>
			<report>
				<misses>2346001</misses>
				<total>492</total>
				<timestamp>351.565651</timestamp>
			</report>
			<report>
				<misses>2347001</misses>
				<total>492</total>
				<timestamp>351.715581</timestamp>
			</report>
			<report>
				<misses>2348001</misses>
				<total>492</total>
				<timestamp>351.865481</timestamp>
			</report>
			<report>
				<misses>2349001</misses>
				<total>492</total>
				<timestamp>352.015298</timestamp>
			</report>
			<report>
				<misses>2350001</misses>
				<total>492</total>
				<timestamp>352.165134</timestamp>
			</report>
			<report>
				<misses>2351001</misses>
				<total>493</total>
				<timestamp>352.314982</timestamp>
			</report>
			<report>
				<misses>2352001</misses>
				<total>505</total>
				<timestamp>352.464871</timestamp>
			</report>
			<report>
				<misses>2353001</misses>
				<total>505</total>
				<timestamp>352.614721</timestamp>
			</report>
			<report>
				<misses>2354001</misses>
				<total>505</total>
				<timestamp>352.764571</timestamp>
			</report>
			<report>
				<misses>2355001</misses>
				<total>505</total>
				<timestamp>352.914453</timestamp>
			</report>
			<report>
				<misses>2356001</misses>
				<total>505</total>
				<timestamp>353.064353</timestamp>
			</report>
			<report>
				<misses>2357001</misses>
				<total>505</total>
				<timestamp>353.214195</timestamp>
			</report>
			<report>
				<misses>2358001</misses>
				<total>505</total>
				<timestamp>353.364154</timestamp>
			</report>
			<report>
				<misses>2359001</misses>
				<total>505</total>
				<timestamp>353.514154</timestamp>
			</report>
			<report>
				<misses>2360001</misses>
				<total>505</total>
				<timestamp>353.664095</timestamp>
			</report>
			<report>
				<misses>2361001</misses>
				<total>505</total>
				<timestamp>353.813885</timestamp>
			</report>
			<report>
				<misses>2362001</misses>
				<total>505</total>
				<timestamp>353.963774</timestamp>
			</report>
			<report>
				<misses>2363001</misses>
				<total>505</total>
				<timestamp>354.113625</timestamp>
			</report>
			<report>
				<misses>2364001</misses>
				<total>505</total>
				<timestamp>354.263491</timestamp>
			</report>
			<report>
				<misses>2365001</misses>
				<total>505</total>
				<timestamp>354.413385</timestamp>
			</report>
			<report>
				<misses>2366001</misses>
				<total>505</total>
				<timestamp>354.563218</timestamp>
			</report>
			<report>
				<misses>2367001</misses>
				<total>505</total>
				<timestamp>354.713112</timestamp>
			</report>
			<report>
				<misses>2368001</misses>
				<total>505</total>
				<timestamp>354.863060</timestamp>
			</report>
			<report>
				<misses>2369001</misses>
				<total>505</total>
				<timestamp>355.012860</timestamp>
			</report>
			<report>
				<misses>2370001</misses>
				<total>505</total>
				<timestamp>355.162712</timestamp>
			</report>
			<report>
				<misses>2371001</misses>
				<total>505</total>
				<timestamp>355.312611</timestamp>
			</report>
			<report>
				<misses>2372001</misses>
				<total>505</total>
				<timestamp>355.462468</timestamp>
			</report>
			<report>
				<misses>2373001</misses>
				<total>505</total>
				<timestamp>355.612328</timestamp>
			</report>
			<report>
				<misses>2374001</misses>
				<total>505</total>
				<timestamp>355.762199</timestamp>
			</report>
			<report>
				<misses>2375001</misses>
				<total>505</total>
				<timestamp>355.912203</timestamp>
			</report>
			<report>
				<misses>2376001</misses>
				<total>505</total>
				<timestamp>356.062124</timestamp>
			</report>
			<report>
				<misses>2377001</misses>
				<total>505</total>
				<timestamp>356.212055</timestamp>
			</report>
			<report>
				<misses>2378001</misses>
				<total>505</total>
				<timestamp>356.361934</timestamp>
			</report>
			<report>
				<misses>2379001</misses>
				<total>505</total>
				<timestamp>356.511869</timestamp>
			</report>
			<report>
				<misses>2380001</misses>
				<total>505</total>
				<timestamp>356.661702</timestamp>
			</report>
			<report>
				<misses>2381001</misses>
				<total>505</total>
				<timestamp>356.811585</timestamp>
			</report>
			<report>
				<misses>2382001</misses>
				<total>504</total>
				<timestamp>356.961381</timestamp>
			</report>
			<report>
				<misses>2383001</misses>
				<total>505</total>
				<timestamp>357.111371</timestamp>
			</report>
			<report>
				<misses>2384001</misses>
				<total>505</total>
				<timestamp>357.261237</timestamp>
			</report>
			<report>
				<misses>2385001</misses>
				<total>505</total>
				<timestamp>357.411159</timestamp>
			</report>
			<report>
				<misses>2386001</misses>
				<total>505</total>
				<timestamp>357.561116</timestamp>
			</report>
			<report>
				<misses>2387001</misses>
				<total>505</total>
				<timestamp>357.710889</timestamp>
			</report>
			<report>
				<misses>2388001</misses>
				<total>505</total>
				<timestamp>357.860793</timestamp>
			</report>
			<report>
				<misses>2389001</misses>
				<total>505</total>
				<timestamp>358.010650</timestamp>
			</report>
			<report>
				<misses>2390001</misses>
				<total>505</total>
				<timestamp>358.160447</timestamp>
			</report>
			<report>
				<misses>2391001</misses>
				<total>505</total>
				<timestamp>358.310409</timestamp>
			</report>
			<report>
				<misses>2392001</misses>
				<total>505</total>
				<timestamp>358.460392</timestamp>
			</report>
			<report>
				<misses>2393001</misses>
				<total>505</total>
				<timestamp>358.610188</timestamp>
			</report>
			<report>
				<misses>2394001</misses>
				<total>505</total>
				<timestamp>358.760083</timestamp>
			</report>
			<report>
				<misses>2395001</misses>
				<total>505</total>
				<timestamp>358.909890</timestamp>
			</report>
			<report>
				<misses>2396001</misses>
				<total>505</total>
				<timestamp>359.059807</timestamp>
			</report>
			<report>
				<misses>2397001</misses>
				<total>505</total>
				<timestamp>359.209756</timestamp>
			</report>
			<report>
				<misses>2398001</misses>
				<total>505</total>
				<timestamp>359.359546</timestamp>
			</report>
			<report>
				<misses>2399001</misses>
				<total>505</total>
				<timestamp>359.509449</timestamp>
			</report>
			<report>
				<misses>2400001</misses>
				<total>505</total>
				<timestamp>359.659333</timestamp>
			</report>
			<report>
				<misses>2401001</misses>
				<total>505</total>
				<timestamp>359.809199</timestamp>
			</report>
			<report>
				<misses>2402001</misses>
				<total>511</total>
				<timestamp>359.959140</timestamp>
			</report>
			<report>
				<misses>2403001</misses>
				<total>511</total>
				<timestamp>360.108998</timestamp>
			</report>
			<report>
				<misses>2404001</misses>
				<total>511</total>
				<timestamp>360.258840</timestamp>
			</report>
			<report>
				<misses>2405001</misses>
				<total>511</total>
				<timestamp>360.408659</timestamp>
			</report>
			<report>
				<misses>2406001</misses>
				<total>511</total>
				<timestamp>360.558488</timestamp>
			</report>
			<report>
				<misses>2407001</misses>
				<total>511</total>
				<timestamp>360.708422</timestamp>
			</report>
			<report>
				<misses>2408001</misses>
				<total>511</total>
				<timestamp>360.858195</timestamp>
			</report>
			<report>
				<misses>2409001</misses>
				<total>510</total>
				<timestamp>361.008149</timestamp>
			</report>
			<report>
				<misses>2410001</misses>
				<total>511</total>
				<timestamp>361.158153</timestamp>
			</report>
			<report>
				<misses>2411001</misses>
				<total>511</total>
				<timestamp>361.308080</timestamp>
			</report>
			<report>
				<misses>2412001</misses>
				<total>511</total>
				<timestamp>361.457993</timestamp>
			</report>
			<report>
				<misses>2413001</misses>
				<total>511</total>
				<timestamp>361.607797</timestamp>
			</report>
			<report>
				<misses>2414001</misses>
				<total>511</total>
				<timestamp>361.757683</timestamp>
			</report>
			<report>
				<misses>2415001</misses>
				<total>511</total>
				<timestamp>361.907527</timestamp>
			</report>
			<report>
				<misses>2416001</misses>
				<total>512</total>
				<timestamp>362.057420</timestamp>
			</report>
			<report>
				<misses>2417001</misses>
				<total>528</total>
				<timestamp>362.207390</timestamp>
			</report>
			<report>
				<misses>2418001</misses>
				<total>528</total>
				<timestamp>362.357241</timestamp>
			</report>
			<report>
				<misses>2419001</misses>
				<total>528</total>
				<timestamp>362.506989</timestamp>
			</report>
			<report>
				<misses>2420001</misses>
				<total>528</total>
				<timestamp>362.656893</timestamp>
			</report>
			<report>
				<misses>2421001</misses>
				<total>528</total>
				<timestamp>362.806804</timestamp>
			</report>
			<report>
				<misses>2422001</misses>
				<total>528</total>
				<timestamp>362.956806</timestamp>
			</report>
			<report>
				<misses>2423001</misses>
				<total>528</total>
				<timestamp>363.106782</timestamp>
			</report>
			<report>
				<misses>2424001</misses>
				<total>528</total>
				<timestamp>363.256541</timestamp>
			</report>
			<report>
				<misses>2425001</misses>
				<total>528</total>
				<timestamp>363.406396</timestamp>
			</report>
			<report>
				<misses>2426001</misses>
				<total>527</total>
				<timestamp>363.556327</timestamp>
			</report>
			<report>
				<misses>2427001</misses>
				<total>528</total>
				<timestamp>363.706205</timestamp>
			</report>
			<report>
				<misses>2428001</misses>
				<total>528</total>
				<timestamp>363.856122</timestamp>
			</report>
			<report>
				<misses>2429001</misses>
				<total>528</total>
				<timestamp>364.005942</timestamp>
			</report>
			<report>
				<misses>2430001</misses>
				<total>528</total>
				<timestamp>364.155792</timestamp>
			</report>
			<report>
				<misses>2431001</misses>
				<total>528</total>
				<timestamp>364.305741</timestamp>
			</report>
			<report>
				<misses>2432001</misses>
				<total>528</total>
				<timestamp>364.455592</timestamp>
			</report>
			<report>
				<misses>2433001</misses>
				<total>528</total>
				<timestamp>364.605400</timestamp>
			</report>
			<report>
				<misses>2434001</misses>
				<total>528</total>
				<timestamp>364.755246</timestamp>
			</report>
			<report>
				<misses>2435001</misses>
				<total>531</total>
				<timestamp>364.905085</timestamp>
			</report>
			<report>
				<misses>2436001</misses>
				<total>531</total>
				<timestamp>365.054890</timestamp>
			</report>
			<report>
				<misses>2437001</misses>
				<total>531</total>
				<timestamp>365.204854</timestamp>
			</report>
			<report>
				<misses>2438001</misses>
				<total>531</total>
				<timestamp>365.354770</timestamp>
			</report>
			<report>
				<misses>2439001</misses>
				<total>531</total>
				<timestamp>365.504634</timestamp>
			</report>
			<report>
				<misses>2440001</misses>
				<total>531</total>
				<timestamp>365.654444</timestamp>
			</report>
			<report>
				<misses>2441001</misses>
				<total>531</total>
				<timestamp>365.804383</timestamp>
			</report>
			<report>
				<misses>2442001</misses>
				<total>531</total>
				<timestamp>365.954165</timestamp>
			</report>
			<report>
				<misses>2443001</misses>
				<total>531</total>
				<timestamp>366.104062</timestamp>
			</report>
			<report>
				<misses>2444001</misses>
				<total>531</total>
				<timestamp>366.253874</timestamp>
			</report>
			<report>
				<misses>2445001</misses>
				<total>531</total>
				<timestamp>366.403792</timestamp>
			</report>
			<report>
				<misses>2446001</misses>
				<total>531</total>
				<timestamp>366.553616</timestamp>
			</report>
			<report>
				<misses>2447001</misses>
				<total>532</total>
				<timestamp>366.703533</timestamp>
			</report>
			<report>
				<misses>2448001</misses>
				<total>532</total>
				<timestamp>366.853438</timestamp>
			</report>
			<report>
				<misses>2449001</misses>
				<total>532</total>
				<timestamp>367.003342</timestamp>
			</report>
			<report>
				<misses>2450001</misses>
				<total>532</total>
				<timestamp>367.153133</timestamp>
			</report>
			<report>
				<misses>2451001</misses>
				<total>532</total>
				<timestamp>367.302965</timestamp>
			</report>
			<report>
				<misses>2452001</misses>
				<total>532</total>
				<timestamp>367.452834</timestamp>
			</report>
			<report>
				<misses>2453001</misses>
				<total>532</total>
				<timestamp>367.602683</timestamp>
			</report>
			<report>
				<misses>2454001</misses>
				<total>540</total>
				<timestamp>367.752561</timestamp>
			</report>
			<report>
				<misses>2455001</misses>
				<total>540</total>
				<timestamp>367.902381</timestamp>
			</report>
			<report>
				<misses>2456001</misses>
				<total>540</total>
				<timestamp>368.052210</timestamp>
			</report>
			<report>
				<misses>2457001</misses>
				<total>540</total>
				<timestamp>368.202083</timestamp>
			</report>
			<report>
				<misses>2458001</misses>
				<total>540</total>
				<timestamp>368.351934</timestamp>
			</report>
			<report>
				<misses>2459001</misses>
				<total>540</total>
				<timestamp>368.501747</timestamp>
			</report>
			<report>
				<misses>2460001</misses>
				<total>540</total>
				<timestamp>368.651664</timestamp>
			</report>
			<report>
				<misses>2461001</misses>
				<total>540</total>
				<timestamp>368.801507</timestamp>
			</report>
			<report>
				<misses>2462001</misses>
				<total>540</total>
				<timestamp>368.951377</timestamp>
			</report>
			<report>
				<misses>2463001</misses>
				<total>540</total>
				<timestamp>369.101181</timestamp>
			</report>
			<report>
				<misses>2464001</misses>
				<total>540</total>
				<timestamp>369.251026</timestamp>
			</report>
			<report>
				<misses>2465001</misses>
				<total>539</total>
				<timestamp>369.400880</timestamp>
			</report>
			<report>
				<misses>2466001</misses>
				<total>540</total>
				<timestamp>369.550789</timestamp>
			</report>
			<report>
				<misses>2467001</misses>
				<total>539</total>
				<timestamp>369.700655</timestamp>
			</report>
			<report>
				<misses>2468001</misses>
				<total>540</total>
				<timestamp>369.850553</timestamp>
			</report>
			<report>
				<misses>2469001</misses>
				<total>540</total>
				<timestamp>370.000451</timestamp>
			</report>
			<report>
				<misses>2470001</misses>
				<total>540</total>
				<timestamp>370.150306</timestamp>
			</report>
			<report>
				<misses>2471001</misses>
				<total>539</total>
				<timestamp>370.300146</timestamp>
			</report>
			<report>
				<misses>2472001</misses>
				<total>540</total>
				<timestamp>370.450011</timestamp>
			</report>
			<report>
				<misses>2473001</misses>
				<total>543</total>
				<timestamp>370.599907</timestamp>
			</report>
			<report>
				<misses>2474001</misses>
				<total>543</total>
				<timestamp>370.749844</timestamp>
			</report>
			<report>
				<misses>2475001</misses>
				<total>543</total>
				<timestamp>370.899650</timestamp>
			</report>
			<report>
				<misses>2476001</misses>
				<total>543</total>
				<timestamp>371.049519</timestamp>
			</report>
			<report>
				<misses>2477001</misses>
				<total>543</total>
				<timestamp>371.199334</timestamp>
			</report>
			<report>
				<misses>2478001</misses>
				<total>549</total>
				<timestamp>371.349254</timestamp>
			</report>
			<report>
				<misses>2479001</misses>
				<total>549</total>
				<timestamp>371.499050</timestamp>
			</report>
			<report>
				<misses>2480001</misses>
				<total>551</total>
				<timestamp>371.648934</timestamp>
			</report>
			<report>
				<misses>2481001</misses>
				<total>551</total>
				<timestamp>371.798810</timestamp>
			</report>
			<report>
				<misses>2482001</misses>
				<total>551</total>
				<timestamp>371.948617</timestamp>
			</report>
			<report>
				<misses>2483001</misses>
				<total>551</total>
				<timestamp>372.098492</timestamp>
			</report>
			<report>
				<misses>2484001</misses>
				<total>551</total>
				<timestamp>372.248344</timestamp>
			</report>
			<report>
				<misses>2485001</misses>
				<total>551</total>
				<timestamp>372.398214</timestamp>
			</report>
			<report>
				<misses>2486001</misses>
				<total>551</total>
				<timestamp>372.548064</timestamp>
			</report>
			<report>
				<misses>2487001</misses>
				<total>551</total>
				<timestamp>372.697905</timestamp>
			</report>
			<report>
				<misses>2488001</misses>
				<total>551</total>
				<timestamp>372.847758</timestamp>
			</report>
			<report>
				<misses>2489001</misses>
				<total>551</total>
				<timestamp>372.997648</timestamp>
			</report>
			<report>
				<misses>2490001</misses>
				<total>550</total>
				<timestamp>373.147580</timestamp>
			</report>
			<report>
				<misses>2491001</misses>
				<total>551</total>
				<timestamp>373.297394</timestamp>
			</report>
			<report>
				<misses>2492001</misses>
				<total>551</total>
				<timestamp>373.447297</timestamp>
			</report>
			<report>
				<misses>2493001</misses>
				<total>551</total>
				<timestamp>373.597092</timestamp>
			</report>
			<report>
				<misses>2494001</misses>
				<total>551</total>
				<timestamp>373.746931</timestamp>
			</report>
			<report>
				<misses>2495001</misses>
				<total>551</total>
				<timestamp>373.896779</timestamp>
			</report>
			<report>
				<misses>2496001</misses>
				<total>551</total>
				<timestamp>374.046636</timestamp>
			</report>
			<report>
				<misses>2497001</misses>
				<total>551</total>
				<timestamp>374.196481</timestamp>
			</report>
			<report>
				<misses>2498001</misses>
				<total>551</total>
				<timestamp>374.346353</timestamp>
			</report>
			<report>
				<misses>2499001</misses>
				<total>551</total>
				<timestamp>374.496205</timestamp>
			</report>
			<report>
				<misses>2500001</misses>
				<total>551</total>
				<timestamp>374.646100</timestamp>
			</report>
			<report>
				<misses>2501001</misses>
				<total>551</total>
				<timestamp>374.795899</timestamp>
			</report>
			<report>
				<misses>2502001</misses>
				<total>551</total>
				<timestamp>374.945735</timestamp>
			</report>
			<report>
				<misses>2503001</misses>
				<total>551</total>
				<timestamp>375.095595</timestamp>
			</report>
			<report>
				<misses>2504001</misses>
				<total>551</total>
				<timestamp>375.245431</timestamp>
			</report>
			<report>
				<misses>2505001</misses>
				<total>551</total>
				<timestamp>375.395290</timestamp>
			</report>
			<report>
				<misses>2506001</misses>
				<total>551</total>
				<timestamp>375.545164</timestamp>
			</report>
			<report>
				<misses>2507001</misses>
				<total>551</total>
				<timestamp>375.695029</timestamp>
			</report>
			<report>
				<misses>2508001</misses>
				<total>551</total>
				<timestamp>375.844833</timestamp>
			</report>
			<report>
				<misses>2509001</misses>
				<total>551</total>
				<timestamp>375.994688</timestamp>
			</report>
			<report>
				<misses>2510001</misses>
				<total>551</total>
				<timestamp>376.144536</timestamp>
			</report>
			<report>
				<misses>2511001</misses>
				<total>551</total>
				<timestamp>376.294381</timestamp>
			</report>
			<report>
				<misses>2512001</misses>
				<total>551</total>
				<timestamp>376.444274</timestamp>
			</report>
			<report>
				<misses>2513001</misses>
				<total>551</total>
				<timestamp>376.594130</timestamp>
			</report>
			<report>
				<misses>2514001</misses>
				<total>551</total>
				<timestamp>376.743925</timestamp>
			</report>
			<report>
				<misses>2515001</misses>
				<total>551</total>
				<timestamp>376.893808</timestamp>
			</report>
			<report>
				<misses>2516001</misses>
				<total>551</total>
				<timestamp>377.043662</timestamp>
			</report>
			<report>
				<misses>2517001</misses>
				<total>551</total>
				<timestamp>377.193478</timestamp>
			</report>
			<report>
				<misses>2518001</misses>
				<total>551</total>
				<timestamp>377.343330</timestamp>
			</report>
			<report>
				<misses>2519001</misses>
				<total>551</total>
				<timestamp>377.493208</timestamp>
			</report>
			<report>
				<misses>2520001</misses>
				<total>551</total>
				<timestamp>377.643039</timestamp>
			</report>
			<report>
				<misses>2521001</misses>
				<total>551</total>
				<timestamp>377.792888</timestamp>
			</report>
			<report>
				<misses>2522001</misses>
				<total>551</total>
				<timestamp>377.942739</timestamp>
			</report>
			<report>
				<misses>2523001</misses>
				<total>551</total>
				<timestamp>378.092596</timestamp>
			</report>
			<report>
				<misses>2524001</misses>
				<total>551</total>
				<timestamp>378.242436</timestamp>
			</report>
			<report>
				<misses>2525001</misses>
				<total>551</total>
				<timestamp>378.392277</timestamp>
			</report>
			<report>
				<misses>2526001</misses>
				<total>551</total>
				<timestamp>378.542167</timestamp>
			</report>
			<report>
				<misses>2527001</misses>
				<total>551</total>
				<timestamp>378.692038</timestamp>
			</report>
			<report>
				<misses>2528001</misses>
				<total>551</total>
				<timestamp>378.841833</timestamp>
			</report>
			<report>
				<misses>2529001</misses>
				<total>551</total>
				<timestamp>378.991706</timestamp>
			</report>
			<report>
				<misses>2530001</misses>
				<total>551</total>
				<timestamp>379.141529</timestamp>
			</report>
			<report>
				<misses>2531001</misses>
				<total>551</total>
				<timestamp>379.291377</timestamp>
			</report>
			<report>
				<misses>2532001</misses>
				<total>551</total>
				<timestamp>379.441272</timestamp>
			</report>
			<report>
				<misses>2533001</misses>
				<total>551</total>
				<timestamp>379.591091</timestamp>
			</report>
			<report>
				<misses>2534001</misses>
				<total>550</total>
				<timestamp>379.740976</timestamp>
			</report>
			<report>
				<misses>2535001</misses>
				<total>551</total>
				<timestamp>379.890790</timestamp>
			</report>
			<report>
				<misses>2536001</misses>
				<total>554</total>
				<timestamp>380.040635</timestamp>
			</report>
			<report>
				<misses>2537001</misses>
				<total>554</total>
				<timestamp>380.190530</timestamp>
			</report>
			<report>
				<misses>2538001</misses>
				<total>554</total>
				<timestamp>380.340345</timestamp>
			</report>
			<report>
				<misses>2539001</misses>
				<total>554</total>
				<timestamp>380.490189</timestamp>
			</report>
			<report>
				<misses>2540001</misses>
				<total>554</total>
				<timestamp>380.640046</timestamp>
			</report>
			<report>
				<misses>2541001</misses>
				<total>554</total>
				<timestamp>380.789963</timestamp>
			</report>
			<report>
				<misses>2542001</misses>
				<total>554</total>
				<timestamp>380.939760</timestamp>
			</report>
			<report>
				<misses>2543001</misses>
				<total>554</total>
				<timestamp>381.089606</timestamp>
			</report>
			<report>
				<misses>2544001</misses>
				<total>554</total>
				<timestamp>381.239507</timestamp>
			</report>
			<report>
				<misses>2545001</misses>
				<total>554</total>
				<timestamp>381.389364</timestamp>
			</report>
			<report>
				<misses>2546001</misses>
				<total>554</total>
				<timestamp>381.539230</timestamp>
			</report>
			<report>
				<misses>2547001</misses>
				<total>554</total>
				<timestamp>381.689086</timestamp>
			</report>
			<report>
				<misses>2548001</misses>
				<total>554</total>
				<timestamp>381.838907</timestamp>
			</report>
			<report>
				<misses>2549001</misses>
				<total>554</total>
				<timestamp>381.988686</timestamp>
			</report>
			<report>
				<misses>2550001</misses>
				<total>554</total>
				<timestamp>382.138582</timestamp>
			</report>
			<report>
				<misses>2551001</misses>
				<total>554</total>
				<timestamp>382.288390</timestamp>
			</report>
			<report>
				<misses>2552001</misses>
				<total>554</total>
				<timestamp>382.438333</timestamp>
			</report>
			<report>
				<misses>2553001</misses>
				<total>554</total>
				<timestamp>382.588155</timestamp>
			</report>
			<report>
				<misses>2554001</misses>
				<total>554</total>
				<timestamp>382.738055</timestamp>
			</report>
			<report>
				<misses>2555001</misses>
				<total>554</total>
				<timestamp>382.888035</timestamp>
			</report>
			<report>
				<misses>2556001</misses>
				<total>554</total>
				<timestamp>383.037835</timestamp>
			</report>
			<report>
				<misses>2557001</misses>
				<total>554</total>
				<timestamp>383.187644</timestamp>
			</report>
			<report>
				<misses>2558001</misses>
				<total>554</total>
				<timestamp>383.337642</timestamp>
			</report>
			<report>
				<misses>2559001</misses>
				<total>554</total>
				<timestamp>383.487518</timestamp>
			</report>
			<report>
				<misses>2560001</misses>
				<total>554</total>
				<timestamp>383.637377</timestamp>
			</report>
			<report>
				<misses>2561001</misses>
				<total>554</total>
				<timestamp>383.787204</timestamp>
			</report>
			<report>
				<misses>2562001</misses>
				<total>554</total>
				<timestamp>383.937100</timestamp>
			</report>
			<report>
				<misses>2563001</misses>
				<total>555</total>
				<timestamp>384.086919</timestamp>
			</report>
			<report>
				<misses>2564001</misses>
				<total>555</total>
				<timestamp>384.236830</timestamp>
			</report>
			<report>
				<misses>2565001</misses>
				<total>555</total>
				<timestamp>384.386713</timestamp>
			</report>
			<report>
				<misses>2566001</misses>
				<total>555</total>
				<timestamp>384.536597</timestamp>
			</report>
			<report>
				<misses>2567001</misses>
				<total>555</total>
				<timestamp>384.686418</timestamp>
			</report>
			<report>
				<misses>2568001</misses>
				<total>555</total>
				<timestamp>384.836293</timestamp>
			</report>
			<report>
				<misses>2569001</misses>
				<total>555</total>
				<timestamp>384.986158</timestamp>
			</report>
			<report>
				<misses>2570001</misses>
				<total>555</total>
				<timestamp>385.135984</timestamp>
			</report>
			<report>
				<misses>2571001</misses>
				<total>557</total>
				<timestamp>385.285830</timestamp>
			</report>
			<report>
				<misses>2572001</misses>
				<total>557</total>
				<timestamp>385.435744</timestamp>
			</report>
			<report>
				<misses>2573001</misses>
				<total>557</total>
				<timestamp>385.585528</timestamp>
			</report>
			<report>
				<misses>2574001</misses>
				<total>557</total>
				<timestamp>385.735379</timestamp>
			</report>
			<report>
				<misses>2575001</misses>
				<total>556</total>
				<timestamp>385.885247</timestamp>
			</report>
			<report>
				<misses>2576001</misses>
				<total>557</total>
				<timestamp>386.035132</timestamp>
			</report>
			<report>
				<misses>2577001</misses>
				<total>557</total>
				<timestamp>386.184935</timestamp>
			</report>
			<report>
				<misses>2578001</misses>
				<total>557</total>
				<timestamp>386.334769</timestamp>
			</report>
			<report>
				<misses>2579001</misses>
				<total>557</total>
				<timestamp>386.484668</timestamp>
			</report>
			<report>
				<misses>2580001</misses>
				<total>559</total>
				<timestamp>386.634470</timestamp>
			</report>
			<report>
				<misses>2581001</misses>
				<total>559</total>
				<timestamp>386.784332</timestamp>
			</report>
			<report>
				<misses>2582001</misses>
				<total>559</total>
				<timestamp>386.934198</timestamp>
			</report>
			<report>
				<misses>2583001</misses>
				<total>559</total>
				<timestamp>387.084031</timestamp>
			</report>
			<report>
				<misses>2584001</misses>
				<total>559</total>
				<timestamp>387.233927</timestamp>
			</report>
			<report>
				<misses>2585001</misses>
				<total>559</total>
				<timestamp>387.383735</timestamp>
			</report>
			<report>
				<misses>2586001</misses>
				<total>559</total>
				<timestamp>387.533601</timestamp>
			</report>
			<report>
				<misses>2587001</misses>
				<total>559</total>
				<timestamp>387.683427</timestamp>
			</report>
			<report>
				<misses>2588001</misses>
				<total>559</total>
				<timestamp>387.833292</timestamp>
			</report>
			<report>
				<misses>2589001</misses>
				<total>559</total>
				<timestamp>387.983143</timestamp>
			</report>
			<report>
				<misses>2590001</misses>
				<total>559</total>
				<timestamp>388.132986</timestamp>
			</report>
			<report>
				<misses>2591001</misses>
				<total>559</total>
				<timestamp>388.282841</timestamp>
			</report>
			<report>
				<misses>2592001</misses>
				<total>559</total>
				<timestamp>388.432705</timestamp>
			</report>
			<report>
				<misses>2593001</misses>
				<total>559</total>
				<timestamp>388.582553</timestamp>
			</report>
			<report>
				<misses>2594001</misses>
				<total>559</total>
				<timestamp>388.732386</timestamp>
			</report>
			<report>
				<misses>2595001</misses>
				<total>559</total>
				<timestamp>388.882220</timestamp>
			</report>
			<report>
				<misses>2596001</misses>
				<total>559</total>
				<timestamp>389.032091</timestamp>
			</report>
			<report>
				<misses>2597001</misses>
				<total>559</total>
				<timestamp>389.181945</timestamp>
			</report>
			<report>
				<misses>2598001</misses>
				<total>559</total>
				<timestamp>389.331794</timestamp>
			</report>
			<report>
				<misses>2599001</misses>
				<total>559</total>
				<timestamp>389.481654</timestamp>
			</report>
			<report>
				<misses>2600001</misses>
				<total>559</total>
				<timestamp>389.631497</timestamp>
			</report>
			<report>
				<misses>2601001</misses>
				<total>559</total>
				<timestamp>389.781361</timestamp>
			</report>
			<report>
				<misses>2602001</misses>
				<total>559</total>
				<timestamp>389.931214</timestamp>
			</report>
			<report>
				<misses>2603001</misses>
				<total>559</total>
				<timestamp>390.081067</timestamp>
			</report>
			<report>
				<misses>2604001</misses>
				<total>559</total>
				<timestamp>390.230933</timestamp>
			</report>
			<report>
				<misses>2605001</misses>
				<total>562</total>
				<timestamp>390.380732</timestamp>
			</report>
			<report>
				<misses>2606001</misses>
				<total>562</total>
				<timestamp>390.530587</timestamp>
			</report>
			<report>
				<misses>2607001</misses>
				<total>561</total>
				<timestamp>390.680508</timestamp>
			</report>
			<report>
				<misses>2608001</misses>
				<total>562</total>
				<timestamp>390.830366</timestamp>
			</report>
			<report>
				<misses>2609001</misses>
				<total>562</total>
				<timestamp>390.980213</timestamp>
			</report>
			<report>
				<misses>2610001</misses>
				<total>562</total>
				<timestamp>391.130047</timestamp>
			</report>
			<report>
				<misses>2611001</misses>
				<total>562</total>
				<timestamp>391.279863</timestamp>
			</report>
			<report>
				<misses>2612001</misses>
				<total>562</total>
				<timestamp>391.429763</timestamp>
			</report>
			<report>
				<misses>2613001</misses>
				<total>562</total>
				<timestamp>391.579540</timestamp>
			</report>
			<report>
				<misses>2614001</misses>
				<total>562</total>
				<timestamp>391.729407</timestamp>
			</report>
			<report>
				<misses>2615001</misses>
				<total>563</total>
				<timestamp>391.879335</timestamp>
			</report>
			<report>
				<misses>2616001</misses>
				<total>563</total>
				<timestamp>392.029209</timestamp>
			</report>
			<report>
				<misses>2617001</misses>
				<total>563</total>
				<timestamp>392.179120</timestamp>
			</report>
			<report>
				<misses>2618001</misses>
				<total>563</total>
				<timestamp>392.328936</timestamp>
			</report>
			<report>
				<misses>2619001</misses>
				<total>563</total>
				<timestamp>392.478839</timestamp>
			</report>
			<report>
				<misses>2620001</misses>
				<total>567</total>
				<timestamp>392.628697</timestamp>
			</report>
			<report>
				<misses>2621001</misses>
				<total>567</total>
				<timestamp>392.778573</timestamp>
			</report>
			<report>
				<misses>2622001</misses>
				<total>569</total>
				<timestamp>392.928404</timestamp>
			</report>
			<report>
				<misses>2623001</misses>
				<total>569</total>
				<timestamp>393.078274</timestamp>
			</report>
			<report>
				<misses>2624001</misses>
				<total>569</total>
				<timestamp>393.228105</timestamp>
			</report>
			<report>
				<misses>2625001</misses>
				<total>569</total>
				<timestamp>393.377942</timestamp>
			</report>
			<report>
				<misses>2626001</misses>
				<total>569</total>
				<timestamp>393.527790</timestamp>
			</report>
			<report>
				<misses>2627001</misses>
				<total>569</total>
				<timestamp>393.677678</timestamp>
			</report>
			<report>
				<misses>2628001</misses>
				<total>569</total>
				<timestamp>393.827457</timestamp>
			</report>
			<report>
				<misses>2629001</misses>
				<total>569</total>
				<timestamp>393.977296</timestamp>
			</report>
			<report>
				<misses>2630001</misses>
				<total>569</total>
				<timestamp>394.127263</timestamp>
			</report>
			<report>
				<misses>2631001</misses>
				<total>569</total>
				<timestamp>394.277162</timestamp>
			</report>
			<report>
				<misses>2632001</misses>
				<total>569</total>
				<timestamp>394.427034</timestamp>
			</report>
			<report>
				<misses>2633001</misses>
				<total>569</total>
				<timestamp>394.576912</timestamp>
			</report>
			<report>
				<misses>2634001</misses>
				<total>569</total>
				<timestamp>394.726742</timestamp>
			</report>
			<report>
				<misses>2635001</misses>
				<total>569</total>
				<timestamp>394.876609</timestamp>
			</report>
			<report>
				<misses>2636001</misses>
				<total>569</total>
				<timestamp>395.026492</timestamp>
			</report>
			<report>
				<misses>2637001</misses>
				<total>569</total>
				<timestamp>395.176284</timestamp>
			</report>
			<report>
				<misses>2638001</misses>
				<total>570</total>
				<timestamp>395.326100</timestamp>
			</report>
			<report>
				<misses>2639001</misses>
				<total>570</total>
				<timestamp>395.476038</timestamp>
			</report>
			<report>
				<misses>2640001</misses>
				<total>570</total>
				<timestamp>395.625823</timestamp>
			</report>
			<report>
				<misses>2641001</misses>
				<total>570</total>
				<timestamp>395.775703</timestamp>
			</report>
			<report>
				<misses>2642001</misses>
				<total>570</total>
				<timestamp>395.925515</timestamp>
			</report>
			<report>
				<misses>2643001</misses>
				<total>570</total>
				<timestamp>396.075380</timestamp>
			</report>
			<report>
				<misses>2644001</misses>
				<total>570</total>
				<timestamp>396.225201</timestamp>
			</report>
			<report>
				<misses>2645001</misses>
				<total>570</total>
				<timestamp>396.375112</timestamp>
			</report>
			<report>
				<misses>2646001</misses>
				<total>570</total>
				<timestamp>396.524877</timestamp>
			</report>
			<report>
				<misses>2647001</misses>
				<total>571</total>
				<timestamp>396.674768</timestamp>
			</report>
			<report>
				<misses>2648001</misses>
				<total>571</total>
				<timestamp>396.824585</timestamp>
			</report>
			<report>
				<misses>2649001</misses>
				<total>571</total>
				<timestamp>396.974523</timestamp>
			</report>
			<report>
				<misses>2650001</misses>
				<total>571</total>
				<timestamp>397.124386</timestamp>
			</report>
			<report>
				<misses>2651001</misses>
				<total>572</total>
				<timestamp>397.274195</timestamp>
			</report>
			<report>
				<misses>2652001</misses>
				<total>572</total>
				<timestamp>397.424102</timestamp>
			</report>
			<report>
				<misses>2653001</misses>
				<total>572</total>
				<timestamp>397.574007</timestamp>
			</report>
			<report>
				<misses>2654001</misses>
				<total>572</total>
				<timestamp>397.723885</timestamp>
			</report>
			<report>
				<misses>2655001</misses>
				<total>572</total>
				<timestamp>397.873779</timestamp>
			</report>
			<report>
				<misses>2656001</misses>
				<total>572</total>
				<timestamp>398.023528</timestamp>
			</report>
			<report>
				<misses>2657001</misses>
				<total>572</total>
				<timestamp>398.173393</timestamp>
			</report>
			<report>
				<misses>2658001</misses>
				<total>572</total>
				<timestamp>398.323334</timestamp>
			</report>
			<report>
				<misses>2659001</misses>
				<total>573</total>
				<timestamp>398.473103</timestamp>
			</report>
			<report>
				<misses>2660001</misses>
				<total>572</total>
				<timestamp>398.623010</timestamp>
			</report>
			<report>
				<misses>2661001</misses>
				<total>572</total>
				<timestamp>398.772877</timestamp>
			</report>
			<report>
				<misses>2662001</misses>
				<total>572</total>
				<timestamp>398.922613</timestamp>
			</report>
			<report>
				<misses>2663001</misses>
				<total>572</total>
				<timestamp>399.072484</timestamp>
			</report>
			<report>
				<misses>2664001</misses>
				<total>572</total>
				<timestamp>399.222407</timestamp>
			</report>
			<report>
				<misses>2665001</misses>
				<total>572</total>
				<timestamp>399.372339</timestamp>
			</report>
			<report>
				<misses>2666001</misses>
				<total>571</total>
				<timestamp>399.522288</timestamp>
			</report>
			<report>
				<misses>2667001</misses>
				<total>572</total>
				<timestamp>399.672193</timestamp>
			</report>
			<report>
				<misses>2668001</misses>
				<total>571</total>
				<timestamp>399.822055</timestamp>
			</report>
			<report>
				<misses>2669001</misses>
				<total>572</total>
				<timestamp>399.971886</timestamp>
			</report>
			<report>
				<misses>2670001</misses>
				<total>572</total>
				<timestamp>400.121728</timestamp>
			</report>
			<report>
				<misses>2671001</misses>
				<total>571</total>
				<timestamp>400.271589</timestamp>
			</report>
			<report>
				<misses>2672001</misses>
				<total>572</total>
				<timestamp>400.421411</timestamp>
			</report>
			<report>
				<misses>2673001</misses>
				<total>571</total>
				<timestamp>400.571278</timestamp>
			</report>
			<report>
				<misses>2674001</misses>
				<total>572</total>
				<timestamp>400.721147</timestamp>
			</report>
			<report>
				<misses>2675001</misses>
				<total>572</total>
				<timestamp>400.871005</timestamp>
			</report>
			<report>
				<misses>2676001</misses>
				<total>572</total>
				<timestamp>401.020863</timestamp>
			</report>
			<report>
				<misses>2677001</misses>
				<total>572</total>
				<timestamp>401.170711</timestamp>
			</report>
			<report>
				<misses>2678001</misses>
				<total>572</total>
				<timestamp>401.320549</timestamp>
			</report>
			<report>
				<misses>2679001</misses>
				<total>572</total>
				<timestamp>401.470381</timestamp>
			</report>
			<report>
				<misses>2680001</misses>
				<total>572</total>
				<timestamp>401.620213</timestamp>
			</report>
			<report>
				<misses>2681001</misses>
				<total>572</total>
				<timestamp>401.770118</timestamp>
			</report>
			<report>
				<misses>2682001</misses>
				<total>572</total>
				<timestamp>401.919944</timestamp>
			</report>
			<report>
				<misses>2683001</misses>
				<total>572</total>
				<timestamp>402.069827</timestamp>
			</report>
			<report>
				<misses>2684001</misses>
				<total>572</total>
				<timestamp>402.219615</timestamp>
			</report>
			<report>
				<misses>2685001</misses>
				<total>572</total>
				<timestamp>402.369484</timestamp>
			</report>
			<report>
				<misses>2686001</misses>
				<total>572</total>
				<timestamp>402.519349</timestamp>
			</report>
			<report>
				<misses>2687001</misses>
				<total>572</total>
				<timestamp>402.669170</timestamp>
			</report>
			<report>
				<misses>2688001</misses>
				<total>572</total>
				<timestamp>402.819027</timestamp>
			</report>
			<report>
				<misses>2689001</misses>
				<total>572</total>
				<timestamp>402.968903</timestamp>
			</report>
			<report>
				<misses>2690001</misses>
				<total>574</total>
				<timestamp>403.118765</timestamp>
			</report>
			<report>
				<misses>2691001</misses>
				<total>574</total>
				<timestamp>403.268568</timestamp>
			</report>
			<report>
				<misses>2692001</misses>
				<total>574</total>
				<timestamp>403.418445</timestamp>
			</report>
			<report>
				<misses>2693001</misses>
				<total>574</total>
				<timestamp>403.568305</timestamp>
			</report>
			<report>
				<misses>2694001</misses>
				<total>574</total>
				<timestamp>403.718133</timestamp>
			</report>
			<report>
				<misses>2695001</misses>
				<total>573</total>
				<timestamp>403.867994</timestamp>
			</report>
			<report>
				<misses>2696001</misses>
				<total>574</total>
				<timestamp>404.017831</timestamp>
			</report>
			<report>
				<misses>2697001</misses>
				<total>573</total>
				<timestamp>404.167727</timestamp>
			</report>
			<report>
				<misses>2698001</misses>
				<total>574</total>
				<timestamp>404.317521</timestamp>
			</report>
			<report>
				<misses>2699001</misses>
				<total>574</total>
				<timestamp>404.467365</timestamp>
			</report>
			<report>
				<misses>2700001</misses>
				<total>574</total>
				<timestamp>404.617252</timestamp>
			</report>
			<report>
				<misses>2701001</misses>
				<total>574</total>
				<timestamp>404.767079</timestamp>
			</report>
			<report>
				<misses>2702001</misses>
				<total>574</total>
				<timestamp>404.916957</timestamp>
			</report>
			<report>
				<misses>2703001</misses>
				<total>574</total>
				<timestamp>405.066815</timestamp>
			</report>
			<report>
				<misses>2704001</misses>
				<total>574</total>
				<timestamp>405.216658</timestamp>
			</report>
			<report>
				<misses>2705001</misses>
				<total>574</total>
				<timestamp>405.366466</timestamp>
			</report>
			<report>
				<misses>2706001</misses>
				<total>574</total>
				<timestamp>405.516320</timestamp>
			</report>
			<report>
				<misses>2707001</misses>
				<total>574</total>
				<timestamp>405.666197</timestamp>
			</report>
			<report>
				<misses>2708001</misses>
				<total>574</total>
				<timestamp>405.816040</timestamp>
			</report>
			<report>
				<misses>2709001</misses>
				<total>574</total>
				<timestamp>405.965876</timestamp>
			</report>
			<report>
				<misses>2710001</misses>
				<total>574</total>
				<timestamp>406.115732</timestamp>
			</report>
			<report>
				<misses>2711001</misses>
				<total>574</total>
				<timestamp>406.265569</timestamp>
			</report>
			<report>
				<misses>2712001</misses>
				<total>574</total>
				<timestamp>406.415458</timestamp>
			</report>
			<report>
				<misses>2713001</misses>
				<total>574</total>
				<timestamp>406.565287</timestamp>
			</report>
			<report>
				<misses>2714001</misses>
				<total>574</total>
				<timestamp>406.715135</timestamp>
			</report>
			<report>
				<misses>2715001</misses>
				<total>574</total>
				<timestamp>406.864992</timestamp>
			</report>
			<report>
				<misses>2716001</misses>
				<total>579</total>
				<timestamp>407.014821</timestamp>
			</report>
			<report>
				<misses>2717001</misses>
				<total>579</total>
				<timestamp>407.164675</timestamp>
			</report>
			<report>
				<misses>2718001</misses>
				<total>579</total>
				<timestamp>407.314540</timestamp>
			</report>
			<report>
				<misses>2719001</misses>
				<total>579</total>
				<timestamp>407.464379</timestamp>
			</report>
			<report>
				<misses>2720001</misses>
				<total>579</total>
				<timestamp>407.614228</timestamp>
			</report>
			<report>
				<misses>2721001</misses>
				<total>579</total>
				<timestamp>407.764082</timestamp>
			</report>
			<report>
				<misses>2722001</misses>
				<total>579</total>
				<timestamp>407.913978</timestamp>
			</report>
			<report>
				<misses>2723001</misses>
				<total>579</total>
				<timestamp>408.063823</timestamp>
			</report>
			<report>
				<misses>2724001</misses>
				<total>579</total>
				<timestamp>408.213643</timestamp>
			</report>
			<report>
				<misses>2725001</misses>
				<total>579</total>
				<timestamp>408.363475</timestamp>
			</report>
			<report>
				<misses>2726001</misses>
				<total>580</total>
				<timestamp>408.513348</timestamp>
			</report>
			<report>
				<misses>2727001</misses>
				<total>580</total>
				<timestamp>408.663167</timestamp>
			</report>
			<report>
				<misses>2728001</misses>
				<total>580</total>
				<timestamp>408.813038</timestamp>
			</report>
			<report>
				<misses>2729001</misses>
				<total>580</total>
				<timestamp>408.962886</timestamp>
			</report>
			<report>
				<misses>2730001</misses>
				<total>580</total>
				<timestamp>409.112771</timestamp>
			</report>
			<report>
				<misses>2731001</misses>
				<total>582</total>
				<timestamp>409.262598</timestamp>
			</report>
			<report>
				<misses>2732001</misses>
				<total>582</total>
				<timestamp>409.412426</timestamp>
			</report>
			<report>
				<misses>2733001</misses>
				<total>582</total>
				<timestamp>409.562298</timestamp>
			</report>
			<report>
				<misses>2734001</misses>
				<total>582</total>
				<timestamp>409.712151</timestamp>
			</report>
			<report>
				<misses>2735001</misses>
				<total>582</total>
				<timestamp>409.861981</timestamp>
			</report>
			<report>
				<misses>2736001</misses>
				<total>582</total>
				<timestamp>410.011846</timestamp>
			</report>
			<report>
				<misses>2737001</misses>
				<total>582</total>
				<timestamp>410.161679</timestamp>
			</report>
			<report>
				<misses>2738001</misses>
				<total>581</total>
				<timestamp>410.311583</timestamp>
			</report>
			<report>
				<misses>2739001</misses>
				<total>582</total>
				<timestamp>410.461368</timestamp>
			</report>
			<report>
				<misses>2740001</misses>
				<total>584</total>
				<timestamp>410.611254</timestamp>
			</report>
			<report>
				<misses>2741001</misses>
				<total>584</total>
				<timestamp>410.761094</timestamp>
			</report>
			<report>
				<misses>2742001</misses>
				<total>584</total>
				<timestamp>410.910929</timestamp>
			</report>
			<report>
				<misses>2743001</misses>
				<total>584</total>
				<timestamp>411.060788</timestamp>
			</report>
			<report>
				<misses>2744001</misses>
				<total>584</total>
				<timestamp>411.210635</timestamp>
			</report>
			<report>
				<misses>2745001</misses>
				<total>584</total>
				<timestamp>411.360524</timestamp>
			</report>
			<report>
				<misses>2746001</misses>
				<total>585</total>
				<timestamp>411.510348</timestamp>
			</report>
			<report>
				<misses>2747001</misses>
				<total>585</total>
				<timestamp>411.660195</timestamp>
			</report>
			<report>
				<misses>2748001</misses>
				<total>584</total>
				<timestamp>411.810072</timestamp>
			</report>
			<report>
				<misses>2749001</misses>
				<total>585</total>
				<timestamp>411.959893</timestamp>
			</report>
			<report>
				<misses>2750001</misses>
				<total>585</total>
				<timestamp>412.109799</timestamp>
			</report>
			<report>
				<misses>2751001</misses>
				<total>585</total>
				<timestamp>412.259588</timestamp>
			</report>
			<report>
				<misses>2752001</misses>
				<total>585</total>
				<timestamp>412.409419</timestamp>
			</report>
			<report>
				<misses>2753001</misses>
				<total>585</total>
				<timestamp>412.559295</timestamp>
			</report>
			<report>
				<misses>2754001</misses>
				<total>585</total>
				<timestamp>412.709148</timestamp>
			</report>
			<report>
				<misses>2755001</misses>
				<total>585</total>
				<timestamp>412.858989</timestamp>
			</report>
			<report>
				<misses>2756001</misses>
				<total>585</total>
				<timestamp>413.008835</timestamp>
			</report>
			<report>
				<misses>2757001</misses>
				<total>585</total>
				<timestamp>413.158693</timestamp>
			</report>
			<report>
				<misses>2758001</misses>
				<total>585</total>
				<timestamp>413.308533</timestamp>
			</report>
			<report>
				<misses>2759001</misses>
				<total>585</total>
				<timestamp>413.458401</timestamp>
			</report>
			<report>
				<misses>2760001</misses>
				<total>585</total>
				<timestamp>413.608232</timestamp>
			</report>
			<report>
				<misses>2761001</misses>
				<total>585</total>
				<timestamp>413.758083</timestamp>
			</report>
			<report>
				<misses>2762001</misses>
				<total>585</total>
				<timestamp>413.907928</timestamp>
			</report>
			<report>
				<misses>2763001</misses>
				<total>585</total>
				<timestamp>414.057794</timestamp>
			</report>
			<report>
				<misses>2764001</misses>
				<total>585</total>
				<timestamp>414.207620</timestamp>
			</report>
			<report>
				<misses>2765001</misses>
				<total>585</total>
				<timestamp>414.357497</timestamp>
			</report>
			<report>
				<misses>2766001</misses>
				<total>585</total>
				<timestamp>414.507334</timestamp>
			</report>
			<report>
				<misses>2767001</misses>
				<total>585</total>
				<timestamp>414.657186</timestamp>
			</report>
			<report>
				<misses>2768001</misses>
				<total>585</total>
				<timestamp>414.807020</timestamp>
			</report>
			<report>
				<misses>2769001</misses>
				<total>585</total>
				<timestamp>414.956922</timestamp>
			</report>
			<report>
				<misses>2770001</misses>
				<total>585</total>
				<timestamp>415.106761</timestamp>
			</report>
			<report>
				<misses>2771001</misses>
				<total>585</total>
				<timestamp>415.256624</timestamp>
			</report>
			<report>
				<misses>2772001</misses>
				<total>585</total>
				<timestamp>415.406420</timestamp>
			</report>
			<report>
				<misses>2773001</misses>
				<total>585</total>
				<timestamp>415.556293</timestamp>
			</report>
			<report>
				<misses>2774001</misses>
				<total>585</total>
				<timestamp>415.706141</timestamp>
			</report>
			<report>
				<misses>2775001</misses>
				<total>585</total>
				<timestamp>415.855991</timestamp>
			</report>
			<report>
				<misses>2776001</misses>
				<total>585</total>
				<timestamp>416.005862</timestamp>
			</report>
			<report>
				<misses>2777001</misses>
				<total>585</total>
				<timestamp>416.155702</timestamp>
			</report>
			<report>
				<misses>2778001</misses>
				<total>585</total>
				<timestamp>416.305526</timestamp>
			</report>
			<report>
				<misses>2779001</misses>
				<total>585</total>
				<timestamp>416.455378</timestamp>
			</report>
			<report>
				<misses>2780001</misses>
				<total>585</total>
				<timestamp>416.605227</timestamp>
			</report>
			<report>
				<misses>2781001</misses>
				<total>585</total>
				<timestamp>416.755081</timestamp>
			</report>
			<report>
				<misses>2782001</misses>
				<total>585</total>
				<timestamp>416.904954</timestamp>
			</report>
			<report>
				<misses>2783001</misses>
				<total>585</total>
				<timestamp>417.054805</timestamp>
			</report>
			<report>
				<misses>2784001</misses>
				<total>585</total>
				<timestamp>417.204620</timestamp>
			</report>
			<report>
				<misses>2785001</misses>
				<total>584</total>
				<timestamp>417.354556</timestamp>
			</report>
			<report>
				<misses>2786001</misses>
				<total>585</total>
				<timestamp>417.504340</timestamp>
			</report>
			<report>
				<misses>2787001</misses>
				<total>585</total>
				<timestamp>417.654202</timestamp>
			</report>
			<report>
				<misses>2788001</misses>
				<total>585</total>
				<timestamp>417.804013</timestamp>
			</report>
			<report>
				<misses>2789001</misses>
				<total>585</total>
				<timestamp>417.953920</timestamp>
			</report>
			<report>
				<misses>2790001</misses>
				<total>585</total>
				<timestamp>418.103785</timestamp>
			</report>
			<report>
				<misses>2791001</misses>
				<total>585</total>
				<timestamp>418.253564</timestamp>
			</report>
			<report>
				<misses>2792001</misses>
				<total>584</total>
				<timestamp>418.403438</timestamp>
			</report>
			<report>
				<misses>2793001</misses>
				<total>585</total>
				<timestamp>418.553274</timestamp>
			</report>
			<report>
				<misses>2794001</misses>
				<total>585</total>
				<timestamp>418.703156</timestamp>
			</report>
			<report>
				<misses>2795001</misses>
				<total>585</total>
				<timestamp>418.853014</timestamp>
			</report>
			<report>
				<misses>2796001</misses>
				<total>584</total>
				<timestamp>419.002850</timestamp>
			</report>
			<report>
				<misses>2797001</misses>
				<total>585</total>
				<timestamp>419.152677</timestamp>
			</report>
			<report>
				<misses>2798001</misses>
				<total>585</total>
				<timestamp>419.302561</timestamp>
			</report>
			<report>
				<misses>2799001</misses>
				<total>585</total>
				<timestamp>419.452373</timestamp>
			</report>
			<report>
				<misses>2800001</misses>
				<total>585</total>
				<timestamp>419.602264</timestamp>
			</report>
			<report>
				<misses>2801001</misses>
				<total>585</total>
				<timestamp>419.752078</timestamp>
			</report>
			<report>
				<misses>2802001</misses>
				<total>585</total>
				<timestamp>419.901927</timestamp>
			</report>
			<report>
				<misses>2803001</misses>
				<total>585</total>
				<timestamp>420.051788</timestamp>
			</report>
			<report>
				<misses>2804001</misses>
				<total>584</total>
				<timestamp>420.201638</timestamp>
			</report>
			<report>
				<misses>2805001</misses>
				<total>589</total>
				<timestamp>420.351498</timestamp>
			</report>
			<report>
				<misses>2806001</misses>
				<total>589</total>
				<timestamp>420.501324</timestamp>
			</report>
			<report>
				<misses>2807001</misses>
				<total>589</total>
				<timestamp>420.651210</timestamp>
			</report>
			<report>
				<misses>2808001</misses>
				<total>589</total>
				<timestamp>420.801027</timestamp>
			</report>
			<report>
				<misses>2809001</misses>
				<total>589</total>
				<timestamp>420.950878</timestamp>
			</report>
			<report>
				<misses>2810001</misses>
				<total>589</total>
				<timestamp>421.100731</timestamp>
			</report>
			<report>
				<misses>2811001</misses>
				<total>589</total>
				<timestamp>421.250573</timestamp>
			</report>
			<report>
				<misses>2812001</misses>
				<total>589</total>
				<timestamp>421.400451</timestamp>
			</report>
			<report>
				<misses>2813001</misses>
				<total>589</total>
				<timestamp>421.550304</timestamp>
			</report>
			<report>
				<misses>2814001</misses>
				<total>597</total>
				<timestamp>421.700147</timestamp>
			</report>
			<report>
				<misses>2815001</misses>
				<total>602</total>
				<timestamp>421.849985</timestamp>
			</report>
			<report>
				<misses>2816001</misses>
				<total>602</total>
				<timestamp>421.999849</timestamp>
			</report>
			<report>
				<misses>2817001</misses>
				<total>602</total>
				<timestamp>422.149702</timestamp>
			</report>
			<report>
				<misses>2818001</misses>
				<total>606</total>
				<timestamp>422.299537</timestamp>
			</report>
			<report>
				<misses>2819001</misses>
				<total>607</total>
				<timestamp>422.449394</timestamp>
			</report>
			<report>
				<misses>2820001</misses>
				<total>608</total>
				<timestamp>422.599253</timestamp>
			</report>
			<report>
				<misses>2821001</misses>
				<total>608</total>
				<timestamp>422.749073</timestamp>
			</report>
			<report>
				<misses>2822001</misses>
				<total>608</total>
				<timestamp>422.898938</timestamp>
			</report>
			<report>
				<misses>2823001</misses>
				<total>608</total>
				<timestamp>423.048791</timestamp>
			</report>
			<report>
				<misses>2824001</misses>
				<total>608</total>
				<timestamp>423.198743</timestamp>
			</report>
			<report>
				<misses>2825001</misses>
				<total>608</total>
				<timestamp>423.348648</timestamp>
			</report>
			<report>
				<misses>2826001</misses>
				<total>608</total>
				<timestamp>423.498540</timestamp>
			</report>
			<report>
				<misses>2827001</misses>
				<total>608</total>
				<timestamp>423.648335</timestamp>
			</report>
			<report>
				<misses>2828001</misses>
				<total>608</total>
				<timestamp>423.798191</timestamp>
			</report>
			<report>
				<misses>2829001</misses>
				<total>608</total>
				<timestamp>423.948034</timestamp>
			</report>
			<report>
				<misses>2830001</misses>
				<total>608</total>
				<timestamp>424.098000</timestamp>
			</report>
			<report>
				<misses>2831001</misses>
				<total>611</total>
				<timestamp>424.247917</timestamp>
			</report>
			<report>
				<misses>2832001</misses>
				<total>611</total>
				<timestamp>424.397760</timestamp>
			</report>
			<report>
				<misses>2833001</misses>
				<total>611</total>
				<timestamp>424.547610</timestamp>
			</report>
			<report>
				<misses>2834001</misses>
				<total>611</total>
				<timestamp>424.697514</timestamp>
			</report>
			<report>
				<misses>2835001</misses>
				<total>611</total>
				<timestamp>424.847332</timestamp>
			</report>
			<report>
				<misses>2836001</misses>
				<total>611</total>
				<timestamp>424.997140</timestamp>
			</report>
			<report>
				<misses>2837001</misses>
				<total>611</total>
				<timestamp>425.147013</timestamp>
			</report>
			<report>
				<misses>2838001</misses>
				<total>611</total>
				<timestamp>425.296835</timestamp>
			</report>
			<report>
				<misses>2839001</misses>
				<total>611</total>
				<timestamp>425.446720</timestamp>
			</report>
			<report>
				<misses>2840001</misses>
				<total>611</total>
				<timestamp>425.596641</timestamp>
			</report>
			<report>
				<misses>2841001</misses>
				<total>610</total>
				<timestamp>425.746460</timestamp>
			</report>
			<report>
				<misses>2842001</misses>
				<total>611</total>
				<timestamp>425.896238</timestamp>
			</report>
			<report>
				<misses>2843001</misses>
				<total>611</total>
				<timestamp>426.046142</timestamp>
			</report>
			<report>
				<misses>2844001</misses>
				<total>611</total>
				<timestamp>426.195991</timestamp>
			</report>
			<report>
				<misses>2845001</misses>
				<total>611</total>
				<timestamp>426.345789</timestamp>
			</report>
			<report>
				<misses>2846001</misses>
				<total>611</total>
				<timestamp>426.495714</timestamp>
			</report>
			<report>
				<misses>2847001</misses>
				<total>611</total>
				<timestamp>426.645582</timestamp>
			</report>
			<report>
				<misses>2848001</misses>
				<total>611</total>
				<timestamp>426.795340</timestamp>
			</report>
			<report>
				<misses>2849001</misses>
				<total>611</total>
				<timestamp>426.945209</timestamp>
			</report>
			<report>
				<misses>2850001</misses>
				<total>616</total>
				<timestamp>427.095107</timestamp>
			</report>
			<report>
				<misses>2851001</misses>
				<total>617</total>
				<timestamp>427.245008</timestamp>
			</report>
			<report>
				<misses>2852001</misses>
				<total>617</total>
				<timestamp>427.394970</timestamp>
			</report>
			<report>
				<misses>2853001</misses>
				<total>619</total>
				<timestamp>427.544830</timestamp>
			</report>
			<report>
				<misses>2854001</misses>
				<total>619</total>
				<timestamp>427.694599</timestamp>
			</report>
			<report>
				<misses>2855001</misses>
				<total>619</total>
				<timestamp>427.844506</timestamp>
			</report>
			<report>
				<misses>2856001</misses>
				<total>618</total>
				<timestamp>427.994356</timestamp>
			</report>
			<report>
				<misses>2857001</misses>
				<total>619</total>
				<timestamp>428.144145</timestamp>
			</report>
			<report>
				<misses>2858001</misses>
				<total>619</total>
				<timestamp>428.294083</timestamp>
			</report>
			<report>
				<misses>2859001</misses>
				<total>619</total>
				<timestamp>428.443893</timestamp>
			</report>
			<report>
				<misses>2860001</misses>
				<total>619</total>
				<timestamp>428.593758</timestamp>
			</report>
			<report>
				<misses>2861001</misses>
				<total>619</total>
				<timestamp>428.743618</timestamp>
			</report>
			<report>
				<misses>2862001</misses>
				<total>619</total>
				<timestamp>428.893424</timestamp>
			</report>
			<report>
				<misses>2863001</misses>
				<total>619</total>
				<timestamp>429.043286</timestamp>
			</report>
			<report>
				<misses>2864001</misses>
				<total>619</total>
				<timestamp>429.193096</timestamp>
			</report>
			<report>
				<misses>2865001</misses>
				<total>619</total>
				<timestamp>429.342951</timestamp>
			</report>
			<report>
				<misses>2866001</misses>
				<total>619</total>
				<timestamp>429.492825</timestamp>
			</report>
			<report>
				<misses>2867001</misses>
				<total>619</total>
				<timestamp>429.642746</timestamp>
			</report>
			<report>
				<misses>2868001</misses>
				<total>619</total>
				<timestamp>429.792690</timestamp>
			</report>
			<report>
				<misses>2869001</misses>
				<total>619</total>
				<timestamp>429.942542</timestamp>
			</report>
			<report>
				<misses>2870001</misses>
				<total>619</total>
				<timestamp>430.092368</timestamp>
			</report>
			<report>
				<misses>2871001</misses>
				<total>619</total>
				<timestamp>430.242245</timestamp>
			</report>
			<report>
				<misses>2872001</misses>
				<total>619</total>
				<timestamp>430.392138</timestamp>
			</report>
			<report>
				<misses>2873001</misses>
				<total>619</total>
				<timestamp>430.541934</timestamp>
			</report>
			<report>
				<misses>2874001</misses>
				<total>619</total>
				<timestamp>430.691762</timestamp>
			</report>
			<report>
				<misses>2875001</misses>
				<total>619</total>
				<timestamp>430.841707</timestamp>
			</report>
			<report>
				<misses>2876001</misses>
				<total>619</total>
				<timestamp>430.991650</timestamp>
			</report>
			<report>
				<misses>2877001</misses>
				<total>619</total>
				<timestamp>431.141573</timestamp>
			</report>
			<report>
				<misses>2878001</misses>
				<total>619</total>
				<timestamp>431.291560</timestamp>
			</report>
			<report>
				<misses>2879001</misses>
				<total>619</total>
				<timestamp>431.441542</timestamp>
			</report>
			<report>
				<misses>2880001</misses>
				<total>619</total>
				<timestamp>431.591292</timestamp>
			</report>
			<report>
				<misses>2881001</misses>
				<total>619</total>
				<timestamp>431.741210</timestamp>
			</report>
			<report>
				<misses>2882001</misses>
				<total>619</total>
				<timestamp>431.891059</timestamp>
			</report>
			<report>
				<misses>2883001</misses>
				<total>619</total>
				<timestamp>432.040888</timestamp>
			</report>
			<report>
				<misses>2884001</misses>
				<total>619</total>
				<timestamp>432.190796</timestamp>
			</report>
			<report>
				<misses>2885001</misses>
				<total>619</total>
				<timestamp>432.340710</timestamp>
			</report>
			<report>
				<misses>2886001</misses>
				<total>620</total>
				<timestamp>432.490611</timestamp>
			</report>
			<report>
				<misses>2887001</misses>
				<total>620</total>
				<timestamp>432.640468</timestamp>
			</report>
			<report>
				<misses>2888001</misses>
				<total>620</total>
				<timestamp>432.790346</timestamp>
			</report>
			<report>
				<misses>2889001</misses>
				<total>620</total>
				<timestamp>432.940251</timestamp>
			</report>
			<report>
				<misses>2890001</misses>
				<total>620</total>
				<timestamp>433.090160</timestamp>
			</report>
			<report>
				<misses>2891001</misses>
				<total>620</total>
				<timestamp>433.239931</timestamp>
			</report>
			<report>
				<misses>2892001</misses>
				<total>620</total>
				<timestamp>433.389868</timestamp>
			</report>
			<report>
				<misses>2893001</misses>
				<total>620</total>
				<timestamp>433.539762</timestamp>
			</report>
			<report>
				<misses>2894001</misses>
				<total>620</total>
				<timestamp>433.689736</timestamp>
			</report>
			<report>
				<misses>2895001</misses>
				<total>620</total>
				<timestamp>433.839503</timestamp>
			</report>
			<report>
				<misses>2896001</misses>
				<total>619</total>
				<timestamp>433.989452</timestamp>
			</report>
			<report>
				<misses>2897001</misses>
				<total>620</total>
				<timestamp>434.139463</timestamp>
			</report>
			<report>
				<misses>2898001</misses>
				<total>620</total>
				<timestamp>434.289431</timestamp>
			</report>
			<report>
				<misses>2899001</misses>
				<total>620</total>
				<timestamp>434.439235</timestamp>
			</report>
			<report>
				<misses>2900001</misses>
				<total>620</total>
				<timestamp>434.589159</timestamp>
			</report>
			<report>
				<misses>2901001</misses>
				<total>620</total>
				<timestamp>434.739119</timestamp>
			</report>
			<report>
				<misses>2902001</misses>
				<total>620</total>
				<timestamp>434.888965</timestamp>
			</report>
			<report>
				<misses>2903001</misses>
				<total>620</total>
				<timestamp>435.038806</timestamp>
			</report>
			<report>
				<misses>2904001</misses>
				<total>620</total>
				<timestamp>435.188645</timestamp>
			</report>
			<report>
				<misses>2905001</misses>
				<total>620</total>
				<timestamp>435.338564</timestamp>
			</report>
			<report>
				<misses>2906001</misses>
				<total>620</total>
				<timestamp>435.488422</timestamp>
			</report>
			<report>
				<misses>2907001</misses>
				<total>620</total>
				<timestamp>435.638412</timestamp>
			</report>
			<report>
				<misses>2908001</misses>
				<total>620</total>
				<timestamp>435.788364</timestamp>
			</report>
			<report>
				<misses>2909001</misses>
				<total>620</total>
				<timestamp>435.938159</timestamp>
			</report>
			<report>
				<misses>2910001</misses>
				<total>620</total>
				<timestamp>436.088062</timestamp>
			</report>
			<report>
				<misses>2911001</misses>
				<total>620</total>
				<timestamp>436.237861</timestamp>
			</report>
			<report>
				<misses>2912001</misses>
				<total>620</total>
				<timestamp>436.387768</timestamp>
			</report>
			<report>
				<misses>2913001</misses>
				<total>620</total>
				<timestamp>436.537533</timestamp>
			</report>
			<report>
				<misses>2914001</misses>
				<total>620</total>
				<timestamp>436.687424</timestamp>
			</report>
			<report>
				<misses>2915001</misses>
				<total>620</total>
				<timestamp>436.837244</timestamp>
			</report>
			<report>
				<misses>2916001</misses>
				<total>620</total>
				<timestamp>436.987085</timestamp>
			</report>
			<report>
				<misses>2917001</misses>
				<total>620</total>
				<timestamp>437.136966</timestamp>
			</report>
			<report>
				<misses>2918001</misses>
				<total>620</total>
				<timestamp>437.286788</timestamp>
			</report>
			<report>
				<misses>2919001</misses>
				<total>620</total>
				<timestamp>437.436740</timestamp>
			</report>
			<report>
				<misses>2920001</misses>
				<total>620</total>
				<timestamp>437.586512</timestamp>
			</report>
			<report>
				<misses>2921001</misses>
				<total>620</total>
				<timestamp>437.736428</timestamp>
			</report>
			<report>
				<misses>2922001</misses>
				<total>620</total>
				<timestamp>437.886305</timestamp>
			</report>
			<report>
				<misses>2923001</misses>
				<total>620</total>
				<timestamp>438.036182</timestamp>
			</report>
			<report>
				<misses>2924001</misses>
				<total>620</total>
				<timestamp>438.186014</timestamp>
			</report>
			<report>
				<misses>2925001</misses>
				<total>620</total>
				<timestamp>438.335878</timestamp>
			</report>
			<report>
				<misses>2926001</misses>
				<total>620</total>
				<timestamp>438.485829</timestamp>
			</report>
			<report>
				<misses>2927001</misses>
				<total>620</total>
				<timestamp>438.635641</timestamp>
			</report>
			<report>
				<misses>2928001</misses>
				<total>620</total>
				<timestamp>438.785426</timestamp>
			</report>
			<report>
				<misses>2929001</misses>
				<total>620</total>
				<timestamp>438.935316</timestamp>
			</report>
			<report>
				<misses>2930001</misses>
				<total>620</total>
				<timestamp>439.085268</timestamp>
			</report>
			<report>
				<misses>2931001</misses>
				<total>620</total>
				<timestamp>439.235261</timestamp>
			</report>
			<report>
				<misses>2932001</misses>
				<total>620</total>
				<timestamp>439.385188</timestamp>
			</report>
			<report>
				<misses>2933001</misses>
				<total>620</total>
				<timestamp>439.535078</timestamp>
			</report>
			<report>
				<misses>2934001</misses>
				<total>620</total>
				<timestamp>439.684831</timestamp>
			</report>
			<report>
				<misses>2935001</misses>
				<total>620</total>
				<timestamp>439.834810</timestamp>
			</report>
			<report>
				<misses>2936001</misses>
				<total>620</total>
				<timestamp>439.984799</timestamp>
			</report>
			<report>
				<misses>2937001</misses>
				<total>620</total>
				<timestamp>440.134711</timestamp>
			</report>
			<report>
				<misses>2938001</misses>
				<total>620</total>
				<timestamp>440.284639</timestamp>
			</report>
			<report>
				<misses>2939001</misses>
				<total>620</total>
				<timestamp>440.434414</timestamp>
			</report>
			<report>
				<misses>2940001</misses>
				<total>620</total>
				<timestamp>440.584265</timestamp>
			</report>
			<report>
				<misses>2941001</misses>
				<total>620</total>
				<timestamp>440.734180</timestamp>
			</report>
			<report>
				<misses>2942001</misses>
				<total>620</total>
				<timestamp>440.883946</timestamp>
			</report>
			<report>
				<misses>2943001</misses>
				<total>620</total>
				<timestamp>441.033809</timestamp>
			</report>
			<report>
				<misses>2944001</misses>
				<total>620</total>
				<timestamp>441.183705</timestamp>
			</report>
			<report>
				<misses>2945001</misses>
				<total>620</total>
				<timestamp>441.333521</timestamp>
			</report>
			<report>
				<misses>2946001</misses>
				<total>620</total>
				<timestamp>441.483412</timestamp>
			</report>
			<report>
				<misses>2947001</misses>
				<total>620</total>
				<timestamp>441.633194</timestamp>
			</report>
			<report>
				<misses>2948001</misses>
				<total>620</total>
				<timestamp>441.783102</timestamp>
			</report>
			<report>
				<misses>2949001</misses>
				<total>620</total>
				<timestamp>441.932920</timestamp>
			</report>
			<report>
				<misses>2950001</misses>
				<total>620</total>
				<timestamp>442.082827</timestamp>
			</report>
			<report>
				<misses>2951001</misses>
				<total>620</total>
				<timestamp>442.232631</timestamp>
			</report>
			<report>
				<misses>2952001</misses>
				<total>620</total>
				<timestamp>442.382526</timestamp>
			</report>
			<report>
				<misses>2953001</misses>
				<total>620</total>
				<timestamp>442.532340</timestamp>
			</report>
			<report>
				<misses>2954001</misses>
				<total>620</total>
				<timestamp>442.682233</timestamp>
			</report>
			<report>
				<misses>2955001</misses>
				<total>620</total>
				<timestamp>442.832055</timestamp>
			</report>
			<report>
				<misses>2956001</misses>
				<total>620</total>
				<timestamp>442.981845</timestamp>
			</report>
			<report>
				<misses>2957001</misses>
				<total>620</total>
				<timestamp>443.131687</timestamp>
			</report>
			<report>
				<misses>2958001</misses>
				<total>620</total>
				<timestamp>443.281528</timestamp>
			</report>
			<report>
				<misses>2959001</misses>
				<total>620</total>
				<timestamp>443.431453</timestamp>
			</report>
			<report>
				<misses>2960001</misses>
				<total>620</total>
				<timestamp>443.581237</timestamp>
			</report>
			<report>
				<misses>2961001</misses>
				<total>620</total>
				<timestamp>443.731178</timestamp>
			</report>
			<report>
				<misses>2962001</misses>
				<total>620</total>
				<timestamp>443.880981</timestamp>
			</report>
			<report>
				<misses>2963001</misses>
				<total>620</total>
				<timestamp>444.030906</timestamp>
			</report>
			<report>
				<misses>2964001</misses>
				<total>623</total>
				<timestamp>444.180834</timestamp>
			</report>
			<report>
				<misses>2965001</misses>
				<total>623</total>
				<timestamp>444.330793</timestamp>
			</report>
			<report>
				<misses>2966001</misses>
				<total>623</total>
				<timestamp>444.480742</timestamp>
			</report>
			<report>
				<misses>2967001</misses>
				<total>623</total>
				<timestamp>444.630571</timestamp>
			</report>
			<report>
				<misses>2968001</misses>
				<total>623</total>
				<timestamp>444.780407</timestamp>
			</report>
			<report>
				<misses>2969001</misses>
				<total>623</total>
				<timestamp>444.930235</timestamp>
			</report>
			<report>
				<misses>2970001</misses>
				<total>623</total>
				<timestamp>445.080093</timestamp>
			</report>
			<report>
				<misses>2971001</misses>
				<total>623</total>
				<timestamp>445.229961</timestamp>
			</report>
			<report>
				<misses>2972001</misses>
				<total>623</total>
				<timestamp>445.379810</timestamp>
			</report>
			<report>
				<misses>2973001</misses>
				<total>623</total>
				<timestamp>445.529706</timestamp>
			</report>
			<report>
				<misses>2974001</misses>
				<total>623</total>
				<timestamp>445.679641</timestamp>
			</report>
			<report>
				<misses>2975001</misses>
				<total>623</total>
				<timestamp>445.829547</timestamp>
			</report>
			<report>
				<misses>2976001</misses>
				<total>623</total>
				<timestamp>445.979446</timestamp>
			</report>
			<report>
				<misses>2977001</misses>
				<total>623</total>
				<timestamp>446.129297</timestamp>
			</report>
			<report>
				<misses>2978001</misses>
				<total>623</total>
				<timestamp>446.279271</timestamp>
			</report>
			<report>
				<misses>2979001</misses>
				<total>623</total>
				<timestamp>446.429189</timestamp>
			</report>
			<report>
				<misses>2980001</misses>
				<total>623</total>
				<timestamp>446.579042</timestamp>
			</report>
			<report>
				<misses>2981001</misses>
				<total>623</total>
				<timestamp>446.728878</timestamp>
			</report>
			<report>
				<misses>2982001</misses>
				<total>622</total>
				<timestamp>446.878727</timestamp>
			</report>
			<report>
				<misses>2983001</misses>
				<total>623</total>
				<timestamp>447.028665</timestamp>
			</report>
			<report>
				<misses>2984001</misses>
				<total>623</total>
				<timestamp>447.178615</timestamp>
			</report>
			<report>
				<misses>2985001</misses>
				<total>623</total>
				<timestamp>447.328443</timestamp>
			</report>
			<report>
				<misses>2986001</misses>
				<total>623</total>
				<timestamp>447.478289</timestamp>
			</report>
			<report>
				<misses>2987001</misses>
				<total>623</total>
				<timestamp>447.628091</timestamp>
			</report>
			<report>
				<misses>2988001</misses>
				<total>623</total>
				<timestamp>447.777993</timestamp>
			</report>
			<report>
				<misses>2989001</misses>
				<total>623</total>
				<timestamp>447.927886</timestamp>
			</report>
			<report>
				<misses>2990001</misses>
				<total>623</total>
				<timestamp>448.077689</timestamp>
			</report>
			<report>
				<misses>2991001</misses>
				<total>623</total>
				<timestamp>448.227547</timestamp>
			</report>
			<report>
				<misses>2992001</misses>
				<total>623</total>
				<timestamp>448.377365</timestamp>
			</report>
			<report>
				<misses>2993001</misses>
				<total>623</total>
				<timestamp>448.527199</timestamp>
			</report>
			<report>
				<misses>2994001</misses>
				<total>623</total>
				<timestamp>448.677061</timestamp>
			</report>
			<report>
				<misses>2995001</misses>
				<total>623</total>
				<timestamp>448.826895</timestamp>
			</report>
			<report>
				<misses>2996001</misses>
				<total>622</total>
				<timestamp>448.976849</timestamp>
			</report>
			<report>
				<misses>2997001</misses>
				<total>623</total>
				<timestamp>449.126885</timestamp>
			</report>
			<report>
				<misses>2998001</misses>
				<total>623</total>
				<timestamp>449.276873</timestamp>
			</report>
			<report>
				<misses>2999001</misses>
				<total>623</total>
				<timestamp>449.426788</timestamp>
			</report>
			<report>
				<misses>3000001</misses>
				<total>623</total>
				<timestamp>449.576617</timestamp>
			</report>
			<report>
				<misses>3001001</misses>
				<total>623</total>
				<timestamp>449.726462</timestamp>
			</report>
			<report>
				<misses>3002001</misses>
				<total>623</total>
				<timestamp>449.876332</timestamp>
			</report>
			<report>
				<misses>3003001</misses>
				<total>623</total>
				<timestamp>450.026173</timestamp>
			</report>
			<report>
				<misses>3004001</misses>
				<total>623</total>
				<timestamp>450.176080</timestamp>
			</report>
			<report>
				<misses>3005001</misses>
				<total>623</total>
				<timestamp>450.325939</timestamp>
			</report>
			<report>
				<misses>3006001</misses>
				<total>623</total>
				<timestamp>450.475760</timestamp>
			</report>
			<report>
				<misses>3007001</misses>
				<total>623</total>
				<timestamp>450.625612</timestamp>
			</report>
			<report>
				<misses>3008001</misses>
				<total>627</total>
				<timestamp>450.775418</timestamp>
			</report>
			<report>
				<misses>3009001</misses>
				<total>627</total>
				<timestamp>450.925242</timestamp>
			</report>
			<report>
				<misses>3010001</misses>
				<total>627</total>
				<timestamp>451.075184</timestamp>
			</report>
			<report>
				<misses>3011001</misses>
				<total>627</total>
				<timestamp>451.224961</timestamp>
			</report>
			<report>
				<misses>3012001</misses>
				<total>627</total>
				<timestamp>451.374907</timestamp>
			</report>
			<report>
				<misses>3013001</misses>
				<total>627</total>
				<timestamp>451.524840</timestamp>
			</report>
			<report>
				<misses>3014001</misses>
				<total>627</total>
				<timestamp>451.674691</timestamp>
			</report>
			<report>
				<misses>3015001</misses>
				<total>627</total>
				<timestamp>451.824536</timestamp>
			</report>
			<report>
				<misses>3016001</misses>
				<total>627</total>
				<timestamp>451.974432</timestamp>
			</report>
			<report>
				<misses>3017001</misses>
				<total>628</total>
				<timestamp>452.124261</timestamp>
			</report>
			<report>
				<misses>3018001</misses>
				<total>628</total>
				<timestamp>452.274123</timestamp>
			</report>
			<report>
				<misses>3019001</misses>
				<total>628</total>
				<timestamp>452.423891</timestamp>
			</report>
			<report>
				<misses>3020001</misses>
				<total>630</total>
				<timestamp>452.573770</timestamp>
			</report>
			<report>
				<misses>3021001</misses>
				<total>630</total>
				<timestamp>452.723625</timestamp>
			</report>
			<report>
				<misses>3022001</misses>
				<total>630</total>
				<timestamp>452.873512</timestamp>
			</report>
			<report>
				<misses>3023001</misses>
				<total>630</total>
				<timestamp>453.023344</timestamp>
			</report>
			<report>
				<misses>3024001</misses>
				<total>630</total>
				<timestamp>453.173237</timestamp>
			</report>
			<report>
				<misses>3025001</misses>
				<total>630</total>
				<timestamp>453.322992</timestamp>
			</report>
			<report>
				<misses>3026001</misses>
				<total>630</total>
				<timestamp>453.472826</timestamp>
			</report>
			<report>
				<misses>3027001</misses>
				<total>629</total>
				<timestamp>453.622717</timestamp>
			</report>
			<report>
				<misses>3028001</misses>
				<total>630</total>
				<timestamp>453.772551</timestamp>
			</report>
			<report>
				<misses>3029001</misses>
				<total>630</total>
				<timestamp>453.922439</timestamp>
			</report>
			<report>
				<misses>3030001</misses>
				<total>630</total>
				<timestamp>454.072333</timestamp>
			</report>
			<report>
				<misses>3031001</misses>
				<total>630</total>
				<timestamp>454.222134</timestamp>
			</report>
			<report>
				<misses>3032001</misses>
				<total>633</total>
				<timestamp>454.372022</timestamp>
			</report>
			<report>
				<misses>3033001</misses>
				<total>633</total>
				<timestamp>454.521888</timestamp>
			</report>
			<report>
				<misses>3034001</misses>
				<total>633</total>
				<timestamp>454.671755</timestamp>
			</report>
			<report>
				<misses>3035001</misses>
				<total>633</total>
				<timestamp>454.821684</timestamp>
			</report>
			<report>
				<misses>3036001</misses>
				<total>633</total>
				<timestamp>454.971556</timestamp>
			</report>
			<report>
				<misses>3037001</misses>
				<total>633</total>
				<timestamp>455.121358</timestamp>
			</report>
			<report>
				<misses>3038001</misses>
				<total>633</total>
				<timestamp>455.271278</timestamp>
			</report>
			<report>
				<misses>3039001</misses>
				<total>633</total>
				<timestamp>455.421136</timestamp>
			</report>
			<report>
				<misses>3040001</misses>
				<total>633</total>
				<timestamp>455.570941</timestamp>
			</report>
			<report>
				<misses>3041001</misses>
				<total>633</total>
				<timestamp>455.720786</timestamp>
			</report>
			<report>
				<misses>3042001</misses>
				<total>633</total>
				<timestamp>455.870631</timestamp>
			</report>
			<report>
				<misses>3043001</misses>
				<total>633</total>
				<timestamp>456.020515</timestamp>
			</report>
			<report>
				<misses>3044001</misses>
				<total>633</total>
				<timestamp>456.170375</timestamp>
			</report>
			<report>
				<misses>3045001</misses>
				<total>633</total>
				<timestamp>456.320161</timestamp>
			</report>
			<report>
				<misses>3046001</misses>
				<total>633</total>
				<timestamp>456.469995</timestamp>
			</report>
			<report>
				<misses>3047001</misses>
				<total>633</total>
				<timestamp>456.619941</timestamp>
			</report>
			<report>
				<misses>3048001</misses>
				<total>633</total>
				<timestamp>456.769731</timestamp>
			</report>
			<report>
				<misses>3049001</misses>
				<total>632</total>
				<timestamp>456.919785</timestamp>
			</report>
			<report>
				<misses>3050001</misses>
				<total>633</total>
				<timestamp>457.069556</timestamp>
			</report>
			<report>
				<misses>3051001</misses>
				<total>633</total>
				<timestamp>457.219411</timestamp>
			</report>
			<report>
				<misses>3052001</misses>
				<total>633</total>
				<timestamp>457.369351</timestamp>
			</report>
			<report>
				<misses>3053001</misses>
				<total>633</total>
				<timestamp>457.519269</timestamp>
			</report>
			<report>
				<misses>3054001</misses>
				<total>640</total>
				<timestamp>457.669135</timestamp>
			</report>
			<report>
				<misses>3055001</misses>
				<total>640</total>
				<timestamp>457.819007</timestamp>
			</report>
			<report>
				<misses>3056001</misses>
				<total>640</total>
				<timestamp>457.968805</timestamp>
			</report>
			<report>
				<misses>3057001</misses>
				<total>640</total>
				<timestamp>458.118632</timestamp>
			</report>
			<report>
				<misses>3058001</misses>
				<total>640</total>
				<timestamp>458.268615</timestamp>
			</report>
			<report>
				<misses>3059001</misses>
				<total>640</total>
				<timestamp>458.418490</timestamp>
			</report>
			<report>
				<misses>3060001</misses>
				<total>640</total>
				<timestamp>458.568436</timestamp>
			</report>
			<report>
				<misses>3061001</misses>
				<total>640</total>
				<timestamp>458.718212</timestamp>
			</report>
			<report>
				<misses>3062001</misses>
				<total>640</total>
				<timestamp>458.868035</timestamp>
			</report>
			<report>
				<misses>3063001</misses>
				<total>640</total>
				<timestamp>459.017893</timestamp>
			</report>
			<report>
				<misses>3064001</misses>
				<total>640</total>
				<timestamp>459.167751</timestamp>
			</report>
			<report>
				<misses>3065001</misses>
				<total>640</total>
				<timestamp>459.317645</timestamp>
			</report>
			<report>
				<misses>3066001</misses>
				<total>640</total>
				<timestamp>459.467547</timestamp>
			</report>
			<report>
				<misses>3067001</misses>
				<total>640</total>
				<timestamp>459.617555</timestamp>
			</report>
			<report>
				<misses>3068001</misses>
				<total>640</total>
				<timestamp>459.767481</timestamp>
			</report>
			<report>
				<misses>3069001</misses>
				<total>640</total>
				<timestamp>459.917344</timestamp>
			</report>
			<report>
				<misses>3070001</misses>
				<total>640</total>
				<timestamp>460.067203</timestamp>
			</report>
			<report>
				<misses>3071001</misses>
				<total>640</total>
				<timestamp>460.217046</timestamp>
			</report>
			<report>
				<misses>3072001</misses>
				<total>640</total>
				<timestamp>460.366941</timestamp>
			</report>
			<report>
				<misses>3073001</misses>
				<total>640</total>
				<timestamp>460.516734</timestamp>
			</report>
			<report>
				<misses>3074001</misses>
				<total>640</total>
				<timestamp>460.666528</timestamp>
			</report>
			<report>
				<misses>3075001</misses>
				<total>640</total>
				<timestamp>460.816435</timestamp>
			</report>
			<report>
				<misses>3076001</misses>
				<total>640</total>
				<timestamp>460.966305</timestamp>
			</report>
			<report>
				<misses>3077001</misses>
				<total>647</total>
				<timestamp>461.116125</timestamp>
			</report>
			<report>
				<misses>3078001</misses>
				<total>647</total>
				<timestamp>461.265984</timestamp>
			</report>
			<report>
				<misses>3079001</misses>
				<total>647</total>
				<timestamp>461.415836</timestamp>
			</report>
			<report>
				<misses>3080001</misses>
				<total>647</total>
				<timestamp>461.565645</timestamp>
			</report>
			<report>
				<misses>3081001</misses>
				<total>647</total>
				<timestamp>461.715507</timestamp>
			</report>
			<report>
				<misses>3082001</misses>
				<total>647</total>
				<timestamp>461.865461</timestamp>
			</report>
			<report>
				<misses>3083001</misses>
				<total>647</total>
				<timestamp>462.015337</timestamp>
			</report>
			<report>
				<misses>3084001</misses>
				<total>647</total>
				<timestamp>462.165241</timestamp>
			</report>
			<report>
				<misses>3085001</misses>
				<total>647</total>
				<timestamp>462.315043</timestamp>
			</report>
			<report>
				<misses>3086001</misses>
				<total>647</total>
				<timestamp>462.464962</timestamp>
			</report>
			<report>
				<misses>3087001</misses>
				<total>647</total>
				<timestamp>462.614790</timestamp>
			</report>
			<report>
				<misses>3088001</misses>
				<total>647</total>
				<timestamp>462.764706</timestamp>
			</report>
			<report>
				<misses>3089001</misses>
				<total>647</total>
				<timestamp>462.914694</timestamp>
			</report>
			<report>
				<misses>3090001</misses>
				<total>647</total>
				<timestamp>463.064617</timestamp>
			</report>
			<report>
				<misses>3091001</misses>
				<total>647</total>
				<timestamp>463.214462</timestamp>
			</report>
			<report>
				<misses>3092001</misses>
				<total>647</total>
				<timestamp>463.364407</timestamp>
			</report>
			<report>
				<misses>3093001</misses>
				<total>647</total>
				<timestamp>463.514336</timestamp>
			</report>
			<report>
				<misses>3094001</misses>
				<total>647</total>
				<timestamp>463.664207</timestamp>
			</report>
			<report>
				<misses>3095001</misses>
				<total>647</total>
				<timestamp>463.814047</timestamp>
			</report>
			<report>
				<misses>3096001</misses>
				<total>647</total>
				<timestamp>463.963833</timestamp>
			</report>
			<report>
				<misses>3097001</misses>
				<total>647</total>
				<timestamp>464.113717</timestamp>
			</report>
			<report>
				<misses>3098001</misses>
				<total>647</total>
				<timestamp>464.263541</timestamp>
			</report>
			<report>
				<misses>3099001</misses>
				<total>646</total>
				<timestamp>464.413436</timestamp>
			</report>
			<report>
				<misses>3100001</misses>
				<total>647</total>
				<timestamp>464.563343</timestamp>
			</report>
			<report>
				<misses>3101001</misses>
				<total>647</total>
				<timestamp>464.713172</timestamp>
			</report>
			<report>
				<misses>3102001</misses>
				<total>647</total>
				<timestamp>464.863037</timestamp>
			</report>
			<report>
				<misses>3103001</misses>
				<total>647</total>
				<timestamp>465.012848</timestamp>
			</report>
			<report>
				<misses>3104001</misses>
				<total>647</total>
				<timestamp>465.162784</timestamp>
			</report>
			<report>
				<misses>3105001</misses>
				<total>647</total>
				<timestamp>465.312697</timestamp>
			</report>
			<report>
				<misses>3106001</misses>
				<total>647</total>
				<timestamp>465.462558</timestamp>
			</report>
			<report>
				<misses>3107001</misses>
				<total>647</total>
				<timestamp>465.612446</timestamp>
			</report>
			<report>
				<misses>3108001</misses>
				<total>647</total>
				<timestamp>465.762405</timestamp>
			</report>
			<report>
				<misses>3109001</misses>
				<total>647</total>
				<timestamp>465.912217</timestamp>
			</report>
			<report>
				<misses>3110001</misses>
				<total>647</total>
				<timestamp>466.062059</timestamp>
			</report>
			<report>
				<misses>3111001</misses>
				<total>647</total>
				<timestamp>466.211925</timestamp>
			</report>
			<report>
				<misses>3112001</misses>
				<total>648</total>
				<timestamp>466.361836</timestamp>
			</report>
			<report>
				<misses>3113001</misses>
				<total>648</total>
				<timestamp>466.511661</timestamp>
			</report>
			<report>
				<misses>3114001</misses>
				<total>648</total>
				<timestamp>466.661490</timestamp>
			</report>
			<report>
				<misses>3115001</misses>
				<total>648</total>
				<timestamp>466.811330</timestamp>
			</report>
			<report>
				<misses>3116001</misses>
				<total>648</total>
				<timestamp>466.961186</timestamp>
			</report>
			<report>
				<misses>3117001</misses>
				<total>648</total>
				<timestamp>467.110992</timestamp>
			</report>
			<report>
				<misses>3118001</misses>
				<total>648</total>
				<timestamp>467.260870</timestamp>
			</report>
			<report>
				<misses>3119001</misses>
				<total>648</total>
				<timestamp>467.410788</timestamp>
			</report>
			<report>
				<misses>3120001</misses>
				<total>648</total>
				<timestamp>467.560606</timestamp>
			</report>
			<report>
				<misses>3121001</misses>
				<total>648</total>
				<timestamp>467.710528</timestamp>
			</report>
			<report>
				<misses>3122001</misses>
				<total>647</total>
				<timestamp>467.860513</timestamp>
			</report>
			<report>
				<misses>3123001</misses>
				<total>648</total>
				<timestamp>468.010438</timestamp>
			</report>
			<report>
				<misses>3124001</misses>
				<total>648</total>
				<timestamp>468.160330</timestamp>
			</report>
			<report>
				<misses>3125001</misses>
				<total>648</total>
				<timestamp>468.310199</timestamp>
			</report>
			<report>
				<misses>3126001</misses>
				<total>648</total>
				<timestamp>468.460090</timestamp>
			</report>
			<report>
				<misses>3127001</misses>
				<total>648</total>
				<timestamp>468.610045</timestamp>
			</report>
			<report>
				<misses>3128001</misses>
				<total>648</total>
				<timestamp>468.759938</timestamp>
			</report>
			<report>
				<misses>3129001</misses>
				<total>648</total>
				<timestamp>468.909789</timestamp>
			</report>
			<report>
				<misses>3130001</misses>
				<total>648</total>
				<timestamp>469.059669</timestamp>
			</report>
			<report>
				<misses>3131001</misses>
				<total>648</total>
				<timestamp>469.209521</timestamp>
			</report>
			<report>
				<misses>3132001</misses>
				<total>652</total>
				<timestamp>469.359411</timestamp>
			</report>
			<report>
				<misses>3133001</misses>
				<total>652</total>
				<timestamp>469.509258</timestamp>
			</report>
			<report>
				<misses>3134001</misses>
				<total>652</total>
				<timestamp>469.659093</timestamp>
			</report>
			<report>
				<misses>3135001</misses>
				<total>652</total>
				<timestamp>469.808921</timestamp>
			</report>
			<report>
				<misses>3136001</misses>
				<total>652</total>
				<timestamp>469.958732</timestamp>
			</report>
			<report>
				<misses>3137001</misses>
				<total>652</total>
				<timestamp>470.108656</timestamp>
			</report>
			<report>
				<misses>3138001</misses>
				<total>652</total>
				<timestamp>470.258519</timestamp>
			</report>
			<report>
				<misses>3139001</misses>
				<total>652</total>
				<timestamp>470.408302</timestamp>
			</report>
			<report>
				<misses>3140001</misses>
				<total>652</total>
				<timestamp>470.558201</timestamp>
			</report>
			<report>
				<misses>3141001</misses>
				<total>652</total>
				<timestamp>470.708000</timestamp>
			</report>
			<report>
				<misses>3142001</misses>
				<total>652</total>
				<timestamp>470.857879</timestamp>
			</report>
			<report>
				<misses>3143001</misses>
				<total>652</total>
				<timestamp>471.007695</timestamp>
			</report>
			<report>
				<misses>3144001</misses>
				<total>652</total>
				<timestamp>471.157552</timestamp>
			</report>
			<report>
				<misses>3145001</misses>
				<total>652</total>
				<timestamp>471.307438</timestamp>
			</report>
			<report>
				<misses>3146001</misses>
				<total>652</total>
				<timestamp>471.457317</timestamp>
			</report>
			<report>
				<misses>3147001</misses>
				<total>652</total>
				<timestamp>471.607177</timestamp>
			</report>
			<report>
				<misses>3148001</misses>
				<total>652</total>
				<timestamp>471.756940</timestamp>
			</report>
			<report>
				<misses>3149001</misses>
				<total>652</total>
				<timestamp>471.906794</timestamp>
			</report>
			<report>
				<misses>3150001</misses>
				<total>652</total>
				<timestamp>472.056714</timestamp>
			</report>
			<report>
				<misses>3151001</misses>
				<total>652</total>
				<timestamp>472.206605</timestamp>
			</report>
			<report>
				<misses>3152001</misses>
				<total>652</total>
				<timestamp>472.356477</timestamp>
			</report>
			<report>
				<misses>3153001</misses>
				<total>652</total>
				<timestamp>472.506451</timestamp>
			</report>
			<report>
				<misses>3154001</misses>
				<total>652</total>
				<timestamp>472.656366</timestamp>
			</report>
			<report>
				<misses>3155001</misses>
				<total>652</total>
				<timestamp>472.806310</timestamp>
			</report>
			<report>
				<misses>3156001</misses>
				<total>652</total>
				<timestamp>472.956303</timestamp>
			</report>
			<report>
				<misses>3157001</misses>
				<total>652</total>
				<timestamp>473.106226</timestamp>
			</report>
			<report>
				<misses>3158001</misses>
				<total>652</total>
				<timestamp>473.256133</timestamp>
			</report>
			<report>
				<misses>3159001</misses>
				<total>652</total>
				<timestamp>473.405982</timestamp>
			</report>
			<report>
				<misses>3160001</misses>
				<total>652</total>
				<timestamp>473.555847</timestamp>
			</report>
			<report>
				<misses>3161001</misses>
				<total>652</total>
				<timestamp>473.705856</timestamp>
			</report>
			<report>
				<misses>3162001</misses>
				<total>653</total>
				<timestamp>473.855866</timestamp>
			</report>
			<report>
				<misses>3163001</misses>
				<total>653</total>
				<timestamp>474.005738</timestamp>
			</report>
			<report>
				<misses>3164001</misses>
				<total>653</total>
				<timestamp>474.155671</timestamp>
			</report>
			<report>
				<misses>3165001</misses>
				<total>653</total>
				<timestamp>474.305457</timestamp>
			</report>
			<report>
				<misses>3166001</misses>
				<total>653</total>
				<timestamp>474.455370</timestamp>
			</report>
			<report>
				<misses>3167001</misses>
				<total>653</total>
				<timestamp>474.605170</timestamp>
			</report>
			<report>
				<misses>3168001</misses>
				<total>653</total>
				<timestamp>474.755052</timestamp>
			</report>
			<report>
				<misses>3169001</misses>
				<total>653</total>
				<timestamp>474.904908</timestamp>
			</report>
			<report>
				<misses>3170001</misses>
				<total>653</total>
				<timestamp>475.054802</timestamp>
			</report>
			<report>
				<misses>3171001</misses>
				<total>653</total>
				<timestamp>475.204784</timestamp>
			</report>
			<report>
				<misses>3172001</misses>
				<total>653</total>
				<timestamp>475.354630</timestamp>
			</report>
			<report>
				<misses>3173001</misses>
				<total>653</total>
				<timestamp>475.504463</timestamp>
			</report>
			<report>
				<misses>3174001</misses>
				<total>653</total>
				<timestamp>475.654283</timestamp>
			</report>
			<report>
				<misses>3175001</misses>
				<total>653</total>
				<timestamp>475.804112</timestamp>
			</report>
			<report>
				<misses>3176001</misses>
				<total>653</total>
				<timestamp>475.953933</timestamp>
			</report>
			<report>
				<misses>3177001</misses>
				<total>653</total>
				<timestamp>476.103839</timestamp>
			</report>
			<report>
				<misses>3178001</misses>
				<total>653</total>
				<timestamp>476.253652</timestamp>
			</report>
			<report>
				<misses>3179001</misses>
				<total>653</total>
				<timestamp>476.403540</timestamp>
			</report>
			<report>
				<misses>3180001</misses>
				<total>653</total>
				<timestamp>476.553373</timestamp>
			</report>
			<report>
				<misses>3181001</misses>
				<total>653</total>
				<timestamp>476.703236</timestamp>
			</report>
			<report>
				<misses>3182001</misses>
				<total>653</total>
				<timestamp>476.853014</timestamp>
			</report>
			<report>
				<misses>3183001</misses>
				<total>653</total>
				<timestamp>477.002990</timestamp>
			</report>
			<report>
				<misses>3184001</misses>
				<total>653</total>
				<timestamp>477.152735</timestamp>
			</report>
			<report>
				<misses>3185001</misses>
				<total>653</total>
				<timestamp>477.302598</timestamp>
			</report>
			<report>
				<misses>3186001</misses>
				<total>653</total>
				<timestamp>477.452522</timestamp>
			</report>
			<report>
				<misses>3187001</misses>
				<total>653</total>
				<timestamp>477.602413</timestamp>
			</report>
			<report>
				<misses>3188001</misses>
				<total>653</total>
				<timestamp>477.752399</timestamp>
			</report>
			<report>
				<misses>3189001</misses>
				<total>653</total>
				<timestamp>477.902356</timestamp>
			</report>
			<report>
				<misses>3190001</misses>
				<total>653</total>
				<timestamp>478.052261</timestamp>
			</report>
			<report>
				<misses>3191001</misses>
				<total>653</total>
				<timestamp>478.202279</timestamp>
			</report>
			<report>
				<misses>3192001</misses>
				<total>653</total>
				<timestamp>478.352161</timestamp>
			</report>
			<report>
				<misses>3193001</misses>
				<total>653</total>
				<timestamp>478.502027</timestamp>
			</report>
			<report>
				<misses>3194001</misses>
				<total>653</total>
				<timestamp>478.651873</timestamp>
			</report>
			<report>
				<misses>3195001</misses>
				<total>653</total>
				<timestamp>478.801686</timestamp>
			</report>
			<report>
				<misses>3196001</misses>
				<total>653</total>
				<timestamp>478.951628</timestamp>
			</report>
			<report>
				<misses>3197001</misses>
				<total>653</total>
				<timestamp>479.101383</timestamp>
			</report>
			<report>
				<misses>3198001</misses>
				<total>653</total>
				<timestamp>479.251306</timestamp>
			</report>
			<report>
				<misses>3199001</misses>
				<total>653</total>
				<timestamp>479.401135</timestamp>
			</report>
			<report>
				<misses>3200001</misses>
				<total>653</total>
				<timestamp>479.550979</timestamp>
			</report>
			<report>
				<misses>3201001</misses>
				<total>653</total>
				<timestamp>479.700896</timestamp>
			</report>
			<report>
				<misses>3202001</misses>
				<total>653</total>
				<timestamp>479.850803</timestamp>
			</report>
			<report>
				<misses>3203001</misses>
				<total>653</total>
				<timestamp>480.000631</timestamp>
			</report>
			<report>
				<misses>3204001</misses>
				<total>653</total>
				<timestamp>480.150483</timestamp>
			</report>
			<report>
				<misses>3205001</misses>
				<total>653</total>
				<timestamp>480.300353</timestamp>
			</report>
			<report>
				<misses>3206001</misses>
				<total>653</total>
				<timestamp>480.450256</timestamp>
			</report>
			<report>
				<misses>3207001</misses>
				<total>653</total>
				<timestamp>480.600068</timestamp>
			</report>
			<report>
				<misses>3208001</misses>
				<total>653</total>
				<timestamp>480.749924</timestamp>
			</report>
			<report>
				<misses>3209001</misses>
				<total>653</total>
				<timestamp>480.899829</timestamp>
			</report>
			<report>
				<misses>3210001</misses>
				<total>653</total>
				<timestamp>481.049679</timestamp>
			</report>
			<report>
				<misses>3211001</misses>
				<total>653</total>
				<timestamp>481.199461</timestamp>
			</report>
			<report>
				<misses>3212001</misses>
				<total>653</total>
				<timestamp>481.349395</timestamp>
			</report>
			<report>
				<misses>3213001</misses>
				<total>653</total>
				<timestamp>481.499411</timestamp>
			</report>
			<report>
				<misses>3214001</misses>
				<total>653</total>
				<timestamp>481.649391</timestamp>
			</report>
			<report>
				<misses>3215001</misses>
				<total>653</total>
				<timestamp>481.799153</timestamp>
			</report>
			<report>
				<misses>3216001</misses>
				<total>654</total>
				<timestamp>481.949093</timestamp>
			</report>
			<report>
				<misses>3217001</misses>
				<total>654</total>
				<timestamp>482.098859</timestamp>
			</report>
			<report>
				<misses>3218001</misses>
				<total>653</total>
				<timestamp>482.248811</timestamp>
			</report>
			<report>
				<misses>3219001</misses>
				<total>654</total>
				<timestamp>482.398683</timestamp>
			</report>
			<report>
				<misses>3220001</misses>
				<total>654</total>
				<timestamp>482.548573</timestamp>
			</report>
			<report>
				<misses>3221001</misses>
				<total>654</total>
				<timestamp>482.698414</timestamp>
			</report>
			<report>
				<misses>3222001</misses>
				<total>663</total>
				<timestamp>482.848372</timestamp>
			</report>
			<report>
				<misses>3223001</misses>
				<total>665</total>
				<timestamp>482.998278</timestamp>
			</report>
			<report>
				<misses>3224001</misses>
				<total>665</total>
				<timestamp>483.148152</timestamp>
			</report>
			<report>
				<misses>3225001</misses>
				<total>665</total>
				<timestamp>483.298034</timestamp>
			</report>
			<report>
				<misses>3226001</misses>
				<total>667</total>
				<timestamp>483.447856</timestamp>
			</report>
			<report>
				<misses>3227001</misses>
				<total>667</total>
				<timestamp>483.597752</timestamp>
			</report>
			<report>
				<misses>3228001</misses>
				<total>667</total>
				<timestamp>483.747707</timestamp>
			</report>
			<report>
				<misses>3229001</misses>
				<total>667</total>
				<timestamp>483.897549</timestamp>
			</report>
			<report>
				<misses>3230001</misses>
				<total>667</total>
				<timestamp>484.047432</timestamp>
			</report>
			<report>
				<misses>3231001</misses>
				<total>667</total>
				<timestamp>484.197263</timestamp>
			</report>
			<report>
				<misses>3232001</misses>
				<total>667</total>
				<timestamp>484.347154</timestamp>
			</report>
			<report>
				<misses>3233001</misses>
				<total>667</total>
				<timestamp>484.497033</timestamp>
			</report>
			<report>
				<misses>3234001</misses>
				<total>667</total>
				<timestamp>484.646887</timestamp>
			</report>
			<report>
				<misses>3235001</misses>
				<total>667</total>
				<timestamp>484.796842</timestamp>
			</report>
			<report>
				<misses>3236001</misses>
				<total>667</total>
				<timestamp>484.946591</timestamp>
			</report>
			<report>
				<misses>3237001</misses>
				<total>667</total>
				<timestamp>485.096462</timestamp>
			</report>
			<report>
				<misses>3238001</misses>
				<total>668</total>
				<timestamp>485.246342</timestamp>
			</report>
			<report>
				<misses>3239001</misses>
				<total>668</total>
				<timestamp>485.396182</timestamp>
			</report>
			<report>
				<misses>3240001</misses>
				<total>668</total>
				<timestamp>485.546043</timestamp>
			</report>
			<report>
				<misses>3241001</misses>
				<total>668</total>
				<timestamp>485.695940</timestamp>
			</report>
			<report>
				<misses>3242001</misses>
				<total>668</total>
				<timestamp>485.845748</timestamp>
			</report>
			<report>
				<misses>3243001</misses>
				<total>671</total>
				<timestamp>485.995596</timestamp>
			</report>
			<report>
				<misses>3244001</misses>
				<total>671</total>
				<timestamp>486.145482</timestamp>
			</report>
			<report>
				<misses>3245001</misses>
				<total>671</total>
				<timestamp>486.295281</timestamp>
			</report>
			<report>
				<misses>3246001</misses>
				<total>671</total>
				<timestamp>486.445223</timestamp>
			</report>
			<report>
				<misses>3247001</misses>
				<total>671</total>
				<timestamp>486.595207</timestamp>
			</report>
			<report>
				<misses>3248001</misses>
				<total>671</total>
				<timestamp>486.745084</timestamp>
			</report>
			<report>
				<misses>3249001</misses>
				<total>671</total>
				<timestamp>486.894986</timestamp>
			</report>
			<report>
				<misses>3250001</misses>
				<total>671</total>
				<timestamp>487.044792</timestamp>
			</report>
			<report>
				<misses>3251001</misses>
				<total>671</total>
				<timestamp>487.194705</timestamp>
			</report>
			<report>
				<misses>3252001</misses>
				<total>671</total>
				<timestamp>487.344515</timestamp>
			</report>
			<report>
				<misses>3253001</misses>
				<total>671</total>
				<timestamp>487.494370</timestamp>
			</report>
			<report>
				<misses>3254001</misses>
				<total>672</total>
				<timestamp>487.644276</timestamp>
			</report>
			<report>
				<misses>3255001</misses>
				<total>672</total>
				<timestamp>487.794099</timestamp>
			</report>
			<report>
				<misses>3256001</misses>
				<total>672</total>
				<timestamp>487.943887</timestamp>
			</report>
			<report>
				<misses>3257001</misses>
				<total>672</total>
				<timestamp>488.093792</timestamp>
			</report>
			<report>
				<misses>3258001</misses>
				<total>672</total>
				<timestamp>488.243650</timestamp>
			</report>
			<report>
				<misses>3259001</misses>
				<total>672</total>
				<timestamp>488.393533</timestamp>
			</report>
			<report>
				<misses>3260001</misses>
				<total>672</total>
				<timestamp>488.543357</timestamp>
			</report>
			<report>
				<misses>3261001</misses>
				<total>672</total>
				<timestamp>488.693208</timestamp>
			</report>
			<report>
				<misses>3262001</misses>
				<total>672</total>
				<timestamp>488.843097</timestamp>
			</report>
			<report>
				<misses>3263001</misses>
				<total>672</total>
				<timestamp>488.992984</timestamp>
			</report>
			<report>
				<misses>3264001</misses>
				<total>672</total>
				<timestamp>489.142828</timestamp>
			</report>
			<report>
				<misses>3265001</misses>
				<total>675</total>
				<timestamp>489.292723</timestamp>
			</report>
			<report>
				<misses>3266001</misses>
				<total>675</total>
				<timestamp>489.442603</timestamp>
			</report>
			<report>
				<misses>3267001</misses>
				<total>675</total>
				<timestamp>489.592508</timestamp>
			</report>
			<report>
				<misses>3268001</misses>
				<total>675</total>
				<timestamp>489.742441</timestamp>
			</report>
			<report>
				<misses>3269001</misses>
				<total>675</total>
				<timestamp>489.892332</timestamp>
			</report>
			<report>
				<misses>3270001</misses>
				<total>675</total>
				<timestamp>490.042095</timestamp>
			</report>
			<report>
				<misses>3271001</misses>
				<total>675</total>
				<timestamp>490.191950</timestamp>
			</report>
			<report>
				<misses>3272001</misses>
				<total>675</total>
				<timestamp>490.341829</timestamp>
			</report>
			<report>
				<misses>3273001</misses>
				<total>675</total>
				<timestamp>490.491640</timestamp>
			</report>
			<report>
				<misses>3274001</misses>
				<total>675</total>
				<timestamp>490.641491</timestamp>
			</report>
			<report>
				<misses>3275001</misses>
				<total>675</total>
				<timestamp>490.791390</timestamp>
			</report>
			<report>
				<misses>3276001</misses>
				<total>675</total>
				<timestamp>490.941323</timestamp>
			</report>
			<report>
				<misses>3277001</misses>
				<total>675</total>
				<timestamp>491.091286</timestamp>
			</report>
			<report>
				<misses>3278001</misses>
				<total>675</total>
				<timestamp>491.241045</timestamp>
			</report>
			<report>
				<misses>3279001</misses>
				<total>675</total>
				<timestamp>491.390927</timestamp>
			</report>
			<report>
				<misses>3280001</misses>
				<total>675</total>
				<timestamp>491.540745</timestamp>
			</report>
			<report>
				<misses>3281001</misses>
				<total>675</total>
				<timestamp>491.690621</timestamp>
			</report>
			<report>
				<misses>3282001</misses>
				<total>675</total>
				<timestamp>491.840469</timestamp>
			</report>
			<report>
				<misses>3283001</misses>
				<total>675</total>
				<timestamp>491.990364</timestamp>
			</report>
			<report>
				<misses>3284001</misses>
				<total>675</total>
				<timestamp>492.140152</timestamp>
			</report>
			<report>
				<misses>3285001</misses>
				<total>675</total>
				<timestamp>492.290040</timestamp>
			</report>
			<report>
				<misses>3286001</misses>
				<total>675</total>
				<timestamp>492.439900</timestamp>
			</report>
			<report>
				<misses>3287001</misses>
				<total>675</total>
				<timestamp>492.589712</timestamp>
			</report>
			<report>
				<misses>3288001</misses>
				<total>675</total>
				<timestamp>492.739611</timestamp>
			</report>
			<report>
				<misses>3289001</misses>
				<total>675</total>
				<timestamp>492.889440</timestamp>
			</report>
			<report>
				<misses>3290001</misses>
				<total>677</total>
				<timestamp>493.039357</timestamp>
			</report>
			<report>
				<misses>3291001</misses>
				<total>677</total>
				<timestamp>493.189264</timestamp>
			</report>
			<report>
				<misses>3292001</misses>
				<total>677</total>
				<timestamp>493.339084</timestamp>
			</report>
			<report>
				<misses>3293001</misses>
				<total>677</total>
				<timestamp>493.489030</timestamp>
			</report>
			<report>
				<misses>3294001</misses>
				<total>677</total>
				<timestamp>493.638844</timestamp>
			</report>
			<report>
				<misses>3295001</misses>
				<total>677</total>
				<timestamp>493.788650</timestamp>
			</report>
			<report>
				<misses>3296001</misses>
				<total>677</total>
				<timestamp>493.938495</timestamp>
			</report>
			<report>
				<misses>3297001</misses>
				<total>677</total>
				<timestamp>494.088459</timestamp>
			</report>
			<report>
				<misses>3298001</misses>
				<total>677</total>
				<timestamp>494.238336</timestamp>
			</report>
			<report>
				<misses>3299001</misses>
				<total>677</total>
				<timestamp>494.388305</timestamp>
			</report>
			<report>
				<misses>3300001</misses>
				<total>677</total>
				<timestamp>494.538309</timestamp>
			</report>
			<report>
				<misses>3301001</misses>
				<total>677</total>
				<timestamp>494.688247</timestamp>
			</report>
			<report>
				<misses>3302001</misses>
				<total>677</total>
				<timestamp>494.838114</timestamp>
			</report>
			<report>
				<misses>3303001</misses>
				<total>677</total>
				<timestamp>494.987906</timestamp>
			</report>
			<report>
				<misses>3304001</misses>
				<total>677</total>
				<timestamp>495.137781</timestamp>
			</report>
			<report>
				<misses>3305001</misses>
				<total>677</total>
				<timestamp>495.287695</timestamp>
			</report>
			<report>
				<misses>3306001</misses>
				<total>677</total>
				<timestamp>495.437579</timestamp>
			</report>
			<report>
				<misses>3307001</misses>
				<total>684</total>
				<timestamp>495.587455</timestamp>
			</report>
			<report>
				<misses>3308001</misses>
				<total>684</total>
				<timestamp>495.737367</timestamp>
			</report>
			<report>
				<misses>3309001</misses>
				<total>684</total>
				<timestamp>495.887212</timestamp>
			</report>
			<report>
				<misses>3310001</misses>
				<total>684</total>
				<timestamp>496.037069</timestamp>
			</report>
			<report>
				<misses>3311001</misses>
				<total>684</total>
				<timestamp>496.186910</timestamp>
			</report>
			<report>
				<misses>3312001</misses>
				<total>684</total>
				<timestamp>496.336697</timestamp>
			</report>
			<report>
				<misses>3313001</misses>
				<total>684</total>
				<timestamp>496.486574</timestamp>
			</report>
			<report>
				<misses>3314001</misses>
				<total>684</total>
				<timestamp>496.636400</timestamp>
			</report>
			<report>
				<misses>3315001</misses>
				<total>684</total>
				<timestamp>496.786268</timestamp>
			</report>
			<report>
				<misses>3316001</misses>
				<total>684</total>
				<timestamp>496.936097</timestamp>
			</report>
			<report>
				<misses>3317001</misses>
				<total>684</total>
				<timestamp>497.085917</timestamp>
			</report>
			<report>
				<misses>3318001</misses>
				<total>684</total>
				<timestamp>497.235867</timestamp>
			</report>
			<report>
				<misses>3319001</misses>
				<total>684</total>
				<timestamp>497.385724</timestamp>
			</report>
			<report>
				<misses>3320001</misses>
				<total>684</total>
				<timestamp>497.535536</timestamp>
			</report>
			<report>
				<misses>3321001</misses>
				<total>684</total>
				<timestamp>497.685341</timestamp>
			</report>
			<report>
				<misses>3322001</misses>
				<total>684</total>
				<timestamp>497.835317</timestamp>
			</report>
			<report>
				<misses>3323001</misses>
				<total>684</total>
				<timestamp>497.985307</timestamp>
			</report>
			<report>
				<misses>3324001</misses>
				<total>685</total>
				<timestamp>498.135307</timestamp>
			</report>
			<report>
				<misses>3325001</misses>
				<total>685</total>
				<timestamp>498.285302</timestamp>
			</report>
			<report>
				<misses>3326001</misses>
				<total>687</total>
				<timestamp>498.435238</timestamp>
			</report>
			<report>
				<misses>3327001</misses>
				<total>687</total>
				<timestamp>498.585159</timestamp>
			</report>
			<report>
				<misses>3328001</misses>
				<total>687</total>
				<timestamp>498.735093</timestamp>
			</report>
			<report>
				<misses>3329001</misses>
				<total>687</total>
				<timestamp>498.884915</timestamp>
			</report>
			<report>
				<misses>3330001</misses>
				<total>687</total>
				<timestamp>499.034770</timestamp>
			</report>
			<report>
				<misses>3331001</misses>
				<total>687</total>
				<timestamp>499.184591</timestamp>
			</report>
			<report>
				<misses>3332001</misses>
				<total>687</total>
				<timestamp>499.334470</timestamp>
			</report>
			<report>
				<misses>3333001</misses>
				<total>687</total>
				<timestamp>499.484357</timestamp>
			</report>
			<report>
				<misses>3334001</misses>
				<total>687</total>
				<timestamp>499.634218</timestamp>
			</report>
			<report>
				<misses>3335001</misses>
				<total>687</total>
				<timestamp>499.784079</timestamp>
			</report>
			<report>
				<misses>3336001</misses>
				<total>687</total>
				<timestamp>499.933829</timestamp>
			</report>
			<report>
				<misses>3337001</misses>
				<total>687</total>
				<timestamp>500.083772</timestamp>
			</report>
			<report>
				<misses>3338001</misses>
				<total>687</total>
				<timestamp>500.233532</timestamp>
			</report>
			<report>
				<misses>3339001</misses>
				<total>687</total>
				<timestamp>500.383418</timestamp>
			</report>
			<report>
				<misses>3340001</misses>
				<total>687</total>
				<timestamp>500.533332</timestamp>
			</report>
			<report>
				<misses>3341001</misses>
				<total>687</total>
				<timestamp>500.683090</timestamp>
			</report>
			<report>
				<misses>3342001</misses>
				<total>687</total>
				<timestamp>500.832997</timestamp>
			</report>
			<report>
				<misses>3343001</misses>
				<total>687</total>
				<timestamp>500.982892</timestamp>
			</report>
			<report>
				<misses>3344001</misses>
				<total>687</total>
				<timestamp>501.132709</timestamp>
			</report>
			<report>
				<misses>3345001</misses>
				<total>687</total>
				<timestamp>501.282558</timestamp>
			</report>
			<report>
				<misses>3346001</misses>
				<total>687</total>
				<timestamp>501.432388</timestamp>
			</report>
			<report>
				<misses>3347001</misses>
				<total>687</total>
				<timestamp>501.582258</timestamp>
			</report>
			<report>
				<misses>3348001</misses>
				<total>687</total>
				<timestamp>501.732168</timestamp>
			</report>
			<report>
				<misses>3349001</misses>
				<total>687</total>
				<timestamp>501.882034</timestamp>
			</report>
			<report>
				<misses>3350001</misses>
				<total>687</total>
				<timestamp>502.031927</timestamp>
			</report>
			<report>
				<misses>3351001</misses>
				<total>687</total>
				<timestamp>502.181860</timestamp>
			</report>
			<report>
				<misses>3352001</misses>
				<total>690</total>
				<timestamp>502.331743</timestamp>
			</report>
			<report>
				<misses>3353001</misses>
				<total>690</total>
				<timestamp>502.481679</timestamp>
			</report>
			<report>
				<misses>3354001</misses>
				<total>690</total>
				<timestamp>502.631523</timestamp>
			</report>
			<report>
				<misses>3355001</misses>
				<total>690</total>
				<timestamp>502.781330</timestamp>
			</report>
			<report>
				<misses>3356001</misses>
				<total>690</total>
				<timestamp>502.931208</timestamp>
			</report>
			<report>
				<misses>3357001</misses>
				<total>690</total>
				<timestamp>503.081043</timestamp>
			</report>
			<report>
				<misses>3358001</misses>
				<total>690</total>
				<timestamp>503.230869</timestamp>
			</report>
			<report>
				<misses>3359001</misses>
				<total>690</total>
				<timestamp>503.380727</timestamp>
			</report>
			<report>
				<misses>3360001</misses>
				<total>690</total>
				<timestamp>503.530581</timestamp>
			</report>
			<report>
				<misses>3361001</misses>
				<total>690</total>
				<timestamp>503.680481</timestamp>
			</report>
			<report>
				<misses>3362001</misses>
				<total>690</total>
				<timestamp>503.830265</timestamp>
			</report>
			<report>
				<misses>3363001</misses>
				<total>690</total>
				<timestamp>503.980203</timestamp>
			</report>
			<report>
				<misses>3364001</misses>
				<total>690</total>
				<timestamp>504.130167</timestamp>
			</report>
			<report>
				<misses>3365001</misses>
				<total>690</total>
				<timestamp>504.280019</timestamp>
			</report>
			<report>
				<misses>3366001</misses>
				<total>691</total>
				<timestamp>504.429861</timestamp>
			</report>
			<report>
				<misses>3367001</misses>
				<total>691</total>
				<timestamp>504.579738</timestamp>
			</report>
			<report>
				<misses>3368001</misses>
				<total>691</total>
				<timestamp>504.729522</timestamp>
			</report>
			<report>
				<misses>3369001</misses>
				<total>691</total>
				<timestamp>504.879344</timestamp>
			</report>
			<report>
				<misses>3370001</misses>
				<total>691</total>
				<timestamp>505.029257</timestamp>
			</report>
			<report>
				<misses>3371001</misses>
				<total>691</total>
				<timestamp>505.179137</timestamp>
			</report>
			<report>
				<misses>3372001</misses>
				<total>691</total>
				<timestamp>505.329007</timestamp>
			</report>
			<report>
				<misses>3373001</misses>
				<total>691</total>
				<timestamp>505.479000</timestamp>
			</report>
			<report>
				<misses>3374001</misses>
				<total>691</total>
				<timestamp>505.629005</timestamp>
			</report>
			<report>
				<misses>3375001</misses>
				<total>691</total>
				<timestamp>505.778970</timestamp>
			</report>
			<report>
				<misses>3376001</misses>
				<total>691</total>
				<timestamp>505.928743</timestamp>
			</report>
			<report>
				<misses>3377001</misses>
				<total>691</total>
				<timestamp>506.078618</timestamp>
			</report>
			<report>
				<misses>3378001</misses>
				<total>691</total>
				<timestamp>506.228460</timestamp>
			</report>
			<report>
				<misses>3379001</misses>
				<total>691</total>
				<timestamp>506.378398</timestamp>
			</report>
			<report>
				<misses>3380001</misses>
				<total>691</total>
				<timestamp>506.528378</timestamp>
			</report>
			<report>
				<misses>3381001</misses>
				<total>691</total>
				<timestamp>506.678205</timestamp>
			</report>
			<report>
				<misses>3382001</misses>
				<total>691</total>
				<timestamp>506.828036</timestamp>
			</report>
			<report>
				<misses>3383001</misses>
				<total>691</total>
				<timestamp>506.977884</timestamp>
			</report>
			<report>
				<misses>3384001</misses>
				<total>691</total>
				<timestamp>507.127725</timestamp>
			</report>
			<report>
				<misses>3385001</misses>
				<total>691</total>
				<timestamp>507.277636</timestamp>
			</report>
			<report>
				<misses>3386001</misses>
				<total>691</total>
				<timestamp>507.427450</timestamp>
			</report>
			<report>
				<misses>3387001</misses>
				<total>691</total>
				<timestamp>507.577277</timestamp>
			</report>
			<report>
				<misses>3388001</misses>
				<total>691</total>
				<timestamp>507.727181</timestamp>
			</report>
			<report>
				<misses>3389001</misses>
				<total>691</total>
				<timestamp>507.876987</timestamp>
			</report>
			<report>
				<misses>3390001</misses>
				<total>691</total>
				<timestamp>508.026783</timestamp>
			</report>
			<report>
				<misses>3391001</misses>
				<total>691</total>
				<timestamp>508.176708</timestamp>
			</report>
			<report>
				<misses>3392001</misses>
				<total>691</total>
				<timestamp>508.326566</timestamp>
			</report>
			<report>
				<misses>3393001</misses>
				<total>693</total>
				<timestamp>508.476408</timestamp>
			</report>
			<report>
				<misses>3394001</misses>
				<total>693</total>
				<timestamp>508.626205</timestamp>
			</report>
			<report>
				<misses>3395001</misses>
				<total>693</total>
				<timestamp>508.776037</timestamp>
			</report>
			<report>
				<misses>3396001</misses>
				<total>693</total>
				<timestamp>508.925886</timestamp>
			</report>
			<report>
				<misses>3397001</misses>
				<total>693</total>
				<timestamp>509.075815</timestamp>
			</report>
			<report>
				<misses>3398001</misses>
				<total>693</total>
				<timestamp>509.225665</timestamp>
			</report>
			<report>
				<misses>3399001</misses>
				<total>693</total>
				<timestamp>509.375535</timestamp>
			</report>
			<report>
				<misses>3400001</misses>
				<total>695</total>
				<timestamp>509.525334</timestamp>
			</report>
			<report>
				<misses>3401001</misses>
				<total>695</total>
				<timestamp>509.675210</timestamp>
			</report>
			<report>
				<misses>3402001</misses>
				<total>695</total>
				<timestamp>509.825032</timestamp>
			</report>
			<report>
				<misses>3403001</misses>
				<total>695</total>
				<timestamp>509.974936</timestamp>
			</report>
			<report>
				<misses>3404001</misses>
				<total>697</total>
				<timestamp>510.124691</timestamp>
			</report>
			<report>
				<misses>3405001</misses>
				<total>697</total>
				<timestamp>510.274672</timestamp>
			</report>
			<report>
				<misses>3406001</misses>
				<total>696</total>
				<timestamp>510.424584</timestamp>
			</report>
			<report>
				<misses>3407001</misses>
				<total>697</total>
				<timestamp>510.574440</timestamp>
			</report>
			<report>
				<misses>3408001</misses>
				<total>697</total>
				<timestamp>510.724286</timestamp>
			</report>
			<report>
				<misses>3409001</misses>
				<total>697</total>
				<timestamp>510.874185</timestamp>
			</report>
			<report>
				<misses>3410001</misses>
				<total>697</total>
				<timestamp>511.023958</timestamp>
			</report>
			<report>
				<misses>3411001</misses>
				<total>697</total>
				<timestamp>511.173859</timestamp>
			</report>
			<report>
				<misses>3412001</misses>
				<total>697</total>
				<timestamp>511.323719</timestamp>
			</report>
			<report>
				<misses>3413001</misses>
				<total>697</total>
				<timestamp>511.473488</timestamp>
			</report>
			<report>
				<misses>3414001</misses>
				<total>697</total>
				<timestamp>511.623356</timestamp>
			</report>
			<report>
				<misses>3415001</misses>
				<total>697</total>
				<timestamp>511.773302</timestamp>
			</report>
			<report>
				<misses>3416001</misses>
				<total>697</total>
				<timestamp>511.923308</timestamp>
			</report>
			<report>
				<misses>3417001</misses>
				<total>697</total>
				<timestamp>512.073307</timestamp>
			</report>
			<report>
				<misses>3418001</misses>
				<total>697</total>
				<timestamp>512.223315</timestamp>
			</report>
			<report>
				<misses>3419001</misses>
				<total>697</total>
				<timestamp>512.373224</timestamp>
			</report>
			<report>
				<misses>3420001</misses>
				<total>697</total>
				<timestamp>512.523063</timestamp>
			</report>
			<report>
				<misses>3421001</misses>
				<total>697</total>
				<timestamp>512.672902</timestamp>
			</report>
			<report>
				<misses>3422001</misses>
				<total>697</total>
				<timestamp>512.822744</timestamp>
			</report>
			<report>
				<misses>3423001</misses>
				<total>697</total>
				<timestamp>512.972640</timestamp>
			</report>
			<report>
				<misses>3424001</misses>
				<total>697</total>
				<timestamp>513.122458</timestamp>
			</report>
			<report>
				<misses>3425001</misses>
				<total>697</total>
				<timestamp>513.272390</timestamp>
			</report>
			<report>
				<misses>3426001</misses>
				<total>697</total>
				<timestamp>513.422214</timestamp>
			</report>
			<report>
				<misses>3427001</misses>
				<total>697</total>
				<timestamp>513.572079</timestamp>
			</report>
			<report>
				<misses>3428001</misses>
				<total>697</total>
				<timestamp>513.721926</timestamp>
			</report>
			<report>
				<misses>3429001</misses>
				<total>697</total>
				<timestamp>513.871788</timestamp>
			</report>
			<report>
				<misses>3430001</misses>
				<total>697</total>
				<timestamp>514.021585</timestamp>
			</report>
			<report>
				<misses>3431001</misses>
				<total>697</total>
				<timestamp>514.171381</timestamp>
			</report>
			<report>
				<misses>3432001</misses>
				<total>697</total>
				<timestamp>514.321310</timestamp>
			</report>
			<report>
				<misses>3433001</misses>
				<total>697</total>
				<timestamp>514.471114</timestamp>
			</report>
			<report>
				<misses>3434001</misses>
				<total>697</total>
				<timestamp>514.620933</timestamp>
			</report>
			<report>
				<misses>3435001</misses>
				<total>697</total>
				<timestamp>514.770900</timestamp>
			</report>
			<report>
				<misses>3436001</misses>
				<total>697</total>
				<timestamp>514.920790</timestamp>
			</report>
			<report>
				<misses>3437001</misses>
				<total>697</total>
				<timestamp>515.070666</timestamp>
			</report>
			<report>
				<misses>3438001</misses>
				<total>698</total>
				<timestamp>515.220573</timestamp>
			</report>
			<report>
				<misses>3439001</misses>
				<total>698</total>
				<timestamp>515.370348</timestamp>
			</report>
			<report>
				<misses>3440001</misses>
				<total>698</total>
				<timestamp>515.520240</timestamp>
			</report>
			<report>
				<misses>3441001</misses>
				<total>698</total>
				<timestamp>515.670090</timestamp>
			</report>
			<report>
				<misses>3442001</misses>
				<total>698</total>
				<timestamp>515.819920</timestamp>
			</report>
			<report>
				<misses>3443001</misses>
				<total>698</total>
				<timestamp>515.969728</timestamp>
			</report>
			<report>
				<misses>3444001</misses>
				<total>698</total>
				<timestamp>516.119596</timestamp>
			</report>
			<report>
				<misses>3445001</misses>
				<total>698</total>
				<timestamp>516.269505</timestamp>
			</report>
			<report>
				<misses>3446001</misses>
				<total>698</total>
				<timestamp>516.419359</timestamp>
			</report>
			<report>
				<misses>3447001</misses>
				<total>698</total>
				<timestamp>516.569219</timestamp>
			</report>
			<report>
				<misses>3448001</misses>
				<total>698</total>
				<timestamp>516.718989</timestamp>
			</report>
			<report>
				<misses>3449001</misses>
				<total>698</total>
				<timestamp>516.868839</timestamp>
			</report>
			<report>
				<misses>3450001</misses>
				<total>698</total>
				<timestamp>517.018683</timestamp>
			</report>
			<report>
				<misses>3451001</misses>
				<total>698</total>
				<timestamp>517.168565</timestamp>
			</report>
			<report>
				<misses>3452001</misses>
				<total>698</total>
				<timestamp>517.318467</timestamp>
			</report>
			<report>
				<misses>3453001</misses>
				<total>698</total>
				<timestamp>517.468332</timestamp>
			</report>
			<report>
				<misses>3454001</misses>
				<total>698</total>
				<timestamp>517.618104</timestamp>
			</report>
			<report>
				<misses>3455001</misses>
				<total>698</total>
				<timestamp>517.768044</timestamp>
			</report>
			<report>
				<misses>3456001</misses>
				<total>698</total>
				<timestamp>517.918056</timestamp>
			</report>
			<report>
				<misses>3457001</misses>
				<total>698</total>
				<timestamp>518.067968</timestamp>
			</report>
			<report>
				<misses>3458001</misses>
				<total>698</total>
				<timestamp>518.217789</timestamp>
			</report>
			<report>
				<misses>3459001</misses>
				<total>698</total>
				<timestamp>518.367711</timestamp>
			</report>
			<report>
				<misses>3460001</misses>
				<total>698</total>
				<timestamp>518.517505</timestamp>
			</report>
			<report>
				<misses>3461001</misses>
				<total>698</total>
				<timestamp>518.667405</timestamp>
			</report>
			<report>
				<misses>3462001</misses>
				<total>698</total>
				<timestamp>518.817216</timestamp>
			</report>
			<report>
				<misses>3463001</misses>
				<total>698</total>
				<timestamp>518.967169</timestamp>
			</report>
			<report>
				<misses>3464001</misses>
				<total>698</total>
				<timestamp>519.117088</timestamp>
			</report>
			<report>
				<misses>3465001</misses>
				<total>698</total>
				<timestamp>519.266891</timestamp>
			</report>
			<report>
				<misses>3466001</misses>
				<total>698</total>
				<timestamp>519.416739</timestamp>
			</report>
			<report>
				<misses>3467001</misses>
				<total>698</total>
				<timestamp>519.566695</timestamp>
			</report>
			<report>
				<misses>3468001</misses>
				<total>698</total>
				<timestamp>519.716649</timestamp>
			</report>
			<report>
				<misses>3469001</misses>
				<total>698</total>
				<timestamp>519.866432</timestamp>
			</report>
			<report>
				<misses>3470001</misses>
				<total>698</total>
				<timestamp>520.016306</timestamp>
			</report>
			<report>
				<misses>3471001</misses>
				<total>698</total>
				<timestamp>520.166178</timestamp>
			</report>
			<report>
				<misses>3472001</misses>
				<total>698</total>
				<timestamp>520.316079</timestamp>
			</report>
			<report>
				<misses>3473001</misses>
				<total>698</total>
				<timestamp>520.465881</timestamp>
			</report>
			<report>
				<misses>3474001</misses>
				<total>699</total>
				<timestamp>520.615801</timestamp>
			</report>
			<report>
				<misses>3475001</misses>
				<total>699</total>
				<timestamp>520.765746</timestamp>
			</report>
			<report>
				<misses>3476001</misses>
				<total>699</total>
				<timestamp>520.915635</timestamp>
			</report>
			<report>
				<misses>3477001</misses>
				<total>699</total>
				<timestamp>521.065381</timestamp>
			</report>
			<report>
				<misses>3478001</misses>
				<total>699</total>
				<timestamp>521.215269</timestamp>
			</report>
			<report>
				<misses>3479001</misses>
				<total>700</total>
				<timestamp>521.365360</timestamp>
			</report>
			<report>
				<misses>3480001</misses>
				<total>701</total>
				<timestamp>521.515242</timestamp>
			</report>
			<report>
				<misses>3481001</misses>
				<total>701</total>
				<timestamp>521.665111</timestamp>
			</report>
			<report>
				<misses>3482001</misses>
				<total>701</total>
				<timestamp>521.815012</timestamp>
			</report>
			<report>
				<misses>3483001</misses>
				<total>701</total>
				<timestamp>521.964820</timestamp>
			</report>
			<report>
				<misses>3484001</misses>
				<total>701</total>
				<timestamp>522.114647</timestamp>
			</report>
			<report>
				<misses>3485001</misses>
				<total>701</total>
				<timestamp>522.264586</timestamp>
			</report>
			<report>
				<misses>3486001</misses>
				<total>701</total>
				<timestamp>522.414451</timestamp>
			</report>
			<report>
				<misses>3487001</misses>
				<total>701</total>
				<timestamp>522.564363</timestamp>
			</report>
			<report>
				<misses>3488001</misses>
				<total>701</total>
				<timestamp>522.714267</timestamp>
			</report>
			<report>
				<misses>3489001</misses>
				<total>701</total>
				<timestamp>522.864161</timestamp>
			</report>
			<report>
				<misses>3490001</misses>
				<total>701</total>
				<timestamp>523.014137</timestamp>
			</report>
			<report>
				<misses>3491001</misses>
				<total>702</total>
				<timestamp>523.163905</timestamp>
			</report>
			<report>
				<misses>3492001</misses>
				<total>702</total>
				<timestamp>523.313735</timestamp>
			</report>
			<report>
				<misses>3493001</misses>
				<total>702</total>
				<timestamp>523.463591</timestamp>
			</report>
			<report>
				<misses>3494001</misses>
				<total>701</total>
				<timestamp>523.613520</timestamp>
			</report>
			<report>
				<misses>3495001</misses>
				<total>702</total>
				<timestamp>523.763424</timestamp>
			</report>
			<report>
				<misses>3496001</misses>
				<total>702</total>
				<timestamp>523.913352</timestamp>
			</report>
			<report>
				<misses>3497001</misses>
				<total>702</total>
				<timestamp>524.063260</timestamp>
			</report>
			<report>
				<misses>3498001</misses>
				<total>702</total>
				<timestamp>524.213262</timestamp>
			</report>
			<report>
				<misses>3499001</misses>
				<total>709</total>
				<timestamp>524.363269</timestamp>
			</report>
			<report>
				<misses>3500001</misses>
				<total>713</total>
				<timestamp>524.513286</timestamp>
			</report>
			<report>
				<misses>3501001</misses>
				<total>713</total>
				<timestamp>524.663161</timestamp>
			</report>
			<report>
				<misses>3502001</misses>
				<total>713</total>
				<timestamp>524.813074</timestamp>
			</report>
			<report>
				<misses>3503001</misses>
				<total>713</total>
				<timestamp>524.962871</timestamp>
			</report>
			<report>
				<misses>3504001</misses>
				<total>713</total>
				<timestamp>525.112784</timestamp>
			</report>
			<report>
				<misses>3505001</misses>
				<total>713</total>
				<timestamp>525.262604</timestamp>
			</report>
			<report>
				<misses>3506001</misses>
				<total>713</total>
				<timestamp>525.412421</timestamp>
			</report>
			<report>
				<misses>3507001</misses>
				<total>713</total>
				<timestamp>525.562261</timestamp>
			</report>
			<report>
				<misses>3508001</misses>
				<total>713</total>
				<timestamp>525.712120</timestamp>
			</report>
			<report>
				<misses>3509001</misses>
				<total>713</total>
				<timestamp>525.862033</timestamp>
			</report>
			<report>
				<misses>3510001</misses>
				<total>713</total>
				<timestamp>526.011871</timestamp>
			</report>
			<report>
				<misses>3511001</misses>
				<total>713</total>
				<timestamp>526.161670</timestamp>
			</report>
			<report>
				<misses>3512001</misses>
				<total>713</total>
				<timestamp>526.311557</timestamp>
			</report>
			<report>
				<misses>3513001</misses>
				<total>713</total>
				<timestamp>526.461461</timestamp>
			</report>
			<report>
				<misses>3514001</misses>
				<total>713</total>
				<timestamp>526.611338</timestamp>
			</report>
			<report>
				<misses>3515001</misses>
				<total>713</total>
				<timestamp>526.761239</timestamp>
			</report>
			<report>
				<misses>3516001</misses>
				<total>715</total>
				<timestamp>526.911059</timestamp>
			</report>
			<report>
				<misses>3517001</misses>
				<total>715</total>
				<timestamp>527.060958</timestamp>
			</report>
			<report>
				<misses>3518001</misses>
				<total>715</total>
				<timestamp>527.210773</timestamp>
			</report>
			<report>
				<misses>3519001</misses>
				<total>715</total>
				<timestamp>527.360667</timestamp>
			</report>
			<report>
				<misses>3520001</misses>
				<total>715</total>
				<timestamp>527.510528</timestamp>
			</report>
			<report>
				<misses>3521001</misses>
				<total>715</total>
				<timestamp>527.660374</timestamp>
			</report>
			<report>
				<misses>3522001</misses>
				<total>726</total>
				<timestamp>527.810212</timestamp>
			</report>
			<report>
				<misses>3523001</misses>
				<total>726</total>
				<timestamp>527.960077</timestamp>
			</report>
			<report>
				<misses>3524001</misses>
				<total>736</total>
				<timestamp>528.109845</timestamp>
			</report>
			<report>
				<misses>3525001</misses>
				<total>736</total>
				<timestamp>528.259711</timestamp>
			</report>
			<report>
				<misses>3526001</misses>
				<total>736</total>
				<timestamp>528.409613</timestamp>
			</report>
			<report>
				<misses>3527001</misses>
				<total>737</total>
				<timestamp>528.559538</timestamp>
			</report>
			<report>
				<misses>3528001</misses>
				<total>737</total>
				<timestamp>528.709505</timestamp>
			</report>
			<report>
				<misses>3529001</misses>
				<total>737</total>
				<timestamp>528.859397</timestamp>
			</report>
			<report>
				<misses>3530001</misses>
				<total>737</total>
				<timestamp>529.009289</timestamp>
			</report>
			<report>
				<misses>3531001</misses>
				<total>737</total>
				<timestamp>529.159215</timestamp>
			</report>
			<report>
				<misses>3532001</misses>
				<total>737</total>
				<timestamp>529.309134</timestamp>
			</report>
			<report>
				<misses>3533001</misses>
				<total>737</total>
				<timestamp>529.459028</timestamp>
			</report>
			<report>
				<misses>3534001</misses>
				<total>737</total>
				<timestamp>529.608906</timestamp>
			</report>
			<report>
				<misses>3535001</misses>
				<total>737</total>
				<timestamp>529.758887</timestamp>
			</report>
			<report>
				<misses>3536001</misses>
				<total>737</total>
				<timestamp>529.908671</timestamp>
			</report>
			<report>
				<misses>3537001</misses>
				<total>737</total>
				<timestamp>530.058566</timestamp>
			</report>
			<report>
				<misses>3538001</misses>
				<total>737</total>
				<timestamp>530.208450</timestamp>
			</report>
			<report>
				<misses>3539001</misses>
				<total>737</total>
				<timestamp>530.358369</timestamp>
			</report>
			<report>
				<misses>3540001</misses>
				<total>737</total>
				<timestamp>530.508191</timestamp>
			</report>
			<report>
				<misses>3541001</misses>
				<total>741</total>
				<timestamp>530.658085</timestamp>
			</report>
			<report>
				<misses>3542001</misses>
				<total>741</total>
				<timestamp>530.807898</timestamp>
			</report>
			<report>
				<misses>3543001</misses>
				<total>741</total>
				<timestamp>530.957741</timestamp>
			</report>
			<report>
				<misses>3544001</misses>
				<total>741</total>
				<timestamp>531.107640</timestamp>
			</report>
			<report>
				<misses>3545001</misses>
				<total>741</total>
				<timestamp>531.257531</timestamp>
			</report>
			<report>
				<misses>3546001</misses>
				<total>740</total>
				<timestamp>531.407356</timestamp>
			</report>
			<report>
				<misses>3547001</misses>
				<total>741</total>
				<timestamp>531.557261</timestamp>
			</report>
			<report>
				<misses>3548001</misses>
				<total>741</total>
				<timestamp>531.707179</timestamp>
			</report>
			<report>
				<misses>3549001</misses>
				<total>741</total>
				<timestamp>531.857048</timestamp>
			</report>
			<report>
				<misses>3550001</misses>
				<total>743</total>
				<timestamp>532.006837</timestamp>
			</report>
			<report>
				<misses>3551001</misses>
				<total>743</total>
				<timestamp>532.156735</timestamp>
			</report>
			<report>
				<misses>3552001</misses>
				<total>743</total>
				<timestamp>532.306615</timestamp>
			</report>
			<report>
				<misses>3553001</misses>
				<total>743</total>
				<timestamp>532.456465</timestamp>
			</report>
			<report>
				<misses>3554001</misses>
				<total>743</total>
				<timestamp>532.606368</timestamp>
			</report>
			<report>
				<misses>3555001</misses>
				<total>743</total>
				<timestamp>532.756335</timestamp>
			</report>
			<report>
				<misses>3556001</misses>
				<total>743</total>
				<timestamp>532.906187</timestamp>
			</report>
			<report>
				<misses>3557001</misses>
				<total>743</total>
				<timestamp>533.055994</timestamp>
			</report>
			<report>
				<misses>3558001</misses>
				<total>743</total>
				<timestamp>533.205789</timestamp>
			</report>
			<report>
				<misses>3559001</misses>
				<total>744</total>
				<timestamp>533.355682</timestamp>
			</report>
			<report>
				<misses>3560001</misses>
				<total>745</total>
				<timestamp>533.505525</timestamp>
			</report>
			<report>
				<misses>3561001</misses>
				<total>745</total>
				<timestamp>533.655444</timestamp>
			</report>
			<report>
				<misses>3562001</misses>
				<total>745</total>
				<timestamp>533.805226</timestamp>
			</report>
			<report>
				<misses>3563001</misses>
				<total>745</total>
				<timestamp>533.955157</timestamp>
			</report>
			<report>
				<misses>3564001</misses>
				<total>745</total>
				<timestamp>534.105148</timestamp>
			</report>
			<report>
				<misses>3565001</misses>
				<total>745</total>
				<timestamp>534.255093</timestamp>
			</report>
			<report>
				<misses>3566001</misses>
				<total>745</total>
				<timestamp>534.404907</timestamp>
			</report>
			<report>
				<misses>3567001</misses>
				<total>745</total>
				<timestamp>534.554812</timestamp>
			</report>
			<report>
				<misses>3568001</misses>
				<total>745</total>
				<timestamp>534.704591</timestamp>
			</report>
			<report>
				<misses>3569001</misses>
				<total>745</total>
				<timestamp>534.854473</timestamp>
			</report>
			<report>
				<misses>3570001</misses>
				<total>745</total>
				<timestamp>535.004336</timestamp>
			</report>
			<report>
				<misses>3571001</misses>
				<total>745</total>
				<timestamp>535.154178</timestamp>
			</report>
			<report>
				<misses>3572001</misses>
				<total>745</total>
				<timestamp>535.304030</timestamp>
			</report>
			<report>
				<misses>3573001</misses>
				<total>745</total>
				<timestamp>535.453920</timestamp>
			</report>
			<report>
				<misses>3574001</misses>
				<total>745</total>
				<timestamp>535.603699</timestamp>
			</report>
			<report>
				<misses>3575001</misses>
				<total>745</total>
				<timestamp>535.753537</timestamp>
			</report>
			<report>
				<misses>3576001</misses>
				<total>747</total>
				<timestamp>535.903420</timestamp>
			</report>
			<report>
				<misses>3577001</misses>
				<total>747</total>
				<timestamp>536.053353</timestamp>
			</report>
			<report>
				<misses>3578001</misses>
				<total>747</total>
				<timestamp>536.203363</timestamp>
			</report>
			<report>
				<misses>3579001</misses>
				<total>747</total>
				<timestamp>536.353296</timestamp>
			</report>
			<report>
				<misses>3580001</misses>
				<total>747</total>
				<timestamp>536.503097</timestamp>
			</report>
			<report>
				<misses>3581001</misses>
				<total>747</total>
				<timestamp>536.653031</timestamp>
			</report>
			<report>
				<misses>3582001</misses>
				<total>747</total>
				<timestamp>536.802817</timestamp>
			</report>
			<report>
				<misses>3583001</misses>
				<total>747</total>
				<timestamp>536.952633</timestamp>
			</report>
			<report>
				<misses>3584001</misses>
				<total>747</total>
				<timestamp>537.102572</timestamp>
			</report>
			<report>
				<misses>3585001</misses>
				<total>747</total>
				<timestamp>537.252361</timestamp>
			</report>
			<report>
				<misses>3586001</misses>
				<total>747</total>
				<timestamp>537.402281</timestamp>
			</report>
			<report>
				<misses>3587001</misses>
				<total>747</total>
				<timestamp>537.552088</timestamp>
			</report>
			<report>
				<misses>3588001</misses>
				<total>747</total>
				<timestamp>537.701957</timestamp>
			</report>
			<report>
				<misses>3589001</misses>
				<total>747</total>
				<timestamp>537.851865</timestamp>
			</report>
			<report>
				<misses>3590001</misses>
				<total>747</total>
				<timestamp>538.001720</timestamp>
			</report>
			<report>
				<misses>3591001</misses>
				<total>747</total>
				<timestamp>538.151579</timestamp>
			</report>
			<report>
				<misses>3592001</misses>
				<total>747</total>
				<timestamp>538.301479</timestamp>
			</report>
			<report>
				<misses>3593001</misses>
				<total>747</total>
				<timestamp>538.451364</timestamp>
			</report>
			<report>
				<misses>3594001</misses>
				<total>747</total>
				<timestamp>538.601256</timestamp>
			</report>
			<report>
				<misses>3595001</misses>
				<total>751</total>
				<timestamp>538.751185</timestamp>
			</report>
			<report>
				<misses>3596001</misses>
				<total>751</total>
				<timestamp>538.901039</timestamp>
			</report>
			<report>
				<misses>3597001</misses>
				<total>754</total>
				<timestamp>539.050939</timestamp>
			</report>
			<report>
				<misses>3598001</misses>
				<total>754</total>
				<timestamp>539.200724</timestamp>
			</report>
			<report>
				<misses>3599001</misses>
				<total>754</total>
				<timestamp>539.350580</timestamp>
			</report>
			<report>
				<misses>3600001</misses>
				<total>754</total>
				<timestamp>539.500432</timestamp>
			</report>
			<report>
				<misses>3601001</misses>
				<total>754</total>
				<timestamp>539.650346</timestamp>
			</report>
			<report>
				<misses>3602001</misses>
				<total>754</total>
				<timestamp>539.800374</timestamp>
			</report>
			<report>
				<misses>3603001</misses>
				<total>754</total>
				<timestamp>539.950334</timestamp>
			</report>
			<report>
				<misses>3604001</misses>
				<total>754</total>
				<timestamp>540.100119</timestamp>
			</report>
			<report>
				<misses>3605001</misses>
				<total>754</total>
				<timestamp>540.250061</timestamp>
			</report>
			<report>
				<misses>3606001</misses>
				<total>755</total>
				<timestamp>540.399996</timestamp>
			</report>
			<report>
				<misses>3607001</misses>
				<total>755</total>
				<timestamp>540.549827</timestamp>
			</report>
			<report>
				<misses>3608001</misses>
				<total>755</total>
				<timestamp>540.699660</timestamp>
			</report>
			<report>
				<misses>3609001</misses>
				<total>755</total>
				<timestamp>540.849489</timestamp>
			</report>
			<report>
				<misses>3610001</misses>
				<total>755</total>
				<timestamp>540.999347</timestamp>
			</report>
			<report>
				<misses>3611001</misses>
				<total>755</total>
				<timestamp>541.149218</timestamp>
			</report>
			<report>
				<misses>3612001</misses>
				<total>755</total>
				<timestamp>541.299109</timestamp>
			</report>
			<report>
				<misses>3613001</misses>
				<total>755</total>
				<timestamp>541.448968</timestamp>
			</report>
			<report>
				<misses>3614001</misses>
				<total>755</total>
				<timestamp>541.598832</timestamp>
			</report>
			<report>
				<misses>3615001</misses>
				<total>755</total>
				<timestamp>541.748641</timestamp>
			</report>
			<report>
				<misses>3616001</misses>
				<total>755</total>
				<timestamp>541.898501</timestamp>
			</report>
			<report>
				<misses>3617001</misses>
				<total>755</total>
				<timestamp>542.048392</timestamp>
			</report>
			<report>
				<misses>3618001</misses>
				<total>754</total>
				<timestamp>542.198203</timestamp>
			</report>
			<report>
				<misses>3619001</misses>
				<total>755</total>
				<timestamp>542.348031</timestamp>
			</report>
			<report>
				<misses>3620001</misses>
				<total>755</total>
				<timestamp>542.497953</timestamp>
			</report>
			<report>
				<misses>3621001</misses>
				<total>755</total>
				<timestamp>542.647884</timestamp>
			</report>
			<report>
				<misses>3622001</misses>
				<total>755</total>
				<timestamp>542.797696</timestamp>
			</report>
			<report>
				<misses>3623001</misses>
				<total>755</total>
				<timestamp>542.947619</timestamp>
			</report>
			<report>
				<misses>3624001</misses>
				<total>755</total>
				<timestamp>543.097497</timestamp>
			</report>
			<report>
				<misses>3625001</misses>
				<total>755</total>
				<timestamp>543.247509</timestamp>
			</report>
			<report>
				<misses>3626001</misses>
				<total>755</total>
				<timestamp>543.397408</timestamp>
			</report>
			<report>
				<misses>3627001</misses>
				<total>755</total>
				<timestamp>543.547327</timestamp>
			</report>
			<report>
				<misses>3628001</misses>
				<total>755</total>
				<timestamp>543.697206</timestamp>
			</report>
			<report>
				<misses>3629001</misses>
				<total>756</total>
				<timestamp>543.847162</timestamp>
			</report>
			<report>
				<misses>3630001</misses>
				<total>756</total>
				<timestamp>543.997022</timestamp>
			</report>
			<report>
				<misses>3631001</misses>
				<total>756</total>
				<timestamp>544.146793</timestamp>
			</report>
			<report>
				<misses>3632001</misses>
				<total>756</total>
				<timestamp>544.296679</timestamp>
			</report>
			<report>
				<misses>3633001</misses>
				<total>756</total>
				<timestamp>544.446592</timestamp>
			</report>
			<report>
				<misses>3634001</misses>
				<total>756</total>
				<timestamp>544.596338</timestamp>
			</report>
			<report>
				<misses>3635001</misses>
				<total>756</total>
				<timestamp>544.746266</timestamp>
			</report>
			<report>
				<misses>3636001</misses>
				<total>756</total>
				<timestamp>544.896151</timestamp>
			</report>
			<report>
				<misses>3637001</misses>
				<total>756</total>
				<timestamp>545.046062</timestamp>
			</report>
			<report>
				<misses>3638001</misses>
				<total>756</total>
				<timestamp>545.195939</timestamp>
			</report>
			<report>
				<misses>3639001</misses>
				<total>756</total>
				<timestamp>545.345790</timestamp>
			</report>
			<report>
				<misses>3640001</misses>
				<total>756</total>
				<timestamp>545.495689</timestamp>
			</report>
			<report>
				<misses>3641001</misses>
				<total>756</total>
				<timestamp>545.645483</timestamp>
			</report>
			<report>
				<misses>3642001</misses>
				<total>756</total>
				<timestamp>545.795285</timestamp>
			</report>
			<report>
				<misses>3643001</misses>
				<total>756</total>
				<timestamp>545.945174</timestamp>
			</report>
			<report>
				<misses>3644001</misses>
				<total>756</total>
				<timestamp>546.095037</timestamp>
			</report>
			<report>
				<misses>3645001</misses>
				<total>756</total>
				<timestamp>546.244834</timestamp>
			</report>
			<report>
				<misses>3646001</misses>
				<total>756</total>
				<timestamp>546.394671</timestamp>
			</report>
			<report>
				<misses>3647001</misses>
				<total>756</total>
				<timestamp>546.544525</timestamp>
			</report>
			<report>
				<misses>3648001</misses>
				<total>756</total>
				<timestamp>546.694376</timestamp>
			</report>
			<report>
				<misses>3649001</misses>
				<total>756</total>
				<timestamp>546.844260</timestamp>
			</report>
			<report>
				<misses>3650001</misses>
				<total>756</total>
				<timestamp>546.994112</timestamp>
			</report>
			<report>
				<misses>3651001</misses>
				<total>756</total>
				<timestamp>547.143980</timestamp>
			</report>
			<report>
				<misses>3652001</misses>
				<total>756</total>
				<timestamp>547.293769</timestamp>
			</report>
			<report>
				<misses>3653001</misses>
				<total>756</total>
				<timestamp>547.443643</timestamp>
			</report>
			<report>
				<misses>3654001</misses>
				<total>756</total>
				<timestamp>547.593475</timestamp>
			</report>
			<report>
				<misses>3655001</misses>
				<total>756</total>
				<timestamp>547.743326</timestamp>
			</report>
			<report>
				<misses>3656001</misses>
				<total>756</total>
				<timestamp>547.893204</timestamp>
			</report>
			<report>
				<misses>3657001</misses>
				<total>756</total>
				<timestamp>548.043047</timestamp>
			</report>
			<report>
				<misses>3658001</misses>
				<total>765</total>
				<timestamp>548.192899</timestamp>
			</report>
			<report>
				<misses>3659001</misses>
				<total>765</total>
				<timestamp>548.342724</timestamp>
			</report>
			<report>
				<misses>3660001</misses>
				<total>765</total>
				<timestamp>548.492582</timestamp>
			</report>
			<report>
				<misses>3661001</misses>
				<total>765</total>
				<timestamp>548.642435</timestamp>
			</report>
			<report>
				<misses>3662001</misses>
				<total>765</total>
				<timestamp>548.792319</timestamp>
			</report>
			<report>
				<misses>3663001</misses>
				<total>765</total>
				<timestamp>548.942149</timestamp>
			</report>
			<report>
				<misses>3664001</misses>
				<total>765</total>
				<timestamp>549.092030</timestamp>
			</report>
			<report>
				<misses>3665001</misses>
				<total>765</total>
				<timestamp>549.241850</timestamp>
			</report>
			<report>
				<misses>3666001</misses>
				<total>765</total>
				<timestamp>549.391690</timestamp>
			</report>
			<report>
				<misses>3667001</misses>
				<total>765</total>
				<timestamp>549.541560</timestamp>
			</report>
			<report>
				<misses>3668001</misses>
				<total>765</total>
				<timestamp>549.691379</timestamp>
			</report>
			<report>
				<misses>3669001</misses>
				<total>765</total>
				<timestamp>549.841292</timestamp>
			</report>
			<report>
				<misses>3670001</misses>
				<total>764</total>
				<timestamp>549.991104</timestamp>
			</report>
			<report>
				<misses>3671001</misses>
				<total>765</total>
				<timestamp>550.140998</timestamp>
			</report>
			<report>
				<misses>3672001</misses>
				<total>765</total>
				<timestamp>550.290784</timestamp>
			</report>
			<report>
				<misses>3673001</misses>
				<total>766</total>
				<timestamp>550.440624</timestamp>
			</report>
			<report>
				<misses>3674001</misses>
				<total>766</total>
				<timestamp>550.590473</timestamp>
			</report>
			<report>
				<misses>3675001</misses>
				<total>766</total>
				<timestamp>550.740342</timestamp>
			</report>
			<report>
				<misses>3676001</misses>
				<total>766</total>
				<timestamp>550.890182</timestamp>
			</report>
			<report>
				<misses>3677001</misses>
				<total>766</total>
				<timestamp>551.040074</timestamp>
			</report>
			<report>
				<misses>3678001</misses>
				<total>766</total>
				<timestamp>551.189916</timestamp>
			</report>
			<report>
				<misses>3679001</misses>
				<total>766</total>
				<timestamp>551.339722</timestamp>
			</report>
			<report>
				<misses>3680001</misses>
				<total>766</total>
				<timestamp>551.489586</timestamp>
			</report>
			<report>
				<misses>3681001</misses>
				<total>766</total>
				<timestamp>551.639433</timestamp>
			</report>
			<report>
				<misses>3682001</misses>
				<total>766</total>
				<timestamp>551.789277</timestamp>
			</report>
			<report>
				<misses>3683001</misses>
				<total>766</total>
				<timestamp>551.939133</timestamp>
			</report>
			<report>
				<misses>3684001</misses>
				<total>766</total>
				<timestamp>552.089012</timestamp>
			</report>
			<report>
				<misses>3685001</misses>
				<total>766</total>
				<timestamp>552.238886</timestamp>
			</report>
			<report>
				<misses>3686001</misses>
				<total>766</total>
				<timestamp>552.388715</timestamp>
			</report>
			<report>
				<misses>3687001</misses>
				<total>766</total>
				<timestamp>552.538553</timestamp>
			</report>
			<report>
				<misses>3688001</misses>
				<total>770</total>
				<timestamp>552.688388</timestamp>
			</report>
			<report>
				<misses>3689001</misses>
				<total>770</total>
				<timestamp>552.838256</timestamp>
			</report>
			<report>
				<misses>3690001</misses>
				<total>770</total>
				<timestamp>552.988077</timestamp>
			</report>
			<report>
				<misses>3691001</misses>
				<total>770</total>
				<timestamp>553.137935</timestamp>
			</report>
			<report>
				<misses>3692001</misses>
				<total>770</total>
				<timestamp>553.287789</timestamp>
			</report>
			<report>
				<misses>3693001</misses>
				<total>773</total>
				<timestamp>553.437626</timestamp>
			</report>
			<report>
				<misses>3694001</misses>
				<total>773</total>
				<timestamp>553.587476</timestamp>
			</report>
			<report>
				<misses>3695001</misses>
				<total>773</total>
				<timestamp>553.737329</timestamp>
			</report>
			<report>
				<misses>3696001</misses>
				<total>773</total>
				<timestamp>553.887188</timestamp>
			</report>
			<report>
				<misses>3697001</misses>
				<total>772</total>
				<timestamp>554.037067</timestamp>
			</report>
			<report>
				<misses>3698001</misses>
				<total>773</total>
				<timestamp>554.186902</timestamp>
			</report>
			<report>
				<misses>3699001</misses>
				<total>773</total>
				<timestamp>554.336757</timestamp>
			</report>
			<report>
				<misses>3700001</misses>
				<total>773</total>
				<timestamp>554.486585</timestamp>
			</report>
			<report>
				<misses>3701001</misses>
				<total>773</total>
				<timestamp>554.636430</timestamp>
			</report>
			<report>
				<misses>3702001</misses>
				<total>773</total>
				<timestamp>554.786277</timestamp>
			</report>
			<report>
				<misses>3703001</misses>
				<total>773</total>
				<timestamp>554.936173</timestamp>
			</report>
			<report>
				<misses>3704001</misses>
				<total>773</total>
				<timestamp>555.086019</timestamp>
			</report>
			<report>
				<misses>3705001</misses>
				<total>773</total>
				<timestamp>555.235840</timestamp>
			</report>
			<report>
				<misses>3706001</misses>
				<total>773</total>
				<timestamp>555.385702</timestamp>
			</report>
			<report>
				<misses>3707001</misses>
				<total>773</total>
				<timestamp>555.535530</timestamp>
			</report>
			<report>
				<misses>3708001</misses>
				<total>773</total>
				<timestamp>555.685379</timestamp>
			</report>
			<report>
				<misses>3709001</misses>
				<total>773</total>
				<timestamp>555.835277</timestamp>
			</report>
			<report>
				<misses>3710001</misses>
				<total>773</total>
				<timestamp>555.985082</timestamp>
			</report>
			<report>
				<misses>3711001</misses>
				<total>773</total>
				<timestamp>556.134954</timestamp>
			</report>
			<report>
				<misses>3712001</misses>
				<total>773</total>
				<timestamp>556.284789</timestamp>
			</report>
			<report>
				<misses>3713001</misses>
				<total>773</total>
				<timestamp>556.434659</timestamp>
			</report>
			<report>
				<misses>3714001</misses>
				<total>773</total>
				<timestamp>556.584513</timestamp>
			</report>
			<report>
				<misses>3715001</misses>
				<total>773</total>
				<timestamp>556.734359</timestamp>
			</report>
			<report>
				<misses>3716001</misses>
				<total>773</total>
				<timestamp>556.884257</timestamp>
			</report>
			<report>
				<misses>3717001</misses>
				<total>773</total>
				<timestamp>557.034074</timestamp>
			</report>
			<report>
				<misses>3718001</misses>
				<total>773</total>
				<timestamp>557.183997</timestamp>
			</report>
			<report>
				<misses>3719001</misses>
				<total>773</total>
				<timestamp>557.333950</timestamp>
			</report>
			<report>
				<misses>3720001</misses>
				<total>773</total>
				<timestamp>557.483728</timestamp>
			</report>
			<report>
				<misses>3721001</misses>
				<total>773</total>
				<timestamp>557.633585</timestamp>
			</report>
			<report>
				<misses>3722001</misses>
				<total>774</total>
				<timestamp>557.783434</timestamp>
			</report>
			<report>
				<misses>3723001</misses>
				<total>774</total>
				<timestamp>557.933421</timestamp>
			</report>
			<report>
				<misses>3724001</misses>
				<total>774</total>
				<timestamp>558.083385</timestamp>
			</report>
			<report>
				<misses>3725001</misses>
				<total>774</total>
				<timestamp>558.233160</timestamp>
			</report>
			<report>
				<misses>3726001</misses>
				<total>774</total>
				<timestamp>558.383064</timestamp>
			</report>
			<report>
				<misses>3727001</misses>
				<total>774</total>
				<timestamp>558.532929</timestamp>
			</report>
			<report>
				<misses>3728001</misses>
				<total>774</total>
				<timestamp>558.682734</timestamp>
			</report>
			<report>
				<misses>3729001</misses>
				<total>774</total>
				<timestamp>558.832616</timestamp>
			</report>
			<report>
				<misses>3730001</misses>
				<total>774</total>
				<timestamp>558.982502</timestamp>
			</report>
			<report>
				<misses>3731001</misses>
				<total>774</total>
				<timestamp>559.132421</timestamp>
			</report>
			<report>
				<misses>3732001</misses>
				<total>774</total>
				<timestamp>559.282303</timestamp>
			</report>
			<report>
				<misses>3733001</misses>
				<total>774</total>
				<timestamp>559.432104</timestamp>
			</report>
			<report>
				<misses>3734001</misses>
				<total>774</total>
				<timestamp>559.582014</timestamp>
			</report>
			<report>
				<misses>3735001</misses>
				<total>774</total>
				<timestamp>559.731903</timestamp>
			</report>
			<report>
				<misses>3736001</misses>
				<total>774</total>
				<timestamp>559.881869</timestamp>
			</report>
			<report>
				<misses>3737001</misses>
				<total>774</total>
				<timestamp>560.031732</timestamp>
			</report>
			<report>
				<misses>3738001</misses>
				<total>774</total>
				<timestamp>560.181533</timestamp>
			</report>
			<report>
				<misses>3739001</misses>
				<total>774</total>
				<timestamp>560.331427</timestamp>
			</report>
			<report>
				<misses>3740001</misses>
				<total>774</total>
				<timestamp>560.481215</timestamp>
			</report>
			<report>
				<misses>3741001</misses>
				<total>774</total>
				<timestamp>560.631105</timestamp>
			</report>
			<report>
				<misses>3742001</misses>
				<total>774</total>
				<timestamp>560.781016</timestamp>
			</report>
			<report>
				<misses>3743001</misses>
				<total>774</total>
				<timestamp>560.930951</timestamp>
			</report>
			<report>
				<misses>3744001</misses>
				<total>774</total>
				<timestamp>561.080758</timestamp>
			</report>
			<report>
				<misses>3745001</misses>
				<total>774</total>
				<timestamp>561.230577</timestamp>
			</report>
			<report>
				<misses>3746001</misses>
				<total>774</total>
				<timestamp>561.380548</timestamp>
			</report>
			<report>
				<misses>3747001</misses>
				<total>774</total>
				<timestamp>561.530465</timestamp>
			</report>
			<report>
				<misses>3748001</misses>
				<total>774</total>
				<timestamp>561.680288</timestamp>
			</report>
			<report>
				<misses>3749001</misses>
				<total>774</total>
				<timestamp>561.830162</timestamp>
			</report>
			<report>
				<misses>3750001</misses>
				<total>774</total>
				<timestamp>561.980042</timestamp>
			</report>
			<report>
				<misses>3751001</misses>
				<total>774</total>
				<timestamp>562.129879</timestamp>
			</report>
			<report>
				<misses>3752001</misses>
				<total>775</total>
				<timestamp>562.279714</timestamp>
			</report>
			<report>
				<misses>3753001</misses>
				<total>775</total>
				<timestamp>562.429538</timestamp>
			</report>
			<report>
				<misses>3754001</misses>
				<total>775</total>
				<timestamp>562.579432</timestamp>
			</report>
			<report>
				<misses>3755001</misses>
				<total>775</total>
				<timestamp>562.729292</timestamp>
			</report>
			<report>
				<misses>3756001</misses>
				<total>775</total>
				<timestamp>562.879151</timestamp>
			</report>
			<report>
				<misses>3757001</misses>
				<total>775</total>
				<timestamp>563.029049</timestamp>
			</report>
			<report>
				<misses>3758001</misses>
				<total>775</total>
				<timestamp>563.179072</timestamp>
			</report>
			<report>
				<misses>3759001</misses>
				<total>775</total>
				<timestamp>563.328942</timestamp>
			</report>
			<report>
				<misses>3760001</misses>
				<total>775</total>
				<timestamp>563.478874</timestamp>
			</report>
			<report>
				<misses>3761001</misses>
				<total>774</total>
				<timestamp>563.628755</timestamp>
			</report>
			<report>
				<misses>3762001</misses>
				<total>775</total>
				<timestamp>563.778735</timestamp>
			</report>
			<report>
				<misses>3763001</misses>
				<total>777</total>
				<timestamp>563.928485</timestamp>
			</report>
			<report>
				<misses>3764001</misses>
				<total>777</total>
				<timestamp>564.078383</timestamp>
			</report>
			<report>
				<misses>3765001</misses>
				<total>777</total>
				<timestamp>564.228247</timestamp>
			</report>
			<report>
				<misses>3766001</misses>
				<total>777</total>
				<timestamp>564.378154</timestamp>
			</report>
			<report>
				<misses>3767001</misses>
				<total>777</total>
				<timestamp>564.528157</timestamp>
			</report>
			<report>
				<misses>3768001</misses>
				<total>777</total>
				<timestamp>564.678081</timestamp>
			</report>
			<report>
				<misses>3769001</misses>
				<total>777</total>
				<timestamp>564.827929</timestamp>
			</report>
			<report>
				<misses>3770001</misses>
				<total>777</total>
				<timestamp>564.977838</timestamp>
			</report>
			<report>
				<misses>3771001</misses>
				<total>780</total>
				<timestamp>565.127703</timestamp>
			</report>
			<report>
				<misses>3772001</misses>
				<total>780</total>
				<timestamp>565.277707</timestamp>
			</report>
			<report>
				<misses>3773001</misses>
				<total>780</total>
				<timestamp>565.427689</timestamp>
			</report>
			<report>
				<misses>3774001</misses>
				<total>780</total>
				<timestamp>565.577488</timestamp>
			</report>
			<report>
				<misses>3775001</misses>
				<total>780</total>
				<timestamp>565.727387</timestamp>
			</report>
			<report>
				<misses>3776001</misses>
				<total>780</total>
				<timestamp>565.877243</timestamp>
			</report>
			<report>
				<misses>3777001</misses>
				<total>780</total>
				<timestamp>566.027172</timestamp>
			</report>
			<report>
				<misses>3778001</misses>
				<total>780</total>
				<timestamp>566.176993</timestamp>
			</report>
			<report>
				<misses>3779001</misses>
				<total>780</total>
				<timestamp>566.326881</timestamp>
			</report>
			<report>
				<misses>3780001</misses>
				<total>780</total>
				<timestamp>566.476706</timestamp>
			</report>
			<report>
				<misses>3781001</misses>
				<total>780</total>
				<timestamp>566.626569</timestamp>
			</report>
			<report>
				<misses>3782001</misses>
				<total>780</total>
				<timestamp>566.776425</timestamp>
			</report>
			<report>
				<misses>3783001</misses>
				<total>780</total>
				<timestamp>566.926332</timestamp>
			</report>
			<report>
				<misses>3784001</misses>
				<total>780</total>
				<timestamp>567.076079</timestamp>
			</report>
			<report>
				<misses>3785001</misses>
				<total>780</total>
				<timestamp>567.226032</timestamp>
			</report>
			<report>
				<misses>3786001</misses>
				<total>780</total>
				<timestamp>567.375838</timestamp>
			</report>
			<report>
				<misses>3787001</misses>
				<total>781</total>
				<timestamp>567.525699</timestamp>
			</report>
			<report>
				<misses>3788001</misses>
				<total>781</total>
				<timestamp>567.675533</timestamp>
			</report>
			<report>
				<misses>3789001</misses>
				<total>783</total>
				<timestamp>567.825332</timestamp>
			</report>
			<report>
				<misses>3790001</misses>
				<total>783</total>
				<timestamp>567.975292</timestamp>
			</report>
			<report>
				<misses>3791001</misses>
				<total>783</total>
				<timestamp>568.125067</timestamp>
			</report>
			<report>
				<misses>3792001</misses>
				<total>783</total>
				<timestamp>568.274988</timestamp>
			</report>
			<report>
				<misses>3793001</misses>
				<total>783</total>
				<timestamp>568.424812</timestamp>
			</report>
			<report>
				<misses>3794001</misses>
				<total>783</total>
				<timestamp>568.574631</timestamp>
			</report>
			<report>
				<misses>3795001</misses>
				<total>782</total>
				<timestamp>568.724535</timestamp>
			</report>
			<report>
				<misses>3796001</misses>
				<total>783</total>
				<timestamp>568.874353</timestamp>
			</report>
			<report>
				<misses>3797001</misses>
				<total>783</total>
				<timestamp>569.024159</timestamp>
			</report>
			<report>
				<misses>3798001</misses>
				<total>783</total>
				<timestamp>569.174004</timestamp>
			</report>
			<report>
				<misses>3799001</misses>
				<total>783</total>
				<timestamp>569.323903</timestamp>
			</report>
			<report>
				<misses>3800001</misses>
				<total>783</total>
				<timestamp>569.473781</timestamp>
			</report>
			<report>
				<misses>3801001</misses>
				<total>783</total>
				<timestamp>569.623642</timestamp>
			</report>
			<report>
				<misses>3802001</misses>
				<total>783</total>
				<timestamp>569.773419</timestamp>
			</report>
			<report>
				<misses>3803001</misses>
				<total>783</total>
				<timestamp>569.923281</timestamp>
			</report>
			<report>
				<misses>3804001</misses>
				<total>783</total>
				<timestamp>570.073098</timestamp>
			</report>
			<report>
				<misses>3805001</misses>
				<total>783</total>
				<timestamp>570.222959</timestamp>
			</report>
			<report>
				<misses>3806001</misses>
				<total>783</total>
				<timestamp>570.372888</timestamp>
			</report>
			<report>
				<misses>3807001</misses>
				<total>783</total>
				<timestamp>570.522680</timestamp>
			</report>
			<report>
				<misses>3808001</misses>
				<total>783</total>
				<timestamp>570.672482</timestamp>
			</report>
			<report>
				<misses>3809001</misses>
				<total>783</total>
				<timestamp>570.822369</timestamp>
			</report>
			<report>
				<misses>3810001</misses>
				<total>783</total>
				<timestamp>570.972196</timestamp>
			</report>
			<report>
				<misses>3811001</misses>
				<total>783</total>
				<timestamp>571.122107</timestamp>
			</report>
			<report>
				<misses>3812001</misses>
				<total>783</total>
				<timestamp>571.271980</timestamp>
			</report>
			<report>
				<misses>3813001</misses>
				<total>783</total>
				<timestamp>571.421777</timestamp>
			</report>
			<report>
				<misses>3814001</misses>
				<total>783</total>
				<timestamp>571.571671</timestamp>
			</report>
			<report>
				<misses>3815001</misses>
				<total>783</total>
				<timestamp>571.721516</timestamp>
			</report>
			<report>
				<misses>3816001</misses>
				<total>783</total>
				<timestamp>571.871398</timestamp>
			</report>
			<report>
				<misses>3817001</misses>
				<total>783</total>
				<timestamp>572.021296</timestamp>
			</report>
			<report>
				<misses>3818001</misses>
				<total>783</total>
				<timestamp>572.171260</timestamp>
			</report>
			<report>
				<misses>3819001</misses>
				<total>783</total>
				<timestamp>572.321192</timestamp>
			</report>
			<report>
				<misses>3820001</misses>
				<total>783</total>
				<timestamp>572.471057</timestamp>
			</report>
			<report>
				<misses>3821001</misses>
				<total>783</total>
				<timestamp>572.620864</timestamp>
			</report>
			<report>
				<misses>3822001</misses>
				<total>783</total>
				<timestamp>572.770685</timestamp>
			</report>
			<report>
				<misses>3823001</misses>
				<total>783</total>
				<timestamp>572.920628</timestamp>
			</report>
			<report>
				<misses>3824001</misses>
				<total>783</total>
				<timestamp>573.070433</timestamp>
			</report>
			<report>
				<misses>3825001</misses>
				<total>783</total>
				<timestamp>573.220292</timestamp>
			</report>
			<report>
				<misses>3826001</misses>
				<total>783</total>
				<timestamp>573.370142</timestamp>
			</report>
			<report>
				<misses>3827001</misses>
				<total>783</total>
				<timestamp>573.520027</timestamp>
			</report>
			<report>
				<misses>3828001</misses>
				<total>783</total>
				<timestamp>573.669790</timestamp>
			</report>
			<report>
				<misses>3829001</misses>
				<total>783</total>
				<timestamp>573.819639</timestamp>
			</report>
			<report>
				<misses>3830001</misses>
				<total>783</total>
				<timestamp>573.969485</timestamp>
			</report>
			<report>
				<misses>3831001</misses>
				<total>782</total>
				<timestamp>574.119396</timestamp>
			</report>
			<report>
				<misses>3832001</misses>
				<total>783</total>
				<timestamp>574.269252</timestamp>
			</report>
			<report>
				<misses>3833001</misses>
				<total>783</total>
				<timestamp>574.419074</timestamp>
			</report>
			<report>
				<misses>3834001</misses>
				<total>783</total>
				<timestamp>574.568931</timestamp>
			</report>
			<report>
				<misses>3835001</misses>
				<total>783</total>
				<timestamp>574.718833</timestamp>
			</report>
			<report>
				<misses>3836001</misses>
				<total>783</total>
				<timestamp>574.868639</timestamp>
			</report>
			<report>
				<misses>3837001</misses>
				<total>783</total>
				<timestamp>575.018506</timestamp>
			</report>
			<report>
				<misses>3838001</misses>
				<total>783</total>
				<timestamp>575.168360</timestamp>
			</report>
			<report>
				<misses>3839001</misses>
				<total>783</total>
				<timestamp>575.318219</timestamp>
			</report>
			<report>
				<misses>3840001</misses>
				<total>783</total>
				<timestamp>575.468043</timestamp>
			</report>
			<report>
				<misses>3841001</misses>
				<total>785</total>
				<timestamp>575.617927</timestamp>
			</report>
			<report>
				<misses>3842001</misses>
				<total>785</total>
				<timestamp>575.767750</timestamp>
			</report>
			<report>
				<misses>3843001</misses>
				<total>785</total>
				<timestamp>575.917655</timestamp>
			</report>
			<report>
				<misses>3844001</misses>
				<total>788</total>
				<timestamp>576.067617</timestamp>
			</report>
			<report>
				<misses>3845001</misses>
				<total>791</total>
				<timestamp>576.217484</timestamp>
			</report>
			<report>
				<misses>3846001</misses>
				<total>791</total>
				<timestamp>576.367392</timestamp>
			</report>
			<report>
				<misses>3847001</misses>
				<total>791</total>
				<timestamp>576.517334</timestamp>
			</report>
			<report>
				<misses>3848001</misses>
				<total>791</total>
				<timestamp>576.667115</timestamp>
			</report>
			<report>
				<misses>3849001</misses>
				<total>791</total>
				<timestamp>576.816967</timestamp>
			</report>
			<report>
				<misses>3850001</misses>
				<total>791</total>
				<timestamp>576.966831</timestamp>
			</report>
			<report>
				<misses>3851001</misses>
				<total>791</total>
				<timestamp>577.116662</timestamp>
			</report>
			<report>
				<misses>3852001</misses>
				<total>791</total>
				<timestamp>577.266515</timestamp>
			</report>
			<report>
				<misses>3853001</misses>
				<total>791</total>
				<timestamp>577.416397</timestamp>
			</report>
			<report>
				<misses>3854001</misses>
				<total>791</total>
				<timestamp>577.566274</timestamp>
			</report>
			<report>
				<misses>3855001</misses>
				<total>791</total>
				<timestamp>577.716116</timestamp>
			</report>
			<report>
				<misses>3856001</misses>
				<total>791</total>
				<timestamp>577.865983</timestamp>
			</report>
			<report>
				<misses>3857001</misses>
				<total>791</total>
				<timestamp>578.015816</timestamp>
			</report>
			<report>
				<misses>3858001</misses>
				<total>791</total>
				<timestamp>578.165643</timestamp>
			</report>
			<report>
				<misses>3859001</misses>
				<total>791</total>
				<timestamp>578.315434</timestamp>
			</report>
			<report>
				<misses>3860001</misses>
				<total>791</total>
				<timestamp>578.465334</timestamp>
			</report>
			<report>
				<misses>3861001</misses>
				<total>791</total>
				<timestamp>578.615189</timestamp>
			</report>
			<report>
				<misses>3862001</misses>
				<total>791</total>
				<timestamp>578.764969</timestamp>
			</report>
			<report>
				<misses>3863001</misses>
				<total>791</total>
				<timestamp>578.914961</timestamp>
			</report>
			<report>
				<misses>3864001</misses>
				<total>791</total>
				<timestamp>579.064886</timestamp>
			</report>
			<report>
				<misses>3865001</misses>
				<total>791</total>
				<timestamp>579.214711</timestamp>
			</report>
			<report>
				<misses>3866001</misses>
				<total>790</total>
				<timestamp>579.364673</timestamp>
			</report>
			<report>
				<misses>3867001</misses>
				<total>791</total>
				<timestamp>579.514599</timestamp>
			</report>
			<report>
				<misses>3868001</misses>
				<total>791</total>
				<timestamp>579.664461</timestamp>
			</report>
			<report>
				<misses>3869001</misses>
				<total>791</total>
				<timestamp>579.814274</timestamp>
			</report>
			<report>
				<misses>3870001</misses>
				<total>791</total>
				<timestamp>579.964130</timestamp>
			</report>
			<report>
				<misses>3871001</misses>
				<total>791</total>
				<timestamp>580.113970</timestamp>
			</report>
			<report>
				<misses>3872001</misses>
				<total>791</total>
				<timestamp>580.263852</timestamp>
			</report>
			<report>
				<misses>3873001</misses>
				<total>791</total>
				<timestamp>580.413696</timestamp>
			</report>
			<report>
				<misses>3874001</misses>
				<total>791</total>
				<timestamp>580.563593</timestamp>
			</report>
			<report>
				<misses>3875001</misses>
				<total>791</total>
				<timestamp>580.713534</timestamp>
			</report>
			<report>
				<misses>3876001</misses>
				<total>791</total>
				<timestamp>580.863409</timestamp>
			</report>
			<report>
				<misses>3877001</misses>
				<total>791</total>
				<timestamp>581.013319</timestamp>
			</report>
			<report>
				<misses>3878001</misses>
				<total>791</total>
				<timestamp>581.163290</timestamp>
			</report>
			<report>
				<misses>3879001</misses>
				<total>791</total>
				<timestamp>581.313068</timestamp>
			</report>
			<report>
				<misses>3880001</misses>
				<total>792</total>
				<timestamp>581.463010</timestamp>
			</report>
			<report>
				<misses>3881001</misses>
				<total>792</total>
				<timestamp>581.612979</timestamp>
			</report>
			<report>
				<misses>3882001</misses>
				<total>792</total>
				<timestamp>581.762794</timestamp>
			</report>
			<report>
				<misses>3883001</misses>
				<total>792</total>
				<timestamp>581.912595</timestamp>
			</report>
			<report>
				<misses>3884001</misses>
				<total>792</total>
				<timestamp>582.062440</timestamp>
			</report>
			<report>
				<misses>3885001</misses>
				<total>792</total>
				<timestamp>582.212356</timestamp>
			</report>
			<report>
				<misses>3886001</misses>
				<total>792</total>
				<timestamp>582.362186</timestamp>
			</report>
			<report>
				<misses>3887001</misses>
				<total>792</total>
				<timestamp>582.512029</timestamp>
			</report>
			<report>
				<misses>3888001</misses>
				<total>792</total>
				<timestamp>582.661904</timestamp>
			</report>
			<report>
				<misses>3889001</misses>
				<total>792</total>
				<timestamp>582.811808</timestamp>
			</report>
			<report>
				<misses>3890001</misses>
				<total>792</total>
				<timestamp>582.961809</timestamp>
			</report>
			<report>
				<misses>3891001</misses>
				<total>796</total>
				<timestamp>583.111739</timestamp>
			</report>
			<report>
				<misses>3892001</misses>
				<total>796</total>
				<timestamp>583.261638</timestamp>
			</report>
			<report>
				<misses>3893001</misses>
				<total>796</total>
				<timestamp>583.411442</timestamp>
			</report>
			<report>
				<misses>3894001</misses>
				<total>796</total>
				<timestamp>583.561261</timestamp>
			</report>
			<report>
				<misses>3895001</misses>
				<total>797</total>
				<timestamp>583.711117</timestamp>
			</report>
			<report>
				<misses>3896001</misses>
				<total>797</total>
				<timestamp>583.861012</timestamp>
			</report>
			<report>
				<misses>3897001</misses>
				<total>797</total>
				<timestamp>584.010885</timestamp>
			</report>
			<report>
				<misses>3898001</misses>
				<total>797</total>
				<timestamp>584.160685</timestamp>
			</report>
			<report>
				<misses>3899001</misses>
				<total>797</total>
				<timestamp>584.310481</timestamp>
			</report>
			<report>
				<misses>3900001</misses>
				<total>796</total>
				<timestamp>584.460442</timestamp>
			</report>
			<report>
				<misses>3901001</misses>
				<total>797</total>
				<timestamp>584.610301</timestamp>
			</report>
			<report>
				<misses>3902001</misses>
				<total>797</total>
				<timestamp>584.760200</timestamp>
			</report>
			<report>
				<misses>3903001</misses>
				<total>797</total>
				<timestamp>584.910035</timestamp>
			</report>
			<report>
				<misses>3904001</misses>
				<total>798</total>
				<timestamp>585.059911</timestamp>
			</report>
			<report>
				<misses>3905001</misses>
				<total>798</total>
				<timestamp>585.209805</timestamp>
			</report>
			<report>
				<misses>3906001</misses>
				<total>798</total>
				<timestamp>585.359701</timestamp>
			</report>
			<report>
				<misses>3907001</misses>
				<total>798</total>
				<timestamp>585.509628</timestamp>
			</report>
			<report>
				<misses>3908001</misses>
				<total>798</total>
				<timestamp>585.659553</timestamp>
			</report>
			<report>
				<misses>3909001</misses>
				<total>798</total>
				<timestamp>585.809532</timestamp>
			</report>
			<report>
				<misses>3910001</misses>
				<total>798</total>
				<timestamp>585.959331</timestamp>
			</report>
			<report>
				<misses>3911001</misses>
				<total>798</total>
				<timestamp>586.109266</timestamp>
			</report>
			<report>
				<misses>3912001</misses>
				<total>798</total>
				<timestamp>586.259242</timestamp>
			</report>
			<report>
				<misses>3913001</misses>
				<total>798</total>
				<timestamp>586.409036</timestamp>
			</report>
			<report>
				<misses>3914001</misses>
				<total>798</total>
				<timestamp>586.558943</timestamp>
			</report>
			<report>
				<misses>3915001</misses>
				<total>798</total>
				<timestamp>586.708811</timestamp>
			</report>
			<report>
				<misses>3916001</misses>
				<total>798</total>
				<timestamp>586.858812</timestamp>
			</report>
			<report>
				<misses>3917001</misses>
				<total>798</total>
				<timestamp>587.008770</timestamp>
			</report>
			<report>
				<misses>3918001</misses>
				<total>798</total>
				<timestamp>587.158582</timestamp>
			</report>
			<report>
				<misses>3919001</misses>
				<total>805</total>
				<timestamp>587.308394</timestamp>
			</report>
			<report>
				<misses>3920001</misses>
				<total>805</total>
				<timestamp>587.458274</timestamp>
			</report>
			<report>
				<misses>3921001</misses>
				<total>805</total>
				<timestamp>587.608188</timestamp>
			</report>
			<report>
				<misses>3922001</misses>
				<total>805</total>
				<timestamp>587.758027</timestamp>
			</report>
			<report>
				<misses>3923001</misses>
				<total>805</total>
				<timestamp>587.907805</timestamp>
			</report>
			<report>
				<misses>3924001</misses>
				<total>805</total>
				<timestamp>588.057734</timestamp>
			</report>
			<report>
				<misses>3925001</misses>
				<total>805</total>
				<timestamp>588.207557</timestamp>
			</report>
			<report>
				<misses>3926001</misses>
				<total>805</total>
				<timestamp>588.357329</timestamp>
			</report>
			<report>
				<misses>3927001</misses>
				<total>805</total>
				<timestamp>588.507217</timestamp>
			</report>
			<report>
				<misses>3928001</misses>
				<total>805</total>
				<timestamp>588.657097</timestamp>
			</report>
			<report>
				<misses>3929001</misses>
				<total>805</total>
				<timestamp>588.806972</timestamp>
			</report>
			<report>
				<misses>3930001</misses>
				<total>805</total>
				<timestamp>588.956828</timestamp>
			</report>
			<report>
				<misses>3931001</misses>
				<total>805</total>
				<timestamp>589.106607</timestamp>
			</report>
			<report>
				<misses>3932001</misses>
				<total>805</total>
				<timestamp>589.256548</timestamp>
			</report>
			<report>
				<misses>3933001</misses>
				<total>805</total>
				<timestamp>589.406437</timestamp>
			</report>
			<report>
				<misses>3934001</misses>
				<total>805</total>
				<timestamp>589.556396</timestamp>
			</report>
			<report>
				<misses>3935001</misses>
				<total>805</total>
				<timestamp>589.706392</timestamp>
			</report>
			<report>
				<misses>3936001</misses>
				<total>805</total>
				<timestamp>589.856254</timestamp>
			</report>
			<report>
				<misses>3937001</misses>
				<total>805</total>
				<timestamp>590.006188</timestamp>
			</report>
			<report>
				<misses>3938001</misses>
				<total>805</total>
				<timestamp>590.156094</timestamp>
			</report>
			<report>
				<misses>3939001</misses>
				<total>805</total>
				<timestamp>590.305860</timestamp>
			</report>
			<report>
				<misses>3940001</misses>
				<total>805</total>
				<timestamp>590.455692</timestamp>
			</report>
			<report>
				<misses>3941001</misses>
				<total>805</total>
				<timestamp>590.605541</timestamp>
			</report>
			<report>
				<misses>3942001</misses>
				<total>805</total>
				<timestamp>590.755419</timestamp>
			</report>
			<report>
				<misses>3943001</misses>
				<total>805</total>
				<timestamp>590.905366</timestamp>
			</report>
			<report>
				<misses>3944001</misses>
				<total>805</total>
				<timestamp>591.055315</timestamp>
			</report>
			<report>
				<misses>3945001</misses>
				<total>805</total>
				<timestamp>591.205160</timestamp>
			</report>
			<report>
				<misses>3946001</misses>
				<total>805</total>
				<timestamp>591.355012</timestamp>
			</report>
			<report>
				<misses>3947001</misses>
				<total>805</total>
				<timestamp>591.504827</timestamp>
			</report>
			<report>
				<misses>3948001</misses>
				<total>805</total>
				<timestamp>591.654661</timestamp>
			</report>
			<report>
				<misses>3949001</misses>
				<total>805</total>
				<timestamp>591.804486</timestamp>
			</report>
			<report>
				<misses>3950001</misses>
				<total>805</total>
				<timestamp>591.954451</timestamp>
			</report>
			<report>
				<misses>3951001</misses>
				<total>805</total>
				<timestamp>592.104413</timestamp>
			</report>
			<report>
				<misses>3952001</misses>
				<total>805</total>
				<timestamp>592.254166</timestamp>
			</report>
			<report>
				<misses>3953001</misses>
				<total>805</total>
				<timestamp>592.404091</timestamp>
			</report>
			<report>
				<misses>3954001</misses>
				<total>805</total>
				<timestamp>592.553969</timestamp>
			</report>
			<report>
				<misses>3955001</misses>
				<total>805</total>
				<timestamp>592.703769</timestamp>
			</report>
			<report>
				<misses>3956001</misses>
				<total>805</total>
				<timestamp>592.853592</timestamp>
			</report>
			<report>
				<misses>3957001</misses>
				<total>805</total>
				<timestamp>593.003428</timestamp>
			</report>
			<report>
				<misses>3958001</misses>
				<total>805</total>
				<timestamp>593.153304</timestamp>
			</report>
			<report>
				<misses>3959001</misses>
				<total>806</total>
				<timestamp>593.303208</timestamp>
			</report>
			<report>
				<misses>3960001</misses>
				<total>806</total>
				<timestamp>593.453065</timestamp>
			</report>
			<report>
				<misses>3961001</misses>
				<total>806</total>
				<timestamp>593.602843</timestamp>
			</report>
			<report>
				<misses>3962001</misses>
				<total>806</total>
				<timestamp>593.752693</timestamp>
			</report>
			<report>
				<misses>3963001</misses>
				<total>806</total>
				<timestamp>593.902569</timestamp>
			</report>
			<report>
				<misses>3964001</misses>
				<total>806</total>
				<timestamp>594.052414</timestamp>
			</report>
			<report>
				<misses>3965001</misses>
				<total>806</total>
				<timestamp>594.202266</timestamp>
			</report>
			<report>
				<misses>3966001</misses>
				<total>806</total>
				<timestamp>594.352120</timestamp>
			</report>
			<report>
				<misses>3967001</misses>
				<total>808</total>
				<timestamp>594.501940</timestamp>
			</report>
			<report>
				<misses>3968001</misses>
				<total>808</total>
				<timestamp>594.651792</timestamp>
			</report>
			<report>
				<misses>3969001</misses>
				<total>807</total>
				<timestamp>594.801668</timestamp>
			</report>
			<report>
				<misses>3970001</misses>
				<total>808</total>
				<timestamp>594.951574</timestamp>
			</report>
			<report>
				<misses>3971001</misses>
				<total>808</total>
				<timestamp>595.101423</timestamp>
			</report>
			<report>
				<misses>3972001</misses>
				<total>808</total>
				<timestamp>595.251314</timestamp>
			</report>
			<report>
				<misses>3973001</misses>
				<total>808</total>
				<timestamp>595.401284</timestamp>
			</report>
			<report>
				<misses>3974001</misses>
				<total>808</total>
				<timestamp>595.551032</timestamp>
			</report>
			<report>
				<misses>3975001</misses>
				<total>808</total>
				<timestamp>595.700962</timestamp>
			</report>
			<report>
				<misses>3976001</misses>
				<total>808</total>
				<timestamp>595.850863</timestamp>
			</report>
			<report>
				<misses>3977001</misses>
				<total>808</total>
				<timestamp>596.000742</timestamp>
			</report>
			<report>
				<misses>3978001</misses>
				<total>808</total>
				<timestamp>596.150707</timestamp>
			</report>
			<report>
				<misses>3979001</misses>
				<total>808</total>
				<timestamp>596.300642</timestamp>
			</report>
			<report>
				<misses>3980001</misses>
				<total>808</total>
				<timestamp>596.450459</timestamp>
			</report>
			<report>
				<misses>3981001</misses>
				<total>808</total>
				<timestamp>596.600418</timestamp>
			</report>
			<report>
				<misses>3982001</misses>
				<total>808</total>
				<timestamp>596.750365</timestamp>
			</report>
			<report>
				<misses>3983001</misses>
				<total>816</total>
				<timestamp>596.900222</timestamp>
			</report>
			<report>
				<misses>3984001</misses>
				<total>816</total>
				<timestamp>597.050095</timestamp>
			</report>
			<report>
				<misses>3985001</misses>
				<total>816</total>
				<timestamp>597.200068</timestamp>
			</report>
			<report>
				<misses>3986001</misses>
				<total>816</total>
				<timestamp>597.349869</timestamp>
			</report>
			<report>
				<misses>3987001</misses>
				<total>816</total>
				<timestamp>597.499687</timestamp>
			</report>
			<report>
				<misses>3988001</misses>
				<total>816</total>
				<timestamp>597.649592</timestamp>
			</report>
			<report>
				<misses>3989001</misses>
				<total>816</total>
				<timestamp>597.799452</timestamp>
			</report>
			<report>
				<misses>3990001</misses>
				<total>816</total>
				<timestamp>597.949231</timestamp>
			</report>
			<report>
				<misses>3991001</misses>
				<total>816</total>
				<timestamp>598.099120</timestamp>
			</report>
			<report>
				<misses>3992001</misses>
				<total>817</total>
				<timestamp>598.248987</timestamp>
			</report>
			<report>
				<misses>3993001</misses>
				<total>817</total>
				<timestamp>598.398902</timestamp>
			</report>
			<report>
				<misses>3994001</misses>
				<total>817</total>
				<timestamp>598.548887</timestamp>
			</report>
			<report>
				<misses>3995001</misses>
				<total>817</total>
				<timestamp>598.698756</timestamp>
			</report>
			<report>
				<misses>3996001</misses>
				<total>817</total>
				<timestamp>598.848683</timestamp>
			</report>
			<report>
				<misses>3997001</misses>
				<total>817</total>
				<timestamp>598.998534</timestamp>
			</report>
			<report>
				<misses>3998001</misses>
				<total>820</total>
				<timestamp>599.148390</timestamp>
			</report>
			<report>
				<misses>3999001</misses>
				<total>820</total>
				<timestamp>599.298196</timestamp>
			</report>
			<report>
				<misses>4000001</misses>
				<total>820</total>
				<timestamp>599.448087</timestamp>
			</report>
			<report>
				<misses>4001001</misses>
				<total>820</total>
				<timestamp>599.597906</timestamp>
			</report>
			<report>
				<misses>4002001</misses>
				<total>827</total>
				<timestamp>599.747832</timestamp>
			</report>
			<report>
				<misses>4003001</misses>
				<total>827</total>
				<timestamp>599.897630</timestamp>
			</report>
			<report>
				<misses>4004001</misses>
				<total>827</total>
				<timestamp>600.047500</timestamp>
			</report>
			<report>
				<misses>4005001</misses>
				<total>827</total>
				<timestamp>600.197434</timestamp>
			</report>
			<report>
				<misses>4006001</misses>
				<total>827</total>
				<timestamp>600.347355</timestamp>
			</report>
			<report>
				<misses>4007001</misses>
				<total>827</total>
				<timestamp>600.497228</timestamp>
			</report>
			<report>
				<misses>4008001</misses>
				<total>827</total>
				<timestamp>600.646995</timestamp>
			</report>
			<report>
				<misses>4009001</misses>
				<total>827</total>
				<timestamp>600.796936</timestamp>
			</report>
			<report>
				<misses>4010001</misses>
				<total>827</total>
				<timestamp>600.946774</timestamp>
			</report>
			<report>
				<misses>4011001</misses>
				<total>827</total>
				<timestamp>601.096579</timestamp>
			</report>
			<report>
				<misses>4012001</misses>
				<total>827</total>
				<timestamp>601.246432</timestamp>
			</report>
			<report>
				<misses>4013001</misses>
				<total>827</total>
				<timestamp>601.396326</timestamp>
			</report>
			<report>
				<misses>4014001</misses>
				<total>827</total>
				<timestamp>601.546069</timestamp>
			</report>
			<report>
				<misses>4015001</misses>
				<total>827</total>
				<timestamp>601.695932</timestamp>
			</report>
			<report>
				<misses>4016001</misses>
				<total>827</total>
				<timestamp>601.845848</timestamp>
			</report>
			<report>
				<misses>4017001</misses>
				<total>827</total>
				<timestamp>601.995685</timestamp>
			</report>
			<report>
				<misses>4018001</misses>
				<total>827</total>
				<timestamp>602.145547</timestamp>
			</report>
			<report>
				<misses>4019001</misses>
				<total>827</total>
				<timestamp>602.295355</timestamp>
			</report>
			<report>
				<misses>4020001</misses>
				<total>827</total>
				<timestamp>602.445257</timestamp>
			</report>
			<report>
				<misses>4021001</misses>
				<total>827</total>
				<timestamp>602.595117</timestamp>
			</report>
			<report>
				<misses>4022001</misses>
				<total>827</total>
				<timestamp>602.744942</timestamp>
			</report>
			<report>
				<misses>4023001</misses>
				<total>827</total>
				<timestamp>602.894833</timestamp>
			</report>
			<report>
				<misses>4024001</misses>
				<total>827</total>
				<timestamp>603.044639</timestamp>
			</report>
			<report>
				<misses>4025001</misses>
				<total>835</total>
				<timestamp>603.194505</timestamp>
			</report>
			<report>
				<misses>4026001</misses>
				<total>835</total>
				<timestamp>603.344360</timestamp>
			</report>
			<report>
				<misses>4027001</misses>
				<total>835</total>
				<timestamp>603.494182</timestamp>
			</report>
			<report>
				<misses>4028001</misses>
				<total>835</total>
				<timestamp>603.644080</timestamp>
			</report>
			<report>
				<misses>4029001</misses>
				<total>835</total>
				<timestamp>603.793888</timestamp>
			</report>
			<report>
				<misses>4030001</misses>
				<total>835</total>
				<timestamp>603.943764</timestamp>
			</report>
			<report>
				<misses>4031001</misses>
				<total>835</total>
				<timestamp>604.093573</timestamp>
			</report>
			<report>
				<misses>4032001</misses>
				<total>835</total>
				<timestamp>604.243438</timestamp>
			</report>
			<report>
				<misses>4033001</misses>
				<total>835</total>
				<timestamp>604.393296</timestamp>
			</report>
			<report>
				<misses>4034001</misses>
				<total>835</total>
				<timestamp>604.543192</timestamp>
			</report>
			<report>
				<misses>4035001</misses>
				<total>835</total>
				<timestamp>604.692934</timestamp>
			</report>
			<report>
				<misses>4036001</misses>
				<total>835</total>
				<timestamp>604.842839</timestamp>
			</report>
			<report>
				<misses>4037001</misses>
				<total>835</total>
				<timestamp>604.992719</timestamp>
			</report>
			<report>
				<misses>4038001</misses>
				<total>836</total>
				<timestamp>605.142539</timestamp>
			</report>
			<report>
				<misses>4039001</misses>
				<total>836</total>
				<timestamp>605.292447</timestamp>
			</report>
			<report>
				<misses>4040001</misses>
				<total>836</total>
				<timestamp>605.442362</timestamp>
			</report>
			<report>
				<misses>4041001</misses>
				<total>836</total>
				<timestamp>605.592197</timestamp>
			</report>
			<report>
				<misses>4042001</misses>
				<total>836</total>
				<timestamp>605.742131</timestamp>
			</report>
			<report>
				<misses>4043001</misses>
				<total>837</total>
				<timestamp>605.891894</timestamp>
			</report>
			<report>
				<misses>4044001</misses>
				<total>837</total>
				<timestamp>606.041771</timestamp>
			</report>
			<report>
				<misses>4045001</misses>
				<total>837</total>
				<timestamp>606.191634</timestamp>
			</report>
			<report>
				<misses>4046001</misses>
				<total>837</total>
				<timestamp>606.341517</timestamp>
			</report>
			<report>
				<misses>4047001</misses>
				<total>837</total>
				<timestamp>606.491351</timestamp>
			</report>
			<report>
				<misses>4048001</misses>
				<total>837</total>
				<timestamp>606.641238</timestamp>
			</report>
			<report>
				<misses>4049001</misses>
				<total>837</total>
				<timestamp>606.791077</timestamp>
			</report>
			<report>
				<misses>4050001</misses>
				<total>837</total>
				<timestamp>606.940837</timestamp>
			</report>
			<report>
				<misses>4051001</misses>
				<total>837</total>
				<timestamp>607.090721</timestamp>
			</report>
			<report>
				<misses>4052001</misses>
				<total>837</total>
				<timestamp>607.240631</timestamp>
			</report>
			<report>
				<misses>4053001</misses>
				<total>837</total>
				<timestamp>607.390486</timestamp>
			</report>
			<report>
				<misses>4054001</misses>
				<total>837</total>
				<timestamp>607.540293</timestamp>
			</report>
			<report>
				<misses>4055001</misses>
				<total>837</total>
				<timestamp>607.690192</timestamp>
			</report>
			<report>
				<misses>4056001</misses>
				<total>837</total>
				<timestamp>607.840014</timestamp>
			</report>
			<report>
				<misses>4057001</misses>
				<total>837</total>
				<timestamp>607.989788</timestamp>
			</report>
			<report>
				<misses>4058001</misses>
				<total>837</total>
				<timestamp>608.139721</timestamp>
			</report>
			<report>
				<misses>4059001</misses>
				<total>837</total>
				<timestamp>608.289540</timestamp>
			</report>
			<report>
				<misses>4060001</misses>
				<total>837</total>
				<timestamp>608.439357</timestamp>
			</report>
			<report>
				<misses>4061001</misses>
				<total>837</total>
				<timestamp>608.589264</timestamp>
			</report>
			<report>
				<misses>4062001</misses>
				<total>841</total>
				<timestamp>608.739067</timestamp>
			</report>
			<report>
				<misses>4063001</misses>
				<total>841</total>
				<timestamp>608.888978</timestamp>
			</report>
			<report>
				<misses>4064001</misses>
				<total>841</total>
				<timestamp>609.038745</timestamp>
			</report>
			<report>
				<misses>4065001</misses>
				<total>841</total>
				<timestamp>609.188649</timestamp>
			</report>
			<report>
				<misses>4066001</misses>
				<total>841</total>
				<timestamp>609.338551</timestamp>
			</report>
			<report>
				<misses>4067001</misses>
				<total>841</total>
				<timestamp>609.488517</timestamp>
			</report>
			<report>
				<misses>4068001</misses>
				<total>841</total>
				<timestamp>609.638368</timestamp>
			</report>
			<report>
				<misses>4069001</misses>
				<total>841</total>
				<timestamp>609.788215</timestamp>
			</report>
			<report>
				<misses>4070001</misses>
				<total>841</total>
				<timestamp>609.937969</timestamp>
			</report>
			<report>
				<misses>4071001</misses>
				<total>841</total>
				<timestamp>610.087886</timestamp>
			</report>
			<report>
				<misses>4072001</misses>
				<total>841</total>
				<timestamp>610.237720</timestamp>
			</report>
			<report>
				<misses>4073001</misses>
				<total>841</total>
				<timestamp>610.387584</timestamp>
			</report>
			<report>
				<misses>4074001</misses>
				<total>841</total>
				<timestamp>610.537404</timestamp>
			</report>
			<report>
				<misses>4075001</misses>
				<total>842</total>
				<timestamp>610.687346</timestamp>
			</report>
			<report>
				<misses>4076001</misses>
				<total>842</total>
				<timestamp>610.837236</timestamp>
			</report>
			<report>
				<misses>4077001</misses>
				<total>842</total>
				<timestamp>610.987124</timestamp>
			</report>
			<report>
				<misses>4078001</misses>
				<total>842</total>
				<timestamp>611.136992</timestamp>
			</report>
			<report>
				<misses>4079001</misses>
				<total>842</total>
				<timestamp>611.286843</timestamp>
			</report>
			<report>
				<misses>4080001</misses>
				<total>842</total>
				<timestamp>611.436739</timestamp>
			</report>
			<report>
				<misses>4081001</misses>
				<total>842</total>
				<timestamp>611.586602</timestamp>
			</report>
			<report>
				<misses>4082001</misses>
				<total>842</total>
				<timestamp>611.736493</timestamp>
			</report>
			<report>
				<misses>4083001</misses>
				<total>842</total>
				<timestamp>611.886417</timestamp>
			</report>
			<report>
				<misses>4084001</misses>
				<total>842</total>
				<timestamp>612.036237</timestamp>
			</report>
			<report>
				<misses>4085001</misses>
				<total>842</total>
				<timestamp>612.186147</timestamp>
			</report>
			<report>
				<misses>4086001</misses>
				<total>842</total>
				<timestamp>612.336110</timestamp>
			</report>
			<report>
				<misses>4087001</misses>
				<total>842</total>
				<timestamp>612.485967</timestamp>
			</report>
			<report>
				<misses>4088001</misses>
				<total>842</total>
				<timestamp>612.635756</timestamp>
			</report>
			<report>
				<misses>4089001</misses>
				<total>842</total>
				<timestamp>612.785639</timestamp>
			</report>
			<report>
				<misses>4090001</misses>
				<total>842</total>
				<timestamp>612.935459</timestamp>
			</report>
			<report>
				<misses>4091001</misses>
				<total>842</total>
				<timestamp>613.085389</timestamp>
			</report>
			<report>
				<misses>4092001</misses>
				<total>842</total>
				<timestamp>613.235180</timestamp>
			</report>
			<report>
				<misses>4093001</misses>
				<total>842</total>
				<timestamp>613.385084</timestamp>
			</report>
			<report>
				<misses>4094001</misses>
				<total>842</total>
				<timestamp>613.534810</timestamp>
			</report>
			<report>
				<misses>4095001</misses>
				<total>842</total>
				<timestamp>613.684792</timestamp>
			</report>
			<report>
				<misses>4096001</misses>
				<total>842</total>
				<timestamp>613.834564</timestamp>
			</report>
			<report>
				<misses>4097001</misses>
				<total>842</total>
				<timestamp>613.984418</timestamp>
			</report>
			<report>
				<misses>4098001</misses>
				<total>842</total>
				<timestamp>614.134484</timestamp>
			</report>
			<report>
				<misses>4099001</misses>
				<total>842</total>
				<timestamp>614.284333</timestamp>
			</report>
			<report>
				<misses>4100001</misses>
				<total>842</total>
				<timestamp>614.434114</timestamp>
			</report>
			<report>
				<misses>4101001</misses>
				<total>845</total>
				<timestamp>614.584039</timestamp>
			</report>
			<report>
				<misses>4102001</misses>
				<total>845</total>
				<timestamp>614.733795</timestamp>
			</report>
			<report>
				<misses>4103001</misses>
				<total>846</total>
				<timestamp>614.883718</timestamp>
			</report>
			<report>
				<misses>4104001</misses>
				<total>846</total>
				<timestamp>615.033497</timestamp>
			</report>
			<report>
				<misses>4105001</misses>
				<total>846</total>
				<timestamp>615.183396</timestamp>
			</report>
			<report>
				<misses>4106001</misses>
				<total>846</total>
				<timestamp>615.333284</timestamp>
			</report>
			<report>
				<misses>4107001</misses>
				<total>846</total>
				<timestamp>615.483069</timestamp>
			</report>
			<report>
				<misses>4108001</misses>
				<total>846</total>
				<timestamp>615.632934</timestamp>
			</report>
			<report>
				<misses>4109001</misses>
				<total>846</total>
				<timestamp>615.782748</timestamp>
			</report>
			<report>
				<misses>4110001</misses>
				<total>846</total>
				<timestamp>615.932577</timestamp>
			</report>
			<report>
				<misses>4111001</misses>
				<total>846</total>
				<timestamp>616.082539</timestamp>
			</report>
			<report>
				<misses>4112001</misses>
				<total>846</total>
				<timestamp>616.232407</timestamp>
			</report>
			<report>
				<misses>4113001</misses>
				<total>849</total>
				<timestamp>616.382405</timestamp>
			</report>
			<report>
				<misses>4114001</misses>
				<total>849</total>
				<timestamp>616.532295</timestamp>
			</report>
			<report>
				<misses>4115001</misses>
				<total>849</total>
				<timestamp>616.682165</timestamp>
			</report>
			<report>
				<misses>4116001</misses>
				<total>849</total>
				<timestamp>616.832018</timestamp>
			</report>
			<report>
				<misses>4117001</misses>
				<total>849</total>
				<timestamp>616.981939</timestamp>
			</report>
			<report>
				<misses>4118001</misses>
				<total>849</total>
				<timestamp>617.131766</timestamp>
			</report>
			<report>
				<misses>4119001</misses>
				<total>849</total>
				<timestamp>617.281584</timestamp>
			</report>
			<report>
				<misses>4120001</misses>
				<total>849</total>
				<timestamp>617.431406</timestamp>
			</report>
			<report>
				<misses>4121001</misses>
				<total>849</total>
				<timestamp>617.581335</timestamp>
			</report>
			<report>
				<misses>4122001</misses>
				<total>849</total>
				<timestamp>617.731089</timestamp>
			</report>
			<report>
				<misses>4123001</misses>
				<total>849</total>
				<timestamp>617.880959</timestamp>
			</report>
			<report>
				<misses>4124001</misses>
				<total>849</total>
				<timestamp>618.030870</timestamp>
			</report>
			<report>
				<misses>4125001</misses>
				<total>849</total>
				<timestamp>618.180698</timestamp>
			</report>
			<report>
				<misses>4126001</misses>
				<total>849</total>
				<timestamp>618.330561</timestamp>
			</report>
			<report>
				<misses>4127001</misses>
				<total>849</total>
				<timestamp>618.480332</timestamp>
			</report>
			<report>
				<misses>4128001</misses>
				<total>849</total>
				<timestamp>618.630193</timestamp>
			</report>
			<report>
				<misses>4129001</misses>
				<total>849</total>
				<timestamp>618.780046</timestamp>
			</report>
			<report>
				<misses>4130001</misses>
				<total>849</total>
				<timestamp>618.929984</timestamp>
			</report>
			<report>
				<misses>4131001</misses>
				<total>850</total>
				<timestamp>619.079769</timestamp>
			</report>
			<report>
				<misses>4132001</misses>
				<total>850</total>
				<timestamp>619.229584</timestamp>
			</report>
			<report>
				<misses>4133001</misses>
				<total>850</total>
				<timestamp>619.379529</timestamp>
			</report>
			<report>
				<misses>4134001</misses>
				<total>850</total>
				<timestamp>619.529332</timestamp>
			</report>
			<report>
				<misses>4135001</misses>
				<total>850</total>
				<timestamp>619.679186</timestamp>
			</report>
			<report>
				<misses>4136001</misses>
				<total>850</total>
				<timestamp>619.829085</timestamp>
			</report>
			<report>
				<misses>4137001</misses>
				<total>850</total>
				<timestamp>619.978946</timestamp>
			</report>
			<report>
				<misses>4138001</misses>
				<total>850</total>
				<timestamp>620.128910</timestamp>
			</report>
			<report>
				<misses>4139001</misses>
				<total>850</total>
				<timestamp>620.278710</timestamp>
			</report>
			<report>
				<misses>4140001</misses>
				<total>850</total>
				<timestamp>620.428652</timestamp>
			</report>
			<report>
				<misses>4141001</misses>
				<total>850</total>
				<timestamp>620.578550</timestamp>
			</report>
			<report>
				<misses>4142001</misses>
				<total>850</total>
				<timestamp>620.728389</timestamp>
			</report>
			<report>
				<misses>4143001</misses>
				<total>850</total>
				<timestamp>620.878295</timestamp>
			</report>
			<report>
				<misses>4144001</misses>
				<total>850</total>
				<timestamp>621.028094</timestamp>
			</report>
			<report>
				<misses>4145001</misses>
				<total>850</total>
				<timestamp>621.178036</timestamp>
			</report>
			<report>
				<misses>4146001</misses>
				<total>850</total>
				<timestamp>621.327789</timestamp>
			</report>
			<report>
				<misses>4147001</misses>
				<total>850</total>
				<timestamp>621.477706</timestamp>
			</report>
			<report>
				<misses>4148001</misses>
				<total>850</total>
				<timestamp>621.627497</timestamp>
			</report>
			<report>
				<misses>4149001</misses>
				<total>850</total>
				<timestamp>621.777403</timestamp>
			</report>
			<report>
				<misses>4150001</misses>
				<total>851</total>
				<timestamp>621.927247</timestamp>
			</report>
			<report>
				<misses>4151001</misses>
				<total>851</total>
				<timestamp>622.077048</timestamp>
			</report>
			<report>
				<misses>4152001</misses>
				<total>851</total>
				<timestamp>622.226938</timestamp>
			</report>
			<report>
				<misses>4153001</misses>
				<total>851</total>
				<timestamp>622.376768</timestamp>
			</report>
			<report>
				<misses>4154001</misses>
				<total>851</total>
				<timestamp>622.526722</timestamp>
			</report>
			<report>
				<misses>4155001</misses>
				<total>851</total>
				<timestamp>622.676595</timestamp>
			</report>
			<report>
				<misses>4156001</misses>
				<total>851</total>
				<timestamp>622.826470</timestamp>
			</report>
			<report>
				<misses>4157001</misses>
				<total>851</total>
				<timestamp>622.976329</timestamp>
			</report>
			<report>
				<misses>4158001</misses>
				<total>851</total>
				<timestamp>623.126219</timestamp>
			</report>
			<report>
				<misses>4159001</misses>
				<total>851</total>
				<timestamp>623.276000</timestamp>
			</report>
			<report>
				<misses>4160001</misses>
				<total>851</total>
				<timestamp>623.425959</timestamp>
			</report>
			<report>
				<misses>4161001</misses>
				<total>851</total>
				<timestamp>623.575906</timestamp>
			</report>
			<report>
				<misses>4162001</misses>
				<total>851</total>
				<timestamp>623.725792</timestamp>
			</report>
			<report>
				<misses>4163001</misses>
				<total>851</total>
				<timestamp>623.875586</timestamp>
			</report>
			<report>
				<misses>4164001</misses>
				<total>851</total>
				<timestamp>624.025478</timestamp>
			</report>
			<report>
				<misses>4165001</misses>
				<total>851</total>
				<timestamp>624.175266</timestamp>
			</report>
			<report>
				<misses>4166001</misses>
				<total>851</total>
				<timestamp>624.325134</timestamp>
			</report>
			<report>
				<misses>4167001</misses>
				<total>851</total>
				<timestamp>624.475010</timestamp>
			</report>
			<report>
				<misses>4168001</misses>
				<total>851</total>
				<timestamp>624.624910</timestamp>
			</report>
			<report>
				<misses>4169001</misses>
				<total>854</total>
				<timestamp>624.774881</timestamp>
			</report>
			<report>
				<misses>4170001</misses>
				<total>854</total>
				<timestamp>624.924637</timestamp>
			</report>
			<report>
				<misses>4171001</misses>
				<total>854</total>
				<timestamp>625.074590</timestamp>
			</report>
			<report>
				<misses>4172001</misses>
				<total>854</total>
				<timestamp>625.224355</timestamp>
			</report>
			<report>
				<misses>4173001</misses>
				<total>854</total>
				<timestamp>625.374184</timestamp>
			</report>
			<report>
				<misses>4174001</misses>
				<total>854</total>
				<timestamp>625.524049</timestamp>
			</report>
			<report>
				<misses>4175001</misses>
				<total>862</total>
				<timestamp>625.673922</timestamp>
			</report>
			<report>
				<misses>4176001</misses>
				<total>861</total>
				<timestamp>625.823830</timestamp>
			</report>
			<report>
				<misses>4177001</misses>
				<total>862</total>
				<timestamp>625.973692</timestamp>
			</report>
			<report>
				<misses>4178001</misses>
				<total>862</total>
				<timestamp>626.123541</timestamp>
			</report>
			<report>
				<misses>4179001</misses>
				<total>862</total>
				<timestamp>626.273310</timestamp>
			</report>
			<report>
				<misses>4180001</misses>
				<total>862</total>
				<timestamp>626.423163</timestamp>
			</report>
			<report>
				<misses>4181001</misses>
				<total>862</total>
				<timestamp>626.573008</timestamp>
			</report>
			<report>
				<misses>4182001</misses>
				<total>863</total>
				<timestamp>626.722881</timestamp>
			</report>
			<report>
				<misses>4183001</misses>
				<total>862</total>
				<timestamp>626.872778</timestamp>
			</report>
			<report>
				<misses>4184001</misses>
				<total>863</total>
				<timestamp>627.022626</timestamp>
			</report>
			<report>
				<misses>4185001</misses>
				<total>863</total>
				<timestamp>627.172513</timestamp>
			</report>
			<report>
				<misses>4186001</misses>
				<total>863</total>
				<timestamp>627.322488</timestamp>
			</report>
			<report>
				<misses>4187001</misses>
				<total>863</total>
				<timestamp>627.472333</timestamp>
			</report>
			<report>
				<misses>4188001</misses>
				<total>863</total>
				<timestamp>627.622155</timestamp>
			</report>
			<report>
				<misses>4189001</misses>
				<total>863</total>
				<timestamp>627.771961</timestamp>
			</report>
			<report>
				<misses>4190001</misses>
				<total>863</total>
				<timestamp>627.921821</timestamp>
			</report>
			<report>
				<misses>4191001</misses>
				<total>863</total>
				<timestamp>628.071708</timestamp>
			</report>
			<report>
				<misses>4192001</misses>
				<total>863</total>
				<timestamp>628.221497</timestamp>
			</report>
			<report>
				<misses>4193001</misses>
				<total>863</total>
				<timestamp>628.371467</timestamp>
			</report>
			<report>
				<misses>4194001</misses>
				<total>863</total>
				<timestamp>628.521404</timestamp>
			</report>
			<report>
				<misses>4195001</misses>
				<total>863</total>
				<timestamp>628.671264</timestamp>
			</report>
			<report>
				<misses>4196001</misses>
				<total>863</total>
				<timestamp>628.821070</timestamp>
			</report>
			<report>
				<misses>4197001</misses>
				<total>863</total>
				<timestamp>628.970893</timestamp>
			</report>
			<report>
				<misses>4198001</misses>
				<total>863</total>
				<timestamp>629.120756</timestamp>
			</report>
			<report>
				<misses>4199001</misses>
				<total>863</total>
				<timestamp>629.270651</timestamp>
			</report>
			<report>
				<misses>4200001</misses>
				<total>863</total>
				<timestamp>629.420458</timestamp>
			</report>
			<report>
				<misses>4201001</misses>
				<total>863</total>
				<timestamp>629.570348</timestamp>
			</report>
			<report>
				<misses>4202001</misses>
				<total>863</total>
				<timestamp>629.720222</timestamp>
			</report>
			<report>
				<misses>4203001</misses>
				<total>863</total>
				<timestamp>629.870082</timestamp>
			</report>
			<report>
				<misses>4204001</misses>
				<total>863</total>
				<timestamp>630.019871</timestamp>
			</report>
			<report>
				<misses>4205001</misses>
				<total>863</total>
				<timestamp>630.169761</timestamp>
			</report>
			<report>
				<misses>4206001</misses>
				<total>863</total>
				<timestamp>630.319629</timestamp>
			</report>
			<report>
				<misses>4207001</misses>
				<total>863</total>
				<timestamp>630.469468</timestamp>
			</report>
			<report>
				<misses>4208001</misses>
				<total>863</total>
				<timestamp>630.619285</timestamp>
			</report>
			<report>
				<misses>4209001</misses>
				<total>863</total>
				<timestamp>630.769091</timestamp>
			</report>
			<report>
				<misses>4210001</misses>
				<total>863</total>
				<timestamp>630.919012</timestamp>
			</report>
			<report>
				<misses>4211001</misses>
				<total>863</total>
				<timestamp>631.068866</timestamp>
			</report>
			<report>
				<misses>4212001</misses>
				<total>867</total>
				<timestamp>631.218748</timestamp>
			</report>
			<report>
				<misses>4213001</misses>
				<total>867</total>
				<timestamp>631.368659</timestamp>
			</report>
			<report>
				<misses>4214001</misses>
				<total>868</total>
				<timestamp>631.518534</timestamp>
			</report>
			<report>
				<misses>4215001</misses>
				<total>868</total>
				<timestamp>631.668440</timestamp>
			</report>
			<report>
				<misses>4216001</misses>
				<total>868</total>
				<timestamp>631.818186</timestamp>
			</report>
			<report>
				<misses>4217001</misses>
				<total>868</total>
				<timestamp>631.968130</timestamp>
			</report>
			<report>
				<misses>4218001</misses>
				<total>867</total>
				<timestamp>632.118002</timestamp>
			</report>
			<report>
				<misses>4219001</misses>
				<total>868</total>
				<timestamp>632.268012</timestamp>
			</report>
			<report>
				<misses>4220001</misses>
				<total>868</total>
				<timestamp>632.417918</timestamp>
			</report>
			<report>
				<misses>4221001</misses>
				<total>868</total>
				<timestamp>632.567796</timestamp>
			</report>
			<report>
				<misses>4222001</misses>
				<total>868</total>
				<timestamp>632.717589</timestamp>
			</report>
			<report>
				<misses>4223001</misses>
				<total>868</total>
				<timestamp>632.867448</timestamp>
			</report>
			<report>
				<misses>4224001</misses>
				<total>867</total>
				<timestamp>633.017372</timestamp>
			</report>
			<report>
				<misses>4225001</misses>
				<total>868</total>
				<timestamp>633.167165</timestamp>
			</report>
			<report>
				<misses>4226001</misses>
				<total>871</total>
				<timestamp>633.317056</timestamp>
			</report>
			<report>
				<misses>4227001</misses>
				<total>871</total>
				<timestamp>633.466865</timestamp>
			</report>
			<report>
				<misses>4228001</misses>
				<total>871</total>
				<timestamp>633.616747</timestamp>
			</report>
			<report>
				<misses>4229001</misses>
				<total>871</total>
				<timestamp>633.766659</timestamp>
			</report>
			<report>
				<misses>4230001</misses>
				<total>871</total>
				<timestamp>633.916628</timestamp>
			</report>
			<report>
				<misses>4231001</misses>
				<total>871</total>
				<timestamp>634.066448</timestamp>
			</report>
			<report>
				<misses>4232001</misses>
				<total>871</total>
				<timestamp>634.216328</timestamp>
			</report>
			<report>
				<misses>4233001</misses>
				<total>871</total>
				<timestamp>634.366205</timestamp>
			</report>
			<report>
				<misses>4234001</misses>
				<total>878</total>
				<timestamp>634.516176</timestamp>
			</report>
			<report>
				<misses>4235001</misses>
				<total>878</total>
				<timestamp>634.665999</timestamp>
			</report>
			<report>
				<misses>4236001</misses>
				<total>878</total>
				<timestamp>634.815886</timestamp>
			</report>
			<report>
				<misses>4237001</misses>
				<total>878</total>
				<timestamp>634.965699</timestamp>
			</report>
			<report>
				<misses>4238001</misses>
				<total>878</total>
				<timestamp>635.115485</timestamp>
			</report>
			<report>
				<misses>4239001</misses>
				<total>878</total>
				<timestamp>635.265412</timestamp>
			</report>
			<report>
				<misses>4240001</misses>
				<total>878</total>
				<timestamp>635.415242</timestamp>
			</report>
			<report>
				<misses>4241001</misses>
				<total>878</total>
				<timestamp>635.565076</timestamp>
			</report>
			<report>
				<misses>4242001</misses>
				<total>878</total>
				<timestamp>635.714946</timestamp>
			</report>
			<report>
				<misses>4243001</misses>
				<total>880</total>
				<timestamp>635.864735</timestamp>
			</report>
			<report>
				<misses>4244001</misses>
				<total>880</total>
				<timestamp>636.014621</timestamp>
			</report>
			<report>
				<misses>4245001</misses>
				<total>880</total>
				<timestamp>636.164487</timestamp>
			</report>
			<report>
				<misses>4246001</misses>
				<total>880</total>
				<timestamp>636.314299</timestamp>
			</report>
			<report>
				<misses>4247001</misses>
				<total>880</total>
				<timestamp>636.464183</timestamp>
			</report>
			<report>
				<misses>4248001</misses>
				<total>880</total>
				<timestamp>636.614107</timestamp>
			</report>
			<report>
				<misses>4249001</misses>
				<total>880</total>
				<timestamp>636.763989</timestamp>
			</report>
			<report>
				<misses>4250001</misses>
				<total>880</total>
				<timestamp>636.913892</timestamp>
			</report>
			<report>
				<misses>4251001</misses>
				<total>880</total>
				<timestamp>637.063782</timestamp>
			</report>
			<report>
				<misses>4252001</misses>
				<total>880</total>
				<timestamp>637.213654</timestamp>
			</report>
			<report>
				<misses>4253001</misses>
				<total>880</total>
				<timestamp>637.363652</timestamp>
			</report>
			<report>
				<misses>4254001</misses>
				<total>880</total>
				<timestamp>637.513566</timestamp>
			</report>
			<report>
				<misses>4255001</misses>
				<total>880</total>
				<timestamp>637.663414</timestamp>
			</report>
			<report>
				<misses>4256001</misses>
				<total>880</total>
				<timestamp>637.813226</timestamp>
			</report>
			<report>
				<misses>4257001</misses>
				<total>880</total>
				<timestamp>637.963092</timestamp>
			</report>
			<report>
				<misses>4258001</misses>
				<total>880</total>
				<timestamp>638.113015</timestamp>
			</report>
			<report>
				<misses>4259001</misses>
				<total>880</total>
				<timestamp>638.262846</timestamp>
			</report>
			<report>
				<misses>4260001</misses>
				<total>880</total>
				<timestamp>638.412660</timestamp>
			</report>
			<report>
				<misses>4261001</misses>
				<total>880</total>
				<timestamp>638.562608</timestamp>
			</report>
			<report>
				<misses>4262001</misses>
				<total>880</total>
				<timestamp>638.712580</timestamp>
			</report>
			<report>
				<misses>4263001</misses>
				<total>880</total>
				<timestamp>638.862346</timestamp>
			</report>
			<report>
				<misses>4264001</misses>
				<total>880</total>
				<timestamp>639.012213</timestamp>
			</report>
			<report>
				<misses>4265001</misses>
				<total>880</total>
				<timestamp>639.162071</timestamp>
			</report>
			<report>
				<misses>4266001</misses>
				<total>880</total>
				<timestamp>639.311971</timestamp>
			</report>
			<report>
				<misses>4267001</misses>
				<total>880</total>
				<timestamp>639.461786</timestamp>
			</report>
			<report>
				<misses>4268001</misses>
				<total>880</total>
				<timestamp>639.611643</timestamp>
			</report>
			<report>
				<misses>4269001</misses>
				<total>880</total>
				<timestamp>639.761489</timestamp>
			</report>
			<report>
				<misses>4270001</misses>
				<total>880</total>
				<timestamp>639.911383</timestamp>
			</report>
			<report>
				<misses>4271001</misses>
				<total>884</total>
				<timestamp>640.061160</timestamp>
			</report>
			<report>
				<misses>4272001</misses>
				<total>884</total>
				<timestamp>640.210981</timestamp>
			</report>
			<report>
				<misses>4273001</misses>
				<total>884</total>
				<timestamp>640.360851</timestamp>
			</report>
			<report>
				<misses>4274001</misses>
				<total>884</total>
				<timestamp>640.510737</timestamp>
			</report>
			<report>
				<misses>4275001</misses>
				<total>884</total>
				<timestamp>640.660566</timestamp>
			</report>
			<report>
				<misses>4276001</misses>
				<total>884</total>
				<timestamp>640.810427</timestamp>
			</report>
			<report>
				<misses>4277001</misses>
				<total>884</total>
				<timestamp>640.960331</timestamp>
			</report>
			<report>
				<misses>4278001</misses>
				<total>884</total>
				<timestamp>641.110128</timestamp>
			</report>
			<report>
				<misses>4279001</misses>
				<total>884</total>
				<timestamp>641.259989</timestamp>
			</report>
			<report>
				<misses>4280001</misses>
				<total>884</total>
				<timestamp>641.409808</timestamp>
			</report>
			<report>
				<misses>4281001</misses>
				<total>884</total>
				<timestamp>641.559668</timestamp>
			</report>
			<report>
				<misses>4282001</misses>
				<total>884</total>
				<timestamp>641.709536</timestamp>
			</report>
			<report>
				<misses>4283001</misses>
				<total>884</total>
				<timestamp>641.859443</timestamp>
			</report>
			<report>
				<misses>4284001</misses>
				<total>884</total>
				<timestamp>642.009374</timestamp>
			</report>
			<report>
				<misses>4285001</misses>
				<total>884</total>
				<timestamp>642.159239</timestamp>
			</report>
			<report>
				<misses>4286001</misses>
				<total>884</total>
				<timestamp>642.309138</timestamp>
			</report>
			<report>
				<misses>4287001</misses>
				<total>884</total>
				<timestamp>642.458912</timestamp>
			</report>
			<report>
				<misses>4288001</misses>
				<total>883</total>
				<timestamp>642.608867</timestamp>
			</report>
			<report>
				<misses>4289001</misses>
				<total>884</total>
				<timestamp>642.758828</timestamp>
			</report>
			<report>
				<misses>4290001</misses>
				<total>887</total>
				<timestamp>642.908591</timestamp>
			</report>
			<report>
				<misses>4291001</misses>
				<total>887</total>
				<timestamp>643.058514</timestamp>
			</report>
			<report>
				<misses>4292001</misses>
				<total>893</total>
				<timestamp>643.208363</timestamp>
			</report>
			<report>
				<misses>4293001</misses>
				<total>893</total>
				<timestamp>643.358169</timestamp>
			</report>
			<report>
				<misses>4294001</misses>
				<total>892</total>
				<timestamp>643.508035</timestamp>
			</report>
			<report>
				<misses>4295001</misses>
				<total>893</total>
				<timestamp>643.657944</timestamp>
			</report>
			<report>
				<misses>4296001</misses>
				<total>893</total>
				<timestamp>643.807867</timestamp>
			</report>
			<report>
				<misses>4297001</misses>
				<total>893</total>
				<timestamp>643.957758</timestamp>
			</report>
			<report>
				<misses>4298001</misses>
				<total>893</total>
				<timestamp>644.107646</timestamp>
			</report>
			<report>
				<misses>4299001</misses>
				<total>893</total>
				<timestamp>644.257568</timestamp>
			</report>
			<report>
				<misses>4300001</misses>
				<total>893</total>
				<timestamp>644.407488</timestamp>
			</report>
			<report>
				<misses>4301001</misses>
				<total>893</total>
				<timestamp>644.557220</timestamp>
			</report>
			<report>
				<misses>4302001</misses>
				<total>893</total>
				<timestamp>644.707088</timestamp>
			</report>
			<report>
				<misses>4303001</misses>
				<total>893</total>
				<timestamp>644.856976</timestamp>
			</report>
			<report>
				<misses>4304001</misses>
				<total>893</total>
				<timestamp>645.006818</timestamp>
			</report>
			<report>
				<misses>4305001</misses>
				<total>893</total>
				<timestamp>645.156646</timestamp>
			</report>
			<report>
				<misses>4306001</misses>
				<total>893</total>
				<timestamp>645.306513</timestamp>
			</report>
			<report>
				<misses>4307001</misses>
				<total>893</total>
				<timestamp>645.456446</timestamp>
			</report>
			<report>
				<misses>4308001</misses>
				<total>893</total>
				<timestamp>645.606414</timestamp>
			</report>
			<report>
				<misses>4309001</misses>
				<total>893</total>
				<timestamp>645.756283</timestamp>
			</report>
			<report>
				<misses>4310001</misses>
				<total>893</total>
				<timestamp>645.906018</timestamp>
			</report>
			<report>
				<misses>4311001</misses>
				<total>893</total>
				<timestamp>646.055990</timestamp>
			</report>
			<report>
				<misses>4312001</misses>
				<total>893</total>
				<timestamp>646.205729</timestamp>
			</report>
			<report>
				<misses>4313001</misses>
				<total>893</total>
				<timestamp>646.355665</timestamp>
			</report>
			<report>
				<misses>4314001</misses>
				<total>893</total>
				<timestamp>646.505481</timestamp>
			</report>
			<report>
				<misses>4315001</misses>
				<total>893</total>
				<timestamp>646.655408</timestamp>
			</report>
			<report>
				<misses>4316001</misses>
				<total>893</total>
				<timestamp>646.805387</timestamp>
			</report>
			<report>
				<misses>4317001</misses>
				<total>893</total>
				<timestamp>646.955211</timestamp>
			</report>
			<report>
				<misses>4318001</misses>
				<total>893</total>
				<timestamp>647.105069</timestamp>
			</report>
			<report>
				<misses>4319001</misses>
				<total>893</total>
				<timestamp>647.254842</timestamp>
			</report>
			<report>
				<misses>4320001</misses>
				<total>895</total>
				<timestamp>647.404800</timestamp>
			</report>
			<report>
				<misses>4321001</misses>
				<total>895</total>
				<timestamp>647.554721</timestamp>
			</report>
			<report>
				<misses>4322001</misses>
				<total>895</total>
				<timestamp>647.704562</timestamp>
			</report>
			<report>
				<misses>4323001</misses>
				<total>905</total>
				<timestamp>647.854386</timestamp>
			</report>
			<report>
				<misses>4324001</misses>
				<total>905</total>
				<timestamp>648.004364</timestamp>
			</report>
			<report>
				<misses>4325001</misses>
				<total>905</total>
				<timestamp>648.154330</timestamp>
			</report>
			<report>
				<misses>4326001</misses>
				<total>905</total>
				<timestamp>648.304099</timestamp>
			</report>
			<report>
				<misses>4327001</misses>
				<total>908</total>
				<timestamp>648.453965</timestamp>
			</report>
			<report>
				<misses>4328001</misses>
				<total>908</total>
				<timestamp>648.603823</timestamp>
			</report>
			<report>
				<misses>4329001</misses>
				<total>908</total>
				<timestamp>648.753688</timestamp>
			</report>
			<report>
				<misses>4330001</misses>
				<total>908</total>
				<timestamp>648.903535</timestamp>
			</report>
			<report>
				<misses>4331001</misses>
				<total>913</total>
				<timestamp>649.053429</timestamp>
			</report>
			<report>
				<misses>4332001</misses>
				<total>913</total>
				<timestamp>649.203295</timestamp>
			</report>
			<report>
				<misses>4333001</misses>
				<total>913</total>
				<timestamp>649.353188</timestamp>
			</report>
			<report>
				<misses>4334001</misses>
				<total>913</total>
				<timestamp>649.503013</timestamp>
			</report>
			<report>
				<misses>4335001</misses>
				<total>915</total>
				<timestamp>649.652925</timestamp>
			</report>
			<report>
				<misses>4336001</misses>
				<total>915</total>
				<timestamp>649.802809</timestamp>
			</report>
			<report>
				<misses>4337001</misses>
				<total>915</total>
				<timestamp>649.952705</timestamp>
			</report>
			<report>
				<misses>4338001</misses>
				<total>916</total>
				<timestamp>650.102664</timestamp>
			</report>
			<report>
				<misses>4339001</misses>
				<total>918</total>
				<timestamp>650.252520</timestamp>
			</report>
			<report>
				<misses>4340001</misses>
				<total>918</total>
				<timestamp>650.402430</timestamp>
			</report>
			<report>
				<misses>4341001</misses>
				<total>918</total>
				<timestamp>650.552317</timestamp>
			</report>
			<report>
				<misses>4342001</misses>
				<total>918</total>
				<timestamp>650.702213</timestamp>
			</report>
			<report>
				<misses>4343001</misses>
				<total>918</total>
				<timestamp>650.852065</timestamp>
			</report>
			<report>
				<misses>4344001</misses>
				<total>918</total>
				<timestamp>651.002011</timestamp>
			</report>
			<report>
				<misses>4345001</misses>
				<total>918</total>
				<timestamp>651.151937</timestamp>
			</report>
			<report>
				<misses>4346001</misses>
				<total>918</total>
				<timestamp>651.301761</timestamp>
			</report>
			<report>
				<misses>4347001</misses>
				<total>918</total>
				<timestamp>651.451615</timestamp>
			</report>
			<report>
				<misses>4348001</misses>
				<total>918</total>
				<timestamp>651.601445</timestamp>
			</report>
			<report>
				<misses>4349001</misses>
				<total>918</total>
				<timestamp>651.751293</timestamp>
			</report>
			<report>
				<misses>4350001</misses>
				<total>918</total>
				<timestamp>651.901187</timestamp>
			</report>
			<report>
				<misses>4351001</misses>
				<total>918</total>
				<timestamp>652.051005</timestamp>
			</report>
			<report>
				<misses>4352001</misses>
				<total>918</total>
				<timestamp>652.200815</timestamp>
			</report>
			<report>
				<misses>4353001</misses>
				<total>918</total>
				<timestamp>652.350718</timestamp>
			</report>
			<report>
				<misses>4354001</misses>
				<total>918</total>
				<timestamp>652.500577</timestamp>
			</report>
			<report>
				<misses>4355001</misses>
				<total>918</total>
				<timestamp>652.650393</timestamp>
			</report>
			<report>
				<misses>4356001</misses>
				<total>918</total>
				<timestamp>652.800209</timestamp>
			</report>
			<report>
				<misses>4357001</misses>
				<total>918</total>
				<timestamp>652.950106</timestamp>
			</report>
			<report>
				<misses>4358001</misses>
				<total>918</total>
				<timestamp>653.099896</timestamp>
			</report>
			<report>
				<misses>4359001</misses>
				<total>918</total>
				<timestamp>653.249771</timestamp>
			</report>
			<report>
				<misses>4360001</misses>
				<total>920</total>
				<timestamp>653.399640</timestamp>
			</report>
			<report>
				<misses>4361001</misses>
				<total>920</total>
				<timestamp>653.549516</timestamp>
			</report>
			<report>
				<misses>4362001</misses>
				<total>920</total>
				<timestamp>653.699310</timestamp>
			</report>
			<report>
				<misses>4363001</misses>
				<total>920</total>
				<timestamp>653.849169</timestamp>
			</report>
			<report>
				<misses>4364001</misses>
				<total>920</total>
				<timestamp>653.999114</timestamp>
			</report>
			<report>
				<misses>4365001</misses>
				<total>919</total>
				<timestamp>654.148983</timestamp>
			</report>
			<report>
				<misses>4366001</misses>
				<total>920</total>
				<timestamp>654.298810</timestamp>
			</report>
			<report>
				<misses>4367001</misses>
				<total>920</total>
				<timestamp>654.448778</timestamp>
			</report>
			<report>
				<misses>4368001</misses>
				<total>920</total>
				<timestamp>654.598636</timestamp>
			</report>
			<report>
				<misses>4369001</misses>
				<total>920</total>
				<timestamp>654.748465</timestamp>
			</report>
			<report>
				<misses>4370001</misses>
				<total>923</total>
				<timestamp>654.898236</timestamp>
			</report>
			<report>
				<misses>4371001</misses>
				<total>923</total>
				<timestamp>655.048164</timestamp>
			</report>
			<report>
				<misses>4372001</misses>
				<total>923</total>
				<timestamp>655.197992</timestamp>
			</report>
			<report>
				<misses>4373001</misses>
				<total>923</total>
				<timestamp>655.347915</timestamp>
			</report>
			<report>
				<misses>4374001</misses>
				<total>923</total>
				<timestamp>655.497808</timestamp>
			</report>
			<report>
				<misses>4375001</misses>
				<total>923</total>
				<timestamp>655.647646</timestamp>
			</report>
			<report>
				<misses>4376001</misses>
				<total>923</total>
				<timestamp>655.797491</timestamp>
			</report>
			<report>
				<misses>4377001</misses>
				<total>923</total>
				<timestamp>655.947374</timestamp>
			</report>
			<report>
				<misses>4378001</misses>
				<total>923</total>
				<timestamp>656.097297</timestamp>
			</report>
			<report>
				<misses>4379001</misses>
				<total>923</total>
				<timestamp>656.247281</timestamp>
			</report>
			<report>
				<misses>4380001</misses>
				<total>923</total>
				<timestamp>656.397056</timestamp>
			</report>
			<report>
				<misses>4381001</misses>
				<total>923</total>
				<timestamp>656.546912</timestamp>
			</report>
			<report>
				<misses>4382001</misses>
				<total>932</total>
				<timestamp>656.696798</timestamp>
			</report>
			<report>
				<misses>4383001</misses>
				<total>932</total>
				<timestamp>656.846634</timestamp>
			</report>
			<report>
				<misses>4384001</misses>
				<total>932</total>
				<timestamp>656.996440</timestamp>
			</report>
			<report>
				<misses>4385001</misses>
				<total>932</total>
				<timestamp>657.146340</timestamp>
			</report>
			<report>
				<misses>4386001</misses>
				<total>932</total>
				<timestamp>657.296165</timestamp>
			</report>
			<report>
				<misses>4387001</misses>
				<total>932</total>
				<timestamp>657.446011</timestamp>
			</report>
			<report>
				<misses>4388001</misses>
				<total>932</total>
				<timestamp>657.595950</timestamp>
			</report>
			<report>
				<misses>4389001</misses>
				<total>932</total>
				<timestamp>657.745964</timestamp>
			</report>
			<report>
				<misses>4390001</misses>
				<total>932</total>
				<timestamp>657.895840</timestamp>
			</report>
			<report>
				<misses>4391001</misses>
				<total>931</total>
				<timestamp>658.045757</timestamp>
			</report>
			<report>
				<misses>4392001</misses>
				<total>932</total>
				<timestamp>658.195529</timestamp>
			</report>
			<report>
				<misses>4393001</misses>
				<total>932</total>
				<timestamp>658.345508</timestamp>
			</report>
			<report>
				<misses>4394001</misses>
				<total>932</total>
				<timestamp>658.495388</timestamp>
			</report>
			<report>
				<misses>4395001</misses>
				<total>932</total>
				<timestamp>658.645327</timestamp>
			</report>
			<report>
				<misses>4396001</misses>
				<total>932</total>
				<timestamp>658.795155</timestamp>
			</report>
			<report>
				<misses>4397001</misses>
				<total>932</total>
				<timestamp>658.945018</timestamp>
			</report>
			<report>
				<misses>4398001</misses>
				<total>932</total>
				<timestamp>659.094788</timestamp>
			</report>
			<report>
				<misses>4399001</misses>
				<total>932</total>
				<timestamp>659.244682</timestamp>
			</report>
			<report>
				<misses>4400001</misses>
				<total>931</total>
				<timestamp>659.394528</timestamp>
			</report>
			<report>
				<misses>4401001</misses>
				<total>931</total>
				<timestamp>659.544397</timestamp>
			</report>
			<report>
				<misses>4402001</misses>
				<total>932</total>
				<timestamp>659.694204</timestamp>
			</report>
			<report>
				<misses>4403001</misses>
				<total>932</total>
				<timestamp>659.844083</timestamp>
			</report>
			<report>
				<misses>4404001</misses>
				<total>932</total>
				<timestamp>659.993891</timestamp>
			</report>
			<report>
				<misses>4405001</misses>
				<total>932</total>
				<timestamp>660.143834</timestamp>
			</report>
			<report>
				<misses>4406001</misses>
				<total>932</total>
				<timestamp>660.293651</timestamp>
			</report>
			<report>
				<misses>4407001</misses>
				<total>932</total>
				<timestamp>660.443513</timestamp>
			</report>
			<report>
				<misses>4408001</misses>
				<total>932</total>
				<timestamp>660.593362</timestamp>
			</report>
			<report>
				<misses>4409001</misses>
				<total>932</total>
				<timestamp>660.743266</timestamp>
			</report>
			<report>
				<misses>4410001</misses>
				<total>932</total>
				<timestamp>660.893185</timestamp>
			</report>
			<report>
				<misses>4411001</misses>
				<total>932</total>
				<timestamp>661.043049</timestamp>
			</report>
			<report>
				<misses>4412001</misses>
				<total>934</total>
				<timestamp>661.192954</timestamp>
			</report>
			<report>
				<misses>4413001</misses>
				<total>934</total>
				<timestamp>661.342897</timestamp>
			</report>
			<report>
				<misses>4414001</misses>
				<total>934</total>
				<timestamp>661.492733</timestamp>
			</report>
			<report>
				<misses>4415001</misses>
				<total>934</total>
				<timestamp>661.642589</timestamp>
			</report>
			<report>
				<misses>4416001</misses>
				<total>934</total>
				<timestamp>661.792393</timestamp>
			</report>
			<report>
				<misses>4417001</misses>
				<total>934</total>
				<timestamp>661.942337</timestamp>
			</report>
			<report>
				<misses>4418001</misses>
				<total>934</total>
				<timestamp>662.092157</timestamp>
			</report>
			<report>
				<misses>4419001</misses>
				<total>934</total>
				<timestamp>662.241985</timestamp>
			</report>
			<report>
				<misses>4420001</misses>
				<total>934</total>
				<timestamp>662.391793</timestamp>
			</report>
			<report>
				<misses>4421001</misses>
				<total>934</total>
				<timestamp>662.541731</timestamp>
			</report>
			<report>
				<misses>4422001</misses>
				<total>934</total>
				<timestamp>662.691536</timestamp>
			</report>
			<report>
				<misses>4423001</misses>
				<total>934</total>
				<timestamp>662.841446</timestamp>
			</report>
			<report>
				<misses>4424001</misses>
				<total>934</total>
				<timestamp>662.991407</timestamp>
			</report>
			<report>
				<misses>4425001</misses>
				<total>934</total>
				<timestamp>663.141235</timestamp>
			</report>
			<report>
				<misses>4426001</misses>
				<total>934</total>
				<timestamp>663.291073</timestamp>
			</report>
			<report>
				<misses>4427001</misses>
				<total>934</total>
				<timestamp>663.440958</timestamp>
			</report>
			<report>
				<misses>4428001</misses>
				<total>934</total>
				<timestamp>663.590739</timestamp>
			</report>
			<report>
				<misses>4429001</misses>
				<total>934</total>
				<timestamp>663.740664</timestamp>
			</report>
			<report>
				<misses>4430001</misses>
				<total>935</total>
				<timestamp>663.890533</timestamp>
			</report>
			<report>
				<misses>4431001</misses>
				<total>935</total>
				<timestamp>664.040318</timestamp>
			</report>
			<report>
				<misses>4432001</misses>
				<total>935</total>
				<timestamp>664.190181</timestamp>
			</report>
			<report>
				<misses>4433001</misses>
				<total>935</total>
				<timestamp>664.340014</timestamp>
			</report>
			<report>
				<misses>4434001</misses>
				<total>935</total>
				<timestamp>664.489868</timestamp>
			</report>
			<report>
				<misses>4435001</misses>
				<total>935</total>
				<timestamp>664.639694</timestamp>
			</report>
			<report>
				<misses>4436001</misses>
				<total>935</total>
				<timestamp>664.789573</timestamp>
			</report>
			<report>
				<misses>4437001</misses>
				<total>935</total>
				<timestamp>664.939453</timestamp>
			</report>
			<report>
				<misses>4438001</misses>
				<total>935</total>
				<timestamp>665.089240</timestamp>
			</report>
			<report>
				<misses>4439001</misses>
				<total>935</total>
				<timestamp>665.239113</timestamp>
			</report>
			<report>
				<misses>4440001</misses>
				<total>935</total>
				<timestamp>665.389008</timestamp>
			</report>
			<report>
				<misses>4441001</misses>
				<total>935</total>
				<timestamp>665.538843</timestamp>
			</report>
			<report>
				<misses>4442001</misses>
				<total>936</total>
				<timestamp>665.688681</timestamp>
			</report>
			<report>
				<misses>4443001</misses>
				<total>936</total>
				<timestamp>665.838560</timestamp>
			</report>
			<report>
				<misses>4444001</misses>
				<total>937</total>
				<timestamp>665.988413</timestamp>
			</report>
			<report>
				<misses>4445001</misses>
				<total>937</total>
				<timestamp>666.138235</timestamp>
			</report>
			<report>
				<misses>4446001</misses>
				<total>937</total>
				<timestamp>666.288089</timestamp>
			</report>
			<report>
				<misses>4447001</misses>
				<total>937</total>
				<timestamp>666.437998</timestamp>
			</report>
			<report>
				<misses>4448001</misses>
				<total>936</total>
				<timestamp>666.587906</timestamp>
			</report>
			<report>
				<misses>4449001</misses>
				<total>937</total>
				<timestamp>666.737820</timestamp>
			</report>
			<report>
				<misses>4450001</misses>
				<total>937</total>
				<timestamp>666.887617</timestamp>
			</report>
			<report>
				<misses>4451001</misses>
				<total>937</total>
				<timestamp>667.037547</timestamp>
			</report>
			<report>
				<misses>4452001</misses>
				<total>937</total>
				<timestamp>667.187506</timestamp>
			</report>
			<report>
				<misses>4453001</misses>
				<total>937</total>
				<timestamp>667.337362</timestamp>
			</report>
			<report>
				<misses>4454001</misses>
				<total>937</total>
				<timestamp>667.487263</timestamp>
			</report>
			<report>
				<misses>4455001</misses>
				<total>937</total>
				<timestamp>667.637140</timestamp>
			</report>
			<report>
				<misses>4456001</misses>
				<total>937</total>
				<timestamp>667.786996</timestamp>
			</report>
			<report>
				<misses>4457001</misses>
				<total>938</total>
				<timestamp>667.936958</timestamp>
			</report>
			<report>
				<misses>4458001</misses>
				<total>938</total>
				<timestamp>668.086833</timestamp>
			</report>
			<report>
				<misses>4459001</misses>
				<total>938</total>
				<timestamp>668.236686</timestamp>
			</report>
			<report>
				<misses>4460001</misses>
				<total>938</total>
				<timestamp>668.386584</timestamp>
			</report>
			<report>
				<misses>4461001</misses>
				<total>938</total>
				<timestamp>668.536386</timestamp>
			</report>
			<report>
				<misses>4462001</misses>
				<total>938</total>
				<timestamp>668.686352</timestamp>
			</report>
			<report>
				<misses>4463001</misses>
				<total>938</total>
				<timestamp>668.836230</timestamp>
			</report>
			<report>
				<misses>4464001</misses>
				<total>938</total>
				<timestamp>668.986084</timestamp>
			</report>
			<report>
				<misses>4465001</misses>
				<total>938</total>
				<timestamp>669.136033</timestamp>
			</report>
			<report>
				<misses>4466001</misses>
				<total>938</total>
				<timestamp>669.285897</timestamp>
			</report>
			<report>
				<misses>4467001</misses>
				<total>938</total>
				<timestamp>669.435819</timestamp>
			</report>
			<report>
				<misses>4468001</misses>
				<total>938</total>
				<timestamp>669.585663</timestamp>
			</report>
			<report>
				<misses>4469001</misses>
				<total>938</total>
				<timestamp>669.735515</timestamp>
			</report>
			<report>
				<misses>4470001</misses>
				<total>938</total>
				<timestamp>669.885382</timestamp>
			</report>
			<report>
				<misses>4471001</misses>
				<total>937</total>
				<timestamp>670.035440</timestamp>
			</report>
			<report>
				<misses>4472001</misses>
				<total>938</total>
				<timestamp>670.185289</timestamp>
			</report>
			<report>
				<misses>4473001</misses>
				<total>938</total>
				<timestamp>670.335110</timestamp>
			</report>
			<report>
				<misses>4474001</misses>
				<total>942</total>
				<timestamp>670.484883</timestamp>
			</report>
			<report>
				<misses>4475001</misses>
				<total>942</total>
				<timestamp>670.634785</timestamp>
			</report>
			<report>
				<misses>4476001</misses>
				<total>942</total>
				<timestamp>670.784611</timestamp>
			</report>
			<report>
				<misses>4477001</misses>
				<total>944</total>
				<timestamp>670.934507</timestamp>
			</report>
			<report>
				<misses>4478001</misses>
				<total>944</total>
				<timestamp>671.084355</timestamp>
			</report>
			<report>
				<misses>4479001</misses>
				<total>944</total>
				<timestamp>671.234305</timestamp>
			</report>
			<report>
				<misses>4480001</misses>
				<total>944</total>
				<timestamp>671.384274</timestamp>
			</report>
			<report>
				<misses>4481001</misses>
				<total>944</total>
				<timestamp>671.534191</timestamp>
			</report>
			<report>
				<misses>4482001</misses>
				<total>944</total>
				<timestamp>671.683997</timestamp>
			</report>
			<report>
				<misses>4483001</misses>
				<total>943</total>
				<timestamp>671.833898</timestamp>
			</report>
			<report>
				<misses>4484001</misses>
				<total>943</total>
				<timestamp>671.983766</timestamp>
			</report>
			<report>
				<misses>4485001</misses>
				<total>944</total>
				<timestamp>672.133677</timestamp>
			</report>
			<report>
				<misses>4486001</misses>
				<total>943</total>
				<timestamp>672.283594</timestamp>
			</report>
			<report>
				<misses>4487001</misses>
				<total>944</total>
				<timestamp>672.433485</timestamp>
			</report>
			<report>
				<misses>4488001</misses>
				<total>944</total>
				<timestamp>672.583270</timestamp>
			</report>
			<report>
				<misses>4489001</misses>
				<total>944</total>
				<timestamp>672.733170</timestamp>
			</report>
			<report>
				<misses>4490001</misses>
				<total>944</total>
				<timestamp>672.882994</timestamp>
			</report>
			<report>
				<misses>4491001</misses>
				<total>944</total>
				<timestamp>673.032918</timestamp>
			</report>
			<report>
				<misses>4492001</misses>
				<total>944</total>
				<timestamp>673.182886</timestamp>
			</report>
			<report>
				<misses>4493001</misses>
				<total>944</total>
				<timestamp>673.332705</timestamp>
			</report>
			<report>
				<misses>4494001</misses>
				<total>944</total>
				<timestamp>673.482620</timestamp>
			</report>
			<report>
				<misses>4495001</misses>
				<total>944</total>
				<timestamp>673.632584</timestamp>
			</report>
			<report>
				<misses>4496001</misses>
				<total>944</total>
				<timestamp>673.782442</timestamp>
			</report>
			<report>
				<misses>4497001</misses>
				<total>945</total>
				<timestamp>673.932209</timestamp>
			</report>
			<report>
				<misses>4498001</misses>
				<total>950</total>
				<timestamp>674.082061</timestamp>
			</report>
			<report>
				<misses>4499001</misses>
				<total>950</total>
				<timestamp>674.231973</timestamp>
			</report>
			<report>
				<misses>4500001</misses>
				<total>950</total>
				<timestamp>674.381855</timestamp>
			</report>
			<report>
				<misses>4501001</misses>
				<total>950</total>
				<timestamp>674.531752</timestamp>
			</report>
			<report>
				<misses>4502001</misses>
				<total>950</total>
				<timestamp>674.681609</timestamp>
			</report>
			<report>
				<misses>4503001</misses>
				<total>950</total>
				<timestamp>674.831467</timestamp>
			</report>
			<report>
				<misses>4504001</misses>
				<total>950</total>
				<timestamp>674.981322</timestamp>
			</report>
			<report>
				<misses>4505001</misses>
				<total>950</total>
				<timestamp>675.131229</timestamp>
			</report>
			<report>
				<misses>4506001</misses>
				<total>955</total>
				<timestamp>675.281043</timestamp>
			</report>
			<report>
				<misses>4507001</misses>
				<total>955</total>
				<timestamp>675.430913</timestamp>
			</report>
			<report>
				<misses>4508001</misses>
				<total>962</total>
				<timestamp>675.580743</timestamp>
			</report>
			<report>
				<misses>4509001</misses>
				<total>962</total>
				<timestamp>675.730608</timestamp>
			</report>
			<report>
				<misses>4510001</misses>
				<total>962</total>
				<timestamp>675.880409</timestamp>
			</report>
			<report>
				<misses>4511001</misses>
				<total>962</total>
				<timestamp>676.030254</timestamp>
			</report>
			<report>
				<misses>4512001</misses>
				<total>962</total>
				<timestamp>676.180110</timestamp>
			</report>
			<report>
				<misses>4513001</misses>
				<total>962</total>
				<timestamp>676.330041</timestamp>
			</report>
			<report>
				<misses>4514001</misses>
				<total>962</total>
				<timestamp>676.479876</timestamp>
			</report>
			<report>
				<misses>4515001</misses>
				<total>962</total>
				<timestamp>676.629639</timestamp>
			</report>
			<report>
				<misses>4516001</misses>
				<total>962</total>
				<timestamp>676.779485</timestamp>
			</report>
			<report>
				<misses>4517001</misses>
				<total>962</total>
				<timestamp>676.929338</timestamp>
			</report>
			<report>
				<misses>4518001</misses>
				<total>963</total>
				<timestamp>677.079287</timestamp>
			</report>
			<report>
				<misses>4519001</misses>
				<total>963</total>
				<timestamp>677.229129</timestamp>
			</report>
			<report>
				<misses>4520001</misses>
				<total>963</total>
				<timestamp>677.378956</timestamp>
			</report>
			<report>
				<misses>4521001</misses>
				<total>963</total>
				<timestamp>677.528819</timestamp>
			</report>
			<report>
				<misses>4522001</misses>
				<total>963</total>
				<timestamp>677.678586</timestamp>
			</report>
			<report>
				<misses>4523001</misses>
				<total>963</total>
				<timestamp>677.828532</timestamp>
			</report>
			<report>
				<misses>4524001</misses>
				<total>965</total>
				<timestamp>677.978293</timestamp>
			</report>
			<report>
				<misses>4525001</misses>
				<total>965</total>
				<timestamp>678.128141</timestamp>
			</report>
			<report>
				<misses>4526001</misses>
				<total>965</total>
				<timestamp>678.278029</timestamp>
			</report>
			<report>
				<misses>4527001</misses>
				<total>965</total>
				<timestamp>678.427941</timestamp>
			</report>
			<report>
				<misses>4528001</misses>
				<total>965</total>
				<timestamp>678.577793</timestamp>
			</report>
			<report>
				<misses>4529001</misses>
				<total>965</total>
				<timestamp>678.727632</timestamp>
			</report>
			<report>
				<misses>4530001</misses>
				<total>965</total>
				<timestamp>678.877406</timestamp>
			</report>
			<report>
				<misses>4531001</misses>
				<total>965</total>
				<timestamp>679.027368</timestamp>
			</report>
			<report>
				<misses>4532001</misses>
				<total>965</total>
				<timestamp>679.177281</timestamp>
			</report>
			<report>
				<misses>4533001</misses>
				<total>965</total>
				<timestamp>679.327187</timestamp>
			</report>
			<report>
				<misses>4534001</misses>
				<total>965</total>
				<timestamp>679.476948</timestamp>
			</report>
			<report>
				<misses>4535001</misses>
				<total>966</total>
				<timestamp>679.626784</timestamp>
			</report>
			<report>
				<misses>4536001</misses>
				<total>966</total>
				<timestamp>679.776667</timestamp>
			</report>
			<report>
				<misses>4537001</misses>
				<total>968</total>
				<timestamp>679.926498</timestamp>
			</report>
			<report>
				<misses>4538001</misses>
				<total>968</total>
				<timestamp>680.076427</timestamp>
			</report>
			<report>
				<misses>4539001</misses>
				<total>968</total>
				<timestamp>680.226308</timestamp>
			</report>
			<report>
				<misses>4540001</misses>
				<total>968</total>
				<timestamp>680.376290</timestamp>
			</report>
			<report>
				<misses>4541001</misses>
				<total>967</total>
				<timestamp>680.526140</timestamp>
			</report>
			<report>
				<misses>4542001</misses>
				<total>968</total>
				<timestamp>680.675901</timestamp>
			</report>
			<report>
				<misses>4543001</misses>
				<total>968</total>
				<timestamp>680.825814</timestamp>
			</report>
			<report>
				<misses>4544001</misses>
				<total>970</total>
				<timestamp>680.975707</timestamp>
			</report>
			<report>
				<misses>4545001</misses>
				<total>970</total>
				<timestamp>681.125683</timestamp>
			</report>
			<report>
				<misses>4546001</misses>
				<total>970</total>
				<timestamp>681.275556</timestamp>
			</report>
			<report>
				<misses>4547001</misses>
				<total>970</total>
				<timestamp>681.425459</timestamp>
			</report>
			<report>
				<misses>4548001</misses>
				<total>970</total>
				<timestamp>681.575396</timestamp>
			</report>
			<report>
				<misses>4549001</misses>
				<total>970</total>
				<timestamp>681.725378</timestamp>
			</report>
			<report>
				<misses>4550001</misses>
				<total>970</total>
				<timestamp>681.875185</timestamp>
			</report>
			<report>
				<misses>4551001</misses>
				<total>970</total>
				<timestamp>682.025041</timestamp>
			</report>
			<report>
				<misses>4552001</misses>
				<total>970</total>
				<timestamp>682.174885</timestamp>
			</report>
			<report>
				<misses>4553001</misses>
				<total>970</total>
				<timestamp>682.324710</timestamp>
			</report>
			<report>
				<misses>4554001</misses>
				<total>970</total>
				<timestamp>682.474616</timestamp>
			</report>
			<report>
				<misses>4555001</misses>
				<total>970</total>
				<timestamp>682.624483</timestamp>
			</report>
			<report>
				<misses>4556001</misses>
				<total>970</total>
				<timestamp>682.774257</timestamp>
			</report>
			<report>
				<misses>4557001</misses>
				<total>970</total>
				<timestamp>682.924124</timestamp>
			</report>
			<report>
				<misses>4558001</misses>
				<total>970</total>
				<timestamp>683.074022</timestamp>
			</report>
			<report>
				<misses>4559001</misses>
				<total>970</total>
				<timestamp>683.223825</timestamp>
			</report>
			<report>
				<misses>4560001</misses>
				<total>970</total>
				<timestamp>683.373736</timestamp>
			</report>
			<report>
				<misses>4561001</misses>
				<total>970</total>
				<timestamp>683.523506</timestamp>
			</report>
			<report>
				<misses>4562001</misses>
				<total>970</total>
				<timestamp>683.673363</timestamp>
			</report>
			<report>
				<misses>4563001</misses>
				<total>970</total>
				<timestamp>683.823321</timestamp>
			</report>
			<report>
				<misses>4564001</misses>
				<total>970</total>
				<timestamp>683.973237</timestamp>
			</report>
			<report>
				<misses>4565001</misses>
				<total>970</total>
				<timestamp>684.123039</timestamp>
			</report>
			<report>
				<misses>4566001</misses>
				<total>970</total>
				<timestamp>684.272988</timestamp>
			</report>
			<report>
				<misses>4567001</misses>
				<total>969</total>
				<timestamp>684.422740</timestamp>
			</report>
			<report>
				<misses>4568001</misses>
				<total>970</total>
				<timestamp>684.572634</timestamp>
			</report>
			<report>
				<misses>4569001</misses>
				<total>970</total>
				<timestamp>684.722459</timestamp>
			</report>
			<report>
				<misses>4570001</misses>
				<total>970</total>
				<timestamp>684.872331</timestamp>
			</report>
			<report>
				<misses>4571001</misses>
				<total>970</total>
				<timestamp>685.022165</timestamp>
			</report>
			<report>
				<misses>4572001</misses>
				<total>970</total>
				<timestamp>685.172066</timestamp>
			</report>
			<report>
				<misses>4573001</misses>
				<total>970</total>
				<timestamp>685.321833</timestamp>
			</report>
			<report>
				<misses>4574001</misses>
				<total>970</total>
				<timestamp>685.471738</timestamp>
			</report>
			<report>
				<misses>4575001</misses>
				<total>970</total>
				<timestamp>685.621544</timestamp>
			</report>
			<report>
				<misses>4576001</misses>
				<total>970</total>
				<timestamp>685.771509</timestamp>
			</report>
			<report>
				<misses>4577001</misses>
				<total>970</total>
				<timestamp>685.921430</timestamp>
			</report>
			<report>
				<misses>4578001</misses>
				<total>970</total>
				<timestamp>686.071292</timestamp>
			</report>
			<report>
				<misses>4579001</misses>
				<total>970</total>
				<timestamp>686.221149</timestamp>
			</report>
			<report>
				<misses>4580001</misses>
				<total>970</total>
				<timestamp>686.371018</timestamp>
			</report>
			<report>
				<misses>4581001</misses>
				<total>970</total>
				<timestamp>686.520818</timestamp>
			</report>
			<report>
				<misses>4582001</misses>
				<total>970</total>
				<timestamp>686.670695</timestamp>
			</report>
			<report>
				<misses>4583001</misses>
				<total>970</total>
				<timestamp>686.820514</timestamp>
			</report>
			<report>
				<misses>4584001</misses>
				<total>970</total>
				<timestamp>686.970372</timestamp>
			</report>
			<report>
				<misses>4585001</misses>
				<total>970</total>
				<timestamp>687.120330</timestamp>
			</report>
			<report>
				<misses>4586001</misses>
				<total>975</total>
				<timestamp>687.270311</timestamp>
			</report>
			<report>
				<misses>4587001</misses>
				<total>975</total>
				<timestamp>687.420251</timestamp>
			</report>
			<report>
				<misses>4588001</misses>
				<total>975</total>
				<timestamp>687.570066</timestamp>
			</report>
			<report>
				<misses>4589001</misses>
				<total>975</total>
				<timestamp>687.719888</timestamp>
			</report>
			<report>
				<misses>4590001</misses>
				<total>975</total>
				<timestamp>687.869755</timestamp>
			</report>
			<report>
				<misses>4591001</misses>
				<total>975</total>
				<timestamp>688.019592</timestamp>
			</report>
			<report>
				<misses>4592001</misses>
				<total>975</total>
				<timestamp>688.169502</timestamp>
			</report>
			<report>
				<misses>4593001</misses>
				<total>975</total>
				<timestamp>688.319389</timestamp>
			</report>
			<report>
				<misses>4594001</misses>
				<total>975</total>
				<timestamp>688.469169</timestamp>
			</report>
			<report>
				<misses>4595001</misses>
				<total>975</total>
				<timestamp>688.618985</timestamp>
			</report>
			<report>
				<misses>4596001</misses>
				<total>975</total>
				<timestamp>688.768837</timestamp>
			</report>
			<report>
				<misses>4597001</misses>
				<total>975</total>
				<timestamp>688.918750</timestamp>
			</report>
			<report>
				<misses>4598001</misses>
				<total>975</total>
				<timestamp>689.068567</timestamp>
			</report>
			<report>
				<misses>4599001</misses>
				<total>975</total>
				<timestamp>689.218462</timestamp>
			</report>
			<report>
				<misses>4600001</misses>
				<total>975</total>
				<timestamp>689.368369</timestamp>
			</report>
			<report>
				<misses>4601001</misses>
				<total>975</total>
				<timestamp>689.518373</timestamp>
			</report>
			<report>
				<misses>4602001</misses>
				<total>975</total>
				<timestamp>689.668259</timestamp>
			</report>
			<report>
				<misses>4603001</misses>
				<total>975</total>
				<timestamp>689.818193</timestamp>
			</report>
			<report>
				<misses>4604001</misses>
				<total>975</total>
				<timestamp>689.968112</timestamp>
			</report>
			<report>
				<misses>4605001</misses>
				<total>975</total>
				<timestamp>690.117921</timestamp>
			</report>
			<report>
				<misses>4606001</misses>
				<total>975</total>
				<timestamp>690.267848</timestamp>
			</report>
			<report>
				<misses>4607001</misses>
				<total>975</total>
				<timestamp>690.417692</timestamp>
			</report>
			<report>
				<misses>4608001</misses>
				<total>975</total>
				<timestamp>690.567565</timestamp>
			</report>
			<report>
				<misses>4609001</misses>
				<total>975</total>
				<timestamp>690.717405</timestamp>
			</report>
			<report>
				<misses>4610001</misses>
				<total>977</total>
				<timestamp>690.867312</timestamp>
			</report>
			<report>
				<misses>4611001</misses>
				<total>977</total>
				<timestamp>691.017290</timestamp>
			</report>
			<report>
				<misses>4612001</misses>
				<total>977</total>
				<timestamp>691.167088</timestamp>
			</report>
			<report>
				<misses>4613001</misses>
				<total>977</total>
				<timestamp>691.316931</timestamp>
			</report>
			<report>
				<misses>4614001</misses>
				<total>977</total>
				<timestamp>691.466828</timestamp>
			</report>
			<report>
				<misses>4615001</misses>
				<total>977</total>
				<timestamp>691.616605</timestamp>
			</report>
			<report>
				<misses>4616001</misses>
				<total>977</total>
				<timestamp>691.766539</timestamp>
			</report>
			<report>
				<misses>4617001</misses>
				<total>977</total>
				<timestamp>691.916365</timestamp>
			</report>
			<report>
				<misses>4618001</misses>
				<total>977</total>
				<timestamp>692.066191</timestamp>
			</report>
			<report>
				<misses>4619001</misses>
				<total>977</total>
				<timestamp>692.216114</timestamp>
			</report>
			<report>
				<misses>4620001</misses>
				<total>977</total>
				<timestamp>692.366002</timestamp>
			</report>
			<report>
				<misses>4621001</misses>
				<total>977</total>
				<timestamp>692.515896</timestamp>
			</report>
			<report>
				<misses>4622001</misses>
				<total>977</total>
				<timestamp>692.665731</timestamp>
			</report>
			<report>
				<misses>4623001</misses>
				<total>977</total>
				<timestamp>692.815567</timestamp>
			</report>
			<report>
				<misses>4624001</misses>
				<total>977</total>
				<timestamp>692.965389</timestamp>
			</report>
			<report>
				<misses>4625001</misses>
				<total>977</total>
				<timestamp>693.115343</timestamp>
			</report>
			<report>
				<misses>4626001</misses>
				<total>977</total>
				<timestamp>693.265103</timestamp>
			</report>
			<report>
				<misses>4627001</misses>
				<total>977</total>
				<timestamp>693.415017</timestamp>
			</report>
			<report>
				<misses>4628001</misses>
				<total>977</total>
				<timestamp>693.564867</timestamp>
			</report>
			<report>
				<misses>4629001</misses>
				<total>977</total>
				<timestamp>693.714711</timestamp>
			</report>
			<report>
				<misses>4630001</misses>
				<total>977</total>
				<timestamp>693.864516</timestamp>
			</report>
			<report>
				<misses>4631001</misses>
				<total>977</total>
				<timestamp>694.014360</timestamp>
			</report>
			<report>
				<misses>4632001</misses>
				<total>977</total>
				<timestamp>694.164259</timestamp>
			</report>
			<report>
				<misses>4633001</misses>
				<total>977</total>
				<timestamp>694.314078</timestamp>
			</report>
			<report>
				<misses>4634001</misses>
				<total>977</total>
				<timestamp>694.464139</timestamp>
			</report>
			<report>
				<misses>4635001</misses>
				<total>976</total>
				<timestamp>694.613902</timestamp>
			</report>
			<report>
				<misses>4636001</misses>
				<total>977</total>
				<timestamp>694.763763</timestamp>
			</report>
			<report>
				<misses>4637001</misses>
				<total>977</total>
				<timestamp>694.913635</timestamp>
			</report>
			<report>
				<misses>4638001</misses>
				<total>977</total>
				<timestamp>695.063513</timestamp>
			</report>
			<report>
				<misses>4639001</misses>
				<total>977</total>
				<timestamp>695.213366</timestamp>
			</report>
			<report>
				<misses>4640001</misses>
				<total>977</total>
				<timestamp>695.363232</timestamp>
			</report>
			<report>
				<misses>4641001</misses>
				<total>977</total>
				<timestamp>695.513085</timestamp>
			</report>
			<report>
				<misses>4642001</misses>
				<total>977</total>
				<timestamp>695.662834</timestamp>
			</report>
			<report>
				<misses>4643001</misses>
				<total>977</total>
				<timestamp>695.812702</timestamp>
			</report>
			<report>
				<misses>4644001</misses>
				<total>977</total>
				<timestamp>695.962543</timestamp>
			</report>
			<report>
				<misses>4645001</misses>
				<total>977</total>
				<timestamp>696.112517</timestamp>
			</report>
			<report>
				<misses>4646001</misses>
				<total>976</total>
				<timestamp>696.262410</timestamp>
			</report>
			<report>
				<misses>4647001</misses>
				<total>977</total>
				<timestamp>696.412263</timestamp>
			</report>
			<report>
				<misses>4648001</misses>
				<total>977</total>
				<timestamp>696.562117</timestamp>
			</report>
			<report>
				<misses>4649001</misses>
				<total>982</total>
				<timestamp>696.712030</timestamp>
			</report>
			<report>
				<misses>4650001</misses>
				<total>982</total>
				<timestamp>696.861837</timestamp>
			</report>
			<report>
				<misses>4651001</misses>
				<total>982</total>
				<timestamp>697.011742</timestamp>
			</report>
			<report>
				<misses>4652001</misses>
				<total>982</total>
				<timestamp>697.161661</timestamp>
			</report>
			<report>
				<misses>4653001</misses>
				<total>982</total>
				<timestamp>697.311520</timestamp>
			</report>
			<report>
				<misses>4654001</misses>
				<total>982</total>
				<timestamp>697.461382</timestamp>
			</report>
			<report>
				<misses>4655001</misses>
				<total>982</total>
				<timestamp>697.611256</timestamp>
			</report>
			<report>
				<misses>4656001</misses>
				<total>982</total>
				<timestamp>697.761101</timestamp>
			</report>
			<report>
				<misses>4657001</misses>
				<total>982</total>
				<timestamp>697.910927</timestamp>
			</report>
			<report>
				<misses>4658001</misses>
				<total>982</total>
				<timestamp>698.060774</timestamp>
			</report>
			<report>
				<misses>4659001</misses>
				<total>982</total>
				<timestamp>698.210674</timestamp>
			</report>
			<report>
				<misses>4660001</misses>
				<total>982</total>
				<timestamp>698.360536</timestamp>
			</report>
			<report>
				<misses>4661001</misses>
				<total>982</total>
				<timestamp>698.510293</timestamp>
			</report>
			<report>
				<misses>4662001</misses>
				<total>982</total>
				<timestamp>698.660258</timestamp>
			</report>
			<report>
				<misses>4663001</misses>
				<total>982</total>
				<timestamp>698.810213</timestamp>
			</report>
			<report>
				<misses>4664001</misses>
				<total>982</total>
				<timestamp>698.960036</timestamp>
			</report>
			<report>
				<misses>4665001</misses>
				<total>982</total>
				<timestamp>699.109888</timestamp>
			</report>
			<report>
				<misses>4666001</misses>
				<total>982</total>
				<timestamp>699.259715</timestamp>
			</report>
			<report>
				<misses>4667001</misses>
				<total>982</total>
				<timestamp>699.409566</timestamp>
			</report>
			<report>
				<misses>4668001</misses>
				<total>982</total>
				<timestamp>699.559419</timestamp>
			</report>
			<report>
				<misses>4669001</misses>
				<total>982</total>
				<timestamp>699.709289</timestamp>
			</report>
			<report>
				<misses>4670001</misses>
				<total>981</total>
				<timestamp>699.859141</timestamp>
			</report>
			<report>
				<misses>4671001</misses>
				<total>982</total>
				<timestamp>700.009032</timestamp>
			</report>
			<report>
				<misses>4672001</misses>
				<total>982</total>
				<timestamp>700.158821</timestamp>
			</report>
			<report>
				<misses>4673001</misses>
				<total>982</total>
				<timestamp>700.308767</timestamp>
			</report>
			<report>
				<misses>4674001</misses>
				<total>982</total>
				<timestamp>700.458755</timestamp>
			</report>
			<report>
				<misses>4675001</misses>
				<total>982</total>
				<timestamp>700.608732</timestamp>
			</report>
			<report>
				<misses>4676001</misses>
				<total>982</total>
				<timestamp>700.758590</timestamp>
			</report>
			<report>
				<misses>4677001</misses>
				<total>982</total>
				<timestamp>700.908442</timestamp>
			</report>
			<report>
				<misses>4678001</misses>
				<total>982</total>
				<timestamp>701.058348</timestamp>
			</report>
			<report>
				<misses>4679001</misses>
				<total>982</total>
				<timestamp>701.208276</timestamp>
			</report>
			<report>
				<misses>4680001</misses>
				<total>982</total>
				<timestamp>701.358040</timestamp>
			</report>
			<report>
				<misses>4681001</misses>
				<total>988</total>
				<timestamp>701.507999</timestamp>
			</report>
			<report>
				<misses>4682001</misses>
				<total>988</total>
				<timestamp>701.657956</timestamp>
			</report>
			<report>
				<misses>4683001</misses>
				<total>988</total>
				<timestamp>701.807767</timestamp>
			</report>
			<report>
				<misses>4684001</misses>
				<total>988</total>
				<timestamp>701.957666</timestamp>
			</report>
			<report>
				<misses>4685001</misses>
				<total>988</total>
				<timestamp>702.107520</timestamp>
			</report>
			<report>
				<misses>4686001</misses>
				<total>988</total>
				<timestamp>702.257380</timestamp>
			</report>
			<report>
				<misses>4687001</misses>
				<total>988</total>
				<timestamp>702.407182</timestamp>
			</report>
			<report>
				<misses>4688001</misses>
				<total>988</total>
				<timestamp>702.557109</timestamp>
			</report>
			<report>
				<misses>4689001</misses>
				<total>988</total>
				<timestamp>702.707042</timestamp>
			</report>
			<report>
				<misses>4690001</misses>
				<total>988</total>
				<timestamp>702.856896</timestamp>
			</report>
			<report>
				<misses>4691001</misses>
				<total>988</total>
				<timestamp>703.006677</timestamp>
			</report>
			<report>
				<misses>4692001</misses>
				<total>988</total>
				<timestamp>703.156551</timestamp>
			</report>
			<report>
				<misses>4693001</misses>
				<total>988</total>
				<timestamp>703.306384</timestamp>
			</report>
			<report>
				<misses>4694001</misses>
				<total>988</total>
				<timestamp>703.456245</timestamp>
			</report>
			<report>
				<misses>4695001</misses>
				<total>988</total>
				<timestamp>703.606203</timestamp>
			</report>
			<report>
				<misses>4696001</misses>
				<total>987</total>
				<timestamp>703.756115</timestamp>
			</report>
			<report>
				<misses>4697001</misses>
				<total>988</total>
				<timestamp>703.906030</timestamp>
			</report>
			<report>
				<misses>4698001</misses>
				<total>988</total>
				<timestamp>704.055790</timestamp>
			</report>
			<report>
				<misses>4699001</misses>
				<total>988</total>
				<timestamp>704.205646</timestamp>
			</report>
			<report>
				<misses>4700001</misses>
				<total>988</total>
				<timestamp>704.355502</timestamp>
			</report>
			<report>
				<misses>4701001</misses>
				<total>988</total>
				<timestamp>704.505408</timestamp>
			</report>
			<report>
				<misses>4702001</misses>
				<total>988</total>
				<timestamp>704.655278</timestamp>
			</report>
			<report>
				<misses>4703001</misses>
				<total>988</total>
				<timestamp>704.805091</timestamp>
			</report>
			<report>
				<misses>4704001</misses>
				<total>988</total>
				<timestamp>704.954999</timestamp>
			</report>
			<report>
				<misses>4705001</misses>
				<total>988</total>
				<timestamp>705.104967</timestamp>
			</report>
			<report>
				<misses>4706001</misses>
				<total>988</total>
				<timestamp>705.254771</timestamp>
			</report>
			<report>
				<misses>4707001</misses>
				<total>988</total>
				<timestamp>705.404667</timestamp>
			</report>
			<report>
				<misses>4708001</misses>
				<total>988</total>
				<timestamp>705.554536</timestamp>
			</report>
			<report>
				<misses>4709001</misses>
				<total>988</total>
				<timestamp>705.704344</timestamp>
			</report>
			<report>
				<misses>4710001</misses>
				<total>988</total>
				<timestamp>705.854159</timestamp>
			</report>
			<report>
				<misses>4711001</misses>
				<total>988</total>
				<timestamp>706.004026</timestamp>
			</report>
			<report>
				<misses>4712001</misses>
				<total>988</total>
				<timestamp>706.153925</timestamp>
			</report>
			<report>
				<misses>4713001</misses>
				<total>988</total>
				<timestamp>706.303778</timestamp>
			</report>
			<report>
				<misses>4714001</misses>
				<total>988</total>
				<timestamp>706.453579</timestamp>
			</report>
			<report>
				<misses>4715001</misses>
				<total>988</total>
				<timestamp>706.603508</timestamp>
			</report>
			<report>
				<misses>4716001</misses>
				<total>988</total>
				<timestamp>706.753479</timestamp>
			</report>
			<report>
				<misses>4717001</misses>
				<total>987</total>
				<timestamp>706.903300</timestamp>
			</report>
			<report>
				<misses>4718001</misses>
				<total>988</total>
				<timestamp>707.053224</timestamp>
			</report>
			<report>
				<misses>4719001</misses>
				<total>988</total>
				<timestamp>707.203213</timestamp>
			</report>
			<report>
				<misses>4720001</misses>
				<total>988</total>
				<timestamp>707.353212</timestamp>
			</report>
			<report>
				<misses>4721001</misses>
				<total>988</total>
				<timestamp>707.503143</timestamp>
			</report>
			<report>
				<misses>4722001</misses>
				<total>988</total>
				<timestamp>707.653042</timestamp>
			</report>
			<report>
				<misses>4723001</misses>
				<total>988</total>
				<timestamp>707.802829</timestamp>
			</report>
			<report>
				<misses>4724001</misses>
				<total>988</total>
				<timestamp>707.952728</timestamp>
			</report>
			<report>
				<misses>4725001</misses>
				<total>988</total>
				<timestamp>708.102585</timestamp>
			</report>
			<report>
				<misses>4726001</misses>
				<total>988</total>
				<timestamp>708.252406</timestamp>
			</report>
			<report>
				<misses>4727001</misses>
				<total>988</total>
				<timestamp>708.402263</timestamp>
			</report>
			<report>
				<misses>4728001</misses>
				<total>988</total>
				<timestamp>708.552155</timestamp>
			</report>
			<report>
				<misses>4729001</misses>
				<total>987</total>
				<timestamp>708.702131</timestamp>
			</report>
			<report>
				<misses>4730001</misses>
				<total>988</total>
				<timestamp>708.851984</timestamp>
			</report>
			<report>
				<misses>4731001</misses>
				<total>988</total>
				<timestamp>709.001857</timestamp>
			</report>
			<report>
				<misses>4732001</misses>
				<total>988</total>
				<timestamp>709.151735</timestamp>
			</report>
			<report>
				<misses>4733001</misses>
				<total>988</total>
				<timestamp>709.301637</timestamp>
			</report>
			<report>
				<misses>4734001</misses>
				<total>989</total>
				<timestamp>709.451511</timestamp>
			</report>
			<report>
				<misses>4735001</misses>
				<total>988</total>
				<timestamp>709.601429</timestamp>
			</report>
			<report>
				<misses>4736001</misses>
				<total>988</total>
				<timestamp>709.751436</timestamp>
			</report>
			<report>
				<misses>4737001</misses>
				<total>988</total>
				<timestamp>709.901354</timestamp>
			</report>
			<report>
				<misses>4738001</misses>
				<total>988</total>
				<timestamp>710.051259</timestamp>
			</report>
			<report>
				<misses>4739001</misses>
				<total>988</total>
				<timestamp>710.201247</timestamp>
			</report>
			<report>
				<misses>4740001</misses>
				<total>988</total>
				<timestamp>710.351227</timestamp>
			</report>
			<report>
				<misses>4741001</misses>
				<total>988</total>
				<timestamp>710.500998</timestamp>
			</report>
			<report>
				<misses>4742001</misses>
				<total>988</total>
				<timestamp>710.650920</timestamp>
			</report>
			<report>
				<misses>4743001</misses>
				<total>988</total>
				<timestamp>710.800724</timestamp>
			</report>
			<report>
				<misses>4744001</misses>
				<total>988</total>
				<timestamp>710.950591</timestamp>
			</report>
			<report>
				<misses>4745001</misses>
				<total>988</total>
				<timestamp>711.100438</timestamp>
			</report>
			<report>
				<misses>4746001</misses>
				<total>988</total>
				<timestamp>711.250333</timestamp>
			</report>
			<report>
				<misses>4747001</misses>
				<total>988</total>
				<timestamp>711.400207</timestamp>
			</report>
			<report>
				<misses>4748001</misses>
				<total>988</total>
				<timestamp>711.550122</timestamp>
			</report>
			<report>
				<misses>4749001</misses>
				<total>988</total>
				<timestamp>711.699992</timestamp>
			</report>
			<report>
				<misses>4750001</misses>
				<total>988</total>
				<timestamp>711.849838</timestamp>
			</report>
			<report>
				<misses>4751001</misses>
				<total>988</total>
				<timestamp>711.999672</timestamp>
			</report>
			<report>
				<misses>4752001</misses>
				<total>987</total>
				<timestamp>712.149566</timestamp>
			</report>
			<report>
				<misses>4753001</misses>
				<total>990</total>
				<timestamp>712.299459</timestamp>
			</report>
			<report>
				<misses>4754001</misses>
				<total>990</total>
				<timestamp>712.449347</timestamp>
			</report>
			<report>
				<misses>4755001</misses>
				<total>990</total>
				<timestamp>712.599196</timestamp>
			</report>
			<report>
				<misses>4756001</misses>
				<total>990</total>
				<timestamp>712.749043</timestamp>
			</report>
			<report>
				<misses>4757001</misses>
				<total>990</total>
				<timestamp>712.898924</timestamp>
			</report>
			<report>
				<misses>4758001</misses>
				<total>990</total>
				<timestamp>713.048842</timestamp>
			</report>
			<report>
				<misses>4759001</misses>
				<total>990</total>
				<timestamp>713.198643</timestamp>
			</report>
			<report>
				<misses>4760001</misses>
				<total>990</total>
				<timestamp>713.348475</timestamp>
			</report>
			<report>
				<misses>4761001</misses>
				<total>990</total>
				<timestamp>713.498317</timestamp>
			</report>
			<report>
				<misses>4762001</misses>
				<total>990</total>
				<timestamp>713.648259</timestamp>
			</report>
			<report>
				<misses>4763001</misses>
				<total>992</total>
				<timestamp>713.798176</timestamp>
			</report>
			<report>
				<misses>4764001</misses>
				<total>992</total>
				<timestamp>713.948040</timestamp>
			</report>
			<report>
				<misses>4765001</misses>
				<total>992</total>
				<timestamp>714.097841</timestamp>
			</report>
			<report>
				<misses>4766001</misses>
				<total>992</total>
				<timestamp>714.247746</timestamp>
			</report>
			<report>
				<misses>4767001</misses>
				<total>992</total>
				<timestamp>714.397557</timestamp>
			</report>
			<report>
				<misses>4768001</misses>
				<total>992</total>
				<timestamp>714.547422</timestamp>
			</report>
			<report>
				<misses>4769001</misses>
				<total>992</total>
				<timestamp>714.697338</timestamp>
			</report>
			<report>
				<misses>4770001</misses>
				<total>992</total>
				<timestamp>714.847142</timestamp>
			</report>
			<report>
				<misses>4771001</misses>
				<total>991</total>
				<timestamp>714.996956</timestamp>
			</report>
			<report>
				<misses>4772001</misses>
				<total>992</total>
				<timestamp>715.146868</timestamp>
			</report>
			<report>
				<misses>4773001</misses>
				<total>992</total>
				<timestamp>715.296644</timestamp>
			</report>
			<report>
				<misses>4774001</misses>
				<total>992</total>
				<timestamp>715.446541</timestamp>
			</report>
			<report>
				<misses>4775001</misses>
				<total>992</total>
				<timestamp>715.596452</timestamp>
			</report>
			<report>
				<misses>4776001</misses>
				<total>992</total>
				<timestamp>715.746404</timestamp>
			</report>
			<report>
				<misses>4777001</misses>
				<total>992</total>
				<timestamp>715.896210</timestamp>
			</report>
			<report>
				<misses>4778001</misses>
				<total>992</total>
				<timestamp>716.046046</timestamp>
			</report>
			<report>
				<misses>4779001</misses>
				<total>994</total>
				<timestamp>716.195985</timestamp>
			</report>
			<report>
				<misses>4780001</misses>
				<total>994</total>
				<timestamp>716.345834</timestamp>
			</report>
			<report>
				<misses>4781001</misses>
				<total>994</total>
				<timestamp>716.495645</timestamp>
			</report>
			<report>
				<misses>4782001</misses>
				<total>994</total>
				<timestamp>716.645465</timestamp>
			</report>
			<report>
				<misses>4783001</misses>
				<total>994</total>
				<timestamp>716.795290</timestamp>
			</report>
			<report>
				<misses>4784001</misses>
				<total>994</total>
				<timestamp>716.945255</timestamp>
			</report>
			<report>
				<misses>4785001</misses>
				<total>994</total>
				<timestamp>717.095287</timestamp>
			</report>
			<report>
				<misses>4786001</misses>
				<total>994</total>
				<timestamp>717.245205</timestamp>
			</report>
			<report>
				<misses>4787001</misses>
				<total>994</total>
				<timestamp>717.395103</timestamp>
			</report>
			<report>
				<misses>4788001</misses>
				<total>994</total>
				<timestamp>717.545035</timestamp>
			</report>
			<report>
				<misses>4789001</misses>
				<total>994</total>
				<timestamp>717.694884</timestamp>
			</report>
			<report>
				<misses>4790001</misses>
				<total>993</total>
				<timestamp>717.844747</timestamp>
			</report>
			<report>
				<misses>4791001</misses>
				<total>994</total>
				<timestamp>717.994644</timestamp>
			</report>
			<report>
				<misses>4792001</misses>
				<total>994</total>
				<timestamp>718.144495</timestamp>
			</report>
			<report>
				<misses>4793001</misses>
				<total>994</total>
				<timestamp>718.294478</timestamp>
			</report>
			<report>
				<misses>4794001</misses>
				<total>994</total>
				<timestamp>718.444331</timestamp>
			</report>
			<report>
				<misses>4795001</misses>
				<total>996</total>
				<timestamp>718.594105</timestamp>
			</report>
			<report>
				<misses>4796001</misses>
				<total>996</total>
				<timestamp>718.743996</timestamp>
			</report>
			<report>
				<misses>4797001</misses>
				<total>996</total>
				<timestamp>718.893880</timestamp>
			</report>
			<report>
				<misses>4798001</misses>
				<total>996</total>
				<timestamp>719.043682</timestamp>
			</report>
			<report>
				<misses>4799001</misses>
				<total>1006</total>
				<timestamp>719.193588</timestamp>
			</report>
			<report>
				<misses>4800001</misses>
				<total>1006</total>
				<timestamp>719.343433</timestamp>
			</report>
			<report>
				<misses>4801001</misses>
				<total>1006</total>
				<timestamp>719.493211</timestamp>
			</report>
			<report>
				<misses>4802001</misses>
				<total>1006</total>
				<timestamp>719.643143</timestamp>
			</report>
			<report>
				<misses>4803001</misses>
				<total>1006</total>
				<timestamp>719.793012</timestamp>
			</report>
			<report>
				<misses>4804001</misses>
				<total>1006</total>
				<timestamp>719.942931</timestamp>
			</report>
			<report>
				<misses>4805001</misses>
				<total>1006</total>
				<timestamp>720.092803</timestamp>
			</report>
			<report>
				<misses>4806001</misses>
				<total>1006</total>
				<timestamp>720.242649</timestamp>
			</report>
			<report>
				<misses>4807001</misses>
				<total>1006</total>
				<timestamp>720.392482</timestamp>
			</report>
			<report>
				<misses>4808001</misses>
				<total>1006</total>
				<timestamp>720.542363</timestamp>
			</report>
			<report>
				<misses>4809001</misses>
				<total>1006</total>
				<timestamp>720.692230</timestamp>
			</report>
			<report>
				<misses>4810001</misses>
				<total>1006</total>
				<timestamp>720.842100</timestamp>
			</report>
			<report>
				<misses>4811001</misses>
				<total>1006</total>
				<timestamp>720.992015</timestamp>
			</report>
			<report>
				<misses>4812001</misses>
				<total>1006</total>
				<timestamp>721.141914</timestamp>
			</report>
			<report>
				<misses>4813001</misses>
				<total>1006</total>
				<timestamp>721.291736</timestamp>
			</report>
			<report>
				<misses>4814001</misses>
				<total>1006</total>
				<timestamp>721.441584</timestamp>
			</report>
			<report>
				<misses>4815001</misses>
				<total>1006</total>
				<timestamp>721.591437</timestamp>
			</report>
			<report>
				<misses>4816001</misses>
				<total>1005</total>
				<timestamp>721.741370</timestamp>
			</report>
			<report>
				<misses>4817001</misses>
				<total>1006</total>
				<timestamp>721.891357</timestamp>
			</report>
			<report>
				<misses>4818001</misses>
				<total>1006</total>
				<timestamp>722.041313</timestamp>
			</report>
			<report>
				<misses>4819001</misses>
				<total>1006</total>
				<timestamp>722.191186</timestamp>
			</report>
			<report>
				<misses>4820001</misses>
				<total>1006</total>
				<timestamp>722.341032</timestamp>
			</report>
			<report>
				<misses>4821001</misses>
				<total>1006</total>
				<timestamp>722.490856</timestamp>
			</report>
			<report>
				<misses>4822001</misses>
				<total>1005</total>
				<timestamp>722.640704</timestamp>
			</report>
			<report>
				<misses>4823001</misses>
				<total>1006</total>
				<timestamp>722.790489</timestamp>
			</report>
			<report>
				<misses>4824001</misses>
				<total>1006</total>
				<timestamp>722.940379</timestamp>
			</report>
			<report>
				<misses>4825001</misses>
				<total>1006</total>
				<timestamp>723.090197</timestamp>
			</report>
			<report>
				<misses>4826001</misses>
				<total>1006</total>
				<timestamp>723.240094</timestamp>
			</report>
			<report>
				<misses>4827001</misses>
				<total>1006</total>
				<timestamp>723.389975</timestamp>
			</report>
			<report>
				<misses>4828001</misses>
				<total>1006</total>
				<timestamp>723.539859</timestamp>
			</report>
			<report>
				<misses>4829001</misses>
				<total>1006</total>
				<timestamp>723.689777</timestamp>
			</report>
			<report>
				<misses>4830001</misses>
				<total>1006</total>
				<timestamp>723.839612</timestamp>
			</report>
			<report>
				<misses>4831001</misses>
				<total>1006</total>
				<timestamp>723.989458</timestamp>
			</report>
			<report>
				<misses>4832001</misses>
				<total>1006</total>
				<timestamp>724.139269</timestamp>
			</report>
			<report>
				<misses>4833001</misses>
				<total>1006</total>
				<timestamp>724.289224</timestamp>
			</report>
			<report>
				<misses>4834001</misses>
				<total>1006</total>
				<timestamp>724.439075</timestamp>
			</report>
			<report>
				<misses>4835001</misses>
				<total>1006</total>
				<timestamp>724.588958</timestamp>
			</report>
			<report>
				<misses>4836001</misses>
				<total>1006</total>
				<timestamp>724.738939</timestamp>
			</report>
			<report>
				<misses>4837001</misses>
				<total>1006</total>
				<timestamp>724.888763</timestamp>
			</report>
			<report>
				<misses>4838001</misses>
				<total>1006</total>
				<timestamp>725.038545</timestamp>
			</report>
			<report>
				<misses>4839001</misses>
				<total>1006</total>
				<timestamp>725.188390</timestamp>
			</report>
			<report>
				<misses>4840001</misses>
				<total>1006</total>
				<timestamp>725.338254</timestamp>
			</report>
			<report>
				<misses>4841001</misses>
				<total>1006</total>
				<timestamp>725.488152</timestamp>
			</report>
			<report>
				<misses>4842001</misses>
				<total>1006</total>
				<timestamp>725.637972</timestamp>
			</report>
			<report>
				<misses>4843001</misses>
				<total>1006</total>
				<timestamp>725.787821</timestamp>
			</report>
			<report>
				<misses>4844001</misses>
				<total>1006</total>
				<timestamp>725.937649</timestamp>
			</report>
			<report>
				<misses>4845001</misses>
				<total>1006</total>
				<timestamp>726.087497</timestamp>
			</report>
			<report>
				<misses>4846001</misses>
				<total>1006</total>
				<timestamp>726.237411</timestamp>
			</report>
			<report>
				<misses>4847001</misses>
				<total>1006</total>
				<timestamp>726.387216</timestamp>
			</report>
			<report>
				<misses>4848001</misses>
				<total>1006</total>
				<timestamp>726.537115</timestamp>
			</report>
			<report>
				<misses>4849001</misses>
				<total>1006</total>
				<timestamp>726.686969</timestamp>
			</report>
			<report>
				<misses>4850001</misses>
				<total>1006</total>
				<timestamp>726.836789</timestamp>
			</report>
			<report>
				<misses>4851001</misses>
				<total>1006</total>
				<timestamp>726.986642</timestamp>
			</report>
			<report>
				<misses>4852001</misses>
				<total>1006</total>
				<timestamp>727.136459</timestamp>
			</report>
			<report>
				<misses>4853001</misses>
				<total>1006</total>
				<timestamp>727.286281</timestamp>
			</report>
			<report>
				<misses>4854001</misses>
				<total>1006</total>
				<timestamp>727.436212</timestamp>
			</report>
			<report>
				<misses>4855001</misses>
				<total>1006</total>
				<timestamp>727.586005</timestamp>
			</report>
			<report>
				<misses>4856001</misses>
				<total>1006</total>
				<timestamp>727.735905</timestamp>
			</report>
			<report>
				<misses>4857001</misses>
				<total>1006</total>
				<timestamp>727.885725</timestamp>
			</report>
			<report>
				<misses>4858001</misses>
				<total>1006</total>
				<timestamp>728.035617</timestamp>
			</report>
			<report>
				<misses>4859001</misses>
				<total>1006</total>
				<timestamp>728.185440</timestamp>
			</report>
			<report>
				<misses>4860001</misses>
				<total>1012</total>
				<timestamp>728.335254</timestamp>
			</report>
			<report>
				<misses>4861001</misses>
				<total>1012</total>
				<timestamp>728.485081</timestamp>
			</report>
			<report>
				<misses>4862001</misses>
				<total>1012</total>
				<timestamp>728.635058</timestamp>
			</report>
			<report>
				<misses>4863001</misses>
				<total>1012</total>
				<timestamp>728.784950</timestamp>
			</report>
			<report>
				<misses>4864001</misses>
				<total>1012</total>
				<timestamp>728.934883</timestamp>
			</report>
			<report>
				<misses>4865001</misses>
				<total>1012</total>
				<timestamp>729.084655</timestamp>
			</report>
			<report>
				<misses>4866001</misses>
				<total>1012</total>
				<timestamp>729.234490</timestamp>
			</report>
			<report>
				<misses>4867001</misses>
				<total>1012</total>
				<timestamp>729.384437</timestamp>
			</report>
			<report>
				<misses>4868001</misses>
				<total>1012</total>
				<timestamp>729.534307</timestamp>
			</report>
			<report>
				<misses>4869001</misses>
				<total>1012</total>
				<timestamp>729.684322</timestamp>
			</report>
			<report>
				<misses>4870001</misses>
				<total>1012</total>
				<timestamp>729.834308</timestamp>
			</report>
			<report>
				<misses>4871001</misses>
				<total>1012</total>
				<timestamp>729.984268</timestamp>
			</report>
			<report>
				<misses>4872001</misses>
				<total>1012</total>
				<timestamp>730.134118</timestamp>
			</report>
			<report>
				<misses>4873001</misses>
				<total>1012</total>
				<timestamp>730.284005</timestamp>
			</report>
			<report>
				<misses>4874001</misses>
				<total>1012</total>
				<timestamp>730.434001</timestamp>
			</report>
			<report>
				<misses>4875001</misses>
				<total>1012</total>
				<timestamp>730.583926</timestamp>
			</report>
			<report>
				<misses>4876001</misses>
				<total>1012</total>
				<timestamp>730.733812</timestamp>
			</report>
			<report>
				<misses>4877001</misses>
				<total>1012</total>
				<timestamp>730.883589</timestamp>
			</report>
			<report>
				<misses>4878001</misses>
				<total>1012</total>
				<timestamp>731.033437</timestamp>
			</report>
			<report>
				<misses>4879001</misses>
				<total>1012</total>
				<timestamp>731.183410</timestamp>
			</report>
			<report>
				<misses>4880001</misses>
				<total>1012</total>
				<timestamp>731.333296</timestamp>
			</report>
			<report>
				<misses>4881001</misses>
				<total>1012</total>
				<timestamp>731.483240</timestamp>
			</report>
			<report>
				<misses>4882001</misses>
				<total>1012</total>
				<timestamp>731.633016</timestamp>
			</report>
			<report>
				<misses>4883001</misses>
				<total>1012</total>
				<timestamp>731.782920</timestamp>
			</report>
			<report>
				<misses>4884001</misses>
				<total>1015</total>
				<timestamp>731.932802</timestamp>
			</report>
			<report>
				<misses>4885001</misses>
				<total>1015</total>
				<timestamp>732.082735</timestamp>
			</report>
			<report>
				<misses>4886001</misses>
				<total>1015</total>
				<timestamp>732.232646</timestamp>
			</report>
			<report>
				<misses>4887001</misses>
				<total>1015</total>
				<timestamp>732.382609</timestamp>
			</report>
			<report>
				<misses>4888001</misses>
				<total>1015</total>
				<timestamp>732.532463</timestamp>
			</report>
			<report>
				<misses>4889001</misses>
				<total>1015</total>
				<timestamp>732.682289</timestamp>
			</report>
			<report>
				<misses>4890001</misses>
				<total>1015</total>
				<timestamp>732.832185</timestamp>
			</report>
			<report>
				<misses>4891001</misses>
				<total>1015</total>
				<timestamp>732.981997</timestamp>
			</report>
			<report>
				<misses>4892001</misses>
				<total>1015</total>
				<timestamp>733.131905</timestamp>
			</report>
			<report>
				<misses>4893001</misses>
				<total>1015</total>
				<timestamp>733.281816</timestamp>
			</report>
			<report>
				<misses>4894001</misses>
				<total>1015</total>
				<timestamp>733.431646</timestamp>
			</report>
			<report>
				<misses>4895001</misses>
				<total>1015</total>
				<timestamp>733.581572</timestamp>
			</report>
			<report>
				<misses>4896001</misses>
				<total>1015</total>
				<timestamp>733.731433</timestamp>
			</report>
			<report>
				<misses>4897001</misses>
				<total>1015</total>
				<timestamp>733.881254</timestamp>
			</report>
			<report>
				<misses>4898001</misses>
				<total>1015</total>
				<timestamp>734.031115</timestamp>
			</report>
			<report>
				<misses>4899001</misses>
				<total>1015</total>
				<timestamp>734.180931</timestamp>
			</report>
			<report>
				<misses>4900001</misses>
				<total>1015</total>
				<timestamp>734.330742</timestamp>
			</report>
			<report>
				<misses>4901001</misses>
				<total>1015</total>
				<timestamp>734.480651</timestamp>
			</report>
			<report>
				<misses>4902001</misses>
				<total>1015</total>
				<timestamp>734.630511</timestamp>
			</report>
			<report>
				<misses>4903001</misses>
				<total>1015</total>
				<timestamp>734.780382</timestamp>
			</report>
			<report>
				<misses>4904001</misses>
				<total>1015</total>
				<timestamp>734.930266</timestamp>
			</report>
			<report>
				<misses>4905001</misses>
				<total>1015</total>
				<timestamp>735.080145</timestamp>
			</report>
			<report>
				<misses>4906001</misses>
				<total>1015</total>
				<timestamp>735.229996</timestamp>
			</report>
			<report>
				<misses>4907001</misses>
				<total>1015</total>
				<timestamp>735.379906</timestamp>
			</report>
			<report>
				<misses>4908001</misses>
				<total>1015</total>
				<timestamp>735.529741</timestamp>
			</report>
			<report>
				<misses>4909001</misses>
				<total>1015</total>
				<timestamp>735.679572</timestamp>
			</report>
			<report>
				<misses>4910001</misses>
				<total>1015</total>
				<timestamp>735.829387</timestamp>
			</report>
			<report>
				<misses>4911001</misses>
				<total>1015</total>
				<timestamp>735.979337</timestamp>
			</report>
			<report>
				<misses>4912001</misses>
				<total>1015</total>
				<timestamp>736.129090</timestamp>
			</report>
			<report>
				<misses>4913001</misses>
				<total>1014</total>
				<timestamp>736.279026</timestamp>
			</report>
			<report>
				<misses>4914001</misses>
				<total>1015</total>
				<timestamp>736.428879</timestamp>
			</report>
			<report>
				<misses>4915001</misses>
				<total>1015</total>
				<timestamp>736.578735</timestamp>
			</report>
			<report>
				<misses>4916001</misses>
				<total>1015</total>
				<timestamp>736.728596</timestamp>
			</report>
			<report>
				<misses>4917001</misses>
				<total>1015</total>
				<timestamp>736.878518</timestamp>
			</report>
			<report>
				<misses>4918001</misses>
				<total>1015</total>
				<timestamp>737.028368</timestamp>
			</report>
			<report>
				<misses>4919001</misses>
				<total>1015</total>
				<timestamp>737.178288</timestamp>
			</report>
			<report>
				<misses>4920001</misses>
				<total>1015</total>
				<timestamp>737.328101</timestamp>
			</report>
			<report>
				<misses>4921001</misses>
				<total>1015</total>
				<timestamp>737.477991</timestamp>
			</report>
			<report>
				<misses>4922001</misses>
				<total>1015</total>
				<timestamp>737.627819</timestamp>
			</report>
			<report>
				<misses>4923001</misses>
				<total>1015</total>
				<timestamp>737.777668</timestamp>
			</report>
			<report>
				<misses>4924001</misses>
				<total>1015</total>
				<timestamp>737.927445</timestamp>
			</report>
			<report>
				<misses>4925001</misses>
				<total>1015</total>
				<timestamp>738.077362</timestamp>
			</report>
			<report>
				<misses>4926001</misses>
				<total>1015</total>
				<timestamp>738.227183</timestamp>
			</report>
			<report>
				<misses>4927001</misses>
				<total>1015</total>
				<timestamp>738.377014</timestamp>
			</report>
			<report>
				<misses>4928001</misses>
				<total>1015</total>
				<timestamp>738.526907</timestamp>
			</report>
			<report>
				<misses>4929001</misses>
				<total>1015</total>
				<timestamp>738.676741</timestamp>
			</report>
			<report>
				<misses>4930001</misses>
				<total>1015</total>
				<timestamp>738.826629</timestamp>
			</report>
			<report>
				<misses>4931001</misses>
				<total>1015</total>
				<timestamp>738.976374</timestamp>
			</report>
			<report>
				<misses>4932001</misses>
				<total>1015</total>
				<timestamp>739.126358</timestamp>
			</report>
			<report>
				<misses>4933001</misses>
				<total>1015</total>
				<timestamp>739.276272</timestamp>
			</report>
			<report>
				<misses>4934001</misses>
				<total>1015</total>
				<timestamp>739.426132</timestamp>
			</report>
			<report>
				<misses>4935001</misses>
				<total>1015</total>
				<timestamp>739.575945</timestamp>
			</report>
			<report>
				<misses>4936001</misses>
				<total>1015</total>
				<timestamp>739.725863</timestamp>
			</report>
			<report>
				<misses>4937001</misses>
				<total>1015</total>
				<timestamp>739.875652</timestamp>
			</report>
			<report>
				<misses>4938001</misses>
				<total>1015</total>
				<timestamp>740.025605</timestamp>
			</report>
			<report>
				<misses>4939001</misses>
				<total>1015</total>
				<timestamp>740.175561</timestamp>
			</report>
			<report>
				<misses>4940001</misses>
				<total>1015</total>
				<timestamp>740.325357</timestamp>
			</report>
			<report>
				<misses>4941001</misses>
				<total>1015</total>
				<timestamp>740.475244</timestamp>
			</report>
			<report>
				<misses>4942001</misses>
				<total>1015</total>
				<timestamp>740.625075</timestamp>
			</report>
			<report>
				<misses>4943001</misses>
				<total>1015</total>
				<timestamp>740.774969</timestamp>
			</report>
			<report>
				<misses>4944001</misses>
				<total>1015</total>
				<timestamp>740.924769</timestamp>
			</report>
			<report>
				<misses>4945001</misses>
				<total>1015</total>
				<timestamp>741.074682</timestamp>
			</report>
			<report>
				<misses>4946001</misses>
				<total>1015</total>
				<timestamp>741.224462</timestamp>
			</report>
			<report>
				<misses>4947001</misses>
				<total>1015</total>
				<timestamp>741.374398</timestamp>
			</report>
			<report>
				<misses>4948001</misses>
				<total>1015</total>
				<timestamp>741.524284</timestamp>
			</report>
			<report>
				<misses>4949001</misses>
				<total>1015</total>
				<timestamp>741.674182</timestamp>
			</report>
			<report>
				<misses>4950001</misses>
				<total>1015</total>
				<timestamp>741.824028</timestamp>
			</report>
			<report>
				<misses>4951001</misses>
				<total>1015</total>
				<timestamp>741.973897</timestamp>
			</report>
			<report>
				<misses>4952001</misses>
				<total>1015</total>
				<timestamp>742.123809</timestamp>
			</report>
			<report>
				<misses>4953001</misses>
				<total>1015</total>
				<timestamp>742.273693</timestamp>
			</report>
			<report>
				<misses>4954001</misses>
				<total>1015</total>
				<timestamp>742.423583</timestamp>
			</report>
			<report>
				<misses>4955001</misses>
				<total>1015</total>
				<timestamp>742.573405</timestamp>
			</report>
			<report>
				<misses>4956001</misses>
				<total>1014</total>
				<timestamp>742.723337</timestamp>
			</report>
			<report>
				<misses>4957001</misses>
				<total>1015</total>
				<timestamp>742.873081</timestamp>
			</report>
			<report>
				<misses>4958001</misses>
				<total>1015</total>
				<timestamp>743.023063</timestamp>
			</report>
			<report>
				<misses>4959001</misses>
				<total>1015</total>
				<timestamp>743.173015</timestamp>
			</report>
			<report>
				<misses>4960001</misses>
				<total>1015</total>
				<timestamp>743.322892</timestamp>
			</report>
			<report>
				<misses>4961001</misses>
				<total>1015</total>
				<timestamp>743.472644</timestamp>
			</report>
			<report>
				<misses>4962001</misses>
				<total>1015</total>
				<timestamp>743.622484</timestamp>
			</report>
			<report>
				<misses>4963001</misses>
				<total>1017</total>
				<timestamp>743.772409</timestamp>
			</report>
			<report>
				<misses>4964001</misses>
				<total>1017</total>
				<timestamp>743.922273</timestamp>
			</report>
			<report>
				<misses>4965001</misses>
				<total>1017</total>
				<timestamp>744.072083</timestamp>
			</report>
			<report>
				<misses>4966001</misses>
				<total>1017</total>
				<timestamp>744.221890</timestamp>
			</report>
			<report>
				<misses>4967001</misses>
				<total>1017</total>
				<timestamp>744.371783</timestamp>
			</report>
			<report>
				<misses>4968001</misses>
				<total>1017</total>
				<timestamp>744.521707</timestamp>
			</report>
			<report>
				<misses>4969001</misses>
				<total>1017</total>
				<timestamp>744.671641</timestamp>
			</report>
			<report>
				<misses>4970001</misses>
				<total>1017</total>
				<timestamp>744.821483</timestamp>
			</report>
			<report>
				<misses>4971001</misses>
				<total>1017</total>
				<timestamp>744.971439</timestamp>
			</report>
			<report>
				<misses>4972001</misses>
				<total>1022</total>
				<timestamp>745.121402</timestamp>
			</report>
			<report>
				<misses>4973001</misses>
				<total>1022</total>
				<timestamp>745.271352</timestamp>
			</report>
			<report>
				<misses>4974001</misses>
				<total>1022</total>
				<timestamp>745.421168</timestamp>
			</report>
			<report>
				<misses>4975001</misses>
				<total>1022</total>
				<timestamp>745.571036</timestamp>
			</report>
			<report>
				<misses>4976001</misses>
				<total>1022</total>
				<timestamp>745.720889</timestamp>
			</report>
			<report>
				<misses>4977001</misses>
				<total>1022</total>
				<timestamp>745.870709</timestamp>
			</report>
			<report>
				<misses>4978001</misses>
				<total>1022</total>
				<timestamp>746.020618</timestamp>
			</report>
			<report>
				<misses>4979001</misses>
				<total>1022</total>
				<timestamp>746.170456</timestamp>
			</report>
			<report>
				<misses>4980001</misses>
				<total>1022</total>
				<timestamp>746.320231</timestamp>
			</report>
			<report>
				<misses>4981001</misses>
				<total>1022</total>
				<timestamp>746.470080</timestamp>
			</report>
			<report>
				<misses>4982001</misses>
				<total>1022</total>
				<timestamp>746.620046</timestamp>
			</report>
			<report>
				<misses>4983001</misses>
				<total>1022</total>
				<timestamp>746.769962</timestamp>
			</report>
			<report>
				<misses>4984001</misses>
				<total>1022</total>
				<timestamp>746.919879</timestamp>
			</report>
			<report>
				<misses>4985001</misses>
				<total>1022</total>
				<timestamp>747.069760</timestamp>
			</report>
			<report>
				<misses>4986001</misses>
				<total>1021</total>
				<timestamp>747.219712</timestamp>
			</report>
			<report>
				<misses>4987001</misses>
				<total>1021</total>
				<timestamp>747.369483</timestamp>
			</report>
			<report>
				<misses>4988001</misses>
				<total>1031</total>
				<timestamp>747.519398</timestamp>
			</report>
			<report>
				<misses>4989001</misses>
				<total>1031</total>
				<timestamp>747.669216</timestamp>
			</report>
			<report>
				<misses>4990001</misses>
				<total>1031</total>
				<timestamp>747.819150</timestamp>
			</report>
			<report>
				<misses>4991001</misses>
				<total>1031</total>
				<timestamp>747.969055</timestamp>
			</report>
			<report>
				<misses>4992001</misses>
				<total>1031</total>
				<timestamp>748.118920</timestamp>
			</report>
			<report>
				<misses>4993001</misses>
				<total>1031</total>
				<timestamp>748.268794</timestamp>
			</report>
			<report>
				<misses>4994001</misses>
				<total>1031</total>
				<timestamp>748.418689</timestamp>
			</report>
			<report>
				<misses>4995001</misses>
				<total>1031</total>
				<timestamp>748.568521</timestamp>
			</report>
			<report>
				<misses>4996001</misses>
				<total>1031</total>
				<timestamp>748.718368</timestamp>
			</report>
			<report>
				<misses>4997001</misses>
				<total>1033</total>
				<timestamp>748.868190</timestamp>
			</report>
			<report>
				<misses>4998001</misses>
				<total>1033</total>
				<timestamp>749.018001</timestamp>
			</report>
			<report>
				<misses>4999001</misses>
				<total>1033</total>
				<timestamp>749.167845</timestamp>
			</report>
			<report>
				<misses>5000001</misses>
				<total>1033</total>
				<timestamp>749.317763</timestamp>
			</report>
		</query>
	</custom>
	<ethtool_statistic>
		<rx_packets>
			<start>7243495263</start>
			<end>7305168775</end>
		</rx_packets>
		<tx_packets>
			<start>12139773542</start>
			<end>12255045336</end>
		</tx_packets>
		<rx_dropped>
			<start>828</start>
			<end>828</end>
		</rx_dropped>
		<tx_dropped>
			<start>0</start>
			<end>0</end>
		</tx_dropped>
		<collisions>
			<start>0</start>
			<end>0</end>
		</collisions>
		<port_tx_errors>
			<start>0</start>
			<end>0</end>
		</port_tx_errors>
		<port_rx_dropped>
			<start>0</start>
			<end>0</end>
		</port_rx_dropped>
		<port_tx_dropped_link_down>
			<start>0</start>
			<end>0</end>
		</port_tx_dropped_link_down>
	</ethtool_statistic>
	<ip_statistic>
		<mtu>
			<start>9000</start>
			<end>9000</end>
		</mtu>
		<rx_bytes>
			<start>29798257779462</start>
			<end>30048210606941</end>
		</rx_bytes>
		<rx_packets>
			<start>7243495291</start>
			<end>7305169143</end>
		</rx_packets>
		<rx_errors>
			<start>0</start>
			<end>0</end>
		</rx_errors>
		<rx_dropped>
			<start>828</start>
			<end>828</end>
		</rx_dropped>
		<rx_missed>
			<start>0</start>
			<end>0</end>
		</rx_missed>
		<rx_mcast>
			<start>4937</start>
			<end>4950</end>
		</rx_mcast>
		<tx_bytes>
			<start>41456357670074</start>
			<end>41973670689212</end>
		</tx_bytes>
		<tx_packets>
			<start>12139773578</start>
			<end>12255045391</end>
		</tx_packets>
		<tx_errors>
			<start>0</start>
			<end>0</end>
		</tx_errors>
		<tx_dropped>
			<start>0</start>
			<end>0</end>
		</tx_dropped>
		<tx_carrier>
			<start>0</start>
			<end>0</end>
		</tx_carrier>
		<tx_collisions>
			<start>0</start>
			<end>0</end>
		</tx_collisions>
	</ip_statistic>
	<netstat_statistic>
		<udp_pkg_rec>
			<start>6185898761</start>
			<end>6239305773</end>
		</udp_pkg_rec>
		<udp_pkg_snt>
			<start>10758106710</start>
			<end>10838417353</end>
		</udp_pkg_snt>
		<udp_rec_err>
			<start>1059521595</start>
			<end>1067792282</end>
		</udp_rec_err>
		<udp_rec_buf_err>
			<start>1059521595</start>
			<end>1067792282</end>
		</udp_rec_buf_err>
		<udp_snt_buf_err>
			<start>0</start>
			<end>0</end>
		</udp_snt_buf_err>
	</netstat_statistic>
</test_results>
