<?xml version="1.0"?>
<test_results>
	<status>STATUS_SUCCESS</status>
	<custom>
		<num_loss>0</num_loss>
		<num_total>1847972</num_total>
		<num_misses>38139892</num_misses>
	</custom>
	<ethtool_statistic>
		<rx_packets>
			<start>1100343127</start>
			<end>1193468210</end>
		</rx_packets>
		<tx_packets>
			<start>8515984147</start>
			<end>8597294942</end>
		</tx_packets>
		<rx_dropped>
			<start>0</start>
			<end>0</end>
		</rx_dropped>
		<tx_dropped>
			<start>0</start>
			<end>0</end>
		</tx_dropped>
		<collisions>
			<start>0</start>
			<end>0</end>
		</collisions>
		<port_tx_errors>
			<start>-1</start>
			<end>-1</end>
		</port_tx_errors>
		<port_rx_dropped>
			<start>-1</start>
			<end>-1</end>
		</port_rx_dropped>
		<port_tx_dropped_link_down>
			<start>-1</start>
			<end>-1</end>
		</port_tx_dropped_link_down>
	</ethtool_statistic>
	<ip_statistic>
		<mtu>
			<start>1500</start>
			<end>1500</end>
		</mtu>
		<rx_bytes>
			<start>1437629477357</start>
			<end>1559303188945</end>
		</rx_bytes>
		<rx_packets>
			<start>1100344947</start>
			<end>1193470092</end>
		</rx_packets>
		<rx_errors>
			<start>0</start>
			<end>0</end>
		</rx_errors>
		<rx_dropped>
			<start>0</start>
			<end>0</end>
		</rx_dropped>
		<rx_missed>
			<start>73134</start>
			<end>78109</end>
		</rx_missed>
		<rx_mcast>
			<start>4737</start>
			<end>4737</end>
		</rx_mcast>
		<tx_bytes>
			<start>11203414402006</start>
			<end>11326311943272</end>
		</tx_bytes>
		<tx_packets>
			<start>8515984147</start>
			<end>8597294942</end>
		</tx_packets>
		<tx_errors>
			<start>0</start>
			<end>0</end>
		</tx_errors>
		<tx_dropped>
			<start>0</start>
			<end>0</end>
		</tx_dropped>
		<tx_carrier>
			<start>0</start>
			<end>0</end>
		</tx_carrier>
		<tx_collisions>
			<start>0</start>
			<end>0</end>
		</tx_collisions>
	</ip_statistic>
</test_results>
