<?xml version="1.0"?>
<test_results>
	<status>STATUS_SUCCESS</status>
	<custom>
		<num_loss>988127</num_loss>
		<num_total>1000001</num_total>
		<num_misses>1</num_misses>
		<elapsed_time>90.000188</elapsed_time>
	</custom>
	<ethtool_statistic>
		<rx_packets>
			<start>3466118324</start>
			<end>3470529472</end>
		</rx_packets>
		<tx_packets>
			<start>4525107133</start>
			<end>4535758714</end>
		</tx_packets>
		<rx_dropped>
			<start>63</start>
			<end>63</end>
		</rx_dropped>
		<tx_dropped>
			<start>0</start>
			<end>0</end>
		</tx_dropped>
		<collisions>
			<start>0</start>
			<end>0</end>
		</collisions>
		<port_tx_errors>
			<start>0</start>
			<end>0</end>
		</port_tx_errors>
		<port_rx_dropped>
			<start>0</start>
			<end>0</end>
		</port_rx_dropped>
		<port_tx_dropped_link_down>
			<start>0</start>
			<end>0</end>
		</port_tx_dropped_link_down>
	</ethtool_statistic>
	<ip_statistic>
		<mtu>
			<start>9000</start>
			<end>9000</end>
		</mtu>
		<rx_bytes>
			<start>31152314419585</start>
			<end>31191970189647</end>
		</rx_bytes>
		<rx_packets>
			<start>3466118367</start>
			<end>3470529523</end>
		</rx_packets>
		<rx_errors>
			<start>0</start>
			<end>0</end>
		</rx_errors>
		<rx_dropped>
			<start>63</start>
			<end>63</end>
		</rx_dropped>
		<rx_missed>
			<start>0</start>
			<end>0</end>
		</rx_missed>
		<rx_mcast>
			<start>2507</start>
			<end>2507</end>
		</rx_mcast>
		<tx_bytes>
			<start>24248802716678</start>
			<end>24337920279236</end>
		</tx_bytes>
		<tx_packets>
			<start>4525107165</start>
			<end>4535758768</end>
		</tx_packets>
		<tx_errors>
			<start>0</start>
			<end>0</end>
		</tx_errors>
		<tx_dropped>
			<start>0</start>
			<end>0</end>
		</tx_dropped>
		<tx_carrier>
			<start>0</start>
			<end>0</end>
		</tx_carrier>
		<tx_collisions>
			<start>0</start>
			<end>0</end>
		</tx_collisions>
	</ip_statistic>
</test_results>
