<?xml version="1.0"?>
<test_results>
	<status>STATUS_SUCCESS</status>
	<custom>
		<num_loss>0</num_loss>
		<num_total>1116829069</num_total>
		<num_misses>1763084075</num_misses>
		<elapsed_time>7199.754941</elapsed_time>
		<query>
			<report>
				<misses>100001</misses>
				<total>0</total>
				<timestamp>0.656757</timestamp>
			</report>
			<report>
				<misses>200001</misses>
				<total>0</total>
				<timestamp>1.306058</timestamp>
			</report>
			<report>
				<misses>300001</misses>
				<total>0</total>
				<timestamp>1.955485</timestamp>
			</report>
			<report>
				<misses>400001</misses>
				<total>0</total>
				<timestamp>2.601583</timestamp>
			</report>
			<report>
				<misses>500001</misses>
				<total>0</total>
				<timestamp>3.247343</timestamp>
			</report>
			<report>
				<misses>600001</misses>
				<total>0</total>
				<timestamp>3.893114</timestamp>
			</report>
			<report>
				<misses>700001</misses>
				<total>0</total>
				<timestamp>4.538119</timestamp>
			</report>
			<report>
				<misses>800001</misses>
				<total>0</total>
				<timestamp>5.183096</timestamp>
			</report>
			<report>
				<misses>900001</misses>
				<total>0</total>
				<timestamp>5.828287</timestamp>
			</report>
			<report>
				<misses>1000001</misses>
				<total>0</total>
				<timestamp>6.473742</timestamp>
			</report>
			<report>
				<misses>1100001</misses>
				<total>0</total>
				<timestamp>7.120119</timestamp>
			</report>
			<report>
				<misses>1200001</misses>
				<total>0</total>
				<timestamp>7.761716</timestamp>
			</report>
			<report>
				<misses>1300001</misses>
				<total>0</total>
				<timestamp>8.400135</timestamp>
			</report>
			<report>
				<misses>1400001</misses>
				<total>0</total>
				<timestamp>9.037648</timestamp>
			</report>
			<report>
				<misses>1500001</misses>
				<total>0</total>
				<timestamp>9.678725</timestamp>
			</report>
			<report>
				<misses>1600001</misses>
				<total>0</total>
				<timestamp>10.320114</timestamp>
			</report>
			<report>
				<misses>1700001</misses>
				<total>0</total>
				<timestamp>10.959746</timestamp>
			</report>
			<report>
				<misses>1800001</misses>
				<total>0</total>
				<timestamp>11.599484</timestamp>
			</report>
			<report>
				<misses>1900001</misses>
				<total>0</total>
				<timestamp>12.238608</timestamp>
			</report>
			<report>
				<misses>2000001</misses>
				<total>0</total>
				<timestamp>12.878482</timestamp>
			</report>
			<report>
				<misses>2100001</misses>
				<total>0</total>
				<timestamp>13.518207</timestamp>
			</report>
			<report>
				<misses>2200001</misses>
				<total>0</total>
				<timestamp>14.157815</timestamp>
			</report>
			<report>
				<misses>2300001</misses>
				<total>0</total>
				<timestamp>14.797410</timestamp>
			</report>
			<report>
				<misses>2400001</misses>
				<total>0</total>
				<timestamp>15.436583</timestamp>
			</report>
			<report>
				<misses>2500001</misses>
				<total>0</total>
				<timestamp>16.075961</timestamp>
			</report>
			<report>
				<misses>2600001</misses>
				<total>0</total>
				<timestamp>16.714145</timestamp>
			</report>
			<report>
				<misses>2700001</misses>
				<total>0</total>
				<timestamp>17.354505</timestamp>
			</report>
			<report>
				<misses>2800001</misses>
				<total>0</total>
				<timestamp>17.994298</timestamp>
			</report>
			<report>
				<misses>2900001</misses>
				<total>0</total>
				<timestamp>18.634584</timestamp>
			</report>
			<report>
				<misses>3000001</misses>
				<total>0</total>
				<timestamp>19.273891</timestamp>
			</report>
			<report>
				<misses>3100001</misses>
				<total>0</total>
				<timestamp>19.912381</timestamp>
			</report>
			<report>
				<misses>3200001</misses>
				<total>0</total>
				<timestamp>20.548904</timestamp>
			</report>
			<report>
				<misses>3300001</misses>
				<total>0</total>
				<timestamp>21.187076</timestamp>
			</report>
			<report>
				<misses>3400001</misses>
				<total>0</total>
				<timestamp>21.824601</timestamp>
			</report>
			<report>
				<misses>3500001</misses>
				<total>0</total>
				<timestamp>22.462030</timestamp>
			</report>
			<report>
				<misses>3600001</misses>
				<total>0</total>
				<timestamp>23.100136</timestamp>
			</report>
			<report>
				<misses>3700001</misses>
				<total>0</total>
				<timestamp>23.738465</timestamp>
			</report>
			<report>
				<misses>3800001</misses>
				<total>0</total>
				<timestamp>24.377272</timestamp>
			</report>
			<report>
				<misses>3900001</misses>
				<total>0</total>
				<timestamp>25.016612</timestamp>
			</report>
			<report>
				<misses>4000001</misses>
				<total>0</total>
				<timestamp>25.655298</timestamp>
			</report>
			<report>
				<misses>4100001</misses>
				<total>0</total>
				<timestamp>26.294158</timestamp>
			</report>
			<report>
				<misses>4200001</misses>
				<total>0</total>
				<timestamp>26.932369</timestamp>
			</report>
			<report>
				<misses>4300001</misses>
				<total>0</total>
				<timestamp>27.570443</timestamp>
			</report>
			<report>
				<misses>4400001</misses>
				<total>0</total>
				<timestamp>28.210041</timestamp>
			</report>
			<report>
				<misses>4500001</misses>
				<total>0</total>
				<timestamp>28.849090</timestamp>
			</report>
			<report>
				<misses>4600001</misses>
				<total>0</total>
				<timestamp>29.486015</timestamp>
			</report>
			<report>
				<misses>4700001</misses>
				<total>0</total>
				<timestamp>30.127814</timestamp>
			</report>
			<report>
				<misses>4800001</misses>
				<total>0</total>
				<timestamp>30.777350</timestamp>
			</report>
			<report>
				<misses>4900001</misses>
				<total>0</total>
				<timestamp>31.425185</timestamp>
			</report>
			<report>
				<misses>5000001</misses>
				<total>0</total>
				<timestamp>32.074054</timestamp>
			</report>
			<report>
				<misses>5100001</misses>
				<total>0</total>
				<timestamp>32.723271</timestamp>
			</report>
			<report>
				<misses>5200001</misses>
				<total>0</total>
				<timestamp>33.372098</timestamp>
			</report>
			<report>
				<misses>5300001</misses>
				<total>0</total>
				<timestamp>34.023782</timestamp>
			</report>
			<report>
				<misses>5400001</misses>
				<total>0</total>
				<timestamp>34.671057</timestamp>
			</report>
			<report>
				<misses>5500001</misses>
				<total>0</total>
				<timestamp>35.318442</timestamp>
			</report>
			<report>
				<misses>5600001</misses>
				<total>0</total>
				<timestamp>35.965488</timestamp>
			</report>
			<report>
				<misses>5700001</misses>
				<total>0</total>
				<timestamp>36.616043</timestamp>
			</report>
			<report>
				<misses>5800001</misses>
				<total>0</total>
				<timestamp>37.265734</timestamp>
			</report>
			<report>
				<misses>5900001</misses>
				<total>0</total>
				<timestamp>37.914859</timestamp>
			</report>
			<report>
				<misses>6000001</misses>
				<total>0</total>
				<timestamp>38.563675</timestamp>
			</report>
			<report>
				<misses>6100001</misses>
				<total>0</total>
				<timestamp>39.211878</timestamp>
			</report>
			<report>
				<misses>6200001</misses>
				<total>0</total>
				<timestamp>39.859652</timestamp>
			</report>
			<report>
				<misses>6300001</misses>
				<total>0</total>
				<timestamp>40.507979</timestamp>
			</report>
			<report>
				<misses>6400001</misses>
				<total>0</total>
				<timestamp>41.155856</timestamp>
			</report>
			<report>
				<misses>6500001</misses>
				<total>0</total>
				<timestamp>41.803108</timestamp>
			</report>
			<report>
				<misses>6600001</misses>
				<total>0</total>
				<timestamp>42.449922</timestamp>
			</report>
			<report>
				<misses>6700001</misses>
				<total>0</total>
				<timestamp>43.094945</timestamp>
			</report>
			<report>
				<misses>6800001</misses>
				<total>0</total>
				<timestamp>43.740470</timestamp>
			</report>
			<report>
				<misses>6900001</misses>
				<total>0</total>
				<timestamp>44.384500</timestamp>
			</report>
			<report>
				<misses>7000001</misses>
				<total>0</total>
				<timestamp>45.021789</timestamp>
			</report>
			<report>
				<misses>7100001</misses>
				<total>0</total>
				<timestamp>45.658958</timestamp>
			</report>
			<report>
				<misses>7200001</misses>
				<total>0</total>
				<timestamp>46.296077</timestamp>
			</report>
			<report>
				<misses>7300001</misses>
				<total>0</total>
				<timestamp>46.935538</timestamp>
			</report>
			<report>
				<misses>7400001</misses>
				<total>0</total>
				<timestamp>47.571693</timestamp>
			</report>
			<report>
				<misses>7500001</misses>
				<total>0</total>
				<timestamp>48.208439</timestamp>
			</report>
			<report>
				<misses>7600001</misses>
				<total>0</total>
				<timestamp>48.845443</timestamp>
			</report>
			<report>
				<misses>7700001</misses>
				<total>0</total>
				<timestamp>49.482654</timestamp>
			</report>
			<report>
				<misses>7800001</misses>
				<total>0</total>
				<timestamp>50.119927</timestamp>
			</report>
			<report>
				<misses>7900001</misses>
				<total>0</total>
				<timestamp>50.757991</timestamp>
			</report>
			<report>
				<misses>8000001</misses>
				<total>0</total>
				<timestamp>51.396213</timestamp>
			</report>
			<report>
				<misses>8100001</misses>
				<total>0</total>
				<timestamp>52.034002</timestamp>
			</report>
			<report>
				<misses>8200001</misses>
				<total>0</total>
				<timestamp>52.671842</timestamp>
			</report>
			<report>
				<misses>8300001</misses>
				<total>0</total>
				<timestamp>53.308392</timestamp>
			</report>
			<report>
				<misses>8400001</misses>
				<total>0</total>
				<timestamp>53.946485</timestamp>
			</report>
			<report>
				<misses>8500001</misses>
				<total>0</total>
				<timestamp>54.584650</timestamp>
			</report>
			<report>
				<misses>8600001</misses>
				<total>0</total>
				<timestamp>55.223279</timestamp>
			</report>
			<report>
				<misses>8700001</misses>
				<total>0</total>
				<timestamp>55.860678</timestamp>
			</report>
			<report>
				<misses>8800001</misses>
				<total>0</total>
				<timestamp>56.498866</timestamp>
			</report>
			<report>
				<misses>8900001</misses>
				<total>0</total>
				<timestamp>57.137599</timestamp>
			</report>
			<report>
				<misses>9000001</misses>
				<total>0</total>
				<timestamp>57.775617</timestamp>
			</report>
			<report>
				<misses>9100001</misses>
				<total>0</total>
				<timestamp>58.414836</timestamp>
			</report>
			<report>
				<misses>9200001</misses>
				<total>0</total>
				<timestamp>59.054054</timestamp>
			</report>
			<report>
				<misses>9300001</misses>
				<total>0</total>
				<timestamp>59.692474</timestamp>
			</report>
			<report>
				<misses>9400001</misses>
				<total>0</total>
				<timestamp>60.329943</timestamp>
			</report>
			<report>
				<misses>9500001</misses>
				<total>0</total>
				<timestamp>60.968548</timestamp>
			</report>
			<report>
				<misses>9600001</misses>
				<total>0</total>
				<timestamp>61.606255</timestamp>
			</report>
			<report>
				<misses>9700001</misses>
				<total>0</total>
				<timestamp>62.244248</timestamp>
			</report>
			<report>
				<misses>9800001</misses>
				<total>0</total>
				<timestamp>62.882208</timestamp>
			</report>
			<report>
				<misses>9900001</misses>
				<total>0</total>
				<timestamp>63.520155</timestamp>
			</report>
			<report>
				<misses>10000001</misses>
				<total>0</total>
				<timestamp>64.157945</timestamp>
			</report>
			<report>
				<misses>10100001</misses>
				<total>0</total>
				<timestamp>64.796392</timestamp>
			</report>
			<report>
				<misses>10200001</misses>
				<total>0</total>
				<timestamp>65.434408</timestamp>
			</report>
			<report>
				<misses>10300001</misses>
				<total>0</total>
				<timestamp>66.072445</timestamp>
			</report>
			<report>
				<misses>10400001</misses>
				<total>0</total>
				<timestamp>66.711636</timestamp>
			</report>
			<report>
				<misses>10500001</misses>
				<total>0</total>
				<timestamp>67.351222</timestamp>
			</report>
			<report>
				<misses>10600001</misses>
				<total>0</total>
				<timestamp>67.990854</timestamp>
			</report>
			<report>
				<misses>10700001</misses>
				<total>0</total>
				<timestamp>68.630447</timestamp>
			</report>
			<report>
				<misses>10800001</misses>
				<total>0</total>
				<timestamp>69.269140</timestamp>
			</report>
			<report>
				<misses>10900001</misses>
				<total>0</total>
				<timestamp>69.906741</timestamp>
			</report>
			<report>
				<misses>11000001</misses>
				<total>0</total>
				<timestamp>70.544315</timestamp>
			</report>
			<report>
				<misses>11100001</misses>
				<total>0</total>
				<timestamp>71.182375</timestamp>
			</report>
			<report>
				<misses>11200001</misses>
				<total>0</total>
				<timestamp>71.820350</timestamp>
			</report>
			<report>
				<misses>11300001</misses>
				<total>0</total>
				<timestamp>72.457768</timestamp>
			</report>
			<report>
				<misses>11400001</misses>
				<total>0</total>
				<timestamp>73.095595</timestamp>
			</report>
			<report>
				<misses>11500001</misses>
				<total>0</total>
				<timestamp>73.733678</timestamp>
			</report>
			<report>
				<misses>11600001</misses>
				<total>0</total>
				<timestamp>74.372457</timestamp>
			</report>
			<report>
				<misses>11700001</misses>
				<total>0</total>
				<timestamp>75.010839</timestamp>
			</report>
			<report>
				<misses>11800001</misses>
				<total>0</total>
				<timestamp>75.649339</timestamp>
			</report>
			<report>
				<misses>11900001</misses>
				<total>0</total>
				<timestamp>76.287802</timestamp>
			</report>
			<report>
				<misses>12000001</misses>
				<total>0</total>
				<timestamp>76.926266</timestamp>
			</report>
			<report>
				<misses>12100001</misses>
				<total>0</total>
				<timestamp>77.564723</timestamp>
			</report>
			<report>
				<misses>12200001</misses>
				<total>0</total>
				<timestamp>78.202806</timestamp>
			</report>
			<report>
				<misses>12300001</misses>
				<total>0</total>
				<timestamp>78.840509</timestamp>
			</report>
			<report>
				<misses>12400001</misses>
				<total>0</total>
				<timestamp>79.487787</timestamp>
			</report>
			<report>
				<misses>12500001</misses>
				<total>0</total>
				<timestamp>80.126001</timestamp>
			</report>
			<report>
				<misses>12600001</misses>
				<total>0</total>
				<timestamp>80.763786</timestamp>
			</report>
			<report>
				<misses>12700001</misses>
				<total>0</total>
				<timestamp>81.402079</timestamp>
			</report>
			<report>
				<misses>12800001</misses>
				<total>0</total>
				<timestamp>82.039554</timestamp>
			</report>
			<report>
				<misses>12900001</misses>
				<total>0</total>
				<timestamp>82.677074</timestamp>
			</report>
			<report>
				<misses>13000001</misses>
				<total>0</total>
				<timestamp>83.315690</timestamp>
			</report>
			<report>
				<misses>13100001</misses>
				<total>0</total>
				<timestamp>83.954413</timestamp>
			</report>
			<report>
				<misses>13200001</misses>
				<total>0</total>
				<timestamp>84.591996</timestamp>
			</report>
			<report>
				<misses>13300001</misses>
				<total>0</total>
				<timestamp>85.229897</timestamp>
			</report>
			<report>
				<misses>13400001</misses>
				<total>0</total>
				<timestamp>85.867246</timestamp>
			</report>
			<report>
				<misses>13500001</misses>
				<total>0</total>
				<timestamp>86.505043</timestamp>
			</report>
			<report>
				<misses>13600001</misses>
				<total>0</total>
				<timestamp>87.142855</timestamp>
			</report>
			<report>
				<misses>13700001</misses>
				<total>0</total>
				<timestamp>87.780886</timestamp>
			</report>
			<report>
				<misses>13800001</misses>
				<total>0</total>
				<timestamp>88.417289</timestamp>
			</report>
			<report>
				<misses>13900001</misses>
				<total>0</total>
				<timestamp>89.054003</timestamp>
			</report>
			<report>
				<misses>14000001</misses>
				<total>0</total>
				<timestamp>89.691520</timestamp>
			</report>
			<report>
				<misses>14100001</misses>
				<total>0</total>
				<timestamp>90.328305</timestamp>
			</report>
			<report>
				<misses>14200001</misses>
				<total>0</total>
				<timestamp>90.964878</timestamp>
			</report>
			<report>
				<misses>14300001</misses>
				<total>0</total>
				<timestamp>91.600187</timestamp>
			</report>
			<report>
				<misses>14400001</misses>
				<total>0</total>
				<timestamp>92.236636</timestamp>
			</report>
			<report>
				<misses>14500001</misses>
				<total>0</total>
				<timestamp>92.872372</timestamp>
			</report>
			<report>
				<misses>14600001</misses>
				<total>0</total>
				<timestamp>93.510254</timestamp>
			</report>
			<report>
				<misses>14700001</misses>
				<total>0</total>
				<timestamp>94.159828</timestamp>
			</report>
			<report>
				<misses>14800001</misses>
				<total>0</total>
				<timestamp>94.809961</timestamp>
			</report>
			<report>
				<misses>14900001</misses>
				<total>0</total>
				<timestamp>95.459330</timestamp>
			</report>
			<report>
				<misses>15000001</misses>
				<total>0</total>
				<timestamp>96.109028</timestamp>
			</report>
			<report>
				<misses>15100001</misses>
				<total>0</total>
				<timestamp>96.757853</timestamp>
			</report>
			<report>
				<misses>15200001</misses>
				<total>0</total>
				<timestamp>97.407177</timestamp>
			</report>
			<report>
				<misses>15300001</misses>
				<total>0</total>
				<timestamp>98.058718</timestamp>
			</report>
			<report>
				<misses>15400001</misses>
				<total>0</total>
				<timestamp>98.710561</timestamp>
			</report>
			<report>
				<misses>15500001</misses>
				<total>0</total>
				<timestamp>99.363267</timestamp>
			</report>
			<report>
				<misses>15600001</misses>
				<total>0</total>
				<timestamp>100.014491</timestamp>
			</report>
			<report>
				<misses>15700001</misses>
				<total>0</total>
				<timestamp>100.666096</timestamp>
			</report>
			<report>
				<misses>15800001</misses>
				<total>0</total>
				<timestamp>101.316468</timestamp>
			</report>
			<report>
				<misses>15900001</misses>
				<total>0</total>
				<timestamp>101.967316</timestamp>
			</report>
			<report>
				<misses>16000001</misses>
				<total>0</total>
				<timestamp>102.618093</timestamp>
			</report>
			<report>
				<misses>16100001</misses>
				<total>0</total>
				<timestamp>103.267553</timestamp>
			</report>
			<report>
				<misses>16200001</misses>
				<total>0</total>
				<timestamp>103.918634</timestamp>
			</report>
			<report>
				<misses>16300001</misses>
				<total>0</total>
				<timestamp>104.569658</timestamp>
			</report>
			<report>
				<misses>16400001</misses>
				<total>0</total>
				<timestamp>105.220757</timestamp>
			</report>
			<report>
				<misses>16500001</misses>
				<total>0</total>
				<timestamp>105.871640</timestamp>
			</report>
			<report>
				<misses>16600001</misses>
				<total>0</total>
				<timestamp>106.522101</timestamp>
			</report>
			<report>
				<misses>16700001</misses>
				<total>0</total>
				<timestamp>107.171905</timestamp>
			</report>
			<report>
				<misses>16800001</misses>
				<total>0</total>
				<timestamp>107.822353</timestamp>
			</report>
			<report>
				<misses>16900001</misses>
				<total>0</total>
				<timestamp>108.472721</timestamp>
			</report>
			<report>
				<misses>17000001</misses>
				<total>0</total>
				<timestamp>109.122661</timestamp>
			</report>
			<report>
				<misses>17100001</misses>
				<total>0</total>
				<timestamp>109.771622</timestamp>
			</report>
			<report>
				<misses>17200001</misses>
				<total>0</total>
				<timestamp>110.420601</timestamp>
			</report>
			<report>
				<misses>17300001</misses>
				<total>0</total>
				<timestamp>111.071466</timestamp>
			</report>
			<report>
				<misses>17400001</misses>
				<total>0</total>
				<timestamp>111.722037</timestamp>
			</report>
			<report>
				<misses>17500001</misses>
				<total>0</total>
				<timestamp>112.374384</timestamp>
			</report>
			<report>
				<misses>17600001</misses>
				<total>0</total>
				<timestamp>113.026794</timestamp>
			</report>
			<report>
				<misses>17700001</misses>
				<total>0</total>
				<timestamp>113.678602</timestamp>
			</report>
			<report>
				<misses>17800001</misses>
				<total>0</total>
				<timestamp>114.331384</timestamp>
			</report>
			<report>
				<misses>17900001</misses>
				<total>0</total>
				<timestamp>114.983672</timestamp>
			</report>
			<report>
				<misses>18000001</misses>
				<total>0</total>
				<timestamp>115.635810</timestamp>
			</report>
			<report>
				<misses>18100001</misses>
				<total>0</total>
				<timestamp>116.288328</timestamp>
			</report>
			<report>
				<misses>18200001</misses>
				<total>0</total>
				<timestamp>116.940686</timestamp>
			</report>
			<report>
				<misses>18300001</misses>
				<total>0</total>
				<timestamp>117.593767</timestamp>
			</report>
			<report>
				<misses>18400001</misses>
				<total>0</total>
				<timestamp>118.243669</timestamp>
			</report>
			<report>
				<misses>18500001</misses>
				<total>0</total>
				<timestamp>118.888460</timestamp>
			</report>
			<report>
				<misses>18600001</misses>
				<total>0</total>
				<timestamp>119.534260</timestamp>
			</report>
			<report>
				<misses>18700001</misses>
				<total>0</total>
				<timestamp>120.180202</timestamp>
			</report>
			<report>
				<misses>18800001</misses>
				<total>0</total>
				<timestamp>120.826127</timestamp>
			</report>
			<report>
				<misses>18900001</misses>
				<total>0</total>
				<timestamp>121.471015</timestamp>
			</report>
			<report>
				<misses>19000001</misses>
				<total>0</total>
				<timestamp>122.116135</timestamp>
			</report>
			<report>
				<misses>19100001</misses>
				<total>0</total>
				<timestamp>122.761332</timestamp>
			</report>
			<report>
				<misses>19200001</misses>
				<total>0</total>
				<timestamp>123.406461</timestamp>
			</report>
			<report>
				<misses>19300001</misses>
				<total>0</total>
				<timestamp>124.051774</timestamp>
			</report>
			<report>
				<misses>19400001</misses>
				<total>0</total>
				<timestamp>124.696718</timestamp>
			</report>
			<report>
				<misses>19500001</misses>
				<total>0</total>
				<timestamp>125.341583</timestamp>
			</report>
			<report>
				<misses>19600001</misses>
				<total>0</total>
				<timestamp>125.986078</timestamp>
			</report>
			<report>
				<misses>19700001</misses>
				<total>0</total>
				<timestamp>126.632752</timestamp>
			</report>
			<report>
				<misses>19800001</misses>
				<total>0</total>
				<timestamp>127.277638</timestamp>
			</report>
			<report>
				<misses>19900001</misses>
				<total>0</total>
				<timestamp>127.923346</timestamp>
			</report>
			<report>
				<misses>20000001</misses>
				<total>0</total>
				<timestamp>128.569407</timestamp>
			</report>
			<report>
				<misses>20100001</misses>
				<total>0</total>
				<timestamp>129.214100</timestamp>
			</report>
			<report>
				<misses>20200001</misses>
				<total>0</total>
				<timestamp>129.859775</timestamp>
			</report>
			<report>
				<misses>20300001</misses>
				<total>0</total>
				<timestamp>130.506563</timestamp>
			</report>
			<report>
				<misses>20400001</misses>
				<total>0</total>
				<timestamp>131.154800</timestamp>
			</report>
			<report>
				<misses>20500001</misses>
				<total>0</total>
				<timestamp>131.801979</timestamp>
			</report>
			<report>
				<misses>20600001</misses>
				<total>0</total>
				<timestamp>132.447591</timestamp>
			</report>
			<report>
				<misses>20700001</misses>
				<total>0</total>
				<timestamp>133.093346</timestamp>
			</report>
			<report>
				<misses>20800001</misses>
				<total>0</total>
				<timestamp>133.738625</timestamp>
			</report>
			<report>
				<misses>20900001</misses>
				<total>0</total>
				<timestamp>134.383955</timestamp>
			</report>
			<report>
				<misses>21000001</misses>
				<total>0</total>
				<timestamp>135.030674</timestamp>
			</report>
			<report>
				<misses>21100001</misses>
				<total>0</total>
				<timestamp>135.677416</timestamp>
			</report>
			<report>
				<misses>21200001</misses>
				<total>0</total>
				<timestamp>136.322937</timestamp>
			</report>
			<report>
				<misses>21300001</misses>
				<total>0</total>
				<timestamp>136.969744</timestamp>
			</report>
			<report>
				<misses>21400001</misses>
				<total>0</total>
				<timestamp>137.617151</timestamp>
			</report>
			<report>
				<misses>21500001</misses>
				<total>0</total>
				<timestamp>138.264787</timestamp>
			</report>
			<report>
				<misses>21600001</misses>
				<total>0</total>
				<timestamp>138.912921</timestamp>
			</report>
			<report>
				<misses>21700001</misses>
				<total>0</total>
				<timestamp>139.559593</timestamp>
			</report>
			<report>
				<misses>21800001</misses>
				<total>0</total>
				<timestamp>140.205843</timestamp>
			</report>
			<report>
				<misses>21900001</misses>
				<total>0</total>
				<timestamp>140.853918</timestamp>
			</report>
			<report>
				<misses>22000001</misses>
				<total>0</total>
				<timestamp>141.502003</timestamp>
			</report>
			<report>
				<misses>22100001</misses>
				<total>0</total>
				<timestamp>142.149924</timestamp>
			</report>
			<report>
				<misses>22200001</misses>
				<total>0</total>
				<timestamp>142.798387</timestamp>
			</report>
			<report>
				<misses>22300001</misses>
				<total>0</total>
				<timestamp>143.446631</timestamp>
			</report>
			<report>
				<misses>22400001</misses>
				<total>0</total>
				<timestamp>144.094319</timestamp>
			</report>
			<report>
				<misses>22500001</misses>
				<total>0</total>
				<timestamp>144.739826</timestamp>
			</report>
			<report>
				<misses>22600001</misses>
				<total>0</total>
				<timestamp>145.382007</timestamp>
			</report>
			<report>
				<misses>22700001</misses>
				<total>0</total>
				<timestamp>146.024152</timestamp>
			</report>
			<report>
				<misses>22800001</misses>
				<total>0</total>
				<timestamp>146.666326</timestamp>
			</report>
			<report>
				<misses>22900001</misses>
				<total>0</total>
				<timestamp>147.308507</timestamp>
			</report>
			<report>
				<misses>23000001</misses>
				<total>0</total>
				<timestamp>147.951352</timestamp>
			</report>
			<report>
				<misses>23100001</misses>
				<total>0</total>
				<timestamp>148.594091</timestamp>
			</report>
			<report>
				<misses>23200001</misses>
				<total>0</total>
				<timestamp>149.236032</timestamp>
			</report>
			<report>
				<misses>23300001</misses>
				<total>0</total>
				<timestamp>149.881472</timestamp>
			</report>
			<report>
				<misses>23400001</misses>
				<total>0</total>
				<timestamp>150.521889</timestamp>
			</report>
			<report>
				<misses>23500001</misses>
				<total>0</total>
				<timestamp>151.159399</timestamp>
			</report>
			<report>
				<misses>23600001</misses>
				<total>0</total>
				<timestamp>151.793651</timestamp>
			</report>
			<report>
				<misses>23700001</misses>
				<total>0</total>
				<timestamp>152.428984</timestamp>
			</report>
			<report>
				<misses>23800001</misses>
				<total>0</total>
				<timestamp>153.073506</timestamp>
			</report>
			<report>
				<misses>23900001</misses>
				<total>0</total>
				<timestamp>153.726718</timestamp>
			</report>
			<report>
				<misses>24000001</misses>
				<total>0</total>
				<timestamp>154.380917</timestamp>
			</report>
			<report>
				<misses>24100001</misses>
				<total>0</total>
				<timestamp>155.032757</timestamp>
			</report>
			<report>
				<misses>24200001</misses>
				<total>0</total>
				<timestamp>155.680196</timestamp>
			</report>
			<report>
				<misses>24300001</misses>
				<total>0</total>
				<timestamp>156.326665</timestamp>
			</report>
			<report>
				<misses>24400001</misses>
				<total>0</total>
				<timestamp>156.972669</timestamp>
			</report>
			<report>
				<misses>24500001</misses>
				<total>0</total>
				<timestamp>157.618850</timestamp>
			</report>
			<report>
				<misses>24600001</misses>
				<total>0</total>
				<timestamp>158.265133</timestamp>
			</report>
			<report>
				<misses>24700001</misses>
				<total>0</total>
				<timestamp>158.912485</timestamp>
			</report>
			<report>
				<misses>24800001</misses>
				<total>0</total>
				<timestamp>159.561619</timestamp>
			</report>
			<report>
				<misses>24900001</misses>
				<total>0</total>
				<timestamp>160.207909</timestamp>
			</report>
			<report>
				<misses>25000001</misses>
				<total>0</total>
				<timestamp>160.853502</timestamp>
			</report>
			<report>
				<misses>25100001</misses>
				<total>0</total>
				<timestamp>161.500363</timestamp>
			</report>
			<report>
				<misses>25200001</misses>
				<total>0</total>
				<timestamp>162.147321</timestamp>
			</report>
			<report>
				<misses>25300001</misses>
				<total>0</total>
				<timestamp>162.793334</timestamp>
			</report>
			<report>
				<misses>25400001</misses>
				<total>0</total>
				<timestamp>163.440152</timestamp>
			</report>
			<report>
				<misses>25500001</misses>
				<total>0</total>
				<timestamp>164.087090</timestamp>
			</report>
			<report>
				<misses>25600001</misses>
				<total>0</total>
				<timestamp>164.733977</timestamp>
			</report>
			<report>
				<misses>25700001</misses>
				<total>0</total>
				<timestamp>165.381488</timestamp>
			</report>
			<report>
				<misses>25800001</misses>
				<total>0</total>
				<timestamp>166.029005</timestamp>
			</report>
			<report>
				<misses>25900001</misses>
				<total>0</total>
				<timestamp>166.675979</timestamp>
			</report>
			<report>
				<misses>26000001</misses>
				<total>0</total>
				<timestamp>167.322790</timestamp>
			</report>
			<report>
				<misses>26100001</misses>
				<total>0</total>
				<timestamp>167.969257</timestamp>
			</report>
			<report>
				<misses>26200001</misses>
				<total>0</total>
				<timestamp>168.615061</timestamp>
			</report>
			<report>
				<misses>26300001</misses>
				<total>0</total>
				<timestamp>169.261584</timestamp>
			</report>
			<report>
				<misses>26400001</misses>
				<total>0</total>
				<timestamp>169.903181</timestamp>
			</report>
			<report>
				<misses>26500001</misses>
				<total>0</total>
				<timestamp>170.544820</timestamp>
			</report>
			<report>
				<misses>26600001</misses>
				<total>0</total>
				<timestamp>171.186706</timestamp>
			</report>
			<report>
				<misses>26700001</misses>
				<total>0</total>
				<timestamp>171.830692</timestamp>
			</report>
			<report>
				<misses>26800001</misses>
				<total>0</total>
				<timestamp>172.474300</timestamp>
			</report>
			<report>
				<misses>26900001</misses>
				<total>0</total>
				<timestamp>173.117052</timestamp>
			</report>
			<report>
				<misses>27000001</misses>
				<total>0</total>
				<timestamp>173.761585</timestamp>
			</report>
			<report>
				<misses>27100001</misses>
				<total>0</total>
				<timestamp>174.406085</timestamp>
			</report>
			<report>
				<misses>27200001</misses>
				<total>0</total>
				<timestamp>175.049712</timestamp>
			</report>
			<report>
				<misses>27300001</misses>
				<total>0</total>
				<timestamp>175.692226</timestamp>
			</report>
			<report>
				<misses>27400001</misses>
				<total>0</total>
				<timestamp>176.335011</timestamp>
			</report>
			<report>
				<misses>27500001</misses>
				<total>0</total>
				<timestamp>176.977660</timestamp>
			</report>
			<report>
				<misses>27600001</misses>
				<total>0</total>
				<timestamp>177.619715</timestamp>
			</report>
			<report>
				<misses>27700001</misses>
				<total>0</total>
				<timestamp>178.262559</timestamp>
			</report>
			<report>
				<misses>27800001</misses>
				<total>0</total>
				<timestamp>178.904797</timestamp>
			</report>
			<report>
				<misses>27900001</misses>
				<total>0</total>
				<timestamp>179.547242</timestamp>
			</report>
			<report>
				<misses>28000001</misses>
				<total>0</total>
				<timestamp>180.190495</timestamp>
			</report>
			<report>
				<misses>28100001</misses>
				<total>0</total>
				<timestamp>180.833832</timestamp>
			</report>
			<report>
				<misses>28200001</misses>
				<total>0</total>
				<timestamp>181.477829</timestamp>
			</report>
			<report>
				<misses>28300001</misses>
				<total>0</total>
				<timestamp>182.120210</timestamp>
			</report>
			<report>
				<misses>28400001</misses>
				<total>0</total>
				<timestamp>182.762750</timestamp>
			</report>
			<report>
				<misses>28500001</misses>
				<total>0</total>
				<timestamp>183.405931</timestamp>
			</report>
			<report>
				<misses>28600001</misses>
				<total>0</total>
				<timestamp>184.048894</timestamp>
			</report>
			<report>
				<misses>28700001</misses>
				<total>0</total>
				<timestamp>184.691505</timestamp>
			</report>
			<report>
				<misses>28800001</misses>
				<total>0</total>
				<timestamp>185.333264</timestamp>
			</report>
			<report>
				<misses>28900001</misses>
				<total>0</total>
				<timestamp>185.975338</timestamp>
			</report>
			<report>
				<misses>29000001</misses>
				<total>0</total>
				<timestamp>186.617707</timestamp>
			</report>
			<report>
				<misses>29100001</misses>
				<total>0</total>
				<timestamp>187.260353</timestamp>
			</report>
			<report>
				<misses>29200001</misses>
				<total>0</total>
				<timestamp>187.903204</timestamp>
			</report>
			<report>
				<misses>29300001</misses>
				<total>0</total>
				<timestamp>188.546085</timestamp>
			</report>
			<report>
				<misses>29400001</misses>
				<total>0</total>
				<timestamp>189.189162</timestamp>
			</report>
			<report>
				<misses>29500001</misses>
				<total>0</total>
				<timestamp>189.833347</timestamp>
			</report>
			<report>
				<misses>29600001</misses>
				<total>0</total>
				<timestamp>190.476765</timestamp>
			</report>
			<report>
				<misses>29700001</misses>
				<total>0</total>
				<timestamp>191.120081</timestamp>
			</report>
			<report>
				<misses>29800001</misses>
				<total>0</total>
				<timestamp>191.763079</timestamp>
			</report>
			<report>
				<misses>29900001</misses>
				<total>0</total>
				<timestamp>192.405166</timestamp>
			</report>
			<report>
				<misses>30000001</misses>
				<total>0</total>
				<timestamp>193.047150</timestamp>
			</report>
			<report>
				<misses>30100001</misses>
				<total>0</total>
				<timestamp>193.689047</timestamp>
			</report>
			<report>
				<misses>30200001</misses>
				<total>0</total>
				<timestamp>194.330438</timestamp>
			</report>
			<report>
				<misses>30300001</misses>
				<total>0</total>
				<timestamp>194.972172</timestamp>
			</report>
			<report>
				<misses>30400001</misses>
				<total>0</total>
				<timestamp>195.614485</timestamp>
			</report>
			<report>
				<misses>30500001</misses>
				<total>0</total>
				<timestamp>196.258624</timestamp>
			</report>
			<report>
				<misses>30600001</misses>
				<total>0</total>
				<timestamp>196.902388</timestamp>
			</report>
			<report>
				<misses>30700001</misses>
				<total>0</total>
				<timestamp>197.545248</timestamp>
			</report>
			<report>
				<misses>30800001</misses>
				<total>0</total>
				<timestamp>198.187533</timestamp>
			</report>
			<report>
				<misses>30900001</misses>
				<total>0</total>
				<timestamp>198.829171</timestamp>
			</report>
			<report>
				<misses>31000001</misses>
				<total>0</total>
				<timestamp>199.472428</timestamp>
			</report>
			<report>
				<misses>31100001</misses>
				<total>0</total>
				<timestamp>200.116021</timestamp>
			</report>
			<report>
				<misses>31200001</misses>
				<total>0</total>
				<timestamp>200.758513</timestamp>
			</report>
			<report>
				<misses>31300001</misses>
				<total>0</total>
				<timestamp>201.402144</timestamp>
			</report>
			<report>
				<misses>31400001</misses>
				<total>0</total>
				<timestamp>202.045829</timestamp>
			</report>
			<report>
				<misses>31500001</misses>
				<total>0</total>
				<timestamp>202.689387</timestamp>
			</report>
			<report>
				<misses>31600001</misses>
				<total>0</total>
				<timestamp>203.332335</timestamp>
			</report>
			<report>
				<misses>31700001</misses>
				<total>0</total>
				<timestamp>203.975673</timestamp>
			</report>
			<report>
				<misses>31800001</misses>
				<total>0</total>
				<timestamp>204.619065</timestamp>
			</report>
			<report>
				<misses>31900001</misses>
				<total>0</total>
				<timestamp>205.261427</timestamp>
			</report>
			<report>
				<misses>32000001</misses>
				<total>0</total>
				<timestamp>205.904374</timestamp>
			</report>
			<report>
				<misses>32100001</misses>
				<total>0</total>
				<timestamp>206.546440</timestamp>
			</report>
			<report>
				<misses>32200001</misses>
				<total>0</total>
				<timestamp>207.187157</timestamp>
			</report>
			<report>
				<misses>32300001</misses>
				<total>0</total>
				<timestamp>207.827964</timestamp>
			</report>
			<report>
				<misses>32400001</misses>
				<total>0</total>
				<timestamp>208.469844</timestamp>
			</report>
			<report>
				<misses>32500001</misses>
				<total>0</total>
				<timestamp>209.111817</timestamp>
			</report>
			<report>
				<misses>32600001</misses>
				<total>0</total>
				<timestamp>209.753492</timestamp>
			</report>
			<report>
				<misses>32700001</misses>
				<total>0</total>
				<timestamp>210.395612</timestamp>
			</report>
			<report>
				<misses>32800001</misses>
				<total>0</total>
				<timestamp>211.037948</timestamp>
			</report>
			<report>
				<misses>32900001</misses>
				<total>0</total>
				<timestamp>211.680378</timestamp>
			</report>
			<report>
				<misses>33000001</misses>
				<total>0</total>
				<timestamp>212.322190</timestamp>
			</report>
			<report>
				<misses>33100001</misses>
				<total>0</total>
				<timestamp>212.966792</timestamp>
			</report>
			<report>
				<misses>33200001</misses>
				<total>0</total>
				<timestamp>213.609151</timestamp>
			</report>
			<report>
				<misses>33300001</misses>
				<total>0</total>
				<timestamp>214.251042</timestamp>
			</report>
			<report>
				<misses>33400001</misses>
				<total>0</total>
				<timestamp>214.892590</timestamp>
			</report>
			<report>
				<misses>33500001</misses>
				<total>0</total>
				<timestamp>215.534656</timestamp>
			</report>
			<report>
				<misses>33600001</misses>
				<total>0</total>
				<timestamp>216.176667</timestamp>
			</report>
			<report>
				<misses>33700001</misses>
				<total>0</total>
				<timestamp>216.819174</timestamp>
			</report>
			<report>
				<misses>33800001</misses>
				<total>0</total>
				<timestamp>217.460673</timestamp>
			</report>
			<report>
				<misses>33900001</misses>
				<total>0</total>
				<timestamp>218.103096</timestamp>
			</report>
			<report>
				<misses>34000001</misses>
				<total>0</total>
				<timestamp>218.746165</timestamp>
			</report>
			<report>
				<misses>34100001</misses>
				<total>0</total>
				<timestamp>219.388698</timestamp>
			</report>
			<report>
				<misses>34200001</misses>
				<total>0</total>
				<timestamp>220.031099</timestamp>
			</report>
			<report>
				<misses>34300001</misses>
				<total>0</total>
				<timestamp>220.669683</timestamp>
			</report>
			<report>
				<misses>34400001</misses>
				<total>0</total>
				<timestamp>221.306571</timestamp>
			</report>
			<report>
				<misses>34500001</misses>
				<total>0</total>
				<timestamp>221.942900</timestamp>
			</report>
			<report>
				<misses>34600001</misses>
				<total>0</total>
				<timestamp>222.579084</timestamp>
			</report>
			<report>
				<misses>34700001</misses>
				<total>0</total>
				<timestamp>223.216076</timestamp>
			</report>
			<report>
				<misses>34800001</misses>
				<total>0</total>
				<timestamp>223.854295</timestamp>
			</report>
			<report>
				<misses>34900001</misses>
				<total>0</total>
				<timestamp>224.493058</timestamp>
			</report>
			<report>
				<misses>35000001</misses>
				<total>0</total>
				<timestamp>225.130186</timestamp>
			</report>
			<report>
				<misses>35100001</misses>
				<total>0</total>
				<timestamp>225.766264</timestamp>
			</report>
			<report>
				<misses>35200001</misses>
				<total>0</total>
				<timestamp>226.403263</timestamp>
			</report>
			<report>
				<misses>35300001</misses>
				<total>0</total>
				<timestamp>227.040041</timestamp>
			</report>
			<report>
				<misses>35400001</misses>
				<total>0</total>
				<timestamp>227.674356</timestamp>
			</report>
			<report>
				<misses>35500001</misses>
				<total>0</total>
				<timestamp>228.309146</timestamp>
			</report>
			<report>
				<misses>35600001</misses>
				<total>0</total>
				<timestamp>228.945141</timestamp>
			</report>
			<report>
				<misses>35700001</misses>
				<total>0</total>
				<timestamp>229.580755</timestamp>
			</report>
			<report>
				<misses>35800001</misses>
				<total>0</total>
				<timestamp>230.216429</timestamp>
			</report>
			<report>
				<misses>35900001</misses>
				<total>0</total>
				<timestamp>230.851788</timestamp>
			</report>
			<report>
				<misses>36000001</misses>
				<total>0</total>
				<timestamp>231.487225</timestamp>
			</report>
			<report>
				<misses>36100001</misses>
				<total>0</total>
				<timestamp>232.122170</timestamp>
			</report>
			<report>
				<misses>36200001</misses>
				<total>0</total>
				<timestamp>232.758274</timestamp>
			</report>
			<report>
				<misses>36300001</misses>
				<total>0</total>
				<timestamp>233.393941</timestamp>
			</report>
			<report>
				<misses>36400001</misses>
				<total>0</total>
				<timestamp>234.028993</timestamp>
			</report>
			<report>
				<misses>36500001</misses>
				<total>0</total>
				<timestamp>234.664885</timestamp>
			</report>
			<report>
				<misses>36600001</misses>
				<total>0</total>
				<timestamp>235.300965</timestamp>
			</report>
			<report>
				<misses>36700001</misses>
				<total>0</total>
				<timestamp>235.936060</timestamp>
			</report>
			<report>
				<misses>36800001</misses>
				<total>0</total>
				<timestamp>236.570721</timestamp>
			</report>
			<report>
				<misses>36900001</misses>
				<total>0</total>
				<timestamp>237.207371</timestamp>
			</report>
			<report>
				<misses>37000001</misses>
				<total>0</total>
				<timestamp>237.843030</timestamp>
			</report>
			<report>
				<misses>37100001</misses>
				<total>0</total>
				<timestamp>238.479194</timestamp>
			</report>
			<report>
				<misses>37200001</misses>
				<total>0</total>
				<timestamp>239.115803</timestamp>
			</report>
			<report>
				<misses>37300001</misses>
				<total>0</total>
				<timestamp>239.752059</timestamp>
			</report>
			<report>
				<misses>37400001</misses>
				<total>0</total>
				<timestamp>240.387916</timestamp>
			</report>
			<report>
				<misses>37500001</misses>
				<total>0</total>
				<timestamp>241.023718</timestamp>
			</report>
			<report>
				<misses>37600001</misses>
				<total>0</total>
				<timestamp>241.660053</timestamp>
			</report>
			<report>
				<misses>37700001</misses>
				<total>0</total>
				<timestamp>242.296439</timestamp>
			</report>
			<report>
				<misses>37800001</misses>
				<total>0</total>
				<timestamp>242.934199</timestamp>
			</report>
			<report>
				<misses>37900001</misses>
				<total>0</total>
				<timestamp>243.580131</timestamp>
			</report>
			<report>
				<misses>38000001</misses>
				<total>0</total>
				<timestamp>244.227076</timestamp>
			</report>
			<report>
				<misses>38100001</misses>
				<total>0</total>
				<timestamp>244.874569</timestamp>
			</report>
			<report>
				<misses>38200001</misses>
				<total>0</total>
				<timestamp>245.522901</timestamp>
			</report>
			<report>
				<misses>38300001</misses>
				<total>0</total>
				<timestamp>246.173802</timestamp>
			</report>
			<report>
				<misses>38400001</misses>
				<total>0</total>
				<timestamp>246.824509</timestamp>
			</report>
			<report>
				<misses>38500001</misses>
				<total>0</total>
				<timestamp>247.475262</timestamp>
			</report>
			<report>
				<misses>38600001</misses>
				<total>0</total>
				<timestamp>248.124926</timestamp>
			</report>
			<report>
				<misses>38700001</misses>
				<total>0</total>
				<timestamp>248.775210</timestamp>
			</report>
			<report>
				<misses>38800001</misses>
				<total>0</total>
				<timestamp>249.425892</timestamp>
			</report>
			<report>
				<misses>38900001</misses>
				<total>0</total>
				<timestamp>250.078948</timestamp>
			</report>
			<report>
				<misses>39000001</misses>
				<total>0</total>
				<timestamp>250.732752</timestamp>
			</report>
			<report>
				<misses>39100001</misses>
				<total>0</total>
				<timestamp>251.388336</timestamp>
			</report>
			<report>
				<misses>39200001</misses>
				<total>0</total>
				<timestamp>252.042055</timestamp>
			</report>
			<report>
				<misses>39300001</misses>
				<total>0</total>
				<timestamp>252.695144</timestamp>
			</report>
			<report>
				<misses>39400001</misses>
				<total>0</total>
				<timestamp>253.348626</timestamp>
			</report>
			<report>
				<misses>39500001</misses>
				<total>0</total>
				<timestamp>254.001868</timestamp>
			</report>
			<report>
				<misses>39600001</misses>
				<total>0</total>
				<timestamp>254.655504</timestamp>
			</report>
			<report>
				<misses>39700001</misses>
				<total>0</total>
				<timestamp>255.308630</timestamp>
			</report>
			<report>
				<misses>39800001</misses>
				<total>0</total>
				<timestamp>255.961252</timestamp>
			</report>
			<report>
				<misses>39900001</misses>
				<total>0</total>
				<timestamp>256.613377</timestamp>
			</report>
			<report>
				<misses>40000001</misses>
				<total>0</total>
				<timestamp>257.264962</timestamp>
			</report>
			<report>
				<misses>40100001</misses>
				<total>0</total>
				<timestamp>257.918706</timestamp>
			</report>
			<report>
				<misses>40200001</misses>
				<total>0</total>
				<timestamp>258.573715</timestamp>
			</report>
			<report>
				<misses>40300001</misses>
				<total>0</total>
				<timestamp>259.226583</timestamp>
			</report>
			<report>
				<misses>40400001</misses>
				<total>0</total>
				<timestamp>259.879852</timestamp>
			</report>
			<report>
				<misses>40500001</misses>
				<total>0</total>
				<timestamp>260.532810</timestamp>
			</report>
			<report>
				<misses>40600001</misses>
				<total>0</total>
				<timestamp>261.188198</timestamp>
			</report>
			<report>
				<misses>40700001</misses>
				<total>0</total>
				<timestamp>261.842283</timestamp>
			</report>
			<report>
				<misses>40800001</misses>
				<total>0</total>
				<timestamp>262.494654</timestamp>
			</report>
			<report>
				<misses>40900001</misses>
				<total>0</total>
				<timestamp>263.146676</timestamp>
			</report>
			<report>
				<misses>41000001</misses>
				<total>0</total>
				<timestamp>263.796874</timestamp>
			</report>
			<report>
				<misses>41100001</misses>
				<total>0</total>
				<timestamp>264.448115</timestamp>
			</report>
			<report>
				<misses>41200001</misses>
				<total>0</total>
				<timestamp>265.101542</timestamp>
			</report>
			<report>
				<misses>41300001</misses>
				<total>0</total>
				<timestamp>265.752651</timestamp>
			</report>
			<report>
				<misses>41400001</misses>
				<total>0</total>
				<timestamp>266.403708</timestamp>
			</report>
			<report>
				<misses>41500001</misses>
				<total>0</total>
				<timestamp>267.054317</timestamp>
			</report>
			<report>
				<misses>41600001</misses>
				<total>0</total>
				<timestamp>267.703510</timestamp>
			</report>
			<report>
				<misses>41700001</misses>
				<total>0</total>
				<timestamp>268.354639</timestamp>
			</report>
			<report>
				<misses>41800001</misses>
				<total>0</total>
				<timestamp>269.005834</timestamp>
			</report>
			<report>
				<misses>41900001</misses>
				<total>0</total>
				<timestamp>269.656555</timestamp>
			</report>
			<report>
				<misses>42000001</misses>
				<total>0</total>
				<timestamp>270.307289</timestamp>
			</report>
			<report>
				<misses>42100001</misses>
				<total>0</total>
				<timestamp>270.956809</timestamp>
			</report>
			<report>
				<misses>42200001</misses>
				<total>0</total>
				<timestamp>271.607493</timestamp>
			</report>
			<report>
				<misses>42300001</misses>
				<total>0</total>
				<timestamp>272.258497</timestamp>
			</report>
			<report>
				<misses>42400001</misses>
				<total>0</total>
				<timestamp>272.909191</timestamp>
			</report>
			<report>
				<misses>42500001</misses>
				<total>0</total>
				<timestamp>273.559155</timestamp>
			</report>
			<report>
				<misses>42600001</misses>
				<total>0</total>
				<timestamp>274.209877</timestamp>
			</report>
			<report>
				<misses>42700001</misses>
				<total>0</total>
				<timestamp>274.864163</timestamp>
			</report>
			<report>
				<misses>42800001</misses>
				<total>0</total>
				<timestamp>275.513332</timestamp>
			</report>
			<report>
				<misses>42900001</misses>
				<total>0</total>
				<timestamp>276.163691</timestamp>
			</report>
			<report>
				<misses>43000001</misses>
				<total>0</total>
				<timestamp>276.815080</timestamp>
			</report>
			<report>
				<misses>43100001</misses>
				<total>0</total>
				<timestamp>277.464674</timestamp>
			</report>
			<report>
				<misses>43200001</misses>
				<total>0</total>
				<timestamp>278.115536</timestamp>
			</report>
			<report>
				<misses>43300001</misses>
				<total>0</total>
				<timestamp>278.767119</timestamp>
			</report>
			<report>
				<misses>43400001</misses>
				<total>0</total>
				<timestamp>279.417413</timestamp>
			</report>
			<report>
				<misses>43500001</misses>
				<total>0</total>
				<timestamp>280.067527</timestamp>
			</report>
			<report>
				<misses>43600001</misses>
				<total>0</total>
				<timestamp>280.718171</timestamp>
			</report>
			<report>
				<misses>43700001</misses>
				<total>0</total>
				<timestamp>281.369774</timestamp>
			</report>
			<report>
				<misses>43800001</misses>
				<total>0</total>
				<timestamp>282.019358</timestamp>
			</report>
			<report>
				<misses>43900001</misses>
				<total>0</total>
				<timestamp>282.665414</timestamp>
			</report>
			<report>
				<misses>44000001</misses>
				<total>0</total>
				<timestamp>283.310830</timestamp>
			</report>
			<report>
				<misses>44100001</misses>
				<total>0</total>
				<timestamp>283.956951</timestamp>
			</report>
			<report>
				<misses>44200001</misses>
				<total>0</total>
				<timestamp>284.603165</timestamp>
			</report>
			<report>
				<misses>44300001</misses>
				<total>0</total>
				<timestamp>285.247791</timestamp>
			</report>
			<report>
				<misses>44400001</misses>
				<total>0</total>
				<timestamp>285.893634</timestamp>
			</report>
			<report>
				<misses>44500001</misses>
				<total>0</total>
				<timestamp>286.539278</timestamp>
			</report>
			<report>
				<misses>44600001</misses>
				<total>0</total>
				<timestamp>287.184134</timestamp>
			</report>
			<report>
				<misses>44700001</misses>
				<total>0</total>
				<timestamp>287.829571</timestamp>
			</report>
			<report>
				<misses>44800001</misses>
				<total>0</total>
				<timestamp>288.476410</timestamp>
			</report>
			<report>
				<misses>44900001</misses>
				<total>0</total>
				<timestamp>289.123166</timestamp>
			</report>
			<report>
				<misses>45000001</misses>
				<total>0</total>
				<timestamp>289.768323</timestamp>
			</report>
			<report>
				<misses>45100001</misses>
				<total>0</total>
				<timestamp>290.413356</timestamp>
			</report>
			<report>
				<misses>45200001</misses>
				<total>0</total>
				<timestamp>291.058744</timestamp>
			</report>
			<report>
				<misses>45300001</misses>
				<total>0</total>
				<timestamp>291.704669</timestamp>
			</report>
			<report>
				<misses>45400001</misses>
				<total>0</total>
				<timestamp>292.350406</timestamp>
			</report>
			<report>
				<misses>45500001</misses>
				<total>0</total>
				<timestamp>292.996155</timestamp>
			</report>
			<report>
				<misses>45600001</misses>
				<total>0</total>
				<timestamp>293.645632</timestamp>
			</report>
			<report>
				<misses>45700001</misses>
				<total>0</total>
				<timestamp>294.292395</timestamp>
			</report>
			<report>
				<misses>45800001</misses>
				<total>0</total>
				<timestamp>294.938358</timestamp>
			</report>
			<report>
				<misses>45900001</misses>
				<total>0</total>
				<timestamp>295.585384</timestamp>
			</report>
			<report>
				<misses>46000001</misses>
				<total>0</total>
				<timestamp>296.233909</timestamp>
			</report>
			<report>
				<misses>46100001</misses>
				<total>0</total>
				<timestamp>296.882305</timestamp>
			</report>
			<report>
				<misses>46200001</misses>
				<total>0</total>
				<timestamp>297.531362</timestamp>
			</report>
			<report>
				<misses>46300001</misses>
				<total>0</total>
				<timestamp>298.179007</timestamp>
			</report>
			<report>
				<misses>46400001</misses>
				<total>0</total>
				<timestamp>298.826576</timestamp>
			</report>
			<report>
				<misses>46500001</misses>
				<total>0</total>
				<timestamp>299.474506</timestamp>
			</report>
			<report>
				<misses>46600001</misses>
				<total>0</total>
				<timestamp>300.124210</timestamp>
			</report>
			<report>
				<misses>46700001</misses>
				<total>0</total>
				<timestamp>300.771440</timestamp>
			</report>
			<report>
				<misses>46800001</misses>
				<total>0</total>
				<timestamp>301.418654</timestamp>
			</report>
			<report>
				<misses>46900001</misses>
				<total>0</total>
				<timestamp>302.066457</timestamp>
			</report>
			<report>
				<misses>47000001</misses>
				<total>0</total>
				<timestamp>302.713860</timestamp>
			</report>
			<report>
				<misses>47100001</misses>
				<total>0</total>
				<timestamp>303.362748</timestamp>
			</report>
			<report>
				<misses>47200001</misses>
				<total>0</total>
				<timestamp>304.011867</timestamp>
			</report>
			<report>
				<misses>47300001</misses>
				<total>0</total>
				<timestamp>304.661527</timestamp>
			</report>
			<report>
				<misses>47400001</misses>
				<total>0</total>
				<timestamp>305.311527</timestamp>
			</report>
			<report>
				<misses>47500001</misses>
				<total>0</total>
				<timestamp>305.962189</timestamp>
			</report>
			<report>
				<misses>47600001</misses>
				<total>0</total>
				<timestamp>306.614169</timestamp>
			</report>
			<report>
				<misses>47700001</misses>
				<total>0</total>
				<timestamp>307.264264</timestamp>
			</report>
			<report>
				<misses>47800001</misses>
				<total>0</total>
				<timestamp>307.914236</timestamp>
			</report>
			<report>
				<misses>47900001</misses>
				<total>0</total>
				<timestamp>308.564291</timestamp>
			</report>
			<report>
				<misses>48000001</misses>
				<total>0</total>
				<timestamp>309.214115</timestamp>
			</report>
			<report>
				<misses>48100001</misses>
				<total>0</total>
				<timestamp>309.866184</timestamp>
			</report>
			<report>
				<misses>48200001</misses>
				<total>0</total>
				<timestamp>310.517732</timestamp>
			</report>
			<report>
				<misses>48300001</misses>
				<total>0</total>
				<timestamp>311.171526</timestamp>
			</report>
			<report>
				<misses>48400001</misses>
				<total>0</total>
				<timestamp>311.821288</timestamp>
			</report>
			<report>
				<misses>48500001</misses>
				<total>0</total>
				<timestamp>312.470771</timestamp>
			</report>
			<report>
				<misses>48600001</misses>
				<total>0</total>
				<timestamp>313.123016</timestamp>
			</report>
			<report>
				<misses>48700001</misses>
				<total>0</total>
				<timestamp>313.775478</timestamp>
			</report>
			<report>
				<misses>48800001</misses>
				<total>0</total>
				<timestamp>314.430332</timestamp>
			</report>
			<report>
				<misses>48900001</misses>
				<total>0</total>
				<timestamp>315.082989</timestamp>
			</report>
			<report>
				<misses>49000001</misses>
				<total>0</total>
				<timestamp>315.739599</timestamp>
			</report>
			<report>
				<misses>49100001</misses>
				<total>0</total>
				<timestamp>316.391590</timestamp>
			</report>
			<report>
				<misses>49200001</misses>
				<total>0</total>
				<timestamp>317.048129</timestamp>
			</report>
			<report>
				<misses>49300001</misses>
				<total>0</total>
				<timestamp>317.694799</timestamp>
			</report>
			<report>
				<misses>49400001</misses>
				<total>0</total>
				<timestamp>318.336051</timestamp>
			</report>
			<report>
				<misses>49500001</misses>
				<total>0</total>
				<timestamp>318.977363</timestamp>
			</report>
			<report>
				<misses>49600001</misses>
				<total>0</total>
				<timestamp>319.617326</timestamp>
			</report>
			<report>
				<misses>49700001</misses>
				<total>0</total>
				<timestamp>320.256580</timestamp>
			</report>
			<report>
				<misses>49800001</misses>
				<total>0</total>
				<timestamp>320.896597</timestamp>
			</report>
			<report>
				<misses>49900001</misses>
				<total>0</total>
				<timestamp>321.537187</timestamp>
			</report>
			<report>
				<misses>50000001</misses>
				<total>0</total>
				<timestamp>322.177179</timestamp>
			</report>
			<report>
				<misses>50100001</misses>
				<total>0</total>
				<timestamp>322.816320</timestamp>
			</report>
			<report>
				<misses>50200001</misses>
				<total>0</total>
				<timestamp>323.456777</timestamp>
			</report>
			<report>
				<misses>50300001</misses>
				<total>0</total>
				<timestamp>324.097261</timestamp>
			</report>
			<report>
				<misses>50400001</misses>
				<total>0</total>
				<timestamp>324.739125</timestamp>
			</report>
			<report>
				<misses>50500001</misses>
				<total>0</total>
				<timestamp>325.381291</timestamp>
			</report>
			<report>
				<misses>50600001</misses>
				<total>0</total>
				<timestamp>326.021823</timestamp>
			</report>
			<report>
				<misses>50700001</misses>
				<total>0</total>
				<timestamp>326.665121</timestamp>
			</report>
			<report>
				<misses>50800001</misses>
				<total>0</total>
				<timestamp>327.306570</timestamp>
			</report>
			<report>
				<misses>50900001</misses>
				<total>0</total>
				<timestamp>327.947967</timestamp>
			</report>
			<report>
				<misses>51000001</misses>
				<total>0</total>
				<timestamp>328.589978</timestamp>
			</report>
			<report>
				<misses>51100001</misses>
				<total>0</total>
				<timestamp>329.231221</timestamp>
			</report>
			<report>
				<misses>51200001</misses>
				<total>0</total>
				<timestamp>329.872779</timestamp>
			</report>
			<report>
				<misses>51300001</misses>
				<total>0</total>
				<timestamp>330.513723</timestamp>
			</report>
			<report>
				<misses>51400001</misses>
				<total>0</total>
				<timestamp>331.153533</timestamp>
			</report>
			<report>
				<misses>51500001</misses>
				<total>0</total>
				<timestamp>331.793537</timestamp>
			</report>
			<report>
				<misses>51600001</misses>
				<total>0</total>
				<timestamp>332.433056</timestamp>
			</report>
			<report>
				<misses>51700001</misses>
				<total>0</total>
				<timestamp>333.073376</timestamp>
			</report>
			<report>
				<misses>51800001</misses>
				<total>0</total>
				<timestamp>333.713810</timestamp>
			</report>
			<report>
				<misses>51900001</misses>
				<total>0</total>
				<timestamp>334.353453</timestamp>
			</report>
			<report>
				<misses>52000001</misses>
				<total>0</total>
				<timestamp>334.993969</timestamp>
			</report>
			<report>
				<misses>52100001</misses>
				<total>0</total>
				<timestamp>335.635699</timestamp>
			</report>
			<report>
				<misses>52200001</misses>
				<total>0</total>
				<timestamp>336.276216</timestamp>
			</report>
			<report>
				<misses>52300001</misses>
				<total>0</total>
				<timestamp>336.916844</timestamp>
			</report>
			<report>
				<misses>52400001</misses>
				<total>0</total>
				<timestamp>337.557230</timestamp>
			</report>
			<report>
				<misses>52500001</misses>
				<total>0</total>
				<timestamp>338.198290</timestamp>
			</report>
			<report>
				<misses>52600001</misses>
				<total>0</total>
				<timestamp>338.839517</timestamp>
			</report>
			<report>
				<misses>52700001</misses>
				<total>0</total>
				<timestamp>339.480392</timestamp>
			</report>
			<report>
				<misses>52800001</misses>
				<total>0</total>
				<timestamp>340.122085</timestamp>
			</report>
			<report>
				<misses>52900001</misses>
				<total>0</total>
				<timestamp>340.762588</timestamp>
			</report>
			<report>
				<misses>53000001</misses>
				<total>0</total>
				<timestamp>341.403609</timestamp>
			</report>
			<report>
				<misses>53100001</misses>
				<total>0</total>
				<timestamp>342.044373</timestamp>
			</report>
			<report>
				<misses>53200001</misses>
				<total>0</total>
				<timestamp>342.685168</timestamp>
			</report>
			<report>
				<misses>53300001</misses>
				<total>0</total>
				<timestamp>343.326479</timestamp>
			</report>
			<report>
				<misses>53400001</misses>
				<total>0</total>
				<timestamp>343.966964</timestamp>
			</report>
			<report>
				<misses>53500001</misses>
				<total>0</total>
				<timestamp>344.608581</timestamp>
			</report>
			<report>
				<misses>53600001</misses>
				<total>0</total>
				<timestamp>345.249035</timestamp>
			</report>
			<report>
				<misses>53700001</misses>
				<total>0</total>
				<timestamp>345.890465</timestamp>
			</report>
			<report>
				<misses>53800001</misses>
				<total>0</total>
				<timestamp>346.532428</timestamp>
			</report>
			<report>
				<misses>53900001</misses>
				<total>0</total>
				<timestamp>347.173635</timestamp>
			</report>
			<report>
				<misses>54000001</misses>
				<total>0</total>
				<timestamp>347.814829</timestamp>
			</report>
			<report>
				<misses>54100001</misses>
				<total>0</total>
				<timestamp>348.456343</timestamp>
			</report>
			<report>
				<misses>54200001</misses>
				<total>0</total>
				<timestamp>349.099502</timestamp>
			</report>
			<report>
				<misses>54300001</misses>
				<total>0</total>
				<timestamp>349.740785</timestamp>
			</report>
			<report>
				<misses>54400001</misses>
				<total>0</total>
				<timestamp>350.381113</timestamp>
			</report>
			<report>
				<misses>54500001</misses>
				<total>0</total>
				<timestamp>351.019633</timestamp>
			</report>
			<report>
				<misses>54600001</misses>
				<total>0</total>
				<timestamp>351.659119</timestamp>
			</report>
			<report>
				<misses>54700001</misses>
				<total>0</total>
				<timestamp>352.297951</timestamp>
			</report>
			<report>
				<misses>54800001</misses>
				<total>0</total>
				<timestamp>352.937132</timestamp>
			</report>
			<report>
				<misses>54900001</misses>
				<total>0</total>
				<timestamp>353.576072</timestamp>
			</report>
			<report>
				<misses>55000001</misses>
				<total>0</total>
				<timestamp>354.214693</timestamp>
			</report>
			<report>
				<misses>55100001</misses>
				<total>0</total>
				<timestamp>354.853800</timestamp>
			</report>
			<report>
				<misses>55200001</misses>
				<total>0</total>
				<timestamp>355.492211</timestamp>
			</report>
			<report>
				<misses>55300001</misses>
				<total>0</total>
				<timestamp>356.131672</timestamp>
			</report>
			<report>
				<misses>55400001</misses>
				<total>0</total>
				<timestamp>356.771114</timestamp>
			</report>
			<report>
				<misses>55500001</misses>
				<total>0</total>
				<timestamp>357.410288</timestamp>
			</report>
			<report>
				<misses>55600001</misses>
				<total>0</total>
				<timestamp>358.050083</timestamp>
			</report>
			<report>
				<misses>55700001</misses>
				<total>0</total>
				<timestamp>358.688969</timestamp>
			</report>
			<report>
				<misses>55800001</misses>
				<total>0</total>
				<timestamp>359.327095</timestamp>
			</report>
			<report>
				<misses>55900001</misses>
				<total>0</total>
				<timestamp>359.966067</timestamp>
			</report>
			<report>
				<misses>56000001</misses>
				<total>0</total>
				<timestamp>360.605147</timestamp>
			</report>
			<report>
				<misses>56100001</misses>
				<total>0</total>
				<timestamp>361.243916</timestamp>
			</report>
			<report>
				<misses>56200001</misses>
				<total>0</total>
				<timestamp>361.884105</timestamp>
			</report>
			<report>
				<misses>56300001</misses>
				<total>0</total>
				<timestamp>362.523976</timestamp>
			</report>
			<report>
				<misses>56400001</misses>
				<total>0</total>
				<timestamp>363.163865</timestamp>
			</report>
			<report>
				<misses>56500001</misses>
				<total>0</total>
				<timestamp>363.804386</timestamp>
			</report>
			<report>
				<misses>56600001</misses>
				<total>0</total>
				<timestamp>364.443246</timestamp>
			</report>
			<report>
				<misses>56700001</misses>
				<total>0</total>
				<timestamp>365.081803</timestamp>
			</report>
			<report>
				<misses>56800001</misses>
				<total>0</total>
				<timestamp>365.721460</timestamp>
			</report>
			<report>
				<misses>56900001</misses>
				<total>0</total>
				<timestamp>366.369730</timestamp>
			</report>
			<report>
				<misses>57000001</misses>
				<total>0</total>
				<timestamp>367.023418</timestamp>
			</report>
			<report>
				<misses>57100001</misses>
				<total>0</total>
				<timestamp>367.674421</timestamp>
			</report>
			<report>
				<misses>57200001</misses>
				<total>0</total>
				<timestamp>368.324721</timestamp>
			</report>
			<report>
				<misses>57300001</misses>
				<total>0</total>
				<timestamp>368.977053</timestamp>
			</report>
			<report>
				<misses>57400001</misses>
				<total>0</total>
				<timestamp>369.628262</timestamp>
			</report>
			<report>
				<misses>57500001</misses>
				<total>0</total>
				<timestamp>370.280523</timestamp>
			</report>
			<report>
				<misses>57600001</misses>
				<total>0</total>
				<timestamp>370.931092</timestamp>
			</report>
			<report>
				<misses>57700001</misses>
				<total>0</total>
				<timestamp>371.580349</timestamp>
			</report>
			<report>
				<misses>57800001</misses>
				<total>0</total>
				<timestamp>372.231827</timestamp>
			</report>
			<report>
				<misses>57900001</misses>
				<total>0</total>
				<timestamp>372.884729</timestamp>
			</report>
			<report>
				<misses>58000001</misses>
				<total>0</total>
				<timestamp>373.535488</timestamp>
			</report>
			<report>
				<misses>58100001</misses>
				<total>0</total>
				<timestamp>374.187041</timestamp>
			</report>
			<report>
				<misses>58200001</misses>
				<total>0</total>
				<timestamp>374.838559</timestamp>
			</report>
			<report>
				<misses>58300001</misses>
				<total>0</total>
				<timestamp>375.491291</timestamp>
			</report>
			<report>
				<misses>58400001</misses>
				<total>0</total>
				<timestamp>376.144173</timestamp>
			</report>
			<report>
				<misses>58500001</misses>
				<total>0</total>
				<timestamp>376.796190</timestamp>
			</report>
			<report>
				<misses>58600001</misses>
				<total>0</total>
				<timestamp>377.449382</timestamp>
			</report>
			<report>
				<misses>58700001</misses>
				<total>0</total>
				<timestamp>378.101385</timestamp>
			</report>
			<report>
				<misses>58800001</misses>
				<total>0</total>
				<timestamp>378.754260</timestamp>
			</report>
			<report>
				<misses>58900001</misses>
				<total>0</total>
				<timestamp>379.405842</timestamp>
			</report>
			<report>
				<misses>59000001</misses>
				<total>0</total>
				<timestamp>380.060758</timestamp>
			</report>
			<report>
				<misses>59100001</misses>
				<total>0</total>
				<timestamp>380.716101</timestamp>
			</report>
			<report>
				<misses>59200001</misses>
				<total>0</total>
				<timestamp>381.370620</timestamp>
			</report>
			<report>
				<misses>59300001</misses>
				<total>0</total>
				<timestamp>382.025199</timestamp>
			</report>
			<report>
				<misses>59400001</misses>
				<total>0</total>
				<timestamp>382.678679</timestamp>
			</report>
			<report>
				<misses>59500001</misses>
				<total>0</total>
				<timestamp>383.332882</timestamp>
			</report>
			<report>
				<misses>59600001</misses>
				<total>0</total>
				<timestamp>383.987256</timestamp>
			</report>
			<report>
				<misses>59700001</misses>
				<total>0</total>
				<timestamp>384.640508</timestamp>
			</report>
			<report>
				<misses>59800001</misses>
				<total>0</total>
				<timestamp>385.295880</timestamp>
			</report>
			<report>
				<misses>59900001</misses>
				<total>0</total>
				<timestamp>385.950723</timestamp>
			</report>
			<report>
				<misses>60000001</misses>
				<total>0</total>
				<timestamp>386.603474</timestamp>
			</report>
			<report>
				<misses>60100001</misses>
				<total>0</total>
				<timestamp>387.255809</timestamp>
			</report>
			<report>
				<misses>60200001</misses>
				<total>0</total>
				<timestamp>387.908723</timestamp>
			</report>
			<report>
				<misses>60300001</misses>
				<total>0</total>
				<timestamp>388.561474</timestamp>
			</report>
			<report>
				<misses>60400001</misses>
				<total>0</total>
				<timestamp>389.214029</timestamp>
			</report>
			<report>
				<misses>60500001</misses>
				<total>0</total>
				<timestamp>389.867126</timestamp>
			</report>
			<report>
				<misses>60600001</misses>
				<total>0</total>
				<timestamp>390.520720</timestamp>
			</report>
			<report>
				<misses>60700001</misses>
				<total>0</total>
				<timestamp>391.174911</timestamp>
			</report>
			<report>
				<misses>60800001</misses>
				<total>0</total>
				<timestamp>391.829272</timestamp>
			</report>
			<report>
				<misses>60900001</misses>
				<total>0</total>
				<timestamp>392.484527</timestamp>
			</report>
			<report>
				<misses>61000001</misses>
				<total>0</total>
				<timestamp>393.138823</timestamp>
			</report>
			<report>
				<misses>61100001</misses>
				<total>0</total>
				<timestamp>393.794624</timestamp>
			</report>
			<report>
				<misses>61200001</misses>
				<total>0</total>
				<timestamp>394.448450</timestamp>
			</report>
			<report>
				<misses>61300001</misses>
				<total>0</total>
				<timestamp>395.103420</timestamp>
			</report>
			<report>
				<misses>61400001</misses>
				<total>0</total>
				<timestamp>395.758140</timestamp>
			</report>
			<report>
				<misses>61500001</misses>
				<total>0</total>
				<timestamp>396.411636</timestamp>
			</report>
			<report>
				<misses>61600001</misses>
				<total>0</total>
				<timestamp>397.065240</timestamp>
			</report>
			<report>
				<misses>61700001</misses>
				<total>0</total>
				<timestamp>397.718370</timestamp>
			</report>
			<report>
				<misses>61800001</misses>
				<total>0</total>
				<timestamp>398.369466</timestamp>
			</report>
			<report>
				<misses>61900001</misses>
				<total>0</total>
				<timestamp>399.021878</timestamp>
			</report>
			<report>
				<misses>62000001</misses>
				<total>0</total>
				<timestamp>399.674135</timestamp>
			</report>
			<report>
				<misses>62100001</misses>
				<total>0</total>
				<timestamp>400.326645</timestamp>
			</report>
			<report>
				<misses>62200001</misses>
				<total>0</total>
				<timestamp>400.981454</timestamp>
			</report>
			<report>
				<misses>62300001</misses>
				<total>0</total>
				<timestamp>401.635818</timestamp>
			</report>
			<report>
				<misses>62400001</misses>
				<total>0</total>
				<timestamp>402.288633</timestamp>
			</report>
			<report>
				<misses>62500001</misses>
				<total>0</total>
				<timestamp>402.943201</timestamp>
			</report>
			<report>
				<misses>62600001</misses>
				<total>0</total>
				<timestamp>403.597504</timestamp>
			</report>
			<report>
				<misses>62700001</misses>
				<total>0</total>
				<timestamp>404.252614</timestamp>
			</report>
			<report>
				<misses>62800001</misses>
				<total>0</total>
				<timestamp>404.908340</timestamp>
			</report>
			<report>
				<misses>62900001</misses>
				<total>0</total>
				<timestamp>405.564323</timestamp>
			</report>
			<report>
				<misses>63000001</misses>
				<total>0</total>
				<timestamp>406.219446</timestamp>
			</report>
			<report>
				<misses>63100001</misses>
				<total>0</total>
				<timestamp>406.874660</timestamp>
			</report>
			<report>
				<misses>63200001</misses>
				<total>0</total>
				<timestamp>407.530468</timestamp>
			</report>
			<report>
				<misses>63300001</misses>
				<total>0</total>
				<timestamp>408.186382</timestamp>
			</report>
			<report>
				<misses>63400001</misses>
				<total>0</total>
				<timestamp>408.841456</timestamp>
			</report>
			<report>
				<misses>63500001</misses>
				<total>0</total>
				<timestamp>409.494112</timestamp>
			</report>
			<report>
				<misses>63600001</misses>
				<total>0</total>
				<timestamp>410.143826</timestamp>
			</report>
			<report>
				<misses>63700001</misses>
				<total>0</total>
				<timestamp>410.793484</timestamp>
			</report>
			<report>
				<misses>63800001</misses>
				<total>0</total>
				<timestamp>411.442837</timestamp>
			</report>
			<report>
				<misses>63900001</misses>
				<total>0</total>
				<timestamp>412.095709</timestamp>
			</report>
			<report>
				<misses>64000001</misses>
				<total>0</total>
				<timestamp>412.746545</timestamp>
			</report>
			<report>
				<misses>64100001</misses>
				<total>0</total>
				<timestamp>413.402525</timestamp>
			</report>
			<report>
				<misses>64200001</misses>
				<total>0</total>
				<timestamp>414.052475</timestamp>
			</report>
			<report>
				<misses>64300001</misses>
				<total>0</total>
				<timestamp>414.703134</timestamp>
			</report>
			<report>
				<misses>64400001</misses>
				<total>0</total>
				<timestamp>415.353420</timestamp>
			</report>
			<report>
				<misses>64500001</misses>
				<total>0</total>
				<timestamp>416.002768</timestamp>
			</report>
			<report>
				<misses>64600001</misses>
				<total>0</total>
				<timestamp>416.652449</timestamp>
			</report>
			<report>
				<misses>64700001</misses>
				<total>0</total>
				<timestamp>417.301572</timestamp>
			</report>
			<report>
				<misses>64800001</misses>
				<total>0</total>
				<timestamp>417.950648</timestamp>
			</report>
			<report>
				<misses>64900001</misses>
				<total>0</total>
				<timestamp>418.599379</timestamp>
			</report>
			<report>
				<misses>65000001</misses>
				<total>0</total>
				<timestamp>419.248480</timestamp>
			</report>
			<report>
				<misses>65100001</misses>
				<total>0</total>
				<timestamp>419.899198</timestamp>
			</report>
			<report>
				<misses>65200001</misses>
				<total>0</total>
				<timestamp>420.547574</timestamp>
			</report>
			<report>
				<misses>65300001</misses>
				<total>0</total>
				<timestamp>421.194955</timestamp>
			</report>
			<report>
				<misses>65400001</misses>
				<total>0</total>
				<timestamp>421.836038</timestamp>
			</report>
			<report>
				<misses>65500001</misses>
				<total>0</total>
				<timestamp>422.476207</timestamp>
			</report>
			<report>
				<misses>65600001</misses>
				<total>0</total>
				<timestamp>423.116059</timestamp>
			</report>
			<report>
				<misses>65700001</misses>
				<total>0</total>
				<timestamp>423.756347</timestamp>
			</report>
			<report>
				<misses>65800001</misses>
				<total>0</total>
				<timestamp>424.395843</timestamp>
			</report>
			<report>
				<misses>65900001</misses>
				<total>0</total>
				<timestamp>425.035386</timestamp>
			</report>
			<report>
				<misses>66000001</misses>
				<total>0</total>
				<timestamp>425.676074</timestamp>
			</report>
			<report>
				<misses>66100001</misses>
				<total>0</total>
				<timestamp>426.316324</timestamp>
			</report>
			<report>
				<misses>66200001</misses>
				<total>0</total>
				<timestamp>426.956489</timestamp>
			</report>
			<report>
				<misses>66300001</misses>
				<total>0</total>
				<timestamp>427.597853</timestamp>
			</report>
			<report>
				<misses>66400001</misses>
				<total>0</total>
				<timestamp>428.237501</timestamp>
			</report>
			<report>
				<misses>66500001</misses>
				<total>0</total>
				<timestamp>428.877058</timestamp>
			</report>
			<report>
				<misses>66600001</misses>
				<total>0</total>
				<timestamp>429.516805</timestamp>
			</report>
			<report>
				<misses>66700001</misses>
				<total>0</total>
				<timestamp>430.156290</timestamp>
			</report>
			<report>
				<misses>66800001</misses>
				<total>0</total>
				<timestamp>430.796974</timestamp>
			</report>
			<report>
				<misses>66900001</misses>
				<total>0</total>
				<timestamp>431.437037</timestamp>
			</report>
			<report>
				<misses>67000001</misses>
				<total>0</total>
				<timestamp>432.077018</timestamp>
			</report>
			<report>
				<misses>67100001</misses>
				<total>0</total>
				<timestamp>432.717134</timestamp>
			</report>
			<report>
				<misses>67200001</misses>
				<total>0</total>
				<timestamp>433.356964</timestamp>
			</report>
			<report>
				<misses>67300001</misses>
				<total>0</total>
				<timestamp>433.997757</timestamp>
			</report>
			<report>
				<misses>67400001</misses>
				<total>0</total>
				<timestamp>434.638291</timestamp>
			</report>
			<report>
				<misses>67500001</misses>
				<total>0</total>
				<timestamp>435.279228</timestamp>
			</report>
			<report>
				<misses>67600001</misses>
				<total>0</total>
				<timestamp>435.920109</timestamp>
			</report>
			<report>
				<misses>67700001</misses>
				<total>0</total>
				<timestamp>436.560374</timestamp>
			</report>
			<report>
				<misses>67800001</misses>
				<total>0</total>
				<timestamp>437.201062</timestamp>
			</report>
			<report>
				<misses>67900001</misses>
				<total>0</total>
				<timestamp>437.841245</timestamp>
			</report>
			<report>
				<misses>68000001</misses>
				<total>0</total>
				<timestamp>438.481791</timestamp>
			</report>
			<report>
				<misses>68100001</misses>
				<total>0</total>
				<timestamp>439.121959</timestamp>
			</report>
			<report>
				<misses>68200001</misses>
				<total>0</total>
				<timestamp>439.762769</timestamp>
			</report>
			<report>
				<misses>68300001</misses>
				<total>0</total>
				<timestamp>440.403406</timestamp>
			</report>
			<report>
				<misses>68400001</misses>
				<total>0</total>
				<timestamp>441.044332</timestamp>
			</report>
			<report>
				<misses>68500001</misses>
				<total>0</total>
				<timestamp>441.684637</timestamp>
			</report>
			<report>
				<misses>68600001</misses>
				<total>0</total>
				<timestamp>442.325030</timestamp>
			</report>
			<report>
				<misses>68700001</misses>
				<total>0</total>
				<timestamp>442.965503</timestamp>
			</report>
			<report>
				<misses>68800001</misses>
				<total>0</total>
				<timestamp>443.606009</timestamp>
			</report>
			<report>
				<misses>68900001</misses>
				<total>0</total>
				<timestamp>444.247410</timestamp>
			</report>
			<report>
				<misses>69000001</misses>
				<total>0</total>
				<timestamp>444.888222</timestamp>
			</report>
			<report>
				<misses>69100001</misses>
				<total>0</total>
				<timestamp>445.528906</timestamp>
			</report>
			<report>
				<misses>69200001</misses>
				<total>0</total>
				<timestamp>446.170033</timestamp>
			</report>
			<report>
				<misses>69300001</misses>
				<total>0</total>
				<timestamp>446.811215</timestamp>
			</report>
			<report>
				<misses>69400001</misses>
				<total>0</total>
				<timestamp>447.452023</timestamp>
			</report>
			<report>
				<misses>69500001</misses>
				<total>0</total>
				<timestamp>448.094136</timestamp>
			</report>
			<report>
				<misses>69600001</misses>
				<total>0</total>
				<timestamp>448.736373</timestamp>
			</report>
			<report>
				<misses>69700001</misses>
				<total>0</total>
				<timestamp>449.376615</timestamp>
			</report>
			<report>
				<misses>69800001</misses>
				<total>0</total>
				<timestamp>450.017784</timestamp>
			</report>
			<report>
				<misses>69900001</misses>
				<total>0</total>
				<timestamp>450.659164</timestamp>
			</report>
			<report>
				<misses>70000001</misses>
				<total>0</total>
				<timestamp>451.299735</timestamp>
			</report>
			<report>
				<misses>70100001</misses>
				<total>0</total>
				<timestamp>451.940402</timestamp>
			</report>
			<report>
				<misses>70200001</misses>
				<total>0</total>
				<timestamp>452.578140</timestamp>
			</report>
			<report>
				<misses>70300001</misses>
				<total>0</total>
				<timestamp>453.215536</timestamp>
			</report>
			<report>
				<misses>70400001</misses>
				<total>0</total>
				<timestamp>453.852882</timestamp>
			</report>
			<report>
				<misses>70500001</misses>
				<total>0</total>
				<timestamp>454.490137</timestamp>
			</report>
			<report>
				<misses>70600001</misses>
				<total>0</total>
				<timestamp>455.127788</timestamp>
			</report>
			<report>
				<misses>70700001</misses>
				<total>0</total>
				<timestamp>455.764910</timestamp>
			</report>
			<report>
				<misses>70800001</misses>
				<total>0</total>
				<timestamp>456.402307</timestamp>
			</report>
			<report>
				<misses>70900001</misses>
				<total>0</total>
				<timestamp>457.039748</timestamp>
			</report>
			<report>
				<misses>71000001</misses>
				<total>0</total>
				<timestamp>457.676797</timestamp>
			</report>
			<report>
				<misses>71100001</misses>
				<total>0</total>
				<timestamp>458.314218</timestamp>
			</report>
			<report>
				<misses>71200001</misses>
				<total>0</total>
				<timestamp>458.951290</timestamp>
			</report>
			<report>
				<misses>71300001</misses>
				<total>0</total>
				<timestamp>459.590151</timestamp>
			</report>
			<report>
				<misses>71400001</misses>
				<total>0</total>
				<timestamp>460.229178</timestamp>
			</report>
			<report>
				<misses>71500001</misses>
				<total>0</total>
				<timestamp>460.867746</timestamp>
			</report>
			<report>
				<misses>71600001</misses>
				<total>0</total>
				<timestamp>461.505143</timestamp>
			</report>
			<report>
				<misses>71700001</misses>
				<total>0</total>
				<timestamp>462.143480</timestamp>
			</report>
			<report>
				<misses>71800001</misses>
				<total>0</total>
				<timestamp>462.783368</timestamp>
			</report>
			<report>
				<misses>71900001</misses>
				<total>0</total>
				<timestamp>463.421294</timestamp>
			</report>
			<report>
				<misses>72000001</misses>
				<total>0</total>
				<timestamp>464.059606</timestamp>
			</report>
			<report>
				<misses>72100001</misses>
				<total>0</total>
				<timestamp>464.697085</timestamp>
			</report>
			<report>
				<misses>72200001</misses>
				<total>0</total>
				<timestamp>465.332821</timestamp>
			</report>
			<report>
				<misses>72300001</misses>
				<total>0</total>
				<timestamp>465.967986</timestamp>
			</report>
			<report>
				<misses>72400001</misses>
				<total>0</total>
				<timestamp>466.603404</timestamp>
			</report>
			<report>
				<misses>72500001</misses>
				<total>0</total>
				<timestamp>467.238957</timestamp>
			</report>
			<report>
				<misses>72600001</misses>
				<total>0</total>
				<timestamp>467.873880</timestamp>
			</report>
			<report>
				<misses>72700001</misses>
				<total>0</total>
				<timestamp>468.508703</timestamp>
			</report>
			<report>
				<misses>72800001</misses>
				<total>0</total>
				<timestamp>469.143970</timestamp>
			</report>
			<report>
				<misses>72900001</misses>
				<total>0</total>
				<timestamp>469.779928</timestamp>
			</report>
			<report>
				<misses>73000001</misses>
				<total>0</total>
				<timestamp>470.415358</timestamp>
			</report>
			<report>
				<misses>73100001</misses>
				<total>0</total>
				<timestamp>471.051283</timestamp>
			</report>
			<report>
				<misses>73200001</misses>
				<total>0</total>
				<timestamp>471.687027</timestamp>
			</report>
			<report>
				<misses>73300001</misses>
				<total>0</total>
				<timestamp>472.323099</timestamp>
			</report>
			<report>
				<misses>73400001</misses>
				<total>0</total>
				<timestamp>472.957628</timestamp>
			</report>
			<report>
				<misses>73500001</misses>
				<total>0</total>
				<timestamp>473.592880</timestamp>
			</report>
			<report>
				<misses>73600001</misses>
				<total>0</total>
				<timestamp>474.227906</timestamp>
			</report>
			<report>
				<misses>73700001</misses>
				<total>0</total>
				<timestamp>474.863668</timestamp>
			</report>
			<report>
				<misses>73800001</misses>
				<total>0</total>
				<timestamp>475.498496</timestamp>
			</report>
			<report>
				<misses>73900001</misses>
				<total>0</total>
				<timestamp>476.134607</timestamp>
			</report>
			<report>
				<misses>74000001</misses>
				<total>0</total>
				<timestamp>476.773313</timestamp>
			</report>
			<report>
				<misses>74100001</misses>
				<total>0</total>
				<timestamp>477.409282</timestamp>
			</report>
			<report>
				<misses>74200001</misses>
				<total>0</total>
				<timestamp>478.045234</timestamp>
			</report>
			<report>
				<misses>74300001</misses>
				<total>0</total>
				<timestamp>478.681425</timestamp>
			</report>
			<report>
				<misses>74400001</misses>
				<total>0</total>
				<timestamp>479.317620</timestamp>
			</report>
			<report>
				<misses>74500001</misses>
				<total>0</total>
				<timestamp>479.954005</timestamp>
			</report>
			<report>
				<misses>74600001</misses>
				<total>0</total>
				<timestamp>480.590009</timestamp>
			</report>
			<report>
				<misses>74700001</misses>
				<total>0</total>
				<timestamp>481.226394</timestamp>
			</report>
			<report>
				<misses>74800001</misses>
				<total>0</total>
				<timestamp>481.862978</timestamp>
			</report>
			<report>
				<misses>74900001</misses>
				<total>0</total>
				<timestamp>482.498691</timestamp>
			</report>
			<report>
				<misses>75000001</misses>
				<total>0</total>
				<timestamp>483.135199</timestamp>
			</report>
			<report>
				<misses>75100001</misses>
				<total>0</total>
				<timestamp>483.770964</timestamp>
			</report>
			<report>
				<misses>75200001</misses>
				<total>0</total>
				<timestamp>484.410053</timestamp>
			</report>
			<report>
				<misses>75300001</misses>
				<total>0</total>
				<timestamp>485.062715</timestamp>
			</report>
			<report>
				<misses>75400001</misses>
				<total>0</total>
				<timestamp>485.714943</timestamp>
			</report>
			<report>
				<misses>75500001</misses>
				<total>0</total>
				<timestamp>486.367161</timestamp>
			</report>
			<report>
				<misses>75600001</misses>
				<total>0</total>
				<timestamp>487.020365</timestamp>
			</report>
			<report>
				<misses>75700001</misses>
				<total>0</total>
				<timestamp>487.673748</timestamp>
			</report>
			<report>
				<misses>75800001</misses>
				<total>0</total>
				<timestamp>488.327305</timestamp>
			</report>
			<report>
				<misses>75900001</misses>
				<total>0</total>
				<timestamp>488.980292</timestamp>
			</report>
			<report>
				<misses>76000001</misses>
				<total>0</total>
				<timestamp>489.634116</timestamp>
			</report>
			<report>
				<misses>76100001</misses>
				<total>0</total>
				<timestamp>490.285798</timestamp>
			</report>
			<report>
				<misses>76200001</misses>
				<total>0</total>
				<timestamp>490.932778</timestamp>
			</report>
			<report>
				<misses>76300001</misses>
				<total>0</total>
				<timestamp>491.570506</timestamp>
			</report>
			<report>
				<misses>76400001</misses>
				<total>0</total>
				<timestamp>492.208085</timestamp>
			</report>
			<report>
				<misses>76500001</misses>
				<total>0</total>
				<timestamp>492.845734</timestamp>
			</report>
			<report>
				<misses>76600001</misses>
				<total>0</total>
				<timestamp>493.481303</timestamp>
			</report>
			<report>
				<misses>76700001</misses>
				<total>0</total>
				<timestamp>494.116677</timestamp>
			</report>
			<report>
				<misses>76800001</misses>
				<total>0</total>
				<timestamp>494.752453</timestamp>
			</report>
			<report>
				<misses>76900001</misses>
				<total>0</total>
				<timestamp>495.389626</timestamp>
			</report>
			<report>
				<misses>77000001</misses>
				<total>0</total>
				<timestamp>496.026993</timestamp>
			</report>
			<report>
				<misses>77100001</misses>
				<total>0</total>
				<timestamp>496.664506</timestamp>
			</report>
			<report>
				<misses>77200001</misses>
				<total>0</total>
				<timestamp>497.301006</timestamp>
			</report>
			<report>
				<misses>77300001</misses>
				<total>0</total>
				<timestamp>497.937942</timestamp>
			</report>
			<report>
				<misses>77400001</misses>
				<total>0</total>
				<timestamp>498.574706</timestamp>
			</report>
			<report>
				<misses>77500001</misses>
				<total>0</total>
				<timestamp>499.211352</timestamp>
			</report>
			<report>
				<misses>77600001</misses>
				<total>0</total>
				<timestamp>499.847652</timestamp>
			</report>
			<report>
				<misses>77700001</misses>
				<total>0</total>
				<timestamp>500.483558</timestamp>
			</report>
			<report>
				<misses>77800001</misses>
				<total>0</total>
				<timestamp>501.119059</timestamp>
			</report>
			<report>
				<misses>77900001</misses>
				<total>0</total>
				<timestamp>501.754565</timestamp>
			</report>
			<report>
				<misses>78000001</misses>
				<total>0</total>
				<timestamp>502.390630</timestamp>
			</report>
			<report>
				<misses>78100001</misses>
				<total>0</total>
				<timestamp>503.026592</timestamp>
			</report>
			<report>
				<misses>78200001</misses>
				<total>0</total>
				<timestamp>503.663029</timestamp>
			</report>
			<report>
				<misses>78300001</misses>
				<total>0</total>
				<timestamp>504.299059</timestamp>
			</report>
			<report>
				<misses>78400001</misses>
				<total>0</total>
				<timestamp>504.935078</timestamp>
			</report>
			<report>
				<misses>78500001</misses>
				<total>0</total>
				<timestamp>505.571482</timestamp>
			</report>
			<report>
				<misses>78600001</misses>
				<total>0</total>
				<timestamp>506.207119</timestamp>
			</report>
			<report>
				<misses>78700001</misses>
				<total>0</total>
				<timestamp>506.845313</timestamp>
			</report>
			<report>
				<misses>78800001</misses>
				<total>0</total>
				<timestamp>507.481618</timestamp>
			</report>
			<report>
				<misses>78900001</misses>
				<total>0</total>
				<timestamp>508.117562</timestamp>
			</report>
			<report>
				<misses>79000001</misses>
				<total>0</total>
				<timestamp>508.753290</timestamp>
			</report>
			<report>
				<misses>79100001</misses>
				<total>0</total>
				<timestamp>509.396149</timestamp>
			</report>
			<report>
				<misses>79200001</misses>
				<total>0</total>
				<timestamp>510.050581</timestamp>
			</report>
			<report>
				<misses>79300001</misses>
				<total>0</total>
				<timestamp>510.704399</timestamp>
			</report>
			<report>
				<misses>79400001</misses>
				<total>0</total>
				<timestamp>511.359517</timestamp>
			</report>
			<report>
				<misses>79500001</misses>
				<total>0</total>
				<timestamp>512.014468</timestamp>
			</report>
			<report>
				<misses>79600001</misses>
				<total>0</total>
				<timestamp>512.669173</timestamp>
			</report>
			<report>
				<misses>79700001</misses>
				<total>0</total>
				<timestamp>513.321944</timestamp>
			</report>
			<report>
				<misses>79800001</misses>
				<total>0</total>
				<timestamp>513.967625</timestamp>
			</report>
			<report>
				<misses>79900001</misses>
				<total>0</total>
				<timestamp>514.612529</timestamp>
			</report>
			<report>
				<misses>80000001</misses>
				<total>0</total>
				<timestamp>515.257284</timestamp>
			</report>
			<report>
				<misses>80100001</misses>
				<total>0</total>
				<timestamp>515.902526</timestamp>
			</report>
			<report>
				<misses>80200001</misses>
				<total>0</total>
				<timestamp>516.547565</timestamp>
			</report>
			<report>
				<misses>80300001</misses>
				<total>0</total>
				<timestamp>517.192363</timestamp>
			</report>
			<report>
				<misses>80400001</misses>
				<total>0</total>
				<timestamp>517.844297</timestamp>
			</report>
			<report>
				<misses>80500001</misses>
				<total>0</total>
				<timestamp>518.494775</timestamp>
			</report>
			<report>
				<misses>80600001</misses>
				<total>0</total>
				<timestamp>519.146956</timestamp>
			</report>
			<report>
				<misses>80700001</misses>
				<total>0</total>
				<timestamp>519.796776</timestamp>
			</report>
			<report>
				<misses>80800001</misses>
				<total>0</total>
				<timestamp>520.444261</timestamp>
			</report>
			<report>
				<misses>80900001</misses>
				<total>0</total>
				<timestamp>521.093255</timestamp>
			</report>
			<report>
				<misses>81000001</misses>
				<total>0</total>
				<timestamp>521.739148</timestamp>
			</report>
			<report>
				<misses>81100001</misses>
				<total>0</total>
				<timestamp>522.378995</timestamp>
			</report>
			<report>
				<misses>81200001</misses>
				<total>0</total>
				<timestamp>523.018505</timestamp>
			</report>
			<report>
				<misses>81300001</misses>
				<total>0</total>
				<timestamp>523.658239</timestamp>
			</report>
			<report>
				<misses>81400001</misses>
				<total>0</total>
				<timestamp>524.298351</timestamp>
			</report>
			<report>
				<misses>81500001</misses>
				<total>0</total>
				<timestamp>524.939391</timestamp>
			</report>
			<report>
				<misses>81600001</misses>
				<total>0</total>
				<timestamp>525.578205</timestamp>
			</report>
			<report>
				<misses>81700001</misses>
				<total>0</total>
				<timestamp>526.216384</timestamp>
			</report>
			<report>
				<misses>81800001</misses>
				<total>0</total>
				<timestamp>526.854526</timestamp>
			</report>
			<report>
				<misses>81900001</misses>
				<total>0</total>
				<timestamp>527.490969</timestamp>
			</report>
			<report>
				<misses>82000001</misses>
				<total>0</total>
				<timestamp>528.129076</timestamp>
			</report>
			<report>
				<misses>82100001</misses>
				<total>0</total>
				<timestamp>528.766276</timestamp>
			</report>
			<report>
				<misses>82200001</misses>
				<total>0</total>
				<timestamp>529.403237</timestamp>
			</report>
			<report>
				<misses>82300001</misses>
				<total>0</total>
				<timestamp>530.041259</timestamp>
			</report>
			<report>
				<misses>82400001</misses>
				<total>0</total>
				<timestamp>530.679234</timestamp>
			</report>
			<report>
				<misses>82500001</misses>
				<total>0</total>
				<timestamp>531.315794</timestamp>
			</report>
			<report>
				<misses>82600001</misses>
				<total>0</total>
				<timestamp>531.960843</timestamp>
			</report>
			<report>
				<misses>82700001</misses>
				<total>0</total>
				<timestamp>532.614354</timestamp>
			</report>
			<report>
				<misses>82800001</misses>
				<total>0</total>
				<timestamp>533.268574</timestamp>
			</report>
			<report>
				<misses>82900001</misses>
				<total>0</total>
				<timestamp>533.922241</timestamp>
			</report>
			<report>
				<misses>83000001</misses>
				<total>0</total>
				<timestamp>534.577293</timestamp>
			</report>
			<report>
				<misses>83100001</misses>
				<total>0</total>
				<timestamp>535.230585</timestamp>
			</report>
			<report>
				<misses>83200001</misses>
				<total>0</total>
				<timestamp>535.884256</timestamp>
			</report>
			<report>
				<misses>83300001</misses>
				<total>0</total>
				<timestamp>536.538416</timestamp>
			</report>
			<report>
				<misses>83400001</misses>
				<total>0</total>
				<timestamp>537.191242</timestamp>
			</report>
			<report>
				<misses>83500001</misses>
				<total>0</total>
				<timestamp>537.844069</timestamp>
			</report>
			<report>
				<misses>83600001</misses>
				<total>0</total>
				<timestamp>538.487354</timestamp>
			</report>
			<report>
				<misses>83700001</misses>
				<total>0</total>
				<timestamp>539.132787</timestamp>
			</report>
			<report>
				<misses>83800001</misses>
				<total>0</total>
				<timestamp>539.780766</timestamp>
			</report>
			<report>
				<misses>83900001</misses>
				<total>0</total>
				<timestamp>540.427487</timestamp>
			</report>
			<report>
				<misses>84000001</misses>
				<total>0</total>
				<timestamp>541.073237</timestamp>
			</report>
			<report>
				<misses>84100001</misses>
				<total>0</total>
				<timestamp>541.718267</timestamp>
			</report>
			<report>
				<misses>84200001</misses>
				<total>0</total>
				<timestamp>542.362992</timestamp>
			</report>
			<report>
				<misses>84300001</misses>
				<total>0</total>
				<timestamp>543.006712</timestamp>
			</report>
			<report>
				<misses>84400001</misses>
				<total>0</total>
				<timestamp>543.653965</timestamp>
			</report>
			<report>
				<misses>84500001</misses>
				<total>0</total>
				<timestamp>544.299050</timestamp>
			</report>
			<report>
				<misses>84600001</misses>
				<total>0</total>
				<timestamp>544.945522</timestamp>
			</report>
			<report>
				<misses>84700001</misses>
				<total>0</total>
				<timestamp>545.596971</timestamp>
			</report>
			<report>
				<misses>84800001</misses>
				<total>0</total>
				<timestamp>546.242853</timestamp>
			</report>
			<report>
				<misses>84900001</misses>
				<total>0</total>
				<timestamp>546.889660</timestamp>
			</report>
			<report>
				<misses>85000001</misses>
				<total>0</total>
				<timestamp>547.544232</timestamp>
			</report>
			<report>
				<misses>85100001</misses>
				<total>0</total>
				<timestamp>548.196069</timestamp>
			</report>
			<report>
				<misses>85200001</misses>
				<total>0</total>
				<timestamp>548.847811</timestamp>
			</report>
			<report>
				<misses>85300001</misses>
				<total>0</total>
				<timestamp>549.494807</timestamp>
			</report>
			<report>
				<misses>85400001</misses>
				<total>0</total>
				<timestamp>550.142451</timestamp>
			</report>
			<report>
				<misses>85500001</misses>
				<total>0</total>
				<timestamp>550.791734</timestamp>
			</report>
			<report>
				<misses>85600001</misses>
				<total>0</total>
				<timestamp>551.441981</timestamp>
			</report>
			<report>
				<misses>85700001</misses>
				<total>0</total>
				<timestamp>552.090769</timestamp>
			</report>
			<report>
				<misses>85800001</misses>
				<total>0</total>
				<timestamp>552.738832</timestamp>
			</report>
			<report>
				<misses>85900001</misses>
				<total>0</total>
				<timestamp>553.387798</timestamp>
			</report>
			<report>
				<misses>86000001</misses>
				<total>0</total>
				<timestamp>554.037559</timestamp>
			</report>
			<report>
				<misses>86100001</misses>
				<total>0</total>
				<timestamp>554.688409</timestamp>
			</report>
			<report>
				<misses>86200001</misses>
				<total>0</total>
				<timestamp>555.337031</timestamp>
			</report>
			<report>
				<misses>86300001</misses>
				<total>0</total>
				<timestamp>555.987833</timestamp>
			</report>
			<report>
				<misses>86400001</misses>
				<total>0</total>
				<timestamp>556.637832</timestamp>
			</report>
			<report>
				<misses>86500001</misses>
				<total>0</total>
				<timestamp>557.284810</timestamp>
			</report>
			<report>
				<misses>86600001</misses>
				<total>0</total>
				<timestamp>557.935969</timestamp>
			</report>
			<report>
				<misses>86700001</misses>
				<total>0</total>
				<timestamp>558.584852</timestamp>
			</report>
			<report>
				<misses>86800001</misses>
				<total>0</total>
				<timestamp>559.234408</timestamp>
			</report>
			<report>
				<misses>86900001</misses>
				<total>0</total>
				<timestamp>559.883988</timestamp>
			</report>
			<report>
				<misses>87000001</misses>
				<total>0</total>
				<timestamp>560.533269</timestamp>
			</report>
			<report>
				<misses>87100001</misses>
				<total>0</total>
				<timestamp>561.171542</timestamp>
			</report>
			<report>
				<misses>87200001</misses>
				<total>0</total>
				<timestamp>561.808955</timestamp>
			</report>
			<report>
				<misses>87300001</misses>
				<total>0</total>
				<timestamp>562.446224</timestamp>
			</report>
			<report>
				<misses>87400001</misses>
				<total>0</total>
				<timestamp>563.082670</timestamp>
			</report>
			<report>
				<misses>87500001</misses>
				<total>0</total>
				<timestamp>563.722426</timestamp>
			</report>
			<report>
				<misses>87600001</misses>
				<total>0</total>
				<timestamp>564.360716</timestamp>
			</report>
			<report>
				<misses>87700001</misses>
				<total>0</total>
				<timestamp>564.999235</timestamp>
			</report>
			<report>
				<misses>87800001</misses>
				<total>0</total>
				<timestamp>565.637244</timestamp>
			</report>
			<report>
				<misses>87900001</misses>
				<total>0</total>
				<timestamp>566.275490</timestamp>
			</report>
			<report>
				<misses>88000001</misses>
				<total>0</total>
				<timestamp>566.916569</timestamp>
			</report>
			<report>
				<misses>88100001</misses>
				<total>0</total>
				<timestamp>567.554972</timestamp>
			</report>
			<report>
				<misses>88200001</misses>
				<total>0</total>
				<timestamp>568.193045</timestamp>
			</report>
			<report>
				<misses>88300001</misses>
				<total>0</total>
				<timestamp>568.831307</timestamp>
			</report>
			<report>
				<misses>88400001</misses>
				<total>0</total>
				<timestamp>569.469743</timestamp>
			</report>
			<report>
				<misses>88500001</misses>
				<total>0</total>
				<timestamp>570.108186</timestamp>
			</report>
			<report>
				<misses>88600001</misses>
				<total>0</total>
				<timestamp>570.746310</timestamp>
			</report>
			<report>
				<misses>88700001</misses>
				<total>0</total>
				<timestamp>571.384166</timestamp>
			</report>
			<report>
				<misses>88800001</misses>
				<total>0</total>
				<timestamp>572.021294</timestamp>
			</report>
			<report>
				<misses>88900001</misses>
				<total>0</total>
				<timestamp>572.659842</timestamp>
			</report>
			<report>
				<misses>89000001</misses>
				<total>0</total>
				<timestamp>573.296874</timestamp>
			</report>
			<report>
				<misses>89100001</misses>
				<total>0</total>
				<timestamp>573.934597</timestamp>
			</report>
			<report>
				<misses>89200001</misses>
				<total>0</total>
				<timestamp>574.572057</timestamp>
			</report>
			<report>
				<misses>89300001</misses>
				<total>0</total>
				<timestamp>575.209777</timestamp>
			</report>
			<report>
				<misses>89400001</misses>
				<total>0</total>
				<timestamp>575.850987</timestamp>
			</report>
			<report>
				<misses>89500001</misses>
				<total>0</total>
				<timestamp>576.488578</timestamp>
			</report>
			<report>
				<misses>89600001</misses>
				<total>0</total>
				<timestamp>577.129564</timestamp>
			</report>
			<report>
				<misses>89700001</misses>
				<total>0</total>
				<timestamp>577.773164</timestamp>
			</report>
			<report>
				<misses>89800001</misses>
				<total>0</total>
				<timestamp>578.413047</timestamp>
			</report>
			<report>
				<misses>89900001</misses>
				<total>0</total>
				<timestamp>579.052517</timestamp>
			</report>
			<report>
				<misses>90000001</misses>
				<total>0</total>
				<timestamp>579.691570</timestamp>
			</report>
			<report>
				<misses>90100001</misses>
				<total>0</total>
				<timestamp>580.330636</timestamp>
			</report>
			<report>
				<misses>90200001</misses>
				<total>0</total>
				<timestamp>580.969821</timestamp>
			</report>
			<report>
				<misses>90300001</misses>
				<total>0</total>
				<timestamp>581.609929</timestamp>
			</report>
			<report>
				<misses>90400001</misses>
				<total>0</total>
				<timestamp>582.249590</timestamp>
			</report>
			<report>
				<misses>90500001</misses>
				<total>0</total>
				<timestamp>582.889386</timestamp>
			</report>
			<report>
				<misses>90600001</misses>
				<total>0</total>
				<timestamp>583.529817</timestamp>
			</report>
			<report>
				<misses>90700001</misses>
				<total>0</total>
				<timestamp>584.170461</timestamp>
			</report>
			<report>
				<misses>90800001</misses>
				<total>0</total>
				<timestamp>584.811453</timestamp>
			</report>
			<report>
				<misses>90900001</misses>
				<total>0</total>
				<timestamp>585.452240</timestamp>
			</report>
			<report>
				<misses>91000001</misses>
				<total>0</total>
				<timestamp>586.092512</timestamp>
			</report>
			<report>
				<misses>91100001</misses>
				<total>0</total>
				<timestamp>586.733148</timestamp>
			</report>
			<report>
				<misses>91200001</misses>
				<total>0</total>
				<timestamp>587.372265</timestamp>
			</report>
			<report>
				<misses>91300001</misses>
				<total>0</total>
				<timestamp>588.011698</timestamp>
			</report>
			<report>
				<misses>91400001</misses>
				<total>0</total>
				<timestamp>588.650310</timestamp>
			</report>
			<report>
				<misses>91500001</misses>
				<total>0</total>
				<timestamp>589.289495</timestamp>
			</report>
			<report>
				<misses>91600001</misses>
				<total>0</total>
				<timestamp>589.928697</timestamp>
			</report>
			<report>
				<misses>91700001</misses>
				<total>0</total>
				<timestamp>590.569312</timestamp>
			</report>
			<report>
				<misses>91800001</misses>
				<total>0</total>
				<timestamp>591.208946</timestamp>
			</report>
			<report>
				<misses>91900001</misses>
				<total>0</total>
				<timestamp>591.849940</timestamp>
			</report>
			<report>
				<misses>92000001</misses>
				<total>0</total>
				<timestamp>592.488933</timestamp>
			</report>
			<report>
				<misses>92100001</misses>
				<total>0</total>
				<timestamp>593.128733</timestamp>
			</report>
			<report>
				<misses>92200001</misses>
				<total>0</total>
				<timestamp>593.769501</timestamp>
			</report>
			<report>
				<misses>92300001</misses>
				<total>0</total>
				<timestamp>594.410387</timestamp>
			</report>
			<report>
				<misses>92400001</misses>
				<total>0</total>
				<timestamp>595.051218</timestamp>
			</report>
			<report>
				<misses>92500001</misses>
				<total>0</total>
				<timestamp>595.691449</timestamp>
			</report>
			<report>
				<misses>92600001</misses>
				<total>0</total>
				<timestamp>596.332296</timestamp>
			</report>
			<report>
				<misses>92700001</misses>
				<total>0</total>
				<timestamp>596.976114</timestamp>
			</report>
			<report>
				<misses>92800001</misses>
				<total>0</total>
				<timestamp>597.615775</timestamp>
			</report>
			<report>
				<misses>92900001</misses>
				<total>0</total>
				<timestamp>598.254910</timestamp>
			</report>
			<report>
				<misses>93000001</misses>
				<total>0</total>
				<timestamp>598.894018</timestamp>
			</report>
			<report>
				<misses>93100001</misses>
				<total>0</total>
				<timestamp>599.532644</timestamp>
			</report>
			<report>
				<misses>93200001</misses>
				<total>0</total>
				<timestamp>600.171381</timestamp>
			</report>
			<report>
				<misses>93300001</misses>
				<total>0</total>
				<timestamp>600.809698</timestamp>
			</report>
			<report>
				<misses>93400001</misses>
				<total>0</total>
				<timestamp>601.448632</timestamp>
			</report>
			<report>
				<misses>93500001</misses>
				<total>0</total>
				<timestamp>602.086420</timestamp>
			</report>
			<report>
				<misses>93600001</misses>
				<total>0</total>
				<timestamp>602.723490</timestamp>
			</report>
			<report>
				<misses>93700001</misses>
				<total>0</total>
				<timestamp>603.361445</timestamp>
			</report>
			<report>
				<misses>93800001</misses>
				<total>0</total>
				<timestamp>604.000453</timestamp>
			</report>
			<report>
				<misses>93900001</misses>
				<total>0</total>
				<timestamp>604.637217</timestamp>
			</report>
			<report>
				<misses>94000001</misses>
				<total>0</total>
				<timestamp>605.274133</timestamp>
			</report>
			<report>
				<misses>94100001</misses>
				<total>0</total>
				<timestamp>605.911734</timestamp>
			</report>
			<report>
				<misses>94200001</misses>
				<total>0</total>
				<timestamp>606.548557</timestamp>
			</report>
			<report>
				<misses>94300001</misses>
				<total>0</total>
				<timestamp>607.185101</timestamp>
			</report>
			<report>
				<misses>94400001</misses>
				<total>0</total>
				<timestamp>607.822634</timestamp>
			</report>
			<report>
				<misses>94500001</misses>
				<total>0</total>
				<timestamp>608.460454</timestamp>
			</report>
			<report>
				<misses>94600001</misses>
				<total>0</total>
				<timestamp>609.098371</timestamp>
			</report>
			<report>
				<misses>94700001</misses>
				<total>0</total>
				<timestamp>609.735720</timestamp>
			</report>
			<report>
				<misses>94800001</misses>
				<total>0</total>
				<timestamp>610.373048</timestamp>
			</report>
			<report>
				<misses>94900001</misses>
				<total>0</total>
				<timestamp>611.010756</timestamp>
			</report>
			<report>
				<misses>95000001</misses>
				<total>0</total>
				<timestamp>611.648686</timestamp>
			</report>
			<report>
				<misses>95100001</misses>
				<total>0</total>
				<timestamp>612.286783</timestamp>
			</report>
			<report>
				<misses>95200001</misses>
				<total>0</total>
				<timestamp>612.924439</timestamp>
			</report>
			<report>
				<misses>95300001</misses>
				<total>0</total>
				<timestamp>613.562095</timestamp>
			</report>
			<report>
				<misses>95400001</misses>
				<total>0</total>
				<timestamp>614.198270</timestamp>
			</report>
			<report>
				<misses>95500001</misses>
				<total>0</total>
				<timestamp>614.834181</timestamp>
			</report>
			<report>
				<misses>95600001</misses>
				<total>0</total>
				<timestamp>615.469886</timestamp>
			</report>
			<report>
				<misses>95700001</misses>
				<total>0</total>
				<timestamp>616.105052</timestamp>
			</report>
			<report>
				<misses>95800001</misses>
				<total>0</total>
				<timestamp>616.740409</timestamp>
			</report>
			<report>
				<misses>95900001</misses>
				<total>0</total>
				<timestamp>617.376704</timestamp>
			</report>
			<report>
				<misses>96000001</misses>
				<total>0</total>
				<timestamp>618.023620</timestamp>
			</report>
			<report>
				<misses>96100001</misses>
				<total>0</total>
				<timestamp>618.678597</timestamp>
			</report>
			<report>
				<misses>96200001</misses>
				<total>0</total>
				<timestamp>619.333329</timestamp>
			</report>
			<report>
				<misses>96300001</misses>
				<total>0</total>
				<timestamp>619.987858</timestamp>
			</report>
			<report>
				<misses>96400001</misses>
				<total>0</total>
				<timestamp>620.643727</timestamp>
			</report>
			<report>
				<misses>96500001</misses>
				<total>0</total>
				<timestamp>621.299656</timestamp>
			</report>
			<report>
				<misses>96600001</misses>
				<total>0</total>
				<timestamp>621.954698</timestamp>
			</report>
			<report>
				<misses>96700001</misses>
				<total>0</total>
				<timestamp>622.610623</timestamp>
			</report>
			<report>
				<misses>96800001</misses>
				<total>0</total>
				<timestamp>623.265613</timestamp>
			</report>
			<report>
				<misses>96900001</misses>
				<total>0</total>
				<timestamp>623.920772</timestamp>
			</report>
			<report>
				<misses>97000001</misses>
				<total>0</total>
				<timestamp>624.572962</timestamp>
			</report>
			<report>
				<misses>97100001</misses>
				<total>0</total>
				<timestamp>625.224246</timestamp>
			</report>
			<report>
				<misses>97200001</misses>
				<total>0</total>
				<timestamp>625.874889</timestamp>
			</report>
			<report>
				<misses>97300001</misses>
				<total>0</total>
				<timestamp>626.527406</timestamp>
			</report>
			<report>
				<misses>97400001</misses>
				<total>0</total>
				<timestamp>627.178489</timestamp>
			</report>
			<report>
				<misses>97500001</misses>
				<total>0</total>
				<timestamp>627.829914</timestamp>
			</report>
			<report>
				<misses>97600001</misses>
				<total>0</total>
				<timestamp>628.480551</timestamp>
			</report>
			<report>
				<misses>97700001</misses>
				<total>0</total>
				<timestamp>629.131482</timestamp>
			</report>
			<report>
				<misses>97800001</misses>
				<total>0</total>
				<timestamp>629.782129</timestamp>
			</report>
			<report>
				<misses>97900001</misses>
				<total>0</total>
				<timestamp>630.433725</timestamp>
			</report>
			<report>
				<misses>98000001</misses>
				<total>0</total>
				<timestamp>631.085089</timestamp>
			</report>
			<report>
				<misses>98100001</misses>
				<total>0</total>
				<timestamp>631.734834</timestamp>
			</report>
			<report>
				<misses>98200001</misses>
				<total>0</total>
				<timestamp>632.386571</timestamp>
			</report>
			<report>
				<misses>98300001</misses>
				<total>0</total>
				<timestamp>633.038174</timestamp>
			</report>
			<report>
				<misses>98400001</misses>
				<total>0</total>
				<timestamp>633.688515</timestamp>
			</report>
			<report>
				<misses>98500001</misses>
				<total>0</total>
				<timestamp>634.338202</timestamp>
			</report>
			<report>
				<misses>98600001</misses>
				<total>0</total>
				<timestamp>634.985093</timestamp>
			</report>
			<report>
				<misses>98700001</misses>
				<total>0</total>
				<timestamp>635.631157</timestamp>
			</report>
			<report>
				<misses>98800001</misses>
				<total>0</total>
				<timestamp>636.276660</timestamp>
			</report>
			<report>
				<misses>98900001</misses>
				<total>0</total>
				<timestamp>636.922652</timestamp>
			</report>
			<report>
				<misses>99000001</misses>
				<total>0</total>
				<timestamp>637.572133</timestamp>
			</report>
			<report>
				<misses>99100001</misses>
				<total>0</total>
				<timestamp>638.222144</timestamp>
			</report>
			<report>
				<misses>99200001</misses>
				<total>0</total>
				<timestamp>638.875755</timestamp>
			</report>
			<report>
				<misses>99300001</misses>
				<total>0</total>
				<timestamp>639.526705</timestamp>
			</report>
			<report>
				<misses>99400001</misses>
				<total>0</total>
				<timestamp>640.176903</timestamp>
			</report>
			<report>
				<misses>99500001</misses>
				<total>0</total>
				<timestamp>640.825307</timestamp>
			</report>
			<report>
				<misses>99600001</misses>
				<total>0</total>
				<timestamp>641.479383</timestamp>
			</report>
			<report>
				<misses>99700001</misses>
				<total>0</total>
				<timestamp>642.128681</timestamp>
			</report>
			<report>
				<misses>99800001</misses>
				<total>0</total>
				<timestamp>642.777853</timestamp>
			</report>
			<report>
				<misses>99900001</misses>
				<total>0</total>
				<timestamp>643.425511</timestamp>
			</report>
			<report>
				<misses>100000001</misses>
				<total>0</total>
				<timestamp>644.072650</timestamp>
			</report>
			<report>
				<misses>100100001</misses>
				<total>0</total>
				<timestamp>644.723432</timestamp>
			</report>
			<report>
				<misses>100200001</misses>
				<total>0</total>
				<timestamp>645.375083</timestamp>
			</report>
			<report>
				<misses>100300001</misses>
				<total>0</total>
				<timestamp>646.024402</timestamp>
			</report>
			<report>
				<misses>100400001</misses>
				<total>0</total>
				<timestamp>646.674425</timestamp>
			</report>
			<report>
				<misses>100500001</misses>
				<total>0</total>
				<timestamp>647.324287</timestamp>
			</report>
			<report>
				<misses>100600001</misses>
				<total>0</total>
				<timestamp>647.971702</timestamp>
			</report>
			<report>
				<misses>100700001</misses>
				<total>0</total>
				<timestamp>648.620215</timestamp>
			</report>
			<report>
				<misses>100800001</misses>
				<total>0</total>
				<timestamp>649.275705</timestamp>
			</report>
			<report>
				<misses>100900001</misses>
				<total>0</total>
				<timestamp>649.924285</timestamp>
			</report>
			<report>
				<misses>101000001</misses>
				<total>0</total>
				<timestamp>650.573700</timestamp>
			</report>
			<report>
				<misses>101100001</misses>
				<total>0</total>
				<timestamp>651.220894</timestamp>
			</report>
			<report>
				<misses>101200001</misses>
				<total>0</total>
				<timestamp>651.868735</timestamp>
			</report>
			<report>
				<misses>101300001</misses>
				<total>0</total>
				<timestamp>652.516116</timestamp>
			</report>
			<report>
				<misses>101400001</misses>
				<total>0</total>
				<timestamp>653.166264</timestamp>
			</report>
			<report>
				<misses>101500001</misses>
				<total>0</total>
				<timestamp>653.813435</timestamp>
			</report>
			<report>
				<misses>101600001</misses>
				<total>0</total>
				<timestamp>654.469030</timestamp>
			</report>
			<report>
				<misses>101700001</misses>
				<total>0</total>
				<timestamp>655.115961</timestamp>
			</report>
			<report>
				<misses>101800001</misses>
				<total>0</total>
				<timestamp>655.763452</timestamp>
			</report>
			<report>
				<misses>101900001</misses>
				<total>0</total>
				<timestamp>656.410438</timestamp>
			</report>
			<report>
				<misses>102000001</misses>
				<total>0</total>
				<timestamp>657.061524</timestamp>
			</report>
			<report>
				<misses>102100001</misses>
				<total>0</total>
				<timestamp>657.714680</timestamp>
			</report>
			<report>
				<misses>102200001</misses>
				<total>0</total>
				<timestamp>658.365431</timestamp>
			</report>
			<report>
				<misses>102300001</misses>
				<total>0</total>
				<timestamp>659.013475</timestamp>
			</report>
			<report>
				<misses>102400001</misses>
				<total>0</total>
				<timestamp>659.664426</timestamp>
			</report>
			<report>
				<misses>102500001</misses>
				<total>0</total>
				<timestamp>660.313896</timestamp>
			</report>
			<report>
				<misses>102600001</misses>
				<total>0</total>
				<timestamp>660.962034</timestamp>
			</report>
			<report>
				<misses>102700001</misses>
				<total>0</total>
				<timestamp>661.609858</timestamp>
			</report>
			<report>
				<misses>102800001</misses>
				<total>0</total>
				<timestamp>662.257690</timestamp>
			</report>
			<report>
				<misses>102900001</misses>
				<total>0</total>
				<timestamp>662.911642</timestamp>
			</report>
			<report>
				<misses>103000001</misses>
				<total>0</total>
				<timestamp>663.561948</timestamp>
			</report>
			<report>
				<misses>103100001</misses>
				<total>0</total>
				<timestamp>664.208190</timestamp>
			</report>
			<report>
				<misses>103200001</misses>
				<total>0</total>
				<timestamp>664.864028</timestamp>
			</report>
			<report>
				<misses>103300001</misses>
				<total>0</total>
				<timestamp>665.516375</timestamp>
			</report>
			<report>
				<misses>103400001</misses>
				<total>0</total>
				<timestamp>666.164907</timestamp>
			</report>
			<report>
				<misses>103500001</misses>
				<total>0</total>
				<timestamp>666.813050</timestamp>
			</report>
			<report>
				<misses>103600001</misses>
				<total>0</total>
				<timestamp>667.460486</timestamp>
			</report>
			<report>
				<misses>103700001</misses>
				<total>0</total>
				<timestamp>668.109964</timestamp>
			</report>
			<report>
				<misses>103800001</misses>
				<total>0</total>
				<timestamp>668.761164</timestamp>
			</report>
			<report>
				<misses>103900001</misses>
				<total>0</total>
				<timestamp>669.411386</timestamp>
			</report>
			<report>
				<misses>104000001</misses>
				<total>0</total>
				<timestamp>670.063371</timestamp>
			</report>
			<report>
				<misses>104100001</misses>
				<total>0</total>
				<timestamp>670.717798</timestamp>
			</report>
			<report>
				<misses>104200001</misses>
				<total>0</total>
				<timestamp>671.369107</timestamp>
			</report>
			<report>
				<misses>104300001</misses>
				<total>0</total>
				<timestamp>672.019245</timestamp>
			</report>
			<report>
				<misses>104400001</misses>
				<total>0</total>
				<timestamp>672.669697</timestamp>
			</report>
			<report>
				<misses>104500001</misses>
				<total>0</total>
				<timestamp>673.317721</timestamp>
			</report>
			<report>
				<misses>104600001</misses>
				<total>0</total>
				<timestamp>673.957044</timestamp>
			</report>
			<report>
				<misses>104700001</misses>
				<total>0</total>
				<timestamp>674.595868</timestamp>
			</report>
			<report>
				<misses>104800001</misses>
				<total>0</total>
				<timestamp>675.234034</timestamp>
			</report>
			<report>
				<misses>104900001</misses>
				<total>0</total>
				<timestamp>675.872745</timestamp>
			</report>
			<report>
				<misses>105000001</misses>
				<total>0</total>
				<timestamp>676.510870</timestamp>
			</report>
			<report>
				<misses>105100001</misses>
				<total>0</total>
				<timestamp>677.150255</timestamp>
			</report>
			<report>
				<misses>105200001</misses>
				<total>0</total>
				<timestamp>677.789477</timestamp>
			</report>
			<report>
				<misses>105300001</misses>
				<total>0</total>
				<timestamp>678.428349</timestamp>
			</report>
			<report>
				<misses>105400001</misses>
				<total>0</total>
				<timestamp>679.066343</timestamp>
			</report>
			<report>
				<misses>105500001</misses>
				<total>0</total>
				<timestamp>679.704647</timestamp>
			</report>
			<report>
				<misses>105600001</misses>
				<total>0</total>
				<timestamp>680.342249</timestamp>
			</report>
			<report>
				<misses>105700001</misses>
				<total>0</total>
				<timestamp>680.979252</timestamp>
			</report>
			<report>
				<misses>105800001</misses>
				<total>0</total>
				<timestamp>681.616506</timestamp>
			</report>
			<report>
				<misses>105900001</misses>
				<total>0</total>
				<timestamp>682.253649</timestamp>
			</report>
			<report>
				<misses>106000001</misses>
				<total>0</total>
				<timestamp>682.892216</timestamp>
			</report>
			<report>
				<misses>106100001</misses>
				<total>0</total>
				<timestamp>683.530065</timestamp>
			</report>
			<report>
				<misses>106200001</misses>
				<total>0</total>
				<timestamp>684.167193</timestamp>
			</report>
			<report>
				<misses>106300001</misses>
				<total>0</total>
				<timestamp>684.805176</timestamp>
			</report>
			<report>
				<misses>106400001</misses>
				<total>0</total>
				<timestamp>685.441607</timestamp>
			</report>
			<report>
				<misses>106500001</misses>
				<total>0</total>
				<timestamp>686.081449</timestamp>
			</report>
			<report>
				<misses>106600001</misses>
				<total>0</total>
				<timestamp>686.719173</timestamp>
			</report>
			<report>
				<misses>106700001</misses>
				<total>0</total>
				<timestamp>687.357332</timestamp>
			</report>
			<report>
				<misses>106800001</misses>
				<total>0</total>
				<timestamp>687.995524</timestamp>
			</report>
			<report>
				<misses>106900001</misses>
				<total>0</total>
				<timestamp>688.633317</timestamp>
			</report>
			<report>
				<misses>107000001</misses>
				<total>0</total>
				<timestamp>689.271266</timestamp>
			</report>
			<report>
				<misses>107100001</misses>
				<total>0</total>
				<timestamp>689.908387</timestamp>
			</report>
			<report>
				<misses>107200001</misses>
				<total>0</total>
				<timestamp>690.545151</timestamp>
			</report>
			<report>
				<misses>107300001</misses>
				<total>0</total>
				<timestamp>691.182202</timestamp>
			</report>
			<report>
				<misses>107400001</misses>
				<total>0</total>
				<timestamp>691.831462</timestamp>
			</report>
			<report>
				<misses>107500001</misses>
				<total>0</total>
				<timestamp>692.485207</timestamp>
			</report>
			<report>
				<misses>107600001</misses>
				<total>0</total>
				<timestamp>693.138062</timestamp>
			</report>
			<report>
				<misses>107700001</misses>
				<total>0</total>
				<timestamp>693.790131</timestamp>
			</report>
			<report>
				<misses>107800001</misses>
				<total>0</total>
				<timestamp>694.442205</timestamp>
			</report>
			<report>
				<misses>107900001</misses>
				<total>0</total>
				<timestamp>695.092300</timestamp>
			</report>
			<report>
				<misses>108000001</misses>
				<total>0</total>
				<timestamp>695.743433</timestamp>
			</report>
			<report>
				<misses>108100001</misses>
				<total>0</total>
				<timestamp>696.394686</timestamp>
			</report>
			<report>
				<misses>108200001</misses>
				<total>0</total>
				<timestamp>697.046282</timestamp>
			</report>
			<report>
				<misses>108300001</misses>
				<total>0</total>
				<timestamp>697.696740</timestamp>
			</report>
			<report>
				<misses>108400001</misses>
				<total>0</total>
				<timestamp>698.347843</timestamp>
			</report>
			<report>
				<misses>108500001</misses>
				<total>0</total>
				<timestamp>698.999318</timestamp>
			</report>
			<report>
				<misses>108600001</misses>
				<total>0</total>
				<timestamp>699.651610</timestamp>
			</report>
			<report>
				<misses>108700001</misses>
				<total>0</total>
				<timestamp>700.304408</timestamp>
			</report>
			<report>
				<misses>108800001</misses>
				<total>0</total>
				<timestamp>700.956203</timestamp>
			</report>
			<report>
				<misses>108900001</misses>
				<total>0</total>
				<timestamp>701.608616</timestamp>
			</report>
			<report>
				<misses>109000001</misses>
				<total>0</total>
				<timestamp>702.260325</timestamp>
			</report>
			<report>
				<misses>109100001</misses>
				<total>0</total>
				<timestamp>702.913527</timestamp>
			</report>
			<report>
				<misses>109200001</misses>
				<total>0</total>
				<timestamp>703.566121</timestamp>
			</report>
			<report>
				<misses>109300001</misses>
				<total>0</total>
				<timestamp>704.218715</timestamp>
			</report>
			<report>
				<misses>109400001</misses>
				<total>0</total>
				<timestamp>704.874284</timestamp>
			</report>
			<report>
				<misses>109500001</misses>
				<total>0</total>
				<timestamp>705.521643</timestamp>
			</report>
			<report>
				<misses>109600001</misses>
				<total>0</total>
				<timestamp>706.176259</timestamp>
			</report>
			<report>
				<misses>109700001</misses>
				<total>0</total>
				<timestamp>706.829325</timestamp>
			</report>
			<report>
				<misses>109800001</misses>
				<total>0</total>
				<timestamp>707.482527</timestamp>
			</report>
			<report>
				<misses>109900001</misses>
				<total>0</total>
				<timestamp>708.137041</timestamp>
			</report>
			<report>
				<misses>110000001</misses>
				<total>0</total>
				<timestamp>708.791388</timestamp>
			</report>
			<report>
				<misses>110100001</misses>
				<total>0</total>
				<timestamp>709.445656</timestamp>
			</report>
			<report>
				<misses>110200001</misses>
				<total>0</total>
				<timestamp>710.097085</timestamp>
			</report>
			<report>
				<misses>110300001</misses>
				<total>0</total>
				<timestamp>710.750278</timestamp>
			</report>
			<report>
				<misses>110400001</misses>
				<total>0</total>
				<timestamp>711.400921</timestamp>
			</report>
			<report>
				<misses>110500001</misses>
				<total>0</total>
				<timestamp>712.049015</timestamp>
			</report>
			<report>
				<misses>110600001</misses>
				<total>0</total>
				<timestamp>712.698778</timestamp>
			</report>
			<report>
				<misses>110700001</misses>
				<total>0</total>
				<timestamp>713.347494</timestamp>
			</report>
			<report>
				<misses>110800001</misses>
				<total>0</total>
				<timestamp>713.998948</timestamp>
			</report>
			<report>
				<misses>110900001</misses>
				<total>0</total>
				<timestamp>714.650320</timestamp>
			</report>
			<report>
				<misses>111000001</misses>
				<total>0</total>
				<timestamp>715.300268</timestamp>
			</report>
			<report>
				<misses>111100001</misses>
				<total>0</total>
				<timestamp>715.950366</timestamp>
			</report>
			<report>
				<misses>111200001</misses>
				<total>0</total>
				<timestamp>716.589863</timestamp>
			</report>
			<report>
				<misses>111300001</misses>
				<total>0</total>
				<timestamp>717.227759</timestamp>
			</report>
			<report>
				<misses>111400001</misses>
				<total>0</total>
				<timestamp>717.865448</timestamp>
			</report>
			<report>
				<misses>111500001</misses>
				<total>0</total>
				<timestamp>718.502744</timestamp>
			</report>
			<report>
				<misses>111600001</misses>
				<total>0</total>
				<timestamp>719.140288</timestamp>
			</report>
			<report>
				<misses>111700001</misses>
				<total>0</total>
				<timestamp>719.778091</timestamp>
			</report>
			<report>
				<misses>111800001</misses>
				<total>0</total>
				<timestamp>720.416420</timestamp>
			</report>
			<report>
				<misses>111900001</misses>
				<total>0</total>
				<timestamp>721.055035</timestamp>
			</report>
			<report>
				<misses>112000001</misses>
				<total>0</total>
				<timestamp>721.695741</timestamp>
			</report>
			<report>
				<misses>112100001</misses>
				<total>0</total>
				<timestamp>722.337463</timestamp>
			</report>
			<report>
				<misses>112200001</misses>
				<total>0</total>
				<timestamp>722.979684</timestamp>
			</report>
			<report>
				<misses>112300001</misses>
				<total>0</total>
				<timestamp>723.620599</timestamp>
			</report>
			<report>
				<misses>112400001</misses>
				<total>0</total>
				<timestamp>724.262661</timestamp>
			</report>
			<report>
				<misses>112500001</misses>
				<total>0</total>
				<timestamp>724.904610</timestamp>
			</report>
			<report>
				<misses>112600001</misses>
				<total>0</total>
				<timestamp>725.545894</timestamp>
			</report>
			<report>
				<misses>112700001</misses>
				<total>0</total>
				<timestamp>726.188917</timestamp>
			</report>
			<report>
				<misses>112800001</misses>
				<total>0</total>
				<timestamp>726.832282</timestamp>
			</report>
			<report>
				<misses>112900001</misses>
				<total>0</total>
				<timestamp>727.475583</timestamp>
			</report>
			<report>
				<misses>113000001</misses>
				<total>0</total>
				<timestamp>728.118769</timestamp>
			</report>
			<report>
				<misses>113100001</misses>
				<total>0</total>
				<timestamp>728.760749</timestamp>
			</report>
			<report>
				<misses>113200001</misses>
				<total>0</total>
				<timestamp>729.403364</timestamp>
			</report>
			<report>
				<misses>113300001</misses>
				<total>0</total>
				<timestamp>730.045975</timestamp>
			</report>
			<report>
				<misses>113400001</misses>
				<total>0</total>
				<timestamp>730.688017</timestamp>
			</report>
			<report>
				<misses>113500001</misses>
				<total>0</total>
				<timestamp>731.327215</timestamp>
			</report>
			<report>
				<misses>113600001</misses>
				<total>0</total>
				<timestamp>731.966833</timestamp>
			</report>
			<report>
				<misses>113700001</misses>
				<total>0</total>
				<timestamp>732.607474</timestamp>
			</report>
			<report>
				<misses>113800001</misses>
				<total>0</total>
				<timestamp>733.247544</timestamp>
			</report>
			<report>
				<misses>113900001</misses>
				<total>0</total>
				<timestamp>733.887815</timestamp>
			</report>
			<report>
				<misses>114000001</misses>
				<total>0</total>
				<timestamp>734.528082</timestamp>
			</report>
			<report>
				<misses>114100001</misses>
				<total>0</total>
				<timestamp>735.182630</timestamp>
			</report>
			<report>
				<misses>114200001</misses>
				<total>0</total>
				<timestamp>735.822866</timestamp>
			</report>
			<report>
				<misses>114300001</misses>
				<total>0</total>
				<timestamp>736.463220</timestamp>
			</report>
			<report>
				<misses>114400001</misses>
				<total>0</total>
				<timestamp>737.102023</timestamp>
			</report>
			<report>
				<misses>114500001</misses>
				<total>0</total>
				<timestamp>737.739802</timestamp>
			</report>
			<report>
				<misses>114600001</misses>
				<total>0</total>
				<timestamp>738.377749</timestamp>
			</report>
			<report>
				<misses>114700001</misses>
				<total>0</total>
				<timestamp>739.016294</timestamp>
			</report>
			<report>
				<misses>114800001</misses>
				<total>0</total>
				<timestamp>739.653569</timestamp>
			</report>
			<report>
				<misses>114900001</misses>
				<total>0</total>
				<timestamp>740.290520</timestamp>
			</report>
			<report>
				<misses>115000001</misses>
				<total>0</total>
				<timestamp>740.929284</timestamp>
			</report>
			<report>
				<misses>115100001</misses>
				<total>0</total>
				<timestamp>741.568261</timestamp>
			</report>
			<report>
				<misses>115200001</misses>
				<total>0</total>
				<timestamp>742.206112</timestamp>
			</report>
			<report>
				<misses>115300001</misses>
				<total>0</total>
				<timestamp>742.844094</timestamp>
			</report>
			<report>
				<misses>115400001</misses>
				<total>0</total>
				<timestamp>743.481256</timestamp>
			</report>
			<report>
				<misses>115500001</misses>
				<total>0</total>
				<timestamp>744.117909</timestamp>
			</report>
			<report>
				<misses>115600001</misses>
				<total>0</total>
				<timestamp>744.754755</timestamp>
			</report>
			<report>
				<misses>115700001</misses>
				<total>0</total>
				<timestamp>745.391256</timestamp>
			</report>
			<report>
				<misses>115800001</misses>
				<total>0</total>
				<timestamp>746.027618</timestamp>
			</report>
			<report>
				<misses>115900001</misses>
				<total>0</total>
				<timestamp>746.664691</timestamp>
			</report>
			<report>
				<misses>116000001</misses>
				<total>0</total>
				<timestamp>747.301839</timestamp>
			</report>
			<report>
				<misses>116100001</misses>
				<total>0</total>
				<timestamp>747.936756</timestamp>
			</report>
			<report>
				<misses>116200001</misses>
				<total>0</total>
				<timestamp>748.571689</timestamp>
			</report>
			<report>
				<misses>116300001</misses>
				<total>0</total>
				<timestamp>749.208188</timestamp>
			</report>
			<report>
				<misses>116400001</misses>
				<total>0</total>
				<timestamp>749.849219</timestamp>
			</report>
			<report>
				<misses>116500001</misses>
				<total>0</total>
				<timestamp>750.484913</timestamp>
			</report>
			<report>
				<misses>116600001</misses>
				<total>0</total>
				<timestamp>751.120321</timestamp>
			</report>
			<report>
				<misses>116700001</misses>
				<total>0</total>
				<timestamp>751.755888</timestamp>
			</report>
			<report>
				<misses>116800001</misses>
				<total>0</total>
				<timestamp>752.391120</timestamp>
			</report>
			<report>
				<misses>116900001</misses>
				<total>0</total>
				<timestamp>753.026627</timestamp>
			</report>
			<report>
				<misses>117000001</misses>
				<total>0</total>
				<timestamp>753.661720</timestamp>
			</report>
			<report>
				<misses>117100001</misses>
				<total>0</total>
				<timestamp>754.296352</timestamp>
			</report>
			<report>
				<misses>117200001</misses>
				<total>0</total>
				<timestamp>754.931213</timestamp>
			</report>
			<report>
				<misses>117300001</misses>
				<total>0</total>
				<timestamp>755.566266</timestamp>
			</report>
			<report>
				<misses>117400001</misses>
				<total>0</total>
				<timestamp>756.201705</timestamp>
			</report>
			<report>
				<misses>117500001</misses>
				<total>0</total>
				<timestamp>756.838201</timestamp>
			</report>
			<report>
				<misses>117600001</misses>
				<total>0</total>
				<timestamp>757.475013</timestamp>
			</report>
			<report>
				<misses>117700001</misses>
				<total>0</total>
				<timestamp>758.111631</timestamp>
			</report>
			<report>
				<misses>117800001</misses>
				<total>0</total>
				<timestamp>758.747460</timestamp>
			</report>
			<report>
				<misses>117900001</misses>
				<total>0</total>
				<timestamp>759.383554</timestamp>
			</report>
			<report>
				<misses>118000001</misses>
				<total>0</total>
				<timestamp>760.019972</timestamp>
			</report>
			<report>
				<misses>118100001</misses>
				<total>0</total>
				<timestamp>760.660738</timestamp>
			</report>
			<report>
				<misses>118200001</misses>
				<total>0</total>
				<timestamp>761.304442</timestamp>
			</report>
			<report>
				<misses>118300001</misses>
				<total>0</total>
				<timestamp>761.960422</timestamp>
			</report>
			<report>
				<misses>118400001</misses>
				<total>0</total>
				<timestamp>762.614094</timestamp>
			</report>
			<report>
				<misses>118500001</misses>
				<total>0</total>
				<timestamp>763.268503</timestamp>
			</report>
			<report>
				<misses>118600001</misses>
				<total>0</total>
				<timestamp>763.922848</timestamp>
			</report>
			<report>
				<misses>118700001</misses>
				<total>0</total>
				<timestamp>764.577691</timestamp>
			</report>
			<report>
				<misses>118800001</misses>
				<total>0</total>
				<timestamp>765.232095</timestamp>
			</report>
			<report>
				<misses>118900001</misses>
				<total>0</total>
				<timestamp>765.884437</timestamp>
			</report>
			<report>
				<misses>119000001</misses>
				<total>0</total>
				<timestamp>766.538081</timestamp>
			</report>
			<report>
				<misses>119100001</misses>
				<total>0</total>
				<timestamp>767.191662</timestamp>
			</report>
			<report>
				<misses>119200001</misses>
				<total>0</total>
				<timestamp>767.847574</timestamp>
			</report>
			<report>
				<misses>119300001</misses>
				<total>0</total>
				<timestamp>768.502061</timestamp>
			</report>
			<report>
				<misses>119400001</misses>
				<total>0</total>
				<timestamp>769.155230</timestamp>
			</report>
			<report>
				<misses>119500001</misses>
				<total>0</total>
				<timestamp>769.809659</timestamp>
			</report>
			<report>
				<misses>119600001</misses>
				<total>0</total>
				<timestamp>770.464830</timestamp>
			</report>
			<report>
				<misses>119700001</misses>
				<total>0</total>
				<timestamp>771.118421</timestamp>
			</report>
			<report>
				<misses>119800001</misses>
				<total>0</total>
				<timestamp>771.772227</timestamp>
			</report>
			<report>
				<misses>119900001</misses>
				<total>0</total>
				<timestamp>772.426922</timestamp>
			</report>
			<report>
				<misses>120000001</misses>
				<total>0</total>
				<timestamp>773.080182</timestamp>
			</report>
			<report>
				<misses>120100001</misses>
				<total>0</total>
				<timestamp>773.734183</timestamp>
			</report>
			<report>
				<misses>120200001</misses>
				<total>0</total>
				<timestamp>774.387406</timestamp>
			</report>
			<report>
				<misses>120300001</misses>
				<total>0</total>
				<timestamp>775.040473</timestamp>
			</report>
			<report>
				<misses>120400001</misses>
				<total>0</total>
				<timestamp>775.694510</timestamp>
			</report>
			<report>
				<misses>120500001</misses>
				<total>0</total>
				<timestamp>776.349456</timestamp>
			</report>
			<report>
				<misses>120600001</misses>
				<total>0</total>
				<timestamp>777.003455</timestamp>
			</report>
			<report>
				<misses>120700001</misses>
				<total>0</total>
				<timestamp>777.657876</timestamp>
			</report>
			<report>
				<misses>120800001</misses>
				<total>0</total>
				<timestamp>778.311698</timestamp>
			</report>
			<report>
				<misses>120900001</misses>
				<total>0</total>
				<timestamp>778.966431</timestamp>
			</report>
			<report>
				<misses>121000001</misses>
				<total>0</total>
				<timestamp>779.619824</timestamp>
			</report>
			<report>
				<misses>121100001</misses>
				<total>0</total>
				<timestamp>780.271324</timestamp>
			</report>
			<report>
				<misses>121200001</misses>
				<total>0</total>
				<timestamp>780.926518</timestamp>
			</report>
			<report>
				<misses>121300001</misses>
				<total>0</total>
				<timestamp>781.578839</timestamp>
			</report>
			<report>
				<misses>121400001</misses>
				<total>0</total>
				<timestamp>782.231565</timestamp>
			</report>
			<report>
				<misses>121500001</misses>
				<total>0</total>
				<timestamp>782.884406</timestamp>
			</report>
			<report>
				<misses>121600001</misses>
				<total>0</total>
				<timestamp>783.536778</timestamp>
			</report>
			<report>
				<misses>121700001</misses>
				<total>0</total>
				<timestamp>784.189030</timestamp>
			</report>
			<report>
				<misses>121800001</misses>
				<total>0</total>
				<timestamp>784.843455</timestamp>
			</report>
			<report>
				<misses>121900001</misses>
				<total>0</total>
				<timestamp>785.496691</timestamp>
			</report>
			<report>
				<misses>122000001</misses>
				<total>0</total>
				<timestamp>786.150535</timestamp>
			</report>
			<report>
				<misses>122100001</misses>
				<total>0</total>
				<timestamp>786.804760</timestamp>
			</report>
			<report>
				<misses>122200001</misses>
				<total>0</total>
				<timestamp>787.459709</timestamp>
			</report>
			<report>
				<misses>122300001</misses>
				<total>0</total>
				<timestamp>788.115226</timestamp>
			</report>
			<report>
				<misses>122400001</misses>
				<total>0</total>
				<timestamp>788.770087</timestamp>
			</report>
			<report>
				<misses>122500001</misses>
				<total>0</total>
				<timestamp>789.424884</timestamp>
			</report>
			<report>
				<misses>122600001</misses>
				<total>0</total>
				<timestamp>790.081458</timestamp>
			</report>
			<report>
				<misses>122700001</misses>
				<total>0</total>
				<timestamp>790.737217</timestamp>
			</report>
			<report>
				<misses>122800001</misses>
				<total>0</total>
				<timestamp>791.391827</timestamp>
			</report>
			<report>
				<misses>122900001</misses>
				<total>0</total>
				<timestamp>792.045889</timestamp>
			</report>
			<report>
				<misses>123000001</misses>
				<total>0</total>
				<timestamp>792.696797</timestamp>
			</report>
			<report>
				<misses>123100001</misses>
				<total>0</total>
				<timestamp>793.347423</timestamp>
			</report>
			<report>
				<misses>123200001</misses>
				<total>0</total>
				<timestamp>793.996961</timestamp>
			</report>
			<report>
				<misses>123300001</misses>
				<total>0</total>
				<timestamp>794.646719</timestamp>
			</report>
			<report>
				<misses>123400001</misses>
				<total>0</total>
				<timestamp>795.295757</timestamp>
			</report>
			<report>
				<misses>123500001</misses>
				<total>0</total>
				<timestamp>795.945224</timestamp>
			</report>
			<report>
				<misses>123600001</misses>
				<total>0</total>
				<timestamp>796.594618</timestamp>
			</report>
			<report>
				<misses>123700001</misses>
				<total>0</total>
				<timestamp>797.245365</timestamp>
			</report>
			<report>
				<misses>123800001</misses>
				<total>0</total>
				<timestamp>797.894771</timestamp>
			</report>
			<report>
				<misses>123900001</misses>
				<total>0</total>
				<timestamp>798.544279</timestamp>
			</report>
			<report>
				<misses>124000001</misses>
				<total>0</total>
				<timestamp>799.193794</timestamp>
			</report>
			<report>
				<misses>124100001</misses>
				<total>0</total>
				<timestamp>799.846233</timestamp>
			</report>
			<report>
				<misses>124200001</misses>
				<total>0</total>
				<timestamp>800.496748</timestamp>
			</report>
			<report>
				<misses>124300001</misses>
				<total>0</total>
				<timestamp>801.148035</timestamp>
			</report>
			<report>
				<misses>124400001</misses>
				<total>0</total>
				<timestamp>801.799156</timestamp>
			</report>
			<report>
				<misses>124500001</misses>
				<total>0</total>
				<timestamp>802.449555</timestamp>
			</report>
			<report>
				<misses>124600001</misses>
				<total>0</total>
				<timestamp>803.101680</timestamp>
			</report>
			<report>
				<misses>124700001</misses>
				<total>0</total>
				<timestamp>803.752219</timestamp>
			</report>
			<report>
				<misses>124800001</misses>
				<total>0</total>
				<timestamp>804.402648</timestamp>
			</report>
			<report>
				<misses>124900001</misses>
				<total>0</total>
				<timestamp>805.054024</timestamp>
			</report>
			<report>
				<misses>125000001</misses>
				<total>0</total>
				<timestamp>805.704608</timestamp>
			</report>
			<report>
				<misses>125100001</misses>
				<total>0</total>
				<timestamp>806.355104</timestamp>
			</report>
			<report>
				<misses>125200001</misses>
				<total>0</total>
				<timestamp>807.005797</timestamp>
			</report>
			<report>
				<misses>125300001</misses>
				<total>0</total>
				<timestamp>807.657163</timestamp>
			</report>
			<report>
				<misses>125400001</misses>
				<total>0</total>
				<timestamp>808.307523</timestamp>
			</report>
			<report>
				<misses>125500001</misses>
				<total>0</total>
				<timestamp>808.958253</timestamp>
			</report>
			<report>
				<misses>125600001</misses>
				<total>0</total>
				<timestamp>809.608528</timestamp>
			</report>
			<report>
				<misses>125700001</misses>
				<total>0</total>
				<timestamp>810.259096</timestamp>
			</report>
			<report>
				<misses>125800001</misses>
				<total>0</total>
				<timestamp>810.910637</timestamp>
			</report>
			<report>
				<misses>125900001</misses>
				<total>0</total>
				<timestamp>811.561387</timestamp>
			</report>
			<report>
				<misses>126000001</misses>
				<total>0</total>
				<timestamp>812.210889</timestamp>
			</report>
			<report>
				<misses>126100001</misses>
				<total>0</total>
				<timestamp>812.861863</timestamp>
			</report>
			<report>
				<misses>126200001</misses>
				<total>0</total>
				<timestamp>813.513104</timestamp>
			</report>
			<report>
				<misses>126300001</misses>
				<total>0</total>
				<timestamp>814.163420</timestamp>
			</report>
			<report>
				<misses>126400001</misses>
				<total>0</total>
				<timestamp>814.814033</timestamp>
			</report>
			<report>
				<misses>126500001</misses>
				<total>0</total>
				<timestamp>815.463900</timestamp>
			</report>
			<report>
				<misses>126600001</misses>
				<total>0</total>
				<timestamp>816.113613</timestamp>
			</report>
			<report>
				<misses>126700001</misses>
				<total>0</total>
				<timestamp>816.764711</timestamp>
			</report>
			<report>
				<misses>126800001</misses>
				<total>0</total>
				<timestamp>817.416948</timestamp>
			</report>
			<report>
				<misses>126900001</misses>
				<total>0</total>
				<timestamp>818.068233</timestamp>
			</report>
			<report>
				<misses>127000001</misses>
				<total>0</total>
				<timestamp>818.719444</timestamp>
			</report>
			<report>
				<misses>127100001</misses>
				<total>0</total>
				<timestamp>819.371343</timestamp>
			</report>
			<report>
				<misses>127200001</misses>
				<total>0</total>
				<timestamp>820.024306</timestamp>
			</report>
			<report>
				<misses>127300001</misses>
				<total>0</total>
				<timestamp>820.675850</timestamp>
			</report>
			<report>
				<misses>127400001</misses>
				<total>0</total>
				<timestamp>821.326844</timestamp>
			</report>
			<report>
				<misses>127500001</misses>
				<total>0</total>
				<timestamp>821.977702</timestamp>
			</report>
			<report>
				<misses>127600001</misses>
				<total>0</total>
				<timestamp>822.629158</timestamp>
			</report>
			<report>
				<misses>127700001</misses>
				<total>0</total>
				<timestamp>823.282342</timestamp>
			</report>
			<report>
				<misses>127800001</misses>
				<total>0</total>
				<timestamp>823.935282</timestamp>
			</report>
			<report>
				<misses>127900001</misses>
				<total>0</total>
				<timestamp>824.587728</timestamp>
			</report>
			<report>
				<misses>128000001</misses>
				<total>0</total>
				<timestamp>825.241519</timestamp>
			</report>
			<report>
				<misses>128100001</misses>
				<total>0</total>
				<timestamp>825.895185</timestamp>
			</report>
			<report>
				<misses>128200001</misses>
				<total>0</total>
				<timestamp>826.547473</timestamp>
			</report>
			<report>
				<misses>128300001</misses>
				<total>0</total>
				<timestamp>827.201264</timestamp>
			</report>
			<report>
				<misses>128400001</misses>
				<total>0</total>
				<timestamp>827.854052</timestamp>
			</report>
			<report>
				<misses>128500001</misses>
				<total>0</total>
				<timestamp>828.505484</timestamp>
			</report>
			<report>
				<misses>128600001</misses>
				<total>0</total>
				<timestamp>829.159051</timestamp>
			</report>
			<report>
				<misses>128700001</misses>
				<total>0</total>
				<timestamp>829.811152</timestamp>
			</report>
			<report>
				<misses>128800001</misses>
				<total>0</total>
				<timestamp>830.464592</timestamp>
			</report>
			<report>
				<misses>128900001</misses>
				<total>0</total>
				<timestamp>831.117628</timestamp>
			</report>
			<report>
				<misses>129000001</misses>
				<total>0</total>
				<timestamp>831.773968</timestamp>
			</report>
			<report>
				<misses>129100001</misses>
				<total>0</total>
				<timestamp>832.428559</timestamp>
			</report>
			<report>
				<misses>129200001</misses>
				<total>0</total>
				<timestamp>833.080579</timestamp>
			</report>
			<report>
				<misses>129300001</misses>
				<total>0</total>
				<timestamp>833.730361</timestamp>
			</report>
			<report>
				<misses>129400001</misses>
				<total>0</total>
				<timestamp>834.375993</timestamp>
			</report>
			<report>
				<misses>129500001</misses>
				<total>0</total>
				<timestamp>835.021905</timestamp>
			</report>
			<report>
				<misses>129600001</misses>
				<total>0</total>
				<timestamp>835.667848</timestamp>
			</report>
			<report>
				<misses>129700001</misses>
				<total>0</total>
				<timestamp>836.313315</timestamp>
			</report>
			<report>
				<misses>129800001</misses>
				<total>0</total>
				<timestamp>836.960389</timestamp>
			</report>
			<report>
				<misses>129900001</misses>
				<total>0</total>
				<timestamp>837.606261</timestamp>
			</report>
			<report>
				<misses>130000001</misses>
				<total>0</total>
				<timestamp>838.253315</timestamp>
			</report>
			<report>
				<misses>130100001</misses>
				<total>0</total>
				<timestamp>838.900614</timestamp>
			</report>
			<report>
				<misses>130200001</misses>
				<total>0</total>
				<timestamp>839.548560</timestamp>
			</report>
			<report>
				<misses>130300001</misses>
				<total>0</total>
				<timestamp>840.196518</timestamp>
			</report>
			<report>
				<misses>130400001</misses>
				<total>0</total>
				<timestamp>840.842848</timestamp>
			</report>
			<report>
				<misses>130500001</misses>
				<total>0</total>
				<timestamp>841.491650</timestamp>
			</report>
			<report>
				<misses>130600001</misses>
				<total>0</total>
				<timestamp>842.139943</timestamp>
			</report>
			<report>
				<misses>130700001</misses>
				<total>0</total>
				<timestamp>842.785888</timestamp>
			</report>
			<report>
				<misses>130800001</misses>
				<total>0</total>
				<timestamp>843.432728</timestamp>
			</report>
			<report>
				<misses>130900001</misses>
				<total>0</total>
				<timestamp>844.078425</timestamp>
			</report>
			<report>
				<misses>131000001</misses>
				<total>0</total>
				<timestamp>844.724051</timestamp>
			</report>
			<report>
				<misses>131100001</misses>
				<total>0</total>
				<timestamp>845.370990</timestamp>
			</report>
			<report>
				<misses>131200001</misses>
				<total>0</total>
				<timestamp>846.011781</timestamp>
			</report>
			<report>
				<misses>131300001</misses>
				<total>0</total>
				<timestamp>846.651702</timestamp>
			</report>
			<report>
				<misses>131400001</misses>
				<total>0</total>
				<timestamp>847.290247</timestamp>
			</report>
			<report>
				<misses>131500001</misses>
				<total>0</total>
				<timestamp>847.932092</timestamp>
			</report>
			<report>
				<misses>131600001</misses>
				<total>0</total>
				<timestamp>848.571716</timestamp>
			</report>
			<report>
				<misses>131700001</misses>
				<total>0</total>
				<timestamp>849.213302</timestamp>
			</report>
			<report>
				<misses>131800001</misses>
				<total>0</total>
				<timestamp>849.869612</timestamp>
			</report>
			<report>
				<misses>131900001</misses>
				<total>0</total>
				<timestamp>850.526180</timestamp>
			</report>
			<report>
				<misses>132000001</misses>
				<total>0</total>
				<timestamp>851.180010</timestamp>
			</report>
			<report>
				<misses>132100001</misses>
				<total>0</total>
				<timestamp>851.829686</timestamp>
			</report>
			<report>
				<misses>132200001</misses>
				<total>0</total>
				<timestamp>852.483797</timestamp>
			</report>
			<report>
				<misses>132300001</misses>
				<total>0</total>
				<timestamp>853.137268</timestamp>
			</report>
			<report>
				<misses>132400001</misses>
				<total>0</total>
				<timestamp>853.784867</timestamp>
			</report>
			<report>
				<misses>132500001</misses>
				<total>0</total>
				<timestamp>854.431861</timestamp>
			</report>
			<report>
				<misses>132600001</misses>
				<total>0</total>
				<timestamp>855.078816</timestamp>
			</report>
			<report>
				<misses>132700001</misses>
				<total>0</total>
				<timestamp>855.727778</timestamp>
			</report>
			<report>
				<misses>132800001</misses>
				<total>0</total>
				<timestamp>856.376419</timestamp>
			</report>
			<report>
				<misses>132900001</misses>
				<total>0</total>
				<timestamp>857.022810</timestamp>
			</report>
			<report>
				<misses>133000001</misses>
				<total>0</total>
				<timestamp>857.671305</timestamp>
			</report>
			<report>
				<misses>133100001</misses>
				<total>0</total>
				<timestamp>858.323416</timestamp>
			</report>
			<report>
				<misses>133200001</misses>
				<total>0</total>
				<timestamp>858.975358</timestamp>
			</report>
			<report>
				<misses>133300001</misses>
				<total>0</total>
				<timestamp>859.623527</timestamp>
			</report>
			<report>
				<misses>133400001</misses>
				<total>0</total>
				<timestamp>860.272195</timestamp>
			</report>
			<report>
				<misses>133500001</misses>
				<total>0</total>
				<timestamp>860.928645</timestamp>
			</report>
			<report>
				<misses>133600001</misses>
				<total>0</total>
				<timestamp>861.576624</timestamp>
			</report>
			<report>
				<misses>133700001</misses>
				<total>0</total>
				<timestamp>862.223492</timestamp>
			</report>
			<report>
				<misses>133800001</misses>
				<total>0</total>
				<timestamp>862.869773</timestamp>
			</report>
			<report>
				<misses>133900001</misses>
				<total>0</total>
				<timestamp>863.516296</timestamp>
			</report>
			<report>
				<misses>134000001</misses>
				<total>0</total>
				<timestamp>864.164731</timestamp>
			</report>
			<report>
				<misses>134100001</misses>
				<total>0</total>
				<timestamp>864.812529</timestamp>
			</report>
			<report>
				<misses>134200001</misses>
				<total>0</total>
				<timestamp>865.467346</timestamp>
			</report>
			<report>
				<misses>134300001</misses>
				<total>0</total>
				<timestamp>866.117665</timestamp>
			</report>
			<report>
				<misses>134400001</misses>
				<total>0</total>
				<timestamp>866.767702</timestamp>
			</report>
			<report>
				<misses>134500001</misses>
				<total>0</total>
				<timestamp>867.416176</timestamp>
			</report>
			<report>
				<misses>134600001</misses>
				<total>0</total>
				<timestamp>868.065201</timestamp>
			</report>
			<report>
				<misses>134700001</misses>
				<total>0</total>
				<timestamp>868.712314</timestamp>
			</report>
			<report>
				<misses>134800001</misses>
				<total>0</total>
				<timestamp>869.358795</timestamp>
			</report>
			<report>
				<misses>134900001</misses>
				<total>0</total>
				<timestamp>870.006436</timestamp>
			</report>
			<report>
				<misses>135000001</misses>
				<total>0</total>
				<timestamp>870.654222</timestamp>
			</report>
			<report>
				<misses>135100001</misses>
				<total>0</total>
				<timestamp>871.301716</timestamp>
			</report>
			<report>
				<misses>135200001</misses>
				<total>0</total>
				<timestamp>871.949944</timestamp>
			</report>
			<report>
				<misses>135300001</misses>
				<total>0</total>
				<timestamp>872.595464</timestamp>
			</report>
			<report>
				<misses>135400001</misses>
				<total>0</total>
				<timestamp>873.241404</timestamp>
			</report>
			<report>
				<misses>135500001</misses>
				<total>0</total>
				<timestamp>873.887400</timestamp>
			</report>
			<report>
				<misses>135600001</misses>
				<total>0</total>
				<timestamp>874.532517</timestamp>
			</report>
			<report>
				<misses>135700001</misses>
				<total>0</total>
				<timestamp>875.179245</timestamp>
			</report>
			<report>
				<misses>135800001</misses>
				<total>0</total>
				<timestamp>875.826286</timestamp>
			</report>
			<report>
				<misses>135900001</misses>
				<total>0</total>
				<timestamp>876.480989</timestamp>
			</report>
			<report>
				<misses>136000001</misses>
				<total>0</total>
				<timestamp>877.126936</timestamp>
			</report>
			<report>
				<misses>136100001</misses>
				<total>0</total>
				<timestamp>877.773151</timestamp>
			</report>
			<report>
				<misses>136200001</misses>
				<total>0</total>
				<timestamp>878.420663</timestamp>
			</report>
			<report>
				<misses>136300001</misses>
				<total>0</total>
				<timestamp>879.068077</timestamp>
			</report>
			<report>
				<misses>136400001</misses>
				<total>0</total>
				<timestamp>879.721504</timestamp>
			</report>
			<report>
				<misses>136500001</misses>
				<total>0</total>
				<timestamp>880.363075</timestamp>
			</report>
			<report>
				<misses>136600001</misses>
				<total>0</total>
				<timestamp>881.001855</timestamp>
			</report>
			<report>
				<misses>136700001</misses>
				<total>0</total>
				<timestamp>881.641001</timestamp>
			</report>
			<report>
				<misses>136800001</misses>
				<total>0</total>
				<timestamp>882.280671</timestamp>
			</report>
			<report>
				<misses>136900001</misses>
				<total>0</total>
				<timestamp>882.920524</timestamp>
			</report>
			<report>
				<misses>137000001</misses>
				<total>0</total>
				<timestamp>883.560147</timestamp>
			</report>
			<report>
				<misses>137100001</misses>
				<total>0</total>
				<timestamp>884.199605</timestamp>
			</report>
			<report>
				<misses>137200001</misses>
				<total>0</total>
				<timestamp>884.837940</timestamp>
			</report>
			<report>
				<misses>137300001</misses>
				<total>0</total>
				<timestamp>885.477451</timestamp>
			</report>
			<report>
				<misses>137400001</misses>
				<total>0</total>
				<timestamp>886.116631</timestamp>
			</report>
			<report>
				<misses>137500001</misses>
				<total>0</total>
				<timestamp>886.754970</timestamp>
			</report>
			<report>
				<misses>137600001</misses>
				<total>0</total>
				<timestamp>887.393853</timestamp>
			</report>
			<report>
				<misses>137700001</misses>
				<total>0</total>
				<timestamp>888.032754</timestamp>
			</report>
			<report>
				<misses>137800001</misses>
				<total>0</total>
				<timestamp>888.671543</timestamp>
			</report>
			<report>
				<misses>137900001</misses>
				<total>0</total>
				<timestamp>889.310020</timestamp>
			</report>
			<report>
				<misses>138000001</misses>
				<total>0</total>
				<timestamp>889.948877</timestamp>
			</report>
			<report>
				<misses>138100001</misses>
				<total>0</total>
				<timestamp>890.588218</timestamp>
			</report>
			<report>
				<misses>138200001</misses>
				<total>0</total>
				<timestamp>891.226738</timestamp>
			</report>
			<report>
				<misses>138300001</misses>
				<total>0</total>
				<timestamp>891.865664</timestamp>
			</report>
			<report>
				<misses>138400001</misses>
				<total>0</total>
				<timestamp>892.505807</timestamp>
			</report>
			<report>
				<misses>138500001</misses>
				<total>0</total>
				<timestamp>893.145207</timestamp>
			</report>
			<report>
				<misses>138600001</misses>
				<total>0</total>
				<timestamp>893.783801</timestamp>
			</report>
			<report>
				<misses>138700001</misses>
				<total>0</total>
				<timestamp>894.423391</timestamp>
			</report>
			<report>
				<misses>138800001</misses>
				<total>0</total>
				<timestamp>895.061309</timestamp>
			</report>
			<report>
				<misses>138900001</misses>
				<total>0</total>
				<timestamp>895.697838</timestamp>
			</report>
			<report>
				<misses>139000001</misses>
				<total>0</total>
				<timestamp>896.334936</timestamp>
			</report>
			<report>
				<misses>139100001</misses>
				<total>0</total>
				<timestamp>896.972620</timestamp>
			</report>
			<report>
				<misses>139200001</misses>
				<total>0</total>
				<timestamp>897.610503</timestamp>
			</report>
			<report>
				<misses>139300001</misses>
				<total>0</total>
				<timestamp>898.247543</timestamp>
			</report>
			<report>
				<misses>139400001</misses>
				<total>0</total>
				<timestamp>898.884057</timestamp>
			</report>
			<report>
				<misses>139500001</misses>
				<total>0</total>
				<timestamp>899.520912</timestamp>
			</report>
			<report>
				<misses>139600001</misses>
				<total>0</total>
				<timestamp>900.157289</timestamp>
			</report>
			<report>
				<misses>139700001</misses>
				<total>0</total>
				<timestamp>900.794394</timestamp>
			</report>
			<report>
				<misses>139800001</misses>
				<total>0</total>
				<timestamp>901.432114</timestamp>
			</report>
			<report>
				<misses>139900001</misses>
				<total>0</total>
				<timestamp>902.068383</timestamp>
			</report>
			<report>
				<misses>140000001</misses>
				<total>0</total>
				<timestamp>902.712330</timestamp>
			</report>
			<report>
				<misses>140100001</misses>
				<total>0</total>
				<timestamp>903.361461</timestamp>
			</report>
			<report>
				<misses>140200001</misses>
				<total>0</total>
				<timestamp>904.008500</timestamp>
			</report>
			<report>
				<misses>140300001</misses>
				<total>0</total>
				<timestamp>904.655077</timestamp>
			</report>
			<report>
				<misses>140400001</misses>
				<total>0</total>
				<timestamp>905.302739</timestamp>
			</report>
			<report>
				<misses>140500001</misses>
				<total>0</total>
				<timestamp>905.952275</timestamp>
			</report>
			<report>
				<misses>140600001</misses>
				<total>0</total>
				<timestamp>906.602159</timestamp>
			</report>
			<report>
				<misses>140700001</misses>
				<total>0</total>
				<timestamp>907.248398</timestamp>
			</report>
			<report>
				<misses>140800001</misses>
				<total>0</total>
				<timestamp>907.894518</timestamp>
			</report>
			<report>
				<misses>140900001</misses>
				<total>0</total>
				<timestamp>908.541650</timestamp>
			</report>
			<report>
				<misses>141000001</misses>
				<total>0</total>
				<timestamp>909.190331</timestamp>
			</report>
			<report>
				<misses>141100001</misses>
				<total>0</total>
				<timestamp>909.840256</timestamp>
			</report>
			<report>
				<misses>141200001</misses>
				<total>0</total>
				<timestamp>910.488398</timestamp>
			</report>
			<report>
				<misses>141300001</misses>
				<total>0</total>
				<timestamp>911.137664</timestamp>
			</report>
			<report>
				<misses>141400001</misses>
				<total>0</total>
				<timestamp>911.785888</timestamp>
			</report>
			<report>
				<misses>141500001</misses>
				<total>0</total>
				<timestamp>912.432518</timestamp>
			</report>
			<report>
				<misses>141600001</misses>
				<total>0</total>
				<timestamp>913.081614</timestamp>
			</report>
			<report>
				<misses>141700001</misses>
				<total>0</total>
				<timestamp>913.727293</timestamp>
			</report>
			<report>
				<misses>141800001</misses>
				<total>0</total>
				<timestamp>914.375881</timestamp>
			</report>
			<report>
				<misses>141900001</misses>
				<total>0</total>
				<timestamp>915.024932</timestamp>
			</report>
			<report>
				<misses>142000001</misses>
				<total>0</total>
				<timestamp>915.673379</timestamp>
			</report>
			<report>
				<misses>142100001</misses>
				<total>0</total>
				<timestamp>916.321445</timestamp>
			</report>
			<report>
				<misses>142200001</misses>
				<total>0</total>
				<timestamp>916.970689</timestamp>
			</report>
			<report>
				<misses>142300001</misses>
				<total>0</total>
				<timestamp>917.619658</timestamp>
			</report>
			<report>
				<misses>142400001</misses>
				<total>0</total>
				<timestamp>918.268970</timestamp>
			</report>
			<report>
				<misses>142500001</misses>
				<total>0</total>
				<timestamp>918.918262</timestamp>
			</report>
			<report>
				<misses>142600001</misses>
				<total>0</total>
				<timestamp>919.567332</timestamp>
			</report>
			<report>
				<misses>142700001</misses>
				<total>0</total>
				<timestamp>920.216347</timestamp>
			</report>
			<report>
				<misses>142800001</misses>
				<total>0</total>
				<timestamp>920.864540</timestamp>
			</report>
			<report>
				<misses>142900001</misses>
				<total>0</total>
				<timestamp>921.512762</timestamp>
			</report>
			<report>
				<misses>143000001</misses>
				<total>0</total>
				<timestamp>922.161364</timestamp>
			</report>
			<report>
				<misses>143100001</misses>
				<total>0</total>
				<timestamp>922.809918</timestamp>
			</report>
			<report>
				<misses>143200001</misses>
				<total>0</total>
				<timestamp>923.458757</timestamp>
			</report>
			<report>
				<misses>143300001</misses>
				<total>0</total>
				<timestamp>924.107869</timestamp>
			</report>
			<report>
				<misses>143400001</misses>
				<total>0</total>
				<timestamp>924.757008</timestamp>
			</report>
			<report>
				<misses>143500001</misses>
				<total>0</total>
				<timestamp>925.405860</timestamp>
			</report>
			<report>
				<misses>143600001</misses>
				<total>0</total>
				<timestamp>926.053457</timestamp>
			</report>
			<report>
				<misses>143700001</misses>
				<total>0</total>
				<timestamp>926.700732</timestamp>
			</report>
			<report>
				<misses>143800001</misses>
				<total>0</total>
				<timestamp>927.349613</timestamp>
			</report>
			<report>
				<misses>143900001</misses>
				<total>0</total>
				<timestamp>927.997847</timestamp>
			</report>
			<report>
				<misses>144000001</misses>
				<total>0</total>
				<timestamp>928.646677</timestamp>
			</report>
			<report>
				<misses>144100001</misses>
				<total>0</total>
				<timestamp>929.295139</timestamp>
			</report>
			<report>
				<misses>144200001</misses>
				<total>0</total>
				<timestamp>929.942327</timestamp>
			</report>
			<report>
				<misses>144300001</misses>
				<total>0</total>
				<timestamp>930.589900</timestamp>
			</report>
			<report>
				<misses>144400001</misses>
				<total>0</total>
				<timestamp>931.237837</timestamp>
			</report>
			<report>
				<misses>144500001</misses>
				<total>0</total>
				<timestamp>931.885035</timestamp>
			</report>
			<report>
				<misses>144600001</misses>
				<total>0</total>
				<timestamp>932.532319</timestamp>
			</report>
			<report>
				<misses>144700001</misses>
				<total>0</total>
				<timestamp>933.180118</timestamp>
			</report>
			<report>
				<misses>144800001</misses>
				<total>0</total>
				<timestamp>933.827301</timestamp>
			</report>
			<report>
				<misses>144900001</misses>
				<total>0</total>
				<timestamp>934.475125</timestamp>
			</report>
			<report>
				<misses>145000001</misses>
				<total>0</total>
				<timestamp>935.122916</timestamp>
			</report>
			<report>
				<misses>145100001</misses>
				<total>0</total>
				<timestamp>935.770845</timestamp>
			</report>
			<report>
				<misses>145200001</misses>
				<total>0</total>
				<timestamp>936.418309</timestamp>
			</report>
			<report>
				<misses>145300001</misses>
				<total>0</total>
				<timestamp>937.066864</timestamp>
			</report>
			<report>
				<misses>145400001</misses>
				<total>0</total>
				<timestamp>937.707002</timestamp>
			</report>
			<report>
				<misses>145500001</misses>
				<total>0</total>
				<timestamp>938.344455</timestamp>
			</report>
			<report>
				<misses>145600001</misses>
				<total>0</total>
				<timestamp>938.981303</timestamp>
			</report>
			<report>
				<misses>145700001</misses>
				<total>0</total>
				<timestamp>939.618564</timestamp>
			</report>
			<report>
				<misses>145800001</misses>
				<total>0</total>
				<timestamp>940.256380</timestamp>
			</report>
			<report>
				<misses>145900001</misses>
				<total>0</total>
				<timestamp>940.893514</timestamp>
			</report>
			<report>
				<misses>146000001</misses>
				<total>0</total>
				<timestamp>941.533032</timestamp>
			</report>
			<report>
				<misses>146100001</misses>
				<total>0</total>
				<timestamp>942.172425</timestamp>
			</report>
			<report>
				<misses>146200001</misses>
				<total>0</total>
				<timestamp>942.812058</timestamp>
			</report>
			<report>
				<misses>146300001</misses>
				<total>0</total>
				<timestamp>943.451236</timestamp>
			</report>
			<report>
				<misses>146400001</misses>
				<total>0</total>
				<timestamp>944.091126</timestamp>
			</report>
			<report>
				<misses>146500001</misses>
				<total>0</total>
				<timestamp>944.729697</timestamp>
			</report>
			<report>
				<misses>146600001</misses>
				<total>0</total>
				<timestamp>945.368492</timestamp>
			</report>
			<report>
				<misses>146700001</misses>
				<total>0</total>
				<timestamp>946.006742</timestamp>
			</report>
			<report>
				<misses>146800001</misses>
				<total>0</total>
				<timestamp>946.644262</timestamp>
			</report>
			<report>
				<misses>146900001</misses>
				<total>0</total>
				<timestamp>947.279086</timestamp>
			</report>
			<report>
				<misses>147000001</misses>
				<total>0</total>
				<timestamp>947.914330</timestamp>
			</report>
			<report>
				<misses>147100001</misses>
				<total>0</total>
				<timestamp>948.549403</timestamp>
			</report>
			<report>
				<misses>147200001</misses>
				<total>0</total>
				<timestamp>949.183686</timestamp>
			</report>
			<report>
				<misses>147300001</misses>
				<total>0</total>
				<timestamp>949.819132</timestamp>
			</report>
			<report>
				<misses>147400001</misses>
				<total>0</total>
				<timestamp>950.455380</timestamp>
			</report>
			<report>
				<misses>147500001</misses>
				<total>0</total>
				<timestamp>951.092113</timestamp>
			</report>
			<report>
				<misses>147600001</misses>
				<total>0</total>
				<timestamp>951.726624</timestamp>
			</report>
			<report>
				<misses>147700001</misses>
				<total>0</total>
				<timestamp>952.361481</timestamp>
			</report>
			<report>
				<misses>147800001</misses>
				<total>0</total>
				<timestamp>952.996955</timestamp>
			</report>
			<report>
				<misses>147900001</misses>
				<total>0</total>
				<timestamp>953.632061</timestamp>
			</report>
			<report>
				<misses>148000001</misses>
				<total>0</total>
				<timestamp>954.267383</timestamp>
			</report>
			<report>
				<misses>148100001</misses>
				<total>0</total>
				<timestamp>954.902424</timestamp>
			</report>
			<report>
				<misses>148200001</misses>
				<total>0</total>
				<timestamp>955.537091</timestamp>
			</report>
			<report>
				<misses>148300001</misses>
				<total>0</total>
				<timestamp>956.187477</timestamp>
			</report>
			<report>
				<misses>148400001</misses>
				<total>0</total>
				<timestamp>956.837645</timestamp>
			</report>
			<report>
				<misses>148500001</misses>
				<total>0</total>
				<timestamp>957.487661</timestamp>
			</report>
			<report>
				<misses>148600001</misses>
				<total>0</total>
				<timestamp>958.138110</timestamp>
			</report>
			<report>
				<misses>148700001</misses>
				<total>0</total>
				<timestamp>958.792296</timestamp>
			</report>
			<report>
				<misses>148800001</misses>
				<total>0</total>
				<timestamp>959.448378</timestamp>
			</report>
			<report>
				<misses>148900001</misses>
				<total>0</total>
				<timestamp>960.099798</timestamp>
			</report>
			<report>
				<misses>149000001</misses>
				<total>0</total>
				<timestamp>960.745661</timestamp>
			</report>
			<report>
				<misses>149100001</misses>
				<total>0</total>
				<timestamp>961.391547</timestamp>
			</report>
			<report>
				<misses>149200001</misses>
				<total>0</total>
				<timestamp>962.040807</timestamp>
			</report>
			<report>
				<misses>149300001</misses>
				<total>0</total>
				<timestamp>962.690940</timestamp>
			</report>
			<report>
				<misses>149400001</misses>
				<total>0</total>
				<timestamp>963.340099</timestamp>
			</report>
			<report>
				<misses>149500001</misses>
				<total>0</total>
				<timestamp>963.991212</timestamp>
			</report>
			<report>
				<misses>149600001</misses>
				<total>0</total>
				<timestamp>964.641769</timestamp>
			</report>
			<report>
				<misses>149700001</misses>
				<total>0</total>
				<timestamp>965.292468</timestamp>
			</report>
			<report>
				<misses>149800001</misses>
				<total>0</total>
				<timestamp>965.945681</timestamp>
			</report>
			<report>
				<misses>149900001</misses>
				<total>0</total>
				<timestamp>966.599319</timestamp>
			</report>
			<report>
				<misses>150000001</misses>
				<total>0</total>
				<timestamp>967.252288</timestamp>
			</report>
			<report>
				<misses>150100001</misses>
				<total>0</total>
				<timestamp>967.904680</timestamp>
			</report>
			<report>
				<misses>150200001</misses>
				<total>0</total>
				<timestamp>968.557680</timestamp>
			</report>
			<report>
				<misses>150300001</misses>
				<total>0</total>
				<timestamp>969.212026</timestamp>
			</report>
			<report>
				<misses>150400001</misses>
				<total>0</total>
				<timestamp>969.865400</timestamp>
			</report>
			<report>
				<misses>150500001</misses>
				<total>0</total>
				<timestamp>970.516830</timestamp>
			</report>
			<report>
				<misses>150600001</misses>
				<total>0</total>
				<timestamp>971.168242</timestamp>
			</report>
			<report>
				<misses>150700001</misses>
				<total>0</total>
				<timestamp>971.821656</timestamp>
			</report>
			<report>
				<misses>150800001</misses>
				<total>0</total>
				<timestamp>972.473725</timestamp>
			</report>
			<report>
				<misses>150900001</misses>
				<total>0</total>
				<timestamp>973.124653</timestamp>
			</report>
			<report>
				<misses>151000001</misses>
				<total>0</total>
				<timestamp>973.779536</timestamp>
			</report>
			<report>
				<misses>151100001</misses>
				<total>0</total>
				<timestamp>974.428203</timestamp>
			</report>
			<report>
				<misses>151200001</misses>
				<total>0</total>
				<timestamp>975.079297</timestamp>
			</report>
			<report>
				<misses>151300001</misses>
				<total>0</total>
				<timestamp>975.737858</timestamp>
			</report>
			<report>
				<misses>151400001</misses>
				<total>0</total>
				<timestamp>976.386838</timestamp>
			</report>
			<report>
				<misses>151500001</misses>
				<total>0</total>
				<timestamp>977.039029</timestamp>
			</report>
			<report>
				<misses>151600001</misses>
				<total>0</total>
				<timestamp>977.688409</timestamp>
			</report>
			<report>
				<misses>151700001</misses>
				<total>0</total>
				<timestamp>978.340178</timestamp>
			</report>
			<report>
				<misses>151800001</misses>
				<total>0</total>
				<timestamp>978.990104</timestamp>
			</report>
			<report>
				<misses>151900001</misses>
				<total>0</total>
				<timestamp>979.640774</timestamp>
			</report>
			<report>
				<misses>152000001</misses>
				<total>0</total>
				<timestamp>980.290066</timestamp>
			</report>
			<report>
				<misses>152100001</misses>
				<total>0</total>
				<timestamp>980.938883</timestamp>
			</report>
			<report>
				<misses>152200001</misses>
				<total>0</total>
				<timestamp>981.590876</timestamp>
			</report>
			<report>
				<misses>152300001</misses>
				<total>0</total>
				<timestamp>982.243039</timestamp>
			</report>
			<report>
				<misses>152400001</misses>
				<total>0</total>
				<timestamp>982.891214</timestamp>
			</report>
			<report>
				<misses>152500001</misses>
				<total>0</total>
				<timestamp>983.541603</timestamp>
			</report>
			<report>
				<misses>152600001</misses>
				<total>0</total>
				<timestamp>984.190242</timestamp>
			</report>
			<report>
				<misses>152700001</misses>
				<total>0</total>
				<timestamp>984.839186</timestamp>
			</report>
			<report>
				<misses>152800001</misses>
				<total>0</total>
				<timestamp>985.487619</timestamp>
			</report>
			<report>
				<misses>152900001</misses>
				<total>0</total>
				<timestamp>986.136108</timestamp>
			</report>
			<report>
				<misses>153000001</misses>
				<total>0</total>
				<timestamp>986.786624</timestamp>
			</report>
			<report>
				<misses>153100001</misses>
				<total>0</total>
				<timestamp>987.434053</timestamp>
			</report>
			<report>
				<misses>153200001</misses>
				<total>0</total>
				<timestamp>988.082517</timestamp>
			</report>
			<report>
				<misses>153300001</misses>
				<total>0</total>
				<timestamp>988.733270</timestamp>
			</report>
			<report>
				<misses>153400001</misses>
				<total>0</total>
				<timestamp>989.382545</timestamp>
			</report>
			<report>
				<misses>153500001</misses>
				<total>0</total>
				<timestamp>990.030887</timestamp>
			</report>
			<report>
				<misses>153600001</misses>
				<total>0</total>
				<timestamp>990.680209</timestamp>
			</report>
			<report>
				<misses>153700001</misses>
				<total>0</total>
				<timestamp>991.330789</timestamp>
			</report>
			<report>
				<misses>153800001</misses>
				<total>0</total>
				<timestamp>991.978867</timestamp>
			</report>
			<report>
				<misses>153900001</misses>
				<total>0</total>
				<timestamp>992.627551</timestamp>
			</report>
			<report>
				<misses>154000001</misses>
				<total>0</total>
				<timestamp>993.276954</timestamp>
			</report>
			<report>
				<misses>154100001</misses>
				<total>0</total>
				<timestamp>993.925767</timestamp>
			</report>
			<report>
				<misses>154200001</misses>
				<total>0</total>
				<timestamp>994.574827</timestamp>
			</report>
			<report>
				<misses>154300001</misses>
				<total>0</total>
				<timestamp>995.224123</timestamp>
			</report>
			<report>
				<misses>154400001</misses>
				<total>0</total>
				<timestamp>995.872131</timestamp>
			</report>
			<report>
				<misses>154500001</misses>
				<total>0</total>
				<timestamp>996.522098</timestamp>
			</report>
			<report>
				<misses>154600001</misses>
				<total>0</total>
				<timestamp>997.173129</timestamp>
			</report>
			<report>
				<misses>154700001</misses>
				<total>0</total>
				<timestamp>997.823059</timestamp>
			</report>
			<report>
				<misses>154800001</misses>
				<total>0</total>
				<timestamp>998.471439</timestamp>
			</report>
			<report>
				<misses>154900001</misses>
				<total>0</total>
				<timestamp>999.120136</timestamp>
			</report>
			<report>
				<misses>155000001</misses>
				<total>0</total>
				<timestamp>999.769196</timestamp>
			</report>
			<report>
				<misses>155100001</misses>
				<total>0</total>
				<timestamp>1000.418675</timestamp>
			</report>
			<report>
				<misses>155200001</misses>
				<total>0</total>
				<timestamp>1001.067395</timestamp>
			</report>
			<report>
				<misses>155300001</misses>
				<total>0</total>
				<timestamp>1001.716012</timestamp>
			</report>
			<report>
				<misses>155400001</misses>
				<total>0</total>
				<timestamp>1002.365921</timestamp>
			</report>
			<report>
				<misses>155500001</misses>
				<total>0</total>
				<timestamp>1003.016381</timestamp>
			</report>
			<report>
				<misses>155600001</misses>
				<total>0</total>
				<timestamp>1003.665119</timestamp>
			</report>
			<report>
				<misses>155700001</misses>
				<total>0</total>
				<timestamp>1004.314854</timestamp>
			</report>
			<report>
				<misses>155800001</misses>
				<total>0</total>
				<timestamp>1004.965469</timestamp>
			</report>
			<report>
				<misses>155900001</misses>
				<total>0</total>
				<timestamp>1005.615124</timestamp>
			</report>
			<report>
				<misses>156000001</misses>
				<total>0</total>
				<timestamp>1006.263943</timestamp>
			</report>
			<report>
				<misses>156100001</misses>
				<total>0</total>
				<timestamp>1006.913460</timestamp>
			</report>
			<report>
				<misses>156200001</misses>
				<total>0</total>
				<timestamp>1007.562391</timestamp>
			</report>
			<report>
				<misses>156300001</misses>
				<total>0</total>
				<timestamp>1008.210495</timestamp>
			</report>
			<report>
				<misses>156400001</misses>
				<total>0</total>
				<timestamp>1008.859822</timestamp>
			</report>
			<report>
				<misses>156500001</misses>
				<total>0</total>
				<timestamp>1009.509621</timestamp>
			</report>
			<report>
				<misses>156600001</misses>
				<total>0</total>
				<timestamp>1010.158630</timestamp>
			</report>
			<report>
				<misses>156700001</misses>
				<total>0</total>
				<timestamp>1010.807869</timestamp>
			</report>
			<report>
				<misses>156800001</misses>
				<total>0</total>
				<timestamp>1011.457720</timestamp>
			</report>
			<report>
				<misses>156900001</misses>
				<total>0</total>
				<timestamp>1012.106659</timestamp>
			</report>
			<report>
				<misses>157000001</misses>
				<total>0</total>
				<timestamp>1012.759003</timestamp>
			</report>
			<report>
				<misses>157100001</misses>
				<total>0</total>
				<timestamp>1013.409601</timestamp>
			</report>
			<report>
				<misses>157200001</misses>
				<total>0</total>
				<timestamp>1014.060234</timestamp>
			</report>
			<report>
				<misses>157300001</misses>
				<total>0</total>
				<timestamp>1014.710334</timestamp>
			</report>
			<report>
				<misses>157400001</misses>
				<total>0</total>
				<timestamp>1015.361273</timestamp>
			</report>
			<report>
				<misses>157500001</misses>
				<total>0</total>
				<timestamp>1016.012588</timestamp>
			</report>
			<report>
				<misses>157600001</misses>
				<total>0</total>
				<timestamp>1016.662073</timestamp>
			</report>
			<report>
				<misses>157700001</misses>
				<total>0</total>
				<timestamp>1017.311549</timestamp>
			</report>
			<report>
				<misses>157800001</misses>
				<total>0</total>
				<timestamp>1017.950423</timestamp>
			</report>
			<report>
				<misses>157900001</misses>
				<total>0</total>
				<timestamp>1018.588025</timestamp>
			</report>
			<report>
				<misses>158000001</misses>
				<total>0</total>
				<timestamp>1019.226085</timestamp>
			</report>
			<report>
				<misses>158100001</misses>
				<total>0</total>
				<timestamp>1019.863867</timestamp>
			</report>
			<report>
				<misses>158200001</misses>
				<total>0</total>
				<timestamp>1020.502053</timestamp>
			</report>
			<report>
				<misses>158300001</misses>
				<total>0</total>
				<timestamp>1021.139770</timestamp>
			</report>
			<report>
				<misses>158400001</misses>
				<total>0</total>
				<timestamp>1021.778001</timestamp>
			</report>
			<report>
				<misses>158500001</misses>
				<total>0</total>
				<timestamp>1022.416156</timestamp>
			</report>
			<report>
				<misses>158600001</misses>
				<total>0</total>
				<timestamp>1023.054935</timestamp>
			</report>
			<report>
				<misses>158700001</misses>
				<total>0</total>
				<timestamp>1023.693025</timestamp>
			</report>
			<report>
				<misses>158800001</misses>
				<total>0</total>
				<timestamp>1024.330612</timestamp>
			</report>
			<report>
				<misses>158900001</misses>
				<total>0</total>
				<timestamp>1024.968777</timestamp>
			</report>
			<report>
				<misses>159000001</misses>
				<total>0</total>
				<timestamp>1025.605937</timestamp>
			</report>
			<report>
				<misses>159100001</misses>
				<total>0</total>
				<timestamp>1026.243284</timestamp>
			</report>
			<report>
				<misses>159200001</misses>
				<total>0</total>
				<timestamp>1026.880497</timestamp>
			</report>
			<report>
				<misses>159300001</misses>
				<total>0</total>
				<timestamp>1027.518792</timestamp>
			</report>
			<report>
				<misses>159400001</misses>
				<total>0</total>
				<timestamp>1028.157026</timestamp>
			</report>
			<report>
				<misses>159500001</misses>
				<total>0</total>
				<timestamp>1028.795119</timestamp>
			</report>
			<report>
				<misses>159600001</misses>
				<total>0</total>
				<timestamp>1029.433477</timestamp>
			</report>
			<report>
				<misses>159700001</misses>
				<total>0</total>
				<timestamp>1030.071338</timestamp>
			</report>
			<report>
				<misses>159800001</misses>
				<total>0</total>
				<timestamp>1030.708977</timestamp>
			</report>
			<report>
				<misses>159900001</misses>
				<total>0</total>
				<timestamp>1031.347108</timestamp>
			</report>
			<report>
				<misses>160000001</misses>
				<total>0</total>
				<timestamp>1031.985188</timestamp>
			</report>
			<report>
				<misses>160100001</misses>
				<total>0</total>
				<timestamp>1032.623431</timestamp>
			</report>
			<report>
				<misses>160200001</misses>
				<total>0</total>
				<timestamp>1033.261407</timestamp>
			</report>
			<report>
				<misses>160300001</misses>
				<total>0</total>
				<timestamp>1033.899945</timestamp>
			</report>
			<report>
				<misses>160400001</misses>
				<total>0</total>
				<timestamp>1034.538576</timestamp>
			</report>
			<report>
				<misses>160500001</misses>
				<total>0</total>
				<timestamp>1035.176955</timestamp>
			</report>
			<report>
				<misses>160600001</misses>
				<total>0</total>
				<timestamp>1035.815873</timestamp>
			</report>
			<report>
				<misses>160700001</misses>
				<total>0</total>
				<timestamp>1036.454802</timestamp>
			</report>
			<report>
				<misses>160800001</misses>
				<total>0</total>
				<timestamp>1037.094101</timestamp>
			</report>
			<report>
				<misses>160900001</misses>
				<total>0</total>
				<timestamp>1037.733640</timestamp>
			</report>
			<report>
				<misses>161000001</misses>
				<total>0</total>
				<timestamp>1038.373081</timestamp>
			</report>
			<report>
				<misses>161100001</misses>
				<total>0</total>
				<timestamp>1039.012668</timestamp>
			</report>
			<report>
				<misses>161200001</misses>
				<total>0</total>
				<timestamp>1039.652401</timestamp>
			</report>
			<report>
				<misses>161300001</misses>
				<total>0</total>
				<timestamp>1040.292186</timestamp>
			</report>
			<report>
				<misses>161400001</misses>
				<total>0</total>
				<timestamp>1040.931926</timestamp>
			</report>
			<report>
				<misses>161500001</misses>
				<total>0</total>
				<timestamp>1041.570833</timestamp>
			</report>
			<report>
				<misses>161600001</misses>
				<total>0</total>
				<timestamp>1042.210238</timestamp>
			</report>
			<report>
				<misses>161700001</misses>
				<total>0</total>
				<timestamp>1042.849375</timestamp>
			</report>
			<report>
				<misses>161800001</misses>
				<total>0</total>
				<timestamp>1043.487988</timestamp>
			</report>
			<report>
				<misses>161900001</misses>
				<total>0</total>
				<timestamp>1044.127438</timestamp>
			</report>
			<report>
				<misses>162000001</misses>
				<total>0</total>
				<timestamp>1044.767513</timestamp>
			</report>
			<report>
				<misses>162100001</misses>
				<total>0</total>
				<timestamp>1045.406466</timestamp>
			</report>
			<report>
				<misses>162200001</misses>
				<total>0</total>
				<timestamp>1046.045593</timestamp>
			</report>
			<report>
				<misses>162300001</misses>
				<total>0</total>
				<timestamp>1046.685483</timestamp>
			</report>
			<report>
				<misses>162400001</misses>
				<total>0</total>
				<timestamp>1047.325077</timestamp>
			</report>
			<report>
				<misses>162500001</misses>
				<total>0</total>
				<timestamp>1047.964498</timestamp>
			</report>
			<report>
				<misses>162600001</misses>
				<total>0</total>
				<timestamp>1048.604503</timestamp>
			</report>
			<report>
				<misses>162700001</misses>
				<total>0</total>
				<timestamp>1049.245087</timestamp>
			</report>
			<report>
				<misses>162800001</misses>
				<total>0</total>
				<timestamp>1049.885602</timestamp>
			</report>
			<report>
				<misses>162900001</misses>
				<total>0</total>
				<timestamp>1050.525555</timestamp>
			</report>
			<report>
				<misses>163000001</misses>
				<total>0</total>
				<timestamp>1051.165508</timestamp>
			</report>
			<report>
				<misses>163100001</misses>
				<total>0</total>
				<timestamp>1051.805713</timestamp>
			</report>
			<report>
				<misses>163200001</misses>
				<total>0</total>
				<timestamp>1052.444756</timestamp>
			</report>
			<report>
				<misses>163300001</misses>
				<total>0</total>
				<timestamp>1053.084084</timestamp>
			</report>
			<report>
				<misses>163400001</misses>
				<total>0</total>
				<timestamp>1053.723380</timestamp>
			</report>
			<report>
				<misses>163500001</misses>
				<total>0</total>
				<timestamp>1054.362622</timestamp>
			</report>
			<report>
				<misses>163600001</misses>
				<total>0</total>
				<timestamp>1055.001015</timestamp>
			</report>
			<report>
				<misses>163700001</misses>
				<total>0</total>
				<timestamp>1055.639391</timestamp>
			</report>
			<report>
				<misses>163800001</misses>
				<total>0</total>
				<timestamp>1056.276395</timestamp>
			</report>
			<report>
				<misses>163900001</misses>
				<total>0</total>
				<timestamp>1056.911290</timestamp>
			</report>
			<report>
				<misses>164000001</misses>
				<total>0</total>
				<timestamp>1057.546764</timestamp>
			</report>
			<report>
				<misses>164100001</misses>
				<total>0</total>
				<timestamp>1058.181978</timestamp>
			</report>
			<report>
				<misses>164200001</misses>
				<total>0</total>
				<timestamp>1058.816796</timestamp>
			</report>
			<report>
				<misses>164300001</misses>
				<total>0</total>
				<timestamp>1059.451622</timestamp>
			</report>
			<report>
				<misses>164400001</misses>
				<total>0</total>
				<timestamp>1060.086336</timestamp>
			</report>
			<report>
				<misses>164500001</misses>
				<total>0</total>
				<timestamp>1060.721027</timestamp>
			</report>
			<report>
				<misses>164600001</misses>
				<total>0</total>
				<timestamp>1061.355985</timestamp>
			</report>
			<report>
				<misses>164700001</misses>
				<total>0</total>
				<timestamp>1061.990817</timestamp>
			</report>
			<report>
				<misses>164800001</misses>
				<total>0</total>
				<timestamp>1062.626162</timestamp>
			</report>
			<report>
				<misses>164900001</misses>
				<total>0</total>
				<timestamp>1063.261030</timestamp>
			</report>
			<report>
				<misses>165000001</misses>
				<total>0</total>
				<timestamp>1063.896163</timestamp>
			</report>
			<report>
				<misses>165100001</misses>
				<total>0</total>
				<timestamp>1064.531520</timestamp>
			</report>
			<report>
				<misses>165200001</misses>
				<total>0</total>
				<timestamp>1065.165885</timestamp>
			</report>
			<report>
				<misses>165300001</misses>
				<total>0</total>
				<timestamp>1065.800431</timestamp>
			</report>
			<report>
				<misses>165400001</misses>
				<total>0</total>
				<timestamp>1066.435561</timestamp>
			</report>
			<report>
				<misses>165500001</misses>
				<total>0</total>
				<timestamp>1067.070030</timestamp>
			</report>
			<report>
				<misses>165600001</misses>
				<total>0</total>
				<timestamp>1067.705286</timestamp>
			</report>
			<report>
				<misses>165700001</misses>
				<total>0</total>
				<timestamp>1068.340022</timestamp>
			</report>
			<report>
				<misses>165800001</misses>
				<total>0</total>
				<timestamp>1068.974601</timestamp>
			</report>
			<report>
				<misses>165900001</misses>
				<total>0</total>
				<timestamp>1069.608452</timestamp>
			</report>
			<report>
				<misses>166000001</misses>
				<total>0</total>
				<timestamp>1070.242898</timestamp>
			</report>
			<report>
				<misses>166100001</misses>
				<total>0</total>
				<timestamp>1070.877888</timestamp>
			</report>
			<report>
				<misses>166200001</misses>
				<total>0</total>
				<timestamp>1071.511964</timestamp>
			</report>
			<report>
				<misses>166300001</misses>
				<total>0</total>
				<timestamp>1072.146527</timestamp>
			</report>
			<report>
				<misses>166400001</misses>
				<total>0</total>
				<timestamp>1072.797127</timestamp>
			</report>
			<report>
				<misses>166500001</misses>
				<total>0</total>
				<timestamp>1073.451395</timestamp>
			</report>
			<report>
				<misses>166600001</misses>
				<total>0</total>
				<timestamp>1074.107536</timestamp>
			</report>
			<report>
				<misses>166700001</misses>
				<total>0</total>
				<timestamp>1074.762103</timestamp>
			</report>
			<report>
				<misses>166800001</misses>
				<total>0</total>
				<timestamp>1075.413924</timestamp>
			</report>
			<report>
				<misses>166900001</misses>
				<total>0</total>
				<timestamp>1076.064802</timestamp>
			</report>
			<report>
				<misses>167000001</misses>
				<total>0</total>
				<timestamp>1076.716869</timestamp>
			</report>
			<report>
				<misses>167100001</misses>
				<total>0</total>
				<timestamp>1077.369416</timestamp>
			</report>
			<report>
				<misses>167200001</misses>
				<total>0</total>
				<timestamp>1078.021784</timestamp>
			</report>
			<report>
				<misses>167300001</misses>
				<total>0</total>
				<timestamp>1078.673824</timestamp>
			</report>
			<report>
				<misses>167400001</misses>
				<total>0</total>
				<timestamp>1079.326194</timestamp>
			</report>
			<report>
				<misses>167500001</misses>
				<total>0</total>
				<timestamp>1079.979143</timestamp>
			</report>
			<report>
				<misses>167600001</misses>
				<total>0</total>
				<timestamp>1080.632690</timestamp>
			</report>
			<report>
				<misses>167700001</misses>
				<total>0</total>
				<timestamp>1081.287413</timestamp>
			</report>
			<report>
				<misses>167800001</misses>
				<total>0</total>
				<timestamp>1081.941961</timestamp>
			</report>
			<report>
				<misses>167900001</misses>
				<total>0</total>
				<timestamp>1082.596625</timestamp>
			</report>
			<report>
				<misses>168000001</misses>
				<total>0</total>
				<timestamp>1083.251087</timestamp>
			</report>
			<report>
				<misses>168100001</misses>
				<total>0</total>
				<timestamp>1083.904038</timestamp>
			</report>
			<report>
				<misses>168200001</misses>
				<total>0</total>
				<timestamp>1084.557202</timestamp>
			</report>
			<report>
				<misses>168300001</misses>
				<total>0</total>
				<timestamp>1085.211493</timestamp>
			</report>
			<report>
				<misses>168400001</misses>
				<total>0</total>
				<timestamp>1085.865372</timestamp>
			</report>
			<report>
				<misses>168500001</misses>
				<total>0</total>
				<timestamp>1086.519714</timestamp>
			</report>
			<report>
				<misses>168600001</misses>
				<total>0</total>
				<timestamp>1087.174198</timestamp>
			</report>
			<report>
				<misses>168700001</misses>
				<total>0</total>
				<timestamp>1087.827189</timestamp>
			</report>
			<report>
				<misses>168800001</misses>
				<total>0</total>
				<timestamp>1088.480911</timestamp>
			</report>
			<report>
				<misses>168900001</misses>
				<total>0</total>
				<timestamp>1089.134653</timestamp>
			</report>
			<report>
				<misses>169000001</misses>
				<total>0</total>
				<timestamp>1089.789109</timestamp>
			</report>
			<report>
				<misses>169100001</misses>
				<total>0</total>
				<timestamp>1090.443641</timestamp>
			</report>
			<report>
				<misses>169200001</misses>
				<total>0</total>
				<timestamp>1091.098321</timestamp>
			</report>
			<report>
				<misses>169300001</misses>
				<total>0</total>
				<timestamp>1091.746752</timestamp>
			</report>
			<report>
				<misses>169400001</misses>
				<total>0</total>
				<timestamp>1092.396482</timestamp>
			</report>
			<report>
				<misses>169500001</misses>
				<total>0</total>
				<timestamp>1093.042551</timestamp>
			</report>
			<report>
				<misses>169600001</misses>
				<total>0</total>
				<timestamp>1093.692469</timestamp>
			</report>
			<report>
				<misses>169700001</misses>
				<total>0</total>
				<timestamp>1094.343123</timestamp>
			</report>
			<report>
				<misses>169800001</misses>
				<total>0</total>
				<timestamp>1094.994030</timestamp>
			</report>
			<report>
				<misses>169900001</misses>
				<total>0</total>
				<timestamp>1095.644631</timestamp>
			</report>
			<report>
				<misses>170000001</misses>
				<total>0</total>
				<timestamp>1096.296373</timestamp>
			</report>
			<report>
				<misses>170100001</misses>
				<total>0</total>
				<timestamp>1096.952372</timestamp>
			</report>
			<report>
				<misses>170200001</misses>
				<total>0</total>
				<timestamp>1097.604114</timestamp>
			</report>
			<report>
				<misses>170300001</misses>
				<total>0</total>
				<timestamp>1098.257446</timestamp>
			</report>
			<report>
				<misses>170400001</misses>
				<total>0</total>
				<timestamp>1098.908629</timestamp>
			</report>
			<report>
				<misses>170500001</misses>
				<total>0</total>
				<timestamp>1099.561014</timestamp>
			</report>
			<report>
				<misses>170600001</misses>
				<total>0</total>
				<timestamp>1100.212241</timestamp>
			</report>
			<report>
				<misses>170700001</misses>
				<total>0</total>
				<timestamp>1100.862756</timestamp>
			</report>
			<report>
				<misses>170800001</misses>
				<total>0</total>
				<timestamp>1101.514403</timestamp>
			</report>
			<report>
				<misses>170900001</misses>
				<total>0</total>
				<timestamp>1102.166000</timestamp>
			</report>
			<report>
				<misses>171000001</misses>
				<total>0</total>
				<timestamp>1102.817430</timestamp>
			</report>
			<report>
				<misses>171100001</misses>
				<total>0</total>
				<timestamp>1103.469358</timestamp>
			</report>
			<report>
				<misses>171200001</misses>
				<total>0</total>
				<timestamp>1104.119906</timestamp>
			</report>
			<report>
				<misses>171300001</misses>
				<total>0</total>
				<timestamp>1104.770282</timestamp>
			</report>
			<report>
				<misses>171400001</misses>
				<total>0</total>
				<timestamp>1105.420429</timestamp>
			</report>
			<report>
				<misses>171500001</misses>
				<total>0</total>
				<timestamp>1106.071867</timestamp>
			</report>
			<report>
				<misses>171600001</misses>
				<total>0</total>
				<timestamp>1106.722190</timestamp>
			</report>
			<report>
				<misses>171700001</misses>
				<total>0</total>
				<timestamp>1107.373171</timestamp>
			</report>
			<report>
				<misses>171800001</misses>
				<total>0</total>
				<timestamp>1108.023777</timestamp>
			</report>
			<report>
				<misses>171900001</misses>
				<total>0</total>
				<timestamp>1108.675363</timestamp>
			</report>
			<report>
				<misses>172000001</misses>
				<total>0</total>
				<timestamp>1109.326485</timestamp>
			</report>
			<report>
				<misses>172100001</misses>
				<total>0</total>
				<timestamp>1109.977310</timestamp>
			</report>
			<report>
				<misses>172200001</misses>
				<total>0</total>
				<timestamp>1110.628089</timestamp>
			</report>
			<report>
				<misses>172300001</misses>
				<total>0</total>
				<timestamp>1111.282270</timestamp>
			</report>
			<report>
				<misses>172400001</misses>
				<total>0</total>
				<timestamp>1111.934540</timestamp>
			</report>
			<report>
				<misses>172500001</misses>
				<total>0</total>
				<timestamp>1112.586133</timestamp>
			</report>
			<report>
				<misses>172600001</misses>
				<total>0</total>
				<timestamp>1113.248466</timestamp>
			</report>
			<report>
				<misses>172700001</misses>
				<total>0</total>
				<timestamp>1113.900568</timestamp>
			</report>
			<report>
				<misses>172800001</misses>
				<total>0</total>
				<timestamp>1114.553470</timestamp>
			</report>
			<report>
				<misses>172900001</misses>
				<total>0</total>
				<timestamp>1115.206416</timestamp>
			</report>
			<report>
				<misses>173000001</misses>
				<total>0</total>
				<timestamp>1115.859006</timestamp>
			</report>
			<report>
				<misses>173100001</misses>
				<total>0</total>
				<timestamp>1116.511440</timestamp>
			</report>
			<report>
				<misses>173200001</misses>
				<total>0</total>
				<timestamp>1117.163076</timestamp>
			</report>
			<report>
				<misses>173300001</misses>
				<total>0</total>
				<timestamp>1117.815123</timestamp>
			</report>
			<report>
				<misses>173400001</misses>
				<total>0</total>
				<timestamp>1118.466838</timestamp>
			</report>
			<report>
				<misses>173500001</misses>
				<total>0</total>
				<timestamp>1119.117888</timestamp>
			</report>
			<report>
				<misses>173600001</misses>
				<total>0</total>
				<timestamp>1119.764297</timestamp>
			</report>
			<report>
				<misses>173700001</misses>
				<total>0</total>
				<timestamp>1120.406986</timestamp>
			</report>
			<report>
				<misses>173800001</misses>
				<total>0</total>
				<timestamp>1121.048599</timestamp>
			</report>
			<report>
				<misses>173900001</misses>
				<total>0</total>
				<timestamp>1121.691933</timestamp>
			</report>
			<report>
				<misses>174000001</misses>
				<total>0</total>
				<timestamp>1122.335372</timestamp>
			</report>
			<report>
				<misses>174100001</misses>
				<total>0</total>
				<timestamp>1122.978287</timestamp>
			</report>
			<report>
				<misses>174200001</misses>
				<total>0</total>
				<timestamp>1123.620956</timestamp>
			</report>
			<report>
				<misses>174300001</misses>
				<total>0</total>
				<timestamp>1124.263780</timestamp>
			</report>
			<report>
				<misses>174400001</misses>
				<total>0</total>
				<timestamp>1124.906348</timestamp>
			</report>
			<report>
				<misses>174500001</misses>
				<total>0</total>
				<timestamp>1125.548973</timestamp>
			</report>
			<report>
				<misses>174600001</misses>
				<total>0</total>
				<timestamp>1126.190354</timestamp>
			</report>
			<report>
				<misses>174700001</misses>
				<total>0</total>
				<timestamp>1126.832056</timestamp>
			</report>
			<report>
				<misses>174800001</misses>
				<total>0</total>
				<timestamp>1127.474843</timestamp>
			</report>
			<report>
				<misses>174900001</misses>
				<total>0</total>
				<timestamp>1128.117238</timestamp>
			</report>
			<report>
				<misses>175000001</misses>
				<total>0</total>
				<timestamp>1128.760125</timestamp>
			</report>
			<report>
				<misses>175100001</misses>
				<total>0</total>
				<timestamp>1129.402218</timestamp>
			</report>
			<report>
				<misses>175200001</misses>
				<total>0</total>
				<timestamp>1130.044672</timestamp>
			</report>
			<report>
				<misses>175300001</misses>
				<total>0</total>
				<timestamp>1130.686446</timestamp>
			</report>
			<report>
				<misses>175400001</misses>
				<total>0</total>
				<timestamp>1131.327777</timestamp>
			</report>
			<report>
				<misses>175500001</misses>
				<total>0</total>
				<timestamp>1131.969456</timestamp>
			</report>
			<report>
				<misses>175600001</misses>
				<total>0</total>
				<timestamp>1132.611197</timestamp>
			</report>
			<report>
				<misses>175700001</misses>
				<total>0</total>
				<timestamp>1133.253228</timestamp>
			</report>
			<report>
				<misses>175800001</misses>
				<total>0</total>
				<timestamp>1133.894675</timestamp>
			</report>
			<report>
				<misses>175900001</misses>
				<total>0</total>
				<timestamp>1134.536883</timestamp>
			</report>
			<report>
				<misses>176000001</misses>
				<total>0</total>
				<timestamp>1135.179382</timestamp>
			</report>
			<report>
				<misses>176100001</misses>
				<total>0</total>
				<timestamp>1135.820616</timestamp>
			</report>
			<report>
				<misses>176200001</misses>
				<total>0</total>
				<timestamp>1136.462462</timestamp>
			</report>
			<report>
				<misses>176300001</misses>
				<total>0</total>
				<timestamp>1137.104659</timestamp>
			</report>
			<report>
				<misses>176400001</misses>
				<total>0</total>
				<timestamp>1137.746030</timestamp>
			</report>
			<report>
				<misses>176500001</misses>
				<total>0</total>
				<timestamp>1138.388198</timestamp>
			</report>
			<report>
				<misses>176600001</misses>
				<total>0</total>
				<timestamp>1139.029508</timestamp>
			</report>
			<report>
				<misses>176700001</misses>
				<total>0</total>
				<timestamp>1139.670155</timestamp>
			</report>
			<report>
				<misses>176800001</misses>
				<total>0</total>
				<timestamp>1140.312787</timestamp>
			</report>
			<report>
				<misses>176900001</misses>
				<total>0</total>
				<timestamp>1140.954937</timestamp>
			</report>
			<report>
				<misses>177000001</misses>
				<total>0</total>
				<timestamp>1141.597376</timestamp>
			</report>
			<report>
				<misses>177100001</misses>
				<total>0</total>
				<timestamp>1142.237370</timestamp>
			</report>
			<report>
				<misses>177200001</misses>
				<total>0</total>
				<timestamp>1142.876124</timestamp>
			</report>
			<report>
				<misses>177300001</misses>
				<total>0</total>
				<timestamp>1143.515433</timestamp>
			</report>
			<report>
				<misses>177400001</misses>
				<total>0</total>
				<timestamp>1144.153816</timestamp>
			</report>
			<report>
				<misses>177500001</misses>
				<total>0</total>
				<timestamp>1144.792518</timestamp>
			</report>
			<report>
				<misses>177600001</misses>
				<total>0</total>
				<timestamp>1145.430734</timestamp>
			</report>
			<report>
				<misses>177700001</misses>
				<total>0</total>
				<timestamp>1146.069080</timestamp>
			</report>
			<report>
				<misses>177800001</misses>
				<total>0</total>
				<timestamp>1146.707564</timestamp>
			</report>
			<report>
				<misses>177900001</misses>
				<total>0</total>
				<timestamp>1147.345007</timestamp>
			</report>
			<report>
				<misses>178000001</misses>
				<total>0</total>
				<timestamp>1147.981954</timestamp>
			</report>
			<report>
				<misses>178100001</misses>
				<total>0</total>
				<timestamp>1148.620350</timestamp>
			</report>
			<report>
				<misses>178200001</misses>
				<total>0</total>
				<timestamp>1149.258840</timestamp>
			</report>
			<report>
				<misses>178300001</misses>
				<total>0</total>
				<timestamp>1149.898699</timestamp>
			</report>
			<report>
				<misses>178400001</misses>
				<total>0</total>
				<timestamp>1150.538170</timestamp>
			</report>
			<report>
				<misses>178500001</misses>
				<total>0</total>
				<timestamp>1151.176841</timestamp>
			</report>
			<report>
				<misses>178600001</misses>
				<total>0</total>
				<timestamp>1151.815878</timestamp>
			</report>
			<report>
				<misses>178700001</misses>
				<total>0</total>
				<timestamp>1152.455603</timestamp>
			</report>
			<report>
				<misses>178800001</misses>
				<total>0</total>
				<timestamp>1153.095864</timestamp>
			</report>
			<report>
				<misses>178900001</misses>
				<total>0</total>
				<timestamp>1153.736039</timestamp>
			</report>
			<report>
				<misses>179000001</misses>
				<total>0</total>
				<timestamp>1154.375865</timestamp>
			</report>
			<report>
				<misses>179100001</misses>
				<total>0</total>
				<timestamp>1155.014956</timestamp>
			</report>
			<report>
				<misses>179200001</misses>
				<total>0</total>
				<timestamp>1155.653964</timestamp>
			</report>
			<report>
				<misses>179300001</misses>
				<total>0</total>
				<timestamp>1156.293823</timestamp>
			</report>
			<report>
				<misses>179400001</misses>
				<total>0</total>
				<timestamp>1156.933440</timestamp>
			</report>
			<report>
				<misses>179500001</misses>
				<total>0</total>
				<timestamp>1157.572667</timestamp>
			</report>
			<report>
				<misses>179600001</misses>
				<total>0</total>
				<timestamp>1158.210810</timestamp>
			</report>
			<report>
				<misses>179700001</misses>
				<total>0</total>
				<timestamp>1158.849296</timestamp>
			</report>
			<report>
				<misses>179800001</misses>
				<total>0</total>
				<timestamp>1159.487866</timestamp>
			</report>
			<report>
				<misses>179900001</misses>
				<total>0</total>
				<timestamp>1160.125843</timestamp>
			</report>
			<report>
				<misses>180000001</misses>
				<total>0</total>
				<timestamp>1160.764452</timestamp>
			</report>
			<report>
				<misses>180100001</misses>
				<total>0</total>
				<timestamp>1161.402917</timestamp>
			</report>
			<report>
				<misses>180200001</misses>
				<total>0</total>
				<timestamp>1162.041197</timestamp>
			</report>
			<report>
				<misses>180300001</misses>
				<total>0</total>
				<timestamp>1162.679035</timestamp>
			</report>
			<report>
				<misses>180400001</misses>
				<total>0</total>
				<timestamp>1163.314907</timestamp>
			</report>
			<report>
				<misses>180500001</misses>
				<total>0</total>
				<timestamp>1163.950271</timestamp>
			</report>
			<report>
				<misses>180600001</misses>
				<total>0</total>
				<timestamp>1164.585305</timestamp>
			</report>
			<report>
				<misses>180700001</misses>
				<total>0</total>
				<timestamp>1165.220450</timestamp>
			</report>
			<report>
				<misses>180800001</misses>
				<total>0</total>
				<timestamp>1165.855071</timestamp>
			</report>
			<report>
				<misses>180900001</misses>
				<total>0</total>
				<timestamp>1166.489483</timestamp>
			</report>
			<report>
				<misses>181000001</misses>
				<total>0</total>
				<timestamp>1167.125192</timestamp>
			</report>
			<report>
				<misses>181100001</misses>
				<total>0</total>
				<timestamp>1167.760250</timestamp>
			</report>
			<report>
				<misses>181200001</misses>
				<total>0</total>
				<timestamp>1168.395913</timestamp>
			</report>
			<report>
				<misses>181300001</misses>
				<total>0</total>
				<timestamp>1169.031957</timestamp>
			</report>
			<report>
				<misses>181400001</misses>
				<total>0</total>
				<timestamp>1169.668299</timestamp>
			</report>
			<report>
				<misses>181500001</misses>
				<total>0</total>
				<timestamp>1170.304408</timestamp>
			</report>
			<report>
				<misses>181600001</misses>
				<total>0</total>
				<timestamp>1170.940782</timestamp>
			</report>
			<report>
				<misses>181700001</misses>
				<total>0</total>
				<timestamp>1171.576687</timestamp>
			</report>
			<report>
				<misses>181800001</misses>
				<total>0</total>
				<timestamp>1172.212022</timestamp>
			</report>
			<report>
				<misses>181900001</misses>
				<total>0</total>
				<timestamp>1172.854491</timestamp>
			</report>
			<report>
				<misses>182000001</misses>
				<total>0</total>
				<timestamp>1173.509251</timestamp>
			</report>
			<report>
				<misses>182100001</misses>
				<total>0</total>
				<timestamp>1174.163675</timestamp>
			</report>
			<report>
				<misses>182200001</misses>
				<total>0</total>
				<timestamp>1174.818238</timestamp>
			</report>
			<report>
				<misses>182300001</misses>
				<total>0</total>
				<timestamp>1175.471026</timestamp>
			</report>
			<report>
				<misses>182400001</misses>
				<total>0</total>
				<timestamp>1176.124094</timestamp>
			</report>
			<report>
				<misses>182500001</misses>
				<total>0</total>
				<timestamp>1176.777110</timestamp>
			</report>
			<report>
				<misses>182600001</misses>
				<total>0</total>
				<timestamp>1177.431587</timestamp>
			</report>
			<report>
				<misses>182700001</misses>
				<total>0</total>
				<timestamp>1178.086197</timestamp>
			</report>
			<report>
				<misses>182800001</misses>
				<total>0</total>
				<timestamp>1178.739416</timestamp>
			</report>
			<report>
				<misses>182900001</misses>
				<total>0</total>
				<timestamp>1179.393914</timestamp>
			</report>
			<report>
				<misses>183000001</misses>
				<total>0</total>
				<timestamp>1180.047665</timestamp>
			</report>
			<report>
				<misses>183100001</misses>
				<total>0</total>
				<timestamp>1180.702694</timestamp>
			</report>
			<report>
				<misses>183200001</misses>
				<total>0</total>
				<timestamp>1181.357183</timestamp>
			</report>
			<report>
				<misses>183300001</misses>
				<total>0</total>
				<timestamp>1182.011283</timestamp>
			</report>
			<report>
				<misses>183400001</misses>
				<total>0</total>
				<timestamp>1182.664201</timestamp>
			</report>
			<report>
				<misses>183500001</misses>
				<total>0</total>
				<timestamp>1183.318226</timestamp>
			</report>
			<report>
				<misses>183600001</misses>
				<total>0</total>
				<timestamp>1183.971741</timestamp>
			</report>
			<report>
				<misses>183700001</misses>
				<total>0</total>
				<timestamp>1184.625369</timestamp>
			</report>
			<report>
				<misses>183800001</misses>
				<total>0</total>
				<timestamp>1185.276410</timestamp>
			</report>
			<report>
				<misses>183900001</misses>
				<total>0</total>
				<timestamp>1185.924602</timestamp>
			</report>
			<report>
				<misses>184000001</misses>
				<total>0</total>
				<timestamp>1186.580779</timestamp>
			</report>
			<report>
				<misses>184100001</misses>
				<total>0</total>
				<timestamp>1187.228502</timestamp>
			</report>
			<report>
				<misses>184200001</misses>
				<total>0</total>
				<timestamp>1187.876809</timestamp>
			</report>
			<report>
				<misses>184300001</misses>
				<total>0</total>
				<timestamp>1188.524969</timestamp>
			</report>
			<report>
				<misses>184400001</misses>
				<total>0</total>
				<timestamp>1189.172556</timestamp>
			</report>
			<report>
				<misses>184500001</misses>
				<total>0</total>
				<timestamp>1189.824867</timestamp>
			</report>
			<report>
				<misses>184600001</misses>
				<total>0</total>
				<timestamp>1190.472435</timestamp>
			</report>
			<report>
				<misses>184700001</misses>
				<total>0</total>
				<timestamp>1191.120614</timestamp>
			</report>
			<report>
				<misses>184800001</misses>
				<total>0</total>
				<timestamp>1191.770151</timestamp>
			</report>
			<report>
				<misses>184900001</misses>
				<total>0</total>
				<timestamp>1192.418363</timestamp>
			</report>
			<report>
				<misses>185000001</misses>
				<total>0</total>
				<timestamp>1193.066358</timestamp>
			</report>
			<report>
				<misses>185100001</misses>
				<total>0</total>
				<timestamp>1193.716166</timestamp>
			</report>
			<report>
				<misses>185200001</misses>
				<total>0</total>
				<timestamp>1194.364192</timestamp>
			</report>
			<report>
				<misses>185300001</misses>
				<total>0</total>
				<timestamp>1195.012677</timestamp>
			</report>
			<report>
				<misses>185400001</misses>
				<total>0</total>
				<timestamp>1195.662201</timestamp>
			</report>
			<report>
				<misses>185500001</misses>
				<total>0</total>
				<timestamp>1196.310446</timestamp>
			</report>
			<report>
				<misses>185600001</misses>
				<total>0</total>
				<timestamp>1196.958699</timestamp>
			</report>
			<report>
				<misses>185700001</misses>
				<total>0</total>
				<timestamp>1197.608394</timestamp>
			</report>
			<report>
				<misses>185800001</misses>
				<total>0</total>
				<timestamp>1198.259264</timestamp>
			</report>
			<report>
				<misses>185900001</misses>
				<total>0</total>
				<timestamp>1198.909878</timestamp>
			</report>
			<report>
				<misses>186000001</misses>
				<total>0</total>
				<timestamp>1199.557914</timestamp>
			</report>
			<report>
				<misses>186100001</misses>
				<total>0</total>
				<timestamp>1200.205981</timestamp>
			</report>
			<report>
				<misses>186200001</misses>
				<total>0</total>
				<timestamp>1200.854109</timestamp>
			</report>
			<report>
				<misses>186300001</misses>
				<total>0</total>
				<timestamp>1201.502172</timestamp>
			</report>
			<report>
				<misses>186400001</misses>
				<total>0</total>
				<timestamp>1202.150063</timestamp>
			</report>
			<report>
				<misses>186500001</misses>
				<total>0</total>
				<timestamp>1202.797651</timestamp>
			</report>
			<report>
				<misses>186600001</misses>
				<total>0</total>
				<timestamp>1203.445400</timestamp>
			</report>
			<report>
				<misses>186700001</misses>
				<total>0</total>
				<timestamp>1204.093565</timestamp>
			</report>
			<report>
				<misses>186800001</misses>
				<total>0</total>
				<timestamp>1204.741838</timestamp>
			</report>
			<report>
				<misses>186900001</misses>
				<total>0</total>
				<timestamp>1205.389998</timestamp>
			</report>
			<report>
				<misses>187000001</misses>
				<total>0</total>
				<timestamp>1206.038205</timestamp>
			</report>
			<report>
				<misses>187100001</misses>
				<total>0</total>
				<timestamp>1206.686551</timestamp>
			</report>
			<report>
				<misses>187200001</misses>
				<total>0</total>
				<timestamp>1207.334228</timestamp>
			</report>
			<report>
				<misses>187300001</misses>
				<total>0</total>
				<timestamp>1207.986238</timestamp>
			</report>
			<report>
				<misses>187400001</misses>
				<total>0</total>
				<timestamp>1208.635236</timestamp>
			</report>
			<report>
				<misses>187500001</misses>
				<total>0</total>
				<timestamp>1209.283922</timestamp>
			</report>
			<report>
				<misses>187600001</misses>
				<total>0</total>
				<timestamp>1209.932823</timestamp>
			</report>
			<report>
				<misses>187700001</misses>
				<total>0</total>
				<timestamp>1210.580209</timestamp>
			</report>
			<report>
				<misses>187800001</misses>
				<total>0</total>
				<timestamp>1211.229564</timestamp>
			</report>
			<report>
				<misses>187900001</misses>
				<total>0</total>
				<timestamp>1211.878906</timestamp>
			</report>
			<report>
				<misses>188000001</misses>
				<total>0</total>
				<timestamp>1212.528134</timestamp>
			</report>
			<report>
				<misses>188100001</misses>
				<total>0</total>
				<timestamp>1213.178804</timestamp>
			</report>
			<report>
				<misses>188200001</misses>
				<total>0</total>
				<timestamp>1213.828192</timestamp>
			</report>
			<report>
				<misses>188300001</misses>
				<total>0</total>
				<timestamp>1214.477669</timestamp>
			</report>
			<report>
				<misses>188400001</misses>
				<total>0</total>
				<timestamp>1215.126940</timestamp>
			</report>
			<report>
				<misses>188500001</misses>
				<total>0</total>
				<timestamp>1215.776184</timestamp>
			</report>
			<report>
				<misses>188600001</misses>
				<total>0</total>
				<timestamp>1216.425197</timestamp>
			</report>
			<report>
				<misses>188700001</misses>
				<total>0</total>
				<timestamp>1217.073775</timestamp>
			</report>
			<report>
				<misses>188800001</misses>
				<total>0</total>
				<timestamp>1217.722469</timestamp>
			</report>
			<report>
				<misses>188900001</misses>
				<total>0</total>
				<timestamp>1218.370822</timestamp>
			</report>
			<report>
				<misses>189000001</misses>
				<total>0</total>
				<timestamp>1219.019631</timestamp>
			</report>
			<report>
				<misses>189100001</misses>
				<total>0</total>
				<timestamp>1219.669148</timestamp>
			</report>
			<report>
				<misses>189200001</misses>
				<total>0</total>
				<timestamp>1220.320627</timestamp>
			</report>
			<report>
				<misses>189300001</misses>
				<total>0</total>
				<timestamp>1220.969299</timestamp>
			</report>
			<report>
				<misses>189400001</misses>
				<total>0</total>
				<timestamp>1221.620919</timestamp>
			</report>
			<report>
				<misses>189500001</misses>
				<total>0</total>
				<timestamp>1222.272343</timestamp>
			</report>
			<report>
				<misses>189600001</misses>
				<total>0</total>
				<timestamp>1222.921490</timestamp>
			</report>
			<report>
				<misses>189700001</misses>
				<total>0</total>
				<timestamp>1223.570592</timestamp>
			</report>
			<report>
				<misses>189800001</misses>
				<total>0</total>
				<timestamp>1224.219809</timestamp>
			</report>
			<report>
				<misses>189900001</misses>
				<total>0</total>
				<timestamp>1224.867965</timestamp>
			</report>
			<report>
				<misses>190000001</misses>
				<total>0</total>
				<timestamp>1225.516963</timestamp>
			</report>
			<report>
				<misses>190100001</misses>
				<total>0</total>
				<timestamp>1226.171561</timestamp>
			</report>
			<report>
				<misses>190200001</misses>
				<total>0</total>
				<timestamp>1226.822639</timestamp>
			</report>
			<report>
				<misses>190300001</misses>
				<total>0</total>
				<timestamp>1227.474400</timestamp>
			</report>
			<report>
				<misses>190400001</misses>
				<total>0</total>
				<timestamp>1228.127349</timestamp>
			</report>
			<report>
				<misses>190500001</misses>
				<total>0</total>
				<timestamp>1228.779776</timestamp>
			</report>
			<report>
				<misses>190600001</misses>
				<total>0</total>
				<timestamp>1229.432189</timestamp>
			</report>
			<report>
				<misses>190700001</misses>
				<total>0</total>
				<timestamp>1230.085456</timestamp>
			</report>
			<report>
				<misses>190800001</misses>
				<total>0</total>
				<timestamp>1230.738231</timestamp>
			</report>
			<report>
				<misses>190900001</misses>
				<total>0</total>
				<timestamp>1231.390934</timestamp>
			</report>
			<report>
				<misses>191000001</misses>
				<total>0</total>
				<timestamp>1232.042859</timestamp>
			</report>
			<report>
				<misses>191100001</misses>
				<total>0</total>
				<timestamp>1232.695367</timestamp>
			</report>
			<report>
				<misses>191200001</misses>
				<total>0</total>
				<timestamp>1233.347915</timestamp>
			</report>
			<report>
				<misses>191300001</misses>
				<total>0</total>
				<timestamp>1233.999697</timestamp>
			</report>
			<report>
				<misses>191400001</misses>
				<total>0</total>
				<timestamp>1234.650634</timestamp>
			</report>
			<report>
				<misses>191500001</misses>
				<total>0</total>
				<timestamp>1235.302271</timestamp>
			</report>
			<report>
				<misses>191600001</misses>
				<total>0</total>
				<timestamp>1235.953315</timestamp>
			</report>
			<report>
				<misses>191700001</misses>
				<total>0</total>
				<timestamp>1236.604664</timestamp>
			</report>
			<report>
				<misses>191800001</misses>
				<total>0</total>
				<timestamp>1237.256630</timestamp>
			</report>
			<report>
				<misses>191900001</misses>
				<total>0</total>
				<timestamp>1237.907541</timestamp>
			</report>
			<report>
				<misses>192000001</misses>
				<total>0</total>
				<timestamp>1238.553317</timestamp>
			</report>
			<report>
				<misses>192100001</misses>
				<total>0</total>
				<timestamp>1239.192162</timestamp>
			</report>
			<report>
				<misses>192200001</misses>
				<total>0</total>
				<timestamp>1239.830288</timestamp>
			</report>
			<report>
				<misses>192300001</misses>
				<total>0</total>
				<timestamp>1240.468376</timestamp>
			</report>
			<report>
				<misses>192400001</misses>
				<total>0</total>
				<timestamp>1241.106458</timestamp>
			</report>
			<report>
				<misses>192500001</misses>
				<total>0</total>
				<timestamp>1241.744674</timestamp>
			</report>
			<report>
				<misses>192600001</misses>
				<total>0</total>
				<timestamp>1242.382204</timestamp>
			</report>
			<report>
				<misses>192700001</misses>
				<total>0</total>
				<timestamp>1243.019285</timestamp>
			</report>
			<report>
				<misses>192800001</misses>
				<total>0</total>
				<timestamp>1243.656710</timestamp>
			</report>
			<report>
				<misses>192900001</misses>
				<total>0</total>
				<timestamp>1244.295451</timestamp>
			</report>
			<report>
				<misses>193000001</misses>
				<total>0</total>
				<timestamp>1244.933763</timestamp>
			</report>
			<report>
				<misses>193100001</misses>
				<total>0</total>
				<timestamp>1245.571942</timestamp>
			</report>
			<report>
				<misses>193200001</misses>
				<total>0</total>
				<timestamp>1246.210133</timestamp>
			</report>
			<report>
				<misses>193300001</misses>
				<total>0</total>
				<timestamp>1246.847611</timestamp>
			</report>
			<report>
				<misses>193400001</misses>
				<total>0</total>
				<timestamp>1247.485943</timestamp>
			</report>
			<report>
				<misses>193500001</misses>
				<total>0</total>
				<timestamp>1248.124058</timestamp>
			</report>
			<report>
				<misses>193600001</misses>
				<total>0</total>
				<timestamp>1248.762597</timestamp>
			</report>
			<report>
				<misses>193700001</misses>
				<total>0</total>
				<timestamp>1249.400565</timestamp>
			</report>
			<report>
				<misses>193800001</misses>
				<total>0</total>
				<timestamp>1250.038444</timestamp>
			</report>
			<report>
				<misses>193900001</misses>
				<total>0</total>
				<timestamp>1250.676589</timestamp>
			</report>
			<report>
				<misses>194000001</misses>
				<total>0</total>
				<timestamp>1251.314896</timestamp>
			</report>
			<report>
				<misses>194100001</misses>
				<total>0</total>
				<timestamp>1251.952215</timestamp>
			</report>
			<report>
				<misses>194200001</misses>
				<total>0</total>
				<timestamp>1252.590211</timestamp>
			</report>
			<report>
				<misses>194300001</misses>
				<total>0</total>
				<timestamp>1253.228959</timestamp>
			</report>
			<report>
				<misses>194400001</misses>
				<total>0</total>
				<timestamp>1253.866219</timestamp>
			</report>
			<report>
				<misses>194500001</misses>
				<total>0</total>
				<timestamp>1254.503340</timestamp>
			</report>
			<report>
				<misses>194600001</misses>
				<total>0</total>
				<timestamp>1255.141611</timestamp>
			</report>
			<report>
				<misses>194700001</misses>
				<total>0</total>
				<timestamp>1255.780146</timestamp>
			</report>
			<report>
				<misses>194800001</misses>
				<total>0</total>
				<timestamp>1256.418707</timestamp>
			</report>
			<report>
				<misses>194900001</misses>
				<total>0</total>
				<timestamp>1257.057060</timestamp>
			</report>
			<report>
				<misses>195000001</misses>
				<total>0</total>
				<timestamp>1257.694532</timestamp>
			</report>
			<report>
				<misses>195100001</misses>
				<total>0</total>
				<timestamp>1258.332524</timestamp>
			</report>
			<report>
				<misses>195200001</misses>
				<total>0</total>
				<timestamp>1258.970712</timestamp>
			</report>
			<report>
				<misses>195300001</misses>
				<total>0</total>
				<timestamp>1259.609708</timestamp>
			</report>
			<report>
				<misses>195400001</misses>
				<total>0</total>
				<timestamp>1260.247216</timestamp>
			</report>
			<report>
				<misses>195500001</misses>
				<total>0</total>
				<timestamp>1260.885334</timestamp>
			</report>
			<report>
				<misses>195600001</misses>
				<total>0</total>
				<timestamp>1261.522630</timestamp>
			</report>
			<report>
				<misses>195700001</misses>
				<total>0</total>
				<timestamp>1262.159701</timestamp>
			</report>
			<report>
				<misses>195800001</misses>
				<total>0</total>
				<timestamp>1262.797562</timestamp>
			</report>
			<report>
				<misses>195900001</misses>
				<total>0</total>
				<timestamp>1263.435165</timestamp>
			</report>
			<report>
				<misses>196000001</misses>
				<total>0</total>
				<timestamp>1264.072604</timestamp>
			</report>
			<report>
				<misses>196100001</misses>
				<total>0</total>
				<timestamp>1264.708710</timestamp>
			</report>
			<report>
				<misses>196200001</misses>
				<total>0</total>
				<timestamp>1265.347208</timestamp>
			</report>
			<report>
				<misses>196300001</misses>
				<total>0</total>
				<timestamp>1265.985580</timestamp>
			</report>
			<report>
				<misses>196400001</misses>
				<total>0</total>
				<timestamp>1266.623573</timestamp>
			</report>
			<report>
				<misses>196500001</misses>
				<total>0</total>
				<timestamp>1267.261805</timestamp>
			</report>
			<report>
				<misses>196600001</misses>
				<total>0</total>
				<timestamp>1267.901964</timestamp>
			</report>
			<report>
				<misses>196700001</misses>
				<total>0</total>
				<timestamp>1268.541275</timestamp>
			</report>
			<report>
				<misses>196800001</misses>
				<total>0</total>
				<timestamp>1269.180128</timestamp>
			</report>
			<report>
				<misses>196900001</misses>
				<total>0</total>
				<timestamp>1269.818664</timestamp>
			</report>
			<report>
				<misses>197000001</misses>
				<total>0</total>
				<timestamp>1270.456433</timestamp>
			</report>
			<report>
				<misses>197100001</misses>
				<total>0</total>
				<timestamp>1271.095284</timestamp>
			</report>
			<report>
				<misses>197200001</misses>
				<total>0</total>
				<timestamp>1271.733980</timestamp>
			</report>
			<report>
				<misses>197300001</misses>
				<total>0</total>
				<timestamp>1272.372121</timestamp>
			</report>
			<report>
				<misses>197400001</misses>
				<total>0</total>
				<timestamp>1273.011429</timestamp>
			</report>
			<report>
				<misses>197500001</misses>
				<total>0</total>
				<timestamp>1273.649919</timestamp>
			</report>
			<report>
				<misses>197600001</misses>
				<total>0</total>
				<timestamp>1274.289425</timestamp>
			</report>
			<report>
				<misses>197700001</misses>
				<total>0</total>
				<timestamp>1274.928252</timestamp>
			</report>
			<report>
				<misses>197800001</misses>
				<total>0</total>
				<timestamp>1275.580731</timestamp>
			</report>
			<report>
				<misses>197900001</misses>
				<total>0</total>
				<timestamp>1276.238191</timestamp>
			</report>
			<report>
				<misses>198000001</misses>
				<total>0</total>
				<timestamp>1276.895163</timestamp>
			</report>
			<report>
				<misses>198100001</misses>
				<total>0</total>
				<timestamp>1277.550492</timestamp>
			</report>
			<report>
				<misses>198200001</misses>
				<total>0</total>
				<timestamp>1278.207880</timestamp>
			</report>
			<report>
				<misses>198300001</misses>
				<total>0</total>
				<timestamp>1278.862261</timestamp>
			</report>
			<report>
				<misses>198400001</misses>
				<total>0</total>
				<timestamp>1279.518057</timestamp>
			</report>
			<report>
				<misses>198500001</misses>
				<total>0</total>
				<timestamp>1280.172033</timestamp>
			</report>
			<report>
				<misses>198600001</misses>
				<total>0</total>
				<timestamp>1280.825802</timestamp>
			</report>
			<report>
				<misses>198700001</misses>
				<total>0</total>
				<timestamp>1281.479376</timestamp>
			</report>
			<report>
				<misses>198800001</misses>
				<total>0</total>
				<timestamp>1282.134049</timestamp>
			</report>
			<report>
				<misses>198900001</misses>
				<total>0</total>
				<timestamp>1282.788552</timestamp>
			</report>
			<report>
				<misses>199000001</misses>
				<total>0</total>
				<timestamp>1283.442618</timestamp>
			</report>
			<report>
				<misses>199100001</misses>
				<total>0</total>
				<timestamp>1284.096058</timestamp>
			</report>
			<report>
				<misses>199200001</misses>
				<total>0</total>
				<timestamp>1284.749689</timestamp>
			</report>
			<report>
				<misses>199300001</misses>
				<total>0</total>
				<timestamp>1285.401918</timestamp>
			</report>
			<report>
				<misses>199400001</misses>
				<total>0</total>
				<timestamp>1286.055606</timestamp>
			</report>
			<report>
				<misses>199500001</misses>
				<total>0</total>
				<timestamp>1286.710223</timestamp>
			</report>
			<report>
				<misses>199600001</misses>
				<total>0</total>
				<timestamp>1287.362788</timestamp>
			</report>
			<report>
				<misses>199700001</misses>
				<total>0</total>
				<timestamp>1288.016640</timestamp>
			</report>
			<report>
				<misses>199800001</misses>
				<total>0</total>
				<timestamp>1288.670657</timestamp>
			</report>
			<report>
				<misses>199900001</misses>
				<total>0</total>
				<timestamp>1289.324317</timestamp>
			</report>
			<report>
				<misses>200000001</misses>
				<total>0</total>
				<timestamp>1289.978263</timestamp>
			</report>
			<report>
				<misses>200100001</misses>
				<total>0</total>
				<timestamp>1290.631379</timestamp>
			</report>
			<report>
				<misses>200200001</misses>
				<total>0</total>
				<timestamp>1291.284464</timestamp>
			</report>
			<report>
				<misses>200300001</misses>
				<total>0</total>
				<timestamp>1291.939082</timestamp>
			</report>
			<report>
				<misses>200400001</misses>
				<total>0</total>
				<timestamp>1292.592927</timestamp>
			</report>
			<report>
				<misses>200500001</misses>
				<total>0</total>
				<timestamp>1293.245727</timestamp>
			</report>
			<report>
				<misses>200600001</misses>
				<total>0</total>
				<timestamp>1293.895625</timestamp>
			</report>
			<report>
				<misses>200700001</misses>
				<total>0</total>
				<timestamp>1294.542198</timestamp>
			</report>
			<report>
				<misses>200800001</misses>
				<total>0</total>
				<timestamp>1295.190067</timestamp>
			</report>
			<report>
				<misses>200900001</misses>
				<total>0</total>
				<timestamp>1295.837785</timestamp>
			</report>
			<report>
				<misses>201000001</misses>
				<total>0</total>
				<timestamp>1296.485601</timestamp>
			</report>
			<report>
				<misses>201100001</misses>
				<total>0</total>
				<timestamp>1297.132643</timestamp>
			</report>
			<report>
				<misses>201200001</misses>
				<total>0</total>
				<timestamp>1297.781899</timestamp>
			</report>
			<report>
				<misses>201300001</misses>
				<total>0</total>
				<timestamp>1298.429958</timestamp>
			</report>
			<report>
				<misses>201400001</misses>
				<total>0</total>
				<timestamp>1299.076513</timestamp>
			</report>
			<report>
				<misses>201500001</misses>
				<total>0</total>
				<timestamp>1299.724083</timestamp>
			</report>
			<report>
				<misses>201600001</misses>
				<total>0</total>
				<timestamp>1300.372336</timestamp>
			</report>
			<report>
				<misses>201700001</misses>
				<total>0</total>
				<timestamp>1301.018283</timestamp>
			</report>
			<report>
				<misses>201800001</misses>
				<total>0</total>
				<timestamp>1301.665853</timestamp>
			</report>
			<report>
				<misses>201900001</misses>
				<total>0</total>
				<timestamp>1302.313979</timestamp>
			</report>
			<report>
				<misses>202000001</misses>
				<total>0</total>
				<timestamp>1302.963056</timestamp>
			</report>
			<report>
				<misses>202100001</misses>
				<total>0</total>
				<timestamp>1303.610364</timestamp>
			</report>
			<report>
				<misses>202200001</misses>
				<total>0</total>
				<timestamp>1304.260627</timestamp>
			</report>
			<report>
				<misses>202300001</misses>
				<total>0</total>
				<timestamp>1304.909791</timestamp>
			</report>
			<report>
				<misses>202400001</misses>
				<total>0</total>
				<timestamp>1305.557574</timestamp>
			</report>
			<report>
				<misses>202500001</misses>
				<total>0</total>
				<timestamp>1306.205685</timestamp>
			</report>
			<report>
				<misses>202600001</misses>
				<total>0</total>
				<timestamp>1306.852207</timestamp>
			</report>
			<report>
				<misses>202700001</misses>
				<total>0</total>
				<timestamp>1307.500798</timestamp>
			</report>
			<report>
				<misses>202800001</misses>
				<total>0</total>
				<timestamp>1308.147952</timestamp>
			</report>
			<report>
				<misses>202900001</misses>
				<total>0</total>
				<timestamp>1308.794833</timestamp>
			</report>
			<report>
				<misses>203000001</misses>
				<total>0</total>
				<timestamp>1309.442778</timestamp>
			</report>
			<report>
				<misses>203100001</misses>
				<total>0</total>
				<timestamp>1310.093236</timestamp>
			</report>
			<report>
				<misses>203200001</misses>
				<total>0</total>
				<timestamp>1310.746492</timestamp>
			</report>
			<report>
				<misses>203300001</misses>
				<total>0</total>
				<timestamp>1311.396571</timestamp>
			</report>
			<report>
				<misses>203400001</misses>
				<total>0</total>
				<timestamp>1312.047321</timestamp>
			</report>
			<report>
				<misses>203500001</misses>
				<total>0</total>
				<timestamp>1312.698826</timestamp>
			</report>
			<report>
				<misses>203600001</misses>
				<total>0</total>
				<timestamp>1313.349694</timestamp>
			</report>
			<report>
				<misses>203700001</misses>
				<total>0</total>
				<timestamp>1314.000398</timestamp>
			</report>
			<report>
				<misses>203800001</misses>
				<total>0</total>
				<timestamp>1314.651903</timestamp>
			</report>
			<report>
				<misses>203900001</misses>
				<total>0</total>
				<timestamp>1315.302711</timestamp>
			</report>
			<report>
				<misses>204000001</misses>
				<total>0</total>
				<timestamp>1315.952657</timestamp>
			</report>
			<report>
				<misses>204100001</misses>
				<total>0</total>
				<timestamp>1316.604668</timestamp>
			</report>
			<report>
				<misses>204200001</misses>
				<total>0</total>
				<timestamp>1317.256275</timestamp>
			</report>
			<report>
				<misses>204300001</misses>
				<total>0</total>
				<timestamp>1317.906723</timestamp>
			</report>
			<report>
				<misses>204400001</misses>
				<total>0</total>
				<timestamp>1318.558651</timestamp>
			</report>
			<report>
				<misses>204500001</misses>
				<total>0</total>
				<timestamp>1319.208542</timestamp>
			</report>
			<report>
				<misses>204600001</misses>
				<total>0</total>
				<timestamp>1319.858695</timestamp>
			</report>
			<report>
				<misses>204700001</misses>
				<total>0</total>
				<timestamp>1320.508948</timestamp>
			</report>
			<report>
				<misses>204800001</misses>
				<total>0</total>
				<timestamp>1321.158916</timestamp>
			</report>
			<report>
				<misses>204900001</misses>
				<total>0</total>
				<timestamp>1321.808533</timestamp>
			</report>
			<report>
				<misses>205000001</misses>
				<total>0</total>
				<timestamp>1322.455190</timestamp>
			</report>
			<report>
				<misses>205100001</misses>
				<total>0</total>
				<timestamp>1323.095437</timestamp>
			</report>
			<report>
				<misses>205200001</misses>
				<total>0</total>
				<timestamp>1323.736440</timestamp>
			</report>
			<report>
				<misses>205300001</misses>
				<total>0</total>
				<timestamp>1324.377711</timestamp>
			</report>
			<report>
				<misses>205400001</misses>
				<total>0</total>
				<timestamp>1325.018587</timestamp>
			</report>
			<report>
				<misses>205500001</misses>
				<total>0</total>
				<timestamp>1325.659656</timestamp>
			</report>
			<report>
				<misses>205600001</misses>
				<total>0</total>
				<timestamp>1326.300385</timestamp>
			</report>
			<report>
				<misses>205700001</misses>
				<total>0</total>
				<timestamp>1326.942169</timestamp>
			</report>
			<report>
				<misses>205800001</misses>
				<total>0</total>
				<timestamp>1327.583664</timestamp>
			</report>
			<report>
				<misses>205900001</misses>
				<total>0</total>
				<timestamp>1328.226065</timestamp>
			</report>
			<report>
				<misses>206000001</misses>
				<total>0</total>
				<timestamp>1328.867194</timestamp>
			</report>
			<report>
				<misses>206100001</misses>
				<total>0</total>
				<timestamp>1329.507723</timestamp>
			</report>
			<report>
				<misses>206200001</misses>
				<total>0</total>
				<timestamp>1330.148527</timestamp>
			</report>
			<report>
				<misses>206300001</misses>
				<total>0</total>
				<timestamp>1330.790323</timestamp>
			</report>
			<report>
				<misses>206400001</misses>
				<total>0</total>
				<timestamp>1331.432015</timestamp>
			</report>
			<report>
				<misses>206500001</misses>
				<total>0</total>
				<timestamp>1332.073267</timestamp>
			</report>
			<report>
				<misses>206600001</misses>
				<total>0</total>
				<timestamp>1332.715506</timestamp>
			</report>
			<report>
				<misses>206700001</misses>
				<total>0</total>
				<timestamp>1333.357360</timestamp>
			</report>
			<report>
				<misses>206800001</misses>
				<total>0</total>
				<timestamp>1333.999344</timestamp>
			</report>
			<report>
				<misses>206900001</misses>
				<total>0</total>
				<timestamp>1334.641590</timestamp>
			</report>
			<report>
				<misses>207000001</misses>
				<total>0</total>
				<timestamp>1335.283134</timestamp>
			</report>
			<report>
				<misses>207100001</misses>
				<total>0</total>
				<timestamp>1335.924675</timestamp>
			</report>
			<report>
				<misses>207200001</misses>
				<total>0</total>
				<timestamp>1336.565133</timestamp>
			</report>
			<report>
				<misses>207300001</misses>
				<total>0</total>
				<timestamp>1337.206097</timestamp>
			</report>
			<report>
				<misses>207400001</misses>
				<total>0</total>
				<timestamp>1337.846638</timestamp>
			</report>
			<report>
				<misses>207500001</misses>
				<total>0</total>
				<timestamp>1338.487448</timestamp>
			</report>
			<report>
				<misses>207600001</misses>
				<total>0</total>
				<timestamp>1339.129909</timestamp>
			</report>
			<report>
				<misses>207700001</misses>
				<total>0</total>
				<timestamp>1339.771004</timestamp>
			</report>
			<report>
				<misses>207800001</misses>
				<total>0</total>
				<timestamp>1340.413039</timestamp>
			</report>
			<report>
				<misses>207900001</misses>
				<total>0</total>
				<timestamp>1341.054728</timestamp>
			</report>
			<report>
				<misses>208000001</misses>
				<total>0</total>
				<timestamp>1341.696117</timestamp>
			</report>
			<report>
				<misses>208100001</misses>
				<total>0</total>
				<timestamp>1342.336693</timestamp>
			</report>
			<report>
				<misses>208200001</misses>
				<total>0</total>
				<timestamp>1342.977519</timestamp>
			</report>
			<report>
				<misses>208300001</misses>
				<total>0</total>
				<timestamp>1343.618715</timestamp>
			</report>
			<report>
				<misses>208400001</misses>
				<total>0</total>
				<timestamp>1344.260348</timestamp>
			</report>
			<report>
				<misses>208500001</misses>
				<total>0</total>
				<timestamp>1344.901290</timestamp>
			</report>
			<report>
				<misses>208600001</misses>
				<total>0</total>
				<timestamp>1345.542498</timestamp>
			</report>
			<report>
				<misses>208700001</misses>
				<total>0</total>
				<timestamp>1346.184050</timestamp>
			</report>
			<report>
				<misses>208800001</misses>
				<total>0</total>
				<timestamp>1346.825912</timestamp>
			</report>
			<report>
				<misses>208900001</misses>
				<total>0</total>
				<timestamp>1347.467506</timestamp>
			</report>
			<report>
				<misses>209000001</misses>
				<total>0</total>
				<timestamp>1348.108130</timestamp>
			</report>
			<report>
				<misses>209100001</misses>
				<total>0</total>
				<timestamp>1348.748362</timestamp>
			</report>
			<report>
				<misses>209200001</misses>
				<total>0</total>
				<timestamp>1349.389116</timestamp>
			</report>
			<report>
				<misses>209300001</misses>
				<total>0</total>
				<timestamp>1350.028930</timestamp>
			</report>
			<report>
				<misses>209400001</misses>
				<total>0</total>
				<timestamp>1350.670053</timestamp>
			</report>
			<report>
				<misses>209500001</misses>
				<total>0</total>
				<timestamp>1351.310576</timestamp>
			</report>
			<report>
				<misses>209600001</misses>
				<total>0</total>
				<timestamp>1351.951395</timestamp>
			</report>
			<report>
				<misses>209700001</misses>
				<total>0</total>
				<timestamp>1352.591481</timestamp>
			</report>
			<report>
				<misses>209800001</misses>
				<total>0</total>
				<timestamp>1353.232254</timestamp>
			</report>
			<report>
				<misses>209900001</misses>
				<total>0</total>
				<timestamp>1353.873183</timestamp>
			</report>
			<report>
				<misses>210000001</misses>
				<total>0</total>
				<timestamp>1354.515598</timestamp>
			</report>
			<report>
				<misses>210100001</misses>
				<total>0</total>
				<timestamp>1355.157635</timestamp>
			</report>
			<report>
				<misses>210200001</misses>
				<total>0</total>
				<timestamp>1355.799174</timestamp>
			</report>
			<report>
				<misses>210300001</misses>
				<total>0</total>
				<timestamp>1356.440467</timestamp>
			</report>
			<report>
				<misses>210400001</misses>
				<total>0</total>
				<timestamp>1357.081945</timestamp>
			</report>
			<report>
				<misses>210500001</misses>
				<total>0</total>
				<timestamp>1357.723694</timestamp>
			</report>
			<report>
				<misses>210600001</misses>
				<total>0</total>
				<timestamp>1358.366137</timestamp>
			</report>
			<report>
				<misses>210700001</misses>
				<total>0</total>
				<timestamp>1359.008525</timestamp>
			</report>
			<report>
				<misses>210800001</misses>
				<total>0</total>
				<timestamp>1359.650969</timestamp>
			</report>
			<report>
				<misses>210900001</misses>
				<total>0</total>
				<timestamp>1360.291005</timestamp>
			</report>
			<report>
				<misses>211000001</misses>
				<total>0</total>
				<timestamp>1360.931186</timestamp>
			</report>
			<report>
				<misses>211100001</misses>
				<total>0</total>
				<timestamp>1361.571311</timestamp>
			</report>
			<report>
				<misses>211200001</misses>
				<total>0</total>
				<timestamp>1362.211551</timestamp>
			</report>
			<report>
				<misses>211300001</misses>
				<total>0</total>
				<timestamp>1362.851152</timestamp>
			</report>
			<report>
				<misses>211400001</misses>
				<total>0</total>
				<timestamp>1363.491145</timestamp>
			</report>
			<report>
				<misses>211500001</misses>
				<total>0</total>
				<timestamp>1364.132066</timestamp>
			</report>
			<report>
				<misses>211600001</misses>
				<total>0</total>
				<timestamp>1364.772888</timestamp>
			</report>
			<report>
				<misses>211700001</misses>
				<total>0</total>
				<timestamp>1365.412307</timestamp>
			</report>
			<report>
				<misses>211800001</misses>
				<total>0</total>
				<timestamp>1366.048276</timestamp>
			</report>
			<report>
				<misses>211900001</misses>
				<total>0</total>
				<timestamp>1366.684405</timestamp>
			</report>
			<report>
				<misses>212000001</misses>
				<total>0</total>
				<timestamp>1367.320643</timestamp>
			</report>
			<report>
				<misses>212100001</misses>
				<total>0</total>
				<timestamp>1367.956165</timestamp>
			</report>
			<report>
				<misses>212200001</misses>
				<total>0</total>
				<timestamp>1368.591958</timestamp>
			</report>
			<report>
				<misses>212300001</misses>
				<total>0</total>
				<timestamp>1369.227916</timestamp>
			</report>
			<report>
				<misses>212400001</misses>
				<total>0</total>
				<timestamp>1369.864680</timestamp>
			</report>
			<report>
				<misses>212500001</misses>
				<total>0</total>
				<timestamp>1370.501498</timestamp>
			</report>
			<report>
				<misses>212600001</misses>
				<total>0</total>
				<timestamp>1371.138348</timestamp>
			</report>
			<report>
				<misses>212700001</misses>
				<total>0</total>
				<timestamp>1371.774977</timestamp>
			</report>
			<report>
				<misses>212800001</misses>
				<total>0</total>
				<timestamp>1372.411590</timestamp>
			</report>
			<report>
				<misses>212900001</misses>
				<total>0</total>
				<timestamp>1373.048720</timestamp>
			</report>
			<report>
				<misses>213000001</misses>
				<total>0</total>
				<timestamp>1373.685405</timestamp>
			</report>
			<report>
				<misses>213100001</misses>
				<total>0</total>
				<timestamp>1374.322325</timestamp>
			</report>
			<report>
				<misses>213200001</misses>
				<total>0</total>
				<timestamp>1374.959244</timestamp>
			</report>
			<report>
				<misses>213300001</misses>
				<total>0</total>
				<timestamp>1375.595401</timestamp>
			</report>
			<report>
				<misses>213400001</misses>
				<total>0</total>
				<timestamp>1376.230831</timestamp>
			</report>
			<report>
				<misses>213500001</misses>
				<total>0</total>
				<timestamp>1376.867329</timestamp>
			</report>
			<report>
				<misses>213600001</misses>
				<total>0</total>
				<timestamp>1377.502841</timestamp>
			</report>
			<report>
				<misses>213700001</misses>
				<total>0</total>
				<timestamp>1378.138281</timestamp>
			</report>
			<report>
				<misses>213800001</misses>
				<total>0</total>
				<timestamp>1378.773513</timestamp>
			</report>
			<report>
				<misses>213900001</misses>
				<total>0</total>
				<timestamp>1379.409677</timestamp>
			</report>
			<report>
				<misses>214000001</misses>
				<total>0</total>
				<timestamp>1380.045404</timestamp>
			</report>
			<report>
				<misses>214100001</misses>
				<total>0</total>
				<timestamp>1380.681081</timestamp>
			</report>
			<report>
				<misses>214200001</misses>
				<total>0</total>
				<timestamp>1381.316836</timestamp>
			</report>
			<report>
				<misses>214300001</misses>
				<total>0</total>
				<timestamp>1381.953085</timestamp>
			</report>
			<report>
				<misses>214400001</misses>
				<total>0</total>
				<timestamp>1382.589034</timestamp>
			</report>
			<report>
				<misses>214500001</misses>
				<total>0</total>
				<timestamp>1383.223806</timestamp>
			</report>
			<report>
				<misses>214600001</misses>
				<total>0</total>
				<timestamp>1383.859390</timestamp>
			</report>
			<report>
				<misses>214700001</misses>
				<total>0</total>
				<timestamp>1384.494948</timestamp>
			</report>
			<report>
				<misses>214800001</misses>
				<total>0</total>
				<timestamp>1385.130096</timestamp>
			</report>
			<report>
				<misses>214900001</misses>
				<total>0</total>
				<timestamp>1385.765023</timestamp>
			</report>
			<report>
				<misses>215000001</misses>
				<total>0</total>
				<timestamp>1386.400920</timestamp>
			</report>
			<report>
				<misses>215100001</misses>
				<total>0</total>
				<timestamp>1387.036511</timestamp>
			</report>
			<report>
				<misses>215200001</misses>
				<total>0</total>
				<timestamp>1387.672066</timestamp>
			</report>
			<report>
				<misses>215300001</misses>
				<total>0</total>
				<timestamp>1388.308057</timestamp>
			</report>
			<report>
				<misses>215400001</misses>
				<total>0</total>
				<timestamp>1388.943560</timestamp>
			</report>
			<report>
				<misses>215500001</misses>
				<total>0</total>
				<timestamp>1389.578489</timestamp>
			</report>
			<report>
				<misses>215600001</misses>
				<total>0</total>
				<timestamp>1390.213916</timestamp>
			</report>
			<report>
				<misses>215700001</misses>
				<total>0</total>
				<timestamp>1390.848832</timestamp>
			</report>
			<report>
				<misses>215800001</misses>
				<total>0</total>
				<timestamp>1391.483057</timestamp>
			</report>
			<report>
				<misses>215900001</misses>
				<total>0</total>
				<timestamp>1392.117376</timestamp>
			</report>
			<report>
				<misses>216000001</misses>
				<total>0</total>
				<timestamp>1392.752618</timestamp>
			</report>
			<report>
				<misses>216100001</misses>
				<total>0</total>
				<timestamp>1393.386640</timestamp>
			</report>
			<report>
				<misses>216200001</misses>
				<total>0</total>
				<timestamp>1394.021352</timestamp>
			</report>
			<report>
				<misses>216300001</misses>
				<total>0</total>
				<timestamp>1394.655879</timestamp>
			</report>
			<report>
				<misses>216400001</misses>
				<total>0</total>
				<timestamp>1395.290503</timestamp>
			</report>
			<report>
				<misses>216500001</misses>
				<total>0</total>
				<timestamp>1395.925869</timestamp>
			</report>
			<report>
				<misses>216600001</misses>
				<total>0</total>
				<timestamp>1396.561480</timestamp>
			</report>
			<report>
				<misses>216700001</misses>
				<total>0</total>
				<timestamp>1397.197053</timestamp>
			</report>
			<report>
				<misses>216800001</misses>
				<total>0</total>
				<timestamp>1397.831456</timestamp>
			</report>
			<report>
				<misses>216900001</misses>
				<total>0</total>
				<timestamp>1398.466937</timestamp>
			</report>
			<report>
				<misses>217000001</misses>
				<total>0</total>
				<timestamp>1399.101593</timestamp>
			</report>
			<report>
				<misses>217100001</misses>
				<total>0</total>
				<timestamp>1399.736515</timestamp>
			</report>
			<report>
				<misses>217200001</misses>
				<total>0</total>
				<timestamp>1400.384045</timestamp>
			</report>
			<report>
				<misses>217300001</misses>
				<total>0</total>
				<timestamp>1401.036469</timestamp>
			</report>
			<report>
				<misses>217400001</misses>
				<total>0</total>
				<timestamp>1401.689592</timestamp>
			</report>
			<report>
				<misses>217500001</misses>
				<total>0</total>
				<timestamp>1402.343800</timestamp>
			</report>
			<report>
				<misses>217600001</misses>
				<total>0</total>
				<timestamp>1402.997129</timestamp>
			</report>
			<report>
				<misses>217700001</misses>
				<total>0</total>
				<timestamp>1403.650381</timestamp>
			</report>
			<report>
				<misses>217800001</misses>
				<total>0</total>
				<timestamp>1404.302902</timestamp>
			</report>
			<report>
				<misses>217900001</misses>
				<total>0</total>
				<timestamp>1404.957462</timestamp>
			</report>
			<report>
				<misses>218000001</misses>
				<total>0</total>
				<timestamp>1405.611472</timestamp>
			</report>
			<report>
				<misses>218100001</misses>
				<total>0</total>
				<timestamp>1406.265256</timestamp>
			</report>
			<report>
				<misses>218200001</misses>
				<total>0</total>
				<timestamp>1406.918739</timestamp>
			</report>
			<report>
				<misses>218300001</misses>
				<total>0</total>
				<timestamp>1407.571568</timestamp>
			</report>
			<report>
				<misses>218400001</misses>
				<total>0</total>
				<timestamp>1408.225035</timestamp>
			</report>
			<report>
				<misses>218500001</misses>
				<total>0</total>
				<timestamp>1408.877834</timestamp>
			</report>
			<report>
				<misses>218600001</misses>
				<total>0</total>
				<timestamp>1409.531225</timestamp>
			</report>
			<report>
				<misses>218700001</misses>
				<total>0</total>
				<timestamp>1410.184194</timestamp>
			</report>
			<report>
				<misses>218800001</misses>
				<total>0</total>
				<timestamp>1410.839482</timestamp>
			</report>
			<report>
				<misses>218900001</misses>
				<total>0</total>
				<timestamp>1411.494584</timestamp>
			</report>
			<report>
				<misses>219000001</misses>
				<total>0</total>
				<timestamp>1412.149862</timestamp>
			</report>
			<report>
				<misses>219100001</misses>
				<total>0</total>
				<timestamp>1412.802945</timestamp>
			</report>
			<report>
				<misses>219200001</misses>
				<total>0</total>
				<timestamp>1413.458514</timestamp>
			</report>
			<report>
				<misses>219300001</misses>
				<total>0</total>
				<timestamp>1414.113408</timestamp>
			</report>
			<report>
				<misses>219400001</misses>
				<total>0</total>
				<timestamp>1414.768728</timestamp>
			</report>
			<report>
				<misses>219500001</misses>
				<total>0</total>
				<timestamp>1415.422515</timestamp>
			</report>
			<report>
				<misses>219600001</misses>
				<total>0</total>
				<timestamp>1416.073361</timestamp>
			</report>
			<report>
				<misses>219700001</misses>
				<total>0</total>
				<timestamp>1416.724324</timestamp>
			</report>
			<report>
				<misses>219800001</misses>
				<total>0</total>
				<timestamp>1417.373977</timestamp>
			</report>
			<report>
				<misses>219900001</misses>
				<total>0</total>
				<timestamp>1418.023262</timestamp>
			</report>
			<report>
				<misses>220000001</misses>
				<total>0</total>
				<timestamp>1418.672933</timestamp>
			</report>
			<report>
				<misses>220100001</misses>
				<total>0</total>
				<timestamp>1419.323185</timestamp>
			</report>
			<report>
				<misses>220200001</misses>
				<total>0</total>
				<timestamp>1419.973688</timestamp>
			</report>
			<report>
				<misses>220300001</misses>
				<total>0</total>
				<timestamp>1420.623466</timestamp>
			</report>
			<report>
				<misses>220400001</misses>
				<total>0</total>
				<timestamp>1421.272718</timestamp>
			</report>
			<report>
				<misses>220500001</misses>
				<total>0</total>
				<timestamp>1421.922101</timestamp>
			</report>
			<report>
				<misses>220600001</misses>
				<total>0</total>
				<timestamp>1422.571772</timestamp>
			</report>
			<report>
				<misses>220700001</misses>
				<total>0</total>
				<timestamp>1423.220745</timestamp>
			</report>
			<report>
				<misses>220800001</misses>
				<total>0</total>
				<timestamp>1423.869805</timestamp>
			</report>
			<report>
				<misses>220900001</misses>
				<total>0</total>
				<timestamp>1424.518425</timestamp>
			</report>
			<report>
				<misses>221000001</misses>
				<total>0</total>
				<timestamp>1425.169016</timestamp>
			</report>
			<report>
				<misses>221100001</misses>
				<total>0</total>
				<timestamp>1425.819321</timestamp>
			</report>
			<report>
				<misses>221200001</misses>
				<total>0</total>
				<timestamp>1426.469994</timestamp>
			</report>
			<report>
				<misses>221300001</misses>
				<total>0</total>
				<timestamp>1427.121527</timestamp>
			</report>
			<report>
				<misses>221400001</misses>
				<total>0</total>
				<timestamp>1427.772703</timestamp>
			</report>
			<report>
				<misses>221500001</misses>
				<total>0</total>
				<timestamp>1428.422058</timestamp>
			</report>
			<report>
				<misses>221600001</misses>
				<total>0</total>
				<timestamp>1429.072823</timestamp>
			</report>
			<report>
				<misses>221700001</misses>
				<total>0</total>
				<timestamp>1429.724395</timestamp>
			</report>
			<report>
				<misses>221800001</misses>
				<total>0</total>
				<timestamp>1430.375218</timestamp>
			</report>
			<report>
				<misses>221900001</misses>
				<total>0</total>
				<timestamp>1431.024999</timestamp>
			</report>
			<report>
				<misses>222000001</misses>
				<total>0</total>
				<timestamp>1431.672963</timestamp>
			</report>
			<report>
				<misses>222100001</misses>
				<total>0</total>
				<timestamp>1432.321359</timestamp>
			</report>
			<report>
				<misses>222200001</misses>
				<total>0</total>
				<timestamp>1432.966573</timestamp>
			</report>
			<report>
				<misses>222300001</misses>
				<total>0</total>
				<timestamp>1433.604776</timestamp>
			</report>
			<report>
				<misses>222400001</misses>
				<total>0</total>
				<timestamp>1434.242239</timestamp>
			</report>
			<report>
				<misses>222500001</misses>
				<total>0</total>
				<timestamp>1434.879313</timestamp>
			</report>
			<report>
				<misses>222600001</misses>
				<total>0</total>
				<timestamp>1435.515468</timestamp>
			</report>
			<report>
				<misses>222700001</misses>
				<total>0</total>
				<timestamp>1436.151613</timestamp>
			</report>
			<report>
				<misses>222800001</misses>
				<total>0</total>
				<timestamp>1436.787740</timestamp>
			</report>
			<report>
				<misses>222900001</misses>
				<total>0</total>
				<timestamp>1437.423704</timestamp>
			</report>
			<report>
				<misses>223000001</misses>
				<total>0</total>
				<timestamp>1438.058383</timestamp>
			</report>
			<report>
				<misses>223100001</misses>
				<total>0</total>
				<timestamp>1438.693828</timestamp>
			</report>
			<report>
				<misses>223200001</misses>
				<total>0</total>
				<timestamp>1439.328958</timestamp>
			</report>
			<report>
				<misses>223300001</misses>
				<total>0</total>
				<timestamp>1439.963674</timestamp>
			</report>
			<report>
				<misses>223400001</misses>
				<total>0</total>
				<timestamp>1440.598836</timestamp>
			</report>
			<report>
				<misses>223500001</misses>
				<total>0</total>
				<timestamp>1441.234732</timestamp>
			</report>
			<report>
				<misses>223600001</misses>
				<total>0</total>
				<timestamp>1441.870429</timestamp>
			</report>
			<report>
				<misses>223700001</misses>
				<total>0</total>
				<timestamp>1442.504759</timestamp>
			</report>
			<report>
				<misses>223800001</misses>
				<total>0</total>
				<timestamp>1443.138954</timestamp>
			</report>
			<report>
				<misses>223900001</misses>
				<total>0</total>
				<timestamp>1443.774314</timestamp>
			</report>
			<report>
				<misses>224000001</misses>
				<total>0</total>
				<timestamp>1444.408835</timestamp>
			</report>
			<report>
				<misses>224100001</misses>
				<total>0</total>
				<timestamp>1445.043539</timestamp>
			</report>
			<report>
				<misses>224200001</misses>
				<total>0</total>
				<timestamp>1445.678391</timestamp>
			</report>
			<report>
				<misses>224300001</misses>
				<total>0</total>
				<timestamp>1446.312665</timestamp>
			</report>
			<report>
				<misses>224400001</misses>
				<total>0</total>
				<timestamp>1446.946905</timestamp>
			</report>
			<report>
				<misses>224500001</misses>
				<total>0</total>
				<timestamp>1447.581107</timestamp>
			</report>
			<report>
				<misses>224600001</misses>
				<total>0</total>
				<timestamp>1448.216572</timestamp>
			</report>
			<report>
				<misses>224700001</misses>
				<total>0</total>
				<timestamp>1448.850271</timestamp>
			</report>
			<report>
				<misses>224800001</misses>
				<total>0</total>
				<timestamp>1449.484541</timestamp>
			</report>
			<report>
				<misses>224900001</misses>
				<total>0</total>
				<timestamp>1450.118830</timestamp>
			</report>
			<report>
				<misses>225000001</misses>
				<total>0</total>
				<timestamp>1450.752719</timestamp>
			</report>
			<report>
				<misses>225100001</misses>
				<total>0</total>
				<timestamp>1451.387216</timestamp>
			</report>
			<report>
				<misses>225200001</misses>
				<total>0</total>
				<timestamp>1452.021699</timestamp>
			</report>
			<report>
				<misses>225300001</misses>
				<total>0</total>
				<timestamp>1452.655954</timestamp>
			</report>
			<report>
				<misses>225400001</misses>
				<total>0</total>
				<timestamp>1453.290322</timestamp>
			</report>
			<report>
				<misses>225500001</misses>
				<total>0</total>
				<timestamp>1453.924706</timestamp>
			</report>
			<report>
				<misses>225600001</misses>
				<total>0</total>
				<timestamp>1454.558901</timestamp>
			</report>
			<report>
				<misses>225700001</misses>
				<total>0</total>
				<timestamp>1455.193124</timestamp>
			</report>
			<report>
				<misses>225800001</misses>
				<total>0</total>
				<timestamp>1455.827994</timestamp>
			</report>
			<report>
				<misses>225900001</misses>
				<total>0</total>
				<timestamp>1456.461853</timestamp>
			</report>
			<report>
				<misses>226000001</misses>
				<total>0</total>
				<timestamp>1457.096148</timestamp>
			</report>
			<report>
				<misses>226100001</misses>
				<total>0</total>
				<timestamp>1457.730288</timestamp>
			</report>
			<report>
				<misses>226200001</misses>
				<total>0</total>
				<timestamp>1458.365203</timestamp>
			</report>
			<report>
				<misses>226300001</misses>
				<total>0</total>
				<timestamp>1458.999371</timestamp>
			</report>
			<report>
				<misses>226400001</misses>
				<total>0</total>
				<timestamp>1459.633334</timestamp>
			</report>
			<report>
				<misses>226500001</misses>
				<total>0</total>
				<timestamp>1460.267701</timestamp>
			</report>
			<report>
				<misses>226600001</misses>
				<total>0</total>
				<timestamp>1460.902336</timestamp>
			</report>
			<report>
				<misses>226700001</misses>
				<total>0</total>
				<timestamp>1461.537279</timestamp>
			</report>
			<report>
				<misses>226800001</misses>
				<total>0</total>
				<timestamp>1462.172584</timestamp>
			</report>
			<report>
				<misses>226900001</misses>
				<total>0</total>
				<timestamp>1462.807688</timestamp>
			</report>
			<report>
				<misses>227000001</misses>
				<total>0</total>
				<timestamp>1463.442235</timestamp>
			</report>
			<report>
				<misses>227100001</misses>
				<total>0</total>
				<timestamp>1464.078809</timestamp>
			</report>
			<report>
				<misses>227200001</misses>
				<total>0</total>
				<timestamp>1464.714815</timestamp>
			</report>
			<report>
				<misses>227300001</misses>
				<total>0</total>
				<timestamp>1465.350963</timestamp>
			</report>
			<report>
				<misses>227400001</misses>
				<total>0</total>
				<timestamp>1465.988005</timestamp>
			</report>
			<report>
				<misses>227500001</misses>
				<total>0</total>
				<timestamp>1466.623950</timestamp>
			</report>
			<report>
				<misses>227600001</misses>
				<total>0</total>
				<timestamp>1467.259904</timestamp>
			</report>
			<report>
				<misses>227700001</misses>
				<total>0</total>
				<timestamp>1467.896413</timestamp>
			</report>
			<report>
				<misses>227800001</misses>
				<total>0</total>
				<timestamp>1468.532878</timestamp>
			</report>
			<report>
				<misses>227900001</misses>
				<total>0</total>
				<timestamp>1469.169127</timestamp>
			</report>
			<report>
				<misses>228000001</misses>
				<total>0</total>
				<timestamp>1469.805253</timestamp>
			</report>
			<report>
				<misses>228100001</misses>
				<total>0</total>
				<timestamp>1470.440599</timestamp>
			</report>
			<report>
				<misses>228200001</misses>
				<total>0</total>
				<timestamp>1471.076565</timestamp>
			</report>
			<report>
				<misses>228300001</misses>
				<total>0</total>
				<timestamp>1471.712915</timestamp>
			</report>
			<report>
				<misses>228400001</misses>
				<total>0</total>
				<timestamp>1472.361864</timestamp>
			</report>
			<report>
				<misses>228500001</misses>
				<total>0</total>
				<timestamp>1473.011386</timestamp>
			</report>
			<report>
				<misses>228600001</misses>
				<total>0</total>
				<timestamp>1473.660771</timestamp>
			</report>
			<report>
				<misses>228700001</misses>
				<total>0</total>
				<timestamp>1474.311202</timestamp>
			</report>
			<report>
				<misses>228800001</misses>
				<total>0</total>
				<timestamp>1474.960430</timestamp>
			</report>
			<report>
				<misses>228900001</misses>
				<total>0</total>
				<timestamp>1475.609723</timestamp>
			</report>
			<report>
				<misses>229000001</misses>
				<total>0</total>
				<timestamp>1476.260543</timestamp>
			</report>
			<report>
				<misses>229100001</misses>
				<total>0</total>
				<timestamp>1476.909901</timestamp>
			</report>
			<report>
				<misses>229200001</misses>
				<total>0</total>
				<timestamp>1477.559262</timestamp>
			</report>
			<report>
				<misses>229300001</misses>
				<total>0</total>
				<timestamp>1478.207081</timestamp>
			</report>
			<report>
				<misses>229400001</misses>
				<total>0</total>
				<timestamp>1478.849525</timestamp>
			</report>
			<report>
				<misses>229500001</misses>
				<total>0</total>
				<timestamp>1479.491153</timestamp>
			</report>
			<report>
				<misses>229600001</misses>
				<total>0</total>
				<timestamp>1480.133444</timestamp>
			</report>
			<report>
				<misses>229700001</misses>
				<total>0</total>
				<timestamp>1480.777521</timestamp>
			</report>
			<report>
				<misses>229800001</misses>
				<total>0</total>
				<timestamp>1481.419505</timestamp>
			</report>
			<report>
				<misses>229900001</misses>
				<total>0</total>
				<timestamp>1482.061011</timestamp>
			</report>
			<report>
				<misses>230000001</misses>
				<total>0</total>
				<timestamp>1482.702319</timestamp>
			</report>
			<report>
				<misses>230100001</misses>
				<total>0</total>
				<timestamp>1483.343925</timestamp>
			</report>
			<report>
				<misses>230200001</misses>
				<total>0</total>
				<timestamp>1483.986062</timestamp>
			</report>
			<report>
				<misses>230300001</misses>
				<total>0</total>
				<timestamp>1484.628260</timestamp>
			</report>
			<report>
				<misses>230400001</misses>
				<total>0</total>
				<timestamp>1485.270382</timestamp>
			</report>
			<report>
				<misses>230500001</misses>
				<total>0</total>
				<timestamp>1485.912820</timestamp>
			</report>
			<report>
				<misses>230600001</misses>
				<total>0</total>
				<timestamp>1486.554457</timestamp>
			</report>
			<report>
				<misses>230700001</misses>
				<total>0</total>
				<timestamp>1487.195956</timestamp>
			</report>
			<report>
				<misses>230800001</misses>
				<total>0</total>
				<timestamp>1487.837292</timestamp>
			</report>
			<report>
				<misses>230900001</misses>
				<total>0</total>
				<timestamp>1488.479335</timestamp>
			</report>
			<report>
				<misses>231000001</misses>
				<total>0</total>
				<timestamp>1489.120733</timestamp>
			</report>
			<report>
				<misses>231100001</misses>
				<total>0</total>
				<timestamp>1489.762186</timestamp>
			</report>
			<report>
				<misses>231200001</misses>
				<total>0</total>
				<timestamp>1490.404579</timestamp>
			</report>
			<report>
				<misses>231300001</misses>
				<total>0</total>
				<timestamp>1491.046969</timestamp>
			</report>
			<report>
				<misses>231400001</misses>
				<total>0</total>
				<timestamp>1491.689269</timestamp>
			</report>
			<report>
				<misses>231500001</misses>
				<total>0</total>
				<timestamp>1492.332071</timestamp>
			</report>
			<report>
				<misses>231600001</misses>
				<total>0</total>
				<timestamp>1492.975340</timestamp>
			</report>
			<report>
				<misses>231700001</misses>
				<total>0</total>
				<timestamp>1493.617478</timestamp>
			</report>
			<report>
				<misses>231800001</misses>
				<total>0</total>
				<timestamp>1494.259011</timestamp>
			</report>
			<report>
				<misses>231900001</misses>
				<total>0</total>
				<timestamp>1494.901095</timestamp>
			</report>
			<report>
				<misses>232000001</misses>
				<total>0</total>
				<timestamp>1495.542199</timestamp>
			</report>
			<report>
				<misses>232100001</misses>
				<total>0</total>
				<timestamp>1496.182591</timestamp>
			</report>
			<report>
				<misses>232200001</misses>
				<total>0</total>
				<timestamp>1496.822722</timestamp>
			</report>
			<report>
				<misses>232300001</misses>
				<total>0</total>
				<timestamp>1497.463018</timestamp>
			</report>
			<report>
				<misses>232400001</misses>
				<total>0</total>
				<timestamp>1498.103999</timestamp>
			</report>
			<report>
				<misses>232500001</misses>
				<total>0</total>
				<timestamp>1498.745042</timestamp>
			</report>
			<report>
				<misses>232600001</misses>
				<total>0</total>
				<timestamp>1499.386473</timestamp>
			</report>
			<report>
				<misses>232700001</misses>
				<total>0</total>
				<timestamp>1500.027548</timestamp>
			</report>
			<report>
				<misses>232800001</misses>
				<total>0</total>
				<timestamp>1500.668203</timestamp>
			</report>
			<report>
				<misses>232900001</misses>
				<total>0</total>
				<timestamp>1501.308917</timestamp>
			</report>
			<report>
				<misses>233000001</misses>
				<total>0</total>
				<timestamp>1501.948944</timestamp>
			</report>
			<report>
				<misses>233100001</misses>
				<total>0</total>
				<timestamp>1502.588005</timestamp>
			</report>
			<report>
				<misses>233200001</misses>
				<total>0</total>
				<timestamp>1503.225664</timestamp>
			</report>
			<report>
				<misses>233300001</misses>
				<total>0</total>
				<timestamp>1503.863507</timestamp>
			</report>
			<report>
				<misses>233400001</misses>
				<total>0</total>
				<timestamp>1504.501012</timestamp>
			</report>
			<report>
				<misses>233500001</misses>
				<total>0</total>
				<timestamp>1505.139108</timestamp>
			</report>
			<report>
				<misses>233600001</misses>
				<total>0</total>
				<timestamp>1505.777085</timestamp>
			</report>
			<report>
				<misses>233700001</misses>
				<total>0</total>
				<timestamp>1506.414872</timestamp>
			</report>
			<report>
				<misses>233800001</misses>
				<total>0</total>
				<timestamp>1507.052917</timestamp>
			</report>
			<report>
				<misses>233900001</misses>
				<total>0</total>
				<timestamp>1507.689384</timestamp>
			</report>
			<report>
				<misses>234000001</misses>
				<total>0</total>
				<timestamp>1508.326305</timestamp>
			</report>
			<report>
				<misses>234100001</misses>
				<total>0</total>
				<timestamp>1508.963122</timestamp>
			</report>
			<report>
				<misses>234200001</misses>
				<total>0</total>
				<timestamp>1509.599874</timestamp>
			</report>
			<report>
				<misses>234300001</misses>
				<total>0</total>
				<timestamp>1510.235515</timestamp>
			</report>
			<report>
				<misses>234400001</misses>
				<total>0</total>
				<timestamp>1510.871964</timestamp>
			</report>
			<report>
				<misses>234500001</misses>
				<total>0</total>
				<timestamp>1511.508438</timestamp>
			</report>
			<report>
				<misses>234600001</misses>
				<total>0</total>
				<timestamp>1512.143947</timestamp>
			</report>
			<report>
				<misses>234700001</misses>
				<total>0</total>
				<timestamp>1512.780283</timestamp>
			</report>
			<report>
				<misses>234800001</misses>
				<total>0</total>
				<timestamp>1513.416662</timestamp>
			</report>
			<report>
				<misses>234900001</misses>
				<total>0</total>
				<timestamp>1514.055392</timestamp>
			</report>
			<report>
				<misses>235000001</misses>
				<total>0</total>
				<timestamp>1514.692665</timestamp>
			</report>
			<report>
				<misses>235100001</misses>
				<total>0</total>
				<timestamp>1515.329237</timestamp>
			</report>
			<report>
				<misses>235200001</misses>
				<total>0</total>
				<timestamp>1515.967038</timestamp>
			</report>
			<report>
				<misses>235300001</misses>
				<total>0</total>
				<timestamp>1516.604678</timestamp>
			</report>
			<report>
				<misses>235400001</misses>
				<total>0</total>
				<timestamp>1517.241632</timestamp>
			</report>
			<report>
				<misses>235500001</misses>
				<total>0</total>
				<timestamp>1517.878233</timestamp>
			</report>
			<report>
				<misses>235600001</misses>
				<total>0</total>
				<timestamp>1518.515741</timestamp>
			</report>
			<report>
				<misses>235700001</misses>
				<total>0</total>
				<timestamp>1519.152661</timestamp>
			</report>
			<report>
				<misses>235800001</misses>
				<total>0</total>
				<timestamp>1519.789825</timestamp>
			</report>
			<report>
				<misses>235900001</misses>
				<total>0</total>
				<timestamp>1520.426982</timestamp>
			</report>
			<report>
				<misses>236000001</misses>
				<total>0</total>
				<timestamp>1521.067674</timestamp>
			</report>
			<report>
				<misses>236100001</misses>
				<total>0</total>
				<timestamp>1521.712729</timestamp>
			</report>
			<report>
				<misses>236200001</misses>
				<total>0</total>
				<timestamp>1522.357588</timestamp>
			</report>
			<report>
				<misses>236300001</misses>
				<total>0</total>
				<timestamp>1523.005221</timestamp>
			</report>
			<report>
				<misses>236400001</misses>
				<total>0</total>
				<timestamp>1523.657184</timestamp>
			</report>
			<report>
				<misses>236500001</misses>
				<total>0</total>
				<timestamp>1524.306682</timestamp>
			</report>
			<report>
				<misses>236600001</misses>
				<total>0</total>
				<timestamp>1524.955198</timestamp>
			</report>
			<report>
				<misses>236700001</misses>
				<total>0</total>
				<timestamp>1525.602977</timestamp>
			</report>
			<report>
				<misses>236800001</misses>
				<total>0</total>
				<timestamp>1526.252717</timestamp>
			</report>
			<report>
				<misses>236900001</misses>
				<total>0</total>
				<timestamp>1526.902341</timestamp>
			</report>
			<report>
				<misses>237000001</misses>
				<total>0</total>
				<timestamp>1527.551284</timestamp>
			</report>
			<report>
				<misses>237100001</misses>
				<total>0</total>
				<timestamp>1528.199605</timestamp>
			</report>
			<report>
				<misses>237200001</misses>
				<total>0</total>
				<timestamp>1528.849425</timestamp>
			</report>
			<report>
				<misses>237300001</misses>
				<total>0</total>
				<timestamp>1529.498345</timestamp>
			</report>
			<report>
				<misses>237400001</misses>
				<total>0</total>
				<timestamp>1530.146073</timestamp>
			</report>
			<report>
				<misses>237500001</misses>
				<total>0</total>
				<timestamp>1530.796355</timestamp>
			</report>
			<report>
				<misses>237600001</misses>
				<total>0</total>
				<timestamp>1531.445244</timestamp>
			</report>
			<report>
				<misses>237700001</misses>
				<total>0</total>
				<timestamp>1532.093649</timestamp>
			</report>
			<report>
				<misses>237800001</misses>
				<total>0</total>
				<timestamp>1532.742562</timestamp>
			</report>
			<report>
				<misses>237900001</misses>
				<total>0</total>
				<timestamp>1533.391283</timestamp>
			</report>
			<report>
				<misses>238000001</misses>
				<total>0</total>
				<timestamp>1534.040820</timestamp>
			</report>
			<report>
				<misses>238100001</misses>
				<total>0</total>
				<timestamp>1534.690575</timestamp>
			</report>
			<report>
				<misses>238200001</misses>
				<total>0</total>
				<timestamp>1535.339352</timestamp>
			</report>
			<report>
				<misses>238300001</misses>
				<total>0</total>
				<timestamp>1535.986844</timestamp>
			</report>
			<report>
				<misses>238400001</misses>
				<total>0</total>
				<timestamp>1536.635214</timestamp>
			</report>
			<report>
				<misses>238500001</misses>
				<total>0</total>
				<timestamp>1537.282678</timestamp>
			</report>
			<report>
				<misses>238600001</misses>
				<total>0</total>
				<timestamp>1537.930897</timestamp>
			</report>
			<report>
				<misses>238700001</misses>
				<total>0</total>
				<timestamp>1538.577822</timestamp>
			</report>
			<report>
				<misses>238800001</misses>
				<total>0</total>
				<timestamp>1539.226384</timestamp>
			</report>
			<report>
				<misses>238900001</misses>
				<total>0</total>
				<timestamp>1539.867964</timestamp>
			</report>
			<report>
				<misses>239000001</misses>
				<total>0</total>
				<timestamp>1540.507003</timestamp>
			</report>
			<report>
				<misses>239100001</misses>
				<total>0</total>
				<timestamp>1541.147236</timestamp>
			</report>
			<report>
				<misses>239200001</misses>
				<total>0</total>
				<timestamp>1541.786730</timestamp>
			</report>
			<report>
				<misses>239300001</misses>
				<total>0</total>
				<timestamp>1542.427213</timestamp>
			</report>
			<report>
				<misses>239400001</misses>
				<total>0</total>
				<timestamp>1543.067580</timestamp>
			</report>
			<report>
				<misses>239500001</misses>
				<total>0</total>
				<timestamp>1543.707310</timestamp>
			</report>
			<report>
				<misses>239600001</misses>
				<total>0</total>
				<timestamp>1544.347572</timestamp>
			</report>
			<report>
				<misses>239700001</misses>
				<total>0</total>
				<timestamp>1544.988113</timestamp>
			</report>
			<report>
				<misses>239800001</misses>
				<total>0</total>
				<timestamp>1545.628264</timestamp>
			</report>
			<report>
				<misses>239900001</misses>
				<total>0</total>
				<timestamp>1546.268654</timestamp>
			</report>
			<report>
				<misses>240000001</misses>
				<total>0</total>
				<timestamp>1546.909242</timestamp>
			</report>
			<report>
				<misses>240100001</misses>
				<total>0</total>
				<timestamp>1547.549859</timestamp>
			</report>
			<report>
				<misses>240200001</misses>
				<total>0</total>
				<timestamp>1548.190700</timestamp>
			</report>
			<report>
				<misses>240300001</misses>
				<total>0</total>
				<timestamp>1548.829498</timestamp>
			</report>
			<report>
				<misses>240400001</misses>
				<total>0</total>
				<timestamp>1549.469478</timestamp>
			</report>
			<report>
				<misses>240500001</misses>
				<total>0</total>
				<timestamp>1550.109233</timestamp>
			</report>
			<report>
				<misses>240600001</misses>
				<total>0</total>
				<timestamp>1550.748502</timestamp>
			</report>
			<report>
				<misses>240700001</misses>
				<total>0</total>
				<timestamp>1551.387214</timestamp>
			</report>
			<report>
				<misses>240800001</misses>
				<total>0</total>
				<timestamp>1552.027096</timestamp>
			</report>
			<report>
				<misses>240900001</misses>
				<total>0</total>
				<timestamp>1552.667025</timestamp>
			</report>
			<report>
				<misses>241000001</misses>
				<total>0</total>
				<timestamp>1553.306786</timestamp>
			</report>
			<report>
				<misses>241100001</misses>
				<total>0</total>
				<timestamp>1553.947838</timestamp>
			</report>
			<report>
				<misses>241200001</misses>
				<total>0</total>
				<timestamp>1554.587819</timestamp>
			</report>
			<report>
				<misses>241300001</misses>
				<total>0</total>
				<timestamp>1555.227225</timestamp>
			</report>
			<report>
				<misses>241400001</misses>
				<total>0</total>
				<timestamp>1555.867495</timestamp>
			</report>
			<report>
				<misses>241500001</misses>
				<total>0</total>
				<timestamp>1556.507025</timestamp>
			</report>
			<report>
				<misses>241600001</misses>
				<total>0</total>
				<timestamp>1557.146012</timestamp>
			</report>
			<report>
				<misses>241700001</misses>
				<total>0</total>
				<timestamp>1557.785134</timestamp>
			</report>
			<report>
				<misses>241800001</misses>
				<total>0</total>
				<timestamp>1558.424637</timestamp>
			</report>
			<report>
				<misses>241900001</misses>
				<total>0</total>
				<timestamp>1559.064698</timestamp>
			</report>
			<report>
				<misses>242000001</misses>
				<total>0</total>
				<timestamp>1559.704999</timestamp>
			</report>
			<report>
				<misses>242100001</misses>
				<total>0</total>
				<timestamp>1560.344980</timestamp>
			</report>
			<report>
				<misses>242200001</misses>
				<total>0</total>
				<timestamp>1560.984528</timestamp>
			</report>
			<report>
				<misses>242300001</misses>
				<total>0</total>
				<timestamp>1561.624398</timestamp>
			</report>
			<report>
				<misses>242400001</misses>
				<total>0</total>
				<timestamp>1562.263873</timestamp>
			</report>
			<report>
				<misses>242500001</misses>
				<total>0</total>
				<timestamp>1562.901995</timestamp>
			</report>
			<report>
				<misses>242600001</misses>
				<total>0</total>
				<timestamp>1563.539066</timestamp>
			</report>
			<report>
				<misses>242700001</misses>
				<total>0</total>
				<timestamp>1564.177003</timestamp>
			</report>
			<report>
				<misses>242800001</misses>
				<total>0</total>
				<timestamp>1564.814991</timestamp>
			</report>
			<report>
				<misses>242900001</misses>
				<total>0</total>
				<timestamp>1565.453198</timestamp>
			</report>
			<report>
				<misses>243000001</misses>
				<total>0</total>
				<timestamp>1566.091457</timestamp>
			</report>
			<report>
				<misses>243100001</misses>
				<total>0</total>
				<timestamp>1566.729642</timestamp>
			</report>
			<report>
				<misses>243200001</misses>
				<total>0</total>
				<timestamp>1567.366842</timestamp>
			</report>
			<report>
				<misses>243300001</misses>
				<total>0</total>
				<timestamp>1568.003546</timestamp>
			</report>
			<report>
				<misses>243400001</misses>
				<total>0</total>
				<timestamp>1568.640963</timestamp>
			</report>
			<report>
				<misses>243500001</misses>
				<total>0</total>
				<timestamp>1569.277650</timestamp>
			</report>
			<report>
				<misses>243600001</misses>
				<total>0</total>
				<timestamp>1569.914202</timestamp>
			</report>
			<report>
				<misses>243700001</misses>
				<total>0</total>
				<timestamp>1570.553056</timestamp>
			</report>
			<report>
				<misses>243800001</misses>
				<total>0</total>
				<timestamp>1571.191295</timestamp>
			</report>
			<report>
				<misses>243900001</misses>
				<total>0</total>
				<timestamp>1571.829396</timestamp>
			</report>
			<report>
				<misses>244000001</misses>
				<total>0</total>
				<timestamp>1572.467706</timestamp>
			</report>
			<report>
				<misses>244100001</misses>
				<total>0</total>
				<timestamp>1573.106114</timestamp>
			</report>
			<report>
				<misses>244200001</misses>
				<total>0</total>
				<timestamp>1573.744599</timestamp>
			</report>
			<report>
				<misses>244300001</misses>
				<total>0</total>
				<timestamp>1574.384409</timestamp>
			</report>
			<report>
				<misses>244400001</misses>
				<total>0</total>
				<timestamp>1575.024513</timestamp>
			</report>
			<report>
				<misses>244500001</misses>
				<total>0</total>
				<timestamp>1575.663165</timestamp>
			</report>
			<report>
				<misses>244600001</misses>
				<total>0</total>
				<timestamp>1576.305323</timestamp>
			</report>
			<report>
				<misses>244700001</misses>
				<total>0</total>
				<timestamp>1576.950769</timestamp>
			</report>
			<report>
				<misses>244800001</misses>
				<total>0</total>
				<timestamp>1577.595465</timestamp>
			</report>
			<report>
				<misses>244900001</misses>
				<total>0</total>
				<timestamp>1578.240153</timestamp>
			</report>
			<report>
				<misses>245000001</misses>
				<total>0</total>
				<timestamp>1578.885588</timestamp>
			</report>
			<report>
				<misses>245100001</misses>
				<total>0</total>
				<timestamp>1579.530588</timestamp>
			</report>
			<report>
				<misses>245200001</misses>
				<total>0</total>
				<timestamp>1580.178089</timestamp>
			</report>
			<report>
				<misses>245300001</misses>
				<total>0</total>
				<timestamp>1580.826304</timestamp>
			</report>
			<report>
				<misses>245400001</misses>
				<total>0</total>
				<timestamp>1581.473941</timestamp>
			</report>
			<report>
				<misses>245500001</misses>
				<total>0</total>
				<timestamp>1582.121649</timestamp>
			</report>
			<report>
				<misses>245600001</misses>
				<total>0</total>
				<timestamp>1582.769476</timestamp>
			</report>
			<report>
				<misses>245700001</misses>
				<total>0</total>
				<timestamp>1583.417340</timestamp>
			</report>
			<report>
				<misses>245800001</misses>
				<total>0</total>
				<timestamp>1584.064884</timestamp>
			</report>
			<report>
				<misses>245900001</misses>
				<total>0</total>
				<timestamp>1584.712654</timestamp>
			</report>
			<report>
				<misses>246000001</misses>
				<total>0</total>
				<timestamp>1585.360196</timestamp>
			</report>
			<report>
				<misses>246100001</misses>
				<total>0</total>
				<timestamp>1586.007632</timestamp>
			</report>
			<report>
				<misses>246200001</misses>
				<total>0</total>
				<timestamp>1586.655731</timestamp>
			</report>
			<report>
				<misses>246300001</misses>
				<total>0</total>
				<timestamp>1587.306137</timestamp>
			</report>
			<report>
				<misses>246400001</misses>
				<total>0</total>
				<timestamp>1587.954742</timestamp>
			</report>
			<report>
				<misses>246500001</misses>
				<total>0</total>
				<timestamp>1588.605845</timestamp>
			</report>
			<report>
				<misses>246600001</misses>
				<total>0</total>
				<timestamp>1589.256147</timestamp>
			</report>
			<report>
				<misses>246700001</misses>
				<total>0</total>
				<timestamp>1589.904857</timestamp>
			</report>
			<report>
				<misses>246800001</misses>
				<total>0</total>
				<timestamp>1590.553142</timestamp>
			</report>
			<report>
				<misses>246900001</misses>
				<total>0</total>
				<timestamp>1591.202431</timestamp>
			</report>
			<report>
				<misses>247000001</misses>
				<total>0</total>
				<timestamp>1591.853024</timestamp>
			</report>
			<report>
				<misses>247100001</misses>
				<total>0</total>
				<timestamp>1592.502351</timestamp>
			</report>
			<report>
				<misses>247200001</misses>
				<total>0</total>
				<timestamp>1593.150460</timestamp>
			</report>
			<report>
				<misses>247300001</misses>
				<total>0</total>
				<timestamp>1593.799299</timestamp>
			</report>
			<report>
				<misses>247400001</misses>
				<total>0</total>
				<timestamp>1594.448259</timestamp>
			</report>
			<report>
				<misses>247500001</misses>
				<total>0</total>
				<timestamp>1595.098493</timestamp>
			</report>
			<report>
				<misses>247600001</misses>
				<total>0</total>
				<timestamp>1595.746813</timestamp>
			</report>
			<report>
				<misses>247700001</misses>
				<total>0</total>
				<timestamp>1596.394359</timestamp>
			</report>
			<report>
				<misses>247800001</misses>
				<total>0</total>
				<timestamp>1597.043857</timestamp>
			</report>
			<report>
				<misses>247900001</misses>
				<total>0</total>
				<timestamp>1597.692738</timestamp>
			</report>
			<report>
				<misses>248000001</misses>
				<total>0</total>
				<timestamp>1598.343819</timestamp>
			</report>
			<report>
				<misses>248100001</misses>
				<total>0</total>
				<timestamp>1598.991965</timestamp>
			</report>
			<report>
				<misses>248200001</misses>
				<total>0</total>
				<timestamp>1599.643730</timestamp>
			</report>
			<report>
				<misses>248300001</misses>
				<total>0</total>
				<timestamp>1600.293432</timestamp>
			</report>
			<report>
				<misses>248400001</misses>
				<total>0</total>
				<timestamp>1600.943772</timestamp>
			</report>
			<report>
				<misses>248500001</misses>
				<total>0</total>
				<timestamp>1601.593345</timestamp>
			</report>
			<report>
				<misses>248600001</misses>
				<total>0</total>
				<timestamp>1602.238121</timestamp>
			</report>
			<report>
				<misses>248700001</misses>
				<total>0</total>
				<timestamp>1602.883191</timestamp>
			</report>
			<report>
				<misses>248800001</misses>
				<total>0</total>
				<timestamp>1603.528429</timestamp>
			</report>
			<report>
				<misses>248900001</misses>
				<total>0</total>
				<timestamp>1604.173906</timestamp>
			</report>
			<report>
				<misses>249000001</misses>
				<total>0</total>
				<timestamp>1604.818562</timestamp>
			</report>
			<report>
				<misses>249100001</misses>
				<total>0</total>
				<timestamp>1605.471076</timestamp>
			</report>
			<report>
				<misses>249200001</misses>
				<total>0</total>
				<timestamp>1606.123755</timestamp>
			</report>
			<report>
				<misses>249300001</misses>
				<total>0</total>
				<timestamp>1606.775750</timestamp>
			</report>
			<report>
				<misses>249400001</misses>
				<total>0</total>
				<timestamp>1607.428151</timestamp>
			</report>
			<report>
				<misses>249500001</misses>
				<total>0</total>
				<timestamp>1608.080454</timestamp>
			</report>
			<report>
				<misses>249600001</misses>
				<total>0</total>
				<timestamp>1608.733093</timestamp>
			</report>
			<report>
				<misses>249700001</misses>
				<total>0</total>
				<timestamp>1609.384978</timestamp>
			</report>
			<report>
				<misses>249800001</misses>
				<total>0</total>
				<timestamp>1610.038016</timestamp>
			</report>
			<report>
				<misses>249900001</misses>
				<total>0</total>
				<timestamp>1610.691336</timestamp>
			</report>
			<report>
				<misses>250000001</misses>
				<total>0</total>
				<timestamp>1611.344621</timestamp>
			</report>
			<report>
				<misses>250100001</misses>
				<total>0</total>
				<timestamp>1611.997855</timestamp>
			</report>
			<report>
				<misses>250200001</misses>
				<total>0</total>
				<timestamp>1612.650396</timestamp>
			</report>
			<report>
				<misses>250300001</misses>
				<total>0</total>
				<timestamp>1613.302951</timestamp>
			</report>
			<report>
				<misses>250400001</misses>
				<total>0</total>
				<timestamp>1613.955021</timestamp>
			</report>
			<report>
				<misses>250500001</misses>
				<total>0</total>
				<timestamp>1614.607270</timestamp>
			</report>
			<report>
				<misses>250600001</misses>
				<total>0</total>
				<timestamp>1615.257990</timestamp>
			</report>
			<report>
				<misses>250700001</misses>
				<total>0</total>
				<timestamp>1615.911949</timestamp>
			</report>
			<report>
				<misses>250800001</misses>
				<total>0</total>
				<timestamp>1616.564309</timestamp>
			</report>
			<report>
				<misses>250900001</misses>
				<total>0</total>
				<timestamp>1617.213915</timestamp>
			</report>
			<report>
				<misses>251000001</misses>
				<total>0</total>
				<timestamp>1617.861800</timestamp>
			</report>
			<report>
				<misses>251100001</misses>
				<total>0</total>
				<timestamp>1618.517041</timestamp>
			</report>
			<report>
				<misses>251200001</misses>
				<total>0</total>
				<timestamp>1619.165810</timestamp>
			</report>
			<report>
				<misses>251300001</misses>
				<total>0</total>
				<timestamp>1619.814397</timestamp>
			</report>
			<report>
				<misses>251400001</misses>
				<total>0</total>
				<timestamp>1620.463915</timestamp>
			</report>
			<report>
				<misses>251500001</misses>
				<total>0</total>
				<timestamp>1621.112831</timestamp>
			</report>
			<report>
				<misses>251600001</misses>
				<total>0</total>
				<timestamp>1621.761558</timestamp>
			</report>
			<report>
				<misses>251700001</misses>
				<total>0</total>
				<timestamp>1622.410068</timestamp>
			</report>
			<report>
				<misses>251800001</misses>
				<total>0</total>
				<timestamp>1623.058929</timestamp>
			</report>
			<report>
				<misses>251900001</misses>
				<total>0</total>
				<timestamp>1623.707965</timestamp>
			</report>
			<report>
				<misses>252000001</misses>
				<total>0</total>
				<timestamp>1624.356406</timestamp>
			</report>
			<report>
				<misses>252100001</misses>
				<total>0</total>
				<timestamp>1625.008796</timestamp>
			</report>
			<report>
				<misses>252200001</misses>
				<total>0</total>
				<timestamp>1625.660286</timestamp>
			</report>
			<report>
				<misses>252300001</misses>
				<total>0</total>
				<timestamp>1626.309710</timestamp>
			</report>
			<report>
				<misses>252400001</misses>
				<total>0</total>
				<timestamp>1626.960617</timestamp>
			</report>
			<report>
				<misses>252500001</misses>
				<total>0</total>
				<timestamp>1627.613775</timestamp>
			</report>
			<report>
				<misses>252600001</misses>
				<total>0</total>
				<timestamp>1628.265247</timestamp>
			</report>
			<report>
				<misses>252700001</misses>
				<total>0</total>
				<timestamp>1628.913852</timestamp>
			</report>
			<report>
				<misses>252800001</misses>
				<total>0</total>
				<timestamp>1629.567250</timestamp>
			</report>
			<report>
				<misses>252900001</misses>
				<total>0</total>
				<timestamp>1630.208735</timestamp>
			</report>
			<report>
				<misses>253000001</misses>
				<total>0</total>
				<timestamp>1630.849625</timestamp>
			</report>
			<report>
				<misses>253100001</misses>
				<total>0</total>
				<timestamp>1631.491118</timestamp>
			</report>
			<report>
				<misses>253200001</misses>
				<total>0</total>
				<timestamp>1632.133520</timestamp>
			</report>
			<report>
				<misses>253300001</misses>
				<total>0</total>
				<timestamp>1632.775225</timestamp>
			</report>
			<report>
				<misses>253400001</misses>
				<total>0</total>
				<timestamp>1633.416432</timestamp>
			</report>
			<report>
				<misses>253500001</misses>
				<total>0</total>
				<timestamp>1634.058564</timestamp>
			</report>
			<report>
				<misses>253600001</misses>
				<total>0</total>
				<timestamp>1634.699995</timestamp>
			</report>
			<report>
				<misses>253700001</misses>
				<total>0</total>
				<timestamp>1635.341079</timestamp>
			</report>
			<report>
				<misses>253800001</misses>
				<total>0</total>
				<timestamp>1635.983067</timestamp>
			</report>
			<report>
				<misses>253900001</misses>
				<total>0</total>
				<timestamp>1636.624835</timestamp>
			</report>
			<report>
				<misses>254000001</misses>
				<total>0</total>
				<timestamp>1637.265580</timestamp>
			</report>
			<report>
				<misses>254100001</misses>
				<total>0</total>
				<timestamp>1637.907527</timestamp>
			</report>
			<report>
				<misses>254200001</misses>
				<total>0</total>
				<timestamp>1638.549051</timestamp>
			</report>
			<report>
				<misses>254300001</misses>
				<total>0</total>
				<timestamp>1639.190749</timestamp>
			</report>
			<report>
				<misses>254400001</misses>
				<total>0</total>
				<timestamp>1639.832088</timestamp>
			</report>
			<report>
				<misses>254500001</misses>
				<total>0</total>
				<timestamp>1640.474433</timestamp>
			</report>
			<report>
				<misses>254600001</misses>
				<total>0</total>
				<timestamp>1641.116178</timestamp>
			</report>
			<report>
				<misses>254700001</misses>
				<total>0</total>
				<timestamp>1641.758302</timestamp>
			</report>
			<report>
				<misses>254800001</misses>
				<total>0</total>
				<timestamp>1642.399993</timestamp>
			</report>
			<report>
				<misses>254900001</misses>
				<total>0</total>
				<timestamp>1643.041125</timestamp>
			</report>
			<report>
				<misses>255000001</misses>
				<total>0</total>
				<timestamp>1643.683094</timestamp>
			</report>
			<report>
				<misses>255100001</misses>
				<total>0</total>
				<timestamp>1644.324168</timestamp>
			</report>
			<report>
				<misses>255200001</misses>
				<total>0</total>
				<timestamp>1644.965998</timestamp>
			</report>
			<report>
				<misses>255300001</misses>
				<total>0</total>
				<timestamp>1645.607482</timestamp>
			</report>
			<report>
				<misses>255400001</misses>
				<total>0</total>
				<timestamp>1646.249436</timestamp>
			</report>
			<report>
				<misses>255500001</misses>
				<total>0</total>
				<timestamp>1646.890743</timestamp>
			</report>
			<report>
				<misses>255600001</misses>
				<total>0</total>
				<timestamp>1647.533038</timestamp>
			</report>
			<report>
				<misses>255700001</misses>
				<total>0</total>
				<timestamp>1648.175236</timestamp>
			</report>
			<report>
				<misses>255800001</misses>
				<total>0</total>
				<timestamp>1648.817803</timestamp>
			</report>
			<report>
				<misses>255900001</misses>
				<total>0</total>
				<timestamp>1649.460458</timestamp>
			</report>
			<report>
				<misses>256000001</misses>
				<total>0</total>
				<timestamp>1650.103087</timestamp>
			</report>
			<report>
				<misses>256100001</misses>
				<total>0</total>
				<timestamp>1650.746007</timestamp>
			</report>
			<report>
				<misses>256200001</misses>
				<total>0</total>
				<timestamp>1651.388847</timestamp>
			</report>
			<report>
				<misses>256300001</misses>
				<total>0</total>
				<timestamp>1652.031568</timestamp>
			</report>
			<report>
				<misses>256400001</misses>
				<total>0</total>
				<timestamp>1652.674116</timestamp>
			</report>
			<report>
				<misses>256500001</misses>
				<total>0</total>
				<timestamp>1653.316895</timestamp>
			</report>
			<report>
				<misses>256600001</misses>
				<total>0</total>
				<timestamp>1653.961916</timestamp>
			</report>
			<report>
				<misses>256700001</misses>
				<total>0</total>
				<timestamp>1654.604794</timestamp>
			</report>
			<report>
				<misses>256800001</misses>
				<total>0</total>
				<timestamp>1655.246980</timestamp>
			</report>
			<report>
				<misses>256900001</misses>
				<total>0</total>
				<timestamp>1655.889676</timestamp>
			</report>
			<report>
				<misses>257000001</misses>
				<total>0</total>
				<timestamp>1656.526764</timestamp>
			</report>
			<report>
				<misses>257100001</misses>
				<total>0</total>
				<timestamp>1657.164150</timestamp>
			</report>
			<report>
				<misses>257200001</misses>
				<total>0</total>
				<timestamp>1657.801431</timestamp>
			</report>
			<report>
				<misses>257300001</misses>
				<total>0</total>
				<timestamp>1658.437843</timestamp>
			</report>
			<report>
				<misses>257400001</misses>
				<total>0</total>
				<timestamp>1659.076132</timestamp>
			</report>
			<report>
				<misses>257500001</misses>
				<total>0</total>
				<timestamp>1659.715047</timestamp>
			</report>
			<report>
				<misses>257600001</misses>
				<total>0</total>
				<timestamp>1660.354300</timestamp>
			</report>
			<report>
				<misses>257700001</misses>
				<total>0</total>
				<timestamp>1660.993835</timestamp>
			</report>
			<report>
				<misses>257800001</misses>
				<total>0</total>
				<timestamp>1661.633403</timestamp>
			</report>
			<report>
				<misses>257900001</misses>
				<total>0</total>
				<timestamp>1662.272932</timestamp>
			</report>
			<report>
				<misses>258000001</misses>
				<total>0</total>
				<timestamp>1662.911303</timestamp>
			</report>
			<report>
				<misses>258100001</misses>
				<total>0</total>
				<timestamp>1663.549968</timestamp>
			</report>
			<report>
				<misses>258200001</misses>
				<total>0</total>
				<timestamp>1664.188704</timestamp>
			</report>
			<report>
				<misses>258300001</misses>
				<total>0</total>
				<timestamp>1664.828403</timestamp>
			</report>
			<report>
				<misses>258400001</misses>
				<total>0</total>
				<timestamp>1665.467745</timestamp>
			</report>
			<report>
				<misses>258500001</misses>
				<total>0</total>
				<timestamp>1666.107253</timestamp>
			</report>
			<report>
				<misses>258600001</misses>
				<total>0</total>
				<timestamp>1666.747403</timestamp>
			</report>
			<report>
				<misses>258700001</misses>
				<total>0</total>
				<timestamp>1667.386603</timestamp>
			</report>
			<report>
				<misses>258800001</misses>
				<total>0</total>
				<timestamp>1668.026215</timestamp>
			</report>
			<report>
				<misses>258900001</misses>
				<total>0</total>
				<timestamp>1668.673307</timestamp>
			</report>
			<report>
				<misses>259000001</misses>
				<total>0</total>
				<timestamp>1669.324417</timestamp>
			</report>
			<report>
				<misses>259100001</misses>
				<total>0</total>
				<timestamp>1669.974628</timestamp>
			</report>
			<report>
				<misses>259200001</misses>
				<total>0</total>
				<timestamp>1670.625961</timestamp>
			</report>
			<report>
				<misses>259300001</misses>
				<total>0</total>
				<timestamp>1671.277084</timestamp>
			</report>
			<report>
				<misses>259400001</misses>
				<total>0</total>
				<timestamp>1671.928691</timestamp>
			</report>
			<report>
				<misses>259500001</misses>
				<total>0</total>
				<timestamp>1672.579464</timestamp>
			</report>
			<report>
				<misses>259600001</misses>
				<total>0</total>
				<timestamp>1673.231654</timestamp>
			</report>
			<report>
				<misses>259700001</misses>
				<total>0</total>
				<timestamp>1673.882627</timestamp>
			</report>
			<report>
				<misses>259800001</misses>
				<total>0</total>
				<timestamp>1674.533302</timestamp>
			</report>
			<report>
				<misses>259900001</misses>
				<total>0</total>
				<timestamp>1675.184838</timestamp>
			</report>
			<report>
				<misses>260000001</misses>
				<total>0</total>
				<timestamp>1675.837036</timestamp>
			</report>
			<report>
				<misses>260100001</misses>
				<total>0</total>
				<timestamp>1676.487657</timestamp>
			</report>
			<report>
				<misses>260200001</misses>
				<total>0</total>
				<timestamp>1677.139432</timestamp>
			</report>
			<report>
				<misses>260300001</misses>
				<total>0</total>
				<timestamp>1677.792205</timestamp>
			</report>
			<report>
				<misses>260400001</misses>
				<total>0</total>
				<timestamp>1678.442316</timestamp>
			</report>
			<report>
				<misses>260500001</misses>
				<total>0</total>
				<timestamp>1679.094558</timestamp>
			</report>
			<report>
				<misses>260600001</misses>
				<total>0</total>
				<timestamp>1679.745901</timestamp>
			</report>
			<report>
				<misses>260700001</misses>
				<total>0</total>
				<timestamp>1680.396920</timestamp>
			</report>
			<report>
				<misses>260800001</misses>
				<total>0</total>
				<timestamp>1681.048861</timestamp>
			</report>
			<report>
				<misses>260900001</misses>
				<total>0</total>
				<timestamp>1681.703415</timestamp>
			</report>
			<report>
				<misses>261000001</misses>
				<total>0</total>
				<timestamp>1682.354693</timestamp>
			</report>
			<report>
				<misses>261100001</misses>
				<total>0</total>
				<timestamp>1683.007727</timestamp>
			</report>
			<report>
				<misses>261200001</misses>
				<total>0</total>
				<timestamp>1683.659575</timestamp>
			</report>
			<report>
				<misses>261300001</misses>
				<total>0</total>
				<timestamp>1684.311795</timestamp>
			</report>
			<report>
				<misses>261400001</misses>
				<total>0</total>
				<timestamp>1684.963525</timestamp>
			</report>
			<report>
				<misses>261500001</misses>
				<total>0</total>
				<timestamp>1685.617186</timestamp>
			</report>
			<report>
				<misses>261600001</misses>
				<total>0</total>
				<timestamp>1686.269379</timestamp>
			</report>
			<report>
				<misses>261700001</misses>
				<total>0</total>
				<timestamp>1686.921281</timestamp>
			</report>
			<report>
				<misses>261800001</misses>
				<total>0</total>
				<timestamp>1687.570473</timestamp>
			</report>
			<report>
				<misses>261900001</misses>
				<total>0</total>
				<timestamp>1688.221180</timestamp>
			</report>
			<report>
				<misses>262000001</misses>
				<total>0</total>
				<timestamp>1688.872200</timestamp>
			</report>
			<report>
				<misses>262100001</misses>
				<total>0</total>
				<timestamp>1689.522110</timestamp>
			</report>
			<report>
				<misses>262200001</misses>
				<total>0</total>
				<timestamp>1690.172583</timestamp>
			</report>
			<report>
				<misses>262300001</misses>
				<total>0</total>
				<timestamp>1690.824297</timestamp>
			</report>
			<report>
				<misses>262400001</misses>
				<total>0</total>
				<timestamp>1691.475263</timestamp>
			</report>
			<report>
				<misses>262500001</misses>
				<total>0</total>
				<timestamp>1692.124621</timestamp>
			</report>
			<report>
				<misses>262600001</misses>
				<total>0</total>
				<timestamp>1692.774355</timestamp>
			</report>
			<report>
				<misses>262700001</misses>
				<total>0</total>
				<timestamp>1693.425465</timestamp>
			</report>
			<report>
				<misses>262800001</misses>
				<total>0</total>
				<timestamp>1694.077078</timestamp>
			</report>
			<report>
				<misses>262900001</misses>
				<total>0</total>
				<timestamp>1694.726810</timestamp>
			</report>
			<report>
				<misses>263000001</misses>
				<total>0</total>
				<timestamp>1695.377333</timestamp>
			</report>
			<report>
				<misses>263100001</misses>
				<total>0</total>
				<timestamp>1696.029619</timestamp>
			</report>
			<report>
				<misses>263200001</misses>
				<total>0</total>
				<timestamp>1696.681468</timestamp>
			</report>
			<report>
				<misses>263300001</misses>
				<total>0</total>
				<timestamp>1697.333748</timestamp>
			</report>
			<report>
				<misses>263400001</misses>
				<total>0</total>
				<timestamp>1697.987810</timestamp>
			</report>
			<report>
				<misses>263500001</misses>
				<total>0</total>
				<timestamp>1698.642436</timestamp>
			</report>
			<report>
				<misses>263600001</misses>
				<total>0</total>
				<timestamp>1699.296518</timestamp>
			</report>
			<report>
				<misses>263700001</misses>
				<total>0</total>
				<timestamp>1699.949771</timestamp>
			</report>
			<report>
				<misses>263800001</misses>
				<total>0</total>
				<timestamp>1700.603492</timestamp>
			</report>
			<report>
				<misses>263900001</misses>
				<total>0</total>
				<timestamp>1701.256570</timestamp>
			</report>
			<report>
				<misses>264000001</misses>
				<total>0</total>
				<timestamp>1701.910148</timestamp>
			</report>
			<report>
				<misses>264100001</misses>
				<total>0</total>
				<timestamp>1702.561851</timestamp>
			</report>
			<report>
				<misses>264200001</misses>
				<total>0</total>
				<timestamp>1703.212671</timestamp>
			</report>
			<report>
				<misses>264300001</misses>
				<total>0</total>
				<timestamp>1703.864634</timestamp>
			</report>
			<report>
				<misses>264400001</misses>
				<total>0</total>
				<timestamp>1704.516264</timestamp>
			</report>
			<report>
				<misses>264500001</misses>
				<total>0</total>
				<timestamp>1705.168573</timestamp>
			</report>
			<report>
				<misses>264600001</misses>
				<total>0</total>
				<timestamp>1705.820794</timestamp>
			</report>
			<report>
				<misses>264700001</misses>
				<total>0</total>
				<timestamp>1706.472791</timestamp>
			</report>
			<report>
				<misses>264800001</misses>
				<total>0</total>
				<timestamp>1707.125287</timestamp>
			</report>
			<report>
				<misses>264900001</misses>
				<total>0</total>
				<timestamp>1707.777121</timestamp>
			</report>
			<report>
				<misses>265000001</misses>
				<total>0</total>
				<timestamp>1708.427940</timestamp>
			</report>
			<report>
				<misses>265100001</misses>
				<total>0</total>
				<timestamp>1709.080109</timestamp>
			</report>
			<report>
				<misses>265200001</misses>
				<total>0</total>
				<timestamp>1709.731622</timestamp>
			</report>
			<report>
				<misses>265300001</misses>
				<total>0</total>
				<timestamp>1710.382523</timestamp>
			</report>
			<report>
				<misses>265400001</misses>
				<total>0</total>
				<timestamp>1711.034226</timestamp>
			</report>
			<report>
				<misses>265500001</misses>
				<total>0</total>
				<timestamp>1711.685271</timestamp>
			</report>
			<report>
				<misses>265600001</misses>
				<total>0</total>
				<timestamp>1712.338101</timestamp>
			</report>
			<report>
				<misses>265700001</misses>
				<total>0</total>
				<timestamp>1712.989840</timestamp>
			</report>
			<report>
				<misses>265800001</misses>
				<total>0</total>
				<timestamp>1713.643053</timestamp>
			</report>
			<report>
				<misses>265900001</misses>
				<total>0</total>
				<timestamp>1714.294491</timestamp>
			</report>
			<report>
				<misses>266000001</misses>
				<total>0</total>
				<timestamp>1714.946874</timestamp>
			</report>
			<report>
				<misses>266100001</misses>
				<total>0</total>
				<timestamp>1715.597056</timestamp>
			</report>
			<report>
				<misses>266200001</misses>
				<total>0</total>
				<timestamp>1716.242529</timestamp>
			</report>
			<report>
				<misses>266300001</misses>
				<total>0</total>
				<timestamp>1716.885503</timestamp>
			</report>
			<report>
				<misses>266400001</misses>
				<total>0</total>
				<timestamp>1717.530767</timestamp>
			</report>
			<report>
				<misses>266500001</misses>
				<total>0</total>
				<timestamp>1718.175808</timestamp>
			</report>
			<report>
				<misses>266600001</misses>
				<total>0</total>
				<timestamp>1718.823132</timestamp>
			</report>
			<report>
				<misses>266700001</misses>
				<total>0</total>
				<timestamp>1719.466200</timestamp>
			</report>
			<report>
				<misses>266800001</misses>
				<total>0</total>
				<timestamp>1720.112987</timestamp>
			</report>
			<report>
				<misses>266900001</misses>
				<total>0</total>
				<timestamp>1720.757738</timestamp>
			</report>
			<report>
				<misses>267000001</misses>
				<total>0</total>
				<timestamp>1721.402106</timestamp>
			</report>
			<report>
				<misses>267100001</misses>
				<total>0</total>
				<timestamp>1722.047938</timestamp>
			</report>
			<report>
				<misses>267200001</misses>
				<total>0</total>
				<timestamp>1722.693308</timestamp>
			</report>
			<report>
				<misses>267300001</misses>
				<total>0</total>
				<timestamp>1723.338013</timestamp>
			</report>
			<report>
				<misses>267400001</misses>
				<total>0</total>
				<timestamp>1723.982434</timestamp>
			</report>
			<report>
				<misses>267500001</misses>
				<total>0</total>
				<timestamp>1724.630262</timestamp>
			</report>
			<report>
				<misses>267600001</misses>
				<total>0</total>
				<timestamp>1725.275718</timestamp>
			</report>
			<report>
				<misses>267700001</misses>
				<total>0</total>
				<timestamp>1725.921450</timestamp>
			</report>
			<report>
				<misses>267800001</misses>
				<total>0</total>
				<timestamp>1726.571460</timestamp>
			</report>
			<report>
				<misses>267900001</misses>
				<total>0</total>
				<timestamp>1727.218997</timestamp>
			</report>
			<report>
				<misses>268000001</misses>
				<total>0</total>
				<timestamp>1727.864912</timestamp>
			</report>
			<report>
				<misses>268100001</misses>
				<total>0</total>
				<timestamp>1728.509010</timestamp>
			</report>
			<report>
				<misses>268200001</misses>
				<total>0</total>
				<timestamp>1729.156600</timestamp>
			</report>
			<report>
				<misses>268300001</misses>
				<total>0</total>
				<timestamp>1729.806930</timestamp>
			</report>
			<report>
				<misses>268400001</misses>
				<total>0</total>
				<timestamp>1730.461986</timestamp>
			</report>
			<report>
				<misses>268500001</misses>
				<total>0</total>
				<timestamp>1731.115968</timestamp>
			</report>
			<report>
				<misses>268600001</misses>
				<total>0</total>
				<timestamp>1731.770756</timestamp>
			</report>
			<report>
				<misses>268700001</misses>
				<total>0</total>
				<timestamp>1732.419289</timestamp>
			</report>
			<report>
				<misses>268800001</misses>
				<total>0</total>
				<timestamp>1733.069314</timestamp>
			</report>
			<report>
				<misses>268900001</misses>
				<total>0</total>
				<timestamp>1733.718652</timestamp>
			</report>
			<report>
				<misses>269000001</misses>
				<total>0</total>
				<timestamp>1734.365659</timestamp>
			</report>
			<report>
				<misses>269100001</misses>
				<total>0</total>
				<timestamp>1735.016373</timestamp>
			</report>
			<report>
				<misses>269200001</misses>
				<total>0</total>
				<timestamp>1735.667441</timestamp>
			</report>
			<report>
				<misses>269300001</misses>
				<total>0</total>
				<timestamp>1736.316190</timestamp>
			</report>
			<report>
				<misses>269400001</misses>
				<total>0</total>
				<timestamp>1736.966916</timestamp>
			</report>
			<report>
				<misses>269500001</misses>
				<total>0</total>
				<timestamp>1737.621833</timestamp>
			</report>
			<report>
				<misses>269600001</misses>
				<total>0</total>
				<timestamp>1738.273643</timestamp>
			</report>
			<report>
				<misses>269700001</misses>
				<total>0</total>
				<timestamp>1738.923484</timestamp>
			</report>
			<report>
				<misses>269800001</misses>
				<total>0</total>
				<timestamp>1739.573557</timestamp>
			</report>
			<report>
				<misses>269900001</misses>
				<total>0</total>
				<timestamp>1740.222179</timestamp>
			</report>
			<report>
				<misses>270000001</misses>
				<total>0</total>
				<timestamp>1740.874623</timestamp>
			</report>
			<report>
				<misses>270100001</misses>
				<total>0</total>
				<timestamp>1741.523601</timestamp>
			</report>
			<report>
				<misses>270200001</misses>
				<total>0</total>
				<timestamp>1742.172448</timestamp>
			</report>
			<report>
				<misses>270300001</misses>
				<total>0</total>
				<timestamp>1742.822888</timestamp>
			</report>
			<report>
				<misses>270400001</misses>
				<total>0</total>
				<timestamp>1743.477546</timestamp>
			</report>
			<report>
				<misses>270500001</misses>
				<total>0</total>
				<timestamp>1744.127025</timestamp>
			</report>
			<report>
				<misses>270600001</misses>
				<total>0</total>
				<timestamp>1744.774816</timestamp>
			</report>
			<report>
				<misses>270700001</misses>
				<total>0</total>
				<timestamp>1745.425055</timestamp>
			</report>
			<report>
				<misses>270800001</misses>
				<total>0</total>
				<timestamp>1746.074714</timestamp>
			</report>
			<report>
				<misses>270900001</misses>
				<total>0</total>
				<timestamp>1746.723783</timestamp>
			</report>
			<report>
				<misses>271000001</misses>
				<total>0</total>
				<timestamp>1747.373154</timestamp>
			</report>
			<report>
				<misses>271100001</misses>
				<total>0</total>
				<timestamp>1748.021183</timestamp>
			</report>
			<report>
				<misses>271200001</misses>
				<total>0</total>
				<timestamp>1748.673147</timestamp>
			</report>
			<report>
				<misses>271300001</misses>
				<total>0</total>
				<timestamp>1749.326291</timestamp>
			</report>
			<report>
				<misses>271400001</misses>
				<total>0</total>
				<timestamp>1749.979309</timestamp>
			</report>
			<report>
				<misses>271500001</misses>
				<total>0</total>
				<timestamp>1750.630594</timestamp>
			</report>
			<report>
				<misses>271600001</misses>
				<total>0</total>
				<timestamp>1751.288353</timestamp>
			</report>
			<report>
				<misses>271700001</misses>
				<total>0</total>
				<timestamp>1751.941071</timestamp>
			</report>
			<report>
				<misses>271800001</misses>
				<total>0</total>
				<timestamp>1752.592899</timestamp>
			</report>
			<report>
				<misses>271900001</misses>
				<total>0</total>
				<timestamp>1753.242267</timestamp>
			</report>
			<report>
				<misses>272000001</misses>
				<total>0</total>
				<timestamp>1753.891557</timestamp>
			</report>
			<report>
				<misses>272100001</misses>
				<total>0</total>
				<timestamp>1754.542835</timestamp>
			</report>
			<report>
				<misses>272200001</misses>
				<total>0</total>
				<timestamp>1755.193833</timestamp>
			</report>
			<report>
				<misses>272300001</misses>
				<total>0</total>
				<timestamp>1755.844911</timestamp>
			</report>
			<report>
				<misses>272400001</misses>
				<total>0</total>
				<timestamp>1756.494405</timestamp>
			</report>
			<report>
				<misses>272500001</misses>
				<total>0</total>
				<timestamp>1757.142736</timestamp>
			</report>
			<report>
				<misses>272600001</misses>
				<total>0</total>
				<timestamp>1757.796845</timestamp>
			</report>
			<report>
				<misses>272700001</misses>
				<total>0</total>
				<timestamp>1758.446681</timestamp>
			</report>
			<report>
				<misses>272800001</misses>
				<total>0</total>
				<timestamp>1759.087195</timestamp>
			</report>
			<report>
				<misses>272900001</misses>
				<total>0</total>
				<timestamp>1759.727584</timestamp>
			</report>
			<report>
				<misses>273000001</misses>
				<total>0</total>
				<timestamp>1760.369074</timestamp>
			</report>
			<report>
				<misses>273100001</misses>
				<total>0</total>
				<timestamp>1761.010450</timestamp>
			</report>
			<report>
				<misses>273200001</misses>
				<total>0</total>
				<timestamp>1761.651321</timestamp>
			</report>
			<report>
				<misses>273300001</misses>
				<total>0</total>
				<timestamp>1762.292018</timestamp>
			</report>
			<report>
				<misses>273400001</misses>
				<total>0</total>
				<timestamp>1762.934779</timestamp>
			</report>
			<report>
				<misses>273500001</misses>
				<total>0</total>
				<timestamp>1763.575308</timestamp>
			</report>
			<report>
				<misses>273600001</misses>
				<total>0</total>
				<timestamp>1764.217047</timestamp>
			</report>
			<report>
				<misses>273700001</misses>
				<total>0</total>
				<timestamp>1764.858182</timestamp>
			</report>
			<report>
				<misses>273800001</misses>
				<total>0</total>
				<timestamp>1765.499239</timestamp>
			</report>
			<report>
				<misses>273900001</misses>
				<total>0</total>
				<timestamp>1766.143325</timestamp>
			</report>
			<report>
				<misses>274000001</misses>
				<total>0</total>
				<timestamp>1766.783115</timestamp>
			</report>
			<report>
				<misses>274100001</misses>
				<total>0</total>
				<timestamp>1767.419395</timestamp>
			</report>
			<report>
				<misses>274200001</misses>
				<total>0</total>
				<timestamp>1768.055494</timestamp>
			</report>
			<report>
				<misses>274300001</misses>
				<total>0</total>
				<timestamp>1768.692094</timestamp>
			</report>
			<report>
				<misses>274400001</misses>
				<total>0</total>
				<timestamp>1769.331344</timestamp>
			</report>
			<report>
				<misses>274500001</misses>
				<total>0</total>
				<timestamp>1769.970582</timestamp>
			</report>
			<report>
				<misses>274600001</misses>
				<total>0</total>
				<timestamp>1770.609414</timestamp>
			</report>
			<report>
				<misses>274700001</misses>
				<total>0</total>
				<timestamp>1771.248620</timestamp>
			</report>
			<report>
				<misses>274800001</misses>
				<total>0</total>
				<timestamp>1771.887718</timestamp>
			</report>
			<report>
				<misses>274900001</misses>
				<total>0</total>
				<timestamp>1772.527288</timestamp>
			</report>
			<report>
				<misses>275000001</misses>
				<total>0</total>
				<timestamp>1773.166714</timestamp>
			</report>
			<report>
				<misses>275100001</misses>
				<total>0</total>
				<timestamp>1773.806063</timestamp>
			</report>
			<report>
				<misses>275200001</misses>
				<total>0</total>
				<timestamp>1774.444456</timestamp>
			</report>
			<report>
				<misses>275300001</misses>
				<total>0</total>
				<timestamp>1775.093277</timestamp>
			</report>
			<report>
				<misses>275400001</misses>
				<total>0</total>
				<timestamp>1775.746477</timestamp>
			</report>
			<report>
				<misses>275500001</misses>
				<total>0</total>
				<timestamp>1776.397639</timestamp>
			</report>
			<report>
				<misses>275600001</misses>
				<total>0</total>
				<timestamp>1777.048027</timestamp>
			</report>
			<report>
				<misses>275700001</misses>
				<total>0</total>
				<timestamp>1777.697815</timestamp>
			</report>
			<report>
				<misses>275800001</misses>
				<total>0</total>
				<timestamp>1778.346420</timestamp>
			</report>
			<report>
				<misses>275900001</misses>
				<total>0</total>
				<timestamp>1778.995922</timestamp>
			</report>
			<report>
				<misses>276000001</misses>
				<total>0</total>
				<timestamp>1779.645724</timestamp>
			</report>
			<report>
				<misses>276100001</misses>
				<total>0</total>
				<timestamp>1780.295526</timestamp>
			</report>
			<report>
				<misses>276200001</misses>
				<total>0</total>
				<timestamp>1780.945868</timestamp>
			</report>
			<report>
				<misses>276300001</misses>
				<total>0</total>
				<timestamp>1781.595177</timestamp>
			</report>
			<report>
				<misses>276400001</misses>
				<total>0</total>
				<timestamp>1782.244076</timestamp>
			</report>
			<report>
				<misses>276500001</misses>
				<total>0</total>
				<timestamp>1782.892709</timestamp>
			</report>
			<report>
				<misses>276600001</misses>
				<total>0</total>
				<timestamp>1783.542253</timestamp>
			</report>
			<report>
				<misses>276700001</misses>
				<total>0</total>
				<timestamp>1784.191035</timestamp>
			</report>
			<report>
				<misses>276800001</misses>
				<total>0</total>
				<timestamp>1784.839416</timestamp>
			</report>
			<report>
				<misses>276900001</misses>
				<total>0</total>
				<timestamp>1785.488739</timestamp>
			</report>
			<report>
				<misses>277000001</misses>
				<total>0</total>
				<timestamp>1786.138443</timestamp>
			</report>
			<report>
				<misses>277100001</misses>
				<total>0</total>
				<timestamp>1786.789715</timestamp>
			</report>
			<report>
				<misses>277200001</misses>
				<total>0</total>
				<timestamp>1787.439252</timestamp>
			</report>
			<report>
				<misses>277300001</misses>
				<total>0</total>
				<timestamp>1788.088279</timestamp>
			</report>
			<report>
				<misses>277400001</misses>
				<total>0</total>
				<timestamp>1788.736980</timestamp>
			</report>
			<report>
				<misses>277500001</misses>
				<total>0</total>
				<timestamp>1789.386367</timestamp>
			</report>
			<report>
				<misses>277600001</misses>
				<total>0</total>
				<timestamp>1790.036322</timestamp>
			</report>
			<report>
				<misses>277700001</misses>
				<total>0</total>
				<timestamp>1790.685591</timestamp>
			</report>
			<report>
				<misses>277800001</misses>
				<total>0</total>
				<timestamp>1791.334849</timestamp>
			</report>
			<report>
				<misses>277900001</misses>
				<total>0</total>
				<timestamp>1791.984801</timestamp>
			</report>
			<report>
				<misses>278000001</misses>
				<total>0</total>
				<timestamp>1792.634853</timestamp>
			</report>
			<report>
				<misses>278100001</misses>
				<total>0</total>
				<timestamp>1793.283582</timestamp>
			</report>
			<report>
				<misses>278200001</misses>
				<total>0</total>
				<timestamp>1793.932547</timestamp>
			</report>
			<report>
				<misses>278300001</misses>
				<total>0</total>
				<timestamp>1794.582855</timestamp>
			</report>
			<report>
				<misses>278400001</misses>
				<total>0</total>
				<timestamp>1795.233156</timestamp>
			</report>
			<report>
				<misses>278500001</misses>
				<total>0</total>
				<timestamp>1795.883852</timestamp>
			</report>
			<report>
				<misses>278600001</misses>
				<total>0</total>
				<timestamp>1796.535561</timestamp>
			</report>
			<report>
				<misses>278700001</misses>
				<total>0</total>
				<timestamp>1797.187575</timestamp>
			</report>
			<report>
				<misses>278800001</misses>
				<total>0</total>
				<timestamp>1797.838921</timestamp>
			</report>
			<report>
				<misses>278900001</misses>
				<total>0</total>
				<timestamp>1798.489904</timestamp>
			</report>
			<report>
				<misses>279000001</misses>
				<total>0</total>
				<timestamp>1799.142219</timestamp>
			</report>
			<report>
				<misses>279100001</misses>
				<total>0</total>
				<timestamp>1799.794283</timestamp>
			</report>
			<report>
				<misses>279200001</misses>
				<total>0</total>
				<timestamp>1800.445213</timestamp>
			</report>
			<report>
				<misses>279300001</misses>
				<total>0</total>
				<timestamp>1801.097283</timestamp>
			</report>
			<report>
				<misses>279400001</misses>
				<total>0</total>
				<timestamp>1801.749685</timestamp>
			</report>
			<report>
				<misses>279500001</misses>
				<total>0</total>
				<timestamp>1802.402475</timestamp>
			</report>
			<report>
				<misses>279600001</misses>
				<total>0</total>
				<timestamp>1803.055140</timestamp>
			</report>
			<report>
				<misses>279700001</misses>
				<total>0</total>
				<timestamp>1803.703591</timestamp>
			</report>
			<report>
				<misses>279800001</misses>
				<total>0</total>
				<timestamp>1804.349379</timestamp>
			</report>
			<report>
				<misses>279900001</misses>
				<total>0</total>
				<timestamp>1804.997504</timestamp>
			</report>
			<report>
				<misses>280000001</misses>
				<total>0</total>
				<timestamp>1805.645754</timestamp>
			</report>
			<report>
				<misses>280100001</misses>
				<total>0</total>
				<timestamp>1806.289971</timestamp>
			</report>
			<report>
				<misses>280200001</misses>
				<total>0</total>
				<timestamp>1806.932842</timestamp>
			</report>
			<report>
				<misses>280300001</misses>
				<total>0</total>
				<timestamp>1807.573920</timestamp>
			</report>
			<report>
				<misses>280400001</misses>
				<total>0</total>
				<timestamp>1808.216129</timestamp>
			</report>
			<report>
				<misses>280500001</misses>
				<total>0</total>
				<timestamp>1808.858393</timestamp>
			</report>
			<report>
				<misses>280600001</misses>
				<total>0</total>
				<timestamp>1809.500627</timestamp>
			</report>
			<report>
				<misses>280700001</misses>
				<total>0</total>
				<timestamp>1810.143154</timestamp>
			</report>
			<report>
				<misses>280800001</misses>
				<total>0</total>
				<timestamp>1810.785368</timestamp>
			</report>
			<report>
				<misses>280900001</misses>
				<total>0</total>
				<timestamp>1811.427710</timestamp>
			</report>
			<report>
				<misses>281000001</misses>
				<total>0</total>
				<timestamp>1812.070378</timestamp>
			</report>
			<report>
				<misses>281100001</misses>
				<total>0</total>
				<timestamp>1812.713288</timestamp>
			</report>
			<report>
				<misses>281200001</misses>
				<total>0</total>
				<timestamp>1813.356046</timestamp>
			</report>
			<report>
				<misses>281300001</misses>
				<total>0</total>
				<timestamp>1814.000514</timestamp>
			</report>
			<report>
				<misses>281400001</misses>
				<total>0</total>
				<timestamp>1814.642800</timestamp>
			</report>
			<report>
				<misses>281500001</misses>
				<total>0</total>
				<timestamp>1815.285090</timestamp>
			</report>
			<report>
				<misses>281600001</misses>
				<total>0</total>
				<timestamp>1815.927272</timestamp>
			</report>
			<report>
				<misses>281700001</misses>
				<total>0</total>
				<timestamp>1816.568780</timestamp>
			</report>
			<report>
				<misses>281800001</misses>
				<total>0</total>
				<timestamp>1817.210735</timestamp>
			</report>
			<report>
				<misses>281900001</misses>
				<total>0</total>
				<timestamp>1817.852425</timestamp>
			</report>
			<report>
				<misses>282000001</misses>
				<total>0</total>
				<timestamp>1818.493019</timestamp>
			</report>
			<report>
				<misses>282100001</misses>
				<total>0</total>
				<timestamp>1819.134594</timestamp>
			</report>
			<report>
				<misses>282200001</misses>
				<total>0</total>
				<timestamp>1819.777017</timestamp>
			</report>
			<report>
				<misses>282300001</misses>
				<total>0</total>
				<timestamp>1820.419881</timestamp>
			</report>
			<report>
				<misses>282400001</misses>
				<total>0</total>
				<timestamp>1821.064288</timestamp>
			</report>
			<report>
				<misses>282500001</misses>
				<total>0</total>
				<timestamp>1821.707229</timestamp>
			</report>
			<report>
				<misses>282600001</misses>
				<total>0</total>
				<timestamp>1822.345607</timestamp>
			</report>
			<report>
				<misses>282700001</misses>
				<total>0</total>
				<timestamp>1822.980424</timestamp>
			</report>
			<report>
				<misses>282800001</misses>
				<total>0</total>
				<timestamp>1823.615269</timestamp>
			</report>
			<report>
				<misses>282900001</misses>
				<total>0</total>
				<timestamp>1824.253827</timestamp>
			</report>
			<report>
				<misses>283000001</misses>
				<total>0</total>
				<timestamp>1824.894418</timestamp>
			</report>
			<report>
				<misses>283100001</misses>
				<total>0</total>
				<timestamp>1825.533841</timestamp>
			</report>
			<report>
				<misses>283200001</misses>
				<total>0</total>
				<timestamp>1826.173012</timestamp>
			</report>
			<report>
				<misses>283300001</misses>
				<total>0</total>
				<timestamp>1826.812212</timestamp>
			</report>
			<report>
				<misses>283400001</misses>
				<total>0</total>
				<timestamp>1827.452143</timestamp>
			</report>
			<report>
				<misses>283500001</misses>
				<total>0</total>
				<timestamp>1828.092690</timestamp>
			</report>
			<report>
				<misses>283600001</misses>
				<total>0</total>
				<timestamp>1828.735055</timestamp>
			</report>
			<report>
				<misses>283700001</misses>
				<total>0</total>
				<timestamp>1829.377254</timestamp>
			</report>
			<report>
				<misses>283800001</misses>
				<total>0</total>
				<timestamp>1830.020097</timestamp>
			</report>
			<report>
				<misses>283900001</misses>
				<total>0</total>
				<timestamp>1830.663197</timestamp>
			</report>
			<report>
				<misses>284000001</misses>
				<total>0</total>
				<timestamp>1831.305016</timestamp>
			</report>
			<report>
				<misses>284100001</misses>
				<total>0</total>
				<timestamp>1831.946359</timestamp>
			</report>
			<report>
				<misses>284200001</misses>
				<total>0</total>
				<timestamp>1832.588191</timestamp>
			</report>
			<report>
				<misses>284300001</misses>
				<total>0</total>
				<timestamp>1833.231231</timestamp>
			</report>
			<report>
				<misses>284400001</misses>
				<total>0</total>
				<timestamp>1833.874355</timestamp>
			</report>
			<report>
				<misses>284500001</misses>
				<total>0</total>
				<timestamp>1834.517167</timestamp>
			</report>
			<report>
				<misses>284600001</misses>
				<total>0</total>
				<timestamp>1835.158850</timestamp>
			</report>
			<report>
				<misses>284700001</misses>
				<total>0</total>
				<timestamp>1835.800194</timestamp>
			</report>
			<report>
				<misses>284800001</misses>
				<total>0</total>
				<timestamp>1836.440660</timestamp>
			</report>
			<report>
				<misses>284900001</misses>
				<total>0</total>
				<timestamp>1837.078446</timestamp>
			</report>
			<report>
				<misses>285000001</misses>
				<total>0</total>
				<timestamp>1837.719590</timestamp>
			</report>
			<report>
				<misses>285100001</misses>
				<total>0</total>
				<timestamp>1838.361650</timestamp>
			</report>
			<report>
				<misses>285200001</misses>
				<total>0</total>
				<timestamp>1839.002910</timestamp>
			</report>
			<report>
				<misses>285300001</misses>
				<total>0</total>
				<timestamp>1839.643254</timestamp>
			</report>
			<report>
				<misses>285400001</misses>
				<total>0</total>
				<timestamp>1840.283734</timestamp>
			</report>
			<report>
				<misses>285500001</misses>
				<total>0</total>
				<timestamp>1840.924369</timestamp>
			</report>
			<report>
				<misses>285600001</misses>
				<total>0</total>
				<timestamp>1841.565861</timestamp>
			</report>
			<report>
				<misses>285700001</misses>
				<total>0</total>
				<timestamp>1842.207219</timestamp>
			</report>
			<report>
				<misses>285800001</misses>
				<total>0</total>
				<timestamp>1842.848620</timestamp>
			</report>
			<report>
				<misses>285900001</misses>
				<total>0</total>
				<timestamp>1843.489322</timestamp>
			</report>
			<report>
				<misses>286000001</misses>
				<total>0</total>
				<timestamp>1844.141848</timestamp>
			</report>
			<report>
				<misses>286100001</misses>
				<total>0</total>
				<timestamp>1844.796943</timestamp>
			</report>
			<report>
				<misses>286200001</misses>
				<total>0</total>
				<timestamp>1845.451382</timestamp>
			</report>
			<report>
				<misses>286300001</misses>
				<total>0</total>
				<timestamp>1846.105824</timestamp>
			</report>
			<report>
				<misses>286400001</misses>
				<total>0</total>
				<timestamp>1846.759946</timestamp>
			</report>
			<report>
				<misses>286500001</misses>
				<total>0</total>
				<timestamp>1847.414082</timestamp>
			</report>
			<report>
				<misses>286600001</misses>
				<total>0</total>
				<timestamp>1848.068250</timestamp>
			</report>
			<report>
				<misses>286700001</misses>
				<total>0</total>
				<timestamp>1848.721806</timestamp>
			</report>
			<report>
				<misses>286800001</misses>
				<total>0</total>
				<timestamp>1849.376229</timestamp>
			</report>
			<report>
				<misses>286900001</misses>
				<total>0</total>
				<timestamp>1850.025378</timestamp>
			</report>
			<report>
				<misses>287000001</misses>
				<total>0</total>
				<timestamp>1850.674404</timestamp>
			</report>
			<report>
				<misses>287100001</misses>
				<total>0</total>
				<timestamp>1851.324410</timestamp>
			</report>
			<report>
				<misses>287200001</misses>
				<total>0</total>
				<timestamp>1851.974507</timestamp>
			</report>
			<report>
				<misses>287300001</misses>
				<total>0</total>
				<timestamp>1852.624187</timestamp>
			</report>
			<report>
				<misses>287400001</misses>
				<total>0</total>
				<timestamp>1853.273962</timestamp>
			</report>
			<report>
				<misses>287500001</misses>
				<total>0</total>
				<timestamp>1853.924358</timestamp>
			</report>
			<report>
				<misses>287600001</misses>
				<total>0</total>
				<timestamp>1854.573089</timestamp>
			</report>
			<report>
				<misses>287700001</misses>
				<total>0</total>
				<timestamp>1855.222366</timestamp>
			</report>
			<report>
				<misses>287800001</misses>
				<total>0</total>
				<timestamp>1855.871936</timestamp>
			</report>
			<report>
				<misses>287900001</misses>
				<total>0</total>
				<timestamp>1856.522078</timestamp>
			</report>
			<report>
				<misses>288000001</misses>
				<total>0</total>
				<timestamp>1857.171645</timestamp>
			</report>
			<report>
				<misses>288100001</misses>
				<total>0</total>
				<timestamp>1857.822270</timestamp>
			</report>
			<report>
				<misses>288200001</misses>
				<total>0</total>
				<timestamp>1858.470897</timestamp>
			</report>
			<report>
				<misses>288300001</misses>
				<total>0</total>
				<timestamp>1859.120154</timestamp>
			</report>
			<report>
				<misses>288400001</misses>
				<total>0</total>
				<timestamp>1859.769635</timestamp>
			</report>
			<report>
				<misses>288500001</misses>
				<total>0</total>
				<timestamp>1860.417648</timestamp>
			</report>
			<report>
				<misses>288600001</misses>
				<total>0</total>
				<timestamp>1861.064197</timestamp>
			</report>
			<report>
				<misses>288700001</misses>
				<total>0</total>
				<timestamp>1861.707476</timestamp>
			</report>
			<report>
				<misses>288800001</misses>
				<total>0</total>
				<timestamp>1862.350022</timestamp>
			</report>
			<report>
				<misses>288900001</misses>
				<total>0</total>
				<timestamp>1862.996732</timestamp>
			</report>
			<report>
				<misses>289000001</misses>
				<total>0</total>
				<timestamp>1863.642753</timestamp>
			</report>
			<report>
				<misses>289100001</misses>
				<total>0</total>
				<timestamp>1864.285561</timestamp>
			</report>
			<report>
				<misses>289200001</misses>
				<total>0</total>
				<timestamp>1864.929745</timestamp>
			</report>
			<report>
				<misses>289300001</misses>
				<total>0</total>
				<timestamp>1865.573425</timestamp>
			</report>
			<report>
				<misses>289400001</misses>
				<total>0</total>
				<timestamp>1866.219841</timestamp>
			</report>
			<report>
				<misses>289500001</misses>
				<total>0</total>
				<timestamp>1866.863472</timestamp>
			</report>
			<report>
				<misses>289600001</misses>
				<total>0</total>
				<timestamp>1867.509016</timestamp>
			</report>
			<report>
				<misses>289700001</misses>
				<total>0</total>
				<timestamp>1868.152995</timestamp>
			</report>
			<report>
				<misses>289800001</misses>
				<total>0</total>
				<timestamp>1868.797448</timestamp>
			</report>
			<report>
				<misses>289900001</misses>
				<total>0</total>
				<timestamp>1869.451065</timestamp>
			</report>
			<report>
				<misses>290000001</misses>
				<total>0</total>
				<timestamp>1870.104156</timestamp>
			</report>
			<report>
				<misses>290100001</misses>
				<total>0</total>
				<timestamp>1870.755384</timestamp>
			</report>
			<report>
				<misses>290200001</misses>
				<total>0</total>
				<timestamp>1871.406988</timestamp>
			</report>
			<report>
				<misses>290300001</misses>
				<total>0</total>
				<timestamp>1872.058611</timestamp>
			</report>
			<report>
				<misses>290400001</misses>
				<total>0</total>
				<timestamp>1872.709594</timestamp>
			</report>
			<report>
				<misses>290500001</misses>
				<total>0</total>
				<timestamp>1873.359873</timestamp>
			</report>
			<report>
				<misses>290600001</misses>
				<total>0</total>
				<timestamp>1874.010299</timestamp>
			</report>
			<report>
				<misses>290700001</misses>
				<total>0</total>
				<timestamp>1874.660614</timestamp>
			</report>
			<report>
				<misses>290800001</misses>
				<total>0</total>
				<timestamp>1875.311082</timestamp>
			</report>
			<report>
				<misses>290900001</misses>
				<total>0</total>
				<timestamp>1875.961008</timestamp>
			</report>
			<report>
				<misses>291000001</misses>
				<total>0</total>
				<timestamp>1876.611261</timestamp>
			</report>
			<report>
				<misses>291100001</misses>
				<total>0</total>
				<timestamp>1877.261615</timestamp>
			</report>
			<report>
				<misses>291200001</misses>
				<total>0</total>
				<timestamp>1877.911963</timestamp>
			</report>
			<report>
				<misses>291300001</misses>
				<total>0</total>
				<timestamp>1878.562149</timestamp>
			</report>
			<report>
				<misses>291400001</misses>
				<total>0</total>
				<timestamp>1879.212908</timestamp>
			</report>
			<report>
				<misses>291500001</misses>
				<total>0</total>
				<timestamp>1879.858564</timestamp>
			</report>
			<report>
				<misses>291600001</misses>
				<total>0</total>
				<timestamp>1880.504269</timestamp>
			</report>
			<report>
				<misses>291700001</misses>
				<total>0</total>
				<timestamp>1881.148912</timestamp>
			</report>
			<report>
				<misses>291800001</misses>
				<total>0</total>
				<timestamp>1881.794329</timestamp>
			</report>
			<report>
				<misses>291900001</misses>
				<total>0</total>
				<timestamp>1882.438493</timestamp>
			</report>
			<report>
				<misses>292000001</misses>
				<total>0</total>
				<timestamp>1883.082405</timestamp>
			</report>
			<report>
				<misses>292100001</misses>
				<total>0</total>
				<timestamp>1883.727061</timestamp>
			</report>
			<report>
				<misses>292200001</misses>
				<total>0</total>
				<timestamp>1884.371962</timestamp>
			</report>
			<report>
				<misses>292300001</misses>
				<total>0</total>
				<timestamp>1885.016903</timestamp>
			</report>
			<report>
				<misses>292400001</misses>
				<total>0</total>
				<timestamp>1885.661695</timestamp>
			</report>
			<report>
				<misses>292500001</misses>
				<total>0</total>
				<timestamp>1886.306681</timestamp>
			</report>
			<report>
				<misses>292600001</misses>
				<total>0</total>
				<timestamp>1886.951169</timestamp>
			</report>
			<report>
				<misses>292700001</misses>
				<total>0</total>
				<timestamp>1887.595944</timestamp>
			</report>
			<report>
				<misses>292800001</misses>
				<total>0</total>
				<timestamp>1888.240067</timestamp>
			</report>
			<report>
				<misses>292900001</misses>
				<total>0</total>
				<timestamp>1888.884137</timestamp>
			</report>
			<report>
				<misses>293000001</misses>
				<total>0</total>
				<timestamp>1889.528089</timestamp>
			</report>
			<report>
				<misses>293100001</misses>
				<total>0</total>
				<timestamp>1890.168240</timestamp>
			</report>
			<report>
				<misses>293200001</misses>
				<total>0</total>
				<timestamp>1890.808077</timestamp>
			</report>
			<report>
				<misses>293300001</misses>
				<total>0</total>
				<timestamp>1891.447678</timestamp>
			</report>
			<report>
				<misses>293400001</misses>
				<total>0</total>
				<timestamp>1892.088277</timestamp>
			</report>
			<report>
				<misses>293500001</misses>
				<total>0</total>
				<timestamp>1892.728751</timestamp>
			</report>
			<report>
				<misses>293600001</misses>
				<total>0</total>
				<timestamp>1893.369512</timestamp>
			</report>
			<report>
				<misses>293700001</misses>
				<total>0</total>
				<timestamp>1894.010914</timestamp>
			</report>
			<report>
				<misses>293800001</misses>
				<total>0</total>
				<timestamp>1894.652193</timestamp>
			</report>
			<report>
				<misses>293900001</misses>
				<total>0</total>
				<timestamp>1895.293268</timestamp>
			</report>
			<report>
				<misses>294000001</misses>
				<total>0</total>
				<timestamp>1895.931475</timestamp>
			</report>
			<report>
				<misses>294100001</misses>
				<total>0</total>
				<timestamp>1896.567925</timestamp>
			</report>
			<report>
				<misses>294200001</misses>
				<total>0</total>
				<timestamp>1897.203216</timestamp>
			</report>
			<report>
				<misses>294300001</misses>
				<total>0</total>
				<timestamp>1897.838656</timestamp>
			</report>
			<report>
				<misses>294400001</misses>
				<total>0</total>
				<timestamp>1898.474168</timestamp>
			</report>
			<report>
				<misses>294500001</misses>
				<total>0</total>
				<timestamp>1899.110475</timestamp>
			</report>
			<report>
				<misses>294600001</misses>
				<total>0</total>
				<timestamp>1899.747267</timestamp>
			</report>
			<report>
				<misses>294700001</misses>
				<total>0</total>
				<timestamp>1900.383818</timestamp>
			</report>
			<report>
				<misses>294800001</misses>
				<total>0</total>
				<timestamp>1901.019970</timestamp>
			</report>
			<report>
				<misses>294900001</misses>
				<total>0</total>
				<timestamp>1901.655874</timestamp>
			</report>
			<report>
				<misses>295000001</misses>
				<total>0</total>
				<timestamp>1902.292721</timestamp>
			</report>
			<report>
				<misses>295100001</misses>
				<total>0</total>
				<timestamp>1902.929075</timestamp>
			</report>
			<report>
				<misses>295200001</misses>
				<total>0</total>
				<timestamp>1903.565410</timestamp>
			</report>
			<report>
				<misses>295300001</misses>
				<total>0</total>
				<timestamp>1904.204646</timestamp>
			</report>
			<report>
				<misses>295400001</misses>
				<total>0</total>
				<timestamp>1904.848871</timestamp>
			</report>
			<report>
				<misses>295500001</misses>
				<total>0</total>
				<timestamp>1905.490078</timestamp>
			</report>
			<report>
				<misses>295600001</misses>
				<total>0</total>
				<timestamp>1906.132960</timestamp>
			</report>
			<report>
				<misses>295700001</misses>
				<total>0</total>
				<timestamp>1906.774594</timestamp>
			</report>
			<report>
				<misses>295800001</misses>
				<total>0</total>
				<timestamp>1907.416830</timestamp>
			</report>
			<report>
				<misses>295900001</misses>
				<total>0</total>
				<timestamp>1908.059836</timestamp>
			</report>
			<report>
				<misses>296000001</misses>
				<total>0</total>
				<timestamp>1908.702455</timestamp>
			</report>
			<report>
				<misses>296100001</misses>
				<total>0</total>
				<timestamp>1909.344973</timestamp>
			</report>
			<report>
				<misses>296200001</misses>
				<total>0</total>
				<timestamp>1909.986588</timestamp>
			</report>
			<report>
				<misses>296300001</misses>
				<total>0</total>
				<timestamp>1910.627778</timestamp>
			</report>
			<report>
				<misses>296400001</misses>
				<total>0</total>
				<timestamp>1911.268779</timestamp>
			</report>
			<report>
				<misses>296500001</misses>
				<total>0</total>
				<timestamp>1911.909182</timestamp>
			</report>
			<report>
				<misses>296600001</misses>
				<total>0</total>
				<timestamp>1912.549905</timestamp>
			</report>
			<report>
				<misses>296700001</misses>
				<total>0</total>
				<timestamp>1913.190528</timestamp>
			</report>
			<report>
				<misses>296800001</misses>
				<total>0</total>
				<timestamp>1913.831324</timestamp>
			</report>
			<report>
				<misses>296900001</misses>
				<total>0</total>
				<timestamp>1914.471471</timestamp>
			</report>
			<report>
				<misses>297000001</misses>
				<total>0</total>
				<timestamp>1915.111571</timestamp>
			</report>
			<report>
				<misses>297100001</misses>
				<total>0</total>
				<timestamp>1915.753781</timestamp>
			</report>
			<report>
				<misses>297200001</misses>
				<total>0</total>
				<timestamp>1916.398919</timestamp>
			</report>
			<report>
				<misses>297300001</misses>
				<total>0</total>
				<timestamp>1917.050349</timestamp>
			</report>
			<report>
				<misses>297400001</misses>
				<total>0</total>
				<timestamp>1917.701409</timestamp>
			</report>
			<report>
				<misses>297500001</misses>
				<total>0</total>
				<timestamp>1918.352056</timestamp>
			</report>
			<report>
				<misses>297600001</misses>
				<total>0</total>
				<timestamp>1919.003330</timestamp>
			</report>
			<report>
				<misses>297700001</misses>
				<total>0</total>
				<timestamp>1919.652538</timestamp>
			</report>
			<report>
				<misses>297800001</misses>
				<total>0</total>
				<timestamp>1920.303459</timestamp>
			</report>
			<report>
				<misses>297900001</misses>
				<total>0</total>
				<timestamp>1920.956214</timestamp>
			</report>
			<report>
				<misses>298000001</misses>
				<total>0</total>
				<timestamp>1921.607136</timestamp>
			</report>
			<report>
				<misses>298100001</misses>
				<total>0</total>
				<timestamp>1922.258029</timestamp>
			</report>
			<report>
				<misses>298200001</misses>
				<total>0</total>
				<timestamp>1922.910370</timestamp>
			</report>
			<report>
				<misses>298300001</misses>
				<total>0</total>
				<timestamp>1923.561819</timestamp>
			</report>
			<report>
				<misses>298400001</misses>
				<total>0</total>
				<timestamp>1924.213377</timestamp>
			</report>
			<report>
				<misses>298500001</misses>
				<total>0</total>
				<timestamp>1924.864376</timestamp>
			</report>
			<report>
				<misses>298600001</misses>
				<total>0</total>
				<timestamp>1925.514477</timestamp>
			</report>
			<report>
				<misses>298700001</misses>
				<total>0</total>
				<timestamp>1926.165224</timestamp>
			</report>
			<report>
				<misses>298800001</misses>
				<total>0</total>
				<timestamp>1926.817325</timestamp>
			</report>
			<report>
				<misses>298900001</misses>
				<total>0</total>
				<timestamp>1927.467301</timestamp>
			</report>
			<report>
				<misses>299000001</misses>
				<total>0</total>
				<timestamp>1928.119427</timestamp>
			</report>
			<report>
				<misses>299100001</misses>
				<total>0</total>
				<timestamp>1928.769738</timestamp>
			</report>
			<report>
				<misses>299200001</misses>
				<total>0</total>
				<timestamp>1929.421736</timestamp>
			</report>
			<report>
				<misses>299300001</misses>
				<total>0</total>
				<timestamp>1930.072943</timestamp>
			</report>
			<report>
				<misses>299400001</misses>
				<total>0</total>
				<timestamp>1930.724727</timestamp>
			</report>
			<report>
				<misses>299500001</misses>
				<total>0</total>
				<timestamp>1931.375304</timestamp>
			</report>
			<report>
				<misses>299600001</misses>
				<total>0</total>
				<timestamp>1932.026669</timestamp>
			</report>
			<report>
				<misses>299700001</misses>
				<total>0</total>
				<timestamp>1932.676776</timestamp>
			</report>
			<report>
				<misses>299800001</misses>
				<total>0</total>
				<timestamp>1933.322910</timestamp>
			</report>
			<report>
				<misses>299900001</misses>
				<total>0</total>
				<timestamp>1933.967880</timestamp>
			</report>
			<report>
				<misses>300000001</misses>
				<total>0</total>
				<timestamp>1934.612976</timestamp>
			</report>
			<report>
				<misses>300100001</misses>
				<total>0</total>
				<timestamp>1935.256395</timestamp>
			</report>
			<report>
				<misses>300200001</misses>
				<total>0</total>
				<timestamp>1935.901117</timestamp>
			</report>
			<report>
				<misses>300300001</misses>
				<total>0</total>
				<timestamp>1936.545082</timestamp>
			</report>
			<report>
				<misses>300400001</misses>
				<total>0</total>
				<timestamp>1937.190946</timestamp>
			</report>
			<report>
				<misses>300500001</misses>
				<total>0</total>
				<timestamp>1937.835320</timestamp>
			</report>
			<report>
				<misses>300600001</misses>
				<total>0</total>
				<timestamp>1938.479351</timestamp>
			</report>
			<report>
				<misses>300700001</misses>
				<total>0</total>
				<timestamp>1939.126473</timestamp>
			</report>
			<report>
				<misses>300800001</misses>
				<total>0</total>
				<timestamp>1939.780404</timestamp>
			</report>
			<report>
				<misses>300900001</misses>
				<total>0</total>
				<timestamp>1940.431563</timestamp>
			</report>
			<report>
				<misses>301000001</misses>
				<total>0</total>
				<timestamp>1941.084025</timestamp>
			</report>
			<report>
				<misses>301100001</misses>
				<total>0</total>
				<timestamp>1941.736629</timestamp>
			</report>
			<report>
				<misses>301200001</misses>
				<total>0</total>
				<timestamp>1942.384796</timestamp>
			</report>
			<report>
				<misses>301300001</misses>
				<total>0</total>
				<timestamp>1943.031043</timestamp>
			</report>
			<report>
				<misses>301400001</misses>
				<total>0</total>
				<timestamp>1943.677853</timestamp>
			</report>
			<report>
				<misses>301500001</misses>
				<total>0</total>
				<timestamp>1944.324547</timestamp>
			</report>
			<report>
				<misses>301600001</misses>
				<total>0</total>
				<timestamp>1944.971047</timestamp>
			</report>
			<report>
				<misses>301700001</misses>
				<total>0</total>
				<timestamp>1945.617255</timestamp>
			</report>
			<report>
				<misses>301800001</misses>
				<total>0</total>
				<timestamp>1946.263430</timestamp>
			</report>
			<report>
				<misses>301900001</misses>
				<total>0</total>
				<timestamp>1946.909600</timestamp>
			</report>
			<report>
				<misses>302000001</misses>
				<total>0</total>
				<timestamp>1947.556223</timestamp>
			</report>
			<report>
				<misses>302100001</misses>
				<total>0</total>
				<timestamp>1948.201108</timestamp>
			</report>
			<report>
				<misses>302200001</misses>
				<total>0</total>
				<timestamp>1948.846000</timestamp>
			</report>
			<report>
				<misses>302300001</misses>
				<total>0</total>
				<timestamp>1949.485521</timestamp>
			</report>
			<report>
				<misses>302400001</misses>
				<total>0</total>
				<timestamp>1950.124527</timestamp>
			</report>
			<report>
				<misses>302500001</misses>
				<total>0</total>
				<timestamp>1950.763367</timestamp>
			</report>
			<report>
				<misses>302600001</misses>
				<total>0</total>
				<timestamp>1951.402322</timestamp>
			</report>
			<report>
				<misses>302700001</misses>
				<total>0</total>
				<timestamp>1952.040942</timestamp>
			</report>
			<report>
				<misses>302800001</misses>
				<total>0</total>
				<timestamp>1952.679611</timestamp>
			</report>
			<report>
				<misses>302900001</misses>
				<total>0</total>
				<timestamp>1953.318048</timestamp>
			</report>
			<report>
				<misses>303000001</misses>
				<total>0</total>
				<timestamp>1953.956112</timestamp>
			</report>
			<report>
				<misses>303100001</misses>
				<total>0</total>
				<timestamp>1954.594078</timestamp>
			</report>
			<report>
				<misses>303200001</misses>
				<total>0</total>
				<timestamp>1955.232123</timestamp>
			</report>
			<report>
				<misses>303300001</misses>
				<total>0</total>
				<timestamp>1955.868486</timestamp>
			</report>
			<report>
				<misses>303400001</misses>
				<total>0</total>
				<timestamp>1956.504675</timestamp>
			</report>
			<report>
				<misses>303500001</misses>
				<total>0</total>
				<timestamp>1957.141993</timestamp>
			</report>
			<report>
				<misses>303600001</misses>
				<total>0</total>
				<timestamp>1957.782825</timestamp>
			</report>
			<report>
				<misses>303700001</misses>
				<total>0</total>
				<timestamp>1958.422849</timestamp>
			</report>
			<report>
				<misses>303800001</misses>
				<total>0</total>
				<timestamp>1959.062225</timestamp>
			</report>
			<report>
				<misses>303900001</misses>
				<total>0</total>
				<timestamp>1959.712508</timestamp>
			</report>
			<report>
				<misses>304000001</misses>
				<total>0</total>
				<timestamp>1960.363794</timestamp>
			</report>
			<report>
				<misses>304100001</misses>
				<total>0</total>
				<timestamp>1961.014413</timestamp>
			</report>
			<report>
				<misses>304200001</misses>
				<total>0</total>
				<timestamp>1961.664555</timestamp>
			</report>
			<report>
				<misses>304300001</misses>
				<total>0</total>
				<timestamp>1962.316052</timestamp>
			</report>
			<report>
				<misses>304400001</misses>
				<total>0</total>
				<timestamp>1962.967042</timestamp>
			</report>
			<report>
				<misses>304500001</misses>
				<total>0</total>
				<timestamp>1963.617886</timestamp>
			</report>
			<report>
				<misses>304600001</misses>
				<total>0</total>
				<timestamp>1964.269693</timestamp>
			</report>
			<report>
				<misses>304700001</misses>
				<total>0</total>
				<timestamp>1964.920595</timestamp>
			</report>
			<report>
				<misses>304800001</misses>
				<total>0</total>
				<timestamp>1965.572252</timestamp>
			</report>
			<report>
				<misses>304900001</misses>
				<total>0</total>
				<timestamp>1966.224041</timestamp>
			</report>
			<report>
				<misses>305000001</misses>
				<total>0</total>
				<timestamp>1966.873795</timestamp>
			</report>
			<report>
				<misses>305100001</misses>
				<total>0</total>
				<timestamp>1967.523406</timestamp>
			</report>
			<report>
				<misses>305200001</misses>
				<total>0</total>
				<timestamp>1968.173159</timestamp>
			</report>
			<report>
				<misses>305300001</misses>
				<total>0</total>
				<timestamp>1968.823629</timestamp>
			</report>
			<report>
				<misses>305400001</misses>
				<total>0</total>
				<timestamp>1969.473329</timestamp>
			</report>
			<report>
				<misses>305500001</misses>
				<total>0</total>
				<timestamp>1970.122841</timestamp>
			</report>
			<report>
				<misses>305600001</misses>
				<total>0</total>
				<timestamp>1970.773041</timestamp>
			</report>
			<report>
				<misses>305700001</misses>
				<total>0</total>
				<timestamp>1971.422943</timestamp>
			</report>
			<report>
				<misses>305800001</misses>
				<total>0</total>
				<timestamp>1972.073767</timestamp>
			</report>
			<report>
				<misses>305900001</misses>
				<total>0</total>
				<timestamp>1972.725926</timestamp>
			</report>
			<report>
				<misses>306000001</misses>
				<total>0</total>
				<timestamp>1973.376516</timestamp>
			</report>
			<report>
				<misses>306100001</misses>
				<total>0</total>
				<timestamp>1974.027285</timestamp>
			</report>
			<report>
				<misses>306200001</misses>
				<total>0</total>
				<timestamp>1974.677288</timestamp>
			</report>
			<report>
				<misses>306300001</misses>
				<total>0</total>
				<timestamp>1975.328804</timestamp>
			</report>
			<report>
				<misses>306400001</misses>
				<total>0</total>
				<timestamp>1975.979503</timestamp>
			</report>
			<report>
				<misses>306500001</misses>
				<total>0</total>
				<timestamp>1976.629821</timestamp>
			</report>
			<report>
				<misses>306600001</misses>
				<total>0</total>
				<timestamp>1977.280029</timestamp>
			</report>
			<report>
				<misses>306700001</misses>
				<total>0</total>
				<timestamp>1977.931256</timestamp>
			</report>
			<report>
				<misses>306800001</misses>
				<total>0</total>
				<timestamp>1978.582130</timestamp>
			</report>
			<report>
				<misses>306900001</misses>
				<total>0</total>
				<timestamp>1979.232260</timestamp>
			</report>
			<report>
				<misses>307000001</misses>
				<total>0</total>
				<timestamp>1979.883144</timestamp>
			</report>
			<report>
				<misses>307100001</misses>
				<total>0</total>
				<timestamp>1980.536394</timestamp>
			</report>
			<report>
				<misses>307200001</misses>
				<total>0</total>
				<timestamp>1981.190181</timestamp>
			</report>
			<report>
				<misses>307300001</misses>
				<total>0</total>
				<timestamp>1981.831776</timestamp>
			</report>
			<report>
				<misses>307400001</misses>
				<total>0</total>
				<timestamp>1982.471035</timestamp>
			</report>
			<report>
				<misses>307500001</misses>
				<total>0</total>
				<timestamp>1983.110144</timestamp>
			</report>
			<report>
				<misses>307600001</misses>
				<total>0</total>
				<timestamp>1983.749230</timestamp>
			</report>
			<report>
				<misses>307700001</misses>
				<total>0</total>
				<timestamp>1984.388257</timestamp>
			</report>
			<report>
				<misses>307800001</misses>
				<total>0</total>
				<timestamp>1985.027135</timestamp>
			</report>
			<report>
				<misses>307900001</misses>
				<total>0</total>
				<timestamp>1985.666158</timestamp>
			</report>
			<report>
				<misses>308000001</misses>
				<total>0</total>
				<timestamp>1986.305616</timestamp>
			</report>
			<report>
				<misses>308100001</misses>
				<total>0</total>
				<timestamp>1986.944643</timestamp>
			</report>
			<report>
				<misses>308200001</misses>
				<total>0</total>
				<timestamp>1987.584572</timestamp>
			</report>
			<report>
				<misses>308300001</misses>
				<total>0</total>
				<timestamp>1988.224677</timestamp>
			</report>
			<report>
				<misses>308400001</misses>
				<total>0</total>
				<timestamp>1988.864547</timestamp>
			</report>
			<report>
				<misses>308500001</misses>
				<total>0</total>
				<timestamp>1989.504412</timestamp>
			</report>
			<report>
				<misses>308600001</misses>
				<total>0</total>
				<timestamp>1990.144203</timestamp>
			</report>
			<report>
				<misses>308700001</misses>
				<total>0</total>
				<timestamp>1990.784523</timestamp>
			</report>
			<report>
				<misses>308800001</misses>
				<total>0</total>
				<timestamp>1991.424947</timestamp>
			</report>
			<report>
				<misses>308900001</misses>
				<total>0</total>
				<timestamp>1992.065711</timestamp>
			</report>
			<report>
				<misses>309000001</misses>
				<total>0</total>
				<timestamp>1992.706627</timestamp>
			</report>
			<report>
				<misses>309100001</misses>
				<total>0</total>
				<timestamp>1993.347648</timestamp>
			</report>
			<report>
				<misses>309200001</misses>
				<total>0</total>
				<timestamp>1993.989141</timestamp>
			</report>
			<report>
				<misses>309300001</misses>
				<total>0</total>
				<timestamp>1994.630286</timestamp>
			</report>
			<report>
				<misses>309400001</misses>
				<total>0</total>
				<timestamp>1995.270577</timestamp>
			</report>
			<report>
				<misses>309500001</misses>
				<total>0</total>
				<timestamp>1995.910967</timestamp>
			</report>
			<report>
				<misses>309600001</misses>
				<total>0</total>
				<timestamp>1996.552001</timestamp>
			</report>
			<report>
				<misses>309700001</misses>
				<total>0</total>
				<timestamp>1997.192106</timestamp>
			</report>
			<report>
				<misses>309800001</misses>
				<total>0</total>
				<timestamp>1997.830761</timestamp>
			</report>
			<report>
				<misses>309900001</misses>
				<total>0</total>
				<timestamp>1998.470003</timestamp>
			</report>
			<report>
				<misses>310000001</misses>
				<total>0</total>
				<timestamp>1999.108709</timestamp>
			</report>
			<report>
				<misses>310100001</misses>
				<total>0</total>
				<timestamp>1999.747473</timestamp>
			</report>
			<report>
				<misses>310200001</misses>
				<total>0</total>
				<timestamp>2000.387010</timestamp>
			</report>
			<report>
				<misses>310300001</misses>
				<total>0</total>
				<timestamp>2001.026992</timestamp>
			</report>
			<report>
				<misses>310400001</misses>
				<total>0</total>
				<timestamp>2001.665450</timestamp>
			</report>
			<report>
				<misses>310500001</misses>
				<total>0</total>
				<timestamp>2002.304281</timestamp>
			</report>
			<report>
				<misses>310600001</misses>
				<total>0</total>
				<timestamp>2002.943165</timestamp>
			</report>
			<report>
				<misses>310700001</misses>
				<total>0</total>
				<timestamp>2003.582317</timestamp>
			</report>
			<report>
				<misses>310800001</misses>
				<total>0</total>
				<timestamp>2004.221181</timestamp>
			</report>
			<report>
				<misses>310900001</misses>
				<total>0</total>
				<timestamp>2004.860098</timestamp>
			</report>
			<report>
				<misses>311000001</misses>
				<total>0</total>
				<timestamp>2005.499291</timestamp>
			</report>
			<report>
				<misses>311100001</misses>
				<total>0</total>
				<timestamp>2006.138689</timestamp>
			</report>
			<report>
				<misses>311200001</misses>
				<total>0</total>
				<timestamp>2006.775820</timestamp>
			</report>
			<report>
				<misses>311300001</misses>
				<total>0</total>
				<timestamp>2007.410141</timestamp>
			</report>
			<report>
				<misses>311400001</misses>
				<total>0</total>
				<timestamp>2008.045076</timestamp>
			</report>
			<report>
				<misses>311500001</misses>
				<total>0</total>
				<timestamp>2008.680366</timestamp>
			</report>
			<report>
				<misses>311600001</misses>
				<total>0</total>
				<timestamp>2009.315734</timestamp>
			</report>
			<report>
				<misses>311700001</misses>
				<total>0</total>
				<timestamp>2009.951145</timestamp>
			</report>
			<report>
				<misses>311800001</misses>
				<total>0</total>
				<timestamp>2010.587830</timestamp>
			</report>
			<report>
				<misses>311900001</misses>
				<total>0</total>
				<timestamp>2011.224298</timestamp>
			</report>
			<report>
				<misses>312000001</misses>
				<total>0</total>
				<timestamp>2011.860493</timestamp>
			</report>
			<report>
				<misses>312100001</misses>
				<total>0</total>
				<timestamp>2012.498002</timestamp>
			</report>
			<report>
				<misses>312200001</misses>
				<total>0</total>
				<timestamp>2013.137514</timestamp>
			</report>
			<report>
				<misses>312300001</misses>
				<total>0</total>
				<timestamp>2013.777632</timestamp>
			</report>
			<report>
				<misses>312400001</misses>
				<total>0</total>
				<timestamp>2014.419130</timestamp>
			</report>
			<report>
				<misses>312500001</misses>
				<total>0</total>
				<timestamp>2015.060971</timestamp>
			</report>
			<report>
				<misses>312600001</misses>
				<total>0</total>
				<timestamp>2015.702289</timestamp>
			</report>
			<report>
				<misses>312700001</misses>
				<total>0</total>
				<timestamp>2016.341936</timestamp>
			</report>
			<report>
				<misses>312800001</misses>
				<total>0</total>
				<timestamp>2016.993101</timestamp>
			</report>
			<report>
				<misses>312900001</misses>
				<total>0</total>
				<timestamp>2017.644150</timestamp>
			</report>
			<report>
				<misses>313000001</misses>
				<total>0</total>
				<timestamp>2018.294675</timestamp>
			</report>
			<report>
				<misses>313100001</misses>
				<total>0</total>
				<timestamp>2018.947269</timestamp>
			</report>
			<report>
				<misses>313200001</misses>
				<total>0</total>
				<timestamp>2019.598618</timestamp>
			</report>
			<report>
				<misses>313300001</misses>
				<total>0</total>
				<timestamp>2020.248235</timestamp>
			</report>
			<report>
				<misses>313400001</misses>
				<total>0</total>
				<timestamp>2020.898583</timestamp>
			</report>
			<report>
				<misses>313500001</misses>
				<total>0</total>
				<timestamp>2021.549602</timestamp>
			</report>
			<report>
				<misses>313600001</misses>
				<total>0</total>
				<timestamp>2022.201244</timestamp>
			</report>
			<report>
				<misses>313700001</misses>
				<total>0</total>
				<timestamp>2022.850635</timestamp>
			</report>
			<report>
				<misses>313800001</misses>
				<total>0</total>
				<timestamp>2023.501740</timestamp>
			</report>
			<report>
				<misses>313900001</misses>
				<total>0</total>
				<timestamp>2024.153043</timestamp>
			</report>
			<report>
				<misses>314000001</misses>
				<total>0</total>
				<timestamp>2024.804313</timestamp>
			</report>
			<report>
				<misses>314100001</misses>
				<total>0</total>
				<timestamp>2025.454944</timestamp>
			</report>
			<report>
				<misses>314200001</misses>
				<total>0</total>
				<timestamp>2026.104558</timestamp>
			</report>
			<report>
				<misses>314300001</misses>
				<total>0</total>
				<timestamp>2026.755633</timestamp>
			</report>
			<report>
				<misses>314400001</misses>
				<total>0</total>
				<timestamp>2027.394251</timestamp>
			</report>
			<report>
				<misses>314500001</misses>
				<total>0</total>
				<timestamp>2028.032204</timestamp>
			</report>
			<report>
				<misses>314600001</misses>
				<total>0</total>
				<timestamp>2028.670377</timestamp>
			</report>
			<report>
				<misses>314700001</misses>
				<total>0</total>
				<timestamp>2029.309291</timestamp>
			</report>
			<report>
				<misses>314800001</misses>
				<total>0</total>
				<timestamp>2029.947459</timestamp>
			</report>
			<report>
				<misses>314900001</misses>
				<total>0</total>
				<timestamp>2030.585996</timestamp>
			</report>
			<report>
				<misses>315000001</misses>
				<total>0</total>
				<timestamp>2031.225469</timestamp>
			</report>
			<report>
				<misses>315100001</misses>
				<total>0</total>
				<timestamp>2031.864167</timestamp>
			</report>
			<report>
				<misses>315200001</misses>
				<total>0</total>
				<timestamp>2032.502389</timestamp>
			</report>
			<report>
				<misses>315300001</misses>
				<total>0</total>
				<timestamp>2033.140977</timestamp>
			</report>
			<report>
				<misses>315400001</misses>
				<total>0</total>
				<timestamp>2033.779028</timestamp>
			</report>
			<report>
				<misses>315500001</misses>
				<total>0</total>
				<timestamp>2034.416717</timestamp>
			</report>
			<report>
				<misses>315600001</misses>
				<total>0</total>
				<timestamp>2035.055503</timestamp>
			</report>
			<report>
				<misses>315700001</misses>
				<total>0</total>
				<timestamp>2035.693287</timestamp>
			</report>
			<report>
				<misses>315800001</misses>
				<total>0</total>
				<timestamp>2036.330600</timestamp>
			</report>
			<report>
				<misses>315900001</misses>
				<total>0</total>
				<timestamp>2036.968990</timestamp>
			</report>
			<report>
				<misses>316000001</misses>
				<total>0</total>
				<timestamp>2037.607947</timestamp>
			</report>
			<report>
				<misses>316100001</misses>
				<total>0</total>
				<timestamp>2038.245961</timestamp>
			</report>
			<report>
				<misses>316200001</misses>
				<total>0</total>
				<timestamp>2038.883804</timestamp>
			</report>
			<report>
				<misses>316300001</misses>
				<total>0</total>
				<timestamp>2039.522284</timestamp>
			</report>
			<report>
				<misses>316400001</misses>
				<total>0</total>
				<timestamp>2040.162017</timestamp>
			</report>
			<report>
				<misses>316500001</misses>
				<total>0</total>
				<timestamp>2040.802326</timestamp>
			</report>
			<report>
				<misses>316600001</misses>
				<total>0</total>
				<timestamp>2041.441980</timestamp>
			</report>
			<report>
				<misses>316700001</misses>
				<total>0</total>
				<timestamp>2042.083256</timestamp>
			</report>
			<report>
				<misses>316800001</misses>
				<total>0</total>
				<timestamp>2042.722231</timestamp>
			</report>
			<report>
				<misses>316900001</misses>
				<total>0</total>
				<timestamp>2043.360761</timestamp>
			</report>
			<report>
				<misses>317000001</misses>
				<total>0</total>
				<timestamp>2044.000261</timestamp>
			</report>
			<report>
				<misses>317100001</misses>
				<total>0</total>
				<timestamp>2044.638645</timestamp>
			</report>
			<report>
				<misses>317200001</misses>
				<total>0</total>
				<timestamp>2045.277415</timestamp>
			</report>
			<report>
				<misses>317300001</misses>
				<total>0</total>
				<timestamp>2045.917129</timestamp>
			</report>
			<report>
				<misses>317400001</misses>
				<total>0</total>
				<timestamp>2046.556389</timestamp>
			</report>
			<report>
				<misses>317500001</misses>
				<total>0</total>
				<timestamp>2047.195410</timestamp>
			</report>
			<report>
				<misses>317600001</misses>
				<total>0</total>
				<timestamp>2047.834603</timestamp>
			</report>
			<report>
				<misses>317700001</misses>
				<total>0</total>
				<timestamp>2048.473200</timestamp>
			</report>
			<report>
				<misses>317800001</misses>
				<total>0</total>
				<timestamp>2049.112250</timestamp>
			</report>
			<report>
				<misses>317900001</misses>
				<total>0</total>
				<timestamp>2049.751902</timestamp>
			</report>
			<report>
				<misses>318000001</misses>
				<total>0</total>
				<timestamp>2050.390098</timestamp>
			</report>
			<report>
				<misses>318100001</misses>
				<total>0</total>
				<timestamp>2051.028793</timestamp>
			</report>
			<report>
				<misses>318200001</misses>
				<total>0</total>
				<timestamp>2051.667756</timestamp>
			</report>
			<report>
				<misses>318300001</misses>
				<total>0</total>
				<timestamp>2052.307141</timestamp>
			</report>
			<report>
				<misses>318400001</misses>
				<total>0</total>
				<timestamp>2052.946733</timestamp>
			</report>
			<report>
				<misses>318500001</misses>
				<total>0</total>
				<timestamp>2053.586174</timestamp>
			</report>
			<report>
				<misses>318600001</misses>
				<total>0</total>
				<timestamp>2054.225469</timestamp>
			</report>
			<report>
				<misses>318700001</misses>
				<total>0</total>
				<timestamp>2054.867774</timestamp>
			</report>
			<report>
				<misses>318800001</misses>
				<total>0</total>
				<timestamp>2055.506572</timestamp>
			</report>
			<report>
				<misses>318900001</misses>
				<total>0</total>
				<timestamp>2056.145978</timestamp>
			</report>
			<report>
				<misses>319000001</misses>
				<total>0</total>
				<timestamp>2056.785150</timestamp>
			</report>
			<report>
				<misses>319100001</misses>
				<total>0</total>
				<timestamp>2057.424376</timestamp>
			</report>
			<report>
				<misses>319200001</misses>
				<total>0</total>
				<timestamp>2058.063814</timestamp>
			</report>
			<report>
				<misses>319300001</misses>
				<total>0</total>
				<timestamp>2058.703160</timestamp>
			</report>
			<report>
				<misses>319400001</misses>
				<total>0</total>
				<timestamp>2059.341626</timestamp>
			</report>
			<report>
				<misses>319500001</misses>
				<total>0</total>
				<timestamp>2059.982562</timestamp>
			</report>
			<report>
				<misses>319600001</misses>
				<total>0</total>
				<timestamp>2060.623097</timestamp>
			</report>
			<report>
				<misses>319700001</misses>
				<total>0</total>
				<timestamp>2061.263456</timestamp>
			</report>
			<report>
				<misses>319800001</misses>
				<total>0</total>
				<timestamp>2061.904055</timestamp>
			</report>
			<report>
				<misses>319900001</misses>
				<total>0</total>
				<timestamp>2062.545027</timestamp>
			</report>
			<report>
				<misses>320000001</misses>
				<total>0</total>
				<timestamp>2063.185420</timestamp>
			</report>
			<report>
				<misses>320100001</misses>
				<total>0</total>
				<timestamp>2063.825914</timestamp>
			</report>
			<report>
				<misses>320200001</misses>
				<total>0</total>
				<timestamp>2064.465620</timestamp>
			</report>
			<report>
				<misses>320300001</misses>
				<total>0</total>
				<timestamp>2065.106720</timestamp>
			</report>
			<report>
				<misses>320400001</misses>
				<total>0</total>
				<timestamp>2065.748779</timestamp>
			</report>
			<report>
				<misses>320500001</misses>
				<total>0</total>
				<timestamp>2066.390029</timestamp>
			</report>
			<report>
				<misses>320600001</misses>
				<total>0</total>
				<timestamp>2067.031010</timestamp>
			</report>
			<report>
				<misses>320700001</misses>
				<total>0</total>
				<timestamp>2067.672569</timestamp>
			</report>
			<report>
				<misses>320800001</misses>
				<total>0</total>
				<timestamp>2068.313817</timestamp>
			</report>
			<report>
				<misses>320900001</misses>
				<total>0</total>
				<timestamp>2068.955221</timestamp>
			</report>
			<report>
				<misses>321000001</misses>
				<total>0</total>
				<timestamp>2069.596865</timestamp>
			</report>
			<report>
				<misses>321100001</misses>
				<total>0</total>
				<timestamp>2070.239671</timestamp>
			</report>
			<report>
				<misses>321200001</misses>
				<total>0</total>
				<timestamp>2070.881818</timestamp>
			</report>
			<report>
				<misses>321300001</misses>
				<total>0</total>
				<timestamp>2071.522616</timestamp>
			</report>
			<report>
				<misses>321400001</misses>
				<total>0</total>
				<timestamp>2072.162746</timestamp>
			</report>
			<report>
				<misses>321500001</misses>
				<total>0</total>
				<timestamp>2072.803628</timestamp>
			</report>
			<report>
				<misses>321600001</misses>
				<total>0</total>
				<timestamp>2073.444710</timestamp>
			</report>
			<report>
				<misses>321700001</misses>
				<total>0</total>
				<timestamp>2074.086377</timestamp>
			</report>
			<report>
				<misses>321800001</misses>
				<total>0</total>
				<timestamp>2074.728273</timestamp>
			</report>
			<report>
				<misses>321900001</misses>
				<total>0</total>
				<timestamp>2075.370065</timestamp>
			</report>
			<report>
				<misses>322000001</misses>
				<total>0</total>
				<timestamp>2076.012235</timestamp>
			</report>
			<report>
				<misses>322100001</misses>
				<total>0</total>
				<timestamp>2076.656114</timestamp>
			</report>
			<report>
				<misses>322200001</misses>
				<total>0</total>
				<timestamp>2077.299238</timestamp>
			</report>
			<report>
				<misses>322300001</misses>
				<total>0</total>
				<timestamp>2077.941964</timestamp>
			</report>
			<report>
				<misses>322400001</misses>
				<total>0</total>
				<timestamp>2078.584237</timestamp>
			</report>
			<report>
				<misses>322500001</misses>
				<total>0</total>
				<timestamp>2079.227944</timestamp>
			</report>
			<report>
				<misses>322600001</misses>
				<total>0</total>
				<timestamp>2079.870890</timestamp>
			</report>
			<report>
				<misses>322700001</misses>
				<total>0</total>
				<timestamp>2080.512809</timestamp>
			</report>
			<report>
				<misses>322800001</misses>
				<total>0</total>
				<timestamp>2081.154464</timestamp>
			</report>
			<report>
				<misses>322900001</misses>
				<total>0</total>
				<timestamp>2081.796082</timestamp>
			</report>
			<report>
				<misses>323000001</misses>
				<total>0</total>
				<timestamp>2082.438715</timestamp>
			</report>
			<report>
				<misses>323100001</misses>
				<total>0</total>
				<timestamp>2083.081124</timestamp>
			</report>
			<report>
				<misses>323200001</misses>
				<total>0</total>
				<timestamp>2083.723909</timestamp>
			</report>
			<report>
				<misses>323300001</misses>
				<total>0</total>
				<timestamp>2084.367587</timestamp>
			</report>
			<report>
				<misses>323400001</misses>
				<total>0</total>
				<timestamp>2085.010756</timestamp>
			</report>
			<report>
				<misses>323500001</misses>
				<total>0</total>
				<timestamp>2085.653840</timestamp>
			</report>
			<report>
				<misses>323600001</misses>
				<total>0</total>
				<timestamp>2086.297154</timestamp>
			</report>
			<report>
				<misses>323700001</misses>
				<total>0</total>
				<timestamp>2086.940892</timestamp>
			</report>
			<report>
				<misses>323800001</misses>
				<total>0</total>
				<timestamp>2087.581614</timestamp>
			</report>
			<report>
				<misses>323900001</misses>
				<total>0</total>
				<timestamp>2088.220273</timestamp>
			</report>
			<report>
				<misses>324000001</misses>
				<total>0</total>
				<timestamp>2088.859028</timestamp>
			</report>
			<report>
				<misses>324100001</misses>
				<total>0</total>
				<timestamp>2089.499348</timestamp>
			</report>
			<report>
				<misses>324200001</misses>
				<total>0</total>
				<timestamp>2090.138658</timestamp>
			</report>
			<report>
				<misses>324300001</misses>
				<total>0</total>
				<timestamp>2090.775802</timestamp>
			</report>
			<report>
				<misses>324400001</misses>
				<total>0</total>
				<timestamp>2091.412704</timestamp>
			</report>
			<report>
				<misses>324500001</misses>
				<total>0</total>
				<timestamp>2092.049174</timestamp>
			</report>
			<report>
				<misses>324600001</misses>
				<total>0</total>
				<timestamp>2092.685883</timestamp>
			</report>
			<report>
				<misses>324700001</misses>
				<total>0</total>
				<timestamp>2093.323033</timestamp>
			</report>
			<report>
				<misses>324800001</misses>
				<total>0</total>
				<timestamp>2093.959617</timestamp>
			</report>
			<report>
				<misses>324900001</misses>
				<total>0</total>
				<timestamp>2094.596885</timestamp>
			</report>
			<report>
				<misses>325000001</misses>
				<total>0</total>
				<timestamp>2095.233739</timestamp>
			</report>
			<report>
				<misses>325100001</misses>
				<total>0</total>
				<timestamp>2095.870606</timestamp>
			</report>
			<report>
				<misses>325200001</misses>
				<total>0</total>
				<timestamp>2096.506607</timestamp>
			</report>
			<report>
				<misses>325300001</misses>
				<total>0</total>
				<timestamp>2097.142697</timestamp>
			</report>
			<report>
				<misses>325400001</misses>
				<total>0</total>
				<timestamp>2097.779454</timestamp>
			</report>
			<report>
				<misses>325500001</misses>
				<total>0</total>
				<timestamp>2098.415297</timestamp>
			</report>
			<report>
				<misses>325600001</misses>
				<total>0</total>
				<timestamp>2099.051829</timestamp>
			</report>
			<report>
				<misses>325700001</misses>
				<total>0</total>
				<timestamp>2099.688523</timestamp>
			</report>
			<report>
				<misses>325800001</misses>
				<total>0</total>
				<timestamp>2100.323933</timestamp>
			</report>
			<report>
				<misses>325900001</misses>
				<total>0</total>
				<timestamp>2100.960863</timestamp>
			</report>
			<report>
				<misses>326000001</misses>
				<total>0</total>
				<timestamp>2101.597480</timestamp>
			</report>
			<report>
				<misses>326100001</misses>
				<total>0</total>
				<timestamp>2102.233722</timestamp>
			</report>
			<report>
				<misses>326200001</misses>
				<total>0</total>
				<timestamp>2102.871151</timestamp>
			</report>
			<report>
				<misses>326300001</misses>
				<total>0</total>
				<timestamp>2103.508275</timestamp>
			</report>
			<report>
				<misses>326400001</misses>
				<total>0</total>
				<timestamp>2104.145096</timestamp>
			</report>
			<report>
				<misses>326500001</misses>
				<total>0</total>
				<timestamp>2104.782465</timestamp>
			</report>
			<report>
				<misses>326600001</misses>
				<total>0</total>
				<timestamp>2105.420386</timestamp>
			</report>
			<report>
				<misses>326700001</misses>
				<total>0</total>
				<timestamp>2106.057212</timestamp>
			</report>
			<report>
				<misses>326800001</misses>
				<total>0</total>
				<timestamp>2106.694742</timestamp>
			</report>
			<report>
				<misses>326900001</misses>
				<total>0</total>
				<timestamp>2107.333965</timestamp>
			</report>
			<report>
				<misses>327000001</misses>
				<total>0</total>
				<timestamp>2107.973430</timestamp>
			</report>
			<report>
				<misses>327100001</misses>
				<total>0</total>
				<timestamp>2108.613005</timestamp>
			</report>
			<report>
				<misses>327200001</misses>
				<total>0</total>
				<timestamp>2109.252286</timestamp>
			</report>
			<report>
				<misses>327300001</misses>
				<total>0</total>
				<timestamp>2109.891330</timestamp>
			</report>
			<report>
				<misses>327400001</misses>
				<total>0</total>
				<timestamp>2110.529200</timestamp>
			</report>
			<report>
				<misses>327500001</misses>
				<total>0</total>
				<timestamp>2111.167530</timestamp>
			</report>
			<report>
				<misses>327600001</misses>
				<total>0</total>
				<timestamp>2111.805371</timestamp>
			</report>
			<report>
				<misses>327700001</misses>
				<total>0</total>
				<timestamp>2112.443773</timestamp>
			</report>
			<report>
				<misses>327800001</misses>
				<total>0</total>
				<timestamp>2113.082270</timestamp>
			</report>
			<report>
				<misses>327900001</misses>
				<total>0</total>
				<timestamp>2113.720103</timestamp>
			</report>
			<report>
				<misses>328000001</misses>
				<total>0</total>
				<timestamp>2114.358366</timestamp>
			</report>
			<report>
				<misses>328100001</misses>
				<total>0</total>
				<timestamp>2114.996194</timestamp>
			</report>
			<report>
				<misses>328200001</misses>
				<total>0</total>
				<timestamp>2115.634321</timestamp>
			</report>
			<report>
				<misses>328300001</misses>
				<total>0</total>
				<timestamp>2116.271856</timestamp>
			</report>
			<report>
				<misses>328400001</misses>
				<total>0</total>
				<timestamp>2116.909706</timestamp>
			</report>
			<report>
				<misses>328500001</misses>
				<total>0</total>
				<timestamp>2117.547768</timestamp>
			</report>
			<report>
				<misses>328600001</misses>
				<total>0</total>
				<timestamp>2118.185153</timestamp>
			</report>
			<report>
				<misses>328700001</misses>
				<total>0</total>
				<timestamp>2118.822603</timestamp>
			</report>
			<report>
				<misses>328800001</misses>
				<total>0</total>
				<timestamp>2119.461689</timestamp>
			</report>
			<report>
				<misses>328900001</misses>
				<total>0</total>
				<timestamp>2120.101351</timestamp>
			</report>
			<report>
				<misses>329000001</misses>
				<total>0</total>
				<timestamp>2120.739667</timestamp>
			</report>
			<report>
				<misses>329100001</misses>
				<total>0</total>
				<timestamp>2121.386076</timestamp>
			</report>
			<report>
				<misses>329200001</misses>
				<total>0</total>
				<timestamp>2122.035074</timestamp>
			</report>
			<report>
				<misses>329300001</misses>
				<total>0</total>
				<timestamp>2122.683439</timestamp>
			</report>
			<report>
				<misses>329400001</misses>
				<total>0</total>
				<timestamp>2123.332834</timestamp>
			</report>
			<report>
				<misses>329500001</misses>
				<total>0</total>
				<timestamp>2123.981183</timestamp>
			</report>
			<report>
				<misses>329600001</misses>
				<total>0</total>
				<timestamp>2124.628500</timestamp>
			</report>
			<report>
				<misses>329700001</misses>
				<total>0</total>
				<timestamp>2125.277066</timestamp>
			</report>
			<report>
				<misses>329800001</misses>
				<total>0</total>
				<timestamp>2125.925726</timestamp>
			</report>
			<report>
				<misses>329900001</misses>
				<total>0</total>
				<timestamp>2126.574406</timestamp>
			</report>
			<report>
				<misses>330000001</misses>
				<total>0</total>
				<timestamp>2127.223472</timestamp>
			</report>
			<report>
				<misses>330100001</misses>
				<total>0</total>
				<timestamp>2127.874342</timestamp>
			</report>
			<report>
				<misses>330200001</misses>
				<total>0</total>
				<timestamp>2128.524448</timestamp>
			</report>
			<report>
				<misses>330300001</misses>
				<total>0</total>
				<timestamp>2129.175474</timestamp>
			</report>
			<report>
				<misses>330400001</misses>
				<total>0</total>
				<timestamp>2129.826553</timestamp>
			</report>
			<report>
				<misses>330500001</misses>
				<total>0</total>
				<timestamp>2130.477516</timestamp>
			</report>
			<report>
				<misses>330600001</misses>
				<total>0</total>
				<timestamp>2131.128647</timestamp>
			</report>
			<report>
				<misses>330700001</misses>
				<total>0</total>
				<timestamp>2131.775500</timestamp>
			</report>
			<report>
				<misses>330800001</misses>
				<total>0</total>
				<timestamp>2132.424283</timestamp>
			</report>
			<report>
				<misses>330900001</misses>
				<total>0</total>
				<timestamp>2133.070977</timestamp>
			</report>
			<report>
				<misses>331000001</misses>
				<total>0</total>
				<timestamp>2133.725855</timestamp>
			</report>
			<report>
				<misses>331100001</misses>
				<total>0</total>
				<timestamp>2134.380603</timestamp>
			</report>
			<report>
				<misses>331200001</misses>
				<total>0</total>
				<timestamp>2135.035979</timestamp>
			</report>
			<report>
				<misses>331300001</misses>
				<total>0</total>
				<timestamp>2135.691854</timestamp>
			</report>
			<report>
				<misses>331400001</misses>
				<total>0</total>
				<timestamp>2136.345594</timestamp>
			</report>
			<report>
				<misses>331500001</misses>
				<total>0</total>
				<timestamp>2136.999379</timestamp>
			</report>
			<report>
				<misses>331600001</misses>
				<total>0</total>
				<timestamp>2137.655405</timestamp>
			</report>
			<report>
				<misses>331700001</misses>
				<total>0</total>
				<timestamp>2138.309094</timestamp>
			</report>
			<report>
				<misses>331800001</misses>
				<total>0</total>
				<timestamp>2138.964029</timestamp>
			</report>
			<report>
				<misses>331900001</misses>
				<total>0</total>
				<timestamp>2139.619165</timestamp>
			</report>
			<report>
				<misses>332000001</misses>
				<total>0</total>
				<timestamp>2140.274886</timestamp>
			</report>
			<report>
				<misses>332100001</misses>
				<total>0</total>
				<timestamp>2140.928110</timestamp>
			</report>
			<report>
				<misses>332200001</misses>
				<total>0</total>
				<timestamp>2141.582845</timestamp>
			</report>
			<report>
				<misses>332300001</misses>
				<total>0</total>
				<timestamp>2142.237491</timestamp>
			</report>
			<report>
				<misses>332400001</misses>
				<total>0</total>
				<timestamp>2142.891201</timestamp>
			</report>
			<report>
				<misses>332500001</misses>
				<total>0</total>
				<timestamp>2143.547298</timestamp>
			</report>
			<report>
				<misses>332600001</misses>
				<total>0</total>
				<timestamp>2144.201649</timestamp>
			</report>
			<report>
				<misses>332700001</misses>
				<total>0</total>
				<timestamp>2144.856200</timestamp>
			</report>
			<report>
				<misses>332800001</misses>
				<total>0</total>
				<timestamp>2145.510553</timestamp>
			</report>
			<report>
				<misses>332900001</misses>
				<total>0</total>
				<timestamp>2146.164697</timestamp>
			</report>
			<report>
				<misses>333000001</misses>
				<total>0</total>
				<timestamp>2146.818982</timestamp>
			</report>
			<report>
				<misses>333100001</misses>
				<total>0</total>
				<timestamp>2147.471440</timestamp>
			</report>
			<report>
				<misses>333200001</misses>
				<total>0</total>
				<timestamp>2148.121380</timestamp>
			</report>
			<report>
				<misses>333300001</misses>
				<total>0</total>
				<timestamp>2148.770064</timestamp>
			</report>
			<report>
				<misses>333400001</misses>
				<total>0</total>
				<timestamp>2149.418517</timestamp>
			</report>
			<report>
				<misses>333500001</misses>
				<total>0</total>
				<timestamp>2150.068039</timestamp>
			</report>
			<report>
				<misses>333600001</misses>
				<total>0</total>
				<timestamp>2150.718215</timestamp>
			</report>
			<report>
				<misses>333700001</misses>
				<total>0</total>
				<timestamp>2151.367460</timestamp>
			</report>
			<report>
				<misses>333800001</misses>
				<total>0</total>
				<timestamp>2152.016846</timestamp>
			</report>
			<report>
				<misses>333900001</misses>
				<total>0</total>
				<timestamp>2152.665357</timestamp>
			</report>
			<report>
				<misses>334000001</misses>
				<total>0</total>
				<timestamp>2153.314917</timestamp>
			</report>
			<report>
				<misses>334100001</misses>
				<total>0</total>
				<timestamp>2153.964274</timestamp>
			</report>
			<report>
				<misses>334200001</misses>
				<total>0</total>
				<timestamp>2154.613019</timestamp>
			</report>
			<report>
				<misses>334300001</misses>
				<total>0</total>
				<timestamp>2155.260847</timestamp>
			</report>
			<report>
				<misses>334400001</misses>
				<total>0</total>
				<timestamp>2155.911331</timestamp>
			</report>
			<report>
				<misses>334500001</misses>
				<total>0</total>
				<timestamp>2156.559752</timestamp>
			</report>
			<report>
				<misses>334600001</misses>
				<total>0</total>
				<timestamp>2157.208247</timestamp>
			</report>
			<report>
				<misses>334700001</misses>
				<total>0</total>
				<timestamp>2157.855483</timestamp>
			</report>
			<report>
				<misses>334800001</misses>
				<total>0</total>
				<timestamp>2158.503470</timestamp>
			</report>
			<report>
				<misses>334900001</misses>
				<total>0</total>
				<timestamp>2159.151670</timestamp>
			</report>
			<report>
				<misses>335000001</misses>
				<total>0</total>
				<timestamp>2159.798297</timestamp>
			</report>
			<report>
				<misses>335100001</misses>
				<total>0</total>
				<timestamp>2160.446948</timestamp>
			</report>
			<report>
				<misses>335200001</misses>
				<total>0</total>
				<timestamp>2161.094289</timestamp>
			</report>
			<report>
				<misses>335300001</misses>
				<total>0</total>
				<timestamp>2161.742166</timestamp>
			</report>
			<report>
				<misses>335400001</misses>
				<total>0</total>
				<timestamp>2162.390712</timestamp>
			</report>
			<report>
				<misses>335500001</misses>
				<total>0</total>
				<timestamp>2163.038348</timestamp>
			</report>
			<report>
				<misses>335600001</misses>
				<total>0</total>
				<timestamp>2163.686045</timestamp>
			</report>
			<report>
				<misses>335700001</misses>
				<total>0</total>
				<timestamp>2164.334255</timestamp>
			</report>
			<report>
				<misses>335800001</misses>
				<total>0</total>
				<timestamp>2164.981845</timestamp>
			</report>
			<report>
				<misses>335900001</misses>
				<total>0</total>
				<timestamp>2165.629472</timestamp>
			</report>
			<report>
				<misses>336000001</misses>
				<total>0</total>
				<timestamp>2166.277393</timestamp>
			</report>
			<report>
				<misses>336100001</misses>
				<total>0</total>
				<timestamp>2166.926134</timestamp>
			</report>
			<report>
				<misses>336200001</misses>
				<total>0</total>
				<timestamp>2167.573697</timestamp>
			</report>
			<report>
				<misses>336300001</misses>
				<total>0</total>
				<timestamp>2168.222272</timestamp>
			</report>
			<report>
				<misses>336400001</misses>
				<total>0</total>
				<timestamp>2168.871222</timestamp>
			</report>
			<report>
				<misses>336500001</misses>
				<total>0</total>
				<timestamp>2169.518514</timestamp>
			</report>
			<report>
				<misses>336600001</misses>
				<total>0</total>
				<timestamp>2170.165820</timestamp>
			</report>
			<report>
				<misses>336700001</misses>
				<total>0</total>
				<timestamp>2170.813545</timestamp>
			</report>
			<report>
				<misses>336800001</misses>
				<total>0</total>
				<timestamp>2171.460439</timestamp>
			</report>
			<report>
				<misses>336900001</misses>
				<total>0</total>
				<timestamp>2172.108452</timestamp>
			</report>
			<report>
				<misses>337000001</misses>
				<total>0</total>
				<timestamp>2172.757665</timestamp>
			</report>
			<report>
				<misses>337100001</misses>
				<total>0</total>
				<timestamp>2173.406147</timestamp>
			</report>
			<report>
				<misses>337200001</misses>
				<total>0</total>
				<timestamp>2174.056028</timestamp>
			</report>
			<report>
				<misses>337300001</misses>
				<total>0</total>
				<timestamp>2174.704776</timestamp>
			</report>
			<report>
				<misses>337400001</misses>
				<total>0</total>
				<timestamp>2175.350624</timestamp>
			</report>
			<report>
				<misses>337500001</misses>
				<total>0</total>
				<timestamp>2175.989947</timestamp>
			</report>
			<report>
				<misses>337600001</misses>
				<total>0</total>
				<timestamp>2176.630092</timestamp>
			</report>
			<report>
				<misses>337700001</misses>
				<total>0</total>
				<timestamp>2177.269246</timestamp>
			</report>
			<report>
				<misses>337800001</misses>
				<total>0</total>
				<timestamp>2177.906968</timestamp>
			</report>
			<report>
				<misses>337900001</misses>
				<total>0</total>
				<timestamp>2178.545202</timestamp>
			</report>
			<report>
				<misses>338000001</misses>
				<total>0</total>
				<timestamp>2179.184179</timestamp>
			</report>
			<report>
				<misses>338100001</misses>
				<total>0</total>
				<timestamp>2179.823571</timestamp>
			</report>
			<report>
				<misses>338200001</misses>
				<total>0</total>
				<timestamp>2180.462577</timestamp>
			</report>
			<report>
				<misses>338300001</misses>
				<total>0</total>
				<timestamp>2181.101026</timestamp>
			</report>
			<report>
				<misses>338400001</misses>
				<total>0</total>
				<timestamp>2181.738332</timestamp>
			</report>
			<report>
				<misses>338500001</misses>
				<total>0</total>
				<timestamp>2182.375783</timestamp>
			</report>
			<report>
				<misses>338600001</misses>
				<total>0</total>
				<timestamp>2183.013283</timestamp>
			</report>
			<report>
				<misses>338700001</misses>
				<total>0</total>
				<timestamp>2183.651279</timestamp>
			</report>
			<report>
				<misses>338800001</misses>
				<total>0</total>
				<timestamp>2184.289628</timestamp>
			</report>
			<report>
				<misses>338900001</misses>
				<total>0</total>
				<timestamp>2184.927997</timestamp>
			</report>
			<report>
				<misses>339000001</misses>
				<total>0</total>
				<timestamp>2185.565720</timestamp>
			</report>
			<report>
				<misses>339100001</misses>
				<total>0</total>
				<timestamp>2186.203923</timestamp>
			</report>
			<report>
				<misses>339200001</misses>
				<total>0</total>
				<timestamp>2186.842574</timestamp>
			</report>
			<report>
				<misses>339300001</misses>
				<total>0</total>
				<timestamp>2187.480661</timestamp>
			</report>
			<report>
				<misses>339400001</misses>
				<total>0</total>
				<timestamp>2188.118087</timestamp>
			</report>
			<report>
				<misses>339500001</misses>
				<total>0</total>
				<timestamp>2188.756605</timestamp>
			</report>
			<report>
				<misses>339600001</misses>
				<total>0</total>
				<timestamp>2189.394808</timestamp>
			</report>
			<report>
				<misses>339700001</misses>
				<total>0</total>
				<timestamp>2190.033215</timestamp>
			</report>
			<report>
				<misses>339800001</misses>
				<total>0</total>
				<timestamp>2190.671003</timestamp>
			</report>
			<report>
				<misses>339900001</misses>
				<total>0</total>
				<timestamp>2191.309007</timestamp>
			</report>
			<report>
				<misses>340000001</misses>
				<total>0</total>
				<timestamp>2191.946590</timestamp>
			</report>
			<report>
				<misses>340100001</misses>
				<total>0</total>
				<timestamp>2192.584615</timestamp>
			</report>
			<report>
				<misses>340200001</misses>
				<total>0</total>
				<timestamp>2193.223261</timestamp>
			</report>
			<report>
				<misses>340300001</misses>
				<total>0</total>
				<timestamp>2193.861567</timestamp>
			</report>
			<report>
				<misses>340400001</misses>
				<total>0</total>
				<timestamp>2194.499166</timestamp>
			</report>
			<report>
				<misses>340500001</misses>
				<total>0</total>
				<timestamp>2195.138206</timestamp>
			</report>
			<report>
				<misses>340600001</misses>
				<total>0</total>
				<timestamp>2195.777254</timestamp>
			</report>
			<report>
				<misses>340700001</misses>
				<total>0</total>
				<timestamp>2196.416180</timestamp>
			</report>
			<report>
				<misses>340800001</misses>
				<total>0</total>
				<timestamp>2197.055468</timestamp>
			</report>
			<report>
				<misses>340900001</misses>
				<total>0</total>
				<timestamp>2197.694546</timestamp>
			</report>
			<report>
				<misses>341000001</misses>
				<total>0</total>
				<timestamp>2198.333385</timestamp>
			</report>
			<report>
				<misses>341100001</misses>
				<total>0</total>
				<timestamp>2198.972613</timestamp>
			</report>
			<report>
				<misses>341200001</misses>
				<total>0</total>
				<timestamp>2199.612332</timestamp>
			</report>
			<report>
				<misses>341300001</misses>
				<total>0</total>
				<timestamp>2200.250830</timestamp>
			</report>
			<report>
				<misses>341400001</misses>
				<total>0</total>
				<timestamp>2200.889734</timestamp>
			</report>
			<report>
				<misses>341500001</misses>
				<total>0</total>
				<timestamp>2201.528479</timestamp>
			</report>
			<report>
				<misses>341600001</misses>
				<total>0</total>
				<timestamp>2202.167642</timestamp>
			</report>
			<report>
				<misses>341700001</misses>
				<total>0</total>
				<timestamp>2202.807003</timestamp>
			</report>
			<report>
				<misses>341800001</misses>
				<total>0</total>
				<timestamp>2203.446350</timestamp>
			</report>
			<report>
				<misses>341900001</misses>
				<total>0</total>
				<timestamp>2204.084662</timestamp>
			</report>
			<report>
				<misses>342000001</misses>
				<total>0</total>
				<timestamp>2204.723052</timestamp>
			</report>
			<report>
				<misses>342100001</misses>
				<total>0</total>
				<timestamp>2205.360547</timestamp>
			</report>
			<report>
				<misses>342200001</misses>
				<total>0</total>
				<timestamp>2205.997044</timestamp>
			</report>
			<report>
				<misses>342300001</misses>
				<total>0</total>
				<timestamp>2206.634439</timestamp>
			</report>
			<report>
				<misses>342400001</misses>
				<total>0</total>
				<timestamp>2207.272398</timestamp>
			</report>
			<report>
				<misses>342500001</misses>
				<total>0</total>
				<timestamp>2207.910238</timestamp>
			</report>
			<report>
				<misses>342600001</misses>
				<total>0</total>
				<timestamp>2208.547713</timestamp>
			</report>
			<report>
				<misses>342700001</misses>
				<total>0</total>
				<timestamp>2209.186050</timestamp>
			</report>
			<report>
				<misses>342800001</misses>
				<total>0</total>
				<timestamp>2209.825620</timestamp>
			</report>
			<report>
				<misses>342900001</misses>
				<total>0</total>
				<timestamp>2210.465224</timestamp>
			</report>
			<report>
				<misses>343000001</misses>
				<total>0</total>
				<timestamp>2211.104404</timestamp>
			</report>
			<report>
				<misses>343100001</misses>
				<total>0</total>
				<timestamp>2211.743586</timestamp>
			</report>
			<report>
				<misses>343200001</misses>
				<total>0</total>
				<timestamp>2212.387611</timestamp>
			</report>
			<report>
				<misses>343300001</misses>
				<total>0</total>
				<timestamp>2213.039125</timestamp>
			</report>
			<report>
				<misses>343400001</misses>
				<total>0</total>
				<timestamp>2213.689797</timestamp>
			</report>
			<report>
				<misses>343500001</misses>
				<total>0</total>
				<timestamp>2214.340818</timestamp>
			</report>
			<report>
				<misses>343600001</misses>
				<total>0</total>
				<timestamp>2214.992722</timestamp>
			</report>
			<report>
				<misses>343700001</misses>
				<total>0</total>
				<timestamp>2215.644463</timestamp>
			</report>
			<report>
				<misses>343800001</misses>
				<total>0</total>
				<timestamp>2216.295664</timestamp>
			</report>
			<report>
				<misses>343900001</misses>
				<total>0</total>
				<timestamp>2216.947146</timestamp>
			</report>
			<report>
				<misses>344000001</misses>
				<total>0</total>
				<timestamp>2217.598848</timestamp>
			</report>
			<report>
				<misses>344100001</misses>
				<total>0</total>
				<timestamp>2218.251509</timestamp>
			</report>
			<report>
				<misses>344200001</misses>
				<total>0</total>
				<timestamp>2218.904488</timestamp>
			</report>
			<report>
				<misses>344300001</misses>
				<total>0</total>
				<timestamp>2219.557916</timestamp>
			</report>
			<report>
				<misses>344400001</misses>
				<total>0</total>
				<timestamp>2220.209728</timestamp>
			</report>
			<report>
				<misses>344500001</misses>
				<total>0</total>
				<timestamp>2220.862067</timestamp>
			</report>
			<report>
				<misses>344600001</misses>
				<total>0</total>
				<timestamp>2221.514078</timestamp>
			</report>
			<report>
				<misses>344700001</misses>
				<total>0</total>
				<timestamp>2222.166374</timestamp>
			</report>
			<report>
				<misses>344800001</misses>
				<total>0</total>
				<timestamp>2222.820572</timestamp>
			</report>
			<report>
				<misses>344900001</misses>
				<total>0</total>
				<timestamp>2223.474503</timestamp>
			</report>
			<report>
				<misses>345000001</misses>
				<total>0</total>
				<timestamp>2224.129231</timestamp>
			</report>
			<report>
				<misses>345100001</misses>
				<total>0</total>
				<timestamp>2224.783248</timestamp>
			</report>
			<report>
				<misses>345200001</misses>
				<total>0</total>
				<timestamp>2225.436776</timestamp>
			</report>
			<report>
				<misses>345300001</misses>
				<total>0</total>
				<timestamp>2226.090264</timestamp>
			</report>
			<report>
				<misses>345400001</misses>
				<total>0</total>
				<timestamp>2226.744250</timestamp>
			</report>
			<report>
				<misses>345500001</misses>
				<total>0</total>
				<timestamp>2227.398332</timestamp>
			</report>
			<report>
				<misses>345600001</misses>
				<total>0</total>
				<timestamp>2228.052026</timestamp>
			</report>
			<report>
				<misses>345700001</misses>
				<total>0</total>
				<timestamp>2228.706025</timestamp>
			</report>
			<report>
				<misses>345800001</misses>
				<total>0</total>
				<timestamp>2229.360455</timestamp>
			</report>
			<report>
				<misses>345900001</misses>
				<total>0</total>
				<timestamp>2230.014935</timestamp>
			</report>
			<report>
				<misses>346000001</misses>
				<total>0</total>
				<timestamp>2230.669590</timestamp>
			</report>
			<report>
				<misses>346100001</misses>
				<total>0</total>
				<timestamp>2231.324720</timestamp>
			</report>
			<report>
				<misses>346200001</misses>
				<total>0</total>
				<timestamp>2231.980377</timestamp>
			</report>
			<report>
				<misses>346300001</misses>
				<total>0</total>
				<timestamp>2232.634961</timestamp>
			</report>
			<report>
				<misses>346400001</misses>
				<total>0</total>
				<timestamp>2233.288115</timestamp>
			</report>
			<report>
				<misses>346500001</misses>
				<total>0</total>
				<timestamp>2233.943485</timestamp>
			</report>
			<report>
				<misses>346600001</misses>
				<total>0</total>
				<timestamp>2234.598312</timestamp>
			</report>
			<report>
				<misses>346700001</misses>
				<total>0</total>
				<timestamp>2235.253511</timestamp>
			</report>
			<report>
				<misses>346800001</misses>
				<total>0</total>
				<timestamp>2235.908541</timestamp>
			</report>
			<report>
				<misses>346900001</misses>
				<total>0</total>
				<timestamp>2236.563380</timestamp>
			</report>
			<report>
				<misses>347000001</misses>
				<total>0</total>
				<timestamp>2237.217101</timestamp>
			</report>
			<report>
				<misses>347100001</misses>
				<total>0</total>
				<timestamp>2237.871102</timestamp>
			</report>
			<report>
				<misses>347200001</misses>
				<total>0</total>
				<timestamp>2238.524531</timestamp>
			</report>
			<report>
				<misses>347300001</misses>
				<total>0</total>
				<timestamp>2239.178470</timestamp>
			</report>
			<report>
				<misses>347400001</misses>
				<total>0</total>
				<timestamp>2239.831854</timestamp>
			</report>
			<report>
				<misses>347500001</misses>
				<total>0</total>
				<timestamp>2240.487195</timestamp>
			</report>
			<report>
				<misses>347600001</misses>
				<total>0</total>
				<timestamp>2241.136677</timestamp>
			</report>
			<report>
				<misses>347700001</misses>
				<total>0</total>
				<timestamp>2241.790309</timestamp>
			</report>
			<report>
				<misses>347800001</misses>
				<total>0</total>
				<timestamp>2242.445611</timestamp>
			</report>
			<report>
				<misses>347900001</misses>
				<total>0</total>
				<timestamp>2243.102184</timestamp>
			</report>
			<report>
				<misses>348000001</misses>
				<total>0</total>
				<timestamp>2243.756810</timestamp>
			</report>
			<report>
				<misses>348100001</misses>
				<total>0</total>
				<timestamp>2244.412727</timestamp>
			</report>
			<report>
				<misses>348200001</misses>
				<total>0</total>
				<timestamp>2245.066583</timestamp>
			</report>
			<report>
				<misses>348300001</misses>
				<total>0</total>
				<timestamp>2245.719689</timestamp>
			</report>
			<report>
				<misses>348400001</misses>
				<total>0</total>
				<timestamp>2246.371259</timestamp>
			</report>
			<report>
				<misses>348500001</misses>
				<total>0</total>
				<timestamp>2247.020447</timestamp>
			</report>
			<report>
				<misses>348600001</misses>
				<total>0</total>
				<timestamp>2247.669690</timestamp>
			</report>
			<report>
				<misses>348700001</misses>
				<total>0</total>
				<timestamp>2248.320440</timestamp>
			</report>
			<report>
				<misses>348800001</misses>
				<total>0</total>
				<timestamp>2248.970679</timestamp>
			</report>
			<report>
				<misses>348900001</misses>
				<total>0</total>
				<timestamp>2249.622711</timestamp>
			</report>
			<report>
				<misses>349000001</misses>
				<total>0</total>
				<timestamp>2250.275800</timestamp>
			</report>
			<report>
				<misses>349100001</misses>
				<total>0</total>
				<timestamp>2250.927624</timestamp>
			</report>
			<report>
				<misses>349200001</misses>
				<total>0</total>
				<timestamp>2251.578751</timestamp>
			</report>
			<report>
				<misses>349300001</misses>
				<total>0</total>
				<timestamp>2252.229649</timestamp>
			</report>
			<report>
				<misses>349400001</misses>
				<total>0</total>
				<timestamp>2252.881305</timestamp>
			</report>
			<report>
				<misses>349500001</misses>
				<total>0</total>
				<timestamp>2253.532534</timestamp>
			</report>
			<report>
				<misses>349600001</misses>
				<total>0</total>
				<timestamp>2254.183691</timestamp>
			</report>
			<report>
				<misses>349700001</misses>
				<total>0</total>
				<timestamp>2254.834694</timestamp>
			</report>
			<report>
				<misses>349800001</misses>
				<total>0</total>
				<timestamp>2255.486175</timestamp>
			</report>
			<report>
				<misses>349900001</misses>
				<total>0</total>
				<timestamp>2256.136261</timestamp>
			</report>
			<report>
				<misses>350000001</misses>
				<total>0</total>
				<timestamp>2256.786795</timestamp>
			</report>
			<report>
				<misses>350100001</misses>
				<total>0</total>
				<timestamp>2257.436791</timestamp>
			</report>
			<report>
				<misses>350200001</misses>
				<total>0</total>
				<timestamp>2258.087325</timestamp>
			</report>
			<report>
				<misses>350300001</misses>
				<total>0</total>
				<timestamp>2258.737915</timestamp>
			</report>
			<report>
				<misses>350400001</misses>
				<total>0</total>
				<timestamp>2259.387475</timestamp>
			</report>
			<report>
				<misses>350500001</misses>
				<total>0</total>
				<timestamp>2260.039165</timestamp>
			</report>
			<report>
				<misses>350600001</misses>
				<total>0</total>
				<timestamp>2260.691289</timestamp>
			</report>
			<report>
				<misses>350700001</misses>
				<total>0</total>
				<timestamp>2261.342313</timestamp>
			</report>
			<report>
				<misses>350800001</misses>
				<total>0</total>
				<timestamp>2261.993830</timestamp>
			</report>
			<report>
				<misses>350900001</misses>
				<total>0</total>
				<timestamp>2262.646852</timestamp>
			</report>
			<report>
				<misses>351000001</misses>
				<total>0</total>
				<timestamp>2263.298931</timestamp>
			</report>
			<report>
				<misses>351100001</misses>
				<total>0</total>
				<timestamp>2263.951253</timestamp>
			</report>
			<report>
				<misses>351200001</misses>
				<total>0</total>
				<timestamp>2264.603526</timestamp>
			</report>
			<report>
				<misses>351300001</misses>
				<total>0</total>
				<timestamp>2265.255772</timestamp>
			</report>
			<report>
				<misses>351400001</misses>
				<total>0</total>
				<timestamp>2265.909028</timestamp>
			</report>
			<report>
				<misses>351500001</misses>
				<total>0</total>
				<timestamp>2266.557956</timestamp>
			</report>
			<report>
				<misses>351600001</misses>
				<total>0</total>
				<timestamp>2267.201969</timestamp>
			</report>
			<report>
				<misses>351700001</misses>
				<total>0</total>
				<timestamp>2267.845528</timestamp>
			</report>
			<report>
				<misses>351800001</misses>
				<total>0</total>
				<timestamp>2268.491483</timestamp>
			</report>
			<report>
				<misses>351900001</misses>
				<total>0</total>
				<timestamp>2269.137509</timestamp>
			</report>
			<report>
				<misses>352000001</misses>
				<total>0</total>
				<timestamp>2269.783096</timestamp>
			</report>
			<report>
				<misses>352100001</misses>
				<total>0</total>
				<timestamp>2270.425996</timestamp>
			</report>
			<report>
				<misses>352200001</misses>
				<total>0</total>
				<timestamp>2271.082458</timestamp>
			</report>
			<report>
				<misses>352300001</misses>
				<total>0</total>
				<timestamp>2271.735831</timestamp>
			</report>
			<report>
				<misses>352400001</misses>
				<total>0</total>
				<timestamp>2272.389250</timestamp>
			</report>
			<report>
				<misses>352500001</misses>
				<total>0</total>
				<timestamp>2273.036817</timestamp>
			</report>
			<report>
				<misses>352600001</misses>
				<total>0</total>
				<timestamp>2273.683973</timestamp>
			</report>
			<report>
				<misses>352700001</misses>
				<total>0</total>
				<timestamp>2274.331296</timestamp>
			</report>
			<report>
				<misses>352800001</misses>
				<total>0</total>
				<timestamp>2274.974038</timestamp>
			</report>
			<report>
				<misses>352900001</misses>
				<total>0</total>
				<timestamp>2275.612108</timestamp>
			</report>
			<report>
				<misses>353000001</misses>
				<total>0</total>
				<timestamp>2276.250864</timestamp>
			</report>
			<report>
				<misses>353100001</misses>
				<total>0</total>
				<timestamp>2276.890361</timestamp>
			</report>
			<report>
				<misses>353200001</misses>
				<total>0</total>
				<timestamp>2277.529687</timestamp>
			</report>
			<report>
				<misses>353300001</misses>
				<total>0</total>
				<timestamp>2278.169405</timestamp>
			</report>
			<report>
				<misses>353400001</misses>
				<total>0</total>
				<timestamp>2278.808817</timestamp>
			</report>
			<report>
				<misses>353500001</misses>
				<total>0</total>
				<timestamp>2279.448753</timestamp>
			</report>
			<report>
				<misses>353600001</misses>
				<total>0</total>
				<timestamp>2280.088787</timestamp>
			</report>
			<report>
				<misses>353700001</misses>
				<total>0</total>
				<timestamp>2280.728878</timestamp>
			</report>
			<report>
				<misses>353800001</misses>
				<total>0</total>
				<timestamp>2281.368551</timestamp>
			</report>
			<report>
				<misses>353900001</misses>
				<total>0</total>
				<timestamp>2282.008743</timestamp>
			</report>
			<report>
				<misses>354000001</misses>
				<total>0</total>
				<timestamp>2282.648699</timestamp>
			</report>
			<report>
				<misses>354100001</misses>
				<total>0</total>
				<timestamp>2283.287132</timestamp>
			</report>
			<report>
				<misses>354200001</misses>
				<total>0</total>
				<timestamp>2283.926204</timestamp>
			</report>
			<report>
				<misses>354300001</misses>
				<total>0</total>
				<timestamp>2284.565142</timestamp>
			</report>
			<report>
				<misses>354400001</misses>
				<total>0</total>
				<timestamp>2285.205397</timestamp>
			</report>
			<report>
				<misses>354500001</misses>
				<total>0</total>
				<timestamp>2285.845067</timestamp>
			</report>
			<report>
				<misses>354600001</misses>
				<total>0</total>
				<timestamp>2286.485323</timestamp>
			</report>
			<report>
				<misses>354700001</misses>
				<total>0</total>
				<timestamp>2287.125575</timestamp>
			</report>
			<report>
				<misses>354800001</misses>
				<total>0</total>
				<timestamp>2287.765107</timestamp>
			</report>
			<report>
				<misses>354900001</misses>
				<total>0</total>
				<timestamp>2288.404832</timestamp>
			</report>
			<report>
				<misses>355000001</misses>
				<total>0</total>
				<timestamp>2289.044264</timestamp>
			</report>
			<report>
				<misses>355100001</misses>
				<total>0</total>
				<timestamp>2289.683216</timestamp>
			</report>
			<report>
				<misses>355200001</misses>
				<total>0</total>
				<timestamp>2290.322428</timestamp>
			</report>
			<report>
				<misses>355300001</misses>
				<total>0</total>
				<timestamp>2290.961206</timestamp>
			</report>
			<report>
				<misses>355400001</misses>
				<total>0</total>
				<timestamp>2291.600715</timestamp>
			</report>
			<report>
				<misses>355500001</misses>
				<total>0</total>
				<timestamp>2292.240335</timestamp>
			</report>
			<report>
				<misses>355600001</misses>
				<total>0</total>
				<timestamp>2292.879495</timestamp>
			</report>
			<report>
				<misses>355700001</misses>
				<total>0</total>
				<timestamp>2293.518995</timestamp>
			</report>
			<report>
				<misses>355800001</misses>
				<total>0</total>
				<timestamp>2294.158352</timestamp>
			</report>
			<report>
				<misses>355900001</misses>
				<total>0</total>
				<timestamp>2294.798035</timestamp>
			</report>
			<report>
				<misses>356000001</misses>
				<total>0</total>
				<timestamp>2295.437586</timestamp>
			</report>
			<report>
				<misses>356100001</misses>
				<total>0</total>
				<timestamp>2296.076490</timestamp>
			</report>
			<report>
				<misses>356200001</misses>
				<total>0</total>
				<timestamp>2296.715435</timestamp>
			</report>
			<report>
				<misses>356300001</misses>
				<total>0</total>
				<timestamp>2297.355118</timestamp>
			</report>
			<report>
				<misses>356400001</misses>
				<total>0</total>
				<timestamp>2297.994859</timestamp>
			</report>
			<report>
				<misses>356500001</misses>
				<total>0</total>
				<timestamp>2298.634353</timestamp>
			</report>
			<report>
				<misses>356600001</misses>
				<total>0</total>
				<timestamp>2299.273573</timestamp>
			</report>
			<report>
				<misses>356700001</misses>
				<total>0</total>
				<timestamp>2299.912968</timestamp>
			</report>
			<report>
				<misses>356800001</misses>
				<total>0</total>
				<timestamp>2300.551599</timestamp>
			</report>
			<report>
				<misses>356900001</misses>
				<total>0</total>
				<timestamp>2301.190063</timestamp>
			</report>
			<report>
				<misses>357000001</misses>
				<total>0</total>
				<timestamp>2301.828058</timestamp>
			</report>
			<report>
				<misses>357100001</misses>
				<total>0</total>
				<timestamp>2302.466255</timestamp>
			</report>
			<report>
				<misses>357200001</misses>
				<total>0</total>
				<timestamp>2303.104531</timestamp>
			</report>
			<report>
				<misses>357300001</misses>
				<total>0</total>
				<timestamp>2303.744068</timestamp>
			</report>
			<report>
				<misses>357400001</misses>
				<total>0</total>
				<timestamp>2304.381027</timestamp>
			</report>
			<report>
				<misses>357500001</misses>
				<total>0</total>
				<timestamp>2305.019304</timestamp>
			</report>
			<report>
				<misses>357600001</misses>
				<total>0</total>
				<timestamp>2305.658196</timestamp>
			</report>
			<report>
				<misses>357700001</misses>
				<total>0</total>
				<timestamp>2306.297389</timestamp>
			</report>
			<report>
				<misses>357800001</misses>
				<total>0</total>
				<timestamp>2306.935988</timestamp>
			</report>
			<report>
				<misses>357900001</misses>
				<total>0</total>
				<timestamp>2307.576107</timestamp>
			</report>
			<report>
				<misses>358000001</misses>
				<total>0</total>
				<timestamp>2308.215325</timestamp>
			</report>
			<report>
				<misses>358100001</misses>
				<total>0</total>
				<timestamp>2308.855378</timestamp>
			</report>
			<report>
				<misses>358200001</misses>
				<total>0</total>
				<timestamp>2309.494198</timestamp>
			</report>
			<report>
				<misses>358300001</misses>
				<total>0</total>
				<timestamp>2310.133763</timestamp>
			</report>
			<report>
				<misses>358400001</misses>
				<total>0</total>
				<timestamp>2310.773684</timestamp>
			</report>
			<report>
				<misses>358500001</misses>
				<total>0</total>
				<timestamp>2311.413834</timestamp>
			</report>
			<report>
				<misses>358600001</misses>
				<total>0</total>
				<timestamp>2312.053252</timestamp>
			</report>
			<report>
				<misses>358700001</misses>
				<total>0</total>
				<timestamp>2312.694786</timestamp>
			</report>
			<report>
				<misses>358800001</misses>
				<total>0</total>
				<timestamp>2313.335524</timestamp>
			</report>
			<report>
				<misses>358900001</misses>
				<total>0</total>
				<timestamp>2313.973619</timestamp>
			</report>
			<report>
				<misses>359000001</misses>
				<total>0</total>
				<timestamp>2314.611103</timestamp>
			</report>
			<report>
				<misses>359100001</misses>
				<total>0</total>
				<timestamp>2315.247741</timestamp>
			</report>
			<report>
				<misses>359200001</misses>
				<total>0</total>
				<timestamp>2315.884438</timestamp>
			</report>
			<report>
				<misses>359300001</misses>
				<total>0</total>
				<timestamp>2316.520920</timestamp>
			</report>
			<report>
				<misses>359400001</misses>
				<total>0</total>
				<timestamp>2317.157415</timestamp>
			</report>
			<report>
				<misses>359500001</misses>
				<total>0</total>
				<timestamp>2317.794224</timestamp>
			</report>
			<report>
				<misses>359600001</misses>
				<total>0</total>
				<timestamp>2318.430078</timestamp>
			</report>
			<report>
				<misses>359700001</misses>
				<total>0</total>
				<timestamp>2319.066409</timestamp>
			</report>
			<report>
				<misses>359800001</misses>
				<total>0</total>
				<timestamp>2319.703784</timestamp>
			</report>
			<report>
				<misses>359900001</misses>
				<total>0</total>
				<timestamp>2320.341743</timestamp>
			</report>
			<report>
				<misses>360000001</misses>
				<total>0</total>
				<timestamp>2320.980344</timestamp>
			</report>
			<report>
				<misses>360100001</misses>
				<total>0</total>
				<timestamp>2321.618117</timestamp>
			</report>
			<report>
				<misses>360200001</misses>
				<total>0</total>
				<timestamp>2322.255960</timestamp>
			</report>
			<report>
				<misses>360300001</misses>
				<total>0</total>
				<timestamp>2322.893856</timestamp>
			</report>
			<report>
				<misses>360400001</misses>
				<total>0</total>
				<timestamp>2323.531225</timestamp>
			</report>
			<report>
				<misses>360500001</misses>
				<total>0</total>
				<timestamp>2324.169180</timestamp>
			</report>
			<report>
				<misses>360600001</misses>
				<total>0</total>
				<timestamp>2324.807177</timestamp>
			</report>
			<report>
				<misses>360700001</misses>
				<total>0</total>
				<timestamp>2325.445642</timestamp>
			</report>
			<report>
				<misses>360800001</misses>
				<total>0</total>
				<timestamp>2326.084411</timestamp>
			</report>
			<report>
				<misses>360900001</misses>
				<total>0</total>
				<timestamp>2326.723109</timestamp>
			</report>
			<report>
				<misses>361000001</misses>
				<total>0</total>
				<timestamp>2327.361667</timestamp>
			</report>
			<report>
				<misses>361100001</misses>
				<total>0</total>
				<timestamp>2328.000390</timestamp>
			</report>
			<report>
				<misses>361200001</misses>
				<total>0</total>
				<timestamp>2328.640172</timestamp>
			</report>
			<report>
				<misses>361300001</misses>
				<total>0</total>
				<timestamp>2329.278931</timestamp>
			</report>
			<report>
				<misses>361400001</misses>
				<total>0</total>
				<timestamp>2329.918051</timestamp>
			</report>
			<report>
				<misses>361500001</misses>
				<total>0</total>
				<timestamp>2330.557713</timestamp>
			</report>
			<report>
				<misses>361600001</misses>
				<total>0</total>
				<timestamp>2331.195614</timestamp>
			</report>
			<report>
				<misses>361700001</misses>
				<total>0</total>
				<timestamp>2331.835825</timestamp>
			</report>
			<report>
				<misses>361800001</misses>
				<total>0</total>
				<timestamp>2332.476390</timestamp>
			</report>
			<report>
				<misses>361900001</misses>
				<total>0</total>
				<timestamp>2333.115352</timestamp>
			</report>
			<report>
				<misses>362000001</misses>
				<total>0</total>
				<timestamp>2333.755716</timestamp>
			</report>
			<report>
				<misses>362100001</misses>
				<total>0</total>
				<timestamp>2334.394192</timestamp>
			</report>
			<report>
				<misses>362200001</misses>
				<total>0</total>
				<timestamp>2335.033528</timestamp>
			</report>
			<report>
				<misses>362300001</misses>
				<total>0</total>
				<timestamp>2335.673388</timestamp>
			</report>
			<report>
				<misses>362400001</misses>
				<total>0</total>
				<timestamp>2336.311871</timestamp>
			</report>
			<report>
				<misses>362500001</misses>
				<total>0</total>
				<timestamp>2336.951399</timestamp>
			</report>
			<report>
				<misses>362600001</misses>
				<total>0</total>
				<timestamp>2337.591364</timestamp>
			</report>
			<report>
				<misses>362700001</misses>
				<total>0</total>
				<timestamp>2338.236272</timestamp>
			</report>
			<report>
				<misses>362800001</misses>
				<total>0</total>
				<timestamp>2338.889245</timestamp>
			</report>
			<report>
				<misses>362900001</misses>
				<total>0</total>
				<timestamp>2339.540907</timestamp>
			</report>
			<report>
				<misses>363000001</misses>
				<total>0</total>
				<timestamp>2340.195218</timestamp>
			</report>
			<report>
				<misses>363100001</misses>
				<total>0</total>
				<timestamp>2340.848677</timestamp>
			</report>
			<report>
				<misses>363200001</misses>
				<total>0</total>
				<timestamp>2341.503730</timestamp>
			</report>
			<report>
				<misses>363300001</misses>
				<total>0</total>
				<timestamp>2342.155983</timestamp>
			</report>
			<report>
				<misses>363400001</misses>
				<total>0</total>
				<timestamp>2342.809565</timestamp>
			</report>
			<report>
				<misses>363500001</misses>
				<total>0</total>
				<timestamp>2343.462503</timestamp>
			</report>
			<report>
				<misses>363600001</misses>
				<total>0</total>
				<timestamp>2344.115535</timestamp>
			</report>
			<report>
				<misses>363700001</misses>
				<total>0</total>
				<timestamp>2344.760153</timestamp>
			</report>
			<report>
				<misses>363800001</misses>
				<total>0</total>
				<timestamp>2345.404743</timestamp>
			</report>
			<report>
				<misses>363900001</misses>
				<total>0</total>
				<timestamp>2346.050905</timestamp>
			</report>
			<report>
				<misses>364000001</misses>
				<total>0</total>
				<timestamp>2346.696169</timestamp>
			</report>
			<report>
				<misses>364100001</misses>
				<total>0</total>
				<timestamp>2347.339460</timestamp>
			</report>
			<report>
				<misses>364200001</misses>
				<total>0</total>
				<timestamp>2347.988351</timestamp>
			</report>
			<report>
				<misses>364300001</misses>
				<total>0</total>
				<timestamp>2348.632555</timestamp>
			</report>
			<report>
				<misses>364400001</misses>
				<total>0</total>
				<timestamp>2349.277463</timestamp>
			</report>
			<report>
				<misses>364500001</misses>
				<total>0</total>
				<timestamp>2349.923321</timestamp>
			</report>
			<report>
				<misses>364600001</misses>
				<total>0</total>
				<timestamp>2350.572054</timestamp>
			</report>
			<report>
				<misses>364700001</misses>
				<total>0</total>
				<timestamp>2351.232185</timestamp>
			</report>
			<report>
				<misses>364800001</misses>
				<total>0</total>
				<timestamp>2351.891419</timestamp>
			</report>
			<report>
				<misses>364900001</misses>
				<total>0</total>
				<timestamp>2352.547259</timestamp>
			</report>
			<report>
				<misses>365000001</misses>
				<total>0</total>
				<timestamp>2353.205695</timestamp>
			</report>
			<report>
				<misses>365100001</misses>
				<total>0</total>
				<timestamp>2353.862705</timestamp>
			</report>
			<report>
				<misses>365200001</misses>
				<total>0</total>
				<timestamp>2354.518019</timestamp>
			</report>
			<report>
				<misses>365300001</misses>
				<total>0</total>
				<timestamp>2355.165410</timestamp>
			</report>
			<report>
				<misses>365400001</misses>
				<total>0</total>
				<timestamp>2355.814290</timestamp>
			</report>
			<report>
				<misses>365500001</misses>
				<total>0</total>
				<timestamp>2356.464358</timestamp>
			</report>
			<report>
				<misses>365600001</misses>
				<total>0</total>
				<timestamp>2357.112674</timestamp>
			</report>
			<report>
				<misses>365700001</misses>
				<total>0</total>
				<timestamp>2357.759995</timestamp>
			</report>
			<report>
				<misses>365800001</misses>
				<total>0</total>
				<timestamp>2358.407458</timestamp>
			</report>
			<report>
				<misses>365900001</misses>
				<total>0</total>
				<timestamp>2359.055887</timestamp>
			</report>
			<report>
				<misses>366000001</misses>
				<total>0</total>
				<timestamp>2359.704038</timestamp>
			</report>
			<report>
				<misses>366100001</misses>
				<total>0</total>
				<timestamp>2360.351407</timestamp>
			</report>
			<report>
				<misses>366200001</misses>
				<total>0</total>
				<timestamp>2360.999605</timestamp>
			</report>
			<report>
				<misses>366300001</misses>
				<total>0</total>
				<timestamp>2361.647956</timestamp>
			</report>
			<report>
				<misses>366400001</misses>
				<total>0</total>
				<timestamp>2362.295607</timestamp>
			</report>
			<report>
				<misses>366500001</misses>
				<total>0</total>
				<timestamp>2362.941280</timestamp>
			</report>
			<report>
				<misses>366600001</misses>
				<total>0</total>
				<timestamp>2363.583419</timestamp>
			</report>
			<report>
				<misses>366700001</misses>
				<total>0</total>
				<timestamp>2364.224565</timestamp>
			</report>
			<report>
				<misses>366800001</misses>
				<total>0</total>
				<timestamp>2364.865144</timestamp>
			</report>
			<report>
				<misses>366900001</misses>
				<total>0</total>
				<timestamp>2365.506164</timestamp>
			</report>
			<report>
				<misses>367000001</misses>
				<total>0</total>
				<timestamp>2366.146883</timestamp>
			</report>
			<report>
				<misses>367100001</misses>
				<total>0</total>
				<timestamp>2366.787796</timestamp>
			</report>
			<report>
				<misses>367200001</misses>
				<total>0</total>
				<timestamp>2367.428615</timestamp>
			</report>
			<report>
				<misses>367300001</misses>
				<total>0</total>
				<timestamp>2368.070544</timestamp>
			</report>
			<report>
				<misses>367400001</misses>
				<total>0</total>
				<timestamp>2368.711838</timestamp>
			</report>
			<report>
				<misses>367500001</misses>
				<total>0</total>
				<timestamp>2369.353669</timestamp>
			</report>
			<report>
				<misses>367600001</misses>
				<total>0</total>
				<timestamp>2369.994891</timestamp>
			</report>
			<report>
				<misses>367700001</misses>
				<total>0</total>
				<timestamp>2370.635590</timestamp>
			</report>
			<report>
				<misses>367800001</misses>
				<total>0</total>
				<timestamp>2371.276726</timestamp>
			</report>
			<report>
				<misses>367900001</misses>
				<total>0</total>
				<timestamp>2371.917682</timestamp>
			</report>
			<report>
				<misses>368000001</misses>
				<total>0</total>
				<timestamp>2372.559706</timestamp>
			</report>
			<report>
				<misses>368100001</misses>
				<total>0</total>
				<timestamp>2373.200840</timestamp>
			</report>
			<report>
				<misses>368200001</misses>
				<total>0</total>
				<timestamp>2373.842604</timestamp>
			</report>
			<report>
				<misses>368300001</misses>
				<total>0</total>
				<timestamp>2374.484053</timestamp>
			</report>
			<report>
				<misses>368400001</misses>
				<total>0</total>
				<timestamp>2375.125328</timestamp>
			</report>
			<report>
				<misses>368500001</misses>
				<total>0</total>
				<timestamp>2375.766495</timestamp>
			</report>
			<report>
				<misses>368600001</misses>
				<total>0</total>
				<timestamp>2376.407240</timestamp>
			</report>
			<report>
				<misses>368700001</misses>
				<total>0</total>
				<timestamp>2377.048270</timestamp>
			</report>
			<report>
				<misses>368800001</misses>
				<total>0</total>
				<timestamp>2377.690958</timestamp>
			</report>
			<report>
				<misses>368900001</misses>
				<total>0</total>
				<timestamp>2378.333091</timestamp>
			</report>
			<report>
				<misses>369000001</misses>
				<total>0</total>
				<timestamp>2378.975630</timestamp>
			</report>
			<report>
				<misses>369100001</misses>
				<total>0</total>
				<timestamp>2379.612721</timestamp>
			</report>
			<report>
				<misses>369200001</misses>
				<total>0</total>
				<timestamp>2380.250231</timestamp>
			</report>
			<report>
				<misses>369300001</misses>
				<total>0</total>
				<timestamp>2380.888115</timestamp>
			</report>
			<report>
				<misses>369400001</misses>
				<total>0</total>
				<timestamp>2381.526584</timestamp>
			</report>
			<report>
				<misses>369500001</misses>
				<total>0</total>
				<timestamp>2382.164118</timestamp>
			</report>
			<report>
				<misses>369600001</misses>
				<total>0</total>
				<timestamp>2382.802875</timestamp>
			</report>
			<report>
				<misses>369700001</misses>
				<total>0</total>
				<timestamp>2383.441176</timestamp>
			</report>
			<report>
				<misses>369800001</misses>
				<total>0</total>
				<timestamp>2384.079487</timestamp>
			</report>
			<report>
				<misses>369900001</misses>
				<total>0</total>
				<timestamp>2384.717659</timestamp>
			</report>
			<report>
				<misses>370000001</misses>
				<total>0</total>
				<timestamp>2385.356805</timestamp>
			</report>
			<report>
				<misses>370100001</misses>
				<total>0</total>
				<timestamp>2385.996892</timestamp>
			</report>
			<report>
				<misses>370200001</misses>
				<total>0</total>
				<timestamp>2386.635415</timestamp>
			</report>
			<report>
				<misses>370300001</misses>
				<total>0</total>
				<timestamp>2387.274228</timestamp>
			</report>
			<report>
				<misses>370400001</misses>
				<total>0</total>
				<timestamp>2387.913213</timestamp>
			</report>
			<report>
				<misses>370500001</misses>
				<total>0</total>
				<timestamp>2388.552068</timestamp>
			</report>
			<report>
				<misses>370600001</misses>
				<total>0</total>
				<timestamp>2389.191650</timestamp>
			</report>
			<report>
				<misses>370700001</misses>
				<total>0</total>
				<timestamp>2389.831017</timestamp>
			</report>
			<report>
				<misses>370800001</misses>
				<total>0</total>
				<timestamp>2390.470130</timestamp>
			</report>
			<report>
				<misses>370900001</misses>
				<total>0</total>
				<timestamp>2391.108593</timestamp>
			</report>
			<report>
				<misses>371000001</misses>
				<total>0</total>
				<timestamp>2391.748140</timestamp>
			</report>
			<report>
				<misses>371100001</misses>
				<total>0</total>
				<timestamp>2392.387983</timestamp>
			</report>
			<report>
				<misses>371200001</misses>
				<total>0</total>
				<timestamp>2393.027246</timestamp>
			</report>
			<report>
				<misses>371300001</misses>
				<total>0</total>
				<timestamp>2393.666225</timestamp>
			</report>
			<report>
				<misses>371400001</misses>
				<total>0</total>
				<timestamp>2394.305586</timestamp>
			</report>
			<report>
				<misses>371500001</misses>
				<total>0</total>
				<timestamp>2394.945426</timestamp>
			</report>
			<report>
				<misses>371600001</misses>
				<total>0</total>
				<timestamp>2395.585004</timestamp>
			</report>
			<report>
				<misses>371700001</misses>
				<total>0</total>
				<timestamp>2396.224063</timestamp>
			</report>
			<report>
				<misses>371800001</misses>
				<total>0</total>
				<timestamp>2396.862809</timestamp>
			</report>
			<report>
				<misses>371900001</misses>
				<total>0</total>
				<timestamp>2397.502337</timestamp>
			</report>
			<report>
				<misses>372000001</misses>
				<total>0</total>
				<timestamp>2398.141355</timestamp>
			</report>
			<report>
				<misses>372100001</misses>
				<total>0</total>
				<timestamp>2398.780710</timestamp>
			</report>
			<report>
				<misses>372200001</misses>
				<total>0</total>
				<timestamp>2399.419418</timestamp>
			</report>
			<report>
				<misses>372300001</misses>
				<total>0</total>
				<timestamp>2400.058447</timestamp>
			</report>
			<report>
				<misses>372400001</misses>
				<total>0</total>
				<timestamp>2400.697932</timestamp>
			</report>
			<report>
				<misses>372500001</misses>
				<total>0</total>
				<timestamp>2401.336737</timestamp>
			</report>
			<report>
				<misses>372600001</misses>
				<total>0</total>
				<timestamp>2401.976605</timestamp>
			</report>
			<report>
				<misses>372700001</misses>
				<total>0</total>
				<timestamp>2402.615040</timestamp>
			</report>
			<report>
				<misses>372800001</misses>
				<total>0</total>
				<timestamp>2403.254157</timestamp>
			</report>
			<report>
				<misses>372900001</misses>
				<total>0</total>
				<timestamp>2403.902644</timestamp>
			</report>
			<report>
				<misses>373000001</misses>
				<total>0</total>
				<timestamp>2404.556159</timestamp>
			</report>
			<report>
				<misses>373100001</misses>
				<total>0</total>
				<timestamp>2405.209568</timestamp>
			</report>
			<report>
				<misses>373200001</misses>
				<total>0</total>
				<timestamp>2405.864264</timestamp>
			</report>
			<report>
				<misses>373300001</misses>
				<total>0</total>
				<timestamp>2406.517921</timestamp>
			</report>
			<report>
				<misses>373400001</misses>
				<total>0</total>
				<timestamp>2407.173383</timestamp>
			</report>
			<report>
				<misses>373500001</misses>
				<total>0</total>
				<timestamp>2407.825945</timestamp>
			</report>
			<report>
				<misses>373600001</misses>
				<total>0</total>
				<timestamp>2408.474580</timestamp>
			</report>
			<report>
				<misses>373700001</misses>
				<total>0</total>
				<timestamp>2409.124597</timestamp>
			</report>
			<report>
				<misses>373800001</misses>
				<total>0</total>
				<timestamp>2409.774008</timestamp>
			</report>
			<report>
				<misses>373900001</misses>
				<total>0</total>
				<timestamp>2410.420728</timestamp>
			</report>
			<report>
				<misses>374000001</misses>
				<total>0</total>
				<timestamp>2411.067730</timestamp>
			</report>
			<report>
				<misses>374100001</misses>
				<total>0</total>
				<timestamp>2411.713788</timestamp>
			</report>
			<report>
				<misses>374200001</misses>
				<total>0</total>
				<timestamp>2412.363320</timestamp>
			</report>
			<report>
				<misses>374300001</misses>
				<total>0</total>
				<timestamp>2413.009816</timestamp>
			</report>
			<report>
				<misses>374400001</misses>
				<total>0</total>
				<timestamp>2413.656572</timestamp>
			</report>
			<report>
				<misses>374500001</misses>
				<total>0</total>
				<timestamp>2414.301988</timestamp>
			</report>
			<report>
				<misses>374600001</misses>
				<total>0</total>
				<timestamp>2414.946260</timestamp>
			</report>
			<report>
				<misses>374700001</misses>
				<total>0</total>
				<timestamp>2415.590798</timestamp>
			</report>
			<report>
				<misses>374800001</misses>
				<total>0</total>
				<timestamp>2416.235474</timestamp>
			</report>
			<report>
				<misses>374900001</misses>
				<total>0</total>
				<timestamp>2416.880093</timestamp>
			</report>
			<report>
				<misses>375000001</misses>
				<total>0</total>
				<timestamp>2417.523614</timestamp>
			</report>
			<report>
				<misses>375100001</misses>
				<total>0</total>
				<timestamp>2418.168326</timestamp>
			</report>
			<report>
				<misses>375200001</misses>
				<total>0</total>
				<timestamp>2418.812574</timestamp>
			</report>
			<report>
				<misses>375300001</misses>
				<total>0</total>
				<timestamp>2419.456396</timestamp>
			</report>
			<report>
				<misses>375400001</misses>
				<total>0</total>
				<timestamp>2420.099880</timestamp>
			</report>
			<report>
				<misses>375500001</misses>
				<total>0</total>
				<timestamp>2420.744304</timestamp>
			</report>
			<report>
				<misses>375600001</misses>
				<total>0</total>
				<timestamp>2421.388111</timestamp>
			</report>
			<report>
				<misses>375700001</misses>
				<total>0</total>
				<timestamp>2422.032788</timestamp>
			</report>
			<report>
				<misses>375800001</misses>
				<total>0</total>
				<timestamp>2422.676949</timestamp>
			</report>
			<report>
				<misses>375900001</misses>
				<total>0</total>
				<timestamp>2423.320730</timestamp>
			</report>
			<report>
				<misses>376000001</misses>
				<total>0</total>
				<timestamp>2423.964879</timestamp>
			</report>
			<report>
				<misses>376100001</misses>
				<total>0</total>
				<timestamp>2424.606030</timestamp>
			</report>
			<report>
				<misses>376200001</misses>
				<total>0</total>
				<timestamp>2425.247295</timestamp>
			</report>
			<report>
				<misses>376300001</misses>
				<total>0</total>
				<timestamp>2425.889172</timestamp>
			</report>
			<report>
				<misses>376400001</misses>
				<total>0</total>
				<timestamp>2426.531756</timestamp>
			</report>
			<report>
				<misses>376500001</misses>
				<total>0</total>
				<timestamp>2427.173609</timestamp>
			</report>
			<report>
				<misses>376600001</misses>
				<total>0</total>
				<timestamp>2427.814456</timestamp>
			</report>
			<report>
				<misses>376700001</misses>
				<total>0</total>
				<timestamp>2428.456550</timestamp>
			</report>
			<report>
				<misses>376800001</misses>
				<total>0</total>
				<timestamp>2429.098610</timestamp>
			</report>
			<report>
				<misses>376900001</misses>
				<total>0</total>
				<timestamp>2429.740443</timestamp>
			</report>
			<report>
				<misses>377000001</misses>
				<total>0</total>
				<timestamp>2430.381090</timestamp>
			</report>
			<report>
				<misses>377100001</misses>
				<total>0</total>
				<timestamp>2431.021703</timestamp>
			</report>
			<report>
				<misses>377200001</misses>
				<total>0</total>
				<timestamp>2431.662120</timestamp>
			</report>
			<report>
				<misses>377300001</misses>
				<total>0</total>
				<timestamp>2432.303061</timestamp>
			</report>
			<report>
				<misses>377400001</misses>
				<total>0</total>
				<timestamp>2432.944606</timestamp>
			</report>
			<report>
				<misses>377500001</misses>
				<total>0</total>
				<timestamp>2433.585087</timestamp>
			</report>
			<report>
				<misses>377600001</misses>
				<total>0</total>
				<timestamp>2434.226135</timestamp>
			</report>
			<report>
				<misses>377700001</misses>
				<total>0</total>
				<timestamp>2434.870074</timestamp>
			</report>
			<report>
				<misses>377800001</misses>
				<total>0</total>
				<timestamp>2435.512035</timestamp>
			</report>
			<report>
				<misses>377900001</misses>
				<total>0</total>
				<timestamp>2436.154250</timestamp>
			</report>
			<report>
				<misses>378000001</misses>
				<total>0</total>
				<timestamp>2436.797764</timestamp>
			</report>
			<report>
				<misses>378100001</misses>
				<total>0</total>
				<timestamp>2437.439383</timestamp>
			</report>
			<report>
				<misses>378200001</misses>
				<total>0</total>
				<timestamp>2438.080675</timestamp>
			</report>
			<report>
				<misses>378300001</misses>
				<total>0</total>
				<timestamp>2438.723974</timestamp>
			</report>
			<report>
				<misses>378400001</misses>
				<total>0</total>
				<timestamp>2439.367212</timestamp>
			</report>
			<report>
				<misses>378500001</misses>
				<total>0</total>
				<timestamp>2440.009714</timestamp>
			</report>
			<report>
				<misses>378600001</misses>
				<total>0</total>
				<timestamp>2440.651519</timestamp>
			</report>
			<report>
				<misses>378700001</misses>
				<total>0</total>
				<timestamp>2441.293239</timestamp>
			</report>
			<report>
				<misses>378800001</misses>
				<total>0</total>
				<timestamp>2441.934467</timestamp>
			</report>
			<report>
				<misses>378900001</misses>
				<total>0</total>
				<timestamp>2442.575980</timestamp>
			</report>
			<report>
				<misses>379000001</misses>
				<total>0</total>
				<timestamp>2443.216867</timestamp>
			</report>
			<report>
				<misses>379100001</misses>
				<total>0</total>
				<timestamp>2443.857454</timestamp>
			</report>
			<report>
				<misses>379200001</misses>
				<total>0</total>
				<timestamp>2444.497924</timestamp>
			</report>
			<report>
				<misses>379300001</misses>
				<total>0</total>
				<timestamp>2445.138830</timestamp>
			</report>
			<report>
				<misses>379400001</misses>
				<total>0</total>
				<timestamp>2445.779755</timestamp>
			</report>
			<report>
				<misses>379500001</misses>
				<total>0</total>
				<timestamp>2446.420101</timestamp>
			</report>
			<report>
				<misses>379600001</misses>
				<total>0</total>
				<timestamp>2447.060994</timestamp>
			</report>
			<report>
				<misses>379700001</misses>
				<total>0</total>
				<timestamp>2447.701193</timestamp>
			</report>
			<report>
				<misses>379800001</misses>
				<total>0</total>
				<timestamp>2448.341632</timestamp>
			</report>
			<report>
				<misses>379900001</misses>
				<total>0</total>
				<timestamp>2448.982043</timestamp>
			</report>
			<report>
				<misses>380000001</misses>
				<total>0</total>
				<timestamp>2449.622032</timestamp>
			</report>
			<report>
				<misses>380100001</misses>
				<total>0</total>
				<timestamp>2450.262176</timestamp>
			</report>
			<report>
				<misses>380200001</misses>
				<total>0</total>
				<timestamp>2450.902767</timestamp>
			</report>
			<report>
				<misses>380300001</misses>
				<total>0</total>
				<timestamp>2451.544047</timestamp>
			</report>
			<report>
				<misses>380400001</misses>
				<total>0</total>
				<timestamp>2452.184160</timestamp>
			</report>
			<report>
				<misses>380500001</misses>
				<total>0</total>
				<timestamp>2452.824227</timestamp>
			</report>
			<report>
				<misses>380600001</misses>
				<total>0</total>
				<timestamp>2453.465000</timestamp>
			</report>
			<report>
				<misses>380700001</misses>
				<total>0</total>
				<timestamp>2454.104954</timestamp>
			</report>
			<report>
				<misses>380800001</misses>
				<total>0</total>
				<timestamp>2454.744818</timestamp>
			</report>
			<report>
				<misses>380900001</misses>
				<total>0</total>
				<timestamp>2455.385643</timestamp>
			</report>
			<report>
				<misses>381000001</misses>
				<total>0</total>
				<timestamp>2456.025777</timestamp>
			</report>
			<report>
				<misses>381100001</misses>
				<total>0</total>
				<timestamp>2456.666340</timestamp>
			</report>
			<report>
				<misses>381200001</misses>
				<total>0</total>
				<timestamp>2457.307353</timestamp>
			</report>
			<report>
				<misses>381300001</misses>
				<total>0</total>
				<timestamp>2457.947631</timestamp>
			</report>
			<report>
				<misses>381400001</misses>
				<total>0</total>
				<timestamp>2458.587682</timestamp>
			</report>
			<report>
				<misses>381500001</misses>
				<total>0</total>
				<timestamp>2459.227245</timestamp>
			</report>
			<report>
				<misses>381600001</misses>
				<total>0</total>
				<timestamp>2459.866071</timestamp>
			</report>
			<report>
				<misses>381700001</misses>
				<total>0</total>
				<timestamp>2460.504161</timestamp>
			</report>
			<report>
				<misses>381800001</misses>
				<total>0</total>
				<timestamp>2461.142892</timestamp>
			</report>
			<report>
				<misses>381900001</misses>
				<total>0</total>
				<timestamp>2461.781673</timestamp>
			</report>
			<report>
				<misses>382000001</misses>
				<total>0</total>
				<timestamp>2462.420627</timestamp>
			</report>
			<report>
				<misses>382100001</misses>
				<total>0</total>
				<timestamp>2463.058826</timestamp>
			</report>
			<report>
				<misses>382200001</misses>
				<total>0</total>
				<timestamp>2463.697225</timestamp>
			</report>
			<report>
				<misses>382300001</misses>
				<total>0</total>
				<timestamp>2464.336812</timestamp>
			</report>
			<report>
				<misses>382400001</misses>
				<total>0</total>
				<timestamp>2464.977286</timestamp>
			</report>
			<report>
				<misses>382500001</misses>
				<total>0</total>
				<timestamp>2465.618231</timestamp>
			</report>
			<report>
				<misses>382600001</misses>
				<total>0</total>
				<timestamp>2466.257853</timestamp>
			</report>
			<report>
				<misses>382700001</misses>
				<total>0</total>
				<timestamp>2466.896600</timestamp>
			</report>
			<report>
				<misses>382800001</misses>
				<total>0</total>
				<timestamp>2467.537453</timestamp>
			</report>
			<report>
				<misses>382900001</misses>
				<total>0</total>
				<timestamp>2468.177876</timestamp>
			</report>
			<report>
				<misses>383000001</misses>
				<total>0</total>
				<timestamp>2468.816527</timestamp>
			</report>
			<report>
				<misses>383100001</misses>
				<total>0</total>
				<timestamp>2469.456436</timestamp>
			</report>
			<report>
				<misses>383200001</misses>
				<total>0</total>
				<timestamp>2470.095810</timestamp>
			</report>
			<report>
				<misses>383300001</misses>
				<total>0</total>
				<timestamp>2470.734902</timestamp>
			</report>
			<report>
				<misses>383400001</misses>
				<total>0</total>
				<timestamp>2471.373847</timestamp>
			</report>
			<report>
				<misses>383500001</misses>
				<total>0</total>
				<timestamp>2472.013703</timestamp>
			</report>
			<report>
				<misses>383600001</misses>
				<total>0</total>
				<timestamp>2472.652730</timestamp>
			</report>
			<report>
				<misses>383700001</misses>
				<total>0</total>
				<timestamp>2473.292835</timestamp>
			</report>
			<report>
				<misses>383800001</misses>
				<total>0</total>
				<timestamp>2473.931893</timestamp>
			</report>
			<report>
				<misses>383900001</misses>
				<total>0</total>
				<timestamp>2474.571264</timestamp>
			</report>
			<report>
				<misses>384000001</misses>
				<total>0</total>
				<timestamp>2475.209960</timestamp>
			</report>
			<report>
				<misses>384100001</misses>
				<total>0</total>
				<timestamp>2475.849262</timestamp>
			</report>
			<report>
				<misses>384200001</misses>
				<total>0</total>
				<timestamp>2476.489492</timestamp>
			</report>
			<report>
				<misses>384300001</misses>
				<total>0</total>
				<timestamp>2477.128924</timestamp>
			</report>
			<report>
				<misses>384400001</misses>
				<total>0</total>
				<timestamp>2477.776583</timestamp>
			</report>
			<report>
				<misses>384500001</misses>
				<total>0</total>
				<timestamp>2478.426214</timestamp>
			</report>
			<report>
				<misses>384600001</misses>
				<total>0</total>
				<timestamp>2479.076023</timestamp>
			</report>
			<report>
				<misses>384700001</misses>
				<total>0</total>
				<timestamp>2479.726406</timestamp>
			</report>
			<report>
				<misses>384800001</misses>
				<total>0</total>
				<timestamp>2480.377702</timestamp>
			</report>
			<report>
				<misses>384900001</misses>
				<total>0</total>
				<timestamp>2481.028768</timestamp>
			</report>
			<report>
				<misses>385000001</misses>
				<total>0</total>
				<timestamp>2481.679773</timestamp>
			</report>
			<report>
				<misses>385100001</misses>
				<total>0</total>
				<timestamp>2482.330280</timestamp>
			</report>
			<report>
				<misses>385200001</misses>
				<total>0</total>
				<timestamp>2482.980091</timestamp>
			</report>
			<report>
				<misses>385300001</misses>
				<total>0</total>
				<timestamp>2483.631279</timestamp>
			</report>
			<report>
				<misses>385400001</misses>
				<total>0</total>
				<timestamp>2484.281145</timestamp>
			</report>
			<report>
				<misses>385500001</misses>
				<total>0</total>
				<timestamp>2484.931080</timestamp>
			</report>
			<report>
				<misses>385600001</misses>
				<total>0</total>
				<timestamp>2485.581137</timestamp>
			</report>
			<report>
				<misses>385700001</misses>
				<total>0</total>
				<timestamp>2486.230385</timestamp>
			</report>
			<report>
				<misses>385800001</misses>
				<total>0</total>
				<timestamp>2486.880431</timestamp>
			</report>
			<report>
				<misses>385900001</misses>
				<total>0</total>
				<timestamp>2487.529526</timestamp>
			</report>
			<report>
				<misses>386000001</misses>
				<total>0</total>
				<timestamp>2488.179570</timestamp>
			</report>
			<report>
				<misses>386100001</misses>
				<total>0</total>
				<timestamp>2488.829506</timestamp>
			</report>
			<report>
				<misses>386200001</misses>
				<total>0</total>
				<timestamp>2489.479640</timestamp>
			</report>
			<report>
				<misses>386300001</misses>
				<total>0</total>
				<timestamp>2490.130144</timestamp>
			</report>
			<report>
				<misses>386400001</misses>
				<total>0</total>
				<timestamp>2490.780407</timestamp>
			</report>
			<report>
				<misses>386500001</misses>
				<total>0</total>
				<timestamp>2491.430595</timestamp>
			</report>
			<report>
				<misses>386600001</misses>
				<total>0</total>
				<timestamp>2492.083370</timestamp>
			</report>
			<report>
				<misses>386700001</misses>
				<total>0</total>
				<timestamp>2492.736258</timestamp>
			</report>
			<report>
				<misses>386800001</misses>
				<total>0</total>
				<timestamp>2493.388232</timestamp>
			</report>
			<report>
				<misses>386900001</misses>
				<total>0</total>
				<timestamp>2494.039682</timestamp>
			</report>
			<report>
				<misses>387000001</misses>
				<total>0</total>
				<timestamp>2494.691620</timestamp>
			</report>
			<report>
				<misses>387100001</misses>
				<total>0</total>
				<timestamp>2495.343802</timestamp>
			</report>
			<report>
				<misses>387200001</misses>
				<total>0</total>
				<timestamp>2495.995643</timestamp>
			</report>
			<report>
				<misses>387300001</misses>
				<total>0</total>
				<timestamp>2496.648751</timestamp>
			</report>
			<report>
				<misses>387400001</misses>
				<total>0</total>
				<timestamp>2497.299052</timestamp>
			</report>
			<report>
				<misses>387500001</misses>
				<total>0</total>
				<timestamp>2497.949752</timestamp>
			</report>
			<report>
				<misses>387600001</misses>
				<total>0</total>
				<timestamp>2498.600305</timestamp>
			</report>
			<report>
				<misses>387700001</misses>
				<total>0</total>
				<timestamp>2499.251075</timestamp>
			</report>
			<report>
				<misses>387800001</misses>
				<total>0</total>
				<timestamp>2499.900884</timestamp>
			</report>
			<report>
				<misses>387900001</misses>
				<total>0</total>
				<timestamp>2500.551351</timestamp>
			</report>
			<report>
				<misses>388000001</misses>
				<total>0</total>
				<timestamp>2501.202105</timestamp>
			</report>
			<report>
				<misses>388100001</misses>
				<total>0</total>
				<timestamp>2501.852290</timestamp>
			</report>
			<report>
				<misses>388200001</misses>
				<total>0</total>
				<timestamp>2502.502610</timestamp>
			</report>
			<report>
				<misses>388300001</misses>
				<total>0</total>
				<timestamp>2503.153412</timestamp>
			</report>
			<report>
				<misses>388400001</misses>
				<total>0</total>
				<timestamp>2503.803434</timestamp>
			</report>
			<report>
				<misses>388500001</misses>
				<total>0</total>
				<timestamp>2504.454114</timestamp>
			</report>
			<report>
				<misses>388600001</misses>
				<total>0</total>
				<timestamp>2505.103560</timestamp>
			</report>
			<report>
				<misses>388700001</misses>
				<total>0</total>
				<timestamp>2505.753087</timestamp>
			</report>
			<report>
				<misses>388800001</misses>
				<total>0</total>
				<timestamp>2506.403749</timestamp>
			</report>
			<report>
				<misses>388900001</misses>
				<total>0</total>
				<timestamp>2507.053889</timestamp>
			</report>
			<report>
				<misses>389000001</misses>
				<total>0</total>
				<timestamp>2507.704944</timestamp>
			</report>
			<report>
				<misses>389100001</misses>
				<total>0</total>
				<timestamp>2508.356029</timestamp>
			</report>
			<report>
				<misses>389200001</misses>
				<total>0</total>
				<timestamp>2509.005414</timestamp>
			</report>
			<report>
				<misses>389300001</misses>
				<total>0</total>
				<timestamp>2509.656196</timestamp>
			</report>
			<report>
				<misses>389400001</misses>
				<total>0</total>
				<timestamp>2510.306206</timestamp>
			</report>
			<report>
				<misses>389500001</misses>
				<total>0</total>
				<timestamp>2510.955744</timestamp>
			</report>
			<report>
				<misses>389600001</misses>
				<total>0</total>
				<timestamp>2511.606343</timestamp>
			</report>
			<report>
				<misses>389700001</misses>
				<total>0</total>
				<timestamp>2512.257829</timestamp>
			</report>
			<report>
				<misses>389800001</misses>
				<total>0</total>
				<timestamp>2512.908568</timestamp>
			</report>
			<report>
				<misses>389900001</misses>
				<total>0</total>
				<timestamp>2513.559549</timestamp>
			</report>
			<report>
				<misses>390000001</misses>
				<total>0</total>
				<timestamp>2514.210368</timestamp>
			</report>
			<report>
				<misses>390100001</misses>
				<total>0</total>
				<timestamp>2514.860686</timestamp>
			</report>
			<report>
				<misses>390200001</misses>
				<total>0</total>
				<timestamp>2515.510827</timestamp>
			</report>
			<report>
				<misses>390300001</misses>
				<total>0</total>
				<timestamp>2516.160393</timestamp>
			</report>
			<report>
				<misses>390400001</misses>
				<total>0</total>
				<timestamp>2516.808728</timestamp>
			</report>
			<report>
				<misses>390500001</misses>
				<total>0</total>
				<timestamp>2517.455757</timestamp>
			</report>
			<report>
				<misses>390600001</misses>
				<total>0</total>
				<timestamp>2518.102687</timestamp>
			</report>
			<report>
				<misses>390700001</misses>
				<total>0</total>
				<timestamp>2518.752699</timestamp>
			</report>
			<report>
				<misses>390800001</misses>
				<total>0</total>
				<timestamp>2519.404644</timestamp>
			</report>
			<report>
				<misses>390900001</misses>
				<total>0</total>
				<timestamp>2520.054364</timestamp>
			</report>
			<report>
				<misses>391000001</misses>
				<total>0</total>
				<timestamp>2520.702858</timestamp>
			</report>
			<report>
				<misses>391100001</misses>
				<total>0</total>
				<timestamp>2521.348793</timestamp>
			</report>
			<report>
				<misses>391200001</misses>
				<total>0</total>
				<timestamp>2521.993900</timestamp>
			</report>
			<report>
				<misses>391300001</misses>
				<total>0</total>
				<timestamp>2522.640322</timestamp>
			</report>
			<report>
				<misses>391400001</misses>
				<total>0</total>
				<timestamp>2523.285894</timestamp>
			</report>
			<report>
				<misses>391500001</misses>
				<total>0</total>
				<timestamp>2523.930571</timestamp>
			</report>
			<report>
				<misses>391600001</misses>
				<total>0</total>
				<timestamp>2524.575768</timestamp>
			</report>
			<report>
				<misses>391700001</misses>
				<total>0</total>
				<timestamp>2525.221334</timestamp>
			</report>
			<report>
				<misses>391800001</misses>
				<total>0</total>
				<timestamp>2525.865899</timestamp>
			</report>
			<report>
				<misses>391900001</misses>
				<total>0</total>
				<timestamp>2526.510962</timestamp>
			</report>
			<report>
				<misses>392000001</misses>
				<total>0</total>
				<timestamp>2527.155445</timestamp>
			</report>
			<report>
				<misses>392100001</misses>
				<total>0</total>
				<timestamp>2527.800043</timestamp>
			</report>
			<report>
				<misses>392200001</misses>
				<total>0</total>
				<timestamp>2528.444342</timestamp>
			</report>
			<report>
				<misses>392300001</misses>
				<total>0</total>
				<timestamp>2529.089422</timestamp>
			</report>
			<report>
				<misses>392400001</misses>
				<total>0</total>
				<timestamp>2529.733880</timestamp>
			</report>
			<report>
				<misses>392500001</misses>
				<total>0</total>
				<timestamp>2530.377708</timestamp>
			</report>
			<report>
				<misses>392600001</misses>
				<total>0</total>
				<timestamp>2531.018273</timestamp>
			</report>
			<report>
				<misses>392700001</misses>
				<total>0</total>
				<timestamp>2531.657969</timestamp>
			</report>
			<report>
				<misses>392800001</misses>
				<total>0</total>
				<timestamp>2532.297581</timestamp>
			</report>
			<report>
				<misses>392900001</misses>
				<total>0</total>
				<timestamp>2532.937306</timestamp>
			</report>
			<report>
				<misses>393000001</misses>
				<total>0</total>
				<timestamp>2533.577187</timestamp>
			</report>
			<report>
				<misses>393100001</misses>
				<total>0</total>
				<timestamp>2534.216997</timestamp>
			</report>
			<report>
				<misses>393200001</misses>
				<total>0</total>
				<timestamp>2534.856665</timestamp>
			</report>
			<report>
				<misses>393300001</misses>
				<total>0</total>
				<timestamp>2535.496282</timestamp>
			</report>
			<report>
				<misses>393400001</misses>
				<total>0</total>
				<timestamp>2536.135333</timestamp>
			</report>
			<report>
				<misses>393500001</misses>
				<total>0</total>
				<timestamp>2536.775205</timestamp>
			</report>
			<report>
				<misses>393600001</misses>
				<total>0</total>
				<timestamp>2537.415245</timestamp>
			</report>
			<report>
				<misses>393700001</misses>
				<total>0</total>
				<timestamp>2538.055954</timestamp>
			</report>
			<report>
				<misses>393800001</misses>
				<total>0</total>
				<timestamp>2538.696861</timestamp>
			</report>
			<report>
				<misses>393900001</misses>
				<total>0</total>
				<timestamp>2539.334730</timestamp>
			</report>
			<report>
				<misses>394000001</misses>
				<total>0</total>
				<timestamp>2539.973075</timestamp>
			</report>
			<report>
				<misses>394100001</misses>
				<total>0</total>
				<timestamp>2540.609296</timestamp>
			</report>
			<report>
				<misses>394200001</misses>
				<total>0</total>
				<timestamp>2541.246450</timestamp>
			</report>
			<report>
				<misses>394300001</misses>
				<total>0</total>
				<timestamp>2541.883394</timestamp>
			</report>
			<report>
				<misses>394400001</misses>
				<total>0</total>
				<timestamp>2542.520493</timestamp>
			</report>
			<report>
				<misses>394500001</misses>
				<total>0</total>
				<timestamp>2543.158397</timestamp>
			</report>
			<report>
				<misses>394600001</misses>
				<total>0</total>
				<timestamp>2543.795927</timestamp>
			</report>
			<report>
				<misses>394700001</misses>
				<total>0</total>
				<timestamp>2544.433020</timestamp>
			</report>
			<report>
				<misses>394800001</misses>
				<total>0</total>
				<timestamp>2545.069780</timestamp>
			</report>
			<report>
				<misses>394900001</misses>
				<total>0</total>
				<timestamp>2545.706394</timestamp>
			</report>
			<report>
				<misses>395000001</misses>
				<total>0</total>
				<timestamp>2546.341738</timestamp>
			</report>
			<report>
				<misses>395100001</misses>
				<total>0</total>
				<timestamp>2546.977059</timestamp>
			</report>
			<report>
				<misses>395200001</misses>
				<total>0</total>
				<timestamp>2547.612735</timestamp>
			</report>
			<report>
				<misses>395300001</misses>
				<total>0</total>
				<timestamp>2548.249221</timestamp>
			</report>
			<report>
				<misses>395400001</misses>
				<total>0</total>
				<timestamp>2548.886427</timestamp>
			</report>
			<report>
				<misses>395500001</misses>
				<total>0</total>
				<timestamp>2549.527050</timestamp>
			</report>
			<report>
				<misses>395600001</misses>
				<total>0</total>
				<timestamp>2550.167330</timestamp>
			</report>
			<report>
				<misses>395700001</misses>
				<total>0</total>
				<timestamp>2550.807557</timestamp>
			</report>
			<report>
				<misses>395800001</misses>
				<total>0</total>
				<timestamp>2551.447208</timestamp>
			</report>
			<report>
				<misses>395900001</misses>
				<total>0</total>
				<timestamp>2552.087179</timestamp>
			</report>
			<report>
				<misses>396000001</misses>
				<total>0</total>
				<timestamp>2552.726026</timestamp>
			</report>
			<report>
				<misses>396100001</misses>
				<total>0</total>
				<timestamp>2553.372057</timestamp>
			</report>
			<report>
				<misses>396200001</misses>
				<total>0</total>
				<timestamp>2554.023030</timestamp>
			</report>
			<report>
				<misses>396300001</misses>
				<total>0</total>
				<timestamp>2554.672654</timestamp>
			</report>
			<report>
				<misses>396400001</misses>
				<total>0</total>
				<timestamp>2555.322514</timestamp>
			</report>
			<report>
				<misses>396500001</misses>
				<total>0</total>
				<timestamp>2555.973576</timestamp>
			</report>
			<report>
				<misses>396600001</misses>
				<total>0</total>
				<timestamp>2556.624883</timestamp>
			</report>
			<report>
				<misses>396700001</misses>
				<total>0</total>
				<timestamp>2557.275199</timestamp>
			</report>
			<report>
				<misses>396800001</misses>
				<total>0</total>
				<timestamp>2557.923702</timestamp>
			</report>
			<report>
				<misses>396900001</misses>
				<total>0</total>
				<timestamp>2558.572392</timestamp>
			</report>
			<report>
				<misses>397000001</misses>
				<total>0</total>
				<timestamp>2559.222930</timestamp>
			</report>
			<report>
				<misses>397100001</misses>
				<total>0</total>
				<timestamp>2559.871696</timestamp>
			</report>
			<report>
				<misses>397200001</misses>
				<total>0</total>
				<timestamp>2560.519270</timestamp>
			</report>
			<report>
				<misses>397300001</misses>
				<total>0</total>
				<timestamp>2561.166733</timestamp>
			</report>
			<report>
				<misses>397400001</misses>
				<total>0</total>
				<timestamp>2561.815016</timestamp>
			</report>
			<report>
				<misses>397500001</misses>
				<total>0</total>
				<timestamp>2562.463327</timestamp>
			</report>
			<report>
				<misses>397600001</misses>
				<total>0</total>
				<timestamp>2563.111437</timestamp>
			</report>
			<report>
				<misses>397700001</misses>
				<total>0</total>
				<timestamp>2563.760212</timestamp>
			</report>
			<report>
				<misses>397800001</misses>
				<total>0</total>
				<timestamp>2564.405300</timestamp>
			</report>
			<report>
				<misses>397900001</misses>
				<total>0</total>
				<timestamp>2565.051220</timestamp>
			</report>
			<report>
				<misses>398000001</misses>
				<total>0</total>
				<timestamp>2565.697934</timestamp>
			</report>
			<report>
				<misses>398100001</misses>
				<total>0</total>
				<timestamp>2566.342541</timestamp>
			</report>
			<report>
				<misses>398200001</misses>
				<total>0</total>
				<timestamp>2566.985939</timestamp>
			</report>
			<report>
				<misses>398300001</misses>
				<total>0</total>
				<timestamp>2567.627671</timestamp>
			</report>
			<report>
				<misses>398400001</misses>
				<total>0</total>
				<timestamp>2568.266783</timestamp>
			</report>
			<report>
				<misses>398500001</misses>
				<total>0</total>
				<timestamp>2568.905431</timestamp>
			</report>
			<report>
				<misses>398600001</misses>
				<total>0</total>
				<timestamp>2569.543995</timestamp>
			</report>
			<report>
				<misses>398700001</misses>
				<total>0</total>
				<timestamp>2570.182949</timestamp>
			</report>
			<report>
				<misses>398800001</misses>
				<total>0</total>
				<timestamp>2570.821822</timestamp>
			</report>
			<report>
				<misses>398900001</misses>
				<total>0</total>
				<timestamp>2571.461078</timestamp>
			</report>
			<report>
				<misses>399000001</misses>
				<total>0</total>
				<timestamp>2572.099832</timestamp>
			</report>
			<report>
				<misses>399100001</misses>
				<total>0</total>
				<timestamp>2572.738831</timestamp>
			</report>
			<report>
				<misses>399200001</misses>
				<total>0</total>
				<timestamp>2573.377472</timestamp>
			</report>
			<report>
				<misses>399300001</misses>
				<total>0</total>
				<timestamp>2574.016305</timestamp>
			</report>
			<report>
				<misses>399400001</misses>
				<total>0</total>
				<timestamp>2574.654850</timestamp>
			</report>
			<report>
				<misses>399500001</misses>
				<total>0</total>
				<timestamp>2575.292853</timestamp>
			</report>
			<report>
				<misses>399600001</misses>
				<total>0</total>
				<timestamp>2575.931244</timestamp>
			</report>
			<report>
				<misses>399700001</misses>
				<total>0</total>
				<timestamp>2576.569011</timestamp>
			</report>
			<report>
				<misses>399800001</misses>
				<total>0</total>
				<timestamp>2577.206956</timestamp>
			</report>
			<report>
				<misses>399900001</misses>
				<total>0</total>
				<timestamp>2577.845840</timestamp>
			</report>
			<report>
				<misses>400000001</misses>
				<total>0</total>
				<timestamp>2578.484353</timestamp>
			</report>
			<report>
				<misses>400100001</misses>
				<total>0</total>
				<timestamp>2579.123340</timestamp>
			</report>
			<report>
				<misses>400200001</misses>
				<total>0</total>
				<timestamp>2579.763110</timestamp>
			</report>
			<report>
				<misses>400300001</misses>
				<total>0</total>
				<timestamp>2580.402404</timestamp>
			</report>
			<report>
				<misses>400400001</misses>
				<total>0</total>
				<timestamp>2581.041357</timestamp>
			</report>
			<report>
				<misses>400500001</misses>
				<total>0</total>
				<timestamp>2581.680734</timestamp>
			</report>
			<report>
				<misses>400600001</misses>
				<total>0</total>
				<timestamp>2582.319604</timestamp>
			</report>
			<report>
				<misses>400700001</misses>
				<total>0</total>
				<timestamp>2582.956545</timestamp>
			</report>
			<report>
				<misses>400800001</misses>
				<total>0</total>
				<timestamp>2583.593268</timestamp>
			</report>
			<report>
				<misses>400900001</misses>
				<total>0</total>
				<timestamp>2584.230509</timestamp>
			</report>
			<report>
				<misses>401000001</misses>
				<total>0</total>
				<timestamp>2584.867297</timestamp>
			</report>
			<report>
				<misses>401100001</misses>
				<total>0</total>
				<timestamp>2585.504317</timestamp>
			</report>
			<report>
				<misses>401200001</misses>
				<total>0</total>
				<timestamp>2586.141236</timestamp>
			</report>
			<report>
				<misses>401300001</misses>
				<total>0</total>
				<timestamp>2586.778066</timestamp>
			</report>
			<report>
				<misses>401400001</misses>
				<total>0</total>
				<timestamp>2587.414653</timestamp>
			</report>
			<report>
				<misses>401500001</misses>
				<total>0</total>
				<timestamp>2588.051213</timestamp>
			</report>
			<report>
				<misses>401600001</misses>
				<total>0</total>
				<timestamp>2588.688010</timestamp>
			</report>
			<report>
				<misses>401700001</misses>
				<total>0</total>
				<timestamp>2589.324613</timestamp>
			</report>
			<report>
				<misses>401800001</misses>
				<total>0</total>
				<timestamp>2589.961463</timestamp>
			</report>
			<report>
				<misses>401900001</misses>
				<total>0</total>
				<timestamp>2590.596753</timestamp>
			</report>
			<report>
				<misses>402000001</misses>
				<total>0</total>
				<timestamp>2591.232485</timestamp>
			</report>
			<report>
				<misses>402100001</misses>
				<total>0</total>
				<timestamp>2591.869225</timestamp>
			</report>
			<report>
				<misses>402200001</misses>
				<total>0</total>
				<timestamp>2592.506093</timestamp>
			</report>
			<report>
				<misses>402300001</misses>
				<total>0</total>
				<timestamp>2593.142659</timestamp>
			</report>
			<report>
				<misses>402400001</misses>
				<total>0</total>
				<timestamp>2593.778832</timestamp>
			</report>
			<report>
				<misses>402500001</misses>
				<total>0</total>
				<timestamp>2594.414955</timestamp>
			</report>
			<report>
				<misses>402600001</misses>
				<total>0</total>
				<timestamp>2595.050345</timestamp>
			</report>
			<report>
				<misses>402700001</misses>
				<total>0</total>
				<timestamp>2595.687189</timestamp>
			</report>
			<report>
				<misses>402800001</misses>
				<total>0</total>
				<timestamp>2596.324312</timestamp>
			</report>
			<report>
				<misses>402900001</misses>
				<total>0</total>
				<timestamp>2596.960577</timestamp>
			</report>
			<report>
				<misses>403000001</misses>
				<total>0</total>
				<timestamp>2597.596234</timestamp>
			</report>
			<report>
				<misses>403100001</misses>
				<total>0</total>
				<timestamp>2598.232164</timestamp>
			</report>
			<report>
				<misses>403200001</misses>
				<total>0</total>
				<timestamp>2598.869205</timestamp>
			</report>
			<report>
				<misses>403300001</misses>
				<total>0</total>
				<timestamp>2599.506294</timestamp>
			</report>
			<report>
				<misses>403400001</misses>
				<total>0</total>
				<timestamp>2600.143129</timestamp>
			</report>
			<report>
				<misses>403500001</misses>
				<total>0</total>
				<timestamp>2600.779363</timestamp>
			</report>
			<report>
				<misses>403600001</misses>
				<total>0</total>
				<timestamp>2601.415685</timestamp>
			</report>
			<report>
				<misses>403700001</misses>
				<total>0</total>
				<timestamp>2602.051936</timestamp>
			</report>
			<report>
				<misses>403800001</misses>
				<total>0</total>
				<timestamp>2602.688332</timestamp>
			</report>
			<report>
				<misses>403900001</misses>
				<total>0</total>
				<timestamp>2603.324609</timestamp>
			</report>
			<report>
				<misses>404000001</misses>
				<total>0</total>
				<timestamp>2603.960806</timestamp>
			</report>
			<report>
				<misses>404100001</misses>
				<total>0</total>
				<timestamp>2604.597596</timestamp>
			</report>
			<report>
				<misses>404200001</misses>
				<total>0</total>
				<timestamp>2605.234328</timestamp>
			</report>
			<report>
				<misses>404300001</misses>
				<total>0</total>
				<timestamp>2605.871250</timestamp>
			</report>
			<report>
				<misses>404400001</misses>
				<total>0</total>
				<timestamp>2606.508045</timestamp>
			</report>
			<report>
				<misses>404500001</misses>
				<total>0</total>
				<timestamp>2607.143756</timestamp>
			</report>
			<report>
				<misses>404600001</misses>
				<total>0</total>
				<timestamp>2607.779681</timestamp>
			</report>
			<report>
				<misses>404700001</misses>
				<total>0</total>
				<timestamp>2608.416427</timestamp>
			</report>
			<report>
				<misses>404800001</misses>
				<total>0</total>
				<timestamp>2609.053093</timestamp>
			</report>
			<report>
				<misses>404900001</misses>
				<total>0</total>
				<timestamp>2609.689417</timestamp>
			</report>
			<report>
				<misses>405000001</misses>
				<total>0</total>
				<timestamp>2610.326163</timestamp>
			</report>
			<report>
				<misses>405100001</misses>
				<total>0</total>
				<timestamp>2610.963197</timestamp>
			</report>
			<report>
				<misses>405200001</misses>
				<total>0</total>
				<timestamp>2611.600097</timestamp>
			</report>
			<report>
				<misses>405300001</misses>
				<total>0</total>
				<timestamp>2612.236700</timestamp>
			</report>
			<report>
				<misses>405400001</misses>
				<total>0</total>
				<timestamp>2612.873538</timestamp>
			</report>
			<report>
				<misses>405500001</misses>
				<total>0</total>
				<timestamp>2613.509755</timestamp>
			</report>
			<report>
				<misses>405600001</misses>
				<total>0</total>
				<timestamp>2614.146068</timestamp>
			</report>
			<report>
				<misses>405700001</misses>
				<total>0</total>
				<timestamp>2614.783789</timestamp>
			</report>
			<report>
				<misses>405800001</misses>
				<total>0</total>
				<timestamp>2615.420618</timestamp>
			</report>
			<report>
				<misses>405900001</misses>
				<total>0</total>
				<timestamp>2616.056996</timestamp>
			</report>
			<report>
				<misses>406000001</misses>
				<total>0</total>
				<timestamp>2616.693148</timestamp>
			</report>
			<report>
				<misses>406100001</misses>
				<total>0</total>
				<timestamp>2617.329297</timestamp>
			</report>
			<report>
				<misses>406200001</misses>
				<total>0</total>
				<timestamp>2617.965714</timestamp>
			</report>
			<report>
				<misses>406300001</misses>
				<total>0</total>
				<timestamp>2618.602269</timestamp>
			</report>
			<report>
				<misses>406400001</misses>
				<total>0</total>
				<timestamp>2619.239137</timestamp>
			</report>
			<report>
				<misses>406500001</misses>
				<total>0</total>
				<timestamp>2619.875588</timestamp>
			</report>
			<report>
				<misses>406600001</misses>
				<total>0</total>
				<timestamp>2620.511820</timestamp>
			</report>
			<report>
				<misses>406700001</misses>
				<total>0</total>
				<timestamp>2621.148024</timestamp>
			</report>
			<report>
				<misses>406800001</misses>
				<total>0</total>
				<timestamp>2621.784871</timestamp>
			</report>
			<report>
				<misses>406900001</misses>
				<total>0</total>
				<timestamp>2622.421257</timestamp>
			</report>
			<report>
				<misses>407000001</misses>
				<total>0</total>
				<timestamp>2623.057775</timestamp>
			</report>
			<report>
				<misses>407100001</misses>
				<total>0</total>
				<timestamp>2623.695327</timestamp>
			</report>
			<report>
				<misses>407200001</misses>
				<total>0</total>
				<timestamp>2624.332848</timestamp>
			</report>
			<report>
				<misses>407300001</misses>
				<total>0</total>
				<timestamp>2624.969281</timestamp>
			</report>
			<report>
				<misses>407400001</misses>
				<total>0</total>
				<timestamp>2625.606180</timestamp>
			</report>
			<report>
				<misses>407500001</misses>
				<total>0</total>
				<timestamp>2626.243244</timestamp>
			</report>
			<report>
				<misses>407600001</misses>
				<total>0</total>
				<timestamp>2626.880545</timestamp>
			</report>
			<report>
				<misses>407700001</misses>
				<total>0</total>
				<timestamp>2627.521475</timestamp>
			</report>
			<report>
				<misses>407800001</misses>
				<total>0</total>
				<timestamp>2628.161619</timestamp>
			</report>
			<report>
				<misses>407900001</misses>
				<total>0</total>
				<timestamp>2628.802506</timestamp>
			</report>
			<report>
				<misses>408000001</misses>
				<total>0</total>
				<timestamp>2629.443896</timestamp>
			</report>
			<report>
				<misses>408100001</misses>
				<total>0</total>
				<timestamp>2630.085163</timestamp>
			</report>
			<report>
				<misses>408200001</misses>
				<total>0</total>
				<timestamp>2630.725357</timestamp>
			</report>
			<report>
				<misses>408300001</misses>
				<total>0</total>
				<timestamp>2631.366783</timestamp>
			</report>
			<report>
				<misses>408400001</misses>
				<total>0</total>
				<timestamp>2632.007232</timestamp>
			</report>
			<report>
				<misses>408500001</misses>
				<total>0</total>
				<timestamp>2632.647427</timestamp>
			</report>
			<report>
				<misses>408600001</misses>
				<total>0</total>
				<timestamp>2633.287949</timestamp>
			</report>
			<report>
				<misses>408700001</misses>
				<total>0</total>
				<timestamp>2633.928571</timestamp>
			</report>
			<report>
				<misses>408800001</misses>
				<total>0</total>
				<timestamp>2634.568868</timestamp>
			</report>
			<report>
				<misses>408900001</misses>
				<total>0</total>
				<timestamp>2635.209022</timestamp>
			</report>
			<report>
				<misses>409000001</misses>
				<total>0</total>
				<timestamp>2635.849854</timestamp>
			</report>
			<report>
				<misses>409100001</misses>
				<total>0</total>
				<timestamp>2636.488651</timestamp>
			</report>
			<report>
				<misses>409200001</misses>
				<total>0</total>
				<timestamp>2637.127844</timestamp>
			</report>
			<report>
				<misses>409300001</misses>
				<total>0</total>
				<timestamp>2637.768029</timestamp>
			</report>
			<report>
				<misses>409400001</misses>
				<total>0</total>
				<timestamp>2638.407423</timestamp>
			</report>
			<report>
				<misses>409500001</misses>
				<total>0</total>
				<timestamp>2639.045928</timestamp>
			</report>
			<report>
				<misses>409600001</misses>
				<total>0</total>
				<timestamp>2639.686218</timestamp>
			</report>
			<report>
				<misses>409700001</misses>
				<total>0</total>
				<timestamp>2640.325842</timestamp>
			</report>
			<report>
				<misses>409800001</misses>
				<total>0</total>
				<timestamp>2640.965260</timestamp>
			</report>
			<report>
				<misses>409900001</misses>
				<total>0</total>
				<timestamp>2641.603875</timestamp>
			</report>
			<report>
				<misses>410000001</misses>
				<total>0</total>
				<timestamp>2642.243441</timestamp>
			</report>
			<report>
				<misses>410100001</misses>
				<total>0</total>
				<timestamp>2642.882651</timestamp>
			</report>
			<report>
				<misses>410200001</misses>
				<total>0</total>
				<timestamp>2643.521841</timestamp>
			</report>
			<report>
				<misses>410300001</misses>
				<total>0</total>
				<timestamp>2644.161191</timestamp>
			</report>
			<report>
				<misses>410400001</misses>
				<total>0</total>
				<timestamp>2644.800753</timestamp>
			</report>
			<report>
				<misses>410500001</misses>
				<total>0</total>
				<timestamp>2645.439839</timestamp>
			</report>
			<report>
				<misses>410600001</misses>
				<total>0</total>
				<timestamp>2646.079105</timestamp>
			</report>
			<report>
				<misses>410700001</misses>
				<total>0</total>
				<timestamp>2646.717588</timestamp>
			</report>
			<report>
				<misses>410800001</misses>
				<total>0</total>
				<timestamp>2647.356370</timestamp>
			</report>
			<report>
				<misses>410900001</misses>
				<total>0</total>
				<timestamp>2647.995134</timestamp>
			</report>
			<report>
				<misses>411000001</misses>
				<total>0</total>
				<timestamp>2648.633550</timestamp>
			</report>
			<report>
				<misses>411100001</misses>
				<total>0</total>
				<timestamp>2649.272918</timestamp>
			</report>
			<report>
				<misses>411200001</misses>
				<total>0</total>
				<timestamp>2649.911759</timestamp>
			</report>
			<report>
				<misses>411300001</misses>
				<total>0</total>
				<timestamp>2650.550151</timestamp>
			</report>
			<report>
				<misses>411400001</misses>
				<total>0</total>
				<timestamp>2651.189556</timestamp>
			</report>
			<report>
				<misses>411500001</misses>
				<total>0</total>
				<timestamp>2651.831859</timestamp>
			</report>
			<report>
				<misses>411600001</misses>
				<total>0</total>
				<timestamp>2652.482402</timestamp>
			</report>
			<report>
				<misses>411700001</misses>
				<total>0</total>
				<timestamp>2653.132534</timestamp>
			</report>
			<report>
				<misses>411800001</misses>
				<total>0</total>
				<timestamp>2653.782680</timestamp>
			</report>
			<report>
				<misses>411900001</misses>
				<total>0</total>
				<timestamp>2654.431468</timestamp>
			</report>
			<report>
				<misses>412000001</misses>
				<total>0</total>
				<timestamp>2655.080445</timestamp>
			</report>
			<report>
				<misses>412100001</misses>
				<total>0</total>
				<timestamp>2655.729013</timestamp>
			</report>
			<report>
				<misses>412200001</misses>
				<total>0</total>
				<timestamp>2656.377564</timestamp>
			</report>
			<report>
				<misses>412300001</misses>
				<total>0</total>
				<timestamp>2657.025962</timestamp>
			</report>
			<report>
				<misses>412400001</misses>
				<total>0</total>
				<timestamp>2657.674871</timestamp>
			</report>
			<report>
				<misses>412500001</misses>
				<total>0</total>
				<timestamp>2658.323498</timestamp>
			</report>
			<report>
				<misses>412600001</misses>
				<total>0</total>
				<timestamp>2658.972836</timestamp>
			</report>
			<report>
				<misses>412700001</misses>
				<total>0</total>
				<timestamp>2659.622112</timestamp>
			</report>
			<report>
				<misses>412800001</misses>
				<total>0</total>
				<timestamp>2660.268305</timestamp>
			</report>
			<report>
				<misses>412900001</misses>
				<total>0</total>
				<timestamp>2660.916431</timestamp>
			</report>
			<report>
				<misses>413000001</misses>
				<total>0</total>
				<timestamp>2661.563668</timestamp>
			</report>
			<report>
				<misses>413100001</misses>
				<total>0</total>
				<timestamp>2662.207830</timestamp>
			</report>
			<report>
				<misses>413200001</misses>
				<total>0</total>
				<timestamp>2662.851330</timestamp>
			</report>
			<report>
				<misses>413300001</misses>
				<total>0</total>
				<timestamp>2663.495504</timestamp>
			</report>
			<report>
				<misses>413400001</misses>
				<total>0</total>
				<timestamp>2664.139616</timestamp>
			</report>
			<report>
				<misses>413500001</misses>
				<total>0</total>
				<timestamp>2664.784054</timestamp>
			</report>
			<report>
				<misses>413600001</misses>
				<total>0</total>
				<timestamp>2665.428426</timestamp>
			</report>
			<report>
				<misses>413700001</misses>
				<total>0</total>
				<timestamp>2666.072659</timestamp>
			</report>
			<report>
				<misses>413800001</misses>
				<total>0</total>
				<timestamp>2666.716430</timestamp>
			</report>
			<report>
				<misses>413900001</misses>
				<total>0</total>
				<timestamp>2667.360307</timestamp>
			</report>
			<report>
				<misses>414000001</misses>
				<total>0</total>
				<timestamp>2668.004250</timestamp>
			</report>
			<report>
				<misses>414100001</misses>
				<total>0</total>
				<timestamp>2668.648620</timestamp>
			</report>
			<report>
				<misses>414200001</misses>
				<total>0</total>
				<timestamp>2669.293238</timestamp>
			</report>
			<report>
				<misses>414300001</misses>
				<total>0</total>
				<timestamp>2669.936970</timestamp>
			</report>
			<report>
				<misses>414400001</misses>
				<total>0</total>
				<timestamp>2670.580354</timestamp>
			</report>
			<report>
				<misses>414500001</misses>
				<total>0</total>
				<timestamp>2671.222928</timestamp>
			</report>
			<report>
				<misses>414600001</misses>
				<total>0</total>
				<timestamp>2671.867113</timestamp>
			</report>
			<report>
				<misses>414700001</misses>
				<total>0</total>
				<timestamp>2672.511708</timestamp>
			</report>
			<report>
				<misses>414800001</misses>
				<total>0</total>
				<timestamp>2673.155957</timestamp>
			</report>
			<report>
				<misses>414900001</misses>
				<total>0</total>
				<timestamp>2673.799944</timestamp>
			</report>
			<report>
				<misses>415000001</misses>
				<total>0</total>
				<timestamp>2674.443928</timestamp>
			</report>
			<report>
				<misses>415100001</misses>
				<total>0</total>
				<timestamp>2675.088070</timestamp>
			</report>
			<report>
				<misses>415200001</misses>
				<total>0</total>
				<timestamp>2675.732050</timestamp>
			</report>
			<report>
				<misses>415300001</misses>
				<total>0</total>
				<timestamp>2676.372797</timestamp>
			</report>
			<report>
				<misses>415400001</misses>
				<total>0</total>
				<timestamp>2677.013899</timestamp>
			</report>
			<report>
				<misses>415500001</misses>
				<total>0</total>
				<timestamp>2677.654488</timestamp>
			</report>
			<report>
				<misses>415600001</misses>
				<total>0</total>
				<timestamp>2678.294103</timestamp>
			</report>
			<report>
				<misses>415700001</misses>
				<total>0</total>
				<timestamp>2678.932960</timestamp>
			</report>
			<report>
				<misses>415800001</misses>
				<total>0</total>
				<timestamp>2679.571588</timestamp>
			</report>
			<report>
				<misses>415900001</misses>
				<total>0</total>
				<timestamp>2680.211176</timestamp>
			</report>
			<report>
				<misses>416000001</misses>
				<total>0</total>
				<timestamp>2680.852523</timestamp>
			</report>
			<report>
				<misses>416100001</misses>
				<total>0</total>
				<timestamp>2681.493544</timestamp>
			</report>
			<report>
				<misses>416200001</misses>
				<total>0</total>
				<timestamp>2682.133701</timestamp>
			</report>
			<report>
				<misses>416300001</misses>
				<total>0</total>
				<timestamp>2682.773896</timestamp>
			</report>
			<report>
				<misses>416400001</misses>
				<total>0</total>
				<timestamp>2683.415191</timestamp>
			</report>
			<report>
				<misses>416500001</misses>
				<total>0</total>
				<timestamp>2684.056604</timestamp>
			</report>
			<report>
				<misses>416600001</misses>
				<total>0</total>
				<timestamp>2684.706604</timestamp>
			</report>
			<report>
				<misses>416700001</misses>
				<total>0</total>
				<timestamp>2685.356266</timestamp>
			</report>
			<report>
				<misses>416800001</misses>
				<total>0</total>
				<timestamp>2686.007915</timestamp>
			</report>
			<report>
				<misses>416900001</misses>
				<total>0</total>
				<timestamp>2686.658217</timestamp>
			</report>
			<report>
				<misses>417000001</misses>
				<total>0</total>
				<timestamp>2687.308294</timestamp>
			</report>
			<report>
				<misses>417100001</misses>
				<total>0</total>
				<timestamp>2687.958086</timestamp>
			</report>
			<report>
				<misses>417200001</misses>
				<total>0</total>
				<timestamp>2688.607707</timestamp>
			</report>
			<report>
				<misses>417300001</misses>
				<total>0</total>
				<timestamp>2689.257168</timestamp>
			</report>
			<report>
				<misses>417400001</misses>
				<total>0</total>
				<timestamp>2689.906169</timestamp>
			</report>
			<report>
				<misses>417500001</misses>
				<total>0</total>
				<timestamp>2690.554918</timestamp>
			</report>
			<report>
				<misses>417600001</misses>
				<total>0</total>
				<timestamp>2691.203841</timestamp>
			</report>
			<report>
				<misses>417700001</misses>
				<total>0</total>
				<timestamp>2691.851663</timestamp>
			</report>
			<report>
				<misses>417800001</misses>
				<total>0</total>
				<timestamp>2692.500693</timestamp>
			</report>
			<report>
				<misses>417900001</misses>
				<total>0</total>
				<timestamp>2693.149466</timestamp>
			</report>
			<report>
				<misses>418000001</misses>
				<total>0</total>
				<timestamp>2693.797513</timestamp>
			</report>
			<report>
				<misses>418100001</misses>
				<total>0</total>
				<timestamp>2694.444465</timestamp>
			</report>
			<report>
				<misses>418200001</misses>
				<total>0</total>
				<timestamp>2695.093142</timestamp>
			</report>
			<report>
				<misses>418300001</misses>
				<total>0</total>
				<timestamp>2695.744308</timestamp>
			</report>
			<report>
				<misses>418400001</misses>
				<total>0</total>
				<timestamp>2696.394328</timestamp>
			</report>
			<report>
				<misses>418500001</misses>
				<total>0</total>
				<timestamp>2697.046731</timestamp>
			</report>
			<report>
				<misses>418600001</misses>
				<total>0</total>
				<timestamp>2697.695109</timestamp>
			</report>
			<report>
				<misses>418700001</misses>
				<total>0</total>
				<timestamp>2698.342444</timestamp>
			</report>
			<report>
				<misses>418800001</misses>
				<total>0</total>
				<timestamp>2698.993268</timestamp>
			</report>
			<report>
				<misses>418900001</misses>
				<total>0</total>
				<timestamp>2699.644117</timestamp>
			</report>
			<report>
				<misses>419000001</misses>
				<total>0</total>
				<timestamp>2700.291932</timestamp>
			</report>
			<report>
				<misses>419100001</misses>
				<total>0</total>
				<timestamp>2700.939572</timestamp>
			</report>
			<report>
				<misses>419200001</misses>
				<total>0</total>
				<timestamp>2701.587339</timestamp>
			</report>
			<report>
				<misses>419300001</misses>
				<total>0</total>
				<timestamp>2702.234987</timestamp>
			</report>
			<report>
				<misses>419400001</misses>
				<total>0</total>
				<timestamp>2702.883046</timestamp>
			</report>
			<report>
				<misses>419500001</misses>
				<total>0</total>
				<timestamp>2703.532144</timestamp>
			</report>
			<report>
				<misses>419600001</misses>
				<total>0</total>
				<timestamp>2704.181055</timestamp>
			</report>
			<report>
				<misses>419700001</misses>
				<total>0</total>
				<timestamp>2704.829398</timestamp>
			</report>
			<report>
				<misses>419800001</misses>
				<total>0</total>
				<timestamp>2705.476341</timestamp>
			</report>
			<report>
				<misses>419900001</misses>
				<total>0</total>
				<timestamp>2706.123745</timestamp>
			</report>
			<report>
				<misses>420000001</misses>
				<total>0</total>
				<timestamp>2706.771203</timestamp>
			</report>
			<report>
				<misses>420100001</misses>
				<total>0</total>
				<timestamp>2707.419551</timestamp>
			</report>
			<report>
				<misses>420200001</misses>
				<total>0</total>
				<timestamp>2708.068139</timestamp>
			</report>
			<report>
				<misses>420300001</misses>
				<total>0</total>
				<timestamp>2708.716076</timestamp>
			</report>
			<report>
				<misses>420400001</misses>
				<total>0</total>
				<timestamp>2709.364517</timestamp>
			</report>
			<report>
				<misses>420500001</misses>
				<total>0</total>
				<timestamp>2710.014186</timestamp>
			</report>
			<report>
				<misses>420600001</misses>
				<total>0</total>
				<timestamp>2710.664498</timestamp>
			</report>
			<report>
				<misses>420700001</misses>
				<total>0</total>
				<timestamp>2711.309278</timestamp>
			</report>
			<report>
				<misses>420800001</misses>
				<total>0</total>
				<timestamp>2711.945859</timestamp>
			</report>
			<report>
				<misses>420900001</misses>
				<total>0</total>
				<timestamp>2712.585281</timestamp>
			</report>
			<report>
				<misses>421000001</misses>
				<total>0</total>
				<timestamp>2713.221643</timestamp>
			</report>
			<report>
				<misses>421100001</misses>
				<total>0</total>
				<timestamp>2713.858251</timestamp>
			</report>
			<report>
				<misses>421200001</misses>
				<total>0</total>
				<timestamp>2714.495041</timestamp>
			</report>
			<report>
				<misses>421300001</misses>
				<total>0</total>
				<timestamp>2715.132647</timestamp>
			</report>
			<report>
				<misses>421400001</misses>
				<total>0</total>
				<timestamp>2715.770374</timestamp>
			</report>
			<report>
				<misses>421500001</misses>
				<total>0</total>
				<timestamp>2716.408441</timestamp>
			</report>
			<report>
				<misses>421600001</misses>
				<total>0</total>
				<timestamp>2717.045593</timestamp>
			</report>
			<report>
				<misses>421700001</misses>
				<total>0</total>
				<timestamp>2717.682628</timestamp>
			</report>
			<report>
				<misses>421800001</misses>
				<total>0</total>
				<timestamp>2718.319709</timestamp>
			</report>
			<report>
				<misses>421900001</misses>
				<total>0</total>
				<timestamp>2718.956462</timestamp>
			</report>
			<report>
				<misses>422000001</misses>
				<total>0</total>
				<timestamp>2719.592405</timestamp>
			</report>
			<report>
				<misses>422100001</misses>
				<total>0</total>
				<timestamp>2720.230381</timestamp>
			</report>
			<report>
				<misses>422200001</misses>
				<total>0</total>
				<timestamp>2720.869336</timestamp>
			</report>
			<report>
				<misses>422300001</misses>
				<total>0</total>
				<timestamp>2721.510328</timestamp>
			</report>
			<report>
				<misses>422400001</misses>
				<total>0</total>
				<timestamp>2722.149291</timestamp>
			</report>
			<report>
				<misses>422500001</misses>
				<total>0</total>
				<timestamp>2722.789437</timestamp>
			</report>
			<report>
				<misses>422600001</misses>
				<total>0</total>
				<timestamp>2723.429070</timestamp>
			</report>
			<report>
				<misses>422700001</misses>
				<total>0</total>
				<timestamp>2724.068537</timestamp>
			</report>
			<report>
				<misses>422800001</misses>
				<total>0</total>
				<timestamp>2724.706802</timestamp>
			</report>
			<report>
				<misses>422900001</misses>
				<total>0</total>
				<timestamp>2725.346440</timestamp>
			</report>
			<report>
				<misses>423000001</misses>
				<total>0</total>
				<timestamp>2725.987465</timestamp>
			</report>
			<report>
				<misses>423100001</misses>
				<total>0</total>
				<timestamp>2726.626801</timestamp>
			</report>
			<report>
				<misses>423200001</misses>
				<total>0</total>
				<timestamp>2727.266657</timestamp>
			</report>
			<report>
				<misses>423300001</misses>
				<total>0</total>
				<timestamp>2727.906594</timestamp>
			</report>
			<report>
				<misses>423400001</misses>
				<total>0</total>
				<timestamp>2728.545903</timestamp>
			</report>
			<report>
				<misses>423500001</misses>
				<total>0</total>
				<timestamp>2729.185822</timestamp>
			</report>
			<report>
				<misses>423600001</misses>
				<total>0</total>
				<timestamp>2729.824754</timestamp>
			</report>
			<report>
				<misses>423700001</misses>
				<total>0</total>
				<timestamp>2730.464812</timestamp>
			</report>
			<report>
				<misses>423800001</misses>
				<total>0</total>
				<timestamp>2731.103407</timestamp>
			</report>
			<report>
				<misses>423900001</misses>
				<total>0</total>
				<timestamp>2731.744954</timestamp>
			</report>
			<report>
				<misses>424000001</misses>
				<total>0</total>
				<timestamp>2732.384176</timestamp>
			</report>
			<report>
				<misses>424100001</misses>
				<total>0</total>
				<timestamp>2733.023027</timestamp>
			</report>
			<report>
				<misses>424200001</misses>
				<total>0</total>
				<timestamp>2733.661713</timestamp>
			</report>
			<report>
				<misses>424300001</misses>
				<total>0</total>
				<timestamp>2734.300606</timestamp>
			</report>
			<report>
				<misses>424400001</misses>
				<total>0</total>
				<timestamp>2734.938632</timestamp>
			</report>
			<report>
				<misses>424500001</misses>
				<total>0</total>
				<timestamp>2735.576953</timestamp>
			</report>
			<report>
				<misses>424600001</misses>
				<total>0</total>
				<timestamp>2736.216201</timestamp>
			</report>
			<report>
				<misses>424700001</misses>
				<total>0</total>
				<timestamp>2736.855377</timestamp>
			</report>
			<report>
				<misses>424800001</misses>
				<total>0</total>
				<timestamp>2737.493949</timestamp>
			</report>
			<report>
				<misses>424900001</misses>
				<total>0</total>
				<timestamp>2738.132576</timestamp>
			</report>
			<report>
				<misses>425000001</misses>
				<total>0</total>
				<timestamp>2738.771066</timestamp>
			</report>
			<report>
				<misses>425100001</misses>
				<total>0</total>
				<timestamp>2739.410506</timestamp>
			</report>
			<report>
				<misses>425200001</misses>
				<total>0</total>
				<timestamp>2740.054832</timestamp>
			</report>
			<report>
				<misses>425300001</misses>
				<total>0</total>
				<timestamp>2740.699372</timestamp>
			</report>
			<report>
				<misses>425400001</misses>
				<total>0</total>
				<timestamp>2741.344814</timestamp>
			</report>
			<report>
				<misses>425500001</misses>
				<total>0</total>
				<timestamp>2741.991062</timestamp>
			</report>
			<report>
				<misses>425600001</misses>
				<total>0</total>
				<timestamp>2742.637251</timestamp>
			</report>
			<report>
				<misses>425700001</misses>
				<total>0</total>
				<timestamp>2743.283197</timestamp>
			</report>
			<report>
				<misses>425800001</misses>
				<total>0</total>
				<timestamp>2743.929672</timestamp>
			</report>
			<report>
				<misses>425900001</misses>
				<total>0</total>
				<timestamp>2744.575328</timestamp>
			</report>
			<report>
				<misses>426000001</misses>
				<total>0</total>
				<timestamp>2745.221043</timestamp>
			</report>
			<report>
				<misses>426100001</misses>
				<total>0</total>
				<timestamp>2745.866904</timestamp>
			</report>
			<report>
				<misses>426200001</misses>
				<total>0</total>
				<timestamp>2746.513620</timestamp>
			</report>
			<report>
				<misses>426300001</misses>
				<total>0</total>
				<timestamp>2747.159337</timestamp>
			</report>
			<report>
				<misses>426400001</misses>
				<total>0</total>
				<timestamp>2747.803521</timestamp>
			</report>
			<report>
				<misses>426500001</misses>
				<total>0</total>
				<timestamp>2748.440093</timestamp>
			</report>
			<report>
				<misses>426600001</misses>
				<total>0</total>
				<timestamp>2749.076204</timestamp>
			</report>
			<report>
				<misses>426700001</misses>
				<total>0</total>
				<timestamp>2749.712370</timestamp>
			</report>
			<report>
				<misses>426800001</misses>
				<total>0</total>
				<timestamp>2750.350230</timestamp>
			</report>
			<report>
				<misses>426900001</misses>
				<total>0</total>
				<timestamp>2750.989998</timestamp>
			</report>
			<report>
				<misses>427000001</misses>
				<total>0</total>
				<timestamp>2751.630467</timestamp>
			</report>
			<report>
				<misses>427100001</misses>
				<total>0</total>
				<timestamp>2752.270219</timestamp>
			</report>
			<report>
				<misses>427200001</misses>
				<total>0</total>
				<timestamp>2752.908082</timestamp>
			</report>
			<report>
				<misses>427300001</misses>
				<total>0</total>
				<timestamp>2753.545863</timestamp>
			</report>
			<report>
				<misses>427400001</misses>
				<total>0</total>
				<timestamp>2754.182624</timestamp>
			</report>
			<report>
				<misses>427500001</misses>
				<total>0</total>
				<timestamp>2754.818340</timestamp>
			</report>
			<report>
				<misses>427600001</misses>
				<total>0</total>
				<timestamp>2755.453688</timestamp>
			</report>
			<report>
				<misses>427700001</misses>
				<total>0</total>
				<timestamp>2756.089303</timestamp>
			</report>
			<report>
				<misses>427800001</misses>
				<total>0</total>
				<timestamp>2756.725500</timestamp>
			</report>
			<report>
				<misses>427900001</misses>
				<total>0</total>
				<timestamp>2757.361221</timestamp>
			</report>
			<report>
				<misses>428000001</misses>
				<total>0</total>
				<timestamp>2757.996299</timestamp>
			</report>
			<report>
				<misses>428100001</misses>
				<total>0</total>
				<timestamp>2758.632042</timestamp>
			</report>
			<report>
				<misses>428200001</misses>
				<total>0</total>
				<timestamp>2759.267805</timestamp>
			</report>
			<report>
				<misses>428300001</misses>
				<total>0</total>
				<timestamp>2759.903324</timestamp>
			</report>
			<report>
				<misses>428400001</misses>
				<total>0</total>
				<timestamp>2760.538736</timestamp>
			</report>
			<report>
				<misses>428500001</misses>
				<total>0</total>
				<timestamp>2761.174150</timestamp>
			</report>
			<report>
				<misses>428600001</misses>
				<total>0</total>
				<timestamp>2761.809265</timestamp>
			</report>
			<report>
				<misses>428700001</misses>
				<total>0</total>
				<timestamp>2762.444522</timestamp>
			</report>
			<report>
				<misses>428800001</misses>
				<total>0</total>
				<timestamp>2763.080845</timestamp>
			</report>
			<report>
				<misses>428900001</misses>
				<total>0</total>
				<timestamp>2763.716988</timestamp>
			</report>
			<report>
				<misses>429000001</misses>
				<total>0</total>
				<timestamp>2764.354241</timestamp>
			</report>
			<report>
				<misses>429100001</misses>
				<total>0</total>
				<timestamp>2764.991694</timestamp>
			</report>
			<report>
				<misses>429200001</misses>
				<total>0</total>
				<timestamp>2765.628727</timestamp>
			</report>
			<report>
				<misses>429300001</misses>
				<total>0</total>
				<timestamp>2766.266659</timestamp>
			</report>
			<report>
				<misses>429400001</misses>
				<total>0</total>
				<timestamp>2766.904323</timestamp>
			</report>
			<report>
				<misses>429500001</misses>
				<total>0</total>
				<timestamp>2767.542012</timestamp>
			</report>
			<report>
				<misses>429600001</misses>
				<total>0</total>
				<timestamp>2768.181532</timestamp>
			</report>
			<report>
				<misses>429700001</misses>
				<total>0</total>
				<timestamp>2768.826095</timestamp>
			</report>
			<report>
				<misses>429800001</misses>
				<total>0</total>
				<timestamp>2769.469918</timestamp>
			</report>
			<report>
				<misses>429900001</misses>
				<total>0</total>
				<timestamp>2770.116099</timestamp>
			</report>
			<report>
				<misses>430000001</misses>
				<total>0</total>
				<timestamp>2770.764601</timestamp>
			</report>
			<report>
				<misses>430100001</misses>
				<total>0</total>
				<timestamp>2771.412521</timestamp>
			</report>
			<report>
				<misses>430200001</misses>
				<total>0</total>
				<timestamp>2772.060355</timestamp>
			</report>
			<report>
				<misses>430300001</misses>
				<total>0</total>
				<timestamp>2772.708856</timestamp>
			</report>
			<report>
				<misses>430400001</misses>
				<total>0</total>
				<timestamp>2773.360093</timestamp>
			</report>
			<report>
				<misses>430500001</misses>
				<total>0</total>
				<timestamp>2774.011626</timestamp>
			</report>
			<report>
				<misses>430600001</misses>
				<total>0</total>
				<timestamp>2774.662253</timestamp>
			</report>
			<report>
				<misses>430700001</misses>
				<total>0</total>
				<timestamp>2775.312403</timestamp>
			</report>
			<report>
				<misses>430800001</misses>
				<total>0</total>
				<timestamp>2775.962356</timestamp>
			</report>
			<report>
				<misses>430900001</misses>
				<total>0</total>
				<timestamp>2776.612945</timestamp>
			</report>
			<report>
				<misses>431000001</misses>
				<total>0</total>
				<timestamp>2777.264230</timestamp>
			</report>
			<report>
				<misses>431100001</misses>
				<total>0</total>
				<timestamp>2777.914547</timestamp>
			</report>
			<report>
				<misses>431200001</misses>
				<total>0</total>
				<timestamp>2778.564697</timestamp>
			</report>
			<report>
				<misses>431300001</misses>
				<total>0</total>
				<timestamp>2779.215514</timestamp>
			</report>
			<report>
				<misses>431400001</misses>
				<total>0</total>
				<timestamp>2779.865607</timestamp>
			</report>
			<report>
				<misses>431500001</misses>
				<total>0</total>
				<timestamp>2780.515863</timestamp>
			</report>
			<report>
				<misses>431600001</misses>
				<total>0</total>
				<timestamp>2781.166047</timestamp>
			</report>
			<report>
				<misses>431700001</misses>
				<total>0</total>
				<timestamp>2781.816779</timestamp>
			</report>
			<report>
				<misses>431800001</misses>
				<total>0</total>
				<timestamp>2782.466460</timestamp>
			</report>
			<report>
				<misses>431900001</misses>
				<total>0</total>
				<timestamp>2783.117058</timestamp>
			</report>
			<report>
				<misses>432000001</misses>
				<total>0</total>
				<timestamp>2783.767224</timestamp>
			</report>
			<report>
				<misses>432100001</misses>
				<total>0</total>
				<timestamp>2784.416358</timestamp>
			</report>
			<report>
				<misses>432200001</misses>
				<total>0</total>
				<timestamp>2785.066784</timestamp>
			</report>
			<report>
				<misses>432300001</misses>
				<total>0</total>
				<timestamp>2785.719103</timestamp>
			</report>
			<report>
				<misses>432400001</misses>
				<total>0</total>
				<timestamp>2786.369033</timestamp>
			</report>
			<report>
				<misses>432500001</misses>
				<total>0</total>
				<timestamp>2787.021101</timestamp>
			</report>
			<report>
				<misses>432600001</misses>
				<total>0</total>
				<timestamp>2787.670085</timestamp>
			</report>
			<report>
				<misses>432700001</misses>
				<total>0</total>
				<timestamp>2788.320069</timestamp>
			</report>
			<report>
				<misses>432800001</misses>
				<total>0</total>
				<timestamp>2788.971661</timestamp>
			</report>
			<report>
				<misses>432900001</misses>
				<total>0</total>
				<timestamp>2789.622983</timestamp>
			</report>
			<report>
				<misses>433000001</misses>
				<total>0</total>
				<timestamp>2790.273740</timestamp>
			</report>
			<report>
				<misses>433100001</misses>
				<total>0</total>
				<timestamp>2790.924449</timestamp>
			</report>
			<report>
				<misses>433200001</misses>
				<total>0</total>
				<timestamp>2791.574693</timestamp>
			</report>
			<report>
				<misses>433300001</misses>
				<total>0</total>
				<timestamp>2792.225551</timestamp>
			</report>
			<report>
				<misses>433400001</misses>
				<total>0</total>
				<timestamp>2792.877216</timestamp>
			</report>
			<report>
				<misses>433500001</misses>
				<total>0</total>
				<timestamp>2793.527823</timestamp>
			</report>
			<report>
				<misses>433600001</misses>
				<total>0</total>
				<timestamp>2794.178437</timestamp>
			</report>
			<report>
				<misses>433700001</misses>
				<total>0</total>
				<timestamp>2794.828706</timestamp>
			</report>
			<report>
				<misses>433800001</misses>
				<total>0</total>
				<timestamp>2795.480737</timestamp>
			</report>
			<report>
				<misses>433900001</misses>
				<total>0</total>
				<timestamp>2796.131366</timestamp>
			</report>
			<report>
				<misses>434000001</misses>
				<total>0</total>
				<timestamp>2796.781254</timestamp>
			</report>
			<report>
				<misses>434100001</misses>
				<total>0</total>
				<timestamp>2797.431325</timestamp>
			</report>
			<report>
				<misses>434200001</misses>
				<total>0</total>
				<timestamp>2798.081202</timestamp>
			</report>
			<report>
				<misses>434300001</misses>
				<total>0</total>
				<timestamp>2798.731893</timestamp>
			</report>
			<report>
				<misses>434400001</misses>
				<total>0</total>
				<timestamp>2799.382272</timestamp>
			</report>
			<report>
				<misses>434500001</misses>
				<total>0</total>
				<timestamp>2800.032925</timestamp>
			</report>
			<report>
				<misses>434600001</misses>
				<total>0</total>
				<timestamp>2800.682652</timestamp>
			</report>
			<report>
				<misses>434700001</misses>
				<total>0</total>
				<timestamp>2801.332804</timestamp>
			</report>
			<report>
				<misses>434800001</misses>
				<total>0</total>
				<timestamp>2801.983785</timestamp>
			</report>
			<report>
				<misses>434900001</misses>
				<total>0</total>
				<timestamp>2802.634746</timestamp>
			</report>
			<report>
				<misses>435000001</misses>
				<total>0</total>
				<timestamp>2803.285744</timestamp>
			</report>
			<report>
				<misses>435100001</misses>
				<total>0</total>
				<timestamp>2803.937345</timestamp>
			</report>
			<report>
				<misses>435200001</misses>
				<total>0</total>
				<timestamp>2804.588141</timestamp>
			</report>
			<report>
				<misses>435300001</misses>
				<total>0</total>
				<timestamp>2805.239822</timestamp>
			</report>
			<report>
				<misses>435400001</misses>
				<total>0</total>
				<timestamp>2805.892969</timestamp>
			</report>
			<report>
				<misses>435500001</misses>
				<total>0</total>
				<timestamp>2806.543925</timestamp>
			</report>
			<report>
				<misses>435600001</misses>
				<total>0</total>
				<timestamp>2807.195608</timestamp>
			</report>
			<report>
				<misses>435700001</misses>
				<total>0</total>
				<timestamp>2807.847015</timestamp>
			</report>
			<report>
				<misses>435800001</misses>
				<total>0</total>
				<timestamp>2808.499178</timestamp>
			</report>
			<report>
				<misses>435900001</misses>
				<total>0</total>
				<timestamp>2809.151084</timestamp>
			</report>
			<report>
				<misses>436000001</misses>
				<total>0</total>
				<timestamp>2809.801194</timestamp>
			</report>
			<report>
				<misses>436100001</misses>
				<total>0</total>
				<timestamp>2810.451555</timestamp>
			</report>
			<report>
				<misses>436200001</misses>
				<total>0</total>
				<timestamp>2811.105200</timestamp>
			</report>
			<report>
				<misses>436300001</misses>
				<total>0</total>
				<timestamp>2811.757305</timestamp>
			</report>
			<report>
				<misses>436400001</misses>
				<total>0</total>
				<timestamp>2812.408617</timestamp>
			</report>
			<report>
				<misses>436500001</misses>
				<total>0</total>
				<timestamp>2813.060212</timestamp>
			</report>
			<report>
				<misses>436600001</misses>
				<total>0</total>
				<timestamp>2813.712048</timestamp>
			</report>
			<report>
				<misses>436700001</misses>
				<total>0</total>
				<timestamp>2814.362607</timestamp>
			</report>
			<report>
				<misses>436800001</misses>
				<total>0</total>
				<timestamp>2815.012906</timestamp>
			</report>
			<report>
				<misses>436900001</misses>
				<total>0</total>
				<timestamp>2815.657734</timestamp>
			</report>
			<report>
				<misses>437000001</misses>
				<total>0</total>
				<timestamp>2816.296418</timestamp>
			</report>
			<report>
				<misses>437100001</misses>
				<total>0</total>
				<timestamp>2816.934355</timestamp>
			</report>
			<report>
				<misses>437200001</misses>
				<total>0</total>
				<timestamp>2817.573106</timestamp>
			</report>
			<report>
				<misses>437300001</misses>
				<total>0</total>
				<timestamp>2818.211686</timestamp>
			</report>
			<report>
				<misses>437400001</misses>
				<total>0</total>
				<timestamp>2818.849955</timestamp>
			</report>
			<report>
				<misses>437500001</misses>
				<total>0</total>
				<timestamp>2819.488959</timestamp>
			</report>
			<report>
				<misses>437600001</misses>
				<total>0</total>
				<timestamp>2820.128729</timestamp>
			</report>
			<report>
				<misses>437700001</misses>
				<total>0</total>
				<timestamp>2820.768321</timestamp>
			</report>
			<report>
				<misses>437800001</misses>
				<total>0</total>
				<timestamp>2821.407979</timestamp>
			</report>
			<report>
				<misses>437900001</misses>
				<total>0</total>
				<timestamp>2822.047721</timestamp>
			</report>
			<report>
				<misses>438000001</misses>
				<total>0</total>
				<timestamp>2822.686833</timestamp>
			</report>
			<report>
				<misses>438100001</misses>
				<total>0</total>
				<timestamp>2823.326850</timestamp>
			</report>
			<report>
				<misses>438200001</misses>
				<total>0</total>
				<timestamp>2823.967040</timestamp>
			</report>
			<report>
				<misses>438300001</misses>
				<total>0</total>
				<timestamp>2824.605427</timestamp>
			</report>
			<report>
				<misses>438400001</misses>
				<total>0</total>
				<timestamp>2825.241630</timestamp>
			</report>
			<report>
				<misses>438500001</misses>
				<total>0</total>
				<timestamp>2825.878438</timestamp>
			</report>
			<report>
				<misses>438600001</misses>
				<total>0</total>
				<timestamp>2826.515574</timestamp>
			</report>
			<report>
				<misses>438700001</misses>
				<total>0</total>
				<timestamp>2827.152603</timestamp>
			</report>
			<report>
				<misses>438800001</misses>
				<total>0</total>
				<timestamp>2827.789616</timestamp>
			</report>
			<report>
				<misses>438900001</misses>
				<total>0</total>
				<timestamp>2828.426416</timestamp>
			</report>
			<report>
				<misses>439000001</misses>
				<total>0</total>
				<timestamp>2829.062798</timestamp>
			</report>
			<report>
				<misses>439100001</misses>
				<total>0</total>
				<timestamp>2829.699393</timestamp>
			</report>
			<report>
				<misses>439200001</misses>
				<total>0</total>
				<timestamp>2830.335759</timestamp>
			</report>
			<report>
				<misses>439300001</misses>
				<total>0</total>
				<timestamp>2830.971783</timestamp>
			</report>
			<report>
				<misses>439400001</misses>
				<total>0</total>
				<timestamp>2831.609379</timestamp>
			</report>
			<report>
				<misses>439500001</misses>
				<total>0</total>
				<timestamp>2832.246728</timestamp>
			</report>
			<report>
				<misses>439600001</misses>
				<total>0</total>
				<timestamp>2832.883363</timestamp>
			</report>
			<report>
				<misses>439700001</misses>
				<total>0</total>
				<timestamp>2833.519698</timestamp>
			</report>
			<report>
				<misses>439800001</misses>
				<total>0</total>
				<timestamp>2834.159019</timestamp>
			</report>
			<report>
				<misses>439900001</misses>
				<total>0</total>
				<timestamp>2834.796843</timestamp>
			</report>
			<report>
				<misses>440000001</misses>
				<total>0</total>
				<timestamp>2835.434595</timestamp>
			</report>
			<report>
				<misses>440100001</misses>
				<total>0</total>
				<timestamp>2836.071911</timestamp>
			</report>
			<report>
				<misses>440200001</misses>
				<total>0</total>
				<timestamp>2836.709002</timestamp>
			</report>
			<report>
				<misses>440300001</misses>
				<total>0</total>
				<timestamp>2837.346739</timestamp>
			</report>
			<report>
				<misses>440400001</misses>
				<total>0</total>
				<timestamp>2837.989812</timestamp>
			</report>
			<report>
				<misses>440500001</misses>
				<total>0</total>
				<timestamp>2838.639920</timestamp>
			</report>
			<report>
				<misses>440600001</misses>
				<total>0</total>
				<timestamp>2839.290680</timestamp>
			</report>
			<report>
				<misses>440700001</misses>
				<total>0</total>
				<timestamp>2839.941435</timestamp>
			</report>
			<report>
				<misses>440800001</misses>
				<total>0</total>
				<timestamp>2840.591604</timestamp>
			</report>
			<report>
				<misses>440900001</misses>
				<total>0</total>
				<timestamp>2841.241652</timestamp>
			</report>
			<report>
				<misses>441000001</misses>
				<total>0</total>
				<timestamp>2841.892451</timestamp>
			</report>
			<report>
				<misses>441100001</misses>
				<total>0</total>
				<timestamp>2842.542199</timestamp>
			</report>
			<report>
				<misses>441200001</misses>
				<total>0</total>
				<timestamp>2843.192486</timestamp>
			</report>
			<report>
				<misses>441300001</misses>
				<total>0</total>
				<timestamp>2843.842612</timestamp>
			</report>
			<report>
				<misses>441400001</misses>
				<total>0</total>
				<timestamp>2844.491852</timestamp>
			</report>
			<report>
				<misses>441500001</misses>
				<total>0</total>
				<timestamp>2845.140887</timestamp>
			</report>
			<report>
				<misses>441600001</misses>
				<total>0</total>
				<timestamp>2845.790790</timestamp>
			</report>
			<report>
				<misses>441700001</misses>
				<total>0</total>
				<timestamp>2846.439223</timestamp>
			</report>
			<report>
				<misses>441800001</misses>
				<total>0</total>
				<timestamp>2847.088887</timestamp>
			</report>
			<report>
				<misses>441900001</misses>
				<total>0</total>
				<timestamp>2847.738627</timestamp>
			</report>
			<report>
				<misses>442000001</misses>
				<total>0</total>
				<timestamp>2848.387345</timestamp>
			</report>
			<report>
				<misses>442100001</misses>
				<total>0</total>
				<timestamp>2849.033507</timestamp>
			</report>
			<report>
				<misses>442200001</misses>
				<total>0</total>
				<timestamp>2849.681843</timestamp>
			</report>
			<report>
				<misses>442300001</misses>
				<total>0</total>
				<timestamp>2850.329317</timestamp>
			</report>
			<report>
				<misses>442400001</misses>
				<total>0</total>
				<timestamp>2850.978313</timestamp>
			</report>
			<report>
				<misses>442500001</misses>
				<total>0</total>
				<timestamp>2851.626614</timestamp>
			</report>
			<report>
				<misses>442600001</misses>
				<total>0</total>
				<timestamp>2852.276146</timestamp>
			</report>
			<report>
				<misses>442700001</misses>
				<total>0</total>
				<timestamp>2852.925351</timestamp>
			</report>
			<report>
				<misses>442800001</misses>
				<total>0</total>
				<timestamp>2853.575254</timestamp>
			</report>
			<report>
				<misses>442900001</misses>
				<total>0</total>
				<timestamp>2854.222819</timestamp>
			</report>
			<report>
				<misses>443000001</misses>
				<total>0</total>
				<timestamp>2854.870872</timestamp>
			</report>
			<report>
				<misses>443100001</misses>
				<total>0</total>
				<timestamp>2855.520116</timestamp>
			</report>
			<report>
				<misses>443200001</misses>
				<total>0</total>
				<timestamp>2856.167917</timestamp>
			</report>
			<report>
				<misses>443300001</misses>
				<total>0</total>
				<timestamp>2856.816928</timestamp>
			</report>
			<report>
				<misses>443400001</misses>
				<total>0</total>
				<timestamp>2857.466409</timestamp>
			</report>
			<report>
				<misses>443500001</misses>
				<total>0</total>
				<timestamp>2858.114708</timestamp>
			</report>
			<report>
				<misses>443600001</misses>
				<total>0</total>
				<timestamp>2858.761820</timestamp>
			</report>
			<report>
				<misses>443700001</misses>
				<total>0</total>
				<timestamp>2859.409739</timestamp>
			</report>
			<report>
				<misses>443800001</misses>
				<total>0</total>
				<timestamp>2860.057613</timestamp>
			</report>
			<report>
				<misses>443900001</misses>
				<total>0</total>
				<timestamp>2860.709128</timestamp>
			</report>
			<report>
				<misses>444000001</misses>
				<total>0</total>
				<timestamp>2861.358741</timestamp>
			</report>
			<report>
				<misses>444100001</misses>
				<total>0</total>
				<timestamp>2862.008077</timestamp>
			</report>
			<report>
				<misses>444200001</misses>
				<total>0</total>
				<timestamp>2862.655858</timestamp>
			</report>
			<report>
				<misses>444300001</misses>
				<total>0</total>
				<timestamp>2863.302286</timestamp>
			</report>
			<report>
				<misses>444400001</misses>
				<total>0</total>
				<timestamp>2863.949044</timestamp>
			</report>
			<report>
				<misses>444500001</misses>
				<total>0</total>
				<timestamp>2864.596712</timestamp>
			</report>
			<report>
				<misses>444600001</misses>
				<total>0</total>
				<timestamp>2865.244329</timestamp>
			</report>
			<report>
				<misses>444700001</misses>
				<total>0</total>
				<timestamp>2865.893758</timestamp>
			</report>
			<report>
				<misses>444800001</misses>
				<total>0</total>
				<timestamp>2866.542305</timestamp>
			</report>
			<report>
				<misses>444900001</misses>
				<total>0</total>
				<timestamp>2867.191146</timestamp>
			</report>
			<report>
				<misses>445000001</misses>
				<total>0</total>
				<timestamp>2867.838774</timestamp>
			</report>
			<report>
				<misses>445100001</misses>
				<total>0</total>
				<timestamp>2868.486505</timestamp>
			</report>
			<report>
				<misses>445200001</misses>
				<total>0</total>
				<timestamp>2869.134500</timestamp>
			</report>
			<report>
				<misses>445300001</misses>
				<total>0</total>
				<timestamp>2869.782152</timestamp>
			</report>
			<report>
				<misses>445400001</misses>
				<total>0</total>
				<timestamp>2870.430987</timestamp>
			</report>
			<report>
				<misses>445500001</misses>
				<total>0</total>
				<timestamp>2871.079304</timestamp>
			</report>
			<report>
				<misses>445600001</misses>
				<total>0</total>
				<timestamp>2871.727806</timestamp>
			</report>
			<report>
				<misses>445700001</misses>
				<total>0</total>
				<timestamp>2872.377167</timestamp>
			</report>
			<report>
				<misses>445800001</misses>
				<total>0</total>
				<timestamp>2873.023669</timestamp>
			</report>
			<report>
				<misses>445900001</misses>
				<total>0</total>
				<timestamp>2873.668686</timestamp>
			</report>
			<report>
				<misses>446000001</misses>
				<total>0</total>
				<timestamp>2874.314041</timestamp>
			</report>
			<report>
				<misses>446100001</misses>
				<total>0</total>
				<timestamp>2874.959257</timestamp>
			</report>
			<report>
				<misses>446200001</misses>
				<total>0</total>
				<timestamp>2875.603924</timestamp>
			</report>
			<report>
				<misses>446300001</misses>
				<total>0</total>
				<timestamp>2876.249007</timestamp>
			</report>
			<report>
				<misses>446400001</misses>
				<total>0</total>
				<timestamp>2876.893551</timestamp>
			</report>
			<report>
				<misses>446500001</misses>
				<total>0</total>
				<timestamp>2877.538423</timestamp>
			</report>
			<report>
				<misses>446600001</misses>
				<total>0</total>
				<timestamp>2878.183213</timestamp>
			</report>
			<report>
				<misses>446700001</misses>
				<total>0</total>
				<timestamp>2878.828578</timestamp>
			</report>
			<report>
				<misses>446800001</misses>
				<total>0</total>
				<timestamp>2879.473775</timestamp>
			</report>
			<report>
				<misses>446900001</misses>
				<total>0</total>
				<timestamp>2880.119360</timestamp>
			</report>
			<report>
				<misses>447000001</misses>
				<total>0</total>
				<timestamp>2880.763820</timestamp>
			</report>
			<report>
				<misses>447100001</misses>
				<total>0</total>
				<timestamp>2881.404862</timestamp>
			</report>
			<report>
				<misses>447200001</misses>
				<total>0</total>
				<timestamp>2882.045665</timestamp>
			</report>
			<report>
				<misses>447300001</misses>
				<total>0</total>
				<timestamp>2882.686285</timestamp>
			</report>
			<report>
				<misses>447400001</misses>
				<total>0</total>
				<timestamp>2883.324687</timestamp>
			</report>
			<report>
				<misses>447500001</misses>
				<total>0</total>
				<timestamp>2883.962803</timestamp>
			</report>
			<report>
				<misses>447600001</misses>
				<total>0</total>
				<timestamp>2884.600679</timestamp>
			</report>
			<report>
				<misses>447700001</misses>
				<total>0</total>
				<timestamp>2885.239733</timestamp>
			</report>
			<report>
				<misses>447800001</misses>
				<total>0</total>
				<timestamp>2885.878527</timestamp>
			</report>
			<report>
				<misses>447900001</misses>
				<total>0</total>
				<timestamp>2886.516561</timestamp>
			</report>
			<report>
				<misses>448000001</misses>
				<total>0</total>
				<timestamp>2887.154900</timestamp>
			</report>
			<report>
				<misses>448100001</misses>
				<total>0</total>
				<timestamp>2887.793520</timestamp>
			</report>
			<report>
				<misses>448200001</misses>
				<total>0</total>
				<timestamp>2888.432172</timestamp>
			</report>
			<report>
				<misses>448300001</misses>
				<total>0</total>
				<timestamp>2889.070333</timestamp>
			</report>
			<report>
				<misses>448400001</misses>
				<total>0</total>
				<timestamp>2889.711160</timestamp>
			</report>
			<report>
				<misses>448500001</misses>
				<total>0</total>
				<timestamp>2890.350114</timestamp>
			</report>
			<report>
				<misses>448600001</misses>
				<total>0</total>
				<timestamp>2890.990038</timestamp>
			</report>
			<report>
				<misses>448700001</misses>
				<total>0</total>
				<timestamp>2891.629037</timestamp>
			</report>
			<report>
				<misses>448800001</misses>
				<total>0</total>
				<timestamp>2892.268074</timestamp>
			</report>
			<report>
				<misses>448900001</misses>
				<total>0</total>
				<timestamp>2892.906749</timestamp>
			</report>
			<report>
				<misses>449000001</misses>
				<total>0</total>
				<timestamp>2893.554565</timestamp>
			</report>
			<report>
				<misses>449100001</misses>
				<total>0</total>
				<timestamp>2894.203616</timestamp>
			</report>
			<report>
				<misses>449200001</misses>
				<total>0</total>
				<timestamp>2894.853152</timestamp>
			</report>
			<report>
				<misses>449300001</misses>
				<total>0</total>
				<timestamp>2895.503283</timestamp>
			</report>
			<report>
				<misses>449400001</misses>
				<total>0</total>
				<timestamp>2896.152136</timestamp>
			</report>
			<report>
				<misses>449500001</misses>
				<total>0</total>
				<timestamp>2896.801217</timestamp>
			</report>
			<report>
				<misses>449600001</misses>
				<total>0</total>
				<timestamp>2897.451297</timestamp>
			</report>
			<report>
				<misses>449700001</misses>
				<total>0</total>
				<timestamp>2898.100302</timestamp>
			</report>
			<report>
				<misses>449800001</misses>
				<total>0</total>
				<timestamp>2898.749138</timestamp>
			</report>
			<report>
				<misses>449900001</misses>
				<total>0</total>
				<timestamp>2899.397988</timestamp>
			</report>
			<report>
				<misses>450000001</misses>
				<total>0</total>
				<timestamp>2900.046524</timestamp>
			</report>
			<report>
				<misses>450100001</misses>
				<total>0</total>
				<timestamp>2900.696516</timestamp>
			</report>
			<report>
				<misses>450200001</misses>
				<total>0</total>
				<timestamp>2901.344531</timestamp>
			</report>
			<report>
				<misses>450300001</misses>
				<total>0</total>
				<timestamp>2901.991010</timestamp>
			</report>
			<report>
				<misses>450400001</misses>
				<total>0</total>
				<timestamp>2902.636825</timestamp>
			</report>
			<report>
				<misses>450500001</misses>
				<total>0</total>
				<timestamp>2903.281905</timestamp>
			</report>
			<report>
				<misses>450600001</misses>
				<total>0</total>
				<timestamp>2903.928299</timestamp>
			</report>
			<report>
				<misses>450700001</misses>
				<total>0</total>
				<timestamp>2904.574071</timestamp>
			</report>
			<report>
				<misses>450800001</misses>
				<total>0</total>
				<timestamp>2905.219131</timestamp>
			</report>
			<report>
				<misses>450900001</misses>
				<total>0</total>
				<timestamp>2905.863954</timestamp>
			</report>
			<report>
				<misses>451000001</misses>
				<total>0</total>
				<timestamp>2906.508363</timestamp>
			</report>
			<report>
				<misses>451100001</misses>
				<total>0</total>
				<timestamp>2907.152518</timestamp>
			</report>
			<report>
				<misses>451200001</misses>
				<total>0</total>
				<timestamp>2907.797529</timestamp>
			</report>
			<report>
				<misses>451300001</misses>
				<total>0</total>
				<timestamp>2908.441981</timestamp>
			</report>
			<report>
				<misses>451400001</misses>
				<total>0</total>
				<timestamp>2909.085560</timestamp>
			</report>
			<report>
				<misses>451500001</misses>
				<total>0</total>
				<timestamp>2909.730118</timestamp>
			</report>
			<report>
				<misses>451600001</misses>
				<total>0</total>
				<timestamp>2910.374255</timestamp>
			</report>
			<report>
				<misses>451700001</misses>
				<total>0</total>
				<timestamp>2911.018632</timestamp>
			</report>
			<report>
				<misses>451800001</misses>
				<total>0</total>
				<timestamp>2911.663898</timestamp>
			</report>
			<report>
				<misses>451900001</misses>
				<total>0</total>
				<timestamp>2912.307787</timestamp>
			</report>
			<report>
				<misses>452000001</misses>
				<total>0</total>
				<timestamp>2912.951733</timestamp>
			</report>
			<report>
				<misses>452100001</misses>
				<total>0</total>
				<timestamp>2913.596264</timestamp>
			</report>
			<report>
				<misses>452200001</misses>
				<total>0</total>
				<timestamp>2914.240136</timestamp>
			</report>
			<report>
				<misses>452300001</misses>
				<total>0</total>
				<timestamp>2914.884220</timestamp>
			</report>
			<report>
				<misses>452400001</misses>
				<total>0</total>
				<timestamp>2915.528127</timestamp>
			</report>
			<report>
				<misses>452500001</misses>
				<total>0</total>
				<timestamp>2916.169499</timestamp>
			</report>
			<report>
				<misses>452600001</misses>
				<total>0</total>
				<timestamp>2916.809692</timestamp>
			</report>
			<report>
				<misses>452700001</misses>
				<total>0</total>
				<timestamp>2917.449835</timestamp>
			</report>
			<report>
				<misses>452800001</misses>
				<total>0</total>
				<timestamp>2918.088452</timestamp>
			</report>
			<report>
				<misses>452900001</misses>
				<total>0</total>
				<timestamp>2918.726846</timestamp>
			</report>
			<report>
				<misses>453000001</misses>
				<total>0</total>
				<timestamp>2919.363051</timestamp>
			</report>
			<report>
				<misses>453100001</misses>
				<total>0</total>
				<timestamp>2920.009684</timestamp>
			</report>
			<report>
				<misses>453200001</misses>
				<total>0</total>
				<timestamp>2920.663164</timestamp>
			</report>
			<report>
				<misses>453300001</misses>
				<total>0</total>
				<timestamp>2921.315474</timestamp>
			</report>
			<report>
				<misses>453400001</misses>
				<total>0</total>
				<timestamp>2921.967054</timestamp>
			</report>
			<report>
				<misses>453500001</misses>
				<total>0</total>
				<timestamp>2922.618029</timestamp>
			</report>
			<report>
				<misses>453600001</misses>
				<total>0</total>
				<timestamp>2923.268586</timestamp>
			</report>
			<report>
				<misses>453700001</misses>
				<total>0</total>
				<timestamp>2923.919123</timestamp>
			</report>
			<report>
				<misses>453800001</misses>
				<total>0</total>
				<timestamp>2924.568395</timestamp>
			</report>
			<report>
				<misses>453900001</misses>
				<total>0</total>
				<timestamp>2925.217897</timestamp>
			</report>
			<report>
				<misses>454000001</misses>
				<total>0</total>
				<timestamp>2925.867235</timestamp>
			</report>
			<report>
				<misses>454100001</misses>
				<total>0</total>
				<timestamp>2926.516845</timestamp>
			</report>
			<report>
				<misses>454200001</misses>
				<total>0</total>
				<timestamp>2927.167872</timestamp>
			</report>
			<report>
				<misses>454300001</misses>
				<total>0</total>
				<timestamp>2927.817855</timestamp>
			</report>
			<report>
				<misses>454400001</misses>
				<total>0</total>
				<timestamp>2928.469266</timestamp>
			</report>
			<report>
				<misses>454500001</misses>
				<total>0</total>
				<timestamp>2929.118451</timestamp>
			</report>
			<report>
				<misses>454600001</misses>
				<total>0</total>
				<timestamp>2929.767613</timestamp>
			</report>
			<report>
				<misses>454700001</misses>
				<total>0</total>
				<timestamp>2930.418206</timestamp>
			</report>
			<report>
				<misses>454800001</misses>
				<total>0</total>
				<timestamp>2931.067551</timestamp>
			</report>
			<report>
				<misses>454900001</misses>
				<total>0</total>
				<timestamp>2931.717472</timestamp>
			</report>
			<report>
				<misses>455000001</misses>
				<total>0</total>
				<timestamp>2932.368428</timestamp>
			</report>
			<report>
				<misses>455100001</misses>
				<total>0</total>
				<timestamp>2933.019046</timestamp>
			</report>
			<report>
				<misses>455200001</misses>
				<total>0</total>
				<timestamp>2933.668064</timestamp>
			</report>
			<report>
				<misses>455300001</misses>
				<total>0</total>
				<timestamp>2934.318215</timestamp>
			</report>
			<report>
				<misses>455400001</misses>
				<total>0</total>
				<timestamp>2934.967223</timestamp>
			</report>
			<report>
				<misses>455500001</misses>
				<total>0</total>
				<timestamp>2935.616887</timestamp>
			</report>
			<report>
				<misses>455600001</misses>
				<total>0</total>
				<timestamp>2936.266419</timestamp>
			</report>
			<report>
				<misses>455700001</misses>
				<total>0</total>
				<timestamp>2936.916558</timestamp>
			</report>
			<report>
				<misses>455800001</misses>
				<total>0</total>
				<timestamp>2937.567567</timestamp>
			</report>
			<report>
				<misses>455900001</misses>
				<total>0</total>
				<timestamp>2938.217749</timestamp>
			</report>
			<report>
				<misses>456000001</misses>
				<total>0</total>
				<timestamp>2938.867795</timestamp>
			</report>
			<report>
				<misses>456100001</misses>
				<total>0</total>
				<timestamp>2939.517856</timestamp>
			</report>
			<report>
				<misses>456200001</misses>
				<total>0</total>
				<timestamp>2940.169130</timestamp>
			</report>
			<report>
				<misses>456300001</misses>
				<total>0</total>
				<timestamp>2940.819739</timestamp>
			</report>
			<report>
				<misses>456400001</misses>
				<total>0</total>
				<timestamp>2941.468894</timestamp>
			</report>
			<report>
				<misses>456500001</misses>
				<total>0</total>
				<timestamp>2942.117495</timestamp>
			</report>
			<report>
				<misses>456600001</misses>
				<total>0</total>
				<timestamp>2942.768626</timestamp>
			</report>
			<report>
				<misses>456700001</misses>
				<total>0</total>
				<timestamp>2943.419313</timestamp>
			</report>
			<report>
				<misses>456800001</misses>
				<total>0</total>
				<timestamp>2944.070039</timestamp>
			</report>
			<report>
				<misses>456900001</misses>
				<total>0</total>
				<timestamp>2944.720269</timestamp>
			</report>
			<report>
				<misses>457000001</misses>
				<total>0</total>
				<timestamp>2945.370029</timestamp>
			</report>
			<report>
				<misses>457100001</misses>
				<total>0</total>
				<timestamp>2946.019704</timestamp>
			</report>
			<report>
				<misses>457200001</misses>
				<total>0</total>
				<timestamp>2946.667358</timestamp>
			</report>
			<report>
				<misses>457300001</misses>
				<total>0</total>
				<timestamp>2947.312937</timestamp>
			</report>
			<report>
				<misses>457400001</misses>
				<total>0</total>
				<timestamp>2947.958163</timestamp>
			</report>
			<report>
				<misses>457500001</misses>
				<total>0</total>
				<timestamp>2948.604036</timestamp>
			</report>
			<report>
				<misses>457600001</misses>
				<total>0</total>
				<timestamp>2949.250843</timestamp>
			</report>
			<report>
				<misses>457700001</misses>
				<total>0</total>
				<timestamp>2949.897124</timestamp>
			</report>
			<report>
				<misses>457800001</misses>
				<total>0</total>
				<timestamp>2950.545038</timestamp>
			</report>
			<report>
				<misses>457900001</misses>
				<total>0</total>
				<timestamp>2951.191548</timestamp>
			</report>
			<report>
				<misses>458000001</misses>
				<total>0</total>
				<timestamp>2951.838706</timestamp>
			</report>
			<report>
				<misses>458100001</misses>
				<total>0</total>
				<timestamp>2952.486306</timestamp>
			</report>
			<report>
				<misses>458200001</misses>
				<total>0</total>
				<timestamp>2953.132997</timestamp>
			</report>
			<report>
				<misses>458300001</misses>
				<total>0</total>
				<timestamp>2953.778928</timestamp>
			</report>
			<report>
				<misses>458400001</misses>
				<total>0</total>
				<timestamp>2954.425699</timestamp>
			</report>
			<report>
				<misses>458500001</misses>
				<total>0</total>
				<timestamp>2955.072667</timestamp>
			</report>
			<report>
				<misses>458600001</misses>
				<total>0</total>
				<timestamp>2955.719226</timestamp>
			</report>
			<report>
				<misses>458700001</misses>
				<total>0</total>
				<timestamp>2956.365623</timestamp>
			</report>
			<report>
				<misses>458800001</misses>
				<total>0</total>
				<timestamp>2957.011920</timestamp>
			</report>
			<report>
				<misses>458900001</misses>
				<total>0</total>
				<timestamp>2957.657927</timestamp>
			</report>
			<report>
				<misses>459000001</misses>
				<total>0</total>
				<timestamp>2958.303203</timestamp>
			</report>
			<report>
				<misses>459100001</misses>
				<total>0</total>
				<timestamp>2958.949090</timestamp>
			</report>
			<report>
				<misses>459200001</misses>
				<total>0</total>
				<timestamp>2959.594482</timestamp>
			</report>
			<report>
				<misses>459300001</misses>
				<total>0</total>
				<timestamp>2960.240107</timestamp>
			</report>
			<report>
				<misses>459400001</misses>
				<total>0</total>
				<timestamp>2960.886110</timestamp>
			</report>
			<report>
				<misses>459500001</misses>
				<total>0</total>
				<timestamp>2961.531557</timestamp>
			</report>
			<report>
				<misses>459600001</misses>
				<total>0</total>
				<timestamp>2962.177078</timestamp>
			</report>
			<report>
				<misses>459700001</misses>
				<total>0</total>
				<timestamp>2962.822573</timestamp>
			</report>
			<report>
				<misses>459800001</misses>
				<total>0</total>
				<timestamp>2963.467840</timestamp>
			</report>
			<report>
				<misses>459900001</misses>
				<total>0</total>
				<timestamp>2964.112894</timestamp>
			</report>
			<report>
				<misses>460000001</misses>
				<total>0</total>
				<timestamp>2964.757311</timestamp>
			</report>
			<report>
				<misses>460100001</misses>
				<total>0</total>
				<timestamp>2965.401998</timestamp>
			</report>
			<report>
				<misses>460200001</misses>
				<total>0</total>
				<timestamp>2966.046748</timestamp>
			</report>
			<report>
				<misses>460300001</misses>
				<total>0</total>
				<timestamp>2966.691984</timestamp>
			</report>
			<report>
				<misses>460400001</misses>
				<total>0</total>
				<timestamp>2967.337170</timestamp>
			</report>
			<report>
				<misses>460500001</misses>
				<total>0</total>
				<timestamp>2967.982509</timestamp>
			</report>
			<report>
				<misses>460600001</misses>
				<total>0</total>
				<timestamp>2968.627513</timestamp>
			</report>
			<report>
				<misses>460700001</misses>
				<total>0</total>
				<timestamp>2969.272743</timestamp>
			</report>
			<report>
				<misses>460800001</misses>
				<total>0</total>
				<timestamp>2969.917422</timestamp>
			</report>
			<report>
				<misses>460900001</misses>
				<total>0</total>
				<timestamp>2970.562613</timestamp>
			</report>
			<report>
				<misses>461000001</misses>
				<total>0</total>
				<timestamp>2971.210031</timestamp>
			</report>
			<report>
				<misses>461100001</misses>
				<total>0</total>
				<timestamp>2971.854967</timestamp>
			</report>
			<report>
				<misses>461200001</misses>
				<total>0</total>
				<timestamp>2972.499789</timestamp>
			</report>
			<report>
				<misses>461300001</misses>
				<total>0</total>
				<timestamp>2973.141484</timestamp>
			</report>
			<report>
				<misses>461400001</misses>
				<total>0</total>
				<timestamp>2973.779097</timestamp>
			</report>
			<report>
				<misses>461500001</misses>
				<total>0</total>
				<timestamp>2974.418703</timestamp>
			</report>
			<report>
				<misses>461600001</misses>
				<total>0</total>
				<timestamp>2975.057322</timestamp>
			</report>
			<report>
				<misses>461700001</misses>
				<total>0</total>
				<timestamp>2975.694767</timestamp>
			</report>
			<report>
				<misses>461800001</misses>
				<total>0</total>
				<timestamp>2976.331835</timestamp>
			</report>
			<report>
				<misses>461900001</misses>
				<total>0</total>
				<timestamp>2976.969727</timestamp>
			</report>
			<report>
				<misses>462000001</misses>
				<total>0</total>
				<timestamp>2977.607625</timestamp>
			</report>
			<report>
				<misses>462100001</misses>
				<total>0</total>
				<timestamp>2978.245295</timestamp>
			</report>
			<report>
				<misses>462200001</misses>
				<total>0</total>
				<timestamp>2978.883008</timestamp>
			</report>
			<report>
				<misses>462300001</misses>
				<total>0</total>
				<timestamp>2979.521830</timestamp>
			</report>
			<report>
				<misses>462400001</misses>
				<total>0</total>
				<timestamp>2980.159054</timestamp>
			</report>
			<report>
				<misses>462500001</misses>
				<total>0</total>
				<timestamp>2980.795382</timestamp>
			</report>
			<report>
				<misses>462600001</misses>
				<total>0</total>
				<timestamp>2981.433935</timestamp>
			</report>
			<report>
				<misses>462700001</misses>
				<total>0</total>
				<timestamp>2982.074034</timestamp>
			</report>
			<report>
				<misses>462800001</misses>
				<total>0</total>
				<timestamp>2982.713859</timestamp>
			</report>
			<report>
				<misses>462900001</misses>
				<total>0</total>
				<timestamp>2983.352956</timestamp>
			</report>
			<report>
				<misses>463000001</misses>
				<total>0</total>
				<timestamp>2983.992370</timestamp>
			</report>
			<report>
				<misses>463100001</misses>
				<total>0</total>
				<timestamp>2984.632769</timestamp>
			</report>
			<report>
				<misses>463200001</misses>
				<total>0</total>
				<timestamp>2985.272051</timestamp>
			</report>
			<report>
				<misses>463300001</misses>
				<total>0</total>
				<timestamp>2985.911947</timestamp>
			</report>
			<report>
				<misses>463400001</misses>
				<total>0</total>
				<timestamp>2986.551738</timestamp>
			</report>
			<report>
				<misses>463500001</misses>
				<total>0</total>
				<timestamp>2987.192068</timestamp>
			</report>
			<report>
				<misses>463600001</misses>
				<total>0</total>
				<timestamp>2987.831977</timestamp>
			</report>
			<report>
				<misses>463700001</misses>
				<total>0</total>
				<timestamp>2988.471636</timestamp>
			</report>
			<report>
				<misses>463800001</misses>
				<total>0</total>
				<timestamp>2989.111034</timestamp>
			</report>
			<report>
				<misses>463900001</misses>
				<total>0</total>
				<timestamp>2989.747439</timestamp>
			</report>
			<report>
				<misses>464000001</misses>
				<total>0</total>
				<timestamp>2990.384173</timestamp>
			</report>
			<report>
				<misses>464100001</misses>
				<total>0</total>
				<timestamp>2991.022081</timestamp>
			</report>
			<report>
				<misses>464200001</misses>
				<total>0</total>
				<timestamp>2991.660763</timestamp>
			</report>
			<report>
				<misses>464300001</misses>
				<total>0</total>
				<timestamp>2992.298442</timestamp>
			</report>
			<report>
				<misses>464400001</misses>
				<total>0</total>
				<timestamp>2992.935857</timestamp>
			</report>
			<report>
				<misses>464500001</misses>
				<total>0</total>
				<timestamp>2993.572324</timestamp>
			</report>
			<report>
				<misses>464600001</misses>
				<total>0</total>
				<timestamp>2994.209666</timestamp>
			</report>
			<report>
				<misses>464700001</misses>
				<total>0</total>
				<timestamp>2994.847308</timestamp>
			</report>
			<report>
				<misses>464800001</misses>
				<total>0</total>
				<timestamp>2995.485529</timestamp>
			</report>
			<report>
				<misses>464900001</misses>
				<total>0</total>
				<timestamp>2996.123078</timestamp>
			</report>
			<report>
				<misses>465000001</misses>
				<total>0</total>
				<timestamp>2996.759326</timestamp>
			</report>
			<report>
				<misses>465100001</misses>
				<total>0</total>
				<timestamp>2997.395124</timestamp>
			</report>
			<report>
				<misses>465200001</misses>
				<total>0</total>
				<timestamp>2998.030750</timestamp>
			</report>
			<report>
				<misses>465300001</misses>
				<total>0</total>
				<timestamp>2998.668613</timestamp>
			</report>
			<report>
				<misses>465400001</misses>
				<total>0</total>
				<timestamp>2999.304035</timestamp>
			</report>
			<report>
				<misses>465500001</misses>
				<total>0</total>
				<timestamp>2999.939413</timestamp>
			</report>
			<report>
				<misses>465600001</misses>
				<total>0</total>
				<timestamp>3000.574948</timestamp>
			</report>
			<report>
				<misses>465700001</misses>
				<total>0</total>
				<timestamp>3001.211125</timestamp>
			</report>
			<report>
				<misses>465800001</misses>
				<total>0</total>
				<timestamp>3001.847957</timestamp>
			</report>
			<report>
				<misses>465900001</misses>
				<total>0</total>
				<timestamp>3002.484004</timestamp>
			</report>
			<report>
				<misses>466000001</misses>
				<total>0</total>
				<timestamp>3003.121618</timestamp>
			</report>
			<report>
				<misses>466100001</misses>
				<total>0</total>
				<timestamp>3003.757910</timestamp>
			</report>
			<report>
				<misses>466200001</misses>
				<total>0</total>
				<timestamp>3004.394984</timestamp>
			</report>
			<report>
				<misses>466300001</misses>
				<total>0</total>
				<timestamp>3005.030649</timestamp>
			</report>
			<report>
				<misses>466400001</misses>
				<total>0</total>
				<timestamp>3005.667767</timestamp>
			</report>
			<report>
				<misses>466500001</misses>
				<total>0</total>
				<timestamp>3006.303368</timestamp>
			</report>
			<report>
				<misses>466600001</misses>
				<total>0</total>
				<timestamp>3006.939059</timestamp>
			</report>
			<report>
				<misses>466700001</misses>
				<total>0</total>
				<timestamp>3007.574041</timestamp>
			</report>
			<report>
				<misses>466800001</misses>
				<total>0</total>
				<timestamp>3008.210170</timestamp>
			</report>
			<report>
				<misses>466900001</misses>
				<total>0</total>
				<timestamp>3008.845847</timestamp>
			</report>
			<report>
				<misses>467000001</misses>
				<total>0</total>
				<timestamp>3009.481809</timestamp>
			</report>
			<report>
				<misses>467100001</misses>
				<total>0</total>
				<timestamp>3010.118215</timestamp>
			</report>
			<report>
				<misses>467200001</misses>
				<total>0</total>
				<timestamp>3010.754423</timestamp>
			</report>
			<report>
				<misses>467300001</misses>
				<total>0</total>
				<timestamp>3011.390415</timestamp>
			</report>
			<report>
				<misses>467400001</misses>
				<total>0</total>
				<timestamp>3012.027555</timestamp>
			</report>
			<report>
				<misses>467500001</misses>
				<total>0</total>
				<timestamp>3012.663646</timestamp>
			</report>
			<report>
				<misses>467600001</misses>
				<total>0</total>
				<timestamp>3013.299987</timestamp>
			</report>
			<report>
				<misses>467700001</misses>
				<total>0</total>
				<timestamp>3013.939862</timestamp>
			</report>
			<report>
				<misses>467800001</misses>
				<total>0</total>
				<timestamp>3014.591113</timestamp>
			</report>
			<report>
				<misses>467900001</misses>
				<total>0</total>
				<timestamp>3015.241872</timestamp>
			</report>
			<report>
				<misses>468000001</misses>
				<total>0</total>
				<timestamp>3015.893270</timestamp>
			</report>
			<report>
				<misses>468100001</misses>
				<total>0</total>
				<timestamp>3016.544110</timestamp>
			</report>
			<report>
				<misses>468200001</misses>
				<total>0</total>
				<timestamp>3017.194108</timestamp>
			</report>
			<report>
				<misses>468300001</misses>
				<total>0</total>
				<timestamp>3017.844600</timestamp>
			</report>
			<report>
				<misses>468400001</misses>
				<total>0</total>
				<timestamp>3018.496608</timestamp>
			</report>
			<report>
				<misses>468500001</misses>
				<total>0</total>
				<timestamp>3019.149194</timestamp>
			</report>
			<report>
				<misses>468600001</misses>
				<total>0</total>
				<timestamp>3019.800096</timestamp>
			</report>
			<report>
				<misses>468700001</misses>
				<total>0</total>
				<timestamp>3020.450541</timestamp>
			</report>
			<report>
				<misses>468800001</misses>
				<total>0</total>
				<timestamp>3021.102954</timestamp>
			</report>
			<report>
				<misses>468900001</misses>
				<total>0</total>
				<timestamp>3021.751748</timestamp>
			</report>
			<report>
				<misses>469000001</misses>
				<total>0</total>
				<timestamp>3022.401102</timestamp>
			</report>
			<report>
				<misses>469100001</misses>
				<total>0</total>
				<timestamp>3023.050287</timestamp>
			</report>
			<report>
				<misses>469200001</misses>
				<total>0</total>
				<timestamp>3023.698412</timestamp>
			</report>
			<report>
				<misses>469300001</misses>
				<total>0</total>
				<timestamp>3024.346346</timestamp>
			</report>
			<report>
				<misses>469400001</misses>
				<total>0</total>
				<timestamp>3024.994312</timestamp>
			</report>
			<report>
				<misses>469500001</misses>
				<total>0</total>
				<timestamp>3025.645003</timestamp>
			</report>
			<report>
				<misses>469600001</misses>
				<total>0</total>
				<timestamp>3026.295069</timestamp>
			</report>
			<report>
				<misses>469700001</misses>
				<total>0</total>
				<timestamp>3026.943826</timestamp>
			</report>
			<report>
				<misses>469800001</misses>
				<total>0</total>
				<timestamp>3027.593904</timestamp>
			</report>
			<report>
				<misses>469900001</misses>
				<total>0</total>
				<timestamp>3028.244355</timestamp>
			</report>
			<report>
				<misses>470000001</misses>
				<total>0</total>
				<timestamp>3028.892693</timestamp>
			</report>
			<report>
				<misses>470100001</misses>
				<total>0</total>
				<timestamp>3029.542052</timestamp>
			</report>
			<report>
				<misses>470200001</misses>
				<total>0</total>
				<timestamp>3030.190551</timestamp>
			</report>
			<report>
				<misses>470300001</misses>
				<total>0</total>
				<timestamp>3030.837972</timestamp>
			</report>
			<report>
				<misses>470400001</misses>
				<total>0</total>
				<timestamp>3031.486424</timestamp>
			</report>
			<report>
				<misses>470500001</misses>
				<total>0</total>
				<timestamp>3032.133471</timestamp>
			</report>
			<report>
				<misses>470600001</misses>
				<total>0</total>
				<timestamp>3032.782435</timestamp>
			</report>
			<report>
				<misses>470700001</misses>
				<total>0</total>
				<timestamp>3033.428769</timestamp>
			</report>
			<report>
				<misses>470800001</misses>
				<total>0</total>
				<timestamp>3034.077616</timestamp>
			</report>
			<report>
				<misses>470900001</misses>
				<total>0</total>
				<timestamp>3034.726628</timestamp>
			</report>
			<report>
				<misses>471000001</misses>
				<total>0</total>
				<timestamp>3035.374527</timestamp>
			</report>
			<report>
				<misses>471100001</misses>
				<total>0</total>
				<timestamp>3036.022929</timestamp>
			</report>
			<report>
				<misses>471200001</misses>
				<total>0</total>
				<timestamp>3036.673205</timestamp>
			</report>
			<report>
				<misses>471300001</misses>
				<total>0</total>
				<timestamp>3037.320051</timestamp>
			</report>
			<report>
				<misses>471400001</misses>
				<total>0</total>
				<timestamp>3037.969387</timestamp>
			</report>
			<report>
				<misses>471500001</misses>
				<total>0</total>
				<timestamp>3038.618433</timestamp>
			</report>
			<report>
				<misses>471600001</misses>
				<total>0</total>
				<timestamp>3039.266935</timestamp>
			</report>
			<report>
				<misses>471700001</misses>
				<total>0</total>
				<timestamp>3039.913824</timestamp>
			</report>
			<report>
				<misses>471800001</misses>
				<total>0</total>
				<timestamp>3040.561930</timestamp>
			</report>
			<report>
				<misses>471900001</misses>
				<total>0</total>
				<timestamp>3041.209290</timestamp>
			</report>
			<report>
				<misses>472000001</misses>
				<total>0</total>
				<timestamp>3041.856013</timestamp>
			</report>
			<report>
				<misses>472100001</misses>
				<total>0</total>
				<timestamp>3042.503500</timestamp>
			</report>
			<report>
				<misses>472200001</misses>
				<total>0</total>
				<timestamp>3043.150998</timestamp>
			</report>
			<report>
				<misses>472300001</misses>
				<total>0</total>
				<timestamp>3043.798258</timestamp>
			</report>
			<report>
				<misses>472400001</misses>
				<total>0</total>
				<timestamp>3044.446053</timestamp>
			</report>
			<report>
				<misses>472500001</misses>
				<total>0</total>
				<timestamp>3045.093788</timestamp>
			</report>
			<report>
				<misses>472600001</misses>
				<total>0</total>
				<timestamp>3045.740093</timestamp>
			</report>
			<report>
				<misses>472700001</misses>
				<total>0</total>
				<timestamp>3046.388177</timestamp>
			</report>
			<report>
				<misses>472800001</misses>
				<total>0</total>
				<timestamp>3047.036596</timestamp>
			</report>
			<report>
				<misses>472900001</misses>
				<total>0</total>
				<timestamp>3047.684209</timestamp>
			</report>
			<report>
				<misses>473000001</misses>
				<total>0</total>
				<timestamp>3048.332184</timestamp>
			</report>
			<report>
				<misses>473100001</misses>
				<total>0</total>
				<timestamp>3048.979722</timestamp>
			</report>
			<report>
				<misses>473200001</misses>
				<total>0</total>
				<timestamp>3049.627931</timestamp>
			</report>
			<report>
				<misses>473300001</misses>
				<total>0</total>
				<timestamp>3050.274868</timestamp>
			</report>
			<report>
				<misses>473400001</misses>
				<total>0</total>
				<timestamp>3050.922439</timestamp>
			</report>
			<report>
				<misses>473500001</misses>
				<total>0</total>
				<timestamp>3051.571117</timestamp>
			</report>
			<report>
				<misses>473600001</misses>
				<total>0</total>
				<timestamp>3052.221029</timestamp>
			</report>
			<report>
				<misses>473700001</misses>
				<total>0</total>
				<timestamp>3052.869810</timestamp>
			</report>
			<report>
				<misses>473800001</misses>
				<total>0</total>
				<timestamp>3053.519729</timestamp>
			</report>
			<report>
				<misses>473900001</misses>
				<total>0</total>
				<timestamp>3054.168663</timestamp>
			</report>
			<report>
				<misses>474000001</misses>
				<total>0</total>
				<timestamp>3054.817688</timestamp>
			</report>
			<report>
				<misses>474100001</misses>
				<total>0</total>
				<timestamp>3055.464647</timestamp>
			</report>
			<report>
				<misses>474200001</misses>
				<total>0</total>
				<timestamp>3056.111724</timestamp>
			</report>
			<report>
				<misses>474300001</misses>
				<total>0</total>
				<timestamp>3056.757772</timestamp>
			</report>
			<report>
				<misses>474400001</misses>
				<total>0</total>
				<timestamp>3057.403906</timestamp>
			</report>
			<report>
				<misses>474500001</misses>
				<total>0</total>
				<timestamp>3058.049397</timestamp>
			</report>
			<report>
				<misses>474600001</misses>
				<total>0</total>
				<timestamp>3058.694563</timestamp>
			</report>
			<report>
				<misses>474700001</misses>
				<total>0</total>
				<timestamp>3059.340481</timestamp>
			</report>
			<report>
				<misses>474800001</misses>
				<total>0</total>
				<timestamp>3059.985338</timestamp>
			</report>
			<report>
				<misses>474900001</misses>
				<total>0</total>
				<timestamp>3060.630459</timestamp>
			</report>
			<report>
				<misses>475000001</misses>
				<total>0</total>
				<timestamp>3061.275787</timestamp>
			</report>
			<report>
				<misses>475100001</misses>
				<total>0</total>
				<timestamp>3061.920879</timestamp>
			</report>
			<report>
				<misses>475200001</misses>
				<total>0</total>
				<timestamp>3062.566192</timestamp>
			</report>
			<report>
				<misses>475300001</misses>
				<total>0</total>
				<timestamp>3063.211605</timestamp>
			</report>
			<report>
				<misses>475400001</misses>
				<total>0</total>
				<timestamp>3063.857331</timestamp>
			</report>
			<report>
				<misses>475500001</misses>
				<total>0</total>
				<timestamp>3064.502345</timestamp>
			</report>
			<report>
				<misses>475600001</misses>
				<total>0</total>
				<timestamp>3065.147817</timestamp>
			</report>
			<report>
				<misses>475700001</misses>
				<total>0</total>
				<timestamp>3065.793167</timestamp>
			</report>
			<report>
				<misses>475800001</misses>
				<total>0</total>
				<timestamp>3066.438567</timestamp>
			</report>
			<report>
				<misses>475900001</misses>
				<total>0</total>
				<timestamp>3067.084030</timestamp>
			</report>
			<report>
				<misses>476000001</misses>
				<total>0</total>
				<timestamp>3067.729426</timestamp>
			</report>
			<report>
				<misses>476100001</misses>
				<total>0</total>
				<timestamp>3068.375061</timestamp>
			</report>
			<report>
				<misses>476200001</misses>
				<total>0</total>
				<timestamp>3069.021007</timestamp>
			</report>
			<report>
				<misses>476300001</misses>
				<total>0</total>
				<timestamp>3069.667135</timestamp>
			</report>
			<report>
				<misses>476400001</misses>
				<total>0</total>
				<timestamp>3070.312915</timestamp>
			</report>
			<report>
				<misses>476500001</misses>
				<total>0</total>
				<timestamp>3070.958000</timestamp>
			</report>
			<report>
				<misses>476600001</misses>
				<total>0</total>
				<timestamp>3071.603264</timestamp>
			</report>
			<report>
				<misses>476700001</misses>
				<total>0</total>
				<timestamp>3072.249462</timestamp>
			</report>
			<report>
				<misses>476800001</misses>
				<total>0</total>
				<timestamp>3072.895067</timestamp>
			</report>
			<report>
				<misses>476900001</misses>
				<total>0</total>
				<timestamp>3073.540584</timestamp>
			</report>
			<report>
				<misses>477000001</misses>
				<total>0</total>
				<timestamp>3074.185753</timestamp>
			</report>
			<report>
				<misses>477100001</misses>
				<total>0</total>
				<timestamp>3074.830304</timestamp>
			</report>
			<report>
				<misses>477200001</misses>
				<total>0</total>
				<timestamp>3075.476165</timestamp>
			</report>
			<report>
				<misses>477300001</misses>
				<total>0</total>
				<timestamp>3076.122270</timestamp>
			</report>
			<report>
				<misses>477400001</misses>
				<total>0</total>
				<timestamp>3076.767001</timestamp>
			</report>
			<report>
				<misses>477500001</misses>
				<total>0</total>
				<timestamp>3077.412609</timestamp>
			</report>
			<report>
				<misses>477600001</misses>
				<total>0</total>
				<timestamp>3078.057825</timestamp>
			</report>
			<report>
				<misses>477700001</misses>
				<total>0</total>
				<timestamp>3078.703392</timestamp>
			</report>
			<report>
				<misses>477800001</misses>
				<total>0</total>
				<timestamp>3079.348494</timestamp>
			</report>
			<report>
				<misses>477900001</misses>
				<total>0</total>
				<timestamp>3079.993936</timestamp>
			</report>
			<report>
				<misses>478000001</misses>
				<total>0</total>
				<timestamp>3080.639367</timestamp>
			</report>
			<report>
				<misses>478100001</misses>
				<total>0</total>
				<timestamp>3081.284507</timestamp>
			</report>
			<report>
				<misses>478200001</misses>
				<total>0</total>
				<timestamp>3081.930626</timestamp>
			</report>
			<report>
				<misses>478300001</misses>
				<total>0</total>
				<timestamp>3082.575410</timestamp>
			</report>
			<report>
				<misses>478400001</misses>
				<total>0</total>
				<timestamp>3083.220108</timestamp>
			</report>
			<report>
				<misses>478500001</misses>
				<total>0</total>
				<timestamp>3083.865294</timestamp>
			</report>
			<report>
				<misses>478600001</misses>
				<total>0</total>
				<timestamp>3084.510377</timestamp>
			</report>
			<report>
				<misses>478700001</misses>
				<total>0</total>
				<timestamp>3085.156811</timestamp>
			</report>
			<report>
				<misses>478800001</misses>
				<total>0</total>
				<timestamp>3085.802408</timestamp>
			</report>
			<report>
				<misses>478900001</misses>
				<total>0</total>
				<timestamp>3086.448051</timestamp>
			</report>
			<report>
				<misses>479000001</misses>
				<total>0</total>
				<timestamp>3087.094270</timestamp>
			</report>
			<report>
				<misses>479100001</misses>
				<total>0</total>
				<timestamp>3087.740803</timestamp>
			</report>
			<report>
				<misses>479200001</misses>
				<total>0</total>
				<timestamp>3088.387852</timestamp>
			</report>
			<report>
				<misses>479300001</misses>
				<total>0</total>
				<timestamp>3089.033614</timestamp>
			</report>
			<report>
				<misses>479400001</misses>
				<total>0</total>
				<timestamp>3089.680577</timestamp>
			</report>
			<report>
				<misses>479500001</misses>
				<total>0</total>
				<timestamp>3090.328710</timestamp>
			</report>
			<report>
				<misses>479600001</misses>
				<total>0</total>
				<timestamp>3090.976810</timestamp>
			</report>
			<report>
				<misses>479700001</misses>
				<total>0</total>
				<timestamp>3091.624403</timestamp>
			</report>
			<report>
				<misses>479800001</misses>
				<total>0</total>
				<timestamp>3092.271442</timestamp>
			</report>
			<report>
				<misses>479900001</misses>
				<total>0</total>
				<timestamp>3092.918811</timestamp>
			</report>
			<report>
				<misses>480000001</misses>
				<total>0</total>
				<timestamp>3093.565869</timestamp>
			</report>
			<report>
				<misses>480100001</misses>
				<total>0</total>
				<timestamp>3094.214780</timestamp>
			</report>
			<report>
				<misses>480200001</misses>
				<total>0</total>
				<timestamp>3094.862284</timestamp>
			</report>
			<report>
				<misses>480300001</misses>
				<total>0</total>
				<timestamp>3095.509216</timestamp>
			</report>
			<report>
				<misses>480400001</misses>
				<total>0</total>
				<timestamp>3096.156582</timestamp>
			</report>
			<report>
				<misses>480500001</misses>
				<total>0</total>
				<timestamp>3096.803828</timestamp>
			</report>
			<report>
				<misses>480600001</misses>
				<total>0</total>
				<timestamp>3097.451294</timestamp>
			</report>
			<report>
				<misses>480700001</misses>
				<total>0</total>
				<timestamp>3098.100294</timestamp>
			</report>
			<report>
				<misses>480800001</misses>
				<total>0</total>
				<timestamp>3098.747208</timestamp>
			</report>
			<report>
				<misses>480900001</misses>
				<total>0</total>
				<timestamp>3099.392970</timestamp>
			</report>
			<report>
				<misses>481000001</misses>
				<total>0</total>
				<timestamp>3100.029712</timestamp>
			</report>
			<report>
				<misses>481100001</misses>
				<total>0</total>
				<timestamp>3100.666833</timestamp>
			</report>
			<report>
				<misses>481200001</misses>
				<total>0</total>
				<timestamp>3101.303686</timestamp>
			</report>
			<report>
				<misses>481300001</misses>
				<total>0</total>
				<timestamp>3101.940172</timestamp>
			</report>
			<report>
				<misses>481400001</misses>
				<total>0</total>
				<timestamp>3102.577079</timestamp>
			</report>
			<report>
				<misses>481500001</misses>
				<total>0</total>
				<timestamp>3103.214253</timestamp>
			</report>
			<report>
				<misses>481600001</misses>
				<total>0</total>
				<timestamp>3103.851375</timestamp>
			</report>
			<report>
				<misses>481700001</misses>
				<total>0</total>
				<timestamp>3104.488316</timestamp>
			</report>
			<report>
				<misses>481800001</misses>
				<total>0</total>
				<timestamp>3105.125188</timestamp>
			</report>
			<report>
				<misses>481900001</misses>
				<total>0</total>
				<timestamp>3105.761319</timestamp>
			</report>
			<report>
				<misses>482000001</misses>
				<total>0</total>
				<timestamp>3106.398448</timestamp>
			</report>
			<report>
				<misses>482100001</misses>
				<total>0</total>
				<timestamp>3107.035361</timestamp>
			</report>
			<report>
				<misses>482200001</misses>
				<total>0</total>
				<timestamp>3107.671837</timestamp>
			</report>
			<report>
				<misses>482300001</misses>
				<total>0</total>
				<timestamp>3108.308278</timestamp>
			</report>
			<report>
				<misses>482400001</misses>
				<total>0</total>
				<timestamp>3108.944834</timestamp>
			</report>
			<report>
				<misses>482500001</misses>
				<total>0</total>
				<timestamp>3109.580838</timestamp>
			</report>
			<report>
				<misses>482600001</misses>
				<total>0</total>
				<timestamp>3110.216840</timestamp>
			</report>
			<report>
				<misses>482700001</misses>
				<total>0</total>
				<timestamp>3110.852854</timestamp>
			</report>
			<report>
				<misses>482800001</misses>
				<total>0</total>
				<timestamp>3111.488634</timestamp>
			</report>
			<report>
				<misses>482900001</misses>
				<total>0</total>
				<timestamp>3112.124589</timestamp>
			</report>
			<report>
				<misses>483000001</misses>
				<total>0</total>
				<timestamp>3112.762323</timestamp>
			</report>
			<report>
				<misses>483100001</misses>
				<total>0</total>
				<timestamp>3113.398983</timestamp>
			</report>
			<report>
				<misses>483200001</misses>
				<total>0</total>
				<timestamp>3114.035198</timestamp>
			</report>
			<report>
				<misses>483300001</misses>
				<total>0</total>
				<timestamp>3114.672234</timestamp>
			</report>
			<report>
				<misses>483400001</misses>
				<total>0</total>
				<timestamp>3115.309444</timestamp>
			</report>
			<report>
				<misses>483500001</misses>
				<total>0</total>
				<timestamp>3115.945535</timestamp>
			</report>
			<report>
				<misses>483600001</misses>
				<total>0</total>
				<timestamp>3116.583082</timestamp>
			</report>
			<report>
				<misses>483700001</misses>
				<total>0</total>
				<timestamp>3117.220736</timestamp>
			</report>
			<report>
				<misses>483800001</misses>
				<total>0</total>
				<timestamp>3117.858459</timestamp>
			</report>
			<report>
				<misses>483900001</misses>
				<total>0</total>
				<timestamp>3118.496455</timestamp>
			</report>
			<report>
				<misses>484000001</misses>
				<total>0</total>
				<timestamp>3119.134076</timestamp>
			</report>
			<report>
				<misses>484100001</misses>
				<total>0</total>
				<timestamp>3119.771714</timestamp>
			</report>
			<report>
				<misses>484200001</misses>
				<total>0</total>
				<timestamp>3120.409481</timestamp>
			</report>
			<report>
				<misses>484300001</misses>
				<total>0</total>
				<timestamp>3121.047298</timestamp>
			</report>
			<report>
				<misses>484400001</misses>
				<total>0</total>
				<timestamp>3121.685000</timestamp>
			</report>
			<report>
				<misses>484500001</misses>
				<total>0</total>
				<timestamp>3122.321954</timestamp>
			</report>
			<report>
				<misses>484600001</misses>
				<total>0</total>
				<timestamp>3122.960114</timestamp>
			</report>
			<report>
				<misses>484700001</misses>
				<total>0</total>
				<timestamp>3123.598099</timestamp>
			</report>
			<report>
				<misses>484800001</misses>
				<total>0</total>
				<timestamp>3124.237036</timestamp>
			</report>
			<report>
				<misses>484900001</misses>
				<total>0</total>
				<timestamp>3124.876054</timestamp>
			</report>
			<report>
				<misses>485000001</misses>
				<total>0</total>
				<timestamp>3125.514001</timestamp>
			</report>
			<report>
				<misses>485100001</misses>
				<total>0</total>
				<timestamp>3126.152190</timestamp>
			</report>
			<report>
				<misses>485200001</misses>
				<total>0</total>
				<timestamp>3126.790302</timestamp>
			</report>
			<report>
				<misses>485300001</misses>
				<total>0</total>
				<timestamp>3127.427550</timestamp>
			</report>
			<report>
				<misses>485400001</misses>
				<total>0</total>
				<timestamp>3128.066831</timestamp>
			</report>
			<report>
				<misses>485500001</misses>
				<total>0</total>
				<timestamp>3128.706397</timestamp>
			</report>
			<report>
				<misses>485600001</misses>
				<total>0</total>
				<timestamp>3129.344414</timestamp>
			</report>
			<report>
				<misses>485700001</misses>
				<total>0</total>
				<timestamp>3129.982388</timestamp>
			</report>
			<report>
				<misses>485800001</misses>
				<total>0</total>
				<timestamp>3130.621645</timestamp>
			</report>
			<report>
				<misses>485900001</misses>
				<total>0</total>
				<timestamp>3131.259730</timestamp>
			</report>
			<report>
				<misses>486000001</misses>
				<total>0</total>
				<timestamp>3131.898012</timestamp>
			</report>
			<report>
				<misses>486100001</misses>
				<total>0</total>
				<timestamp>3132.536226</timestamp>
			</report>
			<report>
				<misses>486200001</misses>
				<total>0</total>
				<timestamp>3133.174575</timestamp>
			</report>
			<report>
				<misses>486300001</misses>
				<total>0</total>
				<timestamp>3133.812575</timestamp>
			</report>
			<report>
				<misses>486400001</misses>
				<total>0</total>
				<timestamp>3134.450843</timestamp>
			</report>
			<report>
				<misses>486500001</misses>
				<total>0</total>
				<timestamp>3135.089725</timestamp>
			</report>
			<report>
				<misses>486600001</misses>
				<total>0</total>
				<timestamp>3135.729066</timestamp>
			</report>
			<report>
				<misses>486700001</misses>
				<total>0</total>
				<timestamp>3136.367779</timestamp>
			</report>
			<report>
				<misses>486800001</misses>
				<total>0</total>
				<timestamp>3137.006430</timestamp>
			</report>
			<report>
				<misses>486900001</misses>
				<total>0</total>
				<timestamp>3137.645444</timestamp>
			</report>
			<report>
				<misses>487000001</misses>
				<total>0</total>
				<timestamp>3138.284559</timestamp>
			</report>
			<report>
				<misses>487100001</misses>
				<total>0</total>
				<timestamp>3138.923107</timestamp>
			</report>
			<report>
				<misses>487200001</misses>
				<total>0</total>
				<timestamp>3139.561998</timestamp>
			</report>
			<report>
				<misses>487300001</misses>
				<total>0</total>
				<timestamp>3140.200854</timestamp>
			</report>
			<report>
				<misses>487400001</misses>
				<total>0</total>
				<timestamp>3140.839056</timestamp>
			</report>
			<report>
				<misses>487500001</misses>
				<total>0</total>
				<timestamp>3141.477499</timestamp>
			</report>
			<report>
				<misses>487600001</misses>
				<total>0</total>
				<timestamp>3142.116733</timestamp>
			</report>
			<report>
				<misses>487700001</misses>
				<total>0</total>
				<timestamp>3142.755739</timestamp>
			</report>
			<report>
				<misses>487800001</misses>
				<total>0</total>
				<timestamp>3143.394649</timestamp>
			</report>
			<report>
				<misses>487900001</misses>
				<total>0</total>
				<timestamp>3144.034129</timestamp>
			</report>
			<report>
				<misses>488000001</misses>
				<total>0</total>
				<timestamp>3144.672921</timestamp>
			</report>
			<report>
				<misses>488100001</misses>
				<total>0</total>
				<timestamp>3145.312125</timestamp>
			</report>
			<report>
				<misses>488200001</misses>
				<total>0</total>
				<timestamp>3145.951446</timestamp>
			</report>
			<report>
				<misses>488300001</misses>
				<total>0</total>
				<timestamp>3146.590500</timestamp>
			</report>
			<report>
				<misses>488400001</misses>
				<total>0</total>
				<timestamp>3147.229741</timestamp>
			</report>
			<report>
				<misses>488500001</misses>
				<total>0</total>
				<timestamp>3147.869810</timestamp>
			</report>
			<report>
				<misses>488600001</misses>
				<total>0</total>
				<timestamp>3148.509677</timestamp>
			</report>
			<report>
				<misses>488700001</misses>
				<total>0</total>
				<timestamp>3149.149293</timestamp>
			</report>
			<report>
				<misses>488800001</misses>
				<total>0</total>
				<timestamp>3149.788007</timestamp>
			</report>
			<report>
				<misses>488900001</misses>
				<total>0</total>
				<timestamp>3150.425649</timestamp>
			</report>
			<report>
				<misses>489000001</misses>
				<total>0</total>
				<timestamp>3151.064614</timestamp>
			</report>
			<report>
				<misses>489100001</misses>
				<total>0</total>
				<timestamp>3151.703614</timestamp>
			</report>
			<report>
				<misses>489200001</misses>
				<total>0</total>
				<timestamp>3152.343240</timestamp>
			</report>
			<report>
				<misses>489300001</misses>
				<total>0</total>
				<timestamp>3152.982106</timestamp>
			</report>
			<report>
				<misses>489400001</misses>
				<total>0</total>
				<timestamp>3153.622125</timestamp>
			</report>
			<report>
				<misses>489500001</misses>
				<total>0</total>
				<timestamp>3154.261593</timestamp>
			</report>
			<report>
				<misses>489600001</misses>
				<total>0</total>
				<timestamp>3154.900951</timestamp>
			</report>
			<report>
				<misses>489700001</misses>
				<total>0</total>
				<timestamp>3155.541540</timestamp>
			</report>
			<report>
				<misses>489800001</misses>
				<total>0</total>
				<timestamp>3156.180752</timestamp>
			</report>
			<report>
				<misses>489900001</misses>
				<total>0</total>
				<timestamp>3156.819398</timestamp>
			</report>
			<report>
				<misses>490000001</misses>
				<total>0</total>
				<timestamp>3157.457595</timestamp>
			</report>
			<report>
				<misses>490100001</misses>
				<total>0</total>
				<timestamp>3158.095410</timestamp>
			</report>
			<report>
				<misses>490200001</misses>
				<total>0</total>
				<timestamp>3158.734072</timestamp>
			</report>
			<report>
				<misses>490300001</misses>
				<total>0</total>
				<timestamp>3159.372187</timestamp>
			</report>
			<report>
				<misses>490400001</misses>
				<total>0</total>
				<timestamp>3160.010629</timestamp>
			</report>
			<report>
				<misses>490500001</misses>
				<total>0</total>
				<timestamp>3160.648259</timestamp>
			</report>
			<report>
				<misses>490600001</misses>
				<total>0</total>
				<timestamp>3161.286412</timestamp>
			</report>
			<report>
				<misses>490700001</misses>
				<total>0</total>
				<timestamp>3161.924905</timestamp>
			</report>
			<report>
				<misses>490800001</misses>
				<total>0</total>
				<timestamp>3162.562566</timestamp>
			</report>
			<report>
				<misses>490900001</misses>
				<total>0</total>
				<timestamp>3163.199642</timestamp>
			</report>
			<report>
				<misses>491000001</misses>
				<total>0</total>
				<timestamp>3163.838419</timestamp>
			</report>
			<report>
				<misses>491100001</misses>
				<total>0</total>
				<timestamp>3164.477446</timestamp>
			</report>
			<report>
				<misses>491200001</misses>
				<total>0</total>
				<timestamp>3165.116454</timestamp>
			</report>
			<report>
				<misses>491300001</misses>
				<total>0</total>
				<timestamp>3165.755614</timestamp>
			</report>
			<report>
				<misses>491400001</misses>
				<total>0</total>
				<timestamp>3166.394318</timestamp>
			</report>
			<report>
				<misses>491500001</misses>
				<total>0</total>
				<timestamp>3167.032734</timestamp>
			</report>
			<report>
				<misses>491600001</misses>
				<total>0</total>
				<timestamp>3167.671989</timestamp>
			</report>
			<report>
				<misses>491700001</misses>
				<total>0</total>
				<timestamp>3168.310615</timestamp>
			</report>
			<report>
				<misses>491800001</misses>
				<total>0</total>
				<timestamp>3168.948849</timestamp>
			</report>
			<report>
				<misses>491900001</misses>
				<total>0</total>
				<timestamp>3169.586860</timestamp>
			</report>
			<report>
				<misses>492000001</misses>
				<total>0</total>
				<timestamp>3170.224362</timestamp>
			</report>
			<report>
				<misses>492100001</misses>
				<total>0</total>
				<timestamp>3170.861636</timestamp>
			</report>
			<report>
				<misses>492200001</misses>
				<total>0</total>
				<timestamp>3171.500047</timestamp>
			</report>
			<report>
				<misses>492300001</misses>
				<total>0</total>
				<timestamp>3172.137801</timestamp>
			</report>
			<report>
				<misses>492400001</misses>
				<total>0</total>
				<timestamp>3172.775837</timestamp>
			</report>
			<report>
				<misses>492500001</misses>
				<total>0</total>
				<timestamp>3173.414490</timestamp>
			</report>
			<report>
				<misses>492600001</misses>
				<total>0</total>
				<timestamp>3174.052879</timestamp>
			</report>
			<report>
				<misses>492700001</misses>
				<total>0</total>
				<timestamp>3174.691539</timestamp>
			</report>
			<report>
				<misses>492800001</misses>
				<total>0</total>
				<timestamp>3175.330545</timestamp>
			</report>
			<report>
				<misses>492900001</misses>
				<total>0</total>
				<timestamp>3175.968524</timestamp>
			</report>
			<report>
				<misses>493000001</misses>
				<total>0</total>
				<timestamp>3176.607396</timestamp>
			</report>
			<report>
				<misses>493100001</misses>
				<total>0</total>
				<timestamp>3177.245274</timestamp>
			</report>
			<report>
				<misses>493200001</misses>
				<total>0</total>
				<timestamp>3177.883483</timestamp>
			</report>
			<report>
				<misses>493300001</misses>
				<total>0</total>
				<timestamp>3178.521370</timestamp>
			</report>
			<report>
				<misses>493400001</misses>
				<total>0</total>
				<timestamp>3179.158833</timestamp>
			</report>
			<report>
				<misses>493500001</misses>
				<total>0</total>
				<timestamp>3179.796805</timestamp>
			</report>
			<report>
				<misses>493600001</misses>
				<total>0</total>
				<timestamp>3180.434728</timestamp>
			</report>
			<report>
				<misses>493700001</misses>
				<total>0</total>
				<timestamp>3181.072567</timestamp>
			</report>
			<report>
				<misses>493800001</misses>
				<total>0</total>
				<timestamp>3181.711231</timestamp>
			</report>
			<report>
				<misses>493900001</misses>
				<total>0</total>
				<timestamp>3182.349515</timestamp>
			</report>
			<report>
				<misses>494000001</misses>
				<total>0</total>
				<timestamp>3182.987978</timestamp>
			</report>
			<report>
				<misses>494100001</misses>
				<total>0</total>
				<timestamp>3183.625785</timestamp>
			</report>
			<report>
				<misses>494200001</misses>
				<total>0</total>
				<timestamp>3184.265123</timestamp>
			</report>
			<report>
				<misses>494300001</misses>
				<total>0</total>
				<timestamp>3184.904447</timestamp>
			</report>
			<report>
				<misses>494400001</misses>
				<total>0</total>
				<timestamp>3185.543558</timestamp>
			</report>
			<report>
				<misses>494500001</misses>
				<total>0</total>
				<timestamp>3186.182043</timestamp>
			</report>
			<report>
				<misses>494600001</misses>
				<total>0</total>
				<timestamp>3186.820185</timestamp>
			</report>
			<report>
				<misses>494700001</misses>
				<total>0</total>
				<timestamp>3187.457943</timestamp>
			</report>
			<report>
				<misses>494800001</misses>
				<total>0</total>
				<timestamp>3188.096691</timestamp>
			</report>
			<report>
				<misses>494900001</misses>
				<total>0</total>
				<timestamp>3188.735545</timestamp>
			</report>
			<report>
				<misses>495000001</misses>
				<total>0</total>
				<timestamp>3189.373685</timestamp>
			</report>
			<report>
				<misses>495100001</misses>
				<total>0</total>
				<timestamp>3190.011864</timestamp>
			</report>
			<report>
				<misses>495200001</misses>
				<total>0</total>
				<timestamp>3190.649749</timestamp>
			</report>
			<report>
				<misses>495300001</misses>
				<total>0</total>
				<timestamp>3191.287754</timestamp>
			</report>
			<report>
				<misses>495400001</misses>
				<total>0</total>
				<timestamp>3191.925880</timestamp>
			</report>
			<report>
				<misses>495500001</misses>
				<total>0</total>
				<timestamp>3192.563666</timestamp>
			</report>
			<report>
				<misses>495600001</misses>
				<total>0</total>
				<timestamp>3193.201713</timestamp>
			</report>
			<report>
				<misses>495700001</misses>
				<total>0</total>
				<timestamp>3193.841023</timestamp>
			</report>
			<report>
				<misses>495800001</misses>
				<total>0</total>
				<timestamp>3194.480375</timestamp>
			</report>
			<report>
				<misses>495900001</misses>
				<total>0</total>
				<timestamp>3195.119761</timestamp>
			</report>
			<report>
				<misses>496000001</misses>
				<total>0</total>
				<timestamp>3195.758858</timestamp>
			</report>
			<report>
				<misses>496100001</misses>
				<total>0</total>
				<timestamp>3196.397914</timestamp>
			</report>
			<report>
				<misses>496200001</misses>
				<total>0</total>
				<timestamp>3197.037831</timestamp>
			</report>
			<report>
				<misses>496300001</misses>
				<total>0</total>
				<timestamp>3197.676242</timestamp>
			</report>
			<report>
				<misses>496400001</misses>
				<total>0</total>
				<timestamp>3198.314559</timestamp>
			</report>
			<report>
				<misses>496500001</misses>
				<total>0</total>
				<timestamp>3198.952676</timestamp>
			</report>
			<report>
				<misses>496600001</misses>
				<total>0</total>
				<timestamp>3199.591133</timestamp>
			</report>
			<report>
				<misses>496700001</misses>
				<total>0</total>
				<timestamp>3200.229926</timestamp>
			</report>
			<report>
				<misses>496800001</misses>
				<total>0</total>
				<timestamp>3200.869196</timestamp>
			</report>
			<report>
				<misses>496900001</misses>
				<total>0</total>
				<timestamp>3201.507310</timestamp>
			</report>
			<report>
				<misses>497000001</misses>
				<total>0</total>
				<timestamp>3202.145740</timestamp>
			</report>
			<report>
				<misses>497100001</misses>
				<total>0</total>
				<timestamp>3202.784031</timestamp>
			</report>
			<report>
				<misses>497200001</misses>
				<total>0</total>
				<timestamp>3203.422722</timestamp>
			</report>
			<report>
				<misses>497300001</misses>
				<total>0</total>
				<timestamp>3204.060982</timestamp>
			</report>
			<report>
				<misses>497400001</misses>
				<total>0</total>
				<timestamp>3204.698890</timestamp>
			</report>
			<report>
				<misses>497500001</misses>
				<total>0</total>
				<timestamp>3205.336998</timestamp>
			</report>
			<report>
				<misses>497600001</misses>
				<total>0</total>
				<timestamp>3205.974915</timestamp>
			</report>
			<report>
				<misses>497700001</misses>
				<total>0</total>
				<timestamp>3206.613259</timestamp>
			</report>
			<report>
				<misses>497800001</misses>
				<total>0</total>
				<timestamp>3207.251240</timestamp>
			</report>
			<report>
				<misses>497900001</misses>
				<total>0</total>
				<timestamp>3207.888922</timestamp>
			</report>
			<report>
				<misses>498000001</misses>
				<total>0</total>
				<timestamp>3208.526357</timestamp>
			</report>
			<report>
				<misses>498100001</misses>
				<total>0</total>
				<timestamp>3209.163533</timestamp>
			</report>
			<report>
				<misses>498200001</misses>
				<total>0</total>
				<timestamp>3209.801124</timestamp>
			</report>
			<report>
				<misses>498300001</misses>
				<total>0</total>
				<timestamp>3210.438422</timestamp>
			</report>
			<report>
				<misses>498400001</misses>
				<total>0</total>
				<timestamp>3211.073657</timestamp>
			</report>
			<report>
				<misses>498500001</misses>
				<total>0</total>
				<timestamp>3211.708834</timestamp>
			</report>
			<report>
				<misses>498600001</misses>
				<total>0</total>
				<timestamp>3212.345458</timestamp>
			</report>
			<report>
				<misses>498700001</misses>
				<total>0</total>
				<timestamp>3212.982365</timestamp>
			</report>
			<report>
				<misses>498800001</misses>
				<total>0</total>
				<timestamp>3213.619191</timestamp>
			</report>
			<report>
				<misses>498900001</misses>
				<total>0</total>
				<timestamp>3214.256064</timestamp>
			</report>
			<report>
				<misses>499000001</misses>
				<total>0</total>
				<timestamp>3214.892563</timestamp>
			</report>
			<report>
				<misses>499100001</misses>
				<total>0</total>
				<timestamp>3215.529294</timestamp>
			</report>
			<report>
				<misses>499200001</misses>
				<total>0</total>
				<timestamp>3216.166416</timestamp>
			</report>
			<report>
				<misses>499300001</misses>
				<total>0</total>
				<timestamp>3216.803120</timestamp>
			</report>
			<report>
				<misses>499400001</misses>
				<total>0</total>
				<timestamp>3217.439699</timestamp>
			</report>
			<report>
				<misses>499500001</misses>
				<total>0</total>
				<timestamp>3218.075129</timestamp>
			</report>
			<report>
				<misses>499600001</misses>
				<total>0</total>
				<timestamp>3218.710697</timestamp>
			</report>
			<report>
				<misses>499700001</misses>
				<total>0</total>
				<timestamp>3219.347206</timestamp>
			</report>
			<report>
				<misses>499800001</misses>
				<total>0</total>
				<timestamp>3219.982547</timestamp>
			</report>
			<report>
				<misses>499900001</misses>
				<total>0</total>
				<timestamp>3220.618725</timestamp>
			</report>
			<report>
				<misses>500000001</misses>
				<total>0</total>
				<timestamp>3221.255001</timestamp>
			</report>
			<report>
				<misses>500100001</misses>
				<total>0</total>
				<timestamp>3221.891053</timestamp>
			</report>
			<report>
				<misses>500200001</misses>
				<total>0</total>
				<timestamp>3222.527925</timestamp>
			</report>
			<report>
				<misses>500300001</misses>
				<total>0</total>
				<timestamp>3223.165250</timestamp>
			</report>
			<report>
				<misses>500400001</misses>
				<total>0</total>
				<timestamp>3223.802189</timestamp>
			</report>
			<report>
				<misses>500500001</misses>
				<total>0</total>
				<timestamp>3224.437968</timestamp>
			</report>
			<report>
				<misses>500600001</misses>
				<total>0</total>
				<timestamp>3225.073137</timestamp>
			</report>
			<report>
				<misses>500700001</misses>
				<total>0</total>
				<timestamp>3225.710098</timestamp>
			</report>
			<report>
				<misses>500800001</misses>
				<total>0</total>
				<timestamp>3226.345884</timestamp>
			</report>
			<report>
				<misses>500900001</misses>
				<total>0</total>
				<timestamp>3226.987256</timestamp>
			</report>
			<report>
				<misses>501000001</misses>
				<total>0</total>
				<timestamp>3227.640524</timestamp>
			</report>
			<report>
				<misses>501100001</misses>
				<total>0</total>
				<timestamp>3228.293256</timestamp>
			</report>
			<report>
				<misses>501200001</misses>
				<total>0</total>
				<timestamp>3228.945880</timestamp>
			</report>
			<report>
				<misses>501300001</misses>
				<total>0</total>
				<timestamp>3229.593682</timestamp>
			</report>
			<report>
				<misses>501400001</misses>
				<total>0</total>
				<timestamp>3230.239902</timestamp>
			</report>
			<report>
				<misses>501500001</misses>
				<total>0</total>
				<timestamp>3230.886282</timestamp>
			</report>
			<report>
				<misses>501600001</misses>
				<total>0</total>
				<timestamp>3231.534230</timestamp>
			</report>
			<report>
				<misses>501700001</misses>
				<total>0</total>
				<timestamp>3232.181758</timestamp>
			</report>
			<report>
				<misses>501800001</misses>
				<total>0</total>
				<timestamp>3232.828832</timestamp>
			</report>
			<report>
				<misses>501900001</misses>
				<total>0</total>
				<timestamp>3233.476502</timestamp>
			</report>
			<report>
				<misses>502000001</misses>
				<total>0</total>
				<timestamp>3234.123261</timestamp>
			</report>
			<report>
				<misses>502100001</misses>
				<total>0</total>
				<timestamp>3234.769923</timestamp>
			</report>
			<report>
				<misses>502200001</misses>
				<total>0</total>
				<timestamp>3235.417156</timestamp>
			</report>
			<report>
				<misses>502300001</misses>
				<total>0</total>
				<timestamp>3236.064168</timestamp>
			</report>
			<report>
				<misses>502400001</misses>
				<total>0</total>
				<timestamp>3236.712481</timestamp>
			</report>
			<report>
				<misses>502500001</misses>
				<total>0</total>
				<timestamp>3237.360885</timestamp>
			</report>
			<report>
				<misses>502600001</misses>
				<total>0</total>
				<timestamp>3238.009232</timestamp>
			</report>
			<report>
				<misses>502700001</misses>
				<total>0</total>
				<timestamp>3238.657232</timestamp>
			</report>
			<report>
				<misses>502800001</misses>
				<total>0</total>
				<timestamp>3239.305205</timestamp>
			</report>
			<report>
				<misses>502900001</misses>
				<total>0</total>
				<timestamp>3239.953455</timestamp>
			</report>
			<report>
				<misses>503000001</misses>
				<total>0</total>
				<timestamp>3240.601757</timestamp>
			</report>
			<report>
				<misses>503100001</misses>
				<total>0</total>
				<timestamp>3241.247469</timestamp>
			</report>
			<report>
				<misses>503200001</misses>
				<total>0</total>
				<timestamp>3241.885023</timestamp>
			</report>
			<report>
				<misses>503300001</misses>
				<total>0</total>
				<timestamp>3242.522639</timestamp>
			</report>
			<report>
				<misses>503400001</misses>
				<total>0</total>
				<timestamp>3243.160442</timestamp>
			</report>
			<report>
				<misses>503500001</misses>
				<total>0</total>
				<timestamp>3243.799852</timestamp>
			</report>
			<report>
				<misses>503600001</misses>
				<total>0</total>
				<timestamp>3244.437857</timestamp>
			</report>
			<report>
				<misses>503700001</misses>
				<total>0</total>
				<timestamp>3245.076255</timestamp>
			</report>
			<report>
				<misses>503800001</misses>
				<total>0</total>
				<timestamp>3245.714462</timestamp>
			</report>
			<report>
				<misses>503900001</misses>
				<total>0</total>
				<timestamp>3246.352520</timestamp>
			</report>
			<report>
				<misses>504000001</misses>
				<total>0</total>
				<timestamp>3246.991092</timestamp>
			</report>
			<report>
				<misses>504100001</misses>
				<total>0</total>
				<timestamp>3247.630144</timestamp>
			</report>
			<report>
				<misses>504200001</misses>
				<total>0</total>
				<timestamp>3248.268278</timestamp>
			</report>
			<report>
				<misses>504300001</misses>
				<total>0</total>
				<timestamp>3248.905784</timestamp>
			</report>
			<report>
				<misses>504400001</misses>
				<total>0</total>
				<timestamp>3249.543559</timestamp>
			</report>
			<report>
				<misses>504500001</misses>
				<total>0</total>
				<timestamp>3250.181175</timestamp>
			</report>
			<report>
				<misses>504600001</misses>
				<total>0</total>
				<timestamp>3250.818820</timestamp>
			</report>
			<report>
				<misses>504700001</misses>
				<total>0</total>
				<timestamp>3251.456510</timestamp>
			</report>
			<report>
				<misses>504800001</misses>
				<total>0</total>
				<timestamp>3252.093246</timestamp>
			</report>
			<report>
				<misses>504900001</misses>
				<total>0</total>
				<timestamp>3252.730174</timestamp>
			</report>
			<report>
				<misses>505000001</misses>
				<total>0</total>
				<timestamp>3253.367089</timestamp>
			</report>
			<report>
				<misses>505100001</misses>
				<total>0</total>
				<timestamp>3254.004142</timestamp>
			</report>
			<report>
				<misses>505200001</misses>
				<total>0</total>
				<timestamp>3254.641242</timestamp>
			</report>
			<report>
				<misses>505300001</misses>
				<total>0</total>
				<timestamp>3255.277330</timestamp>
			</report>
			<report>
				<misses>505400001</misses>
				<total>0</total>
				<timestamp>3255.914460</timestamp>
			</report>
			<report>
				<misses>505500001</misses>
				<total>0</total>
				<timestamp>3256.551282</timestamp>
			</report>
			<report>
				<misses>505600001</misses>
				<total>0</total>
				<timestamp>3257.189125</timestamp>
			</report>
			<report>
				<misses>505700001</misses>
				<total>0</total>
				<timestamp>3257.827687</timestamp>
			</report>
			<report>
				<misses>505800001</misses>
				<total>0</total>
				<timestamp>3258.464308</timestamp>
			</report>
			<report>
				<misses>505900001</misses>
				<total>0</total>
				<timestamp>3259.101191</timestamp>
			</report>
			<report>
				<misses>506000001</misses>
				<total>0</total>
				<timestamp>3259.738140</timestamp>
			</report>
			<report>
				<misses>506100001</misses>
				<total>0</total>
				<timestamp>3260.374831</timestamp>
			</report>
			<report>
				<misses>506200001</misses>
				<total>0</total>
				<timestamp>3261.010227</timestamp>
			</report>
			<report>
				<misses>506300001</misses>
				<total>0</total>
				<timestamp>3261.646580</timestamp>
			</report>
			<report>
				<misses>506400001</misses>
				<total>0</total>
				<timestamp>3262.282769</timestamp>
			</report>
			<report>
				<misses>506500001</misses>
				<total>0</total>
				<timestamp>3262.918942</timestamp>
			</report>
			<report>
				<misses>506600001</misses>
				<total>0</total>
				<timestamp>3263.555019</timestamp>
			</report>
			<report>
				<misses>506700001</misses>
				<total>0</total>
				<timestamp>3264.191778</timestamp>
			</report>
			<report>
				<misses>506800001</misses>
				<total>0</total>
				<timestamp>3264.828358</timestamp>
			</report>
			<report>
				<misses>506900001</misses>
				<total>0</total>
				<timestamp>3265.464611</timestamp>
			</report>
			<report>
				<misses>507000001</misses>
				<total>0</total>
				<timestamp>3266.100737</timestamp>
			</report>
			<report>
				<misses>507100001</misses>
				<total>0</total>
				<timestamp>3266.737312</timestamp>
			</report>
			<report>
				<misses>507200001</misses>
				<total>0</total>
				<timestamp>3267.373915</timestamp>
			</report>
			<report>
				<misses>507300001</misses>
				<total>0</total>
				<timestamp>3268.010082</timestamp>
			</report>
			<report>
				<misses>507400001</misses>
				<total>0</total>
				<timestamp>3268.646398</timestamp>
			</report>
			<report>
				<misses>507500001</misses>
				<total>0</total>
				<timestamp>3269.281930</timestamp>
			</report>
			<report>
				<misses>507600001</misses>
				<total>0</total>
				<timestamp>3269.917219</timestamp>
			</report>
			<report>
				<misses>507700001</misses>
				<total>0</total>
				<timestamp>3270.552447</timestamp>
			</report>
			<report>
				<misses>507800001</misses>
				<total>0</total>
				<timestamp>3271.187783</timestamp>
			</report>
			<report>
				<misses>507900001</misses>
				<total>0</total>
				<timestamp>3271.823488</timestamp>
			</report>
			<report>
				<misses>508000001</misses>
				<total>0</total>
				<timestamp>3272.458240</timestamp>
			</report>
			<report>
				<misses>508100001</misses>
				<total>0</total>
				<timestamp>3273.092720</timestamp>
			</report>
			<report>
				<misses>508200001</misses>
				<total>0</total>
				<timestamp>3273.729248</timestamp>
			</report>
			<report>
				<misses>508300001</misses>
				<total>0</total>
				<timestamp>3274.363596</timestamp>
			</report>
			<report>
				<misses>508400001</misses>
				<total>0</total>
				<timestamp>3274.998983</timestamp>
			</report>
			<report>
				<misses>508500001</misses>
				<total>0</total>
				<timestamp>3275.635014</timestamp>
			</report>
			<report>
				<misses>508600001</misses>
				<total>0</total>
				<timestamp>3276.270367</timestamp>
			</report>
			<report>
				<misses>508700001</misses>
				<total>0</total>
				<timestamp>3276.904651</timestamp>
			</report>
			<report>
				<misses>508800001</misses>
				<total>0</total>
				<timestamp>3277.539600</timestamp>
			</report>
			<report>
				<misses>508900001</misses>
				<total>0</total>
				<timestamp>3278.175399</timestamp>
			</report>
			<report>
				<misses>509000001</misses>
				<total>0</total>
				<timestamp>3278.811461</timestamp>
			</report>
			<report>
				<misses>509100001</misses>
				<total>0</total>
				<timestamp>3279.446859</timestamp>
			</report>
			<report>
				<misses>509200001</misses>
				<total>0</total>
				<timestamp>3280.081798</timestamp>
			</report>
			<report>
				<misses>509300001</misses>
				<total>0</total>
				<timestamp>3280.717527</timestamp>
			</report>
			<report>
				<misses>509400001</misses>
				<total>0</total>
				<timestamp>3281.352287</timestamp>
			</report>
			<report>
				<misses>509500001</misses>
				<total>0</total>
				<timestamp>3281.987762</timestamp>
			</report>
			<report>
				<misses>509600001</misses>
				<total>0</total>
				<timestamp>3282.623090</timestamp>
			</report>
			<report>
				<misses>509700001</misses>
				<total>0</total>
				<timestamp>3283.259435</timestamp>
			</report>
			<report>
				<misses>509800001</misses>
				<total>0</total>
				<timestamp>3283.896049</timestamp>
			</report>
			<report>
				<misses>509900001</misses>
				<total>0</total>
				<timestamp>3284.541940</timestamp>
			</report>
			<report>
				<misses>510000001</misses>
				<total>0</total>
				<timestamp>3285.194280</timestamp>
			</report>
			<report>
				<misses>510100001</misses>
				<total>0</total>
				<timestamp>3285.846533</timestamp>
			</report>
			<report>
				<misses>510200001</misses>
				<total>0</total>
				<timestamp>3286.499875</timestamp>
			</report>
			<report>
				<misses>510300001</misses>
				<total>0</total>
				<timestamp>3287.153406</timestamp>
			</report>
			<report>
				<misses>510400001</misses>
				<total>0</total>
				<timestamp>3287.807367</timestamp>
			</report>
			<report>
				<misses>510500001</misses>
				<total>0</total>
				<timestamp>3288.459186</timestamp>
			</report>
			<report>
				<misses>510600001</misses>
				<total>0</total>
				<timestamp>3289.106175</timestamp>
			</report>
			<report>
				<misses>510700001</misses>
				<total>0</total>
				<timestamp>3289.753948</timestamp>
			</report>
			<report>
				<misses>510800001</misses>
				<total>0</total>
				<timestamp>3290.399247</timestamp>
			</report>
			<report>
				<misses>510900001</misses>
				<total>0</total>
				<timestamp>3291.039590</timestamp>
			</report>
			<report>
				<misses>511000001</misses>
				<total>0</total>
				<timestamp>3291.678951</timestamp>
			</report>
			<report>
				<misses>511100001</misses>
				<total>0</total>
				<timestamp>3292.318032</timestamp>
			</report>
			<report>
				<misses>511200001</misses>
				<total>0</total>
				<timestamp>3292.956698</timestamp>
			</report>
			<report>
				<misses>511300001</misses>
				<total>0</total>
				<timestamp>3293.595066</timestamp>
			</report>
			<report>
				<misses>511400001</misses>
				<total>0</total>
				<timestamp>3294.233802</timestamp>
			</report>
			<report>
				<misses>511500001</misses>
				<total>0</total>
				<timestamp>3294.871846</timestamp>
			</report>
			<report>
				<misses>511600001</misses>
				<total>0</total>
				<timestamp>3295.510694</timestamp>
			</report>
			<report>
				<misses>511700001</misses>
				<total>0</total>
				<timestamp>3296.148917</timestamp>
			</report>
			<report>
				<misses>511800001</misses>
				<total>0</total>
				<timestamp>3296.787069</timestamp>
			</report>
			<report>
				<misses>511900001</misses>
				<total>0</total>
				<timestamp>3297.425692</timestamp>
			</report>
			<report>
				<misses>512000001</misses>
				<total>0</total>
				<timestamp>3298.063364</timestamp>
			</report>
			<report>
				<misses>512100001</misses>
				<total>0</total>
				<timestamp>3298.702141</timestamp>
			</report>
			<report>
				<misses>512200001</misses>
				<total>0</total>
				<timestamp>3299.340696</timestamp>
			</report>
			<report>
				<misses>512300001</misses>
				<total>0</total>
				<timestamp>3299.979738</timestamp>
			</report>
			<report>
				<misses>512400001</misses>
				<total>0</total>
				<timestamp>3300.617670</timestamp>
			</report>
			<report>
				<misses>512500001</misses>
				<total>0</total>
				<timestamp>3301.255735</timestamp>
			</report>
			<report>
				<misses>512600001</misses>
				<total>0</total>
				<timestamp>3301.893950</timestamp>
			</report>
			<report>
				<misses>512700001</misses>
				<total>0</total>
				<timestamp>3302.532268</timestamp>
			</report>
			<report>
				<misses>512800001</misses>
				<total>0</total>
				<timestamp>3303.170342</timestamp>
			</report>
			<report>
				<misses>512900001</misses>
				<total>0</total>
				<timestamp>3303.808822</timestamp>
			</report>
			<report>
				<misses>513000001</misses>
				<total>0</total>
				<timestamp>3304.447338</timestamp>
			</report>
			<report>
				<misses>513100001</misses>
				<total>0</total>
				<timestamp>3305.085249</timestamp>
			</report>
			<report>
				<misses>513200001</misses>
				<total>0</total>
				<timestamp>3305.722538</timestamp>
			</report>
			<report>
				<misses>513300001</misses>
				<total>0</total>
				<timestamp>3306.360842</timestamp>
			</report>
			<report>
				<misses>513400001</misses>
				<total>0</total>
				<timestamp>3306.999248</timestamp>
			</report>
			<report>
				<misses>513500001</misses>
				<total>0</total>
				<timestamp>3307.638448</timestamp>
			</report>
			<report>
				<misses>513600001</misses>
				<total>0</total>
				<timestamp>3308.277135</timestamp>
			</report>
			<report>
				<misses>513700001</misses>
				<total>0</total>
				<timestamp>3308.915934</timestamp>
			</report>
			<report>
				<misses>513800001</misses>
				<total>0</total>
				<timestamp>3309.554250</timestamp>
			</report>
			<report>
				<misses>513900001</misses>
				<total>0</total>
				<timestamp>3310.192868</timestamp>
			</report>
			<report>
				<misses>514000001</misses>
				<total>0</total>
				<timestamp>3310.831453</timestamp>
			</report>
			<report>
				<misses>514100001</misses>
				<total>0</total>
				<timestamp>3311.469913</timestamp>
			</report>
			<report>
				<misses>514200001</misses>
				<total>0</total>
				<timestamp>3312.108572</timestamp>
			</report>
			<report>
				<misses>514300001</misses>
				<total>0</total>
				<timestamp>3312.747033</timestamp>
			</report>
			<report>
				<misses>514400001</misses>
				<total>0</total>
				<timestamp>3313.386032</timestamp>
			</report>
			<report>
				<misses>514500001</misses>
				<total>0</total>
				<timestamp>3314.023803</timestamp>
			</report>
			<report>
				<misses>514600001</misses>
				<total>0</total>
				<timestamp>3314.661243</timestamp>
			</report>
			<report>
				<misses>514700001</misses>
				<total>0</total>
				<timestamp>3315.299143</timestamp>
			</report>
			<report>
				<misses>514800001</misses>
				<total>0</total>
				<timestamp>3315.938174</timestamp>
			</report>
			<report>
				<misses>514900001</misses>
				<total>0</total>
				<timestamp>3316.577047</timestamp>
			</report>
			<report>
				<misses>515000001</misses>
				<total>0</total>
				<timestamp>3317.216551</timestamp>
			</report>
			<report>
				<misses>515100001</misses>
				<total>0</total>
				<timestamp>3317.855602</timestamp>
			</report>
			<report>
				<misses>515200001</misses>
				<total>0</total>
				<timestamp>3318.495458</timestamp>
			</report>
			<report>
				<misses>515300001</misses>
				<total>0</total>
				<timestamp>3319.134646</timestamp>
			</report>
			<report>
				<misses>515400001</misses>
				<total>0</total>
				<timestamp>3319.772532</timestamp>
			</report>
			<report>
				<misses>515500001</misses>
				<total>0</total>
				<timestamp>3320.411478</timestamp>
			</report>
			<report>
				<misses>515600001</misses>
				<total>0</total>
				<timestamp>3321.056216</timestamp>
			</report>
			<report>
				<misses>515700001</misses>
				<total>0</total>
				<timestamp>3321.692885</timestamp>
			</report>
			<report>
				<misses>515800001</misses>
				<total>0</total>
				<timestamp>3322.327943</timestamp>
			</report>
			<report>
				<misses>515900001</misses>
				<total>0</total>
				<timestamp>3322.962925</timestamp>
			</report>
			<report>
				<misses>516000001</misses>
				<total>0</total>
				<timestamp>3323.599421</timestamp>
			</report>
			<report>
				<misses>516100001</misses>
				<total>0</total>
				<timestamp>3324.235649</timestamp>
			</report>
			<report>
				<misses>516200001</misses>
				<total>0</total>
				<timestamp>3324.872366</timestamp>
			</report>
			<report>
				<misses>516300001</misses>
				<total>0</total>
				<timestamp>3325.508643</timestamp>
			</report>
			<report>
				<misses>516400001</misses>
				<total>0</total>
				<timestamp>3326.145034</timestamp>
			</report>
			<report>
				<misses>516500001</misses>
				<total>0</total>
				<timestamp>3326.781293</timestamp>
			</report>
			<report>
				<misses>516600001</misses>
				<total>0</total>
				<timestamp>3327.418956</timestamp>
			</report>
			<report>
				<misses>516700001</misses>
				<total>0</total>
				<timestamp>3328.057891</timestamp>
			</report>
			<report>
				<misses>516800001</misses>
				<total>0</total>
				<timestamp>3328.697122</timestamp>
			</report>
			<report>
				<misses>516900001</misses>
				<total>0</total>
				<timestamp>3329.337445</timestamp>
			</report>
			<report>
				<misses>517000001</misses>
				<total>0</total>
				<timestamp>3329.977810</timestamp>
			</report>
			<report>
				<misses>517100001</misses>
				<total>0</total>
				<timestamp>3330.618252</timestamp>
			</report>
			<report>
				<misses>517200001</misses>
				<total>0</total>
				<timestamp>3331.258476</timestamp>
			</report>
			<report>
				<misses>517300001</misses>
				<total>0</total>
				<timestamp>3331.899138</timestamp>
			</report>
			<report>
				<misses>517400001</misses>
				<total>0</total>
				<timestamp>3332.540007</timestamp>
			</report>
			<report>
				<misses>517500001</misses>
				<total>0</total>
				<timestamp>3333.179342</timestamp>
			</report>
			<report>
				<misses>517600001</misses>
				<total>0</total>
				<timestamp>3333.824826</timestamp>
			</report>
			<report>
				<misses>517700001</misses>
				<total>0</total>
				<timestamp>3334.474444</timestamp>
			</report>
			<report>
				<misses>517800001</misses>
				<total>0</total>
				<timestamp>3335.121702</timestamp>
			</report>
			<report>
				<misses>517900001</misses>
				<total>0</total>
				<timestamp>3335.770222</timestamp>
			</report>
			<report>
				<misses>518000001</misses>
				<total>0</total>
				<timestamp>3336.418769</timestamp>
			</report>
			<report>
				<misses>518100001</misses>
				<total>0</total>
				<timestamp>3337.068394</timestamp>
			</report>
			<report>
				<misses>518200001</misses>
				<total>0</total>
				<timestamp>3337.717857</timestamp>
			</report>
			<report>
				<misses>518300001</misses>
				<total>0</total>
				<timestamp>3338.367373</timestamp>
			</report>
			<report>
				<misses>518400001</misses>
				<total>0</total>
				<timestamp>3339.016295</timestamp>
			</report>
			<report>
				<misses>518500001</misses>
				<total>0</total>
				<timestamp>3339.664660</timestamp>
			</report>
			<report>
				<misses>518600001</misses>
				<total>0</total>
				<timestamp>3340.313890</timestamp>
			</report>
			<report>
				<misses>518700001</misses>
				<total>0</total>
				<timestamp>3340.963302</timestamp>
			</report>
			<report>
				<misses>518800001</misses>
				<total>0</total>
				<timestamp>3341.612628</timestamp>
			</report>
			<report>
				<misses>518900001</misses>
				<total>0</total>
				<timestamp>3342.262521</timestamp>
			</report>
			<report>
				<misses>519000001</misses>
				<total>0</total>
				<timestamp>3342.911865</timestamp>
			</report>
			<report>
				<misses>519100001</misses>
				<total>0</total>
				<timestamp>3343.561408</timestamp>
			</report>
			<report>
				<misses>519200001</misses>
				<total>0</total>
				<timestamp>3344.212012</timestamp>
			</report>
			<report>
				<misses>519300001</misses>
				<total>0</total>
				<timestamp>3344.862881</timestamp>
			</report>
			<report>
				<misses>519400001</misses>
				<total>0</total>
				<timestamp>3345.512546</timestamp>
			</report>
			<report>
				<misses>519500001</misses>
				<total>0</total>
				<timestamp>3346.161933</timestamp>
			</report>
			<report>
				<misses>519600001</misses>
				<total>0</total>
				<timestamp>3346.811442</timestamp>
			</report>
			<report>
				<misses>519700001</misses>
				<total>0</total>
				<timestamp>3347.462322</timestamp>
			</report>
			<report>
				<misses>519800001</misses>
				<total>0</total>
				<timestamp>3348.112802</timestamp>
			</report>
			<report>
				<misses>519900001</misses>
				<total>0</total>
				<timestamp>3348.762349</timestamp>
			</report>
			<report>
				<misses>520000001</misses>
				<total>0</total>
				<timestamp>3349.411946</timestamp>
			</report>
			<report>
				<misses>520100001</misses>
				<total>0</total>
				<timestamp>3350.060619</timestamp>
			</report>
			<report>
				<misses>520200001</misses>
				<total>0</total>
				<timestamp>3350.709263</timestamp>
			</report>
			<report>
				<misses>520300001</misses>
				<total>0</total>
				<timestamp>3351.358784</timestamp>
			</report>
			<report>
				<misses>520400001</misses>
				<total>0</total>
				<timestamp>3352.008916</timestamp>
			</report>
			<report>
				<misses>520500001</misses>
				<total>0</total>
				<timestamp>3352.660159</timestamp>
			</report>
			<report>
				<misses>520600001</misses>
				<total>0</total>
				<timestamp>3353.310260</timestamp>
			</report>
			<report>
				<misses>520700001</misses>
				<total>0</total>
				<timestamp>3353.959787</timestamp>
			</report>
			<report>
				<misses>520800001</misses>
				<total>0</total>
				<timestamp>3354.609393</timestamp>
			</report>
			<report>
				<misses>520900001</misses>
				<total>0</total>
				<timestamp>3355.257672</timestamp>
			</report>
			<report>
				<misses>521000001</misses>
				<total>0</total>
				<timestamp>3355.906457</timestamp>
			</report>
			<report>
				<misses>521100001</misses>
				<total>0</total>
				<timestamp>3356.555882</timestamp>
			</report>
			<report>
				<misses>521200001</misses>
				<total>0</total>
				<timestamp>3357.205590</timestamp>
			</report>
			<report>
				<misses>521300001</misses>
				<total>0</total>
				<timestamp>3357.855580</timestamp>
			</report>
			<report>
				<misses>521400001</misses>
				<total>0</total>
				<timestamp>3358.504948</timestamp>
			</report>
			<report>
				<misses>521500001</misses>
				<total>0</total>
				<timestamp>3359.154690</timestamp>
			</report>
			<report>
				<misses>521600001</misses>
				<total>0</total>
				<timestamp>3359.804273</timestamp>
			</report>
			<report>
				<misses>521700001</misses>
				<total>0</total>
				<timestamp>3360.453671</timestamp>
			</report>
			<report>
				<misses>521800001</misses>
				<total>0</total>
				<timestamp>3361.102979</timestamp>
			</report>
			<report>
				<misses>521900001</misses>
				<total>0</total>
				<timestamp>3361.752255</timestamp>
			</report>
			<report>
				<misses>522000001</misses>
				<total>0</total>
				<timestamp>3362.401250</timestamp>
			</report>
			<report>
				<misses>522100001</misses>
				<total>0</total>
				<timestamp>3363.050182</timestamp>
			</report>
			<report>
				<misses>522200001</misses>
				<total>0</total>
				<timestamp>3363.700054</timestamp>
			</report>
			<report>
				<misses>522300001</misses>
				<total>0</total>
				<timestamp>3364.349971</timestamp>
			</report>
			<report>
				<misses>522400001</misses>
				<total>0</total>
				<timestamp>3364.999277</timestamp>
			</report>
			<report>
				<misses>522500001</misses>
				<total>0</total>
				<timestamp>3365.648399</timestamp>
			</report>
			<report>
				<misses>522600001</misses>
				<total>0</total>
				<timestamp>3366.297744</timestamp>
			</report>
			<report>
				<misses>522700001</misses>
				<total>0</total>
				<timestamp>3366.946526</timestamp>
			</report>
			<report>
				<misses>522800001</misses>
				<total>0</total>
				<timestamp>3367.595500</timestamp>
			</report>
			<report>
				<misses>522900001</misses>
				<total>0</total>
				<timestamp>3368.241258</timestamp>
			</report>
			<report>
				<misses>523000001</misses>
				<total>0</total>
				<timestamp>3368.880445</timestamp>
			</report>
			<report>
				<misses>523100001</misses>
				<total>0</total>
				<timestamp>3369.519995</timestamp>
			</report>
			<report>
				<misses>523200001</misses>
				<total>0</total>
				<timestamp>3370.158677</timestamp>
			</report>
			<report>
				<misses>523300001</misses>
				<total>0</total>
				<timestamp>3370.797479</timestamp>
			</report>
			<report>
				<misses>523400001</misses>
				<total>0</total>
				<timestamp>3371.436146</timestamp>
			</report>
			<report>
				<misses>523500001</misses>
				<total>0</total>
				<timestamp>3372.077532</timestamp>
			</report>
			<report>
				<misses>523600001</misses>
				<total>0</total>
				<timestamp>3372.716793</timestamp>
			</report>
			<report>
				<misses>523700001</misses>
				<total>0</total>
				<timestamp>3373.355116</timestamp>
			</report>
			<report>
				<misses>523800001</misses>
				<total>0</total>
				<timestamp>3373.993895</timestamp>
			</report>
			<report>
				<misses>523900001</misses>
				<total>0</total>
				<timestamp>3374.632783</timestamp>
			</report>
			<report>
				<misses>524000001</misses>
				<total>0</total>
				<timestamp>3375.271903</timestamp>
			</report>
			<report>
				<misses>524100001</misses>
				<total>0</total>
				<timestamp>3375.910621</timestamp>
			</report>
			<report>
				<misses>524200001</misses>
				<total>0</total>
				<timestamp>3376.549575</timestamp>
			</report>
			<report>
				<misses>524300001</misses>
				<total>0</total>
				<timestamp>3377.188941</timestamp>
			</report>
			<report>
				<misses>524400001</misses>
				<total>0</total>
				<timestamp>3377.828728</timestamp>
			</report>
			<report>
				<misses>524500001</misses>
				<total>0</total>
				<timestamp>3378.468772</timestamp>
			</report>
			<report>
				<misses>524600001</misses>
				<total>0</total>
				<timestamp>3379.108564</timestamp>
			</report>
			<report>
				<misses>524700001</misses>
				<total>0</total>
				<timestamp>3379.748393</timestamp>
			</report>
			<report>
				<misses>524800001</misses>
				<total>0</total>
				<timestamp>3380.388964</timestamp>
			</report>
			<report>
				<misses>524900001</misses>
				<total>0</total>
				<timestamp>3381.029659</timestamp>
			</report>
			<report>
				<misses>525000001</misses>
				<total>0</total>
				<timestamp>3381.667525</timestamp>
			</report>
			<report>
				<misses>525100001</misses>
				<total>0</total>
				<timestamp>3382.305356</timestamp>
			</report>
			<report>
				<misses>525200001</misses>
				<total>0</total>
				<timestamp>3382.940713</timestamp>
			</report>
			<report>
				<misses>525300001</misses>
				<total>0</total>
				<timestamp>3383.576127</timestamp>
			</report>
			<report>
				<misses>525400001</misses>
				<total>0</total>
				<timestamp>3384.211175</timestamp>
			</report>
			<report>
				<misses>525500001</misses>
				<total>0</total>
				<timestamp>3384.847727</timestamp>
			</report>
			<report>
				<misses>525600001</misses>
				<total>0</total>
				<timestamp>3385.483600</timestamp>
			</report>
			<report>
				<misses>525700001</misses>
				<total>0</total>
				<timestamp>3386.118425</timestamp>
			</report>
			<report>
				<misses>525800001</misses>
				<total>0</total>
				<timestamp>3386.757075</timestamp>
			</report>
			<report>
				<misses>525900001</misses>
				<total>0</total>
				<timestamp>3387.405443</timestamp>
			</report>
			<report>
				<misses>526000001</misses>
				<total>0</total>
				<timestamp>3388.054961</timestamp>
			</report>
			<report>
				<misses>526100001</misses>
				<total>0</total>
				<timestamp>3388.705404</timestamp>
			</report>
			<report>
				<misses>526200001</misses>
				<total>0</total>
				<timestamp>3389.355549</timestamp>
			</report>
			<report>
				<misses>526300001</misses>
				<total>0</total>
				<timestamp>3390.005622</timestamp>
			</report>
			<report>
				<misses>526400001</misses>
				<total>0</total>
				<timestamp>3390.655151</timestamp>
			</report>
			<report>
				<misses>526500001</misses>
				<total>0</total>
				<timestamp>3391.306732</timestamp>
			</report>
			<report>
				<misses>526600001</misses>
				<total>0</total>
				<timestamp>3391.958702</timestamp>
			</report>
			<report>
				<misses>526700001</misses>
				<total>0</total>
				<timestamp>3392.609749</timestamp>
			</report>
			<report>
				<misses>526800001</misses>
				<total>0</total>
				<timestamp>3393.261774</timestamp>
			</report>
			<report>
				<misses>526900001</misses>
				<total>0</total>
				<timestamp>3393.914085</timestamp>
			</report>
			<report>
				<misses>527000001</misses>
				<total>0</total>
				<timestamp>3394.565048</timestamp>
			</report>
			<report>
				<misses>527100001</misses>
				<total>0</total>
				<timestamp>3395.218240</timestamp>
			</report>
			<report>
				<misses>527200001</misses>
				<total>0</total>
				<timestamp>3395.871421</timestamp>
			</report>
			<report>
				<misses>527300001</misses>
				<total>0</total>
				<timestamp>3396.523345</timestamp>
			</report>
			<report>
				<misses>527400001</misses>
				<total>0</total>
				<timestamp>3397.175628</timestamp>
			</report>
			<report>
				<misses>527500001</misses>
				<total>0</total>
				<timestamp>3397.829143</timestamp>
			</report>
			<report>
				<misses>527600001</misses>
				<total>0</total>
				<timestamp>3398.481208</timestamp>
			</report>
			<report>
				<misses>527700001</misses>
				<total>0</total>
				<timestamp>3399.133492</timestamp>
			</report>
			<report>
				<misses>527800001</misses>
				<total>0</total>
				<timestamp>3399.786263</timestamp>
			</report>
			<report>
				<misses>527900001</misses>
				<total>0</total>
				<timestamp>3400.438077</timestamp>
			</report>
			<report>
				<misses>528000001</misses>
				<total>0</total>
				<timestamp>3401.090311</timestamp>
			</report>
			<report>
				<misses>528100001</misses>
				<total>0</total>
				<timestamp>3401.744147</timestamp>
			</report>
			<report>
				<misses>528200001</misses>
				<total>0</total>
				<timestamp>3402.395716</timestamp>
			</report>
			<report>
				<misses>528300001</misses>
				<total>0</total>
				<timestamp>3403.048237</timestamp>
			</report>
			<report>
				<misses>528400001</misses>
				<total>0</total>
				<timestamp>3403.699602</timestamp>
			</report>
			<report>
				<misses>528500001</misses>
				<total>0</total>
				<timestamp>3404.352122</timestamp>
			</report>
			<report>
				<misses>528600001</misses>
				<total>0</total>
				<timestamp>3405.004220</timestamp>
			</report>
			<report>
				<misses>528700001</misses>
				<total>0</total>
				<timestamp>3405.657440</timestamp>
			</report>
			<report>
				<misses>528800001</misses>
				<total>0</total>
				<timestamp>3406.310918</timestamp>
			</report>
			<report>
				<misses>528900001</misses>
				<total>0</total>
				<timestamp>3406.964775</timestamp>
			</report>
			<report>
				<misses>529000001</misses>
				<total>0</total>
				<timestamp>3407.617857</timestamp>
			</report>
			<report>
				<misses>529100001</misses>
				<total>0</total>
				<timestamp>3408.272290</timestamp>
			</report>
			<report>
				<misses>529200001</misses>
				<total>0</total>
				<timestamp>3408.924248</timestamp>
			</report>
			<report>
				<misses>529300001</misses>
				<total>0</total>
				<timestamp>3409.577753</timestamp>
			</report>
			<report>
				<misses>529400001</misses>
				<total>0</total>
				<timestamp>3410.231600</timestamp>
			</report>
			<report>
				<misses>529500001</misses>
				<total>0</total>
				<timestamp>3410.885713</timestamp>
			</report>
			<report>
				<misses>529600001</misses>
				<total>0</total>
				<timestamp>3411.534443</timestamp>
			</report>
			<report>
				<misses>529700001</misses>
				<total>0</total>
				<timestamp>3412.180426</timestamp>
			</report>
			<report>
				<misses>529800001</misses>
				<total>0</total>
				<timestamp>3412.825492</timestamp>
			</report>
			<report>
				<misses>529900001</misses>
				<total>0</total>
				<timestamp>3413.471619</timestamp>
			</report>
			<report>
				<misses>530000001</misses>
				<total>0</total>
				<timestamp>3414.117268</timestamp>
			</report>
			<report>
				<misses>530100001</misses>
				<total>0</total>
				<timestamp>3414.761789</timestamp>
			</report>
			<report>
				<misses>530200001</misses>
				<total>0</total>
				<timestamp>3415.406828</timestamp>
			</report>
			<report>
				<misses>530300001</misses>
				<total>0</total>
				<timestamp>3416.051329</timestamp>
			</report>
			<report>
				<misses>530400001</misses>
				<total>0</total>
				<timestamp>3416.696939</timestamp>
			</report>
			<report>
				<misses>530500001</misses>
				<total>0</total>
				<timestamp>3417.341920</timestamp>
			</report>
			<report>
				<misses>530600001</misses>
				<total>0</total>
				<timestamp>3417.982784</timestamp>
			</report>
			<report>
				<misses>530700001</misses>
				<total>0</total>
				<timestamp>3418.623230</timestamp>
			</report>
			<report>
				<misses>530800001</misses>
				<total>0</total>
				<timestamp>3419.263535</timestamp>
			</report>
			<report>
				<misses>530900001</misses>
				<total>0</total>
				<timestamp>3419.905827</timestamp>
			</report>
			<report>
				<misses>531000001</misses>
				<total>0</total>
				<timestamp>3420.545052</timestamp>
			</report>
			<report>
				<misses>531100001</misses>
				<total>0</total>
				<timestamp>3421.185881</timestamp>
			</report>
			<report>
				<misses>531200001</misses>
				<total>0</total>
				<timestamp>3421.824980</timestamp>
			</report>
			<report>
				<misses>531300001</misses>
				<total>0</total>
				<timestamp>3422.464458</timestamp>
			</report>
			<report>
				<misses>531400001</misses>
				<total>0</total>
				<timestamp>3423.104418</timestamp>
			</report>
			<report>
				<misses>531500001</misses>
				<total>0</total>
				<timestamp>3423.744347</timestamp>
			</report>
			<report>
				<misses>531600001</misses>
				<total>0</total>
				<timestamp>3424.384283</timestamp>
			</report>
			<report>
				<misses>531700001</misses>
				<total>0</total>
				<timestamp>3425.024521</timestamp>
			</report>
			<report>
				<misses>531800001</misses>
				<total>0</total>
				<timestamp>3425.664551</timestamp>
			</report>
			<report>
				<misses>531900001</misses>
				<total>0</total>
				<timestamp>3426.305269</timestamp>
			</report>
			<report>
				<misses>532000001</misses>
				<total>0</total>
				<timestamp>3426.945688</timestamp>
			</report>
			<report>
				<misses>532100001</misses>
				<total>0</total>
				<timestamp>3427.585432</timestamp>
			</report>
			<report>
				<misses>532200001</misses>
				<total>0</total>
				<timestamp>3428.225448</timestamp>
			</report>
			<report>
				<misses>532300001</misses>
				<total>0</total>
				<timestamp>3428.865778</timestamp>
			</report>
			<report>
				<misses>532400001</misses>
				<total>0</total>
				<timestamp>3429.505395</timestamp>
			</report>
			<report>
				<misses>532500001</misses>
				<total>0</total>
				<timestamp>3430.145713</timestamp>
			</report>
			<report>
				<misses>532600001</misses>
				<total>0</total>
				<timestamp>3430.784487</timestamp>
			</report>
			<report>
				<misses>532700001</misses>
				<total>0</total>
				<timestamp>3431.421895</timestamp>
			</report>
			<report>
				<misses>532800001</misses>
				<total>0</total>
				<timestamp>3432.059957</timestamp>
			</report>
			<report>
				<misses>532900001</misses>
				<total>0</total>
				<timestamp>3432.697349</timestamp>
			</report>
			<report>
				<misses>533000001</misses>
				<total>0</total>
				<timestamp>3433.334446</timestamp>
			</report>
			<report>
				<misses>533100001</misses>
				<total>0</total>
				<timestamp>3433.971917</timestamp>
			</report>
			<report>
				<misses>533200001</misses>
				<total>0</total>
				<timestamp>3434.608951</timestamp>
			</report>
			<report>
				<misses>533300001</misses>
				<total>0</total>
				<timestamp>3435.247018</timestamp>
			</report>
			<report>
				<misses>533400001</misses>
				<total>0</total>
				<timestamp>3435.884935</timestamp>
			</report>
			<report>
				<misses>533500001</misses>
				<total>0</total>
				<timestamp>3436.523197</timestamp>
			</report>
			<report>
				<misses>533600001</misses>
				<total>0</total>
				<timestamp>3437.160445</timestamp>
			</report>
			<report>
				<misses>533700001</misses>
				<total>0</total>
				<timestamp>3437.797535</timestamp>
			</report>
			<report>
				<misses>533800001</misses>
				<total>0</total>
				<timestamp>3438.435472</timestamp>
			</report>
			<report>
				<misses>533900001</misses>
				<total>0</total>
				<timestamp>3439.072890</timestamp>
			</report>
			<report>
				<misses>534000001</misses>
				<total>0</total>
				<timestamp>3439.710552</timestamp>
			</report>
			<report>
				<misses>534100001</misses>
				<total>0</total>
				<timestamp>3440.347699</timestamp>
			</report>
			<report>
				<misses>534200001</misses>
				<total>0</total>
				<timestamp>3440.984634</timestamp>
			</report>
			<report>
				<misses>534300001</misses>
				<total>0</total>
				<timestamp>3441.621942</timestamp>
			</report>
			<report>
				<misses>534400001</misses>
				<total>0</total>
				<timestamp>3442.264409</timestamp>
			</report>
			<report>
				<misses>534500001</misses>
				<total>0</total>
				<timestamp>3442.908648</timestamp>
			</report>
			<report>
				<misses>534600001</misses>
				<total>0</total>
				<timestamp>3443.552710</timestamp>
			</report>
			<report>
				<misses>534700001</misses>
				<total>0</total>
				<timestamp>3444.198162</timestamp>
			</report>
			<report>
				<misses>534800001</misses>
				<total>0</total>
				<timestamp>3444.843022</timestamp>
			</report>
			<report>
				<misses>534900001</misses>
				<total>0</total>
				<timestamp>3445.487377</timestamp>
			</report>
			<report>
				<misses>535000001</misses>
				<total>0</total>
				<timestamp>3446.131732</timestamp>
			</report>
			<report>
				<misses>535100001</misses>
				<total>0</total>
				<timestamp>3446.776057</timestamp>
			</report>
			<report>
				<misses>535200001</misses>
				<total>0</total>
				<timestamp>3447.420936</timestamp>
			</report>
			<report>
				<misses>535300001</misses>
				<total>0</total>
				<timestamp>3448.068367</timestamp>
			</report>
			<report>
				<misses>535400001</misses>
				<total>0</total>
				<timestamp>3448.714503</timestamp>
			</report>
			<report>
				<misses>535500001</misses>
				<total>0</total>
				<timestamp>3449.360567</timestamp>
			</report>
			<report>
				<misses>535600001</misses>
				<total>0</total>
				<timestamp>3450.011368</timestamp>
			</report>
			<report>
				<misses>535700001</misses>
				<total>0</total>
				<timestamp>3450.664118</timestamp>
			</report>
			<report>
				<misses>535800001</misses>
				<total>0</total>
				<timestamp>3451.315604</timestamp>
			</report>
			<report>
				<misses>535900001</misses>
				<total>0</total>
				<timestamp>3451.967527</timestamp>
			</report>
			<report>
				<misses>536000001</misses>
				<total>0</total>
				<timestamp>3452.620252</timestamp>
			</report>
			<report>
				<misses>536100001</misses>
				<total>0</total>
				<timestamp>3453.272092</timestamp>
			</report>
			<report>
				<misses>536200001</misses>
				<total>0</total>
				<timestamp>3453.923875</timestamp>
			</report>
			<report>
				<misses>536300001</misses>
				<total>0</total>
				<timestamp>3454.576345</timestamp>
			</report>
			<report>
				<misses>536400001</misses>
				<total>0</total>
				<timestamp>3455.229035</timestamp>
			</report>
			<report>
				<misses>536500001</misses>
				<total>0</total>
				<timestamp>3455.882437</timestamp>
			</report>
			<report>
				<misses>536600001</misses>
				<total>0</total>
				<timestamp>3456.535522</timestamp>
			</report>
			<report>
				<misses>536700001</misses>
				<total>0</total>
				<timestamp>3457.189400</timestamp>
			</report>
			<report>
				<misses>536800001</misses>
				<total>0</total>
				<timestamp>3457.844427</timestamp>
			</report>
			<report>
				<misses>536900001</misses>
				<total>0</total>
				<timestamp>3458.497747</timestamp>
			</report>
			<report>
				<misses>537000001</misses>
				<total>0</total>
				<timestamp>3459.152648</timestamp>
			</report>
			<report>
				<misses>537100001</misses>
				<total>0</total>
				<timestamp>3459.805738</timestamp>
			</report>
			<report>
				<misses>537200001</misses>
				<total>0</total>
				<timestamp>3460.460717</timestamp>
			</report>
			<report>
				<misses>537300001</misses>
				<total>0</total>
				<timestamp>3461.113763</timestamp>
			</report>
			<report>
				<misses>537400001</misses>
				<total>0</total>
				<timestamp>3461.768569</timestamp>
			</report>
			<report>
				<misses>537500001</misses>
				<total>0</total>
				<timestamp>3462.421961</timestamp>
			</report>
			<report>
				<misses>537600001</misses>
				<total>0</total>
				<timestamp>3463.075386</timestamp>
			</report>
			<report>
				<misses>537700001</misses>
				<total>0</total>
				<timestamp>3463.728536</timestamp>
			</report>
			<report>
				<misses>537800001</misses>
				<total>0</total>
				<timestamp>3464.381699</timestamp>
			</report>
			<report>
				<misses>537900001</misses>
				<total>0</total>
				<timestamp>3465.035656</timestamp>
			</report>
			<report>
				<misses>538000001</misses>
				<total>0</total>
				<timestamp>3465.690212</timestamp>
			</report>
			<report>
				<misses>538100001</misses>
				<total>0</total>
				<timestamp>3466.343674</timestamp>
			</report>
			<report>
				<misses>538200001</misses>
				<total>0</total>
				<timestamp>3466.997281</timestamp>
			</report>
			<report>
				<misses>538300001</misses>
				<total>0</total>
				<timestamp>3467.649484</timestamp>
			</report>
			<report>
				<misses>538400001</misses>
				<total>0</total>
				<timestamp>3468.302347</timestamp>
			</report>
			<report>
				<misses>538500001</misses>
				<total>0</total>
				<timestamp>3468.955365</timestamp>
			</report>
			<report>
				<misses>538600001</misses>
				<total>0</total>
				<timestamp>3469.610207</timestamp>
			</report>
			<report>
				<misses>538700001</misses>
				<total>0</total>
				<timestamp>3470.263140</timestamp>
			</report>
			<report>
				<misses>538800001</misses>
				<total>0</total>
				<timestamp>3470.916319</timestamp>
			</report>
			<report>
				<misses>538900001</misses>
				<total>0</total>
				<timestamp>3471.568716</timestamp>
			</report>
			<report>
				<misses>539000001</misses>
				<total>0</total>
				<timestamp>3472.221417</timestamp>
			</report>
			<report>
				<misses>539100001</misses>
				<total>0</total>
				<timestamp>3472.873567</timestamp>
			</report>
			<report>
				<misses>539200001</misses>
				<total>0</total>
				<timestamp>3473.525872</timestamp>
			</report>
			<report>
				<misses>539300001</misses>
				<total>0</total>
				<timestamp>3474.178962</timestamp>
			</report>
			<report>
				<misses>539400001</misses>
				<total>0</total>
				<timestamp>3474.832368</timestamp>
			</report>
			<report>
				<misses>539500001</misses>
				<total>0</total>
				<timestamp>3475.486715</timestamp>
			</report>
			<report>
				<misses>539600001</misses>
				<total>0</total>
				<timestamp>3476.140905</timestamp>
			</report>
			<report>
				<misses>539700001</misses>
				<total>0</total>
				<timestamp>3476.795375</timestamp>
			</report>
			<report>
				<misses>539800001</misses>
				<total>0</total>
				<timestamp>3477.449873</timestamp>
			</report>
			<report>
				<misses>539900001</misses>
				<total>0</total>
				<timestamp>3478.104134</timestamp>
			</report>
			<report>
				<misses>540000001</misses>
				<total>0</total>
				<timestamp>3478.757145</timestamp>
			</report>
			<report>
				<misses>540100001</misses>
				<total>0</total>
				<timestamp>3479.410503</timestamp>
			</report>
			<report>
				<misses>540200001</misses>
				<total>0</total>
				<timestamp>3480.060962</timestamp>
			</report>
			<report>
				<misses>540300001</misses>
				<total>0</total>
				<timestamp>3480.710295</timestamp>
			</report>
			<report>
				<misses>540400001</misses>
				<total>0</total>
				<timestamp>3481.359869</timestamp>
			</report>
			<report>
				<misses>540500001</misses>
				<total>0</total>
				<timestamp>3482.010050</timestamp>
			</report>
			<report>
				<misses>540600001</misses>
				<total>0</total>
				<timestamp>3482.659240</timestamp>
			</report>
			<report>
				<misses>540700001</misses>
				<total>0</total>
				<timestamp>3483.305757</timestamp>
			</report>
			<report>
				<misses>540800001</misses>
				<total>0</total>
				<timestamp>3483.953171</timestamp>
			</report>
			<report>
				<misses>540900001</misses>
				<total>0</total>
				<timestamp>3484.598295</timestamp>
			</report>
			<report>
				<misses>541000001</misses>
				<total>0</total>
				<timestamp>3485.241549</timestamp>
			</report>
			<report>
				<misses>541100001</misses>
				<total>0</total>
				<timestamp>3485.881037</timestamp>
			</report>
			<report>
				<misses>541200001</misses>
				<total>0</total>
				<timestamp>3486.520512</timestamp>
			</report>
			<report>
				<misses>541300001</misses>
				<total>0</total>
				<timestamp>3487.160778</timestamp>
			</report>
			<report>
				<misses>541400001</misses>
				<total>0</total>
				<timestamp>3487.800491</timestamp>
			</report>
			<report>
				<misses>541500001</misses>
				<total>0</total>
				<timestamp>3488.440057</timestamp>
			</report>
			<report>
				<misses>541600001</misses>
				<total>0</total>
				<timestamp>3489.079944</timestamp>
			</report>
			<report>
				<misses>541700001</misses>
				<total>0</total>
				<timestamp>3489.721524</timestamp>
			</report>
			<report>
				<misses>541800001</misses>
				<total>0</total>
				<timestamp>3490.362303</timestamp>
			</report>
			<report>
				<misses>541900001</misses>
				<total>0</total>
				<timestamp>3491.003668</timestamp>
			</report>
			<report>
				<misses>542000001</misses>
				<total>0</total>
				<timestamp>3491.645089</timestamp>
			</report>
			<report>
				<misses>542100001</misses>
				<total>0</total>
				<timestamp>3492.286457</timestamp>
			</report>
			<report>
				<misses>542200001</misses>
				<total>0</total>
				<timestamp>3492.928328</timestamp>
			</report>
			<report>
				<misses>542300001</misses>
				<total>0</total>
				<timestamp>3493.571037</timestamp>
			</report>
			<report>
				<misses>542400001</misses>
				<total>0</total>
				<timestamp>3494.215334</timestamp>
			</report>
			<report>
				<misses>542500001</misses>
				<total>0</total>
				<timestamp>3494.857479</timestamp>
			</report>
			<report>
				<misses>542600001</misses>
				<total>0</total>
				<timestamp>3495.500612</timestamp>
			</report>
			<report>
				<misses>542700001</misses>
				<total>0</total>
				<timestamp>3496.144035</timestamp>
			</report>
			<report>
				<misses>542800001</misses>
				<total>0</total>
				<timestamp>3496.787298</timestamp>
			</report>
			<report>
				<misses>542900001</misses>
				<total>0</total>
				<timestamp>3497.431191</timestamp>
			</report>
			<report>
				<misses>543000001</misses>
				<total>0</total>
				<timestamp>3498.076329</timestamp>
			</report>
			<report>
				<misses>543100001</misses>
				<total>0</total>
				<timestamp>3498.720673</timestamp>
			</report>
			<report>
				<misses>543200001</misses>
				<total>0</total>
				<timestamp>3499.364630</timestamp>
			</report>
			<report>
				<misses>543300001</misses>
				<total>0</total>
				<timestamp>3500.008597</timestamp>
			</report>
			<report>
				<misses>543400001</misses>
				<total>0</total>
				<timestamp>3500.652778</timestamp>
			</report>
			<report>
				<misses>543500001</misses>
				<total>0</total>
				<timestamp>3501.296709</timestamp>
			</report>
			<report>
				<misses>543600001</misses>
				<total>0</total>
				<timestamp>3501.940593</timestamp>
			</report>
			<report>
				<misses>543700001</misses>
				<total>0</total>
				<timestamp>3502.585034</timestamp>
			</report>
			<report>
				<misses>543800001</misses>
				<total>0</total>
				<timestamp>3503.228183</timestamp>
			</report>
			<report>
				<misses>543900001</misses>
				<total>0</total>
				<timestamp>3503.870945</timestamp>
			</report>
			<report>
				<misses>544000001</misses>
				<total>0</total>
				<timestamp>3504.513647</timestamp>
			</report>
			<report>
				<misses>544100001</misses>
				<total>0</total>
				<timestamp>3505.157106</timestamp>
			</report>
			<report>
				<misses>544200001</misses>
				<total>0</total>
				<timestamp>3505.800871</timestamp>
			</report>
			<report>
				<misses>544300001</misses>
				<total>0</total>
				<timestamp>3506.444635</timestamp>
			</report>
			<report>
				<misses>544400001</misses>
				<total>0</total>
				<timestamp>3507.089979</timestamp>
			</report>
			<report>
				<misses>544500001</misses>
				<total>0</total>
				<timestamp>3507.737077</timestamp>
			</report>
			<report>
				<misses>544600001</misses>
				<total>0</total>
				<timestamp>3508.381441</timestamp>
			</report>
			<report>
				<misses>544700001</misses>
				<total>0</total>
				<timestamp>3509.027548</timestamp>
			</report>
			<report>
				<misses>544800001</misses>
				<total>0</total>
				<timestamp>3509.672379</timestamp>
			</report>
			<report>
				<misses>544900001</misses>
				<total>0</total>
				<timestamp>3510.318166</timestamp>
			</report>
			<report>
				<misses>545000001</misses>
				<total>0</total>
				<timestamp>3510.962958</timestamp>
			</report>
			<report>
				<misses>545100001</misses>
				<total>0</total>
				<timestamp>3511.607132</timestamp>
			</report>
			<report>
				<misses>545200001</misses>
				<total>0</total>
				<timestamp>3512.252831</timestamp>
			</report>
			<report>
				<misses>545300001</misses>
				<total>0</total>
				<timestamp>3512.898048</timestamp>
			</report>
			<report>
				<misses>545400001</misses>
				<total>0</total>
				<timestamp>3513.543168</timestamp>
			</report>
			<report>
				<misses>545500001</misses>
				<total>0</total>
				<timestamp>3514.187881</timestamp>
			</report>
			<report>
				<misses>545600001</misses>
				<total>0</total>
				<timestamp>3514.831588</timestamp>
			</report>
			<report>
				<misses>545700001</misses>
				<total>0</total>
				<timestamp>3515.477571</timestamp>
			</report>
			<report>
				<misses>545800001</misses>
				<total>0</total>
				<timestamp>3516.117548</timestamp>
			</report>
			<report>
				<misses>545900001</misses>
				<total>0</total>
				<timestamp>3516.754374</timestamp>
			</report>
			<report>
				<misses>546000001</misses>
				<total>0</total>
				<timestamp>3517.390887</timestamp>
			</report>
			<report>
				<misses>546100001</misses>
				<total>0</total>
				<timestamp>3518.028539</timestamp>
			</report>
			<report>
				<misses>546200001</misses>
				<total>0</total>
				<timestamp>3518.665143</timestamp>
			</report>
			<report>
				<misses>546300001</misses>
				<total>0</total>
				<timestamp>3519.302002</timestamp>
			</report>
			<report>
				<misses>546400001</misses>
				<total>0</total>
				<timestamp>3519.938499</timestamp>
			</report>
			<report>
				<misses>546500001</misses>
				<total>0</total>
				<timestamp>3520.575559</timestamp>
			</report>
			<report>
				<misses>546600001</misses>
				<total>0</total>
				<timestamp>3521.212065</timestamp>
			</report>
			<report>
				<misses>546700001</misses>
				<total>0</total>
				<timestamp>3521.849131</timestamp>
			</report>
			<report>
				<misses>546800001</misses>
				<total>0</total>
				<timestamp>3522.485200</timestamp>
			</report>
			<report>
				<misses>546900001</misses>
				<total>0</total>
				<timestamp>3523.120998</timestamp>
			</report>
			<report>
				<misses>547000001</misses>
				<total>0</total>
				<timestamp>3523.756942</timestamp>
			</report>
			<report>
				<misses>547100001</misses>
				<total>0</total>
				<timestamp>3524.394611</timestamp>
			</report>
			<report>
				<misses>547200001</misses>
				<total>0</total>
				<timestamp>3525.031856</timestamp>
			</report>
			<report>
				<misses>547300001</misses>
				<total>0</total>
				<timestamp>3525.668671</timestamp>
			</report>
			<report>
				<misses>547400001</misses>
				<total>0</total>
				<timestamp>3526.306013</timestamp>
			</report>
			<report>
				<misses>547500001</misses>
				<total>0</total>
				<timestamp>3526.943544</timestamp>
			</report>
			<report>
				<misses>547600001</misses>
				<total>0</total>
				<timestamp>3527.580335</timestamp>
			</report>
			<report>
				<misses>547700001</misses>
				<total>0</total>
				<timestamp>3528.217222</timestamp>
			</report>
			<report>
				<misses>547800001</misses>
				<total>0</total>
				<timestamp>3528.854192</timestamp>
			</report>
			<report>
				<misses>547900001</misses>
				<total>0</total>
				<timestamp>3529.490614</timestamp>
			</report>
			<report>
				<misses>548000001</misses>
				<total>0</total>
				<timestamp>3530.131812</timestamp>
			</report>
			<report>
				<misses>548100001</misses>
				<total>0</total>
				<timestamp>3530.781622</timestamp>
			</report>
			<report>
				<misses>548200001</misses>
				<total>0</total>
				<timestamp>3531.431794</timestamp>
			</report>
			<report>
				<misses>548300001</misses>
				<total>0</total>
				<timestamp>3532.081326</timestamp>
			</report>
			<report>
				<misses>548400001</misses>
				<total>0</total>
				<timestamp>3532.725925</timestamp>
			</report>
			<report>
				<misses>548500001</misses>
				<total>0</total>
				<timestamp>3533.369857</timestamp>
			</report>
			<report>
				<misses>548600001</misses>
				<total>0</total>
				<timestamp>3534.014155</timestamp>
			</report>
			<report>
				<misses>548700001</misses>
				<total>0</total>
				<timestamp>3534.659212</timestamp>
			</report>
			<report>
				<misses>548800001</misses>
				<total>0</total>
				<timestamp>3535.302913</timestamp>
			</report>
			<report>
				<misses>548900001</misses>
				<total>0</total>
				<timestamp>3535.951712</timestamp>
			</report>
			<report>
				<misses>549000001</misses>
				<total>0</total>
				<timestamp>3536.597956</timestamp>
			</report>
			<report>
				<misses>549100001</misses>
				<total>0</total>
				<timestamp>3537.242481</timestamp>
			</report>
			<report>
				<misses>549200001</misses>
				<total>0</total>
				<timestamp>3537.887274</timestamp>
			</report>
			<report>
				<misses>549300001</misses>
				<total>0</total>
				<timestamp>3538.533737</timestamp>
			</report>
			<report>
				<misses>549400001</misses>
				<total>0</total>
				<timestamp>3539.180811</timestamp>
			</report>
			<report>
				<misses>549500001</misses>
				<total>0</total>
				<timestamp>3539.824539</timestamp>
			</report>
			<report>
				<misses>549600001</misses>
				<total>0</total>
				<timestamp>3540.470094</timestamp>
			</report>
			<report>
				<misses>549700001</misses>
				<total>0</total>
				<timestamp>3541.115149</timestamp>
			</report>
			<report>
				<misses>549800001</misses>
				<total>0</total>
				<timestamp>3541.760997</timestamp>
			</report>
			<report>
				<misses>549900001</misses>
				<total>0</total>
				<timestamp>3542.406169</timestamp>
			</report>
			<report>
				<misses>550000001</misses>
				<total>0</total>
				<timestamp>3543.050406</timestamp>
			</report>
			<report>
				<misses>550100001</misses>
				<total>0</total>
				<timestamp>3543.699898</timestamp>
			</report>
			<report>
				<misses>550200001</misses>
				<total>0</total>
				<timestamp>3544.344444</timestamp>
			</report>
			<report>
				<misses>550300001</misses>
				<total>0</total>
				<timestamp>3544.990245</timestamp>
			</report>
			<report>
				<misses>550400001</misses>
				<total>0</total>
				<timestamp>3545.634586</timestamp>
			</report>
			<report>
				<misses>550500001</misses>
				<total>0</total>
				<timestamp>3546.278681</timestamp>
			</report>
			<report>
				<misses>550600001</misses>
				<total>0</total>
				<timestamp>3546.924784</timestamp>
			</report>
			<report>
				<misses>550700001</misses>
				<total>0</total>
				<timestamp>3547.571349</timestamp>
			</report>
			<report>
				<misses>550800001</misses>
				<total>0</total>
				<timestamp>3548.215797</timestamp>
			</report>
			<report>
				<misses>550900001</misses>
				<total>0</total>
				<timestamp>3548.862076</timestamp>
			</report>
			<report>
				<misses>551000001</misses>
				<total>0</total>
				<timestamp>3549.509990</timestamp>
			</report>
			<report>
				<misses>551100001</misses>
				<total>0</total>
				<timestamp>3550.155471</timestamp>
			</report>
			<report>
				<misses>551200001</misses>
				<total>0</total>
				<timestamp>3550.799665</timestamp>
			</report>
			<report>
				<misses>551300001</misses>
				<total>0</total>
				<timestamp>3551.445406</timestamp>
			</report>
			<report>
				<misses>551400001</misses>
				<total>0</total>
				<timestamp>3552.090514</timestamp>
			</report>
			<report>
				<misses>551500001</misses>
				<total>0</total>
				<timestamp>3552.738876</timestamp>
			</report>
			<report>
				<misses>551600001</misses>
				<total>0</total>
				<timestamp>3553.391052</timestamp>
			</report>
			<report>
				<misses>551700001</misses>
				<total>0</total>
				<timestamp>3554.041666</timestamp>
			</report>
			<report>
				<misses>551800001</misses>
				<total>0</total>
				<timestamp>3554.692281</timestamp>
			</report>
			<report>
				<misses>551900001</misses>
				<total>0</total>
				<timestamp>3555.343357</timestamp>
			</report>
			<report>
				<misses>552000001</misses>
				<total>0</total>
				<timestamp>3555.994227</timestamp>
			</report>
			<report>
				<misses>552100001</misses>
				<total>0</total>
				<timestamp>3556.646151</timestamp>
			</report>
			<report>
				<misses>552200001</misses>
				<total>0</total>
				<timestamp>3557.299333</timestamp>
			</report>
			<report>
				<misses>552300001</misses>
				<total>0</total>
				<timestamp>3557.951492</timestamp>
			</report>
			<report>
				<misses>552400001</misses>
				<total>0</total>
				<timestamp>3558.604213</timestamp>
			</report>
			<report>
				<misses>552500001</misses>
				<total>0</total>
				<timestamp>3559.256553</timestamp>
			</report>
			<report>
				<misses>552600001</misses>
				<total>0</total>
				<timestamp>3559.909179</timestamp>
			</report>
			<report>
				<misses>552700001</misses>
				<total>0</total>
				<timestamp>3560.561150</timestamp>
			</report>
			<report>
				<misses>552800001</misses>
				<total>0</total>
				<timestamp>3561.213819</timestamp>
			</report>
			<report>
				<misses>552900001</misses>
				<total>0</total>
				<timestamp>3561.866997</timestamp>
			</report>
			<report>
				<misses>553000001</misses>
				<total>0</total>
				<timestamp>3562.520715</timestamp>
			</report>
			<report>
				<misses>553100001</misses>
				<total>0</total>
				<timestamp>3563.169136</timestamp>
			</report>
			<report>
				<misses>553200001</misses>
				<total>0</total>
				<timestamp>3563.814686</timestamp>
			</report>
			<report>
				<misses>553300001</misses>
				<total>0</total>
				<timestamp>3564.459550</timestamp>
			</report>
			<report>
				<misses>553400001</misses>
				<total>0</total>
				<timestamp>3565.105813</timestamp>
			</report>
			<report>
				<misses>553500001</misses>
				<total>0</total>
				<timestamp>3565.751456</timestamp>
			</report>
			<report>
				<misses>553600001</misses>
				<total>0</total>
				<timestamp>3566.396478</timestamp>
			</report>
			<report>
				<misses>553700001</misses>
				<total>0</total>
				<timestamp>3567.042974</timestamp>
			</report>
			<report>
				<misses>553800001</misses>
				<total>0</total>
				<timestamp>3567.689393</timestamp>
			</report>
			<report>
				<misses>553900001</misses>
				<total>0</total>
				<timestamp>3568.335368</timestamp>
			</report>
			<report>
				<misses>554000001</misses>
				<total>0</total>
				<timestamp>3568.981057</timestamp>
			</report>
			<report>
				<misses>554100001</misses>
				<total>0</total>
				<timestamp>3569.627495</timestamp>
			</report>
			<report>
				<misses>554200001</misses>
				<total>0</total>
				<timestamp>3570.274034</timestamp>
			</report>
			<report>
				<misses>554300001</misses>
				<total>0</total>
				<timestamp>3570.919753</timestamp>
			</report>
			<report>
				<misses>554400001</misses>
				<total>0</total>
				<timestamp>3571.565069</timestamp>
			</report>
			<report>
				<misses>554500001</misses>
				<total>0</total>
				<timestamp>3572.210314</timestamp>
			</report>
			<report>
				<misses>554600001</misses>
				<total>0</total>
				<timestamp>3572.855513</timestamp>
			</report>
			<report>
				<misses>554700001</misses>
				<total>0</total>
				<timestamp>3573.500481</timestamp>
			</report>
			<report>
				<misses>554800001</misses>
				<total>0</total>
				<timestamp>3574.144693</timestamp>
			</report>
			<report>
				<misses>554900001</misses>
				<total>0</total>
				<timestamp>3574.792163</timestamp>
			</report>
			<report>
				<misses>555000001</misses>
				<total>0</total>
				<timestamp>3575.438469</timestamp>
			</report>
			<report>
				<misses>555100001</misses>
				<total>0</total>
				<timestamp>3576.086028</timestamp>
			</report>
			<report>
				<misses>555200001</misses>
				<total>0</total>
				<timestamp>3576.733882</timestamp>
			</report>
			<report>
				<misses>555300001</misses>
				<total>0</total>
				<timestamp>3577.380183</timestamp>
			</report>
			<report>
				<misses>555400001</misses>
				<total>0</total>
				<timestamp>3578.026080</timestamp>
			</report>
			<report>
				<misses>555500001</misses>
				<total>0</total>
				<timestamp>3578.673288</timestamp>
			</report>
			<report>
				<misses>555600001</misses>
				<total>0</total>
				<timestamp>3579.318297</timestamp>
			</report>
			<report>
				<misses>555700001</misses>
				<total>0</total>
				<timestamp>3579.963555</timestamp>
			</report>
			<report>
				<misses>555800001</misses>
				<total>0</total>
				<timestamp>3580.611843</timestamp>
			</report>
			<report>
				<misses>555900001</misses>
				<total>0</total>
				<timestamp>3581.258043</timestamp>
			</report>
			<report>
				<misses>556000001</misses>
				<total>0</total>
				<timestamp>3581.903997</timestamp>
			</report>
			<report>
				<misses>556100001</misses>
				<total>0</total>
				<timestamp>3582.550813</timestamp>
			</report>
			<report>
				<misses>556200001</misses>
				<total>0</total>
				<timestamp>3583.197519</timestamp>
			</report>
			<report>
				<misses>556300001</misses>
				<total>0</total>
				<timestamp>3583.848371</timestamp>
			</report>
			<report>
				<misses>556400001</misses>
				<total>0</total>
				<timestamp>3584.494805</timestamp>
			</report>
			<report>
				<misses>556500001</misses>
				<total>0</total>
				<timestamp>3585.141546</timestamp>
			</report>
			<report>
				<misses>556600001</misses>
				<total>0</total>
				<timestamp>3585.787044</timestamp>
			</report>
			<report>
				<misses>556700001</misses>
				<total>0</total>
				<timestamp>3586.433346</timestamp>
			</report>
			<report>
				<misses>556800001</misses>
				<total>0</total>
				<timestamp>3587.079015</timestamp>
			</report>
			<report>
				<misses>556900001</misses>
				<total>0</total>
				<timestamp>3587.725752</timestamp>
			</report>
			<report>
				<misses>557000001</misses>
				<total>0</total>
				<timestamp>3588.370335</timestamp>
			</report>
			<report>
				<misses>557100001</misses>
				<total>0</total>
				<timestamp>3589.015591</timestamp>
			</report>
			<report>
				<misses>557200001</misses>
				<total>0</total>
				<timestamp>3589.658326</timestamp>
			</report>
			<report>
				<misses>557300001</misses>
				<total>0</total>
				<timestamp>3590.299405</timestamp>
			</report>
			<report>
				<misses>557400001</misses>
				<total>0</total>
				<timestamp>3590.940418</timestamp>
			</report>
			<report>
				<misses>557500001</misses>
				<total>0</total>
				<timestamp>3591.581000</timestamp>
			</report>
			<report>
				<misses>557600001</misses>
				<total>0</total>
				<timestamp>3592.221461</timestamp>
			</report>
			<report>
				<misses>557700001</misses>
				<total>0</total>
				<timestamp>3592.861310</timestamp>
			</report>
			<report>
				<misses>557800001</misses>
				<total>0</total>
				<timestamp>3593.501249</timestamp>
			</report>
			<report>
				<misses>557900001</misses>
				<total>0</total>
				<timestamp>3594.141564</timestamp>
			</report>
			<report>
				<misses>558000001</misses>
				<total>0</total>
				<timestamp>3594.781795</timestamp>
			</report>
			<report>
				<misses>558100001</misses>
				<total>0</total>
				<timestamp>3595.423080</timestamp>
			</report>
			<report>
				<misses>558200001</misses>
				<total>0</total>
				<timestamp>3596.064222</timestamp>
			</report>
			<report>
				<misses>558300001</misses>
				<total>0</total>
				<timestamp>3596.704770</timestamp>
			</report>
			<report>
				<misses>558400001</misses>
				<total>0</total>
				<timestamp>3597.345716</timestamp>
			</report>
			<report>
				<misses>558500001</misses>
				<total>0</total>
				<timestamp>3597.986732</timestamp>
			</report>
			<report>
				<misses>558600001</misses>
				<total>0</total>
				<timestamp>3598.627787</timestamp>
			</report>
			<report>
				<misses>558700001</misses>
				<total>0</total>
				<timestamp>3599.268879</timestamp>
			</report>
			<report>
				<misses>558800001</misses>
				<total>0</total>
				<timestamp>3599.915155</timestamp>
			</report>
			<report>
				<misses>558900001</misses>
				<total>0</total>
				<timestamp>3600.564572</timestamp>
			</report>
			<report>
				<misses>559000001</misses>
				<total>0</total>
				<timestamp>3601.214208</timestamp>
			</report>
			<report>
				<misses>559100001</misses>
				<total>0</total>
				<timestamp>3601.865106</timestamp>
			</report>
			<report>
				<misses>559200001</misses>
				<total>0</total>
				<timestamp>3602.515127</timestamp>
			</report>
			<report>
				<misses>559300001</misses>
				<total>0</total>
				<timestamp>3603.165768</timestamp>
			</report>
			<report>
				<misses>559400001</misses>
				<total>0</total>
				<timestamp>3603.816576</timestamp>
			</report>
			<report>
				<misses>559500001</misses>
				<total>0</total>
				<timestamp>3604.467265</timestamp>
			</report>
			<report>
				<misses>559600001</misses>
				<total>0</total>
				<timestamp>3605.119258</timestamp>
			</report>
			<report>
				<misses>559700001</misses>
				<total>0</total>
				<timestamp>3605.770249</timestamp>
			</report>
			<report>
				<misses>559800001</misses>
				<total>0</total>
				<timestamp>3606.419478</timestamp>
			</report>
			<report>
				<misses>559900001</misses>
				<total>0</total>
				<timestamp>3607.069615</timestamp>
			</report>
			<report>
				<misses>560000001</misses>
				<total>0</total>
				<timestamp>3607.719655</timestamp>
			</report>
			<report>
				<misses>560100001</misses>
				<total>0</total>
				<timestamp>3608.369920</timestamp>
			</report>
			<report>
				<misses>560200001</misses>
				<total>0</total>
				<timestamp>3609.020281</timestamp>
			</report>
			<report>
				<misses>560300001</misses>
				<total>0</total>
				<timestamp>3609.671279</timestamp>
			</report>
			<report>
				<misses>560400001</misses>
				<total>0</total>
				<timestamp>3610.324876</timestamp>
			</report>
			<report>
				<misses>560500001</misses>
				<total>0</total>
				<timestamp>3610.979221</timestamp>
			</report>
			<report>
				<misses>560600001</misses>
				<total>0</total>
				<timestamp>3611.632832</timestamp>
			</report>
			<report>
				<misses>560700001</misses>
				<total>0</total>
				<timestamp>3612.287211</timestamp>
			</report>
			<report>
				<misses>560800001</misses>
				<total>0</total>
				<timestamp>3612.942214</timestamp>
			</report>
			<report>
				<misses>560900001</misses>
				<total>0</total>
				<timestamp>3613.596157</timestamp>
			</report>
			<report>
				<misses>561000001</misses>
				<total>0</total>
				<timestamp>3614.246645</timestamp>
			</report>
			<report>
				<misses>561100001</misses>
				<total>0</total>
				<timestamp>3614.894272</timestamp>
			</report>
			<report>
				<misses>561200001</misses>
				<total>0</total>
				<timestamp>3615.542126</timestamp>
			</report>
			<report>
				<misses>561300001</misses>
				<total>0</total>
				<timestamp>3616.189144</timestamp>
			</report>
			<report>
				<misses>561400001</misses>
				<total>0</total>
				<timestamp>3616.836478</timestamp>
			</report>
			<report>
				<misses>561500001</misses>
				<total>0</total>
				<timestamp>3617.483570</timestamp>
			</report>
			<report>
				<misses>561600001</misses>
				<total>0</total>
				<timestamp>3618.130995</timestamp>
			</report>
			<report>
				<misses>561700001</misses>
				<total>0</total>
				<timestamp>3618.778682</timestamp>
			</report>
			<report>
				<misses>561800001</misses>
				<total>0</total>
				<timestamp>3619.426246</timestamp>
			</report>
			<report>
				<misses>561900001</misses>
				<total>0</total>
				<timestamp>3620.073911</timestamp>
			</report>
			<report>
				<misses>562000001</misses>
				<total>0</total>
				<timestamp>3620.721202</timestamp>
			</report>
			<report>
				<misses>562100001</misses>
				<total>0</total>
				<timestamp>3621.369655</timestamp>
			</report>
			<report>
				<misses>562200001</misses>
				<total>0</total>
				<timestamp>3622.016872</timestamp>
			</report>
			<report>
				<misses>562300001</misses>
				<total>0</total>
				<timestamp>3622.664728</timestamp>
			</report>
			<report>
				<misses>562400001</misses>
				<total>0</total>
				<timestamp>3623.312329</timestamp>
			</report>
			<report>
				<misses>562500001</misses>
				<total>0</total>
				<timestamp>3623.960905</timestamp>
			</report>
			<report>
				<misses>562600001</misses>
				<total>0</total>
				<timestamp>3624.603629</timestamp>
			</report>
			<report>
				<misses>562700001</misses>
				<total>0</total>
				<timestamp>3625.246944</timestamp>
			</report>
			<report>
				<misses>562800001</misses>
				<total>0</total>
				<timestamp>3625.890536</timestamp>
			</report>
			<report>
				<misses>562900001</misses>
				<total>0</total>
				<timestamp>3626.533672</timestamp>
			</report>
			<report>
				<misses>563000001</misses>
				<total>0</total>
				<timestamp>3627.175527</timestamp>
			</report>
			<report>
				<misses>563100001</misses>
				<total>0</total>
				<timestamp>3627.818170</timestamp>
			</report>
			<report>
				<misses>563200001</misses>
				<total>0</total>
				<timestamp>3628.460102</timestamp>
			</report>
			<report>
				<misses>563300001</misses>
				<total>0</total>
				<timestamp>3629.103152</timestamp>
			</report>
			<report>
				<misses>563400001</misses>
				<total>0</total>
				<timestamp>3629.745895</timestamp>
			</report>
			<report>
				<misses>563500001</misses>
				<total>0</total>
				<timestamp>3630.388671</timestamp>
			</report>
			<report>
				<misses>563600001</misses>
				<total>0</total>
				<timestamp>3631.030259</timestamp>
			</report>
			<report>
				<misses>563700001</misses>
				<total>0</total>
				<timestamp>3631.671733</timestamp>
			</report>
			<report>
				<misses>563800001</misses>
				<total>0</total>
				<timestamp>3632.314057</timestamp>
			</report>
			<report>
				<misses>563900001</misses>
				<total>0</total>
				<timestamp>3632.957082</timestamp>
			</report>
			<report>
				<misses>564000001</misses>
				<total>0</total>
				<timestamp>3633.600482</timestamp>
			</report>
			<report>
				<misses>564100001</misses>
				<total>0</total>
				<timestamp>3634.243415</timestamp>
			</report>
			<report>
				<misses>564200001</misses>
				<total>0</total>
				<timestamp>3634.886147</timestamp>
			</report>
			<report>
				<misses>564300001</misses>
				<total>0</total>
				<timestamp>3635.528144</timestamp>
			</report>
			<report>
				<misses>564400001</misses>
				<total>0</total>
				<timestamp>3636.171320</timestamp>
			</report>
			<report>
				<misses>564500001</misses>
				<total>0</total>
				<timestamp>3636.814477</timestamp>
			</report>
			<report>
				<misses>564600001</misses>
				<total>0</total>
				<timestamp>3637.456229</timestamp>
			</report>
			<report>
				<misses>564700001</misses>
				<total>0</total>
				<timestamp>3638.098286</timestamp>
			</report>
			<report>
				<misses>564800001</misses>
				<total>0</total>
				<timestamp>3638.741106</timestamp>
			</report>
			<report>
				<misses>564900001</misses>
				<total>0</total>
				<timestamp>3639.382965</timestamp>
			</report>
			<report>
				<misses>565000001</misses>
				<total>0</total>
				<timestamp>3640.025425</timestamp>
			</report>
			<report>
				<misses>565100001</misses>
				<total>0</total>
				<timestamp>3640.667901</timestamp>
			</report>
			<report>
				<misses>565200001</misses>
				<total>0</total>
				<timestamp>3641.310566</timestamp>
			</report>
			<report>
				<misses>565300001</misses>
				<total>0</total>
				<timestamp>3641.953048</timestamp>
			</report>
			<report>
				<misses>565400001</misses>
				<total>0</total>
				<timestamp>3642.596057</timestamp>
			</report>
			<report>
				<misses>565500001</misses>
				<total>0</total>
				<timestamp>3643.239338</timestamp>
			</report>
			<report>
				<misses>565600001</misses>
				<total>0</total>
				<timestamp>3643.881133</timestamp>
			</report>
			<report>
				<misses>565700001</misses>
				<total>0</total>
				<timestamp>3644.522828</timestamp>
			</report>
			<report>
				<misses>565800001</misses>
				<total>0</total>
				<timestamp>3645.165145</timestamp>
			</report>
			<report>
				<misses>565900001</misses>
				<total>0</total>
				<timestamp>3645.807822</timestamp>
			</report>
			<report>
				<misses>566000001</misses>
				<total>0</total>
				<timestamp>3646.450116</timestamp>
			</report>
			<report>
				<misses>566100001</misses>
				<total>0</total>
				<timestamp>3647.092362</timestamp>
			</report>
			<report>
				<misses>566200001</misses>
				<total>0</total>
				<timestamp>3647.735293</timestamp>
			</report>
			<report>
				<misses>566300001</misses>
				<total>0</total>
				<timestamp>3648.377539</timestamp>
			</report>
			<report>
				<misses>566400001</misses>
				<total>0</total>
				<timestamp>3649.020824</timestamp>
			</report>
			<report>
				<misses>566500001</misses>
				<total>0</total>
				<timestamp>3649.663375</timestamp>
			</report>
			<report>
				<misses>566600001</misses>
				<total>0</total>
				<timestamp>3650.305811</timestamp>
			</report>
			<report>
				<misses>566700001</misses>
				<total>0</total>
				<timestamp>3650.947873</timestamp>
			</report>
			<report>
				<misses>566800001</misses>
				<total>0</total>
				<timestamp>3651.590094</timestamp>
			</report>
			<report>
				<misses>566900001</misses>
				<total>0</total>
				<timestamp>3652.233761</timestamp>
			</report>
			<report>
				<misses>567000001</misses>
				<total>0</total>
				<timestamp>3652.877589</timestamp>
			</report>
			<report>
				<misses>567100001</misses>
				<total>0</total>
				<timestamp>3653.521775</timestamp>
			</report>
			<report>
				<misses>567200001</misses>
				<total>0</total>
				<timestamp>3654.164339</timestamp>
			</report>
			<report>
				<misses>567300001</misses>
				<total>0</total>
				<timestamp>3654.808128</timestamp>
			</report>
			<report>
				<misses>567400001</misses>
				<total>0</total>
				<timestamp>3655.448219</timestamp>
			</report>
			<report>
				<misses>567500001</misses>
				<total>0</total>
				<timestamp>3656.091121</timestamp>
			</report>
			<report>
				<misses>567600001</misses>
				<total>0</total>
				<timestamp>3656.733895</timestamp>
			</report>
			<report>
				<misses>567700001</misses>
				<total>0</total>
				<timestamp>3657.378038</timestamp>
			</report>
			<report>
				<misses>567800001</misses>
				<total>0</total>
				<timestamp>3658.020543</timestamp>
			</report>
			<report>
				<misses>567900001</misses>
				<total>0</total>
				<timestamp>3658.663529</timestamp>
			</report>
			<report>
				<misses>568000001</misses>
				<total>0</total>
				<timestamp>3659.307825</timestamp>
			</report>
			<report>
				<misses>568100001</misses>
				<total>0</total>
				<timestamp>3659.950966</timestamp>
			</report>
			<report>
				<misses>568200001</misses>
				<total>0</total>
				<timestamp>3660.592763</timestamp>
			</report>
			<report>
				<misses>568300001</misses>
				<total>0</total>
				<timestamp>3661.235852</timestamp>
			</report>
			<report>
				<misses>568400001</misses>
				<total>0</total>
				<timestamp>3661.878163</timestamp>
			</report>
			<report>
				<misses>568500001</misses>
				<total>0</total>
				<timestamp>3662.520340</timestamp>
			</report>
			<report>
				<misses>568600001</misses>
				<total>0</total>
				<timestamp>3663.162183</timestamp>
			</report>
			<report>
				<misses>568700001</misses>
				<total>0</total>
				<timestamp>3663.803711</timestamp>
			</report>
			<report>
				<misses>568800001</misses>
				<total>0</total>
				<timestamp>3664.445924</timestamp>
			</report>
			<report>
				<misses>568900001</misses>
				<total>0</total>
				<timestamp>3665.089362</timestamp>
			</report>
			<report>
				<misses>569000001</misses>
				<total>0</total>
				<timestamp>3665.732978</timestamp>
			</report>
			<report>
				<misses>569100001</misses>
				<total>0</total>
				<timestamp>3666.375404</timestamp>
			</report>
			<report>
				<misses>569200001</misses>
				<total>0</total>
				<timestamp>3667.017943</timestamp>
			</report>
			<report>
				<misses>569300001</misses>
				<total>0</total>
				<timestamp>3667.657505</timestamp>
			</report>
			<report>
				<misses>569400001</misses>
				<total>0</total>
				<timestamp>3668.295701</timestamp>
			</report>
			<report>
				<misses>569500001</misses>
				<total>0</total>
				<timestamp>3668.935158</timestamp>
			</report>
			<report>
				<misses>569600001</misses>
				<total>0</total>
				<timestamp>3669.573220</timestamp>
			</report>
			<report>
				<misses>569700001</misses>
				<total>0</total>
				<timestamp>3670.210719</timestamp>
			</report>
			<report>
				<misses>569800001</misses>
				<total>0</total>
				<timestamp>3670.849039</timestamp>
			</report>
			<report>
				<misses>569900001</misses>
				<total>0</total>
				<timestamp>3671.487493</timestamp>
			</report>
			<report>
				<misses>570000001</misses>
				<total>0</total>
				<timestamp>3672.125401</timestamp>
			</report>
			<report>
				<misses>570100001</misses>
				<total>0</total>
				<timestamp>3672.763477</timestamp>
			</report>
			<report>
				<misses>570200001</misses>
				<total>0</total>
				<timestamp>3673.401476</timestamp>
			</report>
			<report>
				<misses>570300001</misses>
				<total>0</total>
				<timestamp>3674.039416</timestamp>
			</report>
			<report>
				<misses>570400001</misses>
				<total>0</total>
				<timestamp>3674.677429</timestamp>
			</report>
			<report>
				<misses>570500001</misses>
				<total>0</total>
				<timestamp>3675.313685</timestamp>
			</report>
			<report>
				<misses>570600001</misses>
				<total>0</total>
				<timestamp>3675.951078</timestamp>
			</report>
			<report>
				<misses>570700001</misses>
				<total>0</total>
				<timestamp>3676.587655</timestamp>
			</report>
			<report>
				<misses>570800001</misses>
				<total>0</total>
				<timestamp>3677.224262</timestamp>
			</report>
			<report>
				<misses>570900001</misses>
				<total>0</total>
				<timestamp>3677.873174</timestamp>
			</report>
			<report>
				<misses>571000001</misses>
				<total>0</total>
				<timestamp>3678.524166</timestamp>
			</report>
			<report>
				<misses>571100001</misses>
				<total>0</total>
				<timestamp>3679.174201</timestamp>
			</report>
			<report>
				<misses>571200001</misses>
				<total>0</total>
				<timestamp>3679.825800</timestamp>
			</report>
			<report>
				<misses>571300001</misses>
				<total>0</total>
				<timestamp>3680.475384</timestamp>
			</report>
			<report>
				<misses>571400001</misses>
				<total>0</total>
				<timestamp>3681.125494</timestamp>
			</report>
			<report>
				<misses>571500001</misses>
				<total>0</total>
				<timestamp>3681.775531</timestamp>
			</report>
			<report>
				<misses>571600001</misses>
				<total>0</total>
				<timestamp>3682.425743</timestamp>
			</report>
			<report>
				<misses>571700001</misses>
				<total>0</total>
				<timestamp>3683.075913</timestamp>
			</report>
			<report>
				<misses>571800001</misses>
				<total>0</total>
				<timestamp>3683.726355</timestamp>
			</report>
			<report>
				<misses>571900001</misses>
				<total>0</total>
				<timestamp>3684.376027</timestamp>
			</report>
			<report>
				<misses>572000001</misses>
				<total>0</total>
				<timestamp>3685.025235</timestamp>
			</report>
			<report>
				<misses>572100001</misses>
				<total>0</total>
				<timestamp>3685.675029</timestamp>
			</report>
			<report>
				<misses>572200001</misses>
				<total>0</total>
				<timestamp>3686.325316</timestamp>
			</report>
			<report>
				<misses>572300001</misses>
				<total>0</total>
				<timestamp>3686.975048</timestamp>
			</report>
			<report>
				<misses>572400001</misses>
				<total>0</total>
				<timestamp>3687.624996</timestamp>
			</report>
			<report>
				<misses>572500001</misses>
				<total>0</total>
				<timestamp>3688.270246</timestamp>
			</report>
			<report>
				<misses>572600001</misses>
				<total>0</total>
				<timestamp>3688.915071</timestamp>
			</report>
			<report>
				<misses>572700001</misses>
				<total>0</total>
				<timestamp>3689.563621</timestamp>
			</report>
			<report>
				<misses>572800001</misses>
				<total>0</total>
				<timestamp>3690.210327</timestamp>
			</report>
			<report>
				<misses>572900001</misses>
				<total>0</total>
				<timestamp>3690.856031</timestamp>
			</report>
			<report>
				<misses>573000001</misses>
				<total>0</total>
				<timestamp>3691.501527</timestamp>
			</report>
			<report>
				<misses>573100001</misses>
				<total>0</total>
				<timestamp>3692.145783</timestamp>
			</report>
			<report>
				<misses>573200001</misses>
				<total>0</total>
				<timestamp>3692.789837</timestamp>
			</report>
			<report>
				<misses>573300001</misses>
				<total>0</total>
				<timestamp>3693.435172</timestamp>
			</report>
			<report>
				<misses>573400001</misses>
				<total>0</total>
				<timestamp>3694.079712</timestamp>
			</report>
			<report>
				<misses>573500001</misses>
				<total>0</total>
				<timestamp>3694.722874</timestamp>
			</report>
			<report>
				<misses>573600001</misses>
				<total>0</total>
				<timestamp>3695.365870</timestamp>
			</report>
			<report>
				<misses>573700001</misses>
				<total>0</total>
				<timestamp>3696.015437</timestamp>
			</report>
			<report>
				<misses>573800001</misses>
				<total>0</total>
				<timestamp>3696.668709</timestamp>
			</report>
			<report>
				<misses>573900001</misses>
				<total>0</total>
				<timestamp>3697.321629</timestamp>
			</report>
			<report>
				<misses>574000001</misses>
				<total>0</total>
				<timestamp>3697.975978</timestamp>
			</report>
			<report>
				<misses>574100001</misses>
				<total>0</total>
				<timestamp>3698.629080</timestamp>
			</report>
			<report>
				<misses>574200001</misses>
				<total>0</total>
				<timestamp>3699.281763</timestamp>
			</report>
			<report>
				<misses>574300001</misses>
				<total>0</total>
				<timestamp>3699.935816</timestamp>
			</report>
			<report>
				<misses>574400001</misses>
				<total>0</total>
				<timestamp>3700.589810</timestamp>
			</report>
			<report>
				<misses>574500001</misses>
				<total>0</total>
				<timestamp>3701.244083</timestamp>
			</report>
			<report>
				<misses>574600001</misses>
				<total>0</total>
				<timestamp>3701.899017</timestamp>
			</report>
			<report>
				<misses>574700001</misses>
				<total>0</total>
				<timestamp>3702.557454</timestamp>
			</report>
			<report>
				<misses>574800001</misses>
				<total>0</total>
				<timestamp>3703.215019</timestamp>
			</report>
			<report>
				<misses>574900001</misses>
				<total>0</total>
				<timestamp>3703.868888</timestamp>
			</report>
			<report>
				<misses>575000001</misses>
				<total>0</total>
				<timestamp>3704.524074</timestamp>
			</report>
			<report>
				<misses>575100001</misses>
				<total>0</total>
				<timestamp>3705.178084</timestamp>
			</report>
			<report>
				<misses>575200001</misses>
				<total>0</total>
				<timestamp>3705.835272</timestamp>
			</report>
			<report>
				<misses>575300001</misses>
				<total>0</total>
				<timestamp>3706.491281</timestamp>
			</report>
			<report>
				<misses>575400001</misses>
				<total>0</total>
				<timestamp>3707.145112</timestamp>
			</report>
			<report>
				<misses>575500001</misses>
				<total>0</total>
				<timestamp>3707.799200</timestamp>
			</report>
			<report>
				<misses>575600001</misses>
				<total>0</total>
				<timestamp>3708.449616</timestamp>
			</report>
			<report>
				<misses>575700001</misses>
				<total>0</total>
				<timestamp>3709.096963</timestamp>
			</report>
			<report>
				<misses>575800001</misses>
				<total>0</total>
				<timestamp>3709.745377</timestamp>
			</report>
			<report>
				<misses>575900001</misses>
				<total>0</total>
				<timestamp>3710.393009</timestamp>
			</report>
			<report>
				<misses>576000001</misses>
				<total>0</total>
				<timestamp>3711.040806</timestamp>
			</report>
			<report>
				<misses>576100001</misses>
				<total>0</total>
				<timestamp>3711.688357</timestamp>
			</report>
			<report>
				<misses>576200001</misses>
				<total>0</total>
				<timestamp>3712.336599</timestamp>
			</report>
			<report>
				<misses>576300001</misses>
				<total>0</total>
				<timestamp>3712.983260</timestamp>
			</report>
			<report>
				<misses>576400001</misses>
				<total>0</total>
				<timestamp>3713.630092</timestamp>
			</report>
			<report>
				<misses>576500001</misses>
				<total>0</total>
				<timestamp>3714.276949</timestamp>
			</report>
			<report>
				<misses>576600001</misses>
				<total>0</total>
				<timestamp>3714.924047</timestamp>
			</report>
			<report>
				<misses>576700001</misses>
				<total>0</total>
				<timestamp>3715.571109</timestamp>
			</report>
			<report>
				<misses>576800001</misses>
				<total>0</total>
				<timestamp>3716.218228</timestamp>
			</report>
			<report>
				<misses>576900001</misses>
				<total>0</total>
				<timestamp>3716.866095</timestamp>
			</report>
			<report>
				<misses>577000001</misses>
				<total>0</total>
				<timestamp>3717.514737</timestamp>
			</report>
			<report>
				<misses>577100001</misses>
				<total>0</total>
				<timestamp>3718.163408</timestamp>
			</report>
			<report>
				<misses>577200001</misses>
				<total>0</total>
				<timestamp>3718.811931</timestamp>
			</report>
			<report>
				<misses>577300001</misses>
				<total>0</total>
				<timestamp>3719.460294</timestamp>
			</report>
			<report>
				<misses>577400001</misses>
				<total>0</total>
				<timestamp>3720.107383</timestamp>
			</report>
			<report>
				<misses>577500001</misses>
				<total>0</total>
				<timestamp>3720.755196</timestamp>
			</report>
			<report>
				<misses>577600001</misses>
				<total>0</total>
				<timestamp>3721.403587</timestamp>
			</report>
			<report>
				<misses>577700001</misses>
				<total>0</total>
				<timestamp>3722.051265</timestamp>
			</report>
			<report>
				<misses>577800001</misses>
				<total>0</total>
				<timestamp>3722.699234</timestamp>
			</report>
			<report>
				<misses>577900001</misses>
				<total>0</total>
				<timestamp>3723.344195</timestamp>
			</report>
			<report>
				<misses>578000001</misses>
				<total>0</total>
				<timestamp>3723.988256</timestamp>
			</report>
			<report>
				<misses>578100001</misses>
				<total>0</total>
				<timestamp>3724.631348</timestamp>
			</report>
			<report>
				<misses>578200001</misses>
				<total>0</total>
				<timestamp>3725.274601</timestamp>
			</report>
			<report>
				<misses>578300001</misses>
				<total>0</total>
				<timestamp>3725.918531</timestamp>
			</report>
			<report>
				<misses>578400001</misses>
				<total>0</total>
				<timestamp>3726.561946</timestamp>
			</report>
			<report>
				<misses>578500001</misses>
				<total>0</total>
				<timestamp>3727.205608</timestamp>
			</report>
			<report>
				<misses>578600001</misses>
				<total>0</total>
				<timestamp>3727.849070</timestamp>
			</report>
			<report>
				<misses>578700001</misses>
				<total>0</total>
				<timestamp>3728.493108</timestamp>
			</report>
			<report>
				<misses>578800001</misses>
				<total>0</total>
				<timestamp>3729.139196</timestamp>
			</report>
			<report>
				<misses>578900001</misses>
				<total>0</total>
				<timestamp>3729.784241</timestamp>
			</report>
			<report>
				<misses>579000001</misses>
				<total>0</total>
				<timestamp>3730.430034</timestamp>
			</report>
			<report>
				<misses>579100001</misses>
				<total>0</total>
				<timestamp>3731.073918</timestamp>
			</report>
			<report>
				<misses>579200001</misses>
				<total>0</total>
				<timestamp>3731.716856</timestamp>
			</report>
			<report>
				<misses>579300001</misses>
				<total>0</total>
				<timestamp>3732.359298</timestamp>
			</report>
			<report>
				<misses>579400001</misses>
				<total>0</total>
				<timestamp>3733.002090</timestamp>
			</report>
			<report>
				<misses>579500001</misses>
				<total>0</total>
				<timestamp>3733.640561</timestamp>
			</report>
			<report>
				<misses>579600001</misses>
				<total>0</total>
				<timestamp>3734.277569</timestamp>
			</report>
			<report>
				<misses>579700001</misses>
				<total>0</total>
				<timestamp>3734.915292</timestamp>
			</report>
			<report>
				<misses>579800001</misses>
				<total>0</total>
				<timestamp>3735.554039</timestamp>
			</report>
			<report>
				<misses>579900001</misses>
				<total>0</total>
				<timestamp>3736.192586</timestamp>
			</report>
			<report>
				<misses>580000001</misses>
				<total>0</total>
				<timestamp>3736.830184</timestamp>
			</report>
			<report>
				<misses>580100001</misses>
				<total>0</total>
				<timestamp>3737.466933</timestamp>
			</report>
			<report>
				<misses>580200001</misses>
				<total>0</total>
				<timestamp>3738.103501</timestamp>
			</report>
			<report>
				<misses>580300001</misses>
				<total>0</total>
				<timestamp>3738.739537</timestamp>
			</report>
			<report>
				<misses>580400001</misses>
				<total>0</total>
				<timestamp>3739.375091</timestamp>
			</report>
			<report>
				<misses>580500001</misses>
				<total>0</total>
				<timestamp>3740.011672</timestamp>
			</report>
			<report>
				<misses>580600001</misses>
				<total>0</total>
				<timestamp>3740.647868</timestamp>
			</report>
			<report>
				<misses>580700001</misses>
				<total>0</total>
				<timestamp>3741.284573</timestamp>
			</report>
			<report>
				<misses>580800001</misses>
				<total>0</total>
				<timestamp>3741.921325</timestamp>
			</report>
			<report>
				<misses>580900001</misses>
				<total>0</total>
				<timestamp>3742.557889</timestamp>
			</report>
			<report>
				<misses>581000001</misses>
				<total>0</total>
				<timestamp>3743.194855</timestamp>
			</report>
			<report>
				<misses>581100001</misses>
				<total>0</total>
				<timestamp>3743.831606</timestamp>
			</report>
			<report>
				<misses>581200001</misses>
				<total>0</total>
				<timestamp>3744.469567</timestamp>
			</report>
			<report>
				<misses>581300001</misses>
				<total>0</total>
				<timestamp>3745.104721</timestamp>
			</report>
			<report>
				<misses>581400001</misses>
				<total>0</total>
				<timestamp>3745.740388</timestamp>
			</report>
			<report>
				<misses>581500001</misses>
				<total>0</total>
				<timestamp>3746.376586</timestamp>
			</report>
			<report>
				<misses>581600001</misses>
				<total>0</total>
				<timestamp>3747.012804</timestamp>
			</report>
			<report>
				<misses>581700001</misses>
				<total>0</total>
				<timestamp>3747.647964</timestamp>
			</report>
			<report>
				<misses>581800001</misses>
				<total>0</total>
				<timestamp>3748.284028</timestamp>
			</report>
			<report>
				<misses>581900001</misses>
				<total>0</total>
				<timestamp>3748.920211</timestamp>
			</report>
			<report>
				<misses>582000001</misses>
				<total>0</total>
				<timestamp>3749.556621</timestamp>
			</report>
			<report>
				<misses>582100001</misses>
				<total>0</total>
				<timestamp>3750.193001</timestamp>
			</report>
			<report>
				<misses>582200001</misses>
				<total>0</total>
				<timestamp>3750.829776</timestamp>
			</report>
			<report>
				<misses>582300001</misses>
				<total>0</total>
				<timestamp>3751.470738</timestamp>
			</report>
			<report>
				<misses>582400001</misses>
				<total>0</total>
				<timestamp>3752.116546</timestamp>
			</report>
			<report>
				<misses>582500001</misses>
				<total>0</total>
				<timestamp>3752.764148</timestamp>
			</report>
			<report>
				<misses>582600001</misses>
				<total>0</total>
				<timestamp>3753.413721</timestamp>
			</report>
			<report>
				<misses>582700001</misses>
				<total>0</total>
				<timestamp>3754.064440</timestamp>
			</report>
			<report>
				<misses>582800001</misses>
				<total>0</total>
				<timestamp>3754.715255</timestamp>
			</report>
			<report>
				<misses>582900001</misses>
				<total>0</total>
				<timestamp>3755.363576</timestamp>
			</report>
			<report>
				<misses>583000001</misses>
				<total>0</total>
				<timestamp>3756.013822</timestamp>
			</report>
			<report>
				<misses>583100001</misses>
				<total>0</total>
				<timestamp>3756.663140</timestamp>
			</report>
			<report>
				<misses>583200001</misses>
				<total>0</total>
				<timestamp>3757.311921</timestamp>
			</report>
			<report>
				<misses>583300001</misses>
				<total>0</total>
				<timestamp>3757.960962</timestamp>
			</report>
			<report>
				<misses>583400001</misses>
				<total>0</total>
				<timestamp>3758.610264</timestamp>
			</report>
			<report>
				<misses>583500001</misses>
				<total>0</total>
				<timestamp>3759.260534</timestamp>
			</report>
			<report>
				<misses>583600001</misses>
				<total>0</total>
				<timestamp>3759.910275</timestamp>
			</report>
			<report>
				<misses>583700001</misses>
				<total>0</total>
				<timestamp>3760.559387</timestamp>
			</report>
			<report>
				<misses>583800001</misses>
				<total>0</total>
				<timestamp>3761.207578</timestamp>
			</report>
			<report>
				<misses>583900001</misses>
				<total>0</total>
				<timestamp>3761.856610</timestamp>
			</report>
			<report>
				<misses>584000001</misses>
				<total>0</total>
				<timestamp>3762.506060</timestamp>
			</report>
			<report>
				<misses>584100001</misses>
				<total>0</total>
				<timestamp>3763.155497</timestamp>
			</report>
			<report>
				<misses>584200001</misses>
				<total>0</total>
				<timestamp>3763.805703</timestamp>
			</report>
			<report>
				<misses>584300001</misses>
				<total>0</total>
				<timestamp>3764.454246</timestamp>
			</report>
			<report>
				<misses>584400001</misses>
				<total>0</total>
				<timestamp>3765.103207</timestamp>
			</report>
			<report>
				<misses>584500001</misses>
				<total>0</total>
				<timestamp>3765.752545</timestamp>
			</report>
			<report>
				<misses>584600001</misses>
				<total>0</total>
				<timestamp>3766.402351</timestamp>
			</report>
			<report>
				<misses>584700001</misses>
				<total>0</total>
				<timestamp>3767.050937</timestamp>
			</report>
			<report>
				<misses>584800001</misses>
				<total>0</total>
				<timestamp>3767.700038</timestamp>
			</report>
			<report>
				<misses>584900001</misses>
				<total>0</total>
				<timestamp>3768.349624</timestamp>
			</report>
			<report>
				<misses>585000001</misses>
				<total>0</total>
				<timestamp>3768.998794</timestamp>
			</report>
			<report>
				<misses>585100001</misses>
				<total>0</total>
				<timestamp>3769.648562</timestamp>
			</report>
			<report>
				<misses>585200001</misses>
				<total>0</total>
				<timestamp>3770.297759</timestamp>
			</report>
			<report>
				<misses>585300001</misses>
				<total>0</total>
				<timestamp>3770.949042</timestamp>
			</report>
			<report>
				<misses>585400001</misses>
				<total>0</total>
				<timestamp>3771.597683</timestamp>
			</report>
			<report>
				<misses>585500001</misses>
				<total>0</total>
				<timestamp>3772.241915</timestamp>
			</report>
			<report>
				<misses>585600001</misses>
				<total>0</total>
				<timestamp>3772.890515</timestamp>
			</report>
			<report>
				<misses>585700001</misses>
				<total>0</total>
				<timestamp>3773.536953</timestamp>
			</report>
			<report>
				<misses>585800001</misses>
				<total>0</total>
				<timestamp>3774.181228</timestamp>
			</report>
			<report>
				<misses>585900001</misses>
				<total>0</total>
				<timestamp>3774.824754</timestamp>
			</report>
			<report>
				<misses>586000001</misses>
				<total>0</total>
				<timestamp>3775.473849</timestamp>
			</report>
			<report>
				<misses>586100001</misses>
				<total>0</total>
				<timestamp>3776.118683</timestamp>
			</report>
			<report>
				<misses>586200001</misses>
				<total>0</total>
				<timestamp>3776.763941</timestamp>
			</report>
			<report>
				<misses>586300001</misses>
				<total>0</total>
				<timestamp>3777.408402</timestamp>
			</report>
			<report>
				<misses>586400001</misses>
				<total>0</total>
				<timestamp>3778.055799</timestamp>
			</report>
			<report>
				<misses>586500001</misses>
				<total>0</total>
				<timestamp>3778.703568</timestamp>
			</report>
			<report>
				<misses>586600001</misses>
				<total>0</total>
				<timestamp>3779.347073</timestamp>
			</report>
			<report>
				<misses>586700001</misses>
				<total>0</total>
				<timestamp>3779.991680</timestamp>
			</report>
			<report>
				<misses>586800001</misses>
				<total>0</total>
				<timestamp>3780.636041</timestamp>
			</report>
			<report>
				<misses>586900001</misses>
				<total>0</total>
				<timestamp>3781.281433</timestamp>
			</report>
			<report>
				<misses>587000001</misses>
				<total>0</total>
				<timestamp>3781.925669</timestamp>
			</report>
			<report>
				<misses>587100001</misses>
				<total>0</total>
				<timestamp>3782.569776</timestamp>
			</report>
			<report>
				<misses>587200001</misses>
				<total>0</total>
				<timestamp>3783.219845</timestamp>
			</report>
			<report>
				<misses>587300001</misses>
				<total>0</total>
				<timestamp>3783.867393</timestamp>
			</report>
			<report>
				<misses>587400001</misses>
				<total>0</total>
				<timestamp>3784.519423</timestamp>
			</report>
			<report>
				<misses>587500001</misses>
				<total>0</total>
				<timestamp>3785.166517</timestamp>
			</report>
			<report>
				<misses>587600001</misses>
				<total>0</total>
				<timestamp>3785.813503</timestamp>
			</report>
			<report>
				<misses>587700001</misses>
				<total>0</total>
				<timestamp>3786.455910</timestamp>
			</report>
			<report>
				<misses>587800001</misses>
				<total>0</total>
				<timestamp>3787.096568</timestamp>
			</report>
			<report>
				<misses>587900001</misses>
				<total>0</total>
				<timestamp>3787.735439</timestamp>
			</report>
			<report>
				<misses>588000001</misses>
				<total>0</total>
				<timestamp>3788.374698</timestamp>
			</report>
			<report>
				<misses>588100001</misses>
				<total>0</total>
				<timestamp>3789.013669</timestamp>
			</report>
			<report>
				<misses>588200001</misses>
				<total>0</total>
				<timestamp>3789.652323</timestamp>
			</report>
			<report>
				<misses>588300001</misses>
				<total>0</total>
				<timestamp>3790.290916</timestamp>
			</report>
			<report>
				<misses>588400001</misses>
				<total>0</total>
				<timestamp>3790.929404</timestamp>
			</report>
			<report>
				<misses>588500001</misses>
				<total>0</total>
				<timestamp>3791.568177</timestamp>
			</report>
			<report>
				<misses>588600001</misses>
				<total>0</total>
				<timestamp>3792.207920</timestamp>
			</report>
			<report>
				<misses>588700001</misses>
				<total>0</total>
				<timestamp>3792.847376</timestamp>
			</report>
			<report>
				<misses>588800001</misses>
				<total>0</total>
				<timestamp>3793.486183</timestamp>
			</report>
			<report>
				<misses>588900001</misses>
				<total>0</total>
				<timestamp>3794.125148</timestamp>
			</report>
			<report>
				<misses>589000001</misses>
				<total>0</total>
				<timestamp>3794.764635</timestamp>
			</report>
			<report>
				<misses>589100001</misses>
				<total>0</total>
				<timestamp>3795.404322</timestamp>
			</report>
			<report>
				<misses>589200001</misses>
				<total>0</total>
				<timestamp>3796.043509</timestamp>
			</report>
			<report>
				<misses>589300001</misses>
				<total>0</total>
				<timestamp>3796.691894</timestamp>
			</report>
			<report>
				<misses>589400001</misses>
				<total>0</total>
				<timestamp>3797.341023</timestamp>
			</report>
			<report>
				<misses>589500001</misses>
				<total>0</total>
				<timestamp>3797.990029</timestamp>
			</report>
			<report>
				<misses>589600001</misses>
				<total>0</total>
				<timestamp>3798.636259</timestamp>
			</report>
			<report>
				<misses>589700001</misses>
				<total>0</total>
				<timestamp>3799.282870</timestamp>
			</report>
			<report>
				<misses>589800001</misses>
				<total>0</total>
				<timestamp>3799.925192</timestamp>
			</report>
			<report>
				<misses>589900001</misses>
				<total>0</total>
				<timestamp>3800.570876</timestamp>
			</report>
			<report>
				<misses>590000001</misses>
				<total>0</total>
				<timestamp>3801.215813</timestamp>
			</report>
			<report>
				<misses>590100001</misses>
				<total>0</total>
				<timestamp>3801.861862</timestamp>
			</report>
			<report>
				<misses>590200001</misses>
				<total>0</total>
				<timestamp>3802.509010</timestamp>
			</report>
			<report>
				<misses>590300001</misses>
				<total>0</total>
				<timestamp>3803.155480</timestamp>
			</report>
			<report>
				<misses>590400001</misses>
				<total>0</total>
				<timestamp>3803.802314</timestamp>
			</report>
			<report>
				<misses>590500001</misses>
				<total>0</total>
				<timestamp>3804.447374</timestamp>
			</report>
			<report>
				<misses>590600001</misses>
				<total>0</total>
				<timestamp>3805.093977</timestamp>
			</report>
			<report>
				<misses>590700001</misses>
				<total>0</total>
				<timestamp>3805.739792</timestamp>
			</report>
			<report>
				<misses>590800001</misses>
				<total>0</total>
				<timestamp>3806.385549</timestamp>
			</report>
			<report>
				<misses>590900001</misses>
				<total>0</total>
				<timestamp>3807.029061</timestamp>
			</report>
			<report>
				<misses>591000001</misses>
				<total>0</total>
				<timestamp>3807.672527</timestamp>
			</report>
			<report>
				<misses>591100001</misses>
				<total>0</total>
				<timestamp>3808.314863</timestamp>
			</report>
			<report>
				<misses>591200001</misses>
				<total>0</total>
				<timestamp>3808.960619</timestamp>
			</report>
			<report>
				<misses>591300001</misses>
				<total>0</total>
				<timestamp>3809.603301</timestamp>
			</report>
			<report>
				<misses>591400001</misses>
				<total>0</total>
				<timestamp>3810.248957</timestamp>
			</report>
			<report>
				<misses>591500001</misses>
				<total>0</total>
				<timestamp>3810.893172</timestamp>
			</report>
			<report>
				<misses>591600001</misses>
				<total>0</total>
				<timestamp>3811.538199</timestamp>
			</report>
			<report>
				<misses>591700001</misses>
				<total>0</total>
				<timestamp>3812.182188</timestamp>
			</report>
			<report>
				<misses>591800001</misses>
				<total>0</total>
				<timestamp>3812.824715</timestamp>
			</report>
			<report>
				<misses>591900001</misses>
				<total>0</total>
				<timestamp>3813.466038</timestamp>
			</report>
			<report>
				<misses>592000001</misses>
				<total>0</total>
				<timestamp>3814.109597</timestamp>
			</report>
			<report>
				<misses>592100001</misses>
				<total>0</total>
				<timestamp>3814.754308</timestamp>
			</report>
			<report>
				<misses>592200001</misses>
				<total>0</total>
				<timestamp>3815.398355</timestamp>
			</report>
			<report>
				<misses>592300001</misses>
				<total>0</total>
				<timestamp>3816.039066</timestamp>
			</report>
			<report>
				<misses>592400001</misses>
				<total>0</total>
				<timestamp>3816.680543</timestamp>
			</report>
			<report>
				<misses>592500001</misses>
				<total>0</total>
				<timestamp>3817.319684</timestamp>
			</report>
			<report>
				<misses>592600001</misses>
				<total>0</total>
				<timestamp>3817.959621</timestamp>
			</report>
			<report>
				<misses>592700001</misses>
				<total>0</total>
				<timestamp>3818.598665</timestamp>
			</report>
			<report>
				<misses>592800001</misses>
				<total>0</total>
				<timestamp>3819.237703</timestamp>
			</report>
			<report>
				<misses>592900001</misses>
				<total>0</total>
				<timestamp>3819.876806</timestamp>
			</report>
			<report>
				<misses>593000001</misses>
				<total>0</total>
				<timestamp>3820.515501</timestamp>
			</report>
			<report>
				<misses>593100001</misses>
				<total>0</total>
				<timestamp>3821.154501</timestamp>
			</report>
			<report>
				<misses>593200001</misses>
				<total>0</total>
				<timestamp>3821.798354</timestamp>
			</report>
			<report>
				<misses>593300001</misses>
				<total>0</total>
				<timestamp>3822.449195</timestamp>
			</report>
			<report>
				<misses>593400001</misses>
				<total>0</total>
				<timestamp>3823.099488</timestamp>
			</report>
			<report>
				<misses>593500001</misses>
				<total>0</total>
				<timestamp>3823.751313</timestamp>
			</report>
			<report>
				<misses>593600001</misses>
				<total>0</total>
				<timestamp>3824.403422</timestamp>
			</report>
			<report>
				<misses>593700001</misses>
				<total>0</total>
				<timestamp>3825.054157</timestamp>
			</report>
			<report>
				<misses>593800001</misses>
				<total>0</total>
				<timestamp>3825.703069</timestamp>
			</report>
			<report>
				<misses>593900001</misses>
				<total>0</total>
				<timestamp>3826.351944</timestamp>
			</report>
			<report>
				<misses>594000001</misses>
				<total>0</total>
				<timestamp>3827.001393</timestamp>
			</report>
			<report>
				<misses>594100001</misses>
				<total>0</total>
				<timestamp>3827.655687</timestamp>
			</report>
			<report>
				<misses>594200001</misses>
				<total>0</total>
				<timestamp>3828.309407</timestamp>
			</report>
			<report>
				<misses>594300001</misses>
				<total>0</total>
				<timestamp>3828.963905</timestamp>
			</report>
			<report>
				<misses>594400001</misses>
				<total>0</total>
				<timestamp>3829.621120</timestamp>
			</report>
			<report>
				<misses>594500001</misses>
				<total>0</total>
				<timestamp>3830.275043</timestamp>
			</report>
			<report>
				<misses>594600001</misses>
				<total>0</total>
				<timestamp>3830.929662</timestamp>
			</report>
			<report>
				<misses>594700001</misses>
				<total>0</total>
				<timestamp>3831.576782</timestamp>
			</report>
			<report>
				<misses>594800001</misses>
				<total>0</total>
				<timestamp>3832.222709</timestamp>
			</report>
			<report>
				<misses>594900001</misses>
				<total>0</total>
				<timestamp>3832.870025</timestamp>
			</report>
			<report>
				<misses>595000001</misses>
				<total>0</total>
				<timestamp>3833.516852</timestamp>
			</report>
			<report>
				<misses>595100001</misses>
				<total>0</total>
				<timestamp>3834.162706</timestamp>
			</report>
			<report>
				<misses>595200001</misses>
				<total>0</total>
				<timestamp>3834.809666</timestamp>
			</report>
			<report>
				<misses>595300001</misses>
				<total>0</total>
				<timestamp>3835.458345</timestamp>
			</report>
			<report>
				<misses>595400001</misses>
				<total>0</total>
				<timestamp>3836.106010</timestamp>
			</report>
			<report>
				<misses>595500001</misses>
				<total>0</total>
				<timestamp>3836.753160</timestamp>
			</report>
			<report>
				<misses>595600001</misses>
				<total>0</total>
				<timestamp>3837.401553</timestamp>
			</report>
			<report>
				<misses>595700001</misses>
				<total>0</total>
				<timestamp>3838.049077</timestamp>
			</report>
			<report>
				<misses>595800001</misses>
				<total>0</total>
				<timestamp>3838.697507</timestamp>
			</report>
			<report>
				<misses>595900001</misses>
				<total>0</total>
				<timestamp>3839.345919</timestamp>
			</report>
			<report>
				<misses>596000001</misses>
				<total>0</total>
				<timestamp>3839.994309</timestamp>
			</report>
			<report>
				<misses>596100001</misses>
				<total>0</total>
				<timestamp>3840.642766</timestamp>
			</report>
			<report>
				<misses>596200001</misses>
				<total>0</total>
				<timestamp>3841.291304</timestamp>
			</report>
			<report>
				<misses>596300001</misses>
				<total>0</total>
				<timestamp>3841.937725</timestamp>
			</report>
			<report>
				<misses>596400001</misses>
				<total>0</total>
				<timestamp>3842.585016</timestamp>
			</report>
			<report>
				<misses>596500001</misses>
				<total>0</total>
				<timestamp>3843.231573</timestamp>
			</report>
			<report>
				<misses>596600001</misses>
				<total>0</total>
				<timestamp>3843.879844</timestamp>
			</report>
			<report>
				<misses>596700001</misses>
				<total>0</total>
				<timestamp>3844.527208</timestamp>
			</report>
			<report>
				<misses>596800001</misses>
				<total>0</total>
				<timestamp>3845.173318</timestamp>
			</report>
			<report>
				<misses>596900001</misses>
				<total>0</total>
				<timestamp>3845.814755</timestamp>
			</report>
			<report>
				<misses>597000001</misses>
				<total>0</total>
				<timestamp>3846.454088</timestamp>
			</report>
			<report>
				<misses>597100001</misses>
				<total>0</total>
				<timestamp>3847.093739</timestamp>
			</report>
			<report>
				<misses>597200001</misses>
				<total>0</total>
				<timestamp>3847.733010</timestamp>
			</report>
			<report>
				<misses>597300001</misses>
				<total>0</total>
				<timestamp>3848.373509</timestamp>
			</report>
			<report>
				<misses>597400001</misses>
				<total>0</total>
				<timestamp>3849.013548</timestamp>
			</report>
			<report>
				<misses>597500001</misses>
				<total>0</total>
				<timestamp>3849.653687</timestamp>
			</report>
			<report>
				<misses>597600001</misses>
				<total>0</total>
				<timestamp>3850.293773</timestamp>
			</report>
			<report>
				<misses>597700001</misses>
				<total>0</total>
				<timestamp>3850.933772</timestamp>
			</report>
			<report>
				<misses>597800001</misses>
				<total>0</total>
				<timestamp>3851.573182</timestamp>
			</report>
			<report>
				<misses>597900001</misses>
				<total>0</total>
				<timestamp>3852.212980</timestamp>
			</report>
			<report>
				<misses>598000001</misses>
				<total>0</total>
				<timestamp>3852.852690</timestamp>
			</report>
			<report>
				<misses>598100001</misses>
				<total>0</total>
				<timestamp>3853.492297</timestamp>
			</report>
			<report>
				<misses>598200001</misses>
				<total>0</total>
				<timestamp>3854.131726</timestamp>
			</report>
			<report>
				<misses>598300001</misses>
				<total>0</total>
				<timestamp>3854.770529</timestamp>
			</report>
			<report>
				<misses>598400001</misses>
				<total>0</total>
				<timestamp>3855.410399</timestamp>
			</report>
			<report>
				<misses>598500001</misses>
				<total>0</total>
				<timestamp>3856.050983</timestamp>
			</report>
			<report>
				<misses>598600001</misses>
				<total>0</total>
				<timestamp>3856.692938</timestamp>
			</report>
			<report>
				<misses>598700001</misses>
				<total>0</total>
				<timestamp>3857.334054</timestamp>
			</report>
			<report>
				<misses>598800001</misses>
				<total>0</total>
				<timestamp>3857.974754</timestamp>
			</report>
			<report>
				<misses>598900001</misses>
				<total>0</total>
				<timestamp>3858.614715</timestamp>
			</report>
			<report>
				<misses>599000001</misses>
				<total>0</total>
				<timestamp>3859.253689</timestamp>
			</report>
			<report>
				<misses>599100001</misses>
				<total>0</total>
				<timestamp>3859.892615</timestamp>
			</report>
			<report>
				<misses>599200001</misses>
				<total>0</total>
				<timestamp>3860.530342</timestamp>
			</report>
			<report>
				<misses>599300001</misses>
				<total>0</total>
				<timestamp>3861.168660</timestamp>
			</report>
			<report>
				<misses>599400001</misses>
				<total>0</total>
				<timestamp>3861.806398</timestamp>
			</report>
			<report>
				<misses>599500001</misses>
				<total>0</total>
				<timestamp>3862.445053</timestamp>
			</report>
			<report>
				<misses>599600001</misses>
				<total>0</total>
				<timestamp>3863.084369</timestamp>
			</report>
			<report>
				<misses>599700001</misses>
				<total>0</total>
				<timestamp>3863.722930</timestamp>
			</report>
			<report>
				<misses>599800001</misses>
				<total>0</total>
				<timestamp>3864.362724</timestamp>
			</report>
			<report>
				<misses>599900001</misses>
				<total>0</total>
				<timestamp>3865.001550</timestamp>
			</report>
			<report>
				<misses>600000001</misses>
				<total>0</total>
				<timestamp>3865.639826</timestamp>
			</report>
			<report>
				<misses>600100001</misses>
				<total>0</total>
				<timestamp>3866.277631</timestamp>
			</report>
			<report>
				<misses>600200001</misses>
				<total>0</total>
				<timestamp>3866.915880</timestamp>
			</report>
			<report>
				<misses>600300001</misses>
				<total>0</total>
				<timestamp>3867.554265</timestamp>
			</report>
			<report>
				<misses>600400001</misses>
				<total>0</total>
				<timestamp>3868.192736</timestamp>
			</report>
			<report>
				<misses>600500001</misses>
				<total>0</total>
				<timestamp>3868.830723</timestamp>
			</report>
			<report>
				<misses>600600001</misses>
				<total>0</total>
				<timestamp>3869.468331</timestamp>
			</report>
			<report>
				<misses>600700001</misses>
				<total>0</total>
				<timestamp>3870.106163</timestamp>
			</report>
			<report>
				<misses>600800001</misses>
				<total>0</total>
				<timestamp>3870.743907</timestamp>
			</report>
			<report>
				<misses>600900001</misses>
				<total>0</total>
				<timestamp>3871.382309</timestamp>
			</report>
			<report>
				<misses>601000001</misses>
				<total>0</total>
				<timestamp>3872.021405</timestamp>
			</report>
			<report>
				<misses>601100001</misses>
				<total>0</total>
				<timestamp>3872.661954</timestamp>
			</report>
			<report>
				<misses>601200001</misses>
				<total>0</total>
				<timestamp>3873.301507</timestamp>
			</report>
			<report>
				<misses>601300001</misses>
				<total>0</total>
				<timestamp>3873.940844</timestamp>
			</report>
			<report>
				<misses>601400001</misses>
				<total>0</total>
				<timestamp>3874.579880</timestamp>
			</report>
			<report>
				<misses>601500001</misses>
				<total>0</total>
				<timestamp>3875.218691</timestamp>
			</report>
			<report>
				<misses>601600001</misses>
				<total>0</total>
				<timestamp>3875.857722</timestamp>
			</report>
			<report>
				<misses>601700001</misses>
				<total>0</total>
				<timestamp>3876.497432</timestamp>
			</report>
			<report>
				<misses>601800001</misses>
				<total>0</total>
				<timestamp>3877.137059</timestamp>
			</report>
			<report>
				<misses>601900001</misses>
				<total>0</total>
				<timestamp>3877.777527</timestamp>
			</report>
			<report>
				<misses>602000001</misses>
				<total>0</total>
				<timestamp>3878.417332</timestamp>
			</report>
			<report>
				<misses>602100001</misses>
				<total>0</total>
				<timestamp>3879.057394</timestamp>
			</report>
			<report>
				<misses>602200001</misses>
				<total>0</total>
				<timestamp>3879.697620</timestamp>
			</report>
			<report>
				<misses>602300001</misses>
				<total>0</total>
				<timestamp>3880.338409</timestamp>
			</report>
			<report>
				<misses>602400001</misses>
				<total>0</total>
				<timestamp>3880.977439</timestamp>
			</report>
			<report>
				<misses>602500001</misses>
				<total>0</total>
				<timestamp>3881.616172</timestamp>
			</report>
			<report>
				<misses>602600001</misses>
				<total>0</total>
				<timestamp>3882.254393</timestamp>
			</report>
			<report>
				<misses>602700001</misses>
				<total>0</total>
				<timestamp>3882.894176</timestamp>
			</report>
			<report>
				<misses>602800001</misses>
				<total>0</total>
				<timestamp>3883.532783</timestamp>
			</report>
			<report>
				<misses>602900001</misses>
				<total>0</total>
				<timestamp>3884.171882</timestamp>
			</report>
			<report>
				<misses>603000001</misses>
				<total>0</total>
				<timestamp>3884.811557</timestamp>
			</report>
			<report>
				<misses>603100001</misses>
				<total>0</total>
				<timestamp>3885.451103</timestamp>
			</report>
			<report>
				<misses>603200001</misses>
				<total>0</total>
				<timestamp>3886.091214</timestamp>
			</report>
			<report>
				<misses>603300001</misses>
				<total>0</total>
				<timestamp>3886.730849</timestamp>
			</report>
			<report>
				<misses>603400001</misses>
				<total>0</total>
				<timestamp>3887.371989</timestamp>
			</report>
			<report>
				<misses>603500001</misses>
				<total>0</total>
				<timestamp>3888.013342</timestamp>
			</report>
			<report>
				<misses>603600001</misses>
				<total>0</total>
				<timestamp>3888.653519</timestamp>
			</report>
			<report>
				<misses>603700001</misses>
				<total>0</total>
				<timestamp>3889.292244</timestamp>
			</report>
			<report>
				<misses>603800001</misses>
				<total>0</total>
				<timestamp>3889.932171</timestamp>
			</report>
			<report>
				<misses>603900001</misses>
				<total>0</total>
				<timestamp>3890.571043</timestamp>
			</report>
			<report>
				<misses>604000001</misses>
				<total>0</total>
				<timestamp>3891.209634</timestamp>
			</report>
			<report>
				<misses>604100001</misses>
				<total>0</total>
				<timestamp>3891.851354</timestamp>
			</report>
			<report>
				<misses>604200001</misses>
				<total>0</total>
				<timestamp>3892.490926</timestamp>
			</report>
			<report>
				<misses>604300001</misses>
				<total>0</total>
				<timestamp>3893.130435</timestamp>
			</report>
			<report>
				<misses>604400001</misses>
				<total>0</total>
				<timestamp>3893.770218</timestamp>
			</report>
			<report>
				<misses>604500001</misses>
				<total>0</total>
				<timestamp>3894.409378</timestamp>
			</report>
			<report>
				<misses>604600001</misses>
				<total>0</total>
				<timestamp>3895.047981</timestamp>
			</report>
			<report>
				<misses>604700001</misses>
				<total>0</total>
				<timestamp>3895.687078</timestamp>
			</report>
			<report>
				<misses>604800001</misses>
				<total>0</total>
				<timestamp>3896.326438</timestamp>
			</report>
			<report>
				<misses>604900001</misses>
				<total>0</total>
				<timestamp>3896.965815</timestamp>
			</report>
			<report>
				<misses>605000001</misses>
				<total>0</total>
				<timestamp>3897.605416</timestamp>
			</report>
			<report>
				<misses>605100001</misses>
				<total>0</total>
				<timestamp>3898.244300</timestamp>
			</report>
			<report>
				<misses>605200001</misses>
				<total>0</total>
				<timestamp>3898.890554</timestamp>
			</report>
			<report>
				<misses>605300001</misses>
				<total>0</total>
				<timestamp>3899.540656</timestamp>
			</report>
			<report>
				<misses>605400001</misses>
				<total>0</total>
				<timestamp>3900.191255</timestamp>
			</report>
			<report>
				<misses>605500001</misses>
				<total>0</total>
				<timestamp>3900.843044</timestamp>
			</report>
			<report>
				<misses>605600001</misses>
				<total>0</total>
				<timestamp>3901.492452</timestamp>
			</report>
			<report>
				<misses>605700001</misses>
				<total>0</total>
				<timestamp>3902.142805</timestamp>
			</report>
			<report>
				<misses>605800001</misses>
				<total>0</total>
				<timestamp>3902.792293</timestamp>
			</report>
			<report>
				<misses>605900001</misses>
				<total>0</total>
				<timestamp>3903.442466</timestamp>
			</report>
			<report>
				<misses>606000001</misses>
				<total>0</total>
				<timestamp>3904.092160</timestamp>
			</report>
			<report>
				<misses>606100001</misses>
				<total>0</total>
				<timestamp>3904.741439</timestamp>
			</report>
			<report>
				<misses>606200001</misses>
				<total>0</total>
				<timestamp>3905.392019</timestamp>
			</report>
			<report>
				<misses>606300001</misses>
				<total>0</total>
				<timestamp>3906.043059</timestamp>
			</report>
			<report>
				<misses>606400001</misses>
				<total>0</total>
				<timestamp>3906.693562</timestamp>
			</report>
			<report>
				<misses>606500001</misses>
				<total>0</total>
				<timestamp>3907.344077</timestamp>
			</report>
			<report>
				<misses>606600001</misses>
				<total>0</total>
				<timestamp>3907.993964</timestamp>
			</report>
			<report>
				<misses>606700001</misses>
				<total>0</total>
				<timestamp>3908.644121</timestamp>
			</report>
			<report>
				<misses>606800001</misses>
				<total>0</total>
				<timestamp>3909.293800</timestamp>
			</report>
			<report>
				<misses>606900001</misses>
				<total>0</total>
				<timestamp>3909.944479</timestamp>
			</report>
			<report>
				<misses>607000001</misses>
				<total>0</total>
				<timestamp>3910.594866</timestamp>
			</report>
			<report>
				<misses>607100001</misses>
				<total>0</total>
				<timestamp>3911.249730</timestamp>
			</report>
			<report>
				<misses>607200001</misses>
				<total>0</total>
				<timestamp>3911.900903</timestamp>
			</report>
			<report>
				<misses>607300001</misses>
				<total>0</total>
				<timestamp>3912.551644</timestamp>
			</report>
			<report>
				<misses>607400001</misses>
				<total>0</total>
				<timestamp>3913.202266</timestamp>
			</report>
			<report>
				<misses>607500001</misses>
				<total>0</total>
				<timestamp>3913.853153</timestamp>
			</report>
			<report>
				<misses>607600001</misses>
				<total>0</total>
				<timestamp>3914.502601</timestamp>
			</report>
			<report>
				<misses>607700001</misses>
				<total>0</total>
				<timestamp>3915.151218</timestamp>
			</report>
			<report>
				<misses>607800001</misses>
				<total>0</total>
				<timestamp>3915.797289</timestamp>
			</report>
			<report>
				<misses>607900001</misses>
				<total>0</total>
				<timestamp>3916.440676</timestamp>
			</report>
			<report>
				<misses>608000001</misses>
				<total>0</total>
				<timestamp>3917.083148</timestamp>
			</report>
			<report>
				<misses>608100001</misses>
				<total>0</total>
				<timestamp>3917.726015</timestamp>
			</report>
			<report>
				<misses>608200001</misses>
				<total>0</total>
				<timestamp>3918.371597</timestamp>
			</report>
			<report>
				<misses>608300001</misses>
				<total>0</total>
				<timestamp>3919.014888</timestamp>
			</report>
			<report>
				<misses>608400001</misses>
				<total>0</total>
				<timestamp>3919.672497</timestamp>
			</report>
			<report>
				<misses>608500001</misses>
				<total>0</total>
				<timestamp>3920.321945</timestamp>
			</report>
			<report>
				<misses>608600001</misses>
				<total>0</total>
				<timestamp>3920.972018</timestamp>
			</report>
			<report>
				<misses>608700001</misses>
				<total>0</total>
				<timestamp>3921.621670</timestamp>
			</report>
			<report>
				<misses>608800001</misses>
				<total>0</total>
				<timestamp>3922.270982</timestamp>
			</report>
			<report>
				<misses>608900001</misses>
				<total>0</total>
				<timestamp>3922.920237</timestamp>
			</report>
			<report>
				<misses>609000001</misses>
				<total>0</total>
				<timestamp>3923.569310</timestamp>
			</report>
			<report>
				<misses>609100001</misses>
				<total>0</total>
				<timestamp>3924.218176</timestamp>
			</report>
			<report>
				<misses>609200001</misses>
				<total>0</total>
				<timestamp>3924.866933</timestamp>
			</report>
			<report>
				<misses>609300001</misses>
				<total>0</total>
				<timestamp>3925.515591</timestamp>
			</report>
			<report>
				<misses>609400001</misses>
				<total>0</total>
				<timestamp>3926.163432</timestamp>
			</report>
			<report>
				<misses>609500001</misses>
				<total>0</total>
				<timestamp>3926.814223</timestamp>
			</report>
			<report>
				<misses>609600001</misses>
				<total>0</total>
				<timestamp>3927.461879</timestamp>
			</report>
			<report>
				<misses>609700001</misses>
				<total>0</total>
				<timestamp>3928.109468</timestamp>
			</report>
			<report>
				<misses>609800001</misses>
				<total>0</total>
				<timestamp>3928.757578</timestamp>
			</report>
			<report>
				<misses>609900001</misses>
				<total>0</total>
				<timestamp>3929.405306</timestamp>
			</report>
			<report>
				<misses>610000001</misses>
				<total>0</total>
				<timestamp>3930.052908</timestamp>
			</report>
			<report>
				<misses>610100001</misses>
				<total>0</total>
				<timestamp>3930.700171</timestamp>
			</report>
			<report>
				<misses>610200001</misses>
				<total>0</total>
				<timestamp>3931.347743</timestamp>
			</report>
			<report>
				<misses>610300001</misses>
				<total>0</total>
				<timestamp>3931.991836</timestamp>
			</report>
			<report>
				<misses>610400001</misses>
				<total>0</total>
				<timestamp>3932.635844</timestamp>
			</report>
			<report>
				<misses>610500001</misses>
				<total>0</total>
				<timestamp>3933.280161</timestamp>
			</report>
			<report>
				<misses>610600001</misses>
				<total>0</total>
				<timestamp>3933.924733</timestamp>
			</report>
			<report>
				<misses>610700001</misses>
				<total>0</total>
				<timestamp>3934.569026</timestamp>
			</report>
			<report>
				<misses>610800001</misses>
				<total>0</total>
				<timestamp>3935.213323</timestamp>
			</report>
			<report>
				<misses>610900001</misses>
				<total>0</total>
				<timestamp>3935.857298</timestamp>
			</report>
			<report>
				<misses>611000001</misses>
				<total>0</total>
				<timestamp>3936.501914</timestamp>
			</report>
			<report>
				<misses>611100001</misses>
				<total>0</total>
				<timestamp>3937.145735</timestamp>
			</report>
			<report>
				<misses>611200001</misses>
				<total>0</total>
				<timestamp>3937.792102</timestamp>
			</report>
			<report>
				<misses>611300001</misses>
				<total>0</total>
				<timestamp>3938.437803</timestamp>
			</report>
			<report>
				<misses>611400001</misses>
				<total>0</total>
				<timestamp>3939.085008</timestamp>
			</report>
			<report>
				<misses>611500001</misses>
				<total>0</total>
				<timestamp>3939.730633</timestamp>
			</report>
			<report>
				<misses>611600001</misses>
				<total>0</total>
				<timestamp>3940.381521</timestamp>
			</report>
			<report>
				<misses>611700001</misses>
				<total>0</total>
				<timestamp>3941.028054</timestamp>
			</report>
			<report>
				<misses>611800001</misses>
				<total>0</total>
				<timestamp>3941.671747</timestamp>
			</report>
			<report>
				<misses>611900001</misses>
				<total>0</total>
				<timestamp>3942.313978</timestamp>
			</report>
			<report>
				<misses>612000001</misses>
				<total>0</total>
				<timestamp>3942.955304</timestamp>
			</report>
			<report>
				<misses>612100001</misses>
				<total>0</total>
				<timestamp>3943.596548</timestamp>
			</report>
			<report>
				<misses>612200001</misses>
				<total>0</total>
				<timestamp>3944.236739</timestamp>
			</report>
			<report>
				<misses>612300001</misses>
				<total>0</total>
				<timestamp>3944.878197</timestamp>
			</report>
			<report>
				<misses>612400001</misses>
				<total>0</total>
				<timestamp>3945.519764</timestamp>
			</report>
			<report>
				<misses>612500001</misses>
				<total>0</total>
				<timestamp>3946.161066</timestamp>
			</report>
			<report>
				<misses>612600001</misses>
				<total>0</total>
				<timestamp>3946.803747</timestamp>
			</report>
			<report>
				<misses>612700001</misses>
				<total>0</total>
				<timestamp>3947.445606</timestamp>
			</report>
			<report>
				<misses>612800001</misses>
				<total>0</total>
				<timestamp>3948.086345</timestamp>
			</report>
			<report>
				<misses>612900001</misses>
				<total>0</total>
				<timestamp>3948.727787</timestamp>
			</report>
			<report>
				<misses>613000001</misses>
				<total>0</total>
				<timestamp>3949.368577</timestamp>
			</report>
			<report>
				<misses>613100001</misses>
				<total>0</total>
				<timestamp>3950.009645</timestamp>
			</report>
			<report>
				<misses>613200001</misses>
				<total>0</total>
				<timestamp>3950.650144</timestamp>
			</report>
			<report>
				<misses>613300001</misses>
				<total>0</total>
				<timestamp>3951.290300</timestamp>
			</report>
			<report>
				<misses>613400001</misses>
				<total>0</total>
				<timestamp>3951.930650</timestamp>
			</report>
			<report>
				<misses>613500001</misses>
				<total>0</total>
				<timestamp>3952.571633</timestamp>
			</report>
			<report>
				<misses>613600001</misses>
				<total>0</total>
				<timestamp>3953.212609</timestamp>
			</report>
			<report>
				<misses>613700001</misses>
				<total>0</total>
				<timestamp>3953.854503</timestamp>
			</report>
			<report>
				<misses>613800001</misses>
				<total>0</total>
				<timestamp>3954.496073</timestamp>
			</report>
			<report>
				<misses>613900001</misses>
				<total>0</total>
				<timestamp>3955.137134</timestamp>
			</report>
			<report>
				<misses>614000001</misses>
				<total>0</total>
				<timestamp>3955.778157</timestamp>
			</report>
			<report>
				<misses>614100001</misses>
				<total>0</total>
				<timestamp>3956.420183</timestamp>
			</report>
			<report>
				<misses>614200001</misses>
				<total>0</total>
				<timestamp>3957.061156</timestamp>
			</report>
			<report>
				<misses>614300001</misses>
				<total>0</total>
				<timestamp>3957.702480</timestamp>
			</report>
			<report>
				<misses>614400001</misses>
				<total>0</total>
				<timestamp>3958.344410</timestamp>
			</report>
			<report>
				<misses>614500001</misses>
				<total>0</total>
				<timestamp>3958.986003</timestamp>
			</report>
			<report>
				<misses>614600001</misses>
				<total>0</total>
				<timestamp>3959.627044</timestamp>
			</report>
			<report>
				<misses>614700001</misses>
				<total>0</total>
				<timestamp>3960.269108</timestamp>
			</report>
			<report>
				<misses>614800001</misses>
				<total>0</total>
				<timestamp>3960.911946</timestamp>
			</report>
			<report>
				<misses>614900001</misses>
				<total>0</total>
				<timestamp>3961.553825</timestamp>
			</report>
			<report>
				<misses>615000001</misses>
				<total>0</total>
				<timestamp>3962.196347</timestamp>
			</report>
			<report>
				<misses>615100001</misses>
				<total>0</total>
				<timestamp>3962.837317</timestamp>
			</report>
			<report>
				<misses>615200001</misses>
				<total>0</total>
				<timestamp>3963.477008</timestamp>
			</report>
			<report>
				<misses>615300001</misses>
				<total>0</total>
				<timestamp>3964.118329</timestamp>
			</report>
			<report>
				<misses>615400001</misses>
				<total>0</total>
				<timestamp>3964.760122</timestamp>
			</report>
			<report>
				<misses>615500001</misses>
				<total>0</total>
				<timestamp>3965.401834</timestamp>
			</report>
			<report>
				<misses>615600001</misses>
				<total>0</total>
				<timestamp>3966.043395</timestamp>
			</report>
			<report>
				<misses>615700001</misses>
				<total>0</total>
				<timestamp>3966.684601</timestamp>
			</report>
			<report>
				<misses>615800001</misses>
				<total>0</total>
				<timestamp>3967.327236</timestamp>
			</report>
			<report>
				<misses>615900001</misses>
				<total>0</total>
				<timestamp>3967.967271</timestamp>
			</report>
			<report>
				<misses>616000001</misses>
				<total>0</total>
				<timestamp>3968.608607</timestamp>
			</report>
			<report>
				<misses>616100001</misses>
				<total>0</total>
				<timestamp>3969.249488</timestamp>
			</report>
			<report>
				<misses>616200001</misses>
				<total>0</total>
				<timestamp>3969.890140</timestamp>
			</report>
			<report>
				<misses>616300001</misses>
				<total>0</total>
				<timestamp>3970.529743</timestamp>
			</report>
			<report>
				<misses>616400001</misses>
				<total>0</total>
				<timestamp>3971.167297</timestamp>
			</report>
			<report>
				<misses>616500001</misses>
				<total>0</total>
				<timestamp>3971.804436</timestamp>
			</report>
			<report>
				<misses>616600001</misses>
				<total>0</total>
				<timestamp>3972.442104</timestamp>
			</report>
			<report>
				<misses>616700001</misses>
				<total>0</total>
				<timestamp>3973.079783</timestamp>
			</report>
			<report>
				<misses>616800001</misses>
				<total>0</total>
				<timestamp>3973.716835</timestamp>
			</report>
			<report>
				<misses>616900001</misses>
				<total>0</total>
				<timestamp>3974.354084</timestamp>
			</report>
			<report>
				<misses>617000001</misses>
				<total>0</total>
				<timestamp>3974.991808</timestamp>
			</report>
			<report>
				<misses>617100001</misses>
				<total>0</total>
				<timestamp>3975.629858</timestamp>
			</report>
			<report>
				<misses>617200001</misses>
				<total>0</total>
				<timestamp>3976.267116</timestamp>
			</report>
			<report>
				<misses>617300001</misses>
				<total>0</total>
				<timestamp>3976.905609</timestamp>
			</report>
			<report>
				<misses>617400001</misses>
				<total>0</total>
				<timestamp>3977.543512</timestamp>
			</report>
			<report>
				<misses>617500001</misses>
				<total>0</total>
				<timestamp>3978.184182</timestamp>
			</report>
			<report>
				<misses>617600001</misses>
				<total>0</total>
				<timestamp>3978.825278</timestamp>
			</report>
			<report>
				<misses>617700001</misses>
				<total>0</total>
				<timestamp>3979.465417</timestamp>
			</report>
			<report>
				<misses>617800001</misses>
				<total>0</total>
				<timestamp>3980.105832</timestamp>
			</report>
			<report>
				<misses>617900001</misses>
				<total>0</total>
				<timestamp>3980.751028</timestamp>
			</report>
			<report>
				<misses>618000001</misses>
				<total>0</total>
				<timestamp>3981.402132</timestamp>
			</report>
			<report>
				<misses>618100001</misses>
				<total>0</total>
				<timestamp>3982.052471</timestamp>
			</report>
			<report>
				<misses>618200001</misses>
				<total>0</total>
				<timestamp>3982.702683</timestamp>
			</report>
			<report>
				<misses>618300001</misses>
				<total>0</total>
				<timestamp>3983.352477</timestamp>
			</report>
			<report>
				<misses>618400001</misses>
				<total>0</total>
				<timestamp>3984.002907</timestamp>
			</report>
			<report>
				<misses>618500001</misses>
				<total>0</total>
				<timestamp>3984.653477</timestamp>
			</report>
			<report>
				<misses>618600001</misses>
				<total>0</total>
				<timestamp>3985.302920</timestamp>
			</report>
			<report>
				<misses>618700001</misses>
				<total>0</total>
				<timestamp>3985.953431</timestamp>
			</report>
			<report>
				<misses>618800001</misses>
				<total>0</total>
				<timestamp>3986.603687</timestamp>
			</report>
			<report>
				<misses>618900001</misses>
				<total>0</total>
				<timestamp>3987.253748</timestamp>
			</report>
			<report>
				<misses>619000001</misses>
				<total>0</total>
				<timestamp>3987.904025</timestamp>
			</report>
			<report>
				<misses>619100001</misses>
				<total>0</total>
				<timestamp>3988.554441</timestamp>
			</report>
			<report>
				<misses>619200001</misses>
				<total>0</total>
				<timestamp>3989.204090</timestamp>
			</report>
			<report>
				<misses>619300001</misses>
				<total>0</total>
				<timestamp>3989.853962</timestamp>
			</report>
			<report>
				<misses>619400001</misses>
				<total>0</total>
				<timestamp>3990.505693</timestamp>
			</report>
			<report>
				<misses>619500001</misses>
				<total>0</total>
				<timestamp>3991.157851</timestamp>
			</report>
			<report>
				<misses>619600001</misses>
				<total>0</total>
				<timestamp>3991.809443</timestamp>
			</report>
			<report>
				<misses>619700001</misses>
				<total>0</total>
				<timestamp>3992.458568</timestamp>
			</report>
			<report>
				<misses>619800001</misses>
				<total>0</total>
				<timestamp>3993.108795</timestamp>
			</report>
			<report>
				<misses>619900001</misses>
				<total>0</total>
				<timestamp>3993.759761</timestamp>
			</report>
			<report>
				<misses>620000001</misses>
				<total>0</total>
				<timestamp>3994.409810</timestamp>
			</report>
			<report>
				<misses>620100001</misses>
				<total>0</total>
				<timestamp>3995.060069</timestamp>
			</report>
			<report>
				<misses>620200001</misses>
				<total>0</total>
				<timestamp>3995.709915</timestamp>
			</report>
			<report>
				<misses>620300001</misses>
				<total>0</total>
				<timestamp>3996.359781</timestamp>
			</report>
			<report>
				<misses>620400001</misses>
				<total>0</total>
				<timestamp>3997.009396</timestamp>
			</report>
			<report>
				<misses>620500001</misses>
				<total>0</total>
				<timestamp>3997.658691</timestamp>
			</report>
			<report>
				<misses>620600001</misses>
				<total>0</total>
				<timestamp>3998.308638</timestamp>
			</report>
			<report>
				<misses>620700001</misses>
				<total>0</total>
				<timestamp>3998.960388</timestamp>
			</report>
			<report>
				<misses>620800001</misses>
				<total>0</total>
				<timestamp>3999.612323</timestamp>
			</report>
			<report>
				<misses>620900001</misses>
				<total>0</total>
				<timestamp>4000.263336</timestamp>
			</report>
			<report>
				<misses>621000001</misses>
				<total>0</total>
				<timestamp>4000.914515</timestamp>
			</report>
			<report>
				<misses>621100001</misses>
				<total>0</total>
				<timestamp>4001.565694</timestamp>
			</report>
			<report>
				<misses>621200001</misses>
				<total>0</total>
				<timestamp>4002.217357</timestamp>
			</report>
			<report>
				<misses>621300001</misses>
				<total>0</total>
				<timestamp>4002.871423</timestamp>
			</report>
			<report>
				<misses>621400001</misses>
				<total>0</total>
				<timestamp>4003.522516</timestamp>
			</report>
			<report>
				<misses>621500001</misses>
				<total>0</total>
				<timestamp>4004.171667</timestamp>
			</report>
			<report>
				<misses>621600001</misses>
				<total>0</total>
				<timestamp>4004.822106</timestamp>
			</report>
			<report>
				<misses>621700001</misses>
				<total>0</total>
				<timestamp>4005.471884</timestamp>
			</report>
			<report>
				<misses>621800001</misses>
				<total>0</total>
				<timestamp>4006.122331</timestamp>
			</report>
			<report>
				<misses>621900001</misses>
				<total>0</total>
				<timestamp>4006.775498</timestamp>
			</report>
			<report>
				<misses>622000001</misses>
				<total>0</total>
				<timestamp>4007.425381</timestamp>
			</report>
			<report>
				<misses>622100001</misses>
				<total>0</total>
				<timestamp>4008.074699</timestamp>
			</report>
			<report>
				<misses>622200001</misses>
				<total>0</total>
				<timestamp>4008.724099</timestamp>
			</report>
			<report>
				<misses>622300001</misses>
				<total>0</total>
				<timestamp>4009.373242</timestamp>
			</report>
			<report>
				<misses>622400001</misses>
				<total>0</total>
				<timestamp>4010.023582</timestamp>
			</report>
			<report>
				<misses>622500001</misses>
				<total>0</total>
				<timestamp>4010.675082</timestamp>
			</report>
			<report>
				<misses>622600001</misses>
				<total>0</total>
				<timestamp>4011.324496</timestamp>
			</report>
			<report>
				<misses>622700001</misses>
				<total>0</total>
				<timestamp>4011.974282</timestamp>
			</report>
			<report>
				<misses>622800001</misses>
				<total>0</total>
				<timestamp>4012.623535</timestamp>
			</report>
			<report>
				<misses>622900001</misses>
				<total>0</total>
				<timestamp>4013.273568</timestamp>
			</report>
			<report>
				<misses>623000001</misses>
				<total>0</total>
				<timestamp>4013.924727</timestamp>
			</report>
			<report>
				<misses>623100001</misses>
				<total>0</total>
				<timestamp>4014.575161</timestamp>
			</report>
			<report>
				<misses>623200001</misses>
				<total>0</total>
				<timestamp>4015.224840</timestamp>
			</report>
			<report>
				<misses>623300001</misses>
				<total>0</total>
				<timestamp>4015.874035</timestamp>
			</report>
			<report>
				<misses>623400001</misses>
				<total>0</total>
				<timestamp>4016.523045</timestamp>
			</report>
			<report>
				<misses>623500001</misses>
				<total>0</total>
				<timestamp>4017.172835</timestamp>
			</report>
			<report>
				<misses>623600001</misses>
				<total>0</total>
				<timestamp>4017.823873</timestamp>
			</report>
			<report>
				<misses>623700001</misses>
				<total>0</total>
				<timestamp>4018.474590</timestamp>
			</report>
			<report>
				<misses>623800001</misses>
				<total>0</total>
				<timestamp>4019.125170</timestamp>
			</report>
			<report>
				<misses>623900001</misses>
				<total>0</total>
				<timestamp>4019.776097</timestamp>
			</report>
			<report>
				<misses>624000001</misses>
				<total>0</total>
				<timestamp>4020.427275</timestamp>
			</report>
			<report>
				<misses>624100001</misses>
				<total>0</total>
				<timestamp>4021.077883</timestamp>
			</report>
			<report>
				<misses>624200001</misses>
				<total>0</total>
				<timestamp>4021.729143</timestamp>
			</report>
			<report>
				<misses>624300001</misses>
				<total>0</total>
				<timestamp>4022.380144</timestamp>
			</report>
			<report>
				<misses>624400001</misses>
				<total>0</total>
				<timestamp>4023.031405</timestamp>
			</report>
			<report>
				<misses>624500001</misses>
				<total>0</total>
				<timestamp>4023.681997</timestamp>
			</report>
			<report>
				<misses>624600001</misses>
				<total>0</total>
				<timestamp>4024.334266</timestamp>
			</report>
			<report>
				<misses>624700001</misses>
				<total>0</total>
				<timestamp>4024.987671</timestamp>
			</report>
			<report>
				<misses>624800001</misses>
				<total>0</total>
				<timestamp>4025.641743</timestamp>
			</report>
			<report>
				<misses>624900001</misses>
				<total>0</total>
				<timestamp>4026.294427</timestamp>
			</report>
			<report>
				<misses>625000001</misses>
				<total>0</total>
				<timestamp>4026.948901</timestamp>
			</report>
			<report>
				<misses>625100001</misses>
				<total>0</total>
				<timestamp>4027.602881</timestamp>
			</report>
			<report>
				<misses>625200001</misses>
				<total>0</total>
				<timestamp>4028.256493</timestamp>
			</report>
			<report>
				<misses>625300001</misses>
				<total>0</total>
				<timestamp>4028.909380</timestamp>
			</report>
			<report>
				<misses>625400001</misses>
				<total>0</total>
				<timestamp>4029.562625</timestamp>
			</report>
			<report>
				<misses>625500001</misses>
				<total>0</total>
				<timestamp>4030.216170</timestamp>
			</report>
			<report>
				<misses>625600001</misses>
				<total>0</total>
				<timestamp>4030.869535</timestamp>
			</report>
			<report>
				<misses>625700001</misses>
				<total>0</total>
				<timestamp>4031.522232</timestamp>
			</report>
			<report>
				<misses>625800001</misses>
				<total>0</total>
				<timestamp>4032.174170</timestamp>
			</report>
			<report>
				<misses>625900001</misses>
				<total>0</total>
				<timestamp>4032.827961</timestamp>
			</report>
			<report>
				<misses>626000001</misses>
				<total>0</total>
				<timestamp>4033.481536</timestamp>
			</report>
			<report>
				<misses>626100001</misses>
				<total>0</total>
				<timestamp>4034.134905</timestamp>
			</report>
			<report>
				<misses>626200001</misses>
				<total>0</total>
				<timestamp>4034.787865</timestamp>
			</report>
			<report>
				<misses>626300001</misses>
				<total>0</total>
				<timestamp>4035.441437</timestamp>
			</report>
			<report>
				<misses>626400001</misses>
				<total>0</total>
				<timestamp>4036.091422</timestamp>
			</report>
			<report>
				<misses>626500001</misses>
				<total>0</total>
				<timestamp>4036.738029</timestamp>
			</report>
			<report>
				<misses>626600001</misses>
				<total>0</total>
				<timestamp>4037.384863</timestamp>
			</report>
			<report>
				<misses>626700001</misses>
				<total>0</total>
				<timestamp>4038.031388</timestamp>
			</report>
			<report>
				<misses>626800001</misses>
				<total>0</total>
				<timestamp>4038.679195</timestamp>
			</report>
			<report>
				<misses>626900001</misses>
				<total>0</total>
				<timestamp>4039.326259</timestamp>
			</report>
			<report>
				<misses>627000001</misses>
				<total>0</total>
				<timestamp>4039.975076</timestamp>
			</report>
			<report>
				<misses>627100001</misses>
				<total>0</total>
				<timestamp>4040.624814</timestamp>
			</report>
			<report>
				<misses>627200001</misses>
				<total>0</total>
				<timestamp>4041.274672</timestamp>
			</report>
			<report>
				<misses>627300001</misses>
				<total>0</total>
				<timestamp>4041.925970</timestamp>
			</report>
			<report>
				<misses>627400001</misses>
				<total>0</total>
				<timestamp>4042.576672</timestamp>
			</report>
			<report>
				<misses>627500001</misses>
				<total>0</total>
				<timestamp>4043.227104</timestamp>
			</report>
			<report>
				<misses>627600001</misses>
				<total>0</total>
				<timestamp>4043.877031</timestamp>
			</report>
			<report>
				<misses>627700001</misses>
				<total>0</total>
				<timestamp>4044.526253</timestamp>
			</report>
			<report>
				<misses>627800001</misses>
				<total>0</total>
				<timestamp>4045.175228</timestamp>
			</report>
			<report>
				<misses>627900001</misses>
				<total>0</total>
				<timestamp>4045.823888</timestamp>
			</report>
			<report>
				<misses>628000001</misses>
				<total>0</total>
				<timestamp>4046.474043</timestamp>
			</report>
			<report>
				<misses>628100001</misses>
				<total>0</total>
				<timestamp>4047.122380</timestamp>
			</report>
			<report>
				<misses>628200001</misses>
				<total>0</total>
				<timestamp>4047.773002</timestamp>
			</report>
			<report>
				<misses>628300001</misses>
				<total>0</total>
				<timestamp>4048.421390</timestamp>
			</report>
			<report>
				<misses>628400001</misses>
				<total>0</total>
				<timestamp>4049.069632</timestamp>
			</report>
			<report>
				<misses>628500001</misses>
				<total>0</total>
				<timestamp>4049.719754</timestamp>
			</report>
			<report>
				<misses>628600001</misses>
				<total>0</total>
				<timestamp>4050.368938</timestamp>
			</report>
			<report>
				<misses>628700001</misses>
				<total>0</total>
				<timestamp>4051.017325</timestamp>
			</report>
			<report>
				<misses>628800001</misses>
				<total>0</total>
				<timestamp>4051.667896</timestamp>
			</report>
			<report>
				<misses>628900001</misses>
				<total>0</total>
				<timestamp>4052.317352</timestamp>
			</report>
			<report>
				<misses>629000001</misses>
				<total>0</total>
				<timestamp>4052.966890</timestamp>
			</report>
			<report>
				<misses>629100001</misses>
				<total>0</total>
				<timestamp>4053.615717</timestamp>
			</report>
			<report>
				<misses>629200001</misses>
				<total>0</total>
				<timestamp>4054.265267</timestamp>
			</report>
			<report>
				<misses>629300001</misses>
				<total>0</total>
				<timestamp>4054.907646</timestamp>
			</report>
			<report>
				<misses>629400001</misses>
				<total>0</total>
				<timestamp>4055.549840</timestamp>
			</report>
			<report>
				<misses>629500001</misses>
				<total>0</total>
				<timestamp>4056.192133</timestamp>
			</report>
			<report>
				<misses>629600001</misses>
				<total>0</total>
				<timestamp>4056.836143</timestamp>
			</report>
			<report>
				<misses>629700001</misses>
				<total>0</total>
				<timestamp>4057.477974</timestamp>
			</report>
			<report>
				<misses>629800001</misses>
				<total>0</total>
				<timestamp>4058.120430</timestamp>
			</report>
			<report>
				<misses>629900001</misses>
				<total>0</total>
				<timestamp>4058.762387</timestamp>
			</report>
			<report>
				<misses>630000001</misses>
				<total>0</total>
				<timestamp>4059.403650</timestamp>
			</report>
			<report>
				<misses>630100001</misses>
				<total>0</total>
				<timestamp>4060.045202</timestamp>
			</report>
			<report>
				<misses>630200001</misses>
				<total>0</total>
				<timestamp>4060.689322</timestamp>
			</report>
			<report>
				<misses>630300001</misses>
				<total>0</total>
				<timestamp>4061.330800</timestamp>
			</report>
			<report>
				<misses>630400001</misses>
				<total>0</total>
				<timestamp>4061.973081</timestamp>
			</report>
			<report>
				<misses>630500001</misses>
				<total>0</total>
				<timestamp>4062.615608</timestamp>
			</report>
			<report>
				<misses>630600001</misses>
				<total>0</total>
				<timestamp>4063.257802</timestamp>
			</report>
			<report>
				<misses>630700001</misses>
				<total>0</total>
				<timestamp>4063.900808</timestamp>
			</report>
			<report>
				<misses>630800001</misses>
				<total>0</total>
				<timestamp>4064.542552</timestamp>
			</report>
			<report>
				<misses>630900001</misses>
				<total>0</total>
				<timestamp>4065.185047</timestamp>
			</report>
			<report>
				<misses>631000001</misses>
				<total>0</total>
				<timestamp>4065.827739</timestamp>
			</report>
			<report>
				<misses>631100001</misses>
				<total>0</total>
				<timestamp>4066.472171</timestamp>
			</report>
			<report>
				<misses>631200001</misses>
				<total>0</total>
				<timestamp>4067.117825</timestamp>
			</report>
			<report>
				<misses>631300001</misses>
				<total>0</total>
				<timestamp>4067.761494</timestamp>
			</report>
			<report>
				<misses>631400001</misses>
				<total>0</total>
				<timestamp>4068.405664</timestamp>
			</report>
			<report>
				<misses>631500001</misses>
				<total>0</total>
				<timestamp>4069.050422</timestamp>
			</report>
			<report>
				<misses>631600001</misses>
				<total>0</total>
				<timestamp>4069.695348</timestamp>
			</report>
			<report>
				<misses>631700001</misses>
				<total>0</total>
				<timestamp>4070.338650</timestamp>
			</report>
			<report>
				<misses>631800001</misses>
				<total>0</total>
				<timestamp>4070.983696</timestamp>
			</report>
			<report>
				<misses>631900001</misses>
				<total>0</total>
				<timestamp>4071.627315</timestamp>
			</report>
			<report>
				<misses>632000001</misses>
				<total>0</total>
				<timestamp>4072.270621</timestamp>
			</report>
			<report>
				<misses>632100001</misses>
				<total>0</total>
				<timestamp>4072.915089</timestamp>
			</report>
			<report>
				<misses>632200001</misses>
				<total>0</total>
				<timestamp>4073.557772</timestamp>
			</report>
			<report>
				<misses>632300001</misses>
				<total>0</total>
				<timestamp>4074.200836</timestamp>
			</report>
			<report>
				<misses>632400001</misses>
				<total>0</total>
				<timestamp>4074.846054</timestamp>
			</report>
			<report>
				<misses>632500001</misses>
				<total>0</total>
				<timestamp>4075.490138</timestamp>
			</report>
			<report>
				<misses>632600001</misses>
				<total>0</total>
				<timestamp>4076.134170</timestamp>
			</report>
			<report>
				<misses>632700001</misses>
				<total>0</total>
				<timestamp>4076.777667</timestamp>
			</report>
			<report>
				<misses>632800001</misses>
				<total>0</total>
				<timestamp>4077.420231</timestamp>
			</report>
			<report>
				<misses>632900001</misses>
				<total>0</total>
				<timestamp>4078.063754</timestamp>
			</report>
			<report>
				<misses>633000001</misses>
				<total>0</total>
				<timestamp>4078.709748</timestamp>
			</report>
			<report>
				<misses>633100001</misses>
				<total>0</total>
				<timestamp>4079.351037</timestamp>
			</report>
			<report>
				<misses>633200001</misses>
				<total>0</total>
				<timestamp>4079.992340</timestamp>
			</report>
			<report>
				<misses>633300001</misses>
				<total>0</total>
				<timestamp>4080.634298</timestamp>
			</report>
			<report>
				<misses>633400001</misses>
				<total>0</total>
				<timestamp>4081.276840</timestamp>
			</report>
			<report>
				<misses>633500001</misses>
				<total>0</total>
				<timestamp>4081.918201</timestamp>
			</report>
			<report>
				<misses>633600001</misses>
				<total>0</total>
				<timestamp>4082.559803</timestamp>
			</report>
			<report>
				<misses>633700001</misses>
				<total>0</total>
				<timestamp>4083.198621</timestamp>
			</report>
			<report>
				<misses>633800001</misses>
				<total>0</total>
				<timestamp>4083.835515</timestamp>
			</report>
			<report>
				<misses>633900001</misses>
				<total>0</total>
				<timestamp>4084.472309</timestamp>
			</report>
			<report>
				<misses>634000001</misses>
				<total>0</total>
				<timestamp>4085.110888</timestamp>
			</report>
			<report>
				<misses>634100001</misses>
				<total>0</total>
				<timestamp>4085.750906</timestamp>
			</report>
			<report>
				<misses>634200001</misses>
				<total>0</total>
				<timestamp>4086.390453</timestamp>
			</report>
			<report>
				<misses>634300001</misses>
				<total>0</total>
				<timestamp>4087.031591</timestamp>
			</report>
			<report>
				<misses>634400001</misses>
				<total>0</total>
				<timestamp>4087.672737</timestamp>
			</report>
			<report>
				<misses>634500001</misses>
				<total>0</total>
				<timestamp>4088.313110</timestamp>
			</report>
			<report>
				<misses>634600001</misses>
				<total>0</total>
				<timestamp>4088.953142</timestamp>
			</report>
			<report>
				<misses>634700001</misses>
				<total>0</total>
				<timestamp>4089.605963</timestamp>
			</report>
			<report>
				<misses>634800001</misses>
				<total>0</total>
				<timestamp>4090.261262</timestamp>
			</report>
			<report>
				<misses>634900001</misses>
				<total>0</total>
				<timestamp>4090.915156</timestamp>
			</report>
			<report>
				<misses>635000001</misses>
				<total>0</total>
				<timestamp>4091.568604</timestamp>
			</report>
			<report>
				<misses>635100001</misses>
				<total>0</total>
				<timestamp>4092.223295</timestamp>
			</report>
			<report>
				<misses>635200001</misses>
				<total>0</total>
				<timestamp>4092.875280</timestamp>
			</report>
			<report>
				<misses>635300001</misses>
				<total>0</total>
				<timestamp>4093.528279</timestamp>
			</report>
			<report>
				<misses>635400001</misses>
				<total>0</total>
				<timestamp>4094.180454</timestamp>
			</report>
			<report>
				<misses>635500001</misses>
				<total>0</total>
				<timestamp>4094.832823</timestamp>
			</report>
			<report>
				<misses>635600001</misses>
				<total>0</total>
				<timestamp>4095.485840</timestamp>
			</report>
			<report>
				<misses>635700001</misses>
				<total>0</total>
				<timestamp>4096.140132</timestamp>
			</report>
			<report>
				<misses>635800001</misses>
				<total>0</total>
				<timestamp>4096.793560</timestamp>
			</report>
			<report>
				<misses>635900001</misses>
				<total>0</total>
				<timestamp>4097.446930</timestamp>
			</report>
			<report>
				<misses>636000001</misses>
				<total>0</total>
				<timestamp>4098.100547</timestamp>
			</report>
			<report>
				<misses>636100001</misses>
				<total>0</total>
				<timestamp>4098.754147</timestamp>
			</report>
			<report>
				<misses>636200001</misses>
				<total>0</total>
				<timestamp>4099.408225</timestamp>
			</report>
			<report>
				<misses>636300001</misses>
				<total>0</total>
				<timestamp>4100.061118</timestamp>
			</report>
			<report>
				<misses>636400001</misses>
				<total>0</total>
				<timestamp>4100.713752</timestamp>
			</report>
			<report>
				<misses>636500001</misses>
				<total>0</total>
				<timestamp>4101.368266</timestamp>
			</report>
			<report>
				<misses>636600001</misses>
				<total>0</total>
				<timestamp>4102.021905</timestamp>
			</report>
			<report>
				<misses>636700001</misses>
				<total>0</total>
				<timestamp>4102.675834</timestamp>
			</report>
			<report>
				<misses>636800001</misses>
				<total>0</total>
				<timestamp>4103.329336</timestamp>
			</report>
			<report>
				<misses>636900001</misses>
				<total>0</total>
				<timestamp>4103.983632</timestamp>
			</report>
			<report>
				<misses>637000001</misses>
				<total>0</total>
				<timestamp>4104.638106</timestamp>
			</report>
			<report>
				<misses>637100001</misses>
				<total>0</total>
				<timestamp>4105.291581</timestamp>
			</report>
			<report>
				<misses>637200001</misses>
				<total>0</total>
				<timestamp>4105.939949</timestamp>
			</report>
			<report>
				<misses>637300001</misses>
				<total>0</total>
				<timestamp>4106.587134</timestamp>
			</report>
			<report>
				<misses>637400001</misses>
				<total>0</total>
				<timestamp>4107.237235</timestamp>
			</report>
			<report>
				<misses>637500001</misses>
				<total>0</total>
				<timestamp>4107.883954</timestamp>
			</report>
			<report>
				<misses>637600001</misses>
				<total>0</total>
				<timestamp>4108.530569</timestamp>
			</report>
			<report>
				<misses>637700001</misses>
				<total>0</total>
				<timestamp>4109.177930</timestamp>
			</report>
			<report>
				<misses>637800001</misses>
				<total>0</total>
				<timestamp>4109.825604</timestamp>
			</report>
			<report>
				<misses>637900001</misses>
				<total>0</total>
				<timestamp>4110.473373</timestamp>
			</report>
			<report>
				<misses>638000001</misses>
				<total>0</total>
				<timestamp>4111.120256</timestamp>
			</report>
			<report>
				<misses>638100001</misses>
				<total>0</total>
				<timestamp>4111.769929</timestamp>
			</report>
			<report>
				<misses>638200001</misses>
				<total>0</total>
				<timestamp>4112.416500</timestamp>
			</report>
			<report>
				<misses>638300001</misses>
				<total>0</total>
				<timestamp>4113.063354</timestamp>
			</report>
			<report>
				<misses>638400001</misses>
				<total>0</total>
				<timestamp>4113.712851</timestamp>
			</report>
			<report>
				<misses>638500001</misses>
				<total>0</total>
				<timestamp>4114.360342</timestamp>
			</report>
			<report>
				<misses>638600001</misses>
				<total>0</total>
				<timestamp>4115.010414</timestamp>
			</report>
			<report>
				<misses>638700001</misses>
				<total>0</total>
				<timestamp>4115.655898</timestamp>
			</report>
			<report>
				<misses>638800001</misses>
				<total>0</total>
				<timestamp>4116.311901</timestamp>
			</report>
			<report>
				<misses>638900001</misses>
				<total>0</total>
				<timestamp>4116.963418</timestamp>
			</report>
			<report>
				<misses>639000001</misses>
				<total>0</total>
				<timestamp>4117.614838</timestamp>
			</report>
			<report>
				<misses>639100001</misses>
				<total>0</total>
				<timestamp>4118.266963</timestamp>
			</report>
			<report>
				<misses>639200001</misses>
				<total>0</total>
				<timestamp>4118.917593</timestamp>
			</report>
			<report>
				<misses>639300001</misses>
				<total>0</total>
				<timestamp>4119.568352</timestamp>
			</report>
			<report>
				<misses>639400001</misses>
				<total>0</total>
				<timestamp>4120.220105</timestamp>
			</report>
			<report>
				<misses>639500001</misses>
				<total>0</total>
				<timestamp>4120.872666</timestamp>
			</report>
			<report>
				<misses>639600001</misses>
				<total>0</total>
				<timestamp>4121.524634</timestamp>
			</report>
			<report>
				<misses>639700001</misses>
				<total>0</total>
				<timestamp>4122.174019</timestamp>
			</report>
			<report>
				<misses>639800001</misses>
				<total>0</total>
				<timestamp>4122.823710</timestamp>
			</report>
			<report>
				<misses>639900001</misses>
				<total>0</total>
				<timestamp>4123.472888</timestamp>
			</report>
			<report>
				<misses>640000001</misses>
				<total>0</total>
				<timestamp>4124.121293</timestamp>
			</report>
			<report>
				<misses>640100001</misses>
				<total>0</total>
				<timestamp>4124.770491</timestamp>
			</report>
			<report>
				<misses>640200001</misses>
				<total>0</total>
				<timestamp>4125.419677</timestamp>
			</report>
			<report>
				<misses>640300001</misses>
				<total>0</total>
				<timestamp>4126.068452</timestamp>
			</report>
			<report>
				<misses>640400001</misses>
				<total>0</total>
				<timestamp>4126.716978</timestamp>
			</report>
			<report>
				<misses>640500001</misses>
				<total>0</total>
				<timestamp>4127.364723</timestamp>
			</report>
			<report>
				<misses>640600001</misses>
				<total>0</total>
				<timestamp>4128.013179</timestamp>
			</report>
			<report>
				<misses>640700001</misses>
				<total>0</total>
				<timestamp>4128.662550</timestamp>
			</report>
			<report>
				<misses>640800001</misses>
				<total>0</total>
				<timestamp>4129.309133</timestamp>
			</report>
			<report>
				<misses>640900001</misses>
				<total>0</total>
				<timestamp>4129.957165</timestamp>
			</report>
			<report>
				<misses>641000001</misses>
				<total>0</total>
				<timestamp>4130.601641</timestamp>
			</report>
			<report>
				<misses>641100001</misses>
				<total>0</total>
				<timestamp>4131.246237</timestamp>
			</report>
			<report>
				<misses>641200001</misses>
				<total>0</total>
				<timestamp>4131.891354</timestamp>
			</report>
			<report>
				<misses>641300001</misses>
				<total>0</total>
				<timestamp>4132.531912</timestamp>
			</report>
			<report>
				<misses>641400001</misses>
				<total>0</total>
				<timestamp>4133.165930</timestamp>
			</report>
			<report>
				<misses>641500001</misses>
				<total>0</total>
				<timestamp>4133.800721</timestamp>
			</report>
			<report>
				<misses>641600001</misses>
				<total>0</total>
				<timestamp>4134.436295</timestamp>
			</report>
			<report>
				<misses>641700001</misses>
				<total>0</total>
				<timestamp>4135.071980</timestamp>
			</report>
			<report>
				<misses>641800001</misses>
				<total>0</total>
				<timestamp>4135.707669</timestamp>
			</report>
			<report>
				<misses>641900001</misses>
				<total>0</total>
				<timestamp>4136.343699</timestamp>
			</report>
			<report>
				<misses>642000001</misses>
				<total>0</total>
				<timestamp>4136.983015</timestamp>
			</report>
			<report>
				<misses>642100001</misses>
				<total>0</total>
				<timestamp>4137.621463</timestamp>
			</report>
			<report>
				<misses>642200001</misses>
				<total>0</total>
				<timestamp>4138.260259</timestamp>
			</report>
			<report>
				<misses>642300001</misses>
				<total>0</total>
				<timestamp>4138.899976</timestamp>
			</report>
			<report>
				<misses>642400001</misses>
				<total>0</total>
				<timestamp>4139.539462</timestamp>
			</report>
			<report>
				<misses>642500001</misses>
				<total>0</total>
				<timestamp>4140.180094</timestamp>
			</report>
			<report>
				<misses>642600001</misses>
				<total>0</total>
				<timestamp>4140.819609</timestamp>
			</report>
			<report>
				<misses>642700001</misses>
				<total>0</total>
				<timestamp>4141.459059</timestamp>
			</report>
			<report>
				<misses>642800001</misses>
				<total>0</total>
				<timestamp>4142.099098</timestamp>
			</report>
			<report>
				<misses>642900001</misses>
				<total>0</total>
				<timestamp>4142.745514</timestamp>
			</report>
			<report>
				<misses>643000001</misses>
				<total>0</total>
				<timestamp>4143.395474</timestamp>
			</report>
			<report>
				<misses>643100001</misses>
				<total>0</total>
				<timestamp>4144.045624</timestamp>
			</report>
			<report>
				<misses>643200001</misses>
				<total>0</total>
				<timestamp>4144.695841</timestamp>
			</report>
			<report>
				<misses>643300001</misses>
				<total>0</total>
				<timestamp>4145.345370</timestamp>
			</report>
			<report>
				<misses>643400001</misses>
				<total>0</total>
				<timestamp>4145.995356</timestamp>
			</report>
			<report>
				<misses>643500001</misses>
				<total>0</total>
				<timestamp>4146.645919</timestamp>
			</report>
			<report>
				<misses>643600001</misses>
				<total>0</total>
				<timestamp>4147.296437</timestamp>
			</report>
			<report>
				<misses>643700001</misses>
				<total>0</total>
				<timestamp>4147.946623</timestamp>
			</report>
			<report>
				<misses>643800001</misses>
				<total>0</total>
				<timestamp>4148.597092</timestamp>
			</report>
			<report>
				<misses>643900001</misses>
				<total>0</total>
				<timestamp>4149.247720</timestamp>
			</report>
			<report>
				<misses>644000001</misses>
				<total>0</total>
				<timestamp>4149.899029</timestamp>
			</report>
			<report>
				<misses>644100001</misses>
				<total>0</total>
				<timestamp>4150.549026</timestamp>
			</report>
			<report>
				<misses>644200001</misses>
				<total>0</total>
				<timestamp>4151.199478</timestamp>
			</report>
			<report>
				<misses>644300001</misses>
				<total>0</total>
				<timestamp>4151.849062</timestamp>
			</report>
			<report>
				<misses>644400001</misses>
				<total>0</total>
				<timestamp>4152.499596</timestamp>
			</report>
			<report>
				<misses>644500001</misses>
				<total>0</total>
				<timestamp>4153.150106</timestamp>
			</report>
			<report>
				<misses>644600001</misses>
				<total>0</total>
				<timestamp>4153.800567</timestamp>
			</report>
			<report>
				<misses>644700001</misses>
				<total>0</total>
				<timestamp>4154.450631</timestamp>
			</report>
			<report>
				<misses>644800001</misses>
				<total>0</total>
				<timestamp>4155.099418</timestamp>
			</report>
			<report>
				<misses>644900001</misses>
				<total>0</total>
				<timestamp>4155.748469</timestamp>
			</report>
			<report>
				<misses>645000001</misses>
				<total>0</total>
				<timestamp>4156.397723</timestamp>
			</report>
			<report>
				<misses>645100001</misses>
				<total>0</total>
				<timestamp>4157.046299</timestamp>
			</report>
			<report>
				<misses>645200001</misses>
				<total>0</total>
				<timestamp>4157.696030</timestamp>
			</report>
			<report>
				<misses>645300001</misses>
				<total>0</total>
				<timestamp>4158.342361</timestamp>
			</report>
			<report>
				<misses>645400001</misses>
				<total>0</total>
				<timestamp>4158.993377</timestamp>
			</report>
			<report>
				<misses>645500001</misses>
				<total>0</total>
				<timestamp>4159.643461</timestamp>
			</report>
			<report>
				<misses>645600001</misses>
				<total>0</total>
				<timestamp>4160.292840</timestamp>
			</report>
			<report>
				<misses>645700001</misses>
				<total>0</total>
				<timestamp>4160.941939</timestamp>
			</report>
			<report>
				<misses>645800001</misses>
				<total>0</total>
				<timestamp>4161.594689</timestamp>
			</report>
			<report>
				<misses>645900001</misses>
				<total>0</total>
				<timestamp>4162.247709</timestamp>
			</report>
			<report>
				<misses>646000001</misses>
				<total>0</total>
				<timestamp>4162.898405</timestamp>
			</report>
			<report>
				<misses>646100001</misses>
				<total>0</total>
				<timestamp>4163.550256</timestamp>
			</report>
			<report>
				<misses>646200001</misses>
				<total>0</total>
				<timestamp>4164.202014</timestamp>
			</report>
			<report>
				<misses>646300001</misses>
				<total>0</total>
				<timestamp>4164.852757</timestamp>
			</report>
			<report>
				<misses>646400001</misses>
				<total>0</total>
				<timestamp>4165.504344</timestamp>
			</report>
			<report>
				<misses>646500001</misses>
				<total>0</total>
				<timestamp>4166.155487</timestamp>
			</report>
			<report>
				<misses>646600001</misses>
				<total>0</total>
				<timestamp>4166.806024</timestamp>
			</report>
			<report>
				<misses>646700001</misses>
				<total>0</total>
				<timestamp>4167.457412</timestamp>
			</report>
			<report>
				<misses>646800001</misses>
				<total>0</total>
				<timestamp>4168.110360</timestamp>
			</report>
			<report>
				<misses>646900001</misses>
				<total>0</total>
				<timestamp>4168.763326</timestamp>
			</report>
			<report>
				<misses>647000001</misses>
				<total>0</total>
				<timestamp>4169.416329</timestamp>
			</report>
			<report>
				<misses>647100001</misses>
				<total>0</total>
				<timestamp>4170.069041</timestamp>
			</report>
			<report>
				<misses>647200001</misses>
				<total>0</total>
				<timestamp>4170.722067</timestamp>
			</report>
			<report>
				<misses>647300001</misses>
				<total>0</total>
				<timestamp>4171.371641</timestamp>
			</report>
			<report>
				<misses>647400001</misses>
				<total>0</total>
				<timestamp>4172.020806</timestamp>
			</report>
			<report>
				<misses>647500001</misses>
				<total>0</total>
				<timestamp>4172.671098</timestamp>
			</report>
			<report>
				<misses>647600001</misses>
				<total>0</total>
				<timestamp>4173.320451</timestamp>
			</report>
			<report>
				<misses>647700001</misses>
				<total>0</total>
				<timestamp>4173.970031</timestamp>
			</report>
			<report>
				<misses>647800001</misses>
				<total>0</total>
				<timestamp>4174.618325</timestamp>
			</report>
			<report>
				<misses>647900001</misses>
				<total>0</total>
				<timestamp>4175.267148</timestamp>
			</report>
			<report>
				<misses>648000001</misses>
				<total>0</total>
				<timestamp>4175.909741</timestamp>
			</report>
			<report>
				<misses>648100001</misses>
				<total>0</total>
				<timestamp>4176.552765</timestamp>
			</report>
			<report>
				<misses>648200001</misses>
				<total>0</total>
				<timestamp>4177.199818</timestamp>
			</report>
			<report>
				<misses>648300001</misses>
				<total>0</total>
				<timestamp>4177.845806</timestamp>
			</report>
			<report>
				<misses>648400001</misses>
				<total>0</total>
				<timestamp>4178.490725</timestamp>
			</report>
			<report>
				<misses>648500001</misses>
				<total>0</total>
				<timestamp>4179.135874</timestamp>
			</report>
			<report>
				<misses>648600001</misses>
				<total>0</total>
				<timestamp>4179.780469</timestamp>
			</report>
			<report>
				<misses>648700001</misses>
				<total>0</total>
				<timestamp>4180.426615</timestamp>
			</report>
			<report>
				<misses>648800001</misses>
				<total>0</total>
				<timestamp>4181.070669</timestamp>
			</report>
			<report>
				<misses>648900001</misses>
				<total>0</total>
				<timestamp>4181.714456</timestamp>
			</report>
			<report>
				<misses>649000001</misses>
				<total>0</total>
				<timestamp>4182.358346</timestamp>
			</report>
			<report>
				<misses>649100001</misses>
				<total>0</total>
				<timestamp>4183.001735</timestamp>
			</report>
			<report>
				<misses>649200001</misses>
				<total>0</total>
				<timestamp>4183.645042</timestamp>
			</report>
			<report>
				<misses>649300001</misses>
				<total>0</total>
				<timestamp>4184.289470</timestamp>
			</report>
			<report>
				<misses>649400001</misses>
				<total>0</total>
				<timestamp>4184.931814</timestamp>
			</report>
			<report>
				<misses>649500001</misses>
				<total>0</total>
				<timestamp>4185.575090</timestamp>
			</report>
			<report>
				<misses>649600001</misses>
				<total>0</total>
				<timestamp>4186.219384</timestamp>
			</report>
			<report>
				<misses>649700001</misses>
				<total>0</total>
				<timestamp>4186.861951</timestamp>
			</report>
			<report>
				<misses>649800001</misses>
				<total>0</total>
				<timestamp>4187.506675</timestamp>
			</report>
			<report>
				<misses>649900001</misses>
				<total>0</total>
				<timestamp>4188.151398</timestamp>
			</report>
			<report>
				<misses>650000001</misses>
				<total>0</total>
				<timestamp>4188.797563</timestamp>
			</report>
			<report>
				<misses>650100001</misses>
				<total>0</total>
				<timestamp>4189.441658</timestamp>
			</report>
			<report>
				<misses>650200001</misses>
				<total>0</total>
				<timestamp>4190.088288</timestamp>
			</report>
			<report>
				<misses>650300001</misses>
				<total>0</total>
				<timestamp>4190.728303</timestamp>
			</report>
			<report>
				<misses>650400001</misses>
				<total>0</total>
				<timestamp>4191.366705</timestamp>
			</report>
			<report>
				<misses>650500001</misses>
				<total>0</total>
				<timestamp>4192.007370</timestamp>
			</report>
			<report>
				<misses>650600001</misses>
				<total>0</total>
				<timestamp>4192.646327</timestamp>
			</report>
			<report>
				<misses>650700001</misses>
				<total>0</total>
				<timestamp>4193.285217</timestamp>
			</report>
			<report>
				<misses>650800001</misses>
				<total>0</total>
				<timestamp>4193.923125</timestamp>
			</report>
			<report>
				<misses>650900001</misses>
				<total>0</total>
				<timestamp>4194.560778</timestamp>
			</report>
			<report>
				<misses>651000001</misses>
				<total>0</total>
				<timestamp>4195.198138</timestamp>
			</report>
			<report>
				<misses>651100001</misses>
				<total>0</total>
				<timestamp>4195.837030</timestamp>
			</report>
			<report>
				<misses>651200001</misses>
				<total>0</total>
				<timestamp>4196.476952</timestamp>
			</report>
			<report>
				<misses>651300001</misses>
				<total>0</total>
				<timestamp>4197.117268</timestamp>
			</report>
			<report>
				<misses>651400001</misses>
				<total>0</total>
				<timestamp>4197.757963</timestamp>
			</report>
			<report>
				<misses>651500001</misses>
				<total>0</total>
				<timestamp>4198.400057</timestamp>
			</report>
			<report>
				<misses>651600001</misses>
				<total>0</total>
				<timestamp>4199.041477</timestamp>
			</report>
			<report>
				<misses>651700001</misses>
				<total>0</total>
				<timestamp>4199.683415</timestamp>
			</report>
			<report>
				<misses>651800001</misses>
				<total>0</total>
				<timestamp>4200.324698</timestamp>
			</report>
			<report>
				<misses>651900001</misses>
				<total>0</total>
				<timestamp>4200.965460</timestamp>
			</report>
			<report>
				<misses>652000001</misses>
				<total>0</total>
				<timestamp>4201.606787</timestamp>
			</report>
			<report>
				<misses>652100001</misses>
				<total>0</total>
				<timestamp>4202.247953</timestamp>
			</report>
			<report>
				<misses>652200001</misses>
				<total>0</total>
				<timestamp>4202.888982</timestamp>
			</report>
			<report>
				<misses>652300001</misses>
				<total>0</total>
				<timestamp>4203.530397</timestamp>
			</report>
			<report>
				<misses>652400001</misses>
				<total>0</total>
				<timestamp>4204.172578</timestamp>
			</report>
			<report>
				<misses>652500001</misses>
				<total>0</total>
				<timestamp>4204.815899</timestamp>
			</report>
			<report>
				<misses>652600001</misses>
				<total>0</total>
				<timestamp>4205.458629</timestamp>
			</report>
			<report>
				<misses>652700001</misses>
				<total>0</total>
				<timestamp>4206.101486</timestamp>
			</report>
			<report>
				<misses>652800001</misses>
				<total>0</total>
				<timestamp>4206.743973</timestamp>
			</report>
			<report>
				<misses>652900001</misses>
				<total>0</total>
				<timestamp>4207.386209</timestamp>
			</report>
			<report>
				<misses>653000001</misses>
				<total>0</total>
				<timestamp>4208.029124</timestamp>
			</report>
			<report>
				<misses>653100001</misses>
				<total>0</total>
				<timestamp>4208.672763</timestamp>
			</report>
			<report>
				<misses>653200001</misses>
				<total>0</total>
				<timestamp>4209.316478</timestamp>
			</report>
			<report>
				<misses>653300001</misses>
				<total>0</total>
				<timestamp>4209.960965</timestamp>
			</report>
			<report>
				<misses>653400001</misses>
				<total>0</total>
				<timestamp>4210.603326</timestamp>
			</report>
			<report>
				<misses>653500001</misses>
				<total>0</total>
				<timestamp>4211.245822</timestamp>
			</report>
			<report>
				<misses>653600001</misses>
				<total>0</total>
				<timestamp>4211.888204</timestamp>
			</report>
			<report>
				<misses>653700001</misses>
				<total>0</total>
				<timestamp>4212.531303</timestamp>
			</report>
			<report>
				<misses>653800001</misses>
				<total>0</total>
				<timestamp>4213.174296</timestamp>
			</report>
			<report>
				<misses>653900001</misses>
				<total>0</total>
				<timestamp>4213.816744</timestamp>
			</report>
			<report>
				<misses>654000001</misses>
				<total>0</total>
				<timestamp>4214.454116</timestamp>
			</report>
			<report>
				<misses>654100001</misses>
				<total>0</total>
				<timestamp>4215.089247</timestamp>
			</report>
			<report>
				<misses>654200001</misses>
				<total>0</total>
				<timestamp>4215.724125</timestamp>
			</report>
			<report>
				<misses>654300001</misses>
				<total>0</total>
				<timestamp>4216.359329</timestamp>
			</report>
			<report>
				<misses>654400001</misses>
				<total>0</total>
				<timestamp>4216.994587</timestamp>
			</report>
			<report>
				<misses>654500001</misses>
				<total>0</total>
				<timestamp>4217.629820</timestamp>
			</report>
			<report>
				<misses>654600001</misses>
				<total>0</total>
				<timestamp>4218.265906</timestamp>
			</report>
			<report>
				<misses>654700001</misses>
				<total>0</total>
				<timestamp>4218.902250</timestamp>
			</report>
			<report>
				<misses>654800001</misses>
				<total>0</total>
				<timestamp>4219.539211</timestamp>
			</report>
			<report>
				<misses>654900001</misses>
				<total>0</total>
				<timestamp>4220.175801</timestamp>
			</report>
			<report>
				<misses>655000001</misses>
				<total>0</total>
				<timestamp>4220.814296</timestamp>
			</report>
			<report>
				<misses>655100001</misses>
				<total>0</total>
				<timestamp>4221.451195</timestamp>
			</report>
			<report>
				<misses>655200001</misses>
				<total>0</total>
				<timestamp>4222.087823</timestamp>
			</report>
			<report>
				<misses>655300001</misses>
				<total>0</total>
				<timestamp>4222.736365</timestamp>
			</report>
			<report>
				<misses>655400001</misses>
				<total>0</total>
				<timestamp>4223.384943</timestamp>
			</report>
			<report>
				<misses>655500001</misses>
				<total>0</total>
				<timestamp>4224.034413</timestamp>
			</report>
			<report>
				<misses>655600001</misses>
				<total>0</total>
				<timestamp>4224.684251</timestamp>
			</report>
			<report>
				<misses>655700001</misses>
				<total>0</total>
				<timestamp>4225.333455</timestamp>
			</report>
			<report>
				<misses>655800001</misses>
				<total>0</total>
				<timestamp>4225.982853</timestamp>
			</report>
			<report>
				<misses>655900001</misses>
				<total>0</total>
				<timestamp>4226.633230</timestamp>
			</report>
			<report>
				<misses>656000001</misses>
				<total>0</total>
				<timestamp>4227.282323</timestamp>
			</report>
			<report>
				<misses>656100001</misses>
				<total>0</total>
				<timestamp>4227.932001</timestamp>
			</report>
			<report>
				<misses>656200001</misses>
				<total>0</total>
				<timestamp>4228.581797</timestamp>
			</report>
			<report>
				<misses>656300001</misses>
				<total>0</total>
				<timestamp>4229.232219</timestamp>
			</report>
			<report>
				<misses>656400001</misses>
				<total>0</total>
				<timestamp>4229.881642</timestamp>
			</report>
			<report>
				<misses>656500001</misses>
				<total>0</total>
				<timestamp>4230.530965</timestamp>
			</report>
			<report>
				<misses>656600001</misses>
				<total>0</total>
				<timestamp>4231.179620</timestamp>
			</report>
			<report>
				<misses>656700001</misses>
				<total>0</total>
				<timestamp>4231.827808</timestamp>
			</report>
			<report>
				<misses>656800001</misses>
				<total>0</total>
				<timestamp>4232.478718</timestamp>
			</report>
			<report>
				<misses>656900001</misses>
				<total>0</total>
				<timestamp>4233.129231</timestamp>
			</report>
			<report>
				<misses>657000001</misses>
				<total>0</total>
				<timestamp>4233.777427</timestamp>
			</report>
			<report>
				<misses>657100001</misses>
				<total>0</total>
				<timestamp>4234.425029</timestamp>
			</report>
			<report>
				<misses>657200001</misses>
				<total>0</total>
				<timestamp>4235.074192</timestamp>
			</report>
			<report>
				<misses>657300001</misses>
				<total>0</total>
				<timestamp>4235.724580</timestamp>
			</report>
			<report>
				<misses>657400001</misses>
				<total>0</total>
				<timestamp>4236.373455</timestamp>
			</report>
			<report>
				<misses>657500001</misses>
				<total>0</total>
				<timestamp>4237.022836</timestamp>
			</report>
			<report>
				<misses>657600001</misses>
				<total>0</total>
				<timestamp>4237.676743</timestamp>
			</report>
			<report>
				<misses>657700001</misses>
				<total>0</total>
				<timestamp>4238.327620</timestamp>
			</report>
			<report>
				<misses>657800001</misses>
				<total>0</total>
				<timestamp>4238.977340</timestamp>
			</report>
			<report>
				<misses>657900001</misses>
				<total>0</total>
				<timestamp>4239.625721</timestamp>
			</report>
			<report>
				<misses>658000001</misses>
				<total>0</total>
				<timestamp>4240.274513</timestamp>
			</report>
			<report>
				<misses>658100001</misses>
				<total>0</total>
				<timestamp>4240.926298</timestamp>
			</report>
			<report>
				<misses>658200001</misses>
				<total>0</total>
				<timestamp>4241.576029</timestamp>
			</report>
			<report>
				<misses>658300001</misses>
				<total>0</total>
				<timestamp>4242.222478</timestamp>
			</report>
			<report>
				<misses>658400001</misses>
				<total>0</total>
				<timestamp>4242.877091</timestamp>
			</report>
			<report>
				<misses>658500001</misses>
				<total>0</total>
				<timestamp>4243.529614</timestamp>
			</report>
			<report>
				<misses>658600001</misses>
				<total>0</total>
				<timestamp>4244.177046</timestamp>
			</report>
			<report>
				<misses>658700001</misses>
				<total>0</total>
				<timestamp>4244.824972</timestamp>
			</report>
			<report>
				<misses>658800001</misses>
				<total>0</total>
				<timestamp>4245.472722</timestamp>
			</report>
			<report>
				<misses>658900001</misses>
				<total>0</total>
				<timestamp>4246.124591</timestamp>
			</report>
			<report>
				<misses>659000001</misses>
				<total>0</total>
				<timestamp>4246.775368</timestamp>
			</report>
			<report>
				<misses>659100001</misses>
				<total>0</total>
				<timestamp>4247.429237</timestamp>
			</report>
			<report>
				<misses>659200001</misses>
				<total>0</total>
				<timestamp>4248.085006</timestamp>
			</report>
			<report>
				<misses>659300001</misses>
				<total>0</total>
				<timestamp>4248.739726</timestamp>
			</report>
			<report>
				<misses>659400001</misses>
				<total>0</total>
				<timestamp>4249.395086</timestamp>
			</report>
			<report>
				<misses>659500001</misses>
				<total>0</total>
				<timestamp>4250.050431</timestamp>
			</report>
			<report>
				<misses>659600001</misses>
				<total>0</total>
				<timestamp>4250.703846</timestamp>
			</report>
			<report>
				<misses>659700001</misses>
				<total>0</total>
				<timestamp>4251.359730</timestamp>
			</report>
			<report>
				<misses>659800001</misses>
				<total>0</total>
				<timestamp>4252.013668</timestamp>
			</report>
			<report>
				<misses>659900001</misses>
				<total>0</total>
				<timestamp>4252.666334</timestamp>
			</report>
			<report>
				<misses>660000001</misses>
				<total>0</total>
				<timestamp>4253.320584</timestamp>
			</report>
			<report>
				<misses>660100001</misses>
				<total>0</total>
				<timestamp>4253.974424</timestamp>
			</report>
			<report>
				<misses>660200001</misses>
				<total>0</total>
				<timestamp>4254.628105</timestamp>
			</report>
			<report>
				<misses>660300001</misses>
				<total>0</total>
				<timestamp>4255.282798</timestamp>
			</report>
			<report>
				<misses>660400001</misses>
				<total>0</total>
				<timestamp>4255.935681</timestamp>
			</report>
			<report>
				<misses>660500001</misses>
				<total>0</total>
				<timestamp>4256.588890</timestamp>
			</report>
			<report>
				<misses>660600001</misses>
				<total>0</total>
				<timestamp>4257.242633</timestamp>
			</report>
			<report>
				<misses>660700001</misses>
				<total>0</total>
				<timestamp>4257.896647</timestamp>
			</report>
			<report>
				<misses>660800001</misses>
				<total>0</total>
				<timestamp>4258.550592</timestamp>
			</report>
			<report>
				<misses>660900001</misses>
				<total>0</total>
				<timestamp>4259.201477</timestamp>
			</report>
			<report>
				<misses>661000001</misses>
				<total>0</total>
				<timestamp>4259.852338</timestamp>
			</report>
			<report>
				<misses>661100001</misses>
				<total>0</total>
				<timestamp>4260.501256</timestamp>
			</report>
			<report>
				<misses>661200001</misses>
				<total>0</total>
				<timestamp>4261.150153</timestamp>
			</report>
			<report>
				<misses>661300001</misses>
				<total>0</total>
				<timestamp>4261.799843</timestamp>
			</report>
			<report>
				<misses>661400001</misses>
				<total>0</total>
				<timestamp>4262.449770</timestamp>
			</report>
			<report>
				<misses>661500001</misses>
				<total>0</total>
				<timestamp>4263.099156</timestamp>
			</report>
			<report>
				<misses>661600001</misses>
				<total>0</total>
				<timestamp>4263.745911</timestamp>
			</report>
			<report>
				<misses>661700001</misses>
				<total>0</total>
				<timestamp>4264.395659</timestamp>
			</report>
			<report>
				<misses>661800001</misses>
				<total>0</total>
				<timestamp>4265.043327</timestamp>
			</report>
			<report>
				<misses>661900001</misses>
				<total>0</total>
				<timestamp>4265.685343</timestamp>
			</report>
			<report>
				<misses>662000001</misses>
				<total>0</total>
				<timestamp>4266.323436</timestamp>
			</report>
			<report>
				<misses>662100001</misses>
				<total>0</total>
				<timestamp>4266.962117</timestamp>
			</report>
			<report>
				<misses>662200001</misses>
				<total>0</total>
				<timestamp>4267.601081</timestamp>
			</report>
			<report>
				<misses>662300001</misses>
				<total>0</total>
				<timestamp>4268.239866</timestamp>
			</report>
			<report>
				<misses>662400001</misses>
				<total>0</total>
				<timestamp>4268.878575</timestamp>
			</report>
			<report>
				<misses>662500001</misses>
				<total>0</total>
				<timestamp>4269.517061</timestamp>
			</report>
			<report>
				<misses>662600001</misses>
				<total>0</total>
				<timestamp>4270.155636</timestamp>
			</report>
			<report>
				<misses>662700001</misses>
				<total>0</total>
				<timestamp>4270.794178</timestamp>
			</report>
			<report>
				<misses>662800001</misses>
				<total>0</total>
				<timestamp>4271.432657</timestamp>
			</report>
			<report>
				<misses>662900001</misses>
				<total>0</total>
				<timestamp>4272.071112</timestamp>
			</report>
			<report>
				<misses>663000001</misses>
				<total>0</total>
				<timestamp>4272.709638</timestamp>
			</report>
			<report>
				<misses>663100001</misses>
				<total>0</total>
				<timestamp>4273.348673</timestamp>
			</report>
			<report>
				<misses>663200001</misses>
				<total>0</total>
				<timestamp>4273.987802</timestamp>
			</report>
			<report>
				<misses>663300001</misses>
				<total>0</total>
				<timestamp>4274.626373</timestamp>
			</report>
			<report>
				<misses>663400001</misses>
				<total>0</total>
				<timestamp>4275.264568</timestamp>
			</report>
			<report>
				<misses>663500001</misses>
				<total>0</total>
				<timestamp>4275.902603</timestamp>
			</report>
			<report>
				<misses>663600001</misses>
				<total>0</total>
				<timestamp>4276.540479</timestamp>
			</report>
			<report>
				<misses>663700001</misses>
				<total>0</total>
				<timestamp>4277.178316</timestamp>
			</report>
			<report>
				<misses>663800001</misses>
				<total>0</total>
				<timestamp>4277.816207</timestamp>
			</report>
			<report>
				<misses>663900001</misses>
				<total>0</total>
				<timestamp>4278.453636</timestamp>
			</report>
			<report>
				<misses>664000001</misses>
				<total>0</total>
				<timestamp>4279.091848</timestamp>
			</report>
			<report>
				<misses>664100001</misses>
				<total>0</total>
				<timestamp>4279.730022</timestamp>
			</report>
			<report>
				<misses>664200001</misses>
				<total>0</total>
				<timestamp>4280.368179</timestamp>
			</report>
			<report>
				<misses>664300001</misses>
				<total>0</total>
				<timestamp>4281.009104</timestamp>
			</report>
			<report>
				<misses>664400001</misses>
				<total>0</total>
				<timestamp>4281.647034</timestamp>
			</report>
			<report>
				<misses>664500001</misses>
				<total>0</total>
				<timestamp>4282.284295</timestamp>
			</report>
			<report>
				<misses>664600001</misses>
				<total>0</total>
				<timestamp>4282.921923</timestamp>
			</report>
			<report>
				<misses>664700001</misses>
				<total>0</total>
				<timestamp>4283.558622</timestamp>
			</report>
			<report>
				<misses>664800001</misses>
				<total>0</total>
				<timestamp>4284.196269</timestamp>
			</report>
			<report>
				<misses>664900001</misses>
				<total>0</total>
				<timestamp>4284.834201</timestamp>
			</report>
			<report>
				<misses>665000001</misses>
				<total>0</total>
				<timestamp>4285.471852</timestamp>
			</report>
			<report>
				<misses>665100001</misses>
				<total>0</total>
				<timestamp>4286.110650</timestamp>
			</report>
			<report>
				<misses>665200001</misses>
				<total>0</total>
				<timestamp>4286.750346</timestamp>
			</report>
			<report>
				<misses>665300001</misses>
				<total>0</total>
				<timestamp>4287.390455</timestamp>
			</report>
			<report>
				<misses>665400001</misses>
				<total>0</total>
				<timestamp>4288.030168</timestamp>
			</report>
			<report>
				<misses>665500001</misses>
				<total>0</total>
				<timestamp>4288.669250</timestamp>
			</report>
			<report>
				<misses>665600001</misses>
				<total>0</total>
				<timestamp>4289.308147</timestamp>
			</report>
			<report>
				<misses>665700001</misses>
				<total>0</total>
				<timestamp>4289.946924</timestamp>
			</report>
			<report>
				<misses>665800001</misses>
				<total>0</total>
				<timestamp>4290.585962</timestamp>
			</report>
			<report>
				<misses>665900001</misses>
				<total>0</total>
				<timestamp>4291.222669</timestamp>
			</report>
			<report>
				<misses>666000001</misses>
				<total>0</total>
				<timestamp>4291.860440</timestamp>
			</report>
			<report>
				<misses>666100001</misses>
				<total>0</total>
				<timestamp>4292.498398</timestamp>
			</report>
			<report>
				<misses>666200001</misses>
				<total>0</total>
				<timestamp>4293.136720</timestamp>
			</report>
			<report>
				<misses>666300001</misses>
				<total>0</total>
				<timestamp>4293.774556</timestamp>
			</report>
			<report>
				<misses>666400001</misses>
				<total>0</total>
				<timestamp>4294.411199</timestamp>
			</report>
			<report>
				<misses>666500001</misses>
				<total>0</total>
				<timestamp>4295.046378</timestamp>
			</report>
			<report>
				<misses>666600001</misses>
				<total>0</total>
				<timestamp>4295.682538</timestamp>
			</report>
			<report>
				<misses>666700001</misses>
				<total>0</total>
				<timestamp>4296.321202</timestamp>
			</report>
			<report>
				<misses>666800001</misses>
				<total>0</total>
				<timestamp>4296.960106</timestamp>
			</report>
			<report>
				<misses>666900001</misses>
				<total>0</total>
				<timestamp>4297.597908</timestamp>
			</report>
			<report>
				<misses>667000001</misses>
				<total>0</total>
				<timestamp>4298.241800</timestamp>
			</report>
			<report>
				<misses>667100001</misses>
				<total>0</total>
				<timestamp>4298.891667</timestamp>
			</report>
			<report>
				<misses>667200001</misses>
				<total>0</total>
				<timestamp>4299.541166</timestamp>
			</report>
			<report>
				<misses>667300001</misses>
				<total>0</total>
				<timestamp>4300.190221</timestamp>
			</report>
			<report>
				<misses>667400001</misses>
				<total>0</total>
				<timestamp>4300.838930</timestamp>
			</report>
			<report>
				<misses>667500001</misses>
				<total>0</total>
				<timestamp>4301.487644</timestamp>
			</report>
			<report>
				<misses>667600001</misses>
				<total>0</total>
				<timestamp>4302.137087</timestamp>
			</report>
			<report>
				<misses>667700001</misses>
				<total>0</total>
				<timestamp>4302.787100</timestamp>
			</report>
			<report>
				<misses>667800001</misses>
				<total>0</total>
				<timestamp>4303.435137</timestamp>
			</report>
			<report>
				<misses>667900001</misses>
				<total>0</total>
				<timestamp>4304.085303</timestamp>
			</report>
			<report>
				<misses>668000001</misses>
				<total>0</total>
				<timestamp>4304.734854</timestamp>
			</report>
			<report>
				<misses>668100001</misses>
				<total>0</total>
				<timestamp>4305.384218</timestamp>
			</report>
			<report>
				<misses>668200001</misses>
				<total>0</total>
				<timestamp>4306.033407</timestamp>
			</report>
			<report>
				<misses>668300001</misses>
				<total>0</total>
				<timestamp>4306.685210</timestamp>
			</report>
			<report>
				<misses>668400001</misses>
				<total>0</total>
				<timestamp>4307.335822</timestamp>
			</report>
			<report>
				<misses>668500001</misses>
				<total>0</total>
				<timestamp>4307.986064</timestamp>
			</report>
			<report>
				<misses>668600001</misses>
				<total>0</total>
				<timestamp>4308.636642</timestamp>
			</report>
			<report>
				<misses>668700001</misses>
				<total>0</total>
				<timestamp>4309.287310</timestamp>
			</report>
			<report>
				<misses>668800001</misses>
				<total>0</total>
				<timestamp>4309.938252</timestamp>
			</report>
			<report>
				<misses>668900001</misses>
				<total>0</total>
				<timestamp>4310.588640</timestamp>
			</report>
			<report>
				<misses>669000001</misses>
				<total>0</total>
				<timestamp>4311.239525</timestamp>
			</report>
			<report>
				<misses>669100001</misses>
				<total>0</total>
				<timestamp>4311.890209</timestamp>
			</report>
			<report>
				<misses>669200001</misses>
				<total>0</total>
				<timestamp>4312.540457</timestamp>
			</report>
			<report>
				<misses>669300001</misses>
				<total>0</total>
				<timestamp>4313.190588</timestamp>
			</report>
			<report>
				<misses>669400001</misses>
				<total>0</total>
				<timestamp>4313.840808</timestamp>
			</report>
			<report>
				<misses>669500001</misses>
				<total>0</total>
				<timestamp>4314.490679</timestamp>
			</report>
			<report>
				<misses>669600001</misses>
				<total>0</total>
				<timestamp>4315.141046</timestamp>
			</report>
			<report>
				<misses>669700001</misses>
				<total>0</total>
				<timestamp>4315.791257</timestamp>
			</report>
			<report>
				<misses>669800001</misses>
				<total>0</total>
				<timestamp>4316.440825</timestamp>
			</report>
			<report>
				<misses>669900001</misses>
				<total>0</total>
				<timestamp>4317.091681</timestamp>
			</report>
			<report>
				<misses>670000001</misses>
				<total>0</total>
				<timestamp>4317.742400</timestamp>
			</report>
			<report>
				<misses>670100001</misses>
				<total>0</total>
				<timestamp>4318.393929</timestamp>
			</report>
			<report>
				<misses>670200001</misses>
				<total>0</total>
				<timestamp>4319.044354</timestamp>
			</report>
			<report>
				<misses>670300001</misses>
				<total>0</total>
				<timestamp>4319.694186</timestamp>
			</report>
			<report>
				<misses>670400001</misses>
				<total>0</total>
				<timestamp>4320.343044</timestamp>
			</report>
			<report>
				<misses>670500001</misses>
				<total>0</total>
				<timestamp>4320.993336</timestamp>
			</report>
			<report>
				<misses>670600001</misses>
				<total>0</total>
				<timestamp>4321.643281</timestamp>
			</report>
			<report>
				<misses>670700001</misses>
				<total>0</total>
				<timestamp>4322.292856</timestamp>
			</report>
			<report>
				<misses>670800001</misses>
				<total>0</total>
				<timestamp>4322.943356</timestamp>
			</report>
			<report>
				<misses>670900001</misses>
				<total>0</total>
				<timestamp>4323.593774</timestamp>
			</report>
			<report>
				<misses>671000001</misses>
				<total>0</total>
				<timestamp>4324.244030</timestamp>
			</report>
			<report>
				<misses>671100001</misses>
				<total>0</total>
				<timestamp>4324.895026</timestamp>
			</report>
			<report>
				<misses>671200001</misses>
				<total>0</total>
				<timestamp>4325.544674</timestamp>
			</report>
			<report>
				<misses>671300001</misses>
				<total>0</total>
				<timestamp>4326.195051</timestamp>
			</report>
			<report>
				<misses>671400001</misses>
				<total>0</total>
				<timestamp>4326.846789</timestamp>
			</report>
			<report>
				<misses>671500001</misses>
				<total>0</total>
				<timestamp>4327.498623</timestamp>
			</report>
			<report>
				<misses>671600001</misses>
				<total>0</total>
				<timestamp>4328.151777</timestamp>
			</report>
			<report>
				<misses>671700001</misses>
				<total>0</total>
				<timestamp>4328.802441</timestamp>
			</report>
			<report>
				<misses>671800001</misses>
				<total>0</total>
				<timestamp>4329.446765</timestamp>
			</report>
			<report>
				<misses>671900001</misses>
				<total>0</total>
				<timestamp>4330.090089</timestamp>
			</report>
			<report>
				<misses>672000001</misses>
				<total>0</total>
				<timestamp>4330.737180</timestamp>
			</report>
			<report>
				<misses>672100001</misses>
				<total>0</total>
				<timestamp>4331.393236</timestamp>
			</report>
			<report>
				<misses>672200001</misses>
				<total>0</total>
				<timestamp>4332.047143</timestamp>
			</report>
			<report>
				<misses>672300001</misses>
				<total>0</total>
				<timestamp>4332.700464</timestamp>
			</report>
			<report>
				<misses>672400001</misses>
				<total>0</total>
				<timestamp>4333.354738</timestamp>
			</report>
			<report>
				<misses>672500001</misses>
				<total>0</total>
				<timestamp>4334.008168</timestamp>
			</report>
			<report>
				<misses>672600001</misses>
				<total>0</total>
				<timestamp>4334.663401</timestamp>
			</report>
			<report>
				<misses>672700001</misses>
				<total>0</total>
				<timestamp>4335.318279</timestamp>
			</report>
			<report>
				<misses>672800001</misses>
				<total>0</total>
				<timestamp>4335.972900</timestamp>
			</report>
			<report>
				<misses>672900001</misses>
				<total>0</total>
				<timestamp>4336.627629</timestamp>
			</report>
			<report>
				<misses>673000001</misses>
				<total>0</total>
				<timestamp>4337.282068</timestamp>
			</report>
			<report>
				<misses>673100001</misses>
				<total>0</total>
				<timestamp>4337.936416</timestamp>
			</report>
			<report>
				<misses>673200001</misses>
				<total>0</total>
				<timestamp>4338.590404</timestamp>
			</report>
			<report>
				<misses>673300001</misses>
				<total>0</total>
				<timestamp>4339.245380</timestamp>
			</report>
			<report>
				<misses>673400001</misses>
				<total>0</total>
				<timestamp>4339.897938</timestamp>
			</report>
			<report>
				<misses>673500001</misses>
				<total>0</total>
				<timestamp>4340.545238</timestamp>
			</report>
			<report>
				<misses>673600001</misses>
				<total>0</total>
				<timestamp>4341.193406</timestamp>
			</report>
			<report>
				<misses>673700001</misses>
				<total>0</total>
				<timestamp>4341.841629</timestamp>
			</report>
			<report>
				<misses>673800001</misses>
				<total>0</total>
				<timestamp>4342.489756</timestamp>
			</report>
			<report>
				<misses>673900001</misses>
				<total>0</total>
				<timestamp>4343.138191</timestamp>
			</report>
			<report>
				<misses>674000001</misses>
				<total>0</total>
				<timestamp>4343.787322</timestamp>
			</report>
			<report>
				<misses>674100001</misses>
				<total>0</total>
				<timestamp>4344.437268</timestamp>
			</report>
			<report>
				<misses>674200001</misses>
				<total>0</total>
				<timestamp>4345.086698</timestamp>
			</report>
			<report>
				<misses>674300001</misses>
				<total>0</total>
				<timestamp>4345.726569</timestamp>
			</report>
			<report>
				<misses>674400001</misses>
				<total>0</total>
				<timestamp>4346.364704</timestamp>
			</report>
			<report>
				<misses>674500001</misses>
				<total>0</total>
				<timestamp>4347.003661</timestamp>
			</report>
			<report>
				<misses>674600001</misses>
				<total>0</total>
				<timestamp>4347.642537</timestamp>
			</report>
			<report>
				<misses>674700001</misses>
				<total>0</total>
				<timestamp>4348.280758</timestamp>
			</report>
			<report>
				<misses>674800001</misses>
				<total>0</total>
				<timestamp>4348.920614</timestamp>
			</report>
			<report>
				<misses>674900001</misses>
				<total>0</total>
				<timestamp>4349.561101</timestamp>
			</report>
			<report>
				<misses>675000001</misses>
				<total>0</total>
				<timestamp>4350.201971</timestamp>
			</report>
			<report>
				<misses>675100001</misses>
				<total>0</total>
				<timestamp>4350.841674</timestamp>
			</report>
			<report>
				<misses>675200001</misses>
				<total>0</total>
				<timestamp>4351.480948</timestamp>
			</report>
			<report>
				<misses>675300001</misses>
				<total>0</total>
				<timestamp>4352.121170</timestamp>
			</report>
			<report>
				<misses>675400001</misses>
				<total>0</total>
				<timestamp>4352.761036</timestamp>
			</report>
			<report>
				<misses>675500001</misses>
				<total>0</total>
				<timestamp>4353.401160</timestamp>
			</report>
			<report>
				<misses>675600001</misses>
				<total>0</total>
				<timestamp>4354.041103</timestamp>
			</report>
			<report>
				<misses>675700001</misses>
				<total>0</total>
				<timestamp>4354.681223</timestamp>
			</report>
			<report>
				<misses>675800001</misses>
				<total>0</total>
				<timestamp>4355.320659</timestamp>
			</report>
			<report>
				<misses>675900001</misses>
				<total>0</total>
				<timestamp>4355.961303</timestamp>
			</report>
			<report>
				<misses>676000001</misses>
				<total>0</total>
				<timestamp>4356.602101</timestamp>
			</report>
			<report>
				<misses>676100001</misses>
				<total>0</total>
				<timestamp>4357.242674</timestamp>
			</report>
			<report>
				<misses>676200001</misses>
				<total>0</total>
				<timestamp>4357.882934</timestamp>
			</report>
			<report>
				<misses>676300001</misses>
				<total>0</total>
				<timestamp>4358.522215</timestamp>
			</report>
			<report>
				<misses>676400001</misses>
				<total>0</total>
				<timestamp>4359.161287</timestamp>
			</report>
			<report>
				<misses>676500001</misses>
				<total>0</total>
				<timestamp>4359.801316</timestamp>
			</report>
			<report>
				<misses>676600001</misses>
				<total>0</total>
				<timestamp>4360.440981</timestamp>
			</report>
			<report>
				<misses>676700001</misses>
				<total>0</total>
				<timestamp>4361.080377</timestamp>
			</report>
			<report>
				<misses>676800001</misses>
				<total>0</total>
				<timestamp>4361.719764</timestamp>
			</report>
			<report>
				<misses>676900001</misses>
				<total>0</total>
				<timestamp>4362.359373</timestamp>
			</report>
			<report>
				<misses>677000001</misses>
				<total>0</total>
				<timestamp>4362.999958</timestamp>
			</report>
			<report>
				<misses>677100001</misses>
				<total>0</total>
				<timestamp>4363.640570</timestamp>
			</report>
			<report>
				<misses>677200001</misses>
				<total>0</total>
				<timestamp>4364.281199</timestamp>
			</report>
			<report>
				<misses>677300001</misses>
				<total>0</total>
				<timestamp>4364.921067</timestamp>
			</report>
			<report>
				<misses>677400001</misses>
				<total>0</total>
				<timestamp>4365.560920</timestamp>
			</report>
			<report>
				<misses>677500001</misses>
				<total>0</total>
				<timestamp>4366.201401</timestamp>
			</report>
			<report>
				<misses>677600001</misses>
				<total>0</total>
				<timestamp>4366.840409</timestamp>
			</report>
			<report>
				<misses>677700001</misses>
				<total>0</total>
				<timestamp>4367.480372</timestamp>
			</report>
			<report>
				<misses>677800001</misses>
				<total>0</total>
				<timestamp>4368.121145</timestamp>
			</report>
			<report>
				<misses>677900001</misses>
				<total>0</total>
				<timestamp>4368.762828</timestamp>
			</report>
			<report>
				<misses>678000001</misses>
				<total>0</total>
				<timestamp>4369.405304</timestamp>
			</report>
			<report>
				<misses>678100001</misses>
				<total>0</total>
				<timestamp>4370.047331</timestamp>
			</report>
			<report>
				<misses>678200001</misses>
				<total>0</total>
				<timestamp>4370.689256</timestamp>
			</report>
			<report>
				<misses>678300001</misses>
				<total>0</total>
				<timestamp>4371.329946</timestamp>
			</report>
			<report>
				<misses>678400001</misses>
				<total>0</total>
				<timestamp>4371.972112</timestamp>
			</report>
			<report>
				<misses>678500001</misses>
				<total>0</total>
				<timestamp>4372.614964</timestamp>
			</report>
			<report>
				<misses>678600001</misses>
				<total>0</total>
				<timestamp>4373.257236</timestamp>
			</report>
			<report>
				<misses>678700001</misses>
				<total>0</total>
				<timestamp>4373.898907</timestamp>
			</report>
			<report>
				<misses>678800001</misses>
				<total>0</total>
				<timestamp>4374.537195</timestamp>
			</report>
			<report>
				<misses>678900001</misses>
				<total>0</total>
				<timestamp>4375.175948</timestamp>
			</report>
			<report>
				<misses>679000001</misses>
				<total>0</total>
				<timestamp>4375.813765</timestamp>
			</report>
			<report>
				<misses>679100001</misses>
				<total>0</total>
				<timestamp>4376.452058</timestamp>
			</report>
			<report>
				<misses>679200001</misses>
				<total>0</total>
				<timestamp>4377.090804</timestamp>
			</report>
			<report>
				<misses>679300001</misses>
				<total>0</total>
				<timestamp>4377.729382</timestamp>
			</report>
			<report>
				<misses>679400001</misses>
				<total>0</total>
				<timestamp>4378.380721</timestamp>
			</report>
			<report>
				<misses>679500001</misses>
				<total>0</total>
				<timestamp>4379.035063</timestamp>
			</report>
			<report>
				<misses>679600001</misses>
				<total>0</total>
				<timestamp>4379.687548</timestamp>
			</report>
			<report>
				<misses>679700001</misses>
				<total>0</total>
				<timestamp>4380.340674</timestamp>
			</report>
			<report>
				<misses>679800001</misses>
				<total>0</total>
				<timestamp>4380.993332</timestamp>
			</report>
			<report>
				<misses>679900001</misses>
				<total>0</total>
				<timestamp>4381.646401</timestamp>
			</report>
			<report>
				<misses>680000001</misses>
				<total>0</total>
				<timestamp>4382.299104</timestamp>
			</report>
			<report>
				<misses>680100001</misses>
				<total>0</total>
				<timestamp>4382.951528</timestamp>
			</report>
			<report>
				<misses>680200001</misses>
				<total>0</total>
				<timestamp>4383.603055</timestamp>
			</report>
			<report>
				<misses>680300001</misses>
				<total>0</total>
				<timestamp>4384.256478</timestamp>
			</report>
			<report>
				<misses>680400001</misses>
				<total>0</total>
				<timestamp>4384.909847</timestamp>
			</report>
			<report>
				<misses>680500001</misses>
				<total>0</total>
				<timestamp>4385.562492</timestamp>
			</report>
			<report>
				<misses>680600001</misses>
				<total>0</total>
				<timestamp>4386.215514</timestamp>
			</report>
			<report>
				<misses>680700001</misses>
				<total>0</total>
				<timestamp>4386.870028</timestamp>
			</report>
			<report>
				<misses>680800001</misses>
				<total>0</total>
				<timestamp>4387.521906</timestamp>
			</report>
			<report>
				<misses>680900001</misses>
				<total>0</total>
				<timestamp>4388.174368</timestamp>
			</report>
			<report>
				<misses>681000001</misses>
				<total>0</total>
				<timestamp>4388.826486</timestamp>
			</report>
			<report>
				<misses>681100001</misses>
				<total>0</total>
				<timestamp>4389.478667</timestamp>
			</report>
			<report>
				<misses>681200001</misses>
				<total>0</total>
				<timestamp>4390.131513</timestamp>
			</report>
			<report>
				<misses>681300001</misses>
				<total>0</total>
				<timestamp>4390.784253</timestamp>
			</report>
			<report>
				<misses>681400001</misses>
				<total>0</total>
				<timestamp>4391.434854</timestamp>
			</report>
			<report>
				<misses>681500001</misses>
				<total>0</total>
				<timestamp>4392.087760</timestamp>
			</report>
			<report>
				<misses>681600001</misses>
				<total>0</total>
				<timestamp>4392.741162</timestamp>
			</report>
			<report>
				<misses>681700001</misses>
				<total>0</total>
				<timestamp>4393.392297</timestamp>
			</report>
			<report>
				<misses>681800001</misses>
				<total>0</total>
				<timestamp>4394.043242</timestamp>
			</report>
			<report>
				<misses>681900001</misses>
				<total>0</total>
				<timestamp>4394.696602</timestamp>
			</report>
			<report>
				<misses>682000001</misses>
				<total>0</total>
				<timestamp>4395.349885</timestamp>
			</report>
			<report>
				<misses>682100001</misses>
				<total>0</total>
				<timestamp>4396.003305</timestamp>
			</report>
			<report>
				<misses>682200001</misses>
				<total>0</total>
				<timestamp>4396.655169</timestamp>
			</report>
			<report>
				<misses>682300001</misses>
				<total>0</total>
				<timestamp>4397.306563</timestamp>
			</report>
			<report>
				<misses>682400001</misses>
				<total>0</total>
				<timestamp>4397.958937</timestamp>
			</report>
			<report>
				<misses>682500001</misses>
				<total>0</total>
				<timestamp>4398.605546</timestamp>
			</report>
			<report>
				<misses>682600001</misses>
				<total>0</total>
				<timestamp>4399.248341</timestamp>
			</report>
			<report>
				<misses>682700001</misses>
				<total>0</total>
				<timestamp>4399.892543</timestamp>
			</report>
			<report>
				<misses>682800001</misses>
				<total>0</total>
				<timestamp>4400.536170</timestamp>
			</report>
			<report>
				<misses>682900001</misses>
				<total>0</total>
				<timestamp>4401.182734</timestamp>
			</report>
			<report>
				<misses>683000001</misses>
				<total>0</total>
				<timestamp>4401.829792</timestamp>
			</report>
			<report>
				<misses>683100001</misses>
				<total>0</total>
				<timestamp>4402.473267</timestamp>
			</report>
			<report>
				<misses>683200001</misses>
				<total>0</total>
				<timestamp>4403.120970</timestamp>
			</report>
			<report>
				<misses>683300001</misses>
				<total>0</total>
				<timestamp>4403.768859</timestamp>
			</report>
			<report>
				<misses>683400001</misses>
				<total>0</total>
				<timestamp>4404.413073</timestamp>
			</report>
			<report>
				<misses>683500001</misses>
				<total>0</total>
				<timestamp>4405.058032</timestamp>
			</report>
			<report>
				<misses>683600001</misses>
				<total>0</total>
				<timestamp>4405.702493</timestamp>
			</report>
			<report>
				<misses>683700001</misses>
				<total>0</total>
				<timestamp>4406.348690</timestamp>
			</report>
			<report>
				<misses>683800001</misses>
				<total>0</total>
				<timestamp>4406.993480</timestamp>
			</report>
			<report>
				<misses>683900001</misses>
				<total>0</total>
				<timestamp>4407.638623</timestamp>
			</report>
			<report>
				<misses>684000001</misses>
				<total>0</total>
				<timestamp>4408.284020</timestamp>
			</report>
			<report>
				<misses>684100001</misses>
				<total>0</total>
				<timestamp>4408.931611</timestamp>
			</report>
			<report>
				<misses>684200001</misses>
				<total>0</total>
				<timestamp>4409.579652</timestamp>
			</report>
			<report>
				<misses>684300001</misses>
				<total>0</total>
				<timestamp>4410.225406</timestamp>
			</report>
			<report>
				<misses>684400001</misses>
				<total>0</total>
				<timestamp>4410.870237</timestamp>
			</report>
			<report>
				<misses>684500001</misses>
				<total>0</total>
				<timestamp>4411.515632</timestamp>
			</report>
			<report>
				<misses>684600001</misses>
				<total>0</total>
				<timestamp>4412.166063</timestamp>
			</report>
			<report>
				<misses>684700001</misses>
				<total>0</total>
				<timestamp>4412.814458</timestamp>
			</report>
			<report>
				<misses>684800001</misses>
				<total>0</total>
				<timestamp>4413.460967</timestamp>
			</report>
			<report>
				<misses>684900001</misses>
				<total>0</total>
				<timestamp>4414.103865</timestamp>
			</report>
			<report>
				<misses>685000001</misses>
				<total>0</total>
				<timestamp>4414.754617</timestamp>
			</report>
			<report>
				<misses>685100001</misses>
				<total>0</total>
				<timestamp>4415.400022</timestamp>
			</report>
			<report>
				<misses>685200001</misses>
				<total>0</total>
				<timestamp>4416.044093</timestamp>
			</report>
			<report>
				<misses>685300001</misses>
				<total>0</total>
				<timestamp>4416.687935</timestamp>
			</report>
			<report>
				<misses>685400001</misses>
				<total>0</total>
				<timestamp>4417.333023</timestamp>
			</report>
			<report>
				<misses>685500001</misses>
				<total>0</total>
				<timestamp>4417.978006</timestamp>
			</report>
			<report>
				<misses>685600001</misses>
				<total>0</total>
				<timestamp>4418.622721</timestamp>
			</report>
			<report>
				<misses>685700001</misses>
				<total>0</total>
				<timestamp>4419.267650</timestamp>
			</report>
			<report>
				<misses>685800001</misses>
				<total>0</total>
				<timestamp>4419.912523</timestamp>
			</report>
			<report>
				<misses>685900001</misses>
				<total>0</total>
				<timestamp>4420.556966</timestamp>
			</report>
			<report>
				<misses>686000001</misses>
				<total>0</total>
				<timestamp>4421.202091</timestamp>
			</report>
			<report>
				<misses>686100001</misses>
				<total>0</total>
				<timestamp>4421.847163</timestamp>
			</report>
			<report>
				<misses>686200001</misses>
				<total>0</total>
				<timestamp>4422.490516</timestamp>
			</report>
			<report>
				<misses>686300001</misses>
				<total>0</total>
				<timestamp>4423.131383</timestamp>
			</report>
			<report>
				<misses>686400001</misses>
				<total>0</total>
				<timestamp>4423.769383</timestamp>
			</report>
			<report>
				<misses>686500001</misses>
				<total>0</total>
				<timestamp>4424.407297</timestamp>
			</report>
			<report>
				<misses>686600001</misses>
				<total>0</total>
				<timestamp>4425.045260</timestamp>
			</report>
			<report>
				<misses>686700001</misses>
				<total>0</total>
				<timestamp>4425.683285</timestamp>
			</report>
			<report>
				<misses>686800001</misses>
				<total>0</total>
				<timestamp>4426.321221</timestamp>
			</report>
			<report>
				<misses>686900001</misses>
				<total>0</total>
				<timestamp>4426.959293</timestamp>
			</report>
			<report>
				<misses>687000001</misses>
				<total>0</total>
				<timestamp>4427.597954</timestamp>
			</report>
			<report>
				<misses>687100001</misses>
				<total>0</total>
				<timestamp>4428.236020</timestamp>
			</report>
			<report>
				<misses>687200001</misses>
				<total>0</total>
				<timestamp>4428.874663</timestamp>
			</report>
			<report>
				<misses>687300001</misses>
				<total>0</total>
				<timestamp>4429.513522</timestamp>
			</report>
			<report>
				<misses>687400001</misses>
				<total>0</total>
				<timestamp>4430.152578</timestamp>
			</report>
			<report>
				<misses>687500001</misses>
				<total>0</total>
				<timestamp>4430.791760</timestamp>
			</report>
			<report>
				<misses>687600001</misses>
				<total>0</total>
				<timestamp>4431.430322</timestamp>
			</report>
			<report>
				<misses>687700001</misses>
				<total>0</total>
				<timestamp>4432.068876</timestamp>
			</report>
			<report>
				<misses>687800001</misses>
				<total>0</total>
				<timestamp>4432.707114</timestamp>
			</report>
			<report>
				<misses>687900001</misses>
				<total>0</total>
				<timestamp>4433.346131</timestamp>
			</report>
			<report>
				<misses>688000001</misses>
				<total>0</total>
				<timestamp>4433.984075</timestamp>
			</report>
			<report>
				<misses>688100001</misses>
				<total>0</total>
				<timestamp>4434.621252</timestamp>
			</report>
			<report>
				<misses>688200001</misses>
				<total>0</total>
				<timestamp>4435.258777</timestamp>
			</report>
			<report>
				<misses>688300001</misses>
				<total>0</total>
				<timestamp>4435.896272</timestamp>
			</report>
			<report>
				<misses>688400001</misses>
				<total>0</total>
				<timestamp>4436.534545</timestamp>
			</report>
			<report>
				<misses>688500001</misses>
				<total>0</total>
				<timestamp>4437.173010</timestamp>
			</report>
			<report>
				<misses>688600001</misses>
				<total>0</total>
				<timestamp>4437.811709</timestamp>
			</report>
			<report>
				<misses>688700001</misses>
				<total>0</total>
				<timestamp>4438.449807</timestamp>
			</report>
			<report>
				<misses>688800001</misses>
				<total>0</total>
				<timestamp>4439.087833</timestamp>
			</report>
			<report>
				<misses>688900001</misses>
				<total>0</total>
				<timestamp>4439.726572</timestamp>
			</report>
			<report>
				<misses>689000001</misses>
				<total>0</total>
				<timestamp>4440.365162</timestamp>
			</report>
			<report>
				<misses>689100001</misses>
				<total>0</total>
				<timestamp>4441.004334</timestamp>
			</report>
			<report>
				<misses>689200001</misses>
				<total>0</total>
				<timestamp>4441.643746</timestamp>
			</report>
			<report>
				<misses>689300001</misses>
				<total>0</total>
				<timestamp>4442.282243</timestamp>
			</report>
			<report>
				<misses>689400001</misses>
				<total>0</total>
				<timestamp>4442.920657</timestamp>
			</report>
			<report>
				<misses>689500001</misses>
				<total>0</total>
				<timestamp>4443.559269</timestamp>
			</report>
			<report>
				<misses>689600001</misses>
				<total>0</total>
				<timestamp>4444.197307</timestamp>
			</report>
			<report>
				<misses>689700001</misses>
				<total>0</total>
				<timestamp>4444.835584</timestamp>
			</report>
			<report>
				<misses>689800001</misses>
				<total>0</total>
				<timestamp>4445.473574</timestamp>
			</report>
			<report>
				<misses>689900001</misses>
				<total>0</total>
				<timestamp>4446.112439</timestamp>
			</report>
			<report>
				<misses>690000001</misses>
				<total>0</total>
				<timestamp>4446.750808</timestamp>
			</report>
			<report>
				<misses>690100001</misses>
				<total>0</total>
				<timestamp>4447.388702</timestamp>
			</report>
			<report>
				<misses>690200001</misses>
				<total>0</total>
				<timestamp>4448.026879</timestamp>
			</report>
			<report>
				<misses>690300001</misses>
				<total>0</total>
				<timestamp>4448.665442</timestamp>
			</report>
			<report>
				<misses>690400001</misses>
				<total>0</total>
				<timestamp>4449.304505</timestamp>
			</report>
			<report>
				<misses>690500001</misses>
				<total>0</total>
				<timestamp>4449.943812</timestamp>
			</report>
			<report>
				<misses>690600001</misses>
				<total>0</total>
				<timestamp>4450.583312</timestamp>
			</report>
			<report>
				<misses>690700001</misses>
				<total>0</total>
				<timestamp>4451.221974</timestamp>
			</report>
			<report>
				<misses>690800001</misses>
				<total>0</total>
				<timestamp>4451.861249</timestamp>
			</report>
			<report>
				<misses>690900001</misses>
				<total>0</total>
				<timestamp>4452.500358</timestamp>
			</report>
			<report>
				<misses>691000001</misses>
				<total>0</total>
				<timestamp>4453.139693</timestamp>
			</report>
			<report>
				<misses>691100001</misses>
				<total>0</total>
				<timestamp>4453.778804</timestamp>
			</report>
			<report>
				<misses>691200001</misses>
				<total>0</total>
				<timestamp>4454.417818</timestamp>
			</report>
			<report>
				<misses>691300001</misses>
				<total>0</total>
				<timestamp>4455.057593</timestamp>
			</report>
			<report>
				<misses>691400001</misses>
				<total>0</total>
				<timestamp>4455.697554</timestamp>
			</report>
			<report>
				<misses>691500001</misses>
				<total>0</total>
				<timestamp>4456.337470</timestamp>
			</report>
			<report>
				<misses>691600001</misses>
				<total>0</total>
				<timestamp>4456.976547</timestamp>
			</report>
			<report>
				<misses>691700001</misses>
				<total>0</total>
				<timestamp>4457.616744</timestamp>
			</report>
			<report>
				<misses>691800001</misses>
				<total>0</total>
				<timestamp>4458.257383</timestamp>
			</report>
			<report>
				<misses>691900001</misses>
				<total>0</total>
				<timestamp>4458.896794</timestamp>
			</report>
			<report>
				<misses>692000001</misses>
				<total>0</total>
				<timestamp>4459.536406</timestamp>
			</report>
			<report>
				<misses>692100001</misses>
				<total>0</total>
				<timestamp>4460.177049</timestamp>
			</report>
			<report>
				<misses>692200001</misses>
				<total>0</total>
				<timestamp>4460.816610</timestamp>
			</report>
			<report>
				<misses>692300001</misses>
				<total>0</total>
				<timestamp>4461.456508</timestamp>
			</report>
			<report>
				<misses>692400001</misses>
				<total>0</total>
				<timestamp>4462.096652</timestamp>
			</report>
			<report>
				<misses>692500001</misses>
				<total>0</total>
				<timestamp>4462.736054</timestamp>
			</report>
			<report>
				<misses>692600001</misses>
				<total>0</total>
				<timestamp>4463.376235</timestamp>
			</report>
			<report>
				<misses>692700001</misses>
				<total>0</total>
				<timestamp>4464.016405</timestamp>
			</report>
			<report>
				<misses>692800001</misses>
				<total>0</total>
				<timestamp>4464.656976</timestamp>
			</report>
			<report>
				<misses>692900001</misses>
				<total>0</total>
				<timestamp>4465.297376</timestamp>
			</report>
			<report>
				<misses>693000001</misses>
				<total>0</total>
				<timestamp>4465.937736</timestamp>
			</report>
			<report>
				<misses>693100001</misses>
				<total>0</total>
				<timestamp>4466.578110</timestamp>
			</report>
			<report>
				<misses>693200001</misses>
				<total>0</total>
				<timestamp>4467.218172</timestamp>
			</report>
			<report>
				<misses>693300001</misses>
				<total>0</total>
				<timestamp>4467.857919</timestamp>
			</report>
			<report>
				<misses>693400001</misses>
				<total>0</total>
				<timestamp>4468.498394</timestamp>
			</report>
			<report>
				<misses>693500001</misses>
				<total>0</total>
				<timestamp>4469.138888</timestamp>
			</report>
			<report>
				<misses>693600001</misses>
				<total>0</total>
				<timestamp>4469.778630</timestamp>
			</report>
			<report>
				<misses>693700001</misses>
				<total>0</total>
				<timestamp>4470.418792</timestamp>
			</report>
			<report>
				<misses>693800001</misses>
				<total>0</total>
				<timestamp>4471.058158</timestamp>
			</report>
			<report>
				<misses>693900001</misses>
				<total>0</total>
				<timestamp>4471.696977</timestamp>
			</report>
			<report>
				<misses>694000001</misses>
				<total>0</total>
				<timestamp>4472.337812</timestamp>
			</report>
			<report>
				<misses>694100001</misses>
				<total>0</total>
				<timestamp>4472.978593</timestamp>
			</report>
			<report>
				<misses>694200001</misses>
				<total>0</total>
				<timestamp>4473.619273</timestamp>
			</report>
			<report>
				<misses>694300001</misses>
				<total>0</total>
				<timestamp>4474.260621</timestamp>
			</report>
			<report>
				<misses>694400001</misses>
				<total>0</total>
				<timestamp>4474.901839</timestamp>
			</report>
			<report>
				<misses>694500001</misses>
				<total>0</total>
				<timestamp>4475.543796</timestamp>
			</report>
			<report>
				<misses>694600001</misses>
				<total>0</total>
				<timestamp>4476.186191</timestamp>
			</report>
			<report>
				<misses>694700001</misses>
				<total>0</total>
				<timestamp>4476.827093</timestamp>
			</report>
			<report>
				<misses>694800001</misses>
				<total>0</total>
				<timestamp>4477.468540</timestamp>
			</report>
			<report>
				<misses>694900001</misses>
				<total>0</total>
				<timestamp>4478.109107</timestamp>
			</report>
			<report>
				<misses>695000001</misses>
				<total>0</total>
				<timestamp>4478.748362</timestamp>
			</report>
			<report>
				<misses>695100001</misses>
				<total>0</total>
				<timestamp>4479.386615</timestamp>
			</report>
			<report>
				<misses>695200001</misses>
				<total>0</total>
				<timestamp>4480.024147</timestamp>
			</report>
			<report>
				<misses>695300001</misses>
				<total>0</total>
				<timestamp>4480.674036</timestamp>
			</report>
			<report>
				<misses>695400001</misses>
				<total>0</total>
				<timestamp>4481.325910</timestamp>
			</report>
			<report>
				<misses>695500001</misses>
				<total>0</total>
				<timestamp>4481.977601</timestamp>
			</report>
			<report>
				<misses>695600001</misses>
				<total>0</total>
				<timestamp>4482.630374</timestamp>
			</report>
			<report>
				<misses>695700001</misses>
				<total>0</total>
				<timestamp>4483.282796</timestamp>
			</report>
			<report>
				<misses>695800001</misses>
				<total>0</total>
				<timestamp>4483.936629</timestamp>
			</report>
			<report>
				<misses>695900001</misses>
				<total>0</total>
				<timestamp>4484.586494</timestamp>
			</report>
			<report>
				<misses>696000001</misses>
				<total>0</total>
				<timestamp>4485.231660</timestamp>
			</report>
			<report>
				<misses>696100001</misses>
				<total>0</total>
				<timestamp>4485.881248</timestamp>
			</report>
			<report>
				<misses>696200001</misses>
				<total>0</total>
				<timestamp>4486.529102</timestamp>
			</report>
			<report>
				<misses>696300001</misses>
				<total>0</total>
				<timestamp>4487.176521</timestamp>
			</report>
			<report>
				<misses>696400001</misses>
				<total>0</total>
				<timestamp>4487.823690</timestamp>
			</report>
			<report>
				<misses>696500001</misses>
				<total>0</total>
				<timestamp>4488.468160</timestamp>
			</report>
			<report>
				<misses>696600001</misses>
				<total>0</total>
				<timestamp>4489.116244</timestamp>
			</report>
			<report>
				<misses>696700001</misses>
				<total>0</total>
				<timestamp>4489.765657</timestamp>
			</report>
			<report>
				<misses>696800001</misses>
				<total>0</total>
				<timestamp>4490.412319</timestamp>
			</report>
			<report>
				<misses>696900001</misses>
				<total>0</total>
				<timestamp>4491.056678</timestamp>
			</report>
			<report>
				<misses>697000001</misses>
				<total>0</total>
				<timestamp>4491.699843</timestamp>
			</report>
			<report>
				<misses>697100001</misses>
				<total>0</total>
				<timestamp>4492.342986</timestamp>
			</report>
			<report>
				<misses>697200001</misses>
				<total>0</total>
				<timestamp>4492.986596</timestamp>
			</report>
			<report>
				<misses>697300001</misses>
				<total>0</total>
				<timestamp>4493.629874</timestamp>
			</report>
			<report>
				<misses>697400001</misses>
				<total>0</total>
				<timestamp>4494.273343</timestamp>
			</report>
			<report>
				<misses>697500001</misses>
				<total>0</total>
				<timestamp>4494.917239</timestamp>
			</report>
			<report>
				<misses>697600001</misses>
				<total>0</total>
				<timestamp>4495.560979</timestamp>
			</report>
			<report>
				<misses>697700001</misses>
				<total>0</total>
				<timestamp>4496.203963</timestamp>
			</report>
			<report>
				<misses>697800001</misses>
				<total>0</total>
				<timestamp>4496.847389</timestamp>
			</report>
			<report>
				<misses>697900001</misses>
				<total>0</total>
				<timestamp>4497.490701</timestamp>
			</report>
			<report>
				<misses>698000001</misses>
				<total>0</total>
				<timestamp>4498.133548</timestamp>
			</report>
			<report>
				<misses>698100001</misses>
				<total>0</total>
				<timestamp>4498.776155</timestamp>
			</report>
			<report>
				<misses>698200001</misses>
				<total>0</total>
				<timestamp>4499.417114</timestamp>
			</report>
			<report>
				<misses>698300001</misses>
				<total>0</total>
				<timestamp>4500.057705</timestamp>
			</report>
			<report>
				<misses>698400001</misses>
				<total>0</total>
				<timestamp>4500.698334</timestamp>
			</report>
			<report>
				<misses>698500001</misses>
				<total>0</total>
				<timestamp>4501.339614</timestamp>
			</report>
			<report>
				<misses>698600001</misses>
				<total>0</total>
				<timestamp>4501.980563</timestamp>
			</report>
			<report>
				<misses>698700001</misses>
				<total>0</total>
				<timestamp>4502.621004</timestamp>
			</report>
			<report>
				<misses>698800001</misses>
				<total>0</total>
				<timestamp>4503.261093</timestamp>
			</report>
			<report>
				<misses>698900001</misses>
				<total>0</total>
				<timestamp>4503.901090</timestamp>
			</report>
			<report>
				<misses>699000001</misses>
				<total>0</total>
				<timestamp>4504.541515</timestamp>
			</report>
			<report>
				<misses>699100001</misses>
				<total>0</total>
				<timestamp>4505.181669</timestamp>
			</report>
			<report>
				<misses>699200001</misses>
				<total>0</total>
				<timestamp>4505.821478</timestamp>
			</report>
			<report>
				<misses>699300001</misses>
				<total>0</total>
				<timestamp>4506.461612</timestamp>
			</report>
			<report>
				<misses>699400001</misses>
				<total>0</total>
				<timestamp>4507.102303</timestamp>
			</report>
			<report>
				<misses>699500001</misses>
				<total>0</total>
				<timestamp>4507.742668</timestamp>
			</report>
			<report>
				<misses>699600001</misses>
				<total>0</total>
				<timestamp>4508.382586</timestamp>
			</report>
			<report>
				<misses>699700001</misses>
				<total>0</total>
				<timestamp>4509.023341</timestamp>
			</report>
			<report>
				<misses>699800001</misses>
				<total>0</total>
				<timestamp>4509.663964</timestamp>
			</report>
			<report>
				<misses>699900001</misses>
				<total>0</total>
				<timestamp>4510.304259</timestamp>
			</report>
			<report>
				<misses>700000001</misses>
				<total>0</total>
				<timestamp>4510.945428</timestamp>
			</report>
			<report>
				<misses>700100001</misses>
				<total>0</total>
				<timestamp>4511.587455</timestamp>
			</report>
			<report>
				<misses>700200001</misses>
				<total>0</total>
				<timestamp>4512.229268</timestamp>
			</report>
			<report>
				<misses>700300001</misses>
				<total>0</total>
				<timestamp>4512.870605</timestamp>
			</report>
			<report>
				<misses>700400001</misses>
				<total>0</total>
				<timestamp>4513.512551</timestamp>
			</report>
			<report>
				<misses>700500001</misses>
				<total>0</total>
				<timestamp>4514.154290</timestamp>
			</report>
			<report>
				<misses>700600001</misses>
				<total>0</total>
				<timestamp>4514.796176</timestamp>
			</report>
			<report>
				<misses>700700001</misses>
				<total>0</total>
				<timestamp>4515.437193</timestamp>
			</report>
			<report>
				<misses>700800001</misses>
				<total>0</total>
				<timestamp>4516.078435</timestamp>
			</report>
			<report>
				<misses>700900001</misses>
				<total>0</total>
				<timestamp>4516.719867</timestamp>
			</report>
			<report>
				<misses>701000001</misses>
				<total>0</total>
				<timestamp>4517.361573</timestamp>
			</report>
			<report>
				<misses>701100001</misses>
				<total>0</total>
				<timestamp>4518.003361</timestamp>
			</report>
			<report>
				<misses>701200001</misses>
				<total>0</total>
				<timestamp>4518.645970</timestamp>
			</report>
			<report>
				<misses>701300001</misses>
				<total>0</total>
				<timestamp>4519.288053</timestamp>
			</report>
			<report>
				<misses>701400001</misses>
				<total>0</total>
				<timestamp>4519.930334</timestamp>
			</report>
			<report>
				<misses>701500001</misses>
				<total>0</total>
				<timestamp>4520.572344</timestamp>
			</report>
			<report>
				<misses>701600001</misses>
				<total>0</total>
				<timestamp>4521.213723</timestamp>
			</report>
			<report>
				<misses>701700001</misses>
				<total>0</total>
				<timestamp>4521.855393</timestamp>
			</report>
			<report>
				<misses>701800001</misses>
				<total>0</total>
				<timestamp>4522.497029</timestamp>
			</report>
			<report>
				<misses>701900001</misses>
				<total>0</total>
				<timestamp>4523.139778</timestamp>
			</report>
			<report>
				<misses>702000001</misses>
				<total>0</total>
				<timestamp>4523.779056</timestamp>
			</report>
			<report>
				<misses>702100001</misses>
				<total>0</total>
				<timestamp>4524.418059</timestamp>
			</report>
			<report>
				<misses>702200001</misses>
				<total>0</total>
				<timestamp>4525.057399</timestamp>
			</report>
			<report>
				<misses>702300001</misses>
				<total>0</total>
				<timestamp>4525.695237</timestamp>
			</report>
			<report>
				<misses>702400001</misses>
				<total>0</total>
				<timestamp>4526.331310</timestamp>
			</report>
			<report>
				<misses>702500001</misses>
				<total>0</total>
				<timestamp>4526.967597</timestamp>
			</report>
			<report>
				<misses>702600001</misses>
				<total>0</total>
				<timestamp>4527.604813</timestamp>
			</report>
			<report>
				<misses>702700001</misses>
				<total>0</total>
				<timestamp>4528.242084</timestamp>
			</report>
			<report>
				<misses>702800001</misses>
				<total>0</total>
				<timestamp>4528.879836</timestamp>
			</report>
			<report>
				<misses>702900001</misses>
				<total>0</total>
				<timestamp>4529.515742</timestamp>
			</report>
			<report>
				<misses>703000001</misses>
				<total>0</total>
				<timestamp>4530.152332</timestamp>
			</report>
			<report>
				<misses>703100001</misses>
				<total>0</total>
				<timestamp>4530.789273</timestamp>
			</report>
			<report>
				<misses>703200001</misses>
				<total>0</total>
				<timestamp>4531.426501</timestamp>
			</report>
			<report>
				<misses>703300001</misses>
				<total>0</total>
				<timestamp>4532.067096</timestamp>
			</report>
			<report>
				<misses>703400001</misses>
				<total>0</total>
				<timestamp>4532.707870</timestamp>
			</report>
			<report>
				<misses>703500001</misses>
				<total>0</total>
				<timestamp>4533.348061</timestamp>
			</report>
			<report>
				<misses>703600001</misses>
				<total>0</total>
				<timestamp>4533.988530</timestamp>
			</report>
			<report>
				<misses>703700001</misses>
				<total>0</total>
				<timestamp>4534.628596</timestamp>
			</report>
			<report>
				<misses>703800001</misses>
				<total>0</total>
				<timestamp>4535.268064</timestamp>
			</report>
			<report>
				<misses>703900001</misses>
				<total>0</total>
				<timestamp>4535.907759</timestamp>
			</report>
			<report>
				<misses>704000001</misses>
				<total>0</total>
				<timestamp>4536.547656</timestamp>
			</report>
			<report>
				<misses>704100001</misses>
				<total>0</total>
				<timestamp>4537.187088</timestamp>
			</report>
			<report>
				<misses>704200001</misses>
				<total>0</total>
				<timestamp>4537.828009</timestamp>
			</report>
			<report>
				<misses>704300001</misses>
				<total>0</total>
				<timestamp>4538.469525</timestamp>
			</report>
			<report>
				<misses>704400001</misses>
				<total>0</total>
				<timestamp>4539.110353</timestamp>
			</report>
			<report>
				<misses>704500001</misses>
				<total>0</total>
				<timestamp>4539.751675</timestamp>
			</report>
			<report>
				<misses>704600001</misses>
				<total>0</total>
				<timestamp>4540.391705</timestamp>
			</report>
			<report>
				<misses>704700001</misses>
				<total>0</total>
				<timestamp>4541.032749</timestamp>
			</report>
			<report>
				<misses>704800001</misses>
				<total>0</total>
				<timestamp>4541.674452</timestamp>
			</report>
			<report>
				<misses>704900001</misses>
				<total>0</total>
				<timestamp>4542.315482</timestamp>
			</report>
			<report>
				<misses>705000001</misses>
				<total>0</total>
				<timestamp>4542.956240</timestamp>
			</report>
			<report>
				<misses>705100001</misses>
				<total>0</total>
				<timestamp>4543.597109</timestamp>
			</report>
			<report>
				<misses>705200001</misses>
				<total>0</total>
				<timestamp>4544.238138</timestamp>
			</report>
			<report>
				<misses>705300001</misses>
				<total>0</total>
				<timestamp>4544.878569</timestamp>
			</report>
			<report>
				<misses>705400001</misses>
				<total>0</total>
				<timestamp>4545.520002</timestamp>
			</report>
			<report>
				<misses>705500001</misses>
				<total>0</total>
				<timestamp>4546.160358</timestamp>
			</report>
			<report>
				<misses>705600001</misses>
				<total>0</total>
				<timestamp>4546.801070</timestamp>
			</report>
			<report>
				<misses>705700001</misses>
				<total>0</total>
				<timestamp>4547.440939</timestamp>
			</report>
			<report>
				<misses>705800001</misses>
				<total>0</total>
				<timestamp>4548.081900</timestamp>
			</report>
			<report>
				<misses>705900001</misses>
				<total>0</total>
				<timestamp>4548.722645</timestamp>
			</report>
			<report>
				<misses>706000001</misses>
				<total>0</total>
				<timestamp>4549.363916</timestamp>
			</report>
			<report>
				<misses>706100001</misses>
				<total>0</total>
				<timestamp>4550.004533</timestamp>
			</report>
			<report>
				<misses>706200001</misses>
				<total>0</total>
				<timestamp>4550.644963</timestamp>
			</report>
			<report>
				<misses>706300001</misses>
				<total>0</total>
				<timestamp>4551.285377</timestamp>
			</report>
			<report>
				<misses>706400001</misses>
				<total>0</total>
				<timestamp>4551.926747</timestamp>
			</report>
			<report>
				<misses>706500001</misses>
				<total>0</total>
				<timestamp>4552.568292</timestamp>
			</report>
			<report>
				<misses>706600001</misses>
				<total>0</total>
				<timestamp>4553.210048</timestamp>
			</report>
			<report>
				<misses>706700001</misses>
				<total>0</total>
				<timestamp>4553.851581</timestamp>
			</report>
			<report>
				<misses>706800001</misses>
				<total>0</total>
				<timestamp>4554.493016</timestamp>
			</report>
			<report>
				<misses>706900001</misses>
				<total>0</total>
				<timestamp>4555.134317</timestamp>
			</report>
			<report>
				<misses>707000001</misses>
				<total>0</total>
				<timestamp>4555.775820</timestamp>
			</report>
			<report>
				<misses>707100001</misses>
				<total>0</total>
				<timestamp>4556.417002</timestamp>
			</report>
			<report>
				<misses>707200001</misses>
				<total>0</total>
				<timestamp>4557.058260</timestamp>
			</report>
			<report>
				<misses>707300001</misses>
				<total>0</total>
				<timestamp>4557.698590</timestamp>
			</report>
			<report>
				<misses>707400001</misses>
				<total>0</total>
				<timestamp>4558.337779</timestamp>
			</report>
			<report>
				<misses>707500001</misses>
				<total>0</total>
				<timestamp>4558.975663</timestamp>
			</report>
			<report>
				<misses>707600001</misses>
				<total>0</total>
				<timestamp>4559.613841</timestamp>
			</report>
			<report>
				<misses>707700001</misses>
				<total>0</total>
				<timestamp>4560.252256</timestamp>
			</report>
			<report>
				<misses>707800001</misses>
				<total>0</total>
				<timestamp>4560.889982</timestamp>
			</report>
			<report>
				<misses>707900001</misses>
				<total>0</total>
				<timestamp>4561.528039</timestamp>
			</report>
			<report>
				<misses>708000001</misses>
				<total>0</total>
				<timestamp>4562.166624</timestamp>
			</report>
			<report>
				<misses>708100001</misses>
				<total>0</total>
				<timestamp>4562.804950</timestamp>
			</report>
			<report>
				<misses>708200001</misses>
				<total>0</total>
				<timestamp>4563.443267</timestamp>
			</report>
			<report>
				<misses>708300001</misses>
				<total>0</total>
				<timestamp>4564.080392</timestamp>
			</report>
			<report>
				<misses>708400001</misses>
				<total>0</total>
				<timestamp>4564.729623</timestamp>
			</report>
			<report>
				<misses>708500001</misses>
				<total>0</total>
				<timestamp>4565.381437</timestamp>
			</report>
			<report>
				<misses>708600001</misses>
				<total>0</total>
				<timestamp>4566.031347</timestamp>
			</report>
			<report>
				<misses>708700001</misses>
				<total>0</total>
				<timestamp>4566.680593</timestamp>
			</report>
			<report>
				<misses>708800001</misses>
				<total>0</total>
				<timestamp>4567.331041</timestamp>
			</report>
			<report>
				<misses>708900001</misses>
				<total>0</total>
				<timestamp>4567.979676</timestamp>
			</report>
			<report>
				<misses>709000001</misses>
				<total>0</total>
				<timestamp>4568.629547</timestamp>
			</report>
			<report>
				<misses>709100001</misses>
				<total>0</total>
				<timestamp>4569.280052</timestamp>
			</report>
			<report>
				<misses>709200001</misses>
				<total>0</total>
				<timestamp>4569.928942</timestamp>
			</report>
			<report>
				<misses>709300001</misses>
				<total>0</total>
				<timestamp>4570.577260</timestamp>
			</report>
			<report>
				<misses>709400001</misses>
				<total>0</total>
				<timestamp>4571.227154</timestamp>
			</report>
			<report>
				<misses>709500001</misses>
				<total>0</total>
				<timestamp>4571.876217</timestamp>
			</report>
			<report>
				<misses>709600001</misses>
				<total>0</total>
				<timestamp>4572.526670</timestamp>
			</report>
			<report>
				<misses>709700001</misses>
				<total>0</total>
				<timestamp>4573.174706</timestamp>
			</report>
			<report>
				<misses>709800001</misses>
				<total>0</total>
				<timestamp>4573.824410</timestamp>
			</report>
			<report>
				<misses>709900001</misses>
				<total>0</total>
				<timestamp>4574.473322</timestamp>
			</report>
			<report>
				<misses>710000001</misses>
				<total>0</total>
				<timestamp>4575.122786</timestamp>
			</report>
			<report>
				<misses>710100001</misses>
				<total>0</total>
				<timestamp>4575.773687</timestamp>
			</report>
			<report>
				<misses>710200001</misses>
				<total>0</total>
				<timestamp>4576.421182</timestamp>
			</report>
			<report>
				<misses>710300001</misses>
				<total>0</total>
				<timestamp>4577.065253</timestamp>
			</report>
			<report>
				<misses>710400001</misses>
				<total>0</total>
				<timestamp>4577.709414</timestamp>
			</report>
			<report>
				<misses>710500001</misses>
				<total>0</total>
				<timestamp>4578.353585</timestamp>
			</report>
			<report>
				<misses>710600001</misses>
				<total>0</total>
				<timestamp>4578.997858</timestamp>
			</report>
			<report>
				<misses>710700001</misses>
				<total>0</total>
				<timestamp>4579.641472</timestamp>
			</report>
			<report>
				<misses>710800001</misses>
				<total>0</total>
				<timestamp>4580.286098</timestamp>
			</report>
			<report>
				<misses>710900001</misses>
				<total>0</total>
				<timestamp>4580.930381</timestamp>
			</report>
			<report>
				<misses>711000001</misses>
				<total>0</total>
				<timestamp>4581.574219</timestamp>
			</report>
			<report>
				<misses>711100001</misses>
				<total>0</total>
				<timestamp>4582.218053</timestamp>
			</report>
			<report>
				<misses>711200001</misses>
				<total>0</total>
				<timestamp>4582.861403</timestamp>
			</report>
			<report>
				<misses>711300001</misses>
				<total>0</total>
				<timestamp>4583.504998</timestamp>
			</report>
			<report>
				<misses>711400001</misses>
				<total>0</total>
				<timestamp>4584.147426</timestamp>
			</report>
			<report>
				<misses>711500001</misses>
				<total>0</total>
				<timestamp>4584.790587</timestamp>
			</report>
			<report>
				<misses>711600001</misses>
				<total>0</total>
				<timestamp>4585.434329</timestamp>
			</report>
			<report>
				<misses>711700001</misses>
				<total>0</total>
				<timestamp>4586.077502</timestamp>
			</report>
			<report>
				<misses>711800001</misses>
				<total>0</total>
				<timestamp>4586.721448</timestamp>
			</report>
			<report>
				<misses>711900001</misses>
				<total>0</total>
				<timestamp>4587.366295</timestamp>
			</report>
			<report>
				<misses>712000001</misses>
				<total>0</total>
				<timestamp>4588.011365</timestamp>
			</report>
			<report>
				<misses>712100001</misses>
				<total>0</total>
				<timestamp>4588.655421</timestamp>
			</report>
			<report>
				<misses>712200001</misses>
				<total>0</total>
				<timestamp>4589.301306</timestamp>
			</report>
			<report>
				<misses>712300001</misses>
				<total>0</total>
				<timestamp>4589.945302</timestamp>
			</report>
			<report>
				<misses>712400001</misses>
				<total>0</total>
				<timestamp>4590.589762</timestamp>
			</report>
			<report>
				<misses>712500001</misses>
				<total>0</total>
				<timestamp>4591.234412</timestamp>
			</report>
			<report>
				<misses>712600001</misses>
				<total>0</total>
				<timestamp>4591.878678</timestamp>
			</report>
			<report>
				<misses>712700001</misses>
				<total>0</total>
				<timestamp>4592.523456</timestamp>
			</report>
			<report>
				<misses>712800001</misses>
				<total>0</total>
				<timestamp>4593.168459</timestamp>
			</report>
			<report>
				<misses>712900001</misses>
				<total>0</total>
				<timestamp>4593.813734</timestamp>
			</report>
			<report>
				<misses>713000001</misses>
				<total>0</total>
				<timestamp>4594.458843</timestamp>
			</report>
			<report>
				<misses>713100001</misses>
				<total>0</total>
				<timestamp>4595.104394</timestamp>
			</report>
			<report>
				<misses>713200001</misses>
				<total>0</total>
				<timestamp>4595.749340</timestamp>
			</report>
			<report>
				<misses>713300001</misses>
				<total>0</total>
				<timestamp>4596.394090</timestamp>
			</report>
			<report>
				<misses>713400001</misses>
				<total>0</total>
				<timestamp>4597.038716</timestamp>
			</report>
			<report>
				<misses>713500001</misses>
				<total>0</total>
				<timestamp>4597.675584</timestamp>
			</report>
			<report>
				<misses>713600001</misses>
				<total>0</total>
				<timestamp>4598.312341</timestamp>
			</report>
			<report>
				<misses>713700001</misses>
				<total>0</total>
				<timestamp>4598.951524</timestamp>
			</report>
			<report>
				<misses>713800001</misses>
				<total>0</total>
				<timestamp>4599.590383</timestamp>
			</report>
			<report>
				<misses>713900001</misses>
				<total>0</total>
				<timestamp>4600.228208</timestamp>
			</report>
			<report>
				<misses>714000001</misses>
				<total>0</total>
				<timestamp>4600.866459</timestamp>
			</report>
			<report>
				<misses>714100001</misses>
				<total>0</total>
				<timestamp>4601.503991</timestamp>
			</report>
			<report>
				<misses>714200001</misses>
				<total>0</total>
				<timestamp>4602.140225</timestamp>
			</report>
			<report>
				<misses>714300001</misses>
				<total>0</total>
				<timestamp>4602.775174</timestamp>
			</report>
			<report>
				<misses>714400001</misses>
				<total>0</total>
				<timestamp>4603.413318</timestamp>
			</report>
			<report>
				<misses>714500001</misses>
				<total>0</total>
				<timestamp>4604.052566</timestamp>
			</report>
			<report>
				<misses>714600001</misses>
				<total>0</total>
				<timestamp>4604.691271</timestamp>
			</report>
			<report>
				<misses>714700001</misses>
				<total>0</total>
				<timestamp>4605.335202</timestamp>
			</report>
			<report>
				<misses>714800001</misses>
				<total>0</total>
				<timestamp>4605.985264</timestamp>
			</report>
			<report>
				<misses>714900001</misses>
				<total>0</total>
				<timestamp>4606.636226</timestamp>
			</report>
			<report>
				<misses>715000001</misses>
				<total>0</total>
				<timestamp>4607.287215</timestamp>
			</report>
			<report>
				<misses>715100001</misses>
				<total>0</total>
				<timestamp>4607.937620</timestamp>
			</report>
			<report>
				<misses>715200001</misses>
				<total>0</total>
				<timestamp>4608.588496</timestamp>
			</report>
			<report>
				<misses>715300001</misses>
				<total>0</total>
				<timestamp>4609.238034</timestamp>
			</report>
			<report>
				<misses>715400001</misses>
				<total>0</total>
				<timestamp>4609.888616</timestamp>
			</report>
			<report>
				<misses>715500001</misses>
				<total>0</total>
				<timestamp>4610.539109</timestamp>
			</report>
			<report>
				<misses>715600001</misses>
				<total>0</total>
				<timestamp>4611.189302</timestamp>
			</report>
			<report>
				<misses>715700001</misses>
				<total>0</total>
				<timestamp>4611.842220</timestamp>
			</report>
			<report>
				<misses>715800001</misses>
				<total>0</total>
				<timestamp>4612.492412</timestamp>
			</report>
			<report>
				<misses>715900001</misses>
				<total>0</total>
				<timestamp>4613.142483</timestamp>
			</report>
			<report>
				<misses>716000001</misses>
				<total>0</total>
				<timestamp>4613.792025</timestamp>
			</report>
			<report>
				<misses>716100001</misses>
				<total>0</total>
				<timestamp>4614.439093</timestamp>
			</report>
			<report>
				<misses>716200001</misses>
				<total>0</total>
				<timestamp>4615.086222</timestamp>
			</report>
			<report>
				<misses>716300001</misses>
				<total>0</total>
				<timestamp>4615.737914</timestamp>
			</report>
			<report>
				<misses>716400001</misses>
				<total>0</total>
				<timestamp>4616.391103</timestamp>
			</report>
			<report>
				<misses>716500001</misses>
				<total>0</total>
				<timestamp>4617.043167</timestamp>
			</report>
			<report>
				<misses>716600001</misses>
				<total>0</total>
				<timestamp>4617.694191</timestamp>
			</report>
			<report>
				<misses>716700001</misses>
				<total>0</total>
				<timestamp>4618.343516</timestamp>
			</report>
			<report>
				<misses>716800001</misses>
				<total>0</total>
				<timestamp>4618.994089</timestamp>
			</report>
			<report>
				<misses>716900001</misses>
				<total>0</total>
				<timestamp>4619.645704</timestamp>
			</report>
			<report>
				<misses>717000001</misses>
				<total>0</total>
				<timestamp>4620.297586</timestamp>
			</report>
			<report>
				<misses>717100001</misses>
				<total>0</total>
				<timestamp>4620.948533</timestamp>
			</report>
			<report>
				<misses>717200001</misses>
				<total>0</total>
				<timestamp>4621.600899</timestamp>
			</report>
			<report>
				<misses>717300001</misses>
				<total>0</total>
				<timestamp>4622.253146</timestamp>
			</report>
			<report>
				<misses>717400001</misses>
				<total>0</total>
				<timestamp>4622.904978</timestamp>
			</report>
			<report>
				<misses>717500001</misses>
				<total>0</total>
				<timestamp>4623.557174</timestamp>
			</report>
			<report>
				<misses>717600001</misses>
				<total>0</total>
				<timestamp>4624.209742</timestamp>
			</report>
			<report>
				<misses>717700001</misses>
				<total>0</total>
				<timestamp>4624.861523</timestamp>
			</report>
			<report>
				<misses>717800001</misses>
				<total>0</total>
				<timestamp>4625.516480</timestamp>
			</report>
			<report>
				<misses>717900001</misses>
				<total>0</total>
				<timestamp>4626.172613</timestamp>
			</report>
			<report>
				<misses>718000001</misses>
				<total>0</total>
				<timestamp>4626.824163</timestamp>
			</report>
			<report>
				<misses>718100001</misses>
				<total>0</total>
				<timestamp>4627.475851</timestamp>
			</report>
			<report>
				<misses>718200001</misses>
				<total>0</total>
				<timestamp>4628.128093</timestamp>
			</report>
			<report>
				<misses>718300001</misses>
				<total>0</total>
				<timestamp>4628.779406</timestamp>
			</report>
			<report>
				<misses>718400001</misses>
				<total>0</total>
				<timestamp>4629.431454</timestamp>
			</report>
			<report>
				<misses>718500001</misses>
				<total>0</total>
				<timestamp>4630.083161</timestamp>
			</report>
			<report>
				<misses>718600001</misses>
				<total>0</total>
				<timestamp>4630.735275</timestamp>
			</report>
			<report>
				<misses>718700001</misses>
				<total>0</total>
				<timestamp>4631.387517</timestamp>
			</report>
			<report>
				<misses>718800001</misses>
				<total>0</total>
				<timestamp>4632.039792</timestamp>
			</report>
			<report>
				<misses>718900001</misses>
				<total>0</total>
				<timestamp>4632.691501</timestamp>
			</report>
			<report>
				<misses>719000001</misses>
				<total>0</total>
				<timestamp>4633.343498</timestamp>
			</report>
			<report>
				<misses>719100001</misses>
				<total>0</total>
				<timestamp>4633.996269</timestamp>
			</report>
			<report>
				<misses>719200001</misses>
				<total>0</total>
				<timestamp>4634.649994</timestamp>
			</report>
			<report>
				<misses>719300001</misses>
				<total>0</total>
				<timestamp>4635.303711</timestamp>
			</report>
			<report>
				<misses>719400001</misses>
				<total>0</total>
				<timestamp>4635.954671</timestamp>
			</report>
			<report>
				<misses>719500001</misses>
				<total>0</total>
				<timestamp>4636.602402</timestamp>
			</report>
			<report>
				<misses>719600001</misses>
				<total>0</total>
				<timestamp>4637.249626</timestamp>
			</report>
			<report>
				<misses>719700001</misses>
				<total>0</total>
				<timestamp>4637.896955</timestamp>
			</report>
			<report>
				<misses>719800001</misses>
				<total>0</total>
				<timestamp>4638.544045</timestamp>
			</report>
			<report>
				<misses>719900001</misses>
				<total>0</total>
				<timestamp>4639.191439</timestamp>
			</report>
			<report>
				<misses>720000001</misses>
				<total>0</total>
				<timestamp>4639.837766</timestamp>
			</report>
			<report>
				<misses>720100001</misses>
				<total>0</total>
				<timestamp>4640.484314</timestamp>
			</report>
			<report>
				<misses>720200001</misses>
				<total>0</total>
				<timestamp>4641.130765</timestamp>
			</report>
			<report>
				<misses>720300001</misses>
				<total>0</total>
				<timestamp>4641.776743</timestamp>
			</report>
			<report>
				<misses>720400001</misses>
				<total>0</total>
				<timestamp>4642.422687</timestamp>
			</report>
			<report>
				<misses>720500001</misses>
				<total>0</total>
				<timestamp>4643.069080</timestamp>
			</report>
			<report>
				<misses>720600001</misses>
				<total>0</total>
				<timestamp>4643.714582</timestamp>
			</report>
			<report>
				<misses>720700001</misses>
				<total>0</total>
				<timestamp>4644.360537</timestamp>
			</report>
			<report>
				<misses>720800001</misses>
				<total>0</total>
				<timestamp>4645.006452</timestamp>
			</report>
			<report>
				<misses>720900001</misses>
				<total>0</total>
				<timestamp>4645.652161</timestamp>
			</report>
			<report>
				<misses>721000001</misses>
				<total>0</total>
				<timestamp>4646.298033</timestamp>
			</report>
			<report>
				<misses>721100001</misses>
				<total>0</total>
				<timestamp>4646.943598</timestamp>
			</report>
			<report>
				<misses>721200001</misses>
				<total>0</total>
				<timestamp>4647.589463</timestamp>
			</report>
			<report>
				<misses>721300001</misses>
				<total>0</total>
				<timestamp>4648.235204</timestamp>
			</report>
			<report>
				<misses>721400001</misses>
				<total>0</total>
				<timestamp>4648.881502</timestamp>
			</report>
			<report>
				<misses>721500001</misses>
				<total>0</total>
				<timestamp>4649.527562</timestamp>
			</report>
			<report>
				<misses>721600001</misses>
				<total>0</total>
				<timestamp>4650.173041</timestamp>
			</report>
			<report>
				<misses>721700001</misses>
				<total>0</total>
				<timestamp>4650.818762</timestamp>
			</report>
			<report>
				<misses>721800001</misses>
				<total>0</total>
				<timestamp>4651.464430</timestamp>
			</report>
			<report>
				<misses>721900001</misses>
				<total>0</total>
				<timestamp>4652.109726</timestamp>
			</report>
			<report>
				<misses>722000001</misses>
				<total>0</total>
				<timestamp>4652.755572</timestamp>
			</report>
			<report>
				<misses>722100001</misses>
				<total>0</total>
				<timestamp>4653.401410</timestamp>
			</report>
			<report>
				<misses>722200001</misses>
				<total>0</total>
				<timestamp>4654.048196</timestamp>
			</report>
			<report>
				<misses>722300001</misses>
				<total>0</total>
				<timestamp>4654.694581</timestamp>
			</report>
			<report>
				<misses>722400001</misses>
				<total>0</total>
				<timestamp>4655.340734</timestamp>
			</report>
			<report>
				<misses>722500001</misses>
				<total>0</total>
				<timestamp>4655.987980</timestamp>
			</report>
			<report>
				<misses>722600001</misses>
				<total>0</total>
				<timestamp>4656.635043</timestamp>
			</report>
			<report>
				<misses>722700001</misses>
				<total>0</total>
				<timestamp>4657.282177</timestamp>
			</report>
			<report>
				<misses>722800001</misses>
				<total>0</total>
				<timestamp>4657.928330</timestamp>
			</report>
			<report>
				<misses>722900001</misses>
				<total>0</total>
				<timestamp>4658.574716</timestamp>
			</report>
			<report>
				<misses>723000001</misses>
				<total>0</total>
				<timestamp>4659.220148</timestamp>
			</report>
			<report>
				<misses>723100001</misses>
				<total>0</total>
				<timestamp>4659.866358</timestamp>
			</report>
			<report>
				<misses>723200001</misses>
				<total>0</total>
				<timestamp>4660.512709</timestamp>
			</report>
			<report>
				<misses>723300001</misses>
				<total>0</total>
				<timestamp>4661.158544</timestamp>
			</report>
			<report>
				<misses>723400001</misses>
				<total>0</total>
				<timestamp>4661.803782</timestamp>
			</report>
			<report>
				<misses>723500001</misses>
				<total>0</total>
				<timestamp>4662.450028</timestamp>
			</report>
			<report>
				<misses>723600001</misses>
				<total>0</total>
				<timestamp>4663.089034</timestamp>
			</report>
			<report>
				<misses>723700001</misses>
				<total>0</total>
				<timestamp>4663.728048</timestamp>
			</report>
			<report>
				<misses>723800001</misses>
				<total>0</total>
				<timestamp>4664.366111</timestamp>
			</report>
			<report>
				<misses>723900001</misses>
				<total>0</total>
				<timestamp>4665.004930</timestamp>
			</report>
			<report>
				<misses>724000001</misses>
				<total>0</total>
				<timestamp>4665.643294</timestamp>
			</report>
			<report>
				<misses>724100001</misses>
				<total>0</total>
				<timestamp>4666.281959</timestamp>
			</report>
			<report>
				<misses>724200001</misses>
				<total>0</total>
				<timestamp>4666.921217</timestamp>
			</report>
			<report>
				<misses>724300001</misses>
				<total>0</total>
				<timestamp>4667.560189</timestamp>
			</report>
			<report>
				<misses>724400001</misses>
				<total>0</total>
				<timestamp>4668.199234</timestamp>
			</report>
			<report>
				<misses>724500001</misses>
				<total>0</total>
				<timestamp>4668.837889</timestamp>
			</report>
			<report>
				<misses>724600001</misses>
				<total>0</total>
				<timestamp>4669.476754</timestamp>
			</report>
			<report>
				<misses>724700001</misses>
				<total>0</total>
				<timestamp>4670.115964</timestamp>
			</report>
			<report>
				<misses>724800001</misses>
				<total>0</total>
				<timestamp>4670.754534</timestamp>
			</report>
			<report>
				<misses>724900001</misses>
				<total>0</total>
				<timestamp>4671.393697</timestamp>
			</report>
			<report>
				<misses>725000001</misses>
				<total>0</total>
				<timestamp>4672.032262</timestamp>
			</report>
			<report>
				<misses>725100001</misses>
				<total>0</total>
				<timestamp>4672.670782</timestamp>
			</report>
			<report>
				<misses>725200001</misses>
				<total>0</total>
				<timestamp>4673.309721</timestamp>
			</report>
			<report>
				<misses>725300001</misses>
				<total>0</total>
				<timestamp>4673.948670</timestamp>
			</report>
			<report>
				<misses>725400001</misses>
				<total>0</total>
				<timestamp>4674.587486</timestamp>
			</report>
			<report>
				<misses>725500001</misses>
				<total>0</total>
				<timestamp>4675.225672</timestamp>
			</report>
			<report>
				<misses>725600001</misses>
				<total>0</total>
				<timestamp>4675.864079</timestamp>
			</report>
			<report>
				<misses>725700001</misses>
				<total>0</total>
				<timestamp>4676.503000</timestamp>
			</report>
			<report>
				<misses>725800001</misses>
				<total>0</total>
				<timestamp>4677.142435</timestamp>
			</report>
			<report>
				<misses>725900001</misses>
				<total>0</total>
				<timestamp>4677.780942</timestamp>
			</report>
			<report>
				<misses>726000001</misses>
				<total>0</total>
				<timestamp>4678.420211</timestamp>
			</report>
			<report>
				<misses>726100001</misses>
				<total>0</total>
				<timestamp>4679.059873</timestamp>
			</report>
			<report>
				<misses>726200001</misses>
				<total>0</total>
				<timestamp>4679.698950</timestamp>
			</report>
			<report>
				<misses>726300001</misses>
				<total>0</total>
				<timestamp>4680.337993</timestamp>
			</report>
			<report>
				<misses>726400001</misses>
				<total>0</total>
				<timestamp>4680.977215</timestamp>
			</report>
			<report>
				<misses>726500001</misses>
				<total>0</total>
				<timestamp>4681.617295</timestamp>
			</report>
			<report>
				<misses>726600001</misses>
				<total>0</total>
				<timestamp>4682.256713</timestamp>
			</report>
			<report>
				<misses>726700001</misses>
				<total>0</total>
				<timestamp>4682.895093</timestamp>
			</report>
			<report>
				<misses>726800001</misses>
				<total>0</total>
				<timestamp>4683.534548</timestamp>
			</report>
			<report>
				<misses>726900001</misses>
				<total>0</total>
				<timestamp>4684.174949</timestamp>
			</report>
			<report>
				<misses>727000001</misses>
				<total>0</total>
				<timestamp>4684.813580</timestamp>
			</report>
			<report>
				<misses>727100001</misses>
				<total>0</total>
				<timestamp>4685.453442</timestamp>
			</report>
			<report>
				<misses>727200001</misses>
				<total>0</total>
				<timestamp>4686.095393</timestamp>
			</report>
			<report>
				<misses>727300001</misses>
				<total>0</total>
				<timestamp>4686.735114</timestamp>
			</report>
			<report>
				<misses>727400001</misses>
				<total>0</total>
				<timestamp>4687.375190</timestamp>
			</report>
			<report>
				<misses>727500001</misses>
				<total>0</total>
				<timestamp>4688.013993</timestamp>
			</report>
			<report>
				<misses>727600001</misses>
				<total>0</total>
				<timestamp>4688.653069</timestamp>
			</report>
			<report>
				<misses>727700001</misses>
				<total>0</total>
				<timestamp>4689.293186</timestamp>
			</report>
			<report>
				<misses>727800001</misses>
				<total>0</total>
				<timestamp>4689.933294</timestamp>
			</report>
			<report>
				<misses>727900001</misses>
				<total>0</total>
				<timestamp>4690.573375</timestamp>
			</report>
			<report>
				<misses>728000001</misses>
				<total>0</total>
				<timestamp>4691.213494</timestamp>
			</report>
			<report>
				<misses>728100001</misses>
				<total>0</total>
				<timestamp>4691.854008</timestamp>
			</report>
			<report>
				<misses>728200001</misses>
				<total>0</total>
				<timestamp>4692.493575</timestamp>
			</report>
			<report>
				<misses>728300001</misses>
				<total>0</total>
				<timestamp>4693.132976</timestamp>
			</report>
			<report>
				<misses>728400001</misses>
				<total>0</total>
				<timestamp>4693.772437</timestamp>
			</report>
			<report>
				<misses>728500001</misses>
				<total>0</total>
				<timestamp>4694.410876</timestamp>
			</report>
			<report>
				<misses>728600001</misses>
				<total>0</total>
				<timestamp>4695.049152</timestamp>
			</report>
			<report>
				<misses>728700001</misses>
				<total>0</total>
				<timestamp>4695.686791</timestamp>
			</report>
			<report>
				<misses>728800001</misses>
				<total>0</total>
				<timestamp>4696.322798</timestamp>
			</report>
			<report>
				<misses>728900001</misses>
				<total>0</total>
				<timestamp>4696.958930</timestamp>
			</report>
			<report>
				<misses>729000001</misses>
				<total>0</total>
				<timestamp>4697.595787</timestamp>
			</report>
			<report>
				<misses>729100001</misses>
				<total>0</total>
				<timestamp>4698.232333</timestamp>
			</report>
			<report>
				<misses>729200001</misses>
				<total>0</total>
				<timestamp>4698.867916</timestamp>
			</report>
			<report>
				<misses>729300001</misses>
				<total>0</total>
				<timestamp>4699.503935</timestamp>
			</report>
			<report>
				<misses>729400001</misses>
				<total>0</total>
				<timestamp>4700.141077</timestamp>
			</report>
			<report>
				<misses>729500001</misses>
				<total>0</total>
				<timestamp>4700.777956</timestamp>
			</report>
			<report>
				<misses>729600001</misses>
				<total>0</total>
				<timestamp>4701.414684</timestamp>
			</report>
			<report>
				<misses>729700001</misses>
				<total>0</total>
				<timestamp>4702.051933</timestamp>
			</report>
			<report>
				<misses>729800001</misses>
				<total>0</total>
				<timestamp>4702.689263</timestamp>
			</report>
			<report>
				<misses>729900001</misses>
				<total>0</total>
				<timestamp>4703.326204</timestamp>
			</report>
			<report>
				<misses>730000001</misses>
				<total>0</total>
				<timestamp>4703.963189</timestamp>
			</report>
			<report>
				<misses>730100001</misses>
				<total>0</total>
				<timestamp>4704.600869</timestamp>
			</report>
			<report>
				<misses>730200001</misses>
				<total>0</total>
				<timestamp>4705.238258</timestamp>
			</report>
			<report>
				<misses>730300001</misses>
				<total>0</total>
				<timestamp>4705.876135</timestamp>
			</report>
			<report>
				<misses>730400001</misses>
				<total>0</total>
				<timestamp>4706.513326</timestamp>
			</report>
			<report>
				<misses>730500001</misses>
				<total>0</total>
				<timestamp>4707.150391</timestamp>
			</report>
			<report>
				<misses>730600001</misses>
				<total>0</total>
				<timestamp>4707.792259</timestamp>
			</report>
			<report>
				<misses>730700001</misses>
				<total>0</total>
				<timestamp>4708.441495</timestamp>
			</report>
			<report>
				<misses>730800001</misses>
				<total>0</total>
				<timestamp>4709.090512</timestamp>
			</report>
			<report>
				<misses>730900001</misses>
				<total>0</total>
				<timestamp>4709.740221</timestamp>
			</report>
			<report>
				<misses>731000001</misses>
				<total>0</total>
				<timestamp>4710.390189</timestamp>
			</report>
			<report>
				<misses>731100001</misses>
				<total>0</total>
				<timestamp>4711.039312</timestamp>
			</report>
			<report>
				<misses>731200001</misses>
				<total>0</total>
				<timestamp>4711.689260</timestamp>
			</report>
			<report>
				<misses>731300001</misses>
				<total>0</total>
				<timestamp>4712.339112</timestamp>
			</report>
			<report>
				<misses>731400001</misses>
				<total>0</total>
				<timestamp>4712.989212</timestamp>
			</report>
			<report>
				<misses>731500001</misses>
				<total>0</total>
				<timestamp>4713.640497</timestamp>
			</report>
			<report>
				<misses>731600001</misses>
				<total>0</total>
				<timestamp>4714.290916</timestamp>
			</report>
			<report>
				<misses>731700001</misses>
				<total>0</total>
				<timestamp>4714.941587</timestamp>
			</report>
			<report>
				<misses>731800001</misses>
				<total>0</total>
				<timestamp>4715.591381</timestamp>
			</report>
			<report>
				<misses>731900001</misses>
				<total>0</total>
				<timestamp>4716.242340</timestamp>
			</report>
			<report>
				<misses>732000001</misses>
				<total>0</total>
				<timestamp>4716.892853</timestamp>
			</report>
			<report>
				<misses>732100001</misses>
				<total>0</total>
				<timestamp>4717.541652</timestamp>
			</report>
			<report>
				<misses>732200001</misses>
				<total>0</total>
				<timestamp>4718.191177</timestamp>
			</report>
			<report>
				<misses>732300001</misses>
				<total>0</total>
				<timestamp>4718.840604</timestamp>
			</report>
			<report>
				<misses>732400001</misses>
				<total>0</total>
				<timestamp>4719.489914</timestamp>
			</report>
			<report>
				<misses>732500001</misses>
				<total>0</total>
				<timestamp>4720.139576</timestamp>
			</report>
			<report>
				<misses>732600001</misses>
				<total>0</total>
				<timestamp>4720.789295</timestamp>
			</report>
			<report>
				<misses>732700001</misses>
				<total>0</total>
				<timestamp>4721.437941</timestamp>
			</report>
			<report>
				<misses>732800001</misses>
				<total>0</total>
				<timestamp>4722.086913</timestamp>
			</report>
			<report>
				<misses>732900001</misses>
				<total>0</total>
				<timestamp>4722.736962</timestamp>
			</report>
			<report>
				<misses>733000001</misses>
				<total>0</total>
				<timestamp>4723.386487</timestamp>
			</report>
			<report>
				<misses>733100001</misses>
				<total>0</total>
				<timestamp>4724.036392</timestamp>
			</report>
			<report>
				<misses>733200001</misses>
				<total>0</total>
				<timestamp>4724.688148</timestamp>
			</report>
			<report>
				<misses>733300001</misses>
				<total>0</total>
				<timestamp>4725.338147</timestamp>
			</report>
			<report>
				<misses>733400001</misses>
				<total>0</total>
				<timestamp>4725.987847</timestamp>
			</report>
			<report>
				<misses>733500001</misses>
				<total>0</total>
				<timestamp>4726.638942</timestamp>
			</report>
			<report>
				<misses>733600001</misses>
				<total>0</total>
				<timestamp>4727.290218</timestamp>
			</report>
			<report>
				<misses>733700001</misses>
				<total>0</total>
				<timestamp>4727.940869</timestamp>
			</report>
			<report>
				<misses>733800001</misses>
				<total>0</total>
				<timestamp>4728.592298</timestamp>
			</report>
			<report>
				<misses>733900001</misses>
				<total>0</total>
				<timestamp>4729.244324</timestamp>
			</report>
			<report>
				<misses>734000001</misses>
				<total>0</total>
				<timestamp>4729.896593</timestamp>
			</report>
			<report>
				<misses>734100001</misses>
				<total>0</total>
				<timestamp>4730.545814</timestamp>
			</report>
			<report>
				<misses>734200001</misses>
				<total>0</total>
				<timestamp>4731.191715</timestamp>
			</report>
			<report>
				<misses>734300001</misses>
				<total>0</total>
				<timestamp>4731.837026</timestamp>
			</report>
			<report>
				<misses>734400001</misses>
				<total>0</total>
				<timestamp>4732.482790</timestamp>
			</report>
			<report>
				<misses>734500001</misses>
				<total>0</total>
				<timestamp>4733.128686</timestamp>
			</report>
			<report>
				<misses>734600001</misses>
				<total>0</total>
				<timestamp>4733.774337</timestamp>
			</report>
			<report>
				<misses>734700001</misses>
				<total>0</total>
				<timestamp>4734.420308</timestamp>
			</report>
			<report>
				<misses>734800001</misses>
				<total>0</total>
				<timestamp>4735.065977</timestamp>
			</report>
			<report>
				<misses>734900001</misses>
				<total>0</total>
				<timestamp>4735.711466</timestamp>
			</report>
			<report>
				<misses>735000001</misses>
				<total>0</total>
				<timestamp>4736.357677</timestamp>
			</report>
			<report>
				<misses>735100001</misses>
				<total>0</total>
				<timestamp>4737.004111</timestamp>
			</report>
			<report>
				<misses>735200001</misses>
				<total>0</total>
				<timestamp>4737.650371</timestamp>
			</report>
			<report>
				<misses>735300001</misses>
				<total>0</total>
				<timestamp>4738.296924</timestamp>
			</report>
			<report>
				<misses>735400001</misses>
				<total>0</total>
				<timestamp>4738.943630</timestamp>
			</report>
			<report>
				<misses>735500001</misses>
				<total>0</total>
				<timestamp>4739.589893</timestamp>
			</report>
			<report>
				<misses>735600001</misses>
				<total>0</total>
				<timestamp>4740.235239</timestamp>
			</report>
			<report>
				<misses>735700001</misses>
				<total>0</total>
				<timestamp>4740.880268</timestamp>
			</report>
			<report>
				<misses>735800001</misses>
				<total>0</total>
				<timestamp>4741.525213</timestamp>
			</report>
			<report>
				<misses>735900001</misses>
				<total>0</total>
				<timestamp>4742.170785</timestamp>
			</report>
			<report>
				<misses>736000001</misses>
				<total>0</total>
				<timestamp>4742.820915</timestamp>
			</report>
			<report>
				<misses>736100001</misses>
				<total>0</total>
				<timestamp>4743.474366</timestamp>
			</report>
			<report>
				<misses>736200001</misses>
				<total>0</total>
				<timestamp>4744.124593</timestamp>
			</report>
			<report>
				<misses>736300001</misses>
				<total>0</total>
				<timestamp>4744.776189</timestamp>
			</report>
			<report>
				<misses>736400001</misses>
				<total>0</total>
				<timestamp>4745.426497</timestamp>
			</report>
			<report>
				<misses>736500001</misses>
				<total>0</total>
				<timestamp>4746.077208</timestamp>
			</report>
			<report>
				<misses>736600001</misses>
				<total>0</total>
				<timestamp>4746.728907</timestamp>
			</report>
			<report>
				<misses>736700001</misses>
				<total>0</total>
				<timestamp>4747.379525</timestamp>
			</report>
			<report>
				<misses>736800001</misses>
				<total>0</total>
				<timestamp>4748.029526</timestamp>
			</report>
			<report>
				<misses>736900001</misses>
				<total>0</total>
				<timestamp>4748.681406</timestamp>
			</report>
			<report>
				<misses>737000001</misses>
				<total>0</total>
				<timestamp>4749.327703</timestamp>
			</report>
			<report>
				<misses>737100001</misses>
				<total>0</total>
				<timestamp>4749.972841</timestamp>
			</report>
			<report>
				<misses>737200001</misses>
				<total>0</total>
				<timestamp>4750.618052</timestamp>
			</report>
			<report>
				<misses>737300001</misses>
				<total>0</total>
				<timestamp>4751.264041</timestamp>
			</report>
			<report>
				<misses>737400001</misses>
				<total>0</total>
				<timestamp>4751.909707</timestamp>
			</report>
			<report>
				<misses>737500001</misses>
				<total>0</total>
				<timestamp>4752.554948</timestamp>
			</report>
			<report>
				<misses>737600001</misses>
				<total>0</total>
				<timestamp>4753.194572</timestamp>
			</report>
			<report>
				<misses>737700001</misses>
				<total>0</total>
				<timestamp>4753.835147</timestamp>
			</report>
			<report>
				<misses>737800001</misses>
				<total>0</total>
				<timestamp>4754.476420</timestamp>
			</report>
			<report>
				<misses>737900001</misses>
				<total>0</total>
				<timestamp>4755.117299</timestamp>
			</report>
			<report>
				<misses>738000001</misses>
				<total>0</total>
				<timestamp>4755.757682</timestamp>
			</report>
			<report>
				<misses>738100001</misses>
				<total>0</total>
				<timestamp>4756.398025</timestamp>
			</report>
			<report>
				<misses>738200001</misses>
				<total>0</total>
				<timestamp>4757.038610</timestamp>
			</report>
			<report>
				<misses>738300001</misses>
				<total>0</total>
				<timestamp>4757.679131</timestamp>
			</report>
			<report>
				<misses>738400001</misses>
				<total>0</total>
				<timestamp>4758.319938</timestamp>
			</report>
			<report>
				<misses>738500001</misses>
				<total>0</total>
				<timestamp>4758.959611</timestamp>
			</report>
			<report>
				<misses>738600001</misses>
				<total>0</total>
				<timestamp>4759.597543</timestamp>
			</report>
			<report>
				<misses>738700001</misses>
				<total>0</total>
				<timestamp>4760.234909</timestamp>
			</report>
			<report>
				<misses>738800001</misses>
				<total>0</total>
				<timestamp>4760.872214</timestamp>
			</report>
			<report>
				<misses>738900001</misses>
				<total>0</total>
				<timestamp>4761.508466</timestamp>
			</report>
			<report>
				<misses>739000001</misses>
				<total>0</total>
				<timestamp>4762.144492</timestamp>
			</report>
			<report>
				<misses>739100001</misses>
				<total>0</total>
				<timestamp>4762.780196</timestamp>
			</report>
			<report>
				<misses>739200001</misses>
				<total>0</total>
				<timestamp>4763.417175</timestamp>
			</report>
			<report>
				<misses>739300001</misses>
				<total>0</total>
				<timestamp>4764.054364</timestamp>
			</report>
			<report>
				<misses>739400001</misses>
				<total>0</total>
				<timestamp>4764.691251</timestamp>
			</report>
			<report>
				<misses>739500001</misses>
				<total>0</total>
				<timestamp>4765.327955</timestamp>
			</report>
			<report>
				<misses>739600001</misses>
				<total>0</total>
				<timestamp>4765.965044</timestamp>
			</report>
			<report>
				<misses>739700001</misses>
				<total>0</total>
				<timestamp>4766.602917</timestamp>
			</report>
			<report>
				<misses>739800001</misses>
				<total>0</total>
				<timestamp>4767.241555</timestamp>
			</report>
			<report>
				<misses>739900001</misses>
				<total>0</total>
				<timestamp>4767.878941</timestamp>
			</report>
			<report>
				<misses>740000001</misses>
				<total>0</total>
				<timestamp>4768.516074</timestamp>
			</report>
			<report>
				<misses>740100001</misses>
				<total>0</total>
				<timestamp>4769.154504</timestamp>
			</report>
			<report>
				<misses>740200001</misses>
				<total>0</total>
				<timestamp>4769.792731</timestamp>
			</report>
			<report>
				<misses>740300001</misses>
				<total>0</total>
				<timestamp>4770.436068</timestamp>
			</report>
			<report>
				<misses>740400001</misses>
				<total>0</total>
				<timestamp>4771.073430</timestamp>
			</report>
			<report>
				<misses>740500001</misses>
				<total>0</total>
				<timestamp>4771.708874</timestamp>
			</report>
			<report>
				<misses>740600001</misses>
				<total>0</total>
				<timestamp>4772.344624</timestamp>
			</report>
			<report>
				<misses>740700001</misses>
				<total>0</total>
				<timestamp>4772.980293</timestamp>
			</report>
			<report>
				<misses>740800001</misses>
				<total>0</total>
				<timestamp>4773.616074</timestamp>
			</report>
			<report>
				<misses>740900001</misses>
				<total>0</total>
				<timestamp>4774.250981</timestamp>
			</report>
			<report>
				<misses>741000001</misses>
				<total>0</total>
				<timestamp>4774.885267</timestamp>
			</report>
			<report>
				<misses>741100001</misses>
				<total>0</total>
				<timestamp>4775.520263</timestamp>
			</report>
			<report>
				<misses>741200001</misses>
				<total>0</total>
				<timestamp>4776.155398</timestamp>
			</report>
			<report>
				<misses>741300001</misses>
				<total>0</total>
				<timestamp>4776.790376</timestamp>
			</report>
			<report>
				<misses>741400001</misses>
				<total>0</total>
				<timestamp>4777.426287</timestamp>
			</report>
			<report>
				<misses>741500001</misses>
				<total>0</total>
				<timestamp>4778.063588</timestamp>
			</report>
			<report>
				<misses>741600001</misses>
				<total>0</total>
				<timestamp>4778.700709</timestamp>
			</report>
			<report>
				<misses>741700001</misses>
				<total>0</total>
				<timestamp>4779.337160</timestamp>
			</report>
			<report>
				<misses>741800001</misses>
				<total>0</total>
				<timestamp>4779.974497</timestamp>
			</report>
			<report>
				<misses>741900001</misses>
				<total>0</total>
				<timestamp>4780.612189</timestamp>
			</report>
			<report>
				<misses>742000001</misses>
				<total>0</total>
				<timestamp>4781.250332</timestamp>
			</report>
			<report>
				<misses>742100001</misses>
				<total>0</total>
				<timestamp>4781.886418</timestamp>
			</report>
			<report>
				<misses>742200001</misses>
				<total>0</total>
				<timestamp>4782.523920</timestamp>
			</report>
			<report>
				<misses>742300001</misses>
				<total>0</total>
				<timestamp>4783.161570</timestamp>
			</report>
			<report>
				<misses>742400001</misses>
				<total>0</total>
				<timestamp>4783.799646</timestamp>
			</report>
			<report>
				<misses>742500001</misses>
				<total>0</total>
				<timestamp>4784.437574</timestamp>
			</report>
			<report>
				<misses>742600001</misses>
				<total>0</total>
				<timestamp>4785.074377</timestamp>
			</report>
			<report>
				<misses>742700001</misses>
				<total>0</total>
				<timestamp>4785.713396</timestamp>
			</report>
			<report>
				<misses>742800001</misses>
				<total>0</total>
				<timestamp>4786.350438</timestamp>
			</report>
			<report>
				<misses>742900001</misses>
				<total>0</total>
				<timestamp>4786.987885</timestamp>
			</report>
			<report>
				<misses>743000001</misses>
				<total>0</total>
				<timestamp>4787.625169</timestamp>
			</report>
			<report>
				<misses>743100001</misses>
				<total>0</total>
				<timestamp>4788.262364</timestamp>
			</report>
			<report>
				<misses>743200001</misses>
				<total>0</total>
				<timestamp>4788.899964</timestamp>
			</report>
			<report>
				<misses>743300001</misses>
				<total>0</total>
				<timestamp>4789.537699</timestamp>
			</report>
			<report>
				<misses>743400001</misses>
				<total>0</total>
				<timestamp>4790.175608</timestamp>
			</report>
			<report>
				<misses>743500001</misses>
				<total>0</total>
				<timestamp>4790.813281</timestamp>
			</report>
			<report>
				<misses>743600001</misses>
				<total>0</total>
				<timestamp>4791.452088</timestamp>
			</report>
			<report>
				<misses>743700001</misses>
				<total>0</total>
				<timestamp>4792.097380</timestamp>
			</report>
			<report>
				<misses>743800001</misses>
				<total>0</total>
				<timestamp>4792.744936</timestamp>
			</report>
			<report>
				<misses>743900001</misses>
				<total>0</total>
				<timestamp>4793.392737</timestamp>
			</report>
			<report>
				<misses>744000001</misses>
				<total>0</total>
				<timestamp>4794.041221</timestamp>
			</report>
			<report>
				<misses>744100001</misses>
				<total>0</total>
				<timestamp>4794.689652</timestamp>
			</report>
			<report>
				<misses>744200001</misses>
				<total>0</total>
				<timestamp>4795.336651</timestamp>
			</report>
			<report>
				<misses>744300001</misses>
				<total>0</total>
				<timestamp>4795.983377</timestamp>
			</report>
			<report>
				<misses>744400001</misses>
				<total>0</total>
				<timestamp>4796.630188</timestamp>
			</report>
			<report>
				<misses>744500001</misses>
				<total>0</total>
				<timestamp>4797.276722</timestamp>
			</report>
			<report>
				<misses>744600001</misses>
				<total>0</total>
				<timestamp>4797.923709</timestamp>
			</report>
			<report>
				<misses>744700001</misses>
				<total>0</total>
				<timestamp>4798.570746</timestamp>
			</report>
			<report>
				<misses>744800001</misses>
				<total>0</total>
				<timestamp>4799.216779</timestamp>
			</report>
			<report>
				<misses>744900001</misses>
				<total>0</total>
				<timestamp>4799.863619</timestamp>
			</report>
			<report>
				<misses>745000001</misses>
				<total>0</total>
				<timestamp>4800.512538</timestamp>
			</report>
			<report>
				<misses>745100001</misses>
				<total>0</total>
				<timestamp>4801.158096</timestamp>
			</report>
			<report>
				<misses>745200001</misses>
				<total>0</total>
				<timestamp>4801.804008</timestamp>
			</report>
			<report>
				<misses>745300001</misses>
				<total>0</total>
				<timestamp>4802.449143</timestamp>
			</report>
			<report>
				<misses>745400001</misses>
				<total>0</total>
				<timestamp>4803.093806</timestamp>
			</report>
			<report>
				<misses>745500001</misses>
				<total>0</total>
				<timestamp>4803.738975</timestamp>
			</report>
			<report>
				<misses>745600001</misses>
				<total>0</total>
				<timestamp>4804.385806</timestamp>
			</report>
			<report>
				<misses>745700001</misses>
				<total>0</total>
				<timestamp>4805.032915</timestamp>
			</report>
			<report>
				<misses>745800001</misses>
				<total>0</total>
				<timestamp>4805.679275</timestamp>
			</report>
			<report>
				<misses>745900001</misses>
				<total>0</total>
				<timestamp>4806.326440</timestamp>
			</report>
			<report>
				<misses>746000001</misses>
				<total>0</total>
				<timestamp>4806.973835</timestamp>
			</report>
			<report>
				<misses>746100001</misses>
				<total>0</total>
				<timestamp>4807.619598</timestamp>
			</report>
			<report>
				<misses>746200001</misses>
				<total>0</total>
				<timestamp>4808.266872</timestamp>
			</report>
			<report>
				<misses>746300001</misses>
				<total>0</total>
				<timestamp>4808.914023</timestamp>
			</report>
			<report>
				<misses>746400001</misses>
				<total>0</total>
				<timestamp>4809.561587</timestamp>
			</report>
			<report>
				<misses>746500001</misses>
				<total>0</total>
				<timestamp>4810.209621</timestamp>
			</report>
			<report>
				<misses>746600001</misses>
				<total>0</total>
				<timestamp>4810.859466</timestamp>
			</report>
			<report>
				<misses>746700001</misses>
				<total>0</total>
				<timestamp>4811.507358</timestamp>
			</report>
			<report>
				<misses>746800001</misses>
				<total>0</total>
				<timestamp>4812.155410</timestamp>
			</report>
			<report>
				<misses>746900001</misses>
				<total>0</total>
				<timestamp>4812.804718</timestamp>
			</report>
			<report>
				<misses>747000001</misses>
				<total>0</total>
				<timestamp>4813.452863</timestamp>
			</report>
			<report>
				<misses>747100001</misses>
				<total>0</total>
				<timestamp>4814.101533</timestamp>
			</report>
			<report>
				<misses>747200001</misses>
				<total>0</total>
				<timestamp>4814.749301</timestamp>
			</report>
			<report>
				<misses>747300001</misses>
				<total>0</total>
				<timestamp>4815.397175</timestamp>
			</report>
			<report>
				<misses>747400001</misses>
				<total>0</total>
				<timestamp>4816.044377</timestamp>
			</report>
			<report>
				<misses>747500001</misses>
				<total>0</total>
				<timestamp>4816.685962</timestamp>
			</report>
			<report>
				<misses>747600001</misses>
				<total>0</total>
				<timestamp>4817.328212</timestamp>
			</report>
			<report>
				<misses>747700001</misses>
				<total>0</total>
				<timestamp>4817.969426</timestamp>
			</report>
			<report>
				<misses>747800001</misses>
				<total>0</total>
				<timestamp>4818.610994</timestamp>
			</report>
			<report>
				<misses>747900001</misses>
				<total>0</total>
				<timestamp>4819.252547</timestamp>
			</report>
			<report>
				<misses>748000001</misses>
				<total>0</total>
				<timestamp>4819.892600</timestamp>
			</report>
			<report>
				<misses>748100001</misses>
				<total>0</total>
				<timestamp>4820.533859</timestamp>
			</report>
			<report>
				<misses>748200001</misses>
				<total>0</total>
				<timestamp>4821.174654</timestamp>
			</report>
			<report>
				<misses>748300001</misses>
				<total>0</total>
				<timestamp>4821.815450</timestamp>
			</report>
			<report>
				<misses>748400001</misses>
				<total>0</total>
				<timestamp>4822.457391</timestamp>
			</report>
			<report>
				<misses>748500001</misses>
				<total>0</total>
				<timestamp>4823.096976</timestamp>
			</report>
			<report>
				<misses>748600001</misses>
				<total>0</total>
				<timestamp>4823.735852</timestamp>
			</report>
			<report>
				<misses>748700001</misses>
				<total>0</total>
				<timestamp>4824.376829</timestamp>
			</report>
			<report>
				<misses>748800001</misses>
				<total>0</total>
				<timestamp>4825.016930</timestamp>
			</report>
			<report>
				<misses>748900001</misses>
				<total>0</total>
				<timestamp>4825.657831</timestamp>
			</report>
			<report>
				<misses>749000001</misses>
				<total>0</total>
				<timestamp>4826.299565</timestamp>
			</report>
			<report>
				<misses>749100001</misses>
				<total>0</total>
				<timestamp>4826.940587</timestamp>
			</report>
			<report>
				<misses>749200001</misses>
				<total>0</total>
				<timestamp>4827.581377</timestamp>
			</report>
			<report>
				<misses>749300001</misses>
				<total>0</total>
				<timestamp>4828.222084</timestamp>
			</report>
			<report>
				<misses>749400001</misses>
				<total>0</total>
				<timestamp>4828.863333</timestamp>
			</report>
			<report>
				<misses>749500001</misses>
				<total>0</total>
				<timestamp>4829.503434</timestamp>
			</report>
			<report>
				<misses>749600001</misses>
				<total>0</total>
				<timestamp>4830.144086</timestamp>
			</report>
			<report>
				<misses>749700001</misses>
				<total>0</total>
				<timestamp>4830.785734</timestamp>
			</report>
			<report>
				<misses>749800001</misses>
				<total>0</total>
				<timestamp>4831.426712</timestamp>
			</report>
			<report>
				<misses>749900001</misses>
				<total>0</total>
				<timestamp>4832.067151</timestamp>
			</report>
			<report>
				<misses>750000001</misses>
				<total>0</total>
				<timestamp>4832.708210</timestamp>
			</report>
			<report>
				<misses>750100001</misses>
				<total>0</total>
				<timestamp>4833.348936</timestamp>
			</report>
			<report>
				<misses>750200001</misses>
				<total>0</total>
				<timestamp>4833.993248</timestamp>
			</report>
			<report>
				<misses>750300001</misses>
				<total>0</total>
				<timestamp>4834.634778</timestamp>
			</report>
			<report>
				<misses>750400001</misses>
				<total>0</total>
				<timestamp>4835.275638</timestamp>
			</report>
			<report>
				<misses>750500001</misses>
				<total>0</total>
				<timestamp>4835.917571</timestamp>
			</report>
			<report>
				<misses>750600001</misses>
				<total>0</total>
				<timestamp>4836.559402</timestamp>
			</report>
			<report>
				<misses>750700001</misses>
				<total>0</total>
				<timestamp>4837.199218</timestamp>
			</report>
			<report>
				<misses>750800001</misses>
				<total>0</total>
				<timestamp>4837.840440</timestamp>
			</report>
			<report>
				<misses>750900001</misses>
				<total>0</total>
				<timestamp>4838.481882</timestamp>
			</report>
			<report>
				<misses>751000001</misses>
				<total>0</total>
				<timestamp>4839.121550</timestamp>
			</report>
			<report>
				<misses>751100001</misses>
				<total>0</total>
				<timestamp>4839.759955</timestamp>
			</report>
			<report>
				<misses>751200001</misses>
				<total>0</total>
				<timestamp>4840.400753</timestamp>
			</report>
			<report>
				<misses>751300001</misses>
				<total>0</total>
				<timestamp>4841.042564</timestamp>
			</report>
			<report>
				<misses>751400001</misses>
				<total>0</total>
				<timestamp>4841.684431</timestamp>
			</report>
			<report>
				<misses>751500001</misses>
				<total>0</total>
				<timestamp>4842.324196</timestamp>
			</report>
			<report>
				<misses>751600001</misses>
				<total>0</total>
				<timestamp>4842.964655</timestamp>
			</report>
			<report>
				<misses>751700001</misses>
				<total>0</total>
				<timestamp>4843.605676</timestamp>
			</report>
			<report>
				<misses>751800001</misses>
				<total>0</total>
				<timestamp>4844.245012</timestamp>
			</report>
			<report>
				<misses>751900001</misses>
				<total>0</total>
				<timestamp>4844.887220</timestamp>
			</report>
			<report>
				<misses>752000001</misses>
				<total>0</total>
				<timestamp>4845.529137</timestamp>
			</report>
			<report>
				<misses>752100001</misses>
				<total>0</total>
				<timestamp>4846.171208</timestamp>
			</report>
			<report>
				<misses>752200001</misses>
				<total>0</total>
				<timestamp>4846.812639</timestamp>
			</report>
			<report>
				<misses>752300001</misses>
				<total>0</total>
				<timestamp>4847.454796</timestamp>
			</report>
			<report>
				<misses>752400001</misses>
				<total>0</total>
				<timestamp>4848.095608</timestamp>
			</report>
			<report>
				<misses>752500001</misses>
				<total>0</total>
				<timestamp>4848.737102</timestamp>
			</report>
			<report>
				<misses>752600001</misses>
				<total>0</total>
				<timestamp>4849.379424</timestamp>
			</report>
			<report>
				<misses>752700001</misses>
				<total>0</total>
				<timestamp>4850.021260</timestamp>
			</report>
			<report>
				<misses>752800001</misses>
				<total>0</total>
				<timestamp>4850.662269</timestamp>
			</report>
			<report>
				<misses>752900001</misses>
				<total>0</total>
				<timestamp>4851.303014</timestamp>
			</report>
			<report>
				<misses>753000001</misses>
				<total>0</total>
				<timestamp>4851.943496</timestamp>
			</report>
			<report>
				<misses>753100001</misses>
				<total>0</total>
				<timestamp>4852.584894</timestamp>
			</report>
			<report>
				<misses>753200001</misses>
				<total>0</total>
				<timestamp>4853.225496</timestamp>
			</report>
			<report>
				<misses>753300001</misses>
				<total>0</total>
				<timestamp>4853.865149</timestamp>
			</report>
			<report>
				<misses>753400001</misses>
				<total>0</total>
				<timestamp>4854.504998</timestamp>
			</report>
			<report>
				<misses>753500001</misses>
				<total>0</total>
				<timestamp>4855.145831</timestamp>
			</report>
			<report>
				<misses>753600001</misses>
				<total>0</total>
				<timestamp>4855.787260</timestamp>
			</report>
			<report>
				<misses>753700001</misses>
				<total>0</total>
				<timestamp>4856.429196</timestamp>
			</report>
			<report>
				<misses>753800001</misses>
				<total>0</total>
				<timestamp>4857.071768</timestamp>
			</report>
			<report>
				<misses>753900001</misses>
				<total>0</total>
				<timestamp>4857.712166</timestamp>
			</report>
			<report>
				<misses>754000001</misses>
				<total>0</total>
				<timestamp>4858.353450</timestamp>
			</report>
			<report>
				<misses>754100001</misses>
				<total>0</total>
				<timestamp>4858.995713</timestamp>
			</report>
			<report>
				<misses>754200001</misses>
				<total>0</total>
				<timestamp>4859.638396</timestamp>
			</report>
			<report>
				<misses>754300001</misses>
				<total>0</total>
				<timestamp>4860.278875</timestamp>
			</report>
			<report>
				<misses>754400001</misses>
				<total>0</total>
				<timestamp>4860.916800</timestamp>
			</report>
			<report>
				<misses>754500001</misses>
				<total>0</total>
				<timestamp>4861.554788</timestamp>
			</report>
			<report>
				<misses>754600001</misses>
				<total>0</total>
				<timestamp>4862.193242</timestamp>
			</report>
			<report>
				<misses>754700001</misses>
				<total>0</total>
				<timestamp>4862.832174</timestamp>
			</report>
			<report>
				<misses>754800001</misses>
				<total>0</total>
				<timestamp>4863.470610</timestamp>
			</report>
			<report>
				<misses>754900001</misses>
				<total>0</total>
				<timestamp>4864.111296</timestamp>
			</report>
			<report>
				<misses>755000001</misses>
				<total>0</total>
				<timestamp>4864.752195</timestamp>
			</report>
			<report>
				<misses>755100001</misses>
				<total>0</total>
				<timestamp>4865.392945</timestamp>
			</report>
			<report>
				<misses>755200001</misses>
				<total>0</total>
				<timestamp>4866.032090</timestamp>
			</report>
			<report>
				<misses>755300001</misses>
				<total>0</total>
				<timestamp>4866.671394</timestamp>
			</report>
			<report>
				<misses>755400001</misses>
				<total>0</total>
				<timestamp>4867.310786</timestamp>
			</report>
			<report>
				<misses>755500001</misses>
				<total>0</total>
				<timestamp>4867.951450</timestamp>
			</report>
			<report>
				<misses>755600001</misses>
				<total>0</total>
				<timestamp>4868.591954</timestamp>
			</report>
			<report>
				<misses>755700001</misses>
				<total>0</total>
				<timestamp>4869.232534</timestamp>
			</report>
			<report>
				<misses>755800001</misses>
				<total>0</total>
				<timestamp>4869.869348</timestamp>
			</report>
			<report>
				<misses>755900001</misses>
				<total>0</total>
				<timestamp>4870.504619</timestamp>
			</report>
			<report>
				<misses>756000001</misses>
				<total>0</total>
				<timestamp>4871.139550</timestamp>
			</report>
			<report>
				<misses>756100001</misses>
				<total>0</total>
				<timestamp>4871.776036</timestamp>
			</report>
			<report>
				<misses>756200001</misses>
				<total>0</total>
				<timestamp>4872.410847</timestamp>
			</report>
			<report>
				<misses>756300001</misses>
				<total>0</total>
				<timestamp>4873.046551</timestamp>
			</report>
			<report>
				<misses>756400001</misses>
				<total>0</total>
				<timestamp>4873.682922</timestamp>
			</report>
			<report>
				<misses>756500001</misses>
				<total>0</total>
				<timestamp>4874.320918</timestamp>
			</report>
			<report>
				<misses>756600001</misses>
				<total>0</total>
				<timestamp>4874.959779</timestamp>
			</report>
			<report>
				<misses>756700001</misses>
				<total>0</total>
				<timestamp>4875.597886</timestamp>
			</report>
			<report>
				<misses>756800001</misses>
				<total>0</total>
				<timestamp>4876.236081</timestamp>
			</report>
			<report>
				<misses>756900001</misses>
				<total>0</total>
				<timestamp>4876.874199</timestamp>
			</report>
			<report>
				<misses>757000001</misses>
				<total>0</total>
				<timestamp>4877.511821</timestamp>
			</report>
			<report>
				<misses>757100001</misses>
				<total>0</total>
				<timestamp>4878.149561</timestamp>
			</report>
			<report>
				<misses>757200001</misses>
				<total>0</total>
				<timestamp>4878.787255</timestamp>
			</report>
			<report>
				<misses>757300001</misses>
				<total>0</total>
				<timestamp>4879.425224</timestamp>
			</report>
			<report>
				<misses>757400001</misses>
				<total>0</total>
				<timestamp>4880.063078</timestamp>
			</report>
			<report>
				<misses>757500001</misses>
				<total>0</total>
				<timestamp>4880.701402</timestamp>
			</report>
			<report>
				<misses>757600001</misses>
				<total>0</total>
				<timestamp>4881.339178</timestamp>
			</report>
			<report>
				<misses>757700001</misses>
				<total>0</total>
				<timestamp>4881.977126</timestamp>
			</report>
			<report>
				<misses>757800001</misses>
				<total>0</total>
				<timestamp>4882.613920</timestamp>
			</report>
			<report>
				<misses>757900001</misses>
				<total>0</total>
				<timestamp>4883.251003</timestamp>
			</report>
			<report>
				<misses>758000001</misses>
				<total>0</total>
				<timestamp>4883.888456</timestamp>
			</report>
			<report>
				<misses>758100001</misses>
				<total>0</total>
				<timestamp>4884.526499</timestamp>
			</report>
			<report>
				<misses>758200001</misses>
				<total>0</total>
				<timestamp>4885.164701</timestamp>
			</report>
			<report>
				<misses>758300001</misses>
				<total>0</total>
				<timestamp>4885.802162</timestamp>
			</report>
			<report>
				<misses>758400001</misses>
				<total>0</total>
				<timestamp>4886.438928</timestamp>
			</report>
			<report>
				<misses>758500001</misses>
				<total>0</total>
				<timestamp>4887.076980</timestamp>
			</report>
			<report>
				<misses>758600001</misses>
				<total>0</total>
				<timestamp>4887.714853</timestamp>
			</report>
			<report>
				<misses>758700001</misses>
				<total>0</total>
				<timestamp>4888.352621</timestamp>
			</report>
			<report>
				<misses>758800001</misses>
				<total>0</total>
				<timestamp>4888.989718</timestamp>
			</report>
			<report>
				<misses>758900001</misses>
				<total>0</total>
				<timestamp>4889.627613</timestamp>
			</report>
			<report>
				<misses>759000001</misses>
				<total>0</total>
				<timestamp>4890.266127</timestamp>
			</report>
			<report>
				<misses>759100001</misses>
				<total>0</total>
				<timestamp>4890.904678</timestamp>
			</report>
			<report>
				<misses>759200001</misses>
				<total>0</total>
				<timestamp>4891.542798</timestamp>
			</report>
			<report>
				<misses>759300001</misses>
				<total>0</total>
				<timestamp>4892.180316</timestamp>
			</report>
			<report>
				<misses>759400001</misses>
				<total>0</total>
				<timestamp>4892.817661</timestamp>
			</report>
			<report>
				<misses>759500001</misses>
				<total>0</total>
				<timestamp>4893.454065</timestamp>
			</report>
			<report>
				<misses>759600001</misses>
				<total>0</total>
				<timestamp>4894.095473</timestamp>
			</report>
			<report>
				<misses>759700001</misses>
				<total>0</total>
				<timestamp>4894.746522</timestamp>
			</report>
			<report>
				<misses>759800001</misses>
				<total>0</total>
				<timestamp>4895.396725</timestamp>
			</report>
			<report>
				<misses>759900001</misses>
				<total>0</total>
				<timestamp>4896.048819</timestamp>
			</report>
			<report>
				<misses>760000001</misses>
				<total>0</total>
				<timestamp>4896.701531</timestamp>
			</report>
			<report>
				<misses>760100001</misses>
				<total>0</total>
				<timestamp>4897.354175</timestamp>
			</report>
			<report>
				<misses>760200001</misses>
				<total>0</total>
				<timestamp>4898.006508</timestamp>
			</report>
			<report>
				<misses>760300001</misses>
				<total>0</total>
				<timestamp>4898.659740</timestamp>
			</report>
			<report>
				<misses>760400001</misses>
				<total>0</total>
				<timestamp>4899.312418</timestamp>
			</report>
			<report>
				<misses>760500001</misses>
				<total>0</total>
				<timestamp>4899.965489</timestamp>
			</report>
			<report>
				<misses>760600001</misses>
				<total>0</total>
				<timestamp>4900.612760</timestamp>
			</report>
			<report>
				<misses>760700001</misses>
				<total>0</total>
				<timestamp>4901.258564</timestamp>
			</report>
			<report>
				<misses>760800001</misses>
				<total>0</total>
				<timestamp>4901.904248</timestamp>
			</report>
			<report>
				<misses>760900001</misses>
				<total>0</total>
				<timestamp>4902.555093</timestamp>
			</report>
			<report>
				<misses>761000001</misses>
				<total>0</total>
				<timestamp>4903.208326</timestamp>
			</report>
			<report>
				<misses>761100001</misses>
				<total>0</total>
				<timestamp>4903.861370</timestamp>
			</report>
			<report>
				<misses>761200001</misses>
				<total>0</total>
				<timestamp>4904.511425</timestamp>
			</report>
			<report>
				<misses>761300001</misses>
				<total>0</total>
				<timestamp>4905.159473</timestamp>
			</report>
			<report>
				<misses>761400001</misses>
				<total>0</total>
				<timestamp>4905.807357</timestamp>
			</report>
			<report>
				<misses>761500001</misses>
				<total>0</total>
				<timestamp>4906.455478</timestamp>
			</report>
			<report>
				<misses>761600001</misses>
				<total>0</total>
				<timestamp>4907.103788</timestamp>
			</report>
			<report>
				<misses>761700001</misses>
				<total>0</total>
				<timestamp>4907.752479</timestamp>
			</report>
			<report>
				<misses>761800001</misses>
				<total>0</total>
				<timestamp>4908.400830</timestamp>
			</report>
			<report>
				<misses>761900001</misses>
				<total>0</total>
				<timestamp>4909.048159</timestamp>
			</report>
			<report>
				<misses>762000001</misses>
				<total>0</total>
				<timestamp>4909.696276</timestamp>
			</report>
			<report>
				<misses>762100001</misses>
				<total>0</total>
				<timestamp>4910.344194</timestamp>
			</report>
			<report>
				<misses>762200001</misses>
				<total>0</total>
				<timestamp>4910.991922</timestamp>
			</report>
			<report>
				<misses>762300001</misses>
				<total>0</total>
				<timestamp>4911.640004</timestamp>
			</report>
			<report>
				<misses>762400001</misses>
				<total>0</total>
				<timestamp>4912.288971</timestamp>
			</report>
			<report>
				<misses>762500001</misses>
				<total>0</total>
				<timestamp>4912.937361</timestamp>
			</report>
			<report>
				<misses>762600001</misses>
				<total>0</total>
				<timestamp>4913.585453</timestamp>
			</report>
			<report>
				<misses>762700001</misses>
				<total>0</total>
				<timestamp>4914.233497</timestamp>
			</report>
			<report>
				<misses>762800001</misses>
				<total>0</total>
				<timestamp>4914.881247</timestamp>
			</report>
			<report>
				<misses>762900001</misses>
				<total>0</total>
				<timestamp>4915.528766</timestamp>
			</report>
			<report>
				<misses>763000001</misses>
				<total>0</total>
				<timestamp>4916.176440</timestamp>
			</report>
			<report>
				<misses>763100001</misses>
				<total>0</total>
				<timestamp>4916.824191</timestamp>
			</report>
			<report>
				<misses>763200001</misses>
				<total>0</total>
				<timestamp>4917.471875</timestamp>
			</report>
			<report>
				<misses>763300001</misses>
				<total>0</total>
				<timestamp>4918.119827</timestamp>
			</report>
			<report>
				<misses>763400001</misses>
				<total>0</total>
				<timestamp>4918.768460</timestamp>
			</report>
			<report>
				<misses>763500001</misses>
				<total>0</total>
				<timestamp>4919.415631</timestamp>
			</report>
			<report>
				<misses>763600001</misses>
				<total>0</total>
				<timestamp>4920.063898</timestamp>
			</report>
			<report>
				<misses>763700001</misses>
				<total>0</total>
				<timestamp>4920.711908</timestamp>
			</report>
			<report>
				<misses>763800001</misses>
				<total>0</total>
				<timestamp>4921.358985</timestamp>
			</report>
			<report>
				<misses>763900001</misses>
				<total>0</total>
				<timestamp>4922.006012</timestamp>
			</report>
			<report>
				<misses>764000001</misses>
				<total>0</total>
				<timestamp>4922.653460</timestamp>
			</report>
			<report>
				<misses>764100001</misses>
				<total>0</total>
				<timestamp>4923.300508</timestamp>
			</report>
			<report>
				<misses>764200001</misses>
				<total>0</total>
				<timestamp>4923.947528</timestamp>
			</report>
			<report>
				<misses>764300001</misses>
				<total>0</total>
				<timestamp>4924.594757</timestamp>
			</report>
			<report>
				<misses>764400001</misses>
				<total>0</total>
				<timestamp>4925.241969</timestamp>
			</report>
			<report>
				<misses>764500001</misses>
				<total>0</total>
				<timestamp>4925.889452</timestamp>
			</report>
			<report>
				<misses>764600001</misses>
				<total>0</total>
				<timestamp>4926.536156</timestamp>
			</report>
			<report>
				<misses>764700001</misses>
				<total>0</total>
				<timestamp>4927.183407</timestamp>
			</report>
			<report>
				<misses>764800001</misses>
				<total>0</total>
				<timestamp>4927.830060</timestamp>
			</report>
			<report>
				<misses>764900001</misses>
				<total>0</total>
				<timestamp>4928.477262</timestamp>
			</report>
			<report>
				<misses>765000001</misses>
				<total>0</total>
				<timestamp>4929.124915</timestamp>
			</report>
			<report>
				<misses>765100001</misses>
				<total>0</total>
				<timestamp>4929.771889</timestamp>
			</report>
			<report>
				<misses>765200001</misses>
				<total>0</total>
				<timestamp>4930.418650</timestamp>
			</report>
			<report>
				<misses>765300001</misses>
				<total>0</total>
				<timestamp>4931.065451</timestamp>
			</report>
			<report>
				<misses>765400001</misses>
				<total>0</total>
				<timestamp>4931.713478</timestamp>
			</report>
			<report>
				<misses>765500001</misses>
				<total>0</total>
				<timestamp>4932.361938</timestamp>
			</report>
			<report>
				<misses>765600001</misses>
				<total>0</total>
				<timestamp>4933.010501</timestamp>
			</report>
			<report>
				<misses>765700001</misses>
				<total>0</total>
				<timestamp>4933.658385</timestamp>
			</report>
			<report>
				<misses>765800001</misses>
				<total>0</total>
				<timestamp>4934.306453</timestamp>
			</report>
			<report>
				<misses>765900001</misses>
				<total>0</total>
				<timestamp>4934.953727</timestamp>
			</report>
			<report>
				<misses>766000001</misses>
				<total>0</total>
				<timestamp>4935.601447</timestamp>
			</report>
			<report>
				<misses>766100001</misses>
				<total>0</total>
				<timestamp>4936.249324</timestamp>
			</report>
			<report>
				<misses>766200001</misses>
				<total>0</total>
				<timestamp>4936.896229</timestamp>
			</report>
			<report>
				<misses>766300001</misses>
				<total>0</total>
				<timestamp>4937.539873</timestamp>
			</report>
			<report>
				<misses>766400001</misses>
				<total>0</total>
				<timestamp>4938.183343</timestamp>
			</report>
			<report>
				<misses>766500001</misses>
				<total>0</total>
				<timestamp>4938.826354</timestamp>
			</report>
			<report>
				<misses>766600001</misses>
				<total>0</total>
				<timestamp>4939.468941</timestamp>
			</report>
			<report>
				<misses>766700001</misses>
				<total>0</total>
				<timestamp>4940.111864</timestamp>
			</report>
			<report>
				<misses>766800001</misses>
				<total>0</total>
				<timestamp>4940.757463</timestamp>
			</report>
			<report>
				<misses>766900001</misses>
				<total>0</total>
				<timestamp>4941.398996</timestamp>
			</report>
			<report>
				<misses>767000001</misses>
				<total>0</total>
				<timestamp>4942.037672</timestamp>
			</report>
			<report>
				<misses>767100001</misses>
				<total>0</total>
				<timestamp>4942.676259</timestamp>
			</report>
			<report>
				<misses>767200001</misses>
				<total>0</total>
				<timestamp>4943.315942</timestamp>
			</report>
			<report>
				<misses>767300001</misses>
				<total>0</total>
				<timestamp>4943.955669</timestamp>
			</report>
			<report>
				<misses>767400001</misses>
				<total>0</total>
				<timestamp>4944.594124</timestamp>
			</report>
			<report>
				<misses>767500001</misses>
				<total>0</total>
				<timestamp>4945.233203</timestamp>
			</report>
			<report>
				<misses>767600001</misses>
				<total>0</total>
				<timestamp>4945.873223</timestamp>
			</report>
			<report>
				<misses>767700001</misses>
				<total>0</total>
				<timestamp>4946.512447</timestamp>
			</report>
			<report>
				<misses>767800001</misses>
				<total>0</total>
				<timestamp>4947.151589</timestamp>
			</report>
			<report>
				<misses>767900001</misses>
				<total>0</total>
				<timestamp>4947.791709</timestamp>
			</report>
			<report>
				<misses>768000001</misses>
				<total>0</total>
				<timestamp>4948.431965</timestamp>
			</report>
			<report>
				<misses>768100001</misses>
				<total>0</total>
				<timestamp>4949.072459</timestamp>
			</report>
			<report>
				<misses>768200001</misses>
				<total>0</total>
				<timestamp>4949.712592</timestamp>
			</report>
			<report>
				<misses>768300001</misses>
				<total>0</total>
				<timestamp>4950.351762</timestamp>
			</report>
			<report>
				<misses>768400001</misses>
				<total>0</total>
				<timestamp>4950.990011</timestamp>
			</report>
			<report>
				<misses>768500001</misses>
				<total>0</total>
				<timestamp>4951.628425</timestamp>
			</report>
			<report>
				<misses>768600001</misses>
				<total>0</total>
				<timestamp>4952.266516</timestamp>
			</report>
			<report>
				<misses>768700001</misses>
				<total>0</total>
				<timestamp>4952.905088</timestamp>
			</report>
			<report>
				<misses>768800001</misses>
				<total>0</total>
				<timestamp>4953.542704</timestamp>
			</report>
			<report>
				<misses>768900001</misses>
				<total>0</total>
				<timestamp>4954.186923</timestamp>
			</report>
			<report>
				<misses>769000001</misses>
				<total>0</total>
				<timestamp>4954.825502</timestamp>
			</report>
			<report>
				<misses>769100001</misses>
				<total>0</total>
				<timestamp>4955.464317</timestamp>
			</report>
			<report>
				<misses>769200001</misses>
				<total>0</total>
				<timestamp>4956.103711</timestamp>
			</report>
			<report>
				<misses>769300001</misses>
				<total>0</total>
				<timestamp>4956.742582</timestamp>
			</report>
			<report>
				<misses>769400001</misses>
				<total>0</total>
				<timestamp>4957.381221</timestamp>
			</report>
			<report>
				<misses>769500001</misses>
				<total>0</total>
				<timestamp>4958.019433</timestamp>
			</report>
			<report>
				<misses>769600001</misses>
				<total>0</total>
				<timestamp>4958.656795</timestamp>
			</report>
			<report>
				<misses>769700001</misses>
				<total>0</total>
				<timestamp>4959.294464</timestamp>
			</report>
			<report>
				<misses>769800001</misses>
				<total>0</total>
				<timestamp>4959.932351</timestamp>
			</report>
			<report>
				<misses>769900001</misses>
				<total>0</total>
				<timestamp>4960.569565</timestamp>
			</report>
			<report>
				<misses>770000001</misses>
				<total>0</total>
				<timestamp>4961.206810</timestamp>
			</report>
			<report>
				<misses>770100001</misses>
				<total>0</total>
				<timestamp>4961.849492</timestamp>
			</report>
			<report>
				<misses>770200001</misses>
				<total>0</total>
				<timestamp>4962.495206</timestamp>
			</report>
			<report>
				<misses>770300001</misses>
				<total>0</total>
				<timestamp>4963.143139</timestamp>
			</report>
			<report>
				<misses>770400001</misses>
				<total>0</total>
				<timestamp>4963.791211</timestamp>
			</report>
			<report>
				<misses>770500001</misses>
				<total>0</total>
				<timestamp>4964.438416</timestamp>
			</report>
			<report>
				<misses>770600001</misses>
				<total>0</total>
				<timestamp>4965.086558</timestamp>
			</report>
			<report>
				<misses>770700001</misses>
				<total>0</total>
				<timestamp>4965.734501</timestamp>
			</report>
			<report>
				<misses>770800001</misses>
				<total>0</total>
				<timestamp>4966.381671</timestamp>
			</report>
			<report>
				<misses>770900001</misses>
				<total>0</total>
				<timestamp>4967.028906</timestamp>
			</report>
			<report>
				<misses>771000001</misses>
				<total>0</total>
				<timestamp>4967.676271</timestamp>
			</report>
			<report>
				<misses>771100001</misses>
				<total>0</total>
				<timestamp>4968.324158</timestamp>
			</report>
			<report>
				<misses>771200001</misses>
				<total>0</total>
				<timestamp>4968.970275</timestamp>
			</report>
			<report>
				<misses>771300001</misses>
				<total>0</total>
				<timestamp>4969.617598</timestamp>
			</report>
			<report>
				<misses>771400001</misses>
				<total>0</total>
				<timestamp>4970.264562</timestamp>
			</report>
			<report>
				<misses>771500001</misses>
				<total>0</total>
				<timestamp>4970.911820</timestamp>
			</report>
			<report>
				<misses>771600001</misses>
				<total>0</total>
				<timestamp>4971.558651</timestamp>
			</report>
			<report>
				<misses>771700001</misses>
				<total>0</total>
				<timestamp>4972.206277</timestamp>
			</report>
			<report>
				<misses>771800001</misses>
				<total>0</total>
				<timestamp>4972.853484</timestamp>
			</report>
			<report>
				<misses>771900001</misses>
				<total>0</total>
				<timestamp>4973.499858</timestamp>
			</report>
			<report>
				<misses>772000001</misses>
				<total>0</total>
				<timestamp>4974.147052</timestamp>
			</report>
			<report>
				<misses>772100001</misses>
				<total>0</total>
				<timestamp>4974.793342</timestamp>
			</report>
			<report>
				<misses>772200001</misses>
				<total>0</total>
				<timestamp>4975.441343</timestamp>
			</report>
			<report>
				<misses>772300001</misses>
				<total>0</total>
				<timestamp>4976.089234</timestamp>
			</report>
			<report>
				<misses>772400001</misses>
				<total>0</total>
				<timestamp>4976.736351</timestamp>
			</report>
			<report>
				<misses>772500001</misses>
				<total>0</total>
				<timestamp>4977.382925</timestamp>
			</report>
			<report>
				<misses>772600001</misses>
				<total>0</total>
				<timestamp>4978.029524</timestamp>
			</report>
			<report>
				<misses>772700001</misses>
				<total>0</total>
				<timestamp>4978.676590</timestamp>
			</report>
			<report>
				<misses>772800001</misses>
				<total>0</total>
				<timestamp>4979.322638</timestamp>
			</report>
			<report>
				<misses>772900001</misses>
				<total>0</total>
				<timestamp>4979.970618</timestamp>
			</report>
			<report>
				<misses>773000001</misses>
				<total>0</total>
				<timestamp>4980.617891</timestamp>
			</report>
			<report>
				<misses>773100001</misses>
				<total>0</total>
				<timestamp>4981.265234</timestamp>
			</report>
			<report>
				<misses>773200001</misses>
				<total>0</total>
				<timestamp>4981.910970</timestamp>
			</report>
			<report>
				<misses>773300001</misses>
				<total>0</total>
				<timestamp>4982.557724</timestamp>
			</report>
			<report>
				<misses>773400001</misses>
				<total>0</total>
				<timestamp>4983.204144</timestamp>
			</report>
			<report>
				<misses>773500001</misses>
				<total>0</total>
				<timestamp>4983.850535</timestamp>
			</report>
			<report>
				<misses>773600001</misses>
				<total>0</total>
				<timestamp>4984.498181</timestamp>
			</report>
			<report>
				<misses>773700001</misses>
				<total>0</total>
				<timestamp>4985.145675</timestamp>
			</report>
			<report>
				<misses>773800001</misses>
				<total>0</total>
				<timestamp>4985.791867</timestamp>
			</report>
			<report>
				<misses>773900001</misses>
				<total>0</total>
				<timestamp>4986.439157</timestamp>
			</report>
			<report>
				<misses>774000001</misses>
				<total>0</total>
				<timestamp>4987.085586</timestamp>
			</report>
			<report>
				<misses>774100001</misses>
				<total>0</total>
				<timestamp>4987.732311</timestamp>
			</report>
			<report>
				<misses>774200001</misses>
				<total>0</total>
				<timestamp>4988.379123</timestamp>
			</report>
			<report>
				<misses>774300001</misses>
				<total>0</total>
				<timestamp>4989.025840</timestamp>
			</report>
			<report>
				<misses>774400001</misses>
				<total>0</total>
				<timestamp>4989.671945</timestamp>
			</report>
			<report>
				<misses>774500001</misses>
				<total>0</total>
				<timestamp>4990.319505</timestamp>
			</report>
			<report>
				<misses>774600001</misses>
				<total>0</total>
				<timestamp>4990.967140</timestamp>
			</report>
			<report>
				<misses>774700001</misses>
				<total>0</total>
				<timestamp>4991.613113</timestamp>
			</report>
			<report>
				<misses>774800001</misses>
				<total>0</total>
				<timestamp>4992.260660</timestamp>
			</report>
			<report>
				<misses>774900001</misses>
				<total>0</total>
				<timestamp>4992.907540</timestamp>
			</report>
			<report>
				<misses>775000001</misses>
				<total>0</total>
				<timestamp>4993.554757</timestamp>
			</report>
			<report>
				<misses>775100001</misses>
				<total>0</total>
				<timestamp>4994.201321</timestamp>
			</report>
			<report>
				<misses>775200001</misses>
				<total>0</total>
				<timestamp>4994.847980</timestamp>
			</report>
			<report>
				<misses>775300001</misses>
				<total>0</total>
				<timestamp>4995.494369</timestamp>
			</report>
			<report>
				<misses>775400001</misses>
				<total>0</total>
				<timestamp>4996.140358</timestamp>
			</report>
			<report>
				<misses>775500001</misses>
				<total>0</total>
				<timestamp>4996.786646</timestamp>
			</report>
			<report>
				<misses>775600001</misses>
				<total>0</total>
				<timestamp>4997.431988</timestamp>
			</report>
			<report>
				<misses>775700001</misses>
				<total>0</total>
				<timestamp>4998.078185</timestamp>
			</report>
			<report>
				<misses>775800001</misses>
				<total>0</total>
				<timestamp>4998.724731</timestamp>
			</report>
			<report>
				<misses>775900001</misses>
				<total>0</total>
				<timestamp>4999.370669</timestamp>
			</report>
			<report>
				<misses>776000001</misses>
				<total>0</total>
				<timestamp>5000.017067</timestamp>
			</report>
			<report>
				<misses>776100001</misses>
				<total>0</total>
				<timestamp>5000.663577</timestamp>
			</report>
			<report>
				<misses>776200001</misses>
				<total>0</total>
				<timestamp>5001.309758</timestamp>
			</report>
			<report>
				<misses>776300001</misses>
				<total>0</total>
				<timestamp>5001.955979</timestamp>
			</report>
			<report>
				<misses>776400001</misses>
				<total>0</total>
				<timestamp>5002.602718</timestamp>
			</report>
			<report>
				<misses>776500001</misses>
				<total>0</total>
				<timestamp>5003.249963</timestamp>
			</report>
			<report>
				<misses>776600001</misses>
				<total>0</total>
				<timestamp>5003.895472</timestamp>
			</report>
			<report>
				<misses>776700001</misses>
				<total>0</total>
				<timestamp>5004.541607</timestamp>
			</report>
			<report>
				<misses>776800001</misses>
				<total>0</total>
				<timestamp>5005.188946</timestamp>
			</report>
			<report>
				<misses>776900001</misses>
				<total>0</total>
				<timestamp>5005.836567</timestamp>
			</report>
			<report>
				<misses>777000001</misses>
				<total>0</total>
				<timestamp>5006.483853</timestamp>
			</report>
			<report>
				<misses>777100001</misses>
				<total>0</total>
				<timestamp>5007.140492</timestamp>
			</report>
			<report>
				<misses>777200001</misses>
				<total>0</total>
				<timestamp>5007.793926</timestamp>
			</report>
			<report>
				<misses>777300001</misses>
				<total>0</total>
				<timestamp>5008.447032</timestamp>
			</report>
			<report>
				<misses>777400001</misses>
				<total>0</total>
				<timestamp>5009.099937</timestamp>
			</report>
			<report>
				<misses>777500001</misses>
				<total>0</total>
				<timestamp>5009.755353</timestamp>
			</report>
			<report>
				<misses>777600001</misses>
				<total>0</total>
				<timestamp>5010.407707</timestamp>
			</report>
			<report>
				<misses>777700001</misses>
				<total>0</total>
				<timestamp>5011.061030</timestamp>
			</report>
			<report>
				<misses>777800001</misses>
				<total>0</total>
				<timestamp>5011.715843</timestamp>
			</report>
			<report>
				<misses>777900001</misses>
				<total>0</total>
				<timestamp>5012.367622</timestamp>
			</report>
			<report>
				<misses>778000001</misses>
				<total>0</total>
				<timestamp>5013.020914</timestamp>
			</report>
			<report>
				<misses>778100001</misses>
				<total>0</total>
				<timestamp>5013.674044</timestamp>
			</report>
			<report>
				<misses>778200001</misses>
				<total>0</total>
				<timestamp>5014.327818</timestamp>
			</report>
			<report>
				<misses>778300001</misses>
				<total>0</total>
				<timestamp>5014.980624</timestamp>
			</report>
			<report>
				<misses>778400001</misses>
				<total>0</total>
				<timestamp>5015.633609</timestamp>
			</report>
			<report>
				<misses>778500001</misses>
				<total>0</total>
				<timestamp>5016.287215</timestamp>
			</report>
			<report>
				<misses>778600001</misses>
				<total>0</total>
				<timestamp>5016.940063</timestamp>
			</report>
			<report>
				<misses>778700001</misses>
				<total>0</total>
				<timestamp>5017.593739</timestamp>
			</report>
			<report>
				<misses>778800001</misses>
				<total>0</total>
				<timestamp>5018.246117</timestamp>
			</report>
			<report>
				<misses>778900001</misses>
				<total>0</total>
				<timestamp>5018.898511</timestamp>
			</report>
			<report>
				<misses>779000001</misses>
				<total>0</total>
				<timestamp>5019.549875</timestamp>
			</report>
			<report>
				<misses>779100001</misses>
				<total>0</total>
				<timestamp>5020.196905</timestamp>
			</report>
			<report>
				<misses>779200001</misses>
				<total>0</total>
				<timestamp>5020.835298</timestamp>
			</report>
			<report>
				<misses>779300001</misses>
				<total>0</total>
				<timestamp>5021.473762</timestamp>
			</report>
			<report>
				<misses>779400001</misses>
				<total>0</total>
				<timestamp>5022.111612</timestamp>
			</report>
			<report>
				<misses>779500001</misses>
				<total>0</total>
				<timestamp>5022.749616</timestamp>
			</report>
			<report>
				<misses>779600001</misses>
				<total>0</total>
				<timestamp>5023.388762</timestamp>
			</report>
			<report>
				<misses>779700001</misses>
				<total>0</total>
				<timestamp>5024.028123</timestamp>
			</report>
			<report>
				<misses>779800001</misses>
				<total>0</total>
				<timestamp>5024.666902</timestamp>
			</report>
			<report>
				<misses>779900001</misses>
				<total>0</total>
				<timestamp>5025.305955</timestamp>
			</report>
			<report>
				<misses>780000001</misses>
				<total>0</total>
				<timestamp>5025.944011</timestamp>
			</report>
			<report>
				<misses>780100001</misses>
				<total>0</total>
				<timestamp>5026.582944</timestamp>
			</report>
			<report>
				<misses>780200001</misses>
				<total>0</total>
				<timestamp>5027.221739</timestamp>
			</report>
			<report>
				<misses>780300001</misses>
				<total>0</total>
				<timestamp>5027.860310</timestamp>
			</report>
			<report>
				<misses>780400001</misses>
				<total>0</total>
				<timestamp>5028.498427</timestamp>
			</report>
			<report>
				<misses>780500001</misses>
				<total>0</total>
				<timestamp>5029.137326</timestamp>
			</report>
			<report>
				<misses>780600001</misses>
				<total>0</total>
				<timestamp>5029.775811</timestamp>
			</report>
			<report>
				<misses>780700001</misses>
				<total>0</total>
				<timestamp>5030.413800</timestamp>
			</report>
			<report>
				<misses>780800001</misses>
				<total>0</total>
				<timestamp>5031.051970</timestamp>
			</report>
			<report>
				<misses>780900001</misses>
				<total>0</total>
				<timestamp>5031.690108</timestamp>
			</report>
			<report>
				<misses>781000001</misses>
				<total>0</total>
				<timestamp>5032.328169</timestamp>
			</report>
			<report>
				<misses>781100001</misses>
				<total>0</total>
				<timestamp>5032.966329</timestamp>
			</report>
			<report>
				<misses>781200001</misses>
				<total>0</total>
				<timestamp>5033.605308</timestamp>
			</report>
			<report>
				<misses>781300001</misses>
				<total>0</total>
				<timestamp>5034.242856</timestamp>
			</report>
			<report>
				<misses>781400001</misses>
				<total>0</total>
				<timestamp>5034.880207</timestamp>
			</report>
			<report>
				<misses>781500001</misses>
				<total>0</total>
				<timestamp>5035.518601</timestamp>
			</report>
			<report>
				<misses>781600001</misses>
				<total>0</total>
				<timestamp>5036.157653</timestamp>
			</report>
			<report>
				<misses>781700001</misses>
				<total>0</total>
				<timestamp>5036.795962</timestamp>
			</report>
			<report>
				<misses>781800001</misses>
				<total>0</total>
				<timestamp>5037.435617</timestamp>
			</report>
			<report>
				<misses>781900001</misses>
				<total>0</total>
				<timestamp>5038.076246</timestamp>
			</report>
			<report>
				<misses>782000001</misses>
				<total>0</total>
				<timestamp>5038.716657</timestamp>
			</report>
			<report>
				<misses>782100001</misses>
				<total>0</total>
				<timestamp>5039.358033</timestamp>
			</report>
			<report>
				<misses>782200001</misses>
				<total>0</total>
				<timestamp>5039.996907</timestamp>
			</report>
			<report>
				<misses>782300001</misses>
				<total>0</total>
				<timestamp>5040.633382</timestamp>
			</report>
			<report>
				<misses>782400001</misses>
				<total>0</total>
				<timestamp>5041.269361</timestamp>
			</report>
			<report>
				<misses>782500001</misses>
				<total>0</total>
				<timestamp>5041.906151</timestamp>
			</report>
			<report>
				<misses>782600001</misses>
				<total>0</total>
				<timestamp>5042.542345</timestamp>
			</report>
			<report>
				<misses>782700001</misses>
				<total>0</total>
				<timestamp>5043.178635</timestamp>
			</report>
			<report>
				<misses>782800001</misses>
				<total>0</total>
				<timestamp>5043.815434</timestamp>
			</report>
			<report>
				<misses>782900001</misses>
				<total>0</total>
				<timestamp>5044.452609</timestamp>
			</report>
			<report>
				<misses>783000001</misses>
				<total>0</total>
				<timestamp>5045.089957</timestamp>
			</report>
			<report>
				<misses>783100001</misses>
				<total>0</total>
				<timestamp>5045.726331</timestamp>
			</report>
			<report>
				<misses>783200001</misses>
				<total>0</total>
				<timestamp>5046.363196</timestamp>
			</report>
			<report>
				<misses>783300001</misses>
				<total>0</total>
				<timestamp>5047.000119</timestamp>
			</report>
			<report>
				<misses>783400001</misses>
				<total>0</total>
				<timestamp>5047.637296</timestamp>
			</report>
			<report>
				<misses>783500001</misses>
				<total>0</total>
				<timestamp>5048.274161</timestamp>
			</report>
			<report>
				<misses>783600001</misses>
				<total>0</total>
				<timestamp>5048.911794</timestamp>
			</report>
			<report>
				<misses>783700001</misses>
				<total>0</total>
				<timestamp>5049.548352</timestamp>
			</report>
			<report>
				<misses>783800001</misses>
				<total>0</total>
				<timestamp>5050.185554</timestamp>
			</report>
			<report>
				<misses>783900001</misses>
				<total>0</total>
				<timestamp>5050.822785</timestamp>
			</report>
			<report>
				<misses>784000001</misses>
				<total>0</total>
				<timestamp>5051.459036</timestamp>
			</report>
			<report>
				<misses>784100001</misses>
				<total>0</total>
				<timestamp>5052.095749</timestamp>
			</report>
			<report>
				<misses>784200001</misses>
				<total>0</total>
				<timestamp>5052.734172</timestamp>
			</report>
			<report>
				<misses>784300001</misses>
				<total>0</total>
				<timestamp>5053.372475</timestamp>
			</report>
			<report>
				<misses>784400001</misses>
				<total>0</total>
				<timestamp>5054.011518</timestamp>
			</report>
			<report>
				<misses>784500001</misses>
				<total>0</total>
				<timestamp>5054.648816</timestamp>
			</report>
			<report>
				<misses>784600001</misses>
				<total>0</total>
				<timestamp>5055.286068</timestamp>
			</report>
			<report>
				<misses>784700001</misses>
				<total>0</total>
				<timestamp>5055.923694</timestamp>
			</report>
			<report>
				<misses>784800001</misses>
				<total>0</total>
				<timestamp>5056.560674</timestamp>
			</report>
			<report>
				<misses>784900001</misses>
				<total>0</total>
				<timestamp>5057.198109</timestamp>
			</report>
			<report>
				<misses>785000001</misses>
				<total>0</total>
				<timestamp>5057.835760</timestamp>
			</report>
			<report>
				<misses>785100001</misses>
				<total>0</total>
				<timestamp>5058.472613</timestamp>
			</report>
			<report>
				<misses>785200001</misses>
				<total>0</total>
				<timestamp>5059.109242</timestamp>
			</report>
			<report>
				<misses>785300001</misses>
				<total>0</total>
				<timestamp>5059.746566</timestamp>
			</report>
			<report>
				<misses>785400001</misses>
				<total>0</total>
				<timestamp>5060.385032</timestamp>
			</report>
			<report>
				<misses>785500001</misses>
				<total>0</total>
				<timestamp>5061.022512</timestamp>
			</report>
			<report>
				<misses>785600001</misses>
				<total>0</total>
				<timestamp>5061.661164</timestamp>
			</report>
			<report>
				<misses>785700001</misses>
				<total>0</total>
				<timestamp>5062.298343</timestamp>
			</report>
			<report>
				<misses>785800001</misses>
				<total>0</total>
				<timestamp>5062.935217</timestamp>
			</report>
			<report>
				<misses>785900001</misses>
				<total>0</total>
				<timestamp>5063.572085</timestamp>
			</report>
			<report>
				<misses>786000001</misses>
				<total>0</total>
				<timestamp>5064.208886</timestamp>
			</report>
			<report>
				<misses>786100001</misses>
				<total>0</total>
				<timestamp>5064.845466</timestamp>
			</report>
			<report>
				<misses>786200001</misses>
				<total>0</total>
				<timestamp>5065.481571</timestamp>
			</report>
			<report>
				<misses>786300001</misses>
				<total>0</total>
				<timestamp>5066.118140</timestamp>
			</report>
			<report>
				<misses>786400001</misses>
				<total>0</total>
				<timestamp>5066.754352</timestamp>
			</report>
			<report>
				<misses>786500001</misses>
				<total>0</total>
				<timestamp>5067.391714</timestamp>
			</report>
			<report>
				<misses>786600001</misses>
				<total>0</total>
				<timestamp>5068.030437</timestamp>
			</report>
			<report>
				<misses>786700001</misses>
				<total>0</total>
				<timestamp>5068.682123</timestamp>
			</report>
			<report>
				<misses>786800001</misses>
				<total>0</total>
				<timestamp>5069.333330</timestamp>
			</report>
			<report>
				<misses>786900001</misses>
				<total>0</total>
				<timestamp>5069.983894</timestamp>
			</report>
			<report>
				<misses>787000001</misses>
				<total>0</total>
				<timestamp>5070.635810</timestamp>
			</report>
			<report>
				<misses>787100001</misses>
				<total>0</total>
				<timestamp>5071.287387</timestamp>
			</report>
			<report>
				<misses>787200001</misses>
				<total>0</total>
				<timestamp>5071.940210</timestamp>
			</report>
			<report>
				<misses>787300001</misses>
				<total>0</total>
				<timestamp>5072.593589</timestamp>
			</report>
			<report>
				<misses>787400001</misses>
				<total>0</total>
				<timestamp>5073.246542</timestamp>
			</report>
			<report>
				<misses>787500001</misses>
				<total>0</total>
				<timestamp>5073.898876</timestamp>
			</report>
			<report>
				<misses>787600001</misses>
				<total>0</total>
				<timestamp>5074.553226</timestamp>
			</report>
			<report>
				<misses>787700001</misses>
				<total>0</total>
				<timestamp>5075.204408</timestamp>
			</report>
			<report>
				<misses>787800001</misses>
				<total>0</total>
				<timestamp>5075.856510</timestamp>
			</report>
			<report>
				<misses>787900001</misses>
				<total>0</total>
				<timestamp>5076.508826</timestamp>
			</report>
			<report>
				<misses>788000001</misses>
				<total>0</total>
				<timestamp>5077.161227</timestamp>
			</report>
			<report>
				<misses>788100001</misses>
				<total>0</total>
				<timestamp>5077.813279</timestamp>
			</report>
			<report>
				<misses>788200001</misses>
				<total>0</total>
				<timestamp>5078.465157</timestamp>
			</report>
			<report>
				<misses>788300001</misses>
				<total>0</total>
				<timestamp>5079.117027</timestamp>
			</report>
			<report>
				<misses>788400001</misses>
				<total>0</total>
				<timestamp>5079.768631</timestamp>
			</report>
			<report>
				<misses>788500001</misses>
				<total>0</total>
				<timestamp>5080.420771</timestamp>
			</report>
			<report>
				<misses>788600001</misses>
				<total>0</total>
				<timestamp>5081.073668</timestamp>
			</report>
			<report>
				<misses>788700001</misses>
				<total>0</total>
				<timestamp>5081.729112</timestamp>
			</report>
			<report>
				<misses>788800001</misses>
				<total>0</total>
				<timestamp>5082.383854</timestamp>
			</report>
			<report>
				<misses>788900001</misses>
				<total>0</total>
				<timestamp>5083.039260</timestamp>
			</report>
			<report>
				<misses>789000001</misses>
				<total>0</total>
				<timestamp>5083.692427</timestamp>
			</report>
			<report>
				<misses>789100001</misses>
				<total>0</total>
				<timestamp>5084.345756</timestamp>
			</report>
			<report>
				<misses>789200001</misses>
				<total>0</total>
				<timestamp>5085.000273</timestamp>
			</report>
			<report>
				<misses>789300001</misses>
				<total>0</total>
				<timestamp>5085.653295</timestamp>
			</report>
			<report>
				<misses>789400001</misses>
				<total>0</total>
				<timestamp>5086.306045</timestamp>
			</report>
			<report>
				<misses>789500001</misses>
				<total>0</total>
				<timestamp>5086.958621</timestamp>
			</report>
			<report>
				<misses>789600001</misses>
				<total>0</total>
				<timestamp>5087.611371</timestamp>
			</report>
			<report>
				<misses>789700001</misses>
				<total>0</total>
				<timestamp>5088.264350</timestamp>
			</report>
			<report>
				<misses>789800001</misses>
				<total>0</total>
				<timestamp>5088.916948</timestamp>
			</report>
			<report>
				<misses>789900001</misses>
				<total>0</total>
				<timestamp>5089.570028</timestamp>
			</report>
			<report>
				<misses>790000001</misses>
				<total>0</total>
				<timestamp>5090.220908</timestamp>
			</report>
			<report>
				<misses>790100001</misses>
				<total>0</total>
				<timestamp>5090.873186</timestamp>
			</report>
			<report>
				<misses>790200001</misses>
				<total>0</total>
				<timestamp>5091.524280</timestamp>
			</report>
			<report>
				<misses>790300001</misses>
				<total>0</total>
				<timestamp>5092.176054</timestamp>
			</report>
			<report>
				<misses>790400001</misses>
				<total>0</total>
				<timestamp>5092.828362</timestamp>
			</report>
			<report>
				<misses>790500001</misses>
				<total>0</total>
				<timestamp>5093.482173</timestamp>
			</report>
			<report>
				<misses>790600001</misses>
				<total>0</total>
				<timestamp>5094.133147</timestamp>
			</report>
			<report>
				<misses>790700001</misses>
				<total>0</total>
				<timestamp>5094.785206</timestamp>
			</report>
			<report>
				<misses>790800001</misses>
				<total>0</total>
				<timestamp>5095.436869</timestamp>
			</report>
			<report>
				<misses>790900001</misses>
				<total>0</total>
				<timestamp>5096.088621</timestamp>
			</report>
			<report>
				<misses>791000001</misses>
				<total>0</total>
				<timestamp>5096.740229</timestamp>
			</report>
			<report>
				<misses>791100001</misses>
				<total>0</total>
				<timestamp>5097.392424</timestamp>
			</report>
			<report>
				<misses>791200001</misses>
				<total>0</total>
				<timestamp>5098.043814</timestamp>
			</report>
			<report>
				<misses>791300001</misses>
				<total>0</total>
				<timestamp>5098.695507</timestamp>
			</report>
			<report>
				<misses>791400001</misses>
				<total>0</total>
				<timestamp>5099.347583</timestamp>
			</report>
			<report>
				<misses>791500001</misses>
				<total>0</total>
				<timestamp>5100.001141</timestamp>
			</report>
			<report>
				<misses>791600001</misses>
				<total>0</total>
				<timestamp>5100.652865</timestamp>
			</report>
			<report>
				<misses>791700001</misses>
				<total>0</total>
				<timestamp>5101.305117</timestamp>
			</report>
			<report>
				<misses>791800001</misses>
				<total>0</total>
				<timestamp>5101.957131</timestamp>
			</report>
			<report>
				<misses>791900001</misses>
				<total>0</total>
				<timestamp>5102.609703</timestamp>
			</report>
			<report>
				<misses>792000001</misses>
				<total>0</total>
				<timestamp>5103.260840</timestamp>
			</report>
			<report>
				<misses>792100001</misses>
				<total>0</total>
				<timestamp>5103.914033</timestamp>
			</report>
			<report>
				<misses>792200001</misses>
				<total>0</total>
				<timestamp>5104.566135</timestamp>
			</report>
			<report>
				<misses>792300001</misses>
				<total>0</total>
				<timestamp>5105.218471</timestamp>
			</report>
			<report>
				<misses>792400001</misses>
				<total>0</total>
				<timestamp>5105.868094</timestamp>
			</report>
			<report>
				<misses>792500001</misses>
				<total>0</total>
				<timestamp>5106.520476</timestamp>
			</report>
			<report>
				<misses>792600001</misses>
				<total>0</total>
				<timestamp>5107.173074</timestamp>
			</report>
			<report>
				<misses>792700001</misses>
				<total>0</total>
				<timestamp>5107.825055</timestamp>
			</report>
			<report>
				<misses>792800001</misses>
				<total>0</total>
				<timestamp>5108.477497</timestamp>
			</report>
			<report>
				<misses>792900001</misses>
				<total>0</total>
				<timestamp>5109.131273</timestamp>
			</report>
			<report>
				<misses>793000001</misses>
				<total>0</total>
				<timestamp>5109.783651</timestamp>
			</report>
			<report>
				<misses>793100001</misses>
				<total>0</total>
				<timestamp>5110.435666</timestamp>
			</report>
			<report>
				<misses>793200001</misses>
				<total>0</total>
				<timestamp>5111.087857</timestamp>
			</report>
			<report>
				<misses>793300001</misses>
				<total>0</total>
				<timestamp>5111.741932</timestamp>
			</report>
			<report>
				<misses>793400001</misses>
				<total>0</total>
				<timestamp>5112.395068</timestamp>
			</report>
			<report>
				<misses>793500001</misses>
				<total>0</total>
				<timestamp>5113.048254</timestamp>
			</report>
			<report>
				<misses>793600001</misses>
				<total>0</total>
				<timestamp>5113.703210</timestamp>
			</report>
			<report>
				<misses>793700001</misses>
				<total>0</total>
				<timestamp>5114.355300</timestamp>
			</report>
			<report>
				<misses>793800001</misses>
				<total>0</total>
				<timestamp>5115.007654</timestamp>
			</report>
			<report>
				<misses>793900001</misses>
				<total>0</total>
				<timestamp>5115.661243</timestamp>
			</report>
			<report>
				<misses>794000001</misses>
				<total>0</total>
				<timestamp>5116.313623</timestamp>
			</report>
			<report>
				<misses>794100001</misses>
				<total>0</total>
				<timestamp>5116.966863</timestamp>
			</report>
			<report>
				<misses>794200001</misses>
				<total>0</total>
				<timestamp>5117.620282</timestamp>
			</report>
			<report>
				<misses>794300001</misses>
				<total>0</total>
				<timestamp>5118.273855</timestamp>
			</report>
			<report>
				<misses>794400001</misses>
				<total>0</total>
				<timestamp>5118.926555</timestamp>
			</report>
			<report>
				<misses>794500001</misses>
				<total>0</total>
				<timestamp>5119.579595</timestamp>
			</report>
			<report>
				<misses>794600001</misses>
				<total>0</total>
				<timestamp>5120.232513</timestamp>
			</report>
			<report>
				<misses>794700001</misses>
				<total>0</total>
				<timestamp>5120.885684</timestamp>
			</report>
			<report>
				<misses>794800001</misses>
				<total>0</total>
				<timestamp>5121.538402</timestamp>
			</report>
			<report>
				<misses>794900001</misses>
				<total>0</total>
				<timestamp>5122.190944</timestamp>
			</report>
			<report>
				<misses>795000001</misses>
				<total>0</total>
				<timestamp>5122.844252</timestamp>
			</report>
			<report>
				<misses>795100001</misses>
				<total>0</total>
				<timestamp>5123.496406</timestamp>
			</report>
			<report>
				<misses>795200001</misses>
				<total>0</total>
				<timestamp>5124.149226</timestamp>
			</report>
			<report>
				<misses>795300001</misses>
				<total>0</total>
				<timestamp>5124.801497</timestamp>
			</report>
			<report>
				<misses>795400001</misses>
				<total>0</total>
				<timestamp>5125.453053</timestamp>
			</report>
			<report>
				<misses>795500001</misses>
				<total>0</total>
				<timestamp>5126.104675</timestamp>
			</report>
			<report>
				<misses>795600001</misses>
				<total>0</total>
				<timestamp>5126.756658</timestamp>
			</report>
			<report>
				<misses>795700001</misses>
				<total>0</total>
				<timestamp>5127.407930</timestamp>
			</report>
			<report>
				<misses>795800001</misses>
				<total>0</total>
				<timestamp>5128.060482</timestamp>
			</report>
			<report>
				<misses>795900001</misses>
				<total>0</total>
				<timestamp>5128.715152</timestamp>
			</report>
			<report>
				<misses>796000001</misses>
				<total>0</total>
				<timestamp>5129.367124</timestamp>
			</report>
			<report>
				<misses>796100001</misses>
				<total>0</total>
				<timestamp>5130.020778</timestamp>
			</report>
			<report>
				<misses>796200001</misses>
				<total>0</total>
				<timestamp>5130.674515</timestamp>
			</report>
			<report>
				<misses>796300001</misses>
				<total>0</total>
				<timestamp>5131.329475</timestamp>
			</report>
			<report>
				<misses>796400001</misses>
				<total>0</total>
				<timestamp>5131.979376</timestamp>
			</report>
			<report>
				<misses>796500001</misses>
				<total>0</total>
				<timestamp>5132.630126</timestamp>
			</report>
			<report>
				<misses>796600001</misses>
				<total>0</total>
				<timestamp>5133.283518</timestamp>
			</report>
			<report>
				<misses>796700001</misses>
				<total>0</total>
				<timestamp>5133.939072</timestamp>
			</report>
			<report>
				<misses>796800001</misses>
				<total>0</total>
				<timestamp>5134.591642</timestamp>
			</report>
			<report>
				<misses>796900001</misses>
				<total>0</total>
				<timestamp>5135.239528</timestamp>
			</report>
			<report>
				<misses>797000001</misses>
				<total>0</total>
				<timestamp>5135.891848</timestamp>
			</report>
			<report>
				<misses>797100001</misses>
				<total>0</total>
				<timestamp>5136.545243</timestamp>
			</report>
			<report>
				<misses>797200001</misses>
				<total>0</total>
				<timestamp>5137.197126</timestamp>
			</report>
			<report>
				<misses>797300001</misses>
				<total>0</total>
				<timestamp>5137.849080</timestamp>
			</report>
			<report>
				<misses>797400001</misses>
				<total>0</total>
				<timestamp>5138.500397</timestamp>
			</report>
			<report>
				<misses>797500001</misses>
				<total>0</total>
				<timestamp>5139.152431</timestamp>
			</report>
			<report>
				<misses>797600001</misses>
				<total>0</total>
				<timestamp>5139.805671</timestamp>
			</report>
			<report>
				<misses>797700001</misses>
				<total>0</total>
				<timestamp>5140.458266</timestamp>
			</report>
			<report>
				<misses>797800001</misses>
				<total>0</total>
				<timestamp>5141.109290</timestamp>
			</report>
			<report>
				<misses>797900001</misses>
				<total>0</total>
				<timestamp>5141.761592</timestamp>
			</report>
			<report>
				<misses>798000001</misses>
				<total>0</total>
				<timestamp>5142.414304</timestamp>
			</report>
			<report>
				<misses>798100001</misses>
				<total>0</total>
				<timestamp>5143.066538</timestamp>
			</report>
			<report>
				<misses>798200001</misses>
				<total>0</total>
				<timestamp>5143.719871</timestamp>
			</report>
			<report>
				<misses>798300001</misses>
				<total>0</total>
				<timestamp>5144.372319</timestamp>
			</report>
			<report>
				<misses>798400001</misses>
				<total>0</total>
				<timestamp>5145.023897</timestamp>
			</report>
			<report>
				<misses>798500001</misses>
				<total>0</total>
				<timestamp>5145.676171</timestamp>
			</report>
			<report>
				<misses>798600001</misses>
				<total>0</total>
				<timestamp>5146.329096</timestamp>
			</report>
			<report>
				<misses>798700001</misses>
				<total>0</total>
				<timestamp>5146.980542</timestamp>
			</report>
			<report>
				<misses>798800001</misses>
				<total>0</total>
				<timestamp>5147.631917</timestamp>
			</report>
			<report>
				<misses>798900001</misses>
				<total>0</total>
				<timestamp>5148.283989</timestamp>
			</report>
			<report>
				<misses>799000001</misses>
				<total>0</total>
				<timestamp>5148.937196</timestamp>
			</report>
			<report>
				<misses>799100001</misses>
				<total>0</total>
				<timestamp>5149.588819</timestamp>
			</report>
			<report>
				<misses>799200001</misses>
				<total>0</total>
				<timestamp>5150.241279</timestamp>
			</report>
			<report>
				<misses>799300001</misses>
				<total>0</total>
				<timestamp>5150.894902</timestamp>
			</report>
			<report>
				<misses>799400001</misses>
				<total>0</total>
				<timestamp>5151.548838</timestamp>
			</report>
			<report>
				<misses>799500001</misses>
				<total>0</total>
				<timestamp>5152.202431</timestamp>
			</report>
			<report>
				<misses>799600001</misses>
				<total>0</total>
				<timestamp>5152.855759</timestamp>
			</report>
			<report>
				<misses>799700001</misses>
				<total>0</total>
				<timestamp>5153.509614</timestamp>
			</report>
			<report>
				<misses>799800001</misses>
				<total>0</total>
				<timestamp>5154.163324</timestamp>
			</report>
			<report>
				<misses>799900001</misses>
				<total>0</total>
				<timestamp>5154.815837</timestamp>
			</report>
			<report>
				<misses>800000001</misses>
				<total>0</total>
				<timestamp>5155.467454</timestamp>
			</report>
			<report>
				<misses>800100001</misses>
				<total>0</total>
				<timestamp>5156.119169</timestamp>
			</report>
			<report>
				<misses>800200001</misses>
				<total>0</total>
				<timestamp>5156.770764</timestamp>
			</report>
			<report>
				<misses>800300001</misses>
				<total>0</total>
				<timestamp>5157.422025</timestamp>
			</report>
			<report>
				<misses>800400001</misses>
				<total>0</total>
				<timestamp>5158.074624</timestamp>
			</report>
			<report>
				<misses>800500001</misses>
				<total>0</total>
				<timestamp>5158.727334</timestamp>
			</report>
			<report>
				<misses>800600001</misses>
				<total>0</total>
				<timestamp>5159.380429</timestamp>
			</report>
			<report>
				<misses>800700001</misses>
				<total>0</total>
				<timestamp>5160.033612</timestamp>
			</report>
			<report>
				<misses>800800001</misses>
				<total>0</total>
				<timestamp>5160.687845</timestamp>
			</report>
			<report>
				<misses>800900001</misses>
				<total>0</total>
				<timestamp>5161.341544</timestamp>
			</report>
			<report>
				<misses>801000001</misses>
				<total>0</total>
				<timestamp>5161.995699</timestamp>
			</report>
			<report>
				<misses>801100001</misses>
				<total>0</total>
				<timestamp>5162.648817</timestamp>
			</report>
			<report>
				<misses>801200001</misses>
				<total>0</total>
				<timestamp>5163.302084</timestamp>
			</report>
			<report>
				<misses>801300001</misses>
				<total>0</total>
				<timestamp>5163.954737</timestamp>
			</report>
			<report>
				<misses>801400001</misses>
				<total>0</total>
				<timestamp>5164.607304</timestamp>
			</report>
			<report>
				<misses>801500001</misses>
				<total>0</total>
				<timestamp>5165.250719</timestamp>
			</report>
			<report>
				<misses>801600001</misses>
				<total>0</total>
				<timestamp>5165.904528</timestamp>
			</report>
			<report>
				<misses>801700001</misses>
				<total>0</total>
				<timestamp>5166.558134</timestamp>
			</report>
			<report>
				<misses>801800001</misses>
				<total>0</total>
				<timestamp>5167.210569</timestamp>
			</report>
			<report>
				<misses>801900001</misses>
				<total>0</total>
				<timestamp>5167.864848</timestamp>
			</report>
			<report>
				<misses>802000001</misses>
				<total>0</total>
				<timestamp>5168.518088</timestamp>
			</report>
			<report>
				<misses>802100001</misses>
				<total>0</total>
				<timestamp>5169.171099</timestamp>
			</report>
			<report>
				<misses>802200001</misses>
				<total>0</total>
				<timestamp>5169.823103</timestamp>
			</report>
			<report>
				<misses>802300001</misses>
				<total>0</total>
				<timestamp>5170.475624</timestamp>
			</report>
			<report>
				<misses>802400001</misses>
				<total>0</total>
				<timestamp>5171.128750</timestamp>
			</report>
			<report>
				<misses>802500001</misses>
				<total>0</total>
				<timestamp>5171.783188</timestamp>
			</report>
			<report>
				<misses>802600001</misses>
				<total>0</total>
				<timestamp>5172.436617</timestamp>
			</report>
			<report>
				<misses>802700001</misses>
				<total>0</total>
				<timestamp>5173.090026</timestamp>
			</report>
			<report>
				<misses>802800001</misses>
				<total>0</total>
				<timestamp>5173.742574</timestamp>
			</report>
			<report>
				<misses>802900001</misses>
				<total>0</total>
				<timestamp>5174.394698</timestamp>
			</report>
			<report>
				<misses>803000001</misses>
				<total>0</total>
				<timestamp>5175.048468</timestamp>
			</report>
			<report>
				<misses>803100001</misses>
				<total>0</total>
				<timestamp>5175.703467</timestamp>
			</report>
			<report>
				<misses>803200001</misses>
				<total>0</total>
				<timestamp>5176.356797</timestamp>
			</report>
			<report>
				<misses>803300001</misses>
				<total>0</total>
				<timestamp>5177.010098</timestamp>
			</report>
			<report>
				<misses>803400001</misses>
				<total>0</total>
				<timestamp>5177.663952</timestamp>
			</report>
			<report>
				<misses>803500001</misses>
				<total>0</total>
				<timestamp>5178.317962</timestamp>
			</report>
			<report>
				<misses>803600001</misses>
				<total>0</total>
				<timestamp>5178.971708</timestamp>
			</report>
			<report>
				<misses>803700001</misses>
				<total>0</total>
				<timestamp>5179.626590</timestamp>
			</report>
			<report>
				<misses>803800001</misses>
				<total>0</total>
				<timestamp>5180.281687</timestamp>
			</report>
			<report>
				<misses>803900001</misses>
				<total>0</total>
				<timestamp>5180.936180</timestamp>
			</report>
			<report>
				<misses>804000001</misses>
				<total>0</total>
				<timestamp>5181.589338</timestamp>
			</report>
			<report>
				<misses>804100001</misses>
				<total>0</total>
				<timestamp>5182.243943</timestamp>
			</report>
			<report>
				<misses>804200001</misses>
				<total>0</total>
				<timestamp>5182.897637</timestamp>
			</report>
			<report>
				<misses>804300001</misses>
				<total>0</total>
				<timestamp>5183.552248</timestamp>
			</report>
			<report>
				<misses>804400001</misses>
				<total>0</total>
				<timestamp>5184.206298</timestamp>
			</report>
			<report>
				<misses>804500001</misses>
				<total>0</total>
				<timestamp>5184.860310</timestamp>
			</report>
			<report>
				<misses>804600001</misses>
				<total>0</total>
				<timestamp>5185.513225</timestamp>
			</report>
			<report>
				<misses>804700001</misses>
				<total>0</total>
				<timestamp>5186.165383</timestamp>
			</report>
			<report>
				<misses>804800001</misses>
				<total>0</total>
				<timestamp>5186.818250</timestamp>
			</report>
			<report>
				<misses>804900001</misses>
				<total>0</total>
				<timestamp>5187.471920</timestamp>
			</report>
			<report>
				<misses>805000001</misses>
				<total>0</total>
				<timestamp>5188.126071</timestamp>
			</report>
			<report>
				<misses>805100001</misses>
				<total>0</total>
				<timestamp>5188.779241</timestamp>
			</report>
			<report>
				<misses>805200001</misses>
				<total>0</total>
				<timestamp>5189.432454</timestamp>
			</report>
			<report>
				<misses>805300001</misses>
				<total>0</total>
				<timestamp>5190.086154</timestamp>
			</report>
			<report>
				<misses>805400001</misses>
				<total>0</total>
				<timestamp>5190.738380</timestamp>
			</report>
			<report>
				<misses>805500001</misses>
				<total>0</total>
				<timestamp>5191.391060</timestamp>
			</report>
			<report>
				<misses>805600001</misses>
				<total>0</total>
				<timestamp>5192.043703</timestamp>
			</report>
			<report>
				<misses>805700001</misses>
				<total>0</total>
				<timestamp>5192.696196</timestamp>
			</report>
			<report>
				<misses>805800001</misses>
				<total>0</total>
				<timestamp>5193.349030</timestamp>
			</report>
			<report>
				<misses>805900001</misses>
				<total>0</total>
				<timestamp>5194.001427</timestamp>
			</report>
			<report>
				<misses>806000001</misses>
				<total>0</total>
				<timestamp>5194.655651</timestamp>
			</report>
			<report>
				<misses>806100001</misses>
				<total>0</total>
				<timestamp>5195.309119</timestamp>
			</report>
			<report>
				<misses>806200001</misses>
				<total>0</total>
				<timestamp>5195.962120</timestamp>
			</report>
			<report>
				<misses>806300001</misses>
				<total>0</total>
				<timestamp>5196.614916</timestamp>
			</report>
			<report>
				<misses>806400001</misses>
				<total>0</total>
				<timestamp>5197.267262</timestamp>
			</report>
			<report>
				<misses>806500001</misses>
				<total>0</total>
				<timestamp>5197.922051</timestamp>
			</report>
			<report>
				<misses>806600001</misses>
				<total>0</total>
				<timestamp>5198.575679</timestamp>
			</report>
			<report>
				<misses>806700001</misses>
				<total>0</total>
				<timestamp>5199.227835</timestamp>
			</report>
			<report>
				<misses>806800001</misses>
				<total>0</total>
				<timestamp>5199.881282</timestamp>
			</report>
			<report>
				<misses>806900001</misses>
				<total>0</total>
				<timestamp>5200.532640</timestamp>
			</report>
			<report>
				<misses>807000001</misses>
				<total>0</total>
				<timestamp>5201.184638</timestamp>
			</report>
			<report>
				<misses>807100001</misses>
				<total>0</total>
				<timestamp>5201.838537</timestamp>
			</report>
			<report>
				<misses>807200001</misses>
				<total>0</total>
				<timestamp>5202.492378</timestamp>
			</report>
			<report>
				<misses>807300001</misses>
				<total>0</total>
				<timestamp>5203.145817</timestamp>
			</report>
			<report>
				<misses>807400001</misses>
				<total>0</total>
				<timestamp>5203.799485</timestamp>
			</report>
			<report>
				<misses>807500001</misses>
				<total>0</total>
				<timestamp>5204.453650</timestamp>
			</report>
			<report>
				<misses>807600001</misses>
				<total>0</total>
				<timestamp>5205.106705</timestamp>
			</report>
			<report>
				<misses>807700001</misses>
				<total>0</total>
				<timestamp>5205.761272</timestamp>
			</report>
			<report>
				<misses>807800001</misses>
				<total>0</total>
				<timestamp>5206.413763</timestamp>
			</report>
			<report>
				<misses>807900001</misses>
				<total>0</total>
				<timestamp>5207.066295</timestamp>
			</report>
			<report>
				<misses>808000001</misses>
				<total>0</total>
				<timestamp>5207.719662</timestamp>
			</report>
			<report>
				<misses>808100001</misses>
				<total>0</total>
				<timestamp>5208.374022</timestamp>
			</report>
			<report>
				<misses>808200001</misses>
				<total>0</total>
				<timestamp>5209.026117</timestamp>
			</report>
			<report>
				<misses>808300001</misses>
				<total>0</total>
				<timestamp>5209.679028</timestamp>
			</report>
			<report>
				<misses>808400001</misses>
				<total>0</total>
				<timestamp>5210.331840</timestamp>
			</report>
			<report>
				<misses>808500001</misses>
				<total>0</total>
				<timestamp>5210.985462</timestamp>
			</report>
			<report>
				<misses>808600001</misses>
				<total>0</total>
				<timestamp>5211.639261</timestamp>
			</report>
			<report>
				<misses>808700001</misses>
				<total>0</total>
				<timestamp>5212.291343</timestamp>
			</report>
			<report>
				<misses>808800001</misses>
				<total>0</total>
				<timestamp>5212.944613</timestamp>
			</report>
			<report>
				<misses>808900001</misses>
				<total>0</total>
				<timestamp>5213.598867</timestamp>
			</report>
			<report>
				<misses>809000001</misses>
				<total>0</total>
				<timestamp>5214.253272</timestamp>
			</report>
			<report>
				<misses>809100001</misses>
				<total>0</total>
				<timestamp>5214.905617</timestamp>
			</report>
			<report>
				<misses>809200001</misses>
				<total>0</total>
				<timestamp>5215.558478</timestamp>
			</report>
			<report>
				<misses>809300001</misses>
				<total>0</total>
				<timestamp>5216.211200</timestamp>
			</report>
			<report>
				<misses>809400001</misses>
				<total>0</total>
				<timestamp>5216.864661</timestamp>
			</report>
			<report>
				<misses>809500001</misses>
				<total>0</total>
				<timestamp>5217.516813</timestamp>
			</report>
			<report>
				<misses>809600001</misses>
				<total>0</total>
				<timestamp>5218.170526</timestamp>
			</report>
			<report>
				<misses>809700001</misses>
				<total>0</total>
				<timestamp>5218.824314</timestamp>
			</report>
			<report>
				<misses>809800001</misses>
				<total>0</total>
				<timestamp>5219.475863</timestamp>
			</report>
			<report>
				<misses>809900001</misses>
				<total>0</total>
				<timestamp>5220.119749</timestamp>
			</report>
			<report>
				<misses>810000001</misses>
				<total>0</total>
				<timestamp>5220.762961</timestamp>
			</report>
			<report>
				<misses>810100001</misses>
				<total>0</total>
				<timestamp>5221.410314</timestamp>
			</report>
			<report>
				<misses>810200001</misses>
				<total>0</total>
				<timestamp>5222.055058</timestamp>
			</report>
			<report>
				<misses>810300001</misses>
				<total>0</total>
				<timestamp>5222.697413</timestamp>
			</report>
			<report>
				<misses>810400001</misses>
				<total>0</total>
				<timestamp>5223.342378</timestamp>
			</report>
			<report>
				<misses>810500001</misses>
				<total>0</total>
				<timestamp>5223.986166</timestamp>
			</report>
			<report>
				<misses>810600001</misses>
				<total>0</total>
				<timestamp>5224.630898</timestamp>
			</report>
			<report>
				<misses>810700001</misses>
				<total>0</total>
				<timestamp>5225.276059</timestamp>
			</report>
			<report>
				<misses>810800001</misses>
				<total>0</total>
				<timestamp>5225.923719</timestamp>
			</report>
			<report>
				<misses>810900001</misses>
				<total>0</total>
				<timestamp>5226.581791</timestamp>
			</report>
			<report>
				<misses>811000001</misses>
				<total>0</total>
				<timestamp>5227.235799</timestamp>
			</report>
			<report>
				<misses>811100001</misses>
				<total>0</total>
				<timestamp>5227.887962</timestamp>
			</report>
			<report>
				<misses>811200001</misses>
				<total>0</total>
				<timestamp>5228.536702</timestamp>
			</report>
			<report>
				<misses>811300001</misses>
				<total>0</total>
				<timestamp>5229.185897</timestamp>
			</report>
			<report>
				<misses>811400001</misses>
				<total>0</total>
				<timestamp>5229.835069</timestamp>
			</report>
			<report>
				<misses>811500001</misses>
				<total>0</total>
				<timestamp>5230.485009</timestamp>
			</report>
			<report>
				<misses>811600001</misses>
				<total>0</total>
				<timestamp>5231.134022</timestamp>
			</report>
			<report>
				<misses>811700001</misses>
				<total>0</total>
				<timestamp>5231.783819</timestamp>
			</report>
			<report>
				<misses>811800001</misses>
				<total>0</total>
				<timestamp>5232.433938</timestamp>
			</report>
			<report>
				<misses>811900001</misses>
				<total>0</total>
				<timestamp>5233.083059</timestamp>
			</report>
			<report>
				<misses>812000001</misses>
				<total>0</total>
				<timestamp>5233.731863</timestamp>
			</report>
			<report>
				<misses>812100001</misses>
				<total>0</total>
				<timestamp>5234.380385</timestamp>
			</report>
			<report>
				<misses>812200001</misses>
				<total>0</total>
				<timestamp>5235.029328</timestamp>
			</report>
			<report>
				<misses>812300001</misses>
				<total>0</total>
				<timestamp>5235.679219</timestamp>
			</report>
			<report>
				<misses>812400001</misses>
				<total>0</total>
				<timestamp>5236.329343</timestamp>
			</report>
			<report>
				<misses>812500001</misses>
				<total>0</total>
				<timestamp>5236.977031</timestamp>
			</report>
			<report>
				<misses>812600001</misses>
				<total>0</total>
				<timestamp>5237.626174</timestamp>
			</report>
			<report>
				<misses>812700001</misses>
				<total>0</total>
				<timestamp>5238.275701</timestamp>
			</report>
			<report>
				<misses>812800001</misses>
				<total>0</total>
				<timestamp>5238.923827</timestamp>
			</report>
			<report>
				<misses>812900001</misses>
				<total>0</total>
				<timestamp>5239.571802</timestamp>
			</report>
			<report>
				<misses>813000001</misses>
				<total>0</total>
				<timestamp>5240.220117</timestamp>
			</report>
			<report>
				<misses>813100001</misses>
				<total>0</total>
				<timestamp>5240.869292</timestamp>
			</report>
			<report>
				<misses>813200001</misses>
				<total>0</total>
				<timestamp>5241.518318</timestamp>
			</report>
			<report>
				<misses>813300001</misses>
				<total>0</total>
				<timestamp>5242.166767</timestamp>
			</report>
			<report>
				<misses>813400001</misses>
				<total>0</total>
				<timestamp>5242.815057</timestamp>
			</report>
			<report>
				<misses>813500001</misses>
				<total>0</total>
				<timestamp>5243.463642</timestamp>
			</report>
			<report>
				<misses>813600001</misses>
				<total>0</total>
				<timestamp>5244.112375</timestamp>
			</report>
			<report>
				<misses>813700001</misses>
				<total>0</total>
				<timestamp>5244.761444</timestamp>
			</report>
			<report>
				<misses>813800001</misses>
				<total>0</total>
				<timestamp>5245.409961</timestamp>
			</report>
			<report>
				<misses>813900001</misses>
				<total>0</total>
				<timestamp>5246.057950</timestamp>
			</report>
			<report>
				<misses>814000001</misses>
				<total>0</total>
				<timestamp>5246.707093</timestamp>
			</report>
			<report>
				<misses>814100001</misses>
				<total>0</total>
				<timestamp>5247.356527</timestamp>
			</report>
			<report>
				<misses>814200001</misses>
				<total>0</total>
				<timestamp>5248.004615</timestamp>
			</report>
			<report>
				<misses>814300001</misses>
				<total>0</total>
				<timestamp>5248.654266</timestamp>
			</report>
			<report>
				<misses>814400001</misses>
				<total>0</total>
				<timestamp>5249.303256</timestamp>
			</report>
			<report>
				<misses>814500001</misses>
				<total>0</total>
				<timestamp>5249.951575</timestamp>
			</report>
			<report>
				<misses>814600001</misses>
				<total>0</total>
				<timestamp>5250.594998</timestamp>
			</report>
			<report>
				<misses>814700001</misses>
				<total>0</total>
				<timestamp>5251.232442</timestamp>
			</report>
			<report>
				<misses>814800001</misses>
				<total>0</total>
				<timestamp>5251.869505</timestamp>
			</report>
			<report>
				<misses>814900001</misses>
				<total>0</total>
				<timestamp>5252.507070</timestamp>
			</report>
			<report>
				<misses>815000001</misses>
				<total>0</total>
				<timestamp>5253.144142</timestamp>
			</report>
			<report>
				<misses>815100001</misses>
				<total>0</total>
				<timestamp>5253.781291</timestamp>
			</report>
			<report>
				<misses>815200001</misses>
				<total>0</total>
				<timestamp>5254.418595</timestamp>
			</report>
			<report>
				<misses>815300001</misses>
				<total>0</total>
				<timestamp>5255.056146</timestamp>
			</report>
			<report>
				<misses>815400001</misses>
				<total>0</total>
				<timestamp>5255.693318</timestamp>
			</report>
			<report>
				<misses>815500001</misses>
				<total>0</total>
				<timestamp>5256.330184</timestamp>
			</report>
			<report>
				<misses>815600001</misses>
				<total>0</total>
				<timestamp>5256.969085</timestamp>
			</report>
			<report>
				<misses>815700001</misses>
				<total>0</total>
				<timestamp>5257.605901</timestamp>
			</report>
			<report>
				<misses>815800001</misses>
				<total>0</total>
				<timestamp>5258.243272</timestamp>
			</report>
			<report>
				<misses>815900001</misses>
				<total>0</total>
				<timestamp>5258.880614</timestamp>
			</report>
			<report>
				<misses>816000001</misses>
				<total>0</total>
				<timestamp>5259.518132</timestamp>
			</report>
			<report>
				<misses>816100001</misses>
				<total>0</total>
				<timestamp>5260.155607</timestamp>
			</report>
			<report>
				<misses>816200001</misses>
				<total>0</total>
				<timestamp>5260.792569</timestamp>
			</report>
			<report>
				<misses>816300001</misses>
				<total>0</total>
				<timestamp>5261.429189</timestamp>
			</report>
			<report>
				<misses>816400001</misses>
				<total>0</total>
				<timestamp>5262.066098</timestamp>
			</report>
			<report>
				<misses>816500001</misses>
				<total>0</total>
				<timestamp>5262.703532</timestamp>
			</report>
			<report>
				<misses>816600001</misses>
				<total>0</total>
				<timestamp>5263.340693</timestamp>
			</report>
			<report>
				<misses>816700001</misses>
				<total>0</total>
				<timestamp>5263.979115</timestamp>
			</report>
			<report>
				<misses>816800001</misses>
				<total>0</total>
				<timestamp>5264.616218</timestamp>
			</report>
			<report>
				<misses>816900001</misses>
				<total>0</total>
				<timestamp>5265.253332</timestamp>
			</report>
			<report>
				<misses>817000001</misses>
				<total>0</total>
				<timestamp>5265.890507</timestamp>
			</report>
			<report>
				<misses>817100001</misses>
				<total>0</total>
				<timestamp>5266.527430</timestamp>
			</report>
			<report>
				<misses>817200001</misses>
				<total>0</total>
				<timestamp>5267.164774</timestamp>
			</report>
			<report>
				<misses>817300001</misses>
				<total>0</total>
				<timestamp>5267.802067</timestamp>
			</report>
			<report>
				<misses>817400001</misses>
				<total>0</total>
				<timestamp>5268.439629</timestamp>
			</report>
			<report>
				<misses>817500001</misses>
				<total>0</total>
				<timestamp>5269.078732</timestamp>
			</report>
			<report>
				<misses>817600001</misses>
				<total>0</total>
				<timestamp>5269.716748</timestamp>
			</report>
			<report>
				<misses>817700001</misses>
				<total>0</total>
				<timestamp>5270.354552</timestamp>
			</report>
			<report>
				<misses>817800001</misses>
				<total>0</total>
				<timestamp>5270.993031</timestamp>
			</report>
			<report>
				<misses>817900001</misses>
				<total>0</total>
				<timestamp>5271.629306</timestamp>
			</report>
			<report>
				<misses>818000001</misses>
				<total>0</total>
				<timestamp>5272.265649</timestamp>
			</report>
			<report>
				<misses>818100001</misses>
				<total>0</total>
				<timestamp>5272.904360</timestamp>
			</report>
			<report>
				<misses>818200001</misses>
				<total>0</total>
				<timestamp>5273.540905</timestamp>
			</report>
			<report>
				<misses>818300001</misses>
				<total>0</total>
				<timestamp>5274.177596</timestamp>
			</report>
			<report>
				<misses>818400001</misses>
				<total>0</total>
				<timestamp>5274.814128</timestamp>
			</report>
			<report>
				<misses>818500001</misses>
				<total>0</total>
				<timestamp>5275.453403</timestamp>
			</report>
			<report>
				<misses>818600001</misses>
				<total>0</total>
				<timestamp>5276.092171</timestamp>
			</report>
			<report>
				<misses>818700001</misses>
				<total>0</total>
				<timestamp>5276.730445</timestamp>
			</report>
			<report>
				<misses>818800001</misses>
				<total>0</total>
				<timestamp>5277.369445</timestamp>
			</report>
			<report>
				<misses>818900001</misses>
				<total>0</total>
				<timestamp>5278.008378</timestamp>
			</report>
			<report>
				<misses>819000001</misses>
				<total>0</total>
				<timestamp>5278.646602</timestamp>
			</report>
			<report>
				<misses>819100001</misses>
				<total>0</total>
				<timestamp>5279.284924</timestamp>
			</report>
			<report>
				<misses>819200001</misses>
				<total>0</total>
				<timestamp>5279.923576</timestamp>
			</report>
			<report>
				<misses>819300001</misses>
				<total>0</total>
				<timestamp>5280.562199</timestamp>
			</report>
			<report>
				<misses>819400001</misses>
				<total>0</total>
				<timestamp>5281.201156</timestamp>
			</report>
			<report>
				<misses>819500001</misses>
				<total>0</total>
				<timestamp>5281.839562</timestamp>
			</report>
			<report>
				<misses>819600001</misses>
				<total>0</total>
				<timestamp>5282.475937</timestamp>
			</report>
			<report>
				<misses>819700001</misses>
				<total>0</total>
				<timestamp>5283.112981</timestamp>
			</report>
			<report>
				<misses>819800001</misses>
				<total>0</total>
				<timestamp>5283.749939</timestamp>
			</report>
			<report>
				<misses>819900001</misses>
				<total>0</total>
				<timestamp>5284.385986</timestamp>
			</report>
			<report>
				<misses>820000001</misses>
				<total>0</total>
				<timestamp>5285.022645</timestamp>
			</report>
			<report>
				<misses>820100001</misses>
				<total>0</total>
				<timestamp>5285.659291</timestamp>
			</report>
			<report>
				<misses>820200001</misses>
				<total>0</total>
				<timestamp>5286.295541</timestamp>
			</report>
			<report>
				<misses>820300001</misses>
				<total>0</total>
				<timestamp>5286.932420</timestamp>
			</report>
			<report>
				<misses>820400001</misses>
				<total>0</total>
				<timestamp>5287.580796</timestamp>
			</report>
			<report>
				<misses>820500001</misses>
				<total>0</total>
				<timestamp>5288.225948</timestamp>
			</report>
			<report>
				<misses>820600001</misses>
				<total>0</total>
				<timestamp>5288.869647</timestamp>
			</report>
			<report>
				<misses>820700001</misses>
				<total>0</total>
				<timestamp>5289.517395</timestamp>
			</report>
			<report>
				<misses>820800001</misses>
				<total>0</total>
				<timestamp>5290.163426</timestamp>
			</report>
			<report>
				<misses>820900001</misses>
				<total>0</total>
				<timestamp>5290.809357</timestamp>
			</report>
			<report>
				<misses>821000001</misses>
				<total>0</total>
				<timestamp>5291.458509</timestamp>
			</report>
			<report>
				<misses>821100001</misses>
				<total>0</total>
				<timestamp>5292.108857</timestamp>
			</report>
			<report>
				<misses>821200001</misses>
				<total>0</total>
				<timestamp>5292.759980</timestamp>
			</report>
			<report>
				<misses>821300001</misses>
				<total>0</total>
				<timestamp>5293.412572</timestamp>
			</report>
			<report>
				<misses>821400001</misses>
				<total>0</total>
				<timestamp>5294.065295</timestamp>
			</report>
			<report>
				<misses>821500001</misses>
				<total>0</total>
				<timestamp>5294.719005</timestamp>
			</report>
			<report>
				<misses>821600001</misses>
				<total>0</total>
				<timestamp>5295.371770</timestamp>
			</report>
			<report>
				<misses>821700001</misses>
				<total>0</total>
				<timestamp>5296.020130</timestamp>
			</report>
			<report>
				<misses>821800001</misses>
				<total>0</total>
				<timestamp>5296.668089</timestamp>
			</report>
			<report>
				<misses>821900001</misses>
				<total>0</total>
				<timestamp>5297.316327</timestamp>
			</report>
			<report>
				<misses>822000001</misses>
				<total>0</total>
				<timestamp>5297.953687</timestamp>
			</report>
			<report>
				<misses>822100001</misses>
				<total>0</total>
				<timestamp>5298.590629</timestamp>
			</report>
			<report>
				<misses>822200001</misses>
				<total>0</total>
				<timestamp>5299.227446</timestamp>
			</report>
			<report>
				<misses>822300001</misses>
				<total>0</total>
				<timestamp>5299.864458</timestamp>
			</report>
			<report>
				<misses>822400001</misses>
				<total>0</total>
				<timestamp>5300.501478</timestamp>
			</report>
			<report>
				<misses>822500001</misses>
				<total>0</total>
				<timestamp>5301.139065</timestamp>
			</report>
			<report>
				<misses>822600001</misses>
				<total>0</total>
				<timestamp>5301.776835</timestamp>
			</report>
			<report>
				<misses>822700001</misses>
				<total>0</total>
				<timestamp>5302.414608</timestamp>
			</report>
			<report>
				<misses>822800001</misses>
				<total>0</total>
				<timestamp>5303.051728</timestamp>
			</report>
			<report>
				<misses>822900001</misses>
				<total>0</total>
				<timestamp>5303.687914</timestamp>
			</report>
			<report>
				<misses>823000001</misses>
				<total>0</total>
				<timestamp>5304.323701</timestamp>
			</report>
			<report>
				<misses>823100001</misses>
				<total>0</total>
				<timestamp>5304.962013</timestamp>
			</report>
			<report>
				<misses>823200001</misses>
				<total>0</total>
				<timestamp>5305.600391</timestamp>
			</report>
			<report>
				<misses>823300001</misses>
				<total>0</total>
				<timestamp>5306.236231</timestamp>
			</report>
			<report>
				<misses>823400001</misses>
				<total>0</total>
				<timestamp>5306.872849</timestamp>
			</report>
			<report>
				<misses>823500001</misses>
				<total>0</total>
				<timestamp>5307.508811</timestamp>
			</report>
			<report>
				<misses>823600001</misses>
				<total>0</total>
				<timestamp>5308.144718</timestamp>
			</report>
			<report>
				<misses>823700001</misses>
				<total>0</total>
				<timestamp>5308.779886</timestamp>
			</report>
			<report>
				<misses>823800001</misses>
				<total>0</total>
				<timestamp>5309.414631</timestamp>
			</report>
			<report>
				<misses>823900001</misses>
				<total>0</total>
				<timestamp>5310.061801</timestamp>
			</report>
			<report>
				<misses>824000001</misses>
				<total>0</total>
				<timestamp>5310.716117</timestamp>
			</report>
			<report>
				<misses>824100001</misses>
				<total>0</total>
				<timestamp>5311.369236</timestamp>
			</report>
			<report>
				<misses>824200001</misses>
				<total>0</total>
				<timestamp>5312.022627</timestamp>
			</report>
			<report>
				<misses>824300001</misses>
				<total>0</total>
				<timestamp>5312.676434</timestamp>
			</report>
			<report>
				<misses>824400001</misses>
				<total>0</total>
				<timestamp>5313.330238</timestamp>
			</report>
			<report>
				<misses>824500001</misses>
				<total>0</total>
				<timestamp>5313.984072</timestamp>
			</report>
			<report>
				<misses>824600001</misses>
				<total>0</total>
				<timestamp>5314.637401</timestamp>
			</report>
			<report>
				<misses>824700001</misses>
				<total>0</total>
				<timestamp>5315.290328</timestamp>
			</report>
			<report>
				<misses>824800001</misses>
				<total>0</total>
				<timestamp>5315.943558</timestamp>
			</report>
			<report>
				<misses>824900001</misses>
				<total>0</total>
				<timestamp>5316.597941</timestamp>
			</report>
			<report>
				<misses>825000001</misses>
				<total>0</total>
				<timestamp>5317.253962</timestamp>
			</report>
			<report>
				<misses>825100001</misses>
				<total>0</total>
				<timestamp>5317.907878</timestamp>
			</report>
			<report>
				<misses>825200001</misses>
				<total>0</total>
				<timestamp>5318.561896</timestamp>
			</report>
			<report>
				<misses>825300001</misses>
				<total>0</total>
				<timestamp>5319.215720</timestamp>
			</report>
			<report>
				<misses>825400001</misses>
				<total>0</total>
				<timestamp>5319.869232</timestamp>
			</report>
			<report>
				<misses>825500001</misses>
				<total>0</total>
				<timestamp>5320.522306</timestamp>
			</report>
			<report>
				<misses>825600001</misses>
				<total>0</total>
				<timestamp>5321.175197</timestamp>
			</report>
			<report>
				<misses>825700001</misses>
				<total>0</total>
				<timestamp>5321.828907</timestamp>
			</report>
			<report>
				<misses>825800001</misses>
				<total>0</total>
				<timestamp>5322.482658</timestamp>
			</report>
			<report>
				<misses>825900001</misses>
				<total>0</total>
				<timestamp>5323.137492</timestamp>
			</report>
			<report>
				<misses>826000001</misses>
				<total>0</total>
				<timestamp>5323.791052</timestamp>
			</report>
			<report>
				<misses>826100001</misses>
				<total>0</total>
				<timestamp>5324.444407</timestamp>
			</report>
			<report>
				<misses>826200001</misses>
				<total>0</total>
				<timestamp>5325.099356</timestamp>
			</report>
			<report>
				<misses>826300001</misses>
				<total>0</total>
				<timestamp>5325.754316</timestamp>
			</report>
			<report>
				<misses>826400001</misses>
				<total>0</total>
				<timestamp>5326.408658</timestamp>
			</report>
			<report>
				<misses>826500001</misses>
				<total>0</total>
				<timestamp>5327.063926</timestamp>
			</report>
			<report>
				<misses>826600001</misses>
				<total>0</total>
				<timestamp>5327.719173</timestamp>
			</report>
			<report>
				<misses>826700001</misses>
				<total>0</total>
				<timestamp>5328.373909</timestamp>
			</report>
			<report>
				<misses>826800001</misses>
				<total>0</total>
				<timestamp>5329.028558</timestamp>
			</report>
			<report>
				<misses>826900001</misses>
				<total>0</total>
				<timestamp>5329.684556</timestamp>
			</report>
			<report>
				<misses>827000001</misses>
				<total>0</total>
				<timestamp>5330.340264</timestamp>
			</report>
			<report>
				<misses>827100001</misses>
				<total>0</total>
				<timestamp>5330.993904</timestamp>
			</report>
			<report>
				<misses>827200001</misses>
				<total>0</total>
				<timestamp>5331.643142</timestamp>
			</report>
			<report>
				<misses>827300001</misses>
				<total>0</total>
				<timestamp>5332.293432</timestamp>
			</report>
			<report>
				<misses>827400001</misses>
				<total>0</total>
				<timestamp>5332.944226</timestamp>
			</report>
			<report>
				<misses>827500001</misses>
				<total>0</total>
				<timestamp>5333.593650</timestamp>
			</report>
			<report>
				<misses>827600001</misses>
				<total>0</total>
				<timestamp>5334.243601</timestamp>
			</report>
			<report>
				<misses>827700001</misses>
				<total>0</total>
				<timestamp>5334.894377</timestamp>
			</report>
			<report>
				<misses>827800001</misses>
				<total>0</total>
				<timestamp>5335.544029</timestamp>
			</report>
			<report>
				<misses>827900001</misses>
				<total>0</total>
				<timestamp>5336.194185</timestamp>
			</report>
			<report>
				<misses>828000001</misses>
				<total>0</total>
				<timestamp>5336.845675</timestamp>
			</report>
			<report>
				<misses>828100001</misses>
				<total>0</total>
				<timestamp>5337.496962</timestamp>
			</report>
			<report>
				<misses>828200001</misses>
				<total>0</total>
				<timestamp>5338.148172</timestamp>
			</report>
			<report>
				<misses>828300001</misses>
				<total>0</total>
				<timestamp>5338.799229</timestamp>
			</report>
			<report>
				<misses>828400001</misses>
				<total>0</total>
				<timestamp>5339.451809</timestamp>
			</report>
			<report>
				<misses>828500001</misses>
				<total>0</total>
				<timestamp>5340.104035</timestamp>
			</report>
			<report>
				<misses>828600001</misses>
				<total>0</total>
				<timestamp>5340.755691</timestamp>
			</report>
			<report>
				<misses>828700001</misses>
				<total>0</total>
				<timestamp>5341.407368</timestamp>
			</report>
			<report>
				<misses>828800001</misses>
				<total>0</total>
				<timestamp>5342.059846</timestamp>
			</report>
			<report>
				<misses>828900001</misses>
				<total>0</total>
				<timestamp>5342.711499</timestamp>
			</report>
			<report>
				<misses>829000001</misses>
				<total>0</total>
				<timestamp>5343.363463</timestamp>
			</report>
			<report>
				<misses>829100001</misses>
				<total>0</total>
				<timestamp>5344.013943</timestamp>
			</report>
			<report>
				<misses>829200001</misses>
				<total>0</total>
				<timestamp>5344.664546</timestamp>
			</report>
			<report>
				<misses>829300001</misses>
				<total>0</total>
				<timestamp>5345.315853</timestamp>
			</report>
			<report>
				<misses>829400001</misses>
				<total>0</total>
				<timestamp>5345.967261</timestamp>
			</report>
			<report>
				<misses>829500001</misses>
				<total>0</total>
				<timestamp>5346.619441</timestamp>
			</report>
			<report>
				<misses>829600001</misses>
				<total>0</total>
				<timestamp>5347.270445</timestamp>
			</report>
			<report>
				<misses>829700001</misses>
				<total>0</total>
				<timestamp>5347.921098</timestamp>
			</report>
			<report>
				<misses>829800001</misses>
				<total>0</total>
				<timestamp>5348.571665</timestamp>
			</report>
			<report>
				<misses>829900001</misses>
				<total>0</total>
				<timestamp>5349.222493</timestamp>
			</report>
			<report>
				<misses>830000001</misses>
				<total>0</total>
				<timestamp>5349.875392</timestamp>
			</report>
			<report>
				<misses>830100001</misses>
				<total>0</total>
				<timestamp>5350.524526</timestamp>
			</report>
			<report>
				<misses>830200001</misses>
				<total>0</total>
				<timestamp>5351.173962</timestamp>
			</report>
			<report>
				<misses>830300001</misses>
				<total>0</total>
				<timestamp>5351.823944</timestamp>
			</report>
			<report>
				<misses>830400001</misses>
				<total>0</total>
				<timestamp>5352.473116</timestamp>
			</report>
			<report>
				<misses>830500001</misses>
				<total>0</total>
				<timestamp>5353.123130</timestamp>
			</report>
			<report>
				<misses>830600001</misses>
				<total>0</total>
				<timestamp>5353.771645</timestamp>
			</report>
			<report>
				<misses>830700001</misses>
				<total>0</total>
				<timestamp>5354.420487</timestamp>
			</report>
			<report>
				<misses>830800001</misses>
				<total>0</total>
				<timestamp>5355.069867</timestamp>
			</report>
			<report>
				<misses>830900001</misses>
				<total>0</total>
				<timestamp>5355.718849</timestamp>
			</report>
			<report>
				<misses>831000001</misses>
				<total>0</total>
				<timestamp>5356.367340</timestamp>
			</report>
			<report>
				<misses>831100001</misses>
				<total>0</total>
				<timestamp>5357.017028</timestamp>
			</report>
			<report>
				<misses>831200001</misses>
				<total>0</total>
				<timestamp>5357.665573</timestamp>
			</report>
			<report>
				<misses>831300001</misses>
				<total>0</total>
				<timestamp>5358.314041</timestamp>
			</report>
			<report>
				<misses>831400001</misses>
				<total>0</total>
				<timestamp>5358.962900</timestamp>
			</report>
			<report>
				<misses>831500001</misses>
				<total>0</total>
				<timestamp>5359.613213</timestamp>
			</report>
			<report>
				<misses>831600001</misses>
				<total>0</total>
				<timestamp>5360.262824</timestamp>
			</report>
			<report>
				<misses>831700001</misses>
				<total>0</total>
				<timestamp>5360.912172</timestamp>
			</report>
			<report>
				<misses>831800001</misses>
				<total>0</total>
				<timestamp>5361.561294</timestamp>
			</report>
			<report>
				<misses>831900001</misses>
				<total>0</total>
				<timestamp>5362.210393</timestamp>
			</report>
			<report>
				<misses>832000001</misses>
				<total>0</total>
				<timestamp>5362.860309</timestamp>
			</report>
			<report>
				<misses>832100001</misses>
				<total>0</total>
				<timestamp>5363.505428</timestamp>
			</report>
			<report>
				<misses>832200001</misses>
				<total>0</total>
				<timestamp>5364.151432</timestamp>
			</report>
			<report>
				<misses>832300001</misses>
				<total>0</total>
				<timestamp>5364.797224</timestamp>
			</report>
			<report>
				<misses>832400001</misses>
				<total>0</total>
				<timestamp>5365.442442</timestamp>
			</report>
			<report>
				<misses>832500001</misses>
				<total>0</total>
				<timestamp>5366.086013</timestamp>
			</report>
			<report>
				<misses>832600001</misses>
				<total>0</total>
				<timestamp>5366.728416</timestamp>
			</report>
			<report>
				<misses>832700001</misses>
				<total>0</total>
				<timestamp>5367.372759</timestamp>
			</report>
			<report>
				<misses>832800001</misses>
				<total>0</total>
				<timestamp>5368.016341</timestamp>
			</report>
			<report>
				<misses>832900001</misses>
				<total>0</total>
				<timestamp>5368.660422</timestamp>
			</report>
			<report>
				<misses>833000001</misses>
				<total>0</total>
				<timestamp>5369.304894</timestamp>
			</report>
			<report>
				<misses>833100001</misses>
				<total>0</total>
				<timestamp>5369.949473</timestamp>
			</report>
			<report>
				<misses>833200001</misses>
				<total>0</total>
				<timestamp>5370.592614</timestamp>
			</report>
			<report>
				<misses>833300001</misses>
				<total>0</total>
				<timestamp>5371.236216</timestamp>
			</report>
			<report>
				<misses>833400001</misses>
				<total>0</total>
				<timestamp>5371.879635</timestamp>
			</report>
			<report>
				<misses>833500001</misses>
				<total>0</total>
				<timestamp>5372.525272</timestamp>
			</report>
			<report>
				<misses>833600001</misses>
				<total>0</total>
				<timestamp>5373.172916</timestamp>
			</report>
			<report>
				<misses>833700001</misses>
				<total>0</total>
				<timestamp>5373.817440</timestamp>
			</report>
			<report>
				<misses>833800001</misses>
				<total>0</total>
				<timestamp>5374.468002</timestamp>
			</report>
			<report>
				<misses>833900001</misses>
				<total>0</total>
				<timestamp>5375.113466</timestamp>
			</report>
			<report>
				<misses>834000001</misses>
				<total>0</total>
				<timestamp>5375.759097</timestamp>
			</report>
			<report>
				<misses>834100001</misses>
				<total>0</total>
				<timestamp>5376.405157</timestamp>
			</report>
			<report>
				<misses>834200001</misses>
				<total>0</total>
				<timestamp>5377.050084</timestamp>
			</report>
			<report>
				<misses>834300001</misses>
				<total>0</total>
				<timestamp>5377.696954</timestamp>
			</report>
			<report>
				<misses>834400001</misses>
				<total>0</total>
				<timestamp>5378.342107</timestamp>
			</report>
			<report>
				<misses>834500001</misses>
				<total>0</total>
				<timestamp>5378.988412</timestamp>
			</report>
			<report>
				<misses>834600001</misses>
				<total>0</total>
				<timestamp>5379.634743</timestamp>
			</report>
			<report>
				<misses>834700001</misses>
				<total>0</total>
				<timestamp>5380.281211</timestamp>
			</report>
			<report>
				<misses>834800001</misses>
				<total>0</total>
				<timestamp>5380.929500</timestamp>
			</report>
			<report>
				<misses>834900001</misses>
				<total>0</total>
				<timestamp>5381.580895</timestamp>
			</report>
			<report>
				<misses>835000001</misses>
				<total>0</total>
				<timestamp>5382.229769</timestamp>
			</report>
			<report>
				<misses>835100001</misses>
				<total>0</total>
				<timestamp>5382.879123</timestamp>
			</report>
			<report>
				<misses>835200001</misses>
				<total>0</total>
				<timestamp>5383.527246</timestamp>
			</report>
			<report>
				<misses>835300001</misses>
				<total>0</total>
				<timestamp>5384.178149</timestamp>
			</report>
			<report>
				<misses>835400001</misses>
				<total>0</total>
				<timestamp>5384.824214</timestamp>
			</report>
			<report>
				<misses>835500001</misses>
				<total>0</total>
				<timestamp>5385.477446</timestamp>
			</report>
			<report>
				<misses>835600001</misses>
				<total>0</total>
				<timestamp>5386.128947</timestamp>
			</report>
			<report>
				<misses>835700001</misses>
				<total>0</total>
				<timestamp>5386.781990</timestamp>
			</report>
			<report>
				<misses>835800001</misses>
				<total>0</total>
				<timestamp>5387.431786</timestamp>
			</report>
			<report>
				<misses>835900001</misses>
				<total>0</total>
				<timestamp>5388.081790</timestamp>
			</report>
			<report>
				<misses>836000001</misses>
				<total>0</total>
				<timestamp>5388.734414</timestamp>
			</report>
			<report>
				<misses>836100001</misses>
				<total>0</total>
				<timestamp>5389.386266</timestamp>
			</report>
			<report>
				<misses>836200001</misses>
				<total>0</total>
				<timestamp>5390.035794</timestamp>
			</report>
			<report>
				<misses>836300001</misses>
				<total>0</total>
				<timestamp>5390.685569</timestamp>
			</report>
			<report>
				<misses>836400001</misses>
				<total>0</total>
				<timestamp>5391.334947</timestamp>
			</report>
			<report>
				<misses>836500001</misses>
				<total>0</total>
				<timestamp>5391.983026</timestamp>
			</report>
			<report>
				<misses>836600001</misses>
				<total>0</total>
				<timestamp>5392.636105</timestamp>
			</report>
			<report>
				<misses>836700001</misses>
				<total>0</total>
				<timestamp>5393.287234</timestamp>
			</report>
			<report>
				<misses>836800001</misses>
				<total>0</total>
				<timestamp>5393.936644</timestamp>
			</report>
			<report>
				<misses>836900001</misses>
				<total>0</total>
				<timestamp>5394.588386</timestamp>
			</report>
			<report>
				<misses>837000001</misses>
				<total>0</total>
				<timestamp>5395.238642</timestamp>
			</report>
			<report>
				<misses>837100001</misses>
				<total>0</total>
				<timestamp>5395.891780</timestamp>
			</report>
			<report>
				<misses>837200001</misses>
				<total>0</total>
				<timestamp>5396.541893</timestamp>
			</report>
			<report>
				<misses>837300001</misses>
				<total>0</total>
				<timestamp>5397.192183</timestamp>
			</report>
			<report>
				<misses>837400001</misses>
				<total>0</total>
				<timestamp>5397.843287</timestamp>
			</report>
			<report>
				<misses>837500001</misses>
				<total>0</total>
				<timestamp>5398.488496</timestamp>
			</report>
			<report>
				<misses>837600001</misses>
				<total>0</total>
				<timestamp>5399.133885</timestamp>
			</report>
			<report>
				<misses>837700001</misses>
				<total>0</total>
				<timestamp>5399.779137</timestamp>
			</report>
			<report>
				<misses>837800001</misses>
				<total>0</total>
				<timestamp>5400.424756</timestamp>
			</report>
			<report>
				<misses>837900001</misses>
				<total>0</total>
				<timestamp>5401.070714</timestamp>
			</report>
			<report>
				<misses>838000001</misses>
				<total>0</total>
				<timestamp>5401.717513</timestamp>
			</report>
			<report>
				<misses>838100001</misses>
				<total>0</total>
				<timestamp>5402.364213</timestamp>
			</report>
			<report>
				<misses>838200001</misses>
				<total>0</total>
				<timestamp>5403.009612</timestamp>
			</report>
			<report>
				<misses>838300001</misses>
				<total>0</total>
				<timestamp>5403.655367</timestamp>
			</report>
			<report>
				<misses>838400001</misses>
				<total>0</total>
				<timestamp>5404.302141</timestamp>
			</report>
			<report>
				<misses>838500001</misses>
				<total>0</total>
				<timestamp>5404.948984</timestamp>
			</report>
			<report>
				<misses>838600001</misses>
				<total>0</total>
				<timestamp>5405.595529</timestamp>
			</report>
			<report>
				<misses>838700001</misses>
				<total>0</total>
				<timestamp>5406.242214</timestamp>
			</report>
			<report>
				<misses>838800001</misses>
				<total>0</total>
				<timestamp>5406.888880</timestamp>
			</report>
			<report>
				<misses>838900001</misses>
				<total>0</total>
				<timestamp>5407.534922</timestamp>
			</report>
			<report>
				<misses>839000001</misses>
				<total>0</total>
				<timestamp>5408.180776</timestamp>
			</report>
			<report>
				<misses>839100001</misses>
				<total>0</total>
				<timestamp>5408.827059</timestamp>
			</report>
			<report>
				<misses>839200001</misses>
				<total>0</total>
				<timestamp>5409.472306</timestamp>
			</report>
			<report>
				<misses>839300001</misses>
				<total>0</total>
				<timestamp>5410.117540</timestamp>
			</report>
			<report>
				<misses>839400001</misses>
				<total>0</total>
				<timestamp>5410.762454</timestamp>
			</report>
			<report>
				<misses>839500001</misses>
				<total>0</total>
				<timestamp>5411.406488</timestamp>
			</report>
			<report>
				<misses>839600001</misses>
				<total>0</total>
				<timestamp>5412.050631</timestamp>
			</report>
			<report>
				<misses>839700001</misses>
				<total>0</total>
				<timestamp>5412.695347</timestamp>
			</report>
			<report>
				<misses>839800001</misses>
				<total>0</total>
				<timestamp>5413.339943</timestamp>
			</report>
			<report>
				<misses>839900001</misses>
				<total>0</total>
				<timestamp>5413.984769</timestamp>
			</report>
			<report>
				<misses>840000001</misses>
				<total>0</total>
				<timestamp>5414.624094</timestamp>
			</report>
			<report>
				<misses>840100001</misses>
				<total>0</total>
				<timestamp>5415.262060</timestamp>
			</report>
			<report>
				<misses>840200001</misses>
				<total>0</total>
				<timestamp>5415.898989</timestamp>
			</report>
			<report>
				<misses>840300001</misses>
				<total>0</total>
				<timestamp>5416.536338</timestamp>
			</report>
			<report>
				<misses>840400001</misses>
				<total>0</total>
				<timestamp>5417.174331</timestamp>
			</report>
			<report>
				<misses>840500001</misses>
				<total>0</total>
				<timestamp>5417.812975</timestamp>
			</report>
			<report>
				<misses>840600001</misses>
				<total>0</total>
				<timestamp>5418.452142</timestamp>
			</report>
			<report>
				<misses>840700001</misses>
				<total>0</total>
				<timestamp>5419.091078</timestamp>
			</report>
			<report>
				<misses>840800001</misses>
				<total>0</total>
				<timestamp>5419.729833</timestamp>
			</report>
			<report>
				<misses>840900001</misses>
				<total>0</total>
				<timestamp>5420.368619</timestamp>
			</report>
			<report>
				<misses>841000001</misses>
				<total>0</total>
				<timestamp>5421.006777</timestamp>
			</report>
			<report>
				<misses>841100001</misses>
				<total>0</total>
				<timestamp>5421.645506</timestamp>
			</report>
			<report>
				<misses>841200001</misses>
				<total>0</total>
				<timestamp>5422.284294</timestamp>
			</report>
			<report>
				<misses>841300001</misses>
				<total>0</total>
				<timestamp>5422.923572</timestamp>
			</report>
			<report>
				<misses>841400001</misses>
				<total>0</total>
				<timestamp>5423.563037</timestamp>
			</report>
			<report>
				<misses>841500001</misses>
				<total>0</total>
				<timestamp>5424.201210</timestamp>
			</report>
			<report>
				<misses>841600001</misses>
				<total>0</total>
				<timestamp>5424.840039</timestamp>
			</report>
			<report>
				<misses>841700001</misses>
				<total>0</total>
				<timestamp>5425.478549</timestamp>
			</report>
			<report>
				<misses>841800001</misses>
				<total>0</total>
				<timestamp>5426.117095</timestamp>
			</report>
			<report>
				<misses>841900001</misses>
				<total>0</total>
				<timestamp>5426.756450</timestamp>
			</report>
			<report>
				<misses>842000001</misses>
				<total>0</total>
				<timestamp>5427.394824</timestamp>
			</report>
			<report>
				<misses>842100001</misses>
				<total>0</total>
				<timestamp>5428.033400</timestamp>
			</report>
			<report>
				<misses>842200001</misses>
				<total>0</total>
				<timestamp>5428.671940</timestamp>
			</report>
			<report>
				<misses>842300001</misses>
				<total>0</total>
				<timestamp>5429.312461</timestamp>
			</report>
			<report>
				<misses>842400001</misses>
				<total>0</total>
				<timestamp>5429.951687</timestamp>
			</report>
			<report>
				<misses>842500001</misses>
				<total>0</total>
				<timestamp>5430.590701</timestamp>
			</report>
			<report>
				<misses>842600001</misses>
				<total>0</total>
				<timestamp>5431.229373</timestamp>
			</report>
			<report>
				<misses>842700001</misses>
				<total>0</total>
				<timestamp>5431.867859</timestamp>
			</report>
			<report>
				<misses>842800001</misses>
				<total>0</total>
				<timestamp>5432.506258</timestamp>
			</report>
			<report>
				<misses>842900001</misses>
				<total>0</total>
				<timestamp>5433.144676</timestamp>
			</report>
			<report>
				<misses>843000001</misses>
				<total>0</total>
				<timestamp>5433.783042</timestamp>
			</report>
			<report>
				<misses>843100001</misses>
				<total>0</total>
				<timestamp>5434.421473</timestamp>
			</report>
			<report>
				<misses>843200001</misses>
				<total>0</total>
				<timestamp>5435.060225</timestamp>
			</report>
			<report>
				<misses>843300001</misses>
				<total>0</total>
				<timestamp>5435.698559</timestamp>
			</report>
			<report>
				<misses>843400001</misses>
				<total>0</total>
				<timestamp>5436.336744</timestamp>
			</report>
			<report>
				<misses>843500001</misses>
				<total>0</total>
				<timestamp>5436.976203</timestamp>
			</report>
			<report>
				<misses>843600001</misses>
				<total>0</total>
				<timestamp>5437.615066</timestamp>
			</report>
			<report>
				<misses>843700001</misses>
				<total>0</total>
				<timestamp>5438.253434</timestamp>
			</report>
			<report>
				<misses>843800001</misses>
				<total>0</total>
				<timestamp>5438.892282</timestamp>
			</report>
			<report>
				<misses>843900001</misses>
				<total>0</total>
				<timestamp>5439.530799</timestamp>
			</report>
			<report>
				<misses>844000001</misses>
				<total>0</total>
				<timestamp>5440.169499</timestamp>
			</report>
			<report>
				<misses>844100001</misses>
				<total>0</total>
				<timestamp>5440.808303</timestamp>
			</report>
			<report>
				<misses>844200001</misses>
				<total>0</total>
				<timestamp>5441.446358</timestamp>
			</report>
			<report>
				<misses>844300001</misses>
				<total>0</total>
				<timestamp>5442.084145</timestamp>
			</report>
			<report>
				<misses>844400001</misses>
				<total>0</total>
				<timestamp>5442.721648</timestamp>
			</report>
			<report>
				<misses>844500001</misses>
				<total>0</total>
				<timestamp>5443.359324</timestamp>
			</report>
			<report>
				<misses>844600001</misses>
				<total>0</total>
				<timestamp>5443.997258</timestamp>
			</report>
			<report>
				<misses>844700001</misses>
				<total>0</total>
				<timestamp>5444.634691</timestamp>
			</report>
			<report>
				<misses>844800001</misses>
				<total>0</total>
				<timestamp>5445.271138</timestamp>
			</report>
			<report>
				<misses>844900001</misses>
				<total>0</total>
				<timestamp>5445.906538</timestamp>
			</report>
			<report>
				<misses>845000001</misses>
				<total>0</total>
				<timestamp>5446.541719</timestamp>
			</report>
			<report>
				<misses>845100001</misses>
				<total>0</total>
				<timestamp>5447.176917</timestamp>
			</report>
			<report>
				<misses>845200001</misses>
				<total>0</total>
				<timestamp>5447.813781</timestamp>
			</report>
			<report>
				<misses>845300001</misses>
				<total>0</total>
				<timestamp>5448.449788</timestamp>
			</report>
			<report>
				<misses>845400001</misses>
				<total>0</total>
				<timestamp>5449.086071</timestamp>
			</report>
			<report>
				<misses>845500001</misses>
				<total>0</total>
				<timestamp>5449.722242</timestamp>
			</report>
			<report>
				<misses>845600001</misses>
				<total>0</total>
				<timestamp>5450.358545</timestamp>
			</report>
			<report>
				<misses>845700001</misses>
				<total>0</total>
				<timestamp>5450.994165</timestamp>
			</report>
			<report>
				<misses>845800001</misses>
				<total>0</total>
				<timestamp>5451.630720</timestamp>
			</report>
			<report>
				<misses>845900001</misses>
				<total>0</total>
				<timestamp>5452.266541</timestamp>
			</report>
			<report>
				<misses>846000001</misses>
				<total>0</total>
				<timestamp>5452.901792</timestamp>
			</report>
			<report>
				<misses>846100001</misses>
				<total>0</total>
				<timestamp>5453.550158</timestamp>
			</report>
			<report>
				<misses>846200001</misses>
				<total>0</total>
				<timestamp>5454.198667</timestamp>
			</report>
			<report>
				<misses>846300001</misses>
				<total>0</total>
				<timestamp>5454.849919</timestamp>
			</report>
			<report>
				<misses>846400001</misses>
				<total>0</total>
				<timestamp>5455.501400</timestamp>
			</report>
			<report>
				<misses>846500001</misses>
				<total>0</total>
				<timestamp>5456.154225</timestamp>
			</report>
			<report>
				<misses>846600001</misses>
				<total>0</total>
				<timestamp>5456.804855</timestamp>
			</report>
			<report>
				<misses>846700001</misses>
				<total>0</total>
				<timestamp>5457.456280</timestamp>
			</report>
			<report>
				<misses>846800001</misses>
				<total>0</total>
				<timestamp>5458.107857</timestamp>
			</report>
			<report>
				<misses>846900001</misses>
				<total>0</total>
				<timestamp>5458.760736</timestamp>
			</report>
			<report>
				<misses>847000001</misses>
				<total>0</total>
				<timestamp>5459.413571</timestamp>
			</report>
			<report>
				<misses>847100001</misses>
				<total>0</total>
				<timestamp>5460.066694</timestamp>
			</report>
			<report>
				<misses>847200001</misses>
				<total>0</total>
				<timestamp>5460.718312</timestamp>
			</report>
			<report>
				<misses>847300001</misses>
				<total>0</total>
				<timestamp>5461.369692</timestamp>
			</report>
			<report>
				<misses>847400001</misses>
				<total>0</total>
				<timestamp>5462.023179</timestamp>
			</report>
			<report>
				<misses>847500001</misses>
				<total>0</total>
				<timestamp>5462.675590</timestamp>
			</report>
			<report>
				<misses>847600001</misses>
				<total>0</total>
				<timestamp>5463.327720</timestamp>
			</report>
			<report>
				<misses>847700001</misses>
				<total>0</total>
				<timestamp>5463.981453</timestamp>
			</report>
			<report>
				<misses>847800001</misses>
				<total>0</total>
				<timestamp>5464.635283</timestamp>
			</report>
			<report>
				<misses>847900001</misses>
				<total>0</total>
				<timestamp>5465.287830</timestamp>
			</report>
			<report>
				<misses>848000001</misses>
				<total>0</total>
				<timestamp>5465.941205</timestamp>
			</report>
			<report>
				<misses>848100001</misses>
				<total>0</total>
				<timestamp>5466.594177</timestamp>
			</report>
			<report>
				<misses>848200001</misses>
				<total>0</total>
				<timestamp>5467.246531</timestamp>
			</report>
			<report>
				<misses>848300001</misses>
				<total>0</total>
				<timestamp>5467.895298</timestamp>
			</report>
			<report>
				<misses>848400001</misses>
				<total>0</total>
				<timestamp>5468.543715</timestamp>
			</report>
			<report>
				<misses>848500001</misses>
				<total>0</total>
				<timestamp>5469.191881</timestamp>
			</report>
			<report>
				<misses>848600001</misses>
				<total>0</total>
				<timestamp>5469.840044</timestamp>
			</report>
			<report>
				<misses>848700001</misses>
				<total>0</total>
				<timestamp>5470.490033</timestamp>
			</report>
			<report>
				<misses>848800001</misses>
				<total>0</total>
				<timestamp>5471.136432</timestamp>
			</report>
			<report>
				<misses>848900001</misses>
				<total>0</total>
				<timestamp>5471.789463</timestamp>
			</report>
			<report>
				<misses>849000001</misses>
				<total>0</total>
				<timestamp>5472.442814</timestamp>
			</report>
			<report>
				<misses>849100001</misses>
				<total>0</total>
				<timestamp>5473.093045</timestamp>
			</report>
			<report>
				<misses>849200001</misses>
				<total>0</total>
				<timestamp>5473.751095</timestamp>
			</report>
			<report>
				<misses>849300001</misses>
				<total>0</total>
				<timestamp>5474.403805</timestamp>
			</report>
			<report>
				<misses>849400001</misses>
				<total>0</total>
				<timestamp>5475.055565</timestamp>
			</report>
			<report>
				<misses>849500001</misses>
				<total>0</total>
				<timestamp>5475.708398</timestamp>
			</report>
			<report>
				<misses>849600001</misses>
				<total>0</total>
				<timestamp>5476.359629</timestamp>
			</report>
			<report>
				<misses>849700001</misses>
				<total>0</total>
				<timestamp>5477.011228</timestamp>
			</report>
			<report>
				<misses>849800001</misses>
				<total>0</total>
				<timestamp>5477.667296</timestamp>
			</report>
			<report>
				<misses>849900001</misses>
				<total>0</total>
				<timestamp>5478.317892</timestamp>
			</report>
			<report>
				<misses>850000001</misses>
				<total>0</total>
				<timestamp>5478.972960</timestamp>
			</report>
			<report>
				<misses>850100001</misses>
				<total>0</total>
				<timestamp>5479.630629</timestamp>
			</report>
			<report>
				<misses>850200001</misses>
				<total>0</total>
				<timestamp>5480.279026</timestamp>
			</report>
			<report>
				<misses>850300001</misses>
				<total>0</total>
				<timestamp>5480.925640</timestamp>
			</report>
			<report>
				<misses>850400001</misses>
				<total>0</total>
				<timestamp>5481.571922</timestamp>
			</report>
			<report>
				<misses>850500001</misses>
				<total>0</total>
				<timestamp>5482.218332</timestamp>
			</report>
			<report>
				<misses>850600001</misses>
				<total>0</total>
				<timestamp>5482.864012</timestamp>
			</report>
			<report>
				<misses>850700001</misses>
				<total>0</total>
				<timestamp>5483.510798</timestamp>
			</report>
			<report>
				<misses>850800001</misses>
				<total>0</total>
				<timestamp>5484.158495</timestamp>
			</report>
			<report>
				<misses>850900001</misses>
				<total>0</total>
				<timestamp>5484.805397</timestamp>
			</report>
			<report>
				<misses>851000001</misses>
				<total>0</total>
				<timestamp>5485.451499</timestamp>
			</report>
			<report>
				<misses>851100001</misses>
				<total>0</total>
				<timestamp>5486.098299</timestamp>
			</report>
			<report>
				<misses>851200001</misses>
				<total>0</total>
				<timestamp>5486.745065</timestamp>
			</report>
			<report>
				<misses>851300001</misses>
				<total>0</total>
				<timestamp>5487.391843</timestamp>
			</report>
			<report>
				<misses>851400001</misses>
				<total>0</total>
				<timestamp>5488.038460</timestamp>
			</report>
			<report>
				<misses>851500001</misses>
				<total>0</total>
				<timestamp>5488.685886</timestamp>
			</report>
			<report>
				<misses>851600001</misses>
				<total>0</total>
				<timestamp>5489.333128</timestamp>
			</report>
			<report>
				<misses>851700001</misses>
				<total>0</total>
				<timestamp>5489.978484</timestamp>
			</report>
			<report>
				<misses>851800001</misses>
				<total>0</total>
				<timestamp>5490.618616</timestamp>
			</report>
			<report>
				<misses>851900001</misses>
				<total>0</total>
				<timestamp>5491.259250</timestamp>
			</report>
			<report>
				<misses>852000001</misses>
				<total>0</total>
				<timestamp>5491.899050</timestamp>
			</report>
			<report>
				<misses>852100001</misses>
				<total>0</total>
				<timestamp>5492.538566</timestamp>
			</report>
			<report>
				<misses>852200001</misses>
				<total>0</total>
				<timestamp>5493.178039</timestamp>
			</report>
			<report>
				<misses>852300001</misses>
				<total>0</total>
				<timestamp>5493.817631</timestamp>
			</report>
			<report>
				<misses>852400001</misses>
				<total>0</total>
				<timestamp>5494.456937</timestamp>
			</report>
			<report>
				<misses>852500001</misses>
				<total>0</total>
				<timestamp>5495.096315</timestamp>
			</report>
			<report>
				<misses>852600001</misses>
				<total>0</total>
				<timestamp>5495.735477</timestamp>
			</report>
			<report>
				<misses>852700001</misses>
				<total>0</total>
				<timestamp>5496.375096</timestamp>
			</report>
			<report>
				<misses>852800001</misses>
				<total>0</total>
				<timestamp>5497.014942</timestamp>
			</report>
			<report>
				<misses>852900001</misses>
				<total>0</total>
				<timestamp>5497.655186</timestamp>
			</report>
			<report>
				<misses>853000001</misses>
				<total>0</total>
				<timestamp>5498.295369</timestamp>
			</report>
			<report>
				<misses>853100001</misses>
				<total>0</total>
				<timestamp>5498.935578</timestamp>
			</report>
			<report>
				<misses>853200001</misses>
				<total>0</total>
				<timestamp>5499.575650</timestamp>
			</report>
			<report>
				<misses>853300001</misses>
				<total>0</total>
				<timestamp>5500.216209</timestamp>
			</report>
			<report>
				<misses>853400001</misses>
				<total>0</total>
				<timestamp>5500.857076</timestamp>
			</report>
			<report>
				<misses>853500001</misses>
				<total>0</total>
				<timestamp>5501.496841</timestamp>
			</report>
			<report>
				<misses>853600001</misses>
				<total>0</total>
				<timestamp>5502.136432</timestamp>
			</report>
			<report>
				<misses>853700001</misses>
				<total>0</total>
				<timestamp>5502.778202</timestamp>
			</report>
			<report>
				<misses>853800001</misses>
				<total>0</total>
				<timestamp>5503.417505</timestamp>
			</report>
			<report>
				<misses>853900001</misses>
				<total>0</total>
				<timestamp>5504.057466</timestamp>
			</report>
			<report>
				<misses>854000001</misses>
				<total>0</total>
				<timestamp>5504.697822</timestamp>
			</report>
			<report>
				<misses>854100001</misses>
				<total>0</total>
				<timestamp>5505.337838</timestamp>
			</report>
			<report>
				<misses>854200001</misses>
				<total>0</total>
				<timestamp>5505.977678</timestamp>
			</report>
			<report>
				<misses>854300001</misses>
				<total>0</total>
				<timestamp>5506.617746</timestamp>
			</report>
			<report>
				<misses>854400001</misses>
				<total>0</total>
				<timestamp>5507.258086</timestamp>
			</report>
			<report>
				<misses>854500001</misses>
				<total>0</total>
				<timestamp>5507.898324</timestamp>
			</report>
			<report>
				<misses>854600001</misses>
				<total>0</total>
				<timestamp>5508.537824</timestamp>
			</report>
			<report>
				<misses>854700001</misses>
				<total>0</total>
				<timestamp>5509.177325</timestamp>
			</report>
			<report>
				<misses>854800001</misses>
				<total>0</total>
				<timestamp>5509.817385</timestamp>
			</report>
			<report>
				<misses>854900001</misses>
				<total>0</total>
				<timestamp>5510.456723</timestamp>
			</report>
			<report>
				<misses>855000001</misses>
				<total>0</total>
				<timestamp>5511.096288</timestamp>
			</report>
			<report>
				<misses>855100001</misses>
				<total>0</total>
				<timestamp>5511.735944</timestamp>
			</report>
			<report>
				<misses>855200001</misses>
				<total>0</total>
				<timestamp>5512.374433</timestamp>
			</report>
			<report>
				<misses>855300001</misses>
				<total>0</total>
				<timestamp>5513.014137</timestamp>
			</report>
			<report>
				<misses>855400001</misses>
				<total>0</total>
				<timestamp>5513.653479</timestamp>
			</report>
			<report>
				<misses>855500001</misses>
				<total>0</total>
				<timestamp>5514.293692</timestamp>
			</report>
			<report>
				<misses>855600001</misses>
				<total>0</total>
				<timestamp>5514.933959</timestamp>
			</report>
			<report>
				<misses>855700001</misses>
				<total>0</total>
				<timestamp>5515.574584</timestamp>
			</report>
			<report>
				<misses>855800001</misses>
				<total>0</total>
				<timestamp>5516.215041</timestamp>
			</report>
			<report>
				<misses>855900001</misses>
				<total>0</total>
				<timestamp>5516.855071</timestamp>
			</report>
			<report>
				<misses>856000001</misses>
				<total>0</total>
				<timestamp>5517.495112</timestamp>
			</report>
			<report>
				<misses>856100001</misses>
				<total>0</total>
				<timestamp>5518.134806</timestamp>
			</report>
			<report>
				<misses>856200001</misses>
				<total>0</total>
				<timestamp>5518.774687</timestamp>
			</report>
			<report>
				<misses>856300001</misses>
				<total>0</total>
				<timestamp>5519.413826</timestamp>
			</report>
			<report>
				<misses>856400001</misses>
				<total>0</total>
				<timestamp>5520.053214</timestamp>
			</report>
			<report>
				<misses>856500001</misses>
				<total>0</total>
				<timestamp>5520.692623</timestamp>
			</report>
			<report>
				<misses>856600001</misses>
				<total>0</total>
				<timestamp>5521.332949</timestamp>
			</report>
			<report>
				<misses>856700001</misses>
				<total>0</total>
				<timestamp>5521.971784</timestamp>
			</report>
			<report>
				<misses>856800001</misses>
				<total>0</total>
				<timestamp>5522.611207</timestamp>
			</report>
			<report>
				<misses>856900001</misses>
				<total>0</total>
				<timestamp>5523.250923</timestamp>
			</report>
			<report>
				<misses>857000001</misses>
				<total>0</total>
				<timestamp>5523.890881</timestamp>
			</report>
			<report>
				<misses>857100001</misses>
				<total>0</total>
				<timestamp>5524.531577</timestamp>
			</report>
			<report>
				<misses>857200001</misses>
				<total>0</total>
				<timestamp>5525.172200</timestamp>
			</report>
			<report>
				<misses>857300001</misses>
				<total>0</total>
				<timestamp>5525.813175</timestamp>
			</report>
			<report>
				<misses>857400001</misses>
				<total>0</total>
				<timestamp>5526.453738</timestamp>
			</report>
			<report>
				<misses>857500001</misses>
				<total>0</total>
				<timestamp>5527.093787</timestamp>
			</report>
			<report>
				<misses>857600001</misses>
				<total>0</total>
				<timestamp>5527.733386</timestamp>
			</report>
			<report>
				<misses>857700001</misses>
				<total>0</total>
				<timestamp>5528.372542</timestamp>
			</report>
			<report>
				<misses>857800001</misses>
				<total>0</total>
				<timestamp>5529.012361</timestamp>
			</report>
			<report>
				<misses>857900001</misses>
				<total>0</total>
				<timestamp>5529.652721</timestamp>
			</report>
			<report>
				<misses>858000001</misses>
				<total>0</total>
				<timestamp>5530.292822</timestamp>
			</report>
			<report>
				<misses>858100001</misses>
				<total>0</total>
				<timestamp>5530.932786</timestamp>
			</report>
			<report>
				<misses>858200001</misses>
				<total>0</total>
				<timestamp>5531.572212</timestamp>
			</report>
			<report>
				<misses>858300001</misses>
				<total>0</total>
				<timestamp>5532.211615</timestamp>
			</report>
			<report>
				<misses>858400001</misses>
				<total>0</total>
				<timestamp>5532.852171</timestamp>
			</report>
			<report>
				<misses>858500001</misses>
				<total>0</total>
				<timestamp>5533.491937</timestamp>
			</report>
			<report>
				<misses>858600001</misses>
				<total>0</total>
				<timestamp>5534.132119</timestamp>
			</report>
			<report>
				<misses>858700001</misses>
				<total>0</total>
				<timestamp>5534.770621</timestamp>
			</report>
			<report>
				<misses>858800001</misses>
				<total>0</total>
				<timestamp>5535.409813</timestamp>
			</report>
			<report>
				<misses>858900001</misses>
				<total>0</total>
				<timestamp>5536.047224</timestamp>
			</report>
			<report>
				<misses>859000001</misses>
				<total>0</total>
				<timestamp>5536.685184</timestamp>
			</report>
			<report>
				<misses>859100001</misses>
				<total>0</total>
				<timestamp>5537.323554</timestamp>
			</report>
			<report>
				<misses>859200001</misses>
				<total>0</total>
				<timestamp>5537.961475</timestamp>
			</report>
			<report>
				<misses>859300001</misses>
				<total>0</total>
				<timestamp>5538.599257</timestamp>
			</report>
			<report>
				<misses>859400001</misses>
				<total>0</total>
				<timestamp>5539.237700</timestamp>
			</report>
			<report>
				<misses>859500001</misses>
				<total>0</total>
				<timestamp>5539.877047</timestamp>
			</report>
			<report>
				<misses>859600001</misses>
				<total>0</total>
				<timestamp>5540.515253</timestamp>
			</report>
			<report>
				<misses>859700001</misses>
				<total>0</total>
				<timestamp>5541.155595</timestamp>
			</report>
			<report>
				<misses>859800001</misses>
				<total>0</total>
				<timestamp>5541.793705</timestamp>
			</report>
			<report>
				<misses>859900001</misses>
				<total>0</total>
				<timestamp>5542.432694</timestamp>
			</report>
			<report>
				<misses>860000001</misses>
				<total>0</total>
				<timestamp>5543.069695</timestamp>
			</report>
			<report>
				<misses>860100001</misses>
				<total>0</total>
				<timestamp>5543.708843</timestamp>
			</report>
			<report>
				<misses>860200001</misses>
				<total>0</total>
				<timestamp>5544.348542</timestamp>
			</report>
			<report>
				<misses>860300001</misses>
				<total>0</total>
				<timestamp>5544.989349</timestamp>
			</report>
			<report>
				<misses>860400001</misses>
				<total>0</total>
				<timestamp>5545.629866</timestamp>
			</report>
			<report>
				<misses>860500001</misses>
				<total>0</total>
				<timestamp>5546.270557</timestamp>
			</report>
			<report>
				<misses>860600001</misses>
				<total>0</total>
				<timestamp>5546.912438</timestamp>
			</report>
			<report>
				<misses>860700001</misses>
				<total>0</total>
				<timestamp>5547.551796</timestamp>
			</report>
			<report>
				<misses>860800001</misses>
				<total>0</total>
				<timestamp>5548.191174</timestamp>
			</report>
			<report>
				<misses>860900001</misses>
				<total>0</total>
				<timestamp>5548.830542</timestamp>
			</report>
			<report>
				<misses>861000001</misses>
				<total>0</total>
				<timestamp>5549.470356</timestamp>
			</report>
			<report>
				<misses>861100001</misses>
				<total>0</total>
				<timestamp>5550.111436</timestamp>
			</report>
			<report>
				<misses>861200001</misses>
				<total>0</total>
				<timestamp>5550.752460</timestamp>
			</report>
			<report>
				<misses>861300001</misses>
				<total>0</total>
				<timestamp>5551.393707</timestamp>
			</report>
			<report>
				<misses>861400001</misses>
				<total>0</total>
				<timestamp>5552.034274</timestamp>
			</report>
			<report>
				<misses>861500001</misses>
				<total>0</total>
				<timestamp>5552.676073</timestamp>
			</report>
			<report>
				<misses>861600001</misses>
				<total>0</total>
				<timestamp>5553.316419</timestamp>
			</report>
			<report>
				<misses>861700001</misses>
				<total>0</total>
				<timestamp>5553.958850</timestamp>
			</report>
			<report>
				<misses>861800001</misses>
				<total>0</total>
				<timestamp>5554.600241</timestamp>
			</report>
			<report>
				<misses>861900001</misses>
				<total>0</total>
				<timestamp>5555.242055</timestamp>
			</report>
			<report>
				<misses>862000001</misses>
				<total>0</total>
				<timestamp>5555.883769</timestamp>
			</report>
			<report>
				<misses>862100001</misses>
				<total>0</total>
				<timestamp>5556.523985</timestamp>
			</report>
			<report>
				<misses>862200001</misses>
				<total>0</total>
				<timestamp>5557.164745</timestamp>
			</report>
			<report>
				<misses>862300001</misses>
				<total>0</total>
				<timestamp>5557.805114</timestamp>
			</report>
			<report>
				<misses>862400001</misses>
				<total>0</total>
				<timestamp>5558.444583</timestamp>
			</report>
			<report>
				<misses>862500001</misses>
				<total>0</total>
				<timestamp>5559.084082</timestamp>
			</report>
			<report>
				<misses>862600001</misses>
				<total>0</total>
				<timestamp>5559.722800</timestamp>
			</report>
			<report>
				<misses>862700001</misses>
				<total>0</total>
				<timestamp>5560.359569</timestamp>
			</report>
			<report>
				<misses>862800001</misses>
				<total>0</total>
				<timestamp>5560.993993</timestamp>
			</report>
			<report>
				<misses>862900001</misses>
				<total>0</total>
				<timestamp>5561.630329</timestamp>
			</report>
			<report>
				<misses>863000001</misses>
				<total>0</total>
				<timestamp>5562.266125</timestamp>
			</report>
			<report>
				<misses>863100001</misses>
				<total>0</total>
				<timestamp>5562.901493</timestamp>
			</report>
			<report>
				<misses>863200001</misses>
				<total>0</total>
				<timestamp>5563.536076</timestamp>
			</report>
			<report>
				<misses>863300001</misses>
				<total>0</total>
				<timestamp>5564.173477</timestamp>
			</report>
			<report>
				<misses>863400001</misses>
				<total>0</total>
				<timestamp>5564.809462</timestamp>
			</report>
			<report>
				<misses>863500001</misses>
				<total>0</total>
				<timestamp>5565.445897</timestamp>
			</report>
			<report>
				<misses>863600001</misses>
				<total>0</total>
				<timestamp>5566.094807</timestamp>
			</report>
			<report>
				<misses>863700001</misses>
				<total>0</total>
				<timestamp>5566.748174</timestamp>
			</report>
			<report>
				<misses>863800001</misses>
				<total>0</total>
				<timestamp>5567.401593</timestamp>
			</report>
			<report>
				<misses>863900001</misses>
				<total>0</total>
				<timestamp>5568.055622</timestamp>
			</report>
			<report>
				<misses>864000001</misses>
				<total>0</total>
				<timestamp>5568.710347</timestamp>
			</report>
			<report>
				<misses>864100001</misses>
				<total>0</total>
				<timestamp>5569.362959</timestamp>
			</report>
			<report>
				<misses>864200001</misses>
				<total>0</total>
				<timestamp>5570.017833</timestamp>
			</report>
			<report>
				<misses>864300001</misses>
				<total>0</total>
				<timestamp>5570.672226</timestamp>
			</report>
			<report>
				<misses>864400001</misses>
				<total>0</total>
				<timestamp>5571.326704</timestamp>
			</report>
			<report>
				<misses>864500001</misses>
				<total>0</total>
				<timestamp>5571.980724</timestamp>
			</report>
			<report>
				<misses>864600001</misses>
				<total>0</total>
				<timestamp>5572.634612</timestamp>
			</report>
			<report>
				<misses>864700001</misses>
				<total>0</total>
				<timestamp>5573.288526</timestamp>
			</report>
			<report>
				<misses>864800001</misses>
				<total>0</total>
				<timestamp>5573.942491</timestamp>
			</report>
			<report>
				<misses>864900001</misses>
				<total>0</total>
				<timestamp>5574.596659</timestamp>
			</report>
			<report>
				<misses>865000001</misses>
				<total>0</total>
				<timestamp>5575.250554</timestamp>
			</report>
			<report>
				<misses>865100001</misses>
				<total>0</total>
				<timestamp>5575.904909</timestamp>
			</report>
			<report>
				<misses>865200001</misses>
				<total>0</total>
				<timestamp>5576.558317</timestamp>
			</report>
			<report>
				<misses>865300001</misses>
				<total>0</total>
				<timestamp>5577.212281</timestamp>
			</report>
			<report>
				<misses>865400001</misses>
				<total>0</total>
				<timestamp>5577.868054</timestamp>
			</report>
			<report>
				<misses>865500001</misses>
				<total>0</total>
				<timestamp>5578.522157</timestamp>
			</report>
			<report>
				<misses>865600001</misses>
				<total>0</total>
				<timestamp>5579.175316</timestamp>
			</report>
			<report>
				<misses>865700001</misses>
				<total>0</total>
				<timestamp>5579.829210</timestamp>
			</report>
			<report>
				<misses>865800001</misses>
				<total>0</total>
				<timestamp>5580.484029</timestamp>
			</report>
			<report>
				<misses>865900001</misses>
				<total>0</total>
				<timestamp>5581.138839</timestamp>
			</report>
			<report>
				<misses>866000001</misses>
				<total>0</total>
				<timestamp>5581.793435</timestamp>
			</report>
			<report>
				<misses>866100001</misses>
				<total>0</total>
				<timestamp>5582.448067</timestamp>
			</report>
			<report>
				<misses>866200001</misses>
				<total>0</total>
				<timestamp>5583.102960</timestamp>
			</report>
			<report>
				<misses>866300001</misses>
				<total>0</total>
				<timestamp>5583.757474</timestamp>
			</report>
			<report>
				<misses>866400001</misses>
				<total>0</total>
				<timestamp>5584.412463</timestamp>
			</report>
			<report>
				<misses>866500001</misses>
				<total>0</total>
				<timestamp>5585.068793</timestamp>
			</report>
			<report>
				<misses>866600001</misses>
				<total>0</total>
				<timestamp>5585.720471</timestamp>
			</report>
			<report>
				<misses>866700001</misses>
				<total>0</total>
				<timestamp>5586.371684</timestamp>
			</report>
			<report>
				<misses>866800001</misses>
				<total>0</total>
				<timestamp>5587.022344</timestamp>
			</report>
			<report>
				<misses>866900001</misses>
				<total>0</total>
				<timestamp>5587.672272</timestamp>
			</report>
			<report>
				<misses>867000001</misses>
				<total>0</total>
				<timestamp>5588.322592</timestamp>
			</report>
			<report>
				<misses>867100001</misses>
				<total>0</total>
				<timestamp>5588.973404</timestamp>
			</report>
			<report>
				<misses>867200001</misses>
				<total>0</total>
				<timestamp>5589.623848</timestamp>
			</report>
			<report>
				<misses>867300001</misses>
				<total>0</total>
				<timestamp>5590.276185</timestamp>
			</report>
			<report>
				<misses>867400001</misses>
				<total>0</total>
				<timestamp>5590.926705</timestamp>
			</report>
			<report>
				<misses>867500001</misses>
				<total>0</total>
				<timestamp>5591.576961</timestamp>
			</report>
			<report>
				<misses>867600001</misses>
				<total>0</total>
				<timestamp>5592.226522</timestamp>
			</report>
			<report>
				<misses>867700001</misses>
				<total>0</total>
				<timestamp>5592.877236</timestamp>
			</report>
			<report>
				<misses>867800001</misses>
				<total>0</total>
				<timestamp>5593.526546</timestamp>
			</report>
			<report>
				<misses>867900001</misses>
				<total>0</total>
				<timestamp>5594.175733</timestamp>
			</report>
			<report>
				<misses>868000001</misses>
				<total>0</total>
				<timestamp>5594.826837</timestamp>
			</report>
			<report>
				<misses>868100001</misses>
				<total>0</total>
				<timestamp>5595.478732</timestamp>
			</report>
			<report>
				<misses>868200001</misses>
				<total>0</total>
				<timestamp>5596.128385</timestamp>
			</report>
			<report>
				<misses>868300001</misses>
				<total>0</total>
				<timestamp>5596.776763</timestamp>
			</report>
			<report>
				<misses>868400001</misses>
				<total>0</total>
				<timestamp>5597.425117</timestamp>
			</report>
			<report>
				<misses>868500001</misses>
				<total>0</total>
				<timestamp>5598.074722</timestamp>
			</report>
			<report>
				<misses>868600001</misses>
				<total>0</total>
				<timestamp>5598.722302</timestamp>
			</report>
			<report>
				<misses>868700001</misses>
				<total>0</total>
				<timestamp>5599.369415</timestamp>
			</report>
			<report>
				<misses>868800001</misses>
				<total>0</total>
				<timestamp>5600.020812</timestamp>
			</report>
			<report>
				<misses>868900001</misses>
				<total>0</total>
				<timestamp>5600.668566</timestamp>
			</report>
			<report>
				<misses>869000001</misses>
				<total>0</total>
				<timestamp>5601.320128</timestamp>
			</report>
			<report>
				<misses>869100001</misses>
				<total>0</total>
				<timestamp>5601.969669</timestamp>
			</report>
			<report>
				<misses>869200001</misses>
				<total>0</total>
				<timestamp>5602.617640</timestamp>
			</report>
			<report>
				<misses>869300001</misses>
				<total>0</total>
				<timestamp>5603.267695</timestamp>
			</report>
			<report>
				<misses>869400001</misses>
				<total>0</total>
				<timestamp>5603.915364</timestamp>
			</report>
			<report>
				<misses>869500001</misses>
				<total>0</total>
				<timestamp>5604.562050</timestamp>
			</report>
			<report>
				<misses>869600001</misses>
				<total>0</total>
				<timestamp>5605.208961</timestamp>
			</report>
			<report>
				<misses>869700001</misses>
				<total>0</total>
				<timestamp>5605.856245</timestamp>
			</report>
			<report>
				<misses>869800001</misses>
				<total>0</total>
				<timestamp>5606.504128</timestamp>
			</report>
			<report>
				<misses>869900001</misses>
				<total>0</total>
				<timestamp>5607.151474</timestamp>
			</report>
			<report>
				<misses>870000001</misses>
				<total>0</total>
				<timestamp>5607.800446</timestamp>
			</report>
			<report>
				<misses>870100001</misses>
				<total>0</total>
				<timestamp>5608.450673</timestamp>
			</report>
			<report>
				<misses>870200001</misses>
				<total>0</total>
				<timestamp>5609.100930</timestamp>
			</report>
			<report>
				<misses>870300001</misses>
				<total>0</total>
				<timestamp>5609.747230</timestamp>
			</report>
			<report>
				<misses>870400001</misses>
				<total>0</total>
				<timestamp>5610.392849</timestamp>
			</report>
			<report>
				<misses>870500001</misses>
				<total>0</total>
				<timestamp>5611.039907</timestamp>
			</report>
			<report>
				<misses>870600001</misses>
				<total>0</total>
				<timestamp>5611.688665</timestamp>
			</report>
			<report>
				<misses>870700001</misses>
				<total>0</total>
				<timestamp>5612.337727</timestamp>
			</report>
			<report>
				<misses>870800001</misses>
				<total>0</total>
				<timestamp>5612.986028</timestamp>
			</report>
			<report>
				<misses>870900001</misses>
				<total>0</total>
				<timestamp>5613.634150</timestamp>
			</report>
			<report>
				<misses>871000001</misses>
				<total>0</total>
				<timestamp>5614.282253</timestamp>
			</report>
			<report>
				<misses>871100001</misses>
				<total>0</total>
				<timestamp>5614.929592</timestamp>
			</report>
			<report>
				<misses>871200001</misses>
				<total>0</total>
				<timestamp>5615.577120</timestamp>
			</report>
			<report>
				<misses>871300001</misses>
				<total>0</total>
				<timestamp>5616.224538</timestamp>
			</report>
			<report>
				<misses>871400001</misses>
				<total>0</total>
				<timestamp>5616.872013</timestamp>
			</report>
			<report>
				<misses>871500001</misses>
				<total>0</total>
				<timestamp>5617.518942</timestamp>
			</report>
			<report>
				<misses>871600001</misses>
				<total>0</total>
				<timestamp>5618.166030</timestamp>
			</report>
			<report>
				<misses>871700001</misses>
				<total>0</total>
				<timestamp>5618.813828</timestamp>
			</report>
			<report>
				<misses>871800001</misses>
				<total>0</total>
				<timestamp>5619.462092</timestamp>
			</report>
			<report>
				<misses>871900001</misses>
				<total>0</total>
				<timestamp>5620.109585</timestamp>
			</report>
			<report>
				<misses>872000001</misses>
				<total>0</total>
				<timestamp>5620.757187</timestamp>
			</report>
			<report>
				<misses>872100001</misses>
				<total>0</total>
				<timestamp>5621.405916</timestamp>
			</report>
			<report>
				<misses>872200001</misses>
				<total>0</total>
				<timestamp>5622.054231</timestamp>
			</report>
			<report>
				<misses>872300001</misses>
				<total>0</total>
				<timestamp>5622.702564</timestamp>
			</report>
			<report>
				<misses>872400001</misses>
				<total>0</total>
				<timestamp>5623.351716</timestamp>
			</report>
			<report>
				<misses>872500001</misses>
				<total>0</total>
				<timestamp>5624.000373</timestamp>
			</report>
			<report>
				<misses>872600001</misses>
				<total>0</total>
				<timestamp>5624.649059</timestamp>
			</report>
			<report>
				<misses>872700001</misses>
				<total>0</total>
				<timestamp>5625.297457</timestamp>
			</report>
			<report>
				<misses>872800001</misses>
				<total>0</total>
				<timestamp>5625.945819</timestamp>
			</report>
			<report>
				<misses>872900001</misses>
				<total>0</total>
				<timestamp>5626.593403</timestamp>
			</report>
			<report>
				<misses>873000001</misses>
				<total>0</total>
				<timestamp>5627.241058</timestamp>
			</report>
			<report>
				<misses>873100001</misses>
				<total>0</total>
				<timestamp>5627.888962</timestamp>
			</report>
			<report>
				<misses>873200001</misses>
				<total>0</total>
				<timestamp>5628.535619</timestamp>
			</report>
			<report>
				<misses>873300001</misses>
				<total>0</total>
				<timestamp>5629.184620</timestamp>
			</report>
			<report>
				<misses>873400001</misses>
				<total>0</total>
				<timestamp>5629.832292</timestamp>
			</report>
			<report>
				<misses>873500001</misses>
				<total>0</total>
				<timestamp>5630.479788</timestamp>
			</report>
			<report>
				<misses>873600001</misses>
				<total>0</total>
				<timestamp>5631.127115</timestamp>
			</report>
			<report>
				<misses>873700001</misses>
				<total>0</total>
				<timestamp>5631.767258</timestamp>
			</report>
			<report>
				<misses>873800001</misses>
				<total>0</total>
				<timestamp>5632.406784</timestamp>
			</report>
			<report>
				<misses>873900001</misses>
				<total>0</total>
				<timestamp>5633.046367</timestamp>
			</report>
			<report>
				<misses>874000001</misses>
				<total>0</total>
				<timestamp>5633.686738</timestamp>
			</report>
			<report>
				<misses>874100001</misses>
				<total>0</total>
				<timestamp>5634.327165</timestamp>
			</report>
			<report>
				<misses>874200001</misses>
				<total>0</total>
				<timestamp>5634.967619</timestamp>
			</report>
			<report>
				<misses>874300001</misses>
				<total>0</total>
				<timestamp>5635.607687</timestamp>
			</report>
			<report>
				<misses>874400001</misses>
				<total>0</total>
				<timestamp>5636.247959</timestamp>
			</report>
			<report>
				<misses>874500001</misses>
				<total>0</total>
				<timestamp>5636.887680</timestamp>
			</report>
			<report>
				<misses>874600001</misses>
				<total>0</total>
				<timestamp>5637.527809</timestamp>
			</report>
			<report>
				<misses>874700001</misses>
				<total>0</total>
				<timestamp>5638.169062</timestamp>
			</report>
			<report>
				<misses>874800001</misses>
				<total>0</total>
				<timestamp>5638.809329</timestamp>
			</report>
			<report>
				<misses>874900001</misses>
				<total>0</total>
				<timestamp>5639.448200</timestamp>
			</report>
			<report>
				<misses>875000001</misses>
				<total>0</total>
				<timestamp>5640.088534</timestamp>
			</report>
			<report>
				<misses>875100001</misses>
				<total>0</total>
				<timestamp>5640.729567</timestamp>
			</report>
			<report>
				<misses>875200001</misses>
				<total>0</total>
				<timestamp>5641.370691</timestamp>
			</report>
			<report>
				<misses>875300001</misses>
				<total>0</total>
				<timestamp>5642.011898</timestamp>
			</report>
			<report>
				<misses>875400001</misses>
				<total>0</total>
				<timestamp>5642.653040</timestamp>
			</report>
			<report>
				<misses>875500001</misses>
				<total>0</total>
				<timestamp>5643.294275</timestamp>
			</report>
			<report>
				<misses>875600001</misses>
				<total>0</total>
				<timestamp>5643.935544</timestamp>
			</report>
			<report>
				<misses>875700001</misses>
				<total>0</total>
				<timestamp>5644.577070</timestamp>
			</report>
			<report>
				<misses>875800001</misses>
				<total>0</total>
				<timestamp>5645.217830</timestamp>
			</report>
			<report>
				<misses>875900001</misses>
				<total>0</total>
				<timestamp>5645.859295</timestamp>
			</report>
			<report>
				<misses>876000001</misses>
				<total>0</total>
				<timestamp>5646.500604</timestamp>
			</report>
			<report>
				<misses>876100001</misses>
				<total>0</total>
				<timestamp>5647.141126</timestamp>
			</report>
			<report>
				<misses>876200001</misses>
				<total>0</total>
				<timestamp>5647.781871</timestamp>
			</report>
			<report>
				<misses>876300001</misses>
				<total>0</total>
				<timestamp>5648.421360</timestamp>
			</report>
			<report>
				<misses>876400001</misses>
				<total>0</total>
				<timestamp>5649.063056</timestamp>
			</report>
			<report>
				<misses>876500001</misses>
				<total>0</total>
				<timestamp>5649.703610</timestamp>
			</report>
			<report>
				<misses>876600001</misses>
				<total>0</total>
				<timestamp>5650.344628</timestamp>
			</report>
			<report>
				<misses>876700001</misses>
				<total>0</total>
				<timestamp>5650.985749</timestamp>
			</report>
			<report>
				<misses>876800001</misses>
				<total>0</total>
				<timestamp>5651.628621</timestamp>
			</report>
			<report>
				<misses>876900001</misses>
				<total>0</total>
				<timestamp>5652.271345</timestamp>
			</report>
			<report>
				<misses>877000001</misses>
				<total>0</total>
				<timestamp>5652.912904</timestamp>
			</report>
			<report>
				<misses>877100001</misses>
				<total>0</total>
				<timestamp>5653.555650</timestamp>
			</report>
			<report>
				<misses>877200001</misses>
				<total>0</total>
				<timestamp>5654.198537</timestamp>
			</report>
			<report>
				<misses>877300001</misses>
				<total>0</total>
				<timestamp>5654.842027</timestamp>
			</report>
			<report>
				<misses>877400001</misses>
				<total>0</total>
				<timestamp>5655.484488</timestamp>
			</report>
			<report>
				<misses>877500001</misses>
				<total>0</total>
				<timestamp>5656.129969</timestamp>
			</report>
			<report>
				<misses>877600001</misses>
				<total>0</total>
				<timestamp>5656.772062</timestamp>
			</report>
			<report>
				<misses>877700001</misses>
				<total>0</total>
				<timestamp>5657.414074</timestamp>
			</report>
			<report>
				<misses>877800001</misses>
				<total>0</total>
				<timestamp>5658.057810</timestamp>
			</report>
			<report>
				<misses>877900001</misses>
				<total>0</total>
				<timestamp>5658.700244</timestamp>
			</report>
			<report>
				<misses>878000001</misses>
				<total>0</total>
				<timestamp>5659.343644</timestamp>
			</report>
			<report>
				<misses>878100001</misses>
				<total>0</total>
				<timestamp>5659.987217</timestamp>
			</report>
			<report>
				<misses>878200001</misses>
				<total>0</total>
				<timestamp>5660.629792</timestamp>
			</report>
			<report>
				<misses>878300001</misses>
				<total>0</total>
				<timestamp>5661.272149</timestamp>
			</report>
			<report>
				<misses>878400001</misses>
				<total>0</total>
				<timestamp>5661.918475</timestamp>
			</report>
			<report>
				<misses>878500001</misses>
				<total>0</total>
				<timestamp>5662.559382</timestamp>
			</report>
			<report>
				<misses>878600001</misses>
				<total>0</total>
				<timestamp>5663.202441</timestamp>
			</report>
			<report>
				<misses>878700001</misses>
				<total>0</total>
				<timestamp>5663.843890</timestamp>
			</report>
			<report>
				<misses>878800001</misses>
				<total>0</total>
				<timestamp>5664.482665</timestamp>
			</report>
			<report>
				<misses>878900001</misses>
				<total>0</total>
				<timestamp>5665.119573</timestamp>
			</report>
			<report>
				<misses>879000001</misses>
				<total>0</total>
				<timestamp>5665.755054</timestamp>
			</report>
			<report>
				<misses>879100001</misses>
				<total>0</total>
				<timestamp>5666.392767</timestamp>
			</report>
			<report>
				<misses>879200001</misses>
				<total>0</total>
				<timestamp>5667.029303</timestamp>
			</report>
			<report>
				<misses>879300001</misses>
				<total>0</total>
				<timestamp>5667.665476</timestamp>
			</report>
			<report>
				<misses>879400001</misses>
				<total>0</total>
				<timestamp>5668.300684</timestamp>
			</report>
			<report>
				<misses>879500001</misses>
				<total>0</total>
				<timestamp>5668.935740</timestamp>
			</report>
			<report>
				<misses>879600001</misses>
				<total>0</total>
				<timestamp>5669.570707</timestamp>
			</report>
			<report>
				<misses>879700001</misses>
				<total>0</total>
				<timestamp>5670.205665</timestamp>
			</report>
			<report>
				<misses>879800001</misses>
				<total>0</total>
				<timestamp>5670.841768</timestamp>
			</report>
			<report>
				<misses>879900001</misses>
				<total>0</total>
				<timestamp>5671.477609</timestamp>
			</report>
			<report>
				<misses>880000001</misses>
				<total>0</total>
				<timestamp>5672.114555</timestamp>
			</report>
			<report>
				<misses>880100001</misses>
				<total>0</total>
				<timestamp>5672.763314</timestamp>
			</report>
			<report>
				<misses>880200001</misses>
				<total>0</total>
				<timestamp>5673.416646</timestamp>
			</report>
			<report>
				<misses>880300001</misses>
				<total>0</total>
				<timestamp>5674.066241</timestamp>
			</report>
			<report>
				<misses>880400001</misses>
				<total>0</total>
				<timestamp>5674.714741</timestamp>
			</report>
			<report>
				<misses>880500001</misses>
				<total>0</total>
				<timestamp>5675.363170</timestamp>
			</report>
			<report>
				<misses>880600001</misses>
				<total>0</total>
				<timestamp>5676.015958</timestamp>
			</report>
			<report>
				<misses>880700001</misses>
				<total>0</total>
				<timestamp>5676.662172</timestamp>
			</report>
			<report>
				<misses>880800001</misses>
				<total>0</total>
				<timestamp>5677.308694</timestamp>
			</report>
			<report>
				<misses>880900001</misses>
				<total>0</total>
				<timestamp>5677.954974</timestamp>
			</report>
			<report>
				<misses>881000001</misses>
				<total>0</total>
				<timestamp>5678.608460</timestamp>
			</report>
			<report>
				<misses>881100001</misses>
				<total>0</total>
				<timestamp>5679.255494</timestamp>
			</report>
			<report>
				<misses>881200001</misses>
				<total>0</total>
				<timestamp>5679.905065</timestamp>
			</report>
			<report>
				<misses>881300001</misses>
				<total>0</total>
				<timestamp>5680.553096</timestamp>
			</report>
			<report>
				<misses>881400001</misses>
				<total>0</total>
				<timestamp>5681.202715</timestamp>
			</report>
			<report>
				<misses>881500001</misses>
				<total>0</total>
				<timestamp>5681.851363</timestamp>
			</report>
			<report>
				<misses>881600001</misses>
				<total>0</total>
				<timestamp>5682.499398</timestamp>
			</report>
			<report>
				<misses>881700001</misses>
				<total>0</total>
				<timestamp>5683.146699</timestamp>
			</report>
			<report>
				<misses>881800001</misses>
				<total>0</total>
				<timestamp>5683.794789</timestamp>
			</report>
			<report>
				<misses>881900001</misses>
				<total>0</total>
				<timestamp>5684.443073</timestamp>
			</report>
			<report>
				<misses>882000001</misses>
				<total>0</total>
				<timestamp>5685.091700</timestamp>
			</report>
			<report>
				<misses>882100001</misses>
				<total>0</total>
				<timestamp>5685.738191</timestamp>
			</report>
			<report>
				<misses>882200001</misses>
				<total>0</total>
				<timestamp>5686.384735</timestamp>
			</report>
			<report>
				<misses>882300001</misses>
				<total>0</total>
				<timestamp>5687.033270</timestamp>
			</report>
			<report>
				<misses>882400001</misses>
				<total>0</total>
				<timestamp>5687.681650</timestamp>
			</report>
			<report>
				<misses>882500001</misses>
				<total>0</total>
				<timestamp>5688.330748</timestamp>
			</report>
			<report>
				<misses>882600001</misses>
				<total>0</total>
				<timestamp>5688.980118</timestamp>
			</report>
			<report>
				<misses>882700001</misses>
				<total>0</total>
				<timestamp>5689.631082</timestamp>
			</report>
			<report>
				<misses>882800001</misses>
				<total>0</total>
				<timestamp>5690.281267</timestamp>
			</report>
			<report>
				<misses>882900001</misses>
				<total>0</total>
				<timestamp>5690.931168</timestamp>
			</report>
			<report>
				<misses>883000001</misses>
				<total>0</total>
				<timestamp>5691.579755</timestamp>
			</report>
			<report>
				<misses>883100001</misses>
				<total>0</total>
				<timestamp>5692.229053</timestamp>
			</report>
			<report>
				<misses>883200001</misses>
				<total>0</total>
				<timestamp>5692.878622</timestamp>
			</report>
			<report>
				<misses>883300001</misses>
				<total>0</total>
				<timestamp>5693.527714</timestamp>
			</report>
			<report>
				<misses>883400001</misses>
				<total>0</total>
				<timestamp>5694.177811</timestamp>
			</report>
			<report>
				<misses>883500001</misses>
				<total>0</total>
				<timestamp>5694.827586</timestamp>
			</report>
			<report>
				<misses>883600001</misses>
				<total>0</total>
				<timestamp>5695.477018</timestamp>
			</report>
			<report>
				<misses>883700001</misses>
				<total>0</total>
				<timestamp>5696.125422</timestamp>
			</report>
			<report>
				<misses>883800001</misses>
				<total>0</total>
				<timestamp>5696.774383</timestamp>
			</report>
			<report>
				<misses>883900001</misses>
				<total>0</total>
				<timestamp>5697.423213</timestamp>
			</report>
			<report>
				<misses>884000001</misses>
				<total>0</total>
				<timestamp>5698.072026</timestamp>
			</report>
			<report>
				<misses>884100001</misses>
				<total>0</total>
				<timestamp>5698.720971</timestamp>
			</report>
			<report>
				<misses>884200001</misses>
				<total>0</total>
				<timestamp>5699.368391</timestamp>
			</report>
			<report>
				<misses>884300001</misses>
				<total>0</total>
				<timestamp>5700.017498</timestamp>
			</report>
			<report>
				<misses>884400001</misses>
				<total>0</total>
				<timestamp>5700.666212</timestamp>
			</report>
			<report>
				<misses>884500001</misses>
				<total>0</total>
				<timestamp>5701.308729</timestamp>
			</report>
			<report>
				<misses>884600001</misses>
				<total>0</total>
				<timestamp>5701.949339</timestamp>
			</report>
			<report>
				<misses>884700001</misses>
				<total>0</total>
				<timestamp>5702.590308</timestamp>
			</report>
			<report>
				<misses>884800001</misses>
				<total>0</total>
				<timestamp>5703.231681</timestamp>
			</report>
			<report>
				<misses>884900001</misses>
				<total>0</total>
				<timestamp>5703.872822</timestamp>
			</report>
			<report>
				<misses>885000001</misses>
				<total>0</total>
				<timestamp>5704.514317</timestamp>
			</report>
			<report>
				<misses>885100001</misses>
				<total>0</total>
				<timestamp>5705.154283</timestamp>
			</report>
			<report>
				<misses>885200001</misses>
				<total>0</total>
				<timestamp>5705.790529</timestamp>
			</report>
			<report>
				<misses>885300001</misses>
				<total>0</total>
				<timestamp>5706.426623</timestamp>
			</report>
			<report>
				<misses>885400001</misses>
				<total>0</total>
				<timestamp>5707.063921</timestamp>
			</report>
			<report>
				<misses>885500001</misses>
				<total>0</total>
				<timestamp>5707.701036</timestamp>
			</report>
			<report>
				<misses>885600001</misses>
				<total>0</total>
				<timestamp>5708.337262</timestamp>
			</report>
			<report>
				<misses>885700001</misses>
				<total>0</total>
				<timestamp>5708.972548</timestamp>
			</report>
			<report>
				<misses>885800001</misses>
				<total>0</total>
				<timestamp>5709.607805</timestamp>
			</report>
			<report>
				<misses>885900001</misses>
				<total>0</total>
				<timestamp>5710.243777</timestamp>
			</report>
			<report>
				<misses>886000001</misses>
				<total>0</total>
				<timestamp>5710.880154</timestamp>
			</report>
			<report>
				<misses>886100001</misses>
				<total>0</total>
				<timestamp>5711.516624</timestamp>
			</report>
			<report>
				<misses>886200001</misses>
				<total>0</total>
				<timestamp>5712.151380</timestamp>
			</report>
			<report>
				<misses>886300001</misses>
				<total>0</total>
				<timestamp>5712.785377</timestamp>
			</report>
			<report>
				<misses>886400001</misses>
				<total>0</total>
				<timestamp>5713.420104</timestamp>
			</report>
			<report>
				<misses>886500001</misses>
				<total>0</total>
				<timestamp>5714.054592</timestamp>
			</report>
			<report>
				<misses>886600001</misses>
				<total>0</total>
				<timestamp>5714.690080</timestamp>
			</report>
			<report>
				<misses>886700001</misses>
				<total>0</total>
				<timestamp>5715.325615</timestamp>
			</report>
			<report>
				<misses>886800001</misses>
				<total>0</total>
				<timestamp>5715.960991</timestamp>
			</report>
			<report>
				<misses>886900001</misses>
				<total>0</total>
				<timestamp>5716.596219</timestamp>
			</report>
			<report>
				<misses>887000001</misses>
				<total>0</total>
				<timestamp>5717.230965</timestamp>
			</report>
			<report>
				<misses>887100001</misses>
				<total>0</total>
				<timestamp>5717.865660</timestamp>
			</report>
			<report>
				<misses>887200001</misses>
				<total>0</total>
				<timestamp>5718.501205</timestamp>
			</report>
			<report>
				<misses>887300001</misses>
				<total>0</total>
				<timestamp>5719.138347</timestamp>
			</report>
			<report>
				<misses>887400001</misses>
				<total>0</total>
				<timestamp>5719.776848</timestamp>
			</report>
			<report>
				<misses>887500001</misses>
				<total>0</total>
				<timestamp>5720.414419</timestamp>
			</report>
			<report>
				<misses>887600001</misses>
				<total>0</total>
				<timestamp>5721.051162</timestamp>
			</report>
			<report>
				<misses>887700001</misses>
				<total>0</total>
				<timestamp>5721.687490</timestamp>
			</report>
			<report>
				<misses>887800001</misses>
				<total>0</total>
				<timestamp>5722.323890</timestamp>
			</report>
			<report>
				<misses>887900001</misses>
				<total>0</total>
				<timestamp>5722.962522</timestamp>
			</report>
			<report>
				<misses>888000001</misses>
				<total>0</total>
				<timestamp>5723.605385</timestamp>
			</report>
			<report>
				<misses>888100001</misses>
				<total>0</total>
				<timestamp>5724.255165</timestamp>
			</report>
			<report>
				<misses>888200001</misses>
				<total>0</total>
				<timestamp>5724.904865</timestamp>
			</report>
			<report>
				<misses>888300001</misses>
				<total>0</total>
				<timestamp>5725.553544</timestamp>
			</report>
			<report>
				<misses>888400001</misses>
				<total>0</total>
				<timestamp>5726.203640</timestamp>
			</report>
			<report>
				<misses>888500001</misses>
				<total>0</total>
				<timestamp>5726.853800</timestamp>
			</report>
			<report>
				<misses>888600001</misses>
				<total>0</total>
				<timestamp>5727.504594</timestamp>
			</report>
			<report>
				<misses>888700001</misses>
				<total>0</total>
				<timestamp>5728.155169</timestamp>
			</report>
			<report>
				<misses>888800001</misses>
				<total>0</total>
				<timestamp>5728.805286</timestamp>
			</report>
			<report>
				<misses>888900001</misses>
				<total>0</total>
				<timestamp>5729.454962</timestamp>
			</report>
			<report>
				<misses>889000001</misses>
				<total>0</total>
				<timestamp>5730.105493</timestamp>
			</report>
			<report>
				<misses>889100001</misses>
				<total>0</total>
				<timestamp>5730.756836</timestamp>
			</report>
			<report>
				<misses>889200001</misses>
				<total>0</total>
				<timestamp>5731.407025</timestamp>
			</report>
			<report>
				<misses>889300001</misses>
				<total>0</total>
				<timestamp>5732.058080</timestamp>
			</report>
			<report>
				<misses>889400001</misses>
				<total>0</total>
				<timestamp>5732.708128</timestamp>
			</report>
			<report>
				<misses>889500001</misses>
				<total>0</total>
				<timestamp>5733.357544</timestamp>
			</report>
			<report>
				<misses>889600001</misses>
				<total>0</total>
				<timestamp>5734.005166</timestamp>
			</report>
			<report>
				<misses>889700001</misses>
				<total>0</total>
				<timestamp>5734.664046</timestamp>
			</report>
			<report>
				<misses>889800001</misses>
				<total>0</total>
				<timestamp>5735.311502</timestamp>
			</report>
			<report>
				<misses>889900001</misses>
				<total>0</total>
				<timestamp>5735.960870</timestamp>
			</report>
			<report>
				<misses>890000001</misses>
				<total>0</total>
				<timestamp>5736.609043</timestamp>
			</report>
			<report>
				<misses>890100001</misses>
				<total>0</total>
				<timestamp>5737.263173</timestamp>
			</report>
			<report>
				<misses>890200001</misses>
				<total>0</total>
				<timestamp>5737.912423</timestamp>
			</report>
			<report>
				<misses>890300001</misses>
				<total>0</total>
				<timestamp>5738.559244</timestamp>
			</report>
			<report>
				<misses>890400001</misses>
				<total>0</total>
				<timestamp>5739.207952</timestamp>
			</report>
			<report>
				<misses>890500001</misses>
				<total>0</total>
				<timestamp>5739.857557</timestamp>
			</report>
			<report>
				<misses>890600001</misses>
				<total>0</total>
				<timestamp>5740.508302</timestamp>
			</report>
			<report>
				<misses>890700001</misses>
				<total>0</total>
				<timestamp>5741.159156</timestamp>
			</report>
			<report>
				<misses>890800001</misses>
				<total>0</total>
				<timestamp>5741.809918</timestamp>
			</report>
			<report>
				<misses>890900001</misses>
				<total>0</total>
				<timestamp>5742.460470</timestamp>
			</report>
			<report>
				<misses>891000001</misses>
				<total>0</total>
				<timestamp>5743.110645</timestamp>
			</report>
			<report>
				<misses>891100001</misses>
				<total>0</total>
				<timestamp>5743.760737</timestamp>
			</report>
			<report>
				<misses>891200001</misses>
				<total>0</total>
				<timestamp>5744.412287</timestamp>
			</report>
			<report>
				<misses>891300001</misses>
				<total>0</total>
				<timestamp>5745.062632</timestamp>
			</report>
			<report>
				<misses>891400001</misses>
				<total>0</total>
				<timestamp>5745.711930</timestamp>
			</report>
			<report>
				<misses>891500001</misses>
				<total>0</total>
				<timestamp>5746.355209</timestamp>
			</report>
			<report>
				<misses>891600001</misses>
				<total>0</total>
				<timestamp>5746.996681</timestamp>
			</report>
			<report>
				<misses>891700001</misses>
				<total>0</total>
				<timestamp>5747.637647</timestamp>
			</report>
			<report>
				<misses>891800001</misses>
				<total>0</total>
				<timestamp>5748.278772</timestamp>
			</report>
			<report>
				<misses>891900001</misses>
				<total>0</total>
				<timestamp>5748.920421</timestamp>
			</report>
			<report>
				<misses>892000001</misses>
				<total>0</total>
				<timestamp>5749.562179</timestamp>
			</report>
			<report>
				<misses>892100001</misses>
				<total>0</total>
				<timestamp>5750.204256</timestamp>
			</report>
			<report>
				<misses>892200001</misses>
				<total>0</total>
				<timestamp>5750.846132</timestamp>
			</report>
			<report>
				<misses>892300001</misses>
				<total>0</total>
				<timestamp>5751.487806</timestamp>
			</report>
			<report>
				<misses>892400001</misses>
				<total>0</total>
				<timestamp>5752.131505</timestamp>
			</report>
			<report>
				<misses>892500001</misses>
				<total>0</total>
				<timestamp>5752.772589</timestamp>
			</report>
			<report>
				<misses>892600001</misses>
				<total>0</total>
				<timestamp>5753.413125</timestamp>
			</report>
			<report>
				<misses>892700001</misses>
				<total>0</total>
				<timestamp>5754.054978</timestamp>
			</report>
			<report>
				<misses>892800001</misses>
				<total>0</total>
				<timestamp>5754.696522</timestamp>
			</report>
			<report>
				<misses>892900001</misses>
				<total>0</total>
				<timestamp>5755.337871</timestamp>
			</report>
			<report>
				<misses>893000001</misses>
				<total>0</total>
				<timestamp>5755.978589</timestamp>
			</report>
			<report>
				<misses>893100001</misses>
				<total>0</total>
				<timestamp>5756.619836</timestamp>
			</report>
			<report>
				<misses>893200001</misses>
				<total>0</total>
				<timestamp>5757.261392</timestamp>
			</report>
			<report>
				<misses>893300001</misses>
				<total>0</total>
				<timestamp>5757.902563</timestamp>
			</report>
			<report>
				<misses>893400001</misses>
				<total>0</total>
				<timestamp>5758.543972</timestamp>
			</report>
			<report>
				<misses>893500001</misses>
				<total>0</total>
				<timestamp>5759.185137</timestamp>
			</report>
			<report>
				<misses>893600001</misses>
				<total>0</total>
				<timestamp>5759.825996</timestamp>
			</report>
			<report>
				<misses>893700001</misses>
				<total>0</total>
				<timestamp>5760.464866</timestamp>
			</report>
			<report>
				<misses>893800001</misses>
				<total>0</total>
				<timestamp>5761.100804</timestamp>
			</report>
			<report>
				<misses>893900001</misses>
				<total>0</total>
				<timestamp>5761.735801</timestamp>
			</report>
			<report>
				<misses>894000001</misses>
				<total>0</total>
				<timestamp>5762.372203</timestamp>
			</report>
			<report>
				<misses>894100001</misses>
				<total>0</total>
				<timestamp>5763.009341</timestamp>
			</report>
			<report>
				<misses>894200001</misses>
				<total>0</total>
				<timestamp>5763.646316</timestamp>
			</report>
			<report>
				<misses>894300001</misses>
				<total>0</total>
				<timestamp>5764.283626</timestamp>
			</report>
			<report>
				<misses>894400001</misses>
				<total>0</total>
				<timestamp>5764.922281</timestamp>
			</report>
			<report>
				<misses>894500001</misses>
				<total>0</total>
				<timestamp>5765.560733</timestamp>
			</report>
			<report>
				<misses>894600001</misses>
				<total>0</total>
				<timestamp>5766.198407</timestamp>
			</report>
			<report>
				<misses>894700001</misses>
				<total>0</total>
				<timestamp>5766.848392</timestamp>
			</report>
			<report>
				<misses>894800001</misses>
				<total>0</total>
				<timestamp>5767.500252</timestamp>
			</report>
			<report>
				<misses>894900001</misses>
				<total>0</total>
				<timestamp>5768.153404</timestamp>
			</report>
			<report>
				<misses>895000001</misses>
				<total>0</total>
				<timestamp>5768.806320</timestamp>
			</report>
			<report>
				<misses>895100001</misses>
				<total>0</total>
				<timestamp>5769.458170</timestamp>
			</report>
			<report>
				<misses>895200001</misses>
				<total>0</total>
				<timestamp>5770.109332</timestamp>
			</report>
			<report>
				<misses>895300001</misses>
				<total>0</total>
				<timestamp>5770.760792</timestamp>
			</report>
			<report>
				<misses>895400001</misses>
				<total>0</total>
				<timestamp>5771.412174</timestamp>
			</report>
			<report>
				<misses>895500001</misses>
				<total>0</total>
				<timestamp>5772.063886</timestamp>
			</report>
			<report>
				<misses>895600001</misses>
				<total>0</total>
				<timestamp>5772.714431</timestamp>
			</report>
			<report>
				<misses>895700001</misses>
				<total>0</total>
				<timestamp>5773.365708</timestamp>
			</report>
			<report>
				<misses>895800001</misses>
				<total>0</total>
				<timestamp>5774.017274</timestamp>
			</report>
			<report>
				<misses>895900001</misses>
				<total>0</total>
				<timestamp>5774.667715</timestamp>
			</report>
			<report>
				<misses>896000001</misses>
				<total>0</total>
				<timestamp>5775.319383</timestamp>
			</report>
			<report>
				<misses>896100001</misses>
				<total>0</total>
				<timestamp>5775.969810</timestamp>
			</report>
			<report>
				<misses>896200001</misses>
				<total>0</total>
				<timestamp>5776.618798</timestamp>
			</report>
			<report>
				<misses>896300001</misses>
				<total>0</total>
				<timestamp>5777.270078</timestamp>
			</report>
			<report>
				<misses>896400001</misses>
				<total>0</total>
				<timestamp>5777.920579</timestamp>
			</report>
			<report>
				<misses>896500001</misses>
				<total>0</total>
				<timestamp>5778.570873</timestamp>
			</report>
			<report>
				<misses>896600001</misses>
				<total>0</total>
				<timestamp>5779.217706</timestamp>
			</report>
			<report>
				<misses>896700001</misses>
				<total>0</total>
				<timestamp>5779.864149</timestamp>
			</report>
			<report>
				<misses>896800001</misses>
				<total>0</total>
				<timestamp>5780.510563</timestamp>
			</report>
			<report>
				<misses>896900001</misses>
				<total>0</total>
				<timestamp>5781.157570</timestamp>
			</report>
			<report>
				<misses>897000001</misses>
				<total>0</total>
				<timestamp>5781.804934</timestamp>
			</report>
			<report>
				<misses>897100001</misses>
				<total>0</total>
				<timestamp>5782.450698</timestamp>
			</report>
			<report>
				<misses>897200001</misses>
				<total>0</total>
				<timestamp>5783.097967</timestamp>
			</report>
			<report>
				<misses>897300001</misses>
				<total>0</total>
				<timestamp>5783.747506</timestamp>
			</report>
			<report>
				<misses>897400001</misses>
				<total>0</total>
				<timestamp>5784.396025</timestamp>
			</report>
			<report>
				<misses>897500001</misses>
				<total>0</total>
				<timestamp>5785.044748</timestamp>
			</report>
			<report>
				<misses>897600001</misses>
				<total>0</total>
				<timestamp>5785.692901</timestamp>
			</report>
			<report>
				<misses>897700001</misses>
				<total>0</total>
				<timestamp>5786.340892</timestamp>
			</report>
			<report>
				<misses>897800001</misses>
				<total>0</total>
				<timestamp>5786.989878</timestamp>
			</report>
			<report>
				<misses>897900001</misses>
				<total>0</total>
				<timestamp>5787.639052</timestamp>
			</report>
			<report>
				<misses>898000001</misses>
				<total>0</total>
				<timestamp>5788.288416</timestamp>
			</report>
			<report>
				<misses>898100001</misses>
				<total>0</total>
				<timestamp>5788.938519</timestamp>
			</report>
			<report>
				<misses>898200001</misses>
				<total>0</total>
				<timestamp>5789.587442</timestamp>
			</report>
			<report>
				<misses>898300001</misses>
				<total>0</total>
				<timestamp>5790.236401</timestamp>
			</report>
			<report>
				<misses>898400001</misses>
				<total>0</total>
				<timestamp>5790.885584</timestamp>
			</report>
			<report>
				<misses>898500001</misses>
				<total>0</total>
				<timestamp>5791.535378</timestamp>
			</report>
			<report>
				<misses>898600001</misses>
				<total>0</total>
				<timestamp>5792.181958</timestamp>
			</report>
			<report>
				<misses>898700001</misses>
				<total>0</total>
				<timestamp>5792.824027</timestamp>
			</report>
			<report>
				<misses>898800001</misses>
				<total>0</total>
				<timestamp>5793.466099</timestamp>
			</report>
			<report>
				<misses>898900001</misses>
				<total>0</total>
				<timestamp>5794.108285</timestamp>
			</report>
			<report>
				<misses>899000001</misses>
				<total>0</total>
				<timestamp>5794.750559</timestamp>
			</report>
			<report>
				<misses>899100001</misses>
				<total>0</total>
				<timestamp>5795.391706</timestamp>
			</report>
			<report>
				<misses>899200001</misses>
				<total>0</total>
				<timestamp>5796.032828</timestamp>
			</report>
			<report>
				<misses>899300001</misses>
				<total>0</total>
				<timestamp>5796.674401</timestamp>
			</report>
			<report>
				<misses>899400001</misses>
				<total>0</total>
				<timestamp>5797.315467</timestamp>
			</report>
			<report>
				<misses>899500001</misses>
				<total>0</total>
				<timestamp>5797.956604</timestamp>
			</report>
			<report>
				<misses>899600001</misses>
				<total>0</total>
				<timestamp>5798.598318</timestamp>
			</report>
			<report>
				<misses>899700001</misses>
				<total>0</total>
				<timestamp>5799.239738</timestamp>
			</report>
			<report>
				<misses>899800001</misses>
				<total>0</total>
				<timestamp>5799.881262</timestamp>
			</report>
			<report>
				<misses>899900001</misses>
				<total>0</total>
				<timestamp>5800.522937</timestamp>
			</report>
			<report>
				<misses>900000001</misses>
				<total>0</total>
				<timestamp>5801.164826</timestamp>
			</report>
			<report>
				<misses>900100001</misses>
				<total>0</total>
				<timestamp>5801.806782</timestamp>
			</report>
			<report>
				<misses>900200001</misses>
				<total>0</total>
				<timestamp>5802.447891</timestamp>
			</report>
			<report>
				<misses>900300001</misses>
				<total>0</total>
				<timestamp>5803.088832</timestamp>
			</report>
			<report>
				<misses>900400001</misses>
				<total>0</total>
				<timestamp>5803.730552</timestamp>
			</report>
			<report>
				<misses>900500001</misses>
				<total>0</total>
				<timestamp>5804.373028</timestamp>
			</report>
			<report>
				<misses>900600001</misses>
				<total>0</total>
				<timestamp>5805.015327</timestamp>
			</report>
			<report>
				<misses>900700001</misses>
				<total>0</total>
				<timestamp>5805.657258</timestamp>
			</report>
			<report>
				<misses>900800001</misses>
				<total>0</total>
				<timestamp>5806.298963</timestamp>
			</report>
			<report>
				<misses>900900001</misses>
				<total>0</total>
				<timestamp>5806.939986</timestamp>
			</report>
			<report>
				<misses>901000001</misses>
				<total>0</total>
				<timestamp>5807.581659</timestamp>
			</report>
			<report>
				<misses>901100001</misses>
				<total>0</total>
				<timestamp>5808.223041</timestamp>
			</report>
			<report>
				<misses>901200001</misses>
				<total>0</total>
				<timestamp>5808.865310</timestamp>
			</report>
			<report>
				<misses>901300001</misses>
				<total>0</total>
				<timestamp>5809.507293</timestamp>
			</report>
			<report>
				<misses>901400001</misses>
				<total>0</total>
				<timestamp>5810.148824</timestamp>
			</report>
			<report>
				<misses>901500001</misses>
				<total>0</total>
				<timestamp>5810.790069</timestamp>
			</report>
			<report>
				<misses>901600001</misses>
				<total>0</total>
				<timestamp>5811.430829</timestamp>
			</report>
			<report>
				<misses>901700001</misses>
				<total>0</total>
				<timestamp>5812.072335</timestamp>
			</report>
			<report>
				<misses>901800001</misses>
				<total>0</total>
				<timestamp>5812.714166</timestamp>
			</report>
			<report>
				<misses>901900001</misses>
				<total>0</total>
				<timestamp>5813.355765</timestamp>
			</report>
			<report>
				<misses>902000001</misses>
				<total>0</total>
				<timestamp>5813.998426</timestamp>
			</report>
			<report>
				<misses>902100001</misses>
				<total>0</total>
				<timestamp>5814.640902</timestamp>
			</report>
			<report>
				<misses>902200001</misses>
				<total>0</total>
				<timestamp>5815.280644</timestamp>
			</report>
			<report>
				<misses>902300001</misses>
				<total>0</total>
				<timestamp>5815.922939</timestamp>
			</report>
			<report>
				<misses>902400001</misses>
				<total>0</total>
				<timestamp>5816.565489</timestamp>
			</report>
			<report>
				<misses>902500001</misses>
				<total>0</total>
				<timestamp>5817.209187</timestamp>
			</report>
			<report>
				<misses>902600001</misses>
				<total>0</total>
				<timestamp>5817.852620</timestamp>
			</report>
			<report>
				<misses>902700001</misses>
				<total>0</total>
				<timestamp>5818.494085</timestamp>
			</report>
			<report>
				<misses>902800001</misses>
				<total>0</total>
				<timestamp>5819.135666</timestamp>
			</report>
			<report>
				<misses>902900001</misses>
				<total>0</total>
				<timestamp>5819.773723</timestamp>
			</report>
			<report>
				<misses>903000001</misses>
				<total>0</total>
				<timestamp>5820.409493</timestamp>
			</report>
			<report>
				<misses>903100001</misses>
				<total>0</total>
				<timestamp>5821.044883</timestamp>
			</report>
			<report>
				<misses>903200001</misses>
				<total>0</total>
				<timestamp>5821.681116</timestamp>
			</report>
			<report>
				<misses>903300001</misses>
				<total>0</total>
				<timestamp>5822.316701</timestamp>
			</report>
			<report>
				<misses>903400001</misses>
				<total>0</total>
				<timestamp>5822.951872</timestamp>
			</report>
			<report>
				<misses>903500001</misses>
				<total>0</total>
				<timestamp>5823.588027</timestamp>
			</report>
			<report>
				<misses>903600001</misses>
				<total>0</total>
				<timestamp>5824.226145</timestamp>
			</report>
			<report>
				<misses>903700001</misses>
				<total>0</total>
				<timestamp>5824.863668</timestamp>
			</report>
			<report>
				<misses>903800001</misses>
				<total>0</total>
				<timestamp>5825.500576</timestamp>
			</report>
			<report>
				<misses>903900001</misses>
				<total>0</total>
				<timestamp>5826.137597</timestamp>
			</report>
			<report>
				<misses>904000001</misses>
				<total>0</total>
				<timestamp>5826.775147</timestamp>
			</report>
			<report>
				<misses>904100001</misses>
				<total>0</total>
				<timestamp>5827.412418</timestamp>
			</report>
			<report>
				<misses>904200001</misses>
				<total>0</total>
				<timestamp>5828.048766</timestamp>
			</report>
			<report>
				<misses>904300001</misses>
				<total>0</total>
				<timestamp>5828.685757</timestamp>
			</report>
			<report>
				<misses>904400001</misses>
				<total>0</total>
				<timestamp>5829.322906</timestamp>
			</report>
			<report>
				<misses>904500001</misses>
				<total>0</total>
				<timestamp>5829.959463</timestamp>
			</report>
			<report>
				<misses>904600001</misses>
				<total>0</total>
				<timestamp>5830.595024</timestamp>
			</report>
			<report>
				<misses>904700001</misses>
				<total>0</total>
				<timestamp>5831.230900</timestamp>
			</report>
			<report>
				<misses>904800001</misses>
				<total>0</total>
				<timestamp>5831.868029</timestamp>
			</report>
			<report>
				<misses>904900001</misses>
				<total>0</total>
				<timestamp>5832.520457</timestamp>
			</report>
			<report>
				<misses>905000001</misses>
				<total>0</total>
				<timestamp>5833.172550</timestamp>
			</report>
			<report>
				<misses>905100001</misses>
				<total>0</total>
				<timestamp>5833.824568</timestamp>
			</report>
			<report>
				<misses>905200001</misses>
				<total>0</total>
				<timestamp>5834.476371</timestamp>
			</report>
			<report>
				<misses>905300001</misses>
				<total>0</total>
				<timestamp>5835.127689</timestamp>
			</report>
			<report>
				<misses>905400001</misses>
				<total>0</total>
				<timestamp>5835.778039</timestamp>
			</report>
			<report>
				<misses>905500001</misses>
				<total>0</total>
				<timestamp>5836.429875</timestamp>
			</report>
			<report>
				<misses>905600001</misses>
				<total>0</total>
				<timestamp>5837.081172</timestamp>
			</report>
			<report>
				<misses>905700001</misses>
				<total>0</total>
				<timestamp>5837.731614</timestamp>
			</report>
			<report>
				<misses>905800001</misses>
				<total>0</total>
				<timestamp>5838.382838</timestamp>
			</report>
			<report>
				<misses>905900001</misses>
				<total>0</total>
				<timestamp>5839.035319</timestamp>
			</report>
			<report>
				<misses>906000001</misses>
				<total>0</total>
				<timestamp>5839.686791</timestamp>
			</report>
			<report>
				<misses>906100001</misses>
				<total>0</total>
				<timestamp>5840.338430</timestamp>
			</report>
			<report>
				<misses>906200001</misses>
				<total>0</total>
				<timestamp>5840.989533</timestamp>
			</report>
			<report>
				<misses>906300001</misses>
				<total>0</total>
				<timestamp>5841.642870</timestamp>
			</report>
			<report>
				<misses>906400001</misses>
				<total>0</total>
				<timestamp>5842.295421</timestamp>
			</report>
			<report>
				<misses>906500001</misses>
				<total>0</total>
				<timestamp>5842.947943</timestamp>
			</report>
			<report>
				<misses>906600001</misses>
				<total>0</total>
				<timestamp>5843.599996</timestamp>
			</report>
			<report>
				<misses>906700001</misses>
				<total>0</total>
				<timestamp>5844.252299</timestamp>
			</report>
			<report>
				<misses>906800001</misses>
				<total>0</total>
				<timestamp>5844.905073</timestamp>
			</report>
			<report>
				<misses>906900001</misses>
				<total>0</total>
				<timestamp>5845.556602</timestamp>
			</report>
			<report>
				<misses>907000001</misses>
				<total>0</total>
				<timestamp>5846.210030</timestamp>
			</report>
			<report>
				<misses>907100001</misses>
				<total>0</total>
				<timestamp>5846.863141</timestamp>
			</report>
			<report>
				<misses>907200001</misses>
				<total>0</total>
				<timestamp>5847.515725</timestamp>
			</report>
			<report>
				<misses>907300001</misses>
				<total>0</total>
				<timestamp>5848.168335</timestamp>
			</report>
			<report>
				<misses>907400001</misses>
				<total>0</total>
				<timestamp>5848.822261</timestamp>
			</report>
			<report>
				<misses>907500001</misses>
				<total>0</total>
				<timestamp>5849.474642</timestamp>
			</report>
			<report>
				<misses>907600001</misses>
				<total>0</total>
				<timestamp>5850.126691</timestamp>
			</report>
			<report>
				<misses>907700001</misses>
				<total>0</total>
				<timestamp>5850.779943</timestamp>
			</report>
			<report>
				<misses>907800001</misses>
				<total>0</total>
				<timestamp>5851.433633</timestamp>
			</report>
			<report>
				<misses>907900001</misses>
				<total>0</total>
				<timestamp>5852.087080</timestamp>
			</report>
			<report>
				<misses>908000001</misses>
				<total>0</total>
				<timestamp>5852.736778</timestamp>
			</report>
			<report>
				<misses>908100001</misses>
				<total>0</total>
				<timestamp>5853.383451</timestamp>
			</report>
			<report>
				<misses>908200001</misses>
				<total>0</total>
				<timestamp>5854.030085</timestamp>
			</report>
			<report>
				<misses>908300001</misses>
				<total>0</total>
				<timestamp>5854.677630</timestamp>
			</report>
			<report>
				<misses>908400001</misses>
				<total>0</total>
				<timestamp>5855.324937</timestamp>
			</report>
			<report>
				<misses>908500001</misses>
				<total>0</total>
				<timestamp>5855.975092</timestamp>
			</report>
			<report>
				<misses>908600001</misses>
				<total>0</total>
				<timestamp>5856.622751</timestamp>
			</report>
			<report>
				<misses>908700001</misses>
				<total>0</total>
				<timestamp>5857.276890</timestamp>
			</report>
			<report>
				<misses>908800001</misses>
				<total>0</total>
				<timestamp>5857.923862</timestamp>
			</report>
			<report>
				<misses>908900001</misses>
				<total>0</total>
				<timestamp>5858.574862</timestamp>
			</report>
			<report>
				<misses>909000001</misses>
				<total>0</total>
				<timestamp>5859.221643</timestamp>
			</report>
			<report>
				<misses>909100001</misses>
				<total>0</total>
				<timestamp>5859.874818</timestamp>
			</report>
			<report>
				<misses>909200001</misses>
				<total>0</total>
				<timestamp>5860.528016</timestamp>
			</report>
			<report>
				<misses>909300001</misses>
				<total>0</total>
				<timestamp>5861.175262</timestamp>
			</report>
			<report>
				<misses>909400001</misses>
				<total>0</total>
				<timestamp>5861.824630</timestamp>
			</report>
			<report>
				<misses>909500001</misses>
				<total>0</total>
				<timestamp>5862.471597</timestamp>
			</report>
			<report>
				<misses>909600001</misses>
				<total>0</total>
				<timestamp>5863.122874</timestamp>
			</report>
			<report>
				<misses>909700001</misses>
				<total>0</total>
				<timestamp>5863.770973</timestamp>
			</report>
			<report>
				<misses>909800001</misses>
				<total>0</total>
				<timestamp>5864.419373</timestamp>
			</report>
			<report>
				<misses>909900001</misses>
				<total>0</total>
				<timestamp>5865.066472</timestamp>
			</report>
			<report>
				<misses>910000001</misses>
				<total>0</total>
				<timestamp>5865.714224</timestamp>
			</report>
			<report>
				<misses>910100001</misses>
				<total>0</total>
				<timestamp>5866.361710</timestamp>
			</report>
			<report>
				<misses>910200001</misses>
				<total>0</total>
				<timestamp>5867.010005</timestamp>
			</report>
			<report>
				<misses>910300001</misses>
				<total>0</total>
				<timestamp>5867.658300</timestamp>
			</report>
			<report>
				<misses>910400001</misses>
				<total>0</total>
				<timestamp>5868.306554</timestamp>
			</report>
			<report>
				<misses>910500001</misses>
				<total>0</total>
				<timestamp>5868.952545</timestamp>
			</report>
			<report>
				<misses>910600001</misses>
				<total>0</total>
				<timestamp>5869.594826</timestamp>
			</report>
			<report>
				<misses>910700001</misses>
				<total>0</total>
				<timestamp>5870.238136</timestamp>
			</report>
			<report>
				<misses>910800001</misses>
				<total>0</total>
				<timestamp>5870.880582</timestamp>
			</report>
			<report>
				<misses>910900001</misses>
				<total>0</total>
				<timestamp>5871.522099</timestamp>
			</report>
			<report>
				<misses>911000001</misses>
				<total>0</total>
				<timestamp>5872.162703</timestamp>
			</report>
			<report>
				<misses>911100001</misses>
				<total>0</total>
				<timestamp>5872.803875</timestamp>
			</report>
			<report>
				<misses>911200001</misses>
				<total>0</total>
				<timestamp>5873.446055</timestamp>
			</report>
			<report>
				<misses>911300001</misses>
				<total>0</total>
				<timestamp>5874.086322</timestamp>
			</report>
			<report>
				<misses>911400001</misses>
				<total>0</total>
				<timestamp>5874.726620</timestamp>
			</report>
			<report>
				<misses>911500001</misses>
				<total>0</total>
				<timestamp>5875.367410</timestamp>
			</report>
			<report>
				<misses>911600001</misses>
				<total>0</total>
				<timestamp>5876.009339</timestamp>
			</report>
			<report>
				<misses>911700001</misses>
				<total>0</total>
				<timestamp>5876.650714</timestamp>
			</report>
			<report>
				<misses>911800001</misses>
				<total>0</total>
				<timestamp>5877.292127</timestamp>
			</report>
			<report>
				<misses>911900001</misses>
				<total>0</total>
				<timestamp>5877.933083</timestamp>
			</report>
			<report>
				<misses>912000001</misses>
				<total>0</total>
				<timestamp>5878.574202</timestamp>
			</report>
			<report>
				<misses>912100001</misses>
				<total>0</total>
				<timestamp>5879.215660</timestamp>
			</report>
			<report>
				<misses>912200001</misses>
				<total>0</total>
				<timestamp>5879.855649</timestamp>
			</report>
			<report>
				<misses>912300001</misses>
				<total>0</total>
				<timestamp>5880.494999</timestamp>
			</report>
			<report>
				<misses>912400001</misses>
				<total>0</total>
				<timestamp>5881.136006</timestamp>
			</report>
			<report>
				<misses>912500001</misses>
				<total>0</total>
				<timestamp>5881.776960</timestamp>
			</report>
			<report>
				<misses>912600001</misses>
				<total>0</total>
				<timestamp>5882.418113</timestamp>
			</report>
			<report>
				<misses>912700001</misses>
				<total>0</total>
				<timestamp>5883.059142</timestamp>
			</report>
			<report>
				<misses>912800001</misses>
				<total>0</total>
				<timestamp>5883.702174</timestamp>
			</report>
			<report>
				<misses>912900001</misses>
				<total>0</total>
				<timestamp>5884.344998</timestamp>
			</report>
			<report>
				<misses>913000001</misses>
				<total>0</total>
				<timestamp>5884.986940</timestamp>
			</report>
			<report>
				<misses>913100001</misses>
				<total>0</total>
				<timestamp>5885.629342</timestamp>
			</report>
			<report>
				<misses>913200001</misses>
				<total>0</total>
				<timestamp>5886.271308</timestamp>
			</report>
			<report>
				<misses>913300001</misses>
				<total>0</total>
				<timestamp>5886.913767</timestamp>
			</report>
			<report>
				<misses>913400001</misses>
				<total>0</total>
				<timestamp>5887.556215</timestamp>
			</report>
			<report>
				<misses>913500001</misses>
				<total>0</total>
				<timestamp>5888.198576</timestamp>
			</report>
			<report>
				<misses>913600001</misses>
				<total>0</total>
				<timestamp>5888.842446</timestamp>
			</report>
			<report>
				<misses>913700001</misses>
				<total>0</total>
				<timestamp>5889.486331</timestamp>
			</report>
			<report>
				<misses>913800001</misses>
				<total>0</total>
				<timestamp>5890.138172</timestamp>
			</report>
			<report>
				<misses>913900001</misses>
				<total>0</total>
				<timestamp>5890.809853</timestamp>
			</report>
			<report>
				<misses>914000001</misses>
				<total>0</total>
				<timestamp>5891.451369</timestamp>
			</report>
			<report>
				<misses>914100001</misses>
				<total>0</total>
				<timestamp>5892.088709</timestamp>
			</report>
			<report>
				<misses>914200001</misses>
				<total>0</total>
				<timestamp>5892.727523</timestamp>
			</report>
			<report>
				<misses>914300001</misses>
				<total>0</total>
				<timestamp>5893.365972</timestamp>
			</report>
			<report>
				<misses>914400001</misses>
				<total>0</total>
				<timestamp>5894.003869</timestamp>
			</report>
			<report>
				<misses>914500001</misses>
				<total>0</total>
				<timestamp>5894.641613</timestamp>
			</report>
			<report>
				<misses>914600001</misses>
				<total>0</total>
				<timestamp>5895.278984</timestamp>
			</report>
			<report>
				<misses>914700001</misses>
				<total>0</total>
				<timestamp>5895.932312</timestamp>
			</report>
			<report>
				<misses>914800001</misses>
				<total>0</total>
				<timestamp>5896.586764</timestamp>
			</report>
			<report>
				<misses>914900001</misses>
				<total>0</total>
				<timestamp>5897.240649</timestamp>
			</report>
			<report>
				<misses>915000001</misses>
				<total>0</total>
				<timestamp>5897.894260</timestamp>
			</report>
			<report>
				<misses>915100001</misses>
				<total>0</total>
				<timestamp>5898.549417</timestamp>
			</report>
			<report>
				<misses>915200001</misses>
				<total>0</total>
				<timestamp>5899.203584</timestamp>
			</report>
			<report>
				<misses>915300001</misses>
				<total>0</total>
				<timestamp>5899.858561</timestamp>
			</report>
			<report>
				<misses>915400001</misses>
				<total>0</total>
				<timestamp>5900.513735</timestamp>
			</report>
			<report>
				<misses>915500001</misses>
				<total>0</total>
				<timestamp>5901.169339</timestamp>
			</report>
			<report>
				<misses>915600001</misses>
				<total>0</total>
				<timestamp>5901.823810</timestamp>
			</report>
			<report>
				<misses>915700001</misses>
				<total>0</total>
				<timestamp>5902.477152</timestamp>
			</report>
			<report>
				<misses>915800001</misses>
				<total>0</total>
				<timestamp>5903.131494</timestamp>
			</report>
			<report>
				<misses>915900001</misses>
				<total>0</total>
				<timestamp>5903.785117</timestamp>
			</report>
			<report>
				<misses>916000001</misses>
				<total>0</total>
				<timestamp>5904.437825</timestamp>
			</report>
			<report>
				<misses>916100001</misses>
				<total>0</total>
				<timestamp>5905.090842</timestamp>
			</report>
			<report>
				<misses>916200001</misses>
				<total>0</total>
				<timestamp>5905.744038</timestamp>
			</report>
			<report>
				<misses>916300001</misses>
				<total>0</total>
				<timestamp>5906.397615</timestamp>
			</report>
			<report>
				<misses>916400001</misses>
				<total>0</total>
				<timestamp>5907.052360</timestamp>
			</report>
			<report>
				<misses>916500001</misses>
				<total>0</total>
				<timestamp>5907.698934</timestamp>
			</report>
			<report>
				<misses>916600001</misses>
				<total>0</total>
				<timestamp>5908.353273</timestamp>
			</report>
			<report>
				<misses>916700001</misses>
				<total>0</total>
				<timestamp>5909.007573</timestamp>
			</report>
			<report>
				<misses>916800001</misses>
				<total>0</total>
				<timestamp>5909.661496</timestamp>
			</report>
			<report>
				<misses>916900001</misses>
				<total>0</total>
				<timestamp>5910.315362</timestamp>
			</report>
			<report>
				<misses>917000001</misses>
				<total>0</total>
				<timestamp>5910.969189</timestamp>
			</report>
			<report>
				<misses>917100001</misses>
				<total>0</total>
				<timestamp>5911.621669</timestamp>
			</report>
			<report>
				<misses>917200001</misses>
				<total>0</total>
				<timestamp>5912.270424</timestamp>
			</report>
			<report>
				<misses>917300001</misses>
				<total>0</total>
				<timestamp>5912.923829</timestamp>
			</report>
			<report>
				<misses>917400001</misses>
				<total>0</total>
				<timestamp>5913.574898</timestamp>
			</report>
			<report>
				<misses>917500001</misses>
				<total>0</total>
				<timestamp>5914.226282</timestamp>
			</report>
			<report>
				<misses>917600001</misses>
				<total>0</total>
				<timestamp>5914.877289</timestamp>
			</report>
			<report>
				<misses>917700001</misses>
				<total>0</total>
				<timestamp>5915.526085</timestamp>
			</report>
			<report>
				<misses>917800001</misses>
				<total>0</total>
				<timestamp>5916.176553</timestamp>
			</report>
			<report>
				<misses>917900001</misses>
				<total>0</total>
				<timestamp>5916.827209</timestamp>
			</report>
			<report>
				<misses>918000001</misses>
				<total>0</total>
				<timestamp>5917.477003</timestamp>
			</report>
			<report>
				<misses>918100001</misses>
				<total>0</total>
				<timestamp>5918.127218</timestamp>
			</report>
			<report>
				<misses>918200001</misses>
				<total>0</total>
				<timestamp>5918.777624</timestamp>
			</report>
			<report>
				<misses>918300001</misses>
				<total>0</total>
				<timestamp>5919.427959</timestamp>
			</report>
			<report>
				<misses>918400001</misses>
				<total>0</total>
				<timestamp>5920.078554</timestamp>
			</report>
			<report>
				<misses>918500001</misses>
				<total>0</total>
				<timestamp>5920.729213</timestamp>
			</report>
			<report>
				<misses>918600001</misses>
				<total>0</total>
				<timestamp>5921.379663</timestamp>
			</report>
			<report>
				<misses>918700001</misses>
				<total>0</total>
				<timestamp>5922.031655</timestamp>
			</report>
			<report>
				<misses>918800001</misses>
				<total>0</total>
				<timestamp>5922.681510</timestamp>
			</report>
			<report>
				<misses>918900001</misses>
				<total>0</total>
				<timestamp>5923.331252</timestamp>
			</report>
			<report>
				<misses>919000001</misses>
				<total>0</total>
				<timestamp>5923.979152</timestamp>
			</report>
			<report>
				<misses>919100001</misses>
				<total>0</total>
				<timestamp>5924.627070</timestamp>
			</report>
			<report>
				<misses>919200001</misses>
				<total>0</total>
				<timestamp>5925.274731</timestamp>
			</report>
			<report>
				<misses>919300001</misses>
				<total>0</total>
				<timestamp>5925.921541</timestamp>
			</report>
			<report>
				<misses>919400001</misses>
				<total>0</total>
				<timestamp>5926.569268</timestamp>
			</report>
			<report>
				<misses>919500001</misses>
				<total>0</total>
				<timestamp>5927.215917</timestamp>
			</report>
			<report>
				<misses>919600001</misses>
				<total>0</total>
				<timestamp>5927.861717</timestamp>
			</report>
			<report>
				<misses>919700001</misses>
				<total>0</total>
				<timestamp>5928.508398</timestamp>
			</report>
			<report>
				<misses>919800001</misses>
				<total>0</total>
				<timestamp>5929.155706</timestamp>
			</report>
			<report>
				<misses>919900001</misses>
				<total>0</total>
				<timestamp>5929.802805</timestamp>
			</report>
			<report>
				<misses>920000001</misses>
				<total>0</total>
				<timestamp>5930.450189</timestamp>
			</report>
			<report>
				<misses>920100001</misses>
				<total>0</total>
				<timestamp>5931.095570</timestamp>
			</report>
			<report>
				<misses>920200001</misses>
				<total>0</total>
				<timestamp>5931.740914</timestamp>
			</report>
			<report>
				<misses>920300001</misses>
				<total>0</total>
				<timestamp>5932.386502</timestamp>
			</report>
			<report>
				<misses>920400001</misses>
				<total>0</total>
				<timestamp>5933.032347</timestamp>
			</report>
			<report>
				<misses>920500001</misses>
				<total>0</total>
				<timestamp>5933.678193</timestamp>
			</report>
			<report>
				<misses>920600001</misses>
				<total>0</total>
				<timestamp>5934.323999</timestamp>
			</report>
			<report>
				<misses>920700001</misses>
				<total>0</total>
				<timestamp>5934.969513</timestamp>
			</report>
			<report>
				<misses>920800001</misses>
				<total>0</total>
				<timestamp>5935.616370</timestamp>
			</report>
			<report>
				<misses>920900001</misses>
				<total>0</total>
				<timestamp>5936.262718</timestamp>
			</report>
			<report>
				<misses>921000001</misses>
				<total>0</total>
				<timestamp>5936.905876</timestamp>
			</report>
			<report>
				<misses>921100001</misses>
				<total>0</total>
				<timestamp>5937.548111</timestamp>
			</report>
			<report>
				<misses>921200001</misses>
				<total>0</total>
				<timestamp>5938.191110</timestamp>
			</report>
			<report>
				<misses>921300001</misses>
				<total>0</total>
				<timestamp>5938.834706</timestamp>
			</report>
			<report>
				<misses>921400001</misses>
				<total>0</total>
				<timestamp>5939.478287</timestamp>
			</report>
			<report>
				<misses>921500001</misses>
				<total>0</total>
				<timestamp>5940.123055</timestamp>
			</report>
			<report>
				<misses>921600001</misses>
				<total>0</total>
				<timestamp>5940.766020</timestamp>
			</report>
			<report>
				<misses>921700001</misses>
				<total>0</total>
				<timestamp>5941.408211</timestamp>
			</report>
			<report>
				<misses>921800001</misses>
				<total>0</total>
				<timestamp>5942.054166</timestamp>
			</report>
			<report>
				<misses>921900001</misses>
				<total>0</total>
				<timestamp>5942.698377</timestamp>
			</report>
			<report>
				<misses>922000001</misses>
				<total>0</total>
				<timestamp>5943.341625</timestamp>
			</report>
			<report>
				<misses>922100001</misses>
				<total>0</total>
				<timestamp>5943.986010</timestamp>
			</report>
			<report>
				<misses>922200001</misses>
				<total>0</total>
				<timestamp>5944.629816</timestamp>
			</report>
			<report>
				<misses>922300001</misses>
				<total>0</total>
				<timestamp>5945.273685</timestamp>
			</report>
			<report>
				<misses>922400001</misses>
				<total>0</total>
				<timestamp>5945.917668</timestamp>
			</report>
			<report>
				<misses>922500001</misses>
				<total>0</total>
				<timestamp>5946.561416</timestamp>
			</report>
			<report>
				<misses>922600001</misses>
				<total>0</total>
				<timestamp>5947.204668</timestamp>
			</report>
			<report>
				<misses>922700001</misses>
				<total>0</total>
				<timestamp>5947.848860</timestamp>
			</report>
			<report>
				<misses>922800001</misses>
				<total>0</total>
				<timestamp>5948.491980</timestamp>
			</report>
			<report>
				<misses>922900001</misses>
				<total>0</total>
				<timestamp>5949.135865</timestamp>
			</report>
			<report>
				<misses>923000001</misses>
				<total>0</total>
				<timestamp>5949.778551</timestamp>
			</report>
			<report>
				<misses>923100001</misses>
				<total>0</total>
				<timestamp>5950.418765</timestamp>
			</report>
			<report>
				<misses>923200001</misses>
				<total>0</total>
				<timestamp>5951.061587</timestamp>
			</report>
			<report>
				<misses>923300001</misses>
				<total>0</total>
				<timestamp>5951.704314</timestamp>
			</report>
			<report>
				<misses>923400001</misses>
				<total>0</total>
				<timestamp>5952.347374</timestamp>
			</report>
			<report>
				<misses>923500001</misses>
				<total>0</total>
				<timestamp>5952.990067</timestamp>
			</report>
			<report>
				<misses>923600001</misses>
				<total>0</total>
				<timestamp>5953.632439</timestamp>
			</report>
			<report>
				<misses>923700001</misses>
				<total>0</total>
				<timestamp>5954.274873</timestamp>
			</report>
			<report>
				<misses>923800001</misses>
				<total>0</total>
				<timestamp>5954.916181</timestamp>
			</report>
			<report>
				<misses>923900001</misses>
				<total>0</total>
				<timestamp>5955.554152</timestamp>
			</report>
			<report>
				<misses>924000001</misses>
				<total>0</total>
				<timestamp>5956.191995</timestamp>
			</report>
			<report>
				<misses>924100001</misses>
				<total>0</total>
				<timestamp>5956.829536</timestamp>
			</report>
			<report>
				<misses>924200001</misses>
				<total>0</total>
				<timestamp>5957.467201</timestamp>
			</report>
			<report>
				<misses>924300001</misses>
				<total>0</total>
				<timestamp>5958.104850</timestamp>
			</report>
			<report>
				<misses>924400001</misses>
				<total>0</total>
				<timestamp>5958.742979</timestamp>
			</report>
			<report>
				<misses>924500001</misses>
				<total>0</total>
				<timestamp>5959.380706</timestamp>
			</report>
			<report>
				<misses>924600001</misses>
				<total>0</total>
				<timestamp>5960.018497</timestamp>
			</report>
			<report>
				<misses>924700001</misses>
				<total>0</total>
				<timestamp>5960.655786</timestamp>
			</report>
			<report>
				<misses>924800001</misses>
				<total>0</total>
				<timestamp>5961.292601</timestamp>
			</report>
			<report>
				<misses>924900001</misses>
				<total>0</total>
				<timestamp>5961.929734</timestamp>
			</report>
			<report>
				<misses>925000001</misses>
				<total>0</total>
				<timestamp>5962.566103</timestamp>
			</report>
			<report>
				<misses>925100001</misses>
				<total>0</total>
				<timestamp>5963.204613</timestamp>
			</report>
			<report>
				<misses>925200001</misses>
				<total>0</total>
				<timestamp>5963.841664</timestamp>
			</report>
			<report>
				<misses>925300001</misses>
				<total>0</total>
				<timestamp>5964.477834</timestamp>
			</report>
			<report>
				<misses>925400001</misses>
				<total>0</total>
				<timestamp>5965.115643</timestamp>
			</report>
			<report>
				<misses>925500001</misses>
				<total>0</total>
				<timestamp>5965.753240</timestamp>
			</report>
			<report>
				<misses>925600001</misses>
				<total>0</total>
				<timestamp>5966.390689</timestamp>
			</report>
			<report>
				<misses>925700001</misses>
				<total>0</total>
				<timestamp>5967.027848</timestamp>
			</report>
			<report>
				<misses>925800001</misses>
				<total>0</total>
				<timestamp>5967.665086</timestamp>
			</report>
			<report>
				<misses>925900001</misses>
				<total>0</total>
				<timestamp>5968.303451</timestamp>
			</report>
			<report>
				<misses>926000001</misses>
				<total>0</total>
				<timestamp>5968.940188</timestamp>
			</report>
			<report>
				<misses>926100001</misses>
				<total>0</total>
				<timestamp>5969.577420</timestamp>
			</report>
			<report>
				<misses>926200001</misses>
				<total>0</total>
				<timestamp>5970.214538</timestamp>
			</report>
			<report>
				<misses>926300001</misses>
				<total>0</total>
				<timestamp>5970.853038</timestamp>
			</report>
			<report>
				<misses>926400001</misses>
				<total>0</total>
				<timestamp>5971.490867</timestamp>
			</report>
			<report>
				<misses>926500001</misses>
				<total>0</total>
				<timestamp>5972.128173</timestamp>
			</report>
			<report>
				<misses>926600001</misses>
				<total>0</total>
				<timestamp>5972.765452</timestamp>
			</report>
			<report>
				<misses>926700001</misses>
				<total>0</total>
				<timestamp>5973.401542</timestamp>
			</report>
			<report>
				<misses>926800001</misses>
				<total>0</total>
				<timestamp>5974.037386</timestamp>
			</report>
			<report>
				<misses>926900001</misses>
				<total>0</total>
				<timestamp>5974.675144</timestamp>
			</report>
			<report>
				<misses>927000001</misses>
				<total>0</total>
				<timestamp>5975.312912</timestamp>
			</report>
			<report>
				<misses>927100001</misses>
				<total>0</total>
				<timestamp>5975.949798</timestamp>
			</report>
			<report>
				<misses>927200001</misses>
				<total>0</total>
				<timestamp>5976.586036</timestamp>
			</report>
			<report>
				<misses>927300001</misses>
				<total>0</total>
				<timestamp>5977.223022</timestamp>
			</report>
			<report>
				<misses>927400001</misses>
				<total>0</total>
				<timestamp>5977.877491</timestamp>
			</report>
			<report>
				<misses>927500001</misses>
				<total>0</total>
				<timestamp>5978.531796</timestamp>
			</report>
			<report>
				<misses>927600001</misses>
				<total>0</total>
				<timestamp>5979.187176</timestamp>
			</report>
			<report>
				<misses>927700001</misses>
				<total>0</total>
				<timestamp>5979.843346</timestamp>
			</report>
			<report>
				<misses>927800001</misses>
				<total>0</total>
				<timestamp>5980.499470</timestamp>
			</report>
			<report>
				<misses>927900001</misses>
				<total>0</total>
				<timestamp>5981.156314</timestamp>
			</report>
			<report>
				<misses>928000001</misses>
				<total>0</total>
				<timestamp>5981.807885</timestamp>
			</report>
			<report>
				<misses>928100001</misses>
				<total>0</total>
				<timestamp>5982.457059</timestamp>
			</report>
			<report>
				<misses>928200001</misses>
				<total>0</total>
				<timestamp>5983.105798</timestamp>
			</report>
			<report>
				<misses>928300001</misses>
				<total>0</total>
				<timestamp>5983.754472</timestamp>
			</report>
			<report>
				<misses>928400001</misses>
				<total>0</total>
				<timestamp>5984.402448</timestamp>
			</report>
			<report>
				<misses>928500001</misses>
				<total>0</total>
				<timestamp>5985.060605</timestamp>
			</report>
			<report>
				<misses>928600001</misses>
				<total>0</total>
				<timestamp>5985.711914</timestamp>
			</report>
			<report>
				<misses>928700001</misses>
				<total>0</total>
				<timestamp>5986.358525</timestamp>
			</report>
			<report>
				<misses>928800001</misses>
				<total>0</total>
				<timestamp>5987.006154</timestamp>
			</report>
			<report>
				<misses>928900001</misses>
				<total>0</total>
				<timestamp>5987.660236</timestamp>
			</report>
			<report>
				<misses>929000001</misses>
				<total>0</total>
				<timestamp>5988.308299</timestamp>
			</report>
			<report>
				<misses>929100001</misses>
				<total>0</total>
				<timestamp>5988.955650</timestamp>
			</report>
			<report>
				<misses>929200001</misses>
				<total>0</total>
				<timestamp>5989.603925</timestamp>
			</report>
			<report>
				<misses>929300001</misses>
				<total>0</total>
				<timestamp>5990.252695</timestamp>
			</report>
			<report>
				<misses>929400001</misses>
				<total>0</total>
				<timestamp>5990.905753</timestamp>
			</report>
			<report>
				<misses>929500001</misses>
				<total>0</total>
				<timestamp>5991.556657</timestamp>
			</report>
			<report>
				<misses>929600001</misses>
				<total>0</total>
				<timestamp>5992.205015</timestamp>
			</report>
			<report>
				<misses>929700001</misses>
				<total>0</total>
				<timestamp>5992.850310</timestamp>
			</report>
			<report>
				<misses>929800001</misses>
				<total>0</total>
				<timestamp>5993.494402</timestamp>
			</report>
			<report>
				<misses>929900001</misses>
				<total>0</total>
				<timestamp>5994.137859</timestamp>
			</report>
			<report>
				<misses>930000001</misses>
				<total>0</total>
				<timestamp>5994.781936</timestamp>
			</report>
			<report>
				<misses>930100001</misses>
				<total>0</total>
				<timestamp>5995.424682</timestamp>
			</report>
			<report>
				<misses>930200001</misses>
				<total>0</total>
				<timestamp>5996.068631</timestamp>
			</report>
			<report>
				<misses>930300001</misses>
				<total>0</total>
				<timestamp>5996.713153</timestamp>
			</report>
			<report>
				<misses>930400001</misses>
				<total>0</total>
				<timestamp>5997.356170</timestamp>
			</report>
			<report>
				<misses>930500001</misses>
				<total>0</total>
				<timestamp>5997.999471</timestamp>
			</report>
			<report>
				<misses>930600001</misses>
				<total>0</total>
				<timestamp>5998.642943</timestamp>
			</report>
			<report>
				<misses>930700001</misses>
				<total>0</total>
				<timestamp>5999.285440</timestamp>
			</report>
			<report>
				<misses>930800001</misses>
				<total>0</total>
				<timestamp>5999.929191</timestamp>
			</report>
			<report>
				<misses>930900001</misses>
				<total>0</total>
				<timestamp>6000.573530</timestamp>
			</report>
			<report>
				<misses>931000001</misses>
				<total>0</total>
				<timestamp>6001.217602</timestamp>
			</report>
			<report>
				<misses>931100001</misses>
				<total>0</total>
				<timestamp>6001.861014</timestamp>
			</report>
			<report>
				<misses>931200001</misses>
				<total>0</total>
				<timestamp>6002.498551</timestamp>
			</report>
			<report>
				<misses>931300001</misses>
				<total>0</total>
				<timestamp>6003.136152</timestamp>
			</report>
			<report>
				<misses>931400001</misses>
				<total>0</total>
				<timestamp>6003.775039</timestamp>
			</report>
			<report>
				<misses>931500001</misses>
				<total>0</total>
				<timestamp>6004.412733</timestamp>
			</report>
			<report>
				<misses>931600001</misses>
				<total>0</total>
				<timestamp>6005.050586</timestamp>
			</report>
			<report>
				<misses>931700001</misses>
				<total>0</total>
				<timestamp>6005.688772</timestamp>
			</report>
			<report>
				<misses>931800001</misses>
				<total>0</total>
				<timestamp>6006.327381</timestamp>
			</report>
			<report>
				<misses>931900001</misses>
				<total>0</total>
				<timestamp>6006.965910</timestamp>
			</report>
			<report>
				<misses>932000001</misses>
				<total>0</total>
				<timestamp>6007.604013</timestamp>
			</report>
			<report>
				<misses>932100001</misses>
				<total>0</total>
				<timestamp>6008.241868</timestamp>
			</report>
			<report>
				<misses>932200001</misses>
				<total>0</total>
				<timestamp>6008.879724</timestamp>
			</report>
			<report>
				<misses>932300001</misses>
				<total>0</total>
				<timestamp>6009.516814</timestamp>
			</report>
			<report>
				<misses>932400001</misses>
				<total>0</total>
				<timestamp>6010.154119</timestamp>
			</report>
			<report>
				<misses>932500001</misses>
				<total>0</total>
				<timestamp>6010.791990</timestamp>
			</report>
			<report>
				<misses>932600001</misses>
				<total>0</total>
				<timestamp>6011.428107</timestamp>
			</report>
			<report>
				<misses>932700001</misses>
				<total>0</total>
				<timestamp>6012.064222</timestamp>
			</report>
			<report>
				<misses>932800001</misses>
				<total>0</total>
				<timestamp>6012.714796</timestamp>
			</report>
			<report>
				<misses>932900001</misses>
				<total>0</total>
				<timestamp>6013.366202</timestamp>
			</report>
			<report>
				<misses>933000001</misses>
				<total>0</total>
				<timestamp>6014.015898</timestamp>
			</report>
			<report>
				<misses>933100001</misses>
				<total>0</total>
				<timestamp>6014.666642</timestamp>
			</report>
			<report>
				<misses>933200001</misses>
				<total>0</total>
				<timestamp>6015.317322</timestamp>
			</report>
			<report>
				<misses>933300001</misses>
				<total>0</total>
				<timestamp>6015.968452</timestamp>
			</report>
			<report>
				<misses>933400001</misses>
				<total>0</total>
				<timestamp>6016.620583</timestamp>
			</report>
			<report>
				<misses>933500001</misses>
				<total>0</total>
				<timestamp>6017.272733</timestamp>
			</report>
			<report>
				<misses>933600001</misses>
				<total>0</total>
				<timestamp>6017.924585</timestamp>
			</report>
			<report>
				<misses>933700001</misses>
				<total>0</total>
				<timestamp>6018.577370</timestamp>
			</report>
			<report>
				<misses>933800001</misses>
				<total>0</total>
				<timestamp>6019.229827</timestamp>
			</report>
			<report>
				<misses>933900001</misses>
				<total>0</total>
				<timestamp>6019.882170</timestamp>
			</report>
			<report>
				<misses>934000001</misses>
				<total>0</total>
				<timestamp>6020.534768</timestamp>
			</report>
			<report>
				<misses>934100001</misses>
				<total>0</total>
				<timestamp>6021.189142</timestamp>
			</report>
			<report>
				<misses>934200001</misses>
				<total>0</total>
				<timestamp>6021.842261</timestamp>
			</report>
			<report>
				<misses>934300001</misses>
				<total>0</total>
				<timestamp>6022.496125</timestamp>
			</report>
			<report>
				<misses>934400001</misses>
				<total>0</total>
				<timestamp>6023.149218</timestamp>
			</report>
			<report>
				<misses>934500001</misses>
				<total>0</total>
				<timestamp>6023.802449</timestamp>
			</report>
			<report>
				<misses>934600001</misses>
				<total>0</total>
				<timestamp>6024.455304</timestamp>
			</report>
			<report>
				<misses>934700001</misses>
				<total>0</total>
				<timestamp>6025.109000</timestamp>
			</report>
			<report>
				<misses>934800001</misses>
				<total>0</total>
				<timestamp>6025.763083</timestamp>
			</report>
			<report>
				<misses>934900001</misses>
				<total>0</total>
				<timestamp>6026.415568</timestamp>
			</report>
			<report>
				<misses>935000001</misses>
				<total>0</total>
				<timestamp>6027.069564</timestamp>
			</report>
			<report>
				<misses>935100001</misses>
				<total>0</total>
				<timestamp>6027.724051</timestamp>
			</report>
			<report>
				<misses>935200001</misses>
				<total>0</total>
				<timestamp>6028.376696</timestamp>
			</report>
			<report>
				<misses>935300001</misses>
				<total>0</total>
				<timestamp>6029.030181</timestamp>
			</report>
			<report>
				<misses>935400001</misses>
				<total>0</total>
				<timestamp>6029.683857</timestamp>
			</report>
			<report>
				<misses>935500001</misses>
				<total>0</total>
				<timestamp>6030.336538</timestamp>
			</report>
			<report>
				<misses>935600001</misses>
				<total>0</total>
				<timestamp>6030.990077</timestamp>
			</report>
			<report>
				<misses>935700001</misses>
				<total>0</total>
				<timestamp>6031.643026</timestamp>
			</report>
			<report>
				<misses>935800001</misses>
				<total>0</total>
				<timestamp>6032.295191</timestamp>
			</report>
			<report>
				<misses>935900001</misses>
				<total>0</total>
				<timestamp>6032.948694</timestamp>
			</report>
			<report>
				<misses>936000001</misses>
				<total>0</total>
				<timestamp>6033.603050</timestamp>
			</report>
			<report>
				<misses>936100001</misses>
				<total>0</total>
				<timestamp>6034.255857</timestamp>
			</report>
			<report>
				<misses>936200001</misses>
				<total>0</total>
				<timestamp>6034.909789</timestamp>
			</report>
			<report>
				<misses>936300001</misses>
				<total>0</total>
				<timestamp>6035.564082</timestamp>
			</report>
			<report>
				<misses>936400001</misses>
				<total>0</total>
				<timestamp>6036.217247</timestamp>
			</report>
			<report>
				<misses>936500001</misses>
				<total>0</total>
				<timestamp>6036.869627</timestamp>
			</report>
			<report>
				<misses>936600001</misses>
				<total>0</total>
				<timestamp>6037.523211</timestamp>
			</report>
			<report>
				<misses>936700001</misses>
				<total>0</total>
				<timestamp>6038.176132</timestamp>
			</report>
			<report>
				<misses>936800001</misses>
				<total>0</total>
				<timestamp>6038.829549</timestamp>
			</report>
			<report>
				<misses>936900001</misses>
				<total>0</total>
				<timestamp>6039.484025</timestamp>
			</report>
			<report>
				<misses>937000001</misses>
				<total>0</total>
				<timestamp>6040.136575</timestamp>
			</report>
			<report>
				<misses>937100001</misses>
				<total>0</total>
				<timestamp>6040.790139</timestamp>
			</report>
			<report>
				<misses>937200001</misses>
				<total>0</total>
				<timestamp>6041.442441</timestamp>
			</report>
			<report>
				<misses>937300001</misses>
				<total>0</total>
				<timestamp>6042.096088</timestamp>
			</report>
			<report>
				<misses>937400001</misses>
				<total>0</total>
				<timestamp>6042.749224</timestamp>
			</report>
			<report>
				<misses>937500001</misses>
				<total>0</total>
				<timestamp>6043.403803</timestamp>
			</report>
			<report>
				<misses>937600001</misses>
				<total>0</total>
				<timestamp>6044.059500</timestamp>
			</report>
			<report>
				<misses>937700001</misses>
				<total>0</total>
				<timestamp>6044.714046</timestamp>
			</report>
			<report>
				<misses>937800001</misses>
				<total>0</total>
				<timestamp>6045.366840</timestamp>
			</report>
			<report>
				<misses>937900001</misses>
				<total>0</total>
				<timestamp>6046.015695</timestamp>
			</report>
			<report>
				<misses>938000001</misses>
				<total>0</total>
				<timestamp>6046.669440</timestamp>
			</report>
			<report>
				<misses>938100001</misses>
				<total>0</total>
				<timestamp>6047.323507</timestamp>
			</report>
			<report>
				<misses>938200001</misses>
				<total>0</total>
				<timestamp>6047.977224</timestamp>
			</report>
			<report>
				<misses>938300001</misses>
				<total>0</total>
				<timestamp>6048.630532</timestamp>
			</report>
			<report>
				<misses>938400001</misses>
				<total>0</total>
				<timestamp>6049.284650</timestamp>
			</report>
			<report>
				<misses>938500001</misses>
				<total>0</total>
				<timestamp>6049.939051</timestamp>
			</report>
			<report>
				<misses>938600001</misses>
				<total>0</total>
				<timestamp>6050.592058</timestamp>
			</report>
			<report>
				<misses>938700001</misses>
				<total>0</total>
				<timestamp>6051.246617</timestamp>
			</report>
			<report>
				<misses>938800001</misses>
				<total>0</total>
				<timestamp>6051.902311</timestamp>
			</report>
			<report>
				<misses>938900001</misses>
				<total>0</total>
				<timestamp>6052.557532</timestamp>
			</report>
			<report>
				<misses>939000001</misses>
				<total>0</total>
				<timestamp>6053.213924</timestamp>
			</report>
			<report>
				<misses>939100001</misses>
				<total>0</total>
				<timestamp>6053.870413</timestamp>
			</report>
			<report>
				<misses>939200001</misses>
				<total>0</total>
				<timestamp>6054.526322</timestamp>
			</report>
			<report>
				<misses>939300001</misses>
				<total>0</total>
				<timestamp>6055.180392</timestamp>
			</report>
			<report>
				<misses>939400001</misses>
				<total>0</total>
				<timestamp>6055.829012</timestamp>
			</report>
			<report>
				<misses>939500001</misses>
				<total>0</total>
				<timestamp>6056.474404</timestamp>
			</report>
			<report>
				<misses>939600001</misses>
				<total>0</total>
				<timestamp>6057.120291</timestamp>
			</report>
			<report>
				<misses>939700001</misses>
				<total>0</total>
				<timestamp>6057.765762</timestamp>
			</report>
			<report>
				<misses>939800001</misses>
				<total>0</total>
				<timestamp>6058.411300</timestamp>
			</report>
			<report>
				<misses>939900001</misses>
				<total>0</total>
				<timestamp>6059.056663</timestamp>
			</report>
			<report>
				<misses>940000001</misses>
				<total>0</total>
				<timestamp>6059.701785</timestamp>
			</report>
			<report>
				<misses>940100001</misses>
				<total>0</total>
				<timestamp>6060.346197</timestamp>
			</report>
			<report>
				<misses>940200001</misses>
				<total>0</total>
				<timestamp>6060.991345</timestamp>
			</report>
			<report>
				<misses>940300001</misses>
				<total>0</total>
				<timestamp>6061.636792</timestamp>
			</report>
			<report>
				<misses>940400001</misses>
				<total>0</total>
				<timestamp>6062.282428</timestamp>
			</report>
			<report>
				<misses>940500001</misses>
				<total>0</total>
				<timestamp>6062.927893</timestamp>
			</report>
			<report>
				<misses>940600001</misses>
				<total>0</total>
				<timestamp>6063.574178</timestamp>
			</report>
			<report>
				<misses>940700001</misses>
				<total>0</total>
				<timestamp>6064.218639</timestamp>
			</report>
			<report>
				<misses>940800001</misses>
				<total>0</total>
				<timestamp>6064.862821</timestamp>
			</report>
			<report>
				<misses>940900001</misses>
				<total>0</total>
				<timestamp>6065.508773</timestamp>
			</report>
			<report>
				<misses>941000001</misses>
				<total>0</total>
				<timestamp>6066.155769</timestamp>
			</report>
			<report>
				<misses>941100001</misses>
				<total>0</total>
				<timestamp>6066.803079</timestamp>
			</report>
			<report>
				<misses>941200001</misses>
				<total>0</total>
				<timestamp>6067.450129</timestamp>
			</report>
			<report>
				<misses>941300001</misses>
				<total>0</total>
				<timestamp>6068.095973</timestamp>
			</report>
			<report>
				<misses>941400001</misses>
				<total>0</total>
				<timestamp>6068.742865</timestamp>
			</report>
			<report>
				<misses>941500001</misses>
				<total>0</total>
				<timestamp>6069.389377</timestamp>
			</report>
			<report>
				<misses>941600001</misses>
				<total>0</total>
				<timestamp>6070.036822</timestamp>
			</report>
			<report>
				<misses>941700001</misses>
				<total>0</total>
				<timestamp>6070.683019</timestamp>
			</report>
			<report>
				<misses>941800001</misses>
				<total>0</total>
				<timestamp>6071.330064</timestamp>
			</report>
			<report>
				<misses>941900001</misses>
				<total>0</total>
				<timestamp>6071.979461</timestamp>
			</report>
			<report>
				<misses>942000001</misses>
				<total>0</total>
				<timestamp>6072.626921</timestamp>
			</report>
			<report>
				<misses>942100001</misses>
				<total>0</total>
				<timestamp>6073.274964</timestamp>
			</report>
			<report>
				<misses>942200001</misses>
				<total>0</total>
				<timestamp>6073.922614</timestamp>
			</report>
			<report>
				<misses>942300001</misses>
				<total>0</total>
				<timestamp>6074.567949</timestamp>
			</report>
			<report>
				<misses>942400001</misses>
				<total>0</total>
				<timestamp>6075.211420</timestamp>
			</report>
			<report>
				<misses>942500001</misses>
				<total>0</total>
				<timestamp>6075.855447</timestamp>
			</report>
			<report>
				<misses>942600001</misses>
				<total>0</total>
				<timestamp>6076.500480</timestamp>
			</report>
			<report>
				<misses>942700001</misses>
				<total>0</total>
				<timestamp>6077.144606</timestamp>
			</report>
			<report>
				<misses>942800001</misses>
				<total>0</total>
				<timestamp>6077.788617</timestamp>
			</report>
			<report>
				<misses>942900001</misses>
				<total>0</total>
				<timestamp>6078.432832</timestamp>
			</report>
			<report>
				<misses>943000001</misses>
				<total>0</total>
				<timestamp>6079.076363</timestamp>
			</report>
			<report>
				<misses>943100001</misses>
				<total>0</total>
				<timestamp>6079.719758</timestamp>
			</report>
			<report>
				<misses>943200001</misses>
				<total>0</total>
				<timestamp>6080.363317</timestamp>
			</report>
			<report>
				<misses>943300001</misses>
				<total>0</total>
				<timestamp>6081.006876</timestamp>
			</report>
			<report>
				<misses>943400001</misses>
				<total>0</total>
				<timestamp>6081.648603</timestamp>
			</report>
			<report>
				<misses>943500001</misses>
				<total>0</total>
				<timestamp>6082.291766</timestamp>
			</report>
			<report>
				<misses>943600001</misses>
				<total>0</total>
				<timestamp>6082.934362</timestamp>
			</report>
			<report>
				<misses>943700001</misses>
				<total>0</total>
				<timestamp>6083.578072</timestamp>
			</report>
			<report>
				<misses>943800001</misses>
				<total>0</total>
				<timestamp>6084.216777</timestamp>
			</report>
			<report>
				<misses>943900001</misses>
				<total>0</total>
				<timestamp>6084.853361</timestamp>
			</report>
			<report>
				<misses>944000001</misses>
				<total>0</total>
				<timestamp>6085.490557</timestamp>
			</report>
			<report>
				<misses>944100001</misses>
				<total>0</total>
				<timestamp>6086.126782</timestamp>
			</report>
			<report>
				<misses>944200001</misses>
				<total>0</total>
				<timestamp>6086.762740</timestamp>
			</report>
			<report>
				<misses>944300001</misses>
				<total>0</total>
				<timestamp>6087.399873</timestamp>
			</report>
			<report>
				<misses>944400001</misses>
				<total>0</total>
				<timestamp>6088.037305</timestamp>
			</report>
			<report>
				<misses>944500001</misses>
				<total>0</total>
				<timestamp>6088.674217</timestamp>
			</report>
			<report>
				<misses>944600001</misses>
				<total>0</total>
				<timestamp>6089.311381</timestamp>
			</report>
			<report>
				<misses>944700001</misses>
				<total>0</total>
				<timestamp>6089.948847</timestamp>
			</report>
			<report>
				<misses>944800001</misses>
				<total>0</total>
				<timestamp>6090.587079</timestamp>
			</report>
			<report>
				<misses>944900001</misses>
				<total>0</total>
				<timestamp>6091.224930</timestamp>
			</report>
			<report>
				<misses>945000001</misses>
				<total>0</total>
				<timestamp>6091.862888</timestamp>
			</report>
			<report>
				<misses>945100001</misses>
				<total>0</total>
				<timestamp>6092.499960</timestamp>
			</report>
			<report>
				<misses>945200001</misses>
				<total>0</total>
				<timestamp>6093.136614</timestamp>
			</report>
			<report>
				<misses>945300001</misses>
				<total>0</total>
				<timestamp>6093.772980</timestamp>
			</report>
			<report>
				<misses>945400001</misses>
				<total>0</total>
				<timestamp>6094.409403</timestamp>
			</report>
			<report>
				<misses>945500001</misses>
				<total>0</total>
				<timestamp>6095.048111</timestamp>
			</report>
			<report>
				<misses>945600001</misses>
				<total>0</total>
				<timestamp>6095.684579</timestamp>
			</report>
			<report>
				<misses>945700001</misses>
				<total>0</total>
				<timestamp>6096.320280</timestamp>
			</report>
			<report>
				<misses>945800001</misses>
				<total>0</total>
				<timestamp>6096.956226</timestamp>
			</report>
			<report>
				<misses>945900001</misses>
				<total>0</total>
				<timestamp>6097.592922</timestamp>
			</report>
			<report>
				<misses>946000001</misses>
				<total>0</total>
				<timestamp>6098.229105</timestamp>
			</report>
			<report>
				<misses>946100001</misses>
				<total>0</total>
				<timestamp>6098.865112</timestamp>
			</report>
			<report>
				<misses>946200001</misses>
				<total>0</total>
				<timestamp>6099.502662</timestamp>
			</report>
			<report>
				<misses>946300001</misses>
				<total>0</total>
				<timestamp>6100.141344</timestamp>
			</report>
			<report>
				<misses>946400001</misses>
				<total>0</total>
				<timestamp>6100.777276</timestamp>
			</report>
			<report>
				<misses>946500001</misses>
				<total>0</total>
				<timestamp>6101.416780</timestamp>
			</report>
			<report>
				<misses>946600001</misses>
				<total>0</total>
				<timestamp>6102.074367</timestamp>
			</report>
			<report>
				<misses>946700001</misses>
				<total>0</total>
				<timestamp>6102.730850</timestamp>
			</report>
			<report>
				<misses>946800001</misses>
				<total>0</total>
				<timestamp>6103.386570</timestamp>
			</report>
			<report>
				<misses>946900001</misses>
				<total>0</total>
				<timestamp>6104.043262</timestamp>
			</report>
			<report>
				<misses>947000001</misses>
				<total>0</total>
				<timestamp>6104.699375</timestamp>
			</report>
			<report>
				<misses>947100001</misses>
				<total>0</total>
				<timestamp>6105.354423</timestamp>
			</report>
			<report>
				<misses>947200001</misses>
				<total>0</total>
				<timestamp>6106.009864</timestamp>
			</report>
			<report>
				<misses>947300001</misses>
				<total>0</total>
				<timestamp>6106.662750</timestamp>
			</report>
			<report>
				<misses>947400001</misses>
				<total>0</total>
				<timestamp>6107.312846</timestamp>
			</report>
			<report>
				<misses>947500001</misses>
				<total>0</total>
				<timestamp>6107.963050</timestamp>
			</report>
			<report>
				<misses>947600001</misses>
				<total>0</total>
				<timestamp>6108.609748</timestamp>
			</report>
			<report>
				<misses>947700001</misses>
				<total>0</total>
				<timestamp>6109.256324</timestamp>
			</report>
			<report>
				<misses>947800001</misses>
				<total>0</total>
				<timestamp>6109.902262</timestamp>
			</report>
			<report>
				<misses>947900001</misses>
				<total>0</total>
				<timestamp>6110.548927</timestamp>
			</report>
			<report>
				<misses>948000001</misses>
				<total>0</total>
				<timestamp>6111.195855</timestamp>
			</report>
			<report>
				<misses>948100001</misses>
				<total>0</total>
				<timestamp>6111.843013</timestamp>
			</report>
			<report>
				<misses>948200001</misses>
				<total>0</total>
				<timestamp>6112.489977</timestamp>
			</report>
			<report>
				<misses>948300001</misses>
				<total>0</total>
				<timestamp>6113.136325</timestamp>
			</report>
			<report>
				<misses>948400001</misses>
				<total>0</total>
				<timestamp>6113.782463</timestamp>
			</report>
			<report>
				<misses>948500001</misses>
				<total>0</total>
				<timestamp>6114.428591</timestamp>
			</report>
			<report>
				<misses>948600001</misses>
				<total>0</total>
				<timestamp>6115.074915</timestamp>
			</report>
			<report>
				<misses>948700001</misses>
				<total>0</total>
				<timestamp>6115.721157</timestamp>
			</report>
			<report>
				<misses>948800001</misses>
				<total>0</total>
				<timestamp>6116.367382</timestamp>
			</report>
			<report>
				<misses>948900001</misses>
				<total>0</total>
				<timestamp>6117.014713</timestamp>
			</report>
			<report>
				<misses>949000001</misses>
				<total>0</total>
				<timestamp>6117.660807</timestamp>
			</report>
			<report>
				<misses>949100001</misses>
				<total>0</total>
				<timestamp>6118.306437</timestamp>
			</report>
			<report>
				<misses>949200001</misses>
				<total>0</total>
				<timestamp>6118.952503</timestamp>
			</report>
			<report>
				<misses>949300001</misses>
				<total>0</total>
				<timestamp>6119.599200</timestamp>
			</report>
			<report>
				<misses>949400001</misses>
				<total>0</total>
				<timestamp>6120.245553</timestamp>
			</report>
			<report>
				<misses>949500001</misses>
				<total>0</total>
				<timestamp>6120.892285</timestamp>
			</report>
			<report>
				<misses>949600001</misses>
				<total>0</total>
				<timestamp>6121.538520</timestamp>
			</report>
			<report>
				<misses>949700001</misses>
				<total>0</total>
				<timestamp>6122.185637</timestamp>
			</report>
			<report>
				<misses>949800001</misses>
				<total>0</total>
				<timestamp>6122.832411</timestamp>
			</report>
			<report>
				<misses>949900001</misses>
				<total>0</total>
				<timestamp>6123.479482</timestamp>
			</report>
			<report>
				<misses>950000001</misses>
				<total>0</total>
				<timestamp>6124.126775</timestamp>
			</report>
			<report>
				<misses>950100001</misses>
				<total>0</total>
				<timestamp>6124.773341</timestamp>
			</report>
			<report>
				<misses>950200001</misses>
				<total>0</total>
				<timestamp>6125.420332</timestamp>
			</report>
			<report>
				<misses>950300001</misses>
				<total>0</total>
				<timestamp>6126.066612</timestamp>
			</report>
			<report>
				<misses>950400001</misses>
				<total>0</total>
				<timestamp>6126.714407</timestamp>
			</report>
			<report>
				<misses>950500001</misses>
				<total>0</total>
				<timestamp>6127.362465</timestamp>
			</report>
			<report>
				<misses>950600001</misses>
				<total>0</total>
				<timestamp>6128.009223</timestamp>
			</report>
			<report>
				<misses>950700001</misses>
				<total>0</total>
				<timestamp>6128.655507</timestamp>
			</report>
			<report>
				<misses>950800001</misses>
				<total>0</total>
				<timestamp>6129.301756</timestamp>
			</report>
			<report>
				<misses>950900001</misses>
				<total>0</total>
				<timestamp>6129.948361</timestamp>
			</report>
			<report>
				<misses>951000001</misses>
				<total>0</total>
				<timestamp>6130.595703</timestamp>
			</report>
			<report>
				<misses>951100001</misses>
				<total>0</total>
				<timestamp>6131.242804</timestamp>
			</report>
			<report>
				<misses>951200001</misses>
				<total>0</total>
				<timestamp>6131.890398</timestamp>
			</report>
			<report>
				<misses>951300001</misses>
				<total>0</total>
				<timestamp>6132.537922</timestamp>
			</report>
			<report>
				<misses>951400001</misses>
				<total>0</total>
				<timestamp>6133.185484</timestamp>
			</report>
			<report>
				<misses>951500001</misses>
				<total>0</total>
				<timestamp>6133.833031</timestamp>
			</report>
			<report>
				<misses>951600001</misses>
				<total>0</total>
				<timestamp>6134.480818</timestamp>
			</report>
			<report>
				<misses>951700001</misses>
				<total>0</total>
				<timestamp>6135.128053</timestamp>
			</report>
			<report>
				<misses>951800001</misses>
				<total>0</total>
				<timestamp>6135.771803</timestamp>
			</report>
			<report>
				<misses>951900001</misses>
				<total>0</total>
				<timestamp>6136.414124</timestamp>
			</report>
			<report>
				<misses>952000001</misses>
				<total>0</total>
				<timestamp>6137.055927</timestamp>
			</report>
			<report>
				<misses>952100001</misses>
				<total>0</total>
				<timestamp>6137.694775</timestamp>
			</report>
			<report>
				<misses>952200001</misses>
				<total>0</total>
				<timestamp>6138.332475</timestamp>
			</report>
			<report>
				<misses>952300001</misses>
				<total>0</total>
				<timestamp>6138.973584</timestamp>
			</report>
			<report>
				<misses>952400001</misses>
				<total>0</total>
				<timestamp>6139.610911</timestamp>
			</report>
			<report>
				<misses>952500001</misses>
				<total>0</total>
				<timestamp>6140.247247</timestamp>
			</report>
			<report>
				<misses>952600001</misses>
				<total>0</total>
				<timestamp>6140.882474</timestamp>
			</report>
			<report>
				<misses>952700001</misses>
				<total>0</total>
				<timestamp>6141.518813</timestamp>
			</report>
			<report>
				<misses>952800001</misses>
				<total>0</total>
				<timestamp>6142.153931</timestamp>
			</report>
			<report>
				<misses>952900001</misses>
				<total>0</total>
				<timestamp>6142.789025</timestamp>
			</report>
			<report>
				<misses>953000001</misses>
				<total>0</total>
				<timestamp>6143.424526</timestamp>
			</report>
			<report>
				<misses>953100001</misses>
				<total>0</total>
				<timestamp>6144.058917</timestamp>
			</report>
			<report>
				<misses>953200001</misses>
				<total>0</total>
				<timestamp>6144.694554</timestamp>
			</report>
			<report>
				<misses>953300001</misses>
				<total>0</total>
				<timestamp>6145.330425</timestamp>
			</report>
			<report>
				<misses>953400001</misses>
				<total>0</total>
				<timestamp>6145.966737</timestamp>
			</report>
			<report>
				<misses>953500001</misses>
				<total>0</total>
				<timestamp>6146.601659</timestamp>
			</report>
			<report>
				<misses>953600001</misses>
				<total>0</total>
				<timestamp>6147.237084</timestamp>
			</report>
			<report>
				<misses>953700001</misses>
				<total>0</total>
				<timestamp>6147.871640</timestamp>
			</report>
			<report>
				<misses>953800001</misses>
				<total>0</total>
				<timestamp>6148.506388</timestamp>
			</report>
			<report>
				<misses>953900001</misses>
				<total>0</total>
				<timestamp>6149.140841</timestamp>
			</report>
			<report>
				<misses>954000001</misses>
				<total>0</total>
				<timestamp>6149.776084</timestamp>
			</report>
			<report>
				<misses>954100001</misses>
				<total>0</total>
				<timestamp>6150.411189</timestamp>
			</report>
			<report>
				<misses>954200001</misses>
				<total>0</total>
				<timestamp>6151.046301</timestamp>
			</report>
			<report>
				<misses>954300001</misses>
				<total>0</total>
				<timestamp>6151.681623</timestamp>
			</report>
			<report>
				<misses>954400001</misses>
				<total>0</total>
				<timestamp>6152.316955</timestamp>
			</report>
			<report>
				<misses>954500001</misses>
				<total>0</total>
				<timestamp>6152.951746</timestamp>
			</report>
			<report>
				<misses>954600001</misses>
				<total>0</total>
				<timestamp>6153.587667</timestamp>
			</report>
			<report>
				<misses>954700001</misses>
				<total>0</total>
				<timestamp>6154.223355</timestamp>
			</report>
			<report>
				<misses>954800001</misses>
				<total>0</total>
				<timestamp>6154.859367</timestamp>
			</report>
			<report>
				<misses>954900001</misses>
				<total>0</total>
				<timestamp>6155.494694</timestamp>
			</report>
			<report>
				<misses>955000001</misses>
				<total>0</total>
				<timestamp>6156.129271</timestamp>
			</report>
			<report>
				<misses>955100001</misses>
				<total>0</total>
				<timestamp>6156.764741</timestamp>
			</report>
			<report>
				<misses>955200001</misses>
				<total>0</total>
				<timestamp>6157.399486</timestamp>
			</report>
			<report>
				<misses>955300001</misses>
				<total>0</total>
				<timestamp>6158.034068</timestamp>
			</report>
			<report>
				<misses>955400001</misses>
				<total>0</total>
				<timestamp>6158.669985</timestamp>
			</report>
			<report>
				<misses>955500001</misses>
				<total>0</total>
				<timestamp>6159.306213</timestamp>
			</report>
			<report>
				<misses>955600001</misses>
				<total>0</total>
				<timestamp>6159.941899</timestamp>
			</report>
			<report>
				<misses>955700001</misses>
				<total>0</total>
				<timestamp>6160.577476</timestamp>
			</report>
			<report>
				<misses>955800001</misses>
				<total>0</total>
				<timestamp>6161.213951</timestamp>
			</report>
			<report>
				<misses>955900001</misses>
				<total>0</total>
				<timestamp>6161.850296</timestamp>
			</report>
			<report>
				<misses>956000001</misses>
				<total>0</total>
				<timestamp>6162.486673</timestamp>
			</report>
			<report>
				<misses>956100001</misses>
				<total>0</total>
				<timestamp>6163.122730</timestamp>
			</report>
			<report>
				<misses>956200001</misses>
				<total>0</total>
				<timestamp>6163.761902</timestamp>
			</report>
			<report>
				<misses>956300001</misses>
				<total>0</total>
				<timestamp>6164.409794</timestamp>
			</report>
			<report>
				<misses>956400001</misses>
				<total>0</total>
				<timestamp>6165.052586</timestamp>
			</report>
			<report>
				<misses>956500001</misses>
				<total>0</total>
				<timestamp>6165.695301</timestamp>
			</report>
			<report>
				<misses>956600001</misses>
				<total>0</total>
				<timestamp>6166.338191</timestamp>
			</report>
			<report>
				<misses>956700001</misses>
				<total>0</total>
				<timestamp>6166.979957</timestamp>
			</report>
			<report>
				<misses>956800001</misses>
				<total>0</total>
				<timestamp>6167.622038</timestamp>
			</report>
			<report>
				<misses>956900001</misses>
				<total>0</total>
				<timestamp>6168.264439</timestamp>
			</report>
			<report>
				<misses>957000001</misses>
				<total>0</total>
				<timestamp>6168.905962</timestamp>
			</report>
			<report>
				<misses>957100001</misses>
				<total>0</total>
				<timestamp>6169.548338</timestamp>
			</report>
			<report>
				<misses>957200001</misses>
				<total>0</total>
				<timestamp>6170.189630</timestamp>
			</report>
			<report>
				<misses>957300001</misses>
				<total>0</total>
				<timestamp>6170.829185</timestamp>
			</report>
			<report>
				<misses>957400001</misses>
				<total>0</total>
				<timestamp>6171.467860</timestamp>
			</report>
			<report>
				<misses>957500001</misses>
				<total>0</total>
				<timestamp>6172.106454</timestamp>
			</report>
			<report>
				<misses>957600001</misses>
				<total>0</total>
				<timestamp>6172.742109</timestamp>
			</report>
			<report>
				<misses>957700001</misses>
				<total>0</total>
				<timestamp>6173.377614</timestamp>
			</report>
			<report>
				<misses>957800001</misses>
				<total>0</total>
				<timestamp>6174.013167</timestamp>
			</report>
			<report>
				<misses>957900001</misses>
				<total>0</total>
				<timestamp>6174.648639</timestamp>
			</report>
			<report>
				<misses>958000001</misses>
				<total>0</total>
				<timestamp>6175.284307</timestamp>
			</report>
			<report>
				<misses>958100001</misses>
				<total>0</total>
				<timestamp>6175.919339</timestamp>
			</report>
			<report>
				<misses>958200001</misses>
				<total>0</total>
				<timestamp>6176.555032</timestamp>
			</report>
			<report>
				<misses>958300001</misses>
				<total>0</total>
				<timestamp>6177.189566</timestamp>
			</report>
			<report>
				<misses>958400001</misses>
				<total>0</total>
				<timestamp>6177.824665</timestamp>
			</report>
			<report>
				<misses>958500001</misses>
				<total>0</total>
				<timestamp>6178.459505</timestamp>
			</report>
			<report>
				<misses>958600001</misses>
				<total>0</total>
				<timestamp>6179.094960</timestamp>
			</report>
			<report>
				<misses>958700001</misses>
				<total>0</total>
				<timestamp>6179.730433</timestamp>
			</report>
			<report>
				<misses>958800001</misses>
				<total>0</total>
				<timestamp>6180.377149</timestamp>
			</report>
			<report>
				<misses>958900001</misses>
				<total>0</total>
				<timestamp>6181.031632</timestamp>
			</report>
			<report>
				<misses>959000001</misses>
				<total>0</total>
				<timestamp>6181.686730</timestamp>
			</report>
			<report>
				<misses>959100001</misses>
				<total>0</total>
				<timestamp>6182.341337</timestamp>
			</report>
			<report>
				<misses>959200001</misses>
				<total>0</total>
				<timestamp>6182.995163</timestamp>
			</report>
			<report>
				<misses>959300001</misses>
				<total>0</total>
				<timestamp>6183.648570</timestamp>
			</report>
			<report>
				<misses>959400001</misses>
				<total>0</total>
				<timestamp>6184.301904</timestamp>
			</report>
			<report>
				<misses>959500001</misses>
				<total>0</total>
				<timestamp>6184.952885</timestamp>
			</report>
			<report>
				<misses>959600001</misses>
				<total>0</total>
				<timestamp>6185.603284</timestamp>
			</report>
			<report>
				<misses>959700001</misses>
				<total>0</total>
				<timestamp>6186.255317</timestamp>
			</report>
			<report>
				<misses>959800001</misses>
				<total>0</total>
				<timestamp>6186.908559</timestamp>
			</report>
			<report>
				<misses>959900001</misses>
				<total>0</total>
				<timestamp>6187.559005</timestamp>
			</report>
			<report>
				<misses>960000001</misses>
				<total>0</total>
				<timestamp>6188.210207</timestamp>
			</report>
			<report>
				<misses>960100001</misses>
				<total>0</total>
				<timestamp>6188.860258</timestamp>
			</report>
			<report>
				<misses>960200001</misses>
				<total>0</total>
				<timestamp>6189.510475</timestamp>
			</report>
			<report>
				<misses>960300001</misses>
				<total>0</total>
				<timestamp>6190.160865</timestamp>
			</report>
			<report>
				<misses>960400001</misses>
				<total>0</total>
				<timestamp>6190.810330</timestamp>
			</report>
			<report>
				<misses>960500001</misses>
				<total>0</total>
				<timestamp>6191.458637</timestamp>
			</report>
			<report>
				<misses>960600001</misses>
				<total>0</total>
				<timestamp>6192.106616</timestamp>
			</report>
			<report>
				<misses>960700001</misses>
				<total>0</total>
				<timestamp>6192.754188</timestamp>
			</report>
			<report>
				<misses>960800001</misses>
				<total>0</total>
				<timestamp>6193.403752</timestamp>
			</report>
			<report>
				<misses>960900001</misses>
				<total>0</total>
				<timestamp>6194.052607</timestamp>
			</report>
			<report>
				<misses>961000001</misses>
				<total>0</total>
				<timestamp>6194.704144</timestamp>
			</report>
			<report>
				<misses>961100001</misses>
				<total>0</total>
				<timestamp>6195.353322</timestamp>
			</report>
			<report>
				<misses>961200001</misses>
				<total>0</total>
				<timestamp>6196.003047</timestamp>
			</report>
			<report>
				<misses>961300001</misses>
				<total>0</total>
				<timestamp>6196.652646</timestamp>
			</report>
			<report>
				<misses>961400001</misses>
				<total>0</total>
				<timestamp>6197.301870</timestamp>
			</report>
			<report>
				<misses>961500001</misses>
				<total>0</total>
				<timestamp>6197.952382</timestamp>
			</report>
			<report>
				<misses>961600001</misses>
				<total>0</total>
				<timestamp>6198.603857</timestamp>
			</report>
			<report>
				<misses>961700001</misses>
				<total>0</total>
				<timestamp>6199.254063</timestamp>
			</report>
			<report>
				<misses>961800001</misses>
				<total>0</total>
				<timestamp>6199.904267</timestamp>
			</report>
			<report>
				<misses>961900001</misses>
				<total>0</total>
				<timestamp>6200.554432</timestamp>
			</report>
			<report>
				<misses>962000001</misses>
				<total>0</total>
				<timestamp>6201.205106</timestamp>
			</report>
			<report>
				<misses>962100001</misses>
				<total>0</total>
				<timestamp>6201.854331</timestamp>
			</report>
			<report>
				<misses>962200001</misses>
				<total>0</total>
				<timestamp>6202.503051</timestamp>
			</report>
			<report>
				<misses>962300001</misses>
				<total>0</total>
				<timestamp>6203.155047</timestamp>
			</report>
			<report>
				<misses>962400001</misses>
				<total>0</total>
				<timestamp>6203.804304</timestamp>
			</report>
			<report>
				<misses>962500001</misses>
				<total>0</total>
				<timestamp>6204.453932</timestamp>
			</report>
			<report>
				<misses>962600001</misses>
				<total>0</total>
				<timestamp>6205.103773</timestamp>
			</report>
			<report>
				<misses>962700001</misses>
				<total>0</total>
				<timestamp>6205.753793</timestamp>
			</report>
			<report>
				<misses>962800001</misses>
				<total>0</total>
				<timestamp>6206.403564</timestamp>
			</report>
			<report>
				<misses>962900001</misses>
				<total>0</total>
				<timestamp>6207.055614</timestamp>
			</report>
			<report>
				<misses>963000001</misses>
				<total>0</total>
				<timestamp>6207.704129</timestamp>
			</report>
			<report>
				<misses>963100001</misses>
				<total>0</total>
				<timestamp>6208.353203</timestamp>
			</report>
			<report>
				<misses>963200001</misses>
				<total>0</total>
				<timestamp>6209.002121</timestamp>
			</report>
			<report>
				<misses>963300001</misses>
				<total>0</total>
				<timestamp>6209.650603</timestamp>
			</report>
			<report>
				<misses>963400001</misses>
				<total>0</total>
				<timestamp>6210.300241</timestamp>
			</report>
			<report>
				<misses>963500001</misses>
				<total>0</total>
				<timestamp>6210.949129</timestamp>
			</report>
			<report>
				<misses>963600001</misses>
				<total>0</total>
				<timestamp>6211.598076</timestamp>
			</report>
			<report>
				<misses>963700001</misses>
				<total>0</total>
				<timestamp>6212.246443</timestamp>
			</report>
			<report>
				<misses>963800001</misses>
				<total>0</total>
				<timestamp>6212.895277</timestamp>
			</report>
			<report>
				<misses>963900001</misses>
				<total>0</total>
				<timestamp>6213.544787</timestamp>
			</report>
			<report>
				<misses>964000001</misses>
				<total>0</total>
				<timestamp>6214.194338</timestamp>
			</report>
			<report>
				<misses>964100001</misses>
				<total>0</total>
				<timestamp>6214.846774</timestamp>
			</report>
			<report>
				<misses>964200001</misses>
				<total>0</total>
				<timestamp>6215.497570</timestamp>
			</report>
			<report>
				<misses>964300001</misses>
				<total>0</total>
				<timestamp>6216.148875</timestamp>
			</report>
			<report>
				<misses>964400001</misses>
				<total>0</total>
				<timestamp>6216.800641</timestamp>
			</report>
			<report>
				<misses>964500001</misses>
				<total>0</total>
				<timestamp>6217.451938</timestamp>
			</report>
			<report>
				<misses>964600001</misses>
				<total>0</total>
				<timestamp>6218.102839</timestamp>
			</report>
			<report>
				<misses>964700001</misses>
				<total>0</total>
				<timestamp>6218.753502</timestamp>
			</report>
			<report>
				<misses>964800001</misses>
				<total>0</total>
				<timestamp>6219.404194</timestamp>
			</report>
			<report>
				<misses>964900001</misses>
				<total>0</total>
				<timestamp>6220.055860</timestamp>
			</report>
			<report>
				<misses>965000001</misses>
				<total>0</total>
				<timestamp>6220.707489</timestamp>
			</report>
			<report>
				<misses>965100001</misses>
				<total>0</total>
				<timestamp>6221.358309</timestamp>
			</report>
			<report>
				<misses>965200001</misses>
				<total>0</total>
				<timestamp>6222.008803</timestamp>
			</report>
			<report>
				<misses>965300001</misses>
				<total>0</total>
				<timestamp>6222.659610</timestamp>
			</report>
			<report>
				<misses>965400001</misses>
				<total>0</total>
				<timestamp>6223.309936</timestamp>
			</report>
			<report>
				<misses>965500001</misses>
				<total>0</total>
				<timestamp>6223.960641</timestamp>
			</report>
			<report>
				<misses>965600001</misses>
				<total>0</total>
				<timestamp>6224.611611</timestamp>
			</report>
			<report>
				<misses>965700001</misses>
				<total>0</total>
				<timestamp>6225.262162</timestamp>
			</report>
			<report>
				<misses>965800001</misses>
				<total>0</total>
				<timestamp>6225.914256</timestamp>
			</report>
			<report>
				<misses>965900001</misses>
				<total>0</total>
				<timestamp>6226.565074</timestamp>
			</report>
			<report>
				<misses>966000001</misses>
				<total>0</total>
				<timestamp>6227.216099</timestamp>
			</report>
			<report>
				<misses>966100001</misses>
				<total>0</total>
				<timestamp>6227.866546</timestamp>
			</report>
			<report>
				<misses>966200001</misses>
				<total>0</total>
				<timestamp>6228.517212</timestamp>
			</report>
			<report>
				<misses>966300001</misses>
				<total>0</total>
				<timestamp>6229.169295</timestamp>
			</report>
			<report>
				<misses>966400001</misses>
				<total>0</total>
				<timestamp>6229.824566</timestamp>
			</report>
			<report>
				<misses>966500001</misses>
				<total>0</total>
				<timestamp>6230.480337</timestamp>
			</report>
			<report>
				<misses>966600001</misses>
				<total>0</total>
				<timestamp>6231.132463</timestamp>
			</report>
			<report>
				<misses>966700001</misses>
				<total>0</total>
				<timestamp>6231.779599</timestamp>
			</report>
			<report>
				<misses>966800001</misses>
				<total>0</total>
				<timestamp>6232.424054</timestamp>
			</report>
			<report>
				<misses>966900001</misses>
				<total>0</total>
				<timestamp>6233.069142</timestamp>
			</report>
			<report>
				<misses>967000001</misses>
				<total>0</total>
				<timestamp>6233.714039</timestamp>
			</report>
			<report>
				<misses>967100001</misses>
				<total>0</total>
				<timestamp>6234.358077</timestamp>
			</report>
			<report>
				<misses>967200001</misses>
				<total>0</total>
				<timestamp>6235.001764</timestamp>
			</report>
			<report>
				<misses>967300001</misses>
				<total>0</total>
				<timestamp>6235.645544</timestamp>
			</report>
			<report>
				<misses>967400001</misses>
				<total>0</total>
				<timestamp>6236.287032</timestamp>
			</report>
			<report>
				<misses>967500001</misses>
				<total>0</total>
				<timestamp>6236.930091</timestamp>
			</report>
			<report>
				<misses>967600001</misses>
				<total>0</total>
				<timestamp>6237.568694</timestamp>
			</report>
			<report>
				<misses>967700001</misses>
				<total>0</total>
				<timestamp>6238.207320</timestamp>
			</report>
			<report>
				<misses>967800001</misses>
				<total>0</total>
				<timestamp>6238.844478</timestamp>
			</report>
			<report>
				<misses>967900001</misses>
				<total>0</total>
				<timestamp>6239.482670</timestamp>
			</report>
			<report>
				<misses>968000001</misses>
				<total>0</total>
				<timestamp>6240.122922</timestamp>
			</report>
			<report>
				<misses>968100001</misses>
				<total>0</total>
				<timestamp>6240.761835</timestamp>
			</report>
			<report>
				<misses>968200001</misses>
				<total>0</total>
				<timestamp>6241.400577</timestamp>
			</report>
			<report>
				<misses>968300001</misses>
				<total>0</total>
				<timestamp>6242.040063</timestamp>
			</report>
			<report>
				<misses>968400001</misses>
				<total>0</total>
				<timestamp>6242.680266</timestamp>
			</report>
			<report>
				<misses>968500001</misses>
				<total>0</total>
				<timestamp>6243.320235</timestamp>
			</report>
			<report>
				<misses>968600001</misses>
				<total>0</total>
				<timestamp>6243.958468</timestamp>
			</report>
			<report>
				<misses>968700001</misses>
				<total>0</total>
				<timestamp>6244.594335</timestamp>
			</report>
			<report>
				<misses>968800001</misses>
				<total>0</total>
				<timestamp>6245.229409</timestamp>
			</report>
			<report>
				<misses>968900001</misses>
				<total>0</total>
				<timestamp>6245.864668</timestamp>
			</report>
			<report>
				<misses>969000001</misses>
				<total>0</total>
				<timestamp>6246.499971</timestamp>
			</report>
			<report>
				<misses>969100001</misses>
				<total>0</total>
				<timestamp>6247.135564</timestamp>
			</report>
			<report>
				<misses>969200001</misses>
				<total>0</total>
				<timestamp>6247.770960</timestamp>
			</report>
			<report>
				<misses>969300001</misses>
				<total>0</total>
				<timestamp>6248.405288</timestamp>
			</report>
			<report>
				<misses>969400001</misses>
				<total>0</total>
				<timestamp>6249.039604</timestamp>
			</report>
			<report>
				<misses>969500001</misses>
				<total>0</total>
				<timestamp>6249.675585</timestamp>
			</report>
			<report>
				<misses>969600001</misses>
				<total>0</total>
				<timestamp>6250.331531</timestamp>
			</report>
			<report>
				<misses>969700001</misses>
				<total>0</total>
				<timestamp>6250.986724</timestamp>
			</report>
			<report>
				<misses>969800001</misses>
				<total>0</total>
				<timestamp>6251.641165</timestamp>
			</report>
			<report>
				<misses>969900001</misses>
				<total>0</total>
				<timestamp>6252.295206</timestamp>
			</report>
			<report>
				<misses>970000001</misses>
				<total>0</total>
				<timestamp>6252.949460</timestamp>
			</report>
			<report>
				<misses>970100001</misses>
				<total>0</total>
				<timestamp>6253.603289</timestamp>
			</report>
			<report>
				<misses>970200001</misses>
				<total>0</total>
				<timestamp>6254.257611</timestamp>
			</report>
			<report>
				<misses>970300001</misses>
				<total>0</total>
				<timestamp>6254.912105</timestamp>
			</report>
			<report>
				<misses>970400001</misses>
				<total>0</total>
				<timestamp>6255.565455</timestamp>
			</report>
			<report>
				<misses>970500001</misses>
				<total>0</total>
				<timestamp>6256.219944</timestamp>
			</report>
			<report>
				<misses>970600001</misses>
				<total>0</total>
				<timestamp>6256.875028</timestamp>
			</report>
			<report>
				<misses>970700001</misses>
				<total>0</total>
				<timestamp>6257.529525</timestamp>
			</report>
			<report>
				<misses>970800001</misses>
				<total>0</total>
				<timestamp>6258.184551</timestamp>
			</report>
			<report>
				<misses>970900001</misses>
				<total>0</total>
				<timestamp>6258.839145</timestamp>
			</report>
			<report>
				<misses>971000001</misses>
				<total>0</total>
				<timestamp>6259.492022</timestamp>
			</report>
			<report>
				<misses>971100001</misses>
				<total>0</total>
				<timestamp>6260.146342</timestamp>
			</report>
			<report>
				<misses>971200001</misses>
				<total>0</total>
				<timestamp>6260.801135</timestamp>
			</report>
			<report>
				<misses>971300001</misses>
				<total>0</total>
				<timestamp>6261.454319</timestamp>
			</report>
			<report>
				<misses>971400001</misses>
				<total>0</total>
				<timestamp>6262.107630</timestamp>
			</report>
			<report>
				<misses>971500001</misses>
				<total>0</total>
				<timestamp>6262.762043</timestamp>
			</report>
			<report>
				<misses>971600001</misses>
				<total>0</total>
				<timestamp>6263.416399</timestamp>
			</report>
			<report>
				<misses>971700001</misses>
				<total>0</total>
				<timestamp>6264.070760</timestamp>
			</report>
			<report>
				<misses>971800001</misses>
				<total>0</total>
				<timestamp>6264.724567</timestamp>
			</report>
			<report>
				<misses>971900001</misses>
				<total>0</total>
				<timestamp>6265.379141</timestamp>
			</report>
			<report>
				<misses>972000001</misses>
				<total>0</total>
				<timestamp>6266.032720</timestamp>
			</report>
			<report>
				<misses>972100001</misses>
				<total>0</total>
				<timestamp>6266.688871</timestamp>
			</report>
			<report>
				<misses>972200001</misses>
				<total>0</total>
				<timestamp>6267.344589</timestamp>
			</report>
			<report>
				<misses>972300001</misses>
				<total>0</total>
				<timestamp>6268.000280</timestamp>
			</report>
			<report>
				<misses>972400001</misses>
				<total>0</total>
				<timestamp>6268.655319</timestamp>
			</report>
			<report>
				<misses>972500001</misses>
				<total>0</total>
				<timestamp>6269.309514</timestamp>
			</report>
			<report>
				<misses>972600001</misses>
				<total>0</total>
				<timestamp>6269.964368</timestamp>
			</report>
			<report>
				<misses>972700001</misses>
				<total>0</total>
				<timestamp>6270.619410</timestamp>
			</report>
			<report>
				<misses>972800001</misses>
				<total>0</total>
				<timestamp>6271.274203</timestamp>
			</report>
			<report>
				<misses>972900001</misses>
				<total>0</total>
				<timestamp>6271.928150</timestamp>
			</report>
			<report>
				<misses>973000001</misses>
				<total>0</total>
				<timestamp>6272.582121</timestamp>
			</report>
			<report>
				<misses>973100001</misses>
				<total>0</total>
				<timestamp>6273.235841</timestamp>
			</report>
			<report>
				<misses>973200001</misses>
				<total>0</total>
				<timestamp>6273.889734</timestamp>
			</report>
			<report>
				<misses>973300001</misses>
				<total>0</total>
				<timestamp>6274.543806</timestamp>
			</report>
			<report>
				<misses>973400001</misses>
				<total>0</total>
				<timestamp>6275.198290</timestamp>
			</report>
			<report>
				<misses>973500001</misses>
				<total>0</total>
				<timestamp>6275.853086</timestamp>
			</report>
			<report>
				<misses>973600001</misses>
				<total>0</total>
				<timestamp>6276.507757</timestamp>
			</report>
			<report>
				<misses>973700001</misses>
				<total>0</total>
				<timestamp>6277.161634</timestamp>
			</report>
			<report>
				<misses>973800001</misses>
				<total>0</total>
				<timestamp>6277.816074</timestamp>
			</report>
			<report>
				<misses>973900001</misses>
				<total>0</total>
				<timestamp>6278.469384</timestamp>
			</report>
			<report>
				<misses>974000001</misses>
				<total>0</total>
				<timestamp>6279.120597</timestamp>
			</report>
			<report>
				<misses>974100001</misses>
				<total>0</total>
				<timestamp>6279.771647</timestamp>
			</report>
			<report>
				<misses>974200001</misses>
				<total>0</total>
				<timestamp>6280.422001</timestamp>
			</report>
			<report>
				<misses>974300001</misses>
				<total>0</total>
				<timestamp>6281.073217</timestamp>
			</report>
			<report>
				<misses>974400001</misses>
				<total>0</total>
				<timestamp>6281.725592</timestamp>
			</report>
			<report>
				<misses>974500001</misses>
				<total>0</total>
				<timestamp>6282.377313</timestamp>
			</report>
			<report>
				<misses>974600001</misses>
				<total>0</total>
				<timestamp>6283.031515</timestamp>
			</report>
			<report>
				<misses>974700001</misses>
				<total>0</total>
				<timestamp>6283.684894</timestamp>
			</report>
			<report>
				<misses>974800001</misses>
				<total>0</total>
				<timestamp>6284.338119</timestamp>
			</report>
			<report>
				<misses>974900001</misses>
				<total>0</total>
				<timestamp>6284.990836</timestamp>
			</report>
			<report>
				<misses>975000001</misses>
				<total>0</total>
				<timestamp>6285.645275</timestamp>
			</report>
			<report>
				<misses>975100001</misses>
				<total>0</total>
				<timestamp>6286.299695</timestamp>
			</report>
			<report>
				<misses>975200001</misses>
				<total>0</total>
				<timestamp>6286.955452</timestamp>
			</report>
			<report>
				<misses>975300001</misses>
				<total>0</total>
				<timestamp>6287.607071</timestamp>
			</report>
			<report>
				<misses>975400001</misses>
				<total>0</total>
				<timestamp>6288.258885</timestamp>
			</report>
			<report>
				<misses>975500001</misses>
				<total>0</total>
				<timestamp>6288.911222</timestamp>
			</report>
			<report>
				<misses>975600001</misses>
				<total>0</total>
				<timestamp>6289.563327</timestamp>
			</report>
			<report>
				<misses>975700001</misses>
				<total>0</total>
				<timestamp>6290.215619</timestamp>
			</report>
			<report>
				<misses>975800001</misses>
				<total>0</total>
				<timestamp>6290.864352</timestamp>
			</report>
			<report>
				<misses>975900001</misses>
				<total>0</total>
				<timestamp>6291.503734</timestamp>
			</report>
			<report>
				<misses>976000001</misses>
				<total>0</total>
				<timestamp>6292.143061</timestamp>
			</report>
			<report>
				<misses>976100001</misses>
				<total>0</total>
				<timestamp>6292.782400</timestamp>
			</report>
			<report>
				<misses>976200001</misses>
				<total>0</total>
				<timestamp>6293.422113</timestamp>
			</report>
			<report>
				<misses>976300001</misses>
				<total>0</total>
				<timestamp>6294.061520</timestamp>
			</report>
			<report>
				<misses>976400001</misses>
				<total>0</total>
				<timestamp>6294.701479</timestamp>
			</report>
			<report>
				<misses>976500001</misses>
				<total>0</total>
				<timestamp>6295.340944</timestamp>
			</report>
			<report>
				<misses>976600001</misses>
				<total>0</total>
				<timestamp>6295.980862</timestamp>
			</report>
			<report>
				<misses>976700001</misses>
				<total>0</total>
				<timestamp>6296.620496</timestamp>
			</report>
			<report>
				<misses>976800001</misses>
				<total>0</total>
				<timestamp>6297.261011</timestamp>
			</report>
			<report>
				<misses>976900001</misses>
				<total>0</total>
				<timestamp>6297.901007</timestamp>
			</report>
			<report>
				<misses>977000001</misses>
				<total>0</total>
				<timestamp>6298.540965</timestamp>
			</report>
			<report>
				<misses>977100001</misses>
				<total>0</total>
				<timestamp>6299.182445</timestamp>
			</report>
			<report>
				<misses>977200001</misses>
				<total>0</total>
				<timestamp>6299.821444</timestamp>
			</report>
			<report>
				<misses>977300001</misses>
				<total>0</total>
				<timestamp>6300.461474</timestamp>
			</report>
			<report>
				<misses>977400001</misses>
				<total>0</total>
				<timestamp>6301.101166</timestamp>
			</report>
			<report>
				<misses>977500001</misses>
				<total>0</total>
				<timestamp>6301.741146</timestamp>
			</report>
			<report>
				<misses>977600001</misses>
				<total>0</total>
				<timestamp>6302.380844</timestamp>
			</report>
			<report>
				<misses>977700001</misses>
				<total>0</total>
				<timestamp>6303.021304</timestamp>
			</report>
			<report>
				<misses>977800001</misses>
				<total>0</total>
				<timestamp>6303.661564</timestamp>
			</report>
			<report>
				<misses>977900001</misses>
				<total>0</total>
				<timestamp>6304.301773</timestamp>
			</report>
			<report>
				<misses>978000001</misses>
				<total>0</total>
				<timestamp>6304.942268</timestamp>
			</report>
			<report>
				<misses>978100001</misses>
				<total>0</total>
				<timestamp>6305.583266</timestamp>
			</report>
			<report>
				<misses>978200001</misses>
				<total>0</total>
				<timestamp>6306.223869</timestamp>
			</report>
			<report>
				<misses>978300001</misses>
				<total>0</total>
				<timestamp>6306.864592</timestamp>
			</report>
			<report>
				<misses>978400001</misses>
				<total>0</total>
				<timestamp>6307.504497</timestamp>
			</report>
			<report>
				<misses>978500001</misses>
				<total>0</total>
				<timestamp>6308.143391</timestamp>
			</report>
			<report>
				<misses>978600001</misses>
				<total>0</total>
				<timestamp>6308.781693</timestamp>
			</report>
			<report>
				<misses>978700001</misses>
				<total>0</total>
				<timestamp>6309.420523</timestamp>
			</report>
			<report>
				<misses>978800001</misses>
				<total>0</total>
				<timestamp>6310.059620</timestamp>
			</report>
			<report>
				<misses>978900001</misses>
				<total>0</total>
				<timestamp>6310.698724</timestamp>
			</report>
			<report>
				<misses>979000001</misses>
				<total>0</total>
				<timestamp>6311.337546</timestamp>
			</report>
			<report>
				<misses>979100001</misses>
				<total>0</total>
				<timestamp>6311.975578</timestamp>
			</report>
			<report>
				<misses>979200001</misses>
				<total>0</total>
				<timestamp>6312.613725</timestamp>
			</report>
			<report>
				<misses>979300001</misses>
				<total>0</total>
				<timestamp>6313.252574</timestamp>
			</report>
			<report>
				<misses>979400001</misses>
				<total>0</total>
				<timestamp>6313.891287</timestamp>
			</report>
			<report>
				<misses>979500001</misses>
				<total>0</total>
				<timestamp>6314.530620</timestamp>
			</report>
			<report>
				<misses>979600001</misses>
				<total>0</total>
				<timestamp>6315.169052</timestamp>
			</report>
			<report>
				<misses>979700001</misses>
				<total>0</total>
				<timestamp>6315.807496</timestamp>
			</report>
			<report>
				<misses>979800001</misses>
				<total>0</total>
				<timestamp>6316.445561</timestamp>
			</report>
			<report>
				<misses>979900001</misses>
				<total>0</total>
				<timestamp>6317.083128</timestamp>
			</report>
			<report>
				<misses>980000001</misses>
				<total>0</total>
				<timestamp>6317.721186</timestamp>
			</report>
			<report>
				<misses>980100001</misses>
				<total>0</total>
				<timestamp>6318.358975</timestamp>
			</report>
			<report>
				<misses>980200001</misses>
				<total>0</total>
				<timestamp>6318.997647</timestamp>
			</report>
			<report>
				<misses>980300001</misses>
				<total>0</total>
				<timestamp>6319.637136</timestamp>
			</report>
			<report>
				<misses>980400001</misses>
				<total>0</total>
				<timestamp>6320.276475</timestamp>
			</report>
			<report>
				<misses>980500001</misses>
				<total>0</total>
				<timestamp>6320.915084</timestamp>
			</report>
			<report>
				<misses>980600001</misses>
				<total>0</total>
				<timestamp>6321.553541</timestamp>
			</report>
			<report>
				<misses>980700001</misses>
				<total>0</total>
				<timestamp>6322.190571</timestamp>
			</report>
			<report>
				<misses>980800001</misses>
				<total>0</total>
				<timestamp>6322.827892</timestamp>
			</report>
			<report>
				<misses>980900001</misses>
				<total>0</total>
				<timestamp>6323.465170</timestamp>
			</report>
			<report>
				<misses>981000001</misses>
				<total>0</total>
				<timestamp>6324.104035</timestamp>
			</report>
			<report>
				<misses>981100001</misses>
				<total>0</total>
				<timestamp>6324.742473</timestamp>
			</report>
			<report>
				<misses>981200001</misses>
				<total>0</total>
				<timestamp>6325.380956</timestamp>
			</report>
			<report>
				<misses>981300001</misses>
				<total>0</total>
				<timestamp>6326.019492</timestamp>
			</report>
			<report>
				<misses>981400001</misses>
				<total>0</total>
				<timestamp>6326.658246</timestamp>
			</report>
			<report>
				<misses>981500001</misses>
				<total>0</total>
				<timestamp>6327.297367</timestamp>
			</report>
			<report>
				<misses>981600001</misses>
				<total>0</total>
				<timestamp>6327.936435</timestamp>
			</report>
			<report>
				<misses>981700001</misses>
				<total>0</total>
				<timestamp>6328.574877</timestamp>
			</report>
			<report>
				<misses>981800001</misses>
				<total>0</total>
				<timestamp>6329.211398</timestamp>
			</report>
			<report>
				<misses>981900001</misses>
				<total>0</total>
				<timestamp>6329.848485</timestamp>
			</report>
			<report>
				<misses>982000001</misses>
				<total>0</total>
				<timestamp>6330.485542</timestamp>
			</report>
			<report>
				<misses>982100001</misses>
				<total>0</total>
				<timestamp>6331.121019</timestamp>
			</report>
			<report>
				<misses>982200001</misses>
				<total>0</total>
				<timestamp>6331.757141</timestamp>
			</report>
			<report>
				<misses>982300001</misses>
				<total>0</total>
				<timestamp>6332.393708</timestamp>
			</report>
			<report>
				<misses>982400001</misses>
				<total>0</total>
				<timestamp>6333.030027</timestamp>
			</report>
			<report>
				<misses>982500001</misses>
				<total>0</total>
				<timestamp>6333.666643</timestamp>
			</report>
			<report>
				<misses>982600001</misses>
				<total>0</total>
				<timestamp>6334.302973</timestamp>
			</report>
			<report>
				<misses>982700001</misses>
				<total>0</total>
				<timestamp>6334.939533</timestamp>
			</report>
			<report>
				<misses>982800001</misses>
				<total>0</total>
				<timestamp>6335.575863</timestamp>
			</report>
			<report>
				<misses>982900001</misses>
				<total>0</total>
				<timestamp>6336.212774</timestamp>
			</report>
			<report>
				<misses>983000001</misses>
				<total>0</total>
				<timestamp>6336.849344</timestamp>
			</report>
			<report>
				<misses>983100001</misses>
				<total>0</total>
				<timestamp>6337.485523</timestamp>
			</report>
			<report>
				<misses>983200001</misses>
				<total>0</total>
				<timestamp>6338.123273</timestamp>
			</report>
			<report>
				<misses>983300001</misses>
				<total>0</total>
				<timestamp>6338.761107</timestamp>
			</report>
			<report>
				<misses>983400001</misses>
				<total>0</total>
				<timestamp>6339.398983</timestamp>
			</report>
			<report>
				<misses>983500001</misses>
				<total>0</total>
				<timestamp>6340.036844</timestamp>
			</report>
			<report>
				<misses>983600001</misses>
				<total>0</total>
				<timestamp>6340.674739</timestamp>
			</report>
			<report>
				<misses>983700001</misses>
				<total>0</total>
				<timestamp>6341.312643</timestamp>
			</report>
			<report>
				<misses>983800001</misses>
				<total>0</total>
				<timestamp>6341.950617</timestamp>
			</report>
			<report>
				<misses>983900001</misses>
				<total>0</total>
				<timestamp>6342.588899</timestamp>
			</report>
			<report>
				<misses>984000001</misses>
				<total>0</total>
				<timestamp>6343.226311</timestamp>
			</report>
			<report>
				<misses>984100001</misses>
				<total>0</total>
				<timestamp>6343.865515</timestamp>
			</report>
			<report>
				<misses>984200001</misses>
				<total>0</total>
				<timestamp>6344.503330</timestamp>
			</report>
			<report>
				<misses>984300001</misses>
				<total>0</total>
				<timestamp>6345.141620</timestamp>
			</report>
			<report>
				<misses>984400001</misses>
				<total>0</total>
				<timestamp>6345.780567</timestamp>
			</report>
			<report>
				<misses>984500001</misses>
				<total>0</total>
				<timestamp>6346.418767</timestamp>
			</report>
			<report>
				<misses>984600001</misses>
				<total>0</total>
				<timestamp>6347.068876</timestamp>
			</report>
			<report>
				<misses>984700001</misses>
				<total>0</total>
				<timestamp>6347.718769</timestamp>
			</report>
			<report>
				<misses>984800001</misses>
				<total>0</total>
				<timestamp>6348.371758</timestamp>
			</report>
			<report>
				<misses>984900001</misses>
				<total>0</total>
				<timestamp>6349.024336</timestamp>
			</report>
			<report>
				<misses>985000001</misses>
				<total>0</total>
				<timestamp>6349.676004</timestamp>
			</report>
			<report>
				<misses>985100001</misses>
				<total>0</total>
				<timestamp>6350.325500</timestamp>
			</report>
			<report>
				<misses>985200001</misses>
				<total>0</total>
				<timestamp>6350.972372</timestamp>
			</report>
			<report>
				<misses>985300001</misses>
				<total>0</total>
				<timestamp>6351.619859</timestamp>
			</report>
			<report>
				<misses>985400001</misses>
				<total>0</total>
				<timestamp>6352.266803</timestamp>
			</report>
			<report>
				<misses>985500001</misses>
				<total>0</total>
				<timestamp>6352.913415</timestamp>
			</report>
			<report>
				<misses>985600001</misses>
				<total>0</total>
				<timestamp>6353.559525</timestamp>
			</report>
			<report>
				<misses>985700001</misses>
				<total>0</total>
				<timestamp>6354.206002</timestamp>
			</report>
			<report>
				<misses>985800001</misses>
				<total>0</total>
				<timestamp>6354.852636</timestamp>
			</report>
			<report>
				<misses>985900001</misses>
				<total>0</total>
				<timestamp>6355.499051</timestamp>
			</report>
			<report>
				<misses>986000001</misses>
				<total>0</total>
				<timestamp>6356.146122</timestamp>
			</report>
			<report>
				<misses>986100001</misses>
				<total>0</total>
				<timestamp>6356.792959</timestamp>
			</report>
			<report>
				<misses>986200001</misses>
				<total>0</total>
				<timestamp>6357.439230</timestamp>
			</report>
			<report>
				<misses>986300001</misses>
				<total>0</total>
				<timestamp>6358.086035</timestamp>
			</report>
			<report>
				<misses>986400001</misses>
				<total>0</total>
				<timestamp>6358.734424</timestamp>
			</report>
			<report>
				<misses>986500001</misses>
				<total>0</total>
				<timestamp>6359.382424</timestamp>
			</report>
			<report>
				<misses>986600001</misses>
				<total>0</total>
				<timestamp>6360.030606</timestamp>
			</report>
			<report>
				<misses>986700001</misses>
				<total>0</total>
				<timestamp>6360.678673</timestamp>
			</report>
			<report>
				<misses>986800001</misses>
				<total>0</total>
				<timestamp>6361.325798</timestamp>
			</report>
			<report>
				<misses>986900001</misses>
				<total>0</total>
				<timestamp>6361.973913</timestamp>
			</report>
			<report>
				<misses>987000001</misses>
				<total>0</total>
				<timestamp>6362.621247</timestamp>
			</report>
			<report>
				<misses>987100001</misses>
				<total>0</total>
				<timestamp>6363.269373</timestamp>
			</report>
			<report>
				<misses>987200001</misses>
				<total>0</total>
				<timestamp>6363.917512</timestamp>
			</report>
			<report>
				<misses>987300001</misses>
				<total>0</total>
				<timestamp>6364.565900</timestamp>
			</report>
			<report>
				<misses>987400001</misses>
				<total>0</total>
				<timestamp>6365.213494</timestamp>
			</report>
			<report>
				<misses>987500001</misses>
				<total>0</total>
				<timestamp>6365.862086</timestamp>
			</report>
			<report>
				<misses>987600001</misses>
				<total>0</total>
				<timestamp>6366.510836</timestamp>
			</report>
			<report>
				<misses>987700001</misses>
				<total>0</total>
				<timestamp>6367.158697</timestamp>
			</report>
			<report>
				<misses>987800001</misses>
				<total>0</total>
				<timestamp>6367.807564</timestamp>
			</report>
			<report>
				<misses>987900001</misses>
				<total>0</total>
				<timestamp>6368.456803</timestamp>
			</report>
			<report>
				<misses>988000001</misses>
				<total>0</total>
				<timestamp>6369.106370</timestamp>
			</report>
			<report>
				<misses>988100001</misses>
				<total>0</total>
				<timestamp>6369.755071</timestamp>
			</report>
			<report>
				<misses>988200001</misses>
				<total>0</total>
				<timestamp>6370.404461</timestamp>
			</report>
			<report>
				<misses>988300001</misses>
				<total>0</total>
				<timestamp>6371.045073</timestamp>
			</report>
			<report>
				<misses>988400001</misses>
				<total>0</total>
				<timestamp>6371.684799</timestamp>
			</report>
			<report>
				<misses>988500001</misses>
				<total>0</total>
				<timestamp>6372.323007</timestamp>
			</report>
			<report>
				<misses>988600001</misses>
				<total>0</total>
				<timestamp>6372.961206</timestamp>
			</report>
			<report>
				<misses>988700001</misses>
				<total>0</total>
				<timestamp>6373.599958</timestamp>
			</report>
			<report>
				<misses>988800001</misses>
				<total>0</total>
				<timestamp>6374.238140</timestamp>
			</report>
			<report>
				<misses>988900001</misses>
				<total>0</total>
				<timestamp>6374.876508</timestamp>
			</report>
			<report>
				<misses>989000001</misses>
				<total>0</total>
				<timestamp>6375.514450</timestamp>
			</report>
			<report>
				<misses>989100001</misses>
				<total>0</total>
				<timestamp>6376.151717</timestamp>
			</report>
			<report>
				<misses>989200001</misses>
				<total>0</total>
				<timestamp>6376.789048</timestamp>
			</report>
			<report>
				<misses>989300001</misses>
				<total>0</total>
				<timestamp>6377.427519</timestamp>
			</report>
			<report>
				<misses>989400001</misses>
				<total>0</total>
				<timestamp>6378.065899</timestamp>
			</report>
			<report>
				<misses>989500001</misses>
				<total>0</total>
				<timestamp>6378.705272</timestamp>
			</report>
			<report>
				<misses>989600001</misses>
				<total>0</total>
				<timestamp>6379.343369</timestamp>
			</report>
			<report>
				<misses>989700001</misses>
				<total>0</total>
				<timestamp>6379.981401</timestamp>
			</report>
			<report>
				<misses>989800001</misses>
				<total>0</total>
				<timestamp>6380.619742</timestamp>
			</report>
			<report>
				<misses>989900001</misses>
				<total>0</total>
				<timestamp>6381.258104</timestamp>
			</report>
			<report>
				<misses>990000001</misses>
				<total>0</total>
				<timestamp>6381.896397</timestamp>
			</report>
			<report>
				<misses>990100001</misses>
				<total>0</total>
				<timestamp>6382.534669</timestamp>
			</report>
			<report>
				<misses>990200001</misses>
				<total>0</total>
				<timestamp>6383.172672</timestamp>
			</report>
			<report>
				<misses>990300001</misses>
				<total>0</total>
				<timestamp>6383.810503</timestamp>
			</report>
			<report>
				<misses>990400001</misses>
				<total>0</total>
				<timestamp>6384.449247</timestamp>
			</report>
			<report>
				<misses>990500001</misses>
				<total>0</total>
				<timestamp>6385.088197</timestamp>
			</report>
			<report>
				<misses>990600001</misses>
				<total>0</total>
				<timestamp>6385.726693</timestamp>
			</report>
			<report>
				<misses>990700001</misses>
				<total>0</total>
				<timestamp>6386.364721</timestamp>
			</report>
			<report>
				<misses>990800001</misses>
				<total>0</total>
				<timestamp>6387.002277</timestamp>
			</report>
			<report>
				<misses>990900001</misses>
				<total>0</total>
				<timestamp>6387.638255</timestamp>
			</report>
			<report>
				<misses>991000001</misses>
				<total>0</total>
				<timestamp>6388.275503</timestamp>
			</report>
			<report>
				<misses>991100001</misses>
				<total>0</total>
				<timestamp>6388.912990</timestamp>
			</report>
			<report>
				<misses>991200001</misses>
				<total>0</total>
				<timestamp>6389.550813</timestamp>
			</report>
			<report>
				<misses>991300001</misses>
				<total>0</total>
				<timestamp>6390.189172</timestamp>
			</report>
			<report>
				<misses>991400001</misses>
				<total>0</total>
				<timestamp>6390.826753</timestamp>
			</report>
			<report>
				<misses>991500001</misses>
				<total>0</total>
				<timestamp>6391.464245</timestamp>
			</report>
			<report>
				<misses>991600001</misses>
				<total>0</total>
				<timestamp>6392.101134</timestamp>
			</report>
			<report>
				<misses>991700001</misses>
				<total>0</total>
				<timestamp>6392.738895</timestamp>
			</report>
			<report>
				<misses>991800001</misses>
				<total>0</total>
				<timestamp>6393.375825</timestamp>
			</report>
			<report>
				<misses>991900001</misses>
				<total>0</total>
				<timestamp>6394.013223</timestamp>
			</report>
			<report>
				<misses>992000001</misses>
				<total>0</total>
				<timestamp>6394.650139</timestamp>
			</report>
			<report>
				<misses>992100001</misses>
				<total>0</total>
				<timestamp>6395.287578</timestamp>
			</report>
			<report>
				<misses>992200001</misses>
				<total>0</total>
				<timestamp>6395.925013</timestamp>
			</report>
			<report>
				<misses>992300001</misses>
				<total>0</total>
				<timestamp>6396.561722</timestamp>
			</report>
			<report>
				<misses>992400001</misses>
				<total>0</total>
				<timestamp>6397.198160</timestamp>
			</report>
			<report>
				<misses>992500001</misses>
				<total>0</total>
				<timestamp>6397.834870</timestamp>
			</report>
			<report>
				<misses>992600001</misses>
				<total>0</total>
				<timestamp>6398.471965</timestamp>
			</report>
			<report>
				<misses>992700001</misses>
				<total>0</total>
				<timestamp>6399.108820</timestamp>
			</report>
			<report>
				<misses>992800001</misses>
				<total>0</total>
				<timestamp>6399.746449</timestamp>
			</report>
			<report>
				<misses>992900001</misses>
				<total>0</total>
				<timestamp>6400.383574</timestamp>
			</report>
			<report>
				<misses>993000001</misses>
				<total>0</total>
				<timestamp>6401.020323</timestamp>
			</report>
			<report>
				<misses>993100001</misses>
				<total>0</total>
				<timestamp>6401.665370</timestamp>
			</report>
			<report>
				<misses>993200001</misses>
				<total>0</total>
				<timestamp>6402.313518</timestamp>
			</report>
			<report>
				<misses>993300001</misses>
				<total>0</total>
				<timestamp>6402.962223</timestamp>
			</report>
			<report>
				<misses>993400001</misses>
				<total>0</total>
				<timestamp>6403.612529</timestamp>
			</report>
			<report>
				<misses>993500001</misses>
				<total>0</total>
				<timestamp>6404.263041</timestamp>
			</report>
			<report>
				<misses>993600001</misses>
				<total>0</total>
				<timestamp>6404.914467</timestamp>
			</report>
			<report>
				<misses>993700001</misses>
				<total>0</total>
				<timestamp>6405.566743</timestamp>
			</report>
			<report>
				<misses>993800001</misses>
				<total>0</total>
				<timestamp>6406.221748</timestamp>
			</report>
			<report>
				<misses>993900001</misses>
				<total>0</total>
				<timestamp>6406.876361</timestamp>
			</report>
			<report>
				<misses>994000001</misses>
				<total>0</total>
				<timestamp>6407.531138</timestamp>
			</report>
			<report>
				<misses>994100001</misses>
				<total>0</total>
				<timestamp>6408.184106</timestamp>
			</report>
			<report>
				<misses>994200001</misses>
				<total>0</total>
				<timestamp>6408.837172</timestamp>
			</report>
			<report>
				<misses>994300001</misses>
				<total>0</total>
				<timestamp>6409.490497</timestamp>
			</report>
			<report>
				<misses>994400001</misses>
				<total>0</total>
				<timestamp>6410.145701</timestamp>
			</report>
			<report>
				<misses>994500001</misses>
				<total>0</total>
				<timestamp>6410.800380</timestamp>
			</report>
			<report>
				<misses>994600001</misses>
				<total>0</total>
				<timestamp>6411.455180</timestamp>
			</report>
			<report>
				<misses>994700001</misses>
				<total>0</total>
				<timestamp>6412.110312</timestamp>
			</report>
			<report>
				<misses>994800001</misses>
				<total>0</total>
				<timestamp>6412.765820</timestamp>
			</report>
			<report>
				<misses>994900001</misses>
				<total>0</total>
				<timestamp>6413.420536</timestamp>
			</report>
			<report>
				<misses>995000001</misses>
				<total>0</total>
				<timestamp>6414.075796</timestamp>
			</report>
			<report>
				<misses>995100001</misses>
				<total>0</total>
				<timestamp>6414.729467</timestamp>
			</report>
			<report>
				<misses>995200001</misses>
				<total>0</total>
				<timestamp>6415.380926</timestamp>
			</report>
			<report>
				<misses>995300001</misses>
				<total>0</total>
				<timestamp>6416.032032</timestamp>
			</report>
			<report>
				<misses>995400001</misses>
				<total>0</total>
				<timestamp>6416.682619</timestamp>
			</report>
			<report>
				<misses>995500001</misses>
				<total>0</total>
				<timestamp>6417.332546</timestamp>
			</report>
			<report>
				<misses>995600001</misses>
				<total>0</total>
				<timestamp>6417.984417</timestamp>
			</report>
			<report>
				<misses>995700001</misses>
				<total>0</total>
				<timestamp>6418.635237</timestamp>
			</report>
			<report>
				<misses>995800001</misses>
				<total>0</total>
				<timestamp>6419.285383</timestamp>
			</report>
			<report>
				<misses>995900001</misses>
				<total>0</total>
				<timestamp>6419.938530</timestamp>
			</report>
			<report>
				<misses>996000001</misses>
				<total>0</total>
				<timestamp>6420.591610</timestamp>
			</report>
			<report>
				<misses>996100001</misses>
				<total>0</total>
				<timestamp>6421.243880</timestamp>
			</report>
			<report>
				<misses>996200001</misses>
				<total>0</total>
				<timestamp>6421.896566</timestamp>
			</report>
			<report>
				<misses>996300001</misses>
				<total>0</total>
				<timestamp>6422.549676</timestamp>
			</report>
			<report>
				<misses>996400001</misses>
				<total>0</total>
				<timestamp>6423.204558</timestamp>
			</report>
			<report>
				<misses>996500001</misses>
				<total>0</total>
				<timestamp>6423.857515</timestamp>
			</report>
			<report>
				<misses>996600001</misses>
				<total>0</total>
				<timestamp>6424.506869</timestamp>
			</report>
			<report>
				<misses>996700001</misses>
				<total>0</total>
				<timestamp>6425.157127</timestamp>
			</report>
			<report>
				<misses>996800001</misses>
				<total>0</total>
				<timestamp>6425.810953</timestamp>
			</report>
			<report>
				<misses>996900001</misses>
				<total>0</total>
				<timestamp>6426.461444</timestamp>
			</report>
			<report>
				<misses>997000001</misses>
				<total>0</total>
				<timestamp>6427.111112</timestamp>
			</report>
			<report>
				<misses>997100001</misses>
				<total>0</total>
				<timestamp>6427.761103</timestamp>
			</report>
			<report>
				<misses>997200001</misses>
				<total>0</total>
				<timestamp>6428.411373</timestamp>
			</report>
			<report>
				<misses>997300001</misses>
				<total>0</total>
				<timestamp>6429.061978</timestamp>
			</report>
			<report>
				<misses>997400001</misses>
				<total>0</total>
				<timestamp>6429.712045</timestamp>
			</report>
			<report>
				<misses>997500001</misses>
				<total>0</total>
				<timestamp>6430.362508</timestamp>
			</report>
			<report>
				<misses>997600001</misses>
				<total>0</total>
				<timestamp>6431.012765</timestamp>
			</report>
			<report>
				<misses>997700001</misses>
				<total>0</total>
				<timestamp>6431.663137</timestamp>
			</report>
			<report>
				<misses>997800001</misses>
				<total>0</total>
				<timestamp>6432.313360</timestamp>
			</report>
			<report>
				<misses>997900001</misses>
				<total>0</total>
				<timestamp>6432.963956</timestamp>
			</report>
			<report>
				<misses>998000001</misses>
				<total>0</total>
				<timestamp>6433.614309</timestamp>
			</report>
			<report>
				<misses>998100001</misses>
				<total>0</total>
				<timestamp>6434.265804</timestamp>
			</report>
			<report>
				<misses>998200001</misses>
				<total>0</total>
				<timestamp>6434.915631</timestamp>
			</report>
			<report>
				<misses>998300001</misses>
				<total>0</total>
				<timestamp>6435.567389</timestamp>
			</report>
			<report>
				<misses>998400001</misses>
				<total>0</total>
				<timestamp>6436.218997</timestamp>
			</report>
			<report>
				<misses>998500001</misses>
				<total>0</total>
				<timestamp>6436.869455</timestamp>
			</report>
			<report>
				<misses>998600001</misses>
				<total>0</total>
				<timestamp>6437.519110</timestamp>
			</report>
			<report>
				<misses>998700001</misses>
				<total>0</total>
				<timestamp>6438.169345</timestamp>
			</report>
			<report>
				<misses>998800001</misses>
				<total>0</total>
				<timestamp>6438.819755</timestamp>
			</report>
			<report>
				<misses>998900001</misses>
				<total>0</total>
				<timestamp>6439.470196</timestamp>
			</report>
			<report>
				<misses>999000001</misses>
				<total>0</total>
				<timestamp>6440.120649</timestamp>
			</report>
			<report>
				<misses>999100001</misses>
				<total>0</total>
				<timestamp>6440.771993</timestamp>
			</report>
			<report>
				<misses>999200001</misses>
				<total>0</total>
				<timestamp>6441.423086</timestamp>
			</report>
			<report>
				<misses>999300001</misses>
				<total>0</total>
				<timestamp>6442.073972</timestamp>
			</report>
			<report>
				<misses>999400001</misses>
				<total>0</total>
				<timestamp>6442.723824</timestamp>
			</report>
			<report>
				<misses>999500001</misses>
				<total>0</total>
				<timestamp>6443.373885</timestamp>
			</report>
			<report>
				<misses>999600001</misses>
				<total>0</total>
				<timestamp>6444.023900</timestamp>
			</report>
			<report>
				<misses>999700001</misses>
				<total>0</total>
				<timestamp>6444.668054</timestamp>
			</report>
			<report>
				<misses>999800001</misses>
				<total>0</total>
				<timestamp>6445.306674</timestamp>
			</report>
			<report>
				<misses>999900001</misses>
				<total>0</total>
				<timestamp>6445.945122</timestamp>
			</report>
			<report>
				<misses>1000000001</misses>
				<total>0</total>
				<timestamp>6446.583325</timestamp>
			</report>
			<report>
				<misses>1000100001</misses>
				<total>0</total>
				<timestamp>6447.220516</timestamp>
			</report>
			<report>
				<misses>1000200001</misses>
				<total>0</total>
				<timestamp>6447.857448</timestamp>
			</report>
			<report>
				<misses>1000300001</misses>
				<total>0</total>
				<timestamp>6448.494013</timestamp>
			</report>
			<report>
				<misses>1000400001</misses>
				<total>0</total>
				<timestamp>6449.131455</timestamp>
			</report>
			<report>
				<misses>1000500001</misses>
				<total>0</total>
				<timestamp>6449.769501</timestamp>
			</report>
			<report>
				<misses>1000600001</misses>
				<total>0</total>
				<timestamp>6450.406703</timestamp>
			</report>
			<report>
				<misses>1000700001</misses>
				<total>0</total>
				<timestamp>6451.044330</timestamp>
			</report>
			<report>
				<misses>1000800001</misses>
				<total>0</total>
				<timestamp>6451.683224</timestamp>
			</report>
			<report>
				<misses>1000900001</misses>
				<total>0</total>
				<timestamp>6452.320240</timestamp>
			</report>
			<report>
				<misses>1001000001</misses>
				<total>0</total>
				<timestamp>6452.957886</timestamp>
			</report>
			<report>
				<misses>1001100001</misses>
				<total>0</total>
				<timestamp>6453.595444</timestamp>
			</report>
			<report>
				<misses>1001200001</misses>
				<total>0</total>
				<timestamp>6454.233211</timestamp>
			</report>
			<report>
				<misses>1001300001</misses>
				<total>0</total>
				<timestamp>6454.876292</timestamp>
			</report>
			<report>
				<misses>1001400001</misses>
				<total>0</total>
				<timestamp>6455.524354</timestamp>
			</report>
			<report>
				<misses>1001500001</misses>
				<total>0</total>
				<timestamp>6456.174465</timestamp>
			</report>
			<report>
				<misses>1001600001</misses>
				<total>0</total>
				<timestamp>6456.823785</timestamp>
			</report>
			<report>
				<misses>1001700001</misses>
				<total>0</total>
				<timestamp>6457.473616</timestamp>
			</report>
			<report>
				<misses>1001800001</misses>
				<total>0</total>
				<timestamp>6458.125164</timestamp>
			</report>
			<report>
				<misses>1001900001</misses>
				<total>0</total>
				<timestamp>6458.773932</timestamp>
			</report>
			<report>
				<misses>1002000001</misses>
				<total>0</total>
				<timestamp>6459.423580</timestamp>
			</report>
			<report>
				<misses>1002100001</misses>
				<total>0</total>
				<timestamp>6460.073463</timestamp>
			</report>
			<report>
				<misses>1002200001</misses>
				<total>0</total>
				<timestamp>6460.723711</timestamp>
			</report>
			<report>
				<misses>1002300001</misses>
				<total>0</total>
				<timestamp>6461.376085</timestamp>
			</report>
			<report>
				<misses>1002400001</misses>
				<total>0</total>
				<timestamp>6462.025926</timestamp>
			</report>
			<report>
				<misses>1002500001</misses>
				<total>0</total>
				<timestamp>6462.675942</timestamp>
			</report>
			<report>
				<misses>1002600001</misses>
				<total>0</total>
				<timestamp>6463.326634</timestamp>
			</report>
			<report>
				<misses>1002700001</misses>
				<total>0</total>
				<timestamp>6463.976685</timestamp>
			</report>
			<report>
				<misses>1002800001</misses>
				<total>0</total>
				<timestamp>6464.626250</timestamp>
			</report>
			<report>
				<misses>1002900001</misses>
				<total>0</total>
				<timestamp>6465.276651</timestamp>
			</report>
			<report>
				<misses>1003000001</misses>
				<total>0</total>
				<timestamp>6465.927423</timestamp>
			</report>
			<report>
				<misses>1003100001</misses>
				<total>0</total>
				<timestamp>6466.577386</timestamp>
			</report>
			<report>
				<misses>1003200001</misses>
				<total>0</total>
				<timestamp>6467.228644</timestamp>
			</report>
			<report>
				<misses>1003300001</misses>
				<total>0</total>
				<timestamp>6467.878025</timestamp>
			</report>
			<report>
				<misses>1003400001</misses>
				<total>0</total>
				<timestamp>6468.528082</timestamp>
			</report>
			<report>
				<misses>1003500001</misses>
				<total>0</total>
				<timestamp>6469.180756</timestamp>
			</report>
			<report>
				<misses>1003600001</misses>
				<total>0</total>
				<timestamp>6469.833918</timestamp>
			</report>
			<report>
				<misses>1003700001</misses>
				<total>0</total>
				<timestamp>6470.485804</timestamp>
			</report>
			<report>
				<misses>1003800001</misses>
				<total>0</total>
				<timestamp>6471.138653</timestamp>
			</report>
			<report>
				<misses>1003900001</misses>
				<total>0</total>
				<timestamp>6471.788813</timestamp>
			</report>
			<report>
				<misses>1004000001</misses>
				<total>0</total>
				<timestamp>6472.438443</timestamp>
			</report>
			<report>
				<misses>1004100001</misses>
				<total>0</total>
				<timestamp>6473.088371</timestamp>
			</report>
			<report>
				<misses>1004200001</misses>
				<total>0</total>
				<timestamp>6473.737802</timestamp>
			</report>
			<report>
				<misses>1004300001</misses>
				<total>0</total>
				<timestamp>6474.387644</timestamp>
			</report>
			<report>
				<misses>1004400001</misses>
				<total>0</total>
				<timestamp>6475.038018</timestamp>
			</report>
			<report>
				<misses>1004500001</misses>
				<total>0</total>
				<timestamp>6475.688917</timestamp>
			</report>
			<report>
				<misses>1004600001</misses>
				<total>0</total>
				<timestamp>6476.339505</timestamp>
			</report>
			<report>
				<misses>1004700001</misses>
				<total>0</total>
				<timestamp>6476.991298</timestamp>
			</report>
			<report>
				<misses>1004800001</misses>
				<total>0</total>
				<timestamp>6477.642879</timestamp>
			</report>
			<report>
				<misses>1004900001</misses>
				<total>0</total>
				<timestamp>6478.294247</timestamp>
			</report>
			<report>
				<misses>1005000001</misses>
				<total>0</total>
				<timestamp>6478.944660</timestamp>
			</report>
			<report>
				<misses>1005100001</misses>
				<total>0</total>
				<timestamp>6479.595617</timestamp>
			</report>
			<report>
				<misses>1005200001</misses>
				<total>0</total>
				<timestamp>6480.244786</timestamp>
			</report>
			<report>
				<misses>1005300001</misses>
				<total>0</total>
				<timestamp>6480.893829</timestamp>
			</report>
			<report>
				<misses>1005400001</misses>
				<total>0</total>
				<timestamp>6481.542919</timestamp>
			</report>
			<report>
				<misses>1005500001</misses>
				<total>0</total>
				<timestamp>6482.191264</timestamp>
			</report>
			<report>
				<misses>1005600001</misses>
				<total>0</total>
				<timestamp>6482.839585</timestamp>
			</report>
			<report>
				<misses>1005700001</misses>
				<total>0</total>
				<timestamp>6483.489139</timestamp>
			</report>
			<report>
				<misses>1005800001</misses>
				<total>0</total>
				<timestamp>6484.139000</timestamp>
			</report>
			<report>
				<misses>1005900001</misses>
				<total>0</total>
				<timestamp>6484.788132</timestamp>
			</report>
			<report>
				<misses>1006000001</misses>
				<total>0</total>
				<timestamp>6485.437745</timestamp>
			</report>
			<report>
				<misses>1006100001</misses>
				<total>0</total>
				<timestamp>6486.087079</timestamp>
			</report>
			<report>
				<misses>1006200001</misses>
				<total>0</total>
				<timestamp>6486.736274</timestamp>
			</report>
			<report>
				<misses>1006300001</misses>
				<total>0</total>
				<timestamp>6487.384853</timestamp>
			</report>
			<report>
				<misses>1006400001</misses>
				<total>0</total>
				<timestamp>6488.035512</timestamp>
			</report>
			<report>
				<misses>1006500001</misses>
				<total>0</total>
				<timestamp>6488.684151</timestamp>
			</report>
			<report>
				<misses>1006600001</misses>
				<total>0</total>
				<timestamp>6489.334275</timestamp>
			</report>
			<report>
				<misses>1006700001</misses>
				<total>0</total>
				<timestamp>6489.984493</timestamp>
			</report>
			<report>
				<misses>1006800001</misses>
				<total>0</total>
				<timestamp>6490.634391</timestamp>
			</report>
			<report>
				<misses>1006900001</misses>
				<total>0</total>
				<timestamp>6491.284108</timestamp>
			</report>
			<report>
				<misses>1007000001</misses>
				<total>0</total>
				<timestamp>6491.935444</timestamp>
			</report>
			<report>
				<misses>1007100001</misses>
				<total>0</total>
				<timestamp>6492.584905</timestamp>
			</report>
			<report>
				<misses>1007200001</misses>
				<total>0</total>
				<timestamp>6493.234653</timestamp>
			</report>
			<report>
				<misses>1007300001</misses>
				<total>0</total>
				<timestamp>6493.884255</timestamp>
			</report>
			<report>
				<misses>1007400001</misses>
				<total>0</total>
				<timestamp>6494.534237</timestamp>
			</report>
			<report>
				<misses>1007500001</misses>
				<total>0</total>
				<timestamp>6495.185098</timestamp>
			</report>
			<report>
				<misses>1007600001</misses>
				<total>0</total>
				<timestamp>6495.837009</timestamp>
			</report>
			<report>
				<misses>1007700001</misses>
				<total>0</total>
				<timestamp>6496.487331</timestamp>
			</report>
			<report>
				<misses>1007800001</misses>
				<total>0</total>
				<timestamp>6497.137330</timestamp>
			</report>
			<report>
				<misses>1007900001</misses>
				<total>0</total>
				<timestamp>6497.787922</timestamp>
			</report>
			<report>
				<misses>1008000001</misses>
				<total>0</total>
				<timestamp>6498.438924</timestamp>
			</report>
			<report>
				<misses>1008100001</misses>
				<total>0</total>
				<timestamp>6499.090182</timestamp>
			</report>
			<report>
				<misses>1008200001</misses>
				<total>0</total>
				<timestamp>6499.737517</timestamp>
			</report>
			<report>
				<misses>1008300001</misses>
				<total>0</total>
				<timestamp>6500.375080</timestamp>
			</report>
			<report>
				<misses>1008400001</misses>
				<total>0</total>
				<timestamp>6501.011241</timestamp>
			</report>
			<report>
				<misses>1008500001</misses>
				<total>0</total>
				<timestamp>6501.647028</timestamp>
			</report>
			<report>
				<misses>1008600001</misses>
				<total>0</total>
				<timestamp>6502.283325</timestamp>
			</report>
			<report>
				<misses>1008700001</misses>
				<total>0</total>
				<timestamp>6502.918858</timestamp>
			</report>
			<report>
				<misses>1008800001</misses>
				<total>0</total>
				<timestamp>6503.554919</timestamp>
			</report>
			<report>
				<misses>1008900001</misses>
				<total>0</total>
				<timestamp>6504.190724</timestamp>
			</report>
			<report>
				<misses>1009000001</misses>
				<total>0</total>
				<timestamp>6504.826748</timestamp>
			</report>
			<report>
				<misses>1009100001</misses>
				<total>0</total>
				<timestamp>6505.462391</timestamp>
			</report>
			<report>
				<misses>1009200001</misses>
				<total>0</total>
				<timestamp>6506.098546</timestamp>
			</report>
			<report>
				<misses>1009300001</misses>
				<total>0</total>
				<timestamp>6506.734769</timestamp>
			</report>
			<report>
				<misses>1009400001</misses>
				<total>0</total>
				<timestamp>6507.370865</timestamp>
			</report>
			<report>
				<misses>1009500001</misses>
				<total>0</total>
				<timestamp>6508.007215</timestamp>
			</report>
			<report>
				<misses>1009600001</misses>
				<total>0</total>
				<timestamp>6508.642644</timestamp>
			</report>
			<report>
				<misses>1009700001</misses>
				<total>0</total>
				<timestamp>6509.278312</timestamp>
			</report>
			<report>
				<misses>1009800001</misses>
				<total>0</total>
				<timestamp>6509.914495</timestamp>
			</report>
			<report>
				<misses>1009900001</misses>
				<total>0</total>
				<timestamp>6510.550718</timestamp>
			</report>
			<report>
				<misses>1010000001</misses>
				<total>0</total>
				<timestamp>6511.186966</timestamp>
			</report>
			<report>
				<misses>1010100001</misses>
				<total>0</total>
				<timestamp>6511.822501</timestamp>
			</report>
			<report>
				<misses>1010200001</misses>
				<total>0</total>
				<timestamp>6512.459467</timestamp>
			</report>
			<report>
				<misses>1010300001</misses>
				<total>0</total>
				<timestamp>6513.096222</timestamp>
			</report>
			<report>
				<misses>1010400001</misses>
				<total>0</total>
				<timestamp>6513.732634</timestamp>
			</report>
			<report>
				<misses>1010500001</misses>
				<total>0</total>
				<timestamp>6514.369811</timestamp>
			</report>
			<report>
				<misses>1010600001</misses>
				<total>0</total>
				<timestamp>6515.006685</timestamp>
			</report>
			<report>
				<misses>1010700001</misses>
				<total>0</total>
				<timestamp>6515.642273</timestamp>
			</report>
			<report>
				<misses>1010800001</misses>
				<total>0</total>
				<timestamp>6516.286638</timestamp>
			</report>
			<report>
				<misses>1010900001</misses>
				<total>0</total>
				<timestamp>6516.938332</timestamp>
			</report>
			<report>
				<misses>1011000001</misses>
				<total>0</total>
				<timestamp>6517.590395</timestamp>
			</report>
			<report>
				<misses>1011100001</misses>
				<total>0</total>
				<timestamp>6518.240837</timestamp>
			</report>
			<report>
				<misses>1011200001</misses>
				<total>0</total>
				<timestamp>6518.890543</timestamp>
			</report>
			<report>
				<misses>1011300001</misses>
				<total>0</total>
				<timestamp>6519.540697</timestamp>
			</report>
			<report>
				<misses>1011400001</misses>
				<total>0</total>
				<timestamp>6520.190963</timestamp>
			</report>
			<report>
				<misses>1011500001</misses>
				<total>0</total>
				<timestamp>6520.840419</timestamp>
			</report>
			<report>
				<misses>1011600001</misses>
				<total>0</total>
				<timestamp>6521.489370</timestamp>
			</report>
			<report>
				<misses>1011700001</misses>
				<total>0</total>
				<timestamp>6522.139999</timestamp>
			</report>
			<report>
				<misses>1011800001</misses>
				<total>0</total>
				<timestamp>6522.789103</timestamp>
			</report>
			<report>
				<misses>1011900001</misses>
				<total>0</total>
				<timestamp>6523.438779</timestamp>
			</report>
			<report>
				<misses>1012000001</misses>
				<total>0</total>
				<timestamp>6524.088856</timestamp>
			</report>
			<report>
				<misses>1012100001</misses>
				<total>0</total>
				<timestamp>6524.736865</timestamp>
			</report>
			<report>
				<misses>1012200001</misses>
				<total>0</total>
				<timestamp>6525.384769</timestamp>
			</report>
			<report>
				<misses>1012300001</misses>
				<total>0</total>
				<timestamp>6526.033748</timestamp>
			</report>
			<report>
				<misses>1012400001</misses>
				<total>0</total>
				<timestamp>6526.681979</timestamp>
			</report>
			<report>
				<misses>1012500001</misses>
				<total>0</total>
				<timestamp>6527.330202</timestamp>
			</report>
			<report>
				<misses>1012600001</misses>
				<total>0</total>
				<timestamp>6527.979174</timestamp>
			</report>
			<report>
				<misses>1012700001</misses>
				<total>0</total>
				<timestamp>6528.627630</timestamp>
			</report>
			<report>
				<misses>1012800001</misses>
				<total>0</total>
				<timestamp>6529.274467</timestamp>
			</report>
			<report>
				<misses>1012900001</misses>
				<total>0</total>
				<timestamp>6529.921198</timestamp>
			</report>
			<report>
				<misses>1013000001</misses>
				<total>0</total>
				<timestamp>6530.568496</timestamp>
			</report>
			<report>
				<misses>1013100001</misses>
				<total>0</total>
				<timestamp>6531.216057</timestamp>
			</report>
			<report>
				<misses>1013200001</misses>
				<total>0</total>
				<timestamp>6531.863042</timestamp>
			</report>
			<report>
				<misses>1013300001</misses>
				<total>0</total>
				<timestamp>6532.510055</timestamp>
			</report>
			<report>
				<misses>1013400001</misses>
				<total>0</total>
				<timestamp>6533.157943</timestamp>
			</report>
			<report>
				<misses>1013500001</misses>
				<total>0</total>
				<timestamp>6533.807011</timestamp>
			</report>
			<report>
				<misses>1013600001</misses>
				<total>0</total>
				<timestamp>6534.455597</timestamp>
			</report>
			<report>
				<misses>1013700001</misses>
				<total>0</total>
				<timestamp>6535.106344</timestamp>
			</report>
			<report>
				<misses>1013800001</misses>
				<total>0</total>
				<timestamp>6535.755937</timestamp>
			</report>
			<report>
				<misses>1013900001</misses>
				<total>0</total>
				<timestamp>6536.405869</timestamp>
			</report>
			<report>
				<misses>1014000001</misses>
				<total>0</total>
				<timestamp>6537.055820</timestamp>
			</report>
			<report>
				<misses>1014100001</misses>
				<total>0</total>
				<timestamp>6537.705427</timestamp>
			</report>
			<report>
				<misses>1014200001</misses>
				<total>0</total>
				<timestamp>6538.354886</timestamp>
			</report>
			<report>
				<misses>1014300001</misses>
				<total>0</total>
				<timestamp>6539.005471</timestamp>
			</report>
			<report>
				<misses>1014400001</misses>
				<total>0</total>
				<timestamp>6539.658466</timestamp>
			</report>
			<report>
				<misses>1014500001</misses>
				<total>0</total>
				<timestamp>6540.310568</timestamp>
			</report>
			<report>
				<misses>1014600001</misses>
				<total>0</total>
				<timestamp>6540.962191</timestamp>
			</report>
			<report>
				<misses>1014700001</misses>
				<total>0</total>
				<timestamp>6541.612633</timestamp>
			</report>
			<report>
				<misses>1014800001</misses>
				<total>0</total>
				<timestamp>6542.263862</timestamp>
			</report>
			<report>
				<misses>1014900001</misses>
				<total>0</total>
				<timestamp>6542.910239</timestamp>
			</report>
			<report>
				<misses>1015000001</misses>
				<total>0</total>
				<timestamp>6543.551048</timestamp>
			</report>
			<report>
				<misses>1015100001</misses>
				<total>0</total>
				<timestamp>6544.190483</timestamp>
			</report>
			<report>
				<misses>1015200001</misses>
				<total>0</total>
				<timestamp>6544.829974</timestamp>
			</report>
			<report>
				<misses>1015300001</misses>
				<total>0</total>
				<timestamp>6545.469676</timestamp>
			</report>
			<report>
				<misses>1015400001</misses>
				<total>0</total>
				<timestamp>6546.109549</timestamp>
			</report>
			<report>
				<misses>1015500001</misses>
				<total>0</total>
				<timestamp>6546.749007</timestamp>
			</report>
			<report>
				<misses>1015600001</misses>
				<total>0</total>
				<timestamp>6547.389379</timestamp>
			</report>
			<report>
				<misses>1015700001</misses>
				<total>0</total>
				<timestamp>6548.029877</timestamp>
			</report>
			<report>
				<misses>1015800001</misses>
				<total>0</total>
				<timestamp>6548.670298</timestamp>
			</report>
			<report>
				<misses>1015900001</misses>
				<total>0</total>
				<timestamp>6549.310145</timestamp>
			</report>
			<report>
				<misses>1016000001</misses>
				<total>0</total>
				<timestamp>6549.949901</timestamp>
			</report>
			<report>
				<misses>1016100001</misses>
				<total>0</total>
				<timestamp>6550.588441</timestamp>
			</report>
			<report>
				<misses>1016200001</misses>
				<total>0</total>
				<timestamp>6551.225811</timestamp>
			</report>
			<report>
				<misses>1016300001</misses>
				<total>0</total>
				<timestamp>6551.862960</timestamp>
			</report>
			<report>
				<misses>1016400001</misses>
				<total>0</total>
				<timestamp>6552.498605</timestamp>
			</report>
			<report>
				<misses>1016500001</misses>
				<total>0</total>
				<timestamp>6553.135701</timestamp>
			</report>
			<report>
				<misses>1016600001</misses>
				<total>0</total>
				<timestamp>6553.773637</timestamp>
			</report>
			<report>
				<misses>1016700001</misses>
				<total>0</total>
				<timestamp>6554.411720</timestamp>
			</report>
			<report>
				<misses>1016800001</misses>
				<total>0</total>
				<timestamp>6555.049442</timestamp>
			</report>
			<report>
				<misses>1016900001</misses>
				<total>0</total>
				<timestamp>6555.686441</timestamp>
			</report>
			<report>
				<misses>1017000001</misses>
				<total>0</total>
				<timestamp>6556.324420</timestamp>
			</report>
			<report>
				<misses>1017100001</misses>
				<total>0</total>
				<timestamp>6556.964401</timestamp>
			</report>
			<report>
				<misses>1017200001</misses>
				<total>0</total>
				<timestamp>6557.601132</timestamp>
			</report>
			<report>
				<misses>1017300001</misses>
				<total>0</total>
				<timestamp>6558.237253</timestamp>
			</report>
			<report>
				<misses>1017400001</misses>
				<total>0</total>
				<timestamp>6558.873058</timestamp>
			</report>
			<report>
				<misses>1017500001</misses>
				<total>0</total>
				<timestamp>6559.509715</timestamp>
			</report>
			<report>
				<misses>1017600001</misses>
				<total>0</total>
				<timestamp>6560.146855</timestamp>
			</report>
			<report>
				<misses>1017700001</misses>
				<total>0</total>
				<timestamp>6560.784743</timestamp>
			</report>
			<report>
				<misses>1017800001</misses>
				<total>0</total>
				<timestamp>6561.422134</timestamp>
			</report>
			<report>
				<misses>1017900001</misses>
				<total>0</total>
				<timestamp>6562.059926</timestamp>
			</report>
			<report>
				<misses>1018000001</misses>
				<total>0</total>
				<timestamp>6562.697072</timestamp>
			</report>
			<report>
				<misses>1018100001</misses>
				<total>0</total>
				<timestamp>6563.334206</timestamp>
			</report>
			<report>
				<misses>1018200001</misses>
				<total>0</total>
				<timestamp>6563.971163</timestamp>
			</report>
			<report>
				<misses>1018300001</misses>
				<total>0</total>
				<timestamp>6564.609257</timestamp>
			</report>
			<report>
				<misses>1018400001</misses>
				<total>0</total>
				<timestamp>6565.246934</timestamp>
			</report>
			<report>
				<misses>1018500001</misses>
				<total>0</total>
				<timestamp>6565.883775</timestamp>
			</report>
			<report>
				<misses>1018600001</misses>
				<total>0</total>
				<timestamp>6566.521377</timestamp>
			</report>
			<report>
				<misses>1018700001</misses>
				<total>0</total>
				<timestamp>6567.158533</timestamp>
			</report>
			<report>
				<misses>1018800001</misses>
				<total>0</total>
				<timestamp>6567.797530</timestamp>
			</report>
			<report>
				<misses>1018900001</misses>
				<total>0</total>
				<timestamp>6568.434389</timestamp>
			</report>
			<report>
				<misses>1019000001</misses>
				<total>0</total>
				<timestamp>6569.071072</timestamp>
			</report>
			<report>
				<misses>1019100001</misses>
				<total>0</total>
				<timestamp>6569.707373</timestamp>
			</report>
			<report>
				<misses>1019200001</misses>
				<total>0</total>
				<timestamp>6570.343881</timestamp>
			</report>
			<report>
				<misses>1019300001</misses>
				<total>0</total>
				<timestamp>6570.980666</timestamp>
			</report>
			<report>
				<misses>1019400001</misses>
				<total>0</total>
				<timestamp>6571.626434</timestamp>
			</report>
			<report>
				<misses>1019500001</misses>
				<total>0</total>
				<timestamp>6572.277683</timestamp>
			</report>
			<report>
				<misses>1019600001</misses>
				<total>0</total>
				<timestamp>6572.927542</timestamp>
			</report>
			<report>
				<misses>1019700001</misses>
				<total>0</total>
				<timestamp>6573.577530</timestamp>
			</report>
			<report>
				<misses>1019800001</misses>
				<total>0</total>
				<timestamp>6574.229384</timestamp>
			</report>
			<report>
				<misses>1019900001</misses>
				<total>0</total>
				<timestamp>6574.879839</timestamp>
			</report>
			<report>
				<misses>1020000001</misses>
				<total>0</total>
				<timestamp>6575.531385</timestamp>
			</report>
			<report>
				<misses>1020100001</misses>
				<total>0</total>
				<timestamp>6576.184345</timestamp>
			</report>
			<report>
				<misses>1020200001</misses>
				<total>0</total>
				<timestamp>6576.833898</timestamp>
			</report>
			<report>
				<misses>1020300001</misses>
				<total>0</total>
				<timestamp>6577.484671</timestamp>
			</report>
			<report>
				<misses>1020400001</misses>
				<total>0</total>
				<timestamp>6578.136640</timestamp>
			</report>
			<report>
				<misses>1020500001</misses>
				<total>0</total>
				<timestamp>6578.788842</timestamp>
			</report>
			<report>
				<misses>1020600001</misses>
				<total>0</total>
				<timestamp>6579.440068</timestamp>
			</report>
			<report>
				<misses>1020700001</misses>
				<total>0</total>
				<timestamp>6580.089247</timestamp>
			</report>
			<report>
				<misses>1020800001</misses>
				<total>0</total>
				<timestamp>6580.739230</timestamp>
			</report>
			<report>
				<misses>1020900001</misses>
				<total>0</total>
				<timestamp>6581.389262</timestamp>
			</report>
			<report>
				<misses>1021000001</misses>
				<total>0</total>
				<timestamp>6582.040164</timestamp>
			</report>
			<report>
				<misses>1021100001</misses>
				<total>0</total>
				<timestamp>6582.691572</timestamp>
			</report>
			<report>
				<misses>1021200001</misses>
				<total>0</total>
				<timestamp>6583.343087</timestamp>
			</report>
			<report>
				<misses>1021300001</misses>
				<total>0</total>
				<timestamp>6583.995185</timestamp>
			</report>
			<report>
				<misses>1021400001</misses>
				<total>0</total>
				<timestamp>6584.646592</timestamp>
			</report>
			<report>
				<misses>1021500001</misses>
				<total>0</total>
				<timestamp>6585.300203</timestamp>
			</report>
			<report>
				<misses>1021600001</misses>
				<total>0</total>
				<timestamp>6585.952150</timestamp>
			</report>
			<report>
				<misses>1021700001</misses>
				<total>0</total>
				<timestamp>6586.603233</timestamp>
			</report>
			<report>
				<misses>1021800001</misses>
				<total>0</total>
				<timestamp>6587.253546</timestamp>
			</report>
			<report>
				<misses>1021900001</misses>
				<total>0</total>
				<timestamp>6587.905089</timestamp>
			</report>
			<report>
				<misses>1022000001</misses>
				<total>0</total>
				<timestamp>6588.554619</timestamp>
			</report>
			<report>
				<misses>1022100001</misses>
				<total>0</total>
				<timestamp>6589.204026</timestamp>
			</report>
			<report>
				<misses>1022200001</misses>
				<total>0</total>
				<timestamp>6589.854567</timestamp>
			</report>
			<report>
				<misses>1022300001</misses>
				<total>0</total>
				<timestamp>6590.506171</timestamp>
			</report>
			<report>
				<misses>1022400001</misses>
				<total>0</total>
				<timestamp>6591.159118</timestamp>
			</report>
			<report>
				<misses>1022500001</misses>
				<total>0</total>
				<timestamp>6591.810481</timestamp>
			</report>
			<report>
				<misses>1022600001</misses>
				<total>0</total>
				<timestamp>6592.461219</timestamp>
			</report>
			<report>
				<misses>1022700001</misses>
				<total>0</total>
				<timestamp>6593.111746</timestamp>
			</report>
			<report>
				<misses>1022800001</misses>
				<total>0</total>
				<timestamp>6593.761872</timestamp>
			</report>
			<report>
				<misses>1022900001</misses>
				<total>0</total>
				<timestamp>6594.412260</timestamp>
			</report>
			<report>
				<misses>1023000001</misses>
				<total>0</total>
				<timestamp>6595.062701</timestamp>
			</report>
			<report>
				<misses>1023100001</misses>
				<total>0</total>
				<timestamp>6595.713775</timestamp>
			</report>
			<report>
				<misses>1023200001</misses>
				<total>0</total>
				<timestamp>6596.366158</timestamp>
			</report>
			<report>
				<misses>1023300001</misses>
				<total>0</total>
				<timestamp>6597.015413</timestamp>
			</report>
			<report>
				<misses>1023400001</misses>
				<total>0</total>
				<timestamp>6597.665426</timestamp>
			</report>
			<report>
				<misses>1023500001</misses>
				<total>0</total>
				<timestamp>6598.316065</timestamp>
			</report>
			<report>
				<misses>1023600001</misses>
				<total>0</total>
				<timestamp>6598.966113</timestamp>
			</report>
			<report>
				<misses>1023700001</misses>
				<total>0</total>
				<timestamp>6599.616386</timestamp>
			</report>
			<report>
				<misses>1023800001</misses>
				<total>0</total>
				<timestamp>6600.267841</timestamp>
			</report>
			<report>
				<misses>1023900001</misses>
				<total>0</total>
				<timestamp>6600.919964</timestamp>
			</report>
			<report>
				<misses>1024000001</misses>
				<total>0</total>
				<timestamp>6601.570561</timestamp>
			</report>
			<report>
				<misses>1024100001</misses>
				<total>0</total>
				<timestamp>6602.221194</timestamp>
			</report>
			<report>
				<misses>1024200001</misses>
				<total>0</total>
				<timestamp>6602.871457</timestamp>
			</report>
			<report>
				<misses>1024300001</misses>
				<total>0</total>
				<timestamp>6603.521914</timestamp>
			</report>
			<report>
				<misses>1024400001</misses>
				<total>0</total>
				<timestamp>6604.171302</timestamp>
			</report>
			<report>
				<misses>1024500001</misses>
				<total>0</total>
				<timestamp>6604.816634</timestamp>
			</report>
			<report>
				<misses>1024600001</misses>
				<total>0</total>
				<timestamp>6605.461796</timestamp>
			</report>
			<report>
				<misses>1024700001</misses>
				<total>0</total>
				<timestamp>6606.109111</timestamp>
			</report>
			<report>
				<misses>1024800001</misses>
				<total>0</total>
				<timestamp>6606.755441</timestamp>
			</report>
			<report>
				<misses>1024900001</misses>
				<total>0</total>
				<timestamp>6607.401022</timestamp>
			</report>
			<report>
				<misses>1025000001</misses>
				<total>0</total>
				<timestamp>6608.049353</timestamp>
			</report>
			<report>
				<misses>1025100001</misses>
				<total>0</total>
				<timestamp>6608.701523</timestamp>
			</report>
			<report>
				<misses>1025200001</misses>
				<total>0</total>
				<timestamp>6609.350746</timestamp>
			</report>
			<report>
				<misses>1025300001</misses>
				<total>0</total>
				<timestamp>6609.999307</timestamp>
			</report>
			<report>
				<misses>1025400001</misses>
				<total>0</total>
				<timestamp>6610.648137</timestamp>
			</report>
			<report>
				<misses>1025500001</misses>
				<total>0</total>
				<timestamp>6611.297038</timestamp>
			</report>
			<report>
				<misses>1025600001</misses>
				<total>0</total>
				<timestamp>6611.946009</timestamp>
			</report>
			<report>
				<misses>1025700001</misses>
				<total>0</total>
				<timestamp>6612.595143</timestamp>
			</report>
			<report>
				<misses>1025800001</misses>
				<total>0</total>
				<timestamp>6613.243790</timestamp>
			</report>
			<report>
				<misses>1025900001</misses>
				<total>0</total>
				<timestamp>6613.892808</timestamp>
			</report>
			<report>
				<misses>1026000001</misses>
				<total>0</total>
				<timestamp>6614.541370</timestamp>
			</report>
			<report>
				<misses>1026100001</misses>
				<total>0</total>
				<timestamp>6615.190000</timestamp>
			</report>
			<report>
				<misses>1026200001</misses>
				<total>0</total>
				<timestamp>6615.839833</timestamp>
			</report>
			<report>
				<misses>1026300001</misses>
				<total>0</total>
				<timestamp>6616.488283</timestamp>
			</report>
			<report>
				<misses>1026400001</misses>
				<total>0</total>
				<timestamp>6617.136905</timestamp>
			</report>
			<report>
				<misses>1026500001</misses>
				<total>0</total>
				<timestamp>6617.786506</timestamp>
			</report>
			<report>
				<misses>1026600001</misses>
				<total>0</total>
				<timestamp>6618.435563</timestamp>
			</report>
			<report>
				<misses>1026700001</misses>
				<total>0</total>
				<timestamp>6619.087199</timestamp>
			</report>
			<report>
				<misses>1026800001</misses>
				<total>0</total>
				<timestamp>6619.739434</timestamp>
			</report>
			<report>
				<misses>1026900001</misses>
				<total>0</total>
				<timestamp>6620.390359</timestamp>
			</report>
			<report>
				<misses>1027000001</misses>
				<total>0</total>
				<timestamp>6621.042180</timestamp>
			</report>
			<report>
				<misses>1027100001</misses>
				<total>0</total>
				<timestamp>6621.692387</timestamp>
			</report>
			<report>
				<misses>1027200001</misses>
				<total>0</total>
				<timestamp>6622.342491</timestamp>
			</report>
			<report>
				<misses>1027300001</misses>
				<total>0</total>
				<timestamp>6622.992089</timestamp>
			</report>
			<report>
				<misses>1027400001</misses>
				<total>0</total>
				<timestamp>6623.644694</timestamp>
			</report>
			<report>
				<misses>1027500001</misses>
				<total>0</total>
				<timestamp>6624.295185</timestamp>
			</report>
			<report>
				<misses>1027600001</misses>
				<total>0</total>
				<timestamp>6624.947265</timestamp>
			</report>
			<report>
				<misses>1027700001</misses>
				<total>0</total>
				<timestamp>6625.599583</timestamp>
			</report>
			<report>
				<misses>1027800001</misses>
				<total>0</total>
				<timestamp>6626.250756</timestamp>
			</report>
			<report>
				<misses>1027900001</misses>
				<total>0</total>
				<timestamp>6626.902774</timestamp>
			</report>
			<report>
				<misses>1028000001</misses>
				<total>0</total>
				<timestamp>6627.553435</timestamp>
			</report>
			<report>
				<misses>1028100001</misses>
				<total>0</total>
				<timestamp>6628.204786</timestamp>
			</report>
			<report>
				<misses>1028200001</misses>
				<total>0</total>
				<timestamp>6628.856589</timestamp>
			</report>
			<report>
				<misses>1028300001</misses>
				<total>0</total>
				<timestamp>6629.507446</timestamp>
			</report>
			<report>
				<misses>1028400001</misses>
				<total>0</total>
				<timestamp>6630.160053</timestamp>
			</report>
			<report>
				<misses>1028500001</misses>
				<total>0</total>
				<timestamp>6630.813027</timestamp>
			</report>
			<report>
				<misses>1028600001</misses>
				<total>0</total>
				<timestamp>6631.464873</timestamp>
			</report>
			<report>
				<misses>1028700001</misses>
				<total>0</total>
				<timestamp>6632.117851</timestamp>
			</report>
			<report>
				<misses>1028800001</misses>
				<total>0</total>
				<timestamp>6632.770420</timestamp>
			</report>
			<report>
				<misses>1028900001</misses>
				<total>0</total>
				<timestamp>6633.423264</timestamp>
			</report>
			<report>
				<misses>1029000001</misses>
				<total>0</total>
				<timestamp>6634.074793</timestamp>
			</report>
			<report>
				<misses>1029100001</misses>
				<total>0</total>
				<timestamp>6634.727027</timestamp>
			</report>
			<report>
				<misses>1029200001</misses>
				<total>0</total>
				<timestamp>6635.375804</timestamp>
			</report>
			<report>
				<misses>1029300001</misses>
				<total>0</total>
				<timestamp>6636.023921</timestamp>
			</report>
			<report>
				<misses>1029400001</misses>
				<total>0</total>
				<timestamp>6636.672577</timestamp>
			</report>
			<report>
				<misses>1029500001</misses>
				<total>0</total>
				<timestamp>6637.321181</timestamp>
			</report>
			<report>
				<misses>1029600001</misses>
				<total>0</total>
				<timestamp>6637.969834</timestamp>
			</report>
			<report>
				<misses>1029700001</misses>
				<total>0</total>
				<timestamp>6638.618581</timestamp>
			</report>
			<report>
				<misses>1029800001</misses>
				<total>0</total>
				<timestamp>6639.268154</timestamp>
			</report>
			<report>
				<misses>1029900001</misses>
				<total>0</total>
				<timestamp>6639.917661</timestamp>
			</report>
			<report>
				<misses>1030000001</misses>
				<total>0</total>
				<timestamp>6640.565397</timestamp>
			</report>
			<report>
				<misses>1030100001</misses>
				<total>0</total>
				<timestamp>6641.214331</timestamp>
			</report>
			<report>
				<misses>1030200001</misses>
				<total>0</total>
				<timestamp>6641.862720</timestamp>
			</report>
			<report>
				<misses>1030300001</misses>
				<total>0</total>
				<timestamp>6642.510310</timestamp>
			</report>
			<report>
				<misses>1030400001</misses>
				<total>0</total>
				<timestamp>6643.158688</timestamp>
			</report>
			<report>
				<misses>1030500001</misses>
				<total>0</total>
				<timestamp>6643.806097</timestamp>
			</report>
			<report>
				<misses>1030600001</misses>
				<total>0</total>
				<timestamp>6644.454324</timestamp>
			</report>
			<report>
				<misses>1030700001</misses>
				<total>0</total>
				<timestamp>6645.103507</timestamp>
			</report>
			<report>
				<misses>1030800001</misses>
				<total>0</total>
				<timestamp>6645.751584</timestamp>
			</report>
			<report>
				<misses>1030900001</misses>
				<total>0</total>
				<timestamp>6646.399601</timestamp>
			</report>
			<report>
				<misses>1031000001</misses>
				<total>0</total>
				<timestamp>6647.047243</timestamp>
			</report>
			<report>
				<misses>1031100001</misses>
				<total>0</total>
				<timestamp>6647.695299</timestamp>
			</report>
			<report>
				<misses>1031200001</misses>
				<total>0</total>
				<timestamp>6648.343710</timestamp>
			</report>
			<report>
				<misses>1031300001</misses>
				<total>0</total>
				<timestamp>6648.993056</timestamp>
			</report>
			<report>
				<misses>1031400001</misses>
				<total>0</total>
				<timestamp>6649.642392</timestamp>
			</report>
			<report>
				<misses>1031500001</misses>
				<total>0</total>
				<timestamp>6650.291201</timestamp>
			</report>
			<report>
				<misses>1031600001</misses>
				<total>0</total>
				<timestamp>6650.943653</timestamp>
			</report>
			<report>
				<misses>1031700001</misses>
				<total>0</total>
				<timestamp>6651.592713</timestamp>
			</report>
			<report>
				<misses>1031800001</misses>
				<total>0</total>
				<timestamp>6652.242028</timestamp>
			</report>
			<report>
				<misses>1031900001</misses>
				<total>0</total>
				<timestamp>6652.890560</timestamp>
			</report>
			<report>
				<misses>1032000001</misses>
				<total>0</total>
				<timestamp>6653.539193</timestamp>
			</report>
			<report>
				<misses>1032100001</misses>
				<total>0</total>
				<timestamp>6654.189485</timestamp>
			</report>
			<report>
				<misses>1032200001</misses>
				<total>0</total>
				<timestamp>6654.839406</timestamp>
			</report>
			<report>
				<misses>1032300001</misses>
				<total>0</total>
				<timestamp>6655.488906</timestamp>
			</report>
			<report>
				<misses>1032400001</misses>
				<total>0</total>
				<timestamp>6656.138895</timestamp>
			</report>
			<report>
				<misses>1032500001</misses>
				<total>0</total>
				<timestamp>6656.788105</timestamp>
			</report>
			<report>
				<misses>1032600001</misses>
				<total>0</total>
				<timestamp>6657.437078</timestamp>
			</report>
			<report>
				<misses>1032700001</misses>
				<total>0</total>
				<timestamp>6658.086070</timestamp>
			</report>
			<report>
				<misses>1032800001</misses>
				<total>0</total>
				<timestamp>6658.734550</timestamp>
			</report>
			<report>
				<misses>1032900001</misses>
				<total>0</total>
				<timestamp>6659.383621</timestamp>
			</report>
			<report>
				<misses>1033000001</misses>
				<total>0</total>
				<timestamp>6660.032270</timestamp>
			</report>
			<report>
				<misses>1033100001</misses>
				<total>0</total>
				<timestamp>6660.680345</timestamp>
			</report>
			<report>
				<misses>1033200001</misses>
				<total>0</total>
				<timestamp>6661.329469</timestamp>
			</report>
			<report>
				<misses>1033300001</misses>
				<total>0</total>
				<timestamp>6661.970694</timestamp>
			</report>
			<report>
				<misses>1033400001</misses>
				<total>0</total>
				<timestamp>6662.610063</timestamp>
			</report>
			<report>
				<misses>1033500001</misses>
				<total>0</total>
				<timestamp>6663.249699</timestamp>
			</report>
			<report>
				<misses>1033600001</misses>
				<total>0</total>
				<timestamp>6663.889262</timestamp>
			</report>
			<report>
				<misses>1033700001</misses>
				<total>0</total>
				<timestamp>6664.527151</timestamp>
			</report>
			<report>
				<misses>1033800001</misses>
				<total>0</total>
				<timestamp>6665.165024</timestamp>
			</report>
			<report>
				<misses>1033900001</misses>
				<total>0</total>
				<timestamp>6665.803900</timestamp>
			</report>
			<report>
				<misses>1034000001</misses>
				<total>0</total>
				<timestamp>6666.443184</timestamp>
			</report>
			<report>
				<misses>1034100001</misses>
				<total>0</total>
				<timestamp>6667.081859</timestamp>
			</report>
			<report>
				<misses>1034200001</misses>
				<total>0</total>
				<timestamp>6667.720757</timestamp>
			</report>
			<report>
				<misses>1034300001</misses>
				<total>0</total>
				<timestamp>6668.359649</timestamp>
			</report>
			<report>
				<misses>1034400001</misses>
				<total>0</total>
				<timestamp>6668.998089</timestamp>
			</report>
			<report>
				<misses>1034500001</misses>
				<total>0</total>
				<timestamp>6669.637059</timestamp>
			</report>
			<report>
				<misses>1034600001</misses>
				<total>0</total>
				<timestamp>6670.274758</timestamp>
			</report>
			<report>
				<misses>1034700001</misses>
				<total>0</total>
				<timestamp>6670.913779</timestamp>
			</report>
			<report>
				<misses>1034800001</misses>
				<total>0</total>
				<timestamp>6671.553102</timestamp>
			</report>
			<report>
				<misses>1034900001</misses>
				<total>0</total>
				<timestamp>6672.192771</timestamp>
			</report>
			<report>
				<misses>1035000001</misses>
				<total>0</total>
				<timestamp>6672.832024</timestamp>
			</report>
			<report>
				<misses>1035100001</misses>
				<total>0</total>
				<timestamp>6673.470017</timestamp>
			</report>
			<report>
				<misses>1035200001</misses>
				<total>0</total>
				<timestamp>6674.108463</timestamp>
			</report>
			<report>
				<misses>1035300001</misses>
				<total>0</total>
				<timestamp>6674.747268</timestamp>
			</report>
			<report>
				<misses>1035400001</misses>
				<total>0</total>
				<timestamp>6675.385640</timestamp>
			</report>
			<report>
				<misses>1035500001</misses>
				<total>0</total>
				<timestamp>6676.024742</timestamp>
			</report>
			<report>
				<misses>1035600001</misses>
				<total>0</total>
				<timestamp>6676.663382</timestamp>
			</report>
			<report>
				<misses>1035700001</misses>
				<total>0</total>
				<timestamp>6677.301221</timestamp>
			</report>
			<report>
				<misses>1035800001</misses>
				<total>0</total>
				<timestamp>6677.939496</timestamp>
			</report>
			<report>
				<misses>1035900001</misses>
				<total>0</total>
				<timestamp>6678.576743</timestamp>
			</report>
			<report>
				<misses>1036000001</misses>
				<total>0</total>
				<timestamp>6679.214750</timestamp>
			</report>
			<report>
				<misses>1036100001</misses>
				<total>0</total>
				<timestamp>6679.853252</timestamp>
			</report>
			<report>
				<misses>1036200001</misses>
				<total>0</total>
				<timestamp>6680.490892</timestamp>
			</report>
			<report>
				<misses>1036300001</misses>
				<total>0</total>
				<timestamp>6681.127860</timestamp>
			</report>
			<report>
				<misses>1036400001</misses>
				<total>0</total>
				<timestamp>6681.765698</timestamp>
			</report>
			<report>
				<misses>1036500001</misses>
				<total>0</total>
				<timestamp>6682.403747</timestamp>
			</report>
			<report>
				<misses>1036600001</misses>
				<total>0</total>
				<timestamp>6683.040654</timestamp>
			</report>
			<report>
				<misses>1036700001</misses>
				<total>0</total>
				<timestamp>6683.677694</timestamp>
			</report>
			<report>
				<misses>1036800001</misses>
				<total>0</total>
				<timestamp>6684.314842</timestamp>
			</report>
			<report>
				<misses>1036900001</misses>
				<total>0</total>
				<timestamp>6684.952686</timestamp>
			</report>
			<report>
				<misses>1037000001</misses>
				<total>0</total>
				<timestamp>6685.589460</timestamp>
			</report>
			<report>
				<misses>1037100001</misses>
				<total>0</total>
				<timestamp>6686.226651</timestamp>
			</report>
			<report>
				<misses>1037200001</misses>
				<total>0</total>
				<timestamp>6686.862465</timestamp>
			</report>
			<report>
				<misses>1037300001</misses>
				<total>0</total>
				<timestamp>6687.498013</timestamp>
			</report>
			<report>
				<misses>1037400001</misses>
				<total>0</total>
				<timestamp>6688.134950</timestamp>
			</report>
			<report>
				<misses>1037500001</misses>
				<total>0</total>
				<timestamp>6688.771279</timestamp>
			</report>
			<report>
				<misses>1037600001</misses>
				<total>0</total>
				<timestamp>6689.406995</timestamp>
			</report>
			<report>
				<misses>1037700001</misses>
				<total>0</total>
				<timestamp>6690.042924</timestamp>
			</report>
			<report>
				<misses>1037800001</misses>
				<total>0</total>
				<timestamp>6690.679174</timestamp>
			</report>
			<report>
				<misses>1037900001</misses>
				<total>0</total>
				<timestamp>6691.315068</timestamp>
			</report>
			<report>
				<misses>1038000001</misses>
				<total>0</total>
				<timestamp>6691.951392</timestamp>
			</report>
			<report>
				<misses>1038100001</misses>
				<total>0</total>
				<timestamp>6692.586406</timestamp>
			</report>
			<report>
				<misses>1038200001</misses>
				<total>0</total>
				<timestamp>6693.220919</timestamp>
			</report>
			<report>
				<misses>1038300001</misses>
				<total>0</total>
				<timestamp>6693.855378</timestamp>
			</report>
			<report>
				<misses>1038400001</misses>
				<total>0</total>
				<timestamp>6694.489987</timestamp>
			</report>
			<report>
				<misses>1038500001</misses>
				<total>0</total>
				<timestamp>6695.124951</timestamp>
			</report>
			<report>
				<misses>1038600001</misses>
				<total>0</total>
				<timestamp>6695.759072</timestamp>
			</report>
			<report>
				<misses>1038700001</misses>
				<total>0</total>
				<timestamp>6696.393658</timestamp>
			</report>
			<report>
				<misses>1038800001</misses>
				<total>0</total>
				<timestamp>6697.028205</timestamp>
			</report>
			<report>
				<misses>1038900001</misses>
				<total>0</total>
				<timestamp>6697.662773</timestamp>
			</report>
			<report>
				<misses>1039000001</misses>
				<total>0</total>
				<timestamp>6698.297100</timestamp>
			</report>
			<report>
				<misses>1039100001</misses>
				<total>0</total>
				<timestamp>6698.931024</timestamp>
			</report>
			<report>
				<misses>1039200001</misses>
				<total>0</total>
				<timestamp>6699.564519</timestamp>
			</report>
			<report>
				<misses>1039300001</misses>
				<total>0</total>
				<timestamp>6700.199923</timestamp>
			</report>
			<report>
				<misses>1039400001</misses>
				<total>0</total>
				<timestamp>6700.848185</timestamp>
			</report>
			<report>
				<misses>1039500001</misses>
				<total>0</total>
				<timestamp>6701.498165</timestamp>
			</report>
			<report>
				<misses>1039600001</misses>
				<total>0</total>
				<timestamp>6702.148776</timestamp>
			</report>
			<report>
				<misses>1039700001</misses>
				<total>0</total>
				<timestamp>6702.800818</timestamp>
			</report>
			<report>
				<misses>1039800001</misses>
				<total>0</total>
				<timestamp>6703.453942</timestamp>
			</report>
			<report>
				<misses>1039900001</misses>
				<total>0</total>
				<timestamp>6704.106343</timestamp>
			</report>
			<report>
				<misses>1040000001</misses>
				<total>0</total>
				<timestamp>6704.757894</timestamp>
			</report>
			<report>
				<misses>1040100001</misses>
				<total>0</total>
				<timestamp>6705.410280</timestamp>
			</report>
			<report>
				<misses>1040200001</misses>
				<total>0</total>
				<timestamp>6706.062026</timestamp>
			</report>
			<report>
				<misses>1040300001</misses>
				<total>0</total>
				<timestamp>6706.712854</timestamp>
			</report>
			<report>
				<misses>1040400001</misses>
				<total>0</total>
				<timestamp>6707.363667</timestamp>
			</report>
			<report>
				<misses>1040500001</misses>
				<total>0</total>
				<timestamp>6708.014772</timestamp>
			</report>
			<report>
				<misses>1040600001</misses>
				<total>0</total>
				<timestamp>6708.665262</timestamp>
			</report>
			<report>
				<misses>1040700001</misses>
				<total>0</total>
				<timestamp>6709.315453</timestamp>
			</report>
			<report>
				<misses>1040800001</misses>
				<total>0</total>
				<timestamp>6709.966305</timestamp>
			</report>
			<report>
				<misses>1040900001</misses>
				<total>0</total>
				<timestamp>6710.615099</timestamp>
			</report>
			<report>
				<misses>1041000001</misses>
				<total>0</total>
				<timestamp>6711.264489</timestamp>
			</report>
			<report>
				<misses>1041100001</misses>
				<total>0</total>
				<timestamp>6711.913792</timestamp>
			</report>
			<report>
				<misses>1041200001</misses>
				<total>0</total>
				<timestamp>6712.563014</timestamp>
			</report>
			<report>
				<misses>1041300001</misses>
				<total>0</total>
				<timestamp>6713.211327</timestamp>
			</report>
			<report>
				<misses>1041400001</misses>
				<total>0</total>
				<timestamp>6713.861123</timestamp>
			</report>
			<report>
				<misses>1041500001</misses>
				<total>0</total>
				<timestamp>6714.510799</timestamp>
			</report>
			<report>
				<misses>1041600001</misses>
				<total>0</total>
				<timestamp>6715.151679</timestamp>
			</report>
			<report>
				<misses>1041700001</misses>
				<total>0</total>
				<timestamp>6715.791855</timestamp>
			</report>
			<report>
				<misses>1041800001</misses>
				<total>0</total>
				<timestamp>6716.429356</timestamp>
			</report>
			<report>
				<misses>1041900001</misses>
				<total>0</total>
				<timestamp>6717.067453</timestamp>
			</report>
			<report>
				<misses>1042000001</misses>
				<total>0</total>
				<timestamp>6717.705279</timestamp>
			</report>
			<report>
				<misses>1042100001</misses>
				<total>0</total>
				<timestamp>6718.343102</timestamp>
			</report>
			<report>
				<misses>1042200001</misses>
				<total>0</total>
				<timestamp>6718.981532</timestamp>
			</report>
			<report>
				<misses>1042300001</misses>
				<total>0</total>
				<timestamp>6719.619842</timestamp>
			</report>
			<report>
				<misses>1042400001</misses>
				<total>0</total>
				<timestamp>6720.258969</timestamp>
			</report>
			<report>
				<misses>1042500001</misses>
				<total>0</total>
				<timestamp>6720.897779</timestamp>
			</report>
			<report>
				<misses>1042600001</misses>
				<total>0</total>
				<timestamp>6721.537074</timestamp>
			</report>
			<report>
				<misses>1042700001</misses>
				<total>0</total>
				<timestamp>6722.176772</timestamp>
			</report>
			<report>
				<misses>1042800001</misses>
				<total>0</total>
				<timestamp>6722.816475</timestamp>
			</report>
			<report>
				<misses>1042900001</misses>
				<total>0</total>
				<timestamp>6723.455617</timestamp>
			</report>
			<report>
				<misses>1043000001</misses>
				<total>0</total>
				<timestamp>6724.094331</timestamp>
			</report>
			<report>
				<misses>1043100001</misses>
				<total>0</total>
				<timestamp>6724.733878</timestamp>
			</report>
			<report>
				<misses>1043200001</misses>
				<total>0</total>
				<timestamp>6725.373144</timestamp>
			</report>
			<report>
				<misses>1043300001</misses>
				<total>0</total>
				<timestamp>6726.012655</timestamp>
			</report>
			<report>
				<misses>1043400001</misses>
				<total>0</total>
				<timestamp>6726.652542</timestamp>
			</report>
			<report>
				<misses>1043500001</misses>
				<total>0</total>
				<timestamp>6727.291032</timestamp>
			</report>
			<report>
				<misses>1043600001</misses>
				<total>0</total>
				<timestamp>6727.929509</timestamp>
			</report>
			<report>
				<misses>1043700001</misses>
				<total>0</total>
				<timestamp>6728.567724</timestamp>
			</report>
			<report>
				<misses>1043800001</misses>
				<total>0</total>
				<timestamp>6729.205046</timestamp>
			</report>
			<report>
				<misses>1043900001</misses>
				<total>0</total>
				<timestamp>6729.839956</timestamp>
			</report>
			<report>
				<misses>1044000001</misses>
				<total>0</total>
				<timestamp>6730.474961</timestamp>
			</report>
			<report>
				<misses>1044100001</misses>
				<total>0</total>
				<timestamp>6731.110212</timestamp>
			</report>
			<report>
				<misses>1044200001</misses>
				<total>0</total>
				<timestamp>6731.745062</timestamp>
			</report>
			<report>
				<misses>1044300001</misses>
				<total>0</total>
				<timestamp>6732.379580</timestamp>
			</report>
			<report>
				<misses>1044400001</misses>
				<total>0</total>
				<timestamp>6733.013938</timestamp>
			</report>
			<report>
				<misses>1044500001</misses>
				<total>0</total>
				<timestamp>6733.648323</timestamp>
			</report>
			<report>
				<misses>1044600001</misses>
				<total>0</total>
				<timestamp>6734.283532</timestamp>
			</report>
			<report>
				<misses>1044700001</misses>
				<total>0</total>
				<timestamp>6734.919120</timestamp>
			</report>
			<report>
				<misses>1044800001</misses>
				<total>0</total>
				<timestamp>6735.554311</timestamp>
			</report>
			<report>
				<misses>1044900001</misses>
				<total>0</total>
				<timestamp>6736.189443</timestamp>
			</report>
			<report>
				<misses>1045000001</misses>
				<total>0</total>
				<timestamp>6736.823216</timestamp>
			</report>
			<report>
				<misses>1045100001</misses>
				<total>0</total>
				<timestamp>6737.468047</timestamp>
			</report>
			<report>
				<misses>1045200001</misses>
				<total>0</total>
				<timestamp>6738.118651</timestamp>
			</report>
			<report>
				<misses>1045300001</misses>
				<total>0</total>
				<timestamp>6738.769565</timestamp>
			</report>
			<report>
				<misses>1045400001</misses>
				<total>0</total>
				<timestamp>6739.420293</timestamp>
			</report>
			<report>
				<misses>1045500001</misses>
				<total>0</total>
				<timestamp>6740.071791</timestamp>
			</report>
			<report>
				<misses>1045600001</misses>
				<total>0</total>
				<timestamp>6740.723037</timestamp>
			</report>
			<report>
				<misses>1045700001</misses>
				<total>0</total>
				<timestamp>6741.373642</timestamp>
			</report>
			<report>
				<misses>1045800001</misses>
				<total>0</total>
				<timestamp>6742.024354</timestamp>
			</report>
			<report>
				<misses>1045900001</misses>
				<total>0</total>
				<timestamp>6742.674448</timestamp>
			</report>
			<report>
				<misses>1046000001</misses>
				<total>0</total>
				<timestamp>6743.325016</timestamp>
			</report>
			<report>
				<misses>1046100001</misses>
				<total>0</total>
				<timestamp>6743.976118</timestamp>
			</report>
			<report>
				<misses>1046200001</misses>
				<total>0</total>
				<timestamp>6744.627084</timestamp>
			</report>
			<report>
				<misses>1046300001</misses>
				<total>0</total>
				<timestamp>6745.277598</timestamp>
			</report>
			<report>
				<misses>1046400001</misses>
				<total>0</total>
				<timestamp>6745.928880</timestamp>
			</report>
			<report>
				<misses>1046500001</misses>
				<total>0</total>
				<timestamp>6746.580053</timestamp>
			</report>
			<report>
				<misses>1046600001</misses>
				<total>0</total>
				<timestamp>6747.230329</timestamp>
			</report>
			<report>
				<misses>1046700001</misses>
				<total>0</total>
				<timestamp>6747.881239</timestamp>
			</report>
			<report>
				<misses>1046800001</misses>
				<total>0</total>
				<timestamp>6748.530914</timestamp>
			</report>
			<report>
				<misses>1046900001</misses>
				<total>0</total>
				<timestamp>6749.181499</timestamp>
			</report>
			<report>
				<misses>1047000001</misses>
				<total>0</total>
				<timestamp>6749.832634</timestamp>
			</report>
			<report>
				<misses>1047100001</misses>
				<total>0</total>
				<timestamp>6750.483385</timestamp>
			</report>
			<report>
				<misses>1047200001</misses>
				<total>0</total>
				<timestamp>6751.134280</timestamp>
			</report>
			<report>
				<misses>1047300001</misses>
				<total>0</total>
				<timestamp>6751.785816</timestamp>
			</report>
			<report>
				<misses>1047400001</misses>
				<total>0</total>
				<timestamp>6752.437962</timestamp>
			</report>
			<report>
				<misses>1047500001</misses>
				<total>0</total>
				<timestamp>6753.090499</timestamp>
			</report>
			<report>
				<misses>1047600001</misses>
				<total>0</total>
				<timestamp>6753.742383</timestamp>
			</report>
			<report>
				<misses>1047700001</misses>
				<total>0</total>
				<timestamp>6754.395271</timestamp>
			</report>
			<report>
				<misses>1047800001</misses>
				<total>0</total>
				<timestamp>6755.045691</timestamp>
			</report>
			<report>
				<misses>1047900001</misses>
				<total>0</total>
				<timestamp>6755.695747</timestamp>
			</report>
			<report>
				<misses>1048000001</misses>
				<total>0</total>
				<timestamp>6756.346447</timestamp>
			</report>
			<report>
				<misses>1048100001</misses>
				<total>0</total>
				<timestamp>6756.997372</timestamp>
			</report>
			<report>
				<misses>1048200001</misses>
				<total>0</total>
				<timestamp>6757.649912</timestamp>
			</report>
			<report>
				<misses>1048300001</misses>
				<total>0</total>
				<timestamp>6758.300466</timestamp>
			</report>
			<report>
				<misses>1048400001</misses>
				<total>0</total>
				<timestamp>6758.951380</timestamp>
			</report>
			<report>
				<misses>1048500001</misses>
				<total>0</total>
				<timestamp>6759.601671</timestamp>
			</report>
			<report>
				<misses>1048600001</misses>
				<total>0</total>
				<timestamp>6760.252597</timestamp>
			</report>
			<report>
				<misses>1048700001</misses>
				<total>0</total>
				<timestamp>6760.903566</timestamp>
			</report>
			<report>
				<misses>1048800001</misses>
				<total>0</total>
				<timestamp>6761.554833</timestamp>
			</report>
			<report>
				<misses>1048900001</misses>
				<total>0</total>
				<timestamp>6762.205772</timestamp>
			</report>
			<report>
				<misses>1049000001</misses>
				<total>0</total>
				<timestamp>6762.856398</timestamp>
			</report>
			<report>
				<misses>1049100001</misses>
				<total>0</total>
				<timestamp>6763.507976</timestamp>
			</report>
			<report>
				<misses>1049200001</misses>
				<total>0</total>
				<timestamp>6764.158172</timestamp>
			</report>
			<report>
				<misses>1049300001</misses>
				<total>0</total>
				<timestamp>6764.809027</timestamp>
			</report>
			<report>
				<misses>1049400001</misses>
				<total>0</total>
				<timestamp>6765.458488</timestamp>
			</report>
			<report>
				<misses>1049500001</misses>
				<total>0</total>
				<timestamp>6766.107955</timestamp>
			</report>
			<report>
				<misses>1049600001</misses>
				<total>0</total>
				<timestamp>6766.757121</timestamp>
			</report>
			<report>
				<misses>1049700001</misses>
				<total>0</total>
				<timestamp>6767.406346</timestamp>
			</report>
			<report>
				<misses>1049800001</misses>
				<total>0</total>
				<timestamp>6768.055204</timestamp>
			</report>
			<report>
				<misses>1049900001</misses>
				<total>0</total>
				<timestamp>6768.706095</timestamp>
			</report>
			<report>
				<misses>1050000001</misses>
				<total>0</total>
				<timestamp>6769.356053</timestamp>
			</report>
			<report>
				<misses>1050100001</misses>
				<total>0</total>
				<timestamp>6770.006284</timestamp>
			</report>
			<report>
				<misses>1050200001</misses>
				<total>0</total>
				<timestamp>6770.658757</timestamp>
			</report>
			<report>
				<misses>1050300001</misses>
				<total>0</total>
				<timestamp>6771.310055</timestamp>
			</report>
			<report>
				<misses>1050400001</misses>
				<total>0</total>
				<timestamp>6771.960253</timestamp>
			</report>
			<report>
				<misses>1050500001</misses>
				<total>0</total>
				<timestamp>6772.610303</timestamp>
			</report>
			<report>
				<misses>1050600001</misses>
				<total>0</total>
				<timestamp>6773.260595</timestamp>
			</report>
			<report>
				<misses>1050700001</misses>
				<total>0</total>
				<timestamp>6773.910424</timestamp>
			</report>
			<report>
				<misses>1050800001</misses>
				<total>0</total>
				<timestamp>6774.562824</timestamp>
			</report>
			<report>
				<misses>1050900001</misses>
				<total>0</total>
				<timestamp>6775.215673</timestamp>
			</report>
			<report>
				<misses>1051000001</misses>
				<total>0</total>
				<timestamp>6775.868796</timestamp>
			</report>
			<report>
				<misses>1051100001</misses>
				<total>0</total>
				<timestamp>6776.522146</timestamp>
			</report>
			<report>
				<misses>1051200001</misses>
				<total>0</total>
				<timestamp>6777.173892</timestamp>
			</report>
			<report>
				<misses>1051300001</misses>
				<total>0</total>
				<timestamp>6777.825406</timestamp>
			</report>
			<report>
				<misses>1051400001</misses>
				<total>0</total>
				<timestamp>6778.477381</timestamp>
			</report>
			<report>
				<misses>1051500001</misses>
				<total>0</total>
				<timestamp>6779.129869</timestamp>
			</report>
			<report>
				<misses>1051600001</misses>
				<total>0</total>
				<timestamp>6779.782108</timestamp>
			</report>
			<report>
				<misses>1051700001</misses>
				<total>0</total>
				<timestamp>6780.433602</timestamp>
			</report>
			<report>
				<misses>1051800001</misses>
				<total>0</total>
				<timestamp>6781.087284</timestamp>
			</report>
			<report>
				<misses>1051900001</misses>
				<total>0</total>
				<timestamp>6781.739437</timestamp>
			</report>
			<report>
				<misses>1052000001</misses>
				<total>0</total>
				<timestamp>6782.386306</timestamp>
			</report>
			<report>
				<misses>1052100001</misses>
				<total>0</total>
				<timestamp>6783.041028</timestamp>
			</report>
			<report>
				<misses>1052200001</misses>
				<total>0</total>
				<timestamp>6783.692784</timestamp>
			</report>
			<report>
				<misses>1052300001</misses>
				<total>0</total>
				<timestamp>6784.344645</timestamp>
			</report>
			<report>
				<misses>1052400001</misses>
				<total>0</total>
				<timestamp>6784.997874</timestamp>
			</report>
			<report>
				<misses>1052500001</misses>
				<total>0</total>
				<timestamp>6785.652226</timestamp>
			</report>
			<report>
				<misses>1052600001</misses>
				<total>0</total>
				<timestamp>6786.304025</timestamp>
			</report>
			<report>
				<misses>1052700001</misses>
				<total>0</total>
				<timestamp>6786.955687</timestamp>
			</report>
			<report>
				<misses>1052800001</misses>
				<total>0</total>
				<timestamp>6787.606583</timestamp>
			</report>
			<report>
				<misses>1052900001</misses>
				<total>0</total>
				<timestamp>6788.258486</timestamp>
			</report>
			<report>
				<misses>1053000001</misses>
				<total>0</total>
				<timestamp>6788.911416</timestamp>
			</report>
			<report>
				<misses>1053100001</misses>
				<total>0</total>
				<timestamp>6789.564618</timestamp>
			</report>
			<report>
				<misses>1053200001</misses>
				<total>0</total>
				<timestamp>6790.214394</timestamp>
			</report>
			<report>
				<misses>1053300001</misses>
				<total>0</total>
				<timestamp>6790.867054</timestamp>
			</report>
			<report>
				<misses>1053400001</misses>
				<total>0</total>
				<timestamp>6791.520265</timestamp>
			</report>
			<report>
				<misses>1053500001</misses>
				<total>0</total>
				<timestamp>6792.173387</timestamp>
			</report>
			<report>
				<misses>1053600001</misses>
				<total>0</total>
				<timestamp>6792.827111</timestamp>
			</report>
			<report>
				<misses>1053700001</misses>
				<total>0</total>
				<timestamp>6793.479528</timestamp>
			</report>
			<report>
				<misses>1053800001</misses>
				<total>0</total>
				<timestamp>6794.131595</timestamp>
			</report>
			<report>
				<misses>1053900001</misses>
				<total>0</total>
				<timestamp>6794.785679</timestamp>
			</report>
			<report>
				<misses>1054000001</misses>
				<total>0</total>
				<timestamp>6795.440242</timestamp>
			</report>
			<report>
				<misses>1054100001</misses>
				<total>0</total>
				<timestamp>6796.092560</timestamp>
			</report>
			<report>
				<misses>1054200001</misses>
				<total>0</total>
				<timestamp>6796.746071</timestamp>
			</report>
			<report>
				<misses>1054300001</misses>
				<total>0</total>
				<timestamp>6797.399338</timestamp>
			</report>
			<report>
				<misses>1054400001</misses>
				<total>0</total>
				<timestamp>6798.052627</timestamp>
			</report>
			<report>
				<misses>1054500001</misses>
				<total>0</total>
				<timestamp>6798.708045</timestamp>
			</report>
			<report>
				<misses>1054600001</misses>
				<total>0</total>
				<timestamp>6799.362492</timestamp>
			</report>
			<report>
				<misses>1054700001</misses>
				<total>0</total>
				<timestamp>6800.017897</timestamp>
			</report>
			<report>
				<misses>1054800001</misses>
				<total>0</total>
				<timestamp>6800.672922</timestamp>
			</report>
			<report>
				<misses>1054900001</misses>
				<total>0</total>
				<timestamp>6801.321448</timestamp>
			</report>
			<report>
				<misses>1055000001</misses>
				<total>0</total>
				<timestamp>6801.974684</timestamp>
			</report>
			<report>
				<misses>1055100001</misses>
				<total>0</total>
				<timestamp>6802.627798</timestamp>
			</report>
			<report>
				<misses>1055200001</misses>
				<total>0</total>
				<timestamp>6803.280644</timestamp>
			</report>
			<report>
				<misses>1055300001</misses>
				<total>0</total>
				<timestamp>6803.932769</timestamp>
			</report>
			<report>
				<misses>1055400001</misses>
				<total>0</total>
				<timestamp>6804.584513</timestamp>
			</report>
			<report>
				<misses>1055500001</misses>
				<total>0</total>
				<timestamp>6805.232640</timestamp>
			</report>
			<report>
				<misses>1055600001</misses>
				<total>0</total>
				<timestamp>6805.883132</timestamp>
			</report>
			<report>
				<misses>1055700001</misses>
				<total>0</total>
				<timestamp>6806.531039</timestamp>
			</report>
			<report>
				<misses>1055800001</misses>
				<total>0</total>
				<timestamp>6807.178827</timestamp>
			</report>
			<report>
				<misses>1055900001</misses>
				<total>0</total>
				<timestamp>6807.826972</timestamp>
			</report>
			<report>
				<misses>1056000001</misses>
				<total>0</total>
				<timestamp>6808.476336</timestamp>
			</report>
			<report>
				<misses>1056100001</misses>
				<total>0</total>
				<timestamp>6809.125052</timestamp>
			</report>
			<report>
				<misses>1056200001</misses>
				<total>0</total>
				<timestamp>6809.773158</timestamp>
			</report>
			<report>
				<misses>1056300001</misses>
				<total>0</total>
				<timestamp>6810.421672</timestamp>
			</report>
			<report>
				<misses>1056400001</misses>
				<total>0</total>
				<timestamp>6811.067854</timestamp>
			</report>
			<report>
				<misses>1056500001</misses>
				<total>0</total>
				<timestamp>6811.713440</timestamp>
			</report>
			<report>
				<misses>1056600001</misses>
				<total>0</total>
				<timestamp>6812.359750</timestamp>
			</report>
			<report>
				<misses>1056700001</misses>
				<total>0</total>
				<timestamp>6813.009420</timestamp>
			</report>
			<report>
				<misses>1056800001</misses>
				<total>0</total>
				<timestamp>6813.657768</timestamp>
			</report>
			<report>
				<misses>1056900001</misses>
				<total>0</total>
				<timestamp>6814.306698</timestamp>
			</report>
			<report>
				<misses>1057000001</misses>
				<total>0</total>
				<timestamp>6814.954783</timestamp>
			</report>
			<report>
				<misses>1057100001</misses>
				<total>0</total>
				<timestamp>6815.602118</timestamp>
			</report>
			<report>
				<misses>1057200001</misses>
				<total>0</total>
				<timestamp>6816.251265</timestamp>
			</report>
			<report>
				<misses>1057300001</misses>
				<total>0</total>
				<timestamp>6816.898744</timestamp>
			</report>
			<report>
				<misses>1057400001</misses>
				<total>0</total>
				<timestamp>6817.546219</timestamp>
			</report>
			<report>
				<misses>1057500001</misses>
				<total>0</total>
				<timestamp>6818.193483</timestamp>
			</report>
			<report>
				<misses>1057600001</misses>
				<total>0</total>
				<timestamp>6818.840939</timestamp>
			</report>
			<report>
				<misses>1057700001</misses>
				<total>0</total>
				<timestamp>6819.487854</timestamp>
			</report>
			<report>
				<misses>1057800001</misses>
				<total>0</total>
				<timestamp>6820.134107</timestamp>
			</report>
			<report>
				<misses>1057900001</misses>
				<total>0</total>
				<timestamp>6820.782958</timestamp>
			</report>
			<report>
				<misses>1058000001</misses>
				<total>0</total>
				<timestamp>6821.432171</timestamp>
			</report>
			<report>
				<misses>1058100001</misses>
				<total>0</total>
				<timestamp>6822.080391</timestamp>
			</report>
			<report>
				<misses>1058200001</misses>
				<total>0</total>
				<timestamp>6822.729775</timestamp>
			</report>
			<report>
				<misses>1058300001</misses>
				<total>0</total>
				<timestamp>6823.378593</timestamp>
			</report>
			<report>
				<misses>1058400001</misses>
				<total>0</total>
				<timestamp>6824.026447</timestamp>
			</report>
			<report>
				<misses>1058500001</misses>
				<total>0</total>
				<timestamp>6824.675284</timestamp>
			</report>
			<report>
				<misses>1058600001</misses>
				<total>0</total>
				<timestamp>6825.324305</timestamp>
			</report>
			<report>
				<misses>1058700001</misses>
				<total>0</total>
				<timestamp>6825.973210</timestamp>
			</report>
			<report>
				<misses>1058800001</misses>
				<total>0</total>
				<timestamp>6826.622341</timestamp>
			</report>
			<report>
				<misses>1058900001</misses>
				<total>0</total>
				<timestamp>6827.271678</timestamp>
			</report>
			<report>
				<misses>1059000001</misses>
				<total>0</total>
				<timestamp>6827.918967</timestamp>
			</report>
			<report>
				<misses>1059100001</misses>
				<total>0</total>
				<timestamp>6828.565920</timestamp>
			</report>
			<report>
				<misses>1059200001</misses>
				<total>0</total>
				<timestamp>6829.213053</timestamp>
			</report>
			<report>
				<misses>1059300001</misses>
				<total>0</total>
				<timestamp>6829.859789</timestamp>
			</report>
			<report>
				<misses>1059400001</misses>
				<total>0</total>
				<timestamp>6830.507137</timestamp>
			</report>
			<report>
				<misses>1059500001</misses>
				<total>0</total>
				<timestamp>6831.154076</timestamp>
			</report>
			<report>
				<misses>1059600001</misses>
				<total>0</total>
				<timestamp>6831.802874</timestamp>
			</report>
			<report>
				<misses>1059700001</misses>
				<total>0</total>
				<timestamp>6832.450859</timestamp>
			</report>
			<report>
				<misses>1059800001</misses>
				<total>0</total>
				<timestamp>6833.099060</timestamp>
			</report>
			<report>
				<misses>1059900001</misses>
				<total>0</total>
				<timestamp>6833.747268</timestamp>
			</report>
			<report>
				<misses>1060000001</misses>
				<total>0</total>
				<timestamp>6834.395745</timestamp>
			</report>
			<report>
				<misses>1060100001</misses>
				<total>0</total>
				<timestamp>6835.044501</timestamp>
			</report>
			<report>
				<misses>1060200001</misses>
				<total>0</total>
				<timestamp>6835.693452</timestamp>
			</report>
			<report>
				<misses>1060300001</misses>
				<total>0</total>
				<timestamp>6836.341227</timestamp>
			</report>
			<report>
				<misses>1060400001</misses>
				<total>0</total>
				<timestamp>6836.989186</timestamp>
			</report>
			<report>
				<misses>1060500001</misses>
				<total>0</total>
				<timestamp>6837.636586</timestamp>
			</report>
			<report>
				<misses>1060600001</misses>
				<total>0</total>
				<timestamp>6838.285253</timestamp>
			</report>
			<report>
				<misses>1060700001</misses>
				<total>0</total>
				<timestamp>6838.933945</timestamp>
			</report>
			<report>
				<misses>1060800001</misses>
				<total>0</total>
				<timestamp>6839.581692</timestamp>
			</report>
			<report>
				<misses>1060900001</misses>
				<total>0</total>
				<timestamp>6840.229768</timestamp>
			</report>
			<report>
				<misses>1061000001</misses>
				<total>0</total>
				<timestamp>6840.877078</timestamp>
			</report>
			<report>
				<misses>1061100001</misses>
				<total>0</total>
				<timestamp>6841.525404</timestamp>
			</report>
			<report>
				<misses>1061200001</misses>
				<total>0</total>
				<timestamp>6842.166579</timestamp>
			</report>
			<report>
				<misses>1061300001</misses>
				<total>0</total>
				<timestamp>6842.808481</timestamp>
			</report>
			<report>
				<misses>1061400001</misses>
				<total>0</total>
				<timestamp>6843.449649</timestamp>
			</report>
			<report>
				<misses>1061500001</misses>
				<total>0</total>
				<timestamp>6844.090810</timestamp>
			</report>
			<report>
				<misses>1061600001</misses>
				<total>0</total>
				<timestamp>6844.733845</timestamp>
			</report>
			<report>
				<misses>1061700001</misses>
				<total>0</total>
				<timestamp>6845.375175</timestamp>
			</report>
			<report>
				<misses>1061800001</misses>
				<total>0</total>
				<timestamp>6846.017126</timestamp>
			</report>
			<report>
				<misses>1061900001</misses>
				<total>0</total>
				<timestamp>6846.659700</timestamp>
			</report>
			<report>
				<misses>1062000001</misses>
				<total>0</total>
				<timestamp>6847.301323</timestamp>
			</report>
			<report>
				<misses>1062100001</misses>
				<total>0</total>
				<timestamp>6847.943080</timestamp>
			</report>
			<report>
				<misses>1062200001</misses>
				<total>0</total>
				<timestamp>6848.586605</timestamp>
			</report>
			<report>
				<misses>1062300001</misses>
				<total>0</total>
				<timestamp>6849.228512</timestamp>
			</report>
			<report>
				<misses>1062400001</misses>
				<total>0</total>
				<timestamp>6849.870443</timestamp>
			</report>
			<report>
				<misses>1062500001</misses>
				<total>0</total>
				<timestamp>6850.512731</timestamp>
			</report>
			<report>
				<misses>1062600001</misses>
				<total>0</total>
				<timestamp>6851.155337</timestamp>
			</report>
			<report>
				<misses>1062700001</misses>
				<total>0</total>
				<timestamp>6851.797195</timestamp>
			</report>
			<report>
				<misses>1062800001</misses>
				<total>0</total>
				<timestamp>6852.438442</timestamp>
			</report>
			<report>
				<misses>1062900001</misses>
				<total>0</total>
				<timestamp>6853.079620</timestamp>
			</report>
			<report>
				<misses>1063000001</misses>
				<total>0</total>
				<timestamp>6853.720336</timestamp>
			</report>
			<report>
				<misses>1063100001</misses>
				<total>0</total>
				<timestamp>6854.361745</timestamp>
			</report>
			<report>
				<misses>1063200001</misses>
				<total>0</total>
				<timestamp>6855.001623</timestamp>
			</report>
			<report>
				<misses>1063300001</misses>
				<total>0</total>
				<timestamp>6855.640795</timestamp>
			</report>
			<report>
				<misses>1063400001</misses>
				<total>0</total>
				<timestamp>6856.281501</timestamp>
			</report>
			<report>
				<misses>1063500001</misses>
				<total>0</total>
				<timestamp>6856.923161</timestamp>
			</report>
			<report>
				<misses>1063600001</misses>
				<total>0</total>
				<timestamp>6857.564028</timestamp>
			</report>
			<report>
				<misses>1063700001</misses>
				<total>0</total>
				<timestamp>6858.205668</timestamp>
			</report>
			<report>
				<misses>1063800001</misses>
				<total>0</total>
				<timestamp>6858.846838</timestamp>
			</report>
			<report>
				<misses>1063900001</misses>
				<total>0</total>
				<timestamp>6859.488314</timestamp>
			</report>
			<report>
				<misses>1064000001</misses>
				<total>0</total>
				<timestamp>6860.129498</timestamp>
			</report>
			<report>
				<misses>1064100001</misses>
				<total>0</total>
				<timestamp>6860.770934</timestamp>
			</report>
			<report>
				<misses>1064200001</misses>
				<total>0</total>
				<timestamp>6861.413356</timestamp>
			</report>
			<report>
				<misses>1064300001</misses>
				<total>0</total>
				<timestamp>6862.054206</timestamp>
			</report>
			<report>
				<misses>1064400001</misses>
				<total>0</total>
				<timestamp>6862.691084</timestamp>
			</report>
			<report>
				<misses>1064500001</misses>
				<total>0</total>
				<timestamp>6863.327990</timestamp>
			</report>
			<report>
				<misses>1064600001</misses>
				<total>0</total>
				<timestamp>6863.964353</timestamp>
			</report>
			<report>
				<misses>1064700001</misses>
				<total>0</total>
				<timestamp>6864.601578</timestamp>
			</report>
			<report>
				<misses>1064800001</misses>
				<total>0</total>
				<timestamp>6865.238756</timestamp>
			</report>
			<report>
				<misses>1064900001</misses>
				<total>0</total>
				<timestamp>6865.875682</timestamp>
			</report>
			<report>
				<misses>1065000001</misses>
				<total>0</total>
				<timestamp>6866.512966</timestamp>
			</report>
			<report>
				<misses>1065100001</misses>
				<total>0</total>
				<timestamp>6867.150033</timestamp>
			</report>
			<report>
				<misses>1065200001</misses>
				<total>0</total>
				<timestamp>6867.786903</timestamp>
			</report>
			<report>
				<misses>1065300001</misses>
				<total>0</total>
				<timestamp>6868.423509</timestamp>
			</report>
			<report>
				<misses>1065400001</misses>
				<total>0</total>
				<timestamp>6869.060111</timestamp>
			</report>
			<report>
				<misses>1065500001</misses>
				<total>0</total>
				<timestamp>6869.697491</timestamp>
			</report>
			<report>
				<misses>1065600001</misses>
				<total>0</total>
				<timestamp>6870.335277</timestamp>
			</report>
			<report>
				<misses>1065700001</misses>
				<total>0</total>
				<timestamp>6870.973913</timestamp>
			</report>
			<report>
				<misses>1065800001</misses>
				<total>0</total>
				<timestamp>6871.612958</timestamp>
			</report>
			<report>
				<misses>1065900001</misses>
				<total>0</total>
				<timestamp>6872.251671</timestamp>
			</report>
			<report>
				<misses>1066000001</misses>
				<total>0</total>
				<timestamp>6872.890234</timestamp>
			</report>
			<report>
				<misses>1066100001</misses>
				<total>0</total>
				<timestamp>6873.528447</timestamp>
			</report>
			<report>
				<misses>1066200001</misses>
				<total>0</total>
				<timestamp>6874.166997</timestamp>
			</report>
			<report>
				<misses>1066300001</misses>
				<total>0</total>
				<timestamp>6874.818325</timestamp>
			</report>
			<report>
				<misses>1066400001</misses>
				<total>0</total>
				<timestamp>6875.471449</timestamp>
			</report>
			<report>
				<misses>1066500001</misses>
				<total>0</total>
				<timestamp>6876.123284</timestamp>
			</report>
			<report>
				<misses>1066600001</misses>
				<total>0</total>
				<timestamp>6876.771781</timestamp>
			</report>
			<report>
				<misses>1066700001</misses>
				<total>0</total>
				<timestamp>6877.421172</timestamp>
			</report>
			<report>
				<misses>1066800001</misses>
				<total>0</total>
				<timestamp>6878.068958</timestamp>
			</report>
			<report>
				<misses>1066900001</misses>
				<total>0</total>
				<timestamp>6878.719276</timestamp>
			</report>
			<report>
				<misses>1067000001</misses>
				<total>0</total>
				<timestamp>6879.367954</timestamp>
			</report>
			<report>
				<misses>1067100001</misses>
				<total>0</total>
				<timestamp>6880.018595</timestamp>
			</report>
			<report>
				<misses>1067200001</misses>
				<total>0</total>
				<timestamp>6880.668520</timestamp>
			</report>
			<report>
				<misses>1067300001</misses>
				<total>0</total>
				<timestamp>6881.320035</timestamp>
			</report>
			<report>
				<misses>1067400001</misses>
				<total>0</total>
				<timestamp>6881.973350</timestamp>
			</report>
			<report>
				<misses>1067500001</misses>
				<total>0</total>
				<timestamp>6882.626985</timestamp>
			</report>
			<report>
				<misses>1067600001</misses>
				<total>0</total>
				<timestamp>6883.277388</timestamp>
			</report>
			<report>
				<misses>1067700001</misses>
				<total>0</total>
				<timestamp>6883.928016</timestamp>
			</report>
			<report>
				<misses>1067800001</misses>
				<total>0</total>
				<timestamp>6884.579761</timestamp>
			</report>
			<report>
				<misses>1067900001</misses>
				<total>0</total>
				<timestamp>6885.230289</timestamp>
			</report>
			<report>
				<misses>1068000001</misses>
				<total>0</total>
				<timestamp>6885.881652</timestamp>
			</report>
			<report>
				<misses>1068100001</misses>
				<total>0</total>
				<timestamp>6886.532417</timestamp>
			</report>
			<report>
				<misses>1068200001</misses>
				<total>0</total>
				<timestamp>6887.179647</timestamp>
			</report>
			<report>
				<misses>1068300001</misses>
				<total>0</total>
				<timestamp>6887.826635</timestamp>
			</report>
			<report>
				<misses>1068400001</misses>
				<total>0</total>
				<timestamp>6888.474645</timestamp>
			</report>
			<report>
				<misses>1068500001</misses>
				<total>0</total>
				<timestamp>6889.122848</timestamp>
			</report>
			<report>
				<misses>1068600001</misses>
				<total>0</total>
				<timestamp>6889.771704</timestamp>
			</report>
			<report>
				<misses>1068700001</misses>
				<total>0</total>
				<timestamp>6890.419446</timestamp>
			</report>
			<report>
				<misses>1068800001</misses>
				<total>0</total>
				<timestamp>6891.068429</timestamp>
			</report>
			<report>
				<misses>1068900001</misses>
				<total>0</total>
				<timestamp>6891.716729</timestamp>
			</report>
			<report>
				<misses>1069000001</misses>
				<total>0</total>
				<timestamp>6892.364673</timestamp>
			</report>
			<report>
				<misses>1069100001</misses>
				<total>0</total>
				<timestamp>6893.012962</timestamp>
			</report>
			<report>
				<misses>1069200001</misses>
				<total>0</total>
				<timestamp>6893.660365</timestamp>
			</report>
			<report>
				<misses>1069300001</misses>
				<total>0</total>
				<timestamp>6894.308861</timestamp>
			</report>
			<report>
				<misses>1069400001</misses>
				<total>0</total>
				<timestamp>6894.958191</timestamp>
			</report>
			<report>
				<misses>1069500001</misses>
				<total>0</total>
				<timestamp>6895.606247</timestamp>
			</report>
			<report>
				<misses>1069600001</misses>
				<total>0</total>
				<timestamp>6896.254458</timestamp>
			</report>
			<report>
				<misses>1069700001</misses>
				<total>0</total>
				<timestamp>6896.901493</timestamp>
			</report>
			<report>
				<misses>1069800001</misses>
				<total>0</total>
				<timestamp>6897.549776</timestamp>
			</report>
			<report>
				<misses>1069900001</misses>
				<total>0</total>
				<timestamp>6898.196987</timestamp>
			</report>
			<report>
				<misses>1070000001</misses>
				<total>0</total>
				<timestamp>6898.845240</timestamp>
			</report>
			<report>
				<misses>1070100001</misses>
				<total>0</total>
				<timestamp>6899.493074</timestamp>
			</report>
			<report>
				<misses>1070200001</misses>
				<total>0</total>
				<timestamp>6900.141158</timestamp>
			</report>
			<report>
				<misses>1070300001</misses>
				<total>0</total>
				<timestamp>6900.787298</timestamp>
			</report>
			<report>
				<misses>1070400001</misses>
				<total>0</total>
				<timestamp>6901.435368</timestamp>
			</report>
			<report>
				<misses>1070500001</misses>
				<total>0</total>
				<timestamp>6902.082665</timestamp>
			</report>
			<report>
				<misses>1070600001</misses>
				<total>0</total>
				<timestamp>6902.729440</timestamp>
			</report>
			<report>
				<misses>1070700001</misses>
				<total>0</total>
				<timestamp>6903.376933</timestamp>
			</report>
			<report>
				<misses>1070800001</misses>
				<total>0</total>
				<timestamp>6904.024438</timestamp>
			</report>
			<report>
				<misses>1070900001</misses>
				<total>0</total>
				<timestamp>6904.672005</timestamp>
			</report>
			<report>
				<misses>1071000001</misses>
				<total>0</total>
				<timestamp>6905.319206</timestamp>
			</report>
			<report>
				<misses>1071100001</misses>
				<total>0</total>
				<timestamp>6905.968586</timestamp>
			</report>
			<report>
				<misses>1071200001</misses>
				<total>0</total>
				<timestamp>6906.617934</timestamp>
			</report>
			<report>
				<misses>1071300001</misses>
				<total>0</total>
				<timestamp>6907.267207</timestamp>
			</report>
			<report>
				<misses>1071400001</misses>
				<total>0</total>
				<timestamp>6907.917038</timestamp>
			</report>
			<report>
				<misses>1071500001</misses>
				<total>0</total>
				<timestamp>6908.564788</timestamp>
			</report>
			<report>
				<misses>1071600001</misses>
				<total>0</total>
				<timestamp>6909.214374</timestamp>
			</report>
			<report>
				<misses>1071700001</misses>
				<total>0</total>
				<timestamp>6909.860451</timestamp>
			</report>
			<report>
				<misses>1071800001</misses>
				<total>0</total>
				<timestamp>6910.503448</timestamp>
			</report>
			<report>
				<misses>1071900001</misses>
				<total>0</total>
				<timestamp>6911.144995</timestamp>
			</report>
			<report>
				<misses>1072000001</misses>
				<total>0</total>
				<timestamp>6911.789083</timestamp>
			</report>
			<report>
				<misses>1072100001</misses>
				<total>0</total>
				<timestamp>6912.430291</timestamp>
			</report>
			<report>
				<misses>1072200001</misses>
				<total>0</total>
				<timestamp>6913.072192</timestamp>
			</report>
			<report>
				<misses>1072300001</misses>
				<total>0</total>
				<timestamp>6913.714074</timestamp>
			</report>
			<report>
				<misses>1072400001</misses>
				<total>0</total>
				<timestamp>6914.355473</timestamp>
			</report>
			<report>
				<misses>1072500001</misses>
				<total>0</total>
				<timestamp>6914.997178</timestamp>
			</report>
			<report>
				<misses>1072600001</misses>
				<total>0</total>
				<timestamp>6915.640115</timestamp>
			</report>
			<report>
				<misses>1072700001</misses>
				<total>0</total>
				<timestamp>6916.281676</timestamp>
			</report>
			<report>
				<misses>1072800001</misses>
				<total>0</total>
				<timestamp>6916.924011</timestamp>
			</report>
			<report>
				<misses>1072900001</misses>
				<total>0</total>
				<timestamp>6917.566001</timestamp>
			</report>
			<report>
				<misses>1073000001</misses>
				<total>0</total>
				<timestamp>6918.208326</timestamp>
			</report>
			<report>
				<misses>1073100001</misses>
				<total>0</total>
				<timestamp>6918.850461</timestamp>
			</report>
			<report>
				<misses>1073200001</misses>
				<total>0</total>
				<timestamp>6919.492311</timestamp>
			</report>
			<report>
				<misses>1073300001</misses>
				<total>0</total>
				<timestamp>6920.132739</timestamp>
			</report>
			<report>
				<misses>1073400001</misses>
				<total>0</total>
				<timestamp>6920.770163</timestamp>
			</report>
			<report>
				<misses>1073500001</misses>
				<total>0</total>
				<timestamp>6921.406955</timestamp>
			</report>
			<report>
				<misses>1073600001</misses>
				<total>0</total>
				<timestamp>6922.046849</timestamp>
			</report>
			<report>
				<misses>1073700001</misses>
				<total>0</total>
				<timestamp>6922.687051</timestamp>
			</report>
			<report>
				<misses>1073800001</misses>
				<total>0</total>
				<timestamp>6923.324809</timestamp>
			</report>
			<report>
				<misses>1073900001</misses>
				<total>0</total>
				<timestamp>6923.960824</timestamp>
			</report>
			<report>
				<misses>1074000001</misses>
				<total>0</total>
				<timestamp>6924.595698</timestamp>
			</report>
			<report>
				<misses>1074100001</misses>
				<total>0</total>
				<timestamp>6925.230092</timestamp>
			</report>
			<report>
				<misses>1074200001</misses>
				<total>0</total>
				<timestamp>6925.865505</timestamp>
			</report>
			<report>
				<misses>1074300001</misses>
				<total>0</total>
				<timestamp>6926.501133</timestamp>
			</report>
			<report>
				<misses>1074400001</misses>
				<total>0</total>
				<timestamp>6927.136859</timestamp>
			</report>
			<report>
				<misses>1074500001</misses>
				<total>0</total>
				<timestamp>6927.772082</timestamp>
			</report>
			<report>
				<misses>1074600001</misses>
				<total>0</total>
				<timestamp>6928.407405</timestamp>
			</report>
			<report>
				<misses>1074700001</misses>
				<total>0</total>
				<timestamp>6929.042656</timestamp>
			</report>
			<report>
				<misses>1074800001</misses>
				<total>0</total>
				<timestamp>6929.677773</timestamp>
			</report>
			<report>
				<misses>1074900001</misses>
				<total>0</total>
				<timestamp>6930.312628</timestamp>
			</report>
			<report>
				<misses>1075000001</misses>
				<total>0</total>
				<timestamp>6930.948347</timestamp>
			</report>
			<report>
				<misses>1075100001</misses>
				<total>0</total>
				<timestamp>6931.583922</timestamp>
			</report>
			<report>
				<misses>1075200001</misses>
				<total>0</total>
				<timestamp>6932.218916</timestamp>
			</report>
			<report>
				<misses>1075300001</misses>
				<total>0</total>
				<timestamp>6932.854888</timestamp>
			</report>
			<report>
				<misses>1075400001</misses>
				<total>0</total>
				<timestamp>6933.489490</timestamp>
			</report>
			<report>
				<misses>1075500001</misses>
				<total>0</total>
				<timestamp>6934.131265</timestamp>
			</report>
			<report>
				<misses>1075600001</misses>
				<total>0</total>
				<timestamp>6934.776057</timestamp>
			</report>
			<report>
				<misses>1075700001</misses>
				<total>0</total>
				<timestamp>6935.421362</timestamp>
			</report>
			<report>
				<misses>1075800001</misses>
				<total>0</total>
				<timestamp>6936.069313</timestamp>
			</report>
			<report>
				<misses>1075900001</misses>
				<total>0</total>
				<timestamp>6936.719795</timestamp>
			</report>
			<report>
				<misses>1076000001</misses>
				<total>0</total>
				<timestamp>6937.369491</timestamp>
			</report>
			<report>
				<misses>1076100001</misses>
				<total>0</total>
				<timestamp>6938.019315</timestamp>
			</report>
			<report>
				<misses>1076200001</misses>
				<total>0</total>
				<timestamp>6938.673208</timestamp>
			</report>
			<report>
				<misses>1076300001</misses>
				<total>0</total>
				<timestamp>6939.325596</timestamp>
			</report>
			<report>
				<misses>1076400001</misses>
				<total>0</total>
				<timestamp>6939.977795</timestamp>
			</report>
			<report>
				<misses>1076500001</misses>
				<total>0</total>
				<timestamp>6940.630330</timestamp>
			</report>
			<report>
				<misses>1076600001</misses>
				<total>0</total>
				<timestamp>6941.283568</timestamp>
			</report>
			<report>
				<misses>1076700001</misses>
				<total>0</total>
				<timestamp>6941.939091</timestamp>
			</report>
			<report>
				<misses>1076800001</misses>
				<total>0</total>
				<timestamp>6942.593335</timestamp>
			</report>
			<report>
				<misses>1076900001</misses>
				<total>0</total>
				<timestamp>6943.247296</timestamp>
			</report>
			<report>
				<misses>1077000001</misses>
				<total>0</total>
				<timestamp>6943.902032</timestamp>
			</report>
			<report>
				<misses>1077100001</misses>
				<total>0</total>
				<timestamp>6944.552252</timestamp>
			</report>
			<report>
				<misses>1077200001</misses>
				<total>0</total>
				<timestamp>6945.202204</timestamp>
			</report>
			<report>
				<misses>1077300001</misses>
				<total>0</total>
				<timestamp>6945.851517</timestamp>
			</report>
			<report>
				<misses>1077400001</misses>
				<total>0</total>
				<timestamp>6946.500928</timestamp>
			</report>
			<report>
				<misses>1077500001</misses>
				<total>0</total>
				<timestamp>6947.151500</timestamp>
			</report>
			<report>
				<misses>1077600001</misses>
				<total>0</total>
				<timestamp>6947.801599</timestamp>
			</report>
			<report>
				<misses>1077700001</misses>
				<total>0</total>
				<timestamp>6948.452357</timestamp>
			</report>
			<report>
				<misses>1077800001</misses>
				<total>0</total>
				<timestamp>6949.102669</timestamp>
			</report>
			<report>
				<misses>1077900001</misses>
				<total>0</total>
				<timestamp>6949.753010</timestamp>
			</report>
			<report>
				<misses>1078000001</misses>
				<total>0</total>
				<timestamp>6950.403439</timestamp>
			</report>
			<report>
				<misses>1078100001</misses>
				<total>0</total>
				<timestamp>6951.053011</timestamp>
			</report>
			<report>
				<misses>1078200001</misses>
				<total>0</total>
				<timestamp>6951.702705</timestamp>
			</report>
			<report>
				<misses>1078300001</misses>
				<total>0</total>
				<timestamp>6952.352579</timestamp>
			</report>
			<report>
				<misses>1078400001</misses>
				<total>0</total>
				<timestamp>6953.001515</timestamp>
			</report>
			<report>
				<misses>1078500001</misses>
				<total>0</total>
				<timestamp>6953.650333</timestamp>
			</report>
			<report>
				<misses>1078600001</misses>
				<total>0</total>
				<timestamp>6954.299817</timestamp>
			</report>
			<report>
				<misses>1078700001</misses>
				<total>0</total>
				<timestamp>6954.949294</timestamp>
			</report>
			<report>
				<misses>1078800001</misses>
				<total>0</total>
				<timestamp>6955.597904</timestamp>
			</report>
			<report>
				<misses>1078900001</misses>
				<total>0</total>
				<timestamp>6956.248547</timestamp>
			</report>
			<report>
				<misses>1079000001</misses>
				<total>0</total>
				<timestamp>6956.900374</timestamp>
			</report>
			<report>
				<misses>1079100001</misses>
				<total>0</total>
				<timestamp>6957.551681</timestamp>
			</report>
			<report>
				<misses>1079200001</misses>
				<total>0</total>
				<timestamp>6958.203497</timestamp>
			</report>
			<report>
				<misses>1079300001</misses>
				<total>0</total>
				<timestamp>6958.856862</timestamp>
			</report>
			<report>
				<misses>1079400001</misses>
				<total>0</total>
				<timestamp>6959.508749</timestamp>
			</report>
			<report>
				<misses>1079500001</misses>
				<total>0</total>
				<timestamp>6960.160890</timestamp>
			</report>
			<report>
				<misses>1079600001</misses>
				<total>0</total>
				<timestamp>6960.808910</timestamp>
			</report>
			<report>
				<misses>1079700001</misses>
				<total>0</total>
				<timestamp>6961.456506</timestamp>
			</report>
			<report>
				<misses>1079800001</misses>
				<total>0</total>
				<timestamp>6962.104385</timestamp>
			</report>
			<report>
				<misses>1079900001</misses>
				<total>0</total>
				<timestamp>6962.751682</timestamp>
			</report>
			<report>
				<misses>1080000001</misses>
				<total>0</total>
				<timestamp>6963.399701</timestamp>
			</report>
			<report>
				<misses>1080100001</misses>
				<total>0</total>
				<timestamp>6964.047911</timestamp>
			</report>
			<report>
				<misses>1080200001</misses>
				<total>0</total>
				<timestamp>6964.695375</timestamp>
			</report>
			<report>
				<misses>1080300001</misses>
				<total>0</total>
				<timestamp>6965.342861</timestamp>
			</report>
			<report>
				<misses>1080400001</misses>
				<total>0</total>
				<timestamp>6965.990079</timestamp>
			</report>
			<report>
				<misses>1080500001</misses>
				<total>0</total>
				<timestamp>6966.638610</timestamp>
			</report>
			<report>
				<misses>1080600001</misses>
				<total>0</total>
				<timestamp>6967.285639</timestamp>
			</report>
			<report>
				<misses>1080700001</misses>
				<total>0</total>
				<timestamp>6967.933584</timestamp>
			</report>
			<report>
				<misses>1080800001</misses>
				<total>0</total>
				<timestamp>6968.580917</timestamp>
			</report>
			<report>
				<misses>1080900001</misses>
				<total>0</total>
				<timestamp>6969.220096</timestamp>
			</report>
			<report>
				<misses>1081000001</misses>
				<total>0</total>
				<timestamp>6969.856399</timestamp>
			</report>
			<report>
				<misses>1081100001</misses>
				<total>0</total>
				<timestamp>6970.492234</timestamp>
			</report>
			<report>
				<misses>1081200001</misses>
				<total>0</total>
				<timestamp>6971.128348</timestamp>
			</report>
			<report>
				<misses>1081300001</misses>
				<total>0</total>
				<timestamp>6971.764001</timestamp>
			</report>
			<report>
				<misses>1081400001</misses>
				<total>0</total>
				<timestamp>6972.399404</timestamp>
			</report>
			<report>
				<misses>1081500001</misses>
				<total>0</total>
				<timestamp>6973.038541</timestamp>
			</report>
			<report>
				<misses>1081600001</misses>
				<total>0</total>
				<timestamp>6973.677906</timestamp>
			</report>
			<report>
				<misses>1081700001</misses>
				<total>0</total>
				<timestamp>6974.316630</timestamp>
			</report>
			<report>
				<misses>1081800001</misses>
				<total>0</total>
				<timestamp>6974.953638</timestamp>
			</report>
			<report>
				<misses>1081900001</misses>
				<total>0</total>
				<timestamp>6975.588253</timestamp>
			</report>
			<report>
				<misses>1082000001</misses>
				<total>0</total>
				<timestamp>6976.223162</timestamp>
			</report>
			<report>
				<misses>1082100001</misses>
				<total>0</total>
				<timestamp>6976.858351</timestamp>
			</report>
			<report>
				<misses>1082200001</misses>
				<total>0</total>
				<timestamp>6977.493482</timestamp>
			</report>
			<report>
				<misses>1082300001</misses>
				<total>0</total>
				<timestamp>6978.128665</timestamp>
			</report>
			<report>
				<misses>1082400001</misses>
				<total>0</total>
				<timestamp>6978.764407</timestamp>
			</report>
			<report>
				<misses>1082500001</misses>
				<total>0</total>
				<timestamp>6979.399689</timestamp>
			</report>
			<report>
				<misses>1082600001</misses>
				<total>0</total>
				<timestamp>6980.035605</timestamp>
			</report>
			<report>
				<misses>1082700001</misses>
				<total>0</total>
				<timestamp>6980.671051</timestamp>
			</report>
			<report>
				<misses>1082800001</misses>
				<total>0</total>
				<timestamp>6981.307063</timestamp>
			</report>
			<report>
				<misses>1082900001</misses>
				<total>0</total>
				<timestamp>6981.942960</timestamp>
			</report>
			<report>
				<misses>1083000001</misses>
				<total>0</total>
				<timestamp>6982.579257</timestamp>
			</report>
			<report>
				<misses>1083100001</misses>
				<total>0</total>
				<timestamp>6983.215799</timestamp>
			</report>
			<report>
				<misses>1083200001</misses>
				<total>0</total>
				<timestamp>6983.852606</timestamp>
			</report>
			<report>
				<misses>1083300001</misses>
				<total>0</total>
				<timestamp>6984.488307</timestamp>
			</report>
			<report>
				<misses>1083400001</misses>
				<total>0</total>
				<timestamp>6985.125329</timestamp>
			</report>
			<report>
				<misses>1083500001</misses>
				<total>0</total>
				<timestamp>6985.764012</timestamp>
			</report>
			<report>
				<misses>1083600001</misses>
				<total>0</total>
				<timestamp>6986.401738</timestamp>
			</report>
			<report>
				<misses>1083700001</misses>
				<total>0</total>
				<timestamp>6987.039044</timestamp>
			</report>
			<report>
				<misses>1083800001</misses>
				<total>0</total>
				<timestamp>6987.676629</timestamp>
			</report>
			<report>
				<misses>1083900001</misses>
				<total>0</total>
				<timestamp>6988.313491</timestamp>
			</report>
			<report>
				<misses>1084000001</misses>
				<total>0</total>
				<timestamp>6988.950447</timestamp>
			</report>
			<report>
				<misses>1084100001</misses>
				<total>0</total>
				<timestamp>6989.587962</timestamp>
			</report>
			<report>
				<misses>1084200001</misses>
				<total>0</total>
				<timestamp>6990.224736</timestamp>
			</report>
			<report>
				<misses>1084300001</misses>
				<total>0</total>
				<timestamp>6990.862128</timestamp>
			</report>
			<report>
				<misses>1084400001</misses>
				<total>0</total>
				<timestamp>6991.499842</timestamp>
			</report>
			<report>
				<misses>1084500001</misses>
				<total>0</total>
				<timestamp>6992.137104</timestamp>
			</report>
			<report>
				<misses>1084600001</misses>
				<total>0</total>
				<timestamp>6992.774241</timestamp>
			</report>
			<report>
				<misses>1084700001</misses>
				<total>0</total>
				<timestamp>6993.411578</timestamp>
			</report>
			<report>
				<misses>1084800001</misses>
				<total>0</total>
				<timestamp>6994.048301</timestamp>
			</report>
			<report>
				<misses>1084900001</misses>
				<total>0</total>
				<timestamp>6994.683475</timestamp>
			</report>
			<report>
				<misses>1085000001</misses>
				<total>0</total>
				<timestamp>6995.318894</timestamp>
			</report>
			<report>
				<misses>1085100001</misses>
				<total>0</total>
				<timestamp>6995.955277</timestamp>
			</report>
			<report>
				<misses>1085200001</misses>
				<total>0</total>
				<timestamp>6996.590852</timestamp>
			</report>
			<report>
				<misses>1085300001</misses>
				<total>0</total>
				<timestamp>6997.226411</timestamp>
			</report>
			<report>
				<misses>1085400001</misses>
				<total>0</total>
				<timestamp>6997.862581</timestamp>
			</report>
			<report>
				<misses>1085500001</misses>
				<total>0</total>
				<timestamp>6998.498171</timestamp>
			</report>
			<report>
				<misses>1085600001</misses>
				<total>0</total>
				<timestamp>6999.133441</timestamp>
			</report>
			<report>
				<misses>1085700001</misses>
				<total>0</total>
				<timestamp>6999.768818</timestamp>
			</report>
			<report>
				<misses>1085800001</misses>
				<total>0</total>
				<timestamp>7000.404194</timestamp>
			</report>
			<report>
				<misses>1085900001</misses>
				<total>0</total>
				<timestamp>7001.039026</timestamp>
			</report>
			<report>
				<misses>1086000001</misses>
				<total>0</total>
				<timestamp>7001.673814</timestamp>
			</report>
			<report>
				<misses>1086100001</misses>
				<total>0</total>
				<timestamp>7002.308931</timestamp>
			</report>
			<report>
				<misses>1086200001</misses>
				<total>0</total>
				<timestamp>7002.943841</timestamp>
			</report>
			<report>
				<misses>1086300001</misses>
				<total>0</total>
				<timestamp>7003.579900</timestamp>
			</report>
			<report>
				<misses>1086400001</misses>
				<total>0</total>
				<timestamp>7004.216724</timestamp>
			</report>
			<report>
				<misses>1086500001</misses>
				<total>0</total>
				<timestamp>7004.853211</timestamp>
			</report>
			<report>
				<misses>1086600001</misses>
				<total>0</total>
				<timestamp>7005.490143</timestamp>
			</report>
			<report>
				<misses>1086700001</misses>
				<total>0</total>
				<timestamp>7006.127216</timestamp>
			</report>
			<report>
				<misses>1086800001</misses>
				<total>0</total>
				<timestamp>7006.764962</timestamp>
			</report>
			<report>
				<misses>1086900001</misses>
				<total>0</total>
				<timestamp>7007.401961</timestamp>
			</report>
			<report>
				<misses>1087000001</misses>
				<total>0</total>
				<timestamp>7008.039179</timestamp>
			</report>
			<report>
				<misses>1087100001</misses>
				<total>0</total>
				<timestamp>7008.675773</timestamp>
			</report>
			<report>
				<misses>1087200001</misses>
				<total>0</total>
				<timestamp>7009.311733</timestamp>
			</report>
			<report>
				<misses>1087300001</misses>
				<total>0</total>
				<timestamp>7009.947969</timestamp>
			</report>
			<report>
				<misses>1087400001</misses>
				<total>0</total>
				<timestamp>7010.584309</timestamp>
			</report>
			<report>
				<misses>1087500001</misses>
				<total>0</total>
				<timestamp>7011.219842</timestamp>
			</report>
			<report>
				<misses>1087600001</misses>
				<total>0</total>
				<timestamp>7011.856767</timestamp>
			</report>
			<report>
				<misses>1087700001</misses>
				<total>0</total>
				<timestamp>7012.494399</timestamp>
			</report>
			<report>
				<misses>1087800001</misses>
				<total>0</total>
				<timestamp>7013.132992</timestamp>
			</report>
			<report>
				<misses>1087900001</misses>
				<total>0</total>
				<timestamp>7013.770937</timestamp>
			</report>
			<report>
				<misses>1088000001</misses>
				<total>0</total>
				<timestamp>7014.409338</timestamp>
			</report>
			<report>
				<misses>1088100001</misses>
				<total>0</total>
				<timestamp>7015.047491</timestamp>
			</report>
			<report>
				<misses>1088200001</misses>
				<total>0</total>
				<timestamp>7015.685946</timestamp>
			</report>
			<report>
				<misses>1088300001</misses>
				<total>0</total>
				<timestamp>7016.324213</timestamp>
			</report>
			<report>
				<misses>1088400001</misses>
				<total>0</total>
				<timestamp>7016.961704</timestamp>
			</report>
			<report>
				<misses>1088500001</misses>
				<total>0</total>
				<timestamp>7017.598203</timestamp>
			</report>
			<report>
				<misses>1088600001</misses>
				<total>0</total>
				<timestamp>7018.234514</timestamp>
			</report>
			<report>
				<misses>1088700001</misses>
				<total>0</total>
				<timestamp>7018.871209</timestamp>
			</report>
			<report>
				<misses>1088800001</misses>
				<total>0</total>
				<timestamp>7019.507649</timestamp>
			</report>
			<report>
				<misses>1088900001</misses>
				<total>0</total>
				<timestamp>7020.145136</timestamp>
			</report>
			<report>
				<misses>1089000001</misses>
				<total>0</total>
				<timestamp>7020.783023</timestamp>
			</report>
			<report>
				<misses>1089100001</misses>
				<total>0</total>
				<timestamp>7021.419522</timestamp>
			</report>
			<report>
				<misses>1089200001</misses>
				<total>0</total>
				<timestamp>7022.056301</timestamp>
			</report>
			<report>
				<misses>1089300001</misses>
				<total>0</total>
				<timestamp>7022.693397</timestamp>
			</report>
			<report>
				<misses>1089400001</misses>
				<total>0</total>
				<timestamp>7023.330125</timestamp>
			</report>
			<report>
				<misses>1089500001</misses>
				<total>0</total>
				<timestamp>7023.967843</timestamp>
			</report>
			<report>
				<misses>1089600001</misses>
				<total>0</total>
				<timestamp>7024.604402</timestamp>
			</report>
			<report>
				<misses>1089700001</misses>
				<total>0</total>
				<timestamp>7025.241816</timestamp>
			</report>
			<report>
				<misses>1089800001</misses>
				<total>0</total>
				<timestamp>7025.879092</timestamp>
			</report>
			<report>
				<misses>1089900001</misses>
				<total>0</total>
				<timestamp>7026.516506</timestamp>
			</report>
			<report>
				<misses>1090000001</misses>
				<total>0</total>
				<timestamp>7027.153206</timestamp>
			</report>
			<report>
				<misses>1090100001</misses>
				<total>0</total>
				<timestamp>7027.790604</timestamp>
			</report>
			<report>
				<misses>1090200001</misses>
				<total>0</total>
				<timestamp>7028.428003</timestamp>
			</report>
			<report>
				<misses>1090300001</misses>
				<total>0</total>
				<timestamp>7029.065237</timestamp>
			</report>
			<report>
				<misses>1090400001</misses>
				<total>0</total>
				<timestamp>7029.702344</timestamp>
			</report>
			<report>
				<misses>1090500001</misses>
				<total>0</total>
				<timestamp>7030.348797</timestamp>
			</report>
			<report>
				<misses>1090600001</misses>
				<total>0</total>
				<timestamp>7030.999694</timestamp>
			</report>
			<report>
				<misses>1090700001</misses>
				<total>0</total>
				<timestamp>7031.650436</timestamp>
			</report>
			<report>
				<misses>1090800001</misses>
				<total>0</total>
				<timestamp>7032.301025</timestamp>
			</report>
			<report>
				<misses>1090900001</misses>
				<total>0</total>
				<timestamp>7032.950407</timestamp>
			</report>
			<report>
				<misses>1091000001</misses>
				<total>0</total>
				<timestamp>7033.599519</timestamp>
			</report>
			<report>
				<misses>1091100001</misses>
				<total>0</total>
				<timestamp>7034.249081</timestamp>
			</report>
			<report>
				<misses>1091200001</misses>
				<total>0</total>
				<timestamp>7034.899089</timestamp>
			</report>
			<report>
				<misses>1091300001</misses>
				<total>0</total>
				<timestamp>7035.548385</timestamp>
			</report>
			<report>
				<misses>1091400001</misses>
				<total>0</total>
				<timestamp>7036.198681</timestamp>
			</report>
			<report>
				<misses>1091500001</misses>
				<total>0</total>
				<timestamp>7036.850809</timestamp>
			</report>
			<report>
				<misses>1091600001</misses>
				<total>0</total>
				<timestamp>7037.502215</timestamp>
			</report>
			<report>
				<misses>1091700001</misses>
				<total>0</total>
				<timestamp>7038.153298</timestamp>
			</report>
			<report>
				<misses>1091800001</misses>
				<total>0</total>
				<timestamp>7038.808641</timestamp>
			</report>
			<report>
				<misses>1091900001</misses>
				<total>0</total>
				<timestamp>7039.459842</timestamp>
			</report>
			<report>
				<misses>1092000001</misses>
				<total>0</total>
				<timestamp>7040.111118</timestamp>
			</report>
			<report>
				<misses>1092100001</misses>
				<total>0</total>
				<timestamp>7040.763061</timestamp>
			</report>
			<report>
				<misses>1092200001</misses>
				<total>0</total>
				<timestamp>7041.414794</timestamp>
			</report>
			<report>
				<misses>1092300001</misses>
				<total>0</total>
				<timestamp>7042.066533</timestamp>
			</report>
			<report>
				<misses>1092400001</misses>
				<total>0</total>
				<timestamp>7042.715306</timestamp>
			</report>
			<report>
				<misses>1092500001</misses>
				<total>0</total>
				<timestamp>7043.363943</timestamp>
			</report>
			<report>
				<misses>1092600001</misses>
				<total>0</total>
				<timestamp>7044.011579</timestamp>
			</report>
			<report>
				<misses>1092700001</misses>
				<total>0</total>
				<timestamp>7044.659588</timestamp>
			</report>
			<report>
				<misses>1092800001</misses>
				<total>0</total>
				<timestamp>7045.306921</timestamp>
			</report>
			<report>
				<misses>1092900001</misses>
				<total>0</total>
				<timestamp>7045.950277</timestamp>
			</report>
			<report>
				<misses>1093000001</misses>
				<total>0</total>
				<timestamp>7046.591008</timestamp>
			</report>
			<report>
				<misses>1093100001</misses>
				<total>0</total>
				<timestamp>7047.231502</timestamp>
			</report>
			<report>
				<misses>1093200001</misses>
				<total>0</total>
				<timestamp>7047.872332</timestamp>
			</report>
			<report>
				<misses>1093300001</misses>
				<total>0</total>
				<timestamp>7048.512178</timestamp>
			</report>
			<report>
				<misses>1093400001</misses>
				<total>0</total>
				<timestamp>7049.152571</timestamp>
			</report>
			<report>
				<misses>1093500001</misses>
				<total>0</total>
				<timestamp>7049.793734</timestamp>
			</report>
			<report>
				<misses>1093600001</misses>
				<total>0</total>
				<timestamp>7050.434857</timestamp>
			</report>
			<report>
				<misses>1093700001</misses>
				<total>0</total>
				<timestamp>7051.076492</timestamp>
			</report>
			<report>
				<misses>1093800001</misses>
				<total>0</total>
				<timestamp>7051.718388</timestamp>
			</report>
			<report>
				<misses>1093900001</misses>
				<total>0</total>
				<timestamp>7052.359975</timestamp>
			</report>
			<report>
				<misses>1094000001</misses>
				<total>0</total>
				<timestamp>7053.000496</timestamp>
			</report>
			<report>
				<misses>1094100001</misses>
				<total>0</total>
				<timestamp>7053.640672</timestamp>
			</report>
			<report>
				<misses>1094200001</misses>
				<total>0</total>
				<timestamp>7054.281067</timestamp>
			</report>
			<report>
				<misses>1094300001</misses>
				<total>0</total>
				<timestamp>7054.921281</timestamp>
			</report>
			<report>
				<misses>1094400001</misses>
				<total>0</total>
				<timestamp>7055.561442</timestamp>
			</report>
			<report>
				<misses>1094500001</misses>
				<total>0</total>
				<timestamp>7056.201970</timestamp>
			</report>
			<report>
				<misses>1094600001</misses>
				<total>0</total>
				<timestamp>7056.842734</timestamp>
			</report>
			<report>
				<misses>1094700001</misses>
				<total>0</total>
				<timestamp>7057.479866</timestamp>
			</report>
			<report>
				<misses>1094800001</misses>
				<total>0</total>
				<timestamp>7058.117046</timestamp>
			</report>
			<report>
				<misses>1094900001</misses>
				<total>0</total>
				<timestamp>7058.754661</timestamp>
			</report>
			<report>
				<misses>1095000001</misses>
				<total>0</total>
				<timestamp>7059.393024</timestamp>
			</report>
			<report>
				<misses>1095100001</misses>
				<total>0</total>
				<timestamp>7060.031382</timestamp>
			</report>
			<report>
				<misses>1095200001</misses>
				<total>0</total>
				<timestamp>7060.669290</timestamp>
			</report>
			<report>
				<misses>1095300001</misses>
				<total>0</total>
				<timestamp>7061.307408</timestamp>
			</report>
			<report>
				<misses>1095400001</misses>
				<total>0</total>
				<timestamp>7061.947991</timestamp>
			</report>
			<report>
				<misses>1095500001</misses>
				<total>0</total>
				<timestamp>7062.587381</timestamp>
			</report>
			<report>
				<misses>1095600001</misses>
				<total>0</total>
				<timestamp>7063.224700</timestamp>
			</report>
			<report>
				<misses>1095700001</misses>
				<total>0</total>
				<timestamp>7063.863396</timestamp>
			</report>
			<report>
				<misses>1095800001</misses>
				<total>0</total>
				<timestamp>7064.501697</timestamp>
			</report>
			<report>
				<misses>1095900001</misses>
				<total>0</total>
				<timestamp>7065.140204</timestamp>
			</report>
			<report>
				<misses>1096000001</misses>
				<total>0</total>
				<timestamp>7065.777850</timestamp>
			</report>
			<report>
				<misses>1096100001</misses>
				<total>0</total>
				<timestamp>7066.415521</timestamp>
			</report>
			<report>
				<misses>1096200001</misses>
				<total>0</total>
				<timestamp>7067.052178</timestamp>
			</report>
			<report>
				<misses>1096300001</misses>
				<total>0</total>
				<timestamp>7067.689839</timestamp>
			</report>
			<report>
				<misses>1096400001</misses>
				<total>0</total>
				<timestamp>7068.327773</timestamp>
			</report>
			<report>
				<misses>1096500001</misses>
				<total>0</total>
				<timestamp>7068.965839</timestamp>
			</report>
			<report>
				<misses>1096600001</misses>
				<total>0</total>
				<timestamp>7069.605290</timestamp>
			</report>
			<report>
				<misses>1096700001</misses>
				<total>0</total>
				<timestamp>7070.244534</timestamp>
			</report>
			<report>
				<misses>1096800001</misses>
				<total>0</total>
				<timestamp>7070.884135</timestamp>
			</report>
			<report>
				<misses>1096900001</misses>
				<total>0</total>
				<timestamp>7071.523777</timestamp>
			</report>
			<report>
				<misses>1097000001</misses>
				<total>0</total>
				<timestamp>7072.163864</timestamp>
			</report>
			<report>
				<misses>1097100001</misses>
				<total>0</total>
				<timestamp>7072.802707</timestamp>
			</report>
			<report>
				<misses>1097200001</misses>
				<total>0</total>
				<timestamp>7073.441723</timestamp>
			</report>
			<report>
				<misses>1097300001</misses>
				<total>0</total>
				<timestamp>7074.081253</timestamp>
			</report>
			<report>
				<misses>1097400001</misses>
				<total>0</total>
				<timestamp>7074.719147</timestamp>
			</report>
			<report>
				<misses>1097500001</misses>
				<total>0</total>
				<timestamp>7075.358764</timestamp>
			</report>
			<report>
				<misses>1097600001</misses>
				<total>0</total>
				<timestamp>7075.998317</timestamp>
			</report>
			<report>
				<misses>1097700001</misses>
				<total>0</total>
				<timestamp>7076.638529</timestamp>
			</report>
			<report>
				<misses>1097800001</misses>
				<total>0</total>
				<timestamp>7077.278739</timestamp>
			</report>
			<report>
				<misses>1097900001</misses>
				<total>0</total>
				<timestamp>7077.919063</timestamp>
			</report>
			<report>
				<misses>1098000001</misses>
				<total>0</total>
				<timestamp>7078.557444</timestamp>
			</report>
			<report>
				<misses>1098100001</misses>
				<total>0</total>
				<timestamp>7079.196475</timestamp>
			</report>
			<report>
				<misses>1098200001</misses>
				<total>0</total>
				<timestamp>7079.836470</timestamp>
			</report>
			<report>
				<misses>1098300001</misses>
				<total>0</total>
				<timestamp>7080.476431</timestamp>
			</report>
			<report>
				<misses>1098400001</misses>
				<total>0</total>
				<timestamp>7081.116501</timestamp>
			</report>
			<report>
				<misses>1098500001</misses>
				<total>0</total>
				<timestamp>7081.757136</timestamp>
			</report>
			<report>
				<misses>1098600001</misses>
				<total>0</total>
				<timestamp>7082.397397</timestamp>
			</report>
			<report>
				<misses>1098700001</misses>
				<total>0</total>
				<timestamp>7083.038006</timestamp>
			</report>
			<report>
				<misses>1098800001</misses>
				<total>0</total>
				<timestamp>7083.679390</timestamp>
			</report>
			<report>
				<misses>1098900001</misses>
				<total>0</total>
				<timestamp>7084.320207</timestamp>
			</report>
			<report>
				<misses>1099000001</misses>
				<total>0</total>
				<timestamp>7084.960507</timestamp>
			</report>
			<report>
				<misses>1099100001</misses>
				<total>0</total>
				<timestamp>7085.601464</timestamp>
			</report>
			<report>
				<misses>1099200001</misses>
				<total>0</total>
				<timestamp>7086.242775</timestamp>
			</report>
			<report>
				<misses>1099300001</misses>
				<total>0</total>
				<timestamp>7086.884085</timestamp>
			</report>
			<report>
				<misses>1099400001</misses>
				<total>0</total>
				<timestamp>7087.523629</timestamp>
			</report>
			<report>
				<misses>1099500001</misses>
				<total>0</total>
				<timestamp>7088.161751</timestamp>
			</report>
			<report>
				<misses>1099600001</misses>
				<total>0</total>
				<timestamp>7088.800007</timestamp>
			</report>
			<report>
				<misses>1099700001</misses>
				<total>0</total>
				<timestamp>7089.438588</timestamp>
			</report>
			<report>
				<misses>1099800001</misses>
				<total>0</total>
				<timestamp>7090.076044</timestamp>
			</report>
			<report>
				<misses>1099900001</misses>
				<total>0</total>
				<timestamp>7090.714588</timestamp>
			</report>
			<report>
				<misses>1100000001</misses>
				<total>0</total>
				<timestamp>7091.352168</timestamp>
			</report>
			<report>
				<misses>1100100001</misses>
				<total>0</total>
				<timestamp>7091.990119</timestamp>
			</report>
			<report>
				<misses>1100200001</misses>
				<total>0</total>
				<timestamp>7092.628901</timestamp>
			</report>
			<report>
				<misses>1100300001</misses>
				<total>0</total>
				<timestamp>7093.266692</timestamp>
			</report>
			<report>
				<misses>1100400001</misses>
				<total>0</total>
				<timestamp>7093.905450</timestamp>
			</report>
			<report>
				<misses>1100500001</misses>
				<total>0</total>
				<timestamp>7094.543605</timestamp>
			</report>
			<report>
				<misses>1100600001</misses>
				<total>0</total>
				<timestamp>7095.181567</timestamp>
			</report>
			<report>
				<misses>1100700001</misses>
				<total>0</total>
				<timestamp>7095.819652</timestamp>
			</report>
			<report>
				<misses>1100800001</misses>
				<total>0</total>
				<timestamp>7096.456897</timestamp>
			</report>
			<report>
				<misses>1100900001</misses>
				<total>0</total>
				<timestamp>7097.096611</timestamp>
			</report>
			<report>
				<misses>1101000001</misses>
				<total>0</total>
				<timestamp>7097.734433</timestamp>
			</report>
			<report>
				<misses>1101100001</misses>
				<total>0</total>
				<timestamp>7098.372651</timestamp>
			</report>
			<report>
				<misses>1101200001</misses>
				<total>0</total>
				<timestamp>7099.010388</timestamp>
			</report>
			<report>
				<misses>1101300001</misses>
				<total>0</total>
				<timestamp>7099.647748</timestamp>
			</report>
			<report>
				<misses>1101400001</misses>
				<total>0</total>
				<timestamp>7100.285090</timestamp>
			</report>
			<report>
				<misses>1101500001</misses>
				<total>0</total>
				<timestamp>7100.922618</timestamp>
			</report>
			<report>
				<misses>1101600001</misses>
				<total>0</total>
				<timestamp>7101.559937</timestamp>
			</report>
			<report>
				<misses>1101700001</misses>
				<total>0</total>
				<timestamp>7102.196934</timestamp>
			</report>
			<report>
				<misses>1101800001</misses>
				<total>0</total>
				<timestamp>7102.833815</timestamp>
			</report>
			<report>
				<misses>1101900001</misses>
				<total>0</total>
				<timestamp>7103.471589</timestamp>
			</report>
			<report>
				<misses>1102000001</misses>
				<total>0</total>
				<timestamp>7104.109105</timestamp>
			</report>
			<report>
				<misses>1102100001</misses>
				<total>0</total>
				<timestamp>7104.746506</timestamp>
			</report>
			<report>
				<misses>1102200001</misses>
				<total>0</total>
				<timestamp>7105.385078</timestamp>
			</report>
			<report>
				<misses>1102300001</misses>
				<total>0</total>
				<timestamp>7106.029112</timestamp>
			</report>
			<report>
				<misses>1102400001</misses>
				<total>0</total>
				<timestamp>7106.678593</timestamp>
			</report>
			<report>
				<misses>1102500001</misses>
				<total>0</total>
				<timestamp>7107.328382</timestamp>
			</report>
			<report>
				<misses>1102600001</misses>
				<total>0</total>
				<timestamp>7107.978745</timestamp>
			</report>
			<report>
				<misses>1102700001</misses>
				<total>0</total>
				<timestamp>7108.629764</timestamp>
			</report>
			<report>
				<misses>1102800001</misses>
				<total>0</total>
				<timestamp>7109.283246</timestamp>
			</report>
			<report>
				<misses>1102900001</misses>
				<total>0</total>
				<timestamp>7109.932841</timestamp>
			</report>
			<report>
				<misses>1103000001</misses>
				<total>0</total>
				<timestamp>7110.583497</timestamp>
			</report>
			<report>
				<misses>1103100001</misses>
				<total>0</total>
				<timestamp>7111.233847</timestamp>
			</report>
			<report>
				<misses>1103200001</misses>
				<total>0</total>
				<timestamp>7111.884672</timestamp>
			</report>
			<report>
				<misses>1103300001</misses>
				<total>0</total>
				<timestamp>7112.534614</timestamp>
			</report>
			<report>
				<misses>1103400001</misses>
				<total>0</total>
				<timestamp>7113.184915</timestamp>
			</report>
			<report>
				<misses>1103500001</misses>
				<total>0</total>
				<timestamp>7113.835297</timestamp>
			</report>
			<report>
				<misses>1103600001</misses>
				<total>0</total>
				<timestamp>7114.484894</timestamp>
			</report>
			<report>
				<misses>1103700001</misses>
				<total>0</total>
				<timestamp>7115.136888</timestamp>
			</report>
			<report>
				<misses>1103800001</misses>
				<total>0</total>
				<timestamp>7115.787609</timestamp>
			</report>
			<report>
				<misses>1103900001</misses>
				<total>0</total>
				<timestamp>7116.438428</timestamp>
			</report>
			<report>
				<misses>1104000001</misses>
				<total>0</total>
				<timestamp>7117.088962</timestamp>
			</report>
			<report>
				<misses>1104100001</misses>
				<total>0</total>
				<timestamp>7117.739915</timestamp>
			</report>
			<report>
				<misses>1104200001</misses>
				<total>0</total>
				<timestamp>7118.391372</timestamp>
			</report>
			<report>
				<misses>1104300001</misses>
				<total>0</total>
				<timestamp>7119.042465</timestamp>
			</report>
			<report>
				<misses>1104400001</misses>
				<total>0</total>
				<timestamp>7119.694352</timestamp>
			</report>
			<report>
				<misses>1104500001</misses>
				<total>0</total>
				<timestamp>7120.345567</timestamp>
			</report>
			<report>
				<misses>1104600001</misses>
				<total>0</total>
				<timestamp>7120.997530</timestamp>
			</report>
			<report>
				<misses>1104700001</misses>
				<total>0</total>
				<timestamp>7121.649904</timestamp>
			</report>
			<report>
				<misses>1104800001</misses>
				<total>0</total>
				<timestamp>7122.302247</timestamp>
			</report>
			<report>
				<misses>1104900001</misses>
				<total>0</total>
				<timestamp>7122.953561</timestamp>
			</report>
			<report>
				<misses>1105000001</misses>
				<total>0</total>
				<timestamp>7123.604424</timestamp>
			</report>
			<report>
				<misses>1105100001</misses>
				<total>0</total>
				<timestamp>7124.255092</timestamp>
			</report>
			<report>
				<misses>1105200001</misses>
				<total>0</total>
				<timestamp>7124.904471</timestamp>
			</report>
			<report>
				<misses>1105300001</misses>
				<total>0</total>
				<timestamp>7125.554916</timestamp>
			</report>
			<report>
				<misses>1105400001</misses>
				<total>0</total>
				<timestamp>7126.206544</timestamp>
			</report>
			<report>
				<misses>1105500001</misses>
				<total>0</total>
				<timestamp>7126.857224</timestamp>
			</report>
			<report>
				<misses>1105600001</misses>
				<total>0</total>
				<timestamp>7127.505621</timestamp>
			</report>
			<report>
				<misses>1105700001</misses>
				<total>0</total>
				<timestamp>7128.154100</timestamp>
			</report>
			<report>
				<misses>1105800001</misses>
				<total>0</total>
				<timestamp>7128.802472</timestamp>
			</report>
			<report>
				<misses>1105900001</misses>
				<total>0</total>
				<timestamp>7129.451602</timestamp>
			</report>
			<report>
				<misses>1106000001</misses>
				<total>0</total>
				<timestamp>7130.098941</timestamp>
			</report>
			<report>
				<misses>1106100001</misses>
				<total>0</total>
				<timestamp>7130.747511</timestamp>
			</report>
			<report>
				<misses>1106200001</misses>
				<total>0</total>
				<timestamp>7131.395011</timestamp>
			</report>
			<report>
				<misses>1106300001</misses>
				<total>0</total>
				<timestamp>7132.042202</timestamp>
			</report>
			<report>
				<misses>1106400001</misses>
				<total>0</total>
				<timestamp>7132.689793</timestamp>
			</report>
			<report>
				<misses>1106500001</misses>
				<total>0</total>
				<timestamp>7133.338101</timestamp>
			</report>
			<report>
				<misses>1106600001</misses>
				<total>0</total>
				<timestamp>7133.986114</timestamp>
			</report>
			<report>
				<misses>1106700001</misses>
				<total>0</total>
				<timestamp>7134.633899</timestamp>
			</report>
			<report>
				<misses>1106800001</misses>
				<total>0</total>
				<timestamp>7135.282675</timestamp>
			</report>
			<report>
				<misses>1106900001</misses>
				<total>0</total>
				<timestamp>7135.929813</timestamp>
			</report>
			<report>
				<misses>1107000001</misses>
				<total>0</total>
				<timestamp>7136.578012</timestamp>
			</report>
			<report>
				<misses>1107100001</misses>
				<total>0</total>
				<timestamp>7137.231869</timestamp>
			</report>
			<report>
				<misses>1107200001</misses>
				<total>0</total>
				<timestamp>7137.885054</timestamp>
			</report>
			<report>
				<misses>1107300001</misses>
				<total>0</total>
				<timestamp>7138.538390</timestamp>
			</report>
			<report>
				<misses>1107400001</misses>
				<total>0</total>
				<timestamp>7139.192598</timestamp>
			</report>
			<report>
				<misses>1107500001</misses>
				<total>0</total>
				<timestamp>7139.845307</timestamp>
			</report>
			<report>
				<misses>1107600001</misses>
				<total>0</total>
				<timestamp>7140.497771</timestamp>
			</report>
			<report>
				<misses>1107700001</misses>
				<total>0</total>
				<timestamp>7141.146751</timestamp>
			</report>
			<report>
				<misses>1107800001</misses>
				<total>0</total>
				<timestamp>7141.795231</timestamp>
			</report>
			<report>
				<misses>1107900001</misses>
				<total>0</total>
				<timestamp>7142.444327</timestamp>
			</report>
			<report>
				<misses>1108000001</misses>
				<total>0</total>
				<timestamp>7143.094096</timestamp>
			</report>
			<report>
				<misses>1108100001</misses>
				<total>0</total>
				<timestamp>7143.743616</timestamp>
			</report>
			<report>
				<misses>1108200001</misses>
				<total>0</total>
				<timestamp>7144.392034</timestamp>
			</report>
			<report>
				<misses>1108300001</misses>
				<total>0</total>
				<timestamp>7145.041712</timestamp>
			</report>
			<report>
				<misses>1108400001</misses>
				<total>0</total>
				<timestamp>7145.692483</timestamp>
			</report>
			<report>
				<misses>1108500001</misses>
				<total>0</total>
				<timestamp>7146.341735</timestamp>
			</report>
			<report>
				<misses>1108600001</misses>
				<total>0</total>
				<timestamp>7146.991658</timestamp>
			</report>
			<report>
				<misses>1108700001</misses>
				<total>0</total>
				<timestamp>7147.641027</timestamp>
			</report>
			<report>
				<misses>1108800001</misses>
				<total>0</total>
				<timestamp>7148.288019</timestamp>
			</report>
			<report>
				<misses>1108900001</misses>
				<total>0</total>
				<timestamp>7148.936351</timestamp>
			</report>
			<report>
				<misses>1109000001</misses>
				<total>0</total>
				<timestamp>7149.586323</timestamp>
			</report>
			<report>
				<misses>1109100001</misses>
				<total>0</total>
				<timestamp>7150.235899</timestamp>
			</report>
			<report>
				<misses>1109200001</misses>
				<total>0</total>
				<timestamp>7150.885653</timestamp>
			</report>
			<report>
				<misses>1109300001</misses>
				<total>0</total>
				<timestamp>7151.535357</timestamp>
			</report>
			<report>
				<misses>1109400001</misses>
				<total>0</total>
				<timestamp>7152.184772</timestamp>
			</report>
			<report>
				<misses>1109500001</misses>
				<total>0</total>
				<timestamp>7152.834121</timestamp>
			</report>
			<report>
				<misses>1109600001</misses>
				<total>0</total>
				<timestamp>7153.484052</timestamp>
			</report>
			<report>
				<misses>1109700001</misses>
				<total>0</total>
				<timestamp>7154.135445</timestamp>
			</report>
			<report>
				<misses>1109800001</misses>
				<total>0</total>
				<timestamp>7154.785343</timestamp>
			</report>
			<report>
				<misses>1109900001</misses>
				<total>0</total>
				<timestamp>7155.435349</timestamp>
			</report>
			<report>
				<misses>1110000001</misses>
				<total>0</total>
				<timestamp>7156.084142</timestamp>
			</report>
			<report>
				<misses>1110100001</misses>
				<total>0</total>
				<timestamp>7156.733245</timestamp>
			</report>
			<report>
				<misses>1110200001</misses>
				<total>0</total>
				<timestamp>7157.383346</timestamp>
			</report>
			<report>
				<misses>1110300001</misses>
				<total>0</total>
				<timestamp>7158.032550</timestamp>
			</report>
			<report>
				<misses>1110400001</misses>
				<total>0</total>
				<timestamp>7158.681380</timestamp>
			</report>
			<report>
				<misses>1110500001</misses>
				<total>0</total>
				<timestamp>7159.327050</timestamp>
			</report>
			<report>
				<misses>1110600001</misses>
				<total>0</total>
				<timestamp>7159.969494</timestamp>
			</report>
			<report>
				<misses>1110700001</misses>
				<total>0</total>
				<timestamp>7160.611087</timestamp>
			</report>
			<report>
				<misses>1110800001</misses>
				<total>0</total>
				<timestamp>7161.252787</timestamp>
			</report>
			<report>
				<misses>1110900001</misses>
				<total>0</total>
				<timestamp>7161.893255</timestamp>
			</report>
			<report>
				<misses>1111000001</misses>
				<total>0</total>
				<timestamp>7162.533471</timestamp>
			</report>
			<report>
				<misses>1111100001</misses>
				<total>0</total>
				<timestamp>7163.173451</timestamp>
			</report>
			<report>
				<misses>1111200001</misses>
				<total>0</total>
				<timestamp>7163.813444</timestamp>
			</report>
			<report>
				<misses>1111300001</misses>
				<total>0</total>
				<timestamp>7164.453309</timestamp>
			</report>
			<report>
				<misses>1111400001</misses>
				<total>0</total>
				<timestamp>7165.093153</timestamp>
			</report>
			<report>
				<misses>1111500001</misses>
				<total>0</total>
				<timestamp>7165.734592</timestamp>
			</report>
			<report>
				<misses>1111600001</misses>
				<total>0</total>
				<timestamp>7166.376494</timestamp>
			</report>
			<report>
				<misses>1111700001</misses>
				<total>0</total>
				<timestamp>7167.017134</timestamp>
			</report>
			<report>
				<misses>1111800001</misses>
				<total>0</total>
				<timestamp>7167.657552</timestamp>
			</report>
			<report>
				<misses>1111900001</misses>
				<total>0</total>
				<timestamp>7168.297690</timestamp>
			</report>
			<report>
				<misses>1112000001</misses>
				<total>0</total>
				<timestamp>7168.938622</timestamp>
			</report>
			<report>
				<misses>1112100001</misses>
				<total>0</total>
				<timestamp>7169.579122</timestamp>
			</report>
			<report>
				<misses>1112200001</misses>
				<total>0</total>
				<timestamp>7170.219654</timestamp>
			</report>
			<report>
				<misses>1112300001</misses>
				<total>0</total>
				<timestamp>7170.860894</timestamp>
			</report>
			<report>
				<misses>1112400001</misses>
				<total>0</total>
				<timestamp>7171.502211</timestamp>
			</report>
			<report>
				<misses>1112500001</misses>
				<total>0</total>
				<timestamp>7172.143584</timestamp>
			</report>
			<report>
				<misses>1112600001</misses>
				<total>0</total>
				<timestamp>7172.782840</timestamp>
			</report>
			<report>
				<misses>1112700001</misses>
				<total>0</total>
				<timestamp>7173.419610</timestamp>
			</report>
			<report>
				<misses>1112800001</misses>
				<total>0</total>
				<timestamp>7174.056727</timestamp>
			</report>
			<report>
				<misses>1112900001</misses>
				<total>0</total>
				<timestamp>7174.692148</timestamp>
			</report>
			<report>
				<misses>1113000001</misses>
				<total>0</total>
				<timestamp>7175.327738</timestamp>
			</report>
			<report>
				<misses>1113100001</misses>
				<total>0</total>
				<timestamp>7175.963956</timestamp>
			</report>
			<report>
				<misses>1113200001</misses>
				<total>0</total>
				<timestamp>7176.599791</timestamp>
			</report>
			<report>
				<misses>1113300001</misses>
				<total>0</total>
				<timestamp>7177.235471</timestamp>
			</report>
			<report>
				<misses>1113400001</misses>
				<total>0</total>
				<timestamp>7177.872462</timestamp>
			</report>
			<report>
				<misses>1113500001</misses>
				<total>0</total>
				<timestamp>7178.509002</timestamp>
			</report>
			<report>
				<misses>1113600001</misses>
				<total>0</total>
				<timestamp>7179.145038</timestamp>
			</report>
			<report>
				<misses>1113700001</misses>
				<total>0</total>
				<timestamp>7179.783000</timestamp>
			</report>
			<report>
				<misses>1113800001</misses>
				<total>0</total>
				<timestamp>7180.419301</timestamp>
			</report>
			<report>
				<misses>1113900001</misses>
				<total>0</total>
				<timestamp>7181.057581</timestamp>
			</report>
			<report>
				<misses>1114000001</misses>
				<total>0</total>
				<timestamp>7181.694576</timestamp>
			</report>
			<report>
				<misses>1114100001</misses>
				<total>0</total>
				<timestamp>7182.330560</timestamp>
			</report>
			<report>
				<misses>1114200001</misses>
				<total>0</total>
				<timestamp>7182.966388</timestamp>
			</report>
			<report>
				<misses>1114300001</misses>
				<total>0</total>
				<timestamp>7183.602597</timestamp>
			</report>
			<report>
				<misses>1114400001</misses>
				<total>0</total>
				<timestamp>7184.238733</timestamp>
			</report>
			<report>
				<misses>1114500001</misses>
				<total>0</total>
				<timestamp>7184.874613</timestamp>
			</report>
			<report>
				<misses>1114600001</misses>
				<total>0</total>
				<timestamp>7185.510290</timestamp>
			</report>
			<report>
				<misses>1114700001</misses>
				<total>0</total>
				<timestamp>7186.148211</timestamp>
			</report>
			<report>
				<misses>1114800001</misses>
				<total>0</total>
				<timestamp>7186.784198</timestamp>
			</report>
			<report>
				<misses>1114900001</misses>
				<total>0</total>
				<timestamp>7187.420197</timestamp>
			</report>
			<report>
				<misses>1115000001</misses>
				<total>0</total>
				<timestamp>7188.056880</timestamp>
			</report>
			<report>
				<misses>1115100001</misses>
				<total>0</total>
				<timestamp>7188.693455</timestamp>
			</report>
			<report>
				<misses>1115200001</misses>
				<total>0</total>
				<timestamp>7189.331117</timestamp>
			</report>
			<report>
				<misses>1115300001</misses>
				<total>0</total>
				<timestamp>7189.969289</timestamp>
			</report>
			<report>
				<misses>1115400001</misses>
				<total>0</total>
				<timestamp>7190.607531</timestamp>
			</report>
			<report>
				<misses>1115500001</misses>
				<total>0</total>
				<timestamp>7191.245206</timestamp>
			</report>
			<report>
				<misses>1115600001</misses>
				<total>0</total>
				<timestamp>7191.882457</timestamp>
			</report>
			<report>
				<misses>1115700001</misses>
				<total>0</total>
				<timestamp>7192.519160</timestamp>
			</report>
			<report>
				<misses>1115800001</misses>
				<total>0</total>
				<timestamp>7193.156027</timestamp>
			</report>
			<report>
				<misses>1115900001</misses>
				<total>0</total>
				<timestamp>7193.793412</timestamp>
			</report>
			<report>
				<misses>1116000001</misses>
				<total>0</total>
				<timestamp>7194.430401</timestamp>
			</report>
			<report>
				<misses>1116100001</misses>
				<total>0</total>
				<timestamp>7195.069244</timestamp>
			</report>
			<report>
				<misses>1116200001</misses>
				<total>0</total>
				<timestamp>7195.709069</timestamp>
			</report>
			<report>
				<misses>1116300001</misses>
				<total>0</total>
				<timestamp>7196.347500</timestamp>
			</report>
			<report>
				<misses>1116400001</misses>
				<total>0</total>
				<timestamp>7196.985939</timestamp>
			</report>
			<report>
				<misses>1116500001</misses>
				<total>0</total>
				<timestamp>7197.623341</timestamp>
			</report>
			<report>
				<misses>1116600001</misses>
				<total>0</total>
				<timestamp>7198.269088</timestamp>
			</report>
			<report>
				<misses>1116700001</misses>
				<total>0</total>
				<timestamp>7198.917215</timestamp>
			</report>
			<report>
				<misses>1116800001</misses>
				<total>0</total>
				<timestamp>7199.566590</timestamp>
			</report>
		</query>
	</custom>
	<ethtool_statistic>
		<rx_packets>
			<start>96</start>
			<end>11767</end>
		</rx_packets>
		<tx_packets>
			<start>89</start>
			<end>1116829607</end>
		</tx_packets>
		<rx_dropped>
			<start>0</start>
			<end>0</end>
		</rx_dropped>
		<tx_dropped>
			<start>0</start>
			<end>0</end>
		</tx_dropped>
		<collisions>
			<start>0</start>
			<end>0</end>
		</collisions>
		<port_tx_errors>
			<start>-1</start>
			<end>-1</end>
		</port_tx_errors>
		<port_rx_dropped>
			<start>-1</start>
			<end>-1</end>
		</port_rx_dropped>
		<port_tx_dropped_link_down>
			<start>-1</start>
			<end>-1</end>
		</port_tx_dropped_link_down>
	</ethtool_statistic>
	<ip_statistic>
		<mtu>
			<start>9000</start>
			<end>9000</end>
		</mtu>
		<rx_bytes>
			<start>17431</start>
			<end>727261</end>
		</rx_bytes>
		<rx_packets>
			<start>96</start>
			<end>11767</end>
		</rx_packets>
		<rx_errors>
			<start>0</start>
			<end>0</end>
		</rx_errors>
		<rx_dropped>
			<start>0</start>
			<end>0</end>
		</rx_dropped>
		<rx_missed>
			<start>0</start>
			<end>0</end>
		</rx_missed>
		<rx_mcast>
			<start>61</start>
			<end>91</end>
		</rx_mcast>
		<tx_bytes>
			<start>13865</start>
			<end>136252332718</end>
		</tx_bytes>
		<tx_packets>
			<start>89</start>
			<end>1116829607</end>
		</tx_packets>
		<tx_errors>
			<start>0</start>
			<end>0</end>
		</tx_errors>
		<tx_dropped>
			<start>0</start>
			<end>0</end>
		</tx_dropped>
		<tx_carrier>
			<start>0</start>
			<end>0</end>
		</tx_carrier>
		<tx_collisions>
			<start>0</start>
			<end>0</end>
		</tx_collisions>
	</ip_statistic>
	<netstat_statistic>
		<udp_pkg_rec>
			<start>1557</start>
			<end>51836</end>
		</udp_pkg_rec>
		<udp_pkg_snt>
			<start>1546</start>
			<end>1116869696</end>
		</udp_pkg_snt>
		<udp_rec_err>
			<start>0</start>
			<end>0</end>
		</udp_rec_err>
		<udp_rec_buf_err>
			<start>0</start>
			<end>0</end>
		</udp_rec_buf_err>
		<udp_snt_buf_err>
			<start>0</start>
			<end>0</end>
		</udp_snt_buf_err>
	</netstat_statistic>
</test_results>
