<?xml version="1.0"?>
<test_results>
	<status>STATUS_SUCCESS</status>
	<custom>
		<num_loss>1971111</num_loss>
		<num_total>2000001</num_total>
		<num_misses>48083982</num_misses>
		<elapsed_time>125.209873</elapsed_time>
		<query>
			<report>
				<misses>10000</misses>
				<total>5330</total>
			</report>
			<report>
				<misses>20000</misses>
				<total>15329</total>
			</report>
			<report>
				<misses>30000</misses>
				<total>25328</total>
			</report>
			<report>
				<misses>40000</misses>
				<total>35327</total>
			</report>
			<report>
				<misses>50000</misses>
				<total>45326</total>
			</report>
			<report>
				<misses>60000</misses>
				<total>55325</total>
			</report>
			<report>
				<misses>70000</misses>
				<total>65324</total>
			</report>
			<report>
				<misses>80000</misses>
				<total>75323</total>
			</report>
			<report>
				<misses>90000</misses>
				<total>85322</total>
			</report>
			<report>
				<misses>100000</misses>
				<total>95321</total>
			</report>
			<report>
				<misses>110000</misses>
				<total>105320</total>
			</report>
			<report>
				<misses>120000</misses>
				<total>115319</total>
			</report>
			<report>
				<misses>130000</misses>
				<total>125318</total>
			</report>
			<report>
				<misses>140000</misses>
				<total>135317</total>
			</report>
			<report>
				<misses>150000</misses>
				<total>145316</total>
			</report>
			<report>
				<misses>160000</misses>
				<total>155315</total>
			</report>
			<report>
				<misses>170000</misses>
				<total>165314</total>
			</report>
			<report>
				<misses>180000</misses>
				<total>175313</total>
			</report>
			<report>
				<misses>190000</misses>
				<total>185312</total>
			</report>
			<report>
				<misses>200000</misses>
				<total>195311</total>
			</report>
			<report>
				<misses>210000</misses>
				<total>205310</total>
			</report>
			<report>
				<misses>220000</misses>
				<total>215309</total>
			</report>
			<report>
				<misses>230000</misses>
				<total>225308</total>
			</report>
			<report>
				<misses>240000</misses>
				<total>235307</total>
			</report>
			<report>
				<misses>250000</misses>
				<total>245306</total>
			</report>
			<report>
				<misses>260000</misses>
				<total>255305</total>
			</report>
			<report>
				<misses>270000</misses>
				<total>265304</total>
			</report>
			<report>
				<misses>280000</misses>
				<total>275303</total>
			</report>
			<report>
				<misses>290000</misses>
				<total>285302</total>
			</report>
			<report>
				<misses>300000</misses>
				<total>295301</total>
			</report>
			<report>
				<misses>310000</misses>
				<total>305300</total>
			</report>
			<report>
				<misses>320000</misses>
				<total>315299</total>
			</report>
			<report>
				<misses>330000</misses>
				<total>325298</total>
			</report>
			<report>
				<misses>340000</misses>
				<total>335297</total>
			</report>
			<report>
				<misses>350000</misses>
				<total>345296</total>
			</report>
			<report>
				<misses>360000</misses>
				<total>355295</total>
			</report>
			<report>
				<misses>370000</misses>
				<total>365294</total>
			</report>
			<report>
				<misses>380000</misses>
				<total>375293</total>
			</report>
			<report>
				<misses>390000</misses>
				<total>385292</total>
			</report>
			<report>
				<misses>400000</misses>
				<total>395291</total>
			</report>
			<report>
				<misses>410000</misses>
				<total>405290</total>
			</report>
			<report>
				<misses>420000</misses>
				<total>415289</total>
			</report>
			<report>
				<misses>430000</misses>
				<total>425288</total>
			</report>
			<report>
				<misses>440000</misses>
				<total>435277</total>
			</report>
			<report>
				<misses>450000</misses>
				<total>440033</total>
			</report>
			<report>
				<misses>460000</misses>
				<total>450032</total>
			</report>
			<report>
				<misses>470000</misses>
				<total>460031</total>
			</report>
			<report>
				<misses>480000</misses>
				<total>470030</total>
			</report>
			<report>
				<misses>490000</misses>
				<total>480029</total>
			</report>
			<report>
				<misses>500000</misses>
				<total>490028</total>
			</report>
			<report>
				<misses>510000</misses>
				<total>500027</total>
			</report>
			<report>
				<misses>520000</misses>
				<total>510026</total>
			</report>
			<report>
				<misses>530000</misses>
				<total>520025</total>
			</report>
			<report>
				<misses>540000</misses>
				<total>530024</total>
			</report>
			<report>
				<misses>550000</misses>
				<total>540023</total>
			</report>
			<report>
				<misses>560000</misses>
				<total>550022</total>
			</report>
			<report>
				<misses>570000</misses>
				<total>560021</total>
			</report>
			<report>
				<misses>580000</misses>
				<total>570020</total>
			</report>
			<report>
				<misses>590000</misses>
				<total>580019</total>
			</report>
			<report>
				<misses>600000</misses>
				<total>590018</total>
			</report>
			<report>
				<misses>610000</misses>
				<total>600017</total>
			</report>
			<report>
				<misses>620000</misses>
				<total>610016</total>
			</report>
			<report>
				<misses>630000</misses>
				<total>620015</total>
			</report>
			<report>
				<misses>640000</misses>
				<total>630014</total>
			</report>
			<report>
				<misses>650000</misses>
				<total>640013</total>
			</report>
			<report>
				<misses>660000</misses>
				<total>650012</total>
			</report>
			<report>
				<misses>670000</misses>
				<total>660011</total>
			</report>
			<report>
				<misses>680000</misses>
				<total>670010</total>
			</report>
			<report>
				<misses>690000</misses>
				<total>680009</total>
			</report>
			<report>
				<misses>700000</misses>
				<total>690008</total>
			</report>
			<report>
				<misses>710000</misses>
				<total>700007</total>
			</report>
			<report>
				<misses>720000</misses>
				<total>710006</total>
			</report>
			<report>
				<misses>730000</misses>
				<total>720005</total>
			</report>
			<report>
				<misses>740000</misses>
				<total>730004</total>
			</report>
			<report>
				<misses>750000</misses>
				<total>740003</total>
			</report>
			<report>
				<misses>760000</misses>
				<total>750002</total>
			</report>
			<report>
				<misses>770000</misses>
				<total>760001</total>
			</report>
			<report>
				<misses>780000</misses>
				<total>770000</total>
			</report>
			<report>
				<misses>790000</misses>
				<total>779999</total>
			</report>
			<report>
				<misses>800000</misses>
				<total>789998</total>
			</report>
			<report>
				<misses>810000</misses>
				<total>799997</total>
			</report>
			<report>
				<misses>820000</misses>
				<total>809996</total>
			</report>
			<report>
				<misses>830000</misses>
				<total>819995</total>
			</report>
			<report>
				<misses>840000</misses>
				<total>829994</total>
			</report>
			<report>
				<misses>850000</misses>
				<total>839993</total>
			</report>
			<report>
				<misses>860000</misses>
				<total>849992</total>
			</report>
			<report>
				<misses>870000</misses>
				<total>858073</total>
			</report>
			<report>
				<misses>880000</misses>
				<total>867127</total>
			</report>
			<report>
				<misses>890000</misses>
				<total>876854</total>
			</report>
			<report>
				<misses>900000</misses>
				<total>886853</total>
			</report>
			<report>
				<misses>910000</misses>
				<total>896852</total>
			</report>
			<report>
				<misses>920000</misses>
				<total>906851</total>
			</report>
			<report>
				<misses>930000</misses>
				<total>916850</total>
			</report>
			<report>
				<misses>940000</misses>
				<total>926849</total>
			</report>
			<report>
				<misses>950000</misses>
				<total>936848</total>
			</report>
			<report>
				<misses>960000</misses>
				<total>946847</total>
			</report>
			<report>
				<misses>970000</misses>
				<total>956846</total>
			</report>
			<report>
				<misses>980000</misses>
				<total>966845</total>
			</report>
			<report>
				<misses>990000</misses>
				<total>976844</total>
			</report>
			<report>
				<misses>1000000</misses>
				<total>986843</total>
			</report>
			<report>
				<misses>1010000</misses>
				<total>996842</total>
			</report>
			<report>
				<misses>1020000</misses>
				<total>1006841</total>
			</report>
			<report>
				<misses>1030000</misses>
				<total>1016840</total>
			</report>
			<report>
				<misses>1040000</misses>
				<total>1026839</total>
			</report>
			<report>
				<misses>1050000</misses>
				<total>1036838</total>
			</report>
			<report>
				<misses>1060000</misses>
				<total>1046837</total>
			</report>
			<report>
				<misses>1070000</misses>
				<total>1056836</total>
			</report>
			<report>
				<misses>1080000</misses>
				<total>1066835</total>
			</report>
			<report>
				<misses>1090000</misses>
				<total>1076834</total>
			</report>
			<report>
				<misses>1100000</misses>
				<total>1086833</total>
			</report>
			<report>
				<misses>1110000</misses>
				<total>1096832</total>
			</report>
			<report>
				<misses>1120000</misses>
				<total>1106831</total>
			</report>
			<report>
				<misses>1130000</misses>
				<total>1116830</total>
			</report>
			<report>
				<misses>1140000</misses>
				<total>1126829</total>
			</report>
			<report>
				<misses>1150000</misses>
				<total>1136828</total>
			</report>
			<report>
				<misses>1160000</misses>
				<total>1146827</total>
			</report>
			<report>
				<misses>1170000</misses>
				<total>1156826</total>
			</report>
			<report>
				<misses>1180000</misses>
				<total>1166825</total>
			</report>
			<report>
				<misses>1190000</misses>
				<total>1176824</total>
			</report>
			<report>
				<misses>1200000</misses>
				<total>1186823</total>
			</report>
			<report>
				<misses>1210000</misses>
				<total>1196822</total>
			</report>
			<report>
				<misses>1220000</misses>
				<total>1206821</total>
			</report>
			<report>
				<misses>1230000</misses>
				<total>1216820</total>
			</report>
			<report>
				<misses>1240000</misses>
				<total>1226819</total>
			</report>
			<report>
				<misses>1250000</misses>
				<total>1236818</total>
			</report>
			<report>
				<misses>1260000</misses>
				<total>1246817</total>
			</report>
			<report>
				<misses>1270000</misses>
				<total>1256816</total>
			</report>
			<report>
				<misses>1280000</misses>
				<total>1266815</total>
			</report>
			<report>
				<misses>1290000</misses>
				<total>1276814</total>
			</report>
			<report>
				<misses>1300000</misses>
				<total>1286813</total>
			</report>
			<report>
				<misses>1310000</misses>
				<total>1293455</total>
			</report>
			<report>
				<misses>1320000</misses>
				<total>1299059</total>
			</report>
			<report>
				<misses>1330000</misses>
				<total>1309058</total>
			</report>
			<report>
				<misses>1340000</misses>
				<total>1319057</total>
			</report>
			<report>
				<misses>1350000</misses>
				<total>1329056</total>
			</report>
			<report>
				<misses>1360000</misses>
				<total>1339055</total>
			</report>
			<report>
				<misses>1370000</misses>
				<total>1349054</total>
			</report>
			<report>
				<misses>1380000</misses>
				<total>1359053</total>
			</report>
			<report>
				<misses>1390000</misses>
				<total>1369052</total>
			</report>
			<report>
				<misses>1400000</misses>
				<total>1379051</total>
			</report>
			<report>
				<misses>1410000</misses>
				<total>1389050</total>
			</report>
			<report>
				<misses>1420000</misses>
				<total>1399049</total>
			</report>
			<report>
				<misses>1430000</misses>
				<total>1409048</total>
			</report>
			<report>
				<misses>1440000</misses>
				<total>1419047</total>
			</report>
			<report>
				<misses>1450000</misses>
				<total>1429046</total>
			</report>
			<report>
				<misses>1460000</misses>
				<total>1439045</total>
			</report>
			<report>
				<misses>1470000</misses>
				<total>1449044</total>
			</report>
			<report>
				<misses>1480000</misses>
				<total>1459043</total>
			</report>
			<report>
				<misses>1490000</misses>
				<total>1469042</total>
			</report>
			<report>
				<misses>1500000</misses>
				<total>1479041</total>
			</report>
			<report>
				<misses>1510000</misses>
				<total>1489040</total>
			</report>
			<report>
				<misses>1520000</misses>
				<total>1499039</total>
			</report>
			<report>
				<misses>1530000</misses>
				<total>1509038</total>
			</report>
			<report>
				<misses>1540000</misses>
				<total>1519037</total>
			</report>
			<report>
				<misses>1550000</misses>
				<total>1529036</total>
			</report>
			<report>
				<misses>1560000</misses>
				<total>1539035</total>
			</report>
			<report>
				<misses>1570000</misses>
				<total>1549034</total>
			</report>
			<report>
				<misses>1580000</misses>
				<total>1559033</total>
			</report>
			<report>
				<misses>1590000</misses>
				<total>1569032</total>
			</report>
			<report>
				<misses>1600000</misses>
				<total>1579031</total>
			</report>
			<report>
				<misses>1610000</misses>
				<total>1589030</total>
			</report>
			<report>
				<misses>1620000</misses>
				<total>1599029</total>
			</report>
			<report>
				<misses>1630000</misses>
				<total>1609028</total>
			</report>
			<report>
				<misses>1640000</misses>
				<total>1619027</total>
			</report>
			<report>
				<misses>1650000</misses>
				<total>1629026</total>
			</report>
			<report>
				<misses>1660000</misses>
				<total>1639025</total>
			</report>
			<report>
				<misses>1670000</misses>
				<total>1649024</total>
			</report>
			<report>
				<misses>1680000</misses>
				<total>1659023</total>
			</report>
			<report>
				<misses>1690000</misses>
				<total>1669022</total>
			</report>
			<report>
				<misses>1700000</misses>
				<total>1679021</total>
			</report>
			<report>
				<misses>1710000</misses>
				<total>1689020</total>
			</report>
			<report>
				<misses>1720000</misses>
				<total>1699019</total>
			</report>
			<report>
				<misses>1730000</misses>
				<total>1709018</total>
			</report>
			<report>
				<misses>1740000</misses>
				<total>1718538</total>
			</report>
			<report>
				<misses>1750000</misses>
				<total>1723462</total>
			</report>
			<report>
				<misses>1760000</misses>
				<total>1731135</total>
			</report>
			<report>
				<misses>1770000</misses>
				<total>1741134</total>
			</report>
			<report>
				<misses>1780000</misses>
				<total>1751133</total>
			</report>
			<report>
				<misses>1790000</misses>
				<total>1761132</total>
			</report>
			<report>
				<misses>1800000</misses>
				<total>1771131</total>
			</report>
			<report>
				<misses>1810000</misses>
				<total>1781130</total>
			</report>
			<report>
				<misses>1820000</misses>
				<total>1791129</total>
			</report>
			<report>
				<misses>1830000</misses>
				<total>1801128</total>
			</report>
			<report>
				<misses>1840000</misses>
				<total>1811127</total>
			</report>
			<report>
				<misses>1850000</misses>
				<total>1821126</total>
			</report>
			<report>
				<misses>1860000</misses>
				<total>1831125</total>
			</report>
			<report>
				<misses>1870000</misses>
				<total>1841124</total>
			</report>
			<report>
				<misses>1880000</misses>
				<total>1851123</total>
			</report>
			<report>
				<misses>1890000</misses>
				<total>1861122</total>
			</report>
			<report>
				<misses>1900000</misses>
				<total>1871121</total>
			</report>
			<report>
				<misses>1910000</misses>
				<total>1881120</total>
			</report>
			<report>
				<misses>1920000</misses>
				<total>1891119</total>
			</report>
			<report>
				<misses>1930000</misses>
				<total>1901118</total>
			</report>
			<report>
				<misses>1940000</misses>
				<total>1911117</total>
			</report>
			<report>
				<misses>1950000</misses>
				<total>1921116</total>
			</report>
			<report>
				<misses>1960000</misses>
				<total>1931115</total>
			</report>
			<report>
				<misses>1970000</misses>
				<total>1941114</total>
			</report>
			<report>
				<misses>1980000</misses>
				<total>1951113</total>
			</report>
			<report>
				<misses>1990000</misses>
				<total>1961112</total>
			</report>
			<report>
				<misses>2000000</misses>
				<total>1971111</total>
			</report>
		</query>
	</custom>
	<ethtool_statistic>
		<rx_packets>
			<start>16926184340</start>
			<end>16932243976</end>
		</rx_packets>
		<tx_packets>
			<start>19690867959</start>
			<end>19710501993</end>
		</tx_packets>
		<rx_dropped>
			<start>63</start>
			<end>63</end>
		</rx_dropped>
		<tx_dropped>
			<start>0</start>
			<end>0</end>
		</tx_dropped>
		<collisions>
			<start>0</start>
			<end>0</end>
		</collisions>
		<port_tx_errors>
			<start>0</start>
			<end>0</end>
		</port_tx_errors>
		<port_rx_dropped>
			<start>0</start>
			<end>0</end>
		</port_rx_dropped>
		<port_tx_dropped_link_down>
			<start>0</start>
			<end>0</end>
		</port_tx_dropped_link_down>
	</ethtool_statistic>
	<ip_statistic>
		<mtu>
			<start>9000</start>
			<end>9000</end>
		</mtu>
		<rx_bytes>
			<start>152153324070797</start>
			<end>152207796084463</end>
		</rx_bytes>
		<rx_packets>
			<start>16926184594</start>
			<end>16932244060</end>
		</rx_packets>
		<rx_errors>
			<start>0</start>
			<end>0</end>
		</rx_errors>
		<rx_dropped>
			<start>69</start>
			<end>69</end>
		</rx_dropped>
		<rx_missed>
			<start>0</start>
			<end>0</end>
		</rx_missed>
		<rx_mcast>
			<start>12320</start>
			<end>12326</end>
		</rx_mcast>
		<tx_bytes>
			<start>133403327463216</start>
			<end>133566556523648</end>
		</tx_bytes>
		<tx_packets>
			<start>19690868006</start>
			<end>19710502038</end>
		</tx_packets>
		<tx_errors>
			<start>0</start>
			<end>0</end>
		</tx_errors>
		<tx_dropped>
			<start>0</start>
			<end>0</end>
		</tx_dropped>
		<tx_carrier>
			<start>0</start>
			<end>0</end>
		</tx_carrier>
		<tx_collisions>
			<start>0</start>
			<end>0</end>
		</tx_collisions>
	</ip_statistic>
	<netstat_statistic>
		<udp_pkg_rec>
			<start>16654679511</start>
			<end>16660552460</end>
		</udp_pkg_rec>
		<udp_pkg_snt>
			<start>16655680962</start>
			<end>16661316658</end>
		</udp_pkg_snt>
		<udp_rec_err>
			<start>273502525</start>
			<end>273688874</end>
		</udp_rec_err>
		<udp_rec_buf_err>
			<start>273502525</start>
			<end>273688874</end>
		</udp_rec_buf_err>
		<udp_snt_buf_err>
			<start>28</start>
			<end>28</end>
		</udp_snt_buf_err>
	</netstat_statistic>
</test_results>
