<?xml version="1.0"?>
<test_results>
	<status>STATUS_SUCCESS</status>
	<custom>
		<num_loss>32</num_loss>
		<num_total>19477777</num_total>
		<num_misses>1</num_misses>
		<elapsed_time>7199.571375</elapsed_time>
		<query>
			<report>
				<misses>1001</misses>
				<total>1</total>
				<timestamp>0.369880</timestamp>
			</report>
			<report>
				<misses>2001</misses>
				<total>1</total>
				<timestamp>0.739428</timestamp>
			</report>
			<report>
				<misses>3001</misses>
				<total>1</total>
				<timestamp>1.109100</timestamp>
			</report>
			<report>
				<misses>4001</misses>
				<total>1</total>
				<timestamp>1.478707</timestamp>
			</report>
			<report>
				<misses>5001</misses>
				<total>1</total>
				<timestamp>1.848324</timestamp>
			</report>
			<report>
				<misses>6001</misses>
				<total>0</total>
				<timestamp>2.218096</timestamp>
			</report>
			<report>
				<misses>7001</misses>
				<total>1</total>
				<timestamp>2.587584</timestamp>
			</report>
			<report>
				<misses>8001</misses>
				<total>1</total>
				<timestamp>2.957214</timestamp>
			</report>
			<report>
				<misses>9001</misses>
				<total>1</total>
				<timestamp>3.326822</timestamp>
			</report>
			<report>
				<misses>10001</misses>
				<total>0</total>
				<timestamp>3.696574</timestamp>
			</report>
			<report>
				<misses>11001</misses>
				<total>1</total>
				<timestamp>4.066134</timestamp>
			</report>
			<report>
				<misses>12001</misses>
				<total>1</total>
				<timestamp>4.435741</timestamp>
			</report>
			<report>
				<misses>13001</misses>
				<total>1</total>
				<timestamp>4.805369</timestamp>
			</report>
			<report>
				<misses>14001</misses>
				<total>1</total>
				<timestamp>5.175100</timestamp>
			</report>
			<report>
				<misses>15001</misses>
				<total>1</total>
				<timestamp>5.544672</timestamp>
			</report>
			<report>
				<misses>16001</misses>
				<total>1</total>
				<timestamp>5.914252</timestamp>
			</report>
			<report>
				<misses>17001</misses>
				<total>1</total>
				<timestamp>6.283881</timestamp>
			</report>
			<report>
				<misses>18001</misses>
				<total>1</total>
				<timestamp>6.653538</timestamp>
			</report>
			<report>
				<misses>19001</misses>
				<total>1</total>
				<timestamp>7.023166</timestamp>
			</report>
			<report>
				<misses>20001</misses>
				<total>0</total>
				<timestamp>7.392863</timestamp>
			</report>
			<report>
				<misses>21001</misses>
				<total>1</total>
				<timestamp>7.762431</timestamp>
			</report>
			<report>
				<misses>22001</misses>
				<total>1</total>
				<timestamp>8.132052</timestamp>
			</report>
			<report>
				<misses>23001</misses>
				<total>1</total>
				<timestamp>8.501679</timestamp>
			</report>
			<report>
				<misses>24001</misses>
				<total>1</total>
				<timestamp>8.871294</timestamp>
			</report>
			<report>
				<misses>25001</misses>
				<total>1</total>
				<timestamp>9.240964</timestamp>
			</report>
			<report>
				<misses>26001</misses>
				<total>1</total>
				<timestamp>9.610558</timestamp>
			</report>
			<report>
				<misses>27001</misses>
				<total>1</total>
				<timestamp>9.980190</timestamp>
			</report>
			<report>
				<misses>28001</misses>
				<total>1</total>
				<timestamp>10.349806</timestamp>
			</report>
			<report>
				<misses>29001</misses>
				<total>1</total>
				<timestamp>10.719490</timestamp>
			</report>
			<report>
				<misses>30001</misses>
				<total>1</total>
				<timestamp>11.089103</timestamp>
			</report>
			<report>
				<misses>31001</misses>
				<total>1</total>
				<timestamp>11.458691</timestamp>
			</report>
			<report>
				<misses>32001</misses>
				<total>1</total>
				<timestamp>11.828377</timestamp>
			</report>
			<report>
				<misses>33001</misses>
				<total>1</total>
				<timestamp>12.198023</timestamp>
			</report>
			<report>
				<misses>34001</misses>
				<total>0</total>
				<timestamp>12.567677</timestamp>
			</report>
			<report>
				<misses>35001</misses>
				<total>1</total>
				<timestamp>12.937224</timestamp>
			</report>
			<report>
				<misses>36001</misses>
				<total>1</total>
				<timestamp>13.306848</timestamp>
			</report>
			<report>
				<misses>37001</misses>
				<total>1</total>
				<timestamp>13.676513</timestamp>
			</report>
			<report>
				<misses>38001</misses>
				<total>1</total>
				<timestamp>14.046113</timestamp>
			</report>
			<report>
				<misses>39001</misses>
				<total>1</total>
				<timestamp>14.415751</timestamp>
			</report>
			<report>
				<misses>40001</misses>
				<total>1</total>
				<timestamp>14.785420</timestamp>
			</report>
			<report>
				<misses>41001</misses>
				<total>1</total>
				<timestamp>15.155047</timestamp>
			</report>
			<report>
				<misses>42001</misses>
				<total>1</total>
				<timestamp>15.524668</timestamp>
			</report>
			<report>
				<misses>43001</misses>
				<total>1</total>
				<timestamp>15.894253</timestamp>
			</report>
			<report>
				<misses>44001</misses>
				<total>1</total>
				<timestamp>16.263946</timestamp>
			</report>
			<report>
				<misses>45001</misses>
				<total>1</total>
				<timestamp>16.633544</timestamp>
			</report>
			<report>
				<misses>46001</misses>
				<total>1</total>
				<timestamp>17.003141</timestamp>
			</report>
			<report>
				<misses>47001</misses>
				<total>1</total>
				<timestamp>17.372799</timestamp>
			</report>
			<report>
				<misses>48001</misses>
				<total>1</total>
				<timestamp>17.742427</timestamp>
			</report>
			<report>
				<misses>49001</misses>
				<total>1</total>
				<timestamp>18.112069</timestamp>
			</report>
			<report>
				<misses>50001</misses>
				<total>1</total>
				<timestamp>18.481666</timestamp>
			</report>
			<report>
				<misses>51001</misses>
				<total>1</total>
				<timestamp>18.851308</timestamp>
			</report>
			<report>
				<misses>52001</misses>
				<total>1</total>
				<timestamp>19.220985</timestamp>
			</report>
			<report>
				<misses>53001</misses>
				<total>1</total>
				<timestamp>19.590621</timestamp>
			</report>
			<report>
				<misses>54001</misses>
				<total>1</total>
				<timestamp>19.960291</timestamp>
			</report>
			<report>
				<misses>55001</misses>
				<total>1</total>
				<timestamp>20.329833</timestamp>
			</report>
			<report>
				<misses>56001</misses>
				<total>1</total>
				<timestamp>20.699499</timestamp>
			</report>
			<report>
				<misses>57001</misses>
				<total>1</total>
				<timestamp>21.069145</timestamp>
			</report>
			<report>
				<misses>58001</misses>
				<total>1</total>
				<timestamp>21.438709</timestamp>
			</report>
			<report>
				<misses>59001</misses>
				<total>1</total>
				<timestamp>21.808406</timestamp>
			</report>
			<report>
				<misses>60001</misses>
				<total>1</total>
				<timestamp>22.178075</timestamp>
			</report>
			<report>
				<misses>61001</misses>
				<total>1</total>
				<timestamp>22.547633</timestamp>
			</report>
			<report>
				<misses>62001</misses>
				<total>1</total>
				<timestamp>22.917224</timestamp>
			</report>
			<report>
				<misses>63001</misses>
				<total>1</total>
				<timestamp>23.286887</timestamp>
			</report>
			<report>
				<misses>64001</misses>
				<total>1</total>
				<timestamp>23.656491</timestamp>
			</report>
			<report>
				<misses>65001</misses>
				<total>1</total>
				<timestamp>24.026146</timestamp>
			</report>
			<report>
				<misses>66001</misses>
				<total>1</total>
				<timestamp>24.395751</timestamp>
			</report>
			<report>
				<misses>67001</misses>
				<total>1</total>
				<timestamp>24.765404</timestamp>
			</report>
			<report>
				<misses>68001</misses>
				<total>1</total>
				<timestamp>25.135058</timestamp>
			</report>
			<report>
				<misses>69001</misses>
				<total>1</total>
				<timestamp>25.504654</timestamp>
			</report>
			<report>
				<misses>70001</misses>
				<total>1</total>
				<timestamp>25.874325</timestamp>
			</report>
			<report>
				<misses>71001</misses>
				<total>1</total>
				<timestamp>26.243920</timestamp>
			</report>
			<report>
				<misses>72001</misses>
				<total>1</total>
				<timestamp>26.613546</timestamp>
			</report>
			<report>
				<misses>73001</misses>
				<total>1</total>
				<timestamp>26.983191</timestamp>
			</report>
			<report>
				<misses>74001</misses>
				<total>1</total>
				<timestamp>27.352871</timestamp>
			</report>
			<report>
				<misses>75001</misses>
				<total>1</total>
				<timestamp>27.722471</timestamp>
			</report>
			<report>
				<misses>76001</misses>
				<total>1</total>
				<timestamp>28.092121</timestamp>
			</report>
			<report>
				<misses>77001</misses>
				<total>1</total>
				<timestamp>28.461718</timestamp>
			</report>
			<report>
				<misses>78001</misses>
				<total>1</total>
				<timestamp>28.831363</timestamp>
			</report>
			<report>
				<misses>79001</misses>
				<total>1</total>
				<timestamp>29.200947</timestamp>
			</report>
			<report>
				<misses>80001</misses>
				<total>1</total>
				<timestamp>29.570564</timestamp>
			</report>
			<report>
				<misses>81001</misses>
				<total>1</total>
				<timestamp>29.940251</timestamp>
			</report>
			<report>
				<misses>82001</misses>
				<total>1</total>
				<timestamp>30.309883</timestamp>
			</report>
			<report>
				<misses>83001</misses>
				<total>1</total>
				<timestamp>30.679480</timestamp>
			</report>
			<report>
				<misses>84001</misses>
				<total>1</total>
				<timestamp>31.049169</timestamp>
			</report>
			<report>
				<misses>85001</misses>
				<total>1</total>
				<timestamp>31.418712</timestamp>
			</report>
			<report>
				<misses>86001</misses>
				<total>1</total>
				<timestamp>31.788339</timestamp>
			</report>
			<report>
				<misses>87001</misses>
				<total>1</total>
				<timestamp>32.158014</timestamp>
			</report>
			<report>
				<misses>88001</misses>
				<total>1</total>
				<timestamp>32.527616</timestamp>
			</report>
			<report>
				<misses>89001</misses>
				<total>1</total>
				<timestamp>32.897301</timestamp>
			</report>
			<report>
				<misses>90001</misses>
				<total>1</total>
				<timestamp>33.266898</timestamp>
			</report>
			<report>
				<misses>91001</misses>
				<total>1</total>
				<timestamp>33.636524</timestamp>
			</report>
			<report>
				<misses>92001</misses>
				<total>1</total>
				<timestamp>34.006167</timestamp>
			</report>
			<report>
				<misses>93001</misses>
				<total>1</total>
				<timestamp>34.375769</timestamp>
			</report>
			<report>
				<misses>94001</misses>
				<total>1</total>
				<timestamp>34.745460</timestamp>
			</report>
			<report>
				<misses>95001</misses>
				<total>1</total>
				<timestamp>35.115093</timestamp>
			</report>
			<report>
				<misses>96001</misses>
				<total>1</total>
				<timestamp>35.484654</timestamp>
			</report>
			<report>
				<misses>97001</misses>
				<total>1</total>
				<timestamp>35.854296</timestamp>
			</report>
			<report>
				<misses>98001</misses>
				<total>1</total>
				<timestamp>36.223920</timestamp>
			</report>
			<report>
				<misses>99001</misses>
				<total>1</total>
				<timestamp>36.593582</timestamp>
			</report>
			<report>
				<misses>100001</misses>
				<total>1</total>
				<timestamp>36.963202</timestamp>
			</report>
			<report>
				<misses>101001</misses>
				<total>1</total>
				<timestamp>37.332868</timestamp>
			</report>
			<report>
				<misses>102001</misses>
				<total>1</total>
				<timestamp>37.702491</timestamp>
			</report>
			<report>
				<misses>103001</misses>
				<total>1</total>
				<timestamp>38.072046</timestamp>
			</report>
			<report>
				<misses>104001</misses>
				<total>1</total>
				<timestamp>38.441748</timestamp>
			</report>
			<report>
				<misses>105001</misses>
				<total>1</total>
				<timestamp>38.811305</timestamp>
			</report>
			<report>
				<misses>106001</misses>
				<total>1</total>
				<timestamp>39.180975</timestamp>
			</report>
			<report>
				<misses>107001</misses>
				<total>0</total>
				<timestamp>39.550678</timestamp>
			</report>
			<report>
				<misses>108001</misses>
				<total>1</total>
				<timestamp>39.920258</timestamp>
			</report>
			<report>
				<misses>109001</misses>
				<total>1</total>
				<timestamp>40.289905</timestamp>
			</report>
			<report>
				<misses>110001</misses>
				<total>0</total>
				<timestamp>40.659560</timestamp>
			</report>
			<report>
				<misses>111001</misses>
				<total>1</total>
				<timestamp>41.029140</timestamp>
			</report>
			<report>
				<misses>112001</misses>
				<total>1</total>
				<timestamp>41.398732</timestamp>
			</report>
			<report>
				<misses>113001</misses>
				<total>1</total>
				<timestamp>41.768449</timestamp>
			</report>
			<report>
				<misses>114001</misses>
				<total>1</total>
				<timestamp>42.137986</timestamp>
			</report>
			<report>
				<misses>115001</misses>
				<total>1</total>
				<timestamp>42.507606</timestamp>
			</report>
			<report>
				<misses>116001</misses>
				<total>1</total>
				<timestamp>42.877304</timestamp>
			</report>
			<report>
				<misses>117001</misses>
				<total>1</total>
				<timestamp>43.246935</timestamp>
			</report>
			<report>
				<misses>118001</misses>
				<total>1</total>
				<timestamp>43.616506</timestamp>
			</report>
			<report>
				<misses>119001</misses>
				<total>1</total>
				<timestamp>43.986185</timestamp>
			</report>
			<report>
				<misses>120001</misses>
				<total>1</total>
				<timestamp>44.355827</timestamp>
			</report>
			<report>
				<misses>121001</misses>
				<total>1</total>
				<timestamp>44.725393</timestamp>
			</report>
			<report>
				<misses>122001</misses>
				<total>1</total>
				<timestamp>45.095054</timestamp>
			</report>
			<report>
				<misses>123001</misses>
				<total>1</total>
				<timestamp>45.464648</timestamp>
			</report>
			<report>
				<misses>124001</misses>
				<total>1</total>
				<timestamp>45.834352</timestamp>
			</report>
			<report>
				<misses>125001</misses>
				<total>1</total>
				<timestamp>46.203973</timestamp>
			</report>
			<report>
				<misses>126001</misses>
				<total>1</total>
				<timestamp>46.573593</timestamp>
			</report>
			<report>
				<misses>127001</misses>
				<total>1</total>
				<timestamp>46.943216</timestamp>
			</report>
			<report>
				<misses>128001</misses>
				<total>1</total>
				<timestamp>47.312813</timestamp>
			</report>
			<report>
				<misses>129001</misses>
				<total>1</total>
				<timestamp>47.682426</timestamp>
			</report>
			<report>
				<misses>130001</misses>
				<total>1</total>
				<timestamp>48.052129</timestamp>
			</report>
			<report>
				<misses>131001</misses>
				<total>1</total>
				<timestamp>48.421723</timestamp>
			</report>
			<report>
				<misses>132001</misses>
				<total>1</total>
				<timestamp>48.791332</timestamp>
			</report>
			<report>
				<misses>133001</misses>
				<total>1</total>
				<timestamp>49.161002</timestamp>
			</report>
			<report>
				<misses>134001</misses>
				<total>1</total>
				<timestamp>49.530594</timestamp>
			</report>
			<report>
				<misses>135001</misses>
				<total>1</total>
				<timestamp>49.900229</timestamp>
			</report>
			<report>
				<misses>136001</misses>
				<total>1</total>
				<timestamp>50.269885</timestamp>
			</report>
			<report>
				<misses>137001</misses>
				<total>1</total>
				<timestamp>50.639503</timestamp>
			</report>
			<report>
				<misses>138001</misses>
				<total>1</total>
				<timestamp>51.009130</timestamp>
			</report>
			<report>
				<misses>139001</misses>
				<total>1</total>
				<timestamp>51.378825</timestamp>
			</report>
			<report>
				<misses>140001</misses>
				<total>1</total>
				<timestamp>51.748401</timestamp>
			</report>
			<report>
				<misses>141001</misses>
				<total>0</total>
				<timestamp>52.118120</timestamp>
			</report>
			<report>
				<misses>142001</misses>
				<total>1</total>
				<timestamp>52.487701</timestamp>
			</report>
			<report>
				<misses>143001</misses>
				<total>1</total>
				<timestamp>52.857267</timestamp>
			</report>
			<report>
				<misses>144001</misses>
				<total>1</total>
				<timestamp>53.226956</timestamp>
			</report>
			<report>
				<misses>145001</misses>
				<total>0</total>
				<timestamp>53.596623</timestamp>
			</report>
			<report>
				<misses>146001</misses>
				<total>1</total>
				<timestamp>53.966198</timestamp>
			</report>
			<report>
				<misses>147001</misses>
				<total>1</total>
				<timestamp>54.335781</timestamp>
			</report>
			<report>
				<misses>148001</misses>
				<total>0</total>
				<timestamp>54.705559</timestamp>
			</report>
			<report>
				<misses>149001</misses>
				<total>1</total>
				<timestamp>55.075040</timestamp>
			</report>
			<report>
				<misses>150001</misses>
				<total>1</total>
				<timestamp>55.444719</timestamp>
			</report>
			<report>
				<misses>151001</misses>
				<total>1</total>
				<timestamp>55.814315</timestamp>
			</report>
			<report>
				<misses>152001</misses>
				<total>1</total>
				<timestamp>56.183986</timestamp>
			</report>
			<report>
				<misses>153001</misses>
				<total>1</total>
				<timestamp>56.553625</timestamp>
			</report>
			<report>
				<misses>154001</misses>
				<total>1</total>
				<timestamp>56.923177</timestamp>
			</report>
			<report>
				<misses>155001</misses>
				<total>1</total>
				<timestamp>57.292832</timestamp>
			</report>
			<report>
				<misses>156001</misses>
				<total>1</total>
				<timestamp>57.662483</timestamp>
			</report>
			<report>
				<misses>157001</misses>
				<total>1</total>
				<timestamp>58.032069</timestamp>
			</report>
			<report>
				<misses>158001</misses>
				<total>1</total>
				<timestamp>58.401777</timestamp>
			</report>
			<report>
				<misses>159001</misses>
				<total>1</total>
				<timestamp>58.771397</timestamp>
			</report>
			<report>
				<misses>160001</misses>
				<total>1</total>
				<timestamp>59.140982</timestamp>
			</report>
			<report>
				<misses>161001</misses>
				<total>1</total>
				<timestamp>59.510613</timestamp>
			</report>
			<report>
				<misses>162001</misses>
				<total>1</total>
				<timestamp>59.880275</timestamp>
			</report>
			<report>
				<misses>163001</misses>
				<total>1</total>
				<timestamp>60.249914</timestamp>
			</report>
			<report>
				<misses>164001</misses>
				<total>1</total>
				<timestamp>60.619528</timestamp>
			</report>
			<report>
				<misses>165001</misses>
				<total>1</total>
				<timestamp>60.989142</timestamp>
			</report>
			<report>
				<misses>166001</misses>
				<total>1</total>
				<timestamp>61.358836</timestamp>
			</report>
			<report>
				<misses>167001</misses>
				<total>1</total>
				<timestamp>61.728383</timestamp>
			</report>
			<report>
				<misses>168001</misses>
				<total>1</total>
				<timestamp>62.098041</timestamp>
			</report>
			<report>
				<misses>169001</misses>
				<total>1</total>
				<timestamp>62.467659</timestamp>
			</report>
			<report>
				<misses>170001</misses>
				<total>1</total>
				<timestamp>62.837298</timestamp>
			</report>
			<report>
				<misses>171001</misses>
				<total>1</total>
				<timestamp>63.206938</timestamp>
			</report>
			<report>
				<misses>172001</misses>
				<total>1</total>
				<timestamp>63.576538</timestamp>
			</report>
			<report>
				<misses>173001</misses>
				<total>1</total>
				<timestamp>63.946167</timestamp>
			</report>
			<report>
				<misses>174001</misses>
				<total>1</total>
				<timestamp>64.315782</timestamp>
			</report>
			<report>
				<misses>175001</misses>
				<total>1</total>
				<timestamp>64.685424</timestamp>
			</report>
			<report>
				<misses>176001</misses>
				<total>1</total>
				<timestamp>65.055110</timestamp>
			</report>
			<report>
				<misses>177001</misses>
				<total>1</total>
				<timestamp>65.424786</timestamp>
			</report>
			<report>
				<misses>178001</misses>
				<total>1</total>
				<timestamp>65.794361</timestamp>
			</report>
			<report>
				<misses>179001</misses>
				<total>1</total>
				<timestamp>66.163958</timestamp>
			</report>
			<report>
				<misses>180001</misses>
				<total>1</total>
				<timestamp>66.533585</timestamp>
			</report>
			<report>
				<misses>181001</misses>
				<total>1</total>
				<timestamp>66.903207</timestamp>
			</report>
			<report>
				<misses>182001</misses>
				<total>1</total>
				<timestamp>67.272855</timestamp>
			</report>
			<report>
				<misses>183001</misses>
				<total>1</total>
				<timestamp>67.642470</timestamp>
			</report>
			<report>
				<misses>184001</misses>
				<total>1</total>
				<timestamp>68.012105</timestamp>
			</report>
			<report>
				<misses>185001</misses>
				<total>1</total>
				<timestamp>68.381811</timestamp>
			</report>
			<report>
				<misses>186001</misses>
				<total>1</total>
				<timestamp>68.751364</timestamp>
			</report>
			<report>
				<misses>187001</misses>
				<total>1</total>
				<timestamp>69.121011</timestamp>
			</report>
			<report>
				<misses>188001</misses>
				<total>1</total>
				<timestamp>69.490618</timestamp>
			</report>
			<report>
				<misses>189001</misses>
				<total>1</total>
				<timestamp>69.860219</timestamp>
			</report>
			<report>
				<misses>190001</misses>
				<total>1</total>
				<timestamp>70.229871</timestamp>
			</report>
			<report>
				<misses>191001</misses>
				<total>1</total>
				<timestamp>70.599514</timestamp>
			</report>
			<report>
				<misses>192001</misses>
				<total>1</total>
				<timestamp>70.969190</timestamp>
			</report>
			<report>
				<misses>193001</misses>
				<total>1</total>
				<timestamp>71.338762</timestamp>
			</report>
			<report>
				<misses>194001</misses>
				<total>0</total>
				<timestamp>71.708485</timestamp>
			</report>
			<report>
				<misses>195001</misses>
				<total>1</total>
				<timestamp>72.078062</timestamp>
			</report>
			<report>
				<misses>196001</misses>
				<total>1</total>
				<timestamp>72.447700</timestamp>
			</report>
			<report>
				<misses>197001</misses>
				<total>1</total>
				<timestamp>72.817347</timestamp>
			</report>
			<report>
				<misses>198001</misses>
				<total>1</total>
				<timestamp>73.186906</timestamp>
			</report>
			<report>
				<misses>199001</misses>
				<total>1</total>
				<timestamp>73.556667</timestamp>
			</report>
			<report>
				<misses>200001</misses>
				<total>1</total>
				<timestamp>73.926203</timestamp>
			</report>
			<report>
				<misses>201001</misses>
				<total>1</total>
				<timestamp>74.295842</timestamp>
			</report>
			<report>
				<misses>202001</misses>
				<total>1</total>
				<timestamp>74.665434</timestamp>
			</report>
			<report>
				<misses>203001</misses>
				<total>1</total>
				<timestamp>75.035088</timestamp>
			</report>
			<report>
				<misses>204001</misses>
				<total>1</total>
				<timestamp>75.404731</timestamp>
			</report>
			<report>
				<misses>205001</misses>
				<total>1</total>
				<timestamp>75.774316</timestamp>
			</report>
			<report>
				<misses>206001</misses>
				<total>1</total>
				<timestamp>76.143938</timestamp>
			</report>
			<report>
				<misses>207001</misses>
				<total>1</total>
				<timestamp>76.513646</timestamp>
			</report>
			<report>
				<misses>208001</misses>
				<total>1</total>
				<timestamp>76.883251</timestamp>
			</report>
			<report>
				<misses>209001</misses>
				<total>1</total>
				<timestamp>77.252891</timestamp>
			</report>
			<report>
				<misses>210001</misses>
				<total>0</total>
				<timestamp>77.622605</timestamp>
			</report>
			<report>
				<misses>211001</misses>
				<total>1</total>
				<timestamp>77.992152</timestamp>
			</report>
			<report>
				<misses>212001</misses>
				<total>1</total>
				<timestamp>78.361791</timestamp>
			</report>
			<report>
				<misses>213001</misses>
				<total>1</total>
				<timestamp>78.731365</timestamp>
			</report>
			<report>
				<misses>214001</misses>
				<total>1</total>
				<timestamp>79.100983</timestamp>
			</report>
			<report>
				<misses>215001</misses>
				<total>1</total>
				<timestamp>79.470645</timestamp>
			</report>
			<report>
				<misses>216001</misses>
				<total>1</total>
				<timestamp>79.840288</timestamp>
			</report>
			<report>
				<misses>217001</misses>
				<total>1</total>
				<timestamp>80.209890</timestamp>
			</report>
			<report>
				<misses>218001</misses>
				<total>1</total>
				<timestamp>80.579526</timestamp>
			</report>
			<report>
				<misses>219001</misses>
				<total>1</total>
				<timestamp>80.949167</timestamp>
			</report>
			<report>
				<misses>220001</misses>
				<total>1</total>
				<timestamp>81.318835</timestamp>
			</report>
			<report>
				<misses>221001</misses>
				<total>1</total>
				<timestamp>81.688441</timestamp>
			</report>
			<report>
				<misses>222001</misses>
				<total>1</total>
				<timestamp>82.058083</timestamp>
			</report>
			<report>
				<misses>223001</misses>
				<total>1</total>
				<timestamp>82.427730</timestamp>
			</report>
			<report>
				<misses>224001</misses>
				<total>1</total>
				<timestamp>82.797286</timestamp>
			</report>
			<report>
				<misses>225001</misses>
				<total>1</total>
				<timestamp>83.166928</timestamp>
			</report>
			<report>
				<misses>226001</misses>
				<total>1</total>
				<timestamp>83.536595</timestamp>
			</report>
			<report>
				<misses>227001</misses>
				<total>1</total>
				<timestamp>83.906221</timestamp>
			</report>
			<report>
				<misses>228001</misses>
				<total>1</total>
				<timestamp>84.275829</timestamp>
			</report>
			<report>
				<misses>229001</misses>
				<total>1</total>
				<timestamp>84.645482</timestamp>
			</report>
			<report>
				<misses>230001</misses>
				<total>1</total>
				<timestamp>85.015117</timestamp>
			</report>
			<report>
				<misses>231001</misses>
				<total>1</total>
				<timestamp>85.384728</timestamp>
			</report>
			<report>
				<misses>232001</misses>
				<total>1</total>
				<timestamp>85.754388</timestamp>
			</report>
			<report>
				<misses>233001</misses>
				<total>1</total>
				<timestamp>86.123978</timestamp>
			</report>
			<report>
				<misses>234001</misses>
				<total>1</total>
				<timestamp>86.493684</timestamp>
			</report>
			<report>
				<misses>235001</misses>
				<total>1</total>
				<timestamp>86.863280</timestamp>
			</report>
			<report>
				<misses>236001</misses>
				<total>1</total>
				<timestamp>87.232859</timestamp>
			</report>
			<report>
				<misses>237001</misses>
				<total>1</total>
				<timestamp>87.602553</timestamp>
			</report>
			<report>
				<misses>238001</misses>
				<total>0</total>
				<timestamp>87.972212</timestamp>
			</report>
			<report>
				<misses>239001</misses>
				<total>1</total>
				<timestamp>88.341755</timestamp>
			</report>
			<report>
				<misses>240001</misses>
				<total>1</total>
				<timestamp>88.711434</timestamp>
			</report>
			<report>
				<misses>241001</misses>
				<total>1</total>
				<timestamp>89.081023</timestamp>
			</report>
			<report>
				<misses>242001</misses>
				<total>1</total>
				<timestamp>89.450708</timestamp>
			</report>
			<report>
				<misses>243001</misses>
				<total>1</total>
				<timestamp>89.820270</timestamp>
			</report>
			<report>
				<misses>244001</misses>
				<total>1</total>
				<timestamp>90.189945</timestamp>
			</report>
			<report>
				<misses>245001</misses>
				<total>1</total>
				<timestamp>90.559570</timestamp>
			</report>
			<report>
				<misses>246001</misses>
				<total>1</total>
				<timestamp>90.929196</timestamp>
			</report>
			<report>
				<misses>247001</misses>
				<total>1</total>
				<timestamp>91.298795</timestamp>
			</report>
			<report>
				<misses>248001</misses>
				<total>1</total>
				<timestamp>91.668466</timestamp>
			</report>
			<report>
				<misses>249001</misses>
				<total>1</total>
				<timestamp>92.038086</timestamp>
			</report>
			<report>
				<misses>250001</misses>
				<total>1</total>
				<timestamp>92.407677</timestamp>
			</report>
			<report>
				<misses>251001</misses>
				<total>1</total>
				<timestamp>92.777320</timestamp>
			</report>
			<report>
				<misses>252001</misses>
				<total>1</total>
				<timestamp>93.146986</timestamp>
			</report>
			<report>
				<misses>253001</misses>
				<total>1</total>
				<timestamp>93.516597</timestamp>
			</report>
			<report>
				<misses>254001</misses>
				<total>1</total>
				<timestamp>93.886192</timestamp>
			</report>
			<report>
				<misses>255001</misses>
				<total>1</total>
				<timestamp>94.255873</timestamp>
			</report>
			<report>
				<misses>256001</misses>
				<total>1</total>
				<timestamp>94.625519</timestamp>
			</report>
			<report>
				<misses>257001</misses>
				<total>1</total>
				<timestamp>94.995110</timestamp>
			</report>
			<report>
				<misses>258001</misses>
				<total>1</total>
				<timestamp>95.364701</timestamp>
			</report>
			<report>
				<misses>259001</misses>
				<total>1</total>
				<timestamp>95.734353</timestamp>
			</report>
			<report>
				<misses>260001</misses>
				<total>1</total>
				<timestamp>96.103969</timestamp>
			</report>
			<report>
				<misses>261001</misses>
				<total>1</total>
				<timestamp>96.473652</timestamp>
			</report>
			<report>
				<misses>262001</misses>
				<total>0</total>
				<timestamp>96.843318</timestamp>
			</report>
			<report>
				<misses>263001</misses>
				<total>1</total>
				<timestamp>97.212871</timestamp>
			</report>
			<report>
				<misses>264001</misses>
				<total>1</total>
				<timestamp>97.582522</timestamp>
			</report>
			<report>
				<misses>265001</misses>
				<total>1</total>
				<timestamp>97.952152</timestamp>
			</report>
			<report>
				<misses>266001</misses>
				<total>1</total>
				<timestamp>98.321817</timestamp>
			</report>
			<report>
				<misses>267001</misses>
				<total>1</total>
				<timestamp>98.691395</timestamp>
			</report>
			<report>
				<misses>268001</misses>
				<total>0</total>
				<timestamp>99.061112</timestamp>
			</report>
			<report>
				<misses>269001</misses>
				<total>1</total>
				<timestamp>99.430636</timestamp>
			</report>
			<report>
				<misses>270001</misses>
				<total>1</total>
				<timestamp>99.800256</timestamp>
			</report>
			<report>
				<misses>271001</misses>
				<total>1</total>
				<timestamp>100.169944</timestamp>
			</report>
			<report>
				<misses>272001</misses>
				<total>1</total>
				<timestamp>100.539541</timestamp>
			</report>
			<report>
				<misses>273001</misses>
				<total>1</total>
				<timestamp>100.909178</timestamp>
			</report>
			<report>
				<misses>274001</misses>
				<total>0</total>
				<timestamp>101.278879</timestamp>
			</report>
			<report>
				<misses>275001</misses>
				<total>1</total>
				<timestamp>101.648504</timestamp>
			</report>
			<report>
				<misses>276001</misses>
				<total>1</total>
				<timestamp>102.018120</timestamp>
			</report>
			<report>
				<misses>277001</misses>
				<total>1</total>
				<timestamp>102.387736</timestamp>
			</report>
			<report>
				<misses>278001</misses>
				<total>0</total>
				<timestamp>102.757416</timestamp>
			</report>
			<report>
				<misses>279001</misses>
				<total>1</total>
				<timestamp>103.126951</timestamp>
			</report>
			<report>
				<misses>280001</misses>
				<total>1</total>
				<timestamp>103.496604</timestamp>
			</report>
			<report>
				<misses>281001</misses>
				<total>1</total>
				<timestamp>103.866264</timestamp>
			</report>
			<report>
				<misses>282001</misses>
				<total>1</total>
				<timestamp>104.235839</timestamp>
			</report>
			<report>
				<misses>283001</misses>
				<total>1</total>
				<timestamp>104.605502</timestamp>
			</report>
			<report>
				<misses>284001</misses>
				<total>1</total>
				<timestamp>104.975089</timestamp>
			</report>
			<report>
				<misses>285001</misses>
				<total>1</total>
				<timestamp>105.344727</timestamp>
			</report>
			<report>
				<misses>286001</misses>
				<total>1</total>
				<timestamp>105.714487</timestamp>
			</report>
			<report>
				<misses>287001</misses>
				<total>0</total>
				<timestamp>106.084119</timestamp>
			</report>
			<report>
				<misses>288001</misses>
				<total>1</total>
				<timestamp>106.453610</timestamp>
			</report>
			<report>
				<misses>289001</misses>
				<total>1</total>
				<timestamp>106.823235</timestamp>
			</report>
			<report>
				<misses>290001</misses>
				<total>1</total>
				<timestamp>107.192886</timestamp>
			</report>
			<report>
				<misses>291001</misses>
				<total>1</total>
				<timestamp>107.562548</timestamp>
			</report>
			<report>
				<misses>292001</misses>
				<total>1</total>
				<timestamp>107.932173</timestamp>
			</report>
			<report>
				<misses>293001</misses>
				<total>1</total>
				<timestamp>108.301793</timestamp>
			</report>
			<report>
				<misses>294001</misses>
				<total>1</total>
				<timestamp>108.671422</timestamp>
			</report>
			<report>
				<misses>295001</misses>
				<total>1</total>
				<timestamp>109.041106</timestamp>
			</report>
			<report>
				<misses>296001</misses>
				<total>1</total>
				<timestamp>109.410639</timestamp>
			</report>
			<report>
				<misses>297001</misses>
				<total>1</total>
				<timestamp>109.780282</timestamp>
			</report>
			<report>
				<misses>298001</misses>
				<total>1</total>
				<timestamp>110.149940</timestamp>
			</report>
			<report>
				<misses>299001</misses>
				<total>1</total>
				<timestamp>110.519580</timestamp>
			</report>
			<report>
				<misses>300001</misses>
				<total>1</total>
				<timestamp>110.889240</timestamp>
			</report>
			<report>
				<misses>301001</misses>
				<total>1</total>
				<timestamp>111.258793</timestamp>
			</report>
			<report>
				<misses>302001</misses>
				<total>1</total>
				<timestamp>111.628445</timestamp>
			</report>
			<report>
				<misses>303001</misses>
				<total>1</total>
				<timestamp>111.998076</timestamp>
			</report>
			<report>
				<misses>304001</misses>
				<total>1</total>
				<timestamp>112.367748</timestamp>
			</report>
			<report>
				<misses>305001</misses>
				<total>1</total>
				<timestamp>112.737352</timestamp>
			</report>
			<report>
				<misses>306001</misses>
				<total>1</total>
				<timestamp>113.107003</timestamp>
			</report>
			<report>
				<misses>307001</misses>
				<total>1</total>
				<timestamp>113.476597</timestamp>
			</report>
			<report>
				<misses>308001</misses>
				<total>1</total>
				<timestamp>113.846225</timestamp>
			</report>
			<report>
				<misses>309001</misses>
				<total>1</total>
				<timestamp>114.215884</timestamp>
			</report>
			<report>
				<misses>310001</misses>
				<total>0</total>
				<timestamp>114.585561</timestamp>
			</report>
			<report>
				<misses>311001</misses>
				<total>1</total>
				<timestamp>114.955089</timestamp>
			</report>
			<report>
				<misses>312001</misses>
				<total>1</total>
				<timestamp>115.324798</timestamp>
			</report>
			<report>
				<misses>313001</misses>
				<total>1</total>
				<timestamp>115.694461</timestamp>
			</report>
			<report>
				<misses>314001</misses>
				<total>1</total>
				<timestamp>116.064001</timestamp>
			</report>
			<report>
				<misses>315001</misses>
				<total>1</total>
				<timestamp>116.433647</timestamp>
			</report>
			<report>
				<misses>316001</misses>
				<total>1</total>
				<timestamp>116.803399</timestamp>
			</report>
			<report>
				<misses>317001</misses>
				<total>1</total>
				<timestamp>117.172964</timestamp>
			</report>
			<report>
				<misses>318001</misses>
				<total>1</total>
				<timestamp>117.542534</timestamp>
			</report>
			<report>
				<misses>319001</misses>
				<total>0</total>
				<timestamp>117.912248</timestamp>
			</report>
			<report>
				<misses>320001</misses>
				<total>1</total>
				<timestamp>118.281798</timestamp>
			</report>
			<report>
				<misses>321001</misses>
				<total>1</total>
				<timestamp>118.651487</timestamp>
			</report>
			<report>
				<misses>322001</misses>
				<total>1</total>
				<timestamp>119.021041</timestamp>
			</report>
			<report>
				<misses>323001</misses>
				<total>1</total>
				<timestamp>119.390661</timestamp>
			</report>
			<report>
				<misses>324001</misses>
				<total>1</total>
				<timestamp>119.760381</timestamp>
			</report>
			<report>
				<misses>325001</misses>
				<total>1</total>
				<timestamp>120.129946</timestamp>
			</report>
			<report>
				<misses>326001</misses>
				<total>1</total>
				<timestamp>120.499558</timestamp>
			</report>
			<report>
				<misses>327001</misses>
				<total>1</total>
				<timestamp>120.869171</timestamp>
			</report>
			<report>
				<misses>328001</misses>
				<total>1</total>
				<timestamp>121.238805</timestamp>
			</report>
			<report>
				<misses>329001</misses>
				<total>1</total>
				<timestamp>121.608451</timestamp>
			</report>
			<report>
				<misses>330001</misses>
				<total>1</total>
				<timestamp>121.978179</timestamp>
			</report>
			<report>
				<misses>331001</misses>
				<total>1</total>
				<timestamp>122.347731</timestamp>
			</report>
			<report>
				<misses>332001</misses>
				<total>0</total>
				<timestamp>122.717502</timestamp>
			</report>
			<report>
				<misses>333001</misses>
				<total>0</total>
				<timestamp>123.087059</timestamp>
			</report>
			<report>
				<misses>334001</misses>
				<total>1</total>
				<timestamp>123.456654</timestamp>
			</report>
			<report>
				<misses>335001</misses>
				<total>1</total>
				<timestamp>123.826333</timestamp>
			</report>
			<report>
				<misses>336001</misses>
				<total>1</total>
				<timestamp>124.195893</timestamp>
			</report>
			<report>
				<misses>337001</misses>
				<total>1</total>
				<timestamp>124.565544</timestamp>
			</report>
			<report>
				<misses>338001</misses>
				<total>1</total>
				<timestamp>124.935129</timestamp>
			</report>
			<report>
				<misses>339001</misses>
				<total>1</total>
				<timestamp>125.304789</timestamp>
			</report>
			<report>
				<misses>340001</misses>
				<total>1</total>
				<timestamp>125.674398</timestamp>
			</report>
			<report>
				<misses>341001</misses>
				<total>1</total>
				<timestamp>126.044065</timestamp>
			</report>
			<report>
				<misses>342001</misses>
				<total>1</total>
				<timestamp>126.413625</timestamp>
			</report>
			<report>
				<misses>343001</misses>
				<total>1</total>
				<timestamp>126.783296</timestamp>
			</report>
			<report>
				<misses>344001</misses>
				<total>1</total>
				<timestamp>127.152919</timestamp>
			</report>
			<report>
				<misses>345001</misses>
				<total>1</total>
				<timestamp>127.522508</timestamp>
			</report>
			<report>
				<misses>346001</misses>
				<total>1</total>
				<timestamp>127.892188</timestamp>
			</report>
			<report>
				<misses>347001</misses>
				<total>1</total>
				<timestamp>128.261820</timestamp>
			</report>
			<report>
				<misses>348001</misses>
				<total>1</total>
				<timestamp>128.631506</timestamp>
			</report>
			<report>
				<misses>349001</misses>
				<total>1</total>
				<timestamp>129.001140</timestamp>
			</report>
			<report>
				<misses>350001</misses>
				<total>1</total>
				<timestamp>129.370703</timestamp>
			</report>
			<report>
				<misses>351001</misses>
				<total>1</total>
				<timestamp>129.740340</timestamp>
			</report>
			<report>
				<misses>352001</misses>
				<total>1</total>
				<timestamp>130.109947</timestamp>
			</report>
			<report>
				<misses>353001</misses>
				<total>0</total>
				<timestamp>130.479682</timestamp>
			</report>
			<report>
				<misses>354001</misses>
				<total>1</total>
				<timestamp>130.849249</timestamp>
			</report>
			<report>
				<misses>355001</misses>
				<total>1</total>
				<timestamp>131.218825</timestamp>
			</report>
			<report>
				<misses>356001</misses>
				<total>1</total>
				<timestamp>131.588500</timestamp>
			</report>
			<report>
				<misses>357001</misses>
				<total>1</total>
				<timestamp>131.958138</timestamp>
			</report>
			<report>
				<misses>358001</misses>
				<total>1</total>
				<timestamp>132.327704</timestamp>
			</report>
			<report>
				<misses>359001</misses>
				<total>1</total>
				<timestamp>132.697387</timestamp>
			</report>
			<report>
				<misses>360001</misses>
				<total>1</total>
				<timestamp>133.067007</timestamp>
			</report>
			<report>
				<misses>361001</misses>
				<total>1</total>
				<timestamp>133.436587</timestamp>
			</report>
			<report>
				<misses>362001</misses>
				<total>1</total>
				<timestamp>133.806248</timestamp>
			</report>
			<report>
				<misses>363001</misses>
				<total>1</total>
				<timestamp>134.175933</timestamp>
			</report>
			<report>
				<misses>364001</misses>
				<total>1</total>
				<timestamp>134.545534</timestamp>
			</report>
			<report>
				<misses>365001</misses>
				<total>1</total>
				<timestamp>134.915122</timestamp>
			</report>
			<report>
				<misses>366001</misses>
				<total>1</total>
				<timestamp>135.284792</timestamp>
			</report>
			<report>
				<misses>367001</misses>
				<total>1</total>
				<timestamp>135.654412</timestamp>
			</report>
			<report>
				<misses>368001</misses>
				<total>1</total>
				<timestamp>136.024035</timestamp>
			</report>
			<report>
				<misses>369001</misses>
				<total>1</total>
				<timestamp>136.393687</timestamp>
			</report>
			<report>
				<misses>370001</misses>
				<total>1</total>
				<timestamp>136.763349</timestamp>
			</report>
			<report>
				<misses>371001</misses>
				<total>1</total>
				<timestamp>137.132901</timestamp>
			</report>
			<report>
				<misses>372001</misses>
				<total>1</total>
				<timestamp>137.502563</timestamp>
			</report>
			<report>
				<misses>373001</misses>
				<total>1</total>
				<timestamp>137.872199</timestamp>
			</report>
			<report>
				<misses>374001</misses>
				<total>1</total>
				<timestamp>138.241818</timestamp>
			</report>
			<report>
				<misses>375001</misses>
				<total>1</total>
				<timestamp>138.611484</timestamp>
			</report>
			<report>
				<misses>376001</misses>
				<total>1</total>
				<timestamp>138.981087</timestamp>
			</report>
			<report>
				<misses>377001</misses>
				<total>1</total>
				<timestamp>139.350675</timestamp>
			</report>
			<report>
				<misses>378001</misses>
				<total>1</total>
				<timestamp>139.720368</timestamp>
			</report>
			<report>
				<misses>379001</misses>
				<total>1</total>
				<timestamp>140.089941</timestamp>
			</report>
			<report>
				<misses>380001</misses>
				<total>1</total>
				<timestamp>140.459626</timestamp>
			</report>
			<report>
				<misses>381001</misses>
				<total>1</total>
				<timestamp>140.829254</timestamp>
			</report>
			<report>
				<misses>382001</misses>
				<total>1</total>
				<timestamp>141.198876</timestamp>
			</report>
			<report>
				<misses>383001</misses>
				<total>1</total>
				<timestamp>141.568455</timestamp>
			</report>
			<report>
				<misses>384001</misses>
				<total>1</total>
				<timestamp>141.938199</timestamp>
			</report>
			<report>
				<misses>385001</misses>
				<total>1</total>
				<timestamp>142.307723</timestamp>
			</report>
			<report>
				<misses>386001</misses>
				<total>1</total>
				<timestamp>142.677389</timestamp>
			</report>
			<report>
				<misses>387001</misses>
				<total>1</total>
				<timestamp>143.046980</timestamp>
			</report>
			<report>
				<misses>388001</misses>
				<total>1</total>
				<timestamp>143.416631</timestamp>
			</report>
			<report>
				<misses>389001</misses>
				<total>1</total>
				<timestamp>143.786264</timestamp>
			</report>
			<report>
				<misses>390001</misses>
				<total>1</total>
				<timestamp>144.155868</timestamp>
			</report>
			<report>
				<misses>391001</misses>
				<total>1</total>
				<timestamp>144.525574</timestamp>
			</report>
			<report>
				<misses>392001</misses>
				<total>1</total>
				<timestamp>144.895201</timestamp>
			</report>
			<report>
				<misses>393001</misses>
				<total>1</total>
				<timestamp>145.264775</timestamp>
			</report>
			<report>
				<misses>394001</misses>
				<total>1</total>
				<timestamp>145.634381</timestamp>
			</report>
			<report>
				<misses>395001</misses>
				<total>1</total>
				<timestamp>146.004082</timestamp>
			</report>
			<report>
				<misses>396001</misses>
				<total>1</total>
				<timestamp>146.373635</timestamp>
			</report>
			<report>
				<misses>397001</misses>
				<total>0</total>
				<timestamp>146.743375</timestamp>
			</report>
			<report>
				<misses>398001</misses>
				<total>1</total>
				<timestamp>147.112942</timestamp>
			</report>
			<report>
				<misses>399001</misses>
				<total>0</total>
				<timestamp>147.482631</timestamp>
			</report>
			<report>
				<misses>400001</misses>
				<total>1</total>
				<timestamp>147.852170</timestamp>
			</report>
			<report>
				<misses>401001</misses>
				<total>1</total>
				<timestamp>148.221799</timestamp>
			</report>
			<report>
				<misses>402001</misses>
				<total>1</total>
				<timestamp>148.591459</timestamp>
			</report>
			<report>
				<misses>403001</misses>
				<total>1</total>
				<timestamp>148.961179</timestamp>
			</report>
			<report>
				<misses>404001</misses>
				<total>1</total>
				<timestamp>149.330723</timestamp>
			</report>
			<report>
				<misses>405001</misses>
				<total>1</total>
				<timestamp>149.700358</timestamp>
			</report>
			<report>
				<misses>406001</misses>
				<total>1</total>
				<timestamp>150.069939</timestamp>
			</report>
			<report>
				<misses>407001</misses>
				<total>1</total>
				<timestamp>150.439595</timestamp>
			</report>
			<report>
				<misses>408001</misses>
				<total>1</total>
				<timestamp>150.809263</timestamp>
			</report>
			<report>
				<misses>409001</misses>
				<total>1</total>
				<timestamp>151.178903</timestamp>
			</report>
			<report>
				<misses>410001</misses>
				<total>1</total>
				<timestamp>151.548529</timestamp>
			</report>
			<report>
				<misses>411001</misses>
				<total>1</total>
				<timestamp>151.918131</timestamp>
			</report>
			<report>
				<misses>412001</misses>
				<total>1</total>
				<timestamp>152.287775</timestamp>
			</report>
			<report>
				<misses>413001</misses>
				<total>1</total>
				<timestamp>152.657401</timestamp>
			</report>
			<report>
				<misses>414001</misses>
				<total>1</total>
				<timestamp>153.027013</timestamp>
			</report>
			<report>
				<misses>415001</misses>
				<total>0</total>
				<timestamp>153.396720</timestamp>
			</report>
			<report>
				<misses>416001</misses>
				<total>1</total>
				<timestamp>153.766317</timestamp>
			</report>
			<report>
				<misses>417001</misses>
				<total>1</total>
				<timestamp>154.135908</timestamp>
			</report>
			<report>
				<misses>418001</misses>
				<total>1</total>
				<timestamp>154.505565</timestamp>
			</report>
			<report>
				<misses>419001</misses>
				<total>1</total>
				<timestamp>154.875159</timestamp>
			</report>
			<report>
				<misses>420001</misses>
				<total>1</total>
				<timestamp>155.244796</timestamp>
			</report>
			<report>
				<misses>421001</misses>
				<total>1</total>
				<timestamp>155.614468</timestamp>
			</report>
			<report>
				<misses>422001</misses>
				<total>1</total>
				<timestamp>155.984068</timestamp>
			</report>
			<report>
				<misses>423001</misses>
				<total>1</total>
				<timestamp>156.353710</timestamp>
			</report>
			<report>
				<misses>424001</misses>
				<total>1</total>
				<timestamp>156.723316</timestamp>
			</report>
			<report>
				<misses>425001</misses>
				<total>0</total>
				<timestamp>157.093011</timestamp>
			</report>
			<report>
				<misses>426001</misses>
				<total>1</total>
				<timestamp>157.462554</timestamp>
			</report>
			<report>
				<misses>427001</misses>
				<total>1</total>
				<timestamp>157.832205</timestamp>
			</report>
			<report>
				<misses>428001</misses>
				<total>1</total>
				<timestamp>158.201806</timestamp>
			</report>
			<report>
				<misses>429001</misses>
				<total>1</total>
				<timestamp>158.571494</timestamp>
			</report>
			<report>
				<misses>430001</misses>
				<total>0</total>
				<timestamp>158.941168</timestamp>
			</report>
			<report>
				<misses>431001</misses>
				<total>1</total>
				<timestamp>159.310709</timestamp>
			</report>
			<report>
				<misses>432001</misses>
				<total>1</total>
				<timestamp>159.680352</timestamp>
			</report>
			<report>
				<misses>433001</misses>
				<total>1</total>
				<timestamp>160.049969</timestamp>
			</report>
			<report>
				<misses>434001</misses>
				<total>1</total>
				<timestamp>160.419611</timestamp>
			</report>
			<report>
				<misses>435001</misses>
				<total>1</total>
				<timestamp>160.789227</timestamp>
			</report>
			<report>
				<misses>436001</misses>
				<total>0</total>
				<timestamp>161.158988</timestamp>
			</report>
			<report>
				<misses>437001</misses>
				<total>1</total>
				<timestamp>161.528499</timestamp>
			</report>
			<report>
				<misses>438001</misses>
				<total>1</total>
				<timestamp>161.898145</timestamp>
			</report>
			<report>
				<misses>439001</misses>
				<total>1</total>
				<timestamp>162.267790</timestamp>
			</report>
			<report>
				<misses>440001</misses>
				<total>1</total>
				<timestamp>162.637370</timestamp>
			</report>
			<report>
				<misses>441001</misses>
				<total>1</total>
				<timestamp>163.007047</timestamp>
			</report>
			<report>
				<misses>442001</misses>
				<total>1</total>
				<timestamp>163.376610</timestamp>
			</report>
			<report>
				<misses>443001</misses>
				<total>1</total>
				<timestamp>163.746269</timestamp>
			</report>
			<report>
				<misses>444001</misses>
				<total>1</total>
				<timestamp>164.115884</timestamp>
			</report>
			<report>
				<misses>445001</misses>
				<total>0</total>
				<timestamp>164.485630</timestamp>
			</report>
			<report>
				<misses>446001</misses>
				<total>0</total>
				<timestamp>164.855281</timestamp>
			</report>
			<report>
				<misses>447001</misses>
				<total>0</total>
				<timestamp>165.224887</timestamp>
			</report>
			<report>
				<misses>448001</misses>
				<total>1</total>
				<timestamp>165.594410</timestamp>
			</report>
			<report>
				<misses>449001</misses>
				<total>1</total>
				<timestamp>165.964125</timestamp>
			</report>
			<report>
				<misses>450001</misses>
				<total>1</total>
				<timestamp>166.333700</timestamp>
			</report>
			<report>
				<misses>451001</misses>
				<total>1</total>
				<timestamp>166.703304</timestamp>
			</report>
			<report>
				<misses>452001</misses>
				<total>1</total>
				<timestamp>167.073010</timestamp>
			</report>
			<report>
				<misses>453001</misses>
				<total>1</total>
				<timestamp>167.442646</timestamp>
			</report>
			<report>
				<misses>454001</misses>
				<total>1</total>
				<timestamp>167.812201</timestamp>
			</report>
			<report>
				<misses>455001</misses>
				<total>1</total>
				<timestamp>168.181845</timestamp>
			</report>
			<report>
				<misses>456001</misses>
				<total>1</total>
				<timestamp>168.551506</timestamp>
			</report>
			<report>
				<misses>457001</misses>
				<total>1</total>
				<timestamp>168.921115</timestamp>
			</report>
			<report>
				<misses>458001</misses>
				<total>1</total>
				<timestamp>169.290743</timestamp>
			</report>
			<report>
				<misses>459001</misses>
				<total>1</total>
				<timestamp>169.660385</timestamp>
			</report>
			<report>
				<misses>460001</misses>
				<total>1</total>
				<timestamp>170.029981</timestamp>
			</report>
			<report>
				<misses>461001</misses>
				<total>1</total>
				<timestamp>170.399638</timestamp>
			</report>
			<report>
				<misses>462001</misses>
				<total>1</total>
				<timestamp>170.769236</timestamp>
			</report>
			<report>
				<misses>463001</misses>
				<total>1</total>
				<timestamp>171.138930</timestamp>
			</report>
			<report>
				<misses>464001</misses>
				<total>1</total>
				<timestamp>171.508488</timestamp>
			</report>
			<report>
				<misses>465001</misses>
				<total>1</total>
				<timestamp>171.878137</timestamp>
			</report>
			<report>
				<misses>466001</misses>
				<total>1</total>
				<timestamp>172.247736</timestamp>
			</report>
			<report>
				<misses>467001</misses>
				<total>1</total>
				<timestamp>172.617462</timestamp>
			</report>
			<report>
				<misses>468001</misses>
				<total>1</total>
				<timestamp>172.987063</timestamp>
			</report>
			<report>
				<misses>469001</misses>
				<total>1</total>
				<timestamp>173.356641</timestamp>
			</report>
			<report>
				<misses>470001</misses>
				<total>1</total>
				<timestamp>173.726284</timestamp>
			</report>
			<report>
				<misses>471001</misses>
				<total>1</total>
				<timestamp>174.095978</timestamp>
			</report>
			<report>
				<misses>472001</misses>
				<total>1</total>
				<timestamp>174.465534</timestamp>
			</report>
			<report>
				<misses>473001</misses>
				<total>1</total>
				<timestamp>174.835185</timestamp>
			</report>
			<report>
				<misses>474001</misses>
				<total>1</total>
				<timestamp>175.204854</timestamp>
			</report>
			<report>
				<misses>475001</misses>
				<total>1</total>
				<timestamp>175.574462</timestamp>
			</report>
			<report>
				<misses>476001</misses>
				<total>0</total>
				<timestamp>175.944157</timestamp>
			</report>
			<report>
				<misses>477001</misses>
				<total>1</total>
				<timestamp>176.313688</timestamp>
			</report>
			<report>
				<misses>478001</misses>
				<total>1</total>
				<timestamp>176.683319</timestamp>
			</report>
			<report>
				<misses>479001</misses>
				<total>1</total>
				<timestamp>177.053052</timestamp>
			</report>
			<report>
				<misses>480001</misses>
				<total>1</total>
				<timestamp>177.422650</timestamp>
			</report>
			<report>
				<misses>481001</misses>
				<total>1</total>
				<timestamp>177.792232</timestamp>
			</report>
			<report>
				<misses>482001</misses>
				<total>1</total>
				<timestamp>178.161858</timestamp>
			</report>
			<report>
				<misses>483001</misses>
				<total>1</total>
				<timestamp>178.531477</timestamp>
			</report>
			<report>
				<misses>484001</misses>
				<total>0</total>
				<timestamp>178.901195</timestamp>
			</report>
			<report>
				<misses>485001</misses>
				<total>1</total>
				<timestamp>179.270753</timestamp>
			</report>
			<report>
				<misses>486001</misses>
				<total>1</total>
				<timestamp>179.640378</timestamp>
			</report>
			<report>
				<misses>487001</misses>
				<total>1</total>
				<timestamp>180.010019</timestamp>
			</report>
			<report>
				<misses>488001</misses>
				<total>1</total>
				<timestamp>180.379602</timestamp>
			</report>
			<report>
				<misses>489001</misses>
				<total>1</total>
				<timestamp>180.749235</timestamp>
			</report>
			<report>
				<misses>490001</misses>
				<total>1</total>
				<timestamp>181.118867</timestamp>
			</report>
			<report>
				<misses>491001</misses>
				<total>1</total>
				<timestamp>181.488490</timestamp>
			</report>
			<report>
				<misses>492001</misses>
				<total>1</total>
				<timestamp>181.858141</timestamp>
			</report>
			<report>
				<misses>493001</misses>
				<total>1</total>
				<timestamp>182.227833</timestamp>
			</report>
			<report>
				<misses>494001</misses>
				<total>1</total>
				<timestamp>182.597373</timestamp>
			</report>
			<report>
				<misses>495001</misses>
				<total>1</total>
				<timestamp>182.967019</timestamp>
			</report>
			<report>
				<misses>496001</misses>
				<total>1</total>
				<timestamp>183.336645</timestamp>
			</report>
			<report>
				<misses>497001</misses>
				<total>1</total>
				<timestamp>183.706282</timestamp>
			</report>
			<report>
				<misses>498001</misses>
				<total>1</total>
				<timestamp>184.076007</timestamp>
			</report>
			<report>
				<misses>499001</misses>
				<total>1</total>
				<timestamp>184.445531</timestamp>
			</report>
			<report>
				<misses>500001</misses>
				<total>1</total>
				<timestamp>184.815158</timestamp>
			</report>
			<report>
				<misses>501001</misses>
				<total>1</total>
				<timestamp>185.184800</timestamp>
			</report>
			<report>
				<misses>502001</misses>
				<total>1</total>
				<timestamp>185.554455</timestamp>
			</report>
			<report>
				<misses>503001</misses>
				<total>1</total>
				<timestamp>185.924121</timestamp>
			</report>
			<report>
				<misses>504001</misses>
				<total>1</total>
				<timestamp>186.293678</timestamp>
			</report>
			<report>
				<misses>505001</misses>
				<total>1</total>
				<timestamp>186.663354</timestamp>
			</report>
			<report>
				<misses>506001</misses>
				<total>1</total>
				<timestamp>187.032941</timestamp>
			</report>
			<report>
				<misses>507001</misses>
				<total>1</total>
				<timestamp>187.402585</timestamp>
			</report>
			<report>
				<misses>508001</misses>
				<total>1</total>
				<timestamp>187.772229</timestamp>
			</report>
			<report>
				<misses>509001</misses>
				<total>1</total>
				<timestamp>188.141888</timestamp>
			</report>
			<report>
				<misses>510001</misses>
				<total>0</total>
				<timestamp>188.511548</timestamp>
			</report>
			<report>
				<misses>511001</misses>
				<total>0</total>
				<timestamp>188.881207</timestamp>
			</report>
			<report>
				<misses>512001</misses>
				<total>0</total>
				<timestamp>189.250845</timestamp>
			</report>
			<report>
				<misses>513001</misses>
				<total>1</total>
				<timestamp>189.620401</timestamp>
			</report>
			<report>
				<misses>514001</misses>
				<total>0</total>
				<timestamp>189.990091</timestamp>
			</report>
			<report>
				<misses>515001</misses>
				<total>1</total>
				<timestamp>190.359634</timestamp>
			</report>
			<report>
				<misses>516001</misses>
				<total>1</total>
				<timestamp>190.729273</timestamp>
			</report>
			<report>
				<misses>517001</misses>
				<total>1</total>
				<timestamp>191.098942</timestamp>
			</report>
			<report>
				<misses>518001</misses>
				<total>1</total>
				<timestamp>191.468537</timestamp>
			</report>
			<report>
				<misses>519001</misses>
				<total>1</total>
				<timestamp>191.838224</timestamp>
			</report>
			<report>
				<misses>520001</misses>
				<total>0</total>
				<timestamp>192.207893</timestamp>
			</report>
			<report>
				<misses>521001</misses>
				<total>0</total>
				<timestamp>192.577486</timestamp>
			</report>
			<report>
				<misses>522001</misses>
				<total>1</total>
				<timestamp>192.947057</timestamp>
			</report>
			<report>
				<misses>523001</misses>
				<total>1</total>
				<timestamp>193.316664</timestamp>
			</report>
			<report>
				<misses>524001</misses>
				<total>1</total>
				<timestamp>193.686343</timestamp>
			</report>
			<report>
				<misses>525001</misses>
				<total>1</total>
				<timestamp>194.055992</timestamp>
			</report>
			<report>
				<misses>526001</misses>
				<total>1</total>
				<timestamp>194.425546</timestamp>
			</report>
			<report>
				<misses>527001</misses>
				<total>1</total>
				<timestamp>194.795254</timestamp>
			</report>
			<report>
				<misses>528001</misses>
				<total>0</total>
				<timestamp>195.164909</timestamp>
			</report>
			<report>
				<misses>529001</misses>
				<total>1</total>
				<timestamp>195.534438</timestamp>
			</report>
			<report>
				<misses>530001</misses>
				<total>1</total>
				<timestamp>195.904083</timestamp>
			</report>
			<report>
				<misses>531001</misses>
				<total>1</total>
				<timestamp>196.273679</timestamp>
			</report>
			<report>
				<misses>532001</misses>
				<total>1</total>
				<timestamp>196.643323</timestamp>
			</report>
			<report>
				<misses>533001</misses>
				<total>1</total>
				<timestamp>197.013011</timestamp>
			</report>
			<report>
				<misses>534001</misses>
				<total>1</total>
				<timestamp>197.382624</timestamp>
			</report>
			<report>
				<misses>535001</misses>
				<total>1</total>
				<timestamp>197.752287</timestamp>
			</report>
			<report>
				<misses>536001</misses>
				<total>1</total>
				<timestamp>198.121852</timestamp>
			</report>
			<report>
				<misses>537001</misses>
				<total>1</total>
				<timestamp>198.491483</timestamp>
			</report>
			<report>
				<misses>538001</misses>
				<total>1</total>
				<timestamp>198.861131</timestamp>
			</report>
			<report>
				<misses>539001</misses>
				<total>1</total>
				<timestamp>199.230854</timestamp>
			</report>
			<report>
				<misses>540001</misses>
				<total>1</total>
				<timestamp>199.600403</timestamp>
			</report>
			<report>
				<misses>541001</misses>
				<total>1</total>
				<timestamp>199.970021</timestamp>
			</report>
			<report>
				<misses>542001</misses>
				<total>0</total>
				<timestamp>200.339773</timestamp>
			</report>
			<report>
				<misses>543001</misses>
				<total>1</total>
				<timestamp>200.709254</timestamp>
			</report>
			<report>
				<misses>544001</misses>
				<total>1</total>
				<timestamp>201.078976</timestamp>
			</report>
			<report>
				<misses>545001</misses>
				<total>1</total>
				<timestamp>201.448512</timestamp>
			</report>
			<report>
				<misses>546001</misses>
				<total>1</total>
				<timestamp>201.818188</timestamp>
			</report>
			<report>
				<misses>547001</misses>
				<total>1</total>
				<timestamp>202.187821</timestamp>
			</report>
			<report>
				<misses>548001</misses>
				<total>1</total>
				<timestamp>202.557493</timestamp>
			</report>
			<report>
				<misses>549001</misses>
				<total>1</total>
				<timestamp>202.927044</timestamp>
			</report>
			<report>
				<misses>550001</misses>
				<total>1</total>
				<timestamp>203.296668</timestamp>
			</report>
			<report>
				<misses>551001</misses>
				<total>1</total>
				<timestamp>203.666339</timestamp>
			</report>
			<report>
				<misses>552001</misses>
				<total>1</total>
				<timestamp>204.035989</timestamp>
			</report>
			<report>
				<misses>553001</misses>
				<total>1</total>
				<timestamp>204.405623</timestamp>
			</report>
			<report>
				<misses>554001</misses>
				<total>1</total>
				<timestamp>204.775243</timestamp>
			</report>
			<report>
				<misses>555001</misses>
				<total>1</total>
				<timestamp>205.144840</timestamp>
			</report>
			<report>
				<misses>556001</misses>
				<total>1</total>
				<timestamp>205.514488</timestamp>
			</report>
			<report>
				<misses>557001</misses>
				<total>1</total>
				<timestamp>205.884143</timestamp>
			</report>
			<report>
				<misses>558001</misses>
				<total>1</total>
				<timestamp>206.253749</timestamp>
			</report>
			<report>
				<misses>559001</misses>
				<total>1</total>
				<timestamp>206.623415</timestamp>
			</report>
			<report>
				<misses>560001</misses>
				<total>1</total>
				<timestamp>206.992995</timestamp>
			</report>
			<report>
				<misses>561001</misses>
				<total>1</total>
				<timestamp>207.362614</timestamp>
			</report>
			<report>
				<misses>562001</misses>
				<total>1</total>
				<timestamp>207.732228</timestamp>
			</report>
			<report>
				<misses>563001</misses>
				<total>1</total>
				<timestamp>208.101872</timestamp>
			</report>
			<report>
				<misses>564001</misses>
				<total>1</total>
				<timestamp>208.471480</timestamp>
			</report>
			<report>
				<misses>565001</misses>
				<total>1</total>
				<timestamp>208.841139</timestamp>
			</report>
			<report>
				<misses>566001</misses>
				<total>1</total>
				<timestamp>209.210804</timestamp>
			</report>
			<report>
				<misses>567001</misses>
				<total>1</total>
				<timestamp>209.580380</timestamp>
			</report>
			<report>
				<misses>568001</misses>
				<total>1</total>
				<timestamp>209.950021</timestamp>
			</report>
			<report>
				<misses>569001</misses>
				<total>1</total>
				<timestamp>210.319713</timestamp>
			</report>
			<report>
				<misses>570001</misses>
				<total>1</total>
				<timestamp>210.689271</timestamp>
			</report>
			<report>
				<misses>571001</misses>
				<total>1</total>
				<timestamp>211.058957</timestamp>
			</report>
			<report>
				<misses>572001</misses>
				<total>1</total>
				<timestamp>211.428587</timestamp>
			</report>
			<report>
				<misses>573001</misses>
				<total>1</total>
				<timestamp>211.798167</timestamp>
			</report>
			<report>
				<misses>574001</misses>
				<total>1</total>
				<timestamp>212.167793</timestamp>
			</report>
			<report>
				<misses>575001</misses>
				<total>1</total>
				<timestamp>212.537421</timestamp>
			</report>
			<report>
				<misses>576001</misses>
				<total>1</total>
				<timestamp>212.907071</timestamp>
			</report>
			<report>
				<misses>577001</misses>
				<total>1</total>
				<timestamp>213.276732</timestamp>
			</report>
			<report>
				<misses>578001</misses>
				<total>0</total>
				<timestamp>213.646410</timestamp>
			</report>
			<report>
				<misses>579001</misses>
				<total>1</total>
				<timestamp>214.016011</timestamp>
			</report>
			<report>
				<misses>580001</misses>
				<total>1</total>
				<timestamp>214.385581</timestamp>
			</report>
			<report>
				<misses>581001</misses>
				<total>0</total>
				<timestamp>214.755306</timestamp>
			</report>
			<report>
				<misses>582001</misses>
				<total>0</total>
				<timestamp>215.124960</timestamp>
			</report>
			<report>
				<misses>583001</misses>
				<total>1</total>
				<timestamp>215.494461</timestamp>
			</report>
			<report>
				<misses>584001</misses>
				<total>1</total>
				<timestamp>215.864091</timestamp>
			</report>
			<report>
				<misses>585001</misses>
				<total>1</total>
				<timestamp>216.233733</timestamp>
			</report>
			<report>
				<misses>586001</misses>
				<total>1</total>
				<timestamp>216.603392</timestamp>
			</report>
			<report>
				<misses>587001</misses>
				<total>1</total>
				<timestamp>216.972975</timestamp>
			</report>
			<report>
				<misses>588001</misses>
				<total>1</total>
				<timestamp>217.342638</timestamp>
			</report>
			<report>
				<misses>589001</misses>
				<total>1</total>
				<timestamp>217.712313</timestamp>
			</report>
			<report>
				<misses>590001</misses>
				<total>1</total>
				<timestamp>218.081876</timestamp>
			</report>
			<report>
				<misses>591001</misses>
				<total>1</total>
				<timestamp>218.451489</timestamp>
			</report>
			<report>
				<misses>592001</misses>
				<total>0</total>
				<timestamp>218.821232</timestamp>
			</report>
			<report>
				<misses>593001</misses>
				<total>1</total>
				<timestamp>219.190773</timestamp>
			</report>
			<report>
				<misses>594001</misses>
				<total>1</total>
				<timestamp>219.560446</timestamp>
			</report>
			<report>
				<misses>595001</misses>
				<total>1</total>
				<timestamp>219.930062</timestamp>
			</report>
			<report>
				<misses>596001</misses>
				<total>1</total>
				<timestamp>220.299742</timestamp>
			</report>
			<report>
				<misses>597001</misses>
				<total>1</total>
				<timestamp>220.669277</timestamp>
			</report>
			<report>
				<misses>598001</misses>
				<total>1</total>
				<timestamp>221.038968</timestamp>
			</report>
			<report>
				<misses>599001</misses>
				<total>1</total>
				<timestamp>221.408581</timestamp>
			</report>
			<report>
				<misses>600001</misses>
				<total>1</total>
				<timestamp>221.778182</timestamp>
			</report>
			<report>
				<misses>601001</misses>
				<total>1</total>
				<timestamp>222.147823</timestamp>
			</report>
			<report>
				<misses>602001</misses>
				<total>1</total>
				<timestamp>222.517504</timestamp>
			</report>
			<report>
				<misses>603001</misses>
				<total>1</total>
				<timestamp>222.887093</timestamp>
			</report>
			<report>
				<misses>604001</misses>
				<total>1</total>
				<timestamp>223.256742</timestamp>
			</report>
			<report>
				<misses>605001</misses>
				<total>1</total>
				<timestamp>223.626360</timestamp>
			</report>
			<report>
				<misses>606001</misses>
				<total>1</total>
				<timestamp>223.995997</timestamp>
			</report>
			<report>
				<misses>607001</misses>
				<total>1</total>
				<timestamp>224.365615</timestamp>
			</report>
			<report>
				<misses>608001</misses>
				<total>1</total>
				<timestamp>224.735225</timestamp>
			</report>
			<report>
				<misses>609001</misses>
				<total>0</total>
				<timestamp>225.104946</timestamp>
			</report>
			<report>
				<misses>610001</misses>
				<total>1</total>
				<timestamp>225.474461</timestamp>
			</report>
			<report>
				<misses>611001</misses>
				<total>1</total>
				<timestamp>225.844108</timestamp>
			</report>
			<report>
				<misses>612001</misses>
				<total>1</total>
				<timestamp>226.213727</timestamp>
			</report>
			<report>
				<misses>613001</misses>
				<total>1</total>
				<timestamp>226.583385</timestamp>
			</report>
			<report>
				<misses>614001</misses>
				<total>1</total>
				<timestamp>226.953000</timestamp>
			</report>
			<report>
				<misses>615001</misses>
				<total>1</total>
				<timestamp>227.322632</timestamp>
			</report>
			<report>
				<misses>616001</misses>
				<total>1</total>
				<timestamp>227.692244</timestamp>
			</report>
			<report>
				<misses>617001</misses>
				<total>1</total>
				<timestamp>228.061965</timestamp>
			</report>
			<report>
				<misses>618001</misses>
				<total>1</total>
				<timestamp>228.431561</timestamp>
			</report>
			<report>
				<misses>619001</misses>
				<total>1</total>
				<timestamp>228.801133</timestamp>
			</report>
			<report>
				<misses>620001</misses>
				<total>1</total>
				<timestamp>229.170796</timestamp>
			</report>
			<report>
				<misses>621001</misses>
				<total>0</total>
				<timestamp>229.540521</timestamp>
			</report>
			<report>
				<misses>622001</misses>
				<total>1</total>
				<timestamp>229.910062</timestamp>
			</report>
			<report>
				<misses>623001</misses>
				<total>1</total>
				<timestamp>230.279672</timestamp>
			</report>
			<report>
				<misses>624001</misses>
				<total>1</total>
				<timestamp>230.649335</timestamp>
			</report>
			<report>
				<misses>625001</misses>
				<total>1</total>
				<timestamp>231.018975</timestamp>
			</report>
			<report>
				<misses>626001</misses>
				<total>1</total>
				<timestamp>231.388627</timestamp>
			</report>
			<report>
				<misses>627001</misses>
				<total>0</total>
				<timestamp>231.758268</timestamp>
			</report>
			<report>
				<misses>628001</misses>
				<total>1</total>
				<timestamp>232.127810</timestamp>
			</report>
			<report>
				<misses>629001</misses>
				<total>1</total>
				<timestamp>232.497517</timestamp>
			</report>
			<report>
				<misses>630001</misses>
				<total>1</total>
				<timestamp>232.867083</timestamp>
			</report>
			<report>
				<misses>631001</misses>
				<total>1</total>
				<timestamp>233.236741</timestamp>
			</report>
			<report>
				<misses>632001</misses>
				<total>0</total>
				<timestamp>233.606434</timestamp>
			</report>
			<report>
				<misses>633001</misses>
				<total>1</total>
				<timestamp>233.975982</timestamp>
			</report>
			<report>
				<misses>634001</misses>
				<total>1</total>
				<timestamp>234.345622</timestamp>
			</report>
			<report>
				<misses>635001</misses>
				<total>1</total>
				<timestamp>234.715292</timestamp>
			</report>
			<report>
				<misses>636001</misses>
				<total>1</total>
				<timestamp>235.084883</timestamp>
			</report>
			<report>
				<misses>637001</misses>
				<total>0</total>
				<timestamp>235.454635</timestamp>
			</report>
			<report>
				<misses>638001</misses>
				<total>1</total>
				<timestamp>235.824127</timestamp>
			</report>
			<report>
				<misses>639001</misses>
				<total>1</total>
				<timestamp>236.193776</timestamp>
			</report>
			<report>
				<misses>640001</misses>
				<total>1</total>
				<timestamp>236.563395</timestamp>
			</report>
			<report>
				<misses>641001</misses>
				<total>1</total>
				<timestamp>236.933015</timestamp>
			</report>
			<report>
				<misses>642001</misses>
				<total>1</total>
				<timestamp>237.302662</timestamp>
			</report>
			<report>
				<misses>643001</misses>
				<total>1</total>
				<timestamp>237.672258</timestamp>
			</report>
			<report>
				<misses>644001</misses>
				<total>1</total>
				<timestamp>238.041943</timestamp>
			</report>
			<report>
				<misses>645001</misses>
				<total>1</total>
				<timestamp>238.411576</timestamp>
			</report>
			<report>
				<misses>646001</misses>
				<total>1</total>
				<timestamp>238.781159</timestamp>
			</report>
			<report>
				<misses>647001</misses>
				<total>1</total>
				<timestamp>239.150824</timestamp>
			</report>
			<report>
				<misses>648001</misses>
				<total>1</total>
				<timestamp>239.520415</timestamp>
			</report>
			<report>
				<misses>649001</misses>
				<total>1</total>
				<timestamp>239.890061</timestamp>
			</report>
			<report>
				<misses>650001</misses>
				<total>1</total>
				<timestamp>240.259762</timestamp>
			</report>
			<report>
				<misses>651001</misses>
				<total>1</total>
				<timestamp>240.629355</timestamp>
			</report>
			<report>
				<misses>652001</misses>
				<total>0</total>
				<timestamp>240.999048</timestamp>
			</report>
			<report>
				<misses>653001</misses>
				<total>1</total>
				<timestamp>241.368609</timestamp>
			</report>
			<report>
				<misses>654001</misses>
				<total>1</total>
				<timestamp>241.738183</timestamp>
			</report>
			<report>
				<misses>655001</misses>
				<total>1</total>
				<timestamp>242.107831</timestamp>
			</report>
			<report>
				<misses>656001</misses>
				<total>1</total>
				<timestamp>242.477449</timestamp>
			</report>
			<report>
				<misses>657001</misses>
				<total>1</total>
				<timestamp>242.847074</timestamp>
			</report>
			<report>
				<misses>658001</misses>
				<total>1</total>
				<timestamp>243.216741</timestamp>
			</report>
			<report>
				<misses>659001</misses>
				<total>0</total>
				<timestamp>243.586455</timestamp>
			</report>
			<report>
				<misses>660001</misses>
				<total>1</total>
				<timestamp>243.955966</timestamp>
			</report>
			<report>
				<misses>661001</misses>
				<total>1</total>
				<timestamp>244.325615</timestamp>
			</report>
			<report>
				<misses>662001</misses>
				<total>1</total>
				<timestamp>244.695244</timestamp>
			</report>
			<report>
				<misses>663001</misses>
				<total>0</total>
				<timestamp>245.064980</timestamp>
			</report>
			<report>
				<misses>664001</misses>
				<total>1</total>
				<timestamp>245.434572</timestamp>
			</report>
			<report>
				<misses>665001</misses>
				<total>1</total>
				<timestamp>245.804116</timestamp>
			</report>
			<report>
				<misses>666001</misses>
				<total>1</total>
				<timestamp>246.173804</timestamp>
			</report>
			<report>
				<misses>667001</misses>
				<total>1</total>
				<timestamp>246.543397</timestamp>
			</report>
			<report>
				<misses>668001</misses>
				<total>0</total>
				<timestamp>246.913136</timestamp>
			</report>
			<report>
				<misses>669001</misses>
				<total>1</total>
				<timestamp>247.282645</timestamp>
			</report>
			<report>
				<misses>670001</misses>
				<total>1</total>
				<timestamp>247.652254</timestamp>
			</report>
			<report>
				<misses>671001</misses>
				<total>1</total>
				<timestamp>248.021911</timestamp>
			</report>
			<report>
				<misses>672001</misses>
				<total>1</total>
				<timestamp>248.391596</timestamp>
			</report>
			<report>
				<misses>673001</misses>
				<total>1</total>
				<timestamp>248.761166</timestamp>
			</report>
			<report>
				<misses>674001</misses>
				<total>1</total>
				<timestamp>249.130796</timestamp>
			</report>
			<report>
				<misses>675001</misses>
				<total>1</total>
				<timestamp>249.500457</timestamp>
			</report>
			<report>
				<misses>676001</misses>
				<total>1</total>
				<timestamp>249.870053</timestamp>
			</report>
			<report>
				<misses>677001</misses>
				<total>1</total>
				<timestamp>250.239750</timestamp>
			</report>
			<report>
				<misses>678001</misses>
				<total>1</total>
				<timestamp>250.609343</timestamp>
			</report>
			<report>
				<misses>679001</misses>
				<total>1</total>
				<timestamp>250.978957</timestamp>
			</report>
			<report>
				<misses>680001</misses>
				<total>1</total>
				<timestamp>251.348626</timestamp>
			</report>
			<report>
				<misses>681001</misses>
				<total>1</total>
				<timestamp>251.718209</timestamp>
			</report>
			<report>
				<misses>682001</misses>
				<total>1</total>
				<timestamp>252.087862</timestamp>
			</report>
			<report>
				<misses>683001</misses>
				<total>1</total>
				<timestamp>252.457485</timestamp>
			</report>
			<report>
				<misses>684001</misses>
				<total>1</total>
				<timestamp>252.827163</timestamp>
			</report>
			<report>
				<misses>685001</misses>
				<total>1</total>
				<timestamp>253.196726</timestamp>
			</report>
			<report>
				<misses>686001</misses>
				<total>1</total>
				<timestamp>253.566343</timestamp>
			</report>
			<report>
				<misses>687001</misses>
				<total>1</total>
				<timestamp>253.936016</timestamp>
			</report>
			<report>
				<misses>688001</misses>
				<total>1</total>
				<timestamp>254.305618</timestamp>
			</report>
			<report>
				<misses>689001</misses>
				<total>0</total>
				<timestamp>254.675356</timestamp>
			</report>
			<report>
				<misses>690001</misses>
				<total>1</total>
				<timestamp>255.044892</timestamp>
			</report>
			<report>
				<misses>691001</misses>
				<total>1</total>
				<timestamp>255.414505</timestamp>
			</report>
			<report>
				<misses>692001</misses>
				<total>1</total>
				<timestamp>255.784189</timestamp>
			</report>
			<report>
				<misses>693001</misses>
				<total>1</total>
				<timestamp>256.153817</timestamp>
			</report>
			<report>
				<misses>694001</misses>
				<total>1</total>
				<timestamp>256.523407</timestamp>
			</report>
			<report>
				<misses>695001</misses>
				<total>1</total>
				<timestamp>256.893045</timestamp>
			</report>
			<report>
				<misses>696001</misses>
				<total>1</total>
				<timestamp>257.262655</timestamp>
			</report>
			<report>
				<misses>697001</misses>
				<total>1</total>
				<timestamp>257.632292</timestamp>
			</report>
			<report>
				<misses>698001</misses>
				<total>1</total>
				<timestamp>258.001969</timestamp>
			</report>
			<report>
				<misses>699001</misses>
				<total>1</total>
				<timestamp>258.371569</timestamp>
			</report>
			<report>
				<misses>700001</misses>
				<total>1</total>
				<timestamp>258.741193</timestamp>
			</report>
			<report>
				<misses>701001</misses>
				<total>1</total>
				<timestamp>259.110787</timestamp>
			</report>
			<report>
				<misses>702001</misses>
				<total>1</total>
				<timestamp>259.480462</timestamp>
			</report>
			<report>
				<misses>703001</misses>
				<total>1</total>
				<timestamp>259.850069</timestamp>
			</report>
			<report>
				<misses>704001</misses>
				<total>1</total>
				<timestamp>260.219767</timestamp>
			</report>
			<report>
				<misses>705001</misses>
				<total>1</total>
				<timestamp>260.589364</timestamp>
			</report>
			<report>
				<misses>706001</misses>
				<total>1</total>
				<timestamp>260.958979</timestamp>
			</report>
			<report>
				<misses>707001</misses>
				<total>1</total>
				<timestamp>261.328619</timestamp>
			</report>
			<report>
				<misses>708001</misses>
				<total>1</total>
				<timestamp>261.698200</timestamp>
			</report>
			<report>
				<misses>709001</misses>
				<total>1</total>
				<timestamp>262.067831</timestamp>
			</report>
			<report>
				<misses>710001</misses>
				<total>1</total>
				<timestamp>262.437550</timestamp>
			</report>
			<report>
				<misses>711001</misses>
				<total>1</total>
				<timestamp>262.807164</timestamp>
			</report>
			<report>
				<misses>712001</misses>
				<total>1</total>
				<timestamp>263.176784</timestamp>
			</report>
			<report>
				<misses>713001</misses>
				<total>1</total>
				<timestamp>263.546374</timestamp>
			</report>
			<report>
				<misses>714001</misses>
				<total>0</total>
				<timestamp>263.916096</timestamp>
			</report>
			<report>
				<misses>715001</misses>
				<total>1</total>
				<timestamp>264.285637</timestamp>
			</report>
			<report>
				<misses>716001</misses>
				<total>1</total>
				<timestamp>264.655252</timestamp>
			</report>
			<report>
				<misses>717001</misses>
				<total>1</total>
				<timestamp>265.024976</timestamp>
			</report>
			<report>
				<misses>718001</misses>
				<total>1</total>
				<timestamp>265.394560</timestamp>
			</report>
			<report>
				<misses>719001</misses>
				<total>1</total>
				<timestamp>265.764201</timestamp>
			</report>
			<report>
				<misses>720001</misses>
				<total>1</total>
				<timestamp>266.133760</timestamp>
			</report>
			<report>
				<misses>721001</misses>
				<total>1</total>
				<timestamp>266.503445</timestamp>
			</report>
			<report>
				<misses>722001</misses>
				<total>1</total>
				<timestamp>266.873053</timestamp>
			</report>
			<report>
				<misses>723001</misses>
				<total>1</total>
				<timestamp>267.242713</timestamp>
			</report>
			<report>
				<misses>724001</misses>
				<total>1</total>
				<timestamp>267.612360</timestamp>
			</report>
			<report>
				<misses>725001</misses>
				<total>1</total>
				<timestamp>267.981928</timestamp>
			</report>
			<report>
				<misses>726001</misses>
				<total>1</total>
				<timestamp>268.351557</timestamp>
			</report>
			<report>
				<misses>727001</misses>
				<total>1</total>
				<timestamp>268.721213</timestamp>
			</report>
			<report>
				<misses>728001</misses>
				<total>1</total>
				<timestamp>269.090848</timestamp>
			</report>
			<report>
				<misses>729001</misses>
				<total>1</total>
				<timestamp>269.460447</timestamp>
			</report>
			<report>
				<misses>730001</misses>
				<total>1</total>
				<timestamp>269.830060</timestamp>
			</report>
			<report>
				<misses>731001</misses>
				<total>1</total>
				<timestamp>270.199774</timestamp>
			</report>
			<report>
				<misses>732001</misses>
				<total>1</total>
				<timestamp>270.569360</timestamp>
			</report>
			<report>
				<misses>733001</misses>
				<total>1</total>
				<timestamp>270.939035</timestamp>
			</report>
			<report>
				<misses>734001</misses>
				<total>0</total>
				<timestamp>271.308682</timestamp>
			</report>
			<report>
				<misses>735001</misses>
				<total>1</total>
				<timestamp>271.678232</timestamp>
			</report>
			<report>
				<misses>736001</misses>
				<total>1</total>
				<timestamp>272.047898</timestamp>
			</report>
			<report>
				<misses>737001</misses>
				<total>1</total>
				<timestamp>272.417486</timestamp>
			</report>
			<report>
				<misses>738001</misses>
				<total>1</total>
				<timestamp>272.787156</timestamp>
			</report>
			<report>
				<misses>739001</misses>
				<total>1</total>
				<timestamp>273.156752</timestamp>
			</report>
			<report>
				<misses>740001</misses>
				<total>1</total>
				<timestamp>273.526395</timestamp>
			</report>
			<report>
				<misses>741001</misses>
				<total>1</total>
				<timestamp>273.896032</timestamp>
			</report>
			<report>
				<misses>742001</misses>
				<total>1</total>
				<timestamp>274.265624</timestamp>
			</report>
			<report>
				<misses>743001</misses>
				<total>1</total>
				<timestamp>274.635315</timestamp>
			</report>
			<report>
				<misses>744001</misses>
				<total>1</total>
				<timestamp>275.004964</timestamp>
			</report>
			<report>
				<misses>745001</misses>
				<total>1</total>
				<timestamp>275.374549</timestamp>
			</report>
			<report>
				<misses>746001</misses>
				<total>1</total>
				<timestamp>275.744225</timestamp>
			</report>
			<report>
				<misses>747001</misses>
				<total>1</total>
				<timestamp>276.113842</timestamp>
			</report>
			<report>
				<misses>748001</misses>
				<total>1</total>
				<timestamp>276.483438</timestamp>
			</report>
			<report>
				<misses>749001</misses>
				<total>0</total>
				<timestamp>276.853156</timestamp>
			</report>
			<report>
				<misses>750001</misses>
				<total>1</total>
				<timestamp>277.222731</timestamp>
			</report>
			<report>
				<misses>751001</misses>
				<total>1</total>
				<timestamp>277.592366</timestamp>
			</report>
			<report>
				<misses>752001</misses>
				<total>1</total>
				<timestamp>277.961921</timestamp>
			</report>
			<report>
				<misses>753001</misses>
				<total>1</total>
				<timestamp>278.331634</timestamp>
			</report>
			<report>
				<misses>754001</misses>
				<total>1</total>
				<timestamp>278.701211</timestamp>
			</report>
			<report>
				<misses>755001</misses>
				<total>1</total>
				<timestamp>279.070803</timestamp>
			</report>
			<report>
				<misses>756001</misses>
				<total>1</total>
				<timestamp>279.440451</timestamp>
			</report>
			<report>
				<misses>757001</misses>
				<total>1</total>
				<timestamp>279.810159</timestamp>
			</report>
			<report>
				<misses>758001</misses>
				<total>1</total>
				<timestamp>280.179752</timestamp>
			</report>
			<report>
				<misses>759001</misses>
				<total>1</total>
				<timestamp>280.549442</timestamp>
			</report>
			<report>
				<misses>760001</misses>
				<total>1</total>
				<timestamp>280.918987</timestamp>
			</report>
			<report>
				<misses>761001</misses>
				<total>1</total>
				<timestamp>281.288632</timestamp>
			</report>
			<report>
				<misses>762001</misses>
				<total>1</total>
				<timestamp>281.658242</timestamp>
			</report>
			<report>
				<misses>763001</misses>
				<total>1</total>
				<timestamp>282.027898</timestamp>
			</report>
			<report>
				<misses>764001</misses>
				<total>0</total>
				<timestamp>282.397593</timestamp>
			</report>
			<report>
				<misses>765001</misses>
				<total>1</total>
				<timestamp>282.767113</timestamp>
			</report>
			<report>
				<misses>766001</misses>
				<total>1</total>
				<timestamp>283.136750</timestamp>
			</report>
			<report>
				<misses>767001</misses>
				<total>1</total>
				<timestamp>283.506471</timestamp>
			</report>
			<report>
				<misses>768001</misses>
				<total>1</total>
				<timestamp>283.875997</timestamp>
			</report>
			<report>
				<misses>769001</misses>
				<total>1</total>
				<timestamp>284.245675</timestamp>
			</report>
			<report>
				<misses>770001</misses>
				<total>0</total>
				<timestamp>284.615388</timestamp>
			</report>
			<report>
				<misses>771001</misses>
				<total>1</total>
				<timestamp>284.984925</timestamp>
			</report>
			<report>
				<misses>772001</misses>
				<total>1</total>
				<timestamp>285.354597</timestamp>
			</report>
			<report>
				<misses>773001</misses>
				<total>1</total>
				<timestamp>285.724185</timestamp>
			</report>
			<report>
				<misses>774001</misses>
				<total>0</total>
				<timestamp>286.093875</timestamp>
			</report>
			<report>
				<misses>775001</misses>
				<total>1</total>
				<timestamp>286.463420</timestamp>
			</report>
			<report>
				<misses>776001</misses>
				<total>1</total>
				<timestamp>286.833059</timestamp>
			</report>
			<report>
				<misses>777001</misses>
				<total>1</total>
				<timestamp>287.202673</timestamp>
			</report>
			<report>
				<misses>778001</misses>
				<total>1</total>
				<timestamp>287.572339</timestamp>
			</report>
			<report>
				<misses>779001</misses>
				<total>1</total>
				<timestamp>287.942002</timestamp>
			</report>
			<report>
				<misses>780001</misses>
				<total>0</total>
				<timestamp>288.311683</timestamp>
			</report>
			<report>
				<misses>781001</misses>
				<total>1</total>
				<timestamp>288.681222</timestamp>
			</report>
			<report>
				<misses>782001</misses>
				<total>1</total>
				<timestamp>289.050841</timestamp>
			</report>
			<report>
				<misses>783001</misses>
				<total>1</total>
				<timestamp>289.420459</timestamp>
			</report>
			<report>
				<misses>784001</misses>
				<total>0</total>
				<timestamp>289.790256</timestamp>
			</report>
			<report>
				<misses>785001</misses>
				<total>1</total>
				<timestamp>290.159729</timestamp>
			</report>
			<report>
				<misses>786001</misses>
				<total>1</total>
				<timestamp>290.529415</timestamp>
			</report>
			<report>
				<misses>787001</misses>
				<total>0</total>
				<timestamp>290.899071</timestamp>
			</report>
			<report>
				<misses>788001</misses>
				<total>1</total>
				<timestamp>291.268678</timestamp>
			</report>
			<report>
				<misses>789001</misses>
				<total>1</total>
				<timestamp>291.638275</timestamp>
			</report>
			<report>
				<misses>790001</misses>
				<total>1</total>
				<timestamp>292.007902</timestamp>
			</report>
			<report>
				<misses>791001</misses>
				<total>1</total>
				<timestamp>292.377569</timestamp>
			</report>
			<report>
				<misses>792001</misses>
				<total>0</total>
				<timestamp>292.747269</timestamp>
			</report>
			<report>
				<misses>793001</misses>
				<total>1</total>
				<timestamp>293.116790</timestamp>
			</report>
			<report>
				<misses>794001</misses>
				<total>1</total>
				<timestamp>293.486388</timestamp>
			</report>
			<report>
				<misses>795001</misses>
				<total>1</total>
				<timestamp>293.856048</timestamp>
			</report>
			<report>
				<misses>796001</misses>
				<total>1</total>
				<timestamp>294.225712</timestamp>
			</report>
			<report>
				<misses>797001</misses>
				<total>1</total>
				<timestamp>294.595319</timestamp>
			</report>
			<report>
				<misses>798001</misses>
				<total>1</total>
				<timestamp>294.964910</timestamp>
			</report>
			<report>
				<misses>799001</misses>
				<total>1</total>
				<timestamp>295.334598</timestamp>
			</report>
			<report>
				<misses>800001</misses>
				<total>1</total>
				<timestamp>295.704239</timestamp>
			</report>
			<report>
				<misses>801001</misses>
				<total>1</total>
				<timestamp>296.073795</timestamp>
			</report>
			<report>
				<misses>802001</misses>
				<total>1</total>
				<timestamp>296.443506</timestamp>
			</report>
			<report>
				<misses>803001</misses>
				<total>0</total>
				<timestamp>296.813156</timestamp>
			</report>
			<report>
				<misses>804001</misses>
				<total>1</total>
				<timestamp>297.182687</timestamp>
			</report>
			<report>
				<misses>805001</misses>
				<total>1</total>
				<timestamp>297.552374</timestamp>
			</report>
			<report>
				<misses>806001</misses>
				<total>1</total>
				<timestamp>297.922033</timestamp>
			</report>
			<report>
				<misses>807001</misses>
				<total>1</total>
				<timestamp>298.291587</timestamp>
			</report>
			<report>
				<misses>808001</misses>
				<total>1</total>
				<timestamp>298.661254</timestamp>
			</report>
			<report>
				<misses>809001</misses>
				<total>1</total>
				<timestamp>299.030845</timestamp>
			</report>
			<report>
				<misses>810001</misses>
				<total>1</total>
				<timestamp>299.400475</timestamp>
			</report>
			<report>
				<misses>811001</misses>
				<total>1</total>
				<timestamp>299.770140</timestamp>
			</report>
			<report>
				<misses>812001</misses>
				<total>1</total>
				<timestamp>300.139753</timestamp>
			</report>
			<report>
				<misses>813001</misses>
				<total>1</total>
				<timestamp>300.509387</timestamp>
			</report>
			<report>
				<misses>814001</misses>
				<total>1</total>
				<timestamp>300.878996</timestamp>
			</report>
			<report>
				<misses>815001</misses>
				<total>1</total>
				<timestamp>301.248668</timestamp>
			</report>
			<report>
				<misses>816001</misses>
				<total>1</total>
				<timestamp>301.618248</timestamp>
			</report>
			<report>
				<misses>817001</misses>
				<total>0</total>
				<timestamp>301.987984</timestamp>
			</report>
			<report>
				<misses>818001</misses>
				<total>1</total>
				<timestamp>302.357502</timestamp>
			</report>
			<report>
				<misses>819001</misses>
				<total>1</total>
				<timestamp>302.727199</timestamp>
			</report>
			<report>
				<misses>820001</misses>
				<total>1</total>
				<timestamp>303.096804</timestamp>
			</report>
			<report>
				<misses>821001</misses>
				<total>0</total>
				<timestamp>303.466503</timestamp>
			</report>
			<report>
				<misses>822001</misses>
				<total>1</total>
				<timestamp>303.836046</timestamp>
			</report>
			<report>
				<misses>823001</misses>
				<total>1</total>
				<timestamp>304.205651</timestamp>
			</report>
			<report>
				<misses>824001</misses>
				<total>1</total>
				<timestamp>304.575351</timestamp>
			</report>
			<report>
				<misses>825001</misses>
				<total>1</total>
				<timestamp>304.944975</timestamp>
			</report>
			<report>
				<misses>826001</misses>
				<total>1</total>
				<timestamp>305.314545</timestamp>
			</report>
			<report>
				<misses>827001</misses>
				<total>1</total>
				<timestamp>305.684236</timestamp>
			</report>
			<report>
				<misses>828001</misses>
				<total>1</total>
				<timestamp>306.053820</timestamp>
			</report>
			<report>
				<misses>829001</misses>
				<total>1</total>
				<timestamp>306.423448</timestamp>
			</report>
			<report>
				<misses>830001</misses>
				<total>1</total>
				<timestamp>306.793101</timestamp>
			</report>
			<report>
				<misses>831001</misses>
				<total>1</total>
				<timestamp>307.162712</timestamp>
			</report>
			<report>
				<misses>832001</misses>
				<total>1</total>
				<timestamp>307.532335</timestamp>
			</report>
			<report>
				<misses>833001</misses>
				<total>1</total>
				<timestamp>307.901955</timestamp>
			</report>
			<report>
				<misses>834001</misses>
				<total>1</total>
				<timestamp>308.271656</timestamp>
			</report>
			<report>
				<misses>835001</misses>
				<total>1</total>
				<timestamp>308.641264</timestamp>
			</report>
			<report>
				<misses>836001</misses>
				<total>1</total>
				<timestamp>309.010858</timestamp>
			</report>
			<report>
				<misses>837001</misses>
				<total>1</total>
				<timestamp>309.380542</timestamp>
			</report>
			<report>
				<misses>838001</misses>
				<total>1</total>
				<timestamp>309.750143</timestamp>
			</report>
			<report>
				<misses>839001</misses>
				<total>1</total>
				<timestamp>310.119761</timestamp>
			</report>
			<report>
				<misses>840001</misses>
				<total>1</total>
				<timestamp>310.489391</timestamp>
			</report>
			<report>
				<misses>841001</misses>
				<total>1</total>
				<timestamp>310.859022</timestamp>
			</report>
			<report>
				<misses>842001</misses>
				<total>1</total>
				<timestamp>311.228641</timestamp>
			</report>
			<report>
				<misses>843001</misses>
				<total>1</total>
				<timestamp>311.598276</timestamp>
			</report>
			<report>
				<misses>844001</misses>
				<total>1</total>
				<timestamp>311.967908</timestamp>
			</report>
			<report>
				<misses>845001</misses>
				<total>1</total>
				<timestamp>312.337538</timestamp>
			</report>
			<report>
				<misses>846001</misses>
				<total>1</total>
				<timestamp>312.707209</timestamp>
			</report>
			<report>
				<misses>847001</misses>
				<total>1</total>
				<timestamp>313.076797</timestamp>
			</report>
			<report>
				<misses>848001</misses>
				<total>1</total>
				<timestamp>313.446402</timestamp>
			</report>
			<report>
				<misses>849001</misses>
				<total>1</total>
				<timestamp>313.816089</timestamp>
			</report>
			<report>
				<misses>850001</misses>
				<total>1</total>
				<timestamp>314.185668</timestamp>
			</report>
			<report>
				<misses>851001</misses>
				<total>1</total>
				<timestamp>314.555313</timestamp>
			</report>
			<report>
				<misses>852001</misses>
				<total>1</total>
				<timestamp>314.924957</timestamp>
			</report>
			<report>
				<misses>853001</misses>
				<total>1</total>
				<timestamp>315.294604</timestamp>
			</report>
			<report>
				<misses>854001</misses>
				<total>1</total>
				<timestamp>315.664216</timestamp>
			</report>
			<report>
				<misses>855001</misses>
				<total>1</total>
				<timestamp>316.033848</timestamp>
			</report>
			<report>
				<misses>856001</misses>
				<total>1</total>
				<timestamp>316.403487</timestamp>
			</report>
			<report>
				<misses>857001</misses>
				<total>1</total>
				<timestamp>316.773182</timestamp>
			</report>
			<report>
				<misses>858001</misses>
				<total>1</total>
				<timestamp>317.142728</timestamp>
			</report>
			<report>
				<misses>859001</misses>
				<total>1</total>
				<timestamp>317.512363</timestamp>
			</report>
			<report>
				<misses>860001</misses>
				<total>1</total>
				<timestamp>317.882020</timestamp>
			</report>
			<report>
				<misses>861001</misses>
				<total>1</total>
				<timestamp>318.251592</timestamp>
			</report>
			<report>
				<misses>862001</misses>
				<total>1</total>
				<timestamp>318.621231</timestamp>
			</report>
			<report>
				<misses>863001</misses>
				<total>0</total>
				<timestamp>318.990956</timestamp>
			</report>
			<report>
				<misses>864001</misses>
				<total>1</total>
				<timestamp>319.360493</timestamp>
			</report>
			<report>
				<misses>865001</misses>
				<total>1</total>
				<timestamp>319.730174</timestamp>
			</report>
			<report>
				<misses>866001</misses>
				<total>1</total>
				<timestamp>320.099739</timestamp>
			</report>
			<report>
				<misses>867001</misses>
				<total>1</total>
				<timestamp>320.469401</timestamp>
			</report>
			<report>
				<misses>868001</misses>
				<total>0</total>
				<timestamp>320.839160</timestamp>
			</report>
			<report>
				<misses>869001</misses>
				<total>1</total>
				<timestamp>321.208634</timestamp>
			</report>
			<report>
				<misses>870001</misses>
				<total>1</total>
				<timestamp>321.578280</timestamp>
			</report>
			<report>
				<misses>871001</misses>
				<total>1</total>
				<timestamp>321.947935</timestamp>
			</report>
			<report>
				<misses>872001</misses>
				<total>1</total>
				<timestamp>322.317529</timestamp>
			</report>
			<report>
				<misses>873001</misses>
				<total>1</total>
				<timestamp>322.687196</timestamp>
			</report>
			<report>
				<misses>874001</misses>
				<total>1</total>
				<timestamp>323.056787</timestamp>
			</report>
			<report>
				<misses>875001</misses>
				<total>1</total>
				<timestamp>323.426414</timestamp>
			</report>
			<report>
				<misses>876001</misses>
				<total>1</total>
				<timestamp>323.796102</timestamp>
			</report>
			<report>
				<misses>877001</misses>
				<total>1</total>
				<timestamp>324.165666</timestamp>
			</report>
			<report>
				<misses>878001</misses>
				<total>1</total>
				<timestamp>324.535379</timestamp>
			</report>
			<report>
				<misses>879001</misses>
				<total>1</total>
				<timestamp>324.904940</timestamp>
			</report>
			<report>
				<misses>880001</misses>
				<total>1</total>
				<timestamp>325.274597</timestamp>
			</report>
			<report>
				<misses>881001</misses>
				<total>1</total>
				<timestamp>325.644226</timestamp>
			</report>
			<report>
				<misses>882001</misses>
				<total>1</total>
				<timestamp>326.013874</timestamp>
			</report>
			<report>
				<misses>883001</misses>
				<total>1</total>
				<timestamp>326.383471</timestamp>
			</report>
			<report>
				<misses>884001</misses>
				<total>1</total>
				<timestamp>326.753120</timestamp>
			</report>
			<report>
				<misses>885001</misses>
				<total>1</total>
				<timestamp>327.122730</timestamp>
			</report>
			<report>
				<misses>886001</misses>
				<total>1</total>
				<timestamp>327.492335</timestamp>
			</report>
			<report>
				<misses>887001</misses>
				<total>1</total>
				<timestamp>327.861996</timestamp>
			</report>
			<report>
				<misses>888001</misses>
				<total>1</total>
				<timestamp>328.231606</timestamp>
			</report>
			<report>
				<misses>889001</misses>
				<total>1</total>
				<timestamp>328.601293</timestamp>
			</report>
			<report>
				<misses>890001</misses>
				<total>1</total>
				<timestamp>328.970867</timestamp>
			</report>
			<report>
				<misses>891001</misses>
				<total>1</total>
				<timestamp>329.340499</timestamp>
			</report>
			<report>
				<misses>892001</misses>
				<total>1</total>
				<timestamp>329.710194</timestamp>
			</report>
			<report>
				<misses>893001</misses>
				<total>1</total>
				<timestamp>330.079824</timestamp>
			</report>
			<report>
				<misses>894001</misses>
				<total>1</total>
				<timestamp>330.449398</timestamp>
			</report>
			<report>
				<misses>895001</misses>
				<total>1</total>
				<timestamp>330.819070</timestamp>
			</report>
			<report>
				<misses>896001</misses>
				<total>1</total>
				<timestamp>331.188652</timestamp>
			</report>
			<report>
				<misses>897001</misses>
				<total>1</total>
				<timestamp>331.558331</timestamp>
			</report>
			<report>
				<misses>898001</misses>
				<total>1</total>
				<timestamp>331.927965</timestamp>
			</report>
			<report>
				<misses>899001</misses>
				<total>1</total>
				<timestamp>332.297536</timestamp>
			</report>
			<report>
				<misses>900001</misses>
				<total>0</total>
				<timestamp>332.667274</timestamp>
			</report>
			<report>
				<misses>901001</misses>
				<total>1</total>
				<timestamp>333.036792</timestamp>
			</report>
			<report>
				<misses>902001</misses>
				<total>1</total>
				<timestamp>333.406465</timestamp>
			</report>
			<report>
				<misses>903001</misses>
				<total>1</total>
				<timestamp>333.776147</timestamp>
			</report>
			<report>
				<misses>904001</misses>
				<total>1</total>
				<timestamp>334.145694</timestamp>
			</report>
			<report>
				<misses>905001</misses>
				<total>1</total>
				<timestamp>334.515319</timestamp>
			</report>
			<report>
				<misses>906001</misses>
				<total>1</total>
				<timestamp>334.885058</timestamp>
			</report>
			<report>
				<misses>907001</misses>
				<total>1</total>
				<timestamp>335.254628</timestamp>
			</report>
			<report>
				<misses>908001</misses>
				<total>1</total>
				<timestamp>335.624213</timestamp>
			</report>
			<report>
				<misses>909001</misses>
				<total>1</total>
				<timestamp>335.993840</timestamp>
			</report>
			<report>
				<misses>910001</misses>
				<total>1</total>
				<timestamp>336.363470</timestamp>
			</report>
			<report>
				<misses>911001</misses>
				<total>1</total>
				<timestamp>336.733105</timestamp>
			</report>
			<report>
				<misses>912001</misses>
				<total>1</total>
				<timestamp>337.102715</timestamp>
			</report>
			<report>
				<misses>913001</misses>
				<total>1</total>
				<timestamp>337.472413</timestamp>
			</report>
			<report>
				<misses>914001</misses>
				<total>1</total>
				<timestamp>337.842097</timestamp>
			</report>
			<report>
				<misses>915001</misses>
				<total>1</total>
				<timestamp>338.211624</timestamp>
			</report>
			<report>
				<misses>916001</misses>
				<total>1</total>
				<timestamp>338.581305</timestamp>
			</report>
			<report>
				<misses>917001</misses>
				<total>1</total>
				<timestamp>338.950899</timestamp>
			</report>
			<report>
				<misses>918001</misses>
				<total>1</total>
				<timestamp>339.320551</timestamp>
			</report>
			<report>
				<misses>919001</misses>
				<total>1</total>
				<timestamp>339.690183</timestamp>
			</report>
			<report>
				<misses>920001</misses>
				<total>1</total>
				<timestamp>340.059784</timestamp>
			</report>
			<report>
				<misses>921001</misses>
				<total>1</total>
				<timestamp>340.429455</timestamp>
			</report>
			<report>
				<misses>922001</misses>
				<total>1</total>
				<timestamp>340.799025</timestamp>
			</report>
			<report>
				<misses>923001</misses>
				<total>1</total>
				<timestamp>341.168642</timestamp>
			</report>
			<report>
				<misses>924001</misses>
				<total>1</total>
				<timestamp>341.538280</timestamp>
			</report>
			<report>
				<misses>925001</misses>
				<total>1</total>
				<timestamp>341.907962</timestamp>
			</report>
			<report>
				<misses>926001</misses>
				<total>1</total>
				<timestamp>342.277541</timestamp>
			</report>
			<report>
				<misses>927001</misses>
				<total>1</total>
				<timestamp>342.647188</timestamp>
			</report>
			<report>
				<misses>928001</misses>
				<total>1</total>
				<timestamp>343.016910</timestamp>
			</report>
			<report>
				<misses>929001</misses>
				<total>1</total>
				<timestamp>343.386431</timestamp>
			</report>
			<report>
				<misses>930001</misses>
				<total>1</total>
				<timestamp>343.756093</timestamp>
			</report>
			<report>
				<misses>931001</misses>
				<total>1</total>
				<timestamp>344.125741</timestamp>
			</report>
			<report>
				<misses>932001</misses>
				<total>1</total>
				<timestamp>344.495329</timestamp>
			</report>
			<report>
				<misses>933001</misses>
				<total>1</total>
				<timestamp>344.865033</timestamp>
			</report>
			<report>
				<misses>934001</misses>
				<total>1</total>
				<timestamp>345.234574</timestamp>
			</report>
			<report>
				<misses>935001</misses>
				<total>1</total>
				<timestamp>345.604215</timestamp>
			</report>
			<report>
				<misses>936001</misses>
				<total>1</total>
				<timestamp>345.973869</timestamp>
			</report>
			<report>
				<misses>937001</misses>
				<total>1</total>
				<timestamp>346.343474</timestamp>
			</report>
			<report>
				<misses>938001</misses>
				<total>1</total>
				<timestamp>346.713124</timestamp>
			</report>
			<report>
				<misses>939001</misses>
				<total>1</total>
				<timestamp>347.082739</timestamp>
			</report>
			<report>
				<misses>940001</misses>
				<total>1</total>
				<timestamp>347.452415</timestamp>
			</report>
			<report>
				<misses>941001</misses>
				<total>1</total>
				<timestamp>347.822056</timestamp>
			</report>
			<report>
				<misses>942001</misses>
				<total>1</total>
				<timestamp>348.191624</timestamp>
			</report>
			<report>
				<misses>943001</misses>
				<total>1</total>
				<timestamp>348.561257</timestamp>
			</report>
			<report>
				<misses>944001</misses>
				<total>1</total>
				<timestamp>348.930947</timestamp>
			</report>
			<report>
				<misses>945001</misses>
				<total>1</total>
				<timestamp>349.300529</timestamp>
			</report>
			<report>
				<misses>946001</misses>
				<total>1</total>
				<timestamp>349.670208</timestamp>
			</report>
			<report>
				<misses>947001</misses>
				<total>1</total>
				<timestamp>350.039846</timestamp>
			</report>
			<report>
				<misses>948001</misses>
				<total>1</total>
				<timestamp>350.409406</timestamp>
			</report>
			<report>
				<misses>949001</misses>
				<total>1</total>
				<timestamp>350.779056</timestamp>
			</report>
			<report>
				<misses>950001</misses>
				<total>0</total>
				<timestamp>351.148769</timestamp>
			</report>
			<report>
				<misses>951001</misses>
				<total>1</total>
				<timestamp>351.518295</timestamp>
			</report>
			<report>
				<misses>952001</misses>
				<total>0</total>
				<timestamp>351.888026</timestamp>
			</report>
			<report>
				<misses>953001</misses>
				<total>1</total>
				<timestamp>352.257565</timestamp>
			</report>
			<report>
				<misses>954001</misses>
				<total>1</total>
				<timestamp>352.627259</timestamp>
			</report>
			<report>
				<misses>955001</misses>
				<total>1</total>
				<timestamp>352.996846</timestamp>
			</report>
			<report>
				<misses>956001</misses>
				<total>1</total>
				<timestamp>353.366507</timestamp>
			</report>
			<report>
				<misses>957001</misses>
				<total>1</total>
				<timestamp>353.736094</timestamp>
			</report>
			<report>
				<misses>958001</misses>
				<total>1</total>
				<timestamp>354.105706</timestamp>
			</report>
			<report>
				<misses>959001</misses>
				<total>1</total>
				<timestamp>354.475357</timestamp>
			</report>
			<report>
				<misses>960001</misses>
				<total>1</total>
				<timestamp>354.844991</timestamp>
			</report>
			<report>
				<misses>961001</misses>
				<total>1</total>
				<timestamp>355.214652</timestamp>
			</report>
			<report>
				<misses>962001</misses>
				<total>1</total>
				<timestamp>355.584233</timestamp>
			</report>
			<report>
				<misses>963001</misses>
				<total>1</total>
				<timestamp>355.953950</timestamp>
			</report>
			<report>
				<misses>964001</misses>
				<total>1</total>
				<timestamp>356.323484</timestamp>
			</report>
			<report>
				<misses>965001</misses>
				<total>1</total>
				<timestamp>356.693128</timestamp>
			</report>
			<report>
				<misses>966001</misses>
				<total>1</total>
				<timestamp>357.062755</timestamp>
			</report>
			<report>
				<misses>967001</misses>
				<total>1</total>
				<timestamp>357.432402</timestamp>
			</report>
			<report>
				<misses>968001</misses>
				<total>0</total>
				<timestamp>357.802137</timestamp>
			</report>
			<report>
				<misses>969001</misses>
				<total>1</total>
				<timestamp>358.171636</timestamp>
			</report>
			<report>
				<misses>970001</misses>
				<total>1</total>
				<timestamp>358.541269</timestamp>
			</report>
			<report>
				<misses>971001</misses>
				<total>1</total>
				<timestamp>358.910995</timestamp>
			</report>
			<report>
				<misses>972001</misses>
				<total>1</total>
				<timestamp>359.280600</timestamp>
			</report>
			<report>
				<misses>973001</misses>
				<total>1</total>
				<timestamp>359.650167</timestamp>
			</report>
			<report>
				<misses>974001</misses>
				<total>1</total>
				<timestamp>360.019871</timestamp>
			</report>
			<report>
				<misses>975001</misses>
				<total>1</total>
				<timestamp>360.389474</timestamp>
			</report>
			<report>
				<misses>976001</misses>
				<total>1</total>
				<timestamp>360.759037</timestamp>
			</report>
			<report>
				<misses>977001</misses>
				<total>1</total>
				<timestamp>361.128763</timestamp>
			</report>
			<report>
				<misses>978001</misses>
				<total>1</total>
				<timestamp>361.498383</timestamp>
			</report>
			<report>
				<misses>979001</misses>
				<total>1</total>
				<timestamp>361.868003</timestamp>
			</report>
			<report>
				<misses>980001</misses>
				<total>1</total>
				<timestamp>362.237567</timestamp>
			</report>
			<report>
				<misses>981001</misses>
				<total>0</total>
				<timestamp>362.607297</timestamp>
			</report>
			<report>
				<misses>982001</misses>
				<total>1</total>
				<timestamp>362.976855</timestamp>
			</report>
			<report>
				<misses>983001</misses>
				<total>1</total>
				<timestamp>363.346443</timestamp>
			</report>
			<report>
				<misses>984001</misses>
				<total>1</total>
				<timestamp>363.716139</timestamp>
			</report>
			<report>
				<misses>985001</misses>
				<total>0</total>
				<timestamp>364.085832</timestamp>
			</report>
			<report>
				<misses>986001</misses>
				<total>1</total>
				<timestamp>364.455417</timestamp>
			</report>
			<report>
				<misses>987001</misses>
				<total>1</total>
				<timestamp>364.825013</timestamp>
			</report>
			<report>
				<misses>988001</misses>
				<total>1</total>
				<timestamp>365.194604</timestamp>
			</report>
			<report>
				<misses>989001</misses>
				<total>1</total>
				<timestamp>365.564271</timestamp>
			</report>
			<report>
				<misses>990001</misses>
				<total>1</total>
				<timestamp>365.933937</timestamp>
			</report>
			<report>
				<misses>991001</misses>
				<total>1</total>
				<timestamp>366.303541</timestamp>
			</report>
			<report>
				<misses>992001</misses>
				<total>1</total>
				<timestamp>366.673204</timestamp>
			</report>
			<report>
				<misses>993001</misses>
				<total>1</total>
				<timestamp>367.042813</timestamp>
			</report>
			<report>
				<misses>994001</misses>
				<total>1</total>
				<timestamp>367.412397</timestamp>
			</report>
			<report>
				<misses>995001</misses>
				<total>1</total>
				<timestamp>367.782042</timestamp>
			</report>
			<report>
				<misses>996001</misses>
				<total>1</total>
				<timestamp>368.151674</timestamp>
			</report>
			<report>
				<misses>997001</misses>
				<total>1</total>
				<timestamp>368.521316</timestamp>
			</report>
			<report>
				<misses>998001</misses>
				<total>1</total>
				<timestamp>368.890977</timestamp>
			</report>
			<report>
				<misses>999001</misses>
				<total>1</total>
				<timestamp>369.260541</timestamp>
			</report>
			<report>
				<misses>1000001</misses>
				<total>1</total>
				<timestamp>369.630221</timestamp>
			</report>
			<report>
				<misses>1001001</misses>
				<total>0</total>
				<timestamp>369.999907</timestamp>
			</report>
			<report>
				<misses>1002001</misses>
				<total>1</total>
				<timestamp>370.369413</timestamp>
			</report>
			<report>
				<misses>1003001</misses>
				<total>1</total>
				<timestamp>370.739087</timestamp>
			</report>
			<report>
				<misses>1004001</misses>
				<total>1</total>
				<timestamp>371.108787</timestamp>
			</report>
			<report>
				<misses>1005001</misses>
				<total>1</total>
				<timestamp>371.478329</timestamp>
			</report>
			<report>
				<misses>1006001</misses>
				<total>1</total>
				<timestamp>371.847985</timestamp>
			</report>
			<report>
				<misses>1007001</misses>
				<total>1</total>
				<timestamp>372.217659</timestamp>
			</report>
			<report>
				<misses>1008001</misses>
				<total>1</total>
				<timestamp>372.587212</timestamp>
			</report>
			<report>
				<misses>1009001</misses>
				<total>0</total>
				<timestamp>372.956998</timestamp>
			</report>
			<report>
				<misses>1010001</misses>
				<total>1</total>
				<timestamp>373.326529</timestamp>
			</report>
			<report>
				<misses>1011001</misses>
				<total>1</total>
				<timestamp>373.696117</timestamp>
			</report>
			<report>
				<misses>1012001</misses>
				<total>1</total>
				<timestamp>374.065814</timestamp>
			</report>
			<report>
				<misses>1013001</misses>
				<total>1</total>
				<timestamp>374.435394</timestamp>
			</report>
			<report>
				<misses>1014001</misses>
				<total>1</total>
				<timestamp>374.805015</timestamp>
			</report>
			<report>
				<misses>1015001</misses>
				<total>1</total>
				<timestamp>375.174627</timestamp>
			</report>
			<report>
				<misses>1016001</misses>
				<total>1</total>
				<timestamp>375.544286</timestamp>
			</report>
			<report>
				<misses>1017001</misses>
				<total>1</total>
				<timestamp>375.913881</timestamp>
			</report>
			<report>
				<misses>1018001</misses>
				<total>1</total>
				<timestamp>376.283566</timestamp>
			</report>
			<report>
				<misses>1019001</misses>
				<total>1</total>
				<timestamp>376.653200</timestamp>
			</report>
			<report>
				<misses>1020001</misses>
				<total>1</total>
				<timestamp>377.022809</timestamp>
			</report>
			<report>
				<misses>1021001</misses>
				<total>1</total>
				<timestamp>377.392453</timestamp>
			</report>
			<report>
				<misses>1022001</misses>
				<total>1</total>
				<timestamp>377.762146</timestamp>
			</report>
			<report>
				<misses>1023001</misses>
				<total>1</total>
				<timestamp>378.131781</timestamp>
			</report>
			<report>
				<misses>1024001</misses>
				<total>1</total>
				<timestamp>378.501300</timestamp>
			</report>
			<report>
				<misses>1025001</misses>
				<total>1</total>
				<timestamp>378.870981</timestamp>
			</report>
			<report>
				<misses>1026001</misses>
				<total>1</total>
				<timestamp>379.240547</timestamp>
			</report>
			<report>
				<misses>1027001</misses>
				<total>1</total>
				<timestamp>379.610241</timestamp>
			</report>
			<report>
				<misses>1028001</misses>
				<total>0</total>
				<timestamp>379.979919</timestamp>
			</report>
			<report>
				<misses>1029001</misses>
				<total>1</total>
				<timestamp>380.349466</timestamp>
			</report>
			<report>
				<misses>1030001</misses>
				<total>0</total>
				<timestamp>380.719161</timestamp>
			</report>
			<report>
				<misses>1031001</misses>
				<total>1</total>
				<timestamp>381.088719</timestamp>
			</report>
			<report>
				<misses>1032001</misses>
				<total>1</total>
				<timestamp>381.458377</timestamp>
			</report>
			<report>
				<misses>1033001</misses>
				<total>1</total>
				<timestamp>381.827944</timestamp>
			</report>
			<report>
				<misses>1034001</misses>
				<total>1</total>
				<timestamp>382.197618</timestamp>
			</report>
			<report>
				<misses>1035001</misses>
				<total>1</total>
				<timestamp>382.567228</timestamp>
			</report>
			<report>
				<misses>1036001</misses>
				<total>1</total>
				<timestamp>382.936908</timestamp>
			</report>
			<report>
				<misses>1037001</misses>
				<total>1</total>
				<timestamp>383.306489</timestamp>
			</report>
			<report>
				<misses>1038001</misses>
				<total>1</total>
				<timestamp>383.676126</timestamp>
			</report>
			<report>
				<misses>1039001</misses>
				<total>1</total>
				<timestamp>384.045766</timestamp>
			</report>
			<report>
				<misses>1040001</misses>
				<total>1</total>
				<timestamp>384.415400</timestamp>
			</report>
			<report>
				<misses>1041001</misses>
				<total>1</total>
				<timestamp>384.785044</timestamp>
			</report>
			<report>
				<misses>1042001</misses>
				<total>1</total>
				<timestamp>385.154691</timestamp>
			</report>
			<report>
				<misses>1043001</misses>
				<total>1</total>
				<timestamp>385.524334</timestamp>
			</report>
			<report>
				<misses>1044001</misses>
				<total>1</total>
				<timestamp>385.893946</timestamp>
			</report>
			<report>
				<misses>1045001</misses>
				<total>1</total>
				<timestamp>386.263531</timestamp>
			</report>
			<report>
				<misses>1046001</misses>
				<total>1</total>
				<timestamp>386.633159</timestamp>
			</report>
			<report>
				<misses>1047001</misses>
				<total>1</total>
				<timestamp>387.002808</timestamp>
			</report>
			<report>
				<misses>1048001</misses>
				<total>1</total>
				<timestamp>387.372410</timestamp>
			</report>
			<report>
				<misses>1049001</misses>
				<total>1</total>
				<timestamp>387.742072</timestamp>
			</report>
			<report>
				<misses>1050001</misses>
				<total>1</total>
				<timestamp>388.111698</timestamp>
			</report>
			<report>
				<misses>1051001</misses>
				<total>1</total>
				<timestamp>388.481325</timestamp>
			</report>
			<report>
				<misses>1052001</misses>
				<total>1</total>
				<timestamp>388.850934</timestamp>
			</report>
			<report>
				<misses>1053001</misses>
				<total>1</total>
				<timestamp>389.220614</timestamp>
			</report>
			<report>
				<misses>1054001</misses>
				<total>1</total>
				<timestamp>389.590206</timestamp>
			</report>
			<report>
				<misses>1055001</misses>
				<total>1</total>
				<timestamp>389.959852</timestamp>
			</report>
			<report>
				<misses>1056001</misses>
				<total>1</total>
				<timestamp>390.329503</timestamp>
			</report>
			<report>
				<misses>1057001</misses>
				<total>0</total>
				<timestamp>390.699218</timestamp>
			</report>
			<report>
				<misses>1058001</misses>
				<total>1</total>
				<timestamp>391.068719</timestamp>
			</report>
			<report>
				<misses>1059001</misses>
				<total>1</total>
				<timestamp>391.438382</timestamp>
			</report>
			<report>
				<misses>1060001</misses>
				<total>1</total>
				<timestamp>391.807981</timestamp>
			</report>
			<report>
				<misses>1061001</misses>
				<total>1</total>
				<timestamp>392.177651</timestamp>
			</report>
			<report>
				<misses>1062001</misses>
				<total>1</total>
				<timestamp>392.547282</timestamp>
			</report>
			<report>
				<misses>1063001</misses>
				<total>1</total>
				<timestamp>392.916847</timestamp>
			</report>
			<report>
				<misses>1064001</misses>
				<total>1</total>
				<timestamp>393.286570</timestamp>
			</report>
			<report>
				<misses>1065001</misses>
				<total>1</total>
				<timestamp>393.656161</timestamp>
			</report>
			<report>
				<misses>1066001</misses>
				<total>1</total>
				<timestamp>394.025793</timestamp>
			</report>
			<report>
				<misses>1067001</misses>
				<total>1</total>
				<timestamp>394.395447</timestamp>
			</report>
			<report>
				<misses>1068001</misses>
				<total>1</total>
				<timestamp>394.765021</timestamp>
			</report>
			<report>
				<misses>1069001</misses>
				<total>1</total>
				<timestamp>395.134707</timestamp>
			</report>
			<report>
				<misses>1070001</misses>
				<total>1</total>
				<timestamp>395.504329</timestamp>
			</report>
			<report>
				<misses>1071001</misses>
				<total>1</total>
				<timestamp>395.873891</timestamp>
			</report>
			<report>
				<misses>1072001</misses>
				<total>0</total>
				<timestamp>396.243637</timestamp>
			</report>
			<report>
				<misses>1073001</misses>
				<total>1</total>
				<timestamp>396.613217</timestamp>
			</report>
			<report>
				<misses>1074001</misses>
				<total>1</total>
				<timestamp>396.982842</timestamp>
			</report>
			<report>
				<misses>1075001</misses>
				<total>1</total>
				<timestamp>397.352466</timestamp>
			</report>
			<report>
				<misses>1076001</misses>
				<total>1</total>
				<timestamp>397.722098</timestamp>
			</report>
			<report>
				<misses>1077001</misses>
				<total>1</total>
				<timestamp>398.091734</timestamp>
			</report>
			<report>
				<misses>1078001</misses>
				<total>1</total>
				<timestamp>398.461327</timestamp>
			</report>
			<report>
				<misses>1079001</misses>
				<total>1</total>
				<timestamp>398.831011</timestamp>
			</report>
			<report>
				<misses>1080001</misses>
				<total>1</total>
				<timestamp>399.200614</timestamp>
			</report>
			<report>
				<misses>1081001</misses>
				<total>1</total>
				<timestamp>399.570224</timestamp>
			</report>
			<report>
				<misses>1082001</misses>
				<total>1</total>
				<timestamp>399.939826</timestamp>
			</report>
			<report>
				<misses>1083001</misses>
				<total>0</total>
				<timestamp>400.309623</timestamp>
			</report>
			<report>
				<misses>1084001</misses>
				<total>1</total>
				<timestamp>400.679143</timestamp>
			</report>
			<report>
				<misses>1085001</misses>
				<total>1</total>
				<timestamp>401.048766</timestamp>
			</report>
			<report>
				<misses>1086001</misses>
				<total>0</total>
				<timestamp>401.418449</timestamp>
			</report>
			<report>
				<misses>1087001</misses>
				<total>0</total>
				<timestamp>401.788071</timestamp>
			</report>
			<report>
				<misses>1088001</misses>
				<total>1</total>
				<timestamp>402.157604</timestamp>
			</report>
			<report>
				<misses>1089001</misses>
				<total>1</total>
				<timestamp>402.527268</timestamp>
			</report>
			<report>
				<misses>1090001</misses>
				<total>1</total>
				<timestamp>402.896954</timestamp>
			</report>
			<report>
				<misses>1091001</misses>
				<total>0</total>
				<timestamp>403.266620</timestamp>
			</report>
			<report>
				<misses>1092001</misses>
				<total>1</total>
				<timestamp>403.636197</timestamp>
			</report>
			<report>
				<misses>1093001</misses>
				<total>1</total>
				<timestamp>404.005766</timestamp>
			</report>
			<report>
				<misses>1094001</misses>
				<total>1</total>
				<timestamp>404.375388</timestamp>
			</report>
			<report>
				<misses>1095001</misses>
				<total>0</total>
				<timestamp>404.745131</timestamp>
			</report>
			<report>
				<misses>1096001</misses>
				<total>1</total>
				<timestamp>405.114716</timestamp>
			</report>
			<report>
				<misses>1097001</misses>
				<total>1</total>
				<timestamp>405.484280</timestamp>
			</report>
			<report>
				<misses>1098001</misses>
				<total>1</total>
				<timestamp>405.853902</timestamp>
			</report>
			<report>
				<misses>1099001</misses>
				<total>1</total>
				<timestamp>406.223571</timestamp>
			</report>
			<report>
				<misses>1100001</misses>
				<total>1</total>
				<timestamp>406.593243</timestamp>
			</report>
			<report>
				<misses>1101001</misses>
				<total>1</total>
				<timestamp>406.962796</timestamp>
			</report>
			<report>
				<misses>1102001</misses>
				<total>1</total>
				<timestamp>407.332510</timestamp>
			</report>
			<report>
				<misses>1103001</misses>
				<total>1</total>
				<timestamp>407.702049</timestamp>
			</report>
			<report>
				<misses>1104001</misses>
				<total>1</total>
				<timestamp>408.071746</timestamp>
			</report>
			<report>
				<misses>1105001</misses>
				<total>1</total>
				<timestamp>408.441318</timestamp>
			</report>
			<report>
				<misses>1106001</misses>
				<total>0</total>
				<timestamp>408.811055</timestamp>
			</report>
			<report>
				<misses>1107001</misses>
				<total>1</total>
				<timestamp>409.180665</timestamp>
			</report>
			<report>
				<misses>1108001</misses>
				<total>1</total>
				<timestamp>409.550257</timestamp>
			</report>
			<report>
				<misses>1109001</misses>
				<total>1</total>
				<timestamp>409.919876</timestamp>
			</report>
			<report>
				<misses>1110001</misses>
				<total>1</total>
				<timestamp>410.289543</timestamp>
			</report>
			<report>
				<misses>1111001</misses>
				<total>1</total>
				<timestamp>410.659131</timestamp>
			</report>
			<report>
				<misses>1112001</misses>
				<total>1</total>
				<timestamp>411.028721</timestamp>
			</report>
			<report>
				<misses>1113001</misses>
				<total>1</total>
				<timestamp>411.398355</timestamp>
			</report>
			<report>
				<misses>1114001</misses>
				<total>1</total>
				<timestamp>411.768010</timestamp>
			</report>
			<report>
				<misses>1115001</misses>
				<total>1</total>
				<timestamp>412.137648</timestamp>
			</report>
			<report>
				<misses>1116001</misses>
				<total>1</total>
				<timestamp>412.507285</timestamp>
			</report>
			<report>
				<misses>1117001</misses>
				<total>0</total>
				<timestamp>412.876979</timestamp>
			</report>
			<report>
				<misses>1118001</misses>
				<total>1</total>
				<timestamp>413.246545</timestamp>
			</report>
			<report>
				<misses>1119001</misses>
				<total>1</total>
				<timestamp>413.616147</timestamp>
			</report>
			<report>
				<misses>1120001</misses>
				<total>1</total>
				<timestamp>413.985812</timestamp>
			</report>
			<report>
				<misses>1121001</misses>
				<total>1</total>
				<timestamp>414.355455</timestamp>
			</report>
			<report>
				<misses>1122001</misses>
				<total>1</total>
				<timestamp>414.725031</timestamp>
			</report>
			<report>
				<misses>1123001</misses>
				<total>0</total>
				<timestamp>415.094816</timestamp>
			</report>
			<report>
				<misses>1124001</misses>
				<total>1</total>
				<timestamp>415.464362</timestamp>
			</report>
			<report>
				<misses>1125001</misses>
				<total>1</total>
				<timestamp>415.833957</timestamp>
			</report>
			<report>
				<misses>1126001</misses>
				<total>0</total>
				<timestamp>416.203660</timestamp>
			</report>
			<report>
				<misses>1127001</misses>
				<total>1</total>
				<timestamp>416.573226</timestamp>
			</report>
			<report>
				<misses>1128001</misses>
				<total>0</total>
				<timestamp>416.942927</timestamp>
			</report>
			<report>
				<misses>1129001</misses>
				<total>1</total>
				<timestamp>417.312461</timestamp>
			</report>
			<report>
				<misses>1130001</misses>
				<total>1</total>
				<timestamp>417.682060</timestamp>
			</report>
			<report>
				<misses>1131001</misses>
				<total>1</total>
				<timestamp>418.051688</timestamp>
			</report>
			<report>
				<misses>1132001</misses>
				<total>1</total>
				<timestamp>418.421382</timestamp>
			</report>
			<report>
				<misses>1133001</misses>
				<total>1</total>
				<timestamp>418.791038</timestamp>
			</report>
			<report>
				<misses>1134001</misses>
				<total>1</total>
				<timestamp>419.160645</timestamp>
			</report>
			<report>
				<misses>1135001</misses>
				<total>1</total>
				<timestamp>419.530280</timestamp>
			</report>
			<report>
				<misses>1136001</misses>
				<total>1</total>
				<timestamp>419.899877</timestamp>
			</report>
			<report>
				<misses>1137001</misses>
				<total>1</total>
				<timestamp>420.269572</timestamp>
			</report>
			<report>
				<misses>1138001</misses>
				<total>1</total>
				<timestamp>420.639104</timestamp>
			</report>
			<report>
				<misses>1139001</misses>
				<total>1</total>
				<timestamp>421.008768</timestamp>
			</report>
			<report>
				<misses>1140001</misses>
				<total>1</total>
				<timestamp>421.378368</timestamp>
			</report>
			<report>
				<misses>1141001</misses>
				<total>1</total>
				<timestamp>421.748003</timestamp>
			</report>
			<report>
				<misses>1142001</misses>
				<total>0</total>
				<timestamp>422.117748</timestamp>
			</report>
			<report>
				<misses>1143001</misses>
				<total>1</total>
				<timestamp>422.487289</timestamp>
			</report>
			<report>
				<misses>1144001</misses>
				<total>1</total>
				<timestamp>422.856896</timestamp>
			</report>
			<report>
				<misses>1145001</misses>
				<total>1</total>
				<timestamp>423.226591</timestamp>
			</report>
			<report>
				<misses>1146001</misses>
				<total>1</total>
				<timestamp>423.596138</timestamp>
			</report>
			<report>
				<misses>1147001</misses>
				<total>0</total>
				<timestamp>423.965876</timestamp>
			</report>
			<report>
				<misses>1148001</misses>
				<total>1</total>
				<timestamp>424.335445</timestamp>
			</report>
			<report>
				<misses>1149001</misses>
				<total>0</total>
				<timestamp>424.705128</timestamp>
			</report>
			<report>
				<misses>1150001</misses>
				<total>1</total>
				<timestamp>425.074664</timestamp>
			</report>
			<report>
				<misses>1151001</misses>
				<total>1</total>
				<timestamp>425.444296</timestamp>
			</report>
			<report>
				<misses>1152001</misses>
				<total>1</total>
				<timestamp>425.813974</timestamp>
			</report>
			<report>
				<misses>1153001</misses>
				<total>1</total>
				<timestamp>426.183580</timestamp>
			</report>
			<report>
				<misses>1154001</misses>
				<total>1</total>
				<timestamp>426.553226</timestamp>
			</report>
			<report>
				<misses>1155001</misses>
				<total>1</total>
				<timestamp>426.922820</timestamp>
			</report>
			<report>
				<misses>1156001</misses>
				<total>1</total>
				<timestamp>427.292463</timestamp>
			</report>
			<report>
				<misses>1157001</misses>
				<total>1</total>
				<timestamp>427.662078</timestamp>
			</report>
			<report>
				<misses>1158001</misses>
				<total>1</total>
				<timestamp>428.031744</timestamp>
			</report>
			<report>
				<misses>1159001</misses>
				<total>1</total>
				<timestamp>428.401448</timestamp>
			</report>
			<report>
				<misses>1160001</misses>
				<total>1</total>
				<timestamp>428.770969</timestamp>
			</report>
			<report>
				<misses>1161001</misses>
				<total>1</total>
				<timestamp>429.140641</timestamp>
			</report>
			<report>
				<misses>1162001</misses>
				<total>0</total>
				<timestamp>429.510363</timestamp>
			</report>
			<report>
				<misses>1163001</misses>
				<total>1</total>
				<timestamp>429.879862</timestamp>
			</report>
			<report>
				<misses>1164001</misses>
				<total>1</total>
				<timestamp>430.249531</timestamp>
			</report>
			<report>
				<misses>1165001</misses>
				<total>0</total>
				<timestamp>430.619208</timestamp>
			</report>
			<report>
				<misses>1166001</misses>
				<total>1</total>
				<timestamp>430.988734</timestamp>
			</report>
			<report>
				<misses>1167001</misses>
				<total>1</total>
				<timestamp>431.358435</timestamp>
			</report>
			<report>
				<misses>1168001</misses>
				<total>1</total>
				<timestamp>431.728030</timestamp>
			</report>
			<report>
				<misses>1169001</misses>
				<total>1</total>
				<timestamp>432.097675</timestamp>
			</report>
			<report>
				<misses>1170001</misses>
				<total>1</total>
				<timestamp>432.467314</timestamp>
			</report>
			<report>
				<misses>1171001</misses>
				<total>0</total>
				<timestamp>432.837007</timestamp>
			</report>
			<report>
				<misses>1172001</misses>
				<total>1</total>
				<timestamp>433.206608</timestamp>
			</report>
			<report>
				<misses>1173001</misses>
				<total>1</total>
				<timestamp>433.576168</timestamp>
			</report>
			<report>
				<misses>1174001</misses>
				<total>1</total>
				<timestamp>433.945780</timestamp>
			</report>
			<report>
				<misses>1175001</misses>
				<total>1</total>
				<timestamp>434.315459</timestamp>
			</report>
			<report>
				<misses>1176001</misses>
				<total>0</total>
				<timestamp>434.685166</timestamp>
			</report>
			<report>
				<misses>1177001</misses>
				<total>1</total>
				<timestamp>435.054704</timestamp>
			</report>
			<report>
				<misses>1178001</misses>
				<total>1</total>
				<timestamp>435.424375</timestamp>
			</report>
			<report>
				<misses>1179001</misses>
				<total>1</total>
				<timestamp>435.794001</timestamp>
			</report>
			<report>
				<misses>1180001</misses>
				<total>1</total>
				<timestamp>436.163624</timestamp>
			</report>
			<report>
				<misses>1181001</misses>
				<total>1</total>
				<timestamp>436.533212</timestamp>
			</report>
			<report>
				<misses>1182001</misses>
				<total>1</total>
				<timestamp>436.902830</timestamp>
			</report>
			<report>
				<misses>1183001</misses>
				<total>1</total>
				<timestamp>437.272477</timestamp>
			</report>
			<report>
				<misses>1184001</misses>
				<total>0</total>
				<timestamp>437.642206</timestamp>
			</report>
			<report>
				<misses>1185001</misses>
				<total>1</total>
				<timestamp>438.011718</timestamp>
			</report>
			<report>
				<misses>1186001</misses>
				<total>1</total>
				<timestamp>438.381384</timestamp>
			</report>
			<report>
				<misses>1187001</misses>
				<total>1</total>
				<timestamp>438.751027</timestamp>
			</report>
			<report>
				<misses>1188001</misses>
				<total>0</total>
				<timestamp>439.120726</timestamp>
			</report>
			<report>
				<misses>1189001</misses>
				<total>1</total>
				<timestamp>439.490306</timestamp>
			</report>
			<report>
				<misses>1190001</misses>
				<total>1</total>
				<timestamp>439.859906</timestamp>
			</report>
			<report>
				<misses>1191001</misses>
				<total>1</total>
				<timestamp>440.229499</timestamp>
			</report>
			<report>
				<misses>1192001</misses>
				<total>1</total>
				<timestamp>440.599127</timestamp>
			</report>
			<report>
				<misses>1193001</misses>
				<total>1</total>
				<timestamp>440.968808</timestamp>
			</report>
			<report>
				<misses>1194001</misses>
				<total>1</total>
				<timestamp>441.338418</timestamp>
			</report>
			<report>
				<misses>1195001</misses>
				<total>1</total>
				<timestamp>441.708091</timestamp>
			</report>
			<report>
				<misses>1196001</misses>
				<total>1</total>
				<timestamp>442.077676</timestamp>
			</report>
			<report>
				<misses>1197001</misses>
				<total>1</total>
				<timestamp>442.447355</timestamp>
			</report>
			<report>
				<misses>1198001</misses>
				<total>1</total>
				<timestamp>442.816908</timestamp>
			</report>
			<report>
				<misses>1199001</misses>
				<total>1</total>
				<timestamp>443.186552</timestamp>
			</report>
			<report>
				<misses>1200001</misses>
				<total>1</total>
				<timestamp>443.556178</timestamp>
			</report>
			<report>
				<misses>1201001</misses>
				<total>1</total>
				<timestamp>443.925873</timestamp>
			</report>
			<report>
				<misses>1202001</misses>
				<total>1</total>
				<timestamp>444.295445</timestamp>
			</report>
			<report>
				<misses>1203001</misses>
				<total>1</total>
				<timestamp>444.665063</timestamp>
			</report>
			<report>
				<misses>1204001</misses>
				<total>1</total>
				<timestamp>445.034711</timestamp>
			</report>
			<report>
				<misses>1205001</misses>
				<total>1</total>
				<timestamp>445.404318</timestamp>
			</report>
			<report>
				<misses>1206001</misses>
				<total>1</total>
				<timestamp>445.773985</timestamp>
			</report>
			<report>
				<misses>1207001</misses>
				<total>1</total>
				<timestamp>446.143593</timestamp>
			</report>
			<report>
				<misses>1208001</misses>
				<total>1</total>
				<timestamp>446.513269</timestamp>
			</report>
			<report>
				<misses>1209001</misses>
				<total>1</total>
				<timestamp>446.882822</timestamp>
			</report>
			<report>
				<misses>1210001</misses>
				<total>1</total>
				<timestamp>447.252472</timestamp>
			</report>
			<report>
				<misses>1211001</misses>
				<total>1</total>
				<timestamp>447.622100</timestamp>
			</report>
			<report>
				<misses>1212001</misses>
				<total>1</total>
				<timestamp>447.991723</timestamp>
			</report>
			<report>
				<misses>1213001</misses>
				<total>1</total>
				<timestamp>448.361429</timestamp>
			</report>
			<report>
				<misses>1214001</misses>
				<total>1</total>
				<timestamp>448.730988</timestamp>
			</report>
			<report>
				<misses>1215001</misses>
				<total>1</total>
				<timestamp>449.100653</timestamp>
			</report>
			<report>
				<misses>1216001</misses>
				<total>1</total>
				<timestamp>449.470356</timestamp>
			</report>
			<report>
				<misses>1217001</misses>
				<total>1</total>
				<timestamp>449.839909</timestamp>
			</report>
			<report>
				<misses>1218001</misses>
				<total>1</total>
				<timestamp>450.209548</timestamp>
			</report>
			<report>
				<misses>1219001</misses>
				<total>1</total>
				<timestamp>450.579141</timestamp>
			</report>
			<report>
				<misses>1220001</misses>
				<total>1</total>
				<timestamp>450.948803</timestamp>
			</report>
			<report>
				<misses>1221001</misses>
				<total>1</total>
				<timestamp>451.318423</timestamp>
			</report>
			<report>
				<misses>1222001</misses>
				<total>1</total>
				<timestamp>451.688013</timestamp>
			</report>
			<report>
				<misses>1223001</misses>
				<total>1</total>
				<timestamp>452.057691</timestamp>
			</report>
			<report>
				<misses>1224001</misses>
				<total>1</total>
				<timestamp>452.427372</timestamp>
			</report>
			<report>
				<misses>1225001</misses>
				<total>1</total>
				<timestamp>452.796936</timestamp>
			</report>
			<report>
				<misses>1226001</misses>
				<total>0</total>
				<timestamp>453.166647</timestamp>
			</report>
			<report>
				<misses>1227001</misses>
				<total>1</total>
				<timestamp>453.536280</timestamp>
			</report>
			<report>
				<misses>1228001</misses>
				<total>1</total>
				<timestamp>453.905824</timestamp>
			</report>
			<report>
				<misses>1229001</misses>
				<total>1</total>
				<timestamp>454.275435</timestamp>
			</report>
			<report>
				<misses>1230001</misses>
				<total>1</total>
				<timestamp>454.645106</timestamp>
			</report>
			<report>
				<misses>1231001</misses>
				<total>0</total>
				<timestamp>455.014805</timestamp>
			</report>
			<report>
				<misses>1232001</misses>
				<total>1</total>
				<timestamp>455.384349</timestamp>
			</report>
			<report>
				<misses>1233001</misses>
				<total>1</total>
				<timestamp>455.753947</timestamp>
			</report>
			<report>
				<misses>1234001</misses>
				<total>1</total>
				<timestamp>456.123634</timestamp>
			</report>
			<report>
				<misses>1235001</misses>
				<total>1</total>
				<timestamp>456.493268</timestamp>
			</report>
			<report>
				<misses>1236001</misses>
				<total>0</total>
				<timestamp>456.862958</timestamp>
			</report>
			<report>
				<misses>1237001</misses>
				<total>1</total>
				<timestamp>457.232514</timestamp>
			</report>
			<report>
				<misses>1238001</misses>
				<total>1</total>
				<timestamp>457.602105</timestamp>
			</report>
			<report>
				<misses>1239001</misses>
				<total>1</total>
				<timestamp>457.971737</timestamp>
			</report>
			<report>
				<misses>1240001</misses>
				<total>1</total>
				<timestamp>458.341370</timestamp>
			</report>
			<report>
				<misses>1241001</misses>
				<total>1</total>
				<timestamp>458.711018</timestamp>
			</report>
			<report>
				<misses>1242001</misses>
				<total>1</total>
				<timestamp>459.080650</timestamp>
			</report>
			<report>
				<misses>1243001</misses>
				<total>1</total>
				<timestamp>459.450264</timestamp>
			</report>
			<report>
				<misses>1244001</misses>
				<total>1</total>
				<timestamp>459.819975</timestamp>
			</report>
			<report>
				<misses>1245001</misses>
				<total>1</total>
				<timestamp>460.189527</timestamp>
			</report>
			<report>
				<misses>1246001</misses>
				<total>1</total>
				<timestamp>460.559163</timestamp>
			</report>
			<report>
				<misses>1247001</misses>
				<total>1</total>
				<timestamp>460.928824</timestamp>
			</report>
			<report>
				<misses>1248001</misses>
				<total>0</total>
				<timestamp>461.298513</timestamp>
			</report>
			<report>
				<misses>1249001</misses>
				<total>1</total>
				<timestamp>461.668035</timestamp>
			</report>
			<report>
				<misses>1250001</misses>
				<total>1</total>
				<timestamp>462.037664</timestamp>
			</report>
			<report>
				<misses>1251001</misses>
				<total>1</total>
				<timestamp>462.407328</timestamp>
			</report>
			<report>
				<misses>1252001</misses>
				<total>1</total>
				<timestamp>462.776924</timestamp>
			</report>
			<report>
				<misses>1253001</misses>
				<total>1</total>
				<timestamp>463.146593</timestamp>
			</report>
			<report>
				<misses>1254001</misses>
				<total>1</total>
				<timestamp>463.516204</timestamp>
			</report>
			<report>
				<misses>1255001</misses>
				<total>1</total>
				<timestamp>463.885850</timestamp>
			</report>
			<report>
				<misses>1256001</misses>
				<total>1</total>
				<timestamp>464.255448</timestamp>
			</report>
			<report>
				<misses>1257001</misses>
				<total>1</total>
				<timestamp>464.625071</timestamp>
			</report>
			<report>
				<misses>1258001</misses>
				<total>0</total>
				<timestamp>464.994795</timestamp>
			</report>
			<report>
				<misses>1259001</misses>
				<total>1</total>
				<timestamp>465.364348</timestamp>
			</report>
			<report>
				<misses>1260001</misses>
				<total>1</total>
				<timestamp>465.733963</timestamp>
			</report>
			<report>
				<misses>1261001</misses>
				<total>1</total>
				<timestamp>466.103610</timestamp>
			</report>
			<report>
				<misses>1262001</misses>
				<total>1</total>
				<timestamp>466.473326</timestamp>
			</report>
			<report>
				<misses>1263001</misses>
				<total>1</total>
				<timestamp>466.842865</timestamp>
			</report>
			<report>
				<misses>1264001</misses>
				<total>1</total>
				<timestamp>467.212488</timestamp>
			</report>
			<report>
				<misses>1265001</misses>
				<total>1</total>
				<timestamp>467.582151</timestamp>
			</report>
			<report>
				<misses>1266001</misses>
				<total>1</total>
				<timestamp>467.951778</timestamp>
			</report>
			<report>
				<misses>1267001</misses>
				<total>1</total>
				<timestamp>468.321430</timestamp>
			</report>
			<report>
				<misses>1268001</misses>
				<total>1</total>
				<timestamp>468.691058</timestamp>
			</report>
			<report>
				<misses>1269001</misses>
				<total>1</total>
				<timestamp>469.060650</timestamp>
			</report>
			<report>
				<misses>1270001</misses>
				<total>1</total>
				<timestamp>469.430297</timestamp>
			</report>
			<report>
				<misses>1271001</misses>
				<total>1</total>
				<timestamp>469.799893</timestamp>
			</report>
			<report>
				<misses>1272001</misses>
				<total>1</total>
				<timestamp>470.169585</timestamp>
			</report>
			<report>
				<misses>1273001</misses>
				<total>1</total>
				<timestamp>470.539192</timestamp>
			</report>
			<report>
				<misses>1274001</misses>
				<total>1</total>
				<timestamp>470.908874</timestamp>
			</report>
			<report>
				<misses>1275001</misses>
				<total>1</total>
				<timestamp>471.278427</timestamp>
			</report>
			<report>
				<misses>1276001</misses>
				<total>1</total>
				<timestamp>471.648037</timestamp>
			</report>
			<report>
				<misses>1277001</misses>
				<total>1</total>
				<timestamp>472.017698</timestamp>
			</report>
			<report>
				<misses>1278001</misses>
				<total>1</total>
				<timestamp>472.387311</timestamp>
			</report>
			<report>
				<misses>1279001</misses>
				<total>1</total>
				<timestamp>472.757018</timestamp>
			</report>
			<report>
				<misses>1280001</misses>
				<total>1</total>
				<timestamp>473.126578</timestamp>
			</report>
			<report>
				<misses>1281001</misses>
				<total>1</total>
				<timestamp>473.496206</timestamp>
			</report>
			<report>
				<misses>1282001</misses>
				<total>1</total>
				<timestamp>473.865886</timestamp>
			</report>
			<report>
				<misses>1283001</misses>
				<total>1</total>
				<timestamp>474.235520</timestamp>
			</report>
			<report>
				<misses>1284001</misses>
				<total>1</total>
				<timestamp>474.605169</timestamp>
			</report>
			<report>
				<misses>1285001</misses>
				<total>1</total>
				<timestamp>474.974703</timestamp>
			</report>
			<report>
				<misses>1286001</misses>
				<total>1</total>
				<timestamp>475.344350</timestamp>
			</report>
			<report>
				<misses>1287001</misses>
				<total>1</total>
				<timestamp>475.714003</timestamp>
			</report>
			<report>
				<misses>1288001</misses>
				<total>1</total>
				<timestamp>476.083610</timestamp>
			</report>
			<report>
				<misses>1289001</misses>
				<total>1</total>
				<timestamp>476.453249</timestamp>
			</report>
			<report>
				<misses>1290001</misses>
				<total>1</total>
				<timestamp>476.822878</timestamp>
			</report>
			<report>
				<misses>1291001</misses>
				<total>0</total>
				<timestamp>477.192591</timestamp>
			</report>
			<report>
				<misses>1292001</misses>
				<total>1</total>
				<timestamp>477.562132</timestamp>
			</report>
			<report>
				<misses>1293001</misses>
				<total>1</total>
				<timestamp>477.931770</timestamp>
			</report>
			<report>
				<misses>1294001</misses>
				<total>1</total>
				<timestamp>478.301379</timestamp>
			</report>
			<report>
				<misses>1295001</misses>
				<total>1</total>
				<timestamp>478.671140</timestamp>
			</report>
			<report>
				<misses>1296001</misses>
				<total>0</total>
				<timestamp>479.040760</timestamp>
			</report>
			<report>
				<misses>1297001</misses>
				<total>1</total>
				<timestamp>479.410345</timestamp>
			</report>
			<report>
				<misses>1298001</misses>
				<total>1</total>
				<timestamp>479.780016</timestamp>
			</report>
			<report>
				<misses>1299001</misses>
				<total>1</total>
				<timestamp>480.149595</timestamp>
			</report>
			<report>
				<misses>1300001</misses>
				<total>1</total>
				<timestamp>480.519185</timestamp>
			</report>
			<report>
				<misses>1301001</misses>
				<total>1</total>
				<timestamp>480.888869</timestamp>
			</report>
			<report>
				<misses>1302001</misses>
				<total>1</total>
				<timestamp>481.258429</timestamp>
			</report>
			<report>
				<misses>1303001</misses>
				<total>0</total>
				<timestamp>481.628176</timestamp>
			</report>
			<report>
				<misses>1304001</misses>
				<total>1</total>
				<timestamp>481.997738</timestamp>
			</report>
			<report>
				<misses>1305001</misses>
				<total>1</total>
				<timestamp>482.367391</timestamp>
			</report>
			<report>
				<misses>1306001</misses>
				<total>1</total>
				<timestamp>482.737027</timestamp>
			</report>
			<report>
				<misses>1307001</misses>
				<total>1</total>
				<timestamp>483.106586</timestamp>
			</report>
			<report>
				<misses>1308001</misses>
				<total>0</total>
				<timestamp>483.476295</timestamp>
			</report>
			<report>
				<misses>1309001</misses>
				<total>1</total>
				<timestamp>483.845835</timestamp>
			</report>
			<report>
				<misses>1310001</misses>
				<total>1</total>
				<timestamp>484.215489</timestamp>
			</report>
			<report>
				<misses>1311001</misses>
				<total>1</total>
				<timestamp>484.585186</timestamp>
			</report>
			<report>
				<misses>1312001</misses>
				<total>1</total>
				<timestamp>484.954730</timestamp>
			</report>
			<report>
				<misses>1313001</misses>
				<total>1</total>
				<timestamp>485.324372</timestamp>
			</report>
			<report>
				<misses>1314001</misses>
				<total>1</total>
				<timestamp>485.694035</timestamp>
			</report>
			<report>
				<misses>1315001</misses>
				<total>1</total>
				<timestamp>486.063617</timestamp>
			</report>
			<report>
				<misses>1316001</misses>
				<total>1</total>
				<timestamp>486.433249</timestamp>
			</report>
			<report>
				<misses>1317001</misses>
				<total>1</total>
				<timestamp>486.802880</timestamp>
			</report>
			<report>
				<misses>1318001</misses>
				<total>1</total>
				<timestamp>487.172577</timestamp>
			</report>
			<report>
				<misses>1319001</misses>
				<total>1</total>
				<timestamp>487.542168</timestamp>
			</report>
			<report>
				<misses>1320001</misses>
				<total>1</total>
				<timestamp>487.911815</timestamp>
			</report>
			<report>
				<misses>1321001</misses>
				<total>1</total>
				<timestamp>488.281431</timestamp>
			</report>
			<report>
				<misses>1322001</misses>
				<total>1</total>
				<timestamp>488.651067</timestamp>
			</report>
			<report>
				<misses>1323001</misses>
				<total>1</total>
				<timestamp>489.020652</timestamp>
			</report>
			<report>
				<misses>1324001</misses>
				<total>1</total>
				<timestamp>489.390323</timestamp>
			</report>
			<report>
				<misses>1325001</misses>
				<total>1</total>
				<timestamp>489.759972</timestamp>
			</report>
			<report>
				<misses>1326001</misses>
				<total>1</total>
				<timestamp>490.129552</timestamp>
			</report>
			<report>
				<misses>1327001</misses>
				<total>1</total>
				<timestamp>490.499206</timestamp>
			</report>
			<report>
				<misses>1328001</misses>
				<total>1</total>
				<timestamp>490.868809</timestamp>
			</report>
			<report>
				<misses>1329001</misses>
				<total>1</total>
				<timestamp>491.238470</timestamp>
			</report>
			<report>
				<misses>1330001</misses>
				<total>1</total>
				<timestamp>491.608078</timestamp>
			</report>
			<report>
				<misses>1331001</misses>
				<total>1</total>
				<timestamp>491.977683</timestamp>
			</report>
			<report>
				<misses>1332001</misses>
				<total>1</total>
				<timestamp>492.347343</timestamp>
			</report>
			<report>
				<misses>1333001</misses>
				<total>1</total>
				<timestamp>492.717009</timestamp>
			</report>
			<report>
				<misses>1334001</misses>
				<total>1</total>
				<timestamp>493.086583</timestamp>
			</report>
			<report>
				<misses>1335001</misses>
				<total>1</total>
				<timestamp>493.456229</timestamp>
			</report>
			<report>
				<misses>1336001</misses>
				<total>1</total>
				<timestamp>493.825852</timestamp>
			</report>
			<report>
				<misses>1337001</misses>
				<total>1</total>
				<timestamp>494.195546</timestamp>
			</report>
			<report>
				<misses>1338001</misses>
				<total>1</total>
				<timestamp>494.565176</timestamp>
			</report>
			<report>
				<misses>1339001</misses>
				<total>0</total>
				<timestamp>494.934840</timestamp>
			</report>
			<report>
				<misses>1340001</misses>
				<total>1</total>
				<timestamp>495.304434</timestamp>
			</report>
			<report>
				<misses>1341001</misses>
				<total>0</total>
				<timestamp>495.674151</timestamp>
			</report>
			<report>
				<misses>1342001</misses>
				<total>1</total>
				<timestamp>496.043624</timestamp>
			</report>
			<report>
				<misses>1343001</misses>
				<total>1</total>
				<timestamp>496.413263</timestamp>
			</report>
			<report>
				<misses>1344001</misses>
				<total>1</total>
				<timestamp>496.782889</timestamp>
			</report>
			<report>
				<misses>1345001</misses>
				<total>1</total>
				<timestamp>497.152563</timestamp>
			</report>
			<report>
				<misses>1346001</misses>
				<total>1</total>
				<timestamp>497.522182</timestamp>
			</report>
			<report>
				<misses>1347001</misses>
				<total>1</total>
				<timestamp>497.891849</timestamp>
			</report>
			<report>
				<misses>1348001</misses>
				<total>0</total>
				<timestamp>498.261531</timestamp>
			</report>
			<report>
				<misses>1349001</misses>
				<total>1</total>
				<timestamp>498.631118</timestamp>
			</report>
			<report>
				<misses>1350001</misses>
				<total>1</total>
				<timestamp>499.000687</timestamp>
			</report>
			<report>
				<misses>1351001</misses>
				<total>1</total>
				<timestamp>499.370378</timestamp>
			</report>
			<report>
				<misses>1352001</misses>
				<total>1</total>
				<timestamp>499.739977</timestamp>
			</report>
			<report>
				<misses>1353001</misses>
				<total>1</total>
				<timestamp>500.109559</timestamp>
			</report>
			<report>
				<misses>1354001</misses>
				<total>1</total>
				<timestamp>500.479195</timestamp>
			</report>
			<report>
				<misses>1355001</misses>
				<total>1</total>
				<timestamp>500.848817</timestamp>
			</report>
			<report>
				<misses>1356001</misses>
				<total>1</total>
				<timestamp>501.218445</timestamp>
			</report>
			<report>
				<misses>1357001</misses>
				<total>1</total>
				<timestamp>501.588093</timestamp>
			</report>
			<report>
				<misses>1358001</misses>
				<total>1</total>
				<timestamp>501.957758</timestamp>
			</report>
			<report>
				<misses>1359001</misses>
				<total>1</total>
				<timestamp>502.327380</timestamp>
			</report>
			<report>
				<misses>1360001</misses>
				<total>0</total>
				<timestamp>502.697100</timestamp>
			</report>
			<report>
				<misses>1361001</misses>
				<total>1</total>
				<timestamp>503.066663</timestamp>
			</report>
			<report>
				<misses>1362001</misses>
				<total>0</total>
				<timestamp>503.436373</timestamp>
			</report>
			<report>
				<misses>1363001</misses>
				<total>1</total>
				<timestamp>503.805936</timestamp>
			</report>
			<report>
				<misses>1364001</misses>
				<total>1</total>
				<timestamp>504.175487</timestamp>
			</report>
			<report>
				<misses>1365001</misses>
				<total>1</total>
				<timestamp>504.545143</timestamp>
			</report>
			<report>
				<misses>1366001</misses>
				<total>1</total>
				<timestamp>504.914769</timestamp>
			</report>
			<report>
				<misses>1367001</misses>
				<total>1</total>
				<timestamp>505.284394</timestamp>
			</report>
			<report>
				<misses>1368001</misses>
				<total>1</total>
				<timestamp>505.654081</timestamp>
			</report>
			<report>
				<misses>1369001</misses>
				<total>1</total>
				<timestamp>506.023630</timestamp>
			</report>
			<report>
				<misses>1370001</misses>
				<total>1</total>
				<timestamp>506.393285</timestamp>
			</report>
			<report>
				<misses>1371001</misses>
				<total>1</total>
				<timestamp>506.762981</timestamp>
			</report>
			<report>
				<misses>1372001</misses>
				<total>1</total>
				<timestamp>507.132575</timestamp>
			</report>
			<report>
				<misses>1373001</misses>
				<total>1</total>
				<timestamp>507.502241</timestamp>
			</report>
			<report>
				<misses>1374001</misses>
				<total>1</total>
				<timestamp>507.871795</timestamp>
			</report>
			<report>
				<misses>1375001</misses>
				<total>1</total>
				<timestamp>508.241442</timestamp>
			</report>
			<report>
				<misses>1376001</misses>
				<total>1</total>
				<timestamp>508.611088</timestamp>
			</report>
			<report>
				<misses>1377001</misses>
				<total>0</total>
				<timestamp>508.980771</timestamp>
			</report>
			<report>
				<misses>1378001</misses>
				<total>1</total>
				<timestamp>509.350311</timestamp>
			</report>
			<report>
				<misses>1379001</misses>
				<total>1</total>
				<timestamp>509.719973</timestamp>
			</report>
			<report>
				<misses>1380001</misses>
				<total>1</total>
				<timestamp>510.089568</timestamp>
			</report>
			<report>
				<misses>1381001</misses>
				<total>0</total>
				<timestamp>510.459313</timestamp>
			</report>
			<report>
				<misses>1382001</misses>
				<total>1</total>
				<timestamp>510.828879</timestamp>
			</report>
			<report>
				<misses>1383001</misses>
				<total>0</total>
				<timestamp>511.198572</timestamp>
			</report>
			<report>
				<misses>1384001</misses>
				<total>1</total>
				<timestamp>511.568141</timestamp>
			</report>
			<report>
				<misses>1385001</misses>
				<total>1</total>
				<timestamp>511.937772</timestamp>
			</report>
			<report>
				<misses>1386001</misses>
				<total>0</total>
				<timestamp>512.307445</timestamp>
			</report>
			<report>
				<misses>1387001</misses>
				<total>0</total>
				<timestamp>512.677111</timestamp>
			</report>
			<report>
				<misses>1388001</misses>
				<total>1</total>
				<timestamp>513.046649</timestamp>
			</report>
			<report>
				<misses>1389001</misses>
				<total>1</total>
				<timestamp>513.416307</timestamp>
			</report>
			<report>
				<misses>1390001</misses>
				<total>1</total>
				<timestamp>513.785897</timestamp>
			</report>
			<report>
				<misses>1391001</misses>
				<total>1</total>
				<timestamp>514.155553</timestamp>
			</report>
			<report>
				<misses>1392001</misses>
				<total>1</total>
				<timestamp>514.525197</timestamp>
			</report>
			<report>
				<misses>1393001</misses>
				<total>1</total>
				<timestamp>514.894758</timestamp>
			</report>
			<report>
				<misses>1394001</misses>
				<total>1</total>
				<timestamp>515.264453</timestamp>
			</report>
			<report>
				<misses>1395001</misses>
				<total>1</total>
				<timestamp>515.634022</timestamp>
			</report>
			<report>
				<misses>1396001</misses>
				<total>1</total>
				<timestamp>516.003658</timestamp>
			</report>
			<report>
				<misses>1397001</misses>
				<total>1</total>
				<timestamp>516.373327</timestamp>
			</report>
			<report>
				<misses>1398001</misses>
				<total>1</total>
				<timestamp>516.742902</timestamp>
			</report>
			<report>
				<misses>1399001</misses>
				<total>1</total>
				<timestamp>517.112586</timestamp>
			</report>
			<report>
				<misses>1400001</misses>
				<total>1</total>
				<timestamp>517.482189</timestamp>
			</report>
			<report>
				<misses>1401001</misses>
				<total>1</total>
				<timestamp>517.851870</timestamp>
			</report>
			<report>
				<misses>1402001</misses>
				<total>1</total>
				<timestamp>518.221416</timestamp>
			</report>
			<report>
				<misses>1403001</misses>
				<total>1</total>
				<timestamp>518.591071</timestamp>
			</report>
			<report>
				<misses>1404001</misses>
				<total>1</total>
				<timestamp>518.960769</timestamp>
			</report>
			<report>
				<misses>1405001</misses>
				<total>1</total>
				<timestamp>519.330378</timestamp>
			</report>
			<report>
				<misses>1406001</misses>
				<total>1</total>
				<timestamp>519.699978</timestamp>
			</report>
			<report>
				<misses>1407001</misses>
				<total>1</total>
				<timestamp>520.069610</timestamp>
			</report>
			<report>
				<misses>1408001</misses>
				<total>1</total>
				<timestamp>520.439243</timestamp>
			</report>
			<report>
				<misses>1409001</misses>
				<total>1</total>
				<timestamp>520.808853</timestamp>
			</report>
			<report>
				<misses>1410001</misses>
				<total>1</total>
				<timestamp>521.178484</timestamp>
			</report>
			<report>
				<misses>1411001</misses>
				<total>0</total>
				<timestamp>521.548206</timestamp>
			</report>
			<report>
				<misses>1412001</misses>
				<total>1</total>
				<timestamp>521.917759</timestamp>
			</report>
			<report>
				<misses>1413001</misses>
				<total>1</total>
				<timestamp>522.287366</timestamp>
			</report>
			<report>
				<misses>1414001</misses>
				<total>1</total>
				<timestamp>522.657048</timestamp>
			</report>
			<report>
				<misses>1415001</misses>
				<total>1</total>
				<timestamp>523.026611</timestamp>
			</report>
			<report>
				<misses>1416001</misses>
				<total>1</total>
				<timestamp>523.396240</timestamp>
			</report>
			<report>
				<misses>1417001</misses>
				<total>1</total>
				<timestamp>523.765899</timestamp>
			</report>
			<report>
				<misses>1418001</misses>
				<total>1</total>
				<timestamp>524.135503</timestamp>
			</report>
			<report>
				<misses>1419001</misses>
				<total>1</total>
				<timestamp>524.505177</timestamp>
			</report>
			<report>
				<misses>1420001</misses>
				<total>1</total>
				<timestamp>524.874894</timestamp>
			</report>
			<report>
				<misses>1421001</misses>
				<total>1</total>
				<timestamp>525.244430</timestamp>
			</report>
			<report>
				<misses>1422001</misses>
				<total>1</total>
				<timestamp>525.614092</timestamp>
			</report>
			<report>
				<misses>1423001</misses>
				<total>1</total>
				<timestamp>525.983725</timestamp>
			</report>
			<report>
				<misses>1424001</misses>
				<total>1</total>
				<timestamp>526.353299</timestamp>
			</report>
			<report>
				<misses>1425001</misses>
				<total>1</total>
				<timestamp>526.722968</timestamp>
			</report>
			<report>
				<misses>1426001</misses>
				<total>1</total>
				<timestamp>527.092596</timestamp>
			</report>
			<report>
				<misses>1427001</misses>
				<total>1</total>
				<timestamp>527.462181</timestamp>
			</report>
			<report>
				<misses>1428001</misses>
				<total>0</total>
				<timestamp>527.831967</timestamp>
			</report>
			<report>
				<misses>1429001</misses>
				<total>1</total>
				<timestamp>528.201456</timestamp>
			</report>
			<report>
				<misses>1430001</misses>
				<total>1</total>
				<timestamp>528.571092</timestamp>
			</report>
			<report>
				<misses>1431001</misses>
				<total>1</total>
				<timestamp>528.940783</timestamp>
			</report>
			<report>
				<misses>1432001</misses>
				<total>0</total>
				<timestamp>529.310446</timestamp>
			</report>
			<report>
				<misses>1433001</misses>
				<total>1</total>
				<timestamp>529.680030</timestamp>
			</report>
			<report>
				<misses>1434001</misses>
				<total>1</total>
				<timestamp>530.049628</timestamp>
			</report>
			<report>
				<misses>1435001</misses>
				<total>1</total>
				<timestamp>530.419244</timestamp>
			</report>
			<report>
				<misses>1436001</misses>
				<total>1</total>
				<timestamp>530.788912</timestamp>
			</report>
			<report>
				<misses>1437001</misses>
				<total>1</total>
				<timestamp>531.158473</timestamp>
			</report>
			<report>
				<misses>1438001</misses>
				<total>1</total>
				<timestamp>531.528166</timestamp>
			</report>
			<report>
				<misses>1439001</misses>
				<total>1</total>
				<timestamp>531.897771</timestamp>
			</report>
			<report>
				<misses>1440001</misses>
				<total>1</total>
				<timestamp>532.267415</timestamp>
			</report>
			<report>
				<misses>1441001</misses>
				<total>1</total>
				<timestamp>532.637020</timestamp>
			</report>
			<report>
				<misses>1442001</misses>
				<total>1</total>
				<timestamp>533.006617</timestamp>
			</report>
			<report>
				<misses>1443001</misses>
				<total>1</total>
				<timestamp>533.376240</timestamp>
			</report>
			<report>
				<misses>1444001</misses>
				<total>1</total>
				<timestamp>533.745922</timestamp>
			</report>
			<report>
				<misses>1445001</misses>
				<total>1</total>
				<timestamp>534.115514</timestamp>
			</report>
			<report>
				<misses>1446001</misses>
				<total>1</total>
				<timestamp>534.485142</timestamp>
			</report>
			<report>
				<misses>1447001</misses>
				<total>0</total>
				<timestamp>534.854890</timestamp>
			</report>
			<report>
				<misses>1448001</misses>
				<total>1</total>
				<timestamp>535.224418</timestamp>
			</report>
			<report>
				<misses>1449001</misses>
				<total>1</total>
				<timestamp>535.594043</timestamp>
			</report>
			<report>
				<misses>1450001</misses>
				<total>1</total>
				<timestamp>535.963676</timestamp>
			</report>
			<report>
				<misses>1451001</misses>
				<total>1</total>
				<timestamp>536.333297</timestamp>
			</report>
			<report>
				<misses>1452001</misses>
				<total>1</total>
				<timestamp>536.702970</timestamp>
			</report>
			<report>
				<misses>1453001</misses>
				<total>1</total>
				<timestamp>537.072625</timestamp>
			</report>
			<report>
				<misses>1454001</misses>
				<total>1</total>
				<timestamp>537.442213</timestamp>
			</report>
			<report>
				<misses>1455001</misses>
				<total>1</total>
				<timestamp>537.811872</timestamp>
			</report>
			<report>
				<misses>1456001</misses>
				<total>1</total>
				<timestamp>538.181439</timestamp>
			</report>
			<report>
				<misses>1457001</misses>
				<total>0</total>
				<timestamp>538.551197</timestamp>
			</report>
			<report>
				<misses>1458001</misses>
				<total>1</total>
				<timestamp>538.920740</timestamp>
			</report>
			<report>
				<misses>1459001</misses>
				<total>1</total>
				<timestamp>539.290342</timestamp>
			</report>
			<report>
				<misses>1460001</misses>
				<total>0</total>
				<timestamp>539.660053</timestamp>
			</report>
			<report>
				<misses>1461001</misses>
				<total>1</total>
				<timestamp>540.029696</timestamp>
			</report>
			<report>
				<misses>1462001</misses>
				<total>1</total>
				<timestamp>540.399270</timestamp>
			</report>
			<report>
				<misses>1463001</misses>
				<total>1</total>
				<timestamp>540.768932</timestamp>
			</report>
			<report>
				<misses>1464001</misses>
				<total>1</total>
				<timestamp>541.138523</timestamp>
			</report>
			<report>
				<misses>1465001</misses>
				<total>1</total>
				<timestamp>541.508169</timestamp>
			</report>
			<report>
				<misses>1466001</misses>
				<total>0</total>
				<timestamp>541.877860</timestamp>
			</report>
			<report>
				<misses>1467001</misses>
				<total>1</total>
				<timestamp>542.247385</timestamp>
			</report>
			<report>
				<misses>1468001</misses>
				<total>1</total>
				<timestamp>542.617019</timestamp>
			</report>
			<report>
				<misses>1469001</misses>
				<total>1</total>
				<timestamp>542.986698</timestamp>
			</report>
			<report>
				<misses>1470001</misses>
				<total>1</total>
				<timestamp>543.356285</timestamp>
			</report>
			<report>
				<misses>1471001</misses>
				<total>1</total>
				<timestamp>543.725976</timestamp>
			</report>
			<report>
				<misses>1472001</misses>
				<total>1</total>
				<timestamp>544.095607</timestamp>
			</report>
			<report>
				<misses>1473001</misses>
				<total>1</total>
				<timestamp>544.465154</timestamp>
			</report>
			<report>
				<misses>1474001</misses>
				<total>1</total>
				<timestamp>544.834808</timestamp>
			</report>
			<report>
				<misses>1475001</misses>
				<total>0</total>
				<timestamp>545.204538</timestamp>
			</report>
			<report>
				<misses>1476001</misses>
				<total>1</total>
				<timestamp>545.574080</timestamp>
			</report>
			<report>
				<misses>1477001</misses>
				<total>1</total>
				<timestamp>545.943721</timestamp>
			</report>
			<report>
				<misses>1478001</misses>
				<total>1</total>
				<timestamp>546.313330</timestamp>
			</report>
			<report>
				<misses>1479001</misses>
				<total>1</total>
				<timestamp>546.682935</timestamp>
			</report>
			<report>
				<misses>1480001</misses>
				<total>1</total>
				<timestamp>547.052579</timestamp>
			</report>
			<report>
				<misses>1481001</misses>
				<total>1</total>
				<timestamp>547.422230</timestamp>
			</report>
			<report>
				<misses>1482001</misses>
				<total>1</total>
				<timestamp>547.791846</timestamp>
			</report>
			<report>
				<misses>1483001</misses>
				<total>1</total>
				<timestamp>548.161531</timestamp>
			</report>
			<report>
				<misses>1484001</misses>
				<total>1</total>
				<timestamp>548.531129</timestamp>
			</report>
			<report>
				<misses>1485001</misses>
				<total>1</total>
				<timestamp>548.900742</timestamp>
			</report>
			<report>
				<misses>1486001</misses>
				<total>1</total>
				<timestamp>549.270397</timestamp>
			</report>
			<report>
				<misses>1487001</misses>
				<total>1</total>
				<timestamp>549.640015</timestamp>
			</report>
			<report>
				<misses>1488001</misses>
				<total>0</total>
				<timestamp>550.009714</timestamp>
			</report>
			<report>
				<misses>1489001</misses>
				<total>1</total>
				<timestamp>550.379244</timestamp>
			</report>
			<report>
				<misses>1490001</misses>
				<total>1</total>
				<timestamp>550.748913</timestamp>
			</report>
			<report>
				<misses>1491001</misses>
				<total>1</total>
				<timestamp>551.118502</timestamp>
			</report>
			<report>
				<misses>1492001</misses>
				<total>1</total>
				<timestamp>551.488132</timestamp>
			</report>
			<report>
				<misses>1493001</misses>
				<total>1</total>
				<timestamp>551.857758</timestamp>
			</report>
			<report>
				<misses>1494001</misses>
				<total>1</total>
				<timestamp>552.227381</timestamp>
			</report>
			<report>
				<misses>1495001</misses>
				<total>1</total>
				<timestamp>552.597088</timestamp>
			</report>
			<report>
				<misses>1496001</misses>
				<total>1</total>
				<timestamp>552.966681</timestamp>
			</report>
			<report>
				<misses>1497001</misses>
				<total>1</total>
				<timestamp>553.336314</timestamp>
			</report>
			<report>
				<misses>1498001</misses>
				<total>1</total>
				<timestamp>553.705912</timestamp>
			</report>
			<report>
				<misses>1499001</misses>
				<total>1</total>
				<timestamp>554.075578</timestamp>
			</report>
			<report>
				<misses>1500001</misses>
				<total>1</total>
				<timestamp>554.445206</timestamp>
			</report>
			<report>
				<misses>1501001</misses>
				<total>1</total>
				<timestamp>554.814822</timestamp>
			</report>
			<report>
				<misses>1502001</misses>
				<total>1</total>
				<timestamp>555.184480</timestamp>
			</report>
			<report>
				<misses>1503001</misses>
				<total>1</total>
				<timestamp>555.554075</timestamp>
			</report>
			<report>
				<misses>1504001</misses>
				<total>1</total>
				<timestamp>555.923718</timestamp>
			</report>
			<report>
				<misses>1505001</misses>
				<total>1</total>
				<timestamp>556.293314</timestamp>
			</report>
			<report>
				<misses>1506001</misses>
				<total>1</total>
				<timestamp>556.663009</timestamp>
			</report>
			<report>
				<misses>1507001</misses>
				<total>1</total>
				<timestamp>557.032669</timestamp>
			</report>
			<report>
				<misses>1508001</misses>
				<total>1</total>
				<timestamp>557.402199</timestamp>
			</report>
			<report>
				<misses>1509001</misses>
				<total>1</total>
				<timestamp>557.771846</timestamp>
			</report>
			<report>
				<misses>1510001</misses>
				<total>1</total>
				<timestamp>558.141485</timestamp>
			</report>
			<report>
				<misses>1511001</misses>
				<total>1</total>
				<timestamp>558.511087</timestamp>
			</report>
			<report>
				<misses>1512001</misses>
				<total>1</total>
				<timestamp>558.880755</timestamp>
			</report>
			<report>
				<misses>1513001</misses>
				<total>1</total>
				<timestamp>559.250444</timestamp>
			</report>
			<report>
				<misses>1514001</misses>
				<total>1</total>
				<timestamp>559.620055</timestamp>
			</report>
			<report>
				<misses>1515001</misses>
				<total>1</total>
				<timestamp>559.989731</timestamp>
			</report>
			<report>
				<misses>1516001</misses>
				<total>1</total>
				<timestamp>560.359291</timestamp>
			</report>
			<report>
				<misses>1517001</misses>
				<total>1</total>
				<timestamp>560.728883</timestamp>
			</report>
			<report>
				<misses>1518001</misses>
				<total>1</total>
				<timestamp>561.098628</timestamp>
			</report>
			<report>
				<misses>1519001</misses>
				<total>1</total>
				<timestamp>561.468152</timestamp>
			</report>
			<report>
				<misses>1520001</misses>
				<total>1</total>
				<timestamp>561.837834</timestamp>
			</report>
			<report>
				<misses>1521001</misses>
				<total>1</total>
				<timestamp>562.207391</timestamp>
			</report>
			<report>
				<misses>1522001</misses>
				<total>1</total>
				<timestamp>562.577065</timestamp>
			</report>
			<report>
				<misses>1523001</misses>
				<total>1</total>
				<timestamp>562.946705</timestamp>
			</report>
			<report>
				<misses>1524001</misses>
				<total>1</total>
				<timestamp>563.316302</timestamp>
			</report>
			<report>
				<misses>1525001</misses>
				<total>1</total>
				<timestamp>563.685926</timestamp>
			</report>
			<report>
				<misses>1526001</misses>
				<total>0</total>
				<timestamp>564.055657</timestamp>
			</report>
			<report>
				<misses>1527001</misses>
				<total>1</total>
				<timestamp>564.425208</timestamp>
			</report>
			<report>
				<misses>1528001</misses>
				<total>1</total>
				<timestamp>564.794861</timestamp>
			</report>
			<report>
				<misses>1529001</misses>
				<total>1</total>
				<timestamp>565.164445</timestamp>
			</report>
			<report>
				<misses>1530001</misses>
				<total>1</total>
				<timestamp>565.534134</timestamp>
			</report>
			<report>
				<misses>1531001</misses>
				<total>1</total>
				<timestamp>565.903703</timestamp>
			</report>
			<report>
				<misses>1532001</misses>
				<total>1</total>
				<timestamp>566.273364</timestamp>
			</report>
			<report>
				<misses>1533001</misses>
				<total>1</total>
				<timestamp>566.643015</timestamp>
			</report>
			<report>
				<misses>1534001</misses>
				<total>1</total>
				<timestamp>567.012616</timestamp>
			</report>
			<report>
				<misses>1535001</misses>
				<total>1</total>
				<timestamp>567.382269</timestamp>
			</report>
			<report>
				<misses>1536001</misses>
				<total>1</total>
				<timestamp>567.751841</timestamp>
			</report>
			<report>
				<misses>1537001</misses>
				<total>0</total>
				<timestamp>568.121588</timestamp>
			</report>
			<report>
				<misses>1538001</misses>
				<total>1</total>
				<timestamp>568.491126</timestamp>
			</report>
			<report>
				<misses>1539001</misses>
				<total>1</total>
				<timestamp>568.860733</timestamp>
			</report>
			<report>
				<misses>1540001</misses>
				<total>1</total>
				<timestamp>569.230366</timestamp>
			</report>
			<report>
				<misses>1541001</misses>
				<total>1</total>
				<timestamp>569.600003</timestamp>
			</report>
			<report>
				<misses>1542001</misses>
				<total>1</total>
				<timestamp>569.969680</timestamp>
			</report>
			<report>
				<misses>1543001</misses>
				<total>1</total>
				<timestamp>570.339259</timestamp>
			</report>
			<report>
				<misses>1544001</misses>
				<total>1</total>
				<timestamp>570.708917</timestamp>
			</report>
			<report>
				<misses>1545001</misses>
				<total>1</total>
				<timestamp>571.078583</timestamp>
			</report>
			<report>
				<misses>1546001</misses>
				<total>1</total>
				<timestamp>571.448187</timestamp>
			</report>
			<report>
				<misses>1547001</misses>
				<total>1</total>
				<timestamp>571.817771</timestamp>
			</report>
			<report>
				<misses>1548001</misses>
				<total>1</total>
				<timestamp>572.187424</timestamp>
			</report>
			<report>
				<misses>1549001</misses>
				<total>1</total>
				<timestamp>572.557080</timestamp>
			</report>
			<report>
				<misses>1550001</misses>
				<total>0</total>
				<timestamp>572.926791</timestamp>
			</report>
			<report>
				<misses>1551001</misses>
				<total>1</total>
				<timestamp>573.296323</timestamp>
			</report>
			<report>
				<misses>1552001</misses>
				<total>1</total>
				<timestamp>573.665962</timestamp>
			</report>
			<report>
				<misses>1553001</misses>
				<total>1</total>
				<timestamp>574.035564</timestamp>
			</report>
			<report>
				<misses>1554001</misses>
				<total>1</total>
				<timestamp>574.405199</timestamp>
			</report>
			<report>
				<misses>1555001</misses>
				<total>1</total>
				<timestamp>574.774821</timestamp>
			</report>
			<report>
				<misses>1556001</misses>
				<total>1</total>
				<timestamp>575.144483</timestamp>
			</report>
			<report>
				<misses>1557001</misses>
				<total>1</total>
				<timestamp>575.514102</timestamp>
			</report>
			<report>
				<misses>1558001</misses>
				<total>1</total>
				<timestamp>575.883720</timestamp>
			</report>
			<report>
				<misses>1559001</misses>
				<total>1</total>
				<timestamp>576.253371</timestamp>
			</report>
			<report>
				<misses>1560001</misses>
				<total>1</total>
				<timestamp>576.622951</timestamp>
			</report>
			<report>
				<misses>1561001</misses>
				<total>1</total>
				<timestamp>576.992638</timestamp>
			</report>
			<report>
				<misses>1562001</misses>
				<total>0</total>
				<timestamp>577.362331</timestamp>
			</report>
			<report>
				<misses>1563001</misses>
				<total>1</total>
				<timestamp>577.731910</timestamp>
			</report>
			<report>
				<misses>1564001</misses>
				<total>1</total>
				<timestamp>578.101570</timestamp>
			</report>
			<report>
				<misses>1565001</misses>
				<total>1</total>
				<timestamp>578.471149</timestamp>
			</report>
			<report>
				<misses>1566001</misses>
				<total>1</total>
				<timestamp>578.840812</timestamp>
			</report>
			<report>
				<misses>1567001</misses>
				<total>1</total>
				<timestamp>579.210515</timestamp>
			</report>
			<report>
				<misses>1568001</misses>
				<total>1</total>
				<timestamp>579.580039</timestamp>
			</report>
			<report>
				<misses>1569001</misses>
				<total>1</total>
				<timestamp>579.949635</timestamp>
			</report>
			<report>
				<misses>1570001</misses>
				<total>1</total>
				<timestamp>580.319365</timestamp>
			</report>
			<report>
				<misses>1571001</misses>
				<total>1</total>
				<timestamp>580.688939</timestamp>
			</report>
			<report>
				<misses>1572001</misses>
				<total>1</total>
				<timestamp>581.058581</timestamp>
			</report>
			<report>
				<misses>1573001</misses>
				<total>1</total>
				<timestamp>581.428263</timestamp>
			</report>
			<report>
				<misses>1574001</misses>
				<total>1</total>
				<timestamp>581.797778</timestamp>
			</report>
			<report>
				<misses>1575001</misses>
				<total>1</total>
				<timestamp>582.167441</timestamp>
			</report>
			<report>
				<misses>1576001</misses>
				<total>1</total>
				<timestamp>582.537073</timestamp>
			</report>
			<report>
				<misses>1577001</misses>
				<total>1</total>
				<timestamp>582.906715</timestamp>
			</report>
			<report>
				<misses>1578001</misses>
				<total>1</total>
				<timestamp>583.276318</timestamp>
			</report>
			<report>
				<misses>1579001</misses>
				<total>1</total>
				<timestamp>583.645948</timestamp>
			</report>
			<report>
				<misses>1580001</misses>
				<total>1</total>
				<timestamp>584.015573</timestamp>
			</report>
			<report>
				<misses>1581001</misses>
				<total>1</total>
				<timestamp>584.385205</timestamp>
			</report>
			<report>
				<misses>1582001</misses>
				<total>0</total>
				<timestamp>584.754941</timestamp>
			</report>
			<report>
				<misses>1583001</misses>
				<total>1</total>
				<timestamp>585.124534</timestamp>
			</report>
			<report>
				<misses>1584001</misses>
				<total>1</total>
				<timestamp>585.494091</timestamp>
			</report>
			<report>
				<misses>1585001</misses>
				<total>1</total>
				<timestamp>585.863774</timestamp>
			</report>
			<report>
				<misses>1586001</misses>
				<total>1</total>
				<timestamp>586.233480</timestamp>
			</report>
			<report>
				<misses>1587001</misses>
				<total>1</total>
				<timestamp>586.602983</timestamp>
			</report>
			<report>
				<misses>1588001</misses>
				<total>1</total>
				<timestamp>586.972663</timestamp>
			</report>
			<report>
				<misses>1589001</misses>
				<total>1</total>
				<timestamp>587.342246</timestamp>
			</report>
			<report>
				<misses>1590001</misses>
				<total>1</total>
				<timestamp>587.711919</timestamp>
			</report>
			<report>
				<misses>1591001</misses>
				<total>1</total>
				<timestamp>588.081510</timestamp>
			</report>
			<report>
				<misses>1592001</misses>
				<total>0</total>
				<timestamp>588.451226</timestamp>
			</report>
			<report>
				<misses>1593001</misses>
				<total>1</total>
				<timestamp>588.820813</timestamp>
			</report>
			<report>
				<misses>1594001</misses>
				<total>1</total>
				<timestamp>589.190415</timestamp>
			</report>
			<report>
				<misses>1595001</misses>
				<total>1</total>
				<timestamp>589.560123</timestamp>
			</report>
			<report>
				<misses>1596001</misses>
				<total>0</total>
				<timestamp>589.929742</timestamp>
			</report>
			<report>
				<misses>1597001</misses>
				<total>1</total>
				<timestamp>590.299309</timestamp>
			</report>
			<report>
				<misses>1598001</misses>
				<total>1</total>
				<timestamp>590.668935</timestamp>
			</report>
			<report>
				<misses>1599001</misses>
				<total>1</total>
				<timestamp>591.038557</timestamp>
			</report>
			<report>
				<misses>1600001</misses>
				<total>1</total>
				<timestamp>591.408219</timestamp>
			</report>
			<report>
				<misses>1601001</misses>
				<total>1</total>
				<timestamp>591.777880</timestamp>
			</report>
			<report>
				<misses>1602001</misses>
				<total>1</total>
				<timestamp>592.147477</timestamp>
			</report>
			<report>
				<misses>1603001</misses>
				<total>1</total>
				<timestamp>592.517129</timestamp>
			</report>
			<report>
				<misses>1604001</misses>
				<total>0</total>
				<timestamp>592.886781</timestamp>
			</report>
			<report>
				<misses>1605001</misses>
				<total>1</total>
				<timestamp>593.256353</timestamp>
			</report>
			<report>
				<misses>1606001</misses>
				<total>1</total>
				<timestamp>593.626009</timestamp>
			</report>
			<report>
				<misses>1607001</misses>
				<total>1</total>
				<timestamp>593.995627</timestamp>
			</report>
			<report>
				<misses>1608001</misses>
				<total>1</total>
				<timestamp>594.365255</timestamp>
			</report>
			<report>
				<misses>1609001</misses>
				<total>1</total>
				<timestamp>594.734840</timestamp>
			</report>
			<report>
				<misses>1610001</misses>
				<total>1</total>
				<timestamp>595.104483</timestamp>
			</report>
			<report>
				<misses>1611001</misses>
				<total>1</total>
				<timestamp>595.474129</timestamp>
			</report>
			<report>
				<misses>1612001</misses>
				<total>1</total>
				<timestamp>595.843715</timestamp>
			</report>
			<report>
				<misses>1613001</misses>
				<total>1</total>
				<timestamp>596.213394</timestamp>
			</report>
			<report>
				<misses>1614001</misses>
				<total>1</total>
				<timestamp>596.583047</timestamp>
			</report>
			<report>
				<misses>1615001</misses>
				<total>1</total>
				<timestamp>596.952640</timestamp>
			</report>
			<report>
				<misses>1616001</misses>
				<total>1</total>
				<timestamp>597.322354</timestamp>
			</report>
			<report>
				<misses>1617001</misses>
				<total>1</total>
				<timestamp>597.691876</timestamp>
			</report>
			<report>
				<misses>1618001</misses>
				<total>1</total>
				<timestamp>598.061523</timestamp>
			</report>
			<report>
				<misses>1619001</misses>
				<total>1</total>
				<timestamp>598.431198</timestamp>
			</report>
			<report>
				<misses>1620001</misses>
				<total>1</total>
				<timestamp>598.800783</timestamp>
			</report>
			<report>
				<misses>1621001</misses>
				<total>1</total>
				<timestamp>599.170402</timestamp>
			</report>
			<report>
				<misses>1622001</misses>
				<total>1</total>
				<timestamp>599.540118</timestamp>
			</report>
			<report>
				<misses>1623001</misses>
				<total>0</total>
				<timestamp>599.909746</timestamp>
			</report>
			<report>
				<misses>1624001</misses>
				<total>1</total>
				<timestamp>600.279370</timestamp>
			</report>
			<report>
				<misses>1625001</misses>
				<total>1</total>
				<timestamp>600.648929</timestamp>
			</report>
			<report>
				<misses>1626001</misses>
				<total>1</total>
				<timestamp>601.018579</timestamp>
			</report>
			<report>
				<misses>1627001</misses>
				<total>1</total>
				<timestamp>601.388215</timestamp>
			</report>
			<report>
				<misses>1628001</misses>
				<total>1</total>
				<timestamp>601.757836</timestamp>
			</report>
			<report>
				<misses>1629001</misses>
				<total>1</total>
				<timestamp>602.127477</timestamp>
			</report>
			<report>
				<misses>1630001</misses>
				<total>1</total>
				<timestamp>602.497096</timestamp>
			</report>
			<report>
				<misses>1631001</misses>
				<total>1</total>
				<timestamp>602.866709</timestamp>
			</report>
			<report>
				<misses>1632001</misses>
				<total>1</total>
				<timestamp>603.236390</timestamp>
			</report>
			<report>
				<misses>1633001</misses>
				<total>1</total>
				<timestamp>603.605996</timestamp>
			</report>
			<report>
				<misses>1634001</misses>
				<total>0</total>
				<timestamp>603.975702</timestamp>
			</report>
			<report>
				<misses>1635001</misses>
				<total>1</total>
				<timestamp>604.345223</timestamp>
			</report>
			<report>
				<misses>1636001</misses>
				<total>1</total>
				<timestamp>604.714854</timestamp>
			</report>
			<report>
				<misses>1637001</misses>
				<total>1</total>
				<timestamp>605.084480</timestamp>
			</report>
			<report>
				<misses>1638001</misses>
				<total>1</total>
				<timestamp>605.454130</timestamp>
			</report>
			<report>
				<misses>1639001</misses>
				<total>1</total>
				<timestamp>605.823737</timestamp>
			</report>
			<report>
				<misses>1640001</misses>
				<total>1</total>
				<timestamp>606.193366</timestamp>
			</report>
			<report>
				<misses>1641001</misses>
				<total>1</total>
				<timestamp>606.563016</timestamp>
			</report>
			<report>
				<misses>1642001</misses>
				<total>1</total>
				<timestamp>606.932639</timestamp>
			</report>
			<report>
				<misses>1643001</misses>
				<total>1</total>
				<timestamp>607.302295</timestamp>
			</report>
			<report>
				<misses>1644001</misses>
				<total>1</total>
				<timestamp>607.671959</timestamp>
			</report>
			<report>
				<misses>1645001</misses>
				<total>1</total>
				<timestamp>608.041545</timestamp>
			</report>
			<report>
				<misses>1646001</misses>
				<total>1</total>
				<timestamp>608.411216</timestamp>
			</report>
			<report>
				<misses>1647001</misses>
				<total>0</total>
				<timestamp>608.780872</timestamp>
			</report>
			<report>
				<misses>1648001</misses>
				<total>1</total>
				<timestamp>609.150429</timestamp>
			</report>
			<report>
				<misses>1649001</misses>
				<total>1</total>
				<timestamp>609.520060</timestamp>
			</report>
			<report>
				<misses>1650001</misses>
				<total>1</total>
				<timestamp>609.889673</timestamp>
			</report>
			<report>
				<misses>1651001</misses>
				<total>1</total>
				<timestamp>610.259311</timestamp>
			</report>
			<report>
				<misses>1652001</misses>
				<total>1</total>
				<timestamp>610.628989</timestamp>
			</report>
			<report>
				<misses>1653001</misses>
				<total>1</total>
				<timestamp>610.998583</timestamp>
			</report>
			<report>
				<misses>1654001</misses>
				<total>1</total>
				<timestamp>611.368181</timestamp>
			</report>
			<report>
				<misses>1655001</misses>
				<total>1</total>
				<timestamp>611.737825</timestamp>
			</report>
			<report>
				<misses>1656001</misses>
				<total>1</total>
				<timestamp>612.107453</timestamp>
			</report>
			<report>
				<misses>1657001</misses>
				<total>1</total>
				<timestamp>612.477083</timestamp>
			</report>
			<report>
				<misses>1658001</misses>
				<total>1</total>
				<timestamp>612.846696</timestamp>
			</report>
			<report>
				<misses>1659001</misses>
				<total>1</total>
				<timestamp>613.216341</timestamp>
			</report>
			<report>
				<misses>1660001</misses>
				<total>1</total>
				<timestamp>613.585954</timestamp>
			</report>
			<report>
				<misses>1661001</misses>
				<total>1</total>
				<timestamp>613.955592</timestamp>
			</report>
			<report>
				<misses>1662001</misses>
				<total>1</total>
				<timestamp>614.325260</timestamp>
			</report>
			<report>
				<misses>1663001</misses>
				<total>0</total>
				<timestamp>614.694987</timestamp>
			</report>
			<report>
				<misses>1664001</misses>
				<total>1</total>
				<timestamp>615.064524</timestamp>
			</report>
			<report>
				<misses>1665001</misses>
				<total>1</total>
				<timestamp>615.434132</timestamp>
			</report>
			<report>
				<misses>1666001</misses>
				<total>1</total>
				<timestamp>615.803776</timestamp>
			</report>
			<report>
				<misses>1667001</misses>
				<total>1</total>
				<timestamp>616.173402</timestamp>
			</report>
			<report>
				<misses>1668001</misses>
				<total>1</total>
				<timestamp>616.543061</timestamp>
			</report>
			<report>
				<misses>1669001</misses>
				<total>1</total>
				<timestamp>616.912678</timestamp>
			</report>
			<report>
				<misses>1670001</misses>
				<total>0</total>
				<timestamp>617.282382</timestamp>
			</report>
			<report>
				<misses>1671001</misses>
				<total>1</total>
				<timestamp>617.651926</timestamp>
			</report>
			<report>
				<misses>1672001</misses>
				<total>1</total>
				<timestamp>618.021514</timestamp>
			</report>
			<report>
				<misses>1673001</misses>
				<total>1</total>
				<timestamp>618.391158</timestamp>
			</report>
			<report>
				<misses>1674001</misses>
				<total>1</total>
				<timestamp>618.760796</timestamp>
			</report>
			<report>
				<misses>1675001</misses>
				<total>1</total>
				<timestamp>619.130456</timestamp>
			</report>
			<report>
				<misses>1676001</misses>
				<total>1</total>
				<timestamp>619.500121</timestamp>
			</report>
			<report>
				<misses>1677001</misses>
				<total>1</total>
				<timestamp>619.869701</timestamp>
			</report>
			<report>
				<misses>1678001</misses>
				<total>1</total>
				<timestamp>620.239371</timestamp>
			</report>
			<report>
				<misses>1679001</misses>
				<total>1</total>
				<timestamp>620.608936</timestamp>
			</report>
			<report>
				<misses>1680001</misses>
				<total>1</total>
				<timestamp>620.978608</timestamp>
			</report>
			<report>
				<misses>1681001</misses>
				<total>1</total>
				<timestamp>621.348278</timestamp>
			</report>
			<report>
				<misses>1682001</misses>
				<total>0</total>
				<timestamp>621.717938</timestamp>
			</report>
			<report>
				<misses>1683001</misses>
				<total>1</total>
				<timestamp>622.087464</timestamp>
			</report>
			<report>
				<misses>1684001</misses>
				<total>1</total>
				<timestamp>622.457089</timestamp>
			</report>
			<report>
				<misses>1685001</misses>
				<total>1</total>
				<timestamp>622.826771</timestamp>
			</report>
			<report>
				<misses>1686001</misses>
				<total>1</total>
				<timestamp>623.196377</timestamp>
			</report>
			<report>
				<misses>1687001</misses>
				<total>1</total>
				<timestamp>623.566033</timestamp>
			</report>
			<report>
				<misses>1688001</misses>
				<total>1</total>
				<timestamp>623.935609</timestamp>
			</report>
			<report>
				<misses>1689001</misses>
				<total>1</total>
				<timestamp>624.305312</timestamp>
			</report>
			<report>
				<misses>1690001</misses>
				<total>1</total>
				<timestamp>624.674874</timestamp>
			</report>
			<report>
				<misses>1691001</misses>
				<total>1</total>
				<timestamp>625.044546</timestamp>
			</report>
			<report>
				<misses>1692001</misses>
				<total>0</total>
				<timestamp>625.414259</timestamp>
			</report>
			<report>
				<misses>1693001</misses>
				<total>1</total>
				<timestamp>625.783785</timestamp>
			</report>
			<report>
				<misses>1694001</misses>
				<total>1</total>
				<timestamp>626.153387</timestamp>
			</report>
			<report>
				<misses>1695001</misses>
				<total>1</total>
				<timestamp>626.523067</timestamp>
			</report>
			<report>
				<misses>1696001</misses>
				<total>1</total>
				<timestamp>626.892726</timestamp>
			</report>
			<report>
				<misses>1697001</misses>
				<total>0</total>
				<timestamp>627.262369</timestamp>
			</report>
			<report>
				<misses>1698001</misses>
				<total>1</total>
				<timestamp>627.631965</timestamp>
			</report>
			<report>
				<misses>1699001</misses>
				<total>1</total>
				<timestamp>628.001530</timestamp>
			</report>
			<report>
				<misses>1700001</misses>
				<total>1</total>
				<timestamp>628.371247</timestamp>
			</report>
			<report>
				<misses>1701001</misses>
				<total>1</total>
				<timestamp>628.740786</timestamp>
			</report>
			<report>
				<misses>1702001</misses>
				<total>1</total>
				<timestamp>629.110427</timestamp>
			</report>
			<report>
				<misses>1703001</misses>
				<total>1</total>
				<timestamp>629.480120</timestamp>
			</report>
			<report>
				<misses>1704001</misses>
				<total>1</total>
				<timestamp>629.849726</timestamp>
			</report>
			<report>
				<misses>1705001</misses>
				<total>1</total>
				<timestamp>630.219333</timestamp>
			</report>
			<report>
				<misses>1706001</misses>
				<total>1</total>
				<timestamp>630.589026</timestamp>
			</report>
			<report>
				<misses>1707001</misses>
				<total>1</total>
				<timestamp>630.958616</timestamp>
			</report>
			<report>
				<misses>1708001</misses>
				<total>1</total>
				<timestamp>631.328244</timestamp>
			</report>
			<report>
				<misses>1709001</misses>
				<total>1</total>
				<timestamp>631.697837</timestamp>
			</report>
			<report>
				<misses>1710001</misses>
				<total>1</total>
				<timestamp>632.067483</timestamp>
			</report>
			<report>
				<misses>1711001</misses>
				<total>1</total>
				<timestamp>632.437156</timestamp>
			</report>
			<report>
				<misses>1712001</misses>
				<total>1</total>
				<timestamp>632.806744</timestamp>
			</report>
			<report>
				<misses>1713001</misses>
				<total>1</total>
				<timestamp>633.176418</timestamp>
			</report>
			<report>
				<misses>1714001</misses>
				<total>1</total>
				<timestamp>633.546088</timestamp>
			</report>
			<report>
				<misses>1715001</misses>
				<total>1</total>
				<timestamp>633.915608</timestamp>
			</report>
			<report>
				<misses>1716001</misses>
				<total>1</total>
				<timestamp>634.285314</timestamp>
			</report>
			<report>
				<misses>1717001</misses>
				<total>1</total>
				<timestamp>634.654904</timestamp>
			</report>
			<report>
				<misses>1718001</misses>
				<total>1</total>
				<timestamp>635.024568</timestamp>
			</report>
			<report>
				<misses>1719001</misses>
				<total>1</total>
				<timestamp>635.394155</timestamp>
			</report>
			<report>
				<misses>1720001</misses>
				<total>1</total>
				<timestamp>635.763760</timestamp>
			</report>
			<report>
				<misses>1721001</misses>
				<total>1</total>
				<timestamp>636.133392</timestamp>
			</report>
			<report>
				<misses>1722001</misses>
				<total>1</total>
				<timestamp>636.503050</timestamp>
			</report>
			<report>
				<misses>1723001</misses>
				<total>1</total>
				<timestamp>636.872716</timestamp>
			</report>
			<report>
				<misses>1724001</misses>
				<total>1</total>
				<timestamp>637.242325</timestamp>
			</report>
			<report>
				<misses>1725001</misses>
				<total>1</total>
				<timestamp>637.611914</timestamp>
			</report>
			<report>
				<misses>1726001</misses>
				<total>1</total>
				<timestamp>637.981539</timestamp>
			</report>
			<report>
				<misses>1727001</misses>
				<total>1</total>
				<timestamp>638.351191</timestamp>
			</report>
			<report>
				<misses>1728001</misses>
				<total>0</total>
				<timestamp>638.720943</timestamp>
			</report>
			<report>
				<misses>1729001</misses>
				<total>1</total>
				<timestamp>639.090429</timestamp>
			</report>
			<report>
				<misses>1730001</misses>
				<total>1</total>
				<timestamp>639.460117</timestamp>
			</report>
			<report>
				<misses>1731001</misses>
				<total>1</total>
				<timestamp>639.829695</timestamp>
			</report>
			<report>
				<misses>1732001</misses>
				<total>1</total>
				<timestamp>640.199356</timestamp>
			</report>
			<report>
				<misses>1733001</misses>
				<total>1</total>
				<timestamp>640.568950</timestamp>
			</report>
			<report>
				<misses>1734001</misses>
				<total>1</total>
				<timestamp>640.938592</timestamp>
			</report>
			<report>
				<misses>1735001</misses>
				<total>0</total>
				<timestamp>641.308306</timestamp>
			</report>
			<report>
				<misses>1736001</misses>
				<total>1</total>
				<timestamp>641.677923</timestamp>
			</report>
			<report>
				<misses>1737001</misses>
				<total>0</total>
				<timestamp>642.047575</timestamp>
			</report>
			<report>
				<misses>1738001</misses>
				<total>1</total>
				<timestamp>642.417204</timestamp>
			</report>
			<report>
				<misses>1739001</misses>
				<total>1</total>
				<timestamp>642.786791</timestamp>
			</report>
			<report>
				<misses>1740001</misses>
				<total>0</total>
				<timestamp>643.156454</timestamp>
			</report>
			<report>
				<misses>1741001</misses>
				<total>0</total>
				<timestamp>643.526110</timestamp>
			</report>
			<report>
				<misses>1742001</misses>
				<total>1</total>
				<timestamp>643.895635</timestamp>
			</report>
			<report>
				<misses>1743001</misses>
				<total>1</total>
				<timestamp>644.265259</timestamp>
			</report>
			<report>
				<misses>1744001</misses>
				<total>1</total>
				<timestamp>644.634912</timestamp>
			</report>
			<report>
				<misses>1745001</misses>
				<total>1</total>
				<timestamp>645.004561</timestamp>
			</report>
			<report>
				<misses>1746001</misses>
				<total>1</total>
				<timestamp>645.374225</timestamp>
			</report>
			<report>
				<misses>1747001</misses>
				<total>0</total>
				<timestamp>645.743881</timestamp>
			</report>
			<report>
				<misses>1748001</misses>
				<total>0</total>
				<timestamp>646.113526</timestamp>
			</report>
			<report>
				<misses>1749001</misses>
				<total>1</total>
				<timestamp>646.483112</timestamp>
			</report>
			<report>
				<misses>1750001</misses>
				<total>1</total>
				<timestamp>646.852694</timestamp>
			</report>
			<report>
				<misses>1751001</misses>
				<total>1</total>
				<timestamp>647.222326</timestamp>
			</report>
			<report>
				<misses>1752001</misses>
				<total>1</total>
				<timestamp>647.591914</timestamp>
			</report>
			<report>
				<misses>1753001</misses>
				<total>1</total>
				<timestamp>647.961566</timestamp>
			</report>
			<report>
				<misses>1754001</misses>
				<total>1</total>
				<timestamp>648.331202</timestamp>
			</report>
			<report>
				<misses>1755001</misses>
				<total>1</total>
				<timestamp>648.700865</timestamp>
			</report>
			<report>
				<misses>1756001</misses>
				<total>1</total>
				<timestamp>649.070483</timestamp>
			</report>
			<report>
				<misses>1757001</misses>
				<total>1</total>
				<timestamp>649.440131</timestamp>
			</report>
			<report>
				<misses>1758001</misses>
				<total>0</total>
				<timestamp>649.809847</timestamp>
			</report>
			<report>
				<misses>1759001</misses>
				<total>1</total>
				<timestamp>650.179349</timestamp>
			</report>
			<report>
				<misses>1760001</misses>
				<total>1</total>
				<timestamp>650.549064</timestamp>
			</report>
			<report>
				<misses>1761001</misses>
				<total>0</total>
				<timestamp>650.918697</timestamp>
			</report>
			<report>
				<misses>1762001</misses>
				<total>1</total>
				<timestamp>651.288305</timestamp>
			</report>
			<report>
				<misses>1763001</misses>
				<total>1</total>
				<timestamp>651.657880</timestamp>
			</report>
			<report>
				<misses>1764001</misses>
				<total>1</total>
				<timestamp>652.027486</timestamp>
			</report>
			<report>
				<misses>1765001</misses>
				<total>1</total>
				<timestamp>652.397197</timestamp>
			</report>
			<report>
				<misses>1766001</misses>
				<total>1</total>
				<timestamp>652.766822</timestamp>
			</report>
			<report>
				<misses>1767001</misses>
				<total>1</total>
				<timestamp>653.136391</timestamp>
			</report>
			<report>
				<misses>1768001</misses>
				<total>1</total>
				<timestamp>653.506060</timestamp>
			</report>
			<report>
				<misses>1769001</misses>
				<total>1</total>
				<timestamp>653.875659</timestamp>
			</report>
			<report>
				<misses>1770001</misses>
				<total>1</total>
				<timestamp>654.245272</timestamp>
			</report>
			<report>
				<misses>1771001</misses>
				<total>1</total>
				<timestamp>654.614962</timestamp>
			</report>
			<report>
				<misses>1772001</misses>
				<total>1</total>
				<timestamp>654.984527</timestamp>
			</report>
			<report>
				<misses>1773001</misses>
				<total>1</total>
				<timestamp>655.354158</timestamp>
			</report>
			<report>
				<misses>1774001</misses>
				<total>1</total>
				<timestamp>655.723776</timestamp>
			</report>
			<report>
				<misses>1775001</misses>
				<total>1</total>
				<timestamp>656.093424</timestamp>
			</report>
			<report>
				<misses>1776001</misses>
				<total>1</total>
				<timestamp>656.463094</timestamp>
			</report>
			<report>
				<misses>1777001</misses>
				<total>1</total>
				<timestamp>656.832717</timestamp>
			</report>
			<report>
				<misses>1778001</misses>
				<total>1</total>
				<timestamp>657.202327</timestamp>
			</report>
			<report>
				<misses>1779001</misses>
				<total>1</total>
				<timestamp>657.571937</timestamp>
			</report>
			<report>
				<misses>1780001</misses>
				<total>1</total>
				<timestamp>657.941591</timestamp>
			</report>
			<report>
				<misses>1781001</misses>
				<total>1</total>
				<timestamp>658.311216</timestamp>
			</report>
			<report>
				<misses>1782001</misses>
				<total>1</total>
				<timestamp>658.680902</timestamp>
			</report>
			<report>
				<misses>1783001</misses>
				<total>1</total>
				<timestamp>659.050517</timestamp>
			</report>
			<report>
				<misses>1784001</misses>
				<total>1</total>
				<timestamp>659.420176</timestamp>
			</report>
			<report>
				<misses>1785001</misses>
				<total>1</total>
				<timestamp>659.789702</timestamp>
			</report>
			<report>
				<misses>1786001</misses>
				<total>1</total>
				<timestamp>660.159357</timestamp>
			</report>
			<report>
				<misses>1787001</misses>
				<total>1</total>
				<timestamp>660.529004</timestamp>
			</report>
			<report>
				<misses>1788001</misses>
				<total>1</total>
				<timestamp>660.898591</timestamp>
			</report>
			<report>
				<misses>1789001</misses>
				<total>1</total>
				<timestamp>661.268286</timestamp>
			</report>
			<report>
				<misses>1790001</misses>
				<total>1</total>
				<timestamp>661.637977</timestamp>
			</report>
			<report>
				<misses>1791001</misses>
				<total>1</total>
				<timestamp>662.007535</timestamp>
			</report>
			<report>
				<misses>1792001</misses>
				<total>1</total>
				<timestamp>662.377145</timestamp>
			</report>
			<report>
				<misses>1793001</misses>
				<total>0</total>
				<timestamp>662.746859</timestamp>
			</report>
			<report>
				<misses>1794001</misses>
				<total>1</total>
				<timestamp>663.116397</timestamp>
			</report>
			<report>
				<misses>1795001</misses>
				<total>1</total>
				<timestamp>663.486107</timestamp>
			</report>
			<report>
				<misses>1796001</misses>
				<total>1</total>
				<timestamp>663.855657</timestamp>
			</report>
			<report>
				<misses>1797001</misses>
				<total>1</total>
				<timestamp>664.225312</timestamp>
			</report>
			<report>
				<misses>1798001</misses>
				<total>1</total>
				<timestamp>664.594948</timestamp>
			</report>
			<report>
				<misses>1799001</misses>
				<total>0</total>
				<timestamp>664.964686</timestamp>
			</report>
			<report>
				<misses>1800001</misses>
				<total>1</total>
				<timestamp>665.334203</timestamp>
			</report>
			<report>
				<misses>1801001</misses>
				<total>1</total>
				<timestamp>665.703921</timestamp>
			</report>
			<report>
				<misses>1802001</misses>
				<total>1</total>
				<timestamp>666.073421</timestamp>
			</report>
			<report>
				<misses>1803001</misses>
				<total>1</total>
				<timestamp>666.443121</timestamp>
			</report>
			<report>
				<misses>1804001</misses>
				<total>0</total>
				<timestamp>666.812785</timestamp>
			</report>
			<report>
				<misses>1805001</misses>
				<total>1</total>
				<timestamp>667.182320</timestamp>
			</report>
			<report>
				<misses>1806001</misses>
				<total>1</total>
				<timestamp>667.551959</timestamp>
			</report>
			<report>
				<misses>1807001</misses>
				<total>1</total>
				<timestamp>667.921581</timestamp>
			</report>
			<report>
				<misses>1808001</misses>
				<total>1</total>
				<timestamp>668.291226</timestamp>
			</report>
			<report>
				<misses>1809001</misses>
				<total>1</total>
				<timestamp>668.660873</timestamp>
			</report>
			<report>
				<misses>1810001</misses>
				<total>1</total>
				<timestamp>669.030480</timestamp>
			</report>
			<report>
				<misses>1811001</misses>
				<total>1</total>
				<timestamp>669.400152</timestamp>
			</report>
			<report>
				<misses>1812001</misses>
				<total>1</total>
				<timestamp>669.769809</timestamp>
			</report>
			<report>
				<misses>1813001</misses>
				<total>1</total>
				<timestamp>670.139391</timestamp>
			</report>
			<report>
				<misses>1814001</misses>
				<total>1</total>
				<timestamp>670.509007</timestamp>
			</report>
			<report>
				<misses>1815001</misses>
				<total>1</total>
				<timestamp>670.878634</timestamp>
			</report>
			<report>
				<misses>1816001</misses>
				<total>1</total>
				<timestamp>671.248272</timestamp>
			</report>
			<report>
				<misses>1817001</misses>
				<total>1</total>
				<timestamp>671.617915</timestamp>
			</report>
			<report>
				<misses>1818001</misses>
				<total>1</total>
				<timestamp>671.987564</timestamp>
			</report>
			<report>
				<misses>1819001</misses>
				<total>1</total>
				<timestamp>672.357138</timestamp>
			</report>
			<report>
				<misses>1820001</misses>
				<total>1</total>
				<timestamp>672.726801</timestamp>
			</report>
			<report>
				<misses>1821001</misses>
				<total>1</total>
				<timestamp>673.096447</timestamp>
			</report>
			<report>
				<misses>1822001</misses>
				<total>1</total>
				<timestamp>673.466060</timestamp>
			</report>
			<report>
				<misses>1823001</misses>
				<total>1</total>
				<timestamp>673.835709</timestamp>
			</report>
			<report>
				<misses>1824001</misses>
				<total>1</total>
				<timestamp>674.205343</timestamp>
			</report>
			<report>
				<misses>1825001</misses>
				<total>1</total>
				<timestamp>674.575012</timestamp>
			</report>
			<report>
				<misses>1826001</misses>
				<total>1</total>
				<timestamp>674.944599</timestamp>
			</report>
			<report>
				<misses>1827001</misses>
				<total>1</total>
				<timestamp>675.314173</timestamp>
			</report>
			<report>
				<misses>1828001</misses>
				<total>1</total>
				<timestamp>675.683877</timestamp>
			</report>
			<report>
				<misses>1829001</misses>
				<total>1</total>
				<timestamp>676.053468</timestamp>
			</report>
			<report>
				<misses>1830001</misses>
				<total>1</total>
				<timestamp>676.423084</timestamp>
			</report>
			<report>
				<misses>1831001</misses>
				<total>1</total>
				<timestamp>676.792717</timestamp>
			</report>
			<report>
				<misses>1832001</misses>
				<total>1</total>
				<timestamp>677.162364</timestamp>
			</report>
			<report>
				<misses>1833001</misses>
				<total>1</total>
				<timestamp>677.531989</timestamp>
			</report>
			<report>
				<misses>1834001</misses>
				<total>1</total>
				<timestamp>677.901613</timestamp>
			</report>
			<report>
				<misses>1835001</misses>
				<total>1</total>
				<timestamp>678.271243</timestamp>
			</report>
			<report>
				<misses>1836001</misses>
				<total>1</total>
				<timestamp>678.640866</timestamp>
			</report>
			<report>
				<misses>1837001</misses>
				<total>1</total>
				<timestamp>679.010505</timestamp>
			</report>
			<report>
				<misses>1838001</misses>
				<total>1</total>
				<timestamp>679.380110</timestamp>
			</report>
			<report>
				<misses>1839001</misses>
				<total>1</total>
				<timestamp>679.749798</timestamp>
			</report>
			<report>
				<misses>1840001</misses>
				<total>1</total>
				<timestamp>680.119389</timestamp>
			</report>
			<report>
				<misses>1841001</misses>
				<total>1</total>
				<timestamp>680.489100</timestamp>
			</report>
			<report>
				<misses>1842001</misses>
				<total>1</total>
				<timestamp>680.858617</timestamp>
			</report>
			<report>
				<misses>1843001</misses>
				<total>1</total>
				<timestamp>681.228245</timestamp>
			</report>
			<report>
				<misses>1844001</misses>
				<total>1</total>
				<timestamp>681.597905</timestamp>
			</report>
			<report>
				<misses>1845001</misses>
				<total>1</total>
				<timestamp>681.967522</timestamp>
			</report>
			<report>
				<misses>1846001</misses>
				<total>1</total>
				<timestamp>682.337133</timestamp>
			</report>
			<report>
				<misses>1847001</misses>
				<total>0</total>
				<timestamp>682.706891</timestamp>
			</report>
			<report>
				<misses>1848001</misses>
				<total>1</total>
				<timestamp>683.076434</timestamp>
			</report>
			<report>
				<misses>1849001</misses>
				<total>1</total>
				<timestamp>683.446077</timestamp>
			</report>
			<report>
				<misses>1850001</misses>
				<total>1</total>
				<timestamp>683.815661</timestamp>
			</report>
			<report>
				<misses>1851001</misses>
				<total>1</total>
				<timestamp>684.185324</timestamp>
			</report>
			<report>
				<misses>1852001</misses>
				<total>1</total>
				<timestamp>684.554962</timestamp>
			</report>
			<report>
				<misses>1853001</misses>
				<total>1</total>
				<timestamp>684.924562</timestamp>
			</report>
			<report>
				<misses>1854001</misses>
				<total>1</total>
				<timestamp>685.294175</timestamp>
			</report>
			<report>
				<misses>1855001</misses>
				<total>1</total>
				<timestamp>685.663865</timestamp>
			</report>
			<report>
				<misses>1856001</misses>
				<total>1</total>
				<timestamp>686.033447</timestamp>
			</report>
			<report>
				<misses>1857001</misses>
				<total>1</total>
				<timestamp>686.403127</timestamp>
			</report>
			<report>
				<misses>1858001</misses>
				<total>1</total>
				<timestamp>686.772702</timestamp>
			</report>
			<report>
				<misses>1859001</misses>
				<total>1</total>
				<timestamp>687.142341</timestamp>
			</report>
			<report>
				<misses>1860001</misses>
				<total>1</total>
				<timestamp>687.511976</timestamp>
			</report>
			<report>
				<misses>1861001</misses>
				<total>1</total>
				<timestamp>687.881633</timestamp>
			</report>
			<report>
				<misses>1862001</misses>
				<total>1</total>
				<timestamp>688.251231</timestamp>
			</report>
			<report>
				<misses>1863001</misses>
				<total>1</total>
				<timestamp>688.620905</timestamp>
			</report>
			<report>
				<misses>1864001</misses>
				<total>1</total>
				<timestamp>688.990511</timestamp>
			</report>
			<report>
				<misses>1865001</misses>
				<total>1</total>
				<timestamp>689.360150</timestamp>
			</report>
			<report>
				<misses>1866001</misses>
				<total>1</total>
				<timestamp>689.729847</timestamp>
			</report>
			<report>
				<misses>1867001</misses>
				<total>1</total>
				<timestamp>690.099454</timestamp>
			</report>
			<report>
				<misses>1868001</misses>
				<total>0</total>
				<timestamp>690.469105</timestamp>
			</report>
			<report>
				<misses>1869001</misses>
				<total>1</total>
				<timestamp>690.838679</timestamp>
			</report>
			<report>
				<misses>1870001</misses>
				<total>1</total>
				<timestamp>691.208270</timestamp>
			</report>
			<report>
				<misses>1871001</misses>
				<total>1</total>
				<timestamp>691.577933</timestamp>
			</report>
			<report>
				<misses>1872001</misses>
				<total>1</total>
				<timestamp>691.947596</timestamp>
			</report>
			<report>
				<misses>1873001</misses>
				<total>1</total>
				<timestamp>692.317155</timestamp>
			</report>
			<report>
				<misses>1874001</misses>
				<total>1</total>
				<timestamp>692.686820</timestamp>
			</report>
			<report>
				<misses>1875001</misses>
				<total>1</total>
				<timestamp>693.056492</timestamp>
			</report>
			<report>
				<misses>1876001</misses>
				<total>1</total>
				<timestamp>693.426124</timestamp>
			</report>
			<report>
				<misses>1877001</misses>
				<total>0</total>
				<timestamp>693.795776</timestamp>
			</report>
			<report>
				<misses>1878001</misses>
				<total>1</total>
				<timestamp>694.165305</timestamp>
			</report>
			<report>
				<misses>1879001</misses>
				<total>1</total>
				<timestamp>694.534960</timestamp>
			</report>
			<report>
				<misses>1880001</misses>
				<total>1</total>
				<timestamp>694.904574</timestamp>
			</report>
			<report>
				<misses>1881001</misses>
				<total>1</total>
				<timestamp>695.274207</timestamp>
			</report>
			<report>
				<misses>1882001</misses>
				<total>1</total>
				<timestamp>695.643824</timestamp>
			</report>
			<report>
				<misses>1883001</misses>
				<total>1</total>
				<timestamp>696.013462</timestamp>
			</report>
			<report>
				<misses>1884001</misses>
				<total>1</total>
				<timestamp>696.383074</timestamp>
			</report>
			<report>
				<misses>1885001</misses>
				<total>1</total>
				<timestamp>696.752749</timestamp>
			</report>
			<report>
				<misses>1886001</misses>
				<total>0</total>
				<timestamp>697.122475</timestamp>
			</report>
			<report>
				<misses>1887001</misses>
				<total>1</total>
				<timestamp>697.492073</timestamp>
			</report>
			<report>
				<misses>1888001</misses>
				<total>1</total>
				<timestamp>697.861669</timestamp>
			</report>
			<report>
				<misses>1889001</misses>
				<total>1</total>
				<timestamp>698.231225</timestamp>
			</report>
			<report>
				<misses>1890001</misses>
				<total>1</total>
				<timestamp>698.600972</timestamp>
			</report>
			<report>
				<misses>1891001</misses>
				<total>1</total>
				<timestamp>698.970559</timestamp>
			</report>
			<report>
				<misses>1892001</misses>
				<total>1</total>
				<timestamp>699.340121</timestamp>
			</report>
			<report>
				<misses>1893001</misses>
				<total>1</total>
				<timestamp>699.709769</timestamp>
			</report>
			<report>
				<misses>1894001</misses>
				<total>1</total>
				<timestamp>700.079389</timestamp>
			</report>
			<report>
				<misses>1895001</misses>
				<total>1</total>
				<timestamp>700.449077</timestamp>
			</report>
			<report>
				<misses>1896001</misses>
				<total>0</total>
				<timestamp>700.818763</timestamp>
			</report>
			<report>
				<misses>1897001</misses>
				<total>1</total>
				<timestamp>701.188298</timestamp>
			</report>
			<report>
				<misses>1898001</misses>
				<total>1</total>
				<timestamp>701.557925</timestamp>
			</report>
			<report>
				<misses>1899001</misses>
				<total>0</total>
				<timestamp>701.927626</timestamp>
			</report>
			<report>
				<misses>1900001</misses>
				<total>1</total>
				<timestamp>702.297152</timestamp>
			</report>
			<report>
				<misses>1901001</misses>
				<total>1</total>
				<timestamp>702.666802</timestamp>
			</report>
			<report>
				<misses>1902001</misses>
				<total>1</total>
				<timestamp>703.036441</timestamp>
			</report>
			<report>
				<misses>1903001</misses>
				<total>1</total>
				<timestamp>703.406129</timestamp>
			</report>
			<report>
				<misses>1904001</misses>
				<total>1</total>
				<timestamp>703.775693</timestamp>
			</report>
			<report>
				<misses>1905001</misses>
				<total>1</total>
				<timestamp>704.145382</timestamp>
			</report>
			<report>
				<misses>1906001</misses>
				<total>1</total>
				<timestamp>704.514983</timestamp>
			</report>
			<report>
				<misses>1907001</misses>
				<total>1</total>
				<timestamp>704.884579</timestamp>
			</report>
			<report>
				<misses>1908001</misses>
				<total>1</total>
				<timestamp>705.254203</timestamp>
			</report>
			<report>
				<misses>1909001</misses>
				<total>1</total>
				<timestamp>705.623878</timestamp>
			</report>
			<report>
				<misses>1910001</misses>
				<total>1</total>
				<timestamp>705.993468</timestamp>
			</report>
			<report>
				<misses>1911001</misses>
				<total>1</total>
				<timestamp>706.363128</timestamp>
			</report>
			<report>
				<misses>1912001</misses>
				<total>1</total>
				<timestamp>706.732731</timestamp>
			</report>
			<report>
				<misses>1913001</misses>
				<total>1</total>
				<timestamp>707.102377</timestamp>
			</report>
			<report>
				<misses>1914001</misses>
				<total>1</total>
				<timestamp>707.472021</timestamp>
			</report>
			<report>
				<misses>1915001</misses>
				<total>1</total>
				<timestamp>707.841679</timestamp>
			</report>
			<report>
				<misses>1916001</misses>
				<total>1</total>
				<timestamp>708.211264</timestamp>
			</report>
			<report>
				<misses>1917001</misses>
				<total>1</total>
				<timestamp>708.580888</timestamp>
			</report>
			<report>
				<misses>1918001</misses>
				<total>1</total>
				<timestamp>708.950541</timestamp>
			</report>
			<report>
				<misses>1919001</misses>
				<total>1</total>
				<timestamp>709.320164</timestamp>
			</report>
			<report>
				<misses>1920001</misses>
				<total>1</total>
				<timestamp>709.689831</timestamp>
			</report>
			<report>
				<misses>1921001</misses>
				<total>1</total>
				<timestamp>710.059415</timestamp>
			</report>
			<report>
				<misses>1922001</misses>
				<total>1</total>
				<timestamp>710.429030</timestamp>
			</report>
			<report>
				<misses>1923001</misses>
				<total>1</total>
				<timestamp>710.798752</timestamp>
			</report>
			<report>
				<misses>1924001</misses>
				<total>0</total>
				<timestamp>711.168373</timestamp>
			</report>
			<report>
				<misses>1925001</misses>
				<total>1</total>
				<timestamp>711.537945</timestamp>
			</report>
			<report>
				<misses>1926001</misses>
				<total>1</total>
				<timestamp>711.907629</timestamp>
			</report>
			<report>
				<misses>1927001</misses>
				<total>1</total>
				<timestamp>712.277219</timestamp>
			</report>
			<report>
				<misses>1928001</misses>
				<total>1</total>
				<timestamp>712.646859</timestamp>
			</report>
			<report>
				<misses>1929001</misses>
				<total>0</total>
				<timestamp>713.016560</timestamp>
			</report>
			<report>
				<misses>1930001</misses>
				<total>0</total>
				<timestamp>713.386166</timestamp>
			</report>
			<report>
				<misses>1931001</misses>
				<total>1</total>
				<timestamp>713.755733</timestamp>
			</report>
			<report>
				<misses>1932001</misses>
				<total>1</total>
				<timestamp>714.125398</timestamp>
			</report>
			<report>
				<misses>1933001</misses>
				<total>1</total>
				<timestamp>714.494944</timestamp>
			</report>
			<report>
				<misses>1934001</misses>
				<total>1</total>
				<timestamp>714.864608</timestamp>
			</report>
			<report>
				<misses>1935001</misses>
				<total>1</total>
				<timestamp>715.234228</timestamp>
			</report>
			<report>
				<misses>1936001</misses>
				<total>1</total>
				<timestamp>715.603860</timestamp>
			</report>
			<report>
				<misses>1937001</misses>
				<total>1</total>
				<timestamp>715.973529</timestamp>
			</report>
			<report>
				<misses>1938001</misses>
				<total>1</total>
				<timestamp>716.343116</timestamp>
			</report>
			<report>
				<misses>1939001</misses>
				<total>1</total>
				<timestamp>716.712810</timestamp>
			</report>
			<report>
				<misses>1940001</misses>
				<total>1</total>
				<timestamp>717.082402</timestamp>
			</report>
			<report>
				<misses>1941001</misses>
				<total>1</total>
				<timestamp>717.452004</timestamp>
			</report>
			<report>
				<misses>1942001</misses>
				<total>1</total>
				<timestamp>717.821684</timestamp>
			</report>
			<report>
				<misses>1943001</misses>
				<total>1</total>
				<timestamp>718.191271</timestamp>
			</report>
			<report>
				<misses>1944001</misses>
				<total>1</total>
				<timestamp>718.560923</timestamp>
			</report>
			<report>
				<misses>1945001</misses>
				<total>1</total>
				<timestamp>718.930592</timestamp>
			</report>
			<report>
				<misses>1946001</misses>
				<total>1</total>
				<timestamp>719.300182</timestamp>
			</report>
			<report>
				<misses>1947001</misses>
				<total>1</total>
				<timestamp>719.669780</timestamp>
			</report>
			<report>
				<misses>1948001</misses>
				<total>1</total>
				<timestamp>720.039483</timestamp>
			</report>
			<report>
				<misses>1949001</misses>
				<total>1</total>
				<timestamp>720.409070</timestamp>
			</report>
			<report>
				<misses>1950001</misses>
				<total>1</total>
				<timestamp>720.778715</timestamp>
			</report>
			<report>
				<misses>1951001</misses>
				<total>1</total>
				<timestamp>721.148320</timestamp>
			</report>
			<report>
				<misses>1952001</misses>
				<total>1</total>
				<timestamp>721.517939</timestamp>
			</report>
			<report>
				<misses>1953001</misses>
				<total>1</total>
				<timestamp>721.887616</timestamp>
			</report>
			<report>
				<misses>1954001</misses>
				<total>1</total>
				<timestamp>722.257270</timestamp>
			</report>
			<report>
				<misses>1955001</misses>
				<total>0</total>
				<timestamp>722.626910</timestamp>
			</report>
			<report>
				<misses>1956001</misses>
				<total>1</total>
				<timestamp>722.996448</timestamp>
			</report>
			<report>
				<misses>1957001</misses>
				<total>1</total>
				<timestamp>723.366146</timestamp>
			</report>
			<report>
				<misses>1958001</misses>
				<total>1</total>
				<timestamp>723.735777</timestamp>
			</report>
			<report>
				<misses>1959001</misses>
				<total>1</total>
				<timestamp>724.105373</timestamp>
			</report>
			<report>
				<misses>1960001</misses>
				<total>1</total>
				<timestamp>724.474994</timestamp>
			</report>
			<report>
				<misses>1961001</misses>
				<total>1</total>
				<timestamp>724.844624</timestamp>
			</report>
			<report>
				<misses>1962001</misses>
				<total>1</total>
				<timestamp>725.214262</timestamp>
			</report>
			<report>
				<misses>1963001</misses>
				<total>1</total>
				<timestamp>725.583883</timestamp>
			</report>
			<report>
				<misses>1964001</misses>
				<total>1</total>
				<timestamp>725.953488</timestamp>
			</report>
			<report>
				<misses>1965001</misses>
				<total>1</total>
				<timestamp>726.323136</timestamp>
			</report>
			<report>
				<misses>1966001</misses>
				<total>1</total>
				<timestamp>726.692776</timestamp>
			</report>
			<report>
				<misses>1967001</misses>
				<total>0</total>
				<timestamp>727.062529</timestamp>
			</report>
			<report>
				<misses>1968001</misses>
				<total>1</total>
				<timestamp>727.432112</timestamp>
			</report>
			<report>
				<misses>1969001</misses>
				<total>1</total>
				<timestamp>727.801704</timestamp>
			</report>
			<report>
				<misses>1970001</misses>
				<total>1</total>
				<timestamp>728.171286</timestamp>
			</report>
			<report>
				<misses>1971001</misses>
				<total>1</total>
				<timestamp>728.540918</timestamp>
			</report>
			<report>
				<misses>1972001</misses>
				<total>1</total>
				<timestamp>728.910541</timestamp>
			</report>
			<report>
				<misses>1973001</misses>
				<total>1</total>
				<timestamp>729.280226</timestamp>
			</report>
			<report>
				<misses>1974001</misses>
				<total>1</total>
				<timestamp>729.649784</timestamp>
			</report>
			<report>
				<misses>1975001</misses>
				<total>1</total>
				<timestamp>730.019499</timestamp>
			</report>
			<report>
				<misses>1976001</misses>
				<total>1</total>
				<timestamp>730.389100</timestamp>
			</report>
			<report>
				<misses>1977001</misses>
				<total>1</total>
				<timestamp>730.758696</timestamp>
			</report>
			<report>
				<misses>1978001</misses>
				<total>1</total>
				<timestamp>731.128305</timestamp>
			</report>
			<report>
				<misses>1979001</misses>
				<total>1</total>
				<timestamp>731.497979</timestamp>
			</report>
			<report>
				<misses>1980001</misses>
				<total>1</total>
				<timestamp>731.867590</timestamp>
			</report>
			<report>
				<misses>1981001</misses>
				<total>1</total>
				<timestamp>732.237255</timestamp>
			</report>
			<report>
				<misses>1982001</misses>
				<total>1</total>
				<timestamp>732.606850</timestamp>
			</report>
			<report>
				<misses>1983001</misses>
				<total>1</total>
				<timestamp>732.976515</timestamp>
			</report>
			<report>
				<misses>1984001</misses>
				<total>1</total>
				<timestamp>733.346112</timestamp>
			</report>
			<report>
				<misses>1985001</misses>
				<total>1</total>
				<timestamp>733.715740</timestamp>
			</report>
			<report>
				<misses>1986001</misses>
				<total>1</total>
				<timestamp>734.085338</timestamp>
			</report>
			<report>
				<misses>1987001</misses>
				<total>1</total>
				<timestamp>734.454990</timestamp>
			</report>
			<report>
				<misses>1988001</misses>
				<total>1</total>
				<timestamp>734.824681</timestamp>
			</report>
			<report>
				<misses>1989001</misses>
				<total>1</total>
				<timestamp>735.194242</timestamp>
			</report>
			<report>
				<misses>1990001</misses>
				<total>0</total>
				<timestamp>735.563986</timestamp>
			</report>
			<report>
				<misses>1991001</misses>
				<total>1</total>
				<timestamp>735.933536</timestamp>
			</report>
			<report>
				<misses>1992001</misses>
				<total>1</total>
				<timestamp>736.303176</timestamp>
			</report>
			<report>
				<misses>1993001</misses>
				<total>1</total>
				<timestamp>736.672764</timestamp>
			</report>
			<report>
				<misses>1994001</misses>
				<total>1</total>
				<timestamp>737.042400</timestamp>
			</report>
			<report>
				<misses>1995001</misses>
				<total>1</total>
				<timestamp>737.412045</timestamp>
			</report>
			<report>
				<misses>1996001</misses>
				<total>1</total>
				<timestamp>737.781679</timestamp>
			</report>
			<report>
				<misses>1997001</misses>
				<total>1</total>
				<timestamp>738.151318</timestamp>
			</report>
			<report>
				<misses>1998001</misses>
				<total>1</total>
				<timestamp>738.520907</timestamp>
			</report>
			<report>
				<misses>1999001</misses>
				<total>1</total>
				<timestamp>738.890571</timestamp>
			</report>
			<report>
				<misses>2000001</misses>
				<total>1</total>
				<timestamp>739.260240</timestamp>
			</report>
			<report>
				<misses>2001001</misses>
				<total>1</total>
				<timestamp>739.629808</timestamp>
			</report>
			<report>
				<misses>2002001</misses>
				<total>1</total>
				<timestamp>739.999519</timestamp>
			</report>
			<report>
				<misses>2003001</misses>
				<total>1</total>
				<timestamp>740.369056</timestamp>
			</report>
			<report>
				<misses>2004001</misses>
				<total>1</total>
				<timestamp>740.738702</timestamp>
			</report>
			<report>
				<misses>2005001</misses>
				<total>1</total>
				<timestamp>741.108336</timestamp>
			</report>
			<report>
				<misses>2006001</misses>
				<total>1</total>
				<timestamp>741.477958</timestamp>
			</report>
			<report>
				<misses>2007001</misses>
				<total>1</total>
				<timestamp>741.847658</timestamp>
			</report>
			<report>
				<misses>2008001</misses>
				<total>1</total>
				<timestamp>742.217284</timestamp>
			</report>
			<report>
				<misses>2009001</misses>
				<total>1</total>
				<timestamp>742.586846</timestamp>
			</report>
			<report>
				<misses>2010001</misses>
				<total>1</total>
				<timestamp>742.956488</timestamp>
			</report>
			<report>
				<misses>2011001</misses>
				<total>1</total>
				<timestamp>743.326200</timestamp>
			</report>
			<report>
				<misses>2012001</misses>
				<total>1</total>
				<timestamp>743.695735</timestamp>
			</report>
			<report>
				<misses>2013001</misses>
				<total>0</total>
				<timestamp>744.065471</timestamp>
			</report>
			<report>
				<misses>2014001</misses>
				<total>1</total>
				<timestamp>744.435007</timestamp>
			</report>
			<report>
				<misses>2015001</misses>
				<total>1</total>
				<timestamp>744.804642</timestamp>
			</report>
			<report>
				<misses>2016001</misses>
				<total>1</total>
				<timestamp>745.174246</timestamp>
			</report>
			<report>
				<misses>2017001</misses>
				<total>1</total>
				<timestamp>745.543902</timestamp>
			</report>
			<report>
				<misses>2018001</misses>
				<total>1</total>
				<timestamp>745.913524</timestamp>
			</report>
			<report>
				<misses>2019001</misses>
				<total>1</total>
				<timestamp>746.283228</timestamp>
			</report>
			<report>
				<misses>2020001</misses>
				<total>1</total>
				<timestamp>746.652799</timestamp>
			</report>
			<report>
				<misses>2021001</misses>
				<total>1</total>
				<timestamp>747.022438</timestamp>
			</report>
			<report>
				<misses>2022001</misses>
				<total>1</total>
				<timestamp>747.392021</timestamp>
			</report>
			<report>
				<misses>2023001</misses>
				<total>1</total>
				<timestamp>747.761647</timestamp>
			</report>
			<report>
				<misses>2024001</misses>
				<total>1</total>
				<timestamp>748.131322</timestamp>
			</report>
			<report>
				<misses>2025001</misses>
				<total>1</total>
				<timestamp>748.500997</timestamp>
			</report>
			<report>
				<misses>2026001</misses>
				<total>1</total>
				<timestamp>748.870594</timestamp>
			</report>
			<report>
				<misses>2027001</misses>
				<total>1</total>
				<timestamp>749.240185</timestamp>
			</report>
			<report>
				<misses>2028001</misses>
				<total>1</total>
				<timestamp>749.609855</timestamp>
			</report>
			<report>
				<misses>2029001</misses>
				<total>1</total>
				<timestamp>749.979444</timestamp>
			</report>
			<report>
				<misses>2030001</misses>
				<total>1</total>
				<timestamp>750.349056</timestamp>
			</report>
			<report>
				<misses>2031001</misses>
				<total>1</total>
				<timestamp>750.718714</timestamp>
			</report>
			<report>
				<misses>2032001</misses>
				<total>1</total>
				<timestamp>751.088333</timestamp>
			</report>
			<report>
				<misses>2033001</misses>
				<total>1</total>
				<timestamp>751.457946</timestamp>
			</report>
			<report>
				<misses>2034001</misses>
				<total>1</total>
				<timestamp>751.827620</timestamp>
			</report>
			<report>
				<misses>2035001</misses>
				<total>1</total>
				<timestamp>752.197277</timestamp>
			</report>
			<report>
				<misses>2036001</misses>
				<total>1</total>
				<timestamp>752.566882</timestamp>
			</report>
			<report>
				<misses>2037001</misses>
				<total>1</total>
				<timestamp>752.936501</timestamp>
			</report>
			<report>
				<misses>2038001</misses>
				<total>1</total>
				<timestamp>753.306161</timestamp>
			</report>
			<report>
				<misses>2039001</misses>
				<total>1</total>
				<timestamp>753.675804</timestamp>
			</report>
			<report>
				<misses>2040001</misses>
				<total>1</total>
				<timestamp>754.045393</timestamp>
			</report>
			<report>
				<misses>2041001</misses>
				<total>1</total>
				<timestamp>754.415043</timestamp>
			</report>
			<report>
				<misses>2042001</misses>
				<total>1</total>
				<timestamp>754.784670</timestamp>
			</report>
			<report>
				<misses>2043001</misses>
				<total>1</total>
				<timestamp>755.154340</timestamp>
			</report>
			<report>
				<misses>2044001</misses>
				<total>1</total>
				<timestamp>755.523914</timestamp>
			</report>
			<report>
				<misses>2045001</misses>
				<total>1</total>
				<timestamp>755.893578</timestamp>
			</report>
			<report>
				<misses>2046001</misses>
				<total>1</total>
				<timestamp>756.263214</timestamp>
			</report>
			<report>
				<misses>2047001</misses>
				<total>1</total>
				<timestamp>756.632776</timestamp>
			</report>
			<report>
				<misses>2048001</misses>
				<total>1</total>
				<timestamp>757.002425</timestamp>
			</report>
			<report>
				<misses>2049001</misses>
				<total>1</total>
				<timestamp>757.372111</timestamp>
			</report>
			<report>
				<misses>2050001</misses>
				<total>1</total>
				<timestamp>757.741665</timestamp>
			</report>
			<report>
				<misses>2051001</misses>
				<total>1</total>
				<timestamp>758.111315</timestamp>
			</report>
			<report>
				<misses>2052001</misses>
				<total>1</total>
				<timestamp>758.480923</timestamp>
			</report>
			<report>
				<misses>2053001</misses>
				<total>1</total>
				<timestamp>758.850651</timestamp>
			</report>
			<report>
				<misses>2054001</misses>
				<total>1</total>
				<timestamp>759.220171</timestamp>
			</report>
			<report>
				<misses>2055001</misses>
				<total>1</total>
				<timestamp>759.589822</timestamp>
			</report>
			<report>
				<misses>2056001</misses>
				<total>1</total>
				<timestamp>759.959470</timestamp>
			</report>
			<report>
				<misses>2057001</misses>
				<total>1</total>
				<timestamp>760.329122</timestamp>
			</report>
			<report>
				<misses>2058001</misses>
				<total>1</total>
				<timestamp>760.698760</timestamp>
			</report>
			<report>
				<misses>2059001</misses>
				<total>1</total>
				<timestamp>761.068385</timestamp>
			</report>
			<report>
				<misses>2060001</misses>
				<total>1</total>
				<timestamp>761.438020</timestamp>
			</report>
			<report>
				<misses>2061001</misses>
				<total>1</total>
				<timestamp>761.807619</timestamp>
			</report>
			<report>
				<misses>2062001</misses>
				<total>1</total>
				<timestamp>762.177293</timestamp>
			</report>
			<report>
				<misses>2063001</misses>
				<total>1</total>
				<timestamp>762.546858</timestamp>
			</report>
			<report>
				<misses>2064001</misses>
				<total>1</total>
				<timestamp>762.916502</timestamp>
			</report>
			<report>
				<misses>2065001</misses>
				<total>1</total>
				<timestamp>763.286183</timestamp>
			</report>
			<report>
				<misses>2066001</misses>
				<total>1</total>
				<timestamp>763.655762</timestamp>
			</report>
			<report>
				<misses>2067001</misses>
				<total>1</total>
				<timestamp>764.025480</timestamp>
			</report>
			<report>
				<misses>2068001</misses>
				<total>1</total>
				<timestamp>764.395046</timestamp>
			</report>
			<report>
				<misses>2069001</misses>
				<total>1</total>
				<timestamp>764.764687</timestamp>
			</report>
			<report>
				<misses>2070001</misses>
				<total>0</total>
				<timestamp>765.134355</timestamp>
			</report>
			<report>
				<misses>2071001</misses>
				<total>1</total>
				<timestamp>765.503909</timestamp>
			</report>
			<report>
				<misses>2072001</misses>
				<total>1</total>
				<timestamp>765.873588</timestamp>
			</report>
			<report>
				<misses>2073001</misses>
				<total>1</total>
				<timestamp>766.243170</timestamp>
			</report>
			<report>
				<misses>2074001</misses>
				<total>1</total>
				<timestamp>766.612768</timestamp>
			</report>
			<report>
				<misses>2075001</misses>
				<total>1</total>
				<timestamp>766.982477</timestamp>
			</report>
			<report>
				<misses>2076001</misses>
				<total>1</total>
				<timestamp>767.352078</timestamp>
			</report>
			<report>
				<misses>2077001</misses>
				<total>1</total>
				<timestamp>767.721717</timestamp>
			</report>
			<report>
				<misses>2078001</misses>
				<total>1</total>
				<timestamp>768.091360</timestamp>
			</report>
			<report>
				<misses>2079001</misses>
				<total>1</total>
				<timestamp>768.460927</timestamp>
			</report>
			<report>
				<misses>2080001</misses>
				<total>0</total>
				<timestamp>768.830685</timestamp>
			</report>
			<report>
				<misses>2081001</misses>
				<total>1</total>
				<timestamp>769.200242</timestamp>
			</report>
			<report>
				<misses>2082001</misses>
				<total>1</total>
				<timestamp>769.569840</timestamp>
			</report>
			<report>
				<misses>2083001</misses>
				<total>1</total>
				<timestamp>769.939478</timestamp>
			</report>
			<report>
				<misses>2084001</misses>
				<total>1</total>
				<timestamp>770.309086</timestamp>
			</report>
			<report>
				<misses>2085001</misses>
				<total>1</total>
				<timestamp>770.678719</timestamp>
			</report>
			<report>
				<misses>2086001</misses>
				<total>1</total>
				<timestamp>771.048385</timestamp>
			</report>
			<report>
				<misses>2087001</misses>
				<total>1</total>
				<timestamp>771.418017</timestamp>
			</report>
			<report>
				<misses>2088001</misses>
				<total>1</total>
				<timestamp>771.787661</timestamp>
			</report>
			<report>
				<misses>2089001</misses>
				<total>0</total>
				<timestamp>772.157342</timestamp>
			</report>
			<report>
				<misses>2090001</misses>
				<total>1</total>
				<timestamp>772.526933</timestamp>
			</report>
			<report>
				<misses>2091001</misses>
				<total>1</total>
				<timestamp>772.896535</timestamp>
			</report>
			<report>
				<misses>2092001</misses>
				<total>0</total>
				<timestamp>773.266266</timestamp>
			</report>
			<report>
				<misses>2093001</misses>
				<total>1</total>
				<timestamp>773.635758</timestamp>
			</report>
			<report>
				<misses>2094001</misses>
				<total>1</total>
				<timestamp>774.005466</timestamp>
			</report>
			<report>
				<misses>2095001</misses>
				<total>1</total>
				<timestamp>774.375037</timestamp>
			</report>
			<report>
				<misses>2096001</misses>
				<total>1</total>
				<timestamp>774.744643</timestamp>
			</report>
			<report>
				<misses>2097001</misses>
				<total>1</total>
				<timestamp>775.114295</timestamp>
			</report>
			<report>
				<misses>2098001</misses>
				<total>1</total>
				<timestamp>775.483910</timestamp>
			</report>
			<report>
				<misses>2099001</misses>
				<total>1</total>
				<timestamp>775.853541</timestamp>
			</report>
			<report>
				<misses>2100001</misses>
				<total>1</total>
				<timestamp>776.223199</timestamp>
			</report>
			<report>
				<misses>2101001</misses>
				<total>1</total>
				<timestamp>776.592806</timestamp>
			</report>
			<report>
				<misses>2102001</misses>
				<total>1</total>
				<timestamp>776.962432</timestamp>
			</report>
			<report>
				<misses>2103001</misses>
				<total>1</total>
				<timestamp>777.332085</timestamp>
			</report>
			<report>
				<misses>2104001</misses>
				<total>1</total>
				<timestamp>777.701728</timestamp>
			</report>
			<report>
				<misses>2105001</misses>
				<total>1</total>
				<timestamp>778.071382</timestamp>
			</report>
			<report>
				<misses>2106001</misses>
				<total>1</total>
				<timestamp>778.440974</timestamp>
			</report>
			<report>
				<misses>2107001</misses>
				<total>1</total>
				<timestamp>778.810631</timestamp>
			</report>
			<report>
				<misses>2108001</misses>
				<total>1</total>
				<timestamp>779.180253</timestamp>
			</report>
			<report>
				<misses>2109001</misses>
				<total>1</total>
				<timestamp>779.549824</timestamp>
			</report>
			<report>
				<misses>2110001</misses>
				<total>1</total>
				<timestamp>779.919460</timestamp>
			</report>
			<report>
				<misses>2111001</misses>
				<total>0</total>
				<timestamp>780.289228</timestamp>
			</report>
			<report>
				<misses>2112001</misses>
				<total>1</total>
				<timestamp>780.658776</timestamp>
			</report>
			<report>
				<misses>2113001</misses>
				<total>1</total>
				<timestamp>781.028388</timestamp>
			</report>
			<report>
				<misses>2114001</misses>
				<total>1</total>
				<timestamp>781.398045</timestamp>
			</report>
			<report>
				<misses>2115001</misses>
				<total>1</total>
				<timestamp>781.767622</timestamp>
			</report>
			<report>
				<misses>2116001</misses>
				<total>1</total>
				<timestamp>782.137368</timestamp>
			</report>
			<report>
				<misses>2117001</misses>
				<total>1</total>
				<timestamp>782.506911</timestamp>
			</report>
			<report>
				<misses>2118001</misses>
				<total>1</total>
				<timestamp>782.876549</timestamp>
			</report>
			<report>
				<misses>2119001</misses>
				<total>1</total>
				<timestamp>783.246222</timestamp>
			</report>
			<report>
				<misses>2120001</misses>
				<total>1</total>
				<timestamp>783.615825</timestamp>
			</report>
			<report>
				<misses>2121001</misses>
				<total>1</total>
				<timestamp>783.985390</timestamp>
			</report>
			<report>
				<misses>2122001</misses>
				<total>1</total>
				<timestamp>784.355023</timestamp>
			</report>
			<report>
				<misses>2123001</misses>
				<total>1</total>
				<timestamp>784.724735</timestamp>
			</report>
			<report>
				<misses>2124001</misses>
				<total>1</total>
				<timestamp>785.094358</timestamp>
			</report>
			<report>
				<misses>2125001</misses>
				<total>0</total>
				<timestamp>785.464056</timestamp>
			</report>
			<report>
				<misses>2126001</misses>
				<total>0</total>
				<timestamp>785.833654</timestamp>
			</report>
			<report>
				<misses>2127001</misses>
				<total>1</total>
				<timestamp>786.203215</timestamp>
			</report>
			<report>
				<misses>2128001</misses>
				<total>1</total>
				<timestamp>786.572861</timestamp>
			</report>
			<report>
				<misses>2129001</misses>
				<total>1</total>
				<timestamp>786.942444</timestamp>
			</report>
			<report>
				<misses>2130001</misses>
				<total>1</total>
				<timestamp>787.312088</timestamp>
			</report>
			<report>
				<misses>2131001</misses>
				<total>1</total>
				<timestamp>787.681738</timestamp>
			</report>
			<report>
				<misses>2132001</misses>
				<total>1</total>
				<timestamp>788.051364</timestamp>
			</report>
			<report>
				<misses>2133001</misses>
				<total>1</total>
				<timestamp>788.420987</timestamp>
			</report>
			<report>
				<misses>2134001</misses>
				<total>1</total>
				<timestamp>788.790610</timestamp>
			</report>
			<report>
				<misses>2135001</misses>
				<total>1</total>
				<timestamp>789.160257</timestamp>
			</report>
			<report>
				<misses>2136001</misses>
				<total>1</total>
				<timestamp>789.529848</timestamp>
			</report>
			<report>
				<misses>2137001</misses>
				<total>1</total>
				<timestamp>789.899471</timestamp>
			</report>
			<report>
				<misses>2138001</misses>
				<total>0</total>
				<timestamp>790.269213</timestamp>
			</report>
			<report>
				<misses>2139001</misses>
				<total>1</total>
				<timestamp>790.638757</timestamp>
			</report>
			<report>
				<misses>2140001</misses>
				<total>1</total>
				<timestamp>791.008363</timestamp>
			</report>
			<report>
				<misses>2141001</misses>
				<total>1</total>
				<timestamp>791.378037</timestamp>
			</report>
			<report>
				<misses>2142001</misses>
				<total>1</total>
				<timestamp>791.747612</timestamp>
			</report>
			<report>
				<misses>2143001</misses>
				<total>1</total>
				<timestamp>792.117251</timestamp>
			</report>
			<report>
				<misses>2144001</misses>
				<total>1</total>
				<timestamp>792.486950</timestamp>
			</report>
			<report>
				<misses>2145001</misses>
				<total>1</total>
				<timestamp>792.856515</timestamp>
			</report>
			<report>
				<misses>2146001</misses>
				<total>1</total>
				<timestamp>793.226200</timestamp>
			</report>
			<report>
				<misses>2147001</misses>
				<total>1</total>
				<timestamp>793.595825</timestamp>
			</report>
			<report>
				<misses>2148001</misses>
				<total>1</total>
				<timestamp>793.965417</timestamp>
			</report>
			<report>
				<misses>2149001</misses>
				<total>1</total>
				<timestamp>794.335079</timestamp>
			</report>
			<report>
				<misses>2150001</misses>
				<total>1</total>
				<timestamp>794.704683</timestamp>
			</report>
			<report>
				<misses>2151001</misses>
				<total>0</total>
				<timestamp>795.074420</timestamp>
			</report>
			<report>
				<misses>2152001</misses>
				<total>0</total>
				<timestamp>795.444030</timestamp>
			</report>
			<report>
				<misses>2153001</misses>
				<total>1</total>
				<timestamp>795.813589</timestamp>
			</report>
			<report>
				<misses>2154001</misses>
				<total>1</total>
				<timestamp>796.183261</timestamp>
			</report>
			<report>
				<misses>2155001</misses>
				<total>1</total>
				<timestamp>796.552851</timestamp>
			</report>
			<report>
				<misses>2156001</misses>
				<total>1</total>
				<timestamp>796.922521</timestamp>
			</report>
			<report>
				<misses>2157001</misses>
				<total>1</total>
				<timestamp>797.292130</timestamp>
			</report>
			<report>
				<misses>2158001</misses>
				<total>1</total>
				<timestamp>797.661786</timestamp>
			</report>
			<report>
				<misses>2159001</misses>
				<total>1</total>
				<timestamp>798.031335</timestamp>
			</report>
			<report>
				<misses>2160001</misses>
				<total>0</total>
				<timestamp>798.401058</timestamp>
			</report>
			<report>
				<misses>2161001</misses>
				<total>0</total>
				<timestamp>798.770720</timestamp>
			</report>
			<report>
				<misses>2162001</misses>
				<total>1</total>
				<timestamp>799.140272</timestamp>
			</report>
			<report>
				<misses>2163001</misses>
				<total>1</total>
				<timestamp>799.509855</timestamp>
			</report>
			<report>
				<misses>2164001</misses>
				<total>1</total>
				<timestamp>799.879552</timestamp>
			</report>
			<report>
				<misses>2165001</misses>
				<total>1</total>
				<timestamp>800.249182</timestamp>
			</report>
			<report>
				<misses>2166001</misses>
				<total>1</total>
				<timestamp>800.618757</timestamp>
			</report>
			<report>
				<misses>2167001</misses>
				<total>1</total>
				<timestamp>800.988387</timestamp>
			</report>
			<report>
				<misses>2168001</misses>
				<total>0</total>
				<timestamp>801.358130</timestamp>
			</report>
			<report>
				<misses>2169001</misses>
				<total>1</total>
				<timestamp>801.727689</timestamp>
			</report>
			<report>
				<misses>2170001</misses>
				<total>1</total>
				<timestamp>802.097311</timestamp>
			</report>
			<report>
				<misses>2171001</misses>
				<total>1</total>
				<timestamp>802.466895</timestamp>
			</report>
			<report>
				<misses>2172001</misses>
				<total>1</total>
				<timestamp>802.836532</timestamp>
			</report>
			<report>
				<misses>2173001</misses>
				<total>1</total>
				<timestamp>803.206221</timestamp>
			</report>
			<report>
				<misses>2174001</misses>
				<total>1</total>
				<timestamp>803.575813</timestamp>
			</report>
			<report>
				<misses>2175001</misses>
				<total>1</total>
				<timestamp>803.945433</timestamp>
			</report>
			<report>
				<misses>2176001</misses>
				<total>1</total>
				<timestamp>804.315059</timestamp>
			</report>
			<report>
				<misses>2177001</misses>
				<total>1</total>
				<timestamp>804.684721</timestamp>
			</report>
			<report>
				<misses>2178001</misses>
				<total>1</total>
				<timestamp>805.054328</timestamp>
			</report>
			<report>
				<misses>2179001</misses>
				<total>1</total>
				<timestamp>805.423961</timestamp>
			</report>
			<report>
				<misses>2180001</misses>
				<total>1</total>
				<timestamp>805.793641</timestamp>
			</report>
			<report>
				<misses>2181001</misses>
				<total>1</total>
				<timestamp>806.163234</timestamp>
			</report>
			<report>
				<misses>2182001</misses>
				<total>1</total>
				<timestamp>806.532826</timestamp>
			</report>
			<report>
				<misses>2183001</misses>
				<total>1</total>
				<timestamp>806.902465</timestamp>
			</report>
			<report>
				<misses>2184001</misses>
				<total>1</total>
				<timestamp>807.272137</timestamp>
			</report>
			<report>
				<misses>2185001</misses>
				<total>1</total>
				<timestamp>807.641705</timestamp>
			</report>
			<report>
				<misses>2186001</misses>
				<total>1</total>
				<timestamp>808.011354</timestamp>
			</report>
			<report>
				<misses>2187001</misses>
				<total>1</total>
				<timestamp>808.381085</timestamp>
			</report>
			<report>
				<misses>2188001</misses>
				<total>1</total>
				<timestamp>808.750640</timestamp>
			</report>
			<report>
				<misses>2189001</misses>
				<total>1</total>
				<timestamp>809.120256</timestamp>
			</report>
			<report>
				<misses>2190001</misses>
				<total>1</total>
				<timestamp>809.489901</timestamp>
			</report>
			<report>
				<misses>2191001</misses>
				<total>0</total>
				<timestamp>809.859605</timestamp>
			</report>
			<report>
				<misses>2192001</misses>
				<total>1</total>
				<timestamp>810.229213</timestamp>
			</report>
			<report>
				<misses>2193001</misses>
				<total>1</total>
				<timestamp>810.598819</timestamp>
			</report>
			<report>
				<misses>2194001</misses>
				<total>0</total>
				<timestamp>810.968525</timestamp>
			</report>
			<report>
				<misses>2195001</misses>
				<total>1</total>
				<timestamp>811.338058</timestamp>
			</report>
			<report>
				<misses>2196001</misses>
				<total>1</total>
				<timestamp>811.707678</timestamp>
			</report>
			<report>
				<misses>2197001</misses>
				<total>1</total>
				<timestamp>812.077316</timestamp>
			</report>
			<report>
				<misses>2198001</misses>
				<total>1</total>
				<timestamp>812.446924</timestamp>
			</report>
			<report>
				<misses>2199001</misses>
				<total>1</total>
				<timestamp>812.816543</timestamp>
			</report>
			<report>
				<misses>2200001</misses>
				<total>1</total>
				<timestamp>813.186219</timestamp>
			</report>
			<report>
				<misses>2201001</misses>
				<total>1</total>
				<timestamp>813.555808</timestamp>
			</report>
			<report>
				<misses>2202001</misses>
				<total>1</total>
				<timestamp>813.925426</timestamp>
			</report>
			<report>
				<misses>2203001</misses>
				<total>1</total>
				<timestamp>814.295098</timestamp>
			</report>
			<report>
				<misses>2204001</misses>
				<total>1</total>
				<timestamp>814.664734</timestamp>
			</report>
			<report>
				<misses>2205001</misses>
				<total>1</total>
				<timestamp>815.034379</timestamp>
			</report>
			<report>
				<misses>2206001</misses>
				<total>1</total>
				<timestamp>815.404058</timestamp>
			</report>
			<report>
				<misses>2207001</misses>
				<total>1</total>
				<timestamp>815.773622</timestamp>
			</report>
			<report>
				<misses>2208001</misses>
				<total>1</total>
				<timestamp>816.143258</timestamp>
			</report>
			<report>
				<misses>2209001</misses>
				<total>1</total>
				<timestamp>816.512828</timestamp>
			</report>
			<report>
				<misses>2210001</misses>
				<total>1</total>
				<timestamp>816.882470</timestamp>
			</report>
			<report>
				<misses>2211001</misses>
				<total>1</total>
				<timestamp>817.252156</timestamp>
			</report>
			<report>
				<misses>2212001</misses>
				<total>1</total>
				<timestamp>817.621712</timestamp>
			</report>
			<report>
				<misses>2213001</misses>
				<total>1</total>
				<timestamp>817.991360</timestamp>
			</report>
			<report>
				<misses>2214001</misses>
				<total>1</total>
				<timestamp>818.361015</timestamp>
			</report>
			<report>
				<misses>2215001</misses>
				<total>1</total>
				<timestamp>818.730633</timestamp>
			</report>
			<report>
				<misses>2216001</misses>
				<total>1</total>
				<timestamp>819.100318</timestamp>
			</report>
			<report>
				<misses>2217001</misses>
				<total>1</total>
				<timestamp>819.470001</timestamp>
			</report>
			<report>
				<misses>2218001</misses>
				<total>1</total>
				<timestamp>819.839510</timestamp>
			</report>
			<report>
				<misses>2219001</misses>
				<total>1</total>
				<timestamp>820.209219</timestamp>
			</report>
			<report>
				<misses>2220001</misses>
				<total>0</total>
				<timestamp>820.578874</timestamp>
			</report>
			<report>
				<misses>2221001</misses>
				<total>1</total>
				<timestamp>820.948419</timestamp>
			</report>
			<report>
				<misses>2222001</misses>
				<total>1</total>
				<timestamp>821.318039</timestamp>
			</report>
			<report>
				<misses>2223001</misses>
				<total>1</total>
				<timestamp>821.687661</timestamp>
			</report>
			<report>
				<misses>2224001</misses>
				<total>1</total>
				<timestamp>822.057296</timestamp>
			</report>
			<report>
				<misses>2225001</misses>
				<total>1</total>
				<timestamp>822.426950</timestamp>
			</report>
			<report>
				<misses>2226001</misses>
				<total>1</total>
				<timestamp>822.796542</timestamp>
			</report>
			<report>
				<misses>2227001</misses>
				<total>1</total>
				<timestamp>823.166178</timestamp>
			</report>
			<report>
				<misses>2228001</misses>
				<total>1</total>
				<timestamp>823.535838</timestamp>
			</report>
			<report>
				<misses>2229001</misses>
				<total>0</total>
				<timestamp>823.905518</timestamp>
			</report>
			<report>
				<misses>2230001</misses>
				<total>1</total>
				<timestamp>824.275108</timestamp>
			</report>
			<report>
				<misses>2231001</misses>
				<total>0</total>
				<timestamp>824.644809</timestamp>
			</report>
			<report>
				<misses>2232001</misses>
				<total>1</total>
				<timestamp>825.014340</timestamp>
			</report>
			<report>
				<misses>2233001</misses>
				<total>1</total>
				<timestamp>825.383992</timestamp>
			</report>
			<report>
				<misses>2234001</misses>
				<total>1</total>
				<timestamp>825.753584</timestamp>
			</report>
			<report>
				<misses>2235001</misses>
				<total>1</total>
				<timestamp>826.123301</timestamp>
			</report>
			<report>
				<misses>2236001</misses>
				<total>1</total>
				<timestamp>826.492852</timestamp>
			</report>
			<report>
				<misses>2237001</misses>
				<total>1</total>
				<timestamp>826.862522</timestamp>
			</report>
			<report>
				<misses>2238001</misses>
				<total>1</total>
				<timestamp>827.232178</timestamp>
			</report>
			<report>
				<misses>2239001</misses>
				<total>1</total>
				<timestamp>827.601749</timestamp>
			</report>
			<report>
				<misses>2240001</misses>
				<total>1</total>
				<timestamp>827.971383</timestamp>
			</report>
			<report>
				<misses>2241001</misses>
				<total>1</total>
				<timestamp>828.341043</timestamp>
			</report>
			<report>
				<misses>2242001</misses>
				<total>1</total>
				<timestamp>828.710622</timestamp>
			</report>
			<report>
				<misses>2243001</misses>
				<total>0</total>
				<timestamp>829.080389</timestamp>
			</report>
			<report>
				<misses>2244001</misses>
				<total>1</total>
				<timestamp>829.449936</timestamp>
			</report>
			<report>
				<misses>2245001</misses>
				<total>1</total>
				<timestamp>829.819507</timestamp>
			</report>
			<report>
				<misses>2246001</misses>
				<total>1</total>
				<timestamp>830.189188</timestamp>
			</report>
			<report>
				<misses>2247001</misses>
				<total>1</total>
				<timestamp>830.558771</timestamp>
			</report>
			<report>
				<misses>2248001</misses>
				<total>1</total>
				<timestamp>830.928438</timestamp>
			</report>
			<report>
				<misses>2249001</misses>
				<total>1</total>
				<timestamp>831.298066</timestamp>
			</report>
			<report>
				<misses>2250001</misses>
				<total>1</total>
				<timestamp>831.667703</timestamp>
			</report>
			<report>
				<misses>2251001</misses>
				<total>1</total>
				<timestamp>832.037315</timestamp>
			</report>
			<report>
				<misses>2252001</misses>
				<total>1</total>
				<timestamp>832.406948</timestamp>
			</report>
			<report>
				<misses>2253001</misses>
				<total>1</total>
				<timestamp>832.776552</timestamp>
			</report>
			<report>
				<misses>2254001</misses>
				<total>1</total>
				<timestamp>833.146224</timestamp>
			</report>
			<report>
				<misses>2255001</misses>
				<total>1</total>
				<timestamp>833.515916</timestamp>
			</report>
			<report>
				<misses>2256001</misses>
				<total>1</total>
				<timestamp>833.885448</timestamp>
			</report>
			<report>
				<misses>2257001</misses>
				<total>1</total>
				<timestamp>834.255080</timestamp>
			</report>
			<report>
				<misses>2258001</misses>
				<total>1</total>
				<timestamp>834.624701</timestamp>
			</report>
			<report>
				<misses>2259001</misses>
				<total>1</total>
				<timestamp>834.994334</timestamp>
			</report>
			<report>
				<misses>2260001</misses>
				<total>1</total>
				<timestamp>835.364025</timestamp>
			</report>
			<report>
				<misses>2261001</misses>
				<total>1</total>
				<timestamp>835.733592</timestamp>
			</report>
			<report>
				<misses>2262001</misses>
				<total>1</total>
				<timestamp>836.103316</timestamp>
			</report>
			<report>
				<misses>2263001</misses>
				<total>0</total>
				<timestamp>836.472941</timestamp>
			</report>
			<report>
				<misses>2264001</misses>
				<total>0</total>
				<timestamp>836.842608</timestamp>
			</report>
			<report>
				<misses>2265001</misses>
				<total>1</total>
				<timestamp>837.212149</timestamp>
			</report>
			<report>
				<misses>2266001</misses>
				<total>0</total>
				<timestamp>837.581857</timestamp>
			</report>
			<report>
				<misses>2267001</misses>
				<total>1</total>
				<timestamp>837.951373</timestamp>
			</report>
			<report>
				<misses>2268001</misses>
				<total>1</total>
				<timestamp>838.321020</timestamp>
			</report>
			<report>
				<misses>2269001</misses>
				<total>1</total>
				<timestamp>838.690698</timestamp>
			</report>
			<report>
				<misses>2270001</misses>
				<total>1</total>
				<timestamp>839.060265</timestamp>
			</report>
			<report>
				<misses>2271001</misses>
				<total>0</total>
				<timestamp>839.430021</timestamp>
			</report>
			<report>
				<misses>2272001</misses>
				<total>0</total>
				<timestamp>839.799651</timestamp>
			</report>
			<report>
				<misses>2273001</misses>
				<total>1</total>
				<timestamp>840.169166</timestamp>
			</report>
			<report>
				<misses>2274001</misses>
				<total>1</total>
				<timestamp>840.538822</timestamp>
			</report>
			<report>
				<misses>2275001</misses>
				<total>1</total>
				<timestamp>840.908436</timestamp>
			</report>
			<report>
				<misses>2276001</misses>
				<total>1</total>
				<timestamp>841.278064</timestamp>
			</report>
			<report>
				<misses>2277001</misses>
				<total>1</total>
				<timestamp>841.647680</timestamp>
			</report>
			<report>
				<misses>2278001</misses>
				<total>1</total>
				<timestamp>842.017304</timestamp>
			</report>
			<report>
				<misses>2279001</misses>
				<total>1</total>
				<timestamp>842.386995</timestamp>
			</report>
			<report>
				<misses>2280001</misses>
				<total>1</total>
				<timestamp>842.756566</timestamp>
			</report>
			<report>
				<misses>2281001</misses>
				<total>1</total>
				<timestamp>843.126192</timestamp>
			</report>
			<report>
				<misses>2282001</misses>
				<total>1</total>
				<timestamp>843.495842</timestamp>
			</report>
			<report>
				<misses>2283001</misses>
				<total>1</total>
				<timestamp>843.865519</timestamp>
			</report>
			<report>
				<misses>2284001</misses>
				<total>1</total>
				<timestamp>844.235090</timestamp>
			</report>
			<report>
				<misses>2285001</misses>
				<total>1</total>
				<timestamp>844.604822</timestamp>
			</report>
			<report>
				<misses>2286001</misses>
				<total>1</total>
				<timestamp>844.974429</timestamp>
			</report>
			<report>
				<misses>2287001</misses>
				<total>1</total>
				<timestamp>845.344038</timestamp>
			</report>
			<report>
				<misses>2288001</misses>
				<total>1</total>
				<timestamp>845.713607</timestamp>
			</report>
			<report>
				<misses>2289001</misses>
				<total>1</total>
				<timestamp>846.083284</timestamp>
			</report>
			<report>
				<misses>2290001</misses>
				<total>1</total>
				<timestamp>846.452925</timestamp>
			</report>
			<report>
				<misses>2291001</misses>
				<total>1</total>
				<timestamp>846.822498</timestamp>
			</report>
			<report>
				<misses>2292001</misses>
				<total>1</total>
				<timestamp>847.192127</timestamp>
			</report>
			<report>
				<misses>2293001</misses>
				<total>1</total>
				<timestamp>847.561839</timestamp>
			</report>
			<report>
				<misses>2294001</misses>
				<total>1</total>
				<timestamp>847.931397</timestamp>
			</report>
			<report>
				<misses>2295001</misses>
				<total>1</total>
				<timestamp>848.301112</timestamp>
			</report>
			<report>
				<misses>2296001</misses>
				<total>1</total>
				<timestamp>848.670714</timestamp>
			</report>
			<report>
				<misses>2297001</misses>
				<total>0</total>
				<timestamp>849.040376</timestamp>
			</report>
			<report>
				<misses>2298001</misses>
				<total>0</total>
				<timestamp>849.410009</timestamp>
			</report>
			<report>
				<misses>2299001</misses>
				<total>1</total>
				<timestamp>849.779576</timestamp>
			</report>
			<report>
				<misses>2300001</misses>
				<total>1</total>
				<timestamp>850.149175</timestamp>
			</report>
			<report>
				<misses>2301001</misses>
				<total>1</total>
				<timestamp>850.518803</timestamp>
			</report>
			<report>
				<misses>2302001</misses>
				<total>1</total>
				<timestamp>850.888435</timestamp>
			</report>
			<report>
				<misses>2303001</misses>
				<total>1</total>
				<timestamp>851.258065</timestamp>
			</report>
			<report>
				<misses>2304001</misses>
				<total>1</total>
				<timestamp>851.627722</timestamp>
			</report>
			<report>
				<misses>2305001</misses>
				<total>0</total>
				<timestamp>851.997467</timestamp>
			</report>
			<report>
				<misses>2306001</misses>
				<total>1</total>
				<timestamp>852.366940</timestamp>
			</report>
			<report>
				<misses>2307001</misses>
				<total>1</total>
				<timestamp>852.736580</timestamp>
			</report>
			<report>
				<misses>2308001</misses>
				<total>1</total>
				<timestamp>853.106261</timestamp>
			</report>
			<report>
				<misses>2309001</misses>
				<total>0</total>
				<timestamp>853.475954</timestamp>
			</report>
			<report>
				<misses>2310001</misses>
				<total>1</total>
				<timestamp>853.845498</timestamp>
			</report>
			<report>
				<misses>2311001</misses>
				<total>1</total>
				<timestamp>854.215096</timestamp>
			</report>
			<report>
				<misses>2312001</misses>
				<total>1</total>
				<timestamp>854.584768</timestamp>
			</report>
			<report>
				<misses>2313001</misses>
				<total>1</total>
				<timestamp>854.954347</timestamp>
			</report>
			<report>
				<misses>2314001</misses>
				<total>1</total>
				<timestamp>855.324004</timestamp>
			</report>
			<report>
				<misses>2315001</misses>
				<total>1</total>
				<timestamp>855.693684</timestamp>
			</report>
			<report>
				<misses>2316001</misses>
				<total>1</total>
				<timestamp>856.063287</timestamp>
			</report>
			<report>
				<misses>2317001</misses>
				<total>1</total>
				<timestamp>856.432952</timestamp>
			</report>
			<report>
				<misses>2318001</misses>
				<total>1</total>
				<timestamp>856.802521</timestamp>
			</report>
			<report>
				<misses>2319001</misses>
				<total>1</total>
				<timestamp>857.172230</timestamp>
			</report>
			<report>
				<misses>2320001</misses>
				<total>1</total>
				<timestamp>857.541779</timestamp>
			</report>
			<report>
				<misses>2321001</misses>
				<total>1</total>
				<timestamp>857.911401</timestamp>
			</report>
			<report>
				<misses>2322001</misses>
				<total>1</total>
				<timestamp>858.281082</timestamp>
			</report>
			<report>
				<misses>2323001</misses>
				<total>1</total>
				<timestamp>858.650749</timestamp>
			</report>
			<report>
				<misses>2324001</misses>
				<total>1</total>
				<timestamp>859.020301</timestamp>
			</report>
			<report>
				<misses>2325001</misses>
				<total>1</total>
				<timestamp>859.389936</timestamp>
			</report>
			<report>
				<misses>2326001</misses>
				<total>0</total>
				<timestamp>859.759719</timestamp>
			</report>
			<report>
				<misses>2327001</misses>
				<total>1</total>
				<timestamp>860.129190</timestamp>
			</report>
			<report>
				<misses>2328001</misses>
				<total>1</total>
				<timestamp>860.498904</timestamp>
			</report>
			<report>
				<misses>2329001</misses>
				<total>1</total>
				<timestamp>860.868454</timestamp>
			</report>
			<report>
				<misses>2330001</misses>
				<total>1</total>
				<timestamp>861.238081</timestamp>
			</report>
			<report>
				<misses>2331001</misses>
				<total>1</total>
				<timestamp>861.607731</timestamp>
			</report>
			<report>
				<misses>2332001</misses>
				<total>0</total>
				<timestamp>861.977448</timestamp>
			</report>
			<report>
				<misses>2333001</misses>
				<total>1</total>
				<timestamp>862.347007</timestamp>
			</report>
			<report>
				<misses>2334001</misses>
				<total>1</total>
				<timestamp>862.716596</timestamp>
			</report>
			<report>
				<misses>2335001</misses>
				<total>1</total>
				<timestamp>863.086234</timestamp>
			</report>
			<report>
				<misses>2336001</misses>
				<total>1</total>
				<timestamp>863.455896</timestamp>
			</report>
			<report>
				<misses>2337001</misses>
				<total>1</total>
				<timestamp>863.825487</timestamp>
			</report>
			<report>
				<misses>2338001</misses>
				<total>1</total>
				<timestamp>864.195160</timestamp>
			</report>
			<report>
				<misses>2339001</misses>
				<total>1</total>
				<timestamp>864.564777</timestamp>
			</report>
			<report>
				<misses>2340001</misses>
				<total>1</total>
				<timestamp>864.934446</timestamp>
			</report>
			<report>
				<misses>2341001</misses>
				<total>1</total>
				<timestamp>865.304066</timestamp>
			</report>
			<report>
				<misses>2342001</misses>
				<total>1</total>
				<timestamp>865.673640</timestamp>
			</report>
			<report>
				<misses>2343001</misses>
				<total>1</total>
				<timestamp>866.043345</timestamp>
			</report>
			<report>
				<misses>2344001</misses>
				<total>1</total>
				<timestamp>866.412962</timestamp>
			</report>
			<report>
				<misses>2345001</misses>
				<total>1</total>
				<timestamp>866.782579</timestamp>
			</report>
			<report>
				<misses>2346001</misses>
				<total>1</total>
				<timestamp>867.152160</timestamp>
			</report>
			<report>
				<misses>2347001</misses>
				<total>1</total>
				<timestamp>867.521820</timestamp>
			</report>
			<report>
				<misses>2348001</misses>
				<total>1</total>
				<timestamp>867.891486</timestamp>
			</report>
			<report>
				<misses>2349001</misses>
				<total>0</total>
				<timestamp>868.261169</timestamp>
			</report>
			<report>
				<misses>2350001</misses>
				<total>1</total>
				<timestamp>868.630713</timestamp>
			</report>
			<report>
				<misses>2351001</misses>
				<total>1</total>
				<timestamp>869.000332</timestamp>
			</report>
			<report>
				<misses>2352001</misses>
				<total>1</total>
				<timestamp>869.369930</timestamp>
			</report>
			<report>
				<misses>2353001</misses>
				<total>1</total>
				<timestamp>869.739616</timestamp>
			</report>
			<report>
				<misses>2354001</misses>
				<total>1</total>
				<timestamp>870.109181</timestamp>
			</report>
			<report>
				<misses>2355001</misses>
				<total>1</total>
				<timestamp>870.478827</timestamp>
			</report>
			<report>
				<misses>2356001</misses>
				<total>1</total>
				<timestamp>870.848458</timestamp>
			</report>
			<report>
				<misses>2357001</misses>
				<total>1</total>
				<timestamp>871.218159</timestamp>
			</report>
			<report>
				<misses>2358001</misses>
				<total>1</total>
				<timestamp>871.587813</timestamp>
			</report>
			<report>
				<misses>2359001</misses>
				<total>1</total>
				<timestamp>871.957414</timestamp>
			</report>
			<report>
				<misses>2360001</misses>
				<total>1</total>
				<timestamp>872.326967</timestamp>
			</report>
			<report>
				<misses>2361001</misses>
				<total>1</total>
				<timestamp>872.696609</timestamp>
			</report>
			<report>
				<misses>2362001</misses>
				<total>1</total>
				<timestamp>873.066228</timestamp>
			</report>
			<report>
				<misses>2363001</misses>
				<total>1</total>
				<timestamp>873.435865</timestamp>
			</report>
			<report>
				<misses>2364001</misses>
				<total>1</total>
				<timestamp>873.805498</timestamp>
			</report>
			<report>
				<misses>2365001</misses>
				<total>1</total>
				<timestamp>874.175187</timestamp>
			</report>
			<report>
				<misses>2366001</misses>
				<total>1</total>
				<timestamp>874.544793</timestamp>
			</report>
			<report>
				<misses>2367001</misses>
				<total>1</total>
				<timestamp>874.914391</timestamp>
			</report>
			<report>
				<misses>2368001</misses>
				<total>1</total>
				<timestamp>875.284009</timestamp>
			</report>
			<report>
				<misses>2369001</misses>
				<total>1</total>
				<timestamp>875.653687</timestamp>
			</report>
			<report>
				<misses>2370001</misses>
				<total>1</total>
				<timestamp>876.023271</timestamp>
			</report>
			<report>
				<misses>2371001</misses>
				<total>1</total>
				<timestamp>876.392977</timestamp>
			</report>
			<report>
				<misses>2372001</misses>
				<total>1</total>
				<timestamp>876.762523</timestamp>
			</report>
			<report>
				<misses>2373001</misses>
				<total>1</total>
				<timestamp>877.132163</timestamp>
			</report>
			<report>
				<misses>2374001</misses>
				<total>1</total>
				<timestamp>877.501866</timestamp>
			</report>
			<report>
				<misses>2375001</misses>
				<total>0</total>
				<timestamp>877.871533</timestamp>
			</report>
			<report>
				<misses>2376001</misses>
				<total>1</total>
				<timestamp>878.241095</timestamp>
			</report>
			<report>
				<misses>2377001</misses>
				<total>1</total>
				<timestamp>878.610682</timestamp>
			</report>
			<report>
				<misses>2378001</misses>
				<total>1</total>
				<timestamp>878.980303</timestamp>
			</report>
			<report>
				<misses>2379001</misses>
				<total>1</total>
				<timestamp>879.349932</timestamp>
			</report>
			<report>
				<misses>2380001</misses>
				<total>1</total>
				<timestamp>879.719655</timestamp>
			</report>
			<report>
				<misses>2381001</misses>
				<total>1</total>
				<timestamp>880.089254</timestamp>
			</report>
			<report>
				<misses>2382001</misses>
				<total>1</total>
				<timestamp>880.458866</timestamp>
			</report>
			<report>
				<misses>2383001</misses>
				<total>1</total>
				<timestamp>880.828534</timestamp>
			</report>
			<report>
				<misses>2384001</misses>
				<total>1</total>
				<timestamp>881.198090</timestamp>
			</report>
			<report>
				<misses>2385001</misses>
				<total>1</total>
				<timestamp>881.567748</timestamp>
			</report>
			<report>
				<misses>2386001</misses>
				<total>1</total>
				<timestamp>881.937332</timestamp>
			</report>
			<report>
				<misses>2387001</misses>
				<total>1</total>
				<timestamp>882.307078</timestamp>
			</report>
			<report>
				<misses>2388001</misses>
				<total>1</total>
				<timestamp>882.676611</timestamp>
			</report>
			<report>
				<misses>2389001</misses>
				<total>1</total>
				<timestamp>883.046237</timestamp>
			</report>
			<report>
				<misses>2390001</misses>
				<total>1</total>
				<timestamp>883.415919</timestamp>
			</report>
			<report>
				<misses>2391001</misses>
				<total>1</total>
				<timestamp>883.785498</timestamp>
			</report>
			<report>
				<misses>2392001</misses>
				<total>0</total>
				<timestamp>884.155225</timestamp>
			</report>
			<report>
				<misses>2393001</misses>
				<total>1</total>
				<timestamp>884.524769</timestamp>
			</report>
			<report>
				<misses>2394001</misses>
				<total>1</total>
				<timestamp>884.894375</timestamp>
			</report>
			<report>
				<misses>2395001</misses>
				<total>1</total>
				<timestamp>885.264038</timestamp>
			</report>
			<report>
				<misses>2396001</misses>
				<total>0</total>
				<timestamp>885.633736</timestamp>
			</report>
			<report>
				<misses>2397001</misses>
				<total>1</total>
				<timestamp>886.003292</timestamp>
			</report>
			<report>
				<misses>2398001</misses>
				<total>1</total>
				<timestamp>886.372963</timestamp>
			</report>
			<report>
				<misses>2399001</misses>
				<total>1</total>
				<timestamp>886.742611</timestamp>
			</report>
			<report>
				<misses>2400001</misses>
				<total>0</total>
				<timestamp>887.112302</timestamp>
			</report>
			<report>
				<misses>2401001</misses>
				<total>1</total>
				<timestamp>887.481816</timestamp>
			</report>
			<report>
				<misses>2402001</misses>
				<total>1</total>
				<timestamp>887.851424</timestamp>
			</report>
			<report>
				<misses>2403001</misses>
				<total>1</total>
				<timestamp>888.221071</timestamp>
			</report>
			<report>
				<misses>2404001</misses>
				<total>1</total>
				<timestamp>888.590750</timestamp>
			</report>
			<report>
				<misses>2405001</misses>
				<total>1</total>
				<timestamp>888.960322</timestamp>
			</report>
			<report>
				<misses>2406001</misses>
				<total>1</total>
				<timestamp>889.329982</timestamp>
			</report>
			<report>
				<misses>2407001</misses>
				<total>1</total>
				<timestamp>889.699673</timestamp>
			</report>
			<report>
				<misses>2408001</misses>
				<total>1</total>
				<timestamp>890.069203</timestamp>
			</report>
			<report>
				<misses>2409001</misses>
				<total>0</total>
				<timestamp>890.438941</timestamp>
			</report>
			<report>
				<misses>2410001</misses>
				<total>1</total>
				<timestamp>890.808485</timestamp>
			</report>
			<report>
				<misses>2411001</misses>
				<total>1</total>
				<timestamp>891.178166</timestamp>
			</report>
			<report>
				<misses>2412001</misses>
				<total>1</total>
				<timestamp>891.547731</timestamp>
			</report>
			<report>
				<misses>2413001</misses>
				<total>1</total>
				<timestamp>891.917356</timestamp>
			</report>
			<report>
				<misses>2414001</misses>
				<total>0</total>
				<timestamp>892.287079</timestamp>
			</report>
			<report>
				<misses>2415001</misses>
				<total>0</total>
				<timestamp>892.656716</timestamp>
			</report>
			<report>
				<misses>2416001</misses>
				<total>1</total>
				<timestamp>893.026308</timestamp>
			</report>
			<report>
				<misses>2417001</misses>
				<total>1</total>
				<timestamp>893.395921</timestamp>
			</report>
			<report>
				<misses>2418001</misses>
				<total>1</total>
				<timestamp>893.765526</timestamp>
			</report>
			<report>
				<misses>2419001</misses>
				<total>1</total>
				<timestamp>894.135173</timestamp>
			</report>
			<report>
				<misses>2420001</misses>
				<total>1</total>
				<timestamp>894.504758</timestamp>
			</report>
			<report>
				<misses>2421001</misses>
				<total>1</total>
				<timestamp>894.874437</timestamp>
			</report>
			<report>
				<misses>2422001</misses>
				<total>1</total>
				<timestamp>895.244096</timestamp>
			</report>
			<report>
				<misses>2423001</misses>
				<total>1</total>
				<timestamp>895.613681</timestamp>
			</report>
			<report>
				<misses>2424001</misses>
				<total>1</total>
				<timestamp>895.983307</timestamp>
			</report>
			<report>
				<misses>2425001</misses>
				<total>1</total>
				<timestamp>896.352905</timestamp>
			</report>
			<report>
				<misses>2426001</misses>
				<total>1</total>
				<timestamp>896.722565</timestamp>
			</report>
			<report>
				<misses>2427001</misses>
				<total>1</total>
				<timestamp>897.092241</timestamp>
			</report>
			<report>
				<misses>2428001</misses>
				<total>1</total>
				<timestamp>897.461856</timestamp>
			</report>
			<report>
				<misses>2429001</misses>
				<total>1</total>
				<timestamp>897.831524</timestamp>
			</report>
			<report>
				<misses>2430001</misses>
				<total>1</total>
				<timestamp>898.201051</timestamp>
			</report>
			<report>
				<misses>2431001</misses>
				<total>1</total>
				<timestamp>898.570751</timestamp>
			</report>
			<report>
				<misses>2432001</misses>
				<total>1</total>
				<timestamp>898.940356</timestamp>
			</report>
			<report>
				<misses>2433001</misses>
				<total>0</total>
				<timestamp>899.310049</timestamp>
			</report>
			<report>
				<misses>2434001</misses>
				<total>1</total>
				<timestamp>899.679598</timestamp>
			</report>
			<report>
				<misses>2435001</misses>
				<total>1</total>
				<timestamp>900.049262</timestamp>
			</report>
			<report>
				<misses>2436001</misses>
				<total>1</total>
				<timestamp>900.418850</timestamp>
			</report>
			<report>
				<misses>2437001</misses>
				<total>1</total>
				<timestamp>900.788531</timestamp>
			</report>
			<report>
				<misses>2438001</misses>
				<total>0</total>
				<timestamp>901.158230</timestamp>
			</report>
			<report>
				<misses>2439001</misses>
				<total>1</total>
				<timestamp>901.527789</timestamp>
			</report>
			<report>
				<misses>2440001</misses>
				<total>1</total>
				<timestamp>901.897359</timestamp>
			</report>
			<report>
				<misses>2441001</misses>
				<total>1</total>
				<timestamp>902.267070</timestamp>
			</report>
			<report>
				<misses>2442001</misses>
				<total>1</total>
				<timestamp>902.636693</timestamp>
			</report>
			<report>
				<misses>2443001</misses>
				<total>1</total>
				<timestamp>903.006303</timestamp>
			</report>
			<report>
				<misses>2444001</misses>
				<total>1</total>
				<timestamp>903.375886</timestamp>
			</report>
			<report>
				<misses>2445001</misses>
				<total>1</total>
				<timestamp>903.745517</timestamp>
			</report>
			<report>
				<misses>2446001</misses>
				<total>1</total>
				<timestamp>904.115192</timestamp>
			</report>
			<report>
				<misses>2447001</misses>
				<total>1</total>
				<timestamp>904.484798</timestamp>
			</report>
			<report>
				<misses>2448001</misses>
				<total>1</total>
				<timestamp>904.854460</timestamp>
			</report>
			<report>
				<misses>2449001</misses>
				<total>1</total>
				<timestamp>905.224126</timestamp>
			</report>
			<report>
				<misses>2450001</misses>
				<total>1</total>
				<timestamp>905.593720</timestamp>
			</report>
			<report>
				<misses>2451001</misses>
				<total>0</total>
				<timestamp>905.963406</timestamp>
			</report>
			<report>
				<misses>2452001</misses>
				<total>1</total>
				<timestamp>906.333009</timestamp>
			</report>
			<report>
				<misses>2453001</misses>
				<total>1</total>
				<timestamp>906.702587</timestamp>
			</report>
			<report>
				<misses>2454001</misses>
				<total>1</total>
				<timestamp>907.072194</timestamp>
			</report>
			<report>
				<misses>2455001</misses>
				<total>1</total>
				<timestamp>907.441804</timestamp>
			</report>
			<report>
				<misses>2456001</misses>
				<total>1</total>
				<timestamp>907.811472</timestamp>
			</report>
			<report>
				<misses>2457001</misses>
				<total>1</total>
				<timestamp>908.181135</timestamp>
			</report>
			<report>
				<misses>2458001</misses>
				<total>1</total>
				<timestamp>908.550723</timestamp>
			</report>
			<report>
				<misses>2459001</misses>
				<total>1</total>
				<timestamp>908.920333</timestamp>
			</report>
			<report>
				<misses>2460001</misses>
				<total>1</total>
				<timestamp>909.289966</timestamp>
			</report>
			<report>
				<misses>2461001</misses>
				<total>1</total>
				<timestamp>909.659602</timestamp>
			</report>
			<report>
				<misses>2462001</misses>
				<total>1</total>
				<timestamp>910.029299</timestamp>
			</report>
			<report>
				<misses>2463001</misses>
				<total>1</total>
				<timestamp>910.398863</timestamp>
			</report>
			<report>
				<misses>2464001</misses>
				<total>1</total>
				<timestamp>910.768554</timestamp>
			</report>
			<report>
				<misses>2465001</misses>
				<total>1</total>
				<timestamp>911.138188</timestamp>
			</report>
			<report>
				<misses>2466001</misses>
				<total>1</total>
				<timestamp>911.507800</timestamp>
			</report>
			<report>
				<misses>2467001</misses>
				<total>1</total>
				<timestamp>911.877389</timestamp>
			</report>
			<report>
				<misses>2468001</misses>
				<total>0</total>
				<timestamp>912.247121</timestamp>
			</report>
			<report>
				<misses>2469001</misses>
				<total>1</total>
				<timestamp>912.616650</timestamp>
			</report>
			<report>
				<misses>2470001</misses>
				<total>1</total>
				<timestamp>912.986298</timestamp>
			</report>
			<report>
				<misses>2471001</misses>
				<total>1</total>
				<timestamp>913.355900</timestamp>
			</report>
			<report>
				<misses>2472001</misses>
				<total>1</total>
				<timestamp>913.725548</timestamp>
			</report>
			<report>
				<misses>2473001</misses>
				<total>1</total>
				<timestamp>914.095196</timestamp>
			</report>
			<report>
				<misses>2474001</misses>
				<total>1</total>
				<timestamp>914.464786</timestamp>
			</report>
			<report>
				<misses>2475001</misses>
				<total>1</total>
				<timestamp>914.834438</timestamp>
			</report>
			<report>
				<misses>2476001</misses>
				<total>1</total>
				<timestamp>915.204128</timestamp>
			</report>
			<report>
				<misses>2477001</misses>
				<total>1</total>
				<timestamp>915.573700</timestamp>
			</report>
			<report>
				<misses>2478001</misses>
				<total>1</total>
				<timestamp>915.943308</timestamp>
			</report>
			<report>
				<misses>2479001</misses>
				<total>1</total>
				<timestamp>916.312934</timestamp>
			</report>
			<report>
				<misses>2480001</misses>
				<total>1</total>
				<timestamp>916.682616</timestamp>
			</report>
			<report>
				<misses>2481001</misses>
				<total>1</total>
				<timestamp>917.052190</timestamp>
			</report>
			<report>
				<misses>2482001</misses>
				<total>1</total>
				<timestamp>917.421865</timestamp>
			</report>
			<report>
				<misses>2483001</misses>
				<total>1</total>
				<timestamp>917.791482</timestamp>
			</report>
			<report>
				<misses>2484001</misses>
				<total>1</total>
				<timestamp>918.161080</timestamp>
			</report>
			<report>
				<misses>2485001</misses>
				<total>1</total>
				<timestamp>918.530753</timestamp>
			</report>
			<report>
				<misses>2486001</misses>
				<total>1</total>
				<timestamp>918.900385</timestamp>
			</report>
			<report>
				<misses>2487001</misses>
				<total>1</total>
				<timestamp>919.269981</timestamp>
			</report>
			<report>
				<misses>2488001</misses>
				<total>1</total>
				<timestamp>919.639674</timestamp>
			</report>
			<report>
				<misses>2489001</misses>
				<total>1</total>
				<timestamp>920.009223</timestamp>
			</report>
			<report>
				<misses>2490001</misses>
				<total>1</total>
				<timestamp>920.378864</timestamp>
			</report>
			<report>
				<misses>2491001</misses>
				<total>1</total>
				<timestamp>920.748514</timestamp>
			</report>
			<report>
				<misses>2492001</misses>
				<total>1</total>
				<timestamp>921.118179</timestamp>
			</report>
			<report>
				<misses>2493001</misses>
				<total>1</total>
				<timestamp>921.487756</timestamp>
			</report>
			<report>
				<misses>2494001</misses>
				<total>1</total>
				<timestamp>921.857382</timestamp>
			</report>
			<report>
				<misses>2495001</misses>
				<total>1</total>
				<timestamp>922.227041</timestamp>
			</report>
			<report>
				<misses>2496001</misses>
				<total>1</total>
				<timestamp>922.596688</timestamp>
			</report>
			<report>
				<misses>2497001</misses>
				<total>1</total>
				<timestamp>922.966280</timestamp>
			</report>
			<report>
				<misses>2498001</misses>
				<total>1</total>
				<timestamp>923.335924</timestamp>
			</report>
			<report>
				<misses>2499001</misses>
				<total>1</total>
				<timestamp>923.705592</timestamp>
			</report>
			<report>
				<misses>2500001</misses>
				<total>1</total>
				<timestamp>924.075177</timestamp>
			</report>
			<report>
				<misses>2501001</misses>
				<total>1</total>
				<timestamp>924.444791</timestamp>
			</report>
			<report>
				<misses>2502001</misses>
				<total>1</total>
				<timestamp>924.814471</timestamp>
			</report>
			<report>
				<misses>2503001</misses>
				<total>1</total>
				<timestamp>925.184062</timestamp>
			</report>
			<report>
				<misses>2504001</misses>
				<total>1</total>
				<timestamp>925.553707</timestamp>
			</report>
			<report>
				<misses>2505001</misses>
				<total>1</total>
				<timestamp>925.923336</timestamp>
			</report>
			<report>
				<misses>2506001</misses>
				<total>1</total>
				<timestamp>926.292965</timestamp>
			</report>
			<report>
				<misses>2507001</misses>
				<total>1</total>
				<timestamp>926.662645</timestamp>
			</report>
			<report>
				<misses>2508001</misses>
				<total>1</total>
				<timestamp>927.032211</timestamp>
			</report>
			<report>
				<misses>2509001</misses>
				<total>1</total>
				<timestamp>927.401866</timestamp>
			</report>
			<report>
				<misses>2510001</misses>
				<total>0</total>
				<timestamp>927.771588</timestamp>
			</report>
			<report>
				<misses>2511001</misses>
				<total>1</total>
				<timestamp>928.141141</timestamp>
			</report>
			<report>
				<misses>2512001</misses>
				<total>1</total>
				<timestamp>928.510749</timestamp>
			</report>
			<report>
				<misses>2513001</misses>
				<total>1</total>
				<timestamp>928.880391</timestamp>
			</report>
			<report>
				<misses>2514001</misses>
				<total>1</total>
				<timestamp>929.249999</timestamp>
			</report>
			<report>
				<misses>2515001</misses>
				<total>1</total>
				<timestamp>929.619616</timestamp>
			</report>
			<report>
				<misses>2516001</misses>
				<total>1</total>
				<timestamp>929.989300</timestamp>
			</report>
			<report>
				<misses>2517001</misses>
				<total>1</total>
				<timestamp>930.358943</timestamp>
			</report>
			<report>
				<misses>2518001</misses>
				<total>1</total>
				<timestamp>930.728539</timestamp>
			</report>
			<report>
				<misses>2519001</misses>
				<total>1</total>
				<timestamp>931.098156</timestamp>
			</report>
			<report>
				<misses>2520001</misses>
				<total>1</total>
				<timestamp>931.467788</timestamp>
			</report>
			<report>
				<misses>2521001</misses>
				<total>1</total>
				<timestamp>931.837424</timestamp>
			</report>
			<report>
				<misses>2522001</misses>
				<total>1</total>
				<timestamp>932.207117</timestamp>
			</report>
			<report>
				<misses>2523001</misses>
				<total>1</total>
				<timestamp>932.576735</timestamp>
			</report>
			<report>
				<misses>2524001</misses>
				<total>0</total>
				<timestamp>932.946418</timestamp>
			</report>
			<report>
				<misses>2525001</misses>
				<total>0</total>
				<timestamp>933.316028</timestamp>
			</report>
			<report>
				<misses>2526001</misses>
				<total>1</total>
				<timestamp>933.685607</timestamp>
			</report>
			<report>
				<misses>2527001</misses>
				<total>1</total>
				<timestamp>934.055260</timestamp>
			</report>
			<report>
				<misses>2528001</misses>
				<total>1</total>
				<timestamp>934.424865</timestamp>
			</report>
			<report>
				<misses>2529001</misses>
				<total>1</total>
				<timestamp>934.794469</timestamp>
			</report>
			<report>
				<misses>2530001</misses>
				<total>1</total>
				<timestamp>935.164074</timestamp>
			</report>
			<report>
				<misses>2531001</misses>
				<total>1</total>
				<timestamp>935.533792</timestamp>
			</report>
			<report>
				<misses>2532001</misses>
				<total>1</total>
				<timestamp>935.903356</timestamp>
			</report>
			<report>
				<misses>2533001</misses>
				<total>1</total>
				<timestamp>936.272973</timestamp>
			</report>
			<report>
				<misses>2534001</misses>
				<total>1</total>
				<timestamp>936.642635</timestamp>
			</report>
			<report>
				<misses>2535001</misses>
				<total>1</total>
				<timestamp>937.012301</timestamp>
			</report>
			<report>
				<misses>2536001</misses>
				<total>1</total>
				<timestamp>937.381903</timestamp>
			</report>
			<report>
				<misses>2537001</misses>
				<total>1</total>
				<timestamp>937.751491</timestamp>
			</report>
			<report>
				<misses>2538001</misses>
				<total>1</total>
				<timestamp>938.121120</timestamp>
			</report>
			<report>
				<misses>2539001</misses>
				<total>1</total>
				<timestamp>938.490798</timestamp>
			</report>
			<report>
				<misses>2540001</misses>
				<total>1</total>
				<timestamp>938.860399</timestamp>
			</report>
			<report>
				<misses>2541001</misses>
				<total>0</total>
				<timestamp>939.230119</timestamp>
			</report>
			<report>
				<misses>2542001</misses>
				<total>1</total>
				<timestamp>939.599628</timestamp>
			</report>
			<report>
				<misses>2543001</misses>
				<total>1</total>
				<timestamp>939.969287</timestamp>
			</report>
			<report>
				<misses>2544001</misses>
				<total>1</total>
				<timestamp>940.338899</timestamp>
			</report>
			<report>
				<misses>2545001</misses>
				<total>1</total>
				<timestamp>940.708540</timestamp>
			</report>
			<report>
				<misses>2546001</misses>
				<total>1</total>
				<timestamp>941.078203</timestamp>
			</report>
			<report>
				<misses>2547001</misses>
				<total>1</total>
				<timestamp>941.447793</timestamp>
			</report>
			<report>
				<misses>2548001</misses>
				<total>1</total>
				<timestamp>941.817443</timestamp>
			</report>
			<report>
				<misses>2549001</misses>
				<total>1</total>
				<timestamp>942.187064</timestamp>
			</report>
			<report>
				<misses>2550001</misses>
				<total>0</total>
				<timestamp>942.556770</timestamp>
			</report>
			<report>
				<misses>2551001</misses>
				<total>1</total>
				<timestamp>942.926356</timestamp>
			</report>
			<report>
				<misses>2552001</misses>
				<total>1</total>
				<timestamp>943.296011</timestamp>
			</report>
			<report>
				<misses>2553001</misses>
				<total>1</total>
				<timestamp>943.665594</timestamp>
			</report>
			<report>
				<misses>2554001</misses>
				<total>1</total>
				<timestamp>944.035197</timestamp>
			</report>
			<report>
				<misses>2555001</misses>
				<total>1</total>
				<timestamp>944.404822</timestamp>
			</report>
			<report>
				<misses>2556001</misses>
				<total>1</total>
				<timestamp>944.774451</timestamp>
			</report>
			<report>
				<misses>2557001</misses>
				<total>1</total>
				<timestamp>945.144075</timestamp>
			</report>
			<report>
				<misses>2558001</misses>
				<total>1</total>
				<timestamp>945.513735</timestamp>
			</report>
			<report>
				<misses>2559001</misses>
				<total>1</total>
				<timestamp>945.883361</timestamp>
			</report>
			<report>
				<misses>2560001</misses>
				<total>1</total>
				<timestamp>946.253031</timestamp>
			</report>
			<report>
				<misses>2561001</misses>
				<total>1</total>
				<timestamp>946.622670</timestamp>
			</report>
			<report>
				<misses>2562001</misses>
				<total>1</total>
				<timestamp>946.992284</timestamp>
			</report>
			<report>
				<misses>2563001</misses>
				<total>1</total>
				<timestamp>947.361935</timestamp>
			</report>
			<report>
				<misses>2564001</misses>
				<total>1</total>
				<timestamp>947.731541</timestamp>
			</report>
			<report>
				<misses>2565001</misses>
				<total>1</total>
				<timestamp>948.101228</timestamp>
			</report>
			<report>
				<misses>2566001</misses>
				<total>0</total>
				<timestamp>948.470863</timestamp>
			</report>
			<report>
				<misses>2567001</misses>
				<total>1</total>
				<timestamp>948.840388</timestamp>
			</report>
			<report>
				<misses>2568001</misses>
				<total>1</total>
				<timestamp>949.210137</timestamp>
			</report>
			<report>
				<misses>2569001</misses>
				<total>0</total>
				<timestamp>949.579730</timestamp>
			</report>
			<report>
				<misses>2570001</misses>
				<total>1</total>
				<timestamp>949.949311</timestamp>
			</report>
			<report>
				<misses>2571001</misses>
				<total>1</total>
				<timestamp>950.318974</timestamp>
			</report>
			<report>
				<misses>2572001</misses>
				<total>1</total>
				<timestamp>950.688593</timestamp>
			</report>
			<report>
				<misses>2573001</misses>
				<total>1</total>
				<timestamp>951.058201</timestamp>
			</report>
			<report>
				<misses>2574001</misses>
				<total>1</total>
				<timestamp>951.427808</timestamp>
			</report>
			<report>
				<misses>2575001</misses>
				<total>1</total>
				<timestamp>951.797419</timestamp>
			</report>
			<report>
				<misses>2576001</misses>
				<total>1</total>
				<timestamp>952.167071</timestamp>
			</report>
			<report>
				<misses>2577001</misses>
				<total>0</total>
				<timestamp>952.536819</timestamp>
			</report>
			<report>
				<misses>2578001</misses>
				<total>1</total>
				<timestamp>952.906336</timestamp>
			</report>
			<report>
				<misses>2579001</misses>
				<total>1</total>
				<timestamp>953.275956</timestamp>
			</report>
			<report>
				<misses>2580001</misses>
				<total>1</total>
				<timestamp>953.645571</timestamp>
			</report>
			<report>
				<misses>2581001</misses>
				<total>1</total>
				<timestamp>954.015190</timestamp>
			</report>
			<report>
				<misses>2582001</misses>
				<total>1</total>
				<timestamp>954.384825</timestamp>
			</report>
			<report>
				<misses>2583001</misses>
				<total>1</total>
				<timestamp>954.754517</timestamp>
			</report>
			<report>
				<misses>2584001</misses>
				<total>1</total>
				<timestamp>955.124088</timestamp>
			</report>
			<report>
				<misses>2585001</misses>
				<total>1</total>
				<timestamp>955.493758</timestamp>
			</report>
			<report>
				<misses>2586001</misses>
				<total>1</total>
				<timestamp>955.863385</timestamp>
			</report>
			<report>
				<misses>2587001</misses>
				<total>1</total>
				<timestamp>956.232985</timestamp>
			</report>
			<report>
				<misses>2588001</misses>
				<total>1</total>
				<timestamp>956.602607</timestamp>
			</report>
			<report>
				<misses>2589001</misses>
				<total>1</total>
				<timestamp>956.972269</timestamp>
			</report>
			<report>
				<misses>2590001</misses>
				<total>1</total>
				<timestamp>957.341951</timestamp>
			</report>
			<report>
				<misses>2591001</misses>
				<total>1</total>
				<timestamp>957.711537</timestamp>
			</report>
			<report>
				<misses>2592001</misses>
				<total>1</total>
				<timestamp>958.081209</timestamp>
			</report>
			<report>
				<misses>2593001</misses>
				<total>1</total>
				<timestamp>958.450833</timestamp>
			</report>
			<report>
				<misses>2594001</misses>
				<total>1</total>
				<timestamp>958.820448</timestamp>
			</report>
			<report>
				<misses>2595001</misses>
				<total>1</total>
				<timestamp>959.190068</timestamp>
			</report>
			<report>
				<misses>2596001</misses>
				<total>1</total>
				<timestamp>959.559646</timestamp>
			</report>
			<report>
				<misses>2597001</misses>
				<total>1</total>
				<timestamp>959.929337</timestamp>
			</report>
			<report>
				<misses>2598001</misses>
				<total>1</total>
				<timestamp>960.298960</timestamp>
			</report>
			<report>
				<misses>2599001</misses>
				<total>1</total>
				<timestamp>960.668551</timestamp>
			</report>
			<report>
				<misses>2600001</misses>
				<total>1</total>
				<timestamp>961.038260</timestamp>
			</report>
			<report>
				<misses>2601001</misses>
				<total>0</total>
				<timestamp>961.407910</timestamp>
			</report>
			<report>
				<misses>2602001</misses>
				<total>1</total>
				<timestamp>961.777442</timestamp>
			</report>
			<report>
				<misses>2603001</misses>
				<total>1</total>
				<timestamp>962.147115</timestamp>
			</report>
			<report>
				<misses>2604001</misses>
				<total>1</total>
				<timestamp>962.516697</timestamp>
			</report>
			<report>
				<misses>2605001</misses>
				<total>1</total>
				<timestamp>962.886339</timestamp>
			</report>
			<report>
				<misses>2606001</misses>
				<total>1</total>
				<timestamp>963.256029</timestamp>
			</report>
			<report>
				<misses>2607001</misses>
				<total>1</total>
				<timestamp>963.625570</timestamp>
			</report>
			<report>
				<misses>2608001</misses>
				<total>1</total>
				<timestamp>963.995249</timestamp>
			</report>
			<report>
				<misses>2609001</misses>
				<total>1</total>
				<timestamp>964.364828</timestamp>
			</report>
			<report>
				<misses>2610001</misses>
				<total>1</total>
				<timestamp>964.734470</timestamp>
			</report>
			<report>
				<misses>2611001</misses>
				<total>1</total>
				<timestamp>965.104148</timestamp>
			</report>
			<report>
				<misses>2612001</misses>
				<total>1</total>
				<timestamp>965.473776</timestamp>
			</report>
			<report>
				<misses>2613001</misses>
				<total>1</total>
				<timestamp>965.843351</timestamp>
			</report>
			<report>
				<misses>2614001</misses>
				<total>1</total>
				<timestamp>966.213036</timestamp>
			</report>
			<report>
				<misses>2615001</misses>
				<total>1</total>
				<timestamp>966.582670</timestamp>
			</report>
			<report>
				<misses>2616001</misses>
				<total>1</total>
				<timestamp>966.952284</timestamp>
			</report>
			<report>
				<misses>2617001</misses>
				<total>0</total>
				<timestamp>967.321972</timestamp>
			</report>
			<report>
				<misses>2618001</misses>
				<total>1</total>
				<timestamp>967.691515</timestamp>
			</report>
			<report>
				<misses>2619001</misses>
				<total>1</total>
				<timestamp>968.061222</timestamp>
			</report>
			<report>
				<misses>2620001</misses>
				<total>1</total>
				<timestamp>968.430828</timestamp>
			</report>
			<report>
				<misses>2621001</misses>
				<total>1</total>
				<timestamp>968.800386</timestamp>
			</report>
			<report>
				<misses>2622001</misses>
				<total>1</total>
				<timestamp>969.170055</timestamp>
			</report>
			<report>
				<misses>2623001</misses>
				<total>1</total>
				<timestamp>969.539659</timestamp>
			</report>
			<report>
				<misses>2624001</misses>
				<total>1</total>
				<timestamp>969.909351</timestamp>
			</report>
			<report>
				<misses>2625001</misses>
				<total>1</total>
				<timestamp>970.278935</timestamp>
			</report>
			<report>
				<misses>2626001</misses>
				<total>1</total>
				<timestamp>970.648543</timestamp>
			</report>
			<report>
				<misses>2627001</misses>
				<total>1</total>
				<timestamp>971.018213</timestamp>
			</report>
			<report>
				<misses>2628001</misses>
				<total>1</total>
				<timestamp>971.387805</timestamp>
			</report>
			<report>
				<misses>2629001</misses>
				<total>1</total>
				<timestamp>971.757464</timestamp>
			</report>
			<report>
				<misses>2630001</misses>
				<total>1</total>
				<timestamp>972.127084</timestamp>
			</report>
			<report>
				<misses>2631001</misses>
				<total>1</total>
				<timestamp>972.496693</timestamp>
			</report>
			<report>
				<misses>2632001</misses>
				<total>1</total>
				<timestamp>972.866410</timestamp>
			</report>
			<report>
				<misses>2633001</misses>
				<total>1</total>
				<timestamp>973.235964</timestamp>
			</report>
			<report>
				<misses>2634001</misses>
				<total>1</total>
				<timestamp>973.605572</timestamp>
			</report>
			<report>
				<misses>2635001</misses>
				<total>1</total>
				<timestamp>973.975239</timestamp>
			</report>
			<report>
				<misses>2636001</misses>
				<total>1</total>
				<timestamp>974.344842</timestamp>
			</report>
			<report>
				<misses>2637001</misses>
				<total>1</total>
				<timestamp>974.714477</timestamp>
			</report>
			<report>
				<misses>2638001</misses>
				<total>1</total>
				<timestamp>975.084173</timestamp>
			</report>
			<report>
				<misses>2639001</misses>
				<total>1</total>
				<timestamp>975.453809</timestamp>
			</report>
			<report>
				<misses>2640001</misses>
				<total>1</total>
				<timestamp>975.823395</timestamp>
			</report>
			<report>
				<misses>2641001</misses>
				<total>1</total>
				<timestamp>976.193033</timestamp>
			</report>
			<report>
				<misses>2642001</misses>
				<total>1</total>
				<timestamp>976.562633</timestamp>
			</report>
			<report>
				<misses>2643001</misses>
				<total>1</total>
				<timestamp>976.932321</timestamp>
			</report>
			<report>
				<misses>2644001</misses>
				<total>1</total>
				<timestamp>977.301896</timestamp>
			</report>
			<report>
				<misses>2645001</misses>
				<total>1</total>
				<timestamp>977.671539</timestamp>
			</report>
			<report>
				<misses>2646001</misses>
				<total>1</total>
				<timestamp>978.041160</timestamp>
			</report>
			<report>
				<misses>2647001</misses>
				<total>1</total>
				<timestamp>978.410828</timestamp>
			</report>
			<report>
				<misses>2648001</misses>
				<total>0</total>
				<timestamp>978.780515</timestamp>
			</report>
			<report>
				<misses>2649001</misses>
				<total>1</total>
				<timestamp>979.150125</timestamp>
			</report>
			<report>
				<misses>2650001</misses>
				<total>1</total>
				<timestamp>979.519706</timestamp>
			</report>
			<report>
				<misses>2651001</misses>
				<total>1</total>
				<timestamp>979.889312</timestamp>
			</report>
			<report>
				<misses>2652001</misses>
				<total>1</total>
				<timestamp>980.258953</timestamp>
			</report>
			<report>
				<misses>2653001</misses>
				<total>1</total>
				<timestamp>980.628578</timestamp>
			</report>
			<report>
				<misses>2654001</misses>
				<total>1</total>
				<timestamp>980.998182</timestamp>
			</report>
			<report>
				<misses>2655001</misses>
				<total>1</total>
				<timestamp>981.367817</timestamp>
			</report>
			<report>
				<misses>2656001</misses>
				<total>1</total>
				<timestamp>981.737441</timestamp>
			</report>
			<report>
				<misses>2657001</misses>
				<total>0</total>
				<timestamp>982.107172</timestamp>
			</report>
			<report>
				<misses>2658001</misses>
				<total>0</total>
				<timestamp>982.476810</timestamp>
			</report>
			<report>
				<misses>2659001</misses>
				<total>1</total>
				<timestamp>982.846369</timestamp>
			</report>
			<report>
				<misses>2660001</misses>
				<total>1</total>
				<timestamp>983.216005</timestamp>
			</report>
			<report>
				<misses>2661001</misses>
				<total>1</total>
				<timestamp>983.585599</timestamp>
			</report>
			<report>
				<misses>2662001</misses>
				<total>1</total>
				<timestamp>983.955236</timestamp>
			</report>
			<report>
				<misses>2663001</misses>
				<total>1</total>
				<timestamp>984.324874</timestamp>
			</report>
			<report>
				<misses>2664001</misses>
				<total>1</total>
				<timestamp>984.694482</timestamp>
			</report>
			<report>
				<misses>2665001</misses>
				<total>1</total>
				<timestamp>985.064158</timestamp>
			</report>
			<report>
				<misses>2666001</misses>
				<total>0</total>
				<timestamp>985.433867</timestamp>
			</report>
			<report>
				<misses>2667001</misses>
				<total>1</total>
				<timestamp>985.803415</timestamp>
			</report>
			<report>
				<misses>2668001</misses>
				<total>1</total>
				<timestamp>986.173024</timestamp>
			</report>
			<report>
				<misses>2669001</misses>
				<total>1</total>
				<timestamp>986.542643</timestamp>
			</report>
			<report>
				<misses>2670001</misses>
				<total>0</total>
				<timestamp>986.912364</timestamp>
			</report>
			<report>
				<misses>2671001</misses>
				<total>0</total>
				<timestamp>987.282021</timestamp>
			</report>
			<report>
				<misses>2672001</misses>
				<total>1</total>
				<timestamp>987.651536</timestamp>
			</report>
			<report>
				<misses>2673001</misses>
				<total>1</total>
				<timestamp>988.021182</timestamp>
			</report>
			<report>
				<misses>2674001</misses>
				<total>1</total>
				<timestamp>988.390775</timestamp>
			</report>
			<report>
				<misses>2675001</misses>
				<total>1</total>
				<timestamp>988.760462</timestamp>
			</report>
			<report>
				<misses>2676001</misses>
				<total>1</total>
				<timestamp>989.130111</timestamp>
			</report>
			<report>
				<misses>2677001</misses>
				<total>1</total>
				<timestamp>989.499766</timestamp>
			</report>
			<report>
				<misses>2678001</misses>
				<total>0</total>
				<timestamp>989.869406</timestamp>
			</report>
			<report>
				<misses>2679001</misses>
				<total>1</total>
				<timestamp>990.238968</timestamp>
			</report>
			<report>
				<misses>2680001</misses>
				<total>1</total>
				<timestamp>990.608592</timestamp>
			</report>
			<report>
				<misses>2681001</misses>
				<total>1</total>
				<timestamp>990.978216</timestamp>
			</report>
			<report>
				<misses>2682001</misses>
				<total>1</total>
				<timestamp>991.347844</timestamp>
			</report>
			<report>
				<misses>2683001</misses>
				<total>1</total>
				<timestamp>991.717460</timestamp>
			</report>
			<report>
				<misses>2684001</misses>
				<total>0</total>
				<timestamp>992.087200</timestamp>
			</report>
			<report>
				<misses>2685001</misses>
				<total>1</total>
				<timestamp>992.456787</timestamp>
			</report>
			<report>
				<misses>2686001</misses>
				<total>1</total>
				<timestamp>992.826431</timestamp>
			</report>
			<report>
				<misses>2687001</misses>
				<total>1</total>
				<timestamp>993.196079</timestamp>
			</report>
			<report>
				<misses>2688001</misses>
				<total>1</total>
				<timestamp>993.565632</timestamp>
			</report>
			<report>
				<misses>2689001</misses>
				<total>1</total>
				<timestamp>993.935245</timestamp>
			</report>
			<report>
				<misses>2690001</misses>
				<total>1</total>
				<timestamp>994.304921</timestamp>
			</report>
			<report>
				<misses>2691001</misses>
				<total>1</total>
				<timestamp>994.674559</timestamp>
			</report>
			<report>
				<misses>2692001</misses>
				<total>1</total>
				<timestamp>995.044148</timestamp>
			</report>
			<report>
				<misses>2693001</misses>
				<total>1</total>
				<timestamp>995.413859</timestamp>
			</report>
			<report>
				<misses>2694001</misses>
				<total>1</total>
				<timestamp>995.783393</timestamp>
			</report>
			<report>
				<misses>2695001</misses>
				<total>1</total>
				<timestamp>996.153049</timestamp>
			</report>
			<report>
				<misses>2696001</misses>
				<total>1</total>
				<timestamp>996.522644</timestamp>
			</report>
			<report>
				<misses>2697001</misses>
				<total>1</total>
				<timestamp>996.892283</timestamp>
			</report>
			<report>
				<misses>2698001</misses>
				<total>1</total>
				<timestamp>997.261902</timestamp>
			</report>
			<report>
				<misses>2699001</misses>
				<total>1</total>
				<timestamp>997.631555</timestamp>
			</report>
			<report>
				<misses>2700001</misses>
				<total>1</total>
				<timestamp>998.001189</timestamp>
			</report>
			<report>
				<misses>2701001</misses>
				<total>1</total>
				<timestamp>998.370864</timestamp>
			</report>
			<report>
				<misses>2702001</misses>
				<total>1</total>
				<timestamp>998.740460</timestamp>
			</report>
			<report>
				<misses>2703001</misses>
				<total>1</total>
				<timestamp>999.110174</timestamp>
			</report>
			<report>
				<misses>2704001</misses>
				<total>1</total>
				<timestamp>999.479732</timestamp>
			</report>
			<report>
				<misses>2705001</misses>
				<total>1</total>
				<timestamp>999.849345</timestamp>
			</report>
			<report>
				<misses>2706001</misses>
				<total>1</total>
				<timestamp>1000.218946</timestamp>
			</report>
			<report>
				<misses>2707001</misses>
				<total>1</total>
				<timestamp>1000.588590</timestamp>
			</report>
			<report>
				<misses>2708001</misses>
				<total>1</total>
				<timestamp>1000.958230</timestamp>
			</report>
			<report>
				<misses>2709001</misses>
				<total>1</total>
				<timestamp>1001.327900</timestamp>
			</report>
			<report>
				<misses>2710001</misses>
				<total>1</total>
				<timestamp>1001.697523</timestamp>
			</report>
			<report>
				<misses>2711001</misses>
				<total>1</total>
				<timestamp>1002.067124</timestamp>
			</report>
			<report>
				<misses>2712001</misses>
				<total>1</total>
				<timestamp>1002.436722</timestamp>
			</report>
			<report>
				<misses>2713001</misses>
				<total>1</total>
				<timestamp>1002.806373</timestamp>
			</report>
			<report>
				<misses>2714001</misses>
				<total>1</total>
				<timestamp>1003.176021</timestamp>
			</report>
			<report>
				<misses>2715001</misses>
				<total>0</total>
				<timestamp>1003.545747</timestamp>
			</report>
			<report>
				<misses>2716001</misses>
				<total>1</total>
				<timestamp>1003.915236</timestamp>
			</report>
			<report>
				<misses>2717001</misses>
				<total>1</total>
				<timestamp>1004.284910</timestamp>
			</report>
			<report>
				<misses>2718001</misses>
				<total>1</total>
				<timestamp>1004.654551</timestamp>
			</report>
			<report>
				<misses>2719001</misses>
				<total>1</total>
				<timestamp>1005.024220</timestamp>
			</report>
			<report>
				<misses>2720001</misses>
				<total>1</total>
				<timestamp>1005.393794</timestamp>
			</report>
			<report>
				<misses>2721001</misses>
				<total>1</total>
				<timestamp>1005.763412</timestamp>
			</report>
			<report>
				<misses>2722001</misses>
				<total>1</total>
				<timestamp>1006.133022</timestamp>
			</report>
			<report>
				<misses>2723001</misses>
				<total>1</total>
				<timestamp>1006.502660</timestamp>
			</report>
			<report>
				<misses>2724001</misses>
				<total>1</total>
				<timestamp>1006.872280</timestamp>
			</report>
			<report>
				<misses>2725001</misses>
				<total>1</total>
				<timestamp>1007.241957</timestamp>
			</report>
			<report>
				<misses>2726001</misses>
				<total>1</total>
				<timestamp>1007.611620</timestamp>
			</report>
			<report>
				<misses>2727001</misses>
				<total>1</total>
				<timestamp>1007.981184</timestamp>
			</report>
			<report>
				<misses>2728001</misses>
				<total>1</total>
				<timestamp>1008.350865</timestamp>
			</report>
			<report>
				<misses>2729001</misses>
				<total>1</total>
				<timestamp>1008.720445</timestamp>
			</report>
			<report>
				<misses>2730001</misses>
				<total>1</total>
				<timestamp>1009.090085</timestamp>
			</report>
			<report>
				<misses>2731001</misses>
				<total>1</total>
				<timestamp>1009.459765</timestamp>
			</report>
			<report>
				<misses>2732001</misses>
				<total>1</total>
				<timestamp>1009.829325</timestamp>
			</report>
			<report>
				<misses>2733001</misses>
				<total>1</total>
				<timestamp>1010.199036</timestamp>
			</report>
			<report>
				<misses>2734001</misses>
				<total>1</total>
				<timestamp>1010.568663</timestamp>
			</report>
			<report>
				<misses>2735001</misses>
				<total>1</total>
				<timestamp>1010.938274</timestamp>
			</report>
			<report>
				<misses>2736001</misses>
				<total>0</total>
				<timestamp>1011.307983</timestamp>
			</report>
			<report>
				<misses>2737001</misses>
				<total>1</total>
				<timestamp>1011.677535</timestamp>
			</report>
			<report>
				<misses>2738001</misses>
				<total>1</total>
				<timestamp>1012.047145</timestamp>
			</report>
			<report>
				<misses>2739001</misses>
				<total>1</total>
				<timestamp>1012.416791</timestamp>
			</report>
			<report>
				<misses>2740001</misses>
				<total>1</total>
				<timestamp>1012.786402</timestamp>
			</report>
			<report>
				<misses>2741001</misses>
				<total>1</total>
				<timestamp>1013.156009</timestamp>
			</report>
			<report>
				<misses>2742001</misses>
				<total>1</total>
				<timestamp>1013.525665</timestamp>
			</report>
			<report>
				<misses>2743001</misses>
				<total>1</total>
				<timestamp>1013.895276</timestamp>
			</report>
			<report>
				<misses>2744001</misses>
				<total>1</total>
				<timestamp>1014.264939</timestamp>
			</report>
			<report>
				<misses>2745001</misses>
				<total>0</total>
				<timestamp>1014.634622</timestamp>
			</report>
			<report>
				<misses>2746001</misses>
				<total>1</total>
				<timestamp>1015.004205</timestamp>
			</report>
			<report>
				<misses>2747001</misses>
				<total>1</total>
				<timestamp>1015.373820</timestamp>
			</report>
			<report>
				<misses>2748001</misses>
				<total>1</total>
				<timestamp>1015.743421</timestamp>
			</report>
			<report>
				<misses>2749001</misses>
				<total>1</total>
				<timestamp>1016.113129</timestamp>
			</report>
			<report>
				<misses>2750001</misses>
				<total>1</total>
				<timestamp>1016.482736</timestamp>
			</report>
			<report>
				<misses>2751001</misses>
				<total>1</total>
				<timestamp>1016.852312</timestamp>
			</report>
			<report>
				<misses>2752001</misses>
				<total>1</total>
				<timestamp>1017.221931</timestamp>
			</report>
			<report>
				<misses>2753001</misses>
				<total>1</total>
				<timestamp>1017.591557</timestamp>
			</report>
			<report>
				<misses>2754001</misses>
				<total>1</total>
				<timestamp>1017.961266</timestamp>
			</report>
			<report>
				<misses>2755001</misses>
				<total>1</total>
				<timestamp>1018.330832</timestamp>
			</report>
			<report>
				<misses>2756001</misses>
				<total>1</total>
				<timestamp>1018.700505</timestamp>
			</report>
			<report>
				<misses>2757001</misses>
				<total>1</total>
				<timestamp>1019.070136</timestamp>
			</report>
			<report>
				<misses>2758001</misses>
				<total>1</total>
				<timestamp>1019.439772</timestamp>
			</report>
			<report>
				<misses>2759001</misses>
				<total>1</total>
				<timestamp>1019.809376</timestamp>
			</report>
			<report>
				<misses>2760001</misses>
				<total>1</total>
				<timestamp>1020.179023</timestamp>
			</report>
			<report>
				<misses>2761001</misses>
				<total>1</total>
				<timestamp>1020.548607</timestamp>
			</report>
			<report>
				<misses>2762001</misses>
				<total>1</total>
				<timestamp>1020.918235</timestamp>
			</report>
			<report>
				<misses>2763001</misses>
				<total>1</total>
				<timestamp>1021.287911</timestamp>
			</report>
			<report>
				<misses>2764001</misses>
				<total>1</total>
				<timestamp>1021.657477</timestamp>
			</report>
			<report>
				<misses>2765001</misses>
				<total>1</total>
				<timestamp>1022.027166</timestamp>
			</report>
			<report>
				<misses>2766001</misses>
				<total>1</total>
				<timestamp>1022.396830</timestamp>
			</report>
			<report>
				<misses>2767001</misses>
				<total>1</total>
				<timestamp>1022.766370</timestamp>
			</report>
			<report>
				<misses>2768001</misses>
				<total>1</total>
				<timestamp>1023.136033</timestamp>
			</report>
			<report>
				<misses>2769001</misses>
				<total>1</total>
				<timestamp>1023.505688</timestamp>
			</report>
			<report>
				<misses>2770001</misses>
				<total>1</total>
				<timestamp>1023.875264</timestamp>
			</report>
			<report>
				<misses>2771001</misses>
				<total>1</total>
				<timestamp>1024.244906</timestamp>
			</report>
			<report>
				<misses>2772001</misses>
				<total>1</total>
				<timestamp>1024.614526</timestamp>
			</report>
			<report>
				<misses>2773001</misses>
				<total>1</total>
				<timestamp>1024.984179</timestamp>
			</report>
			<report>
				<misses>2774001</misses>
				<total>1</total>
				<timestamp>1025.353847</timestamp>
			</report>
			<report>
				<misses>2775001</misses>
				<total>1</total>
				<timestamp>1025.723428</timestamp>
			</report>
			<report>
				<misses>2776001</misses>
				<total>1</total>
				<timestamp>1026.093078</timestamp>
			</report>
			<report>
				<misses>2777001</misses>
				<total>1</total>
				<timestamp>1026.462717</timestamp>
			</report>
			<report>
				<misses>2778001</misses>
				<total>1</total>
				<timestamp>1026.832400</timestamp>
			</report>
			<report>
				<misses>2779001</misses>
				<total>1</total>
				<timestamp>1027.201976</timestamp>
			</report>
			<report>
				<misses>2780001</misses>
				<total>1</total>
				<timestamp>1027.571637</timestamp>
			</report>
			<report>
				<misses>2781001</misses>
				<total>1</total>
				<timestamp>1027.941290</timestamp>
			</report>
			<report>
				<misses>2782001</misses>
				<total>0</total>
				<timestamp>1028.310920</timestamp>
			</report>
			<report>
				<misses>2783001</misses>
				<total>1</total>
				<timestamp>1028.680508</timestamp>
			</report>
			<report>
				<misses>2784001</misses>
				<total>1</total>
				<timestamp>1029.050153</timestamp>
			</report>
			<report>
				<misses>2785001</misses>
				<total>1</total>
				<timestamp>1029.419762</timestamp>
			</report>
			<report>
				<misses>2786001</misses>
				<total>1</total>
				<timestamp>1029.789339</timestamp>
			</report>
			<report>
				<misses>2787001</misses>
				<total>1</total>
				<timestamp>1030.159006</timestamp>
			</report>
			<report>
				<misses>2788001</misses>
				<total>1</total>
				<timestamp>1030.528648</timestamp>
			</report>
			<report>
				<misses>2789001</misses>
				<total>1</total>
				<timestamp>1030.898298</timestamp>
			</report>
			<report>
				<misses>2790001</misses>
				<total>1</total>
				<timestamp>1031.267867</timestamp>
			</report>
			<report>
				<misses>2791001</misses>
				<total>0</total>
				<timestamp>1031.637638</timestamp>
			</report>
			<report>
				<misses>2792001</misses>
				<total>1</total>
				<timestamp>1032.007160</timestamp>
			</report>
			<report>
				<misses>2793001</misses>
				<total>1</total>
				<timestamp>1032.376799</timestamp>
			</report>
			<report>
				<misses>2794001</misses>
				<total>1</total>
				<timestamp>1032.746440</timestamp>
			</report>
			<report>
				<misses>2795001</misses>
				<total>1</total>
				<timestamp>1033.116006</timestamp>
			</report>
			<report>
				<misses>2796001</misses>
				<total>1</total>
				<timestamp>1033.485693</timestamp>
			</report>
			<report>
				<misses>2797001</misses>
				<total>0</total>
				<timestamp>1033.855423</timestamp>
			</report>
			<report>
				<misses>2798001</misses>
				<total>1</total>
				<timestamp>1034.224956</timestamp>
			</report>
			<report>
				<misses>2799001</misses>
				<total>1</total>
				<timestamp>1034.594545</timestamp>
			</report>
			<report>
				<misses>2800001</misses>
				<total>1</total>
				<timestamp>1034.964255</timestamp>
			</report>
			<report>
				<misses>2801001</misses>
				<total>1</total>
				<timestamp>1035.333805</timestamp>
			</report>
			<report>
				<misses>2802001</misses>
				<total>1</total>
				<timestamp>1035.703464</timestamp>
			</report>
			<report>
				<misses>2803001</misses>
				<total>0</total>
				<timestamp>1036.073150</timestamp>
			</report>
			<report>
				<misses>2804001</misses>
				<total>1</total>
				<timestamp>1036.442700</timestamp>
			</report>
			<report>
				<misses>2805001</misses>
				<total>1</total>
				<timestamp>1036.812397</timestamp>
			</report>
			<report>
				<misses>2806001</misses>
				<total>1</total>
				<timestamp>1037.182017</timestamp>
			</report>
			<report>
				<misses>2807001</misses>
				<total>1</total>
				<timestamp>1037.551606</timestamp>
			</report>
			<report>
				<misses>2808001</misses>
				<total>1</total>
				<timestamp>1037.921211</timestamp>
			</report>
			<report>
				<misses>2809001</misses>
				<total>1</total>
				<timestamp>1038.290893</timestamp>
			</report>
			<report>
				<misses>2810001</misses>
				<total>1</total>
				<timestamp>1038.660476</timestamp>
			</report>
			<report>
				<misses>2811001</misses>
				<total>1</total>
				<timestamp>1039.030107</timestamp>
			</report>
			<report>
				<misses>2812001</misses>
				<total>1</total>
				<timestamp>1039.399778</timestamp>
			</report>
			<report>
				<misses>2813001</misses>
				<total>1</total>
				<timestamp>1039.769393</timestamp>
			</report>
			<report>
				<misses>2814001</misses>
				<total>1</total>
				<timestamp>1040.139020</timestamp>
			</report>
			<report>
				<misses>2815001</misses>
				<total>1</total>
				<timestamp>1040.508678</timestamp>
			</report>
			<report>
				<misses>2816001</misses>
				<total>1</total>
				<timestamp>1040.878250</timestamp>
			</report>
			<report>
				<misses>2817001</misses>
				<total>1</total>
				<timestamp>1041.247875</timestamp>
			</report>
			<report>
				<misses>2818001</misses>
				<total>1</total>
				<timestamp>1041.617540</timestamp>
			</report>
			<report>
				<misses>2819001</misses>
				<total>1</total>
				<timestamp>1041.987149</timestamp>
			</report>
			<report>
				<misses>2820001</misses>
				<total>1</total>
				<timestamp>1042.356777</timestamp>
			</report>
			<report>
				<misses>2821001</misses>
				<total>1</total>
				<timestamp>1042.726443</timestamp>
			</report>
			<report>
				<misses>2822001</misses>
				<total>1</total>
				<timestamp>1043.096059</timestamp>
			</report>
			<report>
				<misses>2823001</misses>
				<total>1</total>
				<timestamp>1043.465660</timestamp>
			</report>
			<report>
				<misses>2824001</misses>
				<total>1</total>
				<timestamp>1043.835299</timestamp>
			</report>
			<report>
				<misses>2825001</misses>
				<total>1</total>
				<timestamp>1044.204950</timestamp>
			</report>
			<report>
				<misses>2826001</misses>
				<total>1</total>
				<timestamp>1044.574587</timestamp>
			</report>
			<report>
				<misses>2827001</misses>
				<total>1</total>
				<timestamp>1044.944224</timestamp>
			</report>
			<report>
				<misses>2828001</misses>
				<total>1</total>
				<timestamp>1045.313864</timestamp>
			</report>
			<report>
				<misses>2829001</misses>
				<total>0</total>
				<timestamp>1045.683606</timestamp>
			</report>
			<report>
				<misses>2830001</misses>
				<total>1</total>
				<timestamp>1046.053090</timestamp>
			</report>
			<report>
				<misses>2831001</misses>
				<total>1</total>
				<timestamp>1046.422708</timestamp>
			</report>
			<report>
				<misses>2832001</misses>
				<total>1</total>
				<timestamp>1046.792398</timestamp>
			</report>
			<report>
				<misses>2833001</misses>
				<total>1</total>
				<timestamp>1047.161949</timestamp>
			</report>
			<report>
				<misses>2834001</misses>
				<total>1</total>
				<timestamp>1047.531597</timestamp>
			</report>
			<report>
				<misses>2835001</misses>
				<total>1</total>
				<timestamp>1047.901217</timestamp>
			</report>
			<report>
				<misses>2836001</misses>
				<total>1</total>
				<timestamp>1048.270910</timestamp>
			</report>
			<report>
				<misses>2837001</misses>
				<total>1</total>
				<timestamp>1048.640543</timestamp>
			</report>
			<report>
				<misses>2838001</misses>
				<total>1</total>
				<timestamp>1049.010122</timestamp>
			</report>
			<report>
				<misses>2839001</misses>
				<total>1</total>
				<timestamp>1049.379755</timestamp>
			</report>
			<report>
				<misses>2840001</misses>
				<total>1</total>
				<timestamp>1049.749371</timestamp>
			</report>
			<report>
				<misses>2841001</misses>
				<total>1</total>
				<timestamp>1050.119045</timestamp>
			</report>
			<report>
				<misses>2842001</misses>
				<total>1</total>
				<timestamp>1050.488697</timestamp>
			</report>
			<report>
				<misses>2843001</misses>
				<total>0</total>
				<timestamp>1050.858382</timestamp>
			</report>
			<report>
				<misses>2844001</misses>
				<total>1</total>
				<timestamp>1051.227905</timestamp>
			</report>
			<report>
				<misses>2845001</misses>
				<total>1</total>
				<timestamp>1051.597563</timestamp>
			</report>
			<report>
				<misses>2846001</misses>
				<total>1</total>
				<timestamp>1051.967212</timestamp>
			</report>
			<report>
				<misses>2847001</misses>
				<total>1</total>
				<timestamp>1052.336826</timestamp>
			</report>
			<report>
				<misses>2848001</misses>
				<total>1</total>
				<timestamp>1052.706417</timestamp>
			</report>
			<report>
				<misses>2849001</misses>
				<total>1</total>
				<timestamp>1053.076055</timestamp>
			</report>
			<report>
				<misses>2850001</misses>
				<total>1</total>
				<timestamp>1053.445705</timestamp>
			</report>
			<report>
				<misses>2851001</misses>
				<total>0</total>
				<timestamp>1053.815411</timestamp>
			</report>
			<report>
				<misses>2852001</misses>
				<total>1</total>
				<timestamp>1054.184983</timestamp>
			</report>
			<report>
				<misses>2853001</misses>
				<total>0</total>
				<timestamp>1054.554704</timestamp>
			</report>
			<report>
				<misses>2854001</misses>
				<total>1</total>
				<timestamp>1054.924204</timestamp>
			</report>
			<report>
				<misses>2855001</misses>
				<total>1</total>
				<timestamp>1055.293844</timestamp>
			</report>
			<report>
				<misses>2856001</misses>
				<total>1</total>
				<timestamp>1055.663542</timestamp>
			</report>
			<report>
				<misses>2857001</misses>
				<total>1</total>
				<timestamp>1056.033085</timestamp>
			</report>
			<report>
				<misses>2858001</misses>
				<total>1</total>
				<timestamp>1056.402766</timestamp>
			</report>
			<report>
				<misses>2859001</misses>
				<total>1</total>
				<timestamp>1056.772323</timestamp>
			</report>
			<report>
				<misses>2860001</misses>
				<total>1</total>
				<timestamp>1057.142055</timestamp>
			</report>
			<report>
				<misses>2861001</misses>
				<total>1</total>
				<timestamp>1057.511654</timestamp>
			</report>
			<report>
				<misses>2862001</misses>
				<total>1</total>
				<timestamp>1057.881228</timestamp>
			</report>
			<report>
				<misses>2863001</misses>
				<total>0</total>
				<timestamp>1058.250986</timestamp>
			</report>
			<report>
				<misses>2864001</misses>
				<total>1</total>
				<timestamp>1058.620512</timestamp>
			</report>
			<report>
				<misses>2865001</misses>
				<total>1</total>
				<timestamp>1058.990132</timestamp>
			</report>
			<report>
				<misses>2866001</misses>
				<total>1</total>
				<timestamp>1059.359737</timestamp>
			</report>
			<report>
				<misses>2867001</misses>
				<total>1</total>
				<timestamp>1059.729415</timestamp>
			</report>
			<report>
				<misses>2868001</misses>
				<total>1</total>
				<timestamp>1060.099051</timestamp>
			</report>
			<report>
				<misses>2869001</misses>
				<total>0</total>
				<timestamp>1060.468761</timestamp>
			</report>
			<report>
				<misses>2870001</misses>
				<total>1</total>
				<timestamp>1060.838262</timestamp>
			</report>
			<report>
				<misses>2871001</misses>
				<total>1</total>
				<timestamp>1061.207895</timestamp>
			</report>
			<report>
				<misses>2872001</misses>
				<total>1</total>
				<timestamp>1061.577574</timestamp>
			</report>
			<report>
				<misses>2873001</misses>
				<total>1</total>
				<timestamp>1061.947171</timestamp>
			</report>
			<report>
				<misses>2874001</misses>
				<total>1</total>
				<timestamp>1062.316788</timestamp>
			</report>
			<report>
				<misses>2875001</misses>
				<total>1</total>
				<timestamp>1062.686461</timestamp>
			</report>
			<report>
				<misses>2876001</misses>
				<total>0</total>
				<timestamp>1063.056175</timestamp>
			</report>
			<report>
				<misses>2877001</misses>
				<total>0</total>
				<timestamp>1063.425775</timestamp>
			</report>
			<report>
				<misses>2878001</misses>
				<total>1</total>
				<timestamp>1063.795347</timestamp>
			</report>
			<report>
				<misses>2879001</misses>
				<total>1</total>
				<timestamp>1064.164936</timestamp>
			</report>
			<report>
				<misses>2880001</misses>
				<total>1</total>
				<timestamp>1064.534598</timestamp>
			</report>
			<report>
				<misses>2881001</misses>
				<total>1</total>
				<timestamp>1064.904227</timestamp>
			</report>
			<report>
				<misses>2882001</misses>
				<total>1</total>
				<timestamp>1065.273824</timestamp>
			</report>
			<report>
				<misses>2883001</misses>
				<total>1</total>
				<timestamp>1065.643542</timestamp>
			</report>
			<report>
				<misses>2884001</misses>
				<total>1</total>
				<timestamp>1066.013151</timestamp>
			</report>
			<report>
				<misses>2885001</misses>
				<total>1</total>
				<timestamp>1066.382740</timestamp>
			</report>
			<report>
				<misses>2886001</misses>
				<total>1</total>
				<timestamp>1066.752415</timestamp>
			</report>
			<report>
				<misses>2887001</misses>
				<total>1</total>
				<timestamp>1067.121988</timestamp>
			</report>
			<report>
				<misses>2888001</misses>
				<total>1</total>
				<timestamp>1067.491643</timestamp>
			</report>
			<report>
				<misses>2889001</misses>
				<total>1</total>
				<timestamp>1067.861280</timestamp>
			</report>
			<report>
				<misses>2890001</misses>
				<total>1</total>
				<timestamp>1068.230904</timestamp>
			</report>
			<report>
				<misses>2891001</misses>
				<total>1</total>
				<timestamp>1068.600538</timestamp>
			</report>
			<report>
				<misses>2892001</misses>
				<total>1</total>
				<timestamp>1068.970171</timestamp>
			</report>
			<report>
				<misses>2893001</misses>
				<total>0</total>
				<timestamp>1069.339864</timestamp>
			</report>
			<report>
				<misses>2894001</misses>
				<total>1</total>
				<timestamp>1069.709427</timestamp>
			</report>
			<report>
				<misses>2895001</misses>
				<total>1</total>
				<timestamp>1070.079023</timestamp>
			</report>
			<report>
				<misses>2896001</misses>
				<total>1</total>
				<timestamp>1070.448683</timestamp>
			</report>
			<report>
				<misses>2897001</misses>
				<total>1</total>
				<timestamp>1070.818267</timestamp>
			</report>
			<report>
				<misses>2898001</misses>
				<total>0</total>
				<timestamp>1071.188058</timestamp>
			</report>
			<report>
				<misses>2899001</misses>
				<total>1</total>
				<timestamp>1071.557626</timestamp>
			</report>
			<report>
				<misses>2900001</misses>
				<total>1</total>
				<timestamp>1071.927203</timestamp>
			</report>
			<report>
				<misses>2901001</misses>
				<total>1</total>
				<timestamp>1072.296813</timestamp>
			</report>
			<report>
				<misses>2902001</misses>
				<total>1</total>
				<timestamp>1072.666474</timestamp>
			</report>
			<report>
				<misses>2903001</misses>
				<total>0</total>
				<timestamp>1073.036167</timestamp>
			</report>
			<report>
				<misses>2904001</misses>
				<total>1</total>
				<timestamp>1073.405696</timestamp>
			</report>
			<report>
				<misses>2905001</misses>
				<total>1</total>
				<timestamp>1073.775429</timestamp>
			</report>
			<report>
				<misses>2906001</misses>
				<total>1</total>
				<timestamp>1074.144995</timestamp>
			</report>
			<report>
				<misses>2907001</misses>
				<total>1</total>
				<timestamp>1074.514610</timestamp>
			</report>
			<report>
				<misses>2908001</misses>
				<total>1</total>
				<timestamp>1074.884221</timestamp>
			</report>
			<report>
				<misses>2909001</misses>
				<total>0</total>
				<timestamp>1075.253926</timestamp>
			</report>
			<report>
				<misses>2910001</misses>
				<total>1</total>
				<timestamp>1075.623535</timestamp>
			</report>
			<report>
				<misses>2911001</misses>
				<total>1</total>
				<timestamp>1075.993139</timestamp>
			</report>
			<report>
				<misses>2912001</misses>
				<total>1</total>
				<timestamp>1076.362792</timestamp>
			</report>
			<report>
				<misses>2913001</misses>
				<total>1</total>
				<timestamp>1076.732446</timestamp>
			</report>
			<report>
				<misses>2914001</misses>
				<total>1</total>
				<timestamp>1077.102065</timestamp>
			</report>
			<report>
				<misses>2915001</misses>
				<total>1</total>
				<timestamp>1077.471608</timestamp>
			</report>
			<report>
				<misses>2916001</misses>
				<total>1</total>
				<timestamp>1077.841317</timestamp>
			</report>
			<report>
				<misses>2917001</misses>
				<total>1</total>
				<timestamp>1078.210922</timestamp>
			</report>
			<report>
				<misses>2918001</misses>
				<total>1</total>
				<timestamp>1078.580540</timestamp>
			</report>
			<report>
				<misses>2919001</misses>
				<total>1</total>
				<timestamp>1078.950156</timestamp>
			</report>
			<report>
				<misses>2920001</misses>
				<total>1</total>
				<timestamp>1079.319797</timestamp>
			</report>
			<report>
				<misses>2921001</misses>
				<total>1</total>
				<timestamp>1079.689463</timestamp>
			</report>
			<report>
				<misses>2922001</misses>
				<total>0</total>
				<timestamp>1080.059171</timestamp>
			</report>
			<report>
				<misses>2923001</misses>
				<total>1</total>
				<timestamp>1080.428698</timestamp>
			</report>
			<report>
				<misses>2924001</misses>
				<total>1</total>
				<timestamp>1080.798289</timestamp>
			</report>
			<report>
				<misses>2925001</misses>
				<total>1</total>
				<timestamp>1081.167939</timestamp>
			</report>
			<report>
				<misses>2926001</misses>
				<total>1</total>
				<timestamp>1081.537583</timestamp>
			</report>
			<report>
				<misses>2927001</misses>
				<total>1</total>
				<timestamp>1081.907194</timestamp>
			</report>
			<report>
				<misses>2928001</misses>
				<total>1</total>
				<timestamp>1082.276909</timestamp>
			</report>
			<report>
				<misses>2929001</misses>
				<total>1</total>
				<timestamp>1082.646498</timestamp>
			</report>
			<report>
				<misses>2930001</misses>
				<total>1</total>
				<timestamp>1083.016069</timestamp>
			</report>
			<report>
				<misses>2931001</misses>
				<total>1</total>
				<timestamp>1083.385683</timestamp>
			</report>
			<report>
				<misses>2932001</misses>
				<total>1</total>
				<timestamp>1083.755368</timestamp>
			</report>
			<report>
				<misses>2933001</misses>
				<total>1</total>
				<timestamp>1084.124956</timestamp>
			</report>
			<report>
				<misses>2934001</misses>
				<total>1</total>
				<timestamp>1084.494585</timestamp>
			</report>
			<report>
				<misses>2935001</misses>
				<total>1</total>
				<timestamp>1084.864210</timestamp>
			</report>
			<report>
				<misses>2936001</misses>
				<total>0</total>
				<timestamp>1085.233940</timestamp>
			</report>
			<report>
				<misses>2937001</misses>
				<total>1</total>
				<timestamp>1085.603497</timestamp>
			</report>
			<report>
				<misses>2938001</misses>
				<total>1</total>
				<timestamp>1085.973140</timestamp>
			</report>
			<report>
				<misses>2939001</misses>
				<total>1</total>
				<timestamp>1086.342748</timestamp>
			</report>
			<report>
				<misses>2940001</misses>
				<total>1</total>
				<timestamp>1086.712401</timestamp>
			</report>
			<report>
				<misses>2941001</misses>
				<total>1</total>
				<timestamp>1087.082030</timestamp>
			</report>
			<report>
				<misses>2942001</misses>
				<total>0</total>
				<timestamp>1087.451730</timestamp>
			</report>
			<report>
				<misses>2943001</misses>
				<total>0</total>
				<timestamp>1087.821358</timestamp>
			</report>
			<report>
				<misses>2944001</misses>
				<total>1</total>
				<timestamp>1088.190919</timestamp>
			</report>
			<report>
				<misses>2945001</misses>
				<total>1</total>
				<timestamp>1088.560510</timestamp>
			</report>
			<report>
				<misses>2946001</misses>
				<total>1</total>
				<timestamp>1088.930157</timestamp>
			</report>
			<report>
				<misses>2947001</misses>
				<total>0</total>
				<timestamp>1089.299878</timestamp>
			</report>
			<report>
				<misses>2948001</misses>
				<total>1</total>
				<timestamp>1089.669514</timestamp>
			</report>
			<report>
				<misses>2949001</misses>
				<total>1</total>
				<timestamp>1090.039063</timestamp>
			</report>
			<report>
				<misses>2950001</misses>
				<total>1</total>
				<timestamp>1090.408713</timestamp>
			</report>
			<report>
				<misses>2951001</misses>
				<total>1</total>
				<timestamp>1090.778343</timestamp>
			</report>
			<report>
				<misses>2952001</misses>
				<total>1</total>
				<timestamp>1091.147954</timestamp>
			</report>
			<report>
				<misses>2953001</misses>
				<total>0</total>
				<timestamp>1091.517675</timestamp>
			</report>
			<report>
				<misses>2954001</misses>
				<total>1</total>
				<timestamp>1091.887194</timestamp>
			</report>
			<report>
				<misses>2955001</misses>
				<total>1</total>
				<timestamp>1092.256815</timestamp>
			</report>
			<report>
				<misses>2956001</misses>
				<total>1</total>
				<timestamp>1092.626453</timestamp>
			</report>
			<report>
				<misses>2957001</misses>
				<total>1</total>
				<timestamp>1092.996100</timestamp>
			</report>
			<report>
				<misses>2958001</misses>
				<total>1</total>
				<timestamp>1093.365698</timestamp>
			</report>
			<report>
				<misses>2959001</misses>
				<total>1</total>
				<timestamp>1093.735366</timestamp>
			</report>
			<report>
				<misses>2960001</misses>
				<total>1</total>
				<timestamp>1094.104995</timestamp>
			</report>
			<report>
				<misses>2961001</misses>
				<total>1</total>
				<timestamp>1094.474586</timestamp>
			</report>
			<report>
				<misses>2962001</misses>
				<total>1</total>
				<timestamp>1094.844258</timestamp>
			</report>
			<report>
				<misses>2963001</misses>
				<total>1</total>
				<timestamp>1095.213857</timestamp>
			</report>
			<report>
				<misses>2964001</misses>
				<total>1</total>
				<timestamp>1095.583534</timestamp>
			</report>
			<report>
				<misses>2965001</misses>
				<total>0</total>
				<timestamp>1095.953235</timestamp>
			</report>
			<report>
				<misses>2966001</misses>
				<total>1</total>
				<timestamp>1096.322827</timestamp>
			</report>
			<report>
				<misses>2967001</misses>
				<total>1</total>
				<timestamp>1096.692396</timestamp>
			</report>
			<report>
				<misses>2968001</misses>
				<total>1</total>
				<timestamp>1097.062110</timestamp>
			</report>
			<report>
				<misses>2969001</misses>
				<total>1</total>
				<timestamp>1097.431686</timestamp>
			</report>
			<report>
				<misses>2970001</misses>
				<total>0</total>
				<timestamp>1097.801376</timestamp>
			</report>
			<report>
				<misses>2971001</misses>
				<total>1</total>
				<timestamp>1098.170892</timestamp>
			</report>
			<report>
				<misses>2972001</misses>
				<total>1</total>
				<timestamp>1098.540527</timestamp>
			</report>
			<report>
				<misses>2973001</misses>
				<total>1</total>
				<timestamp>1098.910184</timestamp>
			</report>
			<report>
				<misses>2974001</misses>
				<total>1</total>
				<timestamp>1099.279836</timestamp>
			</report>
			<report>
				<misses>2975001</misses>
				<total>1</total>
				<timestamp>1099.649426</timestamp>
			</report>
			<report>
				<misses>2976001</misses>
				<total>1</total>
				<timestamp>1100.019094</timestamp>
			</report>
			<report>
				<misses>2977001</misses>
				<total>1</total>
				<timestamp>1100.388701</timestamp>
			</report>
			<report>
				<misses>2978001</misses>
				<total>1</total>
				<timestamp>1100.758311</timestamp>
			</report>
			<report>
				<misses>2979001</misses>
				<total>1</total>
				<timestamp>1101.127930</timestamp>
			</report>
			<report>
				<misses>2980001</misses>
				<total>1</total>
				<timestamp>1101.497577</timestamp>
			</report>
			<report>
				<misses>2981001</misses>
				<total>1</total>
				<timestamp>1101.867315</timestamp>
			</report>
			<report>
				<misses>2982001</misses>
				<total>1</total>
				<timestamp>1102.236911</timestamp>
			</report>
			<report>
				<misses>2983001</misses>
				<total>1</total>
				<timestamp>1102.606508</timestamp>
			</report>
			<report>
				<misses>2984001</misses>
				<total>1</total>
				<timestamp>1102.976093</timestamp>
			</report>
			<report>
				<misses>2985001</misses>
				<total>1</total>
				<timestamp>1103.345797</timestamp>
			</report>
			<report>
				<misses>2986001</misses>
				<total>1</total>
				<timestamp>1103.715468</timestamp>
			</report>
			<report>
				<misses>2987001</misses>
				<total>1</total>
				<timestamp>1104.084976</timestamp>
			</report>
			<report>
				<misses>2988001</misses>
				<total>1</total>
				<timestamp>1104.454631</timestamp>
			</report>
			<report>
				<misses>2989001</misses>
				<total>1</total>
				<timestamp>1104.824275</timestamp>
			</report>
			<report>
				<misses>2990001</misses>
				<total>1</total>
				<timestamp>1105.193879</timestamp>
			</report>
			<report>
				<misses>2991001</misses>
				<total>1</total>
				<timestamp>1105.563490</timestamp>
			</report>
			<report>
				<misses>2992001</misses>
				<total>1</total>
				<timestamp>1105.933205</timestamp>
			</report>
			<report>
				<misses>2993001</misses>
				<total>1</total>
				<timestamp>1106.302812</timestamp>
			</report>
			<report>
				<misses>2994001</misses>
				<total>1</total>
				<timestamp>1106.672393</timestamp>
			</report>
			<report>
				<misses>2995001</misses>
				<total>1</total>
				<timestamp>1107.042030</timestamp>
			</report>
			<report>
				<misses>2996001</misses>
				<total>0</total>
				<timestamp>1107.411758</timestamp>
			</report>
			<report>
				<misses>2997001</misses>
				<total>1</total>
				<timestamp>1107.781399</timestamp>
			</report>
			<report>
				<misses>2998001</misses>
				<total>1</total>
				<timestamp>1108.150903</timestamp>
			</report>
			<report>
				<misses>2999001</misses>
				<total>1</total>
				<timestamp>1108.520558</timestamp>
			</report>
			<report>
				<misses>3000001</misses>
				<total>1</total>
				<timestamp>1108.890246</timestamp>
			</report>
			<report>
				<misses>3001001</misses>
				<total>1</total>
				<timestamp>1109.259844</timestamp>
			</report>
			<report>
				<misses>3002001</misses>
				<total>1</total>
				<timestamp>1109.629424</timestamp>
			</report>
			<report>
				<misses>3003001</misses>
				<total>1</total>
				<timestamp>1109.999091</timestamp>
			</report>
			<report>
				<misses>3004001</misses>
				<total>1</total>
				<timestamp>1110.368695</timestamp>
			</report>
			<report>
				<misses>3005001</misses>
				<total>1</total>
				<timestamp>1110.738341</timestamp>
			</report>
			<report>
				<misses>3006001</misses>
				<total>1</total>
				<timestamp>1111.108012</timestamp>
			</report>
			<report>
				<misses>3007001</misses>
				<total>1</total>
				<timestamp>1111.477607</timestamp>
			</report>
			<report>
				<misses>3008001</misses>
				<total>1</total>
				<timestamp>1111.847308</timestamp>
			</report>
			<report>
				<misses>3009001</misses>
				<total>1</total>
				<timestamp>1112.216829</timestamp>
			</report>
			<report>
				<misses>3010001</misses>
				<total>1</total>
				<timestamp>1112.586482</timestamp>
			</report>
			<report>
				<misses>3011001</misses>
				<total>1</total>
				<timestamp>1112.956119</timestamp>
			</report>
			<report>
				<misses>3012001</misses>
				<total>1</total>
				<timestamp>1113.325752</timestamp>
			</report>
			<report>
				<misses>3013001</misses>
				<total>0</total>
				<timestamp>1113.695444</timestamp>
			</report>
			<report>
				<misses>3014001</misses>
				<total>1</total>
				<timestamp>1114.065103</timestamp>
			</report>
			<report>
				<misses>3015001</misses>
				<total>1</total>
				<timestamp>1114.434618</timestamp>
			</report>
			<report>
				<misses>3016001</misses>
				<total>1</total>
				<timestamp>1114.804326</timestamp>
			</report>
			<report>
				<misses>3017001</misses>
				<total>1</total>
				<timestamp>1115.173942</timestamp>
			</report>
			<report>
				<misses>3018001</misses>
				<total>1</total>
				<timestamp>1115.543514</timestamp>
			</report>
			<report>
				<misses>3019001</misses>
				<total>1</total>
				<timestamp>1115.913220</timestamp>
			</report>
			<report>
				<misses>3020001</misses>
				<total>1</total>
				<timestamp>1116.282820</timestamp>
			</report>
			<report>
				<misses>3021001</misses>
				<total>1</total>
				<timestamp>1116.652455</timestamp>
			</report>
			<report>
				<misses>3022001</misses>
				<total>1</total>
				<timestamp>1117.022061</timestamp>
			</report>
			<report>
				<misses>3023001</misses>
				<total>1</total>
				<timestamp>1117.391745</timestamp>
			</report>
			<report>
				<misses>3024001</misses>
				<total>0</total>
				<timestamp>1117.761407</timestamp>
			</report>
			<report>
				<misses>3025001</misses>
				<total>1</total>
				<timestamp>1118.130917</timestamp>
			</report>
			<report>
				<misses>3026001</misses>
				<total>1</total>
				<timestamp>1118.500563</timestamp>
			</report>
			<report>
				<misses>3027001</misses>
				<total>1</total>
				<timestamp>1118.870196</timestamp>
			</report>
			<report>
				<misses>3028001</misses>
				<total>1</total>
				<timestamp>1119.239803</timestamp>
			</report>
			<report>
				<misses>3029001</misses>
				<total>1</total>
				<timestamp>1119.609462</timestamp>
			</report>
			<report>
				<misses>3030001</misses>
				<total>1</total>
				<timestamp>1119.979122</timestamp>
			</report>
			<report>
				<misses>3031001</misses>
				<total>1</total>
				<timestamp>1120.348781</timestamp>
			</report>
			<report>
				<misses>3032001</misses>
				<total>1</total>
				<timestamp>1120.718319</timestamp>
			</report>
			<report>
				<misses>3033001</misses>
				<total>1</total>
				<timestamp>1121.088019</timestamp>
			</report>
			<report>
				<misses>3034001</misses>
				<total>1</total>
				<timestamp>1121.457591</timestamp>
			</report>
			<report>
				<misses>3035001</misses>
				<total>1</total>
				<timestamp>1121.827238</timestamp>
			</report>
			<report>
				<misses>3036001</misses>
				<total>1</total>
				<timestamp>1122.196879</timestamp>
			</report>
			<report>
				<misses>3037001</misses>
				<total>1</total>
				<timestamp>1122.566495</timestamp>
			</report>
			<report>
				<misses>3038001</misses>
				<total>1</total>
				<timestamp>1122.936172</timestamp>
			</report>
			<report>
				<misses>3039001</misses>
				<total>1</total>
				<timestamp>1123.305737</timestamp>
			</report>
			<report>
				<misses>3040001</misses>
				<total>0</total>
				<timestamp>1123.675453</timestamp>
			</report>
			<report>
				<misses>3041001</misses>
				<total>1</total>
				<timestamp>1124.045005</timestamp>
			</report>
			<report>
				<misses>3042001</misses>
				<total>1</total>
				<timestamp>1124.414635</timestamp>
			</report>
			<report>
				<misses>3043001</misses>
				<total>1</total>
				<timestamp>1124.784269</timestamp>
			</report>
			<report>
				<misses>3044001</misses>
				<total>1</total>
				<timestamp>1125.153928</timestamp>
			</report>
			<report>
				<misses>3045001</misses>
				<total>0</total>
				<timestamp>1125.523615</timestamp>
			</report>
			<report>
				<misses>3046001</misses>
				<total>1</total>
				<timestamp>1125.893156</timestamp>
			</report>
			<report>
				<misses>3047001</misses>
				<total>1</total>
				<timestamp>1126.262789</timestamp>
			</report>
			<report>
				<misses>3048001</misses>
				<total>1</total>
				<timestamp>1126.632403</timestamp>
			</report>
			<report>
				<misses>3049001</misses>
				<total>1</total>
				<timestamp>1127.002138</timestamp>
			</report>
			<report>
				<misses>3050001</misses>
				<total>1</total>
				<timestamp>1127.371725</timestamp>
			</report>
			<report>
				<misses>3051001</misses>
				<total>1</total>
				<timestamp>1127.741311</timestamp>
			</report>
			<report>
				<misses>3052001</misses>
				<total>1</total>
				<timestamp>1128.110939</timestamp>
			</report>
			<report>
				<misses>3053001</misses>
				<total>1</total>
				<timestamp>1128.480608</timestamp>
			</report>
			<report>
				<misses>3054001</misses>
				<total>1</total>
				<timestamp>1128.850247</timestamp>
			</report>
			<report>
				<misses>3055001</misses>
				<total>1</total>
				<timestamp>1129.219861</timestamp>
			</report>
			<report>
				<misses>3056001</misses>
				<total>1</total>
				<timestamp>1129.589443</timestamp>
			</report>
			<report>
				<misses>3057001</misses>
				<total>1</total>
				<timestamp>1129.959145</timestamp>
			</report>
			<report>
				<misses>3058001</misses>
				<total>1</total>
				<timestamp>1130.328724</timestamp>
			</report>
			<report>
				<misses>3059001</misses>
				<total>1</total>
				<timestamp>1130.698336</timestamp>
			</report>
			<report>
				<misses>3060001</misses>
				<total>1</total>
				<timestamp>1131.068051</timestamp>
			</report>
			<report>
				<misses>3061001</misses>
				<total>1</total>
				<timestamp>1131.437614</timestamp>
			</report>
			<report>
				<misses>3062001</misses>
				<total>1</total>
				<timestamp>1131.807221</timestamp>
			</report>
			<report>
				<misses>3063001</misses>
				<total>1</total>
				<timestamp>1132.176846</timestamp>
			</report>
			<report>
				<misses>3064001</misses>
				<total>1</total>
				<timestamp>1132.546511</timestamp>
			</report>
			<report>
				<misses>3065001</misses>
				<total>1</total>
				<timestamp>1132.916142</timestamp>
			</report>
			<report>
				<misses>3066001</misses>
				<total>1</total>
				<timestamp>1133.285816</timestamp>
			</report>
			<report>
				<misses>3067001</misses>
				<total>1</total>
				<timestamp>1133.655410</timestamp>
			</report>
			<report>
				<misses>3068001</misses>
				<total>1</total>
				<timestamp>1134.025033</timestamp>
			</report>
			<report>
				<misses>3069001</misses>
				<total>1</total>
				<timestamp>1134.394673</timestamp>
			</report>
			<report>
				<misses>3070001</misses>
				<total>1</total>
				<timestamp>1134.764303</timestamp>
			</report>
			<report>
				<misses>3071001</misses>
				<total>1</total>
				<timestamp>1135.133916</timestamp>
			</report>
			<report>
				<misses>3072001</misses>
				<total>1</total>
				<timestamp>1135.503511</timestamp>
			</report>
			<report>
				<misses>3073001</misses>
				<total>1</total>
				<timestamp>1135.873170</timestamp>
			</report>
			<report>
				<misses>3074001</misses>
				<total>1</total>
				<timestamp>1136.242866</timestamp>
			</report>
			<report>
				<misses>3075001</misses>
				<total>1</total>
				<timestamp>1136.612502</timestamp>
			</report>
			<report>
				<misses>3076001</misses>
				<total>1</total>
				<timestamp>1136.982115</timestamp>
			</report>
			<report>
				<misses>3077001</misses>
				<total>1</total>
				<timestamp>1137.351715</timestamp>
			</report>
			<report>
				<misses>3078001</misses>
				<total>1</total>
				<timestamp>1137.721351</timestamp>
			</report>
			<report>
				<misses>3079001</misses>
				<total>1</total>
				<timestamp>1138.090992</timestamp>
			</report>
			<report>
				<misses>3080001</misses>
				<total>1</total>
				<timestamp>1138.460605</timestamp>
			</report>
			<report>
				<misses>3081001</misses>
				<total>1</total>
				<timestamp>1138.830259</timestamp>
			</report>
			<report>
				<misses>3082001</misses>
				<total>1</total>
				<timestamp>1139.199895</timestamp>
			</report>
			<report>
				<misses>3083001</misses>
				<total>1</total>
				<timestamp>1139.569480</timestamp>
			</report>
			<report>
				<misses>3084001</misses>
				<total>1</total>
				<timestamp>1139.939166</timestamp>
			</report>
			<report>
				<misses>3085001</misses>
				<total>1</total>
				<timestamp>1140.308726</timestamp>
			</report>
			<report>
				<misses>3086001</misses>
				<total>1</total>
				<timestamp>1140.678367</timestamp>
			</report>
			<report>
				<misses>3087001</misses>
				<total>1</total>
				<timestamp>1141.048034</timestamp>
			</report>
			<report>
				<misses>3088001</misses>
				<total>1</total>
				<timestamp>1141.417638</timestamp>
			</report>
			<report>
				<misses>3089001</misses>
				<total>1</total>
				<timestamp>1141.787235</timestamp>
			</report>
			<report>
				<misses>3090001</misses>
				<total>1</total>
				<timestamp>1142.156865</timestamp>
			</report>
			<report>
				<misses>3091001</misses>
				<total>1</total>
				<timestamp>1142.526527</timestamp>
			</report>
			<report>
				<misses>3092001</misses>
				<total>1</total>
				<timestamp>1142.896123</timestamp>
			</report>
			<report>
				<misses>3093001</misses>
				<total>1</total>
				<timestamp>1143.265834</timestamp>
			</report>
			<report>
				<misses>3094001</misses>
				<total>1</total>
				<timestamp>1143.635394</timestamp>
			</report>
			<report>
				<misses>3095001</misses>
				<total>0</total>
				<timestamp>1144.005150</timestamp>
			</report>
			<report>
				<misses>3096001</misses>
				<total>1</total>
				<timestamp>1144.374645</timestamp>
			</report>
			<report>
				<misses>3097001</misses>
				<total>1</total>
				<timestamp>1144.744342</timestamp>
			</report>
			<report>
				<misses>3098001</misses>
				<total>1</total>
				<timestamp>1145.113984</timestamp>
			</report>
			<report>
				<misses>3099001</misses>
				<total>1</total>
				<timestamp>1145.483544</timestamp>
			</report>
			<report>
				<misses>3100001</misses>
				<total>1</total>
				<timestamp>1145.853217</timestamp>
			</report>
			<report>
				<misses>3101001</misses>
				<total>1</total>
				<timestamp>1146.222872</timestamp>
			</report>
			<report>
				<misses>3102001</misses>
				<total>1</total>
				<timestamp>1146.592425</timestamp>
			</report>
			<report>
				<misses>3103001</misses>
				<total>1</total>
				<timestamp>1146.962120</timestamp>
			</report>
			<report>
				<misses>3104001</misses>
				<total>1</total>
				<timestamp>1147.331726</timestamp>
			</report>
			<report>
				<misses>3105001</misses>
				<total>0</total>
				<timestamp>1147.701413</timestamp>
			</report>
			<report>
				<misses>3106001</misses>
				<total>1</total>
				<timestamp>1148.071012</timestamp>
			</report>
			<report>
				<misses>3107001</misses>
				<total>1</total>
				<timestamp>1148.440578</timestamp>
			</report>
			<report>
				<misses>3108001</misses>
				<total>1</total>
				<timestamp>1148.810194</timestamp>
			</report>
			<report>
				<misses>3109001</misses>
				<total>1</total>
				<timestamp>1149.179835</timestamp>
			</report>
			<report>
				<misses>3110001</misses>
				<total>1</total>
				<timestamp>1149.549485</timestamp>
			</report>
			<report>
				<misses>3111001</misses>
				<total>1</total>
				<timestamp>1149.919167</timestamp>
			</report>
			<report>
				<misses>3112001</misses>
				<total>0</total>
				<timestamp>1150.288811</timestamp>
			</report>
			<report>
				<misses>3113001</misses>
				<total>1</total>
				<timestamp>1150.658429</timestamp>
			</report>
			<report>
				<misses>3114001</misses>
				<total>0</total>
				<timestamp>1151.028158</timestamp>
			</report>
			<report>
				<misses>3115001</misses>
				<total>1</total>
				<timestamp>1151.397611</timestamp>
			</report>
			<report>
				<misses>3116001</misses>
				<total>1</total>
				<timestamp>1151.767246</timestamp>
			</report>
			<report>
				<misses>3117001</misses>
				<total>1</total>
				<timestamp>1152.136937</timestamp>
			</report>
			<report>
				<misses>3118001</misses>
				<total>1</total>
				<timestamp>1152.506516</timestamp>
			</report>
			<report>
				<misses>3119001</misses>
				<total>1</total>
				<timestamp>1152.876132</timestamp>
			</report>
			<report>
				<misses>3120001</misses>
				<total>1</total>
				<timestamp>1153.245759</timestamp>
			</report>
			<report>
				<misses>3121001</misses>
				<total>1</total>
				<timestamp>1153.615428</timestamp>
			</report>
			<report>
				<misses>3122001</misses>
				<total>1</total>
				<timestamp>1153.985052</timestamp>
			</report>
			<report>
				<misses>3123001</misses>
				<total>1</total>
				<timestamp>1154.354693</timestamp>
			</report>
			<report>
				<misses>3124001</misses>
				<total>1</total>
				<timestamp>1154.724330</timestamp>
			</report>
			<report>
				<misses>3125001</misses>
				<total>0</total>
				<timestamp>1155.094086</timestamp>
			</report>
			<report>
				<misses>3126001</misses>
				<total>1</total>
				<timestamp>1155.463553</timestamp>
			</report>
			<report>
				<misses>3127001</misses>
				<total>1</total>
				<timestamp>1155.833184</timestamp>
			</report>
			<report>
				<misses>3128001</misses>
				<total>1</total>
				<timestamp>1156.202933</timestamp>
			</report>
			<report>
				<misses>3129001</misses>
				<total>1</total>
				<timestamp>1156.572444</timestamp>
			</report>
			<report>
				<misses>3130001</misses>
				<total>1</total>
				<timestamp>1156.942080</timestamp>
			</report>
			<report>
				<misses>3131001</misses>
				<total>1</total>
				<timestamp>1157.311703</timestamp>
			</report>
			<report>
				<misses>3132001</misses>
				<total>1</total>
				<timestamp>1157.681359</timestamp>
			</report>
			<report>
				<misses>3133001</misses>
				<total>1</total>
				<timestamp>1158.050968</timestamp>
			</report>
			<report>
				<misses>3134001</misses>
				<total>1</total>
				<timestamp>1158.420589</timestamp>
			</report>
			<report>
				<misses>3135001</misses>
				<total>1</total>
				<timestamp>1158.790214</timestamp>
			</report>
			<report>
				<misses>3136001</misses>
				<total>1</total>
				<timestamp>1159.159954</timestamp>
			</report>
			<report>
				<misses>3137001</misses>
				<total>1</total>
				<timestamp>1159.529504</timestamp>
			</report>
			<report>
				<misses>3138001</misses>
				<total>1</total>
				<timestamp>1159.899131</timestamp>
			</report>
			<report>
				<misses>3139001</misses>
				<total>0</total>
				<timestamp>1160.268905</timestamp>
			</report>
			<report>
				<misses>3140001</misses>
				<total>0</total>
				<timestamp>1160.638478</timestamp>
			</report>
			<report>
				<misses>3141001</misses>
				<total>1</total>
				<timestamp>1161.008043</timestamp>
			</report>
			<report>
				<misses>3142001</misses>
				<total>1</total>
				<timestamp>1161.377620</timestamp>
			</report>
			<report>
				<misses>3143001</misses>
				<total>1</total>
				<timestamp>1161.747272</timestamp>
			</report>
			<report>
				<misses>3144001</misses>
				<total>1</total>
				<timestamp>1162.116938</timestamp>
			</report>
			<report>
				<misses>3145001</misses>
				<total>1</total>
				<timestamp>1162.486553</timestamp>
			</report>
			<report>
				<misses>3146001</misses>
				<total>1</total>
				<timestamp>1162.856178</timestamp>
			</report>
			<report>
				<misses>3147001</misses>
				<total>1</total>
				<timestamp>1163.225909</timestamp>
			</report>
			<report>
				<misses>3148001</misses>
				<total>1</total>
				<timestamp>1163.595404</timestamp>
			</report>
			<report>
				<misses>3149001</misses>
				<total>1</total>
				<timestamp>1163.965068</timestamp>
			</report>
			<report>
				<misses>3150001</misses>
				<total>1</total>
				<timestamp>1164.334669</timestamp>
			</report>
			<report>
				<misses>3151001</misses>
				<total>1</total>
				<timestamp>1164.704331</timestamp>
			</report>
			<report>
				<misses>3152001</misses>
				<total>1</total>
				<timestamp>1165.073987</timestamp>
			</report>
			<report>
				<misses>3153001</misses>
				<total>1</total>
				<timestamp>1165.443589</timestamp>
			</report>
			<report>
				<misses>3154001</misses>
				<total>1</total>
				<timestamp>1165.813246</timestamp>
			</report>
			<report>
				<misses>3155001</misses>
				<total>1</total>
				<timestamp>1166.182879</timestamp>
			</report>
			<report>
				<misses>3156001</misses>
				<total>1</total>
				<timestamp>1166.552443</timestamp>
			</report>
			<report>
				<misses>3157001</misses>
				<total>0</total>
				<timestamp>1166.922193</timestamp>
			</report>
			<report>
				<misses>3158001</misses>
				<total>1</total>
				<timestamp>1167.291761</timestamp>
			</report>
			<report>
				<misses>3159001</misses>
				<total>1</total>
				<timestamp>1167.661328</timestamp>
			</report>
			<report>
				<misses>3160001</misses>
				<total>1</total>
				<timestamp>1168.030981</timestamp>
			</report>
			<report>
				<misses>3161001</misses>
				<total>0</total>
				<timestamp>1168.400731</timestamp>
			</report>
			<report>
				<misses>3162001</misses>
				<total>1</total>
				<timestamp>1168.770255</timestamp>
			</report>
			<report>
				<misses>3163001</misses>
				<total>1</total>
				<timestamp>1169.139910</timestamp>
			</report>
			<report>
				<misses>3164001</misses>
				<total>1</total>
				<timestamp>1169.509479</timestamp>
			</report>
			<report>
				<misses>3165001</misses>
				<total>1</total>
				<timestamp>1169.879107</timestamp>
			</report>
			<report>
				<misses>3166001</misses>
				<total>1</total>
				<timestamp>1170.248832</timestamp>
			</report>
			<report>
				<misses>3167001</misses>
				<total>1</total>
				<timestamp>1170.618375</timestamp>
			</report>
			<report>
				<misses>3168001</misses>
				<total>1</total>
				<timestamp>1170.988020</timestamp>
			</report>
			<report>
				<misses>3169001</misses>
				<total>1</total>
				<timestamp>1171.357627</timestamp>
			</report>
			<report>
				<misses>3170001</misses>
				<total>1</total>
				<timestamp>1171.727253</timestamp>
			</report>
			<report>
				<misses>3171001</misses>
				<total>1</total>
				<timestamp>1172.096941</timestamp>
			</report>
			<report>
				<misses>3172001</misses>
				<total>1</total>
				<timestamp>1172.466543</timestamp>
			</report>
			<report>
				<misses>3173001</misses>
				<total>1</total>
				<timestamp>1172.836202</timestamp>
			</report>
			<report>
				<misses>3174001</misses>
				<total>1</total>
				<timestamp>1173.205878</timestamp>
			</report>
			<report>
				<misses>3175001</misses>
				<total>1</total>
				<timestamp>1173.575497</timestamp>
			</report>
			<report>
				<misses>3176001</misses>
				<total>1</total>
				<timestamp>1173.945108</timestamp>
			</report>
			<report>
				<misses>3177001</misses>
				<total>1</total>
				<timestamp>1174.314678</timestamp>
			</report>
			<report>
				<misses>3178001</misses>
				<total>1</total>
				<timestamp>1174.684344</timestamp>
			</report>
			<report>
				<misses>3179001</misses>
				<total>1</total>
				<timestamp>1175.053949</timestamp>
			</report>
			<report>
				<misses>3180001</misses>
				<total>1</total>
				<timestamp>1175.423563</timestamp>
			</report>
			<report>
				<misses>3181001</misses>
				<total>1</total>
				<timestamp>1175.793255</timestamp>
			</report>
			<report>
				<misses>3182001</misses>
				<total>1</total>
				<timestamp>1176.162838</timestamp>
			</report>
			<report>
				<misses>3183001</misses>
				<total>1</total>
				<timestamp>1176.532474</timestamp>
			</report>
			<report>
				<misses>3184001</misses>
				<total>1</total>
				<timestamp>1176.902164</timestamp>
			</report>
			<report>
				<misses>3185001</misses>
				<total>1</total>
				<timestamp>1177.271824</timestamp>
			</report>
			<report>
				<misses>3186001</misses>
				<total>1</total>
				<timestamp>1177.641365</timestamp>
			</report>
			<report>
				<misses>3187001</misses>
				<total>1</total>
				<timestamp>1178.011007</timestamp>
			</report>
			<report>
				<misses>3188001</misses>
				<total>1</total>
				<timestamp>1178.380601</timestamp>
			</report>
			<report>
				<misses>3189001</misses>
				<total>1</total>
				<timestamp>1178.750251</timestamp>
			</report>
			<report>
				<misses>3190001</misses>
				<total>1</total>
				<timestamp>1179.119902</timestamp>
			</report>
			<report>
				<misses>3191001</misses>
				<total>1</total>
				<timestamp>1179.489546</timestamp>
			</report>
			<report>
				<misses>3192001</misses>
				<total>1</total>
				<timestamp>1179.859160</timestamp>
			</report>
			<report>
				<misses>3193001</misses>
				<total>1</total>
				<timestamp>1180.228813</timestamp>
			</report>
			<report>
				<misses>3194001</misses>
				<total>1</total>
				<timestamp>1180.598412</timestamp>
			</report>
			<report>
				<misses>3195001</misses>
				<total>1</total>
				<timestamp>1180.968053</timestamp>
			</report>
			<report>
				<misses>3196001</misses>
				<total>1</total>
				<timestamp>1181.337742</timestamp>
			</report>
			<report>
				<misses>3197001</misses>
				<total>1</total>
				<timestamp>1181.707306</timestamp>
			</report>
			<report>
				<misses>3198001</misses>
				<total>1</total>
				<timestamp>1182.076945</timestamp>
			</report>
			<report>
				<misses>3199001</misses>
				<total>1</total>
				<timestamp>1182.446549</timestamp>
			</report>
			<report>
				<misses>3200001</misses>
				<total>1</total>
				<timestamp>1182.816192</timestamp>
			</report>
			<report>
				<misses>3201001</misses>
				<total>1</total>
				<timestamp>1183.185813</timestamp>
			</report>
			<report>
				<misses>3202001</misses>
				<total>1</total>
				<timestamp>1183.555445</timestamp>
			</report>
			<report>
				<misses>3203001</misses>
				<total>1</total>
				<timestamp>1183.925069</timestamp>
			</report>
			<report>
				<misses>3204001</misses>
				<total>1</total>
				<timestamp>1184.294772</timestamp>
			</report>
			<report>
				<misses>3205001</misses>
				<total>1</total>
				<timestamp>1184.664364</timestamp>
			</report>
			<report>
				<misses>3206001</misses>
				<total>1</total>
				<timestamp>1185.033951</timestamp>
			</report>
			<report>
				<misses>3207001</misses>
				<total>1</total>
				<timestamp>1185.403600</timestamp>
			</report>
			<report>
				<misses>3208001</misses>
				<total>1</total>
				<timestamp>1185.773235</timestamp>
			</report>
			<report>
				<misses>3209001</misses>
				<total>1</total>
				<timestamp>1186.142876</timestamp>
			</report>
			<report>
				<misses>3210001</misses>
				<total>0</total>
				<timestamp>1186.512570</timestamp>
			</report>
			<report>
				<misses>3211001</misses>
				<total>1</total>
				<timestamp>1186.882105</timestamp>
			</report>
			<report>
				<misses>3212001</misses>
				<total>1</total>
				<timestamp>1187.251812</timestamp>
			</report>
			<report>
				<misses>3213001</misses>
				<total>1</total>
				<timestamp>1187.621417</timestamp>
			</report>
			<report>
				<misses>3214001</misses>
				<total>1</total>
				<timestamp>1187.990998</timestamp>
			</report>
			<report>
				<misses>3215001</misses>
				<total>0</total>
				<timestamp>1188.360777</timestamp>
			</report>
			<report>
				<misses>3216001</misses>
				<total>1</total>
				<timestamp>1188.730277</timestamp>
			</report>
			<report>
				<misses>3217001</misses>
				<total>1</total>
				<timestamp>1189.099930</timestamp>
			</report>
			<report>
				<misses>3218001</misses>
				<total>1</total>
				<timestamp>1189.469501</timestamp>
			</report>
			<report>
				<misses>3219001</misses>
				<total>1</total>
				<timestamp>1189.839131</timestamp>
			</report>
			<report>
				<misses>3220001</misses>
				<total>1</total>
				<timestamp>1190.208853</timestamp>
			</report>
			<report>
				<misses>3221001</misses>
				<total>1</total>
				<timestamp>1190.578382</timestamp>
			</report>
			<report>
				<misses>3222001</misses>
				<total>1</total>
				<timestamp>1190.948054</timestamp>
			</report>
			<report>
				<misses>3223001</misses>
				<total>1</total>
				<timestamp>1191.317732</timestamp>
			</report>
			<report>
				<misses>3224001</misses>
				<total>1</total>
				<timestamp>1191.687350</timestamp>
			</report>
			<report>
				<misses>3225001</misses>
				<total>1</total>
				<timestamp>1192.056958</timestamp>
			</report>
			<report>
				<misses>3226001</misses>
				<total>1</total>
				<timestamp>1192.426555</timestamp>
			</report>
			<report>
				<misses>3227001</misses>
				<total>1</total>
				<timestamp>1192.796180</timestamp>
			</report>
			<report>
				<misses>3228001</misses>
				<total>1</total>
				<timestamp>1193.165836</timestamp>
			</report>
			<report>
				<misses>3229001</misses>
				<total>1</total>
				<timestamp>1193.535465</timestamp>
			</report>
			<report>
				<misses>3230001</misses>
				<total>1</total>
				<timestamp>1193.905096</timestamp>
			</report>
			<report>
				<misses>3231001</misses>
				<total>1</total>
				<timestamp>1194.274742</timestamp>
			</report>
			<report>
				<misses>3232001</misses>
				<total>1</total>
				<timestamp>1194.644319</timestamp>
			</report>
			<report>
				<misses>3233001</misses>
				<total>1</total>
				<timestamp>1195.014023</timestamp>
			</report>
			<report>
				<misses>3234001</misses>
				<total>1</total>
				<timestamp>1195.383686</timestamp>
			</report>
			<report>
				<misses>3235001</misses>
				<total>1</total>
				<timestamp>1195.753288</timestamp>
			</report>
			<report>
				<misses>3236001</misses>
				<total>1</total>
				<timestamp>1196.122868</timestamp>
			</report>
			<report>
				<misses>3237001</misses>
				<total>1</total>
				<timestamp>1196.492482</timestamp>
			</report>
			<report>
				<misses>3238001</misses>
				<total>1</total>
				<timestamp>1196.862150</timestamp>
			</report>
			<report>
				<misses>3239001</misses>
				<total>1</total>
				<timestamp>1197.231825</timestamp>
			</report>
			<report>
				<misses>3240001</misses>
				<total>1</total>
				<timestamp>1197.601393</timestamp>
			</report>
			<report>
				<misses>3241001</misses>
				<total>1</total>
				<timestamp>1197.971031</timestamp>
			</report>
			<report>
				<misses>3242001</misses>
				<total>0</total>
				<timestamp>1198.340745</timestamp>
			</report>
			<report>
				<misses>3243001</misses>
				<total>1</total>
				<timestamp>1198.710259</timestamp>
			</report>
			<report>
				<misses>3244001</misses>
				<total>1</total>
				<timestamp>1199.079890</timestamp>
			</report>
			<report>
				<misses>3245001</misses>
				<total>1</total>
				<timestamp>1199.449639</timestamp>
			</report>
			<report>
				<misses>3246001</misses>
				<total>1</total>
				<timestamp>1199.819231</timestamp>
			</report>
			<report>
				<misses>3247001</misses>
				<total>1</total>
				<timestamp>1200.188791</timestamp>
			</report>
			<report>
				<misses>3248001</misses>
				<total>1</total>
				<timestamp>1200.558413</timestamp>
			</report>
			<report>
				<misses>3249001</misses>
				<total>1</total>
				<timestamp>1200.928089</timestamp>
			</report>
			<report>
				<misses>3250001</misses>
				<total>1</total>
				<timestamp>1201.297707</timestamp>
			</report>
			<report>
				<misses>3251001</misses>
				<total>1</total>
				<timestamp>1201.667296</timestamp>
			</report>
			<report>
				<misses>3252001</misses>
				<total>0</total>
				<timestamp>1202.037046</timestamp>
			</report>
			<report>
				<misses>3253001</misses>
				<total>0</total>
				<timestamp>1202.406680</timestamp>
			</report>
			<report>
				<misses>3254001</misses>
				<total>1</total>
				<timestamp>1202.776245</timestamp>
			</report>
			<report>
				<misses>3255001</misses>
				<total>1</total>
				<timestamp>1203.145808</timestamp>
			</report>
			<report>
				<misses>3256001</misses>
				<total>1</total>
				<timestamp>1203.515447</timestamp>
			</report>
			<report>
				<misses>3257001</misses>
				<total>1</total>
				<timestamp>1203.885071</timestamp>
			</report>
			<report>
				<misses>3258001</misses>
				<total>1</total>
				<timestamp>1204.254800</timestamp>
			</report>
			<report>
				<misses>3259001</misses>
				<total>1</total>
				<timestamp>1204.624383</timestamp>
			</report>
			<report>
				<misses>3260001</misses>
				<total>1</total>
				<timestamp>1204.993991</timestamp>
			</report>
			<report>
				<misses>3261001</misses>
				<total>1</total>
				<timestamp>1205.363633</timestamp>
			</report>
			<report>
				<misses>3262001</misses>
				<total>1</total>
				<timestamp>1205.733255</timestamp>
			</report>
			<report>
				<misses>3263001</misses>
				<total>1</total>
				<timestamp>1206.102872</timestamp>
			</report>
			<report>
				<misses>3264001</misses>
				<total>1</total>
				<timestamp>1206.472588</timestamp>
			</report>
			<report>
				<misses>3265001</misses>
				<total>1</total>
				<timestamp>1206.842179</timestamp>
			</report>
			<report>
				<misses>3266001</misses>
				<total>1</total>
				<timestamp>1207.211800</timestamp>
			</report>
			<report>
				<misses>3267001</misses>
				<total>1</total>
				<timestamp>1207.581376</timestamp>
			</report>
			<report>
				<misses>3268001</misses>
				<total>1</total>
				<timestamp>1207.951042</timestamp>
			</report>
			<report>
				<misses>3269001</misses>
				<total>1</total>
				<timestamp>1208.320678</timestamp>
			</report>
			<report>
				<misses>3270001</misses>
				<total>1</total>
				<timestamp>1208.690256</timestamp>
			</report>
			<report>
				<misses>3271001</misses>
				<total>1</total>
				<timestamp>1209.059905</timestamp>
			</report>
			<report>
				<misses>3272001</misses>
				<total>1</total>
				<timestamp>1209.429613</timestamp>
			</report>
			<report>
				<misses>3273001</misses>
				<total>1</total>
				<timestamp>1209.799189</timestamp>
			</report>
			<report>
				<misses>3274001</misses>
				<total>1</total>
				<timestamp>1210.168809</timestamp>
			</report>
			<report>
				<misses>3275001</misses>
				<total>1</total>
				<timestamp>1210.538442</timestamp>
			</report>
			<report>
				<misses>3276001</misses>
				<total>1</total>
				<timestamp>1210.908047</timestamp>
			</report>
			<report>
				<misses>3277001</misses>
				<total>1</total>
				<timestamp>1211.277736</timestamp>
			</report>
			<report>
				<misses>3278001</misses>
				<total>1</total>
				<timestamp>1211.647340</timestamp>
			</report>
			<report>
				<misses>3279001</misses>
				<total>1</total>
				<timestamp>1212.016929</timestamp>
			</report>
			<report>
				<misses>3280001</misses>
				<total>1</total>
				<timestamp>1212.386589</timestamp>
			</report>
			<report>
				<misses>3281001</misses>
				<total>1</total>
				<timestamp>1212.756262</timestamp>
			</report>
			<report>
				<misses>3282001</misses>
				<total>1</total>
				<timestamp>1213.125926</timestamp>
			</report>
			<report>
				<misses>3283001</misses>
				<total>1</total>
				<timestamp>1213.495543</timestamp>
			</report>
			<report>
				<misses>3284001</misses>
				<total>1</total>
				<timestamp>1213.865097</timestamp>
			</report>
			<report>
				<misses>3285001</misses>
				<total>1</total>
				<timestamp>1214.234766</timestamp>
			</report>
			<report>
				<misses>3286001</misses>
				<total>1</total>
				<timestamp>1214.604353</timestamp>
			</report>
			<report>
				<misses>3287001</misses>
				<total>1</total>
				<timestamp>1214.974035</timestamp>
			</report>
			<report>
				<misses>3288001</misses>
				<total>1</total>
				<timestamp>1215.343624</timestamp>
			</report>
			<report>
				<misses>3289001</misses>
				<total>1</total>
				<timestamp>1215.713243</timestamp>
			</report>
			<report>
				<misses>3290001</misses>
				<total>1</total>
				<timestamp>1216.082869</timestamp>
			</report>
			<report>
				<misses>3291001</misses>
				<total>1</total>
				<timestamp>1216.452556</timestamp>
			</report>
			<report>
				<misses>3292001</misses>
				<total>1</total>
				<timestamp>1216.822146</timestamp>
			</report>
			<report>
				<misses>3293001</misses>
				<total>1</total>
				<timestamp>1217.191760</timestamp>
			</report>
			<report>
				<misses>3294001</misses>
				<total>1</total>
				<timestamp>1217.561391</timestamp>
			</report>
			<report>
				<misses>3295001</misses>
				<total>1</total>
				<timestamp>1217.931037</timestamp>
			</report>
			<report>
				<misses>3296001</misses>
				<total>1</total>
				<timestamp>1218.300697</timestamp>
			</report>
			<report>
				<misses>3297001</misses>
				<total>1</total>
				<timestamp>1218.670319</timestamp>
			</report>
			<report>
				<misses>3298001</misses>
				<total>1</total>
				<timestamp>1219.039894</timestamp>
			</report>
			<report>
				<misses>3299001</misses>
				<total>1</total>
				<timestamp>1219.409537</timestamp>
			</report>
			<report>
				<misses>3300001</misses>
				<total>1</total>
				<timestamp>1219.779191</timestamp>
			</report>
			<report>
				<misses>3301001</misses>
				<total>1</total>
				<timestamp>1220.148865</timestamp>
			</report>
			<report>
				<misses>3302001</misses>
				<total>1</total>
				<timestamp>1220.518479</timestamp>
			</report>
			<report>
				<misses>3303001</misses>
				<total>0</total>
				<timestamp>1220.888144</timestamp>
			</report>
			<report>
				<misses>3304001</misses>
				<total>1</total>
				<timestamp>1221.257677</timestamp>
			</report>
			<report>
				<misses>3305001</misses>
				<total>1</total>
				<timestamp>1221.627326</timestamp>
			</report>
			<report>
				<misses>3306001</misses>
				<total>1</total>
				<timestamp>1221.997014</timestamp>
			</report>
			<report>
				<misses>3307001</misses>
				<total>1</total>
				<timestamp>1222.366600</timestamp>
			</report>
			<report>
				<misses>3308001</misses>
				<total>1</total>
				<timestamp>1222.736198</timestamp>
			</report>
			<report>
				<misses>3309001</misses>
				<total>1</total>
				<timestamp>1223.105839</timestamp>
			</report>
			<report>
				<misses>3310001</misses>
				<total>1</total>
				<timestamp>1223.475517</timestamp>
			</report>
			<report>
				<misses>3311001</misses>
				<total>1</total>
				<timestamp>1223.845134</timestamp>
			</report>
			<report>
				<misses>3312001</misses>
				<total>0</total>
				<timestamp>1224.214819</timestamp>
			</report>
			<report>
				<misses>3313001</misses>
				<total>1</total>
				<timestamp>1224.584376</timestamp>
			</report>
			<report>
				<misses>3314001</misses>
				<total>0</total>
				<timestamp>1224.954109</timestamp>
			</report>
			<report>
				<misses>3315001</misses>
				<total>0</total>
				<timestamp>1225.323718</timestamp>
			</report>
			<report>
				<misses>3316001</misses>
				<total>0</total>
				<timestamp>1225.693337</timestamp>
			</report>
			<report>
				<misses>3317001</misses>
				<total>1</total>
				<timestamp>1226.062955</timestamp>
			</report>
			<report>
				<misses>3318001</misses>
				<total>1</total>
				<timestamp>1226.432617</timestamp>
			</report>
			<report>
				<misses>3319001</misses>
				<total>1</total>
				<timestamp>1226.802169</timestamp>
			</report>
			<report>
				<misses>3320001</misses>
				<total>1</total>
				<timestamp>1227.171800</timestamp>
			</report>
			<report>
				<misses>3321001</misses>
				<total>1</total>
				<timestamp>1227.541402</timestamp>
			</report>
			<report>
				<misses>3322001</misses>
				<total>1</total>
				<timestamp>1227.911051</timestamp>
			</report>
			<report>
				<misses>3323001</misses>
				<total>1</total>
				<timestamp>1228.280677</timestamp>
			</report>
			<report>
				<misses>3324001</misses>
				<total>1</total>
				<timestamp>1228.650321</timestamp>
			</report>
			<report>
				<misses>3325001</misses>
				<total>1</total>
				<timestamp>1229.019960</timestamp>
			</report>
			<report>
				<misses>3326001</misses>
				<total>1</total>
				<timestamp>1229.389599</timestamp>
			</report>
			<report>
				<misses>3327001</misses>
				<total>1</total>
				<timestamp>1229.759224</timestamp>
			</report>
			<report>
				<misses>3328001</misses>
				<total>1</total>
				<timestamp>1230.128875</timestamp>
			</report>
			<report>
				<misses>3329001</misses>
				<total>1</total>
				<timestamp>1230.498481</timestamp>
			</report>
			<report>
				<misses>3330001</misses>
				<total>1</total>
				<timestamp>1230.868112</timestamp>
			</report>
			<report>
				<misses>3331001</misses>
				<total>1</total>
				<timestamp>1231.237711</timestamp>
			</report>
			<report>
				<misses>3332001</misses>
				<total>1</total>
				<timestamp>1231.607334</timestamp>
			</report>
			<report>
				<misses>3333001</misses>
				<total>1</total>
				<timestamp>1231.976987</timestamp>
			</report>
			<report>
				<misses>3334001</misses>
				<total>1</total>
				<timestamp>1232.346600</timestamp>
			</report>
			<report>
				<misses>3335001</misses>
				<total>1</total>
				<timestamp>1232.716252</timestamp>
			</report>
			<report>
				<misses>3336001</misses>
				<total>1</total>
				<timestamp>1233.085865</timestamp>
			</report>
			<report>
				<misses>3337001</misses>
				<total>1</total>
				<timestamp>1233.455585</timestamp>
			</report>
			<report>
				<misses>3338001</misses>
				<total>1</total>
				<timestamp>1233.825104</timestamp>
			</report>
			<report>
				<misses>3339001</misses>
				<total>1</total>
				<timestamp>1234.194740</timestamp>
			</report>
			<report>
				<misses>3340001</misses>
				<total>1</total>
				<timestamp>1234.564423</timestamp>
			</report>
			<report>
				<misses>3341001</misses>
				<total>1</total>
				<timestamp>1234.934080</timestamp>
			</report>
			<report>
				<misses>3342001</misses>
				<total>1</total>
				<timestamp>1235.303624</timestamp>
			</report>
			<report>
				<misses>3343001</misses>
				<total>1</total>
				<timestamp>1235.673309</timestamp>
			</report>
			<report>
				<misses>3344001</misses>
				<total>1</total>
				<timestamp>1236.042931</timestamp>
			</report>
			<report>
				<misses>3345001</misses>
				<total>1</total>
				<timestamp>1236.412621</timestamp>
			</report>
			<report>
				<misses>3346001</misses>
				<total>1</total>
				<timestamp>1236.782156</timestamp>
			</report>
			<report>
				<misses>3347001</misses>
				<total>1</total>
				<timestamp>1237.151813</timestamp>
			</report>
			<report>
				<misses>3348001</misses>
				<total>1</total>
				<timestamp>1237.521490</timestamp>
			</report>
			<report>
				<misses>3349001</misses>
				<total>1</total>
				<timestamp>1237.891034</timestamp>
			</report>
			<report>
				<misses>3350001</misses>
				<total>1</total>
				<timestamp>1238.260688</timestamp>
			</report>
			<report>
				<misses>3351001</misses>
				<total>1</total>
				<timestamp>1238.630301</timestamp>
			</report>
			<report>
				<misses>3352001</misses>
				<total>1</total>
				<timestamp>1238.999929</timestamp>
			</report>
			<report>
				<misses>3353001</misses>
				<total>1</total>
				<timestamp>1239.369592</timestamp>
			</report>
			<report>
				<misses>3354001</misses>
				<total>1</total>
				<timestamp>1239.739208</timestamp>
			</report>
			<report>
				<misses>3355001</misses>
				<total>1</total>
				<timestamp>1240.108822</timestamp>
			</report>
			<report>
				<misses>3356001</misses>
				<total>1</total>
				<timestamp>1240.478461</timestamp>
			</report>
			<report>
				<misses>3357001</misses>
				<total>1</total>
				<timestamp>1240.848120</timestamp>
			</report>
			<report>
				<misses>3358001</misses>
				<total>1</total>
				<timestamp>1241.217725</timestamp>
			</report>
			<report>
				<misses>3359001</misses>
				<total>1</total>
				<timestamp>1241.587348</timestamp>
			</report>
			<report>
				<misses>3360001</misses>
				<total>1</total>
				<timestamp>1241.957005</timestamp>
			</report>
			<report>
				<misses>3361001</misses>
				<total>1</total>
				<timestamp>1242.326680</timestamp>
			</report>
			<report>
				<misses>3362001</misses>
				<total>1</total>
				<timestamp>1242.696255</timestamp>
			</report>
			<report>
				<misses>3363001</misses>
				<total>1</total>
				<timestamp>1243.065862</timestamp>
			</report>
			<report>
				<misses>3364001</misses>
				<total>1</total>
				<timestamp>1243.435512</timestamp>
			</report>
			<report>
				<misses>3365001</misses>
				<total>1</total>
				<timestamp>1243.805128</timestamp>
			</report>
			<report>
				<misses>3366001</misses>
				<total>1</total>
				<timestamp>1244.174747</timestamp>
			</report>
			<report>
				<misses>3367001</misses>
				<total>1</total>
				<timestamp>1244.544487</timestamp>
			</report>
			<report>
				<misses>3368001</misses>
				<total>1</total>
				<timestamp>1244.913999</timestamp>
			</report>
			<report>
				<misses>3369001</misses>
				<total>1</total>
				<timestamp>1245.283683</timestamp>
			</report>
			<report>
				<misses>3370001</misses>
				<total>1</total>
				<timestamp>1245.653293</timestamp>
			</report>
			<report>
				<misses>3371001</misses>
				<total>1</total>
				<timestamp>1246.022912</timestamp>
			</report>
			<report>
				<misses>3372001</misses>
				<total>1</total>
				<timestamp>1246.392553</timestamp>
			</report>
			<report>
				<misses>3373001</misses>
				<total>1</total>
				<timestamp>1246.762152</timestamp>
			</report>
			<report>
				<misses>3374001</misses>
				<total>1</total>
				<timestamp>1247.131779</timestamp>
			</report>
			<report>
				<misses>3375001</misses>
				<total>1</total>
				<timestamp>1247.501447</timestamp>
			</report>
			<report>
				<misses>3376001</misses>
				<total>1</total>
				<timestamp>1247.871073</timestamp>
			</report>
			<report>
				<misses>3377001</misses>
				<total>0</total>
				<timestamp>1248.240775</timestamp>
			</report>
			<report>
				<misses>3378001</misses>
				<total>1</total>
				<timestamp>1248.610345</timestamp>
			</report>
			<report>
				<misses>3379001</misses>
				<total>1</total>
				<timestamp>1248.979973</timestamp>
			</report>
			<report>
				<misses>3380001</misses>
				<total>1</total>
				<timestamp>1249.349596</timestamp>
			</report>
			<report>
				<misses>3381001</misses>
				<total>1</total>
				<timestamp>1249.719210</timestamp>
			</report>
			<report>
				<misses>3382001</misses>
				<total>1</total>
				<timestamp>1250.088822</timestamp>
			</report>
			<report>
				<misses>3383001</misses>
				<total>1</total>
				<timestamp>1250.458508</timestamp>
			</report>
			<report>
				<misses>3384001</misses>
				<total>1</total>
				<timestamp>1250.828126</timestamp>
			</report>
			<report>
				<misses>3385001</misses>
				<total>1</total>
				<timestamp>1251.197799</timestamp>
			</report>
			<report>
				<misses>3386001</misses>
				<total>0</total>
				<timestamp>1251.567492</timestamp>
			</report>
			<report>
				<misses>3387001</misses>
				<total>0</total>
				<timestamp>1251.937078</timestamp>
			</report>
			<report>
				<misses>3388001</misses>
				<total>1</total>
				<timestamp>1252.306606</timestamp>
			</report>
			<report>
				<misses>3389001</misses>
				<total>1</total>
				<timestamp>1252.676304</timestamp>
			</report>
			<report>
				<misses>3390001</misses>
				<total>1</total>
				<timestamp>1253.045870</timestamp>
			</report>
			<report>
				<misses>3391001</misses>
				<total>1</total>
				<timestamp>1253.415531</timestamp>
			</report>
			<report>
				<misses>3392001</misses>
				<total>1</total>
				<timestamp>1253.785122</timestamp>
			</report>
			<report>
				<misses>3393001</misses>
				<total>1</total>
				<timestamp>1254.154847</timestamp>
			</report>
			<report>
				<misses>3394001</misses>
				<total>1</total>
				<timestamp>1254.524410</timestamp>
			</report>
			<report>
				<misses>3395001</misses>
				<total>1</total>
				<timestamp>1254.894046</timestamp>
			</report>
			<report>
				<misses>3396001</misses>
				<total>0</total>
				<timestamp>1255.263736</timestamp>
			</report>
			<report>
				<misses>3397001</misses>
				<total>1</total>
				<timestamp>1255.633353</timestamp>
			</report>
			<report>
				<misses>3398001</misses>
				<total>1</total>
				<timestamp>1256.002924</timestamp>
			</report>
			<report>
				<misses>3399001</misses>
				<total>1</total>
				<timestamp>1256.372528</timestamp>
			</report>
			<report>
				<misses>3400001</misses>
				<total>1</total>
				<timestamp>1256.742242</timestamp>
			</report>
			<report>
				<misses>3401001</misses>
				<total>1</total>
				<timestamp>1257.111796</timestamp>
			</report>
			<report>
				<misses>3402001</misses>
				<total>1</total>
				<timestamp>1257.481477</timestamp>
			</report>
			<report>
				<misses>3403001</misses>
				<total>1</total>
				<timestamp>1257.851069</timestamp>
			</report>
			<report>
				<misses>3404001</misses>
				<total>1</total>
				<timestamp>1258.220686</timestamp>
			</report>
			<report>
				<misses>3405001</misses>
				<total>1</total>
				<timestamp>1258.590325</timestamp>
			</report>
			<report>
				<misses>3406001</misses>
				<total>0</total>
				<timestamp>1258.960062</timestamp>
			</report>
			<report>
				<misses>3407001</misses>
				<total>1</total>
				<timestamp>1259.329587</timestamp>
			</report>
			<report>
				<misses>3408001</misses>
				<total>1</total>
				<timestamp>1259.699299</timestamp>
			</report>
			<report>
				<misses>3409001</misses>
				<total>1</total>
				<timestamp>1260.068841</timestamp>
			</report>
			<report>
				<misses>3410001</misses>
				<total>1</total>
				<timestamp>1260.438494</timestamp>
			</report>
			<report>
				<misses>3411001</misses>
				<total>1</total>
				<timestamp>1260.808173</timestamp>
			</report>
			<report>
				<misses>3412001</misses>
				<total>1</total>
				<timestamp>1261.177793</timestamp>
			</report>
			<report>
				<misses>3413001</misses>
				<total>1</total>
				<timestamp>1261.547414</timestamp>
			</report>
			<report>
				<misses>3414001</misses>
				<total>1</total>
				<timestamp>1261.916983</timestamp>
			</report>
			<report>
				<misses>3415001</misses>
				<total>1</total>
				<timestamp>1262.286672</timestamp>
			</report>
			<report>
				<misses>3416001</misses>
				<total>1</total>
				<timestamp>1262.656330</timestamp>
			</report>
			<report>
				<misses>3417001</misses>
				<total>1</total>
				<timestamp>1263.025888</timestamp>
			</report>
			<report>
				<misses>3418001</misses>
				<total>1</total>
				<timestamp>1263.395499</timestamp>
			</report>
			<report>
				<misses>3419001</misses>
				<total>1</total>
				<timestamp>1263.765178</timestamp>
			</report>
			<report>
				<misses>3420001</misses>
				<total>1</total>
				<timestamp>1264.134761</timestamp>
			</report>
			<report>
				<misses>3421001</misses>
				<total>1</total>
				<timestamp>1264.504432</timestamp>
			</report>
			<report>
				<misses>3422001</misses>
				<total>1</total>
				<timestamp>1264.874031</timestamp>
			</report>
			<report>
				<misses>3423001</misses>
				<total>1</total>
				<timestamp>1265.243656</timestamp>
			</report>
			<report>
				<misses>3424001</misses>
				<total>1</total>
				<timestamp>1265.613319</timestamp>
			</report>
			<report>
				<misses>3425001</misses>
				<total>1</total>
				<timestamp>1265.982945</timestamp>
			</report>
			<report>
				<misses>3426001</misses>
				<total>1</total>
				<timestamp>1266.352537</timestamp>
			</report>
			<report>
				<misses>3427001</misses>
				<total>1</total>
				<timestamp>1266.722215</timestamp>
			</report>
			<report>
				<misses>3428001</misses>
				<total>1</total>
				<timestamp>1267.091830</timestamp>
			</report>
			<report>
				<misses>3429001</misses>
				<total>0</total>
				<timestamp>1267.461533</timestamp>
			</report>
			<report>
				<misses>3430001</misses>
				<total>1</total>
				<timestamp>1267.831094</timestamp>
			</report>
			<report>
				<misses>3431001</misses>
				<total>1</total>
				<timestamp>1268.200725</timestamp>
			</report>
			<report>
				<misses>3432001</misses>
				<total>1</total>
				<timestamp>1268.570355</timestamp>
			</report>
			<report>
				<misses>3433001</misses>
				<total>1</total>
				<timestamp>1268.939958</timestamp>
			</report>
			<report>
				<misses>3434001</misses>
				<total>1</total>
				<timestamp>1269.309618</timestamp>
			</report>
			<report>
				<misses>3435001</misses>
				<total>1</total>
				<timestamp>1269.679308</timestamp>
			</report>
			<report>
				<misses>3436001</misses>
				<total>1</total>
				<timestamp>1270.048859</timestamp>
			</report>
			<report>
				<misses>3437001</misses>
				<total>1</total>
				<timestamp>1270.418485</timestamp>
			</report>
			<report>
				<misses>3438001</misses>
				<total>1</total>
				<timestamp>1270.788141</timestamp>
			</report>
			<report>
				<misses>3439001</misses>
				<total>1</total>
				<timestamp>1271.157752</timestamp>
			</report>
			<report>
				<misses>3440001</misses>
				<total>1</total>
				<timestamp>1271.527440</timestamp>
			</report>
			<report>
				<misses>3441001</misses>
				<total>1</total>
				<timestamp>1271.897062</timestamp>
			</report>
			<report>
				<misses>3442001</misses>
				<total>1</total>
				<timestamp>1272.266644</timestamp>
			</report>
			<report>
				<misses>3443001</misses>
				<total>1</total>
				<timestamp>1272.636365</timestamp>
			</report>
			<report>
				<misses>3444001</misses>
				<total>1</total>
				<timestamp>1273.005960</timestamp>
			</report>
			<report>
				<misses>3445001</misses>
				<total>1</total>
				<timestamp>1273.375525</timestamp>
			</report>
			<report>
				<misses>3446001</misses>
				<total>1</total>
				<timestamp>1273.745237</timestamp>
			</report>
			<report>
				<misses>3447001</misses>
				<total>1</total>
				<timestamp>1274.114793</timestamp>
			</report>
			<report>
				<misses>3448001</misses>
				<total>0</total>
				<timestamp>1274.484542</timestamp>
			</report>
			<report>
				<misses>3449001</misses>
				<total>1</total>
				<timestamp>1274.854056</timestamp>
			</report>
			<report>
				<misses>3450001</misses>
				<total>1</total>
				<timestamp>1275.223669</timestamp>
			</report>
			<report>
				<misses>3451001</misses>
				<total>1</total>
				<timestamp>1275.593321</timestamp>
			</report>
			<report>
				<misses>3452001</misses>
				<total>1</total>
				<timestamp>1275.962961</timestamp>
			</report>
			<report>
				<misses>3453001</misses>
				<total>1</total>
				<timestamp>1276.332551</timestamp>
			</report>
			<report>
				<misses>3454001</misses>
				<total>1</total>
				<timestamp>1276.702189</timestamp>
			</report>
			<report>
				<misses>3455001</misses>
				<total>1</total>
				<timestamp>1277.071948</timestamp>
			</report>
			<report>
				<misses>3456001</misses>
				<total>1</total>
				<timestamp>1277.441448</timestamp>
			</report>
			<report>
				<misses>3457001</misses>
				<total>1</total>
				<timestamp>1277.811127</timestamp>
			</report>
			<report>
				<misses>3458001</misses>
				<total>1</total>
				<timestamp>1278.180742</timestamp>
			</report>
			<report>
				<misses>3459001</misses>
				<total>1</total>
				<timestamp>1278.550372</timestamp>
			</report>
			<report>
				<misses>3460001</misses>
				<total>1</total>
				<timestamp>1278.920054</timestamp>
			</report>
			<report>
				<misses>3461001</misses>
				<total>1</total>
				<timestamp>1279.289591</timestamp>
			</report>
			<report>
				<misses>3462001</misses>
				<total>1</total>
				<timestamp>1279.659251</timestamp>
			</report>
			<report>
				<misses>3463001</misses>
				<total>1</total>
				<timestamp>1280.028911</timestamp>
			</report>
			<report>
				<misses>3464001</misses>
				<total>1</total>
				<timestamp>1280.398494</timestamp>
			</report>
			<report>
				<misses>3465001</misses>
				<total>1</total>
				<timestamp>1280.768174</timestamp>
			</report>
			<report>
				<misses>3466001</misses>
				<total>1</total>
				<timestamp>1281.137773</timestamp>
			</report>
			<report>
				<misses>3467001</misses>
				<total>1</total>
				<timestamp>1281.507381</timestamp>
			</report>
			<report>
				<misses>3468001</misses>
				<total>1</total>
				<timestamp>1281.877041</timestamp>
			</report>
			<report>
				<misses>3469001</misses>
				<total>1</total>
				<timestamp>1282.246677</timestamp>
			</report>
			<report>
				<misses>3470001</misses>
				<total>1</total>
				<timestamp>1282.616312</timestamp>
			</report>
			<report>
				<misses>3471001</misses>
				<total>1</total>
				<timestamp>1282.985920</timestamp>
			</report>
			<report>
				<misses>3472001</misses>
				<total>1</total>
				<timestamp>1283.355529</timestamp>
			</report>
			<report>
				<misses>3473001</misses>
				<total>1</total>
				<timestamp>1283.725205</timestamp>
			</report>
			<report>
				<misses>3474001</misses>
				<total>0</total>
				<timestamp>1284.094880</timestamp>
			</report>
			<report>
				<misses>3475001</misses>
				<total>1</total>
				<timestamp>1284.464452</timestamp>
			</report>
			<report>
				<misses>3476001</misses>
				<total>1</total>
				<timestamp>1284.834129</timestamp>
			</report>
			<report>
				<misses>3477001</misses>
				<total>1</total>
				<timestamp>1285.203697</timestamp>
			</report>
			<report>
				<misses>3478001</misses>
				<total>1</total>
				<timestamp>1285.573337</timestamp>
			</report>
			<report>
				<misses>3479001</misses>
				<total>1</total>
				<timestamp>1285.942928</timestamp>
			</report>
			<report>
				<misses>3480001</misses>
				<total>1</total>
				<timestamp>1286.312554</timestamp>
			</report>
			<report>
				<misses>3481001</misses>
				<total>1</total>
				<timestamp>1286.682219</timestamp>
			</report>
			<report>
				<misses>3482001</misses>
				<total>1</total>
				<timestamp>1287.051875</timestamp>
			</report>
			<report>
				<misses>3483001</misses>
				<total>1</total>
				<timestamp>1287.421501</timestamp>
			</report>
			<report>
				<misses>3484001</misses>
				<total>0</total>
				<timestamp>1287.791174</timestamp>
			</report>
			<report>
				<misses>3485001</misses>
				<total>1</total>
				<timestamp>1288.160749</timestamp>
			</report>
			<report>
				<misses>3486001</misses>
				<total>1</total>
				<timestamp>1288.530394</timestamp>
			</report>
			<report>
				<misses>3487001</misses>
				<total>1</total>
				<timestamp>1288.899988</timestamp>
			</report>
			<report>
				<misses>3488001</misses>
				<total>1</total>
				<timestamp>1289.269627</timestamp>
			</report>
			<report>
				<misses>3489001</misses>
				<total>1</total>
				<timestamp>1289.639288</timestamp>
			</report>
			<report>
				<misses>3490001</misses>
				<total>1</total>
				<timestamp>1290.008862</timestamp>
			</report>
			<report>
				<misses>3491001</misses>
				<total>1</total>
				<timestamp>1290.378521</timestamp>
			</report>
			<report>
				<misses>3492001</misses>
				<total>0</total>
				<timestamp>1290.748232</timestamp>
			</report>
			<report>
				<misses>3493001</misses>
				<total>1</total>
				<timestamp>1291.117802</timestamp>
			</report>
			<report>
				<misses>3494001</misses>
				<total>1</total>
				<timestamp>1291.487423</timestamp>
			</report>
			<report>
				<misses>3495001</misses>
				<total>1</total>
				<timestamp>1291.857086</timestamp>
			</report>
			<report>
				<misses>3496001</misses>
				<total>1</total>
				<timestamp>1292.226718</timestamp>
			</report>
			<report>
				<misses>3497001</misses>
				<total>1</total>
				<timestamp>1292.596268</timestamp>
			</report>
			<report>
				<misses>3498001</misses>
				<total>1</total>
				<timestamp>1292.965955</timestamp>
			</report>
			<report>
				<misses>3499001</misses>
				<total>0</total>
				<timestamp>1293.335631</timestamp>
			</report>
			<report>
				<misses>3500001</misses>
				<total>1</total>
				<timestamp>1293.705235</timestamp>
			</report>
			<report>
				<misses>3501001</misses>
				<total>1</total>
				<timestamp>1294.074827</timestamp>
			</report>
			<report>
				<misses>3502001</misses>
				<total>1</total>
				<timestamp>1294.444423</timestamp>
			</report>
			<report>
				<misses>3503001</misses>
				<total>0</total>
				<timestamp>1294.814195</timestamp>
			</report>
			<report>
				<misses>3504001</misses>
				<total>1</total>
				<timestamp>1295.183739</timestamp>
			</report>
			<report>
				<misses>3505001</misses>
				<total>0</total>
				<timestamp>1295.553422</timestamp>
			</report>
			<report>
				<misses>3506001</misses>
				<total>1</total>
				<timestamp>1295.923008</timestamp>
			</report>
			<report>
				<misses>3507001</misses>
				<total>1</total>
				<timestamp>1296.292583</timestamp>
			</report>
			<report>
				<misses>3508001</misses>
				<total>1</total>
				<timestamp>1296.662209</timestamp>
			</report>
			<report>
				<misses>3509001</misses>
				<total>1</total>
				<timestamp>1297.031888</timestamp>
			</report>
			<report>
				<misses>3510001</misses>
				<total>1</total>
				<timestamp>1297.401529</timestamp>
			</report>
			<report>
				<misses>3511001</misses>
				<total>1</total>
				<timestamp>1297.771106</timestamp>
			</report>
			<report>
				<misses>3512001</misses>
				<total>1</total>
				<timestamp>1298.140743</timestamp>
			</report>
			<report>
				<misses>3513001</misses>
				<total>1</total>
				<timestamp>1298.510381</timestamp>
			</report>
			<report>
				<misses>3514001</misses>
				<total>1</total>
				<timestamp>1298.880035</timestamp>
			</report>
			<report>
				<misses>3515001</misses>
				<total>1</total>
				<timestamp>1299.249645</timestamp>
			</report>
			<report>
				<misses>3516001</misses>
				<total>1</total>
				<timestamp>1299.619254</timestamp>
			</report>
			<report>
				<misses>3517001</misses>
				<total>1</total>
				<timestamp>1299.988878</timestamp>
			</report>
			<report>
				<misses>3518001</misses>
				<total>1</total>
				<timestamp>1300.358509</timestamp>
			</report>
			<report>
				<misses>3519001</misses>
				<total>1</total>
				<timestamp>1300.728152</timestamp>
			</report>
			<report>
				<misses>3520001</misses>
				<total>1</total>
				<timestamp>1301.097758</timestamp>
			</report>
			<report>
				<misses>3521001</misses>
				<total>1</total>
				<timestamp>1301.467391</timestamp>
			</report>
			<report>
				<misses>3522001</misses>
				<total>1</total>
				<timestamp>1301.837020</timestamp>
			</report>
			<report>
				<misses>3523001</misses>
				<total>1</total>
				<timestamp>1302.206659</timestamp>
			</report>
			<report>
				<misses>3524001</misses>
				<total>0</total>
				<timestamp>1302.576375</timestamp>
			</report>
			<report>
				<misses>3525001</misses>
				<total>0</total>
				<timestamp>1302.946037</timestamp>
			</report>
			<report>
				<misses>3526001</misses>
				<total>1</total>
				<timestamp>1303.315547</timestamp>
			</report>
			<report>
				<misses>3527001</misses>
				<total>1</total>
				<timestamp>1303.685169</timestamp>
			</report>
			<report>
				<misses>3528001</misses>
				<total>1</total>
				<timestamp>1304.054810</timestamp>
			</report>
			<report>
				<misses>3529001</misses>
				<total>1</total>
				<timestamp>1304.424440</timestamp>
			</report>
			<report>
				<misses>3530001</misses>
				<total>1</total>
				<timestamp>1304.794115</timestamp>
			</report>
			<report>
				<misses>3531001</misses>
				<total>1</total>
				<timestamp>1305.163725</timestamp>
			</report>
			<report>
				<misses>3532001</misses>
				<total>1</total>
				<timestamp>1305.533331</timestamp>
			</report>
			<report>
				<misses>3533001</misses>
				<total>1</total>
				<timestamp>1305.902996</timestamp>
			</report>
			<report>
				<misses>3534001</misses>
				<total>1</total>
				<timestamp>1306.272598</timestamp>
			</report>
			<report>
				<misses>3535001</misses>
				<total>1</total>
				<timestamp>1306.642232</timestamp>
			</report>
			<report>
				<misses>3536001</misses>
				<total>0</total>
				<timestamp>1307.011984</timestamp>
			</report>
			<report>
				<misses>3537001</misses>
				<total>1</total>
				<timestamp>1307.381509</timestamp>
			</report>
			<report>
				<misses>3538001</misses>
				<total>1</total>
				<timestamp>1307.751149</timestamp>
			</report>
			<report>
				<misses>3539001</misses>
				<total>1</total>
				<timestamp>1308.120821</timestamp>
			</report>
			<report>
				<misses>3540001</misses>
				<total>1</total>
				<timestamp>1308.490429</timestamp>
			</report>
			<report>
				<misses>3541001</misses>
				<total>1</total>
				<timestamp>1308.860031</timestamp>
			</report>
			<report>
				<misses>3542001</misses>
				<total>1</total>
				<timestamp>1309.229641</timestamp>
			</report>
			<report>
				<misses>3543001</misses>
				<total>1</total>
				<timestamp>1309.599309</timestamp>
			</report>
			<report>
				<misses>3544001</misses>
				<total>1</total>
				<timestamp>1309.968933</timestamp>
			</report>
			<report>
				<misses>3545001</misses>
				<total>1</total>
				<timestamp>1310.338523</timestamp>
			</report>
			<report>
				<misses>3546001</misses>
				<total>1</total>
				<timestamp>1310.708236</timestamp>
			</report>
			<report>
				<misses>3547001</misses>
				<total>1</total>
				<timestamp>1311.077788</timestamp>
			</report>
			<report>
				<misses>3548001</misses>
				<total>1</total>
				<timestamp>1311.447447</timestamp>
			</report>
			<report>
				<misses>3549001</misses>
				<total>1</total>
				<timestamp>1311.817033</timestamp>
			</report>
			<report>
				<misses>3550001</misses>
				<total>1</total>
				<timestamp>1312.186671</timestamp>
			</report>
			<report>
				<misses>3551001</misses>
				<total>1</total>
				<timestamp>1312.556287</timestamp>
			</report>
			<report>
				<misses>3552001</misses>
				<total>1</total>
				<timestamp>1312.925979</timestamp>
			</report>
			<report>
				<misses>3553001</misses>
				<total>1</total>
				<timestamp>1313.295547</timestamp>
			</report>
			<report>
				<misses>3554001</misses>
				<total>1</total>
				<timestamp>1313.665202</timestamp>
			</report>
			<report>
				<misses>3555001</misses>
				<total>1</total>
				<timestamp>1314.034820</timestamp>
			</report>
			<report>
				<misses>3556001</misses>
				<total>1</total>
				<timestamp>1314.404499</timestamp>
			</report>
			<report>
				<misses>3557001</misses>
				<total>1</total>
				<timestamp>1314.774111</timestamp>
			</report>
			<report>
				<misses>3558001</misses>
				<total>1</total>
				<timestamp>1315.143751</timestamp>
			</report>
			<report>
				<misses>3559001</misses>
				<total>1</total>
				<timestamp>1315.513402</timestamp>
			</report>
			<report>
				<misses>3560001</misses>
				<total>1</total>
				<timestamp>1315.882973</timestamp>
			</report>
			<report>
				<misses>3561001</misses>
				<total>1</total>
				<timestamp>1316.252596</timestamp>
			</report>
			<report>
				<misses>3562001</misses>
				<total>1</total>
				<timestamp>1316.622222</timestamp>
			</report>
			<report>
				<misses>3563001</misses>
				<total>1</total>
				<timestamp>1316.991909</timestamp>
			</report>
			<report>
				<misses>3564001</misses>
				<total>1</total>
				<timestamp>1317.361473</timestamp>
			</report>
			<report>
				<misses>3565001</misses>
				<total>1</total>
				<timestamp>1317.731162</timestamp>
			</report>
			<report>
				<misses>3566001</misses>
				<total>1</total>
				<timestamp>1318.100747</timestamp>
			</report>
			<report>
				<misses>3567001</misses>
				<total>1</total>
				<timestamp>1318.470394</timestamp>
			</report>
			<report>
				<misses>3568001</misses>
				<total>1</total>
				<timestamp>1318.840082</timestamp>
			</report>
			<report>
				<misses>3569001</misses>
				<total>1</total>
				<timestamp>1319.209637</timestamp>
			</report>
			<report>
				<misses>3570001</misses>
				<total>1</total>
				<timestamp>1319.579283</timestamp>
			</report>
			<report>
				<misses>3571001</misses>
				<total>1</total>
				<timestamp>1319.948932</timestamp>
			</report>
			<report>
				<misses>3572001</misses>
				<total>1</total>
				<timestamp>1320.318538</timestamp>
			</report>
			<report>
				<misses>3573001</misses>
				<total>1</total>
				<timestamp>1320.688150</timestamp>
			</report>
			<report>
				<misses>3574001</misses>
				<total>1</total>
				<timestamp>1321.057790</timestamp>
			</report>
			<report>
				<misses>3575001</misses>
				<total>1</total>
				<timestamp>1321.427462</timestamp>
			</report>
			<report>
				<misses>3576001</misses>
				<total>1</total>
				<timestamp>1321.797065</timestamp>
			</report>
			<report>
				<misses>3577001</misses>
				<total>1</total>
				<timestamp>1322.166710</timestamp>
			</report>
			<report>
				<misses>3578001</misses>
				<total>0</total>
				<timestamp>1322.536416</timestamp>
			</report>
			<report>
				<misses>3579001</misses>
				<total>1</total>
				<timestamp>1322.906024</timestamp>
			</report>
			<report>
				<misses>3580001</misses>
				<total>1</total>
				<timestamp>1323.275573</timestamp>
			</report>
			<report>
				<misses>3581001</misses>
				<total>1</total>
				<timestamp>1323.645215</timestamp>
			</report>
			<report>
				<misses>3582001</misses>
				<total>1</total>
				<timestamp>1324.014888</timestamp>
			</report>
			<report>
				<misses>3583001</misses>
				<total>1</total>
				<timestamp>1324.384462</timestamp>
			</report>
			<report>
				<misses>3584001</misses>
				<total>1</total>
				<timestamp>1324.754092</timestamp>
			</report>
			<report>
				<misses>3585001</misses>
				<total>1</total>
				<timestamp>1325.123714</timestamp>
			</report>
			<report>
				<misses>3586001</misses>
				<total>1</total>
				<timestamp>1325.493357</timestamp>
			</report>
			<report>
				<misses>3587001</misses>
				<total>1</total>
				<timestamp>1325.863055</timestamp>
			</report>
			<report>
				<misses>3588001</misses>
				<total>1</total>
				<timestamp>1326.232664</timestamp>
			</report>
			<report>
				<misses>3589001</misses>
				<total>1</total>
				<timestamp>1326.602290</timestamp>
			</report>
			<report>
				<misses>3590001</misses>
				<total>1</total>
				<timestamp>1326.971967</timestamp>
			</report>
			<report>
				<misses>3591001</misses>
				<total>1</total>
				<timestamp>1327.341540</timestamp>
			</report>
			<report>
				<misses>3592001</misses>
				<total>1</total>
				<timestamp>1327.711130</timestamp>
			</report>
			<report>
				<misses>3593001</misses>
				<total>1</total>
				<timestamp>1328.080839</timestamp>
			</report>
			<report>
				<misses>3594001</misses>
				<total>1</total>
				<timestamp>1328.450419</timestamp>
			</report>
			<report>
				<misses>3595001</misses>
				<total>1</total>
				<timestamp>1328.820051</timestamp>
			</report>
			<report>
				<misses>3596001</misses>
				<total>1</total>
				<timestamp>1329.189637</timestamp>
			</report>
			<report>
				<misses>3597001</misses>
				<total>1</total>
				<timestamp>1329.559294</timestamp>
			</report>
			<report>
				<misses>3598001</misses>
				<total>1</total>
				<timestamp>1329.928922</timestamp>
			</report>
			<report>
				<misses>3599001</misses>
				<total>1</total>
				<timestamp>1330.298544</timestamp>
			</report>
			<report>
				<misses>3600001</misses>
				<total>1</total>
				<timestamp>1330.668179</timestamp>
			</report>
			<report>
				<misses>3601001</misses>
				<total>1</total>
				<timestamp>1331.037885</timestamp>
			</report>
			<report>
				<misses>3602001</misses>
				<total>1</total>
				<timestamp>1331.407493</timestamp>
			</report>
			<report>
				<misses>3603001</misses>
				<total>1</total>
				<timestamp>1331.777122</timestamp>
			</report>
			<report>
				<misses>3604001</misses>
				<total>1</total>
				<timestamp>1332.146781</timestamp>
			</report>
			<report>
				<misses>3605001</misses>
				<total>1</total>
				<timestamp>1332.516316</timestamp>
			</report>
			<report>
				<misses>3606001</misses>
				<total>1</total>
				<timestamp>1332.885970</timestamp>
			</report>
			<report>
				<misses>3607001</misses>
				<total>1</total>
				<timestamp>1333.255646</timestamp>
			</report>
			<report>
				<misses>3608001</misses>
				<total>1</total>
				<timestamp>1333.625244</timestamp>
			</report>
			<report>
				<misses>3609001</misses>
				<total>1</total>
				<timestamp>1333.994845</timestamp>
			</report>
			<report>
				<misses>3610001</misses>
				<total>1</total>
				<timestamp>1334.364518</timestamp>
			</report>
			<report>
				<misses>3611001</misses>
				<total>1</total>
				<timestamp>1334.734115</timestamp>
			</report>
			<report>
				<misses>3612001</misses>
				<total>1</total>
				<timestamp>1335.103765</timestamp>
			</report>
			<report>
				<misses>3613001</misses>
				<total>1</total>
				<timestamp>1335.473402</timestamp>
			</report>
			<report>
				<misses>3614001</misses>
				<total>1</total>
				<timestamp>1335.843003</timestamp>
			</report>
			<report>
				<misses>3615001</misses>
				<total>1</total>
				<timestamp>1336.212648</timestamp>
			</report>
			<report>
				<misses>3616001</misses>
				<total>1</total>
				<timestamp>1336.582291</timestamp>
			</report>
			<report>
				<misses>3617001</misses>
				<total>1</total>
				<timestamp>1336.951935</timestamp>
			</report>
			<report>
				<misses>3618001</misses>
				<total>1</total>
				<timestamp>1337.321580</timestamp>
			</report>
			<report>
				<misses>3619001</misses>
				<total>1</total>
				<timestamp>1337.691132</timestamp>
			</report>
			<report>
				<misses>3620001</misses>
				<total>0</total>
				<timestamp>1338.060852</timestamp>
			</report>
			<report>
				<misses>3621001</misses>
				<total>1</total>
				<timestamp>1338.430438</timestamp>
			</report>
			<report>
				<misses>3622001</misses>
				<total>0</total>
				<timestamp>1338.800142</timestamp>
			</report>
			<report>
				<misses>3623001</misses>
				<total>1</total>
				<timestamp>1339.169675</timestamp>
			</report>
			<report>
				<misses>3624001</misses>
				<total>1</total>
				<timestamp>1339.539290</timestamp>
			</report>
			<report>
				<misses>3625001</misses>
				<total>1</total>
				<timestamp>1339.908953</timestamp>
			</report>
			<report>
				<misses>3626001</misses>
				<total>1</total>
				<timestamp>1340.278562</timestamp>
			</report>
			<report>
				<misses>3627001</misses>
				<total>1</total>
				<timestamp>1340.648180</timestamp>
			</report>
			<report>
				<misses>3628001</misses>
				<total>1</total>
				<timestamp>1341.017891</timestamp>
			</report>
			<report>
				<misses>3629001</misses>
				<total>1</total>
				<timestamp>1341.387477</timestamp>
			</report>
			<report>
				<misses>3630001</misses>
				<total>1</total>
				<timestamp>1341.757104</timestamp>
			</report>
			<report>
				<misses>3631001</misses>
				<total>1</total>
				<timestamp>1342.126773</timestamp>
			</report>
			<report>
				<misses>3632001</misses>
				<total>1</total>
				<timestamp>1342.496361</timestamp>
			</report>
			<report>
				<misses>3633001</misses>
				<total>1</total>
				<timestamp>1342.865972</timestamp>
			</report>
			<report>
				<misses>3634001</misses>
				<total>0</total>
				<timestamp>1343.235747</timestamp>
			</report>
			<report>
				<misses>3635001</misses>
				<total>1</total>
				<timestamp>1343.605204</timestamp>
			</report>
			<report>
				<misses>3636001</misses>
				<total>1</total>
				<timestamp>1343.974881</timestamp>
			</report>
			<report>
				<misses>3637001</misses>
				<total>1</total>
				<timestamp>1344.344465</timestamp>
			</report>
			<report>
				<misses>3638001</misses>
				<total>1</total>
				<timestamp>1344.714135</timestamp>
			</report>
			<report>
				<misses>3639001</misses>
				<total>1</total>
				<timestamp>1345.083769</timestamp>
			</report>
			<report>
				<misses>3640001</misses>
				<total>0</total>
				<timestamp>1345.453495</timestamp>
			</report>
			<report>
				<misses>3641001</misses>
				<total>1</total>
				<timestamp>1345.823020</timestamp>
			</report>
			<report>
				<misses>3642001</misses>
				<total>0</total>
				<timestamp>1346.192762</timestamp>
			</report>
			<report>
				<misses>3643001</misses>
				<total>1</total>
				<timestamp>1346.562261</timestamp>
			</report>
			<report>
				<misses>3644001</misses>
				<total>1</total>
				<timestamp>1346.931886</timestamp>
			</report>
			<report>
				<misses>3645001</misses>
				<total>1</total>
				<timestamp>1347.301541</timestamp>
			</report>
			<report>
				<misses>3646001</misses>
				<total>1</total>
				<timestamp>1347.671195</timestamp>
			</report>
			<report>
				<misses>3647001</misses>
				<total>1</total>
				<timestamp>1348.040825</timestamp>
			</report>
			<report>
				<misses>3648001</misses>
				<total>1</total>
				<timestamp>1348.410416</timestamp>
			</report>
			<report>
				<misses>3649001</misses>
				<total>1</total>
				<timestamp>1348.780087</timestamp>
			</report>
			<report>
				<misses>3650001</misses>
				<total>1</total>
				<timestamp>1349.149698</timestamp>
			</report>
			<report>
				<misses>3651001</misses>
				<total>1</total>
				<timestamp>1349.519359</timestamp>
			</report>
			<report>
				<misses>3652001</misses>
				<total>1</total>
				<timestamp>1349.888937</timestamp>
			</report>
			<report>
				<misses>3653001</misses>
				<total>1</total>
				<timestamp>1350.258643</timestamp>
			</report>
			<report>
				<misses>3654001</misses>
				<total>1</total>
				<timestamp>1350.628240</timestamp>
			</report>
			<report>
				<misses>3655001</misses>
				<total>0</total>
				<timestamp>1350.997941</timestamp>
			</report>
			<report>
				<misses>3656001</misses>
				<total>1</total>
				<timestamp>1351.367450</timestamp>
			</report>
			<report>
				<misses>3657001</misses>
				<total>1</total>
				<timestamp>1351.737077</timestamp>
			</report>
			<report>
				<misses>3658001</misses>
				<total>1</total>
				<timestamp>1352.106794</timestamp>
			</report>
			<report>
				<misses>3659001</misses>
				<total>1</total>
				<timestamp>1352.476403</timestamp>
			</report>
			<report>
				<misses>3660001</misses>
				<total>1</total>
				<timestamp>1352.845963</timestamp>
			</report>
			<report>
				<misses>3661001</misses>
				<total>1</total>
				<timestamp>1353.215618</timestamp>
			</report>
			<report>
				<misses>3662001</misses>
				<total>1</total>
				<timestamp>1353.585228</timestamp>
			</report>
			<report>
				<misses>3663001</misses>
				<total>1</total>
				<timestamp>1353.954925</timestamp>
			</report>
			<report>
				<misses>3664001</misses>
				<total>0</total>
				<timestamp>1354.324595</timestamp>
			</report>
			<report>
				<misses>3665001</misses>
				<total>1</total>
				<timestamp>1354.694129</timestamp>
			</report>
			<report>
				<misses>3666001</misses>
				<total>1</total>
				<timestamp>1355.063738</timestamp>
			</report>
			<report>
				<misses>3667001</misses>
				<total>1</total>
				<timestamp>1355.433393</timestamp>
			</report>
			<report>
				<misses>3668001</misses>
				<total>1</total>
				<timestamp>1355.803011</timestamp>
			</report>
			<report>
				<misses>3669001</misses>
				<total>1</total>
				<timestamp>1356.172677</timestamp>
			</report>
			<report>
				<misses>3670001</misses>
				<total>1</total>
				<timestamp>1356.542301</timestamp>
			</report>
			<report>
				<misses>3671001</misses>
				<total>0</total>
				<timestamp>1356.912034</timestamp>
			</report>
			<report>
				<misses>3672001</misses>
				<total>1</total>
				<timestamp>1357.281589</timestamp>
			</report>
			<report>
				<misses>3673001</misses>
				<total>1</total>
				<timestamp>1357.651151</timestamp>
			</report>
			<report>
				<misses>3674001</misses>
				<total>1</total>
				<timestamp>1358.020841</timestamp>
			</report>
			<report>
				<misses>3675001</misses>
				<total>1</total>
				<timestamp>1358.390480</timestamp>
			</report>
			<report>
				<misses>3676001</misses>
				<total>1</total>
				<timestamp>1358.760111</timestamp>
			</report>
			<report>
				<misses>3677001</misses>
				<total>1</total>
				<timestamp>1359.129689</timestamp>
			</report>
			<report>
				<misses>3678001</misses>
				<total>1</total>
				<timestamp>1359.499360</timestamp>
			</report>
			<report>
				<misses>3679001</misses>
				<total>1</total>
				<timestamp>1359.868977</timestamp>
			</report>
			<report>
				<misses>3680001</misses>
				<total>1</total>
				<timestamp>1360.238622</timestamp>
			</report>
			<report>
				<misses>3681001</misses>
				<total>1</total>
				<timestamp>1360.608222</timestamp>
			</report>
			<report>
				<misses>3682001</misses>
				<total>0</total>
				<timestamp>1360.977955</timestamp>
			</report>
			<report>
				<misses>3683001</misses>
				<total>1</total>
				<timestamp>1361.347502</timestamp>
			</report>
			<report>
				<misses>3684001</misses>
				<total>1</total>
				<timestamp>1361.717137</timestamp>
			</report>
			<report>
				<misses>3685001</misses>
				<total>1</total>
				<timestamp>1362.086746</timestamp>
			</report>
			<report>
				<misses>3686001</misses>
				<total>1</total>
				<timestamp>1362.456354</timestamp>
			</report>
			<report>
				<misses>3687001</misses>
				<total>1</total>
				<timestamp>1362.826009</timestamp>
			</report>
			<report>
				<misses>3688001</misses>
				<total>1</total>
				<timestamp>1363.195648</timestamp>
			</report>
			<report>
				<misses>3689001</misses>
				<total>1</total>
				<timestamp>1363.565258</timestamp>
			</report>
			<report>
				<misses>3690001</misses>
				<total>1</total>
				<timestamp>1363.934958</timestamp>
			</report>
			<report>
				<misses>3691001</misses>
				<total>0</total>
				<timestamp>1364.304619</timestamp>
			</report>
			<report>
				<misses>3692001</misses>
				<total>1</total>
				<timestamp>1364.674136</timestamp>
			</report>
			<report>
				<misses>3693001</misses>
				<total>1</total>
				<timestamp>1365.043796</timestamp>
			</report>
			<report>
				<misses>3694001</misses>
				<total>1</total>
				<timestamp>1365.413379</timestamp>
			</report>
			<report>
				<misses>3695001</misses>
				<total>1</total>
				<timestamp>1365.783057</timestamp>
			</report>
			<report>
				<misses>3696001</misses>
				<total>1</total>
				<timestamp>1366.152728</timestamp>
			</report>
			<report>
				<misses>3697001</misses>
				<total>1</total>
				<timestamp>1366.522348</timestamp>
			</report>
			<report>
				<misses>3698001</misses>
				<total>1</total>
				<timestamp>1366.891915</timestamp>
			</report>
			<report>
				<misses>3699001</misses>
				<total>0</total>
				<timestamp>1367.261713</timestamp>
			</report>
			<report>
				<misses>3700001</misses>
				<total>1</total>
				<timestamp>1367.631221</timestamp>
			</report>
			<report>
				<misses>3701001</misses>
				<total>1</total>
				<timestamp>1368.000845</timestamp>
			</report>
			<report>
				<misses>3702001</misses>
				<total>1</total>
				<timestamp>1368.370430</timestamp>
			</report>
			<report>
				<misses>3703001</misses>
				<total>1</total>
				<timestamp>1368.740065</timestamp>
			</report>
			<report>
				<misses>3704001</misses>
				<total>1</total>
				<timestamp>1369.109729</timestamp>
			</report>
			<report>
				<misses>3705001</misses>
				<total>1</total>
				<timestamp>1369.479317</timestamp>
			</report>
			<report>
				<misses>3706001</misses>
				<total>1</total>
				<timestamp>1369.848988</timestamp>
			</report>
			<report>
				<misses>3707001</misses>
				<total>1</total>
				<timestamp>1370.218610</timestamp>
			</report>
			<report>
				<misses>3708001</misses>
				<total>1</total>
				<timestamp>1370.588264</timestamp>
			</report>
			<report>
				<misses>3709001</misses>
				<total>1</total>
				<timestamp>1370.957901</timestamp>
			</report>
			<report>
				<misses>3710001</misses>
				<total>1</total>
				<timestamp>1371.327593</timestamp>
			</report>
			<report>
				<misses>3711001</misses>
				<total>1</total>
				<timestamp>1371.697188</timestamp>
			</report>
			<report>
				<misses>3712001</misses>
				<total>1</total>
				<timestamp>1372.066739</timestamp>
			</report>
			<report>
				<misses>3713001</misses>
				<total>1</total>
				<timestamp>1372.436396</timestamp>
			</report>
			<report>
				<misses>3714001</misses>
				<total>1</total>
				<timestamp>1372.806034</timestamp>
			</report>
			<report>
				<misses>3715001</misses>
				<total>1</total>
				<timestamp>1373.175642</timestamp>
			</report>
			<report>
				<misses>3716001</misses>
				<total>1</total>
				<timestamp>1373.545256</timestamp>
			</report>
			<report>
				<misses>3717001</misses>
				<total>1</total>
				<timestamp>1373.914953</timestamp>
			</report>
			<report>
				<misses>3718001</misses>
				<total>1</total>
				<timestamp>1374.284599</timestamp>
			</report>
			<report>
				<misses>3719001</misses>
				<total>0</total>
				<timestamp>1374.654247</timestamp>
			</report>
			<report>
				<misses>3720001</misses>
				<total>1</total>
				<timestamp>1375.023778</timestamp>
			</report>
			<report>
				<misses>3721001</misses>
				<total>1</total>
				<timestamp>1375.393421</timestamp>
			</report>
			<report>
				<misses>3722001</misses>
				<total>1</total>
				<timestamp>1375.763056</timestamp>
			</report>
			<report>
				<misses>3723001</misses>
				<total>1</total>
				<timestamp>1376.132744</timestamp>
			</report>
			<report>
				<misses>3724001</misses>
				<total>1</total>
				<timestamp>1376.502298</timestamp>
			</report>
			<report>
				<misses>3725001</misses>
				<total>0</total>
				<timestamp>1376.872011</timestamp>
			</report>
			<report>
				<misses>3726001</misses>
				<total>1</total>
				<timestamp>1377.241650</timestamp>
			</report>
			<report>
				<misses>3727001</misses>
				<total>1</total>
				<timestamp>1377.611201</timestamp>
			</report>
			<report>
				<misses>3728001</misses>
				<total>1</total>
				<timestamp>1377.980859</timestamp>
			</report>
			<report>
				<misses>3729001</misses>
				<total>1</total>
				<timestamp>1378.350488</timestamp>
			</report>
			<report>
				<misses>3730001</misses>
				<total>1</total>
				<timestamp>1378.720079</timestamp>
			</report>
			<report>
				<misses>3731001</misses>
				<total>1</total>
				<timestamp>1379.089691</timestamp>
			</report>
			<report>
				<misses>3732001</misses>
				<total>1</total>
				<timestamp>1379.459343</timestamp>
			</report>
			<report>
				<misses>3733001</misses>
				<total>0</total>
				<timestamp>1379.829081</timestamp>
			</report>
			<report>
				<misses>3734001</misses>
				<total>1</total>
				<timestamp>1380.198595</timestamp>
			</report>
			<report>
				<misses>3735001</misses>
				<total>1</total>
				<timestamp>1380.568267</timestamp>
			</report>
			<report>
				<misses>3736001</misses>
				<total>1</total>
				<timestamp>1380.937852</timestamp>
			</report>
			<report>
				<misses>3737001</misses>
				<total>1</total>
				<timestamp>1381.307520</timestamp>
			</report>
			<report>
				<misses>3738001</misses>
				<total>1</total>
				<timestamp>1381.677124</timestamp>
			</report>
			<report>
				<misses>3739001</misses>
				<total>1</total>
				<timestamp>1382.046727</timestamp>
			</report>
			<report>
				<misses>3740001</misses>
				<total>1</total>
				<timestamp>1382.416382</timestamp>
			</report>
			<report>
				<misses>3741001</misses>
				<total>1</total>
				<timestamp>1382.786021</timestamp>
			</report>
			<report>
				<misses>3742001</misses>
				<total>1</total>
				<timestamp>1383.155659</timestamp>
			</report>
			<report>
				<misses>3743001</misses>
				<total>1</total>
				<timestamp>1383.525250</timestamp>
			</report>
			<report>
				<misses>3744001</misses>
				<total>1</total>
				<timestamp>1383.894908</timestamp>
			</report>
			<report>
				<misses>3745001</misses>
				<total>1</total>
				<timestamp>1384.264608</timestamp>
			</report>
			<report>
				<misses>3746001</misses>
				<total>1</total>
				<timestamp>1384.634161</timestamp>
			</report>
			<report>
				<misses>3747001</misses>
				<total>1</total>
				<timestamp>1385.003762</timestamp>
			</report>
			<report>
				<misses>3748001</misses>
				<total>1</total>
				<timestamp>1385.373466</timestamp>
			</report>
			<report>
				<misses>3749001</misses>
				<total>1</total>
				<timestamp>1385.743074</timestamp>
			</report>
			<report>
				<misses>3750001</misses>
				<total>1</total>
				<timestamp>1386.112692</timestamp>
			</report>
			<report>
				<misses>3751001</misses>
				<total>1</total>
				<timestamp>1386.482288</timestamp>
			</report>
			<report>
				<misses>3752001</misses>
				<total>1</total>
				<timestamp>1386.851941</timestamp>
			</report>
			<report>
				<misses>3753001</misses>
				<total>1</total>
				<timestamp>1387.221585</timestamp>
			</report>
			<report>
				<misses>3754001</misses>
				<total>1</total>
				<timestamp>1387.591187</timestamp>
			</report>
			<report>
				<misses>3755001</misses>
				<total>1</total>
				<timestamp>1387.960842</timestamp>
			</report>
			<report>
				<misses>3756001</misses>
				<total>1</total>
				<timestamp>1388.330497</timestamp>
			</report>
			<report>
				<misses>3757001</misses>
				<total>1</total>
				<timestamp>1388.700081</timestamp>
			</report>
			<report>
				<misses>3758001</misses>
				<total>1</total>
				<timestamp>1389.069747</timestamp>
			</report>
			<report>
				<misses>3759001</misses>
				<total>1</total>
				<timestamp>1389.439352</timestamp>
			</report>
			<report>
				<misses>3760001</misses>
				<total>1</total>
				<timestamp>1389.808980</timestamp>
			</report>
			<report>
				<misses>3761001</misses>
				<total>0</total>
				<timestamp>1390.178696</timestamp>
			</report>
			<report>
				<misses>3762001</misses>
				<total>1</total>
				<timestamp>1390.548250</timestamp>
			</report>
			<report>
				<misses>3763001</misses>
				<total>1</total>
				<timestamp>1390.917862</timestamp>
			</report>
			<report>
				<misses>3764001</misses>
				<total>1</total>
				<timestamp>1391.287497</timestamp>
			</report>
			<report>
				<misses>3765001</misses>
				<total>1</total>
				<timestamp>1391.657140</timestamp>
			</report>
			<report>
				<misses>3766001</misses>
				<total>1</total>
				<timestamp>1392.026753</timestamp>
			</report>
			<report>
				<misses>3767001</misses>
				<total>0</total>
				<timestamp>1392.396481</timestamp>
			</report>
			<report>
				<misses>3768001</misses>
				<total>1</total>
				<timestamp>1392.766065</timestamp>
			</report>
			<report>
				<misses>3769001</misses>
				<total>1</total>
				<timestamp>1393.135641</timestamp>
			</report>
			<report>
				<misses>3770001</misses>
				<total>1</total>
				<timestamp>1393.505323</timestamp>
			</report>
			<report>
				<misses>3771001</misses>
				<total>1</total>
				<timestamp>1393.874924</timestamp>
			</report>
			<report>
				<misses>3772001</misses>
				<total>1</total>
				<timestamp>1394.244588</timestamp>
			</report>
			<report>
				<misses>3773001</misses>
				<total>1</total>
				<timestamp>1394.614186</timestamp>
			</report>
			<report>
				<misses>3774001</misses>
				<total>1</total>
				<timestamp>1394.983815</timestamp>
			</report>
			<report>
				<misses>3775001</misses>
				<total>1</total>
				<timestamp>1395.353469</timestamp>
			</report>
			<report>
				<misses>3776001</misses>
				<total>1</total>
				<timestamp>1395.723060</timestamp>
			</report>
			<report>
				<misses>3777001</misses>
				<total>1</total>
				<timestamp>1396.092776</timestamp>
			</report>
			<report>
				<misses>3778001</misses>
				<total>1</total>
				<timestamp>1396.462434</timestamp>
			</report>
			<report>
				<misses>3779001</misses>
				<total>1</total>
				<timestamp>1396.831967</timestamp>
			</report>
			<report>
				<misses>3780001</misses>
				<total>1</total>
				<timestamp>1397.201623</timestamp>
			</report>
			<report>
				<misses>3781001</misses>
				<total>1</total>
				<timestamp>1397.571205</timestamp>
			</report>
			<report>
				<misses>3782001</misses>
				<total>1</total>
				<timestamp>1397.940930</timestamp>
			</report>
			<report>
				<misses>3783001</misses>
				<total>1</total>
				<timestamp>1398.310540</timestamp>
			</report>
			<report>
				<misses>3784001</misses>
				<total>1</total>
				<timestamp>1398.680115</timestamp>
			</report>
			<report>
				<misses>3785001</misses>
				<total>1</total>
				<timestamp>1399.049746</timestamp>
			</report>
			<report>
				<misses>3786001</misses>
				<total>1</total>
				<timestamp>1399.419424</timestamp>
			</report>
			<report>
				<misses>3787001</misses>
				<total>1</total>
				<timestamp>1399.788987</timestamp>
			</report>
			<report>
				<misses>3788001</misses>
				<total>0</total>
				<timestamp>1400.158700</timestamp>
			</report>
			<report>
				<misses>3789001</misses>
				<total>1</total>
				<timestamp>1400.528250</timestamp>
			</report>
			<report>
				<misses>3790001</misses>
				<total>1</total>
				<timestamp>1400.897873</timestamp>
			</report>
			<report>
				<misses>3791001</misses>
				<total>1</total>
				<timestamp>1401.267564</timestamp>
			</report>
			<report>
				<misses>3792001</misses>
				<total>1</total>
				<timestamp>1401.637199</timestamp>
			</report>
			<report>
				<misses>3793001</misses>
				<total>1</total>
				<timestamp>1402.006747</timestamp>
			</report>
			<report>
				<misses>3794001</misses>
				<total>1</total>
				<timestamp>1402.376390</timestamp>
			</report>
			<report>
				<misses>3795001</misses>
				<total>1</total>
				<timestamp>1402.746023</timestamp>
			</report>
			<report>
				<misses>3796001</misses>
				<total>1</total>
				<timestamp>1403.115705</timestamp>
			</report>
			<report>
				<misses>3797001</misses>
				<total>1</total>
				<timestamp>1403.485376</timestamp>
			</report>
			<report>
				<misses>3798001</misses>
				<total>1</total>
				<timestamp>1403.854964</timestamp>
			</report>
			<report>
				<misses>3799001</misses>
				<total>1</total>
				<timestamp>1404.224531</timestamp>
			</report>
			<report>
				<misses>3800001</misses>
				<total>1</total>
				<timestamp>1404.594189</timestamp>
			</report>
			<report>
				<misses>3801001</misses>
				<total>1</total>
				<timestamp>1404.963850</timestamp>
			</report>
			<report>
				<misses>3802001</misses>
				<total>1</total>
				<timestamp>1405.333443</timestamp>
			</report>
			<report>
				<misses>3803001</misses>
				<total>1</total>
				<timestamp>1405.703116</timestamp>
			</report>
			<report>
				<misses>3804001</misses>
				<total>1</total>
				<timestamp>1406.072753</timestamp>
			</report>
			<report>
				<misses>3805001</misses>
				<total>1</total>
				<timestamp>1406.442360</timestamp>
			</report>
			<report>
				<misses>3806001</misses>
				<total>1</total>
				<timestamp>1406.811949</timestamp>
			</report>
			<report>
				<misses>3807001</misses>
				<total>1</total>
				<timestamp>1407.181590</timestamp>
			</report>
			<report>
				<misses>3808001</misses>
				<total>1</total>
				<timestamp>1407.551231</timestamp>
			</report>
			<report>
				<misses>3809001</misses>
				<total>1</total>
				<timestamp>1407.920839</timestamp>
			</report>
			<report>
				<misses>3810001</misses>
				<total>1</total>
				<timestamp>1408.290555</timestamp>
			</report>
			<report>
				<misses>3811001</misses>
				<total>0</total>
				<timestamp>1408.660200</timestamp>
			</report>
			<report>
				<misses>3812001</misses>
				<total>0</total>
				<timestamp>1409.029839</timestamp>
			</report>
			<report>
				<misses>3813001</misses>
				<total>1</total>
				<timestamp>1409.399377</timestamp>
			</report>
			<report>
				<misses>3814001</misses>
				<total>1</total>
				<timestamp>1409.769025</timestamp>
			</report>
			<report>
				<misses>3815001</misses>
				<total>1</total>
				<timestamp>1410.138641</timestamp>
			</report>
			<report>
				<misses>3816001</misses>
				<total>0</total>
				<timestamp>1410.508408</timestamp>
			</report>
			<report>
				<misses>3817001</misses>
				<total>1</total>
				<timestamp>1410.877876</timestamp>
			</report>
			<report>
				<misses>3818001</misses>
				<total>1</total>
				<timestamp>1411.247546</timestamp>
			</report>
			<report>
				<misses>3819001</misses>
				<total>1</total>
				<timestamp>1411.617180</timestamp>
			</report>
			<report>
				<misses>3820001</misses>
				<total>1</total>
				<timestamp>1411.986828</timestamp>
			</report>
			<report>
				<misses>3821001</misses>
				<total>1</total>
				<timestamp>1412.356471</timestamp>
			</report>
			<report>
				<misses>3822001</misses>
				<total>1</total>
				<timestamp>1412.726109</timestamp>
			</report>
			<report>
				<misses>3823001</misses>
				<total>0</total>
				<timestamp>1413.095778</timestamp>
			</report>
			<report>
				<misses>3824001</misses>
				<total>1</total>
				<timestamp>1413.465354</timestamp>
			</report>
			<report>
				<misses>3825001</misses>
				<total>1</total>
				<timestamp>1413.834920</timestamp>
			</report>
			<report>
				<misses>3826001</misses>
				<total>1</total>
				<timestamp>1414.204542</timestamp>
			</report>
			<report>
				<misses>3827001</misses>
				<total>1</total>
				<timestamp>1414.574241</timestamp>
			</report>
			<report>
				<misses>3828001</misses>
				<total>1</total>
				<timestamp>1414.943816</timestamp>
			</report>
			<report>
				<misses>3829001</misses>
				<total>1</total>
				<timestamp>1415.313448</timestamp>
			</report>
			<report>
				<misses>3830001</misses>
				<total>0</total>
				<timestamp>1415.683186</timestamp>
			</report>
			<report>
				<misses>3831001</misses>
				<total>1</total>
				<timestamp>1416.052707</timestamp>
			</report>
			<report>
				<misses>3832001</misses>
				<total>1</total>
				<timestamp>1416.422350</timestamp>
			</report>
			<report>
				<misses>3833001</misses>
				<total>0</total>
				<timestamp>1416.792088</timestamp>
			</report>
			<report>
				<misses>3834001</misses>
				<total>1</total>
				<timestamp>1417.161628</timestamp>
			</report>
			<report>
				<misses>3835001</misses>
				<total>1</total>
				<timestamp>1417.531273</timestamp>
			</report>
			<report>
				<misses>3836001</misses>
				<total>1</total>
				<timestamp>1417.900852</timestamp>
			</report>
			<report>
				<misses>3837001</misses>
				<total>1</total>
				<timestamp>1418.270518</timestamp>
			</report>
			<report>
				<misses>3838001</misses>
				<total>1</total>
				<timestamp>1418.640115</timestamp>
			</report>
			<report>
				<misses>3839001</misses>
				<total>1</total>
				<timestamp>1419.009739</timestamp>
			</report>
			<report>
				<misses>3840001</misses>
				<total>1</total>
				<timestamp>1419.379387</timestamp>
			</report>
			<report>
				<misses>3841001</misses>
				<total>1</total>
				<timestamp>1419.749044</timestamp>
			</report>
			<report>
				<misses>3842001</misses>
				<total>1</total>
				<timestamp>1420.118638</timestamp>
			</report>
			<report>
				<misses>3843001</misses>
				<total>1</total>
				<timestamp>1420.488291</timestamp>
			</report>
			<report>
				<misses>3844001</misses>
				<total>1</total>
				<timestamp>1420.857887</timestamp>
			</report>
			<report>
				<misses>3845001</misses>
				<total>1</total>
				<timestamp>1421.227529</timestamp>
			</report>
			<report>
				<misses>3846001</misses>
				<total>1</total>
				<timestamp>1421.597171</timestamp>
			</report>
			<report>
				<misses>3847001</misses>
				<total>1</total>
				<timestamp>1421.966849</timestamp>
			</report>
			<report>
				<misses>3848001</misses>
				<total>1</total>
				<timestamp>1422.336429</timestamp>
			</report>
			<report>
				<misses>3849001</misses>
				<total>1</total>
				<timestamp>1422.706099</timestamp>
			</report>
			<report>
				<misses>3850001</misses>
				<total>1</total>
				<timestamp>1423.075751</timestamp>
			</report>
			<report>
				<misses>3851001</misses>
				<total>1</total>
				<timestamp>1423.445321</timestamp>
			</report>
			<report>
				<misses>3852001</misses>
				<total>0</total>
				<timestamp>1423.815039</timestamp>
			</report>
			<report>
				<misses>3853001</misses>
				<total>1</total>
				<timestamp>1424.184556</timestamp>
			</report>
			<report>
				<misses>3854001</misses>
				<total>1</total>
				<timestamp>1424.554244</timestamp>
			</report>
			<report>
				<misses>3855001</misses>
				<total>1</total>
				<timestamp>1424.923894</timestamp>
			</report>
			<report>
				<misses>3856001</misses>
				<total>1</total>
				<timestamp>1425.293446</timestamp>
			</report>
			<report>
				<misses>3857001</misses>
				<total>1</total>
				<timestamp>1425.663131</timestamp>
			</report>
			<report>
				<misses>3858001</misses>
				<total>1</total>
				<timestamp>1426.032735</timestamp>
			</report>
			<report>
				<misses>3859001</misses>
				<total>0</total>
				<timestamp>1426.402442</timestamp>
			</report>
			<report>
				<misses>3860001</misses>
				<total>1</total>
				<timestamp>1426.771976</timestamp>
			</report>
			<report>
				<misses>3861001</misses>
				<total>1</total>
				<timestamp>1427.141613</timestamp>
			</report>
			<report>
				<misses>3862001</misses>
				<total>1</total>
				<timestamp>1427.511272</timestamp>
			</report>
			<report>
				<misses>3863001</misses>
				<total>0</total>
				<timestamp>1427.880973</timestamp>
			</report>
			<report>
				<misses>3864001</misses>
				<total>1</total>
				<timestamp>1428.250493</timestamp>
			</report>
			<report>
				<misses>3865001</misses>
				<total>1</total>
				<timestamp>1428.620197</timestamp>
			</report>
			<report>
				<misses>3866001</misses>
				<total>1</total>
				<timestamp>1428.989771</timestamp>
			</report>
			<report>
				<misses>3867001</misses>
				<total>1</total>
				<timestamp>1429.359376</timestamp>
			</report>
			<report>
				<misses>3868001</misses>
				<total>1</total>
				<timestamp>1429.729029</timestamp>
			</report>
			<report>
				<misses>3869001</misses>
				<total>1</total>
				<timestamp>1430.098659</timestamp>
			</report>
			<report>
				<misses>3870001</misses>
				<total>1</total>
				<timestamp>1430.468311</timestamp>
			</report>
			<report>
				<misses>3871001</misses>
				<total>0</total>
				<timestamp>1430.838037</timestamp>
			</report>
			<report>
				<misses>3872001</misses>
				<total>1</total>
				<timestamp>1431.207580</timestamp>
			</report>
			<report>
				<misses>3873001</misses>
				<total>1</total>
				<timestamp>1431.577224</timestamp>
			</report>
			<report>
				<misses>3874001</misses>
				<total>1</total>
				<timestamp>1431.946819</timestamp>
			</report>
			<report>
				<misses>3875001</misses>
				<total>1</total>
				<timestamp>1432.316409</timestamp>
			</report>
			<report>
				<misses>3876001</misses>
				<total>1</total>
				<timestamp>1432.686150</timestamp>
			</report>
			<report>
				<misses>3877001</misses>
				<total>1</total>
				<timestamp>1433.055681</timestamp>
			</report>
			<report>
				<misses>3878001</misses>
				<total>1</total>
				<timestamp>1433.425333</timestamp>
			</report>
			<report>
				<misses>3879001</misses>
				<total>1</total>
				<timestamp>1433.795001</timestamp>
			</report>
			<report>
				<misses>3880001</misses>
				<total>1</total>
				<timestamp>1434.164619</timestamp>
			</report>
			<report>
				<misses>3881001</misses>
				<total>1</total>
				<timestamp>1434.534207</timestamp>
			</report>
			<report>
				<misses>3882001</misses>
				<total>0</total>
				<timestamp>1434.903937</timestamp>
			</report>
			<report>
				<misses>3883001</misses>
				<total>1</total>
				<timestamp>1435.273504</timestamp>
			</report>
			<report>
				<misses>3884001</misses>
				<total>1</total>
				<timestamp>1435.643205</timestamp>
			</report>
			<report>
				<misses>3885001</misses>
				<total>1</total>
				<timestamp>1436.012790</timestamp>
			</report>
			<report>
				<misses>3886001</misses>
				<total>1</total>
				<timestamp>1436.382374</timestamp>
			</report>
			<report>
				<misses>3887001</misses>
				<total>1</total>
				<timestamp>1436.752040</timestamp>
			</report>
			<report>
				<misses>3888001</misses>
				<total>1</total>
				<timestamp>1437.121666</timestamp>
			</report>
			<report>
				<misses>3889001</misses>
				<total>0</total>
				<timestamp>1437.491337</timestamp>
			</report>
			<report>
				<misses>3890001</misses>
				<total>1</total>
				<timestamp>1437.860882</timestamp>
			</report>
			<report>
				<misses>3891001</misses>
				<total>1</total>
				<timestamp>1438.230532</timestamp>
			</report>
			<report>
				<misses>3892001</misses>
				<total>1</total>
				<timestamp>1438.600186</timestamp>
			</report>
			<report>
				<misses>3893001</misses>
				<total>1</total>
				<timestamp>1438.969759</timestamp>
			</report>
			<report>
				<misses>3894001</misses>
				<total>1</total>
				<timestamp>1439.339419</timestamp>
			</report>
			<report>
				<misses>3895001</misses>
				<total>1</total>
				<timestamp>1439.709035</timestamp>
			</report>
			<report>
				<misses>3896001</misses>
				<total>1</total>
				<timestamp>1440.078651</timestamp>
			</report>
			<report>
				<misses>3897001</misses>
				<total>1</total>
				<timestamp>1440.448292</timestamp>
			</report>
			<report>
				<misses>3898001</misses>
				<total>1</total>
				<timestamp>1440.817960</timestamp>
			</report>
			<report>
				<misses>3899001</misses>
				<total>1</total>
				<timestamp>1441.187620</timestamp>
			</report>
			<report>
				<misses>3900001</misses>
				<total>1</total>
				<timestamp>1441.557229</timestamp>
			</report>
			<report>
				<misses>3901001</misses>
				<total>1</total>
				<timestamp>1441.926853</timestamp>
			</report>
			<report>
				<misses>3902001</misses>
				<total>0</total>
				<timestamp>1442.296522</timestamp>
			</report>
			<report>
				<misses>3903001</misses>
				<total>1</total>
				<timestamp>1442.666107</timestamp>
			</report>
			<report>
				<misses>3904001</misses>
				<total>1</total>
				<timestamp>1443.035678</timestamp>
			</report>
			<report>
				<misses>3905001</misses>
				<total>1</total>
				<timestamp>1443.405386</timestamp>
			</report>
			<report>
				<misses>3906001</misses>
				<total>1</total>
				<timestamp>1443.774980</timestamp>
			</report>
			<report>
				<misses>3907001</misses>
				<total>1</total>
				<timestamp>1444.144590</timestamp>
			</report>
			<report>
				<misses>3908001</misses>
				<total>1</total>
				<timestamp>1444.514261</timestamp>
			</report>
			<report>
				<misses>3909001</misses>
				<total>1</total>
				<timestamp>1444.883850</timestamp>
			</report>
			<report>
				<misses>3910001</misses>
				<total>1</total>
				<timestamp>1445.253512</timestamp>
			</report>
			<report>
				<misses>3911001</misses>
				<total>1</total>
				<timestamp>1445.623149</timestamp>
			</report>
			<report>
				<misses>3912001</misses>
				<total>1</total>
				<timestamp>1445.992795</timestamp>
			</report>
			<report>
				<misses>3913001</misses>
				<total>1</total>
				<timestamp>1446.362361</timestamp>
			</report>
			<report>
				<misses>3914001</misses>
				<total>0</total>
				<timestamp>1446.732133</timestamp>
			</report>
			<report>
				<misses>3915001</misses>
				<total>1</total>
				<timestamp>1447.101625</timestamp>
			</report>
			<report>
				<misses>3916001</misses>
				<total>1</total>
				<timestamp>1447.471295</timestamp>
			</report>
			<report>
				<misses>3917001</misses>
				<total>1</total>
				<timestamp>1447.840917</timestamp>
			</report>
			<report>
				<misses>3918001</misses>
				<total>1</total>
				<timestamp>1448.210555</timestamp>
			</report>
			<report>
				<misses>3919001</misses>
				<total>1</total>
				<timestamp>1448.580150</timestamp>
			</report>
			<report>
				<misses>3920001</misses>
				<total>1</total>
				<timestamp>1448.949839</timestamp>
			</report>
			<report>
				<misses>3921001</misses>
				<total>1</total>
				<timestamp>1449.319392</timestamp>
			</report>
			<report>
				<misses>3922001</misses>
				<total>1</total>
				<timestamp>1449.689124</timestamp>
			</report>
			<report>
				<misses>3923001</misses>
				<total>1</total>
				<timestamp>1450.058713</timestamp>
			</report>
			<report>
				<misses>3924001</misses>
				<total>1</total>
				<timestamp>1450.428317</timestamp>
			</report>
			<report>
				<misses>3925001</misses>
				<total>1</total>
				<timestamp>1450.798008</timestamp>
			</report>
			<report>
				<misses>3926001</misses>
				<total>0</total>
				<timestamp>1451.167644</timestamp>
			</report>
			<report>
				<misses>3927001</misses>
				<total>1</total>
				<timestamp>1451.537235</timestamp>
			</report>
			<report>
				<misses>3928001</misses>
				<total>1</total>
				<timestamp>1451.906806</timestamp>
			</report>
			<report>
				<misses>3929001</misses>
				<total>1</total>
				<timestamp>1452.276426</timestamp>
			</report>
			<report>
				<misses>3930001</misses>
				<total>1</total>
				<timestamp>1452.646120</timestamp>
			</report>
			<report>
				<misses>3931001</misses>
				<total>1</total>
				<timestamp>1453.015707</timestamp>
			</report>
			<report>
				<misses>3932001</misses>
				<total>0</total>
				<timestamp>1453.385428</timestamp>
			</report>
			<report>
				<misses>3933001</misses>
				<total>1</total>
				<timestamp>1453.754973</timestamp>
			</report>
			<report>
				<misses>3934001</misses>
				<total>1</total>
				<timestamp>1454.124585</timestamp>
			</report>
			<report>
				<misses>3935001</misses>
				<total>1</total>
				<timestamp>1454.494264</timestamp>
			</report>
			<report>
				<misses>3936001</misses>
				<total>1</total>
				<timestamp>1454.863907</timestamp>
			</report>
			<report>
				<misses>3937001</misses>
				<total>1</total>
				<timestamp>1455.233502</timestamp>
			</report>
			<report>
				<misses>3938001</misses>
				<total>1</total>
				<timestamp>1455.603123</timestamp>
			</report>
			<report>
				<misses>3939001</misses>
				<total>1</total>
				<timestamp>1455.972739</timestamp>
			</report>
			<report>
				<misses>3940001</misses>
				<total>1</total>
				<timestamp>1456.342431</timestamp>
			</report>
			<report>
				<misses>3941001</misses>
				<total>1</total>
				<timestamp>1456.712053</timestamp>
			</report>
			<report>
				<misses>3942001</misses>
				<total>1</total>
				<timestamp>1457.081673</timestamp>
			</report>
			<report>
				<misses>3943001</misses>
				<total>1</total>
				<timestamp>1457.451296</timestamp>
			</report>
			<report>
				<misses>3944001</misses>
				<total>1</total>
				<timestamp>1457.820906</timestamp>
			</report>
			<report>
				<misses>3945001</misses>
				<total>0</total>
				<timestamp>1458.190628</timestamp>
			</report>
			<report>
				<misses>3946001</misses>
				<total>1</total>
				<timestamp>1458.560187</timestamp>
			</report>
			<report>
				<misses>3947001</misses>
				<total>1</total>
				<timestamp>1458.929778</timestamp>
			</report>
			<report>
				<misses>3948001</misses>
				<total>0</total>
				<timestamp>1459.299543</timestamp>
			</report>
			<report>
				<misses>3949001</misses>
				<total>1</total>
				<timestamp>1459.669057</timestamp>
			</report>
			<report>
				<misses>3950001</misses>
				<total>1</total>
				<timestamp>1460.038669</timestamp>
			</report>
			<report>
				<misses>3951001</misses>
				<total>1</total>
				<timestamp>1460.408334</timestamp>
			</report>
			<report>
				<misses>3952001</misses>
				<total>0</total>
				<timestamp>1460.778039</timestamp>
			</report>
			<report>
				<misses>3953001</misses>
				<total>1</total>
				<timestamp>1461.147555</timestamp>
			</report>
			<report>
				<misses>3954001</misses>
				<total>1</total>
				<timestamp>1461.517205</timestamp>
			</report>
			<report>
				<misses>3955001</misses>
				<total>1</total>
				<timestamp>1461.886804</timestamp>
			</report>
			<report>
				<misses>3956001</misses>
				<total>1</total>
				<timestamp>1462.256431</timestamp>
			</report>
			<report>
				<misses>3957001</misses>
				<total>1</total>
				<timestamp>1462.626080</timestamp>
			</report>
			<report>
				<misses>3958001</misses>
				<total>1</total>
				<timestamp>1462.995778</timestamp>
			</report>
			<report>
				<misses>3959001</misses>
				<total>1</total>
				<timestamp>1463.365390</timestamp>
			</report>
			<report>
				<misses>3960001</misses>
				<total>1</total>
				<timestamp>1463.735029</timestamp>
			</report>
			<report>
				<misses>3961001</misses>
				<total>1</total>
				<timestamp>1464.104630</timestamp>
			</report>
			<report>
				<misses>3962001</misses>
				<total>1</total>
				<timestamp>1464.474239</timestamp>
			</report>
			<report>
				<misses>3963001</misses>
				<total>1</total>
				<timestamp>1464.843851</timestamp>
			</report>
			<report>
				<misses>3964001</misses>
				<total>1</total>
				<timestamp>1465.213506</timestamp>
			</report>
			<report>
				<misses>3965001</misses>
				<total>1</total>
				<timestamp>1465.583168</timestamp>
			</report>
			<report>
				<misses>3966001</misses>
				<total>1</total>
				<timestamp>1465.952785</timestamp>
			</report>
			<report>
				<misses>3967001</misses>
				<total>1</total>
				<timestamp>1466.322465</timestamp>
			</report>
			<report>
				<misses>3968001</misses>
				<total>1</total>
				<timestamp>1466.692056</timestamp>
			</report>
			<report>
				<misses>3969001</misses>
				<total>1</total>
				<timestamp>1467.061682</timestamp>
			</report>
			<report>
				<misses>3970001</misses>
				<total>1</total>
				<timestamp>1467.431297</timestamp>
			</report>
			<report>
				<misses>3971001</misses>
				<total>1</total>
				<timestamp>1467.800934</timestamp>
			</report>
			<report>
				<misses>3972001</misses>
				<total>1</total>
				<timestamp>1468.170568</timestamp>
			</report>
			<report>
				<misses>3973001</misses>
				<total>1</total>
				<timestamp>1468.540210</timestamp>
			</report>
			<report>
				<misses>3974001</misses>
				<total>1</total>
				<timestamp>1468.909781</timestamp>
			</report>
			<report>
				<misses>3975001</misses>
				<total>1</total>
				<timestamp>1469.279498</timestamp>
			</report>
			<report>
				<misses>3976001</misses>
				<total>1</total>
				<timestamp>1469.649107</timestamp>
			</report>
			<report>
				<misses>3977001</misses>
				<total>1</total>
				<timestamp>1470.018678</timestamp>
			</report>
			<report>
				<misses>3978001</misses>
				<total>1</total>
				<timestamp>1470.388330</timestamp>
			</report>
			<report>
				<misses>3979001</misses>
				<total>1</total>
				<timestamp>1470.757975</timestamp>
			</report>
			<report>
				<misses>3980001</misses>
				<total>1</total>
				<timestamp>1471.127633</timestamp>
			</report>
			<report>
				<misses>3981001</misses>
				<total>1</total>
				<timestamp>1471.497264</timestamp>
			</report>
			<report>
				<misses>3982001</misses>
				<total>1</total>
				<timestamp>1471.866883</timestamp>
			</report>
			<report>
				<misses>3983001</misses>
				<total>1</total>
				<timestamp>1472.236499</timestamp>
			</report>
			<report>
				<misses>3984001</misses>
				<total>1</total>
				<timestamp>1472.606172</timestamp>
			</report>
			<report>
				<misses>3985001</misses>
				<total>1</total>
				<timestamp>1472.975714</timestamp>
			</report>
			<report>
				<misses>3986001</misses>
				<total>1</total>
				<timestamp>1473.345373</timestamp>
			</report>
			<report>
				<misses>3987001</misses>
				<total>1</total>
				<timestamp>1473.715070</timestamp>
			</report>
			<report>
				<misses>3988001</misses>
				<total>1</total>
				<timestamp>1474.084674</timestamp>
			</report>
			<report>
				<misses>3989001</misses>
				<total>1</total>
				<timestamp>1474.454237</timestamp>
			</report>
			<report>
				<misses>3990001</misses>
				<total>1</total>
				<timestamp>1474.823904</timestamp>
			</report>
			<report>
				<misses>3991001</misses>
				<total>1</total>
				<timestamp>1475.193539</timestamp>
			</report>
			<report>
				<misses>3992001</misses>
				<total>0</total>
				<timestamp>1475.563265</timestamp>
			</report>
			<report>
				<misses>3993001</misses>
				<total>1</total>
				<timestamp>1475.932747</timestamp>
			</report>
			<report>
				<misses>3994001</misses>
				<total>1</total>
				<timestamp>1476.302401</timestamp>
			</report>
			<report>
				<misses>3995001</misses>
				<total>0</total>
				<timestamp>1476.672156</timestamp>
			</report>
			<report>
				<misses>3996001</misses>
				<total>0</total>
				<timestamp>1477.041737</timestamp>
			</report>
			<report>
				<misses>3997001</misses>
				<total>1</total>
				<timestamp>1477.411267</timestamp>
			</report>
			<report>
				<misses>3998001</misses>
				<total>1</total>
				<timestamp>1477.780915</timestamp>
			</report>
			<report>
				<misses>3999001</misses>
				<total>1</total>
				<timestamp>1478.150568</timestamp>
			</report>
			<report>
				<misses>4000001</misses>
				<total>1</total>
				<timestamp>1478.520162</timestamp>
			</report>
			<report>
				<misses>4001001</misses>
				<total>1</total>
				<timestamp>1478.889877</timestamp>
			</report>
			<report>
				<misses>4002001</misses>
				<total>1</total>
				<timestamp>1479.259478</timestamp>
			</report>
			<report>
				<misses>4003001</misses>
				<total>1</total>
				<timestamp>1479.629059</timestamp>
			</report>
			<report>
				<misses>4004001</misses>
				<total>1</total>
				<timestamp>1479.998754</timestamp>
			</report>
			<report>
				<misses>4005001</misses>
				<total>0</total>
				<timestamp>1480.368411</timestamp>
			</report>
			<report>
				<misses>4006001</misses>
				<total>1</total>
				<timestamp>1480.737960</timestamp>
			</report>
			<report>
				<misses>4007001</misses>
				<total>1</total>
				<timestamp>1481.107579</timestamp>
			</report>
			<report>
				<misses>4008001</misses>
				<total>1</total>
				<timestamp>1481.477212</timestamp>
			</report>
			<report>
				<misses>4009001</misses>
				<total>1</total>
				<timestamp>1481.846898</timestamp>
			</report>
			<report>
				<misses>4010001</misses>
				<total>1</total>
				<timestamp>1482.216498</timestamp>
			</report>
			<report>
				<misses>4011001</misses>
				<total>1</total>
				<timestamp>1482.586122</timestamp>
			</report>
			<report>
				<misses>4012001</misses>
				<total>1</total>
				<timestamp>1482.955795</timestamp>
			</report>
			<report>
				<misses>4013001</misses>
				<total>0</total>
				<timestamp>1483.325469</timestamp>
			</report>
			<report>
				<misses>4014001</misses>
				<total>1</total>
				<timestamp>1483.695034</timestamp>
			</report>
			<report>
				<misses>4015001</misses>
				<total>1</total>
				<timestamp>1484.064647</timestamp>
			</report>
			<report>
				<misses>4016001</misses>
				<total>1</total>
				<timestamp>1484.434280</timestamp>
			</report>
			<report>
				<misses>4017001</misses>
				<total>1</total>
				<timestamp>1484.803872</timestamp>
			</report>
			<report>
				<misses>4018001</misses>
				<total>1</total>
				<timestamp>1485.173521</timestamp>
			</report>
			<report>
				<misses>4019001</misses>
				<total>1</total>
				<timestamp>1485.543146</timestamp>
			</report>
			<report>
				<misses>4020001</misses>
				<total>0</total>
				<timestamp>1485.912891</timestamp>
			</report>
			<report>
				<misses>4021001</misses>
				<total>1</total>
				<timestamp>1486.282474</timestamp>
			</report>
			<report>
				<misses>4022001</misses>
				<total>1</total>
				<timestamp>1486.652078</timestamp>
			</report>
			<report>
				<misses>4023001</misses>
				<total>1</total>
				<timestamp>1487.021661</timestamp>
			</report>
			<report>
				<misses>4024001</misses>
				<total>1</total>
				<timestamp>1487.391293</timestamp>
			</report>
			<report>
				<misses>4025001</misses>
				<total>1</total>
				<timestamp>1487.760995</timestamp>
			</report>
			<report>
				<misses>4026001</misses>
				<total>1</total>
				<timestamp>1488.130600</timestamp>
			</report>
			<report>
				<misses>4027001</misses>
				<total>0</total>
				<timestamp>1488.500267</timestamp>
			</report>
			<report>
				<misses>4028001</misses>
				<total>1</total>
				<timestamp>1488.869824</timestamp>
			</report>
			<report>
				<misses>4029001</misses>
				<total>1</total>
				<timestamp>1489.239465</timestamp>
			</report>
			<report>
				<misses>4030001</misses>
				<total>1</total>
				<timestamp>1489.609106</timestamp>
			</report>
			<report>
				<misses>4031001</misses>
				<total>1</total>
				<timestamp>1489.978702</timestamp>
			</report>
			<report>
				<misses>4032001</misses>
				<total>1</total>
				<timestamp>1490.348355</timestamp>
			</report>
			<report>
				<misses>4033001</misses>
				<total>1</total>
				<timestamp>1490.718016</timestamp>
			</report>
			<report>
				<misses>4034001</misses>
				<total>1</total>
				<timestamp>1491.087589</timestamp>
			</report>
			<report>
				<misses>4035001</misses>
				<total>1</total>
				<timestamp>1491.457280</timestamp>
			</report>
			<report>
				<misses>4036001</misses>
				<total>1</total>
				<timestamp>1491.826921</timestamp>
			</report>
			<report>
				<misses>4037001</misses>
				<total>1</total>
				<timestamp>1492.196502</timestamp>
			</report>
			<report>
				<misses>4038001</misses>
				<total>1</total>
				<timestamp>1492.566121</timestamp>
			</report>
			<report>
				<misses>4039001</misses>
				<total>1</total>
				<timestamp>1492.935754</timestamp>
			</report>
			<report>
				<misses>4040001</misses>
				<total>1</total>
				<timestamp>1493.305372</timestamp>
			</report>
			<report>
				<misses>4041001</misses>
				<total>1</total>
				<timestamp>1493.675091</timestamp>
			</report>
			<report>
				<misses>4042001</misses>
				<total>1</total>
				<timestamp>1494.044636</timestamp>
			</report>
			<report>
				<misses>4043001</misses>
				<total>1</total>
				<timestamp>1494.414271</timestamp>
			</report>
			<report>
				<misses>4044001</misses>
				<total>1</total>
				<timestamp>1494.783941</timestamp>
			</report>
			<report>
				<misses>4045001</misses>
				<total>1</total>
				<timestamp>1495.153580</timestamp>
			</report>
			<report>
				<misses>4046001</misses>
				<total>1</total>
				<timestamp>1495.523173</timestamp>
			</report>
			<report>
				<misses>4047001</misses>
				<total>1</total>
				<timestamp>1495.892839</timestamp>
			</report>
			<report>
				<misses>4048001</misses>
				<total>1</total>
				<timestamp>1496.262415</timestamp>
			</report>
			<report>
				<misses>4049001</misses>
				<total>1</total>
				<timestamp>1496.632082</timestamp>
			</report>
			<report>
				<misses>4050001</misses>
				<total>1</total>
				<timestamp>1497.001684</timestamp>
			</report>
			<report>
				<misses>4051001</misses>
				<total>1</total>
				<timestamp>1497.371300</timestamp>
			</report>
			<report>
				<misses>4052001</misses>
				<total>1</total>
				<timestamp>1497.740931</timestamp>
			</report>
			<report>
				<misses>4053001</misses>
				<total>1</total>
				<timestamp>1498.110684</timestamp>
			</report>
			<report>
				<misses>4054001</misses>
				<total>1</total>
				<timestamp>1498.480259</timestamp>
			</report>
			<report>
				<misses>4055001</misses>
				<total>1</total>
				<timestamp>1498.849853</timestamp>
			</report>
			<report>
				<misses>4056001</misses>
				<total>1</total>
				<timestamp>1499.219514</timestamp>
			</report>
			<report>
				<misses>4057001</misses>
				<total>1</total>
				<timestamp>1499.589132</timestamp>
			</report>
			<report>
				<misses>4058001</misses>
				<total>1</total>
				<timestamp>1499.958736</timestamp>
			</report>
			<report>
				<misses>4059001</misses>
				<total>1</total>
				<timestamp>1500.328335</timestamp>
			</report>
			<report>
				<misses>4060001</misses>
				<total>1</total>
				<timestamp>1500.697986</timestamp>
			</report>
			<report>
				<misses>4061001</misses>
				<total>1</total>
				<timestamp>1501.067619</timestamp>
			</report>
			<report>
				<misses>4062001</misses>
				<total>1</total>
				<timestamp>1501.437220</timestamp>
			</report>
			<report>
				<misses>4063001</misses>
				<total>1</total>
				<timestamp>1501.806903</timestamp>
			</report>
			<report>
				<misses>4064001</misses>
				<total>1</total>
				<timestamp>1502.176566</timestamp>
			</report>
			<report>
				<misses>4065001</misses>
				<total>1</total>
				<timestamp>1502.546145</timestamp>
			</report>
			<report>
				<misses>4066001</misses>
				<total>1</total>
				<timestamp>1502.915771</timestamp>
			</report>
			<report>
				<misses>4067001</misses>
				<total>1</total>
				<timestamp>1503.285435</timestamp>
			</report>
			<report>
				<misses>4068001</misses>
				<total>0</total>
				<timestamp>1503.655129</timestamp>
			</report>
			<report>
				<misses>4069001</misses>
				<total>1</total>
				<timestamp>1504.024696</timestamp>
			</report>
			<report>
				<misses>4070001</misses>
				<total>1</total>
				<timestamp>1504.394317</timestamp>
			</report>
			<report>
				<misses>4071001</misses>
				<total>1</total>
				<timestamp>1504.763956</timestamp>
			</report>
			<report>
				<misses>4072001</misses>
				<total>1</total>
				<timestamp>1505.133565</timestamp>
			</report>
			<report>
				<misses>4073001</misses>
				<total>1</total>
				<timestamp>1505.503165</timestamp>
			</report>
			<report>
				<misses>4074001</misses>
				<total>1</total>
				<timestamp>1505.872854</timestamp>
			</report>
			<report>
				<misses>4075001</misses>
				<total>1</total>
				<timestamp>1506.242426</timestamp>
			</report>
			<report>
				<misses>4076001</misses>
				<total>1</total>
				<timestamp>1506.612137</timestamp>
			</report>
			<report>
				<misses>4077001</misses>
				<total>1</total>
				<timestamp>1506.981675</timestamp>
			</report>
			<report>
				<misses>4078001</misses>
				<total>1</total>
				<timestamp>1507.351319</timestamp>
			</report>
			<report>
				<misses>4079001</misses>
				<total>1</total>
				<timestamp>1507.720947</timestamp>
			</report>
			<report>
				<misses>4080001</misses>
				<total>1</total>
				<timestamp>1508.090578</timestamp>
			</report>
			<report>
				<misses>4081001</misses>
				<total>1</total>
				<timestamp>1508.460253</timestamp>
			</report>
			<report>
				<misses>4082001</misses>
				<total>1</total>
				<timestamp>1508.829884</timestamp>
			</report>
			<report>
				<misses>4083001</misses>
				<total>1</total>
				<timestamp>1509.199486</timestamp>
			</report>
			<report>
				<misses>4084001</misses>
				<total>1</total>
				<timestamp>1509.569145</timestamp>
			</report>
			<report>
				<misses>4085001</misses>
				<total>1</total>
				<timestamp>1509.938776</timestamp>
			</report>
			<report>
				<misses>4086001</misses>
				<total>1</total>
				<timestamp>1510.308359</timestamp>
			</report>
			<report>
				<misses>4087001</misses>
				<total>1</total>
				<timestamp>1510.678016</timestamp>
			</report>
			<report>
				<misses>4088001</misses>
				<total>1</total>
				<timestamp>1511.047669</timestamp>
			</report>
			<report>
				<misses>4089001</misses>
				<total>1</total>
				<timestamp>1511.417300</timestamp>
			</report>
			<report>
				<misses>4090001</misses>
				<total>0</total>
				<timestamp>1511.786969</timestamp>
			</report>
			<report>
				<misses>4091001</misses>
				<total>2</total>
				<timestamp>1512.156544</timestamp>
			</report>
			<report>
				<misses>4092001</misses>
				<total>2</total>
				<timestamp>1512.526149</timestamp>
			</report>
			<report>
				<misses>4093001</misses>
				<total>2</total>
				<timestamp>1512.895756</timestamp>
			</report>
			<report>
				<misses>4094001</misses>
				<total>2</total>
				<timestamp>1513.265406</timestamp>
			</report>
			<report>
				<misses>4095001</misses>
				<total>2</total>
				<timestamp>1513.635033</timestamp>
			</report>
			<report>
				<misses>4096001</misses>
				<total>2</total>
				<timestamp>1514.004672</timestamp>
			</report>
			<report>
				<misses>4097001</misses>
				<total>2</total>
				<timestamp>1514.374280</timestamp>
			</report>
			<report>
				<misses>4098001</misses>
				<total>2</total>
				<timestamp>1514.743986</timestamp>
			</report>
			<report>
				<misses>4099001</misses>
				<total>2</total>
				<timestamp>1515.113552</timestamp>
			</report>
			<report>
				<misses>4100001</misses>
				<total>1</total>
				<timestamp>1515.483282</timestamp>
			</report>
			<report>
				<misses>4101001</misses>
				<total>2</total>
				<timestamp>1515.852808</timestamp>
			</report>
			<report>
				<misses>4102001</misses>
				<total>2</total>
				<timestamp>1516.222504</timestamp>
			</report>
			<report>
				<misses>4103001</misses>
				<total>2</total>
				<timestamp>1516.592121</timestamp>
			</report>
			<report>
				<misses>4104001</misses>
				<total>2</total>
				<timestamp>1516.961709</timestamp>
			</report>
			<report>
				<misses>4105001</misses>
				<total>2</total>
				<timestamp>1517.331350</timestamp>
			</report>
			<report>
				<misses>4106001</misses>
				<total>2</total>
				<timestamp>1517.700937</timestamp>
			</report>
			<report>
				<misses>4107001</misses>
				<total>2</total>
				<timestamp>1518.070621</timestamp>
			</report>
			<report>
				<misses>4108001</misses>
				<total>1</total>
				<timestamp>1518.440361</timestamp>
			</report>
			<report>
				<misses>4109001</misses>
				<total>2</total>
				<timestamp>1518.809843</timestamp>
			</report>
			<report>
				<misses>4110001</misses>
				<total>2</total>
				<timestamp>1519.179477</timestamp>
			</report>
			<report>
				<misses>4111001</misses>
				<total>2</total>
				<timestamp>1519.549156</timestamp>
			</report>
			<report>
				<misses>4112001</misses>
				<total>2</total>
				<timestamp>1519.918798</timestamp>
			</report>
			<report>
				<misses>4113001</misses>
				<total>2</total>
				<timestamp>1520.288415</timestamp>
			</report>
			<report>
				<misses>4114001</misses>
				<total>2</total>
				<timestamp>1520.658013</timestamp>
			</report>
			<report>
				<misses>4115001</misses>
				<total>2</total>
				<timestamp>1521.027663</timestamp>
			</report>
			<report>
				<misses>4116001</misses>
				<total>2</total>
				<timestamp>1521.397298</timestamp>
			</report>
			<report>
				<misses>4117001</misses>
				<total>2</total>
				<timestamp>1521.766918</timestamp>
			</report>
			<report>
				<misses>4118001</misses>
				<total>2</total>
				<timestamp>1522.136526</timestamp>
			</report>
			<report>
				<misses>4119001</misses>
				<total>2</total>
				<timestamp>1522.506135</timestamp>
			</report>
			<report>
				<misses>4120001</misses>
				<total>1</total>
				<timestamp>1522.875871</timestamp>
			</report>
			<report>
				<misses>4121001</misses>
				<total>2</total>
				<timestamp>1523.245405</timestamp>
			</report>
			<report>
				<misses>4122001</misses>
				<total>2</total>
				<timestamp>1523.615048</timestamp>
			</report>
			<report>
				<misses>4123001</misses>
				<total>2</total>
				<timestamp>1523.984692</timestamp>
			</report>
			<report>
				<misses>4124001</misses>
				<total>2</total>
				<timestamp>1524.354296</timestamp>
			</report>
			<report>
				<misses>4125001</misses>
				<total>2</total>
				<timestamp>1524.723955</timestamp>
			</report>
			<report>
				<misses>4126001</misses>
				<total>2</total>
				<timestamp>1525.093605</timestamp>
			</report>
			<report>
				<misses>4127001</misses>
				<total>2</total>
				<timestamp>1525.463167</timestamp>
			</report>
			<report>
				<misses>4128001</misses>
				<total>2</total>
				<timestamp>1525.832824</timestamp>
			</report>
			<report>
				<misses>4129001</misses>
				<total>2</total>
				<timestamp>1526.202478</timestamp>
			</report>
			<report>
				<misses>4130001</misses>
				<total>2</total>
				<timestamp>1526.572059</timestamp>
			</report>
			<report>
				<misses>4131001</misses>
				<total>2</total>
				<timestamp>1526.941766</timestamp>
			</report>
			<report>
				<misses>4132001</misses>
				<total>2</total>
				<timestamp>1527.311362</timestamp>
			</report>
			<report>
				<misses>4133001</misses>
				<total>2</total>
				<timestamp>1527.680943</timestamp>
			</report>
			<report>
				<misses>4134001</misses>
				<total>2</total>
				<timestamp>1528.050666</timestamp>
			</report>
			<report>
				<misses>4135001</misses>
				<total>2</total>
				<timestamp>1528.420253</timestamp>
			</report>
			<report>
				<misses>4136001</misses>
				<total>2</total>
				<timestamp>1528.789860</timestamp>
			</report>
			<report>
				<misses>4137001</misses>
				<total>2</total>
				<timestamp>1529.159474</timestamp>
			</report>
			<report>
				<misses>4138001</misses>
				<total>2</total>
				<timestamp>1529.529108</timestamp>
			</report>
			<report>
				<misses>4139001</misses>
				<total>2</total>
				<timestamp>1529.898768</timestamp>
			</report>
			<report>
				<misses>4140001</misses>
				<total>2</total>
				<timestamp>1530.268411</timestamp>
			</report>
			<report>
				<misses>4141001</misses>
				<total>2</total>
				<timestamp>1530.638002</timestamp>
			</report>
			<report>
				<misses>4142001</misses>
				<total>2</total>
				<timestamp>1531.007634</timestamp>
			</report>
			<report>
				<misses>4143001</misses>
				<total>1</total>
				<timestamp>1531.377342</timestamp>
			</report>
			<report>
				<misses>4144001</misses>
				<total>2</total>
				<timestamp>1531.746877</timestamp>
			</report>
			<report>
				<misses>4145001</misses>
				<total>2</total>
				<timestamp>1532.116567</timestamp>
			</report>
			<report>
				<misses>4146001</misses>
				<total>2</total>
				<timestamp>1532.486215</timestamp>
			</report>
			<report>
				<misses>4147001</misses>
				<total>1</total>
				<timestamp>1532.855887</timestamp>
			</report>
			<report>
				<misses>4148001</misses>
				<total>2</total>
				<timestamp>1533.225414</timestamp>
			</report>
			<report>
				<misses>4149001</misses>
				<total>2</total>
				<timestamp>1533.595048</timestamp>
			</report>
			<report>
				<misses>4150001</misses>
				<total>2</total>
				<timestamp>1533.964699</timestamp>
			</report>
			<report>
				<misses>4151001</misses>
				<total>2</total>
				<timestamp>1534.334349</timestamp>
			</report>
			<report>
				<misses>4152001</misses>
				<total>1</total>
				<timestamp>1534.704038</timestamp>
			</report>
			<report>
				<misses>4153001</misses>
				<total>2</total>
				<timestamp>1535.073588</timestamp>
			</report>
			<report>
				<misses>4154001</misses>
				<total>2</total>
				<timestamp>1535.443205</timestamp>
			</report>
			<report>
				<misses>4155001</misses>
				<total>2</total>
				<timestamp>1535.812881</timestamp>
			</report>
			<report>
				<misses>4156001</misses>
				<total>2</total>
				<timestamp>1536.182496</timestamp>
			</report>
			<report>
				<misses>4157001</misses>
				<total>2</total>
				<timestamp>1536.552149</timestamp>
			</report>
			<report>
				<misses>4158001</misses>
				<total>2</total>
				<timestamp>1536.921695</timestamp>
			</report>
			<report>
				<misses>4159001</misses>
				<total>2</total>
				<timestamp>1537.291411</timestamp>
			</report>
			<report>
				<misses>4160001</misses>
				<total>2</total>
				<timestamp>1537.661047</timestamp>
			</report>
			<report>
				<misses>4161001</misses>
				<total>2</total>
				<timestamp>1538.030604</timestamp>
			</report>
			<report>
				<misses>4162001</misses>
				<total>2</total>
				<timestamp>1538.400239</timestamp>
			</report>
			<report>
				<misses>4163001</misses>
				<total>2</total>
				<timestamp>1538.769873</timestamp>
			</report>
			<report>
				<misses>4164001</misses>
				<total>2</total>
				<timestamp>1539.139556</timestamp>
			</report>
			<report>
				<misses>4165001</misses>
				<total>2</total>
				<timestamp>1539.509125</timestamp>
			</report>
			<report>
				<misses>4166001</misses>
				<total>1</total>
				<timestamp>1539.878851</timestamp>
			</report>
			<report>
				<misses>4167001</misses>
				<total>2</total>
				<timestamp>1540.248372</timestamp>
			</report>
			<report>
				<misses>4168001</misses>
				<total>1</total>
				<timestamp>1540.618113</timestamp>
			</report>
			<report>
				<misses>4169001</misses>
				<total>2</total>
				<timestamp>1540.987680</timestamp>
			</report>
			<report>
				<misses>4170001</misses>
				<total>2</total>
				<timestamp>1541.357308</timestamp>
			</report>
			<report>
				<misses>4171001</misses>
				<total>2</total>
				<timestamp>1541.726970</timestamp>
			</report>
			<report>
				<misses>4172001</misses>
				<total>2</total>
				<timestamp>1542.096588</timestamp>
			</report>
			<report>
				<misses>4173001</misses>
				<total>2</total>
				<timestamp>1542.466182</timestamp>
			</report>
			<report>
				<misses>4174001</misses>
				<total>2</total>
				<timestamp>1542.835806</timestamp>
			</report>
			<report>
				<misses>4175001</misses>
				<total>2</total>
				<timestamp>1543.205455</timestamp>
			</report>
			<report>
				<misses>4176001</misses>
				<total>2</total>
				<timestamp>1543.575060</timestamp>
			</report>
			<report>
				<misses>4177001</misses>
				<total>2</total>
				<timestamp>1543.944673</timestamp>
			</report>
			<report>
				<misses>4178001</misses>
				<total>2</total>
				<timestamp>1544.314313</timestamp>
			</report>
			<report>
				<misses>4179001</misses>
				<total>2</total>
				<timestamp>1544.683973</timestamp>
			</report>
			<report>
				<misses>4180001</misses>
				<total>2</total>
				<timestamp>1545.053612</timestamp>
			</report>
			<report>
				<misses>4181001</misses>
				<total>2</total>
				<timestamp>1545.423207</timestamp>
			</report>
			<report>
				<misses>4182001</misses>
				<total>2</total>
				<timestamp>1545.792835</timestamp>
			</report>
			<report>
				<misses>4183001</misses>
				<total>2</total>
				<timestamp>1546.162517</timestamp>
			</report>
			<report>
				<misses>4184001</misses>
				<total>2</total>
				<timestamp>1546.532105</timestamp>
			</report>
			<report>
				<misses>4185001</misses>
				<total>2</total>
				<timestamp>1546.901709</timestamp>
			</report>
			<report>
				<misses>4186001</misses>
				<total>2</total>
				<timestamp>1547.271377</timestamp>
			</report>
			<report>
				<misses>4187001</misses>
				<total>2</total>
				<timestamp>1547.641042</timestamp>
			</report>
			<report>
				<misses>4188001</misses>
				<total>2</total>
				<timestamp>1548.010644</timestamp>
			</report>
			<report>
				<misses>4189001</misses>
				<total>2</total>
				<timestamp>1548.380247</timestamp>
			</report>
			<report>
				<misses>4190001</misses>
				<total>2</total>
				<timestamp>1548.749876</timestamp>
			</report>
			<report>
				<misses>4191001</misses>
				<total>2</total>
				<timestamp>1549.119542</timestamp>
			</report>
			<report>
				<misses>4192001</misses>
				<total>2</total>
				<timestamp>1549.489203</timestamp>
			</report>
			<report>
				<misses>4193001</misses>
				<total>2</total>
				<timestamp>1549.858791</timestamp>
			</report>
			<report>
				<misses>4194001</misses>
				<total>2</total>
				<timestamp>1550.228415</timestamp>
			</report>
			<report>
				<misses>4195001</misses>
				<total>2</total>
				<timestamp>1550.598073</timestamp>
			</report>
			<report>
				<misses>4196001</misses>
				<total>2</total>
				<timestamp>1550.967677</timestamp>
			</report>
			<report>
				<misses>4197001</misses>
				<total>2</total>
				<timestamp>1551.337303</timestamp>
			</report>
			<report>
				<misses>4198001</misses>
				<total>2</total>
				<timestamp>1551.706917</timestamp>
			</report>
			<report>
				<misses>4199001</misses>
				<total>2</total>
				<timestamp>1552.076587</timestamp>
			</report>
			<report>
				<misses>4200001</misses>
				<total>2</total>
				<timestamp>1552.446244</timestamp>
			</report>
			<report>
				<misses>4201001</misses>
				<total>2</total>
				<timestamp>1552.815815</timestamp>
			</report>
			<report>
				<misses>4202001</misses>
				<total>2</total>
				<timestamp>1553.185523</timestamp>
			</report>
			<report>
				<misses>4203001</misses>
				<total>1</total>
				<timestamp>1553.555157</timestamp>
			</report>
			<report>
				<misses>4204001</misses>
				<total>2</total>
				<timestamp>1553.924732</timestamp>
			</report>
			<report>
				<misses>4205001</misses>
				<total>2</total>
				<timestamp>1554.294325</timestamp>
			</report>
			<report>
				<misses>4206001</misses>
				<total>2</total>
				<timestamp>1554.663964</timestamp>
			</report>
			<report>
				<misses>4207001</misses>
				<total>2</total>
				<timestamp>1555.033623</timestamp>
			</report>
			<report>
				<misses>4208001</misses>
				<total>2</total>
				<timestamp>1555.403209</timestamp>
			</report>
			<report>
				<misses>4209001</misses>
				<total>2</total>
				<timestamp>1555.772853</timestamp>
			</report>
			<report>
				<misses>4210001</misses>
				<total>1</total>
				<timestamp>1556.142580</timestamp>
			</report>
			<report>
				<misses>4211001</misses>
				<total>1</total>
				<timestamp>1556.512221</timestamp>
			</report>
			<report>
				<misses>4212001</misses>
				<total>2</total>
				<timestamp>1556.881797</timestamp>
			</report>
			<report>
				<misses>4213001</misses>
				<total>2</total>
				<timestamp>1557.251387</timestamp>
			</report>
			<report>
				<misses>4214001</misses>
				<total>2</total>
				<timestamp>1557.621017</timestamp>
			</report>
			<report>
				<misses>4215001</misses>
				<total>2</total>
				<timestamp>1557.990707</timestamp>
			</report>
			<report>
				<misses>4216001</misses>
				<total>2</total>
				<timestamp>1558.360316</timestamp>
			</report>
			<report>
				<misses>4217001</misses>
				<total>2</total>
				<timestamp>1558.729932</timestamp>
			</report>
			<report>
				<misses>4218001</misses>
				<total>2</total>
				<timestamp>1559.099527</timestamp>
			</report>
			<report>
				<misses>4219001</misses>
				<total>2</total>
				<timestamp>1559.469178</timestamp>
			</report>
			<report>
				<misses>4220001</misses>
				<total>2</total>
				<timestamp>1559.838795</timestamp>
			</report>
			<report>
				<misses>4221001</misses>
				<total>2</total>
				<timestamp>1560.208457</timestamp>
			</report>
			<report>
				<misses>4222001</misses>
				<total>2</total>
				<timestamp>1560.578074</timestamp>
			</report>
			<report>
				<misses>4223001</misses>
				<total>2</total>
				<timestamp>1560.947697</timestamp>
			</report>
			<report>
				<misses>4224001</misses>
				<total>2</total>
				<timestamp>1561.317294</timestamp>
			</report>
			<report>
				<misses>4225001</misses>
				<total>2</total>
				<timestamp>1561.686929</timestamp>
			</report>
			<report>
				<misses>4226001</misses>
				<total>2</total>
				<timestamp>1562.056552</timestamp>
			</report>
			<report>
				<misses>4227001</misses>
				<total>1</total>
				<timestamp>1562.426292</timestamp>
			</report>
			<report>
				<misses>4228001</misses>
				<total>2</total>
				<timestamp>1562.795813</timestamp>
			</report>
			<report>
				<misses>4229001</misses>
				<total>2</total>
				<timestamp>1563.165440</timestamp>
			</report>
			<report>
				<misses>4230001</misses>
				<total>2</total>
				<timestamp>1563.535115</timestamp>
			</report>
			<report>
				<misses>4231001</misses>
				<total>2</total>
				<timestamp>1563.904711</timestamp>
			</report>
			<report>
				<misses>4232001</misses>
				<total>2</total>
				<timestamp>1564.274417</timestamp>
			</report>
			<report>
				<misses>4233001</misses>
				<total>2</total>
				<timestamp>1564.643971</timestamp>
			</report>
			<report>
				<misses>4234001</misses>
				<total>2</total>
				<timestamp>1565.013598</timestamp>
			</report>
			<report>
				<misses>4235001</misses>
				<total>2</total>
				<timestamp>1565.383224</timestamp>
			</report>
			<report>
				<misses>4236001</misses>
				<total>2</total>
				<timestamp>1565.752856</timestamp>
			</report>
			<report>
				<misses>4237001</misses>
				<total>2</total>
				<timestamp>1566.122511</timestamp>
			</report>
			<report>
				<misses>4238001</misses>
				<total>2</total>
				<timestamp>1566.492158</timestamp>
			</report>
			<report>
				<misses>4239001</misses>
				<total>2</total>
				<timestamp>1566.861759</timestamp>
			</report>
			<report>
				<misses>4240001</misses>
				<total>2</total>
				<timestamp>1567.231394</timestamp>
			</report>
			<report>
				<misses>4241001</misses>
				<total>1</total>
				<timestamp>1567.601097</timestamp>
			</report>
			<report>
				<misses>4242001</misses>
				<total>2</total>
				<timestamp>1567.970638</timestamp>
			</report>
			<report>
				<misses>4243001</misses>
				<total>2</total>
				<timestamp>1568.340417</timestamp>
			</report>
			<report>
				<misses>4244001</misses>
				<total>2</total>
				<timestamp>1568.709875</timestamp>
			</report>
			<report>
				<misses>4245001</misses>
				<total>2</total>
				<timestamp>1569.079531</timestamp>
			</report>
			<report>
				<misses>4246001</misses>
				<total>1</total>
				<timestamp>1569.449269</timestamp>
			</report>
			<report>
				<misses>4247001</misses>
				<total>2</total>
				<timestamp>1569.818769</timestamp>
			</report>
			<report>
				<misses>4248001</misses>
				<total>2</total>
				<timestamp>1570.188483</timestamp>
			</report>
			<report>
				<misses>4249001</misses>
				<total>2</total>
				<timestamp>1570.558060</timestamp>
			</report>
			<report>
				<misses>4250001</misses>
				<total>2</total>
				<timestamp>1570.927663</timestamp>
			</report>
			<report>
				<misses>4251001</misses>
				<total>2</total>
				<timestamp>1571.297365</timestamp>
			</report>
			<report>
				<misses>4252001</misses>
				<total>2</total>
				<timestamp>1571.666937</timestamp>
			</report>
			<report>
				<misses>4253001</misses>
				<total>1</total>
				<timestamp>1572.036651</timestamp>
			</report>
			<report>
				<misses>4254001</misses>
				<total>2</total>
				<timestamp>1572.406184</timestamp>
			</report>
			<report>
				<misses>4255001</misses>
				<total>2</total>
				<timestamp>1572.775810</timestamp>
			</report>
			<report>
				<misses>4256001</misses>
				<total>2</total>
				<timestamp>1573.145514</timestamp>
			</report>
			<report>
				<misses>4257001</misses>
				<total>2</total>
				<timestamp>1573.515084</timestamp>
			</report>
			<report>
				<misses>4258001</misses>
				<total>1</total>
				<timestamp>1573.884804</timestamp>
			</report>
			<report>
				<misses>4259001</misses>
				<total>2</total>
				<timestamp>1574.254442</timestamp>
			</report>
			<report>
				<misses>4260001</misses>
				<total>2</total>
				<timestamp>1574.623974</timestamp>
			</report>
			<report>
				<misses>4261001</misses>
				<total>2</total>
				<timestamp>1574.993586</timestamp>
			</report>
			<report>
				<misses>4262001</misses>
				<total>2</total>
				<timestamp>1575.363294</timestamp>
			</report>
			<report>
				<misses>4263001</misses>
				<total>2</total>
				<timestamp>1575.732859</timestamp>
			</report>
			<report>
				<misses>4264001</misses>
				<total>2</total>
				<timestamp>1576.102548</timestamp>
			</report>
			<report>
				<misses>4265001</misses>
				<total>2</total>
				<timestamp>1576.472165</timestamp>
			</report>
			<report>
				<misses>4266001</misses>
				<total>2</total>
				<timestamp>1576.841781</timestamp>
			</report>
			<report>
				<misses>4267001</misses>
				<total>2</total>
				<timestamp>1577.211445</timestamp>
			</report>
			<report>
				<misses>4268001</misses>
				<total>1</total>
				<timestamp>1577.581123</timestamp>
			</report>
			<report>
				<misses>4269001</misses>
				<total>2</total>
				<timestamp>1577.950639</timestamp>
			</report>
			<report>
				<misses>4270001</misses>
				<total>2</total>
				<timestamp>1578.320352</timestamp>
			</report>
			<report>
				<misses>4271001</misses>
				<total>2</total>
				<timestamp>1578.689915</timestamp>
			</report>
			<report>
				<misses>4272001</misses>
				<total>2</total>
				<timestamp>1579.059561</timestamp>
			</report>
			<report>
				<misses>4273001</misses>
				<total>2</total>
				<timestamp>1579.429276</timestamp>
			</report>
			<report>
				<misses>4274001</misses>
				<total>2</total>
				<timestamp>1579.798815</timestamp>
			</report>
			<report>
				<misses>4275001</misses>
				<total>2</total>
				<timestamp>1580.168440</timestamp>
			</report>
			<report>
				<misses>4276001</misses>
				<total>2</total>
				<timestamp>1580.538103</timestamp>
			</report>
			<report>
				<misses>4277001</misses>
				<total>2</total>
				<timestamp>1580.907670</timestamp>
			</report>
			<report>
				<misses>4278001</misses>
				<total>2</total>
				<timestamp>1581.277306</timestamp>
			</report>
			<report>
				<misses>4279001</misses>
				<total>2</total>
				<timestamp>1581.647015</timestamp>
			</report>
			<report>
				<misses>4280001</misses>
				<total>2</total>
				<timestamp>1582.016580</timestamp>
			</report>
			<report>
				<misses>4281001</misses>
				<total>2</total>
				<timestamp>1582.386272</timestamp>
			</report>
			<report>
				<misses>4282001</misses>
				<total>2</total>
				<timestamp>1582.755825</timestamp>
			</report>
			<report>
				<misses>4283001</misses>
				<total>2</total>
				<timestamp>1583.125516</timestamp>
			</report>
			<report>
				<misses>4284001</misses>
				<total>2</total>
				<timestamp>1583.495112</timestamp>
			</report>
			<report>
				<misses>4285001</misses>
				<total>2</total>
				<timestamp>1583.864728</timestamp>
			</report>
			<report>
				<misses>4286001</misses>
				<total>2</total>
				<timestamp>1584.234368</timestamp>
			</report>
			<report>
				<misses>4287001</misses>
				<total>2</total>
				<timestamp>1584.603985</timestamp>
			</report>
			<report>
				<misses>4288001</misses>
				<total>2</total>
				<timestamp>1584.973630</timestamp>
			</report>
			<report>
				<misses>4289001</misses>
				<total>2</total>
				<timestamp>1585.343261</timestamp>
			</report>
			<report>
				<misses>4290001</misses>
				<total>2</total>
				<timestamp>1585.712879</timestamp>
			</report>
			<report>
				<misses>4291001</misses>
				<total>2</total>
				<timestamp>1586.082550</timestamp>
			</report>
			<report>
				<misses>4292001</misses>
				<total>2</total>
				<timestamp>1586.452138</timestamp>
			</report>
			<report>
				<misses>4293001</misses>
				<total>2</total>
				<timestamp>1586.821767</timestamp>
			</report>
			<report>
				<misses>4294001</misses>
				<total>2</total>
				<timestamp>1587.191404</timestamp>
			</report>
			<report>
				<misses>4295001</misses>
				<total>2</total>
				<timestamp>1587.561029</timestamp>
			</report>
			<report>
				<misses>4296001</misses>
				<total>2</total>
				<timestamp>1587.930670</timestamp>
			</report>
			<report>
				<misses>4297001</misses>
				<total>2</total>
				<timestamp>1588.300369</timestamp>
			</report>
			<report>
				<misses>4298001</misses>
				<total>2</total>
				<timestamp>1588.669922</timestamp>
			</report>
			<report>
				<misses>4299001</misses>
				<total>2</total>
				<timestamp>1589.039603</timestamp>
			</report>
			<report>
				<misses>4300001</misses>
				<total>2</total>
				<timestamp>1589.409258</timestamp>
			</report>
			<report>
				<misses>4301001</misses>
				<total>2</total>
				<timestamp>1589.778800</timestamp>
			</report>
			<report>
				<misses>4302001</misses>
				<total>2</total>
				<timestamp>1590.148440</timestamp>
			</report>
			<report>
				<misses>4303001</misses>
				<total>2</total>
				<timestamp>1590.518077</timestamp>
			</report>
			<report>
				<misses>4304001</misses>
				<total>2</total>
				<timestamp>1590.887714</timestamp>
			</report>
			<report>
				<misses>4305001</misses>
				<total>2</total>
				<timestamp>1591.257357</timestamp>
			</report>
			<report>
				<misses>4306001</misses>
				<total>2</total>
				<timestamp>1591.626940</timestamp>
			</report>
			<report>
				<misses>4307001</misses>
				<total>2</total>
				<timestamp>1591.996638</timestamp>
			</report>
			<report>
				<misses>4308001</misses>
				<total>2</total>
				<timestamp>1592.366234</timestamp>
			</report>
			<report>
				<misses>4309001</misses>
				<total>2</total>
				<timestamp>1592.735912</timestamp>
			</report>
			<report>
				<misses>4310001</misses>
				<total>2</total>
				<timestamp>1593.105512</timestamp>
			</report>
			<report>
				<misses>4311001</misses>
				<total>2</total>
				<timestamp>1593.475195</timestamp>
			</report>
			<report>
				<misses>4312001</misses>
				<total>2</total>
				<timestamp>1593.844726</timestamp>
			</report>
			<report>
				<misses>4313001</misses>
				<total>2</total>
				<timestamp>1594.214360</timestamp>
			</report>
			<report>
				<misses>4314001</misses>
				<total>2</total>
				<timestamp>1594.583992</timestamp>
			</report>
			<report>
				<misses>4315001</misses>
				<total>2</total>
				<timestamp>1594.953657</timestamp>
			</report>
			<report>
				<misses>4316001</misses>
				<total>2</total>
				<timestamp>1595.323271</timestamp>
			</report>
			<report>
				<misses>4317001</misses>
				<total>2</total>
				<timestamp>1595.692892</timestamp>
			</report>
			<report>
				<misses>4318001</misses>
				<total>1</total>
				<timestamp>1596.062640</timestamp>
			</report>
			<report>
				<misses>4319001</misses>
				<total>2</total>
				<timestamp>1596.432190</timestamp>
			</report>
			<report>
				<misses>4320001</misses>
				<total>2</total>
				<timestamp>1596.801804</timestamp>
			</report>
			<report>
				<misses>4321001</misses>
				<total>2</total>
				<timestamp>1597.171447</timestamp>
			</report>
			<report>
				<misses>4322001</misses>
				<total>2</total>
				<timestamp>1597.541033</timestamp>
			</report>
			<report>
				<misses>4323001</misses>
				<total>2</total>
				<timestamp>1597.910711</timestamp>
			</report>
			<report>
				<misses>4324001</misses>
				<total>2</total>
				<timestamp>1598.280299</timestamp>
			</report>
			<report>
				<misses>4325001</misses>
				<total>2</total>
				<timestamp>1598.649949</timestamp>
			</report>
			<report>
				<misses>4326001</misses>
				<total>2</total>
				<timestamp>1599.019536</timestamp>
			</report>
			<report>
				<misses>4327001</misses>
				<total>2</total>
				<timestamp>1599.389253</timestamp>
			</report>
			<report>
				<misses>4328001</misses>
				<total>2</total>
				<timestamp>1599.758841</timestamp>
			</report>
			<report>
				<misses>4329001</misses>
				<total>2</total>
				<timestamp>1600.128494</timestamp>
			</report>
			<report>
				<misses>4330001</misses>
				<total>2</total>
				<timestamp>1600.498093</timestamp>
			</report>
			<report>
				<misses>4331001</misses>
				<total>2</total>
				<timestamp>1600.867700</timestamp>
			</report>
			<report>
				<misses>4332001</misses>
				<total>2</total>
				<timestamp>1601.237352</timestamp>
			</report>
			<report>
				<misses>4333001</misses>
				<total>2</total>
				<timestamp>1601.607065</timestamp>
			</report>
			<report>
				<misses>4334001</misses>
				<total>2</total>
				<timestamp>1601.976657</timestamp>
			</report>
			<report>
				<misses>4335001</misses>
				<total>2</total>
				<timestamp>1602.346236</timestamp>
			</report>
			<report>
				<misses>4336001</misses>
				<total>2</total>
				<timestamp>1602.715850</timestamp>
			</report>
			<report>
				<misses>4337001</misses>
				<total>2</total>
				<timestamp>1603.085513</timestamp>
			</report>
			<report>
				<misses>4338001</misses>
				<total>2</total>
				<timestamp>1603.455161</timestamp>
			</report>
			<report>
				<misses>4339001</misses>
				<total>2</total>
				<timestamp>1603.824731</timestamp>
			</report>
			<report>
				<misses>4340001</misses>
				<total>1</total>
				<timestamp>1604.194461</timestamp>
			</report>
			<report>
				<misses>4341001</misses>
				<total>2</total>
				<timestamp>1604.564023</timestamp>
			</report>
			<report>
				<misses>4342001</misses>
				<total>2</total>
				<timestamp>1604.933660</timestamp>
			</report>
			<report>
				<misses>4343001</misses>
				<total>2</total>
				<timestamp>1605.303263</timestamp>
			</report>
			<report>
				<misses>4344001</misses>
				<total>2</total>
				<timestamp>1605.672957</timestamp>
			</report>
			<report>
				<misses>4345001</misses>
				<total>2</total>
				<timestamp>1606.042528</timestamp>
			</report>
			<report>
				<misses>4346001</misses>
				<total>2</total>
				<timestamp>1606.412166</timestamp>
			</report>
			<report>
				<misses>4347001</misses>
				<total>2</total>
				<timestamp>1606.781837</timestamp>
			</report>
			<report>
				<misses>4348001</misses>
				<total>2</total>
				<timestamp>1607.151474</timestamp>
			</report>
			<report>
				<misses>4349001</misses>
				<total>2</total>
				<timestamp>1607.521126</timestamp>
			</report>
			<report>
				<misses>4350001</misses>
				<total>2</total>
				<timestamp>1607.890713</timestamp>
			</report>
			<report>
				<misses>4351001</misses>
				<total>2</total>
				<timestamp>1608.260345</timestamp>
			</report>
			<report>
				<misses>4352001</misses>
				<total>2</total>
				<timestamp>1608.629988</timestamp>
			</report>
			<report>
				<misses>4353001</misses>
				<total>2</total>
				<timestamp>1608.999591</timestamp>
			</report>
			<report>
				<misses>4354001</misses>
				<total>1</total>
				<timestamp>1609.369326</timestamp>
			</report>
			<report>
				<misses>4355001</misses>
				<total>2</total>
				<timestamp>1609.738855</timestamp>
			</report>
			<report>
				<misses>4356001</misses>
				<total>2</total>
				<timestamp>1610.108454</timestamp>
			</report>
			<report>
				<misses>4357001</misses>
				<total>2</total>
				<timestamp>1610.478117</timestamp>
			</report>
			<report>
				<misses>4358001</misses>
				<total>2</total>
				<timestamp>1610.847749</timestamp>
			</report>
			<report>
				<misses>4359001</misses>
				<total>2</total>
				<timestamp>1611.217356</timestamp>
			</report>
			<report>
				<misses>4360001</misses>
				<total>1</total>
				<timestamp>1611.587087</timestamp>
			</report>
			<report>
				<misses>4361001</misses>
				<total>2</total>
				<timestamp>1611.956599</timestamp>
			</report>
			<report>
				<misses>4362001</misses>
				<total>2</total>
				<timestamp>1612.326284</timestamp>
			</report>
			<report>
				<misses>4363001</misses>
				<total>2</total>
				<timestamp>1612.695928</timestamp>
			</report>
			<report>
				<misses>4364001</misses>
				<total>2</total>
				<timestamp>1613.065527</timestamp>
			</report>
			<report>
				<misses>4365001</misses>
				<total>2</total>
				<timestamp>1613.435131</timestamp>
			</report>
			<report>
				<misses>4366001</misses>
				<total>2</total>
				<timestamp>1613.804743</timestamp>
			</report>
			<report>
				<misses>4367001</misses>
				<total>2</total>
				<timestamp>1614.174461</timestamp>
			</report>
			<report>
				<misses>4368001</misses>
				<total>2</total>
				<timestamp>1614.544066</timestamp>
			</report>
			<report>
				<misses>4369001</misses>
				<total>2</total>
				<timestamp>1614.913649</timestamp>
			</report>
			<report>
				<misses>4370001</misses>
				<total>2</total>
				<timestamp>1615.283265</timestamp>
			</report>
			<report>
				<misses>4371001</misses>
				<total>2</total>
				<timestamp>1615.652918</timestamp>
			</report>
			<report>
				<misses>4372001</misses>
				<total>2</total>
				<timestamp>1616.022556</timestamp>
			</report>
			<report>
				<misses>4373001</misses>
				<total>2</total>
				<timestamp>1616.392188</timestamp>
			</report>
			<report>
				<misses>4374001</misses>
				<total>2</total>
				<timestamp>1616.761828</timestamp>
			</report>
			<report>
				<misses>4375001</misses>
				<total>2</total>
				<timestamp>1617.131447</timestamp>
			</report>
			<report>
				<misses>4376001</misses>
				<total>2</total>
				<timestamp>1617.501090</timestamp>
			</report>
			<report>
				<misses>4377001</misses>
				<total>2</total>
				<timestamp>1617.870682</timestamp>
			</report>
			<report>
				<misses>4378001</misses>
				<total>1</total>
				<timestamp>1618.240453</timestamp>
			</report>
			<report>
				<misses>4379001</misses>
				<total>2</total>
				<timestamp>1618.610013</timestamp>
			</report>
			<report>
				<misses>4380001</misses>
				<total>1</total>
				<timestamp>1618.979650</timestamp>
			</report>
			<report>
				<misses>4381001</misses>
				<total>2</total>
				<timestamp>1619.349190</timestamp>
			</report>
			<report>
				<misses>4382001</misses>
				<total>2</total>
				<timestamp>1619.718866</timestamp>
			</report>
			<report>
				<misses>4383001</misses>
				<total>2</total>
				<timestamp>1620.088508</timestamp>
			</report>
			<report>
				<misses>4384001</misses>
				<total>2</total>
				<timestamp>1620.458079</timestamp>
			</report>
			<report>
				<misses>4385001</misses>
				<total>2</total>
				<timestamp>1620.827760</timestamp>
			</report>
			<report>
				<misses>4386001</misses>
				<total>2</total>
				<timestamp>1621.197431</timestamp>
			</report>
			<report>
				<misses>4387001</misses>
				<total>2</total>
				<timestamp>1621.567035</timestamp>
			</report>
			<report>
				<misses>4388001</misses>
				<total>2</total>
				<timestamp>1621.936672</timestamp>
			</report>
			<report>
				<misses>4389001</misses>
				<total>2</total>
				<timestamp>1622.306219</timestamp>
			</report>
			<report>
				<misses>4390001</misses>
				<total>1</total>
				<timestamp>1622.676050</timestamp>
			</report>
			<report>
				<misses>4391001</misses>
				<total>2</total>
				<timestamp>1623.045521</timestamp>
			</report>
			<report>
				<misses>4392001</misses>
				<total>2</total>
				<timestamp>1623.415189</timestamp>
			</report>
			<report>
				<misses>4393001</misses>
				<total>2</total>
				<timestamp>1623.784812</timestamp>
			</report>
			<report>
				<misses>4394001</misses>
				<total>2</total>
				<timestamp>1624.154412</timestamp>
			</report>
			<report>
				<misses>4395001</misses>
				<total>2</total>
				<timestamp>1624.524061</timestamp>
			</report>
			<report>
				<misses>4396001</misses>
				<total>2</total>
				<timestamp>1624.893654</timestamp>
			</report>
			<report>
				<misses>4397001</misses>
				<total>2</total>
				<timestamp>1625.263348</timestamp>
			</report>
			<report>
				<misses>4398001</misses>
				<total>2</total>
				<timestamp>1625.632948</timestamp>
			</report>
			<report>
				<misses>4399001</misses>
				<total>2</total>
				<timestamp>1626.002604</timestamp>
			</report>
			<report>
				<misses>4400001</misses>
				<total>2</total>
				<timestamp>1626.372224</timestamp>
			</report>
			<report>
				<misses>4401001</misses>
				<total>2</total>
				<timestamp>1626.741840</timestamp>
			</report>
			<report>
				<misses>4402001</misses>
				<total>2</total>
				<timestamp>1627.111454</timestamp>
			</report>
			<report>
				<misses>4403001</misses>
				<total>2</total>
				<timestamp>1627.481096</timestamp>
			</report>
			<report>
				<misses>4404001</misses>
				<total>2</total>
				<timestamp>1627.850697</timestamp>
			</report>
			<report>
				<misses>4405001</misses>
				<total>2</total>
				<timestamp>1628.220340</timestamp>
			</report>
			<report>
				<misses>4406001</misses>
				<total>2</total>
				<timestamp>1628.589974</timestamp>
			</report>
			<report>
				<misses>4407001</misses>
				<total>2</total>
				<timestamp>1628.959575</timestamp>
			</report>
			<report>
				<misses>4408001</misses>
				<total>2</total>
				<timestamp>1629.329214</timestamp>
			</report>
			<report>
				<misses>4409001</misses>
				<total>1</total>
				<timestamp>1629.698985</timestamp>
			</report>
			<report>
				<misses>4410001</misses>
				<total>2</total>
				<timestamp>1630.068524</timestamp>
			</report>
			<report>
				<misses>4411001</misses>
				<total>2</total>
				<timestamp>1630.438130</timestamp>
			</report>
			<report>
				<misses>4412001</misses>
				<total>2</total>
				<timestamp>1630.807714</timestamp>
			</report>
			<report>
				<misses>4413001</misses>
				<total>2</total>
				<timestamp>1631.177354</timestamp>
			</report>
			<report>
				<misses>4414001</misses>
				<total>2</total>
				<timestamp>1631.547003</timestamp>
			</report>
			<report>
				<misses>4415001</misses>
				<total>2</total>
				<timestamp>1631.916630</timestamp>
			</report>
			<report>
				<misses>4416001</misses>
				<total>2</total>
				<timestamp>1632.286307</timestamp>
			</report>
			<report>
				<misses>4417001</misses>
				<total>2</total>
				<timestamp>1632.656003</timestamp>
			</report>
			<report>
				<misses>4418001</misses>
				<total>2</total>
				<timestamp>1633.025530</timestamp>
			</report>
			<report>
				<misses>4419001</misses>
				<total>2</total>
				<timestamp>1633.395162</timestamp>
			</report>
			<report>
				<misses>4420001</misses>
				<total>2</total>
				<timestamp>1633.764771</timestamp>
			</report>
			<report>
				<misses>4421001</misses>
				<total>2</total>
				<timestamp>1634.134390</timestamp>
			</report>
			<report>
				<misses>4422001</misses>
				<total>2</total>
				<timestamp>1634.504041</timestamp>
			</report>
			<report>
				<misses>4423001</misses>
				<total>2</total>
				<timestamp>1634.873723</timestamp>
			</report>
			<report>
				<misses>4424001</misses>
				<total>2</total>
				<timestamp>1635.243287</timestamp>
			</report>
			<report>
				<misses>4425001</misses>
				<total>2</total>
				<timestamp>1635.612962</timestamp>
			</report>
			<report>
				<misses>4426001</misses>
				<total>2</total>
				<timestamp>1635.982592</timestamp>
			</report>
			<report>
				<misses>4427001</misses>
				<total>2</total>
				<timestamp>1636.352201</timestamp>
			</report>
			<report>
				<misses>4428001</misses>
				<total>2</total>
				<timestamp>1636.721831</timestamp>
			</report>
			<report>
				<misses>4429001</misses>
				<total>2</total>
				<timestamp>1637.091448</timestamp>
			</report>
			<report>
				<misses>4430001</misses>
				<total>2</total>
				<timestamp>1637.461090</timestamp>
			</report>
			<report>
				<misses>4431001</misses>
				<total>1</total>
				<timestamp>1637.830831</timestamp>
			</report>
			<report>
				<misses>4432001</misses>
				<total>2</total>
				<timestamp>1638.200391</timestamp>
			</report>
			<report>
				<misses>4433001</misses>
				<total>2</total>
				<timestamp>1638.570067</timestamp>
			</report>
			<report>
				<misses>4434001</misses>
				<total>2</total>
				<timestamp>1638.939628</timestamp>
			</report>
			<report>
				<misses>4435001</misses>
				<total>2</total>
				<timestamp>1639.309254</timestamp>
			</report>
			<report>
				<misses>4436001</misses>
				<total>2</total>
				<timestamp>1639.678932</timestamp>
			</report>
			<report>
				<misses>4437001</misses>
				<total>2</total>
				<timestamp>1640.048495</timestamp>
			</report>
			<report>
				<misses>4438001</misses>
				<total>2</total>
				<timestamp>1640.418134</timestamp>
			</report>
			<report>
				<misses>4439001</misses>
				<total>2</total>
				<timestamp>1640.787759</timestamp>
			</report>
			<report>
				<misses>4440001</misses>
				<total>2</total>
				<timestamp>1641.157386</timestamp>
			</report>
			<report>
				<misses>4441001</misses>
				<total>2</total>
				<timestamp>1641.527057</timestamp>
			</report>
			<report>
				<misses>4442001</misses>
				<total>2</total>
				<timestamp>1641.896627</timestamp>
			</report>
			<report>
				<misses>4443001</misses>
				<total>1</total>
				<timestamp>1642.266342</timestamp>
			</report>
			<report>
				<misses>4444001</misses>
				<total>2</total>
				<timestamp>1642.635914</timestamp>
			</report>
			<report>
				<misses>4445001</misses>
				<total>2</total>
				<timestamp>1643.005517</timestamp>
			</report>
			<report>
				<misses>4446001</misses>
				<total>2</total>
				<timestamp>1643.375139</timestamp>
			</report>
			<report>
				<misses>4447001</misses>
				<total>2</total>
				<timestamp>1643.744812</timestamp>
			</report>
			<report>
				<misses>4448001</misses>
				<total>2</total>
				<timestamp>1644.114417</timestamp>
			</report>
			<report>
				<misses>4449001</misses>
				<total>2</total>
				<timestamp>1644.484055</timestamp>
			</report>
			<report>
				<misses>4450001</misses>
				<total>2</total>
				<timestamp>1644.853661</timestamp>
			</report>
			<report>
				<misses>4451001</misses>
				<total>2</total>
				<timestamp>1645.223296</timestamp>
			</report>
			<report>
				<misses>4452001</misses>
				<total>1</total>
				<timestamp>1645.593038</timestamp>
			</report>
			<report>
				<misses>4453001</misses>
				<total>2</total>
				<timestamp>1645.962566</timestamp>
			</report>
			<report>
				<misses>4454001</misses>
				<total>2</total>
				<timestamp>1646.332196</timestamp>
			</report>
			<report>
				<misses>4455001</misses>
				<total>2</total>
				<timestamp>1646.701927</timestamp>
			</report>
			<report>
				<misses>4456001</misses>
				<total>2</total>
				<timestamp>1647.071510</timestamp>
			</report>
			<report>
				<misses>4457001</misses>
				<total>2</total>
				<timestamp>1647.441118</timestamp>
			</report>
			<report>
				<misses>4458001</misses>
				<total>2</total>
				<timestamp>1647.810698</timestamp>
			</report>
			<report>
				<misses>4459001</misses>
				<total>2</total>
				<timestamp>1648.180353</timestamp>
			</report>
			<report>
				<misses>4460001</misses>
				<total>2</total>
				<timestamp>1648.549973</timestamp>
			</report>
			<report>
				<misses>4461001</misses>
				<total>2</total>
				<timestamp>1648.919647</timestamp>
			</report>
			<report>
				<misses>4462001</misses>
				<total>2</total>
				<timestamp>1649.289291</timestamp>
			</report>
			<report>
				<misses>4463001</misses>
				<total>2</total>
				<timestamp>1649.658876</timestamp>
			</report>
			<report>
				<misses>4464001</misses>
				<total>2</total>
				<timestamp>1650.028478</timestamp>
			</report>
			<report>
				<misses>4465001</misses>
				<total>2</total>
				<timestamp>1650.398142</timestamp>
			</report>
			<report>
				<misses>4466001</misses>
				<total>2</total>
				<timestamp>1650.767760</timestamp>
			</report>
			<report>
				<misses>4467001</misses>
				<total>2</total>
				<timestamp>1651.137402</timestamp>
			</report>
			<report>
				<misses>4468001</misses>
				<total>2</total>
				<timestamp>1651.507068</timestamp>
			</report>
			<report>
				<misses>4469001</misses>
				<total>2</total>
				<timestamp>1651.876639</timestamp>
			</report>
			<report>
				<misses>4470001</misses>
				<total>2</total>
				<timestamp>1652.246320</timestamp>
			</report>
			<report>
				<misses>4471001</misses>
				<total>2</total>
				<timestamp>1652.615983</timestamp>
			</report>
			<report>
				<misses>4472001</misses>
				<total>2</total>
				<timestamp>1652.985584</timestamp>
			</report>
			<report>
				<misses>4473001</misses>
				<total>2</total>
				<timestamp>1653.355169</timestamp>
			</report>
			<report>
				<misses>4474001</misses>
				<total>2</total>
				<timestamp>1653.724838</timestamp>
			</report>
			<report>
				<misses>4475001</misses>
				<total>1</total>
				<timestamp>1654.094526</timestamp>
			</report>
			<report>
				<misses>4476001</misses>
				<total>2</total>
				<timestamp>1654.464104</timestamp>
			</report>
			<report>
				<misses>4477001</misses>
				<total>2</total>
				<timestamp>1654.833697</timestamp>
			</report>
			<report>
				<misses>4478001</misses>
				<total>2</total>
				<timestamp>1655.203347</timestamp>
			</report>
			<report>
				<misses>4479001</misses>
				<total>2</total>
				<timestamp>1655.572953</timestamp>
			</report>
			<report>
				<misses>4480001</misses>
				<total>2</total>
				<timestamp>1655.942573</timestamp>
			</report>
			<report>
				<misses>4481001</misses>
				<total>2</total>
				<timestamp>1656.312228</timestamp>
			</report>
			<report>
				<misses>4482001</misses>
				<total>2</total>
				<timestamp>1656.681848</timestamp>
			</report>
			<report>
				<misses>4483001</misses>
				<total>2</total>
				<timestamp>1657.051451</timestamp>
			</report>
			<report>
				<misses>4484001</misses>
				<total>2</total>
				<timestamp>1657.421122</timestamp>
			</report>
			<report>
				<misses>4485001</misses>
				<total>1</total>
				<timestamp>1657.790831</timestamp>
			</report>
			<report>
				<misses>4486001</misses>
				<total>2</total>
				<timestamp>1658.160354</timestamp>
			</report>
			<report>
				<misses>4487001</misses>
				<total>2</total>
				<timestamp>1658.529993</timestamp>
			</report>
			<report>
				<misses>4488001</misses>
				<total>2</total>
				<timestamp>1658.899640</timestamp>
			</report>
			<report>
				<misses>4489001</misses>
				<total>2</total>
				<timestamp>1659.269282</timestamp>
			</report>
			<report>
				<misses>4490001</misses>
				<total>1</total>
				<timestamp>1659.638977</timestamp>
			</report>
			<report>
				<misses>4491001</misses>
				<total>2</total>
				<timestamp>1660.008511</timestamp>
			</report>
			<report>
				<misses>4492001</misses>
				<total>2</total>
				<timestamp>1660.378136</timestamp>
			</report>
			<report>
				<misses>4493001</misses>
				<total>2</total>
				<timestamp>1660.747773</timestamp>
			</report>
			<report>
				<misses>4494001</misses>
				<total>2</total>
				<timestamp>1661.117423</timestamp>
			</report>
			<report>
				<misses>4495001</misses>
				<total>2</total>
				<timestamp>1661.487038</timestamp>
			</report>
			<report>
				<misses>4496001</misses>
				<total>2</total>
				<timestamp>1661.856667</timestamp>
			</report>
			<report>
				<misses>4497001</misses>
				<total>2</total>
				<timestamp>1662.226261</timestamp>
			</report>
			<report>
				<misses>4498001</misses>
				<total>2</total>
				<timestamp>1662.595959</timestamp>
			</report>
			<report>
				<misses>4499001</misses>
				<total>2</total>
				<timestamp>1662.965534</timestamp>
			</report>
			<report>
				<misses>4500001</misses>
				<total>1</total>
				<timestamp>1663.335271</timestamp>
			</report>
			<report>
				<misses>4501001</misses>
				<total>2</total>
				<timestamp>1663.704887</timestamp>
			</report>
			<report>
				<misses>4502001</misses>
				<total>2</total>
				<timestamp>1664.074413</timestamp>
			</report>
			<report>
				<misses>4503001</misses>
				<total>2</total>
				<timestamp>1664.444085</timestamp>
			</report>
			<report>
				<misses>4504001</misses>
				<total>2</total>
				<timestamp>1664.813735</timestamp>
			</report>
			<report>
				<misses>4505001</misses>
				<total>2</total>
				<timestamp>1665.183328</timestamp>
			</report>
			<report>
				<misses>4506001</misses>
				<total>2</total>
				<timestamp>1665.552944</timestamp>
			</report>
			<report>
				<misses>4507001</misses>
				<total>2</total>
				<timestamp>1665.922599</timestamp>
			</report>
			<report>
				<misses>4508001</misses>
				<total>2</total>
				<timestamp>1666.292188</timestamp>
			</report>
			<report>
				<misses>4509001</misses>
				<total>2</total>
				<timestamp>1666.661862</timestamp>
			</report>
			<report>
				<misses>4510001</misses>
				<total>2</total>
				<timestamp>1667.031463</timestamp>
			</report>
			<report>
				<misses>4511001</misses>
				<total>1</total>
				<timestamp>1667.401198</timestamp>
			</report>
			<report>
				<misses>4512001</misses>
				<total>2</total>
				<timestamp>1667.770833</timestamp>
			</report>
			<report>
				<misses>4513001</misses>
				<total>2</total>
				<timestamp>1668.140398</timestamp>
			</report>
			<report>
				<misses>4514001</misses>
				<total>2</total>
				<timestamp>1668.510007</timestamp>
			</report>
			<report>
				<misses>4515001</misses>
				<total>1</total>
				<timestamp>1668.879777</timestamp>
			</report>
			<report>
				<misses>4516001</misses>
				<total>2</total>
				<timestamp>1669.249245</timestamp>
			</report>
			<report>
				<misses>4517001</misses>
				<total>2</total>
				<timestamp>1669.618883</timestamp>
			</report>
			<report>
				<misses>4518001</misses>
				<total>2</total>
				<timestamp>1669.988529</timestamp>
			</report>
			<report>
				<misses>4519001</misses>
				<total>1</total>
				<timestamp>1670.358277</timestamp>
			</report>
			<report>
				<misses>4520001</misses>
				<total>2</total>
				<timestamp>1670.727832</timestamp>
			</report>
			<report>
				<misses>4521001</misses>
				<total>2</total>
				<timestamp>1671.097427</timestamp>
			</report>
			<report>
				<misses>4522001</misses>
				<total>2</total>
				<timestamp>1671.467047</timestamp>
			</report>
			<report>
				<misses>4523001</misses>
				<total>2</total>
				<timestamp>1671.836671</timestamp>
			</report>
			<report>
				<misses>4524001</misses>
				<total>2</total>
				<timestamp>1672.206280</timestamp>
			</report>
			<report>
				<misses>4525001</misses>
				<total>2</total>
				<timestamp>1672.575932</timestamp>
			</report>
			<report>
				<misses>4526001</misses>
				<total>2</total>
				<timestamp>1672.945575</timestamp>
			</report>
			<report>
				<misses>4527001</misses>
				<total>1</total>
				<timestamp>1673.315320</timestamp>
			</report>
			<report>
				<misses>4528001</misses>
				<total>2</total>
				<timestamp>1673.684831</timestamp>
			</report>
			<report>
				<misses>4529001</misses>
				<total>2</total>
				<timestamp>1674.054495</timestamp>
			</report>
			<report>
				<misses>4530001</misses>
				<total>1</total>
				<timestamp>1674.424184</timestamp>
			</report>
			<report>
				<misses>4531001</misses>
				<total>2</total>
				<timestamp>1674.793755</timestamp>
			</report>
			<report>
				<misses>4532001</misses>
				<total>2</total>
				<timestamp>1675.163406</timestamp>
			</report>
			<report>
				<misses>4533001</misses>
				<total>2</total>
				<timestamp>1675.532975</timestamp>
			</report>
			<report>
				<misses>4534001</misses>
				<total>2</total>
				<timestamp>1675.902579</timestamp>
			</report>
			<report>
				<misses>4535001</misses>
				<total>2</total>
				<timestamp>1676.272261</timestamp>
			</report>
			<report>
				<misses>4536001</misses>
				<total>2</total>
				<timestamp>1676.641914</timestamp>
			</report>
			<report>
				<misses>4537001</misses>
				<total>2</total>
				<timestamp>1677.011483</timestamp>
			</report>
			<report>
				<misses>4538001</misses>
				<total>2</total>
				<timestamp>1677.381195</timestamp>
			</report>
			<report>
				<misses>4539001</misses>
				<total>2</total>
				<timestamp>1677.750732</timestamp>
			</report>
			<report>
				<misses>4540001</misses>
				<total>2</total>
				<timestamp>1678.120376</timestamp>
			</report>
			<report>
				<misses>4541001</misses>
				<total>2</total>
				<timestamp>1678.490034</timestamp>
			</report>
			<report>
				<misses>4542001</misses>
				<total>2</total>
				<timestamp>1678.859693</timestamp>
			</report>
			<report>
				<misses>4543001</misses>
				<total>2</total>
				<timestamp>1679.229261</timestamp>
			</report>
			<report>
				<misses>4544001</misses>
				<total>2</total>
				<timestamp>1679.598927</timestamp>
			</report>
			<report>
				<misses>4545001</misses>
				<total>2</total>
				<timestamp>1679.968595</timestamp>
			</report>
			<report>
				<misses>4546001</misses>
				<total>2</total>
				<timestamp>1680.338152</timestamp>
			</report>
			<report>
				<misses>4547001</misses>
				<total>2</total>
				<timestamp>1680.707819</timestamp>
			</report>
			<report>
				<misses>4548001</misses>
				<total>2</total>
				<timestamp>1681.077412</timestamp>
			</report>
			<report>
				<misses>4549001</misses>
				<total>2</total>
				<timestamp>1681.447059</timestamp>
			</report>
			<report>
				<misses>4550001</misses>
				<total>2</total>
				<timestamp>1681.816699</timestamp>
			</report>
			<report>
				<misses>4551001</misses>
				<total>2</total>
				<timestamp>1682.186317</timestamp>
			</report>
			<report>
				<misses>4552001</misses>
				<total>2</total>
				<timestamp>1682.555942</timestamp>
			</report>
			<report>
				<misses>4553001</misses>
				<total>2</total>
				<timestamp>1682.925579</timestamp>
			</report>
			<report>
				<misses>4554001</misses>
				<total>2</total>
				<timestamp>1683.295190</timestamp>
			</report>
			<report>
				<misses>4555001</misses>
				<total>2</total>
				<timestamp>1683.664853</timestamp>
			</report>
			<report>
				<misses>4556001</misses>
				<total>2</total>
				<timestamp>1684.034474</timestamp>
			</report>
			<report>
				<misses>4557001</misses>
				<total>2</total>
				<timestamp>1684.404078</timestamp>
			</report>
			<report>
				<misses>4558001</misses>
				<total>2</total>
				<timestamp>1684.773757</timestamp>
			</report>
			<report>
				<misses>4559001</misses>
				<total>2</total>
				<timestamp>1685.143330</timestamp>
			</report>
			<report>
				<misses>4560001</misses>
				<total>2</total>
				<timestamp>1685.513043</timestamp>
			</report>
			<report>
				<misses>4561001</misses>
				<total>2</total>
				<timestamp>1685.882646</timestamp>
			</report>
			<report>
				<misses>4562001</misses>
				<total>2</total>
				<timestamp>1686.252273</timestamp>
			</report>
			<report>
				<misses>4563001</misses>
				<total>2</total>
				<timestamp>1686.621884</timestamp>
			</report>
			<report>
				<misses>4564001</misses>
				<total>2</total>
				<timestamp>1686.991517</timestamp>
			</report>
			<report>
				<misses>4565001</misses>
				<total>2</total>
				<timestamp>1687.361165</timestamp>
			</report>
			<report>
				<misses>4566001</misses>
				<total>1</total>
				<timestamp>1687.730829</timestamp>
			</report>
			<report>
				<misses>4567001</misses>
				<total>2</total>
				<timestamp>1688.100381</timestamp>
			</report>
			<report>
				<misses>4568001</misses>
				<total>2</total>
				<timestamp>1688.470071</timestamp>
			</report>
			<report>
				<misses>4569001</misses>
				<total>2</total>
				<timestamp>1688.839690</timestamp>
			</report>
			<report>
				<misses>4570001</misses>
				<total>2</total>
				<timestamp>1689.209259</timestamp>
			</report>
			<report>
				<misses>4571001</misses>
				<total>2</total>
				<timestamp>1689.578934</timestamp>
			</report>
			<report>
				<misses>4572001</misses>
				<total>2</total>
				<timestamp>1689.948605</timestamp>
			</report>
			<report>
				<misses>4573001</misses>
				<total>2</total>
				<timestamp>1690.318171</timestamp>
			</report>
			<report>
				<misses>4574001</misses>
				<total>2</total>
				<timestamp>1690.687784</timestamp>
			</report>
			<report>
				<misses>4575001</misses>
				<total>2</total>
				<timestamp>1691.057422</timestamp>
			</report>
			<report>
				<misses>4576001</misses>
				<total>2</total>
				<timestamp>1691.427146</timestamp>
			</report>
			<report>
				<misses>4577001</misses>
				<total>2</total>
				<timestamp>1691.796702</timestamp>
			</report>
			<report>
				<misses>4578001</misses>
				<total>2</total>
				<timestamp>1692.166349</timestamp>
			</report>
			<report>
				<misses>4579001</misses>
				<total>2</total>
				<timestamp>1692.535938</timestamp>
			</report>
			<report>
				<misses>4580001</misses>
				<total>2</total>
				<timestamp>1692.905648</timestamp>
			</report>
			<report>
				<misses>4581001</misses>
				<total>2</total>
				<timestamp>1693.275231</timestamp>
			</report>
			<report>
				<misses>4582001</misses>
				<total>2</total>
				<timestamp>1693.644888</timestamp>
			</report>
			<report>
				<misses>4583001</misses>
				<total>2</total>
				<timestamp>1694.014526</timestamp>
			</report>
			<report>
				<misses>4584001</misses>
				<total>2</total>
				<timestamp>1694.384083</timestamp>
			</report>
			<report>
				<misses>4585001</misses>
				<total>2</total>
				<timestamp>1694.753738</timestamp>
			</report>
			<report>
				<misses>4586001</misses>
				<total>2</total>
				<timestamp>1695.123342</timestamp>
			</report>
			<report>
				<misses>4587001</misses>
				<total>2</total>
				<timestamp>1695.492992</timestamp>
			</report>
			<report>
				<misses>4588001</misses>
				<total>2</total>
				<timestamp>1695.862621</timestamp>
			</report>
			<report>
				<misses>4589001</misses>
				<total>2</total>
				<timestamp>1696.232230</timestamp>
			</report>
			<report>
				<misses>4590001</misses>
				<total>2</total>
				<timestamp>1696.601867</timestamp>
			</report>
			<report>
				<misses>4591001</misses>
				<total>2</total>
				<timestamp>1696.971617</timestamp>
			</report>
			<report>
				<misses>4592001</misses>
				<total>2</total>
				<timestamp>1697.341144</timestamp>
			</report>
			<report>
				<misses>4593001</misses>
				<total>2</total>
				<timestamp>1697.710749</timestamp>
			</report>
			<report>
				<misses>4594001</misses>
				<total>2</total>
				<timestamp>1698.080381</timestamp>
			</report>
			<report>
				<misses>4595001</misses>
				<total>1</total>
				<timestamp>1698.450158</timestamp>
			</report>
			<report>
				<misses>4596001</misses>
				<total>2</total>
				<timestamp>1698.819665</timestamp>
			</report>
			<report>
				<misses>4597001</misses>
				<total>2</total>
				<timestamp>1699.189302</timestamp>
			</report>
			<report>
				<misses>4598001</misses>
				<total>2</total>
				<timestamp>1699.558967</timestamp>
			</report>
			<report>
				<misses>4599001</misses>
				<total>2</total>
				<timestamp>1699.928557</timestamp>
			</report>
			<report>
				<misses>4600001</misses>
				<total>2</total>
				<timestamp>1700.298203</timestamp>
			</report>
			<report>
				<misses>4601001</misses>
				<total>1</total>
				<timestamp>1700.667905</timestamp>
			</report>
			<report>
				<misses>4602001</misses>
				<total>1</total>
				<timestamp>1701.037577</timestamp>
			</report>
			<report>
				<misses>4603001</misses>
				<total>2</total>
				<timestamp>1701.407085</timestamp>
			</report>
			<report>
				<misses>4604001</misses>
				<total>2</total>
				<timestamp>1701.776686</timestamp>
			</report>
			<report>
				<misses>4605001</misses>
				<total>2</total>
				<timestamp>1702.146326</timestamp>
			</report>
			<report>
				<misses>4606001</misses>
				<total>2</total>
				<timestamp>1702.515976</timestamp>
			</report>
			<report>
				<misses>4607001</misses>
				<total>2</total>
				<timestamp>1702.885593</timestamp>
			</report>
			<report>
				<misses>4608001</misses>
				<total>1</total>
				<timestamp>1703.255296</timestamp>
			</report>
			<report>
				<misses>4609001</misses>
				<total>2</total>
				<timestamp>1703.624844</timestamp>
			</report>
			<report>
				<misses>4610001</misses>
				<total>2</total>
				<timestamp>1703.994473</timestamp>
			</report>
			<report>
				<misses>4611001</misses>
				<total>2</total>
				<timestamp>1704.364150</timestamp>
			</report>
			<report>
				<misses>4612001</misses>
				<total>2</total>
				<timestamp>1704.733768</timestamp>
			</report>
			<report>
				<misses>4613001</misses>
				<total>2</total>
				<timestamp>1705.103414</timestamp>
			</report>
			<report>
				<misses>4614001</misses>
				<total>1</total>
				<timestamp>1705.473119</timestamp>
			</report>
			<report>
				<misses>4615001</misses>
				<total>2</total>
				<timestamp>1705.842680</timestamp>
			</report>
			<report>
				<misses>4616001</misses>
				<total>2</total>
				<timestamp>1706.212255</timestamp>
			</report>
			<report>
				<misses>4617001</misses>
				<total>2</total>
				<timestamp>1706.581921</timestamp>
			</report>
			<report>
				<misses>4618001</misses>
				<total>2</total>
				<timestamp>1706.951623</timestamp>
			</report>
			<report>
				<misses>4619001</misses>
				<total>2</total>
				<timestamp>1707.321185</timestamp>
			</report>
			<report>
				<misses>4620001</misses>
				<total>2</total>
				<timestamp>1707.690761</timestamp>
			</report>
			<report>
				<misses>4621001</misses>
				<total>2</total>
				<timestamp>1708.060421</timestamp>
			</report>
			<report>
				<misses>4622001</misses>
				<total>2</total>
				<timestamp>1708.430052</timestamp>
			</report>
			<report>
				<misses>4623001</misses>
				<total>2</total>
				<timestamp>1708.799658</timestamp>
			</report>
			<report>
				<misses>4624001</misses>
				<total>1</total>
				<timestamp>1709.169397</timestamp>
			</report>
			<report>
				<misses>4625001</misses>
				<total>2</total>
				<timestamp>1709.538981</timestamp>
			</report>
			<report>
				<misses>4626001</misses>
				<total>1</total>
				<timestamp>1709.908691</timestamp>
			</report>
			<report>
				<misses>4627001</misses>
				<total>2</total>
				<timestamp>1710.278172</timestamp>
			</report>
			<report>
				<misses>4628001</misses>
				<total>2</total>
				<timestamp>1710.647844</timestamp>
			</report>
			<report>
				<misses>4629001</misses>
				<total>2</total>
				<timestamp>1711.017533</timestamp>
			</report>
			<report>
				<misses>4630001</misses>
				<total>2</total>
				<timestamp>1711.387079</timestamp>
			</report>
			<report>
				<misses>4631001</misses>
				<total>2</total>
				<timestamp>1711.756693</timestamp>
			</report>
			<report>
				<misses>4632001</misses>
				<total>2</total>
				<timestamp>1712.126406</timestamp>
			</report>
			<report>
				<misses>4633001</misses>
				<total>2</total>
				<timestamp>1712.495979</timestamp>
			</report>
			<report>
				<misses>4634001</misses>
				<total>2</total>
				<timestamp>1712.865631</timestamp>
			</report>
			<report>
				<misses>4635001</misses>
				<total>1</total>
				<timestamp>1713.235322</timestamp>
			</report>
			<report>
				<misses>4636001</misses>
				<total>2</total>
				<timestamp>1713.604900</timestamp>
			</report>
			<report>
				<misses>4637001</misses>
				<total>2</total>
				<timestamp>1713.974504</timestamp>
			</report>
			<report>
				<misses>4638001</misses>
				<total>2</total>
				<timestamp>1714.344183</timestamp>
			</report>
			<report>
				<misses>4639001</misses>
				<total>2</total>
				<timestamp>1714.713818</timestamp>
			</report>
			<report>
				<misses>4640001</misses>
				<total>2</total>
				<timestamp>1715.083400</timestamp>
			</report>
			<report>
				<misses>4641001</misses>
				<total>1</total>
				<timestamp>1715.453142</timestamp>
			</report>
			<report>
				<misses>4642001</misses>
				<total>2</total>
				<timestamp>1715.822674</timestamp>
			</report>
			<report>
				<misses>4643001</misses>
				<total>2</total>
				<timestamp>1716.192311</timestamp>
			</report>
			<report>
				<misses>4644001</misses>
				<total>2</total>
				<timestamp>1716.561934</timestamp>
			</report>
			<report>
				<misses>4645001</misses>
				<total>2</total>
				<timestamp>1716.931558</timestamp>
			</report>
			<report>
				<misses>4646001</misses>
				<total>2</total>
				<timestamp>1717.301168</timestamp>
			</report>
			<report>
				<misses>4647001</misses>
				<total>2</total>
				<timestamp>1717.670773</timestamp>
			</report>
			<report>
				<misses>4648001</misses>
				<total>2</total>
				<timestamp>1718.040476</timestamp>
			</report>
			<report>
				<misses>4649001</misses>
				<total>2</total>
				<timestamp>1718.410111</timestamp>
			</report>
			<report>
				<misses>4650001</misses>
				<total>2</total>
				<timestamp>1718.779709</timestamp>
			</report>
			<report>
				<misses>4651001</misses>
				<total>2</total>
				<timestamp>1719.149319</timestamp>
			</report>
			<report>
				<misses>4652001</misses>
				<total>2</total>
				<timestamp>1719.518965</timestamp>
			</report>
			<report>
				<misses>4653001</misses>
				<total>2</total>
				<timestamp>1719.888621</timestamp>
			</report>
			<report>
				<misses>4654001</misses>
				<total>2</total>
				<timestamp>1720.258247</timestamp>
			</report>
			<report>
				<misses>4655001</misses>
				<total>2</total>
				<timestamp>1720.627833</timestamp>
			</report>
			<report>
				<misses>4656001</misses>
				<total>2</total>
				<timestamp>1720.997463</timestamp>
			</report>
			<report>
				<misses>4657001</misses>
				<total>2</total>
				<timestamp>1721.367079</timestamp>
			</report>
			<report>
				<misses>4658001</misses>
				<total>1</total>
				<timestamp>1721.736829</timestamp>
			</report>
			<report>
				<misses>4659001</misses>
				<total>2</total>
				<timestamp>1722.106386</timestamp>
			</report>
			<report>
				<misses>4660001</misses>
				<total>2</total>
				<timestamp>1722.475967</timestamp>
			</report>
			<report>
				<misses>4661001</misses>
				<total>2</total>
				<timestamp>1722.845611</timestamp>
			</report>
			<report>
				<misses>4662001</misses>
				<total>2</total>
				<timestamp>1723.215222</timestamp>
			</report>
			<report>
				<misses>4663001</misses>
				<total>2</total>
				<timestamp>1723.584871</timestamp>
			</report>
			<report>
				<misses>4664001</misses>
				<total>2</total>
				<timestamp>1723.954477</timestamp>
			</report>
			<report>
				<misses>4665001</misses>
				<total>2</total>
				<timestamp>1724.324153</timestamp>
			</report>
			<report>
				<misses>4666001</misses>
				<total>2</total>
				<timestamp>1724.693773</timestamp>
			</report>
			<report>
				<misses>4667001</misses>
				<total>2</total>
				<timestamp>1725.063469</timestamp>
			</report>
			<report>
				<misses>4668001</misses>
				<total>2</total>
				<timestamp>1725.433027</timestamp>
			</report>
			<report>
				<misses>4669001</misses>
				<total>2</total>
				<timestamp>1725.802634</timestamp>
			</report>
			<report>
				<misses>4670001</misses>
				<total>2</total>
				<timestamp>1726.172286</timestamp>
			</report>
			<report>
				<misses>4671001</misses>
				<total>2</total>
				<timestamp>1726.541944</timestamp>
			</report>
			<report>
				<misses>4672001</misses>
				<total>2</total>
				<timestamp>1726.911586</timestamp>
			</report>
			<report>
				<misses>4673001</misses>
				<total>2</total>
				<timestamp>1727.281172</timestamp>
			</report>
			<report>
				<misses>4674001</misses>
				<total>2</total>
				<timestamp>1727.650875</timestamp>
			</report>
			<report>
				<misses>4675001</misses>
				<total>2</total>
				<timestamp>1728.020511</timestamp>
			</report>
			<report>
				<misses>4676001</misses>
				<total>2</total>
				<timestamp>1728.390082</timestamp>
			</report>
			<report>
				<misses>4677001</misses>
				<total>2</total>
				<timestamp>1728.759739</timestamp>
			</report>
			<report>
				<misses>4678001</misses>
				<total>2</total>
				<timestamp>1729.129375</timestamp>
			</report>
			<report>
				<misses>4679001</misses>
				<total>2</total>
				<timestamp>1729.498931</timestamp>
			</report>
			<report>
				<misses>4680001</misses>
				<total>2</total>
				<timestamp>1729.868649</timestamp>
			</report>
			<report>
				<misses>4681001</misses>
				<total>2</total>
				<timestamp>1730.238231</timestamp>
			</report>
			<report>
				<misses>4682001</misses>
				<total>1</total>
				<timestamp>1730.607936</timestamp>
			</report>
			<report>
				<misses>4683001</misses>
				<total>2</total>
				<timestamp>1730.977488</timestamp>
			</report>
			<report>
				<misses>4684001</misses>
				<total>2</total>
				<timestamp>1731.347125</timestamp>
			</report>
			<report>
				<misses>4685001</misses>
				<total>2</total>
				<timestamp>1731.716771</timestamp>
			</report>
			<report>
				<misses>4686001</misses>
				<total>2</total>
				<timestamp>1732.086403</timestamp>
			</report>
			<report>
				<misses>4687001</misses>
				<total>2</total>
				<timestamp>1732.455981</timestamp>
			</report>
			<report>
				<misses>4688001</misses>
				<total>2</total>
				<timestamp>1732.825641</timestamp>
			</report>
			<report>
				<misses>4689001</misses>
				<total>2</total>
				<timestamp>1733.195373</timestamp>
			</report>
			<report>
				<misses>4690001</misses>
				<total>2</total>
				<timestamp>1733.564923</timestamp>
			</report>
			<report>
				<misses>4691001</misses>
				<total>2</total>
				<timestamp>1733.934510</timestamp>
			</report>
			<report>
				<misses>4692001</misses>
				<total>2</total>
				<timestamp>1734.304122</timestamp>
			</report>
			<report>
				<misses>4693001</misses>
				<total>2</total>
				<timestamp>1734.673793</timestamp>
			</report>
			<report>
				<misses>4694001</misses>
				<total>2</total>
				<timestamp>1735.043417</timestamp>
			</report>
			<report>
				<misses>4695001</misses>
				<total>2</total>
				<timestamp>1735.413036</timestamp>
			</report>
			<report>
				<misses>4696001</misses>
				<total>2</total>
				<timestamp>1735.782656</timestamp>
			</report>
			<report>
				<misses>4697001</misses>
				<total>2</total>
				<timestamp>1736.152351</timestamp>
			</report>
			<report>
				<misses>4698001</misses>
				<total>2</total>
				<timestamp>1736.521931</timestamp>
			</report>
			<report>
				<misses>4699001</misses>
				<total>2</total>
				<timestamp>1736.891557</timestamp>
			</report>
			<report>
				<misses>4700001</misses>
				<total>2</total>
				<timestamp>1737.261184</timestamp>
			</report>
			<report>
				<misses>4701001</misses>
				<total>2</total>
				<timestamp>1737.630865</timestamp>
			</report>
			<report>
				<misses>4702001</misses>
				<total>2</total>
				<timestamp>1738.000471</timestamp>
			</report>
			<report>
				<misses>4703001</misses>
				<total>2</total>
				<timestamp>1738.370127</timestamp>
			</report>
			<report>
				<misses>4704001</misses>
				<total>2</total>
				<timestamp>1738.739711</timestamp>
			</report>
			<report>
				<misses>4705001</misses>
				<total>2</total>
				<timestamp>1739.109357</timestamp>
			</report>
			<report>
				<misses>4706001</misses>
				<total>2</total>
				<timestamp>1739.478972</timestamp>
			</report>
			<report>
				<misses>4707001</misses>
				<total>2</total>
				<timestamp>1739.848570</timestamp>
			</report>
			<report>
				<misses>4708001</misses>
				<total>1</total>
				<timestamp>1740.218363</timestamp>
			</report>
			<report>
				<misses>4709001</misses>
				<total>2</total>
				<timestamp>1740.587883</timestamp>
			</report>
			<report>
				<misses>4710001</misses>
				<total>2</total>
				<timestamp>1740.957491</timestamp>
			</report>
			<report>
				<misses>4711001</misses>
				<total>2</total>
				<timestamp>1741.327133</timestamp>
			</report>
			<report>
				<misses>4712001</misses>
				<total>2</total>
				<timestamp>1741.696784</timestamp>
			</report>
			<report>
				<misses>4713001</misses>
				<total>2</total>
				<timestamp>1742.066366</timestamp>
			</report>
			<report>
				<misses>4714001</misses>
				<total>1</total>
				<timestamp>1742.436071</timestamp>
			</report>
			<report>
				<misses>4715001</misses>
				<total>2</total>
				<timestamp>1742.805662</timestamp>
			</report>
			<report>
				<misses>4716001</misses>
				<total>2</total>
				<timestamp>1743.175325</timestamp>
			</report>
			<report>
				<misses>4717001</misses>
				<total>2</total>
				<timestamp>1743.544884</timestamp>
			</report>
			<report>
				<misses>4718001</misses>
				<total>2</total>
				<timestamp>1743.914581</timestamp>
			</report>
			<report>
				<misses>4719001</misses>
				<total>1</total>
				<timestamp>1744.284256</timestamp>
			</report>
			<report>
				<misses>4720001</misses>
				<total>2</total>
				<timestamp>1744.653772</timestamp>
			</report>
			<report>
				<misses>4721001</misses>
				<total>2</total>
				<timestamp>1745.023431</timestamp>
			</report>
			<report>
				<misses>4722001</misses>
				<total>2</total>
				<timestamp>1745.393032</timestamp>
			</report>
			<report>
				<misses>4723001</misses>
				<total>2</total>
				<timestamp>1745.762697</timestamp>
			</report>
			<report>
				<misses>4724001</misses>
				<total>2</total>
				<timestamp>1746.132317</timestamp>
			</report>
			<report>
				<misses>4725001</misses>
				<total>2</total>
				<timestamp>1746.501932</timestamp>
			</report>
			<report>
				<misses>4726001</misses>
				<total>2</total>
				<timestamp>1746.871545</timestamp>
			</report>
			<report>
				<misses>4727001</misses>
				<total>2</total>
				<timestamp>1747.241204</timestamp>
			</report>
			<report>
				<misses>4728001</misses>
				<total>2</total>
				<timestamp>1747.610809</timestamp>
			</report>
			<report>
				<misses>4729001</misses>
				<total>2</total>
				<timestamp>1747.980518</timestamp>
			</report>
			<report>
				<misses>4730001</misses>
				<total>2</total>
				<timestamp>1748.350064</timestamp>
			</report>
			<report>
				<misses>4731001</misses>
				<total>2</total>
				<timestamp>1748.719712</timestamp>
			</report>
			<report>
				<misses>4732001</misses>
				<total>2</total>
				<timestamp>1749.089367</timestamp>
			</report>
			<report>
				<misses>4733001</misses>
				<total>2</total>
				<timestamp>1749.459005</timestamp>
			</report>
			<report>
				<misses>4734001</misses>
				<total>2</total>
				<timestamp>1749.828600</timestamp>
			</report>
			<report>
				<misses>4735001</misses>
				<total>1</total>
				<timestamp>1750.198316</timestamp>
			</report>
			<report>
				<misses>4736001</misses>
				<total>2</total>
				<timestamp>1750.567891</timestamp>
			</report>
			<report>
				<misses>4737001</misses>
				<total>2</total>
				<timestamp>1750.937472</timestamp>
			</report>
			<report>
				<misses>4738001</misses>
				<total>2</total>
				<timestamp>1751.307186</timestamp>
			</report>
			<report>
				<misses>4739001</misses>
				<total>2</total>
				<timestamp>1751.676811</timestamp>
			</report>
			<report>
				<misses>4740001</misses>
				<total>2</total>
				<timestamp>1752.046413</timestamp>
			</report>
			<report>
				<misses>4741001</misses>
				<total>2</total>
				<timestamp>1752.416023</timestamp>
			</report>
			<report>
				<misses>4742001</misses>
				<total>2</total>
				<timestamp>1752.785623</timestamp>
			</report>
			<report>
				<misses>4743001</misses>
				<total>2</total>
				<timestamp>1753.155319</timestamp>
			</report>
			<report>
				<misses>4744001</misses>
				<total>2</total>
				<timestamp>1753.524946</timestamp>
			</report>
			<report>
				<misses>4745001</misses>
				<total>2</total>
				<timestamp>1753.894544</timestamp>
			</report>
			<report>
				<misses>4746001</misses>
				<total>2</total>
				<timestamp>1754.264203</timestamp>
			</report>
			<report>
				<misses>4747001</misses>
				<total>2</total>
				<timestamp>1754.633816</timestamp>
			</report>
			<report>
				<misses>4748001</misses>
				<total>2</total>
				<timestamp>1755.003427</timestamp>
			</report>
			<report>
				<misses>4749001</misses>
				<total>1</total>
				<timestamp>1755.373142</timestamp>
			</report>
			<report>
				<misses>4750001</misses>
				<total>2</total>
				<timestamp>1755.742702</timestamp>
			</report>
			<report>
				<misses>4751001</misses>
				<total>2</total>
				<timestamp>1756.112307</timestamp>
			</report>
			<report>
				<misses>4752001</misses>
				<total>2</total>
				<timestamp>1756.481918</timestamp>
			</report>
			<report>
				<misses>4753001</misses>
				<total>2</total>
				<timestamp>1756.851575</timestamp>
			</report>
			<report>
				<misses>4754001</misses>
				<total>2</total>
				<timestamp>1757.221220</timestamp>
			</report>
			<report>
				<misses>4755001</misses>
				<total>2</total>
				<timestamp>1757.590840</timestamp>
			</report>
			<report>
				<misses>4756001</misses>
				<total>2</total>
				<timestamp>1757.960480</timestamp>
			</report>
			<report>
				<misses>4757001</misses>
				<total>2</total>
				<timestamp>1758.330158</timestamp>
			</report>
			<report>
				<misses>4758001</misses>
				<total>2</total>
				<timestamp>1758.699704</timestamp>
			</report>
			<report>
				<misses>4759001</misses>
				<total>1</total>
				<timestamp>1759.069436</timestamp>
			</report>
			<report>
				<misses>4760001</misses>
				<total>2</total>
				<timestamp>1759.438991</timestamp>
			</report>
			<report>
				<misses>4761001</misses>
				<total>2</total>
				<timestamp>1759.808620</timestamp>
			</report>
			<report>
				<misses>4762001</misses>
				<total>2</total>
				<timestamp>1760.178287</timestamp>
			</report>
			<report>
				<misses>4763001</misses>
				<total>2</total>
				<timestamp>1760.547854</timestamp>
			</report>
			<report>
				<misses>4764001</misses>
				<total>2</total>
				<timestamp>1760.917526</timestamp>
			</report>
			<report>
				<misses>4765001</misses>
				<total>2</total>
				<timestamp>1761.287141</timestamp>
			</report>
			<report>
				<misses>4766001</misses>
				<total>1</total>
				<timestamp>1761.656848</timestamp>
			</report>
			<report>
				<misses>4767001</misses>
				<total>2</total>
				<timestamp>1762.026451</timestamp>
			</report>
			<report>
				<misses>4768001</misses>
				<total>2</total>
				<timestamp>1762.396015</timestamp>
			</report>
			<report>
				<misses>4769001</misses>
				<total>2</total>
				<timestamp>1762.765697</timestamp>
			</report>
			<report>
				<misses>4770001</misses>
				<total>2</total>
				<timestamp>1763.135318</timestamp>
			</report>
			<report>
				<misses>4771001</misses>
				<total>1</total>
				<timestamp>1763.504993</timestamp>
			</report>
			<report>
				<misses>4772001</misses>
				<total>2</total>
				<timestamp>1763.874573</timestamp>
			</report>
			<report>
				<misses>4773001</misses>
				<total>2</total>
				<timestamp>1764.244178</timestamp>
			</report>
			<report>
				<misses>4774001</misses>
				<total>2</total>
				<timestamp>1764.613819</timestamp>
			</report>
			<report>
				<misses>4775001</misses>
				<total>2</total>
				<timestamp>1764.983434</timestamp>
			</report>
			<report>
				<misses>4776001</misses>
				<total>2</total>
				<timestamp>1765.353079</timestamp>
			</report>
			<report>
				<misses>4777001</misses>
				<total>2</total>
				<timestamp>1765.722664</timestamp>
			</report>
			<report>
				<misses>4778001</misses>
				<total>2</total>
				<timestamp>1766.092336</timestamp>
			</report>
			<report>
				<misses>4779001</misses>
				<total>1</total>
				<timestamp>1766.462036</timestamp>
			</report>
			<report>
				<misses>4780001</misses>
				<total>2</total>
				<timestamp>1766.831609</timestamp>
			</report>
			<report>
				<misses>4781001</misses>
				<total>2</total>
				<timestamp>1767.201236</timestamp>
			</report>
			<report>
				<misses>4782001</misses>
				<total>2</total>
				<timestamp>1767.570884</timestamp>
			</report>
			<report>
				<misses>4783001</misses>
				<total>2</total>
				<timestamp>1767.940460</timestamp>
			</report>
			<report>
				<misses>4784001</misses>
				<total>2</total>
				<timestamp>1768.310127</timestamp>
			</report>
			<report>
				<misses>4785001</misses>
				<total>1</total>
				<timestamp>1768.679834</timestamp>
			</report>
			<report>
				<misses>4786001</misses>
				<total>2</total>
				<timestamp>1769.049371</timestamp>
			</report>
			<report>
				<misses>4787001</misses>
				<total>2</total>
				<timestamp>1769.419052</timestamp>
			</report>
			<report>
				<misses>4788001</misses>
				<total>2</total>
				<timestamp>1769.788610</timestamp>
			</report>
			<report>
				<misses>4789001</misses>
				<total>2</total>
				<timestamp>1770.158254</timestamp>
			</report>
			<report>
				<misses>4790001</misses>
				<total>2</total>
				<timestamp>1770.527913</timestamp>
			</report>
			<report>
				<misses>4791001</misses>
				<total>2</total>
				<timestamp>1770.897517</timestamp>
			</report>
			<report>
				<misses>4792001</misses>
				<total>2</total>
				<timestamp>1771.267247</timestamp>
			</report>
			<report>
				<misses>4793001</misses>
				<total>2</total>
				<timestamp>1771.636785</timestamp>
			</report>
			<report>
				<misses>4794001</misses>
				<total>2</total>
				<timestamp>1772.006395</timestamp>
			</report>
			<report>
				<misses>4795001</misses>
				<total>2</total>
				<timestamp>1772.376135</timestamp>
			</report>
			<report>
				<misses>4796001</misses>
				<total>2</total>
				<timestamp>1772.745706</timestamp>
			</report>
			<report>
				<misses>4797001</misses>
				<total>2</total>
				<timestamp>1773.115354</timestamp>
			</report>
			<report>
				<misses>4798001</misses>
				<total>2</total>
				<timestamp>1773.484926</timestamp>
			</report>
			<report>
				<misses>4799001</misses>
				<total>2</total>
				<timestamp>1773.854543</timestamp>
			</report>
			<report>
				<misses>4800001</misses>
				<total>2</total>
				<timestamp>1774.224256</timestamp>
			</report>
			<report>
				<misses>4801001</misses>
				<total>2</total>
				<timestamp>1774.593844</timestamp>
			</report>
			<report>
				<misses>4802001</misses>
				<total>2</total>
				<timestamp>1774.963436</timestamp>
			</report>
			<report>
				<misses>4803001</misses>
				<total>2</total>
				<timestamp>1775.333139</timestamp>
			</report>
			<report>
				<misses>4804001</misses>
				<total>1</total>
				<timestamp>1775.702809</timestamp>
			</report>
			<report>
				<misses>4805001</misses>
				<total>1</total>
				<timestamp>1776.072403</timestamp>
			</report>
			<report>
				<misses>4806001</misses>
				<total>2</total>
				<timestamp>1776.442097</timestamp>
			</report>
			<report>
				<misses>4807001</misses>
				<total>2</total>
				<timestamp>1776.811590</timestamp>
			</report>
			<report>
				<misses>4808001</misses>
				<total>2</total>
				<timestamp>1777.181232</timestamp>
			</report>
			<report>
				<misses>4809001</misses>
				<total>2</total>
				<timestamp>1777.550864</timestamp>
			</report>
			<report>
				<misses>4810001</misses>
				<total>2</total>
				<timestamp>1777.920488</timestamp>
			</report>
			<report>
				<misses>4811001</misses>
				<total>2</total>
				<timestamp>1778.290139</timestamp>
			</report>
			<report>
				<misses>4812001</misses>
				<total>2</total>
				<timestamp>1778.659740</timestamp>
			</report>
			<report>
				<misses>4813001</misses>
				<total>1</total>
				<timestamp>1779.029454</timestamp>
			</report>
			<report>
				<misses>4814001</misses>
				<total>2</total>
				<timestamp>1779.399042</timestamp>
			</report>
			<report>
				<misses>4815001</misses>
				<total>2</total>
				<timestamp>1779.768659</timestamp>
			</report>
			<report>
				<misses>4816001</misses>
				<total>2</total>
				<timestamp>1780.138271</timestamp>
			</report>
			<report>
				<misses>4817001</misses>
				<total>2</total>
				<timestamp>1780.507945</timestamp>
			</report>
			<report>
				<misses>4818001</misses>
				<total>2</total>
				<timestamp>1780.877510</timestamp>
			</report>
			<report>
				<misses>4819001</misses>
				<total>2</total>
				<timestamp>1781.247195</timestamp>
			</report>
			<report>
				<misses>4820001</misses>
				<total>2</total>
				<timestamp>1781.616846</timestamp>
			</report>
			<report>
				<misses>4821001</misses>
				<total>2</total>
				<timestamp>1781.986459</timestamp>
			</report>
			<report>
				<misses>4822001</misses>
				<total>2</total>
				<timestamp>1782.356053</timestamp>
			</report>
			<report>
				<misses>4823001</misses>
				<total>2</total>
				<timestamp>1782.725662</timestamp>
			</report>
			<report>
				<misses>4824001</misses>
				<total>1</total>
				<timestamp>1783.095385</timestamp>
			</report>
			<report>
				<misses>4825001</misses>
				<total>2</total>
				<timestamp>1783.464996</timestamp>
			</report>
			<report>
				<misses>4826001</misses>
				<total>2</total>
				<timestamp>1783.834543</timestamp>
			</report>
			<report>
				<misses>4827001</misses>
				<total>2</total>
				<timestamp>1784.204194</timestamp>
			</report>
			<report>
				<misses>4828001</misses>
				<total>2</total>
				<timestamp>1784.573811</timestamp>
			</report>
			<report>
				<misses>4829001</misses>
				<total>2</total>
				<timestamp>1784.943496</timestamp>
			</report>
			<report>
				<misses>4830001</misses>
				<total>2</total>
				<timestamp>1785.313115</timestamp>
			</report>
			<report>
				<misses>4831001</misses>
				<total>2</total>
				<timestamp>1785.682714</timestamp>
			</report>
			<report>
				<misses>4832001</misses>
				<total>2</total>
				<timestamp>1786.052330</timestamp>
			</report>
			<report>
				<misses>4833001</misses>
				<total>2</total>
				<timestamp>1786.422001</timestamp>
			</report>
			<report>
				<misses>4834001</misses>
				<total>2</total>
				<timestamp>1786.791628</timestamp>
			</report>
			<report>
				<misses>4835001</misses>
				<total>2</total>
				<timestamp>1787.161224</timestamp>
			</report>
			<report>
				<misses>4836001</misses>
				<total>2</total>
				<timestamp>1787.530905</timestamp>
			</report>
			<report>
				<misses>4837001</misses>
				<total>2</total>
				<timestamp>1787.900489</timestamp>
			</report>
			<report>
				<misses>4838001</misses>
				<total>2</total>
				<timestamp>1788.270163</timestamp>
			</report>
			<report>
				<misses>4839001</misses>
				<total>2</total>
				<timestamp>1788.639737</timestamp>
			</report>
			<report>
				<misses>4840001</misses>
				<total>2</total>
				<timestamp>1789.009408</timestamp>
			</report>
			<report>
				<misses>4841001</misses>
				<total>2</total>
				<timestamp>1789.379077</timestamp>
			</report>
			<report>
				<misses>4842001</misses>
				<total>2</total>
				<timestamp>1789.748651</timestamp>
			</report>
			<report>
				<misses>4843001</misses>
				<total>2</total>
				<timestamp>1790.118260</timestamp>
			</report>
			<report>
				<misses>4844001</misses>
				<total>2</total>
				<timestamp>1790.488004</timestamp>
			</report>
			<report>
				<misses>4845001</misses>
				<total>2</total>
				<timestamp>1790.857543</timestamp>
			</report>
			<report>
				<misses>4846001</misses>
				<total>2</total>
				<timestamp>1791.227172</timestamp>
			</report>
			<report>
				<misses>4847001</misses>
				<total>2</total>
				<timestamp>1791.596802</timestamp>
			</report>
			<report>
				<misses>4848001</misses>
				<total>1</total>
				<timestamp>1791.966512</timestamp>
			</report>
			<report>
				<misses>4849001</misses>
				<total>2</total>
				<timestamp>1792.336066</timestamp>
			</report>
			<report>
				<misses>4850001</misses>
				<total>1</total>
				<timestamp>1792.705770</timestamp>
			</report>
			<report>
				<misses>4851001</misses>
				<total>2</total>
				<timestamp>1793.075343</timestamp>
			</report>
			<report>
				<misses>4852001</misses>
				<total>2</total>
				<timestamp>1793.444979</timestamp>
			</report>
			<report>
				<misses>4853001</misses>
				<total>1</total>
				<timestamp>1793.814655</timestamp>
			</report>
			<report>
				<misses>4854001</misses>
				<total>2</total>
				<timestamp>1794.184219</timestamp>
			</report>
			<report>
				<misses>4855001</misses>
				<total>2</total>
				<timestamp>1794.553873</timestamp>
			</report>
			<report>
				<misses>4856001</misses>
				<total>2</total>
				<timestamp>1794.923479</timestamp>
			</report>
			<report>
				<misses>4857001</misses>
				<total>2</total>
				<timestamp>1795.293120</timestamp>
			</report>
			<report>
				<misses>4858001</misses>
				<total>2</total>
				<timestamp>1795.662724</timestamp>
			</report>
			<report>
				<misses>4859001</misses>
				<total>2</total>
				<timestamp>1796.032366</timestamp>
			</report>
			<report>
				<misses>4860001</misses>
				<total>1</total>
				<timestamp>1796.402091</timestamp>
			</report>
			<report>
				<misses>4861001</misses>
				<total>2</total>
				<timestamp>1796.771664</timestamp>
			</report>
			<report>
				<misses>4862001</misses>
				<total>2</total>
				<timestamp>1797.141241</timestamp>
			</report>
			<report>
				<misses>4863001</misses>
				<total>2</total>
				<timestamp>1797.510923</timestamp>
			</report>
			<report>
				<misses>4864001</misses>
				<total>2</total>
				<timestamp>1797.880490</timestamp>
			</report>
			<report>
				<misses>4865001</misses>
				<total>2</total>
				<timestamp>1798.250124</timestamp>
			</report>
			<report>
				<misses>4866001</misses>
				<total>2</total>
				<timestamp>1798.619826</timestamp>
			</report>
			<report>
				<misses>4867001</misses>
				<total>2</total>
				<timestamp>1798.989466</timestamp>
			</report>
			<report>
				<misses>4868001</misses>
				<total>2</total>
				<timestamp>1799.359101</timestamp>
			</report>
			<report>
				<misses>4869001</misses>
				<total>2</total>
				<timestamp>1799.728661</timestamp>
			</report>
			<report>
				<misses>4870001</misses>
				<total>2</total>
				<timestamp>1800.098257</timestamp>
			</report>
			<report>
				<misses>4871001</misses>
				<total>2</total>
				<timestamp>1800.467950</timestamp>
			</report>
			<report>
				<misses>4872001</misses>
				<total>1</total>
				<timestamp>1800.837626</timestamp>
			</report>
			<report>
				<misses>4873001</misses>
				<total>2</total>
				<timestamp>1801.207207</timestamp>
			</report>
			<report>
				<misses>4874001</misses>
				<total>2</total>
				<timestamp>1801.576924</timestamp>
			</report>
			<report>
				<misses>4875001</misses>
				<total>2</total>
				<timestamp>1801.946458</timestamp>
			</report>
			<report>
				<misses>4876001</misses>
				<total>2</total>
				<timestamp>1802.316050</timestamp>
			</report>
			<report>
				<misses>4877001</misses>
				<total>2</total>
				<timestamp>1802.685680</timestamp>
			</report>
			<report>
				<misses>4878001</misses>
				<total>2</total>
				<timestamp>1803.055306</timestamp>
			</report>
			<report>
				<misses>4879001</misses>
				<total>2</total>
				<timestamp>1803.424959</timestamp>
			</report>
			<report>
				<misses>4880001</misses>
				<total>2</total>
				<timestamp>1803.794596</timestamp>
			</report>
			<report>
				<misses>4881001</misses>
				<total>1</total>
				<timestamp>1804.164287</timestamp>
			</report>
			<report>
				<misses>4882001</misses>
				<total>2</total>
				<timestamp>1804.533876</timestamp>
			</report>
			<report>
				<misses>4883001</misses>
				<total>2</total>
				<timestamp>1804.903515</timestamp>
			</report>
			<report>
				<misses>4884001</misses>
				<total>2</total>
				<timestamp>1805.273115</timestamp>
			</report>
			<report>
				<misses>4885001</misses>
				<total>2</total>
				<timestamp>1805.642793</timestamp>
			</report>
			<report>
				<misses>4886001</misses>
				<total>2</total>
				<timestamp>1806.012404</timestamp>
			</report>
			<report>
				<misses>4887001</misses>
				<total>2</total>
				<timestamp>1806.382058</timestamp>
			</report>
			<report>
				<misses>4888001</misses>
				<total>2</total>
				<timestamp>1806.751668</timestamp>
			</report>
			<report>
				<misses>4889001</misses>
				<total>2</total>
				<timestamp>1807.121331</timestamp>
			</report>
			<report>
				<misses>4890001</misses>
				<total>2</total>
				<timestamp>1807.490916</timestamp>
			</report>
			<report>
				<misses>4891001</misses>
				<total>2</total>
				<timestamp>1807.860528</timestamp>
			</report>
			<report>
				<misses>4892001</misses>
				<total>1</total>
				<timestamp>1808.230257</timestamp>
			</report>
			<report>
				<misses>4893001</misses>
				<total>2</total>
				<timestamp>1808.599746</timestamp>
			</report>
			<report>
				<misses>4894001</misses>
				<total>2</total>
				<timestamp>1808.969397</timestamp>
			</report>
			<report>
				<misses>4895001</misses>
				<total>2</total>
				<timestamp>1809.339045</timestamp>
			</report>
			<report>
				<misses>4896001</misses>
				<total>2</total>
				<timestamp>1809.708664</timestamp>
			</report>
			<report>
				<misses>4897001</misses>
				<total>1</total>
				<timestamp>1810.078380</timestamp>
			</report>
			<report>
				<misses>4898001</misses>
				<total>2</total>
				<timestamp>1810.447922</timestamp>
			</report>
			<report>
				<misses>4899001</misses>
				<total>2</total>
				<timestamp>1810.817536</timestamp>
			</report>
			<report>
				<misses>4900001</misses>
				<total>1</total>
				<timestamp>1811.187262</timestamp>
			</report>
			<report>
				<misses>4901001</misses>
				<total>2</total>
				<timestamp>1811.556824</timestamp>
			</report>
			<report>
				<misses>4902001</misses>
				<total>2</total>
				<timestamp>1811.926439</timestamp>
			</report>
			<report>
				<misses>4903001</misses>
				<total>2</total>
				<timestamp>1812.296062</timestamp>
			</report>
			<report>
				<misses>4904001</misses>
				<total>2</total>
				<timestamp>1812.665688</timestamp>
			</report>
			<report>
				<misses>4905001</misses>
				<total>2</total>
				<timestamp>1813.035315</timestamp>
			</report>
			<report>
				<misses>4906001</misses>
				<total>2</total>
				<timestamp>1813.404991</timestamp>
			</report>
			<report>
				<misses>4907001</misses>
				<total>2</total>
				<timestamp>1813.774669</timestamp>
			</report>
			<report>
				<misses>4908001</misses>
				<total>2</total>
				<timestamp>1814.144209</timestamp>
			</report>
			<report>
				<misses>4909001</misses>
				<total>2</total>
				<timestamp>1814.513890</timestamp>
			</report>
			<report>
				<misses>4910001</misses>
				<total>2</total>
				<timestamp>1814.883553</timestamp>
			</report>
			<report>
				<misses>4911001</misses>
				<total>2</total>
				<timestamp>1815.253147</timestamp>
			</report>
			<report>
				<misses>4912001</misses>
				<total>2</total>
				<timestamp>1815.622750</timestamp>
			</report>
			<report>
				<misses>4913001</misses>
				<total>2</total>
				<timestamp>1815.992450</timestamp>
			</report>
			<report>
				<misses>4914001</misses>
				<total>2</total>
				<timestamp>1816.362035</timestamp>
			</report>
			<report>
				<misses>4915001</misses>
				<total>2</total>
				<timestamp>1816.731632</timestamp>
			</report>
			<report>
				<misses>4916001</misses>
				<total>2</total>
				<timestamp>1817.101267</timestamp>
			</report>
			<report>
				<misses>4917001</misses>
				<total>2</total>
				<timestamp>1817.470886</timestamp>
			</report>
			<report>
				<misses>4918001</misses>
				<total>2</total>
				<timestamp>1817.840534</timestamp>
			</report>
			<report>
				<misses>4919001</misses>
				<total>2</total>
				<timestamp>1818.210139</timestamp>
			</report>
			<report>
				<misses>4920001</misses>
				<total>2</total>
				<timestamp>1818.579812</timestamp>
			</report>
			<report>
				<misses>4921001</misses>
				<total>2</total>
				<timestamp>1818.949406</timestamp>
			</report>
			<report>
				<misses>4922001</misses>
				<total>2</total>
				<timestamp>1819.319074</timestamp>
			</report>
			<report>
				<misses>4923001</misses>
				<total>2</total>
				<timestamp>1819.688707</timestamp>
			</report>
			<report>
				<misses>4924001</misses>
				<total>2</total>
				<timestamp>1820.058355</timestamp>
			</report>
			<report>
				<misses>4925001</misses>
				<total>2</total>
				<timestamp>1820.427943</timestamp>
			</report>
			<report>
				<misses>4926001</misses>
				<total>2</total>
				<timestamp>1820.797609</timestamp>
			</report>
			<report>
				<misses>4927001</misses>
				<total>2</total>
				<timestamp>1821.167171</timestamp>
			</report>
			<report>
				<misses>4928001</misses>
				<total>2</total>
				<timestamp>1821.536807</timestamp>
			</report>
			<report>
				<misses>4929001</misses>
				<total>2</total>
				<timestamp>1821.906431</timestamp>
			</report>
			<report>
				<misses>4930001</misses>
				<total>2</total>
				<timestamp>1822.276070</timestamp>
			</report>
			<report>
				<misses>4931001</misses>
				<total>2</total>
				<timestamp>1822.645700</timestamp>
			</report>
			<report>
				<misses>4932001</misses>
				<total>2</total>
				<timestamp>1823.015343</timestamp>
			</report>
			<report>
				<misses>4933001</misses>
				<total>2</total>
				<timestamp>1823.384958</timestamp>
			</report>
			<report>
				<misses>4934001</misses>
				<total>2</total>
				<timestamp>1823.754606</timestamp>
			</report>
			<report>
				<misses>4935001</misses>
				<total>2</total>
				<timestamp>1824.124222</timestamp>
			</report>
			<report>
				<misses>4936001</misses>
				<total>2</total>
				<timestamp>1824.493896</timestamp>
			</report>
			<report>
				<misses>4937001</misses>
				<total>2</total>
				<timestamp>1824.863499</timestamp>
			</report>
			<report>
				<misses>4938001</misses>
				<total>2</total>
				<timestamp>1825.233132</timestamp>
			</report>
			<report>
				<misses>4939001</misses>
				<total>2</total>
				<timestamp>1825.602785</timestamp>
			</report>
			<report>
				<misses>4940001</misses>
				<total>2</total>
				<timestamp>1825.972405</timestamp>
			</report>
			<report>
				<misses>4941001</misses>
				<total>2</total>
				<timestamp>1826.342002</timestamp>
			</report>
			<report>
				<misses>4942001</misses>
				<total>2</total>
				<timestamp>1826.711708</timestamp>
			</report>
			<report>
				<misses>4943001</misses>
				<total>2</total>
				<timestamp>1827.081328</timestamp>
			</report>
			<report>
				<misses>4944001</misses>
				<total>2</total>
				<timestamp>1827.450920</timestamp>
			</report>
			<report>
				<misses>4945001</misses>
				<total>2</total>
				<timestamp>1827.820573</timestamp>
			</report>
			<report>
				<misses>4946001</misses>
				<total>2</total>
				<timestamp>1828.190152</timestamp>
			</report>
			<report>
				<misses>4947001</misses>
				<total>2</total>
				<timestamp>1828.559835</timestamp>
			</report>
			<report>
				<misses>4948001</misses>
				<total>2</total>
				<timestamp>1828.929403</timestamp>
			</report>
			<report>
				<misses>4949001</misses>
				<total>1</total>
				<timestamp>1829.299155</timestamp>
			</report>
			<report>
				<misses>4950001</misses>
				<total>2</total>
				<timestamp>1829.668783</timestamp>
			</report>
			<report>
				<misses>4951001</misses>
				<total>2</total>
				<timestamp>1830.038306</timestamp>
			</report>
			<report>
				<misses>4952001</misses>
				<total>2</total>
				<timestamp>1830.407979</timestamp>
			</report>
			<report>
				<misses>4953001</misses>
				<total>2</total>
				<timestamp>1830.777569</timestamp>
			</report>
			<report>
				<misses>4954001</misses>
				<total>1</total>
				<timestamp>1831.147318</timestamp>
			</report>
			<report>
				<misses>4955001</misses>
				<total>2</total>
				<timestamp>1831.516840</timestamp>
			</report>
			<report>
				<misses>4956001</misses>
				<total>2</total>
				<timestamp>1831.886466</timestamp>
			</report>
			<report>
				<misses>4957001</misses>
				<total>2</total>
				<timestamp>1832.256112</timestamp>
			</report>
			<report>
				<misses>4958001</misses>
				<total>1</total>
				<timestamp>1832.625810</timestamp>
			</report>
			<report>
				<misses>4959001</misses>
				<total>2</total>
				<timestamp>1832.995409</timestamp>
			</report>
			<report>
				<misses>4960001</misses>
				<total>2</total>
				<timestamp>1833.365018</timestamp>
			</report>
			<report>
				<misses>4961001</misses>
				<total>2</total>
				<timestamp>1833.734616</timestamp>
			</report>
			<report>
				<misses>4962001</misses>
				<total>2</total>
				<timestamp>1834.104265</timestamp>
			</report>
			<report>
				<misses>4963001</misses>
				<total>2</total>
				<timestamp>1834.473878</timestamp>
			</report>
			<report>
				<misses>4964001</misses>
				<total>2</total>
				<timestamp>1834.843497</timestamp>
			</report>
			<report>
				<misses>4965001</misses>
				<total>2</total>
				<timestamp>1835.213183</timestamp>
			</report>
			<report>
				<misses>4966001</misses>
				<total>2</total>
				<timestamp>1835.582830</timestamp>
			</report>
			<report>
				<misses>4967001</misses>
				<total>2</total>
				<timestamp>1835.952432</timestamp>
			</report>
			<report>
				<misses>4968001</misses>
				<total>2</total>
				<timestamp>1836.322023</timestamp>
			</report>
			<report>
				<misses>4969001</misses>
				<total>2</total>
				<timestamp>1836.691690</timestamp>
			</report>
			<report>
				<misses>4970001</misses>
				<total>2</total>
				<timestamp>1837.061259</timestamp>
			</report>
			<report>
				<misses>4971001</misses>
				<total>2</total>
				<timestamp>1837.430928</timestamp>
			</report>
			<report>
				<misses>4972001</misses>
				<total>2</total>
				<timestamp>1837.800531</timestamp>
			</report>
			<report>
				<misses>4973001</misses>
				<total>2</total>
				<timestamp>1838.170230</timestamp>
			</report>
			<report>
				<misses>4974001</misses>
				<total>2</total>
				<timestamp>1838.539818</timestamp>
			</report>
			<report>
				<misses>4975001</misses>
				<total>2</total>
				<timestamp>1838.909425</timestamp>
			</report>
			<report>
				<misses>4976001</misses>
				<total>2</total>
				<timestamp>1839.279071</timestamp>
			</report>
			<report>
				<misses>4977001</misses>
				<total>2</total>
				<timestamp>1839.648710</timestamp>
			</report>
			<report>
				<misses>4978001</misses>
				<total>2</total>
				<timestamp>1840.018306</timestamp>
			</report>
			<report>
				<misses>4979001</misses>
				<total>2</total>
				<timestamp>1840.387949</timestamp>
			</report>
			<report>
				<misses>4980001</misses>
				<total>2</total>
				<timestamp>1840.757599</timestamp>
			</report>
			<report>
				<misses>4981001</misses>
				<total>2</total>
				<timestamp>1841.127238</timestamp>
			</report>
			<report>
				<misses>4982001</misses>
				<total>2</total>
				<timestamp>1841.496826</timestamp>
			</report>
			<report>
				<misses>4983001</misses>
				<total>2</total>
				<timestamp>1841.866456</timestamp>
			</report>
			<report>
				<misses>4984001</misses>
				<total>2</total>
				<timestamp>1842.236081</timestamp>
			</report>
			<report>
				<misses>4985001</misses>
				<total>2</total>
				<timestamp>1842.605776</timestamp>
			</report>
			<report>
				<misses>4986001</misses>
				<total>2</total>
				<timestamp>1842.975361</timestamp>
			</report>
			<report>
				<misses>4987001</misses>
				<total>2</total>
				<timestamp>1843.345035</timestamp>
			</report>
			<report>
				<misses>4988001</misses>
				<total>1</total>
				<timestamp>1843.714781</timestamp>
			</report>
			<report>
				<misses>4989001</misses>
				<total>2</total>
				<timestamp>1844.084310</timestamp>
			</report>
			<report>
				<misses>4990001</misses>
				<total>2</total>
				<timestamp>1844.453865</timestamp>
			</report>
			<report>
				<misses>4991001</misses>
				<total>2</total>
				<timestamp>1844.823566</timestamp>
			</report>
			<report>
				<misses>4992001</misses>
				<total>2</total>
				<timestamp>1845.193116</timestamp>
			</report>
			<report>
				<misses>4993001</misses>
				<total>2</total>
				<timestamp>1845.562776</timestamp>
			</report>
			<report>
				<misses>4994001</misses>
				<total>2</total>
				<timestamp>1845.932406</timestamp>
			</report>
			<report>
				<misses>4995001</misses>
				<total>2</total>
				<timestamp>1846.302014</timestamp>
			</report>
			<report>
				<misses>4996001</misses>
				<total>2</total>
				<timestamp>1846.671669</timestamp>
			</report>
			<report>
				<misses>4997001</misses>
				<total>2</total>
				<timestamp>1847.041313</timestamp>
			</report>
			<report>
				<misses>4998001</misses>
				<total>2</total>
				<timestamp>1847.410927</timestamp>
			</report>
			<report>
				<misses>4999001</misses>
				<total>2</total>
				<timestamp>1847.780582</timestamp>
			</report>
			<report>
				<misses>5000001</misses>
				<total>2</total>
				<timestamp>1848.150226</timestamp>
			</report>
			<report>
				<misses>5001001</misses>
				<total>2</total>
				<timestamp>1848.519816</timestamp>
			</report>
			<report>
				<misses>5002001</misses>
				<total>2</total>
				<timestamp>1848.889478</timestamp>
			</report>
			<report>
				<misses>5003001</misses>
				<total>2</total>
				<timestamp>1849.259064</timestamp>
			</report>
			<report>
				<misses>5004001</misses>
				<total>2</total>
				<timestamp>1849.628758</timestamp>
			</report>
			<report>
				<misses>5005001</misses>
				<total>2</total>
				<timestamp>1849.998375</timestamp>
			</report>
			<report>
				<misses>5006001</misses>
				<total>2</total>
				<timestamp>1850.367982</timestamp>
			</report>
			<report>
				<misses>5007001</misses>
				<total>2</total>
				<timestamp>1850.737624</timestamp>
			</report>
			<report>
				<misses>5008001</misses>
				<total>2</total>
				<timestamp>1851.107295</timestamp>
			</report>
			<report>
				<misses>5009001</misses>
				<total>2</total>
				<timestamp>1851.476874</timestamp>
			</report>
			<report>
				<misses>5010001</misses>
				<total>2</total>
				<timestamp>1851.846536</timestamp>
			</report>
			<report>
				<misses>5011001</misses>
				<total>2</total>
				<timestamp>1852.216147</timestamp>
			</report>
			<report>
				<misses>5012001</misses>
				<total>2</total>
				<timestamp>1852.585802</timestamp>
			</report>
			<report>
				<misses>5013001</misses>
				<total>2</total>
				<timestamp>1852.955403</timestamp>
			</report>
			<report>
				<misses>5014001</misses>
				<total>2</total>
				<timestamp>1853.324995</timestamp>
			</report>
			<report>
				<misses>5015001</misses>
				<total>2</total>
				<timestamp>1853.694661</timestamp>
			</report>
			<report>
				<misses>5016001</misses>
				<total>2</total>
				<timestamp>1854.064251</timestamp>
			</report>
			<report>
				<misses>5017001</misses>
				<total>2</total>
				<timestamp>1854.433874</timestamp>
			</report>
			<report>
				<misses>5018001</misses>
				<total>2</total>
				<timestamp>1854.803563</timestamp>
			</report>
			<report>
				<misses>5019001</misses>
				<total>2</total>
				<timestamp>1855.173259</timestamp>
			</report>
			<report>
				<misses>5020001</misses>
				<total>2</total>
				<timestamp>1855.542790</timestamp>
			</report>
			<report>
				<misses>5021001</misses>
				<total>2</total>
				<timestamp>1855.912448</timestamp>
			</report>
			<report>
				<misses>5022001</misses>
				<total>2</total>
				<timestamp>1856.282067</timestamp>
			</report>
			<report>
				<misses>5023001</misses>
				<total>2</total>
				<timestamp>1856.651713</timestamp>
			</report>
			<report>
				<misses>5024001</misses>
				<total>1</total>
				<timestamp>1857.021408</timestamp>
			</report>
			<report>
				<misses>5025001</misses>
				<total>2</total>
				<timestamp>1857.390928</timestamp>
			</report>
			<report>
				<misses>5026001</misses>
				<total>2</total>
				<timestamp>1857.760643</timestamp>
			</report>
			<report>
				<misses>5027001</misses>
				<total>2</total>
				<timestamp>1858.130190</timestamp>
			</report>
			<report>
				<misses>5028001</misses>
				<total>2</total>
				<timestamp>1858.499805</timestamp>
			</report>
			<report>
				<misses>5029001</misses>
				<total>1</total>
				<timestamp>1858.869592</timestamp>
			</report>
			<report>
				<misses>5030001</misses>
				<total>2</total>
				<timestamp>1859.239139</timestamp>
			</report>
			<report>
				<misses>5031001</misses>
				<total>2</total>
				<timestamp>1859.608729</timestamp>
			</report>
			<report>
				<misses>5032001</misses>
				<total>2</total>
				<timestamp>1859.978389</timestamp>
			</report>
			<report>
				<misses>5033001</misses>
				<total>2</total>
				<timestamp>1860.348010</timestamp>
			</report>
			<report>
				<misses>5034001</misses>
				<total>2</total>
				<timestamp>1860.717655</timestamp>
			</report>
			<report>
				<misses>5035001</misses>
				<total>2</total>
				<timestamp>1861.087273</timestamp>
			</report>
			<report>
				<misses>5036001</misses>
				<total>2</total>
				<timestamp>1861.456839</timestamp>
			</report>
			<report>
				<misses>5037001</misses>
				<total>2</total>
				<timestamp>1861.826510</timestamp>
			</report>
			<report>
				<misses>5038001</misses>
				<total>2</total>
				<timestamp>1862.196120</timestamp>
			</report>
			<report>
				<misses>5039001</misses>
				<total>2</total>
				<timestamp>1862.565738</timestamp>
			</report>
			<report>
				<misses>5040001</misses>
				<total>2</total>
				<timestamp>1862.935420</timestamp>
			</report>
			<report>
				<misses>5041001</misses>
				<total>2</total>
				<timestamp>1863.305014</timestamp>
			</report>
			<report>
				<misses>5042001</misses>
				<total>2</total>
				<timestamp>1863.674679</timestamp>
			</report>
			<report>
				<misses>5043001</misses>
				<total>2</total>
				<timestamp>1864.044253</timestamp>
			</report>
			<report>
				<misses>5044001</misses>
				<total>2</total>
				<timestamp>1864.413893</timestamp>
			</report>
			<report>
				<misses>5045001</misses>
				<total>2</total>
				<timestamp>1864.783551</timestamp>
			</report>
			<report>
				<misses>5046001</misses>
				<total>2</total>
				<timestamp>1865.153142</timestamp>
			</report>
			<report>
				<misses>5047001</misses>
				<total>2</total>
				<timestamp>1865.522771</timestamp>
			</report>
			<report>
				<misses>5048001</misses>
				<total>2</total>
				<timestamp>1865.892520</timestamp>
			</report>
			<report>
				<misses>5049001</misses>
				<total>2</total>
				<timestamp>1866.262055</timestamp>
			</report>
			<report>
				<misses>5050001</misses>
				<total>1</total>
				<timestamp>1866.631800</timestamp>
			</report>
			<report>
				<misses>5051001</misses>
				<total>2</total>
				<timestamp>1867.001325</timestamp>
			</report>
			<report>
				<misses>5052001</misses>
				<total>2</total>
				<timestamp>1867.370923</timestamp>
			</report>
			<report>
				<misses>5053001</misses>
				<total>1</total>
				<timestamp>1867.740660</timestamp>
			</report>
			<report>
				<misses>5054001</misses>
				<total>2</total>
				<timestamp>1868.110216</timestamp>
			</report>
			<report>
				<misses>5055001</misses>
				<total>2</total>
				<timestamp>1868.479865</timestamp>
			</report>
			<report>
				<misses>5056001</misses>
				<total>2</total>
				<timestamp>1868.849501</timestamp>
			</report>
			<report>
				<misses>5057001</misses>
				<total>2</total>
				<timestamp>1869.219116</timestamp>
			</report>
			<report>
				<misses>5058001</misses>
				<total>2</total>
				<timestamp>1869.588727</timestamp>
			</report>
			<report>
				<misses>5059001</misses>
				<total>2</total>
				<timestamp>1869.958332</timestamp>
			</report>
			<report>
				<misses>5060001</misses>
				<total>2</total>
				<timestamp>1870.327970</timestamp>
			</report>
			<report>
				<misses>5061001</misses>
				<total>2</total>
				<timestamp>1870.697644</timestamp>
			</report>
			<report>
				<misses>5062001</misses>
				<total>2</total>
				<timestamp>1871.067291</timestamp>
			</report>
			<report>
				<misses>5063001</misses>
				<total>2</total>
				<timestamp>1871.436879</timestamp>
			</report>
			<report>
				<misses>5064001</misses>
				<total>2</total>
				<timestamp>1871.806611</timestamp>
			</report>
			<report>
				<misses>5065001</misses>
				<total>2</total>
				<timestamp>1872.176172</timestamp>
			</report>
			<report>
				<misses>5066001</misses>
				<total>1</total>
				<timestamp>1872.545903</timestamp>
			</report>
			<report>
				<misses>5067001</misses>
				<total>2</total>
				<timestamp>1872.915399</timestamp>
			</report>
			<report>
				<misses>5068001</misses>
				<total>2</total>
				<timestamp>1873.285023</timestamp>
			</report>
			<report>
				<misses>5069001</misses>
				<total>2</total>
				<timestamp>1873.654630</timestamp>
			</report>
			<report>
				<misses>5070001</misses>
				<total>2</total>
				<timestamp>1874.024326</timestamp>
			</report>
			<report>
				<misses>5071001</misses>
				<total>2</total>
				<timestamp>1874.393944</timestamp>
			</report>
			<report>
				<misses>5072001</misses>
				<total>2</total>
				<timestamp>1874.763540</timestamp>
			</report>
			<report>
				<misses>5073001</misses>
				<total>2</total>
				<timestamp>1875.133227</timestamp>
			</report>
			<report>
				<misses>5074001</misses>
				<total>2</total>
				<timestamp>1875.502799</timestamp>
			</report>
			<report>
				<misses>5075001</misses>
				<total>2</total>
				<timestamp>1875.872483</timestamp>
			</report>
			<report>
				<misses>5076001</misses>
				<total>1</total>
				<timestamp>1876.242165</timestamp>
			</report>
			<report>
				<misses>5077001</misses>
				<total>2</total>
				<timestamp>1876.611707</timestamp>
			</report>
			<report>
				<misses>5078001</misses>
				<total>2</total>
				<timestamp>1876.981383</timestamp>
			</report>
			<report>
				<misses>5079001</misses>
				<total>2</total>
				<timestamp>1877.350961</timestamp>
			</report>
			<report>
				<misses>5080001</misses>
				<total>2</total>
				<timestamp>1877.720571</timestamp>
			</report>
			<report>
				<misses>5081001</misses>
				<total>2</total>
				<timestamp>1878.090217</timestamp>
			</report>
			<report>
				<misses>5082001</misses>
				<total>2</total>
				<timestamp>1878.459819</timestamp>
			</report>
			<report>
				<misses>5083001</misses>
				<total>2</total>
				<timestamp>1878.829455</timestamp>
			</report>
			<report>
				<misses>5084001</misses>
				<total>2</total>
				<timestamp>1879.199078</timestamp>
			</report>
			<report>
				<misses>5085001</misses>
				<total>2</total>
				<timestamp>1879.568717</timestamp>
			</report>
			<report>
				<misses>5086001</misses>
				<total>2</total>
				<timestamp>1879.938400</timestamp>
			</report>
			<report>
				<misses>5087001</misses>
				<total>2</total>
				<timestamp>1880.308001</timestamp>
			</report>
			<report>
				<misses>5088001</misses>
				<total>2</total>
				<timestamp>1880.677634</timestamp>
			</report>
			<report>
				<misses>5089001</misses>
				<total>2</total>
				<timestamp>1881.047264</timestamp>
			</report>
			<report>
				<misses>5090001</misses>
				<total>2</total>
				<timestamp>1881.416870</timestamp>
			</report>
			<report>
				<misses>5091001</misses>
				<total>2</total>
				<timestamp>1881.786504</timestamp>
			</report>
			<report>
				<misses>5092001</misses>
				<total>1</total>
				<timestamp>1882.156253</timestamp>
			</report>
			<report>
				<misses>5093001</misses>
				<total>2</total>
				<timestamp>1882.525804</timestamp>
			</report>
			<report>
				<misses>5094001</misses>
				<total>2</total>
				<timestamp>1882.895447</timestamp>
			</report>
			<report>
				<misses>5095001</misses>
				<total>2</total>
				<timestamp>1883.265089</timestamp>
			</report>
			<report>
				<misses>5096001</misses>
				<total>2</total>
				<timestamp>1883.634704</timestamp>
			</report>
			<report>
				<misses>5097001</misses>
				<total>2</total>
				<timestamp>1884.004276</timestamp>
			</report>
			<report>
				<misses>5098001</misses>
				<total>2</total>
				<timestamp>1884.373912</timestamp>
			</report>
			<report>
				<misses>5099001</misses>
				<total>2</total>
				<timestamp>1884.743599</timestamp>
			</report>
			<report>
				<misses>5100001</misses>
				<total>2</total>
				<timestamp>1885.113159</timestamp>
			</report>
			<report>
				<misses>5101001</misses>
				<total>1</total>
				<timestamp>1885.482910</timestamp>
			</report>
			<report>
				<misses>5102001</misses>
				<total>2</total>
				<timestamp>1885.852497</timestamp>
			</report>
			<report>
				<misses>5103001</misses>
				<total>2</total>
				<timestamp>1886.222073</timestamp>
			</report>
			<report>
				<misses>5104001</misses>
				<total>2</total>
				<timestamp>1886.591759</timestamp>
			</report>
			<report>
				<misses>5105001</misses>
				<total>2</total>
				<timestamp>1886.961409</timestamp>
			</report>
			<report>
				<misses>5106001</misses>
				<total>2</total>
				<timestamp>1887.330961</timestamp>
			</report>
			<report>
				<misses>5107001</misses>
				<total>1</total>
				<timestamp>1887.700656</timestamp>
			</report>
			<report>
				<misses>5108001</misses>
				<total>2</total>
				<timestamp>1888.070240</timestamp>
			</report>
			<report>
				<misses>5109001</misses>
				<total>2</total>
				<timestamp>1888.439827</timestamp>
			</report>
			<report>
				<misses>5110001</misses>
				<total>2</total>
				<timestamp>1888.809518</timestamp>
			</report>
			<report>
				<misses>5111001</misses>
				<total>2</total>
				<timestamp>1889.179147</timestamp>
			</report>
			<report>
				<misses>5112001</misses>
				<total>2</total>
				<timestamp>1889.548795</timestamp>
			</report>
			<report>
				<misses>5113001</misses>
				<total>2</total>
				<timestamp>1889.918434</timestamp>
			</report>
			<report>
				<misses>5114001</misses>
				<total>2</total>
				<timestamp>1890.288000</timestamp>
			</report>
			<report>
				<misses>5115001</misses>
				<total>2</total>
				<timestamp>1890.657629</timestamp>
			</report>
			<report>
				<misses>5116001</misses>
				<total>2</total>
				<timestamp>1891.027288</timestamp>
			</report>
			<report>
				<misses>5117001</misses>
				<total>2</total>
				<timestamp>1891.396908</timestamp>
			</report>
			<report>
				<misses>5118001</misses>
				<total>1</total>
				<timestamp>1891.766611</timestamp>
			</report>
			<report>
				<misses>5119001</misses>
				<total>2</total>
				<timestamp>1892.136144</timestamp>
			</report>
			<report>
				<misses>5120001</misses>
				<total>2</total>
				<timestamp>1892.505855</timestamp>
			</report>
			<report>
				<misses>5121001</misses>
				<total>2</total>
				<timestamp>1892.875435</timestamp>
			</report>
			<report>
				<misses>5122001</misses>
				<total>2</total>
				<timestamp>1893.245039</timestamp>
			</report>
			<report>
				<misses>5123001</misses>
				<total>2</total>
				<timestamp>1893.614689</timestamp>
			</report>
			<report>
				<misses>5124001</misses>
				<total>2</total>
				<timestamp>1893.984308</timestamp>
			</report>
			<report>
				<misses>5125001</misses>
				<total>2</total>
				<timestamp>1894.353940</timestamp>
			</report>
			<report>
				<misses>5126001</misses>
				<total>2</total>
				<timestamp>1894.723550</timestamp>
			</report>
			<report>
				<misses>5127001</misses>
				<total>2</total>
				<timestamp>1895.093174</timestamp>
			</report>
			<report>
				<misses>5128001</misses>
				<total>1</total>
				<timestamp>1895.462930</timestamp>
			</report>
			<report>
				<misses>5129001</misses>
				<total>2</total>
				<timestamp>1895.832450</timestamp>
			</report>
			<report>
				<misses>5130001</misses>
				<total>2</total>
				<timestamp>1896.202076</timestamp>
			</report>
			<report>
				<misses>5131001</misses>
				<total>2</total>
				<timestamp>1896.571701</timestamp>
			</report>
			<report>
				<misses>5132001</misses>
				<total>2</total>
				<timestamp>1896.941349</timestamp>
			</report>
			<report>
				<misses>5133001</misses>
				<total>2</total>
				<timestamp>1897.310983</timestamp>
			</report>
			<report>
				<misses>5134001</misses>
				<total>2</total>
				<timestamp>1897.680631</timestamp>
			</report>
			<report>
				<misses>5135001</misses>
				<total>2</total>
				<timestamp>1898.050284</timestamp>
			</report>
			<report>
				<misses>5136001</misses>
				<total>2</total>
				<timestamp>1898.419848</timestamp>
			</report>
			<report>
				<misses>5137001</misses>
				<total>2</total>
				<timestamp>1898.789470</timestamp>
			</report>
			<report>
				<misses>5138001</misses>
				<total>2</total>
				<timestamp>1899.159180</timestamp>
			</report>
			<report>
				<misses>5139001</misses>
				<total>2</total>
				<timestamp>1899.528732</timestamp>
			</report>
			<report>
				<misses>5140001</misses>
				<total>2</total>
				<timestamp>1899.898429</timestamp>
			</report>
			<report>
				<misses>5141001</misses>
				<total>2</total>
				<timestamp>1900.268085</timestamp>
			</report>
			<report>
				<misses>5142001</misses>
				<total>2</total>
				<timestamp>1900.637638</timestamp>
			</report>
			<report>
				<misses>5143001</misses>
				<total>2</total>
				<timestamp>1901.007315</timestamp>
			</report>
			<report>
				<misses>5144001</misses>
				<total>2</total>
				<timestamp>1901.376939</timestamp>
			</report>
			<report>
				<misses>5145001</misses>
				<total>2</total>
				<timestamp>1901.746556</timestamp>
			</report>
			<report>
				<misses>5146001</misses>
				<total>1</total>
				<timestamp>1902.116321</timestamp>
			</report>
			<report>
				<misses>5147001</misses>
				<total>2</total>
				<timestamp>1902.485770</timestamp>
			</report>
			<report>
				<misses>5148001</misses>
				<total>2</total>
				<timestamp>1902.855465</timestamp>
			</report>
			<report>
				<misses>5149001</misses>
				<total>2</total>
				<timestamp>1903.225040</timestamp>
			</report>
			<report>
				<misses>5150001</misses>
				<total>2</total>
				<timestamp>1903.594727</timestamp>
			</report>
			<report>
				<misses>5151001</misses>
				<total>2</total>
				<timestamp>1903.964324</timestamp>
			</report>
			<report>
				<misses>5152001</misses>
				<total>2</total>
				<timestamp>1904.333940</timestamp>
			</report>
			<report>
				<misses>5153001</misses>
				<total>2</total>
				<timestamp>1904.703564</timestamp>
			</report>
			<report>
				<misses>5154001</misses>
				<total>2</total>
				<timestamp>1905.073185</timestamp>
			</report>
			<report>
				<misses>5155001</misses>
				<total>2</total>
				<timestamp>1905.442804</timestamp>
			</report>
			<report>
				<misses>5156001</misses>
				<total>1</total>
				<timestamp>1905.812538</timestamp>
			</report>
			<report>
				<misses>5157001</misses>
				<total>2</total>
				<timestamp>1906.182085</timestamp>
			</report>
			<report>
				<misses>5158001</misses>
				<total>2</total>
				<timestamp>1906.551697</timestamp>
			</report>
			<report>
				<misses>5159001</misses>
				<total>2</total>
				<timestamp>1906.921391</timestamp>
			</report>
			<report>
				<misses>5160001</misses>
				<total>2</total>
				<timestamp>1907.291000</timestamp>
			</report>
			<report>
				<misses>5161001</misses>
				<total>2</total>
				<timestamp>1907.660607</timestamp>
			</report>
			<report>
				<misses>5162001</misses>
				<total>2</total>
				<timestamp>1908.030261</timestamp>
			</report>
			<report>
				<misses>5163001</misses>
				<total>1</total>
				<timestamp>1908.399959</timestamp>
			</report>
			<report>
				<misses>5164001</misses>
				<total>2</total>
				<timestamp>1908.769492</timestamp>
			</report>
			<report>
				<misses>5165001</misses>
				<total>2</total>
				<timestamp>1909.139124</timestamp>
			</report>
			<report>
				<misses>5166001</misses>
				<total>2</total>
				<timestamp>1909.508828</timestamp>
			</report>
			<report>
				<misses>5167001</misses>
				<total>2</total>
				<timestamp>1909.878385</timestamp>
			</report>
			<report>
				<misses>5168001</misses>
				<total>2</total>
				<timestamp>1910.248068</timestamp>
			</report>
			<report>
				<misses>5169001</misses>
				<total>2</total>
				<timestamp>1910.617716</timestamp>
			</report>
			<report>
				<misses>5170001</misses>
				<total>2</total>
				<timestamp>1910.987362</timestamp>
			</report>
			<report>
				<misses>5171001</misses>
				<total>2</total>
				<timestamp>1911.356937</timestamp>
			</report>
			<report>
				<misses>5172001</misses>
				<total>2</total>
				<timestamp>1911.726546</timestamp>
			</report>
			<report>
				<misses>5173001</misses>
				<total>2</total>
				<timestamp>1912.096220</timestamp>
			</report>
			<report>
				<misses>5174001</misses>
				<total>2</total>
				<timestamp>1912.465838</timestamp>
			</report>
			<report>
				<misses>5175001</misses>
				<total>2</total>
				<timestamp>1912.835462</timestamp>
			</report>
			<report>
				<misses>5176001</misses>
				<total>2</total>
				<timestamp>1913.205040</timestamp>
			</report>
			<report>
				<misses>5177001</misses>
				<total>2</total>
				<timestamp>1913.574683</timestamp>
			</report>
			<report>
				<misses>5178001</misses>
				<total>2</total>
				<timestamp>1913.944335</timestamp>
			</report>
			<report>
				<misses>5179001</misses>
				<total>2</total>
				<timestamp>1914.313945</timestamp>
			</report>
			<report>
				<misses>5180001</misses>
				<total>2</total>
				<timestamp>1914.683597</timestamp>
			</report>
			<report>
				<misses>5181001</misses>
				<total>2</total>
				<timestamp>1915.053244</timestamp>
			</report>
			<report>
				<misses>5182001</misses>
				<total>2</total>
				<timestamp>1915.422844</timestamp>
			</report>
			<report>
				<misses>5183001</misses>
				<total>2</total>
				<timestamp>1915.792462</timestamp>
			</report>
			<report>
				<misses>5184001</misses>
				<total>2</total>
				<timestamp>1916.162115</timestamp>
			</report>
			<report>
				<misses>5185001</misses>
				<total>2</total>
				<timestamp>1916.531706</timestamp>
			</report>
			<report>
				<misses>5186001</misses>
				<total>2</total>
				<timestamp>1916.901355</timestamp>
			</report>
			<report>
				<misses>5187001</misses>
				<total>2</total>
				<timestamp>1917.271106</timestamp>
			</report>
			<report>
				<misses>5188001</misses>
				<total>2</total>
				<timestamp>1917.640668</timestamp>
			</report>
			<report>
				<misses>5189001</misses>
				<total>2</total>
				<timestamp>1918.010247</timestamp>
			</report>
			<report>
				<misses>5190001</misses>
				<total>2</total>
				<timestamp>1918.379899</timestamp>
			</report>
			<report>
				<misses>5191001</misses>
				<total>2</total>
				<timestamp>1918.749514</timestamp>
			</report>
			<report>
				<misses>5192001</misses>
				<total>1</total>
				<timestamp>1919.119258</timestamp>
			</report>
			<report>
				<misses>5193001</misses>
				<total>2</total>
				<timestamp>1919.488748</timestamp>
			</report>
			<report>
				<misses>5194001</misses>
				<total>1</total>
				<timestamp>1919.858491</timestamp>
			</report>
			<report>
				<misses>5195001</misses>
				<total>2</total>
				<timestamp>1920.228047</timestamp>
			</report>
			<report>
				<misses>5196001</misses>
				<total>1</total>
				<timestamp>1920.597743</timestamp>
			</report>
			<report>
				<misses>5197001</misses>
				<total>1</total>
				<timestamp>1920.967382</timestamp>
			</report>
			<report>
				<misses>5198001</misses>
				<total>2</total>
				<timestamp>1921.336904</timestamp>
			</report>
			<report>
				<misses>5199001</misses>
				<total>2</total>
				<timestamp>1921.706594</timestamp>
			</report>
			<report>
				<misses>5200001</misses>
				<total>2</total>
				<timestamp>1922.076195</timestamp>
			</report>
			<report>
				<misses>5201001</misses>
				<total>2</total>
				<timestamp>1922.445790</timestamp>
			</report>
			<report>
				<misses>5202001</misses>
				<total>2</total>
				<timestamp>1922.815437</timestamp>
			</report>
			<report>
				<misses>5203001</misses>
				<total>2</total>
				<timestamp>1923.185144</timestamp>
			</report>
			<report>
				<misses>5204001</misses>
				<total>2</total>
				<timestamp>1923.554741</timestamp>
			</report>
			<report>
				<misses>5205001</misses>
				<total>2</total>
				<timestamp>1923.924309</timestamp>
			</report>
			<report>
				<misses>5206001</misses>
				<total>2</total>
				<timestamp>1924.294009</timestamp>
			</report>
			<report>
				<misses>5207001</misses>
				<total>2</total>
				<timestamp>1924.663566</timestamp>
			</report>
			<report>
				<misses>5208001</misses>
				<total>2</total>
				<timestamp>1925.033246</timestamp>
			</report>
			<report>
				<misses>5209001</misses>
				<total>2</total>
				<timestamp>1925.402826</timestamp>
			</report>
			<report>
				<misses>5210001</misses>
				<total>2</total>
				<timestamp>1925.772470</timestamp>
			</report>
			<report>
				<misses>5211001</misses>
				<total>2</total>
				<timestamp>1926.142145</timestamp>
			</report>
			<report>
				<misses>5212001</misses>
				<total>2</total>
				<timestamp>1926.511721</timestamp>
			</report>
			<report>
				<misses>5213001</misses>
				<total>2</total>
				<timestamp>1926.881350</timestamp>
			</report>
			<report>
				<misses>5214001</misses>
				<total>2</total>
				<timestamp>1927.251014</timestamp>
			</report>
			<report>
				<misses>5215001</misses>
				<total>2</total>
				<timestamp>1927.620613</timestamp>
			</report>
			<report>
				<misses>5216001</misses>
				<total>1</total>
				<timestamp>1927.990340</timestamp>
			</report>
			<report>
				<misses>5217001</misses>
				<total>2</total>
				<timestamp>1928.359922</timestamp>
			</report>
			<report>
				<misses>5218001</misses>
				<total>2</total>
				<timestamp>1928.729498</timestamp>
			</report>
			<report>
				<misses>5219001</misses>
				<total>2</total>
				<timestamp>1929.099186</timestamp>
			</report>
			<report>
				<misses>5220001</misses>
				<total>2</total>
				<timestamp>1929.468820</timestamp>
			</report>
			<report>
				<misses>5221001</misses>
				<total>2</total>
				<timestamp>1929.838397</timestamp>
			</report>
			<report>
				<misses>5222001</misses>
				<total>2</total>
				<timestamp>1930.208102</timestamp>
			</report>
			<report>
				<misses>5223001</misses>
				<total>2</total>
				<timestamp>1930.577666</timestamp>
			</report>
			<report>
				<misses>5224001</misses>
				<total>2</total>
				<timestamp>1930.947331</timestamp>
			</report>
			<report>
				<misses>5225001</misses>
				<total>2</total>
				<timestamp>1931.317047</timestamp>
			</report>
			<report>
				<misses>5226001</misses>
				<total>2</total>
				<timestamp>1931.686631</timestamp>
			</report>
			<report>
				<misses>5227001</misses>
				<total>1</total>
				<timestamp>1932.056268</timestamp>
			</report>
			<report>
				<misses>5228001</misses>
				<total>1</total>
				<timestamp>1932.425895</timestamp>
			</report>
			<report>
				<misses>5229001</misses>
				<total>2</total>
				<timestamp>1932.795511</timestamp>
			</report>
			<report>
				<misses>5230001</misses>
				<total>2</total>
				<timestamp>1933.165176</timestamp>
			</report>
			<report>
				<misses>5231001</misses>
				<total>2</total>
				<timestamp>1933.534707</timestamp>
			</report>
			<report>
				<misses>5232001</misses>
				<total>2</total>
				<timestamp>1933.904363</timestamp>
			</report>
			<report>
				<misses>5233001</misses>
				<total>2</total>
				<timestamp>1934.273994</timestamp>
			</report>
			<report>
				<misses>5234001</misses>
				<total>2</total>
				<timestamp>1934.643596</timestamp>
			</report>
			<report>
				<misses>5235001</misses>
				<total>1</total>
				<timestamp>1935.013320</timestamp>
			</report>
			<report>
				<misses>5236001</misses>
				<total>2</total>
				<timestamp>1935.382898</timestamp>
			</report>
			<report>
				<misses>5237001</misses>
				<total>2</total>
				<timestamp>1935.752509</timestamp>
			</report>
			<report>
				<misses>5238001</misses>
				<total>2</total>
				<timestamp>1936.122098</timestamp>
			</report>
			<report>
				<misses>5239001</misses>
				<total>2</total>
				<timestamp>1936.491730</timestamp>
			</report>
			<report>
				<misses>5240001</misses>
				<total>2</total>
				<timestamp>1936.861440</timestamp>
			</report>
			<report>
				<misses>5241001</misses>
				<total>2</total>
				<timestamp>1937.231055</timestamp>
			</report>
			<report>
				<misses>5242001</misses>
				<total>1</total>
				<timestamp>1937.600708</timestamp>
			</report>
			<report>
				<misses>5243001</misses>
				<total>2</total>
				<timestamp>1937.970287</timestamp>
			</report>
			<report>
				<misses>5244001</misses>
				<total>1</total>
				<timestamp>1938.340036</timestamp>
			</report>
			<report>
				<misses>5245001</misses>
				<total>2</total>
				<timestamp>1938.709516</timestamp>
			</report>
			<report>
				<misses>5246001</misses>
				<total>2</total>
				<timestamp>1939.079203</timestamp>
			</report>
			<report>
				<misses>5247001</misses>
				<total>2</total>
				<timestamp>1939.448765</timestamp>
			</report>
			<report>
				<misses>5248001</misses>
				<total>1</total>
				<timestamp>1939.818517</timestamp>
			</report>
			<report>
				<misses>5249001</misses>
				<total>2</total>
				<timestamp>1940.188071</timestamp>
			</report>
			<report>
				<misses>5250001</misses>
				<total>2</total>
				<timestamp>1940.557669</timestamp>
			</report>
			<report>
				<misses>5251001</misses>
				<total>2</total>
				<timestamp>1940.927282</timestamp>
			</report>
			<report>
				<misses>5252001</misses>
				<total>2</total>
				<timestamp>1941.297009</timestamp>
			</report>
			<report>
				<misses>5253001</misses>
				<total>2</total>
				<timestamp>1941.666592</timestamp>
			</report>
			<report>
				<misses>5254001</misses>
				<total>1</total>
				<timestamp>1942.036323</timestamp>
			</report>
			<report>
				<misses>5255001</misses>
				<total>2</total>
				<timestamp>1942.405885</timestamp>
			</report>
			<report>
				<misses>5256001</misses>
				<total>2</total>
				<timestamp>1942.775453</timestamp>
			</report>
			<report>
				<misses>5257001</misses>
				<total>2</total>
				<timestamp>1943.145092</timestamp>
			</report>
			<report>
				<misses>5258001</misses>
				<total>2</total>
				<timestamp>1943.514745</timestamp>
			</report>
			<report>
				<misses>5259001</misses>
				<total>2</total>
				<timestamp>1943.884328</timestamp>
			</report>
			<report>
				<misses>5260001</misses>
				<total>2</total>
				<timestamp>1944.254064</timestamp>
			</report>
			<report>
				<misses>5261001</misses>
				<total>1</total>
				<timestamp>1944.623707</timestamp>
			</report>
			<report>
				<misses>5262001</misses>
				<total>1</total>
				<timestamp>1944.993312</timestamp>
			</report>
			<report>
				<misses>5263001</misses>
				<total>1</total>
				<timestamp>1945.363044</timestamp>
			</report>
			<report>
				<misses>5264001</misses>
				<total>2</total>
				<timestamp>1945.732528</timestamp>
			</report>
			<report>
				<misses>5265001</misses>
				<total>2</total>
				<timestamp>1946.102162</timestamp>
			</report>
			<report>
				<misses>5266001</misses>
				<total>2</total>
				<timestamp>1946.471803</timestamp>
			</report>
			<report>
				<misses>5267001</misses>
				<total>2</total>
				<timestamp>1946.841365</timestamp>
			</report>
			<report>
				<misses>5268001</misses>
				<total>2</total>
				<timestamp>1947.211081</timestamp>
			</report>
			<report>
				<misses>5269001</misses>
				<total>2</total>
				<timestamp>1947.580671</timestamp>
			</report>
			<report>
				<misses>5270001</misses>
				<total>2</total>
				<timestamp>1947.950256</timestamp>
			</report>
			<report>
				<misses>5271001</misses>
				<total>2</total>
				<timestamp>1948.319917</timestamp>
			</report>
			<report>
				<misses>5272001</misses>
				<total>2</total>
				<timestamp>1948.689529</timestamp>
			</report>
			<report>
				<misses>5273001</misses>
				<total>2</total>
				<timestamp>1949.059159</timestamp>
			</report>
			<report>
				<misses>5274001</misses>
				<total>2</total>
				<timestamp>1949.428783</timestamp>
			</report>
			<report>
				<misses>5275001</misses>
				<total>2</total>
				<timestamp>1949.798462</timestamp>
			</report>
			<report>
				<misses>5276001</misses>
				<total>2</total>
				<timestamp>1950.168105</timestamp>
			</report>
			<report>
				<misses>5277001</misses>
				<total>2</total>
				<timestamp>1950.537685</timestamp>
			</report>
			<report>
				<misses>5278001</misses>
				<total>2</total>
				<timestamp>1950.907300</timestamp>
			</report>
			<report>
				<misses>5279001</misses>
				<total>2</total>
				<timestamp>1951.276991</timestamp>
			</report>
			<report>
				<misses>5280001</misses>
				<total>2</total>
				<timestamp>1951.646648</timestamp>
			</report>
			<report>
				<misses>5281001</misses>
				<total>2</total>
				<timestamp>1952.016249</timestamp>
			</report>
			<report>
				<misses>5282001</misses>
				<total>2</total>
				<timestamp>1952.385878</timestamp>
			</report>
			<report>
				<misses>5283001</misses>
				<total>2</total>
				<timestamp>1952.755500</timestamp>
			</report>
			<report>
				<misses>5284001</misses>
				<total>2</total>
				<timestamp>1953.125137</timestamp>
			</report>
			<report>
				<misses>5285001</misses>
				<total>2</total>
				<timestamp>1953.494756</timestamp>
			</report>
			<report>
				<misses>5286001</misses>
				<total>2</total>
				<timestamp>1953.864404</timestamp>
			</report>
			<report>
				<misses>5287001</misses>
				<total>1</total>
				<timestamp>1954.234121</timestamp>
			</report>
			<report>
				<misses>5288001</misses>
				<total>2</total>
				<timestamp>1954.603609</timestamp>
			</report>
			<report>
				<misses>5289001</misses>
				<total>2</total>
				<timestamp>1954.973233</timestamp>
			</report>
			<report>
				<misses>5290001</misses>
				<total>2</total>
				<timestamp>1955.342899</timestamp>
			</report>
			<report>
				<misses>5291001</misses>
				<total>2</total>
				<timestamp>1955.712502</timestamp>
			</report>
			<report>
				<misses>5292001</misses>
				<total>1</total>
				<timestamp>1956.082271</timestamp>
			</report>
			<report>
				<misses>5293001</misses>
				<total>2</total>
				<timestamp>1956.451757</timestamp>
			</report>
			<report>
				<misses>5294001</misses>
				<total>2</total>
				<timestamp>1956.821424</timestamp>
			</report>
			<report>
				<misses>5295001</misses>
				<total>2</total>
				<timestamp>1957.191057</timestamp>
			</report>
			<report>
				<misses>5296001</misses>
				<total>2</total>
				<timestamp>1957.560697</timestamp>
			</report>
			<report>
				<misses>5297001</misses>
				<total>2</total>
				<timestamp>1957.930296</timestamp>
			</report>
			<report>
				<misses>5298001</misses>
				<total>2</total>
				<timestamp>1958.299942</timestamp>
			</report>
			<report>
				<misses>5299001</misses>
				<total>2</total>
				<timestamp>1958.669585</timestamp>
			</report>
			<report>
				<misses>5300001</misses>
				<total>2</total>
				<timestamp>1959.039206</timestamp>
			</report>
			<report>
				<misses>5301001</misses>
				<total>2</total>
				<timestamp>1959.408791</timestamp>
			</report>
			<report>
				<misses>5302001</misses>
				<total>2</total>
				<timestamp>1959.778470</timestamp>
			</report>
			<report>
				<misses>5303001</misses>
				<total>1</total>
				<timestamp>1960.148159</timestamp>
			</report>
			<report>
				<misses>5304001</misses>
				<total>2</total>
				<timestamp>1960.517717</timestamp>
			</report>
			<report>
				<misses>5305001</misses>
				<total>2</total>
				<timestamp>1960.887371</timestamp>
			</report>
			<report>
				<misses>5306001</misses>
				<total>2</total>
				<timestamp>1961.257017</timestamp>
			</report>
			<report>
				<misses>5307001</misses>
				<total>2</total>
				<timestamp>1961.626628</timestamp>
			</report>
			<report>
				<misses>5308001</misses>
				<total>2</total>
				<timestamp>1961.996206</timestamp>
			</report>
			<report>
				<misses>5309001</misses>
				<total>2</total>
				<timestamp>1962.365841</timestamp>
			</report>
			<report>
				<misses>5310001</misses>
				<total>1</total>
				<timestamp>1962.735577</timestamp>
			</report>
			<report>
				<misses>5311001</misses>
				<total>2</total>
				<timestamp>1963.105093</timestamp>
			</report>
			<report>
				<misses>5312001</misses>
				<total>2</total>
				<timestamp>1963.474740</timestamp>
			</report>
			<report>
				<misses>5313001</misses>
				<total>2</total>
				<timestamp>1963.844360</timestamp>
			</report>
			<report>
				<misses>5314001</misses>
				<total>2</total>
				<timestamp>1964.214063</timestamp>
			</report>
			<report>
				<misses>5315001</misses>
				<total>2</total>
				<timestamp>1964.583634</timestamp>
			</report>
			<report>
				<misses>5316001</misses>
				<total>2</total>
				<timestamp>1964.953282</timestamp>
			</report>
			<report>
				<misses>5317001</misses>
				<total>2</total>
				<timestamp>1965.322933</timestamp>
			</report>
			<report>
				<misses>5318001</misses>
				<total>2</total>
				<timestamp>1965.692559</timestamp>
			</report>
			<report>
				<misses>5319001</misses>
				<total>2</total>
				<timestamp>1966.062200</timestamp>
			</report>
			<report>
				<misses>5320001</misses>
				<total>2</total>
				<timestamp>1966.431769</timestamp>
			</report>
			<report>
				<misses>5321001</misses>
				<total>2</total>
				<timestamp>1966.801430</timestamp>
			</report>
			<report>
				<misses>5322001</misses>
				<total>1</total>
				<timestamp>1967.171141</timestamp>
			</report>
			<report>
				<misses>5323001</misses>
				<total>2</total>
				<timestamp>1967.540713</timestamp>
			</report>
			<report>
				<misses>5324001</misses>
				<total>2</total>
				<timestamp>1967.910294</timestamp>
			</report>
			<report>
				<misses>5325001</misses>
				<total>1</total>
				<timestamp>1968.280021</timestamp>
			</report>
			<report>
				<misses>5326001</misses>
				<total>2</total>
				<timestamp>1968.649544</timestamp>
			</report>
			<report>
				<misses>5327001</misses>
				<total>2</total>
				<timestamp>1969.019175</timestamp>
			</report>
			<report>
				<misses>5328001</misses>
				<total>2</total>
				<timestamp>1969.388861</timestamp>
			</report>
			<report>
				<misses>5329001</misses>
				<total>1</total>
				<timestamp>1969.758541</timestamp>
			</report>
			<report>
				<misses>5330001</misses>
				<total>2</total>
				<timestamp>1970.128089</timestamp>
			</report>
			<report>
				<misses>5331001</misses>
				<total>2</total>
				<timestamp>1970.497767</timestamp>
			</report>
			<report>
				<misses>5332001</misses>
				<total>2</total>
				<timestamp>1970.867355</timestamp>
			</report>
			<report>
				<misses>5333001</misses>
				<total>2</total>
				<timestamp>1971.237014</timestamp>
			</report>
			<report>
				<misses>5334001</misses>
				<total>2</total>
				<timestamp>1971.606575</timestamp>
			</report>
			<report>
				<misses>5335001</misses>
				<total>2</total>
				<timestamp>1971.976208</timestamp>
			</report>
			<report>
				<misses>5336001</misses>
				<total>1</total>
				<timestamp>1972.345969</timestamp>
			</report>
			<report>
				<misses>5337001</misses>
				<total>2</total>
				<timestamp>1972.715479</timestamp>
			</report>
			<report>
				<misses>5338001</misses>
				<total>2</total>
				<timestamp>1973.085206</timestamp>
			</report>
			<report>
				<misses>5339001</misses>
				<total>2</total>
				<timestamp>1973.454791</timestamp>
			</report>
			<report>
				<misses>5340001</misses>
				<total>2</total>
				<timestamp>1973.824363</timestamp>
			</report>
			<report>
				<misses>5341001</misses>
				<total>2</total>
				<timestamp>1974.194000</timestamp>
			</report>
			<report>
				<misses>5342001</misses>
				<total>2</total>
				<timestamp>1974.563655</timestamp>
			</report>
			<report>
				<misses>5343001</misses>
				<total>2</total>
				<timestamp>1974.933262</timestamp>
			</report>
			<report>
				<misses>5344001</misses>
				<total>1</total>
				<timestamp>1975.303006</timestamp>
			</report>
			<report>
				<misses>5345001</misses>
				<total>2</total>
				<timestamp>1975.672532</timestamp>
			</report>
			<report>
				<misses>5346001</misses>
				<total>2</total>
				<timestamp>1976.042196</timestamp>
			</report>
			<report>
				<misses>5347001</misses>
				<total>2</total>
				<timestamp>1976.411812</timestamp>
			</report>
			<report>
				<misses>5348001</misses>
				<total>1</total>
				<timestamp>1976.781493</timestamp>
			</report>
			<report>
				<misses>5349001</misses>
				<total>1</total>
				<timestamp>1977.151130</timestamp>
			</report>
			<report>
				<misses>5350001</misses>
				<total>2</total>
				<timestamp>1977.520655</timestamp>
			</report>
			<report>
				<misses>5351001</misses>
				<total>2</total>
				<timestamp>1977.890330</timestamp>
			</report>
			<report>
				<misses>5352001</misses>
				<total>2</total>
				<timestamp>1978.259937</timestamp>
			</report>
			<report>
				<misses>5353001</misses>
				<total>2</total>
				<timestamp>1978.629564</timestamp>
			</report>
			<report>
				<misses>5354001</misses>
				<total>2</total>
				<timestamp>1978.999179</timestamp>
			</report>
			<report>
				<misses>5355001</misses>
				<total>2</total>
				<timestamp>1979.368820</timestamp>
			</report>
			<report>
				<misses>5356001</misses>
				<total>2</total>
				<timestamp>1979.738432</timestamp>
			</report>
			<report>
				<misses>5357001</misses>
				<total>2</total>
				<timestamp>1980.108087</timestamp>
			</report>
			<report>
				<misses>5358001</misses>
				<total>2</total>
				<timestamp>1980.477740</timestamp>
			</report>
			<report>
				<misses>5359001</misses>
				<total>2</total>
				<timestamp>1980.847346</timestamp>
			</report>
			<report>
				<misses>5360001</misses>
				<total>1</total>
				<timestamp>1981.217061</timestamp>
			</report>
			<report>
				<misses>5361001</misses>
				<total>2</total>
				<timestamp>1981.586591</timestamp>
			</report>
			<report>
				<misses>5362001</misses>
				<total>2</total>
				<timestamp>1981.956218</timestamp>
			</report>
			<report>
				<misses>5363001</misses>
				<total>2</total>
				<timestamp>1982.325925</timestamp>
			</report>
			<report>
				<misses>5364001</misses>
				<total>2</total>
				<timestamp>1982.695477</timestamp>
			</report>
			<report>
				<misses>5365001</misses>
				<total>2</total>
				<timestamp>1983.065121</timestamp>
			</report>
			<report>
				<misses>5366001</misses>
				<total>2</total>
				<timestamp>1983.434789</timestamp>
			</report>
			<report>
				<misses>5367001</misses>
				<total>2</total>
				<timestamp>1983.804389</timestamp>
			</report>
			<report>
				<misses>5368001</misses>
				<total>1</total>
				<timestamp>1984.174149</timestamp>
			</report>
			<report>
				<misses>5369001</misses>
				<total>2</total>
				<timestamp>1984.543658</timestamp>
			</report>
			<report>
				<misses>5370001</misses>
				<total>2</total>
				<timestamp>1984.913261</timestamp>
			</report>
			<report>
				<misses>5371001</misses>
				<total>1</total>
				<timestamp>1985.282986</timestamp>
			</report>
			<report>
				<misses>5372001</misses>
				<total>2</total>
				<timestamp>1985.652516</timestamp>
			</report>
			<report>
				<misses>5373001</misses>
				<total>2</total>
				<timestamp>1986.022217</timestamp>
			</report>
			<report>
				<misses>5374001</misses>
				<total>2</total>
				<timestamp>1986.391888</timestamp>
			</report>
			<report>
				<misses>5375001</misses>
				<total>2</total>
				<timestamp>1986.761471</timestamp>
			</report>
			<report>
				<misses>5376001</misses>
				<total>2</total>
				<timestamp>1987.131088</timestamp>
			</report>
			<report>
				<misses>5377001</misses>
				<total>2</total>
				<timestamp>1987.500733</timestamp>
			</report>
			<report>
				<misses>5378001</misses>
				<total>2</total>
				<timestamp>1987.870364</timestamp>
			</report>
			<report>
				<misses>5379001</misses>
				<total>2</total>
				<timestamp>1988.239982</timestamp>
			</report>
			<report>
				<misses>5380001</misses>
				<total>2</total>
				<timestamp>1988.609609</timestamp>
			</report>
			<report>
				<misses>5381001</misses>
				<total>2</total>
				<timestamp>1988.979216</timestamp>
			</report>
			<report>
				<misses>5382001</misses>
				<total>2</total>
				<timestamp>1989.348879</timestamp>
			</report>
			<report>
				<misses>5383001</misses>
				<total>1</total>
				<timestamp>1989.718564</timestamp>
			</report>
			<report>
				<misses>5384001</misses>
				<total>2</total>
				<timestamp>1990.088142</timestamp>
			</report>
			<report>
				<misses>5385001</misses>
				<total>2</total>
				<timestamp>1990.457766</timestamp>
			</report>
			<report>
				<misses>5386001</misses>
				<total>2</total>
				<timestamp>1990.827372</timestamp>
			</report>
			<report>
				<misses>5387001</misses>
				<total>2</total>
				<timestamp>1991.197007</timestamp>
			</report>
			<report>
				<misses>5388001</misses>
				<total>2</total>
				<timestamp>1991.566659</timestamp>
			</report>
			<report>
				<misses>5389001</misses>
				<total>2</total>
				<timestamp>1991.936269</timestamp>
			</report>
			<report>
				<misses>5390001</misses>
				<total>2</total>
				<timestamp>1992.305881</timestamp>
			</report>
			<report>
				<misses>5391001</misses>
				<total>1</total>
				<timestamp>1992.675588</timestamp>
			</report>
			<report>
				<misses>5392001</misses>
				<total>2</total>
				<timestamp>1993.045134</timestamp>
			</report>
			<report>
				<misses>5393001</misses>
				<total>2</total>
				<timestamp>1993.414823</timestamp>
			</report>
			<report>
				<misses>5394001</misses>
				<total>2</total>
				<timestamp>1993.784406</timestamp>
			</report>
			<report>
				<misses>5395001</misses>
				<total>2</total>
				<timestamp>1994.154031</timestamp>
			</report>
			<report>
				<misses>5396001</misses>
				<total>2</total>
				<timestamp>1994.523664</timestamp>
			</report>
			<report>
				<misses>5397001</misses>
				<total>2</total>
				<timestamp>1994.893287</timestamp>
			</report>
			<report>
				<misses>5398001</misses>
				<total>2</total>
				<timestamp>1995.262906</timestamp>
			</report>
			<report>
				<misses>5399001</misses>
				<total>2</total>
				<timestamp>1995.632557</timestamp>
			</report>
			<report>
				<misses>5400001</misses>
				<total>2</total>
				<timestamp>1996.002233</timestamp>
			</report>
			<report>
				<misses>5401001</misses>
				<total>2</total>
				<timestamp>1996.371841</timestamp>
			</report>
			<report>
				<misses>5402001</misses>
				<total>1</total>
				<timestamp>1996.741532</timestamp>
			</report>
			<report>
				<misses>5403001</misses>
				<total>2</total>
				<timestamp>1997.111143</timestamp>
			</report>
			<report>
				<misses>5404001</misses>
				<total>2</total>
				<timestamp>1997.480715</timestamp>
			</report>
			<report>
				<misses>5405001</misses>
				<total>2</total>
				<timestamp>1997.850310</timestamp>
			</report>
			<report>
				<misses>5406001</misses>
				<total>2</total>
				<timestamp>1998.219979</timestamp>
			</report>
			<report>
				<misses>5407001</misses>
				<total>2</total>
				<timestamp>1998.589583</timestamp>
			</report>
			<report>
				<misses>5408001</misses>
				<total>2</total>
				<timestamp>1998.959204</timestamp>
			</report>
			<report>
				<misses>5409001</misses>
				<total>2</total>
				<timestamp>1999.328911</timestamp>
			</report>
			<report>
				<misses>5410001</misses>
				<total>2</total>
				<timestamp>1999.698482</timestamp>
			</report>
			<report>
				<misses>5411001</misses>
				<total>2</total>
				<timestamp>2000.068106</timestamp>
			</report>
			<report>
				<misses>5412001</misses>
				<total>2</total>
				<timestamp>2000.437744</timestamp>
			</report>
			<report>
				<misses>5413001</misses>
				<total>2</total>
				<timestamp>2000.807380</timestamp>
			</report>
			<report>
				<misses>5414001</misses>
				<total>2</total>
				<timestamp>2001.177038</timestamp>
			</report>
			<report>
				<misses>5415001</misses>
				<total>2</total>
				<timestamp>2001.546679</timestamp>
			</report>
			<report>
				<misses>5416001</misses>
				<total>2</total>
				<timestamp>2001.916296</timestamp>
			</report>
			<report>
				<misses>5417001</misses>
				<total>2</total>
				<timestamp>2002.285881</timestamp>
			</report>
			<report>
				<misses>5418001</misses>
				<total>2</total>
				<timestamp>2002.655515</timestamp>
			</report>
			<report>
				<misses>5419001</misses>
				<total>2</total>
				<timestamp>2003.025141</timestamp>
			</report>
			<report>
				<misses>5420001</misses>
				<total>2</total>
				<timestamp>2003.394810</timestamp>
			</report>
			<report>
				<misses>5421001</misses>
				<total>2</total>
				<timestamp>2003.764410</timestamp>
			</report>
			<report>
				<misses>5422001</misses>
				<total>2</total>
				<timestamp>2004.134051</timestamp>
			</report>
			<report>
				<misses>5423001</misses>
				<total>2</total>
				<timestamp>2004.503684</timestamp>
			</report>
			<report>
				<misses>5424001</misses>
				<total>2</total>
				<timestamp>2004.873295</timestamp>
			</report>
			<report>
				<misses>5425001</misses>
				<total>2</total>
				<timestamp>2005.242976</timestamp>
			</report>
			<report>
				<misses>5426001</misses>
				<total>2</total>
				<timestamp>2005.612585</timestamp>
			</report>
			<report>
				<misses>5427001</misses>
				<total>2</total>
				<timestamp>2005.982264</timestamp>
			</report>
			<report>
				<misses>5428001</misses>
				<total>2</total>
				<timestamp>2006.351804</timestamp>
			</report>
			<report>
				<misses>5429001</misses>
				<total>2</total>
				<timestamp>2006.721454</timestamp>
			</report>
			<report>
				<misses>5430001</misses>
				<total>2</total>
				<timestamp>2007.091092</timestamp>
			</report>
			<report>
				<misses>5431001</misses>
				<total>2</total>
				<timestamp>2007.460743</timestamp>
			</report>
			<report>
				<misses>5432001</misses>
				<total>2</total>
				<timestamp>2007.830363</timestamp>
			</report>
			<report>
				<misses>5433001</misses>
				<total>2</total>
				<timestamp>2008.199987</timestamp>
			</report>
			<report>
				<misses>5434001</misses>
				<total>2</total>
				<timestamp>2008.569652</timestamp>
			</report>
			<report>
				<misses>5435001</misses>
				<total>2</total>
				<timestamp>2008.939238</timestamp>
			</report>
			<report>
				<misses>5436001</misses>
				<total>2</total>
				<timestamp>2009.308849</timestamp>
			</report>
			<report>
				<misses>5437001</misses>
				<total>2</total>
				<timestamp>2009.678485</timestamp>
			</report>
			<report>
				<misses>5438001</misses>
				<total>2</total>
				<timestamp>2010.048123</timestamp>
			</report>
			<report>
				<misses>5439001</misses>
				<total>2</total>
				<timestamp>2010.417778</timestamp>
			</report>
			<report>
				<misses>5440001</misses>
				<total>1</total>
				<timestamp>2010.787523</timestamp>
			</report>
			<report>
				<misses>5441001</misses>
				<total>2</total>
				<timestamp>2011.157039</timestamp>
			</report>
			<report>
				<misses>5442001</misses>
				<total>2</total>
				<timestamp>2011.526630</timestamp>
			</report>
			<report>
				<misses>5443001</misses>
				<total>2</total>
				<timestamp>2011.896271</timestamp>
			</report>
			<report>
				<misses>5444001</misses>
				<total>2</total>
				<timestamp>2012.265905</timestamp>
			</report>
			<report>
				<misses>5445001</misses>
				<total>2</total>
				<timestamp>2012.635633</timestamp>
			</report>
			<report>
				<misses>5446001</misses>
				<total>2</total>
				<timestamp>2013.005215</timestamp>
			</report>
			<report>
				<misses>5447001</misses>
				<total>2</total>
				<timestamp>2013.374814</timestamp>
			</report>
			<report>
				<misses>5448001</misses>
				<total>2</total>
				<timestamp>2013.744436</timestamp>
			</report>
			<report>
				<misses>5449001</misses>
				<total>2</total>
				<timestamp>2014.114063</timestamp>
			</report>
			<report>
				<misses>5450001</misses>
				<total>2</total>
				<timestamp>2014.483699</timestamp>
			</report>
			<report>
				<misses>5451001</misses>
				<total>2</total>
				<timestamp>2014.853341</timestamp>
			</report>
			<report>
				<misses>5452001</misses>
				<total>2</total>
				<timestamp>2015.222944</timestamp>
			</report>
			<report>
				<misses>5453001</misses>
				<total>2</total>
				<timestamp>2015.592606</timestamp>
			</report>
			<report>
				<misses>5454001</misses>
				<total>2</total>
				<timestamp>2015.962226</timestamp>
			</report>
			<report>
				<misses>5455001</misses>
				<total>2</total>
				<timestamp>2016.331822</timestamp>
			</report>
			<report>
				<misses>5456001</misses>
				<total>1</total>
				<timestamp>2016.701636</timestamp>
			</report>
			<report>
				<misses>5457001</misses>
				<total>2</total>
				<timestamp>2017.071169</timestamp>
			</report>
			<report>
				<misses>5458001</misses>
				<total>2</total>
				<timestamp>2017.440752</timestamp>
			</report>
			<report>
				<misses>5459001</misses>
				<total>2</total>
				<timestamp>2017.810401</timestamp>
			</report>
			<report>
				<misses>5460001</misses>
				<total>1</total>
				<timestamp>2018.180064</timestamp>
			</report>
			<report>
				<misses>5461001</misses>
				<total>2</total>
				<timestamp>2018.549609</timestamp>
			</report>
			<report>
				<misses>5462001</misses>
				<total>2</total>
				<timestamp>2018.919242</timestamp>
			</report>
			<report>
				<misses>5463001</misses>
				<total>2</total>
				<timestamp>2019.288883</timestamp>
			</report>
			<report>
				<misses>5464001</misses>
				<total>2</total>
				<timestamp>2019.658531</timestamp>
			</report>
			<report>
				<misses>5465001</misses>
				<total>2</total>
				<timestamp>2020.028156</timestamp>
			</report>
			<report>
				<misses>5466001</misses>
				<total>1</total>
				<timestamp>2020.397874</timestamp>
			</report>
			<report>
				<misses>5467001</misses>
				<total>2</total>
				<timestamp>2020.767389</timestamp>
			</report>
			<report>
				<misses>5468001</misses>
				<total>2</total>
				<timestamp>2021.137040</timestamp>
			</report>
			<report>
				<misses>5469001</misses>
				<total>2</total>
				<timestamp>2021.506686</timestamp>
			</report>
			<report>
				<misses>5470001</misses>
				<total>1</total>
				<timestamp>2021.876398</timestamp>
			</report>
			<report>
				<misses>5471001</misses>
				<total>2</total>
				<timestamp>2022.245910</timestamp>
			</report>
			<report>
				<misses>5472001</misses>
				<total>2</total>
				<timestamp>2022.615591</timestamp>
			</report>
			<report>
				<misses>5473001</misses>
				<total>2</total>
				<timestamp>2022.985213</timestamp>
			</report>
			<report>
				<misses>5474001</misses>
				<total>2</total>
				<timestamp>2023.354778</timestamp>
			</report>
			<report>
				<misses>5475001</misses>
				<total>2</total>
				<timestamp>2023.724483</timestamp>
			</report>
			<report>
				<misses>5476001</misses>
				<total>2</total>
				<timestamp>2024.094051</timestamp>
			</report>
			<report>
				<misses>5477001</misses>
				<total>2</total>
				<timestamp>2024.463664</timestamp>
			</report>
			<report>
				<misses>5478001</misses>
				<total>2</total>
				<timestamp>2024.833320</timestamp>
			</report>
			<report>
				<misses>5479001</misses>
				<total>1</total>
				<timestamp>2025.203038</timestamp>
			</report>
			<report>
				<misses>5480001</misses>
				<total>2</total>
				<timestamp>2025.572611</timestamp>
			</report>
			<report>
				<misses>5481001</misses>
				<total>2</total>
				<timestamp>2025.942204</timestamp>
			</report>
			<report>
				<misses>5482001</misses>
				<total>2</total>
				<timestamp>2026.311853</timestamp>
			</report>
			<report>
				<misses>5483001</misses>
				<total>2</total>
				<timestamp>2026.681474</timestamp>
			</report>
			<report>
				<misses>5484001</misses>
				<total>2</total>
				<timestamp>2027.051104</timestamp>
			</report>
			<report>
				<misses>5485001</misses>
				<total>2</total>
				<timestamp>2027.420711</timestamp>
			</report>
			<report>
				<misses>5486001</misses>
				<total>2</total>
				<timestamp>2027.790355</timestamp>
			</report>
			<report>
				<misses>5487001</misses>
				<total>1</total>
				<timestamp>2028.160125</timestamp>
			</report>
			<report>
				<misses>5488001</misses>
				<total>1</total>
				<timestamp>2028.529731</timestamp>
			</report>
			<report>
				<misses>5489001</misses>
				<total>2</total>
				<timestamp>2028.899265</timestamp>
			</report>
			<report>
				<misses>5490001</misses>
				<total>2</total>
				<timestamp>2029.268885</timestamp>
			</report>
			<report>
				<misses>5491001</misses>
				<total>2</total>
				<timestamp>2029.638521</timestamp>
			</report>
			<report>
				<misses>5492001</misses>
				<total>2</total>
				<timestamp>2030.008170</timestamp>
			</report>
			<report>
				<misses>5493001</misses>
				<total>2</total>
				<timestamp>2030.377757</timestamp>
			</report>
			<report>
				<misses>5494001</misses>
				<total>2</total>
				<timestamp>2030.747462</timestamp>
			</report>
			<report>
				<misses>5495001</misses>
				<total>2</total>
				<timestamp>2031.117061</timestamp>
			</report>
			<report>
				<misses>5496001</misses>
				<total>2</total>
				<timestamp>2031.486651</timestamp>
			</report>
			<report>
				<misses>5497001</misses>
				<total>2</total>
				<timestamp>2031.856301</timestamp>
			</report>
			<report>
				<misses>5498001</misses>
				<total>2</total>
				<timestamp>2032.225935</timestamp>
			</report>
			<report>
				<misses>5499001</misses>
				<total>2</total>
				<timestamp>2032.595553</timestamp>
			</report>
			<report>
				<misses>5500001</misses>
				<total>2</total>
				<timestamp>2032.965173</timestamp>
			</report>
			<report>
				<misses>5501001</misses>
				<total>2</total>
				<timestamp>2033.334823</timestamp>
			</report>
			<report>
				<misses>5502001</misses>
				<total>2</total>
				<timestamp>2033.704494</timestamp>
			</report>
			<report>
				<misses>5503001</misses>
				<total>2</total>
				<timestamp>2034.074070</timestamp>
			</report>
			<report>
				<misses>5504001</misses>
				<total>2</total>
				<timestamp>2034.443707</timestamp>
			</report>
			<report>
				<misses>5505001</misses>
				<total>2</total>
				<timestamp>2034.813329</timestamp>
			</report>
			<report>
				<misses>5506001</misses>
				<total>2</total>
				<timestamp>2035.182999</timestamp>
			</report>
			<report>
				<misses>5507001</misses>
				<total>2</total>
				<timestamp>2035.552638</timestamp>
			</report>
			<report>
				<misses>5508001</misses>
				<total>2</total>
				<timestamp>2035.922227</timestamp>
			</report>
			<report>
				<misses>5509001</misses>
				<total>2</total>
				<timestamp>2036.291858</timestamp>
			</report>
			<report>
				<misses>5510001</misses>
				<total>2</total>
				<timestamp>2036.661493</timestamp>
			</report>
			<report>
				<misses>5511001</misses>
				<total>2</total>
				<timestamp>2037.031161</timestamp>
			</report>
			<report>
				<misses>5512001</misses>
				<total>2</total>
				<timestamp>2037.400743</timestamp>
			</report>
			<report>
				<misses>5513001</misses>
				<total>2</total>
				<timestamp>2037.770435</timestamp>
			</report>
			<report>
				<misses>5514001</misses>
				<total>2</total>
				<timestamp>2038.140034</timestamp>
			</report>
			<report>
				<misses>5515001</misses>
				<total>2</total>
				<timestamp>2038.509632</timestamp>
			</report>
			<report>
				<misses>5516001</misses>
				<total>2</total>
				<timestamp>2038.879274</timestamp>
			</report>
			<report>
				<misses>5517001</misses>
				<total>2</total>
				<timestamp>2039.248908</timestamp>
			</report>
			<report>
				<misses>5518001</misses>
				<total>2</total>
				<timestamp>2039.618568</timestamp>
			</report>
			<report>
				<misses>5519001</misses>
				<total>2</total>
				<timestamp>2039.988204</timestamp>
			</report>
			<report>
				<misses>5520001</misses>
				<total>2</total>
				<timestamp>2040.357776</timestamp>
			</report>
			<report>
				<misses>5521001</misses>
				<total>2</total>
				<timestamp>2040.727444</timestamp>
			</report>
			<report>
				<misses>5522001</misses>
				<total>2</total>
				<timestamp>2041.097053</timestamp>
			</report>
			<report>
				<misses>5523001</misses>
				<total>2</total>
				<timestamp>2041.466693</timestamp>
			</report>
			<report>
				<misses>5524001</misses>
				<total>2</total>
				<timestamp>2041.836339</timestamp>
			</report>
			<report>
				<misses>5525001</misses>
				<total>2</total>
				<timestamp>2042.205968</timestamp>
			</report>
			<report>
				<misses>5526001</misses>
				<total>2</total>
				<timestamp>2042.575584</timestamp>
			</report>
			<report>
				<misses>5527001</misses>
				<total>1</total>
				<timestamp>2042.945330</timestamp>
			</report>
			<report>
				<misses>5528001</misses>
				<total>2</total>
				<timestamp>2043.314795</timestamp>
			</report>
			<report>
				<misses>5529001</misses>
				<total>2</total>
				<timestamp>2043.684542</timestamp>
			</report>
			<report>
				<misses>5530001</misses>
				<total>2</total>
				<timestamp>2044.054137</timestamp>
			</report>
			<report>
				<misses>5531001</misses>
				<total>2</total>
				<timestamp>2044.423686</timestamp>
			</report>
			<report>
				<misses>5532001</misses>
				<total>2</total>
				<timestamp>2044.793365</timestamp>
			</report>
			<report>
				<misses>5533001</misses>
				<total>2</total>
				<timestamp>2045.163004</timestamp>
			</report>
			<report>
				<misses>5534001</misses>
				<total>2</total>
				<timestamp>2045.532630</timestamp>
			</report>
			<report>
				<misses>5535001</misses>
				<total>2</total>
				<timestamp>2045.902213</timestamp>
			</report>
			<report>
				<misses>5536001</misses>
				<total>2</total>
				<timestamp>2046.271860</timestamp>
			</report>
			<report>
				<misses>5537001</misses>
				<total>2</total>
				<timestamp>2046.641530</timestamp>
			</report>
			<report>
				<misses>5538001</misses>
				<total>2</total>
				<timestamp>2047.011177</timestamp>
			</report>
			<report>
				<misses>5539001</misses>
				<total>2</total>
				<timestamp>2047.380736</timestamp>
			</report>
			<report>
				<misses>5540001</misses>
				<total>2</total>
				<timestamp>2047.750449</timestamp>
			</report>
			<report>
				<misses>5541001</misses>
				<total>2</total>
				<timestamp>2048.120018</timestamp>
			</report>
			<report>
				<misses>5542001</misses>
				<total>2</total>
				<timestamp>2048.489615</timestamp>
			</report>
			<report>
				<misses>5543001</misses>
				<total>2</total>
				<timestamp>2048.859250</timestamp>
			</report>
			<report>
				<misses>5544001</misses>
				<total>2</total>
				<timestamp>2049.228898</timestamp>
			</report>
			<report>
				<misses>5545001</misses>
				<total>2</total>
				<timestamp>2049.598548</timestamp>
			</report>
			<report>
				<misses>5546001</misses>
				<total>2</total>
				<timestamp>2049.968138</timestamp>
			</report>
			<report>
				<misses>5547001</misses>
				<total>2</total>
				<timestamp>2050.337837</timestamp>
			</report>
			<report>
				<misses>5548001</misses>
				<total>1</total>
				<timestamp>2050.707517</timestamp>
			</report>
			<report>
				<misses>5549001</misses>
				<total>2</total>
				<timestamp>2051.077080</timestamp>
			</report>
			<report>
				<misses>5550001</misses>
				<total>2</total>
				<timestamp>2051.446712</timestamp>
			</report>
			<report>
				<misses>5551001</misses>
				<total>2</total>
				<timestamp>2051.816360</timestamp>
			</report>
			<report>
				<misses>5552001</misses>
				<total>2</total>
				<timestamp>2052.185987</timestamp>
			</report>
			<report>
				<misses>5553001</misses>
				<total>2</total>
				<timestamp>2052.555577</timestamp>
			</report>
			<report>
				<misses>5554001</misses>
				<total>2</total>
				<timestamp>2052.925199</timestamp>
			</report>
			<report>
				<misses>5555001</misses>
				<total>2</total>
				<timestamp>2053.294826</timestamp>
			</report>
			<report>
				<misses>5556001</misses>
				<total>2</total>
				<timestamp>2053.664480</timestamp>
			</report>
			<report>
				<misses>5557001</misses>
				<total>2</total>
				<timestamp>2054.034134</timestamp>
			</report>
			<report>
				<misses>5558001</misses>
				<total>2</total>
				<timestamp>2054.403750</timestamp>
			</report>
			<report>
				<misses>5559001</misses>
				<total>2</total>
				<timestamp>2054.773372</timestamp>
			</report>
			<report>
				<misses>5560001</misses>
				<total>2</total>
				<timestamp>2055.143092</timestamp>
			</report>
			<report>
				<misses>5561001</misses>
				<total>1</total>
				<timestamp>2055.512712</timestamp>
			</report>
			<report>
				<misses>5562001</misses>
				<total>2</total>
				<timestamp>2055.882332</timestamp>
			</report>
			<report>
				<misses>5563001</misses>
				<total>2</total>
				<timestamp>2056.251857</timestamp>
			</report>
			<report>
				<misses>5564001</misses>
				<total>2</total>
				<timestamp>2056.621563</timestamp>
			</report>
			<report>
				<misses>5565001</misses>
				<total>2</total>
				<timestamp>2056.991155</timestamp>
			</report>
			<report>
				<misses>5566001</misses>
				<total>2</total>
				<timestamp>2057.360761</timestamp>
			</report>
			<report>
				<misses>5567001</misses>
				<total>2</total>
				<timestamp>2057.730383</timestamp>
			</report>
			<report>
				<misses>5568001</misses>
				<total>2</total>
				<timestamp>2058.100043</timestamp>
			</report>
			<report>
				<misses>5569001</misses>
				<total>1</total>
				<timestamp>2058.469766</timestamp>
			</report>
			<report>
				<misses>5570001</misses>
				<total>2</total>
				<timestamp>2058.839327</timestamp>
			</report>
			<report>
				<misses>5571001</misses>
				<total>2</total>
				<timestamp>2059.208927</timestamp>
			</report>
			<report>
				<misses>5572001</misses>
				<total>2</total>
				<timestamp>2059.578523</timestamp>
			</report>
			<report>
				<misses>5573001</misses>
				<total>2</total>
				<timestamp>2059.948209</timestamp>
			</report>
			<report>
				<misses>5574001</misses>
				<total>2</total>
				<timestamp>2060.317807</timestamp>
			</report>
			<report>
				<misses>5575001</misses>
				<total>2</total>
				<timestamp>2060.687461</timestamp>
			</report>
			<report>
				<misses>5576001</misses>
				<total>2</total>
				<timestamp>2061.057087</timestamp>
			</report>
			<report>
				<misses>5577001</misses>
				<total>2</total>
				<timestamp>2061.426695</timestamp>
			</report>
			<report>
				<misses>5578001</misses>
				<total>2</total>
				<timestamp>2061.796306</timestamp>
			</report>
			<report>
				<misses>5579001</misses>
				<total>2</total>
				<timestamp>2062.165993</timestamp>
			</report>
			<report>
				<misses>5580001</misses>
				<total>2</total>
				<timestamp>2062.535573</timestamp>
			</report>
			<report>
				<misses>5581001</misses>
				<total>2</total>
				<timestamp>2062.905295</timestamp>
			</report>
			<report>
				<misses>5582001</misses>
				<total>2</total>
				<timestamp>2063.274898</timestamp>
			</report>
			<report>
				<misses>5583001</misses>
				<total>2</total>
				<timestamp>2063.644514</timestamp>
			</report>
			<report>
				<misses>5584001</misses>
				<total>2</total>
				<timestamp>2064.014158</timestamp>
			</report>
			<report>
				<misses>5585001</misses>
				<total>1</total>
				<timestamp>2064.383835</timestamp>
			</report>
			<report>
				<misses>5586001</misses>
				<total>2</total>
				<timestamp>2064.753405</timestamp>
			</report>
			<report>
				<misses>5587001</misses>
				<total>2</total>
				<timestamp>2065.122973</timestamp>
			</report>
			<report>
				<misses>5588001</misses>
				<total>2</total>
				<timestamp>2065.492649</timestamp>
			</report>
			<report>
				<misses>5589001</misses>
				<total>2</total>
				<timestamp>2065.862303</timestamp>
			</report>
			<report>
				<misses>5590001</misses>
				<total>2</total>
				<timestamp>2066.231901</timestamp>
			</report>
			<report>
				<misses>5591001</misses>
				<total>2</total>
				<timestamp>2066.601497</timestamp>
			</report>
			<report>
				<misses>5592001</misses>
				<total>2</total>
				<timestamp>2066.971221</timestamp>
			</report>
			<report>
				<misses>5593001</misses>
				<total>2</total>
				<timestamp>2067.340803</timestamp>
			</report>
			<report>
				<misses>5594001</misses>
				<total>2</total>
				<timestamp>2067.710404</timestamp>
			</report>
			<report>
				<misses>5595001</misses>
				<total>2</total>
				<timestamp>2068.080044</timestamp>
			</report>
			<report>
				<misses>5596001</misses>
				<total>2</total>
				<timestamp>2068.449716</timestamp>
			</report>
			<report>
				<misses>5597001</misses>
				<total>2</total>
				<timestamp>2068.819309</timestamp>
			</report>
			<report>
				<misses>5598001</misses>
				<total>2</total>
				<timestamp>2069.188944</timestamp>
			</report>
			<report>
				<misses>5599001</misses>
				<total>1</total>
				<timestamp>2069.558637</timestamp>
			</report>
			<report>
				<misses>5600001</misses>
				<total>2</total>
				<timestamp>2069.928207</timestamp>
			</report>
			<report>
				<misses>5601001</misses>
				<total>2</total>
				<timestamp>2070.297813</timestamp>
			</report>
			<report>
				<misses>5602001</misses>
				<total>1</total>
				<timestamp>2070.667541</timestamp>
			</report>
			<report>
				<misses>5603001</misses>
				<total>2</total>
				<timestamp>2071.037125</timestamp>
			</report>
			<report>
				<misses>5604001</misses>
				<total>2</total>
				<timestamp>2071.406686</timestamp>
			</report>
			<report>
				<misses>5605001</misses>
				<total>2</total>
				<timestamp>2071.776340</timestamp>
			</report>
			<report>
				<misses>5606001</misses>
				<total>2</total>
				<timestamp>2072.145952</timestamp>
			</report>
			<report>
				<misses>5607001</misses>
				<total>2</total>
				<timestamp>2072.515575</timestamp>
			</report>
			<report>
				<misses>5608001</misses>
				<total>2</total>
				<timestamp>2072.885271</timestamp>
			</report>
			<report>
				<misses>5609001</misses>
				<total>2</total>
				<timestamp>2073.254843</timestamp>
			</report>
			<report>
				<misses>5610001</misses>
				<total>2</total>
				<timestamp>2073.624497</timestamp>
			</report>
			<report>
				<misses>5611001</misses>
				<total>2</total>
				<timestamp>2073.994120</timestamp>
			</report>
			<report>
				<misses>5612001</misses>
				<total>2</total>
				<timestamp>2074.363763</timestamp>
			</report>
			<report>
				<misses>5613001</misses>
				<total>2</total>
				<timestamp>2074.733368</timestamp>
			</report>
			<report>
				<misses>5614001</misses>
				<total>2</total>
				<timestamp>2075.102989</timestamp>
			</report>
			<report>
				<misses>5615001</misses>
				<total>2</total>
				<timestamp>2075.472614</timestamp>
			</report>
			<report>
				<misses>5616001</misses>
				<total>2</total>
				<timestamp>2075.842335</timestamp>
			</report>
			<report>
				<misses>5617001</misses>
				<total>2</total>
				<timestamp>2076.211922</timestamp>
			</report>
			<report>
				<misses>5618001</misses>
				<total>2</total>
				<timestamp>2076.581510</timestamp>
			</report>
			<report>
				<misses>5619001</misses>
				<total>2</total>
				<timestamp>2076.951222</timestamp>
			</report>
			<report>
				<misses>5620001</misses>
				<total>2</total>
				<timestamp>2077.320781</timestamp>
			</report>
			<report>
				<misses>5621001</misses>
				<total>2</total>
				<timestamp>2077.690425</timestamp>
			</report>
			<report>
				<misses>5622001</misses>
				<total>2</total>
				<timestamp>2078.060045</timestamp>
			</report>
			<report>
				<misses>5623001</misses>
				<total>2</total>
				<timestamp>2078.429680</timestamp>
			</report>
			<report>
				<misses>5624001</misses>
				<total>2</total>
				<timestamp>2078.799365</timestamp>
			</report>
			<report>
				<misses>5625001</misses>
				<total>2</total>
				<timestamp>2079.168921</timestamp>
			</report>
			<report>
				<misses>5626001</misses>
				<total>2</total>
				<timestamp>2079.538604</timestamp>
			</report>
			<report>
				<misses>5627001</misses>
				<total>2</total>
				<timestamp>2079.908203</timestamp>
			</report>
			<report>
				<misses>5628001</misses>
				<total>2</total>
				<timestamp>2080.277803</timestamp>
			</report>
			<report>
				<misses>5629001</misses>
				<total>2</total>
				<timestamp>2080.647438</timestamp>
			</report>
			<report>
				<misses>5630001</misses>
				<total>2</total>
				<timestamp>2081.017083</timestamp>
			</report>
			<report>
				<misses>5631001</misses>
				<total>2</total>
				<timestamp>2081.386702</timestamp>
			</report>
			<report>
				<misses>5632001</misses>
				<total>1</total>
				<timestamp>2081.756435</timestamp>
			</report>
			<report>
				<misses>5633001</misses>
				<total>2</total>
				<timestamp>2082.126012</timestamp>
			</report>
			<report>
				<misses>5634001</misses>
				<total>2</total>
				<timestamp>2082.495611</timestamp>
			</report>
			<report>
				<misses>5635001</misses>
				<total>2</total>
				<timestamp>2082.865272</timestamp>
			</report>
			<report>
				<misses>5636001</misses>
				<total>2</total>
				<timestamp>2083.234904</timestamp>
			</report>
			<report>
				<misses>5637001</misses>
				<total>2</total>
				<timestamp>2083.604572</timestamp>
			</report>
			<report>
				<misses>5638001</misses>
				<total>2</total>
				<timestamp>2083.974145</timestamp>
			</report>
			<report>
				<misses>5639001</misses>
				<total>2</total>
				<timestamp>2084.343791</timestamp>
			</report>
			<report>
				<misses>5640001</misses>
				<total>2</total>
				<timestamp>2084.713438</timestamp>
			</report>
			<report>
				<misses>5641001</misses>
				<total>2</total>
				<timestamp>2085.083045</timestamp>
			</report>
			<report>
				<misses>5642001</misses>
				<total>1</total>
				<timestamp>2085.452767</timestamp>
			</report>
			<report>
				<misses>5643001</misses>
				<total>2</total>
				<timestamp>2085.822263</timestamp>
			</report>
			<report>
				<misses>5644001</misses>
				<total>2</total>
				<timestamp>2086.191940</timestamp>
			</report>
			<report>
				<misses>5645001</misses>
				<total>1</total>
				<timestamp>2086.561602</timestamp>
			</report>
			<report>
				<misses>5646001</misses>
				<total>2</total>
				<timestamp>2086.931178</timestamp>
			</report>
			<report>
				<misses>5647001</misses>
				<total>2</total>
				<timestamp>2087.300845</timestamp>
			</report>
			<report>
				<misses>5648001</misses>
				<total>2</total>
				<timestamp>2087.670396</timestamp>
			</report>
			<report>
				<misses>5649001</misses>
				<total>2</total>
				<timestamp>2088.040059</timestamp>
			</report>
			<report>
				<misses>5650001</misses>
				<total>2</total>
				<timestamp>2088.409729</timestamp>
			</report>
			<report>
				<misses>5651001</misses>
				<total>2</total>
				<timestamp>2088.779294</timestamp>
			</report>
			<report>
				<misses>5652001</misses>
				<total>2</total>
				<timestamp>2089.148931</timestamp>
			</report>
			<report>
				<misses>5653001</misses>
				<total>2</total>
				<timestamp>2089.518544</timestamp>
			</report>
			<report>
				<misses>5654001</misses>
				<total>2</total>
				<timestamp>2089.888207</timestamp>
			</report>
			<report>
				<misses>5655001</misses>
				<total>2</total>
				<timestamp>2090.257830</timestamp>
			</report>
			<report>
				<misses>5656001</misses>
				<total>2</total>
				<timestamp>2090.627494</timestamp>
			</report>
			<report>
				<misses>5657001</misses>
				<total>2</total>
				<timestamp>2090.997122</timestamp>
			</report>
			<report>
				<misses>5658001</misses>
				<total>2</total>
				<timestamp>2091.366749</timestamp>
			</report>
			<report>
				<misses>5659001</misses>
				<total>2</total>
				<timestamp>2091.736341</timestamp>
			</report>
			<report>
				<misses>5660001</misses>
				<total>2</total>
				<timestamp>2092.105979</timestamp>
			</report>
			<report>
				<misses>5661001</misses>
				<total>2</total>
				<timestamp>2092.475613</timestamp>
			</report>
			<report>
				<misses>5662001</misses>
				<total>2</total>
				<timestamp>2092.845253</timestamp>
			</report>
			<report>
				<misses>5663001</misses>
				<total>2</total>
				<timestamp>2093.214862</timestamp>
			</report>
			<report>
				<misses>5664001</misses>
				<total>2</total>
				<timestamp>2093.584540</timestamp>
			</report>
			<report>
				<misses>5665001</misses>
				<total>2</total>
				<timestamp>2093.954127</timestamp>
			</report>
			<report>
				<misses>5666001</misses>
				<total>2</total>
				<timestamp>2094.323768</timestamp>
			</report>
			<report>
				<misses>5667001</misses>
				<total>2</total>
				<timestamp>2094.693416</timestamp>
			</report>
			<report>
				<misses>5668001</misses>
				<total>2</total>
				<timestamp>2095.063095</timestamp>
			</report>
			<report>
				<misses>5669001</misses>
				<total>2</total>
				<timestamp>2095.432647</timestamp>
			</report>
			<report>
				<misses>5670001</misses>
				<total>2</total>
				<timestamp>2095.802314</timestamp>
			</report>
			<report>
				<misses>5671001</misses>
				<total>2</total>
				<timestamp>2096.171947</timestamp>
			</report>
			<report>
				<misses>5672001</misses>
				<total>2</total>
				<timestamp>2096.541512</timestamp>
			</report>
			<report>
				<misses>5673001</misses>
				<total>2</total>
				<timestamp>2096.911264</timestamp>
			</report>
			<report>
				<misses>5674001</misses>
				<total>2</total>
				<timestamp>2097.280828</timestamp>
			</report>
			<report>
				<misses>5675001</misses>
				<total>2</total>
				<timestamp>2097.650405</timestamp>
			</report>
			<report>
				<misses>5676001</misses>
				<total>2</total>
				<timestamp>2098.020118</timestamp>
			</report>
			<report>
				<misses>5677001</misses>
				<total>2</total>
				<timestamp>2098.389740</timestamp>
			</report>
			<report>
				<misses>5678001</misses>
				<total>2</total>
				<timestamp>2098.759301</timestamp>
			</report>
			<report>
				<misses>5679001</misses>
				<total>2</total>
				<timestamp>2099.128941</timestamp>
			</report>
			<report>
				<misses>5680001</misses>
				<total>2</total>
				<timestamp>2099.498605</timestamp>
			</report>
			<report>
				<misses>5681001</misses>
				<total>2</total>
				<timestamp>2099.868257</timestamp>
			</report>
			<report>
				<misses>5682001</misses>
				<total>2</total>
				<timestamp>2100.237834</timestamp>
			</report>
			<report>
				<misses>5683001</misses>
				<total>2</total>
				<timestamp>2100.607441</timestamp>
			</report>
			<report>
				<misses>5684001</misses>
				<total>2</total>
				<timestamp>2100.977083</timestamp>
			</report>
			<report>
				<misses>5685001</misses>
				<total>2</total>
				<timestamp>2101.346730</timestamp>
			</report>
			<report>
				<misses>5686001</misses>
				<total>1</total>
				<timestamp>2101.716452</timestamp>
			</report>
			<report>
				<misses>5687001</misses>
				<total>2</total>
				<timestamp>2102.086009</timestamp>
			</report>
			<report>
				<misses>5688001</misses>
				<total>2</total>
				<timestamp>2102.455646</timestamp>
			</report>
			<report>
				<misses>5689001</misses>
				<total>2</total>
				<timestamp>2102.825290</timestamp>
			</report>
			<report>
				<misses>5690001</misses>
				<total>2</total>
				<timestamp>2103.194866</timestamp>
			</report>
			<report>
				<misses>5691001</misses>
				<total>2</total>
				<timestamp>2103.564510</timestamp>
			</report>
			<report>
				<misses>5692001</misses>
				<total>2</total>
				<timestamp>2103.934120</timestamp>
			</report>
			<report>
				<misses>5693001</misses>
				<total>2</total>
				<timestamp>2104.303782</timestamp>
			</report>
			<report>
				<misses>5694001</misses>
				<total>2</total>
				<timestamp>2104.673424</timestamp>
			</report>
			<report>
				<misses>5695001</misses>
				<total>2</total>
				<timestamp>2105.043050</timestamp>
			</report>
			<report>
				<misses>5696001</misses>
				<total>2</total>
				<timestamp>2105.412649</timestamp>
			</report>
			<report>
				<misses>5697001</misses>
				<total>2</total>
				<timestamp>2105.782292</timestamp>
			</report>
			<report>
				<misses>5698001</misses>
				<total>1</total>
				<timestamp>2106.152043</timestamp>
			</report>
			<report>
				<misses>5699001</misses>
				<total>2</total>
				<timestamp>2106.521596</timestamp>
			</report>
			<report>
				<misses>5700001</misses>
				<total>2</total>
				<timestamp>2106.891188</timestamp>
			</report>
			<report>
				<misses>5701001</misses>
				<total>2</total>
				<timestamp>2107.260842</timestamp>
			</report>
			<report>
				<misses>5702001</misses>
				<total>2</total>
				<timestamp>2107.630422</timestamp>
			</report>
			<report>
				<misses>5703001</misses>
				<total>2</total>
				<timestamp>2108.000119</timestamp>
			</report>
			<report>
				<misses>5704001</misses>
				<total>2</total>
				<timestamp>2108.369718</timestamp>
			</report>
			<report>
				<misses>5705001</misses>
				<total>2</total>
				<timestamp>2108.739362</timestamp>
			</report>
			<report>
				<misses>5706001</misses>
				<total>2</total>
				<timestamp>2109.109047</timestamp>
			</report>
			<report>
				<misses>5707001</misses>
				<total>2</total>
				<timestamp>2109.478575</timestamp>
			</report>
			<report>
				<misses>5708001</misses>
				<total>2</total>
				<timestamp>2109.848228</timestamp>
			</report>
			<report>
				<misses>5709001</misses>
				<total>2</total>
				<timestamp>2110.217911</timestamp>
			</report>
			<report>
				<misses>5710001</misses>
				<total>2</total>
				<timestamp>2110.587496</timestamp>
			</report>
			<report>
				<misses>5711001</misses>
				<total>2</total>
				<timestamp>2110.957145</timestamp>
			</report>
			<report>
				<misses>5712001</misses>
				<total>2</total>
				<timestamp>2111.326725</timestamp>
			</report>
			<report>
				<misses>5713001</misses>
				<total>2</total>
				<timestamp>2111.696443</timestamp>
			</report>
			<report>
				<misses>5714001</misses>
				<total>2</total>
				<timestamp>2112.066060</timestamp>
			</report>
			<report>
				<misses>5715001</misses>
				<total>2</total>
				<timestamp>2112.435663</timestamp>
			</report>
			<report>
				<misses>5716001</misses>
				<total>2</total>
				<timestamp>2112.805316</timestamp>
			</report>
			<report>
				<misses>5717001</misses>
				<total>2</total>
				<timestamp>2113.174891</timestamp>
			</report>
			<report>
				<misses>5718001</misses>
				<total>2</total>
				<timestamp>2113.544577</timestamp>
			</report>
			<report>
				<misses>5719001</misses>
				<total>2</total>
				<timestamp>2113.914235</timestamp>
			</report>
			<report>
				<misses>5720001</misses>
				<total>2</total>
				<timestamp>2114.283804</timestamp>
			</report>
			<report>
				<misses>5721001</misses>
				<total>2</total>
				<timestamp>2114.653456</timestamp>
			</report>
			<report>
				<misses>5722001</misses>
				<total>2</total>
				<timestamp>2115.023058</timestamp>
			</report>
			<report>
				<misses>5723001</misses>
				<total>2</total>
				<timestamp>2115.392656</timestamp>
			</report>
			<report>
				<misses>5724001</misses>
				<total>2</total>
				<timestamp>2115.762297</timestamp>
			</report>
			<report>
				<misses>5725001</misses>
				<total>2</total>
				<timestamp>2116.131962</timestamp>
			</report>
			<report>
				<misses>5726001</misses>
				<total>2</total>
				<timestamp>2116.501633</timestamp>
			</report>
			<report>
				<misses>5727001</misses>
				<total>2</total>
				<timestamp>2116.871188</timestamp>
			</report>
			<report>
				<misses>5728001</misses>
				<total>2</total>
				<timestamp>2117.240808</timestamp>
			</report>
			<report>
				<misses>5729001</misses>
				<total>2</total>
				<timestamp>2117.610447</timestamp>
			</report>
			<report>
				<misses>5730001</misses>
				<total>2</total>
				<timestamp>2117.980123</timestamp>
			</report>
			<report>
				<misses>5731001</misses>
				<total>2</total>
				<timestamp>2118.349717</timestamp>
			</report>
			<report>
				<misses>5732001</misses>
				<total>1</total>
				<timestamp>2118.719433</timestamp>
			</report>
			<report>
				<misses>5733001</misses>
				<total>2</total>
				<timestamp>2119.088978</timestamp>
			</report>
			<report>
				<misses>5734001</misses>
				<total>2</total>
				<timestamp>2119.458577</timestamp>
			</report>
			<report>
				<misses>5735001</misses>
				<total>2</total>
				<timestamp>2119.828248</timestamp>
			</report>
			<report>
				<misses>5736001</misses>
				<total>2</total>
				<timestamp>2120.197938</timestamp>
			</report>
			<report>
				<misses>5737001</misses>
				<total>2</total>
				<timestamp>2120.567518</timestamp>
			</report>
			<report>
				<misses>5738001</misses>
				<total>2</total>
				<timestamp>2120.937164</timestamp>
			</report>
			<report>
				<misses>5739001</misses>
				<total>2</total>
				<timestamp>2121.306780</timestamp>
			</report>
			<report>
				<misses>5740001</misses>
				<total>2</total>
				<timestamp>2121.676410</timestamp>
			</report>
			<report>
				<misses>5741001</misses>
				<total>1</total>
				<timestamp>2122.046117</timestamp>
			</report>
			<report>
				<misses>5742001</misses>
				<total>2</total>
				<timestamp>2122.415625</timestamp>
			</report>
			<report>
				<misses>5743001</misses>
				<total>2</total>
				<timestamp>2122.785347</timestamp>
			</report>
			<report>
				<misses>5744001</misses>
				<total>2</total>
				<timestamp>2123.154923</timestamp>
			</report>
			<report>
				<misses>5745001</misses>
				<total>2</total>
				<timestamp>2123.524548</timestamp>
			</report>
			<report>
				<misses>5746001</misses>
				<total>2</total>
				<timestamp>2123.894202</timestamp>
			</report>
			<report>
				<misses>5747001</misses>
				<total>2</total>
				<timestamp>2124.263836</timestamp>
			</report>
			<report>
				<misses>5748001</misses>
				<total>2</total>
				<timestamp>2124.633455</timestamp>
			</report>
			<report>
				<misses>5749001</misses>
				<total>2</total>
				<timestamp>2125.003081</timestamp>
			</report>
			<report>
				<misses>5750001</misses>
				<total>2</total>
				<timestamp>2125.372744</timestamp>
			</report>
			<report>
				<misses>5751001</misses>
				<total>2</total>
				<timestamp>2125.742292</timestamp>
			</report>
			<report>
				<misses>5752001</misses>
				<total>2</total>
				<timestamp>2126.111922</timestamp>
			</report>
			<report>
				<misses>5753001</misses>
				<total>2</total>
				<timestamp>2126.481548</timestamp>
			</report>
			<report>
				<misses>5754001</misses>
				<total>2</total>
				<timestamp>2126.851176</timestamp>
			</report>
			<report>
				<misses>5755001</misses>
				<total>2</total>
				<timestamp>2127.220896</timestamp>
			</report>
			<report>
				<misses>5756001</misses>
				<total>2</total>
				<timestamp>2127.590514</timestamp>
			</report>
			<report>
				<misses>5757001</misses>
				<total>2</total>
				<timestamp>2127.960085</timestamp>
			</report>
			<report>
				<misses>5758001</misses>
				<total>2</total>
				<timestamp>2128.329743</timestamp>
			</report>
			<report>
				<misses>5759001</misses>
				<total>2</total>
				<timestamp>2128.699353</timestamp>
			</report>
			<report>
				<misses>5760001</misses>
				<total>2</total>
				<timestamp>2129.068998</timestamp>
			</report>
			<report>
				<misses>5761001</misses>
				<total>1</total>
				<timestamp>2129.438703</timestamp>
			</report>
			<report>
				<misses>5762001</misses>
				<total>2</total>
				<timestamp>2129.808233</timestamp>
			</report>
			<report>
				<misses>5763001</misses>
				<total>2</total>
				<timestamp>2130.177860</timestamp>
			</report>
			<report>
				<misses>5764001</misses>
				<total>2</total>
				<timestamp>2130.547550</timestamp>
			</report>
			<report>
				<misses>5765001</misses>
				<total>2</total>
				<timestamp>2130.917128</timestamp>
			</report>
			<report>
				<misses>5766001</misses>
				<total>2</total>
				<timestamp>2131.286824</timestamp>
			</report>
			<report>
				<misses>5767001</misses>
				<total>2</total>
				<timestamp>2131.656382</timestamp>
			</report>
			<report>
				<misses>5768001</misses>
				<total>2</total>
				<timestamp>2132.026026</timestamp>
			</report>
			<report>
				<misses>5769001</misses>
				<total>2</total>
				<timestamp>2132.395691</timestamp>
			</report>
			<report>
				<misses>5770001</misses>
				<total>2</total>
				<timestamp>2132.765282</timestamp>
			</report>
			<report>
				<misses>5771001</misses>
				<total>2</total>
				<timestamp>2133.134917</timestamp>
			</report>
			<report>
				<misses>5772001</misses>
				<total>1</total>
				<timestamp>2133.504642</timestamp>
			</report>
			<report>
				<misses>5773001</misses>
				<total>2</total>
				<timestamp>2133.874199</timestamp>
			</report>
			<report>
				<misses>5774001</misses>
				<total>2</total>
				<timestamp>2134.243850</timestamp>
			</report>
			<report>
				<misses>5775001</misses>
				<total>2</total>
				<timestamp>2134.613407</timestamp>
			</report>
			<report>
				<misses>5776001</misses>
				<total>2</total>
				<timestamp>2134.983086</timestamp>
			</report>
			<report>
				<misses>5777001</misses>
				<total>2</total>
				<timestamp>2135.352737</timestamp>
			</report>
			<report>
				<misses>5778001</misses>
				<total>2</total>
				<timestamp>2135.722314</timestamp>
			</report>
			<report>
				<misses>5779001</misses>
				<total>2</total>
				<timestamp>2136.091932</timestamp>
			</report>
			<report>
				<misses>5780001</misses>
				<total>2</total>
				<timestamp>2136.461575</timestamp>
			</report>
			<report>
				<misses>5781001</misses>
				<total>2</total>
				<timestamp>2136.831255</timestamp>
			</report>
			<report>
				<misses>5782001</misses>
				<total>2</total>
				<timestamp>2137.200910</timestamp>
			</report>
			<report>
				<misses>5783001</misses>
				<total>2</total>
				<timestamp>2137.570499</timestamp>
			</report>
			<report>
				<misses>5784001</misses>
				<total>2</total>
				<timestamp>2137.940100</timestamp>
			</report>
			<report>
				<misses>5785001</misses>
				<total>2</total>
				<timestamp>2138.309816</timestamp>
			</report>
			<report>
				<misses>5786001</misses>
				<total>2</total>
				<timestamp>2138.679414</timestamp>
			</report>
			<report>
				<misses>5787001</misses>
				<total>1</total>
				<timestamp>2139.049079</timestamp>
			</report>
			<report>
				<misses>5788001</misses>
				<total>2</total>
				<timestamp>2139.418600</timestamp>
			</report>
			<report>
				<misses>5789001</misses>
				<total>2</total>
				<timestamp>2139.788285</timestamp>
			</report>
			<report>
				<misses>5790001</misses>
				<total>2</total>
				<timestamp>2140.157950</timestamp>
			</report>
			<report>
				<misses>5791001</misses>
				<total>2</total>
				<timestamp>2140.527493</timestamp>
			</report>
			<report>
				<misses>5792001</misses>
				<total>1</total>
				<timestamp>2140.897215</timestamp>
			</report>
			<report>
				<misses>5793001</misses>
				<total>2</total>
				<timestamp>2141.266794</timestamp>
			</report>
			<report>
				<misses>5794001</misses>
				<total>2</total>
				<timestamp>2141.636401</timestamp>
			</report>
			<report>
				<misses>5795001</misses>
				<total>2</total>
				<timestamp>2142.006050</timestamp>
			</report>
			<report>
				<misses>5796001</misses>
				<total>1</total>
				<timestamp>2142.375746</timestamp>
			</report>
			<report>
				<misses>5797001</misses>
				<total>2</total>
				<timestamp>2142.745302</timestamp>
			</report>
			<report>
				<misses>5798001</misses>
				<total>2</total>
				<timestamp>2143.114937</timestamp>
			</report>
			<report>
				<misses>5799001</misses>
				<total>2</total>
				<timestamp>2143.484537</timestamp>
			</report>
			<report>
				<misses>5800001</misses>
				<total>2</total>
				<timestamp>2143.854164</timestamp>
			</report>
			<report>
				<misses>5801001</misses>
				<total>2</total>
				<timestamp>2144.223823</timestamp>
			</report>
			<report>
				<misses>5802001</misses>
				<total>2</total>
				<timestamp>2144.593473</timestamp>
			</report>
			<report>
				<misses>5803001</misses>
				<total>2</total>
				<timestamp>2144.963103</timestamp>
			</report>
			<report>
				<misses>5804001</misses>
				<total>2</total>
				<timestamp>2145.332702</timestamp>
			</report>
			<report>
				<misses>5805001</misses>
				<total>2</total>
				<timestamp>2145.702369</timestamp>
			</report>
			<report>
				<misses>5806001</misses>
				<total>2</total>
				<timestamp>2146.071944</timestamp>
			</report>
			<report>
				<misses>5807001</misses>
				<total>2</total>
				<timestamp>2146.441632</timestamp>
			</report>
			<report>
				<misses>5808001</misses>
				<total>2</total>
				<timestamp>2146.811297</timestamp>
			</report>
			<report>
				<misses>5809001</misses>
				<total>2</total>
				<timestamp>2147.180868</timestamp>
			</report>
			<report>
				<misses>5810001</misses>
				<total>2</total>
				<timestamp>2147.550472</timestamp>
			</report>
			<report>
				<misses>5811001</misses>
				<total>2</total>
				<timestamp>2147.920135</timestamp>
			</report>
			<report>
				<misses>5812001</misses>
				<total>2</total>
				<timestamp>2148.289795</timestamp>
			</report>
			<report>
				<misses>5813001</misses>
				<total>2</total>
				<timestamp>2148.659382</timestamp>
			</report>
			<report>
				<misses>5814001</misses>
				<total>2</total>
				<timestamp>2149.029026</timestamp>
			</report>
			<report>
				<misses>5815001</misses>
				<total>2</total>
				<timestamp>2149.398626</timestamp>
			</report>
			<report>
				<misses>5816001</misses>
				<total>2</total>
				<timestamp>2149.768281</timestamp>
			</report>
			<report>
				<misses>5817001</misses>
				<total>2</total>
				<timestamp>2150.137895</timestamp>
			</report>
			<report>
				<misses>5818001</misses>
				<total>2</total>
				<timestamp>2150.507562</timestamp>
			</report>
			<report>
				<misses>5819001</misses>
				<total>2</total>
				<timestamp>2150.877163</timestamp>
			</report>
			<report>
				<misses>5820001</misses>
				<total>2</total>
				<timestamp>2151.246894</timestamp>
			</report>
			<report>
				<misses>5821001</misses>
				<total>2</total>
				<timestamp>2151.616441</timestamp>
			</report>
			<report>
				<misses>5822001</misses>
				<total>2</total>
				<timestamp>2151.986066</timestamp>
			</report>
			<report>
				<misses>5823001</misses>
				<total>2</total>
				<timestamp>2152.355777</timestamp>
			</report>
			<report>
				<misses>5824001</misses>
				<total>2</total>
				<timestamp>2152.725341</timestamp>
			</report>
			<report>
				<misses>5825001</misses>
				<total>2</total>
				<timestamp>2153.094927</timestamp>
			</report>
			<report>
				<misses>5826001</misses>
				<total>1</total>
				<timestamp>2153.464682</timestamp>
			</report>
			<report>
				<misses>5827001</misses>
				<total>2</total>
				<timestamp>2153.834171</timestamp>
			</report>
			<report>
				<misses>5828001</misses>
				<total>2</total>
				<timestamp>2154.203826</timestamp>
			</report>
			<report>
				<misses>5829001</misses>
				<total>2</total>
				<timestamp>2154.573492</timestamp>
			</report>
			<report>
				<misses>5830001</misses>
				<total>2</total>
				<timestamp>2154.943073</timestamp>
			</report>
			<report>
				<misses>5831001</misses>
				<total>2</total>
				<timestamp>2155.312777</timestamp>
			</report>
			<report>
				<misses>5832001</misses>
				<total>2</total>
				<timestamp>2155.682379</timestamp>
			</report>
			<report>
				<misses>5833001</misses>
				<total>2</total>
				<timestamp>2156.051963</timestamp>
			</report>
			<report>
				<misses>5834001</misses>
				<total>2</total>
				<timestamp>2156.421575</timestamp>
			</report>
			<report>
				<misses>5835001</misses>
				<total>2</total>
				<timestamp>2156.791255</timestamp>
			</report>
			<report>
				<misses>5836001</misses>
				<total>2</total>
				<timestamp>2157.160873</timestamp>
			</report>
			<report>
				<misses>5837001</misses>
				<total>2</total>
				<timestamp>2157.530481</timestamp>
			</report>
			<report>
				<misses>5838001</misses>
				<total>1</total>
				<timestamp>2157.900197</timestamp>
			</report>
			<report>
				<misses>5839001</misses>
				<total>2</total>
				<timestamp>2158.269755</timestamp>
			</report>
			<report>
				<misses>5840001</misses>
				<total>2</total>
				<timestamp>2158.639400</timestamp>
			</report>
			<report>
				<misses>5841001</misses>
				<total>2</total>
				<timestamp>2159.009066</timestamp>
			</report>
			<report>
				<misses>5842001</misses>
				<total>2</total>
				<timestamp>2159.378665</timestamp>
			</report>
			<report>
				<misses>5843001</misses>
				<total>2</total>
				<timestamp>2159.748334</timestamp>
			</report>
			<report>
				<misses>5844001</misses>
				<total>2</total>
				<timestamp>2160.117973</timestamp>
			</report>
			<report>
				<misses>5845001</misses>
				<total>2</total>
				<timestamp>2160.487526</timestamp>
			</report>
			<report>
				<misses>5846001</misses>
				<total>2</total>
				<timestamp>2160.857156</timestamp>
			</report>
			<report>
				<misses>5847001</misses>
				<total>2</total>
				<timestamp>2161.226843</timestamp>
			</report>
			<report>
				<misses>5848001</misses>
				<total>2</total>
				<timestamp>2161.596402</timestamp>
			</report>
			<report>
				<misses>5849001</misses>
				<total>2</total>
				<timestamp>2161.966031</timestamp>
			</report>
			<report>
				<misses>5850001</misses>
				<total>2</total>
				<timestamp>2162.335696</timestamp>
			</report>
			<report>
				<misses>5851001</misses>
				<total>2</total>
				<timestamp>2162.705299</timestamp>
			</report>
			<report>
				<misses>5852001</misses>
				<total>2</total>
				<timestamp>2163.074957</timestamp>
			</report>
			<report>
				<misses>5853001</misses>
				<total>2</total>
				<timestamp>2163.444591</timestamp>
			</report>
			<report>
				<misses>5854001</misses>
				<total>2</total>
				<timestamp>2163.814192</timestamp>
			</report>
			<report>
				<misses>5855001</misses>
				<total>2</total>
				<timestamp>2164.183808</timestamp>
			</report>
			<report>
				<misses>5856001</misses>
				<total>2</total>
				<timestamp>2164.553470</timestamp>
			</report>
			<report>
				<misses>5857001</misses>
				<total>1</total>
				<timestamp>2164.923210</timestamp>
			</report>
			<report>
				<misses>5858001</misses>
				<total>2</total>
				<timestamp>2165.292729</timestamp>
			</report>
			<report>
				<misses>5859001</misses>
				<total>2</total>
				<timestamp>2165.662421</timestamp>
			</report>
			<report>
				<misses>5860001</misses>
				<total>2</total>
				<timestamp>2166.031977</timestamp>
			</report>
			<report>
				<misses>5861001</misses>
				<total>1</total>
				<timestamp>2166.401700</timestamp>
			</report>
			<report>
				<misses>5862001</misses>
				<total>2</total>
				<timestamp>2166.771259</timestamp>
			</report>
			<report>
				<misses>5863001</misses>
				<total>2</total>
				<timestamp>2167.140867</timestamp>
			</report>
			<report>
				<misses>5864001</misses>
				<total>2</total>
				<timestamp>2167.510557</timestamp>
			</report>
			<report>
				<misses>5865001</misses>
				<total>2</total>
				<timestamp>2167.880199</timestamp>
			</report>
			<report>
				<misses>5866001</misses>
				<total>2</total>
				<timestamp>2168.249791</timestamp>
			</report>
			<report>
				<misses>5867001</misses>
				<total>2</total>
				<timestamp>2168.619377</timestamp>
			</report>
			<report>
				<misses>5868001</misses>
				<total>2</total>
				<timestamp>2168.989095</timestamp>
			</report>
			<report>
				<misses>5869001</misses>
				<total>2</total>
				<timestamp>2169.358650</timestamp>
			</report>
			<report>
				<misses>5870001</misses>
				<total>2</total>
				<timestamp>2169.728278</timestamp>
			</report>
			<report>
				<misses>5871001</misses>
				<total>2</total>
				<timestamp>2170.097939</timestamp>
			</report>
			<report>
				<misses>5872001</misses>
				<total>1</total>
				<timestamp>2170.467644</timestamp>
			</report>
			<report>
				<misses>5873001</misses>
				<total>2</total>
				<timestamp>2170.837212</timestamp>
			</report>
			<report>
				<misses>5874001</misses>
				<total>2</total>
				<timestamp>2171.206795</timestamp>
			</report>
			<report>
				<misses>5875001</misses>
				<total>2</total>
				<timestamp>2171.576465</timestamp>
			</report>
			<report>
				<misses>5876001</misses>
				<total>2</total>
				<timestamp>2171.946130</timestamp>
			</report>
			<report>
				<misses>5877001</misses>
				<total>2</total>
				<timestamp>2172.315695</timestamp>
			</report>
			<report>
				<misses>5878001</misses>
				<total>2</total>
				<timestamp>2172.685383</timestamp>
			</report>
			<report>
				<misses>5879001</misses>
				<total>2</total>
				<timestamp>2173.054985</timestamp>
			</report>
			<report>
				<misses>5880001</misses>
				<total>2</total>
				<timestamp>2173.424600</timestamp>
			</report>
			<report>
				<misses>5881001</misses>
				<total>2</total>
				<timestamp>2173.794261</timestamp>
			</report>
			<report>
				<misses>5882001</misses>
				<total>2</total>
				<timestamp>2174.163886</timestamp>
			</report>
			<report>
				<misses>5883001</misses>
				<total>2</total>
				<timestamp>2174.533470</timestamp>
			</report>
			<report>
				<misses>5884001</misses>
				<total>2</total>
				<timestamp>2174.903133</timestamp>
			</report>
			<report>
				<misses>5885001</misses>
				<total>2</total>
				<timestamp>2175.272773</timestamp>
			</report>
			<report>
				<misses>5886001</misses>
				<total>2</total>
				<timestamp>2175.642403</timestamp>
			</report>
			<report>
				<misses>5887001</misses>
				<total>2</total>
				<timestamp>2176.012045</timestamp>
			</report>
			<report>
				<misses>5888001</misses>
				<total>2</total>
				<timestamp>2176.381663</timestamp>
			</report>
			<report>
				<misses>5889001</misses>
				<total>2</total>
				<timestamp>2176.751294</timestamp>
			</report>
			<report>
				<misses>5890001</misses>
				<total>1</total>
				<timestamp>2177.120975</timestamp>
			</report>
			<report>
				<misses>5891001</misses>
				<total>2</total>
				<timestamp>2177.490535</timestamp>
			</report>
			<report>
				<misses>5892001</misses>
				<total>1</total>
				<timestamp>2177.860226</timestamp>
			</report>
			<report>
				<misses>5893001</misses>
				<total>2</total>
				<timestamp>2178.229744</timestamp>
			</report>
			<report>
				<misses>5894001</misses>
				<total>2</total>
				<timestamp>2178.599430</timestamp>
			</report>
			<report>
				<misses>5895001</misses>
				<total>2</total>
				<timestamp>2178.969047</timestamp>
			</report>
			<report>
				<misses>5896001</misses>
				<total>2</total>
				<timestamp>2179.338637</timestamp>
			</report>
			<report>
				<misses>5897001</misses>
				<total>2</total>
				<timestamp>2179.708270</timestamp>
			</report>
			<report>
				<misses>5898001</misses>
				<total>2</total>
				<timestamp>2180.077897</timestamp>
			</report>
			<report>
				<misses>5899001</misses>
				<total>1</total>
				<timestamp>2180.447637</timestamp>
			</report>
			<report>
				<misses>5900001</misses>
				<total>2</total>
				<timestamp>2180.817226</timestamp>
			</report>
			<report>
				<misses>5901001</misses>
				<total>2</total>
				<timestamp>2181.186809</timestamp>
			</report>
			<report>
				<misses>5902001</misses>
				<total>2</total>
				<timestamp>2181.556510</timestamp>
			</report>
			<report>
				<misses>5903001</misses>
				<total>2</total>
				<timestamp>2181.926122</timestamp>
			</report>
			<report>
				<misses>5904001</misses>
				<total>2</total>
				<timestamp>2182.295733</timestamp>
			</report>
			<report>
				<misses>5905001</misses>
				<total>2</total>
				<timestamp>2182.665323</timestamp>
			</report>
			<report>
				<misses>5906001</misses>
				<total>2</total>
				<timestamp>2183.034976</timestamp>
			</report>
			<report>
				<misses>5907001</misses>
				<total>2</total>
				<timestamp>2183.404669</timestamp>
			</report>
			<report>
				<misses>5908001</misses>
				<total>2</total>
				<timestamp>2183.774243</timestamp>
			</report>
			<report>
				<misses>5909001</misses>
				<total>2</total>
				<timestamp>2184.143844</timestamp>
			</report>
			<report>
				<misses>5910001</misses>
				<total>2</total>
				<timestamp>2184.513553</timestamp>
			</report>
			<report>
				<misses>5911001</misses>
				<total>2</total>
				<timestamp>2184.883127</timestamp>
			</report>
			<report>
				<misses>5912001</misses>
				<total>2</total>
				<timestamp>2185.252768</timestamp>
			</report>
			<report>
				<misses>5913001</misses>
				<total>2</total>
				<timestamp>2185.622382</timestamp>
			</report>
			<report>
				<misses>5914001</misses>
				<total>2</total>
				<timestamp>2185.992068</timestamp>
			</report>
			<report>
				<misses>5915001</misses>
				<total>2</total>
				<timestamp>2186.361617</timestamp>
			</report>
			<report>
				<misses>5916001</misses>
				<total>2</total>
				<timestamp>2186.731245</timestamp>
			</report>
			<report>
				<misses>5917001</misses>
				<total>2</total>
				<timestamp>2187.100887</timestamp>
			</report>
			<report>
				<misses>5918001</misses>
				<total>1</total>
				<timestamp>2187.470623</timestamp>
			</report>
			<report>
				<misses>5919001</misses>
				<total>2</total>
				<timestamp>2187.840149</timestamp>
			</report>
			<report>
				<misses>5920001</misses>
				<total>2</total>
				<timestamp>2188.209815</timestamp>
			</report>
			<report>
				<misses>5921001</misses>
				<total>2</total>
				<timestamp>2188.579557</timestamp>
			</report>
			<report>
				<misses>5922001</misses>
				<total>2</total>
				<timestamp>2188.949063</timestamp>
			</report>
			<report>
				<misses>5923001</misses>
				<total>2</total>
				<timestamp>2189.318648</timestamp>
			</report>
			<report>
				<misses>5924001</misses>
				<total>2</total>
				<timestamp>2189.688304</timestamp>
			</report>
			<report>
				<misses>5925001</misses>
				<total>2</total>
				<timestamp>2190.057940</timestamp>
			</report>
			<report>
				<misses>5926001</misses>
				<total>2</total>
				<timestamp>2190.427565</timestamp>
			</report>
			<report>
				<misses>5927001</misses>
				<total>2</total>
				<timestamp>2190.797181</timestamp>
			</report>
			<report>
				<misses>5928001</misses>
				<total>1</total>
				<timestamp>2191.166899</timestamp>
			</report>
			<report>
				<misses>5929001</misses>
				<total>2</total>
				<timestamp>2191.536481</timestamp>
			</report>
			<report>
				<misses>5930001</misses>
				<total>2</total>
				<timestamp>2191.906096</timestamp>
			</report>
			<report>
				<misses>5931001</misses>
				<total>2</total>
				<timestamp>2192.275733</timestamp>
			</report>
			<report>
				<misses>5932001</misses>
				<total>2</total>
				<timestamp>2192.645326</timestamp>
			</report>
			<report>
				<misses>5933001</misses>
				<total>2</total>
				<timestamp>2193.014979</timestamp>
			</report>
			<report>
				<misses>5934001</misses>
				<total>2</total>
				<timestamp>2193.384584</timestamp>
			</report>
			<report>
				<misses>5935001</misses>
				<total>2</total>
				<timestamp>2193.754214</timestamp>
			</report>
			<report>
				<misses>5936001</misses>
				<total>2</total>
				<timestamp>2194.123856</timestamp>
			</report>
			<report>
				<misses>5937001</misses>
				<total>2</total>
				<timestamp>2194.493547</timestamp>
			</report>
			<report>
				<misses>5938001</misses>
				<total>2</total>
				<timestamp>2194.863144</timestamp>
			</report>
			<report>
				<misses>5939001</misses>
				<total>2</total>
				<timestamp>2195.232780</timestamp>
			</report>
			<report>
				<misses>5940001</misses>
				<total>2</total>
				<timestamp>2195.602481</timestamp>
			</report>
			<report>
				<misses>5941001</misses>
				<total>2</total>
				<timestamp>2195.972002</timestamp>
			</report>
			<report>
				<misses>5942001</misses>
				<total>2</total>
				<timestamp>2196.341662</timestamp>
			</report>
			<report>
				<misses>5943001</misses>
				<total>2</total>
				<timestamp>2196.711315</timestamp>
			</report>
			<report>
				<misses>5944001</misses>
				<total>2</total>
				<timestamp>2197.080896</timestamp>
			</report>
			<report>
				<misses>5945001</misses>
				<total>2</total>
				<timestamp>2197.450592</timestamp>
			</report>
			<report>
				<misses>5946001</misses>
				<total>2</total>
				<timestamp>2197.820202</timestamp>
			</report>
			<report>
				<misses>5947001</misses>
				<total>2</total>
				<timestamp>2198.189797</timestamp>
			</report>
			<report>
				<misses>5948001</misses>
				<total>2</total>
				<timestamp>2198.559458</timestamp>
			</report>
			<report>
				<misses>5949001</misses>
				<total>2</total>
				<timestamp>2198.929094</timestamp>
			</report>
			<report>
				<misses>5950001</misses>
				<total>2</total>
				<timestamp>2199.298662</timestamp>
			</report>
			<report>
				<misses>5951001</misses>
				<total>2</total>
				<timestamp>2199.668319</timestamp>
			</report>
			<report>
				<misses>5952001</misses>
				<total>2</total>
				<timestamp>2200.037989</timestamp>
			</report>
			<report>
				<misses>5953001</misses>
				<total>2</total>
				<timestamp>2200.407585</timestamp>
			</report>
			<report>
				<misses>5954001</misses>
				<total>2</total>
				<timestamp>2200.777235</timestamp>
			</report>
			<report>
				<misses>5955001</misses>
				<total>2</total>
				<timestamp>2201.146870</timestamp>
			</report>
			<report>
				<misses>5956001</misses>
				<total>2</total>
				<timestamp>2201.516467</timestamp>
			</report>
			<report>
				<misses>5957001</misses>
				<total>2</total>
				<timestamp>2201.886078</timestamp>
			</report>
			<report>
				<misses>5958001</misses>
				<total>2</total>
				<timestamp>2202.255707</timestamp>
			</report>
			<report>
				<misses>5959001</misses>
				<total>2</total>
				<timestamp>2202.625360</timestamp>
			</report>
			<report>
				<misses>5960001</misses>
				<total>2</total>
				<timestamp>2202.994967</timestamp>
			</report>
			<report>
				<misses>5961001</misses>
				<total>2</total>
				<timestamp>2203.364637</timestamp>
			</report>
			<report>
				<misses>5962001</misses>
				<total>2</total>
				<timestamp>2203.734232</timestamp>
			</report>
			<report>
				<misses>5963001</misses>
				<total>2</total>
				<timestamp>2204.103934</timestamp>
			</report>
			<report>
				<misses>5964001</misses>
				<total>2</total>
				<timestamp>2204.473523</timestamp>
			</report>
			<report>
				<misses>5965001</misses>
				<total>2</total>
				<timestamp>2204.843111</timestamp>
			</report>
			<report>
				<misses>5966001</misses>
				<total>2</total>
				<timestamp>2205.212750</timestamp>
			</report>
			<report>
				<misses>5967001</misses>
				<total>2</total>
				<timestamp>2205.582430</timestamp>
			</report>
			<report>
				<misses>5968001</misses>
				<total>2</total>
				<timestamp>2205.952035</timestamp>
			</report>
			<report>
				<misses>5969001</misses>
				<total>2</total>
				<timestamp>2206.321636</timestamp>
			</report>
			<report>
				<misses>5970001</misses>
				<total>2</total>
				<timestamp>2206.691326</timestamp>
			</report>
			<report>
				<misses>5971001</misses>
				<total>2</total>
				<timestamp>2207.060891</timestamp>
			</report>
			<report>
				<misses>5972001</misses>
				<total>2</total>
				<timestamp>2207.430539</timestamp>
			</report>
			<report>
				<misses>5973001</misses>
				<total>2</total>
				<timestamp>2207.800152</timestamp>
			</report>
			<report>
				<misses>5974001</misses>
				<total>1</total>
				<timestamp>2208.169960</timestamp>
			</report>
			<report>
				<misses>5975001</misses>
				<total>2</total>
				<timestamp>2208.539442</timestamp>
			</report>
			<report>
				<misses>5976001</misses>
				<total>2</total>
				<timestamp>2208.909067</timestamp>
			</report>
			<report>
				<misses>5977001</misses>
				<total>2</total>
				<timestamp>2209.278749</timestamp>
			</report>
			<report>
				<misses>5978001</misses>
				<total>2</total>
				<timestamp>2209.648400</timestamp>
			</report>
			<report>
				<misses>5979001</misses>
				<total>2</total>
				<timestamp>2210.018034</timestamp>
			</report>
			<report>
				<misses>5980001</misses>
				<total>2</total>
				<timestamp>2210.387580</timestamp>
			</report>
			<report>
				<misses>5981001</misses>
				<total>2</total>
				<timestamp>2210.757191</timestamp>
			</report>
			<report>
				<misses>5982001</misses>
				<total>2</total>
				<timestamp>2211.126842</timestamp>
			</report>
			<report>
				<misses>5983001</misses>
				<total>2</total>
				<timestamp>2211.496467</timestamp>
			</report>
			<report>
				<misses>5984001</misses>
				<total>2</total>
				<timestamp>2211.866106</timestamp>
			</report>
			<report>
				<misses>5985001</misses>
				<total>1</total>
				<timestamp>2212.235857</timestamp>
			</report>
			<report>
				<misses>5986001</misses>
				<total>2</total>
				<timestamp>2212.605371</timestamp>
			</report>
			<report>
				<misses>5987001</misses>
				<total>2</total>
				<timestamp>2212.974996</timestamp>
			</report>
			<report>
				<misses>5988001</misses>
				<total>2</total>
				<timestamp>2213.344675</timestamp>
			</report>
			<report>
				<misses>5989001</misses>
				<total>2</total>
				<timestamp>2213.714237</timestamp>
			</report>
			<report>
				<misses>5990001</misses>
				<total>2</total>
				<timestamp>2214.083941</timestamp>
			</report>
			<report>
				<misses>5991001</misses>
				<total>2</total>
				<timestamp>2214.453511</timestamp>
			</report>
			<report>
				<misses>5992001</misses>
				<total>2</total>
				<timestamp>2214.823159</timestamp>
			</report>
			<report>
				<misses>5993001</misses>
				<total>2</total>
				<timestamp>2215.192758</timestamp>
			</report>
			<report>
				<misses>5994001</misses>
				<total>2</total>
				<timestamp>2215.562457</timestamp>
			</report>
			<report>
				<misses>5995001</misses>
				<total>2</total>
				<timestamp>2215.932076</timestamp>
			</report>
			<report>
				<misses>5996001</misses>
				<total>2</total>
				<timestamp>2216.301640</timestamp>
			</report>
			<report>
				<misses>5997001</misses>
				<total>2</total>
				<timestamp>2216.671381</timestamp>
			</report>
			<report>
				<misses>5998001</misses>
				<total>1</total>
				<timestamp>2217.041031</timestamp>
			</report>
			<report>
				<misses>5999001</misses>
				<total>2</total>
				<timestamp>2217.410550</timestamp>
			</report>
			<report>
				<misses>6000001</misses>
				<total>2</total>
				<timestamp>2217.780253</timestamp>
			</report>
			<report>
				<misses>6001001</misses>
				<total>2</total>
				<timestamp>2218.149861</timestamp>
			</report>
			<report>
				<misses>6002001</misses>
				<total>2</total>
				<timestamp>2218.519449</timestamp>
			</report>
			<report>
				<misses>6003001</misses>
				<total>2</total>
				<timestamp>2218.889053</timestamp>
			</report>
			<report>
				<misses>6004001</misses>
				<total>1</total>
				<timestamp>2219.258790</timestamp>
			</report>
			<report>
				<misses>6005001</misses>
				<total>2</total>
				<timestamp>2219.628340</timestamp>
			</report>
			<report>
				<misses>6006001</misses>
				<total>2</total>
				<timestamp>2219.998011</timestamp>
			</report>
			<report>
				<misses>6007001</misses>
				<total>1</total>
				<timestamp>2220.367683</timestamp>
			</report>
			<report>
				<misses>6008001</misses>
				<total>2</total>
				<timestamp>2220.737217</timestamp>
			</report>
			<report>
				<misses>6009001</misses>
				<total>2</total>
				<timestamp>2221.106840</timestamp>
			</report>
			<report>
				<misses>6010001</misses>
				<total>2</total>
				<timestamp>2221.476553</timestamp>
			</report>
			<report>
				<misses>6011001</misses>
				<total>2</total>
				<timestamp>2221.846154</timestamp>
			</report>
			<report>
				<misses>6012001</misses>
				<total>1</total>
				<timestamp>2222.215821</timestamp>
			</report>
			<report>
				<misses>6013001</misses>
				<total>2</total>
				<timestamp>2222.585376</timestamp>
			</report>
			<report>
				<misses>6014001</misses>
				<total>2</total>
				<timestamp>2222.954999</timestamp>
			</report>
			<report>
				<misses>6015001</misses>
				<total>2</total>
				<timestamp>2223.324623</timestamp>
			</report>
			<report>
				<misses>6016001</misses>
				<total>2</total>
				<timestamp>2223.694280</timestamp>
			</report>
			<report>
				<misses>6017001</misses>
				<total>2</total>
				<timestamp>2224.063952</timestamp>
			</report>
			<report>
				<misses>6018001</misses>
				<total>2</total>
				<timestamp>2224.433503</timestamp>
			</report>
			<report>
				<misses>6019001</misses>
				<total>2</total>
				<timestamp>2224.803160</timestamp>
			</report>
			<report>
				<misses>6020001</misses>
				<total>2</total>
				<timestamp>2225.172807</timestamp>
			</report>
			<report>
				<misses>6021001</misses>
				<total>1</total>
				<timestamp>2225.542496</timestamp>
			</report>
			<report>
				<misses>6022001</misses>
				<total>2</total>
				<timestamp>2225.912046</timestamp>
			</report>
			<report>
				<misses>6023001</misses>
				<total>2</total>
				<timestamp>2226.281702</timestamp>
			</report>
			<report>
				<misses>6024001</misses>
				<total>2</total>
				<timestamp>2226.651291</timestamp>
			</report>
			<report>
				<misses>6025001</misses>
				<total>2</total>
				<timestamp>2227.020962</timestamp>
			</report>
			<report>
				<misses>6026001</misses>
				<total>2</total>
				<timestamp>2227.390609</timestamp>
			</report>
			<report>
				<misses>6027001</misses>
				<total>2</total>
				<timestamp>2227.760226</timestamp>
			</report>
			<report>
				<misses>6028001</misses>
				<total>1</total>
				<timestamp>2228.129923</timestamp>
			</report>
			<report>
				<misses>6029001</misses>
				<total>2</total>
				<timestamp>2228.499443</timestamp>
			</report>
			<report>
				<misses>6030001</misses>
				<total>2</total>
				<timestamp>2228.869072</timestamp>
			</report>
			<report>
				<misses>6031001</misses>
				<total>2</total>
				<timestamp>2229.238695</timestamp>
			</report>
			<report>
				<misses>6032001</misses>
				<total>2</total>
				<timestamp>2229.608400</timestamp>
			</report>
			<report>
				<misses>6033001</misses>
				<total>2</total>
				<timestamp>2229.978054</timestamp>
			</report>
			<report>
				<misses>6034001</misses>
				<total>2</total>
				<timestamp>2230.347586</timestamp>
			</report>
			<report>
				<misses>6035001</misses>
				<total>2</total>
				<timestamp>2230.717245</timestamp>
			</report>
			<report>
				<misses>6036001</misses>
				<total>2</total>
				<timestamp>2231.086837</timestamp>
			</report>
			<report>
				<misses>6037001</misses>
				<total>1</total>
				<timestamp>2231.456594</timestamp>
			</report>
			<report>
				<misses>6038001</misses>
				<total>2</total>
				<timestamp>2231.826156</timestamp>
			</report>
			<report>
				<misses>6039001</misses>
				<total>2</total>
				<timestamp>2232.195747</timestamp>
			</report>
			<report>
				<misses>6040001</misses>
				<total>2</total>
				<timestamp>2232.565401</timestamp>
			</report>
			<report>
				<misses>6041001</misses>
				<total>2</total>
				<timestamp>2232.935026</timestamp>
			</report>
			<report>
				<misses>6042001</misses>
				<total>2</total>
				<timestamp>2233.304626</timestamp>
			</report>
			<report>
				<misses>6043001</misses>
				<total>2</total>
				<timestamp>2233.674282</timestamp>
			</report>
			<report>
				<misses>6044001</misses>
				<total>2</total>
				<timestamp>2234.043936</timestamp>
			</report>
			<report>
				<misses>6045001</misses>
				<total>2</total>
				<timestamp>2234.413533</timestamp>
			</report>
			<report>
				<misses>6046001</misses>
				<total>2</total>
				<timestamp>2234.783222</timestamp>
			</report>
			<report>
				<misses>6047001</misses>
				<total>2</total>
				<timestamp>2235.152815</timestamp>
			</report>
			<report>
				<misses>6048001</misses>
				<total>2</total>
				<timestamp>2235.522400</timestamp>
			</report>
			<report>
				<misses>6049001</misses>
				<total>2</total>
				<timestamp>2235.892025</timestamp>
			</report>
			<report>
				<misses>6050001</misses>
				<total>2</total>
				<timestamp>2236.261672</timestamp>
			</report>
			<report>
				<misses>6051001</misses>
				<total>2</total>
				<timestamp>2236.631339</timestamp>
			</report>
			<report>
				<misses>6052001</misses>
				<total>2</total>
				<timestamp>2237.000941</timestamp>
			</report>
			<report>
				<misses>6053001</misses>
				<total>2</total>
				<timestamp>2237.370601</timestamp>
			</report>
			<report>
				<misses>6054001</misses>
				<total>2</total>
				<timestamp>2237.740242</timestamp>
			</report>
			<report>
				<misses>6055001</misses>
				<total>2</total>
				<timestamp>2238.109870</timestamp>
			</report>
			<report>
				<misses>6056001</misses>
				<total>2</total>
				<timestamp>2238.479450</timestamp>
			</report>
			<report>
				<misses>6057001</misses>
				<total>2</total>
				<timestamp>2238.849117</timestamp>
			</report>
			<report>
				<misses>6058001</misses>
				<total>2</total>
				<timestamp>2239.218744</timestamp>
			</report>
			<report>
				<misses>6059001</misses>
				<total>2</total>
				<timestamp>2239.588402</timestamp>
			</report>
			<report>
				<misses>6060001</misses>
				<total>2</total>
				<timestamp>2239.958030</timestamp>
			</report>
			<report>
				<misses>6061001</misses>
				<total>2</total>
				<timestamp>2240.327694</timestamp>
			</report>
			<report>
				<misses>6062001</misses>
				<total>2</total>
				<timestamp>2240.697251</timestamp>
			</report>
			<report>
				<misses>6063001</misses>
				<total>2</total>
				<timestamp>2241.066895</timestamp>
			</report>
			<report>
				<misses>6064001</misses>
				<total>2</total>
				<timestamp>2241.436530</timestamp>
			</report>
			<report>
				<misses>6065001</misses>
				<total>2</total>
				<timestamp>2241.806199</timestamp>
			</report>
			<report>
				<misses>6066001</misses>
				<total>2</total>
				<timestamp>2242.175757</timestamp>
			</report>
			<report>
				<misses>6067001</misses>
				<total>2</total>
				<timestamp>2242.545401</timestamp>
			</report>
			<report>
				<misses>6068001</misses>
				<total>2</total>
				<timestamp>2242.915085</timestamp>
			</report>
			<report>
				<misses>6069001</misses>
				<total>2</total>
				<timestamp>2243.284730</timestamp>
			</report>
			<report>
				<misses>6070001</misses>
				<total>2</total>
				<timestamp>2243.654328</timestamp>
			</report>
			<report>
				<misses>6071001</misses>
				<total>2</total>
				<timestamp>2244.023893</timestamp>
			</report>
			<report>
				<misses>6072001</misses>
				<total>1</total>
				<timestamp>2244.393631</timestamp>
			</report>
			<report>
				<misses>6073001</misses>
				<total>2</total>
				<timestamp>2244.763263</timestamp>
			</report>
			<report>
				<misses>6074001</misses>
				<total>2</total>
				<timestamp>2245.132795</timestamp>
			</report>
			<report>
				<misses>6075001</misses>
				<total>2</total>
				<timestamp>2245.502413</timestamp>
			</report>
			<report>
				<misses>6076001</misses>
				<total>2</total>
				<timestamp>2245.872097</timestamp>
			</report>
			<report>
				<misses>6077001</misses>
				<total>2</total>
				<timestamp>2246.241684</timestamp>
			</report>
			<report>
				<misses>6078001</misses>
				<total>2</total>
				<timestamp>2246.611345</timestamp>
			</report>
			<report>
				<misses>6079001</misses>
				<total>2</total>
				<timestamp>2246.980962</timestamp>
			</report>
			<report>
				<misses>6080001</misses>
				<total>1</total>
				<timestamp>2247.350680</timestamp>
			</report>
			<report>
				<misses>6081001</misses>
				<total>2</total>
				<timestamp>2247.720224</timestamp>
			</report>
			<report>
				<misses>6082001</misses>
				<total>2</total>
				<timestamp>2248.089830</timestamp>
			</report>
			<report>
				<misses>6083001</misses>
				<total>2</total>
				<timestamp>2248.459448</timestamp>
			</report>
			<report>
				<misses>6084001</misses>
				<total>2</total>
				<timestamp>2248.829127</timestamp>
			</report>
			<report>
				<misses>6085001</misses>
				<total>2</total>
				<timestamp>2249.198775</timestamp>
			</report>
			<report>
				<misses>6086001</misses>
				<total>2</total>
				<timestamp>2249.568381</timestamp>
			</report>
			<report>
				<misses>6087001</misses>
				<total>1</total>
				<timestamp>2249.938120</timestamp>
			</report>
			<report>
				<misses>6088001</misses>
				<total>2</total>
				<timestamp>2250.307665</timestamp>
			</report>
			<report>
				<misses>6089001</misses>
				<total>2</total>
				<timestamp>2250.677267</timestamp>
			</report>
			<report>
				<misses>6090001</misses>
				<total>2</total>
				<timestamp>2251.046859</timestamp>
			</report>
			<report>
				<misses>6091001</misses>
				<total>2</total>
				<timestamp>2251.416539</timestamp>
			</report>
			<report>
				<misses>6092001</misses>
				<total>2</total>
				<timestamp>2251.786172</timestamp>
			</report>
			<report>
				<misses>6093001</misses>
				<total>1</total>
				<timestamp>2252.155904</timestamp>
			</report>
			<report>
				<misses>6094001</misses>
				<total>2</total>
				<timestamp>2252.525455</timestamp>
			</report>
			<report>
				<misses>6095001</misses>
				<total>2</total>
				<timestamp>2252.895125</timestamp>
			</report>
			<report>
				<misses>6096001</misses>
				<total>2</total>
				<timestamp>2253.264718</timestamp>
			</report>
			<report>
				<misses>6097001</misses>
				<total>2</total>
				<timestamp>2253.634338</timestamp>
			</report>
			<report>
				<misses>6098001</misses>
				<total>2</total>
				<timestamp>2254.003909</timestamp>
			</report>
			<report>
				<misses>6099001</misses>
				<total>2</total>
				<timestamp>2254.373549</timestamp>
			</report>
			<report>
				<misses>6100001</misses>
				<total>2</total>
				<timestamp>2254.743233</timestamp>
			</report>
			<report>
				<misses>6101001</misses>
				<total>2</total>
				<timestamp>2255.112841</timestamp>
			</report>
			<report>
				<misses>6102001</misses>
				<total>2</total>
				<timestamp>2255.482452</timestamp>
			</report>
			<report>
				<misses>6103001</misses>
				<total>2</total>
				<timestamp>2255.852094</timestamp>
			</report>
			<report>
				<misses>6104001</misses>
				<total>2</total>
				<timestamp>2256.221715</timestamp>
			</report>
			<report>
				<misses>6105001</misses>
				<total>2</total>
				<timestamp>2256.591323</timestamp>
			</report>
			<report>
				<misses>6106001</misses>
				<total>2</total>
				<timestamp>2256.961053</timestamp>
			</report>
			<report>
				<misses>6107001</misses>
				<total>2</total>
				<timestamp>2257.330630</timestamp>
			</report>
			<report>
				<misses>6108001</misses>
				<total>2</total>
				<timestamp>2257.700252</timestamp>
			</report>
			<report>
				<misses>6109001</misses>
				<total>2</total>
				<timestamp>2258.069833</timestamp>
			</report>
			<report>
				<misses>6110001</misses>
				<total>2</total>
				<timestamp>2258.439472</timestamp>
			</report>
			<report>
				<misses>6111001</misses>
				<total>2</total>
				<timestamp>2258.809120</timestamp>
			</report>
			<report>
				<misses>6112001</misses>
				<total>2</total>
				<timestamp>2259.178781</timestamp>
			</report>
			<report>
				<misses>6113001</misses>
				<total>2</total>
				<timestamp>2259.548384</timestamp>
			</report>
			<report>
				<misses>6114001</misses>
				<total>2</total>
				<timestamp>2259.918063</timestamp>
			</report>
			<report>
				<misses>6115001</misses>
				<total>2</total>
				<timestamp>2260.287670</timestamp>
			</report>
			<report>
				<misses>6116001</misses>
				<total>1</total>
				<timestamp>2260.657351</timestamp>
			</report>
			<report>
				<misses>6117001</misses>
				<total>2</total>
				<timestamp>2261.026949</timestamp>
			</report>
			<report>
				<misses>6118001</misses>
				<total>2</total>
				<timestamp>2261.396510</timestamp>
			</report>
			<report>
				<misses>6119001</misses>
				<total>2</total>
				<timestamp>2261.766165</timestamp>
			</report>
			<report>
				<misses>6120001</misses>
				<total>2</total>
				<timestamp>2262.135771</timestamp>
			</report>
			<report>
				<misses>6121001</misses>
				<total>2</total>
				<timestamp>2262.505406</timestamp>
			</report>
			<report>
				<misses>6122001</misses>
				<total>2</total>
				<timestamp>2262.875117</timestamp>
			</report>
			<report>
				<misses>6123001</misses>
				<total>2</total>
				<timestamp>2263.244679</timestamp>
			</report>
			<report>
				<misses>6124001</misses>
				<total>2</total>
				<timestamp>2263.614279</timestamp>
			</report>
			<report>
				<misses>6125001</misses>
				<total>2</total>
				<timestamp>2263.983905</timestamp>
			</report>
			<report>
				<misses>6126001</misses>
				<total>2</total>
				<timestamp>2264.353575</timestamp>
			</report>
			<report>
				<misses>6127001</misses>
				<total>2</total>
				<timestamp>2264.723207</timestamp>
			</report>
			<report>
				<misses>6128001</misses>
				<total>2</total>
				<timestamp>2265.092798</timestamp>
			</report>
			<report>
				<misses>6129001</misses>
				<total>1</total>
				<timestamp>2265.462546</timestamp>
			</report>
			<report>
				<misses>6130001</misses>
				<total>2</total>
				<timestamp>2265.832133</timestamp>
			</report>
			<report>
				<misses>6131001</misses>
				<total>2</total>
				<timestamp>2266.201724</timestamp>
			</report>
			<report>
				<misses>6132001</misses>
				<total>2</total>
				<timestamp>2266.571398</timestamp>
			</report>
			<report>
				<misses>6133001</misses>
				<total>2</total>
				<timestamp>2266.941038</timestamp>
			</report>
			<report>
				<misses>6134001</misses>
				<total>2</total>
				<timestamp>2267.310582</timestamp>
			</report>
			<report>
				<misses>6135001</misses>
				<total>1</total>
				<timestamp>2267.680307</timestamp>
			</report>
			<report>
				<misses>6136001</misses>
				<total>2</total>
				<timestamp>2268.049901</timestamp>
			</report>
			<report>
				<misses>6137001</misses>
				<total>2</total>
				<timestamp>2268.419474</timestamp>
			</report>
			<report>
				<misses>6138001</misses>
				<total>2</total>
				<timestamp>2268.789238</timestamp>
			</report>
			<report>
				<misses>6139001</misses>
				<total>2</total>
				<timestamp>2269.158733</timestamp>
			</report>
			<report>
				<misses>6140001</misses>
				<total>2</total>
				<timestamp>2269.528470</timestamp>
			</report>
			<report>
				<misses>6141001</misses>
				<total>2</total>
				<timestamp>2269.898046</timestamp>
			</report>
			<report>
				<misses>6142001</misses>
				<total>2</total>
				<timestamp>2270.267658</timestamp>
			</report>
			<report>
				<misses>6143001</misses>
				<total>2</total>
				<timestamp>2270.637270</timestamp>
			</report>
			<report>
				<misses>6144001</misses>
				<total>2</total>
				<timestamp>2271.006918</timestamp>
			</report>
			<report>
				<misses>6145001</misses>
				<total>2</total>
				<timestamp>2271.376563</timestamp>
			</report>
			<report>
				<misses>6146001</misses>
				<total>2</total>
				<timestamp>2271.746236</timestamp>
			</report>
			<report>
				<misses>6147001</misses>
				<total>1</total>
				<timestamp>2272.115860</timestamp>
			</report>
			<report>
				<misses>6148001</misses>
				<total>2</total>
				<timestamp>2272.485410</timestamp>
			</report>
			<report>
				<misses>6149001</misses>
				<total>2</total>
				<timestamp>2272.855148</timestamp>
			</report>
			<report>
				<misses>6150001</misses>
				<total>2</total>
				<timestamp>2273.224688</timestamp>
			</report>
			<report>
				<misses>6151001</misses>
				<total>2</total>
				<timestamp>2273.594332</timestamp>
			</report>
			<report>
				<misses>6152001</misses>
				<total>2</total>
				<timestamp>2273.963979</timestamp>
			</report>
			<report>
				<misses>6153001</misses>
				<total>2</total>
				<timestamp>2274.333572</timestamp>
			</report>
			<report>
				<misses>6154001</misses>
				<total>2</total>
				<timestamp>2274.703203</timestamp>
			</report>
			<report>
				<misses>6155001</misses>
				<total>2</total>
				<timestamp>2275.072835</timestamp>
			</report>
			<report>
				<misses>6156001</misses>
				<total>2</total>
				<timestamp>2275.442442</timestamp>
			</report>
			<report>
				<misses>6157001</misses>
				<total>2</total>
				<timestamp>2275.812157</timestamp>
			</report>
			<report>
				<misses>6158001</misses>
				<total>2</total>
				<timestamp>2276.181759</timestamp>
			</report>
			<report>
				<misses>6159001</misses>
				<total>2</total>
				<timestamp>2276.551384</timestamp>
			</report>
			<report>
				<misses>6160001</misses>
				<total>2</total>
				<timestamp>2276.921038</timestamp>
			</report>
			<report>
				<misses>6161001</misses>
				<total>2</total>
				<timestamp>2277.290581</timestamp>
			</report>
			<report>
				<misses>6162001</misses>
				<total>2</total>
				<timestamp>2277.660271</timestamp>
			</report>
			<report>
				<misses>6163001</misses>
				<total>1</total>
				<timestamp>2278.030024</timestamp>
			</report>
			<report>
				<misses>6164001</misses>
				<total>2</total>
				<timestamp>2278.399511</timestamp>
			</report>
			<report>
				<misses>6165001</misses>
				<total>2</total>
				<timestamp>2278.769114</timestamp>
			</report>
			<report>
				<misses>6166001</misses>
				<total>2</total>
				<timestamp>2279.138783</timestamp>
			</report>
			<report>
				<misses>6167001</misses>
				<total>2</total>
				<timestamp>2279.508442</timestamp>
			</report>
			<report>
				<misses>6168001</misses>
				<total>2</total>
				<timestamp>2279.878071</timestamp>
			</report>
			<report>
				<misses>6169001</misses>
				<total>1</total>
				<timestamp>2280.247741</timestamp>
			</report>
			<report>
				<misses>6170001</misses>
				<total>2</total>
				<timestamp>2280.617289</timestamp>
			</report>
			<report>
				<misses>6171001</misses>
				<total>1</total>
				<timestamp>2280.987053</timestamp>
			</report>
			<report>
				<misses>6172001</misses>
				<total>2</total>
				<timestamp>2281.356603</timestamp>
			</report>
			<report>
				<misses>6173001</misses>
				<total>2</total>
				<timestamp>2281.726159</timestamp>
			</report>
			<report>
				<misses>6174001</misses>
				<total>2</total>
				<timestamp>2282.095795</timestamp>
			</report>
			<report>
				<misses>6175001</misses>
				<total>2</total>
				<timestamp>2282.465405</timestamp>
			</report>
			<report>
				<misses>6176001</misses>
				<total>2</total>
				<timestamp>2282.835100</timestamp>
			</report>
			<report>
				<misses>6177001</misses>
				<total>2</total>
				<timestamp>2283.204664</timestamp>
			</report>
			<report>
				<misses>6178001</misses>
				<total>2</total>
				<timestamp>2283.574333</timestamp>
			</report>
			<report>
				<misses>6179001</misses>
				<total>2</total>
				<timestamp>2283.944005</timestamp>
			</report>
			<report>
				<misses>6180001</misses>
				<total>1</total>
				<timestamp>2284.313670</timestamp>
			</report>
			<report>
				<misses>6181001</misses>
				<total>2</total>
				<timestamp>2284.683250</timestamp>
			</report>
			<report>
				<misses>6182001</misses>
				<total>1</total>
				<timestamp>2285.052945</timestamp>
			</report>
			<report>
				<misses>6183001</misses>
				<total>1</total>
				<timestamp>2285.422567</timestamp>
			</report>
			<report>
				<misses>6184001</misses>
				<total>2</total>
				<timestamp>2285.792124</timestamp>
			</report>
			<report>
				<misses>6185001</misses>
				<total>2</total>
				<timestamp>2286.161711</timestamp>
			</report>
			<report>
				<misses>6186001</misses>
				<total>2</total>
				<timestamp>2286.531349</timestamp>
			</report>
			<report>
				<misses>6187001</misses>
				<total>2</total>
				<timestamp>2286.901017</timestamp>
			</report>
			<report>
				<misses>6188001</misses>
				<total>2</total>
				<timestamp>2287.270613</timestamp>
			</report>
			<report>
				<misses>6189001</misses>
				<total>2</total>
				<timestamp>2287.640238</timestamp>
			</report>
			<report>
				<misses>6190001</misses>
				<total>2</total>
				<timestamp>2288.009904</timestamp>
			</report>
			<report>
				<misses>6191001</misses>
				<total>2</total>
				<timestamp>2288.379514</timestamp>
			</report>
			<report>
				<misses>6192001</misses>
				<total>2</total>
				<timestamp>2288.749131</timestamp>
			</report>
			<report>
				<misses>6193001</misses>
				<total>2</total>
				<timestamp>2289.118894</timestamp>
			</report>
			<report>
				<misses>6194001</misses>
				<total>2</total>
				<timestamp>2289.488429</timestamp>
			</report>
			<report>
				<misses>6195001</misses>
				<total>2</total>
				<timestamp>2289.858031</timestamp>
			</report>
			<report>
				<misses>6196001</misses>
				<total>2</total>
				<timestamp>2290.227645</timestamp>
			</report>
			<report>
				<misses>6197001</misses>
				<total>1</total>
				<timestamp>2290.597406</timestamp>
			</report>
			<report>
				<misses>6198001</misses>
				<total>2</total>
				<timestamp>2290.966944</timestamp>
			</report>
			<report>
				<misses>6199001</misses>
				<total>2</total>
				<timestamp>2291.336572</timestamp>
			</report>
			<report>
				<misses>6200001</misses>
				<total>2</total>
				<timestamp>2291.706225</timestamp>
			</report>
			<report>
				<misses>6201001</misses>
				<total>2</total>
				<timestamp>2292.075829</timestamp>
			</report>
			<report>
				<misses>6202001</misses>
				<total>1</total>
				<timestamp>2292.445554</timestamp>
			</report>
			<report>
				<misses>6203001</misses>
				<total>2</total>
				<timestamp>2292.815070</timestamp>
			</report>
			<report>
				<misses>6204001</misses>
				<total>2</total>
				<timestamp>2293.184744</timestamp>
			</report>
			<report>
				<misses>6205001</misses>
				<total>2</total>
				<timestamp>2293.554344</timestamp>
			</report>
			<report>
				<misses>6206001</misses>
				<total>2</total>
				<timestamp>2293.923962</timestamp>
			</report>
			<report>
				<misses>6207001</misses>
				<total>2</total>
				<timestamp>2294.293644</timestamp>
			</report>
			<report>
				<misses>6208001</misses>
				<total>2</total>
				<timestamp>2294.663222</timestamp>
			</report>
			<report>
				<misses>6209001</misses>
				<total>2</total>
				<timestamp>2295.032888</timestamp>
			</report>
			<report>
				<misses>6210001</misses>
				<total>2</total>
				<timestamp>2295.402490</timestamp>
			</report>
			<report>
				<misses>6211001</misses>
				<total>2</total>
				<timestamp>2295.772098</timestamp>
			</report>
			<report>
				<misses>6212001</misses>
				<total>2</total>
				<timestamp>2296.141765</timestamp>
			</report>
			<report>
				<misses>6213001</misses>
				<total>2</total>
				<timestamp>2296.511364</timestamp>
			</report>
			<report>
				<misses>6214001</misses>
				<total>2</total>
				<timestamp>2296.881016</timestamp>
			</report>
			<report>
				<misses>6215001</misses>
				<total>2</total>
				<timestamp>2297.250639</timestamp>
			</report>
			<report>
				<misses>6216001</misses>
				<total>2</total>
				<timestamp>2297.620301</timestamp>
			</report>
			<report>
				<misses>6217001</misses>
				<total>2</total>
				<timestamp>2297.989900</timestamp>
			</report>
			<report>
				<misses>6218001</misses>
				<total>2</total>
				<timestamp>2298.359511</timestamp>
			</report>
			<report>
				<misses>6219001</misses>
				<total>2</total>
				<timestamp>2298.729181</timestamp>
			</report>
			<report>
				<misses>6220001</misses>
				<total>2</total>
				<timestamp>2299.098837</timestamp>
			</report>
			<report>
				<misses>6221001</misses>
				<total>2</total>
				<timestamp>2299.468442</timestamp>
			</report>
			<report>
				<misses>6222001</misses>
				<total>2</total>
				<timestamp>2299.838073</timestamp>
			</report>
			<report>
				<misses>6223001</misses>
				<total>2</total>
				<timestamp>2300.207675</timestamp>
			</report>
			<report>
				<misses>6224001</misses>
				<total>2</total>
				<timestamp>2300.577334</timestamp>
			</report>
			<report>
				<misses>6225001</misses>
				<total>2</total>
				<timestamp>2300.946938</timestamp>
			</report>
			<report>
				<misses>6226001</misses>
				<total>2</total>
				<timestamp>2301.316540</timestamp>
			</report>
			<report>
				<misses>6227001</misses>
				<total>2</total>
				<timestamp>2301.686176</timestamp>
			</report>
			<report>
				<misses>6228001</misses>
				<total>2</total>
				<timestamp>2302.055827</timestamp>
			</report>
			<report>
				<misses>6229001</misses>
				<total>2</total>
				<timestamp>2302.425444</timestamp>
			</report>
			<report>
				<misses>6230001</misses>
				<total>2</total>
				<timestamp>2302.795079</timestamp>
			</report>
			<report>
				<misses>6231001</misses>
				<total>2</total>
				<timestamp>2303.164710</timestamp>
			</report>
			<report>
				<misses>6232001</misses>
				<total>2</total>
				<timestamp>2303.534371</timestamp>
			</report>
			<report>
				<misses>6233001</misses>
				<total>2</total>
				<timestamp>2303.903951</timestamp>
			</report>
			<report>
				<misses>6234001</misses>
				<total>2</total>
				<timestamp>2304.273623</timestamp>
			</report>
			<report>
				<misses>6235001</misses>
				<total>2</total>
				<timestamp>2304.643291</timestamp>
			</report>
			<report>
				<misses>6236001</misses>
				<total>1</total>
				<timestamp>2305.012978</timestamp>
			</report>
			<report>
				<misses>6237001</misses>
				<total>1</total>
				<timestamp>2305.382621</timestamp>
			</report>
			<report>
				<misses>6238001</misses>
				<total>2</total>
				<timestamp>2305.752104</timestamp>
			</report>
			<report>
				<misses>6239001</misses>
				<total>2</total>
				<timestamp>2306.121760</timestamp>
			</report>
			<report>
				<misses>6240001</misses>
				<total>1</total>
				<timestamp>2306.491472</timestamp>
			</report>
			<report>
				<misses>6241001</misses>
				<total>2</total>
				<timestamp>2306.861061</timestamp>
			</report>
			<report>
				<misses>6242001</misses>
				<total>2</total>
				<timestamp>2307.230671</timestamp>
			</report>
			<report>
				<misses>6243001</misses>
				<total>2</total>
				<timestamp>2307.600335</timestamp>
			</report>
			<report>
				<misses>6244001</misses>
				<total>2</total>
				<timestamp>2307.969951</timestamp>
			</report>
			<report>
				<misses>6245001</misses>
				<total>1</total>
				<timestamp>2308.339642</timestamp>
			</report>
			<report>
				<misses>6246001</misses>
				<total>2</total>
				<timestamp>2308.709191</timestamp>
			</report>
			<report>
				<misses>6247001</misses>
				<total>2</total>
				<timestamp>2309.078823</timestamp>
			</report>
			<report>
				<misses>6248001</misses>
				<total>2</total>
				<timestamp>2309.448476</timestamp>
			</report>
			<report>
				<misses>6249001</misses>
				<total>2</total>
				<timestamp>2309.818055</timestamp>
			</report>
			<report>
				<misses>6250001</misses>
				<total>2</total>
				<timestamp>2310.187701</timestamp>
			</report>
			<report>
				<misses>6251001</misses>
				<total>2</total>
				<timestamp>2310.557321</timestamp>
			</report>
			<report>
				<misses>6252001</misses>
				<total>2</total>
				<timestamp>2310.926959</timestamp>
			</report>
			<report>
				<misses>6253001</misses>
				<total>2</total>
				<timestamp>2311.296552</timestamp>
			</report>
			<report>
				<misses>6254001</misses>
				<total>2</total>
				<timestamp>2311.666222</timestamp>
			</report>
			<report>
				<misses>6255001</misses>
				<total>2</total>
				<timestamp>2312.035854</timestamp>
			</report>
			<report>
				<misses>6256001</misses>
				<total>2</total>
				<timestamp>2312.405458</timestamp>
			</report>
			<report>
				<misses>6257001</misses>
				<total>1</total>
				<timestamp>2312.775188</timestamp>
			</report>
			<report>
				<misses>6258001</misses>
				<total>2</total>
				<timestamp>2313.144742</timestamp>
			</report>
			<report>
				<misses>6259001</misses>
				<total>2</total>
				<timestamp>2313.514389</timestamp>
			</report>
			<report>
				<misses>6260001</misses>
				<total>2</total>
				<timestamp>2313.883971</timestamp>
			</report>
			<report>
				<misses>6261001</misses>
				<total>1</total>
				<timestamp>2314.253702</timestamp>
			</report>
			<report>
				<misses>6262001</misses>
				<total>2</total>
				<timestamp>2314.623305</timestamp>
			</report>
			<report>
				<misses>6263001</misses>
				<total>2</total>
				<timestamp>2314.992901</timestamp>
			</report>
			<report>
				<misses>6264001</misses>
				<total>2</total>
				<timestamp>2315.362523</timestamp>
			</report>
			<report>
				<misses>6265001</misses>
				<total>2</total>
				<timestamp>2315.732183</timestamp>
			</report>
			<report>
				<misses>6266001</misses>
				<total>2</total>
				<timestamp>2316.101826</timestamp>
			</report>
			<report>
				<misses>6267001</misses>
				<total>2</total>
				<timestamp>2316.471385</timestamp>
			</report>
			<report>
				<misses>6268001</misses>
				<total>2</total>
				<timestamp>2316.840997</timestamp>
			</report>
			<report>
				<misses>6269001</misses>
				<total>2</total>
				<timestamp>2317.210675</timestamp>
			</report>
			<report>
				<misses>6270001</misses>
				<total>2</total>
				<timestamp>2317.580323</timestamp>
			</report>
			<report>
				<misses>6271001</misses>
				<total>2</total>
				<timestamp>2317.949975</timestamp>
			</report>
			<report>
				<misses>6272001</misses>
				<total>2</total>
				<timestamp>2318.319611</timestamp>
			</report>
			<report>
				<misses>6273001</misses>
				<total>2</total>
				<timestamp>2318.689232</timestamp>
			</report>
			<report>
				<misses>6274001</misses>
				<total>1</total>
				<timestamp>2319.058911</timestamp>
			</report>
			<report>
				<misses>6275001</misses>
				<total>2</total>
				<timestamp>2319.428435</timestamp>
			</report>
			<report>
				<misses>6276001</misses>
				<total>2</total>
				<timestamp>2319.798094</timestamp>
			</report>
			<report>
				<misses>6277001</misses>
				<total>2</total>
				<timestamp>2320.167750</timestamp>
			</report>
			<report>
				<misses>6278001</misses>
				<total>2</total>
				<timestamp>2320.537336</timestamp>
			</report>
			<report>
				<misses>6279001</misses>
				<total>2</total>
				<timestamp>2320.906978</timestamp>
			</report>
			<report>
				<misses>6280001</misses>
				<total>2</total>
				<timestamp>2321.276608</timestamp>
			</report>
			<report>
				<misses>6281001</misses>
				<total>2</total>
				<timestamp>2321.646268</timestamp>
			</report>
			<report>
				<misses>6282001</misses>
				<total>2</total>
				<timestamp>2322.015860</timestamp>
			</report>
			<report>
				<misses>6283001</misses>
				<total>2</total>
				<timestamp>2322.385445</timestamp>
			</report>
			<report>
				<misses>6284001</misses>
				<total>1</total>
				<timestamp>2322.755214</timestamp>
			</report>
			<report>
				<misses>6285001</misses>
				<total>2</total>
				<timestamp>2323.124737</timestamp>
			</report>
			<report>
				<misses>6286001</misses>
				<total>2</total>
				<timestamp>2323.494352</timestamp>
			</report>
			<report>
				<misses>6287001</misses>
				<total>2</total>
				<timestamp>2323.864083</timestamp>
			</report>
			<report>
				<misses>6288001</misses>
				<total>2</total>
				<timestamp>2324.233641</timestamp>
			</report>
			<report>
				<misses>6289001</misses>
				<total>1</total>
				<timestamp>2324.603335</timestamp>
			</report>
			<report>
				<misses>6290001</misses>
				<total>2</total>
				<timestamp>2324.972892</timestamp>
			</report>
			<report>
				<misses>6291001</misses>
				<total>2</total>
				<timestamp>2325.342495</timestamp>
			</report>
			<report>
				<misses>6292001</misses>
				<total>2</total>
				<timestamp>2325.712129</timestamp>
			</report>
			<report>
				<misses>6293001</misses>
				<total>2</total>
				<timestamp>2326.081883</timestamp>
			</report>
			<report>
				<misses>6294001</misses>
				<total>2</total>
				<timestamp>2326.451468</timestamp>
			</report>
			<report>
				<misses>6295001</misses>
				<total>2</total>
				<timestamp>2326.821031</timestamp>
			</report>
			<report>
				<misses>6296001</misses>
				<total>2</total>
				<timestamp>2327.190683</timestamp>
			</report>
			<report>
				<misses>6297001</misses>
				<total>2</total>
				<timestamp>2327.560285</timestamp>
			</report>
			<report>
				<misses>6298001</misses>
				<total>2</total>
				<timestamp>2327.929906</timestamp>
			</report>
			<report>
				<misses>6299001</misses>
				<total>2</total>
				<timestamp>2328.299598</timestamp>
			</report>
			<report>
				<misses>6300001</misses>
				<total>2</total>
				<timestamp>2328.669178</timestamp>
			</report>
			<report>
				<misses>6301001</misses>
				<total>2</total>
				<timestamp>2329.038820</timestamp>
			</report>
			<report>
				<misses>6302001</misses>
				<total>2</total>
				<timestamp>2329.408450</timestamp>
			</report>
			<report>
				<misses>6303001</misses>
				<total>2</total>
				<timestamp>2329.778093</timestamp>
			</report>
			<report>
				<misses>6304001</misses>
				<total>2</total>
				<timestamp>2330.147701</timestamp>
			</report>
			<report>
				<misses>6305001</misses>
				<total>2</total>
				<timestamp>2330.517350</timestamp>
			</report>
			<report>
				<misses>6306001</misses>
				<total>2</total>
				<timestamp>2330.886984</timestamp>
			</report>
			<report>
				<misses>6307001</misses>
				<total>2</total>
				<timestamp>2331.256622</timestamp>
			</report>
			<report>
				<misses>6308001</misses>
				<total>2</total>
				<timestamp>2331.626206</timestamp>
			</report>
			<report>
				<misses>6309001</misses>
				<total>2</total>
				<timestamp>2331.995882</timestamp>
			</report>
			<report>
				<misses>6310001</misses>
				<total>1</total>
				<timestamp>2332.365588</timestamp>
			</report>
			<report>
				<misses>6311001</misses>
				<total>2</total>
				<timestamp>2332.735156</timestamp>
			</report>
			<report>
				<misses>6312001</misses>
				<total>1</total>
				<timestamp>2333.104838</timestamp>
			</report>
			<report>
				<misses>6313001</misses>
				<total>1</total>
				<timestamp>2333.474478</timestamp>
			</report>
			<report>
				<misses>6314001</misses>
				<total>2</total>
				<timestamp>2333.844018</timestamp>
			</report>
			<report>
				<misses>6315001</misses>
				<total>2</total>
				<timestamp>2334.213669</timestamp>
			</report>
			<report>
				<misses>6316001</misses>
				<total>2</total>
				<timestamp>2334.583258</timestamp>
			</report>
			<report>
				<misses>6317001</misses>
				<total>2</total>
				<timestamp>2334.952878</timestamp>
			</report>
			<report>
				<misses>6318001</misses>
				<total>2</total>
				<timestamp>2335.322511</timestamp>
			</report>
			<report>
				<misses>6319001</misses>
				<total>2</total>
				<timestamp>2335.692133</timestamp>
			</report>
			<report>
				<misses>6320001</misses>
				<total>2</total>
				<timestamp>2336.061785</timestamp>
			</report>
			<report>
				<misses>6321001</misses>
				<total>2</total>
				<timestamp>2336.431468</timestamp>
			</report>
			<report>
				<misses>6322001</misses>
				<total>2</total>
				<timestamp>2336.801053</timestamp>
			</report>
			<report>
				<misses>6323001</misses>
				<total>2</total>
				<timestamp>2337.170702</timestamp>
			</report>
			<report>
				<misses>6324001</misses>
				<total>1</total>
				<timestamp>2337.540386</timestamp>
			</report>
			<report>
				<misses>6325001</misses>
				<total>2</total>
				<timestamp>2337.909944</timestamp>
			</report>
			<report>
				<misses>6326001</misses>
				<total>2</total>
				<timestamp>2338.279618</timestamp>
			</report>
			<report>
				<misses>6327001</misses>
				<total>2</total>
				<timestamp>2338.649215</timestamp>
			</report>
			<report>
				<misses>6328001</misses>
				<total>2</total>
				<timestamp>2339.018808</timestamp>
			</report>
			<report>
				<misses>6329001</misses>
				<total>2</total>
				<timestamp>2339.388430</timestamp>
			</report>
			<report>
				<misses>6330001</misses>
				<total>2</total>
				<timestamp>2339.758071</timestamp>
			</report>
			<report>
				<misses>6331001</misses>
				<total>2</total>
				<timestamp>2340.127758</timestamp>
			</report>
			<report>
				<misses>6332001</misses>
				<total>2</total>
				<timestamp>2340.497356</timestamp>
			</report>
			<report>
				<misses>6333001</misses>
				<total>2</total>
				<timestamp>2340.867020</timestamp>
			</report>
			<report>
				<misses>6334001</misses>
				<total>2</total>
				<timestamp>2341.236652</timestamp>
			</report>
			<report>
				<misses>6335001</misses>
				<total>2</total>
				<timestamp>2341.606249</timestamp>
			</report>
			<report>
				<misses>6336001</misses>
				<total>2</total>
				<timestamp>2341.975841</timestamp>
			</report>
			<report>
				<misses>6337001</misses>
				<total>2</total>
				<timestamp>2342.345516</timestamp>
			</report>
			<report>
				<misses>6338001</misses>
				<total>2</total>
				<timestamp>2342.715098</timestamp>
			</report>
			<report>
				<misses>6339001</misses>
				<total>2</total>
				<timestamp>2343.084769</timestamp>
			</report>
			<report>
				<misses>6340001</misses>
				<total>2</total>
				<timestamp>2343.454393</timestamp>
			</report>
			<report>
				<misses>6341001</misses>
				<total>2</total>
				<timestamp>2343.823985</timestamp>
			</report>
			<report>
				<misses>6342001</misses>
				<total>2</total>
				<timestamp>2344.193703</timestamp>
			</report>
			<report>
				<misses>6343001</misses>
				<total>2</total>
				<timestamp>2344.563295</timestamp>
			</report>
			<report>
				<misses>6344001</misses>
				<total>2</total>
				<timestamp>2344.932911</timestamp>
			</report>
			<report>
				<misses>6345001</misses>
				<total>2</total>
				<timestamp>2345.302530</timestamp>
			</report>
			<report>
				<misses>6346001</misses>
				<total>2</total>
				<timestamp>2345.672198</timestamp>
			</report>
			<report>
				<misses>6347001</misses>
				<total>2</total>
				<timestamp>2346.041837</timestamp>
			</report>
			<report>
				<misses>6348001</misses>
				<total>2</total>
				<timestamp>2346.411431</timestamp>
			</report>
			<report>
				<misses>6349001</misses>
				<total>2</total>
				<timestamp>2346.781147</timestamp>
			</report>
			<report>
				<misses>6350001</misses>
				<total>2</total>
				<timestamp>2347.150718</timestamp>
			</report>
			<report>
				<misses>6351001</misses>
				<total>2</total>
				<timestamp>2347.520331</timestamp>
			</report>
			<report>
				<misses>6352001</misses>
				<total>2</total>
				<timestamp>2347.889979</timestamp>
			</report>
			<report>
				<misses>6353001</misses>
				<total>2</total>
				<timestamp>2348.259579</timestamp>
			</report>
			<report>
				<misses>6354001</misses>
				<total>2</total>
				<timestamp>2348.629230</timestamp>
			</report>
			<report>
				<misses>6355001</misses>
				<total>2</total>
				<timestamp>2348.998824</timestamp>
			</report>
			<report>
				<misses>6356001</misses>
				<total>2</total>
				<timestamp>2349.368490</timestamp>
			</report>
			<report>
				<misses>6357001</misses>
				<total>2</total>
				<timestamp>2349.738077</timestamp>
			</report>
			<report>
				<misses>6358001</misses>
				<total>2</total>
				<timestamp>2350.107727</timestamp>
			</report>
			<report>
				<misses>6359001</misses>
				<total>2</total>
				<timestamp>2350.477350</timestamp>
			</report>
			<report>
				<misses>6360001</misses>
				<total>2</total>
				<timestamp>2350.846971</timestamp>
			</report>
			<report>
				<misses>6361001</misses>
				<total>2</total>
				<timestamp>2351.216691</timestamp>
			</report>
			<report>
				<misses>6362001</misses>
				<total>2</total>
				<timestamp>2351.586253</timestamp>
			</report>
			<report>
				<misses>6363001</misses>
				<total>2</total>
				<timestamp>2351.955914</timestamp>
			</report>
			<report>
				<misses>6364001</misses>
				<total>2</total>
				<timestamp>2352.325496</timestamp>
			</report>
			<report>
				<misses>6365001</misses>
				<total>2</total>
				<timestamp>2352.695122</timestamp>
			</report>
			<report>
				<misses>6366001</misses>
				<total>2</total>
				<timestamp>2353.064759</timestamp>
			</report>
			<report>
				<misses>6367001</misses>
				<total>2</total>
				<timestamp>2353.434426</timestamp>
			</report>
			<report>
				<misses>6368001</misses>
				<total>2</total>
				<timestamp>2353.804008</timestamp>
			</report>
			<report>
				<misses>6369001</misses>
				<total>2</total>
				<timestamp>2354.173724</timestamp>
			</report>
			<report>
				<misses>6370001</misses>
				<total>2</total>
				<timestamp>2354.543260</timestamp>
			</report>
			<report>
				<misses>6371001</misses>
				<total>2</total>
				<timestamp>2354.912931</timestamp>
			</report>
			<report>
				<misses>6372001</misses>
				<total>2</total>
				<timestamp>2355.282532</timestamp>
			</report>
			<report>
				<misses>6373001</misses>
				<total>1</total>
				<timestamp>2355.652296</timestamp>
			</report>
			<report>
				<misses>6374001</misses>
				<total>2</total>
				<timestamp>2356.021796</timestamp>
			</report>
			<report>
				<misses>6375001</misses>
				<total>2</total>
				<timestamp>2356.391512</timestamp>
			</report>
			<report>
				<misses>6376001</misses>
				<total>2</total>
				<timestamp>2356.761073</timestamp>
			</report>
			<report>
				<misses>6377001</misses>
				<total>2</total>
				<timestamp>2357.130674</timestamp>
			</report>
			<report>
				<misses>6378001</misses>
				<total>2</total>
				<timestamp>2357.500363</timestamp>
			</report>
			<report>
				<misses>6379001</misses>
				<total>2</total>
				<timestamp>2357.869955</timestamp>
			</report>
			<report>
				<misses>6380001</misses>
				<total>2</total>
				<timestamp>2358.239646</timestamp>
			</report>
			<report>
				<misses>6381001</misses>
				<total>2</total>
				<timestamp>2358.609233</timestamp>
			</report>
			<report>
				<misses>6382001</misses>
				<total>2</total>
				<timestamp>2358.978868</timestamp>
			</report>
			<report>
				<misses>6383001</misses>
				<total>2</total>
				<timestamp>2359.348547</timestamp>
			</report>
			<report>
				<misses>6384001</misses>
				<total>2</total>
				<timestamp>2359.718101</timestamp>
			</report>
			<report>
				<misses>6385001</misses>
				<total>2</total>
				<timestamp>2360.087801</timestamp>
			</report>
			<report>
				<misses>6386001</misses>
				<total>2</total>
				<timestamp>2360.457401</timestamp>
			</report>
			<report>
				<misses>6387001</misses>
				<total>2</total>
				<timestamp>2360.827012</timestamp>
			</report>
			<report>
				<misses>6388001</misses>
				<total>2</total>
				<timestamp>2361.196648</timestamp>
			</report>
			<report>
				<misses>6389001</misses>
				<total>2</total>
				<timestamp>2361.566234</timestamp>
			</report>
			<report>
				<misses>6390001</misses>
				<total>2</total>
				<timestamp>2361.935881</timestamp>
			</report>
			<report>
				<misses>6391001</misses>
				<total>2</total>
				<timestamp>2362.305497</timestamp>
			</report>
			<report>
				<misses>6392001</misses>
				<total>2</total>
				<timestamp>2362.675147</timestamp>
			</report>
			<report>
				<misses>6393001</misses>
				<total>2</total>
				<timestamp>2363.044835</timestamp>
			</report>
			<report>
				<misses>6394001</misses>
				<total>2</total>
				<timestamp>2363.414423</timestamp>
			</report>
			<report>
				<misses>6395001</misses>
				<total>2</total>
				<timestamp>2363.784093</timestamp>
			</report>
			<report>
				<misses>6396001</misses>
				<total>2</total>
				<timestamp>2364.153645</timestamp>
			</report>
			<report>
				<misses>6397001</misses>
				<total>2</total>
				<timestamp>2364.523270</timestamp>
			</report>
			<report>
				<misses>6398001</misses>
				<total>2</total>
				<timestamp>2364.892923</timestamp>
			</report>
			<report>
				<misses>6399001</misses>
				<total>2</total>
				<timestamp>2365.262544</timestamp>
			</report>
			<report>
				<misses>6400001</misses>
				<total>2</total>
				<timestamp>2365.632172</timestamp>
			</report>
			<report>
				<misses>6401001</misses>
				<total>2</total>
				<timestamp>2366.001800</timestamp>
			</report>
			<report>
				<misses>6402001</misses>
				<total>2</total>
				<timestamp>2366.371459</timestamp>
			</report>
			<report>
				<misses>6403001</misses>
				<total>2</total>
				<timestamp>2366.741102</timestamp>
			</report>
			<report>
				<misses>6404001</misses>
				<total>2</total>
				<timestamp>2367.110771</timestamp>
			</report>
			<report>
				<misses>6405001</misses>
				<total>2</total>
				<timestamp>2367.480324</timestamp>
			</report>
			<report>
				<misses>6406001</misses>
				<total>2</total>
				<timestamp>2367.849976</timestamp>
			</report>
			<report>
				<misses>6407001</misses>
				<total>2</total>
				<timestamp>2368.219578</timestamp>
			</report>
			<report>
				<misses>6408001</misses>
				<total>2</total>
				<timestamp>2368.589249</timestamp>
			</report>
			<report>
				<misses>6409001</misses>
				<total>2</total>
				<timestamp>2368.958916</timestamp>
			</report>
			<report>
				<misses>6410001</misses>
				<total>2</total>
				<timestamp>2369.328505</timestamp>
			</report>
			<report>
				<misses>6411001</misses>
				<total>2</total>
				<timestamp>2369.698130</timestamp>
			</report>
			<report>
				<misses>6412001</misses>
				<total>2</total>
				<timestamp>2370.067736</timestamp>
			</report>
			<report>
				<misses>6413001</misses>
				<total>2</total>
				<timestamp>2370.437413</timestamp>
			</report>
			<report>
				<misses>6414001</misses>
				<total>2</total>
				<timestamp>2370.807062</timestamp>
			</report>
			<report>
				<misses>6415001</misses>
				<total>2</total>
				<timestamp>2371.176623</timestamp>
			</report>
			<report>
				<misses>6416001</misses>
				<total>1</total>
				<timestamp>2371.546414</timestamp>
			</report>
			<report>
				<misses>6417001</misses>
				<total>1</total>
				<timestamp>2371.915977</timestamp>
			</report>
			<report>
				<misses>6418001</misses>
				<total>2</total>
				<timestamp>2372.285550</timestamp>
			</report>
			<report>
				<misses>6419001</misses>
				<total>2</total>
				<timestamp>2372.655194</timestamp>
			</report>
			<report>
				<misses>6420001</misses>
				<total>2</total>
				<timestamp>2373.024814</timestamp>
			</report>
			<report>
				<misses>6421001</misses>
				<total>2</total>
				<timestamp>2373.394395</timestamp>
			</report>
			<report>
				<misses>6422001</misses>
				<total>2</total>
				<timestamp>2373.764063</timestamp>
			</report>
			<report>
				<misses>6423001</misses>
				<total>2</total>
				<timestamp>2374.133664</timestamp>
			</report>
			<report>
				<misses>6424001</misses>
				<total>2</total>
				<timestamp>2374.503358</timestamp>
			</report>
			<report>
				<misses>6425001</misses>
				<total>2</total>
				<timestamp>2374.872913</timestamp>
			</report>
			<report>
				<misses>6426001</misses>
				<total>2</total>
				<timestamp>2375.242550</timestamp>
			</report>
			<report>
				<misses>6427001</misses>
				<total>2</total>
				<timestamp>2375.612212</timestamp>
			</report>
			<report>
				<misses>6428001</misses>
				<total>2</total>
				<timestamp>2375.981876</timestamp>
			</report>
			<report>
				<misses>6429001</misses>
				<total>2</total>
				<timestamp>2376.351476</timestamp>
			</report>
			<report>
				<misses>6430001</misses>
				<total>2</total>
				<timestamp>2376.721104</timestamp>
			</report>
			<report>
				<misses>6431001</misses>
				<total>2</total>
				<timestamp>2377.090716</timestamp>
			</report>
			<report>
				<misses>6432001</misses>
				<total>2</total>
				<timestamp>2377.460378</timestamp>
			</report>
			<report>
				<misses>6433001</misses>
				<total>2</total>
				<timestamp>2377.830020</timestamp>
			</report>
			<report>
				<misses>6434001</misses>
				<total>1</total>
				<timestamp>2378.199731</timestamp>
			</report>
			<report>
				<misses>6435001</misses>
				<total>2</total>
				<timestamp>2378.569284</timestamp>
			</report>
			<report>
				<misses>6436001</misses>
				<total>2</total>
				<timestamp>2378.938899</timestamp>
			</report>
			<report>
				<misses>6437001</misses>
				<total>2</total>
				<timestamp>2379.308533</timestamp>
			</report>
			<report>
				<misses>6438001</misses>
				<total>2</total>
				<timestamp>2379.678169</timestamp>
			</report>
			<report>
				<misses>6439001</misses>
				<total>2</total>
				<timestamp>2380.047788</timestamp>
			</report>
			<report>
				<misses>6440001</misses>
				<total>2</total>
				<timestamp>2380.417419</timestamp>
			</report>
			<report>
				<misses>6441001</misses>
				<total>2</total>
				<timestamp>2380.787027</timestamp>
			</report>
			<report>
				<misses>6442001</misses>
				<total>2</total>
				<timestamp>2381.156703</timestamp>
			</report>
			<report>
				<misses>6443001</misses>
				<total>1</total>
				<timestamp>2381.526415</timestamp>
			</report>
			<report>
				<misses>6444001</misses>
				<total>1</total>
				<timestamp>2381.895999</timestamp>
			</report>
			<report>
				<misses>6445001</misses>
				<total>2</total>
				<timestamp>2382.265564</timestamp>
			</report>
			<report>
				<misses>6446001</misses>
				<total>2</total>
				<timestamp>2382.635233</timestamp>
			</report>
			<report>
				<misses>6447001</misses>
				<total>2</total>
				<timestamp>2383.004852</timestamp>
			</report>
			<report>
				<misses>6448001</misses>
				<total>2</total>
				<timestamp>2383.374443</timestamp>
			</report>
			<report>
				<misses>6449001</misses>
				<total>2</total>
				<timestamp>2383.744081</timestamp>
			</report>
			<report>
				<misses>6450001</misses>
				<total>2</total>
				<timestamp>2384.113716</timestamp>
			</report>
			<report>
				<misses>6451001</misses>
				<total>2</total>
				<timestamp>2384.483321</timestamp>
			</report>
			<report>
				<misses>6452001</misses>
				<total>2</total>
				<timestamp>2384.852975</timestamp>
			</report>
			<report>
				<misses>6453001</misses>
				<total>2</total>
				<timestamp>2385.222553</timestamp>
			</report>
			<report>
				<misses>6454001</misses>
				<total>2</total>
				<timestamp>2385.592191</timestamp>
			</report>
			<report>
				<misses>6455001</misses>
				<total>1</total>
				<timestamp>2385.961920</timestamp>
			</report>
			<report>
				<misses>6456001</misses>
				<total>2</total>
				<timestamp>2386.331446</timestamp>
			</report>
			<report>
				<misses>6457001</misses>
				<total>2</total>
				<timestamp>2386.701118</timestamp>
			</report>
			<report>
				<misses>6458001</misses>
				<total>2</total>
				<timestamp>2387.070697</timestamp>
			</report>
			<report>
				<misses>6459001</misses>
				<total>2</total>
				<timestamp>2387.440358</timestamp>
			</report>
			<report>
				<misses>6460001</misses>
				<total>2</total>
				<timestamp>2387.810016</timestamp>
			</report>
			<report>
				<misses>6461001</misses>
				<total>2</total>
				<timestamp>2388.179614</timestamp>
			</report>
			<report>
				<misses>6462001</misses>
				<total>2</total>
				<timestamp>2388.549282</timestamp>
			</report>
			<report>
				<misses>6463001</misses>
				<total>2</total>
				<timestamp>2388.918893</timestamp>
			</report>
			<report>
				<misses>6464001</misses>
				<total>2</total>
				<timestamp>2389.288507</timestamp>
			</report>
			<report>
				<misses>6465001</misses>
				<total>2</total>
				<timestamp>2389.658163</timestamp>
			</report>
			<report>
				<misses>6466001</misses>
				<total>2</total>
				<timestamp>2390.027748</timestamp>
			</report>
			<report>
				<misses>6467001</misses>
				<total>2</total>
				<timestamp>2390.397388</timestamp>
			</report>
			<report>
				<misses>6468001</misses>
				<total>2</total>
				<timestamp>2390.767083</timestamp>
			</report>
			<report>
				<misses>6469001</misses>
				<total>2</total>
				<timestamp>2391.136628</timestamp>
			</report>
			<report>
				<misses>6470001</misses>
				<total>2</total>
				<timestamp>2391.506350</timestamp>
			</report>
			<report>
				<misses>6471001</misses>
				<total>1</total>
				<timestamp>2391.875995</timestamp>
			</report>
			<report>
				<misses>6472001</misses>
				<total>2</total>
				<timestamp>2392.245596</timestamp>
			</report>
			<report>
				<misses>6473001</misses>
				<total>2</total>
				<timestamp>2392.615158</timestamp>
			</report>
			<report>
				<misses>6474001</misses>
				<total>2</total>
				<timestamp>2392.984853</timestamp>
			</report>
			<report>
				<misses>6475001</misses>
				<total>2</total>
				<timestamp>2393.354441</timestamp>
			</report>
			<report>
				<misses>6476001</misses>
				<total>2</total>
				<timestamp>2393.724073</timestamp>
			</report>
			<report>
				<misses>6477001</misses>
				<total>2</total>
				<timestamp>2394.093701</timestamp>
			</report>
			<report>
				<misses>6478001</misses>
				<total>2</total>
				<timestamp>2394.463361</timestamp>
			</report>
			<report>
				<misses>6479001</misses>
				<total>1</total>
				<timestamp>2394.833049</timestamp>
			</report>
			<report>
				<misses>6480001</misses>
				<total>1</total>
				<timestamp>2395.202662</timestamp>
			</report>
			<report>
				<misses>6481001</misses>
				<total>2</total>
				<timestamp>2395.572261</timestamp>
			</report>
			<report>
				<misses>6482001</misses>
				<total>2</total>
				<timestamp>2395.941814</timestamp>
			</report>
			<report>
				<misses>6483001</misses>
				<total>2</total>
				<timestamp>2396.311509</timestamp>
			</report>
			<report>
				<misses>6484001</misses>
				<total>2</total>
				<timestamp>2396.681133</timestamp>
			</report>
			<report>
				<misses>6485001</misses>
				<total>2</total>
				<timestamp>2397.050721</timestamp>
			</report>
			<report>
				<misses>6486001</misses>
				<total>2</total>
				<timestamp>2397.420378</timestamp>
			</report>
			<report>
				<misses>6487001</misses>
				<total>2</total>
				<timestamp>2397.790027</timestamp>
			</report>
			<report>
				<misses>6488001</misses>
				<total>2</total>
				<timestamp>2398.159661</timestamp>
			</report>
			<report>
				<misses>6489001</misses>
				<total>2</total>
				<timestamp>2398.529362</timestamp>
			</report>
			<report>
				<misses>6490001</misses>
				<total>2</total>
				<timestamp>2398.898878</timestamp>
			</report>
			<report>
				<misses>6491001</misses>
				<total>2</total>
				<timestamp>2399.268485</timestamp>
			</report>
			<report>
				<misses>6492001</misses>
				<total>2</total>
				<timestamp>2399.638171</timestamp>
			</report>
			<report>
				<misses>6493001</misses>
				<total>2</total>
				<timestamp>2400.007751</timestamp>
			</report>
			<report>
				<misses>6494001</misses>
				<total>2</total>
				<timestamp>2400.377389</timestamp>
			</report>
			<report>
				<misses>6495001</misses>
				<total>2</total>
				<timestamp>2400.747078</timestamp>
			</report>
			<report>
				<misses>6496001</misses>
				<total>2</total>
				<timestamp>2401.116655</timestamp>
			</report>
			<report>
				<misses>6497001</misses>
				<total>2</total>
				<timestamp>2401.486318</timestamp>
			</report>
			<report>
				<misses>6498001</misses>
				<total>2</total>
				<timestamp>2401.855943</timestamp>
			</report>
			<report>
				<misses>6499001</misses>
				<total>2</total>
				<timestamp>2402.225552</timestamp>
			</report>
			<report>
				<misses>6500001</misses>
				<total>2</total>
				<timestamp>2402.595251</timestamp>
			</report>
			<report>
				<misses>6501001</misses>
				<total>1</total>
				<timestamp>2402.964941</timestamp>
			</report>
			<report>
				<misses>6502001</misses>
				<total>2</total>
				<timestamp>2403.334449</timestamp>
			</report>
			<report>
				<misses>6503001</misses>
				<total>2</total>
				<timestamp>2403.704119</timestamp>
			</report>
			<report>
				<misses>6504001</misses>
				<total>2</total>
				<timestamp>2404.073773</timestamp>
			</report>
			<report>
				<misses>6505001</misses>
				<total>1</total>
				<timestamp>2404.443434</timestamp>
			</report>
			<report>
				<misses>6506001</misses>
				<total>2</total>
				<timestamp>2404.813013</timestamp>
			</report>
			<report>
				<misses>6507001</misses>
				<total>2</total>
				<timestamp>2405.182628</timestamp>
			</report>
			<report>
				<misses>6508001</misses>
				<total>2</total>
				<timestamp>2405.552289</timestamp>
			</report>
			<report>
				<misses>6509001</misses>
				<total>2</total>
				<timestamp>2405.921857</timestamp>
			</report>
			<report>
				<misses>6510001</misses>
				<total>2</total>
				<timestamp>2406.291505</timestamp>
			</report>
			<report>
				<misses>6511001</misses>
				<total>2</total>
				<timestamp>2406.661167</timestamp>
			</report>
			<report>
				<misses>6512001</misses>
				<total>2</total>
				<timestamp>2407.030719</timestamp>
			</report>
			<report>
				<misses>6513001</misses>
				<total>1</total>
				<timestamp>2407.400469</timestamp>
			</report>
			<report>
				<misses>6514001</misses>
				<total>2</total>
				<timestamp>2407.769987</timestamp>
			</report>
			<report>
				<misses>6515001</misses>
				<total>2</total>
				<timestamp>2408.139632</timestamp>
			</report>
			<report>
				<misses>6516001</misses>
				<total>2</total>
				<timestamp>2408.509309</timestamp>
			</report>
			<report>
				<misses>6517001</misses>
				<total>2</total>
				<timestamp>2408.878872</timestamp>
			</report>
			<report>
				<misses>6518001</misses>
				<total>2</total>
				<timestamp>2409.248511</timestamp>
			</report>
			<report>
				<misses>6519001</misses>
				<total>2</total>
				<timestamp>2409.618171</timestamp>
			</report>
			<report>
				<misses>6520001</misses>
				<total>2</total>
				<timestamp>2409.987768</timestamp>
			</report>
			<report>
				<misses>6521001</misses>
				<total>2</total>
				<timestamp>2410.357429</timestamp>
			</report>
			<report>
				<misses>6522001</misses>
				<total>2</total>
				<timestamp>2410.727155</timestamp>
			</report>
			<report>
				<misses>6523001</misses>
				<total>2</total>
				<timestamp>2411.096685</timestamp>
			</report>
			<report>
				<misses>6524001</misses>
				<total>2</total>
				<timestamp>2411.466341</timestamp>
			</report>
			<report>
				<misses>6525001</misses>
				<total>2</total>
				<timestamp>2411.835977</timestamp>
			</report>
			<report>
				<misses>6526001</misses>
				<total>2</total>
				<timestamp>2412.205551</timestamp>
			</report>
			<report>
				<misses>6527001</misses>
				<total>2</total>
				<timestamp>2412.575275</timestamp>
			</report>
			<report>
				<misses>6528001</misses>
				<total>2</total>
				<timestamp>2412.944827</timestamp>
			</report>
			<report>
				<misses>6529001</misses>
				<total>2</total>
				<timestamp>2413.314450</timestamp>
			</report>
			<report>
				<misses>6530001</misses>
				<total>2</total>
				<timestamp>2413.684138</timestamp>
			</report>
			<report>
				<misses>6531001</misses>
				<total>1</total>
				<timestamp>2414.053786</timestamp>
			</report>
			<report>
				<misses>6532001</misses>
				<total>1</total>
				<timestamp>2414.423473</timestamp>
			</report>
			<report>
				<misses>6533001</misses>
				<total>2</total>
				<timestamp>2414.792970</timestamp>
			</report>
			<report>
				<misses>6534001</misses>
				<total>2</total>
				<timestamp>2415.162631</timestamp>
			</report>
			<report>
				<misses>6535001</misses>
				<total>2</total>
				<timestamp>2415.532293</timestamp>
			</report>
			<report>
				<misses>6536001</misses>
				<total>2</total>
				<timestamp>2415.901893</timestamp>
			</report>
			<report>
				<misses>6537001</misses>
				<total>2</total>
				<timestamp>2416.271476</timestamp>
			</report>
			<report>
				<misses>6538001</misses>
				<total>2</total>
				<timestamp>2416.641132</timestamp>
			</report>
			<report>
				<misses>6539001</misses>
				<total>2</total>
				<timestamp>2417.010731</timestamp>
			</report>
			<report>
				<misses>6540001</misses>
				<total>2</total>
				<timestamp>2417.380360</timestamp>
			</report>
			<report>
				<misses>6541001</misses>
				<total>2</total>
				<timestamp>2417.750052</timestamp>
			</report>
			<report>
				<misses>6542001</misses>
				<total>2</total>
				<timestamp>2418.119631</timestamp>
			</report>
			<report>
				<misses>6543001</misses>
				<total>2</total>
				<timestamp>2418.489338</timestamp>
			</report>
			<report>
				<misses>6544001</misses>
				<total>1</total>
				<timestamp>2418.859027</timestamp>
			</report>
			<report>
				<misses>6545001</misses>
				<total>2</total>
				<timestamp>2419.228528</timestamp>
			</report>
			<report>
				<misses>6546001</misses>
				<total>1</total>
				<timestamp>2419.598259</timestamp>
			</report>
			<report>
				<misses>6547001</misses>
				<total>2</total>
				<timestamp>2419.967805</timestamp>
			</report>
			<report>
				<misses>6548001</misses>
				<total>2</total>
				<timestamp>2420.337437</timestamp>
			</report>
			<report>
				<misses>6549001</misses>
				<total>2</total>
				<timestamp>2420.707088</timestamp>
			</report>
			<report>
				<misses>6550001</misses>
				<total>2</total>
				<timestamp>2421.076654</timestamp>
			</report>
			<report>
				<misses>6551001</misses>
				<total>2</total>
				<timestamp>2421.446359</timestamp>
			</report>
			<report>
				<misses>6552001</misses>
				<total>2</total>
				<timestamp>2421.815912</timestamp>
			</report>
			<report>
				<misses>6553001</misses>
				<total>2</total>
				<timestamp>2422.185545</timestamp>
			</report>
			<report>
				<misses>6554001</misses>
				<total>2</total>
				<timestamp>2422.555214</timestamp>
			</report>
			<report>
				<misses>6555001</misses>
				<total>2</total>
				<timestamp>2422.924831</timestamp>
			</report>
			<report>
				<misses>6556001</misses>
				<total>2</total>
				<timestamp>2423.294460</timestamp>
			</report>
			<report>
				<misses>6557001</misses>
				<total>2</total>
				<timestamp>2423.664137</timestamp>
			</report>
			<report>
				<misses>6558001</misses>
				<total>2</total>
				<timestamp>2424.033734</timestamp>
			</report>
			<report>
				<misses>6559001</misses>
				<total>2</total>
				<timestamp>2424.403348</timestamp>
			</report>
			<report>
				<misses>6560001</misses>
				<total>2</total>
				<timestamp>2424.773041</timestamp>
			</report>
			<report>
				<misses>6561001</misses>
				<total>2</total>
				<timestamp>2425.142645</timestamp>
			</report>
			<report>
				<misses>6562001</misses>
				<total>2</total>
				<timestamp>2425.512250</timestamp>
			</report>
			<report>
				<misses>6563001</misses>
				<total>2</total>
				<timestamp>2425.881997</timestamp>
			</report>
			<report>
				<misses>6564001</misses>
				<total>2</total>
				<timestamp>2426.251479</timestamp>
			</report>
			<report>
				<misses>6565001</misses>
				<total>2</total>
				<timestamp>2426.621185</timestamp>
			</report>
			<report>
				<misses>6566001</misses>
				<total>2</total>
				<timestamp>2426.990816</timestamp>
			</report>
			<report>
				<misses>6567001</misses>
				<total>2</total>
				<timestamp>2427.360440</timestamp>
			</report>
			<report>
				<misses>6568001</misses>
				<total>2</total>
				<timestamp>2427.730055</timestamp>
			</report>
			<report>
				<misses>6569001</misses>
				<total>2</total>
				<timestamp>2428.099640</timestamp>
			</report>
			<report>
				<misses>6570001</misses>
				<total>2</total>
				<timestamp>2428.469254</timestamp>
			</report>
			<report>
				<misses>6571001</misses>
				<total>2</total>
				<timestamp>2428.838920</timestamp>
			</report>
			<report>
				<misses>6572001</misses>
				<total>2</total>
				<timestamp>2429.208530</timestamp>
			</report>
			<report>
				<misses>6573001</misses>
				<total>2</total>
				<timestamp>2429.578161</timestamp>
			</report>
			<report>
				<misses>6574001</misses>
				<total>2</total>
				<timestamp>2429.947813</timestamp>
			</report>
			<report>
				<misses>6575001</misses>
				<total>2</total>
				<timestamp>2430.317446</timestamp>
			</report>
			<report>
				<misses>6576001</misses>
				<total>2</total>
				<timestamp>2430.687036</timestamp>
			</report>
			<report>
				<misses>6577001</misses>
				<total>2</total>
				<timestamp>2431.056695</timestamp>
			</report>
			<report>
				<misses>6578001</misses>
				<total>2</total>
				<timestamp>2431.426314</timestamp>
			</report>
			<report>
				<misses>6579001</misses>
				<total>1</total>
				<timestamp>2431.796048</timestamp>
			</report>
			<report>
				<misses>6580001</misses>
				<total>2</total>
				<timestamp>2432.165610</timestamp>
			</report>
			<report>
				<misses>6581001</misses>
				<total>2</total>
				<timestamp>2432.535201</timestamp>
			</report>
			<report>
				<misses>6582001</misses>
				<total>2</total>
				<timestamp>2432.904897</timestamp>
			</report>
			<report>
				<misses>6583001</misses>
				<total>2</total>
				<timestamp>2433.274477</timestamp>
			</report>
			<report>
				<misses>6584001</misses>
				<total>2</total>
				<timestamp>2433.644130</timestamp>
			</report>
			<report>
				<misses>6585001</misses>
				<total>2</total>
				<timestamp>2434.013784</timestamp>
			</report>
			<report>
				<misses>6586001</misses>
				<total>2</total>
				<timestamp>2434.383357</timestamp>
			</report>
			<report>
				<misses>6587001</misses>
				<total>2</total>
				<timestamp>2434.752999</timestamp>
			</report>
			<report>
				<misses>6588001</misses>
				<total>2</total>
				<timestamp>2435.122629</timestamp>
			</report>
			<report>
				<misses>6589001</misses>
				<total>2</total>
				<timestamp>2435.492280</timestamp>
			</report>
			<report>
				<misses>6590001</misses>
				<total>1</total>
				<timestamp>2435.861974</timestamp>
			</report>
			<report>
				<misses>6591001</misses>
				<total>2</total>
				<timestamp>2436.231499</timestamp>
			</report>
			<report>
				<misses>6592001</misses>
				<total>2</total>
				<timestamp>2436.601191</timestamp>
			</report>
			<report>
				<misses>6593001</misses>
				<total>2</total>
				<timestamp>2436.970786</timestamp>
			</report>
			<report>
				<misses>6594001</misses>
				<total>1</total>
				<timestamp>2437.340486</timestamp>
			</report>
			<report>
				<misses>6595001</misses>
				<total>2</total>
				<timestamp>2437.710106</timestamp>
			</report>
			<report>
				<misses>6596001</misses>
				<total>2</total>
				<timestamp>2438.079712</timestamp>
			</report>
			<report>
				<misses>6597001</misses>
				<total>2</total>
				<timestamp>2438.449334</timestamp>
			</report>
			<report>
				<misses>6598001</misses>
				<total>2</total>
				<timestamp>2438.818959</timestamp>
			</report>
			<report>
				<misses>6599001</misses>
				<total>2</total>
				<timestamp>2439.188571</timestamp>
			</report>
			<report>
				<misses>6600001</misses>
				<total>2</total>
				<timestamp>2439.558195</timestamp>
			</report>
			<report>
				<misses>6601001</misses>
				<total>1</total>
				<timestamp>2439.927948</timestamp>
			</report>
			<report>
				<misses>6602001</misses>
				<total>2</total>
				<timestamp>2440.297470</timestamp>
			</report>
			<report>
				<misses>6603001</misses>
				<total>2</total>
				<timestamp>2440.667112</timestamp>
			</report>
			<report>
				<misses>6604001</misses>
				<total>2</total>
				<timestamp>2441.036685</timestamp>
			</report>
			<report>
				<misses>6605001</misses>
				<total>2</total>
				<timestamp>2441.406336</timestamp>
			</report>
			<report>
				<misses>6606001</misses>
				<total>2</total>
				<timestamp>2441.776013</timestamp>
			</report>
			<report>
				<misses>6607001</misses>
				<total>2</total>
				<timestamp>2442.145575</timestamp>
			</report>
			<report>
				<misses>6608001</misses>
				<total>2</total>
				<timestamp>2442.515194</timestamp>
			</report>
			<report>
				<misses>6609001</misses>
				<total>2</total>
				<timestamp>2442.884862</timestamp>
			</report>
			<report>
				<misses>6610001</misses>
				<total>2</total>
				<timestamp>2443.254457</timestamp>
			</report>
			<report>
				<misses>6611001</misses>
				<total>1</total>
				<timestamp>2443.624181</timestamp>
			</report>
			<report>
				<misses>6612001</misses>
				<total>2</total>
				<timestamp>2443.993763</timestamp>
			</report>
			<report>
				<misses>6613001</misses>
				<total>2</total>
				<timestamp>2444.363423</timestamp>
			</report>
			<report>
				<misses>6614001</misses>
				<total>2</total>
				<timestamp>2444.732999</timestamp>
			</report>
			<report>
				<misses>6615001</misses>
				<total>2</total>
				<timestamp>2445.102633</timestamp>
			</report>
			<report>
				<misses>6616001</misses>
				<total>2</total>
				<timestamp>2445.472292</timestamp>
			</report>
			<report>
				<misses>6617001</misses>
				<total>2</total>
				<timestamp>2445.841941</timestamp>
			</report>
			<report>
				<misses>6618001</misses>
				<total>2</total>
				<timestamp>2446.211506</timestamp>
			</report>
			<report>
				<misses>6619001</misses>
				<total>2</total>
				<timestamp>2446.581138</timestamp>
			</report>
			<report>
				<misses>6620001</misses>
				<total>2</total>
				<timestamp>2446.950841</timestamp>
			</report>
			<report>
				<misses>6621001</misses>
				<total>1</total>
				<timestamp>2447.320495</timestamp>
			</report>
			<report>
				<misses>6622001</misses>
				<total>2</total>
				<timestamp>2447.690055</timestamp>
			</report>
			<report>
				<misses>6623001</misses>
				<total>2</total>
				<timestamp>2448.059667</timestamp>
			</report>
			<report>
				<misses>6624001</misses>
				<total>2</total>
				<timestamp>2448.429328</timestamp>
			</report>
			<report>
				<misses>6625001</misses>
				<total>2</total>
				<timestamp>2448.798966</timestamp>
			</report>
			<report>
				<misses>6626001</misses>
				<total>2</total>
				<timestamp>2449.168594</timestamp>
			</report>
			<report>
				<misses>6627001</misses>
				<total>2</total>
				<timestamp>2449.538260</timestamp>
			</report>
			<report>
				<misses>6628001</misses>
				<total>2</total>
				<timestamp>2449.907822</timestamp>
			</report>
			<report>
				<misses>6629001</misses>
				<total>2</total>
				<timestamp>2450.277425</timestamp>
			</report>
			<report>
				<misses>6630001</misses>
				<total>2</total>
				<timestamp>2450.647067</timestamp>
			</report>
			<report>
				<misses>6631001</misses>
				<total>2</total>
				<timestamp>2451.016759</timestamp>
			</report>
			<report>
				<misses>6632001</misses>
				<total>2</total>
				<timestamp>2451.386328</timestamp>
			</report>
			<report>
				<misses>6633001</misses>
				<total>2</total>
				<timestamp>2451.756027</timestamp>
			</report>
			<report>
				<misses>6634001</misses>
				<total>2</total>
				<timestamp>2452.125610</timestamp>
			</report>
			<report>
				<misses>6635001</misses>
				<total>2</total>
				<timestamp>2452.495275</timestamp>
			</report>
			<report>
				<misses>6636001</misses>
				<total>2</total>
				<timestamp>2452.864893</timestamp>
			</report>
			<report>
				<misses>6637001</misses>
				<total>1</total>
				<timestamp>2453.234578</timestamp>
			</report>
			<report>
				<misses>6638001</misses>
				<total>1</total>
				<timestamp>2453.604231</timestamp>
			</report>
			<report>
				<misses>6639001</misses>
				<total>1</total>
				<timestamp>2453.973857</timestamp>
			</report>
			<report>
				<misses>6640001</misses>
				<total>2</total>
				<timestamp>2454.343415</timestamp>
			</report>
			<report>
				<misses>6641001</misses>
				<total>2</total>
				<timestamp>2454.713030</timestamp>
			</report>
			<report>
				<misses>6642001</misses>
				<total>2</total>
				<timestamp>2455.082627</timestamp>
			</report>
			<report>
				<misses>6643001</misses>
				<total>2</total>
				<timestamp>2455.452252</timestamp>
			</report>
			<report>
				<misses>6644001</misses>
				<total>1</total>
				<timestamp>2455.822004</timestamp>
			</report>
			<report>
				<misses>6645001</misses>
				<total>2</total>
				<timestamp>2456.191531</timestamp>
			</report>
			<report>
				<misses>6646001</misses>
				<total>2</total>
				<timestamp>2456.561165</timestamp>
			</report>
			<report>
				<misses>6647001</misses>
				<total>2</total>
				<timestamp>2456.930821</timestamp>
			</report>
			<report>
				<misses>6648001</misses>
				<total>2</total>
				<timestamp>2457.300397</timestamp>
			</report>
			<report>
				<misses>6649001</misses>
				<total>2</total>
				<timestamp>2457.670043</timestamp>
			</report>
			<report>
				<misses>6650001</misses>
				<total>2</total>
				<timestamp>2458.039689</timestamp>
			</report>
			<report>
				<misses>6651001</misses>
				<total>2</total>
				<timestamp>2458.409290</timestamp>
			</report>
			<report>
				<misses>6652001</misses>
				<total>2</total>
				<timestamp>2458.778998</timestamp>
			</report>
			<report>
				<misses>6653001</misses>
				<total>2</total>
				<timestamp>2459.148565</timestamp>
			</report>
			<report>
				<misses>6654001</misses>
				<total>2</total>
				<timestamp>2459.518295</timestamp>
			</report>
			<report>
				<misses>6655001</misses>
				<total>2</total>
				<timestamp>2459.887857</timestamp>
			</report>
			<report>
				<misses>6656001</misses>
				<total>2</total>
				<timestamp>2460.257463</timestamp>
			</report>
			<report>
				<misses>6657001</misses>
				<total>2</total>
				<timestamp>2460.627098</timestamp>
			</report>
			<report>
				<misses>6658001</misses>
				<total>2</total>
				<timestamp>2460.996829</timestamp>
			</report>
			<report>
				<misses>6659001</misses>
				<total>2</total>
				<timestamp>2461.366375</timestamp>
			</report>
			<report>
				<misses>6660001</misses>
				<total>2</total>
				<timestamp>2461.736007</timestamp>
			</report>
			<report>
				<misses>6661001</misses>
				<total>2</total>
				<timestamp>2462.105611</timestamp>
			</report>
			<report>
				<misses>6662001</misses>
				<total>2</total>
				<timestamp>2462.475231</timestamp>
			</report>
			<report>
				<misses>6663001</misses>
				<total>2</total>
				<timestamp>2462.844917</timestamp>
			</report>
			<report>
				<misses>6664001</misses>
				<total>2</total>
				<timestamp>2463.214528</timestamp>
			</report>
			<report>
				<misses>6665001</misses>
				<total>2</total>
				<timestamp>2463.584193</timestamp>
			</report>
			<report>
				<misses>6666001</misses>
				<total>2</total>
				<timestamp>2463.953823</timestamp>
			</report>
			<report>
				<misses>6667001</misses>
				<total>2</total>
				<timestamp>2464.323384</timestamp>
			</report>
			<report>
				<misses>6668001</misses>
				<total>2</total>
				<timestamp>2464.693041</timestamp>
			</report>
			<report>
				<misses>6669001</misses>
				<total>2</total>
				<timestamp>2465.062653</timestamp>
			</report>
			<report>
				<misses>6670001</misses>
				<total>2</total>
				<timestamp>2465.432275</timestamp>
			</report>
			<report>
				<misses>6671001</misses>
				<total>2</total>
				<timestamp>2465.801971</timestamp>
			</report>
			<report>
				<misses>6672001</misses>
				<total>2</total>
				<timestamp>2466.171529</timestamp>
			</report>
			<report>
				<misses>6673001</misses>
				<total>2</total>
				<timestamp>2466.541150</timestamp>
			</report>
			<report>
				<misses>6674001</misses>
				<total>2</total>
				<timestamp>2466.910835</timestamp>
			</report>
			<report>
				<misses>6675001</misses>
				<total>2</total>
				<timestamp>2467.280422</timestamp>
			</report>
			<report>
				<misses>6676001</misses>
				<total>2</total>
				<timestamp>2467.650081</timestamp>
			</report>
			<report>
				<misses>6677001</misses>
				<total>2</total>
				<timestamp>2468.019830</timestamp>
			</report>
			<report>
				<misses>6678001</misses>
				<total>2</total>
				<timestamp>2468.389298</timestamp>
			</report>
			<report>
				<misses>6679001</misses>
				<total>2</total>
				<timestamp>2468.758947</timestamp>
			</report>
			<report>
				<misses>6680001</misses>
				<total>2</total>
				<timestamp>2469.128571</timestamp>
			</report>
			<report>
				<misses>6681001</misses>
				<total>1</total>
				<timestamp>2469.498296</timestamp>
			</report>
			<report>
				<misses>6682001</misses>
				<total>2</total>
				<timestamp>2469.867858</timestamp>
			</report>
			<report>
				<misses>6683001</misses>
				<total>2</total>
				<timestamp>2470.237520</timestamp>
			</report>
			<report>
				<misses>6684001</misses>
				<total>2</total>
				<timestamp>2470.607122</timestamp>
			</report>
			<report>
				<misses>6685001</misses>
				<total>1</total>
				<timestamp>2470.976842</timestamp>
			</report>
			<report>
				<misses>6686001</misses>
				<total>2</total>
				<timestamp>2471.346385</timestamp>
			</report>
			<report>
				<misses>6687001</misses>
				<total>2</total>
				<timestamp>2471.716034</timestamp>
			</report>
			<report>
				<misses>6688001</misses>
				<total>2</total>
				<timestamp>2472.085639</timestamp>
			</report>
			<report>
				<misses>6689001</misses>
				<total>2</total>
				<timestamp>2472.455303</timestamp>
			</report>
			<report>
				<misses>6690001</misses>
				<total>2</total>
				<timestamp>2472.824903</timestamp>
			</report>
			<report>
				<misses>6691001</misses>
				<total>2</total>
				<timestamp>2473.194501</timestamp>
			</report>
			<report>
				<misses>6692001</misses>
				<total>2</total>
				<timestamp>2473.564155</timestamp>
			</report>
			<report>
				<misses>6693001</misses>
				<total>2</total>
				<timestamp>2473.933848</timestamp>
			</report>
			<report>
				<misses>6694001</misses>
				<total>2</total>
				<timestamp>2474.303406</timestamp>
			</report>
			<report>
				<misses>6695001</misses>
				<total>2</total>
				<timestamp>2474.673016</timestamp>
			</report>
			<report>
				<misses>6696001</misses>
				<total>2</total>
				<timestamp>2475.042668</timestamp>
			</report>
			<report>
				<misses>6697001</misses>
				<total>2</total>
				<timestamp>2475.412291</timestamp>
			</report>
			<report>
				<misses>6698001</misses>
				<total>2</total>
				<timestamp>2475.781919</timestamp>
			</report>
			<report>
				<misses>6699001</misses>
				<total>2</total>
				<timestamp>2476.151541</timestamp>
			</report>
			<report>
				<misses>6700001</misses>
				<total>2</total>
				<timestamp>2476.521179</timestamp>
			</report>
			<report>
				<misses>6701001</misses>
				<total>2</total>
				<timestamp>2476.890851</timestamp>
			</report>
			<report>
				<misses>6702001</misses>
				<total>2</total>
				<timestamp>2477.260523</timestamp>
			</report>
			<report>
				<misses>6703001</misses>
				<total>2</total>
				<timestamp>2477.630062</timestamp>
			</report>
			<report>
				<misses>6704001</misses>
				<total>2</total>
				<timestamp>2477.999760</timestamp>
			</report>
			<report>
				<misses>6705001</misses>
				<total>2</total>
				<timestamp>2478.369394</timestamp>
			</report>
			<report>
				<misses>6706001</misses>
				<total>2</total>
				<timestamp>2478.739026</timestamp>
			</report>
			<report>
				<misses>6707001</misses>
				<total>2</total>
				<timestamp>2479.108630</timestamp>
			</report>
			<report>
				<misses>6708001</misses>
				<total>2</total>
				<timestamp>2479.478222</timestamp>
			</report>
			<report>
				<misses>6709001</misses>
				<total>2</total>
				<timestamp>2479.847888</timestamp>
			</report>
			<report>
				<misses>6710001</misses>
				<total>2</total>
				<timestamp>2480.217457</timestamp>
			</report>
			<report>
				<misses>6711001</misses>
				<total>2</total>
				<timestamp>2480.587100</timestamp>
			</report>
			<report>
				<misses>6712001</misses>
				<total>2</total>
				<timestamp>2480.956787</timestamp>
			</report>
			<report>
				<misses>6713001</misses>
				<total>2</total>
				<timestamp>2481.326353</timestamp>
			</report>
			<report>
				<misses>6714001</misses>
				<total>2</total>
				<timestamp>2481.696000</timestamp>
			</report>
			<report>
				<misses>6715001</misses>
				<total>2</total>
				<timestamp>2482.065719</timestamp>
			</report>
			<report>
				<misses>6716001</misses>
				<total>2</total>
				<timestamp>2482.435244</timestamp>
			</report>
			<report>
				<misses>6717001</misses>
				<total>2</total>
				<timestamp>2482.804944</timestamp>
			</report>
			<report>
				<misses>6718001</misses>
				<total>2</total>
				<timestamp>2483.174501</timestamp>
			</report>
			<report>
				<misses>6719001</misses>
				<total>2</total>
				<timestamp>2483.544197</timestamp>
			</report>
			<report>
				<misses>6720001</misses>
				<total>2</total>
				<timestamp>2483.913781</timestamp>
			</report>
			<report>
				<misses>6721001</misses>
				<total>2</total>
				<timestamp>2484.283418</timestamp>
			</report>
			<report>
				<misses>6722001</misses>
				<total>2</total>
				<timestamp>2484.653070</timestamp>
			</report>
			<report>
				<misses>6723001</misses>
				<total>2</total>
				<timestamp>2485.022736</timestamp>
			</report>
			<report>
				<misses>6724001</misses>
				<total>2</total>
				<timestamp>2485.392275</timestamp>
			</report>
			<report>
				<misses>6725001</misses>
				<total>2</total>
				<timestamp>2485.761912</timestamp>
			</report>
			<report>
				<misses>6726001</misses>
				<total>2</total>
				<timestamp>2486.131587</timestamp>
			</report>
			<report>
				<misses>6727001</misses>
				<total>2</total>
				<timestamp>2486.501257</timestamp>
			</report>
			<report>
				<misses>6728001</misses>
				<total>2</total>
				<timestamp>2486.870825</timestamp>
			</report>
			<report>
				<misses>6729001</misses>
				<total>1</total>
				<timestamp>2487.240523</timestamp>
			</report>
			<report>
				<misses>6730001</misses>
				<total>2</total>
				<timestamp>2487.610076</timestamp>
			</report>
			<report>
				<misses>6731001</misses>
				<total>2</total>
				<timestamp>2487.979812</timestamp>
			</report>
			<report>
				<misses>6732001</misses>
				<total>2</total>
				<timestamp>2488.349316</timestamp>
			</report>
			<report>
				<misses>6733001</misses>
				<total>2</total>
				<timestamp>2488.718961</timestamp>
			</report>
			<report>
				<misses>6734001</misses>
				<total>2</total>
				<timestamp>2489.088637</timestamp>
			</report>
			<report>
				<misses>6735001</misses>
				<total>2</total>
				<timestamp>2489.458227</timestamp>
			</report>
			<report>
				<misses>6736001</misses>
				<total>1</total>
				<timestamp>2489.827943</timestamp>
			</report>
			<report>
				<misses>6737001</misses>
				<total>2</total>
				<timestamp>2490.197474</timestamp>
			</report>
			<report>
				<misses>6738001</misses>
				<total>2</total>
				<timestamp>2490.567120</timestamp>
			</report>
			<report>
				<misses>6739001</misses>
				<total>2</total>
				<timestamp>2490.936772</timestamp>
			</report>
			<report>
				<misses>6740001</misses>
				<total>2</total>
				<timestamp>2491.306411</timestamp>
			</report>
			<report>
				<misses>6741001</misses>
				<total>2</total>
				<timestamp>2491.676007</timestamp>
			</report>
			<report>
				<misses>6742001</misses>
				<total>2</total>
				<timestamp>2492.045666</timestamp>
			</report>
			<report>
				<misses>6743001</misses>
				<total>1</total>
				<timestamp>2492.415352</timestamp>
			</report>
			<report>
				<misses>6744001</misses>
				<total>2</total>
				<timestamp>2492.784891</timestamp>
			</report>
			<report>
				<misses>6745001</misses>
				<total>2</total>
				<timestamp>2493.154515</timestamp>
			</report>
			<report>
				<misses>6746001</misses>
				<total>2</total>
				<timestamp>2493.524186</timestamp>
			</report>
			<report>
				<misses>6747001</misses>
				<total>2</total>
				<timestamp>2493.893838</timestamp>
			</report>
			<report>
				<misses>6748001</misses>
				<total>2</total>
				<timestamp>2494.263444</timestamp>
			</report>
			<report>
				<misses>6749001</misses>
				<total>2</total>
				<timestamp>2494.633099</timestamp>
			</report>
			<report>
				<misses>6750001</misses>
				<total>2</total>
				<timestamp>2495.002694</timestamp>
			</report>
			<report>
				<misses>6751001</misses>
				<total>2</total>
				<timestamp>2495.372291</timestamp>
			</report>
			<report>
				<misses>6752001</misses>
				<total>2</total>
				<timestamp>2495.741996</timestamp>
			</report>
			<report>
				<misses>6753001</misses>
				<total>2</total>
				<timestamp>2496.111639</timestamp>
			</report>
			<report>
				<misses>6754001</misses>
				<total>2</total>
				<timestamp>2496.481183</timestamp>
			</report>
			<report>
				<misses>6755001</misses>
				<total>2</total>
				<timestamp>2496.850821</timestamp>
			</report>
			<report>
				<misses>6756001</misses>
				<total>2</total>
				<timestamp>2497.220440</timestamp>
			</report>
			<report>
				<misses>6757001</misses>
				<total>2</total>
				<timestamp>2497.590108</timestamp>
			</report>
			<report>
				<misses>6758001</misses>
				<total>2</total>
				<timestamp>2497.959735</timestamp>
			</report>
			<report>
				<misses>6759001</misses>
				<total>2</total>
				<timestamp>2498.329332</timestamp>
			</report>
			<report>
				<misses>6760001</misses>
				<total>2</total>
				<timestamp>2498.698957</timestamp>
			</report>
			<report>
				<misses>6761001</misses>
				<total>2</total>
				<timestamp>2499.068607</timestamp>
			</report>
			<report>
				<misses>6762001</misses>
				<total>2</total>
				<timestamp>2499.438220</timestamp>
			</report>
			<report>
				<misses>6763001</misses>
				<total>2</total>
				<timestamp>2499.807921</timestamp>
			</report>
			<report>
				<misses>6764001</misses>
				<total>2</total>
				<timestamp>2500.177571</timestamp>
			</report>
			<report>
				<misses>6765001</misses>
				<total>1</total>
				<timestamp>2500.547201</timestamp>
			</report>
			<report>
				<misses>6766001</misses>
				<total>2</total>
				<timestamp>2500.916744</timestamp>
			</report>
			<report>
				<misses>6767001</misses>
				<total>2</total>
				<timestamp>2501.286365</timestamp>
			</report>
			<report>
				<misses>6768001</misses>
				<total>2</total>
				<timestamp>2501.656051</timestamp>
			</report>
			<report>
				<misses>6769001</misses>
				<total>1</total>
				<timestamp>2502.025727</timestamp>
			</report>
			<report>
				<misses>6770001</misses>
				<total>2</total>
				<timestamp>2502.395270</timestamp>
			</report>
			<report>
				<misses>6771001</misses>
				<total>2</total>
				<timestamp>2502.764916</timestamp>
			</report>
			<report>
				<misses>6772001</misses>
				<total>2</total>
				<timestamp>2503.134661</timestamp>
			</report>
			<report>
				<misses>6773001</misses>
				<total>2</total>
				<timestamp>2503.504162</timestamp>
			</report>
			<report>
				<misses>6774001</misses>
				<total>2</total>
				<timestamp>2503.873794</timestamp>
			</report>
			<report>
				<misses>6775001</misses>
				<total>2</total>
				<timestamp>2504.243484</timestamp>
			</report>
			<report>
				<misses>6776001</misses>
				<total>2</total>
				<timestamp>2504.613041</timestamp>
			</report>
			<report>
				<misses>6777001</misses>
				<total>2</total>
				<timestamp>2504.982715</timestamp>
			</report>
			<report>
				<misses>6778001</misses>
				<total>2</total>
				<timestamp>2505.352297</timestamp>
			</report>
			<report>
				<misses>6779001</misses>
				<total>2</total>
				<timestamp>2505.721935</timestamp>
			</report>
			<report>
				<misses>6780001</misses>
				<total>2</total>
				<timestamp>2506.091601</timestamp>
			</report>
			<report>
				<misses>6781001</misses>
				<total>2</total>
				<timestamp>2506.461188</timestamp>
			</report>
			<report>
				<misses>6782001</misses>
				<total>2</total>
				<timestamp>2506.830830</timestamp>
			</report>
			<report>
				<misses>6783001</misses>
				<total>2</total>
				<timestamp>2507.200473</timestamp>
			</report>
			<report>
				<misses>6784001</misses>
				<total>2</total>
				<timestamp>2507.570095</timestamp>
			</report>
			<report>
				<misses>6785001</misses>
				<total>2</total>
				<timestamp>2507.939748</timestamp>
			</report>
			<report>
				<misses>6786001</misses>
				<total>2</total>
				<timestamp>2508.309351</timestamp>
			</report>
			<report>
				<misses>6787001</misses>
				<total>2</total>
				<timestamp>2508.679021</timestamp>
			</report>
			<report>
				<misses>6788001</misses>
				<total>2</total>
				<timestamp>2509.048619</timestamp>
			</report>
			<report>
				<misses>6789001</misses>
				<total>2</total>
				<timestamp>2509.418255</timestamp>
			</report>
			<report>
				<misses>6790001</misses>
				<total>2</total>
				<timestamp>2509.787869</timestamp>
			</report>
			<report>
				<misses>6791001</misses>
				<total>2</total>
				<timestamp>2510.157578</timestamp>
			</report>
			<report>
				<misses>6792001</misses>
				<total>2</total>
				<timestamp>2510.527185</timestamp>
			</report>
			<report>
				<misses>6793001</misses>
				<total>2</total>
				<timestamp>2510.896771</timestamp>
			</report>
			<report>
				<misses>6794001</misses>
				<total>2</total>
				<timestamp>2511.266427</timestamp>
			</report>
			<report>
				<misses>6795001</misses>
				<total>2</total>
				<timestamp>2511.636109</timestamp>
			</report>
			<report>
				<misses>6796001</misses>
				<total>2</total>
				<timestamp>2512.005698</timestamp>
			</report>
			<report>
				<misses>6797001</misses>
				<total>2</total>
				<timestamp>2512.375321</timestamp>
			</report>
			<report>
				<misses>6798001</misses>
				<total>2</total>
				<timestamp>2512.744923</timestamp>
			</report>
			<report>
				<misses>6799001</misses>
				<total>2</total>
				<timestamp>2513.114629</timestamp>
			</report>
			<report>
				<misses>6800001</misses>
				<total>2</total>
				<timestamp>2513.484163</timestamp>
			</report>
			<report>
				<misses>6801001</misses>
				<total>1</total>
				<timestamp>2513.853896</timestamp>
			</report>
			<report>
				<misses>6802001</misses>
				<total>2</total>
				<timestamp>2514.223444</timestamp>
			</report>
			<report>
				<misses>6803001</misses>
				<total>2</total>
				<timestamp>2514.593048</timestamp>
			</report>
			<report>
				<misses>6804001</misses>
				<total>2</total>
				<timestamp>2514.962715</timestamp>
			</report>
			<report>
				<misses>6805001</misses>
				<total>1</total>
				<timestamp>2515.332422</timestamp>
			</report>
			<report>
				<misses>6806001</misses>
				<total>2</total>
				<timestamp>2515.701937</timestamp>
			</report>
			<report>
				<misses>6807001</misses>
				<total>2</total>
				<timestamp>2516.071652</timestamp>
			</report>
			<report>
				<misses>6808001</misses>
				<total>2</total>
				<timestamp>2516.441269</timestamp>
			</report>
			<report>
				<misses>6809001</misses>
				<total>2</total>
				<timestamp>2516.810883</timestamp>
			</report>
			<report>
				<misses>6810001</misses>
				<total>2</total>
				<timestamp>2517.180489</timestamp>
			</report>
			<report>
				<misses>6811001</misses>
				<total>2</total>
				<timestamp>2517.550082</timestamp>
			</report>
			<report>
				<misses>6812001</misses>
				<total>2</total>
				<timestamp>2517.919713</timestamp>
			</report>
			<report>
				<misses>6813001</misses>
				<total>2</total>
				<timestamp>2518.289427</timestamp>
			</report>
			<report>
				<misses>6814001</misses>
				<total>1</total>
				<timestamp>2518.659106</timestamp>
			</report>
			<report>
				<misses>6815001</misses>
				<total>2</total>
				<timestamp>2519.028619</timestamp>
			</report>
			<report>
				<misses>6816001</misses>
				<total>2</total>
				<timestamp>2519.398239</timestamp>
			</report>
			<report>
				<misses>6817001</misses>
				<total>2</total>
				<timestamp>2519.767890</timestamp>
			</report>
			<report>
				<misses>6818001</misses>
				<total>2</total>
				<timestamp>2520.137509</timestamp>
			</report>
			<report>
				<misses>6819001</misses>
				<total>2</total>
				<timestamp>2520.507182</timestamp>
			</report>
			<report>
				<misses>6820001</misses>
				<total>2</total>
				<timestamp>2520.876849</timestamp>
			</report>
			<report>
				<misses>6821001</misses>
				<total>2</total>
				<timestamp>2521.246435</timestamp>
			</report>
			<report>
				<misses>6822001</misses>
				<total>2</total>
				<timestamp>2521.616091</timestamp>
			</report>
			<report>
				<misses>6823001</misses>
				<total>2</total>
				<timestamp>2521.985724</timestamp>
			</report>
			<report>
				<misses>6824001</misses>
				<total>2</total>
				<timestamp>2522.355290</timestamp>
			</report>
			<report>
				<misses>6825001</misses>
				<total>2</total>
				<timestamp>2522.724942</timestamp>
			</report>
			<report>
				<misses>6826001</misses>
				<total>1</total>
				<timestamp>2523.094650</timestamp>
			</report>
			<report>
				<misses>6827001</misses>
				<total>1</total>
				<timestamp>2523.464263</timestamp>
			</report>
			<report>
				<misses>6828001</misses>
				<total>2</total>
				<timestamp>2523.833862</timestamp>
			</report>
			<report>
				<misses>6829001</misses>
				<total>2</total>
				<timestamp>2524.203468</timestamp>
			</report>
			<report>
				<misses>6830001</misses>
				<total>2</total>
				<timestamp>2524.573109</timestamp>
			</report>
			<report>
				<misses>6831001</misses>
				<total>2</total>
				<timestamp>2524.942688</timestamp>
			</report>
			<report>
				<misses>6832001</misses>
				<total>2</total>
				<timestamp>2525.312330</timestamp>
			</report>
			<report>
				<misses>6833001</misses>
				<total>2</total>
				<timestamp>2525.682027</timestamp>
			</report>
			<report>
				<misses>6834001</misses>
				<total>2</total>
				<timestamp>2526.051628</timestamp>
			</report>
			<report>
				<misses>6835001</misses>
				<total>2</total>
				<timestamp>2526.421269</timestamp>
			</report>
			<report>
				<misses>6836001</misses>
				<total>2</total>
				<timestamp>2526.790897</timestamp>
			</report>
			<report>
				<misses>6837001</misses>
				<total>2</total>
				<timestamp>2527.160532</timestamp>
			</report>
			<report>
				<misses>6838001</misses>
				<total>2</total>
				<timestamp>2527.530146</timestamp>
			</report>
			<report>
				<misses>6839001</misses>
				<total>2</total>
				<timestamp>2527.899812</timestamp>
			</report>
			<report>
				<misses>6840001</misses>
				<total>2</total>
				<timestamp>2528.269390</timestamp>
			</report>
			<report>
				<misses>6841001</misses>
				<total>2</total>
				<timestamp>2528.639049</timestamp>
			</report>
			<report>
				<misses>6842001</misses>
				<total>2</total>
				<timestamp>2529.008696</timestamp>
			</report>
			<report>
				<misses>6843001</misses>
				<total>2</total>
				<timestamp>2529.378295</timestamp>
			</report>
			<report>
				<misses>6844001</misses>
				<total>2</total>
				<timestamp>2529.747887</timestamp>
			</report>
			<report>
				<misses>6845001</misses>
				<total>2</total>
				<timestamp>2530.117537</timestamp>
			</report>
			<report>
				<misses>6846001</misses>
				<total>2</total>
				<timestamp>2530.487184</timestamp>
			</report>
			<report>
				<misses>6847001</misses>
				<total>2</total>
				<timestamp>2530.856851</timestamp>
			</report>
			<report>
				<misses>6848001</misses>
				<total>2</total>
				<timestamp>2531.226437</timestamp>
			</report>
			<report>
				<misses>6849001</misses>
				<total>1</total>
				<timestamp>2531.596138</timestamp>
			</report>
			<report>
				<misses>6850001</misses>
				<total>2</total>
				<timestamp>2531.965674</timestamp>
			</report>
			<report>
				<misses>6851001</misses>
				<total>1</total>
				<timestamp>2532.335413</timestamp>
			</report>
			<report>
				<misses>6852001</misses>
				<total>2</total>
				<timestamp>2532.704955</timestamp>
			</report>
			<report>
				<misses>6853001</misses>
				<total>2</total>
				<timestamp>2533.074569</timestamp>
			</report>
			<report>
				<misses>6854001</misses>
				<total>2</total>
				<timestamp>2533.444205</timestamp>
			</report>
			<report>
				<misses>6855001</misses>
				<total>2</total>
				<timestamp>2533.813883</timestamp>
			</report>
			<report>
				<misses>6856001</misses>
				<total>2</total>
				<timestamp>2534.183487</timestamp>
			</report>
			<report>
				<misses>6857001</misses>
				<total>2</total>
				<timestamp>2534.553093</timestamp>
			</report>
			<report>
				<misses>6858001</misses>
				<total>2</total>
				<timestamp>2534.922788</timestamp>
			</report>
			<report>
				<misses>6859001</misses>
				<total>2</total>
				<timestamp>2535.292419</timestamp>
			</report>
			<report>
				<misses>6860001</misses>
				<total>2</total>
				<timestamp>2535.661970</timestamp>
			</report>
			<report>
				<misses>6861001</misses>
				<total>2</total>
				<timestamp>2536.031603</timestamp>
			</report>
			<report>
				<misses>6862001</misses>
				<total>2</total>
				<timestamp>2536.401266</timestamp>
			</report>
			<report>
				<misses>6863001</misses>
				<total>2</total>
				<timestamp>2536.770865</timestamp>
			</report>
			<report>
				<misses>6864001</misses>
				<total>2</total>
				<timestamp>2537.140511</timestamp>
			</report>
			<report>
				<misses>6865001</misses>
				<total>2</total>
				<timestamp>2537.510204</timestamp>
			</report>
			<report>
				<misses>6866001</misses>
				<total>2</total>
				<timestamp>2537.879756</timestamp>
			</report>
			<report>
				<misses>6867001</misses>
				<total>2</total>
				<timestamp>2538.249420</timestamp>
			</report>
			<report>
				<misses>6868001</misses>
				<total>2</total>
				<timestamp>2538.619045</timestamp>
			</report>
			<report>
				<misses>6869001</misses>
				<total>2</total>
				<timestamp>2538.988701</timestamp>
			</report>
			<report>
				<misses>6870001</misses>
				<total>2</total>
				<timestamp>2539.358310</timestamp>
			</report>
			<report>
				<misses>6871001</misses>
				<total>2</total>
				<timestamp>2539.727914</timestamp>
			</report>
			<report>
				<misses>6872001</misses>
				<total>2</total>
				<timestamp>2540.097530</timestamp>
			</report>
			<report>
				<misses>6873001</misses>
				<total>2</total>
				<timestamp>2540.467158</timestamp>
			</report>
			<report>
				<misses>6874001</misses>
				<total>2</total>
				<timestamp>2540.836819</timestamp>
			</report>
			<report>
				<misses>6875001</misses>
				<total>2</total>
				<timestamp>2541.206454</timestamp>
			</report>
			<report>
				<misses>6876001</misses>
				<total>2</total>
				<timestamp>2541.576067</timestamp>
			</report>
			<report>
				<misses>6877001</misses>
				<total>2</total>
				<timestamp>2541.945672</timestamp>
			</report>
			<report>
				<misses>6878001</misses>
				<total>2</total>
				<timestamp>2542.315368</timestamp>
			</report>
			<report>
				<misses>6879001</misses>
				<total>2</total>
				<timestamp>2542.684955</timestamp>
			</report>
			<report>
				<misses>6880001</misses>
				<total>2</total>
				<timestamp>2543.054567</timestamp>
			</report>
			<report>
				<misses>6881001</misses>
				<total>2</total>
				<timestamp>2543.424314</timestamp>
			</report>
			<report>
				<misses>6882001</misses>
				<total>2</total>
				<timestamp>2543.793812</timestamp>
			</report>
			<report>
				<misses>6883001</misses>
				<total>2</total>
				<timestamp>2544.163461</timestamp>
			</report>
			<report>
				<misses>6884001</misses>
				<total>2</total>
				<timestamp>2544.533141</timestamp>
			</report>
			<report>
				<misses>6885001</misses>
				<total>2</total>
				<timestamp>2544.902769</timestamp>
			</report>
			<report>
				<misses>6886001</misses>
				<total>1</total>
				<timestamp>2545.272432</timestamp>
			</report>
			<report>
				<misses>6887001</misses>
				<total>2</total>
				<timestamp>2545.641978</timestamp>
			</report>
			<report>
				<misses>6888001</misses>
				<total>2</total>
				<timestamp>2546.011607</timestamp>
			</report>
			<report>
				<misses>6889001</misses>
				<total>2</total>
				<timestamp>2546.381256</timestamp>
			</report>
			<report>
				<misses>6890001</misses>
				<total>2</total>
				<timestamp>2546.750915</timestamp>
			</report>
			<report>
				<misses>6891001</misses>
				<total>2</total>
				<timestamp>2547.120505</timestamp>
			</report>
			<report>
				<misses>6892001</misses>
				<total>1</total>
				<timestamp>2547.490277</timestamp>
			</report>
			<report>
				<misses>6893001</misses>
				<total>2</total>
				<timestamp>2547.859808</timestamp>
			</report>
			<report>
				<misses>6894001</misses>
				<total>2</total>
				<timestamp>2548.229465</timestamp>
			</report>
			<report>
				<misses>6895001</misses>
				<total>2</total>
				<timestamp>2548.599046</timestamp>
			</report>
			<report>
				<misses>6896001</misses>
				<total>2</total>
				<timestamp>2548.968664</timestamp>
			</report>
			<report>
				<misses>6897001</misses>
				<total>2</total>
				<timestamp>2549.338331</timestamp>
			</report>
			<report>
				<misses>6898001</misses>
				<total>2</total>
				<timestamp>2549.707926</timestamp>
			</report>
			<report>
				<misses>6899001</misses>
				<total>2</total>
				<timestamp>2550.077590</timestamp>
			</report>
			<report>
				<misses>6900001</misses>
				<total>2</total>
				<timestamp>2550.447264</timestamp>
			</report>
			<report>
				<misses>6901001</misses>
				<total>2</total>
				<timestamp>2550.816795</timestamp>
			</report>
			<report>
				<misses>6902001</misses>
				<total>2</total>
				<timestamp>2551.186509</timestamp>
			</report>
			<report>
				<misses>6903001</misses>
				<total>2</total>
				<timestamp>2551.556100</timestamp>
			</report>
			<report>
				<misses>6904001</misses>
				<total>2</total>
				<timestamp>2551.925703</timestamp>
			</report>
			<report>
				<misses>6905001</misses>
				<total>2</total>
				<timestamp>2552.295379</timestamp>
			</report>
			<report>
				<misses>6906001</misses>
				<total>2</total>
				<timestamp>2552.664992</timestamp>
			</report>
			<report>
				<misses>6907001</misses>
				<total>1</total>
				<timestamp>2553.034676</timestamp>
			</report>
			<report>
				<misses>6908001</misses>
				<total>2</total>
				<timestamp>2553.404245</timestamp>
			</report>
			<report>
				<misses>6909001</misses>
				<total>2</total>
				<timestamp>2553.773851</timestamp>
			</report>
			<report>
				<misses>6910001</misses>
				<total>2</total>
				<timestamp>2554.143552</timestamp>
			</report>
			<report>
				<misses>6911001</misses>
				<total>2</total>
				<timestamp>2554.513128</timestamp>
			</report>
			<report>
				<misses>6912001</misses>
				<total>2</total>
				<timestamp>2554.882777</timestamp>
			</report>
			<report>
				<misses>6913001</misses>
				<total>2</total>
				<timestamp>2555.252374</timestamp>
			</report>
			<report>
				<misses>6914001</misses>
				<total>2</total>
				<timestamp>2555.622032</timestamp>
			</report>
			<report>
				<misses>6915001</misses>
				<total>1</total>
				<timestamp>2555.991732</timestamp>
			</report>
			<report>
				<misses>6916001</misses>
				<total>2</total>
				<timestamp>2556.361302</timestamp>
			</report>
			<report>
				<misses>6917001</misses>
				<total>2</total>
				<timestamp>2556.730925</timestamp>
			</report>
			<report>
				<misses>6918001</misses>
				<total>2</total>
				<timestamp>2557.100569</timestamp>
			</report>
			<report>
				<misses>6919001</misses>
				<total>2</total>
				<timestamp>2557.470191</timestamp>
			</report>
			<report>
				<misses>6920001</misses>
				<total>2</total>
				<timestamp>2557.839794</timestamp>
			</report>
			<report>
				<misses>6921001</misses>
				<total>1</total>
				<timestamp>2558.209504</timestamp>
			</report>
			<report>
				<misses>6922001</misses>
				<total>1</total>
				<timestamp>2558.579123</timestamp>
			</report>
			<report>
				<misses>6923001</misses>
				<total>2</total>
				<timestamp>2558.948664</timestamp>
			</report>
			<report>
				<misses>6924001</misses>
				<total>1</total>
				<timestamp>2559.318392</timestamp>
			</report>
			<report>
				<misses>6925001</misses>
				<total>2</total>
				<timestamp>2559.687987</timestamp>
			</report>
			<report>
				<misses>6926001</misses>
				<total>2</total>
				<timestamp>2560.057547</timestamp>
			</report>
			<report>
				<misses>6927001</misses>
				<total>2</total>
				<timestamp>2560.427210</timestamp>
			</report>
			<report>
				<misses>6928001</misses>
				<total>1</total>
				<timestamp>2560.796905</timestamp>
			</report>
			<report>
				<misses>6929001</misses>
				<total>2</total>
				<timestamp>2561.166452</timestamp>
			</report>
			<report>
				<misses>6930001</misses>
				<total>2</total>
				<timestamp>2561.536067</timestamp>
			</report>
			<report>
				<misses>6931001</misses>
				<total>2</total>
				<timestamp>2561.905696</timestamp>
			</report>
			<report>
				<misses>6932001</misses>
				<total>2</total>
				<timestamp>2562.275347</timestamp>
			</report>
			<report>
				<misses>6933001</misses>
				<total>2</total>
				<timestamp>2562.644970</timestamp>
			</report>
			<report>
				<misses>6934001</misses>
				<total>2</total>
				<timestamp>2563.014609</timestamp>
			</report>
			<report>
				<misses>6935001</misses>
				<total>2</total>
				<timestamp>2563.384231</timestamp>
			</report>
			<report>
				<misses>6936001</misses>
				<total>2</total>
				<timestamp>2563.753878</timestamp>
			</report>
			<report>
				<misses>6937001</misses>
				<total>2</total>
				<timestamp>2564.123517</timestamp>
			</report>
			<report>
				<misses>6938001</misses>
				<total>2</total>
				<timestamp>2564.493159</timestamp>
			</report>
			<report>
				<misses>6939001</misses>
				<total>2</total>
				<timestamp>2564.862741</timestamp>
			</report>
			<report>
				<misses>6940001</misses>
				<total>2</total>
				<timestamp>2565.232409</timestamp>
			</report>
			<report>
				<misses>6941001</misses>
				<total>2</total>
				<timestamp>2565.602075</timestamp>
			</report>
			<report>
				<misses>6942001</misses>
				<total>2</total>
				<timestamp>2565.971680</timestamp>
			</report>
			<report>
				<misses>6943001</misses>
				<total>2</total>
				<timestamp>2566.341278</timestamp>
			</report>
			<report>
				<misses>6944001</misses>
				<total>2</total>
				<timestamp>2566.710901</timestamp>
			</report>
			<report>
				<misses>6945001</misses>
				<total>2</total>
				<timestamp>2567.080522</timestamp>
			</report>
			<report>
				<misses>6946001</misses>
				<total>2</total>
				<timestamp>2567.450199</timestamp>
			</report>
			<report>
				<misses>6947001</misses>
				<total>2</total>
				<timestamp>2567.819849</timestamp>
			</report>
			<report>
				<misses>6948001</misses>
				<total>2</total>
				<timestamp>2568.189420</timestamp>
			</report>
			<report>
				<misses>6949001</misses>
				<total>2</total>
				<timestamp>2568.559093</timestamp>
			</report>
			<report>
				<misses>6950001</misses>
				<total>2</total>
				<timestamp>2568.928706</timestamp>
			</report>
			<report>
				<misses>6951001</misses>
				<total>2</total>
				<timestamp>2569.298349</timestamp>
			</report>
			<report>
				<misses>6952001</misses>
				<total>2</total>
				<timestamp>2569.667994</timestamp>
			</report>
			<report>
				<misses>6953001</misses>
				<total>2</total>
				<timestamp>2570.037613</timestamp>
			</report>
			<report>
				<misses>6954001</misses>
				<total>2</total>
				<timestamp>2570.407297</timestamp>
			</report>
			<report>
				<misses>6955001</misses>
				<total>2</total>
				<timestamp>2570.776839</timestamp>
			</report>
			<report>
				<misses>6956001</misses>
				<total>2</total>
				<timestamp>2571.146494</timestamp>
			</report>
			<report>
				<misses>6957001</misses>
				<total>2</total>
				<timestamp>2571.516133</timestamp>
			</report>
			<report>
				<misses>6958001</misses>
				<total>2</total>
				<timestamp>2571.885719</timestamp>
			</report>
			<report>
				<misses>6959001</misses>
				<total>2</total>
				<timestamp>2572.255378</timestamp>
			</report>
			<report>
				<misses>6960001</misses>
				<total>2</total>
				<timestamp>2572.624982</timestamp>
			</report>
			<report>
				<misses>6961001</misses>
				<total>2</total>
				<timestamp>2572.994667</timestamp>
			</report>
			<report>
				<misses>6962001</misses>
				<total>2</total>
				<timestamp>2573.364262</timestamp>
			</report>
			<report>
				<misses>6963001</misses>
				<total>2</total>
				<timestamp>2573.733931</timestamp>
			</report>
			<report>
				<misses>6964001</misses>
				<total>2</total>
				<timestamp>2574.103494</timestamp>
			</report>
			<report>
				<misses>6965001</misses>
				<total>2</total>
				<timestamp>2574.473197</timestamp>
			</report>
			<report>
				<misses>6966001</misses>
				<total>2</total>
				<timestamp>2574.842771</timestamp>
			</report>
			<report>
				<misses>6967001</misses>
				<total>2</total>
				<timestamp>2575.212368</timestamp>
			</report>
			<report>
				<misses>6968001</misses>
				<total>2</total>
				<timestamp>2575.582108</timestamp>
			</report>
			<report>
				<misses>6969001</misses>
				<total>1</total>
				<timestamp>2575.951736</timestamp>
			</report>
			<report>
				<misses>6970001</misses>
				<total>2</total>
				<timestamp>2576.321292</timestamp>
			</report>
			<report>
				<misses>6971001</misses>
				<total>2</total>
				<timestamp>2576.690944</timestamp>
			</report>
			<report>
				<misses>6972001</misses>
				<total>2</total>
				<timestamp>2577.060528</timestamp>
			</report>
			<report>
				<misses>6973001</misses>
				<total>2</total>
				<timestamp>2577.430166</timestamp>
			</report>
			<report>
				<misses>6974001</misses>
				<total>2</total>
				<timestamp>2577.799803</timestamp>
			</report>
			<report>
				<misses>6975001</misses>
				<total>2</total>
				<timestamp>2578.169509</timestamp>
			</report>
			<report>
				<misses>6976001</misses>
				<total>2</total>
				<timestamp>2578.539094</timestamp>
			</report>
			<report>
				<misses>6977001</misses>
				<total>2</total>
				<timestamp>2578.908679</timestamp>
			</report>
			<report>
				<misses>6978001</misses>
				<total>2</total>
				<timestamp>2579.278307</timestamp>
			</report>
			<report>
				<misses>6979001</misses>
				<total>2</total>
				<timestamp>2579.648034</timestamp>
			</report>
			<report>
				<misses>6980001</misses>
				<total>2</total>
				<timestamp>2580.017584</timestamp>
			</report>
			<report>
				<misses>6981001</misses>
				<total>1</total>
				<timestamp>2580.387295</timestamp>
			</report>
			<report>
				<misses>6982001</misses>
				<total>2</total>
				<timestamp>2580.756826</timestamp>
			</report>
			<report>
				<misses>6983001</misses>
				<total>2</total>
				<timestamp>2581.126450</timestamp>
			</report>
			<report>
				<misses>6984001</misses>
				<total>2</total>
				<timestamp>2581.496093</timestamp>
			</report>
			<report>
				<misses>6985001</misses>
				<total>2</total>
				<timestamp>2581.865727</timestamp>
			</report>
			<report>
				<misses>6986001</misses>
				<total>2</total>
				<timestamp>2582.235391</timestamp>
			</report>
			<report>
				<misses>6987001</misses>
				<total>2</total>
				<timestamp>2582.605086</timestamp>
			</report>
			<report>
				<misses>6988001</misses>
				<total>2</total>
				<timestamp>2582.974661</timestamp>
			</report>
			<report>
				<misses>6989001</misses>
				<total>1</total>
				<timestamp>2583.344334</timestamp>
			</report>
			<report>
				<misses>6990001</misses>
				<total>2</total>
				<timestamp>2583.713878</timestamp>
			</report>
			<report>
				<misses>6991001</misses>
				<total>2</total>
				<timestamp>2584.083517</timestamp>
			</report>
			<report>
				<misses>6992001</misses>
				<total>2</total>
				<timestamp>2584.453205</timestamp>
			</report>
			<report>
				<misses>6993001</misses>
				<total>2</total>
				<timestamp>2584.822810</timestamp>
			</report>
			<report>
				<misses>6994001</misses>
				<total>2</total>
				<timestamp>2585.192379</timestamp>
			</report>
			<report>
				<misses>6995001</misses>
				<total>2</total>
				<timestamp>2585.562068</timestamp>
			</report>
			<report>
				<misses>6996001</misses>
				<total>2</total>
				<timestamp>2585.931718</timestamp>
			</report>
			<report>
				<misses>6997001</misses>
				<total>2</total>
				<timestamp>2586.301297</timestamp>
			</report>
			<report>
				<misses>6998001</misses>
				<total>1</total>
				<timestamp>2586.671082</timestamp>
			</report>
			<report>
				<misses>6999001</misses>
				<total>2</total>
				<timestamp>2587.040572</timestamp>
			</report>
			<report>
				<misses>7000001</misses>
				<total>2</total>
				<timestamp>2587.410185</timestamp>
			</report>
			<report>
				<misses>7001001</misses>
				<total>2</total>
				<timestamp>2587.779795</timestamp>
			</report>
			<report>
				<misses>7002001</misses>
				<total>2</total>
				<timestamp>2588.149413</timestamp>
			</report>
			<report>
				<misses>7003001</misses>
				<total>2</total>
				<timestamp>2588.519072</timestamp>
			</report>
			<report>
				<misses>7004001</misses>
				<total>2</total>
				<timestamp>2588.888700</timestamp>
			</report>
			<report>
				<misses>7005001</misses>
				<total>2</total>
				<timestamp>2589.258390</timestamp>
			</report>
			<report>
				<misses>7006001</misses>
				<total>1</total>
				<timestamp>2589.628075</timestamp>
			</report>
			<report>
				<misses>7007001</misses>
				<total>2</total>
				<timestamp>2589.997590</timestamp>
			</report>
			<report>
				<misses>7008001</misses>
				<total>2</total>
				<timestamp>2590.367226</timestamp>
			</report>
			<report>
				<misses>7009001</misses>
				<total>2</total>
				<timestamp>2590.736831</timestamp>
			</report>
			<report>
				<misses>7010001</misses>
				<total>2</total>
				<timestamp>2591.106553</timestamp>
			</report>
			<report>
				<misses>7011001</misses>
				<total>2</total>
				<timestamp>2591.476125</timestamp>
			</report>
			<report>
				<misses>7012001</misses>
				<total>2</total>
				<timestamp>2591.845739</timestamp>
			</report>
			<report>
				<misses>7013001</misses>
				<total>2</total>
				<timestamp>2592.215399</timestamp>
			</report>
			<report>
				<misses>7014001</misses>
				<total>2</total>
				<timestamp>2592.585084</timestamp>
			</report>
			<report>
				<misses>7015001</misses>
				<total>2</total>
				<timestamp>2592.954612</timestamp>
			</report>
			<report>
				<misses>7016001</misses>
				<total>2</total>
				<timestamp>2593.324272</timestamp>
			</report>
			<report>
				<misses>7017001</misses>
				<total>1</total>
				<timestamp>2593.694025</timestamp>
			</report>
			<report>
				<misses>7018001</misses>
				<total>2</total>
				<timestamp>2594.063590</timestamp>
			</report>
			<report>
				<misses>7019001</misses>
				<total>2</total>
				<timestamp>2594.433178</timestamp>
			</report>
			<report>
				<misses>7020001</misses>
				<total>2</total>
				<timestamp>2594.802773</timestamp>
			</report>
			<report>
				<misses>7021001</misses>
				<total>2</total>
				<timestamp>2595.172462</timestamp>
			</report>
			<report>
				<misses>7022001</misses>
				<total>2</total>
				<timestamp>2595.542126</timestamp>
			</report>
			<report>
				<misses>7023001</misses>
				<total>2</total>
				<timestamp>2595.911725</timestamp>
			</report>
			<report>
				<misses>7024001</misses>
				<total>2</total>
				<timestamp>2596.281314</timestamp>
			</report>
			<report>
				<misses>7025001</misses>
				<total>2</total>
				<timestamp>2596.650967</timestamp>
			</report>
			<report>
				<misses>7026001</misses>
				<total>2</total>
				<timestamp>2597.020581</timestamp>
			</report>
			<report>
				<misses>7027001</misses>
				<total>2</total>
				<timestamp>2597.390197</timestamp>
			</report>
			<report>
				<misses>7028001</misses>
				<total>2</total>
				<timestamp>2597.759875</timestamp>
			</report>
			<report>
				<misses>7029001</misses>
				<total>2</total>
				<timestamp>2598.129481</timestamp>
			</report>
			<report>
				<misses>7030001</misses>
				<total>2</total>
				<timestamp>2598.499099</timestamp>
			</report>
			<report>
				<misses>7031001</misses>
				<total>2</total>
				<timestamp>2598.868724</timestamp>
			</report>
			<report>
				<misses>7032001</misses>
				<total>2</total>
				<timestamp>2599.238383</timestamp>
			</report>
			<report>
				<misses>7033001</misses>
				<total>2</total>
				<timestamp>2599.607983</timestamp>
			</report>
			<report>
				<misses>7034001</misses>
				<total>2</total>
				<timestamp>2599.977629</timestamp>
			</report>
			<report>
				<misses>7035001</misses>
				<total>2</total>
				<timestamp>2600.347224</timestamp>
			</report>
			<report>
				<misses>7036001</misses>
				<total>2</total>
				<timestamp>2600.716886</timestamp>
			</report>
			<report>
				<misses>7037001</misses>
				<total>2</total>
				<timestamp>2601.086499</timestamp>
			</report>
			<report>
				<misses>7038001</misses>
				<total>2</total>
				<timestamp>2601.456113</timestamp>
			</report>
			<report>
				<misses>7039001</misses>
				<total>2</total>
				<timestamp>2601.825785</timestamp>
			</report>
			<report>
				<misses>7040001</misses>
				<total>2</total>
				<timestamp>2602.195364</timestamp>
			</report>
			<report>
				<misses>7041001</misses>
				<total>2</total>
				<timestamp>2602.565040</timestamp>
			</report>
			<report>
				<misses>7042001</misses>
				<total>2</total>
				<timestamp>2602.934618</timestamp>
			</report>
			<report>
				<misses>7043001</misses>
				<total>2</total>
				<timestamp>2603.304298</timestamp>
			</report>
			<report>
				<misses>7044001</misses>
				<total>2</total>
				<timestamp>2603.673950</timestamp>
			</report>
			<report>
				<misses>7045001</misses>
				<total>2</total>
				<timestamp>2604.043568</timestamp>
			</report>
			<report>
				<misses>7046001</misses>
				<total>2</total>
				<timestamp>2604.413211</timestamp>
			</report>
			<report>
				<misses>7047001</misses>
				<total>2</total>
				<timestamp>2604.782831</timestamp>
			</report>
			<report>
				<misses>7048001</misses>
				<total>2</total>
				<timestamp>2605.152413</timestamp>
			</report>
			<report>
				<misses>7049001</misses>
				<total>2</total>
				<timestamp>2605.522134</timestamp>
			</report>
			<report>
				<misses>7050001</misses>
				<total>2</total>
				<timestamp>2605.891665</timestamp>
			</report>
			<report>
				<misses>7051001</misses>
				<total>2</total>
				<timestamp>2606.261320</timestamp>
			</report>
			<report>
				<misses>7052001</misses>
				<total>2</total>
				<timestamp>2606.630941</timestamp>
			</report>
			<report>
				<misses>7053001</misses>
				<total>2</total>
				<timestamp>2607.000591</timestamp>
			</report>
			<report>
				<misses>7054001</misses>
				<total>2</total>
				<timestamp>2607.370200</timestamp>
			</report>
			<report>
				<misses>7055001</misses>
				<total>2</total>
				<timestamp>2607.739862</timestamp>
			</report>
			<report>
				<misses>7056001</misses>
				<total>2</total>
				<timestamp>2608.109498</timestamp>
			</report>
			<report>
				<misses>7057001</misses>
				<total>2</total>
				<timestamp>2608.479114</timestamp>
			</report>
			<report>
				<misses>7058001</misses>
				<total>2</total>
				<timestamp>2608.848741</timestamp>
			</report>
			<report>
				<misses>7059001</misses>
				<total>2</total>
				<timestamp>2609.218364</timestamp>
			</report>
			<report>
				<misses>7060001</misses>
				<total>2</total>
				<timestamp>2609.588017</timestamp>
			</report>
			<report>
				<misses>7061001</misses>
				<total>2</total>
				<timestamp>2609.957643</timestamp>
			</report>
			<report>
				<misses>7062001</misses>
				<total>2</total>
				<timestamp>2610.327253</timestamp>
			</report>
			<report>
				<misses>7063001</misses>
				<total>2</total>
				<timestamp>2610.696935</timestamp>
			</report>
			<report>
				<misses>7064001</misses>
				<total>2</total>
				<timestamp>2611.066489</timestamp>
			</report>
			<report>
				<misses>7065001</misses>
				<total>2</total>
				<timestamp>2611.436182</timestamp>
			</report>
			<report>
				<misses>7066001</misses>
				<total>2</total>
				<timestamp>2611.805797</timestamp>
			</report>
			<report>
				<misses>7067001</misses>
				<total>2</total>
				<timestamp>2612.175384</timestamp>
			</report>
			<report>
				<misses>7068001</misses>
				<total>2</total>
				<timestamp>2612.545041</timestamp>
			</report>
			<report>
				<misses>7069001</misses>
				<total>2</total>
				<timestamp>2612.914700</timestamp>
			</report>
			<report>
				<misses>7070001</misses>
				<total>2</total>
				<timestamp>2613.284316</timestamp>
			</report>
			<report>
				<misses>7071001</misses>
				<total>2</total>
				<timestamp>2613.653953</timestamp>
			</report>
			<report>
				<misses>7072001</misses>
				<total>2</total>
				<timestamp>2614.023542</timestamp>
			</report>
			<report>
				<misses>7073001</misses>
				<total>2</total>
				<timestamp>2614.393233</timestamp>
			</report>
			<report>
				<misses>7074001</misses>
				<total>2</total>
				<timestamp>2614.762888</timestamp>
			</report>
			<report>
				<misses>7075001</misses>
				<total>2</total>
				<timestamp>2615.132411</timestamp>
			</report>
			<report>
				<misses>7076001</misses>
				<total>2</total>
				<timestamp>2615.502076</timestamp>
			</report>
			<report>
				<misses>7077001</misses>
				<total>2</total>
				<timestamp>2615.871688</timestamp>
			</report>
			<report>
				<misses>7078001</misses>
				<total>2</total>
				<timestamp>2616.241325</timestamp>
			</report>
			<report>
				<misses>7079001</misses>
				<total>2</total>
				<timestamp>2616.610937</timestamp>
			</report>
			<report>
				<misses>7080001</misses>
				<total>2</total>
				<timestamp>2616.980622</timestamp>
			</report>
			<report>
				<misses>7081001</misses>
				<total>2</total>
				<timestamp>2617.350253</timestamp>
			</report>
			<report>
				<misses>7082001</misses>
				<total>1</total>
				<timestamp>2617.719943</timestamp>
			</report>
			<report>
				<misses>7083001</misses>
				<total>1</total>
				<timestamp>2618.089569</timestamp>
			</report>
			<report>
				<misses>7084001</misses>
				<total>2</total>
				<timestamp>2618.459156</timestamp>
			</report>
			<report>
				<misses>7085001</misses>
				<total>2</total>
				<timestamp>2618.828794</timestamp>
			</report>
			<report>
				<misses>7086001</misses>
				<total>2</total>
				<timestamp>2619.198345</timestamp>
			</report>
			<report>
				<misses>7087001</misses>
				<total>2</total>
				<timestamp>2619.568022</timestamp>
			</report>
			<report>
				<misses>7088001</misses>
				<total>1</total>
				<timestamp>2619.937709</timestamp>
			</report>
			<report>
				<misses>7089001</misses>
				<total>2</total>
				<timestamp>2620.307262</timestamp>
			</report>
			<report>
				<misses>7090001</misses>
				<total>2</total>
				<timestamp>2620.676896</timestamp>
			</report>
			<report>
				<misses>7091001</misses>
				<total>2</total>
				<timestamp>2621.046542</timestamp>
			</report>
			<report>
				<misses>7092001</misses>
				<total>2</total>
				<timestamp>2621.416155</timestamp>
			</report>
			<report>
				<misses>7093001</misses>
				<total>2</total>
				<timestamp>2621.785827</timestamp>
			</report>
			<report>
				<misses>7094001</misses>
				<total>2</total>
				<timestamp>2622.155422</timestamp>
			</report>
			<report>
				<misses>7095001</misses>
				<total>2</total>
				<timestamp>2622.525016</timestamp>
			</report>
			<report>
				<misses>7096001</misses>
				<total>2</total>
				<timestamp>2622.894637</timestamp>
			</report>
			<report>
				<misses>7097001</misses>
				<total>2</total>
				<timestamp>2623.264287</timestamp>
			</report>
			<report>
				<misses>7098001</misses>
				<total>2</total>
				<timestamp>2623.633979</timestamp>
			</report>
			<report>
				<misses>7099001</misses>
				<total>2</total>
				<timestamp>2624.003584</timestamp>
			</report>
			<report>
				<misses>7100001</misses>
				<total>2</total>
				<timestamp>2624.373146</timestamp>
			</report>
			<report>
				<misses>7101001</misses>
				<total>2</total>
				<timestamp>2624.742856</timestamp>
			</report>
			<report>
				<misses>7102001</misses>
				<total>2</total>
				<timestamp>2625.112429</timestamp>
			</report>
			<report>
				<misses>7103001</misses>
				<total>2</total>
				<timestamp>2625.482059</timestamp>
			</report>
			<report>
				<misses>7104001</misses>
				<total>2</total>
				<timestamp>2625.851710</timestamp>
			</report>
			<report>
				<misses>7105001</misses>
				<total>2</total>
				<timestamp>2626.221317</timestamp>
			</report>
			<report>
				<misses>7106001</misses>
				<total>2</total>
				<timestamp>2626.590951</timestamp>
			</report>
			<report>
				<misses>7107001</misses>
				<total>2</total>
				<timestamp>2626.960580</timestamp>
			</report>
			<report>
				<misses>7108001</misses>
				<total>2</total>
				<timestamp>2627.330223</timestamp>
			</report>
			<report>
				<misses>7109001</misses>
				<total>2</total>
				<timestamp>2627.699936</timestamp>
			</report>
			<report>
				<misses>7110001</misses>
				<total>2</total>
				<timestamp>2628.069549</timestamp>
			</report>
			<report>
				<misses>7111001</misses>
				<total>2</total>
				<timestamp>2628.439128</timestamp>
			</report>
			<report>
				<misses>7112001</misses>
				<total>2</total>
				<timestamp>2628.808764</timestamp>
			</report>
			<report>
				<misses>7113001</misses>
				<total>2</total>
				<timestamp>2629.178356</timestamp>
			</report>
			<report>
				<misses>7114001</misses>
				<total>2</total>
				<timestamp>2629.547998</timestamp>
			</report>
			<report>
				<misses>7115001</misses>
				<total>2</total>
				<timestamp>2629.917621</timestamp>
			</report>
			<report>
				<misses>7116001</misses>
				<total>2</total>
				<timestamp>2630.287247</timestamp>
			</report>
			<report>
				<misses>7117001</misses>
				<total>2</total>
				<timestamp>2630.656934</timestamp>
			</report>
			<report>
				<misses>7118001</misses>
				<total>2</total>
				<timestamp>2631.026546</timestamp>
			</report>
			<report>
				<misses>7119001</misses>
				<total>2</total>
				<timestamp>2631.396212</timestamp>
			</report>
			<report>
				<misses>7120001</misses>
				<total>2</total>
				<timestamp>2631.765817</timestamp>
			</report>
			<report>
				<misses>7121001</misses>
				<total>2</total>
				<timestamp>2632.135388</timestamp>
			</report>
			<report>
				<misses>7122001</misses>
				<total>2</total>
				<timestamp>2632.505078</timestamp>
			</report>
			<report>
				<misses>7123001</misses>
				<total>2</total>
				<timestamp>2632.874663</timestamp>
			</report>
			<report>
				<misses>7124001</misses>
				<total>2</total>
				<timestamp>2633.244337</timestamp>
			</report>
			<report>
				<misses>7125001</misses>
				<total>2</total>
				<timestamp>2633.613965</timestamp>
			</report>
			<report>
				<misses>7126001</misses>
				<total>2</total>
				<timestamp>2633.983551</timestamp>
			</report>
			<report>
				<misses>7127001</misses>
				<total>2</total>
				<timestamp>2634.353191</timestamp>
			</report>
			<report>
				<misses>7128001</misses>
				<total>2</total>
				<timestamp>2634.722821</timestamp>
			</report>
			<report>
				<misses>7129001</misses>
				<total>2</total>
				<timestamp>2635.092472</timestamp>
			</report>
			<report>
				<misses>7130001</misses>
				<total>2</total>
				<timestamp>2635.462103</timestamp>
			</report>
			<report>
				<misses>7131001</misses>
				<total>2</total>
				<timestamp>2635.831700</timestamp>
			</report>
			<report>
				<misses>7132001</misses>
				<total>2</total>
				<timestamp>2636.201331</timestamp>
			</report>
			<report>
				<misses>7133001</misses>
				<total>2</total>
				<timestamp>2636.570996</timestamp>
			</report>
			<report>
				<misses>7134001</misses>
				<total>2</total>
				<timestamp>2636.940666</timestamp>
			</report>
			<report>
				<misses>7135001</misses>
				<total>2</total>
				<timestamp>2637.310246</timestamp>
			</report>
			<report>
				<misses>7136001</misses>
				<total>2</total>
				<timestamp>2637.679885</timestamp>
			</report>
			<report>
				<misses>7137001</misses>
				<total>2</total>
				<timestamp>2638.049540</timestamp>
			</report>
			<report>
				<misses>7138001</misses>
				<total>2</total>
				<timestamp>2638.419121</timestamp>
			</report>
			<report>
				<misses>7139001</misses>
				<total>2</total>
				<timestamp>2638.788746</timestamp>
			</report>
			<report>
				<misses>7140001</misses>
				<total>2</total>
				<timestamp>2639.158411</timestamp>
			</report>
			<report>
				<misses>7141001</misses>
				<total>1</total>
				<timestamp>2639.528088</timestamp>
			</report>
			<report>
				<misses>7142001</misses>
				<total>2</total>
				<timestamp>2639.897630</timestamp>
			</report>
			<report>
				<misses>7143001</misses>
				<total>2</total>
				<timestamp>2640.267259</timestamp>
			</report>
			<report>
				<misses>7144001</misses>
				<total>2</total>
				<timestamp>2640.636911</timestamp>
			</report>
			<report>
				<misses>7145001</misses>
				<total>2</total>
				<timestamp>2641.006511</timestamp>
			</report>
			<report>
				<misses>7146001</misses>
				<total>2</total>
				<timestamp>2641.376159</timestamp>
			</report>
			<report>
				<misses>7147001</misses>
				<total>2</total>
				<timestamp>2641.745849</timestamp>
			</report>
			<report>
				<misses>7148001</misses>
				<total>2</total>
				<timestamp>2642.115412</timestamp>
			</report>
			<report>
				<misses>7149001</misses>
				<total>2</total>
				<timestamp>2642.485064</timestamp>
			</report>
			<report>
				<misses>7150001</misses>
				<total>2</total>
				<timestamp>2642.854673</timestamp>
			</report>
			<report>
				<misses>7151001</misses>
				<total>2</total>
				<timestamp>2643.224300</timestamp>
			</report>
			<report>
				<misses>7152001</misses>
				<total>2</total>
				<timestamp>2643.593971</timestamp>
			</report>
			<report>
				<misses>7153001</misses>
				<total>2</total>
				<timestamp>2643.963606</timestamp>
			</report>
			<report>
				<misses>7154001</misses>
				<total>2</total>
				<timestamp>2644.333224</timestamp>
			</report>
			<report>
				<misses>7155001</misses>
				<total>2</total>
				<timestamp>2644.702819</timestamp>
			</report>
			<report>
				<misses>7156001</misses>
				<total>2</total>
				<timestamp>2645.072436</timestamp>
			</report>
			<report>
				<misses>7157001</misses>
				<total>2</total>
				<timestamp>2645.442104</timestamp>
			</report>
			<report>
				<misses>7158001</misses>
				<total>2</total>
				<timestamp>2645.811733</timestamp>
			</report>
			<report>
				<misses>7159001</misses>
				<total>2</total>
				<timestamp>2646.181402</timestamp>
			</report>
			<report>
				<misses>7160001</misses>
				<total>2</total>
				<timestamp>2646.550981</timestamp>
			</report>
			<report>
				<misses>7161001</misses>
				<total>2</total>
				<timestamp>2646.920700</timestamp>
			</report>
			<report>
				<misses>7162001</misses>
				<total>2</total>
				<timestamp>2647.290299</timestamp>
			</report>
			<report>
				<misses>7163001</misses>
				<total>2</total>
				<timestamp>2647.659865</timestamp>
			</report>
			<report>
				<misses>7164001</misses>
				<total>2</total>
				<timestamp>2648.029534</timestamp>
			</report>
			<report>
				<misses>7165001</misses>
				<total>2</total>
				<timestamp>2648.399118</timestamp>
			</report>
			<report>
				<misses>7166001</misses>
				<total>2</total>
				<timestamp>2648.768747</timestamp>
			</report>
			<report>
				<misses>7167001</misses>
				<total>2</total>
				<timestamp>2649.138375</timestamp>
			</report>
			<report>
				<misses>7168001</misses>
				<total>2</total>
				<timestamp>2649.508021</timestamp>
			</report>
			<report>
				<misses>7169001</misses>
				<total>2</total>
				<timestamp>2649.877675</timestamp>
			</report>
			<report>
				<misses>7170001</misses>
				<total>2</total>
				<timestamp>2650.247286</timestamp>
			</report>
			<report>
				<misses>7171001</misses>
				<total>2</total>
				<timestamp>2650.616941</timestamp>
			</report>
			<report>
				<misses>7172001</misses>
				<total>2</total>
				<timestamp>2650.986596</timestamp>
			</report>
			<report>
				<misses>7173001</misses>
				<total>1</total>
				<timestamp>2651.356298</timestamp>
			</report>
			<report>
				<misses>7174001</misses>
				<total>2</total>
				<timestamp>2651.725810</timestamp>
			</report>
			<report>
				<misses>7175001</misses>
				<total>2</total>
				<timestamp>2652.095504</timestamp>
			</report>
			<report>
				<misses>7176001</misses>
				<total>2</total>
				<timestamp>2652.465131</timestamp>
			</report>
			<report>
				<misses>7177001</misses>
				<total>2</total>
				<timestamp>2652.834769</timestamp>
			</report>
			<report>
				<misses>7178001</misses>
				<total>1</total>
				<timestamp>2653.204427</timestamp>
			</report>
			<report>
				<misses>7179001</misses>
				<total>2</total>
				<timestamp>2653.573950</timestamp>
			</report>
			<report>
				<misses>7180001</misses>
				<total>1</total>
				<timestamp>2653.943674</timestamp>
			</report>
			<report>
				<misses>7181001</misses>
				<total>2</total>
				<timestamp>2654.313267</timestamp>
			</report>
			<report>
				<misses>7182001</misses>
				<total>2</total>
				<timestamp>2654.682858</timestamp>
			</report>
			<report>
				<misses>7183001</misses>
				<total>2</total>
				<timestamp>2655.052545</timestamp>
			</report>
			<report>
				<misses>7184001</misses>
				<total>2</total>
				<timestamp>2655.422163</timestamp>
			</report>
			<report>
				<misses>7185001</misses>
				<total>2</total>
				<timestamp>2655.791766</timestamp>
			</report>
			<report>
				<misses>7186001</misses>
				<total>2</total>
				<timestamp>2656.161409</timestamp>
			</report>
			<report>
				<misses>7187001</misses>
				<total>2</total>
				<timestamp>2656.531013</timestamp>
			</report>
			<report>
				<misses>7188001</misses>
				<total>2</total>
				<timestamp>2656.900648</timestamp>
			</report>
			<report>
				<misses>7189001</misses>
				<total>2</total>
				<timestamp>2657.270292</timestamp>
			</report>
			<report>
				<misses>7190001</misses>
				<total>1</total>
				<timestamp>2657.639962</timestamp>
			</report>
			<report>
				<misses>7191001</misses>
				<total>2</total>
				<timestamp>2658.009520</timestamp>
			</report>
			<report>
				<misses>7192001</misses>
				<total>2</total>
				<timestamp>2658.379114</timestamp>
			</report>
			<report>
				<misses>7193001</misses>
				<total>2</total>
				<timestamp>2658.748834</timestamp>
			</report>
			<report>
				<misses>7194001</misses>
				<total>2</total>
				<timestamp>2659.118463</timestamp>
			</report>
			<report>
				<misses>7195001</misses>
				<total>2</total>
				<timestamp>2659.488015</timestamp>
			</report>
			<report>
				<misses>7196001</misses>
				<total>2</total>
				<timestamp>2659.857694</timestamp>
			</report>
			<report>
				<misses>7197001</misses>
				<total>2</total>
				<timestamp>2660.227273</timestamp>
			</report>
			<report>
				<misses>7198001</misses>
				<total>2</total>
				<timestamp>2660.596911</timestamp>
			</report>
			<report>
				<misses>7199001</misses>
				<total>2</total>
				<timestamp>2660.966543</timestamp>
			</report>
			<report>
				<misses>7200001</misses>
				<total>2</total>
				<timestamp>2661.336178</timestamp>
			</report>
			<report>
				<misses>7201001</misses>
				<total>2</total>
				<timestamp>2661.705852</timestamp>
			</report>
			<report>
				<misses>7202001</misses>
				<total>2</total>
				<timestamp>2662.075499</timestamp>
			</report>
			<report>
				<misses>7203001</misses>
				<total>2</total>
				<timestamp>2662.445067</timestamp>
			</report>
			<report>
				<misses>7204001</misses>
				<total>2</total>
				<timestamp>2662.814731</timestamp>
			</report>
			<report>
				<misses>7205001</misses>
				<total>2</total>
				<timestamp>2663.184370</timestamp>
			</report>
			<report>
				<misses>7206001</misses>
				<total>2</total>
				<timestamp>2663.553954</timestamp>
			</report>
			<report>
				<misses>7207001</misses>
				<total>1</total>
				<timestamp>2663.923667</timestamp>
			</report>
			<report>
				<misses>7208001</misses>
				<total>2</total>
				<timestamp>2664.293215</timestamp>
			</report>
			<report>
				<misses>7209001</misses>
				<total>2</total>
				<timestamp>2664.662862</timestamp>
			</report>
			<report>
				<misses>7210001</misses>
				<total>2</total>
				<timestamp>2665.032464</timestamp>
			</report>
			<report>
				<misses>7211001</misses>
				<total>2</total>
				<timestamp>2665.402089</timestamp>
			</report>
			<report>
				<misses>7212001</misses>
				<total>2</total>
				<timestamp>2665.771769</timestamp>
			</report>
			<report>
				<misses>7213001</misses>
				<total>2</total>
				<timestamp>2666.141421</timestamp>
			</report>
			<report>
				<misses>7214001</misses>
				<total>2</total>
				<timestamp>2666.511046</timestamp>
			</report>
			<report>
				<misses>7215001</misses>
				<total>2</total>
				<timestamp>2666.880658</timestamp>
			</report>
			<report>
				<misses>7216001</misses>
				<total>1</total>
				<timestamp>2667.250338</timestamp>
			</report>
			<report>
				<misses>7217001</misses>
				<total>2</total>
				<timestamp>2667.619946</timestamp>
			</report>
			<report>
				<misses>7218001</misses>
				<total>2</total>
				<timestamp>2667.989563</timestamp>
			</report>
			<report>
				<misses>7219001</misses>
				<total>2</total>
				<timestamp>2668.359156</timestamp>
			</report>
			<report>
				<misses>7220001</misses>
				<total>2</total>
				<timestamp>2668.728761</timestamp>
			</report>
			<report>
				<misses>7221001</misses>
				<total>2</total>
				<timestamp>2669.098389</timestamp>
			</report>
			<report>
				<misses>7222001</misses>
				<total>2</total>
				<timestamp>2669.468017</timestamp>
			</report>
			<report>
				<misses>7223001</misses>
				<total>2</total>
				<timestamp>2669.837665</timestamp>
			</report>
			<report>
				<misses>7224001</misses>
				<total>2</total>
				<timestamp>2670.207353</timestamp>
			</report>
			<report>
				<misses>7225001</misses>
				<total>2</total>
				<timestamp>2670.576914</timestamp>
			</report>
			<report>
				<misses>7226001</misses>
				<total>2</total>
				<timestamp>2670.946562</timestamp>
			</report>
			<report>
				<misses>7227001</misses>
				<total>1</total>
				<timestamp>2671.316291</timestamp>
			</report>
			<report>
				<misses>7228001</misses>
				<total>2</total>
				<timestamp>2671.685836</timestamp>
			</report>
			<report>
				<misses>7229001</misses>
				<total>2</total>
				<timestamp>2672.055447</timestamp>
			</report>
			<report>
				<misses>7230001</misses>
				<total>2</total>
				<timestamp>2672.425091</timestamp>
			</report>
			<report>
				<misses>7231001</misses>
				<total>2</total>
				<timestamp>2672.794747</timestamp>
			</report>
			<report>
				<misses>7232001</misses>
				<total>2</total>
				<timestamp>2673.164335</timestamp>
			</report>
			<report>
				<misses>7233001</misses>
				<total>2</total>
				<timestamp>2673.533982</timestamp>
			</report>
			<report>
				<misses>7234001</misses>
				<total>2</total>
				<timestamp>2673.903580</timestamp>
			</report>
			<report>
				<misses>7235001</misses>
				<total>2</total>
				<timestamp>2674.273265</timestamp>
			</report>
			<report>
				<misses>7236001</misses>
				<total>1</total>
				<timestamp>2674.642941</timestamp>
			</report>
			<report>
				<misses>7237001</misses>
				<total>2</total>
				<timestamp>2675.012529</timestamp>
			</report>
			<report>
				<misses>7238001</misses>
				<total>2</total>
				<timestamp>2675.382122</timestamp>
			</report>
			<report>
				<misses>7239001</misses>
				<total>2</total>
				<timestamp>2675.751799</timestamp>
			</report>
			<report>
				<misses>7240001</misses>
				<total>1</total>
				<timestamp>2676.121515</timestamp>
			</report>
			<report>
				<misses>7241001</misses>
				<total>2</total>
				<timestamp>2676.491068</timestamp>
			</report>
			<report>
				<misses>7242001</misses>
				<total>2</total>
				<timestamp>2676.860664</timestamp>
			</report>
			<report>
				<misses>7243001</misses>
				<total>2</total>
				<timestamp>2677.230265</timestamp>
			</report>
			<report>
				<misses>7244001</misses>
				<total>2</total>
				<timestamp>2677.599911</timestamp>
			</report>
			<report>
				<misses>7245001</misses>
				<total>2</total>
				<timestamp>2677.969519</timestamp>
			</report>
			<report>
				<misses>7246001</misses>
				<total>2</total>
				<timestamp>2678.339168</timestamp>
			</report>
			<report>
				<misses>7247001</misses>
				<total>2</total>
				<timestamp>2678.708809</timestamp>
			</report>
			<report>
				<misses>7248001</misses>
				<total>2</total>
				<timestamp>2679.078459</timestamp>
			</report>
			<report>
				<misses>7249001</misses>
				<total>2</total>
				<timestamp>2679.448099</timestamp>
			</report>
			<report>
				<misses>7250001</misses>
				<total>2</total>
				<timestamp>2679.817686</timestamp>
			</report>
			<report>
				<misses>7251001</misses>
				<total>2</total>
				<timestamp>2680.187305</timestamp>
			</report>
			<report>
				<misses>7252001</misses>
				<total>2</total>
				<timestamp>2680.556992</timestamp>
			</report>
			<report>
				<misses>7253001</misses>
				<total>2</total>
				<timestamp>2680.926571</timestamp>
			</report>
			<report>
				<misses>7254001</misses>
				<total>2</total>
				<timestamp>2681.296194</timestamp>
			</report>
			<report>
				<misses>7255001</misses>
				<total>2</total>
				<timestamp>2681.665819</timestamp>
			</report>
			<report>
				<misses>7256001</misses>
				<total>2</total>
				<timestamp>2682.035484</timestamp>
			</report>
			<report>
				<misses>7257001</misses>
				<total>2</total>
				<timestamp>2682.405072</timestamp>
			</report>
			<report>
				<misses>7258001</misses>
				<total>2</total>
				<timestamp>2682.774724</timestamp>
			</report>
			<report>
				<misses>7259001</misses>
				<total>2</total>
				<timestamp>2683.144370</timestamp>
			</report>
			<report>
				<misses>7260001</misses>
				<total>2</total>
				<timestamp>2683.513982</timestamp>
			</report>
			<report>
				<misses>7261001</misses>
				<total>2</total>
				<timestamp>2683.883595</timestamp>
			</report>
			<report>
				<misses>7262001</misses>
				<total>2</total>
				<timestamp>2684.253234</timestamp>
			</report>
			<report>
				<misses>7263001</misses>
				<total>2</total>
				<timestamp>2684.622858</timestamp>
			</report>
			<report>
				<misses>7264001</misses>
				<total>2</total>
				<timestamp>2684.992502</timestamp>
			</report>
			<report>
				<misses>7265001</misses>
				<total>2</total>
				<timestamp>2685.362167</timestamp>
			</report>
			<report>
				<misses>7266001</misses>
				<total>2</total>
				<timestamp>2685.731761</timestamp>
			</report>
			<report>
				<misses>7267001</misses>
				<total>2</total>
				<timestamp>2686.101414</timestamp>
			</report>
			<report>
				<misses>7268001</misses>
				<total>2</total>
				<timestamp>2686.471002</timestamp>
			</report>
			<report>
				<misses>7269001</misses>
				<total>2</total>
				<timestamp>2686.840623</timestamp>
			</report>
			<report>
				<misses>7270001</misses>
				<total>2</total>
				<timestamp>2687.210275</timestamp>
			</report>
			<report>
				<misses>7271001</misses>
				<total>2</total>
				<timestamp>2687.579964</timestamp>
			</report>
			<report>
				<misses>7272001</misses>
				<total>2</total>
				<timestamp>2687.949545</timestamp>
			</report>
			<report>
				<misses>7273001</misses>
				<total>2</total>
				<timestamp>2688.319171</timestamp>
			</report>
			<report>
				<misses>7274001</misses>
				<total>2</total>
				<timestamp>2688.688807</timestamp>
			</report>
			<report>
				<misses>7275001</misses>
				<total>2</total>
				<timestamp>2689.058448</timestamp>
			</report>
			<report>
				<misses>7276001</misses>
				<total>1</total>
				<timestamp>2689.428158</timestamp>
			</report>
			<report>
				<misses>7277001</misses>
				<total>2</total>
				<timestamp>2689.797722</timestamp>
			</report>
			<report>
				<misses>7278001</misses>
				<total>2</total>
				<timestamp>2690.167316</timestamp>
			</report>
			<report>
				<misses>7279001</misses>
				<total>2</total>
				<timestamp>2690.536934</timestamp>
			</report>
			<report>
				<misses>7280001</misses>
				<total>2</total>
				<timestamp>2690.906570</timestamp>
			</report>
			<report>
				<misses>7281001</misses>
				<total>2</total>
				<timestamp>2691.276256</timestamp>
			</report>
			<report>
				<misses>7282001</misses>
				<total>2</total>
				<timestamp>2691.645862</timestamp>
			</report>
			<report>
				<misses>7283001</misses>
				<total>2</total>
				<timestamp>2692.015524</timestamp>
			</report>
			<report>
				<misses>7284001</misses>
				<total>2</total>
				<timestamp>2692.385130</timestamp>
			</report>
			<report>
				<misses>7285001</misses>
				<total>2</total>
				<timestamp>2692.754735</timestamp>
			</report>
			<report>
				<misses>7286001</misses>
				<total>2</total>
				<timestamp>2693.124417</timestamp>
			</report>
			<report>
				<misses>7287001</misses>
				<total>2</total>
				<timestamp>2693.494030</timestamp>
			</report>
			<report>
				<misses>7288001</misses>
				<total>2</total>
				<timestamp>2693.863650</timestamp>
			</report>
			<report>
				<misses>7289001</misses>
				<total>2</total>
				<timestamp>2694.233233</timestamp>
			</report>
			<report>
				<misses>7290001</misses>
				<total>2</total>
				<timestamp>2694.602922</timestamp>
			</report>
			<report>
				<misses>7291001</misses>
				<total>2</total>
				<timestamp>2694.972536</timestamp>
			</report>
			<report>
				<misses>7292001</misses>
				<total>2</total>
				<timestamp>2695.342152</timestamp>
			</report>
			<report>
				<misses>7293001</misses>
				<total>2</total>
				<timestamp>2695.711756</timestamp>
			</report>
			<report>
				<misses>7294001</misses>
				<total>2</total>
				<timestamp>2696.081413</timestamp>
			</report>
			<report>
				<misses>7295001</misses>
				<total>2</total>
				<timestamp>2696.451033</timestamp>
			</report>
			<report>
				<misses>7296001</misses>
				<total>2</total>
				<timestamp>2696.820661</timestamp>
			</report>
			<report>
				<misses>7297001</misses>
				<total>2</total>
				<timestamp>2697.190293</timestamp>
			</report>
			<report>
				<misses>7298001</misses>
				<total>1</total>
				<timestamp>2697.560008</timestamp>
			</report>
			<report>
				<misses>7299001</misses>
				<total>2</total>
				<timestamp>2697.929565</timestamp>
			</report>
			<report>
				<misses>7300001</misses>
				<total>2</total>
				<timestamp>2698.299211</timestamp>
			</report>
			<report>
				<misses>7301001</misses>
				<total>2</total>
				<timestamp>2698.668848</timestamp>
			</report>
			<report>
				<misses>7302001</misses>
				<total>2</total>
				<timestamp>2699.038436</timestamp>
			</report>
			<report>
				<misses>7303001</misses>
				<total>2</total>
				<timestamp>2699.408054</timestamp>
			</report>
			<report>
				<misses>7304001</misses>
				<total>2</total>
				<timestamp>2699.777681</timestamp>
			</report>
			<report>
				<misses>7305001</misses>
				<total>2</total>
				<timestamp>2700.147394</timestamp>
			</report>
			<report>
				<misses>7306001</misses>
				<total>2</total>
				<timestamp>2700.516959</timestamp>
			</report>
			<report>
				<misses>7307001</misses>
				<total>2</total>
				<timestamp>2700.886600</timestamp>
			</report>
			<report>
				<misses>7308001</misses>
				<total>2</total>
				<timestamp>2701.256293</timestamp>
			</report>
			<report>
				<misses>7309001</misses>
				<total>2</total>
				<timestamp>2701.625885</timestamp>
			</report>
			<report>
				<misses>7310001</misses>
				<total>2</total>
				<timestamp>2701.995472</timestamp>
			</report>
			<report>
				<misses>7311001</misses>
				<total>2</total>
				<timestamp>2702.365162</timestamp>
			</report>
			<report>
				<misses>7312001</misses>
				<total>1</total>
				<timestamp>2702.734813</timestamp>
			</report>
			<report>
				<misses>7313001</misses>
				<total>2</total>
				<timestamp>2703.104351</timestamp>
			</report>
			<report>
				<misses>7314001</misses>
				<total>1</total>
				<timestamp>2703.474133</timestamp>
			</report>
			<report>
				<misses>7315001</misses>
				<total>2</total>
				<timestamp>2703.843632</timestamp>
			</report>
			<report>
				<misses>7316001</misses>
				<total>2</total>
				<timestamp>2704.213269</timestamp>
			</report>
			<report>
				<misses>7317001</misses>
				<total>2</total>
				<timestamp>2704.582917</timestamp>
			</report>
			<report>
				<misses>7318001</misses>
				<total>2</total>
				<timestamp>2704.952508</timestamp>
			</report>
			<report>
				<misses>7319001</misses>
				<total>2</total>
				<timestamp>2705.322171</timestamp>
			</report>
			<report>
				<misses>7320001</misses>
				<total>2</total>
				<timestamp>2705.691808</timestamp>
			</report>
			<report>
				<misses>7321001</misses>
				<total>2</total>
				<timestamp>2706.061438</timestamp>
			</report>
			<report>
				<misses>7322001</misses>
				<total>2</total>
				<timestamp>2706.431040</timestamp>
			</report>
			<report>
				<misses>7323001</misses>
				<total>2</total>
				<timestamp>2706.800681</timestamp>
			</report>
			<report>
				<misses>7324001</misses>
				<total>2</total>
				<timestamp>2707.170343</timestamp>
			</report>
			<report>
				<misses>7325001</misses>
				<total>2</total>
				<timestamp>2707.539978</timestamp>
			</report>
			<report>
				<misses>7326001</misses>
				<total>2</total>
				<timestamp>2707.909539</timestamp>
			</report>
			<report>
				<misses>7327001</misses>
				<total>2</total>
				<timestamp>2708.279250</timestamp>
			</report>
			<report>
				<misses>7328001</misses>
				<total>2</total>
				<timestamp>2708.648883</timestamp>
			</report>
			<report>
				<misses>7329001</misses>
				<total>2</total>
				<timestamp>2709.018434</timestamp>
			</report>
			<report>
				<misses>7330001</misses>
				<total>2</total>
				<timestamp>2709.388116</timestamp>
			</report>
			<report>
				<misses>7331001</misses>
				<total>2</total>
				<timestamp>2709.757704</timestamp>
			</report>
			<report>
				<misses>7332001</misses>
				<total>2</total>
				<timestamp>2710.127398</timestamp>
			</report>
			<report>
				<misses>7333001</misses>
				<total>2</total>
				<timestamp>2710.496948</timestamp>
			</report>
			<report>
				<misses>7334001</misses>
				<total>2</total>
				<timestamp>2710.866579</timestamp>
			</report>
			<report>
				<misses>7335001</misses>
				<total>2</total>
				<timestamp>2711.236307</timestamp>
			</report>
			<report>
				<misses>7336001</misses>
				<total>2</total>
				<timestamp>2711.605844</timestamp>
			</report>
			<report>
				<misses>7337001</misses>
				<total>2</total>
				<timestamp>2711.975474</timestamp>
			</report>
			<report>
				<misses>7338001</misses>
				<total>2</total>
				<timestamp>2712.345109</timestamp>
			</report>
			<report>
				<misses>7339001</misses>
				<total>2</total>
				<timestamp>2712.714748</timestamp>
			</report>
			<report>
				<misses>7340001</misses>
				<total>2</total>
				<timestamp>2713.084423</timestamp>
			</report>
			<report>
				<misses>7341001</misses>
				<total>2</total>
				<timestamp>2713.454001</timestamp>
			</report>
			<report>
				<misses>7342001</misses>
				<total>2</total>
				<timestamp>2713.823679</timestamp>
			</report>
			<report>
				<misses>7343001</misses>
				<total>2</total>
				<timestamp>2714.193306</timestamp>
			</report>
			<report>
				<misses>7344001</misses>
				<total>2</total>
				<timestamp>2714.562910</timestamp>
			</report>
			<report>
				<misses>7345001</misses>
				<total>2</total>
				<timestamp>2714.932532</timestamp>
			</report>
			<report>
				<misses>7346001</misses>
				<total>2</total>
				<timestamp>2715.302167</timestamp>
			</report>
			<report>
				<misses>7347001</misses>
				<total>2</total>
				<timestamp>2715.671815</timestamp>
			</report>
			<report>
				<misses>7348001</misses>
				<total>2</total>
				<timestamp>2716.041419</timestamp>
			</report>
			<report>
				<misses>7349001</misses>
				<total>1</total>
				<timestamp>2716.411141</timestamp>
			</report>
			<report>
				<misses>7350001</misses>
				<total>2</total>
				<timestamp>2716.780715</timestamp>
			</report>
			<report>
				<misses>7351001</misses>
				<total>2</total>
				<timestamp>2717.150320</timestamp>
			</report>
			<report>
				<misses>7352001</misses>
				<total>2</total>
				<timestamp>2717.519987</timestamp>
			</report>
			<report>
				<misses>7353001</misses>
				<total>2</total>
				<timestamp>2717.889605</timestamp>
			</report>
			<report>
				<misses>7354001</misses>
				<total>1</total>
				<timestamp>2718.259294</timestamp>
			</report>
			<report>
				<misses>7355001</misses>
				<total>2</total>
				<timestamp>2718.628888</timestamp>
			</report>
			<report>
				<misses>7356001</misses>
				<total>2</total>
				<timestamp>2718.998464</timestamp>
			</report>
			<report>
				<misses>7357001</misses>
				<total>2</total>
				<timestamp>2719.368072</timestamp>
			</report>
			<report>
				<misses>7358001</misses>
				<total>2</total>
				<timestamp>2719.737728</timestamp>
			</report>
			<report>
				<misses>7359001</misses>
				<total>2</total>
				<timestamp>2720.107392</timestamp>
			</report>
			<report>
				<misses>7360001</misses>
				<total>1</total>
				<timestamp>2720.477113</timestamp>
			</report>
			<report>
				<misses>7361001</misses>
				<total>2</total>
				<timestamp>2720.846594</timestamp>
			</report>
			<report>
				<misses>7362001</misses>
				<total>2</total>
				<timestamp>2721.216289</timestamp>
			</report>
			<report>
				<misses>7363001</misses>
				<total>2</total>
				<timestamp>2721.585914</timestamp>
			</report>
			<report>
				<misses>7364001</misses>
				<total>1</total>
				<timestamp>2721.955622</timestamp>
			</report>
			<report>
				<misses>7365001</misses>
				<total>2</total>
				<timestamp>2722.325225</timestamp>
			</report>
			<report>
				<misses>7366001</misses>
				<total>2</total>
				<timestamp>2722.694786</timestamp>
			</report>
			<report>
				<misses>7367001</misses>
				<total>2</total>
				<timestamp>2723.064396</timestamp>
			</report>
			<report>
				<misses>7368001</misses>
				<total>2</total>
				<timestamp>2723.434022</timestamp>
			</report>
			<report>
				<misses>7369001</misses>
				<total>2</total>
				<timestamp>2723.803696</timestamp>
			</report>
			<report>
				<misses>7370001</misses>
				<total>2</total>
				<timestamp>2724.173267</timestamp>
			</report>
			<report>
				<misses>7371001</misses>
				<total>2</total>
				<timestamp>2724.542892</timestamp>
			</report>
			<report>
				<misses>7372001</misses>
				<total>2</total>
				<timestamp>2724.912560</timestamp>
			</report>
			<report>
				<misses>7373001</misses>
				<total>2</total>
				<timestamp>2725.282197</timestamp>
			</report>
			<report>
				<misses>7374001</misses>
				<total>2</total>
				<timestamp>2725.651815</timestamp>
			</report>
			<report>
				<misses>7375001</misses>
				<total>2</total>
				<timestamp>2726.021412</timestamp>
			</report>
			<report>
				<misses>7376001</misses>
				<total>2</total>
				<timestamp>2726.391145</timestamp>
			</report>
			<report>
				<misses>7377001</misses>
				<total>2</total>
				<timestamp>2726.760686</timestamp>
			</report>
			<report>
				<misses>7378001</misses>
				<total>2</total>
				<timestamp>2727.130383</timestamp>
			</report>
			<report>
				<misses>7379001</misses>
				<total>2</total>
				<timestamp>2727.499934</timestamp>
			</report>
			<report>
				<misses>7380001</misses>
				<total>2</total>
				<timestamp>2727.869591</timestamp>
			</report>
			<report>
				<misses>7381001</misses>
				<total>2</total>
				<timestamp>2728.239219</timestamp>
			</report>
			<report>
				<misses>7382001</misses>
				<total>2</total>
				<timestamp>2728.608818</timestamp>
			</report>
			<report>
				<misses>7383001</misses>
				<total>2</total>
				<timestamp>2728.978450</timestamp>
			</report>
			<report>
				<misses>7384001</misses>
				<total>2</total>
				<timestamp>2729.348105</timestamp>
			</report>
			<report>
				<misses>7385001</misses>
				<total>1</total>
				<timestamp>2729.717836</timestamp>
			</report>
			<report>
				<misses>7386001</misses>
				<total>2</total>
				<timestamp>2730.087355</timestamp>
			</report>
			<report>
				<misses>7387001</misses>
				<total>2</total>
				<timestamp>2730.456994</timestamp>
			</report>
			<report>
				<misses>7388001</misses>
				<total>2</total>
				<timestamp>2730.826645</timestamp>
			</report>
			<report>
				<misses>7389001</misses>
				<total>2</total>
				<timestamp>2731.196265</timestamp>
			</report>
			<report>
				<misses>7390001</misses>
				<total>2</total>
				<timestamp>2731.565958</timestamp>
			</report>
			<report>
				<misses>7391001</misses>
				<total>2</total>
				<timestamp>2731.935493</timestamp>
			</report>
			<report>
				<misses>7392001</misses>
				<total>2</total>
				<timestamp>2732.305164</timestamp>
			</report>
			<report>
				<misses>7393001</misses>
				<total>2</total>
				<timestamp>2732.674784</timestamp>
			</report>
			<report>
				<misses>7394001</misses>
				<total>2</total>
				<timestamp>2733.044372</timestamp>
			</report>
			<report>
				<misses>7395001</misses>
				<total>2</total>
				<timestamp>2733.414070</timestamp>
			</report>
			<report>
				<misses>7396001</misses>
				<total>2</total>
				<timestamp>2733.783671</timestamp>
			</report>
			<report>
				<misses>7397001</misses>
				<total>2</total>
				<timestamp>2734.153302</timestamp>
			</report>
			<report>
				<misses>7398001</misses>
				<total>2</total>
				<timestamp>2734.522898</timestamp>
			</report>
			<report>
				<misses>7399001</misses>
				<total>2</total>
				<timestamp>2734.892578</timestamp>
			</report>
			<report>
				<misses>7400001</misses>
				<total>2</total>
				<timestamp>2735.262187</timestamp>
			</report>
			<report>
				<misses>7401001</misses>
				<total>2</total>
				<timestamp>2735.631834</timestamp>
			</report>
			<report>
				<misses>7402001</misses>
				<total>2</total>
				<timestamp>2736.001432</timestamp>
			</report>
			<report>
				<misses>7403001</misses>
				<total>1</total>
				<timestamp>2736.371191</timestamp>
			</report>
			<report>
				<misses>7404001</misses>
				<total>2</total>
				<timestamp>2736.740733</timestamp>
			</report>
			<report>
				<misses>7405001</misses>
				<total>1</total>
				<timestamp>2737.110427</timestamp>
			</report>
			<report>
				<misses>7406001</misses>
				<total>2</total>
				<timestamp>2737.479971</timestamp>
			</report>
			<report>
				<misses>7407001</misses>
				<total>1</total>
				<timestamp>2737.849676</timestamp>
			</report>
			<report>
				<misses>7408001</misses>
				<total>2</total>
				<timestamp>2738.219253</timestamp>
			</report>
			<report>
				<misses>7409001</misses>
				<total>2</total>
				<timestamp>2738.588828</timestamp>
			</report>
			<report>
				<misses>7410001</misses>
				<total>1</total>
				<timestamp>2738.958560</timestamp>
			</report>
			<report>
				<misses>7411001</misses>
				<total>1</total>
				<timestamp>2739.328211</timestamp>
			</report>
			<report>
				<misses>7412001</misses>
				<total>2</total>
				<timestamp>2739.697793</timestamp>
			</report>
			<report>
				<misses>7413001</misses>
				<total>2</total>
				<timestamp>2740.067353</timestamp>
			</report>
			<report>
				<misses>7414001</misses>
				<total>2</total>
				<timestamp>2740.437028</timestamp>
			</report>
			<report>
				<misses>7415001</misses>
				<total>2</total>
				<timestamp>2740.806634</timestamp>
			</report>
			<report>
				<misses>7416001</misses>
				<total>1</total>
				<timestamp>2741.176350</timestamp>
			</report>
			<report>
				<misses>7417001</misses>
				<total>2</total>
				<timestamp>2741.545947</timestamp>
			</report>
			<report>
				<misses>7418001</misses>
				<total>2</total>
				<timestamp>2741.915497</timestamp>
			</report>
			<report>
				<misses>7419001</misses>
				<total>2</total>
				<timestamp>2742.285234</timestamp>
			</report>
			<report>
				<misses>7420001</misses>
				<total>2</total>
				<timestamp>2742.654844</timestamp>
			</report>
			<report>
				<misses>7421001</misses>
				<total>2</total>
				<timestamp>2743.024448</timestamp>
			</report>
			<report>
				<misses>7422001</misses>
				<total>2</total>
				<timestamp>2743.394065</timestamp>
			</report>
			<report>
				<misses>7423001</misses>
				<total>2</total>
				<timestamp>2743.763705</timestamp>
			</report>
			<report>
				<misses>7424001</misses>
				<total>2</total>
				<timestamp>2744.133354</timestamp>
			</report>
			<report>
				<misses>7425001</misses>
				<total>2</total>
				<timestamp>2744.502953</timestamp>
			</report>
			<report>
				<misses>7426001</misses>
				<total>2</total>
				<timestamp>2744.872640</timestamp>
			</report>
			<report>
				<misses>7427001</misses>
				<total>2</total>
				<timestamp>2745.242210</timestamp>
			</report>
			<report>
				<misses>7428001</misses>
				<total>2</total>
				<timestamp>2745.611808</timestamp>
			</report>
			<report>
				<misses>7429001</misses>
				<total>2</total>
				<timestamp>2745.981463</timestamp>
			</report>
			<report>
				<misses>7430001</misses>
				<total>2</total>
				<timestamp>2746.351086</timestamp>
			</report>
			<report>
				<misses>7431001</misses>
				<total>2</total>
				<timestamp>2746.720746</timestamp>
			</report>
			<report>
				<misses>7432001</misses>
				<total>2</total>
				<timestamp>2747.090325</timestamp>
			</report>
			<report>
				<misses>7433001</misses>
				<total>2</total>
				<timestamp>2747.460026</timestamp>
			</report>
			<report>
				<misses>7434001</misses>
				<total>1</total>
				<timestamp>2747.829690</timestamp>
			</report>
			<report>
				<misses>7435001</misses>
				<total>2</total>
				<timestamp>2748.199318</timestamp>
			</report>
			<report>
				<misses>7436001</misses>
				<total>2</total>
				<timestamp>2748.568856</timestamp>
			</report>
			<report>
				<misses>7437001</misses>
				<total>2</total>
				<timestamp>2748.938554</timestamp>
			</report>
			<report>
				<misses>7438001</misses>
				<total>2</total>
				<timestamp>2749.308114</timestamp>
			</report>
			<report>
				<misses>7439001</misses>
				<total>2</total>
				<timestamp>2749.677810</timestamp>
			</report>
			<report>
				<misses>7440001</misses>
				<total>2</total>
				<timestamp>2750.047357</timestamp>
			</report>
			<report>
				<misses>7441001</misses>
				<total>2</total>
				<timestamp>2750.417072</timestamp>
			</report>
			<report>
				<misses>7442001</misses>
				<total>2</total>
				<timestamp>2750.786654</timestamp>
			</report>
			<report>
				<misses>7443001</misses>
				<total>2</total>
				<timestamp>2751.156275</timestamp>
			</report>
			<report>
				<misses>7444001</misses>
				<total>2</total>
				<timestamp>2751.525901</timestamp>
			</report>
			<report>
				<misses>7445001</misses>
				<total>2</total>
				<timestamp>2751.895557</timestamp>
			</report>
			<report>
				<misses>7446001</misses>
				<total>2</total>
				<timestamp>2752.265187</timestamp>
			</report>
			<report>
				<misses>7447001</misses>
				<total>2</total>
				<timestamp>2752.634827</timestamp>
			</report>
			<report>
				<misses>7448001</misses>
				<total>2</total>
				<timestamp>2753.004420</timestamp>
			</report>
			<report>
				<misses>7449001</misses>
				<total>2</total>
				<timestamp>2753.374156</timestamp>
			</report>
			<report>
				<misses>7450001</misses>
				<total>2</total>
				<timestamp>2753.743720</timestamp>
			</report>
			<report>
				<misses>7451001</misses>
				<total>2</total>
				<timestamp>2754.113305</timestamp>
			</report>
			<report>
				<misses>7452001</misses>
				<total>2</total>
				<timestamp>2754.483050</timestamp>
			</report>
			<report>
				<misses>7453001</misses>
				<total>2</total>
				<timestamp>2754.852593</timestamp>
			</report>
			<report>
				<misses>7454001</misses>
				<total>2</total>
				<timestamp>2755.222193</timestamp>
			</report>
			<report>
				<misses>7455001</misses>
				<total>2</total>
				<timestamp>2755.591810</timestamp>
			</report>
			<report>
				<misses>7456001</misses>
				<total>2</total>
				<timestamp>2755.961515</timestamp>
			</report>
			<report>
				<misses>7457001</misses>
				<total>2</total>
				<timestamp>2756.331097</timestamp>
			</report>
			<report>
				<misses>7458001</misses>
				<total>2</total>
				<timestamp>2756.700769</timestamp>
			</report>
			<report>
				<misses>7459001</misses>
				<total>2</total>
				<timestamp>2757.070327</timestamp>
			</report>
			<report>
				<misses>7460001</misses>
				<total>2</total>
				<timestamp>2757.440021</timestamp>
			</report>
			<report>
				<misses>7461001</misses>
				<total>2</total>
				<timestamp>2757.809589</timestamp>
			</report>
			<report>
				<misses>7462001</misses>
				<total>2</total>
				<timestamp>2758.179263</timestamp>
			</report>
			<report>
				<misses>7463001</misses>
				<total>2</total>
				<timestamp>2758.548863</timestamp>
			</report>
			<report>
				<misses>7464001</misses>
				<total>2</total>
				<timestamp>2758.918498</timestamp>
			</report>
			<report>
				<misses>7465001</misses>
				<total>2</total>
				<timestamp>2759.288138</timestamp>
			</report>
			<report>
				<misses>7466001</misses>
				<total>2</total>
				<timestamp>2759.657802</timestamp>
			</report>
			<report>
				<misses>7467001</misses>
				<total>2</total>
				<timestamp>2760.027421</timestamp>
			</report>
			<report>
				<misses>7468001</misses>
				<total>2</total>
				<timestamp>2760.397064</timestamp>
			</report>
			<report>
				<misses>7469001</misses>
				<total>2</total>
				<timestamp>2760.766637</timestamp>
			</report>
			<report>
				<misses>7470001</misses>
				<total>2</total>
				<timestamp>2761.136292</timestamp>
			</report>
			<report>
				<misses>7471001</misses>
				<total>2</total>
				<timestamp>2761.505915</timestamp>
			</report>
			<report>
				<misses>7472001</misses>
				<total>2</total>
				<timestamp>2761.875546</timestamp>
			</report>
			<report>
				<misses>7473001</misses>
				<total>2</total>
				<timestamp>2762.245184</timestamp>
			</report>
			<report>
				<misses>7474001</misses>
				<total>2</total>
				<timestamp>2762.614818</timestamp>
			</report>
			<report>
				<misses>7475001</misses>
				<total>2</total>
				<timestamp>2762.984423</timestamp>
			</report>
			<report>
				<misses>7476001</misses>
				<total>2</total>
				<timestamp>2763.354107</timestamp>
			</report>
			<report>
				<misses>7477001</misses>
				<total>2</total>
				<timestamp>2763.723676</timestamp>
			</report>
			<report>
				<misses>7478001</misses>
				<total>2</total>
				<timestamp>2764.093326</timestamp>
			</report>
			<report>
				<misses>7479001</misses>
				<total>2</total>
				<timestamp>2764.462978</timestamp>
			</report>
			<report>
				<misses>7480001</misses>
				<total>2</total>
				<timestamp>2764.832663</timestamp>
			</report>
			<report>
				<misses>7481001</misses>
				<total>1</total>
				<timestamp>2765.202288</timestamp>
			</report>
			<report>
				<misses>7482001</misses>
				<total>2</total>
				<timestamp>2765.571860</timestamp>
			</report>
			<report>
				<misses>7483001</misses>
				<total>2</total>
				<timestamp>2765.941533</timestamp>
			</report>
			<report>
				<misses>7484001</misses>
				<total>2</total>
				<timestamp>2766.311087</timestamp>
			</report>
			<report>
				<misses>7485001</misses>
				<total>2</total>
				<timestamp>2766.680731</timestamp>
			</report>
			<report>
				<misses>7486001</misses>
				<total>2</total>
				<timestamp>2767.050398</timestamp>
			</report>
			<report>
				<misses>7487001</misses>
				<total>2</total>
				<timestamp>2767.420058</timestamp>
			</report>
			<report>
				<misses>7488001</misses>
				<total>2</total>
				<timestamp>2767.789672</timestamp>
			</report>
			<report>
				<misses>7489001</misses>
				<total>2</total>
				<timestamp>2768.159239</timestamp>
			</report>
			<report>
				<misses>7490001</misses>
				<total>2</total>
				<timestamp>2768.528963</timestamp>
			</report>
			<report>
				<misses>7491001</misses>
				<total>2</total>
				<timestamp>2768.898542</timestamp>
			</report>
			<report>
				<misses>7492001</misses>
				<total>2</total>
				<timestamp>2769.268186</timestamp>
			</report>
			<report>
				<misses>7493001</misses>
				<total>2</total>
				<timestamp>2769.637778</timestamp>
			</report>
			<report>
				<misses>7494001</misses>
				<total>2</total>
				<timestamp>2770.007426</timestamp>
			</report>
			<report>
				<misses>7495001</misses>
				<total>2</total>
				<timestamp>2770.377094</timestamp>
			</report>
			<report>
				<misses>7496001</misses>
				<total>1</total>
				<timestamp>2770.746759</timestamp>
			</report>
			<report>
				<misses>7497001</misses>
				<total>2</total>
				<timestamp>2771.116271</timestamp>
			</report>
			<report>
				<misses>7498001</misses>
				<total>2</total>
				<timestamp>2771.485932</timestamp>
			</report>
			<report>
				<misses>7499001</misses>
				<total>2</total>
				<timestamp>2771.855552</timestamp>
			</report>
			<report>
				<misses>7500001</misses>
				<total>2</total>
				<timestamp>2772.225239</timestamp>
			</report>
			<report>
				<misses>7501001</misses>
				<total>1</total>
				<timestamp>2772.594937</timestamp>
			</report>
			<report>
				<misses>7502001</misses>
				<total>2</total>
				<timestamp>2772.964456</timestamp>
			</report>
			<report>
				<misses>7503001</misses>
				<total>1</total>
				<timestamp>2773.334214</timestamp>
			</report>
			<report>
				<misses>7504001</misses>
				<total>2</total>
				<timestamp>2773.703686</timestamp>
			</report>
			<report>
				<misses>7505001</misses>
				<total>2</total>
				<timestamp>2774.073334</timestamp>
			</report>
			<report>
				<misses>7506001</misses>
				<total>2</total>
				<timestamp>2774.442985</timestamp>
			</report>
			<report>
				<misses>7507001</misses>
				<total>2</total>
				<timestamp>2774.812595</timestamp>
			</report>
			<report>
				<misses>7508001</misses>
				<total>2</total>
				<timestamp>2775.182225</timestamp>
			</report>
			<report>
				<misses>7509001</misses>
				<total>2</total>
				<timestamp>2775.551910</timestamp>
			</report>
			<report>
				<misses>7510001</misses>
				<total>2</total>
				<timestamp>2775.921458</timestamp>
			</report>
			<report>
				<misses>7511001</misses>
				<total>2</total>
				<timestamp>2776.291123</timestamp>
			</report>
			<report>
				<misses>7512001</misses>
				<total>2</total>
				<timestamp>2776.660751</timestamp>
			</report>
			<report>
				<misses>7513001</misses>
				<total>2</total>
				<timestamp>2777.030343</timestamp>
			</report>
			<report>
				<misses>7514001</misses>
				<total>1</total>
				<timestamp>2777.400116</timestamp>
			</report>
			<report>
				<misses>7515001</misses>
				<total>2</total>
				<timestamp>2777.769696</timestamp>
			</report>
			<report>
				<misses>7516001</misses>
				<total>2</total>
				<timestamp>2778.139248</timestamp>
			</report>
			<report>
				<misses>7517001</misses>
				<total>2</total>
				<timestamp>2778.508949</timestamp>
			</report>
			<report>
				<misses>7518001</misses>
				<total>2</total>
				<timestamp>2778.878563</timestamp>
			</report>
			<report>
				<misses>7519001</misses>
				<total>2</total>
				<timestamp>2779.248142</timestamp>
			</report>
			<report>
				<misses>7520001</misses>
				<total>2</total>
				<timestamp>2779.617892</timestamp>
			</report>
			<report>
				<misses>7521001</misses>
				<total>2</total>
				<timestamp>2779.987419</timestamp>
			</report>
			<report>
				<misses>7522001</misses>
				<total>1</total>
				<timestamp>2780.357143</timestamp>
			</report>
			<report>
				<misses>7523001</misses>
				<total>2</total>
				<timestamp>2780.726704</timestamp>
			</report>
			<report>
				<misses>7524001</misses>
				<total>2</total>
				<timestamp>2781.096309</timestamp>
			</report>
			<report>
				<misses>7525001</misses>
				<total>2</total>
				<timestamp>2781.466001</timestamp>
			</report>
			<report>
				<misses>7526001</misses>
				<total>2</total>
				<timestamp>2781.835592</timestamp>
			</report>
			<report>
				<misses>7527001</misses>
				<total>2</total>
				<timestamp>2782.205212</timestamp>
			</report>
			<report>
				<misses>7528001</misses>
				<total>2</total>
				<timestamp>2782.574854</timestamp>
			</report>
			<report>
				<misses>7529001</misses>
				<total>2</total>
				<timestamp>2782.944507</timestamp>
			</report>
			<report>
				<misses>7530001</misses>
				<total>2</total>
				<timestamp>2783.314069</timestamp>
			</report>
			<report>
				<misses>7531001</misses>
				<total>2</total>
				<timestamp>2783.683726</timestamp>
			</report>
			<report>
				<misses>7532001</misses>
				<total>2</total>
				<timestamp>2784.053385</timestamp>
			</report>
			<report>
				<misses>7533001</misses>
				<total>2</total>
				<timestamp>2784.422969</timestamp>
			</report>
			<report>
				<misses>7534001</misses>
				<total>2</total>
				<timestamp>2784.792617</timestamp>
			</report>
			<report>
				<misses>7535001</misses>
				<total>2</total>
				<timestamp>2785.162286</timestamp>
			</report>
			<report>
				<misses>7536001</misses>
				<total>2</total>
				<timestamp>2785.531920</timestamp>
			</report>
			<report>
				<misses>7537001</misses>
				<total>2</total>
				<timestamp>2785.901493</timestamp>
			</report>
			<report>
				<misses>7538001</misses>
				<total>2</total>
				<timestamp>2786.271131</timestamp>
			</report>
			<report>
				<misses>7539001</misses>
				<total>2</total>
				<timestamp>2786.640788</timestamp>
			</report>
			<report>
				<misses>7540001</misses>
				<total>2</total>
				<timestamp>2787.010393</timestamp>
			</report>
			<report>
				<misses>7541001</misses>
				<total>2</total>
				<timestamp>2787.380027</timestamp>
			</report>
			<report>
				<misses>7542001</misses>
				<total>2</total>
				<timestamp>2787.749646</timestamp>
			</report>
			<report>
				<misses>7543001</misses>
				<total>2</total>
				<timestamp>2788.119292</timestamp>
			</report>
			<report>
				<misses>7544001</misses>
				<total>2</total>
				<timestamp>2788.488909</timestamp>
			</report>
			<report>
				<misses>7545001</misses>
				<total>2</total>
				<timestamp>2788.858527</timestamp>
			</report>
			<report>
				<misses>7546001</misses>
				<total>2</total>
				<timestamp>2789.228163</timestamp>
			</report>
			<report>
				<misses>7547001</misses>
				<total>2</total>
				<timestamp>2789.597846</timestamp>
			</report>
			<report>
				<misses>7548001</misses>
				<total>2</total>
				<timestamp>2789.967463</timestamp>
			</report>
			<report>
				<misses>7549001</misses>
				<total>2</total>
				<timestamp>2790.337042</timestamp>
			</report>
			<report>
				<misses>7550001</misses>
				<total>2</total>
				<timestamp>2790.706759</timestamp>
			</report>
			<report>
				<misses>7551001</misses>
				<total>2</total>
				<timestamp>2791.076327</timestamp>
			</report>
			<report>
				<misses>7552001</misses>
				<total>2</total>
				<timestamp>2791.445964</timestamp>
			</report>
			<report>
				<misses>7553001</misses>
				<total>2</total>
				<timestamp>2791.815607</timestamp>
			</report>
			<report>
				<misses>7554001</misses>
				<total>2</total>
				<timestamp>2792.185221</timestamp>
			</report>
			<report>
				<misses>7555001</misses>
				<total>2</total>
				<timestamp>2792.554852</timestamp>
			</report>
			<report>
				<misses>7556001</misses>
				<total>2</total>
				<timestamp>2792.924460</timestamp>
			</report>
			<report>
				<misses>7557001</misses>
				<total>2</total>
				<timestamp>2793.294151</timestamp>
			</report>
			<report>
				<misses>7558001</misses>
				<total>2</total>
				<timestamp>2793.663768</timestamp>
			</report>
			<report>
				<misses>7559001</misses>
				<total>2</total>
				<timestamp>2794.033354</timestamp>
			</report>
			<report>
				<misses>7560001</misses>
				<total>2</total>
				<timestamp>2794.402966</timestamp>
			</report>
			<report>
				<misses>7561001</misses>
				<total>2</total>
				<timestamp>2794.772649</timestamp>
			</report>
			<report>
				<misses>7562001</misses>
				<total>2</total>
				<timestamp>2795.142256</timestamp>
			</report>
			<report>
				<misses>7563001</misses>
				<total>1</total>
				<timestamp>2795.512022</timestamp>
			</report>
			<report>
				<misses>7564001</misses>
				<total>2</total>
				<timestamp>2795.881488</timestamp>
			</report>
			<report>
				<misses>7565001</misses>
				<total>2</total>
				<timestamp>2796.251166</timestamp>
			</report>
			<report>
				<misses>7566001</misses>
				<total>2</total>
				<timestamp>2796.620816</timestamp>
			</report>
			<report>
				<misses>7567001</misses>
				<total>2</total>
				<timestamp>2796.990457</timestamp>
			</report>
			<report>
				<misses>7568001</misses>
				<total>2</total>
				<timestamp>2797.360070</timestamp>
			</report>
			<report>
				<misses>7569001</misses>
				<total>2</total>
				<timestamp>2797.729646</timestamp>
			</report>
			<report>
				<misses>7570001</misses>
				<total>2</total>
				<timestamp>2798.099269</timestamp>
			</report>
			<report>
				<misses>7571001</misses>
				<total>2</total>
				<timestamp>2798.468889</timestamp>
			</report>
			<report>
				<misses>7572001</misses>
				<total>2</total>
				<timestamp>2798.838538</timestamp>
			</report>
			<report>
				<misses>7573001</misses>
				<total>2</total>
				<timestamp>2799.208202</timestamp>
			</report>
			<report>
				<misses>7574001</misses>
				<total>2</total>
				<timestamp>2799.577885</timestamp>
			</report>
			<report>
				<misses>7575001</misses>
				<total>2</total>
				<timestamp>2799.947430</timestamp>
			</report>
			<report>
				<misses>7576001</misses>
				<total>2</total>
				<timestamp>2800.317039</timestamp>
			</report>
			<report>
				<misses>7577001</misses>
				<total>2</total>
				<timestamp>2800.686781</timestamp>
			</report>
			<report>
				<misses>7578001</misses>
				<total>2</total>
				<timestamp>2801.056302</timestamp>
			</report>
			<report>
				<misses>7579001</misses>
				<total>1</total>
				<timestamp>2801.426051</timestamp>
			</report>
			<report>
				<misses>7580001</misses>
				<total>2</total>
				<timestamp>2801.795580</timestamp>
			</report>
			<report>
				<misses>7581001</misses>
				<total>2</total>
				<timestamp>2802.165264</timestamp>
			</report>
			<report>
				<misses>7582001</misses>
				<total>2</total>
				<timestamp>2802.534877</timestamp>
			</report>
			<report>
				<misses>7583001</misses>
				<total>1</total>
				<timestamp>2802.904566</timestamp>
			</report>
			<report>
				<misses>7584001</misses>
				<total>2</total>
				<timestamp>2803.274173</timestamp>
			</report>
			<report>
				<misses>7585001</misses>
				<total>1</total>
				<timestamp>2803.643831</timestamp>
			</report>
			<report>
				<misses>7586001</misses>
				<total>2</total>
				<timestamp>2804.013339</timestamp>
			</report>
			<report>
				<misses>7587001</misses>
				<total>2</total>
				<timestamp>2804.383009</timestamp>
			</report>
			<report>
				<misses>7588001</misses>
				<total>2</total>
				<timestamp>2804.752692</timestamp>
			</report>
			<report>
				<misses>7589001</misses>
				<total>1</total>
				<timestamp>2805.122352</timestamp>
			</report>
			<report>
				<misses>7590001</misses>
				<total>2</total>
				<timestamp>2805.491865</timestamp>
			</report>
			<report>
				<misses>7591001</misses>
				<total>2</total>
				<timestamp>2805.861493</timestamp>
			</report>
			<report>
				<misses>7592001</misses>
				<total>2</total>
				<timestamp>2806.231160</timestamp>
			</report>
			<report>
				<misses>7593001</misses>
				<total>2</total>
				<timestamp>2806.600787</timestamp>
			</report>
			<report>
				<misses>7594001</misses>
				<total>1</total>
				<timestamp>2806.970514</timestamp>
			</report>
			<report>
				<misses>7595001</misses>
				<total>2</total>
				<timestamp>2807.340006</timestamp>
			</report>
			<report>
				<misses>7596001</misses>
				<total>2</total>
				<timestamp>2807.709745</timestamp>
			</report>
			<report>
				<misses>7597001</misses>
				<total>2</total>
				<timestamp>2808.079299</timestamp>
			</report>
			<report>
				<misses>7598001</misses>
				<total>2</total>
				<timestamp>2808.448929</timestamp>
			</report>
			<report>
				<misses>7599001</misses>
				<total>2</total>
				<timestamp>2808.818552</timestamp>
			</report>
			<report>
				<misses>7600001</misses>
				<total>2</total>
				<timestamp>2809.188241</timestamp>
			</report>
			<report>
				<misses>7601001</misses>
				<total>2</total>
				<timestamp>2809.557829</timestamp>
			</report>
			<report>
				<misses>7602001</misses>
				<total>2</total>
				<timestamp>2809.927479</timestamp>
			</report>
			<report>
				<misses>7603001</misses>
				<total>2</total>
				<timestamp>2810.297062</timestamp>
			</report>
			<report>
				<misses>7604001</misses>
				<total>2</total>
				<timestamp>2810.666771</timestamp>
			</report>
			<report>
				<misses>7605001</misses>
				<total>2</total>
				<timestamp>2811.036362</timestamp>
			</report>
			<report>
				<misses>7606001</misses>
				<total>2</total>
				<timestamp>2811.405953</timestamp>
			</report>
			<report>
				<misses>7607001</misses>
				<total>2</total>
				<timestamp>2811.775622</timestamp>
			</report>
			<report>
				<misses>7608001</misses>
				<total>2</total>
				<timestamp>2812.145246</timestamp>
			</report>
			<report>
				<misses>7609001</misses>
				<total>2</total>
				<timestamp>2812.514920</timestamp>
			</report>
			<report>
				<misses>7610001</misses>
				<total>2</total>
				<timestamp>2812.884511</timestamp>
			</report>
			<report>
				<misses>7611001</misses>
				<total>1</total>
				<timestamp>2813.254208</timestamp>
			</report>
			<report>
				<misses>7612001</misses>
				<total>1</total>
				<timestamp>2813.623842</timestamp>
			</report>
			<report>
				<misses>7613001</misses>
				<total>2</total>
				<timestamp>2813.993381</timestamp>
			</report>
			<report>
				<misses>7614001</misses>
				<total>2</total>
				<timestamp>2814.362982</timestamp>
			</report>
			<report>
				<misses>7615001</misses>
				<total>2</total>
				<timestamp>2814.732708</timestamp>
			</report>
			<report>
				<misses>7616001</misses>
				<total>2</total>
				<timestamp>2815.102240</timestamp>
			</report>
			<report>
				<misses>7617001</misses>
				<total>2</total>
				<timestamp>2815.471893</timestamp>
			</report>
			<report>
				<misses>7618001</misses>
				<total>2</total>
				<timestamp>2815.841565</timestamp>
			</report>
			<report>
				<misses>7619001</misses>
				<total>2</total>
				<timestamp>2816.211200</timestamp>
			</report>
			<report>
				<misses>7620001</misses>
				<total>2</total>
				<timestamp>2816.580813</timestamp>
			</report>
			<report>
				<misses>7621001</misses>
				<total>2</total>
				<timestamp>2816.950432</timestamp>
			</report>
			<report>
				<misses>7622001</misses>
				<total>2</total>
				<timestamp>2817.320037</timestamp>
			</report>
			<report>
				<misses>7623001</misses>
				<total>2</total>
				<timestamp>2817.689719</timestamp>
			</report>
			<report>
				<misses>7624001</misses>
				<total>2</total>
				<timestamp>2818.059307</timestamp>
			</report>
			<report>
				<misses>7625001</misses>
				<total>2</total>
				<timestamp>2818.428916</timestamp>
			</report>
			<report>
				<misses>7626001</misses>
				<total>2</total>
				<timestamp>2818.798621</timestamp>
			</report>
			<report>
				<misses>7627001</misses>
				<total>2</total>
				<timestamp>2819.168256</timestamp>
			</report>
			<report>
				<misses>7628001</misses>
				<total>2</total>
				<timestamp>2819.537798</timestamp>
			</report>
			<report>
				<misses>7629001</misses>
				<total>2</total>
				<timestamp>2819.907454</timestamp>
			</report>
			<report>
				<misses>7630001</misses>
				<total>2</total>
				<timestamp>2820.277161</timestamp>
			</report>
			<report>
				<misses>7631001</misses>
				<total>1</total>
				<timestamp>2820.646790</timestamp>
			</report>
			<report>
				<misses>7632001</misses>
				<total>2</total>
				<timestamp>2821.016336</timestamp>
			</report>
			<report>
				<misses>7633001</misses>
				<total>2</total>
				<timestamp>2821.385950</timestamp>
			</report>
			<report>
				<misses>7634001</misses>
				<total>2</total>
				<timestamp>2821.755626</timestamp>
			</report>
			<report>
				<misses>7635001</misses>
				<total>2</total>
				<timestamp>2822.125227</timestamp>
			</report>
			<report>
				<misses>7636001</misses>
				<total>2</total>
				<timestamp>2822.494826</timestamp>
			</report>
			<report>
				<misses>7637001</misses>
				<total>2</total>
				<timestamp>2822.864471</timestamp>
			</report>
			<report>
				<misses>7638001</misses>
				<total>2</total>
				<timestamp>2823.234105</timestamp>
			</report>
			<report>
				<misses>7639001</misses>
				<total>2</total>
				<timestamp>2823.603778</timestamp>
			</report>
			<report>
				<misses>7640001</misses>
				<total>2</total>
				<timestamp>2823.973362</timestamp>
			</report>
			<report>
				<misses>7641001</misses>
				<total>2</total>
				<timestamp>2824.343004</timestamp>
			</report>
			<report>
				<misses>7642001</misses>
				<total>2</total>
				<timestamp>2824.712649</timestamp>
			</report>
			<report>
				<misses>7643001</misses>
				<total>2</total>
				<timestamp>2825.082305</timestamp>
			</report>
			<report>
				<misses>7644001</misses>
				<total>2</total>
				<timestamp>2825.451885</timestamp>
			</report>
			<report>
				<misses>7645001</misses>
				<total>2</total>
				<timestamp>2825.821627</timestamp>
			</report>
			<report>
				<misses>7646001</misses>
				<total>2</total>
				<timestamp>2826.191163</timestamp>
			</report>
			<report>
				<misses>7647001</misses>
				<total>2</total>
				<timestamp>2826.560827</timestamp>
			</report>
			<report>
				<misses>7648001</misses>
				<total>2</total>
				<timestamp>2826.930403</timestamp>
			</report>
			<report>
				<misses>7649001</misses>
				<total>2</total>
				<timestamp>2827.300074</timestamp>
			</report>
			<report>
				<misses>7650001</misses>
				<total>2</total>
				<timestamp>2827.669689</timestamp>
			</report>
			<report>
				<misses>7651001</misses>
				<total>2</total>
				<timestamp>2828.039333</timestamp>
			</report>
			<report>
				<misses>7652001</misses>
				<total>2</total>
				<timestamp>2828.408925</timestamp>
			</report>
			<report>
				<misses>7653001</misses>
				<total>2</total>
				<timestamp>2828.778606</timestamp>
			</report>
			<report>
				<misses>7654001</misses>
				<total>2</total>
				<timestamp>2829.148246</timestamp>
			</report>
			<report>
				<misses>7655001</misses>
				<total>2</total>
				<timestamp>2829.517808</timestamp>
			</report>
			<report>
				<misses>7656001</misses>
				<total>2</total>
				<timestamp>2829.887460</timestamp>
			</report>
			<report>
				<misses>7657001</misses>
				<total>2</total>
				<timestamp>2830.257068</timestamp>
			</report>
			<report>
				<misses>7658001</misses>
				<total>2</total>
				<timestamp>2830.626748</timestamp>
			</report>
			<report>
				<misses>7659001</misses>
				<total>2</total>
				<timestamp>2830.996356</timestamp>
			</report>
			<report>
				<misses>7660001</misses>
				<total>2</total>
				<timestamp>2831.365974</timestamp>
			</report>
			<report>
				<misses>7661001</misses>
				<total>2</total>
				<timestamp>2831.735612</timestamp>
			</report>
			<report>
				<misses>7662001</misses>
				<total>2</total>
				<timestamp>2832.105240</timestamp>
			</report>
			<report>
				<misses>7663001</misses>
				<total>2</total>
				<timestamp>2832.474873</timestamp>
			</report>
			<report>
				<misses>7664001</misses>
				<total>2</total>
				<timestamp>2832.844551</timestamp>
			</report>
			<report>
				<misses>7665001</misses>
				<total>2</total>
				<timestamp>2833.214198</timestamp>
			</report>
			<report>
				<misses>7666001</misses>
				<total>2</total>
				<timestamp>2833.583754</timestamp>
			</report>
			<report>
				<misses>7667001</misses>
				<total>2</total>
				<timestamp>2833.953381</timestamp>
			</report>
			<report>
				<misses>7668001</misses>
				<total>2</total>
				<timestamp>2834.322991</timestamp>
			</report>
			<report>
				<misses>7669001</misses>
				<total>2</total>
				<timestamp>2834.692689</timestamp>
			</report>
			<report>
				<misses>7670001</misses>
				<total>2</total>
				<timestamp>2835.062299</timestamp>
			</report>
			<report>
				<misses>7671001</misses>
				<total>2</total>
				<timestamp>2835.431904</timestamp>
			</report>
			<report>
				<misses>7672001</misses>
				<total>2</total>
				<timestamp>2835.801567</timestamp>
			</report>
			<report>
				<misses>7673001</misses>
				<total>2</total>
				<timestamp>2836.171186</timestamp>
			</report>
			<report>
				<misses>7674001</misses>
				<total>2</total>
				<timestamp>2836.540780</timestamp>
			</report>
			<report>
				<misses>7675001</misses>
				<total>1</total>
				<timestamp>2836.910547</timestamp>
			</report>
			<report>
				<misses>7676001</misses>
				<total>2</total>
				<timestamp>2837.280121</timestamp>
			</report>
			<report>
				<misses>7677001</misses>
				<total>2</total>
				<timestamp>2837.649760</timestamp>
			</report>
			<report>
				<misses>7678001</misses>
				<total>2</total>
				<timestamp>2838.019298</timestamp>
			</report>
			<report>
				<misses>7679001</misses>
				<total>1</total>
				<timestamp>2838.389022</timestamp>
			</report>
			<report>
				<misses>7680001</misses>
				<total>2</total>
				<timestamp>2838.758682</timestamp>
			</report>
			<report>
				<misses>7681001</misses>
				<total>2</total>
				<timestamp>2839.128192</timestamp>
			</report>
			<report>
				<misses>7682001</misses>
				<total>2</total>
				<timestamp>2839.497844</timestamp>
			</report>
			<report>
				<misses>7683001</misses>
				<total>2</total>
				<timestamp>2839.867521</timestamp>
			</report>
			<report>
				<misses>7684001</misses>
				<total>2</total>
				<timestamp>2840.237124</timestamp>
			</report>
			<report>
				<misses>7685001</misses>
				<total>1</total>
				<timestamp>2840.606813</timestamp>
			</report>
			<report>
				<misses>7686001</misses>
				<total>2</total>
				<timestamp>2840.976357</timestamp>
			</report>
			<report>
				<misses>7687001</misses>
				<total>2</total>
				<timestamp>2841.346004</timestamp>
			</report>
			<report>
				<misses>7688001</misses>
				<total>2</total>
				<timestamp>2841.715656</timestamp>
			</report>
			<report>
				<misses>7689001</misses>
				<total>1</total>
				<timestamp>2842.085353</timestamp>
			</report>
			<report>
				<misses>7690001</misses>
				<total>2</total>
				<timestamp>2842.454915</timestamp>
			</report>
			<report>
				<misses>7691001</misses>
				<total>2</total>
				<timestamp>2842.824544</timestamp>
			</report>
			<report>
				<misses>7692001</misses>
				<total>2</total>
				<timestamp>2843.194188</timestamp>
			</report>
			<report>
				<misses>7693001</misses>
				<total>2</total>
				<timestamp>2843.563801</timestamp>
			</report>
			<report>
				<misses>7694001</misses>
				<total>2</total>
				<timestamp>2843.933413</timestamp>
			</report>
			<report>
				<misses>7695001</misses>
				<total>2</total>
				<timestamp>2844.303063</timestamp>
			</report>
			<report>
				<misses>7696001</misses>
				<total>2</total>
				<timestamp>2844.672692</timestamp>
			</report>
			<report>
				<misses>7697001</misses>
				<total>2</total>
				<timestamp>2845.042276</timestamp>
			</report>
			<report>
				<misses>7698001</misses>
				<total>2</total>
				<timestamp>2845.411912</timestamp>
			</report>
			<report>
				<misses>7699001</misses>
				<total>2</total>
				<timestamp>2845.781595</timestamp>
			</report>
			<report>
				<misses>7700001</misses>
				<total>2</total>
				<timestamp>2846.151219</timestamp>
			</report>
			<report>
				<misses>7701001</misses>
				<total>2</total>
				<timestamp>2846.520810</timestamp>
			</report>
			<report>
				<misses>7702001</misses>
				<total>2</total>
				<timestamp>2846.890479</timestamp>
			</report>
			<report>
				<misses>7703001</misses>
				<total>2</total>
				<timestamp>2847.260078</timestamp>
			</report>
			<report>
				<misses>7704001</misses>
				<total>2</total>
				<timestamp>2847.629761</timestamp>
			</report>
			<report>
				<misses>7705001</misses>
				<total>2</total>
				<timestamp>2847.999415</timestamp>
			</report>
			<report>
				<misses>7706001</misses>
				<total>2</total>
				<timestamp>2848.369013</timestamp>
			</report>
			<report>
				<misses>7707001</misses>
				<total>2</total>
				<timestamp>2848.738631</timestamp>
			</report>
			<report>
				<misses>7708001</misses>
				<total>2</total>
				<timestamp>2849.108284</timestamp>
			</report>
			<report>
				<misses>7709001</misses>
				<total>2</total>
				<timestamp>2849.477862</timestamp>
			</report>
			<report>
				<misses>7710001</misses>
				<total>2</total>
				<timestamp>2849.847472</timestamp>
			</report>
			<report>
				<misses>7711001</misses>
				<total>2</total>
				<timestamp>2850.217177</timestamp>
			</report>
			<report>
				<misses>7712001</misses>
				<total>2</total>
				<timestamp>2850.586719</timestamp>
			</report>
			<report>
				<misses>7713001</misses>
				<total>2</total>
				<timestamp>2850.956344</timestamp>
			</report>
			<report>
				<misses>7714001</misses>
				<total>2</total>
				<timestamp>2851.325984</timestamp>
			</report>
			<report>
				<misses>7715001</misses>
				<total>2</total>
				<timestamp>2851.695610</timestamp>
			</report>
			<report>
				<misses>7716001</misses>
				<total>2</total>
				<timestamp>2852.065325</timestamp>
			</report>
			<report>
				<misses>7717001</misses>
				<total>2</total>
				<timestamp>2852.434871</timestamp>
			</report>
			<report>
				<misses>7718001</misses>
				<total>2</total>
				<timestamp>2852.804542</timestamp>
			</report>
			<report>
				<misses>7719001</misses>
				<total>2</total>
				<timestamp>2853.174191</timestamp>
			</report>
			<report>
				<misses>7720001</misses>
				<total>2</total>
				<timestamp>2853.543773</timestamp>
			</report>
			<report>
				<misses>7721001</misses>
				<total>2</total>
				<timestamp>2853.913469</timestamp>
			</report>
			<report>
				<misses>7722001</misses>
				<total>2</total>
				<timestamp>2854.283048</timestamp>
			</report>
			<report>
				<misses>7723001</misses>
				<total>2</total>
				<timestamp>2854.652700</timestamp>
			</report>
			<report>
				<misses>7724001</misses>
				<total>2</total>
				<timestamp>2855.022345</timestamp>
			</report>
			<report>
				<misses>7725001</misses>
				<total>2</total>
				<timestamp>2855.391946</timestamp>
			</report>
			<report>
				<misses>7726001</misses>
				<total>1</total>
				<timestamp>2855.761644</timestamp>
			</report>
			<report>
				<misses>7727001</misses>
				<total>2</total>
				<timestamp>2856.131162</timestamp>
			</report>
			<report>
				<misses>7728001</misses>
				<total>2</total>
				<timestamp>2856.500837</timestamp>
			</report>
			<report>
				<misses>7729001</misses>
				<total>2</total>
				<timestamp>2856.870494</timestamp>
			</report>
			<report>
				<misses>7730001</misses>
				<total>2</total>
				<timestamp>2857.240083</timestamp>
			</report>
			<report>
				<misses>7731001</misses>
				<total>2</total>
				<timestamp>2857.609689</timestamp>
			</report>
			<report>
				<misses>7732001</misses>
				<total>2</total>
				<timestamp>2857.979349</timestamp>
			</report>
			<report>
				<misses>7733001</misses>
				<total>2</total>
				<timestamp>2858.348966</timestamp>
			</report>
			<report>
				<misses>7734001</misses>
				<total>2</total>
				<timestamp>2858.718635</timestamp>
			</report>
			<report>
				<misses>7735001</misses>
				<total>2</total>
				<timestamp>2859.088218</timestamp>
			</report>
			<report>
				<misses>7736001</misses>
				<total>2</total>
				<timestamp>2859.457893</timestamp>
			</report>
			<report>
				<misses>7737001</misses>
				<total>2</total>
				<timestamp>2859.827548</timestamp>
			</report>
			<report>
				<misses>7738001</misses>
				<total>2</total>
				<timestamp>2860.197110</timestamp>
			</report>
			<report>
				<misses>7739001</misses>
				<total>2</total>
				<timestamp>2860.566734</timestamp>
			</report>
			<report>
				<misses>7740001</misses>
				<total>2</total>
				<timestamp>2860.936400</timestamp>
			</report>
			<report>
				<misses>7741001</misses>
				<total>2</total>
				<timestamp>2861.306017</timestamp>
			</report>
			<report>
				<misses>7742001</misses>
				<total>2</total>
				<timestamp>2861.675634</timestamp>
			</report>
			<report>
				<misses>7743001</misses>
				<total>2</total>
				<timestamp>2862.045283</timestamp>
			</report>
			<report>
				<misses>7744001</misses>
				<total>2</total>
				<timestamp>2862.414907</timestamp>
			</report>
			<report>
				<misses>7745001</misses>
				<total>2</total>
				<timestamp>2862.784560</timestamp>
			</report>
			<report>
				<misses>7746001</misses>
				<total>2</total>
				<timestamp>2863.154139</timestamp>
			</report>
			<report>
				<misses>7747001</misses>
				<total>2</total>
				<timestamp>2863.523796</timestamp>
			</report>
			<report>
				<misses>7748001</misses>
				<total>2</total>
				<timestamp>2863.893452</timestamp>
			</report>
			<report>
				<misses>7749001</misses>
				<total>2</total>
				<timestamp>2864.263071</timestamp>
			</report>
			<report>
				<misses>7750001</misses>
				<total>1</total>
				<timestamp>2864.632769</timestamp>
			</report>
			<report>
				<misses>7751001</misses>
				<total>2</total>
				<timestamp>2865.002385</timestamp>
			</report>
			<report>
				<misses>7752001</misses>
				<total>1</total>
				<timestamp>2865.372042</timestamp>
			</report>
			<report>
				<misses>7753001</misses>
				<total>2</total>
				<timestamp>2865.741566</timestamp>
			</report>
			<report>
				<misses>7754001</misses>
				<total>2</total>
				<timestamp>2866.111188</timestamp>
			</report>
			<report>
				<misses>7755001</misses>
				<total>2</total>
				<timestamp>2866.480814</timestamp>
			</report>
			<report>
				<misses>7756001</misses>
				<total>2</total>
				<timestamp>2866.850473</timestamp>
			</report>
			<report>
				<misses>7757001</misses>
				<total>1</total>
				<timestamp>2867.220229</timestamp>
			</report>
			<report>
				<misses>7758001</misses>
				<total>2</total>
				<timestamp>2867.589730</timestamp>
			</report>
			<report>
				<misses>7759001</misses>
				<total>2</total>
				<timestamp>2867.959355</timestamp>
			</report>
			<report>
				<misses>7760001</misses>
				<total>2</total>
				<timestamp>2868.328985</timestamp>
			</report>
			<report>
				<misses>7761001</misses>
				<total>2</total>
				<timestamp>2868.698607</timestamp>
			</report>
			<report>
				<misses>7762001</misses>
				<total>2</total>
				<timestamp>2869.068358</timestamp>
			</report>
			<report>
				<misses>7763001</misses>
				<total>2</total>
				<timestamp>2869.437866</timestamp>
			</report>
			<report>
				<misses>7764001</misses>
				<total>2</total>
				<timestamp>2869.807510</timestamp>
			</report>
			<report>
				<misses>7765001</misses>
				<total>2</total>
				<timestamp>2870.177146</timestamp>
			</report>
			<report>
				<misses>7766001</misses>
				<total>2</total>
				<timestamp>2870.546760</timestamp>
			</report>
			<report>
				<misses>7767001</misses>
				<total>2</total>
				<timestamp>2870.916431</timestamp>
			</report>
			<report>
				<misses>7768001</misses>
				<total>2</total>
				<timestamp>2871.286052</timestamp>
			</report>
			<report>
				<misses>7769001</misses>
				<total>2</total>
				<timestamp>2871.655632</timestamp>
			</report>
			<report>
				<misses>7770001</misses>
				<total>1</total>
				<timestamp>2872.025414</timestamp>
			</report>
			<report>
				<misses>7771001</misses>
				<total>2</total>
				<timestamp>2872.394881</timestamp>
			</report>
			<report>
				<misses>7772001</misses>
				<total>2</total>
				<timestamp>2872.764567</timestamp>
			</report>
			<report>
				<misses>7773001</misses>
				<total>2</total>
				<timestamp>2873.134155</timestamp>
			</report>
			<report>
				<misses>7774001</misses>
				<total>2</total>
				<timestamp>2873.503804</timestamp>
			</report>
			<report>
				<misses>7775001</misses>
				<total>2</total>
				<timestamp>2873.873474</timestamp>
			</report>
			<report>
				<misses>7776001</misses>
				<total>2</total>
				<timestamp>2874.243095</timestamp>
			</report>
			<report>
				<misses>7777001</misses>
				<total>2</total>
				<timestamp>2874.612699</timestamp>
			</report>
			<report>
				<misses>7778001</misses>
				<total>2</total>
				<timestamp>2874.982377</timestamp>
			</report>
			<report>
				<misses>7779001</misses>
				<total>2</total>
				<timestamp>2875.351991</timestamp>
			</report>
			<report>
				<misses>7780001</misses>
				<total>2</total>
				<timestamp>2875.721619</timestamp>
			</report>
			<report>
				<misses>7781001</misses>
				<total>2</total>
				<timestamp>2876.091238</timestamp>
			</report>
			<report>
				<misses>7782001</misses>
				<total>2</total>
				<timestamp>2876.460837</timestamp>
			</report>
			<report>
				<misses>7783001</misses>
				<total>2</total>
				<timestamp>2876.830452</timestamp>
			</report>
			<report>
				<misses>7784001</misses>
				<total>2</total>
				<timestamp>2877.200112</timestamp>
			</report>
			<report>
				<misses>7785001</misses>
				<total>2</total>
				<timestamp>2877.569766</timestamp>
			</report>
			<report>
				<misses>7786001</misses>
				<total>2</total>
				<timestamp>2877.939352</timestamp>
			</report>
			<report>
				<misses>7787001</misses>
				<total>2</total>
				<timestamp>2878.308987</timestamp>
			</report>
			<report>
				<misses>7788001</misses>
				<total>2</total>
				<timestamp>2878.678627</timestamp>
			</report>
			<report>
				<misses>7789001</misses>
				<total>2</total>
				<timestamp>2879.048324</timestamp>
			</report>
			<report>
				<misses>7790001</misses>
				<total>2</total>
				<timestamp>2879.417922</timestamp>
			</report>
			<report>
				<misses>7791001</misses>
				<total>2</total>
				<timestamp>2879.787513</timestamp>
			</report>
			<report>
				<misses>7792001</misses>
				<total>2</total>
				<timestamp>2880.157204</timestamp>
			</report>
			<report>
				<misses>7793001</misses>
				<total>2</total>
				<timestamp>2880.526770</timestamp>
			</report>
			<report>
				<misses>7794001</misses>
				<total>2</total>
				<timestamp>2880.896436</timestamp>
			</report>
			<report>
				<misses>7795001</misses>
				<total>2</total>
				<timestamp>2881.266028</timestamp>
			</report>
			<report>
				<misses>7796001</misses>
				<total>1</total>
				<timestamp>2881.635729</timestamp>
			</report>
			<report>
				<misses>7797001</misses>
				<total>1</total>
				<timestamp>2882.005380</timestamp>
			</report>
			<report>
				<misses>7798001</misses>
				<total>2</total>
				<timestamp>2882.374935</timestamp>
			</report>
			<report>
				<misses>7799001</misses>
				<total>2</total>
				<timestamp>2882.744554</timestamp>
			</report>
			<report>
				<misses>7800001</misses>
				<total>2</total>
				<timestamp>2883.114217</timestamp>
			</report>
			<report>
				<misses>7801001</misses>
				<total>1</total>
				<timestamp>2883.483886</timestamp>
			</report>
			<report>
				<misses>7802001</misses>
				<total>2</total>
				<timestamp>2883.853441</timestamp>
			</report>
			<report>
				<misses>7803001</misses>
				<total>2</total>
				<timestamp>2884.223076</timestamp>
			</report>
			<report>
				<misses>7804001</misses>
				<total>2</total>
				<timestamp>2884.592691</timestamp>
			</report>
			<report>
				<misses>7805001</misses>
				<total>2</total>
				<timestamp>2884.962366</timestamp>
			</report>
			<report>
				<misses>7806001</misses>
				<total>1</total>
				<timestamp>2885.332046</timestamp>
			</report>
			<report>
				<misses>7807001</misses>
				<total>2</total>
				<timestamp>2885.701627</timestamp>
			</report>
			<report>
				<misses>7808001</misses>
				<total>2</total>
				<timestamp>2886.071231</timestamp>
			</report>
			<report>
				<misses>7809001</misses>
				<total>2</total>
				<timestamp>2886.440836</timestamp>
			</report>
			<report>
				<misses>7810001</misses>
				<total>2</total>
				<timestamp>2886.810471</timestamp>
			</report>
			<report>
				<misses>7811001</misses>
				<total>2</total>
				<timestamp>2887.180123</timestamp>
			</report>
			<report>
				<misses>7812001</misses>
				<total>2</total>
				<timestamp>2887.549733</timestamp>
			</report>
			<report>
				<misses>7813001</misses>
				<total>2</total>
				<timestamp>2887.919369</timestamp>
			</report>
			<report>
				<misses>7814001</misses>
				<total>2</total>
				<timestamp>2888.289068</timestamp>
			</report>
			<report>
				<misses>7815001</misses>
				<total>2</total>
				<timestamp>2888.658613</timestamp>
			</report>
			<report>
				<misses>7816001</misses>
				<total>2</total>
				<timestamp>2889.028313</timestamp>
			</report>
			<report>
				<misses>7817001</misses>
				<total>2</total>
				<timestamp>2889.397968</timestamp>
			</report>
			<report>
				<misses>7818001</misses>
				<total>2</total>
				<timestamp>2889.767491</timestamp>
			</report>
			<report>
				<misses>7819001</misses>
				<total>2</total>
				<timestamp>2890.137171</timestamp>
			</report>
			<report>
				<misses>7820001</misses>
				<total>2</total>
				<timestamp>2890.506809</timestamp>
			</report>
			<report>
				<misses>7821001</misses>
				<total>1</total>
				<timestamp>2890.876513</timestamp>
			</report>
			<report>
				<misses>7822001</misses>
				<total>2</total>
				<timestamp>2891.246092</timestamp>
			</report>
			<report>
				<misses>7823001</misses>
				<total>2</total>
				<timestamp>2891.615683</timestamp>
			</report>
			<report>
				<misses>7824001</misses>
				<total>2</total>
				<timestamp>2891.985314</timestamp>
			</report>
			<report>
				<misses>7825001</misses>
				<total>2</total>
				<timestamp>2892.354934</timestamp>
			</report>
			<report>
				<misses>7826001</misses>
				<total>2</total>
				<timestamp>2892.724553</timestamp>
			</report>
			<report>
				<misses>7827001</misses>
				<total>2</total>
				<timestamp>2893.094233</timestamp>
			</report>
			<report>
				<misses>7828001</misses>
				<total>2</total>
				<timestamp>2893.463853</timestamp>
			</report>
			<report>
				<misses>7829001</misses>
				<total>2</total>
				<timestamp>2893.833487</timestamp>
			</report>
			<report>
				<misses>7830001</misses>
				<total>2</total>
				<timestamp>2894.203096</timestamp>
			</report>
			<report>
				<misses>7831001</misses>
				<total>2</total>
				<timestamp>2894.572718</timestamp>
			</report>
			<report>
				<misses>7832001</misses>
				<total>2</total>
				<timestamp>2894.942336</timestamp>
			</report>
			<report>
				<misses>7833001</misses>
				<total>2</total>
				<timestamp>2895.312022</timestamp>
			</report>
			<report>
				<misses>7834001</misses>
				<total>1</total>
				<timestamp>2895.681688</timestamp>
			</report>
			<report>
				<misses>7835001</misses>
				<total>2</total>
				<timestamp>2896.051212</timestamp>
			</report>
			<report>
				<misses>7836001</misses>
				<total>2</total>
				<timestamp>2896.420847</timestamp>
			</report>
			<report>
				<misses>7837001</misses>
				<total>2</total>
				<timestamp>2896.790500</timestamp>
			</report>
			<report>
				<misses>7838001</misses>
				<total>2</total>
				<timestamp>2897.160171</timestamp>
			</report>
			<report>
				<misses>7839001</misses>
				<total>2</total>
				<timestamp>2897.529762</timestamp>
			</report>
			<report>
				<misses>7840001</misses>
				<total>2</total>
				<timestamp>2897.899368</timestamp>
			</report>
			<report>
				<misses>7841001</misses>
				<total>2</total>
				<timestamp>2898.269046</timestamp>
			</report>
			<report>
				<misses>7842001</misses>
				<total>2</total>
				<timestamp>2898.638669</timestamp>
			</report>
			<report>
				<misses>7843001</misses>
				<total>2</total>
				<timestamp>2899.008331</timestamp>
			</report>
			<report>
				<misses>7844001</misses>
				<total>1</total>
				<timestamp>2899.377981</timestamp>
			</report>
			<report>
				<misses>7845001</misses>
				<total>2</total>
				<timestamp>2899.747546</timestamp>
			</report>
			<report>
				<misses>7846001</misses>
				<total>2</total>
				<timestamp>2900.117211</timestamp>
			</report>
			<report>
				<misses>7847001</misses>
				<total>2</total>
				<timestamp>2900.486801</timestamp>
			</report>
			<report>
				<misses>7848001</misses>
				<total>2</total>
				<timestamp>2900.856506</timestamp>
			</report>
			<report>
				<misses>7849001</misses>
				<total>2</total>
				<timestamp>2901.226093</timestamp>
			</report>
			<report>
				<misses>7850001</misses>
				<total>2</total>
				<timestamp>2901.595693</timestamp>
			</report>
			<report>
				<misses>7851001</misses>
				<total>2</total>
				<timestamp>2901.965378</timestamp>
			</report>
			<report>
				<misses>7852001</misses>
				<total>2</total>
				<timestamp>2902.334932</timestamp>
			</report>
			<report>
				<misses>7853001</misses>
				<total>2</total>
				<timestamp>2902.704583</timestamp>
			</report>
			<report>
				<misses>7854001</misses>
				<total>2</total>
				<timestamp>2903.074270</timestamp>
			</report>
			<report>
				<misses>7855001</misses>
				<total>2</total>
				<timestamp>2903.443820</timestamp>
			</report>
			<report>
				<misses>7856001</misses>
				<total>2</total>
				<timestamp>2903.813469</timestamp>
			</report>
			<report>
				<misses>7857001</misses>
				<total>2</total>
				<timestamp>2904.183161</timestamp>
			</report>
			<report>
				<misses>7858001</misses>
				<total>2</total>
				<timestamp>2904.552744</timestamp>
			</report>
			<report>
				<misses>7859001</misses>
				<total>2</total>
				<timestamp>2904.922334</timestamp>
			</report>
			<report>
				<misses>7860001</misses>
				<total>2</total>
				<timestamp>2905.292006</timestamp>
			</report>
			<report>
				<misses>7861001</misses>
				<total>2</total>
				<timestamp>2905.661655</timestamp>
			</report>
			<report>
				<misses>7862001</misses>
				<total>2</total>
				<timestamp>2906.031259</timestamp>
			</report>
			<report>
				<misses>7863001</misses>
				<total>2</total>
				<timestamp>2906.400919</timestamp>
			</report>
			<report>
				<misses>7864001</misses>
				<total>2</total>
				<timestamp>2906.770490</timestamp>
			</report>
			<report>
				<misses>7865001</misses>
				<total>2</total>
				<timestamp>2907.140114</timestamp>
			</report>
			<report>
				<misses>7866001</misses>
				<total>1</total>
				<timestamp>2907.509854</timestamp>
			</report>
			<report>
				<misses>7867001</misses>
				<total>2</total>
				<timestamp>2907.879385</timestamp>
			</report>
			<report>
				<misses>7868001</misses>
				<total>2</total>
				<timestamp>2908.249097</timestamp>
			</report>
			<report>
				<misses>7869001</misses>
				<total>2</total>
				<timestamp>2908.618698</timestamp>
			</report>
			<report>
				<misses>7870001</misses>
				<total>2</total>
				<timestamp>2908.988267</timestamp>
			</report>
			<report>
				<misses>7871001</misses>
				<total>2</total>
				<timestamp>2909.357902</timestamp>
			</report>
			<report>
				<misses>7872001</misses>
				<total>2</total>
				<timestamp>2909.727543</timestamp>
			</report>
			<report>
				<misses>7873001</misses>
				<total>2</total>
				<timestamp>2910.097205</timestamp>
			</report>
			<report>
				<misses>7874001</misses>
				<total>2</total>
				<timestamp>2910.466866</timestamp>
			</report>
			<report>
				<misses>7875001</misses>
				<total>2</total>
				<timestamp>2910.836437</timestamp>
			</report>
			<report>
				<misses>7876001</misses>
				<total>2</total>
				<timestamp>2911.206132</timestamp>
			</report>
			<report>
				<misses>7877001</misses>
				<total>2</total>
				<timestamp>2911.575682</timestamp>
			</report>
			<report>
				<misses>7878001</misses>
				<total>2</total>
				<timestamp>2911.945357</timestamp>
			</report>
			<report>
				<misses>7879001</misses>
				<total>2</total>
				<timestamp>2912.315009</timestamp>
			</report>
			<report>
				<misses>7880001</misses>
				<total>2</total>
				<timestamp>2912.684563</timestamp>
			</report>
			<report>
				<misses>7881001</misses>
				<total>2</total>
				<timestamp>2913.054227</timestamp>
			</report>
			<report>
				<misses>7882001</misses>
				<total>2</total>
				<timestamp>2913.423838</timestamp>
			</report>
			<report>
				<misses>7883001</misses>
				<total>2</total>
				<timestamp>2913.793520</timestamp>
			</report>
			<report>
				<misses>7884001</misses>
				<total>2</total>
				<timestamp>2914.163123</timestamp>
			</report>
			<report>
				<misses>7885001</misses>
				<total>2</total>
				<timestamp>2914.532728</timestamp>
			</report>
			<report>
				<misses>7886001</misses>
				<total>1</total>
				<timestamp>2914.902461</timestamp>
			</report>
			<report>
				<misses>7887001</misses>
				<total>2</total>
				<timestamp>2915.272017</timestamp>
			</report>
			<report>
				<misses>7888001</misses>
				<total>2</total>
				<timestamp>2915.641598</timestamp>
			</report>
			<report>
				<misses>7889001</misses>
				<total>2</total>
				<timestamp>2916.011235</timestamp>
			</report>
			<report>
				<misses>7890001</misses>
				<total>2</total>
				<timestamp>2916.380925</timestamp>
			</report>
			<report>
				<misses>7891001</misses>
				<total>2</total>
				<timestamp>2916.750541</timestamp>
			</report>
			<report>
				<misses>7892001</misses>
				<total>2</total>
				<timestamp>2917.120215</timestamp>
			</report>
			<report>
				<misses>7893001</misses>
				<total>2</total>
				<timestamp>2917.489775</timestamp>
			</report>
			<report>
				<misses>7894001</misses>
				<total>2</total>
				<timestamp>2917.859400</timestamp>
			</report>
			<report>
				<misses>7895001</misses>
				<total>2</total>
				<timestamp>2918.229051</timestamp>
			</report>
			<report>
				<misses>7896001</misses>
				<total>2</total>
				<timestamp>2918.598660</timestamp>
			</report>
			<report>
				<misses>7897001</misses>
				<total>2</total>
				<timestamp>2918.968297</timestamp>
			</report>
			<report>
				<misses>7898001</misses>
				<total>2</total>
				<timestamp>2919.337936</timestamp>
			</report>
			<report>
				<misses>7899001</misses>
				<total>2</total>
				<timestamp>2919.707543</timestamp>
			</report>
			<report>
				<misses>7900001</misses>
				<total>2</total>
				<timestamp>2920.077171</timestamp>
			</report>
			<report>
				<misses>7901001</misses>
				<total>2</total>
				<timestamp>2920.446838</timestamp>
			</report>
			<report>
				<misses>7902001</misses>
				<total>2</total>
				<timestamp>2920.816427</timestamp>
			</report>
			<report>
				<misses>7903001</misses>
				<total>2</total>
				<timestamp>2921.186145</timestamp>
			</report>
			<report>
				<misses>7904001</misses>
				<total>2</total>
				<timestamp>2921.555697</timestamp>
			</report>
			<report>
				<misses>7905001</misses>
				<total>1</total>
				<timestamp>2921.925410</timestamp>
			</report>
			<report>
				<misses>7906001</misses>
				<total>2</total>
				<timestamp>2922.295047</timestamp>
			</report>
			<report>
				<misses>7907001</misses>
				<total>2</total>
				<timestamp>2922.664637</timestamp>
			</report>
			<report>
				<misses>7908001</misses>
				<total>2</total>
				<timestamp>2923.034201</timestamp>
			</report>
			<report>
				<misses>7909001</misses>
				<total>2</total>
				<timestamp>2923.403832</timestamp>
			</report>
			<report>
				<misses>7910001</misses>
				<total>2</total>
				<timestamp>2923.773475</timestamp>
			</report>
			<report>
				<misses>7911001</misses>
				<total>2</total>
				<timestamp>2924.143109</timestamp>
			</report>
			<report>
				<misses>7912001</misses>
				<total>2</total>
				<timestamp>2924.512769</timestamp>
			</report>
			<report>
				<misses>7913001</misses>
				<total>2</total>
				<timestamp>2924.882367</timestamp>
			</report>
			<report>
				<misses>7914001</misses>
				<total>2</total>
				<timestamp>2925.252021</timestamp>
			</report>
			<report>
				<misses>7915001</misses>
				<total>2</total>
				<timestamp>2925.621610</timestamp>
			</report>
			<report>
				<misses>7916001</misses>
				<total>2</total>
				<timestamp>2925.991340</timestamp>
			</report>
			<report>
				<misses>7917001</misses>
				<total>2</total>
				<timestamp>2926.360909</timestamp>
			</report>
			<report>
				<misses>7918001</misses>
				<total>2</total>
				<timestamp>2926.730560</timestamp>
			</report>
			<report>
				<misses>7919001</misses>
				<total>2</total>
				<timestamp>2927.100153</timestamp>
			</report>
			<report>
				<misses>7920001</misses>
				<total>2</total>
				<timestamp>2927.469810</timestamp>
			</report>
			<report>
				<misses>7921001</misses>
				<total>2</total>
				<timestamp>2927.839460</timestamp>
			</report>
			<report>
				<misses>7922001</misses>
				<total>1</total>
				<timestamp>2928.209146</timestamp>
			</report>
			<report>
				<misses>7923001</misses>
				<total>2</total>
				<timestamp>2928.578657</timestamp>
			</report>
			<report>
				<misses>7924001</misses>
				<total>2</total>
				<timestamp>2928.948287</timestamp>
			</report>
			<report>
				<misses>7925001</misses>
				<total>2</total>
				<timestamp>2929.317963</timestamp>
			</report>
			<report>
				<misses>7926001</misses>
				<total>2</total>
				<timestamp>2929.687547</timestamp>
			</report>
			<report>
				<misses>7927001</misses>
				<total>2</total>
				<timestamp>2930.057183</timestamp>
			</report>
			<report>
				<misses>7928001</misses>
				<total>1</total>
				<timestamp>2930.426936</timestamp>
			</report>
			<report>
				<misses>7929001</misses>
				<total>2</total>
				<timestamp>2930.796507</timestamp>
			</report>
			<report>
				<misses>7930001</misses>
				<total>2</total>
				<timestamp>2931.166138</timestamp>
			</report>
			<report>
				<misses>7931001</misses>
				<total>2</total>
				<timestamp>2931.535710</timestamp>
			</report>
			<report>
				<misses>7932001</misses>
				<total>2</total>
				<timestamp>2931.905335</timestamp>
			</report>
			<report>
				<misses>7933001</misses>
				<total>2</total>
				<timestamp>2932.275066</timestamp>
			</report>
			<report>
				<misses>7934001</misses>
				<total>2</total>
				<timestamp>2932.644602</timestamp>
			</report>
			<report>
				<misses>7935001</misses>
				<total>1</total>
				<timestamp>2933.014320</timestamp>
			</report>
			<report>
				<misses>7936001</misses>
				<total>2</total>
				<timestamp>2933.383880</timestamp>
			</report>
			<report>
				<misses>7937001</misses>
				<total>2</total>
				<timestamp>2933.753513</timestamp>
			</report>
			<report>
				<misses>7938001</misses>
				<total>2</total>
				<timestamp>2934.123117</timestamp>
			</report>
			<report>
				<misses>7939001</misses>
				<total>2</total>
				<timestamp>2934.492754</timestamp>
			</report>
			<report>
				<misses>7940001</misses>
				<total>2</total>
				<timestamp>2934.862411</timestamp>
			</report>
			<report>
				<misses>7941001</misses>
				<total>2</total>
				<timestamp>2935.232095</timestamp>
			</report>
			<report>
				<misses>7942001</misses>
				<total>2</total>
				<timestamp>2935.601685</timestamp>
			</report>
			<report>
				<misses>7943001</misses>
				<total>2</total>
				<timestamp>2935.971287</timestamp>
			</report>
			<report>
				<misses>7944001</misses>
				<total>2</total>
				<timestamp>2936.340921</timestamp>
			</report>
			<report>
				<misses>7945001</misses>
				<total>2</total>
				<timestamp>2936.710515</timestamp>
			</report>
			<report>
				<misses>7946001</misses>
				<total>2</total>
				<timestamp>2937.080190</timestamp>
			</report>
			<report>
				<misses>7947001</misses>
				<total>2</total>
				<timestamp>2937.449829</timestamp>
			</report>
			<report>
				<misses>7948001</misses>
				<total>2</total>
				<timestamp>2937.819424</timestamp>
			</report>
			<report>
				<misses>7949001</misses>
				<total>2</total>
				<timestamp>2938.189085</timestamp>
			</report>
			<report>
				<misses>7950001</misses>
				<total>2</total>
				<timestamp>2938.558676</timestamp>
			</report>
			<report>
				<misses>7951001</misses>
				<total>2</total>
				<timestamp>2938.928326</timestamp>
			</report>
			<report>
				<misses>7952001</misses>
				<total>2</total>
				<timestamp>2939.298001</timestamp>
			</report>
			<report>
				<misses>7953001</misses>
				<total>2</total>
				<timestamp>2939.667572</timestamp>
			</report>
			<report>
				<misses>7954001</misses>
				<total>1</total>
				<timestamp>2940.037313</timestamp>
			</report>
			<report>
				<misses>7955001</misses>
				<total>2</total>
				<timestamp>2940.406878</timestamp>
			</report>
			<report>
				<misses>7956001</misses>
				<total>2</total>
				<timestamp>2940.776458</timestamp>
			</report>
			<report>
				<misses>7957001</misses>
				<total>2</total>
				<timestamp>2941.146099</timestamp>
			</report>
			<report>
				<misses>7958001</misses>
				<total>2</total>
				<timestamp>2941.515782</timestamp>
			</report>
			<report>
				<misses>7959001</misses>
				<total>2</total>
				<timestamp>2941.885327</timestamp>
			</report>
			<report>
				<misses>7960001</misses>
				<total>2</total>
				<timestamp>2942.254993</timestamp>
			</report>
			<report>
				<misses>7961001</misses>
				<total>2</total>
				<timestamp>2942.624626</timestamp>
			</report>
			<report>
				<misses>7962001</misses>
				<total>2</total>
				<timestamp>2942.994257</timestamp>
			</report>
			<report>
				<misses>7963001</misses>
				<total>2</total>
				<timestamp>2943.363910</timestamp>
			</report>
			<report>
				<misses>7964001</misses>
				<total>2</total>
				<timestamp>2943.733483</timestamp>
			</report>
			<report>
				<misses>7965001</misses>
				<total>2</total>
				<timestamp>2944.103103</timestamp>
			</report>
			<report>
				<misses>7966001</misses>
				<total>2</total>
				<timestamp>2944.472767</timestamp>
			</report>
			<report>
				<misses>7967001</misses>
				<total>2</total>
				<timestamp>2944.842424</timestamp>
			</report>
			<report>
				<misses>7968001</misses>
				<total>2</total>
				<timestamp>2945.212028</timestamp>
			</report>
			<report>
				<misses>7969001</misses>
				<total>2</total>
				<timestamp>2945.581689</timestamp>
			</report>
			<report>
				<misses>7970001</misses>
				<total>2</total>
				<timestamp>2945.951319</timestamp>
			</report>
			<report>
				<misses>7971001</misses>
				<total>2</total>
				<timestamp>2946.320926</timestamp>
			</report>
			<report>
				<misses>7972001</misses>
				<total>2</total>
				<timestamp>2946.690561</timestamp>
			</report>
			<report>
				<misses>7973001</misses>
				<total>2</total>
				<timestamp>2947.060144</timestamp>
			</report>
			<report>
				<misses>7974001</misses>
				<total>2</total>
				<timestamp>2947.429855</timestamp>
			</report>
			<report>
				<misses>7975001</misses>
				<total>2</total>
				<timestamp>2947.799486</timestamp>
			</report>
			<report>
				<misses>7976001</misses>
				<total>2</total>
				<timestamp>2948.169082</timestamp>
			</report>
			<report>
				<misses>7977001</misses>
				<total>2</total>
				<timestamp>2948.538705</timestamp>
			</report>
			<report>
				<misses>7978001</misses>
				<total>1</total>
				<timestamp>2948.908419</timestamp>
			</report>
			<report>
				<misses>7979001</misses>
				<total>2</total>
				<timestamp>2949.277950</timestamp>
			</report>
			<report>
				<misses>7980001</misses>
				<total>2</total>
				<timestamp>2949.647615</timestamp>
			</report>
			<report>
				<misses>7981001</misses>
				<total>2</total>
				<timestamp>2950.017253</timestamp>
			</report>
			<report>
				<misses>7982001</misses>
				<total>2</total>
				<timestamp>2950.386842</timestamp>
			</report>
			<report>
				<misses>7983001</misses>
				<total>2</total>
				<timestamp>2950.756464</timestamp>
			</report>
			<report>
				<misses>7984001</misses>
				<total>2</total>
				<timestamp>2951.126161</timestamp>
			</report>
			<report>
				<misses>7985001</misses>
				<total>2</total>
				<timestamp>2951.495788</timestamp>
			</report>
			<report>
				<misses>7986001</misses>
				<total>2</total>
				<timestamp>2951.865360</timestamp>
			</report>
			<report>
				<misses>7987001</misses>
				<total>2</total>
				<timestamp>2952.235048</timestamp>
			</report>
			<report>
				<misses>7988001</misses>
				<total>2</total>
				<timestamp>2952.604684</timestamp>
			</report>
			<report>
				<misses>7989001</misses>
				<total>2</total>
				<timestamp>2952.974303</timestamp>
			</report>
			<report>
				<misses>7990001</misses>
				<total>2</total>
				<timestamp>2953.343896</timestamp>
			</report>
			<report>
				<misses>7991001</misses>
				<total>2</total>
				<timestamp>2953.713556</timestamp>
			</report>
			<report>
				<misses>7992001</misses>
				<total>1</total>
				<timestamp>2954.083213</timestamp>
			</report>
			<report>
				<misses>7993001</misses>
				<total>2</total>
				<timestamp>2954.452801</timestamp>
			</report>
			<report>
				<misses>7994001</misses>
				<total>2</total>
				<timestamp>2954.822394</timestamp>
			</report>
			<report>
				<misses>7995001</misses>
				<total>2</total>
				<timestamp>2955.192019</timestamp>
			</report>
			<report>
				<misses>7996001</misses>
				<total>2</total>
				<timestamp>2955.561738</timestamp>
			</report>
			<report>
				<misses>7997001</misses>
				<total>2</total>
				<timestamp>2955.931345</timestamp>
			</report>
			<report>
				<misses>7998001</misses>
				<total>2</total>
				<timestamp>2956.300984</timestamp>
			</report>
			<report>
				<misses>7999001</misses>
				<total>1</total>
				<timestamp>2956.670749</timestamp>
			</report>
			<report>
				<misses>8000001</misses>
				<total>2</total>
				<timestamp>2957.040246</timestamp>
			</report>
			<report>
				<misses>8001001</misses>
				<total>2</total>
				<timestamp>2957.409842</timestamp>
			</report>
			<report>
				<misses>8002001</misses>
				<total>2</total>
				<timestamp>2957.779474</timestamp>
			</report>
			<report>
				<misses>8003001</misses>
				<total>2</total>
				<timestamp>2958.149055</timestamp>
			</report>
			<report>
				<misses>8004001</misses>
				<total>2</total>
				<timestamp>2958.518736</timestamp>
			</report>
			<report>
				<misses>8005001</misses>
				<total>2</total>
				<timestamp>2958.888329</timestamp>
			</report>
			<report>
				<misses>8006001</misses>
				<total>2</total>
				<timestamp>2959.257961</timestamp>
			</report>
			<report>
				<misses>8007001</misses>
				<total>2</total>
				<timestamp>2959.627594</timestamp>
			</report>
			<report>
				<misses>8008001</misses>
				<total>2</total>
				<timestamp>2959.997232</timestamp>
			</report>
			<report>
				<misses>8009001</misses>
				<total>2</total>
				<timestamp>2960.366897</timestamp>
			</report>
			<report>
				<misses>8010001</misses>
				<total>2</total>
				<timestamp>2960.736503</timestamp>
			</report>
			<report>
				<misses>8011001</misses>
				<total>2</total>
				<timestamp>2961.106098</timestamp>
			</report>
			<report>
				<misses>8012001</misses>
				<total>2</total>
				<timestamp>2961.475792</timestamp>
			</report>
			<report>
				<misses>8013001</misses>
				<total>2</total>
				<timestamp>2961.845353</timestamp>
			</report>
			<report>
				<misses>8014001</misses>
				<total>2</total>
				<timestamp>2962.215002</timestamp>
			</report>
			<report>
				<misses>8015001</misses>
				<total>2</total>
				<timestamp>2962.584624</timestamp>
			</report>
			<report>
				<misses>8016001</misses>
				<total>2</total>
				<timestamp>2962.954255</timestamp>
			</report>
			<report>
				<misses>8017001</misses>
				<total>2</total>
				<timestamp>2963.323907</timestamp>
			</report>
			<report>
				<misses>8018001</misses>
				<total>2</total>
				<timestamp>2963.693577</timestamp>
			</report>
			<report>
				<misses>8019001</misses>
				<total>2</total>
				<timestamp>2964.063189</timestamp>
			</report>
			<report>
				<misses>8020001</misses>
				<total>2</total>
				<timestamp>2964.432764</timestamp>
			</report>
			<report>
				<misses>8021001</misses>
				<total>2</total>
				<timestamp>2964.802465</timestamp>
			</report>
			<report>
				<misses>8022001</misses>
				<total>2</total>
				<timestamp>2965.172037</timestamp>
			</report>
			<report>
				<misses>8023001</misses>
				<total>2</total>
				<timestamp>2965.541712</timestamp>
			</report>
			<report>
				<misses>8024001</misses>
				<total>2</total>
				<timestamp>2965.911282</timestamp>
			</report>
			<report>
				<misses>8025001</misses>
				<total>1</total>
				<timestamp>2966.281040</timestamp>
			</report>
			<report>
				<misses>8026001</misses>
				<total>2</total>
				<timestamp>2966.650570</timestamp>
			</report>
			<report>
				<misses>8027001</misses>
				<total>2</total>
				<timestamp>2967.020208</timestamp>
			</report>
			<report>
				<misses>8028001</misses>
				<total>2</total>
				<timestamp>2967.389827</timestamp>
			</report>
			<report>
				<misses>8029001</misses>
				<total>2</total>
				<timestamp>2967.759479</timestamp>
			</report>
			<report>
				<misses>8030001</misses>
				<total>2</total>
				<timestamp>2968.129092</timestamp>
			</report>
			<report>
				<misses>8031001</misses>
				<total>2</total>
				<timestamp>2968.498759</timestamp>
			</report>
			<report>
				<misses>8032001</misses>
				<total>2</total>
				<timestamp>2968.868331</timestamp>
			</report>
			<report>
				<misses>8033001</misses>
				<total>2</total>
				<timestamp>2969.238028</timestamp>
			</report>
			<report>
				<misses>8034001</misses>
				<total>1</total>
				<timestamp>2969.607719</timestamp>
			</report>
			<report>
				<misses>8035001</misses>
				<total>1</total>
				<timestamp>2969.977331</timestamp>
			</report>
			<report>
				<misses>8036001</misses>
				<total>2</total>
				<timestamp>2970.346888</timestamp>
			</report>
			<report>
				<misses>8037001</misses>
				<total>2</total>
				<timestamp>2970.716563</timestamp>
			</report>
			<report>
				<misses>8038001</misses>
				<total>2</total>
				<timestamp>2971.086127</timestamp>
			</report>
			<report>
				<misses>8039001</misses>
				<total>1</total>
				<timestamp>2971.455897</timestamp>
			</report>
			<report>
				<misses>8040001</misses>
				<total>2</total>
				<timestamp>2971.825405</timestamp>
			</report>
			<report>
				<misses>8041001</misses>
				<total>2</total>
				<timestamp>2972.195047</timestamp>
			</report>
			<report>
				<misses>8042001</misses>
				<total>2</total>
				<timestamp>2972.564674</timestamp>
			</report>
			<report>
				<misses>8043001</misses>
				<total>2</total>
				<timestamp>2972.934266</timestamp>
			</report>
			<report>
				<misses>8044001</misses>
				<total>2</total>
				<timestamp>2973.303930</timestamp>
			</report>
			<report>
				<misses>8045001</misses>
				<total>2</total>
				<timestamp>2973.673533</timestamp>
			</report>
			<report>
				<misses>8046001</misses>
				<total>2</total>
				<timestamp>2974.043194</timestamp>
			</report>
			<report>
				<misses>8047001</misses>
				<total>2</total>
				<timestamp>2974.412835</timestamp>
			</report>
			<report>
				<misses>8048001</misses>
				<total>2</total>
				<timestamp>2974.782400</timestamp>
			</report>
			<report>
				<misses>8049001</misses>
				<total>2</total>
				<timestamp>2975.152038</timestamp>
			</report>
			<report>
				<misses>8050001</misses>
				<total>2</total>
				<timestamp>2975.521726</timestamp>
			</report>
			<report>
				<misses>8051001</misses>
				<total>2</total>
				<timestamp>2975.891299</timestamp>
			</report>
			<report>
				<misses>8052001</misses>
				<total>2</total>
				<timestamp>2976.260985</timestamp>
			</report>
			<report>
				<misses>8053001</misses>
				<total>2</total>
				<timestamp>2976.630585</timestamp>
			</report>
			<report>
				<misses>8054001</misses>
				<total>2</total>
				<timestamp>2977.000253</timestamp>
			</report>
			<report>
				<misses>8055001</misses>
				<total>2</total>
				<timestamp>2977.369810</timestamp>
			</report>
			<report>
				<misses>8056001</misses>
				<total>2</total>
				<timestamp>2977.739454</timestamp>
			</report>
			<report>
				<misses>8057001</misses>
				<total>2</total>
				<timestamp>2978.109071</timestamp>
			</report>
			<report>
				<misses>8058001</misses>
				<total>2</total>
				<timestamp>2978.478706</timestamp>
			</report>
			<report>
				<misses>8059001</misses>
				<total>2</total>
				<timestamp>2978.848410</timestamp>
			</report>
			<report>
				<misses>8060001</misses>
				<total>2</total>
				<timestamp>2979.217995</timestamp>
			</report>
			<report>
				<misses>8061001</misses>
				<total>2</total>
				<timestamp>2979.587669</timestamp>
			</report>
			<report>
				<misses>8062001</misses>
				<total>2</total>
				<timestamp>2979.957236</timestamp>
			</report>
			<report>
				<misses>8063001</misses>
				<total>2</total>
				<timestamp>2980.326873</timestamp>
			</report>
			<report>
				<misses>8064001</misses>
				<total>2</total>
				<timestamp>2980.696511</timestamp>
			</report>
			<report>
				<misses>8065001</misses>
				<total>2</total>
				<timestamp>2981.066118</timestamp>
			</report>
			<report>
				<misses>8066001</misses>
				<total>2</total>
				<timestamp>2981.435822</timestamp>
			</report>
			<report>
				<misses>8067001</misses>
				<total>2</total>
				<timestamp>2981.805423</timestamp>
			</report>
			<report>
				<misses>8068001</misses>
				<total>1</total>
				<timestamp>2982.175138</timestamp>
			</report>
			<report>
				<misses>8069001</misses>
				<total>2</total>
				<timestamp>2982.544704</timestamp>
			</report>
			<report>
				<misses>8070001</misses>
				<total>2</total>
				<timestamp>2982.914342</timestamp>
			</report>
			<report>
				<misses>8071001</misses>
				<total>2</total>
				<timestamp>2983.283910</timestamp>
			</report>
			<report>
				<misses>8072001</misses>
				<total>2</total>
				<timestamp>2983.653617</timestamp>
			</report>
			<report>
				<misses>8073001</misses>
				<total>2</total>
				<timestamp>2984.023141</timestamp>
			</report>
			<report>
				<misses>8074001</misses>
				<total>2</total>
				<timestamp>2984.392805</timestamp>
			</report>
			<report>
				<misses>8075001</misses>
				<total>2</total>
				<timestamp>2984.762440</timestamp>
			</report>
			<report>
				<misses>8076001</misses>
				<total>2</total>
				<timestamp>2985.132099</timestamp>
			</report>
			<report>
				<misses>8077001</misses>
				<total>2</total>
				<timestamp>2985.501707</timestamp>
			</report>
			<report>
				<misses>8078001</misses>
				<total>2</total>
				<timestamp>2985.871308</timestamp>
			</report>
			<report>
				<misses>8079001</misses>
				<total>2</total>
				<timestamp>2986.240937</timestamp>
			</report>
			<report>
				<misses>8080001</misses>
				<total>1</total>
				<timestamp>2986.610656</timestamp>
			</report>
			<report>
				<misses>8081001</misses>
				<total>2</total>
				<timestamp>2986.980241</timestamp>
			</report>
			<report>
				<misses>8082001</misses>
				<total>1</total>
				<timestamp>2987.349939</timestamp>
			</report>
			<report>
				<misses>8083001</misses>
				<total>2</total>
				<timestamp>2987.719559</timestamp>
			</report>
			<report>
				<misses>8084001</misses>
				<total>2</total>
				<timestamp>2988.089084</timestamp>
			</report>
			<report>
				<misses>8085001</misses>
				<total>2</total>
				<timestamp>2988.458760</timestamp>
			</report>
			<report>
				<misses>8086001</misses>
				<total>2</total>
				<timestamp>2988.828355</timestamp>
			</report>
			<report>
				<misses>8087001</misses>
				<total>2</total>
				<timestamp>2989.198008</timestamp>
			</report>
			<report>
				<misses>8088001</misses>
				<total>2</total>
				<timestamp>2989.567701</timestamp>
			</report>
			<report>
				<misses>8089001</misses>
				<total>2</total>
				<timestamp>2989.937292</timestamp>
			</report>
			<report>
				<misses>8090001</misses>
				<total>2</total>
				<timestamp>2990.306862</timestamp>
			</report>
			<report>
				<misses>8091001</misses>
				<total>2</total>
				<timestamp>2990.676558</timestamp>
			</report>
			<report>
				<misses>8092001</misses>
				<total>2</total>
				<timestamp>2991.046132</timestamp>
			</report>
			<report>
				<misses>8093001</misses>
				<total>2</total>
				<timestamp>2991.415776</timestamp>
			</report>
			<report>
				<misses>8094001</misses>
				<total>2</total>
				<timestamp>2991.785387</timestamp>
			</report>
			<report>
				<misses>8095001</misses>
				<total>2</total>
				<timestamp>2992.155011</timestamp>
			</report>
			<report>
				<misses>8096001</misses>
				<total>2</total>
				<timestamp>2992.524687</timestamp>
			</report>
			<report>
				<misses>8097001</misses>
				<total>2</total>
				<timestamp>2992.894287</timestamp>
			</report>
			<report>
				<misses>8098001</misses>
				<total>2</total>
				<timestamp>2993.263963</timestamp>
			</report>
			<report>
				<misses>8099001</misses>
				<total>2</total>
				<timestamp>2993.633562</timestamp>
			</report>
			<report>
				<misses>8100001</misses>
				<total>2</total>
				<timestamp>2994.003160</timestamp>
			</report>
			<report>
				<misses>8101001</misses>
				<total>2</total>
				<timestamp>2994.372796</timestamp>
			</report>
			<report>
				<misses>8102001</misses>
				<total>2</total>
				<timestamp>2994.742436</timestamp>
			</report>
			<report>
				<misses>8103001</misses>
				<total>2</total>
				<timestamp>2995.112093</timestamp>
			</report>
			<report>
				<misses>8104001</misses>
				<total>1</total>
				<timestamp>2995.481777</timestamp>
			</report>
			<report>
				<misses>8105001</misses>
				<total>2</total>
				<timestamp>2995.851311</timestamp>
			</report>
			<report>
				<misses>8106001</misses>
				<total>2</total>
				<timestamp>2996.220976</timestamp>
			</report>
			<report>
				<misses>8107001</misses>
				<total>2</total>
				<timestamp>2996.590597</timestamp>
			</report>
			<report>
				<misses>8108001</misses>
				<total>2</total>
				<timestamp>2996.960224</timestamp>
			</report>
			<report>
				<misses>8109001</misses>
				<total>2</total>
				<timestamp>2997.329836</timestamp>
			</report>
			<report>
				<misses>8110001</misses>
				<total>2</total>
				<timestamp>2997.699509</timestamp>
			</report>
			<report>
				<misses>8111001</misses>
				<total>2</total>
				<timestamp>2998.069149</timestamp>
			</report>
			<report>
				<misses>8112001</misses>
				<total>2</total>
				<timestamp>2998.438719</timestamp>
			</report>
			<report>
				<misses>8113001</misses>
				<total>2</total>
				<timestamp>2998.808348</timestamp>
			</report>
			<report>
				<misses>8114001</misses>
				<total>2</total>
				<timestamp>2999.178050</timestamp>
			</report>
			<report>
				<misses>8115001</misses>
				<total>1</total>
				<timestamp>2999.547743</timestamp>
			</report>
			<report>
				<misses>8116001</misses>
				<total>2</total>
				<timestamp>2999.917289</timestamp>
			</report>
			<report>
				<misses>8117001</misses>
				<total>2</total>
				<timestamp>3000.286907</timestamp>
			</report>
			<report>
				<misses>8118001</misses>
				<total>2</total>
				<timestamp>3000.656548</timestamp>
			</report>
			<report>
				<misses>8119001</misses>
				<total>2</total>
				<timestamp>3001.026190</timestamp>
			</report>
			<report>
				<misses>8120001</misses>
				<total>1</total>
				<timestamp>3001.395877</timestamp>
			</report>
			<report>
				<misses>8121001</misses>
				<total>2</total>
				<timestamp>3001.765466</timestamp>
			</report>
			<report>
				<misses>8122001</misses>
				<total>2</total>
				<timestamp>3002.135072</timestamp>
			</report>
			<report>
				<misses>8123001</misses>
				<total>2</total>
				<timestamp>3002.504685</timestamp>
			</report>
			<report>
				<misses>8124001</misses>
				<total>2</total>
				<timestamp>3002.874335</timestamp>
			</report>
			<report>
				<misses>8125001</misses>
				<total>2</total>
				<timestamp>3003.243919</timestamp>
			</report>
			<report>
				<misses>8126001</misses>
				<total>2</total>
				<timestamp>3003.613598</timestamp>
			</report>
			<report>
				<misses>8127001</misses>
				<total>2</total>
				<timestamp>3003.983248</timestamp>
			</report>
			<report>
				<misses>8128001</misses>
				<total>2</total>
				<timestamp>3004.352836</timestamp>
			</report>
			<report>
				<misses>8129001</misses>
				<total>2</total>
				<timestamp>3004.722475</timestamp>
			</report>
			<report>
				<misses>8130001</misses>
				<total>2</total>
				<timestamp>3005.092090</timestamp>
			</report>
			<report>
				<misses>8131001</misses>
				<total>2</total>
				<timestamp>3005.461731</timestamp>
			</report>
			<report>
				<misses>8132001</misses>
				<total>1</total>
				<timestamp>3005.831466</timestamp>
			</report>
			<report>
				<misses>8133001</misses>
				<total>2</total>
				<timestamp>3006.201028</timestamp>
			</report>
			<report>
				<misses>8134001</misses>
				<total>1</total>
				<timestamp>3006.570687</timestamp>
			</report>
			<report>
				<misses>8135001</misses>
				<total>1</total>
				<timestamp>3006.940303</timestamp>
			</report>
			<report>
				<misses>8136001</misses>
				<total>2</total>
				<timestamp>3007.309867</timestamp>
			</report>
			<report>
				<misses>8137001</misses>
				<total>2</total>
				<timestamp>3007.679507</timestamp>
			</report>
			<report>
				<misses>8138001</misses>
				<total>2</total>
				<timestamp>3008.049167</timestamp>
			</report>
			<report>
				<misses>8139001</misses>
				<total>2</total>
				<timestamp>3008.418737</timestamp>
			</report>
			<report>
				<misses>8140001</misses>
				<total>2</total>
				<timestamp>3008.788453</timestamp>
			</report>
			<report>
				<misses>8141001</misses>
				<total>2</total>
				<timestamp>3009.158055</timestamp>
			</report>
			<report>
				<misses>8142001</misses>
				<total>2</total>
				<timestamp>3009.527641</timestamp>
			</report>
			<report>
				<misses>8143001</misses>
				<total>2</total>
				<timestamp>3009.897274</timestamp>
			</report>
			<report>
				<misses>8144001</misses>
				<total>2</total>
				<timestamp>3010.266904</timestamp>
			</report>
			<report>
				<misses>8145001</misses>
				<total>2</total>
				<timestamp>3010.636569</timestamp>
			</report>
			<report>
				<misses>8146001</misses>
				<total>2</total>
				<timestamp>3011.006220</timestamp>
			</report>
			<report>
				<misses>8147001</misses>
				<total>2</total>
				<timestamp>3011.375780</timestamp>
			</report>
			<report>
				<misses>8148001</misses>
				<total>2</total>
				<timestamp>3011.745479</timestamp>
			</report>
			<report>
				<misses>8149001</misses>
				<total>2</total>
				<timestamp>3012.115043</timestamp>
			</report>
			<report>
				<misses>8150001</misses>
				<total>1</total>
				<timestamp>3012.484768</timestamp>
			</report>
			<report>
				<misses>8151001</misses>
				<total>1</total>
				<timestamp>3012.854416</timestamp>
			</report>
			<report>
				<misses>8152001</misses>
				<total>2</total>
				<timestamp>3013.223988</timestamp>
			</report>
			<report>
				<misses>8153001</misses>
				<total>2</total>
				<timestamp>3013.593571</timestamp>
			</report>
			<report>
				<misses>8154001</misses>
				<total>2</total>
				<timestamp>3013.963193</timestamp>
			</report>
			<report>
				<misses>8155001</misses>
				<total>2</total>
				<timestamp>3014.332836</timestamp>
			</report>
			<report>
				<misses>8156001</misses>
				<total>2</total>
				<timestamp>3014.702464</timestamp>
			</report>
			<report>
				<misses>8157001</misses>
				<total>2</total>
				<timestamp>3015.072071</timestamp>
			</report>
			<report>
				<misses>8158001</misses>
				<total>2</total>
				<timestamp>3015.441701</timestamp>
			</report>
			<report>
				<misses>8159001</misses>
				<total>2</total>
				<timestamp>3015.811391</timestamp>
			</report>
			<report>
				<misses>8160001</misses>
				<total>2</total>
				<timestamp>3016.181019</timestamp>
			</report>
			<report>
				<misses>8161001</misses>
				<total>2</total>
				<timestamp>3016.550594</timestamp>
			</report>
			<report>
				<misses>8162001</misses>
				<total>2</total>
				<timestamp>3016.920308</timestamp>
			</report>
			<report>
				<misses>8163001</misses>
				<total>2</total>
				<timestamp>3017.289888</timestamp>
			</report>
			<report>
				<misses>8164001</misses>
				<total>2</total>
				<timestamp>3017.659505</timestamp>
			</report>
			<report>
				<misses>8165001</misses>
				<total>2</total>
				<timestamp>3018.029168</timestamp>
			</report>
			<report>
				<misses>8166001</misses>
				<total>2</total>
				<timestamp>3018.398818</timestamp>
			</report>
			<report>
				<misses>8167001</misses>
				<total>2</total>
				<timestamp>3018.768411</timestamp>
			</report>
			<report>
				<misses>8168001</misses>
				<total>2</total>
				<timestamp>3019.138021</timestamp>
			</report>
			<report>
				<misses>8169001</misses>
				<total>2</total>
				<timestamp>3019.507712</timestamp>
			</report>
			<report>
				<misses>8170001</misses>
				<total>2</total>
				<timestamp>3019.877337</timestamp>
			</report>
			<report>
				<misses>8171001</misses>
				<total>2</total>
				<timestamp>3020.246919</timestamp>
			</report>
			<report>
				<misses>8172001</misses>
				<total>2</total>
				<timestamp>3020.616557</timestamp>
			</report>
			<report>
				<misses>8173001</misses>
				<total>2</total>
				<timestamp>3020.986198</timestamp>
			</report>
			<report>
				<misses>8174001</misses>
				<total>2</total>
				<timestamp>3021.355805</timestamp>
			</report>
			<report>
				<misses>8175001</misses>
				<total>2</total>
				<timestamp>3021.725436</timestamp>
			</report>
			<report>
				<misses>8176001</misses>
				<total>2</total>
				<timestamp>3022.095040</timestamp>
			</report>
			<report>
				<misses>8177001</misses>
				<total>2</total>
				<timestamp>3022.464746</timestamp>
			</report>
			<report>
				<misses>8178001</misses>
				<total>2</total>
				<timestamp>3022.834346</timestamp>
			</report>
			<report>
				<misses>8179001</misses>
				<total>2</total>
				<timestamp>3023.203963</timestamp>
			</report>
			<report>
				<misses>8180001</misses>
				<total>2</total>
				<timestamp>3023.573637</timestamp>
			</report>
			<report>
				<misses>8181001</misses>
				<total>2</total>
				<timestamp>3023.943200</timestamp>
			</report>
			<report>
				<misses>8182001</misses>
				<total>2</total>
				<timestamp>3024.312832</timestamp>
			</report>
			<report>
				<misses>8183001</misses>
				<total>2</total>
				<timestamp>3024.682464</timestamp>
			</report>
			<report>
				<misses>8184001</misses>
				<total>2</total>
				<timestamp>3025.052087</timestamp>
			</report>
			<report>
				<misses>8185001</misses>
				<total>2</total>
				<timestamp>3025.421746</timestamp>
			</report>
			<report>
				<misses>8186001</misses>
				<total>2</total>
				<timestamp>3025.791378</timestamp>
			</report>
			<report>
				<misses>8187001</misses>
				<total>2</total>
				<timestamp>3026.160982</timestamp>
			</report>
			<report>
				<misses>8188001</misses>
				<total>2</total>
				<timestamp>3026.530664</timestamp>
			</report>
			<report>
				<misses>8189001</misses>
				<total>2</total>
				<timestamp>3026.900235</timestamp>
			</report>
			<report>
				<misses>8190001</misses>
				<total>2</total>
				<timestamp>3027.269865</timestamp>
			</report>
			<report>
				<misses>8191001</misses>
				<total>2</total>
				<timestamp>3027.639564</timestamp>
			</report>
			<report>
				<misses>8192001</misses>
				<total>2</total>
				<timestamp>3028.009179</timestamp>
			</report>
			<report>
				<misses>8193001</misses>
				<total>2</total>
				<timestamp>3028.378756</timestamp>
			</report>
			<report>
				<misses>8194001</misses>
				<total>2</total>
				<timestamp>3028.748403</timestamp>
			</report>
			<report>
				<misses>8195001</misses>
				<total>3</total>
				<timestamp>3029.118044</timestamp>
			</report>
			<report>
				<misses>8196001</misses>
				<total>3</total>
				<timestamp>3029.487701</timestamp>
			</report>
			<report>
				<misses>8197001</misses>
				<total>3</total>
				<timestamp>3029.857378</timestamp>
			</report>
			<report>
				<misses>8198001</misses>
				<total>3</total>
				<timestamp>3030.226915</timestamp>
			</report>
			<report>
				<misses>8199001</misses>
				<total>3</total>
				<timestamp>3030.596530</timestamp>
			</report>
			<report>
				<misses>8200001</misses>
				<total>3</total>
				<timestamp>3030.966160</timestamp>
			</report>
			<report>
				<misses>8201001</misses>
				<total>2</total>
				<timestamp>3031.335887</timestamp>
			</report>
			<report>
				<misses>8202001</misses>
				<total>3</total>
				<timestamp>3031.705457</timestamp>
			</report>
			<report>
				<misses>8203001</misses>
				<total>2</total>
				<timestamp>3032.075147</timestamp>
			</report>
			<report>
				<misses>8204001</misses>
				<total>3</total>
				<timestamp>3032.444750</timestamp>
			</report>
			<report>
				<misses>8205001</misses>
				<total>3</total>
				<timestamp>3032.814357</timestamp>
			</report>
			<report>
				<misses>8206001</misses>
				<total>3</total>
				<timestamp>3033.183971</timestamp>
			</report>
			<report>
				<misses>8207001</misses>
				<total>3</total>
				<timestamp>3033.553581</timestamp>
			</report>
			<report>
				<misses>8208001</misses>
				<total>2</total>
				<timestamp>3033.923299</timestamp>
			</report>
			<report>
				<misses>8209001</misses>
				<total>3</total>
				<timestamp>3034.292850</timestamp>
			</report>
			<report>
				<misses>8210001</misses>
				<total>3</total>
				<timestamp>3034.662467</timestamp>
			</report>
			<report>
				<misses>8211001</misses>
				<total>3</total>
				<timestamp>3035.032095</timestamp>
			</report>
			<report>
				<misses>8212001</misses>
				<total>3</total>
				<timestamp>3035.401720</timestamp>
			</report>
			<report>
				<misses>8213001</misses>
				<total>3</total>
				<timestamp>3035.771415</timestamp>
			</report>
			<report>
				<misses>8214001</misses>
				<total>3</total>
				<timestamp>3036.141008</timestamp>
			</report>
			<report>
				<misses>8215001</misses>
				<total>3</total>
				<timestamp>3036.510682</timestamp>
			</report>
			<report>
				<misses>8216001</misses>
				<total>3</total>
				<timestamp>3036.880325</timestamp>
			</report>
			<report>
				<misses>8217001</misses>
				<total>3</total>
				<timestamp>3037.249906</timestamp>
			</report>
			<report>
				<misses>8218001</misses>
				<total>2</total>
				<timestamp>3037.619609</timestamp>
			</report>
			<report>
				<misses>8219001</misses>
				<total>3</total>
				<timestamp>3037.989141</timestamp>
			</report>
			<report>
				<misses>8220001</misses>
				<total>3</total>
				<timestamp>3038.358815</timestamp>
			</report>
			<report>
				<misses>8221001</misses>
				<total>3</total>
				<timestamp>3038.728414</timestamp>
			</report>
			<report>
				<misses>8222001</misses>
				<total>3</total>
				<timestamp>3039.098064</timestamp>
			</report>
			<report>
				<misses>8223001</misses>
				<total>3</total>
				<timestamp>3039.467658</timestamp>
			</report>
			<report>
				<misses>8224001</misses>
				<total>3</total>
				<timestamp>3039.837303</timestamp>
			</report>
			<report>
				<misses>8225001</misses>
				<total>3</total>
				<timestamp>3040.206912</timestamp>
			</report>
			<report>
				<misses>8226001</misses>
				<total>3</total>
				<timestamp>3040.576548</timestamp>
			</report>
			<report>
				<misses>8227001</misses>
				<total>3</total>
				<timestamp>3040.946216</timestamp>
			</report>
			<report>
				<misses>8228001</misses>
				<total>3</total>
				<timestamp>3041.315799</timestamp>
			</report>
			<report>
				<misses>8229001</misses>
				<total>3</total>
				<timestamp>3041.685440</timestamp>
			</report>
			<report>
				<misses>8230001</misses>
				<total>3</total>
				<timestamp>3042.055120</timestamp>
			</report>
			<report>
				<misses>8231001</misses>
				<total>3</total>
				<timestamp>3042.424737</timestamp>
			</report>
			<report>
				<misses>8232001</misses>
				<total>3</total>
				<timestamp>3042.794371</timestamp>
			</report>
			<report>
				<misses>8233001</misses>
				<total>3</total>
				<timestamp>3043.163958</timestamp>
			</report>
			<report>
				<misses>8234001</misses>
				<total>3</total>
				<timestamp>3043.533589</timestamp>
			</report>
			<report>
				<misses>8235001</misses>
				<total>3</total>
				<timestamp>3043.903238</timestamp>
			</report>
			<report>
				<misses>8236001</misses>
				<total>3</total>
				<timestamp>3044.272843</timestamp>
			</report>
			<report>
				<misses>8237001</misses>
				<total>3</total>
				<timestamp>3044.642484</timestamp>
			</report>
			<report>
				<misses>8238001</misses>
				<total>3</total>
				<timestamp>3045.012161</timestamp>
			</report>
			<report>
				<misses>8239001</misses>
				<total>3</total>
				<timestamp>3045.381772</timestamp>
			</report>
			<report>
				<misses>8240001</misses>
				<total>3</total>
				<timestamp>3045.751371</timestamp>
			</report>
			<report>
				<misses>8241001</misses>
				<total>3</total>
				<timestamp>3046.121065</timestamp>
			</report>
			<report>
				<misses>8242001</misses>
				<total>3</total>
				<timestamp>3046.490634</timestamp>
			</report>
			<report>
				<misses>8243001</misses>
				<total>3</total>
				<timestamp>3046.860285</timestamp>
			</report>
			<report>
				<misses>8244001</misses>
				<total>3</total>
				<timestamp>3047.229977</timestamp>
			</report>
			<report>
				<misses>8245001</misses>
				<total>3</total>
				<timestamp>3047.599552</timestamp>
			</report>
			<report>
				<misses>8246001</misses>
				<total>3</total>
				<timestamp>3047.969247</timestamp>
			</report>
			<report>
				<misses>8247001</misses>
				<total>3</total>
				<timestamp>3048.338798</timestamp>
			</report>
			<report>
				<misses>8248001</misses>
				<total>3</total>
				<timestamp>3048.708413</timestamp>
			</report>
			<report>
				<misses>8249001</misses>
				<total>3</total>
				<timestamp>3049.078123</timestamp>
			</report>
			<report>
				<misses>8250001</misses>
				<total>3</total>
				<timestamp>3049.447696</timestamp>
			</report>
			<report>
				<misses>8251001</misses>
				<total>3</total>
				<timestamp>3049.817320</timestamp>
			</report>
			<report>
				<misses>8252001</misses>
				<total>3</total>
				<timestamp>3050.187006</timestamp>
			</report>
			<report>
				<misses>8253001</misses>
				<total>3</total>
				<timestamp>3050.556582</timestamp>
			</report>
			<report>
				<misses>8254001</misses>
				<total>3</total>
				<timestamp>3050.926300</timestamp>
			</report>
			<report>
				<misses>8255001</misses>
				<total>3</total>
				<timestamp>3051.295808</timestamp>
			</report>
			<report>
				<misses>8256001</misses>
				<total>3</total>
				<timestamp>3051.665457</timestamp>
			</report>
			<report>
				<misses>8257001</misses>
				<total>3</total>
				<timestamp>3052.035071</timestamp>
			</report>
			<report>
				<misses>8258001</misses>
				<total>3</total>
				<timestamp>3052.404773</timestamp>
			</report>
			<report>
				<misses>8259001</misses>
				<total>3</total>
				<timestamp>3052.774355</timestamp>
			</report>
			<report>
				<misses>8260001</misses>
				<total>3</total>
				<timestamp>3053.143981</timestamp>
			</report>
			<report>
				<misses>8261001</misses>
				<total>2</total>
				<timestamp>3053.513687</timestamp>
			</report>
			<report>
				<misses>8262001</misses>
				<total>3</total>
				<timestamp>3053.883230</timestamp>
			</report>
			<report>
				<misses>8263001</misses>
				<total>3</total>
				<timestamp>3054.252863</timestamp>
			</report>
			<report>
				<misses>8264001</misses>
				<total>3</total>
				<timestamp>3054.622505</timestamp>
			</report>
			<report>
				<misses>8265001</misses>
				<total>3</total>
				<timestamp>3054.992165</timestamp>
			</report>
			<report>
				<misses>8266001</misses>
				<total>3</total>
				<timestamp>3055.361748</timestamp>
			</report>
			<report>
				<misses>8267001</misses>
				<total>3</total>
				<timestamp>3055.731382</timestamp>
			</report>
			<report>
				<misses>8268001</misses>
				<total>3</total>
				<timestamp>3056.101165</timestamp>
			</report>
			<report>
				<misses>8269001</misses>
				<total>3</total>
				<timestamp>3056.470630</timestamp>
			</report>
			<report>
				<misses>8270001</misses>
				<total>3</total>
				<timestamp>3056.840305</timestamp>
			</report>
			<report>
				<misses>8271001</misses>
				<total>3</total>
				<timestamp>3057.209893</timestamp>
			</report>
			<report>
				<misses>8272001</misses>
				<total>3</total>
				<timestamp>3057.579517</timestamp>
			</report>
			<report>
				<misses>8273001</misses>
				<total>3</total>
				<timestamp>3057.949158</timestamp>
			</report>
			<report>
				<misses>8274001</misses>
				<total>3</total>
				<timestamp>3058.318825</timestamp>
			</report>
			<report>
				<misses>8275001</misses>
				<total>2</total>
				<timestamp>3058.688556</timestamp>
			</report>
			<report>
				<misses>8276001</misses>
				<total>3</total>
				<timestamp>3059.058080</timestamp>
			</report>
			<report>
				<misses>8277001</misses>
				<total>3</total>
				<timestamp>3059.427676</timestamp>
			</report>
			<report>
				<misses>8278001</misses>
				<total>3</total>
				<timestamp>3059.797372</timestamp>
			</report>
			<report>
				<misses>8279001</misses>
				<total>2</total>
				<timestamp>3060.167098</timestamp>
			</report>
			<report>
				<misses>8280001</misses>
				<total>3</total>
				<timestamp>3060.536628</timestamp>
			</report>
			<report>
				<misses>8281001</misses>
				<total>2</total>
				<timestamp>3060.906299</timestamp>
			</report>
			<report>
				<misses>8282001</misses>
				<total>3</total>
				<timestamp>3061.275833</timestamp>
			</report>
			<report>
				<misses>8283001</misses>
				<total>3</total>
				<timestamp>3061.645450</timestamp>
			</report>
			<report>
				<misses>8284001</misses>
				<total>3</total>
				<timestamp>3062.015112</timestamp>
			</report>
			<report>
				<misses>8285001</misses>
				<total>3</total>
				<timestamp>3062.384751</timestamp>
			</report>
			<report>
				<misses>8286001</misses>
				<total>2</total>
				<timestamp>3062.754479</timestamp>
			</report>
			<report>
				<misses>8287001</misses>
				<total>2</total>
				<timestamp>3063.124130</timestamp>
			</report>
			<report>
				<misses>8288001</misses>
				<total>3</total>
				<timestamp>3063.493599</timestamp>
			</report>
			<report>
				<misses>8289001</misses>
				<total>3</total>
				<timestamp>3063.863313</timestamp>
			</report>
			<report>
				<misses>8290001</misses>
				<total>3</total>
				<timestamp>3064.232900</timestamp>
			</report>
			<report>
				<misses>8291001</misses>
				<total>3</total>
				<timestamp>3064.602527</timestamp>
			</report>
			<report>
				<misses>8292001</misses>
				<total>3</total>
				<timestamp>3064.972192</timestamp>
			</report>
			<report>
				<misses>8293001</misses>
				<total>3</total>
				<timestamp>3065.341780</timestamp>
			</report>
			<report>
				<misses>8294001</misses>
				<total>3</total>
				<timestamp>3065.711383</timestamp>
			</report>
			<report>
				<misses>8295001</misses>
				<total>3</total>
				<timestamp>3066.081085</timestamp>
			</report>
			<report>
				<misses>8296001</misses>
				<total>3</total>
				<timestamp>3066.450653</timestamp>
			</report>
			<report>
				<misses>8297001</misses>
				<total>3</total>
				<timestamp>3066.820319</timestamp>
			</report>
			<report>
				<misses>8298001</misses>
				<total>3</total>
				<timestamp>3067.189943</timestamp>
			</report>
			<report>
				<misses>8299001</misses>
				<total>3</total>
				<timestamp>3067.559539</timestamp>
			</report>
			<report>
				<misses>8300001</misses>
				<total>3</total>
				<timestamp>3067.929176</timestamp>
			</report>
			<report>
				<misses>8301001</misses>
				<total>3</total>
				<timestamp>3068.298849</timestamp>
			</report>
			<report>
				<misses>8302001</misses>
				<total>3</total>
				<timestamp>3068.668448</timestamp>
			</report>
			<report>
				<misses>8303001</misses>
				<total>3</total>
				<timestamp>3069.038057</timestamp>
			</report>
			<report>
				<misses>8304001</misses>
				<total>3</total>
				<timestamp>3069.407688</timestamp>
			</report>
			<report>
				<misses>8305001</misses>
				<total>3</total>
				<timestamp>3069.777406</timestamp>
			</report>
			<report>
				<misses>8306001</misses>
				<total>3</total>
				<timestamp>3070.146955</timestamp>
			</report>
			<report>
				<misses>8307001</misses>
				<total>3</total>
				<timestamp>3070.516637</timestamp>
			</report>
			<report>
				<misses>8308001</misses>
				<total>3</total>
				<timestamp>3070.886231</timestamp>
			</report>
			<report>
				<misses>8309001</misses>
				<total>3</total>
				<timestamp>3071.255871</timestamp>
			</report>
			<report>
				<misses>8310001</misses>
				<total>3</total>
				<timestamp>3071.625472</timestamp>
			</report>
			<report>
				<misses>8311001</misses>
				<total>3</total>
				<timestamp>3071.995161</timestamp>
			</report>
			<report>
				<misses>8312001</misses>
				<total>3</total>
				<timestamp>3072.364724</timestamp>
			</report>
			<report>
				<misses>8313001</misses>
				<total>3</total>
				<timestamp>3072.734351</timestamp>
			</report>
			<report>
				<misses>8314001</misses>
				<total>3</total>
				<timestamp>3073.104063</timestamp>
			</report>
			<report>
				<misses>8315001</misses>
				<total>3</total>
				<timestamp>3073.473623</timestamp>
			</report>
			<report>
				<misses>8316001</misses>
				<total>3</total>
				<timestamp>3073.843284</timestamp>
			</report>
			<report>
				<misses>8317001</misses>
				<total>3</total>
				<timestamp>3074.212878</timestamp>
			</report>
			<report>
				<misses>8318001</misses>
				<total>3</total>
				<timestamp>3074.582526</timestamp>
			</report>
			<report>
				<misses>8319001</misses>
				<total>3</total>
				<timestamp>3074.952162</timestamp>
			</report>
			<report>
				<misses>8320001</misses>
				<total>3</total>
				<timestamp>3075.321815</timestamp>
			</report>
			<report>
				<misses>8321001</misses>
				<total>3</total>
				<timestamp>3075.691405</timestamp>
			</report>
			<report>
				<misses>8322001</misses>
				<total>3</total>
				<timestamp>3076.061060</timestamp>
			</report>
			<report>
				<misses>8323001</misses>
				<total>3</total>
				<timestamp>3076.430745</timestamp>
			</report>
			<report>
				<misses>8324001</misses>
				<total>3</total>
				<timestamp>3076.800281</timestamp>
			</report>
			<report>
				<misses>8325001</misses>
				<total>3</total>
				<timestamp>3077.170031</timestamp>
			</report>
			<report>
				<misses>8326001</misses>
				<total>3</total>
				<timestamp>3077.539541</timestamp>
			</report>
			<report>
				<misses>8327001</misses>
				<total>3</total>
				<timestamp>3077.909219</timestamp>
			</report>
			<report>
				<misses>8328001</misses>
				<total>3</total>
				<timestamp>3078.278833</timestamp>
			</report>
			<report>
				<misses>8329001</misses>
				<total>3</total>
				<timestamp>3078.648509</timestamp>
			</report>
			<report>
				<misses>8330001</misses>
				<total>3</total>
				<timestamp>3079.018139</timestamp>
			</report>
			<report>
				<misses>8331001</misses>
				<total>3</total>
				<timestamp>3079.387725</timestamp>
			</report>
			<report>
				<misses>8332001</misses>
				<total>3</total>
				<timestamp>3079.757368</timestamp>
			</report>
			<report>
				<misses>8333001</misses>
				<total>3</total>
				<timestamp>3080.126981</timestamp>
			</report>
			<report>
				<misses>8334001</misses>
				<total>3</total>
				<timestamp>3080.496618</timestamp>
			</report>
			<report>
				<misses>8335001</misses>
				<total>3</total>
				<timestamp>3080.866224</timestamp>
			</report>
			<report>
				<misses>8336001</misses>
				<total>3</total>
				<timestamp>3081.235870</timestamp>
			</report>
			<report>
				<misses>8337001</misses>
				<total>3</total>
				<timestamp>3081.605530</timestamp>
			</report>
			<report>
				<misses>8338001</misses>
				<total>3</total>
				<timestamp>3081.975109</timestamp>
			</report>
			<report>
				<misses>8339001</misses>
				<total>3</total>
				<timestamp>3082.344741</timestamp>
			</report>
			<report>
				<misses>8340001</misses>
				<total>3</total>
				<timestamp>3082.714432</timestamp>
			</report>
			<report>
				<misses>8341001</misses>
				<total>3</total>
				<timestamp>3083.084066</timestamp>
			</report>
			<report>
				<misses>8342001</misses>
				<total>3</total>
				<timestamp>3083.453633</timestamp>
			</report>
			<report>
				<misses>8343001</misses>
				<total>3</total>
				<timestamp>3083.823283</timestamp>
			</report>
			<report>
				<misses>8344001</misses>
				<total>3</total>
				<timestamp>3084.192964</timestamp>
			</report>
			<report>
				<misses>8345001</misses>
				<total>3</total>
				<timestamp>3084.562529</timestamp>
			</report>
			<report>
				<misses>8346001</misses>
				<total>3</total>
				<timestamp>3084.932250</timestamp>
			</report>
			<report>
				<misses>8347001</misses>
				<total>3</total>
				<timestamp>3085.301870</timestamp>
			</report>
			<report>
				<misses>8348001</misses>
				<total>3</total>
				<timestamp>3085.671466</timestamp>
			</report>
			<report>
				<misses>8349001</misses>
				<total>3</total>
				<timestamp>3086.041111</timestamp>
			</report>
			<report>
				<misses>8350001</misses>
				<total>3</total>
				<timestamp>3086.410725</timestamp>
			</report>
			<report>
				<misses>8351001</misses>
				<total>3</total>
				<timestamp>3086.780292</timestamp>
			</report>
			<report>
				<misses>8352001</misses>
				<total>3</total>
				<timestamp>3087.149962</timestamp>
			</report>
			<report>
				<misses>8353001</misses>
				<total>3</total>
				<timestamp>3087.519580</timestamp>
			</report>
			<report>
				<misses>8354001</misses>
				<total>4</total>
				<timestamp>3087.889222</timestamp>
			</report>
			<report>
				<misses>8355001</misses>
				<total>4</total>
				<timestamp>3088.258863</timestamp>
			</report>
			<report>
				<misses>8356001</misses>
				<total>4</total>
				<timestamp>3088.628448</timestamp>
			</report>
			<report>
				<misses>8357001</misses>
				<total>4</total>
				<timestamp>3088.998082</timestamp>
			</report>
			<report>
				<misses>8358001</misses>
				<total>4</total>
				<timestamp>3089.367750</timestamp>
			</report>
			<report>
				<misses>8359001</misses>
				<total>3</total>
				<timestamp>3089.737443</timestamp>
			</report>
			<report>
				<misses>8360001</misses>
				<total>4</total>
				<timestamp>3090.106983</timestamp>
			</report>
			<report>
				<misses>8361001</misses>
				<total>3</total>
				<timestamp>3090.476718</timestamp>
			</report>
			<report>
				<misses>8362001</misses>
				<total>4</total>
				<timestamp>3090.846228</timestamp>
			</report>
			<report>
				<misses>8363001</misses>
				<total>4</total>
				<timestamp>3091.215873</timestamp>
			</report>
			<report>
				<misses>8364001</misses>
				<total>4</total>
				<timestamp>3091.585495</timestamp>
			</report>
			<report>
				<misses>8365001</misses>
				<total>4</total>
				<timestamp>3091.955188</timestamp>
			</report>
			<report>
				<misses>8366001</misses>
				<total>4</total>
				<timestamp>3092.324784</timestamp>
			</report>
			<report>
				<misses>8367001</misses>
				<total>4</total>
				<timestamp>3092.694412</timestamp>
			</report>
			<report>
				<misses>8368001</misses>
				<total>4</total>
				<timestamp>3093.064038</timestamp>
			</report>
			<report>
				<misses>8369001</misses>
				<total>4</total>
				<timestamp>3093.433710</timestamp>
			</report>
			<report>
				<misses>8370001</misses>
				<total>4</total>
				<timestamp>3093.803252</timestamp>
			</report>
			<report>
				<misses>8371001</misses>
				<total>4</total>
				<timestamp>3094.172951</timestamp>
			</report>
			<report>
				<misses>8372001</misses>
				<total>4</total>
				<timestamp>3094.542524</timestamp>
			</report>
			<report>
				<misses>8373001</misses>
				<total>4</total>
				<timestamp>3094.912149</timestamp>
			</report>
			<report>
				<misses>8374001</misses>
				<total>4</total>
				<timestamp>3095.281806</timestamp>
			</report>
			<report>
				<misses>8375001</misses>
				<total>4</total>
				<timestamp>3095.651426</timestamp>
			</report>
			<report>
				<misses>8376001</misses>
				<total>4</total>
				<timestamp>3096.021124</timestamp>
			</report>
			<report>
				<misses>8377001</misses>
				<total>4</total>
				<timestamp>3096.390696</timestamp>
			</report>
			<report>
				<misses>8378001</misses>
				<total>4</total>
				<timestamp>3096.760296</timestamp>
			</report>
			<report>
				<misses>8379001</misses>
				<total>4</total>
				<timestamp>3097.129965</timestamp>
			</report>
			<report>
				<misses>8380001</misses>
				<total>4</total>
				<timestamp>3097.499564</timestamp>
			</report>
			<report>
				<misses>8381001</misses>
				<total>4</total>
				<timestamp>3097.869191</timestamp>
			</report>
			<report>
				<misses>8382001</misses>
				<total>3</total>
				<timestamp>3098.238916</timestamp>
			</report>
			<report>
				<misses>8383001</misses>
				<total>4</total>
				<timestamp>3098.608453</timestamp>
			</report>
			<report>
				<misses>8384001</misses>
				<total>4</total>
				<timestamp>3098.978090</timestamp>
			</report>
			<report>
				<misses>8385001</misses>
				<total>4</total>
				<timestamp>3099.347745</timestamp>
			</report>
			<report>
				<misses>8386001</misses>
				<total>4</total>
				<timestamp>3099.717434</timestamp>
			</report>
			<report>
				<misses>8387001</misses>
				<total>4</total>
				<timestamp>3100.087014</timestamp>
			</report>
			<report>
				<misses>8388001</misses>
				<total>4</total>
				<timestamp>3100.456655</timestamp>
			</report>
			<report>
				<misses>8389001</misses>
				<total>4</total>
				<timestamp>3100.826247</timestamp>
			</report>
			<report>
				<misses>8390001</misses>
				<total>4</total>
				<timestamp>3101.195880</timestamp>
			</report>
			<report>
				<misses>8391001</misses>
				<total>4</total>
				<timestamp>3101.565533</timestamp>
			</report>
			<report>
				<misses>8392001</misses>
				<total>4</total>
				<timestamp>3101.935127</timestamp>
			</report>
			<report>
				<misses>8393001</misses>
				<total>4</total>
				<timestamp>3102.304818</timestamp>
			</report>
			<report>
				<misses>8394001</misses>
				<total>4</total>
				<timestamp>3102.674423</timestamp>
			</report>
			<report>
				<misses>8395001</misses>
				<total>3</total>
				<timestamp>3103.044121</timestamp>
			</report>
			<report>
				<misses>8396001</misses>
				<total>4</total>
				<timestamp>3103.413656</timestamp>
			</report>
			<report>
				<misses>8397001</misses>
				<total>4</total>
				<timestamp>3103.783273</timestamp>
			</report>
			<report>
				<misses>8398001</misses>
				<total>4</total>
				<timestamp>3104.152947</timestamp>
			</report>
			<report>
				<misses>8399001</misses>
				<total>4</total>
				<timestamp>3104.522556</timestamp>
			</report>
			<report>
				<misses>8400001</misses>
				<total>4</total>
				<timestamp>3104.892184</timestamp>
			</report>
			<report>
				<misses>8401001</misses>
				<total>4</total>
				<timestamp>3105.261817</timestamp>
			</report>
			<report>
				<misses>8402001</misses>
				<total>4</total>
				<timestamp>3105.631436</timestamp>
			</report>
			<report>
				<misses>8403001</misses>
				<total>4</total>
				<timestamp>3106.001129</timestamp>
			</report>
			<report>
				<misses>8404001</misses>
				<total>4</total>
				<timestamp>3106.370712</timestamp>
			</report>
			<report>
				<misses>8405001</misses>
				<total>3</total>
				<timestamp>3106.740433</timestamp>
			</report>
			<report>
				<misses>8406001</misses>
				<total>4</total>
				<timestamp>3107.109999</timestamp>
			</report>
			<report>
				<misses>8407001</misses>
				<total>4</total>
				<timestamp>3107.479585</timestamp>
			</report>
			<report>
				<misses>8408001</misses>
				<total>4</total>
				<timestamp>3107.849225</timestamp>
			</report>
			<report>
				<misses>8409001</misses>
				<total>4</total>
				<timestamp>3108.218888</timestamp>
			</report>
			<report>
				<misses>8410001</misses>
				<total>3</total>
				<timestamp>3108.588574</timestamp>
			</report>
			<report>
				<misses>8411001</misses>
				<total>4</total>
				<timestamp>3108.958128</timestamp>
			</report>
			<report>
				<misses>8412001</misses>
				<total>4</total>
				<timestamp>3109.327797</timestamp>
			</report>
			<report>
				<misses>8413001</misses>
				<total>4</total>
				<timestamp>3109.697370</timestamp>
			</report>
			<report>
				<misses>8414001</misses>
				<total>4</total>
				<timestamp>3110.067029</timestamp>
			</report>
			<report>
				<misses>8415001</misses>
				<total>4</total>
				<timestamp>3110.436620</timestamp>
			</report>
			<report>
				<misses>8416001</misses>
				<total>4</total>
				<timestamp>3110.806288</timestamp>
			</report>
			<report>
				<misses>8417001</misses>
				<total>4</total>
				<timestamp>3111.175928</timestamp>
			</report>
			<report>
				<misses>8418001</misses>
				<total>4</total>
				<timestamp>3111.545572</timestamp>
			</report>
			<report>
				<misses>8419001</misses>
				<total>4</total>
				<timestamp>3111.915141</timestamp>
			</report>
			<report>
				<misses>8420001</misses>
				<total>4</total>
				<timestamp>3112.284833</timestamp>
			</report>
			<report>
				<misses>8421001</misses>
				<total>4</total>
				<timestamp>3112.654388</timestamp>
			</report>
			<report>
				<misses>8422001</misses>
				<total>4</total>
				<timestamp>3113.024048</timestamp>
			</report>
			<report>
				<misses>8423001</misses>
				<total>4</total>
				<timestamp>3113.393704</timestamp>
			</report>
			<report>
				<misses>8424001</misses>
				<total>4</total>
				<timestamp>3113.763279</timestamp>
			</report>
			<report>
				<misses>8425001</misses>
				<total>4</total>
				<timestamp>3114.132934</timestamp>
			</report>
			<report>
				<misses>8426001</misses>
				<total>4</total>
				<timestamp>3114.502547</timestamp>
			</report>
			<report>
				<misses>8427001</misses>
				<total>4</total>
				<timestamp>3114.872181</timestamp>
			</report>
			<report>
				<misses>8428001</misses>
				<total>4</total>
				<timestamp>3115.241823</timestamp>
			</report>
			<report>
				<misses>8429001</misses>
				<total>4</total>
				<timestamp>3115.611474</timestamp>
			</report>
			<report>
				<misses>8430001</misses>
				<total>4</total>
				<timestamp>3115.981137</timestamp>
			</report>
			<report>
				<misses>8431001</misses>
				<total>4</total>
				<timestamp>3116.350703</timestamp>
			</report>
			<report>
				<misses>8432001</misses>
				<total>4</total>
				<timestamp>3116.720324</timestamp>
			</report>
			<report>
				<misses>8433001</misses>
				<total>4</total>
				<timestamp>3117.090030</timestamp>
			</report>
			<report>
				<misses>8434001</misses>
				<total>4</total>
				<timestamp>3117.459604</timestamp>
			</report>
			<report>
				<misses>8435001</misses>
				<total>4</total>
				<timestamp>3117.829228</timestamp>
			</report>
			<report>
				<misses>8436001</misses>
				<total>4</total>
				<timestamp>3118.198884</timestamp>
			</report>
			<report>
				<misses>8437001</misses>
				<total>4</total>
				<timestamp>3118.568481</timestamp>
			</report>
			<report>
				<misses>8438001</misses>
				<total>4</total>
				<timestamp>3118.938121</timestamp>
			</report>
			<report>
				<misses>8439001</misses>
				<total>4</total>
				<timestamp>3119.307791</timestamp>
			</report>
			<report>
				<misses>8440001</misses>
				<total>4</total>
				<timestamp>3119.677400</timestamp>
			</report>
			<report>
				<misses>8441001</misses>
				<total>4</total>
				<timestamp>3120.047048</timestamp>
			</report>
			<report>
				<misses>8442001</misses>
				<total>3</total>
				<timestamp>3120.416782</timestamp>
			</report>
			<report>
				<misses>8443001</misses>
				<total>4</total>
				<timestamp>3120.786256</timestamp>
			</report>
			<report>
				<misses>8444001</misses>
				<total>3</total>
				<timestamp>3121.155993</timestamp>
			</report>
			<report>
				<misses>8445001</misses>
				<total>4</total>
				<timestamp>3121.525512</timestamp>
			</report>
			<report>
				<misses>8446001</misses>
				<total>4</total>
				<timestamp>3121.895149</timestamp>
			</report>
			<report>
				<misses>8447001</misses>
				<total>3</total>
				<timestamp>3122.264894</timestamp>
			</report>
			<report>
				<misses>8448001</misses>
				<total>4</total>
				<timestamp>3122.634494</timestamp>
			</report>
			<report>
				<misses>8449001</misses>
				<total>3</total>
				<timestamp>3123.004152</timestamp>
			</report>
			<report>
				<misses>8450001</misses>
				<total>4</total>
				<timestamp>3123.373758</timestamp>
			</report>
			<report>
				<misses>8451001</misses>
				<total>4</total>
				<timestamp>3123.743293</timestamp>
			</report>
			<report>
				<misses>8452001</misses>
				<total>4</total>
				<timestamp>3124.113000</timestamp>
			</report>
			<report>
				<misses>8453001</misses>
				<total>4</total>
				<timestamp>3124.482598</timestamp>
			</report>
			<report>
				<misses>8454001</misses>
				<total>4</total>
				<timestamp>3124.852209</timestamp>
			</report>
			<report>
				<misses>8455001</misses>
				<total>4</total>
				<timestamp>3125.221841</timestamp>
			</report>
			<report>
				<misses>8456001</misses>
				<total>4</total>
				<timestamp>3125.591499</timestamp>
			</report>
			<report>
				<misses>8457001</misses>
				<total>4</total>
				<timestamp>3125.961148</timestamp>
			</report>
			<report>
				<misses>8458001</misses>
				<total>4</total>
				<timestamp>3126.330772</timestamp>
			</report>
			<report>
				<misses>8459001</misses>
				<total>4</total>
				<timestamp>3126.700359</timestamp>
			</report>
			<report>
				<misses>8460001</misses>
				<total>4</total>
				<timestamp>3127.069960</timestamp>
			</report>
			<report>
				<misses>8461001</misses>
				<total>4</total>
				<timestamp>3127.439612</timestamp>
			</report>
			<report>
				<misses>8462001</misses>
				<total>4</total>
				<timestamp>3127.809282</timestamp>
			</report>
			<report>
				<misses>8463001</misses>
				<total>4</total>
				<timestamp>3128.178893</timestamp>
			</report>
			<report>
				<misses>8464001</misses>
				<total>4</total>
				<timestamp>3128.548488</timestamp>
			</report>
			<report>
				<misses>8465001</misses>
				<total>3</total>
				<timestamp>3128.918225</timestamp>
			</report>
			<report>
				<misses>8466001</misses>
				<total>4</total>
				<timestamp>3129.287769</timestamp>
			</report>
			<report>
				<misses>8467001</misses>
				<total>4</total>
				<timestamp>3129.657440</timestamp>
			</report>
			<report>
				<misses>8468001</misses>
				<total>4</total>
				<timestamp>3130.027065</timestamp>
			</report>
			<report>
				<misses>8469001</misses>
				<total>4</total>
				<timestamp>3130.396692</timestamp>
			</report>
			<report>
				<misses>8470001</misses>
				<total>4</total>
				<timestamp>3130.766278</timestamp>
			</report>
			<report>
				<misses>8471001</misses>
				<total>4</total>
				<timestamp>3131.135914</timestamp>
			</report>
			<report>
				<misses>8472001</misses>
				<total>4</total>
				<timestamp>3131.505608</timestamp>
			</report>
			<report>
				<misses>8473001</misses>
				<total>4</total>
				<timestamp>3131.875178</timestamp>
			</report>
			<report>
				<misses>8474001</misses>
				<total>4</total>
				<timestamp>3132.244830</timestamp>
			</report>
			<report>
				<misses>8475001</misses>
				<total>4</total>
				<timestamp>3132.614440</timestamp>
			</report>
			<report>
				<misses>8476001</misses>
				<total>4</total>
				<timestamp>3132.984052</timestamp>
			</report>
			<report>
				<misses>8477001</misses>
				<total>4</total>
				<timestamp>3133.353708</timestamp>
			</report>
			<report>
				<misses>8478001</misses>
				<total>4</total>
				<timestamp>3133.723320</timestamp>
			</report>
			<report>
				<misses>8479001</misses>
				<total>4</total>
				<timestamp>3134.093004</timestamp>
			</report>
			<report>
				<misses>8480001</misses>
				<total>4</total>
				<timestamp>3134.462626</timestamp>
			</report>
			<report>
				<misses>8481001</misses>
				<total>4</total>
				<timestamp>3134.832189</timestamp>
			</report>
			<report>
				<misses>8482001</misses>
				<total>4</total>
				<timestamp>3135.201817</timestamp>
			</report>
			<report>
				<misses>8483001</misses>
				<total>4</total>
				<timestamp>3135.571520</timestamp>
			</report>
			<report>
				<misses>8484001</misses>
				<total>4</total>
				<timestamp>3135.941178</timestamp>
			</report>
			<report>
				<misses>8485001</misses>
				<total>4</total>
				<timestamp>3136.310725</timestamp>
			</report>
			<report>
				<misses>8486001</misses>
				<total>4</total>
				<timestamp>3136.680366</timestamp>
			</report>
			<report>
				<misses>8487001</misses>
				<total>4</total>
				<timestamp>3137.050008</timestamp>
			</report>
			<report>
				<misses>8488001</misses>
				<total>4</total>
				<timestamp>3137.419656</timestamp>
			</report>
			<report>
				<misses>8489001</misses>
				<total>4</total>
				<timestamp>3137.789237</timestamp>
			</report>
			<report>
				<misses>8490001</misses>
				<total>4</total>
				<timestamp>3138.158906</timestamp>
			</report>
			<report>
				<misses>8491001</misses>
				<total>4</total>
				<timestamp>3138.528532</timestamp>
			</report>
			<report>
				<misses>8492001</misses>
				<total>4</total>
				<timestamp>3138.898185</timestamp>
			</report>
			<report>
				<misses>8493001</misses>
				<total>4</total>
				<timestamp>3139.267774</timestamp>
			</report>
			<report>
				<misses>8494001</misses>
				<total>4</total>
				<timestamp>3139.637460</timestamp>
			</report>
			<report>
				<misses>8495001</misses>
				<total>3</total>
				<timestamp>3140.007113</timestamp>
			</report>
			<report>
				<misses>8496001</misses>
				<total>4</total>
				<timestamp>3140.376663</timestamp>
			</report>
			<report>
				<misses>8497001</misses>
				<total>3</total>
				<timestamp>3140.746385</timestamp>
			</report>
			<report>
				<misses>8498001</misses>
				<total>4</total>
				<timestamp>3141.115944</timestamp>
			</report>
			<report>
				<misses>8499001</misses>
				<total>4</total>
				<timestamp>3141.485585</timestamp>
			</report>
			<report>
				<misses>8500001</misses>
				<total>4</total>
				<timestamp>3141.855208</timestamp>
			</report>
			<report>
				<misses>8501001</misses>
				<total>4</total>
				<timestamp>3142.224850</timestamp>
			</report>
			<report>
				<misses>8502001</misses>
				<total>4</total>
				<timestamp>3142.594496</timestamp>
			</report>
			<report>
				<misses>8503001</misses>
				<total>4</total>
				<timestamp>3142.964069</timestamp>
			</report>
			<report>
				<misses>8504001</misses>
				<total>3</total>
				<timestamp>3143.333779</timestamp>
			</report>
			<report>
				<misses>8505001</misses>
				<total>4</total>
				<timestamp>3143.703343</timestamp>
			</report>
			<report>
				<misses>8506001</misses>
				<total>4</total>
				<timestamp>3144.072954</timestamp>
			</report>
			<report>
				<misses>8507001</misses>
				<total>4</total>
				<timestamp>3144.442584</timestamp>
			</report>
			<report>
				<misses>8508001</misses>
				<total>4</total>
				<timestamp>3144.812238</timestamp>
			</report>
			<report>
				<misses>8509001</misses>
				<total>4</total>
				<timestamp>3145.181843</timestamp>
			</report>
			<report>
				<misses>8510001</misses>
				<total>4</total>
				<timestamp>3145.551502</timestamp>
			</report>
			<report>
				<misses>8511001</misses>
				<total>4</total>
				<timestamp>3145.921136</timestamp>
			</report>
			<report>
				<misses>8512001</misses>
				<total>4</total>
				<timestamp>3146.290736</timestamp>
			</report>
			<report>
				<misses>8513001</misses>
				<total>4</total>
				<timestamp>3146.660370</timestamp>
			</report>
			<report>
				<misses>8514001</misses>
				<total>4</total>
				<timestamp>3147.030004</timestamp>
			</report>
			<report>
				<misses>8515001</misses>
				<total>4</total>
				<timestamp>3147.399662</timestamp>
			</report>
			<report>
				<misses>8516001</misses>
				<total>4</total>
				<timestamp>3147.769314</timestamp>
			</report>
			<report>
				<misses>8517001</misses>
				<total>4</total>
				<timestamp>3148.138880</timestamp>
			</report>
			<report>
				<misses>8518001</misses>
				<total>4</total>
				<timestamp>3148.508608</timestamp>
			</report>
			<report>
				<misses>8519001</misses>
				<total>4</total>
				<timestamp>3148.878159</timestamp>
			</report>
			<report>
				<misses>8520001</misses>
				<total>4</total>
				<timestamp>3149.247844</timestamp>
			</report>
			<report>
				<misses>8521001</misses>
				<total>4</total>
				<timestamp>3149.617401</timestamp>
			</report>
			<report>
				<misses>8522001</misses>
				<total>4</total>
				<timestamp>3149.987033</timestamp>
			</report>
			<report>
				<misses>8523001</misses>
				<total>4</total>
				<timestamp>3150.356745</timestamp>
			</report>
			<report>
				<misses>8524001</misses>
				<total>4</total>
				<timestamp>3150.726283</timestamp>
			</report>
			<report>
				<misses>8525001</misses>
				<total>4</total>
				<timestamp>3151.095925</timestamp>
			</report>
			<report>
				<misses>8526001</misses>
				<total>4</total>
				<timestamp>3151.465620</timestamp>
			</report>
			<report>
				<misses>8527001</misses>
				<total>4</total>
				<timestamp>3151.835221</timestamp>
			</report>
			<report>
				<misses>8528001</misses>
				<total>4</total>
				<timestamp>3152.204848</timestamp>
			</report>
			<report>
				<misses>8529001</misses>
				<total>4</total>
				<timestamp>3152.574569</timestamp>
			</report>
			<report>
				<misses>8530001</misses>
				<total>4</total>
				<timestamp>3152.944130</timestamp>
			</report>
			<report>
				<misses>8531001</misses>
				<total>4</total>
				<timestamp>3153.313770</timestamp>
			</report>
			<report>
				<misses>8532001</misses>
				<total>4</total>
				<timestamp>3153.683326</timestamp>
			</report>
			<report>
				<misses>8533001</misses>
				<total>4</total>
				<timestamp>3154.052978</timestamp>
			</report>
			<report>
				<misses>8534001</misses>
				<total>4</total>
				<timestamp>3154.422590</timestamp>
			</report>
			<report>
				<misses>8535001</misses>
				<total>3</total>
				<timestamp>3154.792332</timestamp>
			</report>
			<report>
				<misses>8536001</misses>
				<total>4</total>
				<timestamp>3155.161935</timestamp>
			</report>
			<report>
				<misses>8537001</misses>
				<total>4</total>
				<timestamp>3155.531522</timestamp>
			</report>
			<report>
				<misses>8538001</misses>
				<total>4</total>
				<timestamp>3155.901111</timestamp>
			</report>
			<report>
				<misses>8539001</misses>
				<total>4</total>
				<timestamp>3156.270751</timestamp>
			</report>
			<report>
				<misses>8540001</misses>
				<total>4</total>
				<timestamp>3156.640365</timestamp>
			</report>
			<report>
				<misses>8541001</misses>
				<total>5</total>
				<timestamp>3157.010034</timestamp>
			</report>
			<report>
				<misses>8542001</misses>
				<total>5</total>
				<timestamp>3157.379665</timestamp>
			</report>
			<report>
				<misses>8543001</misses>
				<total>5</total>
				<timestamp>3157.749250</timestamp>
			</report>
			<report>
				<misses>8544001</misses>
				<total>5</total>
				<timestamp>3158.118895</timestamp>
			</report>
			<report>
				<misses>8545001</misses>
				<total>5</total>
				<timestamp>3158.488589</timestamp>
			</report>
			<report>
				<misses>8546001</misses>
				<total>5</total>
				<timestamp>3158.858140</timestamp>
			</report>
			<report>
				<misses>8547001</misses>
				<total>5</total>
				<timestamp>3159.227805</timestamp>
			</report>
			<report>
				<misses>8548001</misses>
				<total>5</total>
				<timestamp>3159.597438</timestamp>
			</report>
			<report>
				<misses>8549001</misses>
				<total>5</total>
				<timestamp>3159.967096</timestamp>
			</report>
			<report>
				<misses>8550001</misses>
				<total>5</total>
				<timestamp>3160.336690</timestamp>
			</report>
			<report>
				<misses>8551001</misses>
				<total>5</total>
				<timestamp>3160.706318</timestamp>
			</report>
			<report>
				<misses>8552001</misses>
				<total>5</total>
				<timestamp>3161.075942</timestamp>
			</report>
			<report>
				<misses>8553001</misses>
				<total>4</total>
				<timestamp>3161.445669</timestamp>
			</report>
			<report>
				<misses>8554001</misses>
				<total>5</total>
				<timestamp>3161.815205</timestamp>
			</report>
			<report>
				<misses>8555001</misses>
				<total>5</total>
				<timestamp>3162.184881</timestamp>
			</report>
			<report>
				<misses>8556001</misses>
				<total>5</total>
				<timestamp>3162.554508</timestamp>
			</report>
			<report>
				<misses>8557001</misses>
				<total>5</total>
				<timestamp>3162.924167</timestamp>
			</report>
			<report>
				<misses>8558001</misses>
				<total>5</total>
				<timestamp>3163.293706</timestamp>
			</report>
			<report>
				<misses>8559001</misses>
				<total>5</total>
				<timestamp>3163.663382</timestamp>
			</report>
			<report>
				<misses>8560001</misses>
				<total>4</total>
				<timestamp>3164.033095</timestamp>
			</report>
			<report>
				<misses>8561001</misses>
				<total>5</total>
				<timestamp>3164.402626</timestamp>
			</report>
			<report>
				<misses>8562001</misses>
				<total>5</total>
				<timestamp>3164.772291</timestamp>
			</report>
			<report>
				<misses>8563001</misses>
				<total>5</total>
				<timestamp>3165.141963</timestamp>
			</report>
			<report>
				<misses>8564001</misses>
				<total>5</total>
				<timestamp>3165.511492</timestamp>
			</report>
			<report>
				<misses>8565001</misses>
				<total>5</total>
				<timestamp>3165.881170</timestamp>
			</report>
			<report>
				<misses>8566001</misses>
				<total>5</total>
				<timestamp>3166.250804</timestamp>
			</report>
			<report>
				<misses>8567001</misses>
				<total>5</total>
				<timestamp>3166.620392</timestamp>
			</report>
			<report>
				<misses>8568001</misses>
				<total>5</total>
				<timestamp>3166.990028</timestamp>
			</report>
			<report>
				<misses>8569001</misses>
				<total>4</total>
				<timestamp>3167.359762</timestamp>
			</report>
			<report>
				<misses>8570001</misses>
				<total>5</total>
				<timestamp>3167.729290</timestamp>
			</report>
			<report>
				<misses>8571001</misses>
				<total>5</total>
				<timestamp>3168.098914</timestamp>
			</report>
			<report>
				<misses>8572001</misses>
				<total>5</total>
				<timestamp>3168.468598</timestamp>
			</report>
			<report>
				<misses>8573001</misses>
				<total>5</total>
				<timestamp>3168.838176</timestamp>
			</report>
			<report>
				<misses>8574001</misses>
				<total>5</total>
				<timestamp>3169.207815</timestamp>
			</report>
			<report>
				<misses>8575001</misses>
				<total>5</total>
				<timestamp>3169.577455</timestamp>
			</report>
			<report>
				<misses>8576001</misses>
				<total>5</total>
				<timestamp>3169.947058</timestamp>
			</report>
			<report>
				<misses>8577001</misses>
				<total>5</total>
				<timestamp>3170.316740</timestamp>
			</report>
			<report>
				<misses>8578001</misses>
				<total>5</total>
				<timestamp>3170.686361</timestamp>
			</report>
			<report>
				<misses>8579001</misses>
				<total>5</total>
				<timestamp>3171.055961</timestamp>
			</report>
			<report>
				<misses>8580001</misses>
				<total>5</total>
				<timestamp>3171.425611</timestamp>
			</report>
			<report>
				<misses>8581001</misses>
				<total>5</total>
				<timestamp>3171.795223</timestamp>
			</report>
			<report>
				<misses>8582001</misses>
				<total>5</total>
				<timestamp>3172.164849</timestamp>
			</report>
			<report>
				<misses>8583001</misses>
				<total>5</total>
				<timestamp>3172.534466</timestamp>
			</report>
			<report>
				<misses>8584001</misses>
				<total>5</total>
				<timestamp>3172.904117</timestamp>
			</report>
			<report>
				<misses>8585001</misses>
				<total>5</total>
				<timestamp>3173.273746</timestamp>
			</report>
			<report>
				<misses>8586001</misses>
				<total>5</total>
				<timestamp>3173.643357</timestamp>
			</report>
			<report>
				<misses>8587001</misses>
				<total>5</total>
				<timestamp>3174.012993</timestamp>
			</report>
			<report>
				<misses>8588001</misses>
				<total>5</total>
				<timestamp>3174.382609</timestamp>
			</report>
			<report>
				<misses>8589001</misses>
				<total>5</total>
				<timestamp>3174.752276</timestamp>
			</report>
			<report>
				<misses>8590001</misses>
				<total>5</total>
				<timestamp>3175.121856</timestamp>
			</report>
			<report>
				<misses>8591001</misses>
				<total>5</total>
				<timestamp>3175.491588</timestamp>
			</report>
			<report>
				<misses>8592001</misses>
				<total>5</total>
				<timestamp>3175.861131</timestamp>
			</report>
			<report>
				<misses>8593001</misses>
				<total>4</total>
				<timestamp>3176.230838</timestamp>
			</report>
			<report>
				<misses>8594001</misses>
				<total>5</total>
				<timestamp>3176.600417</timestamp>
			</report>
			<report>
				<misses>8595001</misses>
				<total>5</total>
				<timestamp>3176.970024</timestamp>
			</report>
			<report>
				<misses>8596001</misses>
				<total>5</total>
				<timestamp>3177.339681</timestamp>
			</report>
			<report>
				<misses>8597001</misses>
				<total>5</total>
				<timestamp>3177.709278</timestamp>
			</report>
			<report>
				<misses>8598001</misses>
				<total>4</total>
				<timestamp>3178.079011</timestamp>
			</report>
			<report>
				<misses>8599001</misses>
				<total>5</total>
				<timestamp>3178.448521</timestamp>
			</report>
			<report>
				<misses>8600001</misses>
				<total>5</total>
				<timestamp>3178.818162</timestamp>
			</report>
			<report>
				<misses>8601001</misses>
				<total>5</total>
				<timestamp>3179.187792</timestamp>
			</report>
			<report>
				<misses>8602001</misses>
				<total>4</total>
				<timestamp>3179.557526</timestamp>
			</report>
			<report>
				<misses>8603001</misses>
				<total>4</total>
				<timestamp>3179.927150</timestamp>
			</report>
			<report>
				<misses>8604001</misses>
				<total>5</total>
				<timestamp>3180.296724</timestamp>
			</report>
			<report>
				<misses>8605001</misses>
				<total>5</total>
				<timestamp>3180.666365</timestamp>
			</report>
			<report>
				<misses>8606001</misses>
				<total>5</total>
				<timestamp>3181.035980</timestamp>
			</report>
			<report>
				<misses>8607001</misses>
				<total>4</total>
				<timestamp>3181.405673</timestamp>
			</report>
			<report>
				<misses>8608001</misses>
				<total>5</total>
				<timestamp>3181.775299</timestamp>
			</report>
			<report>
				<misses>8609001</misses>
				<total>4</total>
				<timestamp>3182.144925</timestamp>
			</report>
			<report>
				<misses>8610001</misses>
				<total>5</total>
				<timestamp>3182.514548</timestamp>
			</report>
			<report>
				<misses>8611001</misses>
				<total>5</total>
				<timestamp>3182.884089</timestamp>
			</report>
			<report>
				<misses>8612001</misses>
				<total>5</total>
				<timestamp>3183.253720</timestamp>
			</report>
			<report>
				<misses>8613001</misses>
				<total>5</total>
				<timestamp>3183.623392</timestamp>
			</report>
			<report>
				<misses>8614001</misses>
				<total>5</total>
				<timestamp>3183.993024</timestamp>
			</report>
			<report>
				<misses>8615001</misses>
				<total>5</total>
				<timestamp>3184.362639</timestamp>
			</report>
			<report>
				<misses>8616001</misses>
				<total>5</total>
				<timestamp>3184.732312</timestamp>
			</report>
			<report>
				<misses>8617001</misses>
				<total>5</total>
				<timestamp>3185.101900</timestamp>
			</report>
			<report>
				<misses>8618001</misses>
				<total>5</total>
				<timestamp>3185.471553</timestamp>
			</report>
			<report>
				<misses>8619001</misses>
				<total>5</total>
				<timestamp>3185.841207</timestamp>
			</report>
			<report>
				<misses>8620001</misses>
				<total>5</total>
				<timestamp>3186.210806</timestamp>
			</report>
			<report>
				<misses>8621001</misses>
				<total>5</total>
				<timestamp>3186.580399</timestamp>
			</report>
			<report>
				<misses>8622001</misses>
				<total>5</total>
				<timestamp>3186.950027</timestamp>
			</report>
			<report>
				<misses>8623001</misses>
				<total>5</total>
				<timestamp>3187.319667</timestamp>
			</report>
			<report>
				<misses>8624001</misses>
				<total>5</total>
				<timestamp>3187.689361</timestamp>
			</report>
			<report>
				<misses>8625001</misses>
				<total>5</total>
				<timestamp>3188.058914</timestamp>
			</report>
			<report>
				<misses>8626001</misses>
				<total>5</total>
				<timestamp>3188.428577</timestamp>
			</report>
			<report>
				<misses>8627001</misses>
				<total>5</total>
				<timestamp>3188.798201</timestamp>
			</report>
			<report>
				<misses>8628001</misses>
				<total>4</total>
				<timestamp>3189.167969</timestamp>
			</report>
			<report>
				<misses>8629001</misses>
				<total>5</total>
				<timestamp>3189.537459</timestamp>
			</report>
			<report>
				<misses>8630001</misses>
				<total>5</total>
				<timestamp>3189.907140</timestamp>
			</report>
			<report>
				<misses>8631001</misses>
				<total>5</total>
				<timestamp>3190.276725</timestamp>
			</report>
			<report>
				<misses>8632001</misses>
				<total>5</total>
				<timestamp>3190.646343</timestamp>
			</report>
			<report>
				<misses>8633001</misses>
				<total>5</total>
				<timestamp>3191.016002</timestamp>
			</report>
			<report>
				<misses>8634001</misses>
				<total>5</total>
				<timestamp>3191.385584</timestamp>
			</report>
			<report>
				<misses>8635001</misses>
				<total>5</total>
				<timestamp>3191.755230</timestamp>
			</report>
			<report>
				<misses>8636001</misses>
				<total>5</total>
				<timestamp>3192.124838</timestamp>
			</report>
			<report>
				<misses>8637001</misses>
				<total>5</total>
				<timestamp>3192.494484</timestamp>
			</report>
			<report>
				<misses>8638001</misses>
				<total>5</total>
				<timestamp>3192.864123</timestamp>
			</report>
			<report>
				<misses>8639001</misses>
				<total>5</total>
				<timestamp>3193.233808</timestamp>
			</report>
			<report>
				<misses>8640001</misses>
				<total>5</total>
				<timestamp>3193.603360</timestamp>
			</report>
			<report>
				<misses>8641001</misses>
				<total>5</total>
				<timestamp>3193.973055</timestamp>
			</report>
			<report>
				<misses>8642001</misses>
				<total>5</total>
				<timestamp>3194.342637</timestamp>
			</report>
			<report>
				<misses>8643001</misses>
				<total>5</total>
				<timestamp>3194.712274</timestamp>
			</report>
			<report>
				<misses>8644001</misses>
				<total>5</total>
				<timestamp>3195.081893</timestamp>
			</report>
			<report>
				<misses>8645001</misses>
				<total>4</total>
				<timestamp>3195.451618</timestamp>
			</report>
			<report>
				<misses>8646001</misses>
				<total>5</total>
				<timestamp>3195.821163</timestamp>
			</report>
			<report>
				<misses>8647001</misses>
				<total>5</total>
				<timestamp>3196.190826</timestamp>
			</report>
			<report>
				<misses>8648001</misses>
				<total>5</total>
				<timestamp>3196.560398</timestamp>
			</report>
			<report>
				<misses>8649001</misses>
				<total>5</total>
				<timestamp>3196.930046</timestamp>
			</report>
			<report>
				<misses>8650001</misses>
				<total>5</total>
				<timestamp>3197.299699</timestamp>
			</report>
			<report>
				<misses>8651001</misses>
				<total>5</total>
				<timestamp>3197.669320</timestamp>
			</report>
			<report>
				<misses>8652001</misses>
				<total>4</total>
				<timestamp>3198.039058</timestamp>
			</report>
			<report>
				<misses>8653001</misses>
				<total>5</total>
				<timestamp>3198.408558</timestamp>
			</report>
			<report>
				<misses>8654001</misses>
				<total>5</total>
				<timestamp>3198.778284</timestamp>
			</report>
			<report>
				<misses>8655001</misses>
				<total>5</total>
				<timestamp>3199.147841</timestamp>
			</report>
			<report>
				<misses>8656001</misses>
				<total>5</total>
				<timestamp>3199.517489</timestamp>
			</report>
			<report>
				<misses>8657001</misses>
				<total>5</total>
				<timestamp>3199.887110</timestamp>
			</report>
			<report>
				<misses>8658001</misses>
				<total>5</total>
				<timestamp>3200.256715</timestamp>
			</report>
			<report>
				<misses>8659001</misses>
				<total>5</total>
				<timestamp>3200.626329</timestamp>
			</report>
			<report>
				<misses>8660001</misses>
				<total>5</total>
				<timestamp>3200.995979</timestamp>
			</report>
			<report>
				<misses>8661001</misses>
				<total>5</total>
				<timestamp>3201.365622</timestamp>
			</report>
			<report>
				<misses>8662001</misses>
				<total>5</total>
				<timestamp>3201.735273</timestamp>
			</report>
			<report>
				<misses>8663001</misses>
				<total>5</total>
				<timestamp>3202.104860</timestamp>
			</report>
			<report>
				<misses>8664001</misses>
				<total>5</total>
				<timestamp>3202.474573</timestamp>
			</report>
			<report>
				<misses>8665001</misses>
				<total>5</total>
				<timestamp>3202.844125</timestamp>
			</report>
			<report>
				<misses>8666001</misses>
				<total>5</total>
				<timestamp>3203.213749</timestamp>
			</report>
			<report>
				<misses>8667001</misses>
				<total>5</total>
				<timestamp>3203.583383</timestamp>
			</report>
			<report>
				<misses>8668001</misses>
				<total>5</total>
				<timestamp>3203.953072</timestamp>
			</report>
			<report>
				<misses>8669001</misses>
				<total>5</total>
				<timestamp>3204.322682</timestamp>
			</report>
			<report>
				<misses>8670001</misses>
				<total>5</total>
				<timestamp>3204.692266</timestamp>
			</report>
			<report>
				<misses>8671001</misses>
				<total>4</total>
				<timestamp>3205.062023</timestamp>
			</report>
			<report>
				<misses>8672001</misses>
				<total>5</total>
				<timestamp>3205.431553</timestamp>
			</report>
			<report>
				<misses>8673001</misses>
				<total>5</total>
				<timestamp>3205.801213</timestamp>
			</report>
			<report>
				<misses>8674001</misses>
				<total>4</total>
				<timestamp>3206.170905</timestamp>
			</report>
			<report>
				<misses>8675001</misses>
				<total>5</total>
				<timestamp>3206.540494</timestamp>
			</report>
			<report>
				<misses>8676001</misses>
				<total>4</total>
				<timestamp>3206.910210</timestamp>
			</report>
			<report>
				<misses>8677001</misses>
				<total>5</total>
				<timestamp>3207.279674</timestamp>
			</report>
			<report>
				<misses>8678001</misses>
				<total>5</total>
				<timestamp>3207.649357</timestamp>
			</report>
			<report>
				<misses>8679001</misses>
				<total>5</total>
				<timestamp>3208.018945</timestamp>
			</report>
			<report>
				<misses>8680001</misses>
				<total>5</total>
				<timestamp>3208.388579</timestamp>
			</report>
			<report>
				<misses>8681001</misses>
				<total>5</total>
				<timestamp>3208.758219</timestamp>
			</report>
			<report>
				<misses>8682001</misses>
				<total>5</total>
				<timestamp>3209.127861</timestamp>
			</report>
			<report>
				<misses>8683001</misses>
				<total>4</total>
				<timestamp>3209.497550</timestamp>
			</report>
			<report>
				<misses>8684001</misses>
				<total>5</total>
				<timestamp>3209.867130</timestamp>
			</report>
			<report>
				<misses>8685001</misses>
				<total>5</total>
				<timestamp>3210.236782</timestamp>
			</report>
			<report>
				<misses>8686001</misses>
				<total>5</total>
				<timestamp>3210.606370</timestamp>
			</report>
			<report>
				<misses>8687001</misses>
				<total>5</total>
				<timestamp>3210.975987</timestamp>
			</report>
			<report>
				<misses>8688001</misses>
				<total>5</total>
				<timestamp>3211.345595</timestamp>
			</report>
			<report>
				<misses>8689001</misses>
				<total>5</total>
				<timestamp>3211.715279</timestamp>
			</report>
			<report>
				<misses>8690001</misses>
				<total>5</total>
				<timestamp>3212.084862</timestamp>
			</report>
			<report>
				<misses>8691001</misses>
				<total>5</total>
				<timestamp>3212.454523</timestamp>
			</report>
			<report>
				<misses>8692001</misses>
				<total>4</total>
				<timestamp>3212.824225</timestamp>
			</report>
			<report>
				<misses>8693001</misses>
				<total>5</total>
				<timestamp>3213.193782</timestamp>
			</report>
			<report>
				<misses>8694001</misses>
				<total>5</total>
				<timestamp>3213.563397</timestamp>
			</report>
			<report>
				<misses>8695001</misses>
				<total>5</total>
				<timestamp>3213.933010</timestamp>
			</report>
			<report>
				<misses>8696001</misses>
				<total>5</total>
				<timestamp>3214.302701</timestamp>
			</report>
			<report>
				<misses>8697001</misses>
				<total>4</total>
				<timestamp>3214.672390</timestamp>
			</report>
			<report>
				<misses>8698001</misses>
				<total>5</total>
				<timestamp>3215.041897</timestamp>
			</report>
			<report>
				<misses>8699001</misses>
				<total>5</total>
				<timestamp>3215.411546</timestamp>
			</report>
			<report>
				<misses>8700001</misses>
				<total>5</total>
				<timestamp>3215.781224</timestamp>
			</report>
			<report>
				<misses>8701001</misses>
				<total>5</total>
				<timestamp>3216.150783</timestamp>
			</report>
			<report>
				<misses>8702001</misses>
				<total>5</total>
				<timestamp>3216.520484</timestamp>
			</report>
			<report>
				<misses>8703001</misses>
				<total>5</total>
				<timestamp>3216.890135</timestamp>
			</report>
			<report>
				<misses>8704001</misses>
				<total>5</total>
				<timestamp>3217.259763</timestamp>
			</report>
			<report>
				<misses>8705001</misses>
				<total>5</total>
				<timestamp>3217.629305</timestamp>
			</report>
			<report>
				<misses>8706001</misses>
				<total>4</total>
				<timestamp>3217.999062</timestamp>
			</report>
			<report>
				<misses>8707001</misses>
				<total>5</total>
				<timestamp>3218.368591</timestamp>
			</report>
			<report>
				<misses>8708001</misses>
				<total>5</total>
				<timestamp>3218.738224</timestamp>
			</report>
			<report>
				<misses>8709001</misses>
				<total>5</total>
				<timestamp>3219.107836</timestamp>
			</report>
			<report>
				<misses>8710001</misses>
				<total>5</total>
				<timestamp>3219.477502</timestamp>
			</report>
			<report>
				<misses>8711001</misses>
				<total>5</total>
				<timestamp>3219.847152</timestamp>
			</report>
			<report>
				<misses>8712001</misses>
				<total>5</total>
				<timestamp>3220.216728</timestamp>
			</report>
			<report>
				<misses>8713001</misses>
				<total>5</total>
				<timestamp>3220.586394</timestamp>
			</report>
			<report>
				<misses>8714001</misses>
				<total>4</total>
				<timestamp>3220.956144</timestamp>
			</report>
			<report>
				<misses>8715001</misses>
				<total>4</total>
				<timestamp>3221.325716</timestamp>
			</report>
			<report>
				<misses>8716001</misses>
				<total>5</total>
				<timestamp>3221.695282</timestamp>
			</report>
			<report>
				<misses>8717001</misses>
				<total>5</total>
				<timestamp>3222.064925</timestamp>
			</report>
			<report>
				<misses>8718001</misses>
				<total>4</total>
				<timestamp>3222.434614</timestamp>
			</report>
			<report>
				<misses>8719001</misses>
				<total>4</total>
				<timestamp>3222.804255</timestamp>
			</report>
			<report>
				<misses>8720001</misses>
				<total>5</total>
				<timestamp>3223.173825</timestamp>
			</report>
			<report>
				<misses>8721001</misses>
				<total>5</total>
				<timestamp>3223.543435</timestamp>
			</report>
			<report>
				<misses>8722001</misses>
				<total>5</total>
				<timestamp>3223.913072</timestamp>
			</report>
			<report>
				<misses>8723001</misses>
				<total>5</total>
				<timestamp>3224.282724</timestamp>
			</report>
			<report>
				<misses>8724001</misses>
				<total>5</total>
				<timestamp>3224.652317</timestamp>
			</report>
			<report>
				<misses>8725001</misses>
				<total>5</total>
				<timestamp>3225.021948</timestamp>
			</report>
			<report>
				<misses>8726001</misses>
				<total>5</total>
				<timestamp>3225.391594</timestamp>
			</report>
			<report>
				<misses>8727001</misses>
				<total>5</total>
				<timestamp>3225.761232</timestamp>
			</report>
			<report>
				<misses>8728001</misses>
				<total>5</total>
				<timestamp>3226.130842</timestamp>
			</report>
			<report>
				<misses>8729001</misses>
				<total>5</total>
				<timestamp>3226.500439</timestamp>
			</report>
			<report>
				<misses>8730001</misses>
				<total>5</total>
				<timestamp>3226.870088</timestamp>
			</report>
			<report>
				<misses>8731001</misses>
				<total>5</total>
				<timestamp>3227.239757</timestamp>
			</report>
			<report>
				<misses>8732001</misses>
				<total>5</total>
				<timestamp>3227.609319</timestamp>
			</report>
			<report>
				<misses>8733001</misses>
				<total>5</total>
				<timestamp>3227.979033</timestamp>
			</report>
			<report>
				<misses>8734001</misses>
				<total>5</total>
				<timestamp>3228.348645</timestamp>
			</report>
			<report>
				<misses>8735001</misses>
				<total>5</total>
				<timestamp>3228.718215</timestamp>
			</report>
			<report>
				<misses>8736001</misses>
				<total>5</total>
				<timestamp>3229.087846</timestamp>
			</report>
			<report>
				<misses>8737001</misses>
				<total>5</total>
				<timestamp>3229.457543</timestamp>
			</report>
			<report>
				<misses>8738001</misses>
				<total>5</total>
				<timestamp>3229.827136</timestamp>
			</report>
			<report>
				<misses>8739001</misses>
				<total>5</total>
				<timestamp>3230.196733</timestamp>
			</report>
			<report>
				<misses>8740001</misses>
				<total>5</total>
				<timestamp>3230.566358</timestamp>
			</report>
			<report>
				<misses>8741001</misses>
				<total>5</total>
				<timestamp>3230.936074</timestamp>
			</report>
			<report>
				<misses>8742001</misses>
				<total>5</total>
				<timestamp>3231.305736</timestamp>
			</report>
			<report>
				<misses>8743001</misses>
				<total>5</total>
				<timestamp>3231.675261</timestamp>
			</report>
			<report>
				<misses>8744001</misses>
				<total>5</total>
				<timestamp>3232.044883</timestamp>
			</report>
			<report>
				<misses>8745001</misses>
				<total>5</total>
				<timestamp>3232.414566</timestamp>
			</report>
			<report>
				<misses>8746001</misses>
				<total>5</total>
				<timestamp>3232.784171</timestamp>
			</report>
			<report>
				<misses>8747001</misses>
				<total>5</total>
				<timestamp>3233.153840</timestamp>
			</report>
			<report>
				<misses>8748001</misses>
				<total>5</total>
				<timestamp>3233.523462</timestamp>
			</report>
			<report>
				<misses>8749001</misses>
				<total>5</total>
				<timestamp>3233.893101</timestamp>
			</report>
			<report>
				<misses>8750001</misses>
				<total>5</total>
				<timestamp>3234.262730</timestamp>
			</report>
			<report>
				<misses>8751001</misses>
				<total>5</total>
				<timestamp>3234.632348</timestamp>
			</report>
			<report>
				<misses>8752001</misses>
				<total>5</total>
				<timestamp>3235.001966</timestamp>
			</report>
			<report>
				<misses>8753001</misses>
				<total>5</total>
				<timestamp>3235.371574</timestamp>
			</report>
			<report>
				<misses>8754001</misses>
				<total>5</total>
				<timestamp>3235.741201</timestamp>
			</report>
			<report>
				<misses>8755001</misses>
				<total>5</total>
				<timestamp>3236.110810</timestamp>
			</report>
			<report>
				<misses>8756001</misses>
				<total>5</total>
				<timestamp>3236.480487</timestamp>
			</report>
			<report>
				<misses>8757001</misses>
				<total>5</total>
				<timestamp>3236.850100</timestamp>
			</report>
			<report>
				<misses>8758001</misses>
				<total>5</total>
				<timestamp>3237.219722</timestamp>
			</report>
			<report>
				<misses>8759001</misses>
				<total>5</total>
				<timestamp>3237.589366</timestamp>
			</report>
			<report>
				<misses>8760001</misses>
				<total>5</total>
				<timestamp>3237.959018</timestamp>
			</report>
			<report>
				<misses>8761001</misses>
				<total>5</total>
				<timestamp>3238.328633</timestamp>
			</report>
			<report>
				<misses>8762001</misses>
				<total>5</total>
				<timestamp>3238.698284</timestamp>
			</report>
			<report>
				<misses>8763001</misses>
				<total>5</total>
				<timestamp>3239.067853</timestamp>
			</report>
			<report>
				<misses>8764001</misses>
				<total>5</total>
				<timestamp>3239.437515</timestamp>
			</report>
			<report>
				<misses>8765001</misses>
				<total>5</total>
				<timestamp>3239.807151</timestamp>
			</report>
			<report>
				<misses>8766001</misses>
				<total>4</total>
				<timestamp>3240.176841</timestamp>
			</report>
			<report>
				<misses>8767001</misses>
				<total>5</total>
				<timestamp>3240.546395</timestamp>
			</report>
			<report>
				<misses>8768001</misses>
				<total>5</total>
				<timestamp>3240.916100</timestamp>
			</report>
			<report>
				<misses>8769001</misses>
				<total>5</total>
				<timestamp>3241.285685</timestamp>
			</report>
			<report>
				<misses>8770001</misses>
				<total>5</total>
				<timestamp>3241.655296</timestamp>
			</report>
			<report>
				<misses>8771001</misses>
				<total>4</total>
				<timestamp>3242.025021</timestamp>
			</report>
			<report>
				<misses>8772001</misses>
				<total>5</total>
				<timestamp>3242.394540</timestamp>
			</report>
			<report>
				<misses>8773001</misses>
				<total>5</total>
				<timestamp>3242.764224</timestamp>
			</report>
			<report>
				<misses>8774001</misses>
				<total>5</total>
				<timestamp>3243.133779</timestamp>
			</report>
			<report>
				<misses>8775001</misses>
				<total>5</total>
				<timestamp>3243.503414</timestamp>
			</report>
			<report>
				<misses>8776001</misses>
				<total>5</total>
				<timestamp>3243.873076</timestamp>
			</report>
			<report>
				<misses>8777001</misses>
				<total>5</total>
				<timestamp>3244.242680</timestamp>
			</report>
			<report>
				<misses>8778001</misses>
				<total>5</total>
				<timestamp>3244.612320</timestamp>
			</report>
			<report>
				<misses>8779001</misses>
				<total>5</total>
				<timestamp>3244.982018</timestamp>
			</report>
			<report>
				<misses>8780001</misses>
				<total>5</total>
				<timestamp>3245.351627</timestamp>
			</report>
			<report>
				<misses>8781001</misses>
				<total>4</total>
				<timestamp>3245.721331</timestamp>
			</report>
			<report>
				<misses>8782001</misses>
				<total>5</total>
				<timestamp>3246.090882</timestamp>
			</report>
			<report>
				<misses>8783001</misses>
				<total>5</total>
				<timestamp>3246.460451</timestamp>
			</report>
			<report>
				<misses>8784001</misses>
				<total>5</total>
				<timestamp>3246.830087</timestamp>
			</report>
			<report>
				<misses>8785001</misses>
				<total>5</total>
				<timestamp>3247.199736</timestamp>
			</report>
			<report>
				<misses>8786001</misses>
				<total>5</total>
				<timestamp>3247.569366</timestamp>
			</report>
			<report>
				<misses>8787001</misses>
				<total>4</total>
				<timestamp>3247.939093</timestamp>
			</report>
			<report>
				<misses>8788001</misses>
				<total>5</total>
				<timestamp>3248.308601</timestamp>
			</report>
			<report>
				<misses>8789001</misses>
				<total>5</total>
				<timestamp>3248.678270</timestamp>
			</report>
			<report>
				<misses>8790001</misses>
				<total>5</total>
				<timestamp>3249.047969</timestamp>
			</report>
			<report>
				<misses>8791001</misses>
				<total>5</total>
				<timestamp>3249.417503</timestamp>
			</report>
			<report>
				<misses>8792001</misses>
				<total>5</total>
				<timestamp>3249.787216</timestamp>
			</report>
			<report>
				<misses>8793001</misses>
				<total>5</total>
				<timestamp>3250.156765</timestamp>
			</report>
			<report>
				<misses>8794001</misses>
				<total>5</total>
				<timestamp>3250.526390</timestamp>
			</report>
			<report>
				<misses>8795001</misses>
				<total>5</total>
				<timestamp>3250.896042</timestamp>
			</report>
			<report>
				<misses>8796001</misses>
				<total>5</total>
				<timestamp>3251.265659</timestamp>
			</report>
			<report>
				<misses>8797001</misses>
				<total>5</total>
				<timestamp>3251.635317</timestamp>
			</report>
			<report>
				<misses>8798001</misses>
				<total>5</total>
				<timestamp>3252.004960</timestamp>
			</report>
			<report>
				<misses>8799001</misses>
				<total>5</total>
				<timestamp>3252.374620</timestamp>
			</report>
			<report>
				<misses>8800001</misses>
				<total>5</total>
				<timestamp>3252.744213</timestamp>
			</report>
			<report>
				<misses>8801001</misses>
				<total>5</total>
				<timestamp>3253.113813</timestamp>
			</report>
			<report>
				<misses>8802001</misses>
				<total>5</total>
				<timestamp>3253.483477</timestamp>
			</report>
			<report>
				<misses>8803001</misses>
				<total>5</total>
				<timestamp>3253.853111</timestamp>
			</report>
			<report>
				<misses>8804001</misses>
				<total>5</total>
				<timestamp>3254.222699</timestamp>
			</report>
			<report>
				<misses>8805001</misses>
				<total>5</total>
				<timestamp>3254.592320</timestamp>
			</report>
			<report>
				<misses>8806001</misses>
				<total>5</total>
				<timestamp>3254.961960</timestamp>
			</report>
			<report>
				<misses>8807001</misses>
				<total>5</total>
				<timestamp>3255.331617</timestamp>
			</report>
			<report>
				<misses>8808001</misses>
				<total>5</total>
				<timestamp>3255.701199</timestamp>
			</report>
			<report>
				<misses>8809001</misses>
				<total>5</total>
				<timestamp>3256.070900</timestamp>
			</report>
			<report>
				<misses>8810001</misses>
				<total>5</total>
				<timestamp>3256.440451</timestamp>
			</report>
			<report>
				<misses>8811001</misses>
				<total>5</total>
				<timestamp>3256.810092</timestamp>
			</report>
			<report>
				<misses>8812001</misses>
				<total>5</total>
				<timestamp>3257.179793</timestamp>
			</report>
			<report>
				<misses>8813001</misses>
				<total>5</total>
				<timestamp>3257.549378</timestamp>
			</report>
			<report>
				<misses>8814001</misses>
				<total>5</total>
				<timestamp>3257.919044</timestamp>
			</report>
			<report>
				<misses>8815001</misses>
				<total>5</total>
				<timestamp>3258.288645</timestamp>
			</report>
			<report>
				<misses>8816001</misses>
				<total>5</total>
				<timestamp>3258.658242</timestamp>
			</report>
			<report>
				<misses>8817001</misses>
				<total>5</total>
				<timestamp>3259.027902</timestamp>
			</report>
			<report>
				<misses>8818001</misses>
				<total>5</total>
				<timestamp>3259.397555</timestamp>
			</report>
			<report>
				<misses>8819001</misses>
				<total>5</total>
				<timestamp>3259.767169</timestamp>
			</report>
			<report>
				<misses>8820001</misses>
				<total>5</total>
				<timestamp>3260.136812</timestamp>
			</report>
			<report>
				<misses>8821001</misses>
				<total>5</total>
				<timestamp>3260.506425</timestamp>
			</report>
			<report>
				<misses>8822001</misses>
				<total>5</total>
				<timestamp>3260.876036</timestamp>
			</report>
			<report>
				<misses>8823001</misses>
				<total>5</total>
				<timestamp>3261.245736</timestamp>
			</report>
			<report>
				<misses>8824001</misses>
				<total>5</total>
				<timestamp>3261.615285</timestamp>
			</report>
			<report>
				<misses>8825001</misses>
				<total>5</total>
				<timestamp>3261.984988</timestamp>
			</report>
			<report>
				<misses>8826001</misses>
				<total>5</total>
				<timestamp>3262.354539</timestamp>
			</report>
			<report>
				<misses>8827001</misses>
				<total>5</total>
				<timestamp>3262.724171</timestamp>
			</report>
			<report>
				<misses>8828001</misses>
				<total>5</total>
				<timestamp>3263.093813</timestamp>
			</report>
			<report>
				<misses>8829001</misses>
				<total>5</total>
				<timestamp>3263.463455</timestamp>
			</report>
			<report>
				<misses>8830001</misses>
				<total>5</total>
				<timestamp>3263.833086</timestamp>
			</report>
			<report>
				<misses>8831001</misses>
				<total>5</total>
				<timestamp>3264.202719</timestamp>
			</report>
			<report>
				<misses>8832001</misses>
				<total>5</total>
				<timestamp>3264.572401</timestamp>
			</report>
			<report>
				<misses>8833001</misses>
				<total>5</total>
				<timestamp>3264.942015</timestamp>
			</report>
			<report>
				<misses>8834001</misses>
				<total>5</total>
				<timestamp>3265.311586</timestamp>
			</report>
			<report>
				<misses>8835001</misses>
				<total>5</total>
				<timestamp>3265.681241</timestamp>
			</report>
			<report>
				<misses>8836001</misses>
				<total>5</total>
				<timestamp>3266.050957</timestamp>
			</report>
			<report>
				<misses>8837001</misses>
				<total>5</total>
				<timestamp>3266.420510</timestamp>
			</report>
			<report>
				<misses>8838001</misses>
				<total>5</total>
				<timestamp>3266.790196</timestamp>
			</report>
			<report>
				<misses>8839001</misses>
				<total>5</total>
				<timestamp>3267.159795</timestamp>
			</report>
			<report>
				<misses>8840001</misses>
				<total>5</total>
				<timestamp>3267.529349</timestamp>
			</report>
			<report>
				<misses>8841001</misses>
				<total>5</total>
				<timestamp>3267.899019</timestamp>
			</report>
			<report>
				<misses>8842001</misses>
				<total>5</total>
				<timestamp>3268.268656</timestamp>
			</report>
			<report>
				<misses>8843001</misses>
				<total>5</total>
				<timestamp>3268.638304</timestamp>
			</report>
			<report>
				<misses>8844001</misses>
				<total>5</total>
				<timestamp>3269.007908</timestamp>
			</report>
			<report>
				<misses>8845001</misses>
				<total>5</total>
				<timestamp>3269.377519</timestamp>
			</report>
			<report>
				<misses>8846001</misses>
				<total>5</total>
				<timestamp>3269.747182</timestamp>
			</report>
			<report>
				<misses>8847001</misses>
				<total>5</total>
				<timestamp>3270.116803</timestamp>
			</report>
			<report>
				<misses>8848001</misses>
				<total>5</total>
				<timestamp>3270.486434</timestamp>
			</report>
			<report>
				<misses>8849001</misses>
				<total>5</total>
				<timestamp>3270.856077</timestamp>
			</report>
			<report>
				<misses>8850001</misses>
				<total>5</total>
				<timestamp>3271.225737</timestamp>
			</report>
			<report>
				<misses>8851001</misses>
				<total>5</total>
				<timestamp>3271.595365</timestamp>
			</report>
			<report>
				<misses>8852001</misses>
				<total>5</total>
				<timestamp>3271.964963</timestamp>
			</report>
			<report>
				<misses>8853001</misses>
				<total>5</total>
				<timestamp>3272.334614</timestamp>
			</report>
			<report>
				<misses>8854001</misses>
				<total>5</total>
				<timestamp>3272.704192</timestamp>
			</report>
			<report>
				<misses>8855001</misses>
				<total>5</total>
				<timestamp>3273.073850</timestamp>
			</report>
			<report>
				<misses>8856001</misses>
				<total>5</total>
				<timestamp>3273.443460</timestamp>
			</report>
			<report>
				<misses>8857001</misses>
				<total>5</total>
				<timestamp>3273.813088</timestamp>
			</report>
			<report>
				<misses>8858001</misses>
				<total>5</total>
				<timestamp>3274.182697</timestamp>
			</report>
			<report>
				<misses>8859001</misses>
				<total>5</total>
				<timestamp>3274.552378</timestamp>
			</report>
			<report>
				<misses>8860001</misses>
				<total>5</total>
				<timestamp>3274.921955</timestamp>
			</report>
			<report>
				<misses>8861001</misses>
				<total>5</total>
				<timestamp>3275.291593</timestamp>
			</report>
			<report>
				<misses>8862001</misses>
				<total>4</total>
				<timestamp>3275.661340</timestamp>
			</report>
			<report>
				<misses>8863001</misses>
				<total>5</total>
				<timestamp>3276.030872</timestamp>
			</report>
			<report>
				<misses>8864001</misses>
				<total>5</total>
				<timestamp>3276.400502</timestamp>
			</report>
			<report>
				<misses>8865001</misses>
				<total>5</total>
				<timestamp>3276.770125</timestamp>
			</report>
			<report>
				<misses>8866001</misses>
				<total>5</total>
				<timestamp>3277.139777</timestamp>
			</report>
			<report>
				<misses>8867001</misses>
				<total>5</total>
				<timestamp>3277.509433</timestamp>
			</report>
			<report>
				<misses>8868001</misses>
				<total>5</total>
				<timestamp>3277.879071</timestamp>
			</report>
			<report>
				<misses>8869001</misses>
				<total>5</total>
				<timestamp>3278.248715</timestamp>
			</report>
			<report>
				<misses>8870001</misses>
				<total>5</total>
				<timestamp>3278.618311</timestamp>
			</report>
			<report>
				<misses>8871001</misses>
				<total>5</total>
				<timestamp>3278.987921</timestamp>
			</report>
			<report>
				<misses>8872001</misses>
				<total>5</total>
				<timestamp>3279.357558</timestamp>
			</report>
			<report>
				<misses>8873001</misses>
				<total>4</total>
				<timestamp>3279.727250</timestamp>
			</report>
			<report>
				<misses>8874001</misses>
				<total>5</total>
				<timestamp>3280.096865</timestamp>
			</report>
			<report>
				<misses>8875001</misses>
				<total>5</total>
				<timestamp>3280.466460</timestamp>
			</report>
			<report>
				<misses>8876001</misses>
				<total>4</total>
				<timestamp>3280.836136</timestamp>
			</report>
			<report>
				<misses>8877001</misses>
				<total>5</total>
				<timestamp>3281.205681</timestamp>
			</report>
			<report>
				<misses>8878001</misses>
				<total>5</total>
				<timestamp>3281.575297</timestamp>
			</report>
			<report>
				<misses>8879001</misses>
				<total>4</total>
				<timestamp>3281.945023</timestamp>
			</report>
			<report>
				<misses>8880001</misses>
				<total>4</total>
				<timestamp>3282.314700</timestamp>
			</report>
			<report>
				<misses>8881001</misses>
				<total>4</total>
				<timestamp>3282.684305</timestamp>
			</report>
			<report>
				<misses>8882001</misses>
				<total>5</total>
				<timestamp>3283.053929</timestamp>
			</report>
			<report>
				<misses>8883001</misses>
				<total>6</total>
				<timestamp>3283.423519</timestamp>
			</report>
			<report>
				<misses>8884001</misses>
				<total>6</total>
				<timestamp>3283.793114</timestamp>
			</report>
			<report>
				<misses>8885001</misses>
				<total>6</total>
				<timestamp>3284.162766</timestamp>
			</report>
			<report>
				<misses>8886001</misses>
				<total>6</total>
				<timestamp>3284.532395</timestamp>
			</report>
			<report>
				<misses>8887001</misses>
				<total>6</total>
				<timestamp>3284.902052</timestamp>
			</report>
			<report>
				<misses>8888001</misses>
				<total>6</total>
				<timestamp>3285.271650</timestamp>
			</report>
			<report>
				<misses>8889001</misses>
				<total>6</total>
				<timestamp>3285.641271</timestamp>
			</report>
			<report>
				<misses>8890001</misses>
				<total>6</total>
				<timestamp>3286.010916</timestamp>
			</report>
			<report>
				<misses>8891001</misses>
				<total>6</total>
				<timestamp>3286.380568</timestamp>
			</report>
			<report>
				<misses>8892001</misses>
				<total>5</total>
				<timestamp>3286.750274</timestamp>
			</report>
			<report>
				<misses>8893001</misses>
				<total>6</total>
				<timestamp>3287.119758</timestamp>
			</report>
			<report>
				<misses>8894001</misses>
				<total>6</total>
				<timestamp>3287.489415</timestamp>
			</report>
			<report>
				<misses>8895001</misses>
				<total>6</total>
				<timestamp>3287.859086</timestamp>
			</report>
			<report>
				<misses>8896001</misses>
				<total>6</total>
				<timestamp>3288.228721</timestamp>
			</report>
			<report>
				<misses>8897001</misses>
				<total>6</total>
				<timestamp>3288.598290</timestamp>
			</report>
			<report>
				<misses>8898001</misses>
				<total>6</total>
				<timestamp>3288.967980</timestamp>
			</report>
			<report>
				<misses>8899001</misses>
				<total>6</total>
				<timestamp>3289.337542</timestamp>
			</report>
			<report>
				<misses>8900001</misses>
				<total>6</total>
				<timestamp>3289.707175</timestamp>
			</report>
			<report>
				<misses>8901001</misses>
				<total>5</total>
				<timestamp>3290.076891</timestamp>
			</report>
			<report>
				<misses>8902001</misses>
				<total>6</total>
				<timestamp>3290.446445</timestamp>
			</report>
			<report>
				<misses>8903001</misses>
				<total>6</total>
				<timestamp>3290.816115</timestamp>
			</report>
			<report>
				<misses>8904001</misses>
				<total>6</total>
				<timestamp>3291.185738</timestamp>
			</report>
			<report>
				<misses>8905001</misses>
				<total>6</total>
				<timestamp>3291.555353</timestamp>
			</report>
			<report>
				<misses>8906001</misses>
				<total>5</total>
				<timestamp>3291.925053</timestamp>
			</report>
			<report>
				<misses>8907001</misses>
				<total>5</total>
				<timestamp>3292.294684</timestamp>
			</report>
			<report>
				<misses>8908001</misses>
				<total>6</total>
				<timestamp>3292.664248</timestamp>
			</report>
			<report>
				<misses>8909001</misses>
				<total>6</total>
				<timestamp>3293.033878</timestamp>
			</report>
			<report>
				<misses>8910001</misses>
				<total>6</total>
				<timestamp>3293.403520</timestamp>
			</report>
			<report>
				<misses>8911001</misses>
				<total>6</total>
				<timestamp>3293.773088</timestamp>
			</report>
			<report>
				<misses>8912001</misses>
				<total>6</total>
				<timestamp>3294.142801</timestamp>
			</report>
			<report>
				<misses>8913001</misses>
				<total>6</total>
				<timestamp>3294.512426</timestamp>
			</report>
			<report>
				<misses>8914001</misses>
				<total>5</total>
				<timestamp>3294.882113</timestamp>
			</report>
			<report>
				<misses>8915001</misses>
				<total>6</total>
				<timestamp>3295.251653</timestamp>
			</report>
			<report>
				<misses>8916001</misses>
				<total>6</total>
				<timestamp>3295.621267</timestamp>
			</report>
			<report>
				<misses>8917001</misses>
				<total>6</total>
				<timestamp>3295.990870</timestamp>
			</report>
			<report>
				<misses>8918001</misses>
				<total>6</total>
				<timestamp>3296.360508</timestamp>
			</report>
			<report>
				<misses>8919001</misses>
				<total>6</total>
				<timestamp>3296.730217</timestamp>
			</report>
			<report>
				<misses>8920001</misses>
				<total>6</total>
				<timestamp>3297.099795</timestamp>
			</report>
			<report>
				<misses>8921001</misses>
				<total>6</total>
				<timestamp>3297.469446</timestamp>
			</report>
			<report>
				<misses>8922001</misses>
				<total>6</total>
				<timestamp>3297.839047</timestamp>
			</report>
			<report>
				<misses>8923001</misses>
				<total>6</total>
				<timestamp>3298.208722</timestamp>
			</report>
			<report>
				<misses>8924001</misses>
				<total>6</total>
				<timestamp>3298.578299</timestamp>
			</report>
			<report>
				<misses>8925001</misses>
				<total>6</total>
				<timestamp>3298.947909</timestamp>
			</report>
			<report>
				<misses>8926001</misses>
				<total>6</total>
				<timestamp>3299.317567</timestamp>
			</report>
			<report>
				<misses>8927001</misses>
				<total>6</total>
				<timestamp>3299.687174</timestamp>
			</report>
			<report>
				<misses>8928001</misses>
				<total>6</total>
				<timestamp>3300.056822</timestamp>
			</report>
			<report>
				<misses>8929001</misses>
				<total>6</total>
				<timestamp>3300.426516</timestamp>
			</report>
			<report>
				<misses>8930001</misses>
				<total>6</total>
				<timestamp>3300.796088</timestamp>
			</report>
			<report>
				<misses>8931001</misses>
				<total>6</total>
				<timestamp>3301.165722</timestamp>
			</report>
			<report>
				<misses>8932001</misses>
				<total>6</total>
				<timestamp>3301.535357</timestamp>
			</report>
			<report>
				<misses>8933001</misses>
				<total>6</total>
				<timestamp>3301.905023</timestamp>
			</report>
			<report>
				<misses>8934001</misses>
				<total>6</total>
				<timestamp>3302.274624</timestamp>
			</report>
			<report>
				<misses>8935001</misses>
				<total>6</total>
				<timestamp>3302.644250</timestamp>
			</report>
			<report>
				<misses>8936001</misses>
				<total>5</total>
				<timestamp>3303.013947</timestamp>
			</report>
			<report>
				<misses>8937001</misses>
				<total>6</total>
				<timestamp>3303.383479</timestamp>
			</report>
			<report>
				<misses>8938001</misses>
				<total>6</total>
				<timestamp>3303.753099</timestamp>
			</report>
			<report>
				<misses>8939001</misses>
				<total>6</total>
				<timestamp>3304.122746</timestamp>
			</report>
			<report>
				<misses>8940001</misses>
				<total>6</total>
				<timestamp>3304.492360</timestamp>
			</report>
			<report>
				<misses>8941001</misses>
				<total>6</total>
				<timestamp>3304.862036</timestamp>
			</report>
			<report>
				<misses>8942001</misses>
				<total>5</total>
				<timestamp>3305.231718</timestamp>
			</report>
			<report>
				<misses>8943001</misses>
				<total>6</total>
				<timestamp>3305.601274</timestamp>
			</report>
			<report>
				<misses>8944001</misses>
				<total>6</total>
				<timestamp>3305.970920</timestamp>
			</report>
			<report>
				<misses>8945001</misses>
				<total>6</total>
				<timestamp>3306.340536</timestamp>
			</report>
			<report>
				<misses>8946001</misses>
				<total>6</total>
				<timestamp>3306.710146</timestamp>
			</report>
			<report>
				<misses>8947001</misses>
				<total>5</total>
				<timestamp>3307.079871</timestamp>
			</report>
			<report>
				<misses>8948001</misses>
				<total>5</total>
				<timestamp>3307.449537</timestamp>
			</report>
			<report>
				<misses>8949001</misses>
				<total>6</total>
				<timestamp>3307.819134</timestamp>
			</report>
			<report>
				<misses>8950001</misses>
				<total>6</total>
				<timestamp>3308.188733</timestamp>
			</report>
			<report>
				<misses>8951001</misses>
				<total>6</total>
				<timestamp>3308.558296</timestamp>
			</report>
			<report>
				<misses>8952001</misses>
				<total>6</total>
				<timestamp>3308.927987</timestamp>
			</report>
			<report>
				<misses>8953001</misses>
				<total>6</total>
				<timestamp>3309.297656</timestamp>
			</report>
			<report>
				<misses>8954001</misses>
				<total>6</total>
				<timestamp>3309.667203</timestamp>
			</report>
			<report>
				<misses>8955001</misses>
				<total>6</total>
				<timestamp>3310.036807</timestamp>
			</report>
			<report>
				<misses>8956001</misses>
				<total>6</total>
				<timestamp>3310.406462</timestamp>
			</report>
			<report>
				<misses>8957001</misses>
				<total>6</total>
				<timestamp>3310.776159</timestamp>
			</report>
			<report>
				<misses>8958001</misses>
				<total>6</total>
				<timestamp>3311.145721</timestamp>
			</report>
			<report>
				<misses>8959001</misses>
				<total>5</total>
				<timestamp>3311.515436</timestamp>
			</report>
			<report>
				<misses>8960001</misses>
				<total>6</total>
				<timestamp>3311.884982</timestamp>
			</report>
			<report>
				<misses>8961001</misses>
				<total>6</total>
				<timestamp>3312.254680</timestamp>
			</report>
			<report>
				<misses>8962001</misses>
				<total>6</total>
				<timestamp>3312.624235</timestamp>
			</report>
			<report>
				<misses>8963001</misses>
				<total>6</total>
				<timestamp>3312.993901</timestamp>
			</report>
			<report>
				<misses>8964001</misses>
				<total>6</total>
				<timestamp>3313.363593</timestamp>
			</report>
			<report>
				<misses>8965001</misses>
				<total>6</total>
				<timestamp>3313.733132</timestamp>
			</report>
			<report>
				<misses>8966001</misses>
				<total>6</total>
				<timestamp>3314.102810</timestamp>
			</report>
			<report>
				<misses>8967001</misses>
				<total>6</total>
				<timestamp>3314.472393</timestamp>
			</report>
			<report>
				<misses>8968001</misses>
				<total>6</total>
				<timestamp>3314.842070</timestamp>
			</report>
			<report>
				<misses>8969001</misses>
				<total>6</total>
				<timestamp>3315.211657</timestamp>
			</report>
			<report>
				<misses>8970001</misses>
				<total>6</total>
				<timestamp>3315.581263</timestamp>
			</report>
			<report>
				<misses>8971001</misses>
				<total>5</total>
				<timestamp>3315.950993</timestamp>
			</report>
			<report>
				<misses>8972001</misses>
				<total>6</total>
				<timestamp>3316.320619</timestamp>
			</report>
			<report>
				<misses>8973001</misses>
				<total>6</total>
				<timestamp>3316.690227</timestamp>
			</report>
			<report>
				<misses>8974001</misses>
				<total>6</total>
				<timestamp>3317.059788</timestamp>
			</report>
			<report>
				<misses>8975001</misses>
				<total>6</total>
				<timestamp>3317.429488</timestamp>
			</report>
			<report>
				<misses>8976001</misses>
				<total>6</total>
				<timestamp>3317.799068</timestamp>
			</report>
			<report>
				<misses>8977001</misses>
				<total>6</total>
				<timestamp>3318.168717</timestamp>
			</report>
			<report>
				<misses>8978001</misses>
				<total>6</total>
				<timestamp>3318.538302</timestamp>
			</report>
			<report>
				<misses>8979001</misses>
				<total>6</total>
				<timestamp>3318.907940</timestamp>
			</report>
			<report>
				<misses>8980001</misses>
				<total>6</total>
				<timestamp>3319.277580</timestamp>
			</report>
			<report>
				<misses>8981001</misses>
				<total>6</total>
				<timestamp>3319.647186</timestamp>
			</report>
			<report>
				<misses>8982001</misses>
				<total>6</total>
				<timestamp>3320.016844</timestamp>
			</report>
			<report>
				<misses>8983001</misses>
				<total>6</total>
				<timestamp>3320.386496</timestamp>
			</report>
			<report>
				<misses>8984001</misses>
				<total>6</total>
				<timestamp>3320.756086</timestamp>
			</report>
			<report>
				<misses>8985001</misses>
				<total>6</total>
				<timestamp>3321.125746</timestamp>
			</report>
			<report>
				<misses>8986001</misses>
				<total>6</total>
				<timestamp>3321.495406</timestamp>
			</report>
			<report>
				<misses>8987001</misses>
				<total>6</total>
				<timestamp>3321.865007</timestamp>
			</report>
			<report>
				<misses>8988001</misses>
				<total>6</total>
				<timestamp>3322.234670</timestamp>
			</report>
			<report>
				<misses>8989001</misses>
				<total>6</total>
				<timestamp>3322.604278</timestamp>
			</report>
			<report>
				<misses>8990001</misses>
				<total>6</total>
				<timestamp>3322.973906</timestamp>
			</report>
			<report>
				<misses>8991001</misses>
				<total>6</total>
				<timestamp>3323.343528</timestamp>
			</report>
			<report>
				<misses>8992001</misses>
				<total>6</total>
				<timestamp>3323.713148</timestamp>
			</report>
			<report>
				<misses>8993001</misses>
				<total>6</total>
				<timestamp>3324.082808</timestamp>
			</report>
			<report>
				<misses>8994001</misses>
				<total>6</total>
				<timestamp>3324.452402</timestamp>
			</report>
			<report>
				<misses>8995001</misses>
				<total>6</total>
				<timestamp>3324.822111</timestamp>
			</report>
			<report>
				<misses>8996001</misses>
				<total>6</total>
				<timestamp>3325.191651</timestamp>
			</report>
			<report>
				<misses>8997001</misses>
				<total>6</total>
				<timestamp>3325.561377</timestamp>
			</report>
			<report>
				<misses>8998001</misses>
				<total>6</total>
				<timestamp>3325.930931</timestamp>
			</report>
			<report>
				<misses>8999001</misses>
				<total>6</total>
				<timestamp>3326.300555</timestamp>
			</report>
			<report>
				<misses>9000001</misses>
				<total>6</total>
				<timestamp>3326.670169</timestamp>
			</report>
			<report>
				<misses>9001001</misses>
				<total>6</total>
				<timestamp>3327.039848</timestamp>
			</report>
			<report>
				<misses>9002001</misses>
				<total>6</total>
				<timestamp>3327.409485</timestamp>
			</report>
			<report>
				<misses>9003001</misses>
				<total>6</total>
				<timestamp>3327.779072</timestamp>
			</report>
			<report>
				<misses>9004001</misses>
				<total>5</total>
				<timestamp>3328.148807</timestamp>
			</report>
			<report>
				<misses>9005001</misses>
				<total>6</total>
				<timestamp>3328.518354</timestamp>
			</report>
			<report>
				<misses>9006001</misses>
				<total>6</total>
				<timestamp>3328.887996</timestamp>
			</report>
			<report>
				<misses>9007001</misses>
				<total>6</total>
				<timestamp>3329.257612</timestamp>
			</report>
			<report>
				<misses>9008001</misses>
				<total>6</total>
				<timestamp>3329.627235</timestamp>
			</report>
			<report>
				<misses>9009001</misses>
				<total>5</total>
				<timestamp>3329.996954</timestamp>
			</report>
			<report>
				<misses>9010001</misses>
				<total>6</total>
				<timestamp>3330.366518</timestamp>
			</report>
			<report>
				<misses>9011001</misses>
				<total>6</total>
				<timestamp>3330.736119</timestamp>
			</report>
			<report>
				<misses>9012001</misses>
				<total>6</total>
				<timestamp>3331.105718</timestamp>
			</report>
			<report>
				<misses>9013001</misses>
				<total>6</total>
				<timestamp>3331.475389</timestamp>
			</report>
			<report>
				<misses>9014001</misses>
				<total>6</total>
				<timestamp>3331.845044</timestamp>
			</report>
			<report>
				<misses>9015001</misses>
				<total>6</total>
				<timestamp>3332.214655</timestamp>
			</report>
			<report>
				<misses>9016001</misses>
				<total>6</total>
				<timestamp>3332.584310</timestamp>
			</report>
			<report>
				<misses>9017001</misses>
				<total>6</total>
				<timestamp>3332.953923</timestamp>
			</report>
			<report>
				<misses>9018001</misses>
				<total>6</total>
				<timestamp>3333.323613</timestamp>
			</report>
			<report>
				<misses>9019001</misses>
				<total>6</total>
				<timestamp>3333.693148</timestamp>
			</report>
			<report>
				<misses>9020001</misses>
				<total>6</total>
				<timestamp>3334.062763</timestamp>
			</report>
			<report>
				<misses>9021001</misses>
				<total>6</total>
				<timestamp>3334.432481</timestamp>
			</report>
			<report>
				<misses>9022001</misses>
				<total>6</total>
				<timestamp>3334.802049</timestamp>
			</report>
			<report>
				<misses>9023001</misses>
				<total>6</total>
				<timestamp>3335.171698</timestamp>
			</report>
			<report>
				<misses>9024001</misses>
				<total>6</total>
				<timestamp>3335.541319</timestamp>
			</report>
			<report>
				<misses>9025001</misses>
				<total>6</total>
				<timestamp>3335.910974</timestamp>
			</report>
			<report>
				<misses>9026001</misses>
				<total>6</total>
				<timestamp>3336.280581</timestamp>
			</report>
			<report>
				<misses>9027001</misses>
				<total>6</total>
				<timestamp>3336.650214</timestamp>
			</report>
			<report>
				<misses>9028001</misses>
				<total>6</total>
				<timestamp>3337.019865</timestamp>
			</report>
			<report>
				<misses>9029001</misses>
				<total>6</total>
				<timestamp>3337.389498</timestamp>
			</report>
			<report>
				<misses>9030001</misses>
				<total>5</total>
				<timestamp>3337.759157</timestamp>
			</report>
			<report>
				<misses>9031001</misses>
				<total>6</total>
				<timestamp>3338.128704</timestamp>
			</report>
			<report>
				<misses>9032001</misses>
				<total>6</total>
				<timestamp>3338.498380</timestamp>
			</report>
			<report>
				<misses>9033001</misses>
				<total>6</total>
				<timestamp>3338.868036</timestamp>
			</report>
			<report>
				<misses>9034001</misses>
				<total>6</total>
				<timestamp>3339.237618</timestamp>
			</report>
			<report>
				<misses>9035001</misses>
				<total>6</total>
				<timestamp>3339.607230</timestamp>
			</report>
			<report>
				<misses>9036001</misses>
				<total>6</total>
				<timestamp>3339.976847</timestamp>
			</report>
			<report>
				<misses>9037001</misses>
				<total>6</total>
				<timestamp>3340.346547</timestamp>
			</report>
			<report>
				<misses>9038001</misses>
				<total>6</total>
				<timestamp>3340.716141</timestamp>
			</report>
			<report>
				<misses>9039001</misses>
				<total>6</total>
				<timestamp>3341.085807</timestamp>
			</report>
			<report>
				<misses>9040001</misses>
				<total>6</total>
				<timestamp>3341.455396</timestamp>
			</report>
			<report>
				<misses>9041001</misses>
				<total>6</total>
				<timestamp>3341.825031</timestamp>
			</report>
			<report>
				<misses>9042001</misses>
				<total>6</total>
				<timestamp>3342.194686</timestamp>
			</report>
			<report>
				<misses>9043001</misses>
				<total>6</total>
				<timestamp>3342.564340</timestamp>
			</report>
			<report>
				<misses>9044001</misses>
				<total>6</total>
				<timestamp>3342.933916</timestamp>
			</report>
			<report>
				<misses>9045001</misses>
				<total>6</total>
				<timestamp>3343.303516</timestamp>
			</report>
			<report>
				<misses>9046001</misses>
				<total>6</total>
				<timestamp>3343.673174</timestamp>
			</report>
			<report>
				<misses>9047001</misses>
				<total>6</total>
				<timestamp>3344.042773</timestamp>
			</report>
			<report>
				<misses>9048001</misses>
				<total>6</total>
				<timestamp>3344.412417</timestamp>
			</report>
			<report>
				<misses>9049001</misses>
				<total>6</total>
				<timestamp>3344.782118</timestamp>
			</report>
			<report>
				<misses>9050001</misses>
				<total>6</total>
				<timestamp>3345.151688</timestamp>
			</report>
			<report>
				<misses>9051001</misses>
				<total>6</total>
				<timestamp>3345.521360</timestamp>
			</report>
			<report>
				<misses>9052001</misses>
				<total>5</total>
				<timestamp>3345.891073</timestamp>
			</report>
			<report>
				<misses>9053001</misses>
				<total>6</total>
				<timestamp>3346.260572</timestamp>
			</report>
			<report>
				<misses>9054001</misses>
				<total>6</total>
				<timestamp>3346.630260</timestamp>
			</report>
			<report>
				<misses>9055001</misses>
				<total>6</total>
				<timestamp>3346.999830</timestamp>
			</report>
			<report>
				<misses>9056001</misses>
				<total>6</total>
				<timestamp>3347.369505</timestamp>
			</report>
			<report>
				<misses>9057001</misses>
				<total>6</total>
				<timestamp>3347.739102</timestamp>
			</report>
			<report>
				<misses>9058001</misses>
				<total>6</total>
				<timestamp>3348.108708</timestamp>
			</report>
			<report>
				<misses>9059001</misses>
				<total>6</total>
				<timestamp>3348.478357</timestamp>
			</report>
			<report>
				<misses>9060001</misses>
				<total>6</total>
				<timestamp>3348.847987</timestamp>
			</report>
			<report>
				<misses>9061001</misses>
				<total>6</total>
				<timestamp>3349.217617</timestamp>
			</report>
			<report>
				<misses>9062001</misses>
				<total>6</total>
				<timestamp>3349.587224</timestamp>
			</report>
			<report>
				<misses>9063001</misses>
				<total>6</total>
				<timestamp>3349.956896</timestamp>
			</report>
			<report>
				<misses>9064001</misses>
				<total>6</total>
				<timestamp>3350.326497</timestamp>
			</report>
			<report>
				<misses>9065001</misses>
				<total>6</total>
				<timestamp>3350.696191</timestamp>
			</report>
			<report>
				<misses>9066001</misses>
				<total>6</total>
				<timestamp>3351.065816</timestamp>
			</report>
			<report>
				<misses>9067001</misses>
				<total>6</total>
				<timestamp>3351.435440</timestamp>
			</report>
			<report>
				<misses>9068001</misses>
				<total>6</total>
				<timestamp>3351.805086</timestamp>
			</report>
			<report>
				<misses>9069001</misses>
				<total>6</total>
				<timestamp>3352.174667</timestamp>
			</report>
			<report>
				<misses>9070001</misses>
				<total>5</total>
				<timestamp>3352.544387</timestamp>
			</report>
			<report>
				<misses>9071001</misses>
				<total>5</total>
				<timestamp>3352.914016</timestamp>
			</report>
			<report>
				<misses>9072001</misses>
				<total>6</total>
				<timestamp>3353.283551</timestamp>
			</report>
			<report>
				<misses>9073001</misses>
				<total>6</total>
				<timestamp>3353.653174</timestamp>
			</report>
			<report>
				<misses>9074001</misses>
				<total>5</total>
				<timestamp>3354.022924</timestamp>
			</report>
			<report>
				<misses>9075001</misses>
				<total>6</total>
				<timestamp>3354.392436</timestamp>
			</report>
			<report>
				<misses>9076001</misses>
				<total>6</total>
				<timestamp>3354.762039</timestamp>
			</report>
			<report>
				<misses>9077001</misses>
				<total>6</total>
				<timestamp>3355.131673</timestamp>
			</report>
			<report>
				<misses>9078001</misses>
				<total>6</total>
				<timestamp>3355.501368</timestamp>
			</report>
			<report>
				<misses>9079001</misses>
				<total>5</total>
				<timestamp>3355.871033</timestamp>
			</report>
			<report>
				<misses>9080001</misses>
				<total>6</total>
				<timestamp>3356.240613</timestamp>
			</report>
			<report>
				<misses>9081001</misses>
				<total>6</total>
				<timestamp>3356.610186</timestamp>
			</report>
			<report>
				<misses>9082001</misses>
				<total>6</total>
				<timestamp>3356.979882</timestamp>
			</report>
			<report>
				<misses>9083001</misses>
				<total>6</total>
				<timestamp>3357.349480</timestamp>
			</report>
			<report>
				<misses>9084001</misses>
				<total>6</total>
				<timestamp>3357.719086</timestamp>
			</report>
			<report>
				<misses>9085001</misses>
				<total>6</total>
				<timestamp>3358.088745</timestamp>
			</report>
			<report>
				<misses>9086001</misses>
				<total>6</total>
				<timestamp>3358.458430</timestamp>
			</report>
			<report>
				<misses>9087001</misses>
				<total>6</total>
				<timestamp>3358.827974</timestamp>
			</report>
			<report>
				<misses>9088001</misses>
				<total>6</total>
				<timestamp>3359.197611</timestamp>
			</report>
			<report>
				<misses>9089001</misses>
				<total>6</total>
				<timestamp>3359.567273</timestamp>
			</report>
			<report>
				<misses>9090001</misses>
				<total>6</total>
				<timestamp>3359.936875</timestamp>
			</report>
			<report>
				<misses>9091001</misses>
				<total>6</total>
				<timestamp>3360.306556</timestamp>
			</report>
			<report>
				<misses>9092001</misses>
				<total>6</total>
				<timestamp>3360.676200</timestamp>
			</report>
			<report>
				<misses>9093001</misses>
				<total>6</total>
				<timestamp>3361.045791</timestamp>
			</report>
			<report>
				<misses>9094001</misses>
				<total>6</total>
				<timestamp>3361.415403</timestamp>
			</report>
			<report>
				<misses>9095001</misses>
				<total>6</total>
				<timestamp>3361.785078</timestamp>
			</report>
			<report>
				<misses>9096001</misses>
				<total>6</total>
				<timestamp>3362.154681</timestamp>
			</report>
			<report>
				<misses>9097001</misses>
				<total>5</total>
				<timestamp>3362.524398</timestamp>
			</report>
			<report>
				<misses>9098001</misses>
				<total>6</total>
				<timestamp>3362.893949</timestamp>
			</report>
			<report>
				<misses>9099001</misses>
				<total>6</total>
				<timestamp>3363.263536</timestamp>
			</report>
			<report>
				<misses>9100001</misses>
				<total>5</total>
				<timestamp>3363.633310</timestamp>
			</report>
			<report>
				<misses>9101001</misses>
				<total>6</total>
				<timestamp>3364.002889</timestamp>
			</report>
			<report>
				<misses>9102001</misses>
				<total>6</total>
				<timestamp>3364.372496</timestamp>
			</report>
			<report>
				<misses>9103001</misses>
				<total>6</total>
				<timestamp>3364.742086</timestamp>
			</report>
			<report>
				<misses>9104001</misses>
				<total>6</total>
				<timestamp>3365.111704</timestamp>
			</report>
			<report>
				<misses>9105001</misses>
				<total>5</total>
				<timestamp>3365.481413</timestamp>
			</report>
			<report>
				<misses>9106001</misses>
				<total>6</total>
				<timestamp>3365.850969</timestamp>
			</report>
			<report>
				<misses>9107001</misses>
				<total>6</total>
				<timestamp>3366.220579</timestamp>
			</report>
			<report>
				<misses>9108001</misses>
				<total>5</total>
				<timestamp>3366.590310</timestamp>
			</report>
			<report>
				<misses>9109001</misses>
				<total>6</total>
				<timestamp>3366.959833</timestamp>
			</report>
			<report>
				<misses>9110001</misses>
				<total>6</total>
				<timestamp>3367.329467</timestamp>
			</report>
			<report>
				<misses>9111001</misses>
				<total>6</total>
				<timestamp>3367.699236</timestamp>
			</report>
			<report>
				<misses>9112001</misses>
				<total>6</total>
				<timestamp>3368.068763</timestamp>
			</report>
			<report>
				<misses>9113001</misses>
				<total>6</total>
				<timestamp>3368.438405</timestamp>
			</report>
			<report>
				<misses>9114001</misses>
				<total>6</total>
				<timestamp>3368.808057</timestamp>
			</report>
			<report>
				<misses>9115001</misses>
				<total>5</total>
				<timestamp>3369.177718</timestamp>
			</report>
			<report>
				<misses>9116001</misses>
				<total>6</total>
				<timestamp>3369.547313</timestamp>
			</report>
			<report>
				<misses>9117001</misses>
				<total>6</total>
				<timestamp>3369.916922</timestamp>
			</report>
			<report>
				<misses>9118001</misses>
				<total>5</total>
				<timestamp>3370.286624</timestamp>
			</report>
			<report>
				<misses>9119001</misses>
				<total>6</total>
				<timestamp>3370.656221</timestamp>
			</report>
			<report>
				<misses>9120001</misses>
				<total>6</total>
				<timestamp>3371.025856</timestamp>
			</report>
			<report>
				<misses>9121001</misses>
				<total>6</total>
				<timestamp>3371.395387</timestamp>
			</report>
			<report>
				<misses>9122001</misses>
				<total>6</total>
				<timestamp>3371.765061</timestamp>
			</report>
			<report>
				<misses>9123001</misses>
				<total>6</total>
				<timestamp>3372.134657</timestamp>
			</report>
			<report>
				<misses>9124001</misses>
				<total>6</total>
				<timestamp>3372.504283</timestamp>
			</report>
			<report>
				<misses>9125001</misses>
				<total>5</total>
				<timestamp>3372.874013</timestamp>
			</report>
			<report>
				<misses>9126001</misses>
				<total>6</total>
				<timestamp>3373.243560</timestamp>
			</report>
			<report>
				<misses>9127001</misses>
				<total>6</total>
				<timestamp>3373.613253</timestamp>
			</report>
			<report>
				<misses>9128001</misses>
				<total>6</total>
				<timestamp>3373.982849</timestamp>
			</report>
			<report>
				<misses>9129001</misses>
				<total>6</total>
				<timestamp>3374.352438</timestamp>
			</report>
			<report>
				<misses>9130001</misses>
				<total>6</total>
				<timestamp>3374.722080</timestamp>
			</report>
			<report>
				<misses>9131001</misses>
				<total>6</total>
				<timestamp>3375.091778</timestamp>
			</report>
			<report>
				<misses>9132001</misses>
				<total>6</total>
				<timestamp>3375.461388</timestamp>
			</report>
			<report>
				<misses>9133001</misses>
				<total>6</total>
				<timestamp>3375.830968</timestamp>
			</report>
			<report>
				<misses>9134001</misses>
				<total>6</total>
				<timestamp>3376.200601</timestamp>
			</report>
			<report>
				<misses>9135001</misses>
				<total>6</total>
				<timestamp>3376.570244</timestamp>
			</report>
			<report>
				<misses>9136001</misses>
				<total>6</total>
				<timestamp>3376.939867</timestamp>
			</report>
			<report>
				<misses>9137001</misses>
				<total>6</total>
				<timestamp>3377.309527</timestamp>
			</report>
			<report>
				<misses>9138001</misses>
				<total>6</total>
				<timestamp>3377.679111</timestamp>
			</report>
			<report>
				<misses>9139001</misses>
				<total>6</total>
				<timestamp>3378.048739</timestamp>
			</report>
			<report>
				<misses>9140001</misses>
				<total>6</total>
				<timestamp>3378.418418</timestamp>
			</report>
			<report>
				<misses>9141001</misses>
				<total>6</total>
				<timestamp>3378.788023</timestamp>
			</report>
			<report>
				<misses>9142001</misses>
				<total>6</total>
				<timestamp>3379.157643</timestamp>
			</report>
			<report>
				<misses>9143001</misses>
				<total>6</total>
				<timestamp>3379.527280</timestamp>
			</report>
			<report>
				<misses>9144001</misses>
				<total>6</total>
				<timestamp>3379.896921</timestamp>
			</report>
			<report>
				<misses>9145001</misses>
				<total>6</total>
				<timestamp>3380.266525</timestamp>
			</report>
			<report>
				<misses>9146001</misses>
				<total>6</total>
				<timestamp>3380.636191</timestamp>
			</report>
			<report>
				<misses>9147001</misses>
				<total>6</total>
				<timestamp>3381.005784</timestamp>
			</report>
			<report>
				<misses>9148001</misses>
				<total>5</total>
				<timestamp>3381.375505</timestamp>
			</report>
			<report>
				<misses>9149001</misses>
				<total>6</total>
				<timestamp>3381.745084</timestamp>
			</report>
			<report>
				<misses>9150001</misses>
				<total>6</total>
				<timestamp>3382.114725</timestamp>
			</report>
			<report>
				<misses>9151001</misses>
				<total>6</total>
				<timestamp>3382.484385</timestamp>
			</report>
			<report>
				<misses>9152001</misses>
				<total>6</total>
				<timestamp>3382.853940</timestamp>
			</report>
			<report>
				<misses>9153001</misses>
				<total>6</total>
				<timestamp>3383.223562</timestamp>
			</report>
			<report>
				<misses>9154001</misses>
				<total>6</total>
				<timestamp>3383.593201</timestamp>
			</report>
			<report>
				<misses>9155001</misses>
				<total>6</total>
				<timestamp>3383.962850</timestamp>
			</report>
			<report>
				<misses>9156001</misses>
				<total>6</total>
				<timestamp>3384.332441</timestamp>
			</report>
			<report>
				<misses>9157001</misses>
				<total>6</total>
				<timestamp>3384.702089</timestamp>
			</report>
			<report>
				<misses>9158001</misses>
				<total>6</total>
				<timestamp>3385.071784</timestamp>
			</report>
			<report>
				<misses>9159001</misses>
				<total>6</total>
				<timestamp>3385.441395</timestamp>
			</report>
			<report>
				<misses>9160001</misses>
				<total>5</total>
				<timestamp>3385.811096</timestamp>
			</report>
			<report>
				<misses>9161001</misses>
				<total>6</total>
				<timestamp>3386.180665</timestamp>
			</report>
			<report>
				<misses>9162001</misses>
				<total>6</total>
				<timestamp>3386.550273</timestamp>
			</report>
			<report>
				<misses>9163001</misses>
				<total>6</total>
				<timestamp>3386.919849</timestamp>
			</report>
			<report>
				<misses>9164001</misses>
				<total>6</total>
				<timestamp>3387.289497</timestamp>
			</report>
			<report>
				<misses>9165001</misses>
				<total>6</total>
				<timestamp>3387.659228</timestamp>
			</report>
			<report>
				<misses>9166001</misses>
				<total>6</total>
				<timestamp>3388.028766</timestamp>
			</report>
			<report>
				<misses>9167001</misses>
				<total>6</total>
				<timestamp>3388.398415</timestamp>
			</report>
			<report>
				<misses>9168001</misses>
				<total>6</total>
				<timestamp>3388.768051</timestamp>
			</report>
			<report>
				<misses>9169001</misses>
				<total>6</total>
				<timestamp>3389.137631</timestamp>
			</report>
			<report>
				<misses>9170001</misses>
				<total>6</total>
				<timestamp>3389.507270</timestamp>
			</report>
			<report>
				<misses>9171001</misses>
				<total>6</total>
				<timestamp>3389.876938</timestamp>
			</report>
			<report>
				<misses>9172001</misses>
				<total>6</total>
				<timestamp>3390.246560</timestamp>
			</report>
			<report>
				<misses>9173001</misses>
				<total>6</total>
				<timestamp>3390.616192</timestamp>
			</report>
			<report>
				<misses>9174001</misses>
				<total>6</total>
				<timestamp>3390.985779</timestamp>
			</report>
			<report>
				<misses>9175001</misses>
				<total>6</total>
				<timestamp>3391.355443</timestamp>
			</report>
			<report>
				<misses>9176001</misses>
				<total>6</total>
				<timestamp>3391.725114</timestamp>
			</report>
			<report>
				<misses>9177001</misses>
				<total>6</total>
				<timestamp>3392.094685</timestamp>
			</report>
			<report>
				<misses>9178001</misses>
				<total>6</total>
				<timestamp>3392.464312</timestamp>
			</report>
			<report>
				<misses>9179001</misses>
				<total>6</total>
				<timestamp>3392.833996</timestamp>
			</report>
			<report>
				<misses>9180001</misses>
				<total>6</total>
				<timestamp>3393.203620</timestamp>
			</report>
			<report>
				<misses>9181001</misses>
				<total>6</total>
				<timestamp>3393.573243</timestamp>
			</report>
			<report>
				<misses>9182001</misses>
				<total>6</total>
				<timestamp>3393.942902</timestamp>
			</report>
			<report>
				<misses>9183001</misses>
				<total>6</total>
				<timestamp>3394.312515</timestamp>
			</report>
			<report>
				<misses>9184001</misses>
				<total>6</total>
				<timestamp>3394.682128</timestamp>
			</report>
			<report>
				<misses>9185001</misses>
				<total>6</total>
				<timestamp>3395.051708</timestamp>
			</report>
			<report>
				<misses>9186001</misses>
				<total>6</total>
				<timestamp>3395.421409</timestamp>
			</report>
			<report>
				<misses>9187001</misses>
				<total>6</total>
				<timestamp>3395.791022</timestamp>
			</report>
			<report>
				<misses>9188001</misses>
				<total>6</total>
				<timestamp>3396.160684</timestamp>
			</report>
			<report>
				<misses>9189001</misses>
				<total>6</total>
				<timestamp>3396.530270</timestamp>
			</report>
			<report>
				<misses>9190001</misses>
				<total>6</total>
				<timestamp>3396.899867</timestamp>
			</report>
			<report>
				<misses>9191001</misses>
				<total>5</total>
				<timestamp>3397.269595</timestamp>
			</report>
			<report>
				<misses>9192001</misses>
				<total>6</total>
				<timestamp>3397.639202</timestamp>
			</report>
			<report>
				<misses>9193001</misses>
				<total>6</total>
				<timestamp>3398.008757</timestamp>
			</report>
			<report>
				<misses>9194001</misses>
				<total>6</total>
				<timestamp>3398.378436</timestamp>
			</report>
			<report>
				<misses>9195001</misses>
				<total>6</total>
				<timestamp>3398.748046</timestamp>
			</report>
			<report>
				<misses>9196001</misses>
				<total>6</total>
				<timestamp>3399.117684</timestamp>
			</report>
			<report>
				<misses>9197001</misses>
				<total>6</total>
				<timestamp>3399.487282</timestamp>
			</report>
			<report>
				<misses>9198001</misses>
				<total>6</total>
				<timestamp>3399.856928</timestamp>
			</report>
			<report>
				<misses>9199001</misses>
				<total>6</total>
				<timestamp>3400.226557</timestamp>
			</report>
			<report>
				<misses>9200001</misses>
				<total>6</total>
				<timestamp>3400.596219</timestamp>
			</report>
			<report>
				<misses>9201001</misses>
				<total>5</total>
				<timestamp>3400.965932</timestamp>
			</report>
			<report>
				<misses>9202001</misses>
				<total>6</total>
				<timestamp>3401.335460</timestamp>
			</report>
			<report>
				<misses>9203001</misses>
				<total>6</total>
				<timestamp>3401.705080</timestamp>
			</report>
			<report>
				<misses>9204001</misses>
				<total>6</total>
				<timestamp>3402.074696</timestamp>
			</report>
			<report>
				<misses>9205001</misses>
				<total>6</total>
				<timestamp>3402.444324</timestamp>
			</report>
			<report>
				<misses>9206001</misses>
				<total>6</total>
				<timestamp>3402.814021</timestamp>
			</report>
			<report>
				<misses>9207001</misses>
				<total>6</total>
				<timestamp>3403.183620</timestamp>
			</report>
			<report>
				<misses>9208001</misses>
				<total>6</total>
				<timestamp>3403.553212</timestamp>
			</report>
			<report>
				<misses>9209001</misses>
				<total>6</total>
				<timestamp>3403.922836</timestamp>
			</report>
			<report>
				<misses>9210001</misses>
				<total>6</total>
				<timestamp>3404.292471</timestamp>
			</report>
			<report>
				<misses>9211001</misses>
				<total>6</total>
				<timestamp>3404.662162</timestamp>
			</report>
			<report>
				<misses>9212001</misses>
				<total>6</total>
				<timestamp>3405.031772</timestamp>
			</report>
			<report>
				<misses>9213001</misses>
				<total>6</total>
				<timestamp>3405.401389</timestamp>
			</report>
			<report>
				<misses>9214001</misses>
				<total>5</total>
				<timestamp>3405.771121</timestamp>
			</report>
			<report>
				<misses>9215001</misses>
				<total>6</total>
				<timestamp>3406.140612</timestamp>
			</report>
			<report>
				<misses>9216001</misses>
				<total>6</total>
				<timestamp>3406.510255</timestamp>
			</report>
			<report>
				<misses>9217001</misses>
				<total>6</total>
				<timestamp>3406.879909</timestamp>
			</report>
			<report>
				<misses>9218001</misses>
				<total>6</total>
				<timestamp>3407.249495</timestamp>
			</report>
			<report>
				<misses>9219001</misses>
				<total>5</total>
				<timestamp>3407.619266</timestamp>
			</report>
			<report>
				<misses>9220001</misses>
				<total>6</total>
				<timestamp>3407.988773</timestamp>
			</report>
			<report>
				<misses>9221001</misses>
				<total>5</total>
				<timestamp>3408.358517</timestamp>
			</report>
			<report>
				<misses>9222001</misses>
				<total>6</total>
				<timestamp>3408.728054</timestamp>
			</report>
			<report>
				<misses>9223001</misses>
				<total>6</total>
				<timestamp>3409.097718</timestamp>
			</report>
			<report>
				<misses>9224001</misses>
				<total>6</total>
				<timestamp>3409.467274</timestamp>
			</report>
			<report>
				<misses>9225001</misses>
				<total>6</total>
				<timestamp>3409.836944</timestamp>
			</report>
			<report>
				<misses>9226001</misses>
				<total>6</total>
				<timestamp>3410.206624</timestamp>
			</report>
			<report>
				<misses>9227001</misses>
				<total>5</total>
				<timestamp>3410.576279</timestamp>
			</report>
			<report>
				<misses>9228001</misses>
				<total>6</total>
				<timestamp>3410.945891</timestamp>
			</report>
			<report>
				<misses>9229001</misses>
				<total>6</total>
				<timestamp>3411.315463</timestamp>
			</report>
			<report>
				<misses>9230001</misses>
				<total>6</total>
				<timestamp>3411.685090</timestamp>
			</report>
			<report>
				<misses>9231001</misses>
				<total>6</total>
				<timestamp>3412.054713</timestamp>
			</report>
			<report>
				<misses>9232001</misses>
				<total>6</total>
				<timestamp>3412.424345</timestamp>
			</report>
			<report>
				<misses>9233001</misses>
				<total>6</total>
				<timestamp>3412.794002</timestamp>
			</report>
			<report>
				<misses>9234001</misses>
				<total>6</total>
				<timestamp>3413.163643</timestamp>
			</report>
			<report>
				<misses>9235001</misses>
				<total>5</total>
				<timestamp>3413.533374</timestamp>
			</report>
			<report>
				<misses>9236001</misses>
				<total>6</total>
				<timestamp>3413.902864</timestamp>
			</report>
			<report>
				<misses>9237001</misses>
				<total>6</total>
				<timestamp>3414.272553</timestamp>
			</report>
			<report>
				<misses>9238001</misses>
				<total>5</total>
				<timestamp>3414.642248</timestamp>
			</report>
			<report>
				<misses>9239001</misses>
				<total>6</total>
				<timestamp>3415.011794</timestamp>
			</report>
			<report>
				<misses>9240001</misses>
				<total>6</total>
				<timestamp>3415.381362</timestamp>
			</report>
			<report>
				<misses>9241001</misses>
				<total>6</total>
				<timestamp>3415.751064</timestamp>
			</report>
			<report>
				<misses>9242001</misses>
				<total>6</total>
				<timestamp>3416.120625</timestamp>
			</report>
			<report>
				<misses>9243001</misses>
				<total>6</total>
				<timestamp>3416.490275</timestamp>
			</report>
			<report>
				<misses>9244001</misses>
				<total>6</total>
				<timestamp>3416.859932</timestamp>
			</report>
			<report>
				<misses>9245001</misses>
				<total>6</total>
				<timestamp>3417.229529</timestamp>
			</report>
			<report>
				<misses>9246001</misses>
				<total>6</total>
				<timestamp>3417.599151</timestamp>
			</report>
			<report>
				<misses>9247001</misses>
				<total>6</total>
				<timestamp>3417.968782</timestamp>
			</report>
			<report>
				<misses>9248001</misses>
				<total>6</total>
				<timestamp>3418.338410</timestamp>
			</report>
			<report>
				<misses>9249001</misses>
				<total>6</total>
				<timestamp>3418.708050</timestamp>
			</report>
			<report>
				<misses>9250001</misses>
				<total>6</total>
				<timestamp>3419.077703</timestamp>
			</report>
			<report>
				<misses>9251001</misses>
				<total>6</total>
				<timestamp>3419.447297</timestamp>
			</report>
			<report>
				<misses>9252001</misses>
				<total>6</total>
				<timestamp>3419.816930</timestamp>
			</report>
			<report>
				<misses>9253001</misses>
				<total>6</total>
				<timestamp>3420.186578</timestamp>
			</report>
			<report>
				<misses>9254001</misses>
				<total>5</total>
				<timestamp>3420.556281</timestamp>
			</report>
			<report>
				<misses>9255001</misses>
				<total>6</total>
				<timestamp>3420.925866</timestamp>
			</report>
			<report>
				<misses>9256001</misses>
				<total>6</total>
				<timestamp>3421.295458</timestamp>
			</report>
			<report>
				<misses>9257001</misses>
				<total>6</total>
				<timestamp>3421.665089</timestamp>
			</report>
			<report>
				<misses>9258001</misses>
				<total>6</total>
				<timestamp>3422.034749</timestamp>
			</report>
			<report>
				<misses>9259001</misses>
				<total>6</total>
				<timestamp>3422.404398</timestamp>
			</report>
			<report>
				<misses>9260001</misses>
				<total>6</total>
				<timestamp>3422.774028</timestamp>
			</report>
			<report>
				<misses>9261001</misses>
				<total>6</total>
				<timestamp>3423.143588</timestamp>
			</report>
			<report>
				<misses>9262001</misses>
				<total>6</total>
				<timestamp>3423.513270</timestamp>
			</report>
			<report>
				<misses>9263001</misses>
				<total>5</total>
				<timestamp>3423.882993</timestamp>
			</report>
			<report>
				<misses>9264001</misses>
				<total>5</total>
				<timestamp>3424.252581</timestamp>
			</report>
			<report>
				<misses>9265001</misses>
				<total>6</total>
				<timestamp>3424.622134</timestamp>
			</report>
			<report>
				<misses>9266001</misses>
				<total>6</total>
				<timestamp>3424.991762</timestamp>
			</report>
			<report>
				<misses>9267001</misses>
				<total>6</total>
				<timestamp>3425.361414</timestamp>
			</report>
			<report>
				<misses>9268001</misses>
				<total>6</total>
				<timestamp>3425.731047</timestamp>
			</report>
			<report>
				<misses>9269001</misses>
				<total>6</total>
				<timestamp>3426.100640</timestamp>
			</report>
			<report>
				<misses>9270001</misses>
				<total>6</total>
				<timestamp>3426.470259</timestamp>
			</report>
			<report>
				<misses>9271001</misses>
				<total>6</total>
				<timestamp>3426.839908</timestamp>
			</report>
			<report>
				<misses>9272001</misses>
				<total>6</total>
				<timestamp>3427.209549</timestamp>
			</report>
			<report>
				<misses>9273001</misses>
				<total>5</total>
				<timestamp>3427.579270</timestamp>
			</report>
			<report>
				<misses>9274001</misses>
				<total>6</total>
				<timestamp>3427.948848</timestamp>
			</report>
			<report>
				<misses>9275001</misses>
				<total>6</total>
				<timestamp>3428.318424</timestamp>
			</report>
			<report>
				<misses>9276001</misses>
				<total>6</total>
				<timestamp>3428.688115</timestamp>
			</report>
			<report>
				<misses>9277001</misses>
				<total>5</total>
				<timestamp>3429.057773</timestamp>
			</report>
			<report>
				<misses>9278001</misses>
				<total>5</total>
				<timestamp>3429.427410</timestamp>
			</report>
			<report>
				<misses>9279001</misses>
				<total>6</total>
				<timestamp>3429.796972</timestamp>
			</report>
			<report>
				<misses>9280001</misses>
				<total>5</total>
				<timestamp>3430.166653</timestamp>
			</report>
			<report>
				<misses>9281001</misses>
				<total>6</total>
				<timestamp>3430.536191</timestamp>
			</report>
			<report>
				<misses>9282001</misses>
				<total>6</total>
				<timestamp>3430.905859</timestamp>
			</report>
			<report>
				<misses>9283001</misses>
				<total>6</total>
				<timestamp>3431.275446</timestamp>
			</report>
			<report>
				<misses>9284001</misses>
				<total>6</total>
				<timestamp>3431.645102</timestamp>
			</report>
			<report>
				<misses>9285001</misses>
				<total>6</total>
				<timestamp>3432.014710</timestamp>
			</report>
			<report>
				<misses>9286001</misses>
				<total>6</total>
				<timestamp>3432.384338</timestamp>
			</report>
			<report>
				<misses>9287001</misses>
				<total>6</total>
				<timestamp>3432.754066</timestamp>
			</report>
			<report>
				<misses>9288001</misses>
				<total>5</total>
				<timestamp>3433.123711</timestamp>
			</report>
			<report>
				<misses>9289001</misses>
				<total>5</total>
				<timestamp>3433.493355</timestamp>
			</report>
			<report>
				<misses>9290001</misses>
				<total>6</total>
				<timestamp>3433.862894</timestamp>
			</report>
			<report>
				<misses>9291001</misses>
				<total>6</total>
				<timestamp>3434.232513</timestamp>
			</report>
			<report>
				<misses>9292001</misses>
				<total>6</total>
				<timestamp>3434.602146</timestamp>
			</report>
			<report>
				<misses>9293001</misses>
				<total>6</total>
				<timestamp>3434.971772</timestamp>
			</report>
			<report>
				<misses>9294001</misses>
				<total>6</total>
				<timestamp>3435.341432</timestamp>
			</report>
			<report>
				<misses>9295001</misses>
				<total>6</total>
				<timestamp>3435.711091</timestamp>
			</report>
			<report>
				<misses>9296001</misses>
				<total>6</total>
				<timestamp>3436.080697</timestamp>
			</report>
			<report>
				<misses>9297001</misses>
				<total>6</total>
				<timestamp>3436.450314</timestamp>
			</report>
			<report>
				<misses>9298001</misses>
				<total>6</total>
				<timestamp>3436.819970</timestamp>
			</report>
			<report>
				<misses>9299001</misses>
				<total>6</total>
				<timestamp>3437.189595</timestamp>
			</report>
			<report>
				<misses>9300001</misses>
				<total>6</total>
				<timestamp>3437.559243</timestamp>
			</report>
			<report>
				<misses>9301001</misses>
				<total>6</total>
				<timestamp>3437.928836</timestamp>
			</report>
			<report>
				<misses>9302001</misses>
				<total>5</total>
				<timestamp>3438.298547</timestamp>
			</report>
			<report>
				<misses>9303001</misses>
				<total>5</total>
				<timestamp>3438.668150</timestamp>
			</report>
			<report>
				<misses>9304001</misses>
				<total>6</total>
				<timestamp>3439.037790</timestamp>
			</report>
			<report>
				<misses>9305001</misses>
				<total>6</total>
				<timestamp>3439.407328</timestamp>
			</report>
			<report>
				<misses>9306001</misses>
				<total>5</total>
				<timestamp>3439.777081</timestamp>
			</report>
			<report>
				<misses>9307001</misses>
				<total>6</total>
				<timestamp>3440.146672</timestamp>
			</report>
			<report>
				<misses>9308001</misses>
				<total>6</total>
				<timestamp>3440.516209</timestamp>
			</report>
			<report>
				<misses>9309001</misses>
				<total>6</total>
				<timestamp>3440.885856</timestamp>
			</report>
			<report>
				<misses>9310001</misses>
				<total>6</total>
				<timestamp>3441.255466</timestamp>
			</report>
			<report>
				<misses>9311001</misses>
				<total>6</total>
				<timestamp>3441.625158</timestamp>
			</report>
			<report>
				<misses>9312001</misses>
				<total>6</total>
				<timestamp>3441.994752</timestamp>
			</report>
			<report>
				<misses>9313001</misses>
				<total>5</total>
				<timestamp>3442.364460</timestamp>
			</report>
			<report>
				<misses>9314001</misses>
				<total>5</total>
				<timestamp>3442.734111</timestamp>
			</report>
			<report>
				<misses>9315001</misses>
				<total>6</total>
				<timestamp>3443.103641</timestamp>
			</report>
			<report>
				<misses>9316001</misses>
				<total>6</total>
				<timestamp>3443.473293</timestamp>
			</report>
			<report>
				<misses>9317001</misses>
				<total>6</total>
				<timestamp>3443.842880</timestamp>
			</report>
			<report>
				<misses>9318001</misses>
				<total>6</total>
				<timestamp>3444.212585</timestamp>
			</report>
			<report>
				<misses>9319001</misses>
				<total>6</total>
				<timestamp>3444.582140</timestamp>
			</report>
			<report>
				<misses>9320001</misses>
				<total>6</total>
				<timestamp>3444.951824</timestamp>
			</report>
			<report>
				<misses>9321001</misses>
				<total>6</total>
				<timestamp>3445.321403</timestamp>
			</report>
			<report>
				<misses>9322001</misses>
				<total>6</total>
				<timestamp>3445.691113</timestamp>
			</report>
			<report>
				<misses>9323001</misses>
				<total>6</total>
				<timestamp>3446.060691</timestamp>
			</report>
			<report>
				<misses>9324001</misses>
				<total>6</total>
				<timestamp>3446.430300</timestamp>
			</report>
			<report>
				<misses>9325001</misses>
				<total>6</total>
				<timestamp>3446.799920</timestamp>
			</report>
			<report>
				<misses>9326001</misses>
				<total>6</total>
				<timestamp>3447.169538</timestamp>
			</report>
			<report>
				<misses>9327001</misses>
				<total>6</total>
				<timestamp>3447.539225</timestamp>
			</report>
			<report>
				<misses>9328001</misses>
				<total>6</total>
				<timestamp>3447.908895</timestamp>
			</report>
			<report>
				<misses>9329001</misses>
				<total>6</total>
				<timestamp>3448.278428</timestamp>
			</report>
			<report>
				<misses>9330001</misses>
				<total>5</total>
				<timestamp>3448.648168</timestamp>
			</report>
			<report>
				<misses>9331001</misses>
				<total>6</total>
				<timestamp>3449.017743</timestamp>
			</report>
			<report>
				<misses>9332001</misses>
				<total>6</total>
				<timestamp>3449.387349</timestamp>
			</report>
			<report>
				<misses>9333001</misses>
				<total>6</total>
				<timestamp>3449.756960</timestamp>
			</report>
			<report>
				<misses>9334001</misses>
				<total>6</total>
				<timestamp>3450.126588</timestamp>
			</report>
			<report>
				<misses>9335001</misses>
				<total>6</total>
				<timestamp>3450.496211</timestamp>
			</report>
			<report>
				<misses>9336001</misses>
				<total>6</total>
				<timestamp>3450.865937</timestamp>
			</report>
			<report>
				<misses>9337001</misses>
				<total>6</total>
				<timestamp>3451.235517</timestamp>
			</report>
			<report>
				<misses>9338001</misses>
				<total>6</total>
				<timestamp>3451.605123</timestamp>
			</report>
			<report>
				<misses>9339001</misses>
				<total>6</total>
				<timestamp>3451.974879</timestamp>
			</report>
			<report>
				<misses>9340001</misses>
				<total>6</total>
				<timestamp>3452.344393</timestamp>
			</report>
			<report>
				<misses>9341001</misses>
				<total>6</total>
				<timestamp>3452.714058</timestamp>
			</report>
			<report>
				<misses>9342001</misses>
				<total>6</total>
				<timestamp>3453.083667</timestamp>
			</report>
			<report>
				<misses>9343001</misses>
				<total>6</total>
				<timestamp>3453.453272</timestamp>
			</report>
			<report>
				<misses>9344001</misses>
				<total>6</total>
				<timestamp>3453.822887</timestamp>
			</report>
			<report>
				<misses>9345001</misses>
				<total>6</total>
				<timestamp>3454.192561</timestamp>
			</report>
			<report>
				<misses>9346001</misses>
				<total>5</total>
				<timestamp>3454.562271</timestamp>
			</report>
			<report>
				<misses>9347001</misses>
				<total>6</total>
				<timestamp>3454.931833</timestamp>
			</report>
			<report>
				<misses>9348001</misses>
				<total>6</total>
				<timestamp>3455.301432</timestamp>
			</report>
			<report>
				<misses>9349001</misses>
				<total>5</total>
				<timestamp>3455.671195</timestamp>
			</report>
			<report>
				<misses>9350001</misses>
				<total>5</total>
				<timestamp>3456.040810</timestamp>
			</report>
			<report>
				<misses>9351001</misses>
				<total>6</total>
				<timestamp>3456.410355</timestamp>
			</report>
			<report>
				<misses>9352001</misses>
				<total>6</total>
				<timestamp>3456.779936</timestamp>
			</report>
			<report>
				<misses>9353001</misses>
				<total>6</total>
				<timestamp>3457.149670</timestamp>
			</report>
			<report>
				<misses>9354001</misses>
				<total>6</total>
				<timestamp>3457.519230</timestamp>
			</report>
			<report>
				<misses>9355001</misses>
				<total>6</total>
				<timestamp>3457.888867</timestamp>
			</report>
			<report>
				<misses>9356001</misses>
				<total>6</total>
				<timestamp>3458.258491</timestamp>
			</report>
			<report>
				<misses>9357001</misses>
				<total>6</total>
				<timestamp>3458.628096</timestamp>
			</report>
			<report>
				<misses>9358001</misses>
				<total>6</total>
				<timestamp>3458.997820</timestamp>
			</report>
			<report>
				<misses>9359001</misses>
				<total>6</total>
				<timestamp>3459.367365</timestamp>
			</report>
			<report>
				<misses>9360001</misses>
				<total>6</total>
				<timestamp>3459.737024</timestamp>
			</report>
			<report>
				<misses>9361001</misses>
				<total>5</total>
				<timestamp>3460.106698</timestamp>
			</report>
			<report>
				<misses>9362001</misses>
				<total>5</total>
				<timestamp>3460.476316</timestamp>
			</report>
			<report>
				<misses>9363001</misses>
				<total>6</total>
				<timestamp>3460.845885</timestamp>
			</report>
			<report>
				<misses>9364001</misses>
				<total>6</total>
				<timestamp>3461.215480</timestamp>
			</report>
			<report>
				<misses>9365001</misses>
				<total>6</total>
				<timestamp>3461.585182</timestamp>
			</report>
			<report>
				<misses>9366001</misses>
				<total>6</total>
				<timestamp>3461.954822</timestamp>
			</report>
			<report>
				<misses>9367001</misses>
				<total>6</total>
				<timestamp>3462.324432</timestamp>
			</report>
			<report>
				<misses>9368001</misses>
				<total>6</total>
				<timestamp>3462.694095</timestamp>
			</report>
			<report>
				<misses>9369001</misses>
				<total>6</total>
				<timestamp>3463.063663</timestamp>
			</report>
			<report>
				<misses>9370001</misses>
				<total>6</total>
				<timestamp>3463.433314</timestamp>
			</report>
			<report>
				<misses>9371001</misses>
				<total>6</total>
				<timestamp>3463.802914</timestamp>
			</report>
			<report>
				<misses>9372001</misses>
				<total>6</total>
				<timestamp>3464.172560</timestamp>
			</report>
			<report>
				<misses>9373001</misses>
				<total>6</total>
				<timestamp>3464.542214</timestamp>
			</report>
			<report>
				<misses>9374001</misses>
				<total>6</total>
				<timestamp>3464.911847</timestamp>
			</report>
			<report>
				<misses>9375001</misses>
				<total>6</total>
				<timestamp>3465.281437</timestamp>
			</report>
			<report>
				<misses>9376001</misses>
				<total>6</total>
				<timestamp>3465.651100</timestamp>
			</report>
			<report>
				<misses>9377001</misses>
				<total>6</total>
				<timestamp>3466.020701</timestamp>
			</report>
			<report>
				<misses>9378001</misses>
				<total>6</total>
				<timestamp>3466.390348</timestamp>
			</report>
			<report>
				<misses>9379001</misses>
				<total>6</total>
				<timestamp>3466.759928</timestamp>
			</report>
			<report>
				<misses>9380001</misses>
				<total>6</total>
				<timestamp>3467.129593</timestamp>
			</report>
			<report>
				<misses>9381001</misses>
				<total>6</total>
				<timestamp>3467.499250</timestamp>
			</report>
			<report>
				<misses>9382001</misses>
				<total>6</total>
				<timestamp>3467.868885</timestamp>
			</report>
			<report>
				<misses>9383001</misses>
				<total>6</total>
				<timestamp>3468.238578</timestamp>
			</report>
			<report>
				<misses>9384001</misses>
				<total>5</total>
				<timestamp>3468.608180</timestamp>
			</report>
			<report>
				<misses>9385001</misses>
				<total>5</total>
				<timestamp>3468.977838</timestamp>
			</report>
			<report>
				<misses>9386001</misses>
				<total>6</total>
				<timestamp>3469.347377</timestamp>
			</report>
			<report>
				<misses>9387001</misses>
				<total>6</total>
				<timestamp>3469.717022</timestamp>
			</report>
			<report>
				<misses>9388001</misses>
				<total>6</total>
				<timestamp>3470.086675</timestamp>
			</report>
			<report>
				<misses>9389001</misses>
				<total>6</total>
				<timestamp>3470.456242</timestamp>
			</report>
			<report>
				<misses>9390001</misses>
				<total>5</total>
				<timestamp>3470.825965</timestamp>
			</report>
			<report>
				<misses>9391001</misses>
				<total>6</total>
				<timestamp>3471.195598</timestamp>
			</report>
			<report>
				<misses>9392001</misses>
				<total>6</total>
				<timestamp>3471.565224</timestamp>
			</report>
			<report>
				<misses>9393001</misses>
				<total>6</total>
				<timestamp>3471.934808</timestamp>
			</report>
			<report>
				<misses>9394001</misses>
				<total>6</total>
				<timestamp>3472.304384</timestamp>
			</report>
			<report>
				<misses>9395001</misses>
				<total>6</total>
				<timestamp>3472.674116</timestamp>
			</report>
			<report>
				<misses>9396001</misses>
				<total>6</total>
				<timestamp>3473.043666</timestamp>
			</report>
			<report>
				<misses>9397001</misses>
				<total>6</total>
				<timestamp>3473.413348</timestamp>
			</report>
			<report>
				<misses>9398001</misses>
				<total>6</total>
				<timestamp>3473.782964</timestamp>
			</report>
			<report>
				<misses>9399001</misses>
				<total>6</total>
				<timestamp>3474.152567</timestamp>
			</report>
			<report>
				<misses>9400001</misses>
				<total>6</total>
				<timestamp>3474.522164</timestamp>
			</report>
			<report>
				<misses>9401001</misses>
				<total>6</total>
				<timestamp>3474.891850</timestamp>
			</report>
			<report>
				<misses>9402001</misses>
				<total>6</total>
				<timestamp>3475.261544</timestamp>
			</report>
			<report>
				<misses>9403001</misses>
				<total>6</total>
				<timestamp>3475.631058</timestamp>
			</report>
			<report>
				<misses>9404001</misses>
				<total>6</total>
				<timestamp>3476.000704</timestamp>
			</report>
			<report>
				<misses>9405001</misses>
				<total>6</total>
				<timestamp>3476.370369</timestamp>
			</report>
			<report>
				<misses>9406001</misses>
				<total>6</total>
				<timestamp>3476.739973</timestamp>
			</report>
			<report>
				<misses>9407001</misses>
				<total>6</total>
				<timestamp>3477.109599</timestamp>
			</report>
			<report>
				<misses>9408001</misses>
				<total>6</total>
				<timestamp>3477.479254</timestamp>
			</report>
			<report>
				<misses>9409001</misses>
				<total>6</total>
				<timestamp>3477.848856</timestamp>
			</report>
			<report>
				<misses>9410001</misses>
				<total>6</total>
				<timestamp>3478.218492</timestamp>
			</report>
			<report>
				<misses>9411001</misses>
				<total>6</total>
				<timestamp>3478.588151</timestamp>
			</report>
			<report>
				<misses>9412001</misses>
				<total>6</total>
				<timestamp>3478.957734</timestamp>
			</report>
			<report>
				<misses>9413001</misses>
				<total>5</total>
				<timestamp>3479.327486</timestamp>
			</report>
			<report>
				<misses>9414001</misses>
				<total>6</total>
				<timestamp>3479.697046</timestamp>
			</report>
			<report>
				<misses>9415001</misses>
				<total>6</total>
				<timestamp>3480.066635</timestamp>
			</report>
			<report>
				<misses>9416001</misses>
				<total>5</total>
				<timestamp>3480.436348</timestamp>
			</report>
			<report>
				<misses>9417001</misses>
				<total>6</total>
				<timestamp>3480.805912</timestamp>
			</report>
			<report>
				<misses>9418001</misses>
				<total>6</total>
				<timestamp>3481.175565</timestamp>
			</report>
			<report>
				<misses>9419001</misses>
				<total>6</total>
				<timestamp>3481.545228</timestamp>
			</report>
			<report>
				<misses>9420001</misses>
				<total>6</total>
				<timestamp>3481.914788</timestamp>
			</report>
			<report>
				<misses>9421001</misses>
				<total>6</total>
				<timestamp>3482.284513</timestamp>
			</report>
			<report>
				<misses>9422001</misses>
				<total>6</total>
				<timestamp>3482.654122</timestamp>
			</report>
			<report>
				<misses>9423001</misses>
				<total>6</total>
				<timestamp>3483.023683</timestamp>
			</report>
			<report>
				<misses>9424001</misses>
				<total>6</total>
				<timestamp>3483.393298</timestamp>
			</report>
			<report>
				<misses>9425001</misses>
				<total>6</total>
				<timestamp>3483.762941</timestamp>
			</report>
			<report>
				<misses>9426001</misses>
				<total>6</total>
				<timestamp>3484.132568</timestamp>
			</report>
			<report>
				<misses>9427001</misses>
				<total>6</total>
				<timestamp>3484.502234</timestamp>
			</report>
			<report>
				<misses>9428001</misses>
				<total>6</total>
				<timestamp>3484.871838</timestamp>
			</report>
			<report>
				<misses>9429001</misses>
				<total>5</total>
				<timestamp>3485.241561</timestamp>
			</report>
			<report>
				<misses>9430001</misses>
				<total>6</total>
				<timestamp>3485.611078</timestamp>
			</report>
			<report>
				<misses>9431001</misses>
				<total>6</total>
				<timestamp>3485.980737</timestamp>
			</report>
			<report>
				<misses>9432001</misses>
				<total>6</total>
				<timestamp>3486.350364</timestamp>
			</report>
			<report>
				<misses>9433001</misses>
				<total>6</total>
				<timestamp>3486.719970</timestamp>
			</report>
			<report>
				<misses>9434001</misses>
				<total>6</total>
				<timestamp>3487.089653</timestamp>
			</report>
			<report>
				<misses>9435001</misses>
				<total>6</total>
				<timestamp>3487.459239</timestamp>
			</report>
			<report>
				<misses>9436001</misses>
				<total>6</total>
				<timestamp>3487.828855</timestamp>
			</report>
			<report>
				<misses>9437001</misses>
				<total>6</total>
				<timestamp>3488.198524</timestamp>
			</report>
			<report>
				<misses>9438001</misses>
				<total>6</total>
				<timestamp>3488.568122</timestamp>
			</report>
			<report>
				<misses>9439001</misses>
				<total>6</total>
				<timestamp>3488.937745</timestamp>
			</report>
			<report>
				<misses>9440001</misses>
				<total>6</total>
				<timestamp>3489.307423</timestamp>
			</report>
			<report>
				<misses>9441001</misses>
				<total>6</total>
				<timestamp>3489.677017</timestamp>
			</report>
			<report>
				<misses>9442001</misses>
				<total>6</total>
				<timestamp>3490.046664</timestamp>
			</report>
			<report>
				<misses>9443001</misses>
				<total>6</total>
				<timestamp>3490.416254</timestamp>
			</report>
			<report>
				<misses>9444001</misses>
				<total>6</total>
				<timestamp>3490.785950</timestamp>
			</report>
			<report>
				<misses>9445001</misses>
				<total>6</total>
				<timestamp>3491.155551</timestamp>
			</report>
			<report>
				<misses>9446001</misses>
				<total>5</total>
				<timestamp>3491.525284</timestamp>
			</report>
			<report>
				<misses>9447001</misses>
				<total>6</total>
				<timestamp>3491.894787</timestamp>
			</report>
			<report>
				<misses>9448001</misses>
				<total>6</total>
				<timestamp>3492.264436</timestamp>
			</report>
			<report>
				<misses>9449001</misses>
				<total>6</total>
				<timestamp>3492.634058</timestamp>
			</report>
			<report>
				<misses>9450001</misses>
				<total>6</total>
				<timestamp>3493.003681</timestamp>
			</report>
			<report>
				<misses>9451001</misses>
				<total>6</total>
				<timestamp>3493.373305</timestamp>
			</report>
			<report>
				<misses>9452001</misses>
				<total>6</total>
				<timestamp>3493.743002</timestamp>
			</report>
			<report>
				<misses>9453001</misses>
				<total>6</total>
				<timestamp>3494.112622</timestamp>
			</report>
			<report>
				<misses>9454001</misses>
				<total>6</total>
				<timestamp>3494.482180</timestamp>
			</report>
			<report>
				<misses>9455001</misses>
				<total>6</total>
				<timestamp>3494.851809</timestamp>
			</report>
			<report>
				<misses>9456001</misses>
				<total>6</total>
				<timestamp>3495.221488</timestamp>
			</report>
			<report>
				<misses>9457001</misses>
				<total>6</total>
				<timestamp>3495.591113</timestamp>
			</report>
			<report>
				<misses>9458001</misses>
				<total>6</total>
				<timestamp>3495.960768</timestamp>
			</report>
			<report>
				<misses>9459001</misses>
				<total>6</total>
				<timestamp>3496.330346</timestamp>
			</report>
			<report>
				<misses>9460001</misses>
				<total>6</total>
				<timestamp>3496.699978</timestamp>
			</report>
			<report>
				<misses>9461001</misses>
				<total>6</total>
				<timestamp>3497.069597</timestamp>
			</report>
			<report>
				<misses>9462001</misses>
				<total>6</total>
				<timestamp>3497.439254</timestamp>
			</report>
			<report>
				<misses>9463001</misses>
				<total>6</total>
				<timestamp>3497.808879</timestamp>
			</report>
			<report>
				<misses>9464001</misses>
				<total>6</total>
				<timestamp>3498.178530</timestamp>
			</report>
			<report>
				<misses>9465001</misses>
				<total>6</total>
				<timestamp>3498.548150</timestamp>
			</report>
			<report>
				<misses>9466001</misses>
				<total>6</total>
				<timestamp>3498.917756</timestamp>
			</report>
			<report>
				<misses>9467001</misses>
				<total>6</total>
				<timestamp>3499.287419</timestamp>
			</report>
			<report>
				<misses>9468001</misses>
				<total>6</total>
				<timestamp>3499.657079</timestamp>
			</report>
			<report>
				<misses>9469001</misses>
				<total>6</total>
				<timestamp>3500.026654</timestamp>
			</report>
			<report>
				<misses>9470001</misses>
				<total>6</total>
				<timestamp>3500.396331</timestamp>
			</report>
			<report>
				<misses>9471001</misses>
				<total>6</total>
				<timestamp>3500.765902</timestamp>
			</report>
			<report>
				<misses>9472001</misses>
				<total>6</total>
				<timestamp>3501.135611</timestamp>
			</report>
			<report>
				<misses>9473001</misses>
				<total>6</total>
				<timestamp>3501.505264</timestamp>
			</report>
			<report>
				<misses>9474001</misses>
				<total>6</total>
				<timestamp>3501.874822</timestamp>
			</report>
			<report>
				<misses>9475001</misses>
				<total>5</total>
				<timestamp>3502.244516</timestamp>
			</report>
			<report>
				<misses>9476001</misses>
				<total>6</total>
				<timestamp>3502.614080</timestamp>
			</report>
			<report>
				<misses>9477001</misses>
				<total>6</total>
				<timestamp>3502.983686</timestamp>
			</report>
			<report>
				<misses>9478001</misses>
				<total>6</total>
				<timestamp>3503.353408</timestamp>
			</report>
			<report>
				<misses>9479001</misses>
				<total>6</total>
				<timestamp>3503.722935</timestamp>
			</report>
			<report>
				<misses>9480001</misses>
				<total>6</total>
				<timestamp>3504.092608</timestamp>
			</report>
			<report>
				<misses>9481001</misses>
				<total>6</total>
				<timestamp>3504.462197</timestamp>
			</report>
			<report>
				<misses>9482001</misses>
				<total>6</total>
				<timestamp>3504.831854</timestamp>
			</report>
			<report>
				<misses>9483001</misses>
				<total>6</total>
				<timestamp>3505.201503</timestamp>
			</report>
			<report>
				<misses>9484001</misses>
				<total>6</total>
				<timestamp>3505.571085</timestamp>
			</report>
			<report>
				<misses>9485001</misses>
				<total>6</total>
				<timestamp>3505.940730</timestamp>
			</report>
			<report>
				<misses>9486001</misses>
				<total>6</total>
				<timestamp>3506.310408</timestamp>
			</report>
			<report>
				<misses>9487001</misses>
				<total>6</total>
				<timestamp>3506.680015</timestamp>
			</report>
			<report>
				<misses>9488001</misses>
				<total>6</total>
				<timestamp>3507.049674</timestamp>
			</report>
			<report>
				<misses>9489001</misses>
				<total>5</total>
				<timestamp>3507.419382</timestamp>
			</report>
			<report>
				<misses>9490001</misses>
				<total>6</total>
				<timestamp>3507.788902</timestamp>
			</report>
			<report>
				<misses>9491001</misses>
				<total>6</total>
				<timestamp>3508.158531</timestamp>
			</report>
			<report>
				<misses>9492001</misses>
				<total>5</total>
				<timestamp>3508.528228</timestamp>
			</report>
			<report>
				<misses>9493001</misses>
				<total>6</total>
				<timestamp>3508.897837</timestamp>
			</report>
			<report>
				<misses>9494001</misses>
				<total>6</total>
				<timestamp>3509.267447</timestamp>
			</report>
			<report>
				<misses>9495001</misses>
				<total>6</total>
				<timestamp>3509.637087</timestamp>
			</report>
			<report>
				<misses>9496001</misses>
				<total>5</total>
				<timestamp>3510.006754</timestamp>
			</report>
			<report>
				<misses>9497001</misses>
				<total>6</total>
				<timestamp>3510.376325</timestamp>
			</report>
			<report>
				<misses>9498001</misses>
				<total>6</total>
				<timestamp>3510.745948</timestamp>
			</report>
			<report>
				<misses>9499001</misses>
				<total>6</total>
				<timestamp>3511.115570</timestamp>
			</report>
			<report>
				<misses>9500001</misses>
				<total>6</total>
				<timestamp>3511.485251</timestamp>
			</report>
			<report>
				<misses>9501001</misses>
				<total>6</total>
				<timestamp>3511.854891</timestamp>
			</report>
			<report>
				<misses>9502001</misses>
				<total>6</total>
				<timestamp>3512.224462</timestamp>
			</report>
			<report>
				<misses>9503001</misses>
				<total>5</total>
				<timestamp>3512.594154</timestamp>
			</report>
			<report>
				<misses>9504001</misses>
				<total>6</total>
				<timestamp>3512.963723</timestamp>
			</report>
			<report>
				<misses>9505001</misses>
				<total>5</total>
				<timestamp>3513.333451</timestamp>
			</report>
			<report>
				<misses>9506001</misses>
				<total>6</total>
				<timestamp>3513.702963</timestamp>
			</report>
			<report>
				<misses>9507001</misses>
				<total>6</total>
				<timestamp>3514.072643</timestamp>
			</report>
			<report>
				<misses>9508001</misses>
				<total>6</total>
				<timestamp>3514.442274</timestamp>
			</report>
			<report>
				<misses>9509001</misses>
				<total>6</total>
				<timestamp>3514.811844</timestamp>
			</report>
			<report>
				<misses>9510001</misses>
				<total>6</total>
				<timestamp>3515.181466</timestamp>
			</report>
			<report>
				<misses>9511001</misses>
				<total>6</total>
				<timestamp>3515.551134</timestamp>
			</report>
			<report>
				<misses>9512001</misses>
				<total>6</total>
				<timestamp>3515.920718</timestamp>
			</report>
			<report>
				<misses>9513001</misses>
				<total>6</total>
				<timestamp>3516.290367</timestamp>
			</report>
			<report>
				<misses>9514001</misses>
				<total>6</total>
				<timestamp>3516.660049</timestamp>
			</report>
			<report>
				<misses>9515001</misses>
				<total>6</total>
				<timestamp>3517.029637</timestamp>
			</report>
			<report>
				<misses>9516001</misses>
				<total>6</total>
				<timestamp>3517.399294</timestamp>
			</report>
			<report>
				<misses>9517001</misses>
				<total>5</total>
				<timestamp>3517.768999</timestamp>
			</report>
			<report>
				<misses>9518001</misses>
				<total>6</total>
				<timestamp>3518.138545</timestamp>
			</report>
			<report>
				<misses>9519001</misses>
				<total>6</total>
				<timestamp>3518.508174</timestamp>
			</report>
			<report>
				<misses>9520001</misses>
				<total>6</total>
				<timestamp>3518.877841</timestamp>
			</report>
			<report>
				<misses>9521001</misses>
				<total>6</total>
				<timestamp>3519.247396</timestamp>
			</report>
			<report>
				<misses>9522001</misses>
				<total>6</total>
				<timestamp>3519.617040</timestamp>
			</report>
			<report>
				<misses>9523001</misses>
				<total>6</total>
				<timestamp>3519.986656</timestamp>
			</report>
			<report>
				<misses>9524001</misses>
				<total>6</total>
				<timestamp>3520.356311</timestamp>
			</report>
			<report>
				<misses>9525001</misses>
				<total>5</total>
				<timestamp>3520.726043</timestamp>
			</report>
			<report>
				<misses>9526001</misses>
				<total>6</total>
				<timestamp>3521.095598</timestamp>
			</report>
			<report>
				<misses>9527001</misses>
				<total>5</total>
				<timestamp>3521.465267</timestamp>
			</report>
			<report>
				<misses>9528001</misses>
				<total>6</total>
				<timestamp>3521.834846</timestamp>
			</report>
			<report>
				<misses>9529001</misses>
				<total>6</total>
				<timestamp>3522.204446</timestamp>
			</report>
			<report>
				<misses>9530001</misses>
				<total>6</total>
				<timestamp>3522.574118</timestamp>
			</report>
			<report>
				<misses>9531001</misses>
				<total>6</total>
				<timestamp>3522.943731</timestamp>
			</report>
			<report>
				<misses>9532001</misses>
				<total>6</total>
				<timestamp>3523.313412</timestamp>
			</report>
			<report>
				<misses>9533001</misses>
				<total>6</total>
				<timestamp>3523.682950</timestamp>
			</report>
			<report>
				<misses>9534001</misses>
				<total>6</total>
				<timestamp>3524.052611</timestamp>
			</report>
			<report>
				<misses>9535001</misses>
				<total>6</total>
				<timestamp>3524.422239</timestamp>
			</report>
			<report>
				<misses>9536001</misses>
				<total>6</total>
				<timestamp>3524.791848</timestamp>
			</report>
			<report>
				<misses>9537001</misses>
				<total>6</total>
				<timestamp>3525.161470</timestamp>
			</report>
			<report>
				<misses>9538001</misses>
				<total>6</total>
				<timestamp>3525.531112</timestamp>
			</report>
			<report>
				<misses>9539001</misses>
				<total>6</total>
				<timestamp>3525.900756</timestamp>
			</report>
			<report>
				<misses>9540001</misses>
				<total>6</total>
				<timestamp>3526.270428</timestamp>
			</report>
			<report>
				<misses>9541001</misses>
				<total>6</total>
				<timestamp>3526.640035</timestamp>
			</report>
			<report>
				<misses>9542001</misses>
				<total>6</total>
				<timestamp>3527.009624</timestamp>
			</report>
			<report>
				<misses>9543001</misses>
				<total>6</total>
				<timestamp>3527.379286</timestamp>
			</report>
			<report>
				<misses>9544001</misses>
				<total>6</total>
				<timestamp>3527.748903</timestamp>
			</report>
			<report>
				<misses>9545001</misses>
				<total>6</total>
				<timestamp>3528.118583</timestamp>
			</report>
			<report>
				<misses>9546001</misses>
				<total>6</total>
				<timestamp>3528.488210</timestamp>
			</report>
			<report>
				<misses>9547001</misses>
				<total>6</total>
				<timestamp>3528.857862</timestamp>
			</report>
			<report>
				<misses>9548001</misses>
				<total>6</total>
				<timestamp>3529.227410</timestamp>
			</report>
			<report>
				<misses>9549001</misses>
				<total>6</total>
				<timestamp>3529.597077</timestamp>
			</report>
			<report>
				<misses>9550001</misses>
				<total>6</total>
				<timestamp>3529.966667</timestamp>
			</report>
			<report>
				<misses>9551001</misses>
				<total>6</total>
				<timestamp>3530.336356</timestamp>
			</report>
			<report>
				<misses>9552001</misses>
				<total>6</total>
				<timestamp>3530.705915</timestamp>
			</report>
			<report>
				<misses>9553001</misses>
				<total>5</total>
				<timestamp>3531.075661</timestamp>
			</report>
			<report>
				<misses>9554001</misses>
				<total>6</total>
				<timestamp>3531.445277</timestamp>
			</report>
			<report>
				<misses>9555001</misses>
				<total>6</total>
				<timestamp>3531.814818</timestamp>
			</report>
			<report>
				<misses>9556001</misses>
				<total>6</total>
				<timestamp>3532.184515</timestamp>
			</report>
			<report>
				<misses>9557001</misses>
				<total>6</total>
				<timestamp>3532.554156</timestamp>
			</report>
			<report>
				<misses>9558001</misses>
				<total>6</total>
				<timestamp>3532.923704</timestamp>
			</report>
			<report>
				<misses>9559001</misses>
				<total>6</total>
				<timestamp>3533.293341</timestamp>
			</report>
			<report>
				<misses>9560001</misses>
				<total>5</total>
				<timestamp>3533.663075</timestamp>
			</report>
			<report>
				<misses>9561001</misses>
				<total>6</total>
				<timestamp>3534.032601</timestamp>
			</report>
			<report>
				<misses>9562001</misses>
				<total>6</total>
				<timestamp>3534.402270</timestamp>
			</report>
			<report>
				<misses>9563001</misses>
				<total>6</total>
				<timestamp>3534.771937</timestamp>
			</report>
			<report>
				<misses>9564001</misses>
				<total>6</total>
				<timestamp>3535.141492</timestamp>
			</report>
			<report>
				<misses>9565001</misses>
				<total>6</total>
				<timestamp>3535.511183</timestamp>
			</report>
			<report>
				<misses>9566001</misses>
				<total>5</total>
				<timestamp>3535.880851</timestamp>
			</report>
			<report>
				<misses>9567001</misses>
				<total>6</total>
				<timestamp>3536.250386</timestamp>
			</report>
			<report>
				<misses>9568001</misses>
				<total>6</total>
				<timestamp>3536.620008</timestamp>
			</report>
			<report>
				<misses>9569001</misses>
				<total>6</total>
				<timestamp>3536.989667</timestamp>
			</report>
			<report>
				<misses>9570001</misses>
				<total>6</total>
				<timestamp>3537.359301</timestamp>
			</report>
			<report>
				<misses>9571001</misses>
				<total>6</total>
				<timestamp>3537.728887</timestamp>
			</report>
			<report>
				<misses>9572001</misses>
				<total>6</total>
				<timestamp>3538.098536</timestamp>
			</report>
			<report>
				<misses>9573001</misses>
				<total>6</total>
				<timestamp>3538.468185</timestamp>
			</report>
			<report>
				<misses>9574001</misses>
				<total>6</total>
				<timestamp>3538.837800</timestamp>
			</report>
			<report>
				<misses>9575001</misses>
				<total>6</total>
				<timestamp>3539.207413</timestamp>
			</report>
			<report>
				<misses>9576001</misses>
				<total>6</total>
				<timestamp>3539.577068</timestamp>
			</report>
			<report>
				<misses>9577001</misses>
				<total>6</total>
				<timestamp>3539.946707</timestamp>
			</report>
			<report>
				<misses>9578001</misses>
				<total>6</total>
				<timestamp>3540.316379</timestamp>
			</report>
			<report>
				<misses>9579001</misses>
				<total>6</total>
				<timestamp>3540.685967</timestamp>
			</report>
			<report>
				<misses>9580001</misses>
				<total>6</total>
				<timestamp>3541.055588</timestamp>
			</report>
			<report>
				<misses>9581001</misses>
				<total>6</total>
				<timestamp>3541.425228</timestamp>
			</report>
			<report>
				<misses>9582001</misses>
				<total>5</total>
				<timestamp>3541.794934</timestamp>
			</report>
			<report>
				<misses>9583001</misses>
				<total>6</total>
				<timestamp>3542.164480</timestamp>
			</report>
			<report>
				<misses>9584001</misses>
				<total>6</total>
				<timestamp>3542.534139</timestamp>
			</report>
			<report>
				<misses>9585001</misses>
				<total>6</total>
				<timestamp>3542.903707</timestamp>
			</report>
			<report>
				<misses>9586001</misses>
				<total>6</total>
				<timestamp>3543.273349</timestamp>
			</report>
			<report>
				<misses>9587001</misses>
				<total>6</total>
				<timestamp>3543.642997</timestamp>
			</report>
			<report>
				<misses>9588001</misses>
				<total>6</total>
				<timestamp>3544.012606</timestamp>
			</report>
			<report>
				<misses>9589001</misses>
				<total>6</total>
				<timestamp>3544.382264</timestamp>
			</report>
			<report>
				<misses>9590001</misses>
				<total>6</total>
				<timestamp>3544.751869</timestamp>
			</report>
			<report>
				<misses>9591001</misses>
				<total>5</total>
				<timestamp>3545.121583</timestamp>
			</report>
			<report>
				<misses>9592001</misses>
				<total>5</total>
				<timestamp>3545.491248</timestamp>
			</report>
			<report>
				<misses>9593001</misses>
				<total>6</total>
				<timestamp>3545.860758</timestamp>
			</report>
			<report>
				<misses>9594001</misses>
				<total>6</total>
				<timestamp>3546.230455</timestamp>
			</report>
			<report>
				<misses>9595001</misses>
				<total>6</total>
				<timestamp>3546.600095</timestamp>
			</report>
			<report>
				<misses>9596001</misses>
				<total>5</total>
				<timestamp>3546.969739</timestamp>
			</report>
			<report>
				<misses>9597001</misses>
				<total>6</total>
				<timestamp>3547.339294</timestamp>
			</report>
			<report>
				<misses>9598001</misses>
				<total>6</total>
				<timestamp>3547.708910</timestamp>
			</report>
			<report>
				<misses>9599001</misses>
				<total>6</total>
				<timestamp>3548.078606</timestamp>
			</report>
			<report>
				<misses>9600001</misses>
				<total>6</total>
				<timestamp>3548.448245</timestamp>
			</report>
			<report>
				<misses>9601001</misses>
				<total>6</total>
				<timestamp>3548.817790</timestamp>
			</report>
			<report>
				<misses>9602001</misses>
				<total>6</total>
				<timestamp>3549.187445</timestamp>
			</report>
			<report>
				<misses>9603001</misses>
				<total>6</total>
				<timestamp>3549.557055</timestamp>
			</report>
			<report>
				<misses>9604001</misses>
				<total>6</total>
				<timestamp>3549.926748</timestamp>
			</report>
			<report>
				<misses>9605001</misses>
				<total>6</total>
				<timestamp>3550.296378</timestamp>
			</report>
			<report>
				<misses>9606001</misses>
				<total>6</total>
				<timestamp>3550.665985</timestamp>
			</report>
			<report>
				<misses>9607001</misses>
				<total>6</total>
				<timestamp>3551.035611</timestamp>
			</report>
			<report>
				<misses>9608001</misses>
				<total>6</total>
				<timestamp>3551.405229</timestamp>
			</report>
			<report>
				<misses>9609001</misses>
				<total>6</total>
				<timestamp>3551.774889</timestamp>
			</report>
			<report>
				<misses>9610001</misses>
				<total>6</total>
				<timestamp>3552.144506</timestamp>
			</report>
			<report>
				<misses>9611001</misses>
				<total>6</total>
				<timestamp>3552.514133</timestamp>
			</report>
			<report>
				<misses>9612001</misses>
				<total>5</total>
				<timestamp>3552.883827</timestamp>
			</report>
			<report>
				<misses>9613001</misses>
				<total>6</total>
				<timestamp>3553.253430</timestamp>
			</report>
			<report>
				<misses>9614001</misses>
				<total>6</total>
				<timestamp>3553.623043</timestamp>
			</report>
			<report>
				<misses>9615001</misses>
				<total>6</total>
				<timestamp>3553.992647</timestamp>
			</report>
			<report>
				<misses>9616001</misses>
				<total>6</total>
				<timestamp>3554.362284</timestamp>
			</report>
			<report>
				<misses>9617001</misses>
				<total>6</total>
				<timestamp>3554.731883</timestamp>
			</report>
			<report>
				<misses>9618001</misses>
				<total>6</total>
				<timestamp>3555.101558</timestamp>
			</report>
			<report>
				<misses>9619001</misses>
				<total>6</total>
				<timestamp>3555.471168</timestamp>
			</report>
			<report>
				<misses>9620001</misses>
				<total>6</total>
				<timestamp>3555.840771</timestamp>
			</report>
			<report>
				<misses>9621001</misses>
				<total>6</total>
				<timestamp>3556.210420</timestamp>
			</report>
			<report>
				<misses>9622001</misses>
				<total>6</total>
				<timestamp>3556.580047</timestamp>
			</report>
			<report>
				<misses>9623001</misses>
				<total>6</total>
				<timestamp>3556.949654</timestamp>
			</report>
			<report>
				<misses>9624001</misses>
				<total>6</total>
				<timestamp>3557.319323</timestamp>
			</report>
			<report>
				<misses>9625001</misses>
				<total>6</total>
				<timestamp>3557.688935</timestamp>
			</report>
			<report>
				<misses>9626001</misses>
				<total>5</total>
				<timestamp>3558.058646</timestamp>
			</report>
			<report>
				<misses>9627001</misses>
				<total>6</total>
				<timestamp>3558.428183</timestamp>
			</report>
			<report>
				<misses>9628001</misses>
				<total>6</total>
				<timestamp>3558.797820</timestamp>
			</report>
			<report>
				<misses>9629001</misses>
				<total>6</total>
				<timestamp>3559.167443</timestamp>
			</report>
			<report>
				<misses>9630001</misses>
				<total>6</total>
				<timestamp>3559.537088</timestamp>
			</report>
			<report>
				<misses>9631001</misses>
				<total>6</total>
				<timestamp>3559.906707</timestamp>
			</report>
			<report>
				<misses>9632001</misses>
				<total>6</total>
				<timestamp>3560.276335</timestamp>
			</report>
			<report>
				<misses>9633001</misses>
				<total>6</total>
				<timestamp>3560.646041</timestamp>
			</report>
			<report>
				<misses>9634001</misses>
				<total>5</total>
				<timestamp>3561.015714</timestamp>
			</report>
			<report>
				<misses>9635001</misses>
				<total>6</total>
				<timestamp>3561.385234</timestamp>
			</report>
			<report>
				<misses>9636001</misses>
				<total>6</total>
				<timestamp>3561.754855</timestamp>
			</report>
			<report>
				<misses>9637001</misses>
				<total>6</total>
				<timestamp>3562.124513</timestamp>
			</report>
			<report>
				<misses>9638001</misses>
				<total>6</total>
				<timestamp>3562.494156</timestamp>
			</report>
			<report>
				<misses>9639001</misses>
				<total>6</total>
				<timestamp>3562.863746</timestamp>
			</report>
			<report>
				<misses>9640001</misses>
				<total>6</total>
				<timestamp>3563.233467</timestamp>
			</report>
			<report>
				<misses>9641001</misses>
				<total>6</total>
				<timestamp>3563.603020</timestamp>
			</report>
			<report>
				<misses>9642001</misses>
				<total>6</total>
				<timestamp>3563.972650</timestamp>
			</report>
			<report>
				<misses>9643001</misses>
				<total>6</total>
				<timestamp>3564.342247</timestamp>
			</report>
			<report>
				<misses>9644001</misses>
				<total>6</total>
				<timestamp>3564.711917</timestamp>
			</report>
			<report>
				<misses>9645001</misses>
				<total>6</total>
				<timestamp>3565.081514</timestamp>
			</report>
			<report>
				<misses>9646001</misses>
				<total>6</total>
				<timestamp>3565.451142</timestamp>
			</report>
			<report>
				<misses>9647001</misses>
				<total>6</total>
				<timestamp>3565.820830</timestamp>
			</report>
			<report>
				<misses>9648001</misses>
				<total>6</total>
				<timestamp>3566.190409</timestamp>
			</report>
			<report>
				<misses>9649001</misses>
				<total>6</total>
				<timestamp>3566.560131</timestamp>
			</report>
			<report>
				<misses>9650001</misses>
				<total>6</total>
				<timestamp>3566.929680</timestamp>
			</report>
			<report>
				<misses>9651001</misses>
				<total>6</total>
				<timestamp>3567.299391</timestamp>
			</report>
			<report>
				<misses>9652001</misses>
				<total>6</total>
				<timestamp>3567.668992</timestamp>
			</report>
			<report>
				<misses>9653001</misses>
				<total>6</total>
				<timestamp>3568.038558</timestamp>
			</report>
			<report>
				<misses>9654001</misses>
				<total>6</total>
				<timestamp>3568.408197</timestamp>
			</report>
			<report>
				<misses>9655001</misses>
				<total>6</total>
				<timestamp>3568.777897</timestamp>
			</report>
			<report>
				<misses>9656001</misses>
				<total>6</total>
				<timestamp>3569.147461</timestamp>
			</report>
			<report>
				<misses>9657001</misses>
				<total>6</total>
				<timestamp>3569.517142</timestamp>
			</report>
			<report>
				<misses>9658001</misses>
				<total>6</total>
				<timestamp>3569.886752</timestamp>
			</report>
			<report>
				<misses>9659001</misses>
				<total>6</total>
				<timestamp>3570.256330</timestamp>
			</report>
			<report>
				<misses>9660001</misses>
				<total>6</total>
				<timestamp>3570.626034</timestamp>
			</report>
			<report>
				<misses>9661001</misses>
				<total>6</total>
				<timestamp>3570.995599</timestamp>
			</report>
			<report>
				<misses>9662001</misses>
				<total>6</total>
				<timestamp>3571.365237</timestamp>
			</report>
			<report>
				<misses>9663001</misses>
				<total>6</total>
				<timestamp>3571.734875</timestamp>
			</report>
			<report>
				<misses>9664001</misses>
				<total>6</total>
				<timestamp>3572.104528</timestamp>
			</report>
			<report>
				<misses>9665001</misses>
				<total>6</total>
				<timestamp>3572.474121</timestamp>
			</report>
			<report>
				<misses>9666001</misses>
				<total>6</total>
				<timestamp>3572.843749</timestamp>
			</report>
			<report>
				<misses>9667001</misses>
				<total>6</total>
				<timestamp>3573.213383</timestamp>
			</report>
			<report>
				<misses>9668001</misses>
				<total>6</total>
				<timestamp>3573.583068</timestamp>
			</report>
			<report>
				<misses>9669001</misses>
				<total>6</total>
				<timestamp>3573.952638</timestamp>
			</report>
			<report>
				<misses>9670001</misses>
				<total>5</total>
				<timestamp>3574.322396</timestamp>
			</report>
			<report>
				<misses>9671001</misses>
				<total>6</total>
				<timestamp>3574.691995</timestamp>
			</report>
			<report>
				<misses>9672001</misses>
				<total>6</total>
				<timestamp>3575.061528</timestamp>
			</report>
			<report>
				<misses>9673001</misses>
				<total>6</total>
				<timestamp>3575.431146</timestamp>
			</report>
			<report>
				<misses>9674001</misses>
				<total>6</total>
				<timestamp>3575.800841</timestamp>
			</report>
			<report>
				<misses>9675001</misses>
				<total>6</total>
				<timestamp>3576.170459</timestamp>
			</report>
			<report>
				<misses>9676001</misses>
				<total>6</total>
				<timestamp>3576.540077</timestamp>
			</report>
			<report>
				<misses>9677001</misses>
				<total>6</total>
				<timestamp>3576.909697</timestamp>
			</report>
			<report>
				<misses>9678001</misses>
				<total>6</total>
				<timestamp>3577.279302</timestamp>
			</report>
			<report>
				<misses>9679001</misses>
				<total>6</total>
				<timestamp>3577.649001</timestamp>
			</report>
			<report>
				<misses>9680001</misses>
				<total>6</total>
				<timestamp>3578.018622</timestamp>
			</report>
			<report>
				<misses>9681001</misses>
				<total>6</total>
				<timestamp>3578.388185</timestamp>
			</report>
			<report>
				<misses>9682001</misses>
				<total>6</total>
				<timestamp>3578.757936</timestamp>
			</report>
			<report>
				<misses>9683001</misses>
				<total>6</total>
				<timestamp>3579.127466</timestamp>
			</report>
			<report>
				<misses>9684001</misses>
				<total>6</total>
				<timestamp>3579.497129</timestamp>
			</report>
			<report>
				<misses>9685001</misses>
				<total>6</total>
				<timestamp>3579.866727</timestamp>
			</report>
			<report>
				<misses>9686001</misses>
				<total>6</total>
				<timestamp>3580.236387</timestamp>
			</report>
			<report>
				<misses>9687001</misses>
				<total>6</total>
				<timestamp>3580.606031</timestamp>
			</report>
			<report>
				<misses>9688001</misses>
				<total>6</total>
				<timestamp>3580.975639</timestamp>
			</report>
			<report>
				<misses>9689001</misses>
				<total>6</total>
				<timestamp>3581.345238</timestamp>
			</report>
			<report>
				<misses>9690001</misses>
				<total>6</total>
				<timestamp>3581.714894</timestamp>
			</report>
			<report>
				<misses>9691001</misses>
				<total>6</total>
				<timestamp>3582.084523</timestamp>
			</report>
			<report>
				<misses>9692001</misses>
				<total>6</total>
				<timestamp>3582.454215</timestamp>
			</report>
			<report>
				<misses>9693001</misses>
				<total>6</total>
				<timestamp>3582.823750</timestamp>
			</report>
			<report>
				<misses>9694001</misses>
				<total>6</total>
				<timestamp>3583.193406</timestamp>
			</report>
			<report>
				<misses>9695001</misses>
				<total>6</total>
				<timestamp>3583.563029</timestamp>
			</report>
			<report>
				<misses>9696001</misses>
				<total>5</total>
				<timestamp>3583.932747</timestamp>
			</report>
			<report>
				<misses>9697001</misses>
				<total>6</total>
				<timestamp>3584.302263</timestamp>
			</report>
			<report>
				<misses>9698001</misses>
				<total>6</total>
				<timestamp>3584.671914</timestamp>
			</report>
			<report>
				<misses>9699001</misses>
				<total>6</total>
				<timestamp>3585.041536</timestamp>
			</report>
			<report>
				<misses>9700001</misses>
				<total>6</total>
				<timestamp>3585.411183</timestamp>
			</report>
			<report>
				<misses>9701001</misses>
				<total>6</total>
				<timestamp>3585.780894</timestamp>
			</report>
			<report>
				<misses>9702001</misses>
				<total>6</total>
				<timestamp>3586.150422</timestamp>
			</report>
			<report>
				<misses>9703001</misses>
				<total>6</total>
				<timestamp>3586.520070</timestamp>
			</report>
			<report>
				<misses>9704001</misses>
				<total>6</total>
				<timestamp>3586.889709</timestamp>
			</report>
			<report>
				<misses>9705001</misses>
				<total>6</total>
				<timestamp>3587.259324</timestamp>
			</report>
			<report>
				<misses>9706001</misses>
				<total>6</total>
				<timestamp>3587.629006</timestamp>
			</report>
			<report>
				<misses>9707001</misses>
				<total>6</total>
				<timestamp>3587.998632</timestamp>
			</report>
			<report>
				<misses>9708001</misses>
				<total>6</total>
				<timestamp>3588.368285</timestamp>
			</report>
			<report>
				<misses>9709001</misses>
				<total>6</total>
				<timestamp>3588.737922</timestamp>
			</report>
			<report>
				<misses>9710001</misses>
				<total>6</total>
				<timestamp>3589.107492</timestamp>
			</report>
			<report>
				<misses>9711001</misses>
				<total>6</total>
				<timestamp>3589.477122</timestamp>
			</report>
			<report>
				<misses>9712001</misses>
				<total>6</total>
				<timestamp>3589.846779</timestamp>
			</report>
			<report>
				<misses>9713001</misses>
				<total>6</total>
				<timestamp>3590.216357</timestamp>
			</report>
			<report>
				<misses>9714001</misses>
				<total>6</total>
				<timestamp>3590.586026</timestamp>
			</report>
			<report>
				<misses>9715001</misses>
				<total>6</total>
				<timestamp>3590.955626</timestamp>
			</report>
			<report>
				<misses>9716001</misses>
				<total>6</total>
				<timestamp>3591.325314</timestamp>
			</report>
			<report>
				<misses>9717001</misses>
				<total>6</total>
				<timestamp>3591.694961</timestamp>
			</report>
			<report>
				<misses>9718001</misses>
				<total>6</total>
				<timestamp>3592.064520</timestamp>
			</report>
			<report>
				<misses>9719001</misses>
				<total>6</total>
				<timestamp>3592.434144</timestamp>
			</report>
			<report>
				<misses>9720001</misses>
				<total>6</total>
				<timestamp>3592.803884</timestamp>
			</report>
			<report>
				<misses>9721001</misses>
				<total>6</total>
				<timestamp>3593.173397</timestamp>
			</report>
			<report>
				<misses>9722001</misses>
				<total>6</total>
				<timestamp>3593.543079</timestamp>
			</report>
			<report>
				<misses>9723001</misses>
				<total>6</total>
				<timestamp>3593.912665</timestamp>
			</report>
			<report>
				<misses>9724001</misses>
				<total>6</total>
				<timestamp>3594.282303</timestamp>
			</report>
			<report>
				<misses>9725001</misses>
				<total>6</total>
				<timestamp>3594.651959</timestamp>
			</report>
			<report>
				<misses>9726001</misses>
				<total>6</total>
				<timestamp>3595.021624</timestamp>
			</report>
			<report>
				<misses>9727001</misses>
				<total>6</total>
				<timestamp>3595.391206</timestamp>
			</report>
			<report>
				<misses>9728001</misses>
				<total>6</total>
				<timestamp>3595.760834</timestamp>
			</report>
			<report>
				<misses>9729001</misses>
				<total>6</total>
				<timestamp>3596.130476</timestamp>
			</report>
			<report>
				<misses>9730001</misses>
				<total>6</total>
				<timestamp>3596.500117</timestamp>
			</report>
			<report>
				<misses>9731001</misses>
				<total>6</total>
				<timestamp>3596.869813</timestamp>
			</report>
			<report>
				<misses>9732001</misses>
				<total>6</total>
				<timestamp>3597.239392</timestamp>
			</report>
			<report>
				<misses>9733001</misses>
				<total>6</total>
				<timestamp>3597.608994</timestamp>
			</report>
			<report>
				<misses>9734001</misses>
				<total>6</total>
				<timestamp>3597.978587</timestamp>
			</report>
			<report>
				<misses>9735001</misses>
				<total>6</total>
				<timestamp>3598.348219</timestamp>
			</report>
			<report>
				<misses>9736001</misses>
				<total>6</total>
				<timestamp>3598.717884</timestamp>
			</report>
			<report>
				<misses>9737001</misses>
				<total>6</total>
				<timestamp>3599.087539</timestamp>
			</report>
			<report>
				<misses>9738001</misses>
				<total>6</total>
				<timestamp>3599.457129</timestamp>
			</report>
			<report>
				<misses>9739001</misses>
				<total>6</total>
				<timestamp>3599.826790</timestamp>
			</report>
			<report>
				<misses>9740001</misses>
				<total>6</total>
				<timestamp>3600.196376</timestamp>
			</report>
			<report>
				<misses>9741001</misses>
				<total>6</total>
				<timestamp>3600.566088</timestamp>
			</report>
			<report>
				<misses>9742001</misses>
				<total>6</total>
				<timestamp>3600.935634</timestamp>
			</report>
			<report>
				<misses>9743001</misses>
				<total>6</total>
				<timestamp>3601.305258</timestamp>
			</report>
			<report>
				<misses>9744001</misses>
				<total>6</total>
				<timestamp>3601.674906</timestamp>
			</report>
			<report>
				<misses>9745001</misses>
				<total>6</total>
				<timestamp>3602.044523</timestamp>
			</report>
			<report>
				<misses>9746001</misses>
				<total>6</total>
				<timestamp>3602.414217</timestamp>
			</report>
			<report>
				<misses>9747001</misses>
				<total>6</total>
				<timestamp>3602.783793</timestamp>
			</report>
			<report>
				<misses>9748001</misses>
				<total>6</total>
				<timestamp>3603.153453</timestamp>
			</report>
			<report>
				<misses>9749001</misses>
				<total>6</total>
				<timestamp>3603.523042</timestamp>
			</report>
			<report>
				<misses>9750001</misses>
				<total>6</total>
				<timestamp>3603.892736</timestamp>
			</report>
			<report>
				<misses>9751001</misses>
				<total>6</total>
				<timestamp>3604.262308</timestamp>
			</report>
			<report>
				<misses>9752001</misses>
				<total>6</total>
				<timestamp>3604.631939</timestamp>
			</report>
			<report>
				<misses>9753001</misses>
				<total>6</total>
				<timestamp>3605.001573</timestamp>
			</report>
			<report>
				<misses>9754001</misses>
				<total>6</total>
				<timestamp>3605.371245</timestamp>
			</report>
			<report>
				<misses>9755001</misses>
				<total>6</total>
				<timestamp>3605.740894</timestamp>
			</report>
			<report>
				<misses>9756001</misses>
				<total>6</total>
				<timestamp>3606.110446</timestamp>
			</report>
			<report>
				<misses>9757001</misses>
				<total>6</total>
				<timestamp>3606.480101</timestamp>
			</report>
			<report>
				<misses>9758001</misses>
				<total>6</total>
				<timestamp>3606.849754</timestamp>
			</report>
			<report>
				<misses>9759001</misses>
				<total>6</total>
				<timestamp>3607.219403</timestamp>
			</report>
			<report>
				<misses>9760001</misses>
				<total>6</total>
				<timestamp>3607.589048</timestamp>
			</report>
			<report>
				<misses>9761001</misses>
				<total>6</total>
				<timestamp>3607.958630</timestamp>
			</report>
			<report>
				<misses>9762001</misses>
				<total>6</total>
				<timestamp>3608.328243</timestamp>
			</report>
			<report>
				<misses>9763001</misses>
				<total>6</total>
				<timestamp>3608.697882</timestamp>
			</report>
			<report>
				<misses>9764001</misses>
				<total>6</total>
				<timestamp>3609.067498</timestamp>
			</report>
			<report>
				<misses>9765001</misses>
				<total>6</total>
				<timestamp>3609.437126</timestamp>
			</report>
			<report>
				<misses>9766001</misses>
				<total>6</total>
				<timestamp>3609.806780</timestamp>
			</report>
			<report>
				<misses>9767001</misses>
				<total>6</total>
				<timestamp>3610.176385</timestamp>
			</report>
			<report>
				<misses>9768001</misses>
				<total>6</total>
				<timestamp>3610.546044</timestamp>
			</report>
			<report>
				<misses>9769001</misses>
				<total>6</total>
				<timestamp>3610.915677</timestamp>
			</report>
			<report>
				<misses>9770001</misses>
				<total>6</total>
				<timestamp>3611.285291</timestamp>
			</report>
			<report>
				<misses>9771001</misses>
				<total>6</total>
				<timestamp>3611.654891</timestamp>
			</report>
			<report>
				<misses>9772001</misses>
				<total>5</total>
				<timestamp>3612.024713</timestamp>
			</report>
			<report>
				<misses>9773001</misses>
				<total>6</total>
				<timestamp>3612.394152</timestamp>
			</report>
			<report>
				<misses>9774001</misses>
				<total>6</total>
				<timestamp>3612.763859</timestamp>
			</report>
			<report>
				<misses>9775001</misses>
				<total>6</total>
				<timestamp>3613.133477</timestamp>
			</report>
			<report>
				<misses>9776001</misses>
				<total>5</total>
				<timestamp>3613.503154</timestamp>
			</report>
			<report>
				<misses>9777001</misses>
				<total>6</total>
				<timestamp>3613.872732</timestamp>
			</report>
			<report>
				<misses>9778001</misses>
				<total>6</total>
				<timestamp>3614.242370</timestamp>
			</report>
			<report>
				<misses>9779001</misses>
				<total>6</total>
				<timestamp>3614.611997</timestamp>
			</report>
			<report>
				<misses>9780001</misses>
				<total>6</total>
				<timestamp>3614.981572</timestamp>
			</report>
			<report>
				<misses>9781001</misses>
				<total>6</total>
				<timestamp>3615.351212</timestamp>
			</report>
			<report>
				<misses>9782001</misses>
				<total>6</total>
				<timestamp>3615.720847</timestamp>
			</report>
			<report>
				<misses>9783001</misses>
				<total>6</total>
				<timestamp>3616.090475</timestamp>
			</report>
			<report>
				<misses>9784001</misses>
				<total>6</total>
				<timestamp>3616.460155</timestamp>
			</report>
			<report>
				<misses>9785001</misses>
				<total>6</total>
				<timestamp>3616.829810</timestamp>
			</report>
			<report>
				<misses>9786001</misses>
				<total>6</total>
				<timestamp>3617.199431</timestamp>
			</report>
			<report>
				<misses>9787001</misses>
				<total>6</total>
				<timestamp>3617.569135</timestamp>
			</report>
			<report>
				<misses>9788001</misses>
				<total>6</total>
				<timestamp>3617.938621</timestamp>
			</report>
			<report>
				<misses>9789001</misses>
				<total>6</total>
				<timestamp>3618.308234</timestamp>
			</report>
			<report>
				<misses>9790001</misses>
				<total>6</total>
				<timestamp>3618.677888</timestamp>
			</report>
			<report>
				<misses>9791001</misses>
				<total>6</total>
				<timestamp>3619.047498</timestamp>
			</report>
			<report>
				<misses>9792001</misses>
				<total>6</total>
				<timestamp>3619.417123</timestamp>
			</report>
			<report>
				<misses>9793001</misses>
				<total>6</total>
				<timestamp>3619.786776</timestamp>
			</report>
			<report>
				<misses>9794001</misses>
				<total>6</total>
				<timestamp>3620.156384</timestamp>
			</report>
			<report>
				<misses>9795001</misses>
				<total>5</total>
				<timestamp>3620.526180</timestamp>
			</report>
			<report>
				<misses>9796001</misses>
				<total>6</total>
				<timestamp>3620.895695</timestamp>
			</report>
			<report>
				<misses>9797001</misses>
				<total>6</total>
				<timestamp>3621.265306</timestamp>
			</report>
			<report>
				<misses>9798001</misses>
				<total>6</total>
				<timestamp>3621.634908</timestamp>
			</report>
			<report>
				<misses>9799001</misses>
				<total>6</total>
				<timestamp>3622.004647</timestamp>
			</report>
			<report>
				<misses>9800001</misses>
				<total>6</total>
				<timestamp>3622.374166</timestamp>
			</report>
			<report>
				<misses>9801001</misses>
				<total>6</total>
				<timestamp>3622.743811</timestamp>
			</report>
			<report>
				<misses>9802001</misses>
				<total>6</total>
				<timestamp>3623.113459</timestamp>
			</report>
			<report>
				<misses>9803001</misses>
				<total>6</total>
				<timestamp>3623.483128</timestamp>
			</report>
			<report>
				<misses>9804001</misses>
				<total>5</total>
				<timestamp>3623.852817</timestamp>
			</report>
			<report>
				<misses>9805001</misses>
				<total>6</total>
				<timestamp>3624.222394</timestamp>
			</report>
			<report>
				<misses>9806001</misses>
				<total>6</total>
				<timestamp>3624.591953</timestamp>
			</report>
			<report>
				<misses>9807001</misses>
				<total>6</total>
				<timestamp>3624.961632</timestamp>
			</report>
			<report>
				<misses>9808001</misses>
				<total>6</total>
				<timestamp>3625.331233</timestamp>
			</report>
			<report>
				<misses>9809001</misses>
				<total>6</total>
				<timestamp>3625.700894</timestamp>
			</report>
			<report>
				<misses>9810001</misses>
				<total>5</total>
				<timestamp>3626.070613</timestamp>
			</report>
			<report>
				<misses>9811001</misses>
				<total>6</total>
				<timestamp>3626.440115</timestamp>
			</report>
			<report>
				<misses>9812001</misses>
				<total>6</total>
				<timestamp>3626.809769</timestamp>
			</report>
			<report>
				<misses>9813001</misses>
				<total>6</total>
				<timestamp>3627.179349</timestamp>
			</report>
			<report>
				<misses>9814001</misses>
				<total>6</total>
				<timestamp>3627.549007</timestamp>
			</report>
			<report>
				<misses>9815001</misses>
				<total>6</total>
				<timestamp>3627.918741</timestamp>
			</report>
			<report>
				<misses>9816001</misses>
				<total>6</total>
				<timestamp>3628.288249</timestamp>
			</report>
			<report>
				<misses>9817001</misses>
				<total>6</total>
				<timestamp>3628.657937</timestamp>
			</report>
			<report>
				<misses>9818001</misses>
				<total>6</total>
				<timestamp>3629.027525</timestamp>
			</report>
			<report>
				<misses>9819001</misses>
				<total>6</total>
				<timestamp>3629.397127</timestamp>
			</report>
			<report>
				<misses>9820001</misses>
				<total>6</total>
				<timestamp>3629.766823</timestamp>
			</report>
			<report>
				<misses>9821001</misses>
				<total>6</total>
				<timestamp>3630.136402</timestamp>
			</report>
			<report>
				<misses>9822001</misses>
				<total>6</total>
				<timestamp>3630.506072</timestamp>
			</report>
			<report>
				<misses>9823001</misses>
				<total>5</total>
				<timestamp>3630.875805</timestamp>
			</report>
			<report>
				<misses>9824001</misses>
				<total>6</total>
				<timestamp>3631.245307</timestamp>
			</report>
			<report>
				<misses>9825001</misses>
				<total>6</total>
				<timestamp>3631.614993</timestamp>
			</report>
			<report>
				<misses>9826001</misses>
				<total>5</total>
				<timestamp>3631.984692</timestamp>
			</report>
			<report>
				<misses>9827001</misses>
				<total>5</total>
				<timestamp>3632.354281</timestamp>
			</report>
			<report>
				<misses>9828001</misses>
				<total>6</total>
				<timestamp>3632.723858</timestamp>
			</report>
			<report>
				<misses>9829001</misses>
				<total>6</total>
				<timestamp>3633.093496</timestamp>
			</report>
			<report>
				<misses>9830001</misses>
				<total>6</total>
				<timestamp>3633.463128</timestamp>
			</report>
			<report>
				<misses>9831001</misses>
				<total>6</total>
				<timestamp>3633.832715</timestamp>
			</report>
			<report>
				<misses>9832001</misses>
				<total>6</total>
				<timestamp>3634.202390</timestamp>
			</report>
			<report>
				<misses>9833001</misses>
				<total>6</total>
				<timestamp>3634.571987</timestamp>
			</report>
			<report>
				<misses>9834001</misses>
				<total>6</total>
				<timestamp>3634.941616</timestamp>
			</report>
			<report>
				<misses>9835001</misses>
				<total>6</total>
				<timestamp>3635.311288</timestamp>
			</report>
			<report>
				<misses>9836001</misses>
				<total>6</total>
				<timestamp>3635.680920</timestamp>
			</report>
			<report>
				<misses>9837001</misses>
				<total>6</total>
				<timestamp>3636.050522</timestamp>
			</report>
			<report>
				<misses>9838001</misses>
				<total>6</total>
				<timestamp>3636.420110</timestamp>
			</report>
			<report>
				<misses>9839001</misses>
				<total>6</total>
				<timestamp>3636.789750</timestamp>
			</report>
			<report>
				<misses>9840001</misses>
				<total>6</total>
				<timestamp>3637.159372</timestamp>
			</report>
			<report>
				<misses>9841001</misses>
				<total>6</total>
				<timestamp>3637.529004</timestamp>
			</report>
			<report>
				<misses>9842001</misses>
				<total>6</total>
				<timestamp>3637.898666</timestamp>
			</report>
			<report>
				<misses>9843001</misses>
				<total>6</total>
				<timestamp>3638.268318</timestamp>
			</report>
			<report>
				<misses>9844001</misses>
				<total>6</total>
				<timestamp>3638.637942</timestamp>
			</report>
			<report>
				<misses>9845001</misses>
				<total>6</total>
				<timestamp>3639.007621</timestamp>
			</report>
			<report>
				<misses>9846001</misses>
				<total>6</total>
				<timestamp>3639.377163</timestamp>
			</report>
			<report>
				<misses>9847001</misses>
				<total>5</total>
				<timestamp>3639.746883</timestamp>
			</report>
			<report>
				<misses>9848001</misses>
				<total>6</total>
				<timestamp>3640.116439</timestamp>
			</report>
			<report>
				<misses>9849001</misses>
				<total>6</total>
				<timestamp>3640.486048</timestamp>
			</report>
			<report>
				<misses>9850001</misses>
				<total>6</total>
				<timestamp>3640.855666</timestamp>
			</report>
			<report>
				<misses>9851001</misses>
				<total>6</total>
				<timestamp>3641.225326</timestamp>
			</report>
			<report>
				<misses>9852001</misses>
				<total>6</total>
				<timestamp>3641.594928</timestamp>
			</report>
			<report>
				<misses>9853001</misses>
				<total>6</total>
				<timestamp>3641.964583</timestamp>
			</report>
			<report>
				<misses>9854001</misses>
				<total>6</total>
				<timestamp>3642.334215</timestamp>
			</report>
			<report>
				<misses>9855001</misses>
				<total>6</total>
				<timestamp>3642.703809</timestamp>
			</report>
			<report>
				<misses>9856001</misses>
				<total>5</total>
				<timestamp>3643.073561</timestamp>
			</report>
			<report>
				<misses>9857001</misses>
				<total>6</total>
				<timestamp>3643.443068</timestamp>
			</report>
			<report>
				<misses>9858001</misses>
				<total>6</total>
				<timestamp>3643.812725</timestamp>
			</report>
			<report>
				<misses>9859001</misses>
				<total>6</total>
				<timestamp>3644.182343</timestamp>
			</report>
			<report>
				<misses>9860001</misses>
				<total>6</total>
				<timestamp>3644.551987</timestamp>
			</report>
			<report>
				<misses>9861001</misses>
				<total>6</total>
				<timestamp>3644.921647</timestamp>
			</report>
			<report>
				<misses>9862001</misses>
				<total>6</total>
				<timestamp>3645.291229</timestamp>
			</report>
			<report>
				<misses>9863001</misses>
				<total>6</total>
				<timestamp>3645.660924</timestamp>
			</report>
			<report>
				<misses>9864001</misses>
				<total>6</total>
				<timestamp>3646.030506</timestamp>
			</report>
			<report>
				<misses>9865001</misses>
				<total>6</total>
				<timestamp>3646.400181</timestamp>
			</report>
			<report>
				<misses>9866001</misses>
				<total>6</total>
				<timestamp>3646.769800</timestamp>
			</report>
			<report>
				<misses>9867001</misses>
				<total>6</total>
				<timestamp>3647.139376</timestamp>
			</report>
			<report>
				<misses>9868001</misses>
				<total>6</total>
				<timestamp>3647.509030</timestamp>
			</report>
			<report>
				<misses>9869001</misses>
				<total>6</total>
				<timestamp>3647.878634</timestamp>
			</report>
			<report>
				<misses>9870001</misses>
				<total>6</total>
				<timestamp>3648.248272</timestamp>
			</report>
			<report>
				<misses>9871001</misses>
				<total>6</total>
				<timestamp>3648.617917</timestamp>
			</report>
			<report>
				<misses>9872001</misses>
				<total>6</total>
				<timestamp>3648.987531</timestamp>
			</report>
			<report>
				<misses>9873001</misses>
				<total>6</total>
				<timestamp>3649.357170</timestamp>
			</report>
			<report>
				<misses>9874001</misses>
				<total>6</total>
				<timestamp>3649.726847</timestamp>
			</report>
			<report>
				<misses>9875001</misses>
				<total>6</total>
				<timestamp>3650.096503</timestamp>
			</report>
			<report>
				<misses>9876001</misses>
				<total>6</total>
				<timestamp>3650.466114</timestamp>
			</report>
			<report>
				<misses>9877001</misses>
				<total>6</total>
				<timestamp>3650.835721</timestamp>
			</report>
			<report>
				<misses>9878001</misses>
				<total>6</total>
				<timestamp>3651.205320</timestamp>
			</report>
			<report>
				<misses>9879001</misses>
				<total>6</total>
				<timestamp>3651.574981</timestamp>
			</report>
			<report>
				<misses>9880001</misses>
				<total>6</total>
				<timestamp>3651.944611</timestamp>
			</report>
			<report>
				<misses>9881001</misses>
				<total>5</total>
				<timestamp>3652.314317</timestamp>
			</report>
			<report>
				<misses>9882001</misses>
				<total>6</total>
				<timestamp>3652.683861</timestamp>
			</report>
			<report>
				<misses>9883001</misses>
				<total>5</total>
				<timestamp>3653.053547</timestamp>
			</report>
			<report>
				<misses>9884001</misses>
				<total>6</total>
				<timestamp>3653.423093</timestamp>
			</report>
			<report>
				<misses>9885001</misses>
				<total>6</total>
				<timestamp>3653.792731</timestamp>
			</report>
			<report>
				<misses>9886001</misses>
				<total>6</total>
				<timestamp>3654.162367</timestamp>
			</report>
			<report>
				<misses>9887001</misses>
				<total>6</total>
				<timestamp>3654.532078</timestamp>
			</report>
			<report>
				<misses>9888001</misses>
				<total>6</total>
				<timestamp>3654.901608</timestamp>
			</report>
			<report>
				<misses>9889001</misses>
				<total>6</total>
				<timestamp>3655.271302</timestamp>
			</report>
			<report>
				<misses>9890001</misses>
				<total>6</total>
				<timestamp>3655.640864</timestamp>
			</report>
			<report>
				<misses>9891001</misses>
				<total>6</total>
				<timestamp>3656.010542</timestamp>
			</report>
			<report>
				<misses>9892001</misses>
				<total>6</total>
				<timestamp>3656.380216</timestamp>
			</report>
			<report>
				<misses>9893001</misses>
				<total>6</total>
				<timestamp>3656.749761</timestamp>
			</report>
			<report>
				<misses>9894001</misses>
				<total>5</total>
				<timestamp>3657.119550</timestamp>
			</report>
			<report>
				<misses>9895001</misses>
				<total>6</total>
				<timestamp>3657.489097</timestamp>
			</report>
			<report>
				<misses>9896001</misses>
				<total>5</total>
				<timestamp>3657.858778</timestamp>
			</report>
			<report>
				<misses>9897001</misses>
				<total>6</total>
				<timestamp>3658.228279</timestamp>
			</report>
			<report>
				<misses>9898001</misses>
				<total>6</total>
				<timestamp>3658.597920</timestamp>
			</report>
			<report>
				<misses>9899001</misses>
				<total>6</total>
				<timestamp>3658.967591</timestamp>
			</report>
			<report>
				<misses>9900001</misses>
				<total>6</total>
				<timestamp>3659.337255</timestamp>
			</report>
			<report>
				<misses>9901001</misses>
				<total>6</total>
				<timestamp>3659.706806</timestamp>
			</report>
			<report>
				<misses>9902001</misses>
				<total>6</total>
				<timestamp>3660.076515</timestamp>
			</report>
			<report>
				<misses>9903001</misses>
				<total>6</total>
				<timestamp>3660.446088</timestamp>
			</report>
			<report>
				<misses>9904001</misses>
				<total>6</total>
				<timestamp>3660.815755</timestamp>
			</report>
			<report>
				<misses>9905001</misses>
				<total>5</total>
				<timestamp>3661.185445</timestamp>
			</report>
			<report>
				<misses>9906001</misses>
				<total>6</total>
				<timestamp>3661.555006</timestamp>
			</report>
			<report>
				<misses>9907001</misses>
				<total>6</total>
				<timestamp>3661.924608</timestamp>
			</report>
			<report>
				<misses>9908001</misses>
				<total>6</total>
				<timestamp>3662.294283</timestamp>
			</report>
			<report>
				<misses>9909001</misses>
				<total>6</total>
				<timestamp>3662.663889</timestamp>
			</report>
			<report>
				<misses>9910001</misses>
				<total>5</total>
				<timestamp>3663.033581</timestamp>
			</report>
			<report>
				<misses>9911001</misses>
				<total>6</total>
				<timestamp>3663.403136</timestamp>
			</report>
			<report>
				<misses>9912001</misses>
				<total>6</total>
				<timestamp>3663.772729</timestamp>
			</report>
			<report>
				<misses>9913001</misses>
				<total>6</total>
				<timestamp>3664.142416</timestamp>
			</report>
			<report>
				<misses>9914001</misses>
				<total>6</total>
				<timestamp>3664.512016</timestamp>
			</report>
			<report>
				<misses>9915001</misses>
				<total>6</total>
				<timestamp>3664.881614</timestamp>
			</report>
			<report>
				<misses>9916001</misses>
				<total>6</total>
				<timestamp>3665.251281</timestamp>
			</report>
			<report>
				<misses>9917001</misses>
				<total>6</total>
				<timestamp>3665.620894</timestamp>
			</report>
			<report>
				<misses>9918001</misses>
				<total>6</total>
				<timestamp>3665.990539</timestamp>
			</report>
			<report>
				<misses>9919001</misses>
				<total>6</total>
				<timestamp>3666.360157</timestamp>
			</report>
			<report>
				<misses>9920001</misses>
				<total>6</total>
				<timestamp>3666.729850</timestamp>
			</report>
			<report>
				<misses>9921001</misses>
				<total>6</total>
				<timestamp>3667.099501</timestamp>
			</report>
			<report>
				<misses>9922001</misses>
				<total>6</total>
				<timestamp>3667.469050</timestamp>
			</report>
			<report>
				<misses>9923001</misses>
				<total>6</total>
				<timestamp>3667.838680</timestamp>
			</report>
			<report>
				<misses>9924001</misses>
				<total>6</total>
				<timestamp>3668.208290</timestamp>
			</report>
			<report>
				<misses>9925001</misses>
				<total>6</total>
				<timestamp>3668.577944</timestamp>
			</report>
			<report>
				<misses>9926001</misses>
				<total>6</total>
				<timestamp>3668.947604</timestamp>
			</report>
			<report>
				<misses>9927001</misses>
				<total>6</total>
				<timestamp>3669.317271</timestamp>
			</report>
			<report>
				<misses>9928001</misses>
				<total>6</total>
				<timestamp>3669.686829</timestamp>
			</report>
			<report>
				<misses>9929001</misses>
				<total>6</total>
				<timestamp>3670.056492</timestamp>
			</report>
			<report>
				<misses>9930001</misses>
				<total>6</total>
				<timestamp>3670.426097</timestamp>
			</report>
			<report>
				<misses>9931001</misses>
				<total>6</total>
				<timestamp>3670.795695</timestamp>
			</report>
			<report>
				<misses>9932001</misses>
				<total>6</total>
				<timestamp>3671.165376</timestamp>
			</report>
			<report>
				<misses>9933001</misses>
				<total>6</total>
				<timestamp>3671.535009</timestamp>
			</report>
			<report>
				<misses>9934001</misses>
				<total>6</total>
				<timestamp>3671.904611</timestamp>
			</report>
			<report>
				<misses>9935001</misses>
				<total>6</total>
				<timestamp>3672.274230</timestamp>
			</report>
			<report>
				<misses>9936001</misses>
				<total>6</total>
				<timestamp>3672.643849</timestamp>
			</report>
			<report>
				<misses>9937001</misses>
				<total>6</total>
				<timestamp>3673.013485</timestamp>
			</report>
			<report>
				<misses>9938001</misses>
				<total>6</total>
				<timestamp>3673.383120</timestamp>
			</report>
			<report>
				<misses>9939001</misses>
				<total>6</total>
				<timestamp>3673.752742</timestamp>
			</report>
			<report>
				<misses>9940001</misses>
				<total>6</total>
				<timestamp>3674.122409</timestamp>
			</report>
			<report>
				<misses>9941001</misses>
				<total>6</total>
				<timestamp>3674.492036</timestamp>
			</report>
			<report>
				<misses>9942001</misses>
				<total>6</total>
				<timestamp>3674.861638</timestamp>
			</report>
			<report>
				<misses>9943001</misses>
				<total>6</total>
				<timestamp>3675.231355</timestamp>
			</report>
			<report>
				<misses>9944001</misses>
				<total>6</total>
				<timestamp>3675.600911</timestamp>
			</report>
			<report>
				<misses>9945001</misses>
				<total>6</total>
				<timestamp>3675.970563</timestamp>
			</report>
			<report>
				<misses>9946001</misses>
				<total>6</total>
				<timestamp>3676.340196</timestamp>
			</report>
			<report>
				<misses>9947001</misses>
				<total>6</total>
				<timestamp>3676.709826</timestamp>
			</report>
			<report>
				<misses>9948001</misses>
				<total>6</total>
				<timestamp>3677.079455</timestamp>
			</report>
			<report>
				<misses>9949001</misses>
				<total>6</total>
				<timestamp>3677.449101</timestamp>
			</report>
			<report>
				<misses>9950001</misses>
				<total>6</total>
				<timestamp>3677.818671</timestamp>
			</report>
			<report>
				<misses>9951001</misses>
				<total>6</total>
				<timestamp>3678.188332</timestamp>
			</report>
			<report>
				<misses>9952001</misses>
				<total>6</total>
				<timestamp>3678.557950</timestamp>
			</report>
			<report>
				<misses>9953001</misses>
				<total>5</total>
				<timestamp>3678.927675</timestamp>
			</report>
			<report>
				<misses>9954001</misses>
				<total>6</total>
				<timestamp>3679.297259</timestamp>
			</report>
			<report>
				<misses>9955001</misses>
				<total>6</total>
				<timestamp>3679.666890</timestamp>
			</report>
			<report>
				<misses>9956001</misses>
				<total>6</total>
				<timestamp>3680.036525</timestamp>
			</report>
			<report>
				<misses>9957001</misses>
				<total>6</total>
				<timestamp>3680.406075</timestamp>
			</report>
			<report>
				<misses>9958001</misses>
				<total>6</total>
				<timestamp>3680.775709</timestamp>
			</report>
			<report>
				<misses>9959001</misses>
				<total>7</total>
				<timestamp>3681.145423</timestamp>
			</report>
			<report>
				<misses>9960001</misses>
				<total>7</total>
				<timestamp>3681.515048</timestamp>
			</report>
			<report>
				<misses>9961001</misses>
				<total>7</total>
				<timestamp>3681.884638</timestamp>
			</report>
			<report>
				<misses>9962001</misses>
				<total>7</total>
				<timestamp>3682.254283</timestamp>
			</report>
			<report>
				<misses>9963001</misses>
				<total>7</total>
				<timestamp>3682.623855</timestamp>
			</report>
			<report>
				<misses>9964001</misses>
				<total>7</total>
				<timestamp>3682.993517</timestamp>
			</report>
			<report>
				<misses>9965001</misses>
				<total>7</total>
				<timestamp>3683.363139</timestamp>
			</report>
			<report>
				<misses>9966001</misses>
				<total>7</total>
				<timestamp>3683.732832</timestamp>
			</report>
			<report>
				<misses>9967001</misses>
				<total>7</total>
				<timestamp>3684.102405</timestamp>
			</report>
			<report>
				<misses>9968001</misses>
				<total>7</total>
				<timestamp>3684.472064</timestamp>
			</report>
			<report>
				<misses>9969001</misses>
				<total>7</total>
				<timestamp>3684.841629</timestamp>
			</report>
			<report>
				<misses>9970001</misses>
				<total>7</total>
				<timestamp>3685.211348</timestamp>
			</report>
			<report>
				<misses>9971001</misses>
				<total>7</total>
				<timestamp>3685.580893</timestamp>
			</report>
			<report>
				<misses>9972001</misses>
				<total>6</total>
				<timestamp>3685.950651</timestamp>
			</report>
			<report>
				<misses>9973001</misses>
				<total>7</total>
				<timestamp>3686.320223</timestamp>
			</report>
			<report>
				<misses>9974001</misses>
				<total>7</total>
				<timestamp>3686.689809</timestamp>
			</report>
			<report>
				<misses>9975001</misses>
				<total>6</total>
				<timestamp>3687.059555</timestamp>
			</report>
			<report>
				<misses>9976001</misses>
				<total>7</total>
				<timestamp>3687.429079</timestamp>
			</report>
			<report>
				<misses>9977001</misses>
				<total>7</total>
				<timestamp>3687.798692</timestamp>
			</report>
			<report>
				<misses>9978001</misses>
				<total>7</total>
				<timestamp>3688.168376</timestamp>
			</report>
			<report>
				<misses>9979001</misses>
				<total>7</total>
				<timestamp>3688.537963</timestamp>
			</report>
			<report>
				<misses>9980001</misses>
				<total>7</total>
				<timestamp>3688.907619</timestamp>
			</report>
			<report>
				<misses>9981001</misses>
				<total>7</total>
				<timestamp>3689.277269</timestamp>
			</report>
			<report>
				<misses>9982001</misses>
				<total>7</total>
				<timestamp>3689.646837</timestamp>
			</report>
			<report>
				<misses>9983001</misses>
				<total>7</total>
				<timestamp>3690.016528</timestamp>
			</report>
			<report>
				<misses>9984001</misses>
				<total>7</total>
				<timestamp>3690.386129</timestamp>
			</report>
			<report>
				<misses>9985001</misses>
				<total>7</total>
				<timestamp>3690.755734</timestamp>
			</report>
			<report>
				<misses>9986001</misses>
				<total>7</total>
				<timestamp>3691.125398</timestamp>
			</report>
			<report>
				<misses>9987001</misses>
				<total>6</total>
				<timestamp>3691.495096</timestamp>
			</report>
			<report>
				<misses>9988001</misses>
				<total>7</total>
				<timestamp>3691.864655</timestamp>
			</report>
			<report>
				<misses>9989001</misses>
				<total>7</total>
				<timestamp>3692.234240</timestamp>
			</report>
			<report>
				<misses>9990001</misses>
				<total>7</total>
				<timestamp>3692.603912</timestamp>
			</report>
			<report>
				<misses>9991001</misses>
				<total>7</total>
				<timestamp>3692.973548</timestamp>
			</report>
			<report>
				<misses>9992001</misses>
				<total>7</total>
				<timestamp>3693.343201</timestamp>
			</report>
			<report>
				<misses>9993001</misses>
				<total>7</total>
				<timestamp>3693.712773</timestamp>
			</report>
			<report>
				<misses>9994001</misses>
				<total>7</total>
				<timestamp>3694.082432</timestamp>
			</report>
			<report>
				<misses>9995001</misses>
				<total>7</total>
				<timestamp>3694.452013</timestamp>
			</report>
			<report>
				<misses>9996001</misses>
				<total>6</total>
				<timestamp>3694.821728</timestamp>
			</report>
			<report>
				<misses>9997001</misses>
				<total>7</total>
				<timestamp>3695.191339</timestamp>
			</report>
			<report>
				<misses>9998001</misses>
				<total>7</total>
				<timestamp>3695.560892</timestamp>
			</report>
			<report>
				<misses>9999001</misses>
				<total>7</total>
				<timestamp>3695.930541</timestamp>
			</report>
			<report>
				<misses>10000001</misses>
				<total>7</total>
				<timestamp>3696.300184</timestamp>
			</report>
			<report>
				<misses>10001001</misses>
				<total>7</total>
				<timestamp>3696.669804</timestamp>
			</report>
			<report>
				<misses>10002001</misses>
				<total>7</total>
				<timestamp>3697.039433</timestamp>
			</report>
			<report>
				<misses>10003001</misses>
				<total>7</total>
				<timestamp>3697.409064</timestamp>
			</report>
			<report>
				<misses>10004001</misses>
				<total>7</total>
				<timestamp>3697.778677</timestamp>
			</report>
			<report>
				<misses>10005001</misses>
				<total>7</total>
				<timestamp>3698.148338</timestamp>
			</report>
			<report>
				<misses>10006001</misses>
				<total>7</total>
				<timestamp>3698.518006</timestamp>
			</report>
			<report>
				<misses>10007001</misses>
				<total>7</total>
				<timestamp>3698.887605</timestamp>
			</report>
			<report>
				<misses>10008001</misses>
				<total>7</total>
				<timestamp>3699.257223</timestamp>
			</report>
			<report>
				<misses>10009001</misses>
				<total>7</total>
				<timestamp>3699.626821</timestamp>
			</report>
			<report>
				<misses>10010001</misses>
				<total>7</total>
				<timestamp>3699.996536</timestamp>
			</report>
			<report>
				<misses>10011001</misses>
				<total>7</total>
				<timestamp>3700.366193</timestamp>
			</report>
			<report>
				<misses>10012001</misses>
				<total>7</total>
				<timestamp>3700.735732</timestamp>
			</report>
			<report>
				<misses>10013001</misses>
				<total>7</total>
				<timestamp>3701.105380</timestamp>
			</report>
			<report>
				<misses>10014001</misses>
				<total>7</total>
				<timestamp>3701.475016</timestamp>
			</report>
			<report>
				<misses>10015001</misses>
				<total>7</total>
				<timestamp>3701.844691</timestamp>
			</report>
			<report>
				<misses>10016001</misses>
				<total>7</total>
				<timestamp>3702.214268</timestamp>
			</report>
			<report>
				<misses>10017001</misses>
				<total>7</total>
				<timestamp>3702.583873</timestamp>
			</report>
			<report>
				<misses>10018001</misses>
				<total>7</total>
				<timestamp>3702.953516</timestamp>
			</report>
			<report>
				<misses>10019001</misses>
				<total>7</total>
				<timestamp>3703.323168</timestamp>
			</report>
			<report>
				<misses>10020001</misses>
				<total>7</total>
				<timestamp>3703.692784</timestamp>
			</report>
			<report>
				<misses>10021001</misses>
				<total>7</total>
				<timestamp>3704.062468</timestamp>
			</report>
			<report>
				<misses>10022001</misses>
				<total>7</total>
				<timestamp>3704.432078</timestamp>
			</report>
			<report>
				<misses>10023001</misses>
				<total>7</total>
				<timestamp>3704.801716</timestamp>
			</report>
			<report>
				<misses>10024001</misses>
				<total>7</total>
				<timestamp>3705.171311</timestamp>
			</report>
			<report>
				<misses>10025001</misses>
				<total>6</total>
				<timestamp>3705.541006</timestamp>
			</report>
			<report>
				<misses>10026001</misses>
				<total>7</total>
				<timestamp>3705.910649</timestamp>
			</report>
			<report>
				<misses>10027001</misses>
				<total>7</total>
				<timestamp>3706.280195</timestamp>
			</report>
			<report>
				<misses>10028001</misses>
				<total>7</total>
				<timestamp>3706.649860</timestamp>
			</report>
			<report>
				<misses>10029001</misses>
				<total>7</total>
				<timestamp>3707.019445</timestamp>
			</report>
			<report>
				<misses>10030001</misses>
				<total>7</total>
				<timestamp>3707.389149</timestamp>
			</report>
			<report>
				<misses>10031001</misses>
				<total>6</total>
				<timestamp>3707.758805</timestamp>
			</report>
			<report>
				<misses>10032001</misses>
				<total>7</total>
				<timestamp>3708.128331</timestamp>
			</report>
			<report>
				<misses>10033001</misses>
				<total>7</total>
				<timestamp>3708.498027</timestamp>
			</report>
			<report>
				<misses>10034001</misses>
				<total>7</total>
				<timestamp>3708.867637</timestamp>
			</report>
			<report>
				<misses>10035001</misses>
				<total>7</total>
				<timestamp>3709.237275</timestamp>
			</report>
			<report>
				<misses>10036001</misses>
				<total>7</total>
				<timestamp>3709.606854</timestamp>
			</report>
			<report>
				<misses>10037001</misses>
				<total>7</total>
				<timestamp>3709.976541</timestamp>
			</report>
			<report>
				<misses>10038001</misses>
				<total>7</total>
				<timestamp>3710.346249</timestamp>
			</report>
			<report>
				<misses>10039001</misses>
				<total>7</total>
				<timestamp>3710.715852</timestamp>
			</report>
			<report>
				<misses>10040001</misses>
				<total>7</total>
				<timestamp>3711.085395</timestamp>
			</report>
			<report>
				<misses>10041001</misses>
				<total>7</total>
				<timestamp>3711.455012</timestamp>
			</report>
			<report>
				<misses>10042001</misses>
				<total>7</total>
				<timestamp>3711.824674</timestamp>
			</report>
			<report>
				<misses>10043001</misses>
				<total>7</total>
				<timestamp>3712.194304</timestamp>
			</report>
			<report>
				<misses>10044001</misses>
				<total>7</total>
				<timestamp>3712.563916</timestamp>
			</report>
			<report>
				<misses>10045001</misses>
				<total>7</total>
				<timestamp>3712.933576</timestamp>
			</report>
			<report>
				<misses>10046001</misses>
				<total>7</total>
				<timestamp>3713.303207</timestamp>
			</report>
			<report>
				<misses>10047001</misses>
				<total>7</total>
				<timestamp>3713.672825</timestamp>
			</report>
			<report>
				<misses>10048001</misses>
				<total>7</total>
				<timestamp>3714.042420</timestamp>
			</report>
			<report>
				<misses>10049001</misses>
				<total>7</total>
				<timestamp>3714.412101</timestamp>
			</report>
			<report>
				<misses>10050001</misses>
				<total>7</total>
				<timestamp>3714.781662</timestamp>
			</report>
			<report>
				<misses>10051001</misses>
				<total>7</total>
				<timestamp>3715.151289</timestamp>
			</report>
			<report>
				<misses>10052001</misses>
				<total>7</total>
				<timestamp>3715.520953</timestamp>
			</report>
			<report>
				<misses>10053001</misses>
				<total>6</total>
				<timestamp>3715.890682</timestamp>
			</report>
			<report>
				<misses>10054001</misses>
				<total>7</total>
				<timestamp>3716.260199</timestamp>
			</report>
			<report>
				<misses>10055001</misses>
				<total>7</total>
				<timestamp>3716.629884</timestamp>
			</report>
			<report>
				<misses>10056001</misses>
				<total>7</total>
				<timestamp>3716.999480</timestamp>
			</report>
			<report>
				<misses>10057001</misses>
				<total>7</total>
				<timestamp>3717.369085</timestamp>
			</report>
			<report>
				<misses>10058001</misses>
				<total>7</total>
				<timestamp>3717.738711</timestamp>
			</report>
			<report>
				<misses>10059001</misses>
				<total>7</total>
				<timestamp>3718.108345</timestamp>
			</report>
			<report>
				<misses>10060001</misses>
				<total>7</total>
				<timestamp>3718.478048</timestamp>
			</report>
			<report>
				<misses>10061001</misses>
				<total>7</total>
				<timestamp>3718.847620</timestamp>
			</report>
			<report>
				<misses>10062001</misses>
				<total>7</total>
				<timestamp>3719.217226</timestamp>
			</report>
			<report>
				<misses>10063001</misses>
				<total>7</total>
				<timestamp>3719.586861</timestamp>
			</report>
			<report>
				<misses>10064001</misses>
				<total>7</total>
				<timestamp>3719.956477</timestamp>
			</report>
			<report>
				<misses>10065001</misses>
				<total>7</total>
				<timestamp>3720.326144</timestamp>
			</report>
			<report>
				<misses>10066001</misses>
				<total>7</total>
				<timestamp>3720.695747</timestamp>
			</report>
			<report>
				<misses>10067001</misses>
				<total>7</total>
				<timestamp>3721.065366</timestamp>
			</report>
			<report>
				<misses>10068001</misses>
				<total>7</total>
				<timestamp>3721.435036</timestamp>
			</report>
			<report>
				<misses>10069001</misses>
				<total>6</total>
				<timestamp>3721.804757</timestamp>
			</report>
			<report>
				<misses>10070001</misses>
				<total>6</total>
				<timestamp>3722.174353</timestamp>
			</report>
			<report>
				<misses>10071001</misses>
				<total>7</total>
				<timestamp>3722.543894</timestamp>
			</report>
			<report>
				<misses>10072001</misses>
				<total>7</total>
				<timestamp>3722.913605</timestamp>
			</report>
			<report>
				<misses>10073001</misses>
				<total>7</total>
				<timestamp>3723.283180</timestamp>
			</report>
			<report>
				<misses>10074001</misses>
				<total>6</total>
				<timestamp>3723.652935</timestamp>
			</report>
			<report>
				<misses>10075001</misses>
				<total>7</total>
				<timestamp>3724.022473</timestamp>
			</report>
			<report>
				<misses>10076001</misses>
				<total>7</total>
				<timestamp>3724.392032</timestamp>
			</report>
			<report>
				<misses>10077001</misses>
				<total>7</total>
				<timestamp>3724.761675</timestamp>
			</report>
			<report>
				<misses>10078001</misses>
				<total>7</total>
				<timestamp>3725.131327</timestamp>
			</report>
			<report>
				<misses>10079001</misses>
				<total>6</total>
				<timestamp>3725.501059</timestamp>
			</report>
			<report>
				<misses>10080001</misses>
				<total>7</total>
				<timestamp>3725.870596</timestamp>
			</report>
			<report>
				<misses>10081001</misses>
				<total>7</total>
				<timestamp>3726.240198</timestamp>
			</report>
			<report>
				<misses>10082001</misses>
				<total>7</total>
				<timestamp>3726.609818</timestamp>
			</report>
			<report>
				<misses>10083001</misses>
				<total>6</total>
				<timestamp>3726.979579</timestamp>
			</report>
			<report>
				<misses>10084001</misses>
				<total>7</total>
				<timestamp>3727.349154</timestamp>
			</report>
			<report>
				<misses>10085001</misses>
				<total>7</total>
				<timestamp>3727.718708</timestamp>
			</report>
			<report>
				<misses>10086001</misses>
				<total>7</total>
				<timestamp>3728.088360</timestamp>
			</report>
			<report>
				<misses>10087001</misses>
				<total>7</total>
				<timestamp>3728.458012</timestamp>
			</report>
			<report>
				<misses>10088001</misses>
				<total>7</total>
				<timestamp>3728.827621</timestamp>
			</report>
			<report>
				<misses>10089001</misses>
				<total>7</total>
				<timestamp>3729.197281</timestamp>
			</report>
			<report>
				<misses>10090001</misses>
				<total>7</total>
				<timestamp>3729.566950</timestamp>
			</report>
			<report>
				<misses>10091001</misses>
				<total>7</total>
				<timestamp>3729.936565</timestamp>
			</report>
			<report>
				<misses>10092001</misses>
				<total>6</total>
				<timestamp>3730.306294</timestamp>
			</report>
			<report>
				<misses>10093001</misses>
				<total>7</total>
				<timestamp>3730.675773</timestamp>
			</report>
			<report>
				<misses>10094001</misses>
				<total>7</total>
				<timestamp>3731.045429</timestamp>
			</report>
			<report>
				<misses>10095001</misses>
				<total>7</total>
				<timestamp>3731.415095</timestamp>
			</report>
			<report>
				<misses>10096001</misses>
				<total>7</total>
				<timestamp>3731.784685</timestamp>
			</report>
			<report>
				<misses>10097001</misses>
				<total>7</total>
				<timestamp>3732.154317</timestamp>
			</report>
			<report>
				<misses>10098001</misses>
				<total>7</total>
				<timestamp>3732.523966</timestamp>
			</report>
			<report>
				<misses>10099001</misses>
				<total>7</total>
				<timestamp>3732.893553</timestamp>
			</report>
			<report>
				<misses>10100001</misses>
				<total>7</total>
				<timestamp>3733.263207</timestamp>
			</report>
			<report>
				<misses>10101001</misses>
				<total>6</total>
				<timestamp>3733.632912</timestamp>
			</report>
			<report>
				<misses>10102001</misses>
				<total>7</total>
				<timestamp>3734.002457</timestamp>
			</report>
			<report>
				<misses>10103001</misses>
				<total>7</total>
				<timestamp>3734.372110</timestamp>
			</report>
			<report>
				<misses>10104001</misses>
				<total>7</total>
				<timestamp>3734.741743</timestamp>
			</report>
			<report>
				<misses>10105001</misses>
				<total>7</total>
				<timestamp>3735.111341</timestamp>
			</report>
			<report>
				<misses>10106001</misses>
				<total>7</total>
				<timestamp>3735.480957</timestamp>
			</report>
			<report>
				<misses>10107001</misses>
				<total>7</total>
				<timestamp>3735.850583</timestamp>
			</report>
			<report>
				<misses>10108001</misses>
				<total>7</total>
				<timestamp>3736.220249</timestamp>
			</report>
			<report>
				<misses>10109001</misses>
				<total>7</total>
				<timestamp>3736.589877</timestamp>
			</report>
			<report>
				<misses>10110001</misses>
				<total>7</total>
				<timestamp>3736.959477</timestamp>
			</report>
			<report>
				<misses>10111001</misses>
				<total>7</total>
				<timestamp>3737.329159</timestamp>
			</report>
			<report>
				<misses>10112001</misses>
				<total>7</total>
				<timestamp>3737.698729</timestamp>
			</report>
			<report>
				<misses>10113001</misses>
				<total>6</total>
				<timestamp>3738.068457</timestamp>
			</report>
			<report>
				<misses>10114001</misses>
				<total>7</total>
				<timestamp>3738.438006</timestamp>
			</report>
			<report>
				<misses>10115001</misses>
				<total>7</total>
				<timestamp>3738.807611</timestamp>
			</report>
			<report>
				<misses>10116001</misses>
				<total>7</total>
				<timestamp>3739.177259</timestamp>
			</report>
			<report>
				<misses>10117001</misses>
				<total>6</total>
				<timestamp>3739.546986</timestamp>
			</report>
			<report>
				<misses>10118001</misses>
				<total>7</total>
				<timestamp>3739.916564</timestamp>
			</report>
			<report>
				<misses>10119001</misses>
				<total>7</total>
				<timestamp>3740.286199</timestamp>
			</report>
			<report>
				<misses>10120001</misses>
				<total>7</total>
				<timestamp>3740.655791</timestamp>
			</report>
			<report>
				<misses>10121001</misses>
				<total>7</total>
				<timestamp>3741.025446</timestamp>
			</report>
			<report>
				<misses>10122001</misses>
				<total>7</total>
				<timestamp>3741.395087</timestamp>
			</report>
			<report>
				<misses>10123001</misses>
				<total>7</total>
				<timestamp>3741.764645</timestamp>
			</report>
			<report>
				<misses>10124001</misses>
				<total>7</total>
				<timestamp>3742.134292</timestamp>
			</report>
			<report>
				<misses>10125001</misses>
				<total>7</total>
				<timestamp>3742.503913</timestamp>
			</report>
			<report>
				<misses>10126001</misses>
				<total>7</total>
				<timestamp>3742.873561</timestamp>
			</report>
			<report>
				<misses>10127001</misses>
				<total>7</total>
				<timestamp>3743.243206</timestamp>
			</report>
			<report>
				<misses>10128001</misses>
				<total>7</total>
				<timestamp>3743.612795</timestamp>
			</report>
			<report>
				<misses>10129001</misses>
				<total>7</total>
				<timestamp>3743.982433</timestamp>
			</report>
			<report>
				<misses>10130001</misses>
				<total>7</total>
				<timestamp>3744.352111</timestamp>
			</report>
			<report>
				<misses>10131001</misses>
				<total>7</total>
				<timestamp>3744.721699</timestamp>
			</report>
			<report>
				<misses>10132001</misses>
				<total>7</total>
				<timestamp>3745.091353</timestamp>
			</report>
			<report>
				<misses>10133001</misses>
				<total>7</total>
				<timestamp>3745.460980</timestamp>
			</report>
			<report>
				<misses>10134001</misses>
				<total>7</total>
				<timestamp>3745.830613</timestamp>
			</report>
			<report>
				<misses>10135001</misses>
				<total>7</total>
				<timestamp>3746.200249</timestamp>
			</report>
			<report>
				<misses>10136001</misses>
				<total>7</total>
				<timestamp>3746.569877</timestamp>
			</report>
			<report>
				<misses>10137001</misses>
				<total>7</total>
				<timestamp>3746.939503</timestamp>
			</report>
			<report>
				<misses>10138001</misses>
				<total>7</total>
				<timestamp>3747.309174</timestamp>
			</report>
			<report>
				<misses>10139001</misses>
				<total>7</total>
				<timestamp>3747.678761</timestamp>
			</report>
			<report>
				<misses>10140001</misses>
				<total>7</total>
				<timestamp>3748.048400</timestamp>
			</report>
			<report>
				<misses>10141001</misses>
				<total>7</total>
				<timestamp>3748.418018</timestamp>
			</report>
			<report>
				<misses>10142001</misses>
				<total>7</total>
				<timestamp>3748.787633</timestamp>
			</report>
			<report>
				<misses>10143001</misses>
				<total>7</total>
				<timestamp>3749.157294</timestamp>
			</report>
			<report>
				<misses>10144001</misses>
				<total>7</total>
				<timestamp>3749.526968</timestamp>
			</report>
			<report>
				<misses>10145001</misses>
				<total>7</total>
				<timestamp>3749.896619</timestamp>
			</report>
			<report>
				<misses>10146001</misses>
				<total>7</total>
				<timestamp>3750.266155</timestamp>
			</report>
			<report>
				<misses>10147001</misses>
				<total>7</total>
				<timestamp>3750.635870</timestamp>
			</report>
			<report>
				<misses>10148001</misses>
				<total>7</total>
				<timestamp>3751.005451</timestamp>
			</report>
			<report>
				<misses>10149001</misses>
				<total>7</total>
				<timestamp>3751.375080</timestamp>
			</report>
			<report>
				<misses>10150001</misses>
				<total>7</total>
				<timestamp>3751.744681</timestamp>
			</report>
			<report>
				<misses>10151001</misses>
				<total>7</total>
				<timestamp>3752.114307</timestamp>
			</report>
			<report>
				<misses>10152001</misses>
				<total>7</total>
				<timestamp>3752.483969</timestamp>
			</report>
			<report>
				<misses>10153001</misses>
				<total>7</total>
				<timestamp>3752.853579</timestamp>
			</report>
			<report>
				<misses>10154001</misses>
				<total>7</total>
				<timestamp>3753.223189</timestamp>
			</report>
			<report>
				<misses>10155001</misses>
				<total>7</total>
				<timestamp>3753.592907</timestamp>
			</report>
			<report>
				<misses>10156001</misses>
				<total>7</total>
				<timestamp>3753.962499</timestamp>
			</report>
			<report>
				<misses>10157001</misses>
				<total>7</total>
				<timestamp>3754.332115</timestamp>
			</report>
			<report>
				<misses>10158001</misses>
				<total>7</total>
				<timestamp>3754.701787</timestamp>
			</report>
			<report>
				<misses>10159001</misses>
				<total>7</total>
				<timestamp>3755.071348</timestamp>
			</report>
			<report>
				<misses>10160001</misses>
				<total>7</total>
				<timestamp>3755.440999</timestamp>
			</report>
			<report>
				<misses>10161001</misses>
				<total>7</total>
				<timestamp>3755.810676</timestamp>
			</report>
			<report>
				<misses>10162001</misses>
				<total>7</total>
				<timestamp>3756.180298</timestamp>
			</report>
			<report>
				<misses>10163001</misses>
				<total>7</total>
				<timestamp>3756.549950</timestamp>
			</report>
			<report>
				<misses>10164001</misses>
				<total>7</total>
				<timestamp>3756.919491</timestamp>
			</report>
			<report>
				<misses>10165001</misses>
				<total>7</total>
				<timestamp>3757.289156</timestamp>
			</report>
			<report>
				<misses>10166001</misses>
				<total>7</total>
				<timestamp>3757.658802</timestamp>
			</report>
			<report>
				<misses>10167001</misses>
				<total>6</total>
				<timestamp>3758.028504</timestamp>
			</report>
			<report>
				<misses>10168001</misses>
				<total>6</total>
				<timestamp>3758.398097</timestamp>
			</report>
			<report>
				<misses>10169001</misses>
				<total>7</total>
				<timestamp>3758.767641</timestamp>
			</report>
			<report>
				<misses>10170001</misses>
				<total>7</total>
				<timestamp>3759.137321</timestamp>
			</report>
			<report>
				<misses>10171001</misses>
				<total>7</total>
				<timestamp>3759.506957</timestamp>
			</report>
			<report>
				<misses>10172001</misses>
				<total>7</total>
				<timestamp>3759.876528</timestamp>
			</report>
			<report>
				<misses>10173001</misses>
				<total>7</total>
				<timestamp>3760.246226</timestamp>
			</report>
			<report>
				<misses>10174001</misses>
				<total>7</total>
				<timestamp>3760.615840</timestamp>
			</report>
			<report>
				<misses>10175001</misses>
				<total>7</total>
				<timestamp>3760.985504</timestamp>
			</report>
			<report>
				<misses>10176001</misses>
				<total>7</total>
				<timestamp>3761.355064</timestamp>
			</report>
			<report>
				<misses>10177001</misses>
				<total>7</total>
				<timestamp>3761.724774</timestamp>
			</report>
			<report>
				<misses>10178001</misses>
				<total>7</total>
				<timestamp>3762.094307</timestamp>
			</report>
			<report>
				<misses>10179001</misses>
				<total>7</total>
				<timestamp>3762.463988</timestamp>
			</report>
			<report>
				<misses>10180001</misses>
				<total>7</total>
				<timestamp>3762.833607</timestamp>
			</report>
			<report>
				<misses>10181001</misses>
				<total>7</total>
				<timestamp>3763.203210</timestamp>
			</report>
			<report>
				<misses>10182001</misses>
				<total>7</total>
				<timestamp>3763.572930</timestamp>
			</report>
			<report>
				<misses>10183001</misses>
				<total>7</total>
				<timestamp>3763.942451</timestamp>
			</report>
			<report>
				<misses>10184001</misses>
				<total>7</total>
				<timestamp>3764.312180</timestamp>
			</report>
			<report>
				<misses>10185001</misses>
				<total>7</total>
				<timestamp>3764.681755</timestamp>
			</report>
			<report>
				<misses>10186001</misses>
				<total>7</total>
				<timestamp>3765.051344</timestamp>
			</report>
			<report>
				<misses>10187001</misses>
				<total>7</total>
				<timestamp>3765.421046</timestamp>
			</report>
			<report>
				<misses>10188001</misses>
				<total>7</total>
				<timestamp>3765.790626</timestamp>
			</report>
			<report>
				<misses>10189001</misses>
				<total>7</total>
				<timestamp>3766.160275</timestamp>
			</report>
			<report>
				<misses>10190001</misses>
				<total>6</total>
				<timestamp>3766.529973</timestamp>
			</report>
			<report>
				<misses>10191001</misses>
				<total>7</total>
				<timestamp>3766.899560</timestamp>
			</report>
			<report>
				<misses>10192001</misses>
				<total>7</total>
				<timestamp>3767.269216</timestamp>
			</report>
			<report>
				<misses>10193001</misses>
				<total>7</total>
				<timestamp>3767.638804</timestamp>
			</report>
			<report>
				<misses>10194001</misses>
				<total>7</total>
				<timestamp>3768.008404</timestamp>
			</report>
			<report>
				<misses>10195001</misses>
				<total>7</total>
				<timestamp>3768.378028</timestamp>
			</report>
			<report>
				<misses>10196001</misses>
				<total>7</total>
				<timestamp>3768.747773</timestamp>
			</report>
			<report>
				<misses>10197001</misses>
				<total>7</total>
				<timestamp>3769.117295</timestamp>
			</report>
			<report>
				<misses>10198001</misses>
				<total>7</total>
				<timestamp>3769.486992</timestamp>
			</report>
			<report>
				<misses>10199001</misses>
				<total>7</total>
				<timestamp>3769.856550</timestamp>
			</report>
			<report>
				<misses>10200001</misses>
				<total>7</total>
				<timestamp>3770.226200</timestamp>
			</report>
			<report>
				<misses>10201001</misses>
				<total>7</total>
				<timestamp>3770.595839</timestamp>
			</report>
			<report>
				<misses>10202001</misses>
				<total>7</total>
				<timestamp>3770.965435</timestamp>
			</report>
			<report>
				<misses>10203001</misses>
				<total>7</total>
				<timestamp>3771.335062</timestamp>
			</report>
			<report>
				<misses>10204001</misses>
				<total>7</total>
				<timestamp>3771.704726</timestamp>
			</report>
			<report>
				<misses>10205001</misses>
				<total>7</total>
				<timestamp>3772.074320</timestamp>
			</report>
			<report>
				<misses>10206001</misses>
				<total>7</total>
				<timestamp>3772.443950</timestamp>
			</report>
			<report>
				<misses>10207001</misses>
				<total>7</total>
				<timestamp>3772.813633</timestamp>
			</report>
			<report>
				<misses>10208001</misses>
				<total>7</total>
				<timestamp>3773.183200</timestamp>
			</report>
			<report>
				<misses>10209001</misses>
				<total>7</total>
				<timestamp>3773.552897</timestamp>
			</report>
			<report>
				<misses>10210001</misses>
				<total>7</total>
				<timestamp>3773.922460</timestamp>
			</report>
			<report>
				<misses>10211001</misses>
				<total>7</total>
				<timestamp>3774.292144</timestamp>
			</report>
			<report>
				<misses>10212001</misses>
				<total>7</total>
				<timestamp>3774.661798</timestamp>
			</report>
			<report>
				<misses>10213001</misses>
				<total>7</total>
				<timestamp>3775.031413</timestamp>
			</report>
			<report>
				<misses>10214001</misses>
				<total>7</total>
				<timestamp>3775.400997</timestamp>
			</report>
			<report>
				<misses>10215001</misses>
				<total>7</total>
				<timestamp>3775.770661</timestamp>
			</report>
			<report>
				<misses>10216001</misses>
				<total>7</total>
				<timestamp>3776.140269</timestamp>
			</report>
			<report>
				<misses>10217001</misses>
				<total>7</total>
				<timestamp>3776.509947</timestamp>
			</report>
			<report>
				<misses>10218001</misses>
				<total>7</total>
				<timestamp>3776.879572</timestamp>
			</report>
			<report>
				<misses>10219001</misses>
				<total>7</total>
				<timestamp>3777.249141</timestamp>
			</report>
			<report>
				<misses>10220001</misses>
				<total>7</total>
				<timestamp>3777.618814</timestamp>
			</report>
			<report>
				<misses>10221001</misses>
				<total>7</total>
				<timestamp>3777.988404</timestamp>
			</report>
			<report>
				<misses>10222001</misses>
				<total>7</total>
				<timestamp>3778.358069</timestamp>
			</report>
			<report>
				<misses>10223001</misses>
				<total>7</total>
				<timestamp>3778.727735</timestamp>
			</report>
			<report>
				<misses>10224001</misses>
				<total>7</total>
				<timestamp>3779.097340</timestamp>
			</report>
			<report>
				<misses>10225001</misses>
				<total>7</total>
				<timestamp>3779.467000</timestamp>
			</report>
			<report>
				<misses>10226001</misses>
				<total>7</total>
				<timestamp>3779.836622</timestamp>
			</report>
			<report>
				<misses>10227001</misses>
				<total>7</total>
				<timestamp>3780.206181</timestamp>
			</report>
			<report>
				<misses>10228001</misses>
				<total>7</total>
				<timestamp>3780.575834</timestamp>
			</report>
			<report>
				<misses>10229001</misses>
				<total>7</total>
				<timestamp>3780.945478</timestamp>
			</report>
			<report>
				<misses>10230001</misses>
				<total>7</total>
				<timestamp>3781.315094</timestamp>
			</report>
			<report>
				<misses>10231001</misses>
				<total>6</total>
				<timestamp>3781.684798</timestamp>
			</report>
			<report>
				<misses>10232001</misses>
				<total>7</total>
				<timestamp>3782.054323</timestamp>
			</report>
			<report>
				<misses>10233001</misses>
				<total>7</total>
				<timestamp>3782.423963</timestamp>
			</report>
			<report>
				<misses>10234001</misses>
				<total>7</total>
				<timestamp>3782.793620</timestamp>
			</report>
			<report>
				<misses>10235001</misses>
				<total>7</total>
				<timestamp>3783.163255</timestamp>
			</report>
			<report>
				<misses>10236001</misses>
				<total>7</total>
				<timestamp>3783.532884</timestamp>
			</report>
			<report>
				<misses>10237001</misses>
				<total>7</total>
				<timestamp>3783.902505</timestamp>
			</report>
			<report>
				<misses>10238001</misses>
				<total>7</total>
				<timestamp>3784.272130</timestamp>
			</report>
			<report>
				<misses>10239001</misses>
				<total>7</total>
				<timestamp>3784.641760</timestamp>
			</report>
			<report>
				<misses>10240001</misses>
				<total>7</total>
				<timestamp>3785.011435</timestamp>
			</report>
			<report>
				<misses>10241001</misses>
				<total>7</total>
				<timestamp>3785.381092</timestamp>
			</report>
			<report>
				<misses>10242001</misses>
				<total>7</total>
				<timestamp>3785.750692</timestamp>
			</report>
			<report>
				<misses>10243001</misses>
				<total>7</total>
				<timestamp>3786.120266</timestamp>
			</report>
			<report>
				<misses>10244001</misses>
				<total>7</total>
				<timestamp>3786.489921</timestamp>
			</report>
			<report>
				<misses>10245001</misses>
				<total>7</total>
				<timestamp>3786.859538</timestamp>
			</report>
			<report>
				<misses>10246001</misses>
				<total>6</total>
				<timestamp>3787.229277</timestamp>
			</report>
			<report>
				<misses>10247001</misses>
				<total>7</total>
				<timestamp>3787.598795</timestamp>
			</report>
			<report>
				<misses>10248001</misses>
				<total>6</total>
				<timestamp>3787.968520</timestamp>
			</report>
			<report>
				<misses>10249001</misses>
				<total>7</total>
				<timestamp>3788.338050</timestamp>
			</report>
			<report>
				<misses>10250001</misses>
				<total>7</total>
				<timestamp>3788.707674</timestamp>
			</report>
			<report>
				<misses>10251001</misses>
				<total>7</total>
				<timestamp>3789.077313</timestamp>
			</report>
			<report>
				<misses>10252001</misses>
				<total>7</total>
				<timestamp>3789.446963</timestamp>
			</report>
			<report>
				<misses>10253001</misses>
				<total>7</total>
				<timestamp>3789.816612</timestamp>
			</report>
			<report>
				<misses>10254001</misses>
				<total>7</total>
				<timestamp>3790.186217</timestamp>
			</report>
			<report>
				<misses>10255001</misses>
				<total>7</total>
				<timestamp>3790.555888</timestamp>
			</report>
			<report>
				<misses>10256001</misses>
				<total>7</total>
				<timestamp>3790.925558</timestamp>
			</report>
			<report>
				<misses>10257001</misses>
				<total>7</total>
				<timestamp>3791.295069</timestamp>
			</report>
			<report>
				<misses>10258001</misses>
				<total>7</total>
				<timestamp>3791.664732</timestamp>
			</report>
			<report>
				<misses>10259001</misses>
				<total>7</total>
				<timestamp>3792.034364</timestamp>
			</report>
			<report>
				<misses>10260001</misses>
				<total>7</total>
				<timestamp>3792.404055</timestamp>
			</report>
			<report>
				<misses>10261001</misses>
				<total>7</total>
				<timestamp>3792.773650</timestamp>
			</report>
			<report>
				<misses>10262001</misses>
				<total>7</total>
				<timestamp>3793.143217</timestamp>
			</report>
			<report>
				<misses>10263001</misses>
				<total>7</total>
				<timestamp>3793.512885</timestamp>
			</report>
			<report>
				<misses>10264001</misses>
				<total>6</total>
				<timestamp>3793.882609</timestamp>
			</report>
			<report>
				<misses>10265001</misses>
				<total>7</total>
				<timestamp>3794.252181</timestamp>
			</report>
			<report>
				<misses>10266001</misses>
				<total>7</total>
				<timestamp>3794.621755</timestamp>
			</report>
			<report>
				<misses>10267001</misses>
				<total>7</total>
				<timestamp>3794.991499</timestamp>
			</report>
			<report>
				<misses>10268001</misses>
				<total>8</total>
				<timestamp>3795.361085</timestamp>
			</report>
			<report>
				<misses>10269001</misses>
				<total>8</total>
				<timestamp>3795.730661</timestamp>
			</report>
			<report>
				<misses>10270001</misses>
				<total>8</total>
				<timestamp>3796.100266</timestamp>
			</report>
			<report>
				<misses>10271001</misses>
				<total>8</total>
				<timestamp>3796.469950</timestamp>
			</report>
			<report>
				<misses>10272001</misses>
				<total>8</total>
				<timestamp>3796.839543</timestamp>
			</report>
			<report>
				<misses>10273001</misses>
				<total>8</total>
				<timestamp>3797.209190</timestamp>
			</report>
			<report>
				<misses>10274001</misses>
				<total>8</total>
				<timestamp>3797.578793</timestamp>
			</report>
			<report>
				<misses>10275001</misses>
				<total>8</total>
				<timestamp>3797.948504</timestamp>
			</report>
			<report>
				<misses>10276001</misses>
				<total>8</total>
				<timestamp>3798.318131</timestamp>
			</report>
			<report>
				<misses>10277001</misses>
				<total>8</total>
				<timestamp>3798.687691</timestamp>
			</report>
			<report>
				<misses>10278001</misses>
				<total>8</total>
				<timestamp>3799.057307</timestamp>
			</report>
			<report>
				<misses>10279001</misses>
				<total>8</total>
				<timestamp>3799.426931</timestamp>
			</report>
			<report>
				<misses>10280001</misses>
				<total>8</total>
				<timestamp>3799.796612</timestamp>
			</report>
			<report>
				<misses>10281001</misses>
				<total>8</total>
				<timestamp>3800.166210</timestamp>
			</report>
			<report>
				<misses>10282001</misses>
				<total>8</total>
				<timestamp>3800.535838</timestamp>
			</report>
			<report>
				<misses>10283001</misses>
				<total>8</total>
				<timestamp>3800.905561</timestamp>
			</report>
			<report>
				<misses>10284001</misses>
				<total>7</total>
				<timestamp>3801.275179</timestamp>
			</report>
			<report>
				<misses>10285001</misses>
				<total>8</total>
				<timestamp>3801.644713</timestamp>
			</report>
			<report>
				<misses>10286001</misses>
				<total>8</total>
				<timestamp>3802.014404</timestamp>
			</report>
			<report>
				<misses>10287001</misses>
				<total>8</total>
				<timestamp>3802.383997</timestamp>
			</report>
			<report>
				<misses>10288001</misses>
				<total>8</total>
				<timestamp>3802.753632</timestamp>
			</report>
			<report>
				<misses>10289001</misses>
				<total>8</total>
				<timestamp>3803.123286</timestamp>
			</report>
			<report>
				<misses>10290001</misses>
				<total>8</total>
				<timestamp>3803.492876</timestamp>
			</report>
			<report>
				<misses>10291001</misses>
				<total>8</total>
				<timestamp>3803.862508</timestamp>
			</report>
			<report>
				<misses>10292001</misses>
				<total>8</total>
				<timestamp>3804.232171</timestamp>
			</report>
			<report>
				<misses>10293001</misses>
				<total>8</total>
				<timestamp>3804.601825</timestamp>
			</report>
			<report>
				<misses>10294001</misses>
				<total>8</total>
				<timestamp>3804.971393</timestamp>
			</report>
			<report>
				<misses>10295001</misses>
				<total>8</total>
				<timestamp>3805.341038</timestamp>
			</report>
			<report>
				<misses>10296001</misses>
				<total>8</total>
				<timestamp>3805.710661</timestamp>
			</report>
			<report>
				<misses>10297001</misses>
				<total>8</total>
				<timestamp>3806.080274</timestamp>
			</report>
			<report>
				<misses>10298001</misses>
				<total>8</total>
				<timestamp>3806.449914</timestamp>
			</report>
			<report>
				<misses>10299001</misses>
				<total>8</total>
				<timestamp>3806.819615</timestamp>
			</report>
			<report>
				<misses>10300001</misses>
				<total>8</total>
				<timestamp>3807.189189</timestamp>
			</report>
			<report>
				<misses>10301001</misses>
				<total>8</total>
				<timestamp>3807.558881</timestamp>
			</report>
			<report>
				<misses>10302001</misses>
				<total>7</total>
				<timestamp>3807.928542</timestamp>
			</report>
			<report>
				<misses>10303001</misses>
				<total>8</total>
				<timestamp>3808.298111</timestamp>
			</report>
			<report>
				<misses>10304001</misses>
				<total>8</total>
				<timestamp>3808.667701</timestamp>
			</report>
			<report>
				<misses>10305001</misses>
				<total>8</total>
				<timestamp>3809.037338</timestamp>
			</report>
			<report>
				<misses>10306001</misses>
				<total>8</total>
				<timestamp>3809.406997</timestamp>
			</report>
			<report>
				<misses>10307001</misses>
				<total>8</total>
				<timestamp>3809.776589</timestamp>
			</report>
			<report>
				<misses>10308001</misses>
				<total>7</total>
				<timestamp>3810.146325</timestamp>
			</report>
			<report>
				<misses>10309001</misses>
				<total>8</total>
				<timestamp>3810.515831</timestamp>
			</report>
			<report>
				<misses>10310001</misses>
				<total>8</total>
				<timestamp>3810.885487</timestamp>
			</report>
			<report>
				<misses>10311001</misses>
				<total>8</total>
				<timestamp>3811.255093</timestamp>
			</report>
			<report>
				<misses>10312001</misses>
				<total>8</total>
				<timestamp>3811.624757</timestamp>
			</report>
			<report>
				<misses>10313001</misses>
				<total>8</total>
				<timestamp>3811.994415</timestamp>
			</report>
			<report>
				<misses>10314001</misses>
				<total>8</total>
				<timestamp>3812.364068</timestamp>
			</report>
			<report>
				<misses>10315001</misses>
				<total>7</total>
				<timestamp>3812.733717</timestamp>
			</report>
			<report>
				<misses>10316001</misses>
				<total>8</total>
				<timestamp>3813.103297</timestamp>
			</report>
			<report>
				<misses>10317001</misses>
				<total>8</total>
				<timestamp>3813.472890</timestamp>
			</report>
			<report>
				<misses>10318001</misses>
				<total>8</total>
				<timestamp>3813.842580</timestamp>
			</report>
			<report>
				<misses>10319001</misses>
				<total>7</total>
				<timestamp>3814.212279</timestamp>
			</report>
			<report>
				<misses>10320001</misses>
				<total>8</total>
				<timestamp>3814.581793</timestamp>
			</report>
			<report>
				<misses>10321001</misses>
				<total>8</total>
				<timestamp>3814.951458</timestamp>
			</report>
			<report>
				<misses>10322001</misses>
				<total>8</total>
				<timestamp>3815.321032</timestamp>
			</report>
			<report>
				<misses>10323001</misses>
				<total>8</total>
				<timestamp>3815.690665</timestamp>
			</report>
			<report>
				<misses>10324001</misses>
				<total>8</total>
				<timestamp>3816.060282</timestamp>
			</report>
			<report>
				<misses>10325001</misses>
				<total>8</total>
				<timestamp>3816.429915</timestamp>
			</report>
			<report>
				<misses>10326001</misses>
				<total>7</total>
				<timestamp>3816.799649</timestamp>
			</report>
			<report>
				<misses>10327001</misses>
				<total>8</total>
				<timestamp>3817.169241</timestamp>
			</report>
			<report>
				<misses>10328001</misses>
				<total>8</total>
				<timestamp>3817.538833</timestamp>
			</report>
			<report>
				<misses>10329001</misses>
				<total>8</total>
				<timestamp>3817.908502</timestamp>
			</report>
			<report>
				<misses>10330001</misses>
				<total>8</total>
				<timestamp>3818.278086</timestamp>
			</report>
			<report>
				<misses>10331001</misses>
				<total>8</total>
				<timestamp>3818.647721</timestamp>
			</report>
			<report>
				<misses>10332001</misses>
				<total>8</total>
				<timestamp>3819.017360</timestamp>
			</report>
			<report>
				<misses>10333001</misses>
				<total>7</total>
				<timestamp>3819.387052</timestamp>
			</report>
			<report>
				<misses>10334001</misses>
				<total>8</total>
				<timestamp>3819.756631</timestamp>
			</report>
			<report>
				<misses>10335001</misses>
				<total>8</total>
				<timestamp>3820.126214</timestamp>
			</report>
			<report>
				<misses>10336001</misses>
				<total>7</total>
				<timestamp>3820.495935</timestamp>
			</report>
			<report>
				<misses>10337001</misses>
				<total>8</total>
				<timestamp>3820.865505</timestamp>
			</report>
			<report>
				<misses>10338001</misses>
				<total>8</total>
				<timestamp>3821.235162</timestamp>
			</report>
			<report>
				<misses>10339001</misses>
				<total>8</total>
				<timestamp>3821.604821</timestamp>
			</report>
			<report>
				<misses>10340001</misses>
				<total>7</total>
				<timestamp>3821.974501</timestamp>
			</report>
			<report>
				<misses>10341001</misses>
				<total>8</total>
				<timestamp>3822.343998</timestamp>
			</report>
			<report>
				<misses>10342001</misses>
				<total>8</total>
				<timestamp>3822.713674</timestamp>
			</report>
			<report>
				<misses>10343001</misses>
				<total>8</total>
				<timestamp>3823.083250</timestamp>
			</report>
			<report>
				<misses>10344001</misses>
				<total>8</total>
				<timestamp>3823.452881</timestamp>
			</report>
			<report>
				<misses>10345001</misses>
				<total>8</total>
				<timestamp>3823.822533</timestamp>
			</report>
			<report>
				<misses>10346001</misses>
				<total>8</total>
				<timestamp>3824.192159</timestamp>
			</report>
			<report>
				<misses>10347001</misses>
				<total>8</total>
				<timestamp>3824.561773</timestamp>
			</report>
			<report>
				<misses>10348001</misses>
				<total>8</total>
				<timestamp>3824.931438</timestamp>
			</report>
			<report>
				<misses>10349001</misses>
				<total>7</total>
				<timestamp>3825.301122</timestamp>
			</report>
			<report>
				<misses>10350001</misses>
				<total>8</total>
				<timestamp>3825.670675</timestamp>
			</report>
			<report>
				<misses>10351001</misses>
				<total>8</total>
				<timestamp>3826.040311</timestamp>
			</report>
			<report>
				<misses>10352001</misses>
				<total>8</total>
				<timestamp>3826.409964</timestamp>
			</report>
			<report>
				<misses>10353001</misses>
				<total>8</total>
				<timestamp>3826.779580</timestamp>
			</report>
			<report>
				<misses>10354001</misses>
				<total>8</total>
				<timestamp>3827.149229</timestamp>
			</report>
			<report>
				<misses>10355001</misses>
				<total>7</total>
				<timestamp>3827.518927</timestamp>
			</report>
			<report>
				<misses>10356001</misses>
				<total>8</total>
				<timestamp>3827.888499</timestamp>
			</report>
			<report>
				<misses>10357001</misses>
				<total>8</total>
				<timestamp>3828.258171</timestamp>
			</report>
			<report>
				<misses>10358001</misses>
				<total>8</total>
				<timestamp>3828.627736</timestamp>
			</report>
			<report>
				<misses>10359001</misses>
				<total>8</total>
				<timestamp>3828.997407</timestamp>
			</report>
			<report>
				<misses>10360001</misses>
				<total>8</total>
				<timestamp>3829.367010</timestamp>
			</report>
			<report>
				<misses>10361001</misses>
				<total>8</total>
				<timestamp>3829.736629</timestamp>
			</report>
			<report>
				<misses>10362001</misses>
				<total>8</total>
				<timestamp>3830.106249</timestamp>
			</report>
			<report>
				<misses>10363001</misses>
				<total>8</total>
				<timestamp>3830.475868</timestamp>
			</report>
			<report>
				<misses>10364001</misses>
				<total>8</total>
				<timestamp>3830.845512</timestamp>
			</report>
			<report>
				<misses>10365001</misses>
				<total>8</total>
				<timestamp>3831.215153</timestamp>
			</report>
			<report>
				<misses>10366001</misses>
				<total>8</total>
				<timestamp>3831.584794</timestamp>
			</report>
			<report>
				<misses>10367001</misses>
				<total>8</total>
				<timestamp>3831.954456</timestamp>
			</report>
			<report>
				<misses>10368001</misses>
				<total>8</total>
				<timestamp>3832.324025</timestamp>
			</report>
			<report>
				<misses>10369001</misses>
				<total>8</total>
				<timestamp>3832.693638</timestamp>
			</report>
			<report>
				<misses>10370001</misses>
				<total>8</total>
				<timestamp>3833.063277</timestamp>
			</report>
			<report>
				<misses>10371001</misses>
				<total>8</total>
				<timestamp>3833.432949</timestamp>
			</report>
			<report>
				<misses>10372001</misses>
				<total>8</total>
				<timestamp>3833.802527</timestamp>
			</report>
			<report>
				<misses>10373001</misses>
				<total>8</total>
				<timestamp>3834.172151</timestamp>
			</report>
			<report>
				<misses>10374001</misses>
				<total>8</total>
				<timestamp>3834.541854</timestamp>
			</report>
			<report>
				<misses>10375001</misses>
				<total>8</total>
				<timestamp>3834.911453</timestamp>
			</report>
			<report>
				<misses>10376001</misses>
				<total>8</total>
				<timestamp>3835.281056</timestamp>
			</report>
			<report>
				<misses>10377001</misses>
				<total>8</total>
				<timestamp>3835.650731</timestamp>
			</report>
			<report>
				<misses>10378001</misses>
				<total>8</total>
				<timestamp>3836.020338</timestamp>
			</report>
			<report>
				<misses>10379001</misses>
				<total>8</total>
				<timestamp>3836.389943</timestamp>
			</report>
			<report>
				<misses>10380001</misses>
				<total>8</total>
				<timestamp>3836.759615</timestamp>
			</report>
			<report>
				<misses>10381001</misses>
				<total>8</total>
				<timestamp>3837.129309</timestamp>
			</report>
			<report>
				<misses>10382001</misses>
				<total>8</total>
				<timestamp>3837.498862</timestamp>
			</report>
			<report>
				<misses>10383001</misses>
				<total>8</total>
				<timestamp>3837.868449</timestamp>
			</report>
			<report>
				<misses>10384001</misses>
				<total>8</total>
				<timestamp>3838.238119</timestamp>
			</report>
			<report>
				<misses>10385001</misses>
				<total>8</total>
				<timestamp>3838.607739</timestamp>
			</report>
			<report>
				<misses>10386001</misses>
				<total>8</total>
				<timestamp>3838.977422</timestamp>
			</report>
			<report>
				<misses>10387001</misses>
				<total>8</total>
				<timestamp>3839.346981</timestamp>
			</report>
			<report>
				<misses>10388001</misses>
				<total>8</total>
				<timestamp>3839.716653</timestamp>
			</report>
			<report>
				<misses>10389001</misses>
				<total>8</total>
				<timestamp>3840.086258</timestamp>
			</report>
			<report>
				<misses>10390001</misses>
				<total>8</total>
				<timestamp>3840.455869</timestamp>
			</report>
			<report>
				<misses>10391001</misses>
				<total>7</total>
				<timestamp>3840.825611</timestamp>
			</report>
			<report>
				<misses>10392001</misses>
				<total>7</total>
				<timestamp>3841.195266</timestamp>
			</report>
			<report>
				<misses>10393001</misses>
				<total>8</total>
				<timestamp>3841.564796</timestamp>
			</report>
			<report>
				<misses>10394001</misses>
				<total>8</total>
				<timestamp>3841.934449</timestamp>
			</report>
			<report>
				<misses>10395001</misses>
				<total>8</total>
				<timestamp>3842.304030</timestamp>
			</report>
			<report>
				<misses>10396001</misses>
				<total>8</total>
				<timestamp>3842.673680</timestamp>
			</report>
			<report>
				<misses>10397001</misses>
				<total>8</total>
				<timestamp>3843.043305</timestamp>
			</report>
			<report>
				<misses>10398001</misses>
				<total>8</total>
				<timestamp>3843.412904</timestamp>
			</report>
			<report>
				<misses>10399001</misses>
				<total>8</total>
				<timestamp>3843.782581</timestamp>
			</report>
			<report>
				<misses>10400001</misses>
				<total>8</total>
				<timestamp>3844.152211</timestamp>
			</report>
			<report>
				<misses>10401001</misses>
				<total>8</total>
				<timestamp>3844.521835</timestamp>
			</report>
			<report>
				<misses>10402001</misses>
				<total>7</total>
				<timestamp>3844.891532</timestamp>
			</report>
			<report>
				<misses>10403001</misses>
				<total>8</total>
				<timestamp>3845.261065</timestamp>
			</report>
			<report>
				<misses>10404001</misses>
				<total>7</total>
				<timestamp>3845.630781</timestamp>
			</report>
			<report>
				<misses>10405001</misses>
				<total>8</total>
				<timestamp>3846.000423</timestamp>
			</report>
			<report>
				<misses>10406001</misses>
				<total>8</total>
				<timestamp>3846.370007</timestamp>
			</report>
			<report>
				<misses>10407001</misses>
				<total>8</total>
				<timestamp>3846.739569</timestamp>
			</report>
			<report>
				<misses>10408001</misses>
				<total>8</total>
				<timestamp>3847.109234</timestamp>
			</report>
			<report>
				<misses>10409001</misses>
				<total>8</total>
				<timestamp>3847.478835</timestamp>
			</report>
			<report>
				<misses>10410001</misses>
				<total>8</total>
				<timestamp>3847.848455</timestamp>
			</report>
			<report>
				<misses>10411001</misses>
				<total>7</total>
				<timestamp>3848.218250</timestamp>
			</report>
			<report>
				<misses>10412001</misses>
				<total>8</total>
				<timestamp>3848.587726</timestamp>
			</report>
			<report>
				<misses>10413001</misses>
				<total>8</total>
				<timestamp>3848.957392</timestamp>
			</report>
			<report>
				<misses>10414001</misses>
				<total>8</total>
				<timestamp>3849.327045</timestamp>
			</report>
			<report>
				<misses>10415001</misses>
				<total>8</total>
				<timestamp>3849.696656</timestamp>
			</report>
			<report>
				<misses>10416001</misses>
				<total>8</total>
				<timestamp>3850.066280</timestamp>
			</report>
			<report>
				<misses>10417001</misses>
				<total>8</total>
				<timestamp>3850.435877</timestamp>
			</report>
			<report>
				<misses>10418001</misses>
				<total>8</total>
				<timestamp>3850.805583</timestamp>
			</report>
			<report>
				<misses>10419001</misses>
				<total>8</total>
				<timestamp>3851.175228</timestamp>
			</report>
			<report>
				<misses>10420001</misses>
				<total>8</total>
				<timestamp>3851.544762</timestamp>
			</report>
			<report>
				<misses>10421001</misses>
				<total>8</total>
				<timestamp>3851.914423</timestamp>
			</report>
			<report>
				<misses>10422001</misses>
				<total>8</total>
				<timestamp>3852.284093</timestamp>
			</report>
			<report>
				<misses>10423001</misses>
				<total>8</total>
				<timestamp>3852.653681</timestamp>
			</report>
			<report>
				<misses>10424001</misses>
				<total>7</total>
				<timestamp>3853.023382</timestamp>
			</report>
			<report>
				<misses>10425001</misses>
				<total>8</total>
				<timestamp>3853.392918</timestamp>
			</report>
			<report>
				<misses>10426001</misses>
				<total>8</total>
				<timestamp>3853.762537</timestamp>
			</report>
			<report>
				<misses>10427001</misses>
				<total>8</total>
				<timestamp>3854.132240</timestamp>
			</report>
			<report>
				<misses>10428001</misses>
				<total>8</total>
				<timestamp>3854.501862</timestamp>
			</report>
			<report>
				<misses>10429001</misses>
				<total>8</total>
				<timestamp>3854.871433</timestamp>
			</report>
			<report>
				<misses>10430001</misses>
				<total>8</total>
				<timestamp>3855.241078</timestamp>
			</report>
			<report>
				<misses>10431001</misses>
				<total>8</total>
				<timestamp>3855.610700</timestamp>
			</report>
			<report>
				<misses>10432001</misses>
				<total>7</total>
				<timestamp>3855.980442</timestamp>
			</report>
			<report>
				<misses>10433001</misses>
				<total>7</total>
				<timestamp>3856.350065</timestamp>
			</report>
			<report>
				<misses>10434001</misses>
				<total>8</total>
				<timestamp>3856.719620</timestamp>
			</report>
			<report>
				<misses>10435001</misses>
				<total>8</total>
				<timestamp>3857.089245</timestamp>
			</report>
			<report>
				<misses>10436001</misses>
				<total>8</total>
				<timestamp>3857.458862</timestamp>
			</report>
			<report>
				<misses>10437001</misses>
				<total>8</total>
				<timestamp>3857.828548</timestamp>
			</report>
			<report>
				<misses>10438001</misses>
				<total>8</total>
				<timestamp>3858.198162</timestamp>
			</report>
			<report>
				<misses>10439001</misses>
				<total>8</total>
				<timestamp>3858.567765</timestamp>
			</report>
			<report>
				<misses>10440001</misses>
				<total>8</total>
				<timestamp>3858.937366</timestamp>
			</report>
			<report>
				<misses>10441001</misses>
				<total>8</total>
				<timestamp>3859.307002</timestamp>
			</report>
			<report>
				<misses>10442001</misses>
				<total>8</total>
				<timestamp>3859.676663</timestamp>
			</report>
			<report>
				<misses>10443001</misses>
				<total>8</total>
				<timestamp>3860.046311</timestamp>
			</report>
			<report>
				<misses>10444001</misses>
				<total>8</total>
				<timestamp>3860.415881</timestamp>
			</report>
			<report>
				<misses>10445001</misses>
				<total>8</total>
				<timestamp>3860.785548</timestamp>
			</report>
			<report>
				<misses>10446001</misses>
				<total>8</total>
				<timestamp>3861.155216</timestamp>
			</report>
			<report>
				<misses>10447001</misses>
				<total>8</total>
				<timestamp>3861.524835</timestamp>
			</report>
			<report>
				<misses>10448001</misses>
				<total>8</total>
				<timestamp>3861.894463</timestamp>
			</report>
			<report>
				<misses>10449001</misses>
				<total>8</total>
				<timestamp>3862.264033</timestamp>
			</report>
			<report>
				<misses>10450001</misses>
				<total>8</total>
				<timestamp>3862.633668</timestamp>
			</report>
			<report>
				<misses>10451001</misses>
				<total>8</total>
				<timestamp>3863.003309</timestamp>
			</report>
			<report>
				<misses>10452001</misses>
				<total>7</total>
				<timestamp>3863.373034</timestamp>
			</report>
			<report>
				<misses>10453001</misses>
				<total>7</total>
				<timestamp>3863.742654</timestamp>
			</report>
			<report>
				<misses>10454001</misses>
				<total>8</total>
				<timestamp>3864.112187</timestamp>
			</report>
			<report>
				<misses>10455001</misses>
				<total>8</total>
				<timestamp>3864.481823</timestamp>
			</report>
			<report>
				<misses>10456001</misses>
				<total>8</total>
				<timestamp>3864.851443</timestamp>
			</report>
			<report>
				<misses>10457001</misses>
				<total>8</total>
				<timestamp>3865.221086</timestamp>
			</report>
			<report>
				<misses>10458001</misses>
				<total>8</total>
				<timestamp>3865.590699</timestamp>
			</report>
			<report>
				<misses>10459001</misses>
				<total>8</total>
				<timestamp>3865.960333</timestamp>
			</report>
			<report>
				<misses>10460001</misses>
				<total>8</total>
				<timestamp>3866.329980</timestamp>
			</report>
			<report>
				<misses>10461001</misses>
				<total>8</total>
				<timestamp>3866.699633</timestamp>
			</report>
			<report>
				<misses>10462001</misses>
				<total>8</total>
				<timestamp>3867.069224</timestamp>
			</report>
			<report>
				<misses>10463001</misses>
				<total>8</total>
				<timestamp>3867.438851</timestamp>
			</report>
			<report>
				<misses>10464001</misses>
				<total>8</total>
				<timestamp>3867.808552</timestamp>
			</report>
			<report>
				<misses>10465001</misses>
				<total>8</total>
				<timestamp>3868.178158</timestamp>
			</report>
			<report>
				<misses>10466001</misses>
				<total>8</total>
				<timestamp>3868.547795</timestamp>
			</report>
			<report>
				<misses>10467001</misses>
				<total>8</total>
				<timestamp>3868.917430</timestamp>
			</report>
			<report>
				<misses>10468001</misses>
				<total>7</total>
				<timestamp>3869.287141</timestamp>
			</report>
			<report>
				<misses>10469001</misses>
				<total>8</total>
				<timestamp>3869.656657</timestamp>
			</report>
			<report>
				<misses>10470001</misses>
				<total>8</total>
				<timestamp>3870.026327</timestamp>
			</report>
			<report>
				<misses>10471001</misses>
				<total>8</total>
				<timestamp>3870.395913</timestamp>
			</report>
			<report>
				<misses>10472001</misses>
				<total>7</total>
				<timestamp>3870.765633</timestamp>
			</report>
			<report>
				<misses>10473001</misses>
				<total>8</total>
				<timestamp>3871.135187</timestamp>
			</report>
			<report>
				<misses>10474001</misses>
				<total>8</total>
				<timestamp>3871.504873</timestamp>
			</report>
			<report>
				<misses>10475001</misses>
				<total>8</total>
				<timestamp>3871.874410</timestamp>
			</report>
			<report>
				<misses>10476001</misses>
				<total>8</total>
				<timestamp>3872.244137</timestamp>
			</report>
			<report>
				<misses>10477001</misses>
				<total>8</total>
				<timestamp>3872.613680</timestamp>
			</report>
			<report>
				<misses>10478001</misses>
				<total>8</total>
				<timestamp>3872.983312</timestamp>
			</report>
			<report>
				<misses>10479001</misses>
				<total>7</total>
				<timestamp>3873.353104</timestamp>
			</report>
			<report>
				<misses>10480001</misses>
				<total>8</total>
				<timestamp>3873.722617</timestamp>
			</report>
			<report>
				<misses>10481001</misses>
				<total>8</total>
				<timestamp>3874.092232</timestamp>
			</report>
			<report>
				<misses>10482001</misses>
				<total>8</total>
				<timestamp>3874.461856</timestamp>
			</report>
			<report>
				<misses>10483001</misses>
				<total>8</total>
				<timestamp>3874.831465</timestamp>
			</report>
			<report>
				<misses>10484001</misses>
				<total>8</total>
				<timestamp>3875.201153</timestamp>
			</report>
			<report>
				<misses>10485001</misses>
				<total>8</total>
				<timestamp>3875.570719</timestamp>
			</report>
			<report>
				<misses>10486001</misses>
				<total>8</total>
				<timestamp>3875.940344</timestamp>
			</report>
			<report>
				<misses>10487001</misses>
				<total>8</total>
				<timestamp>3876.310075</timestamp>
			</report>
			<report>
				<misses>10488001</misses>
				<total>7</total>
				<timestamp>3876.679697</timestamp>
			</report>
			<report>
				<misses>10489001</misses>
				<total>8</total>
				<timestamp>3877.049284</timestamp>
			</report>
			<report>
				<misses>10490001</misses>
				<total>8</total>
				<timestamp>3877.418951</timestamp>
			</report>
			<report>
				<misses>10491001</misses>
				<total>8</total>
				<timestamp>3877.788483</timestamp>
			</report>
			<report>
				<misses>10492001</misses>
				<total>7</total>
				<timestamp>3878.158219</timestamp>
			</report>
			<report>
				<misses>10493001</misses>
				<total>8</total>
				<timestamp>3878.527740</timestamp>
			</report>
			<report>
				<misses>10494001</misses>
				<total>8</total>
				<timestamp>3878.897419</timestamp>
			</report>
			<report>
				<misses>10495001</misses>
				<total>8</total>
				<timestamp>3879.267120</timestamp>
			</report>
			<report>
				<misses>10496001</misses>
				<total>8</total>
				<timestamp>3879.636696</timestamp>
			</report>
			<report>
				<misses>10497001</misses>
				<total>8</total>
				<timestamp>3880.006339</timestamp>
			</report>
			<report>
				<misses>10498001</misses>
				<total>8</total>
				<timestamp>3880.375905</timestamp>
			</report>
			<report>
				<misses>10499001</misses>
				<total>8</total>
				<timestamp>3880.745558</timestamp>
			</report>
			<report>
				<misses>10500001</misses>
				<total>8</total>
				<timestamp>3881.115219</timestamp>
			</report>
			<report>
				<misses>10501001</misses>
				<total>8</total>
				<timestamp>3881.484806</timestamp>
			</report>
			<report>
				<misses>10502001</misses>
				<total>8</total>
				<timestamp>3881.854424</timestamp>
			</report>
			<report>
				<misses>10503001</misses>
				<total>8</total>
				<timestamp>3882.224084</timestamp>
			</report>
			<report>
				<misses>10504001</misses>
				<total>8</total>
				<timestamp>3882.593688</timestamp>
			</report>
			<report>
				<misses>10505001</misses>
				<total>8</total>
				<timestamp>3882.963311</timestamp>
			</report>
			<report>
				<misses>10506001</misses>
				<total>8</total>
				<timestamp>3883.332981</timestamp>
			</report>
			<report>
				<misses>10507001</misses>
				<total>8</total>
				<timestamp>3883.702640</timestamp>
			</report>
			<report>
				<misses>10508001</misses>
				<total>8</total>
				<timestamp>3884.072218</timestamp>
			</report>
			<report>
				<misses>10509001</misses>
				<total>8</total>
				<timestamp>3884.441831</timestamp>
			</report>
			<report>
				<misses>10510001</misses>
				<total>8</total>
				<timestamp>3884.811503</timestamp>
			</report>
			<report>
				<misses>10511001</misses>
				<total>8</total>
				<timestamp>3885.181150</timestamp>
			</report>
			<report>
				<misses>10512001</misses>
				<total>8</total>
				<timestamp>3885.550723</timestamp>
			</report>
			<report>
				<misses>10513001</misses>
				<total>8</total>
				<timestamp>3885.920400</timestamp>
			</report>
			<report>
				<misses>10514001</misses>
				<total>8</total>
				<timestamp>3886.290070</timestamp>
			</report>
			<report>
				<misses>10515001</misses>
				<total>8</total>
				<timestamp>3886.659660</timestamp>
			</report>
			<report>
				<misses>10516001</misses>
				<total>8</total>
				<timestamp>3887.029250</timestamp>
			</report>
			<report>
				<misses>10517001</misses>
				<total>8</total>
				<timestamp>3887.398879</timestamp>
			</report>
			<report>
				<misses>10518001</misses>
				<total>8</total>
				<timestamp>3887.768533</timestamp>
			</report>
			<report>
				<misses>10519001</misses>
				<total>8</total>
				<timestamp>3888.138229</timestamp>
			</report>
			<report>
				<misses>10520001</misses>
				<total>8</total>
				<timestamp>3888.507763</timestamp>
			</report>
			<report>
				<misses>10521001</misses>
				<total>8</total>
				<timestamp>3888.877389</timestamp>
			</report>
			<report>
				<misses>10522001</misses>
				<total>8</total>
				<timestamp>3889.247058</timestamp>
			</report>
			<report>
				<misses>10523001</misses>
				<total>8</total>
				<timestamp>3889.616694</timestamp>
			</report>
			<report>
				<misses>10524001</misses>
				<total>7</total>
				<timestamp>3889.986371</timestamp>
			</report>
			<report>
				<misses>10525001</misses>
				<total>8</total>
				<timestamp>3890.355978</timestamp>
			</report>
			<report>
				<misses>10526001</misses>
				<total>8</total>
				<timestamp>3890.725603</timestamp>
			</report>
			<report>
				<misses>10527001</misses>
				<total>8</total>
				<timestamp>3891.095169</timestamp>
			</report>
			<report>
				<misses>10528001</misses>
				<total>8</total>
				<timestamp>3891.464805</timestamp>
			</report>
			<report>
				<misses>10529001</misses>
				<total>8</total>
				<timestamp>3891.834506</timestamp>
			</report>
			<report>
				<misses>10530001</misses>
				<total>8</total>
				<timestamp>3892.204135</timestamp>
			</report>
			<report>
				<misses>10531001</misses>
				<total>8</total>
				<timestamp>3892.573746</timestamp>
			</report>
			<report>
				<misses>10532001</misses>
				<total>8</total>
				<timestamp>3892.943328</timestamp>
			</report>
			<report>
				<misses>10533001</misses>
				<total>7</total>
				<timestamp>3893.313066</timestamp>
			</report>
			<report>
				<misses>10534001</misses>
				<total>7</total>
				<timestamp>3893.682692</timestamp>
			</report>
			<report>
				<misses>10535001</misses>
				<total>8</total>
				<timestamp>3894.052278</timestamp>
			</report>
			<report>
				<misses>10536001</misses>
				<total>8</total>
				<timestamp>3894.421849</timestamp>
			</report>
			<report>
				<misses>10537001</misses>
				<total>8</total>
				<timestamp>3894.791503</timestamp>
			</report>
			<report>
				<misses>10538001</misses>
				<total>8</total>
				<timestamp>3895.161164</timestamp>
			</report>
			<report>
				<misses>10539001</misses>
				<total>8</total>
				<timestamp>3895.530769</timestamp>
			</report>
			<report>
				<misses>10540001</misses>
				<total>8</total>
				<timestamp>3895.900357</timestamp>
			</report>
			<report>
				<misses>10541001</misses>
				<total>8</total>
				<timestamp>3896.270019</timestamp>
			</report>
			<report>
				<misses>10542001</misses>
				<total>8</total>
				<timestamp>3896.639644</timestamp>
			</report>
			<report>
				<misses>10543001</misses>
				<total>8</total>
				<timestamp>3897.009329</timestamp>
			</report>
			<report>
				<misses>10544001</misses>
				<total>8</total>
				<timestamp>3897.378969</timestamp>
			</report>
			<report>
				<misses>10545001</misses>
				<total>8</total>
				<timestamp>3897.748513</timestamp>
			</report>
			<report>
				<misses>10546001</misses>
				<total>8</total>
				<timestamp>3898.118136</timestamp>
			</report>
			<report>
				<misses>10547001</misses>
				<total>8</total>
				<timestamp>3898.487759</timestamp>
			</report>
			<report>
				<misses>10548001</misses>
				<total>8</total>
				<timestamp>3898.857410</timestamp>
			</report>
			<report>
				<misses>10549001</misses>
				<total>8</total>
				<timestamp>3899.227073</timestamp>
			</report>
			<report>
				<misses>10550001</misses>
				<total>8</total>
				<timestamp>3899.596659</timestamp>
			</report>
			<report>
				<misses>10551001</misses>
				<total>8</total>
				<timestamp>3899.966364</timestamp>
			</report>
			<report>
				<misses>10552001</misses>
				<total>8</total>
				<timestamp>3900.335942</timestamp>
			</report>
			<report>
				<misses>10553001</misses>
				<total>8</total>
				<timestamp>3900.705568</timestamp>
			</report>
			<report>
				<misses>10554001</misses>
				<total>8</total>
				<timestamp>3901.075182</timestamp>
			</report>
			<report>
				<misses>10555001</misses>
				<total>8</total>
				<timestamp>3901.444833</timestamp>
			</report>
			<report>
				<misses>10556001</misses>
				<total>8</total>
				<timestamp>3901.814477</timestamp>
			</report>
			<report>
				<misses>10557001</misses>
				<total>8</total>
				<timestamp>3902.184118</timestamp>
			</report>
			<report>
				<misses>10558001</misses>
				<total>8</total>
				<timestamp>3902.553700</timestamp>
			</report>
			<report>
				<misses>10559001</misses>
				<total>8</total>
				<timestamp>3902.923345</timestamp>
			</report>
			<report>
				<misses>10560001</misses>
				<total>8</total>
				<timestamp>3903.293051</timestamp>
			</report>
			<report>
				<misses>10561001</misses>
				<total>8</total>
				<timestamp>3903.662645</timestamp>
			</report>
			<report>
				<misses>10562001</misses>
				<total>8</total>
				<timestamp>3904.032301</timestamp>
			</report>
			<report>
				<misses>10563001</misses>
				<total>8</total>
				<timestamp>3904.401972</timestamp>
			</report>
			<report>
				<misses>10564001</misses>
				<total>8</total>
				<timestamp>3904.771491</timestamp>
			</report>
			<report>
				<misses>10565001</misses>
				<total>7</total>
				<timestamp>3905.141263</timestamp>
			</report>
			<report>
				<misses>10566001</misses>
				<total>8</total>
				<timestamp>3905.510862</timestamp>
			</report>
			<report>
				<misses>10567001</misses>
				<total>8</total>
				<timestamp>3905.880426</timestamp>
			</report>
			<report>
				<misses>10568001</misses>
				<total>8</total>
				<timestamp>3906.250030</timestamp>
			</report>
			<report>
				<misses>10569001</misses>
				<total>7</total>
				<timestamp>3906.619733</timestamp>
			</report>
			<report>
				<misses>10570001</misses>
				<total>8</total>
				<timestamp>3906.989336</timestamp>
			</report>
			<report>
				<misses>10571001</misses>
				<total>8</total>
				<timestamp>3907.358945</timestamp>
			</report>
			<report>
				<misses>10572001</misses>
				<total>8</total>
				<timestamp>3907.728558</timestamp>
			</report>
			<report>
				<misses>10573001</misses>
				<total>8</total>
				<timestamp>3908.098241</timestamp>
			</report>
			<report>
				<misses>10574001</misses>
				<total>8</total>
				<timestamp>3908.467863</timestamp>
			</report>
			<report>
				<misses>10575001</misses>
				<total>8</total>
				<timestamp>3908.837443</timestamp>
			</report>
			<report>
				<misses>10576001</misses>
				<total>8</total>
				<timestamp>3909.207123</timestamp>
			</report>
			<report>
				<misses>10577001</misses>
				<total>8</total>
				<timestamp>3909.576714</timestamp>
			</report>
			<report>
				<misses>10578001</misses>
				<total>8</total>
				<timestamp>3909.946379</timestamp>
			</report>
			<report>
				<misses>10579001</misses>
				<total>7</total>
				<timestamp>3910.316042</timestamp>
			</report>
			<report>
				<misses>10580001</misses>
				<total>8</total>
				<timestamp>3910.685609</timestamp>
			</report>
			<report>
				<misses>10581001</misses>
				<total>8</total>
				<timestamp>3911.055188</timestamp>
			</report>
			<report>
				<misses>10582001</misses>
				<total>8</total>
				<timestamp>3911.424886</timestamp>
			</report>
			<report>
				<misses>10583001</misses>
				<total>8</total>
				<timestamp>3911.794464</timestamp>
			</report>
			<report>
				<misses>10584001</misses>
				<total>8</total>
				<timestamp>3912.164098</timestamp>
			</report>
			<report>
				<misses>10585001</misses>
				<total>8</total>
				<timestamp>3912.533712</timestamp>
			</report>
			<report>
				<misses>10586001</misses>
				<total>8</total>
				<timestamp>3912.903403</timestamp>
			</report>
			<report>
				<misses>10587001</misses>
				<total>8</total>
				<timestamp>3913.272998</timestamp>
			</report>
			<report>
				<misses>10588001</misses>
				<total>8</total>
				<timestamp>3913.642611</timestamp>
			</report>
			<report>
				<misses>10589001</misses>
				<total>8</total>
				<timestamp>3914.012225</timestamp>
			</report>
			<report>
				<misses>10590001</misses>
				<total>8</total>
				<timestamp>3914.381915</timestamp>
			</report>
			<report>
				<misses>10591001</misses>
				<total>8</total>
				<timestamp>3914.751567</timestamp>
			</report>
			<report>
				<misses>10592001</misses>
				<total>8</total>
				<timestamp>3915.121190</timestamp>
			</report>
			<report>
				<misses>10593001</misses>
				<total>8</total>
				<timestamp>3915.490786</timestamp>
			</report>
			<report>
				<misses>10594001</misses>
				<total>8</total>
				<timestamp>3915.860441</timestamp>
			</report>
			<report>
				<misses>10595001</misses>
				<total>8</total>
				<timestamp>3916.230019</timestamp>
			</report>
			<report>
				<misses>10596001</misses>
				<total>8</total>
				<timestamp>3916.599640</timestamp>
			</report>
			<report>
				<misses>10597001</misses>
				<total>8</total>
				<timestamp>3916.969275</timestamp>
			</report>
			<report>
				<misses>10598001</misses>
				<total>8</total>
				<timestamp>3917.338967</timestamp>
			</report>
			<report>
				<misses>10599001</misses>
				<total>8</total>
				<timestamp>3917.708548</timestamp>
			</report>
			<report>
				<misses>10600001</misses>
				<total>8</total>
				<timestamp>3918.078185</timestamp>
			</report>
			<report>
				<misses>10601001</misses>
				<total>8</total>
				<timestamp>3918.447867</timestamp>
			</report>
			<report>
				<misses>10602001</misses>
				<total>8</total>
				<timestamp>3918.817445</timestamp>
			</report>
			<report>
				<misses>10603001</misses>
				<total>8</total>
				<timestamp>3919.187073</timestamp>
			</report>
			<report>
				<misses>10604001</misses>
				<total>8</total>
				<timestamp>3919.556689</timestamp>
			</report>
			<report>
				<misses>10605001</misses>
				<total>8</total>
				<timestamp>3919.926341</timestamp>
			</report>
			<report>
				<misses>10606001</misses>
				<total>8</total>
				<timestamp>3920.295971</timestamp>
			</report>
			<report>
				<misses>10607001</misses>
				<total>7</total>
				<timestamp>3920.665746</timestamp>
			</report>
			<report>
				<misses>10608001</misses>
				<total>8</total>
				<timestamp>3921.035228</timestamp>
			</report>
			<report>
				<misses>10609001</misses>
				<total>8</total>
				<timestamp>3921.404971</timestamp>
			</report>
			<report>
				<misses>10610001</misses>
				<total>8</total>
				<timestamp>3921.774497</timestamp>
			</report>
			<report>
				<misses>10611001</misses>
				<total>7</total>
				<timestamp>3922.144203</timestamp>
			</report>
			<report>
				<misses>10612001</misses>
				<total>8</total>
				<timestamp>3922.513771</timestamp>
			</report>
			<report>
				<misses>10613001</misses>
				<total>7</total>
				<timestamp>3922.883508</timestamp>
			</report>
			<report>
				<misses>10614001</misses>
				<total>8</total>
				<timestamp>3923.253005</timestamp>
			</report>
			<report>
				<misses>10615001</misses>
				<total>8</total>
				<timestamp>3923.622636</timestamp>
			</report>
			<report>
				<misses>10616001</misses>
				<total>8</total>
				<timestamp>3923.992246</timestamp>
			</report>
			<report>
				<misses>10617001</misses>
				<total>8</total>
				<timestamp>3924.361897</timestamp>
			</report>
			<report>
				<misses>10618001</misses>
				<total>8</total>
				<timestamp>3924.731541</timestamp>
			</report>
			<report>
				<misses>10619001</misses>
				<total>8</total>
				<timestamp>3925.101206</timestamp>
			</report>
			<report>
				<misses>10620001</misses>
				<total>8</total>
				<timestamp>3925.470819</timestamp>
			</report>
			<report>
				<misses>10621001</misses>
				<total>8</total>
				<timestamp>3925.840420</timestamp>
			</report>
			<report>
				<misses>10622001</misses>
				<total>8</total>
				<timestamp>3926.210044</timestamp>
			</report>
			<report>
				<misses>10623001</misses>
				<total>8</total>
				<timestamp>3926.579719</timestamp>
			</report>
			<report>
				<misses>10624001</misses>
				<total>8</total>
				<timestamp>3926.949367</timestamp>
			</report>
			<report>
				<misses>10625001</misses>
				<total>8</total>
				<timestamp>3927.318984</timestamp>
			</report>
			<report>
				<misses>10626001</misses>
				<total>8</total>
				<timestamp>3927.688548</timestamp>
			</report>
			<report>
				<misses>10627001</misses>
				<total>8</total>
				<timestamp>3928.058206</timestamp>
			</report>
			<report>
				<misses>10628001</misses>
				<total>8</total>
				<timestamp>3928.427863</timestamp>
			</report>
			<report>
				<misses>10629001</misses>
				<total>8</total>
				<timestamp>3928.797433</timestamp>
			</report>
			<report>
				<misses>10630001</misses>
				<total>8</total>
				<timestamp>3929.167074</timestamp>
			</report>
			<report>
				<misses>10631001</misses>
				<total>8</total>
				<timestamp>3929.536712</timestamp>
			</report>
			<report>
				<misses>10632001</misses>
				<total>8</total>
				<timestamp>3929.906331</timestamp>
			</report>
			<report>
				<misses>10633001</misses>
				<total>7</total>
				<timestamp>3930.276068</timestamp>
			</report>
			<report>
				<misses>10634001</misses>
				<total>7</total>
				<timestamp>3930.645727</timestamp>
			</report>
			<report>
				<misses>10635001</misses>
				<total>8</total>
				<timestamp>3931.015282</timestamp>
			</report>
			<report>
				<misses>10636001</misses>
				<total>8</total>
				<timestamp>3931.384900</timestamp>
			</report>
			<report>
				<misses>10637001</misses>
				<total>8</total>
				<timestamp>3931.754558</timestamp>
			</report>
			<report>
				<misses>10638001</misses>
				<total>8</total>
				<timestamp>3932.124147</timestamp>
			</report>
			<report>
				<misses>10639001</misses>
				<total>8</total>
				<timestamp>3932.493781</timestamp>
			</report>
			<report>
				<misses>10640001</misses>
				<total>8</total>
				<timestamp>3932.863393</timestamp>
			</report>
			<report>
				<misses>10641001</misses>
				<total>8</total>
				<timestamp>3933.233068</timestamp>
			</report>
			<report>
				<misses>10642001</misses>
				<total>8</total>
				<timestamp>3933.602718</timestamp>
			</report>
			<report>
				<misses>10643001</misses>
				<total>8</total>
				<timestamp>3933.972274</timestamp>
			</report>
			<report>
				<misses>10644001</misses>
				<total>8</total>
				<timestamp>3934.341896</timestamp>
			</report>
			<report>
				<misses>10645001</misses>
				<total>8</total>
				<timestamp>3934.711507</timestamp>
			</report>
			<report>
				<misses>10646001</misses>
				<total>8</total>
				<timestamp>3935.081132</timestamp>
			</report>
			<report>
				<misses>10647001</misses>
				<total>8</total>
				<timestamp>3935.450839</timestamp>
			</report>
			<report>
				<misses>10648001</misses>
				<total>8</total>
				<timestamp>3935.820478</timestamp>
			</report>
			<report>
				<misses>10649001</misses>
				<total>8</total>
				<timestamp>3936.190056</timestamp>
			</report>
			<report>
				<misses>10650001</misses>
				<total>8</total>
				<timestamp>3936.559720</timestamp>
			</report>
			<report>
				<misses>10651001</misses>
				<total>8</total>
				<timestamp>3936.929286</timestamp>
			</report>
			<report>
				<misses>10652001</misses>
				<total>8</total>
				<timestamp>3937.298942</timestamp>
			</report>
			<report>
				<misses>10653001</misses>
				<total>8</total>
				<timestamp>3937.668592</timestamp>
			</report>
			<report>
				<misses>10654001</misses>
				<total>8</total>
				<timestamp>3938.038257</timestamp>
			</report>
			<report>
				<misses>10655001</misses>
				<total>8</total>
				<timestamp>3938.407903</timestamp>
			</report>
			<report>
				<misses>10656001</misses>
				<total>8</total>
				<timestamp>3938.777451</timestamp>
			</report>
			<report>
				<misses>10657001</misses>
				<total>8</total>
				<timestamp>3939.147111</timestamp>
			</report>
			<report>
				<misses>10658001</misses>
				<total>8</total>
				<timestamp>3939.516755</timestamp>
			</report>
			<report>
				<misses>10659001</misses>
				<total>8</total>
				<timestamp>3939.886390</timestamp>
			</report>
			<report>
				<misses>10660001</misses>
				<total>8</total>
				<timestamp>3940.255983</timestamp>
			</report>
			<report>
				<misses>10661001</misses>
				<total>8</total>
				<timestamp>3940.625611</timestamp>
			</report>
			<report>
				<misses>10662001</misses>
				<total>9</total>
				<timestamp>3940.995255</timestamp>
			</report>
			<report>
				<misses>10663001</misses>
				<total>9</total>
				<timestamp>3941.364934</timestamp>
			</report>
			<report>
				<misses>10664001</misses>
				<total>9</total>
				<timestamp>3941.734526</timestamp>
			</report>
			<report>
				<misses>10665001</misses>
				<total>9</total>
				<timestamp>3942.104179</timestamp>
			</report>
			<report>
				<misses>10666001</misses>
				<total>9</total>
				<timestamp>3942.473774</timestamp>
			</report>
			<report>
				<misses>10667001</misses>
				<total>9</total>
				<timestamp>3942.843406</timestamp>
			</report>
			<report>
				<misses>10668001</misses>
				<total>9</total>
				<timestamp>3943.213056</timestamp>
			</report>
			<report>
				<misses>10669001</misses>
				<total>9</total>
				<timestamp>3943.582661</timestamp>
			</report>
			<report>
				<misses>10670001</misses>
				<total>9</total>
				<timestamp>3943.952263</timestamp>
			</report>
			<report>
				<misses>10671001</misses>
				<total>9</total>
				<timestamp>3944.321931</timestamp>
			</report>
			<report>
				<misses>10672001</misses>
				<total>9</total>
				<timestamp>3944.691539</timestamp>
			</report>
			<report>
				<misses>10673001</misses>
				<total>9</total>
				<timestamp>3945.061157</timestamp>
			</report>
			<report>
				<misses>10674001</misses>
				<total>9</total>
				<timestamp>3945.430780</timestamp>
			</report>
			<report>
				<misses>10675001</misses>
				<total>9</total>
				<timestamp>3945.800435</timestamp>
			</report>
			<report>
				<misses>10676001</misses>
				<total>9</total>
				<timestamp>3946.170065</timestamp>
			</report>
			<report>
				<misses>10677001</misses>
				<total>9</total>
				<timestamp>3946.539752</timestamp>
			</report>
			<report>
				<misses>10678001</misses>
				<total>9</total>
				<timestamp>3946.909388</timestamp>
			</report>
			<report>
				<misses>10679001</misses>
				<total>8</total>
				<timestamp>3947.279047</timestamp>
			</report>
			<report>
				<misses>10680001</misses>
				<total>8</total>
				<timestamp>3947.648688</timestamp>
			</report>
			<report>
				<misses>10681001</misses>
				<total>9</total>
				<timestamp>3948.018194</timestamp>
			</report>
			<report>
				<misses>10682001</misses>
				<total>9</total>
				<timestamp>3948.387826</timestamp>
			</report>
			<report>
				<misses>10683001</misses>
				<total>9</total>
				<timestamp>3948.757519</timestamp>
			</report>
			<report>
				<misses>10684001</misses>
				<total>9</total>
				<timestamp>3949.127182</timestamp>
			</report>
			<report>
				<misses>10685001</misses>
				<total>9</total>
				<timestamp>3949.496796</timestamp>
			</report>
			<report>
				<misses>10686001</misses>
				<total>9</total>
				<timestamp>3949.866426</timestamp>
			</report>
			<report>
				<misses>10687001</misses>
				<total>9</total>
				<timestamp>3950.235996</timestamp>
			</report>
			<report>
				<misses>10688001</misses>
				<total>9</total>
				<timestamp>3950.605673</timestamp>
			</report>
			<report>
				<misses>10689001</misses>
				<total>9</total>
				<timestamp>3950.975249</timestamp>
			</report>
			<report>
				<misses>10690001</misses>
				<total>9</total>
				<timestamp>3951.344886</timestamp>
			</report>
			<report>
				<misses>10691001</misses>
				<total>9</total>
				<timestamp>3951.714526</timestamp>
			</report>
			<report>
				<misses>10692001</misses>
				<total>9</total>
				<timestamp>3952.084207</timestamp>
			</report>
			<report>
				<misses>10693001</misses>
				<total>9</total>
				<timestamp>3952.453771</timestamp>
			</report>
			<report>
				<misses>10694001</misses>
				<total>9</total>
				<timestamp>3952.823408</timestamp>
			</report>
			<report>
				<misses>10695001</misses>
				<total>9</total>
				<timestamp>3953.193033</timestamp>
			</report>
			<report>
				<misses>10696001</misses>
				<total>9</total>
				<timestamp>3953.562713</timestamp>
			</report>
			<report>
				<misses>10697001</misses>
				<total>9</total>
				<timestamp>3953.932327</timestamp>
			</report>
			<report>
				<misses>10698001</misses>
				<total>9</total>
				<timestamp>3954.301910</timestamp>
			</report>
			<report>
				<misses>10699001</misses>
				<total>9</total>
				<timestamp>3954.671624</timestamp>
			</report>
			<report>
				<misses>10700001</misses>
				<total>9</total>
				<timestamp>3955.041216</timestamp>
			</report>
			<report>
				<misses>10701001</misses>
				<total>9</total>
				<timestamp>3955.410859</timestamp>
			</report>
			<report>
				<misses>10702001</misses>
				<total>8</total>
				<timestamp>3955.780613</timestamp>
			</report>
			<report>
				<misses>10703001</misses>
				<total>9</total>
				<timestamp>3956.150081</timestamp>
			</report>
			<report>
				<misses>10704001</misses>
				<total>9</total>
				<timestamp>3956.519729</timestamp>
			</report>
			<report>
				<misses>10705001</misses>
				<total>8</total>
				<timestamp>3956.889417</timestamp>
			</report>
			<report>
				<misses>10706001</misses>
				<total>9</total>
				<timestamp>3957.258969</timestamp>
			</report>
			<report>
				<misses>10707001</misses>
				<total>9</total>
				<timestamp>3957.628596</timestamp>
			</report>
			<report>
				<misses>10708001</misses>
				<total>9</total>
				<timestamp>3957.998200</timestamp>
			</report>
			<report>
				<misses>10709001</misses>
				<total>9</total>
				<timestamp>3958.367856</timestamp>
			</report>
			<report>
				<misses>10710001</misses>
				<total>9</total>
				<timestamp>3958.737587</timestamp>
			</report>
			<report>
				<misses>10711001</misses>
				<total>9</total>
				<timestamp>3959.107152</timestamp>
			</report>
			<report>
				<misses>10712001</misses>
				<total>9</total>
				<timestamp>3959.476731</timestamp>
			</report>
			<report>
				<misses>10713001</misses>
				<total>9</total>
				<timestamp>3959.846414</timestamp>
			</report>
			<report>
				<misses>10714001</misses>
				<total>9</total>
				<timestamp>3960.216023</timestamp>
			</report>
			<report>
				<misses>10715001</misses>
				<total>9</total>
				<timestamp>3960.585707</timestamp>
			</report>
			<report>
				<misses>10716001</misses>
				<total>9</total>
				<timestamp>3960.955278</timestamp>
			</report>
			<report>
				<misses>10717001</misses>
				<total>9</total>
				<timestamp>3961.324895</timestamp>
			</report>
			<report>
				<misses>10718001</misses>
				<total>9</total>
				<timestamp>3961.694605</timestamp>
			</report>
			<report>
				<misses>10719001</misses>
				<total>8</total>
				<timestamp>3962.064297</timestamp>
			</report>
			<report>
				<misses>10720001</misses>
				<total>9</total>
				<timestamp>3962.433803</timestamp>
			</report>
			<report>
				<misses>10721001</misses>
				<total>9</total>
				<timestamp>3962.803391</timestamp>
			</report>
			<report>
				<misses>10722001</misses>
				<total>9</total>
				<timestamp>3963.173038</timestamp>
			</report>
			<report>
				<misses>10723001</misses>
				<total>9</total>
				<timestamp>3963.542716</timestamp>
			</report>
			<report>
				<misses>10724001</misses>
				<total>9</total>
				<timestamp>3963.912373</timestamp>
			</report>
			<report>
				<misses>10725001</misses>
				<total>9</total>
				<timestamp>3964.281914</timestamp>
			</report>
			<report>
				<misses>10726001</misses>
				<total>9</total>
				<timestamp>3964.651581</timestamp>
			</report>
			<report>
				<misses>10727001</misses>
				<total>9</total>
				<timestamp>3965.021170</timestamp>
			</report>
			<report>
				<misses>10728001</misses>
				<total>9</total>
				<timestamp>3965.390818</timestamp>
			</report>
			<report>
				<misses>10729001</misses>
				<total>9</total>
				<timestamp>3965.760478</timestamp>
			</report>
			<report>
				<misses>10730001</misses>
				<total>9</total>
				<timestamp>3966.130058</timestamp>
			</report>
			<report>
				<misses>10731001</misses>
				<total>9</total>
				<timestamp>3966.499791</timestamp>
			</report>
			<report>
				<misses>10732001</misses>
				<total>9</total>
				<timestamp>3966.869318</timestamp>
			</report>
			<report>
				<misses>10733001</misses>
				<total>8</total>
				<timestamp>3967.239045</timestamp>
			</report>
			<report>
				<misses>10734001</misses>
				<total>9</total>
				<timestamp>3967.608617</timestamp>
			</report>
			<report>
				<misses>10735001</misses>
				<total>9</total>
				<timestamp>3967.978266</timestamp>
			</report>
			<report>
				<misses>10736001</misses>
				<total>9</total>
				<timestamp>3968.347907</timestamp>
			</report>
			<report>
				<misses>10737001</misses>
				<total>9</total>
				<timestamp>3968.717533</timestamp>
			</report>
			<report>
				<misses>10738001</misses>
				<total>9</total>
				<timestamp>3969.087110</timestamp>
			</report>
			<report>
				<misses>10739001</misses>
				<total>9</total>
				<timestamp>3969.456816</timestamp>
			</report>
			<report>
				<misses>10740001</misses>
				<total>9</total>
				<timestamp>3969.826372</timestamp>
			</report>
			<report>
				<misses>10741001</misses>
				<total>9</total>
				<timestamp>3970.196003</timestamp>
			</report>
			<report>
				<misses>10742001</misses>
				<total>9</total>
				<timestamp>3970.565651</timestamp>
			</report>
			<report>
				<misses>10743001</misses>
				<total>9</total>
				<timestamp>3970.935333</timestamp>
			</report>
			<report>
				<misses>10744001</misses>
				<total>8</total>
				<timestamp>3971.304982</timestamp>
			</report>
			<report>
				<misses>10745001</misses>
				<total>8</total>
				<timestamp>3971.674659</timestamp>
			</report>
			<report>
				<misses>10746001</misses>
				<total>9</total>
				<timestamp>3972.044210</timestamp>
			</report>
			<report>
				<misses>10747001</misses>
				<total>9</total>
				<timestamp>3972.413780</timestamp>
			</report>
			<report>
				<misses>10748001</misses>
				<total>9</total>
				<timestamp>3972.783468</timestamp>
			</report>
			<report>
				<misses>10749001</misses>
				<total>9</total>
				<timestamp>3973.153073</timestamp>
			</report>
			<report>
				<misses>10750001</misses>
				<total>9</total>
				<timestamp>3973.522708</timestamp>
			</report>
			<report>
				<misses>10751001</misses>
				<total>9</total>
				<timestamp>3973.892298</timestamp>
			</report>
			<report>
				<misses>10752001</misses>
				<total>8</total>
				<timestamp>3974.262022</timestamp>
			</report>
			<report>
				<misses>10753001</misses>
				<total>9</total>
				<timestamp>3974.631594</timestamp>
			</report>
			<report>
				<misses>10754001</misses>
				<total>9</total>
				<timestamp>3975.001196</timestamp>
			</report>
			<report>
				<misses>10755001</misses>
				<total>9</total>
				<timestamp>3975.370820</timestamp>
			</report>
			<report>
				<misses>10756001</misses>
				<total>9</total>
				<timestamp>3975.740484</timestamp>
			</report>
			<report>
				<misses>10757001</misses>
				<total>9</total>
				<timestamp>3976.110131</timestamp>
			</report>
			<report>
				<misses>10758001</misses>
				<total>9</total>
				<timestamp>3976.479723</timestamp>
			</report>
			<report>
				<misses>10759001</misses>
				<total>8</total>
				<timestamp>3976.849472</timestamp>
			</report>
			<report>
				<misses>10760001</misses>
				<total>9</total>
				<timestamp>3977.219018</timestamp>
			</report>
			<report>
				<misses>10761001</misses>
				<total>9</total>
				<timestamp>3977.588613</timestamp>
			</report>
			<report>
				<misses>10762001</misses>
				<total>9</total>
				<timestamp>3977.958235</timestamp>
			</report>
			<report>
				<misses>10763001</misses>
				<total>9</total>
				<timestamp>3978.327909</timestamp>
			</report>
			<report>
				<misses>10764001</misses>
				<total>9</total>
				<timestamp>3978.697484</timestamp>
			</report>
			<report>
				<misses>10765001</misses>
				<total>9</total>
				<timestamp>3979.067168</timestamp>
			</report>
			<report>
				<misses>10766001</misses>
				<total>8</total>
				<timestamp>3979.436857</timestamp>
			</report>
			<report>
				<misses>10767001</misses>
				<total>9</total>
				<timestamp>3979.806392</timestamp>
			</report>
			<report>
				<misses>10768001</misses>
				<total>9</total>
				<timestamp>3980.175999</timestamp>
			</report>
			<report>
				<misses>10769001</misses>
				<total>9</total>
				<timestamp>3980.545685</timestamp>
			</report>
			<report>
				<misses>10770001</misses>
				<total>9</total>
				<timestamp>3980.915311</timestamp>
			</report>
			<report>
				<misses>10771001</misses>
				<total>9</total>
				<timestamp>3981.284934</timestamp>
			</report>
			<report>
				<misses>10772001</misses>
				<total>9</total>
				<timestamp>3981.654547</timestamp>
			</report>
			<report>
				<misses>10773001</misses>
				<total>8</total>
				<timestamp>3982.024288</timestamp>
			</report>
			<report>
				<misses>10774001</misses>
				<total>9</total>
				<timestamp>3982.393780</timestamp>
			</report>
			<report>
				<misses>10775001</misses>
				<total>9</total>
				<timestamp>3982.763440</timestamp>
			</report>
			<report>
				<misses>10776001</misses>
				<total>8</total>
				<timestamp>3983.133151</timestamp>
			</report>
			<report>
				<misses>10777001</misses>
				<total>9</total>
				<timestamp>3983.502729</timestamp>
			</report>
			<report>
				<misses>10778001</misses>
				<total>8</total>
				<timestamp>3983.872419</timestamp>
			</report>
			<report>
				<misses>10779001</misses>
				<total>9</total>
				<timestamp>3984.242017</timestamp>
			</report>
			<report>
				<misses>10780001</misses>
				<total>9</total>
				<timestamp>3984.611608</timestamp>
			</report>
			<report>
				<misses>10781001</misses>
				<total>9</total>
				<timestamp>3984.981216</timestamp>
			</report>
			<report>
				<misses>10782001</misses>
				<total>9</total>
				<timestamp>3985.350883</timestamp>
			</report>
			<report>
				<misses>10783001</misses>
				<total>9</total>
				<timestamp>3985.720605</timestamp>
			</report>
			<report>
				<misses>10784001</misses>
				<total>9</total>
				<timestamp>3986.090137</timestamp>
			</report>
			<report>
				<misses>10785001</misses>
				<total>9</total>
				<timestamp>3986.459712</timestamp>
			</report>
			<report>
				<misses>10786001</misses>
				<total>9</total>
				<timestamp>3986.829405</timestamp>
			</report>
			<report>
				<misses>10787001</misses>
				<total>9</total>
				<timestamp>3987.199022</timestamp>
			</report>
			<report>
				<misses>10788001</misses>
				<total>9</total>
				<timestamp>3987.568624</timestamp>
			</report>
			<report>
				<misses>10789001</misses>
				<total>9</total>
				<timestamp>3987.938295</timestamp>
			</report>
			<report>
				<misses>10790001</misses>
				<total>9</total>
				<timestamp>3988.307928</timestamp>
			</report>
			<report>
				<misses>10791001</misses>
				<total>9</total>
				<timestamp>3988.677587</timestamp>
			</report>
			<report>
				<misses>10792001</misses>
				<total>9</total>
				<timestamp>3989.047145</timestamp>
			</report>
			<report>
				<misses>10793001</misses>
				<total>9</total>
				<timestamp>3989.416810</timestamp>
			</report>
			<report>
				<misses>10794001</misses>
				<total>9</total>
				<timestamp>3989.786445</timestamp>
			</report>
			<report>
				<misses>10795001</misses>
				<total>9</total>
				<timestamp>3990.156047</timestamp>
			</report>
			<report>
				<misses>10796001</misses>
				<total>9</total>
				<timestamp>3990.525681</timestamp>
			</report>
			<report>
				<misses>10797001</misses>
				<total>9</total>
				<timestamp>3990.895356</timestamp>
			</report>
			<report>
				<misses>10798001</misses>
				<total>9</total>
				<timestamp>3991.264918</timestamp>
			</report>
			<report>
				<misses>10799001</misses>
				<total>8</total>
				<timestamp>3991.634642</timestamp>
			</report>
			<report>
				<misses>10800001</misses>
				<total>9</total>
				<timestamp>3992.004202</timestamp>
			</report>
			<report>
				<misses>10801001</misses>
				<total>9</total>
				<timestamp>3992.373851</timestamp>
			</report>
			<report>
				<misses>10802001</misses>
				<total>9</total>
				<timestamp>3992.743429</timestamp>
			</report>
			<report>
				<misses>10803001</misses>
				<total>9</total>
				<timestamp>3993.113159</timestamp>
			</report>
			<report>
				<misses>10804001</misses>
				<total>9</total>
				<timestamp>3993.482708</timestamp>
			</report>
			<report>
				<misses>10805001</misses>
				<total>9</total>
				<timestamp>3993.852356</timestamp>
			</report>
			<report>
				<misses>10806001</misses>
				<total>9</total>
				<timestamp>3994.221938</timestamp>
			</report>
			<report>
				<misses>10807001</misses>
				<total>9</total>
				<timestamp>3994.591591</timestamp>
			</report>
			<report>
				<misses>10808001</misses>
				<total>9</total>
				<timestamp>3994.961216</timestamp>
			</report>
			<report>
				<misses>10809001</misses>
				<total>9</total>
				<timestamp>3995.330842</timestamp>
			</report>
			<report>
				<misses>10810001</misses>
				<total>9</total>
				<timestamp>3995.700527</timestamp>
			</report>
			<report>
				<misses>10811001</misses>
				<total>9</total>
				<timestamp>3996.070091</timestamp>
			</report>
			<report>
				<misses>10812001</misses>
				<total>9</total>
				<timestamp>3996.439727</timestamp>
			</report>
			<report>
				<misses>10813001</misses>
				<total>9</total>
				<timestamp>3996.809463</timestamp>
			</report>
			<report>
				<misses>10814001</misses>
				<total>9</total>
				<timestamp>3997.178996</timestamp>
			</report>
			<report>
				<misses>10815001</misses>
				<total>9</total>
				<timestamp>3997.548647</timestamp>
			</report>
			<report>
				<misses>10816001</misses>
				<total>9</total>
				<timestamp>3997.918316</timestamp>
			</report>
			<report>
				<misses>10817001</misses>
				<total>9</total>
				<timestamp>3998.287875</timestamp>
			</report>
			<report>
				<misses>10818001</misses>
				<total>9</total>
				<timestamp>3998.657534</timestamp>
			</report>
			<report>
				<misses>10819001</misses>
				<total>9</total>
				<timestamp>3999.027162</timestamp>
			</report>
			<report>
				<misses>10820001</misses>
				<total>9</total>
				<timestamp>3999.396825</timestamp>
			</report>
			<report>
				<misses>10821001</misses>
				<total>9</total>
				<timestamp>3999.766425</timestamp>
			</report>
			<report>
				<misses>10822001</misses>
				<total>8</total>
				<timestamp>4000.136119</timestamp>
			</report>
			<report>
				<misses>10823001</misses>
				<total>9</total>
				<timestamp>4000.505696</timestamp>
			</report>
			<report>
				<misses>10824001</misses>
				<total>9</total>
				<timestamp>4000.875322</timestamp>
			</report>
			<report>
				<misses>10825001</misses>
				<total>9</total>
				<timestamp>4001.244921</timestamp>
			</report>
			<report>
				<misses>10826001</misses>
				<total>9</total>
				<timestamp>4001.614536</timestamp>
			</report>
			<report>
				<misses>10827001</misses>
				<total>9</total>
				<timestamp>4001.984178</timestamp>
			</report>
			<report>
				<misses>10828001</misses>
				<total>9</total>
				<timestamp>4002.353816</timestamp>
			</report>
			<report>
				<misses>10829001</misses>
				<total>9</total>
				<timestamp>4002.723491</timestamp>
			</report>
			<report>
				<misses>10830001</misses>
				<total>9</total>
				<timestamp>4003.093108</timestamp>
			</report>
			<report>
				<misses>10831001</misses>
				<total>8</total>
				<timestamp>4003.462808</timestamp>
			</report>
			<report>
				<misses>10832001</misses>
				<total>9</total>
				<timestamp>4003.832344</timestamp>
			</report>
			<report>
				<misses>10833001</misses>
				<total>9</total>
				<timestamp>4004.201999</timestamp>
			</report>
			<report>
				<misses>10834001</misses>
				<total>9</total>
				<timestamp>4004.571659</timestamp>
			</report>
			<report>
				<misses>10835001</misses>
				<total>9</total>
				<timestamp>4004.941258</timestamp>
			</report>
			<report>
				<misses>10836001</misses>
				<total>9</total>
				<timestamp>4005.310907</timestamp>
			</report>
			<report>
				<misses>10837001</misses>
				<total>9</total>
				<timestamp>4005.680562</timestamp>
			</report>
			<report>
				<misses>10838001</misses>
				<total>9</total>
				<timestamp>4006.050111</timestamp>
			</report>
			<report>
				<misses>10839001</misses>
				<total>9</total>
				<timestamp>4006.419775</timestamp>
			</report>
			<report>
				<misses>10840001</misses>
				<total>9</total>
				<timestamp>4006.789380</timestamp>
			</report>
			<report>
				<misses>10841001</misses>
				<total>9</total>
				<timestamp>4007.158995</timestamp>
			</report>
			<report>
				<misses>10842001</misses>
				<total>9</total>
				<timestamp>4007.528741</timestamp>
			</report>
			<report>
				<misses>10843001</misses>
				<total>9</total>
				<timestamp>4007.898281</timestamp>
			</report>
			<report>
				<misses>10844001</misses>
				<total>9</total>
				<timestamp>4008.267896</timestamp>
			</report>
			<report>
				<misses>10845001</misses>
				<total>9</total>
				<timestamp>4008.637553</timestamp>
			</report>
			<report>
				<misses>10846001</misses>
				<total>9</total>
				<timestamp>4009.007188</timestamp>
			</report>
			<report>
				<misses>10847001</misses>
				<total>9</total>
				<timestamp>4009.376818</timestamp>
			</report>
			<report>
				<misses>10848001</misses>
				<total>8</total>
				<timestamp>4009.746511</timestamp>
			</report>
			<report>
				<misses>10849001</misses>
				<total>9</total>
				<timestamp>4010.116041</timestamp>
			</report>
			<report>
				<misses>10850001</misses>
				<total>9</total>
				<timestamp>4010.485705</timestamp>
			</report>
			<report>
				<misses>10851001</misses>
				<total>9</total>
				<timestamp>4010.855297</timestamp>
			</report>
			<report>
				<misses>10852001</misses>
				<total>9</total>
				<timestamp>4011.224933</timestamp>
			</report>
			<report>
				<misses>10853001</misses>
				<total>9</total>
				<timestamp>4011.594585</timestamp>
			</report>
			<report>
				<misses>10854001</misses>
				<total>9</total>
				<timestamp>4011.964252</timestamp>
			</report>
			<report>
				<misses>10855001</misses>
				<total>9</total>
				<timestamp>4012.333855</timestamp>
			</report>
			<report>
				<misses>10856001</misses>
				<total>9</total>
				<timestamp>4012.703500</timestamp>
			</report>
			<report>
				<misses>10857001</misses>
				<total>9</total>
				<timestamp>4013.073122</timestamp>
			</report>
			<report>
				<misses>10858001</misses>
				<total>9</total>
				<timestamp>4013.442710</timestamp>
			</report>
			<report>
				<misses>10859001</misses>
				<total>8</total>
				<timestamp>4013.812426</timestamp>
			</report>
			<report>
				<misses>10860001</misses>
				<total>8</total>
				<timestamp>4014.182070</timestamp>
			</report>
			<report>
				<misses>10861001</misses>
				<total>9</total>
				<timestamp>4014.551637</timestamp>
			</report>
			<report>
				<misses>10862001</misses>
				<total>9</total>
				<timestamp>4014.921237</timestamp>
			</report>
			<report>
				<misses>10863001</misses>
				<total>9</total>
				<timestamp>4015.290871</timestamp>
			</report>
			<report>
				<misses>10864001</misses>
				<total>9</total>
				<timestamp>4015.660494</timestamp>
			</report>
			<report>
				<misses>10865001</misses>
				<total>10</total>
				<timestamp>4016.030129</timestamp>
			</report>
			<report>
				<misses>10866001</misses>
				<total>10</total>
				<timestamp>4016.399760</timestamp>
			</report>
			<report>
				<misses>10867001</misses>
				<total>10</total>
				<timestamp>4016.769373</timestamp>
			</report>
			<report>
				<misses>10868001</misses>
				<total>10</total>
				<timestamp>4017.139024</timestamp>
			</report>
			<report>
				<misses>10869001</misses>
				<total>10</total>
				<timestamp>4017.508629</timestamp>
			</report>
			<report>
				<misses>10870001</misses>
				<total>10</total>
				<timestamp>4017.878283</timestamp>
			</report>
			<report>
				<misses>10871001</misses>
				<total>9</total>
				<timestamp>4018.248043</timestamp>
			</report>
			<report>
				<misses>10872001</misses>
				<total>10</total>
				<timestamp>4018.617582</timestamp>
			</report>
			<report>
				<misses>10873001</misses>
				<total>10</total>
				<timestamp>4018.987196</timestamp>
			</report>
			<report>
				<misses>10874001</misses>
				<total>9</total>
				<timestamp>4019.356884</timestamp>
			</report>
			<report>
				<misses>10875001</misses>
				<total>10</total>
				<timestamp>4019.726446</timestamp>
			</report>
			<report>
				<misses>10876001</misses>
				<total>10</total>
				<timestamp>4020.096154</timestamp>
			</report>
			<report>
				<misses>10877001</misses>
				<total>10</total>
				<timestamp>4020.465674</timestamp>
			</report>
			<report>
				<misses>10878001</misses>
				<total>10</total>
				<timestamp>4020.835326</timestamp>
			</report>
			<report>
				<misses>10879001</misses>
				<total>10</total>
				<timestamp>4021.204971</timestamp>
			</report>
			<report>
				<misses>10880001</misses>
				<total>10</total>
				<timestamp>4021.574570</timestamp>
			</report>
			<report>
				<misses>10881001</misses>
				<total>10</total>
				<timestamp>4021.944235</timestamp>
			</report>
			<report>
				<misses>10882001</misses>
				<total>10</total>
				<timestamp>4022.313895</timestamp>
			</report>
			<report>
				<misses>10883001</misses>
				<total>10</total>
				<timestamp>4022.683502</timestamp>
			</report>
			<report>
				<misses>10884001</misses>
				<total>10</total>
				<timestamp>4023.053171</timestamp>
			</report>
			<report>
				<misses>10885001</misses>
				<total>10</total>
				<timestamp>4023.422767</timestamp>
			</report>
			<report>
				<misses>10886001</misses>
				<total>10</total>
				<timestamp>4023.792415</timestamp>
			</report>
			<report>
				<misses>10887001</misses>
				<total>10</total>
				<timestamp>4024.162041</timestamp>
			</report>
			<report>
				<misses>10888001</misses>
				<total>10</total>
				<timestamp>4024.531627</timestamp>
			</report>
			<report>
				<misses>10889001</misses>
				<total>10</total>
				<timestamp>4024.901288</timestamp>
			</report>
			<report>
				<misses>10890001</misses>
				<total>10</total>
				<timestamp>4025.270893</timestamp>
			</report>
			<report>
				<misses>10891001</misses>
				<total>10</total>
				<timestamp>4025.640502</timestamp>
			</report>
			<report>
				<misses>10892001</misses>
				<total>10</total>
				<timestamp>4026.010155</timestamp>
			</report>
			<report>
				<misses>10893001</misses>
				<total>9</total>
				<timestamp>4026.379860</timestamp>
			</report>
			<report>
				<misses>10894001</misses>
				<total>10</total>
				<timestamp>4026.749453</timestamp>
			</report>
			<report>
				<misses>10895001</misses>
				<total>10</total>
				<timestamp>4027.119082</timestamp>
			</report>
			<report>
				<misses>10896001</misses>
				<total>10</total>
				<timestamp>4027.488648</timestamp>
			</report>
			<report>
				<misses>10897001</misses>
				<total>10</total>
				<timestamp>4027.858334</timestamp>
			</report>
			<report>
				<misses>10898001</misses>
				<total>10</total>
				<timestamp>4028.227898</timestamp>
			</report>
			<report>
				<misses>10899001</misses>
				<total>10</total>
				<timestamp>4028.597575</timestamp>
			</report>
			<report>
				<misses>10900001</misses>
				<total>10</total>
				<timestamp>4028.967260</timestamp>
			</report>
			<report>
				<misses>10901001</misses>
				<total>10</total>
				<timestamp>4029.336801</timestamp>
			</report>
			<report>
				<misses>10902001</misses>
				<total>10</total>
				<timestamp>4029.706421</timestamp>
			</report>
			<report>
				<misses>10903001</misses>
				<total>10</total>
				<timestamp>4030.076082</timestamp>
			</report>
			<report>
				<misses>10904001</misses>
				<total>10</total>
				<timestamp>4030.445745</timestamp>
			</report>
			<report>
				<misses>10905001</misses>
				<total>10</total>
				<timestamp>4030.815388</timestamp>
			</report>
			<report>
				<misses>10906001</misses>
				<total>10</total>
				<timestamp>4031.184945</timestamp>
			</report>
			<report>
				<misses>10907001</misses>
				<total>10</total>
				<timestamp>4031.554563</timestamp>
			</report>
			<report>
				<misses>10908001</misses>
				<total>10</total>
				<timestamp>4031.924248</timestamp>
			</report>
			<report>
				<misses>10909001</misses>
				<total>10</total>
				<timestamp>4032.293884</timestamp>
			</report>
			<report>
				<misses>10910001</misses>
				<total>10</total>
				<timestamp>4032.663554</timestamp>
			</report>
			<report>
				<misses>10911001</misses>
				<total>10</total>
				<timestamp>4033.033101</timestamp>
			</report>
			<report>
				<misses>10912001</misses>
				<total>10</total>
				<timestamp>4033.402789</timestamp>
			</report>
			<report>
				<misses>10913001</misses>
				<total>10</total>
				<timestamp>4033.772376</timestamp>
			</report>
			<report>
				<misses>10914001</misses>
				<total>10</total>
				<timestamp>4034.142027</timestamp>
			</report>
			<report>
				<misses>10915001</misses>
				<total>10</total>
				<timestamp>4034.511615</timestamp>
			</report>
			<report>
				<misses>10916001</misses>
				<total>10</total>
				<timestamp>4034.881298</timestamp>
			</report>
			<report>
				<misses>10917001</misses>
				<total>10</total>
				<timestamp>4035.250876</timestamp>
			</report>
			<report>
				<misses>10918001</misses>
				<total>10</total>
				<timestamp>4035.620529</timestamp>
			</report>
			<report>
				<misses>10919001</misses>
				<total>10</total>
				<timestamp>4035.990200</timestamp>
			</report>
			<report>
				<misses>10920001</misses>
				<total>10</total>
				<timestamp>4036.359760</timestamp>
			</report>
			<report>
				<misses>10921001</misses>
				<total>10</total>
				<timestamp>4036.729457</timestamp>
			</report>
			<report>
				<misses>10922001</misses>
				<total>10</total>
				<timestamp>4037.099133</timestamp>
			</report>
			<report>
				<misses>10923001</misses>
				<total>10</total>
				<timestamp>4037.468717</timestamp>
			</report>
			<report>
				<misses>10924001</misses>
				<total>10</total>
				<timestamp>4037.838287</timestamp>
			</report>
			<report>
				<misses>10925001</misses>
				<total>10</total>
				<timestamp>4038.207936</timestamp>
			</report>
			<report>
				<misses>10926001</misses>
				<total>10</total>
				<timestamp>4038.577588</timestamp>
			</report>
			<report>
				<misses>10927001</misses>
				<total>9</total>
				<timestamp>4038.947278</timestamp>
			</report>
			<report>
				<misses>10928001</misses>
				<total>10</total>
				<timestamp>4039.316823</timestamp>
			</report>
			<report>
				<misses>10929001</misses>
				<total>10</total>
				<timestamp>4039.686462</timestamp>
			</report>
			<report>
				<misses>10930001</misses>
				<total>10</total>
				<timestamp>4040.056095</timestamp>
			</report>
			<report>
				<misses>10931001</misses>
				<total>10</total>
				<timestamp>4040.425754</timestamp>
			</report>
			<report>
				<misses>10932001</misses>
				<total>10</total>
				<timestamp>4040.795371</timestamp>
			</report>
			<report>
				<misses>10933001</misses>
				<total>10</total>
				<timestamp>4041.164954</timestamp>
			</report>
			<report>
				<misses>10934001</misses>
				<total>10</total>
				<timestamp>4041.534583</timestamp>
			</report>
			<report>
				<misses>10935001</misses>
				<total>10</total>
				<timestamp>4041.904229</timestamp>
			</report>
			<report>
				<misses>10936001</misses>
				<total>10</total>
				<timestamp>4042.273841</timestamp>
			</report>
			<report>
				<misses>10937001</misses>
				<total>10</total>
				<timestamp>4042.643473</timestamp>
			</report>
			<report>
				<misses>10938001</misses>
				<total>10</total>
				<timestamp>4043.013123</timestamp>
			</report>
			<report>
				<misses>10939001</misses>
				<total>10</total>
				<timestamp>4043.382730</timestamp>
			</report>
			<report>
				<misses>10940001</misses>
				<total>9</total>
				<timestamp>4043.752504</timestamp>
			</report>
			<report>
				<misses>10941001</misses>
				<total>10</total>
				<timestamp>4044.122105</timestamp>
			</report>
			<report>
				<misses>10942001</misses>
				<total>10</total>
				<timestamp>4044.491669</timestamp>
			</report>
			<report>
				<misses>10943001</misses>
				<total>10</total>
				<timestamp>4044.861331</timestamp>
			</report>
			<report>
				<misses>10944001</misses>
				<total>9</total>
				<timestamp>4045.231030</timestamp>
			</report>
			<report>
				<misses>10945001</misses>
				<total>10</total>
				<timestamp>4045.600508</timestamp>
			</report>
			<report>
				<misses>10946001</misses>
				<total>10</total>
				<timestamp>4045.970168</timestamp>
			</report>
			<report>
				<misses>10947001</misses>
				<total>10</total>
				<timestamp>4046.339819</timestamp>
			</report>
			<report>
				<misses>10948001</misses>
				<total>10</total>
				<timestamp>4046.709410</timestamp>
			</report>
			<report>
				<misses>10949001</misses>
				<total>10</total>
				<timestamp>4047.079123</timestamp>
			</report>
			<report>
				<misses>10950001</misses>
				<total>10</total>
				<timestamp>4047.448665</timestamp>
			</report>
			<report>
				<misses>10951001</misses>
				<total>10</total>
				<timestamp>4047.818310</timestamp>
			</report>
			<report>
				<misses>10952001</misses>
				<total>10</total>
				<timestamp>4048.188010</timestamp>
			</report>
			<report>
				<misses>10953001</misses>
				<total>10</total>
				<timestamp>4048.557557</timestamp>
			</report>
			<report>
				<misses>10954001</misses>
				<total>10</total>
				<timestamp>4048.927186</timestamp>
			</report>
			<report>
				<misses>10955001</misses>
				<total>10</total>
				<timestamp>4049.296815</timestamp>
			</report>
			<report>
				<misses>10956001</misses>
				<total>10</total>
				<timestamp>4049.666528</timestamp>
			</report>
			<report>
				<misses>10957001</misses>
				<total>10</total>
				<timestamp>4050.036143</timestamp>
			</report>
			<report>
				<misses>10958001</misses>
				<total>10</total>
				<timestamp>4050.405787</timestamp>
			</report>
			<report>
				<misses>10959001</misses>
				<total>10</total>
				<timestamp>4050.775396</timestamp>
			</report>
			<report>
				<misses>10960001</misses>
				<total>10</total>
				<timestamp>4051.145033</timestamp>
			</report>
			<report>
				<misses>10961001</misses>
				<total>10</total>
				<timestamp>4051.514639</timestamp>
			</report>
			<report>
				<misses>10962001</misses>
				<total>10</total>
				<timestamp>4051.884314</timestamp>
			</report>
			<report>
				<misses>10963001</misses>
				<total>9</total>
				<timestamp>4052.254004</timestamp>
			</report>
			<report>
				<misses>10964001</misses>
				<total>10</total>
				<timestamp>4052.623536</timestamp>
			</report>
			<report>
				<misses>10965001</misses>
				<total>10</total>
				<timestamp>4052.993167</timestamp>
			</report>
			<report>
				<misses>10966001</misses>
				<total>9</total>
				<timestamp>4053.362861</timestamp>
			</report>
			<report>
				<misses>10967001</misses>
				<total>10</total>
				<timestamp>4053.732429</timestamp>
			</report>
			<report>
				<misses>10968001</misses>
				<total>9</total>
				<timestamp>4054.102138</timestamp>
			</report>
			<report>
				<misses>10969001</misses>
				<total>10</total>
				<timestamp>4054.471629</timestamp>
			</report>
			<report>
				<misses>10970001</misses>
				<total>10</total>
				<timestamp>4054.841281</timestamp>
			</report>
			<report>
				<misses>10971001</misses>
				<total>10</total>
				<timestamp>4055.210967</timestamp>
			</report>
			<report>
				<misses>10972001</misses>
				<total>10</total>
				<timestamp>4055.580575</timestamp>
			</report>
			<report>
				<misses>10973001</misses>
				<total>10</total>
				<timestamp>4055.950169</timestamp>
			</report>
			<report>
				<misses>10974001</misses>
				<total>10</total>
				<timestamp>4056.319800</timestamp>
			</report>
			<report>
				<misses>10975001</misses>
				<total>10</total>
				<timestamp>4056.689448</timestamp>
			</report>
			<report>
				<misses>10976001</misses>
				<total>10</total>
				<timestamp>4057.059095</timestamp>
			</report>
			<report>
				<misses>10977001</misses>
				<total>10</total>
				<timestamp>4057.428733</timestamp>
			</report>
			<report>
				<misses>10978001</misses>
				<total>10</total>
				<timestamp>4057.798326</timestamp>
			</report>
			<report>
				<misses>10979001</misses>
				<total>10</total>
				<timestamp>4058.168004</timestamp>
			</report>
			<report>
				<misses>10980001</misses>
				<total>9</total>
				<timestamp>4058.537673</timestamp>
			</report>
			<report>
				<misses>10981001</misses>
				<total>10</total>
				<timestamp>4058.907255</timestamp>
			</report>
			<report>
				<misses>10982001</misses>
				<total>10</total>
				<timestamp>4059.276933</timestamp>
			</report>
			<report>
				<misses>10983001</misses>
				<total>10</total>
				<timestamp>4059.646524</timestamp>
			</report>
			<report>
				<misses>10984001</misses>
				<total>10</total>
				<timestamp>4060.016090</timestamp>
			</report>
			<report>
				<misses>10985001</misses>
				<total>10</total>
				<timestamp>4060.385760</timestamp>
			</report>
			<report>
				<misses>10986001</misses>
				<total>10</total>
				<timestamp>4060.755412</timestamp>
			</report>
			<report>
				<misses>10987001</misses>
				<total>10</total>
				<timestamp>4061.125096</timestamp>
			</report>
			<report>
				<misses>10988001</misses>
				<total>10</total>
				<timestamp>4061.494598</timestamp>
			</report>
			<report>
				<misses>10989001</misses>
				<total>10</total>
				<timestamp>4061.864264</timestamp>
			</report>
			<report>
				<misses>10990001</misses>
				<total>10</total>
				<timestamp>4062.233873</timestamp>
			</report>
			<report>
				<misses>10991001</misses>
				<total>10</total>
				<timestamp>4062.603505</timestamp>
			</report>
			<report>
				<misses>10992001</misses>
				<total>10</total>
				<timestamp>4062.973136</timestamp>
			</report>
			<report>
				<misses>10993001</misses>
				<total>10</total>
				<timestamp>4063.342772</timestamp>
			</report>
			<report>
				<misses>10994001</misses>
				<total>10</total>
				<timestamp>4063.712384</timestamp>
			</report>
			<report>
				<misses>10995001</misses>
				<total>10</total>
				<timestamp>4064.082083</timestamp>
			</report>
			<report>
				<misses>10996001</misses>
				<total>10</total>
				<timestamp>4064.451676</timestamp>
			</report>
			<report>
				<misses>10997001</misses>
				<total>10</total>
				<timestamp>4064.821266</timestamp>
			</report>
			<report>
				<misses>10998001</misses>
				<total>10</total>
				<timestamp>4065.190955</timestamp>
			</report>
			<report>
				<misses>10999001</misses>
				<total>9</total>
				<timestamp>4065.560654</timestamp>
			</report>
			<report>
				<misses>11000001</misses>
				<total>9</total>
				<timestamp>4065.930272</timestamp>
			</report>
			<report>
				<misses>11001001</misses>
				<total>10</total>
				<timestamp>4066.299807</timestamp>
			</report>
			<report>
				<misses>11002001</misses>
				<total>10</total>
				<timestamp>4066.669419</timestamp>
			</report>
			<report>
				<misses>11003001</misses>
				<total>10</total>
				<timestamp>4067.039092</timestamp>
			</report>
			<report>
				<misses>11004001</misses>
				<total>10</total>
				<timestamp>4067.408762</timestamp>
			</report>
			<report>
				<misses>11005001</misses>
				<total>10</total>
				<timestamp>4067.778349</timestamp>
			</report>
			<report>
				<misses>11006001</misses>
				<total>10</total>
				<timestamp>4068.147988</timestamp>
			</report>
			<report>
				<misses>11007001</misses>
				<total>10</total>
				<timestamp>4068.517579</timestamp>
			</report>
			<report>
				<misses>11008001</misses>
				<total>10</total>
				<timestamp>4068.887224</timestamp>
			</report>
			<report>
				<misses>11009001</misses>
				<total>10</total>
				<timestamp>4069.256860</timestamp>
			</report>
			<report>
				<misses>11010001</misses>
				<total>10</total>
				<timestamp>4069.626474</timestamp>
			</report>
			<report>
				<misses>11011001</misses>
				<total>10</total>
				<timestamp>4069.996150</timestamp>
			</report>
			<report>
				<misses>11012001</misses>
				<total>10</total>
				<timestamp>4070.365796</timestamp>
			</report>
			<report>
				<misses>11013001</misses>
				<total>10</total>
				<timestamp>4070.735383</timestamp>
			</report>
			<report>
				<misses>11014001</misses>
				<total>10</total>
				<timestamp>4071.104993</timestamp>
			</report>
			<report>
				<misses>11015001</misses>
				<total>10</total>
				<timestamp>4071.474628</timestamp>
			</report>
			<report>
				<misses>11016001</misses>
				<total>10</total>
				<timestamp>4071.844244</timestamp>
			</report>
			<report>
				<misses>11017001</misses>
				<total>10</total>
				<timestamp>4072.213873</timestamp>
			</report>
			<report>
				<misses>11018001</misses>
				<total>10</total>
				<timestamp>4072.583539</timestamp>
			</report>
			<report>
				<misses>11019001</misses>
				<total>10</total>
				<timestamp>4072.953132</timestamp>
			</report>
			<report>
				<misses>11020001</misses>
				<total>10</total>
				<timestamp>4073.322772</timestamp>
			</report>
			<report>
				<misses>11021001</misses>
				<total>10</total>
				<timestamp>4073.692390</timestamp>
			</report>
			<report>
				<misses>11022001</misses>
				<total>10</total>
				<timestamp>4074.062087</timestamp>
			</report>
			<report>
				<misses>11023001</misses>
				<total>10</total>
				<timestamp>4074.431696</timestamp>
			</report>
			<report>
				<misses>11024001</misses>
				<total>10</total>
				<timestamp>4074.801291</timestamp>
			</report>
			<report>
				<misses>11025001</misses>
				<total>10</total>
				<timestamp>4075.170975</timestamp>
			</report>
			<report>
				<misses>11026001</misses>
				<total>9</total>
				<timestamp>4075.540640</timestamp>
			</report>
			<report>
				<misses>11027001</misses>
				<total>10</total>
				<timestamp>4075.910214</timestamp>
			</report>
			<report>
				<misses>11028001</misses>
				<total>10</total>
				<timestamp>4076.279833</timestamp>
			</report>
			<report>
				<misses>11029001</misses>
				<total>10</total>
				<timestamp>4076.649483</timestamp>
			</report>
			<report>
				<misses>11030001</misses>
				<total>10</total>
				<timestamp>4077.019094</timestamp>
			</report>
			<report>
				<misses>11031001</misses>
				<total>10</total>
				<timestamp>4077.388698</timestamp>
			</report>
			<report>
				<misses>11032001</misses>
				<total>10</total>
				<timestamp>4077.758389</timestamp>
			</report>
			<report>
				<misses>11033001</misses>
				<total>10</total>
				<timestamp>4078.127968</timestamp>
			</report>
			<report>
				<misses>11034001</misses>
				<total>10</total>
				<timestamp>4078.497675</timestamp>
			</report>
			<report>
				<misses>11035001</misses>
				<total>10</total>
				<timestamp>4078.867264</timestamp>
			</report>
			<report>
				<misses>11036001</misses>
				<total>9</total>
				<timestamp>4079.236983</timestamp>
			</report>
			<report>
				<misses>11037001</misses>
				<total>10</total>
				<timestamp>4079.606471</timestamp>
			</report>
			<report>
				<misses>11038001</misses>
				<total>10</total>
				<timestamp>4079.976185</timestamp>
			</report>
			<report>
				<misses>11039001</misses>
				<total>10</total>
				<timestamp>4080.345762</timestamp>
			</report>
			<report>
				<misses>11040001</misses>
				<total>10</total>
				<timestamp>4080.715422</timestamp>
			</report>
			<report>
				<misses>11041001</misses>
				<total>9</total>
				<timestamp>4081.085127</timestamp>
			</report>
			<report>
				<misses>11042001</misses>
				<total>10</total>
				<timestamp>4081.454634</timestamp>
			</report>
			<report>
				<misses>11043001</misses>
				<total>10</total>
				<timestamp>4081.824254</timestamp>
			</report>
			<report>
				<misses>11044001</misses>
				<total>10</total>
				<timestamp>4082.193948</timestamp>
			</report>
			<report>
				<misses>11045001</misses>
				<total>10</total>
				<timestamp>4082.563503</timestamp>
			</report>
			<report>
				<misses>11046001</misses>
				<total>10</total>
				<timestamp>4082.933165</timestamp>
			</report>
			<report>
				<misses>11047001</misses>
				<total>10</total>
				<timestamp>4083.302876</timestamp>
			</report>
			<report>
				<misses>11048001</misses>
				<total>10</total>
				<timestamp>4083.672449</timestamp>
			</report>
			<report>
				<misses>11049001</misses>
				<total>10</total>
				<timestamp>4084.042041</timestamp>
			</report>
			<report>
				<misses>11050001</misses>
				<total>10</total>
				<timestamp>4084.411736</timestamp>
			</report>
			<report>
				<misses>11051001</misses>
				<total>10</total>
				<timestamp>4084.781289</timestamp>
			</report>
			<report>
				<misses>11052001</misses>
				<total>10</total>
				<timestamp>4085.150959</timestamp>
			</report>
			<report>
				<misses>11053001</misses>
				<total>10</total>
				<timestamp>4085.520582</timestamp>
			</report>
			<report>
				<misses>11054001</misses>
				<total>10</total>
				<timestamp>4085.890254</timestamp>
			</report>
			<report>
				<misses>11055001</misses>
				<total>10</total>
				<timestamp>4086.259866</timestamp>
			</report>
			<report>
				<misses>11056001</misses>
				<total>9</total>
				<timestamp>4086.629560</timestamp>
			</report>
			<report>
				<misses>11057001</misses>
				<total>10</total>
				<timestamp>4086.999081</timestamp>
			</report>
			<report>
				<misses>11058001</misses>
				<total>10</total>
				<timestamp>4087.368772</timestamp>
			</report>
			<report>
				<misses>11059001</misses>
				<total>9</total>
				<timestamp>4087.738431</timestamp>
			</report>
			<report>
				<misses>11060001</misses>
				<total>10</total>
				<timestamp>4088.107986</timestamp>
			</report>
			<report>
				<misses>11061001</misses>
				<total>10</total>
				<timestamp>4088.477678</timestamp>
			</report>
			<report>
				<misses>11062001</misses>
				<total>10</total>
				<timestamp>4088.847298</timestamp>
			</report>
			<report>
				<misses>11063001</misses>
				<total>10</total>
				<timestamp>4089.216865</timestamp>
			</report>
			<report>
				<misses>11064001</misses>
				<total>10</total>
				<timestamp>4089.586562</timestamp>
			</report>
			<report>
				<misses>11065001</misses>
				<total>10</total>
				<timestamp>4089.956166</timestamp>
			</report>
			<report>
				<misses>11066001</misses>
				<total>10</total>
				<timestamp>4090.325775</timestamp>
			</report>
			<report>
				<misses>11067001</misses>
				<total>10</total>
				<timestamp>4090.695397</timestamp>
			</report>
			<report>
				<misses>11068001</misses>
				<total>9</total>
				<timestamp>4091.065098</timestamp>
			</report>
			<report>
				<misses>11069001</misses>
				<total>10</total>
				<timestamp>4091.434640</timestamp>
			</report>
			<report>
				<misses>11070001</misses>
				<total>10</total>
				<timestamp>4091.804275</timestamp>
			</report>
			<report>
				<misses>11071001</misses>
				<total>10</total>
				<timestamp>4092.173991</timestamp>
			</report>
			<report>
				<misses>11072001</misses>
				<total>10</total>
				<timestamp>4092.543547</timestamp>
			</report>
			<report>
				<misses>11073001</misses>
				<total>10</total>
				<timestamp>4092.913169</timestamp>
			</report>
			<report>
				<misses>11074001</misses>
				<total>9</total>
				<timestamp>4093.282909</timestamp>
			</report>
			<report>
				<misses>11075001</misses>
				<total>10</total>
				<timestamp>4093.652485</timestamp>
			</report>
			<report>
				<misses>11076001</misses>
				<total>10</total>
				<timestamp>4094.022062</timestamp>
			</report>
			<report>
				<misses>11077001</misses>
				<total>10</total>
				<timestamp>4094.391697</timestamp>
			</report>
			<report>
				<misses>11078001</misses>
				<total>10</total>
				<timestamp>4094.761328</timestamp>
			</report>
			<report>
				<misses>11079001</misses>
				<total>10</total>
				<timestamp>4095.130951</timestamp>
			</report>
			<report>
				<misses>11080001</misses>
				<total>10</total>
				<timestamp>4095.500561</timestamp>
			</report>
			<report>
				<misses>11081001</misses>
				<total>10</total>
				<timestamp>4095.870207</timestamp>
			</report>
			<report>
				<misses>11082001</misses>
				<total>10</total>
				<timestamp>4096.239832</timestamp>
			</report>
			<report>
				<misses>11083001</misses>
				<total>10</total>
				<timestamp>4096.609492</timestamp>
			</report>
			<report>
				<misses>11084001</misses>
				<total>10</total>
				<timestamp>4096.979147</timestamp>
			</report>
			<report>
				<misses>11085001</misses>
				<total>10</total>
				<timestamp>4097.348813</timestamp>
			</report>
			<report>
				<misses>11086001</misses>
				<total>10</total>
				<timestamp>4097.718398</timestamp>
			</report>
			<report>
				<misses>11087001</misses>
				<total>10</total>
				<timestamp>4098.088025</timestamp>
			</report>
			<report>
				<misses>11088001</misses>
				<total>10</total>
				<timestamp>4098.457636</timestamp>
			</report>
			<report>
				<misses>11089001</misses>
				<total>10</total>
				<timestamp>4098.827304</timestamp>
			</report>
			<report>
				<misses>11090001</misses>
				<total>10</total>
				<timestamp>4099.196856</timestamp>
			</report>
			<report>
				<misses>11091001</misses>
				<total>10</total>
				<timestamp>4099.566537</timestamp>
			</report>
			<report>
				<misses>11092001</misses>
				<total>10</total>
				<timestamp>4099.936148</timestamp>
			</report>
			<report>
				<misses>11093001</misses>
				<total>10</total>
				<timestamp>4100.305769</timestamp>
			</report>
			<report>
				<misses>11094001</misses>
				<total>10</total>
				<timestamp>4100.675413</timestamp>
			</report>
			<report>
				<misses>11095001</misses>
				<total>10</total>
				<timestamp>4101.045039</timestamp>
			</report>
			<report>
				<misses>11096001</misses>
				<total>10</total>
				<timestamp>4101.414681</timestamp>
			</report>
			<report>
				<misses>11097001</misses>
				<total>10</total>
				<timestamp>4101.784280</timestamp>
			</report>
			<report>
				<misses>11098001</misses>
				<total>10</total>
				<timestamp>4102.153932</timestamp>
			</report>
			<report>
				<misses>11099001</misses>
				<total>10</total>
				<timestamp>4102.523572</timestamp>
			</report>
			<report>
				<misses>11100001</misses>
				<total>10</total>
				<timestamp>4102.893189</timestamp>
			</report>
			<report>
				<misses>11101001</misses>
				<total>10</total>
				<timestamp>4103.262801</timestamp>
			</report>
			<report>
				<misses>11102001</misses>
				<total>10</total>
				<timestamp>4103.632421</timestamp>
			</report>
			<report>
				<misses>11103001</misses>
				<total>10</total>
				<timestamp>4104.002049</timestamp>
			</report>
			<report>
				<misses>11104001</misses>
				<total>10</total>
				<timestamp>4104.371777</timestamp>
			</report>
			<report>
				<misses>11105001</misses>
				<total>10</total>
				<timestamp>4104.741315</timestamp>
			</report>
			<report>
				<misses>11106001</misses>
				<total>10</total>
				<timestamp>4105.110967</timestamp>
			</report>
			<report>
				<misses>11107001</misses>
				<total>10</total>
				<timestamp>4105.480647</timestamp>
			</report>
			<report>
				<misses>11108001</misses>
				<total>10</total>
				<timestamp>4105.850259</timestamp>
			</report>
			<report>
				<misses>11109001</misses>
				<total>10</total>
				<timestamp>4106.219840</timestamp>
			</report>
			<report>
				<misses>11110001</misses>
				<total>10</total>
				<timestamp>4106.589513</timestamp>
			</report>
			<report>
				<misses>11111001</misses>
				<total>10</total>
				<timestamp>4106.959125</timestamp>
			</report>
			<report>
				<misses>11112001</misses>
				<total>10</total>
				<timestamp>4107.328746</timestamp>
			</report>
			<report>
				<misses>11113001</misses>
				<total>10</total>
				<timestamp>4107.698363</timestamp>
			</report>
			<report>
				<misses>11114001</misses>
				<total>10</total>
				<timestamp>4108.068002</timestamp>
			</report>
			<report>
				<misses>11115001</misses>
				<total>10</total>
				<timestamp>4108.437639</timestamp>
			</report>
			<report>
				<misses>11116001</misses>
				<total>9</total>
				<timestamp>4108.807371</timestamp>
			</report>
			<report>
				<misses>11117001</misses>
				<total>10</total>
				<timestamp>4109.176936</timestamp>
			</report>
			<report>
				<misses>11118001</misses>
				<total>10</total>
				<timestamp>4109.546599</timestamp>
			</report>
			<report>
				<misses>11119001</misses>
				<total>10</total>
				<timestamp>4109.916146</timestamp>
			</report>
			<report>
				<misses>11120001</misses>
				<total>9</total>
				<timestamp>4110.285873</timestamp>
			</report>
			<report>
				<misses>11121001</misses>
				<total>10</total>
				<timestamp>4110.655407</timestamp>
			</report>
			<report>
				<misses>11122001</misses>
				<total>10</total>
				<timestamp>4111.025030</timestamp>
			</report>
			<report>
				<misses>11123001</misses>
				<total>10</total>
				<timestamp>4111.394668</timestamp>
			</report>
			<report>
				<misses>11124001</misses>
				<total>10</total>
				<timestamp>4111.764318</timestamp>
			</report>
			<report>
				<misses>11125001</misses>
				<total>10</total>
				<timestamp>4112.133937</timestamp>
			</report>
			<report>
				<misses>11126001</misses>
				<total>10</total>
				<timestamp>4112.503594</timestamp>
			</report>
			<report>
				<misses>11127001</misses>
				<total>10</total>
				<timestamp>4112.873220</timestamp>
			</report>
			<report>
				<misses>11128001</misses>
				<total>10</total>
				<timestamp>4113.242844</timestamp>
			</report>
			<report>
				<misses>11129001</misses>
				<total>10</total>
				<timestamp>4113.612455</timestamp>
			</report>
			<report>
				<misses>11130001</misses>
				<total>10</total>
				<timestamp>4113.982130</timestamp>
			</report>
			<report>
				<misses>11131001</misses>
				<total>10</total>
				<timestamp>4114.351724</timestamp>
			</report>
			<report>
				<misses>11132001</misses>
				<total>10</total>
				<timestamp>4114.721322</timestamp>
			</report>
			<report>
				<misses>11133001</misses>
				<total>10</total>
				<timestamp>4115.091005</timestamp>
			</report>
			<report>
				<misses>11134001</misses>
				<total>10</total>
				<timestamp>4115.460627</timestamp>
			</report>
			<report>
				<misses>11135001</misses>
				<total>10</total>
				<timestamp>4115.830212</timestamp>
			</report>
			<report>
				<misses>11136001</misses>
				<total>10</total>
				<timestamp>4116.199843</timestamp>
			</report>
			<report>
				<misses>11137001</misses>
				<total>10</total>
				<timestamp>4116.569473</timestamp>
			</report>
			<report>
				<misses>11138001</misses>
				<total>10</total>
				<timestamp>4116.939133</timestamp>
			</report>
			<report>
				<misses>11139001</misses>
				<total>10</total>
				<timestamp>4117.308749</timestamp>
			</report>
			<report>
				<misses>11140001</misses>
				<total>10</total>
				<timestamp>4117.678373</timestamp>
			</report>
			<report>
				<misses>11141001</misses>
				<total>10</total>
				<timestamp>4118.048053</timestamp>
			</report>
			<report>
				<misses>11142001</misses>
				<total>10</total>
				<timestamp>4118.417705</timestamp>
			</report>
			<report>
				<misses>11143001</misses>
				<total>9</total>
				<timestamp>4118.787354</timestamp>
			</report>
			<report>
				<misses>11144001</misses>
				<total>10</total>
				<timestamp>4119.156957</timestamp>
			</report>
			<report>
				<misses>11145001</misses>
				<total>10</total>
				<timestamp>4119.526577</timestamp>
			</report>
			<report>
				<misses>11146001</misses>
				<total>10</total>
				<timestamp>4119.896176</timestamp>
			</report>
			<report>
				<misses>11147001</misses>
				<total>10</total>
				<timestamp>4120.265810</timestamp>
			</report>
			<report>
				<misses>11148001</misses>
				<total>10</total>
				<timestamp>4120.635427</timestamp>
			</report>
			<report>
				<misses>11149001</misses>
				<total>10</total>
				<timestamp>4121.005098</timestamp>
			</report>
			<report>
				<misses>11150001</misses>
				<total>10</total>
				<timestamp>4121.374673</timestamp>
			</report>
			<report>
				<misses>11151001</misses>
				<total>10</total>
				<timestamp>4121.744349</timestamp>
			</report>
			<report>
				<misses>11152001</misses>
				<total>10</total>
				<timestamp>4122.114010</timestamp>
			</report>
			<report>
				<misses>11153001</misses>
				<total>10</total>
				<timestamp>4122.483549</timestamp>
			</report>
			<report>
				<misses>11154001</misses>
				<total>10</total>
				<timestamp>4122.853198</timestamp>
			</report>
			<report>
				<misses>11155001</misses>
				<total>10</total>
				<timestamp>4123.222822</timestamp>
			</report>
			<report>
				<misses>11156001</misses>
				<total>10</total>
				<timestamp>4123.592482</timestamp>
			</report>
			<report>
				<misses>11157001</misses>
				<total>10</total>
				<timestamp>4123.962078</timestamp>
			</report>
			<report>
				<misses>11158001</misses>
				<total>10</total>
				<timestamp>4124.331701</timestamp>
			</report>
			<report>
				<misses>11159001</misses>
				<total>10</total>
				<timestamp>4124.701350</timestamp>
			</report>
			<report>
				<misses>11160001</misses>
				<total>10</total>
				<timestamp>4125.071047</timestamp>
			</report>
			<report>
				<misses>11161001</misses>
				<total>10</total>
				<timestamp>4125.440652</timestamp>
			</report>
			<report>
				<misses>11162001</misses>
				<total>9</total>
				<timestamp>4125.810317</timestamp>
			</report>
			<report>
				<misses>11163001</misses>
				<total>10</total>
				<timestamp>4126.179862</timestamp>
			</report>
			<report>
				<misses>11164001</misses>
				<total>10</total>
				<timestamp>4126.549550</timestamp>
			</report>
			<report>
				<misses>11165001</misses>
				<total>10</total>
				<timestamp>4126.919117</timestamp>
			</report>
			<report>
				<misses>11166001</misses>
				<total>10</total>
				<timestamp>4127.288762</timestamp>
			</report>
			<report>
				<misses>11167001</misses>
				<total>10</total>
				<timestamp>4127.658460</timestamp>
			</report>
			<report>
				<misses>11168001</misses>
				<total>10</total>
				<timestamp>4128.028074</timestamp>
			</report>
			<report>
				<misses>11169001</misses>
				<total>10</total>
				<timestamp>4128.397656</timestamp>
			</report>
			<report>
				<misses>11170001</misses>
				<total>10</total>
				<timestamp>4128.767269</timestamp>
			</report>
			<report>
				<misses>11171001</misses>
				<total>10</total>
				<timestamp>4129.136922</timestamp>
			</report>
			<report>
				<misses>11172001</misses>
				<total>9</total>
				<timestamp>4129.506666</timestamp>
			</report>
			<report>
				<misses>11173001</misses>
				<total>10</total>
				<timestamp>4129.876228</timestamp>
			</report>
			<report>
				<misses>11174001</misses>
				<total>10</total>
				<timestamp>4130.245843</timestamp>
			</report>
			<report>
				<misses>11175001</misses>
				<total>10</total>
				<timestamp>4130.615426</timestamp>
			</report>
			<report>
				<misses>11176001</misses>
				<total>10</total>
				<timestamp>4130.985136</timestamp>
			</report>
			<report>
				<misses>11177001</misses>
				<total>10</total>
				<timestamp>4131.354724</timestamp>
			</report>
			<report>
				<misses>11178001</misses>
				<total>10</total>
				<timestamp>4131.724297</timestamp>
			</report>
			<report>
				<misses>11179001</misses>
				<total>10</total>
				<timestamp>4132.093942</timestamp>
			</report>
			<report>
				<misses>11180001</misses>
				<total>10</total>
				<timestamp>4132.463637</timestamp>
			</report>
			<report>
				<misses>11181001</misses>
				<total>9</total>
				<timestamp>4132.833302</timestamp>
			</report>
			<report>
				<misses>11182001</misses>
				<total>10</total>
				<timestamp>4133.202841</timestamp>
			</report>
			<report>
				<misses>11183001</misses>
				<total>10</total>
				<timestamp>4133.572482</timestamp>
			</report>
			<report>
				<misses>11184001</misses>
				<total>10</total>
				<timestamp>4133.942086</timestamp>
			</report>
			<report>
				<misses>11185001</misses>
				<total>10</total>
				<timestamp>4134.311734</timestamp>
			</report>
			<report>
				<misses>11186001</misses>
				<total>10</total>
				<timestamp>4134.681364</timestamp>
			</report>
			<report>
				<misses>11187001</misses>
				<total>10</total>
				<timestamp>4135.051050</timestamp>
			</report>
			<report>
				<misses>11188001</misses>
				<total>10</total>
				<timestamp>4135.420605</timestamp>
			</report>
			<report>
				<misses>11189001</misses>
				<total>10</total>
				<timestamp>4135.790263</timestamp>
			</report>
			<report>
				<misses>11190001</misses>
				<total>10</total>
				<timestamp>4136.159873</timestamp>
			</report>
			<report>
				<misses>11191001</misses>
				<total>10</total>
				<timestamp>4136.529514</timestamp>
			</report>
			<report>
				<misses>11192001</misses>
				<total>10</total>
				<timestamp>4136.899138</timestamp>
			</report>
			<report>
				<misses>11193001</misses>
				<total>10</total>
				<timestamp>4137.268774</timestamp>
			</report>
			<report>
				<misses>11194001</misses>
				<total>10</total>
				<timestamp>4137.638428</timestamp>
			</report>
			<report>
				<misses>11195001</misses>
				<total>10</total>
				<timestamp>4138.008051</timestamp>
			</report>
			<report>
				<misses>11196001</misses>
				<total>10</total>
				<timestamp>4138.377646</timestamp>
			</report>
			<report>
				<misses>11197001</misses>
				<total>10</total>
				<timestamp>4138.747270</timestamp>
			</report>
			<report>
				<misses>11198001</misses>
				<total>10</total>
				<timestamp>4139.116934</timestamp>
			</report>
			<report>
				<misses>11199001</misses>
				<total>10</total>
				<timestamp>4139.486595</timestamp>
			</report>
			<report>
				<misses>11200001</misses>
				<total>10</total>
				<timestamp>4139.856224</timestamp>
			</report>
			<report>
				<misses>11201001</misses>
				<total>10</total>
				<timestamp>4140.225886</timestamp>
			</report>
			<report>
				<misses>11202001</misses>
				<total>9</total>
				<timestamp>4140.595538</timestamp>
			</report>
			<report>
				<misses>11203001</misses>
				<total>10</total>
				<timestamp>4140.965109</timestamp>
			</report>
			<report>
				<misses>11204001</misses>
				<total>10</total>
				<timestamp>4141.334676</timestamp>
			</report>
			<report>
				<misses>11205001</misses>
				<total>10</total>
				<timestamp>4141.704423</timestamp>
			</report>
			<report>
				<misses>11206001</misses>
				<total>10</total>
				<timestamp>4142.073939</timestamp>
			</report>
			<report>
				<misses>11207001</misses>
				<total>10</total>
				<timestamp>4142.443608</timestamp>
			</report>
			<report>
				<misses>11208001</misses>
				<total>10</total>
				<timestamp>4142.813246</timestamp>
			</report>
			<report>
				<misses>11209001</misses>
				<total>10</total>
				<timestamp>4143.182907</timestamp>
			</report>
			<report>
				<misses>11210001</misses>
				<total>10</total>
				<timestamp>4143.552522</timestamp>
			</report>
			<report>
				<misses>11211001</misses>
				<total>10</total>
				<timestamp>4143.922167</timestamp>
			</report>
			<report>
				<misses>11212001</misses>
				<total>9</total>
				<timestamp>4144.291885</timestamp>
			</report>
			<report>
				<misses>11213001</misses>
				<total>10</total>
				<timestamp>4144.661462</timestamp>
			</report>
			<report>
				<misses>11214001</misses>
				<total>10</total>
				<timestamp>4145.031016</timestamp>
			</report>
			<report>
				<misses>11215001</misses>
				<total>10</total>
				<timestamp>4145.400631</timestamp>
			</report>
			<report>
				<misses>11216001</misses>
				<total>10</total>
				<timestamp>4145.770297</timestamp>
			</report>
			<report>
				<misses>11217001</misses>
				<total>10</total>
				<timestamp>4146.139914</timestamp>
			</report>
			<report>
				<misses>11218001</misses>
				<total>10</total>
				<timestamp>4146.509553</timestamp>
			</report>
			<report>
				<misses>11219001</misses>
				<total>9</total>
				<timestamp>4146.879254</timestamp>
			</report>
			<report>
				<misses>11220001</misses>
				<total>9</total>
				<timestamp>4147.248922</timestamp>
			</report>
			<report>
				<misses>11221001</misses>
				<total>10</total>
				<timestamp>4147.618476</timestamp>
			</report>
			<report>
				<misses>11222001</misses>
				<total>9</total>
				<timestamp>4147.988130</timestamp>
			</report>
			<report>
				<misses>11223001</misses>
				<total>10</total>
				<timestamp>4148.357661</timestamp>
			</report>
			<report>
				<misses>11224001</misses>
				<total>10</total>
				<timestamp>4148.727367</timestamp>
			</report>
			<report>
				<misses>11225001</misses>
				<total>10</total>
				<timestamp>4149.096919</timestamp>
			</report>
			<report>
				<misses>11226001</misses>
				<total>10</total>
				<timestamp>4149.466537</timestamp>
			</report>
			<report>
				<misses>11227001</misses>
				<total>9</total>
				<timestamp>4149.836276</timestamp>
			</report>
			<report>
				<misses>11228001</misses>
				<total>10</total>
				<timestamp>4150.205841</timestamp>
			</report>
			<report>
				<misses>11229001</misses>
				<total>10</total>
				<timestamp>4150.575475</timestamp>
			</report>
			<report>
				<misses>11230001</misses>
				<total>10</total>
				<timestamp>4150.945155</timestamp>
			</report>
			<report>
				<misses>11231001</misses>
				<total>9</total>
				<timestamp>4151.314792</timestamp>
			</report>
			<report>
				<misses>11232001</misses>
				<total>10</total>
				<timestamp>4151.684345</timestamp>
			</report>
			<report>
				<misses>11233001</misses>
				<total>10</total>
				<timestamp>4152.053985</timestamp>
			</report>
			<report>
				<misses>11234001</misses>
				<total>10</total>
				<timestamp>4152.423588</timestamp>
			</report>
			<report>
				<misses>11235001</misses>
				<total>10</total>
				<timestamp>4152.793244</timestamp>
			</report>
			<report>
				<misses>11236001</misses>
				<total>9</total>
				<timestamp>4153.162948</timestamp>
			</report>
			<report>
				<misses>11237001</misses>
				<total>10</total>
				<timestamp>4153.532541</timestamp>
			</report>
			<report>
				<misses>11238001</misses>
				<total>10</total>
				<timestamp>4153.902144</timestamp>
			</report>
			<report>
				<misses>11239001</misses>
				<total>10</total>
				<timestamp>4154.271788</timestamp>
			</report>
			<report>
				<misses>11240001</misses>
				<total>10</total>
				<timestamp>4154.641359</timestamp>
			</report>
			<report>
				<misses>11241001</misses>
				<total>9</total>
				<timestamp>4155.011112</timestamp>
			</report>
			<report>
				<misses>11242001</misses>
				<total>9</total>
				<timestamp>4155.380722</timestamp>
			</report>
			<report>
				<misses>11243001</misses>
				<total>10</total>
				<timestamp>4155.750266</timestamp>
			</report>
			<report>
				<misses>11244001</misses>
				<total>10</total>
				<timestamp>4156.119890</timestamp>
			</report>
			<report>
				<misses>11245001</misses>
				<total>10</total>
				<timestamp>4156.489586</timestamp>
			</report>
			<report>
				<misses>11246001</misses>
				<total>10</total>
				<timestamp>4156.859223</timestamp>
			</report>
			<report>
				<misses>11247001</misses>
				<total>10</total>
				<timestamp>4157.228802</timestamp>
			</report>
			<report>
				<misses>11248001</misses>
				<total>10</total>
				<timestamp>4157.598445</timestamp>
			</report>
			<report>
				<misses>11249001</misses>
				<total>10</total>
				<timestamp>4157.968115</timestamp>
			</report>
			<report>
				<misses>11250001</misses>
				<total>10</total>
				<timestamp>4158.337706</timestamp>
			</report>
			<report>
				<misses>11251001</misses>
				<total>9</total>
				<timestamp>4158.707412</timestamp>
			</report>
			<report>
				<misses>11252001</misses>
				<total>10</total>
				<timestamp>4159.076929</timestamp>
			</report>
			<report>
				<misses>11253001</misses>
				<total>10</total>
				<timestamp>4159.446604</timestamp>
			</report>
			<report>
				<misses>11254001</misses>
				<total>10</total>
				<timestamp>4159.816293</timestamp>
			</report>
			<report>
				<misses>11255001</misses>
				<total>9</total>
				<timestamp>4160.185904</timestamp>
			</report>
			<report>
				<misses>11256001</misses>
				<total>10</total>
				<timestamp>4160.555485</timestamp>
			</report>
			<report>
				<misses>11257001</misses>
				<total>10</total>
				<timestamp>4160.925089</timestamp>
			</report>
			<report>
				<misses>11258001</misses>
				<total>10</total>
				<timestamp>4161.294757</timestamp>
			</report>
			<report>
				<misses>11259001</misses>
				<total>10</total>
				<timestamp>4161.664343</timestamp>
			</report>
			<report>
				<misses>11260001</misses>
				<total>10</total>
				<timestamp>4162.033964</timestamp>
			</report>
			<report>
				<misses>11261001</misses>
				<total>10</total>
				<timestamp>4162.403617</timestamp>
			</report>
			<report>
				<misses>11262001</misses>
				<total>10</total>
				<timestamp>4162.773234</timestamp>
			</report>
			<report>
				<misses>11263001</misses>
				<total>10</total>
				<timestamp>4163.142886</timestamp>
			</report>
			<report>
				<misses>11264001</misses>
				<total>10</total>
				<timestamp>4163.512485</timestamp>
			</report>
			<report>
				<misses>11265001</misses>
				<total>10</total>
				<timestamp>4163.882162</timestamp>
			</report>
			<report>
				<misses>11266001</misses>
				<total>9</total>
				<timestamp>4164.251889</timestamp>
			</report>
			<report>
				<misses>11267001</misses>
				<total>10</total>
				<timestamp>4164.621422</timestamp>
			</report>
			<report>
				<misses>11268001</misses>
				<total>10</total>
				<timestamp>4164.991034</timestamp>
			</report>
			<report>
				<misses>11269001</misses>
				<total>10</total>
				<timestamp>4165.360630</timestamp>
			</report>
			<report>
				<misses>11270001</misses>
				<total>10</total>
				<timestamp>4165.730303</timestamp>
			</report>
			<report>
				<misses>11271001</misses>
				<total>10</total>
				<timestamp>4166.099886</timestamp>
			</report>
			<report>
				<misses>11272001</misses>
				<total>10</total>
				<timestamp>4166.469519</timestamp>
			</report>
			<report>
				<misses>11273001</misses>
				<total>10</total>
				<timestamp>4166.839310</timestamp>
			</report>
			<report>
				<misses>11274001</misses>
				<total>10</total>
				<timestamp>4167.208779</timestamp>
			</report>
			<report>
				<misses>11275001</misses>
				<total>10</total>
				<timestamp>4167.578449</timestamp>
			</report>
			<report>
				<misses>11276001</misses>
				<total>10</total>
				<timestamp>4167.948077</timestamp>
			</report>
			<report>
				<misses>11277001</misses>
				<total>10</total>
				<timestamp>4168.317687</timestamp>
			</report>
			<report>
				<misses>11278001</misses>
				<total>10</total>
				<timestamp>4168.687357</timestamp>
			</report>
			<report>
				<misses>11279001</misses>
				<total>10</total>
				<timestamp>4169.056991</timestamp>
			</report>
			<report>
				<misses>11280001</misses>
				<total>10</total>
				<timestamp>4169.426630</timestamp>
			</report>
			<report>
				<misses>11281001</misses>
				<total>10</total>
				<timestamp>4169.796276</timestamp>
			</report>
			<report>
				<misses>11282001</misses>
				<total>10</total>
				<timestamp>4170.165835</timestamp>
			</report>
			<report>
				<misses>11283001</misses>
				<total>10</total>
				<timestamp>4170.535502</timestamp>
			</report>
			<report>
				<misses>11284001</misses>
				<total>9</total>
				<timestamp>4170.905215</timestamp>
			</report>
			<report>
				<misses>11285001</misses>
				<total>10</total>
				<timestamp>4171.274728</timestamp>
			</report>
			<report>
				<misses>11286001</misses>
				<total>10</total>
				<timestamp>4171.644395</timestamp>
			</report>
			<report>
				<misses>11287001</misses>
				<total>10</total>
				<timestamp>4172.014011</timestamp>
			</report>
			<report>
				<misses>11288001</misses>
				<total>10</total>
				<timestamp>4172.383620</timestamp>
			</report>
			<report>
				<misses>11289001</misses>
				<total>10</total>
				<timestamp>4172.753294</timestamp>
			</report>
			<report>
				<misses>11290001</misses>
				<total>10</total>
				<timestamp>4173.122889</timestamp>
			</report>
			<report>
				<misses>11291001</misses>
				<total>10</total>
				<timestamp>4173.492502</timestamp>
			</report>
			<report>
				<misses>11292001</misses>
				<total>10</total>
				<timestamp>4173.862182</timestamp>
			</report>
			<report>
				<misses>11293001</misses>
				<total>10</total>
				<timestamp>4174.231770</timestamp>
			</report>
			<report>
				<misses>11294001</misses>
				<total>10</total>
				<timestamp>4174.601486</timestamp>
			</report>
			<report>
				<misses>11295001</misses>
				<total>10</total>
				<timestamp>4174.971067</timestamp>
			</report>
			<report>
				<misses>11296001</misses>
				<total>10</total>
				<timestamp>4175.340686</timestamp>
			</report>
			<report>
				<misses>11297001</misses>
				<total>10</total>
				<timestamp>4175.710283</timestamp>
			</report>
			<report>
				<misses>11298001</misses>
				<total>10</total>
				<timestamp>4176.079917</timestamp>
			</report>
			<report>
				<misses>11299001</misses>
				<total>10</total>
				<timestamp>4176.449546</timestamp>
			</report>
			<report>
				<misses>11300001</misses>
				<total>10</total>
				<timestamp>4176.819220</timestamp>
			</report>
			<report>
				<misses>11301001</misses>
				<total>10</total>
				<timestamp>4177.188814</timestamp>
			</report>
			<report>
				<misses>11302001</misses>
				<total>10</total>
				<timestamp>4177.558449</timestamp>
			</report>
			<report>
				<misses>11303001</misses>
				<total>10</total>
				<timestamp>4177.928063</timestamp>
			</report>
			<report>
				<misses>11304001</misses>
				<total>10</total>
				<timestamp>4178.297740</timestamp>
			</report>
			<report>
				<misses>11305001</misses>
				<total>10</total>
				<timestamp>4178.667345</timestamp>
			</report>
			<report>
				<misses>11306001</misses>
				<total>10</total>
				<timestamp>4179.036947</timestamp>
			</report>
			<report>
				<misses>11307001</misses>
				<total>10</total>
				<timestamp>4179.406580</timestamp>
			</report>
			<report>
				<misses>11308001</misses>
				<total>10</total>
				<timestamp>4179.776231</timestamp>
			</report>
			<report>
				<misses>11309001</misses>
				<total>10</total>
				<timestamp>4180.145855</timestamp>
			</report>
			<report>
				<misses>11310001</misses>
				<total>10</total>
				<timestamp>4180.515460</timestamp>
			</report>
			<report>
				<misses>11311001</misses>
				<total>10</total>
				<timestamp>4180.885121</timestamp>
			</report>
			<report>
				<misses>11312001</misses>
				<total>10</total>
				<timestamp>4181.254742</timestamp>
			</report>
			<report>
				<misses>11313001</misses>
				<total>10</total>
				<timestamp>4181.624362</timestamp>
			</report>
			<report>
				<misses>11314001</misses>
				<total>10</total>
				<timestamp>4181.993991</timestamp>
			</report>
			<report>
				<misses>11315001</misses>
				<total>10</total>
				<timestamp>4182.363683</timestamp>
			</report>
			<report>
				<misses>11316001</misses>
				<total>10</total>
				<timestamp>4182.733271</timestamp>
			</report>
			<report>
				<misses>11317001</misses>
				<total>10</total>
				<timestamp>4183.102889</timestamp>
			</report>
			<report>
				<misses>11318001</misses>
				<total>10</total>
				<timestamp>4183.472582</timestamp>
			</report>
			<report>
				<misses>11319001</misses>
				<total>10</total>
				<timestamp>4183.842179</timestamp>
			</report>
			<report>
				<misses>11320001</misses>
				<total>10</total>
				<timestamp>4184.211769</timestamp>
			</report>
			<report>
				<misses>11321001</misses>
				<total>10</total>
				<timestamp>4184.581457</timestamp>
			</report>
			<report>
				<misses>11322001</misses>
				<total>10</total>
				<timestamp>4184.951092</timestamp>
			</report>
			<report>
				<misses>11323001</misses>
				<total>10</total>
				<timestamp>4185.320688</timestamp>
			</report>
			<report>
				<misses>11324001</misses>
				<total>10</total>
				<timestamp>4185.690304</timestamp>
			</report>
			<report>
				<misses>11325001</misses>
				<total>10</total>
				<timestamp>4186.059924</timestamp>
			</report>
			<report>
				<misses>11326001</misses>
				<total>10</total>
				<timestamp>4186.429576</timestamp>
			</report>
			<report>
				<misses>11327001</misses>
				<total>10</total>
				<timestamp>4186.799276</timestamp>
			</report>
			<report>
				<misses>11328001</misses>
				<total>10</total>
				<timestamp>4187.168798</timestamp>
			</report>
			<report>
				<misses>11329001</misses>
				<total>10</total>
				<timestamp>4187.538511</timestamp>
			</report>
			<report>
				<misses>11330001</misses>
				<total>10</total>
				<timestamp>4187.908103</timestamp>
			</report>
			<report>
				<misses>11331001</misses>
				<total>10</total>
				<timestamp>4188.277738</timestamp>
			</report>
			<report>
				<misses>11332001</misses>
				<total>10</total>
				<timestamp>4188.647313</timestamp>
			</report>
			<report>
				<misses>11333001</misses>
				<total>10</total>
				<timestamp>4189.017036</timestamp>
			</report>
			<report>
				<misses>11334001</misses>
				<total>10</total>
				<timestamp>4189.386579</timestamp>
			</report>
			<report>
				<misses>11335001</misses>
				<total>9</total>
				<timestamp>4189.756341</timestamp>
			</report>
			<report>
				<misses>11336001</misses>
				<total>10</total>
				<timestamp>4190.125842</timestamp>
			</report>
			<report>
				<misses>11337001</misses>
				<total>10</total>
				<timestamp>4190.495493</timestamp>
			</report>
			<report>
				<misses>11338001</misses>
				<total>10</total>
				<timestamp>4190.865113</timestamp>
			</report>
			<report>
				<misses>11339001</misses>
				<total>10</total>
				<timestamp>4191.234789</timestamp>
			</report>
			<report>
				<misses>11340001</misses>
				<total>10</total>
				<timestamp>4191.604381</timestamp>
			</report>
			<report>
				<misses>11341001</misses>
				<total>9</total>
				<timestamp>4191.974126</timestamp>
			</report>
			<report>
				<misses>11342001</misses>
				<total>10</total>
				<timestamp>4192.343713</timestamp>
			</report>
			<report>
				<misses>11343001</misses>
				<total>10</total>
				<timestamp>4192.713253</timestamp>
			</report>
			<report>
				<misses>11344001</misses>
				<total>10</total>
				<timestamp>4193.082888</timestamp>
			</report>
			<report>
				<misses>11345001</misses>
				<total>10</total>
				<timestamp>4193.452592</timestamp>
			</report>
			<report>
				<misses>11346001</misses>
				<total>10</total>
				<timestamp>4193.822185</timestamp>
			</report>
			<report>
				<misses>11347001</misses>
				<total>10</total>
				<timestamp>4194.191831</timestamp>
			</report>
			<report>
				<misses>11348001</misses>
				<total>10</total>
				<timestamp>4194.561471</timestamp>
			</report>
			<report>
				<misses>11349001</misses>
				<total>10</total>
				<timestamp>4194.931109</timestamp>
			</report>
			<report>
				<misses>11350001</misses>
				<total>10</total>
				<timestamp>4195.300680</timestamp>
			</report>
			<report>
				<misses>11351001</misses>
				<total>10</total>
				<timestamp>4195.670309</timestamp>
			</report>
			<report>
				<misses>11352001</misses>
				<total>10</total>
				<timestamp>4196.039978</timestamp>
			</report>
			<report>
				<misses>11353001</misses>
				<total>10</total>
				<timestamp>4196.409636</timestamp>
			</report>
			<report>
				<misses>11354001</misses>
				<total>10</total>
				<timestamp>4196.779218</timestamp>
			</report>
			<report>
				<misses>11355001</misses>
				<total>10</total>
				<timestamp>4197.148858</timestamp>
			</report>
			<report>
				<misses>11356001</misses>
				<total>10</total>
				<timestamp>4197.518441</timestamp>
			</report>
			<report>
				<misses>11357001</misses>
				<total>9</total>
				<timestamp>4197.888209</timestamp>
			</report>
			<report>
				<misses>11358001</misses>
				<total>10</total>
				<timestamp>4198.257761</timestamp>
			</report>
			<report>
				<misses>11359001</misses>
				<total>10</total>
				<timestamp>4198.627366</timestamp>
			</report>
			<report>
				<misses>11360001</misses>
				<total>10</total>
				<timestamp>4198.996967</timestamp>
			</report>
			<report>
				<misses>11361001</misses>
				<total>10</total>
				<timestamp>4199.366674</timestamp>
			</report>
			<report>
				<misses>11362001</misses>
				<total>10</total>
				<timestamp>4199.736240</timestamp>
			</report>
			<report>
				<misses>11363001</misses>
				<total>10</total>
				<timestamp>4200.105930</timestamp>
			</report>
			<report>
				<misses>11364001</misses>
				<total>10</total>
				<timestamp>4200.475483</timestamp>
			</report>
			<report>
				<misses>11365001</misses>
				<total>10</total>
				<timestamp>4200.845175</timestamp>
			</report>
			<report>
				<misses>11366001</misses>
				<total>10</total>
				<timestamp>4201.214753</timestamp>
			</report>
			<report>
				<misses>11367001</misses>
				<total>9</total>
				<timestamp>4201.584489</timestamp>
			</report>
			<report>
				<misses>11368001</misses>
				<total>10</total>
				<timestamp>4201.954073</timestamp>
			</report>
			<report>
				<misses>11369001</misses>
				<total>10</total>
				<timestamp>4202.323687</timestamp>
			</report>
			<report>
				<misses>11370001</misses>
				<total>10</total>
				<timestamp>4202.693293</timestamp>
			</report>
			<report>
				<misses>11371001</misses>
				<total>10</total>
				<timestamp>4203.062939</timestamp>
			</report>
			<report>
				<misses>11372001</misses>
				<total>10</total>
				<timestamp>4203.432515</timestamp>
			</report>
			<report>
				<misses>11373001</misses>
				<total>10</total>
				<timestamp>4203.802172</timestamp>
			</report>
			<report>
				<misses>11374001</misses>
				<total>10</total>
				<timestamp>4204.171787</timestamp>
			</report>
			<report>
				<misses>11375001</misses>
				<total>10</total>
				<timestamp>4204.541419</timestamp>
			</report>
			<report>
				<misses>11376001</misses>
				<total>10</total>
				<timestamp>4204.911128</timestamp>
			</report>
			<report>
				<misses>11377001</misses>
				<total>10</total>
				<timestamp>4205.280735</timestamp>
			</report>
			<report>
				<misses>11378001</misses>
				<total>10</total>
				<timestamp>4205.650355</timestamp>
			</report>
			<report>
				<misses>11379001</misses>
				<total>9</total>
				<timestamp>4206.020068</timestamp>
			</report>
			<report>
				<misses>11380001</misses>
				<total>10</total>
				<timestamp>4206.389620</timestamp>
			</report>
			<report>
				<misses>11381001</misses>
				<total>10</total>
				<timestamp>4206.759211</timestamp>
			</report>
			<report>
				<misses>11382001</misses>
				<total>10</total>
				<timestamp>4207.128907</timestamp>
			</report>
			<report>
				<misses>11383001</misses>
				<total>10</total>
				<timestamp>4207.498493</timestamp>
			</report>
			<report>
				<misses>11384001</misses>
				<total>10</total>
				<timestamp>4207.868162</timestamp>
			</report>
			<report>
				<misses>11385001</misses>
				<total>9</total>
				<timestamp>4208.237821</timestamp>
			</report>
			<report>
				<misses>11386001</misses>
				<total>10</total>
				<timestamp>4208.607407</timestamp>
			</report>
			<report>
				<misses>11387001</misses>
				<total>10</total>
				<timestamp>4208.977086</timestamp>
			</report>
			<report>
				<misses>11388001</misses>
				<total>10</total>
				<timestamp>4209.346608</timestamp>
			</report>
			<report>
				<misses>11389001</misses>
				<total>10</total>
				<timestamp>4209.716280</timestamp>
			</report>
			<report>
				<misses>11390001</misses>
				<total>10</total>
				<timestamp>4210.085892</timestamp>
			</report>
			<report>
				<misses>11391001</misses>
				<total>10</total>
				<timestamp>4210.455493</timestamp>
			</report>
			<report>
				<misses>11392001</misses>
				<total>10</total>
				<timestamp>4210.825163</timestamp>
			</report>
			<report>
				<misses>11393001</misses>
				<total>10</total>
				<timestamp>4211.194807</timestamp>
			</report>
			<report>
				<misses>11394001</misses>
				<total>10</total>
				<timestamp>4211.564377</timestamp>
			</report>
			<report>
				<misses>11395001</misses>
				<total>10</total>
				<timestamp>4211.934091</timestamp>
			</report>
			<report>
				<misses>11396001</misses>
				<total>10</total>
				<timestamp>4212.303655</timestamp>
			</report>
			<report>
				<misses>11397001</misses>
				<total>10</total>
				<timestamp>4212.673288</timestamp>
			</report>
			<report>
				<misses>11398001</misses>
				<total>10</total>
				<timestamp>4213.043003</timestamp>
			</report>
			<report>
				<misses>11399001</misses>
				<total>10</total>
				<timestamp>4213.412583</timestamp>
			</report>
			<report>
				<misses>11400001</misses>
				<total>10</total>
				<timestamp>4213.782181</timestamp>
			</report>
			<report>
				<misses>11401001</misses>
				<total>10</total>
				<timestamp>4214.151839</timestamp>
			</report>
			<report>
				<misses>11402001</misses>
				<total>10</total>
				<timestamp>4214.521440</timestamp>
			</report>
			<report>
				<misses>11403001</misses>
				<total>10</total>
				<timestamp>4214.891054</timestamp>
			</report>
			<report>
				<misses>11404001</misses>
				<total>10</total>
				<timestamp>4215.260695</timestamp>
			</report>
			<report>
				<misses>11405001</misses>
				<total>10</total>
				<timestamp>4215.630385</timestamp>
			</report>
			<report>
				<misses>11406001</misses>
				<total>10</total>
				<timestamp>4215.999968</timestamp>
			</report>
			<report>
				<misses>11407001</misses>
				<total>9</total>
				<timestamp>4216.369738</timestamp>
			</report>
			<report>
				<misses>11408001</misses>
				<total>10</total>
				<timestamp>4216.739252</timestamp>
			</report>
			<report>
				<misses>11409001</misses>
				<total>10</total>
				<timestamp>4217.108860</timestamp>
			</report>
			<report>
				<misses>11410001</misses>
				<total>10</total>
				<timestamp>4217.478559</timestamp>
			</report>
			<report>
				<misses>11411001</misses>
				<total>10</total>
				<timestamp>4217.848138</timestamp>
			</report>
			<report>
				<misses>11412001</misses>
				<total>10</total>
				<timestamp>4218.217731</timestamp>
			</report>
			<report>
				<misses>11413001</misses>
				<total>10</total>
				<timestamp>4218.587352</timestamp>
			</report>
			<report>
				<misses>11414001</misses>
				<total>10</total>
				<timestamp>4218.957029</timestamp>
			</report>
			<report>
				<misses>11415001</misses>
				<total>10</total>
				<timestamp>4219.326659</timestamp>
			</report>
			<report>
				<misses>11416001</misses>
				<total>10</total>
				<timestamp>4219.696289</timestamp>
			</report>
			<report>
				<misses>11417001</misses>
				<total>10</total>
				<timestamp>4220.065914</timestamp>
			</report>
			<report>
				<misses>11418001</misses>
				<total>10</total>
				<timestamp>4220.435578</timestamp>
			</report>
			<report>
				<misses>11419001</misses>
				<total>10</total>
				<timestamp>4220.805143</timestamp>
			</report>
			<report>
				<misses>11420001</misses>
				<total>10</total>
				<timestamp>4221.174816</timestamp>
			</report>
			<report>
				<misses>11421001</misses>
				<total>10</total>
				<timestamp>4221.544406</timestamp>
			</report>
			<report>
				<misses>11422001</misses>
				<total>10</total>
				<timestamp>4221.914068</timestamp>
			</report>
			<report>
				<misses>11423001</misses>
				<total>9</total>
				<timestamp>4222.283743</timestamp>
			</report>
			<report>
				<misses>11424001</misses>
				<total>10</total>
				<timestamp>4222.653303</timestamp>
			</report>
			<report>
				<misses>11425001</misses>
				<total>10</total>
				<timestamp>4223.022997</timestamp>
			</report>
			<report>
				<misses>11426001</misses>
				<total>10</total>
				<timestamp>4223.392561</timestamp>
			</report>
			<report>
				<misses>11427001</misses>
				<total>10</total>
				<timestamp>4223.762183</timestamp>
			</report>
			<report>
				<misses>11428001</misses>
				<total>10</total>
				<timestamp>4224.131824</timestamp>
			</report>
			<report>
				<misses>11429001</misses>
				<total>10</total>
				<timestamp>4224.501451</timestamp>
			</report>
			<report>
				<misses>11430001</misses>
				<total>10</total>
				<timestamp>4224.871081</timestamp>
			</report>
			<report>
				<misses>11431001</misses>
				<total>10</total>
				<timestamp>4225.240701</timestamp>
			</report>
			<report>
				<misses>11432001</misses>
				<total>10</total>
				<timestamp>4225.610367</timestamp>
			</report>
			<report>
				<misses>11433001</misses>
				<total>10</total>
				<timestamp>4225.980010</timestamp>
			</report>
			<report>
				<misses>11434001</misses>
				<total>10</total>
				<timestamp>4226.349679</timestamp>
			</report>
			<report>
				<misses>11435001</misses>
				<total>10</total>
				<timestamp>4226.719265</timestamp>
			</report>
			<report>
				<misses>11436001</misses>
				<total>10</total>
				<timestamp>4227.088906</timestamp>
			</report>
			<report>
				<misses>11437001</misses>
				<total>10</total>
				<timestamp>4227.458523</timestamp>
			</report>
			<report>
				<misses>11438001</misses>
				<total>10</total>
				<timestamp>4227.828123</timestamp>
			</report>
			<report>
				<misses>11439001</misses>
				<total>10</total>
				<timestamp>4228.197801</timestamp>
			</report>
			<report>
				<misses>11440001</misses>
				<total>10</total>
				<timestamp>4228.567383</timestamp>
			</report>
			<report>
				<misses>11441001</misses>
				<total>10</total>
				<timestamp>4228.937115</timestamp>
			</report>
			<report>
				<misses>11442001</misses>
				<total>10</total>
				<timestamp>4229.306639</timestamp>
			</report>
			<report>
				<misses>11443001</misses>
				<total>10</total>
				<timestamp>4229.676300</timestamp>
			</report>
			<report>
				<misses>11444001</misses>
				<total>10</total>
				<timestamp>4230.045884</timestamp>
			</report>
			<report>
				<misses>11445001</misses>
				<total>10</total>
				<timestamp>4230.415530</timestamp>
			</report>
			<report>
				<misses>11446001</misses>
				<total>10</total>
				<timestamp>4230.785156</timestamp>
			</report>
			<report>
				<misses>11447001</misses>
				<total>10</total>
				<timestamp>4231.154777</timestamp>
			</report>
			<report>
				<misses>11448001</misses>
				<total>10</total>
				<timestamp>4231.524437</timestamp>
			</report>
			<report>
				<misses>11449001</misses>
				<total>10</total>
				<timestamp>4231.894052</timestamp>
			</report>
			<report>
				<misses>11450001</misses>
				<total>10</total>
				<timestamp>4232.263656</timestamp>
			</report>
			<report>
				<misses>11451001</misses>
				<total>10</total>
				<timestamp>4232.633317</timestamp>
			</report>
			<report>
				<misses>11452001</misses>
				<total>10</total>
				<timestamp>4233.003017</timestamp>
			</report>
			<report>
				<misses>11453001</misses>
				<total>10</total>
				<timestamp>4233.372577</timestamp>
			</report>
			<report>
				<misses>11454001</misses>
				<total>10</total>
				<timestamp>4233.742185</timestamp>
			</report>
			<report>
				<misses>11455001</misses>
				<total>10</total>
				<timestamp>4234.111889</timestamp>
			</report>
			<report>
				<misses>11456001</misses>
				<total>9</total>
				<timestamp>4234.481547</timestamp>
			</report>
			<report>
				<misses>11457001</misses>
				<total>10</total>
				<timestamp>4234.851094</timestamp>
			</report>
			<report>
				<misses>11458001</misses>
				<total>10</total>
				<timestamp>4235.220700</timestamp>
			</report>
			<report>
				<misses>11459001</misses>
				<total>10</total>
				<timestamp>4235.590335</timestamp>
			</report>
			<report>
				<misses>11460001</misses>
				<total>10</total>
				<timestamp>4235.960006</timestamp>
			</report>
			<report>
				<misses>11461001</misses>
				<total>9</total>
				<timestamp>4236.329687</timestamp>
			</report>
			<report>
				<misses>11462001</misses>
				<total>10</total>
				<timestamp>4236.699302</timestamp>
			</report>
			<report>
				<misses>11463001</misses>
				<total>10</total>
				<timestamp>4237.068891</timestamp>
			</report>
			<report>
				<misses>11464001</misses>
				<total>10</total>
				<timestamp>4237.438537</timestamp>
			</report>
			<report>
				<misses>11465001</misses>
				<total>10</total>
				<timestamp>4237.808136</timestamp>
			</report>
			<report>
				<misses>11466001</misses>
				<total>10</total>
				<timestamp>4238.177773</timestamp>
			</report>
			<report>
				<misses>11467001</misses>
				<total>10</total>
				<timestamp>4238.547367</timestamp>
			</report>
			<report>
				<misses>11468001</misses>
				<total>10</total>
				<timestamp>4238.917076</timestamp>
			</report>
			<report>
				<misses>11469001</misses>
				<total>10</total>
				<timestamp>4239.286646</timestamp>
			</report>
			<report>
				<misses>11470001</misses>
				<total>10</total>
				<timestamp>4239.656283</timestamp>
			</report>
			<report>
				<misses>11471001</misses>
				<total>10</total>
				<timestamp>4240.025904</timestamp>
			</report>
			<report>
				<misses>11472001</misses>
				<total>10</total>
				<timestamp>4240.395584</timestamp>
			</report>
			<report>
				<misses>11473001</misses>
				<total>10</total>
				<timestamp>4240.765180</timestamp>
			</report>
			<report>
				<misses>11474001</misses>
				<total>10</total>
				<timestamp>4241.134818</timestamp>
			</report>
			<report>
				<misses>11475001</misses>
				<total>9</total>
				<timestamp>4241.504529</timestamp>
			</report>
			<report>
				<misses>11476001</misses>
				<total>10</total>
				<timestamp>4241.874057</timestamp>
			</report>
			<report>
				<misses>11477001</misses>
				<total>10</total>
				<timestamp>4242.243701</timestamp>
			</report>
			<report>
				<misses>11478001</misses>
				<total>10</total>
				<timestamp>4242.613331</timestamp>
			</report>
			<report>
				<misses>11479001</misses>
				<total>10</total>
				<timestamp>4242.982988</timestamp>
			</report>
			<report>
				<misses>11480001</misses>
				<total>10</total>
				<timestamp>4243.352557</timestamp>
			</report>
			<report>
				<misses>11481001</misses>
				<total>10</total>
				<timestamp>4243.722230</timestamp>
			</report>
			<report>
				<misses>11482001</misses>
				<total>10</total>
				<timestamp>4244.091845</timestamp>
			</report>
			<report>
				<misses>11483001</misses>
				<total>10</total>
				<timestamp>4244.461496</timestamp>
			</report>
			<report>
				<misses>11484001</misses>
				<total>9</total>
				<timestamp>4244.831227</timestamp>
			</report>
			<report>
				<misses>11485001</misses>
				<total>10</total>
				<timestamp>4245.200742</timestamp>
			</report>
			<report>
				<misses>11486001</misses>
				<total>10</total>
				<timestamp>4245.570416</timestamp>
			</report>
			<report>
				<misses>11487001</misses>
				<total>10</total>
				<timestamp>4245.940032</timestamp>
			</report>
			<report>
				<misses>11488001</misses>
				<total>10</total>
				<timestamp>4246.309596</timestamp>
			</report>
			<report>
				<misses>11489001</misses>
				<total>10</total>
				<timestamp>4246.679260</timestamp>
			</report>
			<report>
				<misses>11490001</misses>
				<total>10</total>
				<timestamp>4247.048967</timestamp>
			</report>
			<report>
				<misses>11491001</misses>
				<total>10</total>
				<timestamp>4247.418553</timestamp>
			</report>
			<report>
				<misses>11492001</misses>
				<total>10</total>
				<timestamp>4247.788178</timestamp>
			</report>
			<report>
				<misses>11493001</misses>
				<total>10</total>
				<timestamp>4248.157765</timestamp>
			</report>
			<report>
				<misses>11494001</misses>
				<total>9</total>
				<timestamp>4248.527513</timestamp>
			</report>
			<report>
				<misses>11495001</misses>
				<total>10</total>
				<timestamp>4248.897075</timestamp>
			</report>
			<report>
				<misses>11496001</misses>
				<total>10</total>
				<timestamp>4249.266710</timestamp>
			</report>
			<report>
				<misses>11497001</misses>
				<total>10</total>
				<timestamp>4249.636282</timestamp>
			</report>
			<report>
				<misses>11498001</misses>
				<total>10</total>
				<timestamp>4250.005922</timestamp>
			</report>
			<report>
				<misses>11499001</misses>
				<total>9</total>
				<timestamp>4250.375685</timestamp>
			</report>
			<report>
				<misses>11500001</misses>
				<total>10</total>
				<timestamp>4250.745193</timestamp>
			</report>
			<report>
				<misses>11501001</misses>
				<total>10</total>
				<timestamp>4251.114822</timestamp>
			</report>
			<report>
				<misses>11502001</misses>
				<total>10</total>
				<timestamp>4251.484428</timestamp>
			</report>
			<report>
				<misses>11503001</misses>
				<total>10</total>
				<timestamp>4251.854130</timestamp>
			</report>
			<report>
				<misses>11504001</misses>
				<total>10</total>
				<timestamp>4252.223678</timestamp>
			</report>
			<report>
				<misses>11505001</misses>
				<total>10</total>
				<timestamp>4252.593344</timestamp>
			</report>
			<report>
				<misses>11506001</misses>
				<total>10</total>
				<timestamp>4252.962953</timestamp>
			</report>
			<report>
				<misses>11507001</misses>
				<total>10</total>
				<timestamp>4253.332629</timestamp>
			</report>
			<report>
				<misses>11508001</misses>
				<total>10</total>
				<timestamp>4253.702260</timestamp>
			</report>
			<report>
				<misses>11509001</misses>
				<total>10</total>
				<timestamp>4254.071842</timestamp>
			</report>
			<report>
				<misses>11510001</misses>
				<total>10</total>
				<timestamp>4254.441465</timestamp>
			</report>
			<report>
				<misses>11511001</misses>
				<total>10</total>
				<timestamp>4254.811113</timestamp>
			</report>
			<report>
				<misses>11512001</misses>
				<total>10</total>
				<timestamp>4255.180737</timestamp>
			</report>
			<report>
				<misses>11513001</misses>
				<total>10</total>
				<timestamp>4255.550367</timestamp>
			</report>
			<report>
				<misses>11514001</misses>
				<total>10</total>
				<timestamp>4255.919986</timestamp>
			</report>
			<report>
				<misses>11515001</misses>
				<total>10</total>
				<timestamp>4256.289616</timestamp>
			</report>
			<report>
				<misses>11516001</misses>
				<total>10</total>
				<timestamp>4256.659277</timestamp>
			</report>
			<report>
				<misses>11517001</misses>
				<total>10</total>
				<timestamp>4257.028917</timestamp>
			</report>
			<report>
				<misses>11518001</misses>
				<total>10</total>
				<timestamp>4257.398532</timestamp>
			</report>
			<report>
				<misses>11519001</misses>
				<total>10</total>
				<timestamp>4257.768193</timestamp>
			</report>
			<report>
				<misses>11520001</misses>
				<total>10</total>
				<timestamp>4258.137822</timestamp>
			</report>
			<report>
				<misses>11521001</misses>
				<total>10</total>
				<timestamp>4258.507452</timestamp>
			</report>
			<report>
				<misses>11522001</misses>
				<total>10</total>
				<timestamp>4258.877039</timestamp>
			</report>
			<report>
				<misses>11523001</misses>
				<total>10</total>
				<timestamp>4259.246694</timestamp>
			</report>
			<report>
				<misses>11524001</misses>
				<total>10</total>
				<timestamp>4259.616342</timestamp>
			</report>
			<report>
				<misses>11525001</misses>
				<total>10</total>
				<timestamp>4259.985910</timestamp>
			</report>
			<report>
				<misses>11526001</misses>
				<total>10</total>
				<timestamp>4260.355606</timestamp>
			</report>
			<report>
				<misses>11527001</misses>
				<total>9</total>
				<timestamp>4260.725273</timestamp>
			</report>
			<report>
				<misses>11528001</misses>
				<total>10</total>
				<timestamp>4261.094869</timestamp>
			</report>
			<report>
				<misses>11529001</misses>
				<total>10</total>
				<timestamp>4261.464479</timestamp>
			</report>
			<report>
				<misses>11530001</misses>
				<total>10</total>
				<timestamp>4261.834100</timestamp>
			</report>
			<report>
				<misses>11531001</misses>
				<total>10</total>
				<timestamp>4262.203732</timestamp>
			</report>
			<report>
				<misses>11532001</misses>
				<total>10</total>
				<timestamp>4262.573372</timestamp>
			</report>
			<report>
				<misses>11533001</misses>
				<total>10</total>
				<timestamp>4262.942958</timestamp>
			</report>
			<report>
				<misses>11534001</misses>
				<total>9</total>
				<timestamp>4263.312743</timestamp>
			</report>
			<report>
				<misses>11535001</misses>
				<total>10</total>
				<timestamp>4263.682210</timestamp>
			</report>
			<report>
				<misses>11536001</misses>
				<total>10</total>
				<timestamp>4264.051861</timestamp>
			</report>
			<report>
				<misses>11537001</misses>
				<total>10</total>
				<timestamp>4264.421477</timestamp>
			</report>
			<report>
				<misses>11538001</misses>
				<total>10</total>
				<timestamp>4264.791132</timestamp>
			</report>
			<report>
				<misses>11539001</misses>
				<total>10</total>
				<timestamp>4265.160828</timestamp>
			</report>
			<report>
				<misses>11540001</misses>
				<total>10</total>
				<timestamp>4265.530392</timestamp>
			</report>
			<report>
				<misses>11541001</misses>
				<total>10</total>
				<timestamp>4265.900009</timestamp>
			</report>
			<report>
				<misses>11542001</misses>
				<total>10</total>
				<timestamp>4266.269687</timestamp>
			</report>
			<report>
				<misses>11543001</misses>
				<total>10</total>
				<timestamp>4266.639266</timestamp>
			</report>
			<report>
				<misses>11544001</misses>
				<total>10</total>
				<timestamp>4267.008922</timestamp>
			</report>
			<report>
				<misses>11545001</misses>
				<total>9</total>
				<timestamp>4267.378714</timestamp>
			</report>
			<report>
				<misses>11546001</misses>
				<total>10</total>
				<timestamp>4267.748210</timestamp>
			</report>
			<report>
				<misses>11547001</misses>
				<total>10</total>
				<timestamp>4268.117814</timestamp>
			</report>
			<report>
				<misses>11548001</misses>
				<total>10</total>
				<timestamp>4268.487460</timestamp>
			</report>
			<report>
				<misses>11549001</misses>
				<total>10</total>
				<timestamp>4268.857095</timestamp>
			</report>
			<report>
				<misses>11550001</misses>
				<total>10</total>
				<timestamp>4269.226683</timestamp>
			</report>
			<report>
				<misses>11551001</misses>
				<total>10</total>
				<timestamp>4269.596380</timestamp>
			</report>
			<report>
				<misses>11552001</misses>
				<total>10</total>
				<timestamp>4269.965917</timestamp>
			</report>
			<report>
				<misses>11553001</misses>
				<total>10</total>
				<timestamp>4270.335623</timestamp>
			</report>
			<report>
				<misses>11554001</misses>
				<total>10</total>
				<timestamp>4270.705183</timestamp>
			</report>
			<report>
				<misses>11555001</misses>
				<total>10</total>
				<timestamp>4271.074807</timestamp>
			</report>
			<report>
				<misses>11556001</misses>
				<total>10</total>
				<timestamp>4271.444439</timestamp>
			</report>
			<report>
				<misses>11557001</misses>
				<total>10</total>
				<timestamp>4271.814099</timestamp>
			</report>
			<report>
				<misses>11558001</misses>
				<total>10</total>
				<timestamp>4272.183734</timestamp>
			</report>
			<report>
				<misses>11559001</misses>
				<total>10</total>
				<timestamp>4272.553341</timestamp>
			</report>
			<report>
				<misses>11560001</misses>
				<total>10</total>
				<timestamp>4272.922972</timestamp>
			</report>
			<report>
				<misses>11561001</misses>
				<total>10</total>
				<timestamp>4273.292602</timestamp>
			</report>
			<report>
				<misses>11562001</misses>
				<total>10</total>
				<timestamp>4273.662262</timestamp>
			</report>
			<report>
				<misses>11563001</misses>
				<total>10</total>
				<timestamp>4274.031873</timestamp>
			</report>
			<report>
				<misses>11564001</misses>
				<total>10</total>
				<timestamp>4274.401558</timestamp>
			</report>
			<report>
				<misses>11565001</misses>
				<total>10</total>
				<timestamp>4274.771156</timestamp>
			</report>
			<report>
				<misses>11566001</misses>
				<total>10</total>
				<timestamp>4275.140778</timestamp>
			</report>
			<report>
				<misses>11567001</misses>
				<total>10</total>
				<timestamp>4275.510373</timestamp>
			</report>
			<report>
				<misses>11568001</misses>
				<total>10</total>
				<timestamp>4275.880027</timestamp>
			</report>
			<report>
				<misses>11569001</misses>
				<total>10</total>
				<timestamp>4276.249667</timestamp>
			</report>
			<report>
				<misses>11570001</misses>
				<total>10</total>
				<timestamp>4276.619347</timestamp>
			</report>
			<report>
				<misses>11571001</misses>
				<total>10</total>
				<timestamp>4276.988903</timestamp>
			</report>
			<report>
				<misses>11572001</misses>
				<total>9</total>
				<timestamp>4277.358648</timestamp>
			</report>
			<report>
				<misses>11573001</misses>
				<total>10</total>
				<timestamp>4277.728200</timestamp>
			</report>
			<report>
				<misses>11574001</misses>
				<total>10</total>
				<timestamp>4278.097855</timestamp>
			</report>
			<report>
				<misses>11575001</misses>
				<total>10</total>
				<timestamp>4278.467437</timestamp>
			</report>
			<report>
				<misses>11576001</misses>
				<total>10</total>
				<timestamp>4278.837056</timestamp>
			</report>
			<report>
				<misses>11577001</misses>
				<total>10</total>
				<timestamp>4279.206749</timestamp>
			</report>
			<report>
				<misses>11578001</misses>
				<total>10</total>
				<timestamp>4279.576292</timestamp>
			</report>
			<report>
				<misses>11579001</misses>
				<total>10</total>
				<timestamp>4279.945968</timestamp>
			</report>
			<report>
				<misses>11580001</misses>
				<total>10</total>
				<timestamp>4280.315604</timestamp>
			</report>
			<report>
				<misses>11581001</misses>
				<total>10</total>
				<timestamp>4280.685281</timestamp>
			</report>
			<report>
				<misses>11582001</misses>
				<total>10</total>
				<timestamp>4281.054834</timestamp>
			</report>
			<report>
				<misses>11583001</misses>
				<total>9</total>
				<timestamp>4281.424605</timestamp>
			</report>
			<report>
				<misses>11584001</misses>
				<total>10</total>
				<timestamp>4281.794150</timestamp>
			</report>
			<report>
				<misses>11585001</misses>
				<total>10</total>
				<timestamp>4282.163738</timestamp>
			</report>
			<report>
				<misses>11586001</misses>
				<total>10</total>
				<timestamp>4282.533388</timestamp>
			</report>
			<report>
				<misses>11587001</misses>
				<total>10</total>
				<timestamp>4282.903034</timestamp>
			</report>
			<report>
				<misses>11588001</misses>
				<total>10</total>
				<timestamp>4283.272607</timestamp>
			</report>
			<report>
				<misses>11589001</misses>
				<total>10</total>
				<timestamp>4283.642269</timestamp>
			</report>
			<report>
				<misses>11590001</misses>
				<total>10</total>
				<timestamp>4284.011914</timestamp>
			</report>
			<report>
				<misses>11591001</misses>
				<total>10</total>
				<timestamp>4284.381518</timestamp>
			</report>
			<report>
				<misses>11592001</misses>
				<total>10</total>
				<timestamp>4284.751207</timestamp>
			</report>
			<report>
				<misses>11593001</misses>
				<total>10</total>
				<timestamp>4285.120839</timestamp>
			</report>
			<report>
				<misses>11594001</misses>
				<total>10</total>
				<timestamp>4285.490396</timestamp>
			</report>
			<report>
				<misses>11595001</misses>
				<total>10</total>
				<timestamp>4285.860086</timestamp>
			</report>
			<report>
				<misses>11596001</misses>
				<total>10</total>
				<timestamp>4286.229708</timestamp>
			</report>
			<report>
				<misses>11597001</misses>
				<total>10</total>
				<timestamp>4286.599297</timestamp>
			</report>
			<report>
				<misses>11598001</misses>
				<total>9</total>
				<timestamp>4286.969054</timestamp>
			</report>
			<report>
				<misses>11599001</misses>
				<total>10</total>
				<timestamp>4287.338554</timestamp>
			</report>
			<report>
				<misses>11600001</misses>
				<total>10</total>
				<timestamp>4287.708172</timestamp>
			</report>
			<report>
				<misses>11601001</misses>
				<total>10</total>
				<timestamp>4288.077812</timestamp>
			</report>
			<report>
				<misses>11602001</misses>
				<total>10</total>
				<timestamp>4288.447441</timestamp>
			</report>
			<report>
				<misses>11603001</misses>
				<total>10</total>
				<timestamp>4288.817084</timestamp>
			</report>
			<report>
				<misses>11604001</misses>
				<total>10</total>
				<timestamp>4289.186746</timestamp>
			</report>
			<report>
				<misses>11605001</misses>
				<total>10</total>
				<timestamp>4289.556327</timestamp>
			</report>
			<report>
				<misses>11606001</misses>
				<total>10</total>
				<timestamp>4289.925986</timestamp>
			</report>
			<report>
				<misses>11607001</misses>
				<total>10</total>
				<timestamp>4290.295617</timestamp>
			</report>
			<report>
				<misses>11608001</misses>
				<total>10</total>
				<timestamp>4290.665279</timestamp>
			</report>
			<report>
				<misses>11609001</misses>
				<total>10</total>
				<timestamp>4291.034894</timestamp>
			</report>
			<report>
				<misses>11610001</misses>
				<total>10</total>
				<timestamp>4291.404541</timestamp>
			</report>
			<report>
				<misses>11611001</misses>
				<total>10</total>
				<timestamp>4291.774119</timestamp>
			</report>
			<report>
				<misses>11612001</misses>
				<total>10</total>
				<timestamp>4292.143741</timestamp>
			</report>
			<report>
				<misses>11613001</misses>
				<total>11</total>
				<timestamp>4292.513384</timestamp>
			</report>
			<report>
				<misses>11614001</misses>
				<total>10</total>
				<timestamp>4292.883088</timestamp>
			</report>
			<report>
				<misses>11615001</misses>
				<total>11</total>
				<timestamp>4293.252693</timestamp>
			</report>
			<report>
				<misses>11616001</misses>
				<total>11</total>
				<timestamp>4293.622245</timestamp>
			</report>
			<report>
				<misses>11617001</misses>
				<total>11</total>
				<timestamp>4293.991935</timestamp>
			</report>
			<report>
				<misses>11618001</misses>
				<total>11</total>
				<timestamp>4294.361503</timestamp>
			</report>
			<report>
				<misses>11619001</misses>
				<total>11</total>
				<timestamp>4294.731162</timestamp>
			</report>
			<report>
				<misses>11620001</misses>
				<total>11</total>
				<timestamp>4295.100828</timestamp>
			</report>
			<report>
				<misses>11621001</misses>
				<total>11</total>
				<timestamp>4295.470423</timestamp>
			</report>
			<report>
				<misses>11622001</misses>
				<total>11</total>
				<timestamp>4295.840026</timestamp>
			</report>
			<report>
				<misses>11623001</misses>
				<total>10</total>
				<timestamp>4296.209813</timestamp>
			</report>
			<report>
				<misses>11624001</misses>
				<total>11</total>
				<timestamp>4296.579280</timestamp>
			</report>
			<report>
				<misses>11625001</misses>
				<total>11</total>
				<timestamp>4296.948955</timestamp>
			</report>
			<report>
				<misses>11626001</misses>
				<total>11</total>
				<timestamp>4297.318601</timestamp>
			</report>
			<report>
				<misses>11627001</misses>
				<total>10</total>
				<timestamp>4297.688285</timestamp>
			</report>
			<report>
				<misses>11628001</misses>
				<total>11</total>
				<timestamp>4298.057838</timestamp>
			</report>
			<report>
				<misses>11629001</misses>
				<total>11</total>
				<timestamp>4298.427473</timestamp>
			</report>
			<report>
				<misses>11630001</misses>
				<total>11</total>
				<timestamp>4298.797058</timestamp>
			</report>
			<report>
				<misses>11631001</misses>
				<total>11</total>
				<timestamp>4299.166705</timestamp>
			</report>
			<report>
				<misses>11632001</misses>
				<total>11</total>
				<timestamp>4299.536359</timestamp>
			</report>
			<report>
				<misses>11633001</misses>
				<total>11</total>
				<timestamp>4299.905973</timestamp>
			</report>
			<report>
				<misses>11634001</misses>
				<total>11</total>
				<timestamp>4300.275631</timestamp>
			</report>
			<report>
				<misses>11635001</misses>
				<total>11</total>
				<timestamp>4300.645205</timestamp>
			</report>
			<report>
				<misses>11636001</misses>
				<total>11</total>
				<timestamp>4301.014907</timestamp>
			</report>
			<report>
				<misses>11637001</misses>
				<total>11</total>
				<timestamp>4301.384495</timestamp>
			</report>
			<report>
				<misses>11638001</misses>
				<total>11</total>
				<timestamp>4301.754153</timestamp>
			</report>
			<report>
				<misses>11639001</misses>
				<total>11</total>
				<timestamp>4302.123792</timestamp>
			</report>
			<report>
				<misses>11640001</misses>
				<total>11</total>
				<timestamp>4302.493395</timestamp>
			</report>
			<report>
				<misses>11641001</misses>
				<total>11</total>
				<timestamp>4302.863009</timestamp>
			</report>
			<report>
				<misses>11642001</misses>
				<total>11</total>
				<timestamp>4303.232693</timestamp>
			</report>
			<report>
				<misses>11643001</misses>
				<total>11</total>
				<timestamp>4303.602277</timestamp>
			</report>
			<report>
				<misses>11644001</misses>
				<total>11</total>
				<timestamp>4303.971893</timestamp>
			</report>
			<report>
				<misses>11645001</misses>
				<total>11</total>
				<timestamp>4304.341586</timestamp>
			</report>
			<report>
				<misses>11646001</misses>
				<total>11</total>
				<timestamp>4304.711146</timestamp>
			</report>
			<report>
				<misses>11647001</misses>
				<total>11</total>
				<timestamp>4305.080815</timestamp>
			</report>
			<report>
				<misses>11648001</misses>
				<total>11</total>
				<timestamp>4305.450430</timestamp>
			</report>
			<report>
				<misses>11649001</misses>
				<total>11</total>
				<timestamp>4305.820044</timestamp>
			</report>
			<report>
				<misses>11650001</misses>
				<total>11</total>
				<timestamp>4306.189675</timestamp>
			</report>
			<report>
				<misses>11651001</misses>
				<total>11</total>
				<timestamp>4306.559326</timestamp>
			</report>
			<report>
				<misses>11652001</misses>
				<total>11</total>
				<timestamp>4306.928935</timestamp>
			</report>
			<report>
				<misses>11653001</misses>
				<total>11</total>
				<timestamp>4307.298585</timestamp>
			</report>
			<report>
				<misses>11654001</misses>
				<total>11</total>
				<timestamp>4307.668177</timestamp>
			</report>
			<report>
				<misses>11655001</misses>
				<total>11</total>
				<timestamp>4308.037858</timestamp>
			</report>
			<report>
				<misses>11656001</misses>
				<total>11</total>
				<timestamp>4308.407487</timestamp>
			</report>
			<report>
				<misses>11657001</misses>
				<total>11</total>
				<timestamp>4308.777067</timestamp>
			</report>
			<report>
				<misses>11658001</misses>
				<total>10</total>
				<timestamp>4309.146859</timestamp>
			</report>
			<report>
				<misses>11659001</misses>
				<total>11</total>
				<timestamp>4309.516370</timestamp>
			</report>
			<report>
				<misses>11660001</misses>
				<total>11</total>
				<timestamp>4309.885970</timestamp>
			</report>
			<report>
				<misses>11661001</misses>
				<total>11</total>
				<timestamp>4310.255643</timestamp>
			</report>
			<report>
				<misses>11662001</misses>
				<total>11</total>
				<timestamp>4310.625278</timestamp>
			</report>
			<report>
				<misses>11663001</misses>
				<total>11</total>
				<timestamp>4310.994863</timestamp>
			</report>
			<report>
				<misses>11664001</misses>
				<total>10</total>
				<timestamp>4311.364583</timestamp>
			</report>
			<report>
				<misses>11665001</misses>
				<total>10</total>
				<timestamp>4311.734215</timestamp>
			</report>
			<report>
				<misses>11666001</misses>
				<total>11</total>
				<timestamp>4312.103790</timestamp>
			</report>
			<report>
				<misses>11667001</misses>
				<total>10</total>
				<timestamp>4312.473504</timestamp>
			</report>
			<report>
				<misses>11668001</misses>
				<total>11</total>
				<timestamp>4312.843012</timestamp>
			</report>
			<report>
				<misses>11669001</misses>
				<total>11</total>
				<timestamp>4313.212689</timestamp>
			</report>
			<report>
				<misses>11670001</misses>
				<total>11</total>
				<timestamp>4313.582278</timestamp>
			</report>
			<report>
				<misses>11671001</misses>
				<total>11</total>
				<timestamp>4313.951894</timestamp>
			</report>
			<report>
				<misses>11672001</misses>
				<total>11</total>
				<timestamp>4314.321556</timestamp>
			</report>
			<report>
				<misses>11673001</misses>
				<total>11</total>
				<timestamp>4314.691179</timestamp>
			</report>
			<report>
				<misses>11674001</misses>
				<total>11</total>
				<timestamp>4315.060782</timestamp>
			</report>
			<report>
				<misses>11675001</misses>
				<total>11</total>
				<timestamp>4315.430488</timestamp>
			</report>
			<report>
				<misses>11676001</misses>
				<total>11</total>
				<timestamp>4315.800092</timestamp>
			</report>
			<report>
				<misses>11677001</misses>
				<total>11</total>
				<timestamp>4316.169686</timestamp>
			</report>
			<report>
				<misses>11678001</misses>
				<total>11</total>
				<timestamp>4316.539388</timestamp>
			</report>
			<report>
				<misses>11679001</misses>
				<total>10</total>
				<timestamp>4316.909056</timestamp>
			</report>
			<report>
				<misses>11680001</misses>
				<total>11</total>
				<timestamp>4317.278606</timestamp>
			</report>
			<report>
				<misses>11681001</misses>
				<total>11</total>
				<timestamp>4317.648209</timestamp>
			</report>
			<report>
				<misses>11682001</misses>
				<total>11</total>
				<timestamp>4318.017904</timestamp>
			</report>
			<report>
				<misses>11683001</misses>
				<total>11</total>
				<timestamp>4318.387498</timestamp>
			</report>
			<report>
				<misses>11684001</misses>
				<total>11</total>
				<timestamp>4318.757093</timestamp>
			</report>
			<report>
				<misses>11685001</misses>
				<total>11</total>
				<timestamp>4319.126716</timestamp>
			</report>
			<report>
				<misses>11686001</misses>
				<total>11</total>
				<timestamp>4319.496371</timestamp>
			</report>
			<report>
				<misses>11687001</misses>
				<total>10</total>
				<timestamp>4319.866117</timestamp>
			</report>
			<report>
				<misses>11688001</misses>
				<total>11</total>
				<timestamp>4320.235608</timestamp>
			</report>
			<report>
				<misses>11689001</misses>
				<total>11</total>
				<timestamp>4320.605247</timestamp>
			</report>
			<report>
				<misses>11690001</misses>
				<total>11</total>
				<timestamp>4320.974864</timestamp>
			</report>
			<report>
				<misses>11691001</misses>
				<total>11</total>
				<timestamp>4321.344560</timestamp>
			</report>
			<report>
				<misses>11692001</misses>
				<total>11</total>
				<timestamp>4321.714120</timestamp>
			</report>
			<report>
				<misses>11693001</misses>
				<total>11</total>
				<timestamp>4322.083756</timestamp>
			</report>
			<report>
				<misses>11694001</misses>
				<total>11</total>
				<timestamp>4322.453424</timestamp>
			</report>
			<report>
				<misses>11695001</misses>
				<total>11</total>
				<timestamp>4322.823092</timestamp>
			</report>
			<report>
				<misses>11696001</misses>
				<total>11</total>
				<timestamp>4323.192693</timestamp>
			</report>
			<report>
				<misses>11697001</misses>
				<total>11</total>
				<timestamp>4323.562313</timestamp>
			</report>
			<report>
				<misses>11698001</misses>
				<total>11</total>
				<timestamp>4323.931914</timestamp>
			</report>
			<report>
				<misses>11699001</misses>
				<total>11</total>
				<timestamp>4324.301570</timestamp>
			</report>
			<report>
				<misses>11700001</misses>
				<total>10</total>
				<timestamp>4324.671305</timestamp>
			</report>
			<report>
				<misses>11701001</misses>
				<total>11</total>
				<timestamp>4325.040818</timestamp>
			</report>
			<report>
				<misses>11702001</misses>
				<total>10</total>
				<timestamp>4325.410521</timestamp>
			</report>
			<report>
				<misses>11703001</misses>
				<total>11</total>
				<timestamp>4325.780080</timestamp>
			</report>
			<report>
				<misses>11704001</misses>
				<total>11</total>
				<timestamp>4326.149713</timestamp>
			</report>
			<report>
				<misses>11705001</misses>
				<total>11</total>
				<timestamp>4326.519326</timestamp>
			</report>
			<report>
				<misses>11706001</misses>
				<total>11</total>
				<timestamp>4326.888956</timestamp>
			</report>
			<report>
				<misses>11707001</misses>
				<total>10</total>
				<timestamp>4327.258734</timestamp>
			</report>
			<report>
				<misses>11708001</misses>
				<total>11</total>
				<timestamp>4327.628260</timestamp>
			</report>
			<report>
				<misses>11709001</misses>
				<total>11</total>
				<timestamp>4327.997881</timestamp>
			</report>
			<report>
				<misses>11710001</misses>
				<total>11</total>
				<timestamp>4328.367466</timestamp>
			</report>
			<report>
				<misses>11711001</misses>
				<total>11</total>
				<timestamp>4328.737090</timestamp>
			</report>
			<report>
				<misses>11712001</misses>
				<total>10</total>
				<timestamp>4329.106834</timestamp>
			</report>
			<report>
				<misses>11713001</misses>
				<total>11</total>
				<timestamp>4329.476470</timestamp>
			</report>
			<report>
				<misses>11714001</misses>
				<total>11</total>
				<timestamp>4329.846018</timestamp>
			</report>
			<report>
				<misses>11715001</misses>
				<total>11</total>
				<timestamp>4330.215673</timestamp>
			</report>
			<report>
				<misses>11716001</misses>
				<total>11</total>
				<timestamp>4330.585284</timestamp>
			</report>
			<report>
				<misses>11717001</misses>
				<total>10</total>
				<timestamp>4330.954997</timestamp>
			</report>
			<report>
				<misses>11718001</misses>
				<total>11</total>
				<timestamp>4331.324512</timestamp>
			</report>
			<report>
				<misses>11719001</misses>
				<total>11</total>
				<timestamp>4331.694159</timestamp>
			</report>
			<report>
				<misses>11720001</misses>
				<total>11</total>
				<timestamp>4332.063774</timestamp>
			</report>
			<report>
				<misses>11721001</misses>
				<total>11</total>
				<timestamp>4332.433407</timestamp>
			</report>
			<report>
				<misses>11722001</misses>
				<total>11</total>
				<timestamp>4332.803051</timestamp>
			</report>
			<report>
				<misses>11723001</misses>
				<total>11</total>
				<timestamp>4333.172704</timestamp>
			</report>
			<report>
				<misses>11724001</misses>
				<total>11</total>
				<timestamp>4333.542295</timestamp>
			</report>
			<report>
				<misses>11725001</misses>
				<total>11</total>
				<timestamp>4333.911943</timestamp>
			</report>
			<report>
				<misses>11726001</misses>
				<total>11</total>
				<timestamp>4334.281566</timestamp>
			</report>
			<report>
				<misses>11727001</misses>
				<total>11</total>
				<timestamp>4334.651219</timestamp>
			</report>
			<report>
				<misses>11728001</misses>
				<total>11</total>
				<timestamp>4335.020841</timestamp>
			</report>
			<report>
				<misses>11729001</misses>
				<total>11</total>
				<timestamp>4335.390486</timestamp>
			</report>
			<report>
				<misses>11730001</misses>
				<total>11</total>
				<timestamp>4335.760067</timestamp>
			</report>
			<report>
				<misses>11731001</misses>
				<total>11</total>
				<timestamp>4336.129757</timestamp>
			</report>
			<report>
				<misses>11732001</misses>
				<total>11</total>
				<timestamp>4336.499425</timestamp>
			</report>
			<report>
				<misses>11733001</misses>
				<total>11</total>
				<timestamp>4336.868947</timestamp>
			</report>
			<report>
				<misses>11734001</misses>
				<total>11</total>
				<timestamp>4337.238592</timestamp>
			</report>
			<report>
				<misses>11735001</misses>
				<total>11</total>
				<timestamp>4337.608319</timestamp>
			</report>
			<report>
				<misses>11736001</misses>
				<total>11</total>
				<timestamp>4337.977870</timestamp>
			</report>
			<report>
				<misses>11737001</misses>
				<total>11</total>
				<timestamp>4338.347520</timestamp>
			</report>
			<report>
				<misses>11738001</misses>
				<total>11</total>
				<timestamp>4338.717113</timestamp>
			</report>
			<report>
				<misses>11739001</misses>
				<total>11</total>
				<timestamp>4339.086770</timestamp>
			</report>
			<report>
				<misses>11740001</misses>
				<total>11</total>
				<timestamp>4339.456371</timestamp>
			</report>
			<report>
				<misses>11741001</misses>
				<total>11</total>
				<timestamp>4339.826074</timestamp>
			</report>
			<report>
				<misses>11742001</misses>
				<total>11</total>
				<timestamp>4340.195663</timestamp>
			</report>
			<report>
				<misses>11743001</misses>
				<total>11</total>
				<timestamp>4340.565324</timestamp>
			</report>
			<report>
				<misses>11744001</misses>
				<total>11</total>
				<timestamp>4340.934933</timestamp>
			</report>
			<report>
				<misses>11745001</misses>
				<total>11</total>
				<timestamp>4341.304545</timestamp>
			</report>
			<report>
				<misses>11746001</misses>
				<total>11</total>
				<timestamp>4341.674215</timestamp>
			</report>
			<report>
				<misses>11747001</misses>
				<total>11</total>
				<timestamp>4342.043824</timestamp>
			</report>
			<report>
				<misses>11748001</misses>
				<total>11</total>
				<timestamp>4342.413411</timestamp>
			</report>
			<report>
				<misses>11749001</misses>
				<total>11</total>
				<timestamp>4342.783056</timestamp>
			</report>
			<report>
				<misses>11750001</misses>
				<total>11</total>
				<timestamp>4343.152666</timestamp>
			</report>
			<report>
				<misses>11751001</misses>
				<total>11</total>
				<timestamp>4343.522341</timestamp>
			</report>
			<report>
				<misses>11752001</misses>
				<total>11</total>
				<timestamp>4343.891975</timestamp>
			</report>
			<report>
				<misses>11753001</misses>
				<total>11</total>
				<timestamp>4344.261606</timestamp>
			</report>
			<report>
				<misses>11754001</misses>
				<total>11</total>
				<timestamp>4344.631183</timestamp>
			</report>
			<report>
				<misses>11755001</misses>
				<total>11</total>
				<timestamp>4345.000810</timestamp>
			</report>
			<report>
				<misses>11756001</misses>
				<total>11</total>
				<timestamp>4345.370455</timestamp>
			</report>
			<report>
				<misses>11757001</misses>
				<total>11</total>
				<timestamp>4345.740116</timestamp>
			</report>
			<report>
				<misses>11758001</misses>
				<total>11</total>
				<timestamp>4346.109729</timestamp>
			</report>
			<report>
				<misses>11759001</misses>
				<total>11</total>
				<timestamp>4346.479425</timestamp>
			</report>
			<report>
				<misses>11760001</misses>
				<total>11</total>
				<timestamp>4346.848982</timestamp>
			</report>
			<report>
				<misses>11761001</misses>
				<total>11</total>
				<timestamp>4347.218649</timestamp>
			</report>
			<report>
				<misses>11762001</misses>
				<total>11</total>
				<timestamp>4347.588238</timestamp>
			</report>
			<report>
				<misses>11763001</misses>
				<total>11</total>
				<timestamp>4347.957885</timestamp>
			</report>
			<report>
				<misses>11764001</misses>
				<total>11</total>
				<timestamp>4348.327525</timestamp>
			</report>
			<report>
				<misses>11765001</misses>
				<total>10</total>
				<timestamp>4348.697257</timestamp>
			</report>
			<report>
				<misses>11766001</misses>
				<total>11</total>
				<timestamp>4349.066750</timestamp>
			</report>
			<report>
				<misses>11767001</misses>
				<total>11</total>
				<timestamp>4349.436400</timestamp>
			</report>
			<report>
				<misses>11768001</misses>
				<total>11</total>
				<timestamp>4349.806050</timestamp>
			</report>
			<report>
				<misses>11769001</misses>
				<total>11</total>
				<timestamp>4350.175664</timestamp>
			</report>
			<report>
				<misses>11770001</misses>
				<total>11</total>
				<timestamp>4350.545327</timestamp>
			</report>
			<report>
				<misses>11771001</misses>
				<total>11</total>
				<timestamp>4350.914921</timestamp>
			</report>
			<report>
				<misses>11772001</misses>
				<total>11</total>
				<timestamp>4351.284531</timestamp>
			</report>
			<report>
				<misses>11773001</misses>
				<total>11</total>
				<timestamp>4351.654180</timestamp>
			</report>
			<report>
				<misses>11774001</misses>
				<total>11</total>
				<timestamp>4352.023836</timestamp>
			</report>
			<report>
				<misses>11775001</misses>
				<total>11</total>
				<timestamp>4352.393476</timestamp>
			</report>
			<report>
				<misses>11776001</misses>
				<total>11</total>
				<timestamp>4352.763128</timestamp>
			</report>
			<report>
				<misses>11777001</misses>
				<total>11</total>
				<timestamp>4353.132696</timestamp>
			</report>
			<report>
				<misses>11778001</misses>
				<total>11</total>
				<timestamp>4353.502308</timestamp>
			</report>
			<report>
				<misses>11779001</misses>
				<total>11</total>
				<timestamp>4353.871987</timestamp>
			</report>
			<report>
				<misses>11780001</misses>
				<total>11</total>
				<timestamp>4354.241634</timestamp>
			</report>
			<report>
				<misses>11781001</misses>
				<total>11</total>
				<timestamp>4354.611249</timestamp>
			</report>
			<report>
				<misses>11782001</misses>
				<total>11</total>
				<timestamp>4354.980830</timestamp>
			</report>
			<report>
				<misses>11783001</misses>
				<total>11</total>
				<timestamp>4355.350491</timestamp>
			</report>
			<report>
				<misses>11784001</misses>
				<total>11</total>
				<timestamp>4355.720091</timestamp>
			</report>
			<report>
				<misses>11785001</misses>
				<total>11</total>
				<timestamp>4356.089714</timestamp>
			</report>
			<report>
				<misses>11786001</misses>
				<total>11</total>
				<timestamp>4356.459418</timestamp>
			</report>
			<report>
				<misses>11787001</misses>
				<total>11</total>
				<timestamp>4356.829004</timestamp>
			</report>
			<report>
				<misses>11788001</misses>
				<total>11</total>
				<timestamp>4357.198656</timestamp>
			</report>
			<report>
				<misses>11789001</misses>
				<total>11</total>
				<timestamp>4357.568248</timestamp>
			</report>
			<report>
				<misses>11790001</misses>
				<total>11</total>
				<timestamp>4357.937922</timestamp>
			</report>
			<report>
				<misses>11791001</misses>
				<total>11</total>
				<timestamp>4358.307488</timestamp>
			</report>
			<report>
				<misses>11792001</misses>
				<total>11</total>
				<timestamp>4358.677138</timestamp>
			</report>
			<report>
				<misses>11793001</misses>
				<total>11</total>
				<timestamp>4359.046811</timestamp>
			</report>
			<report>
				<misses>11794001</misses>
				<total>11</total>
				<timestamp>4359.416442</timestamp>
			</report>
			<report>
				<misses>11795001</misses>
				<total>11</total>
				<timestamp>4359.786124</timestamp>
			</report>
			<report>
				<misses>11796001</misses>
				<total>11</total>
				<timestamp>4360.155651</timestamp>
			</report>
			<report>
				<misses>11797001</misses>
				<total>11</total>
				<timestamp>4360.525273</timestamp>
			</report>
			<report>
				<misses>11798001</misses>
				<total>11</total>
				<timestamp>4360.894905</timestamp>
			</report>
			<report>
				<misses>11799001</misses>
				<total>11</total>
				<timestamp>4361.264535</timestamp>
			</report>
			<report>
				<misses>11800001</misses>
				<total>11</total>
				<timestamp>4361.634189</timestamp>
			</report>
			<report>
				<misses>11801001</misses>
				<total>11</total>
				<timestamp>4362.003858</timestamp>
			</report>
			<report>
				<misses>11802001</misses>
				<total>11</total>
				<timestamp>4362.373489</timestamp>
			</report>
			<report>
				<misses>11803001</misses>
				<total>10</total>
				<timestamp>4362.743141</timestamp>
			</report>
			<report>
				<misses>11804001</misses>
				<total>11</total>
				<timestamp>4363.112770</timestamp>
			</report>
			<report>
				<misses>11805001</misses>
				<total>11</total>
				<timestamp>4363.482330</timestamp>
			</report>
			<report>
				<misses>11806001</misses>
				<total>11</total>
				<timestamp>4363.851971</timestamp>
			</report>
			<report>
				<misses>11807001</misses>
				<total>11</total>
				<timestamp>4364.221596</timestamp>
			</report>
			<report>
				<misses>11808001</misses>
				<total>11</total>
				<timestamp>4364.591218</timestamp>
			</report>
			<report>
				<misses>11809001</misses>
				<total>11</total>
				<timestamp>4364.960844</timestamp>
			</report>
			<report>
				<misses>11810001</misses>
				<total>11</total>
				<timestamp>4365.330495</timestamp>
			</report>
			<report>
				<misses>11811001</misses>
				<total>11</total>
				<timestamp>4365.700143</timestamp>
			</report>
			<report>
				<misses>11812001</misses>
				<total>11</total>
				<timestamp>4366.069839</timestamp>
			</report>
			<report>
				<misses>11813001</misses>
				<total>11</total>
				<timestamp>4366.439398</timestamp>
			</report>
			<report>
				<misses>11814001</misses>
				<total>11</total>
				<timestamp>4366.809053</timestamp>
			</report>
			<report>
				<misses>11815001</misses>
				<total>11</total>
				<timestamp>4367.178691</timestamp>
			</report>
			<report>
				<misses>11816001</misses>
				<total>11</total>
				<timestamp>4367.548275</timestamp>
			</report>
			<report>
				<misses>11817001</misses>
				<total>11</total>
				<timestamp>4367.917962</timestamp>
			</report>
			<report>
				<misses>11818001</misses>
				<total>10</total>
				<timestamp>4368.287610</timestamp>
			</report>
			<report>
				<misses>11819001</misses>
				<total>10</total>
				<timestamp>4368.657255</timestamp>
			</report>
			<report>
				<misses>11820001</misses>
				<total>11</total>
				<timestamp>4369.026771</timestamp>
			</report>
			<report>
				<misses>11821001</misses>
				<total>11</total>
				<timestamp>4369.396412</timestamp>
			</report>
			<report>
				<misses>11822001</misses>
				<total>11</total>
				<timestamp>4369.766044</timestamp>
			</report>
			<report>
				<misses>11823001</misses>
				<total>11</total>
				<timestamp>4370.135662</timestamp>
			</report>
			<report>
				<misses>11824001</misses>
				<total>11</total>
				<timestamp>4370.505327</timestamp>
			</report>
			<report>
				<misses>11825001</misses>
				<total>11</total>
				<timestamp>4370.875010</timestamp>
			</report>
			<report>
				<misses>11826001</misses>
				<total>11</total>
				<timestamp>4371.244551</timestamp>
			</report>
			<report>
				<misses>11827001</misses>
				<total>11</total>
				<timestamp>4371.614194</timestamp>
			</report>
			<report>
				<misses>11828001</misses>
				<total>11</total>
				<timestamp>4371.983818</timestamp>
			</report>
			<report>
				<misses>11829001</misses>
				<total>11</total>
				<timestamp>4372.353433</timestamp>
			</report>
			<report>
				<misses>11830001</misses>
				<total>11</total>
				<timestamp>4372.723088</timestamp>
			</report>
			<report>
				<misses>11831001</misses>
				<total>11</total>
				<timestamp>4373.092698</timestamp>
			</report>
			<report>
				<misses>11832001</misses>
				<total>11</total>
				<timestamp>4373.462328</timestamp>
			</report>
			<report>
				<misses>11833001</misses>
				<total>11</total>
				<timestamp>4373.832048</timestamp>
			</report>
			<report>
				<misses>11834001</misses>
				<total>10</total>
				<timestamp>4374.201737</timestamp>
			</report>
			<report>
				<misses>11835001</misses>
				<total>10</total>
				<timestamp>4374.571311</timestamp>
			</report>
			<report>
				<misses>11836001</misses>
				<total>11</total>
				<timestamp>4374.940956</timestamp>
			</report>
			<report>
				<misses>11837001</misses>
				<total>11</total>
				<timestamp>4375.310532</timestamp>
			</report>
			<report>
				<misses>11838001</misses>
				<total>11</total>
				<timestamp>4375.680134</timestamp>
			</report>
			<report>
				<misses>11839001</misses>
				<total>11</total>
				<timestamp>4376.049724</timestamp>
			</report>
			<report>
				<misses>11840001</misses>
				<total>11</total>
				<timestamp>4376.419387</timestamp>
			</report>
			<report>
				<misses>11841001</misses>
				<total>11</total>
				<timestamp>4376.789047</timestamp>
			</report>
			<report>
				<misses>11842001</misses>
				<total>11</total>
				<timestamp>4377.158625</timestamp>
			</report>
			<report>
				<misses>11843001</misses>
				<total>11</total>
				<timestamp>4377.528277</timestamp>
			</report>
			<report>
				<misses>11844001</misses>
				<total>11</total>
				<timestamp>4377.897966</timestamp>
			</report>
			<report>
				<misses>11845001</misses>
				<total>11</total>
				<timestamp>4378.267515</timestamp>
			</report>
			<report>
				<misses>11846001</misses>
				<total>11</total>
				<timestamp>4378.637199</timestamp>
			</report>
			<report>
				<misses>11847001</misses>
				<total>11</total>
				<timestamp>4379.006856</timestamp>
			</report>
			<report>
				<misses>11848001</misses>
				<total>11</total>
				<timestamp>4379.376432</timestamp>
			</report>
			<report>
				<misses>11849001</misses>
				<total>11</total>
				<timestamp>4379.746077</timestamp>
			</report>
			<report>
				<misses>11850001</misses>
				<total>10</total>
				<timestamp>4380.115775</timestamp>
			</report>
			<report>
				<misses>11851001</misses>
				<total>11</total>
				<timestamp>4380.485321</timestamp>
			</report>
			<report>
				<misses>11852001</misses>
				<total>11</total>
				<timestamp>4380.855000</timestamp>
			</report>
			<report>
				<misses>11853001</misses>
				<total>11</total>
				<timestamp>4381.224551</timestamp>
			</report>
			<report>
				<misses>11854001</misses>
				<total>11</total>
				<timestamp>4381.594185</timestamp>
			</report>
			<report>
				<misses>11855001</misses>
				<total>11</total>
				<timestamp>4381.963861</timestamp>
			</report>
			<report>
				<misses>11856001</misses>
				<total>11</total>
				<timestamp>4382.333457</timestamp>
			</report>
			<report>
				<misses>11857001</misses>
				<total>11</total>
				<timestamp>4382.703093</timestamp>
			</report>
			<report>
				<misses>11858001</misses>
				<total>11</total>
				<timestamp>4383.072739</timestamp>
			</report>
			<report>
				<misses>11859001</misses>
				<total>11</total>
				<timestamp>4383.442412</timestamp>
			</report>
			<report>
				<misses>11860001</misses>
				<total>11</total>
				<timestamp>4383.811998</timestamp>
			</report>
			<report>
				<misses>11861001</misses>
				<total>10</total>
				<timestamp>4384.181694</timestamp>
			</report>
			<report>
				<misses>11862001</misses>
				<total>11</total>
				<timestamp>4384.551268</timestamp>
			</report>
			<report>
				<misses>11863001</misses>
				<total>11</total>
				<timestamp>4384.920924</timestamp>
			</report>
			<report>
				<misses>11864001</misses>
				<total>11</total>
				<timestamp>4385.290477</timestamp>
			</report>
			<report>
				<misses>11865001</misses>
				<total>11</total>
				<timestamp>4385.660133</timestamp>
			</report>
			<report>
				<misses>11866001</misses>
				<total>11</total>
				<timestamp>4386.029832</timestamp>
			</report>
			<report>
				<misses>11867001</misses>
				<total>11</total>
				<timestamp>4386.399420</timestamp>
			</report>
			<report>
				<misses>11868001</misses>
				<total>11</total>
				<timestamp>4386.769087</timestamp>
			</report>
			<report>
				<misses>11869001</misses>
				<total>11</total>
				<timestamp>4387.138723</timestamp>
			</report>
			<report>
				<misses>11870001</misses>
				<total>10</total>
				<timestamp>4387.508410</timestamp>
			</report>
			<report>
				<misses>11871001</misses>
				<total>11</total>
				<timestamp>4387.877963</timestamp>
			</report>
			<report>
				<misses>11872001</misses>
				<total>11</total>
				<timestamp>4388.247553</timestamp>
			</report>
			<report>
				<misses>11873001</misses>
				<total>11</total>
				<timestamp>4388.617169</timestamp>
			</report>
			<report>
				<misses>11874001</misses>
				<total>11</total>
				<timestamp>4388.986897</timestamp>
			</report>
			<report>
				<misses>11875001</misses>
				<total>11</total>
				<timestamp>4389.356473</timestamp>
			</report>
			<report>
				<misses>11876001</misses>
				<total>11</total>
				<timestamp>4389.726071</timestamp>
			</report>
			<report>
				<misses>11877001</misses>
				<total>11</total>
				<timestamp>4390.095678</timestamp>
			</report>
			<report>
				<misses>11878001</misses>
				<total>11</total>
				<timestamp>4390.465348</timestamp>
			</report>
			<report>
				<misses>11879001</misses>
				<total>11</total>
				<timestamp>4390.835046</timestamp>
			</report>
			<report>
				<misses>11880001</misses>
				<total>11</total>
				<timestamp>4391.204562</timestamp>
			</report>
			<report>
				<misses>11881001</misses>
				<total>11</total>
				<timestamp>4391.574232</timestamp>
			</report>
			<report>
				<misses>11882001</misses>
				<total>11</total>
				<timestamp>4391.943921</timestamp>
			</report>
			<report>
				<misses>11883001</misses>
				<total>11</total>
				<timestamp>4392.313516</timestamp>
			</report>
			<report>
				<misses>11884001</misses>
				<total>11</total>
				<timestamp>4392.683096</timestamp>
			</report>
			<report>
				<misses>11885001</misses>
				<total>11</total>
				<timestamp>4393.052715</timestamp>
			</report>
			<report>
				<misses>11886001</misses>
				<total>11</total>
				<timestamp>4393.422348</timestamp>
			</report>
			<report>
				<misses>11887001</misses>
				<total>11</total>
				<timestamp>4393.791997</timestamp>
			</report>
			<report>
				<misses>11888001</misses>
				<total>10</total>
				<timestamp>4394.161704</timestamp>
			</report>
			<report>
				<misses>11889001</misses>
				<total>11</total>
				<timestamp>4394.531279</timestamp>
			</report>
			<report>
				<misses>11890001</misses>
				<total>11</total>
				<timestamp>4394.900925</timestamp>
			</report>
			<report>
				<misses>11891001</misses>
				<total>11</total>
				<timestamp>4395.270537</timestamp>
			</report>
			<report>
				<misses>11892001</misses>
				<total>11</total>
				<timestamp>4395.640116</timestamp>
			</report>
			<report>
				<misses>11893001</misses>
				<total>11</total>
				<timestamp>4396.009841</timestamp>
			</report>
			<report>
				<misses>11894001</misses>
				<total>11</total>
				<timestamp>4396.379397</timestamp>
			</report>
			<report>
				<misses>11895001</misses>
				<total>11</total>
				<timestamp>4396.749099</timestamp>
			</report>
			<report>
				<misses>11896001</misses>
				<total>11</total>
				<timestamp>4397.118652</timestamp>
			</report>
			<report>
				<misses>11897001</misses>
				<total>11</total>
				<timestamp>4397.488330</timestamp>
			</report>
			<report>
				<misses>11898001</misses>
				<total>11</total>
				<timestamp>4397.857983</timestamp>
			</report>
			<report>
				<misses>11899001</misses>
				<total>11</total>
				<timestamp>4398.227593</timestamp>
			</report>
			<report>
				<misses>11900001</misses>
				<total>11</total>
				<timestamp>4398.597194</timestamp>
			</report>
			<report>
				<misses>11901001</misses>
				<total>10</total>
				<timestamp>4398.966920</timestamp>
			</report>
			<report>
				<misses>11902001</misses>
				<total>11</total>
				<timestamp>4399.336430</timestamp>
			</report>
			<report>
				<misses>11903001</misses>
				<total>11</total>
				<timestamp>4399.706055</timestamp>
			</report>
			<report>
				<misses>11904001</misses>
				<total>11</total>
				<timestamp>4400.075687</timestamp>
			</report>
			<report>
				<misses>11905001</misses>
				<total>11</total>
				<timestamp>4400.445355</timestamp>
			</report>
			<report>
				<misses>11906001</misses>
				<total>11</total>
				<timestamp>4400.815003</timestamp>
			</report>
			<report>
				<misses>11907001</misses>
				<total>11</total>
				<timestamp>4401.184647</timestamp>
			</report>
			<report>
				<misses>11908001</misses>
				<total>11</total>
				<timestamp>4401.554228</timestamp>
			</report>
			<report>
				<misses>11909001</misses>
				<total>10</total>
				<timestamp>4401.923954</timestamp>
			</report>
			<report>
				<misses>11910001</misses>
				<total>11</total>
				<timestamp>4402.293540</timestamp>
			</report>
			<report>
				<misses>11911001</misses>
				<total>11</total>
				<timestamp>4402.663093</timestamp>
			</report>
			<report>
				<misses>11912001</misses>
				<total>11</total>
				<timestamp>4403.032831</timestamp>
			</report>
			<report>
				<misses>11913001</misses>
				<total>11</total>
				<timestamp>4403.402440</timestamp>
			</report>
			<report>
				<misses>11914001</misses>
				<total>11</total>
				<timestamp>4403.771994</timestamp>
			</report>
			<report>
				<misses>11915001</misses>
				<total>11</total>
				<timestamp>4404.141615</timestamp>
			</report>
			<report>
				<misses>11916001</misses>
				<total>11</total>
				<timestamp>4404.511244</timestamp>
			</report>
			<report>
				<misses>11917001</misses>
				<total>11</total>
				<timestamp>4404.880903</timestamp>
			</report>
			<report>
				<misses>11918001</misses>
				<total>11</total>
				<timestamp>4405.250505</timestamp>
			</report>
			<report>
				<misses>11919001</misses>
				<total>11</total>
				<timestamp>4405.620145</timestamp>
			</report>
			<report>
				<misses>11920001</misses>
				<total>11</total>
				<timestamp>4405.989819</timestamp>
			</report>
			<report>
				<misses>11921001</misses>
				<total>11</total>
				<timestamp>4406.359405</timestamp>
			</report>
			<report>
				<misses>11922001</misses>
				<total>11</total>
				<timestamp>4406.729070</timestamp>
			</report>
			<report>
				<misses>11923001</misses>
				<total>11</total>
				<timestamp>4407.098699</timestamp>
			</report>
			<report>
				<misses>11924001</misses>
				<total>10</total>
				<timestamp>4407.468402</timestamp>
			</report>
			<report>
				<misses>11925001</misses>
				<total>11</total>
				<timestamp>4407.837967</timestamp>
			</report>
			<report>
				<misses>11926001</misses>
				<total>11</total>
				<timestamp>4408.207596</timestamp>
			</report>
			<report>
				<misses>11927001</misses>
				<total>11</total>
				<timestamp>4408.577170</timestamp>
			</report>
			<report>
				<misses>11928001</misses>
				<total>11</total>
				<timestamp>4408.946915</timestamp>
			</report>
			<report>
				<misses>11929001</misses>
				<total>11</total>
				<timestamp>4409.316518</timestamp>
			</report>
			<report>
				<misses>11930001</misses>
				<total>11</total>
				<timestamp>4409.686127</timestamp>
			</report>
			<report>
				<misses>11931001</misses>
				<total>11</total>
				<timestamp>4410.055760</timestamp>
			</report>
			<report>
				<misses>11932001</misses>
				<total>11</total>
				<timestamp>4410.425323</timestamp>
			</report>
			<report>
				<misses>11933001</misses>
				<total>11</total>
				<timestamp>4410.795005</timestamp>
			</report>
			<report>
				<misses>11934001</misses>
				<total>11</total>
				<timestamp>4411.164627</timestamp>
			</report>
			<report>
				<misses>11935001</misses>
				<total>10</total>
				<timestamp>4411.534313</timestamp>
			</report>
			<report>
				<misses>11936001</misses>
				<total>11</total>
				<timestamp>4411.903891</timestamp>
			</report>
			<report>
				<misses>11937001</misses>
				<total>11</total>
				<timestamp>4412.273491</timestamp>
			</report>
			<report>
				<misses>11938001</misses>
				<total>11</total>
				<timestamp>4412.643122</timestamp>
			</report>
			<report>
				<misses>11939001</misses>
				<total>11</total>
				<timestamp>4413.012791</timestamp>
			</report>
			<report>
				<misses>11940001</misses>
				<total>11</total>
				<timestamp>4413.382389</timestamp>
			</report>
			<report>
				<misses>11941001</misses>
				<total>11</total>
				<timestamp>4413.752036</timestamp>
			</report>
			<report>
				<misses>11942001</misses>
				<total>11</total>
				<timestamp>4414.121687</timestamp>
			</report>
			<report>
				<misses>11943001</misses>
				<total>11</total>
				<timestamp>4414.491290</timestamp>
			</report>
			<report>
				<misses>11944001</misses>
				<total>11</total>
				<timestamp>4414.860906</timestamp>
			</report>
			<report>
				<misses>11945001</misses>
				<total>11</total>
				<timestamp>4415.230590</timestamp>
			</report>
			<report>
				<misses>11946001</misses>
				<total>11</total>
				<timestamp>4415.600155</timestamp>
			</report>
			<report>
				<misses>11947001</misses>
				<total>11</total>
				<timestamp>4415.969817</timestamp>
			</report>
			<report>
				<misses>11948001</misses>
				<total>11</total>
				<timestamp>4416.339420</timestamp>
			</report>
			<report>
				<misses>11949001</misses>
				<total>11</total>
				<timestamp>4416.709114</timestamp>
			</report>
			<report>
				<misses>11950001</misses>
				<total>11</total>
				<timestamp>4417.078773</timestamp>
			</report>
			<report>
				<misses>11951001</misses>
				<total>10</total>
				<timestamp>4417.448423</timestamp>
			</report>
			<report>
				<misses>11952001</misses>
				<total>11</total>
				<timestamp>4417.817977</timestamp>
			</report>
			<report>
				<misses>11953001</misses>
				<total>11</total>
				<timestamp>4418.187618</timestamp>
			</report>
			<report>
				<misses>11954001</misses>
				<total>10</total>
				<timestamp>4418.557316</timestamp>
			</report>
			<report>
				<misses>11955001</misses>
				<total>11</total>
				<timestamp>4418.926820</timestamp>
			</report>
			<report>
				<misses>11956001</misses>
				<total>11</total>
				<timestamp>4419.296496</timestamp>
			</report>
			<report>
				<misses>11957001</misses>
				<total>11</total>
				<timestamp>4419.666118</timestamp>
			</report>
			<report>
				<misses>11958001</misses>
				<total>11</total>
				<timestamp>4420.035767</timestamp>
			</report>
			<report>
				<misses>11959001</misses>
				<total>10</total>
				<timestamp>4420.405492</timestamp>
			</report>
			<report>
				<misses>11960001</misses>
				<total>10</total>
				<timestamp>4420.775064</timestamp>
			</report>
			<report>
				<misses>11961001</misses>
				<total>11</total>
				<timestamp>4421.144646</timestamp>
			</report>
			<report>
				<misses>11962001</misses>
				<total>11</total>
				<timestamp>4421.514268</timestamp>
			</report>
			<report>
				<misses>11963001</misses>
				<total>11</total>
				<timestamp>4421.883867</timestamp>
			</report>
			<report>
				<misses>11964001</misses>
				<total>10</total>
				<timestamp>4422.253581</timestamp>
			</report>
			<report>
				<misses>11965001</misses>
				<total>11</total>
				<timestamp>4422.623169</timestamp>
			</report>
			<report>
				<misses>11966001</misses>
				<total>11</total>
				<timestamp>4422.992810</timestamp>
			</report>
			<report>
				<misses>11967001</misses>
				<total>11</total>
				<timestamp>4423.362370</timestamp>
			</report>
			<report>
				<misses>11968001</misses>
				<total>11</total>
				<timestamp>4423.732089</timestamp>
			</report>
			<report>
				<misses>11969001</misses>
				<total>11</total>
				<timestamp>4424.101682</timestamp>
			</report>
			<report>
				<misses>11970001</misses>
				<total>11</total>
				<timestamp>4424.471256</timestamp>
			</report>
			<report>
				<misses>11971001</misses>
				<total>11</total>
				<timestamp>4424.840998</timestamp>
			</report>
			<report>
				<misses>11972001</misses>
				<total>11</total>
				<timestamp>4425.210537</timestamp>
			</report>
			<report>
				<misses>11973001</misses>
				<total>11</total>
				<timestamp>4425.580174</timestamp>
			</report>
			<report>
				<misses>11974001</misses>
				<total>11</total>
				<timestamp>4425.949823</timestamp>
			</report>
			<report>
				<misses>11975001</misses>
				<total>11</total>
				<timestamp>4426.319432</timestamp>
			</report>
			<report>
				<misses>11976001</misses>
				<total>11</total>
				<timestamp>4426.689051</timestamp>
			</report>
			<report>
				<misses>11977001</misses>
				<total>11</total>
				<timestamp>4427.058711</timestamp>
			</report>
			<report>
				<misses>11978001</misses>
				<total>11</total>
				<timestamp>4427.428334</timestamp>
			</report>
			<report>
				<misses>11979001</misses>
				<total>11</total>
				<timestamp>4427.797942</timestamp>
			</report>
			<report>
				<misses>11980001</misses>
				<total>11</total>
				<timestamp>4428.167642</timestamp>
			</report>
			<report>
				<misses>11981001</misses>
				<total>10</total>
				<timestamp>4428.537331</timestamp>
			</report>
			<report>
				<misses>11982001</misses>
				<total>11</total>
				<timestamp>4428.906826</timestamp>
			</report>
			<report>
				<misses>11983001</misses>
				<total>10</total>
				<timestamp>4429.276637</timestamp>
			</report>
			<report>
				<misses>11984001</misses>
				<total>11</total>
				<timestamp>4429.646141</timestamp>
			</report>
			<report>
				<misses>11985001</misses>
				<total>11</total>
				<timestamp>4430.015768</timestamp>
			</report>
			<report>
				<misses>11986001</misses>
				<total>11</total>
				<timestamp>4430.385346</timestamp>
			</report>
			<report>
				<misses>11987001</misses>
				<total>11</total>
				<timestamp>4430.754979</timestamp>
			</report>
			<report>
				<misses>11988001</misses>
				<total>11</total>
				<timestamp>4431.124671</timestamp>
			</report>
			<report>
				<misses>11989001</misses>
				<total>11</total>
				<timestamp>4431.494233</timestamp>
			</report>
			<report>
				<misses>11990001</misses>
				<total>11</total>
				<timestamp>4431.863933</timestamp>
			</report>
			<report>
				<misses>11991001</misses>
				<total>11</total>
				<timestamp>4432.233511</timestamp>
			</report>
			<report>
				<misses>11992001</misses>
				<total>11</total>
				<timestamp>4432.603201</timestamp>
			</report>
			<report>
				<misses>11993001</misses>
				<total>11</total>
				<timestamp>4432.972811</timestamp>
			</report>
			<report>
				<misses>11994001</misses>
				<total>11</total>
				<timestamp>4433.342399</timestamp>
			</report>
			<report>
				<misses>11995001</misses>
				<total>10</total>
				<timestamp>4433.712098</timestamp>
			</report>
			<report>
				<misses>11996001</misses>
				<total>11</total>
				<timestamp>4434.081664</timestamp>
			</report>
			<report>
				<misses>11997001</misses>
				<total>11</total>
				<timestamp>4434.451265</timestamp>
			</report>
			<report>
				<misses>11998001</misses>
				<total>10</total>
				<timestamp>4434.821005</timestamp>
			</report>
			<report>
				<misses>11999001</misses>
				<total>11</total>
				<timestamp>4435.190626</timestamp>
			</report>
			<report>
				<misses>12000001</misses>
				<total>11</total>
				<timestamp>4435.560178</timestamp>
			</report>
			<report>
				<misses>12001001</misses>
				<total>11</total>
				<timestamp>4435.929875</timestamp>
			</report>
			<report>
				<misses>12002001</misses>
				<total>11</total>
				<timestamp>4436.299445</timestamp>
			</report>
			<report>
				<misses>12003001</misses>
				<total>11</total>
				<timestamp>4436.669120</timestamp>
			</report>
			<report>
				<misses>12004001</misses>
				<total>11</total>
				<timestamp>4437.038726</timestamp>
			</report>
			<report>
				<misses>12005001</misses>
				<total>11</total>
				<timestamp>4437.408350</timestamp>
			</report>
			<report>
				<misses>12006001</misses>
				<total>11</total>
				<timestamp>4437.777941</timestamp>
			</report>
			<report>
				<misses>12007001</misses>
				<total>11</total>
				<timestamp>4438.147617</timestamp>
			</report>
			<report>
				<misses>12008001</misses>
				<total>11</total>
				<timestamp>4438.517261</timestamp>
			</report>
			<report>
				<misses>12009001</misses>
				<total>11</total>
				<timestamp>4438.886855</timestamp>
			</report>
			<report>
				<misses>12010001</misses>
				<total>11</total>
				<timestamp>4439.256516</timestamp>
			</report>
			<report>
				<misses>12011001</misses>
				<total>11</total>
				<timestamp>4439.626090</timestamp>
			</report>
			<report>
				<misses>12012001</misses>
				<total>11</total>
				<timestamp>4439.995786</timestamp>
			</report>
			<report>
				<misses>12013001</misses>
				<total>11</total>
				<timestamp>4440.365381</timestamp>
			</report>
			<report>
				<misses>12014001</misses>
				<total>11</total>
				<timestamp>4440.734991</timestamp>
			</report>
			<report>
				<misses>12015001</misses>
				<total>10</total>
				<timestamp>4441.104729</timestamp>
			</report>
			<report>
				<misses>12016001</misses>
				<total>11</total>
				<timestamp>4441.474260</timestamp>
			</report>
			<report>
				<misses>12017001</misses>
				<total>11</total>
				<timestamp>4441.843923</timestamp>
			</report>
			<report>
				<misses>12018001</misses>
				<total>11</total>
				<timestamp>4442.213564</timestamp>
			</report>
			<report>
				<misses>12019001</misses>
				<total>11</total>
				<timestamp>4442.583164</timestamp>
			</report>
			<report>
				<misses>12020001</misses>
				<total>11</total>
				<timestamp>4442.952774</timestamp>
			</report>
			<report>
				<misses>12021001</misses>
				<total>11</total>
				<timestamp>4443.322422</timestamp>
			</report>
			<report>
				<misses>12022001</misses>
				<total>11</total>
				<timestamp>4443.692033</timestamp>
			</report>
			<report>
				<misses>12023001</misses>
				<total>11</total>
				<timestamp>4444.061695</timestamp>
			</report>
			<report>
				<misses>12024001</misses>
				<total>11</total>
				<timestamp>4444.431286</timestamp>
			</report>
			<report>
				<misses>12025001</misses>
				<total>11</total>
				<timestamp>4444.800937</timestamp>
			</report>
			<report>
				<misses>12026001</misses>
				<total>12</total>
				<timestamp>4445.170553</timestamp>
			</report>
			<report>
				<misses>12027001</misses>
				<total>12</total>
				<timestamp>4445.540207</timestamp>
			</report>
			<report>
				<misses>12028001</misses>
				<total>12</total>
				<timestamp>4445.909844</timestamp>
			</report>
			<report>
				<misses>12029001</misses>
				<total>11</total>
				<timestamp>4446.279570</timestamp>
			</report>
			<report>
				<misses>12030001</misses>
				<total>12</total>
				<timestamp>4446.649104</timestamp>
			</report>
			<report>
				<misses>12031001</misses>
				<total>12</total>
				<timestamp>4447.018764</timestamp>
			</report>
			<report>
				<misses>12032001</misses>
				<total>12</total>
				<timestamp>4447.388325</timestamp>
			</report>
			<report>
				<misses>12033001</misses>
				<total>11</total>
				<timestamp>4447.758073</timestamp>
			</report>
			<report>
				<misses>12034001</misses>
				<total>12</total>
				<timestamp>4448.127659</timestamp>
			</report>
			<report>
				<misses>12035001</misses>
				<total>12</total>
				<timestamp>4448.497251</timestamp>
			</report>
			<report>
				<misses>12036001</misses>
				<total>12</total>
				<timestamp>4448.866841</timestamp>
			</report>
			<report>
				<misses>12037001</misses>
				<total>12</total>
				<timestamp>4449.236580</timestamp>
			</report>
			<report>
				<misses>12038001</misses>
				<total>12</total>
				<timestamp>4449.606138</timestamp>
			</report>
			<report>
				<misses>12039001</misses>
				<total>12</total>
				<timestamp>4449.975755</timestamp>
			</report>
			<report>
				<misses>12040001</misses>
				<total>12</total>
				<timestamp>4450.345444</timestamp>
			</report>
			<report>
				<misses>12041001</misses>
				<total>12</total>
				<timestamp>4450.715016</timestamp>
			</report>
			<report>
				<misses>12042001</misses>
				<total>12</total>
				<timestamp>4451.084660</timestamp>
			</report>
			<report>
				<misses>12043001</misses>
				<total>12</total>
				<timestamp>4451.454245</timestamp>
			</report>
			<report>
				<misses>12044001</misses>
				<total>12</total>
				<timestamp>4451.823890</timestamp>
			</report>
			<report>
				<misses>12045001</misses>
				<total>12</total>
				<timestamp>4452.193571</timestamp>
			</report>
			<report>
				<misses>12046001</misses>
				<total>12</total>
				<timestamp>4452.563220</timestamp>
			</report>
			<report>
				<misses>12047001</misses>
				<total>12</total>
				<timestamp>4452.932816</timestamp>
			</report>
			<report>
				<misses>12048001</misses>
				<total>12</total>
				<timestamp>4453.302478</timestamp>
			</report>
			<report>
				<misses>12049001</misses>
				<total>12</total>
				<timestamp>4453.672048</timestamp>
			</report>
			<report>
				<misses>12050001</misses>
				<total>12</total>
				<timestamp>4454.041671</timestamp>
			</report>
			<report>
				<misses>12051001</misses>
				<total>12</total>
				<timestamp>4454.411329</timestamp>
			</report>
			<report>
				<misses>12052001</misses>
				<total>12</total>
				<timestamp>4454.780920</timestamp>
			</report>
			<report>
				<misses>12053001</misses>
				<total>12</total>
				<timestamp>4455.150647</timestamp>
			</report>
			<report>
				<misses>12054001</misses>
				<total>12</total>
				<timestamp>4455.520217</timestamp>
			</report>
			<report>
				<misses>12055001</misses>
				<total>12</total>
				<timestamp>4455.889838</timestamp>
			</report>
			<report>
				<misses>12056001</misses>
				<total>12</total>
				<timestamp>4456.259470</timestamp>
			</report>
			<report>
				<misses>12057001</misses>
				<total>12</total>
				<timestamp>4456.629126</timestamp>
			</report>
			<report>
				<misses>12058001</misses>
				<total>12</total>
				<timestamp>4456.998718</timestamp>
			</report>
			<report>
				<misses>12059001</misses>
				<total>12</total>
				<timestamp>4457.368345</timestamp>
			</report>
			<report>
				<misses>12060001</misses>
				<total>12</total>
				<timestamp>4457.737995</timestamp>
			</report>
			<report>
				<misses>12061001</misses>
				<total>12</total>
				<timestamp>4458.107639</timestamp>
			</report>
			<report>
				<misses>12062001</misses>
				<total>11</total>
				<timestamp>4458.477335</timestamp>
			</report>
			<report>
				<misses>12063001</misses>
				<total>12</total>
				<timestamp>4458.846904</timestamp>
			</report>
			<report>
				<misses>12064001</misses>
				<total>12</total>
				<timestamp>4459.216476</timestamp>
			</report>
			<report>
				<misses>12065001</misses>
				<total>12</total>
				<timestamp>4459.586135</timestamp>
			</report>
			<report>
				<misses>12066001</misses>
				<total>12</total>
				<timestamp>4459.955817</timestamp>
			</report>
			<report>
				<misses>12067001</misses>
				<total>12</total>
				<timestamp>4460.325423</timestamp>
			</report>
			<report>
				<misses>12068001</misses>
				<total>12</total>
				<timestamp>4460.695053</timestamp>
			</report>
			<report>
				<misses>12069001</misses>
				<total>12</total>
				<timestamp>4461.064633</timestamp>
			</report>
			<report>
				<misses>12070001</misses>
				<total>12</total>
				<timestamp>4461.434275</timestamp>
			</report>
			<report>
				<misses>12071001</misses>
				<total>12</total>
				<timestamp>4461.803922</timestamp>
			</report>
			<report>
				<misses>12072001</misses>
				<total>12</total>
				<timestamp>4462.173618</timestamp>
			</report>
			<report>
				<misses>12073001</misses>
				<total>12</total>
				<timestamp>4462.543239</timestamp>
			</report>
			<report>
				<misses>12074001</misses>
				<total>12</total>
				<timestamp>4462.912806</timestamp>
			</report>
			<report>
				<misses>12075001</misses>
				<total>11</total>
				<timestamp>4463.282549</timestamp>
			</report>
			<report>
				<misses>12076001</misses>
				<total>11</total>
				<timestamp>4463.652171</timestamp>
			</report>
			<report>
				<misses>12077001</misses>
				<total>12</total>
				<timestamp>4464.021694</timestamp>
			</report>
			<report>
				<misses>12078001</misses>
				<total>12</total>
				<timestamp>4464.391307</timestamp>
			</report>
			<report>
				<misses>12079001</misses>
				<total>12</total>
				<timestamp>4464.760951</timestamp>
			</report>
			<report>
				<misses>12080001</misses>
				<total>12</total>
				<timestamp>4465.130618</timestamp>
			</report>
			<report>
				<misses>12081001</misses>
				<total>12</total>
				<timestamp>4465.500213</timestamp>
			</report>
			<report>
				<misses>12082001</misses>
				<total>12</total>
				<timestamp>4465.869823</timestamp>
			</report>
			<report>
				<misses>12083001</misses>
				<total>12</total>
				<timestamp>4466.239535</timestamp>
			</report>
			<report>
				<misses>12084001</misses>
				<total>12</total>
				<timestamp>4466.609080</timestamp>
			</report>
			<report>
				<misses>12085001</misses>
				<total>12</total>
				<timestamp>4466.978714</timestamp>
			</report>
			<report>
				<misses>12086001</misses>
				<total>12</total>
				<timestamp>4467.348360</timestamp>
			</report>
			<report>
				<misses>12087001</misses>
				<total>12</total>
				<timestamp>4467.718010</timestamp>
			</report>
			<report>
				<misses>12088001</misses>
				<total>12</total>
				<timestamp>4468.087612</timestamp>
			</report>
			<report>
				<misses>12089001</misses>
				<total>12</total>
				<timestamp>4468.457277</timestamp>
			</report>
			<report>
				<misses>12090001</misses>
				<total>12</total>
				<timestamp>4468.826917</timestamp>
			</report>
			<report>
				<misses>12091001</misses>
				<total>11</total>
				<timestamp>4469.196642</timestamp>
			</report>
			<report>
				<misses>12092001</misses>
				<total>12</total>
				<timestamp>4469.566132</timestamp>
			</report>
			<report>
				<misses>12093001</misses>
				<total>12</total>
				<timestamp>4469.935768</timestamp>
			</report>
			<report>
				<misses>12094001</misses>
				<total>12</total>
				<timestamp>4470.305465</timestamp>
			</report>
			<report>
				<misses>12095001</misses>
				<total>12</total>
				<timestamp>4470.675064</timestamp>
			</report>
			<report>
				<misses>12096001</misses>
				<total>12</total>
				<timestamp>4471.044652</timestamp>
			</report>
			<report>
				<misses>12097001</misses>
				<total>12</total>
				<timestamp>4471.414316</timestamp>
			</report>
			<report>
				<misses>12098001</misses>
				<total>12</total>
				<timestamp>4471.783951</timestamp>
			</report>
			<report>
				<misses>12099001</misses>
				<total>12</total>
				<timestamp>4472.153565</timestamp>
			</report>
			<report>
				<misses>12100001</misses>
				<total>12</total>
				<timestamp>4472.523222</timestamp>
			</report>
			<report>
				<misses>12101001</misses>
				<total>12</total>
				<timestamp>4472.892870</timestamp>
			</report>
			<report>
				<misses>12102001</misses>
				<total>12</total>
				<timestamp>4473.262421</timestamp>
			</report>
			<report>
				<misses>12103001</misses>
				<total>12</total>
				<timestamp>4473.632123</timestamp>
			</report>
			<report>
				<misses>12104001</misses>
				<total>11</total>
				<timestamp>4474.001800</timestamp>
			</report>
			<report>
				<misses>12105001</misses>
				<total>12</total>
				<timestamp>4474.371378</timestamp>
			</report>
			<report>
				<misses>12106001</misses>
				<total>12</total>
				<timestamp>4474.741017</timestamp>
			</report>
			<report>
				<misses>12107001</misses>
				<total>11</total>
				<timestamp>4475.110670</timestamp>
			</report>
			<report>
				<misses>12108001</misses>
				<total>12</total>
				<timestamp>4475.480264</timestamp>
			</report>
			<report>
				<misses>12109001</misses>
				<total>12</total>
				<timestamp>4475.849827</timestamp>
			</report>
			<report>
				<misses>12110001</misses>
				<total>12</total>
				<timestamp>4476.219466</timestamp>
			</report>
			<report>
				<misses>12111001</misses>
				<total>12</total>
				<timestamp>4476.589095</timestamp>
			</report>
			<report>
				<misses>12112001</misses>
				<total>11</total>
				<timestamp>4476.958825</timestamp>
			</report>
			<report>
				<misses>12113001</misses>
				<total>12</total>
				<timestamp>4477.328439</timestamp>
			</report>
			<report>
				<misses>12114001</misses>
				<total>11</total>
				<timestamp>4477.698145</timestamp>
			</report>
			<report>
				<misses>12115001</misses>
				<total>12</total>
				<timestamp>4478.067671</timestamp>
			</report>
			<report>
				<misses>12116001</misses>
				<total>12</total>
				<timestamp>4478.437359</timestamp>
			</report>
			<report>
				<misses>12117001</misses>
				<total>12</total>
				<timestamp>4478.806873</timestamp>
			</report>
			<report>
				<misses>12118001</misses>
				<total>12</total>
				<timestamp>4479.176513</timestamp>
			</report>
			<report>
				<misses>12119001</misses>
				<total>12</total>
				<timestamp>4479.546202</timestamp>
			</report>
			<report>
				<misses>12120001</misses>
				<total>12</total>
				<timestamp>4479.915786</timestamp>
			</report>
			<report>
				<misses>12121001</misses>
				<total>12</total>
				<timestamp>4480.285415</timestamp>
			</report>
			<report>
				<misses>12122001</misses>
				<total>12</total>
				<timestamp>4480.655099</timestamp>
			</report>
			<report>
				<misses>12123001</misses>
				<total>12</total>
				<timestamp>4481.024685</timestamp>
			</report>
			<report>
				<misses>12124001</misses>
				<total>12</total>
				<timestamp>4481.394335</timestamp>
			</report>
			<report>
				<misses>12125001</misses>
				<total>11</total>
				<timestamp>4481.764011</timestamp>
			</report>
			<report>
				<misses>12126001</misses>
				<total>11</total>
				<timestamp>4482.133638</timestamp>
			</report>
			<report>
				<misses>12127001</misses>
				<total>11</total>
				<timestamp>4482.503314</timestamp>
			</report>
			<report>
				<misses>12128001</misses>
				<total>12</total>
				<timestamp>4482.872855</timestamp>
			</report>
			<report>
				<misses>12129001</misses>
				<total>12</total>
				<timestamp>4483.242451</timestamp>
			</report>
			<report>
				<misses>12130001</misses>
				<total>12</total>
				<timestamp>4483.612127</timestamp>
			</report>
			<report>
				<misses>12131001</misses>
				<total>12</total>
				<timestamp>4483.981695</timestamp>
			</report>
			<report>
				<misses>12132001</misses>
				<total>12</total>
				<timestamp>4484.351365</timestamp>
			</report>
			<report>
				<misses>12133001</misses>
				<total>12</total>
				<timestamp>4484.721026</timestamp>
			</report>
			<report>
				<misses>12134001</misses>
				<total>12</total>
				<timestamp>4485.090648</timestamp>
			</report>
			<report>
				<misses>12135001</misses>
				<total>11</total>
				<timestamp>4485.460364</timestamp>
			</report>
			<report>
				<misses>12136001</misses>
				<total>11</total>
				<timestamp>4485.829939</timestamp>
			</report>
			<report>
				<misses>12137001</misses>
				<total>12</total>
				<timestamp>4486.199524</timestamp>
			</report>
			<report>
				<misses>12138001</misses>
				<total>12</total>
				<timestamp>4486.569098</timestamp>
			</report>
			<report>
				<misses>12139001</misses>
				<total>12</total>
				<timestamp>4486.938793</timestamp>
			</report>
			<report>
				<misses>12140001</misses>
				<total>12</total>
				<timestamp>4487.308433</timestamp>
			</report>
			<report>
				<misses>12141001</misses>
				<total>12</total>
				<timestamp>4487.678014</timestamp>
			</report>
			<report>
				<misses>12142001</misses>
				<total>12</total>
				<timestamp>4488.047676</timestamp>
			</report>
			<report>
				<misses>12143001</misses>
				<total>12</total>
				<timestamp>4488.417308</timestamp>
			</report>
			<report>
				<misses>12144001</misses>
				<total>12</total>
				<timestamp>4488.786883</timestamp>
			</report>
			<report>
				<misses>12145001</misses>
				<total>12</total>
				<timestamp>4489.156527</timestamp>
			</report>
			<report>
				<misses>12146001</misses>
				<total>12</total>
				<timestamp>4489.526174</timestamp>
			</report>
			<report>
				<misses>12147001</misses>
				<total>12</total>
				<timestamp>4489.895821</timestamp>
			</report>
			<report>
				<misses>12148001</misses>
				<total>12</total>
				<timestamp>4490.265444</timestamp>
			</report>
			<report>
				<misses>12149001</misses>
				<total>12</total>
				<timestamp>4490.635062</timestamp>
			</report>
			<report>
				<misses>12150001</misses>
				<total>12</total>
				<timestamp>4491.004727</timestamp>
			</report>
			<report>
				<misses>12151001</misses>
				<total>12</total>
				<timestamp>4491.374407</timestamp>
			</report>
			<report>
				<misses>12152001</misses>
				<total>12</total>
				<timestamp>4491.743977</timestamp>
			</report>
			<report>
				<misses>12153001</misses>
				<total>12</total>
				<timestamp>4492.113558</timestamp>
			</report>
			<report>
				<misses>12154001</misses>
				<total>12</total>
				<timestamp>4492.483315</timestamp>
			</report>
			<report>
				<misses>12155001</misses>
				<total>12</total>
				<timestamp>4492.852814</timestamp>
			</report>
			<report>
				<misses>12156001</misses>
				<total>12</total>
				<timestamp>4493.222469</timestamp>
			</report>
			<report>
				<misses>12157001</misses>
				<total>11</total>
				<timestamp>4493.592183</timestamp>
			</report>
			<report>
				<misses>12158001</misses>
				<total>12</total>
				<timestamp>4493.961783</timestamp>
			</report>
			<report>
				<misses>12159001</misses>
				<total>12</total>
				<timestamp>4494.331385</timestamp>
			</report>
			<report>
				<misses>12160001</misses>
				<total>12</total>
				<timestamp>4494.701017</timestamp>
			</report>
			<report>
				<misses>12161001</misses>
				<total>12</total>
				<timestamp>4495.070656</timestamp>
			</report>
			<report>
				<misses>12162001</misses>
				<total>12</total>
				<timestamp>4495.440267</timestamp>
			</report>
			<report>
				<misses>12163001</misses>
				<total>12</total>
				<timestamp>4495.809870</timestamp>
			</report>
			<report>
				<misses>12164001</misses>
				<total>12</total>
				<timestamp>4496.179551</timestamp>
			</report>
			<report>
				<misses>12165001</misses>
				<total>12</total>
				<timestamp>4496.549129</timestamp>
			</report>
			<report>
				<misses>12166001</misses>
				<total>12</total>
				<timestamp>4496.918750</timestamp>
			</report>
			<report>
				<misses>12167001</misses>
				<total>11</total>
				<timestamp>4497.288481</timestamp>
			</report>
			<report>
				<misses>12168001</misses>
				<total>12</total>
				<timestamp>4497.658079</timestamp>
			</report>
			<report>
				<misses>12169001</misses>
				<total>12</total>
				<timestamp>4498.027631</timestamp>
			</report>
			<report>
				<misses>12170001</misses>
				<total>12</total>
				<timestamp>4498.397323</timestamp>
			</report>
			<report>
				<misses>12171001</misses>
				<total>12</total>
				<timestamp>4498.766953</timestamp>
			</report>
			<report>
				<misses>12172001</misses>
				<total>12</total>
				<timestamp>4499.136527</timestamp>
			</report>
			<report>
				<misses>12173001</misses>
				<total>12</total>
				<timestamp>4499.506182</timestamp>
			</report>
			<report>
				<misses>12174001</misses>
				<total>12</total>
				<timestamp>4499.875821</timestamp>
			</report>
			<report>
				<misses>12175001</misses>
				<total>11</total>
				<timestamp>4500.245522</timestamp>
			</report>
			<report>
				<misses>12176001</misses>
				<total>12</total>
				<timestamp>4500.615150</timestamp>
			</report>
			<report>
				<misses>12177001</misses>
				<total>12</total>
				<timestamp>4500.984701</timestamp>
			</report>
			<report>
				<misses>12178001</misses>
				<total>12</total>
				<timestamp>4501.354366</timestamp>
			</report>
			<report>
				<misses>12179001</misses>
				<total>12</total>
				<timestamp>4501.723943</timestamp>
			</report>
			<report>
				<misses>12180001</misses>
				<total>12</total>
				<timestamp>4502.093566</timestamp>
			</report>
			<report>
				<misses>12181001</misses>
				<total>12</total>
				<timestamp>4502.463223</timestamp>
			</report>
			<report>
				<misses>12182001</misses>
				<total>12</total>
				<timestamp>4502.832845</timestamp>
			</report>
			<report>
				<misses>12183001</misses>
				<total>12</total>
				<timestamp>4503.202543</timestamp>
			</report>
			<report>
				<misses>12184001</misses>
				<total>12</total>
				<timestamp>4503.572122</timestamp>
			</report>
			<report>
				<misses>12185001</misses>
				<total>12</total>
				<timestamp>4503.941791</timestamp>
			</report>
			<report>
				<misses>12186001</misses>
				<total>12</total>
				<timestamp>4504.311399</timestamp>
			</report>
			<report>
				<misses>12187001</misses>
				<total>12</total>
				<timestamp>4504.681036</timestamp>
			</report>
			<report>
				<misses>12188001</misses>
				<total>12</total>
				<timestamp>4505.050637</timestamp>
			</report>
			<report>
				<misses>12189001</misses>
				<total>12</total>
				<timestamp>4505.420319</timestamp>
			</report>
			<report>
				<misses>12190001</misses>
				<total>12</total>
				<timestamp>4505.789872</timestamp>
			</report>
			<report>
				<misses>12191001</misses>
				<total>12</total>
				<timestamp>4506.159511</timestamp>
			</report>
			<report>
				<misses>12192001</misses>
				<total>12</total>
				<timestamp>4506.529198</timestamp>
			</report>
			<report>
				<misses>12193001</misses>
				<total>11</total>
				<timestamp>4506.898894</timestamp>
			</report>
			<report>
				<misses>12194001</misses>
				<total>12</total>
				<timestamp>4507.268396</timestamp>
			</report>
			<report>
				<misses>12195001</misses>
				<total>12</total>
				<timestamp>4507.638031</timestamp>
			</report>
			<report>
				<misses>12196001</misses>
				<total>12</total>
				<timestamp>4508.007676</timestamp>
			</report>
			<report>
				<misses>12197001</misses>
				<total>12</total>
				<timestamp>4508.377334</timestamp>
			</report>
			<report>
				<misses>12198001</misses>
				<total>12</total>
				<timestamp>4508.746924</timestamp>
			</report>
			<report>
				<misses>12199001</misses>
				<total>12</total>
				<timestamp>4509.116557</timestamp>
			</report>
			<report>
				<misses>12200001</misses>
				<total>12</total>
				<timestamp>4509.486189</timestamp>
			</report>
			<report>
				<misses>12201001</misses>
				<total>11</total>
				<timestamp>4509.855934</timestamp>
			</report>
			<report>
				<misses>12202001</misses>
				<total>12</total>
				<timestamp>4510.225464</timestamp>
			</report>
			<report>
				<misses>12203001</misses>
				<total>12</total>
				<timestamp>4510.595150</timestamp>
			</report>
			<report>
				<misses>12204001</misses>
				<total>12</total>
				<timestamp>4510.964712</timestamp>
			</report>
			<report>
				<misses>12205001</misses>
				<total>12</total>
				<timestamp>4511.334335</timestamp>
			</report>
			<report>
				<misses>12206001</misses>
				<total>12</total>
				<timestamp>4511.703960</timestamp>
			</report>
			<report>
				<misses>12207001</misses>
				<total>12</total>
				<timestamp>4512.073620</timestamp>
			</report>
			<report>
				<misses>12208001</misses>
				<total>12</total>
				<timestamp>4512.443314</timestamp>
			</report>
			<report>
				<misses>12209001</misses>
				<total>11</total>
				<timestamp>4512.812942</timestamp>
			</report>
			<report>
				<misses>12210001</misses>
				<total>12</total>
				<timestamp>4513.182495</timestamp>
			</report>
			<report>
				<misses>12211001</misses>
				<total>12</total>
				<timestamp>4513.552180</timestamp>
			</report>
			<report>
				<misses>12212001</misses>
				<total>12</total>
				<timestamp>4513.921730</timestamp>
			</report>
			<report>
				<misses>12213001</misses>
				<total>12</total>
				<timestamp>4514.291410</timestamp>
			</report>
			<report>
				<misses>12214001</misses>
				<total>12</total>
				<timestamp>4514.660999</timestamp>
			</report>
			<report>
				<misses>12215001</misses>
				<total>12</total>
				<timestamp>4515.030609</timestamp>
			</report>
			<report>
				<misses>12216001</misses>
				<total>12</total>
				<timestamp>4515.400256</timestamp>
			</report>
			<report>
				<misses>12217001</misses>
				<total>12</total>
				<timestamp>4515.769880</timestamp>
			</report>
			<report>
				<misses>12218001</misses>
				<total>12</total>
				<timestamp>4516.139540</timestamp>
			</report>
			<report>
				<misses>12219001</misses>
				<total>12</total>
				<timestamp>4516.509168</timestamp>
			</report>
			<report>
				<misses>12220001</misses>
				<total>12</total>
				<timestamp>4516.878759</timestamp>
			</report>
			<report>
				<misses>12221001</misses>
				<total>12</total>
				<timestamp>4517.248417</timestamp>
			</report>
			<report>
				<misses>12222001</misses>
				<total>12</total>
				<timestamp>4517.618132</timestamp>
			</report>
			<report>
				<misses>12223001</misses>
				<total>12</total>
				<timestamp>4517.987663</timestamp>
			</report>
			<report>
				<misses>12224001</misses>
				<total>12</total>
				<timestamp>4518.357321</timestamp>
			</report>
			<report>
				<misses>12225001</misses>
				<total>12</total>
				<timestamp>4518.726997</timestamp>
			</report>
			<report>
				<misses>12226001</misses>
				<total>12</total>
				<timestamp>4519.096546</timestamp>
			</report>
			<report>
				<misses>12227001</misses>
				<total>12</total>
				<timestamp>4519.466194</timestamp>
			</report>
			<report>
				<misses>12228001</misses>
				<total>12</total>
				<timestamp>4519.835818</timestamp>
			</report>
			<report>
				<misses>12229001</misses>
				<total>12</total>
				<timestamp>4520.205450</timestamp>
			</report>
			<report>
				<misses>12230001</misses>
				<total>12</total>
				<timestamp>4520.575093</timestamp>
			</report>
			<report>
				<misses>12231001</misses>
				<total>12</total>
				<timestamp>4520.944718</timestamp>
			</report>
			<report>
				<misses>12232001</misses>
				<total>12</total>
				<timestamp>4521.314353</timestamp>
			</report>
			<report>
				<misses>12233001</misses>
				<total>12</total>
				<timestamp>4521.683964</timestamp>
			</report>
			<report>
				<misses>12234001</misses>
				<total>12</total>
				<timestamp>4522.053593</timestamp>
			</report>
			<report>
				<misses>12235001</misses>
				<total>12</total>
				<timestamp>4522.423267</timestamp>
			</report>
			<report>
				<misses>12236001</misses>
				<total>12</total>
				<timestamp>4522.792857</timestamp>
			</report>
			<report>
				<misses>12237001</misses>
				<total>12</total>
				<timestamp>4523.162495</timestamp>
			</report>
			<report>
				<misses>12238001</misses>
				<total>12</total>
				<timestamp>4523.532157</timestamp>
			</report>
			<report>
				<misses>12239001</misses>
				<total>12</total>
				<timestamp>4523.901749</timestamp>
			</report>
			<report>
				<misses>12240001</misses>
				<total>12</total>
				<timestamp>4524.271400</timestamp>
			</report>
			<report>
				<misses>12241001</misses>
				<total>12</total>
				<timestamp>4524.641063</timestamp>
			</report>
			<report>
				<misses>12242001</misses>
				<total>12</total>
				<timestamp>4525.010696</timestamp>
			</report>
			<report>
				<misses>12243001</misses>
				<total>12</total>
				<timestamp>4525.380326</timestamp>
			</report>
			<report>
				<misses>12244001</misses>
				<total>12</total>
				<timestamp>4525.749933</timestamp>
			</report>
			<report>
				<misses>12245001</misses>
				<total>12</total>
				<timestamp>4526.119538</timestamp>
			</report>
			<report>
				<misses>12246001</misses>
				<total>12</total>
				<timestamp>4526.489191</timestamp>
			</report>
			<report>
				<misses>12247001</misses>
				<total>12</total>
				<timestamp>4526.858790</timestamp>
			</report>
			<report>
				<misses>12248001</misses>
				<total>12</total>
				<timestamp>4527.228400</timestamp>
			</report>
			<report>
				<misses>12249001</misses>
				<total>12</total>
				<timestamp>4527.598068</timestamp>
			</report>
			<report>
				<misses>12250001</misses>
				<total>12</total>
				<timestamp>4527.967737</timestamp>
			</report>
			<report>
				<misses>12251001</misses>
				<total>12</total>
				<timestamp>4528.337319</timestamp>
			</report>
			<report>
				<misses>12252001</misses>
				<total>11</total>
				<timestamp>4528.707074</timestamp>
			</report>
			<report>
				<misses>12253001</misses>
				<total>12</total>
				<timestamp>4529.076566</timestamp>
			</report>
			<report>
				<misses>12254001</misses>
				<total>12</total>
				<timestamp>4529.446222</timestamp>
			</report>
			<report>
				<misses>12255001</misses>
				<total>12</total>
				<timestamp>4529.815818</timestamp>
			</report>
			<report>
				<misses>12256001</misses>
				<total>11</total>
				<timestamp>4530.185545</timestamp>
			</report>
			<report>
				<misses>12257001</misses>
				<total>12</total>
				<timestamp>4530.555089</timestamp>
			</report>
			<report>
				<misses>12258001</misses>
				<total>12</total>
				<timestamp>4530.924709</timestamp>
			</report>
			<report>
				<misses>12259001</misses>
				<total>12</total>
				<timestamp>4531.294370</timestamp>
			</report>
			<report>
				<misses>12260001</misses>
				<total>12</total>
				<timestamp>4531.664048</timestamp>
			</report>
			<report>
				<misses>12261001</misses>
				<total>12</total>
				<timestamp>4532.033640</timestamp>
			</report>
			<report>
				<misses>12262001</misses>
				<total>12</total>
				<timestamp>4532.403226</timestamp>
			</report>
			<report>
				<misses>12263001</misses>
				<total>12</total>
				<timestamp>4532.772926</timestamp>
			</report>
			<report>
				<misses>12264001</misses>
				<total>12</total>
				<timestamp>4533.142525</timestamp>
			</report>
			<report>
				<misses>12265001</misses>
				<total>12</total>
				<timestamp>4533.512173</timestamp>
			</report>
			<report>
				<misses>12266001</misses>
				<total>12</total>
				<timestamp>4533.881790</timestamp>
			</report>
			<report>
				<misses>12267001</misses>
				<total>12</total>
				<timestamp>4534.251395</timestamp>
			</report>
			<report>
				<misses>12268001</misses>
				<total>12</total>
				<timestamp>4534.621018</timestamp>
			</report>
			<report>
				<misses>12269001</misses>
				<total>11</total>
				<timestamp>4534.990766</timestamp>
			</report>
			<report>
				<misses>12270001</misses>
				<total>11</total>
				<timestamp>4535.360376</timestamp>
			</report>
			<report>
				<misses>12271001</misses>
				<total>12</total>
				<timestamp>4535.729918</timestamp>
			</report>
			<report>
				<misses>12272001</misses>
				<total>12</total>
				<timestamp>4536.099528</timestamp>
			</report>
			<report>
				<misses>12273001</misses>
				<total>12</total>
				<timestamp>4536.469223</timestamp>
			</report>
			<report>
				<misses>12274001</misses>
				<total>11</total>
				<timestamp>4536.838900</timestamp>
			</report>
			<report>
				<misses>12275001</misses>
				<total>12</total>
				<timestamp>4537.208441</timestamp>
			</report>
			<report>
				<misses>12276001</misses>
				<total>12</total>
				<timestamp>4537.578106</timestamp>
			</report>
			<report>
				<misses>12277001</misses>
				<total>12</total>
				<timestamp>4537.947712</timestamp>
			</report>
			<report>
				<misses>12278001</misses>
				<total>12</total>
				<timestamp>4538.317342</timestamp>
			</report>
			<report>
				<misses>12279001</misses>
				<total>12</total>
				<timestamp>4538.686982</timestamp>
			</report>
			<report>
				<misses>12280001</misses>
				<total>12</total>
				<timestamp>4539.056610</timestamp>
			</report>
			<report>
				<misses>12281001</misses>
				<total>12</total>
				<timestamp>4539.426195</timestamp>
			</report>
			<report>
				<misses>12282001</misses>
				<total>12</total>
				<timestamp>4539.795829</timestamp>
			</report>
			<report>
				<misses>12283001</misses>
				<total>12</total>
				<timestamp>4540.165494</timestamp>
			</report>
			<report>
				<misses>12284001</misses>
				<total>12</total>
				<timestamp>4540.535148</timestamp>
			</report>
			<report>
				<misses>12285001</misses>
				<total>12</total>
				<timestamp>4540.904722</timestamp>
			</report>
			<report>
				<misses>12286001</misses>
				<total>12</total>
				<timestamp>4541.274341</timestamp>
			</report>
			<report>
				<misses>12287001</misses>
				<total>12</total>
				<timestamp>4541.644015</timestamp>
			</report>
			<report>
				<misses>12288001</misses>
				<total>12</total>
				<timestamp>4542.013636</timestamp>
			</report>
			<report>
				<misses>12289001</misses>
				<total>12</total>
				<timestamp>4542.383225</timestamp>
			</report>
			<report>
				<misses>12290001</misses>
				<total>12</total>
				<timestamp>4542.752925</timestamp>
			</report>
			<report>
				<misses>12291001</misses>
				<total>11</total>
				<timestamp>4543.122597</timestamp>
			</report>
			<report>
				<misses>12292001</misses>
				<total>12</total>
				<timestamp>4543.492218</timestamp>
			</report>
			<report>
				<misses>12293001</misses>
				<total>12</total>
				<timestamp>4543.861776</timestamp>
			</report>
			<report>
				<misses>12294001</misses>
				<total>12</total>
				<timestamp>4544.231457</timestamp>
			</report>
			<report>
				<misses>12295001</misses>
				<total>12</total>
				<timestamp>4544.601105</timestamp>
			</report>
			<report>
				<misses>12296001</misses>
				<total>12</total>
				<timestamp>4544.970701</timestamp>
			</report>
			<report>
				<misses>12297001</misses>
				<total>12</total>
				<timestamp>4545.340266</timestamp>
			</report>
			<report>
				<misses>12298001</misses>
				<total>12</total>
				<timestamp>4545.709958</timestamp>
			</report>
			<report>
				<misses>12299001</misses>
				<total>12</total>
				<timestamp>4546.079553</timestamp>
			</report>
			<report>
				<misses>12300001</misses>
				<total>12</total>
				<timestamp>4546.449180</timestamp>
			</report>
			<report>
				<misses>12301001</misses>
				<total>12</total>
				<timestamp>4546.818823</timestamp>
			</report>
			<report>
				<misses>12302001</misses>
				<total>12</total>
				<timestamp>4547.188417</timestamp>
			</report>
			<report>
				<misses>12303001</misses>
				<total>12</total>
				<timestamp>4547.558066</timestamp>
			</report>
			<report>
				<misses>12304001</misses>
				<total>12</total>
				<timestamp>4547.927694</timestamp>
			</report>
			<report>
				<misses>12305001</misses>
				<total>12</total>
				<timestamp>4548.297325</timestamp>
			</report>
			<report>
				<misses>12306001</misses>
				<total>12</total>
				<timestamp>4548.666957</timestamp>
			</report>
			<report>
				<misses>12307001</misses>
				<total>12</total>
				<timestamp>4549.036576</timestamp>
			</report>
			<report>
				<misses>12308001</misses>
				<total>12</total>
				<timestamp>4549.406243</timestamp>
			</report>
			<report>
				<misses>12309001</misses>
				<total>12</total>
				<timestamp>4549.775904</timestamp>
			</report>
			<report>
				<misses>12310001</misses>
				<total>12</total>
				<timestamp>4550.145459</timestamp>
			</report>
			<report>
				<misses>12311001</misses>
				<total>11</total>
				<timestamp>4550.515206</timestamp>
			</report>
			<report>
				<misses>12312001</misses>
				<total>12</total>
				<timestamp>4550.884763</timestamp>
			</report>
			<report>
				<misses>12313001</misses>
				<total>12</total>
				<timestamp>4551.254350</timestamp>
			</report>
			<report>
				<misses>12314001</misses>
				<total>12</total>
				<timestamp>4551.624040</timestamp>
			</report>
			<report>
				<misses>12315001</misses>
				<total>12</total>
				<timestamp>4551.993681</timestamp>
			</report>
			<report>
				<misses>12316001</misses>
				<total>12</total>
				<timestamp>4552.363241</timestamp>
			</report>
			<report>
				<misses>12317001</misses>
				<total>12</total>
				<timestamp>4552.732938</timestamp>
			</report>
			<report>
				<misses>12318001</misses>
				<total>12</total>
				<timestamp>4553.102500</timestamp>
			</report>
			<report>
				<misses>12319001</misses>
				<total>12</total>
				<timestamp>4553.472126</timestamp>
			</report>
			<report>
				<misses>12320001</misses>
				<total>12</total>
				<timestamp>4553.841788</timestamp>
			</report>
			<report>
				<misses>12321001</misses>
				<total>12</total>
				<timestamp>4554.211437</timestamp>
			</report>
			<report>
				<misses>12322001</misses>
				<total>12</total>
				<timestamp>4554.581035</timestamp>
			</report>
			<report>
				<misses>12323001</misses>
				<total>12</total>
				<timestamp>4554.950679</timestamp>
			</report>
			<report>
				<misses>12324001</misses>
				<total>11</total>
				<timestamp>4555.320374</timestamp>
			</report>
			<report>
				<misses>12325001</misses>
				<total>11</total>
				<timestamp>4555.690013</timestamp>
			</report>
			<report>
				<misses>12326001</misses>
				<total>12</total>
				<timestamp>4556.059632</timestamp>
			</report>
			<report>
				<misses>12327001</misses>
				<total>12</total>
				<timestamp>4556.429212</timestamp>
			</report>
			<report>
				<misses>12328001</misses>
				<total>12</total>
				<timestamp>4556.798878</timestamp>
			</report>
			<report>
				<misses>12329001</misses>
				<total>12</total>
				<timestamp>4557.168432</timestamp>
			</report>
			<report>
				<misses>12330001</misses>
				<total>12</total>
				<timestamp>4557.538086</timestamp>
			</report>
			<report>
				<misses>12331001</misses>
				<total>12</total>
				<timestamp>4557.907718</timestamp>
			</report>
			<report>
				<misses>12332001</misses>
				<total>12</total>
				<timestamp>4558.277373</timestamp>
			</report>
			<report>
				<misses>12333001</misses>
				<total>12</total>
				<timestamp>4558.647030</timestamp>
			</report>
			<report>
				<misses>12334001</misses>
				<total>12</total>
				<timestamp>4559.016624</timestamp>
			</report>
			<report>
				<misses>12335001</misses>
				<total>12</total>
				<timestamp>4559.386210</timestamp>
			</report>
			<report>
				<misses>12336001</misses>
				<total>11</total>
				<timestamp>4559.755993</timestamp>
			</report>
			<report>
				<misses>12337001</misses>
				<total>12</total>
				<timestamp>4560.125503</timestamp>
			</report>
			<report>
				<misses>12338001</misses>
				<total>12</total>
				<timestamp>4560.495122</timestamp>
			</report>
			<report>
				<misses>12339001</misses>
				<total>12</total>
				<timestamp>4560.864757</timestamp>
			</report>
			<report>
				<misses>12340001</misses>
				<total>12</total>
				<timestamp>4561.234389</timestamp>
			</report>
			<report>
				<misses>12341001</misses>
				<total>12</total>
				<timestamp>4561.604106</timestamp>
			</report>
			<report>
				<misses>12342001</misses>
				<total>12</total>
				<timestamp>4561.973619</timestamp>
			</report>
			<report>
				<misses>12343001</misses>
				<total>12</total>
				<timestamp>4562.343295</timestamp>
			</report>
			<report>
				<misses>12344001</misses>
				<total>12</total>
				<timestamp>4562.712919</timestamp>
			</report>
			<report>
				<misses>12345001</misses>
				<total>12</total>
				<timestamp>4563.082571</timestamp>
			</report>
			<report>
				<misses>12346001</misses>
				<total>12</total>
				<timestamp>4563.452146</timestamp>
			</report>
			<report>
				<misses>12347001</misses>
				<total>12</total>
				<timestamp>4563.821835</timestamp>
			</report>
			<report>
				<misses>12348001</misses>
				<total>12</total>
				<timestamp>4564.191414</timestamp>
			</report>
			<report>
				<misses>12349001</misses>
				<total>12</total>
				<timestamp>4564.561088</timestamp>
			</report>
			<report>
				<misses>12350001</misses>
				<total>12</total>
				<timestamp>4564.930658</timestamp>
			</report>
			<report>
				<misses>12351001</misses>
				<total>12</total>
				<timestamp>4565.300369</timestamp>
			</report>
			<report>
				<misses>12352001</misses>
				<total>12</total>
				<timestamp>4565.669988</timestamp>
			</report>
			<report>
				<misses>12353001</misses>
				<total>12</total>
				<timestamp>4566.039631</timestamp>
			</report>
			<report>
				<misses>12354001</misses>
				<total>12</total>
				<timestamp>4566.409176</timestamp>
			</report>
			<report>
				<misses>12355001</misses>
				<total>11</total>
				<timestamp>4566.778961</timestamp>
			</report>
			<report>
				<misses>12356001</misses>
				<total>12</total>
				<timestamp>4567.148457</timestamp>
			</report>
			<report>
				<misses>12357001</misses>
				<total>12</total>
				<timestamp>4567.518173</timestamp>
			</report>
			<report>
				<misses>12358001</misses>
				<total>11</total>
				<timestamp>4567.887804</timestamp>
			</report>
			<report>
				<misses>12359001</misses>
				<total>12</total>
				<timestamp>4568.257340</timestamp>
			</report>
			<report>
				<misses>12360001</misses>
				<total>12</total>
				<timestamp>4568.627029</timestamp>
			</report>
			<report>
				<misses>12361001</misses>
				<total>12</total>
				<timestamp>4568.996604</timestamp>
			</report>
			<report>
				<misses>12362001</misses>
				<total>12</total>
				<timestamp>4569.366226</timestamp>
			</report>
			<report>
				<misses>12363001</misses>
				<total>12</total>
				<timestamp>4569.735938</timestamp>
			</report>
			<report>
				<misses>12364001</misses>
				<total>12</total>
				<timestamp>4570.105521</timestamp>
			</report>
			<report>
				<misses>12365001</misses>
				<total>12</total>
				<timestamp>4570.475156</timestamp>
			</report>
			<report>
				<misses>12366001</misses>
				<total>12</total>
				<timestamp>4570.844769</timestamp>
			</report>
			<report>
				<misses>12367001</misses>
				<total>12</total>
				<timestamp>4571.214417</timestamp>
			</report>
			<report>
				<misses>12368001</misses>
				<total>12</total>
				<timestamp>4571.584014</timestamp>
			</report>
			<report>
				<misses>12369001</misses>
				<total>12</total>
				<timestamp>4571.953626</timestamp>
			</report>
			<report>
				<misses>12370001</misses>
				<total>12</total>
				<timestamp>4572.323265</timestamp>
			</report>
			<report>
				<misses>12371001</misses>
				<total>12</total>
				<timestamp>4572.692971</timestamp>
			</report>
			<report>
				<misses>12372001</misses>
				<total>12</total>
				<timestamp>4573.062550</timestamp>
			</report>
			<report>
				<misses>12373001</misses>
				<total>12</total>
				<timestamp>4573.432160</timestamp>
			</report>
			<report>
				<misses>12374001</misses>
				<total>12</total>
				<timestamp>4573.801855</timestamp>
			</report>
			<report>
				<misses>12375001</misses>
				<total>12</total>
				<timestamp>4574.171402</timestamp>
			</report>
			<report>
				<misses>12376001</misses>
				<total>11</total>
				<timestamp>4574.541151</timestamp>
			</report>
			<report>
				<misses>12377001</misses>
				<total>12</total>
				<timestamp>4574.910746</timestamp>
			</report>
			<report>
				<misses>12378001</misses>
				<total>12</total>
				<timestamp>4575.280336</timestamp>
			</report>
			<report>
				<misses>12379001</misses>
				<total>12</total>
				<timestamp>4575.650024</timestamp>
			</report>
			<report>
				<misses>12380001</misses>
				<total>12</total>
				<timestamp>4576.019602</timestamp>
			</report>
			<report>
				<misses>12381001</misses>
				<total>12</total>
				<timestamp>4576.389199</timestamp>
			</report>
			<report>
				<misses>12382001</misses>
				<total>12</total>
				<timestamp>4576.758866</timestamp>
			</report>
			<report>
				<misses>12383001</misses>
				<total>12</total>
				<timestamp>4577.128478</timestamp>
			</report>
			<report>
				<misses>12384001</misses>
				<total>12</total>
				<timestamp>4577.498147</timestamp>
			</report>
			<report>
				<misses>12385001</misses>
				<total>12</total>
				<timestamp>4577.867824</timestamp>
			</report>
			<report>
				<misses>12386001</misses>
				<total>12</total>
				<timestamp>4578.237355</timestamp>
			</report>
			<report>
				<misses>12387001</misses>
				<total>12</total>
				<timestamp>4578.607014</timestamp>
			</report>
			<report>
				<misses>12388001</misses>
				<total>12</total>
				<timestamp>4578.976617</timestamp>
			</report>
			<report>
				<misses>12389001</misses>
				<total>12</total>
				<timestamp>4579.346237</timestamp>
			</report>
			<report>
				<misses>12390001</misses>
				<total>12</total>
				<timestamp>4579.715947</timestamp>
			</report>
			<report>
				<misses>12391001</misses>
				<total>12</total>
				<timestamp>4580.085550</timestamp>
			</report>
			<report>
				<misses>12392001</misses>
				<total>12</total>
				<timestamp>4580.455149</timestamp>
			</report>
			<report>
				<misses>12393001</misses>
				<total>12</total>
				<timestamp>4580.824781</timestamp>
			</report>
			<report>
				<misses>12394001</misses>
				<total>12</total>
				<timestamp>4581.194393</timestamp>
			</report>
			<report>
				<misses>12395001</misses>
				<total>12</total>
				<timestamp>4581.564053</timestamp>
			</report>
			<report>
				<misses>12396001</misses>
				<total>12</total>
				<timestamp>4581.933711</timestamp>
			</report>
			<report>
				<misses>12397001</misses>
				<total>12</total>
				<timestamp>4582.303338</timestamp>
			</report>
			<report>
				<misses>12398001</misses>
				<total>12</total>
				<timestamp>4582.672913</timestamp>
			</report>
			<report>
				<misses>12399001</misses>
				<total>12</total>
				<timestamp>4583.042598</timestamp>
			</report>
			<report>
				<misses>12400001</misses>
				<total>12</total>
				<timestamp>4583.412175</timestamp>
			</report>
			<report>
				<misses>12401001</misses>
				<total>12</total>
				<timestamp>4583.781819</timestamp>
			</report>
			<report>
				<misses>12402001</misses>
				<total>12</total>
				<timestamp>4584.151449</timestamp>
			</report>
			<report>
				<misses>12403001</misses>
				<total>12</total>
				<timestamp>4584.521071</timestamp>
			</report>
			<report>
				<misses>12404001</misses>
				<total>12</total>
				<timestamp>4584.890783</timestamp>
			</report>
			<report>
				<misses>12405001</misses>
				<total>12</total>
				<timestamp>4585.260349</timestamp>
			</report>
			<report>
				<misses>12406001</misses>
				<total>12</total>
				<timestamp>4585.629983</timestamp>
			</report>
			<report>
				<misses>12407001</misses>
				<total>12</total>
				<timestamp>4585.999633</timestamp>
			</report>
			<report>
				<misses>12408001</misses>
				<total>12</total>
				<timestamp>4586.369202</timestamp>
			</report>
			<report>
				<misses>12409001</misses>
				<total>12</total>
				<timestamp>4586.738836</timestamp>
			</report>
			<report>
				<misses>12410001</misses>
				<total>12</total>
				<timestamp>4587.108541</timestamp>
			</report>
			<report>
				<misses>12411001</misses>
				<total>12</total>
				<timestamp>4587.478099</timestamp>
			</report>
			<report>
				<misses>12412001</misses>
				<total>12</total>
				<timestamp>4587.847742</timestamp>
			</report>
			<report>
				<misses>12413001</misses>
				<total>12</total>
				<timestamp>4588.217429</timestamp>
			</report>
			<report>
				<misses>12414001</misses>
				<total>12</total>
				<timestamp>4588.587036</timestamp>
			</report>
			<report>
				<misses>12415001</misses>
				<total>12</total>
				<timestamp>4588.956677</timestamp>
			</report>
			<report>
				<misses>12416001</misses>
				<total>12</total>
				<timestamp>4589.326246</timestamp>
			</report>
			<report>
				<misses>12417001</misses>
				<total>12</total>
				<timestamp>4589.695890</timestamp>
			</report>
			<report>
				<misses>12418001</misses>
				<total>12</total>
				<timestamp>4590.065543</timestamp>
			</report>
			<report>
				<misses>12419001</misses>
				<total>12</total>
				<timestamp>4590.435187</timestamp>
			</report>
			<report>
				<misses>12420001</misses>
				<total>12</total>
				<timestamp>4590.804825</timestamp>
			</report>
			<report>
				<misses>12421001</misses>
				<total>12</total>
				<timestamp>4591.174423</timestamp>
			</report>
			<report>
				<misses>12422001</misses>
				<total>11</total>
				<timestamp>4591.544161</timestamp>
			</report>
			<report>
				<misses>12423001</misses>
				<total>12</total>
				<timestamp>4591.913741</timestamp>
			</report>
			<report>
				<misses>12424001</misses>
				<total>12</total>
				<timestamp>4592.283326</timestamp>
			</report>
			<report>
				<misses>12425001</misses>
				<total>12</total>
				<timestamp>4592.652913</timestamp>
			</report>
			<report>
				<misses>12426001</misses>
				<total>12</total>
				<timestamp>4593.022636</timestamp>
			</report>
			<report>
				<misses>12427001</misses>
				<total>12</total>
				<timestamp>4593.392245</timestamp>
			</report>
			<report>
				<misses>12428001</misses>
				<total>12</total>
				<timestamp>4593.761875</timestamp>
			</report>
			<report>
				<misses>12429001</misses>
				<total>12</total>
				<timestamp>4594.131435</timestamp>
			</report>
			<report>
				<misses>12430001</misses>
				<total>12</total>
				<timestamp>4594.501073</timestamp>
			</report>
			<report>
				<misses>12431001</misses>
				<total>12</total>
				<timestamp>4594.870731</timestamp>
			</report>
			<report>
				<misses>12432001</misses>
				<total>12</total>
				<timestamp>4595.240317</timestamp>
			</report>
			<report>
				<misses>12433001</misses>
				<total>12</total>
				<timestamp>4595.609946</timestamp>
			</report>
			<report>
				<misses>12434001</misses>
				<total>12</total>
				<timestamp>4595.979647</timestamp>
			</report>
			<report>
				<misses>12435001</misses>
				<total>12</total>
				<timestamp>4596.349237</timestamp>
			</report>
			<report>
				<misses>12436001</misses>
				<total>12</total>
				<timestamp>4596.718838</timestamp>
			</report>
			<report>
				<misses>12437001</misses>
				<total>12</total>
				<timestamp>4597.088505</timestamp>
			</report>
			<report>
				<misses>12438001</misses>
				<total>12</total>
				<timestamp>4597.458172</timestamp>
			</report>
			<report>
				<misses>12439001</misses>
				<total>12</total>
				<timestamp>4597.827774</timestamp>
			</report>
			<report>
				<misses>12440001</misses>
				<total>12</total>
				<timestamp>4598.197420</timestamp>
			</report>
			<report>
				<misses>12441001</misses>
				<total>12</total>
				<timestamp>4598.567079</timestamp>
			</report>
			<report>
				<misses>12442001</misses>
				<total>12</total>
				<timestamp>4598.936661</timestamp>
			</report>
			<report>
				<misses>12443001</misses>
				<total>12</total>
				<timestamp>4599.306263</timestamp>
			</report>
			<report>
				<misses>12444001</misses>
				<total>12</total>
				<timestamp>4599.675904</timestamp>
			</report>
			<report>
				<misses>12445001</misses>
				<total>12</total>
				<timestamp>4600.045614</timestamp>
			</report>
			<report>
				<misses>12446001</misses>
				<total>12</total>
				<timestamp>4600.415204</timestamp>
			</report>
			<report>
				<misses>12447001</misses>
				<total>12</total>
				<timestamp>4600.784786</timestamp>
			</report>
			<report>
				<misses>12448001</misses>
				<total>12</total>
				<timestamp>4601.154420</timestamp>
			</report>
			<report>
				<misses>12449001</misses>
				<total>12</total>
				<timestamp>4601.524068</timestamp>
			</report>
			<report>
				<misses>12450001</misses>
				<total>12</total>
				<timestamp>4601.893695</timestamp>
			</report>
			<report>
				<misses>12451001</misses>
				<total>12</total>
				<timestamp>4602.263383</timestamp>
			</report>
			<report>
				<misses>12452001</misses>
				<total>11</total>
				<timestamp>4602.633022</timestamp>
			</report>
			<report>
				<misses>12453001</misses>
				<total>12</total>
				<timestamp>4603.002578</timestamp>
			</report>
			<report>
				<misses>12454001</misses>
				<total>12</total>
				<timestamp>4603.372188</timestamp>
			</report>
			<report>
				<misses>12455001</misses>
				<total>11</total>
				<timestamp>4603.741954</timestamp>
			</report>
			<report>
				<misses>12456001</misses>
				<total>11</total>
				<timestamp>4604.111554</timestamp>
			</report>
			<report>
				<misses>12457001</misses>
				<total>12</total>
				<timestamp>4604.481118</timestamp>
			</report>
			<report>
				<misses>12458001</misses>
				<total>12</total>
				<timestamp>4604.850754</timestamp>
			</report>
			<report>
				<misses>12459001</misses>
				<total>12</total>
				<timestamp>4605.220408</timestamp>
			</report>
			<report>
				<misses>12460001</misses>
				<total>12</total>
				<timestamp>4605.590034</timestamp>
			</report>
			<report>
				<misses>12461001</misses>
				<total>12</total>
				<timestamp>4605.959592</timestamp>
			</report>
			<report>
				<misses>12462001</misses>
				<total>12</total>
				<timestamp>4606.329217</timestamp>
			</report>
			<report>
				<misses>12463001</misses>
				<total>12</total>
				<timestamp>4606.698855</timestamp>
			</report>
			<report>
				<misses>12464001</misses>
				<total>12</total>
				<timestamp>4607.068523</timestamp>
			</report>
			<report>
				<misses>12465001</misses>
				<total>12</total>
				<timestamp>4607.438136</timestamp>
			</report>
			<report>
				<misses>12466001</misses>
				<total>12</total>
				<timestamp>4607.807745</timestamp>
			</report>
			<report>
				<misses>12467001</misses>
				<total>12</total>
				<timestamp>4608.177409</timestamp>
			</report>
			<report>
				<misses>12468001</misses>
				<total>12</total>
				<timestamp>4608.547042</timestamp>
			</report>
			<report>
				<misses>12469001</misses>
				<total>12</total>
				<timestamp>4608.916645</timestamp>
			</report>
			<report>
				<misses>12470001</misses>
				<total>12</total>
				<timestamp>4609.286268</timestamp>
			</report>
			<report>
				<misses>12471001</misses>
				<total>12</total>
				<timestamp>4609.655917</timestamp>
			</report>
			<report>
				<misses>12472001</misses>
				<total>12</total>
				<timestamp>4610.025562</timestamp>
			</report>
			<report>
				<misses>12473001</misses>
				<total>12</total>
				<timestamp>4610.395181</timestamp>
			</report>
			<report>
				<misses>12474001</misses>
				<total>11</total>
				<timestamp>4610.764914</timestamp>
			</report>
			<report>
				<misses>12475001</misses>
				<total>12</total>
				<timestamp>4611.134522</timestamp>
			</report>
			<report>
				<misses>12476001</misses>
				<total>12</total>
				<timestamp>4611.504101</timestamp>
			</report>
			<report>
				<misses>12477001</misses>
				<total>11</total>
				<timestamp>4611.873804</timestamp>
			</report>
			<report>
				<misses>12478001</misses>
				<total>12</total>
				<timestamp>4612.243361</timestamp>
			</report>
			<report>
				<misses>12479001</misses>
				<total>12</total>
				<timestamp>4612.612951</timestamp>
			</report>
			<report>
				<misses>12480001</misses>
				<total>12</total>
				<timestamp>4612.982581</timestamp>
			</report>
			<report>
				<misses>12481001</misses>
				<total>12</total>
				<timestamp>4613.352223</timestamp>
			</report>
			<report>
				<misses>12482001</misses>
				<total>12</total>
				<timestamp>4613.721857</timestamp>
			</report>
			<report>
				<misses>12483001</misses>
				<total>12</total>
				<timestamp>4614.091496</timestamp>
			</report>
			<report>
				<misses>12484001</misses>
				<total>12</total>
				<timestamp>4614.461115</timestamp>
			</report>
			<report>
				<misses>12485001</misses>
				<total>12</total>
				<timestamp>4614.830727</timestamp>
			</report>
			<report>
				<misses>12486001</misses>
				<total>12</total>
				<timestamp>4615.200380</timestamp>
			</report>
			<report>
				<misses>12487001</misses>
				<total>12</total>
				<timestamp>4615.569972</timestamp>
			</report>
			<report>
				<misses>12488001</misses>
				<total>12</total>
				<timestamp>4615.939664</timestamp>
			</report>
			<report>
				<misses>12489001</misses>
				<total>12</total>
				<timestamp>4616.309235</timestamp>
			</report>
			<report>
				<misses>12490001</misses>
				<total>12</total>
				<timestamp>4616.678922</timestamp>
			</report>
			<report>
				<misses>12491001</misses>
				<total>12</total>
				<timestamp>4617.048491</timestamp>
			</report>
			<report>
				<misses>12492001</misses>
				<total>12</total>
				<timestamp>4617.418124</timestamp>
			</report>
			<report>
				<misses>12493001</misses>
				<total>11</total>
				<timestamp>4617.787856</timestamp>
			</report>
			<report>
				<misses>12494001</misses>
				<total>12</total>
				<timestamp>4618.157441</timestamp>
			</report>
			<report>
				<misses>12495001</misses>
				<total>12</total>
				<timestamp>4618.527043</timestamp>
			</report>
			<report>
				<misses>12496001</misses>
				<total>12</total>
				<timestamp>4618.896706</timestamp>
			</report>
			<report>
				<misses>12497001</misses>
				<total>11</total>
				<timestamp>4619.266403</timestamp>
			</report>
			<report>
				<misses>12498001</misses>
				<total>12</total>
				<timestamp>4619.635925</timestamp>
			</report>
			<report>
				<misses>12499001</misses>
				<total>12</total>
				<timestamp>4620.005577</timestamp>
			</report>
			<report>
				<misses>12500001</misses>
				<total>12</total>
				<timestamp>4620.375186</timestamp>
			</report>
			<report>
				<misses>12501001</misses>
				<total>12</total>
				<timestamp>4620.744807</timestamp>
			</report>
			<report>
				<misses>12502001</misses>
				<total>12</total>
				<timestamp>4621.114468</timestamp>
			</report>
			<report>
				<misses>12503001</misses>
				<total>12</total>
				<timestamp>4621.484053</timestamp>
			</report>
			<report>
				<misses>12504001</misses>
				<total>12</total>
				<timestamp>4621.853709</timestamp>
			</report>
			<report>
				<misses>12505001</misses>
				<total>12</total>
				<timestamp>4622.223352</timestamp>
			</report>
			<report>
				<misses>12506001</misses>
				<total>12</total>
				<timestamp>4622.592968</timestamp>
			</report>
			<report>
				<misses>12507001</misses>
				<total>12</total>
				<timestamp>4622.962638</timestamp>
			</report>
			<report>
				<misses>12508001</misses>
				<total>12</total>
				<timestamp>4623.332214</timestamp>
			</report>
			<report>
				<misses>12509001</misses>
				<total>12</total>
				<timestamp>4623.701858</timestamp>
			</report>
			<report>
				<misses>12510001</misses>
				<total>12</total>
				<timestamp>4624.071496</timestamp>
			</report>
			<report>
				<misses>12511001</misses>
				<total>12</total>
				<timestamp>4624.441105</timestamp>
			</report>
			<report>
				<misses>12512001</misses>
				<total>12</total>
				<timestamp>4624.810814</timestamp>
			</report>
			<report>
				<misses>12513001</misses>
				<total>12</total>
				<timestamp>4625.180417</timestamp>
			</report>
			<report>
				<misses>12514001</misses>
				<total>12</total>
				<timestamp>4625.550033</timestamp>
			</report>
			<report>
				<misses>12515001</misses>
				<total>12</total>
				<timestamp>4625.919663</timestamp>
			</report>
			<report>
				<misses>12516001</misses>
				<total>12</total>
				<timestamp>4626.289280</timestamp>
			</report>
			<report>
				<misses>12517001</misses>
				<total>12</total>
				<timestamp>4626.658889</timestamp>
			</report>
			<report>
				<misses>12518001</misses>
				<total>12</total>
				<timestamp>4627.028598</timestamp>
			</report>
			<report>
				<misses>12519001</misses>
				<total>12</total>
				<timestamp>4627.398159</timestamp>
			</report>
			<report>
				<misses>12520001</misses>
				<total>12</total>
				<timestamp>4627.767797</timestamp>
			</report>
			<report>
				<misses>12521001</misses>
				<total>12</total>
				<timestamp>4628.137447</timestamp>
			</report>
			<report>
				<misses>12522001</misses>
				<total>12</total>
				<timestamp>4628.507094</timestamp>
			</report>
			<report>
				<misses>12523001</misses>
				<total>12</total>
				<timestamp>4628.876672</timestamp>
			</report>
			<report>
				<misses>12524001</misses>
				<total>12</total>
				<timestamp>4629.246289</timestamp>
			</report>
			<report>
				<misses>12525001</misses>
				<total>12</total>
				<timestamp>4629.615918</timestamp>
			</report>
			<report>
				<misses>12526001</misses>
				<total>12</total>
				<timestamp>4629.985563</timestamp>
			</report>
			<report>
				<misses>12527001</misses>
				<total>12</total>
				<timestamp>4630.355178</timestamp>
			</report>
			<report>
				<misses>12528001</misses>
				<total>12</total>
				<timestamp>4630.724800</timestamp>
			</report>
			<report>
				<misses>12529001</misses>
				<total>12</total>
				<timestamp>4631.094449</timestamp>
			</report>
			<report>
				<misses>12530001</misses>
				<total>12</total>
				<timestamp>4631.464131</timestamp>
			</report>
			<report>
				<misses>12531001</misses>
				<total>12</total>
				<timestamp>4631.833792</timestamp>
			</report>
			<report>
				<misses>12532001</misses>
				<total>12</total>
				<timestamp>4632.203362</timestamp>
			</report>
			<report>
				<misses>12533001</misses>
				<total>12</total>
				<timestamp>4632.572993</timestamp>
			</report>
			<report>
				<misses>12534001</misses>
				<total>12</total>
				<timestamp>4632.942636</timestamp>
			</report>
			<report>
				<misses>12535001</misses>
				<total>12</total>
				<timestamp>4633.312296</timestamp>
			</report>
			<report>
				<misses>12536001</misses>
				<total>12</total>
				<timestamp>4633.681889</timestamp>
			</report>
			<report>
				<misses>12537001</misses>
				<total>12</total>
				<timestamp>4634.051517</timestamp>
			</report>
			<report>
				<misses>12538001</misses>
				<total>12</total>
				<timestamp>4634.421104</timestamp>
			</report>
			<report>
				<misses>12539001</misses>
				<total>12</total>
				<timestamp>4634.790773</timestamp>
			</report>
			<report>
				<misses>12540001</misses>
				<total>12</total>
				<timestamp>4635.160397</timestamp>
			</report>
			<report>
				<misses>12541001</misses>
				<total>12</total>
				<timestamp>4635.530048</timestamp>
			</report>
			<report>
				<misses>12542001</misses>
				<total>12</total>
				<timestamp>4635.899633</timestamp>
			</report>
			<report>
				<misses>12543001</misses>
				<total>12</total>
				<timestamp>4636.269270</timestamp>
			</report>
			<report>
				<misses>12544001</misses>
				<total>12</total>
				<timestamp>4636.638939</timestamp>
			</report>
			<report>
				<misses>12545001</misses>
				<total>12</total>
				<timestamp>4637.008570</timestamp>
			</report>
			<report>
				<misses>12546001</misses>
				<total>12</total>
				<timestamp>4637.378176</timestamp>
			</report>
			<report>
				<misses>12547001</misses>
				<total>12</total>
				<timestamp>4637.747783</timestamp>
			</report>
			<report>
				<misses>12548001</misses>
				<total>12</total>
				<timestamp>4638.117456</timestamp>
			</report>
			<report>
				<misses>12549001</misses>
				<total>12</total>
				<timestamp>4638.487043</timestamp>
			</report>
			<report>
				<misses>12550001</misses>
				<total>12</total>
				<timestamp>4638.856693</timestamp>
			</report>
			<report>
				<misses>12551001</misses>
				<total>12</total>
				<timestamp>4639.226382</timestamp>
			</report>
			<report>
				<misses>12552001</misses>
				<total>12</total>
				<timestamp>4639.595953</timestamp>
			</report>
			<report>
				<misses>12553001</misses>
				<total>11</total>
				<timestamp>4639.965656</timestamp>
			</report>
			<report>
				<misses>12554001</misses>
				<total>12</total>
				<timestamp>4640.335283</timestamp>
			</report>
			<report>
				<misses>12555001</misses>
				<total>12</total>
				<timestamp>4640.704833</timestamp>
			</report>
			<report>
				<misses>12556001</misses>
				<total>12</total>
				<timestamp>4641.074491</timestamp>
			</report>
			<report>
				<misses>12557001</misses>
				<total>12</total>
				<timestamp>4641.444147</timestamp>
			</report>
			<report>
				<misses>12558001</misses>
				<total>12</total>
				<timestamp>4641.813708</timestamp>
			</report>
			<report>
				<misses>12559001</misses>
				<total>12</total>
				<timestamp>4642.183377</timestamp>
			</report>
			<report>
				<misses>12560001</misses>
				<total>12</total>
				<timestamp>4642.553048</timestamp>
			</report>
			<report>
				<misses>12561001</misses>
				<total>11</total>
				<timestamp>4642.922700</timestamp>
			</report>
			<report>
				<misses>12562001</misses>
				<total>12</total>
				<timestamp>4643.292250</timestamp>
			</report>
			<report>
				<misses>12563001</misses>
				<total>12</total>
				<timestamp>4643.661881</timestamp>
			</report>
			<report>
				<misses>12564001</misses>
				<total>12</total>
				<timestamp>4644.031519</timestamp>
			</report>
			<report>
				<misses>12565001</misses>
				<total>12</total>
				<timestamp>4644.401129</timestamp>
			</report>
			<report>
				<misses>12566001</misses>
				<total>12</total>
				<timestamp>4644.770758</timestamp>
			</report>
			<report>
				<misses>12567001</misses>
				<total>12</total>
				<timestamp>4645.140453</timestamp>
			</report>
			<report>
				<misses>12568001</misses>
				<total>12</total>
				<timestamp>4645.510016</timestamp>
			</report>
			<report>
				<misses>12569001</misses>
				<total>12</total>
				<timestamp>4645.879667</timestamp>
			</report>
			<report>
				<misses>12570001</misses>
				<total>12</total>
				<timestamp>4646.249326</timestamp>
			</report>
			<report>
				<misses>12571001</misses>
				<total>12</total>
				<timestamp>4646.618936</timestamp>
			</report>
			<report>
				<misses>12572001</misses>
				<total>12</total>
				<timestamp>4646.988524</timestamp>
			</report>
			<report>
				<misses>12573001</misses>
				<total>12</total>
				<timestamp>4647.358241</timestamp>
			</report>
			<report>
				<misses>12574001</misses>
				<total>12</total>
				<timestamp>4647.727772</timestamp>
			</report>
			<report>
				<misses>12575001</misses>
				<total>12</total>
				<timestamp>4648.097441</timestamp>
			</report>
			<report>
				<misses>12576001</misses>
				<total>12</total>
				<timestamp>4648.467066</timestamp>
			</report>
			<report>
				<misses>12577001</misses>
				<total>12</total>
				<timestamp>4648.836711</timestamp>
			</report>
			<report>
				<misses>12578001</misses>
				<total>12</total>
				<timestamp>4649.206376</timestamp>
			</report>
			<report>
				<misses>12579001</misses>
				<total>11</total>
				<timestamp>4649.576043</timestamp>
			</report>
			<report>
				<misses>12580001</misses>
				<total>12</total>
				<timestamp>4649.945586</timestamp>
			</report>
			<report>
				<misses>12581001</misses>
				<total>12</total>
				<timestamp>4650.315237</timestamp>
			</report>
			<report>
				<misses>12582001</misses>
				<total>12</total>
				<timestamp>4650.684815</timestamp>
			</report>
			<report>
				<misses>12583001</misses>
				<total>11</total>
				<timestamp>4651.054625</timestamp>
			</report>
			<report>
				<misses>12584001</misses>
				<total>12</total>
				<timestamp>4651.424162</timestamp>
			</report>
			<report>
				<misses>12585001</misses>
				<total>12</total>
				<timestamp>4651.793725</timestamp>
			</report>
			<report>
				<misses>12586001</misses>
				<total>12</total>
				<timestamp>4652.163382</timestamp>
			</report>
			<report>
				<misses>12587001</misses>
				<total>12</total>
				<timestamp>4652.532991</timestamp>
			</report>
			<report>
				<misses>12588001</misses>
				<total>12</total>
				<timestamp>4652.902607</timestamp>
			</report>
			<report>
				<misses>12589001</misses>
				<total>12</total>
				<timestamp>4653.272254</timestamp>
			</report>
			<report>
				<misses>12590001</misses>
				<total>12</total>
				<timestamp>4653.641917</timestamp>
			</report>
			<report>
				<misses>12591001</misses>
				<total>12</total>
				<timestamp>4654.011495</timestamp>
			</report>
			<report>
				<misses>12592001</misses>
				<total>12</total>
				<timestamp>4654.381170</timestamp>
			</report>
			<report>
				<misses>12593001</misses>
				<total>12</total>
				<timestamp>4654.750799</timestamp>
			</report>
			<report>
				<misses>12594001</misses>
				<total>12</total>
				<timestamp>4655.120397</timestamp>
			</report>
			<report>
				<misses>12595001</misses>
				<total>12</total>
				<timestamp>4655.490059</timestamp>
			</report>
			<report>
				<misses>12596001</misses>
				<total>12</total>
				<timestamp>4655.859660</timestamp>
			</report>
			<report>
				<misses>12597001</misses>
				<total>12</total>
				<timestamp>4656.229295</timestamp>
			</report>
			<report>
				<misses>12598001</misses>
				<total>12</total>
				<timestamp>4656.598920</timestamp>
			</report>
			<report>
				<misses>12599001</misses>
				<total>12</total>
				<timestamp>4656.968553</timestamp>
			</report>
			<report>
				<misses>12600001</misses>
				<total>12</total>
				<timestamp>4657.338214</timestamp>
			</report>
			<report>
				<misses>12601001</misses>
				<total>12</total>
				<timestamp>4657.707838</timestamp>
			</report>
			<report>
				<misses>12602001</misses>
				<total>11</total>
				<timestamp>4658.077525</timestamp>
			</report>
			<report>
				<misses>12603001</misses>
				<total>12</total>
				<timestamp>4658.447091</timestamp>
			</report>
			<report>
				<misses>12604001</misses>
				<total>12</total>
				<timestamp>4658.816693</timestamp>
			</report>
			<report>
				<misses>12605001</misses>
				<total>12</total>
				<timestamp>4659.186327</timestamp>
			</report>
			<report>
				<misses>12606001</misses>
				<total>12</total>
				<timestamp>4659.555976</timestamp>
			</report>
			<report>
				<misses>12607001</misses>
				<total>12</total>
				<timestamp>4659.925577</timestamp>
			</report>
			<report>
				<misses>12608001</misses>
				<total>12</total>
				<timestamp>4660.295221</timestamp>
			</report>
			<report>
				<misses>12609001</misses>
				<total>12</total>
				<timestamp>4660.664827</timestamp>
			</report>
			<report>
				<misses>12610001</misses>
				<total>12</total>
				<timestamp>4661.034527</timestamp>
			</report>
			<report>
				<misses>12611001</misses>
				<total>11</total>
				<timestamp>4661.404228</timestamp>
			</report>
			<report>
				<misses>12612001</misses>
				<total>12</total>
				<timestamp>4661.773724</timestamp>
			</report>
			<report>
				<misses>12613001</misses>
				<total>12</total>
				<timestamp>4662.143431</timestamp>
			</report>
			<report>
				<misses>12614001</misses>
				<total>12</total>
				<timestamp>4662.513019</timestamp>
			</report>
			<report>
				<misses>12615001</misses>
				<total>12</total>
				<timestamp>4662.882671</timestamp>
			</report>
			<report>
				<misses>12616001</misses>
				<total>12</total>
				<timestamp>4663.252272</timestamp>
			</report>
			<report>
				<misses>12617001</misses>
				<total>12</total>
				<timestamp>4663.621880</timestamp>
			</report>
			<report>
				<misses>12618001</misses>
				<total>12</total>
				<timestamp>4663.991497</timestamp>
			</report>
			<report>
				<misses>12619001</misses>
				<total>12</total>
				<timestamp>4664.361186</timestamp>
			</report>
			<report>
				<misses>12620001</misses>
				<total>12</total>
				<timestamp>4664.730772</timestamp>
			</report>
			<report>
				<misses>12621001</misses>
				<total>12</total>
				<timestamp>4665.100405</timestamp>
			</report>
			<report>
				<misses>12622001</misses>
				<total>12</total>
				<timestamp>4665.470084</timestamp>
			</report>
			<report>
				<misses>12623001</misses>
				<total>12</total>
				<timestamp>4665.839649</timestamp>
			</report>
			<report>
				<misses>12624001</misses>
				<total>12</total>
				<timestamp>4666.209320</timestamp>
			</report>
			<report>
				<misses>12625001</misses>
				<total>12</total>
				<timestamp>4666.578920</timestamp>
			</report>
			<report>
				<misses>12626001</misses>
				<total>12</total>
				<timestamp>4666.948552</timestamp>
			</report>
			<report>
				<misses>12627001</misses>
				<total>12</total>
				<timestamp>4667.318214</timestamp>
			</report>
			<report>
				<misses>12628001</misses>
				<total>12</total>
				<timestamp>4667.687822</timestamp>
			</report>
			<report>
				<misses>12629001</misses>
				<total>12</total>
				<timestamp>4668.057463</timestamp>
			</report>
			<report>
				<misses>12630001</misses>
				<total>12</total>
				<timestamp>4668.427153</timestamp>
			</report>
			<report>
				<misses>12631001</misses>
				<total>11</total>
				<timestamp>4668.796804</timestamp>
			</report>
			<report>
				<misses>12632001</misses>
				<total>12</total>
				<timestamp>4669.166362</timestamp>
			</report>
			<report>
				<misses>12633001</misses>
				<total>12</total>
				<timestamp>4669.535956</timestamp>
			</report>
			<report>
				<misses>12634001</misses>
				<total>12</total>
				<timestamp>4669.905625</timestamp>
			</report>
			<report>
				<misses>12635001</misses>
				<total>11</total>
				<timestamp>4670.275362</timestamp>
			</report>
			<report>
				<misses>12636001</misses>
				<total>12</total>
				<timestamp>4670.644879</timestamp>
			</report>
			<report>
				<misses>12637001</misses>
				<total>12</total>
				<timestamp>4671.014481</timestamp>
			</report>
			<report>
				<misses>12638001</misses>
				<total>12</total>
				<timestamp>4671.384132</timestamp>
			</report>
			<report>
				<misses>12639001</misses>
				<total>12</total>
				<timestamp>4671.753797</timestamp>
			</report>
			<report>
				<misses>12640001</misses>
				<total>12</total>
				<timestamp>4672.123374</timestamp>
			</report>
			<report>
				<misses>12641001</misses>
				<total>12</total>
				<timestamp>4672.493060</timestamp>
			</report>
			<report>
				<misses>12642001</misses>
				<total>12</total>
				<timestamp>4672.862678</timestamp>
			</report>
			<report>
				<misses>12643001</misses>
				<total>12</total>
				<timestamp>4673.232295</timestamp>
			</report>
			<report>
				<misses>12644001</misses>
				<total>12</total>
				<timestamp>4673.601930</timestamp>
			</report>
			<report>
				<misses>12645001</misses>
				<total>12</total>
				<timestamp>4673.971572</timestamp>
			</report>
			<report>
				<misses>12646001</misses>
				<total>12</total>
				<timestamp>4674.341254</timestamp>
			</report>
			<report>
				<misses>12647001</misses>
				<total>12</total>
				<timestamp>4674.710772</timestamp>
			</report>
			<report>
				<misses>12648001</misses>
				<total>12</total>
				<timestamp>4675.080443</timestamp>
			</report>
			<report>
				<misses>12649001</misses>
				<total>12</total>
				<timestamp>4675.450127</timestamp>
			</report>
			<report>
				<misses>12650001</misses>
				<total>12</total>
				<timestamp>4675.819670</timestamp>
			</report>
			<report>
				<misses>12651001</misses>
				<total>12</total>
				<timestamp>4676.189311</timestamp>
			</report>
			<report>
				<misses>12652001</misses>
				<total>12</total>
				<timestamp>4676.558940</timestamp>
			</report>
			<report>
				<misses>12653001</misses>
				<total>12</total>
				<timestamp>4676.928663</timestamp>
			</report>
			<report>
				<misses>12654001</misses>
				<total>12</total>
				<timestamp>4677.298247</timestamp>
			</report>
			<report>
				<misses>12655001</misses>
				<total>12</total>
				<timestamp>4677.667851</timestamp>
			</report>
			<report>
				<misses>12656001</misses>
				<total>12</total>
				<timestamp>4678.037529</timestamp>
			</report>
			<report>
				<misses>12657001</misses>
				<total>11</total>
				<timestamp>4678.407178</timestamp>
			</report>
			<report>
				<misses>12658001</misses>
				<total>12</total>
				<timestamp>4678.776718</timestamp>
			</report>
			<report>
				<misses>12659001</misses>
				<total>12</total>
				<timestamp>4679.146326</timestamp>
			</report>
			<report>
				<misses>12660001</misses>
				<total>12</total>
				<timestamp>4679.515991</timestamp>
			</report>
			<report>
				<misses>12661001</misses>
				<total>12</total>
				<timestamp>4679.885624</timestamp>
			</report>
			<report>
				<misses>12662001</misses>
				<total>12</total>
				<timestamp>4680.255272</timestamp>
			</report>
			<report>
				<misses>12663001</misses>
				<total>12</total>
				<timestamp>4680.624919</timestamp>
			</report>
			<report>
				<misses>12664001</misses>
				<total>12</total>
				<timestamp>4680.994485</timestamp>
			</report>
			<report>
				<misses>12665001</misses>
				<total>12</total>
				<timestamp>4681.364156</timestamp>
			</report>
			<report>
				<misses>12666001</misses>
				<total>12</total>
				<timestamp>4681.733746</timestamp>
			</report>
			<report>
				<misses>12667001</misses>
				<total>12</total>
				<timestamp>4682.103392</timestamp>
			</report>
			<report>
				<misses>12668001</misses>
				<total>11</total>
				<timestamp>4682.473126</timestamp>
			</report>
			<report>
				<misses>12669001</misses>
				<total>12</total>
				<timestamp>4682.842634</timestamp>
			</report>
			<report>
				<misses>12670001</misses>
				<total>12</total>
				<timestamp>4683.212281</timestamp>
			</report>
			<report>
				<misses>12671001</misses>
				<total>12</total>
				<timestamp>4683.581896</timestamp>
			</report>
			<report>
				<misses>12672001</misses>
				<total>12</total>
				<timestamp>4683.951590</timestamp>
			</report>
			<report>
				<misses>12673001</misses>
				<total>12</total>
				<timestamp>4684.321204</timestamp>
			</report>
			<report>
				<misses>12674001</misses>
				<total>12</total>
				<timestamp>4684.690816</timestamp>
			</report>
			<report>
				<misses>12675001</misses>
				<total>12</total>
				<timestamp>4685.060416</timestamp>
			</report>
			<report>
				<misses>12676001</misses>
				<total>12</total>
				<timestamp>4685.430076</timestamp>
			</report>
			<report>
				<misses>12677001</misses>
				<total>12</total>
				<timestamp>4685.799687</timestamp>
			</report>
			<report>
				<misses>12678001</misses>
				<total>12</total>
				<timestamp>4686.169297</timestamp>
			</report>
			<report>
				<misses>12679001</misses>
				<total>12</total>
				<timestamp>4686.538946</timestamp>
			</report>
			<report>
				<misses>12680001</misses>
				<total>11</total>
				<timestamp>4686.908676</timestamp>
			</report>
			<report>
				<misses>12681001</misses>
				<total>12</total>
				<timestamp>4687.278209</timestamp>
			</report>
			<report>
				<misses>12682001</misses>
				<total>12</total>
				<timestamp>4687.647903</timestamp>
			</report>
			<report>
				<misses>12683001</misses>
				<total>12</total>
				<timestamp>4688.017474</timestamp>
			</report>
			<report>
				<misses>12684001</misses>
				<total>12</total>
				<timestamp>4688.387134</timestamp>
			</report>
			<report>
				<misses>12685001</misses>
				<total>12</total>
				<timestamp>4688.756722</timestamp>
			</report>
			<report>
				<misses>12686001</misses>
				<total>12</total>
				<timestamp>4689.126381</timestamp>
			</report>
			<report>
				<misses>12687001</misses>
				<total>12</total>
				<timestamp>4689.496061</timestamp>
			</report>
			<report>
				<misses>12688001</misses>
				<total>12</total>
				<timestamp>4689.865615</timestamp>
			</report>
			<report>
				<misses>12689001</misses>
				<total>12</total>
				<timestamp>4690.235270</timestamp>
			</report>
			<report>
				<misses>12690001</misses>
				<total>12</total>
				<timestamp>4690.604879</timestamp>
			</report>
			<report>
				<misses>12691001</misses>
				<total>12</total>
				<timestamp>4690.974511</timestamp>
			</report>
			<report>
				<misses>12692001</misses>
				<total>12</total>
				<timestamp>4691.344206</timestamp>
			</report>
			<report>
				<misses>12693001</misses>
				<total>12</total>
				<timestamp>4691.713761</timestamp>
			</report>
			<report>
				<misses>12694001</misses>
				<total>12</total>
				<timestamp>4692.083396</timestamp>
			</report>
			<report>
				<misses>12695001</misses>
				<total>12</total>
				<timestamp>4692.453055</timestamp>
			</report>
			<report>
				<misses>12696001</misses>
				<total>12</total>
				<timestamp>4692.822702</timestamp>
			</report>
			<report>
				<misses>12697001</misses>
				<total>12</total>
				<timestamp>4693.192342</timestamp>
			</report>
			<report>
				<misses>12698001</misses>
				<total>12</total>
				<timestamp>4693.561942</timestamp>
			</report>
			<report>
				<misses>12699001</misses>
				<total>12</total>
				<timestamp>4693.931567</timestamp>
			</report>
			<report>
				<misses>12700001</misses>
				<total>12</total>
				<timestamp>4694.301183</timestamp>
			</report>
			<report>
				<misses>12701001</misses>
				<total>12</total>
				<timestamp>4694.670787</timestamp>
			</report>
			<report>
				<misses>12702001</misses>
				<total>12</total>
				<timestamp>4695.040414</timestamp>
			</report>
			<report>
				<misses>12703001</misses>
				<total>12</total>
				<timestamp>4695.410074</timestamp>
			</report>
			<report>
				<misses>12704001</misses>
				<total>12</total>
				<timestamp>4695.779694</timestamp>
			</report>
			<report>
				<misses>12705001</misses>
				<total>12</total>
				<timestamp>4696.149391</timestamp>
			</report>
			<report>
				<misses>12706001</misses>
				<total>12</total>
				<timestamp>4696.518986</timestamp>
			</report>
			<report>
				<misses>12707001</misses>
				<total>12</total>
				<timestamp>4696.888573</timestamp>
			</report>
			<report>
				<misses>12708001</misses>
				<total>11</total>
				<timestamp>4697.258293</timestamp>
			</report>
			<report>
				<misses>12709001</misses>
				<total>12</total>
				<timestamp>4697.627829</timestamp>
			</report>
			<report>
				<misses>12710001</misses>
				<total>12</total>
				<timestamp>4697.997525</timestamp>
			</report>
			<report>
				<misses>12711001</misses>
				<total>12</total>
				<timestamp>4698.367172</timestamp>
			</report>
			<report>
				<misses>12712001</misses>
				<total>12</total>
				<timestamp>4698.736738</timestamp>
			</report>
			<report>
				<misses>12713001</misses>
				<total>12</total>
				<timestamp>4699.106390</timestamp>
			</report>
			<report>
				<misses>12714001</misses>
				<total>12</total>
				<timestamp>4699.476066</timestamp>
			</report>
			<report>
				<misses>12715001</misses>
				<total>12</total>
				<timestamp>4699.845640</timestamp>
			</report>
			<report>
				<misses>12716001</misses>
				<total>12</total>
				<timestamp>4700.215238</timestamp>
			</report>
			<report>
				<misses>12717001</misses>
				<total>12</total>
				<timestamp>4700.584895</timestamp>
			</report>
			<report>
				<misses>12718001</misses>
				<total>12</total>
				<timestamp>4700.954498</timestamp>
			</report>
			<report>
				<misses>12719001</misses>
				<total>12</total>
				<timestamp>4701.324185</timestamp>
			</report>
			<report>
				<misses>12720001</misses>
				<total>12</total>
				<timestamp>4701.693795</timestamp>
			</report>
			<report>
				<misses>12721001</misses>
				<total>12</total>
				<timestamp>4702.063421</timestamp>
			</report>
			<report>
				<misses>12722001</misses>
				<total>12</total>
				<timestamp>4702.433081</timestamp>
			</report>
			<report>
				<misses>12723001</misses>
				<total>12</total>
				<timestamp>4702.802641</timestamp>
			</report>
			<report>
				<misses>12724001</misses>
				<total>12</total>
				<timestamp>4703.172293</timestamp>
			</report>
			<report>
				<misses>12725001</misses>
				<total>12</total>
				<timestamp>4703.541959</timestamp>
			</report>
			<report>
				<misses>12726001</misses>
				<total>11</total>
				<timestamp>4703.911661</timestamp>
			</report>
			<report>
				<misses>12727001</misses>
				<total>12</total>
				<timestamp>4704.281180</timestamp>
			</report>
			<report>
				<misses>12728001</misses>
				<total>12</total>
				<timestamp>4704.650822</timestamp>
			</report>
			<report>
				<misses>12729001</misses>
				<total>11</total>
				<timestamp>4705.020527</timestamp>
			</report>
			<report>
				<misses>12730001</misses>
				<total>12</total>
				<timestamp>4705.390088</timestamp>
			</report>
			<report>
				<misses>12731001</misses>
				<total>12</total>
				<timestamp>4705.759766</timestamp>
			</report>
			<report>
				<misses>12732001</misses>
				<total>12</total>
				<timestamp>4706.129338</timestamp>
			</report>
			<report>
				<misses>12733001</misses>
				<total>12</total>
				<timestamp>4706.498993</timestamp>
			</report>
			<report>
				<misses>12734001</misses>
				<total>12</total>
				<timestamp>4706.868641</timestamp>
			</report>
			<report>
				<misses>12735001</misses>
				<total>11</total>
				<timestamp>4707.238299</timestamp>
			</report>
			<report>
				<misses>12736001</misses>
				<total>12</total>
				<timestamp>4707.607891</timestamp>
			</report>
			<report>
				<misses>12737001</misses>
				<total>12</total>
				<timestamp>4707.977465</timestamp>
			</report>
			<report>
				<misses>12738001</misses>
				<total>12</total>
				<timestamp>4708.347120</timestamp>
			</report>
			<report>
				<misses>12739001</misses>
				<total>12</total>
				<timestamp>4708.716727</timestamp>
			</report>
			<report>
				<misses>12740001</misses>
				<total>12</total>
				<timestamp>4709.086393</timestamp>
			</report>
			<report>
				<misses>12741001</misses>
				<total>12</total>
				<timestamp>4709.456101</timestamp>
			</report>
			<report>
				<misses>12742001</misses>
				<total>12</total>
				<timestamp>4709.825674</timestamp>
			</report>
			<report>
				<misses>12743001</misses>
				<total>12</total>
				<timestamp>4710.195261</timestamp>
			</report>
			<report>
				<misses>12744001</misses>
				<total>12</total>
				<timestamp>4710.564937</timestamp>
			</report>
			<report>
				<misses>12745001</misses>
				<total>11</total>
				<timestamp>4710.934596</timestamp>
			</report>
			<report>
				<misses>12746001</misses>
				<total>12</total>
				<timestamp>4711.304209</timestamp>
			</report>
			<report>
				<misses>12747001</misses>
				<total>12</total>
				<timestamp>4711.673834</timestamp>
			</report>
			<report>
				<misses>12748001</misses>
				<total>12</total>
				<timestamp>4712.043435</timestamp>
			</report>
			<report>
				<misses>12749001</misses>
				<total>12</total>
				<timestamp>4712.413053</timestamp>
			</report>
			<report>
				<misses>12750001</misses>
				<total>12</total>
				<timestamp>4712.782669</timestamp>
			</report>
			<report>
				<misses>12751001</misses>
				<total>12</total>
				<timestamp>4713.152367</timestamp>
			</report>
			<report>
				<misses>12752001</misses>
				<total>12</total>
				<timestamp>4713.521960</timestamp>
			</report>
			<report>
				<misses>12753001</misses>
				<total>12</total>
				<timestamp>4713.891574</timestamp>
			</report>
			<report>
				<misses>12754001</misses>
				<total>12</total>
				<timestamp>4714.261211</timestamp>
			</report>
			<report>
				<misses>12755001</misses>
				<total>12</total>
				<timestamp>4714.630933</timestamp>
			</report>
			<report>
				<misses>12756001</misses>
				<total>12</total>
				<timestamp>4715.000442</timestamp>
			</report>
			<report>
				<misses>12757001</misses>
				<total>12</total>
				<timestamp>4715.370104</timestamp>
			</report>
			<report>
				<misses>12758001</misses>
				<total>12</total>
				<timestamp>4715.739754</timestamp>
			</report>
			<report>
				<misses>12759001</misses>
				<total>12</total>
				<timestamp>4716.109401</timestamp>
			</report>
			<report>
				<misses>12760001</misses>
				<total>12</total>
				<timestamp>4716.479023</timestamp>
			</report>
			<report>
				<misses>12761001</misses>
				<total>12</total>
				<timestamp>4716.848615</timestamp>
			</report>
			<report>
				<misses>12762001</misses>
				<total>12</total>
				<timestamp>4717.218221</timestamp>
			</report>
			<report>
				<misses>12763001</misses>
				<total>12</total>
				<timestamp>4717.587908</timestamp>
			</report>
			<report>
				<misses>12764001</misses>
				<total>12</total>
				<timestamp>4717.957591</timestamp>
			</report>
			<report>
				<misses>12765001</misses>
				<total>12</total>
				<timestamp>4718.327122</timestamp>
			</report>
			<report>
				<misses>12766001</misses>
				<total>12</total>
				<timestamp>4718.696757</timestamp>
			</report>
			<report>
				<misses>12767001</misses>
				<total>12</total>
				<timestamp>4719.066378</timestamp>
			</report>
			<report>
				<misses>12768001</misses>
				<total>12</total>
				<timestamp>4719.436047</timestamp>
			</report>
			<report>
				<misses>12769001</misses>
				<total>12</total>
				<timestamp>4719.805648</timestamp>
			</report>
			<report>
				<misses>12770001</misses>
				<total>12</total>
				<timestamp>4720.175308</timestamp>
			</report>
			<report>
				<misses>12771001</misses>
				<total>12</total>
				<timestamp>4720.544965</timestamp>
			</report>
			<report>
				<misses>12772001</misses>
				<total>11</total>
				<timestamp>4720.914645</timestamp>
			</report>
			<report>
				<misses>12773001</misses>
				<total>12</total>
				<timestamp>4721.284154</timestamp>
			</report>
			<report>
				<misses>12774001</misses>
				<total>12</total>
				<timestamp>4721.653833</timestamp>
			</report>
			<report>
				<misses>12775001</misses>
				<total>12</total>
				<timestamp>4722.023455</timestamp>
			</report>
			<report>
				<misses>12776001</misses>
				<total>12</total>
				<timestamp>4722.393053</timestamp>
			</report>
			<report>
				<misses>12777001</misses>
				<total>11</total>
				<timestamp>4722.762799</timestamp>
			</report>
			<report>
				<misses>12778001</misses>
				<total>12</total>
				<timestamp>4723.132309</timestamp>
			</report>
			<report>
				<misses>12779001</misses>
				<total>12</total>
				<timestamp>4723.501932</timestamp>
			</report>
			<report>
				<misses>12780001</misses>
				<total>12</total>
				<timestamp>4723.871591</timestamp>
			</report>
			<report>
				<misses>12781001</misses>
				<total>12</total>
				<timestamp>4724.241196</timestamp>
			</report>
			<report>
				<misses>12782001</misses>
				<total>12</total>
				<timestamp>4724.610856</timestamp>
			</report>
			<report>
				<misses>12783001</misses>
				<total>12</total>
				<timestamp>4724.980460</timestamp>
			</report>
			<report>
				<misses>12784001</misses>
				<total>12</total>
				<timestamp>4725.350089</timestamp>
			</report>
			<report>
				<misses>12785001</misses>
				<total>12</total>
				<timestamp>4725.719749</timestamp>
			</report>
			<report>
				<misses>12786001</misses>
				<total>12</total>
				<timestamp>4726.089344</timestamp>
			</report>
			<report>
				<misses>12787001</misses>
				<total>12</total>
				<timestamp>4726.458981</timestamp>
			</report>
			<report>
				<misses>12788001</misses>
				<total>12</total>
				<timestamp>4726.828605</timestamp>
			</report>
			<report>
				<misses>12789001</misses>
				<total>12</total>
				<timestamp>4727.198280</timestamp>
			</report>
			<report>
				<misses>12790001</misses>
				<total>12</total>
				<timestamp>4727.567921</timestamp>
			</report>
			<report>
				<misses>12791001</misses>
				<total>11</total>
				<timestamp>4727.937582</timestamp>
			</report>
			<report>
				<misses>12792001</misses>
				<total>12</total>
				<timestamp>4728.307170</timestamp>
			</report>
			<report>
				<misses>12793001</misses>
				<total>12</total>
				<timestamp>4728.676773</timestamp>
			</report>
			<report>
				<misses>12794001</misses>
				<total>11</total>
				<timestamp>4729.046470</timestamp>
			</report>
			<report>
				<misses>12795001</misses>
				<total>11</total>
				<timestamp>4729.416124</timestamp>
			</report>
			<report>
				<misses>12796001</misses>
				<total>12</total>
				<timestamp>4729.785635</timestamp>
			</report>
			<report>
				<misses>12797001</misses>
				<total>12</total>
				<timestamp>4730.155257</timestamp>
			</report>
			<report>
				<misses>12798001</misses>
				<total>12</total>
				<timestamp>4730.524937</timestamp>
			</report>
			<report>
				<misses>12799001</misses>
				<total>12</total>
				<timestamp>4730.894543</timestamp>
			</report>
			<report>
				<misses>12800001</misses>
				<total>12</total>
				<timestamp>4731.264233</timestamp>
			</report>
			<report>
				<misses>12801001</misses>
				<total>12</total>
				<timestamp>4731.633881</timestamp>
			</report>
			<report>
				<misses>12802001</misses>
				<total>12</total>
				<timestamp>4732.003474</timestamp>
			</report>
			<report>
				<misses>12803001</misses>
				<total>12</total>
				<timestamp>4732.373090</timestamp>
			</report>
			<report>
				<misses>12804001</misses>
				<total>11</total>
				<timestamp>4732.742820</timestamp>
			</report>
			<report>
				<misses>12805001</misses>
				<total>12</total>
				<timestamp>4733.112311</timestamp>
			</report>
			<report>
				<misses>12806001</misses>
				<total>12</total>
				<timestamp>4733.481985</timestamp>
			</report>
			<report>
				<misses>12807001</misses>
				<total>12</total>
				<timestamp>4733.851577</timestamp>
			</report>
			<report>
				<misses>12808001</misses>
				<total>12</total>
				<timestamp>4734.221276</timestamp>
			</report>
			<report>
				<misses>12809001</misses>
				<total>12</total>
				<timestamp>4734.590839</timestamp>
			</report>
			<report>
				<misses>12810001</misses>
				<total>12</total>
				<timestamp>4734.960464</timestamp>
			</report>
			<report>
				<misses>12811001</misses>
				<total>12</total>
				<timestamp>4735.330124</timestamp>
			</report>
			<report>
				<misses>12812001</misses>
				<total>12</total>
				<timestamp>4735.699766</timestamp>
			</report>
			<report>
				<misses>12813001</misses>
				<total>12</total>
				<timestamp>4736.069356</timestamp>
			</report>
			<report>
				<misses>12814001</misses>
				<total>11</total>
				<timestamp>4736.439114</timestamp>
			</report>
			<report>
				<misses>12815001</misses>
				<total>12</total>
				<timestamp>4736.808658</timestamp>
			</report>
			<report>
				<misses>12816001</misses>
				<total>12</total>
				<timestamp>4737.178304</timestamp>
			</report>
			<report>
				<misses>12817001</misses>
				<total>12</total>
				<timestamp>4737.547909</timestamp>
			</report>
			<report>
				<misses>12818001</misses>
				<total>12</total>
				<timestamp>4737.917513</timestamp>
			</report>
			<report>
				<misses>12819001</misses>
				<total>12</total>
				<timestamp>4738.287207</timestamp>
			</report>
			<report>
				<misses>12820001</misses>
				<total>12</total>
				<timestamp>4738.656831</timestamp>
			</report>
			<report>
				<misses>12821001</misses>
				<total>12</total>
				<timestamp>4739.026398</timestamp>
			</report>
			<report>
				<misses>12822001</misses>
				<total>12</total>
				<timestamp>4739.396095</timestamp>
			</report>
			<report>
				<misses>12823001</misses>
				<total>12</total>
				<timestamp>4739.765688</timestamp>
			</report>
			<report>
				<misses>12824001</misses>
				<total>12</total>
				<timestamp>4740.135358</timestamp>
			</report>
			<report>
				<misses>12825001</misses>
				<total>11</total>
				<timestamp>4740.505022</timestamp>
			</report>
			<report>
				<misses>12826001</misses>
				<total>12</total>
				<timestamp>4740.874567</timestamp>
			</report>
			<report>
				<misses>12827001</misses>
				<total>12</total>
				<timestamp>4741.244245</timestamp>
			</report>
			<report>
				<misses>12828001</misses>
				<total>12</total>
				<timestamp>4741.613846</timestamp>
			</report>
			<report>
				<misses>12829001</misses>
				<total>11</total>
				<timestamp>4741.983529</timestamp>
			</report>
			<report>
				<misses>12830001</misses>
				<total>12</total>
				<timestamp>4742.353137</timestamp>
			</report>
			<report>
				<misses>12831001</misses>
				<total>12</total>
				<timestamp>4742.722767</timestamp>
			</report>
			<report>
				<misses>12832001</misses>
				<total>12</total>
				<timestamp>4743.092385</timestamp>
			</report>
			<report>
				<misses>12833001</misses>
				<total>12</total>
				<timestamp>4743.462037</timestamp>
			</report>
			<report>
				<misses>12834001</misses>
				<total>12</total>
				<timestamp>4743.831583</timestamp>
			</report>
			<report>
				<misses>12835001</misses>
				<total>12</total>
				<timestamp>4744.201217</timestamp>
			</report>
			<report>
				<misses>12836001</misses>
				<total>12</total>
				<timestamp>4744.570848</timestamp>
			</report>
			<report>
				<misses>12837001</misses>
				<total>12</total>
				<timestamp>4744.940502</timestamp>
			</report>
			<report>
				<misses>12838001</misses>
				<total>12</total>
				<timestamp>4745.310146</timestamp>
			</report>
			<report>
				<misses>12839001</misses>
				<total>12</total>
				<timestamp>4745.679792</timestamp>
			</report>
			<report>
				<misses>12840001</misses>
				<total>12</total>
				<timestamp>4746.049384</timestamp>
			</report>
			<report>
				<misses>12841001</misses>
				<total>12</total>
				<timestamp>4746.419100</timestamp>
			</report>
			<report>
				<misses>12842001</misses>
				<total>12</total>
				<timestamp>4746.788682</timestamp>
			</report>
			<report>
				<misses>12843001</misses>
				<total>11</total>
				<timestamp>4747.158340</timestamp>
			</report>
			<report>
				<misses>12844001</misses>
				<total>12</total>
				<timestamp>4747.527942</timestamp>
			</report>
			<report>
				<misses>12845001</misses>
				<total>12</total>
				<timestamp>4747.897562</timestamp>
			</report>
			<report>
				<misses>12846001</misses>
				<total>12</total>
				<timestamp>4748.267144</timestamp>
			</report>
			<report>
				<misses>12847001</misses>
				<total>12</total>
				<timestamp>4748.636795</timestamp>
			</report>
			<report>
				<misses>12848001</misses>
				<total>12</total>
				<timestamp>4749.006499</timestamp>
			</report>
			<report>
				<misses>12849001</misses>
				<total>12</total>
				<timestamp>4749.376142</timestamp>
			</report>
			<report>
				<misses>12850001</misses>
				<total>12</total>
				<timestamp>4749.745681</timestamp>
			</report>
			<report>
				<misses>12851001</misses>
				<total>11</total>
				<timestamp>4750.115416</timestamp>
			</report>
			<report>
				<misses>12852001</misses>
				<total>12</total>
				<timestamp>4750.484936</timestamp>
			</report>
			<report>
				<misses>12853001</misses>
				<total>12</total>
				<timestamp>4750.854562</timestamp>
			</report>
			<report>
				<misses>12854001</misses>
				<total>12</total>
				<timestamp>4751.224185</timestamp>
			</report>
			<report>
				<misses>12855001</misses>
				<total>12</total>
				<timestamp>4751.593814</timestamp>
			</report>
			<report>
				<misses>12856001</misses>
				<total>12</total>
				<timestamp>4751.963442</timestamp>
			</report>
			<report>
				<misses>12857001</misses>
				<total>11</total>
				<timestamp>4752.333179</timestamp>
			</report>
			<report>
				<misses>12858001</misses>
				<total>12</total>
				<timestamp>4752.702793</timestamp>
			</report>
			<report>
				<misses>12859001</misses>
				<total>12</total>
				<timestamp>4753.072378</timestamp>
			</report>
			<report>
				<misses>12860001</misses>
				<total>12</total>
				<timestamp>4753.441973</timestamp>
			</report>
			<report>
				<misses>12861001</misses>
				<total>12</total>
				<timestamp>4753.811667</timestamp>
			</report>
			<report>
				<misses>12862001</misses>
				<total>12</total>
				<timestamp>4754.181233</timestamp>
			</report>
			<report>
				<misses>12863001</misses>
				<total>12</total>
				<timestamp>4754.550848</timestamp>
			</report>
			<report>
				<misses>12864001</misses>
				<total>12</total>
				<timestamp>4754.920473</timestamp>
			</report>
			<report>
				<misses>12865001</misses>
				<total>12</total>
				<timestamp>4755.290126</timestamp>
			</report>
			<report>
				<misses>12866001</misses>
				<total>11</total>
				<timestamp>4755.659866</timestamp>
			</report>
			<report>
				<misses>12867001</misses>
				<total>11</total>
				<timestamp>4756.029468</timestamp>
			</report>
			<report>
				<misses>12868001</misses>
				<total>12</total>
				<timestamp>4756.399082</timestamp>
			</report>
			<report>
				<misses>12869001</misses>
				<total>12</total>
				<timestamp>4756.768639</timestamp>
			</report>
			<report>
				<misses>12870001</misses>
				<total>12</total>
				<timestamp>4757.138286</timestamp>
			</report>
			<report>
				<misses>12871001</misses>
				<total>12</total>
				<timestamp>4757.507944</timestamp>
			</report>
			<report>
				<misses>12872001</misses>
				<total>12</total>
				<timestamp>4757.877545</timestamp>
			</report>
			<report>
				<misses>12873001</misses>
				<total>12</total>
				<timestamp>4758.247159</timestamp>
			</report>
			<report>
				<misses>12874001</misses>
				<total>12</total>
				<timestamp>4758.616783</timestamp>
			</report>
			<report>
				<misses>12875001</misses>
				<total>12</total>
				<timestamp>4758.986494</timestamp>
			</report>
			<report>
				<misses>12876001</misses>
				<total>12</total>
				<timestamp>4759.356053</timestamp>
			</report>
			<report>
				<misses>12877001</misses>
				<total>12</total>
				<timestamp>4759.725696</timestamp>
			</report>
			<report>
				<misses>12878001</misses>
				<total>12</total>
				<timestamp>4760.095329</timestamp>
			</report>
			<report>
				<misses>12879001</misses>
				<total>12</total>
				<timestamp>4760.464972</timestamp>
			</report>
			<report>
				<misses>12880001</misses>
				<total>12</total>
				<timestamp>4760.834617</timestamp>
			</report>
			<report>
				<misses>12881001</misses>
				<total>12</total>
				<timestamp>4761.204219</timestamp>
			</report>
			<report>
				<misses>12882001</misses>
				<total>12</total>
				<timestamp>4761.573835</timestamp>
			</report>
			<report>
				<misses>12883001</misses>
				<total>12</total>
				<timestamp>4761.943490</timestamp>
			</report>
			<report>
				<misses>12884001</misses>
				<total>12</total>
				<timestamp>4762.313118</timestamp>
			</report>
			<report>
				<misses>12885001</misses>
				<total>12</total>
				<timestamp>4762.682725</timestamp>
			</report>
			<report>
				<misses>12886001</misses>
				<total>12</total>
				<timestamp>4763.052377</timestamp>
			</report>
			<report>
				<misses>12887001</misses>
				<total>12</total>
				<timestamp>4763.421977</timestamp>
			</report>
			<report>
				<misses>12888001</misses>
				<total>12</total>
				<timestamp>4763.791630</timestamp>
			</report>
			<report>
				<misses>12889001</misses>
				<total>12</total>
				<timestamp>4764.161320</timestamp>
			</report>
			<report>
				<misses>12890001</misses>
				<total>12</total>
				<timestamp>4764.530875</timestamp>
			</report>
			<report>
				<misses>12891001</misses>
				<total>12</total>
				<timestamp>4764.900535</timestamp>
			</report>
			<report>
				<misses>12892001</misses>
				<total>11</total>
				<timestamp>4765.270265</timestamp>
			</report>
			<report>
				<misses>12893001</misses>
				<total>12</total>
				<timestamp>4765.639776</timestamp>
			</report>
			<report>
				<misses>12894001</misses>
				<total>12</total>
				<timestamp>4766.009470</timestamp>
			</report>
			<report>
				<misses>12895001</misses>
				<total>12</total>
				<timestamp>4766.379102</timestamp>
			</report>
			<report>
				<misses>12896001</misses>
				<total>12</total>
				<timestamp>4766.748653</timestamp>
			</report>
			<report>
				<misses>12897001</misses>
				<total>12</total>
				<timestamp>4767.118356</timestamp>
			</report>
			<report>
				<misses>12898001</misses>
				<total>12</total>
				<timestamp>4767.487943</timestamp>
			</report>
			<report>
				<misses>12899001</misses>
				<total>12</total>
				<timestamp>4767.857587</timestamp>
			</report>
			<report>
				<misses>12900001</misses>
				<total>12</total>
				<timestamp>4768.227189</timestamp>
			</report>
			<report>
				<misses>12901001</misses>
				<total>12</total>
				<timestamp>4768.596820</timestamp>
			</report>
			<report>
				<misses>12902001</misses>
				<total>12</total>
				<timestamp>4768.966470</timestamp>
			</report>
			<report>
				<misses>12903001</misses>
				<total>12</total>
				<timestamp>4769.336064</timestamp>
			</report>
			<report>
				<misses>12904001</misses>
				<total>12</total>
				<timestamp>4769.705733</timestamp>
			</report>
			<report>
				<misses>12905001</misses>
				<total>11</total>
				<timestamp>4770.075431</timestamp>
			</report>
			<report>
				<misses>12906001</misses>
				<total>12</total>
				<timestamp>4770.444982</timestamp>
			</report>
			<report>
				<misses>12907001</misses>
				<total>12</total>
				<timestamp>4770.814610</timestamp>
			</report>
			<report>
				<misses>12908001</misses>
				<total>11</total>
				<timestamp>4771.184317</timestamp>
			</report>
			<report>
				<misses>12909001</misses>
				<total>11</total>
				<timestamp>4771.553987</timestamp>
			</report>
			<report>
				<misses>12910001</misses>
				<total>12</total>
				<timestamp>4771.923484</timestamp>
			</report>
			<report>
				<misses>12911001</misses>
				<total>12</total>
				<timestamp>4772.293148</timestamp>
			</report>
			<report>
				<misses>12912001</misses>
				<total>12</total>
				<timestamp>4772.662725</timestamp>
			</report>
			<report>
				<misses>12913001</misses>
				<total>12</total>
				<timestamp>4773.032374</timestamp>
			</report>
			<report>
				<misses>12914001</misses>
				<total>12</total>
				<timestamp>4773.402001</timestamp>
			</report>
			<report>
				<misses>12915001</misses>
				<total>12</total>
				<timestamp>4773.771676</timestamp>
			</report>
			<report>
				<misses>12916001</misses>
				<total>12</total>
				<timestamp>4774.141321</timestamp>
			</report>
			<report>
				<misses>12917001</misses>
				<total>12</total>
				<timestamp>4774.510876</timestamp>
			</report>
			<report>
				<misses>12918001</misses>
				<total>12</total>
				<timestamp>4774.880544</timestamp>
			</report>
			<report>
				<misses>12919001</misses>
				<total>12</total>
				<timestamp>4775.250204</timestamp>
			</report>
			<report>
				<misses>12920001</misses>
				<total>12</total>
				<timestamp>4775.619797</timestamp>
			</report>
			<report>
				<misses>12921001</misses>
				<total>12</total>
				<timestamp>4775.989397</timestamp>
			</report>
			<report>
				<misses>12922001</misses>
				<total>12</total>
				<timestamp>4776.359080</timestamp>
			</report>
			<report>
				<misses>12923001</misses>
				<total>12</total>
				<timestamp>4776.728685</timestamp>
			</report>
			<report>
				<misses>12924001</misses>
				<total>12</total>
				<timestamp>4777.098294</timestamp>
			</report>
			<report>
				<misses>12925001</misses>
				<total>11</total>
				<timestamp>4777.468021</timestamp>
			</report>
			<report>
				<misses>12926001</misses>
				<total>11</total>
				<timestamp>4777.837641</timestamp>
			</report>
			<report>
				<misses>12927001</misses>
				<total>12</total>
				<timestamp>4778.207199</timestamp>
			</report>
			<report>
				<misses>12928001</misses>
				<total>12</total>
				<timestamp>4778.576880</timestamp>
			</report>
			<report>
				<misses>12929001</misses>
				<total>12</total>
				<timestamp>4778.946478</timestamp>
			</report>
			<report>
				<misses>12930001</misses>
				<total>12</total>
				<timestamp>4779.316141</timestamp>
			</report>
			<report>
				<misses>12931001</misses>
				<total>12</total>
				<timestamp>4779.685702</timestamp>
			</report>
			<report>
				<misses>12932001</misses>
				<total>12</total>
				<timestamp>4780.055388</timestamp>
			</report>
			<report>
				<misses>12933001</misses>
				<total>12</total>
				<timestamp>4780.424974</timestamp>
			</report>
			<report>
				<misses>12934001</misses>
				<total>12</total>
				<timestamp>4780.794612</timestamp>
			</report>
			<report>
				<misses>12935001</misses>
				<total>12</total>
				<timestamp>4781.164222</timestamp>
			</report>
			<report>
				<misses>12936001</misses>
				<total>12</total>
				<timestamp>4781.533886</timestamp>
			</report>
			<report>
				<misses>12937001</misses>
				<total>12</total>
				<timestamp>4781.903517</timestamp>
			</report>
			<report>
				<misses>12938001</misses>
				<total>12</total>
				<timestamp>4782.273139</timestamp>
			</report>
			<report>
				<misses>12939001</misses>
				<total>11</total>
				<timestamp>4782.642844</timestamp>
			</report>
			<report>
				<misses>12940001</misses>
				<total>12</total>
				<timestamp>4783.012438</timestamp>
			</report>
			<report>
				<misses>12941001</misses>
				<total>12</total>
				<timestamp>4783.382002</timestamp>
			</report>
			<report>
				<misses>12942001</misses>
				<total>12</total>
				<timestamp>4783.751649</timestamp>
			</report>
			<report>
				<misses>12943001</misses>
				<total>12</total>
				<timestamp>4784.121268</timestamp>
			</report>
			<report>
				<misses>12944001</misses>
				<total>11</total>
				<timestamp>4784.490985</timestamp>
			</report>
			<report>
				<misses>12945001</misses>
				<total>12</total>
				<timestamp>4784.860546</timestamp>
			</report>
			<report>
				<misses>12946001</misses>
				<total>12</total>
				<timestamp>4785.230171</timestamp>
			</report>
			<report>
				<misses>12947001</misses>
				<total>12</total>
				<timestamp>4785.599789</timestamp>
			</report>
			<report>
				<misses>12948001</misses>
				<total>12</total>
				<timestamp>4785.969469</timestamp>
			</report>
			<report>
				<misses>12949001</misses>
				<total>12</total>
				<timestamp>4786.339046</timestamp>
			</report>
			<report>
				<misses>12950001</misses>
				<total>12</total>
				<timestamp>4786.708728</timestamp>
			</report>
			<report>
				<misses>12951001</misses>
				<total>12</total>
				<timestamp>4787.078347</timestamp>
			</report>
			<report>
				<misses>12952001</misses>
				<total>12</total>
				<timestamp>4787.447999</timestamp>
			</report>
			<report>
				<misses>12953001</misses>
				<total>12</total>
				<timestamp>4787.817584</timestamp>
			</report>
			<report>
				<misses>12954001</misses>
				<total>12</total>
				<timestamp>4788.187273</timestamp>
			</report>
			<report>
				<misses>12955001</misses>
				<total>12</total>
				<timestamp>4788.556821</timestamp>
			</report>
			<report>
				<misses>12956001</misses>
				<total>12</total>
				<timestamp>4788.926494</timestamp>
			</report>
			<report>
				<misses>12957001</misses>
				<total>12</total>
				<timestamp>4789.296137</timestamp>
			</report>
			<report>
				<misses>12958001</misses>
				<total>12</total>
				<timestamp>4789.665747</timestamp>
			</report>
			<report>
				<misses>12959001</misses>
				<total>12</total>
				<timestamp>4790.035437</timestamp>
			</report>
			<report>
				<misses>12960001</misses>
				<total>12</total>
				<timestamp>4790.405009</timestamp>
			</report>
			<report>
				<misses>12961001</misses>
				<total>12</total>
				<timestamp>4790.774604</timestamp>
			</report>
			<report>
				<misses>12962001</misses>
				<total>12</total>
				<timestamp>4791.144223</timestamp>
			</report>
			<report>
				<misses>12963001</misses>
				<total>12</total>
				<timestamp>4791.513884</timestamp>
			</report>
			<report>
				<misses>12964001</misses>
				<total>12</total>
				<timestamp>4791.883553</timestamp>
			</report>
			<report>
				<misses>12965001</misses>
				<total>12</total>
				<timestamp>4792.253161</timestamp>
			</report>
			<report>
				<misses>12966001</misses>
				<total>12</total>
				<timestamp>4792.622732</timestamp>
			</report>
			<report>
				<misses>12967001</misses>
				<total>12</total>
				<timestamp>4792.992416</timestamp>
			</report>
			<report>
				<misses>12968001</misses>
				<total>12</total>
				<timestamp>4793.362033</timestamp>
			</report>
			<report>
				<misses>12969001</misses>
				<total>12</total>
				<timestamp>4793.731711</timestamp>
			</report>
			<report>
				<misses>12970001</misses>
				<total>12</total>
				<timestamp>4794.101278</timestamp>
			</report>
			<report>
				<misses>12971001</misses>
				<total>12</total>
				<timestamp>4794.470894</timestamp>
			</report>
			<report>
				<misses>12972001</misses>
				<total>12</total>
				<timestamp>4794.840534</timestamp>
			</report>
			<report>
				<misses>12973001</misses>
				<total>12</total>
				<timestamp>4795.210269</timestamp>
			</report>
			<report>
				<misses>12974001</misses>
				<total>12</total>
				<timestamp>4795.579782</timestamp>
			</report>
			<report>
				<misses>12975001</misses>
				<total>12</total>
				<timestamp>4795.949450</timestamp>
			</report>
			<report>
				<misses>12976001</misses>
				<total>12</total>
				<timestamp>4796.319109</timestamp>
			</report>
			<report>
				<misses>12977001</misses>
				<total>12</total>
				<timestamp>4796.688696</timestamp>
			</report>
			<report>
				<misses>12978001</misses>
				<total>12</total>
				<timestamp>4797.058324</timestamp>
			</report>
			<report>
				<misses>12979001</misses>
				<total>12</total>
				<timestamp>4797.427952</timestamp>
			</report>
			<report>
				<misses>12980001</misses>
				<total>12</total>
				<timestamp>4797.797579</timestamp>
			</report>
			<report>
				<misses>12981001</misses>
				<total>11</total>
				<timestamp>4798.167323</timestamp>
			</report>
			<report>
				<misses>12982001</misses>
				<total>12</total>
				<timestamp>4798.536840</timestamp>
			</report>
			<report>
				<misses>12983001</misses>
				<total>12</total>
				<timestamp>4798.906488</timestamp>
			</report>
			<report>
				<misses>12984001</misses>
				<total>11</total>
				<timestamp>4799.276183</timestamp>
			</report>
			<report>
				<misses>12985001</misses>
				<total>12</total>
				<timestamp>4799.645714</timestamp>
			</report>
			<report>
				<misses>12986001</misses>
				<total>12</total>
				<timestamp>4800.015366</timestamp>
			</report>
			<report>
				<misses>12987001</misses>
				<total>12</total>
				<timestamp>4800.385014</timestamp>
			</report>
			<report>
				<misses>12988001</misses>
				<total>11</total>
				<timestamp>4800.754727</timestamp>
			</report>
			<report>
				<misses>12989001</misses>
				<total>12</total>
				<timestamp>4801.124288</timestamp>
			</report>
			<report>
				<misses>12990001</misses>
				<total>12</total>
				<timestamp>4801.493877</timestamp>
			</report>
			<report>
				<misses>12991001</misses>
				<total>12</total>
				<timestamp>4801.863504</timestamp>
			</report>
			<report>
				<misses>12992001</misses>
				<total>12</total>
				<timestamp>4802.233166</timestamp>
			</report>
			<report>
				<misses>12993001</misses>
				<total>12</total>
				<timestamp>4802.602774</timestamp>
			</report>
			<report>
				<misses>12994001</misses>
				<total>12</total>
				<timestamp>4802.972472</timestamp>
			</report>
			<report>
				<misses>12995001</misses>
				<total>12</total>
				<timestamp>4803.342067</timestamp>
			</report>
			<report>
				<misses>12996001</misses>
				<total>12</total>
				<timestamp>4803.711733</timestamp>
			</report>
			<report>
				<misses>12997001</misses>
				<total>11</total>
				<timestamp>4804.081381</timestamp>
			</report>
			<report>
				<misses>12998001</misses>
				<total>12</total>
				<timestamp>4804.450947</timestamp>
			</report>
			<report>
				<misses>12999001</misses>
				<total>12</total>
				<timestamp>4804.820586</timestamp>
			</report>
			<report>
				<misses>13000001</misses>
				<total>12</total>
				<timestamp>4805.190175</timestamp>
			</report>
			<report>
				<misses>13001001</misses>
				<total>12</total>
				<timestamp>4805.559793</timestamp>
			</report>
			<report>
				<misses>13002001</misses>
				<total>12</total>
				<timestamp>4805.929449</timestamp>
			</report>
			<report>
				<misses>13003001</misses>
				<total>12</total>
				<timestamp>4806.299095</timestamp>
			</report>
			<report>
				<misses>13004001</misses>
				<total>12</total>
				<timestamp>4806.668681</timestamp>
			</report>
			<report>
				<misses>13005001</misses>
				<total>12</total>
				<timestamp>4807.038360</timestamp>
			</report>
			<report>
				<misses>13006001</misses>
				<total>12</total>
				<timestamp>4807.407949</timestamp>
			</report>
			<report>
				<misses>13007001</misses>
				<total>12</total>
				<timestamp>4807.777603</timestamp>
			</report>
			<report>
				<misses>13008001</misses>
				<total>12</total>
				<timestamp>4808.147215</timestamp>
			</report>
			<report>
				<misses>13009001</misses>
				<total>12</total>
				<timestamp>4808.516829</timestamp>
			</report>
			<report>
				<misses>13010001</misses>
				<total>12</total>
				<timestamp>4808.886488</timestamp>
			</report>
			<report>
				<misses>13011001</misses>
				<total>12</total>
				<timestamp>4809.256134</timestamp>
			</report>
			<report>
				<misses>13012001</misses>
				<total>12</total>
				<timestamp>4809.625759</timestamp>
			</report>
			<report>
				<misses>13013001</misses>
				<total>12</total>
				<timestamp>4809.995356</timestamp>
			</report>
			<report>
				<misses>13014001</misses>
				<total>12</total>
				<timestamp>4810.364991</timestamp>
			</report>
			<report>
				<misses>13015001</misses>
				<total>12</total>
				<timestamp>4810.734619</timestamp>
			</report>
			<report>
				<misses>13016001</misses>
				<total>12</total>
				<timestamp>4811.104299</timestamp>
			</report>
			<report>
				<misses>13017001</misses>
				<total>12</total>
				<timestamp>4811.473959</timestamp>
			</report>
			<report>
				<misses>13018001</misses>
				<total>12</total>
				<timestamp>4811.843601</timestamp>
			</report>
			<report>
				<misses>13019001</misses>
				<total>11</total>
				<timestamp>4812.213261</timestamp>
			</report>
			<report>
				<misses>13020001</misses>
				<total>12</total>
				<timestamp>4812.582834</timestamp>
			</report>
			<report>
				<misses>13021001</misses>
				<total>12</total>
				<timestamp>4812.952430</timestamp>
			</report>
			<report>
				<misses>13022001</misses>
				<total>12</total>
				<timestamp>4813.322025</timestamp>
			</report>
			<report>
				<misses>13023001</misses>
				<total>12</total>
				<timestamp>4813.691738</timestamp>
			</report>
			<report>
				<misses>13024001</misses>
				<total>11</total>
				<timestamp>4814.061406</timestamp>
			</report>
			<report>
				<misses>13025001</misses>
				<total>12</total>
				<timestamp>4814.430912</timestamp>
			</report>
			<report>
				<misses>13026001</misses>
				<total>12</total>
				<timestamp>4814.800537</timestamp>
			</report>
			<report>
				<misses>13027001</misses>
				<total>12</total>
				<timestamp>4815.170219</timestamp>
			</report>
			<report>
				<misses>13028001</misses>
				<total>12</total>
				<timestamp>4815.539844</timestamp>
			</report>
			<report>
				<misses>13029001</misses>
				<total>12</total>
				<timestamp>4815.909478</timestamp>
			</report>
			<report>
				<misses>13030001</misses>
				<total>12</total>
				<timestamp>4816.279070</timestamp>
			</report>
			<report>
				<misses>13031001</misses>
				<total>12</total>
				<timestamp>4816.648711</timestamp>
			</report>
			<report>
				<misses>13032001</misses>
				<total>12</total>
				<timestamp>4817.018424</timestamp>
			</report>
			<report>
				<misses>13033001</misses>
				<total>12</total>
				<timestamp>4817.388020</timestamp>
			</report>
			<report>
				<misses>13034001</misses>
				<total>12</total>
				<timestamp>4817.757598</timestamp>
			</report>
			<report>
				<misses>13035001</misses>
				<total>11</total>
				<timestamp>4818.127356</timestamp>
			</report>
			<report>
				<misses>13036001</misses>
				<total>12</total>
				<timestamp>4818.496936</timestamp>
			</report>
			<report>
				<misses>13037001</misses>
				<total>12</total>
				<timestamp>4818.866523</timestamp>
			</report>
			<report>
				<misses>13038001</misses>
				<total>12</total>
				<timestamp>4819.236128</timestamp>
			</report>
			<report>
				<misses>13039001</misses>
				<total>12</total>
				<timestamp>4819.605748</timestamp>
			</report>
			<report>
				<misses>13040001</misses>
				<total>12</total>
				<timestamp>4819.975372</timestamp>
			</report>
			<report>
				<misses>13041001</misses>
				<total>11</total>
				<timestamp>4820.345099</timestamp>
			</report>
			<report>
				<misses>13042001</misses>
				<total>12</total>
				<timestamp>4820.714688</timestamp>
			</report>
			<report>
				<misses>13043001</misses>
				<total>12</total>
				<timestamp>4821.084297</timestamp>
			</report>
			<report>
				<misses>13044001</misses>
				<total>12</total>
				<timestamp>4821.453961</timestamp>
			</report>
			<report>
				<misses>13045001</misses>
				<total>12</total>
				<timestamp>4821.823514</timestamp>
			</report>
			<report>
				<misses>13046001</misses>
				<total>12</total>
				<timestamp>4822.193254</timestamp>
			</report>
			<report>
				<misses>13047001</misses>
				<total>12</total>
				<timestamp>4822.562775</timestamp>
			</report>
			<report>
				<misses>13048001</misses>
				<total>12</total>
				<timestamp>4822.932426</timestamp>
			</report>
			<report>
				<misses>13049001</misses>
				<total>12</total>
				<timestamp>4823.302053</timestamp>
			</report>
			<report>
				<misses>13050001</misses>
				<total>12</total>
				<timestamp>4823.671753</timestamp>
			</report>
			<report>
				<misses>13051001</misses>
				<total>12</total>
				<timestamp>4824.041350</timestamp>
			</report>
			<report>
				<misses>13052001</misses>
				<total>11</total>
				<timestamp>4824.411055</timestamp>
			</report>
			<report>
				<misses>13053001</misses>
				<total>12</total>
				<timestamp>4824.780560</timestamp>
			</report>
			<report>
				<misses>13054001</misses>
				<total>12</total>
				<timestamp>4825.150243</timestamp>
			</report>
			<report>
				<misses>13055001</misses>
				<total>12</total>
				<timestamp>4825.519896</timestamp>
			</report>
			<report>
				<misses>13056001</misses>
				<total>12</total>
				<timestamp>4825.889445</timestamp>
			</report>
			<report>
				<misses>13057001</misses>
				<total>12</total>
				<timestamp>4826.259138</timestamp>
			</report>
			<report>
				<misses>13058001</misses>
				<total>12</total>
				<timestamp>4826.628731</timestamp>
			</report>
			<report>
				<misses>13059001</misses>
				<total>12</total>
				<timestamp>4826.998358</timestamp>
			</report>
			<report>
				<misses>13060001</misses>
				<total>12</total>
				<timestamp>4827.367979</timestamp>
			</report>
			<report>
				<misses>13061001</misses>
				<total>12</total>
				<timestamp>4827.737589</timestamp>
			</report>
			<report>
				<misses>13062001</misses>
				<total>12</total>
				<timestamp>4828.107288</timestamp>
			</report>
			<report>
				<misses>13063001</misses>
				<total>12</total>
				<timestamp>4828.476850</timestamp>
			</report>
			<report>
				<misses>13064001</misses>
				<total>12</total>
				<timestamp>4828.846487</timestamp>
			</report>
			<report>
				<misses>13065001</misses>
				<total>12</total>
				<timestamp>4829.216190</timestamp>
			</report>
			<report>
				<misses>13066001</misses>
				<total>11</total>
				<timestamp>4829.585880</timestamp>
			</report>
			<report>
				<misses>13067001</misses>
				<total>11</total>
				<timestamp>4829.955469</timestamp>
			</report>
			<report>
				<misses>13068001</misses>
				<total>12</total>
				<timestamp>4830.325035</timestamp>
			</report>
			<report>
				<misses>13069001</misses>
				<total>12</total>
				<timestamp>4830.694659</timestamp>
			</report>
			<report>
				<misses>13070001</misses>
				<total>12</total>
				<timestamp>4831.064313</timestamp>
			</report>
			<report>
				<misses>13071001</misses>
				<total>12</total>
				<timestamp>4831.433921</timestamp>
			</report>
			<report>
				<misses>13072001</misses>
				<total>12</total>
				<timestamp>4831.803529</timestamp>
			</report>
			<report>
				<misses>13073001</misses>
				<total>12</total>
				<timestamp>4832.173187</timestamp>
			</report>
			<report>
				<misses>13074001</misses>
				<total>12</total>
				<timestamp>4832.542792</timestamp>
			</report>
			<report>
				<misses>13075001</misses>
				<total>12</total>
				<timestamp>4832.912415</timestamp>
			</report>
			<report>
				<misses>13076001</misses>
				<total>12</total>
				<timestamp>4833.282121</timestamp>
			</report>
			<report>
				<misses>13077001</misses>
				<total>12</total>
				<timestamp>4833.651740</timestamp>
			</report>
			<report>
				<misses>13078001</misses>
				<total>12</total>
				<timestamp>4834.021322</timestamp>
			</report>
			<report>
				<misses>13079001</misses>
				<total>12</total>
				<timestamp>4834.390964</timestamp>
			</report>
			<report>
				<misses>13080001</misses>
				<total>12</total>
				<timestamp>4834.760610</timestamp>
			</report>
			<report>
				<misses>13081001</misses>
				<total>12</total>
				<timestamp>4835.130221</timestamp>
			</report>
			<report>
				<misses>13082001</misses>
				<total>12</total>
				<timestamp>4835.499832</timestamp>
			</report>
			<report>
				<misses>13083001</misses>
				<total>13</total>
				<timestamp>4835.869474</timestamp>
			</report>
			<report>
				<misses>13084001</misses>
				<total>13</total>
				<timestamp>4836.239129</timestamp>
			</report>
			<report>
				<misses>13085001</misses>
				<total>13</total>
				<timestamp>4836.608795</timestamp>
			</report>
			<report>
				<misses>13086001</misses>
				<total>13</total>
				<timestamp>4836.978360</timestamp>
			</report>
			<report>
				<misses>13087001</misses>
				<total>13</total>
				<timestamp>4837.347992</timestamp>
			</report>
			<report>
				<misses>13088001</misses>
				<total>13</total>
				<timestamp>4837.717610</timestamp>
			</report>
			<report>
				<misses>13089001</misses>
				<total>13</total>
				<timestamp>4838.087335</timestamp>
			</report>
			<report>
				<misses>13090001</misses>
				<total>13</total>
				<timestamp>4838.456869</timestamp>
			</report>
			<report>
				<misses>13091001</misses>
				<total>13</total>
				<timestamp>4838.826509</timestamp>
			</report>
			<report>
				<misses>13092001</misses>
				<total>13</total>
				<timestamp>4839.196133</timestamp>
			</report>
			<report>
				<misses>13093001</misses>
				<total>13</total>
				<timestamp>4839.565755</timestamp>
			</report>
			<report>
				<misses>13094001</misses>
				<total>13</total>
				<timestamp>4839.935387</timestamp>
			</report>
			<report>
				<misses>13095001</misses>
				<total>13</total>
				<timestamp>4840.305125</timestamp>
			</report>
			<report>
				<misses>13096001</misses>
				<total>13</total>
				<timestamp>4840.674681</timestamp>
			</report>
			<report>
				<misses>13097001</misses>
				<total>13</total>
				<timestamp>4841.044283</timestamp>
			</report>
			<report>
				<misses>13098001</misses>
				<total>13</total>
				<timestamp>4841.413924</timestamp>
			</report>
			<report>
				<misses>13099001</misses>
				<total>13</total>
				<timestamp>4841.783590</timestamp>
			</report>
			<report>
				<misses>13100001</misses>
				<total>13</total>
				<timestamp>4842.153224</timestamp>
			</report>
			<report>
				<misses>13101001</misses>
				<total>13</total>
				<timestamp>4842.522801</timestamp>
			</report>
			<report>
				<misses>13102001</misses>
				<total>13</total>
				<timestamp>4842.892477</timestamp>
			</report>
			<report>
				<misses>13103001</misses>
				<total>13</total>
				<timestamp>4843.262129</timestamp>
			</report>
			<report>
				<misses>13104001</misses>
				<total>13</total>
				<timestamp>4843.631733</timestamp>
			</report>
			<report>
				<misses>13105001</misses>
				<total>13</total>
				<timestamp>4844.001388</timestamp>
			</report>
			<report>
				<misses>13106001</misses>
				<total>13</total>
				<timestamp>4844.370956</timestamp>
			</report>
			<report>
				<misses>13107001</misses>
				<total>13</total>
				<timestamp>4844.740622</timestamp>
			</report>
			<report>
				<misses>13108001</misses>
				<total>13</total>
				<timestamp>4845.110245</timestamp>
			</report>
			<report>
				<misses>13109001</misses>
				<total>13</total>
				<timestamp>4845.479896</timestamp>
			</report>
			<report>
				<misses>13110001</misses>
				<total>13</total>
				<timestamp>4845.849478</timestamp>
			</report>
			<report>
				<misses>13111001</misses>
				<total>13</total>
				<timestamp>4846.219183</timestamp>
			</report>
			<report>
				<misses>13112001</misses>
				<total>13</total>
				<timestamp>4846.588791</timestamp>
			</report>
			<report>
				<misses>13113001</misses>
				<total>13</total>
				<timestamp>4846.958399</timestamp>
			</report>
			<report>
				<misses>13114001</misses>
				<total>13</total>
				<timestamp>4847.328035</timestamp>
			</report>
			<report>
				<misses>13115001</misses>
				<total>13</total>
				<timestamp>4847.697649</timestamp>
			</report>
			<report>
				<misses>13116001</misses>
				<total>13</total>
				<timestamp>4848.067271</timestamp>
			</report>
			<report>
				<misses>13117001</misses>
				<total>13</total>
				<timestamp>4848.437043</timestamp>
			</report>
			<report>
				<misses>13118001</misses>
				<total>14</total>
				<timestamp>4848.806505</timestamp>
			</report>
			<report>
				<misses>13119001</misses>
				<total>14</total>
				<timestamp>4849.176172</timestamp>
			</report>
			<report>
				<misses>13120001</misses>
				<total>14</total>
				<timestamp>4849.545777</timestamp>
			</report>
			<report>
				<misses>13121001</misses>
				<total>13</total>
				<timestamp>4849.915497</timestamp>
			</report>
			<report>
				<misses>13122001</misses>
				<total>14</total>
				<timestamp>4850.285064</timestamp>
			</report>
			<report>
				<misses>13123001</misses>
				<total>14</total>
				<timestamp>4850.654669</timestamp>
			</report>
			<report>
				<misses>13124001</misses>
				<total>14</total>
				<timestamp>4851.024308</timestamp>
			</report>
			<report>
				<misses>13125001</misses>
				<total>14</total>
				<timestamp>4851.393986</timestamp>
			</report>
			<report>
				<misses>13126001</misses>
				<total>14</total>
				<timestamp>4851.763598</timestamp>
			</report>
			<report>
				<misses>13127001</misses>
				<total>14</total>
				<timestamp>4852.133218</timestamp>
			</report>
			<report>
				<misses>13128001</misses>
				<total>14</total>
				<timestamp>4852.502836</timestamp>
			</report>
			<report>
				<misses>13129001</misses>
				<total>14</total>
				<timestamp>4852.872427</timestamp>
			</report>
			<report>
				<misses>13130001</misses>
				<total>14</total>
				<timestamp>4853.242066</timestamp>
			</report>
			<report>
				<misses>13131001</misses>
				<total>14</total>
				<timestamp>4853.611716</timestamp>
			</report>
			<report>
				<misses>13132001</misses>
				<total>14</total>
				<timestamp>4853.981329</timestamp>
			</report>
			<report>
				<misses>13133001</misses>
				<total>14</total>
				<timestamp>4854.351072</timestamp>
			</report>
			<report>
				<misses>13134001</misses>
				<total>14</total>
				<timestamp>4854.720593</timestamp>
			</report>
			<report>
				<misses>13135001</misses>
				<total>14</total>
				<timestamp>4855.090217</timestamp>
			</report>
			<report>
				<misses>13136001</misses>
				<total>14</total>
				<timestamp>4855.459840</timestamp>
			</report>
			<report>
				<misses>13137001</misses>
				<total>13</total>
				<timestamp>4855.829594</timestamp>
			</report>
			<report>
				<misses>13138001</misses>
				<total>14</total>
				<timestamp>4856.199180</timestamp>
			</report>
			<report>
				<misses>13139001</misses>
				<total>14</total>
				<timestamp>4856.568738</timestamp>
			</report>
			<report>
				<misses>13140001</misses>
				<total>14</total>
				<timestamp>4856.938372</timestamp>
			</report>
			<report>
				<misses>13141001</misses>
				<total>14</total>
				<timestamp>4857.308093</timestamp>
			</report>
			<report>
				<misses>13142001</misses>
				<total>14</total>
				<timestamp>4857.677681</timestamp>
			</report>
			<report>
				<misses>13143001</misses>
				<total>14</total>
				<timestamp>4858.047257</timestamp>
			</report>
			<report>
				<misses>13144001</misses>
				<total>14</total>
				<timestamp>4858.416908</timestamp>
			</report>
			<report>
				<misses>13145001</misses>
				<total>14</total>
				<timestamp>4858.786587</timestamp>
			</report>
			<report>
				<misses>13146001</misses>
				<total>14</total>
				<timestamp>4859.156154</timestamp>
			</report>
			<report>
				<misses>13147001</misses>
				<total>14</total>
				<timestamp>4859.525827</timestamp>
			</report>
			<report>
				<misses>13148001</misses>
				<total>14</total>
				<timestamp>4859.895430</timestamp>
			</report>
			<report>
				<misses>13149001</misses>
				<total>14</total>
				<timestamp>4860.265113</timestamp>
			</report>
			<report>
				<misses>13150001</misses>
				<total>14</total>
				<timestamp>4860.634756</timestamp>
			</report>
			<report>
				<misses>13151001</misses>
				<total>14</total>
				<timestamp>4861.004290</timestamp>
			</report>
			<report>
				<misses>13152001</misses>
				<total>14</total>
				<timestamp>4861.373963</timestamp>
			</report>
			<report>
				<misses>13153001</misses>
				<total>14</total>
				<timestamp>4861.743605</timestamp>
			</report>
			<report>
				<misses>13154001</misses>
				<total>14</total>
				<timestamp>4862.113265</timestamp>
			</report>
			<report>
				<misses>13155001</misses>
				<total>14</total>
				<timestamp>4862.482812</timestamp>
			</report>
			<report>
				<misses>13156001</misses>
				<total>14</total>
				<timestamp>4862.852460</timestamp>
			</report>
			<report>
				<misses>13157001</misses>
				<total>14</total>
				<timestamp>4863.222162</timestamp>
			</report>
			<report>
				<misses>13158001</misses>
				<total>14</total>
				<timestamp>4863.591722</timestamp>
			</report>
			<report>
				<misses>13159001</misses>
				<total>14</total>
				<timestamp>4863.961336</timestamp>
			</report>
			<report>
				<misses>13160001</misses>
				<total>14</total>
				<timestamp>4864.331039</timestamp>
			</report>
			<report>
				<misses>13161001</misses>
				<total>14</total>
				<timestamp>4864.700606</timestamp>
			</report>
			<report>
				<misses>13162001</misses>
				<total>14</total>
				<timestamp>4865.070257</timestamp>
			</report>
			<report>
				<misses>13163001</misses>
				<total>14</total>
				<timestamp>4865.439866</timestamp>
			</report>
			<report>
				<misses>13164001</misses>
				<total>14</total>
				<timestamp>4865.809505</timestamp>
			</report>
			<report>
				<misses>13165001</misses>
				<total>14</total>
				<timestamp>4866.179142</timestamp>
			</report>
			<report>
				<misses>13166001</misses>
				<total>14</total>
				<timestamp>4866.548752</timestamp>
			</report>
			<report>
				<misses>13167001</misses>
				<total>14</total>
				<timestamp>4866.918423</timestamp>
			</report>
			<report>
				<misses>13168001</misses>
				<total>14</total>
				<timestamp>4867.288069</timestamp>
			</report>
			<report>
				<misses>13169001</misses>
				<total>14</total>
				<timestamp>4867.657641</timestamp>
			</report>
			<report>
				<misses>13170001</misses>
				<total>14</total>
				<timestamp>4868.027282</timestamp>
			</report>
			<report>
				<misses>13171001</misses>
				<total>14</total>
				<timestamp>4868.397002</timestamp>
			</report>
			<report>
				<misses>13172001</misses>
				<total>13</total>
				<timestamp>4868.766643</timestamp>
			</report>
			<report>
				<misses>13173001</misses>
				<total>13</total>
				<timestamp>4869.136267</timestamp>
			</report>
			<report>
				<misses>13174001</misses>
				<total>14</total>
				<timestamp>4869.505776</timestamp>
			</report>
			<report>
				<misses>13175001</misses>
				<total>13</total>
				<timestamp>4869.875529</timestamp>
			</report>
			<report>
				<misses>13176001</misses>
				<total>14</total>
				<timestamp>4870.245073</timestamp>
			</report>
			<report>
				<misses>13177001</misses>
				<total>14</total>
				<timestamp>4870.614688</timestamp>
			</report>
			<report>
				<misses>13178001</misses>
				<total>14</total>
				<timestamp>4870.984320</timestamp>
			</report>
			<report>
				<misses>13179001</misses>
				<total>13</total>
				<timestamp>4871.354060</timestamp>
			</report>
			<report>
				<misses>13180001</misses>
				<total>14</total>
				<timestamp>4871.723568</timestamp>
			</report>
			<report>
				<misses>13181001</misses>
				<total>13</total>
				<timestamp>4872.093295</timestamp>
			</report>
			<report>
				<misses>13182001</misses>
				<total>14</total>
				<timestamp>4872.462833</timestamp>
			</report>
			<report>
				<misses>13183001</misses>
				<total>14</total>
				<timestamp>4872.832472</timestamp>
			</report>
			<report>
				<misses>13184001</misses>
				<total>14</total>
				<timestamp>4873.202118</timestamp>
			</report>
			<report>
				<misses>13185001</misses>
				<total>14</total>
				<timestamp>4873.571748</timestamp>
			</report>
			<report>
				<misses>13186001</misses>
				<total>14</total>
				<timestamp>4873.941385</timestamp>
			</report>
			<report>
				<misses>13187001</misses>
				<total>14</total>
				<timestamp>4874.311064</timestamp>
			</report>
			<report>
				<misses>13188001</misses>
				<total>14</total>
				<timestamp>4874.680625</timestamp>
			</report>
			<report>
				<misses>13189001</misses>
				<total>14</total>
				<timestamp>4875.050281</timestamp>
			</report>
			<report>
				<misses>13190001</misses>
				<total>14</total>
				<timestamp>4875.419891</timestamp>
			</report>
			<report>
				<misses>13191001</misses>
				<total>14</total>
				<timestamp>4875.789502</timestamp>
			</report>
			<report>
				<misses>13192001</misses>
				<total>14</total>
				<timestamp>4876.159205</timestamp>
			</report>
			<report>
				<misses>13193001</misses>
				<total>14</total>
				<timestamp>4876.528790</timestamp>
			</report>
			<report>
				<misses>13194001</misses>
				<total>14</total>
				<timestamp>4876.898387</timestamp>
			</report>
			<report>
				<misses>13195001</misses>
				<total>14</total>
				<timestamp>4877.268019</timestamp>
			</report>
			<report>
				<misses>13196001</misses>
				<total>13</total>
				<timestamp>4877.637778</timestamp>
			</report>
			<report>
				<misses>13197001</misses>
				<total>14</total>
				<timestamp>4878.007298</timestamp>
			</report>
			<report>
				<misses>13198001</misses>
				<total>14</total>
				<timestamp>4878.376948</timestamp>
			</report>
			<report>
				<misses>13199001</misses>
				<total>14</total>
				<timestamp>4878.746526</timestamp>
			</report>
			<report>
				<misses>13200001</misses>
				<total>14</total>
				<timestamp>4879.116193</timestamp>
			</report>
			<report>
				<misses>13201001</misses>
				<total>14</total>
				<timestamp>4879.485854</timestamp>
			</report>
			<report>
				<misses>13202001</misses>
				<total>14</total>
				<timestamp>4879.855442</timestamp>
			</report>
			<report>
				<misses>13203001</misses>
				<total>14</total>
				<timestamp>4880.225085</timestamp>
			</report>
			<report>
				<misses>13204001</misses>
				<total>14</total>
				<timestamp>4880.594707</timestamp>
			</report>
			<report>
				<misses>13205001</misses>
				<total>14</total>
				<timestamp>4880.964382</timestamp>
			</report>
			<report>
				<misses>13206001</misses>
				<total>14</total>
				<timestamp>4881.334000</timestamp>
			</report>
			<report>
				<misses>13207001</misses>
				<total>14</total>
				<timestamp>4881.703603</timestamp>
			</report>
			<report>
				<misses>13208001</misses>
				<total>14</total>
				<timestamp>4882.073223</timestamp>
			</report>
			<report>
				<misses>13209001</misses>
				<total>14</total>
				<timestamp>4882.442872</timestamp>
			</report>
			<report>
				<misses>13210001</misses>
				<total>14</total>
				<timestamp>4882.812534</timestamp>
			</report>
			<report>
				<misses>13211001</misses>
				<total>14</total>
				<timestamp>4883.182133</timestamp>
			</report>
			<report>
				<misses>13212001</misses>
				<total>14</total>
				<timestamp>4883.551832</timestamp>
			</report>
			<report>
				<misses>13213001</misses>
				<total>14</total>
				<timestamp>4883.921388</timestamp>
			</report>
			<report>
				<misses>13214001</misses>
				<total>14</total>
				<timestamp>4884.291066</timestamp>
			</report>
			<report>
				<misses>13215001</misses>
				<total>14</total>
				<timestamp>4884.660613</timestamp>
			</report>
			<report>
				<misses>13216001</misses>
				<total>14</total>
				<timestamp>4885.030322</timestamp>
			</report>
			<report>
				<misses>13217001</misses>
				<total>14</total>
				<timestamp>4885.399956</timestamp>
			</report>
			<report>
				<misses>13218001</misses>
				<total>15</total>
				<timestamp>4885.769535</timestamp>
			</report>
			<report>
				<misses>13219001</misses>
				<total>15</total>
				<timestamp>4886.139148</timestamp>
			</report>
			<report>
				<misses>13220001</misses>
				<total>15</total>
				<timestamp>4886.508778</timestamp>
			</report>
			<report>
				<misses>13221001</misses>
				<total>15</total>
				<timestamp>4886.878403</timestamp>
			</report>
			<report>
				<misses>13222001</misses>
				<total>15</total>
				<timestamp>4887.248129</timestamp>
			</report>
			<report>
				<misses>13223001</misses>
				<total>15</total>
				<timestamp>4887.617653</timestamp>
			</report>
			<report>
				<misses>13224001</misses>
				<total>15</total>
				<timestamp>4887.987320</timestamp>
			</report>
			<report>
				<misses>13225001</misses>
				<total>15</total>
				<timestamp>4888.356974</timestamp>
			</report>
			<report>
				<misses>13226001</misses>
				<total>15</total>
				<timestamp>4888.726627</timestamp>
			</report>
			<report>
				<misses>13227001</misses>
				<total>14</total>
				<timestamp>4889.096272</timestamp>
			</report>
			<report>
				<misses>13228001</misses>
				<total>15</total>
				<timestamp>4889.465861</timestamp>
			</report>
			<report>
				<misses>13229001</misses>
				<total>15</total>
				<timestamp>4889.835458</timestamp>
			</report>
			<report>
				<misses>13230001</misses>
				<total>15</total>
				<timestamp>4890.205125</timestamp>
			</report>
			<report>
				<misses>13231001</misses>
				<total>15</total>
				<timestamp>4890.574719</timestamp>
			</report>
			<report>
				<misses>13232001</misses>
				<total>15</total>
				<timestamp>4890.944321</timestamp>
			</report>
			<report>
				<misses>13233001</misses>
				<total>15</total>
				<timestamp>4891.313957</timestamp>
			</report>
			<report>
				<misses>13234001</misses>
				<total>15</total>
				<timestamp>4891.683671</timestamp>
			</report>
			<report>
				<misses>13235001</misses>
				<total>15</total>
				<timestamp>4892.053264</timestamp>
			</report>
			<report>
				<misses>13236001</misses>
				<total>15</total>
				<timestamp>4892.422913</timestamp>
			</report>
			<report>
				<misses>13237001</misses>
				<total>14</total>
				<timestamp>4892.792576</timestamp>
			</report>
			<report>
				<misses>13238001</misses>
				<total>15</total>
				<timestamp>4893.162127</timestamp>
			</report>
			<report>
				<misses>13239001</misses>
				<total>15</total>
				<timestamp>4893.531789</timestamp>
			</report>
			<report>
				<misses>13240001</misses>
				<total>15</total>
				<timestamp>4893.901380</timestamp>
			</report>
			<report>
				<misses>13241001</misses>
				<total>15</total>
				<timestamp>4894.271026</timestamp>
			</report>
			<report>
				<misses>13242001</misses>
				<total>15</total>
				<timestamp>4894.640626</timestamp>
			</report>
			<report>
				<misses>13243001</misses>
				<total>15</total>
				<timestamp>4895.010259</timestamp>
			</report>
			<report>
				<misses>13244001</misses>
				<total>15</total>
				<timestamp>4895.379915</timestamp>
			</report>
			<report>
				<misses>13245001</misses>
				<total>15</total>
				<timestamp>4895.749563</timestamp>
			</report>
			<report>
				<misses>13246001</misses>
				<total>14</total>
				<timestamp>4896.119303</timestamp>
			</report>
			<report>
				<misses>13247001</misses>
				<total>15</total>
				<timestamp>4896.488897</timestamp>
			</report>
			<report>
				<misses>13248001</misses>
				<total>15</total>
				<timestamp>4896.858445</timestamp>
			</report>
			<report>
				<misses>13249001</misses>
				<total>15</total>
				<timestamp>4897.228083</timestamp>
			</report>
			<report>
				<misses>13250001</misses>
				<total>15</total>
				<timestamp>4897.597713</timestamp>
			</report>
			<report>
				<misses>13251001</misses>
				<total>15</total>
				<timestamp>4897.967331</timestamp>
			</report>
			<report>
				<misses>13252001</misses>
				<total>15</total>
				<timestamp>4898.336922</timestamp>
			</report>
			<report>
				<misses>13253001</misses>
				<total>15</total>
				<timestamp>4898.706626</timestamp>
			</report>
			<report>
				<misses>13254001</misses>
				<total>15</total>
				<timestamp>4899.076183</timestamp>
			</report>
			<report>
				<misses>13255001</misses>
				<total>15</total>
				<timestamp>4899.445838</timestamp>
			</report>
			<report>
				<misses>13256001</misses>
				<total>15</total>
				<timestamp>4899.815513</timestamp>
			</report>
			<report>
				<misses>13257001</misses>
				<total>15</total>
				<timestamp>4900.185087</timestamp>
			</report>
			<report>
				<misses>13258001</misses>
				<total>15</total>
				<timestamp>4900.554769</timestamp>
			</report>
			<report>
				<misses>13259001</misses>
				<total>15</total>
				<timestamp>4900.924333</timestamp>
			</report>
			<report>
				<misses>13260001</misses>
				<total>15</total>
				<timestamp>4901.294040</timestamp>
			</report>
			<report>
				<misses>13261001</misses>
				<total>15</total>
				<timestamp>4901.663644</timestamp>
			</report>
			<report>
				<misses>13262001</misses>
				<total>15</total>
				<timestamp>4902.033224</timestamp>
			</report>
			<report>
				<misses>13263001</misses>
				<total>15</total>
				<timestamp>4902.402919</timestamp>
			</report>
			<report>
				<misses>13264001</misses>
				<total>15</total>
				<timestamp>4902.772482</timestamp>
			</report>
			<report>
				<misses>13265001</misses>
				<total>15</total>
				<timestamp>4903.142111</timestamp>
			</report>
			<report>
				<misses>13266001</misses>
				<total>15</total>
				<timestamp>4903.511768</timestamp>
			</report>
			<report>
				<misses>13267001</misses>
				<total>15</total>
				<timestamp>4903.881366</timestamp>
			</report>
			<report>
				<misses>13268001</misses>
				<total>15</total>
				<timestamp>4904.251079</timestamp>
			</report>
			<report>
				<misses>13269001</misses>
				<total>15</total>
				<timestamp>4904.620669</timestamp>
			</report>
			<report>
				<misses>13270001</misses>
				<total>14</total>
				<timestamp>4904.990381</timestamp>
			</report>
			<report>
				<misses>13271001</misses>
				<total>15</total>
				<timestamp>4905.359892</timestamp>
			</report>
			<report>
				<misses>13272001</misses>
				<total>15</total>
				<timestamp>4905.729594</timestamp>
			</report>
			<report>
				<misses>13273001</misses>
				<total>15</total>
				<timestamp>4906.099184</timestamp>
			</report>
			<report>
				<misses>13274001</misses>
				<total>15</total>
				<timestamp>4906.468819</timestamp>
			</report>
			<report>
				<misses>13275001</misses>
				<total>15</total>
				<timestamp>4906.838404</timestamp>
			</report>
			<report>
				<misses>13276001</misses>
				<total>14</total>
				<timestamp>4907.208156</timestamp>
			</report>
			<report>
				<misses>13277001</misses>
				<total>15</total>
				<timestamp>4907.577685</timestamp>
			</report>
			<report>
				<misses>13278001</misses>
				<total>15</total>
				<timestamp>4907.947330</timestamp>
			</report>
			<report>
				<misses>13279001</misses>
				<total>15</total>
				<timestamp>4908.317017</timestamp>
			</report>
			<report>
				<misses>13280001</misses>
				<total>15</total>
				<timestamp>4908.686641</timestamp>
			</report>
			<report>
				<misses>13281001</misses>
				<total>15</total>
				<timestamp>4909.056251</timestamp>
			</report>
			<report>
				<misses>13282001</misses>
				<total>15</total>
				<timestamp>4909.425847</timestamp>
			</report>
			<report>
				<misses>13283001</misses>
				<total>15</total>
				<timestamp>4909.795456</timestamp>
			</report>
			<report>
				<misses>13284001</misses>
				<total>15</total>
				<timestamp>4910.165093</timestamp>
			</report>
			<report>
				<misses>13285001</misses>
				<total>15</total>
				<timestamp>4910.534710</timestamp>
			</report>
			<report>
				<misses>13286001</misses>
				<total>15</total>
				<timestamp>4910.904343</timestamp>
			</report>
			<report>
				<misses>13287001</misses>
				<total>15</total>
				<timestamp>4911.273980</timestamp>
			</report>
			<report>
				<misses>13288001</misses>
				<total>15</total>
				<timestamp>4911.643624</timestamp>
			</report>
			<report>
				<misses>13289001</misses>
				<total>15</total>
				<timestamp>4912.013289</timestamp>
			</report>
			<report>
				<misses>13290001</misses>
				<total>15</total>
				<timestamp>4912.382854</timestamp>
			</report>
			<report>
				<misses>13291001</misses>
				<total>15</total>
				<timestamp>4912.752583</timestamp>
			</report>
			<report>
				<misses>13292001</misses>
				<total>16</total>
				<timestamp>4913.122118</timestamp>
			</report>
			<report>
				<misses>13293001</misses>
				<total>16</total>
				<timestamp>4913.491804</timestamp>
			</report>
			<report>
				<misses>13294001</misses>
				<total>16</total>
				<timestamp>4913.861457</timestamp>
			</report>
			<report>
				<misses>13295001</misses>
				<total>16</total>
				<timestamp>4914.231049</timestamp>
			</report>
			<report>
				<misses>13296001</misses>
				<total>16</total>
				<timestamp>4914.600645</timestamp>
			</report>
			<report>
				<misses>13297001</misses>
				<total>16</total>
				<timestamp>4914.970295</timestamp>
			</report>
			<report>
				<misses>13298001</misses>
				<total>16</total>
				<timestamp>4915.339899</timestamp>
			</report>
			<report>
				<misses>13299001</misses>
				<total>16</total>
				<timestamp>4915.709539</timestamp>
			</report>
			<report>
				<misses>13300001</misses>
				<total>15</total>
				<timestamp>4916.079284</timestamp>
			</report>
			<report>
				<misses>13301001</misses>
				<total>16</total>
				<timestamp>4916.448796</timestamp>
			</report>
			<report>
				<misses>13302001</misses>
				<total>16</total>
				<timestamp>4916.818427</timestamp>
			</report>
			<report>
				<misses>13303001</misses>
				<total>16</total>
				<timestamp>4917.188092</timestamp>
			</report>
			<report>
				<misses>13304001</misses>
				<total>15</total>
				<timestamp>4917.557773</timestamp>
			</report>
			<report>
				<misses>13305001</misses>
				<total>16</total>
				<timestamp>4917.927363</timestamp>
			</report>
			<report>
				<misses>13306001</misses>
				<total>15</total>
				<timestamp>4918.297052</timestamp>
			</report>
			<report>
				<misses>13307001</misses>
				<total>16</total>
				<timestamp>4918.666674</timestamp>
			</report>
			<report>
				<misses>13308001</misses>
				<total>16</total>
				<timestamp>4919.036211</timestamp>
			</report>
			<report>
				<misses>13309001</misses>
				<total>16</total>
				<timestamp>4919.405894</timestamp>
			</report>
			<report>
				<misses>13310001</misses>
				<total>16</total>
				<timestamp>4919.775478</timestamp>
			</report>
			<report>
				<misses>13311001</misses>
				<total>16</total>
				<timestamp>4920.145115</timestamp>
			</report>
			<report>
				<misses>13312001</misses>
				<total>16</total>
				<timestamp>4920.514740</timestamp>
			</report>
			<report>
				<misses>13313001</misses>
				<total>16</total>
				<timestamp>4920.884357</timestamp>
			</report>
			<report>
				<misses>13314001</misses>
				<total>16</total>
				<timestamp>4921.254049</timestamp>
			</report>
			<report>
				<misses>13315001</misses>
				<total>16</total>
				<timestamp>4921.623707</timestamp>
			</report>
			<report>
				<misses>13316001</misses>
				<total>16</total>
				<timestamp>4921.993282</timestamp>
			</report>
			<report>
				<misses>13317001</misses>
				<total>16</total>
				<timestamp>4922.362890</timestamp>
			</report>
			<report>
				<misses>13318001</misses>
				<total>16</total>
				<timestamp>4922.732580</timestamp>
			</report>
			<report>
				<misses>13319001</misses>
				<total>16</total>
				<timestamp>4923.102136</timestamp>
			</report>
			<report>
				<misses>13320001</misses>
				<total>16</total>
				<timestamp>4923.471777</timestamp>
			</report>
			<report>
				<misses>13321001</misses>
				<total>16</total>
				<timestamp>4923.841422</timestamp>
			</report>
			<report>
				<misses>13322001</misses>
				<total>16</total>
				<timestamp>4924.211064</timestamp>
			</report>
			<report>
				<misses>13323001</misses>
				<total>15</total>
				<timestamp>4924.580759</timestamp>
			</report>
			<report>
				<misses>13324001</misses>
				<total>16</total>
				<timestamp>4924.950319</timestamp>
			</report>
			<report>
				<misses>13325001</misses>
				<total>16</total>
				<timestamp>4925.319964</timestamp>
			</report>
			<report>
				<misses>13326001</misses>
				<total>16</total>
				<timestamp>4925.689604</timestamp>
			</report>
			<report>
				<misses>13327001</misses>
				<total>15</total>
				<timestamp>4926.059291</timestamp>
			</report>
			<report>
				<misses>13328001</misses>
				<total>16</total>
				<timestamp>4926.428866</timestamp>
			</report>
			<report>
				<misses>13329001</misses>
				<total>16</total>
				<timestamp>4926.798455</timestamp>
			</report>
			<report>
				<misses>13330001</misses>
				<total>16</total>
				<timestamp>4927.168104</timestamp>
			</report>
			<report>
				<misses>13331001</misses>
				<total>15</total>
				<timestamp>4927.537838</timestamp>
			</report>
			<report>
				<misses>13332001</misses>
				<total>16</total>
				<timestamp>4927.907353</timestamp>
			</report>
			<report>
				<misses>13333001</misses>
				<total>16</total>
				<timestamp>4928.276970</timestamp>
			</report>
			<report>
				<misses>13334001</misses>
				<total>16</total>
				<timestamp>4928.646586</timestamp>
			</report>
			<report>
				<misses>13335001</misses>
				<total>16</total>
				<timestamp>4929.016250</timestamp>
			</report>
			<report>
				<misses>13336001</misses>
				<total>16</total>
				<timestamp>4929.385848</timestamp>
			</report>
			<report>
				<misses>13337001</misses>
				<total>16</total>
				<timestamp>4929.755523</timestamp>
			</report>
			<report>
				<misses>13338001</misses>
				<total>16</total>
				<timestamp>4930.125132</timestamp>
			</report>
			<report>
				<misses>13339001</misses>
				<total>16</total>
				<timestamp>4930.494772</timestamp>
			</report>
			<report>
				<misses>13340001</misses>
				<total>16</total>
				<timestamp>4930.864396</timestamp>
			</report>
			<report>
				<misses>13341001</misses>
				<total>15</total>
				<timestamp>4931.234097</timestamp>
			</report>
			<report>
				<misses>13342001</misses>
				<total>16</total>
				<timestamp>4931.603705</timestamp>
			</report>
			<report>
				<misses>13343001</misses>
				<total>15</total>
				<timestamp>4931.973408</timestamp>
			</report>
			<report>
				<misses>13344001</misses>
				<total>16</total>
				<timestamp>4932.342905</timestamp>
			</report>
			<report>
				<misses>13345001</misses>
				<total>16</total>
				<timestamp>4932.712530</timestamp>
			</report>
			<report>
				<misses>13346001</misses>
				<total>16</total>
				<timestamp>4933.082197</timestamp>
			</report>
			<report>
				<misses>13347001</misses>
				<total>16</total>
				<timestamp>4933.451818</timestamp>
			</report>
			<report>
				<misses>13348001</misses>
				<total>16</total>
				<timestamp>4933.821450</timestamp>
			</report>
			<report>
				<misses>13349001</misses>
				<total>16</total>
				<timestamp>4934.191082</timestamp>
			</report>
			<report>
				<misses>13350001</misses>
				<total>16</total>
				<timestamp>4934.560667</timestamp>
			</report>
			<report>
				<misses>13351001</misses>
				<total>16</total>
				<timestamp>4934.930335</timestamp>
			</report>
			<report>
				<misses>13352001</misses>
				<total>16</total>
				<timestamp>4935.299950</timestamp>
			</report>
			<report>
				<misses>13353001</misses>
				<total>16</total>
				<timestamp>4935.669649</timestamp>
			</report>
			<report>
				<misses>13354001</misses>
				<total>16</total>
				<timestamp>4936.039201</timestamp>
			</report>
			<report>
				<misses>13355001</misses>
				<total>16</total>
				<timestamp>4936.408846</timestamp>
			</report>
			<report>
				<misses>13356001</misses>
				<total>15</total>
				<timestamp>4936.778569</timestamp>
			</report>
			<report>
				<misses>13357001</misses>
				<total>16</total>
				<timestamp>4937.148136</timestamp>
			</report>
			<report>
				<misses>13358001</misses>
				<total>16</total>
				<timestamp>4937.517722</timestamp>
			</report>
			<report>
				<misses>13359001</misses>
				<total>16</total>
				<timestamp>4937.887369</timestamp>
			</report>
			<report>
				<misses>13360001</misses>
				<total>16</total>
				<timestamp>4938.256957</timestamp>
			</report>
			<report>
				<misses>13361001</misses>
				<total>16</total>
				<timestamp>4938.626624</timestamp>
			</report>
			<report>
				<misses>13362001</misses>
				<total>16</total>
				<timestamp>4938.996285</timestamp>
			</report>
			<report>
				<misses>13363001</misses>
				<total>16</total>
				<timestamp>4939.365863</timestamp>
			</report>
			<report>
				<misses>13364001</misses>
				<total>16</total>
				<timestamp>4939.735522</timestamp>
			</report>
			<report>
				<misses>13365001</misses>
				<total>16</total>
				<timestamp>4940.105125</timestamp>
			</report>
			<report>
				<misses>13366001</misses>
				<total>16</total>
				<timestamp>4940.474811</timestamp>
			</report>
			<report>
				<misses>13367001</misses>
				<total>16</total>
				<timestamp>4940.844443</timestamp>
			</report>
			<report>
				<misses>13368001</misses>
				<total>16</total>
				<timestamp>4941.214004</timestamp>
			</report>
			<report>
				<misses>13369001</misses>
				<total>16</total>
				<timestamp>4941.583648</timestamp>
			</report>
			<report>
				<misses>13370001</misses>
				<total>16</total>
				<timestamp>4941.953274</timestamp>
			</report>
			<report>
				<misses>13371001</misses>
				<total>16</total>
				<timestamp>4942.322949</timestamp>
			</report>
			<report>
				<misses>13372001</misses>
				<total>16</total>
				<timestamp>4942.692567</timestamp>
			</report>
			<report>
				<misses>13373001</misses>
				<total>16</total>
				<timestamp>4943.062221</timestamp>
			</report>
			<report>
				<misses>13374001</misses>
				<total>16</total>
				<timestamp>4943.431788</timestamp>
			</report>
			<report>
				<misses>13375001</misses>
				<total>16</total>
				<timestamp>4943.801488</timestamp>
			</report>
			<report>
				<misses>13376001</misses>
				<total>16</total>
				<timestamp>4944.171054</timestamp>
			</report>
			<report>
				<misses>13377001</misses>
				<total>16</total>
				<timestamp>4944.540754</timestamp>
			</report>
			<report>
				<misses>13378001</misses>
				<total>16</total>
				<timestamp>4944.910315</timestamp>
			</report>
			<report>
				<misses>13379001</misses>
				<total>16</total>
				<timestamp>4945.279957</timestamp>
			</report>
			<report>
				<misses>13380001</misses>
				<total>16</total>
				<timestamp>4945.649566</timestamp>
			</report>
			<report>
				<misses>13381001</misses>
				<total>16</total>
				<timestamp>4946.019196</timestamp>
			</report>
			<report>
				<misses>13382001</misses>
				<total>16</total>
				<timestamp>4946.388832</timestamp>
			</report>
			<report>
				<misses>13383001</misses>
				<total>16</total>
				<timestamp>4946.758509</timestamp>
			</report>
			<report>
				<misses>13384001</misses>
				<total>16</total>
				<timestamp>4947.128091</timestamp>
			</report>
			<report>
				<misses>13385001</misses>
				<total>16</total>
				<timestamp>4947.497768</timestamp>
			</report>
			<report>
				<misses>13386001</misses>
				<total>16</total>
				<timestamp>4947.867443</timestamp>
			</report>
			<report>
				<misses>13387001</misses>
				<total>15</total>
				<timestamp>4948.237061</timestamp>
			</report>
			<report>
				<misses>13388001</misses>
				<total>16</total>
				<timestamp>4948.606608</timestamp>
			</report>
			<report>
				<misses>13389001</misses>
				<total>16</total>
				<timestamp>4948.976235</timestamp>
			</report>
			<report>
				<misses>13390001</misses>
				<total>16</total>
				<timestamp>4949.345871</timestamp>
			</report>
			<report>
				<misses>13391001</misses>
				<total>16</total>
				<timestamp>4949.715581</timestamp>
			</report>
			<report>
				<misses>13392001</misses>
				<total>16</total>
				<timestamp>4950.085142</timestamp>
			</report>
			<report>
				<misses>13393001</misses>
				<total>16</total>
				<timestamp>4950.454754</timestamp>
			</report>
			<report>
				<misses>13394001</misses>
				<total>16</total>
				<timestamp>4950.824447</timestamp>
			</report>
			<report>
				<misses>13395001</misses>
				<total>16</total>
				<timestamp>4951.194034</timestamp>
			</report>
			<report>
				<misses>13396001</misses>
				<total>16</total>
				<timestamp>4951.563735</timestamp>
			</report>
			<report>
				<misses>13397001</misses>
				<total>16</total>
				<timestamp>4951.933271</timestamp>
			</report>
			<report>
				<misses>13398001</misses>
				<total>16</total>
				<timestamp>4952.302929</timestamp>
			</report>
			<report>
				<misses>13399001</misses>
				<total>16</total>
				<timestamp>4952.672559</timestamp>
			</report>
			<report>
				<misses>13400001</misses>
				<total>16</total>
				<timestamp>4953.042165</timestamp>
			</report>
			<report>
				<misses>13401001</misses>
				<total>16</total>
				<timestamp>4953.411798</timestamp>
			</report>
			<report>
				<misses>13402001</misses>
				<total>16</total>
				<timestamp>4953.781430</timestamp>
			</report>
			<report>
				<misses>13403001</misses>
				<total>16</total>
				<timestamp>4954.151113</timestamp>
			</report>
			<report>
				<misses>13404001</misses>
				<total>16</total>
				<timestamp>4954.520687</timestamp>
			</report>
			<report>
				<misses>13405001</misses>
				<total>16</total>
				<timestamp>4954.890423</timestamp>
			</report>
			<report>
				<misses>13406001</misses>
				<total>15</total>
				<timestamp>4955.260103</timestamp>
			</report>
			<report>
				<misses>13407001</misses>
				<total>16</total>
				<timestamp>4955.629644</timestamp>
			</report>
			<report>
				<misses>13408001</misses>
				<total>15</total>
				<timestamp>4955.999331</timestamp>
			</report>
			<report>
				<misses>13409001</misses>
				<total>16</total>
				<timestamp>4956.368883</timestamp>
			</report>
			<report>
				<misses>13410001</misses>
				<total>16</total>
				<timestamp>4956.738533</timestamp>
			</report>
			<report>
				<misses>13411001</misses>
				<total>16</total>
				<timestamp>4957.108151</timestamp>
			</report>
			<report>
				<misses>13412001</misses>
				<total>16</total>
				<timestamp>4957.477715</timestamp>
			</report>
			<report>
				<misses>13413001</misses>
				<total>16</total>
				<timestamp>4957.847371</timestamp>
			</report>
			<report>
				<misses>13414001</misses>
				<total>16</total>
				<timestamp>4958.217059</timestamp>
			</report>
			<report>
				<misses>13415001</misses>
				<total>16</total>
				<timestamp>4958.586638</timestamp>
			</report>
			<report>
				<misses>13416001</misses>
				<total>16</total>
				<timestamp>4958.956253</timestamp>
			</report>
			<report>
				<misses>13417001</misses>
				<total>16</total>
				<timestamp>4959.325949</timestamp>
			</report>
			<report>
				<misses>13418001</misses>
				<total>16</total>
				<timestamp>4959.695501</timestamp>
			</report>
			<report>
				<misses>13419001</misses>
				<total>16</total>
				<timestamp>4960.065168</timestamp>
			</report>
			<report>
				<misses>13420001</misses>
				<total>16</total>
				<timestamp>4960.434818</timestamp>
			</report>
			<report>
				<misses>13421001</misses>
				<total>16</total>
				<timestamp>4960.804411</timestamp>
			</report>
			<report>
				<misses>13422001</misses>
				<total>16</total>
				<timestamp>4961.174070</timestamp>
			</report>
			<report>
				<misses>13423001</misses>
				<total>16</total>
				<timestamp>4961.543649</timestamp>
			</report>
			<report>
				<misses>13424001</misses>
				<total>16</total>
				<timestamp>4961.913370</timestamp>
			</report>
			<report>
				<misses>13425001</misses>
				<total>16</total>
				<timestamp>4962.282913</timestamp>
			</report>
			<report>
				<misses>13426001</misses>
				<total>15</total>
				<timestamp>4962.652637</timestamp>
			</report>
			<report>
				<misses>13427001</misses>
				<total>16</total>
				<timestamp>4963.022183</timestamp>
			</report>
			<report>
				<misses>13428001</misses>
				<total>15</total>
				<timestamp>4963.391903</timestamp>
			</report>
			<report>
				<misses>13429001</misses>
				<total>16</total>
				<timestamp>4963.761532</timestamp>
			</report>
			<report>
				<misses>13430001</misses>
				<total>16</total>
				<timestamp>4964.131110</timestamp>
			</report>
			<report>
				<misses>13431001</misses>
				<total>16</total>
				<timestamp>4964.500705</timestamp>
			</report>
			<report>
				<misses>13432001</misses>
				<total>16</total>
				<timestamp>4964.870391</timestamp>
			</report>
			<report>
				<misses>13433001</misses>
				<total>16</total>
				<timestamp>4965.239966</timestamp>
			</report>
			<report>
				<misses>13434001</misses>
				<total>16</total>
				<timestamp>4965.609597</timestamp>
			</report>
			<report>
				<misses>13435001</misses>
				<total>15</total>
				<timestamp>4965.979372</timestamp>
			</report>
			<report>
				<misses>13436001</misses>
				<total>16</total>
				<timestamp>4966.348861</timestamp>
			</report>
			<report>
				<misses>13437001</misses>
				<total>16</total>
				<timestamp>4966.718491</timestamp>
			</report>
			<report>
				<misses>13438001</misses>
				<total>16</total>
				<timestamp>4967.088161</timestamp>
			</report>
			<report>
				<misses>13439001</misses>
				<total>16</total>
				<timestamp>4967.457772</timestamp>
			</report>
			<report>
				<misses>13440001</misses>
				<total>16</total>
				<timestamp>4967.827426</timestamp>
			</report>
			<report>
				<misses>13441001</misses>
				<total>16</total>
				<timestamp>4968.197062</timestamp>
			</report>
			<report>
				<misses>13442001</misses>
				<total>16</total>
				<timestamp>4968.566664</timestamp>
			</report>
			<report>
				<misses>13443001</misses>
				<total>15</total>
				<timestamp>4968.936430</timestamp>
			</report>
			<report>
				<misses>13444001</misses>
				<total>16</total>
				<timestamp>4969.305948</timestamp>
			</report>
			<report>
				<misses>13445001</misses>
				<total>16</total>
				<timestamp>4969.675583</timestamp>
			</report>
			<report>
				<misses>13446001</misses>
				<total>15</total>
				<timestamp>4970.045303</timestamp>
			</report>
			<report>
				<misses>13447001</misses>
				<total>16</total>
				<timestamp>4970.414790</timestamp>
			</report>
			<report>
				<misses>13448001</misses>
				<total>16</total>
				<timestamp>4970.784438</timestamp>
			</report>
			<report>
				<misses>13449001</misses>
				<total>16</total>
				<timestamp>4971.154046</timestamp>
			</report>
			<report>
				<misses>13450001</misses>
				<total>16</total>
				<timestamp>4971.523726</timestamp>
			</report>
			<report>
				<misses>13451001</misses>
				<total>16</total>
				<timestamp>4971.893377</timestamp>
			</report>
			<report>
				<misses>13452001</misses>
				<total>16</total>
				<timestamp>4972.262931</timestamp>
			</report>
			<report>
				<misses>13453001</misses>
				<total>16</total>
				<timestamp>4972.632572</timestamp>
			</report>
			<report>
				<misses>13454001</misses>
				<total>16</total>
				<timestamp>4973.002281</timestamp>
			</report>
			<report>
				<misses>13455001</misses>
				<total>16</total>
				<timestamp>4973.371816</timestamp>
			</report>
			<report>
				<misses>13456001</misses>
				<total>16</total>
				<timestamp>4973.741462</timestamp>
			</report>
			<report>
				<misses>13457001</misses>
				<total>15</total>
				<timestamp>4974.111184</timestamp>
			</report>
			<report>
				<misses>13458001</misses>
				<total>16</total>
				<timestamp>4974.480774</timestamp>
			</report>
			<report>
				<misses>13459001</misses>
				<total>16</total>
				<timestamp>4974.850372</timestamp>
			</report>
			<report>
				<misses>13460001</misses>
				<total>16</total>
				<timestamp>4975.220011</timestamp>
			</report>
			<report>
				<misses>13461001</misses>
				<total>16</total>
				<timestamp>4975.589589</timestamp>
			</report>
			<report>
				<misses>13462001</misses>
				<total>16</total>
				<timestamp>4975.959272</timestamp>
			</report>
			<report>
				<misses>13463001</misses>
				<total>16</total>
				<timestamp>4976.328928</timestamp>
			</report>
			<report>
				<misses>13464001</misses>
				<total>16</total>
				<timestamp>4976.698545</timestamp>
			</report>
			<report>
				<misses>13465001</misses>
				<total>16</total>
				<timestamp>4977.068179</timestamp>
			</report>
			<report>
				<misses>13466001</misses>
				<total>16</total>
				<timestamp>4977.437730</timestamp>
			</report>
			<report>
				<misses>13467001</misses>
				<total>16</total>
				<timestamp>4977.807402</timestamp>
			</report>
			<report>
				<misses>13468001</misses>
				<total>16</total>
				<timestamp>4978.177052</timestamp>
			</report>
			<report>
				<misses>13469001</misses>
				<total>16</total>
				<timestamp>4978.546686</timestamp>
			</report>
			<report>
				<misses>13470001</misses>
				<total>16</total>
				<timestamp>4978.916309</timestamp>
			</report>
			<report>
				<misses>13471001</misses>
				<total>16</total>
				<timestamp>4979.285885</timestamp>
			</report>
			<report>
				<misses>13472001</misses>
				<total>15</total>
				<timestamp>4979.655617</timestamp>
			</report>
			<report>
				<misses>13473001</misses>
				<total>16</total>
				<timestamp>4980.025172</timestamp>
			</report>
			<report>
				<misses>13474001</misses>
				<total>16</total>
				<timestamp>4980.394812</timestamp>
			</report>
			<report>
				<misses>13475001</misses>
				<total>16</total>
				<timestamp>4980.764426</timestamp>
			</report>
			<report>
				<misses>13476001</misses>
				<total>16</total>
				<timestamp>4981.134081</timestamp>
			</report>
			<report>
				<misses>13477001</misses>
				<total>16</total>
				<timestamp>4981.503670</timestamp>
			</report>
			<report>
				<misses>13478001</misses>
				<total>16</total>
				<timestamp>4981.873302</timestamp>
			</report>
			<report>
				<misses>13479001</misses>
				<total>15</total>
				<timestamp>4982.243025</timestamp>
			</report>
			<report>
				<misses>13480001</misses>
				<total>16</total>
				<timestamp>4982.612564</timestamp>
			</report>
			<report>
				<misses>13481001</misses>
				<total>16</total>
				<timestamp>4982.982250</timestamp>
			</report>
			<report>
				<misses>13482001</misses>
				<total>15</total>
				<timestamp>4983.351952</timestamp>
			</report>
			<report>
				<misses>13483001</misses>
				<total>16</total>
				<timestamp>4983.721502</timestamp>
			</report>
			<report>
				<misses>13484001</misses>
				<total>16</total>
				<timestamp>4984.091135</timestamp>
			</report>
			<report>
				<misses>13485001</misses>
				<total>16</total>
				<timestamp>4984.460730</timestamp>
			</report>
			<report>
				<misses>13486001</misses>
				<total>16</total>
				<timestamp>4984.830384</timestamp>
			</report>
			<report>
				<misses>13487001</misses>
				<total>16</total>
				<timestamp>4985.199982</timestamp>
			</report>
			<report>
				<misses>13488001</misses>
				<total>16</total>
				<timestamp>4985.569609</timestamp>
			</report>
			<report>
				<misses>13489001</misses>
				<total>16</total>
				<timestamp>4985.939370</timestamp>
			</report>
			<report>
				<misses>13490001</misses>
				<total>16</total>
				<timestamp>4986.308905</timestamp>
			</report>
			<report>
				<misses>13491001</misses>
				<total>16</total>
				<timestamp>4986.678547</timestamp>
			</report>
			<report>
				<misses>13492001</misses>
				<total>16</total>
				<timestamp>4987.048186</timestamp>
			</report>
			<report>
				<misses>13493001</misses>
				<total>16</total>
				<timestamp>4987.417762</timestamp>
			</report>
			<report>
				<misses>13494001</misses>
				<total>15</total>
				<timestamp>4987.787490</timestamp>
			</report>
			<report>
				<misses>13495001</misses>
				<total>16</total>
				<timestamp>4988.157054</timestamp>
			</report>
			<report>
				<misses>13496001</misses>
				<total>16</total>
				<timestamp>4988.526652</timestamp>
			</report>
			<report>
				<misses>13497001</misses>
				<total>16</total>
				<timestamp>4988.896313</timestamp>
			</report>
			<report>
				<misses>13498001</misses>
				<total>16</total>
				<timestamp>4989.265907</timestamp>
			</report>
			<report>
				<misses>13499001</misses>
				<total>16</total>
				<timestamp>4989.635586</timestamp>
			</report>
			<report>
				<misses>13500001</misses>
				<total>16</total>
				<timestamp>4990.005207</timestamp>
			</report>
			<report>
				<misses>13501001</misses>
				<total>16</total>
				<timestamp>4990.374859</timestamp>
			</report>
			<report>
				<misses>13502001</misses>
				<total>16</total>
				<timestamp>4990.744446</timestamp>
			</report>
			<report>
				<misses>13503001</misses>
				<total>16</total>
				<timestamp>4991.114079</timestamp>
			</report>
			<report>
				<misses>13504001</misses>
				<total>16</total>
				<timestamp>4991.483698</timestamp>
			</report>
			<report>
				<misses>13505001</misses>
				<total>16</total>
				<timestamp>4991.853366</timestamp>
			</report>
			<report>
				<misses>13506001</misses>
				<total>16</total>
				<timestamp>4992.222966</timestamp>
			</report>
			<report>
				<misses>13507001</misses>
				<total>16</total>
				<timestamp>4992.592593</timestamp>
			</report>
			<report>
				<misses>13508001</misses>
				<total>16</total>
				<timestamp>4992.962295</timestamp>
			</report>
			<report>
				<misses>13509001</misses>
				<total>16</total>
				<timestamp>4993.331882</timestamp>
			</report>
			<report>
				<misses>13510001</misses>
				<total>16</total>
				<timestamp>4993.701545</timestamp>
			</report>
			<report>
				<misses>13511001</misses>
				<total>15</total>
				<timestamp>4994.071200</timestamp>
			</report>
			<report>
				<misses>13512001</misses>
				<total>16</total>
				<timestamp>4994.440743</timestamp>
			</report>
			<report>
				<misses>13513001</misses>
				<total>16</total>
				<timestamp>4994.810382</timestamp>
			</report>
			<report>
				<misses>13514001</misses>
				<total>15</total>
				<timestamp>4995.180131</timestamp>
			</report>
			<report>
				<misses>13515001</misses>
				<total>16</total>
				<timestamp>4995.549650</timestamp>
			</report>
			<report>
				<misses>13516001</misses>
				<total>16</total>
				<timestamp>4995.919263</timestamp>
			</report>
			<report>
				<misses>13517001</misses>
				<total>15</total>
				<timestamp>4996.288968</timestamp>
			</report>
			<report>
				<misses>13518001</misses>
				<total>16</total>
				<timestamp>4996.658543</timestamp>
			</report>
			<report>
				<misses>13519001</misses>
				<total>16</total>
				<timestamp>4997.028228</timestamp>
			</report>
			<report>
				<misses>13520001</misses>
				<total>16</total>
				<timestamp>4997.397767</timestamp>
			</report>
			<report>
				<misses>13521001</misses>
				<total>16</total>
				<timestamp>4997.767468</timestamp>
			</report>
			<report>
				<misses>13522001</misses>
				<total>16</total>
				<timestamp>4998.137034</timestamp>
			</report>
			<report>
				<misses>13523001</misses>
				<total>15</total>
				<timestamp>4998.506768</timestamp>
			</report>
			<report>
				<misses>13524001</misses>
				<total>16</total>
				<timestamp>4998.876276</timestamp>
			</report>
			<report>
				<misses>13525001</misses>
				<total>16</total>
				<timestamp>4999.245946</timestamp>
			</report>
			<report>
				<misses>13526001</misses>
				<total>16</total>
				<timestamp>4999.615573</timestamp>
			</report>
			<report>
				<misses>13527001</misses>
				<total>16</total>
				<timestamp>4999.985213</timestamp>
			</report>
			<report>
				<misses>13528001</misses>
				<total>16</total>
				<timestamp>5000.354809</timestamp>
			</report>
			<report>
				<misses>13529001</misses>
				<total>16</total>
				<timestamp>5000.724427</timestamp>
			</report>
			<report>
				<misses>13530001</misses>
				<total>15</total>
				<timestamp>5001.094185</timestamp>
			</report>
			<report>
				<misses>13531001</misses>
				<total>16</total>
				<timestamp>5001.463738</timestamp>
			</report>
			<report>
				<misses>13532001</misses>
				<total>16</total>
				<timestamp>5001.833365</timestamp>
			</report>
			<report>
				<misses>13533001</misses>
				<total>16</total>
				<timestamp>5002.203022</timestamp>
			</report>
			<report>
				<misses>13534001</misses>
				<total>16</total>
				<timestamp>5002.572609</timestamp>
			</report>
			<report>
				<misses>13535001</misses>
				<total>16</total>
				<timestamp>5002.942237</timestamp>
			</report>
			<report>
				<misses>13536001</misses>
				<total>15</total>
				<timestamp>5003.311958</timestamp>
			</report>
			<report>
				<misses>13537001</misses>
				<total>16</total>
				<timestamp>5003.681480</timestamp>
			</report>
			<report>
				<misses>13538001</misses>
				<total>16</total>
				<timestamp>5004.051197</timestamp>
			</report>
			<report>
				<misses>13539001</misses>
				<total>16</total>
				<timestamp>5004.420779</timestamp>
			</report>
			<report>
				<misses>13540001</misses>
				<total>16</total>
				<timestamp>5004.790373</timestamp>
			</report>
			<report>
				<misses>13541001</misses>
				<total>16</total>
				<timestamp>5005.160046</timestamp>
			</report>
			<report>
				<misses>13542001</misses>
				<total>16</total>
				<timestamp>5005.529634</timestamp>
			</report>
			<report>
				<misses>13543001</misses>
				<total>16</total>
				<timestamp>5005.899270</timestamp>
			</report>
			<report>
				<misses>13544001</misses>
				<total>16</total>
				<timestamp>5006.268879</timestamp>
			</report>
			<report>
				<misses>13545001</misses>
				<total>16</total>
				<timestamp>5006.638553</timestamp>
			</report>
			<report>
				<misses>13546001</misses>
				<total>16</total>
				<timestamp>5007.008226</timestamp>
			</report>
			<report>
				<misses>13547001</misses>
				<total>16</total>
				<timestamp>5007.377779</timestamp>
			</report>
			<report>
				<misses>13548001</misses>
				<total>16</total>
				<timestamp>5007.747409</timestamp>
			</report>
			<report>
				<misses>13549001</misses>
				<total>16</total>
				<timestamp>5008.117122</timestamp>
			</report>
			<report>
				<misses>13550001</misses>
				<total>16</total>
				<timestamp>5008.486736</timestamp>
			</report>
			<report>
				<misses>13551001</misses>
				<total>16</total>
				<timestamp>5008.856301</timestamp>
			</report>
			<report>
				<misses>13552001</misses>
				<total>16</total>
				<timestamp>5009.225934</timestamp>
			</report>
			<report>
				<misses>13553001</misses>
				<total>16</total>
				<timestamp>5009.595590</timestamp>
			</report>
			<report>
				<misses>13554001</misses>
				<total>16</total>
				<timestamp>5009.965222</timestamp>
			</report>
			<report>
				<misses>13555001</misses>
				<total>16</total>
				<timestamp>5010.334880</timestamp>
			</report>
			<report>
				<misses>13556001</misses>
				<total>16</total>
				<timestamp>5010.704444</timestamp>
			</report>
			<report>
				<misses>13557001</misses>
				<total>16</total>
				<timestamp>5011.074130</timestamp>
			</report>
			<report>
				<misses>13558001</misses>
				<total>16</total>
				<timestamp>5011.443702</timestamp>
			</report>
			<report>
				<misses>13559001</misses>
				<total>16</total>
				<timestamp>5011.813354</timestamp>
			</report>
			<report>
				<misses>13560001</misses>
				<total>15</total>
				<timestamp>5012.183126</timestamp>
			</report>
			<report>
				<misses>13561001</misses>
				<total>16</total>
				<timestamp>5012.552604</timestamp>
			</report>
			<report>
				<misses>13562001</misses>
				<total>16</total>
				<timestamp>5012.922230</timestamp>
			</report>
			<report>
				<misses>13563001</misses>
				<total>16</total>
				<timestamp>5013.291918</timestamp>
			</report>
			<report>
				<misses>13564001</misses>
				<total>16</total>
				<timestamp>5013.661491</timestamp>
			</report>
			<report>
				<misses>13565001</misses>
				<total>16</total>
				<timestamp>5014.031169</timestamp>
			</report>
			<report>
				<misses>13566001</misses>
				<total>16</total>
				<timestamp>5014.400762</timestamp>
			</report>
			<report>
				<misses>13567001</misses>
				<total>16</total>
				<timestamp>5014.770440</timestamp>
			</report>
			<report>
				<misses>13568001</misses>
				<total>16</total>
				<timestamp>5015.140076</timestamp>
			</report>
			<report>
				<misses>13569001</misses>
				<total>16</total>
				<timestamp>5015.509680</timestamp>
			</report>
			<report>
				<misses>13570001</misses>
				<total>16</total>
				<timestamp>5015.879281</timestamp>
			</report>
			<report>
				<misses>13571001</misses>
				<total>15</total>
				<timestamp>5016.249050</timestamp>
			</report>
			<report>
				<misses>13572001</misses>
				<total>16</total>
				<timestamp>5016.618596</timestamp>
			</report>
			<report>
				<misses>13573001</misses>
				<total>15</total>
				<timestamp>5016.988253</timestamp>
			</report>
			<report>
				<misses>13574001</misses>
				<total>16</total>
				<timestamp>5017.357855</timestamp>
			</report>
			<report>
				<misses>13575001</misses>
				<total>16</total>
				<timestamp>5017.727432</timestamp>
			</report>
			<report>
				<misses>13576001</misses>
				<total>16</total>
				<timestamp>5018.097060</timestamp>
			</report>
			<report>
				<misses>13577001</misses>
				<total>16</total>
				<timestamp>5018.466678</timestamp>
			</report>
			<report>
				<misses>13578001</misses>
				<total>16</total>
				<timestamp>5018.836300</timestamp>
			</report>
			<report>
				<misses>13579001</misses>
				<total>16</total>
				<timestamp>5019.206003</timestamp>
			</report>
			<report>
				<misses>13580001</misses>
				<total>16</total>
				<timestamp>5019.575605</timestamp>
			</report>
			<report>
				<misses>13581001</misses>
				<total>16</total>
				<timestamp>5019.945195</timestamp>
			</report>
			<report>
				<misses>13582001</misses>
				<total>15</total>
				<timestamp>5020.315010</timestamp>
			</report>
			<report>
				<misses>13583001</misses>
				<total>16</total>
				<timestamp>5020.684496</timestamp>
			</report>
			<report>
				<misses>13584001</misses>
				<total>16</total>
				<timestamp>5021.054165</timestamp>
			</report>
			<report>
				<misses>13585001</misses>
				<total>16</total>
				<timestamp>5021.423719</timestamp>
			</report>
			<report>
				<misses>13586001</misses>
				<total>16</total>
				<timestamp>5021.793353</timestamp>
			</report>
			<report>
				<misses>13587001</misses>
				<total>16</total>
				<timestamp>5022.163050</timestamp>
			</report>
			<report>
				<misses>13588001</misses>
				<total>16</total>
				<timestamp>5022.532608</timestamp>
			</report>
			<report>
				<misses>13589001</misses>
				<total>16</total>
				<timestamp>5022.902233</timestamp>
			</report>
			<report>
				<misses>13590001</misses>
				<total>16</total>
				<timestamp>5023.271995</timestamp>
			</report>
			<report>
				<misses>13591001</misses>
				<total>16</total>
				<timestamp>5023.641611</timestamp>
			</report>
			<report>
				<misses>13592001</misses>
				<total>17</total>
				<timestamp>5024.011203</timestamp>
			</report>
			<report>
				<misses>13593001</misses>
				<total>17</total>
				<timestamp>5024.380769</timestamp>
			</report>
			<report>
				<misses>13594001</misses>
				<total>17</total>
				<timestamp>5024.750420</timestamp>
			</report>
			<report>
				<misses>13595001</misses>
				<total>17</total>
				<timestamp>5025.120058</timestamp>
			</report>
			<report>
				<misses>13596001</misses>
				<total>17</total>
				<timestamp>5025.489640</timestamp>
			</report>
			<report>
				<misses>13597001</misses>
				<total>17</total>
				<timestamp>5025.859293</timestamp>
			</report>
			<report>
				<misses>13598001</misses>
				<total>17</total>
				<timestamp>5026.228922</timestamp>
			</report>
			<report>
				<misses>13599001</misses>
				<total>17</total>
				<timestamp>5026.598547</timestamp>
			</report>
			<report>
				<misses>13600001</misses>
				<total>17</total>
				<timestamp>5026.968200</timestamp>
			</report>
			<report>
				<misses>13601001</misses>
				<total>17</total>
				<timestamp>5027.337806</timestamp>
			</report>
			<report>
				<misses>13602001</misses>
				<total>16</total>
				<timestamp>5027.707533</timestamp>
			</report>
			<report>
				<misses>13603001</misses>
				<total>17</total>
				<timestamp>5028.077116</timestamp>
			</report>
			<report>
				<misses>13604001</misses>
				<total>17</total>
				<timestamp>5028.446680</timestamp>
			</report>
			<report>
				<misses>13605001</misses>
				<total>17</total>
				<timestamp>5028.816313</timestamp>
			</report>
			<report>
				<misses>13606001</misses>
				<total>17</total>
				<timestamp>5029.186000</timestamp>
			</report>
			<report>
				<misses>13607001</misses>
				<total>17</total>
				<timestamp>5029.555581</timestamp>
			</report>
			<report>
				<misses>13608001</misses>
				<total>17</total>
				<timestamp>5029.925229</timestamp>
			</report>
			<report>
				<misses>13609001</misses>
				<total>17</total>
				<timestamp>5030.294868</timestamp>
			</report>
			<report>
				<misses>13610001</misses>
				<total>17</total>
				<timestamp>5030.664499</timestamp>
			</report>
			<report>
				<misses>13611001</misses>
				<total>17</total>
				<timestamp>5031.034127</timestamp>
			</report>
			<report>
				<misses>13612001</misses>
				<total>17</total>
				<timestamp>5031.403724</timestamp>
			</report>
			<report>
				<misses>13613001</misses>
				<total>17</total>
				<timestamp>5031.773355</timestamp>
			</report>
			<report>
				<misses>13614001</misses>
				<total>17</total>
				<timestamp>5032.143092</timestamp>
			</report>
			<report>
				<misses>13615001</misses>
				<total>17</total>
				<timestamp>5032.512625</timestamp>
			</report>
			<report>
				<misses>13616001</misses>
				<total>16</total>
				<timestamp>5032.882352</timestamp>
			</report>
			<report>
				<misses>13617001</misses>
				<total>17</total>
				<timestamp>5033.251942</timestamp>
			</report>
			<report>
				<misses>13618001</misses>
				<total>17</total>
				<timestamp>5033.621541</timestamp>
			</report>
			<report>
				<misses>13619001</misses>
				<total>17</total>
				<timestamp>5033.991188</timestamp>
			</report>
			<report>
				<misses>13620001</misses>
				<total>17</total>
				<timestamp>5034.360818</timestamp>
			</report>
			<report>
				<misses>13621001</misses>
				<total>17</total>
				<timestamp>5034.730387</timestamp>
			</report>
			<report>
				<misses>13622001</misses>
				<total>17</total>
				<timestamp>5035.100044</timestamp>
			</report>
			<report>
				<misses>13623001</misses>
				<total>17</total>
				<timestamp>5035.469738</timestamp>
			</report>
			<report>
				<misses>13624001</misses>
				<total>16</total>
				<timestamp>5035.839410</timestamp>
			</report>
			<report>
				<misses>13625001</misses>
				<total>17</total>
				<timestamp>5036.209004</timestamp>
			</report>
			<report>
				<misses>13626001</misses>
				<total>17</total>
				<timestamp>5036.578575</timestamp>
			</report>
			<report>
				<misses>13627001</misses>
				<total>17</total>
				<timestamp>5036.948211</timestamp>
			</report>
			<report>
				<misses>13628001</misses>
				<total>17</total>
				<timestamp>5037.317853</timestamp>
			</report>
			<report>
				<misses>13629001</misses>
				<total>17</total>
				<timestamp>5037.687448</timestamp>
			</report>
			<report>
				<misses>13630001</misses>
				<total>17</total>
				<timestamp>5038.057104</timestamp>
			</report>
			<report>
				<misses>13631001</misses>
				<total>17</total>
				<timestamp>5038.426688</timestamp>
			</report>
			<report>
				<misses>13632001</misses>
				<total>17</total>
				<timestamp>5038.796424</timestamp>
			</report>
			<report>
				<misses>13633001</misses>
				<total>17</total>
				<timestamp>5039.166024</timestamp>
			</report>
			<report>
				<misses>13634001</misses>
				<total>17</total>
				<timestamp>5039.535614</timestamp>
			</report>
			<report>
				<misses>13635001</misses>
				<total>17</total>
				<timestamp>5039.905221</timestamp>
			</report>
			<report>
				<misses>13636001</misses>
				<total>17</total>
				<timestamp>5040.274901</timestamp>
			</report>
			<report>
				<misses>13637001</misses>
				<total>17</total>
				<timestamp>5040.644486</timestamp>
			</report>
			<report>
				<misses>13638001</misses>
				<total>17</total>
				<timestamp>5041.014177</timestamp>
			</report>
			<report>
				<misses>13639001</misses>
				<total>17</total>
				<timestamp>5041.383764</timestamp>
			</report>
			<report>
				<misses>13640001</misses>
				<total>17</total>
				<timestamp>5041.753360</timestamp>
			</report>
			<report>
				<misses>13641001</misses>
				<total>17</total>
				<timestamp>5042.123055</timestamp>
			</report>
			<report>
				<misses>13642001</misses>
				<total>17</total>
				<timestamp>5042.492620</timestamp>
			</report>
			<report>
				<misses>13643001</misses>
				<total>17</total>
				<timestamp>5042.862247</timestamp>
			</report>
			<report>
				<misses>13644001</misses>
				<total>17</total>
				<timestamp>5043.231932</timestamp>
			</report>
			<report>
				<misses>13645001</misses>
				<total>17</total>
				<timestamp>5043.601558</timestamp>
			</report>
			<report>
				<misses>13646001</misses>
				<total>17</total>
				<timestamp>5043.971159</timestamp>
			</report>
			<report>
				<misses>13647001</misses>
				<total>16</total>
				<timestamp>5044.340904</timestamp>
			</report>
			<report>
				<misses>13648001</misses>
				<total>17</total>
				<timestamp>5044.710800</timestamp>
			</report>
			<report>
				<misses>13649001</misses>
				<total>17</total>
				<timestamp>5045.080443</timestamp>
			</report>
			<report>
				<misses>13650001</misses>
				<total>16</total>
				<timestamp>5045.450144</timestamp>
			</report>
			<report>
				<misses>13651001</misses>
				<total>16</total>
				<timestamp>5045.819852</timestamp>
			</report>
			<report>
				<misses>13652001</misses>
				<total>17</total>
				<timestamp>5046.189292</timestamp>
			</report>
			<report>
				<misses>13653001</misses>
				<total>17</total>
				<timestamp>5046.559002</timestamp>
			</report>
			<report>
				<misses>13654001</misses>
				<total>17</total>
				<timestamp>5046.928622</timestamp>
			</report>
			<report>
				<misses>13655001</misses>
				<total>17</total>
				<timestamp>5047.298181</timestamp>
			</report>
			<report>
				<misses>13656001</misses>
				<total>17</total>
				<timestamp>5047.667895</timestamp>
			</report>
			<report>
				<misses>13657001</misses>
				<total>17</total>
				<timestamp>5048.037491</timestamp>
			</report>
			<report>
				<misses>13658001</misses>
				<total>17</total>
				<timestamp>5048.407104</timestamp>
			</report>
			<report>
				<misses>13659001</misses>
				<total>17</total>
				<timestamp>5048.776739</timestamp>
			</report>
			<report>
				<misses>13660001</misses>
				<total>17</total>
				<timestamp>5049.146351</timestamp>
			</report>
			<report>
				<misses>13661001</misses>
				<total>17</total>
				<timestamp>5049.515979</timestamp>
			</report>
			<report>
				<misses>13662001</misses>
				<total>16</total>
				<timestamp>5049.885730</timestamp>
			</report>
			<report>
				<misses>13663001</misses>
				<total>17</total>
				<timestamp>5050.255302</timestamp>
			</report>
			<report>
				<misses>13664001</misses>
				<total>17</total>
				<timestamp>5050.624916</timestamp>
			</report>
			<report>
				<misses>13665001</misses>
				<total>17</total>
				<timestamp>5050.994513</timestamp>
			</report>
			<report>
				<misses>13666001</misses>
				<total>17</total>
				<timestamp>5051.364140</timestamp>
			</report>
			<report>
				<misses>13667001</misses>
				<total>17</total>
				<timestamp>5051.733789</timestamp>
			</report>
			<report>
				<misses>13668001</misses>
				<total>16</total>
				<timestamp>5052.103563</timestamp>
			</report>
			<report>
				<misses>13669001</misses>
				<total>16</total>
				<timestamp>5052.473118</timestamp>
			</report>
			<report>
				<misses>13670001</misses>
				<total>17</total>
				<timestamp>5052.842687</timestamp>
			</report>
			<report>
				<misses>13671001</misses>
				<total>17</total>
				<timestamp>5053.212345</timestamp>
			</report>
			<report>
				<misses>13672001</misses>
				<total>17</total>
				<timestamp>5053.581962</timestamp>
			</report>
			<report>
				<misses>13673001</misses>
				<total>17</total>
				<timestamp>5053.951536</timestamp>
			</report>
			<report>
				<misses>13674001</misses>
				<total>17</total>
				<timestamp>5054.321169</timestamp>
			</report>
			<report>
				<misses>13675001</misses>
				<total>17</total>
				<timestamp>5054.690808</timestamp>
			</report>
			<report>
				<misses>13676001</misses>
				<total>17</total>
				<timestamp>5055.060480</timestamp>
			</report>
			<report>
				<misses>13677001</misses>
				<total>17</total>
				<timestamp>5055.430091</timestamp>
			</report>
			<report>
				<misses>13678001</misses>
				<total>17</total>
				<timestamp>5055.799685</timestamp>
			</report>
			<report>
				<misses>13679001</misses>
				<total>17</total>
				<timestamp>5056.169317</timestamp>
			</report>
			<report>
				<misses>13680001</misses>
				<total>17</total>
				<timestamp>5056.538946</timestamp>
			</report>
			<report>
				<misses>13681001</misses>
				<total>17</total>
				<timestamp>5056.908590</timestamp>
			</report>
			<report>
				<misses>13682001</misses>
				<total>17</total>
				<timestamp>5057.278188</timestamp>
			</report>
			<report>
				<misses>13683001</misses>
				<total>17</total>
				<timestamp>5057.647910</timestamp>
			</report>
			<report>
				<misses>13684001</misses>
				<total>17</total>
				<timestamp>5058.017514</timestamp>
			</report>
			<report>
				<misses>13685001</misses>
				<total>17</total>
				<timestamp>5058.387114</timestamp>
			</report>
			<report>
				<misses>13686001</misses>
				<total>17</total>
				<timestamp>5058.756746</timestamp>
			</report>
			<report>
				<misses>13687001</misses>
				<total>17</total>
				<timestamp>5059.126404</timestamp>
			</report>
			<report>
				<misses>13688001</misses>
				<total>17</total>
				<timestamp>5059.495981</timestamp>
			</report>
			<report>
				<misses>13689001</misses>
				<total>17</total>
				<timestamp>5059.865646</timestamp>
			</report>
			<report>
				<misses>13690001</misses>
				<total>17</total>
				<timestamp>5060.235323</timestamp>
			</report>
			<report>
				<misses>13691001</misses>
				<total>16</total>
				<timestamp>5060.604970</timestamp>
			</report>
			<report>
				<misses>13692001</misses>
				<total>17</total>
				<timestamp>5060.974487</timestamp>
			</report>
			<report>
				<misses>13693001</misses>
				<total>17</total>
				<timestamp>5061.344117</timestamp>
			</report>
			<report>
				<misses>13694001</misses>
				<total>17</total>
				<timestamp>5061.713834</timestamp>
			</report>
			<report>
				<misses>13695001</misses>
				<total>17</total>
				<timestamp>5062.083412</timestamp>
			</report>
			<report>
				<misses>13696001</misses>
				<total>17</total>
				<timestamp>5062.453048</timestamp>
			</report>
			<report>
				<misses>13697001</misses>
				<total>17</total>
				<timestamp>5062.822671</timestamp>
			</report>
			<report>
				<misses>13698001</misses>
				<total>16</total>
				<timestamp>5063.192394</timestamp>
			</report>
			<report>
				<misses>13699001</misses>
				<total>17</total>
				<timestamp>5063.561915</timestamp>
			</report>
			<report>
				<misses>13700001</misses>
				<total>17</total>
				<timestamp>5063.931540</timestamp>
			</report>
			<report>
				<misses>13701001</misses>
				<total>17</total>
				<timestamp>5064.301214</timestamp>
			</report>
			<report>
				<misses>13702001</misses>
				<total>17</total>
				<timestamp>5064.670821</timestamp>
			</report>
			<report>
				<misses>13703001</misses>
				<total>17</total>
				<timestamp>5065.040471</timestamp>
			</report>
			<report>
				<misses>13704001</misses>
				<total>17</total>
				<timestamp>5065.410062</timestamp>
			</report>
			<report>
				<misses>13705001</misses>
				<total>17</total>
				<timestamp>5065.779755</timestamp>
			</report>
			<report>
				<misses>13706001</misses>
				<total>17</total>
				<timestamp>5066.149382</timestamp>
			</report>
			<report>
				<misses>13707001</misses>
				<total>17</total>
				<timestamp>5066.519015</timestamp>
			</report>
			<report>
				<misses>13708001</misses>
				<total>17</total>
				<timestamp>5066.888586</timestamp>
			</report>
			<report>
				<misses>13709001</misses>
				<total>17</total>
				<timestamp>5067.258207</timestamp>
			</report>
			<report>
				<misses>13710001</misses>
				<total>17</total>
				<timestamp>5067.627850</timestamp>
			</report>
			<report>
				<misses>13711001</misses>
				<total>17</total>
				<timestamp>5067.997474</timestamp>
			</report>
			<report>
				<misses>13712001</misses>
				<total>17</total>
				<timestamp>5068.367100</timestamp>
			</report>
			<report>
				<misses>13713001</misses>
				<total>17</total>
				<timestamp>5068.736823</timestamp>
			</report>
			<report>
				<misses>13714001</misses>
				<total>17</total>
				<timestamp>5069.106425</timestamp>
			</report>
			<report>
				<misses>13715001</misses>
				<total>16</total>
				<timestamp>5069.476116</timestamp>
			</report>
			<report>
				<misses>13716001</misses>
				<total>17</total>
				<timestamp>5069.845649</timestamp>
			</report>
			<report>
				<misses>13717001</misses>
				<total>17</total>
				<timestamp>5070.215254</timestamp>
			</report>
			<report>
				<misses>13718001</misses>
				<total>17</total>
				<timestamp>5070.584913</timestamp>
			</report>
			<report>
				<misses>13719001</misses>
				<total>17</total>
				<timestamp>5070.954525</timestamp>
			</report>
			<report>
				<misses>13720001</misses>
				<total>17</total>
				<timestamp>5071.324154</timestamp>
			</report>
			<report>
				<misses>13721001</misses>
				<total>17</total>
				<timestamp>5071.693806</timestamp>
			</report>
			<report>
				<misses>13722001</misses>
				<total>17</total>
				<timestamp>5072.063387</timestamp>
			</report>
			<report>
				<misses>13723001</misses>
				<total>17</total>
				<timestamp>5072.433131</timestamp>
			</report>
			<report>
				<misses>13724001</misses>
				<total>17</total>
				<timestamp>5072.802664</timestamp>
			</report>
			<report>
				<misses>13725001</misses>
				<total>17</total>
				<timestamp>5073.172329</timestamp>
			</report>
			<report>
				<misses>13726001</misses>
				<total>16</total>
				<timestamp>5073.542028</timestamp>
			</report>
			<report>
				<misses>13727001</misses>
				<total>17</total>
				<timestamp>5073.911578</timestamp>
			</report>
			<report>
				<misses>13728001</misses>
				<total>17</total>
				<timestamp>5074.281193</timestamp>
			</report>
			<report>
				<misses>13729001</misses>
				<total>17</total>
				<timestamp>5074.650824</timestamp>
			</report>
			<report>
				<misses>13730001</misses>
				<total>17</total>
				<timestamp>5075.020443</timestamp>
			</report>
			<report>
				<misses>13731001</misses>
				<total>16</total>
				<timestamp>5075.390176</timestamp>
			</report>
			<report>
				<misses>13732001</misses>
				<total>17</total>
				<timestamp>5075.759824</timestamp>
			</report>
			<report>
				<misses>13733001</misses>
				<total>17</total>
				<timestamp>5076.129320</timestamp>
			</report>
			<report>
				<misses>13734001</misses>
				<total>17</total>
				<timestamp>5076.499033</timestamp>
			</report>
			<report>
				<misses>13735001</misses>
				<total>17</total>
				<timestamp>5076.868619</timestamp>
			</report>
			<report>
				<misses>13736001</misses>
				<total>17</total>
				<timestamp>5077.238258</timestamp>
			</report>
			<report>
				<misses>13737001</misses>
				<total>16</total>
				<timestamp>5077.607967</timestamp>
			</report>
			<report>
				<misses>13738001</misses>
				<total>17</total>
				<timestamp>5077.977567</timestamp>
			</report>
			<report>
				<misses>13739001</misses>
				<total>17</total>
				<timestamp>5078.347117</timestamp>
			</report>
			<report>
				<misses>13740001</misses>
				<total>17</total>
				<timestamp>5078.716806</timestamp>
			</report>
			<report>
				<misses>13741001</misses>
				<total>17</total>
				<timestamp>5079.086378</timestamp>
			</report>
			<report>
				<misses>13742001</misses>
				<total>17</total>
				<timestamp>5079.456033</timestamp>
			</report>
			<report>
				<misses>13743001</misses>
				<total>17</total>
				<timestamp>5079.825713</timestamp>
			</report>
			<report>
				<misses>13744001</misses>
				<total>17</total>
				<timestamp>5080.195316</timestamp>
			</report>
			<report>
				<misses>13745001</misses>
				<total>17</total>
				<timestamp>5080.564884</timestamp>
			</report>
			<report>
				<misses>13746001</misses>
				<total>17</total>
				<timestamp>5080.934587</timestamp>
			</report>
			<report>
				<misses>13747001</misses>
				<total>17</total>
				<timestamp>5081.304148</timestamp>
			</report>
			<report>
				<misses>13748001</misses>
				<total>17</total>
				<timestamp>5081.673822</timestamp>
			</report>
			<report>
				<misses>13749001</misses>
				<total>17</total>
				<timestamp>5082.043407</timestamp>
			</report>
			<report>
				<misses>13750001</misses>
				<total>17</total>
				<timestamp>5082.413066</timestamp>
			</report>
			<report>
				<misses>13751001</misses>
				<total>17</total>
				<timestamp>5082.782690</timestamp>
			</report>
			<report>
				<misses>13752001</misses>
				<total>17</total>
				<timestamp>5083.152348</timestamp>
			</report>
			<report>
				<misses>13753001</misses>
				<total>17</total>
				<timestamp>5083.521924</timestamp>
			</report>
			<report>
				<misses>13754001</misses>
				<total>17</total>
				<timestamp>5083.891621</timestamp>
			</report>
			<report>
				<misses>13755001</misses>
				<total>17</total>
				<timestamp>5084.261183</timestamp>
			</report>
			<report>
				<misses>13756001</misses>
				<total>17</total>
				<timestamp>5084.630835</timestamp>
			</report>
			<report>
				<misses>13757001</misses>
				<total>17</total>
				<timestamp>5085.000525</timestamp>
			</report>
			<report>
				<misses>13758001</misses>
				<total>17</total>
				<timestamp>5085.370067</timestamp>
			</report>
			<report>
				<misses>13759001</misses>
				<total>17</total>
				<timestamp>5085.739733</timestamp>
			</report>
			<report>
				<misses>13760001</misses>
				<total>17</total>
				<timestamp>5086.109419</timestamp>
			</report>
			<report>
				<misses>13761001</misses>
				<total>17</total>
				<timestamp>5086.478975</timestamp>
			</report>
			<report>
				<misses>13762001</misses>
				<total>17</total>
				<timestamp>5086.848643</timestamp>
			</report>
			<report>
				<misses>13763001</misses>
				<total>17</total>
				<timestamp>5087.218231</timestamp>
			</report>
			<report>
				<misses>13764001</misses>
				<total>17</total>
				<timestamp>5087.587902</timestamp>
			</report>
			<report>
				<misses>13765001</misses>
				<total>17</total>
				<timestamp>5087.957524</timestamp>
			</report>
			<report>
				<misses>13766001</misses>
				<total>17</total>
				<timestamp>5088.327193</timestamp>
			</report>
			<report>
				<misses>13767001</misses>
				<total>17</total>
				<timestamp>5088.696789</timestamp>
			</report>
			<report>
				<misses>13768001</misses>
				<total>17</total>
				<timestamp>5089.066415</timestamp>
			</report>
			<report>
				<misses>13769001</misses>
				<total>17</total>
				<timestamp>5089.436034</timestamp>
			</report>
			<report>
				<misses>13770001</misses>
				<total>17</total>
				<timestamp>5089.805712</timestamp>
			</report>
			<report>
				<misses>13771001</misses>
				<total>17</total>
				<timestamp>5090.175329</timestamp>
			</report>
			<report>
				<misses>13772001</misses>
				<total>17</total>
				<timestamp>5090.544889</timestamp>
			</report>
			<report>
				<misses>13773001</misses>
				<total>17</total>
				<timestamp>5090.914556</timestamp>
			</report>
			<report>
				<misses>13774001</misses>
				<total>16</total>
				<timestamp>5091.284283</timestamp>
			</report>
			<report>
				<misses>13775001</misses>
				<total>17</total>
				<timestamp>5091.653798</timestamp>
			</report>
			<report>
				<misses>13776001</misses>
				<total>17</total>
				<timestamp>5092.023545</timestamp>
			</report>
			<report>
				<misses>13777001</misses>
				<total>17</total>
				<timestamp>5092.393072</timestamp>
			</report>
			<report>
				<misses>13778001</misses>
				<total>17</total>
				<timestamp>5092.762714</timestamp>
			</report>
			<report>
				<misses>13779001</misses>
				<total>18</total>
				<timestamp>5093.132312</timestamp>
			</report>
			<report>
				<misses>13780001</misses>
				<total>18</total>
				<timestamp>5093.501986</timestamp>
			</report>
			<report>
				<misses>13781001</misses>
				<total>18</total>
				<timestamp>5093.871585</timestamp>
			</report>
			<report>
				<misses>13782001</misses>
				<total>18</total>
				<timestamp>5094.241212</timestamp>
			</report>
			<report>
				<misses>13783001</misses>
				<total>18</total>
				<timestamp>5094.610837</timestamp>
			</report>
			<report>
				<misses>13784001</misses>
				<total>18</total>
				<timestamp>5094.980460</timestamp>
			</report>
			<report>
				<misses>13785001</misses>
				<total>18</total>
				<timestamp>5095.350153</timestamp>
			</report>
			<report>
				<misses>13786001</misses>
				<total>18</total>
				<timestamp>5095.719755</timestamp>
			</report>
			<report>
				<misses>13787001</misses>
				<total>19</total>
				<timestamp>5096.089395</timestamp>
			</report>
			<report>
				<misses>13788001</misses>
				<total>19</total>
				<timestamp>5096.459000</timestamp>
			</report>
			<report>
				<misses>13789001</misses>
				<total>19</total>
				<timestamp>5096.828665</timestamp>
			</report>
			<report>
				<misses>13790001</misses>
				<total>19</total>
				<timestamp>5097.198285</timestamp>
			</report>
			<report>
				<misses>13791001</misses>
				<total>19</total>
				<timestamp>5097.567891</timestamp>
			</report>
			<report>
				<misses>13792001</misses>
				<total>19</total>
				<timestamp>5097.937502</timestamp>
			</report>
			<report>
				<misses>13793001</misses>
				<total>19</total>
				<timestamp>5098.307169</timestamp>
			</report>
			<report>
				<misses>13794001</misses>
				<total>19</total>
				<timestamp>5098.676792</timestamp>
			</report>
			<report>
				<misses>13795001</misses>
				<total>19</total>
				<timestamp>5099.046439</timestamp>
			</report>
			<report>
				<misses>13796001</misses>
				<total>19</total>
				<timestamp>5099.416022</timestamp>
			</report>
			<report>
				<misses>13797001</misses>
				<total>18</total>
				<timestamp>5099.785744</timestamp>
			</report>
			<report>
				<misses>13798001</misses>
				<total>19</total>
				<timestamp>5100.155306</timestamp>
			</report>
			<report>
				<misses>13799001</misses>
				<total>19</total>
				<timestamp>5100.524947</timestamp>
			</report>
			<report>
				<misses>13800001</misses>
				<total>19</total>
				<timestamp>5100.894577</timestamp>
			</report>
			<report>
				<misses>13801001</misses>
				<total>19</total>
				<timestamp>5101.264238</timestamp>
			</report>
			<report>
				<misses>13802001</misses>
				<total>19</total>
				<timestamp>5101.633784</timestamp>
			</report>
			<report>
				<misses>13803001</misses>
				<total>18</total>
				<timestamp>5102.003570</timestamp>
			</report>
			<report>
				<misses>13804001</misses>
				<total>18</total>
				<timestamp>5102.373179</timestamp>
			</report>
			<report>
				<misses>13805001</misses>
				<total>19</total>
				<timestamp>5102.742709</timestamp>
			</report>
			<report>
				<misses>13806001</misses>
				<total>19</total>
				<timestamp>5103.112398</timestamp>
			</report>
			<report>
				<misses>13807001</misses>
				<total>19</total>
				<timestamp>5103.482038</timestamp>
			</report>
			<report>
				<misses>13808001</misses>
				<total>19</total>
				<timestamp>5103.851649</timestamp>
			</report>
			<report>
				<misses>13809001</misses>
				<total>18</total>
				<timestamp>5104.221315</timestamp>
			</report>
			<report>
				<misses>13810001</misses>
				<total>19</total>
				<timestamp>5104.590863</timestamp>
			</report>
			<report>
				<misses>13811001</misses>
				<total>19</total>
				<timestamp>5104.960495</timestamp>
			</report>
			<report>
				<misses>13812001</misses>
				<total>19</total>
				<timestamp>5105.330176</timestamp>
			</report>
			<report>
				<misses>13813001</misses>
				<total>19</total>
				<timestamp>5105.699773</timestamp>
			</report>
			<report>
				<misses>13814001</misses>
				<total>19</total>
				<timestamp>5106.069368</timestamp>
			</report>
			<report>
				<misses>13815001</misses>
				<total>19</total>
				<timestamp>5106.438995</timestamp>
			</report>
			<report>
				<misses>13816001</misses>
				<total>19</total>
				<timestamp>5106.808643</timestamp>
			</report>
			<report>
				<misses>13817001</misses>
				<total>19</total>
				<timestamp>5107.178300</timestamp>
			</report>
			<report>
				<misses>13818001</misses>
				<total>19</total>
				<timestamp>5107.547911</timestamp>
			</report>
			<report>
				<misses>13819001</misses>
				<total>19</total>
				<timestamp>5107.917598</timestamp>
			</report>
			<report>
				<misses>13820001</misses>
				<total>19</total>
				<timestamp>5108.287229</timestamp>
			</report>
			<report>
				<misses>13821001</misses>
				<total>19</total>
				<timestamp>5108.656762</timestamp>
			</report>
			<report>
				<misses>13822001</misses>
				<total>19</total>
				<timestamp>5109.026473</timestamp>
			</report>
			<report>
				<misses>13823001</misses>
				<total>19</total>
				<timestamp>5109.396035</timestamp>
			</report>
			<report>
				<misses>13824001</misses>
				<total>19</total>
				<timestamp>5109.765645</timestamp>
			</report>
			<report>
				<misses>13825001</misses>
				<total>19</total>
				<timestamp>5110.135365</timestamp>
			</report>
			<report>
				<misses>13826001</misses>
				<total>19</total>
				<timestamp>5110.504911</timestamp>
			</report>
			<report>
				<misses>13827001</misses>
				<total>19</total>
				<timestamp>5110.874571</timestamp>
			</report>
			<report>
				<misses>13828001</misses>
				<total>18</total>
				<timestamp>5111.244274</timestamp>
			</report>
			<report>
				<misses>13829001</misses>
				<total>18</total>
				<timestamp>5111.613924</timestamp>
			</report>
			<report>
				<misses>13830001</misses>
				<total>19</total>
				<timestamp>5111.983447</timestamp>
			</report>
			<report>
				<misses>13831001</misses>
				<total>19</total>
				<timestamp>5112.353128</timestamp>
			</report>
			<report>
				<misses>13832001</misses>
				<total>19</total>
				<timestamp>5112.722733</timestamp>
			</report>
			<report>
				<misses>13833001</misses>
				<total>19</total>
				<timestamp>5113.092323</timestamp>
			</report>
			<report>
				<misses>13834001</misses>
				<total>19</total>
				<timestamp>5113.461957</timestamp>
			</report>
			<report>
				<misses>13835001</misses>
				<total>19</total>
				<timestamp>5113.831608</timestamp>
			</report>
			<report>
				<misses>13836001</misses>
				<total>19</total>
				<timestamp>5114.201217</timestamp>
			</report>
			<report>
				<misses>13837001</misses>
				<total>19</total>
				<timestamp>5114.570854</timestamp>
			</report>
			<report>
				<misses>13838001</misses>
				<total>19</total>
				<timestamp>5114.940481</timestamp>
			</report>
			<report>
				<misses>13839001</misses>
				<total>19</total>
				<timestamp>5115.310127</timestamp>
			</report>
			<report>
				<misses>13840001</misses>
				<total>19</total>
				<timestamp>5115.679793</timestamp>
			</report>
			<report>
				<misses>13841001</misses>
				<total>18</total>
				<timestamp>5116.049471</timestamp>
			</report>
			<report>
				<misses>13842001</misses>
				<total>18</total>
				<timestamp>5116.419117</timestamp>
			</report>
			<report>
				<misses>13843001</misses>
				<total>19</total>
				<timestamp>5116.788643</timestamp>
			</report>
			<report>
				<misses>13844001</misses>
				<total>19</total>
				<timestamp>5117.158312</timestamp>
			</report>
			<report>
				<misses>13845001</misses>
				<total>19</total>
				<timestamp>5117.527898</timestamp>
			</report>
			<report>
				<misses>13846001</misses>
				<total>19</total>
				<timestamp>5117.897536</timestamp>
			</report>
			<report>
				<misses>13847001</misses>
				<total>19</total>
				<timestamp>5118.267178</timestamp>
			</report>
			<report>
				<misses>13848001</misses>
				<total>19</total>
				<timestamp>5118.636783</timestamp>
			</report>
			<report>
				<misses>13849001</misses>
				<total>19</total>
				<timestamp>5119.006426</timestamp>
			</report>
			<report>
				<misses>13850001</misses>
				<total>19</total>
				<timestamp>5119.376078</timestamp>
			</report>
			<report>
				<misses>13851001</misses>
				<total>19</total>
				<timestamp>5119.745710</timestamp>
			</report>
			<report>
				<misses>13852001</misses>
				<total>19</total>
				<timestamp>5120.115333</timestamp>
			</report>
			<report>
				<misses>13853001</misses>
				<total>19</total>
				<timestamp>5120.484915</timestamp>
			</report>
			<report>
				<misses>13854001</misses>
				<total>19</total>
				<timestamp>5120.854595</timestamp>
			</report>
			<report>
				<misses>13855001</misses>
				<total>19</total>
				<timestamp>5121.224247</timestamp>
			</report>
			<report>
				<misses>13856001</misses>
				<total>19</total>
				<timestamp>5121.593812</timestamp>
			</report>
			<report>
				<misses>13857001</misses>
				<total>19</total>
				<timestamp>5121.963459</timestamp>
			</report>
			<report>
				<misses>13858001</misses>
				<total>19</total>
				<timestamp>5122.333128</timestamp>
			</report>
			<report>
				<misses>13859001</misses>
				<total>19</total>
				<timestamp>5122.702761</timestamp>
			</report>
			<report>
				<misses>13860001</misses>
				<total>18</total>
				<timestamp>5123.072474</timestamp>
			</report>
			<report>
				<misses>13861001</misses>
				<total>19</total>
				<timestamp>5123.442030</timestamp>
			</report>
			<report>
				<misses>13862001</misses>
				<total>19</total>
				<timestamp>5123.811617</timestamp>
			</report>
			<report>
				<misses>13863001</misses>
				<total>18</total>
				<timestamp>5124.181392</timestamp>
			</report>
			<report>
				<misses>13864001</misses>
				<total>18</total>
				<timestamp>5124.550957</timestamp>
			</report>
			<report>
				<misses>13865001</misses>
				<total>19</total>
				<timestamp>5124.920513</timestamp>
			</report>
			<report>
				<misses>13866001</misses>
				<total>19</total>
				<timestamp>5125.290171</timestamp>
			</report>
			<report>
				<misses>13867001</misses>
				<total>19</total>
				<timestamp>5125.659731</timestamp>
			</report>
			<report>
				<misses>13868001</misses>
				<total>19</total>
				<timestamp>5126.029379</timestamp>
			</report>
			<report>
				<misses>13869001</misses>
				<total>19</total>
				<timestamp>5126.399030</timestamp>
			</report>
			<report>
				<misses>13870001</misses>
				<total>19</total>
				<timestamp>5126.768643</timestamp>
			</report>
			<report>
				<misses>13871001</misses>
				<total>19</total>
				<timestamp>5127.138315</timestamp>
			</report>
			<report>
				<misses>13872001</misses>
				<total>19</total>
				<timestamp>5127.507903</timestamp>
			</report>
			<report>
				<misses>13873001</misses>
				<total>19</total>
				<timestamp>5127.877526</timestamp>
			</report>
			<report>
				<misses>13874001</misses>
				<total>19</total>
				<timestamp>5128.247198</timestamp>
			</report>
			<report>
				<misses>13875001</misses>
				<total>19</total>
				<timestamp>5128.616819</timestamp>
			</report>
			<report>
				<misses>13876001</misses>
				<total>19</total>
				<timestamp>5128.986451</timestamp>
			</report>
			<report>
				<misses>13877001</misses>
				<total>19</total>
				<timestamp>5129.356097</timestamp>
			</report>
			<report>
				<misses>13878001</misses>
				<total>19</total>
				<timestamp>5129.725689</timestamp>
			</report>
			<report>
				<misses>13879001</misses>
				<total>19</total>
				<timestamp>5130.095344</timestamp>
			</report>
			<report>
				<misses>13880001</misses>
				<total>19</total>
				<timestamp>5130.464933</timestamp>
			</report>
			<report>
				<misses>13881001</misses>
				<total>19</total>
				<timestamp>5130.834614</timestamp>
			</report>
			<report>
				<misses>13882001</misses>
				<total>19</total>
				<timestamp>5131.204233</timestamp>
			</report>
			<report>
				<misses>13883001</misses>
				<total>19</total>
				<timestamp>5131.573840</timestamp>
			</report>
			<report>
				<misses>13884001</misses>
				<total>19</total>
				<timestamp>5131.943481</timestamp>
			</report>
			<report>
				<misses>13885001</misses>
				<total>18</total>
				<timestamp>5132.313196</timestamp>
			</report>
			<report>
				<misses>13886001</misses>
				<total>19</total>
				<timestamp>5132.682746</timestamp>
			</report>
			<report>
				<misses>13887001</misses>
				<total>19</total>
				<timestamp>5133.052360</timestamp>
			</report>
			<report>
				<misses>13888001</misses>
				<total>19</total>
				<timestamp>5133.422009</timestamp>
			</report>
			<report>
				<misses>13889001</misses>
				<total>19</total>
				<timestamp>5133.791671</timestamp>
			</report>
			<report>
				<misses>13890001</misses>
				<total>19</total>
				<timestamp>5134.161331</timestamp>
			</report>
			<report>
				<misses>13891001</misses>
				<total>19</total>
				<timestamp>5134.530880</timestamp>
			</report>
			<report>
				<misses>13892001</misses>
				<total>19</total>
				<timestamp>5134.900520</timestamp>
			</report>
			<report>
				<misses>13893001</misses>
				<total>19</total>
				<timestamp>5135.270189</timestamp>
			</report>
			<report>
				<misses>13894001</misses>
				<total>19</total>
				<timestamp>5135.639771</timestamp>
			</report>
			<report>
				<misses>13895001</misses>
				<total>19</total>
				<timestamp>5136.009428</timestamp>
			</report>
			<report>
				<misses>13896001</misses>
				<total>20</total>
				<timestamp>5136.379059</timestamp>
			</report>
			<report>
				<misses>13897001</misses>
				<total>20</total>
				<timestamp>5136.748671</timestamp>
			</report>
			<report>
				<misses>13898001</misses>
				<total>20</total>
				<timestamp>5137.118327</timestamp>
			</report>
			<report>
				<misses>13899001</misses>
				<total>20</total>
				<timestamp>5137.487906</timestamp>
			</report>
			<report>
				<misses>13900001</misses>
				<total>20</total>
				<timestamp>5137.857608</timestamp>
			</report>
			<report>
				<misses>13901001</misses>
				<total>20</total>
				<timestamp>5138.227232</timestamp>
			</report>
			<report>
				<misses>13902001</misses>
				<total>20</total>
				<timestamp>5138.596789</timestamp>
			</report>
			<report>
				<misses>13903001</misses>
				<total>20</total>
				<timestamp>5138.966456</timestamp>
			</report>
			<report>
				<misses>13904001</misses>
				<total>20</total>
				<timestamp>5139.336056</timestamp>
			</report>
			<report>
				<misses>13905001</misses>
				<total>20</total>
				<timestamp>5139.705760</timestamp>
			</report>
			<report>
				<misses>13906001</misses>
				<total>20</total>
				<timestamp>5140.075360</timestamp>
			</report>
			<report>
				<misses>13907001</misses>
				<total>20</total>
				<timestamp>5140.444945</timestamp>
			</report>
			<report>
				<misses>13908001</misses>
				<total>20</total>
				<timestamp>5140.814595</timestamp>
			</report>
			<report>
				<misses>13909001</misses>
				<total>20</total>
				<timestamp>5141.184224</timestamp>
			</report>
			<report>
				<misses>13910001</misses>
				<total>20</total>
				<timestamp>5141.553866</timestamp>
			</report>
			<report>
				<misses>13911001</misses>
				<total>20</total>
				<timestamp>5141.923512</timestamp>
			</report>
			<report>
				<misses>13912001</misses>
				<total>20</total>
				<timestamp>5142.293089</timestamp>
			</report>
			<report>
				<misses>13913001</misses>
				<total>20</total>
				<timestamp>5142.662723</timestamp>
			</report>
			<report>
				<misses>13914001</misses>
				<total>20</total>
				<timestamp>5143.032417</timestamp>
			</report>
			<report>
				<misses>13915001</misses>
				<total>20</total>
				<timestamp>5143.402048</timestamp>
			</report>
			<report>
				<misses>13916001</misses>
				<total>20</total>
				<timestamp>5143.771625</timestamp>
			</report>
			<report>
				<misses>13917001</misses>
				<total>20</total>
				<timestamp>5144.141285</timestamp>
			</report>
			<report>
				<misses>13918001</misses>
				<total>20</total>
				<timestamp>5144.510871</timestamp>
			</report>
			<report>
				<misses>13919001</misses>
				<total>20</total>
				<timestamp>5144.880542</timestamp>
			</report>
			<report>
				<misses>13920001</misses>
				<total>20</total>
				<timestamp>5145.250233</timestamp>
			</report>
			<report>
				<misses>13921001</misses>
				<total>19</total>
				<timestamp>5145.619913</timestamp>
			</report>
			<report>
				<misses>13922001</misses>
				<total>20</total>
				<timestamp>5145.989403</timestamp>
			</report>
			<report>
				<misses>13923001</misses>
				<total>20</total>
				<timestamp>5146.359047</timestamp>
			</report>
			<report>
				<misses>13924001</misses>
				<total>20</total>
				<timestamp>5146.728686</timestamp>
			</report>
			<report>
				<misses>13925001</misses>
				<total>20</total>
				<timestamp>5147.098382</timestamp>
			</report>
			<report>
				<misses>13926001</misses>
				<total>20</total>
				<timestamp>5147.467967</timestamp>
			</report>
			<report>
				<misses>13927001</misses>
				<total>20</total>
				<timestamp>5147.837543</timestamp>
			</report>
			<report>
				<misses>13928001</misses>
				<total>20</total>
				<timestamp>5148.207195</timestamp>
			</report>
			<report>
				<misses>13929001</misses>
				<total>20</total>
				<timestamp>5148.576863</timestamp>
			</report>
			<report>
				<misses>13930001</misses>
				<total>20</total>
				<timestamp>5148.946437</timestamp>
			</report>
			<report>
				<misses>13931001</misses>
				<total>20</total>
				<timestamp>5149.316108</timestamp>
			</report>
			<report>
				<misses>13932001</misses>
				<total>20</total>
				<timestamp>5149.685687</timestamp>
			</report>
			<report>
				<misses>13933001</misses>
				<total>20</total>
				<timestamp>5150.055394</timestamp>
			</report>
			<report>
				<misses>13934001</misses>
				<total>20</total>
				<timestamp>5150.425006</timestamp>
			</report>
			<report>
				<misses>13935001</misses>
				<total>20</total>
				<timestamp>5150.794642</timestamp>
			</report>
			<report>
				<misses>13936001</misses>
				<total>20</total>
				<timestamp>5151.164240</timestamp>
			</report>
			<report>
				<misses>13937001</misses>
				<total>20</total>
				<timestamp>5151.533868</timestamp>
			</report>
			<report>
				<misses>13938001</misses>
				<total>20</total>
				<timestamp>5151.903532</timestamp>
			</report>
			<report>
				<misses>13939001</misses>
				<total>20</total>
				<timestamp>5152.273184</timestamp>
			</report>
			<report>
				<misses>13940001</misses>
				<total>20</total>
				<timestamp>5152.642745</timestamp>
			</report>
			<report>
				<misses>13941001</misses>
				<total>20</total>
				<timestamp>5153.012419</timestamp>
			</report>
			<report>
				<misses>13942001</misses>
				<total>19</total>
				<timestamp>5153.382162</timestamp>
			</report>
			<report>
				<misses>13943001</misses>
				<total>20</total>
				<timestamp>5153.751651</timestamp>
			</report>
			<report>
				<misses>13944001</misses>
				<total>20</total>
				<timestamp>5154.121277</timestamp>
			</report>
			<report>
				<misses>13945001</misses>
				<total>20</total>
				<timestamp>5154.490887</timestamp>
			</report>
			<report>
				<misses>13946001</misses>
				<total>20</total>
				<timestamp>5154.860560</timestamp>
			</report>
			<report>
				<misses>13947001</misses>
				<total>20</total>
				<timestamp>5155.230212</timestamp>
			</report>
			<report>
				<misses>13948001</misses>
				<total>20</total>
				<timestamp>5155.599848</timestamp>
			</report>
			<report>
				<misses>13949001</misses>
				<total>20</total>
				<timestamp>5155.969479</timestamp>
			</report>
			<report>
				<misses>13950001</misses>
				<total>20</total>
				<timestamp>5156.339065</timestamp>
			</report>
			<report>
				<misses>13951001</misses>
				<total>20</total>
				<timestamp>5156.708667</timestamp>
			</report>
			<report>
				<misses>13952001</misses>
				<total>20</total>
				<timestamp>5157.078347</timestamp>
			</report>
			<report>
				<misses>13953001</misses>
				<total>20</total>
				<timestamp>5157.447959</timestamp>
			</report>
			<report>
				<misses>13954001</misses>
				<total>20</total>
				<timestamp>5157.817558</timestamp>
			</report>
			<report>
				<misses>13955001</misses>
				<total>20</total>
				<timestamp>5158.187275</timestamp>
			</report>
			<report>
				<misses>13956001</misses>
				<total>19</total>
				<timestamp>5158.556924</timestamp>
			</report>
			<report>
				<misses>13957001</misses>
				<total>20</total>
				<timestamp>5158.926524</timestamp>
			</report>
			<report>
				<misses>13958001</misses>
				<total>20</total>
				<timestamp>5159.296133</timestamp>
			</report>
			<report>
				<misses>13959001</misses>
				<total>20</total>
				<timestamp>5159.665705</timestamp>
			</report>
			<report>
				<misses>13960001</misses>
				<total>20</total>
				<timestamp>5160.035424</timestamp>
			</report>
			<report>
				<misses>13961001</misses>
				<total>20</total>
				<timestamp>5160.404992</timestamp>
			</report>
			<report>
				<misses>13962001</misses>
				<total>20</total>
				<timestamp>5160.774617</timestamp>
			</report>
			<report>
				<misses>13963001</misses>
				<total>20</total>
				<timestamp>5161.144237</timestamp>
			</report>
			<report>
				<misses>13964001</misses>
				<total>20</total>
				<timestamp>5161.513916</timestamp>
			</report>
			<report>
				<misses>13965001</misses>
				<total>20</total>
				<timestamp>5161.883488</timestamp>
			</report>
			<report>
				<misses>13966001</misses>
				<total>20</total>
				<timestamp>5162.253154</timestamp>
			</report>
			<report>
				<misses>13967001</misses>
				<total>20</total>
				<timestamp>5162.622789</timestamp>
			</report>
			<report>
				<misses>13968001</misses>
				<total>20</total>
				<timestamp>5162.992382</timestamp>
			</report>
			<report>
				<misses>13969001</misses>
				<total>20</total>
				<timestamp>5163.362049</timestamp>
			</report>
			<report>
				<misses>13970001</misses>
				<total>19</total>
				<timestamp>5163.731736</timestamp>
			</report>
			<report>
				<misses>13971001</misses>
				<total>20</total>
				<timestamp>5164.101314</timestamp>
			</report>
			<report>
				<misses>13972001</misses>
				<total>20</total>
				<timestamp>5164.470985</timestamp>
			</report>
			<report>
				<misses>13973001</misses>
				<total>20</total>
				<timestamp>5164.840550</timestamp>
			</report>
			<report>
				<misses>13974001</misses>
				<total>20</total>
				<timestamp>5165.210247</timestamp>
			</report>
			<report>
				<misses>13975001</misses>
				<total>19</total>
				<timestamp>5165.579893</timestamp>
			</report>
			<report>
				<misses>13976001</misses>
				<total>20</total>
				<timestamp>5165.949429</timestamp>
			</report>
			<report>
				<misses>13977001</misses>
				<total>20</total>
				<timestamp>5166.319098</timestamp>
			</report>
			<report>
				<misses>13978001</misses>
				<total>20</total>
				<timestamp>5166.688685</timestamp>
			</report>
			<report>
				<misses>13979001</misses>
				<total>20</total>
				<timestamp>5167.058350</timestamp>
			</report>
			<report>
				<misses>13980001</misses>
				<total>20</total>
				<timestamp>5167.428002</timestamp>
			</report>
			<report>
				<misses>13981001</misses>
				<total>20</total>
				<timestamp>5167.797582</timestamp>
			</report>
			<report>
				<misses>13982001</misses>
				<total>20</total>
				<timestamp>5168.167210</timestamp>
			</report>
			<report>
				<misses>13983001</misses>
				<total>20</total>
				<timestamp>5168.536874</timestamp>
			</report>
			<report>
				<misses>13984001</misses>
				<total>20</total>
				<timestamp>5168.906495</timestamp>
			</report>
			<report>
				<misses>13985001</misses>
				<total>20</total>
				<timestamp>5169.276156</timestamp>
			</report>
			<report>
				<misses>13986001</misses>
				<total>20</total>
				<timestamp>5169.645771</timestamp>
			</report>
			<report>
				<misses>13987001</misses>
				<total>20</total>
				<timestamp>5170.015352</timestamp>
			</report>
			<report>
				<misses>13988001</misses>
				<total>20</total>
				<timestamp>5170.385058</timestamp>
			</report>
			<report>
				<misses>13989001</misses>
				<total>20</total>
				<timestamp>5170.754606</timestamp>
			</report>
			<report>
				<misses>13990001</misses>
				<total>20</total>
				<timestamp>5171.124286</timestamp>
			</report>
			<report>
				<misses>13991001</misses>
				<total>19</total>
				<timestamp>5171.494016</timestamp>
			</report>
			<report>
				<misses>13992001</misses>
				<total>20</total>
				<timestamp>5171.863509</timestamp>
			</report>
			<report>
				<misses>13993001</misses>
				<total>20</total>
				<timestamp>5172.233171</timestamp>
			</report>
			<report>
				<misses>13994001</misses>
				<total>20</total>
				<timestamp>5172.602760</timestamp>
			</report>
			<report>
				<misses>13995001</misses>
				<total>20</total>
				<timestamp>5172.972393</timestamp>
			</report>
			<report>
				<misses>13996001</misses>
				<total>20</total>
				<timestamp>5173.342065</timestamp>
			</report>
			<report>
				<misses>13997001</misses>
				<total>20</total>
				<timestamp>5173.711650</timestamp>
			</report>
			<report>
				<misses>13998001</misses>
				<total>20</total>
				<timestamp>5174.081363</timestamp>
			</report>
			<report>
				<misses>13999001</misses>
				<total>20</total>
				<timestamp>5174.450976</timestamp>
			</report>
			<report>
				<misses>14000001</misses>
				<total>20</total>
				<timestamp>5174.820591</timestamp>
			</report>
			<report>
				<misses>14001001</misses>
				<total>20</total>
				<timestamp>5175.190206</timestamp>
			</report>
			<report>
				<misses>14002001</misses>
				<total>20</total>
				<timestamp>5175.559797</timestamp>
			</report>
			<report>
				<misses>14003001</misses>
				<total>20</total>
				<timestamp>5175.929439</timestamp>
			</report>
			<report>
				<misses>14004001</misses>
				<total>20</total>
				<timestamp>5176.299138</timestamp>
			</report>
			<report>
				<misses>14005001</misses>
				<total>20</total>
				<timestamp>5176.668713</timestamp>
			</report>
			<report>
				<misses>14006001</misses>
				<total>20</total>
				<timestamp>5177.038336</timestamp>
			</report>
			<report>
				<misses>14007001</misses>
				<total>20</total>
				<timestamp>5177.407993</timestamp>
			</report>
			<report>
				<misses>14008001</misses>
				<total>20</total>
				<timestamp>5177.777620</timestamp>
			</report>
			<report>
				<misses>14009001</misses>
				<total>20</total>
				<timestamp>5178.147237</timestamp>
			</report>
			<report>
				<misses>14010001</misses>
				<total>20</total>
				<timestamp>5178.516899</timestamp>
			</report>
			<report>
				<misses>14011001</misses>
				<total>20</total>
				<timestamp>5178.886529</timestamp>
			</report>
			<report>
				<misses>14012001</misses>
				<total>20</total>
				<timestamp>5179.256130</timestamp>
			</report>
			<report>
				<misses>14013001</misses>
				<total>20</total>
				<timestamp>5179.625735</timestamp>
			</report>
			<report>
				<misses>14014001</misses>
				<total>20</total>
				<timestamp>5179.995362</timestamp>
			</report>
			<report>
				<misses>14015001</misses>
				<total>20</total>
				<timestamp>5180.365028</timestamp>
			</report>
			<report>
				<misses>14016001</misses>
				<total>20</total>
				<timestamp>5180.734627</timestamp>
			</report>
			<report>
				<misses>14017001</misses>
				<total>20</total>
				<timestamp>5181.104289</timestamp>
			</report>
			<report>
				<misses>14018001</misses>
				<total>19</total>
				<timestamp>5181.474030</timestamp>
			</report>
			<report>
				<misses>14019001</misses>
				<total>20</total>
				<timestamp>5181.843525</timestamp>
			</report>
			<report>
				<misses>14020001</misses>
				<total>20</total>
				<timestamp>5182.213160</timestamp>
			</report>
			<report>
				<misses>14021001</misses>
				<total>20</total>
				<timestamp>5182.582828</timestamp>
			</report>
			<report>
				<misses>14022001</misses>
				<total>19</total>
				<timestamp>5182.952491</timestamp>
			</report>
			<report>
				<misses>14023001</misses>
				<total>20</total>
				<timestamp>5183.322119</timestamp>
			</report>
			<report>
				<misses>14024001</misses>
				<total>20</total>
				<timestamp>5183.691671</timestamp>
			</report>
			<report>
				<misses>14025001</misses>
				<total>20</total>
				<timestamp>5184.061309</timestamp>
			</report>
			<report>
				<misses>14026001</misses>
				<total>20</total>
				<timestamp>5184.430965</timestamp>
			</report>
			<report>
				<misses>14027001</misses>
				<total>20</total>
				<timestamp>5184.800586</timestamp>
			</report>
			<report>
				<misses>14028001</misses>
				<total>20</total>
				<timestamp>5185.170176</timestamp>
			</report>
			<report>
				<misses>14029001</misses>
				<total>20</total>
				<timestamp>5185.539846</timestamp>
			</report>
			<report>
				<misses>14030001</misses>
				<total>20</total>
				<timestamp>5185.909446</timestamp>
			</report>
			<report>
				<misses>14031001</misses>
				<total>20</total>
				<timestamp>5186.279099</timestamp>
			</report>
			<report>
				<misses>14032001</misses>
				<total>20</total>
				<timestamp>5186.648753</timestamp>
			</report>
			<report>
				<misses>14033001</misses>
				<total>20</total>
				<timestamp>5187.018370</timestamp>
			</report>
			<report>
				<misses>14034001</misses>
				<total>20</total>
				<timestamp>5187.388050</timestamp>
			</report>
			<report>
				<misses>14035001</misses>
				<total>20</total>
				<timestamp>5187.757652</timestamp>
			</report>
			<report>
				<misses>14036001</misses>
				<total>20</total>
				<timestamp>5188.127217</timestamp>
			</report>
			<report>
				<misses>14037001</misses>
				<total>20</total>
				<timestamp>5188.496857</timestamp>
			</report>
			<report>
				<misses>14038001</misses>
				<total>20</total>
				<timestamp>5188.866517</timestamp>
			</report>
			<report>
				<misses>14039001</misses>
				<total>20</total>
				<timestamp>5189.236164</timestamp>
			</report>
			<report>
				<misses>14040001</misses>
				<total>20</total>
				<timestamp>5189.605729</timestamp>
			</report>
			<report>
				<misses>14041001</misses>
				<total>20</total>
				<timestamp>5189.975363</timestamp>
			</report>
			<report>
				<misses>14042001</misses>
				<total>20</total>
				<timestamp>5190.345046</timestamp>
			</report>
			<report>
				<misses>14043001</misses>
				<total>19</total>
				<timestamp>5190.714719</timestamp>
			</report>
			<report>
				<misses>14044001</misses>
				<total>20</total>
				<timestamp>5191.084308</timestamp>
			</report>
			<report>
				<misses>14045001</misses>
				<total>20</total>
				<timestamp>5191.453914</timestamp>
			</report>
			<report>
				<misses>14046001</misses>
				<total>20</total>
				<timestamp>5191.823544</timestamp>
			</report>
			<report>
				<misses>14047001</misses>
				<total>20</total>
				<timestamp>5192.193159</timestamp>
			</report>
			<report>
				<misses>14048001</misses>
				<total>19</total>
				<timestamp>5192.562884</timestamp>
			</report>
			<report>
				<misses>14049001</misses>
				<total>20</total>
				<timestamp>5192.932440</timestamp>
			</report>
			<report>
				<misses>14050001</misses>
				<total>20</total>
				<timestamp>5193.302063</timestamp>
			</report>
			<report>
				<misses>14051001</misses>
				<total>20</total>
				<timestamp>5193.671667</timestamp>
			</report>
			<report>
				<misses>14052001</misses>
				<total>20</total>
				<timestamp>5194.041346</timestamp>
			</report>
			<report>
				<misses>14053001</misses>
				<total>20</total>
				<timestamp>5194.410949</timestamp>
			</report>
			<report>
				<misses>14054001</misses>
				<total>20</total>
				<timestamp>5194.780560</timestamp>
			</report>
			<report>
				<misses>14055001</misses>
				<total>20</total>
				<timestamp>5195.150199</timestamp>
			</report>
			<report>
				<misses>14056001</misses>
				<total>20</total>
				<timestamp>5195.519931</timestamp>
			</report>
			<report>
				<misses>14057001</misses>
				<total>20</total>
				<timestamp>5195.889444</timestamp>
			</report>
			<report>
				<misses>14058001</misses>
				<total>20</total>
				<timestamp>5196.259143</timestamp>
			</report>
			<report>
				<misses>14059001</misses>
				<total>20</total>
				<timestamp>5196.628698</timestamp>
			</report>
			<report>
				<misses>14060001</misses>
				<total>20</total>
				<timestamp>5196.998381</timestamp>
			</report>
			<report>
				<misses>14061001</misses>
				<total>20</total>
				<timestamp>5197.368048</timestamp>
			</report>
			<report>
				<misses>14062001</misses>
				<total>20</total>
				<timestamp>5197.737584</timestamp>
			</report>
			<report>
				<misses>14063001</misses>
				<total>20</total>
				<timestamp>5198.107288</timestamp>
			</report>
			<report>
				<misses>14064001</misses>
				<total>20</total>
				<timestamp>5198.476874</timestamp>
			</report>
			<report>
				<misses>14065001</misses>
				<total>20</total>
				<timestamp>5198.846508</timestamp>
			</report>
			<report>
				<misses>14066001</misses>
				<total>20</total>
				<timestamp>5199.216188</timestamp>
			</report>
			<report>
				<misses>14067001</misses>
				<total>20</total>
				<timestamp>5199.585792</timestamp>
			</report>
			<report>
				<misses>14068001</misses>
				<total>20</total>
				<timestamp>5199.955422</timestamp>
			</report>
			<report>
				<misses>14069001</misses>
				<total>20</total>
				<timestamp>5200.325038</timestamp>
			</report>
			<report>
				<misses>14070001</misses>
				<total>20</total>
				<timestamp>5200.694696</timestamp>
			</report>
			<report>
				<misses>14071001</misses>
				<total>20</total>
				<timestamp>5201.064329</timestamp>
			</report>
			<report>
				<misses>14072001</misses>
				<total>20</total>
				<timestamp>5201.433921</timestamp>
			</report>
			<report>
				<misses>14073001</misses>
				<total>20</total>
				<timestamp>5201.803575</timestamp>
			</report>
			<report>
				<misses>14074001</misses>
				<total>19</total>
				<timestamp>5202.173255</timestamp>
			</report>
			<report>
				<misses>14075001</misses>
				<total>20</total>
				<timestamp>5202.542818</timestamp>
			</report>
			<report>
				<misses>14076001</misses>
				<total>20</total>
				<timestamp>5202.912442</timestamp>
			</report>
			<report>
				<misses>14077001</misses>
				<total>20</total>
				<timestamp>5203.282052</timestamp>
			</report>
			<report>
				<misses>14078001</misses>
				<total>20</total>
				<timestamp>5203.651741</timestamp>
			</report>
			<report>
				<misses>14079001</misses>
				<total>20</total>
				<timestamp>5204.021343</timestamp>
			</report>
			<report>
				<misses>14080001</misses>
				<total>20</total>
				<timestamp>5204.390983</timestamp>
			</report>
			<report>
				<misses>14081001</misses>
				<total>20</total>
				<timestamp>5204.760562</timestamp>
			</report>
			<report>
				<misses>14082001</misses>
				<total>20</total>
				<timestamp>5205.130193</timestamp>
			</report>
			<report>
				<misses>14083001</misses>
				<total>20</total>
				<timestamp>5205.499874</timestamp>
			</report>
			<report>
				<misses>14084001</misses>
				<total>20</total>
				<timestamp>5205.869471</timestamp>
			</report>
			<report>
				<misses>14085001</misses>
				<total>20</total>
				<timestamp>5206.239112</timestamp>
			</report>
			<report>
				<misses>14086001</misses>
				<total>19</total>
				<timestamp>5206.608836</timestamp>
			</report>
			<report>
				<misses>14087001</misses>
				<total>20</total>
				<timestamp>5206.978400</timestamp>
			</report>
			<report>
				<misses>14088001</misses>
				<total>19</total>
				<timestamp>5207.348071</timestamp>
			</report>
			<report>
				<misses>14089001</misses>
				<total>20</total>
				<timestamp>5207.717639</timestamp>
			</report>
			<report>
				<misses>14090001</misses>
				<total>20</total>
				<timestamp>5208.087307</timestamp>
			</report>
			<report>
				<misses>14091001</misses>
				<total>20</total>
				<timestamp>5208.456918</timestamp>
			</report>
			<report>
				<misses>14092001</misses>
				<total>20</total>
				<timestamp>5208.826490</timestamp>
			</report>
			<report>
				<misses>14093001</misses>
				<total>20</total>
				<timestamp>5209.196137</timestamp>
			</report>
			<report>
				<misses>14094001</misses>
				<total>20</total>
				<timestamp>5209.565833</timestamp>
			</report>
			<report>
				<misses>14095001</misses>
				<total>20</total>
				<timestamp>5209.935387</timestamp>
			</report>
			<report>
				<misses>14096001</misses>
				<total>20</total>
				<timestamp>5210.305104</timestamp>
			</report>
			<report>
				<misses>14097001</misses>
				<total>20</total>
				<timestamp>5210.674669</timestamp>
			</report>
			<report>
				<misses>14098001</misses>
				<total>20</total>
				<timestamp>5211.044315</timestamp>
			</report>
			<report>
				<misses>14099001</misses>
				<total>20</total>
				<timestamp>5211.413954</timestamp>
			</report>
			<report>
				<misses>14100001</misses>
				<total>20</total>
				<timestamp>5211.783530</timestamp>
			</report>
			<report>
				<misses>14101001</misses>
				<total>19</total>
				<timestamp>5212.153278</timestamp>
			</report>
			<report>
				<misses>14102001</misses>
				<total>20</total>
				<timestamp>5212.522896</timestamp>
			</report>
			<report>
				<misses>14103001</misses>
				<total>20</total>
				<timestamp>5212.892486</timestamp>
			</report>
			<report>
				<misses>14104001</misses>
				<total>20</total>
				<timestamp>5213.262131</timestamp>
			</report>
			<report>
				<misses>14105001</misses>
				<total>20</total>
				<timestamp>5213.631694</timestamp>
			</report>
			<report>
				<misses>14106001</misses>
				<total>20</total>
				<timestamp>5214.001387</timestamp>
			</report>
			<report>
				<misses>14107001</misses>
				<total>20</total>
				<timestamp>5214.371024</timestamp>
			</report>
			<report>
				<misses>14108001</misses>
				<total>20</total>
				<timestamp>5214.740573</timestamp>
			</report>
			<report>
				<misses>14109001</misses>
				<total>20</total>
				<timestamp>5215.110237</timestamp>
			</report>
			<report>
				<misses>14110001</misses>
				<total>20</total>
				<timestamp>5215.479885</timestamp>
			</report>
			<report>
				<misses>14111001</misses>
				<total>20</total>
				<timestamp>5215.849495</timestamp>
			</report>
			<report>
				<misses>14112001</misses>
				<total>20</total>
				<timestamp>5216.219098</timestamp>
			</report>
			<report>
				<misses>14113001</misses>
				<total>20</total>
				<timestamp>5216.588762</timestamp>
			</report>
			<report>
				<misses>14114001</misses>
				<total>20</total>
				<timestamp>5216.958392</timestamp>
			</report>
			<report>
				<misses>14115001</misses>
				<total>20</total>
				<timestamp>5217.328069</timestamp>
			</report>
			<report>
				<misses>14116001</misses>
				<total>20</total>
				<timestamp>5217.697643</timestamp>
			</report>
			<report>
				<misses>14117001</misses>
				<total>20</total>
				<timestamp>5218.067284</timestamp>
			</report>
			<report>
				<misses>14118001</misses>
				<total>20</total>
				<timestamp>5218.436922</timestamp>
			</report>
			<report>
				<misses>14119001</misses>
				<total>20</total>
				<timestamp>5218.806545</timestamp>
			</report>
			<report>
				<misses>14120001</misses>
				<total>20</total>
				<timestamp>5219.176196</timestamp>
			</report>
			<report>
				<misses>14121001</misses>
				<total>20</total>
				<timestamp>5219.545835</timestamp>
			</report>
			<report>
				<misses>14122001</misses>
				<total>20</total>
				<timestamp>5219.915410</timestamp>
			</report>
			<report>
				<misses>14123001</misses>
				<total>20</total>
				<timestamp>5220.285094</timestamp>
			</report>
			<report>
				<misses>14124001</misses>
				<total>20</total>
				<timestamp>5220.654752</timestamp>
			</report>
			<report>
				<misses>14125001</misses>
				<total>20</total>
				<timestamp>5221.024339</timestamp>
			</report>
			<report>
				<misses>14126001</misses>
				<total>20</total>
				<timestamp>5221.393941</timestamp>
			</report>
			<report>
				<misses>14127001</misses>
				<total>20</total>
				<timestamp>5221.763558</timestamp>
			</report>
			<report>
				<misses>14128001</misses>
				<total>20</total>
				<timestamp>5222.133189</timestamp>
			</report>
			<report>
				<misses>14129001</misses>
				<total>20</total>
				<timestamp>5222.502864</timestamp>
			</report>
			<report>
				<misses>14130001</misses>
				<total>20</total>
				<timestamp>5222.872460</timestamp>
			</report>
			<report>
				<misses>14131001</misses>
				<total>20</total>
				<timestamp>5223.242095</timestamp>
			</report>
			<report>
				<misses>14132001</misses>
				<total>20</total>
				<timestamp>5223.611798</timestamp>
			</report>
			<report>
				<misses>14133001</misses>
				<total>20</total>
				<timestamp>5223.981342</timestamp>
			</report>
			<report>
				<misses>14134001</misses>
				<total>19</total>
				<timestamp>5224.351072</timestamp>
			</report>
			<report>
				<misses>14135001</misses>
				<total>20</total>
				<timestamp>5224.720622</timestamp>
			</report>
			<report>
				<misses>14136001</misses>
				<total>20</total>
				<timestamp>5225.090249</timestamp>
			</report>
			<report>
				<misses>14137001</misses>
				<total>20</total>
				<timestamp>5225.459920</timestamp>
			</report>
			<report>
				<misses>14138001</misses>
				<total>20</total>
				<timestamp>5225.829520</timestamp>
			</report>
			<report>
				<misses>14139001</misses>
				<total>20</total>
				<timestamp>5226.199157</timestamp>
			</report>
			<report>
				<misses>14140001</misses>
				<total>20</total>
				<timestamp>5226.568779</timestamp>
			</report>
			<report>
				<misses>14141001</misses>
				<total>20</total>
				<timestamp>5226.938366</timestamp>
			</report>
			<report>
				<misses>14142001</misses>
				<total>20</total>
				<timestamp>5227.308036</timestamp>
			</report>
			<report>
				<misses>14143001</misses>
				<total>20</total>
				<timestamp>5227.677709</timestamp>
			</report>
			<report>
				<misses>14144001</misses>
				<total>20</total>
				<timestamp>5228.047264</timestamp>
			</report>
			<report>
				<misses>14145001</misses>
				<total>20</total>
				<timestamp>5228.416959</timestamp>
			</report>
			<report>
				<misses>14146001</misses>
				<total>20</total>
				<timestamp>5228.786527</timestamp>
			</report>
			<report>
				<misses>14147001</misses>
				<total>20</total>
				<timestamp>5229.156174</timestamp>
			</report>
			<report>
				<misses>14148001</misses>
				<total>20</total>
				<timestamp>5229.525846</timestamp>
			</report>
			<report>
				<misses>14149001</misses>
				<total>20</total>
				<timestamp>5229.895407</timestamp>
			</report>
			<report>
				<misses>14150001</misses>
				<total>20</total>
				<timestamp>5230.265033</timestamp>
			</report>
			<report>
				<misses>14151001</misses>
				<total>20</total>
				<timestamp>5230.634708</timestamp>
			</report>
			<report>
				<misses>14152001</misses>
				<total>20</total>
				<timestamp>5231.004287</timestamp>
			</report>
			<report>
				<misses>14153001</misses>
				<total>20</total>
				<timestamp>5231.373944</timestamp>
			</report>
			<report>
				<misses>14154001</misses>
				<total>20</total>
				<timestamp>5231.743560</timestamp>
			</report>
			<report>
				<misses>14155001</misses>
				<total>20</total>
				<timestamp>5232.113215</timestamp>
			</report>
			<report>
				<misses>14156001</misses>
				<total>20</total>
				<timestamp>5232.482834</timestamp>
			</report>
			<report>
				<misses>14157001</misses>
				<total>20</total>
				<timestamp>5232.852436</timestamp>
			</report>
			<report>
				<misses>14158001</misses>
				<total>20</total>
				<timestamp>5233.222065</timestamp>
			</report>
			<report>
				<misses>14159001</misses>
				<total>20</total>
				<timestamp>5233.591765</timestamp>
			</report>
			<report>
				<misses>14160001</misses>
				<total>20</total>
				<timestamp>5233.961381</timestamp>
			</report>
			<report>
				<misses>14161001</misses>
				<total>20</total>
				<timestamp>5234.330965</timestamp>
			</report>
			<report>
				<misses>14162001</misses>
				<total>20</total>
				<timestamp>5234.700655</timestamp>
			</report>
			<report>
				<misses>14163001</misses>
				<total>20</total>
				<timestamp>5235.070283</timestamp>
			</report>
			<report>
				<misses>14164001</misses>
				<total>20</total>
				<timestamp>5235.439903</timestamp>
			</report>
			<report>
				<misses>14165001</misses>
				<total>20</total>
				<timestamp>5235.809483</timestamp>
			</report>
			<report>
				<misses>14166001</misses>
				<total>20</total>
				<timestamp>5236.179134</timestamp>
			</report>
			<report>
				<misses>14167001</misses>
				<total>20</total>
				<timestamp>5236.548788</timestamp>
			</report>
			<report>
				<misses>14168001</misses>
				<total>20</total>
				<timestamp>5236.918393</timestamp>
			</report>
			<report>
				<misses>14169001</misses>
				<total>19</total>
				<timestamp>5237.288122</timestamp>
			</report>
			<report>
				<misses>14170001</misses>
				<total>20</total>
				<timestamp>5237.657694</timestamp>
			</report>
			<report>
				<misses>14171001</misses>
				<total>20</total>
				<timestamp>5238.027282</timestamp>
			</report>
			<report>
				<misses>14172001</misses>
				<total>20</total>
				<timestamp>5238.396961</timestamp>
			</report>
			<report>
				<misses>14173001</misses>
				<total>20</total>
				<timestamp>5238.766593</timestamp>
			</report>
			<report>
				<misses>14174001</misses>
				<total>20</total>
				<timestamp>5239.136174</timestamp>
			</report>
			<report>
				<misses>14175001</misses>
				<total>20</total>
				<timestamp>5239.505878</timestamp>
			</report>
			<report>
				<misses>14176001</misses>
				<total>20</total>
				<timestamp>5239.875414</timestamp>
			</report>
			<report>
				<misses>14177001</misses>
				<total>20</total>
				<timestamp>5240.245073</timestamp>
			</report>
			<report>
				<misses>14178001</misses>
				<total>20</total>
				<timestamp>5240.614710</timestamp>
			</report>
			<report>
				<misses>14179001</misses>
				<total>20</total>
				<timestamp>5240.984321</timestamp>
			</report>
			<report>
				<misses>14180001</misses>
				<total>20</total>
				<timestamp>5241.353980</timestamp>
			</report>
			<report>
				<misses>14181001</misses>
				<total>20</total>
				<timestamp>5241.723629</timestamp>
			</report>
			<report>
				<misses>14182001</misses>
				<total>20</total>
				<timestamp>5242.093225</timestamp>
			</report>
			<report>
				<misses>14183001</misses>
				<total>20</total>
				<timestamp>5242.462826</timestamp>
			</report>
			<report>
				<misses>14184001</misses>
				<total>20</total>
				<timestamp>5242.832469</timestamp>
			</report>
			<report>
				<misses>14185001</misses>
				<total>20</total>
				<timestamp>5243.202109</timestamp>
			</report>
			<report>
				<misses>14186001</misses>
				<total>20</total>
				<timestamp>5243.571743</timestamp>
			</report>
			<report>
				<misses>14187001</misses>
				<total>20</total>
				<timestamp>5243.941358</timestamp>
			</report>
			<report>
				<misses>14188001</misses>
				<total>20</total>
				<timestamp>5244.311009</timestamp>
			</report>
			<report>
				<misses>14189001</misses>
				<total>20</total>
				<timestamp>5244.680605</timestamp>
			</report>
			<report>
				<misses>14190001</misses>
				<total>20</total>
				<timestamp>5245.050265</timestamp>
			</report>
			<report>
				<misses>14191001</misses>
				<total>20</total>
				<timestamp>5245.419884</timestamp>
			</report>
			<report>
				<misses>14192001</misses>
				<total>20</total>
				<timestamp>5245.789559</timestamp>
			</report>
			<report>
				<misses>14193001</misses>
				<total>20</total>
				<timestamp>5246.159140</timestamp>
			</report>
			<report>
				<misses>14194001</misses>
				<total>20</total>
				<timestamp>5246.528767</timestamp>
			</report>
			<report>
				<misses>14195001</misses>
				<total>20</total>
				<timestamp>5246.898388</timestamp>
			</report>
			<report>
				<misses>14196001</misses>
				<total>20</total>
				<timestamp>5247.268042</timestamp>
			</report>
			<report>
				<misses>14197001</misses>
				<total>20</total>
				<timestamp>5247.637724</timestamp>
			</report>
			<report>
				<misses>14198001</misses>
				<total>20</total>
				<timestamp>5248.007298</timestamp>
			</report>
			<report>
				<misses>14199001</misses>
				<total>20</total>
				<timestamp>5248.376937</timestamp>
			</report>
			<report>
				<misses>14200001</misses>
				<total>20</total>
				<timestamp>5248.746581</timestamp>
			</report>
			<report>
				<misses>14201001</misses>
				<total>19</total>
				<timestamp>5249.116257</timestamp>
			</report>
			<report>
				<misses>14202001</misses>
				<total>20</total>
				<timestamp>5249.485805</timestamp>
			</report>
			<report>
				<misses>14203001</misses>
				<total>20</total>
				<timestamp>5249.855433</timestamp>
			</report>
			<report>
				<misses>14204001</misses>
				<total>20</total>
				<timestamp>5250.225075</timestamp>
			</report>
			<report>
				<misses>14205001</misses>
				<total>19</total>
				<timestamp>5250.594781</timestamp>
			</report>
			<report>
				<misses>14206001</misses>
				<total>20</total>
				<timestamp>5250.964303</timestamp>
			</report>
			<report>
				<misses>14207001</misses>
				<total>20</total>
				<timestamp>5251.333967</timestamp>
			</report>
			<report>
				<misses>14208001</misses>
				<total>20</total>
				<timestamp>5251.703605</timestamp>
			</report>
			<report>
				<misses>14209001</misses>
				<total>20</total>
				<timestamp>5252.073217</timestamp>
			</report>
			<report>
				<misses>14210001</misses>
				<total>20</total>
				<timestamp>5252.442840</timestamp>
			</report>
			<report>
				<misses>14211001</misses>
				<total>20</total>
				<timestamp>5252.812529</timestamp>
			</report>
			<report>
				<misses>14212001</misses>
				<total>19</total>
				<timestamp>5253.182186</timestamp>
			</report>
			<report>
				<misses>14213001</misses>
				<total>20</total>
				<timestamp>5253.551724</timestamp>
			</report>
			<report>
				<misses>14214001</misses>
				<total>20</total>
				<timestamp>5253.921354</timestamp>
			</report>
			<report>
				<misses>14215001</misses>
				<total>20</total>
				<timestamp>5254.291004</timestamp>
			</report>
			<report>
				<misses>14216001</misses>
				<total>20</total>
				<timestamp>5254.660639</timestamp>
			</report>
			<report>
				<misses>14217001</misses>
				<total>20</total>
				<timestamp>5255.030239</timestamp>
			</report>
			<report>
				<misses>14218001</misses>
				<total>20</total>
				<timestamp>5255.399936</timestamp>
			</report>
			<report>
				<misses>14219001</misses>
				<total>20</total>
				<timestamp>5255.769536</timestamp>
			</report>
			<report>
				<misses>14220001</misses>
				<total>20</total>
				<timestamp>5256.139150</timestamp>
			</report>
			<report>
				<misses>14221001</misses>
				<total>20</total>
				<timestamp>5256.508756</timestamp>
			</report>
			<report>
				<misses>14222001</misses>
				<total>20</total>
				<timestamp>5256.878500</timestamp>
			</report>
			<report>
				<misses>14223001</misses>
				<total>20</total>
				<timestamp>5257.248024</timestamp>
			</report>
			<report>
				<misses>14224001</misses>
				<total>20</total>
				<timestamp>5257.617716</timestamp>
			</report>
			<report>
				<misses>14225001</misses>
				<total>20</total>
				<timestamp>5257.987296</timestamp>
			</report>
			<report>
				<misses>14226001</misses>
				<total>20</total>
				<timestamp>5258.356914</timestamp>
			</report>
			<report>
				<misses>14227001</misses>
				<total>20</total>
				<timestamp>5258.726573</timestamp>
			</report>
			<report>
				<misses>14228001</misses>
				<total>20</total>
				<timestamp>5259.096199</timestamp>
			</report>
			<report>
				<misses>14229001</misses>
				<total>19</total>
				<timestamp>5259.465898</timestamp>
			</report>
			<report>
				<misses>14230001</misses>
				<total>20</total>
				<timestamp>5259.835462</timestamp>
			</report>
			<report>
				<misses>14231001</misses>
				<total>20</total>
				<timestamp>5260.205074</timestamp>
			</report>
			<report>
				<misses>14232001</misses>
				<total>20</total>
				<timestamp>5260.574702</timestamp>
			</report>
			<report>
				<misses>14233001</misses>
				<total>20</total>
				<timestamp>5260.944317</timestamp>
			</report>
			<report>
				<misses>14234001</misses>
				<total>20</total>
				<timestamp>5261.313952</timestamp>
			</report>
			<report>
				<misses>14235001</misses>
				<total>20</total>
				<timestamp>5261.683615</timestamp>
			</report>
			<report>
				<misses>14236001</misses>
				<total>20</total>
				<timestamp>5262.053224</timestamp>
			</report>
			<report>
				<misses>14237001</misses>
				<total>20</total>
				<timestamp>5262.422916</timestamp>
			</report>
			<report>
				<misses>14238001</misses>
				<total>20</total>
				<timestamp>5262.792495</timestamp>
			</report>
			<report>
				<misses>14239001</misses>
				<total>20</total>
				<timestamp>5263.162158</timestamp>
			</report>
			<report>
				<misses>14240001</misses>
				<total>20</total>
				<timestamp>5263.531722</timestamp>
			</report>
			<report>
				<misses>14241001</misses>
				<total>20</total>
				<timestamp>5263.901407</timestamp>
			</report>
			<report>
				<misses>14242001</misses>
				<total>20</total>
				<timestamp>5264.271045</timestamp>
			</report>
			<report>
				<misses>14243001</misses>
				<total>20</total>
				<timestamp>5264.640630</timestamp>
			</report>
			<report>
				<misses>14244001</misses>
				<total>20</total>
				<timestamp>5265.010296</timestamp>
			</report>
			<report>
				<misses>14245001</misses>
				<total>20</total>
				<timestamp>5265.379890</timestamp>
			</report>
			<report>
				<misses>14246001</misses>
				<total>20</total>
				<timestamp>5265.749518</timestamp>
			</report>
			<report>
				<misses>14247001</misses>
				<total>20</total>
				<timestamp>5266.119210</timestamp>
			</report>
			<report>
				<misses>14248001</misses>
				<total>20</total>
				<timestamp>5266.488795</timestamp>
			</report>
			<report>
				<misses>14249001</misses>
				<total>20</total>
				<timestamp>5266.858439</timestamp>
			</report>
			<report>
				<misses>14250001</misses>
				<total>20</total>
				<timestamp>5267.228049</timestamp>
			</report>
			<report>
				<misses>14251001</misses>
				<total>20</total>
				<timestamp>5267.597669</timestamp>
			</report>
			<report>
				<misses>14252001</misses>
				<total>20</total>
				<timestamp>5267.967290</timestamp>
			</report>
			<report>
				<misses>14253001</misses>
				<total>20</total>
				<timestamp>5268.336959</timestamp>
			</report>
			<report>
				<misses>14254001</misses>
				<total>20</total>
				<timestamp>5268.706563</timestamp>
			</report>
			<report>
				<misses>14255001</misses>
				<total>20</total>
				<timestamp>5269.076181</timestamp>
			</report>
			<report>
				<misses>14256001</misses>
				<total>20</total>
				<timestamp>5269.445816</timestamp>
			</report>
			<report>
				<misses>14257001</misses>
				<total>20</total>
				<timestamp>5269.815480</timestamp>
			</report>
			<report>
				<misses>14258001</misses>
				<total>20</total>
				<timestamp>5270.185063</timestamp>
			</report>
			<report>
				<misses>14259001</misses>
				<total>20</total>
				<timestamp>5270.554703</timestamp>
			</report>
			<report>
				<misses>14260001</misses>
				<total>20</total>
				<timestamp>5270.924354</timestamp>
			</report>
			<report>
				<misses>14261001</misses>
				<total>20</total>
				<timestamp>5271.293988</timestamp>
			</report>
			<report>
				<misses>14262001</misses>
				<total>20</total>
				<timestamp>5271.663693</timestamp>
			</report>
			<report>
				<misses>14263001</misses>
				<total>20</total>
				<timestamp>5272.033228</timestamp>
			</report>
			<report>
				<misses>14264001</misses>
				<total>20</total>
				<timestamp>5272.402866</timestamp>
			</report>
			<report>
				<misses>14265001</misses>
				<total>20</total>
				<timestamp>5272.772551</timestamp>
			</report>
			<report>
				<misses>14266001</misses>
				<total>20</total>
				<timestamp>5273.142128</timestamp>
			</report>
			<report>
				<misses>14267001</misses>
				<total>20</total>
				<timestamp>5273.511759</timestamp>
			</report>
			<report>
				<misses>14268001</misses>
				<total>20</total>
				<timestamp>5273.881416</timestamp>
			</report>
			<report>
				<misses>14269001</misses>
				<total>20</total>
				<timestamp>5274.251074</timestamp>
			</report>
			<report>
				<misses>14270001</misses>
				<total>20</total>
				<timestamp>5274.620661</timestamp>
			</report>
			<report>
				<misses>14271001</misses>
				<total>20</total>
				<timestamp>5274.990353</timestamp>
			</report>
			<report>
				<misses>14272001</misses>
				<total>20</total>
				<timestamp>5275.359901</timestamp>
			</report>
			<report>
				<misses>14273001</misses>
				<total>20</total>
				<timestamp>5275.729573</timestamp>
			</report>
			<report>
				<misses>14274001</misses>
				<total>20</total>
				<timestamp>5276.099173</timestamp>
			</report>
			<report>
				<misses>14275001</misses>
				<total>20</total>
				<timestamp>5276.468788</timestamp>
			</report>
			<report>
				<misses>14276001</misses>
				<total>20</total>
				<timestamp>5276.838481</timestamp>
			</report>
			<report>
				<misses>14277001</misses>
				<total>20</total>
				<timestamp>5277.208122</timestamp>
			</report>
			<report>
				<misses>14278001</misses>
				<total>20</total>
				<timestamp>5277.577695</timestamp>
			</report>
			<report>
				<misses>14279001</misses>
				<total>20</total>
				<timestamp>5277.947375</timestamp>
			</report>
			<report>
				<misses>14280001</misses>
				<total>20</total>
				<timestamp>5278.316948</timestamp>
			</report>
			<report>
				<misses>14281001</misses>
				<total>20</total>
				<timestamp>5278.686593</timestamp>
			</report>
			<report>
				<misses>14282001</misses>
				<total>20</total>
				<timestamp>5279.056195</timestamp>
			</report>
			<report>
				<misses>14283001</misses>
				<total>19</total>
				<timestamp>5279.425929</timestamp>
			</report>
			<report>
				<misses>14284001</misses>
				<total>20</total>
				<timestamp>5279.795470</timestamp>
			</report>
			<report>
				<misses>14285001</misses>
				<total>20</total>
				<timestamp>5280.165085</timestamp>
			</report>
			<report>
				<misses>14286001</misses>
				<total>20</total>
				<timestamp>5280.534708</timestamp>
			</report>
			<report>
				<misses>14287001</misses>
				<total>20</total>
				<timestamp>5280.904380</timestamp>
			</report>
			<report>
				<misses>14288001</misses>
				<total>20</total>
				<timestamp>5281.274013</timestamp>
			</report>
			<report>
				<misses>14289001</misses>
				<total>20</total>
				<timestamp>5281.643628</timestamp>
			</report>
			<report>
				<misses>14290001</misses>
				<total>20</total>
				<timestamp>5282.013264</timestamp>
			</report>
			<report>
				<misses>14291001</misses>
				<total>20</total>
				<timestamp>5282.382913</timestamp>
			</report>
			<report>
				<misses>14292001</misses>
				<total>20</total>
				<timestamp>5282.752504</timestamp>
			</report>
			<report>
				<misses>14293001</misses>
				<total>20</total>
				<timestamp>5283.122188</timestamp>
			</report>
			<report>
				<misses>14294001</misses>
				<total>20</total>
				<timestamp>5283.491780</timestamp>
			</report>
			<report>
				<misses>14295001</misses>
				<total>20</total>
				<timestamp>5283.861387</timestamp>
			</report>
			<report>
				<misses>14296001</misses>
				<total>19</total>
				<timestamp>5284.231127</timestamp>
			</report>
			<report>
				<misses>14297001</misses>
				<total>20</total>
				<timestamp>5284.600712</timestamp>
			</report>
			<report>
				<misses>14298001</misses>
				<total>20</total>
				<timestamp>5284.970323</timestamp>
			</report>
			<report>
				<misses>14299001</misses>
				<total>20</total>
				<timestamp>5285.339918</timestamp>
			</report>
			<report>
				<misses>14300001</misses>
				<total>20</total>
				<timestamp>5285.709579</timestamp>
			</report>
			<report>
				<misses>14301001</misses>
				<total>20</total>
				<timestamp>5286.079158</timestamp>
			</report>
			<report>
				<misses>14302001</misses>
				<total>20</total>
				<timestamp>5286.448845</timestamp>
			</report>
			<report>
				<misses>14303001</misses>
				<total>20</total>
				<timestamp>5286.818494</timestamp>
			</report>
			<report>
				<misses>14304001</misses>
				<total>20</total>
				<timestamp>5287.188050</timestamp>
			</report>
			<report>
				<misses>14305001</misses>
				<total>20</total>
				<timestamp>5287.557690</timestamp>
			</report>
			<report>
				<misses>14306001</misses>
				<total>20</total>
				<timestamp>5287.927376</timestamp>
			</report>
			<report>
				<misses>14307001</misses>
				<total>20</total>
				<timestamp>5288.296952</timestamp>
			</report>
			<report>
				<misses>14308001</misses>
				<total>19</total>
				<timestamp>5288.666676</timestamp>
			</report>
			<report>
				<misses>14309001</misses>
				<total>20</total>
				<timestamp>5289.036211</timestamp>
			</report>
			<report>
				<misses>14310001</misses>
				<total>20</total>
				<timestamp>5289.405848</timestamp>
			</report>
			<report>
				<misses>14311001</misses>
				<total>19</total>
				<timestamp>5289.775558</timestamp>
			</report>
			<report>
				<misses>14312001</misses>
				<total>20</total>
				<timestamp>5290.145119</timestamp>
			</report>
			<report>
				<misses>14313001</misses>
				<total>20</total>
				<timestamp>5290.514728</timestamp>
			</report>
			<report>
				<misses>14314001</misses>
				<total>20</total>
				<timestamp>5290.884446</timestamp>
			</report>
			<report>
				<misses>14315001</misses>
				<total>20</total>
				<timestamp>5291.254008</timestamp>
			</report>
			<report>
				<misses>14316001</misses>
				<total>20</total>
				<timestamp>5291.623639</timestamp>
			</report>
			<report>
				<misses>14317001</misses>
				<total>20</total>
				<timestamp>5291.993338</timestamp>
			</report>
			<report>
				<misses>14318001</misses>
				<total>20</total>
				<timestamp>5292.362899</timestamp>
			</report>
			<report>
				<misses>14319001</misses>
				<total>20</total>
				<timestamp>5292.732511</timestamp>
			</report>
			<report>
				<misses>14320001</misses>
				<total>20</total>
				<timestamp>5293.102170</timestamp>
			</report>
			<report>
				<misses>14321001</misses>
				<total>20</total>
				<timestamp>5293.471813</timestamp>
			</report>
			<report>
				<misses>14322001</misses>
				<total>20</total>
				<timestamp>5293.841458</timestamp>
			</report>
			<report>
				<misses>14323001</misses>
				<total>20</total>
				<timestamp>5294.211120</timestamp>
			</report>
			<report>
				<misses>14324001</misses>
				<total>20</total>
				<timestamp>5294.580662</timestamp>
			</report>
			<report>
				<misses>14325001</misses>
				<total>20</total>
				<timestamp>5294.950286</timestamp>
			</report>
			<report>
				<misses>14326001</misses>
				<total>20</total>
				<timestamp>5295.319977</timestamp>
			</report>
			<report>
				<misses>14327001</misses>
				<total>20</total>
				<timestamp>5295.689639</timestamp>
			</report>
			<report>
				<misses>14328001</misses>
				<total>20</total>
				<timestamp>5296.059173</timestamp>
			</report>
			<report>
				<misses>14329001</misses>
				<total>20</total>
				<timestamp>5296.428850</timestamp>
			</report>
			<report>
				<misses>14330001</misses>
				<total>20</total>
				<timestamp>5296.798508</timestamp>
			</report>
			<report>
				<misses>14331001</misses>
				<total>20</total>
				<timestamp>5297.168105</timestamp>
			</report>
			<report>
				<misses>14332001</misses>
				<total>20</total>
				<timestamp>5297.537714</timestamp>
			</report>
			<report>
				<misses>14333001</misses>
				<total>20</total>
				<timestamp>5297.907330</timestamp>
			</report>
			<report>
				<misses>14334001</misses>
				<total>20</total>
				<timestamp>5298.276981</timestamp>
			</report>
			<report>
				<misses>14335001</misses>
				<total>20</total>
				<timestamp>5298.646582</timestamp>
			</report>
			<report>
				<misses>14336001</misses>
				<total>20</total>
				<timestamp>5299.016259</timestamp>
			</report>
			<report>
				<misses>14337001</misses>
				<total>20</total>
				<timestamp>5299.385845</timestamp>
			</report>
			<report>
				<misses>14338001</misses>
				<total>19</total>
				<timestamp>5299.755576</timestamp>
			</report>
			<report>
				<misses>14339001</misses>
				<total>20</total>
				<timestamp>5300.125144</timestamp>
			</report>
			<report>
				<misses>14340001</misses>
				<total>20</total>
				<timestamp>5300.494804</timestamp>
			</report>
			<report>
				<misses>14341001</misses>
				<total>20</total>
				<timestamp>5300.864374</timestamp>
			</report>
			<report>
				<misses>14342001</misses>
				<total>20</total>
				<timestamp>5301.234032</timestamp>
			</report>
			<report>
				<misses>14343001</misses>
				<total>20</total>
				<timestamp>5301.603631</timestamp>
			</report>
			<report>
				<misses>14344001</misses>
				<total>20</total>
				<timestamp>5301.973309</timestamp>
			</report>
			<report>
				<misses>14345001</misses>
				<total>20</total>
				<timestamp>5302.342917</timestamp>
			</report>
			<report>
				<misses>14346001</misses>
				<total>20</total>
				<timestamp>5302.712529</timestamp>
			</report>
			<report>
				<misses>14347001</misses>
				<total>20</total>
				<timestamp>5303.082143</timestamp>
			</report>
			<report>
				<misses>14348001</misses>
				<total>19</total>
				<timestamp>5303.451884</timestamp>
			</report>
			<report>
				<misses>14349001</misses>
				<total>20</total>
				<timestamp>5303.821403</timestamp>
			</report>
			<report>
				<misses>14350001</misses>
				<total>19</total>
				<timestamp>5304.191214</timestamp>
			</report>
			<report>
				<misses>14351001</misses>
				<total>20</total>
				<timestamp>5304.560726</timestamp>
			</report>
			<report>
				<misses>14352001</misses>
				<total>19</total>
				<timestamp>5304.930396</timestamp>
			</report>
			<report>
				<misses>14353001</misses>
				<total>20</total>
				<timestamp>5305.299942</timestamp>
			</report>
			<report>
				<misses>14354001</misses>
				<total>20</total>
				<timestamp>5305.669590</timestamp>
			</report>
			<report>
				<misses>14355001</misses>
				<total>20</total>
				<timestamp>5306.039220</timestamp>
			</report>
			<report>
				<misses>14356001</misses>
				<total>20</total>
				<timestamp>5306.408855</timestamp>
			</report>
			<report>
				<misses>14357001</misses>
				<total>20</total>
				<timestamp>5306.778481</timestamp>
			</report>
			<report>
				<misses>14358001</misses>
				<total>20</total>
				<timestamp>5307.148083</timestamp>
			</report>
			<report>
				<misses>14359001</misses>
				<total>20</total>
				<timestamp>5307.517818</timestamp>
			</report>
			<report>
				<misses>14360001</misses>
				<total>20</total>
				<timestamp>5307.887340</timestamp>
			</report>
			<report>
				<misses>14361001</misses>
				<total>20</total>
				<timestamp>5308.257094</timestamp>
			</report>
			<report>
				<misses>14362001</misses>
				<total>20</total>
				<timestamp>5308.626597</timestamp>
			</report>
			<report>
				<misses>14363001</misses>
				<total>20</total>
				<timestamp>5308.996259</timestamp>
			</report>
			<report>
				<misses>14364001</misses>
				<total>20</total>
				<timestamp>5309.365958</timestamp>
			</report>
			<report>
				<misses>14365001</misses>
				<total>20</total>
				<timestamp>5309.735545</timestamp>
			</report>
			<report>
				<misses>14366001</misses>
				<total>20</total>
				<timestamp>5310.105178</timestamp>
			</report>
			<report>
				<misses>14367001</misses>
				<total>20</total>
				<timestamp>5310.474749</timestamp>
			</report>
			<report>
				<misses>14368001</misses>
				<total>20</total>
				<timestamp>5310.844412</timestamp>
			</report>
			<report>
				<misses>14369001</misses>
				<total>19</total>
				<timestamp>5311.214137</timestamp>
			</report>
			<report>
				<misses>14370001</misses>
				<total>20</total>
				<timestamp>5311.583664</timestamp>
			</report>
			<report>
				<misses>14371001</misses>
				<total>20</total>
				<timestamp>5311.953307</timestamp>
			</report>
			<report>
				<misses>14372001</misses>
				<total>20</total>
				<timestamp>5312.322984</timestamp>
			</report>
			<report>
				<misses>14373001</misses>
				<total>19</total>
				<timestamp>5312.692628</timestamp>
			</report>
			<report>
				<misses>14374001</misses>
				<total>20</total>
				<timestamp>5313.062192</timestamp>
			</report>
			<report>
				<misses>14375001</misses>
				<total>20</total>
				<timestamp>5313.431850</timestamp>
			</report>
			<report>
				<misses>14376001</misses>
				<total>20</total>
				<timestamp>5313.801462</timestamp>
			</report>
			<report>
				<misses>14377001</misses>
				<total>20</total>
				<timestamp>5314.171078</timestamp>
			</report>
			<report>
				<misses>14378001</misses>
				<total>20</total>
				<timestamp>5314.540689</timestamp>
			</report>
			<report>
				<misses>14379001</misses>
				<total>19</total>
				<timestamp>5314.910407</timestamp>
			</report>
			<report>
				<misses>14380001</misses>
				<total>20</total>
				<timestamp>5315.279958</timestamp>
			</report>
			<report>
				<misses>14381001</misses>
				<total>20</total>
				<timestamp>5315.649558</timestamp>
			</report>
			<report>
				<misses>14382001</misses>
				<total>20</total>
				<timestamp>5316.019269</timestamp>
			</report>
			<report>
				<misses>14383001</misses>
				<total>20</total>
				<timestamp>5316.388847</timestamp>
			</report>
			<report>
				<misses>14384001</misses>
				<total>20</total>
				<timestamp>5316.758489</timestamp>
			</report>
			<report>
				<misses>14385001</misses>
				<total>20</total>
				<timestamp>5317.128096</timestamp>
			</report>
			<report>
				<misses>14386001</misses>
				<total>19</total>
				<timestamp>5317.497836</timestamp>
			</report>
			<report>
				<misses>14387001</misses>
				<total>20</total>
				<timestamp>5317.867345</timestamp>
			</report>
			<report>
				<misses>14388001</misses>
				<total>19</total>
				<timestamp>5318.237109</timestamp>
			</report>
			<report>
				<misses>14389001</misses>
				<total>20</total>
				<timestamp>5318.606665</timestamp>
			</report>
			<report>
				<misses>14390001</misses>
				<total>19</total>
				<timestamp>5318.976338</timestamp>
			</report>
			<report>
				<misses>14391001</misses>
				<total>20</total>
				<timestamp>5319.345925</timestamp>
			</report>
			<report>
				<misses>14392001</misses>
				<total>20</total>
				<timestamp>5319.715490</timestamp>
			</report>
			<report>
				<misses>14393001</misses>
				<total>19</total>
				<timestamp>5320.085252</timestamp>
			</report>
			<report>
				<misses>14394001</misses>
				<total>20</total>
				<timestamp>5320.454800</timestamp>
			</report>
			<report>
				<misses>14395001</misses>
				<total>20</total>
				<timestamp>5320.824389</timestamp>
			</report>
			<report>
				<misses>14396001</misses>
				<total>20</total>
				<timestamp>5321.194179</timestamp>
			</report>
			<report>
				<misses>14397001</misses>
				<total>20</total>
				<timestamp>5321.563669</timestamp>
			</report>
			<report>
				<misses>14398001</misses>
				<total>20</total>
				<timestamp>5321.933355</timestamp>
			</report>
			<report>
				<misses>14399001</misses>
				<total>20</total>
				<timestamp>5322.303014</timestamp>
			</report>
			<report>
				<misses>14400001</misses>
				<total>20</total>
				<timestamp>5322.672566</timestamp>
			</report>
			<report>
				<misses>14401001</misses>
				<total>19</total>
				<timestamp>5323.042278</timestamp>
			</report>
			<report>
				<misses>14402001</misses>
				<total>20</total>
				<timestamp>5323.411795</timestamp>
			</report>
			<report>
				<misses>14403001</misses>
				<total>20</total>
				<timestamp>5323.781492</timestamp>
			</report>
			<report>
				<misses>14404001</misses>
				<total>20</total>
				<timestamp>5324.151075</timestamp>
			</report>
			<report>
				<misses>14405001</misses>
				<total>20</total>
				<timestamp>5324.520693</timestamp>
			</report>
			<report>
				<misses>14406001</misses>
				<total>20</total>
				<timestamp>5324.890351</timestamp>
			</report>
			<report>
				<misses>14407001</misses>
				<total>20</total>
				<timestamp>5325.259971</timestamp>
			</report>
			<report>
				<misses>14408001</misses>
				<total>20</total>
				<timestamp>5325.629627</timestamp>
			</report>
			<report>
				<misses>14409001</misses>
				<total>20</total>
				<timestamp>5325.999244</timestamp>
			</report>
			<report>
				<misses>14410001</misses>
				<total>20</total>
				<timestamp>5326.368872</timestamp>
			</report>
			<report>
				<misses>14411001</misses>
				<total>20</total>
				<timestamp>5326.738498</timestamp>
			</report>
			<report>
				<misses>14412001</misses>
				<total>20</total>
				<timestamp>5327.108104</timestamp>
			</report>
			<report>
				<misses>14413001</misses>
				<total>20</total>
				<timestamp>5327.477759</timestamp>
			</report>
			<report>
				<misses>14414001</misses>
				<total>20</total>
				<timestamp>5327.847418</timestamp>
			</report>
			<report>
				<misses>14415001</misses>
				<total>20</total>
				<timestamp>5328.216999</timestamp>
			</report>
			<report>
				<misses>14416001</misses>
				<total>20</total>
				<timestamp>5328.586629</timestamp>
			</report>
			<report>
				<misses>14417001</misses>
				<total>20</total>
				<timestamp>5328.956320</timestamp>
			</report>
			<report>
				<misses>14418001</misses>
				<total>20</total>
				<timestamp>5329.325884</timestamp>
			</report>
			<report>
				<misses>14419001</misses>
				<total>20</total>
				<timestamp>5329.695577</timestamp>
			</report>
			<report>
				<misses>14420001</misses>
				<total>19</total>
				<timestamp>5330.065274</timestamp>
			</report>
			<report>
				<misses>14421001</misses>
				<total>20</total>
				<timestamp>5330.434779</timestamp>
			</report>
			<report>
				<misses>14422001</misses>
				<total>20</total>
				<timestamp>5330.804410</timestamp>
			</report>
			<report>
				<misses>14423001</misses>
				<total>20</total>
				<timestamp>5331.174071</timestamp>
			</report>
			<report>
				<misses>14424001</misses>
				<total>20</total>
				<timestamp>5331.543671</timestamp>
			</report>
			<report>
				<misses>14425001</misses>
				<total>20</total>
				<timestamp>5331.913333</timestamp>
			</report>
			<report>
				<misses>14426001</misses>
				<total>20</total>
				<timestamp>5332.282962</timestamp>
			</report>
			<report>
				<misses>14427001</misses>
				<total>20</total>
				<timestamp>5332.652544</timestamp>
			</report>
			<report>
				<misses>14428001</misses>
				<total>20</total>
				<timestamp>5333.022212</timestamp>
			</report>
			<report>
				<misses>14429001</misses>
				<total>20</total>
				<timestamp>5333.391826</timestamp>
			</report>
			<report>
				<misses>14430001</misses>
				<total>20</total>
				<timestamp>5333.761428</timestamp>
			</report>
			<report>
				<misses>14431001</misses>
				<total>20</total>
				<timestamp>5334.131059</timestamp>
			</report>
			<report>
				<misses>14432001</misses>
				<total>19</total>
				<timestamp>5334.500813</timestamp>
			</report>
			<report>
				<misses>14433001</misses>
				<total>19</total>
				<timestamp>5334.870432</timestamp>
			</report>
			<report>
				<misses>14434001</misses>
				<total>20</total>
				<timestamp>5335.240085</timestamp>
			</report>
			<report>
				<misses>14435001</misses>
				<total>20</total>
				<timestamp>5335.609586</timestamp>
			</report>
			<report>
				<misses>14436001</misses>
				<total>20</total>
				<timestamp>5335.979228</timestamp>
			</report>
			<report>
				<misses>14437001</misses>
				<total>20</total>
				<timestamp>5336.348839</timestamp>
			</report>
			<report>
				<misses>14438001</misses>
				<total>20</total>
				<timestamp>5336.718508</timestamp>
			</report>
			<report>
				<misses>14439001</misses>
				<total>20</total>
				<timestamp>5337.088130</timestamp>
			</report>
			<report>
				<misses>14440001</misses>
				<total>20</total>
				<timestamp>5337.457735</timestamp>
			</report>
			<report>
				<misses>14441001</misses>
				<total>20</total>
				<timestamp>5337.827361</timestamp>
			</report>
			<report>
				<misses>14442001</misses>
				<total>20</total>
				<timestamp>5338.197061</timestamp>
			</report>
			<report>
				<misses>14443001</misses>
				<total>20</total>
				<timestamp>5338.566624</timestamp>
			</report>
			<report>
				<misses>14444001</misses>
				<total>20</total>
				<timestamp>5338.936254</timestamp>
			</report>
			<report>
				<misses>14445001</misses>
				<total>20</total>
				<timestamp>5339.305897</timestamp>
			</report>
			<report>
				<misses>14446001</misses>
				<total>20</total>
				<timestamp>5339.675584</timestamp>
			</report>
			<report>
				<misses>14447001</misses>
				<total>20</total>
				<timestamp>5340.045181</timestamp>
			</report>
			<report>
				<misses>14448001</misses>
				<total>20</total>
				<timestamp>5340.414771</timestamp>
			</report>
			<report>
				<misses>14449001</misses>
				<total>20</total>
				<timestamp>5340.784415</timestamp>
			</report>
			<report>
				<misses>14450001</misses>
				<total>20</total>
				<timestamp>5341.154091</timestamp>
			</report>
			<report>
				<misses>14451001</misses>
				<total>20</total>
				<timestamp>5341.523682</timestamp>
			</report>
			<report>
				<misses>14452001</misses>
				<total>19</total>
				<timestamp>5341.893391</timestamp>
			</report>
			<report>
				<misses>14453001</misses>
				<total>20</total>
				<timestamp>5342.262944</timestamp>
			</report>
			<report>
				<misses>14454001</misses>
				<total>20</total>
				<timestamp>5342.632617</timestamp>
			</report>
			<report>
				<misses>14455001</misses>
				<total>20</total>
				<timestamp>5343.002185</timestamp>
			</report>
			<report>
				<misses>14456001</misses>
				<total>20</total>
				<timestamp>5343.371808</timestamp>
			</report>
			<report>
				<misses>14457001</misses>
				<total>20</total>
				<timestamp>5343.741432</timestamp>
			</report>
			<report>
				<misses>14458001</misses>
				<total>20</total>
				<timestamp>5344.111086</timestamp>
			</report>
			<report>
				<misses>14459001</misses>
				<total>20</total>
				<timestamp>5344.480717</timestamp>
			</report>
			<report>
				<misses>14460001</misses>
				<total>20</total>
				<timestamp>5344.850374</timestamp>
			</report>
			<report>
				<misses>14461001</misses>
				<total>20</total>
				<timestamp>5345.219989</timestamp>
			</report>
			<report>
				<misses>14462001</misses>
				<total>20</total>
				<timestamp>5345.589654</timestamp>
			</report>
			<report>
				<misses>14463001</misses>
				<total>20</total>
				<timestamp>5345.959238</timestamp>
			</report>
			<report>
				<misses>14464001</misses>
				<total>20</total>
				<timestamp>5346.328926</timestamp>
			</report>
			<report>
				<misses>14465001</misses>
				<total>20</total>
				<timestamp>5346.698535</timestamp>
			</report>
			<report>
				<misses>14466001</misses>
				<total>20</total>
				<timestamp>5347.068125</timestamp>
			</report>
			<report>
				<misses>14467001</misses>
				<total>20</total>
				<timestamp>5347.437743</timestamp>
			</report>
			<report>
				<misses>14468001</misses>
				<total>20</total>
				<timestamp>5347.807451</timestamp>
			</report>
			<report>
				<misses>14469001</misses>
				<total>20</total>
				<timestamp>5348.177079</timestamp>
			</report>
			<report>
				<misses>14470001</misses>
				<total>20</total>
				<timestamp>5348.546640</timestamp>
			</report>
			<report>
				<misses>14471001</misses>
				<total>19</total>
				<timestamp>5348.916398</timestamp>
			</report>
			<report>
				<misses>14472001</misses>
				<total>20</total>
				<timestamp>5349.285941</timestamp>
			</report>
			<report>
				<misses>14473001</misses>
				<total>20</total>
				<timestamp>5349.655532</timestamp>
			</report>
			<report>
				<misses>14474001</misses>
				<total>20</total>
				<timestamp>5350.025157</timestamp>
			</report>
			<report>
				<misses>14475001</misses>
				<total>20</total>
				<timestamp>5350.394795</timestamp>
			</report>
			<report>
				<misses>14476001</misses>
				<total>19</total>
				<timestamp>5350.764537</timestamp>
			</report>
			<report>
				<misses>14477001</misses>
				<total>20</total>
				<timestamp>5351.134091</timestamp>
			</report>
			<report>
				<misses>14478001</misses>
				<total>20</total>
				<timestamp>5351.503664</timestamp>
			</report>
			<report>
				<misses>14479001</misses>
				<total>20</total>
				<timestamp>5351.873306</timestamp>
			</report>
			<report>
				<misses>14480001</misses>
				<total>20</total>
				<timestamp>5352.243023</timestamp>
			</report>
			<report>
				<misses>14481001</misses>
				<total>20</total>
				<timestamp>5352.612592</timestamp>
			</report>
			<report>
				<misses>14482001</misses>
				<total>20</total>
				<timestamp>5352.982202</timestamp>
			</report>
			<report>
				<misses>14483001</misses>
				<total>20</total>
				<timestamp>5353.351823</timestamp>
			</report>
			<report>
				<misses>14484001</misses>
				<total>20</total>
				<timestamp>5353.721518</timestamp>
			</report>
			<report>
				<misses>14485001</misses>
				<total>20</total>
				<timestamp>5354.091097</timestamp>
			</report>
			<report>
				<misses>14486001</misses>
				<total>20</total>
				<timestamp>5354.460739</timestamp>
			</report>
			<report>
				<misses>14487001</misses>
				<total>20</total>
				<timestamp>5354.830388</timestamp>
			</report>
			<report>
				<misses>14488001</misses>
				<total>20</total>
				<timestamp>5355.200014</timestamp>
			</report>
			<report>
				<misses>14489001</misses>
				<total>20</total>
				<timestamp>5355.569606</timestamp>
			</report>
			<report>
				<misses>14490001</misses>
				<total>20</total>
				<timestamp>5355.939274</timestamp>
			</report>
			<report>
				<misses>14491001</misses>
				<total>20</total>
				<timestamp>5356.308940</timestamp>
			</report>
			<report>
				<misses>14492001</misses>
				<total>20</total>
				<timestamp>5356.678494</timestamp>
			</report>
			<report>
				<misses>14493001</misses>
				<total>19</total>
				<timestamp>5357.048223</timestamp>
			</report>
			<report>
				<misses>14494001</misses>
				<total>20</total>
				<timestamp>5357.417867</timestamp>
			</report>
			<report>
				<misses>14495001</misses>
				<total>20</total>
				<timestamp>5357.787387</timestamp>
			</report>
			<report>
				<misses>14496001</misses>
				<total>20</total>
				<timestamp>5358.157040</timestamp>
			</report>
			<report>
				<misses>14497001</misses>
				<total>20</total>
				<timestamp>5358.526712</timestamp>
			</report>
			<report>
				<misses>14498001</misses>
				<total>20</total>
				<timestamp>5358.896331</timestamp>
			</report>
			<report>
				<misses>14499001</misses>
				<total>20</total>
				<timestamp>5359.265893</timestamp>
			</report>
			<report>
				<misses>14500001</misses>
				<total>20</total>
				<timestamp>5359.635554</timestamp>
			</report>
			<report>
				<misses>14501001</misses>
				<total>20</total>
				<timestamp>5360.005212</timestamp>
			</report>
			<report>
				<misses>14502001</misses>
				<total>20</total>
				<timestamp>5360.374838</timestamp>
			</report>
			<report>
				<misses>14503001</misses>
				<total>20</total>
				<timestamp>5360.744449</timestamp>
			</report>
			<report>
				<misses>14504001</misses>
				<total>20</total>
				<timestamp>5361.114131</timestamp>
			</report>
			<report>
				<misses>14505001</misses>
				<total>20</total>
				<timestamp>5361.483695</timestamp>
			</report>
			<report>
				<misses>14506001</misses>
				<total>20</total>
				<timestamp>5361.853340</timestamp>
			</report>
			<report>
				<misses>14507001</misses>
				<total>20</total>
				<timestamp>5362.222959</timestamp>
			</report>
			<report>
				<misses>14508001</misses>
				<total>20</total>
				<timestamp>5362.592584</timestamp>
			</report>
			<report>
				<misses>14509001</misses>
				<total>20</total>
				<timestamp>5362.962257</timestamp>
			</report>
			<report>
				<misses>14510001</misses>
				<total>20</total>
				<timestamp>5363.331908</timestamp>
			</report>
			<report>
				<misses>14511001</misses>
				<total>20</total>
				<timestamp>5363.701484</timestamp>
			</report>
			<report>
				<misses>14512001</misses>
				<total>20</total>
				<timestamp>5364.071122</timestamp>
			</report>
			<report>
				<misses>14513001</misses>
				<total>20</total>
				<timestamp>5364.440741</timestamp>
			</report>
			<report>
				<misses>14514001</misses>
				<total>20</total>
				<timestamp>5364.810360</timestamp>
			</report>
			<report>
				<misses>14515001</misses>
				<total>20</total>
				<timestamp>5365.180011</timestamp>
			</report>
			<report>
				<misses>14516001</misses>
				<total>20</total>
				<timestamp>5365.549622</timestamp>
			</report>
			<report>
				<misses>14517001</misses>
				<total>20</total>
				<timestamp>5365.919264</timestamp>
			</report>
			<report>
				<misses>14518001</misses>
				<total>20</total>
				<timestamp>5366.288888</timestamp>
			</report>
			<report>
				<misses>14519001</misses>
				<total>20</total>
				<timestamp>5366.658515</timestamp>
			</report>
			<report>
				<misses>14520001</misses>
				<total>20</total>
				<timestamp>5367.028151</timestamp>
			</report>
			<report>
				<misses>14521001</misses>
				<total>20</total>
				<timestamp>5367.397863</timestamp>
			</report>
			<report>
				<misses>14522001</misses>
				<total>20</total>
				<timestamp>5367.767392</timestamp>
			</report>
			<report>
				<misses>14523001</misses>
				<total>20</total>
				<timestamp>5368.137103</timestamp>
			</report>
			<report>
				<misses>14524001</misses>
				<total>20</total>
				<timestamp>5368.506696</timestamp>
			</report>
			<report>
				<misses>14525001</misses>
				<total>20</total>
				<timestamp>5368.876321</timestamp>
			</report>
			<report>
				<misses>14526001</misses>
				<total>20</total>
				<timestamp>5369.245982</timestamp>
			</report>
			<report>
				<misses>14527001</misses>
				<total>20</total>
				<timestamp>5369.615576</timestamp>
			</report>
			<report>
				<misses>14528001</misses>
				<total>20</total>
				<timestamp>5369.985223</timestamp>
			</report>
			<report>
				<misses>14529001</misses>
				<total>20</total>
				<timestamp>5370.354823</timestamp>
			</report>
			<report>
				<misses>14530001</misses>
				<total>20</total>
				<timestamp>5370.724481</timestamp>
			</report>
			<report>
				<misses>14531001</misses>
				<total>20</total>
				<timestamp>5371.094117</timestamp>
			</report>
			<report>
				<misses>14532001</misses>
				<total>20</total>
				<timestamp>5371.463687</timestamp>
			</report>
			<report>
				<misses>14533001</misses>
				<total>20</total>
				<timestamp>5371.833386</timestamp>
			</report>
			<report>
				<misses>14534001</misses>
				<total>20</total>
				<timestamp>5372.202981</timestamp>
			</report>
			<report>
				<misses>14535001</misses>
				<total>20</total>
				<timestamp>5372.572592</timestamp>
			</report>
			<report>
				<misses>14536001</misses>
				<total>20</total>
				<timestamp>5372.942253</timestamp>
			</report>
			<report>
				<misses>14537001</misses>
				<total>20</total>
				<timestamp>5373.311866</timestamp>
			</report>
			<report>
				<misses>14538001</misses>
				<total>19</total>
				<timestamp>5373.681613</timestamp>
			</report>
			<report>
				<misses>14539001</misses>
				<total>19</total>
				<timestamp>5374.051233</timestamp>
			</report>
			<report>
				<misses>14540001</misses>
				<total>20</total>
				<timestamp>5374.420743</timestamp>
			</report>
			<report>
				<misses>14541001</misses>
				<total>20</total>
				<timestamp>5374.790368</timestamp>
			</report>
			<report>
				<misses>14542001</misses>
				<total>20</total>
				<timestamp>5375.160041</timestamp>
			</report>
			<report>
				<misses>14543001</misses>
				<total>19</total>
				<timestamp>5375.529796</timestamp>
			</report>
			<report>
				<misses>14544001</misses>
				<total>20</total>
				<timestamp>5375.899305</timestamp>
			</report>
			<report>
				<misses>14545001</misses>
				<total>20</total>
				<timestamp>5376.268901</timestamp>
			</report>
			<report>
				<misses>14546001</misses>
				<total>20</total>
				<timestamp>5376.638520</timestamp>
			</report>
			<report>
				<misses>14547001</misses>
				<total>20</total>
				<timestamp>5377.008180</timestamp>
			</report>
			<report>
				<misses>14548001</misses>
				<total>20</total>
				<timestamp>5377.377795</timestamp>
			</report>
			<report>
				<misses>14549001</misses>
				<total>20</total>
				<timestamp>5377.747404</timestamp>
			</report>
			<report>
				<misses>14550001</misses>
				<total>20</total>
				<timestamp>5378.117061</timestamp>
			</report>
			<report>
				<misses>14551001</misses>
				<total>20</total>
				<timestamp>5378.486724</timestamp>
			</report>
			<report>
				<misses>14552001</misses>
				<total>20</total>
				<timestamp>5378.856370</timestamp>
			</report>
			<report>
				<misses>14553001</misses>
				<total>20</total>
				<timestamp>5379.225970</timestamp>
			</report>
			<report>
				<misses>14554001</misses>
				<total>20</total>
				<timestamp>5379.595611</timestamp>
			</report>
			<report>
				<misses>14555001</misses>
				<total>20</total>
				<timestamp>5379.965202</timestamp>
			</report>
			<report>
				<misses>14556001</misses>
				<total>20</total>
				<timestamp>5380.334865</timestamp>
			</report>
			<report>
				<misses>14557001</misses>
				<total>20</total>
				<timestamp>5380.704475</timestamp>
			</report>
			<report>
				<misses>14558001</misses>
				<total>20</total>
				<timestamp>5381.074129</timestamp>
			</report>
			<report>
				<misses>14559001</misses>
				<total>20</total>
				<timestamp>5381.443770</timestamp>
			</report>
			<report>
				<misses>14560001</misses>
				<total>20</total>
				<timestamp>5381.813360</timestamp>
			</report>
			<report>
				<misses>14561001</misses>
				<total>20</total>
				<timestamp>5382.182997</timestamp>
			</report>
			<report>
				<misses>14562001</misses>
				<total>20</total>
				<timestamp>5382.552597</timestamp>
			</report>
			<report>
				<misses>14563001</misses>
				<total>20</total>
				<timestamp>5382.922302</timestamp>
			</report>
			<report>
				<misses>14564001</misses>
				<total>20</total>
				<timestamp>5383.291897</timestamp>
			</report>
			<report>
				<misses>14565001</misses>
				<total>20</total>
				<timestamp>5383.661481</timestamp>
			</report>
			<report>
				<misses>14566001</misses>
				<total>20</total>
				<timestamp>5384.031163</timestamp>
			</report>
			<report>
				<misses>14567001</misses>
				<total>20</total>
				<timestamp>5384.400879</timestamp>
			</report>
			<report>
				<misses>14568001</misses>
				<total>20</total>
				<timestamp>5384.770405</timestamp>
			</report>
			<report>
				<misses>14569001</misses>
				<total>20</total>
				<timestamp>5385.140054</timestamp>
			</report>
			<report>
				<misses>14570001</misses>
				<total>20</total>
				<timestamp>5385.509679</timestamp>
			</report>
			<report>
				<misses>14571001</misses>
				<total>20</total>
				<timestamp>5385.879289</timestamp>
			</report>
			<report>
				<misses>14572001</misses>
				<total>20</total>
				<timestamp>5386.248938</timestamp>
			</report>
			<report>
				<misses>14573001</misses>
				<total>20</total>
				<timestamp>5386.618536</timestamp>
			</report>
			<report>
				<misses>14574001</misses>
				<total>20</total>
				<timestamp>5386.988177</timestamp>
			</report>
			<report>
				<misses>14575001</misses>
				<total>20</total>
				<timestamp>5387.357895</timestamp>
			</report>
			<report>
				<misses>14576001</misses>
				<total>20</total>
				<timestamp>5387.727405</timestamp>
			</report>
			<report>
				<misses>14577001</misses>
				<total>20</total>
				<timestamp>5388.097039</timestamp>
			</report>
			<report>
				<misses>14578001</misses>
				<total>20</total>
				<timestamp>5388.466710</timestamp>
			</report>
			<report>
				<misses>14579001</misses>
				<total>20</total>
				<timestamp>5388.836301</timestamp>
			</report>
			<report>
				<misses>14580001</misses>
				<total>20</total>
				<timestamp>5389.205937</timestamp>
			</report>
			<report>
				<misses>14581001</misses>
				<total>20</total>
				<timestamp>5389.575605</timestamp>
			</report>
			<report>
				<misses>14582001</misses>
				<total>20</total>
				<timestamp>5389.945225</timestamp>
			</report>
			<report>
				<misses>14583001</misses>
				<total>20</total>
				<timestamp>5390.314876</timestamp>
			</report>
			<report>
				<misses>14584001</misses>
				<total>20</total>
				<timestamp>5390.684452</timestamp>
			</report>
			<report>
				<misses>14585001</misses>
				<total>20</total>
				<timestamp>5391.054088</timestamp>
			</report>
			<report>
				<misses>14586001</misses>
				<total>20</total>
				<timestamp>5391.423722</timestamp>
			</report>
			<report>
				<misses>14587001</misses>
				<total>20</total>
				<timestamp>5391.793355</timestamp>
			</report>
			<report>
				<misses>14588001</misses>
				<total>20</total>
				<timestamp>5392.163051</timestamp>
			</report>
			<report>
				<misses>14589001</misses>
				<total>20</total>
				<timestamp>5392.532689</timestamp>
			</report>
			<report>
				<misses>14590001</misses>
				<total>20</total>
				<timestamp>5392.902231</timestamp>
			</report>
			<report>
				<misses>14591001</misses>
				<total>20</total>
				<timestamp>5393.271868</timestamp>
			</report>
			<report>
				<misses>14592001</misses>
				<total>20</total>
				<timestamp>5393.641514</timestamp>
			</report>
			<report>
				<misses>14593001</misses>
				<total>20</total>
				<timestamp>5394.011129</timestamp>
			</report>
			<report>
				<misses>14594001</misses>
				<total>20</total>
				<timestamp>5394.380766</timestamp>
			</report>
			<report>
				<misses>14595001</misses>
				<total>20</total>
				<timestamp>5394.750450</timestamp>
			</report>
			<report>
				<misses>14596001</misses>
				<total>20</total>
				<timestamp>5395.120030</timestamp>
			</report>
			<report>
				<misses>14597001</misses>
				<total>20</total>
				<timestamp>5395.489698</timestamp>
			</report>
			<report>
				<misses>14598001</misses>
				<total>19</total>
				<timestamp>5395.859416</timestamp>
			</report>
			<report>
				<misses>14599001</misses>
				<total>20</total>
				<timestamp>5396.228919</timestamp>
			</report>
			<report>
				<misses>14600001</misses>
				<total>20</total>
				<timestamp>5396.598552</timestamp>
			</report>
			<report>
				<misses>14601001</misses>
				<total>20</total>
				<timestamp>5396.968181</timestamp>
			</report>
			<report>
				<misses>14602001</misses>
				<total>19</total>
				<timestamp>5397.337897</timestamp>
			</report>
			<report>
				<misses>14603001</misses>
				<total>20</total>
				<timestamp>5397.707425</timestamp>
			</report>
			<report>
				<misses>14604001</misses>
				<total>20</total>
				<timestamp>5398.077075</timestamp>
			</report>
			<report>
				<misses>14605001</misses>
				<total>20</total>
				<timestamp>5398.446720</timestamp>
			</report>
			<report>
				<misses>14606001</misses>
				<total>20</total>
				<timestamp>5398.816397</timestamp>
			</report>
			<report>
				<misses>14607001</misses>
				<total>20</total>
				<timestamp>5399.185989</timestamp>
			</report>
			<report>
				<misses>14608001</misses>
				<total>20</total>
				<timestamp>5399.555636</timestamp>
			</report>
			<report>
				<misses>14609001</misses>
				<total>20</total>
				<timestamp>5399.925213</timestamp>
			</report>
			<report>
				<misses>14610001</misses>
				<total>20</total>
				<timestamp>5400.294867</timestamp>
			</report>
			<report>
				<misses>14611001</misses>
				<total>20</total>
				<timestamp>5400.664566</timestamp>
			</report>
			<report>
				<misses>14612001</misses>
				<total>20</total>
				<timestamp>5401.034193</timestamp>
			</report>
			<report>
				<misses>14613001</misses>
				<total>21</total>
				<timestamp>5401.403764</timestamp>
			</report>
			<report>
				<misses>14614001</misses>
				<total>21</total>
				<timestamp>5401.773392</timestamp>
			</report>
			<report>
				<misses>14615001</misses>
				<total>21</total>
				<timestamp>5402.143008</timestamp>
			</report>
			<report>
				<misses>14616001</misses>
				<total>21</total>
				<timestamp>5402.512636</timestamp>
			</report>
			<report>
				<misses>14617001</misses>
				<total>21</total>
				<timestamp>5402.882312</timestamp>
			</report>
			<report>
				<misses>14618001</misses>
				<total>21</total>
				<timestamp>5403.251889</timestamp>
			</report>
			<report>
				<misses>14619001</misses>
				<total>20</total>
				<timestamp>5403.621631</timestamp>
			</report>
			<report>
				<misses>14620001</misses>
				<total>21</total>
				<timestamp>5403.991155</timestamp>
			</report>
			<report>
				<misses>14621001</misses>
				<total>21</total>
				<timestamp>5404.360817</timestamp>
			</report>
			<report>
				<misses>14622001</misses>
				<total>21</total>
				<timestamp>5404.730438</timestamp>
			</report>
			<report>
				<misses>14623001</misses>
				<total>21</total>
				<timestamp>5405.100049</timestamp>
			</report>
			<report>
				<misses>14624001</misses>
				<total>20</total>
				<timestamp>5405.469762</timestamp>
			</report>
			<report>
				<misses>14625001</misses>
				<total>21</total>
				<timestamp>5405.839294</timestamp>
			</report>
			<report>
				<misses>14626001</misses>
				<total>21</total>
				<timestamp>5406.208939</timestamp>
			</report>
			<report>
				<misses>14627001</misses>
				<total>21</total>
				<timestamp>5406.578596</timestamp>
			</report>
			<report>
				<misses>14628001</misses>
				<total>21</total>
				<timestamp>5406.948184</timestamp>
			</report>
			<report>
				<misses>14629001</misses>
				<total>20</total>
				<timestamp>5407.317902</timestamp>
			</report>
			<report>
				<misses>14630001</misses>
				<total>21</total>
				<timestamp>5407.687464</timestamp>
			</report>
			<report>
				<misses>14631001</misses>
				<total>21</total>
				<timestamp>5408.057117</timestamp>
			</report>
			<report>
				<misses>14632001</misses>
				<total>21</total>
				<timestamp>5408.426750</timestamp>
			</report>
			<report>
				<misses>14633001</misses>
				<total>21</total>
				<timestamp>5408.796449</timestamp>
			</report>
			<report>
				<misses>14634001</misses>
				<total>21</total>
				<timestamp>5409.166052</timestamp>
			</report>
			<report>
				<misses>14635001</misses>
				<total>21</total>
				<timestamp>5409.535616</timestamp>
			</report>
			<report>
				<misses>14636001</misses>
				<total>21</total>
				<timestamp>5409.905286</timestamp>
			</report>
			<report>
				<misses>14637001</misses>
				<total>21</total>
				<timestamp>5410.274884</timestamp>
			</report>
			<report>
				<misses>14638001</misses>
				<total>21</total>
				<timestamp>5410.644485</timestamp>
			</report>
			<report>
				<misses>14639001</misses>
				<total>21</total>
				<timestamp>5411.014135</timestamp>
			</report>
			<report>
				<misses>14640001</misses>
				<total>21</total>
				<timestamp>5411.383811</timestamp>
			</report>
			<report>
				<misses>14641001</misses>
				<total>21</total>
				<timestamp>5411.753394</timestamp>
			</report>
			<report>
				<misses>14642001</misses>
				<total>21</total>
				<timestamp>5412.123012</timestamp>
			</report>
			<report>
				<misses>14643001</misses>
				<total>21</total>
				<timestamp>5412.492680</timestamp>
			</report>
			<report>
				<misses>14644001</misses>
				<total>21</total>
				<timestamp>5412.862309</timestamp>
			</report>
			<report>
				<misses>14645001</misses>
				<total>21</total>
				<timestamp>5413.231924</timestamp>
			</report>
			<report>
				<misses>14646001</misses>
				<total>21</total>
				<timestamp>5413.601562</timestamp>
			</report>
			<report>
				<misses>14647001</misses>
				<total>21</total>
				<timestamp>5413.971212</timestamp>
			</report>
			<report>
				<misses>14648001</misses>
				<total>21</total>
				<timestamp>5414.340816</timestamp>
			</report>
			<report>
				<misses>14649001</misses>
				<total>21</total>
				<timestamp>5414.710429</timestamp>
			</report>
			<report>
				<misses>14650001</misses>
				<total>21</total>
				<timestamp>5415.080059</timestamp>
			</report>
			<report>
				<misses>14651001</misses>
				<total>21</total>
				<timestamp>5415.449698</timestamp>
			</report>
			<report>
				<misses>14652001</misses>
				<total>21</total>
				<timestamp>5415.819338</timestamp>
			</report>
			<report>
				<misses>14653001</misses>
				<total>21</total>
				<timestamp>5416.188963</timestamp>
			</report>
			<report>
				<misses>14654001</misses>
				<total>20</total>
				<timestamp>5416.558666</timestamp>
			</report>
			<report>
				<misses>14655001</misses>
				<total>21</total>
				<timestamp>5416.928195</timestamp>
			</report>
			<report>
				<misses>14656001</misses>
				<total>21</total>
				<timestamp>5417.297841</timestamp>
			</report>
			<report>
				<misses>14657001</misses>
				<total>21</total>
				<timestamp>5417.667553</timestamp>
			</report>
			<report>
				<misses>14658001</misses>
				<total>21</total>
				<timestamp>5418.037098</timestamp>
			</report>
			<report>
				<misses>14659001</misses>
				<total>21</total>
				<timestamp>5418.406690</timestamp>
			</report>
			<report>
				<misses>14660001</misses>
				<total>21</total>
				<timestamp>5418.776418</timestamp>
			</report>
			<report>
				<misses>14661001</misses>
				<total>21</total>
				<timestamp>5419.145959</timestamp>
			</report>
			<report>
				<misses>14662001</misses>
				<total>21</total>
				<timestamp>5419.515636</timestamp>
			</report>
			<report>
				<misses>14663001</misses>
				<total>21</total>
				<timestamp>5419.885231</timestamp>
			</report>
			<report>
				<misses>14664001</misses>
				<total>21</total>
				<timestamp>5420.254861</timestamp>
			</report>
			<report>
				<misses>14665001</misses>
				<total>21</total>
				<timestamp>5420.624522</timestamp>
			</report>
			<report>
				<misses>14666001</misses>
				<total>21</total>
				<timestamp>5420.994114</timestamp>
			</report>
			<report>
				<misses>14667001</misses>
				<total>21</total>
				<timestamp>5421.363748</timestamp>
			</report>
			<report>
				<misses>14668001</misses>
				<total>21</total>
				<timestamp>5421.733451</timestamp>
			</report>
			<report>
				<misses>14669001</misses>
				<total>21</total>
				<timestamp>5422.103030</timestamp>
			</report>
			<report>
				<misses>14670001</misses>
				<total>21</total>
				<timestamp>5422.472637</timestamp>
			</report>
			<report>
				<misses>14671001</misses>
				<total>21</total>
				<timestamp>5422.842319</timestamp>
			</report>
			<report>
				<misses>14672001</misses>
				<total>20</total>
				<timestamp>5423.211981</timestamp>
			</report>
			<report>
				<misses>14673001</misses>
				<total>21</total>
				<timestamp>5423.581582</timestamp>
			</report>
			<report>
				<misses>14674001</misses>
				<total>21</total>
				<timestamp>5423.951180</timestamp>
			</report>
			<report>
				<misses>14675001</misses>
				<total>21</total>
				<timestamp>5424.320787</timestamp>
			</report>
			<report>
				<misses>14676001</misses>
				<total>21</total>
				<timestamp>5424.690425</timestamp>
			</report>
			<report>
				<misses>14677001</misses>
				<total>21</total>
				<timestamp>5425.060073</timestamp>
			</report>
			<report>
				<misses>14678001</misses>
				<total>21</total>
				<timestamp>5425.429711</timestamp>
			</report>
			<report>
				<misses>14679001</misses>
				<total>21</total>
				<timestamp>5425.799337</timestamp>
			</report>
			<report>
				<misses>14680001</misses>
				<total>21</total>
				<timestamp>5426.168968</timestamp>
			</report>
			<report>
				<misses>14681001</misses>
				<total>21</total>
				<timestamp>5426.538602</timestamp>
			</report>
			<report>
				<misses>14682001</misses>
				<total>21</total>
				<timestamp>5426.908272</timestamp>
			</report>
			<report>
				<misses>14683001</misses>
				<total>21</total>
				<timestamp>5427.277831</timestamp>
			</report>
			<report>
				<misses>14684001</misses>
				<total>21</total>
				<timestamp>5427.647481</timestamp>
			</report>
			<report>
				<misses>14685001</misses>
				<total>21</total>
				<timestamp>5428.017118</timestamp>
			</report>
			<report>
				<misses>14686001</misses>
				<total>21</total>
				<timestamp>5428.386725</timestamp>
			</report>
			<report>
				<misses>14687001</misses>
				<total>21</total>
				<timestamp>5428.756425</timestamp>
			</report>
			<report>
				<misses>14688001</misses>
				<total>21</total>
				<timestamp>5429.125986</timestamp>
			</report>
			<report>
				<misses>14689001</misses>
				<total>21</total>
				<timestamp>5429.495623</timestamp>
			</report>
			<report>
				<misses>14690001</misses>
				<total>21</total>
				<timestamp>5429.865247</timestamp>
			</report>
			<report>
				<misses>14691001</misses>
				<total>21</total>
				<timestamp>5430.234851</timestamp>
			</report>
			<report>
				<misses>14692001</misses>
				<total>21</total>
				<timestamp>5430.604513</timestamp>
			</report>
			<report>
				<misses>14693001</misses>
				<total>21</total>
				<timestamp>5430.974138</timestamp>
			</report>
			<report>
				<misses>14694001</misses>
				<total>21</total>
				<timestamp>5431.343760</timestamp>
			</report>
			<report>
				<misses>14695001</misses>
				<total>20</total>
				<timestamp>5431.713513</timestamp>
			</report>
			<report>
				<misses>14696001</misses>
				<total>21</total>
				<timestamp>5432.083043</timestamp>
			</report>
			<report>
				<misses>14697001</misses>
				<total>21</total>
				<timestamp>5432.452696</timestamp>
			</report>
			<report>
				<misses>14698001</misses>
				<total>21</total>
				<timestamp>5432.822279</timestamp>
			</report>
			<report>
				<misses>14699001</misses>
				<total>21</total>
				<timestamp>5433.191922</timestamp>
			</report>
			<report>
				<misses>14700001</misses>
				<total>21</total>
				<timestamp>5433.561561</timestamp>
			</report>
			<report>
				<misses>14701001</misses>
				<total>21</total>
				<timestamp>5433.931226</timestamp>
			</report>
			<report>
				<misses>14702001</misses>
				<total>21</total>
				<timestamp>5434.300819</timestamp>
			</report>
			<report>
				<misses>14703001</misses>
				<total>21</total>
				<timestamp>5434.670468</timestamp>
			</report>
			<report>
				<misses>14704001</misses>
				<total>20</total>
				<timestamp>5435.040159</timestamp>
			</report>
			<report>
				<misses>14705001</misses>
				<total>21</total>
				<timestamp>5435.409709</timestamp>
			</report>
			<report>
				<misses>14706001</misses>
				<total>21</total>
				<timestamp>5435.779392</timestamp>
			</report>
			<report>
				<misses>14707001</misses>
				<total>21</total>
				<timestamp>5436.148967</timestamp>
			</report>
			<report>
				<misses>14708001</misses>
				<total>21</total>
				<timestamp>5436.518625</timestamp>
			</report>
			<report>
				<misses>14709001</misses>
				<total>21</total>
				<timestamp>5436.888212</timestamp>
			</report>
			<report>
				<misses>14710001</misses>
				<total>21</total>
				<timestamp>5437.257834</timestamp>
			</report>
			<report>
				<misses>14711001</misses>
				<total>21</total>
				<timestamp>5437.627473</timestamp>
			</report>
			<report>
				<misses>14712001</misses>
				<total>21</total>
				<timestamp>5437.997094</timestamp>
			</report>
			<report>
				<misses>14713001</misses>
				<total>20</total>
				<timestamp>5438.366867</timestamp>
			</report>
			<report>
				<misses>14714001</misses>
				<total>21</total>
				<timestamp>5438.736408</timestamp>
			</report>
			<report>
				<misses>14715001</misses>
				<total>20</total>
				<timestamp>5439.106119</timestamp>
			</report>
			<report>
				<misses>14716001</misses>
				<total>21</total>
				<timestamp>5439.475665</timestamp>
			</report>
			<report>
				<misses>14717001</misses>
				<total>21</total>
				<timestamp>5439.845243</timestamp>
			</report>
			<report>
				<misses>14718001</misses>
				<total>20</total>
				<timestamp>5440.214961</timestamp>
			</report>
			<report>
				<misses>14719001</misses>
				<total>21</total>
				<timestamp>5440.584514</timestamp>
			</report>
			<report>
				<misses>14720001</misses>
				<total>21</total>
				<timestamp>5440.954169</timestamp>
			</report>
			<report>
				<misses>14721001</misses>
				<total>20</total>
				<timestamp>5441.323857</timestamp>
			</report>
			<report>
				<misses>14722001</misses>
				<total>21</total>
				<timestamp>5441.693448</timestamp>
			</report>
			<report>
				<misses>14723001</misses>
				<total>21</total>
				<timestamp>5442.063081</timestamp>
			</report>
			<report>
				<misses>14724001</misses>
				<total>20</total>
				<timestamp>5442.432791</timestamp>
			</report>
			<report>
				<misses>14725001</misses>
				<total>21</total>
				<timestamp>5442.802356</timestamp>
			</report>
			<report>
				<misses>14726001</misses>
				<total>21</total>
				<timestamp>5443.171961</timestamp>
			</report>
			<report>
				<misses>14727001</misses>
				<total>21</total>
				<timestamp>5443.541615</timestamp>
			</report>
			<report>
				<misses>14728001</misses>
				<total>21</total>
				<timestamp>5443.911197</timestamp>
			</report>
			<report>
				<misses>14729001</misses>
				<total>21</total>
				<timestamp>5444.280869</timestamp>
			</report>
			<report>
				<misses>14730001</misses>
				<total>21</total>
				<timestamp>5444.650466</timestamp>
			</report>
			<report>
				<misses>14731001</misses>
				<total>21</total>
				<timestamp>5445.020069</timestamp>
			</report>
			<report>
				<misses>14732001</misses>
				<total>21</total>
				<timestamp>5445.389755</timestamp>
			</report>
			<report>
				<misses>14733001</misses>
				<total>20</total>
				<timestamp>5445.759435</timestamp>
			</report>
			<report>
				<misses>14734001</misses>
				<total>21</total>
				<timestamp>5446.129023</timestamp>
			</report>
			<report>
				<misses>14735001</misses>
				<total>21</total>
				<timestamp>5446.498635</timestamp>
			</report>
			<report>
				<misses>14736001</misses>
				<total>21</total>
				<timestamp>5446.868262</timestamp>
			</report>
			<report>
				<misses>14737001</misses>
				<total>20</total>
				<timestamp>5447.237944</timestamp>
			</report>
			<report>
				<misses>14738001</misses>
				<total>21</total>
				<timestamp>5447.607511</timestamp>
			</report>
			<report>
				<misses>14739001</misses>
				<total>21</total>
				<timestamp>5447.977107</timestamp>
			</report>
			<report>
				<misses>14740001</misses>
				<total>21</total>
				<timestamp>5448.346741</timestamp>
			</report>
			<report>
				<misses>14741001</misses>
				<total>21</total>
				<timestamp>5448.716398</timestamp>
			</report>
			<report>
				<misses>14742001</misses>
				<total>21</total>
				<timestamp>5449.086009</timestamp>
			</report>
			<report>
				<misses>14743001</misses>
				<total>21</total>
				<timestamp>5449.455669</timestamp>
			</report>
			<report>
				<misses>14744001</misses>
				<total>21</total>
				<timestamp>5449.825296</timestamp>
			</report>
			<report>
				<misses>14745001</misses>
				<total>21</total>
				<timestamp>5450.194890</timestamp>
			</report>
			<report>
				<misses>14746001</misses>
				<total>21</total>
				<timestamp>5450.564515</timestamp>
			</report>
			<report>
				<misses>14747001</misses>
				<total>21</total>
				<timestamp>5450.934196</timestamp>
			</report>
			<report>
				<misses>14748001</misses>
				<total>21</total>
				<timestamp>5451.303783</timestamp>
			</report>
			<report>
				<misses>14749001</misses>
				<total>21</total>
				<timestamp>5451.673467</timestamp>
			</report>
			<report>
				<misses>14750001</misses>
				<total>21</total>
				<timestamp>5452.043125</timestamp>
			</report>
			<report>
				<misses>14751001</misses>
				<total>21</total>
				<timestamp>5452.412692</timestamp>
			</report>
			<report>
				<misses>14752001</misses>
				<total>21</total>
				<timestamp>5452.782340</timestamp>
			</report>
			<report>
				<misses>14753001</misses>
				<total>21</total>
				<timestamp>5453.151920</timestamp>
			</report>
			<report>
				<misses>14754001</misses>
				<total>21</total>
				<timestamp>5453.521545</timestamp>
			</report>
			<report>
				<misses>14755001</misses>
				<total>21</total>
				<timestamp>5453.891193</timestamp>
			</report>
			<report>
				<misses>14756001</misses>
				<total>21</total>
				<timestamp>5454.260824</timestamp>
			</report>
			<report>
				<misses>14757001</misses>
				<total>21</total>
				<timestamp>5454.630492</timestamp>
			</report>
			<report>
				<misses>14758001</misses>
				<total>20</total>
				<timestamp>5455.000214</timestamp>
			</report>
			<report>
				<misses>14759001</misses>
				<total>21</total>
				<timestamp>5455.369724</timestamp>
			</report>
			<report>
				<misses>14760001</misses>
				<total>21</total>
				<timestamp>5455.739409</timestamp>
			</report>
			<report>
				<misses>14761001</misses>
				<total>21</total>
				<timestamp>5456.108981</timestamp>
			</report>
			<report>
				<misses>14762001</misses>
				<total>21</total>
				<timestamp>5456.478597</timestamp>
			</report>
			<report>
				<misses>14763001</misses>
				<total>21</total>
				<timestamp>5456.848277</timestamp>
			</report>
			<report>
				<misses>14764001</misses>
				<total>21</total>
				<timestamp>5457.217860</timestamp>
			</report>
			<report>
				<misses>14765001</misses>
				<total>21</total>
				<timestamp>5457.587483</timestamp>
			</report>
			<report>
				<misses>14766001</misses>
				<total>21</total>
				<timestamp>5457.957240</timestamp>
			</report>
			<report>
				<misses>14767001</misses>
				<total>21</total>
				<timestamp>5458.326737</timestamp>
			</report>
			<report>
				<misses>14768001</misses>
				<total>21</total>
				<timestamp>5458.696398</timestamp>
			</report>
			<report>
				<misses>14769001</misses>
				<total>21</total>
				<timestamp>5459.066025</timestamp>
			</report>
			<report>
				<misses>14770001</misses>
				<total>21</total>
				<timestamp>5459.435688</timestamp>
			</report>
			<report>
				<misses>14771001</misses>
				<total>21</total>
				<timestamp>5459.805326</timestamp>
			</report>
			<report>
				<misses>14772001</misses>
				<total>21</total>
				<timestamp>5460.174952</timestamp>
			</report>
			<report>
				<misses>14773001</misses>
				<total>21</total>
				<timestamp>5460.544581</timestamp>
			</report>
			<report>
				<misses>14774001</misses>
				<total>21</total>
				<timestamp>5460.914177</timestamp>
			</report>
			<report>
				<misses>14775001</misses>
				<total>20</total>
				<timestamp>5461.283901</timestamp>
			</report>
			<report>
				<misses>14776001</misses>
				<total>21</total>
				<timestamp>5461.653420</timestamp>
			</report>
			<report>
				<misses>14777001</misses>
				<total>21</total>
				<timestamp>5462.023035</timestamp>
			</report>
			<report>
				<misses>14778001</misses>
				<total>21</total>
				<timestamp>5462.392662</timestamp>
			</report>
			<report>
				<misses>14779001</misses>
				<total>20</total>
				<timestamp>5462.762436</timestamp>
			</report>
			<report>
				<misses>14780001</misses>
				<total>21</total>
				<timestamp>5463.131974</timestamp>
			</report>
			<report>
				<misses>14781001</misses>
				<total>21</total>
				<timestamp>5463.501649</timestamp>
			</report>
			<report>
				<misses>14782001</misses>
				<total>21</total>
				<timestamp>5463.871247</timestamp>
			</report>
			<report>
				<misses>14783001</misses>
				<total>21</total>
				<timestamp>5464.240821</timestamp>
			</report>
			<report>
				<misses>14784001</misses>
				<total>21</total>
				<timestamp>5464.610479</timestamp>
			</report>
			<report>
				<misses>14785001</misses>
				<total>21</total>
				<timestamp>5464.980176</timestamp>
			</report>
			<report>
				<misses>14786001</misses>
				<total>21</total>
				<timestamp>5465.349761</timestamp>
			</report>
			<report>
				<misses>14787001</misses>
				<total>21</total>
				<timestamp>5465.719364</timestamp>
			</report>
			<report>
				<misses>14788001</misses>
				<total>21</total>
				<timestamp>5466.089030</timestamp>
			</report>
			<report>
				<misses>14789001</misses>
				<total>21</total>
				<timestamp>5466.458614</timestamp>
			</report>
			<report>
				<misses>14790001</misses>
				<total>21</total>
				<timestamp>5466.828280</timestamp>
			</report>
			<report>
				<misses>14791001</misses>
				<total>21</total>
				<timestamp>5467.197941</timestamp>
			</report>
			<report>
				<misses>14792001</misses>
				<total>21</total>
				<timestamp>5467.567507</timestamp>
			</report>
			<report>
				<misses>14793001</misses>
				<total>21</total>
				<timestamp>5467.937141</timestamp>
			</report>
			<report>
				<misses>14794001</misses>
				<total>21</total>
				<timestamp>5468.306800</timestamp>
			</report>
			<report>
				<misses>14795001</misses>
				<total>20</total>
				<timestamp>5468.676496</timestamp>
			</report>
			<report>
				<misses>14796001</misses>
				<total>21</total>
				<timestamp>5469.046056</timestamp>
			</report>
			<report>
				<misses>14797001</misses>
				<total>21</total>
				<timestamp>5469.415644</timestamp>
			</report>
			<report>
				<misses>14798001</misses>
				<total>21</total>
				<timestamp>5469.785312</timestamp>
			</report>
			<report>
				<misses>14799001</misses>
				<total>21</total>
				<timestamp>5470.154915</timestamp>
			</report>
			<report>
				<misses>14800001</misses>
				<total>21</total>
				<timestamp>5470.524545</timestamp>
			</report>
			<report>
				<misses>14801001</misses>
				<total>21</total>
				<timestamp>5470.894216</timestamp>
			</report>
			<report>
				<misses>14802001</misses>
				<total>21</total>
				<timestamp>5471.263816</timestamp>
			</report>
			<report>
				<misses>14803001</misses>
				<total>21</total>
				<timestamp>5471.633434</timestamp>
			</report>
			<report>
				<misses>14804001</misses>
				<total>20</total>
				<timestamp>5472.003189</timestamp>
			</report>
			<report>
				<misses>14805001</misses>
				<total>20</total>
				<timestamp>5472.372784</timestamp>
			</report>
			<report>
				<misses>14806001</misses>
				<total>21</total>
				<timestamp>5472.742332</timestamp>
			</report>
			<report>
				<misses>14807001</misses>
				<total>21</total>
				<timestamp>5473.111959</timestamp>
			</report>
			<report>
				<misses>14808001</misses>
				<total>21</total>
				<timestamp>5473.481639</timestamp>
			</report>
			<report>
				<misses>14809001</misses>
				<total>21</total>
				<timestamp>5473.851228</timestamp>
			</report>
			<report>
				<misses>14810001</misses>
				<total>21</total>
				<timestamp>5474.220845</timestamp>
			</report>
			<report>
				<misses>14811001</misses>
				<total>21</total>
				<timestamp>5474.590490</timestamp>
			</report>
			<report>
				<misses>14812001</misses>
				<total>21</total>
				<timestamp>5474.960132</timestamp>
			</report>
			<report>
				<misses>14813001</misses>
				<total>21</total>
				<timestamp>5475.329727</timestamp>
			</report>
			<report>
				<misses>14814001</misses>
				<total>21</total>
				<timestamp>5475.699344</timestamp>
			</report>
			<report>
				<misses>14815001</misses>
				<total>21</total>
				<timestamp>5476.069002</timestamp>
			</report>
			<report>
				<misses>14816001</misses>
				<total>21</total>
				<timestamp>5476.438646</timestamp>
			</report>
			<report>
				<misses>14817001</misses>
				<total>21</total>
				<timestamp>5476.808315</timestamp>
			</report>
			<report>
				<misses>14818001</misses>
				<total>21</total>
				<timestamp>5477.177875</timestamp>
			</report>
			<report>
				<misses>14819001</misses>
				<total>21</total>
				<timestamp>5477.547523</timestamp>
			</report>
			<report>
				<misses>14820001</misses>
				<total>21</total>
				<timestamp>5477.917171</timestamp>
			</report>
			<report>
				<misses>14821001</misses>
				<total>21</total>
				<timestamp>5478.286767</timestamp>
			</report>
			<report>
				<misses>14822001</misses>
				<total>21</total>
				<timestamp>5478.656383</timestamp>
			</report>
			<report>
				<misses>14823001</misses>
				<total>21</total>
				<timestamp>5479.026078</timestamp>
			</report>
			<report>
				<misses>14824001</misses>
				<total>20</total>
				<timestamp>5479.395749</timestamp>
			</report>
			<report>
				<misses>14825001</misses>
				<total>21</total>
				<timestamp>5479.765288</timestamp>
			</report>
			<report>
				<misses>14826001</misses>
				<total>21</total>
				<timestamp>5480.134963</timestamp>
			</report>
			<report>
				<misses>14827001</misses>
				<total>20</total>
				<timestamp>5480.504655</timestamp>
			</report>
			<report>
				<misses>14828001</misses>
				<total>21</total>
				<timestamp>5480.874240</timestamp>
			</report>
			<report>
				<misses>14829001</misses>
				<total>21</total>
				<timestamp>5481.243834</timestamp>
			</report>
			<report>
				<misses>14830001</misses>
				<total>21</total>
				<timestamp>5481.613497</timestamp>
			</report>
			<report>
				<misses>14831001</misses>
				<total>20</total>
				<timestamp>5481.983169</timestamp>
			</report>
			<report>
				<misses>14832001</misses>
				<total>21</total>
				<timestamp>5482.352756</timestamp>
			</report>
			<report>
				<misses>14833001</misses>
				<total>21</total>
				<timestamp>5482.722360</timestamp>
			</report>
			<report>
				<misses>14834001</misses>
				<total>21</total>
				<timestamp>5483.092031</timestamp>
			</report>
			<report>
				<misses>14835001</misses>
				<total>21</total>
				<timestamp>5483.461648</timestamp>
			</report>
			<report>
				<misses>14836001</misses>
				<total>21</total>
				<timestamp>5483.831252</timestamp>
			</report>
			<report>
				<misses>14837001</misses>
				<total>21</total>
				<timestamp>5484.200849</timestamp>
			</report>
			<report>
				<misses>14838001</misses>
				<total>21</total>
				<timestamp>5484.570503</timestamp>
			</report>
			<report>
				<misses>14839001</misses>
				<total>21</total>
				<timestamp>5484.940140</timestamp>
			</report>
			<report>
				<misses>14840001</misses>
				<total>21</total>
				<timestamp>5485.309759</timestamp>
			</report>
			<report>
				<misses>14841001</misses>
				<total>21</total>
				<timestamp>5485.679372</timestamp>
			</report>
			<report>
				<misses>14842001</misses>
				<total>21</total>
				<timestamp>5486.049009</timestamp>
			</report>
			<report>
				<misses>14843001</misses>
				<total>20</total>
				<timestamp>5486.418714</timestamp>
			</report>
			<report>
				<misses>14844001</misses>
				<total>21</total>
				<timestamp>5486.788262</timestamp>
			</report>
			<report>
				<misses>14845001</misses>
				<total>21</total>
				<timestamp>5487.157885</timestamp>
			</report>
			<report>
				<misses>14846001</misses>
				<total>20</total>
				<timestamp>5487.527624</timestamp>
			</report>
			<report>
				<misses>14847001</misses>
				<total>21</total>
				<timestamp>5487.897153</timestamp>
			</report>
			<report>
				<misses>14848001</misses>
				<total>21</total>
				<timestamp>5488.266796</timestamp>
			</report>
			<report>
				<misses>14849001</misses>
				<total>21</total>
				<timestamp>5488.636423</timestamp>
			</report>
			<report>
				<misses>14850001</misses>
				<total>21</total>
				<timestamp>5489.006146</timestamp>
			</report>
			<report>
				<misses>14851001</misses>
				<total>21</total>
				<timestamp>5489.375725</timestamp>
			</report>
			<report>
				<misses>14852001</misses>
				<total>21</total>
				<timestamp>5489.745340</timestamp>
			</report>
			<report>
				<misses>14853001</misses>
				<total>21</total>
				<timestamp>5490.114945</timestamp>
			</report>
			<report>
				<misses>14854001</misses>
				<total>21</total>
				<timestamp>5490.484640</timestamp>
			</report>
			<report>
				<misses>14855001</misses>
				<total>21</total>
				<timestamp>5490.854207</timestamp>
			</report>
			<report>
				<misses>14856001</misses>
				<total>21</total>
				<timestamp>5491.223819</timestamp>
			</report>
			<report>
				<misses>14857001</misses>
				<total>21</total>
				<timestamp>5491.593521</timestamp>
			</report>
			<report>
				<misses>14858001</misses>
				<total>21</total>
				<timestamp>5491.963114</timestamp>
			</report>
			<report>
				<misses>14859001</misses>
				<total>21</total>
				<timestamp>5492.332729</timestamp>
			</report>
			<report>
				<misses>14860001</misses>
				<total>21</total>
				<timestamp>5492.702380</timestamp>
			</report>
			<report>
				<misses>14861001</misses>
				<total>21</total>
				<timestamp>5493.072070</timestamp>
			</report>
			<report>
				<misses>14862001</misses>
				<total>21</total>
				<timestamp>5493.441620</timestamp>
			</report>
			<report>
				<misses>14863001</misses>
				<total>20</total>
				<timestamp>5493.811329</timestamp>
			</report>
			<report>
				<misses>14864001</misses>
				<total>21</total>
				<timestamp>5494.180896</timestamp>
			</report>
			<report>
				<misses>14865001</misses>
				<total>21</total>
				<timestamp>5494.550501</timestamp>
			</report>
			<report>
				<misses>14866001</misses>
				<total>21</total>
				<timestamp>5494.920150</timestamp>
			</report>
			<report>
				<misses>14867001</misses>
				<total>21</total>
				<timestamp>5495.289775</timestamp>
			</report>
			<report>
				<misses>14868001</misses>
				<total>21</total>
				<timestamp>5495.659377</timestamp>
			</report>
			<report>
				<misses>14869001</misses>
				<total>21</total>
				<timestamp>5496.029039</timestamp>
			</report>
			<report>
				<misses>14870001</misses>
				<total>21</total>
				<timestamp>5496.398649</timestamp>
			</report>
			<report>
				<misses>14871001</misses>
				<total>21</total>
				<timestamp>5496.768281</timestamp>
			</report>
			<report>
				<misses>14872001</misses>
				<total>21</total>
				<timestamp>5497.137923</timestamp>
			</report>
			<report>
				<misses>14873001</misses>
				<total>21</total>
				<timestamp>5497.507536</timestamp>
			</report>
			<report>
				<misses>14874001</misses>
				<total>21</total>
				<timestamp>5497.877166</timestamp>
			</report>
			<report>
				<misses>14875001</misses>
				<total>21</total>
				<timestamp>5498.246836</timestamp>
			</report>
			<report>
				<misses>14876001</misses>
				<total>20</total>
				<timestamp>5498.616506</timestamp>
			</report>
			<report>
				<misses>14877001</misses>
				<total>21</total>
				<timestamp>5498.986102</timestamp>
			</report>
			<report>
				<misses>14878001</misses>
				<total>21</total>
				<timestamp>5499.355723</timestamp>
			</report>
			<report>
				<misses>14879001</misses>
				<total>21</total>
				<timestamp>5499.725360</timestamp>
			</report>
			<report>
				<misses>14880001</misses>
				<total>21</total>
				<timestamp>5500.094983</timestamp>
			</report>
			<report>
				<misses>14881001</misses>
				<total>21</total>
				<timestamp>5500.464634</timestamp>
			</report>
			<report>
				<misses>14882001</misses>
				<total>21</total>
				<timestamp>5500.834217</timestamp>
			</report>
			<report>
				<misses>14883001</misses>
				<total>21</total>
				<timestamp>5501.203818</timestamp>
			</report>
			<report>
				<misses>14884001</misses>
				<total>21</total>
				<timestamp>5501.573449</timestamp>
			</report>
			<report>
				<misses>14885001</misses>
				<total>21</total>
				<timestamp>5501.943167</timestamp>
			</report>
			<report>
				<misses>14886001</misses>
				<total>21</total>
				<timestamp>5502.312716</timestamp>
			</report>
			<report>
				<misses>14887001</misses>
				<total>21</total>
				<timestamp>5502.682331</timestamp>
			</report>
			<report>
				<misses>14888001</misses>
				<total>21</total>
				<timestamp>5503.052087</timestamp>
			</report>
			<report>
				<misses>14889001</misses>
				<total>21</total>
				<timestamp>5503.421648</timestamp>
			</report>
			<report>
				<misses>14890001</misses>
				<total>21</total>
				<timestamp>5503.791237</timestamp>
			</report>
			<report>
				<misses>14891001</misses>
				<total>20</total>
				<timestamp>5504.161029</timestamp>
			</report>
			<report>
				<misses>14892001</misses>
				<total>21</total>
				<timestamp>5504.530489</timestamp>
			</report>
			<report>
				<misses>14893001</misses>
				<total>21</total>
				<timestamp>5504.900134</timestamp>
			</report>
			<report>
				<misses>14894001</misses>
				<total>21</total>
				<timestamp>5505.269775</timestamp>
			</report>
			<report>
				<misses>14895001</misses>
				<total>21</total>
				<timestamp>5505.639375</timestamp>
			</report>
			<report>
				<misses>14896001</misses>
				<total>21</total>
				<timestamp>5506.009029</timestamp>
			</report>
			<report>
				<misses>14897001</misses>
				<total>21</total>
				<timestamp>5506.378633</timestamp>
			</report>
			<report>
				<misses>14898001</misses>
				<total>21</total>
				<timestamp>5506.748290</timestamp>
			</report>
			<report>
				<misses>14899001</misses>
				<total>21</total>
				<timestamp>5507.117955</timestamp>
			</report>
			<report>
				<misses>14900001</misses>
				<total>21</total>
				<timestamp>5507.487549</timestamp>
			</report>
			<report>
				<misses>14901001</misses>
				<total>21</total>
				<timestamp>5507.857237</timestamp>
			</report>
			<report>
				<misses>14902001</misses>
				<total>21</total>
				<timestamp>5508.226808</timestamp>
			</report>
			<report>
				<misses>14903001</misses>
				<total>20</total>
				<timestamp>5508.596555</timestamp>
			</report>
			<report>
				<misses>14904001</misses>
				<total>20</total>
				<timestamp>5508.966189</timestamp>
			</report>
			<report>
				<misses>14905001</misses>
				<total>21</total>
				<timestamp>5509.335683</timestamp>
			</report>
			<report>
				<misses>14906001</misses>
				<total>21</total>
				<timestamp>5509.705323</timestamp>
			</report>
			<report>
				<misses>14907001</misses>
				<total>21</total>
				<timestamp>5510.074960</timestamp>
			</report>
			<report>
				<misses>14908001</misses>
				<total>21</total>
				<timestamp>5510.444596</timestamp>
			</report>
			<report>
				<misses>14909001</misses>
				<total>21</total>
				<timestamp>5510.814227</timestamp>
			</report>
			<report>
				<misses>14910001</misses>
				<total>21</total>
				<timestamp>5511.183926</timestamp>
			</report>
			<report>
				<misses>14911001</misses>
				<total>21</total>
				<timestamp>5511.553496</timestamp>
			</report>
			<report>
				<misses>14912001</misses>
				<total>21</total>
				<timestamp>5511.923143</timestamp>
			</report>
			<report>
				<misses>14913001</misses>
				<total>21</total>
				<timestamp>5512.292836</timestamp>
			</report>
			<report>
				<misses>14914001</misses>
				<total>21</total>
				<timestamp>5512.662395</timestamp>
			</report>
			<report>
				<misses>14915001</misses>
				<total>20</total>
				<timestamp>5513.032108</timestamp>
			</report>
			<report>
				<misses>14916001</misses>
				<total>21</total>
				<timestamp>5513.401608</timestamp>
			</report>
			<report>
				<misses>14917001</misses>
				<total>21</total>
				<timestamp>5513.771252</timestamp>
			</report>
			<report>
				<misses>14918001</misses>
				<total>21</total>
				<timestamp>5514.140887</timestamp>
			</report>
			<report>
				<misses>14919001</misses>
				<total>21</total>
				<timestamp>5514.510501</timestamp>
			</report>
			<report>
				<misses>14920001</misses>
				<total>21</total>
				<timestamp>5514.880145</timestamp>
			</report>
			<report>
				<misses>14921001</misses>
				<total>21</total>
				<timestamp>5515.249849</timestamp>
			</report>
			<report>
				<misses>14922001</misses>
				<total>21</total>
				<timestamp>5515.619439</timestamp>
			</report>
			<report>
				<misses>14923001</misses>
				<total>21</total>
				<timestamp>5515.989066</timestamp>
			</report>
			<report>
				<misses>14924001</misses>
				<total>21</total>
				<timestamp>5516.358671</timestamp>
			</report>
			<report>
				<misses>14925001</misses>
				<total>21</total>
				<timestamp>5516.728306</timestamp>
			</report>
			<report>
				<misses>14926001</misses>
				<total>21</total>
				<timestamp>5517.097935</timestamp>
			</report>
			<report>
				<misses>14927001</misses>
				<total>20</total>
				<timestamp>5517.467649</timestamp>
			</report>
			<report>
				<misses>14928001</misses>
				<total>21</total>
				<timestamp>5517.837176</timestamp>
			</report>
			<report>
				<misses>14929001</misses>
				<total>21</total>
				<timestamp>5518.206849</timestamp>
			</report>
			<report>
				<misses>14930001</misses>
				<total>21</total>
				<timestamp>5518.576438</timestamp>
			</report>
			<report>
				<misses>14931001</misses>
				<total>21</total>
				<timestamp>5518.946136</timestamp>
			</report>
			<report>
				<misses>14932001</misses>
				<total>21</total>
				<timestamp>5519.315705</timestamp>
			</report>
			<report>
				<misses>14933001</misses>
				<total>21</total>
				<timestamp>5519.685358</timestamp>
			</report>
			<report>
				<misses>14934001</misses>
				<total>21</total>
				<timestamp>5520.054986</timestamp>
			</report>
			<report>
				<misses>14935001</misses>
				<total>21</total>
				<timestamp>5520.424576</timestamp>
			</report>
			<report>
				<misses>14936001</misses>
				<total>21</total>
				<timestamp>5520.794201</timestamp>
			</report>
			<report>
				<misses>14937001</misses>
				<total>21</total>
				<timestamp>5521.163923</timestamp>
			</report>
			<report>
				<misses>14938001</misses>
				<total>21</total>
				<timestamp>5521.533555</timestamp>
			</report>
			<report>
				<misses>14939001</misses>
				<total>21</total>
				<timestamp>5521.903118</timestamp>
			</report>
			<report>
				<misses>14940001</misses>
				<total>21</total>
				<timestamp>5522.272830</timestamp>
			</report>
			<report>
				<misses>14941001</misses>
				<total>21</total>
				<timestamp>5522.642388</timestamp>
			</report>
			<report>
				<misses>14942001</misses>
				<total>21</total>
				<timestamp>5523.012032</timestamp>
			</report>
			<report>
				<misses>14943001</misses>
				<total>21</total>
				<timestamp>5523.381625</timestamp>
			</report>
			<report>
				<misses>14944001</misses>
				<total>21</total>
				<timestamp>5523.751280</timestamp>
			</report>
			<report>
				<misses>14945001</misses>
				<total>21</total>
				<timestamp>5524.120892</timestamp>
			</report>
			<report>
				<misses>14946001</misses>
				<total>21</total>
				<timestamp>5524.490591</timestamp>
			</report>
			<report>
				<misses>14947001</misses>
				<total>21</total>
				<timestamp>5524.860171</timestamp>
			</report>
			<report>
				<misses>14948001</misses>
				<total>21</total>
				<timestamp>5525.229764</timestamp>
			</report>
			<report>
				<misses>14949001</misses>
				<total>21</total>
				<timestamp>5525.599456</timestamp>
			</report>
			<report>
				<misses>14950001</misses>
				<total>21</total>
				<timestamp>5525.969084</timestamp>
			</report>
			<report>
				<misses>14951001</misses>
				<total>21</total>
				<timestamp>5526.338758</timestamp>
			</report>
			<report>
				<misses>14952001</misses>
				<total>20</total>
				<timestamp>5526.708399</timestamp>
			</report>
			<report>
				<misses>14953001</misses>
				<total>20</total>
				<timestamp>5527.078039</timestamp>
			</report>
			<report>
				<misses>14954001</misses>
				<total>21</total>
				<timestamp>5527.447574</timestamp>
			</report>
			<report>
				<misses>14955001</misses>
				<total>21</total>
				<timestamp>5527.817226</timestamp>
			</report>
			<report>
				<misses>14956001</misses>
				<total>21</total>
				<timestamp>5528.186897</timestamp>
			</report>
			<report>
				<misses>14957001</misses>
				<total>20</total>
				<timestamp>5528.556527</timestamp>
			</report>
			<report>
				<misses>14958001</misses>
				<total>21</total>
				<timestamp>5528.926105</timestamp>
			</report>
			<report>
				<misses>14959001</misses>
				<total>21</total>
				<timestamp>5529.295724</timestamp>
			</report>
			<report>
				<misses>14960001</misses>
				<total>21</total>
				<timestamp>5529.665365</timestamp>
			</report>
			<report>
				<misses>14961001</misses>
				<total>21</total>
				<timestamp>5530.035005</timestamp>
			</report>
			<report>
				<misses>14962001</misses>
				<total>21</total>
				<timestamp>5530.404602</timestamp>
			</report>
			<report>
				<misses>14963001</misses>
				<total>21</total>
				<timestamp>5530.774321</timestamp>
			</report>
			<report>
				<misses>14964001</misses>
				<total>21</total>
				<timestamp>5531.143931</timestamp>
			</report>
			<report>
				<misses>14965001</misses>
				<total>21</total>
				<timestamp>5531.513487</timestamp>
			</report>
			<report>
				<misses>14966001</misses>
				<total>21</total>
				<timestamp>5531.883116</timestamp>
			</report>
			<report>
				<misses>14967001</misses>
				<total>21</total>
				<timestamp>5532.252766</timestamp>
			</report>
			<report>
				<misses>14968001</misses>
				<total>21</total>
				<timestamp>5532.622361</timestamp>
			</report>
			<report>
				<misses>14969001</misses>
				<total>21</total>
				<timestamp>5532.992017</timestamp>
			</report>
			<report>
				<misses>14970001</misses>
				<total>21</total>
				<timestamp>5533.361651</timestamp>
			</report>
			<report>
				<misses>14971001</misses>
				<total>21</total>
				<timestamp>5533.731279</timestamp>
			</report>
			<report>
				<misses>14972001</misses>
				<total>21</total>
				<timestamp>5534.100938</timestamp>
			</report>
			<report>
				<misses>14973001</misses>
				<total>20</total>
				<timestamp>5534.470623</timestamp>
			</report>
			<report>
				<misses>14974001</misses>
				<total>21</total>
				<timestamp>5534.840182</timestamp>
			</report>
			<report>
				<misses>14975001</misses>
				<total>21</total>
				<timestamp>5535.209831</timestamp>
			</report>
			<report>
				<misses>14976001</misses>
				<total>21</total>
				<timestamp>5535.579473</timestamp>
			</report>
			<report>
				<misses>14977001</misses>
				<total>21</total>
				<timestamp>5535.949073</timestamp>
			</report>
			<report>
				<misses>14978001</misses>
				<total>21</total>
				<timestamp>5536.318697</timestamp>
			</report>
			<report>
				<misses>14979001</misses>
				<total>21</total>
				<timestamp>5536.688339</timestamp>
			</report>
			<report>
				<misses>14980001</misses>
				<total>21</total>
				<timestamp>5537.057951</timestamp>
			</report>
			<report>
				<misses>14981001</misses>
				<total>21</total>
				<timestamp>5537.427565</timestamp>
			</report>
			<report>
				<misses>14982001</misses>
				<total>21</total>
				<timestamp>5537.797206</timestamp>
			</report>
			<report>
				<misses>14983001</misses>
				<total>21</total>
				<timestamp>5538.166884</timestamp>
			</report>
			<report>
				<misses>14984001</misses>
				<total>21</total>
				<timestamp>5538.536442</timestamp>
			</report>
			<report>
				<misses>14985001</misses>
				<total>21</total>
				<timestamp>5538.906172</timestamp>
			</report>
			<report>
				<misses>14986001</misses>
				<total>21</total>
				<timestamp>5539.275771</timestamp>
			</report>
			<report>
				<misses>14987001</misses>
				<total>21</total>
				<timestamp>5539.645397</timestamp>
			</report>
			<report>
				<misses>14988001</misses>
				<total>21</total>
				<timestamp>5540.014985</timestamp>
			</report>
			<report>
				<misses>14989001</misses>
				<total>21</total>
				<timestamp>5540.384620</timestamp>
			</report>
			<report>
				<misses>14990001</misses>
				<total>21</total>
				<timestamp>5540.754226</timestamp>
			</report>
			<report>
				<misses>14991001</misses>
				<total>21</total>
				<timestamp>5541.123895</timestamp>
			</report>
			<report>
				<misses>14992001</misses>
				<total>21</total>
				<timestamp>5541.493559</timestamp>
			</report>
			<report>
				<misses>14993001</misses>
				<total>21</total>
				<timestamp>5541.863178</timestamp>
			</report>
			<report>
				<misses>14994001</misses>
				<total>21</total>
				<timestamp>5542.232820</timestamp>
			</report>
			<report>
				<misses>14995001</misses>
				<total>21</total>
				<timestamp>5542.602399</timestamp>
			</report>
			<report>
				<misses>14996001</misses>
				<total>21</total>
				<timestamp>5542.972049</timestamp>
			</report>
			<report>
				<misses>14997001</misses>
				<total>21</total>
				<timestamp>5543.341660</timestamp>
			</report>
			<report>
				<misses>14998001</misses>
				<total>21</total>
				<timestamp>5543.711323</timestamp>
			</report>
			<report>
				<misses>14999001</misses>
				<total>21</total>
				<timestamp>5544.080925</timestamp>
			</report>
			<report>
				<misses>15000001</misses>
				<total>21</total>
				<timestamp>5544.450555</timestamp>
			</report>
			<report>
				<misses>15001001</misses>
				<total>21</total>
				<timestamp>5544.820167</timestamp>
			</report>
			<report>
				<misses>15002001</misses>
				<total>21</total>
				<timestamp>5545.189869</timestamp>
			</report>
			<report>
				<misses>15003001</misses>
				<total>21</total>
				<timestamp>5545.559439</timestamp>
			</report>
			<report>
				<misses>15004001</misses>
				<total>21</total>
				<timestamp>5545.929123</timestamp>
			</report>
			<report>
				<misses>15005001</misses>
				<total>21</total>
				<timestamp>5546.298777</timestamp>
			</report>
			<report>
				<misses>15006001</misses>
				<total>21</total>
				<timestamp>5546.668373</timestamp>
			</report>
			<report>
				<misses>15007001</misses>
				<total>21</total>
				<timestamp>5547.037955</timestamp>
			</report>
			<report>
				<misses>15008001</misses>
				<total>20</total>
				<timestamp>5547.407736</timestamp>
			</report>
			<report>
				<misses>15009001</misses>
				<total>20</total>
				<timestamp>5547.777366</timestamp>
			</report>
			<report>
				<misses>15010001</misses>
				<total>21</total>
				<timestamp>5548.146878</timestamp>
			</report>
			<report>
				<misses>15011001</misses>
				<total>20</total>
				<timestamp>5548.516575</timestamp>
			</report>
			<report>
				<misses>15012001</misses>
				<total>21</total>
				<timestamp>5548.886147</timestamp>
			</report>
			<report>
				<misses>15013001</misses>
				<total>21</total>
				<timestamp>5549.255787</timestamp>
			</report>
			<report>
				<misses>15014001</misses>
				<total>21</total>
				<timestamp>5549.625377</timestamp>
			</report>
			<report>
				<misses>15015001</misses>
				<total>21</total>
				<timestamp>5549.995032</timestamp>
			</report>
			<report>
				<misses>15016001</misses>
				<total>21</total>
				<timestamp>5550.364741</timestamp>
			</report>
			<report>
				<misses>15017001</misses>
				<total>21</total>
				<timestamp>5550.734291</timestamp>
			</report>
			<report>
				<misses>15018001</misses>
				<total>21</total>
				<timestamp>5551.103889</timestamp>
			</report>
			<report>
				<misses>15019001</misses>
				<total>21</total>
				<timestamp>5551.473602</timestamp>
			</report>
			<report>
				<misses>15020001</misses>
				<total>21</total>
				<timestamp>5551.843197</timestamp>
			</report>
			<report>
				<misses>15021001</misses>
				<total>21</total>
				<timestamp>5552.212802</timestamp>
			</report>
			<report>
				<misses>15022001</misses>
				<total>21</total>
				<timestamp>5552.582390</timestamp>
			</report>
			<report>
				<misses>15023001</misses>
				<total>21</total>
				<timestamp>5552.952060</timestamp>
			</report>
			<report>
				<misses>15024001</misses>
				<total>21</total>
				<timestamp>5553.321710</timestamp>
			</report>
			<report>
				<misses>15025001</misses>
				<total>21</total>
				<timestamp>5553.691325</timestamp>
			</report>
			<report>
				<misses>15026001</misses>
				<total>21</total>
				<timestamp>5554.060914</timestamp>
			</report>
			<report>
				<misses>15027001</misses>
				<total>21</total>
				<timestamp>5554.430607</timestamp>
			</report>
			<report>
				<misses>15028001</misses>
				<total>21</total>
				<timestamp>5554.800204</timestamp>
			</report>
			<report>
				<misses>15029001</misses>
				<total>21</total>
				<timestamp>5555.169813</timestamp>
			</report>
			<report>
				<misses>15030001</misses>
				<total>21</total>
				<timestamp>5555.539485</timestamp>
			</report>
			<report>
				<misses>15031001</misses>
				<total>21</total>
				<timestamp>5555.909117</timestamp>
			</report>
			<report>
				<misses>15032001</misses>
				<total>21</total>
				<timestamp>5556.278748</timestamp>
			</report>
			<report>
				<misses>15033001</misses>
				<total>21</total>
				<timestamp>5556.648371</timestamp>
			</report>
			<report>
				<misses>15034001</misses>
				<total>21</total>
				<timestamp>5557.017985</timestamp>
			</report>
			<report>
				<misses>15035001</misses>
				<total>21</total>
				<timestamp>5557.387606</timestamp>
			</report>
			<report>
				<misses>15036001</misses>
				<total>21</total>
				<timestamp>5557.757219</timestamp>
			</report>
			<report>
				<misses>15037001</misses>
				<total>21</total>
				<timestamp>5558.126847</timestamp>
			</report>
			<report>
				<misses>15038001</misses>
				<total>21</total>
				<timestamp>5558.496506</timestamp>
			</report>
			<report>
				<misses>15039001</misses>
				<total>21</total>
				<timestamp>5558.866170</timestamp>
			</report>
			<report>
				<misses>15040001</misses>
				<total>21</total>
				<timestamp>5559.235788</timestamp>
			</report>
			<report>
				<misses>15041001</misses>
				<total>21</total>
				<timestamp>5559.605381</timestamp>
			</report>
			<report>
				<misses>15042001</misses>
				<total>21</total>
				<timestamp>5559.975023</timestamp>
			</report>
			<report>
				<misses>15043001</misses>
				<total>21</total>
				<timestamp>5560.344705</timestamp>
			</report>
			<report>
				<misses>15044001</misses>
				<total>21</total>
				<timestamp>5560.714328</timestamp>
			</report>
			<report>
				<misses>15045001</misses>
				<total>21</total>
				<timestamp>5561.083937</timestamp>
			</report>
			<report>
				<misses>15046001</misses>
				<total>21</total>
				<timestamp>5561.453621</timestamp>
			</report>
			<report>
				<misses>15047001</misses>
				<total>21</total>
				<timestamp>5561.823170</timestamp>
			</report>
			<report>
				<misses>15048001</misses>
				<total>21</total>
				<timestamp>5562.192796</timestamp>
			</report>
			<report>
				<misses>15049001</misses>
				<total>21</total>
				<timestamp>5562.562436</timestamp>
			</report>
			<report>
				<misses>15050001</misses>
				<total>21</total>
				<timestamp>5562.932114</timestamp>
			</report>
			<report>
				<misses>15051001</misses>
				<total>21</total>
				<timestamp>5563.301713</timestamp>
			</report>
			<report>
				<misses>15052001</misses>
				<total>21</total>
				<timestamp>5563.671364</timestamp>
			</report>
			<report>
				<misses>15053001</misses>
				<total>21</total>
				<timestamp>5564.040922</timestamp>
			</report>
			<report>
				<misses>15054001</misses>
				<total>21</total>
				<timestamp>5564.410645</timestamp>
			</report>
			<report>
				<misses>15055001</misses>
				<total>20</total>
				<timestamp>5564.780291</timestamp>
			</report>
			<report>
				<misses>15056001</misses>
				<total>21</total>
				<timestamp>5565.149824</timestamp>
			</report>
			<report>
				<misses>15057001</misses>
				<total>21</total>
				<timestamp>5565.519514</timestamp>
			</report>
			<report>
				<misses>15058001</misses>
				<total>21</total>
				<timestamp>5565.889089</timestamp>
			</report>
			<report>
				<misses>15059001</misses>
				<total>21</total>
				<timestamp>5566.258777</timestamp>
			</report>
			<report>
				<misses>15060001</misses>
				<total>21</total>
				<timestamp>5566.628337</timestamp>
			</report>
			<report>
				<misses>15061001</misses>
				<total>21</total>
				<timestamp>5566.998020</timestamp>
			</report>
			<report>
				<misses>15062001</misses>
				<total>21</total>
				<timestamp>5567.367638</timestamp>
			</report>
			<report>
				<misses>15063001</misses>
				<total>21</total>
				<timestamp>5567.737235</timestamp>
			</report>
			<report>
				<misses>15064001</misses>
				<total>21</total>
				<timestamp>5568.106852</timestamp>
			</report>
			<report>
				<misses>15065001</misses>
				<total>21</total>
				<timestamp>5568.476499</timestamp>
			</report>
			<report>
				<misses>15066001</misses>
				<total>21</total>
				<timestamp>5568.846111</timestamp>
			</report>
			<report>
				<misses>15067001</misses>
				<total>20</total>
				<timestamp>5569.215839</timestamp>
			</report>
			<report>
				<misses>15068001</misses>
				<total>21</total>
				<timestamp>5569.585467</timestamp>
			</report>
			<report>
				<misses>15069001</misses>
				<total>21</total>
				<timestamp>5569.955026</timestamp>
			</report>
			<report>
				<misses>15070001</misses>
				<total>21</total>
				<timestamp>5570.324661</timestamp>
			</report>
			<report>
				<misses>15071001</misses>
				<total>21</total>
				<timestamp>5570.694289</timestamp>
			</report>
			<report>
				<misses>15072001</misses>
				<total>21</total>
				<timestamp>5571.063993</timestamp>
			</report>
			<report>
				<misses>15073001</misses>
				<total>21</total>
				<timestamp>5571.433574</timestamp>
			</report>
			<report>
				<misses>15074001</misses>
				<total>21</total>
				<timestamp>5571.803168</timestamp>
			</report>
			<report>
				<misses>15075001</misses>
				<total>20</total>
				<timestamp>5572.172908</timestamp>
			</report>
			<report>
				<misses>15076001</misses>
				<total>21</total>
				<timestamp>5572.542474</timestamp>
			</report>
			<report>
				<misses>15077001</misses>
				<total>21</total>
				<timestamp>5572.912050</timestamp>
			</report>
			<report>
				<misses>15078001</misses>
				<total>21</total>
				<timestamp>5573.281708</timestamp>
			</report>
			<report>
				<misses>15079001</misses>
				<total>21</total>
				<timestamp>5573.651301</timestamp>
			</report>
			<report>
				<misses>15080001</misses>
				<total>20</total>
				<timestamp>5574.021053</timestamp>
			</report>
			<report>
				<misses>15081001</misses>
				<total>21</total>
				<timestamp>5574.390604</timestamp>
			</report>
			<report>
				<misses>15082001</misses>
				<total>21</total>
				<timestamp>5574.760253</timestamp>
			</report>
			<report>
				<misses>15083001</misses>
				<total>21</total>
				<timestamp>5575.129885</timestamp>
			</report>
			<report>
				<misses>15084001</misses>
				<total>21</total>
				<timestamp>5575.499484</timestamp>
			</report>
			<report>
				<misses>15085001</misses>
				<total>20</total>
				<timestamp>5575.869205</timestamp>
			</report>
			<report>
				<misses>15086001</misses>
				<total>21</total>
				<timestamp>5576.238714</timestamp>
			</report>
			<report>
				<misses>15087001</misses>
				<total>21</total>
				<timestamp>5576.608344</timestamp>
			</report>
			<report>
				<misses>15088001</misses>
				<total>20</total>
				<timestamp>5576.978080</timestamp>
			</report>
			<report>
				<misses>15089001</misses>
				<total>21</total>
				<timestamp>5577.347646</timestamp>
			</report>
			<report>
				<misses>15090001</misses>
				<total>21</total>
				<timestamp>5577.717257</timestamp>
			</report>
			<report>
				<misses>15091001</misses>
				<total>21</total>
				<timestamp>5578.086898</timestamp>
			</report>
			<report>
				<misses>15092001</misses>
				<total>21</total>
				<timestamp>5578.456594</timestamp>
			</report>
			<report>
				<misses>15093001</misses>
				<total>21</total>
				<timestamp>5578.826168</timestamp>
			</report>
			<report>
				<misses>15094001</misses>
				<total>21</total>
				<timestamp>5579.195757</timestamp>
			</report>
			<report>
				<misses>15095001</misses>
				<total>20</total>
				<timestamp>5579.565512</timestamp>
			</report>
			<report>
				<misses>15096001</misses>
				<total>21</total>
				<timestamp>5579.935026</timestamp>
			</report>
			<report>
				<misses>15097001</misses>
				<total>21</total>
				<timestamp>5580.304674</timestamp>
			</report>
			<report>
				<misses>15098001</misses>
				<total>21</total>
				<timestamp>5580.674341</timestamp>
			</report>
			<report>
				<misses>15099001</misses>
				<total>21</total>
				<timestamp>5581.043896</timestamp>
			</report>
			<report>
				<misses>15100001</misses>
				<total>21</total>
				<timestamp>5581.413650</timestamp>
			</report>
			<report>
				<misses>15101001</misses>
				<total>20</total>
				<timestamp>5581.783280</timestamp>
			</report>
			<report>
				<misses>15102001</misses>
				<total>21</total>
				<timestamp>5582.152802</timestamp>
			</report>
			<report>
				<misses>15103001</misses>
				<total>21</total>
				<timestamp>5582.522447</timestamp>
			</report>
			<report>
				<misses>15104001</misses>
				<total>20</total>
				<timestamp>5582.892171</timestamp>
			</report>
			<report>
				<misses>15105001</misses>
				<total>21</total>
				<timestamp>5583.261748</timestamp>
			</report>
			<report>
				<misses>15106001</misses>
				<total>21</total>
				<timestamp>5583.631342</timestamp>
			</report>
			<report>
				<misses>15107001</misses>
				<total>21</total>
				<timestamp>5584.000986</timestamp>
			</report>
			<report>
				<misses>15108001</misses>
				<total>21</total>
				<timestamp>5584.370638</timestamp>
			</report>
			<report>
				<misses>15109001</misses>
				<total>21</total>
				<timestamp>5584.740206</timestamp>
			</report>
			<report>
				<misses>15110001</misses>
				<total>21</total>
				<timestamp>5585.109904</timestamp>
			</report>
			<report>
				<misses>15111001</misses>
				<total>21</total>
				<timestamp>5585.479497</timestamp>
			</report>
			<report>
				<misses>15112001</misses>
				<total>21</total>
				<timestamp>5585.849114</timestamp>
			</report>
			<report>
				<misses>15113001</misses>
				<total>21</total>
				<timestamp>5586.218743</timestamp>
			</report>
			<report>
				<misses>15114001</misses>
				<total>21</total>
				<timestamp>5586.588446</timestamp>
			</report>
			<report>
				<misses>15115001</misses>
				<total>21</total>
				<timestamp>5586.958053</timestamp>
			</report>
			<report>
				<misses>15116001</misses>
				<total>21</total>
				<timestamp>5587.327618</timestamp>
			</report>
			<report>
				<misses>15117001</misses>
				<total>21</total>
				<timestamp>5587.697262</timestamp>
			</report>
			<report>
				<misses>15118001</misses>
				<total>20</total>
				<timestamp>5588.066976</timestamp>
			</report>
			<report>
				<misses>15119001</misses>
				<total>21</total>
				<timestamp>5588.436539</timestamp>
			</report>
			<report>
				<misses>15120001</misses>
				<total>21</total>
				<timestamp>5588.806151</timestamp>
			</report>
			<report>
				<misses>15121001</misses>
				<total>20</total>
				<timestamp>5589.175897</timestamp>
			</report>
			<report>
				<misses>15122001</misses>
				<total>21</total>
				<timestamp>5589.545494</timestamp>
			</report>
			<report>
				<misses>15123001</misses>
				<total>20</total>
				<timestamp>5589.915157</timestamp>
			</report>
			<report>
				<misses>15124001</misses>
				<total>21</total>
				<timestamp>5590.284663</timestamp>
			</report>
			<report>
				<misses>15125001</misses>
				<total>21</total>
				<timestamp>5590.654292</timestamp>
			</report>
			<report>
				<misses>15126001</misses>
				<total>21</total>
				<timestamp>5591.023922</timestamp>
			</report>
			<report>
				<misses>15127001</misses>
				<total>21</total>
				<timestamp>5591.393583</timestamp>
			</report>
			<report>
				<misses>15128001</misses>
				<total>21</total>
				<timestamp>5591.763198</timestamp>
			</report>
			<report>
				<misses>15129001</misses>
				<total>21</total>
				<timestamp>5592.132812</timestamp>
			</report>
			<report>
				<misses>15130001</misses>
				<total>21</total>
				<timestamp>5592.502484</timestamp>
			</report>
			<report>
				<misses>15131001</misses>
				<total>21</total>
				<timestamp>5592.872071</timestamp>
			</report>
			<report>
				<misses>15132001</misses>
				<total>21</total>
				<timestamp>5593.241725</timestamp>
			</report>
			<report>
				<misses>15133001</misses>
				<total>21</total>
				<timestamp>5593.611345</timestamp>
			</report>
			<report>
				<misses>15134001</misses>
				<total>21</total>
				<timestamp>5593.980963</timestamp>
			</report>
			<report>
				<misses>15135001</misses>
				<total>21</total>
				<timestamp>5594.350629</timestamp>
			</report>
			<report>
				<misses>15136001</misses>
				<total>21</total>
				<timestamp>5594.720230</timestamp>
			</report>
			<report>
				<misses>15137001</misses>
				<total>21</total>
				<timestamp>5595.089866</timestamp>
			</report>
			<report>
				<misses>15138001</misses>
				<total>21</total>
				<timestamp>5595.459546</timestamp>
			</report>
			<report>
				<misses>15139001</misses>
				<total>21</total>
				<timestamp>5595.829141</timestamp>
			</report>
			<report>
				<misses>15140001</misses>
				<total>21</total>
				<timestamp>5596.198780</timestamp>
			</report>
			<report>
				<misses>15141001</misses>
				<total>21</total>
				<timestamp>5596.568415</timestamp>
			</report>
			<report>
				<misses>15142001</misses>
				<total>21</total>
				<timestamp>5596.938080</timestamp>
			</report>
			<report>
				<misses>15143001</misses>
				<total>21</total>
				<timestamp>5597.307681</timestamp>
			</report>
			<report>
				<misses>15144001</misses>
				<total>21</total>
				<timestamp>5597.677279</timestamp>
			</report>
			<report>
				<misses>15145001</misses>
				<total>21</total>
				<timestamp>5598.046975</timestamp>
			</report>
			<report>
				<misses>15146001</misses>
				<total>21</total>
				<timestamp>5598.416547</timestamp>
			</report>
			<report>
				<misses>15147001</misses>
				<total>21</total>
				<timestamp>5598.786163</timestamp>
			</report>
			<report>
				<misses>15148001</misses>
				<total>21</total>
				<timestamp>5599.155788</timestamp>
			</report>
			<report>
				<misses>15149001</misses>
				<total>21</total>
				<timestamp>5599.525469</timestamp>
			</report>
			<report>
				<misses>15150001</misses>
				<total>21</total>
				<timestamp>5599.895126</timestamp>
			</report>
			<report>
				<misses>15151001</misses>
				<total>21</total>
				<timestamp>5600.264714</timestamp>
			</report>
			<report>
				<misses>15152001</misses>
				<total>21</total>
				<timestamp>5600.634412</timestamp>
			</report>
			<report>
				<misses>15153001</misses>
				<total>21</total>
				<timestamp>5601.003942</timestamp>
			</report>
			<report>
				<misses>15154001</misses>
				<total>21</total>
				<timestamp>5601.373571</timestamp>
			</report>
			<report>
				<misses>15155001</misses>
				<total>21</total>
				<timestamp>5601.743188</timestamp>
			</report>
			<report>
				<misses>15156001</misses>
				<total>21</total>
				<timestamp>5602.112825</timestamp>
			</report>
			<report>
				<misses>15157001</misses>
				<total>21</total>
				<timestamp>5602.482510</timestamp>
			</report>
			<report>
				<misses>15158001</misses>
				<total>21</total>
				<timestamp>5602.852084</timestamp>
			</report>
			<report>
				<misses>15159001</misses>
				<total>21</total>
				<timestamp>5603.221798</timestamp>
			</report>
			<report>
				<misses>15160001</misses>
				<total>21</total>
				<timestamp>5603.591413</timestamp>
			</report>
			<report>
				<misses>15161001</misses>
				<total>20</total>
				<timestamp>5603.961052</timestamp>
			</report>
			<report>
				<misses>15162001</misses>
				<total>21</total>
				<timestamp>5604.330613</timestamp>
			</report>
			<report>
				<misses>15163001</misses>
				<total>21</total>
				<timestamp>5604.700239</timestamp>
			</report>
			<report>
				<misses>15164001</misses>
				<total>21</total>
				<timestamp>5605.069855</timestamp>
			</report>
			<report>
				<misses>15165001</misses>
				<total>21</total>
				<timestamp>5605.439539</timestamp>
			</report>
			<report>
				<misses>15166001</misses>
				<total>21</total>
				<timestamp>5605.809117</timestamp>
			</report>
			<report>
				<misses>15167001</misses>
				<total>21</total>
				<timestamp>5606.178813</timestamp>
			</report>
			<report>
				<misses>15168001</misses>
				<total>21</total>
				<timestamp>5606.548420</timestamp>
			</report>
			<report>
				<misses>15169001</misses>
				<total>21</total>
				<timestamp>5606.918077</timestamp>
			</report>
			<report>
				<misses>15170001</misses>
				<total>21</total>
				<timestamp>5607.287639</timestamp>
			</report>
			<report>
				<misses>15171001</misses>
				<total>21</total>
				<timestamp>5607.657309</timestamp>
			</report>
			<report>
				<misses>15172001</misses>
				<total>21</total>
				<timestamp>5608.026893</timestamp>
			</report>
			<report>
				<misses>15173001</misses>
				<total>21</total>
				<timestamp>5608.396557</timestamp>
			</report>
			<report>
				<misses>15174001</misses>
				<total>21</total>
				<timestamp>5608.766156</timestamp>
			</report>
			<report>
				<misses>15175001</misses>
				<total>21</total>
				<timestamp>5609.135798</timestamp>
			</report>
			<report>
				<misses>15176001</misses>
				<total>21</total>
				<timestamp>5609.505442</timestamp>
			</report>
			<report>
				<misses>15177001</misses>
				<total>21</total>
				<timestamp>5609.875135</timestamp>
			</report>
			<report>
				<misses>15178001</misses>
				<total>21</total>
				<timestamp>5610.244696</timestamp>
			</report>
			<report>
				<misses>15179001</misses>
				<total>21</total>
				<timestamp>5610.614374</timestamp>
			</report>
			<report>
				<misses>15180001</misses>
				<total>21</total>
				<timestamp>5610.983958</timestamp>
			</report>
			<report>
				<misses>15181001</misses>
				<total>21</total>
				<timestamp>5611.353570</timestamp>
			</report>
			<report>
				<misses>15182001</misses>
				<total>21</total>
				<timestamp>5611.723215</timestamp>
			</report>
			<report>
				<misses>15183001</misses>
				<total>21</total>
				<timestamp>5612.092840</timestamp>
			</report>
			<report>
				<misses>15184001</misses>
				<total>21</total>
				<timestamp>5612.462517</timestamp>
			</report>
			<report>
				<misses>15185001</misses>
				<total>21</total>
				<timestamp>5612.832117</timestamp>
			</report>
			<report>
				<misses>15186001</misses>
				<total>21</total>
				<timestamp>5613.201720</timestamp>
			</report>
			<report>
				<misses>15187001</misses>
				<total>21</total>
				<timestamp>5613.571438</timestamp>
			</report>
			<report>
				<misses>15188001</misses>
				<total>21</total>
				<timestamp>5613.941057</timestamp>
			</report>
			<report>
				<misses>15189001</misses>
				<total>21</total>
				<timestamp>5614.310607</timestamp>
			</report>
			<report>
				<misses>15190001</misses>
				<total>21</total>
				<timestamp>5614.680277</timestamp>
			</report>
			<report>
				<misses>15191001</misses>
				<total>21</total>
				<timestamp>5615.049862</timestamp>
			</report>
			<report>
				<misses>15192001</misses>
				<total>21</total>
				<timestamp>5615.419544</timestamp>
			</report>
			<report>
				<misses>15193001</misses>
				<total>21</total>
				<timestamp>5615.789139</timestamp>
			</report>
			<report>
				<misses>15194001</misses>
				<total>21</total>
				<timestamp>5616.158755</timestamp>
			</report>
			<report>
				<misses>15195001</misses>
				<total>21</total>
				<timestamp>5616.528421</timestamp>
			</report>
			<report>
				<misses>15196001</misses>
				<total>21</total>
				<timestamp>5616.898032</timestamp>
			</report>
			<report>
				<misses>15197001</misses>
				<total>21</total>
				<timestamp>5617.267654</timestamp>
			</report>
			<report>
				<misses>15198001</misses>
				<total>21</total>
				<timestamp>5617.637280</timestamp>
			</report>
			<report>
				<misses>15199001</misses>
				<total>21</total>
				<timestamp>5618.006957</timestamp>
			</report>
			<report>
				<misses>15200001</misses>
				<total>21</total>
				<timestamp>5618.376563</timestamp>
			</report>
			<report>
				<misses>15201001</misses>
				<total>21</total>
				<timestamp>5618.746259</timestamp>
			</report>
			<report>
				<misses>15202001</misses>
				<total>21</total>
				<timestamp>5619.115830</timestamp>
			</report>
			<report>
				<misses>15203001</misses>
				<total>21</total>
				<timestamp>5619.485483</timestamp>
			</report>
			<report>
				<misses>15204001</misses>
				<total>21</total>
				<timestamp>5619.855109</timestamp>
			</report>
			<report>
				<misses>15205001</misses>
				<total>20</total>
				<timestamp>5620.224807</timestamp>
			</report>
			<report>
				<misses>15206001</misses>
				<total>21</total>
				<timestamp>5620.594328</timestamp>
			</report>
			<report>
				<misses>15207001</misses>
				<total>21</total>
				<timestamp>5620.963981</timestamp>
			</report>
			<report>
				<misses>15208001</misses>
				<total>21</total>
				<timestamp>5621.333565</timestamp>
			</report>
			<report>
				<misses>15209001</misses>
				<total>21</total>
				<timestamp>5621.703260</timestamp>
			</report>
			<report>
				<misses>15210001</misses>
				<total>21</total>
				<timestamp>5622.072857</timestamp>
			</report>
			<report>
				<misses>15211001</misses>
				<total>21</total>
				<timestamp>5622.442518</timestamp>
			</report>
			<report>
				<misses>15212001</misses>
				<total>21</total>
				<timestamp>5622.812094</timestamp>
			</report>
			<report>
				<misses>15213001</misses>
				<total>21</total>
				<timestamp>5623.181720</timestamp>
			</report>
			<report>
				<misses>15214001</misses>
				<total>21</total>
				<timestamp>5623.551420</timestamp>
			</report>
			<report>
				<misses>15215001</misses>
				<total>21</total>
				<timestamp>5623.921028</timestamp>
			</report>
			<report>
				<misses>15216001</misses>
				<total>21</total>
				<timestamp>5624.290647</timestamp>
			</report>
			<report>
				<misses>15217001</misses>
				<total>21</total>
				<timestamp>5624.660244</timestamp>
			</report>
			<report>
				<misses>15218001</misses>
				<total>21</total>
				<timestamp>5625.029922</timestamp>
			</report>
			<report>
				<misses>15219001</misses>
				<total>21</total>
				<timestamp>5625.399564</timestamp>
			</report>
			<report>
				<misses>15220001</misses>
				<total>20</total>
				<timestamp>5625.769253</timestamp>
			</report>
			<report>
				<misses>15221001</misses>
				<total>21</total>
				<timestamp>5626.138760</timestamp>
			</report>
			<report>
				<misses>15222001</misses>
				<total>21</total>
				<timestamp>5626.508453</timestamp>
			</report>
			<report>
				<misses>15223001</misses>
				<total>21</total>
				<timestamp>5626.878023</timestamp>
			</report>
			<report>
				<misses>15224001</misses>
				<total>21</total>
				<timestamp>5627.247656</timestamp>
			</report>
			<report>
				<misses>15225001</misses>
				<total>21</total>
				<timestamp>5627.617368</timestamp>
			</report>
			<report>
				<misses>15226001</misses>
				<total>21</total>
				<timestamp>5627.986982</timestamp>
			</report>
			<report>
				<misses>15227001</misses>
				<total>21</total>
				<timestamp>5628.356542</timestamp>
			</report>
			<report>
				<misses>15228001</misses>
				<total>21</total>
				<timestamp>5628.726243</timestamp>
			</report>
			<report>
				<misses>15229001</misses>
				<total>21</total>
				<timestamp>5629.095812</timestamp>
			</report>
			<report>
				<misses>15230001</misses>
				<total>21</total>
				<timestamp>5629.465442</timestamp>
			</report>
			<report>
				<misses>15231001</misses>
				<total>21</total>
				<timestamp>5629.835090</timestamp>
			</report>
			<report>
				<misses>15232001</misses>
				<total>21</total>
				<timestamp>5630.204690</timestamp>
			</report>
			<report>
				<misses>15233001</misses>
				<total>21</total>
				<timestamp>5630.574381</timestamp>
			</report>
			<report>
				<misses>15234001</misses>
				<total>21</total>
				<timestamp>5630.944007</timestamp>
			</report>
			<report>
				<misses>15235001</misses>
				<total>21</total>
				<timestamp>5631.313630</timestamp>
			</report>
			<report>
				<misses>15236001</misses>
				<total>21</total>
				<timestamp>5631.683280</timestamp>
			</report>
			<report>
				<misses>15237001</misses>
				<total>20</total>
				<timestamp>5632.053003</timestamp>
			</report>
			<report>
				<misses>15238001</misses>
				<total>21</total>
				<timestamp>5632.422536</timestamp>
			</report>
			<report>
				<misses>15239001</misses>
				<total>21</total>
				<timestamp>5632.792241</timestamp>
			</report>
			<report>
				<misses>15240001</misses>
				<total>21</total>
				<timestamp>5633.161751</timestamp>
			</report>
			<report>
				<misses>15241001</misses>
				<total>21</total>
				<timestamp>5633.531408</timestamp>
			</report>
			<report>
				<misses>15242001</misses>
				<total>21</total>
				<timestamp>5633.901009</timestamp>
			</report>
			<report>
				<misses>15243001</misses>
				<total>21</total>
				<timestamp>5634.270670</timestamp>
			</report>
			<report>
				<misses>15244001</misses>
				<total>21</total>
				<timestamp>5634.640277</timestamp>
			</report>
			<report>
				<misses>15245001</misses>
				<total>21</total>
				<timestamp>5635.009973</timestamp>
			</report>
			<report>
				<misses>15246001</misses>
				<total>21</total>
				<timestamp>5635.379548</timestamp>
			</report>
			<report>
				<misses>15247001</misses>
				<total>21</total>
				<timestamp>5635.749210</timestamp>
			</report>
			<report>
				<misses>15248001</misses>
				<total>21</total>
				<timestamp>5636.118801</timestamp>
			</report>
			<report>
				<misses>15249001</misses>
				<total>21</total>
				<timestamp>5636.488465</timestamp>
			</report>
			<report>
				<misses>15250001</misses>
				<total>21</total>
				<timestamp>5636.858091</timestamp>
			</report>
			<report>
				<misses>15251001</misses>
				<total>21</total>
				<timestamp>5637.227732</timestamp>
			</report>
			<report>
				<misses>15252001</misses>
				<total>21</total>
				<timestamp>5637.597339</timestamp>
			</report>
			<report>
				<misses>15253001</misses>
				<total>21</total>
				<timestamp>5637.966948</timestamp>
			</report>
			<report>
				<misses>15254001</misses>
				<total>20</total>
				<timestamp>5638.336652</timestamp>
			</report>
			<report>
				<misses>15255001</misses>
				<total>21</total>
				<timestamp>5638.706186</timestamp>
			</report>
			<report>
				<misses>15256001</misses>
				<total>21</total>
				<timestamp>5639.075860</timestamp>
			</report>
			<report>
				<misses>15257001</misses>
				<total>21</total>
				<timestamp>5639.445449</timestamp>
			</report>
			<report>
				<misses>15258001</misses>
				<total>21</total>
				<timestamp>5639.815150</timestamp>
			</report>
			<report>
				<misses>15259001</misses>
				<total>21</total>
				<timestamp>5640.184702</timestamp>
			</report>
			<report>
				<misses>15260001</misses>
				<total>21</total>
				<timestamp>5640.554358</timestamp>
			</report>
			<report>
				<misses>15261001</misses>
				<total>21</total>
				<timestamp>5640.923983</timestamp>
			</report>
			<report>
				<misses>15262001</misses>
				<total>21</total>
				<timestamp>5641.293631</timestamp>
			</report>
			<report>
				<misses>15263001</misses>
				<total>21</total>
				<timestamp>5641.663324</timestamp>
			</report>
			<report>
				<misses>15264001</misses>
				<total>21</total>
				<timestamp>5642.032885</timestamp>
			</report>
			<report>
				<misses>15265001</misses>
				<total>21</total>
				<timestamp>5642.402516</timestamp>
			</report>
			<report>
				<misses>15266001</misses>
				<total>21</total>
				<timestamp>5642.772171</timestamp>
			</report>
			<report>
				<misses>15267001</misses>
				<total>21</total>
				<timestamp>5643.141773</timestamp>
			</report>
			<report>
				<misses>15268001</misses>
				<total>21</total>
				<timestamp>5643.511389</timestamp>
			</report>
			<report>
				<misses>15269001</misses>
				<total>21</total>
				<timestamp>5643.881050</timestamp>
			</report>
			<report>
				<misses>15270001</misses>
				<total>21</total>
				<timestamp>5644.250668</timestamp>
			</report>
			<report>
				<misses>15271001</misses>
				<total>21</total>
				<timestamp>5644.620309</timestamp>
			</report>
			<report>
				<misses>15272001</misses>
				<total>20</total>
				<timestamp>5644.989996</timestamp>
			</report>
			<report>
				<misses>15273001</misses>
				<total>21</total>
				<timestamp>5645.359561</timestamp>
			</report>
			<report>
				<misses>15274001</misses>
				<total>21</total>
				<timestamp>5645.729173</timestamp>
			</report>
			<report>
				<misses>15275001</misses>
				<total>21</total>
				<timestamp>5646.098813</timestamp>
			</report>
			<report>
				<misses>15276001</misses>
				<total>21</total>
				<timestamp>5646.468460</timestamp>
			</report>
			<report>
				<misses>15277001</misses>
				<total>20</total>
				<timestamp>5646.838192</timestamp>
			</report>
			<report>
				<misses>15278001</misses>
				<total>21</total>
				<timestamp>5647.207680</timestamp>
			</report>
			<report>
				<misses>15279001</misses>
				<total>21</total>
				<timestamp>5647.577316</timestamp>
			</report>
			<report>
				<misses>15280001</misses>
				<total>21</total>
				<timestamp>5647.946948</timestamp>
			</report>
			<report>
				<misses>15281001</misses>
				<total>21</total>
				<timestamp>5648.316634</timestamp>
			</report>
			<report>
				<misses>15282001</misses>
				<total>21</total>
				<timestamp>5648.686277</timestamp>
			</report>
			<report>
				<misses>15283001</misses>
				<total>21</total>
				<timestamp>5649.055858</timestamp>
			</report>
			<report>
				<misses>15284001</misses>
				<total>21</total>
				<timestamp>5649.425460</timestamp>
			</report>
			<report>
				<misses>15285001</misses>
				<total>21</total>
				<timestamp>5649.795108</timestamp>
			</report>
			<report>
				<misses>15286001</misses>
				<total>21</total>
				<timestamp>5650.164735</timestamp>
			</report>
			<report>
				<misses>15287001</misses>
				<total>21</total>
				<timestamp>5650.534398</timestamp>
			</report>
			<report>
				<misses>15288001</misses>
				<total>21</total>
				<timestamp>5650.904085</timestamp>
			</report>
			<report>
				<misses>15289001</misses>
				<total>21</total>
				<timestamp>5651.273671</timestamp>
			</report>
			<report>
				<misses>15290001</misses>
				<total>21</total>
				<timestamp>5651.643328</timestamp>
			</report>
			<report>
				<misses>15291001</misses>
				<total>21</total>
				<timestamp>5652.012920</timestamp>
			</report>
			<report>
				<misses>15292001</misses>
				<total>21</total>
				<timestamp>5652.382556</timestamp>
			</report>
			<report>
				<misses>15293001</misses>
				<total>21</total>
				<timestamp>5652.752225</timestamp>
			</report>
			<report>
				<misses>15294001</misses>
				<total>21</total>
				<timestamp>5653.121767</timestamp>
			</report>
			<report>
				<misses>15295001</misses>
				<total>21</total>
				<timestamp>5653.491455</timestamp>
			</report>
			<report>
				<misses>15296001</misses>
				<total>21</total>
				<timestamp>5653.861068</timestamp>
			</report>
			<report>
				<misses>15297001</misses>
				<total>21</total>
				<timestamp>5654.230648</timestamp>
			</report>
			<report>
				<misses>15298001</misses>
				<total>21</total>
				<timestamp>5654.600280</timestamp>
			</report>
			<report>
				<misses>15299001</misses>
				<total>20</total>
				<timestamp>5654.970028</timestamp>
			</report>
			<report>
				<misses>15300001</misses>
				<total>21</total>
				<timestamp>5655.339597</timestamp>
			</report>
			<report>
				<misses>15301001</misses>
				<total>21</total>
				<timestamp>5655.709213</timestamp>
			</report>
			<report>
				<misses>15302001</misses>
				<total>20</total>
				<timestamp>5656.078901</timestamp>
			</report>
			<report>
				<misses>15303001</misses>
				<total>21</total>
				<timestamp>5656.448442</timestamp>
			</report>
			<report>
				<misses>15304001</misses>
				<total>21</total>
				<timestamp>5656.818120</timestamp>
			</report>
			<report>
				<misses>15305001</misses>
				<total>21</total>
				<timestamp>5657.187691</timestamp>
			</report>
			<report>
				<misses>15306001</misses>
				<total>21</total>
				<timestamp>5657.557377</timestamp>
			</report>
			<report>
				<misses>15307001</misses>
				<total>20</total>
				<timestamp>5657.927069</timestamp>
			</report>
			<report>
				<misses>15308001</misses>
				<total>21</total>
				<timestamp>5658.296574</timestamp>
			</report>
			<report>
				<misses>15309001</misses>
				<total>21</total>
				<timestamp>5658.666216</timestamp>
			</report>
			<report>
				<misses>15310001</misses>
				<total>21</total>
				<timestamp>5659.035868</timestamp>
			</report>
			<report>
				<misses>15311001</misses>
				<total>21</total>
				<timestamp>5659.405501</timestamp>
			</report>
			<report>
				<misses>15312001</misses>
				<total>21</total>
				<timestamp>5659.775109</timestamp>
			</report>
			<report>
				<misses>15313001</misses>
				<total>20</total>
				<timestamp>5660.144811</timestamp>
			</report>
			<report>
				<misses>15314001</misses>
				<total>21</total>
				<timestamp>5660.514350</timestamp>
			</report>
			<report>
				<misses>15315001</misses>
				<total>21</total>
				<timestamp>5660.884027</timestamp>
			</report>
			<report>
				<misses>15316001</misses>
				<total>21</total>
				<timestamp>5661.253648</timestamp>
			</report>
			<report>
				<misses>15317001</misses>
				<total>21</total>
				<timestamp>5661.623233</timestamp>
			</report>
			<report>
				<misses>15318001</misses>
				<total>21</total>
				<timestamp>5661.992883</timestamp>
			</report>
			<report>
				<misses>15319001</misses>
				<total>21</total>
				<timestamp>5662.362540</timestamp>
			</report>
			<report>
				<misses>15320001</misses>
				<total>22</total>
				<timestamp>5662.732170</timestamp>
			</report>
			<report>
				<misses>15321001</misses>
				<total>22</total>
				<timestamp>5663.101809</timestamp>
			</report>
			<report>
				<misses>15322001</misses>
				<total>22</total>
				<timestamp>5663.471403</timestamp>
			</report>
			<report>
				<misses>15323001</misses>
				<total>22</total>
				<timestamp>5663.841065</timestamp>
			</report>
			<report>
				<misses>15324001</misses>
				<total>22</total>
				<timestamp>5664.210682</timestamp>
			</report>
			<report>
				<misses>15325001</misses>
				<total>22</total>
				<timestamp>5664.580299</timestamp>
			</report>
			<report>
				<misses>15326001</misses>
				<total>22</total>
				<timestamp>5664.949925</timestamp>
			</report>
			<report>
				<misses>15327001</misses>
				<total>22</total>
				<timestamp>5665.319580</timestamp>
			</report>
			<report>
				<misses>15328001</misses>
				<total>22</total>
				<timestamp>5665.689244</timestamp>
			</report>
			<report>
				<misses>15329001</misses>
				<total>22</total>
				<timestamp>5666.058865</timestamp>
			</report>
			<report>
				<misses>15330001</misses>
				<total>22</total>
				<timestamp>5666.428488</timestamp>
			</report>
			<report>
				<misses>15331001</misses>
				<total>22</total>
				<timestamp>5666.798122</timestamp>
			</report>
			<report>
				<misses>15332001</misses>
				<total>22</total>
				<timestamp>5667.167735</timestamp>
			</report>
			<report>
				<misses>15333001</misses>
				<total>22</total>
				<timestamp>5667.537351</timestamp>
			</report>
			<report>
				<misses>15334001</misses>
				<total>22</total>
				<timestamp>5667.907018</timestamp>
			</report>
			<report>
				<misses>15335001</misses>
				<total>22</total>
				<timestamp>5668.276582</timestamp>
			</report>
			<report>
				<misses>15336001</misses>
				<total>22</total>
				<timestamp>5668.646219</timestamp>
			</report>
			<report>
				<misses>15337001</misses>
				<total>21</total>
				<timestamp>5669.015983</timestamp>
			</report>
			<report>
				<misses>15338001</misses>
				<total>21</total>
				<timestamp>5669.385587</timestamp>
			</report>
			<report>
				<misses>15339001</misses>
				<total>22</total>
				<timestamp>5669.755159</timestamp>
			</report>
			<report>
				<misses>15340001</misses>
				<total>22</total>
				<timestamp>5670.124733</timestamp>
			</report>
			<report>
				<misses>15341001</misses>
				<total>22</total>
				<timestamp>5670.494388</timestamp>
			</report>
			<report>
				<misses>15342001</misses>
				<total>22</total>
				<timestamp>5670.864045</timestamp>
			</report>
			<report>
				<misses>15343001</misses>
				<total>22</total>
				<timestamp>5671.233699</timestamp>
			</report>
			<report>
				<misses>15344001</misses>
				<total>22</total>
				<timestamp>5671.603262</timestamp>
			</report>
			<report>
				<misses>15345001</misses>
				<total>22</total>
				<timestamp>5671.972913</timestamp>
			</report>
			<report>
				<misses>15346001</misses>
				<total>22</total>
				<timestamp>5672.342527</timestamp>
			</report>
			<report>
				<misses>15347001</misses>
				<total>22</total>
				<timestamp>5672.712192</timestamp>
			</report>
			<report>
				<misses>15348001</misses>
				<total>22</total>
				<timestamp>5673.081838</timestamp>
			</report>
			<report>
				<misses>15349001</misses>
				<total>22</total>
				<timestamp>5673.451466</timestamp>
			</report>
			<report>
				<misses>15350001</misses>
				<total>22</total>
				<timestamp>5673.821085</timestamp>
			</report>
			<report>
				<misses>15351001</misses>
				<total>21</total>
				<timestamp>5674.190824</timestamp>
			</report>
			<report>
				<misses>15352001</misses>
				<total>22</total>
				<timestamp>5674.560330</timestamp>
			</report>
			<report>
				<misses>15353001</misses>
				<total>22</total>
				<timestamp>5674.929951</timestamp>
			</report>
			<report>
				<misses>15354001</misses>
				<total>22</total>
				<timestamp>5675.299604</timestamp>
			</report>
			<report>
				<misses>15355001</misses>
				<total>22</total>
				<timestamp>5675.669210</timestamp>
			</report>
			<report>
				<misses>15356001</misses>
				<total>22</total>
				<timestamp>5676.038889</timestamp>
			</report>
			<report>
				<misses>15357001</misses>
				<total>22</total>
				<timestamp>5676.408466</timestamp>
			</report>
			<report>
				<misses>15358001</misses>
				<total>21</total>
				<timestamp>5676.778210</timestamp>
			</report>
			<report>
				<misses>15359001</misses>
				<total>22</total>
				<timestamp>5677.147753</timestamp>
			</report>
			<report>
				<misses>15360001</misses>
				<total>21</total>
				<timestamp>5677.517449</timestamp>
			</report>
			<report>
				<misses>15361001</misses>
				<total>22</total>
				<timestamp>5677.887062</timestamp>
			</report>
			<report>
				<misses>15362001</misses>
				<total>22</total>
				<timestamp>5678.256657</timestamp>
			</report>
			<report>
				<misses>15363001</misses>
				<total>22</total>
				<timestamp>5678.626314</timestamp>
			</report>
			<report>
				<misses>15364001</misses>
				<total>22</total>
				<timestamp>5678.995937</timestamp>
			</report>
			<report>
				<misses>15365001</misses>
				<total>22</total>
				<timestamp>5679.365498</timestamp>
			</report>
			<report>
				<misses>15366001</misses>
				<total>22</total>
				<timestamp>5679.735202</timestamp>
			</report>
			<report>
				<misses>15367001</misses>
				<total>22</total>
				<timestamp>5680.104796</timestamp>
			</report>
			<report>
				<misses>15368001</misses>
				<total>22</total>
				<timestamp>5680.474384</timestamp>
			</report>
			<report>
				<misses>15369001</misses>
				<total>22</total>
				<timestamp>5680.844113</timestamp>
			</report>
			<report>
				<misses>15370001</misses>
				<total>21</total>
				<timestamp>5681.213774</timestamp>
			</report>
			<report>
				<misses>15371001</misses>
				<total>22</total>
				<timestamp>5681.583304</timestamp>
			</report>
			<report>
				<misses>15372001</misses>
				<total>22</total>
				<timestamp>5681.952905</timestamp>
			</report>
			<report>
				<misses>15373001</misses>
				<total>22</total>
				<timestamp>5682.322584</timestamp>
			</report>
			<report>
				<misses>15374001</misses>
				<total>22</total>
				<timestamp>5682.692164</timestamp>
			</report>
			<report>
				<misses>15375001</misses>
				<total>22</total>
				<timestamp>5683.061788</timestamp>
			</report>
			<report>
				<misses>15376001</misses>
				<total>22</total>
				<timestamp>5683.431433</timestamp>
			</report>
			<report>
				<misses>15377001</misses>
				<total>22</total>
				<timestamp>5683.801077</timestamp>
			</report>
			<report>
				<misses>15378001</misses>
				<total>22</total>
				<timestamp>5684.170685</timestamp>
			</report>
			<report>
				<misses>15379001</misses>
				<total>22</total>
				<timestamp>5684.540307</timestamp>
			</report>
			<report>
				<misses>15380001</misses>
				<total>22</total>
				<timestamp>5684.909975</timestamp>
			</report>
			<report>
				<misses>15381001</misses>
				<total>22</total>
				<timestamp>5685.279569</timestamp>
			</report>
			<report>
				<misses>15382001</misses>
				<total>22</total>
				<timestamp>5685.649225</timestamp>
			</report>
			<report>
				<misses>15383001</misses>
				<total>22</total>
				<timestamp>5686.018908</timestamp>
			</report>
			<report>
				<misses>15384001</misses>
				<total>22</total>
				<timestamp>5686.388450</timestamp>
			</report>
			<report>
				<misses>15385001</misses>
				<total>22</total>
				<timestamp>5686.758108</timestamp>
			</report>
			<report>
				<misses>15386001</misses>
				<total>22</total>
				<timestamp>5687.127808</timestamp>
			</report>
			<report>
				<misses>15387001</misses>
				<total>22</total>
				<timestamp>5687.497344</timestamp>
			</report>
			<report>
				<misses>15388001</misses>
				<total>22</total>
				<timestamp>5687.866976</timestamp>
			</report>
			<report>
				<misses>15389001</misses>
				<total>21</total>
				<timestamp>5688.236688</timestamp>
			</report>
			<report>
				<misses>15390001</misses>
				<total>22</total>
				<timestamp>5688.606236</timestamp>
			</report>
			<report>
				<misses>15391001</misses>
				<total>22</total>
				<timestamp>5688.975872</timestamp>
			</report>
			<report>
				<misses>15392001</misses>
				<total>22</total>
				<timestamp>5689.345531</timestamp>
			</report>
			<report>
				<misses>15393001</misses>
				<total>21</total>
				<timestamp>5689.715225</timestamp>
			</report>
			<report>
				<misses>15394001</misses>
				<total>22</total>
				<timestamp>5690.084766</timestamp>
			</report>
			<report>
				<misses>15395001</misses>
				<total>22</total>
				<timestamp>5690.454420</timestamp>
			</report>
			<report>
				<misses>15396001</misses>
				<total>22</total>
				<timestamp>5690.824037</timestamp>
			</report>
			<report>
				<misses>15397001</misses>
				<total>22</total>
				<timestamp>5691.193649</timestamp>
			</report>
			<report>
				<misses>15398001</misses>
				<total>22</total>
				<timestamp>5691.563304</timestamp>
			</report>
			<report>
				<misses>15399001</misses>
				<total>22</total>
				<timestamp>5691.932957</timestamp>
			</report>
			<report>
				<misses>15400001</misses>
				<total>22</total>
				<timestamp>5692.302529</timestamp>
			</report>
			<report>
				<misses>15401001</misses>
				<total>22</total>
				<timestamp>5692.672246</timestamp>
			</report>
			<report>
				<misses>15402001</misses>
				<total>22</total>
				<timestamp>5693.041846</timestamp>
			</report>
			<report>
				<misses>15403001</misses>
				<total>22</total>
				<timestamp>5693.411426</timestamp>
			</report>
			<report>
				<misses>15404001</misses>
				<total>22</total>
				<timestamp>5693.781076</timestamp>
			</report>
			<report>
				<misses>15405001</misses>
				<total>22</total>
				<timestamp>5694.150794</timestamp>
			</report>
			<report>
				<misses>15406001</misses>
				<total>22</total>
				<timestamp>5694.520356</timestamp>
			</report>
			<report>
				<misses>15407001</misses>
				<total>22</total>
				<timestamp>5694.890004</timestamp>
			</report>
			<report>
				<misses>15408001</misses>
				<total>21</total>
				<timestamp>5695.259668</timestamp>
			</report>
			<report>
				<misses>15409001</misses>
				<total>22</total>
				<timestamp>5695.629273</timestamp>
			</report>
			<report>
				<misses>15410001</misses>
				<total>21</total>
				<timestamp>5695.998924</timestamp>
			</report>
			<report>
				<misses>15411001</misses>
				<total>22</total>
				<timestamp>5696.368467</timestamp>
			</report>
			<report>
				<misses>15412001</misses>
				<total>22</total>
				<timestamp>5696.738108</timestamp>
			</report>
			<report>
				<misses>15413001</misses>
				<total>22</total>
				<timestamp>5697.107725</timestamp>
			</report>
			<report>
				<misses>15414001</misses>
				<total>22</total>
				<timestamp>5697.477372</timestamp>
			</report>
			<report>
				<misses>15415001</misses>
				<total>22</total>
				<timestamp>5697.847037</timestamp>
			</report>
			<report>
				<misses>15416001</misses>
				<total>22</total>
				<timestamp>5698.216678</timestamp>
			</report>
			<report>
				<misses>15417001</misses>
				<total>22</total>
				<timestamp>5698.586311</timestamp>
			</report>
			<report>
				<misses>15418001</misses>
				<total>22</total>
				<timestamp>5698.955923</timestamp>
			</report>
			<report>
				<misses>15419001</misses>
				<total>22</total>
				<timestamp>5699.325511</timestamp>
			</report>
			<report>
				<misses>15420001</misses>
				<total>22</total>
				<timestamp>5699.695201</timestamp>
			</report>
			<report>
				<misses>15421001</misses>
				<total>22</total>
				<timestamp>5700.064809</timestamp>
			</report>
			<report>
				<misses>15422001</misses>
				<total>22</total>
				<timestamp>5700.434426</timestamp>
			</report>
			<report>
				<misses>15423001</misses>
				<total>22</total>
				<timestamp>5700.804104</timestamp>
			</report>
			<report>
				<misses>15424001</misses>
				<total>22</total>
				<timestamp>5701.173718</timestamp>
			</report>
			<report>
				<misses>15425001</misses>
				<total>22</total>
				<timestamp>5701.543293</timestamp>
			</report>
			<report>
				<misses>15426001</misses>
				<total>21</total>
				<timestamp>5701.913042</timestamp>
			</report>
			<report>
				<misses>15427001</misses>
				<total>22</total>
				<timestamp>5702.282593</timestamp>
			</report>
			<report>
				<misses>15428001</misses>
				<total>22</total>
				<timestamp>5702.652177</timestamp>
			</report>
			<report>
				<misses>15429001</misses>
				<total>22</total>
				<timestamp>5703.021868</timestamp>
			</report>
			<report>
				<misses>15430001</misses>
				<total>22</total>
				<timestamp>5703.391440</timestamp>
			</report>
			<report>
				<misses>15431001</misses>
				<total>22</total>
				<timestamp>5703.761127</timestamp>
			</report>
			<report>
				<misses>15432001</misses>
				<total>22</total>
				<timestamp>5704.130718</timestamp>
			</report>
			<report>
				<misses>15433001</misses>
				<total>22</total>
				<timestamp>5704.500314</timestamp>
			</report>
			<report>
				<misses>15434001</misses>
				<total>22</total>
				<timestamp>5704.869982</timestamp>
			</report>
			<report>
				<misses>15435001</misses>
				<total>23</total>
				<timestamp>5705.239595</timestamp>
			</report>
			<report>
				<misses>15436001</misses>
				<total>23</total>
				<timestamp>5705.609248</timestamp>
			</report>
			<report>
				<misses>15437001</misses>
				<total>23</total>
				<timestamp>5705.978864</timestamp>
			</report>
			<report>
				<misses>15438001</misses>
				<total>23</total>
				<timestamp>5706.348483</timestamp>
			</report>
			<report>
				<misses>15439001</misses>
				<total>23</total>
				<timestamp>5706.718109</timestamp>
			</report>
			<report>
				<misses>15440001</misses>
				<total>23</total>
				<timestamp>5707.087773</timestamp>
			</report>
			<report>
				<misses>15441001</misses>
				<total>23</total>
				<timestamp>5707.457404</timestamp>
			</report>
			<report>
				<misses>15442001</misses>
				<total>23</total>
				<timestamp>5707.827013</timestamp>
			</report>
			<report>
				<misses>15443001</misses>
				<total>23</total>
				<timestamp>5708.196648</timestamp>
			</report>
			<report>
				<misses>15444001</misses>
				<total>23</total>
				<timestamp>5708.566263</timestamp>
			</report>
			<report>
				<misses>15445001</misses>
				<total>23</total>
				<timestamp>5708.935890</timestamp>
			</report>
			<report>
				<misses>15446001</misses>
				<total>23</total>
				<timestamp>5709.305545</timestamp>
			</report>
			<report>
				<misses>15447001</misses>
				<total>23</total>
				<timestamp>5709.675140</timestamp>
			</report>
			<report>
				<misses>15448001</misses>
				<total>22</total>
				<timestamp>5710.044865</timestamp>
			</report>
			<report>
				<misses>15449001</misses>
				<total>23</total>
				<timestamp>5710.414401</timestamp>
			</report>
			<report>
				<misses>15450001</misses>
				<total>22</total>
				<timestamp>5710.784157</timestamp>
			</report>
			<report>
				<misses>15451001</misses>
				<total>23</total>
				<timestamp>5711.153725</timestamp>
			</report>
			<report>
				<misses>15452001</misses>
				<total>23</total>
				<timestamp>5711.523292</timestamp>
			</report>
			<report>
				<misses>15453001</misses>
				<total>23</total>
				<timestamp>5711.893005</timestamp>
			</report>
			<report>
				<misses>15454001</misses>
				<total>23</total>
				<timestamp>5712.262591</timestamp>
			</report>
			<report>
				<misses>15455001</misses>
				<total>23</total>
				<timestamp>5712.632185</timestamp>
			</report>
			<report>
				<misses>15456001</misses>
				<total>23</total>
				<timestamp>5713.001840</timestamp>
			</report>
			<report>
				<misses>15457001</misses>
				<total>23</total>
				<timestamp>5713.371456</timestamp>
			</report>
			<report>
				<misses>15458001</misses>
				<total>23</total>
				<timestamp>5713.741083</timestamp>
			</report>
			<report>
				<misses>15459001</misses>
				<total>23</total>
				<timestamp>5714.110702</timestamp>
			</report>
			<report>
				<misses>15460001</misses>
				<total>23</total>
				<timestamp>5714.480327</timestamp>
			</report>
			<report>
				<misses>15461001</misses>
				<total>23</total>
				<timestamp>5714.849987</timestamp>
			</report>
			<report>
				<misses>15462001</misses>
				<total>23</total>
				<timestamp>5715.219625</timestamp>
			</report>
			<report>
				<misses>15463001</misses>
				<total>23</total>
				<timestamp>5715.589221</timestamp>
			</report>
			<report>
				<misses>15464001</misses>
				<total>23</total>
				<timestamp>5715.958880</timestamp>
			</report>
			<report>
				<misses>15465001</misses>
				<total>23</total>
				<timestamp>5716.328525</timestamp>
			</report>
			<report>
				<misses>15466001</misses>
				<total>23</total>
				<timestamp>5716.698169</timestamp>
			</report>
			<report>
				<misses>15467001</misses>
				<total>23</total>
				<timestamp>5717.067784</timestamp>
			</report>
			<report>
				<misses>15468001</misses>
				<total>23</total>
				<timestamp>5717.437373</timestamp>
			</report>
			<report>
				<misses>15469001</misses>
				<total>23</total>
				<timestamp>5717.807016</timestamp>
			</report>
			<report>
				<misses>15470001</misses>
				<total>22</total>
				<timestamp>5718.176785</timestamp>
			</report>
			<report>
				<misses>15471001</misses>
				<total>23</total>
				<timestamp>5718.546329</timestamp>
			</report>
			<report>
				<misses>15472001</misses>
				<total>23</total>
				<timestamp>5718.915899</timestamp>
			</report>
			<report>
				<misses>15473001</misses>
				<total>23</total>
				<timestamp>5719.285542</timestamp>
			</report>
			<report>
				<misses>15474001</misses>
				<total>23</total>
				<timestamp>5719.655215</timestamp>
			</report>
			<report>
				<misses>15475001</misses>
				<total>23</total>
				<timestamp>5720.024818</timestamp>
			</report>
			<report>
				<misses>15476001</misses>
				<total>23</total>
				<timestamp>5720.394425</timestamp>
			</report>
			<report>
				<misses>15477001</misses>
				<total>22</total>
				<timestamp>5720.764129</timestamp>
			</report>
			<report>
				<misses>15478001</misses>
				<total>23</total>
				<timestamp>5721.133677</timestamp>
			</report>
			<report>
				<misses>15479001</misses>
				<total>23</total>
				<timestamp>5721.503336</timestamp>
			</report>
			<report>
				<misses>15480001</misses>
				<total>23</total>
				<timestamp>5721.872954</timestamp>
			</report>
			<report>
				<misses>15481001</misses>
				<total>23</total>
				<timestamp>5722.242623</timestamp>
			</report>
			<report>
				<misses>15482001</misses>
				<total>23</total>
				<timestamp>5722.612187</timestamp>
			</report>
			<report>
				<misses>15483001</misses>
				<total>23</total>
				<timestamp>5722.981855</timestamp>
			</report>
			<report>
				<misses>15484001</misses>
				<total>23</total>
				<timestamp>5723.351523</timestamp>
			</report>
			<report>
				<misses>15485001</misses>
				<total>23</total>
				<timestamp>5723.721087</timestamp>
			</report>
			<report>
				<misses>15486001</misses>
				<total>23</total>
				<timestamp>5724.090763</timestamp>
			</report>
			<report>
				<misses>15487001</misses>
				<total>23</total>
				<timestamp>5724.460362</timestamp>
			</report>
			<report>
				<misses>15488001</misses>
				<total>23</total>
				<timestamp>5724.830035</timestamp>
			</report>
			<report>
				<misses>15489001</misses>
				<total>23</total>
				<timestamp>5725.199635</timestamp>
			</report>
			<report>
				<misses>15490001</misses>
				<total>23</total>
				<timestamp>5725.569235</timestamp>
			</report>
			<report>
				<misses>15491001</misses>
				<total>23</total>
				<timestamp>5725.938854</timestamp>
			</report>
			<report>
				<misses>15492001</misses>
				<total>23</total>
				<timestamp>5726.308503</timestamp>
			</report>
			<report>
				<misses>15493001</misses>
				<total>23</total>
				<timestamp>5726.678113</timestamp>
			</report>
			<report>
				<misses>15494001</misses>
				<total>23</total>
				<timestamp>5727.047783</timestamp>
			</report>
			<report>
				<misses>15495001</misses>
				<total>23</total>
				<timestamp>5727.417393</timestamp>
			</report>
			<report>
				<misses>15496001</misses>
				<total>23</total>
				<timestamp>5727.787099</timestamp>
			</report>
			<report>
				<misses>15497001</misses>
				<total>22</total>
				<timestamp>5728.156785</timestamp>
			</report>
			<report>
				<misses>15498001</misses>
				<total>23</total>
				<timestamp>5728.526281</timestamp>
			</report>
			<report>
				<misses>15499001</misses>
				<total>23</total>
				<timestamp>5728.895933</timestamp>
			</report>
			<report>
				<misses>15500001</misses>
				<total>23</total>
				<timestamp>5729.265556</timestamp>
			</report>
			<report>
				<misses>15501001</misses>
				<total>23</total>
				<timestamp>5729.635176</timestamp>
			</report>
			<report>
				<misses>15502001</misses>
				<total>23</total>
				<timestamp>5730.004801</timestamp>
			</report>
			<report>
				<misses>15503001</misses>
				<total>23</total>
				<timestamp>5730.374434</timestamp>
			</report>
			<report>
				<misses>15504001</misses>
				<total>23</total>
				<timestamp>5730.744089</timestamp>
			</report>
			<report>
				<misses>15505001</misses>
				<total>22</total>
				<timestamp>5731.113798</timestamp>
			</report>
			<report>
				<misses>15506001</misses>
				<total>23</total>
				<timestamp>5731.483389</timestamp>
			</report>
			<report>
				<misses>15507001</misses>
				<total>23</total>
				<timestamp>5731.852974</timestamp>
			</report>
			<report>
				<misses>15508001</misses>
				<total>22</total>
				<timestamp>5732.222711</timestamp>
			</report>
			<report>
				<misses>15509001</misses>
				<total>23</total>
				<timestamp>5732.592275</timestamp>
			</report>
			<report>
				<misses>15510001</misses>
				<total>23</total>
				<timestamp>5732.961833</timestamp>
			</report>
			<report>
				<misses>15511001</misses>
				<total>23</total>
				<timestamp>5733.331486</timestamp>
			</report>
			<report>
				<misses>15512001</misses>
				<total>23</total>
				<timestamp>5733.701105</timestamp>
			</report>
			<report>
				<misses>15513001</misses>
				<total>23</total>
				<timestamp>5734.070766</timestamp>
			</report>
			<report>
				<misses>15514001</misses>
				<total>23</total>
				<timestamp>5734.440383</timestamp>
			</report>
			<report>
				<misses>15515001</misses>
				<total>23</total>
				<timestamp>5734.809997</timestamp>
			</report>
			<report>
				<misses>15516001</misses>
				<total>23</total>
				<timestamp>5735.179681</timestamp>
			</report>
			<report>
				<misses>15517001</misses>
				<total>23</total>
				<timestamp>5735.549275</timestamp>
			</report>
			<report>
				<misses>15518001</misses>
				<total>23</total>
				<timestamp>5735.918882</timestamp>
			</report>
			<report>
				<misses>15519001</misses>
				<total>23</total>
				<timestamp>5736.288555</timestamp>
			</report>
			<report>
				<misses>15520001</misses>
				<total>23</total>
				<timestamp>5736.658149</timestamp>
			</report>
			<report>
				<misses>15521001</misses>
				<total>23</total>
				<timestamp>5737.027802</timestamp>
			</report>
			<report>
				<misses>15522001</misses>
				<total>23</total>
				<timestamp>5737.397411</timestamp>
			</report>
			<report>
				<misses>15523001</misses>
				<total>23</total>
				<timestamp>5737.767044</timestamp>
			</report>
			<report>
				<misses>15524001</misses>
				<total>23</total>
				<timestamp>5738.136698</timestamp>
			</report>
			<report>
				<misses>15525001</misses>
				<total>23</total>
				<timestamp>5738.506278</timestamp>
			</report>
			<report>
				<misses>15526001</misses>
				<total>23</total>
				<timestamp>5738.875959</timestamp>
			</report>
			<report>
				<misses>15527001</misses>
				<total>23</total>
				<timestamp>5739.245585</timestamp>
			</report>
			<report>
				<misses>15528001</misses>
				<total>23</total>
				<timestamp>5739.615194</timestamp>
			</report>
			<report>
				<misses>15529001</misses>
				<total>23</total>
				<timestamp>5739.984832</timestamp>
			</report>
			<report>
				<misses>15530001</misses>
				<total>22</total>
				<timestamp>5740.354547</timestamp>
			</report>
			<report>
				<misses>15531001</misses>
				<total>23</total>
				<timestamp>5740.724084</timestamp>
			</report>
			<report>
				<misses>15532001</misses>
				<total>22</total>
				<timestamp>5741.093804</timestamp>
			</report>
			<report>
				<misses>15533001</misses>
				<total>23</total>
				<timestamp>5741.463331</timestamp>
			</report>
			<report>
				<misses>15534001</misses>
				<total>23</total>
				<timestamp>5741.832980</timestamp>
			</report>
			<report>
				<misses>15535001</misses>
				<total>23</total>
				<timestamp>5742.202623</timestamp>
			</report>
			<report>
				<misses>15536001</misses>
				<total>23</total>
				<timestamp>5742.572211</timestamp>
			</report>
			<report>
				<misses>15537001</misses>
				<total>23</total>
				<timestamp>5742.941879</timestamp>
			</report>
			<report>
				<misses>15538001</misses>
				<total>23</total>
				<timestamp>5743.311533</timestamp>
			</report>
			<report>
				<misses>15539001</misses>
				<total>23</total>
				<timestamp>5743.681141</timestamp>
			</report>
			<report>
				<misses>15540001</misses>
				<total>23</total>
				<timestamp>5744.050729</timestamp>
			</report>
			<report>
				<misses>15541001</misses>
				<total>23</total>
				<timestamp>5744.420423</timestamp>
			</report>
			<report>
				<misses>15542001</misses>
				<total>23</total>
				<timestamp>5744.790046</timestamp>
			</report>
			<report>
				<misses>15543001</misses>
				<total>22</total>
				<timestamp>5745.159735</timestamp>
			</report>
			<report>
				<misses>15544001</misses>
				<total>23</total>
				<timestamp>5745.529253</timestamp>
			</report>
			<report>
				<misses>15545001</misses>
				<total>23</total>
				<timestamp>5745.898939</timestamp>
			</report>
			<report>
				<misses>15546001</misses>
				<total>23</total>
				<timestamp>5746.268519</timestamp>
			</report>
			<report>
				<misses>15547001</misses>
				<total>23</total>
				<timestamp>5746.638159</timestamp>
			</report>
			<report>
				<misses>15548001</misses>
				<total>22</total>
				<timestamp>5747.007882</timestamp>
			</report>
			<report>
				<misses>15549001</misses>
				<total>23</total>
				<timestamp>5747.377496</timestamp>
			</report>
			<report>
				<misses>15550001</misses>
				<total>23</total>
				<timestamp>5747.747043</timestamp>
			</report>
			<report>
				<misses>15551001</misses>
				<total>23</total>
				<timestamp>5748.116730</timestamp>
			</report>
			<report>
				<misses>15552001</misses>
				<total>23</total>
				<timestamp>5748.486311</timestamp>
			</report>
			<report>
				<misses>15553001</misses>
				<total>23</total>
				<timestamp>5748.855959</timestamp>
			</report>
			<report>
				<misses>15554001</misses>
				<total>23</total>
				<timestamp>5749.225605</timestamp>
			</report>
			<report>
				<misses>15555001</misses>
				<total>23</total>
				<timestamp>5749.595199</timestamp>
			</report>
			<report>
				<misses>15556001</misses>
				<total>22</total>
				<timestamp>5749.964946</timestamp>
			</report>
			<report>
				<misses>15557001</misses>
				<total>23</total>
				<timestamp>5750.334561</timestamp>
			</report>
			<report>
				<misses>15558001</misses>
				<total>23</total>
				<timestamp>5750.704086</timestamp>
			</report>
			<report>
				<misses>15559001</misses>
				<total>23</total>
				<timestamp>5751.073717</timestamp>
			</report>
			<report>
				<misses>15560001</misses>
				<total>23</total>
				<timestamp>5751.443390</timestamp>
			</report>
			<report>
				<misses>15561001</misses>
				<total>23</total>
				<timestamp>5751.812988</timestamp>
			</report>
			<report>
				<misses>15562001</misses>
				<total>23</total>
				<timestamp>5752.182605</timestamp>
			</report>
			<report>
				<misses>15563001</misses>
				<total>23</total>
				<timestamp>5752.552257</timestamp>
			</report>
			<report>
				<misses>15564001</misses>
				<total>23</total>
				<timestamp>5752.921874</timestamp>
			</report>
			<report>
				<misses>15565001</misses>
				<total>23</total>
				<timestamp>5753.291572</timestamp>
			</report>
			<report>
				<misses>15566001</misses>
				<total>23</total>
				<timestamp>5753.661141</timestamp>
			</report>
			<report>
				<misses>15567001</misses>
				<total>23</total>
				<timestamp>5754.030752</timestamp>
			</report>
			<report>
				<misses>15568001</misses>
				<total>23</total>
				<timestamp>5754.400394</timestamp>
			</report>
			<report>
				<misses>15569001</misses>
				<total>23</total>
				<timestamp>5754.770042</timestamp>
			</report>
			<report>
				<misses>15570001</misses>
				<total>23</total>
				<timestamp>5755.139655</timestamp>
			</report>
			<report>
				<misses>15571001</misses>
				<total>23</total>
				<timestamp>5755.509367</timestamp>
			</report>
			<report>
				<misses>15572001</misses>
				<total>22</total>
				<timestamp>5755.879024</timestamp>
			</report>
			<report>
				<misses>15573001</misses>
				<total>23</total>
				<timestamp>5756.248590</timestamp>
			</report>
			<report>
				<misses>15574001</misses>
				<total>23</total>
				<timestamp>5756.618223</timestamp>
			</report>
			<report>
				<misses>15575001</misses>
				<total>23</total>
				<timestamp>5756.987811</timestamp>
			</report>
			<report>
				<misses>15576001</misses>
				<total>23</total>
				<timestamp>5757.357540</timestamp>
			</report>
			<report>
				<misses>15577001</misses>
				<total>23</total>
				<timestamp>5757.727068</timestamp>
			</report>
			<report>
				<misses>15578001</misses>
				<total>23</total>
				<timestamp>5758.096699</timestamp>
			</report>
			<report>
				<misses>15579001</misses>
				<total>23</total>
				<timestamp>5758.466381</timestamp>
			</report>
			<report>
				<misses>15580001</misses>
				<total>23</total>
				<timestamp>5758.836004</timestamp>
			</report>
			<report>
				<misses>15581001</misses>
				<total>23</total>
				<timestamp>5759.205581</timestamp>
			</report>
			<report>
				<misses>15582001</misses>
				<total>23</total>
				<timestamp>5759.575201</timestamp>
			</report>
			<report>
				<misses>15583001</misses>
				<total>23</total>
				<timestamp>5759.944822</timestamp>
			</report>
			<report>
				<misses>15584001</misses>
				<total>23</total>
				<timestamp>5760.314565</timestamp>
			</report>
			<report>
				<misses>15585001</misses>
				<total>22</total>
				<timestamp>5760.684213</timestamp>
			</report>
			<report>
				<misses>15586001</misses>
				<total>23</total>
				<timestamp>5761.053712</timestamp>
			</report>
			<report>
				<misses>15587001</misses>
				<total>23</total>
				<timestamp>5761.423368</timestamp>
			</report>
			<report>
				<misses>15588001</misses>
				<total>23</total>
				<timestamp>5761.793002</timestamp>
			</report>
			<report>
				<misses>15589001</misses>
				<total>23</total>
				<timestamp>5762.162598</timestamp>
			</report>
			<report>
				<misses>15590001</misses>
				<total>23</total>
				<timestamp>5762.532296</timestamp>
			</report>
			<report>
				<misses>15591001</misses>
				<total>23</total>
				<timestamp>5762.901927</timestamp>
			</report>
			<report>
				<misses>15592001</misses>
				<total>23</total>
				<timestamp>5763.271520</timestamp>
			</report>
			<report>
				<misses>15593001</misses>
				<total>23</total>
				<timestamp>5763.641179</timestamp>
			</report>
			<report>
				<misses>15594001</misses>
				<total>23</total>
				<timestamp>5764.010806</timestamp>
			</report>
			<report>
				<misses>15595001</misses>
				<total>23</total>
				<timestamp>5764.380416</timestamp>
			</report>
			<report>
				<misses>15596001</misses>
				<total>23</total>
				<timestamp>5764.750100</timestamp>
			</report>
			<report>
				<misses>15597001</misses>
				<total>23</total>
				<timestamp>5765.119714</timestamp>
			</report>
			<report>
				<misses>15598001</misses>
				<total>23</total>
				<timestamp>5765.489346</timestamp>
			</report>
			<report>
				<misses>15599001</misses>
				<total>22</total>
				<timestamp>5765.859045</timestamp>
			</report>
			<report>
				<misses>15600001</misses>
				<total>23</total>
				<timestamp>5766.228592</timestamp>
			</report>
			<report>
				<misses>15601001</misses>
				<total>23</total>
				<timestamp>5766.598233</timestamp>
			</report>
			<report>
				<misses>15602001</misses>
				<total>23</total>
				<timestamp>5766.967809</timestamp>
			</report>
			<report>
				<misses>15603001</misses>
				<total>23</total>
				<timestamp>5767.337449</timestamp>
			</report>
			<report>
				<misses>15604001</misses>
				<total>22</total>
				<timestamp>5767.707142</timestamp>
			</report>
			<report>
				<misses>15605001</misses>
				<total>23</total>
				<timestamp>5768.076685</timestamp>
			</report>
			<report>
				<misses>15606001</misses>
				<total>23</total>
				<timestamp>5768.446440</timestamp>
			</report>
			<report>
				<misses>15607001</misses>
				<total>23</total>
				<timestamp>5768.815956</timestamp>
			</report>
			<report>
				<misses>15608001</misses>
				<total>23</total>
				<timestamp>5769.185600</timestamp>
			</report>
			<report>
				<misses>15609001</misses>
				<total>23</total>
				<timestamp>5769.555226</timestamp>
			</report>
			<report>
				<misses>15610001</misses>
				<total>23</total>
				<timestamp>5769.924832</timestamp>
			</report>
			<report>
				<misses>15611001</misses>
				<total>23</total>
				<timestamp>5770.294465</timestamp>
			</report>
			<report>
				<misses>15612001</misses>
				<total>23</total>
				<timestamp>5770.664100</timestamp>
			</report>
			<report>
				<misses>15613001</misses>
				<total>22</total>
				<timestamp>5771.033813</timestamp>
			</report>
			<report>
				<misses>15614001</misses>
				<total>23</total>
				<timestamp>5771.403413</timestamp>
			</report>
			<report>
				<misses>15615001</misses>
				<total>23</total>
				<timestamp>5771.773005</timestamp>
			</report>
			<report>
				<misses>15616001</misses>
				<total>23</total>
				<timestamp>5772.142612</timestamp>
			</report>
			<report>
				<misses>15617001</misses>
				<total>22</total>
				<timestamp>5772.512350</timestamp>
			</report>
			<report>
				<misses>15618001</misses>
				<total>23</total>
				<timestamp>5772.881889</timestamp>
			</report>
			<report>
				<misses>15619001</misses>
				<total>23</total>
				<timestamp>5773.251507</timestamp>
			</report>
			<report>
				<misses>15620001</misses>
				<total>23</total>
				<timestamp>5773.621139</timestamp>
			</report>
			<report>
				<misses>15621001</misses>
				<total>23</total>
				<timestamp>5773.990760</timestamp>
			</report>
			<report>
				<misses>15622001</misses>
				<total>23</total>
				<timestamp>5774.360457</timestamp>
			</report>
			<report>
				<misses>15623001</misses>
				<total>23</total>
				<timestamp>5774.730027</timestamp>
			</report>
			<report>
				<misses>15624001</misses>
				<total>23</total>
				<timestamp>5775.099714</timestamp>
			</report>
			<report>
				<misses>15625001</misses>
				<total>23</total>
				<timestamp>5775.469357</timestamp>
			</report>
			<report>
				<misses>15626001</misses>
				<total>23</total>
				<timestamp>5775.838944</timestamp>
			</report>
			<report>
				<misses>15627001</misses>
				<total>23</total>
				<timestamp>5776.208616</timestamp>
			</report>
			<report>
				<misses>15628001</misses>
				<total>23</total>
				<timestamp>5776.578183</timestamp>
			</report>
			<report>
				<misses>15629001</misses>
				<total>23</total>
				<timestamp>5776.947813</timestamp>
			</report>
			<report>
				<misses>15630001</misses>
				<total>23</total>
				<timestamp>5777.317450</timestamp>
			</report>
			<report>
				<misses>15631001</misses>
				<total>22</total>
				<timestamp>5777.687186</timestamp>
			</report>
			<report>
				<misses>15632001</misses>
				<total>23</total>
				<timestamp>5778.056690</timestamp>
			</report>
			<report>
				<misses>15633001</misses>
				<total>23</total>
				<timestamp>5778.426347</timestamp>
			</report>
			<report>
				<misses>15634001</misses>
				<total>23</total>
				<timestamp>5778.795964</timestamp>
			</report>
			<report>
				<misses>15635001</misses>
				<total>23</total>
				<timestamp>5779.165585</timestamp>
			</report>
			<report>
				<misses>15636001</misses>
				<total>23</total>
				<timestamp>5779.535321</timestamp>
			</report>
			<report>
				<misses>15637001</misses>
				<total>23</total>
				<timestamp>5779.904854</timestamp>
			</report>
			<report>
				<misses>15638001</misses>
				<total>23</total>
				<timestamp>5780.274492</timestamp>
			</report>
			<report>
				<misses>15639001</misses>
				<total>23</total>
				<timestamp>5780.644199</timestamp>
			</report>
			<report>
				<misses>15640001</misses>
				<total>23</total>
				<timestamp>5781.013744</timestamp>
			</report>
			<report>
				<misses>15641001</misses>
				<total>23</total>
				<timestamp>5781.383438</timestamp>
			</report>
			<report>
				<misses>15642001</misses>
				<total>23</total>
				<timestamp>5781.753007</timestamp>
			</report>
			<report>
				<misses>15643001</misses>
				<total>22</total>
				<timestamp>5782.122743</timestamp>
			</report>
			<report>
				<misses>15644001</misses>
				<total>23</total>
				<timestamp>5782.492347</timestamp>
			</report>
			<report>
				<misses>15645001</misses>
				<total>23</total>
				<timestamp>5782.861893</timestamp>
			</report>
			<report>
				<misses>15646001</misses>
				<total>22</total>
				<timestamp>5783.231628</timestamp>
			</report>
			<report>
				<misses>15647001</misses>
				<total>23</total>
				<timestamp>5783.601185</timestamp>
			</report>
			<report>
				<misses>15648001</misses>
				<total>23</total>
				<timestamp>5783.970806</timestamp>
			</report>
			<report>
				<misses>15649001</misses>
				<total>22</total>
				<timestamp>5784.340536</timestamp>
			</report>
			<report>
				<misses>15650001</misses>
				<total>23</total>
				<timestamp>5784.710066</timestamp>
			</report>
			<report>
				<misses>15651001</misses>
				<total>23</total>
				<timestamp>5785.079726</timestamp>
			</report>
			<report>
				<misses>15652001</misses>
				<total>23</total>
				<timestamp>5785.449341</timestamp>
			</report>
			<report>
				<misses>15653001</misses>
				<total>23</total>
				<timestamp>5785.818924</timestamp>
			</report>
			<report>
				<misses>15654001</misses>
				<total>23</total>
				<timestamp>5786.188610</timestamp>
			</report>
			<report>
				<misses>15655001</misses>
				<total>23</total>
				<timestamp>5786.558261</timestamp>
			</report>
			<report>
				<misses>15656001</misses>
				<total>23</total>
				<timestamp>5786.927818</timestamp>
			</report>
			<report>
				<misses>15657001</misses>
				<total>23</total>
				<timestamp>5787.297509</timestamp>
			</report>
			<report>
				<misses>15658001</misses>
				<total>23</total>
				<timestamp>5787.667128</timestamp>
			</report>
			<report>
				<misses>15659001</misses>
				<total>23</total>
				<timestamp>5788.036790</timestamp>
			</report>
			<report>
				<misses>15660001</misses>
				<total>23</total>
				<timestamp>5788.406364</timestamp>
			</report>
			<report>
				<misses>15661001</misses>
				<total>23</total>
				<timestamp>5788.775993</timestamp>
			</report>
			<report>
				<misses>15662001</misses>
				<total>23</total>
				<timestamp>5789.145647</timestamp>
			</report>
			<report>
				<misses>15663001</misses>
				<total>23</total>
				<timestamp>5789.515245</timestamp>
			</report>
			<report>
				<misses>15664001</misses>
				<total>23</total>
				<timestamp>5789.884890</timestamp>
			</report>
			<report>
				<misses>15665001</misses>
				<total>23</total>
				<timestamp>5790.254490</timestamp>
			</report>
			<report>
				<misses>15666001</misses>
				<total>23</total>
				<timestamp>5790.624163</timestamp>
			</report>
			<report>
				<misses>15667001</misses>
				<total>23</total>
				<timestamp>5790.993737</timestamp>
			</report>
			<report>
				<misses>15668001</misses>
				<total>23</total>
				<timestamp>5791.363371</timestamp>
			</report>
			<report>
				<misses>15669001</misses>
				<total>23</total>
				<timestamp>5791.733077</timestamp>
			</report>
			<report>
				<misses>15670001</misses>
				<total>23</total>
				<timestamp>5792.102623</timestamp>
			</report>
			<report>
				<misses>15671001</misses>
				<total>23</total>
				<timestamp>5792.472347</timestamp>
			</report>
			<report>
				<misses>15672001</misses>
				<total>23</total>
				<timestamp>5792.841883</timestamp>
			</report>
			<report>
				<misses>15673001</misses>
				<total>23</total>
				<timestamp>5793.211532</timestamp>
			</report>
			<report>
				<misses>15674001</misses>
				<total>23</total>
				<timestamp>5793.581221</timestamp>
			</report>
			<report>
				<misses>15675001</misses>
				<total>23</total>
				<timestamp>5793.950797</timestamp>
			</report>
			<report>
				<misses>15676001</misses>
				<total>23</total>
				<timestamp>5794.320425</timestamp>
			</report>
			<report>
				<misses>15677001</misses>
				<total>23</total>
				<timestamp>5794.690084</timestamp>
			</report>
			<report>
				<misses>15678001</misses>
				<total>23</total>
				<timestamp>5795.059754</timestamp>
			</report>
			<report>
				<misses>15679001</misses>
				<total>23</total>
				<timestamp>5795.429339</timestamp>
			</report>
			<report>
				<misses>15680001</misses>
				<total>23</total>
				<timestamp>5795.798952</timestamp>
			</report>
			<report>
				<misses>15681001</misses>
				<total>23</total>
				<timestamp>5796.168608</timestamp>
			</report>
			<report>
				<misses>15682001</misses>
				<total>23</total>
				<timestamp>5796.538198</timestamp>
			</report>
			<report>
				<misses>15683001</misses>
				<total>22</total>
				<timestamp>5796.907930</timestamp>
			</report>
			<report>
				<misses>15684001</misses>
				<total>23</total>
				<timestamp>5797.277483</timestamp>
			</report>
			<report>
				<misses>15685001</misses>
				<total>23</total>
				<timestamp>5797.647120</timestamp>
			</report>
			<report>
				<misses>15686001</misses>
				<total>23</total>
				<timestamp>5798.016761</timestamp>
			</report>
			<report>
				<misses>15687001</misses>
				<total>23</total>
				<timestamp>5798.386382</timestamp>
			</report>
			<report>
				<misses>15688001</misses>
				<total>23</total>
				<timestamp>5798.756042</timestamp>
			</report>
			<report>
				<misses>15689001</misses>
				<total>23</total>
				<timestamp>5799.125645</timestamp>
			</report>
			<report>
				<misses>15690001</misses>
				<total>23</total>
				<timestamp>5799.495289</timestamp>
			</report>
			<report>
				<misses>15691001</misses>
				<total>23</total>
				<timestamp>5799.864887</timestamp>
			</report>
			<report>
				<misses>15692001</misses>
				<total>23</total>
				<timestamp>5800.234498</timestamp>
			</report>
			<report>
				<misses>15693001</misses>
				<total>23</total>
				<timestamp>5800.604190</timestamp>
			</report>
			<report>
				<misses>15694001</misses>
				<total>23</total>
				<timestamp>5800.973761</timestamp>
			</report>
			<report>
				<misses>15695001</misses>
				<total>23</total>
				<timestamp>5801.343454</timestamp>
			</report>
			<report>
				<misses>15696001</misses>
				<total>23</total>
				<timestamp>5801.713047</timestamp>
			</report>
			<report>
				<misses>15697001</misses>
				<total>23</total>
				<timestamp>5802.082660</timestamp>
			</report>
			<report>
				<misses>15698001</misses>
				<total>23</total>
				<timestamp>5802.452295</timestamp>
			</report>
			<report>
				<misses>15699001</misses>
				<total>24</total>
				<timestamp>5802.821945</timestamp>
			</report>
			<report>
				<misses>15700001</misses>
				<total>24</total>
				<timestamp>5803.191552</timestamp>
			</report>
			<report>
				<misses>15701001</misses>
				<total>24</total>
				<timestamp>5803.561207</timestamp>
			</report>
			<report>
				<misses>15702001</misses>
				<total>25</total>
				<timestamp>5803.930798</timestamp>
			</report>
			<report>
				<misses>15703001</misses>
				<total>25</total>
				<timestamp>5804.300459</timestamp>
			</report>
			<report>
				<misses>15704001</misses>
				<total>25</total>
				<timestamp>5804.670042</timestamp>
			</report>
			<report>
				<misses>15705001</misses>
				<total>24</total>
				<timestamp>5805.039796</timestamp>
			</report>
			<report>
				<misses>15706001</misses>
				<total>25</total>
				<timestamp>5805.409316</timestamp>
			</report>
			<report>
				<misses>15707001</misses>
				<total>25</total>
				<timestamp>5805.778935</timestamp>
			</report>
			<report>
				<misses>15708001</misses>
				<total>25</total>
				<timestamp>5806.148613</timestamp>
			</report>
			<report>
				<misses>15709001</misses>
				<total>25</total>
				<timestamp>5806.518273</timestamp>
			</report>
			<report>
				<misses>15710001</misses>
				<total>25</total>
				<timestamp>5806.887834</timestamp>
			</report>
			<report>
				<misses>15711001</misses>
				<total>25</total>
				<timestamp>5807.257544</timestamp>
			</report>
			<report>
				<misses>15712001</misses>
				<total>25</total>
				<timestamp>5807.627126</timestamp>
			</report>
			<report>
				<misses>15713001</misses>
				<total>25</total>
				<timestamp>5807.996739</timestamp>
			</report>
			<report>
				<misses>15714001</misses>
				<total>25</total>
				<timestamp>5808.366353</timestamp>
			</report>
			<report>
				<misses>15715001</misses>
				<total>25</total>
				<timestamp>5808.736037</timestamp>
			</report>
			<report>
				<misses>15716001</misses>
				<total>25</total>
				<timestamp>5809.105675</timestamp>
			</report>
			<report>
				<misses>15717001</misses>
				<total>25</total>
				<timestamp>5809.475296</timestamp>
			</report>
			<report>
				<misses>15718001</misses>
				<total>25</total>
				<timestamp>5809.844927</timestamp>
			</report>
			<report>
				<misses>15719001</misses>
				<total>24</total>
				<timestamp>5810.214610</timestamp>
			</report>
			<report>
				<misses>15720001</misses>
				<total>25</total>
				<timestamp>5810.584156</timestamp>
			</report>
			<report>
				<misses>15721001</misses>
				<total>25</total>
				<timestamp>5810.953829</timestamp>
			</report>
			<report>
				<misses>15722001</misses>
				<total>25</total>
				<timestamp>5811.323428</timestamp>
			</report>
			<report>
				<misses>15723001</misses>
				<total>25</total>
				<timestamp>5811.693073</timestamp>
			</report>
			<report>
				<misses>15724001</misses>
				<total>25</total>
				<timestamp>5812.062682</timestamp>
			</report>
			<report>
				<misses>15725001</misses>
				<total>25</total>
				<timestamp>5812.432358</timestamp>
			</report>
			<report>
				<misses>15726001</misses>
				<total>24</total>
				<timestamp>5812.802066</timestamp>
			</report>
			<report>
				<misses>15727001</misses>
				<total>25</total>
				<timestamp>5813.171543</timestamp>
			</report>
			<report>
				<misses>15728001</misses>
				<total>25</total>
				<timestamp>5813.541236</timestamp>
			</report>
			<report>
				<misses>15729001</misses>
				<total>25</total>
				<timestamp>5813.910813</timestamp>
			</report>
			<report>
				<misses>15730001</misses>
				<total>25</total>
				<timestamp>5814.280439</timestamp>
			</report>
			<report>
				<misses>15731001</misses>
				<total>25</total>
				<timestamp>5814.650090</timestamp>
			</report>
			<report>
				<misses>15732001</misses>
				<total>25</total>
				<timestamp>5815.019735</timestamp>
			</report>
			<report>
				<misses>15733001</misses>
				<total>25</total>
				<timestamp>5815.389361</timestamp>
			</report>
			<report>
				<misses>15734001</misses>
				<total>25</total>
				<timestamp>5815.759053</timestamp>
			</report>
			<report>
				<misses>15735001</misses>
				<total>25</total>
				<timestamp>5816.128589</timestamp>
			</report>
			<report>
				<misses>15736001</misses>
				<total>25</total>
				<timestamp>5816.498232</timestamp>
			</report>
			<report>
				<misses>15737001</misses>
				<total>25</total>
				<timestamp>5816.867848</timestamp>
			</report>
			<report>
				<misses>15738001</misses>
				<total>25</total>
				<timestamp>5817.237474</timestamp>
			</report>
			<report>
				<misses>15739001</misses>
				<total>25</total>
				<timestamp>5817.607148</timestamp>
			</report>
			<report>
				<misses>15740001</misses>
				<total>25</total>
				<timestamp>5817.976777</timestamp>
			</report>
			<report>
				<misses>15741001</misses>
				<total>25</total>
				<timestamp>5818.346371</timestamp>
			</report>
			<report>
				<misses>15742001</misses>
				<total>25</total>
				<timestamp>5818.716052</timestamp>
			</report>
			<report>
				<misses>15743001</misses>
				<total>25</total>
				<timestamp>5819.085642</timestamp>
			</report>
			<report>
				<misses>15744001</misses>
				<total>25</total>
				<timestamp>5819.455271</timestamp>
			</report>
			<report>
				<misses>15745001</misses>
				<total>25</total>
				<timestamp>5819.824897</timestamp>
			</report>
			<report>
				<misses>15746001</misses>
				<total>24</total>
				<timestamp>5820.194613</timestamp>
			</report>
			<report>
				<misses>15747001</misses>
				<total>25</total>
				<timestamp>5820.564220</timestamp>
			</report>
			<report>
				<misses>15748001</misses>
				<total>24</total>
				<timestamp>5820.933890</timestamp>
			</report>
			<report>
				<misses>15749001</misses>
				<total>25</total>
				<timestamp>5821.303431</timestamp>
			</report>
			<report>
				<misses>15750001</misses>
				<total>25</total>
				<timestamp>5821.673082</timestamp>
			</report>
			<report>
				<misses>15751001</misses>
				<total>25</total>
				<timestamp>5822.042677</timestamp>
			</report>
			<report>
				<misses>15752001</misses>
				<total>24</total>
				<timestamp>5822.412434</timestamp>
			</report>
			<report>
				<misses>15753001</misses>
				<total>25</total>
				<timestamp>5822.782031</timestamp>
			</report>
			<report>
				<misses>15754001</misses>
				<total>25</total>
				<timestamp>5823.151572</timestamp>
			</report>
			<report>
				<misses>15755001</misses>
				<total>25</total>
				<timestamp>5823.521240</timestamp>
			</report>
			<report>
				<misses>15756001</misses>
				<total>25</total>
				<timestamp>5823.890837</timestamp>
			</report>
			<report>
				<misses>15757001</misses>
				<total>25</total>
				<timestamp>5824.260499</timestamp>
			</report>
			<report>
				<misses>15758001</misses>
				<total>25</total>
				<timestamp>5824.630107</timestamp>
			</report>
			<report>
				<misses>15759001</misses>
				<total>25</total>
				<timestamp>5824.999784</timestamp>
			</report>
			<report>
				<misses>15760001</misses>
				<total>25</total>
				<timestamp>5825.369437</timestamp>
			</report>
			<report>
				<misses>15761001</misses>
				<total>25</total>
				<timestamp>5825.739005</timestamp>
			</report>
			<report>
				<misses>15762001</misses>
				<total>25</total>
				<timestamp>5826.108620</timestamp>
			</report>
			<report>
				<misses>15763001</misses>
				<total>25</total>
				<timestamp>5826.478283</timestamp>
			</report>
			<report>
				<misses>15764001</misses>
				<total>25</total>
				<timestamp>5826.847923</timestamp>
			</report>
			<report>
				<misses>15765001</misses>
				<total>25</total>
				<timestamp>5827.217496</timestamp>
			</report>
			<report>
				<misses>15766001</misses>
				<total>25</total>
				<timestamp>5827.587186</timestamp>
			</report>
			<report>
				<misses>15767001</misses>
				<total>25</total>
				<timestamp>5827.956770</timestamp>
			</report>
			<report>
				<misses>15768001</misses>
				<total>25</total>
				<timestamp>5828.326382</timestamp>
			</report>
			<report>
				<misses>15769001</misses>
				<total>25</total>
				<timestamp>5828.696092</timestamp>
			</report>
			<report>
				<misses>15770001</misses>
				<total>25</total>
				<timestamp>5829.065642</timestamp>
			</report>
			<report>
				<misses>15771001</misses>
				<total>25</total>
				<timestamp>5829.435305</timestamp>
			</report>
			<report>
				<misses>15772001</misses>
				<total>25</total>
				<timestamp>5829.805004</timestamp>
			</report>
			<report>
				<misses>15773001</misses>
				<total>25</total>
				<timestamp>5830.174575</timestamp>
			</report>
			<report>
				<misses>15774001</misses>
				<total>25</total>
				<timestamp>5830.544223</timestamp>
			</report>
			<report>
				<misses>15775001</misses>
				<total>25</total>
				<timestamp>5830.913845</timestamp>
			</report>
			<report>
				<misses>15776001</misses>
				<total>25</total>
				<timestamp>5831.283435</timestamp>
			</report>
			<report>
				<misses>15777001</misses>
				<total>25</total>
				<timestamp>5831.653113</timestamp>
			</report>
			<report>
				<misses>15778001</misses>
				<total>25</total>
				<timestamp>5832.022702</timestamp>
			</report>
			<report>
				<misses>15779001</misses>
				<total>25</total>
				<timestamp>5832.392324</timestamp>
			</report>
			<report>
				<misses>15780001</misses>
				<total>25</total>
				<timestamp>5832.762007</timestamp>
			</report>
			<report>
				<misses>15781001</misses>
				<total>25</total>
				<timestamp>5833.131567</timestamp>
			</report>
			<report>
				<misses>15782001</misses>
				<total>25</total>
				<timestamp>5833.501197</timestamp>
			</report>
			<report>
				<misses>15783001</misses>
				<total>25</total>
				<timestamp>5833.870824</timestamp>
			</report>
			<report>
				<misses>15784001</misses>
				<total>25</total>
				<timestamp>5834.240521</timestamp>
			</report>
			<report>
				<misses>15785001</misses>
				<total>25</total>
				<timestamp>5834.610102</timestamp>
			</report>
			<report>
				<misses>15786001</misses>
				<total>25</total>
				<timestamp>5834.979748</timestamp>
			</report>
			<report>
				<misses>15787001</misses>
				<total>25</total>
				<timestamp>5835.349356</timestamp>
			</report>
			<report>
				<misses>15788001</misses>
				<total>25</total>
				<timestamp>5835.719066</timestamp>
			</report>
			<report>
				<misses>15789001</misses>
				<total>25</total>
				<timestamp>5836.088638</timestamp>
			</report>
			<report>
				<misses>15790001</misses>
				<total>25</total>
				<timestamp>5836.458313</timestamp>
			</report>
			<report>
				<misses>15791001</misses>
				<total>25</total>
				<timestamp>5836.827916</timestamp>
			</report>
			<report>
				<misses>15792001</misses>
				<total>25</total>
				<timestamp>5837.197507</timestamp>
			</report>
			<report>
				<misses>15793001</misses>
				<total>25</total>
				<timestamp>5837.567163</timestamp>
			</report>
			<report>
				<misses>15794001</misses>
				<total>25</total>
				<timestamp>5837.936747</timestamp>
			</report>
			<report>
				<misses>15795001</misses>
				<total>25</total>
				<timestamp>5838.306402</timestamp>
			</report>
			<report>
				<misses>15796001</misses>
				<total>25</total>
				<timestamp>5838.676048</timestamp>
			</report>
			<report>
				<misses>15797001</misses>
				<total>25</total>
				<timestamp>5839.045640</timestamp>
			</report>
			<report>
				<misses>15798001</misses>
				<total>24</total>
				<timestamp>5839.415384</timestamp>
			</report>
			<report>
				<misses>15799001</misses>
				<total>25</total>
				<timestamp>5839.784915</timestamp>
			</report>
			<report>
				<misses>15800001</misses>
				<total>25</total>
				<timestamp>5840.154528</timestamp>
			</report>
			<report>
				<misses>15801001</misses>
				<total>24</total>
				<timestamp>5840.524268</timestamp>
			</report>
			<report>
				<misses>15802001</misses>
				<total>25</total>
				<timestamp>5840.893842</timestamp>
			</report>
			<report>
				<misses>15803001</misses>
				<total>25</total>
				<timestamp>5841.263456</timestamp>
			</report>
			<report>
				<misses>15804001</misses>
				<total>25</total>
				<timestamp>5841.633097</timestamp>
			</report>
			<report>
				<misses>15805001</misses>
				<total>25</total>
				<timestamp>5842.002680</timestamp>
			</report>
			<report>
				<misses>15806001</misses>
				<total>24</total>
				<timestamp>5842.372421</timestamp>
			</report>
			<report>
				<misses>15807001</misses>
				<total>25</total>
				<timestamp>5842.741946</timestamp>
			</report>
			<report>
				<misses>15808001</misses>
				<total>25</total>
				<timestamp>5843.111580</timestamp>
			</report>
			<report>
				<misses>15809001</misses>
				<total>25</total>
				<timestamp>5843.481215</timestamp>
			</report>
			<report>
				<misses>15810001</misses>
				<total>25</total>
				<timestamp>5843.850900</timestamp>
			</report>
			<report>
				<misses>15811001</misses>
				<total>24</total>
				<timestamp>5844.220598</timestamp>
			</report>
			<report>
				<misses>15812001</misses>
				<total>25</total>
				<timestamp>5844.590156</timestamp>
			</report>
			<report>
				<misses>15813001</misses>
				<total>25</total>
				<timestamp>5844.959770</timestamp>
			</report>
			<report>
				<misses>15814001</misses>
				<total>25</total>
				<timestamp>5845.329404</timestamp>
			</report>
			<report>
				<misses>15815001</misses>
				<total>25</total>
				<timestamp>5845.699028</timestamp>
			</report>
			<report>
				<misses>15816001</misses>
				<total>25</total>
				<timestamp>5846.068609</timestamp>
			</report>
			<report>
				<misses>15817001</misses>
				<total>25</total>
				<timestamp>5846.438276</timestamp>
			</report>
			<report>
				<misses>15818001</misses>
				<total>25</total>
				<timestamp>5846.807912</timestamp>
			</report>
			<report>
				<misses>15819001</misses>
				<total>24</total>
				<timestamp>5847.177590</timestamp>
			</report>
			<report>
				<misses>15820001</misses>
				<total>25</total>
				<timestamp>5847.547139</timestamp>
			</report>
			<report>
				<misses>15821001</misses>
				<total>25</total>
				<timestamp>5847.916789</timestamp>
			</report>
			<report>
				<misses>15822001</misses>
				<total>25</total>
				<timestamp>5848.286457</timestamp>
			</report>
			<report>
				<misses>15823001</misses>
				<total>25</total>
				<timestamp>5848.656071</timestamp>
			</report>
			<report>
				<misses>15824001</misses>
				<total>25</total>
				<timestamp>5849.025713</timestamp>
			</report>
			<report>
				<misses>15825001</misses>
				<total>25</total>
				<timestamp>5849.395277</timestamp>
			</report>
			<report>
				<misses>15826001</misses>
				<total>25</total>
				<timestamp>5849.765016</timestamp>
			</report>
			<report>
				<misses>15827001</misses>
				<total>25</total>
				<timestamp>5850.134544</timestamp>
			</report>
			<report>
				<misses>15828001</misses>
				<total>25</total>
				<timestamp>5850.504178</timestamp>
			</report>
			<report>
				<misses>15829001</misses>
				<total>24</total>
				<timestamp>5850.873899</timestamp>
			</report>
			<report>
				<misses>15830001</misses>
				<total>25</total>
				<timestamp>5851.243480</timestamp>
			</report>
			<report>
				<misses>15831001</misses>
				<total>25</total>
				<timestamp>5851.613148</timestamp>
			</report>
			<report>
				<misses>15832001</misses>
				<total>25</total>
				<timestamp>5851.982780</timestamp>
			</report>
			<report>
				<misses>15833001</misses>
				<total>24</total>
				<timestamp>5852.352414</timestamp>
			</report>
			<report>
				<misses>15834001</misses>
				<total>25</total>
				<timestamp>5852.721962</timestamp>
			</report>
			<report>
				<misses>15835001</misses>
				<total>25</total>
				<timestamp>5853.091617</timestamp>
			</report>
			<report>
				<misses>15836001</misses>
				<total>25</total>
				<timestamp>5853.461218</timestamp>
			</report>
			<report>
				<misses>15837001</misses>
				<total>25</total>
				<timestamp>5853.830857</timestamp>
			</report>
			<report>
				<misses>15838001</misses>
				<total>25</total>
				<timestamp>5854.200473</timestamp>
			</report>
			<report>
				<misses>15839001</misses>
				<total>25</total>
				<timestamp>5854.570127</timestamp>
			</report>
			<report>
				<misses>15840001</misses>
				<total>25</total>
				<timestamp>5854.939800</timestamp>
			</report>
			<report>
				<misses>15841001</misses>
				<total>24</total>
				<timestamp>5855.309446</timestamp>
			</report>
			<report>
				<misses>15842001</misses>
				<total>25</total>
				<timestamp>5855.679030</timestamp>
			</report>
			<report>
				<misses>15843001</misses>
				<total>25</total>
				<timestamp>5856.048625</timestamp>
			</report>
			<report>
				<misses>15844001</misses>
				<total>25</total>
				<timestamp>5856.418253</timestamp>
			</report>
			<report>
				<misses>15845001</misses>
				<total>25</total>
				<timestamp>5856.787893</timestamp>
			</report>
			<report>
				<misses>15846001</misses>
				<total>25</total>
				<timestamp>5857.157510</timestamp>
			</report>
			<report>
				<misses>15847001</misses>
				<total>25</total>
				<timestamp>5857.527178</timestamp>
			</report>
			<report>
				<misses>15848001</misses>
				<total>25</total>
				<timestamp>5857.896847</timestamp>
			</report>
			<report>
				<misses>15849001</misses>
				<total>25</total>
				<timestamp>5858.266431</timestamp>
			</report>
			<report>
				<misses>15850001</misses>
				<total>25</total>
				<timestamp>5858.636038</timestamp>
			</report>
			<report>
				<misses>15851001</misses>
				<total>25</total>
				<timestamp>5859.005668</timestamp>
			</report>
			<report>
				<misses>15852001</misses>
				<total>24</total>
				<timestamp>5859.375399</timestamp>
			</report>
			<report>
				<misses>15853001</misses>
				<total>25</total>
				<timestamp>5859.744983</timestamp>
			</report>
			<report>
				<misses>15854001</misses>
				<total>25</total>
				<timestamp>5860.114557</timestamp>
			</report>
			<report>
				<misses>15855001</misses>
				<total>25</total>
				<timestamp>5860.484249</timestamp>
			</report>
			<report>
				<misses>15856001</misses>
				<total>25</total>
				<timestamp>5860.853834</timestamp>
			</report>
			<report>
				<misses>15857001</misses>
				<total>24</total>
				<timestamp>5861.223556</timestamp>
			</report>
			<report>
				<misses>15858001</misses>
				<total>25</total>
				<timestamp>5861.593165</timestamp>
			</report>
			<report>
				<misses>15859001</misses>
				<total>25</total>
				<timestamp>5861.962725</timestamp>
			</report>
			<report>
				<misses>15860001</misses>
				<total>25</total>
				<timestamp>5862.332364</timestamp>
			</report>
			<report>
				<misses>15861001</misses>
				<total>25</total>
				<timestamp>5862.702001</timestamp>
			</report>
			<report>
				<misses>15862001</misses>
				<total>25</total>
				<timestamp>5863.071606</timestamp>
			</report>
			<report>
				<misses>15863001</misses>
				<total>25</total>
				<timestamp>5863.441328</timestamp>
			</report>
			<report>
				<misses>15864001</misses>
				<total>25</total>
				<timestamp>5863.810857</timestamp>
			</report>
			<report>
				<misses>15865001</misses>
				<total>25</total>
				<timestamp>5864.180537</timestamp>
			</report>
			<report>
				<misses>15866001</misses>
				<total>25</total>
				<timestamp>5864.550133</timestamp>
			</report>
			<report>
				<misses>15867001</misses>
				<total>25</total>
				<timestamp>5864.919805</timestamp>
			</report>
			<report>
				<misses>15868001</misses>
				<total>25</total>
				<timestamp>5865.289441</timestamp>
			</report>
			<report>
				<misses>15869001</misses>
				<total>25</total>
				<timestamp>5865.659081</timestamp>
			</report>
			<report>
				<misses>15870001</misses>
				<total>25</total>
				<timestamp>5866.028649</timestamp>
			</report>
			<report>
				<misses>15871001</misses>
				<total>25</total>
				<timestamp>5866.398279</timestamp>
			</report>
			<report>
				<misses>15872001</misses>
				<total>25</total>
				<timestamp>5866.767945</timestamp>
			</report>
			<report>
				<misses>15873001</misses>
				<total>25</total>
				<timestamp>5867.137596</timestamp>
			</report>
			<report>
				<misses>15874001</misses>
				<total>25</total>
				<timestamp>5867.507179</timestamp>
			</report>
			<report>
				<misses>15875001</misses>
				<total>25</total>
				<timestamp>5867.876832</timestamp>
			</report>
			<report>
				<misses>15876001</misses>
				<total>25</total>
				<timestamp>5868.246418</timestamp>
			</report>
			<report>
				<misses>15877001</misses>
				<total>25</total>
				<timestamp>5868.616063</timestamp>
			</report>
			<report>
				<misses>15878001</misses>
				<total>25</total>
				<timestamp>5868.985694</timestamp>
			</report>
			<report>
				<misses>15879001</misses>
				<total>25</total>
				<timestamp>5869.355339</timestamp>
			</report>
			<report>
				<misses>15880001</misses>
				<total>25</total>
				<timestamp>5869.724934</timestamp>
			</report>
			<report>
				<misses>15881001</misses>
				<total>24</total>
				<timestamp>5870.094660</timestamp>
			</report>
			<report>
				<misses>15882001</misses>
				<total>25</total>
				<timestamp>5870.464195</timestamp>
			</report>
			<report>
				<misses>15883001</misses>
				<total>25</total>
				<timestamp>5870.833853</timestamp>
			</report>
			<report>
				<misses>15884001</misses>
				<total>25</total>
				<timestamp>5871.203465</timestamp>
			</report>
			<report>
				<misses>15885001</misses>
				<total>25</total>
				<timestamp>5871.573092</timestamp>
			</report>
			<report>
				<misses>15886001</misses>
				<total>25</total>
				<timestamp>5871.942717</timestamp>
			</report>
			<report>
				<misses>15887001</misses>
				<total>25</total>
				<timestamp>5872.312419</timestamp>
			</report>
			<report>
				<misses>15888001</misses>
				<total>25</total>
				<timestamp>5872.682002</timestamp>
			</report>
			<report>
				<misses>15889001</misses>
				<total>25</total>
				<timestamp>5873.051674</timestamp>
			</report>
			<report>
				<misses>15890001</misses>
				<total>25</total>
				<timestamp>5873.421233</timestamp>
			</report>
			<report>
				<misses>15891001</misses>
				<total>25</total>
				<timestamp>5873.790896</timestamp>
			</report>
			<report>
				<misses>15892001</misses>
				<total>25</total>
				<timestamp>5874.160513</timestamp>
			</report>
			<report>
				<misses>15893001</misses>
				<total>25</total>
				<timestamp>5874.530141</timestamp>
			</report>
			<report>
				<misses>15894001</misses>
				<total>25</total>
				<timestamp>5874.899763</timestamp>
			</report>
			<report>
				<misses>15895001</misses>
				<total>25</total>
				<timestamp>5875.269381</timestamp>
			</report>
			<report>
				<misses>15896001</misses>
				<total>25</total>
				<timestamp>5875.639063</timestamp>
			</report>
			<report>
				<misses>15897001</misses>
				<total>25</total>
				<timestamp>5876.008657</timestamp>
			</report>
			<report>
				<misses>15898001</misses>
				<total>25</total>
				<timestamp>5876.378288</timestamp>
			</report>
			<report>
				<misses>15899001</misses>
				<total>25</total>
				<timestamp>5876.747942</timestamp>
			</report>
			<report>
				<misses>15900001</misses>
				<total>25</total>
				<timestamp>5877.117530</timestamp>
			</report>
			<report>
				<misses>15901001</misses>
				<total>25</total>
				<timestamp>5877.487165</timestamp>
			</report>
			<report>
				<misses>15902001</misses>
				<total>25</total>
				<timestamp>5877.856824</timestamp>
			</report>
			<report>
				<misses>15903001</misses>
				<total>25</total>
				<timestamp>5878.226468</timestamp>
			</report>
			<report>
				<misses>15904001</misses>
				<total>25</total>
				<timestamp>5878.596086</timestamp>
			</report>
			<report>
				<misses>15905001</misses>
				<total>25</total>
				<timestamp>5878.965687</timestamp>
			</report>
			<report>
				<misses>15906001</misses>
				<total>25</total>
				<timestamp>5879.335316</timestamp>
			</report>
			<report>
				<misses>15907001</misses>
				<total>25</total>
				<timestamp>5879.704947</timestamp>
			</report>
			<report>
				<misses>15908001</misses>
				<total>25</total>
				<timestamp>5880.074625</timestamp>
			</report>
			<report>
				<misses>15909001</misses>
				<total>25</total>
				<timestamp>5880.444208</timestamp>
			</report>
			<report>
				<misses>15910001</misses>
				<total>25</total>
				<timestamp>5880.813840</timestamp>
			</report>
			<report>
				<misses>15911001</misses>
				<total>24</total>
				<timestamp>5881.183594</timestamp>
			</report>
			<report>
				<misses>15912001</misses>
				<total>25</total>
				<timestamp>5881.553093</timestamp>
			</report>
			<report>
				<misses>15913001</misses>
				<total>25</total>
				<timestamp>5881.922787</timestamp>
			</report>
			<report>
				<misses>15914001</misses>
				<total>24</total>
				<timestamp>5882.292473</timestamp>
			</report>
			<report>
				<misses>15915001</misses>
				<total>25</total>
				<timestamp>5882.662008</timestamp>
			</report>
			<report>
				<misses>15916001</misses>
				<total>25</total>
				<timestamp>5883.031645</timestamp>
			</report>
			<report>
				<misses>15917001</misses>
				<total>25</total>
				<timestamp>5883.401268</timestamp>
			</report>
			<report>
				<misses>15918001</misses>
				<total>25</total>
				<timestamp>5883.770873</timestamp>
			</report>
			<report>
				<misses>15919001</misses>
				<total>25</total>
				<timestamp>5884.140613</timestamp>
			</report>
			<report>
				<misses>15920001</misses>
				<total>25</total>
				<timestamp>5884.510156</timestamp>
			</report>
			<report>
				<misses>15921001</misses>
				<total>25</total>
				<timestamp>5884.879835</timestamp>
			</report>
			<report>
				<misses>15922001</misses>
				<total>25</total>
				<timestamp>5885.249384</timestamp>
			</report>
			<report>
				<misses>15923001</misses>
				<total>25</total>
				<timestamp>5885.619058</timestamp>
			</report>
			<report>
				<misses>15924001</misses>
				<total>25</total>
				<timestamp>5885.988699</timestamp>
			</report>
			<report>
				<misses>15925001</misses>
				<total>24</total>
				<timestamp>5886.358378</timestamp>
			</report>
			<report>
				<misses>15926001</misses>
				<total>25</total>
				<timestamp>5886.727926</timestamp>
			</report>
			<report>
				<misses>15927001</misses>
				<total>25</total>
				<timestamp>5887.097597</timestamp>
			</report>
			<report>
				<misses>15928001</misses>
				<total>25</total>
				<timestamp>5887.467180</timestamp>
			</report>
			<report>
				<misses>15929001</misses>
				<total>25</total>
				<timestamp>5887.836808</timestamp>
			</report>
			<report>
				<misses>15930001</misses>
				<total>25</total>
				<timestamp>5888.206437</timestamp>
			</report>
			<report>
				<misses>15931001</misses>
				<total>25</total>
				<timestamp>5888.576134</timestamp>
			</report>
			<report>
				<misses>15932001</misses>
				<total>25</total>
				<timestamp>5888.945754</timestamp>
			</report>
			<report>
				<misses>15933001</misses>
				<total>25</total>
				<timestamp>5889.315337</timestamp>
			</report>
			<report>
				<misses>15934001</misses>
				<total>25</total>
				<timestamp>5889.685038</timestamp>
			</report>
			<report>
				<misses>15935001</misses>
				<total>25</total>
				<timestamp>5890.054628</timestamp>
			</report>
			<report>
				<misses>15936001</misses>
				<total>24</total>
				<timestamp>5890.424322</timestamp>
			</report>
			<report>
				<misses>15937001</misses>
				<total>25</total>
				<timestamp>5890.793860</timestamp>
			</report>
			<report>
				<misses>15938001</misses>
				<total>25</total>
				<timestamp>5891.163494</timestamp>
			</report>
			<report>
				<misses>15939001</misses>
				<total>25</total>
				<timestamp>5891.533119</timestamp>
			</report>
			<report>
				<misses>15940001</misses>
				<total>25</total>
				<timestamp>5891.902739</timestamp>
			</report>
			<report>
				<misses>15941001</misses>
				<total>25</total>
				<timestamp>5892.272402</timestamp>
			</report>
			<report>
				<misses>15942001</misses>
				<total>25</total>
				<timestamp>5892.642078</timestamp>
			</report>
			<report>
				<misses>15943001</misses>
				<total>25</total>
				<timestamp>5893.011621</timestamp>
			</report>
			<report>
				<misses>15944001</misses>
				<total>25</total>
				<timestamp>5893.381280</timestamp>
			</report>
			<report>
				<misses>15945001</misses>
				<total>25</total>
				<timestamp>5893.750887</timestamp>
			</report>
			<report>
				<misses>15946001</misses>
				<total>25</total>
				<timestamp>5894.120569</timestamp>
			</report>
			<report>
				<misses>15947001</misses>
				<total>25</total>
				<timestamp>5894.490167</timestamp>
			</report>
			<report>
				<misses>15948001</misses>
				<total>25</total>
				<timestamp>5894.859782</timestamp>
			</report>
			<report>
				<misses>15949001</misses>
				<total>25</total>
				<timestamp>5895.229408</timestamp>
			</report>
			<report>
				<misses>15950001</misses>
				<total>25</total>
				<timestamp>5895.599074</timestamp>
			</report>
			<report>
				<misses>15951001</misses>
				<total>25</total>
				<timestamp>5895.968692</timestamp>
			</report>
			<report>
				<misses>15952001</misses>
				<total>25</total>
				<timestamp>5896.338328</timestamp>
			</report>
			<report>
				<misses>15953001</misses>
				<total>25</total>
				<timestamp>5896.707989</timestamp>
			</report>
			<report>
				<misses>15954001</misses>
				<total>24</total>
				<timestamp>5897.077674</timestamp>
			</report>
			<report>
				<misses>15955001</misses>
				<total>25</total>
				<timestamp>5897.447222</timestamp>
			</report>
			<report>
				<misses>15956001</misses>
				<total>25</total>
				<timestamp>5897.816900</timestamp>
			</report>
			<report>
				<misses>15957001</misses>
				<total>25</total>
				<timestamp>5898.186448</timestamp>
			</report>
			<report>
				<misses>15958001</misses>
				<total>25</total>
				<timestamp>5898.556097</timestamp>
			</report>
			<report>
				<misses>15959001</misses>
				<total>25</total>
				<timestamp>5898.925732</timestamp>
			</report>
			<report>
				<misses>15960001</misses>
				<total>25</total>
				<timestamp>5899.295325</timestamp>
			</report>
			<report>
				<misses>15961001</misses>
				<total>25</total>
				<timestamp>5899.664986</timestamp>
			</report>
			<report>
				<misses>15962001</misses>
				<total>25</total>
				<timestamp>5900.034608</timestamp>
			</report>
			<report>
				<misses>15963001</misses>
				<total>25</total>
				<timestamp>5900.404223</timestamp>
			</report>
			<report>
				<misses>15964001</misses>
				<total>25</total>
				<timestamp>5900.773881</timestamp>
			</report>
			<report>
				<misses>15965001</misses>
				<total>25</total>
				<timestamp>5901.143533</timestamp>
			</report>
			<report>
				<misses>15966001</misses>
				<total>25</total>
				<timestamp>5901.513140</timestamp>
			</report>
			<report>
				<misses>15967001</misses>
				<total>25</total>
				<timestamp>5901.882819</timestamp>
			</report>
			<report>
				<misses>15968001</misses>
				<total>25</total>
				<timestamp>5902.252388</timestamp>
			</report>
			<report>
				<misses>15969001</misses>
				<total>25</total>
				<timestamp>5902.622022</timestamp>
			</report>
			<report>
				<misses>15970001</misses>
				<total>24</total>
				<timestamp>5902.991774</timestamp>
			</report>
			<report>
				<misses>15971001</misses>
				<total>25</total>
				<timestamp>5903.361347</timestamp>
			</report>
			<report>
				<misses>15972001</misses>
				<total>25</total>
				<timestamp>5903.730932</timestamp>
			</report>
			<report>
				<misses>15973001</misses>
				<total>25</total>
				<timestamp>5904.100576</timestamp>
			</report>
			<report>
				<misses>15974001</misses>
				<total>25</total>
				<timestamp>5904.470174</timestamp>
			</report>
			<report>
				<misses>15975001</misses>
				<total>25</total>
				<timestamp>5904.839851</timestamp>
			</report>
			<report>
				<misses>15976001</misses>
				<total>25</total>
				<timestamp>5905.209537</timestamp>
			</report>
			<report>
				<misses>15977001</misses>
				<total>25</total>
				<timestamp>5905.579066</timestamp>
			</report>
			<report>
				<misses>15978001</misses>
				<total>25</total>
				<timestamp>5905.948700</timestamp>
			</report>
			<report>
				<misses>15979001</misses>
				<total>25</total>
				<timestamp>5906.318347</timestamp>
			</report>
			<report>
				<misses>15980001</misses>
				<total>25</total>
				<timestamp>5906.687929</timestamp>
			</report>
			<report>
				<misses>15981001</misses>
				<total>25</total>
				<timestamp>5907.057599</timestamp>
			</report>
			<report>
				<misses>15982001</misses>
				<total>25</total>
				<timestamp>5907.427257</timestamp>
			</report>
			<report>
				<misses>15983001</misses>
				<total>25</total>
				<timestamp>5907.796822</timestamp>
			</report>
			<report>
				<misses>15984001</misses>
				<total>25</total>
				<timestamp>5908.166476</timestamp>
			</report>
			<report>
				<misses>15985001</misses>
				<total>25</total>
				<timestamp>5908.536080</timestamp>
			</report>
			<report>
				<misses>15986001</misses>
				<total>25</total>
				<timestamp>5908.905809</timestamp>
			</report>
			<report>
				<misses>15987001</misses>
				<total>25</total>
				<timestamp>5909.275344</timestamp>
			</report>
			<report>
				<misses>15988001</misses>
				<total>24</total>
				<timestamp>5909.645084</timestamp>
			</report>
			<report>
				<misses>15989001</misses>
				<total>24</total>
				<timestamp>5910.014732</timestamp>
			</report>
			<report>
				<misses>15990001</misses>
				<total>25</total>
				<timestamp>5910.384295</timestamp>
			</report>
			<report>
				<misses>15991001</misses>
				<total>24</total>
				<timestamp>5910.754011</timestamp>
			</report>
			<report>
				<misses>15992001</misses>
				<total>25</total>
				<timestamp>5911.123592</timestamp>
			</report>
			<report>
				<misses>15993001</misses>
				<total>25</total>
				<timestamp>5911.493144</timestamp>
			</report>
			<report>
				<misses>15994001</misses>
				<total>25</total>
				<timestamp>5911.862753</timestamp>
			</report>
			<report>
				<misses>15995001</misses>
				<total>25</total>
				<timestamp>5912.232464</timestamp>
			</report>
			<report>
				<misses>15996001</misses>
				<total>25</total>
				<timestamp>5912.602050</timestamp>
			</report>
			<report>
				<misses>15997001</misses>
				<total>25</total>
				<timestamp>5912.971699</timestamp>
			</report>
			<report>
				<misses>15998001</misses>
				<total>25</total>
				<timestamp>5913.341332</timestamp>
			</report>
			<report>
				<misses>15999001</misses>
				<total>25</total>
				<timestamp>5913.710927</timestamp>
			</report>
			<report>
				<misses>16000001</misses>
				<total>24</total>
				<timestamp>5914.080651</timestamp>
			</report>
			<report>
				<misses>16001001</misses>
				<total>25</total>
				<timestamp>5914.450233</timestamp>
			</report>
			<report>
				<misses>16002001</misses>
				<total>25</total>
				<timestamp>5914.819786</timestamp>
			</report>
			<report>
				<misses>16003001</misses>
				<total>25</total>
				<timestamp>5915.189449</timestamp>
			</report>
			<report>
				<misses>16004001</misses>
				<total>24</total>
				<timestamp>5915.559183</timestamp>
			</report>
			<report>
				<misses>16005001</misses>
				<total>25</total>
				<timestamp>5915.928703</timestamp>
			</report>
			<report>
				<misses>16006001</misses>
				<total>25</total>
				<timestamp>5916.298408</timestamp>
			</report>
			<report>
				<misses>16007001</misses>
				<total>25</total>
				<timestamp>5916.667980</timestamp>
			</report>
			<report>
				<misses>16008001</misses>
				<total>24</total>
				<timestamp>5917.037676</timestamp>
			</report>
			<report>
				<misses>16009001</misses>
				<total>25</total>
				<timestamp>5917.407197</timestamp>
			</report>
			<report>
				<misses>16010001</misses>
				<total>25</total>
				<timestamp>5917.776873</timestamp>
			</report>
			<report>
				<misses>16011001</misses>
				<total>25</total>
				<timestamp>5918.146521</timestamp>
			</report>
			<report>
				<misses>16012001</misses>
				<total>25</total>
				<timestamp>5918.516100</timestamp>
			</report>
			<report>
				<misses>16013001</misses>
				<total>24</total>
				<timestamp>5918.885834</timestamp>
			</report>
			<report>
				<misses>16014001</misses>
				<total>25</total>
				<timestamp>5919.255397</timestamp>
			</report>
			<report>
				<misses>16015001</misses>
				<total>25</total>
				<timestamp>5919.624996</timestamp>
			</report>
			<report>
				<misses>16016001</misses>
				<total>24</total>
				<timestamp>5919.994743</timestamp>
			</report>
			<report>
				<misses>16017001</misses>
				<total>25</total>
				<timestamp>5920.364312</timestamp>
			</report>
			<report>
				<misses>16018001</misses>
				<total>24</total>
				<timestamp>5920.733972</timestamp>
			</report>
			<report>
				<misses>16019001</misses>
				<total>25</total>
				<timestamp>5921.103552</timestamp>
			</report>
			<report>
				<misses>16020001</misses>
				<total>25</total>
				<timestamp>5921.473172</timestamp>
			</report>
			<report>
				<misses>16021001</misses>
				<total>25</total>
				<timestamp>5921.842791</timestamp>
			</report>
			<report>
				<misses>16022001</misses>
				<total>25</total>
				<timestamp>5922.212425</timestamp>
			</report>
			<report>
				<misses>16023001</misses>
				<total>25</total>
				<timestamp>5922.582097</timestamp>
			</report>
			<report>
				<misses>16024001</misses>
				<total>25</total>
				<timestamp>5922.951694</timestamp>
			</report>
			<report>
				<misses>16025001</misses>
				<total>25</total>
				<timestamp>5923.321368</timestamp>
			</report>
			<report>
				<misses>16026001</misses>
				<total>25</total>
				<timestamp>5923.690942</timestamp>
			</report>
			<report>
				<misses>16027001</misses>
				<total>25</total>
				<timestamp>5924.060562</timestamp>
			</report>
			<report>
				<misses>16028001</misses>
				<total>25</total>
				<timestamp>5924.430210</timestamp>
			</report>
			<report>
				<misses>16029001</misses>
				<total>25</total>
				<timestamp>5924.799801</timestamp>
			</report>
			<report>
				<misses>16030001</misses>
				<total>25</total>
				<timestamp>5925.169438</timestamp>
			</report>
			<report>
				<misses>16031001</misses>
				<total>25</total>
				<timestamp>5925.539064</timestamp>
			</report>
			<report>
				<misses>16032001</misses>
				<total>25</total>
				<timestamp>5925.908713</timestamp>
			</report>
			<report>
				<misses>16033001</misses>
				<total>25</total>
				<timestamp>5926.278328</timestamp>
			</report>
			<report>
				<misses>16034001</misses>
				<total>25</total>
				<timestamp>5926.648004</timestamp>
			</report>
			<report>
				<misses>16035001</misses>
				<total>25</total>
				<timestamp>5927.017591</timestamp>
			</report>
			<report>
				<misses>16036001</misses>
				<total>25</total>
				<timestamp>5927.387259</timestamp>
			</report>
			<report>
				<misses>16037001</misses>
				<total>25</total>
				<timestamp>5927.756840</timestamp>
			</report>
			<report>
				<misses>16038001</misses>
				<total>25</total>
				<timestamp>5928.126557</timestamp>
			</report>
			<report>
				<misses>16039001</misses>
				<total>25</total>
				<timestamp>5928.496111</timestamp>
			</report>
			<report>
				<misses>16040001</misses>
				<total>25</total>
				<timestamp>5928.865751</timestamp>
			</report>
			<report>
				<misses>16041001</misses>
				<total>25</total>
				<timestamp>5929.235389</timestamp>
			</report>
			<report>
				<misses>16042001</misses>
				<total>25</total>
				<timestamp>5929.605022</timestamp>
			</report>
			<report>
				<misses>16043001</misses>
				<total>25</total>
				<timestamp>5929.974667</timestamp>
			</report>
			<report>
				<misses>16044001</misses>
				<total>25</total>
				<timestamp>5930.344366</timestamp>
			</report>
			<report>
				<misses>16045001</misses>
				<total>25</total>
				<timestamp>5930.713964</timestamp>
			</report>
			<report>
				<misses>16046001</misses>
				<total>25</total>
				<timestamp>5931.083593</timestamp>
			</report>
			<report>
				<misses>16047001</misses>
				<total>25</total>
				<timestamp>5931.453288</timestamp>
			</report>
			<report>
				<misses>16048001</misses>
				<total>25</total>
				<timestamp>5931.822785</timestamp>
			</report>
			<report>
				<misses>16049001</misses>
				<total>25</total>
				<timestamp>5932.192451</timestamp>
			</report>
			<report>
				<misses>16050001</misses>
				<total>25</total>
				<timestamp>5932.562093</timestamp>
			</report>
			<report>
				<misses>16051001</misses>
				<total>25</total>
				<timestamp>5932.931703</timestamp>
			</report>
			<report>
				<misses>16052001</misses>
				<total>25</total>
				<timestamp>5933.301339</timestamp>
			</report>
			<report>
				<misses>16053001</misses>
				<total>25</total>
				<timestamp>5933.670978</timestamp>
			</report>
			<report>
				<misses>16054001</misses>
				<total>25</total>
				<timestamp>5934.040585</timestamp>
			</report>
			<report>
				<misses>16055001</misses>
				<total>25</total>
				<timestamp>5934.410259</timestamp>
			</report>
			<report>
				<misses>16056001</misses>
				<total>25</total>
				<timestamp>5934.779810</timestamp>
			</report>
			<report>
				<misses>16057001</misses>
				<total>25</total>
				<timestamp>5935.149495</timestamp>
			</report>
			<report>
				<misses>16058001</misses>
				<total>25</total>
				<timestamp>5935.519075</timestamp>
			</report>
			<report>
				<misses>16059001</misses>
				<total>25</total>
				<timestamp>5935.888745</timestamp>
			</report>
			<report>
				<misses>16060001</misses>
				<total>25</total>
				<timestamp>5936.258363</timestamp>
			</report>
			<report>
				<misses>16061001</misses>
				<total>25</total>
				<timestamp>5936.628038</timestamp>
			</report>
			<report>
				<misses>16062001</misses>
				<total>25</total>
				<timestamp>5936.997619</timestamp>
			</report>
			<report>
				<misses>16063001</misses>
				<total>25</total>
				<timestamp>5937.367288</timestamp>
			</report>
			<report>
				<misses>16064001</misses>
				<total>25</total>
				<timestamp>5937.736859</timestamp>
			</report>
			<report>
				<misses>16065001</misses>
				<total>25</total>
				<timestamp>5938.106507</timestamp>
			</report>
			<report>
				<misses>16066001</misses>
				<total>25</total>
				<timestamp>5938.476163</timestamp>
			</report>
			<report>
				<misses>16067001</misses>
				<total>25</total>
				<timestamp>5938.845754</timestamp>
			</report>
			<report>
				<misses>16068001</misses>
				<total>24</total>
				<timestamp>5939.215500</timestamp>
			</report>
			<report>
				<misses>16069001</misses>
				<total>25</total>
				<timestamp>5939.585038</timestamp>
			</report>
			<report>
				<misses>16070001</misses>
				<total>25</total>
				<timestamp>5939.954635</timestamp>
			</report>
			<report>
				<misses>16071001</misses>
				<total>25</total>
				<timestamp>5940.324274</timestamp>
			</report>
			<report>
				<misses>16072001</misses>
				<total>25</total>
				<timestamp>5940.693944</timestamp>
			</report>
			<report>
				<misses>16073001</misses>
				<total>25</total>
				<timestamp>5941.063585</timestamp>
			</report>
			<report>
				<misses>16074001</misses>
				<total>25</total>
				<timestamp>5941.433250</timestamp>
			</report>
			<report>
				<misses>16075001</misses>
				<total>25</total>
				<timestamp>5941.802790</timestamp>
			</report>
			<report>
				<misses>16076001</misses>
				<total>25</total>
				<timestamp>5942.172426</timestamp>
			</report>
			<report>
				<misses>16077001</misses>
				<total>25</total>
				<timestamp>5942.542114</timestamp>
			</report>
			<report>
				<misses>16078001</misses>
				<total>25</total>
				<timestamp>5942.911663</timestamp>
			</report>
			<report>
				<misses>16079001</misses>
				<total>25</total>
				<timestamp>5943.281355</timestamp>
			</report>
			<report>
				<misses>16080001</misses>
				<total>25</total>
				<timestamp>5943.650935</timestamp>
			</report>
			<report>
				<misses>16081001</misses>
				<total>25</total>
				<timestamp>5944.020569</timestamp>
			</report>
			<report>
				<misses>16082001</misses>
				<total>25</total>
				<timestamp>5944.390252</timestamp>
			</report>
			<report>
				<misses>16083001</misses>
				<total>25</total>
				<timestamp>5944.759869</timestamp>
			</report>
			<report>
				<misses>16084001</misses>
				<total>25</total>
				<timestamp>5945.129492</timestamp>
			</report>
			<report>
				<misses>16085001</misses>
				<total>25</total>
				<timestamp>5945.499087</timestamp>
			</report>
			<report>
				<misses>16086001</misses>
				<total>25</total>
				<timestamp>5945.868734</timestamp>
			</report>
			<report>
				<misses>16087001</misses>
				<total>25</total>
				<timestamp>5946.238398</timestamp>
			</report>
			<report>
				<misses>16088001</misses>
				<total>25</total>
				<timestamp>5946.608059</timestamp>
			</report>
			<report>
				<misses>16089001</misses>
				<total>25</total>
				<timestamp>5946.977595</timestamp>
			</report>
			<report>
				<misses>16090001</misses>
				<total>25</total>
				<timestamp>5947.347247</timestamp>
			</report>
			<report>
				<misses>16091001</misses>
				<total>25</total>
				<timestamp>5947.716929</timestamp>
			</report>
			<report>
				<misses>16092001</misses>
				<total>25</total>
				<timestamp>5948.086551</timestamp>
			</report>
			<report>
				<misses>16093001</misses>
				<total>25</total>
				<timestamp>5948.456264</timestamp>
			</report>
			<report>
				<misses>16094001</misses>
				<total>25</total>
				<timestamp>5948.825762</timestamp>
			</report>
			<report>
				<misses>16095001</misses>
				<total>25</total>
				<timestamp>5949.195442</timestamp>
			</report>
			<report>
				<misses>16096001</misses>
				<total>25</total>
				<timestamp>5949.565052</timestamp>
			</report>
			<report>
				<misses>16097001</misses>
				<total>25</total>
				<timestamp>5949.934658</timestamp>
			</report>
			<report>
				<misses>16098001</misses>
				<total>25</total>
				<timestamp>5950.304340</timestamp>
			</report>
			<report>
				<misses>16099001</misses>
				<total>25</total>
				<timestamp>5950.673904</timestamp>
			</report>
			<report>
				<misses>16100001</misses>
				<total>25</total>
				<timestamp>5951.043533</timestamp>
			</report>
			<report>
				<misses>16101001</misses>
				<total>25</total>
				<timestamp>5951.413241</timestamp>
			</report>
			<report>
				<misses>16102001</misses>
				<total>25</total>
				<timestamp>5951.782808</timestamp>
			</report>
			<report>
				<misses>16103001</misses>
				<total>24</total>
				<timestamp>5952.152534</timestamp>
			</report>
			<report>
				<misses>16104001</misses>
				<total>25</total>
				<timestamp>5952.522103</timestamp>
			</report>
			<report>
				<misses>16105001</misses>
				<total>25</total>
				<timestamp>5952.891683</timestamp>
			</report>
			<report>
				<misses>16106001</misses>
				<total>25</total>
				<timestamp>5953.261396</timestamp>
			</report>
			<report>
				<misses>16107001</misses>
				<total>25</total>
				<timestamp>5953.630951</timestamp>
			</report>
			<report>
				<misses>16108001</misses>
				<total>25</total>
				<timestamp>5954.000624</timestamp>
			</report>
			<report>
				<misses>16109001</misses>
				<total>25</total>
				<timestamp>5954.370265</timestamp>
			</report>
			<report>
				<misses>16110001</misses>
				<total>25</total>
				<timestamp>5954.739889</timestamp>
			</report>
			<report>
				<misses>16111001</misses>
				<total>25</total>
				<timestamp>5955.109549</timestamp>
			</report>
			<report>
				<misses>16112001</misses>
				<total>25</total>
				<timestamp>5955.479135</timestamp>
			</report>
			<report>
				<misses>16113001</misses>
				<total>25</total>
				<timestamp>5955.848762</timestamp>
			</report>
			<report>
				<misses>16114001</misses>
				<total>25</total>
				<timestamp>5956.218420</timestamp>
			</report>
			<report>
				<misses>16115001</misses>
				<total>25</total>
				<timestamp>5956.588076</timestamp>
			</report>
			<report>
				<misses>16116001</misses>
				<total>25</total>
				<timestamp>5956.957620</timestamp>
			</report>
			<report>
				<misses>16117001</misses>
				<total>25</total>
				<timestamp>5957.327305</timestamp>
			</report>
			<report>
				<misses>16118001</misses>
				<total>25</total>
				<timestamp>5957.696877</timestamp>
			</report>
			<report>
				<misses>16119001</misses>
				<total>25</total>
				<timestamp>5958.066583</timestamp>
			</report>
			<report>
				<misses>16120001</misses>
				<total>25</total>
				<timestamp>5958.436234</timestamp>
			</report>
			<report>
				<misses>16121001</misses>
				<total>24</total>
				<timestamp>5958.805906</timestamp>
			</report>
			<report>
				<misses>16122001</misses>
				<total>25</total>
				<timestamp>5959.175407</timestamp>
			</report>
			<report>
				<misses>16123001</misses>
				<total>25</total>
				<timestamp>5959.545193</timestamp>
			</report>
			<report>
				<misses>16124001</misses>
				<total>25</total>
				<timestamp>5959.914726</timestamp>
			</report>
			<report>
				<misses>16125001</misses>
				<total>25</total>
				<timestamp>5960.284316</timestamp>
			</report>
			<report>
				<misses>16126001</misses>
				<total>25</total>
				<timestamp>5960.653901</timestamp>
			</report>
			<report>
				<misses>16127001</misses>
				<total>25</total>
				<timestamp>5961.023540</timestamp>
			</report>
			<report>
				<misses>16128001</misses>
				<total>25</total>
				<timestamp>5961.393200</timestamp>
			</report>
			<report>
				<misses>16129001</misses>
				<total>25</total>
				<timestamp>5961.762841</timestamp>
			</report>
			<report>
				<misses>16130001</misses>
				<total>25</total>
				<timestamp>5962.132426</timestamp>
			</report>
			<report>
				<misses>16131001</misses>
				<total>25</total>
				<timestamp>5962.502087</timestamp>
			</report>
			<report>
				<misses>16132001</misses>
				<total>25</total>
				<timestamp>5962.871758</timestamp>
			</report>
			<report>
				<misses>16133001</misses>
				<total>25</total>
				<timestamp>5963.241380</timestamp>
			</report>
			<report>
				<misses>16134001</misses>
				<total>25</total>
				<timestamp>5963.610970</timestamp>
			</report>
			<report>
				<misses>16135001</misses>
				<total>25</total>
				<timestamp>5963.980585</timestamp>
			</report>
			<report>
				<misses>16136001</misses>
				<total>25</total>
				<timestamp>5964.350278</timestamp>
			</report>
			<report>
				<misses>16137001</misses>
				<total>24</total>
				<timestamp>5964.720000</timestamp>
			</report>
			<report>
				<misses>16138001</misses>
				<total>25</total>
				<timestamp>5965.089485</timestamp>
			</report>
			<report>
				<misses>16139001</misses>
				<total>25</total>
				<timestamp>5965.459232</timestamp>
			</report>
			<report>
				<misses>16140001</misses>
				<total>25</total>
				<timestamp>5965.828764</timestamp>
			</report>
			<report>
				<misses>16141001</misses>
				<total>25</total>
				<timestamp>5966.198429</timestamp>
			</report>
			<report>
				<misses>16142001</misses>
				<total>25</total>
				<timestamp>5966.568045</timestamp>
			</report>
			<report>
				<misses>16143001</misses>
				<total>25</total>
				<timestamp>5966.937626</timestamp>
			</report>
			<report>
				<misses>16144001</misses>
				<total>25</total>
				<timestamp>5967.307294</timestamp>
			</report>
			<report>
				<misses>16145001</misses>
				<total>25</total>
				<timestamp>5967.676884</timestamp>
			</report>
			<report>
				<misses>16146001</misses>
				<total>25</total>
				<timestamp>5968.046541</timestamp>
			</report>
			<report>
				<misses>16147001</misses>
				<total>25</total>
				<timestamp>5968.416209</timestamp>
			</report>
			<report>
				<misses>16148001</misses>
				<total>25</total>
				<timestamp>5968.785862</timestamp>
			</report>
			<report>
				<misses>16149001</misses>
				<total>25</total>
				<timestamp>5969.155493</timestamp>
			</report>
			<report>
				<misses>16150001</misses>
				<total>25</total>
				<timestamp>5969.525137</timestamp>
			</report>
			<report>
				<misses>16151001</misses>
				<total>25</total>
				<timestamp>5969.894660</timestamp>
			</report>
			<report>
				<misses>16152001</misses>
				<total>25</total>
				<timestamp>5970.264325</timestamp>
			</report>
			<report>
				<misses>16153001</misses>
				<total>25</total>
				<timestamp>5970.633930</timestamp>
			</report>
			<report>
				<misses>16154001</misses>
				<total>25</total>
				<timestamp>5971.003556</timestamp>
			</report>
			<report>
				<misses>16155001</misses>
				<total>25</total>
				<timestamp>5971.373214</timestamp>
			</report>
			<report>
				<misses>16156001</misses>
				<total>25</total>
				<timestamp>5971.742840</timestamp>
			</report>
			<report>
				<misses>16157001</misses>
				<total>25</total>
				<timestamp>5972.112455</timestamp>
			</report>
			<report>
				<misses>16158001</misses>
				<total>25</total>
				<timestamp>5972.482088</timestamp>
			</report>
			<report>
				<misses>16159001</misses>
				<total>25</total>
				<timestamp>5972.851696</timestamp>
			</report>
			<report>
				<misses>16160001</misses>
				<total>25</total>
				<timestamp>5973.221363</timestamp>
			</report>
			<report>
				<misses>16161001</misses>
				<total>25</total>
				<timestamp>5973.590967</timestamp>
			</report>
			<report>
				<misses>16162001</misses>
				<total>25</total>
				<timestamp>5973.960675</timestamp>
			</report>
			<report>
				<misses>16163001</misses>
				<total>25</total>
				<timestamp>5974.330289</timestamp>
			</report>
			<report>
				<misses>16164001</misses>
				<total>25</total>
				<timestamp>5974.699860</timestamp>
			</report>
			<report>
				<misses>16165001</misses>
				<total>25</total>
				<timestamp>5975.069500</timestamp>
			</report>
			<report>
				<misses>16166001</misses>
				<total>25</total>
				<timestamp>5975.439182</timestamp>
			</report>
			<report>
				<misses>16167001</misses>
				<total>25</total>
				<timestamp>5975.808734</timestamp>
			</report>
			<report>
				<misses>16168001</misses>
				<total>25</total>
				<timestamp>5976.178378</timestamp>
			</report>
			<report>
				<misses>16169001</misses>
				<total>25</total>
				<timestamp>5976.548056</timestamp>
			</report>
			<report>
				<misses>16170001</misses>
				<total>25</total>
				<timestamp>5976.917691</timestamp>
			</report>
			<report>
				<misses>16171001</misses>
				<total>25</total>
				<timestamp>5977.287286</timestamp>
			</report>
			<report>
				<misses>16172001</misses>
				<total>25</total>
				<timestamp>5977.656894</timestamp>
			</report>
			<report>
				<misses>16173001</misses>
				<total>25</total>
				<timestamp>5978.026570</timestamp>
			</report>
			<report>
				<misses>16174001</misses>
				<total>25</total>
				<timestamp>5978.396181</timestamp>
			</report>
			<report>
				<misses>16175001</misses>
				<total>24</total>
				<timestamp>5978.765911</timestamp>
			</report>
			<report>
				<misses>16176001</misses>
				<total>25</total>
				<timestamp>5979.135414</timestamp>
			</report>
			<report>
				<misses>16177001</misses>
				<total>25</total>
				<timestamp>5979.505073</timestamp>
			</report>
			<report>
				<misses>16178001</misses>
				<total>25</total>
				<timestamp>5979.874745</timestamp>
			</report>
			<report>
				<misses>16179001</misses>
				<total>24</total>
				<timestamp>5980.244398</timestamp>
			</report>
			<report>
				<misses>16180001</misses>
				<total>25</total>
				<timestamp>5980.614015</timestamp>
			</report>
			<report>
				<misses>16181001</misses>
				<total>25</total>
				<timestamp>5980.983564</timestamp>
			</report>
			<report>
				<misses>16182001</misses>
				<total>25</total>
				<timestamp>5981.353229</timestamp>
			</report>
			<report>
				<misses>16183001</misses>
				<total>25</total>
				<timestamp>5981.722826</timestamp>
			</report>
			<report>
				<misses>16184001</misses>
				<total>25</total>
				<timestamp>5982.092532</timestamp>
			</report>
			<report>
				<misses>16185001</misses>
				<total>25</total>
				<timestamp>5982.462116</timestamp>
			</report>
			<report>
				<misses>16186001</misses>
				<total>25</total>
				<timestamp>5982.831717</timestamp>
			</report>
			<report>
				<misses>16187001</misses>
				<total>25</total>
				<timestamp>5983.201406</timestamp>
			</report>
			<report>
				<misses>16188001</misses>
				<total>25</total>
				<timestamp>5983.571027</timestamp>
			</report>
			<report>
				<misses>16189001</misses>
				<total>24</total>
				<timestamp>5983.940696</timestamp>
			</report>
			<report>
				<misses>16190001</misses>
				<total>25</total>
				<timestamp>5984.310242</timestamp>
			</report>
			<report>
				<misses>16191001</misses>
				<total>25</total>
				<timestamp>5984.679939</timestamp>
			</report>
			<report>
				<misses>16192001</misses>
				<total>25</total>
				<timestamp>5985.049552</timestamp>
			</report>
			<report>
				<misses>16193001</misses>
				<total>25</total>
				<timestamp>5985.419151</timestamp>
			</report>
			<report>
				<misses>16194001</misses>
				<total>25</total>
				<timestamp>5985.788776</timestamp>
			</report>
			<report>
				<misses>16195001</misses>
				<total>25</total>
				<timestamp>5986.158400</timestamp>
			</report>
			<report>
				<misses>16196001</misses>
				<total>25</total>
				<timestamp>5986.528034</timestamp>
			</report>
			<report>
				<misses>16197001</misses>
				<total>25</total>
				<timestamp>5986.897702</timestamp>
			</report>
			<report>
				<misses>16198001</misses>
				<total>25</total>
				<timestamp>5987.267277</timestamp>
			</report>
			<report>
				<misses>16199001</misses>
				<total>25</total>
				<timestamp>5987.636946</timestamp>
			</report>
			<report>
				<misses>16200001</misses>
				<total>25</total>
				<timestamp>5988.006549</timestamp>
			</report>
			<report>
				<misses>16201001</misses>
				<total>25</total>
				<timestamp>5988.376171</timestamp>
			</report>
			<report>
				<misses>16202001</misses>
				<total>25</total>
				<timestamp>5988.745818</timestamp>
			</report>
			<report>
				<misses>16203001</misses>
				<total>25</total>
				<timestamp>5989.115420</timestamp>
			</report>
			<report>
				<misses>16204001</misses>
				<total>25</total>
				<timestamp>5989.485056</timestamp>
			</report>
			<report>
				<misses>16205001</misses>
				<total>25</total>
				<timestamp>5989.854688</timestamp>
			</report>
			<report>
				<misses>16206001</misses>
				<total>25</total>
				<timestamp>5990.224354</timestamp>
			</report>
			<report>
				<misses>16207001</misses>
				<total>25</total>
				<timestamp>5990.594003</timestamp>
			</report>
			<report>
				<misses>16208001</misses>
				<total>25</total>
				<timestamp>5990.963610</timestamp>
			</report>
			<report>
				<misses>16209001</misses>
				<total>25</total>
				<timestamp>5991.333206</timestamp>
			</report>
			<report>
				<misses>16210001</misses>
				<total>24</total>
				<timestamp>5991.702993</timestamp>
			</report>
			<report>
				<misses>16211001</misses>
				<total>25</total>
				<timestamp>5992.072469</timestamp>
			</report>
			<report>
				<misses>16212001</misses>
				<total>25</total>
				<timestamp>5992.442133</timestamp>
			</report>
			<report>
				<misses>16213001</misses>
				<total>25</total>
				<timestamp>5992.811742</timestamp>
			</report>
			<report>
				<misses>16214001</misses>
				<total>25</total>
				<timestamp>5993.181353</timestamp>
			</report>
			<report>
				<misses>16215001</misses>
				<total>25</total>
				<timestamp>5993.551038</timestamp>
			</report>
			<report>
				<misses>16216001</misses>
				<total>25</total>
				<timestamp>5993.920613</timestamp>
			</report>
			<report>
				<misses>16217001</misses>
				<total>25</total>
				<timestamp>5994.290280</timestamp>
			</report>
			<report>
				<misses>16218001</misses>
				<total>25</total>
				<timestamp>5994.659928</timestamp>
			</report>
			<report>
				<misses>16219001</misses>
				<total>25</total>
				<timestamp>5995.029511</timestamp>
			</report>
			<report>
				<misses>16220001</misses>
				<total>25</total>
				<timestamp>5995.399196</timestamp>
			</report>
			<report>
				<misses>16221001</misses>
				<total>25</total>
				<timestamp>5995.768753</timestamp>
			</report>
			<report>
				<misses>16222001</misses>
				<total>24</total>
				<timestamp>5996.138500</timestamp>
			</report>
			<report>
				<misses>16223001</misses>
				<total>25</total>
				<timestamp>5996.508099</timestamp>
			</report>
			<report>
				<misses>16224001</misses>
				<total>25</total>
				<timestamp>5996.877705</timestamp>
			</report>
			<report>
				<misses>16225001</misses>
				<total>25</total>
				<timestamp>5997.247347</timestamp>
			</report>
			<report>
				<misses>16226001</misses>
				<total>25</total>
				<timestamp>5997.616953</timestamp>
			</report>
			<report>
				<misses>16227001</misses>
				<total>24</total>
				<timestamp>5997.986633</timestamp>
			</report>
			<report>
				<misses>16228001</misses>
				<total>25</total>
				<timestamp>5998.356192</timestamp>
			</report>
			<report>
				<misses>16229001</misses>
				<total>25</total>
				<timestamp>5998.725824</timestamp>
			</report>
			<report>
				<misses>16230001</misses>
				<total>25</total>
				<timestamp>5999.095454</timestamp>
			</report>
			<report>
				<misses>16231001</misses>
				<total>25</total>
				<timestamp>5999.465073</timestamp>
			</report>
			<report>
				<misses>16232001</misses>
				<total>25</total>
				<timestamp>5999.834703</timestamp>
			</report>
			<report>
				<misses>16233001</misses>
				<total>25</total>
				<timestamp>6000.204348</timestamp>
			</report>
			<report>
				<misses>16234001</misses>
				<total>25</total>
				<timestamp>6000.573961</timestamp>
			</report>
			<report>
				<misses>16235001</misses>
				<total>25</total>
				<timestamp>6000.943602</timestamp>
			</report>
			<report>
				<misses>16236001</misses>
				<total>24</total>
				<timestamp>6001.313318</timestamp>
			</report>
			<report>
				<misses>16237001</misses>
				<total>25</total>
				<timestamp>6001.682916</timestamp>
			</report>
			<report>
				<misses>16238001</misses>
				<total>24</total>
				<timestamp>6002.052598</timestamp>
			</report>
			<report>
				<misses>16239001</misses>
				<total>25</total>
				<timestamp>6002.422139</timestamp>
			</report>
			<report>
				<misses>16240001</misses>
				<total>25</total>
				<timestamp>6002.791785</timestamp>
			</report>
			<report>
				<misses>16241001</misses>
				<total>25</total>
				<timestamp>6003.161381</timestamp>
			</report>
			<report>
				<misses>16242001</misses>
				<total>25</total>
				<timestamp>6003.531024</timestamp>
			</report>
			<report>
				<misses>16243001</misses>
				<total>25</total>
				<timestamp>6003.900623</timestamp>
			</report>
			<report>
				<misses>16244001</misses>
				<total>25</total>
				<timestamp>6004.270272</timestamp>
			</report>
			<report>
				<misses>16245001</misses>
				<total>25</total>
				<timestamp>6004.639903</timestamp>
			</report>
			<report>
				<misses>16246001</misses>
				<total>25</total>
				<timestamp>6005.009555</timestamp>
			</report>
			<report>
				<misses>16247001</misses>
				<total>25</total>
				<timestamp>6005.379177</timestamp>
			</report>
			<report>
				<misses>16248001</misses>
				<total>25</total>
				<timestamp>6005.748792</timestamp>
			</report>
			<report>
				<misses>16249001</misses>
				<total>24</total>
				<timestamp>6006.118515</timestamp>
			</report>
			<report>
				<misses>16250001</misses>
				<total>25</total>
				<timestamp>6006.488052</timestamp>
			</report>
			<report>
				<misses>16251001</misses>
				<total>25</total>
				<timestamp>6006.857705</timestamp>
			</report>
			<report>
				<misses>16252001</misses>
				<total>25</total>
				<timestamp>6007.227294</timestamp>
			</report>
			<report>
				<misses>16253001</misses>
				<total>25</total>
				<timestamp>6007.597011</timestamp>
			</report>
			<report>
				<misses>16254001</misses>
				<total>25</total>
				<timestamp>6007.966555</timestamp>
			</report>
			<report>
				<misses>16255001</misses>
				<total>25</total>
				<timestamp>6008.336172</timestamp>
			</report>
			<report>
				<misses>16256001</misses>
				<total>25</total>
				<timestamp>6008.705855</timestamp>
			</report>
			<report>
				<misses>16257001</misses>
				<total>24</total>
				<timestamp>6009.075567</timestamp>
			</report>
			<report>
				<misses>16258001</misses>
				<total>25</total>
				<timestamp>6009.445083</timestamp>
			</report>
			<report>
				<misses>16259001</misses>
				<total>25</total>
				<timestamp>6009.814736</timestamp>
			</report>
			<report>
				<misses>16260001</misses>
				<total>25</total>
				<timestamp>6010.184341</timestamp>
			</report>
			<report>
				<misses>16261001</misses>
				<total>25</total>
				<timestamp>6010.553999</timestamp>
			</report>
			<report>
				<misses>16262001</misses>
				<total>25</total>
				<timestamp>6010.923620</timestamp>
			</report>
			<report>
				<misses>16263001</misses>
				<total>24</total>
				<timestamp>6011.293318</timestamp>
			</report>
			<report>
				<misses>16264001</misses>
				<total>25</total>
				<timestamp>6011.662898</timestamp>
			</report>
			<report>
				<misses>16265001</misses>
				<total>25</total>
				<timestamp>6012.032548</timestamp>
			</report>
			<report>
				<misses>16266001</misses>
				<total>25</total>
				<timestamp>6012.402128</timestamp>
			</report>
			<report>
				<misses>16267001</misses>
				<total>25</total>
				<timestamp>6012.771746</timestamp>
			</report>
			<report>
				<misses>16268001</misses>
				<total>24</total>
				<timestamp>6013.141539</timestamp>
			</report>
			<report>
				<misses>16269001</misses>
				<total>25</total>
				<timestamp>6013.511080</timestamp>
			</report>
			<report>
				<misses>16270001</misses>
				<total>25</total>
				<timestamp>6013.880685</timestamp>
			</report>
			<report>
				<misses>16271001</misses>
				<total>25</total>
				<timestamp>6014.250293</timestamp>
			</report>
			<report>
				<misses>16272001</misses>
				<total>25</total>
				<timestamp>6014.619925</timestamp>
			</report>
			<report>
				<misses>16273001</misses>
				<total>25</total>
				<timestamp>6014.989568</timestamp>
			</report>
			<report>
				<misses>16274001</misses>
				<total>25</total>
				<timestamp>6015.359161</timestamp>
			</report>
			<report>
				<misses>16275001</misses>
				<total>25</total>
				<timestamp>6015.728827</timestamp>
			</report>
			<report>
				<misses>16276001</misses>
				<total>25</total>
				<timestamp>6016.098430</timestamp>
			</report>
			<report>
				<misses>16277001</misses>
				<total>25</total>
				<timestamp>6016.468088</timestamp>
			</report>
			<report>
				<misses>16278001</misses>
				<total>25</total>
				<timestamp>6016.837740</timestamp>
			</report>
			<report>
				<misses>16279001</misses>
				<total>25</total>
				<timestamp>6017.207341</timestamp>
			</report>
			<report>
				<misses>16280001</misses>
				<total>25</total>
				<timestamp>6017.576949</timestamp>
			</report>
			<report>
				<misses>16281001</misses>
				<total>25</total>
				<timestamp>6017.946602</timestamp>
			</report>
			<report>
				<misses>16282001</misses>
				<total>24</total>
				<timestamp>6018.316289</timestamp>
			</report>
			<report>
				<misses>16283001</misses>
				<total>25</total>
				<timestamp>6018.685928</timestamp>
			</report>
			<report>
				<misses>16284001</misses>
				<total>25</total>
				<timestamp>6019.055460</timestamp>
			</report>
			<report>
				<misses>16285001</misses>
				<total>25</total>
				<timestamp>6019.425147</timestamp>
			</report>
			<report>
				<misses>16286001</misses>
				<total>25</total>
				<timestamp>6019.794807</timestamp>
			</report>
			<report>
				<misses>16287001</misses>
				<total>25</total>
				<timestamp>6020.164357</timestamp>
			</report>
			<report>
				<misses>16288001</misses>
				<total>25</total>
				<timestamp>6020.533996</timestamp>
			</report>
			<report>
				<misses>16289001</misses>
				<total>25</total>
				<timestamp>6020.903614</timestamp>
			</report>
			<report>
				<misses>16290001</misses>
				<total>25</total>
				<timestamp>6021.273277</timestamp>
			</report>
			<report>
				<misses>16291001</misses>
				<total>25</total>
				<timestamp>6021.642906</timestamp>
			</report>
			<report>
				<misses>16292001</misses>
				<total>25</total>
				<timestamp>6022.012500</timestamp>
			</report>
			<report>
				<misses>16293001</misses>
				<total>25</total>
				<timestamp>6022.382163</timestamp>
			</report>
			<report>
				<misses>16294001</misses>
				<total>24</total>
				<timestamp>6022.751868</timestamp>
			</report>
			<report>
				<misses>16295001</misses>
				<total>25</total>
				<timestamp>6023.121387</timestamp>
			</report>
			<report>
				<misses>16296001</misses>
				<total>25</total>
				<timestamp>6023.491047</timestamp>
			</report>
			<report>
				<misses>16297001</misses>
				<total>25</total>
				<timestamp>6023.860738</timestamp>
			</report>
			<report>
				<misses>16298001</misses>
				<total>25</total>
				<timestamp>6024.230354</timestamp>
			</report>
			<report>
				<misses>16299001</misses>
				<total>25</total>
				<timestamp>6024.599920</timestamp>
			</report>
			<report>
				<misses>16300001</misses>
				<total>25</total>
				<timestamp>6024.969554</timestamp>
			</report>
			<report>
				<misses>16301001</misses>
				<total>25</total>
				<timestamp>6025.339207</timestamp>
			</report>
			<report>
				<misses>16302001</misses>
				<total>25</total>
				<timestamp>6025.708898</timestamp>
			</report>
			<report>
				<misses>16303001</misses>
				<total>25</total>
				<timestamp>6026.078427</timestamp>
			</report>
			<report>
				<misses>16304001</misses>
				<total>25</total>
				<timestamp>6026.448063</timestamp>
			</report>
			<report>
				<misses>16305001</misses>
				<total>25</total>
				<timestamp>6026.817711</timestamp>
			</report>
			<report>
				<misses>16306001</misses>
				<total>25</total>
				<timestamp>6027.187318</timestamp>
			</report>
			<report>
				<misses>16307001</misses>
				<total>25</total>
				<timestamp>6027.556997</timestamp>
			</report>
			<report>
				<misses>16308001</misses>
				<total>25</total>
				<timestamp>6027.926599</timestamp>
			</report>
			<report>
				<misses>16309001</misses>
				<total>25</total>
				<timestamp>6028.296229</timestamp>
			</report>
			<report>
				<misses>16310001</misses>
				<total>25</total>
				<timestamp>6028.665909</timestamp>
			</report>
			<report>
				<misses>16311001</misses>
				<total>25</total>
				<timestamp>6029.035560</timestamp>
			</report>
			<report>
				<misses>16312001</misses>
				<total>25</total>
				<timestamp>6029.405114</timestamp>
			</report>
			<report>
				<misses>16313001</misses>
				<total>25</total>
				<timestamp>6029.774734</timestamp>
			</report>
			<report>
				<misses>16314001</misses>
				<total>25</total>
				<timestamp>6030.144399</timestamp>
			</report>
			<report>
				<misses>16315001</misses>
				<total>25</total>
				<timestamp>6030.513991</timestamp>
			</report>
			<report>
				<misses>16316001</misses>
				<total>25</total>
				<timestamp>6030.883620</timestamp>
			</report>
			<report>
				<misses>16317001</misses>
				<total>25</total>
				<timestamp>6031.253230</timestamp>
			</report>
			<report>
				<misses>16318001</misses>
				<total>25</total>
				<timestamp>6031.622897</timestamp>
			</report>
			<report>
				<misses>16319001</misses>
				<total>24</total>
				<timestamp>6031.992614</timestamp>
			</report>
			<report>
				<misses>16320001</misses>
				<total>25</total>
				<timestamp>6032.362153</timestamp>
			</report>
			<report>
				<misses>16321001</misses>
				<total>24</total>
				<timestamp>6032.731866</timestamp>
			</report>
			<report>
				<misses>16322001</misses>
				<total>25</total>
				<timestamp>6033.101410</timestamp>
			</report>
			<report>
				<misses>16323001</misses>
				<total>25</total>
				<timestamp>6033.471055</timestamp>
			</report>
			<report>
				<misses>16324001</misses>
				<total>24</total>
				<timestamp>6033.840769</timestamp>
			</report>
			<report>
				<misses>16325001</misses>
				<total>25</total>
				<timestamp>6034.210332</timestamp>
			</report>
			<report>
				<misses>16326001</misses>
				<total>25</total>
				<timestamp>6034.579919</timestamp>
			</report>
			<report>
				<misses>16327001</misses>
				<total>25</total>
				<timestamp>6034.949546</timestamp>
			</report>
			<report>
				<misses>16328001</misses>
				<total>25</total>
				<timestamp>6035.319230</timestamp>
			</report>
			<report>
				<misses>16329001</misses>
				<total>25</total>
				<timestamp>6035.688851</timestamp>
			</report>
			<report>
				<misses>16330001</misses>
				<total>25</total>
				<timestamp>6036.058447</timestamp>
			</report>
			<report>
				<misses>16331001</misses>
				<total>25</total>
				<timestamp>6036.428151</timestamp>
			</report>
			<report>
				<misses>16332001</misses>
				<total>25</total>
				<timestamp>6036.797791</timestamp>
			</report>
			<report>
				<misses>16333001</misses>
				<total>25</total>
				<timestamp>6037.167400</timestamp>
			</report>
			<report>
				<misses>16334001</misses>
				<total>25</total>
				<timestamp>6037.536955</timestamp>
			</report>
			<report>
				<misses>16335001</misses>
				<total>25</total>
				<timestamp>6037.906669</timestamp>
			</report>
			<report>
				<misses>16336001</misses>
				<total>25</total>
				<timestamp>6038.276216</timestamp>
			</report>
			<report>
				<misses>16337001</misses>
				<total>25</total>
				<timestamp>6038.645839</timestamp>
			</report>
			<report>
				<misses>16338001</misses>
				<total>25</total>
				<timestamp>6039.015522</timestamp>
			</report>
			<report>
				<misses>16339001</misses>
				<total>25</total>
				<timestamp>6039.385119</timestamp>
			</report>
			<report>
				<misses>16340001</misses>
				<total>25</total>
				<timestamp>6039.754751</timestamp>
			</report>
			<report>
				<misses>16341001</misses>
				<total>24</total>
				<timestamp>6040.124456</timestamp>
			</report>
			<report>
				<misses>16342001</misses>
				<total>25</total>
				<timestamp>6040.494007</timestamp>
			</report>
			<report>
				<misses>16343001</misses>
				<total>25</total>
				<timestamp>6040.863657</timestamp>
			</report>
			<report>
				<misses>16344001</misses>
				<total>25</total>
				<timestamp>6041.233332</timestamp>
			</report>
			<report>
				<misses>16345001</misses>
				<total>25</total>
				<timestamp>6041.602930</timestamp>
			</report>
			<report>
				<misses>16346001</misses>
				<total>25</total>
				<timestamp>6041.972522</timestamp>
			</report>
			<report>
				<misses>16347001</misses>
				<total>25</total>
				<timestamp>6042.342230</timestamp>
			</report>
			<report>
				<misses>16348001</misses>
				<total>25</total>
				<timestamp>6042.711789</timestamp>
			</report>
			<report>
				<misses>16349001</misses>
				<total>25</total>
				<timestamp>6043.081436</timestamp>
			</report>
			<report>
				<misses>16350001</misses>
				<total>25</total>
				<timestamp>6043.451089</timestamp>
			</report>
			<report>
				<misses>16351001</misses>
				<total>25</total>
				<timestamp>6043.820751</timestamp>
			</report>
			<report>
				<misses>16352001</misses>
				<total>25</total>
				<timestamp>6044.190298</timestamp>
			</report>
			<report>
				<misses>16353001</misses>
				<total>25</total>
				<timestamp>6044.559926</timestamp>
			</report>
			<report>
				<misses>16354001</misses>
				<total>25</total>
				<timestamp>6044.929635</timestamp>
			</report>
			<report>
				<misses>16355001</misses>
				<total>25</total>
				<timestamp>6045.299243</timestamp>
			</report>
			<report>
				<misses>16356001</misses>
				<total>25</total>
				<timestamp>6045.668874</timestamp>
			</report>
			<report>
				<misses>16357001</misses>
				<total>25</total>
				<timestamp>6046.038437</timestamp>
			</report>
			<report>
				<misses>16358001</misses>
				<total>25</total>
				<timestamp>6046.408122</timestamp>
			</report>
			<report>
				<misses>16359001</misses>
				<total>25</total>
				<timestamp>6046.777775</timestamp>
			</report>
			<report>
				<misses>16360001</misses>
				<total>25</total>
				<timestamp>6047.147365</timestamp>
			</report>
			<report>
				<misses>16361001</misses>
				<total>25</total>
				<timestamp>6047.516971</timestamp>
			</report>
			<report>
				<misses>16362001</misses>
				<total>25</total>
				<timestamp>6047.886669</timestamp>
			</report>
			<report>
				<misses>16363001</misses>
				<total>25</total>
				<timestamp>6048.256266</timestamp>
			</report>
			<report>
				<misses>16364001</misses>
				<total>25</total>
				<timestamp>6048.625909</timestamp>
			</report>
			<report>
				<misses>16365001</misses>
				<total>24</total>
				<timestamp>6048.995608</timestamp>
			</report>
			<report>
				<misses>16366001</misses>
				<total>25</total>
				<timestamp>6049.365147</timestamp>
			</report>
			<report>
				<misses>16367001</misses>
				<total>25</total>
				<timestamp>6049.734766</timestamp>
			</report>
			<report>
				<misses>16368001</misses>
				<total>25</total>
				<timestamp>6050.104368</timestamp>
			</report>
			<report>
				<misses>16369001</misses>
				<total>25</total>
				<timestamp>6050.474075</timestamp>
			</report>
			<report>
				<misses>16370001</misses>
				<total>25</total>
				<timestamp>6050.843648</timestamp>
			</report>
			<report>
				<misses>16371001</misses>
				<total>25</total>
				<timestamp>6051.213313</timestamp>
			</report>
			<report>
				<misses>16372001</misses>
				<total>25</total>
				<timestamp>6051.582899</timestamp>
			</report>
			<report>
				<misses>16373001</misses>
				<total>25</total>
				<timestamp>6051.952595</timestamp>
			</report>
			<report>
				<misses>16374001</misses>
				<total>25</total>
				<timestamp>6052.322204</timestamp>
			</report>
			<report>
				<misses>16375001</misses>
				<total>25</total>
				<timestamp>6052.691840</timestamp>
			</report>
			<report>
				<misses>16376001</misses>
				<total>25</total>
				<timestamp>6053.061452</timestamp>
			</report>
			<report>
				<misses>16377001</misses>
				<total>25</total>
				<timestamp>6053.431080</timestamp>
			</report>
			<report>
				<misses>16378001</misses>
				<total>25</total>
				<timestamp>6053.800757</timestamp>
			</report>
			<report>
				<misses>16379001</misses>
				<total>24</total>
				<timestamp>6054.170412</timestamp>
			</report>
			<report>
				<misses>16380001</misses>
				<total>25</total>
				<timestamp>6054.539991</timestamp>
			</report>
			<report>
				<misses>16381001</misses>
				<total>25</total>
				<timestamp>6054.909607</timestamp>
			</report>
			<report>
				<misses>16382001</misses>
				<total>25</total>
				<timestamp>6055.279212</timestamp>
			</report>
			<report>
				<misses>16383001</misses>
				<total>25</total>
				<timestamp>6055.648876</timestamp>
			</report>
			<report>
				<misses>16384001</misses>
				<total>25</total>
				<timestamp>6056.018562</timestamp>
			</report>
			<report>
				<misses>16385001</misses>
				<total>25</total>
				<timestamp>6056.388083</timestamp>
			</report>
			<report>
				<misses>16386001</misses>
				<total>25</total>
				<timestamp>6056.757769</timestamp>
			</report>
			<report>
				<misses>16387001</misses>
				<total>25</total>
				<timestamp>6057.127405</timestamp>
			</report>
			<report>
				<misses>16388001</misses>
				<total>25</total>
				<timestamp>6057.496993</timestamp>
			</report>
			<report>
				<misses>16389001</misses>
				<total>25</total>
				<timestamp>6057.866695</timestamp>
			</report>
			<report>
				<misses>16390001</misses>
				<total>25</total>
				<timestamp>6058.236292</timestamp>
			</report>
			<report>
				<misses>16391001</misses>
				<total>25</total>
				<timestamp>6058.605920</timestamp>
			</report>
			<report>
				<misses>16392001</misses>
				<total>25</total>
				<timestamp>6058.975543</timestamp>
			</report>
			<report>
				<misses>16393001</misses>
				<total>25</total>
				<timestamp>6059.345152</timestamp>
			</report>
			<report>
				<misses>16394001</misses>
				<total>25</total>
				<timestamp>6059.714807</timestamp>
			</report>
			<report>
				<misses>16395001</misses>
				<total>25</total>
				<timestamp>6060.084391</timestamp>
			</report>
			<report>
				<misses>16396001</misses>
				<total>25</total>
				<timestamp>6060.454066</timestamp>
			</report>
			<report>
				<misses>16397001</misses>
				<total>25</total>
				<timestamp>6060.823655</timestamp>
			</report>
			<report>
				<misses>16398001</misses>
				<total>25</total>
				<timestamp>6061.193291</timestamp>
			</report>
			<report>
				<misses>16399001</misses>
				<total>24</total>
				<timestamp>6061.563046</timestamp>
			</report>
			<report>
				<misses>16400001</misses>
				<total>25</total>
				<timestamp>6061.932549</timestamp>
			</report>
			<report>
				<misses>16401001</misses>
				<total>25</total>
				<timestamp>6062.302235</timestamp>
			</report>
			<report>
				<misses>16402001</misses>
				<total>25</total>
				<timestamp>6062.671786</timestamp>
			</report>
			<report>
				<misses>16403001</misses>
				<total>25</total>
				<timestamp>6063.041433</timestamp>
			</report>
			<report>
				<misses>16404001</misses>
				<total>25</total>
				<timestamp>6063.411110</timestamp>
			</report>
			<report>
				<misses>16405001</misses>
				<total>25</total>
				<timestamp>6063.780727</timestamp>
			</report>
			<report>
				<misses>16406001</misses>
				<total>25</total>
				<timestamp>6064.150358</timestamp>
			</report>
			<report>
				<misses>16407001</misses>
				<total>25</total>
				<timestamp>6064.520014</timestamp>
			</report>
			<report>
				<misses>16408001</misses>
				<total>25</total>
				<timestamp>6064.889601</timestamp>
			</report>
			<report>
				<misses>16409001</misses>
				<total>24</total>
				<timestamp>6065.259292</timestamp>
			</report>
			<report>
				<misses>16410001</misses>
				<total>25</total>
				<timestamp>6065.628867</timestamp>
			</report>
			<report>
				<misses>16411001</misses>
				<total>25</total>
				<timestamp>6065.998487</timestamp>
			</report>
			<report>
				<misses>16412001</misses>
				<total>25</total>
				<timestamp>6066.368156</timestamp>
			</report>
			<report>
				<misses>16413001</misses>
				<total>25</total>
				<timestamp>6066.737718</timestamp>
			</report>
			<report>
				<misses>16414001</misses>
				<total>25</total>
				<timestamp>6067.107384</timestamp>
			</report>
			<report>
				<misses>16415001</misses>
				<total>25</total>
				<timestamp>6067.476993</timestamp>
			</report>
			<report>
				<misses>16416001</misses>
				<total>25</total>
				<timestamp>6067.846643</timestamp>
			</report>
			<report>
				<misses>16417001</misses>
				<total>25</total>
				<timestamp>6068.216304</timestamp>
			</report>
			<report>
				<misses>16418001</misses>
				<total>25</total>
				<timestamp>6068.585907</timestamp>
			</report>
			<report>
				<misses>16419001</misses>
				<total>25</total>
				<timestamp>6068.955549</timestamp>
			</report>
			<report>
				<misses>16420001</misses>
				<total>25</total>
				<timestamp>6069.325163</timestamp>
			</report>
			<report>
				<misses>16421001</misses>
				<total>25</total>
				<timestamp>6069.694776</timestamp>
			</report>
			<report>
				<misses>16422001</misses>
				<total>25</total>
				<timestamp>6070.064434</timestamp>
			</report>
			<report>
				<misses>16423001</misses>
				<total>24</total>
				<timestamp>6070.434145</timestamp>
			</report>
			<report>
				<misses>16424001</misses>
				<total>25</total>
				<timestamp>6070.803660</timestamp>
			</report>
			<report>
				<misses>16425001</misses>
				<total>25</total>
				<timestamp>6071.173300</timestamp>
			</report>
			<report>
				<misses>16426001</misses>
				<total>24</total>
				<timestamp>6071.543016</timestamp>
			</report>
			<report>
				<misses>16427001</misses>
				<total>25</total>
				<timestamp>6071.912631</timestamp>
			</report>
			<report>
				<misses>16428001</misses>
				<total>24</total>
				<timestamp>6072.282272</timestamp>
			</report>
			<report>
				<misses>16429001</misses>
				<total>25</total>
				<timestamp>6072.651859</timestamp>
			</report>
			<report>
				<misses>16430001</misses>
				<total>24</total>
				<timestamp>6073.021577</timestamp>
			</report>
			<report>
				<misses>16431001</misses>
				<total>24</total>
				<timestamp>6073.391168</timestamp>
			</report>
			<report>
				<misses>16432001</misses>
				<total>24</total>
				<timestamp>6073.760826</timestamp>
			</report>
			<report>
				<misses>16433001</misses>
				<total>25</total>
				<timestamp>6074.130355</timestamp>
			</report>
			<report>
				<misses>16434001</misses>
				<total>25</total>
				<timestamp>6074.499991</timestamp>
			</report>
			<report>
				<misses>16435001</misses>
				<total>25</total>
				<timestamp>6074.869623</timestamp>
			</report>
			<report>
				<misses>16436001</misses>
				<total>25</total>
				<timestamp>6075.239234</timestamp>
			</report>
			<report>
				<misses>16437001</misses>
				<total>25</total>
				<timestamp>6075.608874</timestamp>
			</report>
			<report>
				<misses>16438001</misses>
				<total>25</total>
				<timestamp>6075.978517</timestamp>
			</report>
			<report>
				<misses>16439001</misses>
				<total>25</total>
				<timestamp>6076.348129</timestamp>
			</report>
			<report>
				<misses>16440001</misses>
				<total>25</total>
				<timestamp>6076.717797</timestamp>
			</report>
			<report>
				<misses>16441001</misses>
				<total>25</total>
				<timestamp>6077.087383</timestamp>
			</report>
			<report>
				<misses>16442001</misses>
				<total>25</total>
				<timestamp>6077.457044</timestamp>
			</report>
			<report>
				<misses>16443001</misses>
				<total>25</total>
				<timestamp>6077.826674</timestamp>
			</report>
			<report>
				<misses>16444001</misses>
				<total>25</total>
				<timestamp>6078.196323</timestamp>
			</report>
			<report>
				<misses>16445001</misses>
				<total>25</total>
				<timestamp>6078.565944</timestamp>
			</report>
			<report>
				<misses>16446001</misses>
				<total>24</total>
				<timestamp>6078.935633</timestamp>
			</report>
			<report>
				<misses>16447001</misses>
				<total>25</total>
				<timestamp>6079.305211</timestamp>
			</report>
			<report>
				<misses>16448001</misses>
				<total>25</total>
				<timestamp>6079.674778</timestamp>
			</report>
			<report>
				<misses>16449001</misses>
				<total>25</total>
				<timestamp>6080.044454</timestamp>
			</report>
			<report>
				<misses>16450001</misses>
				<total>25</total>
				<timestamp>6080.414030</timestamp>
			</report>
			<report>
				<misses>16451001</misses>
				<total>25</total>
				<timestamp>6080.783666</timestamp>
			</report>
			<report>
				<misses>16452001</misses>
				<total>25</total>
				<timestamp>6081.153335</timestamp>
			</report>
			<report>
				<misses>16453001</misses>
				<total>25</total>
				<timestamp>6081.522953</timestamp>
			</report>
			<report>
				<misses>16454001</misses>
				<total>25</total>
				<timestamp>6081.892583</timestamp>
			</report>
			<report>
				<misses>16455001</misses>
				<total>25</total>
				<timestamp>6082.262202</timestamp>
			</report>
			<report>
				<misses>16456001</misses>
				<total>24</total>
				<timestamp>6082.631915</timestamp>
			</report>
			<report>
				<misses>16457001</misses>
				<total>25</total>
				<timestamp>6083.001488</timestamp>
			</report>
			<report>
				<misses>16458001</misses>
				<total>25</total>
				<timestamp>6083.371120</timestamp>
			</report>
			<report>
				<misses>16459001</misses>
				<total>25</total>
				<timestamp>6083.740708</timestamp>
			</report>
			<report>
				<misses>16460001</misses>
				<total>25</total>
				<timestamp>6084.110437</timestamp>
			</report>
			<report>
				<misses>16461001</misses>
				<total>25</total>
				<timestamp>6084.479989</timestamp>
			</report>
			<report>
				<misses>16462001</misses>
				<total>25</total>
				<timestamp>6084.849619</timestamp>
			</report>
			<report>
				<misses>16463001</misses>
				<total>25</total>
				<timestamp>6085.219219</timestamp>
			</report>
			<report>
				<misses>16464001</misses>
				<total>25</total>
				<timestamp>6085.588899</timestamp>
			</report>
			<report>
				<misses>16465001</misses>
				<total>25</total>
				<timestamp>6085.958555</timestamp>
			</report>
			<report>
				<misses>16466001</misses>
				<total>25</total>
				<timestamp>6086.328125</timestamp>
			</report>
			<report>
				<misses>16467001</misses>
				<total>25</total>
				<timestamp>6086.697792</timestamp>
			</report>
			<report>
				<misses>16468001</misses>
				<total>25</total>
				<timestamp>6087.067480</timestamp>
			</report>
			<report>
				<misses>16469001</misses>
				<total>24</total>
				<timestamp>6087.437147</timestamp>
			</report>
			<report>
				<misses>16470001</misses>
				<total>25</total>
				<timestamp>6087.806631</timestamp>
			</report>
			<report>
				<misses>16471001</misses>
				<total>25</total>
				<timestamp>6088.176313</timestamp>
			</report>
			<report>
				<misses>16472001</misses>
				<total>25</total>
				<timestamp>6088.545917</timestamp>
			</report>
			<report>
				<misses>16473001</misses>
				<total>25</total>
				<timestamp>6088.915556</timestamp>
			</report>
			<report>
				<misses>16474001</misses>
				<total>25</total>
				<timestamp>6089.285155</timestamp>
			</report>
			<report>
				<misses>16475001</misses>
				<total>25</total>
				<timestamp>6089.654789</timestamp>
			</report>
			<report>
				<misses>16476001</misses>
				<total>25</total>
				<timestamp>6090.024437</timestamp>
			</report>
			<report>
				<misses>16477001</misses>
				<total>25</total>
				<timestamp>6090.394078</timestamp>
			</report>
			<report>
				<misses>16478001</misses>
				<total>25</total>
				<timestamp>6090.763680</timestamp>
			</report>
			<report>
				<misses>16479001</misses>
				<total>25</total>
				<timestamp>6091.133387</timestamp>
			</report>
			<report>
				<misses>16480001</misses>
				<total>25</total>
				<timestamp>6091.503017</timestamp>
			</report>
			<report>
				<misses>16481001</misses>
				<total>25</total>
				<timestamp>6091.872616</timestamp>
			</report>
			<report>
				<misses>16482001</misses>
				<total>25</total>
				<timestamp>6092.242195</timestamp>
			</report>
			<report>
				<misses>16483001</misses>
				<total>25</total>
				<timestamp>6092.611896</timestamp>
			</report>
			<report>
				<misses>16484001</misses>
				<total>25</total>
				<timestamp>6092.981479</timestamp>
			</report>
			<report>
				<misses>16485001</misses>
				<total>25</total>
				<timestamp>6093.351104</timestamp>
			</report>
			<report>
				<misses>16486001</misses>
				<total>25</total>
				<timestamp>6093.720771</timestamp>
			</report>
			<report>
				<misses>16487001</misses>
				<total>25</total>
				<timestamp>6094.090389</timestamp>
			</report>
			<report>
				<misses>16488001</misses>
				<total>25</total>
				<timestamp>6094.460014</timestamp>
			</report>
			<report>
				<misses>16489001</misses>
				<total>25</total>
				<timestamp>6094.829628</timestamp>
			</report>
			<report>
				<misses>16490001</misses>
				<total>25</total>
				<timestamp>6095.199334</timestamp>
			</report>
			<report>
				<misses>16491001</misses>
				<total>25</total>
				<timestamp>6095.568867</timestamp>
			</report>
			<report>
				<misses>16492001</misses>
				<total>25</total>
				<timestamp>6095.938502</timestamp>
			</report>
			<report>
				<misses>16493001</misses>
				<total>25</total>
				<timestamp>6096.308144</timestamp>
			</report>
			<report>
				<misses>16494001</misses>
				<total>25</total>
				<timestamp>6096.677797</timestamp>
			</report>
			<report>
				<misses>16495001</misses>
				<total>25</total>
				<timestamp>6097.047412</timestamp>
			</report>
			<report>
				<misses>16496001</misses>
				<total>25</total>
				<timestamp>6097.417041</timestamp>
			</report>
			<report>
				<misses>16497001</misses>
				<total>25</total>
				<timestamp>6097.786699</timestamp>
			</report>
			<report>
				<misses>16498001</misses>
				<total>25</total>
				<timestamp>6098.156358</timestamp>
			</report>
			<report>
				<misses>16499001</misses>
				<total>24</total>
				<timestamp>6098.526054</timestamp>
			</report>
			<report>
				<misses>16500001</misses>
				<total>25</total>
				<timestamp>6098.895553</timestamp>
			</report>
			<report>
				<misses>16501001</misses>
				<total>25</total>
				<timestamp>6099.265211</timestamp>
			</report>
			<report>
				<misses>16502001</misses>
				<total>25</total>
				<timestamp>6099.634885</timestamp>
			</report>
			<report>
				<misses>16503001</misses>
				<total>25</total>
				<timestamp>6100.004475</timestamp>
			</report>
			<report>
				<misses>16504001</misses>
				<total>25</total>
				<timestamp>6100.374058</timestamp>
			</report>
			<report>
				<misses>16505001</misses>
				<total>25</total>
				<timestamp>6100.743749</timestamp>
			</report>
			<report>
				<misses>16506001</misses>
				<total>24</total>
				<timestamp>6101.113426</timestamp>
			</report>
			<report>
				<misses>16507001</misses>
				<total>25</total>
				<timestamp>6101.482996</timestamp>
			</report>
			<report>
				<misses>16508001</misses>
				<total>25</total>
				<timestamp>6101.852660</timestamp>
			</report>
			<report>
				<misses>16509001</misses>
				<total>25</total>
				<timestamp>6102.222240</timestamp>
			</report>
			<report>
				<misses>16510001</misses>
				<total>25</total>
				<timestamp>6102.591877</timestamp>
			</report>
			<report>
				<misses>16511001</misses>
				<total>25</total>
				<timestamp>6102.961520</timestamp>
			</report>
			<report>
				<misses>16512001</misses>
				<total>25</total>
				<timestamp>6103.331153</timestamp>
			</report>
			<report>
				<misses>16513001</misses>
				<total>25</total>
				<timestamp>6103.700745</timestamp>
			</report>
			<report>
				<misses>16514001</misses>
				<total>25</total>
				<timestamp>6104.070380</timestamp>
			</report>
			<report>
				<misses>16515001</misses>
				<total>25</total>
				<timestamp>6104.440023</timestamp>
			</report>
			<report>
				<misses>16516001</misses>
				<total>25</total>
				<timestamp>6104.809648</timestamp>
			</report>
			<report>
				<misses>16517001</misses>
				<total>24</total>
				<timestamp>6105.179395</timestamp>
			</report>
			<report>
				<misses>16518001</misses>
				<total>25</total>
				<timestamp>6105.548903</timestamp>
			</report>
			<report>
				<misses>16519001</misses>
				<total>25</total>
				<timestamp>6105.918534</timestamp>
			</report>
			<report>
				<misses>16520001</misses>
				<total>25</total>
				<timestamp>6106.288256</timestamp>
			</report>
			<report>
				<misses>16521001</misses>
				<total>25</total>
				<timestamp>6106.657801</timestamp>
			</report>
			<report>
				<misses>16522001</misses>
				<total>25</total>
				<timestamp>6107.027397</timestamp>
			</report>
			<report>
				<misses>16523001</misses>
				<total>25</total>
				<timestamp>6107.397054</timestamp>
			</report>
			<report>
				<misses>16524001</misses>
				<total>25</total>
				<timestamp>6107.766667</timestamp>
			</report>
			<report>
				<misses>16525001</misses>
				<total>25</total>
				<timestamp>6108.136316</timestamp>
			</report>
			<report>
				<misses>16526001</misses>
				<total>25</total>
				<timestamp>6108.505905</timestamp>
			</report>
			<report>
				<misses>16527001</misses>
				<total>25</total>
				<timestamp>6108.875557</timestamp>
			</report>
			<report>
				<misses>16528001</misses>
				<total>25</total>
				<timestamp>6109.245298</timestamp>
			</report>
			<report>
				<misses>16529001</misses>
				<total>25</total>
				<timestamp>6109.614833</timestamp>
			</report>
			<report>
				<misses>16530001</misses>
				<total>25</total>
				<timestamp>6109.984472</timestamp>
			</report>
			<report>
				<misses>16531001</misses>
				<total>25</total>
				<timestamp>6110.354101</timestamp>
			</report>
			<report>
				<misses>16532001</misses>
				<total>25</total>
				<timestamp>6110.723726</timestamp>
			</report>
			<report>
				<misses>16533001</misses>
				<total>25</total>
				<timestamp>6111.093392</timestamp>
			</report>
			<report>
				<misses>16534001</misses>
				<total>25</total>
				<timestamp>6111.463028</timestamp>
			</report>
			<report>
				<misses>16535001</misses>
				<total>25</total>
				<timestamp>6111.832592</timestamp>
			</report>
			<report>
				<misses>16536001</misses>
				<total>25</total>
				<timestamp>6112.202290</timestamp>
			</report>
			<report>
				<misses>16537001</misses>
				<total>25</total>
				<timestamp>6112.571927</timestamp>
			</report>
			<report>
				<misses>16538001</misses>
				<total>25</total>
				<timestamp>6112.941465</timestamp>
			</report>
			<report>
				<misses>16539001</misses>
				<total>25</total>
				<timestamp>6113.311125</timestamp>
			</report>
			<report>
				<misses>16540001</misses>
				<total>25</total>
				<timestamp>6113.680792</timestamp>
			</report>
			<report>
				<misses>16541001</misses>
				<total>25</total>
				<timestamp>6114.050385</timestamp>
			</report>
			<report>
				<misses>16542001</misses>
				<total>25</total>
				<timestamp>6114.420056</timestamp>
			</report>
			<report>
				<misses>16543001</misses>
				<total>25</total>
				<timestamp>6114.789612</timestamp>
			</report>
			<report>
				<misses>16544001</misses>
				<total>25</total>
				<timestamp>6115.159260</timestamp>
			</report>
			<report>
				<misses>16545001</misses>
				<total>25</total>
				<timestamp>6115.528891</timestamp>
			</report>
			<report>
				<misses>16546001</misses>
				<total>25</total>
				<timestamp>6115.898547</timestamp>
			</report>
			<report>
				<misses>16547001</misses>
				<total>25</total>
				<timestamp>6116.268240</timestamp>
			</report>
			<report>
				<misses>16548001</misses>
				<total>25</total>
				<timestamp>6116.637808</timestamp>
			</report>
			<report>
				<misses>16549001</misses>
				<total>25</total>
				<timestamp>6117.007431</timestamp>
			</report>
			<report>
				<misses>16550001</misses>
				<total>25</total>
				<timestamp>6117.377050</timestamp>
			</report>
			<report>
				<misses>16551001</misses>
				<total>25</total>
				<timestamp>6117.746703</timestamp>
			</report>
			<report>
				<misses>16552001</misses>
				<total>25</total>
				<timestamp>6118.116326</timestamp>
			</report>
			<report>
				<misses>16553001</misses>
				<total>25</total>
				<timestamp>6118.485982</timestamp>
			</report>
			<report>
				<misses>16554001</misses>
				<total>25</total>
				<timestamp>6118.855633</timestamp>
			</report>
			<report>
				<misses>16555001</misses>
				<total>25</total>
				<timestamp>6119.225216</timestamp>
			</report>
			<report>
				<misses>16556001</misses>
				<total>25</total>
				<timestamp>6119.594901</timestamp>
			</report>
			<report>
				<misses>16557001</misses>
				<total>25</total>
				<timestamp>6119.964440</timestamp>
			</report>
			<report>
				<misses>16558001</misses>
				<total>25</total>
				<timestamp>6120.334094</timestamp>
			</report>
			<report>
				<misses>16559001</misses>
				<total>25</total>
				<timestamp>6120.703712</timestamp>
			</report>
			<report>
				<misses>16560001</misses>
				<total>24</total>
				<timestamp>6121.073424</timestamp>
			</report>
			<report>
				<misses>16561001</misses>
				<total>25</total>
				<timestamp>6121.442991</timestamp>
			</report>
			<report>
				<misses>16562001</misses>
				<total>25</total>
				<timestamp>6121.812608</timestamp>
			</report>
			<report>
				<misses>16563001</misses>
				<total>25</total>
				<timestamp>6122.182255</timestamp>
			</report>
			<report>
				<misses>16564001</misses>
				<total>25</total>
				<timestamp>6122.551907</timestamp>
			</report>
			<report>
				<misses>16565001</misses>
				<total>25</total>
				<timestamp>6122.921481</timestamp>
			</report>
			<report>
				<misses>16566001</misses>
				<total>24</total>
				<timestamp>6123.291268</timestamp>
			</report>
			<report>
				<misses>16567001</misses>
				<total>25</total>
				<timestamp>6123.660790</timestamp>
			</report>
			<report>
				<misses>16568001</misses>
				<total>25</total>
				<timestamp>6124.030407</timestamp>
			</report>
			<report>
				<misses>16569001</misses>
				<total>25</total>
				<timestamp>6124.400017</timestamp>
			</report>
			<report>
				<misses>16570001</misses>
				<total>25</total>
				<timestamp>6124.769702</timestamp>
			</report>
			<report>
				<misses>16571001</misses>
				<total>25</total>
				<timestamp>6125.139343</timestamp>
			</report>
			<report>
				<misses>16572001</misses>
				<total>24</total>
				<timestamp>6125.509015</timestamp>
			</report>
			<report>
				<misses>16573001</misses>
				<total>25</total>
				<timestamp>6125.878567</timestamp>
			</report>
			<report>
				<misses>16574001</misses>
				<total>25</total>
				<timestamp>6126.248231</timestamp>
			</report>
			<report>
				<misses>16575001</misses>
				<total>25</total>
				<timestamp>6126.617857</timestamp>
			</report>
			<report>
				<misses>16576001</misses>
				<total>25</total>
				<timestamp>6126.987404</timestamp>
			</report>
			<report>
				<misses>16577001</misses>
				<total>25</total>
				<timestamp>6127.357090</timestamp>
			</report>
			<report>
				<misses>16578001</misses>
				<total>25</total>
				<timestamp>6127.726708</timestamp>
			</report>
			<report>
				<misses>16579001</misses>
				<total>25</total>
				<timestamp>6128.096337</timestamp>
			</report>
			<report>
				<misses>16580001</misses>
				<total>25</total>
				<timestamp>6128.466005</timestamp>
			</report>
			<report>
				<misses>16581001</misses>
				<total>25</total>
				<timestamp>6128.835564</timestamp>
			</report>
			<report>
				<misses>16582001</misses>
				<total>25</total>
				<timestamp>6129.205246</timestamp>
			</report>
			<report>
				<misses>16583001</misses>
				<total>25</total>
				<timestamp>6129.574906</timestamp>
			</report>
			<report>
				<misses>16584001</misses>
				<total>25</total>
				<timestamp>6129.944461</timestamp>
			</report>
			<report>
				<misses>16585001</misses>
				<total>24</total>
				<timestamp>6130.314217</timestamp>
			</report>
			<report>
				<misses>16586001</misses>
				<total>25</total>
				<timestamp>6130.683745</timestamp>
			</report>
			<report>
				<misses>16587001</misses>
				<total>25</total>
				<timestamp>6131.053353</timestamp>
			</report>
			<report>
				<misses>16588001</misses>
				<total>25</total>
				<timestamp>6131.423100</timestamp>
			</report>
			<report>
				<misses>16589001</misses>
				<total>25</total>
				<timestamp>6131.792619</timestamp>
			</report>
			<report>
				<misses>16590001</misses>
				<total>25</total>
				<timestamp>6132.162290</timestamp>
			</report>
			<report>
				<misses>16591001</misses>
				<total>25</total>
				<timestamp>6132.531857</timestamp>
			</report>
			<report>
				<misses>16592001</misses>
				<total>25</total>
				<timestamp>6132.901493</timestamp>
			</report>
			<report>
				<misses>16593001</misses>
				<total>24</total>
				<timestamp>6133.271276</timestamp>
			</report>
			<report>
				<misses>16594001</misses>
				<total>25</total>
				<timestamp>6133.640806</timestamp>
			</report>
			<report>
				<misses>16595001</misses>
				<total>25</total>
				<timestamp>6134.010398</timestamp>
			</report>
			<report>
				<misses>16596001</misses>
				<total>25</total>
				<timestamp>6134.380085</timestamp>
			</report>
			<report>
				<misses>16597001</misses>
				<total>25</total>
				<timestamp>6134.749648</timestamp>
			</report>
			<report>
				<misses>16598001</misses>
				<total>25</total>
				<timestamp>6135.119305</timestamp>
			</report>
			<report>
				<misses>16599001</misses>
				<total>25</total>
				<timestamp>6135.488914</timestamp>
			</report>
			<report>
				<misses>16600001</misses>
				<total>24</total>
				<timestamp>6135.858623</timestamp>
			</report>
			<report>
				<misses>16601001</misses>
				<total>25</total>
				<timestamp>6136.228219</timestamp>
			</report>
			<report>
				<misses>16602001</misses>
				<total>25</total>
				<timestamp>6136.597855</timestamp>
			</report>
			<report>
				<misses>16603001</misses>
				<total>25</total>
				<timestamp>6136.967445</timestamp>
			</report>
			<report>
				<misses>16604001</misses>
				<total>25</total>
				<timestamp>6137.337081</timestamp>
			</report>
			<report>
				<misses>16605001</misses>
				<total>25</total>
				<timestamp>6137.706708</timestamp>
			</report>
			<report>
				<misses>16606001</misses>
				<total>25</total>
				<timestamp>6138.076319</timestamp>
			</report>
			<report>
				<misses>16607001</misses>
				<total>25</total>
				<timestamp>6138.445987</timestamp>
			</report>
			<report>
				<misses>16608001</misses>
				<total>25</total>
				<timestamp>6138.815591</timestamp>
			</report>
			<report>
				<misses>16609001</misses>
				<total>25</total>
				<timestamp>6139.185219</timestamp>
			</report>
			<report>
				<misses>16610001</misses>
				<total>25</total>
				<timestamp>6139.554831</timestamp>
			</report>
			<report>
				<misses>16611001</misses>
				<total>25</total>
				<timestamp>6139.924463</timestamp>
			</report>
			<report>
				<misses>16612001</misses>
				<total>25</total>
				<timestamp>6140.294097</timestamp>
			</report>
			<report>
				<misses>16613001</misses>
				<total>25</total>
				<timestamp>6140.663729</timestamp>
			</report>
			<report>
				<misses>16614001</misses>
				<total>25</total>
				<timestamp>6141.033376</timestamp>
			</report>
			<report>
				<misses>16615001</misses>
				<total>25</total>
				<timestamp>6141.403014</timestamp>
			</report>
			<report>
				<misses>16616001</misses>
				<total>25</total>
				<timestamp>6141.772650</timestamp>
			</report>
			<report>
				<misses>16617001</misses>
				<total>25</total>
				<timestamp>6142.142242</timestamp>
			</report>
			<report>
				<misses>16618001</misses>
				<total>25</total>
				<timestamp>6142.511880</timestamp>
			</report>
			<report>
				<misses>16619001</misses>
				<total>25</total>
				<timestamp>6142.881560</timestamp>
			</report>
			<report>
				<misses>16620001</misses>
				<total>25</total>
				<timestamp>6143.251168</timestamp>
			</report>
			<report>
				<misses>16621001</misses>
				<total>25</total>
				<timestamp>6143.620777</timestamp>
			</report>
			<report>
				<misses>16622001</misses>
				<total>24</total>
				<timestamp>6143.990535</timestamp>
			</report>
			<report>
				<misses>16623001</misses>
				<total>24</total>
				<timestamp>6144.360164</timestamp>
			</report>
			<report>
				<misses>16624001</misses>
				<total>25</total>
				<timestamp>6144.729691</timestamp>
			</report>
			<report>
				<misses>16625001</misses>
				<total>25</total>
				<timestamp>6145.099284</timestamp>
			</report>
			<report>
				<misses>16626001</misses>
				<total>25</total>
				<timestamp>6145.468906</timestamp>
			</report>
			<report>
				<misses>16627001</misses>
				<total>25</total>
				<timestamp>6145.838587</timestamp>
			</report>
			<report>
				<misses>16628001</misses>
				<total>25</total>
				<timestamp>6146.208180</timestamp>
			</report>
			<report>
				<misses>16629001</misses>
				<total>25</total>
				<timestamp>6146.577797</timestamp>
			</report>
			<report>
				<misses>16630001</misses>
				<total>24</total>
				<timestamp>6146.947538</timestamp>
			</report>
			<report>
				<misses>16631001</misses>
				<total>25</total>
				<timestamp>6147.317157</timestamp>
			</report>
			<report>
				<misses>16632001</misses>
				<total>25</total>
				<timestamp>6147.686763</timestamp>
			</report>
			<report>
				<misses>16633001</misses>
				<total>25</total>
				<timestamp>6148.056330</timestamp>
			</report>
			<report>
				<misses>16634001</misses>
				<total>25</total>
				<timestamp>6148.425990</timestamp>
			</report>
			<report>
				<misses>16635001</misses>
				<total>24</total>
				<timestamp>6148.795720</timestamp>
			</report>
			<report>
				<misses>16636001</misses>
				<total>25</total>
				<timestamp>6149.165269</timestamp>
			</report>
			<report>
				<misses>16637001</misses>
				<total>25</total>
				<timestamp>6149.534847</timestamp>
			</report>
			<report>
				<misses>16638001</misses>
				<total>25</total>
				<timestamp>6149.904477</timestamp>
			</report>
			<report>
				<misses>16639001</misses>
				<total>25</total>
				<timestamp>6150.274161</timestamp>
			</report>
			<report>
				<misses>16640001</misses>
				<total>25</total>
				<timestamp>6150.643780</timestamp>
			</report>
			<report>
				<misses>16641001</misses>
				<total>25</total>
				<timestamp>6151.013389</timestamp>
			</report>
			<report>
				<misses>16642001</misses>
				<total>25</total>
				<timestamp>6151.383068</timestamp>
			</report>
			<report>
				<misses>16643001</misses>
				<total>25</total>
				<timestamp>6151.752652</timestamp>
			</report>
			<report>
				<misses>16644001</misses>
				<total>25</total>
				<timestamp>6152.122301</timestamp>
			</report>
			<report>
				<misses>16645001</misses>
				<total>24</total>
				<timestamp>6152.491989</timestamp>
			</report>
			<report>
				<misses>16646001</misses>
				<total>25</total>
				<timestamp>6152.861538</timestamp>
			</report>
			<report>
				<misses>16647001</misses>
				<total>25</total>
				<timestamp>6153.231210</timestamp>
			</report>
			<report>
				<misses>16648001</misses>
				<total>25</total>
				<timestamp>6153.600832</timestamp>
			</report>
			<report>
				<misses>16649001</misses>
				<total>25</total>
				<timestamp>6153.970417</timestamp>
			</report>
			<report>
				<misses>16650001</misses>
				<total>25</total>
				<timestamp>6154.340086</timestamp>
			</report>
			<report>
				<misses>16651001</misses>
				<total>25</total>
				<timestamp>6154.709672</timestamp>
			</report>
			<report>
				<misses>16652001</misses>
				<total>25</total>
				<timestamp>6155.079308</timestamp>
			</report>
			<report>
				<misses>16653001</misses>
				<total>24</total>
				<timestamp>6155.449030</timestamp>
			</report>
			<report>
				<misses>16654001</misses>
				<total>25</total>
				<timestamp>6155.818588</timestamp>
			</report>
			<report>
				<misses>16655001</misses>
				<total>25</total>
				<timestamp>6156.188187</timestamp>
			</report>
			<report>
				<misses>16656001</misses>
				<total>25</total>
				<timestamp>6156.557812</timestamp>
			</report>
			<report>
				<misses>16657001</misses>
				<total>25</total>
				<timestamp>6156.927443</timestamp>
			</report>
			<report>
				<misses>16658001</misses>
				<total>25</total>
				<timestamp>6157.297115</timestamp>
			</report>
			<report>
				<misses>16659001</misses>
				<total>25</total>
				<timestamp>6157.666756</timestamp>
			</report>
			<report>
				<misses>16660001</misses>
				<total>25</total>
				<timestamp>6158.036332</timestamp>
			</report>
			<report>
				<misses>16661001</misses>
				<total>25</total>
				<timestamp>6158.406032</timestamp>
			</report>
			<report>
				<misses>16662001</misses>
				<total>25</total>
				<timestamp>6158.775621</timestamp>
			</report>
			<report>
				<misses>16663001</misses>
				<total>25</total>
				<timestamp>6159.145217</timestamp>
			</report>
			<report>
				<misses>16664001</misses>
				<total>25</total>
				<timestamp>6159.514889</timestamp>
			</report>
			<report>
				<misses>16665001</misses>
				<total>25</total>
				<timestamp>6159.884488</timestamp>
			</report>
			<report>
				<misses>16666001</misses>
				<total>25</total>
				<timestamp>6160.254142</timestamp>
			</report>
			<report>
				<misses>16667001</misses>
				<total>25</total>
				<timestamp>6160.623747</timestamp>
			</report>
			<report>
				<misses>16668001</misses>
				<total>25</total>
				<timestamp>6160.993421</timestamp>
			</report>
			<report>
				<misses>16669001</misses>
				<total>25</total>
				<timestamp>6161.363110</timestamp>
			</report>
			<report>
				<misses>16670001</misses>
				<total>25</total>
				<timestamp>6161.732677</timestamp>
			</report>
			<report>
				<misses>16671001</misses>
				<total>25</total>
				<timestamp>6162.102286</timestamp>
			</report>
			<report>
				<misses>16672001</misses>
				<total>25</total>
				<timestamp>6162.471948</timestamp>
			</report>
			<report>
				<misses>16673001</misses>
				<total>25</total>
				<timestamp>6162.841582</timestamp>
			</report>
			<report>
				<misses>16674001</misses>
				<total>25</total>
				<timestamp>6163.211160</timestamp>
			</report>
			<report>
				<misses>16675001</misses>
				<total>25</total>
				<timestamp>6163.580841</timestamp>
			</report>
			<report>
				<misses>16676001</misses>
				<total>25</total>
				<timestamp>6163.950425</timestamp>
			</report>
			<report>
				<misses>16677001</misses>
				<total>24</total>
				<timestamp>6164.320164</timestamp>
			</report>
			<report>
				<misses>16678001</misses>
				<total>25</total>
				<timestamp>6164.689682</timestamp>
			</report>
			<report>
				<misses>16679001</misses>
				<total>25</total>
				<timestamp>6165.059308</timestamp>
			</report>
			<report>
				<misses>16680001</misses>
				<total>25</total>
				<timestamp>6165.428946</timestamp>
			</report>
			<report>
				<misses>16681001</misses>
				<total>25</total>
				<timestamp>6165.798581</timestamp>
			</report>
			<report>
				<misses>16682001</misses>
				<total>25</total>
				<timestamp>6166.168206</timestamp>
			</report>
			<report>
				<misses>16683001</misses>
				<total>25</total>
				<timestamp>6166.537853</timestamp>
			</report>
			<report>
				<misses>16684001</misses>
				<total>25</total>
				<timestamp>6166.907517</timestamp>
			</report>
			<report>
				<misses>16685001</misses>
				<total>25</total>
				<timestamp>6167.277103</timestamp>
			</report>
			<report>
				<misses>16686001</misses>
				<total>25</total>
				<timestamp>6167.646742</timestamp>
			</report>
			<report>
				<misses>16687001</misses>
				<total>25</total>
				<timestamp>6168.016425</timestamp>
			</report>
			<report>
				<misses>16688001</misses>
				<total>24</total>
				<timestamp>6168.386067</timestamp>
			</report>
			<report>
				<misses>16689001</misses>
				<total>25</total>
				<timestamp>6168.755615</timestamp>
			</report>
			<report>
				<misses>16690001</misses>
				<total>25</total>
				<timestamp>6169.125236</timestamp>
			</report>
			<report>
				<misses>16691001</misses>
				<total>25</total>
				<timestamp>6169.494888</timestamp>
			</report>
			<report>
				<misses>16692001</misses>
				<total>25</total>
				<timestamp>6169.864491</timestamp>
			</report>
			<report>
				<misses>16693001</misses>
				<total>24</total>
				<timestamp>6170.234241</timestamp>
			</report>
			<report>
				<misses>16694001</misses>
				<total>25</total>
				<timestamp>6170.603759</timestamp>
			</report>
			<report>
				<misses>16695001</misses>
				<total>24</total>
				<timestamp>6170.973472</timestamp>
			</report>
			<report>
				<misses>16696001</misses>
				<total>24</total>
				<timestamp>6171.343121</timestamp>
			</report>
			<report>
				<misses>16697001</misses>
				<total>25</total>
				<timestamp>6171.712668</timestamp>
			</report>
			<report>
				<misses>16698001</misses>
				<total>25</total>
				<timestamp>6172.082313</timestamp>
			</report>
			<report>
				<misses>16699001</misses>
				<total>25</total>
				<timestamp>6172.451994</timestamp>
			</report>
			<report>
				<misses>16700001</misses>
				<total>25</total>
				<timestamp>6172.821536</timestamp>
			</report>
			<report>
				<misses>16701001</misses>
				<total>25</total>
				<timestamp>6173.191171</timestamp>
			</report>
			<report>
				<misses>16702001</misses>
				<total>25</total>
				<timestamp>6173.560798</timestamp>
			</report>
			<report>
				<misses>16703001</misses>
				<total>25</total>
				<timestamp>6173.930447</timestamp>
			</report>
			<report>
				<misses>16704001</misses>
				<total>25</total>
				<timestamp>6174.300060</timestamp>
			</report>
			<report>
				<misses>16705001</misses>
				<total>25</total>
				<timestamp>6174.669678</timestamp>
			</report>
			<report>
				<misses>16706001</misses>
				<total>25</total>
				<timestamp>6175.039383</timestamp>
			</report>
			<report>
				<misses>16707001</misses>
				<total>25</total>
				<timestamp>6175.408983</timestamp>
			</report>
			<report>
				<misses>16708001</misses>
				<total>25</total>
				<timestamp>6175.778604</timestamp>
			</report>
			<report>
				<misses>16709001</misses>
				<total>25</total>
				<timestamp>6176.148227</timestamp>
			</report>
			<report>
				<misses>16710001</misses>
				<total>25</total>
				<timestamp>6176.517865</timestamp>
			</report>
			<report>
				<misses>16711001</misses>
				<total>25</total>
				<timestamp>6176.887464</timestamp>
			</report>
			<report>
				<misses>16712001</misses>
				<total>25</total>
				<timestamp>6177.257118</timestamp>
			</report>
			<report>
				<misses>16713001</misses>
				<total>25</total>
				<timestamp>6177.626728</timestamp>
			</report>
			<report>
				<misses>16714001</misses>
				<total>25</total>
				<timestamp>6177.996392</timestamp>
			</report>
			<report>
				<misses>16715001</misses>
				<total>25</total>
				<timestamp>6178.366007</timestamp>
			</report>
			<report>
				<misses>16716001</misses>
				<total>25</total>
				<timestamp>6178.735708</timestamp>
			</report>
			<report>
				<misses>16717001</misses>
				<total>25</total>
				<timestamp>6179.105243</timestamp>
			</report>
			<report>
				<misses>16718001</misses>
				<total>25</total>
				<timestamp>6179.474958</timestamp>
			</report>
			<report>
				<misses>16719001</misses>
				<total>25</total>
				<timestamp>6179.844508</timestamp>
			</report>
			<report>
				<misses>16720001</misses>
				<total>25</total>
				<timestamp>6180.214192</timestamp>
			</report>
			<report>
				<misses>16721001</misses>
				<total>25</total>
				<timestamp>6180.583837</timestamp>
			</report>
			<report>
				<misses>16722001</misses>
				<total>25</total>
				<timestamp>6180.953402</timestamp>
			</report>
			<report>
				<misses>16723001</misses>
				<total>25</total>
				<timestamp>6181.323095</timestamp>
			</report>
			<report>
				<misses>16724001</misses>
				<total>25</total>
				<timestamp>6181.692662</timestamp>
			</report>
			<report>
				<misses>16725001</misses>
				<total>24</total>
				<timestamp>6182.062425</timestamp>
			</report>
			<report>
				<misses>16726001</misses>
				<total>25</total>
				<timestamp>6182.431946</timestamp>
			</report>
			<report>
				<misses>16727001</misses>
				<total>25</total>
				<timestamp>6182.801603</timestamp>
			</report>
			<report>
				<misses>16728001</misses>
				<total>25</total>
				<timestamp>6183.171233</timestamp>
			</report>
			<report>
				<misses>16729001</misses>
				<total>25</total>
				<timestamp>6183.540814</timestamp>
			</report>
			<report>
				<misses>16730001</misses>
				<total>25</total>
				<timestamp>6183.910431</timestamp>
			</report>
			<report>
				<misses>16731001</misses>
				<total>25</total>
				<timestamp>6184.280072</timestamp>
			</report>
			<report>
				<misses>16732001</misses>
				<total>25</total>
				<timestamp>6184.649758</timestamp>
			</report>
			<report>
				<misses>16733001</misses>
				<total>25</total>
				<timestamp>6185.019344</timestamp>
			</report>
			<report>
				<misses>16734001</misses>
				<total>25</total>
				<timestamp>6185.388959</timestamp>
			</report>
			<report>
				<misses>16735001</misses>
				<total>25</total>
				<timestamp>6185.758584</timestamp>
			</report>
			<report>
				<misses>16736001</misses>
				<total>25</total>
				<timestamp>6186.128216</timestamp>
			</report>
			<report>
				<misses>16737001</misses>
				<total>25</total>
				<timestamp>6186.497837</timestamp>
			</report>
			<report>
				<misses>16738001</misses>
				<total>25</total>
				<timestamp>6186.867485</timestamp>
			</report>
			<report>
				<misses>16739001</misses>
				<total>25</total>
				<timestamp>6187.237126</timestamp>
			</report>
			<report>
				<misses>16740001</misses>
				<total>25</total>
				<timestamp>6187.606763</timestamp>
			</report>
			<report>
				<misses>16741001</misses>
				<total>25</total>
				<timestamp>6187.976397</timestamp>
			</report>
			<report>
				<misses>16742001</misses>
				<total>25</total>
				<timestamp>6188.346017</timestamp>
			</report>
			<report>
				<misses>16743001</misses>
				<total>25</total>
				<timestamp>6188.715721</timestamp>
			</report>
			<report>
				<misses>16744001</misses>
				<total>25</total>
				<timestamp>6189.085285</timestamp>
			</report>
			<report>
				<misses>16745001</misses>
				<total>24</total>
				<timestamp>6189.454998</timestamp>
			</report>
			<report>
				<misses>16746001</misses>
				<total>24</total>
				<timestamp>6189.824618</timestamp>
			</report>
			<report>
				<misses>16747001</misses>
				<total>25</total>
				<timestamp>6190.194163</timestamp>
			</report>
			<report>
				<misses>16748001</misses>
				<total>25</total>
				<timestamp>6190.563874</timestamp>
			</report>
			<report>
				<misses>16749001</misses>
				<total>25</total>
				<timestamp>6190.933471</timestamp>
			</report>
			<report>
				<misses>16750001</misses>
				<total>25</total>
				<timestamp>6191.303043</timestamp>
			</report>
			<report>
				<misses>16751001</misses>
				<total>25</total>
				<timestamp>6191.672701</timestamp>
			</report>
			<report>
				<misses>16752001</misses>
				<total>25</total>
				<timestamp>6192.042341</timestamp>
			</report>
			<report>
				<misses>16753001</misses>
				<total>25</total>
				<timestamp>6192.411940</timestamp>
			</report>
			<report>
				<misses>16754001</misses>
				<total>25</total>
				<timestamp>6192.781569</timestamp>
			</report>
			<report>
				<misses>16755001</misses>
				<total>25</total>
				<timestamp>6193.151209</timestamp>
			</report>
			<report>
				<misses>16756001</misses>
				<total>25</total>
				<timestamp>6193.520907</timestamp>
			</report>
			<report>
				<misses>16757001</misses>
				<total>25</total>
				<timestamp>6193.890464</timestamp>
			</report>
			<report>
				<misses>16758001</misses>
				<total>25</total>
				<timestamp>6194.260125</timestamp>
			</report>
			<report>
				<misses>16759001</misses>
				<total>24</total>
				<timestamp>6194.629814</timestamp>
			</report>
			<report>
				<misses>16760001</misses>
				<total>24</total>
				<timestamp>6194.999440</timestamp>
			</report>
			<report>
				<misses>16761001</misses>
				<total>25</total>
				<timestamp>6195.368967</timestamp>
			</report>
			<report>
				<misses>16762001</misses>
				<total>25</total>
				<timestamp>6195.738618</timestamp>
			</report>
			<report>
				<misses>16763001</misses>
				<total>25</total>
				<timestamp>6196.108261</timestamp>
			</report>
			<report>
				<misses>16764001</misses>
				<total>25</total>
				<timestamp>6196.477916</timestamp>
			</report>
			<report>
				<misses>16765001</misses>
				<total>25</total>
				<timestamp>6196.847522</timestamp>
			</report>
			<report>
				<misses>16766001</misses>
				<total>25</total>
				<timestamp>6197.217137</timestamp>
			</report>
			<report>
				<misses>16767001</misses>
				<total>25</total>
				<timestamp>6197.586772</timestamp>
			</report>
			<report>
				<misses>16768001</misses>
				<total>25</total>
				<timestamp>6197.956394</timestamp>
			</report>
			<report>
				<misses>16769001</misses>
				<total>25</total>
				<timestamp>6198.326048</timestamp>
			</report>
			<report>
				<misses>16770001</misses>
				<total>25</total>
				<timestamp>6198.695708</timestamp>
			</report>
			<report>
				<misses>16771001</misses>
				<total>24</total>
				<timestamp>6199.065360</timestamp>
			</report>
			<report>
				<misses>16772001</misses>
				<total>24</total>
				<timestamp>6199.435026</timestamp>
			</report>
			<report>
				<misses>16773001</misses>
				<total>25</total>
				<timestamp>6199.804518</timestamp>
			</report>
			<report>
				<misses>16774001</misses>
				<total>25</total>
				<timestamp>6200.174227</timestamp>
			</report>
			<report>
				<misses>16775001</misses>
				<total>25</total>
				<timestamp>6200.543820</timestamp>
			</report>
			<report>
				<misses>16776001</misses>
				<total>25</total>
				<timestamp>6200.913427</timestamp>
			</report>
			<report>
				<misses>16777001</misses>
				<total>25</total>
				<timestamp>6201.283095</timestamp>
			</report>
			<report>
				<misses>16778001</misses>
				<total>25</total>
				<timestamp>6201.652695</timestamp>
			</report>
			<report>
				<misses>16779001</misses>
				<total>25</total>
				<timestamp>6202.022343</timestamp>
			</report>
			<report>
				<misses>16780001</misses>
				<total>25</total>
				<timestamp>6202.391963</timestamp>
			</report>
			<report>
				<misses>16781001</misses>
				<total>25</total>
				<timestamp>6202.761703</timestamp>
			</report>
			<report>
				<misses>16782001</misses>
				<total>24</total>
				<timestamp>6203.131295</timestamp>
			</report>
			<report>
				<misses>16783001</misses>
				<total>25</total>
				<timestamp>6203.500858</timestamp>
			</report>
			<report>
				<misses>16784001</misses>
				<total>25</total>
				<timestamp>6203.870539</timestamp>
			</report>
			<report>
				<misses>16785001</misses>
				<total>24</total>
				<timestamp>6204.240224</timestamp>
			</report>
			<report>
				<misses>16786001</misses>
				<total>25</total>
				<timestamp>6204.609789</timestamp>
			</report>
			<report>
				<misses>16787001</misses>
				<total>25</total>
				<timestamp>6204.979372</timestamp>
			</report>
			<report>
				<misses>16788001</misses>
				<total>25</total>
				<timestamp>6205.348976</timestamp>
			</report>
			<report>
				<misses>16789001</misses>
				<total>25</total>
				<timestamp>6205.718663</timestamp>
			</report>
			<report>
				<misses>16790001</misses>
				<total>25</total>
				<timestamp>6206.088323</timestamp>
			</report>
			<report>
				<misses>16791001</misses>
				<total>25</total>
				<timestamp>6206.457918</timestamp>
			</report>
			<report>
				<misses>16792001</misses>
				<total>25</total>
				<timestamp>6206.827558</timestamp>
			</report>
			<report>
				<misses>16793001</misses>
				<total>25</total>
				<timestamp>6207.197136</timestamp>
			</report>
			<report>
				<misses>16794001</misses>
				<total>25</total>
				<timestamp>6207.566824</timestamp>
			</report>
			<report>
				<misses>16795001</misses>
				<total>25</total>
				<timestamp>6207.936399</timestamp>
			</report>
			<report>
				<misses>16796001</misses>
				<total>25</total>
				<timestamp>6208.306015</timestamp>
			</report>
			<report>
				<misses>16797001</misses>
				<total>25</total>
				<timestamp>6208.675673</timestamp>
			</report>
			<report>
				<misses>16798001</misses>
				<total>25</total>
				<timestamp>6209.045280</timestamp>
			</report>
			<report>
				<misses>16799001</misses>
				<total>24</total>
				<timestamp>6209.415000</timestamp>
			</report>
			<report>
				<misses>16800001</misses>
				<total>25</total>
				<timestamp>6209.784556</timestamp>
			</report>
			<report>
				<misses>16801001</misses>
				<total>25</total>
				<timestamp>6210.154206</timestamp>
			</report>
			<report>
				<misses>16802001</misses>
				<total>25</total>
				<timestamp>6210.523802</timestamp>
			</report>
			<report>
				<misses>16803001</misses>
				<total>25</total>
				<timestamp>6210.893431</timestamp>
			</report>
			<report>
				<misses>16804001</misses>
				<total>25</total>
				<timestamp>6211.263071</timestamp>
			</report>
			<report>
				<misses>16805001</misses>
				<total>25</total>
				<timestamp>6211.632732</timestamp>
			</report>
			<report>
				<misses>16806001</misses>
				<total>25</total>
				<timestamp>6212.002333</timestamp>
			</report>
			<report>
				<misses>16807001</misses>
				<total>25</total>
				<timestamp>6212.372005</timestamp>
			</report>
			<report>
				<misses>16808001</misses>
				<total>25</total>
				<timestamp>6212.741617</timestamp>
			</report>
			<report>
				<misses>16809001</misses>
				<total>25</total>
				<timestamp>6213.111196</timestamp>
			</report>
			<report>
				<misses>16810001</misses>
				<total>25</total>
				<timestamp>6213.480872</timestamp>
			</report>
			<report>
				<misses>16811001</misses>
				<total>25</total>
				<timestamp>6213.850477</timestamp>
			</report>
			<report>
				<misses>16812001</misses>
				<total>25</total>
				<timestamp>6214.220100</timestamp>
			</report>
			<report>
				<misses>16813001</misses>
				<total>25</total>
				<timestamp>6214.589796</timestamp>
			</report>
			<report>
				<misses>16814001</misses>
				<total>25</total>
				<timestamp>6214.959364</timestamp>
			</report>
			<report>
				<misses>16815001</misses>
				<total>25</total>
				<timestamp>6215.329011</timestamp>
			</report>
			<report>
				<misses>16816001</misses>
				<total>25</total>
				<timestamp>6215.698656</timestamp>
			</report>
			<report>
				<misses>16817001</misses>
				<total>25</total>
				<timestamp>6216.068250</timestamp>
			</report>
			<report>
				<misses>16818001</misses>
				<total>25</total>
				<timestamp>6216.437910</timestamp>
			</report>
			<report>
				<misses>16819001</misses>
				<total>25</total>
				<timestamp>6216.807524</timestamp>
			</report>
			<report>
				<misses>16820001</misses>
				<total>25</total>
				<timestamp>6217.177162</timestamp>
			</report>
			<report>
				<misses>16821001</misses>
				<total>24</total>
				<timestamp>6217.546878</timestamp>
			</report>
			<report>
				<misses>16822001</misses>
				<total>25</total>
				<timestamp>6217.916471</timestamp>
			</report>
			<report>
				<misses>16823001</misses>
				<total>25</total>
				<timestamp>6218.286066</timestamp>
			</report>
			<report>
				<misses>16824001</misses>
				<total>25</total>
				<timestamp>6218.655699</timestamp>
			</report>
			<report>
				<misses>16825001</misses>
				<total>25</total>
				<timestamp>6219.025358</timestamp>
			</report>
			<report>
				<misses>16826001</misses>
				<total>25</total>
				<timestamp>6219.394926</timestamp>
			</report>
			<report>
				<misses>16827001</misses>
				<total>24</total>
				<timestamp>6219.764674</timestamp>
			</report>
			<report>
				<misses>16828001</misses>
				<total>25</total>
				<timestamp>6220.134231</timestamp>
			</report>
			<report>
				<misses>16829001</misses>
				<total>25</total>
				<timestamp>6220.503807</timestamp>
			</report>
			<report>
				<misses>16830001</misses>
				<total>25</total>
				<timestamp>6220.873522</timestamp>
			</report>
			<report>
				<misses>16831001</misses>
				<total>25</total>
				<timestamp>6221.243093</timestamp>
			</report>
			<report>
				<misses>16832001</misses>
				<total>25</total>
				<timestamp>6221.612766</timestamp>
			</report>
			<report>
				<misses>16833001</misses>
				<total>25</total>
				<timestamp>6221.982380</timestamp>
			</report>
			<report>
				<misses>16834001</misses>
				<total>25</total>
				<timestamp>6222.351981</timestamp>
			</report>
			<report>
				<misses>16835001</misses>
				<total>25</total>
				<timestamp>6222.721601</timestamp>
			</report>
			<report>
				<misses>16836001</misses>
				<total>25</total>
				<timestamp>6223.091300</timestamp>
			</report>
			<report>
				<misses>16837001</misses>
				<total>25</total>
				<timestamp>6223.460850</timestamp>
			</report>
			<report>
				<misses>16838001</misses>
				<total>25</total>
				<timestamp>6223.830512</timestamp>
			</report>
			<report>
				<misses>16839001</misses>
				<total>25</total>
				<timestamp>6224.200116</timestamp>
			</report>
			<report>
				<misses>16840001</misses>
				<total>25</total>
				<timestamp>6224.569747</timestamp>
			</report>
			<report>
				<misses>16841001</misses>
				<total>25</total>
				<timestamp>6224.939397</timestamp>
			</report>
			<report>
				<misses>16842001</misses>
				<total>25</total>
				<timestamp>6225.309071</timestamp>
			</report>
			<report>
				<misses>16843001</misses>
				<total>25</total>
				<timestamp>6225.678682</timestamp>
			</report>
			<report>
				<misses>16844001</misses>
				<total>24</total>
				<timestamp>6226.048376</timestamp>
			</report>
			<report>
				<misses>16845001</misses>
				<total>25</total>
				<timestamp>6226.417890</timestamp>
			</report>
			<report>
				<misses>16846001</misses>
				<total>25</total>
				<timestamp>6226.787616</timestamp>
			</report>
			<report>
				<misses>16847001</misses>
				<total>25</total>
				<timestamp>6227.157200</timestamp>
			</report>
			<report>
				<misses>16848001</misses>
				<total>25</total>
				<timestamp>6227.526796</timestamp>
			</report>
			<report>
				<misses>16849001</misses>
				<total>25</total>
				<timestamp>6227.896474</timestamp>
			</report>
			<report>
				<misses>16850001</misses>
				<total>25</total>
				<timestamp>6228.266103</timestamp>
			</report>
			<report>
				<misses>16851001</misses>
				<total>25</total>
				<timestamp>6228.635679</timestamp>
			</report>
			<report>
				<misses>16852001</misses>
				<total>25</total>
				<timestamp>6229.005363</timestamp>
			</report>
			<report>
				<misses>16853001</misses>
				<total>25</total>
				<timestamp>6229.374991</timestamp>
			</report>
			<report>
				<misses>16854001</misses>
				<total>25</total>
				<timestamp>6229.744595</timestamp>
			</report>
			<report>
				<misses>16855001</misses>
				<total>25</total>
				<timestamp>6230.114197</timestamp>
			</report>
			<report>
				<misses>16856001</misses>
				<total>25</total>
				<timestamp>6230.483806</timestamp>
			</report>
			<report>
				<misses>16857001</misses>
				<total>24</total>
				<timestamp>6230.853572</timestamp>
			</report>
			<report>
				<misses>16858001</misses>
				<total>25</total>
				<timestamp>6231.223096</timestamp>
			</report>
			<report>
				<misses>16859001</misses>
				<total>25</total>
				<timestamp>6231.592719</timestamp>
			</report>
			<report>
				<misses>16860001</misses>
				<total>25</total>
				<timestamp>6231.962451</timestamp>
			</report>
			<report>
				<misses>16861001</misses>
				<total>25</total>
				<timestamp>6232.332050</timestamp>
			</report>
			<report>
				<misses>16862001</misses>
				<total>25</total>
				<timestamp>6232.701620</timestamp>
			</report>
			<report>
				<misses>16863001</misses>
				<total>25</total>
				<timestamp>6233.071271</timestamp>
			</report>
			<report>
				<misses>16864001</misses>
				<total>25</total>
				<timestamp>6233.440911</timestamp>
			</report>
			<report>
				<misses>16865001</misses>
				<total>25</total>
				<timestamp>6233.810551</timestamp>
			</report>
			<report>
				<misses>16866001</misses>
				<total>25</total>
				<timestamp>6234.180142</timestamp>
			</report>
			<report>
				<misses>16867001</misses>
				<total>25</total>
				<timestamp>6234.549837</timestamp>
			</report>
			<report>
				<misses>16868001</misses>
				<total>25</total>
				<timestamp>6234.919402</timestamp>
			</report>
			<report>
				<misses>16869001</misses>
				<total>25</total>
				<timestamp>6235.289014</timestamp>
			</report>
			<report>
				<misses>16870001</misses>
				<total>25</total>
				<timestamp>6235.658691</timestamp>
			</report>
			<report>
				<misses>16871001</misses>
				<total>25</total>
				<timestamp>6236.028266</timestamp>
			</report>
			<report>
				<misses>16872001</misses>
				<total>25</total>
				<timestamp>6236.397973</timestamp>
			</report>
			<report>
				<misses>16873001</misses>
				<total>25</total>
				<timestamp>6236.767587</timestamp>
			</report>
			<report>
				<misses>16874001</misses>
				<total>25</total>
				<timestamp>6237.137167</timestamp>
			</report>
			<report>
				<misses>16875001</misses>
				<total>25</total>
				<timestamp>6237.506870</timestamp>
			</report>
			<report>
				<misses>16876001</misses>
				<total>25</total>
				<timestamp>6237.876494</timestamp>
			</report>
			<report>
				<misses>16877001</misses>
				<total>25</total>
				<timestamp>6238.246060</timestamp>
			</report>
			<report>
				<misses>16878001</misses>
				<total>25</total>
				<timestamp>6238.615705</timestamp>
			</report>
			<report>
				<misses>16879001</misses>
				<total>25</total>
				<timestamp>6238.985322</timestamp>
			</report>
			<report>
				<misses>16880001</misses>
				<total>25</total>
				<timestamp>6239.354929</timestamp>
			</report>
			<report>
				<misses>16881001</misses>
				<total>25</total>
				<timestamp>6239.724578</timestamp>
			</report>
			<report>
				<misses>16882001</misses>
				<total>25</total>
				<timestamp>6240.094201</timestamp>
			</report>
			<report>
				<misses>16883001</misses>
				<total>25</total>
				<timestamp>6240.463822</timestamp>
			</report>
			<report>
				<misses>16884001</misses>
				<total>25</total>
				<timestamp>6240.833481</timestamp>
			</report>
			<report>
				<misses>16885001</misses>
				<total>25</total>
				<timestamp>6241.203080</timestamp>
			</report>
			<report>
				<misses>16886001</misses>
				<total>25</total>
				<timestamp>6241.572747</timestamp>
			</report>
			<report>
				<misses>16887001</misses>
				<total>25</total>
				<timestamp>6241.942423</timestamp>
			</report>
			<report>
				<misses>16888001</misses>
				<total>25</total>
				<timestamp>6242.312000</timestamp>
			</report>
			<report>
				<misses>16889001</misses>
				<total>25</total>
				<timestamp>6242.681697</timestamp>
			</report>
			<report>
				<misses>16890001</misses>
				<total>25</total>
				<timestamp>6243.051293</timestamp>
			</report>
			<report>
				<misses>16891001</misses>
				<total>25</total>
				<timestamp>6243.420884</timestamp>
			</report>
			<report>
				<misses>16892001</misses>
				<total>25</total>
				<timestamp>6243.790551</timestamp>
			</report>
			<report>
				<misses>16893001</misses>
				<total>25</total>
				<timestamp>6244.160162</timestamp>
			</report>
			<report>
				<misses>16894001</misses>
				<total>25</total>
				<timestamp>6244.529747</timestamp>
			</report>
			<report>
				<misses>16895001</misses>
				<total>25</total>
				<timestamp>6244.899439</timestamp>
			</report>
			<report>
				<misses>16896001</misses>
				<total>25</total>
				<timestamp>6245.269025</timestamp>
			</report>
			<report>
				<misses>16897001</misses>
				<total>25</total>
				<timestamp>6245.638732</timestamp>
			</report>
			<report>
				<misses>16898001</misses>
				<total>25</total>
				<timestamp>6246.008302</timestamp>
			</report>
			<report>
				<misses>16899001</misses>
				<total>24</total>
				<timestamp>6246.377992</timestamp>
			</report>
			<report>
				<misses>16900001</misses>
				<total>25</total>
				<timestamp>6246.747588</timestamp>
			</report>
			<report>
				<misses>16901001</misses>
				<total>25</total>
				<timestamp>6247.117187</timestamp>
			</report>
			<report>
				<misses>16902001</misses>
				<total>25</total>
				<timestamp>6247.486837</timestamp>
			</report>
			<report>
				<misses>16903001</misses>
				<total>25</total>
				<timestamp>6247.856461</timestamp>
			</report>
			<report>
				<misses>16904001</misses>
				<total>24</total>
				<timestamp>6248.226160</timestamp>
			</report>
			<report>
				<misses>16905001</misses>
				<total>25</total>
				<timestamp>6248.595770</timestamp>
			</report>
			<report>
				<misses>16906001</misses>
				<total>25</total>
				<timestamp>6248.965395</timestamp>
			</report>
			<report>
				<misses>16907001</misses>
				<total>25</total>
				<timestamp>6249.335007</timestamp>
			</report>
			<report>
				<misses>16908001</misses>
				<total>25</total>
				<timestamp>6249.704581</timestamp>
			</report>
			<report>
				<misses>16909001</misses>
				<total>24</total>
				<timestamp>6250.074373</timestamp>
			</report>
			<report>
				<misses>16910001</misses>
				<total>24</total>
				<timestamp>6250.443947</timestamp>
			</report>
			<report>
				<misses>16911001</misses>
				<total>25</total>
				<timestamp>6250.813544</timestamp>
			</report>
			<report>
				<misses>16912001</misses>
				<total>25</total>
				<timestamp>6251.183164</timestamp>
			</report>
			<report>
				<misses>16913001</misses>
				<total>25</total>
				<timestamp>6251.552742</timestamp>
			</report>
			<report>
				<misses>16914001</misses>
				<total>25</total>
				<timestamp>6251.922448</timestamp>
			</report>
			<report>
				<misses>16915001</misses>
				<total>25</total>
				<timestamp>6252.292000</timestamp>
			</report>
			<report>
				<misses>16916001</misses>
				<total>25</total>
				<timestamp>6252.661622</timestamp>
			</report>
			<report>
				<misses>16917001</misses>
				<total>25</total>
				<timestamp>6253.031298</timestamp>
			</report>
			<report>
				<misses>16918001</misses>
				<total>25</total>
				<timestamp>6253.400868</timestamp>
			</report>
			<report>
				<misses>16919001</misses>
				<total>25</total>
				<timestamp>6253.770515</timestamp>
			</report>
			<report>
				<misses>16920001</misses>
				<total>25</total>
				<timestamp>6254.140155</timestamp>
			</report>
			<report>
				<misses>16921001</misses>
				<total>25</total>
				<timestamp>6254.509839</timestamp>
			</report>
			<report>
				<misses>16922001</misses>
				<total>25</total>
				<timestamp>6254.879448</timestamp>
			</report>
			<report>
				<misses>16923001</misses>
				<total>25</total>
				<timestamp>6255.249023</timestamp>
			</report>
			<report>
				<misses>16924001</misses>
				<total>25</total>
				<timestamp>6255.618700</timestamp>
			</report>
			<report>
				<misses>16925001</misses>
				<total>25</total>
				<timestamp>6255.988357</timestamp>
			</report>
			<report>
				<misses>16926001</misses>
				<total>25</total>
				<timestamp>6256.357974</timestamp>
			</report>
			<report>
				<misses>16927001</misses>
				<total>25</total>
				<timestamp>6256.727545</timestamp>
			</report>
			<report>
				<misses>16928001</misses>
				<total>24</total>
				<timestamp>6257.097342</timestamp>
			</report>
			<report>
				<misses>16929001</misses>
				<total>25</total>
				<timestamp>6257.466868</timestamp>
			</report>
			<report>
				<misses>16930001</misses>
				<total>24</total>
				<timestamp>6257.836548</timestamp>
			</report>
			<report>
				<misses>16931001</misses>
				<total>25</total>
				<timestamp>6258.206109</timestamp>
			</report>
			<report>
				<misses>16932001</misses>
				<total>25</total>
				<timestamp>6258.575703</timestamp>
			</report>
			<report>
				<misses>16933001</misses>
				<total>25</total>
				<timestamp>6258.945339</timestamp>
			</report>
			<report>
				<misses>16934001</misses>
				<total>25</total>
				<timestamp>6259.314989</timestamp>
			</report>
			<report>
				<misses>16935001</misses>
				<total>25</total>
				<timestamp>6259.684579</timestamp>
			</report>
			<report>
				<misses>16936001</misses>
				<total>25</total>
				<timestamp>6260.054336</timestamp>
			</report>
			<report>
				<misses>16937001</misses>
				<total>25</total>
				<timestamp>6260.423890</timestamp>
			</report>
			<report>
				<misses>16938001</misses>
				<total>25</total>
				<timestamp>6260.793479</timestamp>
			</report>
			<report>
				<misses>16939001</misses>
				<total>25</total>
				<timestamp>6261.163194</timestamp>
			</report>
			<report>
				<misses>16940001</misses>
				<total>25</total>
				<timestamp>6261.532736</timestamp>
			</report>
			<report>
				<misses>16941001</misses>
				<total>25</total>
				<timestamp>6261.902382</timestamp>
			</report>
			<report>
				<misses>16942001</misses>
				<total>25</total>
				<timestamp>6262.272062</timestamp>
			</report>
			<report>
				<misses>16943001</misses>
				<total>25</total>
				<timestamp>6262.641640</timestamp>
			</report>
			<report>
				<misses>16944001</misses>
				<total>25</total>
				<timestamp>6263.011328</timestamp>
			</report>
			<report>
				<misses>16945001</misses>
				<total>25</total>
				<timestamp>6263.380889</timestamp>
			</report>
			<report>
				<misses>16946001</misses>
				<total>25</total>
				<timestamp>6263.750529</timestamp>
			</report>
			<report>
				<misses>16947001</misses>
				<total>25</total>
				<timestamp>6264.120162</timestamp>
			</report>
			<report>
				<misses>16948001</misses>
				<total>25</total>
				<timestamp>6264.489819</timestamp>
			</report>
			<report>
				<misses>16949001</misses>
				<total>24</total>
				<timestamp>6264.859571</timestamp>
			</report>
			<report>
				<misses>16950001</misses>
				<total>25</total>
				<timestamp>6265.229107</timestamp>
			</report>
			<report>
				<misses>16951001</misses>
				<total>25</total>
				<timestamp>6265.598671</timestamp>
			</report>
			<report>
				<misses>16952001</misses>
				<total>25</total>
				<timestamp>6265.968380</timestamp>
			</report>
			<report>
				<misses>16953001</misses>
				<total>25</total>
				<timestamp>6266.337915</timestamp>
			</report>
			<report>
				<misses>16954001</misses>
				<total>25</total>
				<timestamp>6266.707599</timestamp>
			</report>
			<report>
				<misses>16955001</misses>
				<total>24</total>
				<timestamp>6267.077313</timestamp>
			</report>
			<report>
				<misses>16956001</misses>
				<total>25</total>
				<timestamp>6267.446858</timestamp>
			</report>
			<report>
				<misses>16957001</misses>
				<total>25</total>
				<timestamp>6267.816468</timestamp>
			</report>
			<report>
				<misses>16958001</misses>
				<total>25</total>
				<timestamp>6268.186121</timestamp>
			</report>
			<report>
				<misses>16959001</misses>
				<total>25</total>
				<timestamp>6268.555728</timestamp>
			</report>
			<report>
				<misses>16960001</misses>
				<total>25</total>
				<timestamp>6268.925359</timestamp>
			</report>
			<report>
				<misses>16961001</misses>
				<total>25</total>
				<timestamp>6269.295004</timestamp>
			</report>
			<report>
				<misses>16962001</misses>
				<total>25</total>
				<timestamp>6269.664598</timestamp>
			</report>
			<report>
				<misses>16963001</misses>
				<total>25</total>
				<timestamp>6270.034256</timestamp>
			</report>
			<report>
				<misses>16964001</misses>
				<total>25</total>
				<timestamp>6270.403860</timestamp>
			</report>
			<report>
				<misses>16965001</misses>
				<total>25</total>
				<timestamp>6270.773479</timestamp>
			</report>
			<report>
				<misses>16966001</misses>
				<total>25</total>
				<timestamp>6271.143138</timestamp>
			</report>
			<report>
				<misses>16967001</misses>
				<total>25</total>
				<timestamp>6271.512800</timestamp>
			</report>
			<report>
				<misses>16968001</misses>
				<total>25</total>
				<timestamp>6271.882388</timestamp>
			</report>
			<report>
				<misses>16969001</misses>
				<total>25</total>
				<timestamp>6272.252013</timestamp>
			</report>
			<report>
				<misses>16970001</misses>
				<total>25</total>
				<timestamp>6272.621658</timestamp>
			</report>
			<report>
				<misses>16971001</misses>
				<total>25</total>
				<timestamp>6272.991294</timestamp>
			</report>
			<report>
				<misses>16972001</misses>
				<total>25</total>
				<timestamp>6273.360955</timestamp>
			</report>
			<report>
				<misses>16973001</misses>
				<total>25</total>
				<timestamp>6273.730544</timestamp>
			</report>
			<report>
				<misses>16974001</misses>
				<total>25</total>
				<timestamp>6274.100232</timestamp>
			</report>
			<report>
				<misses>16975001</misses>
				<total>25</total>
				<timestamp>6274.469779</timestamp>
			</report>
			<report>
				<misses>16976001</misses>
				<total>25</total>
				<timestamp>6274.839428</timestamp>
			</report>
			<report>
				<misses>16977001</misses>
				<total>25</total>
				<timestamp>6275.209104</timestamp>
			</report>
			<report>
				<misses>16978001</misses>
				<total>25</total>
				<timestamp>6275.578725</timestamp>
			</report>
			<report>
				<misses>16979001</misses>
				<total>25</total>
				<timestamp>6275.948389</timestamp>
			</report>
			<report>
				<misses>16980001</misses>
				<total>25</total>
				<timestamp>6276.318013</timestamp>
			</report>
			<report>
				<misses>16981001</misses>
				<total>25</total>
				<timestamp>6276.687565</timestamp>
			</report>
			<report>
				<misses>16982001</misses>
				<total>25</total>
				<timestamp>6277.057292</timestamp>
			</report>
			<report>
				<misses>16983001</misses>
				<total>25</total>
				<timestamp>6277.426863</timestamp>
			</report>
			<report>
				<misses>16984001</misses>
				<total>25</total>
				<timestamp>6277.796462</timestamp>
			</report>
			<report>
				<misses>16985001</misses>
				<total>25</total>
				<timestamp>6278.166121</timestamp>
			</report>
			<report>
				<misses>16986001</misses>
				<total>25</total>
				<timestamp>6278.535735</timestamp>
			</report>
			<report>
				<misses>16987001</misses>
				<total>25</total>
				<timestamp>6278.905367</timestamp>
			</report>
			<report>
				<misses>16988001</misses>
				<total>25</total>
				<timestamp>6279.274982</timestamp>
			</report>
			<report>
				<misses>16989001</misses>
				<total>25</total>
				<timestamp>6279.644650</timestamp>
			</report>
			<report>
				<misses>16990001</misses>
				<total>25</total>
				<timestamp>6280.014280</timestamp>
			</report>
			<report>
				<misses>16991001</misses>
				<total>25</total>
				<timestamp>6280.383938</timestamp>
			</report>
			<report>
				<misses>16992001</misses>
				<total>25</total>
				<timestamp>6280.753544</timestamp>
			</report>
			<report>
				<misses>16993001</misses>
				<total>25</total>
				<timestamp>6281.123182</timestamp>
			</report>
			<report>
				<misses>16994001</misses>
				<total>25</total>
				<timestamp>6281.492763</timestamp>
			</report>
			<report>
				<misses>16995001</misses>
				<total>25</total>
				<timestamp>6281.862467</timestamp>
			</report>
			<report>
				<misses>16996001</misses>
				<total>25</total>
				<timestamp>6282.232037</timestamp>
			</report>
			<report>
				<misses>16997001</misses>
				<total>24</total>
				<timestamp>6282.601743</timestamp>
			</report>
			<report>
				<misses>16998001</misses>
				<total>25</total>
				<timestamp>6282.971315</timestamp>
			</report>
			<report>
				<misses>16999001</misses>
				<total>25</total>
				<timestamp>6283.340918</timestamp>
			</report>
			<report>
				<misses>17000001</misses>
				<total>25</total>
				<timestamp>6283.710560</timestamp>
			</report>
			<report>
				<misses>17001001</misses>
				<total>25</total>
				<timestamp>6284.080284</timestamp>
			</report>
			<report>
				<misses>17002001</misses>
				<total>25</total>
				<timestamp>6284.449797</timestamp>
			</report>
			<report>
				<misses>17003001</misses>
				<total>25</total>
				<timestamp>6284.819472</timestamp>
			</report>
			<report>
				<misses>17004001</misses>
				<total>25</total>
				<timestamp>6285.189097</timestamp>
			</report>
			<report>
				<misses>17005001</misses>
				<total>25</total>
				<timestamp>6285.558749</timestamp>
			</report>
			<report>
				<misses>17006001</misses>
				<total>25</total>
				<timestamp>6285.928335</timestamp>
			</report>
			<report>
				<misses>17007001</misses>
				<total>25</total>
				<timestamp>6286.297958</timestamp>
			</report>
			<report>
				<misses>17008001</misses>
				<total>25</total>
				<timestamp>6286.667583</timestamp>
			</report>
			<report>
				<misses>17009001</misses>
				<total>25</total>
				<timestamp>6287.037248</timestamp>
			</report>
			<report>
				<misses>17010001</misses>
				<total>25</total>
				<timestamp>6287.406911</timestamp>
			</report>
			<report>
				<misses>17011001</misses>
				<total>25</total>
				<timestamp>6287.776506</timestamp>
			</report>
			<report>
				<misses>17012001</misses>
				<total>25</total>
				<timestamp>6288.146141</timestamp>
			</report>
			<report>
				<misses>17013001</misses>
				<total>25</total>
				<timestamp>6288.515722</timestamp>
			</report>
			<report>
				<misses>17014001</misses>
				<total>25</total>
				<timestamp>6288.885353</timestamp>
			</report>
			<report>
				<misses>17015001</misses>
				<total>25</total>
				<timestamp>6289.255114</timestamp>
			</report>
			<report>
				<misses>17016001</misses>
				<total>25</total>
				<timestamp>6289.624621</timestamp>
			</report>
			<report>
				<misses>17017001</misses>
				<total>25</total>
				<timestamp>6289.994291</timestamp>
			</report>
			<report>
				<misses>17018001</misses>
				<total>25</total>
				<timestamp>6290.363868</timestamp>
			</report>
			<report>
				<misses>17019001</misses>
				<total>25</total>
				<timestamp>6290.733507</timestamp>
			</report>
			<report>
				<misses>17020001</misses>
				<total>25</total>
				<timestamp>6291.103154</timestamp>
			</report>
			<report>
				<misses>17021001</misses>
				<total>25</total>
				<timestamp>6291.472826</timestamp>
			</report>
			<report>
				<misses>17022001</misses>
				<total>25</total>
				<timestamp>6291.842384</timestamp>
			</report>
			<report>
				<misses>17023001</misses>
				<total>24</total>
				<timestamp>6292.212118</timestamp>
			</report>
			<report>
				<misses>17024001</misses>
				<total>25</total>
				<timestamp>6292.581657</timestamp>
			</report>
			<report>
				<misses>17025001</misses>
				<total>25</total>
				<timestamp>6292.951354</timestamp>
			</report>
			<report>
				<misses>17026001</misses>
				<total>25</total>
				<timestamp>6293.320927</timestamp>
			</report>
			<report>
				<misses>17027001</misses>
				<total>25</total>
				<timestamp>6293.690566</timestamp>
			</report>
			<report>
				<misses>17028001</misses>
				<total>25</total>
				<timestamp>6294.060213</timestamp>
			</report>
			<report>
				<misses>17029001</misses>
				<total>25</total>
				<timestamp>6294.429832</timestamp>
			</report>
			<report>
				<misses>17030001</misses>
				<total>25</total>
				<timestamp>6294.799436</timestamp>
			</report>
			<report>
				<misses>17031001</misses>
				<total>25</total>
				<timestamp>6295.169102</timestamp>
			</report>
			<report>
				<misses>17032001</misses>
				<total>25</total>
				<timestamp>6295.538750</timestamp>
			</report>
			<report>
				<misses>17033001</misses>
				<total>25</total>
				<timestamp>6295.908321</timestamp>
			</report>
			<report>
				<misses>17034001</misses>
				<total>25</total>
				<timestamp>6296.278015</timestamp>
			</report>
			<report>
				<misses>17035001</misses>
				<total>25</total>
				<timestamp>6296.647646</timestamp>
			</report>
			<report>
				<misses>17036001</misses>
				<total>25</total>
				<timestamp>6297.017293</timestamp>
			</report>
			<report>
				<misses>17037001</misses>
				<total>25</total>
				<timestamp>6297.386832</timestamp>
			</report>
			<report>
				<misses>17038001</misses>
				<total>25</total>
				<timestamp>6297.756495</timestamp>
			</report>
			<report>
				<misses>17039001</misses>
				<total>25</total>
				<timestamp>6298.126127</timestamp>
			</report>
			<report>
				<misses>17040001</misses>
				<total>25</total>
				<timestamp>6298.495774</timestamp>
			</report>
			<report>
				<misses>17041001</misses>
				<total>25</total>
				<timestamp>6298.865431</timestamp>
			</report>
			<report>
				<misses>17042001</misses>
				<total>25</total>
				<timestamp>6299.235047</timestamp>
			</report>
			<report>
				<misses>17043001</misses>
				<total>25</total>
				<timestamp>6299.604630</timestamp>
			</report>
			<report>
				<misses>17044001</misses>
				<total>25</total>
				<timestamp>6299.974334</timestamp>
			</report>
			<report>
				<misses>17045001</misses>
				<total>25</total>
				<timestamp>6300.343912</timestamp>
			</report>
			<report>
				<misses>17046001</misses>
				<total>25</total>
				<timestamp>6300.713515</timestamp>
			</report>
			<report>
				<misses>17047001</misses>
				<total>25</total>
				<timestamp>6301.083186</timestamp>
			</report>
			<report>
				<misses>17048001</misses>
				<total>25</total>
				<timestamp>6301.452823</timestamp>
			</report>
			<report>
				<misses>17049001</misses>
				<total>25</total>
				<timestamp>6301.822421</timestamp>
			</report>
			<report>
				<misses>17050001</misses>
				<total>25</total>
				<timestamp>6302.192084</timestamp>
			</report>
			<report>
				<misses>17051001</misses>
				<total>25</total>
				<timestamp>6302.561668</timestamp>
			</report>
			<report>
				<misses>17052001</misses>
				<total>25</total>
				<timestamp>6302.931307</timestamp>
			</report>
			<report>
				<misses>17053001</misses>
				<total>25</total>
				<timestamp>6303.301002</timestamp>
			</report>
			<report>
				<misses>17054001</misses>
				<total>25</total>
				<timestamp>6303.670593</timestamp>
			</report>
			<report>
				<misses>17055001</misses>
				<total>25</total>
				<timestamp>6304.040243</timestamp>
			</report>
			<report>
				<misses>17056001</misses>
				<total>25</total>
				<timestamp>6304.409843</timestamp>
			</report>
			<report>
				<misses>17057001</misses>
				<total>25</total>
				<timestamp>6304.779452</timestamp>
			</report>
			<report>
				<misses>17058001</misses>
				<total>25</total>
				<timestamp>6305.149145</timestamp>
			</report>
			<report>
				<misses>17059001</misses>
				<total>25</total>
				<timestamp>6305.518726</timestamp>
			</report>
			<report>
				<misses>17060001</misses>
				<total>24</total>
				<timestamp>6305.888449</timestamp>
			</report>
			<report>
				<misses>17061001</misses>
				<total>25</total>
				<timestamp>6306.258039</timestamp>
			</report>
			<report>
				<misses>17062001</misses>
				<total>25</total>
				<timestamp>6306.627660</timestamp>
			</report>
			<report>
				<misses>17063001</misses>
				<total>25</total>
				<timestamp>6306.997245</timestamp>
			</report>
			<report>
				<misses>17064001</misses>
				<total>25</total>
				<timestamp>6307.366918</timestamp>
			</report>
			<report>
				<misses>17065001</misses>
				<total>25</total>
				<timestamp>6307.736510</timestamp>
			</report>
			<report>
				<misses>17066001</misses>
				<total>25</total>
				<timestamp>6308.106183</timestamp>
			</report>
			<report>
				<misses>17067001</misses>
				<total>25</total>
				<timestamp>6308.475739</timestamp>
			</report>
			<report>
				<misses>17068001</misses>
				<total>25</total>
				<timestamp>6308.845421</timestamp>
			</report>
			<report>
				<misses>17069001</misses>
				<total>25</total>
				<timestamp>6309.215067</timestamp>
			</report>
			<report>
				<misses>17070001</misses>
				<total>25</total>
				<timestamp>6309.584646</timestamp>
			</report>
			<report>
				<misses>17071001</misses>
				<total>25</total>
				<timestamp>6309.954257</timestamp>
			</report>
			<report>
				<misses>17072001</misses>
				<total>25</total>
				<timestamp>6310.323898</timestamp>
			</report>
			<report>
				<misses>17073001</misses>
				<total>25</total>
				<timestamp>6310.693570</timestamp>
			</report>
			<report>
				<misses>17074001</misses>
				<total>25</total>
				<timestamp>6311.063210</timestamp>
			</report>
			<report>
				<misses>17075001</misses>
				<total>25</total>
				<timestamp>6311.432783</timestamp>
			</report>
			<report>
				<misses>17076001</misses>
				<total>25</total>
				<timestamp>6311.802408</timestamp>
			</report>
			<report>
				<misses>17077001</misses>
				<total>25</total>
				<timestamp>6312.172132</timestamp>
			</report>
			<report>
				<misses>17078001</misses>
				<total>25</total>
				<timestamp>6312.541668</timestamp>
			</report>
			<report>
				<misses>17079001</misses>
				<total>25</total>
				<timestamp>6312.911317</timestamp>
			</report>
			<report>
				<misses>17080001</misses>
				<total>25</total>
				<timestamp>6313.280993</timestamp>
			</report>
			<report>
				<misses>17081001</misses>
				<total>25</total>
				<timestamp>6313.650558</timestamp>
			</report>
			<report>
				<misses>17082001</misses>
				<total>25</total>
				<timestamp>6314.020261</timestamp>
			</report>
			<report>
				<misses>17083001</misses>
				<total>25</total>
				<timestamp>6314.389939</timestamp>
			</report>
			<report>
				<misses>17084001</misses>
				<total>25</total>
				<timestamp>6314.759477</timestamp>
			</report>
			<report>
				<misses>17085001</misses>
				<total>25</total>
				<timestamp>6315.129115</timestamp>
			</report>
			<report>
				<misses>17086001</misses>
				<total>25</total>
				<timestamp>6315.498756</timestamp>
			</report>
			<report>
				<misses>17087001</misses>
				<total>25</total>
				<timestamp>6315.868350</timestamp>
			</report>
			<report>
				<misses>17088001</misses>
				<total>25</total>
				<timestamp>6316.238002</timestamp>
			</report>
			<report>
				<misses>17089001</misses>
				<total>25</total>
				<timestamp>6316.607603</timestamp>
			</report>
			<report>
				<misses>17090001</misses>
				<total>25</total>
				<timestamp>6316.977261</timestamp>
			</report>
			<report>
				<misses>17091001</misses>
				<total>24</total>
				<timestamp>6317.346967</timestamp>
			</report>
			<report>
				<misses>17092001</misses>
				<total>25</total>
				<timestamp>6317.716498</timestamp>
			</report>
			<report>
				<misses>17093001</misses>
				<total>25</total>
				<timestamp>6318.086176</timestamp>
			</report>
			<report>
				<misses>17094001</misses>
				<total>25</total>
				<timestamp>6318.455776</timestamp>
			</report>
			<report>
				<misses>17095001</misses>
				<total>25</total>
				<timestamp>6318.825438</timestamp>
			</report>
			<report>
				<misses>17096001</misses>
				<total>25</total>
				<timestamp>6319.195031</timestamp>
			</report>
			<report>
				<misses>17097001</misses>
				<total>25</total>
				<timestamp>6319.564658</timestamp>
			</report>
			<report>
				<misses>17098001</misses>
				<total>25</total>
				<timestamp>6319.934265</timestamp>
			</report>
			<report>
				<misses>17099001</misses>
				<total>25</total>
				<timestamp>6320.303942</timestamp>
			</report>
			<report>
				<misses>17100001</misses>
				<total>25</total>
				<timestamp>6320.673610</timestamp>
			</report>
			<report>
				<misses>17101001</misses>
				<total>25</total>
				<timestamp>6321.043160</timestamp>
			</report>
			<report>
				<misses>17102001</misses>
				<total>25</total>
				<timestamp>6321.412885</timestamp>
			</report>
			<report>
				<misses>17103001</misses>
				<total>25</total>
				<timestamp>6321.782509</timestamp>
			</report>
			<report>
				<misses>17104001</misses>
				<total>25</total>
				<timestamp>6322.152076</timestamp>
			</report>
			<report>
				<misses>17105001</misses>
				<total>25</total>
				<timestamp>6322.521750</timestamp>
			</report>
			<report>
				<misses>17106001</misses>
				<total>25</total>
				<timestamp>6322.891397</timestamp>
			</report>
			<report>
				<misses>17107001</misses>
				<total>25</total>
				<timestamp>6323.260969</timestamp>
			</report>
			<report>
				<misses>17108001</misses>
				<total>25</total>
				<timestamp>6323.630604</timestamp>
			</report>
			<report>
				<misses>17109001</misses>
				<total>25</total>
				<timestamp>6324.000216</timestamp>
			</report>
			<report>
				<misses>17110001</misses>
				<total>25</total>
				<timestamp>6324.369906</timestamp>
			</report>
			<report>
				<misses>17111001</misses>
				<total>25</total>
				<timestamp>6324.739483</timestamp>
			</report>
			<report>
				<misses>17112001</misses>
				<total>25</total>
				<timestamp>6325.109136</timestamp>
			</report>
			<report>
				<misses>17113001</misses>
				<total>25</total>
				<timestamp>6325.478798</timestamp>
			</report>
			<report>
				<misses>17114001</misses>
				<total>25</total>
				<timestamp>6325.848367</timestamp>
			</report>
			<report>
				<misses>17115001</misses>
				<total>25</total>
				<timestamp>6326.218006</timestamp>
			</report>
			<report>
				<misses>17116001</misses>
				<total>25</total>
				<timestamp>6326.587615</timestamp>
			</report>
			<report>
				<misses>17117001</misses>
				<total>25</total>
				<timestamp>6326.957303</timestamp>
			</report>
			<report>
				<misses>17118001</misses>
				<total>25</total>
				<timestamp>6327.326969</timestamp>
			</report>
			<report>
				<misses>17119001</misses>
				<total>25</total>
				<timestamp>6327.696548</timestamp>
			</report>
			<report>
				<misses>17120001</misses>
				<total>25</total>
				<timestamp>6328.066210</timestamp>
			</report>
			<report>
				<misses>17121001</misses>
				<total>25</total>
				<timestamp>6328.435811</timestamp>
			</report>
			<report>
				<misses>17122001</misses>
				<total>25</total>
				<timestamp>6328.805405</timestamp>
			</report>
			<report>
				<misses>17123001</misses>
				<total>25</total>
				<timestamp>6329.175116</timestamp>
			</report>
			<report>
				<misses>17124001</misses>
				<total>25</total>
				<timestamp>6329.544704</timestamp>
			</report>
			<report>
				<misses>17125001</misses>
				<total>25</total>
				<timestamp>6329.914285</timestamp>
			</report>
			<report>
				<misses>17126001</misses>
				<total>25</total>
				<timestamp>6330.283937</timestamp>
			</report>
			<report>
				<misses>17127001</misses>
				<total>25</total>
				<timestamp>6330.653554</timestamp>
			</report>
			<report>
				<misses>17128001</misses>
				<total>25</total>
				<timestamp>6331.023221</timestamp>
			</report>
			<report>
				<misses>17129001</misses>
				<total>24</total>
				<timestamp>6331.392992</timestamp>
			</report>
			<report>
				<misses>17130001</misses>
				<total>24</total>
				<timestamp>6331.762532</timestamp>
			</report>
			<report>
				<misses>17131001</misses>
				<total>25</total>
				<timestamp>6332.132068</timestamp>
			</report>
			<report>
				<misses>17132001</misses>
				<total>25</total>
				<timestamp>6332.501795</timestamp>
			</report>
			<report>
				<misses>17133001</misses>
				<total>25</total>
				<timestamp>6332.871352</timestamp>
			</report>
			<report>
				<misses>17134001</misses>
				<total>25</total>
				<timestamp>6333.241005</timestamp>
			</report>
			<report>
				<misses>17135001</misses>
				<total>25</total>
				<timestamp>6333.610626</timestamp>
			</report>
			<report>
				<misses>17136001</misses>
				<total>25</total>
				<timestamp>6333.980273</timestamp>
			</report>
			<report>
				<misses>17137001</misses>
				<total>25</total>
				<timestamp>6334.349942</timestamp>
			</report>
			<report>
				<misses>17138001</misses>
				<total>25</total>
				<timestamp>6334.719511</timestamp>
			</report>
			<report>
				<misses>17139001</misses>
				<total>25</total>
				<timestamp>6335.089203</timestamp>
			</report>
			<report>
				<misses>17140001</misses>
				<total>25</total>
				<timestamp>6335.458748</timestamp>
			</report>
			<report>
				<misses>17141001</misses>
				<total>25</total>
				<timestamp>6335.828436</timestamp>
			</report>
			<report>
				<misses>17142001</misses>
				<total>25</total>
				<timestamp>6336.198069</timestamp>
			</report>
			<report>
				<misses>17143001</misses>
				<total>25</total>
				<timestamp>6336.567667</timestamp>
			</report>
			<report>
				<misses>17144001</misses>
				<total>24</total>
				<timestamp>6336.937360</timestamp>
			</report>
			<report>
				<misses>17145001</misses>
				<total>25</total>
				<timestamp>6337.306969</timestamp>
			</report>
			<report>
				<misses>17146001</misses>
				<total>25</total>
				<timestamp>6337.676556</timestamp>
			</report>
			<report>
				<misses>17147001</misses>
				<total>25</total>
				<timestamp>6338.046173</timestamp>
			</report>
			<report>
				<misses>17148001</misses>
				<total>24</total>
				<timestamp>6338.415887</timestamp>
			</report>
			<report>
				<misses>17149001</misses>
				<total>25</total>
				<timestamp>6338.785401</timestamp>
			</report>
			<report>
				<misses>17150001</misses>
				<total>25</total>
				<timestamp>6339.155059</timestamp>
			</report>
			<report>
				<misses>17151001</misses>
				<total>25</total>
				<timestamp>6339.524722</timestamp>
			</report>
			<report>
				<misses>17152001</misses>
				<total>25</total>
				<timestamp>6339.894332</timestamp>
			</report>
			<report>
				<misses>17153001</misses>
				<total>25</total>
				<timestamp>6340.263932</timestamp>
			</report>
			<report>
				<misses>17154001</misses>
				<total>25</total>
				<timestamp>6340.633580</timestamp>
			</report>
			<report>
				<misses>17155001</misses>
				<total>25</total>
				<timestamp>6341.003218</timestamp>
			</report>
			<report>
				<misses>17156001</misses>
				<total>25</total>
				<timestamp>6341.372824</timestamp>
			</report>
			<report>
				<misses>17157001</misses>
				<total>25</total>
				<timestamp>6341.742506</timestamp>
			</report>
			<report>
				<misses>17158001</misses>
				<total>25</total>
				<timestamp>6342.112087</timestamp>
			</report>
			<report>
				<misses>17159001</misses>
				<total>25</total>
				<timestamp>6342.481758</timestamp>
			</report>
			<report>
				<misses>17160001</misses>
				<total>24</total>
				<timestamp>6342.851460</timestamp>
			</report>
			<report>
				<misses>17161001</misses>
				<total>25</total>
				<timestamp>6343.221062</timestamp>
			</report>
			<report>
				<misses>17162001</misses>
				<total>24</total>
				<timestamp>6343.590720</timestamp>
			</report>
			<report>
				<misses>17163001</misses>
				<total>25</total>
				<timestamp>6343.960272</timestamp>
			</report>
			<report>
				<misses>17164001</misses>
				<total>25</total>
				<timestamp>6344.329891</timestamp>
			</report>
			<report>
				<misses>17165001</misses>
				<total>25</total>
				<timestamp>6344.699495</timestamp>
			</report>
			<report>
				<misses>17166001</misses>
				<total>25</total>
				<timestamp>6345.069174</timestamp>
			</report>
			<report>
				<misses>17167001</misses>
				<total>24</total>
				<timestamp>6345.438860</timestamp>
			</report>
			<report>
				<misses>17168001</misses>
				<total>25</total>
				<timestamp>6345.808371</timestamp>
			</report>
			<report>
				<misses>17169001</misses>
				<total>25</total>
				<timestamp>6346.178013</timestamp>
			</report>
			<report>
				<misses>17170001</misses>
				<total>25</total>
				<timestamp>6346.547633</timestamp>
			</report>
			<report>
				<misses>17171001</misses>
				<total>25</total>
				<timestamp>6346.917292</timestamp>
			</report>
			<report>
				<misses>17172001</misses>
				<total>25</total>
				<timestamp>6347.286955</timestamp>
			</report>
			<report>
				<misses>17173001</misses>
				<total>25</total>
				<timestamp>6347.656521</timestamp>
			</report>
			<report>
				<misses>17174001</misses>
				<total>25</total>
				<timestamp>6348.026160</timestamp>
			</report>
			<report>
				<misses>17175001</misses>
				<total>25</total>
				<timestamp>6348.395777</timestamp>
			</report>
			<report>
				<misses>17176001</misses>
				<total>25</total>
				<timestamp>6348.765405</timestamp>
			</report>
			<report>
				<misses>17177001</misses>
				<total>25</total>
				<timestamp>6349.135062</timestamp>
			</report>
			<report>
				<misses>17178001</misses>
				<total>25</total>
				<timestamp>6349.504718</timestamp>
			</report>
			<report>
				<misses>17179001</misses>
				<total>25</total>
				<timestamp>6349.874308</timestamp>
			</report>
			<report>
				<misses>17180001</misses>
				<total>25</total>
				<timestamp>6350.243940</timestamp>
			</report>
			<report>
				<misses>17181001</misses>
				<total>25</total>
				<timestamp>6350.613631</timestamp>
			</report>
			<report>
				<misses>17182001</misses>
				<total>25</total>
				<timestamp>6350.983233</timestamp>
			</report>
			<report>
				<misses>17183001</misses>
				<total>25</total>
				<timestamp>6351.352874</timestamp>
			</report>
			<report>
				<misses>17184001</misses>
				<total>25</total>
				<timestamp>6351.722464</timestamp>
			</report>
			<report>
				<misses>17185001</misses>
				<total>25</total>
				<timestamp>6352.092092</timestamp>
			</report>
			<report>
				<misses>17186001</misses>
				<total>25</total>
				<timestamp>6352.461758</timestamp>
			</report>
			<report>
				<misses>17187001</misses>
				<total>25</total>
				<timestamp>6352.831379</timestamp>
			</report>
			<report>
				<misses>17188001</misses>
				<total>25</total>
				<timestamp>6353.201002</timestamp>
			</report>
			<report>
				<misses>17189001</misses>
				<total>25</total>
				<timestamp>6353.570707</timestamp>
			</report>
			<report>
				<misses>17190001</misses>
				<total>25</total>
				<timestamp>6353.940236</timestamp>
			</report>
			<report>
				<misses>17191001</misses>
				<total>25</total>
				<timestamp>6354.309889</timestamp>
			</report>
			<report>
				<misses>17192001</misses>
				<total>25</total>
				<timestamp>6354.679523</timestamp>
			</report>
			<report>
				<misses>17193001</misses>
				<total>25</total>
				<timestamp>6355.049131</timestamp>
			</report>
			<report>
				<misses>17194001</misses>
				<total>25</total>
				<timestamp>6355.418782</timestamp>
			</report>
			<report>
				<misses>17195001</misses>
				<total>25</total>
				<timestamp>6355.788407</timestamp>
			</report>
			<report>
				<misses>17196001</misses>
				<total>25</total>
				<timestamp>6356.158028</timestamp>
			</report>
			<report>
				<misses>17197001</misses>
				<total>25</total>
				<timestamp>6356.527733</timestamp>
			</report>
			<report>
				<misses>17198001</misses>
				<total>25</total>
				<timestamp>6356.897330</timestamp>
			</report>
			<report>
				<misses>17199001</misses>
				<total>25</total>
				<timestamp>6357.266937</timestamp>
			</report>
			<report>
				<misses>17200001</misses>
				<total>24</total>
				<timestamp>6357.636650</timestamp>
			</report>
			<report>
				<misses>17201001</misses>
				<total>25</total>
				<timestamp>6358.006168</timestamp>
			</report>
			<report>
				<misses>17202001</misses>
				<total>25</total>
				<timestamp>6358.375818</timestamp>
			</report>
			<report>
				<misses>17203001</misses>
				<total>25</total>
				<timestamp>6358.745422</timestamp>
			</report>
			<report>
				<misses>17204001</misses>
				<total>25</total>
				<timestamp>6359.115047</timestamp>
			</report>
			<report>
				<misses>17205001</misses>
				<total>24</total>
				<timestamp>6359.484847</timestamp>
			</report>
			<report>
				<misses>17206001</misses>
				<total>25</total>
				<timestamp>6359.854332</timestamp>
			</report>
			<report>
				<misses>17207001</misses>
				<total>25</total>
				<timestamp>6360.223943</timestamp>
			</report>
			<report>
				<misses>17208001</misses>
				<total>25</total>
				<timestamp>6360.593652</timestamp>
			</report>
			<report>
				<misses>17209001</misses>
				<total>25</total>
				<timestamp>6360.963200</timestamp>
			</report>
			<report>
				<misses>17210001</misses>
				<total>25</total>
				<timestamp>6361.332873</timestamp>
			</report>
			<report>
				<misses>17211001</misses>
				<total>25</total>
				<timestamp>6361.702464</timestamp>
			</report>
			<report>
				<misses>17212001</misses>
				<total>25</total>
				<timestamp>6362.072109</timestamp>
			</report>
			<report>
				<misses>17213001</misses>
				<total>25</total>
				<timestamp>6362.441836</timestamp>
			</report>
			<report>
				<misses>17214001</misses>
				<total>25</total>
				<timestamp>6362.811354</timestamp>
			</report>
			<report>
				<misses>17215001</misses>
				<total>25</total>
				<timestamp>6363.181004</timestamp>
			</report>
			<report>
				<misses>17216001</misses>
				<total>25</total>
				<timestamp>6363.550661</timestamp>
			</report>
			<report>
				<misses>17217001</misses>
				<total>25</total>
				<timestamp>6363.920267</timestamp>
			</report>
			<report>
				<misses>17218001</misses>
				<total>25</total>
				<timestamp>6364.289896</timestamp>
			</report>
			<report>
				<misses>17219001</misses>
				<total>25</total>
				<timestamp>6364.659529</timestamp>
			</report>
			<report>
				<misses>17220001</misses>
				<total>25</total>
				<timestamp>6365.029186</timestamp>
			</report>
			<report>
				<misses>17221001</misses>
				<total>24</total>
				<timestamp>6365.398897</timestamp>
			</report>
			<report>
				<misses>17222001</misses>
				<total>25</total>
				<timestamp>6365.768401</timestamp>
			</report>
			<report>
				<misses>17223001</misses>
				<total>25</total>
				<timestamp>6366.138106</timestamp>
			</report>
			<report>
				<misses>17224001</misses>
				<total>25</total>
				<timestamp>6366.507679</timestamp>
			</report>
			<report>
				<misses>17225001</misses>
				<total>24</total>
				<timestamp>6366.877382</timestamp>
			</report>
			<report>
				<misses>17226001</misses>
				<total>25</total>
				<timestamp>6367.246957</timestamp>
			</report>
			<report>
				<misses>17227001</misses>
				<total>25</total>
				<timestamp>6367.616540</timestamp>
			</report>
			<report>
				<misses>17228001</misses>
				<total>25</total>
				<timestamp>6367.986178</timestamp>
			</report>
			<report>
				<misses>17229001</misses>
				<total>25</total>
				<timestamp>6368.355832</timestamp>
			</report>
			<report>
				<misses>17230001</misses>
				<total>25</total>
				<timestamp>6368.725435</timestamp>
			</report>
			<report>
				<misses>17231001</misses>
				<total>25</total>
				<timestamp>6369.095180</timestamp>
			</report>
			<report>
				<misses>17232001</misses>
				<total>25</total>
				<timestamp>6369.464703</timestamp>
			</report>
			<report>
				<misses>17233001</misses>
				<total>25</total>
				<timestamp>6369.834346</timestamp>
			</report>
			<report>
				<misses>17234001</misses>
				<total>25</total>
				<timestamp>6370.204025</timestamp>
			</report>
			<report>
				<misses>17235001</misses>
				<total>24</total>
				<timestamp>6370.573764</timestamp>
			</report>
			<report>
				<misses>17236001</misses>
				<total>25</total>
				<timestamp>6370.943294</timestamp>
			</report>
			<report>
				<misses>17237001</misses>
				<total>25</total>
				<timestamp>6371.312854</timestamp>
			</report>
			<report>
				<misses>17238001</misses>
				<total>25</total>
				<timestamp>6371.682475</timestamp>
			</report>
			<report>
				<misses>17239001</misses>
				<total>25</total>
				<timestamp>6372.052185</timestamp>
			</report>
			<report>
				<misses>17240001</misses>
				<total>25</total>
				<timestamp>6372.421800</timestamp>
			</report>
			<report>
				<misses>17241001</misses>
				<total>25</total>
				<timestamp>6372.791362</timestamp>
			</report>
			<report>
				<misses>17242001</misses>
				<total>25</total>
				<timestamp>6373.161038</timestamp>
			</report>
			<report>
				<misses>17243001</misses>
				<total>25</total>
				<timestamp>6373.530668</timestamp>
			</report>
			<report>
				<misses>17244001</misses>
				<total>25</total>
				<timestamp>6373.900252</timestamp>
			</report>
			<report>
				<misses>17245001</misses>
				<total>25</total>
				<timestamp>6374.269928</timestamp>
			</report>
			<report>
				<misses>17246001</misses>
				<total>25</total>
				<timestamp>6374.639553</timestamp>
			</report>
			<report>
				<misses>17247001</misses>
				<total>25</total>
				<timestamp>6375.009203</timestamp>
			</report>
			<report>
				<misses>17248001</misses>
				<total>25</total>
				<timestamp>6375.378823</timestamp>
			</report>
			<report>
				<misses>17249001</misses>
				<total>25</total>
				<timestamp>6375.748498</timestamp>
			</report>
			<report>
				<misses>17250001</misses>
				<total>25</total>
				<timestamp>6376.118083</timestamp>
			</report>
			<report>
				<misses>17251001</misses>
				<total>24</total>
				<timestamp>6376.487789</timestamp>
			</report>
			<report>
				<misses>17252001</misses>
				<total>25</total>
				<timestamp>6376.857360</timestamp>
			</report>
			<report>
				<misses>17253001</misses>
				<total>25</total>
				<timestamp>6377.226916</timestamp>
			</report>
			<report>
				<misses>17254001</misses>
				<total>25</total>
				<timestamp>6377.596585</timestamp>
			</report>
			<report>
				<misses>17255001</misses>
				<total>25</total>
				<timestamp>6377.966231</timestamp>
			</report>
			<report>
				<misses>17256001</misses>
				<total>25</total>
				<timestamp>6378.335900</timestamp>
			</report>
			<report>
				<misses>17257001</misses>
				<total>25</total>
				<timestamp>6378.705485</timestamp>
			</report>
			<report>
				<misses>17258001</misses>
				<total>25</total>
				<timestamp>6379.075126</timestamp>
			</report>
			<report>
				<misses>17259001</misses>
				<total>25</total>
				<timestamp>6379.444740</timestamp>
			</report>
			<report>
				<misses>17260001</misses>
				<total>25</total>
				<timestamp>6379.814387</timestamp>
			</report>
			<report>
				<misses>17261001</misses>
				<total>25</total>
				<timestamp>6380.183986</timestamp>
			</report>
			<report>
				<misses>17262001</misses>
				<total>24</total>
				<timestamp>6380.553711</timestamp>
			</report>
			<report>
				<misses>17263001</misses>
				<total>25</total>
				<timestamp>6380.923232</timestamp>
			</report>
			<report>
				<misses>17264001</misses>
				<total>25</total>
				<timestamp>6381.292871</timestamp>
			</report>
			<report>
				<misses>17265001</misses>
				<total>24</total>
				<timestamp>6381.662572</timestamp>
			</report>
			<report>
				<misses>17266001</misses>
				<total>25</total>
				<timestamp>6382.032131</timestamp>
			</report>
			<report>
				<misses>17267001</misses>
				<total>24</total>
				<timestamp>6382.401846</timestamp>
			</report>
			<report>
				<misses>17268001</misses>
				<total>25</total>
				<timestamp>6382.771401</timestamp>
			</report>
			<report>
				<misses>17269001</misses>
				<total>24</total>
				<timestamp>6383.141139</timestamp>
			</report>
			<report>
				<misses>17270001</misses>
				<total>25</total>
				<timestamp>6383.510663</timestamp>
			</report>
			<report>
				<misses>17271001</misses>
				<total>25</total>
				<timestamp>6383.880332</timestamp>
			</report>
			<report>
				<misses>17272001</misses>
				<total>25</total>
				<timestamp>6384.249948</timestamp>
			</report>
			<report>
				<misses>17273001</misses>
				<total>25</total>
				<timestamp>6384.619563</timestamp>
			</report>
			<report>
				<misses>17274001</misses>
				<total>24</total>
				<timestamp>6384.989307</timestamp>
			</report>
			<report>
				<misses>17275001</misses>
				<total>25</total>
				<timestamp>6385.358786</timestamp>
			</report>
			<report>
				<misses>17276001</misses>
				<total>24</total>
				<timestamp>6385.728524</timestamp>
			</report>
			<report>
				<misses>17277001</misses>
				<total>25</total>
				<timestamp>6386.098075</timestamp>
			</report>
			<report>
				<misses>17278001</misses>
				<total>25</total>
				<timestamp>6386.467707</timestamp>
			</report>
			<report>
				<misses>17279001</misses>
				<total>25</total>
				<timestamp>6386.837358</timestamp>
			</report>
			<report>
				<misses>17280001</misses>
				<total>24</total>
				<timestamp>6387.207037</timestamp>
			</report>
			<report>
				<misses>17281001</misses>
				<total>25</total>
				<timestamp>6387.576561</timestamp>
			</report>
			<report>
				<misses>17282001</misses>
				<total>25</total>
				<timestamp>6387.946223</timestamp>
			</report>
			<report>
				<misses>17283001</misses>
				<total>25</total>
				<timestamp>6388.315889</timestamp>
			</report>
			<report>
				<misses>17284001</misses>
				<total>25</total>
				<timestamp>6388.685523</timestamp>
			</report>
			<report>
				<misses>17285001</misses>
				<total>25</total>
				<timestamp>6389.055157</timestamp>
			</report>
			<report>
				<misses>17286001</misses>
				<total>25</total>
				<timestamp>6389.424717</timestamp>
			</report>
			<report>
				<misses>17287001</misses>
				<total>25</total>
				<timestamp>6389.794345</timestamp>
			</report>
			<report>
				<misses>17288001</misses>
				<total>25</total>
				<timestamp>6390.164010</timestamp>
			</report>
			<report>
				<misses>17289001</misses>
				<total>25</total>
				<timestamp>6390.533621</timestamp>
			</report>
			<report>
				<misses>17290001</misses>
				<total>25</total>
				<timestamp>6390.903264</timestamp>
			</report>
			<report>
				<misses>17291001</misses>
				<total>24</total>
				<timestamp>6391.272959</timestamp>
			</report>
			<report>
				<misses>17292001</misses>
				<total>25</total>
				<timestamp>6391.642524</timestamp>
			</report>
			<report>
				<misses>17293001</misses>
				<total>25</total>
				<timestamp>6392.012149</timestamp>
			</report>
			<report>
				<misses>17294001</misses>
				<total>25</total>
				<timestamp>6392.381795</timestamp>
			</report>
			<report>
				<misses>17295001</misses>
				<total>25</total>
				<timestamp>6392.751402</timestamp>
			</report>
			<report>
				<misses>17296001</misses>
				<total>25</total>
				<timestamp>6393.121036</timestamp>
			</report>
			<report>
				<misses>17297001</misses>
				<total>27</total>
				<timestamp>6393.490695</timestamp>
			</report>
			<report>
				<misses>17298001</misses>
				<total>27</total>
				<timestamp>6393.860289</timestamp>
			</report>
			<report>
				<misses>17299001</misses>
				<total>27</total>
				<timestamp>6394.229927</timestamp>
			</report>
			<report>
				<misses>17300001</misses>
				<total>27</total>
				<timestamp>6394.599619</timestamp>
			</report>
			<report>
				<misses>17301001</misses>
				<total>26</total>
				<timestamp>6394.969262</timestamp>
			</report>
			<report>
				<misses>17302001</misses>
				<total>27</total>
				<timestamp>6395.338877</timestamp>
			</report>
			<report>
				<misses>17303001</misses>
				<total>27</total>
				<timestamp>6395.708477</timestamp>
			</report>
			<report>
				<misses>17304001</misses>
				<total>27</total>
				<timestamp>6396.078082</timestamp>
			</report>
			<report>
				<misses>17305001</misses>
				<total>27</total>
				<timestamp>6396.447706</timestamp>
			</report>
			<report>
				<misses>17306001</misses>
				<total>27</total>
				<timestamp>6396.817302</timestamp>
			</report>
			<report>
				<misses>17307001</misses>
				<total>27</total>
				<timestamp>6397.186994</timestamp>
			</report>
			<report>
				<misses>17308001</misses>
				<total>27</total>
				<timestamp>6397.556583</timestamp>
			</report>
			<report>
				<misses>17309001</misses>
				<total>27</total>
				<timestamp>6397.926210</timestamp>
			</report>
			<report>
				<misses>17310001</misses>
				<total>27</total>
				<timestamp>6398.295867</timestamp>
			</report>
			<report>
				<misses>17311001</misses>
				<total>27</total>
				<timestamp>6398.665584</timestamp>
			</report>
			<report>
				<misses>17312001</misses>
				<total>27</total>
				<timestamp>6399.035116</timestamp>
			</report>
			<report>
				<misses>17313001</misses>
				<total>27</total>
				<timestamp>6399.404783</timestamp>
			</report>
			<report>
				<misses>17314001</misses>
				<total>27</total>
				<timestamp>6399.774418</timestamp>
			</report>
			<report>
				<misses>17315001</misses>
				<total>27</total>
				<timestamp>6400.144009</timestamp>
			</report>
			<report>
				<misses>17316001</misses>
				<total>27</total>
				<timestamp>6400.513634</timestamp>
			</report>
			<report>
				<misses>17317001</misses>
				<total>27</total>
				<timestamp>6400.883259</timestamp>
			</report>
			<report>
				<misses>17318001</misses>
				<total>27</total>
				<timestamp>6401.252892</timestamp>
			</report>
			<report>
				<misses>17319001</misses>
				<total>27</total>
				<timestamp>6401.622525</timestamp>
			</report>
			<report>
				<misses>17320001</misses>
				<total>27</total>
				<timestamp>6401.992157</timestamp>
			</report>
			<report>
				<misses>17321001</misses>
				<total>27</total>
				<timestamp>6402.361810</timestamp>
			</report>
			<report>
				<misses>17322001</misses>
				<total>27</total>
				<timestamp>6402.731423</timestamp>
			</report>
			<report>
				<misses>17323001</misses>
				<total>27</total>
				<timestamp>6403.101085</timestamp>
			</report>
			<report>
				<misses>17324001</misses>
				<total>27</total>
				<timestamp>6403.470659</timestamp>
			</report>
			<report>
				<misses>17325001</misses>
				<total>27</total>
				<timestamp>6403.840301</timestamp>
			</report>
			<report>
				<misses>17326001</misses>
				<total>27</total>
				<timestamp>6404.209931</timestamp>
			</report>
			<report>
				<misses>17327001</misses>
				<total>27</total>
				<timestamp>6404.579573</timestamp>
			</report>
			<report>
				<misses>17328001</misses>
				<total>27</total>
				<timestamp>6404.949191</timestamp>
			</report>
			<report>
				<misses>17329001</misses>
				<total>27</total>
				<timestamp>6405.318822</timestamp>
			</report>
			<report>
				<misses>17330001</misses>
				<total>27</total>
				<timestamp>6405.688440</timestamp>
			</report>
			<report>
				<misses>17331001</misses>
				<total>27</total>
				<timestamp>6406.058081</timestamp>
			</report>
			<report>
				<misses>17332001</misses>
				<total>27</total>
				<timestamp>6406.427725</timestamp>
			</report>
			<report>
				<misses>17333001</misses>
				<total>27</total>
				<timestamp>6406.797360</timestamp>
			</report>
			<report>
				<misses>17334001</misses>
				<total>27</total>
				<timestamp>6407.166981</timestamp>
			</report>
			<report>
				<misses>17335001</misses>
				<total>27</total>
				<timestamp>6407.536608</timestamp>
			</report>
			<report>
				<misses>17336001</misses>
				<total>27</total>
				<timestamp>6407.906278</timestamp>
			</report>
			<report>
				<misses>17337001</misses>
				<total>27</total>
				<timestamp>6408.275909</timestamp>
			</report>
			<report>
				<misses>17338001</misses>
				<total>27</total>
				<timestamp>6408.645498</timestamp>
			</report>
			<report>
				<misses>17339001</misses>
				<total>27</total>
				<timestamp>6409.015099</timestamp>
			</report>
			<report>
				<misses>17340001</misses>
				<total>27</total>
				<timestamp>6409.384803</timestamp>
			</report>
			<report>
				<misses>17341001</misses>
				<total>27</total>
				<timestamp>6409.754394</timestamp>
			</report>
			<report>
				<misses>17342001</misses>
				<total>27</total>
				<timestamp>6410.124010</timestamp>
			</report>
			<report>
				<misses>17343001</misses>
				<total>27</total>
				<timestamp>6410.493632</timestamp>
			</report>
			<report>
				<misses>17344001</misses>
				<total>27</total>
				<timestamp>6410.863379</timestamp>
			</report>
			<report>
				<misses>17345001</misses>
				<total>27</total>
				<timestamp>6411.232951</timestamp>
			</report>
			<report>
				<misses>17346001</misses>
				<total>27</total>
				<timestamp>6411.602558</timestamp>
			</report>
			<report>
				<misses>17347001</misses>
				<total>27</total>
				<timestamp>6411.972216</timestamp>
			</report>
			<report>
				<misses>17348001</misses>
				<total>27</total>
				<timestamp>6412.341812</timestamp>
			</report>
			<report>
				<misses>17349001</misses>
				<total>27</total>
				<timestamp>6412.711456</timestamp>
			</report>
			<report>
				<misses>17350001</misses>
				<total>26</total>
				<timestamp>6413.081147</timestamp>
			</report>
			<report>
				<misses>17351001</misses>
				<total>27</total>
				<timestamp>6413.450699</timestamp>
			</report>
			<report>
				<misses>17352001</misses>
				<total>27</total>
				<timestamp>6413.820345</timestamp>
			</report>
			<report>
				<misses>17353001</misses>
				<total>27</total>
				<timestamp>6414.189943</timestamp>
			</report>
			<report>
				<misses>17354001</misses>
				<total>27</total>
				<timestamp>6414.559610</timestamp>
			</report>
			<report>
				<misses>17355001</misses>
				<total>27</total>
				<timestamp>6414.929259</timestamp>
			</report>
			<report>
				<misses>17356001</misses>
				<total>26</total>
				<timestamp>6415.298916</timestamp>
			</report>
			<report>
				<misses>17357001</misses>
				<total>26</total>
				<timestamp>6415.668549</timestamp>
			</report>
			<report>
				<misses>17358001</misses>
				<total>27</total>
				<timestamp>6416.038108</timestamp>
			</report>
			<report>
				<misses>17359001</misses>
				<total>27</total>
				<timestamp>6416.407754</timestamp>
			</report>
			<report>
				<misses>17360001</misses>
				<total>27</total>
				<timestamp>6416.777420</timestamp>
			</report>
			<report>
				<misses>17361001</misses>
				<total>27</total>
				<timestamp>6417.147006</timestamp>
			</report>
			<report>
				<misses>17362001</misses>
				<total>27</total>
				<timestamp>6417.516644</timestamp>
			</report>
			<report>
				<misses>17363001</misses>
				<total>27</total>
				<timestamp>6417.886242</timestamp>
			</report>
			<report>
				<misses>17364001</misses>
				<total>27</total>
				<timestamp>6418.255881</timestamp>
			</report>
			<report>
				<misses>17365001</misses>
				<total>26</total>
				<timestamp>6418.625577</timestamp>
			</report>
			<report>
				<misses>17366001</misses>
				<total>26</total>
				<timestamp>6418.995236</timestamp>
			</report>
			<report>
				<misses>17367001</misses>
				<total>27</total>
				<timestamp>6419.364732</timestamp>
			</report>
			<report>
				<misses>17368001</misses>
				<total>27</total>
				<timestamp>6419.734417</timestamp>
			</report>
			<report>
				<misses>17369001</misses>
				<total>27</total>
				<timestamp>6420.104049</timestamp>
			</report>
			<report>
				<misses>17370001</misses>
				<total>26</total>
				<timestamp>6420.473680</timestamp>
			</report>
			<report>
				<misses>17371001</misses>
				<total>26</total>
				<timestamp>6420.843396</timestamp>
			</report>
			<report>
				<misses>17372001</misses>
				<total>27</total>
				<timestamp>6421.212921</timestamp>
			</report>
			<report>
				<misses>17373001</misses>
				<total>27</total>
				<timestamp>6421.582549</timestamp>
			</report>
			<report>
				<misses>17374001</misses>
				<total>27</total>
				<timestamp>6421.952154</timestamp>
			</report>
			<report>
				<misses>17375001</misses>
				<total>27</total>
				<timestamp>6422.321797</timestamp>
			</report>
			<report>
				<misses>17376001</misses>
				<total>27</total>
				<timestamp>6422.691424</timestamp>
			</report>
			<report>
				<misses>17377001</misses>
				<total>27</total>
				<timestamp>6423.061059</timestamp>
			</report>
			<report>
				<misses>17378001</misses>
				<total>27</total>
				<timestamp>6423.430755</timestamp>
			</report>
			<report>
				<misses>17379001</misses>
				<total>27</total>
				<timestamp>6423.800372</timestamp>
			</report>
			<report>
				<misses>17380001</misses>
				<total>27</total>
				<timestamp>6424.170001</timestamp>
			</report>
			<report>
				<misses>17381001</misses>
				<total>27</total>
				<timestamp>6424.539576</timestamp>
			</report>
			<report>
				<misses>17382001</misses>
				<total>27</total>
				<timestamp>6424.909234</timestamp>
			</report>
			<report>
				<misses>17383001</misses>
				<total>27</total>
				<timestamp>6425.278864</timestamp>
			</report>
			<report>
				<misses>17384001</misses>
				<total>27</total>
				<timestamp>6425.648473</timestamp>
			</report>
			<report>
				<misses>17385001</misses>
				<total>27</total>
				<timestamp>6426.018121</timestamp>
			</report>
			<report>
				<misses>17386001</misses>
				<total>27</total>
				<timestamp>6426.387736</timestamp>
			</report>
			<report>
				<misses>17387001</misses>
				<total>27</total>
				<timestamp>6426.757407</timestamp>
			</report>
			<report>
				<misses>17388001</misses>
				<total>27</total>
				<timestamp>6427.126991</timestamp>
			</report>
			<report>
				<misses>17389001</misses>
				<total>27</total>
				<timestamp>6427.496601</timestamp>
			</report>
			<report>
				<misses>17390001</misses>
				<total>27</total>
				<timestamp>6427.866305</timestamp>
			</report>
			<report>
				<misses>17391001</misses>
				<total>27</total>
				<timestamp>6428.235906</timestamp>
			</report>
			<report>
				<misses>17392001</misses>
				<total>27</total>
				<timestamp>6428.605561</timestamp>
			</report>
			<report>
				<misses>17393001</misses>
				<total>27</total>
				<timestamp>6428.975180</timestamp>
			</report>
			<report>
				<misses>17394001</misses>
				<total>27</total>
				<timestamp>6429.344822</timestamp>
			</report>
			<report>
				<misses>17395001</misses>
				<total>27</total>
				<timestamp>6429.714424</timestamp>
			</report>
			<report>
				<misses>17396001</misses>
				<total>27</total>
				<timestamp>6430.084049</timestamp>
			</report>
			<report>
				<misses>17397001</misses>
				<total>27</total>
				<timestamp>6430.453637</timestamp>
			</report>
			<report>
				<misses>17398001</misses>
				<total>27</total>
				<timestamp>6430.823312</timestamp>
			</report>
			<report>
				<misses>17399001</misses>
				<total>27</total>
				<timestamp>6431.192904</timestamp>
			</report>
			<report>
				<misses>17400001</misses>
				<total>27</total>
				<timestamp>6431.562566</timestamp>
			</report>
			<report>
				<misses>17401001</misses>
				<total>27</total>
				<timestamp>6431.932243</timestamp>
			</report>
			<report>
				<misses>17402001</misses>
				<total>27</total>
				<timestamp>6432.301791</timestamp>
			</report>
			<report>
				<misses>17403001</misses>
				<total>27</total>
				<timestamp>6432.671426</timestamp>
			</report>
			<report>
				<misses>17404001</misses>
				<total>27</total>
				<timestamp>6433.041090</timestamp>
			</report>
			<report>
				<misses>17405001</misses>
				<total>27</total>
				<timestamp>6433.410726</timestamp>
			</report>
			<report>
				<misses>17406001</misses>
				<total>27</total>
				<timestamp>6433.780383</timestamp>
			</report>
			<report>
				<misses>17407001</misses>
				<total>27</total>
				<timestamp>6434.149994</timestamp>
			</report>
			<report>
				<misses>17408001</misses>
				<total>27</total>
				<timestamp>6434.519637</timestamp>
			</report>
			<report>
				<misses>17409001</misses>
				<total>27</total>
				<timestamp>6434.889287</timestamp>
			</report>
			<report>
				<misses>17410001</misses>
				<total>27</total>
				<timestamp>6435.258828</timestamp>
			</report>
			<report>
				<misses>17411001</misses>
				<total>27</total>
				<timestamp>6435.628452</timestamp>
			</report>
			<report>
				<misses>17412001</misses>
				<total>27</total>
				<timestamp>6435.998119</timestamp>
			</report>
			<report>
				<misses>17413001</misses>
				<total>27</total>
				<timestamp>6436.367721</timestamp>
			</report>
			<report>
				<misses>17414001</misses>
				<total>27</total>
				<timestamp>6436.737414</timestamp>
			</report>
			<report>
				<misses>17415001</misses>
				<total>27</total>
				<timestamp>6437.107012</timestamp>
			</report>
			<report>
				<misses>17416001</misses>
				<total>27</total>
				<timestamp>6437.476605</timestamp>
			</report>
			<report>
				<misses>17417001</misses>
				<total>27</total>
				<timestamp>6437.846261</timestamp>
			</report>
			<report>
				<misses>17418001</misses>
				<total>27</total>
				<timestamp>6438.215930</timestamp>
			</report>
			<report>
				<misses>17419001</misses>
				<total>26</total>
				<timestamp>6438.585645</timestamp>
			</report>
			<report>
				<misses>17420001</misses>
				<total>27</total>
				<timestamp>6438.955211</timestamp>
			</report>
			<report>
				<misses>17421001</misses>
				<total>27</total>
				<timestamp>6439.324800</timestamp>
			</report>
			<report>
				<misses>17422001</misses>
				<total>27</total>
				<timestamp>6439.694394</timestamp>
			</report>
			<report>
				<misses>17423001</misses>
				<total>27</total>
				<timestamp>6440.064028</timestamp>
			</report>
			<report>
				<misses>17424001</misses>
				<total>27</total>
				<timestamp>6440.433660</timestamp>
			</report>
			<report>
				<misses>17425001</misses>
				<total>27</total>
				<timestamp>6440.803322</timestamp>
			</report>
			<report>
				<misses>17426001</misses>
				<total>27</total>
				<timestamp>6441.172978</timestamp>
			</report>
			<report>
				<misses>17427001</misses>
				<total>27</total>
				<timestamp>6441.542576</timestamp>
			</report>
			<report>
				<misses>17428001</misses>
				<total>27</total>
				<timestamp>6441.912203</timestamp>
			</report>
			<report>
				<misses>17429001</misses>
				<total>26</total>
				<timestamp>6442.281897</timestamp>
			</report>
			<report>
				<misses>17430001</misses>
				<total>27</total>
				<timestamp>6442.651463</timestamp>
			</report>
			<report>
				<misses>17431001</misses>
				<total>27</total>
				<timestamp>6443.021140</timestamp>
			</report>
			<report>
				<misses>17432001</misses>
				<total>27</total>
				<timestamp>6443.390699</timestamp>
			</report>
			<report>
				<misses>17433001</misses>
				<total>26</total>
				<timestamp>6443.760462</timestamp>
			</report>
			<report>
				<misses>17434001</misses>
				<total>27</total>
				<timestamp>6444.130022</timestamp>
			</report>
			<report>
				<misses>17435001</misses>
				<total>27</total>
				<timestamp>6444.499607</timestamp>
			</report>
			<report>
				<misses>17436001</misses>
				<total>27</total>
				<timestamp>6444.869256</timestamp>
			</report>
			<report>
				<misses>17437001</misses>
				<total>27</total>
				<timestamp>6445.238879</timestamp>
			</report>
			<report>
				<misses>17438001</misses>
				<total>27</total>
				<timestamp>6445.608468</timestamp>
			</report>
			<report>
				<misses>17439001</misses>
				<total>27</total>
				<timestamp>6445.978175</timestamp>
			</report>
			<report>
				<misses>17440001</misses>
				<total>27</total>
				<timestamp>6446.347774</timestamp>
			</report>
			<report>
				<misses>17441001</misses>
				<total>27</total>
				<timestamp>6446.717392</timestamp>
			</report>
			<report>
				<misses>17442001</misses>
				<total>27</total>
				<timestamp>6447.087020</timestamp>
			</report>
			<report>
				<misses>17443001</misses>
				<total>27</total>
				<timestamp>6447.456633</timestamp>
			</report>
			<report>
				<misses>17444001</misses>
				<total>27</total>
				<timestamp>6447.826266</timestamp>
			</report>
			<report>
				<misses>17445001</misses>
				<total>27</total>
				<timestamp>6448.195934</timestamp>
			</report>
			<report>
				<misses>17446001</misses>
				<total>27</total>
				<timestamp>6448.565515</timestamp>
			</report>
			<report>
				<misses>17447001</misses>
				<total>26</total>
				<timestamp>6448.935283</timestamp>
			</report>
			<report>
				<misses>17448001</misses>
				<total>27</total>
				<timestamp>6449.304780</timestamp>
			</report>
			<report>
				<misses>17449001</misses>
				<total>27</total>
				<timestamp>6449.674404</timestamp>
			</report>
			<report>
				<misses>17450001</misses>
				<total>27</total>
				<timestamp>6450.044046</timestamp>
			</report>
			<report>
				<misses>17451001</misses>
				<total>26</total>
				<timestamp>6450.413774</timestamp>
			</report>
			<report>
				<misses>17452001</misses>
				<total>27</total>
				<timestamp>6450.783384</timestamp>
			</report>
			<report>
				<misses>17453001</misses>
				<total>27</total>
				<timestamp>6451.152930</timestamp>
			</report>
			<report>
				<misses>17454001</misses>
				<total>27</total>
				<timestamp>6451.522618</timestamp>
			</report>
			<report>
				<misses>17455001</misses>
				<total>27</total>
				<timestamp>6451.892255</timestamp>
			</report>
			<report>
				<misses>17456001</misses>
				<total>27</total>
				<timestamp>6452.261826</timestamp>
			</report>
			<report>
				<misses>17457001</misses>
				<total>27</total>
				<timestamp>6452.631480</timestamp>
			</report>
			<report>
				<misses>17458001</misses>
				<total>27</total>
				<timestamp>6453.001116</timestamp>
			</report>
			<report>
				<misses>17459001</misses>
				<total>27</total>
				<timestamp>6453.370764</timestamp>
			</report>
			<report>
				<misses>17460001</misses>
				<total>26</total>
				<timestamp>6453.740439</timestamp>
			</report>
			<report>
				<misses>17461001</misses>
				<total>26</total>
				<timestamp>6454.110090</timestamp>
			</report>
			<report>
				<misses>17462001</misses>
				<total>26</total>
				<timestamp>6454.479726</timestamp>
			</report>
			<report>
				<misses>17463001</misses>
				<total>27</total>
				<timestamp>6454.849279</timestamp>
			</report>
			<report>
				<misses>17464001</misses>
				<total>27</total>
				<timestamp>6455.218929</timestamp>
			</report>
			<report>
				<misses>17465001</misses>
				<total>27</total>
				<timestamp>6455.588494</timestamp>
			</report>
			<report>
				<misses>17466001</misses>
				<total>26</total>
				<timestamp>6455.958227</timestamp>
			</report>
			<report>
				<misses>17467001</misses>
				<total>27</total>
				<timestamp>6456.327790</timestamp>
			</report>
			<report>
				<misses>17468001</misses>
				<total>26</total>
				<timestamp>6456.697482</timestamp>
			</report>
			<report>
				<misses>17469001</misses>
				<total>27</total>
				<timestamp>6457.067108</timestamp>
			</report>
			<report>
				<misses>17470001</misses>
				<total>27</total>
				<timestamp>6457.436656</timestamp>
			</report>
			<report>
				<misses>17471001</misses>
				<total>27</total>
				<timestamp>6457.806264</timestamp>
			</report>
			<report>
				<misses>17472001</misses>
				<total>27</total>
				<timestamp>6458.175902</timestamp>
			</report>
			<report>
				<misses>17473001</misses>
				<total>27</total>
				<timestamp>6458.545569</timestamp>
			</report>
			<report>
				<misses>17474001</misses>
				<total>27</total>
				<timestamp>6458.915152</timestamp>
			</report>
			<report>
				<misses>17475001</misses>
				<total>27</total>
				<timestamp>6459.284781</timestamp>
			</report>
			<report>
				<misses>17476001</misses>
				<total>27</total>
				<timestamp>6459.654412</timestamp>
			</report>
			<report>
				<misses>17477001</misses>
				<total>28</total>
				<timestamp>6460.024197</timestamp>
			</report>
			<report>
				<misses>17478001</misses>
				<total>29</total>
				<timestamp>6460.393669</timestamp>
			</report>
			<report>
				<misses>17479001</misses>
				<total>29</total>
				<timestamp>6460.763300</timestamp>
			</report>
			<report>
				<misses>17480001</misses>
				<total>28</total>
				<timestamp>6461.133049</timestamp>
			</report>
			<report>
				<misses>17481001</misses>
				<total>28</total>
				<timestamp>6461.502651</timestamp>
			</report>
			<report>
				<misses>17482001</misses>
				<total>29</total>
				<timestamp>6461.872218</timestamp>
			</report>
			<report>
				<misses>17483001</misses>
				<total>29</total>
				<timestamp>6462.241831</timestamp>
			</report>
			<report>
				<misses>17484001</misses>
				<total>29</total>
				<timestamp>6462.611470</timestamp>
			</report>
			<report>
				<misses>17485001</misses>
				<total>29</total>
				<timestamp>6462.981104</timestamp>
			</report>
			<report>
				<misses>17486001</misses>
				<total>29</total>
				<timestamp>6463.350711</timestamp>
			</report>
			<report>
				<misses>17487001</misses>
				<total>29</total>
				<timestamp>6463.720377</timestamp>
			</report>
			<report>
				<misses>17488001</misses>
				<total>28</total>
				<timestamp>6464.090108</timestamp>
			</report>
			<report>
				<misses>17489001</misses>
				<total>29</total>
				<timestamp>6464.459603</timestamp>
			</report>
			<report>
				<misses>17490001</misses>
				<total>29</total>
				<timestamp>6464.829237</timestamp>
			</report>
			<report>
				<misses>17491001</misses>
				<total>29</total>
				<timestamp>6465.198888</timestamp>
			</report>
			<report>
				<misses>17492001</misses>
				<total>29</total>
				<timestamp>6465.568548</timestamp>
			</report>
			<report>
				<misses>17493001</misses>
				<total>29</total>
				<timestamp>6465.938178</timestamp>
			</report>
			<report>
				<misses>17494001</misses>
				<total>29</total>
				<timestamp>6466.307789</timestamp>
			</report>
			<report>
				<misses>17495001</misses>
				<total>29</total>
				<timestamp>6466.677410</timestamp>
			</report>
			<report>
				<misses>17496001</misses>
				<total>29</total>
				<timestamp>6467.047047</timestamp>
			</report>
			<report>
				<misses>17497001</misses>
				<total>29</total>
				<timestamp>6467.416646</timestamp>
			</report>
			<report>
				<misses>17498001</misses>
				<total>29</total>
				<timestamp>6467.786287</timestamp>
			</report>
			<report>
				<misses>17499001</misses>
				<total>29</total>
				<timestamp>6468.155982</timestamp>
			</report>
			<report>
				<misses>17500001</misses>
				<total>29</total>
				<timestamp>6468.525552</timestamp>
			</report>
			<report>
				<misses>17501001</misses>
				<total>28</total>
				<timestamp>6468.895251</timestamp>
			</report>
			<report>
				<misses>17502001</misses>
				<total>29</total>
				<timestamp>6469.264856</timestamp>
			</report>
			<report>
				<misses>17503001</misses>
				<total>29</total>
				<timestamp>6469.634461</timestamp>
			</report>
			<report>
				<misses>17504001</misses>
				<total>29</total>
				<timestamp>6470.004057</timestamp>
			</report>
			<report>
				<misses>17505001</misses>
				<total>29</total>
				<timestamp>6470.373683</timestamp>
			</report>
			<report>
				<misses>17506001</misses>
				<total>29</total>
				<timestamp>6470.743374</timestamp>
			</report>
			<report>
				<misses>17507001</misses>
				<total>28</total>
				<timestamp>6471.113051</timestamp>
			</report>
			<report>
				<misses>17508001</misses>
				<total>29</total>
				<timestamp>6471.482607</timestamp>
			</report>
			<report>
				<misses>17509001</misses>
				<total>29</total>
				<timestamp>6471.852246</timestamp>
			</report>
			<report>
				<misses>17510001</misses>
				<total>29</total>
				<timestamp>6472.221847</timestamp>
			</report>
			<report>
				<misses>17511001</misses>
				<total>29</total>
				<timestamp>6472.591489</timestamp>
			</report>
			<report>
				<misses>17512001</misses>
				<total>29</total>
				<timestamp>6472.961150</timestamp>
			</report>
			<report>
				<misses>17513001</misses>
				<total>29</total>
				<timestamp>6473.330760</timestamp>
			</report>
			<report>
				<misses>17514001</misses>
				<total>28</total>
				<timestamp>6473.700513</timestamp>
			</report>
			<report>
				<misses>17515001</misses>
				<total>29</total>
				<timestamp>6474.070026</timestamp>
			</report>
			<report>
				<misses>17516001</misses>
				<total>29</total>
				<timestamp>6474.439620</timestamp>
			</report>
			<report>
				<misses>17517001</misses>
				<total>29</total>
				<timestamp>6474.809230</timestamp>
			</report>
			<report>
				<misses>17518001</misses>
				<total>29</total>
				<timestamp>6475.178880</timestamp>
			</report>
			<report>
				<misses>17519001</misses>
				<total>29</total>
				<timestamp>6475.548501</timestamp>
			</report>
			<report>
				<misses>17520001</misses>
				<total>28</total>
				<timestamp>6475.918246</timestamp>
			</report>
			<report>
				<misses>17521001</misses>
				<total>29</total>
				<timestamp>6476.287756</timestamp>
			</report>
			<report>
				<misses>17522001</misses>
				<total>29</total>
				<timestamp>6476.657389</timestamp>
			</report>
			<report>
				<misses>17523001</misses>
				<total>29</total>
				<timestamp>6477.027051</timestamp>
			</report>
			<report>
				<misses>17524001</misses>
				<total>29</total>
				<timestamp>6477.396656</timestamp>
			</report>
			<report>
				<misses>17525001</misses>
				<total>29</total>
				<timestamp>6477.766300</timestamp>
			</report>
			<report>
				<misses>17526001</misses>
				<total>29</total>
				<timestamp>6478.135949</timestamp>
			</report>
			<report>
				<misses>17527001</misses>
				<total>29</total>
				<timestamp>6478.505621</timestamp>
			</report>
			<report>
				<misses>17528001</misses>
				<total>29</total>
				<timestamp>6478.875248</timestamp>
			</report>
			<report>
				<misses>17529001</misses>
				<total>29</total>
				<timestamp>6479.244834</timestamp>
			</report>
			<report>
				<misses>17530001</misses>
				<total>29</total>
				<timestamp>6479.614430</timestamp>
			</report>
			<report>
				<misses>17531001</misses>
				<total>29</total>
				<timestamp>6479.984132</timestamp>
			</report>
			<report>
				<misses>17532001</misses>
				<total>29</total>
				<timestamp>6480.353762</timestamp>
			</report>
			<report>
				<misses>17533001</misses>
				<total>29</total>
				<timestamp>6480.723343</timestamp>
			</report>
			<report>
				<misses>17534001</misses>
				<total>29</total>
				<timestamp>6481.093039</timestamp>
			</report>
			<report>
				<misses>17535001</misses>
				<total>29</total>
				<timestamp>6481.462631</timestamp>
			</report>
			<report>
				<misses>17536001</misses>
				<total>29</total>
				<timestamp>6481.832242</timestamp>
			</report>
			<report>
				<misses>17537001</misses>
				<total>29</total>
				<timestamp>6482.201919</timestamp>
			</report>
			<report>
				<misses>17538001</misses>
				<total>29</total>
				<timestamp>6482.571499</timestamp>
			</report>
			<report>
				<misses>17539001</misses>
				<total>29</total>
				<timestamp>6482.941115</timestamp>
			</report>
			<report>
				<misses>17540001</misses>
				<total>29</total>
				<timestamp>6483.310738</timestamp>
			</report>
			<report>
				<misses>17541001</misses>
				<total>29</total>
				<timestamp>6483.680367</timestamp>
			</report>
			<report>
				<misses>17542001</misses>
				<total>29</total>
				<timestamp>6484.050116</timestamp>
			</report>
			<report>
				<misses>17543001</misses>
				<total>29</total>
				<timestamp>6484.419624</timestamp>
			</report>
			<report>
				<misses>17544001</misses>
				<total>28</total>
				<timestamp>6484.789360</timestamp>
			</report>
			<report>
				<misses>17545001</misses>
				<total>29</total>
				<timestamp>6485.158905</timestamp>
			</report>
			<report>
				<misses>17546001</misses>
				<total>29</total>
				<timestamp>6485.528516</timestamp>
			</report>
			<report>
				<misses>17547001</misses>
				<total>29</total>
				<timestamp>6485.898152</timestamp>
			</report>
			<report>
				<misses>17548001</misses>
				<total>29</total>
				<timestamp>6486.267780</timestamp>
			</report>
			<report>
				<misses>17549001</misses>
				<total>28</total>
				<timestamp>6486.637503</timestamp>
			</report>
			<report>
				<misses>17550001</misses>
				<total>29</total>
				<timestamp>6487.007069</timestamp>
			</report>
			<report>
				<misses>17551001</misses>
				<total>29</total>
				<timestamp>6487.376665</timestamp>
			</report>
			<report>
				<misses>17552001</misses>
				<total>29</total>
				<timestamp>6487.746303</timestamp>
			</report>
			<report>
				<misses>17553001</misses>
				<total>29</total>
				<timestamp>6488.116024</timestamp>
			</report>
			<report>
				<misses>17554001</misses>
				<total>29</total>
				<timestamp>6488.485604</timestamp>
			</report>
			<report>
				<misses>17555001</misses>
				<total>29</total>
				<timestamp>6488.855246</timestamp>
			</report>
			<report>
				<misses>17556001</misses>
				<total>29</total>
				<timestamp>6489.224884</timestamp>
			</report>
			<report>
				<misses>17557001</misses>
				<total>29</total>
				<timestamp>6489.594481</timestamp>
			</report>
			<report>
				<misses>17558001</misses>
				<total>28</total>
				<timestamp>6489.964197</timestamp>
			</report>
			<report>
				<misses>17559001</misses>
				<total>29</total>
				<timestamp>6490.333706</timestamp>
			</report>
			<report>
				<misses>17560001</misses>
				<total>29</total>
				<timestamp>6490.703345</timestamp>
			</report>
			<report>
				<misses>17561001</misses>
				<total>29</total>
				<timestamp>6491.072965</timestamp>
			</report>
			<report>
				<misses>17562001</misses>
				<total>29</total>
				<timestamp>6491.442610</timestamp>
			</report>
			<report>
				<misses>17563001</misses>
				<total>28</total>
				<timestamp>6491.812387</timestamp>
			</report>
			<report>
				<misses>17564001</misses>
				<total>29</total>
				<timestamp>6492.181970</timestamp>
			</report>
			<report>
				<misses>17565001</misses>
				<total>29</total>
				<timestamp>6492.551486</timestamp>
			</report>
			<report>
				<misses>17566001</misses>
				<total>29</total>
				<timestamp>6492.921185</timestamp>
			</report>
			<report>
				<misses>17567001</misses>
				<total>29</total>
				<timestamp>6493.290827</timestamp>
			</report>
			<report>
				<misses>17568001</misses>
				<total>29</total>
				<timestamp>6493.660379</timestamp>
			</report>
			<report>
				<misses>17569001</misses>
				<total>29</total>
				<timestamp>6494.030039</timestamp>
			</report>
			<report>
				<misses>17570001</misses>
				<total>29</total>
				<timestamp>6494.399637</timestamp>
			</report>
			<report>
				<misses>17571001</misses>
				<total>29</total>
				<timestamp>6494.769334</timestamp>
			</report>
			<report>
				<misses>17572001</misses>
				<total>28</total>
				<timestamp>6495.139002</timestamp>
			</report>
			<report>
				<misses>17573001</misses>
				<total>29</total>
				<timestamp>6495.508577</timestamp>
			</report>
			<report>
				<misses>17574001</misses>
				<total>29</total>
				<timestamp>6495.878148</timestamp>
			</report>
			<report>
				<misses>17575001</misses>
				<total>29</total>
				<timestamp>6496.247905</timestamp>
			</report>
			<report>
				<misses>17576001</misses>
				<total>28</total>
				<timestamp>6496.617532</timestamp>
			</report>
			<report>
				<misses>17577001</misses>
				<total>29</total>
				<timestamp>6496.987097</timestamp>
			</report>
			<report>
				<misses>17578001</misses>
				<total>29</total>
				<timestamp>6497.356765</timestamp>
			</report>
			<report>
				<misses>17579001</misses>
				<total>29</total>
				<timestamp>6497.726331</timestamp>
			</report>
			<report>
				<misses>17580001</misses>
				<total>29</total>
				<timestamp>6498.095962</timestamp>
			</report>
			<report>
				<misses>17581001</misses>
				<total>29</total>
				<timestamp>6498.465604</timestamp>
			</report>
			<report>
				<misses>17582001</misses>
				<total>29</total>
				<timestamp>6498.835254</timestamp>
			</report>
			<report>
				<misses>17583001</misses>
				<total>29</total>
				<timestamp>6499.204844</timestamp>
			</report>
			<report>
				<misses>17584001</misses>
				<total>29</total>
				<timestamp>6499.574503</timestamp>
			</report>
			<report>
				<misses>17585001</misses>
				<total>29</total>
				<timestamp>6499.944174</timestamp>
			</report>
			<report>
				<misses>17586001</misses>
				<total>29</total>
				<timestamp>6500.313722</timestamp>
			</report>
			<report>
				<misses>17587001</misses>
				<total>29</total>
				<timestamp>6500.683377</timestamp>
			</report>
			<report>
				<misses>17588001</misses>
				<total>29</total>
				<timestamp>6501.053056</timestamp>
			</report>
			<report>
				<misses>17589001</misses>
				<total>29</total>
				<timestamp>6501.422603</timestamp>
			</report>
			<report>
				<misses>17590001</misses>
				<total>29</total>
				<timestamp>6501.792244</timestamp>
			</report>
			<report>
				<misses>17591001</misses>
				<total>29</total>
				<timestamp>6502.161868</timestamp>
			</report>
			<report>
				<misses>17592001</misses>
				<total>29</total>
				<timestamp>6502.531507</timestamp>
			</report>
			<report>
				<misses>17593001</misses>
				<total>29</total>
				<timestamp>6502.901152</timestamp>
			</report>
			<report>
				<misses>17594001</misses>
				<total>29</total>
				<timestamp>6503.270814</timestamp>
			</report>
			<report>
				<misses>17595001</misses>
				<total>29</total>
				<timestamp>6503.640429</timestamp>
			</report>
			<report>
				<misses>17596001</misses>
				<total>29</total>
				<timestamp>6504.010072</timestamp>
			</report>
			<report>
				<misses>17597001</misses>
				<total>29</total>
				<timestamp>6504.379656</timestamp>
			</report>
			<report>
				<misses>17598001</misses>
				<total>29</total>
				<timestamp>6504.749280</timestamp>
			</report>
			<report>
				<misses>17599001</misses>
				<total>29</total>
				<timestamp>6505.118986</timestamp>
			</report>
			<report>
				<misses>17600001</misses>
				<total>29</total>
				<timestamp>6505.488542</timestamp>
			</report>
			<report>
				<misses>17601001</misses>
				<total>29</total>
				<timestamp>6505.858197</timestamp>
			</report>
			<report>
				<misses>17602001</misses>
				<total>29</total>
				<timestamp>6506.227805</timestamp>
			</report>
			<report>
				<misses>17603001</misses>
				<total>29</total>
				<timestamp>6506.597445</timestamp>
			</report>
			<report>
				<misses>17604001</misses>
				<total>28</total>
				<timestamp>6506.967157</timestamp>
			</report>
			<report>
				<misses>17605001</misses>
				<total>29</total>
				<timestamp>6507.336696</timestamp>
			</report>
			<report>
				<misses>17606001</misses>
				<total>29</total>
				<timestamp>6507.706320</timestamp>
			</report>
			<report>
				<misses>17607001</misses>
				<total>29</total>
				<timestamp>6508.075958</timestamp>
			</report>
			<report>
				<misses>17608001</misses>
				<total>29</total>
				<timestamp>6508.445640</timestamp>
			</report>
			<report>
				<misses>17609001</misses>
				<total>29</total>
				<timestamp>6508.815196</timestamp>
			</report>
			<report>
				<misses>17610001</misses>
				<total>29</total>
				<timestamp>6509.184865</timestamp>
			</report>
			<report>
				<misses>17611001</misses>
				<total>29</total>
				<timestamp>6509.554508</timestamp>
			</report>
			<report>
				<misses>17612001</misses>
				<total>29</total>
				<timestamp>6509.924141</timestamp>
			</report>
			<report>
				<misses>17613001</misses>
				<total>29</total>
				<timestamp>6510.293767</timestamp>
			</report>
			<report>
				<misses>17614001</misses>
				<total>29</total>
				<timestamp>6510.663397</timestamp>
			</report>
			<report>
				<misses>17615001</misses>
				<total>29</total>
				<timestamp>6511.032991</timestamp>
			</report>
			<report>
				<misses>17616001</misses>
				<total>29</total>
				<timestamp>6511.402682</timestamp>
			</report>
			<report>
				<misses>17617001</misses>
				<total>29</total>
				<timestamp>6511.772285</timestamp>
			</report>
			<report>
				<misses>17618001</misses>
				<total>29</total>
				<timestamp>6512.141884</timestamp>
			</report>
			<report>
				<misses>17619001</misses>
				<total>29</total>
				<timestamp>6512.511530</timestamp>
			</report>
			<report>
				<misses>17620001</misses>
				<total>29</total>
				<timestamp>6512.881136</timestamp>
			</report>
			<report>
				<misses>17621001</misses>
				<total>29</total>
				<timestamp>6513.250893</timestamp>
			</report>
			<report>
				<misses>17622001</misses>
				<total>29</total>
				<timestamp>6513.620400</timestamp>
			</report>
			<report>
				<misses>17623001</misses>
				<total>29</total>
				<timestamp>6513.990090</timestamp>
			</report>
			<report>
				<misses>17624001</misses>
				<total>29</total>
				<timestamp>6514.359745</timestamp>
			</report>
			<report>
				<misses>17625001</misses>
				<total>29</total>
				<timestamp>6514.729284</timestamp>
			</report>
			<report>
				<misses>17626001</misses>
				<total>29</total>
				<timestamp>6515.098966</timestamp>
			</report>
			<report>
				<misses>17627001</misses>
				<total>29</total>
				<timestamp>6515.468543</timestamp>
			</report>
			<report>
				<misses>17628001</misses>
				<total>29</total>
				<timestamp>6515.838197</timestamp>
			</report>
			<report>
				<misses>17629001</misses>
				<total>29</total>
				<timestamp>6516.207850</timestamp>
			</report>
			<report>
				<misses>17630001</misses>
				<total>29</total>
				<timestamp>6516.577490</timestamp>
			</report>
			<report>
				<misses>17631001</misses>
				<total>29</total>
				<timestamp>6516.947093</timestamp>
			</report>
			<report>
				<misses>17632001</misses>
				<total>29</total>
				<timestamp>6517.316782</timestamp>
			</report>
			<report>
				<misses>17633001</misses>
				<total>28</total>
				<timestamp>6517.686442</timestamp>
			</report>
			<report>
				<misses>17634001</misses>
				<total>29</total>
				<timestamp>6518.056015</timestamp>
			</report>
			<report>
				<misses>17635001</misses>
				<total>28</total>
				<timestamp>6518.425718</timestamp>
			</report>
			<report>
				<misses>17636001</misses>
				<total>29</total>
				<timestamp>6518.795215</timestamp>
			</report>
			<report>
				<misses>17637001</misses>
				<total>29</total>
				<timestamp>6519.164901</timestamp>
			</report>
			<report>
				<misses>17638001</misses>
				<total>29</total>
				<timestamp>6519.534549</timestamp>
			</report>
			<report>
				<misses>17639001</misses>
				<total>29</total>
				<timestamp>6519.904097</timestamp>
			</report>
			<report>
				<misses>17640001</misses>
				<total>29</total>
				<timestamp>6520.273764</timestamp>
			</report>
			<report>
				<misses>17641001</misses>
				<total>29</total>
				<timestamp>6520.643363</timestamp>
			</report>
			<report>
				<misses>17642001</misses>
				<total>29</total>
				<timestamp>6521.013029</timestamp>
			</report>
			<report>
				<misses>17643001</misses>
				<total>29</total>
				<timestamp>6521.382655</timestamp>
			</report>
			<report>
				<misses>17644001</misses>
				<total>29</total>
				<timestamp>6521.752258</timestamp>
			</report>
			<report>
				<misses>17645001</misses>
				<total>29</total>
				<timestamp>6522.121920</timestamp>
			</report>
			<report>
				<misses>17646001</misses>
				<total>29</total>
				<timestamp>6522.491632</timestamp>
			</report>
			<report>
				<misses>17647001</misses>
				<total>29</total>
				<timestamp>6522.861167</timestamp>
			</report>
			<report>
				<misses>17648001</misses>
				<total>29</total>
				<timestamp>6523.230808</timestamp>
			</report>
			<report>
				<misses>17649001</misses>
				<total>29</total>
				<timestamp>6523.600423</timestamp>
			</report>
			<report>
				<misses>17650001</misses>
				<total>28</total>
				<timestamp>6523.970137</timestamp>
			</report>
			<report>
				<misses>17651001</misses>
				<total>29</total>
				<timestamp>6524.339751</timestamp>
			</report>
			<report>
				<misses>17652001</misses>
				<total>29</total>
				<timestamp>6524.709363</timestamp>
			</report>
			<report>
				<misses>17653001</misses>
				<total>29</total>
				<timestamp>6525.078968</timestamp>
			</report>
			<report>
				<misses>17654001</misses>
				<total>29</total>
				<timestamp>6525.448564</timestamp>
			</report>
			<report>
				<misses>17655001</misses>
				<total>29</total>
				<timestamp>6525.818258</timestamp>
			</report>
			<report>
				<misses>17656001</misses>
				<total>29</total>
				<timestamp>6526.187812</timestamp>
			</report>
			<report>
				<misses>17657001</misses>
				<total>29</total>
				<timestamp>6526.557459</timestamp>
			</report>
			<report>
				<misses>17658001</misses>
				<total>29</total>
				<timestamp>6526.927090</timestamp>
			</report>
			<report>
				<misses>17659001</misses>
				<total>29</total>
				<timestamp>6527.296758</timestamp>
			</report>
			<report>
				<misses>17660001</misses>
				<total>29</total>
				<timestamp>6527.666330</timestamp>
			</report>
			<report>
				<misses>17661001</misses>
				<total>29</total>
				<timestamp>6528.036009</timestamp>
			</report>
			<report>
				<misses>17662001</misses>
				<total>29</total>
				<timestamp>6528.405628</timestamp>
			</report>
			<report>
				<misses>17663001</misses>
				<total>29</total>
				<timestamp>6528.775258</timestamp>
			</report>
			<report>
				<misses>17664001</misses>
				<total>28</total>
				<timestamp>6529.144975</timestamp>
			</report>
			<report>
				<misses>17665001</misses>
				<total>29</total>
				<timestamp>6529.514506</timestamp>
			</report>
			<report>
				<misses>17666001</misses>
				<total>29</total>
				<timestamp>6529.884131</timestamp>
			</report>
			<report>
				<misses>17667001</misses>
				<total>29</total>
				<timestamp>6530.253763</timestamp>
			</report>
			<report>
				<misses>17668001</misses>
				<total>29</total>
				<timestamp>6530.623384</timestamp>
			</report>
			<report>
				<misses>17669001</misses>
				<total>29</total>
				<timestamp>6530.993042</timestamp>
			</report>
			<report>
				<misses>17670001</misses>
				<total>28</total>
				<timestamp>6531.362764</timestamp>
			</report>
			<report>
				<misses>17671001</misses>
				<total>29</total>
				<timestamp>6531.732344</timestamp>
			</report>
			<report>
				<misses>17672001</misses>
				<total>29</total>
				<timestamp>6532.101961</timestamp>
			</report>
			<report>
				<misses>17673001</misses>
				<total>29</total>
				<timestamp>6532.471579</timestamp>
			</report>
			<report>
				<misses>17674001</misses>
				<total>28</total>
				<timestamp>6532.841256</timestamp>
			</report>
			<report>
				<misses>17675001</misses>
				<total>29</total>
				<timestamp>6533.210793</timestamp>
			</report>
			<report>
				<misses>17676001</misses>
				<total>29</total>
				<timestamp>6533.580470</timestamp>
			</report>
			<report>
				<misses>17677001</misses>
				<total>29</total>
				<timestamp>6533.950079</timestamp>
			</report>
			<report>
				<misses>17678001</misses>
				<total>29</total>
				<timestamp>6534.319694</timestamp>
			</report>
			<report>
				<misses>17679001</misses>
				<total>29</total>
				<timestamp>6534.689356</timestamp>
			</report>
			<report>
				<misses>17680001</misses>
				<total>29</total>
				<timestamp>6535.058939</timestamp>
			</report>
			<report>
				<misses>17681001</misses>
				<total>29</total>
				<timestamp>6535.428604</timestamp>
			</report>
			<report>
				<misses>17682001</misses>
				<total>29</total>
				<timestamp>6535.798264</timestamp>
			</report>
			<report>
				<misses>17683001</misses>
				<total>29</total>
				<timestamp>6536.167820</timestamp>
			</report>
			<report>
				<misses>17684001</misses>
				<total>29</total>
				<timestamp>6536.537504</timestamp>
			</report>
			<report>
				<misses>17685001</misses>
				<total>28</total>
				<timestamp>6536.907209</timestamp>
			</report>
			<report>
				<misses>17686001</misses>
				<total>29</total>
				<timestamp>6537.276777</timestamp>
			</report>
			<report>
				<misses>17687001</misses>
				<total>29</total>
				<timestamp>6537.646368</timestamp>
			</report>
			<report>
				<misses>17688001</misses>
				<total>29</total>
				<timestamp>6538.016015</timestamp>
			</report>
			<report>
				<misses>17689001</misses>
				<total>29</total>
				<timestamp>6538.385644</timestamp>
			</report>
			<report>
				<misses>17690001</misses>
				<total>29</total>
				<timestamp>6538.755312</timestamp>
			</report>
			<report>
				<misses>17691001</misses>
				<total>29</total>
				<timestamp>6539.124867</timestamp>
			</report>
			<report>
				<misses>17692001</misses>
				<total>29</total>
				<timestamp>6539.494545</timestamp>
			</report>
			<report>
				<misses>17693001</misses>
				<total>29</total>
				<timestamp>6539.864137</timestamp>
			</report>
			<report>
				<misses>17694001</misses>
				<total>29</total>
				<timestamp>6540.233759</timestamp>
			</report>
			<report>
				<misses>17695001</misses>
				<total>29</total>
				<timestamp>6540.603467</timestamp>
			</report>
			<report>
				<misses>17696001</misses>
				<total>29</total>
				<timestamp>6540.973070</timestamp>
			</report>
			<report>
				<misses>17697001</misses>
				<total>29</total>
				<timestamp>6541.342686</timestamp>
			</report>
			<report>
				<misses>17698001</misses>
				<total>29</total>
				<timestamp>6541.712290</timestamp>
			</report>
			<report>
				<misses>17699001</misses>
				<total>28</total>
				<timestamp>6542.082028</timestamp>
			</report>
			<report>
				<misses>17700001</misses>
				<total>29</total>
				<timestamp>6542.451572</timestamp>
			</report>
			<report>
				<misses>17701001</misses>
				<total>29</total>
				<timestamp>6542.821170</timestamp>
			</report>
			<report>
				<misses>17702001</misses>
				<total>29</total>
				<timestamp>6543.190823</timestamp>
			</report>
			<report>
				<misses>17703001</misses>
				<total>29</total>
				<timestamp>6543.560494</timestamp>
			</report>
			<report>
				<misses>17704001</misses>
				<total>29</total>
				<timestamp>6543.930090</timestamp>
			</report>
			<report>
				<misses>17705001</misses>
				<total>29</total>
				<timestamp>6544.299708</timestamp>
			</report>
			<report>
				<misses>17706001</misses>
				<total>29</total>
				<timestamp>6544.669359</timestamp>
			</report>
			<report>
				<misses>17707001</misses>
				<total>29</total>
				<timestamp>6545.039000</timestamp>
			</report>
			<report>
				<misses>17708001</misses>
				<total>29</total>
				<timestamp>6545.408600</timestamp>
			</report>
			<report>
				<misses>17709001</misses>
				<total>29</total>
				<timestamp>6545.778245</timestamp>
			</report>
			<report>
				<misses>17710001</misses>
				<total>29</total>
				<timestamp>6546.147869</timestamp>
			</report>
			<report>
				<misses>17711001</misses>
				<total>29</total>
				<timestamp>6546.517516</timestamp>
			</report>
			<report>
				<misses>17712001</misses>
				<total>29</total>
				<timestamp>6546.887143</timestamp>
			</report>
			<report>
				<misses>17713001</misses>
				<total>29</total>
				<timestamp>6547.256735</timestamp>
			</report>
			<report>
				<misses>17714001</misses>
				<total>29</total>
				<timestamp>6547.626368</timestamp>
			</report>
			<report>
				<misses>17715001</misses>
				<total>29</total>
				<timestamp>6547.996033</timestamp>
			</report>
			<report>
				<misses>17716001</misses>
				<total>29</total>
				<timestamp>6548.365652</timestamp>
			</report>
			<report>
				<misses>17717001</misses>
				<total>29</total>
				<timestamp>6548.735249</timestamp>
			</report>
			<report>
				<misses>17718001</misses>
				<total>28</total>
				<timestamp>6549.105010</timestamp>
			</report>
			<report>
				<misses>17719001</misses>
				<total>29</total>
				<timestamp>6549.474532</timestamp>
			</report>
			<report>
				<misses>17720001</misses>
				<total>29</total>
				<timestamp>6549.844130</timestamp>
			</report>
			<report>
				<misses>17721001</misses>
				<total>29</total>
				<timestamp>6550.213814</timestamp>
			</report>
			<report>
				<misses>17722001</misses>
				<total>29</total>
				<timestamp>6550.583408</timestamp>
			</report>
			<report>
				<misses>17723001</misses>
				<total>28</total>
				<timestamp>6550.953146</timestamp>
			</report>
			<report>
				<misses>17724001</misses>
				<total>29</total>
				<timestamp>6551.322651</timestamp>
			</report>
			<report>
				<misses>17725001</misses>
				<total>28</total>
				<timestamp>6551.692376</timestamp>
			</report>
			<report>
				<misses>17726001</misses>
				<total>29</total>
				<timestamp>6552.061928</timestamp>
			</report>
			<report>
				<misses>17727001</misses>
				<total>29</total>
				<timestamp>6552.431566</timestamp>
			</report>
			<report>
				<misses>17728001</misses>
				<total>29</total>
				<timestamp>6552.801179</timestamp>
			</report>
			<report>
				<misses>17729001</misses>
				<total>29</total>
				<timestamp>6553.170796</timestamp>
			</report>
			<report>
				<misses>17730001</misses>
				<total>29</total>
				<timestamp>6553.540444</timestamp>
			</report>
			<report>
				<misses>17731001</misses>
				<total>29</total>
				<timestamp>6553.910088</timestamp>
			</report>
			<report>
				<misses>17732001</misses>
				<total>29</total>
				<timestamp>6554.279707</timestamp>
			</report>
			<report>
				<misses>17733001</misses>
				<total>28</total>
				<timestamp>6554.649471</timestamp>
			</report>
			<report>
				<misses>17734001</misses>
				<total>29</total>
				<timestamp>6555.019023</timestamp>
			</report>
			<report>
				<misses>17735001</misses>
				<total>29</total>
				<timestamp>6555.388621</timestamp>
			</report>
			<report>
				<misses>17736001</misses>
				<total>29</total>
				<timestamp>6555.758291</timestamp>
			</report>
			<report>
				<misses>17737001</misses>
				<total>28</total>
				<timestamp>6556.127930</timestamp>
			</report>
			<report>
				<misses>17738001</misses>
				<total>29</total>
				<timestamp>6556.497566</timestamp>
			</report>
			<report>
				<misses>17739001</misses>
				<total>29</total>
				<timestamp>6556.867099</timestamp>
			</report>
			<report>
				<misses>17740001</misses>
				<total>29</total>
				<timestamp>6557.236774</timestamp>
			</report>
			<report>
				<misses>17741001</misses>
				<total>29</total>
				<timestamp>6557.606436</timestamp>
			</report>
			<report>
				<misses>17742001</misses>
				<total>29</total>
				<timestamp>6557.976074</timestamp>
			</report>
			<report>
				<misses>17743001</misses>
				<total>29</total>
				<timestamp>6558.345696</timestamp>
			</report>
			<report>
				<misses>17744001</misses>
				<total>29</total>
				<timestamp>6558.715274</timestamp>
			</report>
			<report>
				<misses>17745001</misses>
				<total>29</total>
				<timestamp>6559.084897</timestamp>
			</report>
			<report>
				<misses>17746001</misses>
				<total>29</total>
				<timestamp>6559.454530</timestamp>
			</report>
			<report>
				<misses>17747001</misses>
				<total>29</total>
				<timestamp>6559.824146</timestamp>
			</report>
			<report>
				<misses>17748001</misses>
				<total>29</total>
				<timestamp>6560.193855</timestamp>
			</report>
			<report>
				<misses>17749001</misses>
				<total>29</total>
				<timestamp>6560.563446</timestamp>
			</report>
			<report>
				<misses>17750001</misses>
				<total>29</total>
				<timestamp>6560.933066</timestamp>
			</report>
			<report>
				<misses>17751001</misses>
				<total>29</total>
				<timestamp>6561.302688</timestamp>
			</report>
			<report>
				<misses>17752001</misses>
				<total>29</total>
				<timestamp>6561.672315</timestamp>
			</report>
			<report>
				<misses>17753001</misses>
				<total>29</total>
				<timestamp>6562.041947</timestamp>
			</report>
			<report>
				<misses>17754001</misses>
				<total>29</total>
				<timestamp>6562.411607</timestamp>
			</report>
			<report>
				<misses>17755001</misses>
				<total>29</total>
				<timestamp>6562.781221</timestamp>
			</report>
			<report>
				<misses>17756001</misses>
				<total>29</total>
				<timestamp>6563.150850</timestamp>
			</report>
			<report>
				<misses>17757001</misses>
				<total>29</total>
				<timestamp>6563.520472</timestamp>
			</report>
			<report>
				<misses>17758001</misses>
				<total>29</total>
				<timestamp>6563.890077</timestamp>
			</report>
			<report>
				<misses>17759001</misses>
				<total>29</total>
				<timestamp>6564.259716</timestamp>
			</report>
			<report>
				<misses>17760001</misses>
				<total>29</total>
				<timestamp>6564.629359</timestamp>
			</report>
			<report>
				<misses>17761001</misses>
				<total>29</total>
				<timestamp>6564.998990</timestamp>
			</report>
			<report>
				<misses>17762001</misses>
				<total>29</total>
				<timestamp>6565.368630</timestamp>
			</report>
			<report>
				<misses>17763001</misses>
				<total>29</total>
				<timestamp>6565.738262</timestamp>
			</report>
			<report>
				<misses>17764001</misses>
				<total>29</total>
				<timestamp>6566.107880</timestamp>
			</report>
			<report>
				<misses>17765001</misses>
				<total>29</total>
				<timestamp>6566.477543</timestamp>
			</report>
			<report>
				<misses>17766001</misses>
				<total>29</total>
				<timestamp>6566.847126</timestamp>
			</report>
			<report>
				<misses>17767001</misses>
				<total>29</total>
				<timestamp>6567.216757</timestamp>
			</report>
			<report>
				<misses>17768001</misses>
				<total>29</total>
				<timestamp>6567.586467</timestamp>
			</report>
			<report>
				<misses>17769001</misses>
				<total>29</total>
				<timestamp>6567.956021</timestamp>
			</report>
			<report>
				<misses>17770001</misses>
				<total>29</total>
				<timestamp>6568.325699</timestamp>
			</report>
			<report>
				<misses>17771001</misses>
				<total>28</total>
				<timestamp>6568.695434</timestamp>
			</report>
			<report>
				<misses>17772001</misses>
				<total>29</total>
				<timestamp>6569.064944</timestamp>
			</report>
			<report>
				<misses>17773001</misses>
				<total>29</total>
				<timestamp>6569.434567</timestamp>
			</report>
			<report>
				<misses>17774001</misses>
				<total>29</total>
				<timestamp>6569.804178</timestamp>
			</report>
			<report>
				<misses>17775001</misses>
				<total>29</total>
				<timestamp>6570.173824</timestamp>
			</report>
			<report>
				<misses>17776001</misses>
				<total>29</total>
				<timestamp>6570.543471</timestamp>
			</report>
			<report>
				<misses>17777001</misses>
				<total>29</total>
				<timestamp>6570.913057</timestamp>
			</report>
			<report>
				<misses>17778001</misses>
				<total>29</total>
				<timestamp>6571.282684</timestamp>
			</report>
			<report>
				<misses>17779001</misses>
				<total>29</total>
				<timestamp>6571.652327</timestamp>
			</report>
			<report>
				<misses>17780001</misses>
				<total>29</total>
				<timestamp>6572.021943</timestamp>
			</report>
			<report>
				<misses>17781001</misses>
				<total>29</total>
				<timestamp>6572.391579</timestamp>
			</report>
			<report>
				<misses>17782001</misses>
				<total>29</total>
				<timestamp>6572.761278</timestamp>
			</report>
			<report>
				<misses>17783001</misses>
				<total>29</total>
				<timestamp>6573.130820</timestamp>
			</report>
			<report>
				<misses>17784001</misses>
				<total>29</total>
				<timestamp>6573.500481</timestamp>
			</report>
			<report>
				<misses>17785001</misses>
				<total>29</total>
				<timestamp>6573.870088</timestamp>
			</report>
			<report>
				<misses>17786001</misses>
				<total>29</total>
				<timestamp>6574.239753</timestamp>
			</report>
			<report>
				<misses>17787001</misses>
				<total>29</total>
				<timestamp>6574.609370</timestamp>
			</report>
			<report>
				<misses>17788001</misses>
				<total>29</total>
				<timestamp>6574.979044</timestamp>
			</report>
			<report>
				<misses>17789001</misses>
				<total>29</total>
				<timestamp>6575.348596</timestamp>
			</report>
			<report>
				<misses>17790001</misses>
				<total>29</total>
				<timestamp>6575.718247</timestamp>
			</report>
			<report>
				<misses>17791001</misses>
				<total>28</total>
				<timestamp>6576.087960</timestamp>
			</report>
			<report>
				<misses>17792001</misses>
				<total>29</total>
				<timestamp>6576.457497</timestamp>
			</report>
			<report>
				<misses>17793001</misses>
				<total>28</total>
				<timestamp>6576.827216</timestamp>
			</report>
			<report>
				<misses>17794001</misses>
				<total>29</total>
				<timestamp>6577.196801</timestamp>
			</report>
			<report>
				<misses>17795001</misses>
				<total>29</total>
				<timestamp>6577.566443</timestamp>
			</report>
			<report>
				<misses>17796001</misses>
				<total>29</total>
				<timestamp>6577.936096</timestamp>
			</report>
			<report>
				<misses>17797001</misses>
				<total>29</total>
				<timestamp>6578.305704</timestamp>
			</report>
			<report>
				<misses>17798001</misses>
				<total>29</total>
				<timestamp>6578.675333</timestamp>
			</report>
			<report>
				<misses>17799001</misses>
				<total>29</total>
				<timestamp>6579.044934</timestamp>
			</report>
			<report>
				<misses>17800001</misses>
				<total>29</total>
				<timestamp>6579.414540</timestamp>
			</report>
			<report>
				<misses>17801001</misses>
				<total>28</total>
				<timestamp>6579.784291</timestamp>
			</report>
			<report>
				<misses>17802001</misses>
				<total>29</total>
				<timestamp>6580.153804</timestamp>
			</report>
			<report>
				<misses>17803001</misses>
				<total>29</total>
				<timestamp>6580.523474</timestamp>
			</report>
			<report>
				<misses>17804001</misses>
				<total>29</total>
				<timestamp>6580.893057</timestamp>
			</report>
			<report>
				<misses>17805001</misses>
				<total>29</total>
				<timestamp>6581.262730</timestamp>
			</report>
			<report>
				<misses>17806001</misses>
				<total>29</total>
				<timestamp>6581.632349</timestamp>
			</report>
			<report>
				<misses>17807001</misses>
				<total>29</total>
				<timestamp>6582.001956</timestamp>
			</report>
			<report>
				<misses>17808001</misses>
				<total>29</total>
				<timestamp>6582.371610</timestamp>
			</report>
			<report>
				<misses>17809001</misses>
				<total>29</total>
				<timestamp>6582.741233</timestamp>
			</report>
			<report>
				<misses>17810001</misses>
				<total>29</total>
				<timestamp>6583.110850</timestamp>
			</report>
			<report>
				<misses>17811001</misses>
				<total>29</total>
				<timestamp>6583.480475</timestamp>
			</report>
			<report>
				<misses>17812001</misses>
				<total>29</total>
				<timestamp>6583.850094</timestamp>
			</report>
			<report>
				<misses>17813001</misses>
				<total>29</total>
				<timestamp>6584.219780</timestamp>
			</report>
			<report>
				<misses>17814001</misses>
				<total>29</total>
				<timestamp>6584.589369</timestamp>
			</report>
			<report>
				<misses>17815001</misses>
				<total>29</total>
				<timestamp>6584.959020</timestamp>
			</report>
			<report>
				<misses>17816001</misses>
				<total>29</total>
				<timestamp>6585.328618</timestamp>
			</report>
			<report>
				<misses>17817001</misses>
				<total>29</total>
				<timestamp>6585.698344</timestamp>
			</report>
			<report>
				<misses>17818001</misses>
				<total>29</total>
				<timestamp>6586.067870</timestamp>
			</report>
			<report>
				<misses>17819001</misses>
				<total>29</total>
				<timestamp>6586.437565</timestamp>
			</report>
			<report>
				<misses>17820001</misses>
				<total>29</total>
				<timestamp>6586.807180</timestamp>
			</report>
			<report>
				<misses>17821001</misses>
				<total>29</total>
				<timestamp>6587.176797</timestamp>
			</report>
			<report>
				<misses>17822001</misses>
				<total>29</total>
				<timestamp>6587.546456</timestamp>
			</report>
			<report>
				<misses>17823001</misses>
				<total>29</total>
				<timestamp>6587.916080</timestamp>
			</report>
			<report>
				<misses>17824001</misses>
				<total>28</total>
				<timestamp>6588.285766</timestamp>
			</report>
			<report>
				<misses>17825001</misses>
				<total>29</total>
				<timestamp>6588.655326</timestamp>
			</report>
			<report>
				<misses>17826001</misses>
				<total>29</total>
				<timestamp>6589.024945</timestamp>
			</report>
			<report>
				<misses>17827001</misses>
				<total>29</total>
				<timestamp>6589.394586</timestamp>
			</report>
			<report>
				<misses>17828001</misses>
				<total>29</total>
				<timestamp>6589.764235</timestamp>
			</report>
			<report>
				<misses>17829001</misses>
				<total>29</total>
				<timestamp>6590.133878</timestamp>
			</report>
			<report>
				<misses>17830001</misses>
				<total>28</total>
				<timestamp>6590.503548</timestamp>
			</report>
			<report>
				<misses>17831001</misses>
				<total>29</total>
				<timestamp>6590.873090</timestamp>
			</report>
			<report>
				<misses>17832001</misses>
				<total>29</total>
				<timestamp>6591.242716</timestamp>
			</report>
			<report>
				<misses>17833001</misses>
				<total>28</total>
				<timestamp>6591.612451</timestamp>
			</report>
			<report>
				<misses>17834001</misses>
				<total>29</total>
				<timestamp>6591.981959</timestamp>
			</report>
			<report>
				<misses>17835001</misses>
				<total>29</total>
				<timestamp>6592.351590</timestamp>
			</report>
			<report>
				<misses>17836001</misses>
				<total>28</total>
				<timestamp>6592.721354</timestamp>
			</report>
			<report>
				<misses>17837001</misses>
				<total>29</total>
				<timestamp>6593.090871</timestamp>
			</report>
			<report>
				<misses>17838001</misses>
				<total>29</total>
				<timestamp>6593.460476</timestamp>
			</report>
			<report>
				<misses>17839001</misses>
				<total>29</total>
				<timestamp>6593.830117</timestamp>
			</report>
			<report>
				<misses>17840001</misses>
				<total>29</total>
				<timestamp>6594.199758</timestamp>
			</report>
			<report>
				<misses>17841001</misses>
				<total>28</total>
				<timestamp>6594.569456</timestamp>
			</report>
			<report>
				<misses>17842001</misses>
				<total>29</total>
				<timestamp>6594.939026</timestamp>
			</report>
			<report>
				<misses>17843001</misses>
				<total>29</total>
				<timestamp>6595.308656</timestamp>
			</report>
			<report>
				<misses>17844001</misses>
				<total>29</total>
				<timestamp>6595.678266</timestamp>
			</report>
			<report>
				<misses>17845001</misses>
				<total>29</total>
				<timestamp>6596.047888</timestamp>
			</report>
			<report>
				<misses>17846001</misses>
				<total>29</total>
				<timestamp>6596.417518</timestamp>
			</report>
			<report>
				<misses>17847001</misses>
				<total>29</total>
				<timestamp>6596.787182</timestamp>
			</report>
			<report>
				<misses>17848001</misses>
				<total>28</total>
				<timestamp>6597.156891</timestamp>
			</report>
			<report>
				<misses>17849001</misses>
				<total>29</total>
				<timestamp>6597.526413</timestamp>
			</report>
			<report>
				<misses>17850001</misses>
				<total>29</total>
				<timestamp>6597.896136</timestamp>
			</report>
			<report>
				<misses>17851001</misses>
				<total>29</total>
				<timestamp>6598.265683</timestamp>
			</report>
			<report>
				<misses>17852001</misses>
				<total>29</total>
				<timestamp>6598.635313</timestamp>
			</report>
			<report>
				<misses>17853001</misses>
				<total>29</total>
				<timestamp>6599.004996</timestamp>
			</report>
			<report>
				<misses>17854001</misses>
				<total>29</total>
				<timestamp>6599.374643</timestamp>
			</report>
			<report>
				<misses>17855001</misses>
				<total>29</total>
				<timestamp>6599.744251</timestamp>
			</report>
			<report>
				<misses>17856001</misses>
				<total>29</total>
				<timestamp>6600.113853</timestamp>
			</report>
			<report>
				<misses>17857001</misses>
				<total>29</total>
				<timestamp>6600.483451</timestamp>
			</report>
			<report>
				<misses>17858001</misses>
				<total>29</total>
				<timestamp>6600.853097</timestamp>
			</report>
			<report>
				<misses>17859001</misses>
				<total>29</total>
				<timestamp>6601.222700</timestamp>
			</report>
			<report>
				<misses>17860001</misses>
				<total>29</total>
				<timestamp>6601.592404</timestamp>
			</report>
			<report>
				<misses>17861001</misses>
				<total>29</total>
				<timestamp>6601.962049</timestamp>
			</report>
			<report>
				<misses>17862001</misses>
				<total>28</total>
				<timestamp>6602.331719</timestamp>
			</report>
			<report>
				<misses>17863001</misses>
				<total>29</total>
				<timestamp>6602.701225</timestamp>
			</report>
			<report>
				<misses>17864001</misses>
				<total>29</total>
				<timestamp>6603.070866</timestamp>
			</report>
			<report>
				<misses>17865001</misses>
				<total>29</total>
				<timestamp>6603.440537</timestamp>
			</report>
			<report>
				<misses>17866001</misses>
				<total>28</total>
				<timestamp>6603.810246</timestamp>
			</report>
			<report>
				<misses>17867001</misses>
				<total>29</total>
				<timestamp>6604.179743</timestamp>
			</report>
			<report>
				<misses>17868001</misses>
				<total>29</total>
				<timestamp>6604.549375</timestamp>
			</report>
			<report>
				<misses>17869001</misses>
				<total>29</total>
				<timestamp>6604.919020</timestamp>
			</report>
			<report>
				<misses>17870001</misses>
				<total>29</total>
				<timestamp>6605.288708</timestamp>
			</report>
			<report>
				<misses>17871001</misses>
				<total>29</total>
				<timestamp>6605.658296</timestamp>
			</report>
			<report>
				<misses>17872001</misses>
				<total>29</total>
				<timestamp>6606.027901</timestamp>
			</report>
			<report>
				<misses>17873001</misses>
				<total>28</total>
				<timestamp>6606.397614</timestamp>
			</report>
			<report>
				<misses>17874001</misses>
				<total>29</total>
				<timestamp>6606.767184</timestamp>
			</report>
			<report>
				<misses>17875001</misses>
				<total>29</total>
				<timestamp>6607.136843</timestamp>
			</report>
			<report>
				<misses>17876001</misses>
				<total>29</total>
				<timestamp>6607.506456</timestamp>
			</report>
			<report>
				<misses>17877001</misses>
				<total>29</total>
				<timestamp>6607.876151</timestamp>
			</report>
			<report>
				<misses>17878001</misses>
				<total>29</total>
				<timestamp>6608.245700</timestamp>
			</report>
			<report>
				<misses>17879001</misses>
				<total>28</total>
				<timestamp>6608.615430</timestamp>
			</report>
			<report>
				<misses>17880001</misses>
				<total>29</total>
				<timestamp>6608.984937</timestamp>
			</report>
			<report>
				<misses>17881001</misses>
				<total>28</total>
				<timestamp>6609.354688</timestamp>
			</report>
			<report>
				<misses>17882001</misses>
				<total>29</total>
				<timestamp>6609.724227</timestamp>
			</report>
			<report>
				<misses>17883001</misses>
				<total>29</total>
				<timestamp>6610.093826</timestamp>
			</report>
			<report>
				<misses>17884001</misses>
				<total>29</total>
				<timestamp>6610.463522</timestamp>
			</report>
			<report>
				<misses>17885001</misses>
				<total>29</total>
				<timestamp>6610.833145</timestamp>
			</report>
			<report>
				<misses>17886001</misses>
				<total>29</total>
				<timestamp>6611.202777</timestamp>
			</report>
			<report>
				<misses>17887001</misses>
				<total>29</total>
				<timestamp>6611.572387</timestamp>
			</report>
			<report>
				<misses>17888001</misses>
				<total>29</total>
				<timestamp>6611.942001</timestamp>
			</report>
			<report>
				<misses>17889001</misses>
				<total>29</total>
				<timestamp>6612.311601</timestamp>
			</report>
			<report>
				<misses>17890001</misses>
				<total>29</total>
				<timestamp>6612.681272</timestamp>
			</report>
			<report>
				<misses>17891001</misses>
				<total>28</total>
				<timestamp>6613.050981</timestamp>
			</report>
			<report>
				<misses>17892001</misses>
				<total>29</total>
				<timestamp>6613.420502</timestamp>
			</report>
			<report>
				<misses>17893001</misses>
				<total>29</total>
				<timestamp>6613.790155</timestamp>
			</report>
			<report>
				<misses>17894001</misses>
				<total>29</total>
				<timestamp>6614.159777</timestamp>
			</report>
			<report>
				<misses>17895001</misses>
				<total>29</total>
				<timestamp>6614.529407</timestamp>
			</report>
			<report>
				<misses>17896001</misses>
				<total>29</total>
				<timestamp>6614.899147</timestamp>
			</report>
			<report>
				<misses>17897001</misses>
				<total>29</total>
				<timestamp>6615.268686</timestamp>
			</report>
			<report>
				<misses>17898001</misses>
				<total>29</total>
				<timestamp>6615.638313</timestamp>
			</report>
			<report>
				<misses>17899001</misses>
				<total>29</total>
				<timestamp>6616.007920</timestamp>
			</report>
			<report>
				<misses>17900001</misses>
				<total>29</total>
				<timestamp>6616.377571</timestamp>
			</report>
			<report>
				<misses>17901001</misses>
				<total>29</total>
				<timestamp>6616.747221</timestamp>
			</report>
			<report>
				<misses>17902001</misses>
				<total>29</total>
				<timestamp>6617.116826</timestamp>
			</report>
			<report>
				<misses>17903001</misses>
				<total>29</total>
				<timestamp>6617.486471</timestamp>
			</report>
			<report>
				<misses>17904001</misses>
				<total>29</total>
				<timestamp>6617.856085</timestamp>
			</report>
			<report>
				<misses>17905001</misses>
				<total>28</total>
				<timestamp>6618.225840</timestamp>
			</report>
			<report>
				<misses>17906001</misses>
				<total>29</total>
				<timestamp>6618.595351</timestamp>
			</report>
			<report>
				<misses>17907001</misses>
				<total>29</total>
				<timestamp>6618.964949</timestamp>
			</report>
			<report>
				<misses>17908001</misses>
				<total>29</total>
				<timestamp>6619.334631</timestamp>
			</report>
			<report>
				<misses>17909001</misses>
				<total>29</total>
				<timestamp>6619.704254</timestamp>
			</report>
			<report>
				<misses>17910001</misses>
				<total>29</total>
				<timestamp>6620.073849</timestamp>
			</report>
			<report>
				<misses>17911001</misses>
				<total>29</total>
				<timestamp>6620.443499</timestamp>
			</report>
			<report>
				<misses>17912001</misses>
				<total>29</total>
				<timestamp>6620.813181</timestamp>
			</report>
			<report>
				<misses>17913001</misses>
				<total>29</total>
				<timestamp>6621.182769</timestamp>
			</report>
			<report>
				<misses>17914001</misses>
				<total>29</total>
				<timestamp>6621.552394</timestamp>
			</report>
			<report>
				<misses>17915001</misses>
				<total>29</total>
				<timestamp>6621.922066</timestamp>
			</report>
			<report>
				<misses>17916001</misses>
				<total>29</total>
				<timestamp>6622.291625</timestamp>
			</report>
			<report>
				<misses>17917001</misses>
				<total>29</total>
				<timestamp>6622.661246</timestamp>
			</report>
			<report>
				<misses>17918001</misses>
				<total>29</total>
				<timestamp>6623.030925</timestamp>
			</report>
			<report>
				<misses>17919001</misses>
				<total>29</total>
				<timestamp>6623.400506</timestamp>
			</report>
			<report>
				<misses>17920001</misses>
				<total>29</total>
				<timestamp>6623.770166</timestamp>
			</report>
			<report>
				<misses>17921001</misses>
				<total>29</total>
				<timestamp>6624.139813</timestamp>
			</report>
			<report>
				<misses>17922001</misses>
				<total>29</total>
				<timestamp>6624.509463</timestamp>
			</report>
			<report>
				<misses>17923001</misses>
				<total>29</total>
				<timestamp>6624.879098</timestamp>
			</report>
			<report>
				<misses>17924001</misses>
				<total>29</total>
				<timestamp>6625.248705</timestamp>
			</report>
			<report>
				<misses>17925001</misses>
				<total>28</total>
				<timestamp>6625.618374</timestamp>
			</report>
			<report>
				<misses>17926001</misses>
				<total>29</total>
				<timestamp>6625.987929</timestamp>
			</report>
			<report>
				<misses>17927001</misses>
				<total>29</total>
				<timestamp>6626.357583</timestamp>
			</report>
			<report>
				<misses>17928001</misses>
				<total>29</total>
				<timestamp>6626.727193</timestamp>
			</report>
			<report>
				<misses>17929001</misses>
				<total>29</total>
				<timestamp>6627.096812</timestamp>
			</report>
			<report>
				<misses>17930001</misses>
				<total>29</total>
				<timestamp>6627.466490</timestamp>
			</report>
			<report>
				<misses>17931001</misses>
				<total>29</total>
				<timestamp>6627.836082</timestamp>
			</report>
			<report>
				<misses>17932001</misses>
				<total>29</total>
				<timestamp>6628.205698</timestamp>
			</report>
			<report>
				<misses>17933001</misses>
				<total>29</total>
				<timestamp>6628.575376</timestamp>
			</report>
			<report>
				<misses>17934001</misses>
				<total>29</total>
				<timestamp>6628.944961</timestamp>
			</report>
			<report>
				<misses>17935001</misses>
				<total>29</total>
				<timestamp>6629.314609</timestamp>
			</report>
			<report>
				<misses>17936001</misses>
				<total>29</total>
				<timestamp>6629.684213</timestamp>
			</report>
			<report>
				<misses>17937001</misses>
				<total>29</total>
				<timestamp>6630.053904</timestamp>
			</report>
			<report>
				<misses>17938001</misses>
				<total>29</total>
				<timestamp>6630.423531</timestamp>
			</report>
			<report>
				<misses>17939001</misses>
				<total>29</total>
				<timestamp>6630.793150</timestamp>
			</report>
			<report>
				<misses>17940001</misses>
				<total>29</total>
				<timestamp>6631.162736</timestamp>
			</report>
			<report>
				<misses>17941001</misses>
				<total>28</total>
				<timestamp>6631.532494</timestamp>
			</report>
			<report>
				<misses>17942001</misses>
				<total>29</total>
				<timestamp>6631.902097</timestamp>
			</report>
			<report>
				<misses>17943001</misses>
				<total>29</total>
				<timestamp>6632.271686</timestamp>
			</report>
			<report>
				<misses>17944001</misses>
				<total>29</total>
				<timestamp>6632.641258</timestamp>
			</report>
			<report>
				<misses>17945001</misses>
				<total>29</total>
				<timestamp>6633.010943</timestamp>
			</report>
			<report>
				<misses>17946001</misses>
				<total>29</total>
				<timestamp>6633.380580</timestamp>
			</report>
			<report>
				<misses>17947001</misses>
				<total>29</total>
				<timestamp>6633.750212</timestamp>
			</report>
			<report>
				<misses>17948001</misses>
				<total>29</total>
				<timestamp>6634.119768</timestamp>
			</report>
			<report>
				<misses>17949001</misses>
				<total>29</total>
				<timestamp>6634.489408</timestamp>
			</report>
			<report>
				<misses>17950001</misses>
				<total>29</total>
				<timestamp>6634.859082</timestamp>
			</report>
			<report>
				<misses>17951001</misses>
				<total>29</total>
				<timestamp>6635.228680</timestamp>
			</report>
			<report>
				<misses>17952001</misses>
				<total>28</total>
				<timestamp>6635.598445</timestamp>
			</report>
			<report>
				<misses>17953001</misses>
				<total>29</total>
				<timestamp>6635.967960</timestamp>
			</report>
			<report>
				<misses>17954001</misses>
				<total>29</total>
				<timestamp>6636.337560</timestamp>
			</report>
			<report>
				<misses>17955001</misses>
				<total>29</total>
				<timestamp>6636.707208</timestamp>
			</report>
			<report>
				<misses>17956001</misses>
				<total>29</total>
				<timestamp>6637.076857</timestamp>
			</report>
			<report>
				<misses>17957001</misses>
				<total>29</total>
				<timestamp>6637.446550</timestamp>
			</report>
			<report>
				<misses>17958001</misses>
				<total>29</total>
				<timestamp>6637.816130</timestamp>
			</report>
			<report>
				<misses>17959001</misses>
				<total>29</total>
				<timestamp>6638.185750</timestamp>
			</report>
			<report>
				<misses>17960001</misses>
				<total>29</total>
				<timestamp>6638.555379</timestamp>
			</report>
			<report>
				<misses>17961001</misses>
				<total>29</total>
				<timestamp>6638.925015</timestamp>
			</report>
			<report>
				<misses>17962001</misses>
				<total>29</total>
				<timestamp>6639.294614</timestamp>
			</report>
			<report>
				<misses>17963001</misses>
				<total>29</total>
				<timestamp>6639.664268</timestamp>
			</report>
			<report>
				<misses>17964001</misses>
				<total>29</total>
				<timestamp>6640.033865</timestamp>
			</report>
			<report>
				<misses>17965001</misses>
				<total>29</total>
				<timestamp>6640.403493</timestamp>
			</report>
			<report>
				<misses>17966001</misses>
				<total>29</total>
				<timestamp>6640.773118</timestamp>
			</report>
			<report>
				<misses>17967001</misses>
				<total>29</total>
				<timestamp>6641.142739</timestamp>
			</report>
			<report>
				<misses>17968001</misses>
				<total>29</total>
				<timestamp>6641.512367</timestamp>
			</report>
			<report>
				<misses>17969001</misses>
				<total>29</total>
				<timestamp>6641.882027</timestamp>
			</report>
			<report>
				<misses>17970001</misses>
				<total>29</total>
				<timestamp>6642.251702</timestamp>
			</report>
			<report>
				<misses>17971001</misses>
				<total>29</total>
				<timestamp>6642.621346</timestamp>
			</report>
			<report>
				<misses>17972001</misses>
				<total>29</total>
				<timestamp>6642.990989</timestamp>
			</report>
			<report>
				<misses>17973001</misses>
				<total>28</total>
				<timestamp>6643.360626</timestamp>
			</report>
			<report>
				<misses>17974001</misses>
				<total>29</total>
				<timestamp>6643.730191</timestamp>
			</report>
			<report>
				<misses>17975001</misses>
				<total>29</total>
				<timestamp>6644.099897</timestamp>
			</report>
			<report>
				<misses>17976001</misses>
				<total>29</total>
				<timestamp>6644.469481</timestamp>
			</report>
			<report>
				<misses>17977001</misses>
				<total>29</total>
				<timestamp>6644.839115</timestamp>
			</report>
			<report>
				<misses>17978001</misses>
				<total>29</total>
				<timestamp>6645.208665</timestamp>
			</report>
			<report>
				<misses>17979001</misses>
				<total>29</total>
				<timestamp>6645.578320</timestamp>
			</report>
			<report>
				<misses>17980001</misses>
				<total>29</total>
				<timestamp>6645.947970</timestamp>
			</report>
			<report>
				<misses>17981001</misses>
				<total>29</total>
				<timestamp>6646.317645</timestamp>
			</report>
			<report>
				<misses>17982001</misses>
				<total>29</total>
				<timestamp>6646.687193</timestamp>
			</report>
			<report>
				<misses>17983001</misses>
				<total>28</total>
				<timestamp>6647.056954</timestamp>
			</report>
			<report>
				<misses>17984001</misses>
				<total>29</total>
				<timestamp>6647.426483</timestamp>
			</report>
			<report>
				<misses>17985001</misses>
				<total>29</total>
				<timestamp>6647.796104</timestamp>
			</report>
			<report>
				<misses>17986001</misses>
				<total>29</total>
				<timestamp>6648.165727</timestamp>
			</report>
			<report>
				<misses>17987001</misses>
				<total>29</total>
				<timestamp>6648.535395</timestamp>
			</report>
			<report>
				<misses>17988001</misses>
				<total>29</total>
				<timestamp>6648.905014</timestamp>
			</report>
			<report>
				<misses>17989001</misses>
				<total>29</total>
				<timestamp>6649.274692</timestamp>
			</report>
			<report>
				<misses>17990001</misses>
				<total>29</total>
				<timestamp>6649.644287</timestamp>
			</report>
			<report>
				<misses>17991001</misses>
				<total>29</total>
				<timestamp>6650.013944</timestamp>
			</report>
			<report>
				<misses>17992001</misses>
				<total>29</total>
				<timestamp>6650.383569</timestamp>
			</report>
			<report>
				<misses>17993001</misses>
				<total>28</total>
				<timestamp>6650.753230</timestamp>
			</report>
			<report>
				<misses>17994001</misses>
				<total>29</total>
				<timestamp>6651.122760</timestamp>
			</report>
			<report>
				<misses>17995001</misses>
				<total>28</total>
				<timestamp>6651.492502</timestamp>
			</report>
			<report>
				<misses>17996001</misses>
				<total>29</total>
				<timestamp>6651.862065</timestamp>
			</report>
			<report>
				<misses>17997001</misses>
				<total>29</total>
				<timestamp>6652.231658</timestamp>
			</report>
			<report>
				<misses>17998001</misses>
				<total>29</total>
				<timestamp>6652.601327</timestamp>
			</report>
			<report>
				<misses>17999001</misses>
				<total>29</total>
				<timestamp>6652.970944</timestamp>
			</report>
			<report>
				<misses>18000001</misses>
				<total>29</total>
				<timestamp>6653.340537</timestamp>
			</report>
			<report>
				<misses>18001001</misses>
				<total>29</total>
				<timestamp>6653.710228</timestamp>
			</report>
			<report>
				<misses>18002001</misses>
				<total>29</total>
				<timestamp>6654.079858</timestamp>
			</report>
			<report>
				<misses>18003001</misses>
				<total>29</total>
				<timestamp>6654.449445</timestamp>
			</report>
			<report>
				<misses>18004001</misses>
				<total>29</total>
				<timestamp>6654.819065</timestamp>
			</report>
			<report>
				<misses>18005001</misses>
				<total>29</total>
				<timestamp>6655.188691</timestamp>
			</report>
			<report>
				<misses>18006001</misses>
				<total>29</total>
				<timestamp>6655.558353</timestamp>
			</report>
			<report>
				<misses>18007001</misses>
				<total>28</total>
				<timestamp>6655.928066</timestamp>
			</report>
			<report>
				<misses>18008001</misses>
				<total>29</total>
				<timestamp>6656.297590</timestamp>
			</report>
			<report>
				<misses>18009001</misses>
				<total>29</total>
				<timestamp>6656.667293</timestamp>
			</report>
			<report>
				<misses>18010001</misses>
				<total>29</total>
				<timestamp>6657.036876</timestamp>
			</report>
			<report>
				<misses>18011001</misses>
				<total>29</total>
				<timestamp>6657.406544</timestamp>
			</report>
			<report>
				<misses>18012001</misses>
				<total>29</total>
				<timestamp>6657.776112</timestamp>
			</report>
			<report>
				<misses>18013001</misses>
				<total>28</total>
				<timestamp>6658.145863</timestamp>
			</report>
			<report>
				<misses>18014001</misses>
				<total>29</total>
				<timestamp>6658.515366</timestamp>
			</report>
			<report>
				<misses>18015001</misses>
				<total>29</total>
				<timestamp>6658.884986</timestamp>
			</report>
			<report>
				<misses>18016001</misses>
				<total>29</total>
				<timestamp>6659.254627</timestamp>
			</report>
			<report>
				<misses>18017001</misses>
				<total>29</total>
				<timestamp>6659.624265</timestamp>
			</report>
			<report>
				<misses>18018001</misses>
				<total>29</total>
				<timestamp>6659.993895</timestamp>
			</report>
			<report>
				<misses>18019001</misses>
				<total>29</total>
				<timestamp>6660.363543</timestamp>
			</report>
			<report>
				<misses>18020001</misses>
				<total>29</total>
				<timestamp>6660.733183</timestamp>
			</report>
			<report>
				<misses>18021001</misses>
				<total>29</total>
				<timestamp>6661.102872</timestamp>
			</report>
			<report>
				<misses>18022001</misses>
				<total>29</total>
				<timestamp>6661.472406</timestamp>
			</report>
			<report>
				<misses>18023001</misses>
				<total>29</total>
				<timestamp>6661.842049</timestamp>
			</report>
			<report>
				<misses>18024001</misses>
				<total>29</total>
				<timestamp>6662.211696</timestamp>
			</report>
			<report>
				<misses>18025001</misses>
				<total>29</total>
				<timestamp>6662.581300</timestamp>
			</report>
			<report>
				<misses>18026001</misses>
				<total>29</total>
				<timestamp>6662.950981</timestamp>
			</report>
			<report>
				<misses>18027001</misses>
				<total>29</total>
				<timestamp>6663.320576</timestamp>
			</report>
			<report>
				<misses>18028001</misses>
				<total>29</total>
				<timestamp>6663.690247</timestamp>
			</report>
			<report>
				<misses>18029001</misses>
				<total>29</total>
				<timestamp>6664.059856</timestamp>
			</report>
			<report>
				<misses>18030001</misses>
				<total>29</total>
				<timestamp>6664.429437</timestamp>
			</report>
			<report>
				<misses>18031001</misses>
				<total>29</total>
				<timestamp>6664.799092</timestamp>
			</report>
			<report>
				<misses>18032001</misses>
				<total>29</total>
				<timestamp>6665.168740</timestamp>
			</report>
			<report>
				<misses>18033001</misses>
				<total>29</total>
				<timestamp>6665.538345</timestamp>
			</report>
			<report>
				<misses>18034001</misses>
				<total>29</total>
				<timestamp>6665.907961</timestamp>
			</report>
			<report>
				<misses>18035001</misses>
				<total>29</total>
				<timestamp>6666.277623</timestamp>
			</report>
			<report>
				<misses>18036001</misses>
				<total>29</total>
				<timestamp>6666.647274</timestamp>
			</report>
			<report>
				<misses>18037001</misses>
				<total>29</total>
				<timestamp>6667.016859</timestamp>
			</report>
			<report>
				<misses>18038001</misses>
				<total>29</total>
				<timestamp>6667.386529</timestamp>
			</report>
			<report>
				<misses>18039001</misses>
				<total>29</total>
				<timestamp>6667.756107</timestamp>
			</report>
			<report>
				<misses>18040001</misses>
				<total>29</total>
				<timestamp>6668.125769</timestamp>
			</report>
			<report>
				<misses>18041001</misses>
				<total>29</total>
				<timestamp>6668.495436</timestamp>
			</report>
			<report>
				<misses>18042001</misses>
				<total>29</total>
				<timestamp>6668.864992</timestamp>
			</report>
			<report>
				<misses>18043001</misses>
				<total>29</total>
				<timestamp>6669.234704</timestamp>
			</report>
			<report>
				<misses>18044001</misses>
				<total>29</total>
				<timestamp>6669.604330</timestamp>
			</report>
			<report>
				<misses>18045001</misses>
				<total>29</total>
				<timestamp>6669.973944</timestamp>
			</report>
			<report>
				<misses>18046001</misses>
				<total>29</total>
				<timestamp>6670.343521</timestamp>
			</report>
			<report>
				<misses>18047001</misses>
				<total>29</total>
				<timestamp>6670.713184</timestamp>
			</report>
			<report>
				<misses>18048001</misses>
				<total>29</total>
				<timestamp>6671.082825</timestamp>
			</report>
			<report>
				<misses>18049001</misses>
				<total>28</total>
				<timestamp>6671.452517</timestamp>
			</report>
			<report>
				<misses>18050001</misses>
				<total>29</total>
				<timestamp>6671.822117</timestamp>
			</report>
			<report>
				<misses>18051001</misses>
				<total>28</total>
				<timestamp>6672.191765</timestamp>
			</report>
			<report>
				<misses>18052001</misses>
				<total>29</total>
				<timestamp>6672.561303</timestamp>
			</report>
			<report>
				<misses>18053001</misses>
				<total>29</total>
				<timestamp>6672.930974</timestamp>
			</report>
			<report>
				<misses>18054001</misses>
				<total>29</total>
				<timestamp>6673.300586</timestamp>
			</report>
			<report>
				<misses>18055001</misses>
				<total>29</total>
				<timestamp>6673.670194</timestamp>
			</report>
			<report>
				<misses>18056001</misses>
				<total>29</total>
				<timestamp>6674.039839</timestamp>
			</report>
			<report>
				<misses>18057001</misses>
				<total>29</total>
				<timestamp>6674.409478</timestamp>
			</report>
			<report>
				<misses>18058001</misses>
				<total>29</total>
				<timestamp>6674.779158</timestamp>
			</report>
			<report>
				<misses>18059001</misses>
				<total>29</total>
				<timestamp>6675.148772</timestamp>
			</report>
			<report>
				<misses>18060001</misses>
				<total>29</total>
				<timestamp>6675.518360</timestamp>
			</report>
			<report>
				<misses>18061001</misses>
				<total>30</total>
				<timestamp>6675.888001</timestamp>
			</report>
			<report>
				<misses>18062001</misses>
				<total>30</total>
				<timestamp>6676.257697</timestamp>
			</report>
			<report>
				<misses>18063001</misses>
				<total>30</total>
				<timestamp>6676.627243</timestamp>
			</report>
			<report>
				<misses>18064001</misses>
				<total>30</total>
				<timestamp>6676.996869</timestamp>
			</report>
			<report>
				<misses>18065001</misses>
				<total>30</total>
				<timestamp>6677.366529</timestamp>
			</report>
			<report>
				<misses>18066001</misses>
				<total>30</total>
				<timestamp>6677.736127</timestamp>
			</report>
			<report>
				<misses>18067001</misses>
				<total>29</total>
				<timestamp>6678.105906</timestamp>
			</report>
			<report>
				<misses>18068001</misses>
				<total>30</total>
				<timestamp>6678.475384</timestamp>
			</report>
			<report>
				<misses>18069001</misses>
				<total>30</total>
				<timestamp>6678.845031</timestamp>
			</report>
			<report>
				<misses>18070001</misses>
				<total>30</total>
				<timestamp>6679.214770</timestamp>
			</report>
			<report>
				<misses>18071001</misses>
				<total>30</total>
				<timestamp>6679.584314</timestamp>
			</report>
			<report>
				<misses>18072001</misses>
				<total>30</total>
				<timestamp>6679.953957</timestamp>
			</report>
			<report>
				<misses>18073001</misses>
				<total>30</total>
				<timestamp>6680.323533</timestamp>
			</report>
			<report>
				<misses>18074001</misses>
				<total>30</total>
				<timestamp>6680.693163</timestamp>
			</report>
			<report>
				<misses>18075001</misses>
				<total>30</total>
				<timestamp>6681.062826</timestamp>
			</report>
			<report>
				<misses>18076001</misses>
				<total>30</total>
				<timestamp>6681.432431</timestamp>
			</report>
			<report>
				<misses>18077001</misses>
				<total>30</total>
				<timestamp>6681.802060</timestamp>
			</report>
			<report>
				<misses>18078001</misses>
				<total>30</total>
				<timestamp>6682.171756</timestamp>
			</report>
			<report>
				<misses>18079001</misses>
				<total>29</total>
				<timestamp>6682.541390</timestamp>
			</report>
			<report>
				<misses>18080001</misses>
				<total>30</total>
				<timestamp>6682.910946</timestamp>
			</report>
			<report>
				<misses>18081001</misses>
				<total>30</total>
				<timestamp>6683.280602</timestamp>
			</report>
			<report>
				<misses>18082001</misses>
				<total>30</total>
				<timestamp>6683.650231</timestamp>
			</report>
			<report>
				<misses>18083001</misses>
				<total>30</total>
				<timestamp>6684.019870</timestamp>
			</report>
			<report>
				<misses>18084001</misses>
				<total>30</total>
				<timestamp>6684.389524</timestamp>
			</report>
			<report>
				<misses>18085001</misses>
				<total>30</total>
				<timestamp>6684.759091</timestamp>
			</report>
			<report>
				<misses>18086001</misses>
				<total>30</total>
				<timestamp>6685.128739</timestamp>
			</report>
			<report>
				<misses>18087001</misses>
				<total>30</total>
				<timestamp>6685.498361</timestamp>
			</report>
			<report>
				<misses>18088001</misses>
				<total>30</total>
				<timestamp>6685.868067</timestamp>
			</report>
			<report>
				<misses>18089001</misses>
				<total>30</total>
				<timestamp>6686.237678</timestamp>
			</report>
			<report>
				<misses>18090001</misses>
				<total>30</total>
				<timestamp>6686.607263</timestamp>
			</report>
			<report>
				<misses>18091001</misses>
				<total>30</total>
				<timestamp>6686.976873</timestamp>
			</report>
			<report>
				<misses>18092001</misses>
				<total>30</total>
				<timestamp>6687.346548</timestamp>
			</report>
			<report>
				<misses>18093001</misses>
				<total>30</total>
				<timestamp>6687.716174</timestamp>
			</report>
			<report>
				<misses>18094001</misses>
				<total>30</total>
				<timestamp>6688.085847</timestamp>
			</report>
			<report>
				<misses>18095001</misses>
				<total>30</total>
				<timestamp>6688.455416</timestamp>
			</report>
			<report>
				<misses>18096001</misses>
				<total>30</total>
				<timestamp>6688.825026</timestamp>
			</report>
			<report>
				<misses>18097001</misses>
				<total>30</total>
				<timestamp>6689.194735</timestamp>
			</report>
			<report>
				<misses>18098001</misses>
				<total>30</total>
				<timestamp>6689.564275</timestamp>
			</report>
			<report>
				<misses>18099001</misses>
				<total>30</total>
				<timestamp>6689.933898</timestamp>
			</report>
			<report>
				<misses>18100001</misses>
				<total>30</total>
				<timestamp>6690.303615</timestamp>
			</report>
			<report>
				<misses>18101001</misses>
				<total>29</total>
				<timestamp>6690.673276</timestamp>
			</report>
			<report>
				<misses>18102001</misses>
				<total>30</total>
				<timestamp>6691.042850</timestamp>
			</report>
			<report>
				<misses>18103001</misses>
				<total>30</total>
				<timestamp>6691.412430</timestamp>
			</report>
			<report>
				<misses>18104001</misses>
				<total>30</total>
				<timestamp>6691.782062</timestamp>
			</report>
			<report>
				<misses>18105001</misses>
				<total>30</total>
				<timestamp>6692.151751</timestamp>
			</report>
			<report>
				<misses>18106001</misses>
				<total>30</total>
				<timestamp>6692.521395</timestamp>
			</report>
			<report>
				<misses>18107001</misses>
				<total>30</total>
				<timestamp>6692.890956</timestamp>
			</report>
			<report>
				<misses>18108001</misses>
				<total>30</total>
				<timestamp>6693.260613</timestamp>
			</report>
			<report>
				<misses>18109001</misses>
				<total>30</total>
				<timestamp>6693.630253</timestamp>
			</report>
			<report>
				<misses>18110001</misses>
				<total>30</total>
				<timestamp>6693.999833</timestamp>
			</report>
			<report>
				<misses>18111001</misses>
				<total>30</total>
				<timestamp>6694.369476</timestamp>
			</report>
			<report>
				<misses>18112001</misses>
				<total>30</total>
				<timestamp>6694.739100</timestamp>
			</report>
			<report>
				<misses>18113001</misses>
				<total>30</total>
				<timestamp>6695.108753</timestamp>
			</report>
			<report>
				<misses>18114001</misses>
				<total>29</total>
				<timestamp>6695.478468</timestamp>
			</report>
			<report>
				<misses>18115001</misses>
				<total>30</total>
				<timestamp>6695.848004</timestamp>
			</report>
			<report>
				<misses>18116001</misses>
				<total>30</total>
				<timestamp>6696.217648</timestamp>
			</report>
			<report>
				<misses>18117001</misses>
				<total>30</total>
				<timestamp>6696.587271</timestamp>
			</report>
			<report>
				<misses>18118001</misses>
				<total>30</total>
				<timestamp>6696.956937</timestamp>
			</report>
			<report>
				<misses>18119001</misses>
				<total>29</total>
				<timestamp>6697.326617</timestamp>
			</report>
			<report>
				<misses>18120001</misses>
				<total>30</total>
				<timestamp>6697.696122</timestamp>
			</report>
			<report>
				<misses>18121001</misses>
				<total>30</total>
				<timestamp>6698.065870</timestamp>
			</report>
			<report>
				<misses>18122001</misses>
				<total>30</total>
				<timestamp>6698.435420</timestamp>
			</report>
			<report>
				<misses>18123001</misses>
				<total>30</total>
				<timestamp>6698.805091</timestamp>
			</report>
			<report>
				<misses>18124001</misses>
				<total>30</total>
				<timestamp>6699.174685</timestamp>
			</report>
			<report>
				<misses>18125001</misses>
				<total>30</total>
				<timestamp>6699.544273</timestamp>
			</report>
			<report>
				<misses>18126001</misses>
				<total>30</total>
				<timestamp>6699.913950</timestamp>
			</report>
			<report>
				<misses>18127001</misses>
				<total>30</total>
				<timestamp>6700.283610</timestamp>
			</report>
			<report>
				<misses>18128001</misses>
				<total>30</total>
				<timestamp>6700.653166</timestamp>
			</report>
			<report>
				<misses>18129001</misses>
				<total>29</total>
				<timestamp>6701.022933</timestamp>
			</report>
			<report>
				<misses>18130001</misses>
				<total>30</total>
				<timestamp>6701.392474</timestamp>
			</report>
			<report>
				<misses>18131001</misses>
				<total>30</total>
				<timestamp>6701.762070</timestamp>
			</report>
			<report>
				<misses>18132001</misses>
				<total>30</total>
				<timestamp>6702.131767</timestamp>
			</report>
			<report>
				<misses>18133001</misses>
				<total>30</total>
				<timestamp>6702.501359</timestamp>
			</report>
			<report>
				<misses>18134001</misses>
				<total>30</total>
				<timestamp>6702.870958</timestamp>
			</report>
			<report>
				<misses>18135001</misses>
				<total>29</total>
				<timestamp>6703.240763</timestamp>
			</report>
			<report>
				<misses>18136001</misses>
				<total>30</total>
				<timestamp>6703.610269</timestamp>
			</report>
			<report>
				<misses>18137001</misses>
				<total>30</total>
				<timestamp>6703.979843</timestamp>
			</report>
			<report>
				<misses>18138001</misses>
				<total>30</total>
				<timestamp>6704.349528</timestamp>
			</report>
			<report>
				<misses>18139001</misses>
				<total>30</total>
				<timestamp>6704.719141</timestamp>
			</report>
			<report>
				<misses>18140001</misses>
				<total>30</total>
				<timestamp>6705.088738</timestamp>
			</report>
			<report>
				<misses>18141001</misses>
				<total>30</total>
				<timestamp>6705.458365</timestamp>
			</report>
			<report>
				<misses>18142001</misses>
				<total>30</total>
				<timestamp>6705.828026</timestamp>
			</report>
			<report>
				<misses>18143001</misses>
				<total>30</total>
				<timestamp>6706.197692</timestamp>
			</report>
			<report>
				<misses>18144001</misses>
				<total>30</total>
				<timestamp>6706.567331</timestamp>
			</report>
			<report>
				<misses>18145001</misses>
				<total>30</total>
				<timestamp>6706.936887</timestamp>
			</report>
			<report>
				<misses>18146001</misses>
				<total>30</total>
				<timestamp>6707.306568</timestamp>
			</report>
			<report>
				<misses>18147001</misses>
				<total>30</total>
				<timestamp>6707.676177</timestamp>
			</report>
			<report>
				<misses>18148001</misses>
				<total>30</total>
				<timestamp>6708.045850</timestamp>
			</report>
			<report>
				<misses>18149001</misses>
				<total>30</total>
				<timestamp>6708.415551</timestamp>
			</report>
			<report>
				<misses>18150001</misses>
				<total>30</total>
				<timestamp>6708.785064</timestamp>
			</report>
			<report>
				<misses>18151001</misses>
				<total>30</total>
				<timestamp>6709.154691</timestamp>
			</report>
			<report>
				<misses>18152001</misses>
				<total>29</total>
				<timestamp>6709.524432</timestamp>
			</report>
			<report>
				<misses>18153001</misses>
				<total>30</total>
				<timestamp>6709.893937</timestamp>
			</report>
			<report>
				<misses>18154001</misses>
				<total>29</total>
				<timestamp>6710.263695</timestamp>
			</report>
			<report>
				<misses>18155001</misses>
				<total>30</total>
				<timestamp>6710.633189</timestamp>
			</report>
			<report>
				<misses>18156001</misses>
				<total>30</total>
				<timestamp>6711.002844</timestamp>
			</report>
			<report>
				<misses>18157001</misses>
				<total>30</total>
				<timestamp>6711.372503</timestamp>
			</report>
			<report>
				<misses>18158001</misses>
				<total>30</total>
				<timestamp>6711.742112</timestamp>
			</report>
			<report>
				<misses>18159001</misses>
				<total>30</total>
				<timestamp>6712.111763</timestamp>
			</report>
			<report>
				<misses>18160001</misses>
				<total>29</total>
				<timestamp>6712.481466</timestamp>
			</report>
			<report>
				<misses>18161001</misses>
				<total>29</total>
				<timestamp>6712.851060</timestamp>
			</report>
			<report>
				<misses>18162001</misses>
				<total>30</total>
				<timestamp>6713.220675</timestamp>
			</report>
			<report>
				<misses>18163001</misses>
				<total>29</total>
				<timestamp>6713.590317</timestamp>
			</report>
			<report>
				<misses>18164001</misses>
				<total>30</total>
				<timestamp>6713.959930</timestamp>
			</report>
			<report>
				<misses>18165001</misses>
				<total>30</total>
				<timestamp>6714.329513</timestamp>
			</report>
			<report>
				<misses>18166001</misses>
				<total>30</total>
				<timestamp>6714.699126</timestamp>
			</report>
			<report>
				<misses>18167001</misses>
				<total>30</total>
				<timestamp>6715.068820</timestamp>
			</report>
			<report>
				<misses>18168001</misses>
				<total>30</total>
				<timestamp>6715.438446</timestamp>
			</report>
			<report>
				<misses>18169001</misses>
				<total>30</total>
				<timestamp>6715.808061</timestamp>
			</report>
			<report>
				<misses>18170001</misses>
				<total>30</total>
				<timestamp>6716.177652</timestamp>
			</report>
			<report>
				<misses>18171001</misses>
				<total>29</total>
				<timestamp>6716.547379</timestamp>
			</report>
			<report>
				<misses>18172001</misses>
				<total>30</total>
				<timestamp>6716.916941</timestamp>
			</report>
			<report>
				<misses>18173001</misses>
				<total>30</total>
				<timestamp>6717.286573</timestamp>
			</report>
			<report>
				<misses>18174001</misses>
				<total>30</total>
				<timestamp>6717.656244</timestamp>
			</report>
			<report>
				<misses>18175001</misses>
				<total>30</total>
				<timestamp>6718.025850</timestamp>
			</report>
			<report>
				<misses>18176001</misses>
				<total>30</total>
				<timestamp>6718.395515</timestamp>
			</report>
			<report>
				<misses>18177001</misses>
				<total>30</total>
				<timestamp>6718.765069</timestamp>
			</report>
			<report>
				<misses>18178001</misses>
				<total>30</total>
				<timestamp>6719.134724</timestamp>
			</report>
			<report>
				<misses>18179001</misses>
				<total>30</total>
				<timestamp>6719.504365</timestamp>
			</report>
			<report>
				<misses>18180001</misses>
				<total>30</total>
				<timestamp>6719.873942</timestamp>
			</report>
			<report>
				<misses>18181001</misses>
				<total>30</total>
				<timestamp>6720.243629</timestamp>
			</report>
			<report>
				<misses>18182001</misses>
				<total>29</total>
				<timestamp>6720.613305</timestamp>
			</report>
			<report>
				<misses>18183001</misses>
				<total>30</total>
				<timestamp>6720.982820</timestamp>
			</report>
			<report>
				<misses>18184001</misses>
				<total>30</total>
				<timestamp>6721.352477</timestamp>
			</report>
			<report>
				<misses>18185001</misses>
				<total>30</total>
				<timestamp>6721.722117</timestamp>
			</report>
			<report>
				<misses>18186001</misses>
				<total>30</total>
				<timestamp>6722.091739</timestamp>
			</report>
			<report>
				<misses>18187001</misses>
				<total>30</total>
				<timestamp>6722.461407</timestamp>
			</report>
			<report>
				<misses>18188001</misses>
				<total>29</total>
				<timestamp>6722.831083</timestamp>
			</report>
			<report>
				<misses>18189001</misses>
				<total>30</total>
				<timestamp>6723.200666</timestamp>
			</report>
			<report>
				<misses>18190001</misses>
				<total>30</total>
				<timestamp>6723.570234</timestamp>
			</report>
			<report>
				<misses>18191001</misses>
				<total>30</total>
				<timestamp>6723.939886</timestamp>
			</report>
			<report>
				<misses>18192001</misses>
				<total>30</total>
				<timestamp>6724.309594</timestamp>
			</report>
			<report>
				<misses>18193001</misses>
				<total>30</total>
				<timestamp>6724.679182</timestamp>
			</report>
			<report>
				<misses>18194001</misses>
				<total>29</total>
				<timestamp>6725.048897</timestamp>
			</report>
			<report>
				<misses>18195001</misses>
				<total>30</total>
				<timestamp>6725.418436</timestamp>
			</report>
			<report>
				<misses>18196001</misses>
				<total>30</total>
				<timestamp>6725.788112</timestamp>
			</report>
			<report>
				<misses>18197001</misses>
				<total>30</total>
				<timestamp>6726.157654</timestamp>
			</report>
			<report>
				<misses>18198001</misses>
				<total>30</total>
				<timestamp>6726.527352</timestamp>
			</report>
			<report>
				<misses>18199001</misses>
				<total>30</total>
				<timestamp>6726.896932</timestamp>
			</report>
			<report>
				<misses>18200001</misses>
				<total>30</total>
				<timestamp>6727.266579</timestamp>
			</report>
			<report>
				<misses>18201001</misses>
				<total>30</total>
				<timestamp>6727.636189</timestamp>
			</report>
			<report>
				<misses>18202001</misses>
				<total>30</total>
				<timestamp>6728.005802</timestamp>
			</report>
			<report>
				<misses>18203001</misses>
				<total>30</total>
				<timestamp>6728.375425</timestamp>
			</report>
			<report>
				<misses>18204001</misses>
				<total>30</total>
				<timestamp>6728.745055</timestamp>
			</report>
			<report>
				<misses>18205001</misses>
				<total>30</total>
				<timestamp>6729.114688</timestamp>
			</report>
			<report>
				<misses>18206001</misses>
				<total>30</total>
				<timestamp>6729.484316</timestamp>
			</report>
			<report>
				<misses>18207001</misses>
				<total>30</total>
				<timestamp>6729.853997</timestamp>
			</report>
			<report>
				<misses>18208001</misses>
				<total>30</total>
				<timestamp>6730.223589</timestamp>
			</report>
			<report>
				<misses>18209001</misses>
				<total>30</total>
				<timestamp>6730.593226</timestamp>
			</report>
			<report>
				<misses>18210001</misses>
				<total>30</total>
				<timestamp>6730.962841</timestamp>
			</report>
			<report>
				<misses>18211001</misses>
				<total>30</total>
				<timestamp>6731.332511</timestamp>
			</report>
			<report>
				<misses>18212001</misses>
				<total>30</total>
				<timestamp>6731.702145</timestamp>
			</report>
			<report>
				<misses>18213001</misses>
				<total>30</total>
				<timestamp>6732.071729</timestamp>
			</report>
			<report>
				<misses>18214001</misses>
				<total>29</total>
				<timestamp>6732.441496</timestamp>
			</report>
			<report>
				<misses>18215001</misses>
				<total>29</total>
				<timestamp>6732.811092</timestamp>
			</report>
			<report>
				<misses>18216001</misses>
				<total>30</total>
				<timestamp>6733.180649</timestamp>
			</report>
			<report>
				<misses>18217001</misses>
				<total>30</total>
				<timestamp>6733.550260</timestamp>
			</report>
			<report>
				<misses>18218001</misses>
				<total>30</total>
				<timestamp>6733.919880</timestamp>
			</report>
			<report>
				<misses>18219001</misses>
				<total>30</total>
				<timestamp>6734.289565</timestamp>
			</report>
			<report>
				<misses>18220001</misses>
				<total>29</total>
				<timestamp>6734.659277</timestamp>
			</report>
			<report>
				<misses>18221001</misses>
				<total>30</total>
				<timestamp>6735.028782</timestamp>
			</report>
			<report>
				<misses>18222001</misses>
				<total>30</total>
				<timestamp>6735.398462</timestamp>
			</report>
			<report>
				<misses>18223001</misses>
				<total>30</total>
				<timestamp>6735.768069</timestamp>
			</report>
			<report>
				<misses>18224001</misses>
				<total>29</total>
				<timestamp>6736.137757</timestamp>
			</report>
			<report>
				<misses>18225001</misses>
				<total>30</total>
				<timestamp>6736.507366</timestamp>
			</report>
			<report>
				<misses>18226001</misses>
				<total>30</total>
				<timestamp>6736.876919</timestamp>
			</report>
			<report>
				<misses>18227001</misses>
				<total>30</total>
				<timestamp>6737.246556</timestamp>
			</report>
			<report>
				<misses>18228001</misses>
				<total>30</total>
				<timestamp>6737.616263</timestamp>
			</report>
			<report>
				<misses>18229001</misses>
				<total>29</total>
				<timestamp>6737.985933</timestamp>
			</report>
			<report>
				<misses>18230001</misses>
				<total>30</total>
				<timestamp>6738.355472</timestamp>
			</report>
			<report>
				<misses>18231001</misses>
				<total>29</total>
				<timestamp>6738.725180</timestamp>
			</report>
			<report>
				<misses>18232001</misses>
				<total>30</total>
				<timestamp>6739.094691</timestamp>
			</report>
			<report>
				<misses>18233001</misses>
				<total>30</total>
				<timestamp>6739.464373</timestamp>
			</report>
			<report>
				<misses>18234001</misses>
				<total>30</total>
				<timestamp>6739.833967</timestamp>
			</report>
			<report>
				<misses>18235001</misses>
				<total>30</total>
				<timestamp>6740.203608</timestamp>
			</report>
			<report>
				<misses>18236001</misses>
				<total>30</total>
				<timestamp>6740.573229</timestamp>
			</report>
			<report>
				<misses>18237001</misses>
				<total>29</total>
				<timestamp>6740.942988</timestamp>
			</report>
			<report>
				<misses>18238001</misses>
				<total>30</total>
				<timestamp>6741.312525</timestamp>
			</report>
			<report>
				<misses>18239001</misses>
				<total>30</total>
				<timestamp>6741.682131</timestamp>
			</report>
			<report>
				<misses>18240001</misses>
				<total>30</total>
				<timestamp>6742.051797</timestamp>
			</report>
			<report>
				<misses>18241001</misses>
				<total>30</total>
				<timestamp>6742.421374</timestamp>
			</report>
			<report>
				<misses>18242001</misses>
				<total>30</total>
				<timestamp>6742.791047</timestamp>
			</report>
			<report>
				<misses>18243001</misses>
				<total>30</total>
				<timestamp>6743.160639</timestamp>
			</report>
			<report>
				<misses>18244001</misses>
				<total>30</total>
				<timestamp>6743.530331</timestamp>
			</report>
			<report>
				<misses>18245001</misses>
				<total>30</total>
				<timestamp>6743.899918</timestamp>
			</report>
			<report>
				<misses>18246001</misses>
				<total>30</total>
				<timestamp>6744.269560</timestamp>
			</report>
			<report>
				<misses>18247001</misses>
				<total>30</total>
				<timestamp>6744.639179</timestamp>
			</report>
			<report>
				<misses>18248001</misses>
				<total>30</total>
				<timestamp>6745.008811</timestamp>
			</report>
			<report>
				<misses>18249001</misses>
				<total>30</total>
				<timestamp>6745.378427</timestamp>
			</report>
			<report>
				<misses>18250001</misses>
				<total>29</total>
				<timestamp>6745.748144</timestamp>
			</report>
			<report>
				<misses>18251001</misses>
				<total>30</total>
				<timestamp>6746.117682</timestamp>
			</report>
			<report>
				<misses>18252001</misses>
				<total>30</total>
				<timestamp>6746.487398</timestamp>
			</report>
			<report>
				<misses>18253001</misses>
				<total>30</total>
				<timestamp>6746.856929</timestamp>
			</report>
			<report>
				<misses>18254001</misses>
				<total>30</total>
				<timestamp>6747.226569</timestamp>
			</report>
			<report>
				<misses>18255001</misses>
				<total>30</total>
				<timestamp>6747.596259</timestamp>
			</report>
			<report>
				<misses>18256001</misses>
				<total>30</total>
				<timestamp>6747.965876</timestamp>
			</report>
			<report>
				<misses>18257001</misses>
				<total>30</total>
				<timestamp>6748.335512</timestamp>
			</report>
			<report>
				<misses>18258001</misses>
				<total>30</total>
				<timestamp>6748.705113</timestamp>
			</report>
			<report>
				<misses>18259001</misses>
				<total>30</total>
				<timestamp>6749.074768</timestamp>
			</report>
			<report>
				<misses>18260001</misses>
				<total>30</total>
				<timestamp>6749.444379</timestamp>
			</report>
			<report>
				<misses>18261001</misses>
				<total>30</total>
				<timestamp>6749.813979</timestamp>
			</report>
			<report>
				<misses>18262001</misses>
				<total>30</total>
				<timestamp>6750.183634</timestamp>
			</report>
			<report>
				<misses>18263001</misses>
				<total>30</total>
				<timestamp>6750.553273</timestamp>
			</report>
			<report>
				<misses>18264001</misses>
				<total>30</total>
				<timestamp>6750.922856</timestamp>
			</report>
			<report>
				<misses>18265001</misses>
				<total>30</total>
				<timestamp>6751.292573</timestamp>
			</report>
			<report>
				<misses>18266001</misses>
				<total>30</total>
				<timestamp>6751.662155</timestamp>
			</report>
			<report>
				<misses>18267001</misses>
				<total>30</total>
				<timestamp>6752.031772</timestamp>
			</report>
			<report>
				<misses>18268001</misses>
				<total>30</total>
				<timestamp>6752.401462</timestamp>
			</report>
			<report>
				<misses>18269001</misses>
				<total>30</total>
				<timestamp>6752.771099</timestamp>
			</report>
			<report>
				<misses>18270001</misses>
				<total>30</total>
				<timestamp>6753.140672</timestamp>
			</report>
			<report>
				<misses>18271001</misses>
				<total>30</total>
				<timestamp>6753.510335</timestamp>
			</report>
			<report>
				<misses>18272001</misses>
				<total>30</total>
				<timestamp>6753.879961</timestamp>
			</report>
			<report>
				<misses>18273001</misses>
				<total>30</total>
				<timestamp>6754.249576</timestamp>
			</report>
			<report>
				<misses>18274001</misses>
				<total>30</total>
				<timestamp>6754.619207</timestamp>
			</report>
			<report>
				<misses>18275001</misses>
				<total>30</total>
				<timestamp>6754.988850</timestamp>
			</report>
			<report>
				<misses>18276001</misses>
				<total>30</total>
				<timestamp>6755.358407</timestamp>
			</report>
			<report>
				<misses>18277001</misses>
				<total>29</total>
				<timestamp>6755.728148</timestamp>
			</report>
			<report>
				<misses>18278001</misses>
				<total>30</total>
				<timestamp>6756.097662</timestamp>
			</report>
			<report>
				<misses>18279001</misses>
				<total>30</total>
				<timestamp>6756.467363</timestamp>
			</report>
			<report>
				<misses>18280001</misses>
				<total>29</total>
				<timestamp>6756.837035</timestamp>
			</report>
			<report>
				<misses>18281001</misses>
				<total>30</total>
				<timestamp>6757.206572</timestamp>
			</report>
			<report>
				<misses>18282001</misses>
				<total>30</total>
				<timestamp>6757.576262</timestamp>
			</report>
			<report>
				<misses>18283001</misses>
				<total>30</total>
				<timestamp>6757.945852</timestamp>
			</report>
			<report>
				<misses>18284001</misses>
				<total>29</total>
				<timestamp>6758.315583</timestamp>
			</report>
			<report>
				<misses>18285001</misses>
				<total>30</total>
				<timestamp>6758.685139</timestamp>
			</report>
			<report>
				<misses>18286001</misses>
				<total>30</total>
				<timestamp>6759.054774</timestamp>
			</report>
			<report>
				<misses>18287001</misses>
				<total>30</total>
				<timestamp>6759.424427</timestamp>
			</report>
			<report>
				<misses>18288001</misses>
				<total>30</total>
				<timestamp>6759.794012</timestamp>
			</report>
			<report>
				<misses>18289001</misses>
				<total>30</total>
				<timestamp>6760.163631</timestamp>
			</report>
			<report>
				<misses>18290001</misses>
				<total>30</total>
				<timestamp>6760.533343</timestamp>
			</report>
			<report>
				<misses>18291001</misses>
				<total>30</total>
				<timestamp>6760.902931</timestamp>
			</report>
			<report>
				<misses>18292001</misses>
				<total>30</total>
				<timestamp>6761.272488</timestamp>
			</report>
			<report>
				<misses>18293001</misses>
				<total>30</total>
				<timestamp>6761.642174</timestamp>
			</report>
			<report>
				<misses>18294001</misses>
				<total>30</total>
				<timestamp>6762.011775</timestamp>
			</report>
			<report>
				<misses>18295001</misses>
				<total>30</total>
				<timestamp>6762.381437</timestamp>
			</report>
			<report>
				<misses>18296001</misses>
				<total>30</total>
				<timestamp>6762.751017</timestamp>
			</report>
			<report>
				<misses>18297001</misses>
				<total>30</total>
				<timestamp>6763.120658</timestamp>
			</report>
			<report>
				<misses>18298001</misses>
				<total>30</total>
				<timestamp>6763.490353</timestamp>
			</report>
			<report>
				<misses>18299001</misses>
				<total>30</total>
				<timestamp>6763.859941</timestamp>
			</report>
			<report>
				<misses>18300001</misses>
				<total>30</total>
				<timestamp>6764.229534</timestamp>
			</report>
			<report>
				<misses>18301001</misses>
				<total>30</total>
				<timestamp>6764.599204</timestamp>
			</report>
			<report>
				<misses>18302001</misses>
				<total>30</total>
				<timestamp>6764.968798</timestamp>
			</report>
			<report>
				<misses>18303001</misses>
				<total>30</total>
				<timestamp>6765.338416</timestamp>
			</report>
			<report>
				<misses>18304001</misses>
				<total>30</total>
				<timestamp>6765.708056</timestamp>
			</report>
			<report>
				<misses>18305001</misses>
				<total>30</total>
				<timestamp>6766.077674</timestamp>
			</report>
			<report>
				<misses>18306001</misses>
				<total>30</total>
				<timestamp>6766.447331</timestamp>
			</report>
			<report>
				<misses>18307001</misses>
				<total>30</total>
				<timestamp>6766.816972</timestamp>
			</report>
			<report>
				<misses>18308001</misses>
				<total>30</total>
				<timestamp>6767.186613</timestamp>
			</report>
			<report>
				<misses>18309001</misses>
				<total>30</total>
				<timestamp>6767.556271</timestamp>
			</report>
			<report>
				<misses>18310001</misses>
				<total>30</total>
				<timestamp>6767.925882</timestamp>
			</report>
			<report>
				<misses>18311001</misses>
				<total>30</total>
				<timestamp>6768.295478</timestamp>
			</report>
			<report>
				<misses>18312001</misses>
				<total>30</total>
				<timestamp>6768.665143</timestamp>
			</report>
			<report>
				<misses>18313001</misses>
				<total>30</total>
				<timestamp>6769.034759</timestamp>
			</report>
			<report>
				<misses>18314001</misses>
				<total>30</total>
				<timestamp>6769.404425</timestamp>
			</report>
			<report>
				<misses>18315001</misses>
				<total>30</total>
				<timestamp>6769.774053</timestamp>
			</report>
			<report>
				<misses>18316001</misses>
				<total>30</total>
				<timestamp>6770.143669</timestamp>
			</report>
			<report>
				<misses>18317001</misses>
				<total>30</total>
				<timestamp>6770.513295</timestamp>
			</report>
			<report>
				<misses>18318001</misses>
				<total>30</total>
				<timestamp>6770.882918</timestamp>
			</report>
			<report>
				<misses>18319001</misses>
				<total>30</total>
				<timestamp>6771.252538</timestamp>
			</report>
			<report>
				<misses>18320001</misses>
				<total>30</total>
				<timestamp>6771.622178</timestamp>
			</report>
			<report>
				<misses>18321001</misses>
				<total>30</total>
				<timestamp>6771.991757</timestamp>
			</report>
			<report>
				<misses>18322001</misses>
				<total>30</total>
				<timestamp>6772.361393</timestamp>
			</report>
			<report>
				<misses>18323001</misses>
				<total>30</total>
				<timestamp>6772.731104</timestamp>
			</report>
			<report>
				<misses>18324001</misses>
				<total>30</total>
				<timestamp>6773.100703</timestamp>
			</report>
			<report>
				<misses>18325001</misses>
				<total>30</total>
				<timestamp>6773.470358</timestamp>
			</report>
			<report>
				<misses>18326001</misses>
				<total>30</total>
				<timestamp>6773.839976</timestamp>
			</report>
			<report>
				<misses>18327001</misses>
				<total>30</total>
				<timestamp>6774.209565</timestamp>
			</report>
			<report>
				<misses>18328001</misses>
				<total>30</total>
				<timestamp>6774.579210</timestamp>
			</report>
			<report>
				<misses>18329001</misses>
				<total>30</total>
				<timestamp>6774.948813</timestamp>
			</report>
			<report>
				<misses>18330001</misses>
				<total>30</total>
				<timestamp>6775.318424</timestamp>
			</report>
			<report>
				<misses>18331001</misses>
				<total>30</total>
				<timestamp>6775.688138</timestamp>
			</report>
			<report>
				<misses>18332001</misses>
				<total>30</total>
				<timestamp>6776.057702</timestamp>
			</report>
			<report>
				<misses>18333001</misses>
				<total>30</total>
				<timestamp>6776.427399</timestamp>
			</report>
			<report>
				<misses>18334001</misses>
				<total>30</total>
				<timestamp>6776.796959</timestamp>
			</report>
			<report>
				<misses>18335001</misses>
				<total>30</total>
				<timestamp>6777.166593</timestamp>
			</report>
			<report>
				<misses>18336001</misses>
				<total>30</total>
				<timestamp>6777.536236</timestamp>
			</report>
			<report>
				<misses>18337001</misses>
				<total>30</total>
				<timestamp>6777.905902</timestamp>
			</report>
			<report>
				<misses>18338001</misses>
				<total>30</total>
				<timestamp>6778.275481</timestamp>
			</report>
			<report>
				<misses>18339001</misses>
				<total>30</total>
				<timestamp>6778.645140</timestamp>
			</report>
			<report>
				<misses>18340001</misses>
				<total>30</total>
				<timestamp>6779.014779</timestamp>
			</report>
			<report>
				<misses>18341001</misses>
				<total>30</total>
				<timestamp>6779.384361</timestamp>
			</report>
			<report>
				<misses>18342001</misses>
				<total>30</total>
				<timestamp>6779.754036</timestamp>
			</report>
			<report>
				<misses>18343001</misses>
				<total>30</total>
				<timestamp>6780.123678</timestamp>
			</report>
			<report>
				<misses>18344001</misses>
				<total>30</total>
				<timestamp>6780.493310</timestamp>
			</report>
			<report>
				<misses>18345001</misses>
				<total>29</total>
				<timestamp>6780.863042</timestamp>
			</report>
			<report>
				<misses>18346001</misses>
				<total>30</total>
				<timestamp>6781.232522</timestamp>
			</report>
			<report>
				<misses>18347001</misses>
				<total>30</total>
				<timestamp>6781.602224</timestamp>
			</report>
			<report>
				<misses>18348001</misses>
				<total>30</total>
				<timestamp>6781.971769</timestamp>
			</report>
			<report>
				<misses>18349001</misses>
				<total>30</total>
				<timestamp>6782.341455</timestamp>
			</report>
			<report>
				<misses>18350001</misses>
				<total>30</total>
				<timestamp>6782.711110</timestamp>
			</report>
			<report>
				<misses>18351001</misses>
				<total>30</total>
				<timestamp>6783.080713</timestamp>
			</report>
			<report>
				<misses>18352001</misses>
				<total>30</total>
				<timestamp>6783.450318</timestamp>
			</report>
			<report>
				<misses>18353001</misses>
				<total>30</total>
				<timestamp>6783.819924</timestamp>
			</report>
			<report>
				<misses>18354001</misses>
				<total>30</total>
				<timestamp>6784.189580</timestamp>
			</report>
			<report>
				<misses>18355001</misses>
				<total>30</total>
				<timestamp>6784.559216</timestamp>
			</report>
			<report>
				<misses>18356001</misses>
				<total>29</total>
				<timestamp>6784.928927</timestamp>
			</report>
			<report>
				<misses>18357001</misses>
				<total>30</total>
				<timestamp>6785.298450</timestamp>
			</report>
			<report>
				<misses>18358001</misses>
				<total>30</total>
				<timestamp>6785.668166</timestamp>
			</report>
			<report>
				<misses>18359001</misses>
				<total>30</total>
				<timestamp>6786.037697</timestamp>
			</report>
			<report>
				<misses>18360001</misses>
				<total>30</total>
				<timestamp>6786.407362</timestamp>
			</report>
			<report>
				<misses>18361001</misses>
				<total>30</total>
				<timestamp>6786.777027</timestamp>
			</report>
			<report>
				<misses>18362001</misses>
				<total>30</total>
				<timestamp>6787.146589</timestamp>
			</report>
			<report>
				<misses>18363001</misses>
				<total>30</total>
				<timestamp>6787.516221</timestamp>
			</report>
			<report>
				<misses>18364001</misses>
				<total>30</total>
				<timestamp>6787.885858</timestamp>
			</report>
			<report>
				<misses>18365001</misses>
				<total>30</total>
				<timestamp>6788.255484</timestamp>
			</report>
			<report>
				<misses>18366001</misses>
				<total>30</total>
				<timestamp>6788.625143</timestamp>
			</report>
			<report>
				<misses>18367001</misses>
				<total>30</total>
				<timestamp>6788.994758</timestamp>
			</report>
			<report>
				<misses>18368001</misses>
				<total>30</total>
				<timestamp>6789.364388</timestamp>
			</report>
			<report>
				<misses>18369001</misses>
				<total>30</total>
				<timestamp>6789.734048</timestamp>
			</report>
			<report>
				<misses>18370001</misses>
				<total>30</total>
				<timestamp>6790.103633</timestamp>
			</report>
			<report>
				<misses>18371001</misses>
				<total>30</total>
				<timestamp>6790.473315</timestamp>
			</report>
			<report>
				<misses>18372001</misses>
				<total>30</total>
				<timestamp>6790.842946</timestamp>
			</report>
			<report>
				<misses>18373001</misses>
				<total>30</total>
				<timestamp>6791.212529</timestamp>
			</report>
			<report>
				<misses>18374001</misses>
				<total>30</total>
				<timestamp>6791.582181</timestamp>
			</report>
			<report>
				<misses>18375001</misses>
				<total>29</total>
				<timestamp>6791.951921</timestamp>
			</report>
			<report>
				<misses>18376001</misses>
				<total>30</total>
				<timestamp>6792.321422</timestamp>
			</report>
			<report>
				<misses>18377001</misses>
				<total>30</total>
				<timestamp>6792.691059</timestamp>
			</report>
			<report>
				<misses>18378001</misses>
				<total>30</total>
				<timestamp>6793.060681</timestamp>
			</report>
			<report>
				<misses>18379001</misses>
				<total>29</total>
				<timestamp>6793.430418</timestamp>
			</report>
			<report>
				<misses>18380001</misses>
				<total>30</total>
				<timestamp>6793.799990</timestamp>
			</report>
			<report>
				<misses>18381001</misses>
				<total>30</total>
				<timestamp>6794.169623</timestamp>
			</report>
			<report>
				<misses>18382001</misses>
				<total>30</total>
				<timestamp>6794.539239</timestamp>
			</report>
			<report>
				<misses>18383001</misses>
				<total>30</total>
				<timestamp>6794.908826</timestamp>
			</report>
			<report>
				<misses>18384001</misses>
				<total>29</total>
				<timestamp>6795.278557</timestamp>
			</report>
			<report>
				<misses>18385001</misses>
				<total>30</total>
				<timestamp>6795.648129</timestamp>
			</report>
			<report>
				<misses>18386001</misses>
				<total>30</total>
				<timestamp>6796.017717</timestamp>
			</report>
			<report>
				<misses>18387001</misses>
				<total>30</total>
				<timestamp>6796.387356</timestamp>
			</report>
			<report>
				<misses>18388001</misses>
				<total>30</total>
				<timestamp>6796.757013</timestamp>
			</report>
			<report>
				<misses>18389001</misses>
				<total>30</total>
				<timestamp>6797.126604</timestamp>
			</report>
			<report>
				<misses>18390001</misses>
				<total>29</total>
				<timestamp>6797.496318</timestamp>
			</report>
			<report>
				<misses>18391001</misses>
				<total>30</total>
				<timestamp>6797.865874</timestamp>
			</report>
			<report>
				<misses>18392001</misses>
				<total>30</total>
				<timestamp>6798.235492</timestamp>
			</report>
			<report>
				<misses>18393001</misses>
				<total>29</total>
				<timestamp>6798.605248</timestamp>
			</report>
			<report>
				<misses>18394001</misses>
				<total>30</total>
				<timestamp>6798.974755</timestamp>
			</report>
			<report>
				<misses>18395001</misses>
				<total>30</total>
				<timestamp>6799.344390</timestamp>
			</report>
			<report>
				<misses>18396001</misses>
				<total>30</total>
				<timestamp>6799.714009</timestamp>
			</report>
			<report>
				<misses>18397001</misses>
				<total>30</total>
				<timestamp>6800.083685</timestamp>
			</report>
			<report>
				<misses>18398001</misses>
				<total>30</total>
				<timestamp>6800.453282</timestamp>
			</report>
			<report>
				<misses>18399001</misses>
				<total>30</total>
				<timestamp>6800.823015</timestamp>
			</report>
			<report>
				<misses>18400001</misses>
				<total>30</total>
				<timestamp>6801.192567</timestamp>
			</report>
			<report>
				<misses>18401001</misses>
				<total>30</total>
				<timestamp>6801.562170</timestamp>
			</report>
			<report>
				<misses>18402001</misses>
				<total>30</total>
				<timestamp>6801.931838</timestamp>
			</report>
			<report>
				<misses>18403001</misses>
				<total>30</total>
				<timestamp>6802.301432</timestamp>
			</report>
			<report>
				<misses>18404001</misses>
				<total>30</total>
				<timestamp>6802.671073</timestamp>
			</report>
			<report>
				<misses>18405001</misses>
				<total>30</total>
				<timestamp>6803.040755</timestamp>
			</report>
			<report>
				<misses>18406001</misses>
				<total>30</total>
				<timestamp>6803.410334</timestamp>
			</report>
			<report>
				<misses>18407001</misses>
				<total>30</total>
				<timestamp>6803.779972</timestamp>
			</report>
			<report>
				<misses>18408001</misses>
				<total>30</total>
				<timestamp>6804.149601</timestamp>
			</report>
			<report>
				<misses>18409001</misses>
				<total>30</total>
				<timestamp>6804.519200</timestamp>
			</report>
			<report>
				<misses>18410001</misses>
				<total>30</total>
				<timestamp>6804.888916</timestamp>
			</report>
			<report>
				<misses>18411001</misses>
				<total>30</total>
				<timestamp>6805.258488</timestamp>
			</report>
			<report>
				<misses>18412001</misses>
				<total>30</total>
				<timestamp>6805.628111</timestamp>
			</report>
			<report>
				<misses>18413001</misses>
				<total>30</total>
				<timestamp>6805.997737</timestamp>
			</report>
			<report>
				<misses>18414001</misses>
				<total>29</total>
				<timestamp>6806.367453</timestamp>
			</report>
			<report>
				<misses>18415001</misses>
				<total>30</total>
				<timestamp>6806.737023</timestamp>
			</report>
			<report>
				<misses>18416001</misses>
				<total>30</total>
				<timestamp>6807.106666</timestamp>
			</report>
			<report>
				<misses>18417001</misses>
				<total>30</total>
				<timestamp>6807.476246</timestamp>
			</report>
			<report>
				<misses>18418001</misses>
				<total>30</total>
				<timestamp>6807.845920</timestamp>
			</report>
			<report>
				<misses>18419001</misses>
				<total>30</total>
				<timestamp>6808.215510</timestamp>
			</report>
			<report>
				<misses>18420001</misses>
				<total>30</total>
				<timestamp>6808.585148</timestamp>
			</report>
			<report>
				<misses>18421001</misses>
				<total>30</total>
				<timestamp>6808.954799</timestamp>
			</report>
			<report>
				<misses>18422001</misses>
				<total>30</total>
				<timestamp>6809.324387</timestamp>
			</report>
			<report>
				<misses>18423001</misses>
				<total>30</total>
				<timestamp>6809.694087</timestamp>
			</report>
			<report>
				<misses>18424001</misses>
				<total>30</total>
				<timestamp>6810.063674</timestamp>
			</report>
			<report>
				<misses>18425001</misses>
				<total>30</total>
				<timestamp>6810.433345</timestamp>
			</report>
			<report>
				<misses>18426001</misses>
				<total>30</total>
				<timestamp>6810.802942</timestamp>
			</report>
			<report>
				<misses>18427001</misses>
				<total>30</total>
				<timestamp>6811.172532</timestamp>
			</report>
			<report>
				<misses>18428001</misses>
				<total>30</total>
				<timestamp>6811.542167</timestamp>
			</report>
			<report>
				<misses>18429001</misses>
				<total>30</total>
				<timestamp>6811.911813</timestamp>
			</report>
			<report>
				<misses>18430001</misses>
				<total>30</total>
				<timestamp>6812.281433</timestamp>
			</report>
			<report>
				<misses>18431001</misses>
				<total>30</total>
				<timestamp>6812.651117</timestamp>
			</report>
			<report>
				<misses>18432001</misses>
				<total>30</total>
				<timestamp>6813.020693</timestamp>
			</report>
			<report>
				<misses>18433001</misses>
				<total>30</total>
				<timestamp>6813.390328</timestamp>
			</report>
			<report>
				<misses>18434001</misses>
				<total>30</total>
				<timestamp>6813.759978</timestamp>
			</report>
			<report>
				<misses>18435001</misses>
				<total>30</total>
				<timestamp>6814.129586</timestamp>
			</report>
			<report>
				<misses>18436001</misses>
				<total>30</total>
				<timestamp>6814.499219</timestamp>
			</report>
			<report>
				<misses>18437001</misses>
				<total>30</total>
				<timestamp>6814.868889</timestamp>
			</report>
			<report>
				<misses>18438001</misses>
				<total>30</total>
				<timestamp>6815.238473</timestamp>
			</report>
			<report>
				<misses>18439001</misses>
				<total>30</total>
				<timestamp>6815.608158</timestamp>
			</report>
			<report>
				<misses>18440001</misses>
				<total>30</total>
				<timestamp>6815.977820</timestamp>
			</report>
			<report>
				<misses>18441001</misses>
				<total>30</total>
				<timestamp>6816.347356</timestamp>
			</report>
			<report>
				<misses>18442001</misses>
				<total>30</total>
				<timestamp>6816.717046</timestamp>
			</report>
			<report>
				<misses>18443001</misses>
				<total>30</total>
				<timestamp>6817.086631</timestamp>
			</report>
			<report>
				<misses>18444001</misses>
				<total>30</total>
				<timestamp>6817.456298</timestamp>
			</report>
			<report>
				<misses>18445001</misses>
				<total>30</total>
				<timestamp>6817.825931</timestamp>
			</report>
			<report>
				<misses>18446001</misses>
				<total>30</total>
				<timestamp>6818.195542</timestamp>
			</report>
			<report>
				<misses>18447001</misses>
				<total>30</total>
				<timestamp>6818.565158</timestamp>
			</report>
			<report>
				<misses>18448001</misses>
				<total>30</total>
				<timestamp>6818.934852</timestamp>
			</report>
			<report>
				<misses>18449001</misses>
				<total>30</total>
				<timestamp>6819.304403</timestamp>
			</report>
			<report>
				<misses>18450001</misses>
				<total>30</total>
				<timestamp>6819.674048</timestamp>
			</report>
			<report>
				<misses>18451001</misses>
				<total>30</total>
				<timestamp>6820.043656</timestamp>
			</report>
			<report>
				<misses>18452001</misses>
				<total>30</total>
				<timestamp>6820.413283</timestamp>
			</report>
			<report>
				<misses>18453001</misses>
				<total>30</total>
				<timestamp>6820.782957</timestamp>
			</report>
			<report>
				<misses>18454001</misses>
				<total>30</total>
				<timestamp>6821.152631</timestamp>
			</report>
			<report>
				<misses>18455001</misses>
				<total>30</total>
				<timestamp>6821.522191</timestamp>
			</report>
			<report>
				<misses>18456001</misses>
				<total>30</total>
				<timestamp>6821.891839</timestamp>
			</report>
			<report>
				<misses>18457001</misses>
				<total>30</total>
				<timestamp>6822.261504</timestamp>
			</report>
			<report>
				<misses>18458001</misses>
				<total>30</total>
				<timestamp>6822.631115</timestamp>
			</report>
			<report>
				<misses>18459001</misses>
				<total>30</total>
				<timestamp>6823.000820</timestamp>
			</report>
			<report>
				<misses>18460001</misses>
				<total>30</total>
				<timestamp>6823.370404</timestamp>
			</report>
			<report>
				<misses>18461001</misses>
				<total>30</total>
				<timestamp>6823.739998</timestamp>
			</report>
			<report>
				<misses>18462001</misses>
				<total>30</total>
				<timestamp>6824.109704</timestamp>
			</report>
			<report>
				<misses>18463001</misses>
				<total>29</total>
				<timestamp>6824.479334</timestamp>
			</report>
			<report>
				<misses>18464001</misses>
				<total>30</total>
				<timestamp>6824.848900</timestamp>
			</report>
			<report>
				<misses>18465001</misses>
				<total>30</total>
				<timestamp>6825.218496</timestamp>
			</report>
			<report>
				<misses>18466001</misses>
				<total>30</total>
				<timestamp>6825.588145</timestamp>
			</report>
			<report>
				<misses>18467001</misses>
				<total>30</total>
				<timestamp>6825.957818</timestamp>
			</report>
			<report>
				<misses>18468001</misses>
				<total>29</total>
				<timestamp>6826.327480</timestamp>
			</report>
			<report>
				<misses>18469001</misses>
				<total>30</total>
				<timestamp>6826.697014</timestamp>
			</report>
			<report>
				<misses>18470001</misses>
				<total>30</total>
				<timestamp>6827.066679</timestamp>
			</report>
			<report>
				<misses>18471001</misses>
				<total>30</total>
				<timestamp>6827.436328</timestamp>
			</report>
			<report>
				<misses>18472001</misses>
				<total>30</total>
				<timestamp>6827.805995</timestamp>
			</report>
			<report>
				<misses>18473001</misses>
				<total>30</total>
				<timestamp>6828.175519</timestamp>
			</report>
			<report>
				<misses>18474001</misses>
				<total>30</total>
				<timestamp>6828.545248</timestamp>
			</report>
			<report>
				<misses>18475001</misses>
				<total>30</total>
				<timestamp>6828.914859</timestamp>
			</report>
			<report>
				<misses>18476001</misses>
				<total>30</total>
				<timestamp>6829.284426</timestamp>
			</report>
			<report>
				<misses>18477001</misses>
				<total>30</total>
				<timestamp>6829.654069</timestamp>
			</report>
			<report>
				<misses>18478001</misses>
				<total>30</total>
				<timestamp>6830.023745</timestamp>
			</report>
			<report>
				<misses>18479001</misses>
				<total>30</total>
				<timestamp>6830.393313</timestamp>
			</report>
			<report>
				<misses>18480001</misses>
				<total>30</total>
				<timestamp>6830.762963</timestamp>
			</report>
			<report>
				<misses>18481001</misses>
				<total>30</total>
				<timestamp>6831.132631</timestamp>
			</report>
			<report>
				<misses>18482001</misses>
				<total>30</total>
				<timestamp>6831.502206</timestamp>
			</report>
			<report>
				<misses>18483001</misses>
				<total>30</total>
				<timestamp>6831.871881</timestamp>
			</report>
			<report>
				<misses>18484001</misses>
				<total>30</total>
				<timestamp>6832.241510</timestamp>
			</report>
			<report>
				<misses>18485001</misses>
				<total>30</total>
				<timestamp>6832.611134</timestamp>
			</report>
			<report>
				<misses>18486001</misses>
				<total>30</total>
				<timestamp>6832.980794</timestamp>
			</report>
			<report>
				<misses>18487001</misses>
				<total>30</total>
				<timestamp>6833.350346</timestamp>
			</report>
			<report>
				<misses>18488001</misses>
				<total>30</total>
				<timestamp>6833.720003</timestamp>
			</report>
			<report>
				<misses>18489001</misses>
				<total>30</total>
				<timestamp>6834.089611</timestamp>
			</report>
			<report>
				<misses>18490001</misses>
				<total>30</total>
				<timestamp>6834.459324</timestamp>
			</report>
			<report>
				<misses>18491001</misses>
				<total>29</total>
				<timestamp>6834.828981</timestamp>
			</report>
			<report>
				<misses>18492001</misses>
				<total>30</total>
				<timestamp>6835.198507</timestamp>
			</report>
			<report>
				<misses>18493001</misses>
				<total>30</total>
				<timestamp>6835.568148</timestamp>
			</report>
			<report>
				<misses>18494001</misses>
				<total>30</total>
				<timestamp>6835.937764</timestamp>
			</report>
			<report>
				<misses>18495001</misses>
				<total>30</total>
				<timestamp>6836.307386</timestamp>
			</report>
			<report>
				<misses>18496001</misses>
				<total>30</total>
				<timestamp>6836.677053</timestamp>
			</report>
			<report>
				<misses>18497001</misses>
				<total>30</total>
				<timestamp>6837.046661</timestamp>
			</report>
			<report>
				<misses>18498001</misses>
				<total>30</total>
				<timestamp>6837.416288</timestamp>
			</report>
			<report>
				<misses>18499001</misses>
				<total>30</total>
				<timestamp>6837.785917</timestamp>
			</report>
			<report>
				<misses>18500001</misses>
				<total>29</total>
				<timestamp>6838.155630</timestamp>
			</report>
			<report>
				<misses>18501001</misses>
				<total>30</total>
				<timestamp>6838.525164</timestamp>
			</report>
			<report>
				<misses>18502001</misses>
				<total>30</total>
				<timestamp>6838.894819</timestamp>
			</report>
			<report>
				<misses>18503001</misses>
				<total>30</total>
				<timestamp>6839.264425</timestamp>
			</report>
			<report>
				<misses>18504001</misses>
				<total>30</total>
				<timestamp>6839.634085</timestamp>
			</report>
			<report>
				<misses>18505001</misses>
				<total>30</total>
				<timestamp>6840.003740</timestamp>
			</report>
			<report>
				<misses>18506001</misses>
				<total>30</total>
				<timestamp>6840.373320</timestamp>
			</report>
			<report>
				<misses>18507001</misses>
				<total>29</total>
				<timestamp>6840.743046</timestamp>
			</report>
			<report>
				<misses>18508001</misses>
				<total>30</total>
				<timestamp>6841.112570</timestamp>
			</report>
			<report>
				<misses>18509001</misses>
				<total>29</total>
				<timestamp>6841.482298</timestamp>
			</report>
			<report>
				<misses>18510001</misses>
				<total>30</total>
				<timestamp>6841.851887</timestamp>
			</report>
			<report>
				<misses>18511001</misses>
				<total>30</total>
				<timestamp>6842.221494</timestamp>
			</report>
			<report>
				<misses>18512001</misses>
				<total>30</total>
				<timestamp>6842.591085</timestamp>
			</report>
			<report>
				<misses>18513001</misses>
				<total>30</total>
				<timestamp>6842.960745</timestamp>
			</report>
			<report>
				<misses>18514001</misses>
				<total>30</total>
				<timestamp>6843.330415</timestamp>
			</report>
			<report>
				<misses>18515001</misses>
				<total>30</total>
				<timestamp>6843.700029</timestamp>
			</report>
			<report>
				<misses>18516001</misses>
				<total>30</total>
				<timestamp>6844.069662</timestamp>
			</report>
			<report>
				<misses>18517001</misses>
				<total>30</total>
				<timestamp>6844.439292</timestamp>
			</report>
			<report>
				<misses>18518001</misses>
				<total>29</total>
				<timestamp>6844.808985</timestamp>
			</report>
			<report>
				<misses>18519001</misses>
				<total>30</total>
				<timestamp>6845.178524</timestamp>
			</report>
			<report>
				<misses>18520001</misses>
				<total>30</total>
				<timestamp>6845.548181</timestamp>
			</report>
			<report>
				<misses>18521001</misses>
				<total>30</total>
				<timestamp>6845.917827</timestamp>
			</report>
			<report>
				<misses>18522001</misses>
				<total>30</total>
				<timestamp>6846.287437</timestamp>
			</report>
			<report>
				<misses>18523001</misses>
				<total>29</total>
				<timestamp>6846.657131</timestamp>
			</report>
			<report>
				<misses>18524001</misses>
				<total>30</total>
				<timestamp>6847.026739</timestamp>
			</report>
			<report>
				<misses>18525001</misses>
				<total>30</total>
				<timestamp>6847.396274</timestamp>
			</report>
			<report>
				<misses>18526001</misses>
				<total>30</total>
				<timestamp>6847.765938</timestamp>
			</report>
			<report>
				<misses>18527001</misses>
				<total>30</total>
				<timestamp>6848.135559</timestamp>
			</report>
			<report>
				<misses>18528001</misses>
				<total>30</total>
				<timestamp>6848.505196</timestamp>
			</report>
			<report>
				<misses>18529001</misses>
				<total>30</total>
				<timestamp>6848.874840</timestamp>
			</report>
			<report>
				<misses>18530001</misses>
				<total>30</total>
				<timestamp>6849.244497</timestamp>
			</report>
			<report>
				<misses>18531001</misses>
				<total>30</total>
				<timestamp>6849.614089</timestamp>
			</report>
			<report>
				<misses>18532001</misses>
				<total>30</total>
				<timestamp>6849.983719</timestamp>
			</report>
			<report>
				<misses>18533001</misses>
				<total>30</total>
				<timestamp>6850.353332</timestamp>
			</report>
			<report>
				<misses>18534001</misses>
				<total>30</total>
				<timestamp>6850.723010</timestamp>
			</report>
			<report>
				<misses>18535001</misses>
				<total>30</total>
				<timestamp>6851.092671</timestamp>
			</report>
			<report>
				<misses>18536001</misses>
				<total>30</total>
				<timestamp>6851.462212</timestamp>
			</report>
			<report>
				<misses>18537001</misses>
				<total>30</total>
				<timestamp>6851.831843</timestamp>
			</report>
			<report>
				<misses>18538001</misses>
				<total>30</total>
				<timestamp>6852.201545</timestamp>
			</report>
			<report>
				<misses>18539001</misses>
				<total>30</total>
				<timestamp>6852.571148</timestamp>
			</report>
			<report>
				<misses>18540001</misses>
				<total>30</total>
				<timestamp>6852.940790</timestamp>
			</report>
			<report>
				<misses>18541001</misses>
				<total>30</total>
				<timestamp>6853.310370</timestamp>
			</report>
			<report>
				<misses>18542001</misses>
				<total>30</total>
				<timestamp>6853.680029</timestamp>
			</report>
			<report>
				<misses>18543001</misses>
				<total>30</total>
				<timestamp>6854.049659</timestamp>
			</report>
			<report>
				<misses>18544001</misses>
				<total>29</total>
				<timestamp>6854.419372</timestamp>
			</report>
			<report>
				<misses>18545001</misses>
				<total>30</total>
				<timestamp>6854.788950</timestamp>
			</report>
			<report>
				<misses>18546001</misses>
				<total>30</total>
				<timestamp>6855.158512</timestamp>
			</report>
			<report>
				<misses>18547001</misses>
				<total>30</total>
				<timestamp>6855.528212</timestamp>
			</report>
			<report>
				<misses>18548001</misses>
				<total>30</total>
				<timestamp>6855.897796</timestamp>
			</report>
			<report>
				<misses>18549001</misses>
				<total>30</total>
				<timestamp>6856.267406</timestamp>
			</report>
			<report>
				<misses>18550001</misses>
				<total>30</total>
				<timestamp>6856.637058</timestamp>
			</report>
			<report>
				<misses>18551001</misses>
				<total>30</total>
				<timestamp>6857.006692</timestamp>
			</report>
			<report>
				<misses>18552001</misses>
				<total>30</total>
				<timestamp>6857.376313</timestamp>
			</report>
			<report>
				<misses>18553001</misses>
				<total>30</total>
				<timestamp>6857.745940</timestamp>
			</report>
			<report>
				<misses>18554001</misses>
				<total>30</total>
				<timestamp>6858.115596</timestamp>
			</report>
			<report>
				<misses>18555001</misses>
				<total>30</total>
				<timestamp>6858.485186</timestamp>
			</report>
			<report>
				<misses>18556001</misses>
				<total>30</total>
				<timestamp>6858.854811</timestamp>
			</report>
			<report>
				<misses>18557001</misses>
				<total>30</total>
				<timestamp>6859.224456</timestamp>
			</report>
			<report>
				<misses>18558001</misses>
				<total>30</total>
				<timestamp>6859.594090</timestamp>
			</report>
			<report>
				<misses>18559001</misses>
				<total>29</total>
				<timestamp>6859.963816</timestamp>
			</report>
			<report>
				<misses>18560001</misses>
				<total>30</total>
				<timestamp>6860.333371</timestamp>
			</report>
			<report>
				<misses>18561001</misses>
				<total>30</total>
				<timestamp>6860.702988</timestamp>
			</report>
			<report>
				<misses>18562001</misses>
				<total>30</total>
				<timestamp>6861.072596</timestamp>
			</report>
			<report>
				<misses>18563001</misses>
				<total>30</total>
				<timestamp>6861.442225</timestamp>
			</report>
			<report>
				<misses>18564001</misses>
				<total>30</total>
				<timestamp>6861.811870</timestamp>
			</report>
			<report>
				<misses>18565001</misses>
				<total>29</total>
				<timestamp>6862.181591</timestamp>
			</report>
			<report>
				<misses>18566001</misses>
				<total>29</total>
				<timestamp>6862.551217</timestamp>
			</report>
			<report>
				<misses>18567001</misses>
				<total>30</total>
				<timestamp>6862.920752</timestamp>
			</report>
			<report>
				<misses>18568001</misses>
				<total>30</total>
				<timestamp>6863.290374</timestamp>
			</report>
			<report>
				<misses>18569001</misses>
				<total>30</total>
				<timestamp>6863.660062</timestamp>
			</report>
			<report>
				<misses>18570001</misses>
				<total>30</total>
				<timestamp>6864.029652</timestamp>
			</report>
			<report>
				<misses>18571001</misses>
				<total>30</total>
				<timestamp>6864.399260</timestamp>
			</report>
			<report>
				<misses>18572001</misses>
				<total>30</total>
				<timestamp>6864.768896</timestamp>
			</report>
			<report>
				<misses>18573001</misses>
				<total>29</total>
				<timestamp>6865.138647</timestamp>
			</report>
			<report>
				<misses>18574001</misses>
				<total>29</total>
				<timestamp>6865.508311</timestamp>
			</report>
			<report>
				<misses>18575001</misses>
				<total>30</total>
				<timestamp>6865.877784</timestamp>
			</report>
			<report>
				<misses>18576001</misses>
				<total>29</total>
				<timestamp>6866.247571</timestamp>
			</report>
			<report>
				<misses>18577001</misses>
				<total>30</total>
				<timestamp>6866.617056</timestamp>
			</report>
			<report>
				<misses>18578001</misses>
				<total>30</total>
				<timestamp>6866.986677</timestamp>
			</report>
			<report>
				<misses>18579001</misses>
				<total>30</total>
				<timestamp>6867.356372</timestamp>
			</report>
			<report>
				<misses>18580001</misses>
				<total>30</total>
				<timestamp>6867.726020</timestamp>
			</report>
			<report>
				<misses>18581001</misses>
				<total>30</total>
				<timestamp>6868.095597</timestamp>
			</report>
			<report>
				<misses>18582001</misses>
				<total>30</total>
				<timestamp>6868.465260</timestamp>
			</report>
			<report>
				<misses>18583001</misses>
				<total>29</total>
				<timestamp>6868.834933</timestamp>
			</report>
			<report>
				<misses>18584001</misses>
				<total>30</total>
				<timestamp>6869.204525</timestamp>
			</report>
			<report>
				<misses>18585001</misses>
				<total>29</total>
				<timestamp>6869.574204</timestamp>
			</report>
			<report>
				<misses>18586001</misses>
				<total>30</total>
				<timestamp>6869.943802</timestamp>
			</report>
			<report>
				<misses>18587001</misses>
				<total>29</total>
				<timestamp>6870.313494</timestamp>
			</report>
			<report>
				<misses>18588001</misses>
				<total>30</total>
				<timestamp>6870.683005</timestamp>
			</report>
			<report>
				<misses>18589001</misses>
				<total>30</total>
				<timestamp>6871.052667</timestamp>
			</report>
			<report>
				<misses>18590001</misses>
				<total>30</total>
				<timestamp>6871.422260</timestamp>
			</report>
			<report>
				<misses>18591001</misses>
				<total>29</total>
				<timestamp>6871.791981</timestamp>
			</report>
			<report>
				<misses>18592001</misses>
				<total>30</total>
				<timestamp>6872.161598</timestamp>
			</report>
			<report>
				<misses>18593001</misses>
				<total>30</total>
				<timestamp>6872.531128</timestamp>
			</report>
			<report>
				<misses>18594001</misses>
				<total>30</total>
				<timestamp>6872.900793</timestamp>
			</report>
			<report>
				<misses>18595001</misses>
				<total>30</total>
				<timestamp>6873.270414</timestamp>
			</report>
			<report>
				<misses>18596001</misses>
				<total>30</total>
				<timestamp>6873.640036</timestamp>
			</report>
			<report>
				<misses>18597001</misses>
				<total>30</total>
				<timestamp>6874.009662</timestamp>
			</report>
			<report>
				<misses>18598001</misses>
				<total>30</total>
				<timestamp>6874.379280</timestamp>
			</report>
			<report>
				<misses>18599001</misses>
				<total>30</total>
				<timestamp>6874.748915</timestamp>
			</report>
			<report>
				<misses>18600001</misses>
				<total>30</total>
				<timestamp>6875.118585</timestamp>
			</report>
			<report>
				<misses>18601001</misses>
				<total>30</total>
				<timestamp>6875.488189</timestamp>
			</report>
			<report>
				<misses>18602001</misses>
				<total>30</total>
				<timestamp>6875.857818</timestamp>
			</report>
			<report>
				<misses>18603001</misses>
				<total>30</total>
				<timestamp>6876.227462</timestamp>
			</report>
			<report>
				<misses>18604001</misses>
				<total>30</total>
				<timestamp>6876.597069</timestamp>
			</report>
			<report>
				<misses>18605001</misses>
				<total>30</total>
				<timestamp>6876.966756</timestamp>
			</report>
			<report>
				<misses>18606001</misses>
				<total>30</total>
				<timestamp>6877.336342</timestamp>
			</report>
			<report>
				<misses>18607001</misses>
				<total>30</total>
				<timestamp>6877.705947</timestamp>
			</report>
			<report>
				<misses>18608001</misses>
				<total>30</total>
				<timestamp>6878.075609</timestamp>
			</report>
			<report>
				<misses>18609001</misses>
				<total>30</total>
				<timestamp>6878.445252</timestamp>
			</report>
			<report>
				<misses>18610001</misses>
				<total>30</total>
				<timestamp>6878.814857</timestamp>
			</report>
			<report>
				<misses>18611001</misses>
				<total>30</total>
				<timestamp>6879.184506</timestamp>
			</report>
			<report>
				<misses>18612001</misses>
				<total>30</total>
				<timestamp>6879.554130</timestamp>
			</report>
			<report>
				<misses>18613001</misses>
				<total>29</total>
				<timestamp>6879.923849</timestamp>
			</report>
			<report>
				<misses>18614001</misses>
				<total>30</total>
				<timestamp>6880.293382</timestamp>
			</report>
			<report>
				<misses>18615001</misses>
				<total>30</total>
				<timestamp>6880.663060</timestamp>
			</report>
			<report>
				<misses>18616001</misses>
				<total>30</total>
				<timestamp>6881.032619</timestamp>
			</report>
			<report>
				<misses>18617001</misses>
				<total>30</total>
				<timestamp>6881.402239</timestamp>
			</report>
			<report>
				<misses>18618001</misses>
				<total>29</total>
				<timestamp>6881.771992</timestamp>
			</report>
			<report>
				<misses>18619001</misses>
				<total>29</total>
				<timestamp>6882.141606</timestamp>
			</report>
			<report>
				<misses>18620001</misses>
				<total>30</total>
				<timestamp>6882.511170</timestamp>
			</report>
			<report>
				<misses>18621001</misses>
				<total>30</total>
				<timestamp>6882.880771</timestamp>
			</report>
			<report>
				<misses>18622001</misses>
				<total>30</total>
				<timestamp>6883.250420</timestamp>
			</report>
			<report>
				<misses>18623001</misses>
				<total>30</total>
				<timestamp>6883.620077</timestamp>
			</report>
			<report>
				<misses>18624001</misses>
				<total>29</total>
				<timestamp>6883.989761</timestamp>
			</report>
			<report>
				<misses>18625001</misses>
				<total>30</total>
				<timestamp>6884.359298</timestamp>
			</report>
			<report>
				<misses>18626001</misses>
				<total>30</total>
				<timestamp>6884.728937</timestamp>
			</report>
			<report>
				<misses>18627001</misses>
				<total>29</total>
				<timestamp>6885.098654</timestamp>
			</report>
			<report>
				<misses>18628001</misses>
				<total>30</total>
				<timestamp>6885.468209</timestamp>
			</report>
			<report>
				<misses>18629001</misses>
				<total>30</total>
				<timestamp>6885.837861</timestamp>
			</report>
			<report>
				<misses>18630001</misses>
				<total>30</total>
				<timestamp>6886.207446</timestamp>
			</report>
			<report>
				<misses>18631001</misses>
				<total>30</total>
				<timestamp>6886.577059</timestamp>
			</report>
			<report>
				<misses>18632001</misses>
				<total>30</total>
				<timestamp>6886.946693</timestamp>
			</report>
			<report>
				<misses>18633001</misses>
				<total>30</total>
				<timestamp>6887.316325</timestamp>
			</report>
			<report>
				<misses>18634001</misses>
				<total>30</total>
				<timestamp>6887.685973</timestamp>
			</report>
			<report>
				<misses>18635001</misses>
				<total>30</total>
				<timestamp>6888.055593</timestamp>
			</report>
			<report>
				<misses>18636001</misses>
				<total>30</total>
				<timestamp>6888.425215</timestamp>
			</report>
			<report>
				<misses>18637001</misses>
				<total>30</total>
				<timestamp>6888.794922</timestamp>
			</report>
			<report>
				<misses>18638001</misses>
				<total>30</total>
				<timestamp>6889.164528</timestamp>
			</report>
			<report>
				<misses>18639001</misses>
				<total>29</total>
				<timestamp>6889.534235</timestamp>
			</report>
			<report>
				<misses>18640001</misses>
				<total>30</total>
				<timestamp>6889.903758</timestamp>
			</report>
			<report>
				<misses>18641001</misses>
				<total>30</total>
				<timestamp>6890.273421</timestamp>
			</report>
			<report>
				<misses>18642001</misses>
				<total>29</total>
				<timestamp>6890.643106</timestamp>
			</report>
			<report>
				<misses>18643001</misses>
				<total>30</total>
				<timestamp>6891.012685</timestamp>
			</report>
			<report>
				<misses>18644001</misses>
				<total>30</total>
				<timestamp>6891.382314</timestamp>
			</report>
			<report>
				<misses>18645001</misses>
				<total>30</total>
				<timestamp>6891.751936</timestamp>
			</report>
			<report>
				<misses>18646001</misses>
				<total>30</total>
				<timestamp>6892.121512</timestamp>
			</report>
			<report>
				<misses>18647001</misses>
				<total>30</total>
				<timestamp>6892.491162</timestamp>
			</report>
			<report>
				<misses>18648001</misses>
				<total>30</total>
				<timestamp>6892.860830</timestamp>
			</report>
			<report>
				<misses>18649001</misses>
				<total>30</total>
				<timestamp>6893.230420</timestamp>
			</report>
			<report>
				<misses>18650001</misses>
				<total>30</total>
				<timestamp>6893.600087</timestamp>
			</report>
			<report>
				<misses>18651001</misses>
				<total>30</total>
				<timestamp>6893.969693</timestamp>
			</report>
			<report>
				<misses>18652001</misses>
				<total>30</total>
				<timestamp>6894.339416</timestamp>
			</report>
			<report>
				<misses>18653001</misses>
				<total>30</total>
				<timestamp>6894.708972</timestamp>
			</report>
			<report>
				<misses>18654001</misses>
				<total>30</total>
				<timestamp>6895.078651</timestamp>
			</report>
			<report>
				<misses>18655001</misses>
				<total>30</total>
				<timestamp>6895.448274</timestamp>
			</report>
			<report>
				<misses>18656001</misses>
				<total>30</total>
				<timestamp>6895.817892</timestamp>
			</report>
			<report>
				<misses>18657001</misses>
				<total>30</total>
				<timestamp>6896.187448</timestamp>
			</report>
			<report>
				<misses>18658001</misses>
				<total>30</total>
				<timestamp>6896.557167</timestamp>
			</report>
			<report>
				<misses>18659001</misses>
				<total>30</total>
				<timestamp>6896.926697</timestamp>
			</report>
			<report>
				<misses>18660001</misses>
				<total>30</total>
				<timestamp>6897.296394</timestamp>
			</report>
			<report>
				<misses>18661001</misses>
				<total>30</total>
				<timestamp>6897.666043</timestamp>
			</report>
			<report>
				<misses>18662001</misses>
				<total>30</total>
				<timestamp>6898.035638</timestamp>
			</report>
			<report>
				<misses>18663001</misses>
				<total>30</total>
				<timestamp>6898.405298</timestamp>
			</report>
			<report>
				<misses>18664001</misses>
				<total>29</total>
				<timestamp>6898.774963</timestamp>
			</report>
			<report>
				<misses>18665001</misses>
				<total>30</total>
				<timestamp>6899.144514</timestamp>
			</report>
			<report>
				<misses>18666001</misses>
				<total>30</total>
				<timestamp>6899.514138</timestamp>
			</report>
			<report>
				<misses>18667001</misses>
				<total>30</total>
				<timestamp>6899.883775</timestamp>
			</report>
			<report>
				<misses>18668001</misses>
				<total>30</total>
				<timestamp>6900.253397</timestamp>
			</report>
			<report>
				<misses>18669001</misses>
				<total>30</total>
				<timestamp>6900.623025</timestamp>
			</report>
			<report>
				<misses>18670001</misses>
				<total>30</total>
				<timestamp>6900.992629</timestamp>
			</report>
			<report>
				<misses>18671001</misses>
				<total>30</total>
				<timestamp>6901.362372</timestamp>
			</report>
			<report>
				<misses>18672001</misses>
				<total>30</total>
				<timestamp>6901.731960</timestamp>
			</report>
			<report>
				<misses>18673001</misses>
				<total>30</total>
				<timestamp>6902.101521</timestamp>
			</report>
			<report>
				<misses>18674001</misses>
				<total>30</total>
				<timestamp>6902.471189</timestamp>
			</report>
			<report>
				<misses>18675001</misses>
				<total>29</total>
				<timestamp>6902.840869</timestamp>
			</report>
			<report>
				<misses>18676001</misses>
				<total>30</total>
				<timestamp>6903.210454</timestamp>
			</report>
			<report>
				<misses>18677001</misses>
				<total>29</total>
				<timestamp>6903.580165</timestamp>
			</report>
			<report>
				<misses>18678001</misses>
				<total>30</total>
				<timestamp>6903.949674</timestamp>
			</report>
			<report>
				<misses>18679001</misses>
				<total>30</total>
				<timestamp>6904.319373</timestamp>
			</report>
			<report>
				<misses>18680001</misses>
				<total>29</total>
				<timestamp>6904.689055</timestamp>
			</report>
			<report>
				<misses>18681001</misses>
				<total>30</total>
				<timestamp>6905.058574</timestamp>
			</report>
			<report>
				<misses>18682001</misses>
				<total>30</total>
				<timestamp>6905.428243</timestamp>
			</report>
			<report>
				<misses>18683001</misses>
				<total>30</total>
				<timestamp>6905.797851</timestamp>
			</report>
			<report>
				<misses>18684001</misses>
				<total>30</total>
				<timestamp>6906.167466</timestamp>
			</report>
			<report>
				<misses>18685001</misses>
				<total>30</total>
				<timestamp>6906.537094</timestamp>
			</report>
			<report>
				<misses>18686001</misses>
				<total>30</total>
				<timestamp>6906.906730</timestamp>
			</report>
			<report>
				<misses>18687001</misses>
				<total>30</total>
				<timestamp>6907.276394</timestamp>
			</report>
			<report>
				<misses>18688001</misses>
				<total>30</total>
				<timestamp>6907.646027</timestamp>
			</report>
			<report>
				<misses>18689001</misses>
				<total>30</total>
				<timestamp>6908.015657</timestamp>
			</report>
			<report>
				<misses>18690001</misses>
				<total>29</total>
				<timestamp>6908.385369</timestamp>
			</report>
			<report>
				<misses>18691001</misses>
				<total>30</total>
				<timestamp>6908.754924</timestamp>
			</report>
			<report>
				<misses>18692001</misses>
				<total>30</total>
				<timestamp>6909.124499</timestamp>
			</report>
			<report>
				<misses>18693001</misses>
				<total>30</total>
				<timestamp>6909.494212</timestamp>
			</report>
			<report>
				<misses>18694001</misses>
				<total>30</total>
				<timestamp>6909.863784</timestamp>
			</report>
			<report>
				<misses>18695001</misses>
				<total>30</total>
				<timestamp>6910.233430</timestamp>
			</report>
			<report>
				<misses>18696001</misses>
				<total>30</total>
				<timestamp>6910.603031</timestamp>
			</report>
			<report>
				<misses>18697001</misses>
				<total>30</total>
				<timestamp>6910.972693</timestamp>
			</report>
			<report>
				<misses>18698001</misses>
				<total>30</total>
				<timestamp>6911.342348</timestamp>
			</report>
			<report>
				<misses>18699001</misses>
				<total>30</total>
				<timestamp>6911.711909</timestamp>
			</report>
			<report>
				<misses>18700001</misses>
				<total>30</total>
				<timestamp>6912.081605</timestamp>
			</report>
			<report>
				<misses>18701001</misses>
				<total>30</total>
				<timestamp>6912.451221</timestamp>
			</report>
			<report>
				<misses>18702001</misses>
				<total>30</total>
				<timestamp>6912.820820</timestamp>
			</report>
			<report>
				<misses>18703001</misses>
				<total>30</total>
				<timestamp>6913.190445</timestamp>
			</report>
			<report>
				<misses>18704001</misses>
				<total>30</total>
				<timestamp>6913.560086</timestamp>
			</report>
			<report>
				<misses>18705001</misses>
				<total>30</total>
				<timestamp>6913.929726</timestamp>
			</report>
			<report>
				<misses>18706001</misses>
				<total>30</total>
				<timestamp>6914.299390</timestamp>
			</report>
			<report>
				<misses>18707001</misses>
				<total>30</total>
				<timestamp>6914.668957</timestamp>
			</report>
			<report>
				<misses>18708001</misses>
				<total>30</total>
				<timestamp>6915.038589</timestamp>
			</report>
			<report>
				<misses>18709001</misses>
				<total>30</total>
				<timestamp>6915.408273</timestamp>
			</report>
			<report>
				<misses>18710001</misses>
				<total>30</total>
				<timestamp>6915.777857</timestamp>
			</report>
			<report>
				<misses>18711001</misses>
				<total>30</total>
				<timestamp>6916.147477</timestamp>
			</report>
			<report>
				<misses>18712001</misses>
				<total>30</total>
				<timestamp>6916.517090</timestamp>
			</report>
			<report>
				<misses>18713001</misses>
				<total>30</total>
				<timestamp>6916.886737</timestamp>
			</report>
			<report>
				<misses>18714001</misses>
				<total>30</total>
				<timestamp>6917.256420</timestamp>
			</report>
			<report>
				<misses>18715001</misses>
				<total>30</total>
				<timestamp>6917.626005</timestamp>
			</report>
			<report>
				<misses>18716001</misses>
				<total>30</total>
				<timestamp>6917.995623</timestamp>
			</report>
			<report>
				<misses>18717001</misses>
				<total>30</total>
				<timestamp>6918.365285</timestamp>
			</report>
			<report>
				<misses>18718001</misses>
				<total>30</total>
				<timestamp>6918.734906</timestamp>
			</report>
			<report>
				<misses>18719001</misses>
				<total>30</total>
				<timestamp>6919.104526</timestamp>
			</report>
			<report>
				<misses>18720001</misses>
				<total>30</total>
				<timestamp>6919.474267</timestamp>
			</report>
			<report>
				<misses>18721001</misses>
				<total>30</total>
				<timestamp>6919.843815</timestamp>
			</report>
			<report>
				<misses>18722001</misses>
				<total>29</total>
				<timestamp>6920.213497</timestamp>
			</report>
			<report>
				<misses>18723001</misses>
				<total>30</total>
				<timestamp>6920.583018</timestamp>
			</report>
			<report>
				<misses>18724001</misses>
				<total>29</total>
				<timestamp>6920.952778</timestamp>
			</report>
			<report>
				<misses>18725001</misses>
				<total>29</total>
				<timestamp>6921.322422</timestamp>
			</report>
			<report>
				<misses>18726001</misses>
				<total>30</total>
				<timestamp>6921.691918</timestamp>
			</report>
			<report>
				<misses>18727001</misses>
				<total>30</total>
				<timestamp>6922.061559</timestamp>
			</report>
			<report>
				<misses>18728001</misses>
				<total>30</total>
				<timestamp>6922.431239</timestamp>
			</report>
			<report>
				<misses>18729001</misses>
				<total>30</total>
				<timestamp>6922.800805</timestamp>
			</report>
			<report>
				<misses>18730001</misses>
				<total>30</total>
				<timestamp>6923.170485</timestamp>
			</report>
			<report>
				<misses>18731001</misses>
				<total>30</total>
				<timestamp>6923.540123</timestamp>
			</report>
			<report>
				<misses>18732001</misses>
				<total>30</total>
				<timestamp>6923.909708</timestamp>
			</report>
			<report>
				<misses>18733001</misses>
				<total>30</total>
				<timestamp>6924.279413</timestamp>
			</report>
			<report>
				<misses>18734001</misses>
				<total>30</total>
				<timestamp>6924.648999</timestamp>
			</report>
			<report>
				<misses>18735001</misses>
				<total>30</total>
				<timestamp>6925.018580</timestamp>
			</report>
			<report>
				<misses>18736001</misses>
				<total>30</total>
				<timestamp>6925.388243</timestamp>
			</report>
			<report>
				<misses>18737001</misses>
				<total>30</total>
				<timestamp>6925.757840</timestamp>
			</report>
			<report>
				<misses>18738001</misses>
				<total>30</total>
				<timestamp>6926.127476</timestamp>
			</report>
			<report>
				<misses>18739001</misses>
				<total>30</total>
				<timestamp>6926.497124</timestamp>
			</report>
			<report>
				<misses>18740001</misses>
				<total>30</total>
				<timestamp>6926.866754</timestamp>
			</report>
			<report>
				<misses>18741001</misses>
				<total>30</total>
				<timestamp>6927.236376</timestamp>
			</report>
			<report>
				<misses>18742001</misses>
				<total>30</total>
				<timestamp>6927.606067</timestamp>
			</report>
			<report>
				<misses>18743001</misses>
				<total>30</total>
				<timestamp>6927.975647</timestamp>
			</report>
			<report>
				<misses>18744001</misses>
				<total>30</total>
				<timestamp>6928.345289</timestamp>
			</report>
			<report>
				<misses>18745001</misses>
				<total>30</total>
				<timestamp>6928.714882</timestamp>
			</report>
			<report>
				<misses>18746001</misses>
				<total>30</total>
				<timestamp>6929.084517</timestamp>
			</report>
			<report>
				<misses>18747001</misses>
				<total>30</total>
				<timestamp>6929.454188</timestamp>
			</report>
			<report>
				<misses>18748001</misses>
				<total>30</total>
				<timestamp>6929.823773</timestamp>
			</report>
			<report>
				<misses>18749001</misses>
				<total>29</total>
				<timestamp>6930.193496</timestamp>
			</report>
			<report>
				<misses>18750001</misses>
				<total>30</total>
				<timestamp>6930.563107</timestamp>
			</report>
			<report>
				<misses>18751001</misses>
				<total>30</total>
				<timestamp>6930.932678</timestamp>
			</report>
			<report>
				<misses>18752001</misses>
				<total>30</total>
				<timestamp>6931.302323</timestamp>
			</report>
			<report>
				<misses>18753001</misses>
				<total>29</total>
				<timestamp>6931.672023</timestamp>
			</report>
			<report>
				<misses>18754001</misses>
				<total>30</total>
				<timestamp>6932.041588</timestamp>
			</report>
			<report>
				<misses>18755001</misses>
				<total>30</total>
				<timestamp>6932.411247</timestamp>
			</report>
			<report>
				<misses>18756001</misses>
				<total>30</total>
				<timestamp>6932.780857</timestamp>
			</report>
			<report>
				<misses>18757001</misses>
				<total>30</total>
				<timestamp>6933.150442</timestamp>
			</report>
			<report>
				<misses>18758001</misses>
				<total>30</total>
				<timestamp>6933.520096</timestamp>
			</report>
			<report>
				<misses>18759001</misses>
				<total>29</total>
				<timestamp>6933.889791</timestamp>
			</report>
			<report>
				<misses>18760001</misses>
				<total>30</total>
				<timestamp>6934.259332</timestamp>
			</report>
			<report>
				<misses>18761001</misses>
				<total>30</total>
				<timestamp>6934.629024</timestamp>
			</report>
			<report>
				<misses>18762001</misses>
				<total>30</total>
				<timestamp>6934.998624</timestamp>
			</report>
			<report>
				<misses>18763001</misses>
				<total>30</total>
				<timestamp>6935.368257</timestamp>
			</report>
			<report>
				<misses>18764001</misses>
				<total>30</total>
				<timestamp>6935.737900</timestamp>
			</report>
			<report>
				<misses>18765001</misses>
				<total>30</total>
				<timestamp>6936.107521</timestamp>
			</report>
			<report>
				<misses>18766001</misses>
				<total>30</total>
				<timestamp>6936.477187</timestamp>
			</report>
			<report>
				<misses>18767001</misses>
				<total>30</total>
				<timestamp>6936.846800</timestamp>
			</report>
			<report>
				<misses>18768001</misses>
				<total>30</total>
				<timestamp>6937.216445</timestamp>
			</report>
			<report>
				<misses>18769001</misses>
				<total>30</total>
				<timestamp>6937.586019</timestamp>
			</report>
			<report>
				<misses>18770001</misses>
				<total>29</total>
				<timestamp>6937.955740</timestamp>
			</report>
			<report>
				<misses>18771001</misses>
				<total>30</total>
				<timestamp>6938.325293</timestamp>
			</report>
			<report>
				<misses>18772001</misses>
				<total>29</total>
				<timestamp>6938.694993</timestamp>
			</report>
			<report>
				<misses>18773001</misses>
				<total>30</total>
				<timestamp>6939.064578</timestamp>
			</report>
			<report>
				<misses>18774001</misses>
				<total>30</total>
				<timestamp>6939.434170</timestamp>
			</report>
			<report>
				<misses>18775001</misses>
				<total>30</total>
				<timestamp>6939.803796</timestamp>
			</report>
			<report>
				<misses>18776001</misses>
				<total>30</total>
				<timestamp>6940.173421</timestamp>
			</report>
			<report>
				<misses>18777001</misses>
				<total>30</total>
				<timestamp>6940.543131</timestamp>
			</report>
			<report>
				<misses>18778001</misses>
				<total>30</total>
				<timestamp>6940.912699</timestamp>
			</report>
			<report>
				<misses>18779001</misses>
				<total>30</total>
				<timestamp>6941.282317</timestamp>
			</report>
			<report>
				<misses>18780001</misses>
				<total>30</total>
				<timestamp>6941.651942</timestamp>
			</report>
			<report>
				<misses>18781001</misses>
				<total>30</total>
				<timestamp>6942.021602</timestamp>
			</report>
			<report>
				<misses>18782001</misses>
				<total>30</total>
				<timestamp>6942.391213</timestamp>
			</report>
			<report>
				<misses>18783001</misses>
				<total>30</total>
				<timestamp>6942.760863</timestamp>
			</report>
			<report>
				<misses>18784001</misses>
				<total>30</total>
				<timestamp>6943.130466</timestamp>
			</report>
			<report>
				<misses>18785001</misses>
				<total>30</total>
				<timestamp>6943.500134</timestamp>
			</report>
			<report>
				<misses>18786001</misses>
				<total>30</total>
				<timestamp>6943.869716</timestamp>
			</report>
			<report>
				<misses>18787001</misses>
				<total>30</total>
				<timestamp>6944.239338</timestamp>
			</report>
			<report>
				<misses>18788001</misses>
				<total>30</total>
				<timestamp>6944.609071</timestamp>
			</report>
			<report>
				<misses>18789001</misses>
				<total>30</total>
				<timestamp>6944.978683</timestamp>
			</report>
			<report>
				<misses>18790001</misses>
				<total>30</total>
				<timestamp>6945.348265</timestamp>
			</report>
			<report>
				<misses>18791001</misses>
				<total>30</total>
				<timestamp>6945.717891</timestamp>
			</report>
			<report>
				<misses>18792001</misses>
				<total>30</total>
				<timestamp>6946.087518</timestamp>
			</report>
			<report>
				<misses>18793001</misses>
				<total>30</total>
				<timestamp>6946.457152</timestamp>
			</report>
			<report>
				<misses>18794001</misses>
				<total>30</total>
				<timestamp>6946.826773</timestamp>
			</report>
			<report>
				<misses>18795001</misses>
				<total>29</total>
				<timestamp>6947.196479</timestamp>
			</report>
			<report>
				<misses>18796001</misses>
				<total>30</total>
				<timestamp>6947.566054</timestamp>
			</report>
			<report>
				<misses>18797001</misses>
				<total>30</total>
				<timestamp>6947.935688</timestamp>
			</report>
			<report>
				<misses>18798001</misses>
				<total>30</total>
				<timestamp>6948.305292</timestamp>
			</report>
			<report>
				<misses>18799001</misses>
				<total>30</total>
				<timestamp>6948.674903</timestamp>
			</report>
			<report>
				<misses>18800001</misses>
				<total>30</total>
				<timestamp>6949.044537</timestamp>
			</report>
			<report>
				<misses>18801001</misses>
				<total>30</total>
				<timestamp>6949.414188</timestamp>
			</report>
			<report>
				<misses>18802001</misses>
				<total>30</total>
				<timestamp>6949.783795</timestamp>
			</report>
			<report>
				<misses>18803001</misses>
				<total>30</total>
				<timestamp>6950.153444</timestamp>
			</report>
			<report>
				<misses>18804001</misses>
				<total>30</total>
				<timestamp>6950.523109</timestamp>
			</report>
			<report>
				<misses>18805001</misses>
				<total>30</total>
				<timestamp>6950.892753</timestamp>
			</report>
			<report>
				<misses>18806001</misses>
				<total>30</total>
				<timestamp>6951.262419</timestamp>
			</report>
			<report>
				<misses>18807001</misses>
				<total>30</total>
				<timestamp>6951.631945</timestamp>
			</report>
			<report>
				<misses>18808001</misses>
				<total>30</total>
				<timestamp>6952.001635</timestamp>
			</report>
			<report>
				<misses>18809001</misses>
				<total>30</total>
				<timestamp>6952.371208</timestamp>
			</report>
			<report>
				<misses>18810001</misses>
				<total>30</total>
				<timestamp>6952.740831</timestamp>
			</report>
			<report>
				<misses>18811001</misses>
				<total>30</total>
				<timestamp>6953.110526</timestamp>
			</report>
			<report>
				<misses>18812001</misses>
				<total>30</total>
				<timestamp>6953.480128</timestamp>
			</report>
			<report>
				<misses>18813001</misses>
				<total>30</total>
				<timestamp>6953.849771</timestamp>
			</report>
			<report>
				<misses>18814001</misses>
				<total>30</total>
				<timestamp>6954.219348</timestamp>
			</report>
			<report>
				<misses>18815001</misses>
				<total>30</total>
				<timestamp>6954.589036</timestamp>
			</report>
			<report>
				<misses>18816001</misses>
				<total>30</total>
				<timestamp>6954.958615</timestamp>
			</report>
			<report>
				<misses>18817001</misses>
				<total>30</total>
				<timestamp>6955.328285</timestamp>
			</report>
			<report>
				<misses>18818001</misses>
				<total>30</total>
				<timestamp>6955.697885</timestamp>
			</report>
			<report>
				<misses>18819001</misses>
				<total>30</total>
				<timestamp>6956.067597</timestamp>
			</report>
			<report>
				<misses>18820001</misses>
				<total>30</total>
				<timestamp>6956.437181</timestamp>
			</report>
			<report>
				<misses>18821001</misses>
				<total>30</total>
				<timestamp>6956.806797</timestamp>
			</report>
			<report>
				<misses>18822001</misses>
				<total>30</total>
				<timestamp>6957.176398</timestamp>
			</report>
			<report>
				<misses>18823001</misses>
				<total>30</total>
				<timestamp>6957.546115</timestamp>
			</report>
			<report>
				<misses>18824001</misses>
				<total>30</total>
				<timestamp>6957.915668</timestamp>
			</report>
			<report>
				<misses>18825001</misses>
				<total>30</total>
				<timestamp>6958.285367</timestamp>
			</report>
			<report>
				<misses>18826001</misses>
				<total>29</total>
				<timestamp>6958.655044</timestamp>
			</report>
			<report>
				<misses>18827001</misses>
				<total>30</total>
				<timestamp>6959.024584</timestamp>
			</report>
			<report>
				<misses>18828001</misses>
				<total>30</total>
				<timestamp>6959.394178</timestamp>
			</report>
			<report>
				<misses>18829001</misses>
				<total>30</total>
				<timestamp>6959.763822</timestamp>
			</report>
			<report>
				<misses>18830001</misses>
				<total>30</total>
				<timestamp>6960.133431</timestamp>
			</report>
			<report>
				<misses>18831001</misses>
				<total>30</total>
				<timestamp>6960.503129</timestamp>
			</report>
			<report>
				<misses>18832001</misses>
				<total>30</total>
				<timestamp>6960.872698</timestamp>
			</report>
			<report>
				<misses>18833001</misses>
				<total>30</total>
				<timestamp>6961.242371</timestamp>
			</report>
			<report>
				<misses>18834001</misses>
				<total>30</total>
				<timestamp>6961.612002</timestamp>
			</report>
			<report>
				<misses>18835001</misses>
				<total>30</total>
				<timestamp>6961.981656</timestamp>
			</report>
			<report>
				<misses>18836001</misses>
				<total>30</total>
				<timestamp>6962.351224</timestamp>
			</report>
			<report>
				<misses>18837001</misses>
				<total>30</total>
				<timestamp>6962.720868</timestamp>
			</report>
			<report>
				<misses>18838001</misses>
				<total>30</total>
				<timestamp>6963.090475</timestamp>
			</report>
			<report>
				<misses>18839001</misses>
				<total>30</total>
				<timestamp>6963.460139</timestamp>
			</report>
			<report>
				<misses>18840001</misses>
				<total>30</total>
				<timestamp>6963.829839</timestamp>
			</report>
			<report>
				<misses>18841001</misses>
				<total>30</total>
				<timestamp>6964.199414</timestamp>
			</report>
			<report>
				<misses>18842001</misses>
				<total>30</total>
				<timestamp>6964.569054</timestamp>
			</report>
			<report>
				<misses>18843001</misses>
				<total>30</total>
				<timestamp>6964.938630</timestamp>
			</report>
			<report>
				<misses>18844001</misses>
				<total>30</total>
				<timestamp>6965.308333</timestamp>
			</report>
			<report>
				<misses>18845001</misses>
				<total>30</total>
				<timestamp>6965.677934</timestamp>
			</report>
			<report>
				<misses>18846001</misses>
				<total>30</total>
				<timestamp>6966.047549</timestamp>
			</report>
			<report>
				<misses>18847001</misses>
				<total>30</total>
				<timestamp>6966.417153</timestamp>
			</report>
			<report>
				<misses>18848001</misses>
				<total>30</total>
				<timestamp>6966.786814</timestamp>
			</report>
			<report>
				<misses>18849001</misses>
				<total>30</total>
				<timestamp>6967.156435</timestamp>
			</report>
			<report>
				<misses>18850001</misses>
				<total>30</total>
				<timestamp>6967.526098</timestamp>
			</report>
			<report>
				<misses>18851001</misses>
				<total>30</total>
				<timestamp>6967.895697</timestamp>
			</report>
			<report>
				<misses>18852001</misses>
				<total>30</total>
				<timestamp>6968.265426</timestamp>
			</report>
			<report>
				<misses>18853001</misses>
				<total>30</total>
				<timestamp>6968.634923</timestamp>
			</report>
			<report>
				<misses>18854001</misses>
				<total>30</total>
				<timestamp>6969.004596</timestamp>
			</report>
			<report>
				<misses>18855001</misses>
				<total>30</total>
				<timestamp>6969.374264</timestamp>
			</report>
			<report>
				<misses>18856001</misses>
				<total>30</total>
				<timestamp>6969.743888</timestamp>
			</report>
			<report>
				<misses>18857001</misses>
				<total>30</total>
				<timestamp>6970.113447</timestamp>
			</report>
			<report>
				<misses>18858001</misses>
				<total>30</total>
				<timestamp>6970.483122</timestamp>
			</report>
			<report>
				<misses>18859001</misses>
				<total>30</total>
				<timestamp>6970.852759</timestamp>
			</report>
			<report>
				<misses>18860001</misses>
				<total>30</total>
				<timestamp>6971.222386</timestamp>
			</report>
			<report>
				<misses>18861001</misses>
				<total>30</total>
				<timestamp>6971.591993</timestamp>
			</report>
			<report>
				<misses>18862001</misses>
				<total>30</total>
				<timestamp>6971.961588</timestamp>
			</report>
			<report>
				<misses>18863001</misses>
				<total>30</total>
				<timestamp>6972.331236</timestamp>
			</report>
			<report>
				<misses>18864001</misses>
				<total>30</total>
				<timestamp>6972.700892</timestamp>
			</report>
			<report>
				<misses>18865001</misses>
				<total>30</total>
				<timestamp>6973.070549</timestamp>
			</report>
			<report>
				<misses>18866001</misses>
				<total>30</total>
				<timestamp>6973.440146</timestamp>
			</report>
			<report>
				<misses>18867001</misses>
				<total>30</total>
				<timestamp>6973.809745</timestamp>
			</report>
			<report>
				<misses>18868001</misses>
				<total>30</total>
				<timestamp>6974.179424</timestamp>
			</report>
			<report>
				<misses>18869001</misses>
				<total>30</total>
				<timestamp>6974.549037</timestamp>
			</report>
			<report>
				<misses>18870001</misses>
				<total>29</total>
				<timestamp>6974.918731</timestamp>
			</report>
			<report>
				<misses>18871001</misses>
				<total>30</total>
				<timestamp>6975.288291</timestamp>
			</report>
			<report>
				<misses>18872001</misses>
				<total>30</total>
				<timestamp>6975.657910</timestamp>
			</report>
			<report>
				<misses>18873001</misses>
				<total>30</total>
				<timestamp>6976.027592</timestamp>
			</report>
			<report>
				<misses>18874001</misses>
				<total>29</total>
				<timestamp>6976.397263</timestamp>
			</report>
			<report>
				<misses>18875001</misses>
				<total>30</total>
				<timestamp>6976.766795</timestamp>
			</report>
			<report>
				<misses>18876001</misses>
				<total>30</total>
				<timestamp>6977.136411</timestamp>
			</report>
			<report>
				<misses>18877001</misses>
				<total>30</total>
				<timestamp>6977.506113</timestamp>
			</report>
			<report>
				<misses>18878001</misses>
				<total>30</total>
				<timestamp>6977.875689</timestamp>
			</report>
			<report>
				<misses>18879001</misses>
				<total>30</total>
				<timestamp>6978.245361</timestamp>
			</report>
			<report>
				<misses>18880001</misses>
				<total>30</total>
				<timestamp>6978.614985</timestamp>
			</report>
			<report>
				<misses>18881001</misses>
				<total>30</total>
				<timestamp>6978.984578</timestamp>
			</report>
			<report>
				<misses>18882001</misses>
				<total>30</total>
				<timestamp>6979.354247</timestamp>
			</report>
			<report>
				<misses>18883001</misses>
				<total>30</total>
				<timestamp>6979.723914</timestamp>
			</report>
			<report>
				<misses>18884001</misses>
				<total>29</total>
				<timestamp>6980.093561</timestamp>
			</report>
			<report>
				<misses>18885001</misses>
				<total>30</total>
				<timestamp>6980.463083</timestamp>
			</report>
			<report>
				<misses>18886001</misses>
				<total>30</total>
				<timestamp>6980.832743</timestamp>
			</report>
			<report>
				<misses>18887001</misses>
				<total>30</total>
				<timestamp>6981.202338</timestamp>
			</report>
			<report>
				<misses>18888001</misses>
				<total>30</total>
				<timestamp>6981.571977</timestamp>
			</report>
			<report>
				<misses>18889001</misses>
				<total>30</total>
				<timestamp>6981.941630</timestamp>
			</report>
			<report>
				<misses>18890001</misses>
				<total>30</total>
				<timestamp>6982.311266</timestamp>
			</report>
			<report>
				<misses>18891001</misses>
				<total>30</total>
				<timestamp>6982.680952</timestamp>
			</report>
			<report>
				<misses>18892001</misses>
				<total>30</total>
				<timestamp>6983.050493</timestamp>
			</report>
			<report>
				<misses>18893001</misses>
				<total>30</total>
				<timestamp>6983.420170</timestamp>
			</report>
			<report>
				<misses>18894001</misses>
				<total>30</total>
				<timestamp>6983.789796</timestamp>
			</report>
			<report>
				<misses>18895001</misses>
				<total>30</total>
				<timestamp>6984.159382</timestamp>
			</report>
			<report>
				<misses>18896001</misses>
				<total>30</total>
				<timestamp>6984.529058</timestamp>
			</report>
			<report>
				<misses>18897001</misses>
				<total>29</total>
				<timestamp>6984.898765</timestamp>
			</report>
			<report>
				<misses>18898001</misses>
				<total>30</total>
				<timestamp>6985.268333</timestamp>
			</report>
			<report>
				<misses>18899001</misses>
				<total>30</total>
				<timestamp>6985.637948</timestamp>
			</report>
			<report>
				<misses>18900001</misses>
				<total>30</total>
				<timestamp>6986.007544</timestamp>
			</report>
			<report>
				<misses>18901001</misses>
				<total>30</total>
				<timestamp>6986.377199</timestamp>
			</report>
			<report>
				<misses>18902001</misses>
				<total>30</total>
				<timestamp>6986.746797</timestamp>
			</report>
			<report>
				<misses>18903001</misses>
				<total>30</total>
				<timestamp>6987.116421</timestamp>
			</report>
			<report>
				<misses>18904001</misses>
				<total>30</total>
				<timestamp>6987.486066</timestamp>
			</report>
			<report>
				<misses>18905001</misses>
				<total>30</total>
				<timestamp>6987.855705</timestamp>
			</report>
			<report>
				<misses>18906001</misses>
				<total>30</total>
				<timestamp>6988.225338</timestamp>
			</report>
			<report>
				<misses>18907001</misses>
				<total>30</total>
				<timestamp>6988.595035</timestamp>
			</report>
			<report>
				<misses>18908001</misses>
				<total>30</total>
				<timestamp>6988.964593</timestamp>
			</report>
			<report>
				<misses>18909001</misses>
				<total>30</total>
				<timestamp>6989.334241</timestamp>
			</report>
			<report>
				<misses>18910001</misses>
				<total>30</total>
				<timestamp>6989.703894</timestamp>
			</report>
			<report>
				<misses>18911001</misses>
				<total>29</total>
				<timestamp>6990.073565</timestamp>
			</report>
			<report>
				<misses>18912001</misses>
				<total>30</total>
				<timestamp>6990.443199</timestamp>
			</report>
			<report>
				<misses>18913001</misses>
				<total>30</total>
				<timestamp>6990.812750</timestamp>
			</report>
			<report>
				<misses>18914001</misses>
				<total>30</total>
				<timestamp>6991.182358</timestamp>
			</report>
			<report>
				<misses>18915001</misses>
				<total>30</total>
				<timestamp>6991.552064</timestamp>
			</report>
			<report>
				<misses>18916001</misses>
				<total>30</total>
				<timestamp>6991.921623</timestamp>
			</report>
			<report>
				<misses>18917001</misses>
				<total>30</total>
				<timestamp>6992.291241</timestamp>
			</report>
			<report>
				<misses>18918001</misses>
				<total>30</total>
				<timestamp>6992.660888</timestamp>
			</report>
			<report>
				<misses>18919001</misses>
				<total>30</total>
				<timestamp>6993.030553</timestamp>
			</report>
			<report>
				<misses>18920001</misses>
				<total>30</total>
				<timestamp>6993.400137</timestamp>
			</report>
			<report>
				<misses>18921001</misses>
				<total>29</total>
				<timestamp>6993.769933</timestamp>
			</report>
			<report>
				<misses>18922001</misses>
				<total>30</total>
				<timestamp>6994.139456</timestamp>
			</report>
			<report>
				<misses>18923001</misses>
				<total>30</total>
				<timestamp>6994.509051</timestamp>
			</report>
			<report>
				<misses>18924001</misses>
				<total>30</total>
				<timestamp>6994.878761</timestamp>
			</report>
			<report>
				<misses>18925001</misses>
				<total>30</total>
				<timestamp>6995.248362</timestamp>
			</report>
			<report>
				<misses>18926001</misses>
				<total>30</total>
				<timestamp>6995.617930</timestamp>
			</report>
			<report>
				<misses>18927001</misses>
				<total>30</total>
				<timestamp>6995.987538</timestamp>
			</report>
			<report>
				<misses>18928001</misses>
				<total>30</total>
				<timestamp>6996.357224</timestamp>
			</report>
			<report>
				<misses>18929001</misses>
				<total>30</total>
				<timestamp>6996.726895</timestamp>
			</report>
			<report>
				<misses>18930001</misses>
				<total>30</total>
				<timestamp>6997.096471</timestamp>
			</report>
			<report>
				<misses>18931001</misses>
				<total>29</total>
				<timestamp>6997.466194</timestamp>
			</report>
			<report>
				<misses>18932001</misses>
				<total>30</total>
				<timestamp>6997.835780</timestamp>
			</report>
			<report>
				<misses>18933001</misses>
				<total>29</total>
				<timestamp>6998.205461</timestamp>
			</report>
			<report>
				<misses>18934001</misses>
				<total>30</total>
				<timestamp>6998.575000</timestamp>
			</report>
			<report>
				<misses>18935001</misses>
				<total>30</total>
				<timestamp>6998.944602</timestamp>
			</report>
			<report>
				<misses>18936001</misses>
				<total>30</total>
				<timestamp>6999.314251</timestamp>
			</report>
			<report>
				<misses>18937001</misses>
				<total>30</total>
				<timestamp>6999.683918</timestamp>
			</report>
			<report>
				<misses>18938001</misses>
				<total>30</total>
				<timestamp>7000.053477</timestamp>
			</report>
			<report>
				<misses>18939001</misses>
				<total>30</total>
				<timestamp>7000.423121</timestamp>
			</report>
			<report>
				<misses>18940001</misses>
				<total>30</total>
				<timestamp>7000.792778</timestamp>
			</report>
			<report>
				<misses>18941001</misses>
				<total>30</total>
				<timestamp>7001.162397</timestamp>
			</report>
			<report>
				<misses>18942001</misses>
				<total>30</total>
				<timestamp>7001.532072</timestamp>
			</report>
			<report>
				<misses>18943001</misses>
				<total>30</total>
				<timestamp>7001.901649</timestamp>
			</report>
			<report>
				<misses>18944001</misses>
				<total>30</total>
				<timestamp>7002.271256</timestamp>
			</report>
			<report>
				<misses>18945001</misses>
				<total>30</total>
				<timestamp>7002.640950</timestamp>
			</report>
			<report>
				<misses>18946001</misses>
				<total>30</total>
				<timestamp>7003.010527</timestamp>
			</report>
			<report>
				<misses>18947001</misses>
				<total>29</total>
				<timestamp>7003.380242</timestamp>
			</report>
			<report>
				<misses>18948001</misses>
				<total>29</total>
				<timestamp>7003.749888</timestamp>
			</report>
			<report>
				<misses>18949001</misses>
				<total>30</total>
				<timestamp>7004.119477</timestamp>
			</report>
			<report>
				<misses>18950001</misses>
				<total>30</total>
				<timestamp>7004.489044</timestamp>
			</report>
			<report>
				<misses>18951001</misses>
				<total>30</total>
				<timestamp>7004.858752</timestamp>
			</report>
			<report>
				<misses>18952001</misses>
				<total>29</total>
				<timestamp>7005.228403</timestamp>
			</report>
			<report>
				<misses>18953001</misses>
				<total>30</total>
				<timestamp>7005.597942</timestamp>
			</report>
			<report>
				<misses>18954001</misses>
				<total>30</total>
				<timestamp>7005.967561</timestamp>
			</report>
			<report>
				<misses>18955001</misses>
				<total>30</total>
				<timestamp>7006.337206</timestamp>
			</report>
			<report>
				<misses>18956001</misses>
				<total>30</total>
				<timestamp>7006.706851</timestamp>
			</report>
			<report>
				<misses>18957001</misses>
				<total>30</total>
				<timestamp>7007.076459</timestamp>
			</report>
			<report>
				<misses>18958001</misses>
				<total>30</total>
				<timestamp>7007.446134</timestamp>
			</report>
			<report>
				<misses>18959001</misses>
				<total>30</total>
				<timestamp>7007.815818</timestamp>
			</report>
			<report>
				<misses>18960001</misses>
				<total>30</total>
				<timestamp>7008.185349</timestamp>
			</report>
			<report>
				<misses>18961001</misses>
				<total>30</total>
				<timestamp>7008.555022</timestamp>
			</report>
			<report>
				<misses>18962001</misses>
				<total>30</total>
				<timestamp>7008.924636</timestamp>
			</report>
			<report>
				<misses>18963001</misses>
				<total>30</total>
				<timestamp>7009.294258</timestamp>
			</report>
			<report>
				<misses>18964001</misses>
				<total>30</total>
				<timestamp>7009.663917</timestamp>
			</report>
			<report>
				<misses>18965001</misses>
				<total>30</total>
				<timestamp>7010.033519</timestamp>
			</report>
			<report>
				<misses>18966001</misses>
				<total>29</total>
				<timestamp>7010.403263</timestamp>
			</report>
			<report>
				<misses>18967001</misses>
				<total>30</total>
				<timestamp>7010.772804</timestamp>
			</report>
			<report>
				<misses>18968001</misses>
				<total>30</total>
				<timestamp>7011.142399</timestamp>
			</report>
			<report>
				<misses>18969001</misses>
				<total>30</total>
				<timestamp>7011.512043</timestamp>
			</report>
			<report>
				<misses>18970001</misses>
				<total>30</total>
				<timestamp>7011.881701</timestamp>
			</report>
			<report>
				<misses>18971001</misses>
				<total>29</total>
				<timestamp>7012.251409</timestamp>
			</report>
			<report>
				<misses>18972001</misses>
				<total>30</total>
				<timestamp>7012.620904</timestamp>
			</report>
			<report>
				<misses>18973001</misses>
				<total>30</total>
				<timestamp>7012.990626</timestamp>
			</report>
			<report>
				<misses>18974001</misses>
				<total>30</total>
				<timestamp>7013.360148</timestamp>
			</report>
			<report>
				<misses>18975001</misses>
				<total>30</total>
				<timestamp>7013.729791</timestamp>
			</report>
			<report>
				<misses>18976001</misses>
				<total>30</total>
				<timestamp>7014.099485</timestamp>
			</report>
			<report>
				<misses>18977001</misses>
				<total>30</total>
				<timestamp>7014.469067</timestamp>
			</report>
			<report>
				<misses>18978001</misses>
				<total>30</total>
				<timestamp>7014.838697</timestamp>
			</report>
			<report>
				<misses>18979001</misses>
				<total>30</total>
				<timestamp>7015.208330</timestamp>
			</report>
			<report>
				<misses>18980001</misses>
				<total>30</total>
				<timestamp>7015.577969</timestamp>
			</report>
			<report>
				<misses>18981001</misses>
				<total>30</total>
				<timestamp>7015.947583</timestamp>
			</report>
			<report>
				<misses>18982001</misses>
				<total>30</total>
				<timestamp>7016.317192</timestamp>
			</report>
			<report>
				<misses>18983001</misses>
				<total>30</total>
				<timestamp>7016.686917</timestamp>
			</report>
			<report>
				<misses>18984001</misses>
				<total>30</total>
				<timestamp>7017.056494</timestamp>
			</report>
			<report>
				<misses>18985001</misses>
				<total>29</total>
				<timestamp>7017.426174</timestamp>
			</report>
			<report>
				<misses>18986001</misses>
				<total>29</total>
				<timestamp>7017.795848</timestamp>
			</report>
			<report>
				<misses>18987001</misses>
				<total>30</total>
				<timestamp>7018.165384</timestamp>
			</report>
			<report>
				<misses>18988001</misses>
				<total>29</total>
				<timestamp>7018.535108</timestamp>
			</report>
			<report>
				<misses>18989001</misses>
				<total>30</total>
				<timestamp>7018.904631</timestamp>
			</report>
			<report>
				<misses>18990001</misses>
				<total>30</total>
				<timestamp>7019.274294</timestamp>
			</report>
			<report>
				<misses>18991001</misses>
				<total>30</total>
				<timestamp>7019.643878</timestamp>
			</report>
			<report>
				<misses>18992001</misses>
				<total>29</total>
				<timestamp>7020.013605</timestamp>
			</report>
			<report>
				<misses>18993001</misses>
				<total>30</total>
				<timestamp>7020.383115</timestamp>
			</report>
			<report>
				<misses>18994001</misses>
				<total>30</total>
				<timestamp>7020.752797</timestamp>
			</report>
			<report>
				<misses>18995001</misses>
				<total>30</total>
				<timestamp>7021.122386</timestamp>
			</report>
			<report>
				<misses>18996001</misses>
				<total>30</total>
				<timestamp>7021.492067</timestamp>
			</report>
			<report>
				<misses>18997001</misses>
				<total>30</total>
				<timestamp>7021.861713</timestamp>
			</report>
			<report>
				<misses>18998001</misses>
				<total>30</total>
				<timestamp>7022.231275</timestamp>
			</report>
			<report>
				<misses>18999001</misses>
				<total>30</total>
				<timestamp>7022.600973</timestamp>
			</report>
			<report>
				<misses>19000001</misses>
				<total>30</total>
				<timestamp>7022.970591</timestamp>
			</report>
			<report>
				<misses>19001001</misses>
				<total>30</total>
				<timestamp>7023.340186</timestamp>
			</report>
			<report>
				<misses>19002001</misses>
				<total>30</total>
				<timestamp>7023.709831</timestamp>
			</report>
			<report>
				<misses>19003001</misses>
				<total>30</total>
				<timestamp>7024.079441</timestamp>
			</report>
			<report>
				<misses>19004001</misses>
				<total>30</total>
				<timestamp>7024.449077</timestamp>
			</report>
			<report>
				<misses>19005001</misses>
				<total>30</total>
				<timestamp>7024.818748</timestamp>
			</report>
			<report>
				<misses>19006001</misses>
				<total>30</total>
				<timestamp>7025.188372</timestamp>
			</report>
			<report>
				<misses>19007001</misses>
				<total>30</total>
				<timestamp>7025.557949</timestamp>
			</report>
			<report>
				<misses>19008001</misses>
				<total>30</total>
				<timestamp>7025.927627</timestamp>
			</report>
			<report>
				<misses>19009001</misses>
				<total>30</total>
				<timestamp>7026.297288</timestamp>
			</report>
			<report>
				<misses>19010001</misses>
				<total>30</total>
				<timestamp>7026.666842</timestamp>
			</report>
			<report>
				<misses>19011001</misses>
				<total>30</total>
				<timestamp>7027.036571</timestamp>
			</report>
			<report>
				<misses>19012001</misses>
				<total>30</total>
				<timestamp>7027.406100</timestamp>
			</report>
			<report>
				<misses>19013001</misses>
				<total>29</total>
				<timestamp>7027.775847</timestamp>
			</report>
			<report>
				<misses>19014001</misses>
				<total>30</total>
				<timestamp>7028.145378</timestamp>
			</report>
			<report>
				<misses>19015001</misses>
				<total>30</total>
				<timestamp>7028.515017</timestamp>
			</report>
			<report>
				<misses>19016001</misses>
				<total>31</total>
				<timestamp>7028.884667</timestamp>
			</report>
			<report>
				<misses>19017001</misses>
				<total>31</total>
				<timestamp>7029.254272</timestamp>
			</report>
			<report>
				<misses>19018001</misses>
				<total>31</total>
				<timestamp>7029.623939</timestamp>
			</report>
			<report>
				<misses>19019001</misses>
				<total>31</total>
				<timestamp>7029.993602</timestamp>
			</report>
			<report>
				<misses>19020001</misses>
				<total>31</total>
				<timestamp>7030.363180</timestamp>
			</report>
			<report>
				<misses>19021001</misses>
				<total>31</total>
				<timestamp>7030.732883</timestamp>
			</report>
			<report>
				<misses>19022001</misses>
				<total>31</total>
				<timestamp>7031.102394</timestamp>
			</report>
			<report>
				<misses>19023001</misses>
				<total>31</total>
				<timestamp>7031.472048</timestamp>
			</report>
			<report>
				<misses>19024001</misses>
				<total>31</total>
				<timestamp>7031.841662</timestamp>
			</report>
			<report>
				<misses>19025001</misses>
				<total>31</total>
				<timestamp>7032.211286</timestamp>
			</report>
			<report>
				<misses>19026001</misses>
				<total>31</total>
				<timestamp>7032.580935</timestamp>
			</report>
			<report>
				<misses>19027001</misses>
				<total>31</total>
				<timestamp>7032.950557</timestamp>
			</report>
			<report>
				<misses>19028001</misses>
				<total>31</total>
				<timestamp>7033.320189</timestamp>
			</report>
			<report>
				<misses>19029001</misses>
				<total>31</total>
				<timestamp>7033.689881</timestamp>
			</report>
			<report>
				<misses>19030001</misses>
				<total>31</total>
				<timestamp>7034.059535</timestamp>
			</report>
			<report>
				<misses>19031001</misses>
				<total>31</total>
				<timestamp>7034.429100</timestamp>
			</report>
			<report>
				<misses>19032001</misses>
				<total>31</total>
				<timestamp>7034.798709</timestamp>
			</report>
			<report>
				<misses>19033001</misses>
				<total>31</total>
				<timestamp>7035.168363</timestamp>
			</report>
			<report>
				<misses>19034001</misses>
				<total>31</total>
				<timestamp>7035.538012</timestamp>
			</report>
			<report>
				<misses>19035001</misses>
				<total>30</total>
				<timestamp>7035.907648</timestamp>
			</report>
			<report>
				<misses>19036001</misses>
				<total>31</total>
				<timestamp>7036.277221</timestamp>
			</report>
			<report>
				<misses>19037001</misses>
				<total>31</total>
				<timestamp>7036.646899</timestamp>
			</report>
			<report>
				<misses>19038001</misses>
				<total>31</total>
				<timestamp>7037.016571</timestamp>
			</report>
			<report>
				<misses>19039001</misses>
				<total>31</total>
				<timestamp>7037.386167</timestamp>
			</report>
			<report>
				<misses>19040001</misses>
				<total>31</total>
				<timestamp>7037.755759</timestamp>
			</report>
			<report>
				<misses>19041001</misses>
				<total>31</total>
				<timestamp>7038.125366</timestamp>
			</report>
			<report>
				<misses>19042001</misses>
				<total>31</total>
				<timestamp>7038.495002</timestamp>
			</report>
			<report>
				<misses>19043001</misses>
				<total>31</total>
				<timestamp>7038.864650</timestamp>
			</report>
			<report>
				<misses>19044001</misses>
				<total>30</total>
				<timestamp>7039.234340</timestamp>
			</report>
			<report>
				<misses>19045001</misses>
				<total>31</total>
				<timestamp>7039.603874</timestamp>
			</report>
			<report>
				<misses>19046001</misses>
				<total>31</total>
				<timestamp>7039.973522</timestamp>
			</report>
			<report>
				<misses>19047001</misses>
				<total>31</total>
				<timestamp>7040.343199</timestamp>
			</report>
			<report>
				<misses>19048001</misses>
				<total>31</total>
				<timestamp>7040.712778</timestamp>
			</report>
			<report>
				<misses>19049001</misses>
				<total>31</total>
				<timestamp>7041.082504</timestamp>
			</report>
			<report>
				<misses>19050001</misses>
				<total>31</total>
				<timestamp>7041.452099</timestamp>
			</report>
			<report>
				<misses>19051001</misses>
				<total>30</total>
				<timestamp>7041.821771</timestamp>
			</report>
			<report>
				<misses>19052001</misses>
				<total>31</total>
				<timestamp>7042.191319</timestamp>
			</report>
			<report>
				<misses>19053001</misses>
				<total>31</total>
				<timestamp>7042.560975</timestamp>
			</report>
			<report>
				<misses>19054001</misses>
				<total>31</total>
				<timestamp>7042.930627</timestamp>
			</report>
			<report>
				<misses>19055001</misses>
				<total>31</total>
				<timestamp>7043.300175</timestamp>
			</report>
			<report>
				<misses>19056001</misses>
				<total>30</total>
				<timestamp>7043.669899</timestamp>
			</report>
			<report>
				<misses>19057001</misses>
				<total>31</total>
				<timestamp>7044.039520</timestamp>
			</report>
			<report>
				<misses>19058001</misses>
				<total>31</total>
				<timestamp>7044.409081</timestamp>
			</report>
			<report>
				<misses>19059001</misses>
				<total>31</total>
				<timestamp>7044.778741</timestamp>
			</report>
			<report>
				<misses>19060001</misses>
				<total>31</total>
				<timestamp>7045.148451</timestamp>
			</report>
			<report>
				<misses>19061001</misses>
				<total>31</total>
				<timestamp>7045.517959</timestamp>
			</report>
			<report>
				<misses>19062001</misses>
				<total>31</total>
				<timestamp>7045.887597</timestamp>
			</report>
			<report>
				<misses>19063001</misses>
				<total>31</total>
				<timestamp>7046.257223</timestamp>
			</report>
			<report>
				<misses>19064001</misses>
				<total>31</total>
				<timestamp>7046.626883</timestamp>
			</report>
			<report>
				<misses>19065001</misses>
				<total>31</total>
				<timestamp>7046.996518</timestamp>
			</report>
			<report>
				<misses>19066001</misses>
				<total>31</total>
				<timestamp>7047.366131</timestamp>
			</report>
			<report>
				<misses>19067001</misses>
				<total>31</total>
				<timestamp>7047.735811</timestamp>
			</report>
			<report>
				<misses>19068001</misses>
				<total>31</total>
				<timestamp>7048.105464</timestamp>
			</report>
			<report>
				<misses>19069001</misses>
				<total>31</total>
				<timestamp>7048.475013</timestamp>
			</report>
			<report>
				<misses>19070001</misses>
				<total>31</total>
				<timestamp>7048.844714</timestamp>
			</report>
			<report>
				<misses>19071001</misses>
				<total>31</total>
				<timestamp>7049.214329</timestamp>
			</report>
			<report>
				<misses>19072001</misses>
				<total>30</total>
				<timestamp>7049.584031</timestamp>
			</report>
			<report>
				<misses>19073001</misses>
				<total>31</total>
				<timestamp>7049.953576</timestamp>
			</report>
			<report>
				<misses>19074001</misses>
				<total>31</total>
				<timestamp>7050.323218</timestamp>
			</report>
			<report>
				<misses>19075001</misses>
				<total>31</total>
				<timestamp>7050.692875</timestamp>
			</report>
			<report>
				<misses>19076001</misses>
				<total>31</total>
				<timestamp>7051.062462</timestamp>
			</report>
			<report>
				<misses>19077001</misses>
				<total>31</total>
				<timestamp>7051.432069</timestamp>
			</report>
			<report>
				<misses>19078001</misses>
				<total>31</total>
				<timestamp>7051.801754</timestamp>
			</report>
			<report>
				<misses>19079001</misses>
				<total>31</total>
				<timestamp>7052.171415</timestamp>
			</report>
			<report>
				<misses>19080001</misses>
				<total>31</total>
				<timestamp>7052.540933</timestamp>
			</report>
			<report>
				<misses>19081001</misses>
				<total>31</total>
				<timestamp>7052.910565</timestamp>
			</report>
			<report>
				<misses>19082001</misses>
				<total>31</total>
				<timestamp>7053.280242</timestamp>
			</report>
			<report>
				<misses>19083001</misses>
				<total>30</total>
				<timestamp>7053.649921</timestamp>
			</report>
			<report>
				<misses>19084001</misses>
				<total>31</total>
				<timestamp>7054.019541</timestamp>
			</report>
			<report>
				<misses>19085001</misses>
				<total>31</total>
				<timestamp>7054.389092</timestamp>
			</report>
			<report>
				<misses>19086001</misses>
				<total>31</total>
				<timestamp>7054.758742</timestamp>
			</report>
			<report>
				<misses>19087001</misses>
				<total>31</total>
				<timestamp>7055.128378</timestamp>
			</report>
			<report>
				<misses>19088001</misses>
				<total>31</total>
				<timestamp>7055.498039</timestamp>
			</report>
			<report>
				<misses>19089001</misses>
				<total>31</total>
				<timestamp>7055.867646</timestamp>
			</report>
			<report>
				<misses>19090001</misses>
				<total>31</total>
				<timestamp>7056.237289</timestamp>
			</report>
			<report>
				<misses>19091001</misses>
				<total>31</total>
				<timestamp>7056.606863</timestamp>
			</report>
			<report>
				<misses>19092001</misses>
				<total>31</total>
				<timestamp>7056.976520</timestamp>
			</report>
			<report>
				<misses>19093001</misses>
				<total>31</total>
				<timestamp>7057.346200</timestamp>
			</report>
			<report>
				<misses>19094001</misses>
				<total>31</total>
				<timestamp>7057.715818</timestamp>
			</report>
			<report>
				<misses>19095001</misses>
				<total>31</total>
				<timestamp>7058.085425</timestamp>
			</report>
			<report>
				<misses>19096001</misses>
				<total>31</total>
				<timestamp>7058.455061</timestamp>
			</report>
			<report>
				<misses>19097001</misses>
				<total>31</total>
				<timestamp>7058.824649</timestamp>
			</report>
			<report>
				<misses>19098001</misses>
				<total>31</total>
				<timestamp>7059.194386</timestamp>
			</report>
			<report>
				<misses>19099001</misses>
				<total>31</total>
				<timestamp>7059.563908</timestamp>
			</report>
			<report>
				<misses>19100001</misses>
				<total>31</total>
				<timestamp>7059.933570</timestamp>
			</report>
			<report>
				<misses>19101001</misses>
				<total>31</total>
				<timestamp>7060.303158</timestamp>
			</report>
			<report>
				<misses>19102001</misses>
				<total>31</total>
				<timestamp>7060.672821</timestamp>
			</report>
			<report>
				<misses>19103001</misses>
				<total>30</total>
				<timestamp>7061.042553</timestamp>
			</report>
			<report>
				<misses>19104001</misses>
				<total>30</total>
				<timestamp>7061.412154</timestamp>
			</report>
			<report>
				<misses>19105001</misses>
				<total>31</total>
				<timestamp>7061.781763</timestamp>
			</report>
			<report>
				<misses>19106001</misses>
				<total>31</total>
				<timestamp>7062.151352</timestamp>
			</report>
			<report>
				<misses>19107001</misses>
				<total>31</total>
				<timestamp>7062.520968</timestamp>
			</report>
			<report>
				<misses>19108001</misses>
				<total>31</total>
				<timestamp>7062.890613</timestamp>
			</report>
			<report>
				<misses>19109001</misses>
				<total>31</total>
				<timestamp>7063.260304</timestamp>
			</report>
			<report>
				<misses>19110001</misses>
				<total>31</total>
				<timestamp>7063.629831</timestamp>
			</report>
			<report>
				<misses>19111001</misses>
				<total>31</total>
				<timestamp>7063.999510</timestamp>
			</report>
			<report>
				<misses>19112001</misses>
				<total>31</total>
				<timestamp>7064.369151</timestamp>
			</report>
			<report>
				<misses>19113001</misses>
				<total>31</total>
				<timestamp>7064.738811</timestamp>
			</report>
			<report>
				<misses>19114001</misses>
				<total>31</total>
				<timestamp>7065.108389</timestamp>
			</report>
			<report>
				<misses>19115001</misses>
				<total>31</total>
				<timestamp>7065.478029</timestamp>
			</report>
			<report>
				<misses>19116001</misses>
				<total>31</total>
				<timestamp>7065.847652</timestamp>
			</report>
			<report>
				<misses>19117001</misses>
				<total>31</total>
				<timestamp>7066.217245</timestamp>
			</report>
			<report>
				<misses>19118001</misses>
				<total>30</total>
				<timestamp>7066.586993</timestamp>
			</report>
			<report>
				<misses>19119001</misses>
				<total>31</total>
				<timestamp>7066.956490</timestamp>
			</report>
			<report>
				<misses>19120001</misses>
				<total>31</total>
				<timestamp>7067.326143</timestamp>
			</report>
			<report>
				<misses>19121001</misses>
				<total>31</total>
				<timestamp>7067.695822</timestamp>
			</report>
			<report>
				<misses>19122001</misses>
				<total>31</total>
				<timestamp>7068.065425</timestamp>
			</report>
			<report>
				<misses>19123001</misses>
				<total>31</total>
				<timestamp>7068.435043</timestamp>
			</report>
			<report>
				<misses>19124001</misses>
				<total>31</total>
				<timestamp>7068.804649</timestamp>
			</report>
			<report>
				<misses>19125001</misses>
				<total>31</total>
				<timestamp>7069.174337</timestamp>
			</report>
			<report>
				<misses>19126001</misses>
				<total>31</total>
				<timestamp>7069.543966</timestamp>
			</report>
			<report>
				<misses>19127001</misses>
				<total>31</total>
				<timestamp>7069.913603</timestamp>
			</report>
			<report>
				<misses>19128001</misses>
				<total>31</total>
				<timestamp>7070.283187</timestamp>
			</report>
			<report>
				<misses>19129001</misses>
				<total>31</total>
				<timestamp>7070.652863</timestamp>
			</report>
			<report>
				<misses>19130001</misses>
				<total>31</total>
				<timestamp>7071.022480</timestamp>
			</report>
			<report>
				<misses>19131001</misses>
				<total>31</total>
				<timestamp>7071.392110</timestamp>
			</report>
			<report>
				<misses>19132001</misses>
				<total>31</total>
				<timestamp>7071.761718</timestamp>
			</report>
			<report>
				<misses>19133001</misses>
				<total>31</total>
				<timestamp>7072.131361</timestamp>
			</report>
			<report>
				<misses>19134001</misses>
				<total>31</total>
				<timestamp>7072.500963</timestamp>
			</report>
			<report>
				<misses>19135001</misses>
				<total>31</total>
				<timestamp>7072.870633</timestamp>
			</report>
			<report>
				<misses>19136001</misses>
				<total>31</total>
				<timestamp>7073.240298</timestamp>
			</report>
			<report>
				<misses>19137001</misses>
				<total>31</total>
				<timestamp>7073.609857</timestamp>
			</report>
			<report>
				<misses>19138001</misses>
				<total>31</total>
				<timestamp>7073.979551</timestamp>
			</report>
			<report>
				<misses>19139001</misses>
				<total>31</total>
				<timestamp>7074.349123</timestamp>
			</report>
			<report>
				<misses>19140001</misses>
				<total>31</total>
				<timestamp>7074.718731</timestamp>
			</report>
			<report>
				<misses>19141001</misses>
				<total>31</total>
				<timestamp>7075.088383</timestamp>
			</report>
			<report>
				<misses>19142001</misses>
				<total>31</total>
				<timestamp>7075.458076</timestamp>
			</report>
			<report>
				<misses>19143001</misses>
				<total>31</total>
				<timestamp>7075.827627</timestamp>
			</report>
			<report>
				<misses>19144001</misses>
				<total>31</total>
				<timestamp>7076.197296</timestamp>
			</report>
			<report>
				<misses>19145001</misses>
				<total>31</total>
				<timestamp>7076.566909</timestamp>
			</report>
			<report>
				<misses>19146001</misses>
				<total>31</total>
				<timestamp>7076.936571</timestamp>
			</report>
			<report>
				<misses>19147001</misses>
				<total>31</total>
				<timestamp>7077.306162</timestamp>
			</report>
			<report>
				<misses>19148001</misses>
				<total>31</total>
				<timestamp>7077.675823</timestamp>
			</report>
			<report>
				<misses>19149001</misses>
				<total>31</total>
				<timestamp>7078.045454</timestamp>
			</report>
			<report>
				<misses>19150001</misses>
				<total>31</total>
				<timestamp>7078.415046</timestamp>
			</report>
			<report>
				<misses>19151001</misses>
				<total>31</total>
				<timestamp>7078.784691</timestamp>
			</report>
			<report>
				<misses>19152001</misses>
				<total>31</total>
				<timestamp>7079.154367</timestamp>
			</report>
			<report>
				<misses>19153001</misses>
				<total>31</total>
				<timestamp>7079.523930</timestamp>
			</report>
			<report>
				<misses>19154001</misses>
				<total>31</total>
				<timestamp>7079.893596</timestamp>
			</report>
			<report>
				<misses>19155001</misses>
				<total>31</total>
				<timestamp>7080.263227</timestamp>
			</report>
			<report>
				<misses>19156001</misses>
				<total>31</total>
				<timestamp>7080.632820</timestamp>
			</report>
			<report>
				<misses>19157001</misses>
				<total>31</total>
				<timestamp>7081.002432</timestamp>
			</report>
			<report>
				<misses>19158001</misses>
				<total>31</total>
				<timestamp>7081.372199</timestamp>
			</report>
			<report>
				<misses>19159001</misses>
				<total>31</total>
				<timestamp>7081.741763</timestamp>
			</report>
			<report>
				<misses>19160001</misses>
				<total>31</total>
				<timestamp>7082.111353</timestamp>
			</report>
			<report>
				<misses>19161001</misses>
				<total>31</total>
				<timestamp>7082.481027</timestamp>
			</report>
			<report>
				<misses>19162001</misses>
				<total>31</total>
				<timestamp>7082.850653</timestamp>
			</report>
			<report>
				<misses>19163001</misses>
				<total>31</total>
				<timestamp>7083.220269</timestamp>
			</report>
			<report>
				<misses>19164001</misses>
				<total>31</total>
				<timestamp>7083.589861</timestamp>
			</report>
			<report>
				<misses>19165001</misses>
				<total>31</total>
				<timestamp>7083.959490</timestamp>
			</report>
			<report>
				<misses>19166001</misses>
				<total>31</total>
				<timestamp>7084.329195</timestamp>
			</report>
			<report>
				<misses>19167001</misses>
				<total>31</total>
				<timestamp>7084.698739</timestamp>
			</report>
			<report>
				<misses>19168001</misses>
				<total>31</total>
				<timestamp>7085.068377</timestamp>
			</report>
			<report>
				<misses>19169001</misses>
				<total>31</total>
				<timestamp>7085.438031</timestamp>
			</report>
			<report>
				<misses>19170001</misses>
				<total>31</total>
				<timestamp>7085.807665</timestamp>
			</report>
			<report>
				<misses>19171001</misses>
				<total>31</total>
				<timestamp>7086.177321</timestamp>
			</report>
			<report>
				<misses>19172001</misses>
				<total>31</total>
				<timestamp>7086.546895</timestamp>
			</report>
			<report>
				<misses>19173001</misses>
				<total>31</total>
				<timestamp>7086.916592</timestamp>
			</report>
			<report>
				<misses>19174001</misses>
				<total>31</total>
				<timestamp>7087.286200</timestamp>
			</report>
			<report>
				<misses>19175001</misses>
				<total>31</total>
				<timestamp>7087.655778</timestamp>
			</report>
			<report>
				<misses>19176001</misses>
				<total>31</total>
				<timestamp>7088.025442</timestamp>
			</report>
			<report>
				<misses>19177001</misses>
				<total>31</total>
				<timestamp>7088.395150</timestamp>
			</report>
			<report>
				<misses>19178001</misses>
				<total>31</total>
				<timestamp>7088.764718</timestamp>
			</report>
			<report>
				<misses>19179001</misses>
				<total>31</total>
				<timestamp>7089.134353</timestamp>
			</report>
			<report>
				<misses>19180001</misses>
				<total>31</total>
				<timestamp>7089.503946</timestamp>
			</report>
			<report>
				<misses>19181001</misses>
				<total>31</total>
				<timestamp>7089.873588</timestamp>
			</report>
			<report>
				<misses>19182001</misses>
				<total>31</total>
				<timestamp>7090.243199</timestamp>
			</report>
			<report>
				<misses>19183001</misses>
				<total>31</total>
				<timestamp>7090.612825</timestamp>
			</report>
			<report>
				<misses>19184001</misses>
				<total>30</total>
				<timestamp>7090.982617</timestamp>
			</report>
			<report>
				<misses>19185001</misses>
				<total>31</total>
				<timestamp>7091.352140</timestamp>
			</report>
			<report>
				<misses>19186001</misses>
				<total>31</total>
				<timestamp>7091.721762</timestamp>
			</report>
			<report>
				<misses>19187001</misses>
				<total>31</total>
				<timestamp>7092.091349</timestamp>
			</report>
			<report>
				<misses>19188001</misses>
				<total>30</total>
				<timestamp>7092.461096</timestamp>
			</report>
			<report>
				<misses>19189001</misses>
				<total>31</total>
				<timestamp>7092.830645</timestamp>
			</report>
			<report>
				<misses>19190001</misses>
				<total>31</total>
				<timestamp>7093.200279</timestamp>
			</report>
			<report>
				<misses>19191001</misses>
				<total>31</total>
				<timestamp>7093.569885</timestamp>
			</report>
			<report>
				<misses>19192001</misses>
				<total>31</total>
				<timestamp>7093.939523</timestamp>
			</report>
			<report>
				<misses>19193001</misses>
				<total>30</total>
				<timestamp>7094.309268</timestamp>
			</report>
			<report>
				<misses>19194001</misses>
				<total>31</total>
				<timestamp>7094.678754</timestamp>
			</report>
			<report>
				<misses>19195001</misses>
				<total>31</total>
				<timestamp>7095.048404</timestamp>
			</report>
			<report>
				<misses>19196001</misses>
				<total>31</total>
				<timestamp>7095.418110</timestamp>
			</report>
			<report>
				<misses>19197001</misses>
				<total>31</total>
				<timestamp>7095.787682</timestamp>
			</report>
			<report>
				<misses>19198001</misses>
				<total>31</total>
				<timestamp>7096.157309</timestamp>
			</report>
			<report>
				<misses>19199001</misses>
				<total>30</total>
				<timestamp>7096.526993</timestamp>
			</report>
			<report>
				<misses>19200001</misses>
				<total>31</total>
				<timestamp>7096.896541</timestamp>
			</report>
			<report>
				<misses>19201001</misses>
				<total>31</total>
				<timestamp>7097.266232</timestamp>
			</report>
			<report>
				<misses>19202001</misses>
				<total>31</total>
				<timestamp>7097.635872</timestamp>
			</report>
			<report>
				<misses>19203001</misses>
				<total>31</total>
				<timestamp>7098.005470</timestamp>
			</report>
			<report>
				<misses>19204001</misses>
				<total>31</total>
				<timestamp>7098.375158</timestamp>
			</report>
			<report>
				<misses>19205001</misses>
				<total>31</total>
				<timestamp>7098.744767</timestamp>
			</report>
			<report>
				<misses>19206001</misses>
				<total>31</total>
				<timestamp>7099.114371</timestamp>
			</report>
			<report>
				<misses>19207001</misses>
				<total>31</total>
				<timestamp>7099.484038</timestamp>
			</report>
			<report>
				<misses>19208001</misses>
				<total>31</total>
				<timestamp>7099.853608</timestamp>
			</report>
			<report>
				<misses>19209001</misses>
				<total>31</total>
				<timestamp>7100.223252</timestamp>
			</report>
			<report>
				<misses>19210001</misses>
				<total>31</total>
				<timestamp>7100.592907</timestamp>
			</report>
			<report>
				<misses>19211001</misses>
				<total>30</total>
				<timestamp>7100.962566</timestamp>
			</report>
			<report>
				<misses>19212001</misses>
				<total>31</total>
				<timestamp>7101.332118</timestamp>
			</report>
			<report>
				<misses>19213001</misses>
				<total>31</total>
				<timestamp>7101.701724</timestamp>
			</report>
			<report>
				<misses>19214001</misses>
				<total>31</total>
				<timestamp>7102.071343</timestamp>
			</report>
			<report>
				<misses>19215001</misses>
				<total>31</total>
				<timestamp>7102.441069</timestamp>
			</report>
			<report>
				<misses>19216001</misses>
				<total>31</total>
				<timestamp>7102.810644</timestamp>
			</report>
			<report>
				<misses>19217001</misses>
				<total>31</total>
				<timestamp>7103.180254</timestamp>
			</report>
			<report>
				<misses>19218001</misses>
				<total>31</total>
				<timestamp>7103.549904</timestamp>
			</report>
			<report>
				<misses>19219001</misses>
				<total>31</total>
				<timestamp>7103.919533</timestamp>
			</report>
			<report>
				<misses>19220001</misses>
				<total>31</total>
				<timestamp>7104.289231</timestamp>
			</report>
			<report>
				<misses>19221001</misses>
				<total>31</total>
				<timestamp>7104.658767</timestamp>
			</report>
			<report>
				<misses>19222001</misses>
				<total>31</total>
				<timestamp>7105.028438</timestamp>
			</report>
			<report>
				<misses>19223001</misses>
				<total>31</total>
				<timestamp>7105.398102</timestamp>
			</report>
			<report>
				<misses>19224001</misses>
				<total>31</total>
				<timestamp>7105.767658</timestamp>
			</report>
			<report>
				<misses>19225001</misses>
				<total>31</total>
				<timestamp>7106.137323</timestamp>
			</report>
			<report>
				<misses>19226001</misses>
				<total>31</total>
				<timestamp>7106.506925</timestamp>
			</report>
			<report>
				<misses>19227001</misses>
				<total>31</total>
				<timestamp>7106.876629</timestamp>
			</report>
			<report>
				<misses>19228001</misses>
				<total>31</total>
				<timestamp>7107.246251</timestamp>
			</report>
			<report>
				<misses>19229001</misses>
				<total>31</total>
				<timestamp>7107.615809</timestamp>
			</report>
			<report>
				<misses>19230001</misses>
				<total>31</total>
				<timestamp>7107.985440</timestamp>
			</report>
			<report>
				<misses>19231001</misses>
				<total>31</total>
				<timestamp>7108.355116</timestamp>
			</report>
			<report>
				<misses>19232001</misses>
				<total>31</total>
				<timestamp>7108.724761</timestamp>
			</report>
			<report>
				<misses>19233001</misses>
				<total>31</total>
				<timestamp>7109.094360</timestamp>
			</report>
			<report>
				<misses>19234001</misses>
				<total>31</total>
				<timestamp>7109.463996</timestamp>
			</report>
			<report>
				<misses>19235001</misses>
				<total>31</total>
				<timestamp>7109.833618</timestamp>
			</report>
			<report>
				<misses>19236001</misses>
				<total>31</total>
				<timestamp>7110.203264</timestamp>
			</report>
			<report>
				<misses>19237001</misses>
				<total>31</total>
				<timestamp>7110.572844</timestamp>
			</report>
			<report>
				<misses>19238001</misses>
				<total>31</total>
				<timestamp>7110.942509</timestamp>
			</report>
			<report>
				<misses>19239001</misses>
				<total>31</total>
				<timestamp>7111.312127</timestamp>
			</report>
			<report>
				<misses>19240001</misses>
				<total>31</total>
				<timestamp>7111.681757</timestamp>
			</report>
			<report>
				<misses>19241001</misses>
				<total>31</total>
				<timestamp>7112.051447</timestamp>
			</report>
			<report>
				<misses>19242001</misses>
				<total>31</total>
				<timestamp>7112.421045</timestamp>
			</report>
			<report>
				<misses>19243001</misses>
				<total>31</total>
				<timestamp>7112.790652</timestamp>
			</report>
			<report>
				<misses>19244001</misses>
				<total>31</total>
				<timestamp>7113.160259</timestamp>
			</report>
			<report>
				<misses>19245001</misses>
				<total>31</total>
				<timestamp>7113.529990</timestamp>
			</report>
			<report>
				<misses>19246001</misses>
				<total>31</total>
				<timestamp>7113.899541</timestamp>
			</report>
			<report>
				<misses>19247001</misses>
				<total>31</total>
				<timestamp>7114.269151</timestamp>
			</report>
			<report>
				<misses>19248001</misses>
				<total>30</total>
				<timestamp>7114.638873</timestamp>
			</report>
			<report>
				<misses>19249001</misses>
				<total>31</total>
				<timestamp>7115.008405</timestamp>
			</report>
			<report>
				<misses>19250001</misses>
				<total>30</total>
				<timestamp>7115.378156</timestamp>
			</report>
			<report>
				<misses>19251001</misses>
				<total>31</total>
				<timestamp>7115.747676</timestamp>
			</report>
			<report>
				<misses>19252001</misses>
				<total>31</total>
				<timestamp>7116.117294</timestamp>
			</report>
			<report>
				<misses>19253001</misses>
				<total>31</total>
				<timestamp>7116.486941</timestamp>
			</report>
			<report>
				<misses>19254001</misses>
				<total>31</total>
				<timestamp>7116.856605</timestamp>
			</report>
			<report>
				<misses>19255001</misses>
				<total>31</total>
				<timestamp>7117.226200</timestamp>
			</report>
			<report>
				<misses>19256001</misses>
				<total>31</total>
				<timestamp>7117.595831</timestamp>
			</report>
			<report>
				<misses>19257001</misses>
				<total>31</total>
				<timestamp>7117.965468</timestamp>
			</report>
			<report>
				<misses>19258001</misses>
				<total>31</total>
				<timestamp>7118.335116</timestamp>
			</report>
			<report>
				<misses>19259001</misses>
				<total>31</total>
				<timestamp>7118.704740</timestamp>
			</report>
			<report>
				<misses>19260001</misses>
				<total>31</total>
				<timestamp>7119.074328</timestamp>
			</report>
			<report>
				<misses>19261001</misses>
				<total>31</total>
				<timestamp>7119.444004</timestamp>
			</report>
			<report>
				<misses>19262001</misses>
				<total>30</total>
				<timestamp>7119.813702</timestamp>
			</report>
			<report>
				<misses>19263001</misses>
				<total>31</total>
				<timestamp>7120.183212</timestamp>
			</report>
			<report>
				<misses>19264001</misses>
				<total>30</total>
				<timestamp>7120.552982</timestamp>
			</report>
			<report>
				<misses>19265001</misses>
				<total>31</total>
				<timestamp>7120.922490</timestamp>
			</report>
			<report>
				<misses>19266001</misses>
				<total>31</total>
				<timestamp>7121.292176</timestamp>
			</report>
			<report>
				<misses>19267001</misses>
				<total>31</total>
				<timestamp>7121.661781</timestamp>
			</report>
			<report>
				<misses>19268001</misses>
				<total>31</total>
				<timestamp>7122.031389</timestamp>
			</report>
			<report>
				<misses>19269001</misses>
				<total>30</total>
				<timestamp>7122.401117</timestamp>
			</report>
			<report>
				<misses>19270001</misses>
				<total>31</total>
				<timestamp>7122.770664</timestamp>
			</report>
			<report>
				<misses>19271001</misses>
				<total>31</total>
				<timestamp>7123.140264</timestamp>
			</report>
			<report>
				<misses>19272001</misses>
				<total>31</total>
				<timestamp>7123.509978</timestamp>
			</report>
			<report>
				<misses>19273001</misses>
				<total>31</total>
				<timestamp>7123.879523</timestamp>
			</report>
			<report>
				<misses>19274001</misses>
				<total>31</total>
				<timestamp>7124.249214</timestamp>
			</report>
			<report>
				<misses>19275001</misses>
				<total>31</total>
				<timestamp>7124.618838</timestamp>
			</report>
			<report>
				<misses>19276001</misses>
				<total>30</total>
				<timestamp>7124.988512</timestamp>
			</report>
			<report>
				<misses>19277001</misses>
				<total>31</total>
				<timestamp>7125.358084</timestamp>
			</report>
			<report>
				<misses>19278001</misses>
				<total>31</total>
				<timestamp>7125.727758</timestamp>
			</report>
			<report>
				<misses>19279001</misses>
				<total>31</total>
				<timestamp>7126.097343</timestamp>
			</report>
			<report>
				<misses>19280001</misses>
				<total>31</total>
				<timestamp>7126.466981</timestamp>
			</report>
			<report>
				<misses>19281001</misses>
				<total>31</total>
				<timestamp>7126.836591</timestamp>
			</report>
			<report>
				<misses>19282001</misses>
				<total>31</total>
				<timestamp>7127.206216</timestamp>
			</report>
			<report>
				<misses>19283001</misses>
				<total>31</total>
				<timestamp>7127.575841</timestamp>
			</report>
			<report>
				<misses>19284001</misses>
				<total>31</total>
				<timestamp>7127.945467</timestamp>
			</report>
			<report>
				<misses>19285001</misses>
				<total>31</total>
				<timestamp>7128.315102</timestamp>
			</report>
			<report>
				<misses>19286001</misses>
				<total>30</total>
				<timestamp>7128.684857</timestamp>
			</report>
			<report>
				<misses>19287001</misses>
				<total>31</total>
				<timestamp>7129.054423</timestamp>
			</report>
			<report>
				<misses>19288001</misses>
				<total>31</total>
				<timestamp>7129.424014</timestamp>
			</report>
			<report>
				<misses>19289001</misses>
				<total>31</total>
				<timestamp>7129.793608</timestamp>
			</report>
			<report>
				<misses>19290001</misses>
				<total>31</total>
				<timestamp>7130.163252</timestamp>
			</report>
			<report>
				<misses>19291001</misses>
				<total>31</total>
				<timestamp>7130.532941</timestamp>
			</report>
			<report>
				<misses>19292001</misses>
				<total>31</total>
				<timestamp>7130.902538</timestamp>
			</report>
			<report>
				<misses>19293001</misses>
				<total>31</total>
				<timestamp>7131.272182</timestamp>
			</report>
			<report>
				<misses>19294001</misses>
				<total>31</total>
				<timestamp>7131.641778</timestamp>
			</report>
			<report>
				<misses>19295001</misses>
				<total>31</total>
				<timestamp>7132.011410</timestamp>
			</report>
			<report>
				<misses>19296001</misses>
				<total>31</total>
				<timestamp>7132.381074</timestamp>
			</report>
			<report>
				<misses>19297001</misses>
				<total>31</total>
				<timestamp>7132.750672</timestamp>
			</report>
			<report>
				<misses>19298001</misses>
				<total>31</total>
				<timestamp>7133.120401</timestamp>
			</report>
			<report>
				<misses>19299001</misses>
				<total>31</total>
				<timestamp>7133.489906</timestamp>
			</report>
			<report>
				<misses>19300001</misses>
				<total>31</total>
				<timestamp>7133.859532</timestamp>
			</report>
			<report>
				<misses>19301001</misses>
				<total>31</total>
				<timestamp>7134.229167</timestamp>
			</report>
			<report>
				<misses>19302001</misses>
				<total>31</total>
				<timestamp>7134.598808</timestamp>
			</report>
			<report>
				<misses>19303001</misses>
				<total>31</total>
				<timestamp>7134.968492</timestamp>
			</report>
			<report>
				<misses>19304001</misses>
				<total>31</total>
				<timestamp>7135.338066</timestamp>
			</report>
			<report>
				<misses>19305001</misses>
				<total>31</total>
				<timestamp>7135.707685</timestamp>
			</report>
			<report>
				<misses>19306001</misses>
				<total>31</total>
				<timestamp>7136.077321</timestamp>
			</report>
			<report>
				<misses>19307001</misses>
				<total>31</total>
				<timestamp>7136.446992</timestamp>
			</report>
			<report>
				<misses>19308001</misses>
				<total>31</total>
				<timestamp>7136.816588</timestamp>
			</report>
			<report>
				<misses>19309001</misses>
				<total>31</total>
				<timestamp>7137.186211</timestamp>
			</report>
			<report>
				<misses>19310001</misses>
				<total>31</total>
				<timestamp>7137.555884</timestamp>
			</report>
			<report>
				<misses>19311001</misses>
				<total>31</total>
				<timestamp>7137.925533</timestamp>
			</report>
			<report>
				<misses>19312001</misses>
				<total>30</total>
				<timestamp>7138.295211</timestamp>
			</report>
			<report>
				<misses>19313001</misses>
				<total>31</total>
				<timestamp>7138.664724</timestamp>
			</report>
			<report>
				<misses>19314001</misses>
				<total>31</total>
				<timestamp>7139.034386</timestamp>
			</report>
			<report>
				<misses>19315001</misses>
				<total>31</total>
				<timestamp>7139.404046</timestamp>
			</report>
			<report>
				<misses>19316001</misses>
				<total>31</total>
				<timestamp>7139.773616</timestamp>
			</report>
			<report>
				<misses>19317001</misses>
				<total>31</total>
				<timestamp>7140.143272</timestamp>
			</report>
			<report>
				<misses>19318001</misses>
				<total>31</total>
				<timestamp>7140.512916</timestamp>
			</report>
			<report>
				<misses>19319001</misses>
				<total>30</total>
				<timestamp>7140.882594</timestamp>
			</report>
			<report>
				<misses>19320001</misses>
				<total>31</total>
				<timestamp>7141.252138</timestamp>
			</report>
			<report>
				<misses>19321001</misses>
				<total>31</total>
				<timestamp>7141.621836</timestamp>
			</report>
			<report>
				<misses>19322001</misses>
				<total>31</total>
				<timestamp>7141.991453</timestamp>
			</report>
			<report>
				<misses>19323001</misses>
				<total>31</total>
				<timestamp>7142.361034</timestamp>
			</report>
			<report>
				<misses>19324001</misses>
				<total>31</total>
				<timestamp>7142.730653</timestamp>
			</report>
			<report>
				<misses>19325001</misses>
				<total>31</total>
				<timestamp>7143.100376</timestamp>
			</report>
			<report>
				<misses>19326001</misses>
				<total>31</total>
				<timestamp>7143.469979</timestamp>
			</report>
			<report>
				<misses>19327001</misses>
				<total>31</total>
				<timestamp>7143.839628</timestamp>
			</report>
			<report>
				<misses>19328001</misses>
				<total>31</total>
				<timestamp>7144.209274</timestamp>
			</report>
			<report>
				<misses>19329001</misses>
				<total>31</total>
				<timestamp>7144.578871</timestamp>
			</report>
			<report>
				<misses>19330001</misses>
				<total>31</total>
				<timestamp>7144.948493</timestamp>
			</report>
			<report>
				<misses>19331001</misses>
				<total>31</total>
				<timestamp>7145.318053</timestamp>
			</report>
			<report>
				<misses>19332001</misses>
				<total>31</total>
				<timestamp>7145.687767</timestamp>
			</report>
			<report>
				<misses>19333001</misses>
				<total>31</total>
				<timestamp>7146.057338</timestamp>
			</report>
			<report>
				<misses>19334001</misses>
				<total>31</total>
				<timestamp>7146.426968</timestamp>
			</report>
			<report>
				<misses>19335001</misses>
				<total>31</total>
				<timestamp>7146.796660</timestamp>
			</report>
			<report>
				<misses>19336001</misses>
				<total>31</total>
				<timestamp>7147.166267</timestamp>
			</report>
			<report>
				<misses>19337001</misses>
				<total>31</total>
				<timestamp>7147.535877</timestamp>
			</report>
			<report>
				<misses>19338001</misses>
				<total>31</total>
				<timestamp>7147.905504</timestamp>
			</report>
			<report>
				<misses>19339001</misses>
				<total>31</total>
				<timestamp>7148.275128</timestamp>
			</report>
			<report>
				<misses>19340001</misses>
				<total>31</total>
				<timestamp>7148.644825</timestamp>
			</report>
			<report>
				<misses>19341001</misses>
				<total>31</total>
				<timestamp>7149.014403</timestamp>
			</report>
			<report>
				<misses>19342001</misses>
				<total>31</total>
				<timestamp>7149.384013</timestamp>
			</report>
			<report>
				<misses>19343001</misses>
				<total>31</total>
				<timestamp>7149.753672</timestamp>
			</report>
			<report>
				<misses>19344001</misses>
				<total>31</total>
				<timestamp>7150.123309</timestamp>
			</report>
			<report>
				<misses>19345001</misses>
				<total>31</total>
				<timestamp>7150.492921</timestamp>
			</report>
			<report>
				<misses>19346001</misses>
				<total>31</total>
				<timestamp>7150.862562</timestamp>
			</report>
			<report>
				<misses>19347001</misses>
				<total>31</total>
				<timestamp>7151.232171</timestamp>
			</report>
			<report>
				<misses>19348001</misses>
				<total>31</total>
				<timestamp>7151.601837</timestamp>
			</report>
			<report>
				<misses>19349001</misses>
				<total>31</total>
				<timestamp>7151.971413</timestamp>
			</report>
			<report>
				<misses>19350001</misses>
				<total>31</total>
				<timestamp>7152.341041</timestamp>
			</report>
			<report>
				<misses>19351001</misses>
				<total>31</total>
				<timestamp>7152.710667</timestamp>
			</report>
			<report>
				<misses>19352001</misses>
				<total>31</total>
				<timestamp>7153.080325</timestamp>
			</report>
			<report>
				<misses>19353001</misses>
				<total>31</total>
				<timestamp>7153.449963</timestamp>
			</report>
			<report>
				<misses>19354001</misses>
				<total>31</total>
				<timestamp>7153.819552</timestamp>
			</report>
			<report>
				<misses>19355001</misses>
				<total>31</total>
				<timestamp>7154.189195</timestamp>
			</report>
			<report>
				<misses>19356001</misses>
				<total>31</total>
				<timestamp>7154.558851</timestamp>
			</report>
			<report>
				<misses>19357001</misses>
				<total>31</total>
				<timestamp>7154.928492</timestamp>
			</report>
			<report>
				<misses>19358001</misses>
				<total>31</total>
				<timestamp>7155.298076</timestamp>
			</report>
			<report>
				<misses>19359001</misses>
				<total>31</total>
				<timestamp>7155.667729</timestamp>
			</report>
			<report>
				<misses>19360001</misses>
				<total>31</total>
				<timestamp>7156.037341</timestamp>
			</report>
			<report>
				<misses>19361001</misses>
				<total>31</total>
				<timestamp>7156.407006</timestamp>
			</report>
			<report>
				<misses>19362001</misses>
				<total>31</total>
				<timestamp>7156.776697</timestamp>
			</report>
			<report>
				<misses>19363001</misses>
				<total>31</total>
				<timestamp>7157.146235</timestamp>
			</report>
			<report>
				<misses>19364001</misses>
				<total>31</total>
				<timestamp>7157.515923</timestamp>
			</report>
			<report>
				<misses>19365001</misses>
				<total>31</total>
				<timestamp>7157.885486</timestamp>
			</report>
			<report>
				<misses>19366001</misses>
				<total>31</total>
				<timestamp>7158.255179</timestamp>
			</report>
			<report>
				<misses>19367001</misses>
				<total>31</total>
				<timestamp>7158.624789</timestamp>
			</report>
			<report>
				<misses>19368001</misses>
				<total>31</total>
				<timestamp>7158.994377</timestamp>
			</report>
			<report>
				<misses>19369001</misses>
				<total>31</total>
				<timestamp>7159.364062</timestamp>
			</report>
			<report>
				<misses>19370001</misses>
				<total>31</total>
				<timestamp>7159.733706</timestamp>
			</report>
			<report>
				<misses>19371001</misses>
				<total>31</total>
				<timestamp>7160.103264</timestamp>
			</report>
			<report>
				<misses>19372001</misses>
				<total>31</total>
				<timestamp>7160.472900</timestamp>
			</report>
			<report>
				<misses>19373001</misses>
				<total>31</total>
				<timestamp>7160.842577</timestamp>
			</report>
			<report>
				<misses>19374001</misses>
				<total>31</total>
				<timestamp>7161.212161</timestamp>
			</report>
			<report>
				<misses>19375001</misses>
				<total>31</total>
				<timestamp>7161.581835</timestamp>
			</report>
			<report>
				<misses>19376001</misses>
				<total>31</total>
				<timestamp>7161.951455</timestamp>
			</report>
			<report>
				<misses>19377001</misses>
				<total>31</total>
				<timestamp>7162.321077</timestamp>
			</report>
			<report>
				<misses>19378001</misses>
				<total>31</total>
				<timestamp>7162.690738</timestamp>
			</report>
			<report>
				<misses>19379001</misses>
				<total>31</total>
				<timestamp>7163.060311</timestamp>
			</report>
			<report>
				<misses>19380001</misses>
				<total>31</total>
				<timestamp>7163.430013</timestamp>
			</report>
			<report>
				<misses>19381001</misses>
				<total>31</total>
				<timestamp>7163.799682</timestamp>
			</report>
			<report>
				<misses>19382001</misses>
				<total>31</total>
				<timestamp>7164.169248</timestamp>
			</report>
			<report>
				<misses>19383001</misses>
				<total>31</total>
				<timestamp>7164.538895</timestamp>
			</report>
			<report>
				<misses>19384001</misses>
				<total>31</total>
				<timestamp>7164.908454</timestamp>
			</report>
			<report>
				<misses>19385001</misses>
				<total>31</total>
				<timestamp>7165.278086</timestamp>
			</report>
			<report>
				<misses>19386001</misses>
				<total>31</total>
				<timestamp>7165.647742</timestamp>
			</report>
			<report>
				<misses>19387001</misses>
				<total>31</total>
				<timestamp>7166.017394</timestamp>
			</report>
			<report>
				<misses>19388001</misses>
				<total>31</total>
				<timestamp>7166.386992</timestamp>
			</report>
			<report>
				<misses>19389001</misses>
				<total>30</total>
				<timestamp>7166.756715</timestamp>
			</report>
			<report>
				<misses>19390001</misses>
				<total>31</total>
				<timestamp>7167.126303</timestamp>
			</report>
			<report>
				<misses>19391001</misses>
				<total>31</total>
				<timestamp>7167.495892</timestamp>
			</report>
			<report>
				<misses>19392001</misses>
				<total>31</total>
				<timestamp>7167.865518</timestamp>
			</report>
			<report>
				<misses>19393001</misses>
				<total>31</total>
				<timestamp>7168.235162</timestamp>
			</report>
			<report>
				<misses>19394001</misses>
				<total>31</total>
				<timestamp>7168.604800</timestamp>
			</report>
			<report>
				<misses>19395001</misses>
				<total>31</total>
				<timestamp>7168.974402</timestamp>
			</report>
			<report>
				<misses>19396001</misses>
				<total>31</total>
				<timestamp>7169.344034</timestamp>
			</report>
			<report>
				<misses>19397001</misses>
				<total>30</total>
				<timestamp>7169.713774</timestamp>
			</report>
			<report>
				<misses>19398001</misses>
				<total>31</total>
				<timestamp>7170.083272</timestamp>
			</report>
			<report>
				<misses>19399001</misses>
				<total>31</total>
				<timestamp>7170.452939</timestamp>
			</report>
			<report>
				<misses>19400001</misses>
				<total>31</total>
				<timestamp>7170.822595</timestamp>
			</report>
			<report>
				<misses>19401001</misses>
				<total>31</total>
				<timestamp>7171.192174</timestamp>
			</report>
			<report>
				<misses>19402001</misses>
				<total>31</total>
				<timestamp>7171.561813</timestamp>
			</report>
			<report>
				<misses>19403001</misses>
				<total>31</total>
				<timestamp>7171.931479</timestamp>
			</report>
			<report>
				<misses>19404001</misses>
				<total>31</total>
				<timestamp>7172.301098</timestamp>
			</report>
			<report>
				<misses>19405001</misses>
				<total>31</total>
				<timestamp>7172.670714</timestamp>
			</report>
			<report>
				<misses>19406001</misses>
				<total>31</total>
				<timestamp>7173.040319</timestamp>
			</report>
			<report>
				<misses>19407001</misses>
				<total>31</total>
				<timestamp>7173.409933</timestamp>
			</report>
			<report>
				<misses>19408001</misses>
				<total>31</total>
				<timestamp>7173.779622</timestamp>
			</report>
			<report>
				<misses>19409001</misses>
				<total>30</total>
				<timestamp>7174.149319</timestamp>
			</report>
			<report>
				<misses>19410001</misses>
				<total>31</total>
				<timestamp>7174.518843</timestamp>
			</report>
			<report>
				<misses>19411001</misses>
				<total>31</total>
				<timestamp>7174.888564</timestamp>
			</report>
			<report>
				<misses>19412001</misses>
				<total>31</total>
				<timestamp>7175.258115</timestamp>
			</report>
			<report>
				<misses>19413001</misses>
				<total>31</total>
				<timestamp>7175.627774</timestamp>
			</report>
			<report>
				<misses>19414001</misses>
				<total>31</total>
				<timestamp>7175.997412</timestamp>
			</report>
			<report>
				<misses>19415001</misses>
				<total>31</total>
				<timestamp>7176.367018</timestamp>
			</report>
			<report>
				<misses>19416001</misses>
				<total>30</total>
				<timestamp>7176.736774</timestamp>
			</report>
			<report>
				<misses>19417001</misses>
				<total>31</total>
				<timestamp>7177.106319</timestamp>
			</report>
			<report>
				<misses>19418001</misses>
				<total>31</total>
				<timestamp>7177.475941</timestamp>
			</report>
			<report>
				<misses>19419001</misses>
				<total>31</total>
				<timestamp>7177.845522</timestamp>
			</report>
			<report>
				<misses>19420001</misses>
				<total>31</total>
				<timestamp>7178.215266</timestamp>
			</report>
			<report>
				<misses>19421001</misses>
				<total>31</total>
				<timestamp>7178.584821</timestamp>
			</report>
			<report>
				<misses>19422001</misses>
				<total>31</total>
				<timestamp>7178.954393</timestamp>
			</report>
			<report>
				<misses>19423001</misses>
				<total>31</total>
				<timestamp>7179.324069</timestamp>
			</report>
			<report>
				<misses>19424001</misses>
				<total>31</total>
				<timestamp>7179.693672</timestamp>
			</report>
			<report>
				<misses>19425001</misses>
				<total>31</total>
				<timestamp>7180.063336</timestamp>
			</report>
			<report>
				<misses>19426001</misses>
				<total>31</total>
				<timestamp>7180.432927</timestamp>
			</report>
			<report>
				<misses>19427001</misses>
				<total>31</total>
				<timestamp>7180.802547</timestamp>
			</report>
			<report>
				<misses>19428001</misses>
				<total>31</total>
				<timestamp>7181.172174</timestamp>
			</report>
			<report>
				<misses>19429001</misses>
				<total>31</total>
				<timestamp>7181.541849</timestamp>
			</report>
			<report>
				<misses>19430001</misses>
				<total>31</total>
				<timestamp>7181.911469</timestamp>
			</report>
			<report>
				<misses>19431001</misses>
				<total>31</total>
				<timestamp>7182.281072</timestamp>
			</report>
			<report>
				<misses>19432001</misses>
				<total>31</total>
				<timestamp>7182.650761</timestamp>
			</report>
			<report>
				<misses>19433001</misses>
				<total>31</total>
				<timestamp>7183.020324</timestamp>
			</report>
			<report>
				<misses>19434001</misses>
				<total>31</total>
				<timestamp>7183.389973</timestamp>
			</report>
			<report>
				<misses>19435001</misses>
				<total>31</total>
				<timestamp>7183.759672</timestamp>
			</report>
			<report>
				<misses>19436001</misses>
				<total>31</total>
				<timestamp>7184.129252</timestamp>
			</report>
			<report>
				<misses>19437001</misses>
				<total>31</total>
				<timestamp>7184.498853</timestamp>
			</report>
			<report>
				<misses>19438001</misses>
				<total>30</total>
				<timestamp>7184.868638</timestamp>
			</report>
			<report>
				<misses>19439001</misses>
				<total>31</total>
				<timestamp>7185.238115</timestamp>
			</report>
			<report>
				<misses>19440001</misses>
				<total>31</total>
				<timestamp>7185.607760</timestamp>
			</report>
			<report>
				<misses>19441001</misses>
				<total>32</total>
				<timestamp>7185.977369</timestamp>
			</report>
			<report>
				<misses>19442001</misses>
				<total>32</total>
				<timestamp>7186.347063</timestamp>
			</report>
			<report>
				<misses>19443001</misses>
				<total>32</total>
				<timestamp>7186.716666</timestamp>
			</report>
			<report>
				<misses>19444001</misses>
				<total>32</total>
				<timestamp>7187.086303</timestamp>
			</report>
			<report>
				<misses>19445001</misses>
				<total>32</total>
				<timestamp>7187.455882</timestamp>
			</report>
			<report>
				<misses>19446001</misses>
				<total>32</total>
				<timestamp>7187.825556</timestamp>
			</report>
			<report>
				<misses>19447001</misses>
				<total>33</total>
				<timestamp>7188.195167</timestamp>
			</report>
			<report>
				<misses>19448001</misses>
				<total>33</total>
				<timestamp>7188.564772</timestamp>
			</report>
			<report>
				<misses>19449001</misses>
				<total>33</total>
				<timestamp>7188.934410</timestamp>
			</report>
			<report>
				<misses>19450001</misses>
				<total>33</total>
				<timestamp>7189.304129</timestamp>
			</report>
			<report>
				<misses>19451001</misses>
				<total>33</total>
				<timestamp>7189.673718</timestamp>
			</report>
			<report>
				<misses>19452001</misses>
				<total>33</total>
				<timestamp>7190.043337</timestamp>
			</report>
			<report>
				<misses>19453001</misses>
				<total>33</total>
				<timestamp>7190.412949</timestamp>
			</report>
			<report>
				<misses>19454001</misses>
				<total>33</total>
				<timestamp>7190.782620</timestamp>
			</report>
			<report>
				<misses>19455001</misses>
				<total>32</total>
				<timestamp>7191.152294</timestamp>
			</report>
			<report>
				<misses>19456001</misses>
				<total>33</total>
				<timestamp>7191.521811</timestamp>
			</report>
			<report>
				<misses>19457001</misses>
				<total>33</total>
				<timestamp>7191.891514</timestamp>
			</report>
			<report>
				<misses>19458001</misses>
				<total>33</total>
				<timestamp>7192.261100</timestamp>
			</report>
			<report>
				<misses>19459001</misses>
				<total>33</total>
				<timestamp>7192.630795</timestamp>
			</report>
			<report>
				<misses>19460001</misses>
				<total>33</total>
				<timestamp>7193.000351</timestamp>
			</report>
			<report>
				<misses>19461001</misses>
				<total>33</total>
				<timestamp>7193.369981</timestamp>
			</report>
			<report>
				<misses>19462001</misses>
				<total>33</total>
				<timestamp>7193.739644</timestamp>
			</report>
			<report>
				<misses>19463001</misses>
				<total>33</total>
				<timestamp>7194.109254</timestamp>
			</report>
			<report>
				<misses>19464001</misses>
				<total>33</total>
				<timestamp>7194.478917</timestamp>
			</report>
			<report>
				<misses>19465001</misses>
				<total>33</total>
				<timestamp>7194.848522</timestamp>
			</report>
			<report>
				<misses>19466001</misses>
				<total>32</total>
				<timestamp>7195.218258</timestamp>
			</report>
			<report>
				<misses>19467001</misses>
				<total>32</total>
				<timestamp>7195.587850</timestamp>
			</report>
			<report>
				<misses>19468001</misses>
				<total>33</total>
				<timestamp>7195.957386</timestamp>
			</report>
			<report>
				<misses>19469001</misses>
				<total>33</total>
				<timestamp>7196.327055</timestamp>
			</report>
			<report>
				<misses>19470001</misses>
				<total>33</total>
				<timestamp>7196.696701</timestamp>
			</report>
			<report>
				<misses>19471001</misses>
				<total>33</total>
				<timestamp>7197.066270</timestamp>
			</report>
			<report>
				<misses>19472001</misses>
				<total>33</total>
				<timestamp>7197.435904</timestamp>
			</report>
			<report>
				<misses>19473001</misses>
				<total>33</total>
				<timestamp>7197.805550</timestamp>
			</report>
			<report>
				<misses>19474001</misses>
				<total>33</total>
				<timestamp>7198.175151</timestamp>
			</report>
			<report>
				<misses>19475001</misses>
				<total>33</total>
				<timestamp>7198.544794</timestamp>
			</report>
			<report>
				<misses>19476001</misses>
				<total>33</total>
				<timestamp>7198.914422</timestamp>
			</report>
			<report>
				<misses>19477001</misses>
				<total>33</total>
				<timestamp>7199.284082</timestamp>
			</report>
		</query>
	</custom>
	<ethtool_statistic>
		<rx_packets>
			<start>12459780482</start>
			<end>13031868109</end>
		</rx_packets>
		<tx_packets>
			<start>20221796733</start>
			<end>21098980935</end>
		</tx_packets>
		<rx_dropped>
			<start>1251</start>
			<end>1251</end>
		</rx_dropped>
		<tx_dropped>
			<start>0</start>
			<end>0</end>
		</tx_dropped>
		<collisions>
			<start>0</start>
			<end>0</end>
		</collisions>
		<port_tx_errors>
			<start>0</start>
			<end>0</end>
		</port_tx_errors>
		<port_rx_dropped>
			<start>0</start>
			<end>0</end>
		</port_rx_dropped>
		<port_tx_dropped_link_down>
			<start>0</start>
			<end>0</end>
		</port_tx_dropped_link_down>
	</ethtool_statistic>
	<ip_statistic>
		<mtu>
			<start>9000</start>
			<end>9000</end>
		</mtu>
		<rx_bytes>
			<start>50829868815071</start>
			<end>53191929840759</end>
		</rx_bytes>
		<rx_packets>
			<start>12459780642</start>
			<end>13031868275</end>
		</rx_packets>
		<rx_errors>
			<start>0</start>
			<end>0</end>
		</rx_errors>
		<rx_dropped>
			<start>1251</start>
			<end>1251</end>
		</rx_dropped>
		<rx_missed>
			<start>0</start>
			<end>0</end>
		</rx_missed>
		<rx_mcast>
			<start>5656</start>
			<end>5750</end>
		</rx_mcast>
		<tx_bytes>
			<start>71705148762594</start>
			<end>74805256006148</end>
		</tx_bytes>
		<tx_packets>
			<start>20221796865</start>
			<end>21098981290</end>
		</tx_packets>
		<tx_errors>
			<start>0</start>
			<end>0</end>
		</tx_errors>
		<tx_dropped>
			<start>0</start>
			<end>0</end>
		</tx_dropped>
		<tx_carrier>
			<start>0</start>
			<end>0</end>
		</tx_carrier>
		<tx_collisions>
			<start>0</start>
			<end>0</end>
		</tx_collisions>
	</ip_statistic>
	<netstat_statistic>
		<udp_pkg_rec>
			<start>10580544663</start>
			<end>11035379329</end>
		</udp_pkg_rec>
		<udp_pkg_snt>
			<start>17321724562</start>
			<end>18062738512</end>
		</udp_pkg_snt>
		<udp_rec_err>
			<start>1881483069</start>
			<end>1998772649</end>
		</udp_rec_err>
		<udp_rec_buf_err>
			<start>1881483069</start>
			<end>1998772649</end>
		</udp_rec_buf_err>
		<udp_snt_buf_err>
			<start>0</start>
			<end>0</end>
		</udp_snt_buf_err>
	</netstat_statistic>
</test_results>
