<?xml version="1.0"?>
<test_results>
	<status>STATUS_SUCCESS</status>
	<custom>
		<num_loss>51</num_loss>
		<num_total>11600001</num_total>
		<num_misses>3</num_misses>
		<elapsed_time>2319.977527</elapsed_time>
		<query>
			<report>
				<misses>100000</misses>
				<total>2</total>
				<timestamp>19.999900</timestamp>
			</report>
			<report>
				<misses>200000</misses>
				<total>2</total>
				<timestamp>39.999702</timestamp>
			</report>
			<report>
				<misses>300000</misses>
				<total>2</total>
				<timestamp>59.999594</timestamp>
			</report>
			<report>
				<misses>400000</misses>
				<total>2</total>
				<timestamp>79.999347</timestamp>
			</report>
			<report>
				<misses>500000</misses>
				<total>2</total>
				<timestamp>99.999156</timestamp>
			</report>
			<report>
				<misses>600000</misses>
				<total>2</total>
				<timestamp>119.998884</timestamp>
			</report>
			<report>
				<misses>700000</misses>
				<total>4</total>
				<timestamp>139.998694</timestamp>
			</report>
			<report>
				<misses>800000</misses>
				<total>4</total>
				<timestamp>159.998502</timestamp>
			</report>
			<report>
				<misses>900000</misses>
				<total>5</total>
				<timestamp>179.998400</timestamp>
			</report>
			<report>
				<misses>1000000</misses>
				<total>5</total>
				<timestamp>199.998144</timestamp>
			</report>
			<report>
				<misses>1100000</misses>
				<total>5</total>
				<timestamp>219.998102</timestamp>
			</report>
			<report>
				<misses>1200000</misses>
				<total>5</total>
				<timestamp>239.997917</timestamp>
			</report>
			<report>
				<misses>1300000</misses>
				<total>5</total>
				<timestamp>259.997742</timestamp>
			</report>
			<report>
				<misses>1400000</misses>
				<total>5</total>
				<timestamp>279.997715</timestamp>
			</report>
			<report>
				<misses>1500000</misses>
				<total>5</total>
				<timestamp>299.997493</timestamp>
			</report>
			<report>
				<misses>1600000</misses>
				<total>5</total>
				<timestamp>319.997282</timestamp>
			</report>
			<report>
				<misses>1700000</misses>
				<total>5</total>
				<timestamp>339.997080</timestamp>
			</report>
			<report>
				<misses>1800000</misses>
				<total>6</total>
				<timestamp>359.996889</timestamp>
			</report>
			<report>
				<misses>1900000</misses>
				<total>6</total>
				<timestamp>379.996762</timestamp>
			</report>
			<report>
				<misses>2000000</misses>
				<total>6</total>
				<timestamp>399.996537</timestamp>
			</report>
			<report>
				<misses>2100000</misses>
				<total>6</total>
				<timestamp>419.996290</timestamp>
			</report>
			<report>
				<misses>2200000</misses>
				<total>7</total>
				<timestamp>439.996082</timestamp>
			</report>
			<report>
				<misses>2300000</misses>
				<total>8</total>
				<timestamp>459.995881</timestamp>
			</report>
			<report>
				<misses>2400000</misses>
				<total>8</total>
				<timestamp>479.995683</timestamp>
			</report>
			<report>
				<misses>2500000</misses>
				<total>8</total>
				<timestamp>499.995576</timestamp>
			</report>
			<report>
				<misses>2600000</misses>
				<total>8</total>
				<timestamp>519.995348</timestamp>
			</report>
			<report>
				<misses>2700000</misses>
				<total>9</total>
				<timestamp>539.995281</timestamp>
			</report>
			<report>
				<misses>2800000</misses>
				<total>11</total>
				<timestamp>559.995078</timestamp>
			</report>
			<report>
				<misses>2900000</misses>
				<total>11</total>
				<timestamp>579.994878</timestamp>
			</report>
			<report>
				<misses>3000000</misses>
				<total>11</total>
				<timestamp>599.994735</timestamp>
			</report>
			<report>
				<misses>3100000</misses>
				<total>11</total>
				<timestamp>619.994547</timestamp>
			</report>
			<report>
				<misses>3200000</misses>
				<total>11</total>
				<timestamp>639.994287</timestamp>
			</report>
			<report>
				<misses>3300000</misses>
				<total>12</total>
				<timestamp>659.994087</timestamp>
			</report>
			<report>
				<misses>3400000</misses>
				<total>12</total>
				<timestamp>679.993878</timestamp>
			</report>
			<report>
				<misses>3500000</misses>
				<total>12</total>
				<timestamp>699.993693</timestamp>
			</report>
			<report>
				<misses>3600000</misses>
				<total>13</total>
				<timestamp>719.993499</timestamp>
			</report>
			<report>
				<misses>3700000</misses>
				<total>13</total>
				<timestamp>739.993380</timestamp>
			</report>
			<report>
				<misses>3800000</misses>
				<total>13</total>
				<timestamp>759.993111</timestamp>
			</report>
			<report>
				<misses>3900000</misses>
				<total>14</total>
				<timestamp>779.992944</timestamp>
			</report>
			<report>
				<misses>4000000</misses>
				<total>14</total>
				<timestamp>799.992684</timestamp>
			</report>
			<report>
				<misses>4100000</misses>
				<total>15</total>
				<timestamp>819.992489</timestamp>
			</report>
			<report>
				<misses>4200000</misses>
				<total>15</total>
				<timestamp>839.992300</timestamp>
			</report>
			<report>
				<misses>4300000</misses>
				<total>15</total>
				<timestamp>859.992121</timestamp>
			</report>
			<report>
				<misses>4400000</misses>
				<total>16</total>
				<timestamp>879.991961</timestamp>
			</report>
			<report>
				<misses>4500000</misses>
				<total>17</total>
				<timestamp>899.991691</timestamp>
			</report>
			<report>
				<misses>4600000</misses>
				<total>17</total>
				<timestamp>919.991482</timestamp>
			</report>
			<report>
				<misses>4700000</misses>
				<total>17</total>
				<timestamp>939.991286</timestamp>
			</report>
			<report>
				<misses>4800000</misses>
				<total>17</total>
				<timestamp>959.991083</timestamp>
			</report>
			<report>
				<misses>4900000</misses>
				<total>17</total>
				<timestamp>979.990961</timestamp>
			</report>
			<report>
				<misses>5000000</misses>
				<total>18</total>
				<timestamp>999.990732</timestamp>
			</report>
			<report>
				<misses>5100000</misses>
				<total>18</total>
				<timestamp>1019.990511</timestamp>
			</report>
			<report>
				<misses>5200000</misses>
				<total>18</total>
				<timestamp>1039.990288</timestamp>
			</report>
			<report>
				<misses>5300000</misses>
				<total>19</total>
				<timestamp>1059.990100</timestamp>
			</report>
			<report>
				<misses>5400000</misses>
				<total>19</total>
				<timestamp>1079.989902</timestamp>
			</report>
			<report>
				<misses>5500000</misses>
				<total>19</total>
				<timestamp>1099.989676</timestamp>
			</report>
			<report>
				<misses>5600000</misses>
				<total>19</total>
				<timestamp>1119.989560</timestamp>
			</report>
			<report>
				<misses>5700000</misses>
				<total>20</total>
				<timestamp>1139.989315</timestamp>
			</report>
			<report>
				<misses>5800000</misses>
				<total>20</total>
				<timestamp>1159.989090</timestamp>
			</report>
			<report>
				<misses>5900000</misses>
				<total>21</total>
				<timestamp>1179.988895</timestamp>
			</report>
			<report>
				<misses>6000000</misses>
				<total>22</total>
				<timestamp>1199.988694</timestamp>
			</report>
			<report>
				<misses>6100000</misses>
				<total>22</total>
				<timestamp>1219.988492</timestamp>
			</report>
			<report>
				<misses>6200000</misses>
				<total>23</total>
				<timestamp>1239.988399</timestamp>
			</report>
			<report>
				<misses>6300000</misses>
				<total>23</total>
				<timestamp>1259.988153</timestamp>
			</report>
			<report>
				<misses>6400000</misses>
				<total>25</total>
				<timestamp>1279.987886</timestamp>
			</report>
			<report>
				<misses>6500000</misses>
				<total>25</total>
				<timestamp>1299.987689</timestamp>
			</report>
			<report>
				<misses>6600000</misses>
				<total>27</total>
				<timestamp>1319.987483</timestamp>
			</report>
			<report>
				<misses>6700000</misses>
				<total>27</total>
				<timestamp>1339.987293</timestamp>
			</report>
			<report>
				<misses>6800000</misses>
				<total>27</total>
				<timestamp>1359.987090</timestamp>
			</report>
			<report>
				<misses>6900000</misses>
				<total>27</total>
				<timestamp>1379.986899</timestamp>
			</report>
			<report>
				<misses>7000000</misses>
				<total>27</total>
				<timestamp>1399.986686</timestamp>
			</report>
			<report>
				<misses>7100000</misses>
				<total>28</total>
				<timestamp>1419.986498</timestamp>
			</report>
			<report>
				<misses>7200000</misses>
				<total>31</total>
				<timestamp>1439.986295</timestamp>
			</report>
			<report>
				<misses>7300000</misses>
				<total>32</total>
				<timestamp>1459.986088</timestamp>
			</report>
			<report>
				<misses>7400000</misses>
				<total>32</total>
				<timestamp>1479.985907</timestamp>
			</report>
			<report>
				<misses>7500000</misses>
				<total>32</total>
				<timestamp>1499.985772</timestamp>
			</report>
			<report>
				<misses>7600000</misses>
				<total>32</total>
				<timestamp>1519.985510</timestamp>
			</report>
			<report>
				<misses>7700000</misses>
				<total>32</total>
				<timestamp>1539.985292</timestamp>
			</report>
			<report>
				<misses>7800000</misses>
				<total>32</total>
				<timestamp>1559.985088</timestamp>
			</report>
			<report>
				<misses>7900000</misses>
				<total>33</total>
				<timestamp>1579.984888</timestamp>
			</report>
			<report>
				<misses>8000000</misses>
				<total>34</total>
				<timestamp>1599.984682</timestamp>
			</report>
			<report>
				<misses>8100000</misses>
				<total>35</total>
				<timestamp>1619.984521</timestamp>
			</report>
			<report>
				<misses>8200000</misses>
				<total>36</total>
				<timestamp>1639.984332</timestamp>
			</report>
			<report>
				<misses>8300000</misses>
				<total>37</total>
				<timestamp>1659.984093</timestamp>
			</report>
			<report>
				<misses>8400000</misses>
				<total>37</total>
				<timestamp>1679.983883</timestamp>
			</report>
			<report>
				<misses>8500000</misses>
				<total>37</total>
				<timestamp>1699.983692</timestamp>
			</report>
			<report>
				<misses>8600000</misses>
				<total>37</total>
				<timestamp>1719.983489</timestamp>
			</report>
			<report>
				<misses>8700000</misses>
				<total>37</total>
				<timestamp>1739.983305</timestamp>
			</report>
			<report>
				<misses>8800000</misses>
				<total>37</total>
				<timestamp>1759.983151</timestamp>
			</report>
			<report>
				<misses>8900000</misses>
				<total>37</total>
				<timestamp>1779.982885</timestamp>
			</report>
			<report>
				<misses>9000000</misses>
				<total>39</total>
				<timestamp>1799.982687</timestamp>
			</report>
			<report>
				<misses>9100000</misses>
				<total>40</total>
				<timestamp>1819.982492</timestamp>
			</report>
			<report>
				<misses>9200000</misses>
				<total>40</total>
				<timestamp>1839.982288</timestamp>
			</report>
			<report>
				<misses>9300000</misses>
				<total>40</total>
				<timestamp>1859.982074</timestamp>
			</report>
			<report>
				<misses>9400000</misses>
				<total>41</total>
				<timestamp>1879.981916</timestamp>
			</report>
			<report>
				<misses>9500000</misses>
				<total>41</total>
				<timestamp>1899.981749</timestamp>
			</report>
			<report>
				<misses>9600000</misses>
				<total>41</total>
				<timestamp>1919.981506</timestamp>
			</report>
			<report>
				<misses>9700000</misses>
				<total>42</total>
				<timestamp>1939.981295</timestamp>
			</report>
			<report>
				<misses>9800000</misses>
				<total>42</total>
				<timestamp>1959.981084</timestamp>
			</report>
			<report>
				<misses>9900000</misses>
				<total>43</total>
				<timestamp>1979.980883</timestamp>
			</report>
			<report>
				<misses>10000000</misses>
				<total>43</total>
				<timestamp>1999.980780</timestamp>
			</report>
			<report>
				<misses>10100000</misses>
				<total>44</total>
				<timestamp>2019.980512</timestamp>
			</report>
			<report>
				<misses>10200000</misses>
				<total>44</total>
				<timestamp>2039.980302</timestamp>
			</report>
			<report>
				<misses>10300000</misses>
				<total>45</total>
				<timestamp>2059.980091</timestamp>
			</report>
			<report>
				<misses>10400000</misses>
				<total>45</total>
				<timestamp>2079.979893</timestamp>
			</report>
			<report>
				<misses>10500000</misses>
				<total>46</total>
				<timestamp>2099.979722</timestamp>
			</report>
			<report>
				<misses>10600000</misses>
				<total>48</total>
				<timestamp>2119.979489</timestamp>
			</report>
			<report>
				<misses>10700000</misses>
				<total>48</total>
				<timestamp>2139.979328</timestamp>
			</report>
			<report>
				<misses>10800000</misses>
				<total>48</total>
				<timestamp>2159.979119</timestamp>
			</report>
			<report>
				<misses>10900000</misses>
				<total>48</total>
				<timestamp>2179.978905</timestamp>
			</report>
			<report>
				<misses>11000000</misses>
				<total>49</total>
				<timestamp>2199.978697</timestamp>
			</report>
			<report>
				<misses>11100000</misses>
				<total>49</total>
				<timestamp>2219.978502</timestamp>
			</report>
			<report>
				<misses>11200000</misses>
				<total>49</total>
				<timestamp>2239.978319</timestamp>
			</report>
			<report>
				<misses>11300000</misses>
				<total>49</total>
				<timestamp>2259.978178</timestamp>
			</report>
			<report>
				<misses>11400000</misses>
				<total>49</total>
				<timestamp>2279.977903</timestamp>
			</report>
			<report>
				<misses>11500000</misses>
				<total>50</total>
				<timestamp>2299.977685</timestamp>
			</report>
			<report>
				<misses>11600000</misses>
				<total>51</total>
				<timestamp>2319.977496</timestamp>
			</report>
		</query>
	</custom>
	<ethtool_statistic>
		<rx_packets>
			<start>3271505473</start>
			<end>3379748012</end>
		</rx_packets>
		<tx_packets>
			<start>3495074700</start>
			<end>3571631032</end>
		</tx_packets>
		<rx_dropped>
			<start>0</start>
			<end>0</end>
		</rx_dropped>
		<tx_dropped>
			<start>0</start>
			<end>0</end>
		</tx_dropped>
		<collisions>
			<start>0</start>
			<end>0</end>
		</collisions>
		<port_tx_errors>
			<start>0</start>
			<end>0</end>
		</port_tx_errors>
		<port_rx_dropped>
			<start>0</start>
			<end>0</end>
		</port_rx_dropped>
		<port_tx_dropped_link_down>
			<start>0</start>
			<end>0</end>
		</port_tx_dropped_link_down>
	</ethtool_statistic>
	<ip_statistic>
		<mtu>
			<start>9000</start>
			<end>9000</end>
		</mtu>
		<rx_bytes>
			<start>29409828360997</start>
			<end>30382917810326</end>
		</rx_bytes>
		<rx_packets>
			<start>3271505543</start>
			<end>3379748141</end>
		</rx_packets>
		<rx_errors>
			<start>0</start>
			<end>0</end>
		</rx_errors>
		<rx_dropped>
			<start>0</start>
			<end>0</end>
		</rx_dropped>
		<rx_missed>
			<start>0</start>
			<end>0</end>
		</rx_missed>
		<rx_mcast>
			<start>687</start>
			<end>723</end>
		</rx_mcast>
		<tx_bytes>
			<start>19536111703896</start>
			<end>20223787256570</end>
		</tx_bytes>
		<tx_packets>
			<start>3495074754</start>
			<end>3571631095</end>
		</tx_packets>
		<tx_errors>
			<start>0</start>
			<end>0</end>
		</tx_errors>
		<tx_dropped>
			<start>0</start>
			<end>0</end>
		</tx_dropped>
		<tx_carrier>
			<start>0</start>
			<end>0</end>
		</tx_carrier>
		<tx_collisions>
			<start>0</start>
			<end>0</end>
		</tx_collisions>
	</ip_statistic>
	<netstat_statistic>
		<udp_pkg_rec>
			<start>3087644650</start>
			<end>3189852291</end>
		</udp_pkg_rec>
		<udp_pkg_snt>
			<start>3495401974</start>
			<end>3571975850</end>
		</udp_pkg_snt>
		<udp_rec_err>
			<start>184154562</start>
			<end>190201034</end>
		</udp_rec_err>
		<udp_rec_buf_err>
			<start>184154562</start>
			<end>190201034</end>
		</udp_rec_buf_err>
		<udp_snt_buf_err>
			<start>0</start>
			<end>0</end>
		</udp_snt_buf_err>
	</netstat_statistic>
</test_results>
