<?xml version="1.0"?>
<test_results>
	<status>STATUS_SUCCESS</status>
	<custom>
		<num_loss>890585</num_loss>
		<num_total>1000001</num_total>
		<num_misses>933</num_misses>
		<elapsed_time>100.093618</elapsed_time>
		<query />
	</custom>
	<ethtool_statistic>
		<rx_packets>
			<start>3735309609</start>
			<end>3743728729</end>
		</rx_packets>
		<tx_packets>
			<start>6142433714</start>
			<end>6161771851</end>
		</tx_packets>
		<rx_dropped>
			<start>0</start>
			<end>0</end>
		</rx_dropped>
		<tx_dropped>
			<start>0</start>
			<end>0</end>
		</tx_dropped>
		<collisions>
			<start>0</start>
			<end>0</end>
		</collisions>
		<port_tx_errors>
			<start>0</start>
			<end>0</end>
		</port_tx_errors>
		<port_rx_dropped>
			<start>0</start>
			<end>0</end>
		</port_rx_dropped>
		<port_tx_dropped_link_down>
			<start>0</start>
			<end>0</end>
		</port_tx_dropped_link_down>
	</ethtool_statistic>
	<ip_statistic>
		<mtu>
			<start>9000</start>
			<end>9000</end>
		</mtu>
		<rx_bytes>
			<start>15272056994939</start>
			<end>15306578925551</end>
		</rx_bytes>
		<rx_packets>
			<start>3735309782</start>
			<end>3743729056</end>
		</rx_packets>
		<rx_errors>
			<start>0</start>
			<end>0</end>
		</rx_errors>
		<rx_dropped>
			<start>0</start>
			<end>0</end>
		</rx_dropped>
		<rx_missed>
			<start>0</start>
			<end>0</end>
		</rx_missed>
		<rx_mcast>
			<start>2238</start>
			<end>2238</end>
		</rx_mcast>
		<tx_bytes>
			<start>17586008942451</start>
			<end>17679194131539</end>
		</tx_bytes>
		<tx_packets>
			<start>6142433873</start>
			<end>6161771879</end>
		</tx_packets>
		<tx_errors>
			<start>0</start>
			<end>0</end>
		</tx_errors>
		<tx_dropped>
			<start>0</start>
			<end>0</end>
		</tx_dropped>
		<tx_carrier>
			<start>0</start>
			<end>0</end>
		</tx_carrier>
		<tx_collisions>
			<start>0</start>
			<end>0</end>
		</tx_collisions>
	</ip_statistic>
	<netstat_statistic>
		<udp_pkg_rec>
			<start>3135698469</start>
			<end>3143042559</end>
		</udp_pkg_rec>
		<udp_pkg_snt>
			<start>6107936003</start>
			<end>6120274291</end>
		</udp_pkg_snt>
		<udp_rec_err>
			<start>600295732</start>
			<end>601371475</end>
		</udp_rec_err>
		<udp_rec_buf_err>
			<start>600295732</start>
			<end>601371475</end>
		</udp_rec_buf_err>
		<udp_snt_buf_err>
			<start>0</start>
			<end>0</end>
		</udp_snt_buf_err>
	</netstat_statistic>
</test_results>
