<?xml version="1.0"?>
<test_results>
	<status>STATUS_SUCCESS</status>
	<custom>
		<num_loss>998727</num_loss>
		<num_total>1000001</num_total>
		<num_misses>21770883</num_misses>
		<elapsed_time>56.927548</elapsed_time>
	</custom>
	<ethtool_statistic>
		<rx_packets>
			<start>6073644034</start>
			<end>6073644076</end>
		</rx_packets>
		<tx_packets>
			<start>8817069576</start>
			<end>8825069600</end>
		</tx_packets>
		<rx_dropped>
			<start>63</start>
			<end>63</end>
		</rx_dropped>
		<tx_dropped>
			<start>0</start>
			<end>0</end>
		</tx_dropped>
		<collisions>
			<start>0</start>
			<end>0</end>
		</collisions>
		<port_tx_errors>
			<start>0</start>
			<end>0</end>
		</port_tx_errors>
		<port_rx_dropped>
			<start>0</start>
			<end>0</end>
		</port_rx_dropped>
		<port_tx_dropped_link_down>
			<start>0</start>
			<end>0</end>
		</port_tx_dropped_link_down>
	</ethtool_statistic>
	<ip_statistic>
		<mtu>
			<start>9000</start>
			<end>9000</end>
		</mtu>
		<rx_bytes>
			<start>54593671965548</start>
			<end>54593671977498</end>
		</rx_bytes>
		<rx_packets>
			<start>6073644034</start>
			<end>6073644076</end>
		</rx_packets>
		<rx_errors>
			<start>0</start>
			<end>0</end>
		</rx_errors>
		<rx_dropped>
			<start>65</start>
			<end>65</end>
		</rx_dropped>
		<rx_missed>
			<start>0</start>
			<end>0</end>
		</rx_missed>
		<rx_mcast>
			<start>4538</start>
			<end>4538</end>
		</rx_mcast>
		<tx_bytes>
			<start>58446123298830</start>
			<end>58511403300158</end>
		</tx_bytes>
		<tx_packets>
			<start>8817069576</start>
			<end>8825069600</end>
		</tx_packets>
		<tx_errors>
			<start>0</start>
			<end>0</end>
		</tx_errors>
		<tx_dropped>
			<start>0</start>
			<end>0</end>
		</tx_dropped>
		<tx_carrier>
			<start>0</start>
			<end>0</end>
		</tx_carrier>
		<tx_collisions>
			<start>0</start>
			<end>0</end>
		</tx_collisions>
	</ip_statistic>
</test_results>
