<?xml version="1.0"?>
<test_results>
	<status>STATUS_SUCCESS</status>
	<custom>
		<num_loss>51</num_loss>
		<num_total>3000001</num_total>
		<num_misses>1</num_misses>
		<elapsed_time>929.999638</elapsed_time>
		<query />
	</custom>
	<ethtool_statistic>
		<rx_packets>
			<start>4456717071</start>
			<end>4530499775</end>
		</rx_packets>
		<tx_packets>
			<start>7347442937</start>
			<end>7466335644</end>
		</tx_packets>
		<rx_dropped>
			<start>0</start>
			<end>0</end>
		</rx_dropped>
		<tx_dropped>
			<start>0</start>
			<end>0</end>
		</tx_dropped>
		<collisions>
			<start>0</start>
			<end>0</end>
		</collisions>
		<port_tx_errors>
			<start>0</start>
			<end>0</end>
		</port_tx_errors>
		<port_rx_dropped>
			<start>0</start>
			<end>0</end>
		</port_rx_dropped>
		<port_tx_dropped_link_down>
			<start>0</start>
			<end>0</end>
		</port_tx_dropped_link_down>
	</ethtool_statistic>
	<ip_statistic>
		<mtu>
			<start>9000</start>
			<end>9000</end>
		</mtu>
		<rx_bytes>
			<start>18231207683371</start>
			<end>18537068066623</end>
		</rx_bytes>
		<rx_packets>
			<start>4456717200</start>
			<end>4530499851</end>
		</rx_packets>
		<rx_errors>
			<start>0</start>
			<end>0</end>
		</rx_errors>
		<rx_dropped>
			<start>0</start>
			<end>0</end>
		</rx_dropped>
		<rx_missed>
			<start>0</start>
			<end>0</end>
		</rx_missed>
		<rx_mcast>
			<start>2349</start>
			<end>2364</end>
		</rx_mcast>
		<tx_bytes>
			<start>22351279177435</start>
			<end>22786472182791</end>
		</tx_bytes>
		<tx_packets>
			<start>7347442954</start>
			<end>7466336053</end>
		</tx_packets>
		<tx_errors>
			<start>0</start>
			<end>0</end>
		</tx_errors>
		<tx_dropped>
			<start>0</start>
			<end>0</end>
		</tx_dropped>
		<tx_carrier>
			<start>0</start>
			<end>0</end>
		</tx_carrier>
		<tx_collisions>
			<start>0</start>
			<end>0</end>
		</tx_collisions>
	</ip_statistic>
	<netstat_statistic>
		<udp_pkg_rec>
			<start>3752562828</start>
			<end>3817451374</end>
		</udp_pkg_rec>
		<udp_pkg_snt>
			<start>7046991883</start>
			<end>7144890205</end>
		</udp_pkg_snt>
		<udp_rec_err>
			<start>704884536</start>
			<end>713783475</end>
		</udp_rec_err>
		<udp_rec_buf_err>
			<start>704884536</start>
			<end>713783475</end>
		</udp_rec_buf_err>
		<udp_snt_buf_err>
			<start>0</start>
			<end>0</end>
		</udp_snt_buf_err>
	</netstat_statistic>
</test_results>
