<?xml version="1.0"?>
<test_results>
	<status>STATUS_SUCCESS</status>
	<custom>
		<num_loss>75</num_loss>
		<num_total>5000001</num_total>
		<num_misses>70</num_misses>
		<elapsed_time>600.002522</elapsed_time>
		<query>
			<report>
				<misses>100000</misses>
				<total>0</total>
				<timestamp>12.000462</timestamp>
			</report>
			<report>
				<misses>200000</misses>
				<total>1</total>
				<timestamp>24.000687</timestamp>
			</report>
			<report>
				<misses>300000</misses>
				<total>6</total>
				<timestamp>36.000707</timestamp>
			</report>
			<report>
				<misses>400000</misses>
				<total>7</total>
				<timestamp>48.000731</timestamp>
			</report>
			<report>
				<misses>500000</misses>
				<total>9</total>
				<timestamp>60.000823</timestamp>
			</report>
			<report>
				<misses>600000</misses>
				<total>11</total>
				<timestamp>72.000931</timestamp>
			</report>
			<report>
				<misses>700000</misses>
				<total>11</total>
				<timestamp>84.000817</timestamp>
			</report>
			<report>
				<misses>800000</misses>
				<total>12</total>
				<timestamp>96.000711</timestamp>
			</report>
			<report>
				<misses>900000</misses>
				<total>12</total>
				<timestamp>108.000711</timestamp>
			</report>
			<report>
				<misses>1000000</misses>
				<total>12</total>
				<timestamp>120.001058</timestamp>
			</report>
			<report>
				<misses>1100000</misses>
				<total>13</total>
				<timestamp>132.000977</timestamp>
			</report>
			<report>
				<misses>1200000</misses>
				<total>16</total>
				<timestamp>144.000822</timestamp>
			</report>
			<report>
				<misses>1300000</misses>
				<total>24</total>
				<timestamp>156.001780</timestamp>
			</report>
			<report>
				<misses>1400000</misses>
				<total>24</total>
				<timestamp>168.002135</timestamp>
			</report>
			<report>
				<misses>1500000</misses>
				<total>25</total>
				<timestamp>180.002394</timestamp>
			</report>
			<report>
				<misses>1600000</misses>
				<total>25</total>
				<timestamp>192.002368</timestamp>
			</report>
			<report>
				<misses>1700000</misses>
				<total>25</total>
				<timestamp>204.002314</timestamp>
			</report>
			<report>
				<misses>1800000</misses>
				<total>26</total>
				<timestamp>216.002265</timestamp>
			</report>
			<report>
				<misses>1900000</misses>
				<total>26</total>
				<timestamp>228.002723</timestamp>
			</report>
			<report>
				<misses>2000000</misses>
				<total>29</total>
				<timestamp>240.003094</timestamp>
			</report>
			<report>
				<misses>2100000</misses>
				<total>31</total>
				<timestamp>252.003627</timestamp>
			</report>
			<report>
				<misses>2200000</misses>
				<total>32</total>
				<timestamp>264.003568</timestamp>
			</report>
			<report>
				<misses>2300000</misses>
				<total>35</total>
				<timestamp>276.003475</timestamp>
			</report>
			<report>
				<misses>2400000</misses>
				<total>35</total>
				<timestamp>288.003364</timestamp>
			</report>
			<report>
				<misses>2500000</misses>
				<total>35</total>
				<timestamp>300.003271</timestamp>
			</report>
			<report>
				<misses>2600000</misses>
				<total>36</total>
				<timestamp>312.003084</timestamp>
			</report>
			<report>
				<misses>2700000</misses>
				<total>37</total>
				<timestamp>324.003369</timestamp>
			</report>
			<report>
				<misses>2800000</misses>
				<total>41</total>
				<timestamp>336.003216</timestamp>
			</report>
			<report>
				<misses>2900000</misses>
				<total>41</total>
				<timestamp>348.003206</timestamp>
			</report>
			<report>
				<misses>3000000</misses>
				<total>43</total>
				<timestamp>360.003218</timestamp>
			</report>
			<report>
				<misses>3100000</misses>
				<total>44</total>
				<timestamp>372.003452</timestamp>
			</report>
			<report>
				<misses>3200000</misses>
				<total>46</total>
				<timestamp>384.003328</timestamp>
			</report>
			<report>
				<misses>3300000</misses>
				<total>48</total>
				<timestamp>396.003246</timestamp>
			</report>
			<report>
				<misses>3400000</misses>
				<total>48</total>
				<timestamp>408.003095</timestamp>
			</report>
			<report>
				<misses>3500000</misses>
				<total>50</total>
				<timestamp>420.003097</timestamp>
			</report>
			<report>
				<misses>3600000</misses>
				<total>50</total>
				<timestamp>432.002966</timestamp>
			</report>
			<report>
				<misses>3700000</misses>
				<total>54</total>
				<timestamp>444.002977</timestamp>
			</report>
			<report>
				<misses>3800000</misses>
				<total>55</total>
				<timestamp>456.002866</timestamp>
			</report>
			<report>
				<misses>3900000</misses>
				<total>55</total>
				<timestamp>468.002765</timestamp>
			</report>
			<report>
				<misses>4000000</misses>
				<total>56</total>
				<timestamp>480.002626</timestamp>
			</report>
			<report>
				<misses>4100000</misses>
				<total>60</total>
				<timestamp>492.002492</timestamp>
			</report>
			<report>
				<misses>4200000</misses>
				<total>67</total>
				<timestamp>504.002505</timestamp>
			</report>
			<report>
				<misses>4300000</misses>
				<total>67</total>
				<timestamp>516.002490</timestamp>
			</report>
			<report>
				<misses>4400000</misses>
				<total>67</total>
				<timestamp>528.002684</timestamp>
			</report>
			<report>
				<misses>4500000</misses>
				<total>67</total>
				<timestamp>540.002626</timestamp>
			</report>
			<report>
				<misses>4600000</misses>
				<total>67</total>
				<timestamp>552.002531</timestamp>
			</report>
			<report>
				<misses>4700000</misses>
				<total>71</total>
				<timestamp>564.002540</timestamp>
			</report>
			<report>
				<misses>4800000</misses>
				<total>73</total>
				<timestamp>576.002420</timestamp>
			</report>
			<report>
				<misses>4900000</misses>
				<total>75</total>
				<timestamp>588.002435</timestamp>
			</report>
			<report>
				<misses>5000000</misses>
				<total>75</total>
				<timestamp>600.002498</timestamp>
			</report>
		</query>
	</custom>
	<ethtool_statistic>
		<rx_packets>
			<start>2829147819</start>
			<end>2857311349</end>
		</rx_packets>
		<tx_packets>
			<start>3170711620</start>
			<end>3192612533</end>
		</tx_packets>
		<rx_dropped>
			<start>0</start>
			<end>0</end>
		</rx_dropped>
		<tx_dropped>
			<start>0</start>
			<end>0</end>
		</tx_dropped>
		<collisions>
			<start>0</start>
			<end>0</end>
		</collisions>
		<port_tx_errors>
			<start>0</start>
			<end>0</end>
		</port_tx_errors>
		<port_rx_dropped>
			<start>0</start>
			<end>0</end>
		</port_rx_dropped>
		<port_tx_dropped_link_down>
			<start>0</start>
			<end>0</end>
		</port_tx_dropped_link_down>
	</ethtool_statistic>
	<ip_statistic>
		<mtu>
			<start>9000</start>
			<end>9000</end>
		</mtu>
		<rx_bytes>
			<start>25433080557662</start>
			<end>25686267618138</end>
		</rx_bytes>
		<rx_packets>
			<start>2829147883</start>
			<end>2857311409</end>
		</rx_packets>
		<rx_errors>
			<start>0</start>
			<end>0</end>
		</rx_errors>
		<rx_dropped>
			<start>0</start>
			<end>0</end>
		</rx_dropped>
		<rx_missed>
			<start>0</start>
			<end>0</end>
		</rx_missed>
		<rx_mcast>
			<start>549</start>
			<end>558</end>
		</rx_mcast>
		<tx_bytes>
			<start>16622952824350</start>
			<end>16819599550288</end>
		</tx_bytes>
		<tx_packets>
			<start>3170711676</start>
			<end>3192612582</end>
		</tx_packets>
		<tx_errors>
			<start>0</start>
			<end>0</end>
		</tx_errors>
		<tx_dropped>
			<start>0</start>
			<end>0</end>
		</tx_dropped>
		<tx_carrier>
			<start>0</start>
			<end>0</end>
		</tx_carrier>
		<tx_collisions>
			<start>0</start>
			<end>0</end>
		</tx_collisions>
	</ip_statistic>
	<netstat_statistic>
		<udp_pkg_rec>
			<start>2667024001</start>
			<end>2694113619</end>
		</udp_pkg_rec>
		<udp_pkg_snt>
			<start>3170967061</start>
			<end>3192872527</end>
		</udp_pkg_snt>
		<udp_rec_err>
			<start>162370428</start>
			<end>163447289</end>
		</udp_rec_err>
		<udp_rec_buf_err>
			<start>162370428</start>
			<end>163447289</end>
		</udp_rec_buf_err>
		<udp_snt_buf_err>
			<start>0</start>
			<end>0</end>
		</udp_snt_buf_err>
	</netstat_statistic>
</test_results>
