<?xml version="1.0"?>
<test_results>
	<status>STATUS_SUCCESS</status>
	<custom>
		<num_loss>141</num_loss>
		<num_total>5000001</num_total>
		<num_misses>165</num_misses>
		<elapsed_time>250.005972</elapsed_time>
		<query>
			<report>
				<misses>100000</misses>
				<total>10</total>
				<timestamp>5.000560</timestamp>
			</report>
			<report>
				<misses>200000</misses>
				<total>11</total>
				<timestamp>10.000648</timestamp>
			</report>
			<report>
				<misses>300000</misses>
				<total>18</total>
				<timestamp>15.000760</timestamp>
			</report>
			<report>
				<misses>400000</misses>
				<total>19</total>
				<timestamp>20.000935</timestamp>
			</report>
			<report>
				<misses>500000</misses>
				<total>21</total>
				<timestamp>25.000899</timestamp>
			</report>
			<report>
				<misses>600000</misses>
				<total>21</total>
				<timestamp>30.000974</timestamp>
			</report>
			<report>
				<misses>700000</misses>
				<total>24</total>
				<timestamp>35.001348</timestamp>
			</report>
			<report>
				<misses>800000</misses>
				<total>28</total>
				<timestamp>40.001388</timestamp>
			</report>
			<report>
				<misses>900000</misses>
				<total>28</total>
				<timestamp>45.001389</timestamp>
			</report>
			<report>
				<misses>1000000</misses>
				<total>29</total>
				<timestamp>50.001415</timestamp>
			</report>
			<report>
				<misses>1100000</misses>
				<total>30</total>
				<timestamp>55.001546</timestamp>
			</report>
			<report>
				<misses>1200000</misses>
				<total>30</total>
				<timestamp>60.002549</timestamp>
			</report>
			<report>
				<misses>1300000</misses>
				<total>32</total>
				<timestamp>65.002973</timestamp>
			</report>
			<report>
				<misses>1400000</misses>
				<total>32</total>
				<timestamp>70.002978</timestamp>
			</report>
			<report>
				<misses>1500000</misses>
				<total>34</total>
				<timestamp>75.002994</timestamp>
			</report>
			<report>
				<misses>1600000</misses>
				<total>41</total>
				<timestamp>80.002960</timestamp>
			</report>
			<report>
				<misses>1700000</misses>
				<total>47</total>
				<timestamp>85.002975</timestamp>
			</report>
			<report>
				<misses>1800000</misses>
				<total>47</total>
				<timestamp>90.002996</timestamp>
			</report>
			<report>
				<misses>1900000</misses>
				<total>49</total>
				<timestamp>95.003235</timestamp>
			</report>
			<report>
				<misses>2000000</misses>
				<total>51</total>
				<timestamp>100.003279</timestamp>
			</report>
			<report>
				<misses>2100000</misses>
				<total>52</total>
				<timestamp>105.003403</timestamp>
			</report>
			<report>
				<misses>2200000</misses>
				<total>52</total>
				<timestamp>110.003422</timestamp>
			</report>
			<report>
				<misses>2300000</misses>
				<total>52</total>
				<timestamp>115.003647</timestamp>
			</report>
			<report>
				<misses>2400000</misses>
				<total>53</total>
				<timestamp>120.003760</timestamp>
			</report>
			<report>
				<misses>2500000</misses>
				<total>53</total>
				<timestamp>125.003800</timestamp>
			</report>
			<report>
				<misses>2600000</misses>
				<total>56</total>
				<timestamp>130.003812</timestamp>
			</report>
			<report>
				<misses>2700000</misses>
				<total>58</total>
				<timestamp>135.003875</timestamp>
			</report>
			<report>
				<misses>2800000</misses>
				<total>60</total>
				<timestamp>140.003896</timestamp>
			</report>
			<report>
				<misses>2900000</misses>
				<total>61</total>
				<timestamp>145.003897</timestamp>
			</report>
			<report>
				<misses>3000000</misses>
				<total>61</total>
				<timestamp>150.003944</timestamp>
			</report>
			<report>
				<misses>3100000</misses>
				<total>61</total>
				<timestamp>155.003901</timestamp>
			</report>
			<report>
				<misses>3200000</misses>
				<total>61</total>
				<timestamp>160.004042</timestamp>
			</report>
			<report>
				<misses>3300000</misses>
				<total>79</total>
				<timestamp>165.004024</timestamp>
			</report>
			<report>
				<misses>3400000</misses>
				<total>88</total>
				<timestamp>170.004091</timestamp>
			</report>
			<report>
				<misses>3500000</misses>
				<total>88</total>
				<timestamp>175.004119</timestamp>
			</report>
			<report>
				<misses>3600000</misses>
				<total>98</total>
				<timestamp>180.004115</timestamp>
			</report>
			<report>
				<misses>3700000</misses>
				<total>101</total>
				<timestamp>185.004233</timestamp>
			</report>
			<report>
				<misses>3800000</misses>
				<total>101</total>
				<timestamp>190.004281</timestamp>
			</report>
			<report>
				<misses>3900000</misses>
				<total>101</total>
				<timestamp>195.004530</timestamp>
			</report>
			<report>
				<misses>4000000</misses>
				<total>106</total>
				<timestamp>200.004660</timestamp>
			</report>
			<report>
				<misses>4100000</misses>
				<total>111</total>
				<timestamp>205.004772</timestamp>
			</report>
			<report>
				<misses>4200000</misses>
				<total>113</total>
				<timestamp>210.004787</timestamp>
			</report>
			<report>
				<misses>4300000</misses>
				<total>114</total>
				<timestamp>215.004787</timestamp>
			</report>
			<report>
				<misses>4400000</misses>
				<total>117</total>
				<timestamp>220.004772</timestamp>
			</report>
			<report>
				<misses>4500000</misses>
				<total>117</total>
				<timestamp>225.004848</timestamp>
			</report>
			<report>
				<misses>4600000</misses>
				<total>117</total>
				<timestamp>230.005191</timestamp>
			</report>
			<report>
				<misses>4700000</misses>
				<total>120</total>
				<timestamp>235.005149</timestamp>
			</report>
			<report>
				<misses>4800000</misses>
				<total>123</total>
				<timestamp>240.005365</timestamp>
			</report>
			<report>
				<misses>4900000</misses>
				<total>126</total>
				<timestamp>245.005766</timestamp>
			</report>
			<report>
				<misses>5000000</misses>
				<total>141</total>
				<timestamp>250.005950</timestamp>
			</report>
		</query>
	</custom>
	<ethtool_statistic>
		<rx_packets>
			<start>2544437048</start>
			<end>2556308321</end>
		</rx_packets>
		<tx_packets>
			<start>2893278035</start>
			<end>2905412016</end>
		</tx_packets>
		<rx_dropped>
			<start>0</start>
			<end>0</end>
		</rx_dropped>
		<tx_dropped>
			<start>0</start>
			<end>0</end>
		</tx_dropped>
		<collisions>
			<start>0</start>
			<end>0</end>
		</collisions>
		<port_tx_errors>
			<start>0</start>
			<end>0</end>
		</port_tx_errors>
		<port_rx_dropped>
			<start>0</start>
			<end>0</end>
		</port_rx_dropped>
		<port_tx_dropped_link_down>
			<start>0</start>
			<end>0</end>
		</port_tx_dropped_link_down>
	</ethtool_statistic>
	<ip_statistic>
		<mtu>
			<start>9000</start>
			<end>9000</end>
		</mtu>
		<rx_bytes>
			<start>22873897504732</start>
			<end>22980582319908</end>
		</rx_bytes>
		<rx_packets>
			<start>2544437135</start>
			<end>2556308391</end>
		</rx_packets>
		<rx_errors>
			<start>0</start>
			<end>0</end>
		</rx_errors>
		<rx_dropped>
			<start>0</start>
			<end>0</end>
		</rx_dropped>
		<rx_missed>
			<start>0</start>
			<end>0</end>
		</rx_missed>
		<rx_mcast>
			<start>452</start>
			<end>454</end>
		</rx_mcast>
		<tx_bytes>
			<start>14134908213055</start>
			<end>14243655129933</end>
		</tx_bytes>
		<tx_packets>
			<start>2893278091</start>
			<end>2905412074</end>
		</tx_packets>
		<tx_errors>
			<start>0</start>
			<end>0</end>
		</tx_errors>
		<tx_dropped>
			<start>0</start>
			<end>0</end>
		</tx_dropped>
		<tx_carrier>
			<start>0</start>
			<end>0</end>
		</tx_carrier>
		<tx_collisions>
			<start>0</start>
			<end>0</end>
		</tx_collisions>
	</ip_statistic>
	<netstat_statistic>
		<udp_pkg_rec>
			<start>2396968272</start>
			<end>2408032820</end>
		</udp_pkg_rec>
		<udp_pkg_snt>
			<start>2893601376</start>
			<end>2905725399</end>
		</udp_pkg_snt>
		<udp_rec_err>
			<start>147719756</start>
			<end>148523604</end>
		</udp_rec_err>
		<udp_rec_buf_err>
			<start>147719756</start>
			<end>148523604</end>
		</udp_rec_buf_err>
		<udp_snt_buf_err>
			<start>0</start>
			<end>0</end>
		</udp_snt_buf_err>
	</netstat_statistic>
</test_results>
