<?xml version="1.0"?>
<test_results>
	<status>STATUS_SUCCESS</status>
	<custom>
		<num_loss>0</num_loss>
		<num_total>748535440</num_total>
		<num_misses>2131456292</num_misses>
		<elapsed_time>7199.960619</elapsed_time>
		<query>
			<report>
				<misses>100001</misses>
				<total>0</total>
				<timestamp>1.018016</timestamp>
			</report>
			<report>
				<misses>200001</misses>
				<total>0</total>
				<timestamp>2.025277</timestamp>
			</report>
			<report>
				<misses>300001</misses>
				<total>0</total>
				<timestamp>3.031663</timestamp>
			</report>
			<report>
				<misses>400001</misses>
				<total>0</total>
				<timestamp>4.042982</timestamp>
			</report>
			<report>
				<misses>500001</misses>
				<total>0</total>
				<timestamp>5.035731</timestamp>
			</report>
			<report>
				<misses>600001</misses>
				<total>0</total>
				<timestamp>6.026024</timestamp>
			</report>
			<report>
				<misses>700001</misses>
				<total>0</total>
				<timestamp>7.014382</timestamp>
			</report>
			<report>
				<misses>800001</misses>
				<total>0</total>
				<timestamp>8.005268</timestamp>
			</report>
			<report>
				<misses>900001</misses>
				<total>0</total>
				<timestamp>8.995992</timestamp>
			</report>
			<report>
				<misses>1000001</misses>
				<total>0</total>
				<timestamp>9.985636</timestamp>
			</report>
			<report>
				<misses>1100001</misses>
				<total>0</total>
				<timestamp>10.977306</timestamp>
			</report>
			<report>
				<misses>1200001</misses>
				<total>0</total>
				<timestamp>11.968863</timestamp>
			</report>
			<report>
				<misses>1300001</misses>
				<total>0</total>
				<timestamp>12.959505</timestamp>
			</report>
			<report>
				<misses>1400001</misses>
				<total>0</total>
				<timestamp>13.947600</timestamp>
			</report>
			<report>
				<misses>1500001</misses>
				<total>0</total>
				<timestamp>14.938820</timestamp>
			</report>
			<report>
				<misses>1600001</misses>
				<total>0</total>
				<timestamp>15.929561</timestamp>
			</report>
			<report>
				<misses>1700001</misses>
				<total>0</total>
				<timestamp>16.920513</timestamp>
			</report>
			<report>
				<misses>1800001</misses>
				<total>0</total>
				<timestamp>17.913194</timestamp>
			</report>
			<report>
				<misses>1900001</misses>
				<total>0</total>
				<timestamp>18.905367</timestamp>
			</report>
			<report>
				<misses>2000001</misses>
				<total>0</total>
				<timestamp>19.897082</timestamp>
			</report>
			<report>
				<misses>2100001</misses>
				<total>0</total>
				<timestamp>20.888543</timestamp>
			</report>
			<report>
				<misses>2200001</misses>
				<total>0</total>
				<timestamp>21.880116</timestamp>
			</report>
			<report>
				<misses>2300001</misses>
				<total>0</total>
				<timestamp>22.867678</timestamp>
			</report>
			<report>
				<misses>2400001</misses>
				<total>0</total>
				<timestamp>23.859044</timestamp>
			</report>
			<report>
				<misses>2500001</misses>
				<total>0</total>
				<timestamp>24.851461</timestamp>
			</report>
			<report>
				<misses>2600001</misses>
				<total>0</total>
				<timestamp>25.842328</timestamp>
			</report>
			<report>
				<misses>2700001</misses>
				<total>0</total>
				<timestamp>26.833221</timestamp>
			</report>
			<report>
				<misses>2800001</misses>
				<total>0</total>
				<timestamp>27.824538</timestamp>
			</report>
			<report>
				<misses>2900001</misses>
				<total>0</total>
				<timestamp>28.815205</timestamp>
			</report>
			<report>
				<misses>3000001</misses>
				<total>0</total>
				<timestamp>29.806225</timestamp>
			</report>
			<report>
				<misses>3100001</misses>
				<total>0</total>
				<timestamp>30.796635</timestamp>
			</report>
			<report>
				<misses>3200001</misses>
				<total>0</total>
				<timestamp>31.787305</timestamp>
			</report>
			<report>
				<misses>3300001</misses>
				<total>0</total>
				<timestamp>32.778446</timestamp>
			</report>
			<report>
				<misses>3400001</misses>
				<total>0</total>
				<timestamp>33.769488</timestamp>
			</report>
			<report>
				<misses>3500001</misses>
				<total>0</total>
				<timestamp>34.760995</timestamp>
			</report>
			<report>
				<misses>3600001</misses>
				<total>0</total>
				<timestamp>35.752284</timestamp>
			</report>
			<report>
				<misses>3700001</misses>
				<total>0</total>
				<timestamp>36.743506</timestamp>
			</report>
			<report>
				<misses>3800001</misses>
				<total>0</total>
				<timestamp>37.733851</timestamp>
			</report>
			<report>
				<misses>3900001</misses>
				<total>0</total>
				<timestamp>38.724278</timestamp>
			</report>
			<report>
				<misses>4000001</misses>
				<total>0</total>
				<timestamp>39.714896</timestamp>
			</report>
			<report>
				<misses>4100001</misses>
				<total>0</total>
				<timestamp>40.705628</timestamp>
			</report>
			<report>
				<misses>4200001</misses>
				<total>0</total>
				<timestamp>41.695938</timestamp>
			</report>
			<report>
				<misses>4300001</misses>
				<total>0</total>
				<timestamp>42.685700</timestamp>
			</report>
			<report>
				<misses>4400001</misses>
				<total>0</total>
				<timestamp>43.676898</timestamp>
			</report>
			<report>
				<misses>4500001</misses>
				<total>0</total>
				<timestamp>44.667806</timestamp>
			</report>
			<report>
				<misses>4600001</misses>
				<total>0</total>
				<timestamp>45.658131</timestamp>
			</report>
			<report>
				<misses>4700001</misses>
				<total>0</total>
				<timestamp>46.648421</timestamp>
			</report>
			<report>
				<misses>4800001</misses>
				<total>0</total>
				<timestamp>47.638384</timestamp>
			</report>
			<report>
				<misses>4900001</misses>
				<total>0</total>
				<timestamp>48.628750</timestamp>
			</report>
			<report>
				<misses>5000001</misses>
				<total>0</total>
				<timestamp>49.618676</timestamp>
			</report>
			<report>
				<misses>5100001</misses>
				<total>0</total>
				<timestamp>50.609612</timestamp>
			</report>
			<report>
				<misses>5200001</misses>
				<total>0</total>
				<timestamp>51.600339</timestamp>
			</report>
			<report>
				<misses>5300001</misses>
				<total>0</total>
				<timestamp>52.592886</timestamp>
			</report>
			<report>
				<misses>5400001</misses>
				<total>0</total>
				<timestamp>53.583485</timestamp>
			</report>
			<report>
				<misses>5500001</misses>
				<total>0</total>
				<timestamp>54.574477</timestamp>
			</report>
			<report>
				<misses>5600001</misses>
				<total>0</total>
				<timestamp>55.565315</timestamp>
			</report>
			<report>
				<misses>5700001</misses>
				<total>0</total>
				<timestamp>56.555615</timestamp>
			</report>
			<report>
				<misses>5800001</misses>
				<total>0</total>
				<timestamp>57.546094</timestamp>
			</report>
			<report>
				<misses>5900001</misses>
				<total>0</total>
				<timestamp>58.536988</timestamp>
			</report>
			<report>
				<misses>6000001</misses>
				<total>0</total>
				<timestamp>59.527312</timestamp>
			</report>
			<report>
				<misses>6100001</misses>
				<total>0</total>
				<timestamp>60.518357</timestamp>
			</report>
			<report>
				<misses>6200001</misses>
				<total>0</total>
				<timestamp>61.508788</timestamp>
			</report>
			<report>
				<misses>6300001</misses>
				<total>0</total>
				<timestamp>62.501503</timestamp>
			</report>
			<report>
				<misses>6400001</misses>
				<total>0</total>
				<timestamp>63.491909</timestamp>
			</report>
			<report>
				<misses>6500001</misses>
				<total>0</total>
				<timestamp>64.482084</timestamp>
			</report>
			<report>
				<misses>6600001</misses>
				<total>0</total>
				<timestamp>65.473304</timestamp>
			</report>
			<report>
				<misses>6700001</misses>
				<total>0</total>
				<timestamp>66.464006</timestamp>
			</report>
			<report>
				<misses>6800001</misses>
				<total>0</total>
				<timestamp>67.454775</timestamp>
			</report>
			<report>
				<misses>6900001</misses>
				<total>0</total>
				<timestamp>68.445839</timestamp>
			</report>
			<report>
				<misses>7000001</misses>
				<total>0</total>
				<timestamp>69.436417</timestamp>
			</report>
			<report>
				<misses>7100001</misses>
				<total>0</total>
				<timestamp>70.426600</timestamp>
			</report>
			<report>
				<misses>7200001</misses>
				<total>0</total>
				<timestamp>71.417598</timestamp>
			</report>
			<report>
				<misses>7300001</misses>
				<total>0</total>
				<timestamp>72.408066</timestamp>
			</report>
			<report>
				<misses>7400001</misses>
				<total>0</total>
				<timestamp>73.398437</timestamp>
			</report>
			<report>
				<misses>7500001</misses>
				<total>0</total>
				<timestamp>74.389453</timestamp>
			</report>
			<report>
				<misses>7600001</misses>
				<total>0</total>
				<timestamp>75.380368</timestamp>
			</report>
			<report>
				<misses>7700001</misses>
				<total>0</total>
				<timestamp>76.372324</timestamp>
			</report>
			<report>
				<misses>7800001</misses>
				<total>0</total>
				<timestamp>77.363268</timestamp>
			</report>
			<report>
				<misses>7900001</misses>
				<total>0</total>
				<timestamp>78.354873</timestamp>
			</report>
			<report>
				<misses>8000001</misses>
				<total>0</total>
				<timestamp>79.347002</timestamp>
			</report>
			<report>
				<misses>8100001</misses>
				<total>0</total>
				<timestamp>80.337332</timestamp>
			</report>
			<report>
				<misses>8200001</misses>
				<total>0</total>
				<timestamp>81.328161</timestamp>
			</report>
			<report>
				<misses>8300001</misses>
				<total>0</total>
				<timestamp>82.319033</timestamp>
			</report>
			<report>
				<misses>8400001</misses>
				<total>0</total>
				<timestamp>83.310036</timestamp>
			</report>
			<report>
				<misses>8500001</misses>
				<total>0</total>
				<timestamp>84.301081</timestamp>
			</report>
			<report>
				<misses>8600001</misses>
				<total>0</total>
				<timestamp>85.291877</timestamp>
			</report>
			<report>
				<misses>8700001</misses>
				<total>0</total>
				<timestamp>86.282806</timestamp>
			</report>
			<report>
				<misses>8800001</misses>
				<total>0</total>
				<timestamp>87.273489</timestamp>
			</report>
			<report>
				<misses>8900001</misses>
				<total>0</total>
				<timestamp>88.264704</timestamp>
			</report>
			<report>
				<misses>9000001</misses>
				<total>0</total>
				<timestamp>89.256020</timestamp>
			</report>
			<report>
				<misses>9100001</misses>
				<total>0</total>
				<timestamp>90.247023</timestamp>
			</report>
			<report>
				<misses>9200001</misses>
				<total>0</total>
				<timestamp>91.237508</timestamp>
			</report>
			<report>
				<misses>9300001</misses>
				<total>0</total>
				<timestamp>92.228662</timestamp>
			</report>
			<report>
				<misses>9400001</misses>
				<total>0</total>
				<timestamp>93.219613</timestamp>
			</report>
			<report>
				<misses>9500001</misses>
				<total>0</total>
				<timestamp>94.209896</timestamp>
			</report>
			<report>
				<misses>9600001</misses>
				<total>0</total>
				<timestamp>95.200450</timestamp>
			</report>
			<report>
				<misses>9700001</misses>
				<total>0</total>
				<timestamp>96.190914</timestamp>
			</report>
			<report>
				<misses>9800001</misses>
				<total>0</total>
				<timestamp>97.182699</timestamp>
			</report>
			<report>
				<misses>9900001</misses>
				<total>0</total>
				<timestamp>98.173218</timestamp>
			</report>
			<report>
				<misses>10000001</misses>
				<total>0</total>
				<timestamp>99.163600</timestamp>
			</report>
			<report>
				<misses>10100001</misses>
				<total>0</total>
				<timestamp>100.154450</timestamp>
			</report>
			<report>
				<misses>10200001</misses>
				<total>0</total>
				<timestamp>101.145074</timestamp>
			</report>
			<report>
				<misses>10300001</misses>
				<total>0</total>
				<timestamp>102.136141</timestamp>
			</report>
			<report>
				<misses>10400001</misses>
				<total>0</total>
				<timestamp>103.126858</timestamp>
			</report>
			<report>
				<misses>10500001</misses>
				<total>0</total>
				<timestamp>104.120411</timestamp>
			</report>
			<report>
				<misses>10600001</misses>
				<total>0</total>
				<timestamp>105.110964</timestamp>
			</report>
			<report>
				<misses>10700001</misses>
				<total>0</total>
				<timestamp>106.102060</timestamp>
			</report>
			<report>
				<misses>10800001</misses>
				<total>0</total>
				<timestamp>107.093113</timestamp>
			</report>
			<report>
				<misses>10900001</misses>
				<total>0</total>
				<timestamp>108.082402</timestamp>
			</report>
			<report>
				<misses>11000001</misses>
				<total>0</total>
				<timestamp>109.071496</timestamp>
			</report>
			<report>
				<misses>11100001</misses>
				<total>0</total>
				<timestamp>110.060695</timestamp>
			</report>
			<report>
				<misses>11200001</misses>
				<total>0</total>
				<timestamp>111.049585</timestamp>
			</report>
			<report>
				<misses>11300001</misses>
				<total>0</total>
				<timestamp>112.039047</timestamp>
			</report>
			<report>
				<misses>11400001</misses>
				<total>0</total>
				<timestamp>113.027394</timestamp>
			</report>
			<report>
				<misses>11500001</misses>
				<total>0</total>
				<timestamp>114.016862</timestamp>
			</report>
			<report>
				<misses>11600001</misses>
				<total>0</total>
				<timestamp>115.005805</timestamp>
			</report>
			<report>
				<misses>11700001</misses>
				<total>0</total>
				<timestamp>115.995473</timestamp>
			</report>
			<report>
				<misses>11800001</misses>
				<total>0</total>
				<timestamp>116.984612</timestamp>
			</report>
			<report>
				<misses>11900001</misses>
				<total>0</total>
				<timestamp>117.973031</timestamp>
			</report>
			<report>
				<misses>12000001</misses>
				<total>0</total>
				<timestamp>118.962196</timestamp>
			</report>
			<report>
				<misses>12100001</misses>
				<total>0</total>
				<timestamp>119.951939</timestamp>
			</report>
			<report>
				<misses>12200001</misses>
				<total>0</total>
				<timestamp>120.941001</timestamp>
			</report>
			<report>
				<misses>12300001</misses>
				<total>0</total>
				<timestamp>121.930272</timestamp>
			</report>
			<report>
				<misses>12400001</misses>
				<total>0</total>
				<timestamp>122.918254</timestamp>
			</report>
			<report>
				<misses>12500001</misses>
				<total>0</total>
				<timestamp>123.907645</timestamp>
			</report>
			<report>
				<misses>12600001</misses>
				<total>0</total>
				<timestamp>124.895835</timestamp>
			</report>
			<report>
				<misses>12700001</misses>
				<total>0</total>
				<timestamp>125.885773</timestamp>
			</report>
			<report>
				<misses>12800001</misses>
				<total>0</total>
				<timestamp>126.875321</timestamp>
			</report>
			<report>
				<misses>12900001</misses>
				<total>0</total>
				<timestamp>127.863954</timestamp>
			</report>
			<report>
				<misses>13000001</misses>
				<total>0</total>
				<timestamp>128.852470</timestamp>
			</report>
			<report>
				<misses>13100001</misses>
				<total>0</total>
				<timestamp>129.841306</timestamp>
			</report>
			<report>
				<misses>13200001</misses>
				<total>0</total>
				<timestamp>130.829735</timestamp>
			</report>
			<report>
				<misses>13300001</misses>
				<total>0</total>
				<timestamp>131.818816</timestamp>
			</report>
			<report>
				<misses>13400001</misses>
				<total>0</total>
				<timestamp>132.807232</timestamp>
			</report>
			<report>
				<misses>13500001</misses>
				<total>0</total>
				<timestamp>133.794825</timestamp>
			</report>
			<report>
				<misses>13600001</misses>
				<total>0</total>
				<timestamp>134.782902</timestamp>
			</report>
			<report>
				<misses>13700001</misses>
				<total>0</total>
				<timestamp>135.772017</timestamp>
			</report>
			<report>
				<misses>13800001</misses>
				<total>0</total>
				<timestamp>136.760323</timestamp>
			</report>
			<report>
				<misses>13900001</misses>
				<total>0</total>
				<timestamp>137.748865</timestamp>
			</report>
			<report>
				<misses>14000001</misses>
				<total>0</total>
				<timestamp>138.737523</timestamp>
			</report>
			<report>
				<misses>14100001</misses>
				<total>0</total>
				<timestamp>139.726181</timestamp>
			</report>
			<report>
				<misses>14200001</misses>
				<total>0</total>
				<timestamp>140.713956</timestamp>
			</report>
			<report>
				<misses>14300001</misses>
				<total>0</total>
				<timestamp>141.702754</timestamp>
			</report>
			<report>
				<misses>14400001</misses>
				<total>0</total>
				<timestamp>142.691026</timestamp>
			</report>
			<report>
				<misses>14500001</misses>
				<total>0</total>
				<timestamp>143.679691</timestamp>
			</report>
			<report>
				<misses>14600001</misses>
				<total>0</total>
				<timestamp>144.668443</timestamp>
			</report>
			<report>
				<misses>14700001</misses>
				<total>0</total>
				<timestamp>145.656728</timestamp>
			</report>
			<report>
				<misses>14800001</misses>
				<total>0</total>
				<timestamp>146.645105</timestamp>
			</report>
			<report>
				<misses>14900001</misses>
				<total>0</total>
				<timestamp>147.633787</timestamp>
			</report>
			<report>
				<misses>15000001</misses>
				<total>0</total>
				<timestamp>148.622360</timestamp>
			</report>
			<report>
				<misses>15100001</misses>
				<total>0</total>
				<timestamp>149.611007</timestamp>
			</report>
			<report>
				<misses>15200001</misses>
				<total>0</total>
				<timestamp>150.599508</timestamp>
			</report>
			<report>
				<misses>15300001</misses>
				<total>0</total>
				<timestamp>151.588494</timestamp>
			</report>
			<report>
				<misses>15400001</misses>
				<total>0</total>
				<timestamp>152.577062</timestamp>
			</report>
			<report>
				<misses>15500001</misses>
				<total>0</total>
				<timestamp>153.566210</timestamp>
			</report>
			<report>
				<misses>15600001</misses>
				<total>0</total>
				<timestamp>154.555696</timestamp>
			</report>
			<report>
				<misses>15700001</misses>
				<total>0</total>
				<timestamp>155.545371</timestamp>
			</report>
			<report>
				<misses>15800001</misses>
				<total>0</total>
				<timestamp>156.535130</timestamp>
			</report>
			<report>
				<misses>15900001</misses>
				<total>0</total>
				<timestamp>157.523786</timestamp>
			</report>
			<report>
				<misses>16000001</misses>
				<total>0</total>
				<timestamp>158.512840</timestamp>
			</report>
			<report>
				<misses>16100001</misses>
				<total>0</total>
				<timestamp>159.502195</timestamp>
			</report>
			<report>
				<misses>16200001</misses>
				<total>0</total>
				<timestamp>160.490878</timestamp>
			</report>
			<report>
				<misses>16300001</misses>
				<total>0</total>
				<timestamp>161.480039</timestamp>
			</report>
			<report>
				<misses>16400001</misses>
				<total>0</total>
				<timestamp>162.469282</timestamp>
			</report>
			<report>
				<misses>16500001</misses>
				<total>0</total>
				<timestamp>163.457778</timestamp>
			</report>
			<report>
				<misses>16600001</misses>
				<total>0</total>
				<timestamp>164.446570</timestamp>
			</report>
			<report>
				<misses>16700001</misses>
				<total>0</total>
				<timestamp>165.435902</timestamp>
			</report>
			<report>
				<misses>16800001</misses>
				<total>0</total>
				<timestamp>166.425324</timestamp>
			</report>
			<report>
				<misses>16900001</misses>
				<total>0</total>
				<timestamp>167.414225</timestamp>
			</report>
			<report>
				<misses>17000001</misses>
				<total>0</total>
				<timestamp>168.403188</timestamp>
			</report>
			<report>
				<misses>17100001</misses>
				<total>0</total>
				<timestamp>169.392478</timestamp>
			</report>
			<report>
				<misses>17200001</misses>
				<total>0</total>
				<timestamp>170.381015</timestamp>
			</report>
			<report>
				<misses>17300001</misses>
				<total>0</total>
				<timestamp>171.370060</timestamp>
			</report>
			<report>
				<misses>17400001</misses>
				<total>0</total>
				<timestamp>172.359481</timestamp>
			</report>
			<report>
				<misses>17500001</misses>
				<total>0</total>
				<timestamp>173.348952</timestamp>
			</report>
			<report>
				<misses>17600001</misses>
				<total>0</total>
				<timestamp>174.338186</timestamp>
			</report>
			<report>
				<misses>17700001</misses>
				<total>0</total>
				<timestamp>175.327478</timestamp>
			</report>
			<report>
				<misses>17800001</misses>
				<total>0</total>
				<timestamp>176.316336</timestamp>
			</report>
			<report>
				<misses>17900001</misses>
				<total>0</total>
				<timestamp>177.305559</timestamp>
			</report>
			<report>
				<misses>18000001</misses>
				<total>0</total>
				<timestamp>178.294182</timestamp>
			</report>
			<report>
				<misses>18100001</misses>
				<total>0</total>
				<timestamp>179.282895</timestamp>
			</report>
			<report>
				<misses>18200001</misses>
				<total>0</total>
				<timestamp>180.271246</timestamp>
			</report>
			<report>
				<misses>18300001</misses>
				<total>0</total>
				<timestamp>181.260434</timestamp>
			</report>
			<report>
				<misses>18400001</misses>
				<total>0</total>
				<timestamp>182.249466</timestamp>
			</report>
			<report>
				<misses>18500001</misses>
				<total>0</total>
				<timestamp>183.238116</timestamp>
			</report>
			<report>
				<misses>18600001</misses>
				<total>0</total>
				<timestamp>184.226657</timestamp>
			</report>
			<report>
				<misses>18700001</misses>
				<total>0</total>
				<timestamp>185.215475</timestamp>
			</report>
			<report>
				<misses>18800001</misses>
				<total>0</total>
				<timestamp>186.204655</timestamp>
			</report>
			<report>
				<misses>18900001</misses>
				<total>0</total>
				<timestamp>187.192624</timestamp>
			</report>
			<report>
				<misses>19000001</misses>
				<total>0</total>
				<timestamp>188.176258</timestamp>
			</report>
			<report>
				<misses>19100001</misses>
				<total>0</total>
				<timestamp>189.160269</timestamp>
			</report>
			<report>
				<misses>19200001</misses>
				<total>0</total>
				<timestamp>190.144227</timestamp>
			</report>
			<report>
				<misses>19300001</misses>
				<total>0</total>
				<timestamp>191.128407</timestamp>
			</report>
			<report>
				<misses>19400001</misses>
				<total>0</total>
				<timestamp>192.111171</timestamp>
			</report>
			<report>
				<misses>19500001</misses>
				<total>0</total>
				<timestamp>193.084324</timestamp>
			</report>
			<report>
				<misses>19600001</misses>
				<total>0</total>
				<timestamp>194.057344</timestamp>
			</report>
			<report>
				<misses>19700001</misses>
				<total>0</total>
				<timestamp>195.030436</timestamp>
			</report>
			<report>
				<misses>19800001</misses>
				<total>0</total>
				<timestamp>196.003395</timestamp>
			</report>
			<report>
				<misses>19900001</misses>
				<total>0</total>
				<timestamp>196.976500</timestamp>
			</report>
			<report>
				<misses>20000001</misses>
				<total>0</total>
				<timestamp>197.949374</timestamp>
			</report>
			<report>
				<misses>20100001</misses>
				<total>0</total>
				<timestamp>198.922563</timestamp>
			</report>
			<report>
				<misses>20200001</misses>
				<total>0</total>
				<timestamp>199.895558</timestamp>
			</report>
			<report>
				<misses>20300001</misses>
				<total>0</total>
				<timestamp>200.868681</timestamp>
			</report>
			<report>
				<misses>20400001</misses>
				<total>0</total>
				<timestamp>201.841605</timestamp>
			</report>
			<report>
				<misses>20500001</misses>
				<total>0</total>
				<timestamp>202.814962</timestamp>
			</report>
			<report>
				<misses>20600001</misses>
				<total>0</total>
				<timestamp>203.788012</timestamp>
			</report>
			<report>
				<misses>20700001</misses>
				<total>0</total>
				<timestamp>204.761092</timestamp>
			</report>
			<report>
				<misses>20800001</misses>
				<total>0</total>
				<timestamp>205.744028</timestamp>
			</report>
			<report>
				<misses>20900001</misses>
				<total>0</total>
				<timestamp>206.729290</timestamp>
			</report>
			<report>
				<misses>21000001</misses>
				<total>0</total>
				<timestamp>207.714706</timestamp>
			</report>
			<report>
				<misses>21100001</misses>
				<total>0</total>
				<timestamp>208.696902</timestamp>
			</report>
			<report>
				<misses>21200001</misses>
				<total>0</total>
				<timestamp>209.684643</timestamp>
			</report>
			<report>
				<misses>21300001</misses>
				<total>0</total>
				<timestamp>210.672526</timestamp>
			</report>
			<report>
				<misses>21400001</misses>
				<total>0</total>
				<timestamp>211.659769</timestamp>
			</report>
			<report>
				<misses>21500001</misses>
				<total>0</total>
				<timestamp>212.648116</timestamp>
			</report>
			<report>
				<misses>21600001</misses>
				<total>0</total>
				<timestamp>213.635580</timestamp>
			</report>
			<report>
				<misses>21700001</misses>
				<total>0</total>
				<timestamp>214.623607</timestamp>
			</report>
			<report>
				<misses>21800001</misses>
				<total>0</total>
				<timestamp>215.611293</timestamp>
			</report>
			<report>
				<misses>21900001</misses>
				<total>0</total>
				<timestamp>216.599880</timestamp>
			</report>
			<report>
				<misses>22000001</misses>
				<total>0</total>
				<timestamp>217.587669</timestamp>
			</report>
			<report>
				<misses>22100001</misses>
				<total>0</total>
				<timestamp>218.575325</timestamp>
			</report>
			<report>
				<misses>22200001</misses>
				<total>0</total>
				<timestamp>219.562672</timestamp>
			</report>
			<report>
				<misses>22300001</misses>
				<total>0</total>
				<timestamp>220.551629</timestamp>
			</report>
			<report>
				<misses>22400001</misses>
				<total>0</total>
				<timestamp>221.540326</timestamp>
			</report>
			<report>
				<misses>22500001</misses>
				<total>0</total>
				<timestamp>222.529112</timestamp>
			</report>
			<report>
				<misses>22600001</misses>
				<total>0</total>
				<timestamp>223.517640</timestamp>
			</report>
			<report>
				<misses>22700001</misses>
				<total>0</total>
				<timestamp>224.506022</timestamp>
			</report>
			<report>
				<misses>22800001</misses>
				<total>0</total>
				<timestamp>225.493828</timestamp>
			</report>
			<report>
				<misses>22900001</misses>
				<total>0</total>
				<timestamp>226.481395</timestamp>
			</report>
			<report>
				<misses>23000001</misses>
				<total>0</total>
				<timestamp>227.469406</timestamp>
			</report>
			<report>
				<misses>23100001</misses>
				<total>0</total>
				<timestamp>228.457654</timestamp>
			</report>
			<report>
				<misses>23200001</misses>
				<total>0</total>
				<timestamp>229.445093</timestamp>
			</report>
			<report>
				<misses>23300001</misses>
				<total>0</total>
				<timestamp>230.433474</timestamp>
			</report>
			<report>
				<misses>23400001</misses>
				<total>0</total>
				<timestamp>231.421480</timestamp>
			</report>
			<report>
				<misses>23500001</misses>
				<total>0</total>
				<timestamp>232.408883</timestamp>
			</report>
			<report>
				<misses>23600001</misses>
				<total>0</total>
				<timestamp>233.396300</timestamp>
			</report>
			<report>
				<misses>23700001</misses>
				<total>0</total>
				<timestamp>234.385167</timestamp>
			</report>
			<report>
				<misses>23800001</misses>
				<total>0</total>
				<timestamp>235.372483</timestamp>
			</report>
			<report>
				<misses>23900001</misses>
				<total>0</total>
				<timestamp>236.360338</timestamp>
			</report>
			<report>
				<misses>24000001</misses>
				<total>0</total>
				<timestamp>237.348120</timestamp>
			</report>
			<report>
				<misses>24100001</misses>
				<total>0</total>
				<timestamp>238.336727</timestamp>
			</report>
			<report>
				<misses>24200001</misses>
				<total>0</total>
				<timestamp>239.325073</timestamp>
			</report>
			<report>
				<misses>24300001</misses>
				<total>0</total>
				<timestamp>240.311986</timestamp>
			</report>
			<report>
				<misses>24400001</misses>
				<total>0</total>
				<timestamp>241.299955</timestamp>
			</report>
			<report>
				<misses>24500001</misses>
				<total>0</total>
				<timestamp>242.288347</timestamp>
			</report>
			<report>
				<misses>24600001</misses>
				<total>0</total>
				<timestamp>243.276890</timestamp>
			</report>
			<report>
				<misses>24700001</misses>
				<total>0</total>
				<timestamp>244.264721</timestamp>
			</report>
			<report>
				<misses>24800001</misses>
				<total>0</total>
				<timestamp>245.251742</timestamp>
			</report>
			<report>
				<misses>24900001</misses>
				<total>0</total>
				<timestamp>246.239276</timestamp>
			</report>
			<report>
				<misses>25000001</misses>
				<total>0</total>
				<timestamp>247.230678</timestamp>
			</report>
			<report>
				<misses>25100001</misses>
				<total>0</total>
				<timestamp>248.218808</timestamp>
			</report>
			<report>
				<misses>25200001</misses>
				<total>0</total>
				<timestamp>249.206534</timestamp>
			</report>
			<report>
				<misses>25300001</misses>
				<total>0</total>
				<timestamp>250.193979</timestamp>
			</report>
			<report>
				<misses>25400001</misses>
				<total>0</total>
				<timestamp>251.182260</timestamp>
			</report>
			<report>
				<misses>25500001</misses>
				<total>0</total>
				<timestamp>252.170709</timestamp>
			</report>
			<report>
				<misses>25600001</misses>
				<total>0</total>
				<timestamp>253.158806</timestamp>
			</report>
			<report>
				<misses>25700001</misses>
				<total>0</total>
				<timestamp>254.149949</timestamp>
			</report>
			<report>
				<misses>25800001</misses>
				<total>0</total>
				<timestamp>255.138168</timestamp>
			</report>
			<report>
				<misses>25900001</misses>
				<total>0</total>
				<timestamp>256.126096</timestamp>
			</report>
			<report>
				<misses>26000001</misses>
				<total>0</total>
				<timestamp>257.114248</timestamp>
			</report>
			<report>
				<misses>26100001</misses>
				<total>0</total>
				<timestamp>258.101961</timestamp>
			</report>
			<report>
				<misses>26200001</misses>
				<total>0</total>
				<timestamp>259.089276</timestamp>
			</report>
			<report>
				<misses>26300001</misses>
				<total>0</total>
				<timestamp>260.076602</timestamp>
			</report>
			<report>
				<misses>26400001</misses>
				<total>0</total>
				<timestamp>261.063883</timestamp>
			</report>
			<report>
				<misses>26500001</misses>
				<total>0</total>
				<timestamp>262.051058</timestamp>
			</report>
			<report>
				<misses>26600001</misses>
				<total>0</total>
				<timestamp>263.037984</timestamp>
			</report>
			<report>
				<misses>26700001</misses>
				<total>0</total>
				<timestamp>264.025467</timestamp>
			</report>
			<report>
				<misses>26800001</misses>
				<total>0</total>
				<timestamp>265.012595</timestamp>
			</report>
			<report>
				<misses>26900001</misses>
				<total>0</total>
				<timestamp>266.000182</timestamp>
			</report>
			<report>
				<misses>27000001</misses>
				<total>0</total>
				<timestamp>266.987673</timestamp>
			</report>
			<report>
				<misses>27100001</misses>
				<total>0</total>
				<timestamp>267.975555</timestamp>
			</report>
			<report>
				<misses>27200001</misses>
				<total>0</total>
				<timestamp>268.962769</timestamp>
			</report>
			<report>
				<misses>27300001</misses>
				<total>0</total>
				<timestamp>269.950178</timestamp>
			</report>
			<report>
				<misses>27400001</misses>
				<total>0</total>
				<timestamp>270.938067</timestamp>
			</report>
			<report>
				<misses>27500001</misses>
				<total>0</total>
				<timestamp>271.925433</timestamp>
			</report>
			<report>
				<misses>27600001</misses>
				<total>0</total>
				<timestamp>272.914127</timestamp>
			</report>
			<report>
				<misses>27700001</misses>
				<total>0</total>
				<timestamp>273.906975</timestamp>
			</report>
			<report>
				<misses>27800001</misses>
				<total>0</total>
				<timestamp>274.894850</timestamp>
			</report>
			<report>
				<misses>27900001</misses>
				<total>0</total>
				<timestamp>275.882590</timestamp>
			</report>
			<report>
				<misses>28000001</misses>
				<total>0</total>
				<timestamp>276.870644</timestamp>
			</report>
			<report>
				<misses>28100001</misses>
				<total>0</total>
				<timestamp>277.858089</timestamp>
			</report>
			<report>
				<misses>28200001</misses>
				<total>0</total>
				<timestamp>278.845902</timestamp>
			</report>
			<report>
				<misses>28300001</misses>
				<total>0</total>
				<timestamp>279.833848</timestamp>
			</report>
			<report>
				<misses>28400001</misses>
				<total>0</total>
				<timestamp>280.820846</timestamp>
			</report>
			<report>
				<misses>28500001</misses>
				<total>0</total>
				<timestamp>281.808511</timestamp>
			</report>
			<report>
				<misses>28600001</misses>
				<total>0</total>
				<timestamp>282.797290</timestamp>
			</report>
			<report>
				<misses>28700001</misses>
				<total>0</total>
				<timestamp>283.785203</timestamp>
			</report>
			<report>
				<misses>28800001</misses>
				<total>0</total>
				<timestamp>284.773007</timestamp>
			</report>
			<report>
				<misses>28900001</misses>
				<total>0</total>
				<timestamp>285.756517</timestamp>
			</report>
			<report>
				<misses>29000001</misses>
				<total>0</total>
				<timestamp>286.739831</timestamp>
			</report>
			<report>
				<misses>29100001</misses>
				<total>0</total>
				<timestamp>287.726287</timestamp>
			</report>
			<report>
				<misses>29200001</misses>
				<total>0</total>
				<timestamp>288.706616</timestamp>
			</report>
			<report>
				<misses>29300001</misses>
				<total>0</total>
				<timestamp>289.685656</timestamp>
			</report>
			<report>
				<misses>29400001</misses>
				<total>0</total>
				<timestamp>290.670903</timestamp>
			</report>
			<report>
				<misses>29500001</misses>
				<total>0</total>
				<timestamp>291.656997</timestamp>
			</report>
			<report>
				<misses>29600001</misses>
				<total>0</total>
				<timestamp>292.643788</timestamp>
			</report>
			<report>
				<misses>29700001</misses>
				<total>0</total>
				<timestamp>293.630174</timestamp>
			</report>
			<report>
				<misses>29800001</misses>
				<total>0</total>
				<timestamp>294.615952</timestamp>
			</report>
			<report>
				<misses>29900001</misses>
				<total>0</total>
				<timestamp>295.603975</timestamp>
			</report>
			<report>
				<misses>30000001</misses>
				<total>0</total>
				<timestamp>296.585552</timestamp>
			</report>
			<report>
				<misses>30100001</misses>
				<total>0</total>
				<timestamp>297.571271</timestamp>
			</report>
			<report>
				<misses>30200001</misses>
				<total>0</total>
				<timestamp>298.559744</timestamp>
			</report>
			<report>
				<misses>30300001</misses>
				<total>0</total>
				<timestamp>299.547606</timestamp>
			</report>
			<report>
				<misses>30400001</misses>
				<total>0</total>
				<timestamp>300.535008</timestamp>
			</report>
			<report>
				<misses>30500001</misses>
				<total>0</total>
				<timestamp>301.522555</timestamp>
			</report>
			<report>
				<misses>30600001</misses>
				<total>0</total>
				<timestamp>302.510429</timestamp>
			</report>
			<report>
				<misses>30700001</misses>
				<total>0</total>
				<timestamp>303.498737</timestamp>
			</report>
			<report>
				<misses>30800001</misses>
				<total>0</total>
				<timestamp>304.486463</timestamp>
			</report>
			<report>
				<misses>30900001</misses>
				<total>0</total>
				<timestamp>305.474251</timestamp>
			</report>
			<report>
				<misses>31000001</misses>
				<total>0</total>
				<timestamp>306.462460</timestamp>
			</report>
			<report>
				<misses>31100001</misses>
				<total>0</total>
				<timestamp>307.439184</timestamp>
			</report>
			<report>
				<misses>31200001</misses>
				<total>0</total>
				<timestamp>308.420484</timestamp>
			</report>
			<report>
				<misses>31300001</misses>
				<total>0</total>
				<timestamp>309.403515</timestamp>
			</report>
			<report>
				<misses>31400001</misses>
				<total>0</total>
				<timestamp>310.386152</timestamp>
			</report>
			<report>
				<misses>31500001</misses>
				<total>0</total>
				<timestamp>311.368267</timestamp>
			</report>
			<report>
				<misses>31600001</misses>
				<total>0</total>
				<timestamp>312.351132</timestamp>
			</report>
			<report>
				<misses>31700001</misses>
				<total>0</total>
				<timestamp>313.334014</timestamp>
			</report>
			<report>
				<misses>31800001</misses>
				<total>0</total>
				<timestamp>314.316128</timestamp>
			</report>
			<report>
				<misses>31900001</misses>
				<total>0</total>
				<timestamp>315.297967</timestamp>
			</report>
			<report>
				<misses>32000001</misses>
				<total>0</total>
				<timestamp>316.280391</timestamp>
			</report>
			<report>
				<misses>32100001</misses>
				<total>0</total>
				<timestamp>317.263315</timestamp>
			</report>
			<report>
				<misses>32200001</misses>
				<total>0</total>
				<timestamp>318.249660</timestamp>
			</report>
			<report>
				<misses>32300001</misses>
				<total>0</total>
				<timestamp>319.236897</timestamp>
			</report>
			<report>
				<misses>32400001</misses>
				<total>0</total>
				<timestamp>320.223253</timestamp>
			</report>
			<report>
				<misses>32500001</misses>
				<total>0</total>
				<timestamp>321.210044</timestamp>
			</report>
			<report>
				<misses>32600001</misses>
				<total>0</total>
				<timestamp>322.197870</timestamp>
			</report>
			<report>
				<misses>32700001</misses>
				<total>0</total>
				<timestamp>323.184892</timestamp>
			</report>
			<report>
				<misses>32800001</misses>
				<total>0</total>
				<timestamp>324.170800</timestamp>
			</report>
			<report>
				<misses>32900001</misses>
				<total>0</total>
				<timestamp>325.156376</timestamp>
			</report>
			<report>
				<misses>33000001</misses>
				<total>0</total>
				<timestamp>326.143217</timestamp>
			</report>
			<report>
				<misses>33100001</misses>
				<total>0</total>
				<timestamp>327.128802</timestamp>
			</report>
			<report>
				<misses>33200001</misses>
				<total>0</total>
				<timestamp>328.114572</timestamp>
			</report>
			<report>
				<misses>33300001</misses>
				<total>0</total>
				<timestamp>329.100341</timestamp>
			</report>
			<report>
				<misses>33400001</misses>
				<total>0</total>
				<timestamp>330.086027</timestamp>
			</report>
			<report>
				<misses>33500001</misses>
				<total>0</total>
				<timestamp>331.071722</timestamp>
			</report>
			<report>
				<misses>33600001</misses>
				<total>0</total>
				<timestamp>332.057551</timestamp>
			</report>
			<report>
				<misses>33700001</misses>
				<total>0</total>
				<timestamp>333.043430</timestamp>
			</report>
			<report>
				<misses>33800001</misses>
				<total>0</total>
				<timestamp>334.028900</timestamp>
			</report>
			<report>
				<misses>33900001</misses>
				<total>0</total>
				<timestamp>335.014143</timestamp>
			</report>
			<report>
				<misses>34000001</misses>
				<total>0</total>
				<timestamp>335.999879</timestamp>
			</report>
			<report>
				<misses>34100001</misses>
				<total>0</total>
				<timestamp>336.985456</timestamp>
			</report>
			<report>
				<misses>34200001</misses>
				<total>0</total>
				<timestamp>337.971018</timestamp>
			</report>
			<report>
				<misses>34300001</misses>
				<total>0</total>
				<timestamp>338.957688</timestamp>
			</report>
			<report>
				<misses>34400001</misses>
				<total>0</total>
				<timestamp>339.943360</timestamp>
			</report>
			<report>
				<misses>34500001</misses>
				<total>0</total>
				<timestamp>340.928909</timestamp>
			</report>
			<report>
				<misses>34600001</misses>
				<total>0</total>
				<timestamp>341.915033</timestamp>
			</report>
			<report>
				<misses>34700001</misses>
				<total>0</total>
				<timestamp>342.900438</timestamp>
			</report>
			<report>
				<misses>34800001</misses>
				<total>0</total>
				<timestamp>343.887473</timestamp>
			</report>
			<report>
				<misses>34900001</misses>
				<total>0</total>
				<timestamp>344.873312</timestamp>
			</report>
			<report>
				<misses>35000001</misses>
				<total>0</total>
				<timestamp>345.858658</timestamp>
			</report>
			<report>
				<misses>35100001</misses>
				<total>0</total>
				<timestamp>346.843965</timestamp>
			</report>
			<report>
				<misses>35200001</misses>
				<total>0</total>
				<timestamp>347.829923</timestamp>
			</report>
			<report>
				<misses>35300001</misses>
				<total>0</total>
				<timestamp>348.816144</timestamp>
			</report>
			<report>
				<misses>35400001</misses>
				<total>0</total>
				<timestamp>349.801570</timestamp>
			</report>
			<report>
				<misses>35500001</misses>
				<total>0</total>
				<timestamp>350.786854</timestamp>
			</report>
			<report>
				<misses>35600001</misses>
				<total>0</total>
				<timestamp>351.771152</timestamp>
			</report>
			<report>
				<misses>35700001</misses>
				<total>0</total>
				<timestamp>352.755324</timestamp>
			</report>
			<report>
				<misses>35800001</misses>
				<total>0</total>
				<timestamp>353.739366</timestamp>
			</report>
			<report>
				<misses>35900001</misses>
				<total>0</total>
				<timestamp>354.723332</timestamp>
			</report>
			<report>
				<misses>36000001</misses>
				<total>0</total>
				<timestamp>355.706875</timestamp>
			</report>
			<report>
				<misses>36100001</misses>
				<total>0</total>
				<timestamp>356.690091</timestamp>
			</report>
			<report>
				<misses>36200001</misses>
				<total>0</total>
				<timestamp>357.673362</timestamp>
			</report>
			<report>
				<misses>36300001</misses>
				<total>0</total>
				<timestamp>358.657110</timestamp>
			</report>
			<report>
				<misses>36400001</misses>
				<total>0</total>
				<timestamp>359.640281</timestamp>
			</report>
			<report>
				<misses>36500001</misses>
				<total>0</total>
				<timestamp>360.623673</timestamp>
			</report>
			<report>
				<misses>36600001</misses>
				<total>0</total>
				<timestamp>361.607865</timestamp>
			</report>
			<report>
				<misses>36700001</misses>
				<total>0</total>
				<timestamp>362.590836</timestamp>
			</report>
			<report>
				<misses>36800001</misses>
				<total>0</total>
				<timestamp>363.573925</timestamp>
			</report>
			<report>
				<misses>36900001</misses>
				<total>0</total>
				<timestamp>364.557471</timestamp>
			</report>
			<report>
				<misses>37000001</misses>
				<total>0</total>
				<timestamp>365.540714</timestamp>
			</report>
			<report>
				<misses>37100001</misses>
				<total>0</total>
				<timestamp>366.527720</timestamp>
			</report>
			<report>
				<misses>37200001</misses>
				<total>0</total>
				<timestamp>367.515105</timestamp>
			</report>
			<report>
				<misses>37300001</misses>
				<total>0</total>
				<timestamp>368.502550</timestamp>
			</report>
			<report>
				<misses>37400001</misses>
				<total>0</total>
				<timestamp>369.491425</timestamp>
			</report>
			<report>
				<misses>37500001</misses>
				<total>0</total>
				<timestamp>370.480378</timestamp>
			</report>
			<report>
				<misses>37600001</misses>
				<total>0</total>
				<timestamp>371.469333</timestamp>
			</report>
			<report>
				<misses>37700001</misses>
				<total>0</total>
				<timestamp>372.452708</timestamp>
			</report>
			<report>
				<misses>37800001</misses>
				<total>0</total>
				<timestamp>373.441679</timestamp>
			</report>
			<report>
				<misses>37900001</misses>
				<total>0</total>
				<timestamp>374.430103</timestamp>
			</report>
			<report>
				<misses>38000001</misses>
				<total>0</total>
				<timestamp>375.419245</timestamp>
			</report>
			<report>
				<misses>38100001</misses>
				<total>0</total>
				<timestamp>376.362595</timestamp>
			</report>
			<report>
				<misses>38200001</misses>
				<total>0</total>
				<timestamp>377.291294</timestamp>
			</report>
			<report>
				<misses>38300001</misses>
				<total>0</total>
				<timestamp>378.222574</timestamp>
			</report>
			<report>
				<misses>38400001</misses>
				<total>0</total>
				<timestamp>379.153465</timestamp>
			</report>
			<report>
				<misses>38500001</misses>
				<total>0</total>
				<timestamp>380.082163</timestamp>
			</report>
			<report>
				<misses>38600001</misses>
				<total>0</total>
				<timestamp>381.009579</timestamp>
			</report>
			<report>
				<misses>38700001</misses>
				<total>0</total>
				<timestamp>381.939447</timestamp>
			</report>
			<report>
				<misses>38800001</misses>
				<total>0</total>
				<timestamp>382.868572</timestamp>
			</report>
			<report>
				<misses>38900001</misses>
				<total>0</total>
				<timestamp>383.799775</timestamp>
			</report>
			<report>
				<misses>39000001</misses>
				<total>0</total>
				<timestamp>384.732183</timestamp>
			</report>
			<report>
				<misses>39100001</misses>
				<total>0</total>
				<timestamp>385.663751</timestamp>
			</report>
			<report>
				<misses>39200001</misses>
				<total>0</total>
				<timestamp>386.595839</timestamp>
			</report>
			<report>
				<misses>39300001</misses>
				<total>0</total>
				<timestamp>387.525698</timestamp>
			</report>
			<report>
				<misses>39400001</misses>
				<total>0</total>
				<timestamp>388.455235</timestamp>
			</report>
			<report>
				<misses>39500001</misses>
				<total>0</total>
				<timestamp>389.385707</timestamp>
			</report>
			<report>
				<misses>39600001</misses>
				<total>0</total>
				<timestamp>390.315047</timestamp>
			</report>
			<report>
				<misses>39700001</misses>
				<total>0</total>
				<timestamp>391.243283</timestamp>
			</report>
			<report>
				<misses>39800001</misses>
				<total>0</total>
				<timestamp>392.172782</timestamp>
			</report>
			<report>
				<misses>39900001</misses>
				<total>0</total>
				<timestamp>393.104218</timestamp>
			</report>
			<report>
				<misses>40000001</misses>
				<total>0</total>
				<timestamp>394.034047</timestamp>
			</report>
			<report>
				<misses>40100001</misses>
				<total>0</total>
				<timestamp>394.961263</timestamp>
			</report>
			<report>
				<misses>40200001</misses>
				<total>0</total>
				<timestamp>395.891476</timestamp>
			</report>
			<report>
				<misses>40300001</misses>
				<total>0</total>
				<timestamp>396.823202</timestamp>
			</report>
			<report>
				<misses>40400001</misses>
				<total>0</total>
				<timestamp>397.753839</timestamp>
			</report>
			<report>
				<misses>40500001</misses>
				<total>0</total>
				<timestamp>398.685401</timestamp>
			</report>
			<report>
				<misses>40600001</misses>
				<total>0</total>
				<timestamp>399.615836</timestamp>
			</report>
			<report>
				<misses>40700001</misses>
				<total>0</total>
				<timestamp>400.539873</timestamp>
			</report>
			<report>
				<misses>40800001</misses>
				<total>0</total>
				<timestamp>401.468187</timestamp>
			</report>
			<report>
				<misses>40900001</misses>
				<total>0</total>
				<timestamp>402.396701</timestamp>
			</report>
			<report>
				<misses>41000001</misses>
				<total>0</total>
				<timestamp>403.325157</timestamp>
			</report>
			<report>
				<misses>41100001</misses>
				<total>0</total>
				<timestamp>404.256647</timestamp>
			</report>
			<report>
				<misses>41200001</misses>
				<total>0</total>
				<timestamp>405.188595</timestamp>
			</report>
			<report>
				<misses>41300001</misses>
				<total>0</total>
				<timestamp>406.118101</timestamp>
			</report>
			<report>
				<misses>41400001</misses>
				<total>0</total>
				<timestamp>407.048735</timestamp>
			</report>
			<report>
				<misses>41500001</misses>
				<total>0</total>
				<timestamp>407.979674</timestamp>
			</report>
			<report>
				<misses>41600001</misses>
				<total>0</total>
				<timestamp>408.912995</timestamp>
			</report>
			<report>
				<misses>41700001</misses>
				<total>0</total>
				<timestamp>409.842782</timestamp>
			</report>
			<report>
				<misses>41800001</misses>
				<total>0</total>
				<timestamp>410.775164</timestamp>
			</report>
			<report>
				<misses>41900001</misses>
				<total>0</total>
				<timestamp>411.706605</timestamp>
			</report>
			<report>
				<misses>42000001</misses>
				<total>0</total>
				<timestamp>412.636620</timestamp>
			</report>
			<report>
				<misses>42100001</misses>
				<total>0</total>
				<timestamp>413.561203</timestamp>
			</report>
			<report>
				<misses>42200001</misses>
				<total>0</total>
				<timestamp>414.492258</timestamp>
			</report>
			<report>
				<misses>42300001</misses>
				<total>0</total>
				<timestamp>415.424365</timestamp>
			</report>
			<report>
				<misses>42400001</misses>
				<total>0</total>
				<timestamp>416.354676</timestamp>
			</report>
			<report>
				<misses>42500001</misses>
				<total>0</total>
				<timestamp>417.285637</timestamp>
			</report>
			<report>
				<misses>42600001</misses>
				<total>0</total>
				<timestamp>418.215554</timestamp>
			</report>
			<report>
				<misses>42700001</misses>
				<total>0</total>
				<timestamp>419.149832</timestamp>
			</report>
			<report>
				<misses>42800001</misses>
				<total>0</total>
				<timestamp>420.080586</timestamp>
			</report>
			<report>
				<misses>42900001</misses>
				<total>0</total>
				<timestamp>421.009340</timestamp>
			</report>
			<report>
				<misses>43000001</misses>
				<total>0</total>
				<timestamp>421.938256</timestamp>
			</report>
			<report>
				<misses>43100001</misses>
				<total>0</total>
				<timestamp>422.868526</timestamp>
			</report>
			<report>
				<misses>43200001</misses>
				<total>0</total>
				<timestamp>423.800112</timestamp>
			</report>
			<report>
				<misses>43300001</misses>
				<total>0</total>
				<timestamp>424.728490</timestamp>
			</report>
			<report>
				<misses>43400001</misses>
				<total>0</total>
				<timestamp>425.659600</timestamp>
			</report>
			<report>
				<misses>43500001</misses>
				<total>0</total>
				<timestamp>426.587076</timestamp>
			</report>
			<report>
				<misses>43600001</misses>
				<total>0</total>
				<timestamp>427.516805</timestamp>
			</report>
			<report>
				<misses>43700001</misses>
				<total>0</total>
				<timestamp>428.447140</timestamp>
			</report>
			<report>
				<misses>43800001</misses>
				<total>0</total>
				<timestamp>429.376776</timestamp>
			</report>
			<report>
				<misses>43900001</misses>
				<total>0</total>
				<timestamp>430.307483</timestamp>
			</report>
			<report>
				<misses>44000001</misses>
				<total>0</total>
				<timestamp>431.235604</timestamp>
			</report>
			<report>
				<misses>44100001</misses>
				<total>0</total>
				<timestamp>432.163665</timestamp>
			</report>
			<report>
				<misses>44200001</misses>
				<total>0</total>
				<timestamp>433.095011</timestamp>
			</report>
			<report>
				<misses>44300001</misses>
				<total>0</total>
				<timestamp>434.022412</timestamp>
			</report>
			<report>
				<misses>44400001</misses>
				<total>0</total>
				<timestamp>434.949609</timestamp>
			</report>
			<report>
				<misses>44500001</misses>
				<total>0</total>
				<timestamp>435.876935</timestamp>
			</report>
			<report>
				<misses>44600001</misses>
				<total>0</total>
				<timestamp>436.805739</timestamp>
			</report>
			<report>
				<misses>44700001</misses>
				<total>0</total>
				<timestamp>437.734255</timestamp>
			</report>
			<report>
				<misses>44800001</misses>
				<total>0</total>
				<timestamp>438.663734</timestamp>
			</report>
			<report>
				<misses>44900001</misses>
				<total>0</total>
				<timestamp>439.594090</timestamp>
			</report>
			<report>
				<misses>45000001</misses>
				<total>0</total>
				<timestamp>440.523455</timestamp>
			</report>
			<report>
				<misses>45100001</misses>
				<total>0</total>
				<timestamp>441.453116</timestamp>
			</report>
			<report>
				<misses>45200001</misses>
				<total>0</total>
				<timestamp>442.381076</timestamp>
			</report>
			<report>
				<misses>45300001</misses>
				<total>0</total>
				<timestamp>443.311509</timestamp>
			</report>
			<report>
				<misses>45400001</misses>
				<total>0</total>
				<timestamp>444.240365</timestamp>
			</report>
			<report>
				<misses>45500001</misses>
				<total>0</total>
				<timestamp>445.169361</timestamp>
			</report>
			<report>
				<misses>45600001</misses>
				<total>0</total>
				<timestamp>446.099807</timestamp>
			</report>
			<report>
				<misses>45700001</misses>
				<total>0</total>
				<timestamp>447.032912</timestamp>
			</report>
			<report>
				<misses>45800001</misses>
				<total>0</total>
				<timestamp>447.987909</timestamp>
			</report>
			<report>
				<misses>45900001</misses>
				<total>0</total>
				<timestamp>448.961245</timestamp>
			</report>
			<report>
				<misses>46000001</misses>
				<total>0</total>
				<timestamp>449.929988</timestamp>
			</report>
			<report>
				<misses>46100001</misses>
				<total>0</total>
				<timestamp>450.919486</timestamp>
			</report>
			<report>
				<misses>46200001</misses>
				<total>0</total>
				<timestamp>451.908542</timestamp>
			</report>
			<report>
				<misses>46300001</misses>
				<total>0</total>
				<timestamp>452.897566</timestamp>
			</report>
			<report>
				<misses>46400001</misses>
				<total>0</total>
				<timestamp>453.886286</timestamp>
			</report>
			<report>
				<misses>46500001</misses>
				<total>0</total>
				<timestamp>454.875440</timestamp>
			</report>
			<report>
				<misses>46600001</misses>
				<total>0</total>
				<timestamp>455.864245</timestamp>
			</report>
			<report>
				<misses>46700001</misses>
				<total>0</total>
				<timestamp>456.853069</timestamp>
			</report>
			<report>
				<misses>46800001</misses>
				<total>0</total>
				<timestamp>457.841320</timestamp>
			</report>
			<report>
				<misses>46900001</misses>
				<total>0</total>
				<timestamp>458.830298</timestamp>
			</report>
			<report>
				<misses>47000001</misses>
				<total>0</total>
				<timestamp>459.818453</timestamp>
			</report>
			<report>
				<misses>47100001</misses>
				<total>0</total>
				<timestamp>460.807695</timestamp>
			</report>
			<report>
				<misses>47200001</misses>
				<total>0</total>
				<timestamp>461.796585</timestamp>
			</report>
			<report>
				<misses>47300001</misses>
				<total>0</total>
				<timestamp>462.784799</timestamp>
			</report>
			<report>
				<misses>47400001</misses>
				<total>0</total>
				<timestamp>463.771768</timestamp>
			</report>
			<report>
				<misses>47500001</misses>
				<total>0</total>
				<timestamp>464.761145</timestamp>
			</report>
			<report>
				<misses>47600001</misses>
				<total>0</total>
				<timestamp>465.750342</timestamp>
			</report>
			<report>
				<misses>47700001</misses>
				<total>0</total>
				<timestamp>466.739636</timestamp>
			</report>
			<report>
				<misses>47800001</misses>
				<total>0</total>
				<timestamp>467.728893</timestamp>
			</report>
			<report>
				<misses>47900001</misses>
				<total>0</total>
				<timestamp>468.718062</timestamp>
			</report>
			<report>
				<misses>48000001</misses>
				<total>0</total>
				<timestamp>469.707832</timestamp>
			</report>
			<report>
				<misses>48100001</misses>
				<total>0</total>
				<timestamp>470.696795</timestamp>
			</report>
			<report>
				<misses>48200001</misses>
				<total>0</total>
				<timestamp>471.686084</timestamp>
			</report>
			<report>
				<misses>48300001</misses>
				<total>0</total>
				<timestamp>472.675665</timestamp>
			</report>
			<report>
				<misses>48400001</misses>
				<total>0</total>
				<timestamp>473.665627</timestamp>
			</report>
			<report>
				<misses>48500001</misses>
				<total>0</total>
				<timestamp>474.655582</timestamp>
			</report>
			<report>
				<misses>48600001</misses>
				<total>0</total>
				<timestamp>475.645277</timestamp>
			</report>
			<report>
				<misses>48700001</misses>
				<total>0</total>
				<timestamp>476.635346</timestamp>
			</report>
			<report>
				<misses>48800001</misses>
				<total>0</total>
				<timestamp>477.625456</timestamp>
			</report>
			<report>
				<misses>48900001</misses>
				<total>0</total>
				<timestamp>478.615451</timestamp>
			</report>
			<report>
				<misses>49000001</misses>
				<total>0</total>
				<timestamp>479.604978</timestamp>
			</report>
			<report>
				<misses>49100001</misses>
				<total>0</total>
				<timestamp>480.595576</timestamp>
			</report>
			<report>
				<misses>49200001</misses>
				<total>0</total>
				<timestamp>481.586234</timestamp>
			</report>
			<report>
				<misses>49300001</misses>
				<total>0</total>
				<timestamp>482.576255</timestamp>
			</report>
			<report>
				<misses>49400001</misses>
				<total>0</total>
				<timestamp>483.565130</timestamp>
			</report>
			<report>
				<misses>49500001</misses>
				<total>0</total>
				<timestamp>484.553757</timestamp>
			</report>
			<report>
				<misses>49600001</misses>
				<total>0</total>
				<timestamp>485.542777</timestamp>
			</report>
			<report>
				<misses>49700001</misses>
				<total>0</total>
				<timestamp>486.531839</timestamp>
			</report>
			<report>
				<misses>49800001</misses>
				<total>0</total>
				<timestamp>487.520930</timestamp>
			</report>
			<report>
				<misses>49900001</misses>
				<total>0</total>
				<timestamp>488.510464</timestamp>
			</report>
			<report>
				<misses>50000001</misses>
				<total>0</total>
				<timestamp>489.500143</timestamp>
			</report>
			<report>
				<misses>50100001</misses>
				<total>0</total>
				<timestamp>490.488860</timestamp>
			</report>
			<report>
				<misses>50200001</misses>
				<total>0</total>
				<timestamp>491.478437</timestamp>
			</report>
			<report>
				<misses>50300001</misses>
				<total>0</total>
				<timestamp>492.467253</timestamp>
			</report>
			<report>
				<misses>50400001</misses>
				<total>0</total>
				<timestamp>493.396935</timestamp>
			</report>
			<report>
				<misses>50500001</misses>
				<total>0</total>
				<timestamp>494.326461</timestamp>
			</report>
			<report>
				<misses>50600001</misses>
				<total>0</total>
				<timestamp>495.254339</timestamp>
			</report>
			<report>
				<misses>50700001</misses>
				<total>0</total>
				<timestamp>496.173552</timestamp>
			</report>
			<report>
				<misses>50800001</misses>
				<total>0</total>
				<timestamp>497.109490</timestamp>
			</report>
			<report>
				<misses>50900001</misses>
				<total>0</total>
				<timestamp>498.047866</timestamp>
			</report>
			<report>
				<misses>51000001</misses>
				<total>0</total>
				<timestamp>499.004388</timestamp>
			</report>
			<report>
				<misses>51100001</misses>
				<total>0</total>
				<timestamp>499.995495</timestamp>
			</report>
			<report>
				<misses>51200001</misses>
				<total>0</total>
				<timestamp>500.981278</timestamp>
			</report>
			<report>
				<misses>51300001</misses>
				<total>0</total>
				<timestamp>501.958018</timestamp>
			</report>
			<report>
				<misses>51400001</misses>
				<total>0</total>
				<timestamp>502.949714</timestamp>
			</report>
			<report>
				<misses>51500001</misses>
				<total>0</total>
				<timestamp>503.940903</timestamp>
			</report>
			<report>
				<misses>51600001</misses>
				<total>0</total>
				<timestamp>504.932235</timestamp>
			</report>
			<report>
				<misses>51700001</misses>
				<total>0</total>
				<timestamp>505.923378</timestamp>
			</report>
			<report>
				<misses>51800001</misses>
				<total>0</total>
				<timestamp>506.915073</timestamp>
			</report>
			<report>
				<misses>51900001</misses>
				<total>0</total>
				<timestamp>507.907268</timestamp>
			</report>
			<report>
				<misses>52000001</misses>
				<total>0</total>
				<timestamp>508.898424</timestamp>
			</report>
			<report>
				<misses>52100001</misses>
				<total>0</total>
				<timestamp>509.889572</timestamp>
			</report>
			<report>
				<misses>52200001</misses>
				<total>0</total>
				<timestamp>510.881105</timestamp>
			</report>
			<report>
				<misses>52300001</misses>
				<total>0</total>
				<timestamp>511.872075</timestamp>
			</report>
			<report>
				<misses>52400001</misses>
				<total>0</total>
				<timestamp>512.862924</timestamp>
			</report>
			<report>
				<misses>52500001</misses>
				<total>0</total>
				<timestamp>513.854147</timestamp>
			</report>
			<report>
				<misses>52600001</misses>
				<total>0</total>
				<timestamp>514.845330</timestamp>
			</report>
			<report>
				<misses>52700001</misses>
				<total>0</total>
				<timestamp>515.839426</timestamp>
			</report>
			<report>
				<misses>52800001</misses>
				<total>0</total>
				<timestamp>516.829498</timestamp>
			</report>
			<report>
				<misses>52900001</misses>
				<total>0</total>
				<timestamp>517.820554</timestamp>
			</report>
			<report>
				<misses>53000001</misses>
				<total>0</total>
				<timestamp>518.811124</timestamp>
			</report>
			<report>
				<misses>53100001</misses>
				<total>0</total>
				<timestamp>519.802326</timestamp>
			</report>
			<report>
				<misses>53200001</misses>
				<total>0</total>
				<timestamp>520.792606</timestamp>
			</report>
			<report>
				<misses>53300001</misses>
				<total>0</total>
				<timestamp>521.782864</timestamp>
			</report>
			<report>
				<misses>53400001</misses>
				<total>0</total>
				<timestamp>522.773753</timestamp>
			</report>
			<report>
				<misses>53500001</misses>
				<total>0</total>
				<timestamp>523.764184</timestamp>
			</report>
			<report>
				<misses>53600001</misses>
				<total>0</total>
				<timestamp>524.754398</timestamp>
			</report>
			<report>
				<misses>53700001</misses>
				<total>0</total>
				<timestamp>525.744659</timestamp>
			</report>
			<report>
				<misses>53800001</misses>
				<total>0</total>
				<timestamp>526.735124</timestamp>
			</report>
			<report>
				<misses>53900001</misses>
				<total>0</total>
				<timestamp>527.725432</timestamp>
			</report>
			<report>
				<misses>54000001</misses>
				<total>0</total>
				<timestamp>528.715318</timestamp>
			</report>
			<report>
				<misses>54100001</misses>
				<total>0</total>
				<timestamp>529.705402</timestamp>
			</report>
			<report>
				<misses>54200001</misses>
				<total>0</total>
				<timestamp>530.698673</timestamp>
			</report>
			<report>
				<misses>54300001</misses>
				<total>0</total>
				<timestamp>531.689542</timestamp>
			</report>
			<report>
				<misses>54400001</misses>
				<total>0</total>
				<timestamp>532.679811</timestamp>
			</report>
			<report>
				<misses>54500001</misses>
				<total>0</total>
				<timestamp>533.669665</timestamp>
			</report>
			<report>
				<misses>54600001</misses>
				<total>0</total>
				<timestamp>534.659765</timestamp>
			</report>
			<report>
				<misses>54700001</misses>
				<total>0</total>
				<timestamp>535.649850</timestamp>
			</report>
			<report>
				<misses>54800001</misses>
				<total>0</total>
				<timestamp>536.627407</timestamp>
			</report>
			<report>
				<misses>54900001</misses>
				<total>0</total>
				<timestamp>537.614009</timestamp>
			</report>
			<report>
				<misses>55000001</misses>
				<total>0</total>
				<timestamp>538.604116</timestamp>
			</report>
			<report>
				<misses>55100001</misses>
				<total>0</total>
				<timestamp>539.593423</timestamp>
			</report>
			<report>
				<misses>55200001</misses>
				<total>0</total>
				<timestamp>540.581986</timestamp>
			</report>
			<report>
				<misses>55300001</misses>
				<total>0</total>
				<timestamp>541.572479</timestamp>
			</report>
			<report>
				<misses>55400001</misses>
				<total>0</total>
				<timestamp>542.562255</timestamp>
			</report>
			<report>
				<misses>55500001</misses>
				<total>0</total>
				<timestamp>543.551606</timestamp>
			</report>
			<report>
				<misses>55600001</misses>
				<total>0</total>
				<timestamp>544.543990</timestamp>
			</report>
			<report>
				<misses>55700001</misses>
				<total>0</total>
				<timestamp>545.534124</timestamp>
			</report>
			<report>
				<misses>55800001</misses>
				<total>0</total>
				<timestamp>546.525411</timestamp>
			</report>
			<report>
				<misses>55900001</misses>
				<total>0</total>
				<timestamp>547.515014</timestamp>
			</report>
			<report>
				<misses>56000001</misses>
				<total>0</total>
				<timestamp>548.503987</timestamp>
			</report>
			<report>
				<misses>56100001</misses>
				<total>0</total>
				<timestamp>549.493361</timestamp>
			</report>
			<report>
				<misses>56200001</misses>
				<total>0</total>
				<timestamp>550.482990</timestamp>
			</report>
			<report>
				<misses>56300001</misses>
				<total>0</total>
				<timestamp>551.471692</timestamp>
			</report>
			<report>
				<misses>56400001</misses>
				<total>0</total>
				<timestamp>552.458929</timestamp>
			</report>
			<report>
				<misses>56500001</misses>
				<total>0</total>
				<timestamp>553.449994</timestamp>
			</report>
			<report>
				<misses>56600001</misses>
				<total>0</total>
				<timestamp>554.442313</timestamp>
			</report>
			<report>
				<misses>56700001</misses>
				<total>0</total>
				<timestamp>555.429943</timestamp>
			</report>
			<report>
				<misses>56800001</misses>
				<total>0</total>
				<timestamp>556.418974</timestamp>
			</report>
			<report>
				<misses>56900001</misses>
				<total>0</total>
				<timestamp>557.408538</timestamp>
			</report>
			<report>
				<misses>57000001</misses>
				<total>0</total>
				<timestamp>558.399826</timestamp>
			</report>
			<report>
				<misses>57100001</misses>
				<total>0</total>
				<timestamp>559.389649</timestamp>
			</report>
			<report>
				<misses>57200001</misses>
				<total>0</total>
				<timestamp>560.381928</timestamp>
			</report>
			<report>
				<misses>57300001</misses>
				<total>0</total>
				<timestamp>561.370365</timestamp>
			</report>
			<report>
				<misses>57400001</misses>
				<total>0</total>
				<timestamp>562.360722</timestamp>
			</report>
			<report>
				<misses>57500001</misses>
				<total>0</total>
				<timestamp>563.351189</timestamp>
			</report>
			<report>
				<misses>57600001</misses>
				<total>0</total>
				<timestamp>564.340804</timestamp>
			</report>
			<report>
				<misses>57700001</misses>
				<total>0</total>
				<timestamp>565.329405</timestamp>
			</report>
			<report>
				<misses>57800001</misses>
				<total>0</total>
				<timestamp>566.317921</timestamp>
			</report>
			<report>
				<misses>57900001</misses>
				<total>0</total>
				<timestamp>567.306497</timestamp>
			</report>
			<report>
				<misses>58000001</misses>
				<total>0</total>
				<timestamp>568.295744</timestamp>
			</report>
			<report>
				<misses>58100001</misses>
				<total>0</total>
				<timestamp>569.285853</timestamp>
			</report>
			<report>
				<misses>58200001</misses>
				<total>0</total>
				<timestamp>570.275181</timestamp>
			</report>
			<report>
				<misses>58300001</misses>
				<total>0</total>
				<timestamp>571.265064</timestamp>
			</report>
			<report>
				<misses>58400001</misses>
				<total>0</total>
				<timestamp>572.256209</timestamp>
			</report>
			<report>
				<misses>58500001</misses>
				<total>0</total>
				<timestamp>573.247125</timestamp>
			</report>
			<report>
				<misses>58600001</misses>
				<total>0</total>
				<timestamp>574.238520</timestamp>
			</report>
			<report>
				<misses>58700001</misses>
				<total>0</total>
				<timestamp>575.228219</timestamp>
			</report>
			<report>
				<misses>58800001</misses>
				<total>0</total>
				<timestamp>576.220134</timestamp>
			</report>
			<report>
				<misses>58900001</misses>
				<total>0</total>
				<timestamp>577.208534</timestamp>
			</report>
			<report>
				<misses>59000001</misses>
				<total>0</total>
				<timestamp>578.198569</timestamp>
			</report>
			<report>
				<misses>59100001</misses>
				<total>0</total>
				<timestamp>579.187227</timestamp>
			</report>
			<report>
				<misses>59200001</misses>
				<total>0</total>
				<timestamp>580.177229</timestamp>
			</report>
			<report>
				<misses>59300001</misses>
				<total>0</total>
				<timestamp>581.167835</timestamp>
			</report>
			<report>
				<misses>59400001</misses>
				<total>0</total>
				<timestamp>582.157624</timestamp>
			</report>
			<report>
				<misses>59500001</misses>
				<total>0</total>
				<timestamp>583.145510</timestamp>
			</report>
			<report>
				<misses>59600001</misses>
				<total>0</total>
				<timestamp>584.135220</timestamp>
			</report>
			<report>
				<misses>59700001</misses>
				<total>0</total>
				<timestamp>585.125367</timestamp>
			</report>
			<report>
				<misses>59800001</misses>
				<total>0</total>
				<timestamp>586.116720</timestamp>
			</report>
			<report>
				<misses>59900001</misses>
				<total>0</total>
				<timestamp>587.108343</timestamp>
			</report>
			<report>
				<misses>60000001</misses>
				<total>0</total>
				<timestamp>588.098586</timestamp>
			</report>
			<report>
				<misses>60100001</misses>
				<total>0</total>
				<timestamp>589.088785</timestamp>
			</report>
			<report>
				<misses>60200001</misses>
				<total>0</total>
				<timestamp>590.078323</timestamp>
			</report>
			<report>
				<misses>60300001</misses>
				<total>0</total>
				<timestamp>591.067955</timestamp>
			</report>
			<report>
				<misses>60400001</misses>
				<total>0</total>
				<timestamp>592.058182</timestamp>
			</report>
			<report>
				<misses>60500001</misses>
				<total>0</total>
				<timestamp>593.047883</timestamp>
			</report>
			<report>
				<misses>60600001</misses>
				<total>0</total>
				<timestamp>594.036099</timestamp>
			</report>
			<report>
				<misses>60700001</misses>
				<total>0</total>
				<timestamp>595.028370</timestamp>
			</report>
			<report>
				<misses>60800001</misses>
				<total>0</total>
				<timestamp>596.017665</timestamp>
			</report>
			<report>
				<misses>60900001</misses>
				<total>0</total>
				<timestamp>597.006125</timestamp>
			</report>
			<report>
				<misses>61000001</misses>
				<total>0</total>
				<timestamp>597.994218</timestamp>
			</report>
			<report>
				<misses>61100001</misses>
				<total>0</total>
				<timestamp>598.984481</timestamp>
			</report>
			<report>
				<misses>61200001</misses>
				<total>0</total>
				<timestamp>599.973630</timestamp>
			</report>
			<report>
				<misses>61300001</misses>
				<total>0</total>
				<timestamp>600.963438</timestamp>
			</report>
			<report>
				<misses>61400001</misses>
				<total>0</total>
				<timestamp>601.954510</timestamp>
			</report>
			<report>
				<misses>61500001</misses>
				<total>0</total>
				<timestamp>602.946839</timestamp>
			</report>
			<report>
				<misses>61600001</misses>
				<total>0</total>
				<timestamp>603.935936</timestamp>
			</report>
			<report>
				<misses>61700001</misses>
				<total>0</total>
				<timestamp>604.926545</timestamp>
			</report>
			<report>
				<misses>61800001</misses>
				<total>0</total>
				<timestamp>605.914091</timestamp>
			</report>
			<report>
				<misses>61900001</misses>
				<total>0</total>
				<timestamp>606.903814</timestamp>
			</report>
			<report>
				<misses>62000001</misses>
				<total>0</total>
				<timestamp>607.893742</timestamp>
			</report>
			<report>
				<misses>62100001</misses>
				<total>0</total>
				<timestamp>608.884174</timestamp>
			</report>
			<report>
				<misses>62200001</misses>
				<total>0</total>
				<timestamp>609.871626</timestamp>
			</report>
			<report>
				<misses>62300001</misses>
				<total>0</total>
				<timestamp>610.858917</timestamp>
			</report>
			<report>
				<misses>62400001</misses>
				<total>0</total>
				<timestamp>611.847745</timestamp>
			</report>
			<report>
				<misses>62500001</misses>
				<total>0</total>
				<timestamp>612.837293</timestamp>
			</report>
			<report>
				<misses>62600001</misses>
				<total>0</total>
				<timestamp>613.827692</timestamp>
			</report>
			<report>
				<misses>62700001</misses>
				<total>0</total>
				<timestamp>614.816479</timestamp>
			</report>
			<report>
				<misses>62800001</misses>
				<total>0</total>
				<timestamp>615.805733</timestamp>
			</report>
			<report>
				<misses>62900001</misses>
				<total>0</total>
				<timestamp>616.793736</timestamp>
			</report>
			<report>
				<misses>63000001</misses>
				<total>0</total>
				<timestamp>617.782926</timestamp>
			</report>
			<report>
				<misses>63100001</misses>
				<total>0</total>
				<timestamp>618.773991</timestamp>
			</report>
			<report>
				<misses>63200001</misses>
				<total>0</total>
				<timestamp>619.762921</timestamp>
			</report>
			<report>
				<misses>63300001</misses>
				<total>0</total>
				<timestamp>620.755947</timestamp>
			</report>
			<report>
				<misses>63400001</misses>
				<total>0</total>
				<timestamp>621.743876</timestamp>
			</report>
			<report>
				<misses>63500001</misses>
				<total>0</total>
				<timestamp>622.733126</timestamp>
			</report>
			<report>
				<misses>63600001</misses>
				<total>0</total>
				<timestamp>623.723299</timestamp>
			</report>
			<report>
				<misses>63700001</misses>
				<total>0</total>
				<timestamp>624.711895</timestamp>
			</report>
			<report>
				<misses>63800001</misses>
				<total>0</total>
				<timestamp>625.702308</timestamp>
			</report>
			<report>
				<misses>63900001</misses>
				<total>0</total>
				<timestamp>626.692251</timestamp>
			</report>
			<report>
				<misses>64000001</misses>
				<total>0</total>
				<timestamp>627.682068</timestamp>
			</report>
			<report>
				<misses>64100001</misses>
				<total>0</total>
				<timestamp>628.668839</timestamp>
			</report>
			<report>
				<misses>64200001</misses>
				<total>0</total>
				<timestamp>629.659614</timestamp>
			</report>
			<report>
				<misses>64300001</misses>
				<total>0</total>
				<timestamp>630.647576</timestamp>
			</report>
			<report>
				<misses>64400001</misses>
				<total>0</total>
				<timestamp>631.638942</timestamp>
			</report>
			<report>
				<misses>64500001</misses>
				<total>0</total>
				<timestamp>632.628785</timestamp>
			</report>
			<report>
				<misses>64600001</misses>
				<total>0</total>
				<timestamp>633.620204</timestamp>
			</report>
			<report>
				<misses>64700001</misses>
				<total>0</total>
				<timestamp>634.610744</timestamp>
			</report>
			<report>
				<misses>64800001</misses>
				<total>0</total>
				<timestamp>635.598415</timestamp>
			</report>
			<report>
				<misses>64900001</misses>
				<total>0</total>
				<timestamp>636.588510</timestamp>
			</report>
			<report>
				<misses>65000001</misses>
				<total>0</total>
				<timestamp>637.578472</timestamp>
			</report>
			<report>
				<misses>65100001</misses>
				<total>0</total>
				<timestamp>638.566602</timestamp>
			</report>
			<report>
				<misses>65200001</misses>
				<total>0</total>
				<timestamp>639.556739</timestamp>
			</report>
			<report>
				<misses>65300001</misses>
				<total>0</total>
				<timestamp>640.548244</timestamp>
			</report>
			<report>
				<misses>65400001</misses>
				<total>0</total>
				<timestamp>641.537311</timestamp>
			</report>
			<report>
				<misses>65500001</misses>
				<total>0</total>
				<timestamp>642.528559</timestamp>
			</report>
			<report>
				<misses>65600001</misses>
				<total>0</total>
				<timestamp>643.517911</timestamp>
			</report>
			<report>
				<misses>65700001</misses>
				<total>0</total>
				<timestamp>644.507464</timestamp>
			</report>
			<report>
				<misses>65800001</misses>
				<total>0</total>
				<timestamp>645.497986</timestamp>
			</report>
			<report>
				<misses>65900001</misses>
				<total>0</total>
				<timestamp>646.490206</timestamp>
			</report>
			<report>
				<misses>66000001</misses>
				<total>0</total>
				<timestamp>647.480477</timestamp>
			</report>
			<report>
				<misses>66100001</misses>
				<total>0</total>
				<timestamp>648.469298</timestamp>
			</report>
			<report>
				<misses>66200001</misses>
				<total>0</total>
				<timestamp>649.458749</timestamp>
			</report>
			<report>
				<misses>66300001</misses>
				<total>0</total>
				<timestamp>650.449089</timestamp>
			</report>
			<report>
				<misses>66400001</misses>
				<total>0</total>
				<timestamp>651.436823</timestamp>
			</report>
			<report>
				<misses>66500001</misses>
				<total>0</total>
				<timestamp>652.427358</timestamp>
			</report>
			<report>
				<misses>66600001</misses>
				<total>0</total>
				<timestamp>653.416093</timestamp>
			</report>
			<report>
				<misses>66700001</misses>
				<total>0</total>
				<timestamp>654.405939</timestamp>
			</report>
			<report>
				<misses>66800001</misses>
				<total>0</total>
				<timestamp>655.397336</timestamp>
			</report>
			<report>
				<misses>66900001</misses>
				<total>0</total>
				<timestamp>656.385996</timestamp>
			</report>
			<report>
				<misses>67000001</misses>
				<total>0</total>
				<timestamp>657.376163</timestamp>
			</report>
			<report>
				<misses>67100001</misses>
				<total>0</total>
				<timestamp>658.365532</timestamp>
			</report>
			<report>
				<misses>67200001</misses>
				<total>0</total>
				<timestamp>659.355833</timestamp>
			</report>
			<report>
				<misses>67300001</misses>
				<total>0</total>
				<timestamp>660.343691</timestamp>
			</report>
			<report>
				<misses>67400001</misses>
				<total>0</total>
				<timestamp>661.334062</timestamp>
			</report>
			<report>
				<misses>67500001</misses>
				<total>0</total>
				<timestamp>662.324146</timestamp>
			</report>
			<report>
				<misses>67600001</misses>
				<total>0</total>
				<timestamp>663.312224</timestamp>
			</report>
			<report>
				<misses>67700001</misses>
				<total>0</total>
				<timestamp>664.302132</timestamp>
			</report>
			<report>
				<misses>67800001</misses>
				<total>0</total>
				<timestamp>665.292122</timestamp>
			</report>
			<report>
				<misses>67900001</misses>
				<total>0</total>
				<timestamp>666.282661</timestamp>
			</report>
			<report>
				<misses>68000001</misses>
				<total>0</total>
				<timestamp>667.272962</timestamp>
			</report>
			<report>
				<misses>68100001</misses>
				<total>0</total>
				<timestamp>668.262097</timestamp>
			</report>
			<report>
				<misses>68200001</misses>
				<total>0</total>
				<timestamp>669.252436</timestamp>
			</report>
			<report>
				<misses>68300001</misses>
				<total>0</total>
				<timestamp>670.242434</timestamp>
			</report>
			<report>
				<misses>68400001</misses>
				<total>0</total>
				<timestamp>671.233138</timestamp>
			</report>
			<report>
				<misses>68500001</misses>
				<total>0</total>
				<timestamp>672.221854</timestamp>
			</report>
			<report>
				<misses>68600001</misses>
				<total>0</total>
				<timestamp>673.210977</timestamp>
			</report>
			<report>
				<misses>68700001</misses>
				<total>0</total>
				<timestamp>674.204154</timestamp>
			</report>
			<report>
				<misses>68800001</misses>
				<total>0</total>
				<timestamp>675.194561</timestamp>
			</report>
			<report>
				<misses>68900001</misses>
				<total>0</total>
				<timestamp>676.185288</timestamp>
			</report>
			<report>
				<misses>69000001</misses>
				<total>0</total>
				<timestamp>677.177561</timestamp>
			</report>
			<report>
				<misses>69100001</misses>
				<total>0</total>
				<timestamp>678.168352</timestamp>
			</report>
			<report>
				<misses>69200001</misses>
				<total>0</total>
				<timestamp>679.160630</timestamp>
			</report>
			<report>
				<misses>69300001</misses>
				<total>0</total>
				<timestamp>680.152334</timestamp>
			</report>
			<report>
				<misses>69400001</misses>
				<total>0</total>
				<timestamp>681.144706</timestamp>
			</report>
			<report>
				<misses>69500001</misses>
				<total>0</total>
				<timestamp>682.135138</timestamp>
			</report>
			<report>
				<misses>69600001</misses>
				<total>0</total>
				<timestamp>683.126968</timestamp>
			</report>
			<report>
				<misses>69700001</misses>
				<total>0</total>
				<timestamp>684.119703</timestamp>
			</report>
			<report>
				<misses>69800001</misses>
				<total>0</total>
				<timestamp>685.112387</timestamp>
			</report>
			<report>
				<misses>69900001</misses>
				<total>0</total>
				<timestamp>686.104250</timestamp>
			</report>
			<report>
				<misses>70000001</misses>
				<total>0</total>
				<timestamp>687.097681</timestamp>
			</report>
			<report>
				<misses>70100001</misses>
				<total>0</total>
				<timestamp>688.087874</timestamp>
			</report>
			<report>
				<misses>70200001</misses>
				<total>0</total>
				<timestamp>689.079757</timestamp>
			</report>
			<report>
				<misses>70300001</misses>
				<total>0</total>
				<timestamp>690.071070</timestamp>
			</report>
			<report>
				<misses>70400001</misses>
				<total>0</total>
				<timestamp>691.061718</timestamp>
			</report>
			<report>
				<misses>70500001</misses>
				<total>0</total>
				<timestamp>692.052648</timestamp>
			</report>
			<report>
				<misses>70600001</misses>
				<total>0</total>
				<timestamp>693.043522</timestamp>
			</report>
			<report>
				<misses>70700001</misses>
				<total>0</total>
				<timestamp>694.034375</timestamp>
			</report>
			<report>
				<misses>70800001</misses>
				<total>0</total>
				<timestamp>695.025743</timestamp>
			</report>
			<report>
				<misses>70900001</misses>
				<total>0</total>
				<timestamp>696.017336</timestamp>
			</report>
			<report>
				<misses>71000001</misses>
				<total>0</total>
				<timestamp>697.009581</timestamp>
			</report>
			<report>
				<misses>71100001</misses>
				<total>0</total>
				<timestamp>698.002491</timestamp>
			</report>
			<report>
				<misses>71200001</misses>
				<total>0</total>
				<timestamp>698.991530</timestamp>
			</report>
			<report>
				<misses>71300001</misses>
				<total>0</total>
				<timestamp>699.981548</timestamp>
			</report>
			<report>
				<misses>71400001</misses>
				<total>0</total>
				<timestamp>700.974447</timestamp>
			</report>
			<report>
				<misses>71500001</misses>
				<total>0</total>
				<timestamp>701.965656</timestamp>
			</report>
			<report>
				<misses>71600001</misses>
				<total>0</total>
				<timestamp>702.959330</timestamp>
			</report>
			<report>
				<misses>71700001</misses>
				<total>0</total>
				<timestamp>703.950712</timestamp>
			</report>
			<report>
				<misses>71800001</misses>
				<total>0</total>
				<timestamp>704.942604</timestamp>
			</report>
			<report>
				<misses>71900001</misses>
				<total>0</total>
				<timestamp>705.932314</timestamp>
			</report>
			<report>
				<misses>72000001</misses>
				<total>0</total>
				<timestamp>706.923148</timestamp>
			</report>
			<report>
				<misses>72100001</misses>
				<total>0</total>
				<timestamp>707.910781</timestamp>
			</report>
			<report>
				<misses>72200001</misses>
				<total>0</total>
				<timestamp>708.901357</timestamp>
			</report>
			<report>
				<misses>72300001</misses>
				<total>0</total>
				<timestamp>709.892457</timestamp>
			</report>
			<report>
				<misses>72400001</misses>
				<total>0</total>
				<timestamp>710.885176</timestamp>
			</report>
			<report>
				<misses>72500001</misses>
				<total>0</total>
				<timestamp>711.875464</timestamp>
			</report>
			<report>
				<misses>72600001</misses>
				<total>0</total>
				<timestamp>712.867300</timestamp>
			</report>
			<report>
				<misses>72700001</misses>
				<total>0</total>
				<timestamp>713.859695</timestamp>
			</report>
			<report>
				<misses>72800001</misses>
				<total>0</total>
				<timestamp>714.851220</timestamp>
			</report>
			<report>
				<misses>72900001</misses>
				<total>0</total>
				<timestamp>715.841637</timestamp>
			</report>
			<report>
				<misses>73000001</misses>
				<total>0</total>
				<timestamp>716.833640</timestamp>
			</report>
			<report>
				<misses>73100001</misses>
				<total>0</total>
				<timestamp>717.824854</timestamp>
			</report>
			<report>
				<misses>73200001</misses>
				<total>0</total>
				<timestamp>718.815891</timestamp>
			</report>
			<report>
				<misses>73300001</misses>
				<total>0</total>
				<timestamp>719.806387</timestamp>
			</report>
			<report>
				<misses>73400001</misses>
				<total>0</total>
				<timestamp>720.798107</timestamp>
			</report>
			<report>
				<misses>73500001</misses>
				<total>0</total>
				<timestamp>721.789502</timestamp>
			</report>
			<report>
				<misses>73600001</misses>
				<total>0</total>
				<timestamp>722.779703</timestamp>
			</report>
			<report>
				<misses>73700001</misses>
				<total>0</total>
				<timestamp>723.768621</timestamp>
			</report>
			<report>
				<misses>73800001</misses>
				<total>0</total>
				<timestamp>724.755246</timestamp>
			</report>
			<report>
				<misses>73900001</misses>
				<total>0</total>
				<timestamp>725.742524</timestamp>
			</report>
			<report>
				<misses>74000001</misses>
				<total>0</total>
				<timestamp>726.729746</timestamp>
			</report>
			<report>
				<misses>74100001</misses>
				<total>0</total>
				<timestamp>727.717236</timestamp>
			</report>
			<report>
				<misses>74200001</misses>
				<total>0</total>
				<timestamp>728.703902</timestamp>
			</report>
			<report>
				<misses>74300001</misses>
				<total>0</total>
				<timestamp>729.691530</timestamp>
			</report>
			<report>
				<misses>74400001</misses>
				<total>0</total>
				<timestamp>730.678932</timestamp>
			</report>
			<report>
				<misses>74500001</misses>
				<total>0</total>
				<timestamp>731.666193</timestamp>
			</report>
			<report>
				<misses>74600001</misses>
				<total>0</total>
				<timestamp>732.653158</timestamp>
			</report>
			<report>
				<misses>74700001</misses>
				<total>0</total>
				<timestamp>733.640111</timestamp>
			</report>
			<report>
				<misses>74800001</misses>
				<total>0</total>
				<timestamp>734.626881</timestamp>
			</report>
			<report>
				<misses>74900001</misses>
				<total>0</total>
				<timestamp>735.613783</timestamp>
			</report>
			<report>
				<misses>75000001</misses>
				<total>0</total>
				<timestamp>736.600937</timestamp>
			</report>
			<report>
				<misses>75100001</misses>
				<total>0</total>
				<timestamp>737.587747</timestamp>
			</report>
			<report>
				<misses>75200001</misses>
				<total>0</total>
				<timestamp>738.575537</timestamp>
			</report>
			<report>
				<misses>75300001</misses>
				<total>0</total>
				<timestamp>739.562862</timestamp>
			</report>
			<report>
				<misses>75400001</misses>
				<total>0</total>
				<timestamp>740.549853</timestamp>
			</report>
			<report>
				<misses>75500001</misses>
				<total>0</total>
				<timestamp>741.536574</timestamp>
			</report>
			<report>
				<misses>75600001</misses>
				<total>0</total>
				<timestamp>742.523212</timestamp>
			</report>
			<report>
				<misses>75700001</misses>
				<total>0</total>
				<timestamp>743.510347</timestamp>
			</report>
			<report>
				<misses>75800001</misses>
				<total>0</total>
				<timestamp>744.497886</timestamp>
			</report>
			<report>
				<misses>75900001</misses>
				<total>0</total>
				<timestamp>745.484974</timestamp>
			</report>
			<report>
				<misses>76000001</misses>
				<total>0</total>
				<timestamp>746.471982</timestamp>
			</report>
			<report>
				<misses>76100001</misses>
				<total>0</total>
				<timestamp>747.459050</timestamp>
			</report>
			<report>
				<misses>76200001</misses>
				<total>0</total>
				<timestamp>748.446265</timestamp>
			</report>
			<report>
				<misses>76300001</misses>
				<total>0</total>
				<timestamp>749.433534</timestamp>
			</report>
			<report>
				<misses>76400001</misses>
				<total>0</total>
				<timestamp>750.420579</timestamp>
			</report>
			<report>
				<misses>76500001</misses>
				<total>0</total>
				<timestamp>751.408165</timestamp>
			</report>
			<report>
				<misses>76600001</misses>
				<total>0</total>
				<timestamp>752.394712</timestamp>
			</report>
			<report>
				<misses>76700001</misses>
				<total>0</total>
				<timestamp>753.381612</timestamp>
			</report>
			<report>
				<misses>76800001</misses>
				<total>0</total>
				<timestamp>754.368470</timestamp>
			</report>
			<report>
				<misses>76900001</misses>
				<total>0</total>
				<timestamp>755.355090</timestamp>
			</report>
			<report>
				<misses>77000001</misses>
				<total>0</total>
				<timestamp>756.342041</timestamp>
			</report>
			<report>
				<misses>77100001</misses>
				<total>0</total>
				<timestamp>757.329211</timestamp>
			</report>
			<report>
				<misses>77200001</misses>
				<total>0</total>
				<timestamp>758.316849</timestamp>
			</report>
			<report>
				<misses>77300001</misses>
				<total>0</total>
				<timestamp>759.304239</timestamp>
			</report>
			<report>
				<misses>77400001</misses>
				<total>0</total>
				<timestamp>760.291677</timestamp>
			</report>
			<report>
				<misses>77500001</misses>
				<total>0</total>
				<timestamp>761.278848</timestamp>
			</report>
			<report>
				<misses>77600001</misses>
				<total>0</total>
				<timestamp>762.265745</timestamp>
			</report>
			<report>
				<misses>77700001</misses>
				<total>0</total>
				<timestamp>763.252751</timestamp>
			</report>
			<report>
				<misses>77800001</misses>
				<total>0</total>
				<timestamp>764.239515</timestamp>
			</report>
			<report>
				<misses>77900001</misses>
				<total>0</total>
				<timestamp>765.226498</timestamp>
			</report>
			<report>
				<misses>78000001</misses>
				<total>0</total>
				<timestamp>766.213616</timestamp>
			</report>
			<report>
				<misses>78100001</misses>
				<total>0</total>
				<timestamp>767.199889</timestamp>
			</report>
			<report>
				<misses>78200001</misses>
				<total>0</total>
				<timestamp>768.187386</timestamp>
			</report>
			<report>
				<misses>78300001</misses>
				<total>0</total>
				<timestamp>769.174572</timestamp>
			</report>
			<report>
				<misses>78400001</misses>
				<total>0</total>
				<timestamp>770.161417</timestamp>
			</report>
			<report>
				<misses>78500001</misses>
				<total>0</total>
				<timestamp>771.148379</timestamp>
			</report>
			<report>
				<misses>78600001</misses>
				<total>0</total>
				<timestamp>772.135183</timestamp>
			</report>
			<report>
				<misses>78700001</misses>
				<total>0</total>
				<timestamp>773.121334</timestamp>
			</report>
			<report>
				<misses>78800001</misses>
				<total>0</total>
				<timestamp>774.108614</timestamp>
			</report>
			<report>
				<misses>78900001</misses>
				<total>0</total>
				<timestamp>775.096177</timestamp>
			</report>
			<report>
				<misses>79000001</misses>
				<total>0</total>
				<timestamp>776.082836</timestamp>
			</report>
			<report>
				<misses>79100001</misses>
				<total>0</total>
				<timestamp>777.069818</timestamp>
			</report>
			<report>
				<misses>79200001</misses>
				<total>0</total>
				<timestamp>778.055840</timestamp>
			</report>
			<report>
				<misses>79300001</misses>
				<total>0</total>
				<timestamp>779.044897</timestamp>
			</report>
			<report>
				<misses>79400001</misses>
				<total>0</total>
				<timestamp>780.036153</timestamp>
			</report>
			<report>
				<misses>79500001</misses>
				<total>0</total>
				<timestamp>781.028017</timestamp>
			</report>
			<report>
				<misses>79600001</misses>
				<total>0</total>
				<timestamp>782.020625</timestamp>
			</report>
			<report>
				<misses>79700001</misses>
				<total>0</total>
				<timestamp>783.015311</timestamp>
			</report>
			<report>
				<misses>79800001</misses>
				<total>0</total>
				<timestamp>784.005117</timestamp>
			</report>
			<report>
				<misses>79900001</misses>
				<total>0</total>
				<timestamp>784.997203</timestamp>
			</report>
			<report>
				<misses>80000001</misses>
				<total>0</total>
				<timestamp>785.991107</timestamp>
			</report>
			<report>
				<misses>80100001</misses>
				<total>0</total>
				<timestamp>786.983631</timestamp>
			</report>
			<report>
				<misses>80200001</misses>
				<total>0</total>
				<timestamp>787.976937</timestamp>
			</report>
			<report>
				<misses>80300001</misses>
				<total>0</total>
				<timestamp>788.969770</timestamp>
			</report>
			<report>
				<misses>80400001</misses>
				<total>0</total>
				<timestamp>789.962661</timestamp>
			</report>
			<report>
				<misses>80500001</misses>
				<total>0</total>
				<timestamp>790.953399</timestamp>
			</report>
			<report>
				<misses>80600001</misses>
				<total>0</total>
				<timestamp>791.947373</timestamp>
			</report>
			<report>
				<misses>80700001</misses>
				<total>0</total>
				<timestamp>792.941097</timestamp>
			</report>
			<report>
				<misses>80800001</misses>
				<total>0</total>
				<timestamp>793.934541</timestamp>
			</report>
			<report>
				<misses>80900001</misses>
				<total>0</total>
				<timestamp>794.926494</timestamp>
			</report>
			<report>
				<misses>81000001</misses>
				<total>0</total>
				<timestamp>795.917103</timestamp>
			</report>
			<report>
				<misses>81100001</misses>
				<total>0</total>
				<timestamp>796.908189</timestamp>
			</report>
			<report>
				<misses>81200001</misses>
				<total>0</total>
				<timestamp>797.899559</timestamp>
			</report>
			<report>
				<misses>81300001</misses>
				<total>0</total>
				<timestamp>798.891045</timestamp>
			</report>
			<report>
				<misses>81400001</misses>
				<total>0</total>
				<timestamp>799.883465</timestamp>
			</report>
			<report>
				<misses>81500001</misses>
				<total>0</total>
				<timestamp>800.875922</timestamp>
			</report>
			<report>
				<misses>81600001</misses>
				<total>0</total>
				<timestamp>801.866215</timestamp>
			</report>
			<report>
				<misses>81700001</misses>
				<total>0</total>
				<timestamp>802.858084</timestamp>
			</report>
			<report>
				<misses>81800001</misses>
				<total>0</total>
				<timestamp>803.850101</timestamp>
			</report>
			<report>
				<misses>81900001</misses>
				<total>0</total>
				<timestamp>804.844408</timestamp>
			</report>
			<report>
				<misses>82000001</misses>
				<total>0</total>
				<timestamp>805.837156</timestamp>
			</report>
			<report>
				<misses>82100001</misses>
				<total>0</total>
				<timestamp>806.829902</timestamp>
			</report>
			<report>
				<misses>82200001</misses>
				<total>0</total>
				<timestamp>807.822458</timestamp>
			</report>
			<report>
				<misses>82300001</misses>
				<total>0</total>
				<timestamp>808.814901</timestamp>
			</report>
			<report>
				<misses>82400001</misses>
				<total>0</total>
				<timestamp>809.807481</timestamp>
			</report>
			<report>
				<misses>82500001</misses>
				<total>0</total>
				<timestamp>810.800049</timestamp>
			</report>
			<report>
				<misses>82600001</misses>
				<total>0</total>
				<timestamp>811.791700</timestamp>
			</report>
			<report>
				<misses>82700001</misses>
				<total>0</total>
				<timestamp>812.782715</timestamp>
			</report>
			<report>
				<misses>82800001</misses>
				<total>0</total>
				<timestamp>813.774310</timestamp>
			</report>
			<report>
				<misses>82900001</misses>
				<total>0</total>
				<timestamp>814.766568</timestamp>
			</report>
			<report>
				<misses>83000001</misses>
				<total>0</total>
				<timestamp>815.762168</timestamp>
			</report>
			<report>
				<misses>83100001</misses>
				<total>0</total>
				<timestamp>816.753468</timestamp>
			</report>
			<report>
				<misses>83200001</misses>
				<total>0</total>
				<timestamp>817.745819</timestamp>
			</report>
			<report>
				<misses>83300001</misses>
				<total>0</total>
				<timestamp>818.739832</timestamp>
			</report>
			<report>
				<misses>83400001</misses>
				<total>0</total>
				<timestamp>819.733452</timestamp>
			</report>
			<report>
				<misses>83500001</misses>
				<total>0</total>
				<timestamp>820.725074</timestamp>
			</report>
			<report>
				<misses>83600001</misses>
				<total>0</total>
				<timestamp>821.718879</timestamp>
			</report>
			<report>
				<misses>83700001</misses>
				<total>0</total>
				<timestamp>822.709822</timestamp>
			</report>
			<report>
				<misses>83800001</misses>
				<total>0</total>
				<timestamp>823.700825</timestamp>
			</report>
			<report>
				<misses>83900001</misses>
				<total>0</total>
				<timestamp>824.692766</timestamp>
			</report>
			<report>
				<misses>84000001</misses>
				<total>0</total>
				<timestamp>825.688329</timestamp>
			</report>
			<report>
				<misses>84100001</misses>
				<total>0</total>
				<timestamp>826.681104</timestamp>
			</report>
			<report>
				<misses>84200001</misses>
				<total>0</total>
				<timestamp>827.674676</timestamp>
			</report>
			<report>
				<misses>84300001</misses>
				<total>0</total>
				<timestamp>828.665660</timestamp>
			</report>
			<report>
				<misses>84400001</misses>
				<total>0</total>
				<timestamp>829.658365</timestamp>
			</report>
			<report>
				<misses>84500001</misses>
				<total>0</total>
				<timestamp>830.650602</timestamp>
			</report>
			<report>
				<misses>84600001</misses>
				<total>0</total>
				<timestamp>831.643982</timestamp>
			</report>
			<report>
				<misses>84700001</misses>
				<total>0</total>
				<timestamp>832.636703</timestamp>
			</report>
			<report>
				<misses>84800001</misses>
				<total>0</total>
				<timestamp>833.628703</timestamp>
			</report>
			<report>
				<misses>84900001</misses>
				<total>0</total>
				<timestamp>834.620064</timestamp>
			</report>
			<report>
				<misses>85000001</misses>
				<total>0</total>
				<timestamp>835.611407</timestamp>
			</report>
			<report>
				<misses>85100001</misses>
				<total>0</total>
				<timestamp>836.603290</timestamp>
			</report>
			<report>
				<misses>85200001</misses>
				<total>0</total>
				<timestamp>837.593072</timestamp>
			</report>
			<report>
				<misses>85300001</misses>
				<total>0</total>
				<timestamp>838.584826</timestamp>
			</report>
			<report>
				<misses>85400001</misses>
				<total>0</total>
				<timestamp>839.578544</timestamp>
			</report>
			<report>
				<misses>85500001</misses>
				<total>0</total>
				<timestamp>840.569072</timestamp>
			</report>
			<report>
				<misses>85600001</misses>
				<total>0</total>
				<timestamp>841.562889</timestamp>
			</report>
			<report>
				<misses>85700001</misses>
				<total>0</total>
				<timestamp>842.558052</timestamp>
			</report>
			<report>
				<misses>85800001</misses>
				<total>0</total>
				<timestamp>843.551268</timestamp>
			</report>
			<report>
				<misses>85900001</misses>
				<total>0</total>
				<timestamp>844.542794</timestamp>
			</report>
			<report>
				<misses>86000001</misses>
				<total>0</total>
				<timestamp>845.528189</timestamp>
			</report>
			<report>
				<misses>86100001</misses>
				<total>0</total>
				<timestamp>846.510802</timestamp>
			</report>
			<report>
				<misses>86200001</misses>
				<total>0</total>
				<timestamp>847.498423</timestamp>
			</report>
			<report>
				<misses>86300001</misses>
				<total>0</total>
				<timestamp>848.486284</timestamp>
			</report>
			<report>
				<misses>86400001</misses>
				<total>0</total>
				<timestamp>849.474487</timestamp>
			</report>
			<report>
				<misses>86500001</misses>
				<total>0</total>
				<timestamp>850.462031</timestamp>
			</report>
			<report>
				<misses>86600001</misses>
				<total>0</total>
				<timestamp>851.450024</timestamp>
			</report>
			<report>
				<misses>86700001</misses>
				<total>0</total>
				<timestamp>852.438123</timestamp>
			</report>
			<report>
				<misses>86800001</misses>
				<total>0</total>
				<timestamp>853.425408</timestamp>
			</report>
			<report>
				<misses>86900001</misses>
				<total>0</total>
				<timestamp>854.413672</timestamp>
			</report>
			<report>
				<misses>87000001</misses>
				<total>0</total>
				<timestamp>855.401272</timestamp>
			</report>
			<report>
				<misses>87100001</misses>
				<total>0</total>
				<timestamp>856.390790</timestamp>
			</report>
			<report>
				<misses>87200001</misses>
				<total>0</total>
				<timestamp>857.380844</timestamp>
			</report>
			<report>
				<misses>87300001</misses>
				<total>0</total>
				<timestamp>858.371927</timestamp>
			</report>
			<report>
				<misses>87400001</misses>
				<total>0</total>
				<timestamp>859.361997</timestamp>
			</report>
			<report>
				<misses>87500001</misses>
				<total>0</total>
				<timestamp>860.351422</timestamp>
			</report>
			<report>
				<misses>87600001</misses>
				<total>0</total>
				<timestamp>861.332734</timestamp>
			</report>
			<report>
				<misses>87700001</misses>
				<total>0</total>
				<timestamp>862.311453</timestamp>
			</report>
			<report>
				<misses>87800001</misses>
				<total>0</total>
				<timestamp>863.294597</timestamp>
			</report>
			<report>
				<misses>87900001</misses>
				<total>0</total>
				<timestamp>864.278245</timestamp>
			</report>
			<report>
				<misses>88000001</misses>
				<total>0</total>
				<timestamp>865.261817</timestamp>
			</report>
			<report>
				<misses>88100001</misses>
				<total>0</total>
				<timestamp>866.244979</timestamp>
			</report>
			<report>
				<misses>88200001</misses>
				<total>0</total>
				<timestamp>867.228047</timestamp>
			</report>
			<report>
				<misses>88300001</misses>
				<total>0</total>
				<timestamp>868.211051</timestamp>
			</report>
			<report>
				<misses>88400001</misses>
				<total>0</total>
				<timestamp>869.194735</timestamp>
			</report>
			<report>
				<misses>88500001</misses>
				<total>0</total>
				<timestamp>870.177707</timestamp>
			</report>
			<report>
				<misses>88600001</misses>
				<total>0</total>
				<timestamp>871.161074</timestamp>
			</report>
			<report>
				<misses>88700001</misses>
				<total>0</total>
				<timestamp>872.144177</timestamp>
			</report>
			<report>
				<misses>88800001</misses>
				<total>0</total>
				<timestamp>873.127960</timestamp>
			</report>
			<report>
				<misses>88900001</misses>
				<total>0</total>
				<timestamp>874.111276</timestamp>
			</report>
			<report>
				<misses>89000001</misses>
				<total>0</total>
				<timestamp>875.094848</timestamp>
			</report>
			<report>
				<misses>89100001</misses>
				<total>0</total>
				<timestamp>876.078259</timestamp>
			</report>
			<report>
				<misses>89200001</misses>
				<total>0</total>
				<timestamp>877.062006</timestamp>
			</report>
			<report>
				<misses>89300001</misses>
				<total>0</total>
				<timestamp>878.045697</timestamp>
			</report>
			<report>
				<misses>89400001</misses>
				<total>0</total>
				<timestamp>879.028882</timestamp>
			</report>
			<report>
				<misses>89500001</misses>
				<total>0</total>
				<timestamp>880.013263</timestamp>
			</report>
			<report>
				<misses>89600001</misses>
				<total>0</total>
				<timestamp>880.996221</timestamp>
			</report>
			<report>
				<misses>89700001</misses>
				<total>0</total>
				<timestamp>881.978905</timestamp>
			</report>
			<report>
				<misses>89800001</misses>
				<total>0</total>
				<timestamp>882.962152</timestamp>
			</report>
			<report>
				<misses>89900001</misses>
				<total>0</total>
				<timestamp>883.945461</timestamp>
			</report>
			<report>
				<misses>90000001</misses>
				<total>0</total>
				<timestamp>884.928747</timestamp>
			</report>
			<report>
				<misses>90100001</misses>
				<total>0</total>
				<timestamp>885.912172</timestamp>
			</report>
			<report>
				<misses>90200001</misses>
				<total>0</total>
				<timestamp>886.895198</timestamp>
			</report>
			<report>
				<misses>90300001</misses>
				<total>0</total>
				<timestamp>887.878588</timestamp>
			</report>
			<report>
				<misses>90400001</misses>
				<total>0</total>
				<timestamp>888.862738</timestamp>
			</report>
			<report>
				<misses>90500001</misses>
				<total>0</total>
				<timestamp>889.846560</timestamp>
			</report>
			<report>
				<misses>90600001</misses>
				<total>0</total>
				<timestamp>890.830319</timestamp>
			</report>
			<report>
				<misses>90700001</misses>
				<total>0</total>
				<timestamp>891.813703</timestamp>
			</report>
			<report>
				<misses>90800001</misses>
				<total>0</total>
				<timestamp>892.796752</timestamp>
			</report>
			<report>
				<misses>90900001</misses>
				<total>0</total>
				<timestamp>893.780131</timestamp>
			</report>
			<report>
				<misses>91000001</misses>
				<total>0</total>
				<timestamp>894.763482</timestamp>
			</report>
			<report>
				<misses>91100001</misses>
				<total>0</total>
				<timestamp>895.747172</timestamp>
			</report>
			<report>
				<misses>91200001</misses>
				<total>0</total>
				<timestamp>896.730593</timestamp>
			</report>
			<report>
				<misses>91300001</misses>
				<total>0</total>
				<timestamp>897.714392</timestamp>
			</report>
			<report>
				<misses>91400001</misses>
				<total>0</total>
				<timestamp>898.697542</timestamp>
			</report>
			<report>
				<misses>91500001</misses>
				<total>0</total>
				<timestamp>899.681448</timestamp>
			</report>
			<report>
				<misses>91600001</misses>
				<total>0</total>
				<timestamp>900.664832</timestamp>
			</report>
			<report>
				<misses>91700001</misses>
				<total>0</total>
				<timestamp>901.648730</timestamp>
			</report>
			<report>
				<misses>91800001</misses>
				<total>0</total>
				<timestamp>902.631775</timestamp>
			</report>
			<report>
				<misses>91900001</misses>
				<total>0</total>
				<timestamp>903.615093</timestamp>
			</report>
			<report>
				<misses>92000001</misses>
				<total>0</total>
				<timestamp>904.597867</timestamp>
			</report>
			<report>
				<misses>92100001</misses>
				<total>0</total>
				<timestamp>905.580674</timestamp>
			</report>
			<report>
				<misses>92200001</misses>
				<total>0</total>
				<timestamp>906.563846</timestamp>
			</report>
			<report>
				<misses>92300001</misses>
				<total>0</total>
				<timestamp>907.547178</timestamp>
			</report>
			<report>
				<misses>92400001</misses>
				<total>0</total>
				<timestamp>908.530566</timestamp>
			</report>
			<report>
				<misses>92500001</misses>
				<total>0</total>
				<timestamp>909.513915</timestamp>
			</report>
			<report>
				<misses>92600001</misses>
				<total>0</total>
				<timestamp>910.497020</timestamp>
			</report>
			<report>
				<misses>92700001</misses>
				<total>0</total>
				<timestamp>911.480258</timestamp>
			</report>
			<report>
				<misses>92800001</misses>
				<total>0</total>
				<timestamp>912.463774</timestamp>
			</report>
			<report>
				<misses>92900001</misses>
				<total>0</total>
				<timestamp>913.447034</timestamp>
			</report>
			<report>
				<misses>93000001</misses>
				<total>0</total>
				<timestamp>914.431008</timestamp>
			</report>
			<report>
				<misses>93100001</misses>
				<total>0</total>
				<timestamp>915.414657</timestamp>
			</report>
			<report>
				<misses>93200001</misses>
				<total>0</total>
				<timestamp>916.398403</timestamp>
			</report>
			<report>
				<misses>93300001</misses>
				<total>0</total>
				<timestamp>917.381181</timestamp>
			</report>
			<report>
				<misses>93400001</misses>
				<total>0</total>
				<timestamp>918.364612</timestamp>
			</report>
			<report>
				<misses>93500001</misses>
				<total>0</total>
				<timestamp>919.348643</timestamp>
			</report>
			<report>
				<misses>93600001</misses>
				<total>0</total>
				<timestamp>920.332826</timestamp>
			</report>
			<report>
				<misses>93700001</misses>
				<total>0</total>
				<timestamp>921.316949</timestamp>
			</report>
			<report>
				<misses>93800001</misses>
				<total>0</total>
				<timestamp>922.300952</timestamp>
			</report>
			<report>
				<misses>93900001</misses>
				<total>0</total>
				<timestamp>923.284546</timestamp>
			</report>
			<report>
				<misses>94000001</misses>
				<total>0</total>
				<timestamp>924.268457</timestamp>
			</report>
			<report>
				<misses>94100001</misses>
				<total>0</total>
				<timestamp>925.251480</timestamp>
			</report>
			<report>
				<misses>94200001</misses>
				<total>0</total>
				<timestamp>926.234445</timestamp>
			</report>
			<report>
				<misses>94300001</misses>
				<total>0</total>
				<timestamp>927.217858</timestamp>
			</report>
			<report>
				<misses>94400001</misses>
				<total>0</total>
				<timestamp>928.201196</timestamp>
			</report>
			<report>
				<misses>94500001</misses>
				<total>0</total>
				<timestamp>929.184724</timestamp>
			</report>
			<report>
				<misses>94600001</misses>
				<total>0</total>
				<timestamp>930.168264</timestamp>
			</report>
			<report>
				<misses>94700001</misses>
				<total>0</total>
				<timestamp>931.151866</timestamp>
			</report>
			<report>
				<misses>94800001</misses>
				<total>0</total>
				<timestamp>932.135880</timestamp>
			</report>
			<report>
				<misses>94900001</misses>
				<total>0</total>
				<timestamp>933.119091</timestamp>
			</report>
			<report>
				<misses>95000001</misses>
				<total>0</total>
				<timestamp>934.102878</timestamp>
			</report>
			<report>
				<misses>95100001</misses>
				<total>0</total>
				<timestamp>935.086804</timestamp>
			</report>
			<report>
				<misses>95200001</misses>
				<total>0</total>
				<timestamp>936.070435</timestamp>
			</report>
			<report>
				<misses>95300001</misses>
				<total>0</total>
				<timestamp>937.053948</timestamp>
			</report>
			<report>
				<misses>95400001</misses>
				<total>0</total>
				<timestamp>938.037101</timestamp>
			</report>
			<report>
				<misses>95500001</misses>
				<total>0</total>
				<timestamp>939.020305</timestamp>
			</report>
			<report>
				<misses>95600001</misses>
				<total>0</total>
				<timestamp>940.001863</timestamp>
			</report>
			<report>
				<misses>95700001</misses>
				<total>0</total>
				<timestamp>940.987422</timestamp>
			</report>
			<report>
				<misses>95800001</misses>
				<total>0</total>
				<timestamp>941.973601</timestamp>
			</report>
			<report>
				<misses>95900001</misses>
				<total>0</total>
				<timestamp>942.959517</timestamp>
			</report>
			<report>
				<misses>96000001</misses>
				<total>0</total>
				<timestamp>943.945075</timestamp>
			</report>
			<report>
				<misses>96100001</misses>
				<total>0</total>
				<timestamp>944.930156</timestamp>
			</report>
			<report>
				<misses>96200001</misses>
				<total>0</total>
				<timestamp>945.915492</timestamp>
			</report>
			<report>
				<misses>96300001</misses>
				<total>0</total>
				<timestamp>946.900455</timestamp>
			</report>
			<report>
				<misses>96400001</misses>
				<total>0</total>
				<timestamp>947.885840</timestamp>
			</report>
			<report>
				<misses>96500001</misses>
				<total>0</total>
				<timestamp>948.871624</timestamp>
			</report>
			<report>
				<misses>96600001</misses>
				<total>0</total>
				<timestamp>949.856930</timestamp>
			</report>
			<report>
				<misses>96700001</misses>
				<total>0</total>
				<timestamp>950.843027</timestamp>
			</report>
			<report>
				<misses>96800001</misses>
				<total>0</total>
				<timestamp>951.828985</timestamp>
			</report>
			<report>
				<misses>96900001</misses>
				<total>0</total>
				<timestamp>952.815115</timestamp>
			</report>
			<report>
				<misses>97000001</misses>
				<total>0</total>
				<timestamp>953.774617</timestamp>
			</report>
			<report>
				<misses>97100001</misses>
				<total>0</total>
				<timestamp>954.751023</timestamp>
			</report>
			<report>
				<misses>97200001</misses>
				<total>0</total>
				<timestamp>955.740368</timestamp>
			</report>
			<report>
				<misses>97300001</misses>
				<total>0</total>
				<timestamp>956.723466</timestamp>
			</report>
			<report>
				<misses>97400001</misses>
				<total>0</total>
				<timestamp>957.706460</timestamp>
			</report>
			<report>
				<misses>97500001</misses>
				<total>0</total>
				<timestamp>958.688874</timestamp>
			</report>
			<report>
				<misses>97600001</misses>
				<total>0</total>
				<timestamp>959.671380</timestamp>
			</report>
			<report>
				<misses>97700001</misses>
				<total>0</total>
				<timestamp>960.654160</timestamp>
			</report>
			<report>
				<misses>97800001</misses>
				<total>0</total>
				<timestamp>961.636642</timestamp>
			</report>
			<report>
				<misses>97900001</misses>
				<total>0</total>
				<timestamp>962.620147</timestamp>
			</report>
			<report>
				<misses>98000001</misses>
				<total>0</total>
				<timestamp>963.607035</timestamp>
			</report>
			<report>
				<misses>98100001</misses>
				<total>0</total>
				<timestamp>964.595179</timestamp>
			</report>
			<report>
				<misses>98200001</misses>
				<total>0</total>
				<timestamp>965.585482</timestamp>
			</report>
			<report>
				<misses>98300001</misses>
				<total>0</total>
				<timestamp>966.578033</timestamp>
			</report>
			<report>
				<misses>98400001</misses>
				<total>0</total>
				<timestamp>967.570695</timestamp>
			</report>
			<report>
				<misses>98500001</misses>
				<total>0</total>
				<timestamp>968.563419</timestamp>
			</report>
			<report>
				<misses>98600001</misses>
				<total>0</total>
				<timestamp>969.548683</timestamp>
			</report>
			<report>
				<misses>98700001</misses>
				<total>0</total>
				<timestamp>970.527594</timestamp>
			</report>
			<report>
				<misses>98800001</misses>
				<total>0</total>
				<timestamp>971.428875</timestamp>
			</report>
			<report>
				<misses>98900001</misses>
				<total>0</total>
				<timestamp>972.329655</timestamp>
			</report>
			<report>
				<misses>99000001</misses>
				<total>0</total>
				<timestamp>973.230860</timestamp>
			</report>
			<report>
				<misses>99100001</misses>
				<total>0</total>
				<timestamp>974.134014</timestamp>
			</report>
			<report>
				<misses>99200001</misses>
				<total>0</total>
				<timestamp>975.034482</timestamp>
			</report>
			<report>
				<misses>99300001</misses>
				<total>0</total>
				<timestamp>975.935220</timestamp>
			</report>
			<report>
				<misses>99400001</misses>
				<total>0</total>
				<timestamp>976.853974</timestamp>
			</report>
			<report>
				<misses>99500001</misses>
				<total>0</total>
				<timestamp>977.772201</timestamp>
			</report>
			<report>
				<misses>99600001</misses>
				<total>0</total>
				<timestamp>978.693275</timestamp>
			</report>
			<report>
				<misses>99700001</misses>
				<total>0</total>
				<timestamp>979.612268</timestamp>
			</report>
			<report>
				<misses>99800001</misses>
				<total>0</total>
				<timestamp>980.533467</timestamp>
			</report>
			<report>
				<misses>99900001</misses>
				<total>0</total>
				<timestamp>981.453191</timestamp>
			</report>
			<report>
				<misses>100000001</misses>
				<total>0</total>
				<timestamp>982.371437</timestamp>
			</report>
			<report>
				<misses>100100001</misses>
				<total>0</total>
				<timestamp>983.292077</timestamp>
			</report>
			<report>
				<misses>100200001</misses>
				<total>0</total>
				<timestamp>984.212570</timestamp>
			</report>
			<report>
				<misses>100300001</misses>
				<total>0</total>
				<timestamp>985.134906</timestamp>
			</report>
			<report>
				<misses>100400001</misses>
				<total>0</total>
				<timestamp>986.065843</timestamp>
			</report>
			<report>
				<misses>100500001</misses>
				<total>0</total>
				<timestamp>986.998420</timestamp>
			</report>
			<report>
				<misses>100600001</misses>
				<total>0</total>
				<timestamp>987.924882</timestamp>
			</report>
			<report>
				<misses>100700001</misses>
				<total>0</total>
				<timestamp>988.853187</timestamp>
			</report>
			<report>
				<misses>100800001</misses>
				<total>0</total>
				<timestamp>989.782189</timestamp>
			</report>
			<report>
				<misses>100900001</misses>
				<total>0</total>
				<timestamp>990.710518</timestamp>
			</report>
			<report>
				<misses>101000001</misses>
				<total>0</total>
				<timestamp>991.642619</timestamp>
			</report>
			<report>
				<misses>101100001</misses>
				<total>0</total>
				<timestamp>992.572170</timestamp>
			</report>
			<report>
				<misses>101200001</misses>
				<total>0</total>
				<timestamp>993.498799</timestamp>
			</report>
			<report>
				<misses>101300001</misses>
				<total>0</total>
				<timestamp>994.416080</timestamp>
			</report>
			<report>
				<misses>101400001</misses>
				<total>0</total>
				<timestamp>995.317595</timestamp>
			</report>
			<report>
				<misses>101500001</misses>
				<total>0</total>
				<timestamp>996.217582</timestamp>
			</report>
			<report>
				<misses>101600001</misses>
				<total>0</total>
				<timestamp>997.121340</timestamp>
			</report>
			<report>
				<misses>101700001</misses>
				<total>0</total>
				<timestamp>998.026528</timestamp>
			</report>
			<report>
				<misses>101800001</misses>
				<total>0</total>
				<timestamp>998.935276</timestamp>
			</report>
			<report>
				<misses>101900001</misses>
				<total>0</total>
				<timestamp>999.864394</timestamp>
			</report>
			<report>
				<misses>102000001</misses>
				<total>0</total>
				<timestamp>1000.853341</timestamp>
			</report>
			<report>
				<misses>102100001</misses>
				<total>0</total>
				<timestamp>1001.839568</timestamp>
			</report>
			<report>
				<misses>102200001</misses>
				<total>0</total>
				<timestamp>1002.826080</timestamp>
			</report>
			<report>
				<misses>102300001</misses>
				<total>0</total>
				<timestamp>1003.813392</timestamp>
			</report>
			<report>
				<misses>102400001</misses>
				<total>0</total>
				<timestamp>1004.800552</timestamp>
			</report>
			<report>
				<misses>102500001</misses>
				<total>0</total>
				<timestamp>1005.787686</timestamp>
			</report>
			<report>
				<misses>102600001</misses>
				<total>0</total>
				<timestamp>1006.775164</timestamp>
			</report>
			<report>
				<misses>102700001</misses>
				<total>0</total>
				<timestamp>1007.762800</timestamp>
			</report>
			<report>
				<misses>102800001</misses>
				<total>0</total>
				<timestamp>1008.750661</timestamp>
			</report>
			<report>
				<misses>102900001</misses>
				<total>0</total>
				<timestamp>1009.737395</timestamp>
			</report>
			<report>
				<misses>103000001</misses>
				<total>0</total>
				<timestamp>1010.723874</timestamp>
			</report>
			<report>
				<misses>103100001</misses>
				<total>0</total>
				<timestamp>1011.710684</timestamp>
			</report>
			<report>
				<misses>103200001</misses>
				<total>0</total>
				<timestamp>1012.696663</timestamp>
			</report>
			<report>
				<misses>103300001</misses>
				<total>0</total>
				<timestamp>1013.683395</timestamp>
			</report>
			<report>
				<misses>103400001</misses>
				<total>0</total>
				<timestamp>1014.670900</timestamp>
			</report>
			<report>
				<misses>103500001</misses>
				<total>0</total>
				<timestamp>1015.658268</timestamp>
			</report>
			<report>
				<misses>103600001</misses>
				<total>0</total>
				<timestamp>1016.644427</timestamp>
			</report>
			<report>
				<misses>103700001</misses>
				<total>0</total>
				<timestamp>1017.631490</timestamp>
			</report>
			<report>
				<misses>103800001</misses>
				<total>0</total>
				<timestamp>1018.618807</timestamp>
			</report>
			<report>
				<misses>103900001</misses>
				<total>0</total>
				<timestamp>1019.605391</timestamp>
			</report>
			<report>
				<misses>104000001</misses>
				<total>0</total>
				<timestamp>1020.592262</timestamp>
			</report>
			<report>
				<misses>104100001</misses>
				<total>0</total>
				<timestamp>1021.579403</timestamp>
			</report>
			<report>
				<misses>104200001</misses>
				<total>0</total>
				<timestamp>1022.566437</timestamp>
			</report>
			<report>
				<misses>104300001</misses>
				<total>0</total>
				<timestamp>1023.553183</timestamp>
			</report>
			<report>
				<misses>104400001</misses>
				<total>0</total>
				<timestamp>1024.539764</timestamp>
			</report>
			<report>
				<misses>104500001</misses>
				<total>0</total>
				<timestamp>1025.527868</timestamp>
			</report>
			<report>
				<misses>104600001</misses>
				<total>0</total>
				<timestamp>1026.514851</timestamp>
			</report>
			<report>
				<misses>104700001</misses>
				<total>0</total>
				<timestamp>1027.502867</timestamp>
			</report>
			<report>
				<misses>104800001</misses>
				<total>0</total>
				<timestamp>1028.490822</timestamp>
			</report>
			<report>
				<misses>104900001</misses>
				<total>0</total>
				<timestamp>1029.478607</timestamp>
			</report>
			<report>
				<misses>105000001</misses>
				<total>0</total>
				<timestamp>1030.466452</timestamp>
			</report>
			<report>
				<misses>105100001</misses>
				<total>0</total>
				<timestamp>1031.453541</timestamp>
			</report>
			<report>
				<misses>105200001</misses>
				<total>0</total>
				<timestamp>1032.436236</timestamp>
			</report>
			<report>
				<misses>105300001</misses>
				<total>0</total>
				<timestamp>1033.415163</timestamp>
			</report>
			<report>
				<misses>105400001</misses>
				<total>0</total>
				<timestamp>1034.403088</timestamp>
			</report>
			<report>
				<misses>105500001</misses>
				<total>0</total>
				<timestamp>1035.391000</timestamp>
			</report>
			<report>
				<misses>105600001</misses>
				<total>0</total>
				<timestamp>1036.380029</timestamp>
			</report>
			<report>
				<misses>105700001</misses>
				<total>0</total>
				<timestamp>1037.368329</timestamp>
			</report>
			<report>
				<misses>105800001</misses>
				<total>0</total>
				<timestamp>1038.356461</timestamp>
			</report>
			<report>
				<misses>105900001</misses>
				<total>0</total>
				<timestamp>1039.345239</timestamp>
			</report>
			<report>
				<misses>106000001</misses>
				<total>0</total>
				<timestamp>1040.333347</timestamp>
			</report>
			<report>
				<misses>106100001</misses>
				<total>0</total>
				<timestamp>1041.322417</timestamp>
			</report>
			<report>
				<misses>106200001</misses>
				<total>0</total>
				<timestamp>1042.311131</timestamp>
			</report>
			<report>
				<misses>106300001</misses>
				<total>0</total>
				<timestamp>1043.299866</timestamp>
			</report>
			<report>
				<misses>106400001</misses>
				<total>0</total>
				<timestamp>1044.288951</timestamp>
			</report>
			<report>
				<misses>106500001</misses>
				<total>0</total>
				<timestamp>1045.277831</timestamp>
			</report>
			<report>
				<misses>106600001</misses>
				<total>0</total>
				<timestamp>1046.267112</timestamp>
			</report>
			<report>
				<misses>106700001</misses>
				<total>0</total>
				<timestamp>1047.256342</timestamp>
			</report>
			<report>
				<misses>106800001</misses>
				<total>0</total>
				<timestamp>1048.245601</timestamp>
			</report>
			<report>
				<misses>106900001</misses>
				<total>0</total>
				<timestamp>1049.235021</timestamp>
			</report>
			<report>
				<misses>107000001</misses>
				<total>0</total>
				<timestamp>1050.224545</timestamp>
			</report>
			<report>
				<misses>107100001</misses>
				<total>0</total>
				<timestamp>1051.187618</timestamp>
			</report>
			<report>
				<misses>107200001</misses>
				<total>0</total>
				<timestamp>1052.110939</timestamp>
			</report>
			<report>
				<misses>107300001</misses>
				<total>0</total>
				<timestamp>1053.027215</timestamp>
			</report>
			<report>
				<misses>107400001</misses>
				<total>0</total>
				<timestamp>1053.953205</timestamp>
			</report>
			<report>
				<misses>107500001</misses>
				<total>0</total>
				<timestamp>1054.926890</timestamp>
			</report>
			<report>
				<misses>107600001</misses>
				<total>0</total>
				<timestamp>1055.900266</timestamp>
			</report>
			<report>
				<misses>107700001</misses>
				<total>0</total>
				<timestamp>1056.884216</timestamp>
			</report>
			<report>
				<misses>107800001</misses>
				<total>0</total>
				<timestamp>1057.871970</timestamp>
			</report>
			<report>
				<misses>107900001</misses>
				<total>0</total>
				<timestamp>1058.843677</timestamp>
			</report>
			<report>
				<misses>108000001</misses>
				<total>0</total>
				<timestamp>1059.815601</timestamp>
			</report>
			<report>
				<misses>108100001</misses>
				<total>0</total>
				<timestamp>1060.787682</timestamp>
			</report>
			<report>
				<misses>108200001</misses>
				<total>0</total>
				<timestamp>1061.759540</timestamp>
			</report>
			<report>
				<misses>108300001</misses>
				<total>0</total>
				<timestamp>1062.731284</timestamp>
			</report>
			<report>
				<misses>108400001</misses>
				<total>0</total>
				<timestamp>1063.703373</timestamp>
			</report>
			<report>
				<misses>108500001</misses>
				<total>0</total>
				<timestamp>1064.675335</timestamp>
			</report>
			<report>
				<misses>108600001</misses>
				<total>0</total>
				<timestamp>1065.655609</timestamp>
			</report>
			<report>
				<misses>108700001</misses>
				<total>0</total>
				<timestamp>1066.636698</timestamp>
			</report>
			<report>
				<misses>108800001</misses>
				<total>0</total>
				<timestamp>1067.617524</timestamp>
			</report>
			<report>
				<misses>108900001</misses>
				<total>0</total>
				<timestamp>1068.598589</timestamp>
			</report>
			<report>
				<misses>109000001</misses>
				<total>0</total>
				<timestamp>1069.579456</timestamp>
			</report>
			<report>
				<misses>109100001</misses>
				<total>0</total>
				<timestamp>1070.561556</timestamp>
			</report>
			<report>
				<misses>109200001</misses>
				<total>0</total>
				<timestamp>1071.542570</timestamp>
			</report>
			<report>
				<misses>109300001</misses>
				<total>0</total>
				<timestamp>1072.524193</timestamp>
			</report>
			<report>
				<misses>109400001</misses>
				<total>0</total>
				<timestamp>1073.505336</timestamp>
			</report>
			<report>
				<misses>109500001</misses>
				<total>0</total>
				<timestamp>1074.486237</timestamp>
			</report>
			<report>
				<misses>109600001</misses>
				<total>0</total>
				<timestamp>1075.467554</timestamp>
			</report>
			<report>
				<misses>109700001</misses>
				<total>0</total>
				<timestamp>1076.448635</timestamp>
			</report>
			<report>
				<misses>109800001</misses>
				<total>0</total>
				<timestamp>1077.429351</timestamp>
			</report>
			<report>
				<misses>109900001</misses>
				<total>0</total>
				<timestamp>1078.410579</timestamp>
			</report>
			<report>
				<misses>110000001</misses>
				<total>0</total>
				<timestamp>1079.391639</timestamp>
			</report>
			<report>
				<misses>110100001</misses>
				<total>0</total>
				<timestamp>1080.372966</timestamp>
			</report>
			<report>
				<misses>110200001</misses>
				<total>0</total>
				<timestamp>1081.353802</timestamp>
			</report>
			<report>
				<misses>110300001</misses>
				<total>0</total>
				<timestamp>1082.334601</timestamp>
			</report>
			<report>
				<misses>110400001</misses>
				<total>0</total>
				<timestamp>1083.315606</timestamp>
			</report>
			<report>
				<misses>110500001</misses>
				<total>0</total>
				<timestamp>1084.296887</timestamp>
			</report>
			<report>
				<misses>110600001</misses>
				<total>0</total>
				<timestamp>1085.277881</timestamp>
			</report>
			<report>
				<misses>110700001</misses>
				<total>0</total>
				<timestamp>1086.258644</timestamp>
			</report>
			<report>
				<misses>110800001</misses>
				<total>0</total>
				<timestamp>1087.239446</timestamp>
			</report>
			<report>
				<misses>110900001</misses>
				<total>0</total>
				<timestamp>1088.220337</timestamp>
			</report>
			<report>
				<misses>111000001</misses>
				<total>0</total>
				<timestamp>1089.201344</timestamp>
			</report>
			<report>
				<misses>111100001</misses>
				<total>0</total>
				<timestamp>1090.182312</timestamp>
			</report>
			<report>
				<misses>111200001</misses>
				<total>0</total>
				<timestamp>1091.163242</timestamp>
			</report>
			<report>
				<misses>111300001</misses>
				<total>0</total>
				<timestamp>1092.144186</timestamp>
			</report>
			<report>
				<misses>111400001</misses>
				<total>0</total>
				<timestamp>1093.125474</timestamp>
			</report>
			<report>
				<misses>111500001</misses>
				<total>0</total>
				<timestamp>1094.107387</timestamp>
			</report>
			<report>
				<misses>111600001</misses>
				<total>0</total>
				<timestamp>1095.088864</timestamp>
			</report>
			<report>
				<misses>111700001</misses>
				<total>0</total>
				<timestamp>1096.070309</timestamp>
			</report>
			<report>
				<misses>111800001</misses>
				<total>0</total>
				<timestamp>1097.051981</timestamp>
			</report>
			<report>
				<misses>111900001</misses>
				<total>0</total>
				<timestamp>1098.033599</timestamp>
			</report>
			<report>
				<misses>112000001</misses>
				<total>0</total>
				<timestamp>1099.014821</timestamp>
			</report>
			<report>
				<misses>112100001</misses>
				<total>0</total>
				<timestamp>1099.995942</timestamp>
			</report>
			<report>
				<misses>112200001</misses>
				<total>0</total>
				<timestamp>1100.977638</timestamp>
			</report>
			<report>
				<misses>112300001</misses>
				<total>0</total>
				<timestamp>1101.959231</timestamp>
			</report>
			<report>
				<misses>112400001</misses>
				<total>0</total>
				<timestamp>1102.940447</timestamp>
			</report>
			<report>
				<misses>112500001</misses>
				<total>0</total>
				<timestamp>1103.922357</timestamp>
			</report>
			<report>
				<misses>112600001</misses>
				<total>0</total>
				<timestamp>1104.903844</timestamp>
			</report>
			<report>
				<misses>112700001</misses>
				<total>0</total>
				<timestamp>1105.885183</timestamp>
			</report>
			<report>
				<misses>112800001</misses>
				<total>0</total>
				<timestamp>1106.872326</timestamp>
			</report>
			<report>
				<misses>112900001</misses>
				<total>0</total>
				<timestamp>1107.849014</timestamp>
			</report>
			<report>
				<misses>113000001</misses>
				<total>0</total>
				<timestamp>1108.836996</timestamp>
			</report>
			<report>
				<misses>113100001</misses>
				<total>0</total>
				<timestamp>1109.824848</timestamp>
			</report>
			<report>
				<misses>113200001</misses>
				<total>0</total>
				<timestamp>1110.811906</timestamp>
			</report>
			<report>
				<misses>113300001</misses>
				<total>0</total>
				<timestamp>1111.799655</timestamp>
			</report>
			<report>
				<misses>113400001</misses>
				<total>0</total>
				<timestamp>1112.788083</timestamp>
			</report>
			<report>
				<misses>113500001</misses>
				<total>0</total>
				<timestamp>1113.776270</timestamp>
			</report>
			<report>
				<misses>113600001</misses>
				<total>0</total>
				<timestamp>1114.763788</timestamp>
			</report>
			<report>
				<misses>113700001</misses>
				<total>0</total>
				<timestamp>1115.751777</timestamp>
			</report>
			<report>
				<misses>113800001</misses>
				<total>0</total>
				<timestamp>1116.740453</timestamp>
			</report>
			<report>
				<misses>113900001</misses>
				<total>0</total>
				<timestamp>1117.728184</timestamp>
			</report>
			<report>
				<misses>114000001</misses>
				<total>0</total>
				<timestamp>1118.715756</timestamp>
			</report>
			<report>
				<misses>114100001</misses>
				<total>0</total>
				<timestamp>1119.702689</timestamp>
			</report>
			<report>
				<misses>114200001</misses>
				<total>0</total>
				<timestamp>1120.690268</timestamp>
			</report>
			<report>
				<misses>114300001</misses>
				<total>0</total>
				<timestamp>1121.677786</timestamp>
			</report>
			<report>
				<misses>114400001</misses>
				<total>0</total>
				<timestamp>1122.664917</timestamp>
			</report>
			<report>
				<misses>114500001</misses>
				<total>0</total>
				<timestamp>1123.652671</timestamp>
			</report>
			<report>
				<misses>114600001</misses>
				<total>0</total>
				<timestamp>1124.639989</timestamp>
			</report>
			<report>
				<misses>114700001</misses>
				<total>0</total>
				<timestamp>1125.627473</timestamp>
			</report>
			<report>
				<misses>114800001</misses>
				<total>0</total>
				<timestamp>1126.614177</timestamp>
			</report>
			<report>
				<misses>114900001</misses>
				<total>0</total>
				<timestamp>1127.596087</timestamp>
			</report>
			<report>
				<misses>115000001</misses>
				<total>0</total>
				<timestamp>1128.583238</timestamp>
			</report>
			<report>
				<misses>115100001</misses>
				<total>0</total>
				<timestamp>1129.571888</timestamp>
			</report>
			<report>
				<misses>115200001</misses>
				<total>0</total>
				<timestamp>1130.558350</timestamp>
			</report>
			<report>
				<misses>115300001</misses>
				<total>0</total>
				<timestamp>1131.544260</timestamp>
			</report>
			<report>
				<misses>115400001</misses>
				<total>0</total>
				<timestamp>1132.530717</timestamp>
			</report>
			<report>
				<misses>115500001</misses>
				<total>0</total>
				<timestamp>1133.519278</timestamp>
			</report>
			<report>
				<misses>115600001</misses>
				<total>0</total>
				<timestamp>1134.506885</timestamp>
			</report>
			<report>
				<misses>115700001</misses>
				<total>0</total>
				<timestamp>1135.495384</timestamp>
			</report>
			<report>
				<misses>115800001</misses>
				<total>0</total>
				<timestamp>1136.482327</timestamp>
			</report>
			<report>
				<misses>115900001</misses>
				<total>0</total>
				<timestamp>1137.470081</timestamp>
			</report>
			<report>
				<misses>116000001</misses>
				<total>0</total>
				<timestamp>1138.458274</timestamp>
			</report>
			<report>
				<misses>116100001</misses>
				<total>0</total>
				<timestamp>1139.445823</timestamp>
			</report>
			<report>
				<misses>116200001</misses>
				<total>0</total>
				<timestamp>1140.432169</timestamp>
			</report>
			<report>
				<misses>116300001</misses>
				<total>0</total>
				<timestamp>1141.418423</timestamp>
			</report>
			<report>
				<misses>116400001</misses>
				<total>0</total>
				<timestamp>1142.404982</timestamp>
			</report>
			<report>
				<misses>116500001</misses>
				<total>0</total>
				<timestamp>1143.392232</timestamp>
			</report>
			<report>
				<misses>116600001</misses>
				<total>0</total>
				<timestamp>1144.379687</timestamp>
			</report>
			<report>
				<misses>116700001</misses>
				<total>0</total>
				<timestamp>1145.370634</timestamp>
			</report>
			<report>
				<misses>116800001</misses>
				<total>0</total>
				<timestamp>1146.359821</timestamp>
			</report>
			<report>
				<misses>116900001</misses>
				<total>0</total>
				<timestamp>1147.345319</timestamp>
			</report>
			<report>
				<misses>117000001</misses>
				<total>0</total>
				<timestamp>1148.331148</timestamp>
			</report>
			<report>
				<misses>117100001</misses>
				<total>0</total>
				<timestamp>1149.316567</timestamp>
			</report>
			<report>
				<misses>117200001</misses>
				<total>0</total>
				<timestamp>1150.301478</timestamp>
			</report>
			<report>
				<misses>117300001</misses>
				<total>0</total>
				<timestamp>1151.287311</timestamp>
			</report>
			<report>
				<misses>117400001</misses>
				<total>0</total>
				<timestamp>1152.273068</timestamp>
			</report>
			<report>
				<misses>117500001</misses>
				<total>0</total>
				<timestamp>1153.258912</timestamp>
			</report>
			<report>
				<misses>117600001</misses>
				<total>0</total>
				<timestamp>1154.244655</timestamp>
			</report>
			<report>
				<misses>117700001</misses>
				<total>0</total>
				<timestamp>1155.230868</timestamp>
			</report>
			<report>
				<misses>117800001</misses>
				<total>0</total>
				<timestamp>1156.217252</timestamp>
			</report>
			<report>
				<misses>117900001</misses>
				<total>0</total>
				<timestamp>1157.203207</timestamp>
			</report>
			<report>
				<misses>118000001</misses>
				<total>0</total>
				<timestamp>1158.189274</timestamp>
			</report>
			<report>
				<misses>118100001</misses>
				<total>0</total>
				<timestamp>1159.175504</timestamp>
			</report>
			<report>
				<misses>118200001</misses>
				<total>0</total>
				<timestamp>1160.161256</timestamp>
			</report>
			<report>
				<misses>118300001</misses>
				<total>0</total>
				<timestamp>1161.146987</timestamp>
			</report>
			<report>
				<misses>118400001</misses>
				<total>0</total>
				<timestamp>1162.133566</timestamp>
			</report>
			<report>
				<misses>118500001</misses>
				<total>0</total>
				<timestamp>1163.119218</timestamp>
			</report>
			<report>
				<misses>118600001</misses>
				<total>0</total>
				<timestamp>1164.104848</timestamp>
			</report>
			<report>
				<misses>118700001</misses>
				<total>0</total>
				<timestamp>1165.090788</timestamp>
			</report>
			<report>
				<misses>118800001</misses>
				<total>0</total>
				<timestamp>1166.076620</timestamp>
			</report>
			<report>
				<misses>118900001</misses>
				<total>0</total>
				<timestamp>1167.062463</timestamp>
			</report>
			<report>
				<misses>119000001</misses>
				<total>0</total>
				<timestamp>1168.048146</timestamp>
			</report>
			<report>
				<misses>119100001</misses>
				<total>0</total>
				<timestamp>1169.033789</timestamp>
			</report>
			<report>
				<misses>119200001</misses>
				<total>0</total>
				<timestamp>1170.018870</timestamp>
			</report>
			<report>
				<misses>119300001</misses>
				<total>0</total>
				<timestamp>1171.004361</timestamp>
			</report>
			<report>
				<misses>119400001</misses>
				<total>0</total>
				<timestamp>1171.986614</timestamp>
			</report>
			<report>
				<misses>119500001</misses>
				<total>0</total>
				<timestamp>1172.960774</timestamp>
			</report>
			<report>
				<misses>119600001</misses>
				<total>0</total>
				<timestamp>1173.949868</timestamp>
			</report>
			<report>
				<misses>119700001</misses>
				<total>0</total>
				<timestamp>1174.938208</timestamp>
			</report>
			<report>
				<misses>119800001</misses>
				<total>0</total>
				<timestamp>1175.927130</timestamp>
			</report>
			<report>
				<misses>119900001</misses>
				<total>0</total>
				<timestamp>1176.915346</timestamp>
			</report>
			<report>
				<misses>120000001</misses>
				<total>0</total>
				<timestamp>1177.905893</timestamp>
			</report>
			<report>
				<misses>120100001</misses>
				<total>0</total>
				<timestamp>1178.895963</timestamp>
			</report>
			<report>
				<misses>120200001</misses>
				<total>0</total>
				<timestamp>1179.886463</timestamp>
			</report>
			<report>
				<misses>120300001</misses>
				<total>0</total>
				<timestamp>1180.875013</timestamp>
			</report>
			<report>
				<misses>120400001</misses>
				<total>0</total>
				<timestamp>1181.863924</timestamp>
			</report>
			<report>
				<misses>120500001</misses>
				<total>0</total>
				<timestamp>1182.852257</timestamp>
			</report>
			<report>
				<misses>120600001</misses>
				<total>0</total>
				<timestamp>1183.840856</timestamp>
			</report>
			<report>
				<misses>120700001</misses>
				<total>0</total>
				<timestamp>1184.830108</timestamp>
			</report>
			<report>
				<misses>120800001</misses>
				<total>0</total>
				<timestamp>1185.818343</timestamp>
			</report>
			<report>
				<misses>120900001</misses>
				<total>0</total>
				<timestamp>1186.807671</timestamp>
			</report>
			<report>
				<misses>121000001</misses>
				<total>0</total>
				<timestamp>1187.796136</timestamp>
			</report>
			<report>
				<misses>121100001</misses>
				<total>0</total>
				<timestamp>1188.784324</timestamp>
			</report>
			<report>
				<misses>121200001</misses>
				<total>0</total>
				<timestamp>1189.702396</timestamp>
			</report>
			<report>
				<misses>121300001</misses>
				<total>0</total>
				<timestamp>1190.597002</timestamp>
			</report>
			<report>
				<misses>121400001</misses>
				<total>0</total>
				<timestamp>1191.495156</timestamp>
			</report>
			<report>
				<misses>121500001</misses>
				<total>0</total>
				<timestamp>1192.394264</timestamp>
			</report>
			<report>
				<misses>121600001</misses>
				<total>0</total>
				<timestamp>1193.289663</timestamp>
			</report>
			<report>
				<misses>121700001</misses>
				<total>0</total>
				<timestamp>1194.187613</timestamp>
			</report>
			<report>
				<misses>121800001</misses>
				<total>0</total>
				<timestamp>1195.094366</timestamp>
			</report>
			<report>
				<misses>121900001</misses>
				<total>0</total>
				<timestamp>1195.993198</timestamp>
			</report>
			<report>
				<misses>122000001</misses>
				<total>0</total>
				<timestamp>1196.890741</timestamp>
			</report>
			<report>
				<misses>122100001</misses>
				<total>0</total>
				<timestamp>1197.785824</timestamp>
			</report>
			<report>
				<misses>122200001</misses>
				<total>0</total>
				<timestamp>1198.687397</timestamp>
			</report>
			<report>
				<misses>122300001</misses>
				<total>0</total>
				<timestamp>1199.587804</timestamp>
			</report>
			<report>
				<misses>122400001</misses>
				<total>0</total>
				<timestamp>1200.492649</timestamp>
			</report>
			<report>
				<misses>122500001</misses>
				<total>0</total>
				<timestamp>1201.463791</timestamp>
			</report>
			<report>
				<misses>122600001</misses>
				<total>0</total>
				<timestamp>1202.453483</timestamp>
			</report>
			<report>
				<misses>122700001</misses>
				<total>0</total>
				<timestamp>1203.442860</timestamp>
			</report>
			<report>
				<misses>122800001</misses>
				<total>0</total>
				<timestamp>1204.432511</timestamp>
			</report>
			<report>
				<misses>122900001</misses>
				<total>0</total>
				<timestamp>1205.421310</timestamp>
			</report>
			<report>
				<misses>123000001</misses>
				<total>0</total>
				<timestamp>1206.410368</timestamp>
			</report>
			<report>
				<misses>123100001</misses>
				<total>0</total>
				<timestamp>1207.399387</timestamp>
			</report>
			<report>
				<misses>123200001</misses>
				<total>0</total>
				<timestamp>1208.387976</timestamp>
			</report>
			<report>
				<misses>123300001</misses>
				<total>0</total>
				<timestamp>1209.377244</timestamp>
			</report>
			<report>
				<misses>123400001</misses>
				<total>0</total>
				<timestamp>1210.366600</timestamp>
			</report>
			<report>
				<misses>123500001</misses>
				<total>0</total>
				<timestamp>1211.355272</timestamp>
			</report>
			<report>
				<misses>123600001</misses>
				<total>0</total>
				<timestamp>1212.338788</timestamp>
			</report>
			<report>
				<misses>123700001</misses>
				<total>0</total>
				<timestamp>1213.322335</timestamp>
			</report>
			<report>
				<misses>123800001</misses>
				<total>0</total>
				<timestamp>1214.311046</timestamp>
			</report>
			<report>
				<misses>123900001</misses>
				<total>0</total>
				<timestamp>1215.300933</timestamp>
			</report>
			<report>
				<misses>124000001</misses>
				<total>0</total>
				<timestamp>1216.290625</timestamp>
			</report>
			<report>
				<misses>124100001</misses>
				<total>0</total>
				<timestamp>1217.280656</timestamp>
			</report>
			<report>
				<misses>124200001</misses>
				<total>0</total>
				<timestamp>1218.270483</timestamp>
			</report>
			<report>
				<misses>124300001</misses>
				<total>0</total>
				<timestamp>1219.260148</timestamp>
			</report>
			<report>
				<misses>124400001</misses>
				<total>0</total>
				<timestamp>1220.250907</timestamp>
			</report>
			<report>
				<misses>124500001</misses>
				<total>0</total>
				<timestamp>1221.241417</timestamp>
			</report>
			<report>
				<misses>124600001</misses>
				<total>0</total>
				<timestamp>1222.231916</timestamp>
			</report>
			<report>
				<misses>124700001</misses>
				<total>0</total>
				<timestamp>1223.221540</timestamp>
			</report>
			<report>
				<misses>124800001</misses>
				<total>0</total>
				<timestamp>1224.210956</timestamp>
			</report>
			<report>
				<misses>124900001</misses>
				<total>0</total>
				<timestamp>1225.200774</timestamp>
			</report>
			<report>
				<misses>125000001</misses>
				<total>0</total>
				<timestamp>1226.190624</timestamp>
			</report>
			<report>
				<misses>125100001</misses>
				<total>0</total>
				<timestamp>1227.180579</timestamp>
			</report>
			<report>
				<misses>125200001</misses>
				<total>0</total>
				<timestamp>1228.170271</timestamp>
			</report>
			<report>
				<misses>125300001</misses>
				<total>0</total>
				<timestamp>1229.159741</timestamp>
			</report>
			<report>
				<misses>125400001</misses>
				<total>0</total>
				<timestamp>1230.149295</timestamp>
			</report>
			<report>
				<misses>125500001</misses>
				<total>0</total>
				<timestamp>1231.139156</timestamp>
			</report>
			<report>
				<misses>125600001</misses>
				<total>0</total>
				<timestamp>1232.128975</timestamp>
			</report>
			<report>
				<misses>125700001</misses>
				<total>0</total>
				<timestamp>1233.118011</timestamp>
			</report>
			<report>
				<misses>125800001</misses>
				<total>0</total>
				<timestamp>1234.107754</timestamp>
			</report>
			<report>
				<misses>125900001</misses>
				<total>0</total>
				<timestamp>1235.096807</timestamp>
			</report>
			<report>
				<misses>126000001</misses>
				<total>0</total>
				<timestamp>1236.086409</timestamp>
			</report>
			<report>
				<misses>126100001</misses>
				<total>0</total>
				<timestamp>1237.075379</timestamp>
			</report>
			<report>
				<misses>126200001</misses>
				<total>0</total>
				<timestamp>1238.065426</timestamp>
			</report>
			<report>
				<misses>126300001</misses>
				<total>0</total>
				<timestamp>1239.054468</timestamp>
			</report>
			<report>
				<misses>126400001</misses>
				<total>0</total>
				<timestamp>1240.044709</timestamp>
			</report>
			<report>
				<misses>126500001</misses>
				<total>0</total>
				<timestamp>1241.034805</timestamp>
			</report>
			<report>
				<misses>126600001</misses>
				<total>0</total>
				<timestamp>1242.024935</timestamp>
			</report>
			<report>
				<misses>126700001</misses>
				<total>0</total>
				<timestamp>1243.014752</timestamp>
			</report>
			<report>
				<misses>126800001</misses>
				<total>0</total>
				<timestamp>1244.004796</timestamp>
			</report>
			<report>
				<misses>126900001</misses>
				<total>0</total>
				<timestamp>1244.995645</timestamp>
			</report>
			<report>
				<misses>127000001</misses>
				<total>0</total>
				<timestamp>1245.985696</timestamp>
			</report>
			<report>
				<misses>127100001</misses>
				<total>0</total>
				<timestamp>1246.975425</timestamp>
			</report>
			<report>
				<misses>127200001</misses>
				<total>0</total>
				<timestamp>1247.964996</timestamp>
			</report>
			<report>
				<misses>127300001</misses>
				<total>0</total>
				<timestamp>1248.954598</timestamp>
			</report>
			<report>
				<misses>127400001</misses>
				<total>0</total>
				<timestamp>1249.943581</timestamp>
			</report>
			<report>
				<misses>127500001</misses>
				<total>0</total>
				<timestamp>1250.933271</timestamp>
			</report>
			<report>
				<misses>127600001</misses>
				<total>0</total>
				<timestamp>1251.922759</timestamp>
			</report>
			<report>
				<misses>127700001</misses>
				<total>0</total>
				<timestamp>1252.912233</timestamp>
			</report>
			<report>
				<misses>127800001</misses>
				<total>0</total>
				<timestamp>1253.902564</timestamp>
			</report>
			<report>
				<misses>127900001</misses>
				<total>0</total>
				<timestamp>1254.891915</timestamp>
			</report>
			<report>
				<misses>128000001</misses>
				<total>0</total>
				<timestamp>1255.881044</timestamp>
			</report>
			<report>
				<misses>128100001</misses>
				<total>0</total>
				<timestamp>1256.870751</timestamp>
			</report>
			<report>
				<misses>128200001</misses>
				<total>0</total>
				<timestamp>1257.860784</timestamp>
			</report>
			<report>
				<misses>128300001</misses>
				<total>0</total>
				<timestamp>1258.850307</timestamp>
			</report>
			<report>
				<misses>128400001</misses>
				<total>0</total>
				<timestamp>1259.839598</timestamp>
			</report>
			<report>
				<misses>128500001</misses>
				<total>0</total>
				<timestamp>1260.829111</timestamp>
			</report>
			<report>
				<misses>128600001</misses>
				<total>0</total>
				<timestamp>1261.817974</timestamp>
			</report>
			<report>
				<misses>128700001</misses>
				<total>0</total>
				<timestamp>1262.808113</timestamp>
			</report>
			<report>
				<misses>128800001</misses>
				<total>0</total>
				<timestamp>1263.798095</timestamp>
			</report>
			<report>
				<misses>128900001</misses>
				<total>0</total>
				<timestamp>1264.788730</timestamp>
			</report>
			<report>
				<misses>129000001</misses>
				<total>0</total>
				<timestamp>1265.778553</timestamp>
			</report>
			<report>
				<misses>129100001</misses>
				<total>0</total>
				<timestamp>1266.769009</timestamp>
			</report>
			<report>
				<misses>129200001</misses>
				<total>0</total>
				<timestamp>1267.758287</timestamp>
			</report>
			<report>
				<misses>129300001</misses>
				<total>0</total>
				<timestamp>1268.748534</timestamp>
			</report>
			<report>
				<misses>129400001</misses>
				<total>0</total>
				<timestamp>1269.738576</timestamp>
			</report>
			<report>
				<misses>129500001</misses>
				<total>0</total>
				<timestamp>1270.729420</timestamp>
			</report>
			<report>
				<misses>129600001</misses>
				<total>0</total>
				<timestamp>1271.719299</timestamp>
			</report>
			<report>
				<misses>129700001</misses>
				<total>0</total>
				<timestamp>1272.709352</timestamp>
			</report>
			<report>
				<misses>129800001</misses>
				<total>0</total>
				<timestamp>1273.699724</timestamp>
			</report>
			<report>
				<misses>129900001</misses>
				<total>0</total>
				<timestamp>1274.690088</timestamp>
			</report>
			<report>
				<misses>130000001</misses>
				<total>0</total>
				<timestamp>1275.679545</timestamp>
			</report>
			<report>
				<misses>130100001</misses>
				<total>0</total>
				<timestamp>1276.669775</timestamp>
			</report>
			<report>
				<misses>130200001</misses>
				<total>0</total>
				<timestamp>1277.659185</timestamp>
			</report>
			<report>
				<misses>130300001</misses>
				<total>0</total>
				<timestamp>1278.649784</timestamp>
			</report>
			<report>
				<misses>130400001</misses>
				<total>0</total>
				<timestamp>1279.639670</timestamp>
			</report>
			<report>
				<misses>130500001</misses>
				<total>0</total>
				<timestamp>1280.629311</timestamp>
			</report>
			<report>
				<misses>130600001</misses>
				<total>0</total>
				<timestamp>1281.618701</timestamp>
			</report>
			<report>
				<misses>130700001</misses>
				<total>0</total>
				<timestamp>1282.608524</timestamp>
			</report>
			<report>
				<misses>130800001</misses>
				<total>0</total>
				<timestamp>1283.598485</timestamp>
			</report>
			<report>
				<misses>130900001</misses>
				<total>0</total>
				<timestamp>1284.588823</timestamp>
			</report>
			<report>
				<misses>131000001</misses>
				<total>0</total>
				<timestamp>1285.578445</timestamp>
			</report>
			<report>
				<misses>131100001</misses>
				<total>0</total>
				<timestamp>1286.568459</timestamp>
			</report>
			<report>
				<misses>131200001</misses>
				<total>0</total>
				<timestamp>1287.558106</timestamp>
			</report>
			<report>
				<misses>131300001</misses>
				<total>0</total>
				<timestamp>1288.548649</timestamp>
			</report>
			<report>
				<misses>131400001</misses>
				<total>0</total>
				<timestamp>1289.539054</timestamp>
			</report>
			<report>
				<misses>131500001</misses>
				<total>0</total>
				<timestamp>1290.528545</timestamp>
			</report>
			<report>
				<misses>131600001</misses>
				<total>0</total>
				<timestamp>1291.518191</timestamp>
			</report>
			<report>
				<misses>131700001</misses>
				<total>0</total>
				<timestamp>1292.507802</timestamp>
			</report>
			<report>
				<misses>131800001</misses>
				<total>0</total>
				<timestamp>1293.497445</timestamp>
			</report>
			<report>
				<misses>131900001</misses>
				<total>0</total>
				<timestamp>1294.487611</timestamp>
			</report>
			<report>
				<misses>132000001</misses>
				<total>0</total>
				<timestamp>1295.477796</timestamp>
			</report>
			<report>
				<misses>132100001</misses>
				<total>0</total>
				<timestamp>1296.467797</timestamp>
			</report>
			<report>
				<misses>132200001</misses>
				<total>0</total>
				<timestamp>1297.418985</timestamp>
			</report>
			<report>
				<misses>132300001</misses>
				<total>0</total>
				<timestamp>1298.332414</timestamp>
			</report>
			<report>
				<misses>132400001</misses>
				<total>0</total>
				<timestamp>1299.308614</timestamp>
			</report>
			<report>
				<misses>132500001</misses>
				<total>0</total>
				<timestamp>1300.299046</timestamp>
			</report>
			<report>
				<misses>132600001</misses>
				<total>0</total>
				<timestamp>1301.287825</timestamp>
			</report>
			<report>
				<misses>132700001</misses>
				<total>0</total>
				<timestamp>1302.276589</timestamp>
			</report>
			<report>
				<misses>132800001</misses>
				<total>0</total>
				<timestamp>1303.265432</timestamp>
			</report>
			<report>
				<misses>132900001</misses>
				<total>0</total>
				<timestamp>1304.254664</timestamp>
			</report>
			<report>
				<misses>133000001</misses>
				<total>0</total>
				<timestamp>1305.243473</timestamp>
			</report>
			<report>
				<misses>133100001</misses>
				<total>0</total>
				<timestamp>1306.232917</timestamp>
			</report>
			<report>
				<misses>133200001</misses>
				<total>0</total>
				<timestamp>1307.221906</timestamp>
			</report>
			<report>
				<misses>133300001</misses>
				<total>0</total>
				<timestamp>1308.210852</timestamp>
			</report>
			<report>
				<misses>133400001</misses>
				<total>0</total>
				<timestamp>1309.199671</timestamp>
			</report>
			<report>
				<misses>133500001</misses>
				<total>0</total>
				<timestamp>1310.189066</timestamp>
			</report>
			<report>
				<misses>133600001</misses>
				<total>0</total>
				<timestamp>1311.177751</timestamp>
			</report>
			<report>
				<misses>133700001</misses>
				<total>0</total>
				<timestamp>1312.166797</timestamp>
			</report>
			<report>
				<misses>133800001</misses>
				<total>0</total>
				<timestamp>1313.154993</timestamp>
			</report>
			<report>
				<misses>133900001</misses>
				<total>0</total>
				<timestamp>1314.144298</timestamp>
			</report>
			<report>
				<misses>134000001</misses>
				<total>0</total>
				<timestamp>1315.133639</timestamp>
			</report>
			<report>
				<misses>134100001</misses>
				<total>0</total>
				<timestamp>1316.123259</timestamp>
			</report>
			<report>
				<misses>134200001</misses>
				<total>0</total>
				<timestamp>1317.113396</timestamp>
			</report>
			<report>
				<misses>134300001</misses>
				<total>0</total>
				<timestamp>1318.102896</timestamp>
			</report>
			<report>
				<misses>134400001</misses>
				<total>0</total>
				<timestamp>1319.081268</timestamp>
			</report>
			<report>
				<misses>134500001</misses>
				<total>0</total>
				<timestamp>1319.980905</timestamp>
			</report>
			<report>
				<misses>134600001</misses>
				<total>0</total>
				<timestamp>1320.878718</timestamp>
			</report>
			<report>
				<misses>134700001</misses>
				<total>0</total>
				<timestamp>1321.777333</timestamp>
			</report>
			<report>
				<misses>134800001</misses>
				<total>0</total>
				<timestamp>1322.675890</timestamp>
			</report>
			<report>
				<misses>134900001</misses>
				<total>0</total>
				<timestamp>1323.575699</timestamp>
			</report>
			<report>
				<misses>135000001</misses>
				<total>0</total>
				<timestamp>1324.470589</timestamp>
			</report>
			<report>
				<misses>135100001</misses>
				<total>0</total>
				<timestamp>1325.366912</timestamp>
			</report>
			<report>
				<misses>135200001</misses>
				<total>0</total>
				<timestamp>1326.263496</timestamp>
			</report>
			<report>
				<misses>135300001</misses>
				<total>0</total>
				<timestamp>1327.156076</timestamp>
			</report>
			<report>
				<misses>135400001</misses>
				<total>0</total>
				<timestamp>1328.051755</timestamp>
			</report>
			<report>
				<misses>135500001</misses>
				<total>0</total>
				<timestamp>1328.953208</timestamp>
			</report>
			<report>
				<misses>135600001</misses>
				<total>0</total>
				<timestamp>1329.854451</timestamp>
			</report>
			<report>
				<misses>135700001</misses>
				<total>0</total>
				<timestamp>1330.749985</timestamp>
			</report>
			<report>
				<misses>135800001</misses>
				<total>0</total>
				<timestamp>1331.647398</timestamp>
			</report>
			<report>
				<misses>135900001</misses>
				<total>0</total>
				<timestamp>1332.544324</timestamp>
			</report>
			<report>
				<misses>136000001</misses>
				<total>0</total>
				<timestamp>1333.464264</timestamp>
			</report>
			<report>
				<misses>136100001</misses>
				<total>0</total>
				<timestamp>1334.359994</timestamp>
			</report>
			<report>
				<misses>136200001</misses>
				<total>0</total>
				<timestamp>1335.257963</timestamp>
			</report>
			<report>
				<misses>136300001</misses>
				<total>0</total>
				<timestamp>1336.156811</timestamp>
			</report>
			<report>
				<misses>136400001</misses>
				<total>0</total>
				<timestamp>1337.054412</timestamp>
			</report>
			<report>
				<misses>136500001</misses>
				<total>0</total>
				<timestamp>1337.950782</timestamp>
			</report>
			<report>
				<misses>136600001</misses>
				<total>0</total>
				<timestamp>1338.848387</timestamp>
			</report>
			<report>
				<misses>136700001</misses>
				<total>0</total>
				<timestamp>1339.750163</timestamp>
			</report>
			<report>
				<misses>136800001</misses>
				<total>0</total>
				<timestamp>1340.646786</timestamp>
			</report>
			<report>
				<misses>136900001</misses>
				<total>0</total>
				<timestamp>1341.545388</timestamp>
			</report>
			<report>
				<misses>137000001</misses>
				<total>0</total>
				<timestamp>1342.447950</timestamp>
			</report>
			<report>
				<misses>137100001</misses>
				<total>0</total>
				<timestamp>1343.349209</timestamp>
			</report>
			<report>
				<misses>137200001</misses>
				<total>0</total>
				<timestamp>1344.248120</timestamp>
			</report>
			<report>
				<misses>137300001</misses>
				<total>0</total>
				<timestamp>1345.149833</timestamp>
			</report>
			<report>
				<misses>137400001</misses>
				<total>0</total>
				<timestamp>1346.100018</timestamp>
			</report>
			<report>
				<misses>137500001</misses>
				<total>0</total>
				<timestamp>1347.086847</timestamp>
			</report>
			<report>
				<misses>137600001</misses>
				<total>0</total>
				<timestamp>1348.074329</timestamp>
			</report>
			<report>
				<misses>137700001</misses>
				<total>0</total>
				<timestamp>1349.062540</timestamp>
			</report>
			<report>
				<misses>137800001</misses>
				<total>0</total>
				<timestamp>1350.049900</timestamp>
			</report>
			<report>
				<misses>137900001</misses>
				<total>0</total>
				<timestamp>1351.037724</timestamp>
			</report>
			<report>
				<misses>138000001</misses>
				<total>0</total>
				<timestamp>1352.026088</timestamp>
			</report>
			<report>
				<misses>138100001</misses>
				<total>0</total>
				<timestamp>1353.015176</timestamp>
			</report>
			<report>
				<misses>138200001</misses>
				<total>0</total>
				<timestamp>1354.003916</timestamp>
			</report>
			<report>
				<misses>138300001</misses>
				<total>0</total>
				<timestamp>1354.991959</timestamp>
			</report>
			<report>
				<misses>138400001</misses>
				<total>0</total>
				<timestamp>1355.980339</timestamp>
			</report>
			<report>
				<misses>138500001</misses>
				<total>0</total>
				<timestamp>1356.968929</timestamp>
			</report>
			<report>
				<misses>138600001</misses>
				<total>0</total>
				<timestamp>1357.957266</timestamp>
			</report>
			<report>
				<misses>138700001</misses>
				<total>0</total>
				<timestamp>1358.945470</timestamp>
			</report>
			<report>
				<misses>138800001</misses>
				<total>0</total>
				<timestamp>1359.933740</timestamp>
			</report>
			<report>
				<misses>138900001</misses>
				<total>0</total>
				<timestamp>1360.921038</timestamp>
			</report>
			<report>
				<misses>139000001</misses>
				<total>0</total>
				<timestamp>1361.909997</timestamp>
			</report>
			<report>
				<misses>139100001</misses>
				<total>0</total>
				<timestamp>1362.898212</timestamp>
			</report>
			<report>
				<misses>139200001</misses>
				<total>0</total>
				<timestamp>1363.882949</timestamp>
			</report>
			<report>
				<misses>139300001</misses>
				<total>0</total>
				<timestamp>1364.867296</timestamp>
			</report>
			<report>
				<misses>139400001</misses>
				<total>0</total>
				<timestamp>1365.851865</timestamp>
			</report>
			<report>
				<misses>139500001</misses>
				<total>0</total>
				<timestamp>1366.837583</timestamp>
			</report>
			<report>
				<misses>139600001</misses>
				<total>0</total>
				<timestamp>1367.823329</timestamp>
			</report>
			<report>
				<misses>139700001</misses>
				<total>0</total>
				<timestamp>1368.808699</timestamp>
			</report>
			<report>
				<misses>139800001</misses>
				<total>0</total>
				<timestamp>1369.794730</timestamp>
			</report>
			<report>
				<misses>139900001</misses>
				<total>0</total>
				<timestamp>1370.779726</timestamp>
			</report>
			<report>
				<misses>140000001</misses>
				<total>0</total>
				<timestamp>1371.764285</timestamp>
			</report>
			<report>
				<misses>140100001</misses>
				<total>0</total>
				<timestamp>1372.749372</timestamp>
			</report>
			<report>
				<misses>140200001</misses>
				<total>0</total>
				<timestamp>1373.734139</timestamp>
			</report>
			<report>
				<misses>140300001</misses>
				<total>0</total>
				<timestamp>1374.720000</timestamp>
			</report>
			<report>
				<misses>140400001</misses>
				<total>0</total>
				<timestamp>1375.705990</timestamp>
			</report>
			<report>
				<misses>140500001</misses>
				<total>0</total>
				<timestamp>1376.691032</timestamp>
			</report>
			<report>
				<misses>140600001</misses>
				<total>0</total>
				<timestamp>1377.676536</timestamp>
			</report>
			<report>
				<misses>140700001</misses>
				<total>0</total>
				<timestamp>1378.662027</timestamp>
			</report>
			<report>
				<misses>140800001</misses>
				<total>0</total>
				<timestamp>1379.647977</timestamp>
			</report>
			<report>
				<misses>140900001</misses>
				<total>0</total>
				<timestamp>1380.633449</timestamp>
			</report>
			<report>
				<misses>141000001</misses>
				<total>0</total>
				<timestamp>1381.618819</timestamp>
			</report>
			<report>
				<misses>141100001</misses>
				<total>0</total>
				<timestamp>1382.603397</timestamp>
			</report>
			<report>
				<misses>141200001</misses>
				<total>0</total>
				<timestamp>1383.588197</timestamp>
			</report>
			<report>
				<misses>141300001</misses>
				<total>0</total>
				<timestamp>1384.572321</timestamp>
			</report>
			<report>
				<misses>141400001</misses>
				<total>0</total>
				<timestamp>1385.558106</timestamp>
			</report>
			<report>
				<misses>141500001</misses>
				<total>0</total>
				<timestamp>1386.542698</timestamp>
			</report>
			<report>
				<misses>141600001</misses>
				<total>0</total>
				<timestamp>1387.528084</timestamp>
			</report>
			<report>
				<misses>141700001</misses>
				<total>0</total>
				<timestamp>1388.513026</timestamp>
			</report>
			<report>
				<misses>141800001</misses>
				<total>0</total>
				<timestamp>1389.498819</timestamp>
			</report>
			<report>
				<misses>141900001</misses>
				<total>0</total>
				<timestamp>1390.483886</timestamp>
			</report>
			<report>
				<misses>142000001</misses>
				<total>0</total>
				<timestamp>1391.469167</timestamp>
			</report>
			<report>
				<misses>142100001</misses>
				<total>0</total>
				<timestamp>1392.455777</timestamp>
			</report>
			<report>
				<misses>142200001</misses>
				<total>0</total>
				<timestamp>1393.441550</timestamp>
			</report>
			<report>
				<misses>142300001</misses>
				<total>0</total>
				<timestamp>1394.426838</timestamp>
			</report>
			<report>
				<misses>142400001</misses>
				<total>0</total>
				<timestamp>1395.411668</timestamp>
			</report>
			<report>
				<misses>142500001</misses>
				<total>0</total>
				<timestamp>1396.396710</timestamp>
			</report>
			<report>
				<misses>142600001</misses>
				<total>0</total>
				<timestamp>1397.382581</timestamp>
			</report>
			<report>
				<misses>142700001</misses>
				<total>0</total>
				<timestamp>1398.371324</timestamp>
			</report>
			<report>
				<misses>142800001</misses>
				<total>0</total>
				<timestamp>1399.360780</timestamp>
			</report>
			<report>
				<misses>142900001</misses>
				<total>0</total>
				<timestamp>1400.350537</timestamp>
			</report>
			<report>
				<misses>143000001</misses>
				<total>0</total>
				<timestamp>1401.340608</timestamp>
			</report>
			<report>
				<misses>143100001</misses>
				<total>0</total>
				<timestamp>1402.330305</timestamp>
			</report>
			<report>
				<misses>143200001</misses>
				<total>0</total>
				<timestamp>1403.319355</timestamp>
			</report>
			<report>
				<misses>143300001</misses>
				<total>0</total>
				<timestamp>1404.303601</timestamp>
			</report>
			<report>
				<misses>143400001</misses>
				<total>0</total>
				<timestamp>1405.287698</timestamp>
			</report>
			<report>
				<misses>143500001</misses>
				<total>0</total>
				<timestamp>1406.266071</timestamp>
			</report>
			<report>
				<misses>143600001</misses>
				<total>0</total>
				<timestamp>1407.249103</timestamp>
			</report>
			<report>
				<misses>143700001</misses>
				<total>0</total>
				<timestamp>1408.233053</timestamp>
			</report>
			<report>
				<misses>143800001</misses>
				<total>0</total>
				<timestamp>1409.217268</timestamp>
			</report>
			<report>
				<misses>143900001</misses>
				<total>0</total>
				<timestamp>1410.200564</timestamp>
			</report>
			<report>
				<misses>144000001</misses>
				<total>0</total>
				<timestamp>1411.183219</timestamp>
			</report>
			<report>
				<misses>144100001</misses>
				<total>0</total>
				<timestamp>1412.166599</timestamp>
			</report>
			<report>
				<misses>144200001</misses>
				<total>0</total>
				<timestamp>1413.149668</timestamp>
			</report>
			<report>
				<misses>144300001</misses>
				<total>0</total>
				<timestamp>1414.132896</timestamp>
			</report>
			<report>
				<misses>144400001</misses>
				<total>0</total>
				<timestamp>1415.116122</timestamp>
			</report>
			<report>
				<misses>144500001</misses>
				<total>0</total>
				<timestamp>1416.099067</timestamp>
			</report>
			<report>
				<misses>144600001</misses>
				<total>0</total>
				<timestamp>1417.082016</timestamp>
			</report>
			<report>
				<misses>144700001</misses>
				<total>0</total>
				<timestamp>1418.065166</timestamp>
			</report>
			<report>
				<misses>144800001</misses>
				<total>0</total>
				<timestamp>1419.048080</timestamp>
			</report>
			<report>
				<misses>144900001</misses>
				<total>0</total>
				<timestamp>1420.030989</timestamp>
			</report>
			<report>
				<misses>145000001</misses>
				<total>0</total>
				<timestamp>1421.012001</timestamp>
			</report>
			<report>
				<misses>145100001</misses>
				<total>0</total>
				<timestamp>1421.986803</timestamp>
			</report>
			<report>
				<misses>145200001</misses>
				<total>0</total>
				<timestamp>1422.961951</timestamp>
			</report>
			<report>
				<misses>145300001</misses>
				<total>0</total>
				<timestamp>1423.937211</timestamp>
			</report>
			<report>
				<misses>145400001</misses>
				<total>0</total>
				<timestamp>1424.912333</timestamp>
			</report>
			<report>
				<misses>145500001</misses>
				<total>0</total>
				<timestamp>1425.887300</timestamp>
			</report>
			<report>
				<misses>145600001</misses>
				<total>0</total>
				<timestamp>1426.862116</timestamp>
			</report>
			<report>
				<misses>145700001</misses>
				<total>0</total>
				<timestamp>1427.846297</timestamp>
			</report>
			<report>
				<misses>145800001</misses>
				<total>0</total>
				<timestamp>1428.820415</timestamp>
			</report>
			<report>
				<misses>145900001</misses>
				<total>0</total>
				<timestamp>1429.799768</timestamp>
			</report>
			<report>
				<misses>146000001</misses>
				<total>0</total>
				<timestamp>1430.786859</timestamp>
			</report>
			<report>
				<misses>146100001</misses>
				<total>0</total>
				<timestamp>1431.774548</timestamp>
			</report>
			<report>
				<misses>146200001</misses>
				<total>0</total>
				<timestamp>1432.762286</timestamp>
			</report>
			<report>
				<misses>146300001</misses>
				<total>0</total>
				<timestamp>1433.751128</timestamp>
			</report>
			<report>
				<misses>146400001</misses>
				<total>0</total>
				<timestamp>1434.739064</timestamp>
			</report>
			<report>
				<misses>146500001</misses>
				<total>0</total>
				<timestamp>1435.728419</timestamp>
			</report>
			<report>
				<misses>146600001</misses>
				<total>0</total>
				<timestamp>1436.716494</timestamp>
			</report>
			<report>
				<misses>146700001</misses>
				<total>0</total>
				<timestamp>1437.705251</timestamp>
			</report>
			<report>
				<misses>146800001</misses>
				<total>0</total>
				<timestamp>1438.691864</timestamp>
			</report>
			<report>
				<misses>146900001</misses>
				<total>0</total>
				<timestamp>1439.678633</timestamp>
			</report>
			<report>
				<misses>147000001</misses>
				<total>0</total>
				<timestamp>1440.665724</timestamp>
			</report>
			<report>
				<misses>147100001</misses>
				<total>0</total>
				<timestamp>1441.653929</timestamp>
			</report>
			<report>
				<misses>147200001</misses>
				<total>0</total>
				<timestamp>1442.642531</timestamp>
			</report>
			<report>
				<misses>147300001</misses>
				<total>0</total>
				<timestamp>1443.629278</timestamp>
			</report>
			<report>
				<misses>147400001</misses>
				<total>0</total>
				<timestamp>1444.617358</timestamp>
			</report>
			<report>
				<misses>147500001</misses>
				<total>0</total>
				<timestamp>1445.605754</timestamp>
			</report>
			<report>
				<misses>147600001</misses>
				<total>0</total>
				<timestamp>1446.594663</timestamp>
			</report>
			<report>
				<misses>147700001</misses>
				<total>0</total>
				<timestamp>1447.583715</timestamp>
			</report>
			<report>
				<misses>147800001</misses>
				<total>0</total>
				<timestamp>1448.571273</timestamp>
			</report>
			<report>
				<misses>147900001</misses>
				<total>0</total>
				<timestamp>1449.558549</timestamp>
			</report>
			<report>
				<misses>148000001</misses>
				<total>0</total>
				<timestamp>1450.546761</timestamp>
			</report>
			<report>
				<misses>148100001</misses>
				<total>0</total>
				<timestamp>1451.534881</timestamp>
			</report>
			<report>
				<misses>148200001</misses>
				<total>0</total>
				<timestamp>1452.524330</timestamp>
			</report>
			<report>
				<misses>148300001</misses>
				<total>0</total>
				<timestamp>1453.511724</timestamp>
			</report>
			<report>
				<misses>148400001</misses>
				<total>0</total>
				<timestamp>1454.500054</timestamp>
			</report>
			<report>
				<misses>148500001</misses>
				<total>0</total>
				<timestamp>1455.487084</timestamp>
			</report>
			<report>
				<misses>148600001</misses>
				<total>0</total>
				<timestamp>1456.475628</timestamp>
			</report>
			<report>
				<misses>148700001</misses>
				<total>0</total>
				<timestamp>1457.463096</timestamp>
			</report>
			<report>
				<misses>148800001</misses>
				<total>0</total>
				<timestamp>1458.450694</timestamp>
			</report>
			<report>
				<misses>148900001</misses>
				<total>0</total>
				<timestamp>1459.437407</timestamp>
			</report>
			<report>
				<misses>149000001</misses>
				<total>0</total>
				<timestamp>1460.425657</timestamp>
			</report>
			<report>
				<misses>149100001</misses>
				<total>0</total>
				<timestamp>1461.414408</timestamp>
			</report>
			<report>
				<misses>149200001</misses>
				<total>0</total>
				<timestamp>1462.406355</timestamp>
			</report>
			<report>
				<misses>149300001</misses>
				<total>0</total>
				<timestamp>1463.400423</timestamp>
			</report>
			<report>
				<misses>149400001</misses>
				<total>0</total>
				<timestamp>1464.393894</timestamp>
			</report>
			<report>
				<misses>149500001</misses>
				<total>0</total>
				<timestamp>1465.388329</timestamp>
			</report>
			<report>
				<misses>149600001</misses>
				<total>0</total>
				<timestamp>1466.362768</timestamp>
			</report>
			<report>
				<misses>149700001</misses>
				<total>0</total>
				<timestamp>1467.344858</timestamp>
			</report>
			<report>
				<misses>149800001</misses>
				<total>0</total>
				<timestamp>1468.336027</timestamp>
			</report>
			<report>
				<misses>149900001</misses>
				<total>0</total>
				<timestamp>1469.327557</timestamp>
			</report>
			<report>
				<misses>150000001</misses>
				<total>0</total>
				<timestamp>1470.318697</timestamp>
			</report>
			<report>
				<misses>150100001</misses>
				<total>0</total>
				<timestamp>1471.310067</timestamp>
			</report>
			<report>
				<misses>150200001</misses>
				<total>0</total>
				<timestamp>1472.301589</timestamp>
			</report>
			<report>
				<misses>150300001</misses>
				<total>0</total>
				<timestamp>1473.293283</timestamp>
			</report>
			<report>
				<misses>150400001</misses>
				<total>0</total>
				<timestamp>1474.284336</timestamp>
			</report>
			<report>
				<misses>150500001</misses>
				<total>0</total>
				<timestamp>1475.275273</timestamp>
			</report>
			<report>
				<misses>150600001</misses>
				<total>0</total>
				<timestamp>1476.266380</timestamp>
			</report>
			<report>
				<misses>150700001</misses>
				<total>0</total>
				<timestamp>1477.257771</timestamp>
			</report>
			<report>
				<misses>150800001</misses>
				<total>0</total>
				<timestamp>1478.248898</timestamp>
			</report>
			<report>
				<misses>150900001</misses>
				<total>0</total>
				<timestamp>1479.240597</timestamp>
			</report>
			<report>
				<misses>151000001</misses>
				<total>0</total>
				<timestamp>1480.231524</timestamp>
			</report>
			<report>
				<misses>151100001</misses>
				<total>0</total>
				<timestamp>1481.222961</timestamp>
			</report>
			<report>
				<misses>151200001</misses>
				<total>0</total>
				<timestamp>1482.214202</timestamp>
			</report>
			<report>
				<misses>151300001</misses>
				<total>0</total>
				<timestamp>1483.205238</timestamp>
			</report>
			<report>
				<misses>151400001</misses>
				<total>0</total>
				<timestamp>1484.196647</timestamp>
			</report>
			<report>
				<misses>151500001</misses>
				<total>0</total>
				<timestamp>1485.187514</timestamp>
			</report>
			<report>
				<misses>151600001</misses>
				<total>0</total>
				<timestamp>1486.178570</timestamp>
			</report>
			<report>
				<misses>151700001</misses>
				<total>0</total>
				<timestamp>1487.170299</timestamp>
			</report>
			<report>
				<misses>151800001</misses>
				<total>0</total>
				<timestamp>1488.165175</timestamp>
			</report>
			<report>
				<misses>151900001</misses>
				<total>0</total>
				<timestamp>1489.156362</timestamp>
			</report>
			<report>
				<misses>152000001</misses>
				<total>0</total>
				<timestamp>1490.147052</timestamp>
			</report>
			<report>
				<misses>152100001</misses>
				<total>0</total>
				<timestamp>1491.138163</timestamp>
			</report>
			<report>
				<misses>152200001</misses>
				<total>0</total>
				<timestamp>1492.128911</timestamp>
			</report>
			<report>
				<misses>152300001</misses>
				<total>0</total>
				<timestamp>1493.119995</timestamp>
			</report>
			<report>
				<misses>152400001</misses>
				<total>0</total>
				<timestamp>1494.111524</timestamp>
			</report>
			<report>
				<misses>152500001</misses>
				<total>0</total>
				<timestamp>1495.102288</timestamp>
			</report>
			<report>
				<misses>152600001</misses>
				<total>0</total>
				<timestamp>1496.093966</timestamp>
			</report>
			<report>
				<misses>152700001</misses>
				<total>0</total>
				<timestamp>1497.086899</timestamp>
			</report>
			<report>
				<misses>152800001</misses>
				<total>0</total>
				<timestamp>1498.078505</timestamp>
			</report>
			<report>
				<misses>152900001</misses>
				<total>0</total>
				<timestamp>1499.069655</timestamp>
			</report>
			<report>
				<misses>153000001</misses>
				<total>0</total>
				<timestamp>1500.061356</timestamp>
			</report>
			<report>
				<misses>153100001</misses>
				<total>0</total>
				<timestamp>1501.053263</timestamp>
			</report>
			<report>
				<misses>153200001</misses>
				<total>0</total>
				<timestamp>1502.046984</timestamp>
			</report>
			<report>
				<misses>153300001</misses>
				<total>0</total>
				<timestamp>1503.037513</timestamp>
			</report>
			<report>
				<misses>153400001</misses>
				<total>0</total>
				<timestamp>1504.028132</timestamp>
			</report>
			<report>
				<misses>153500001</misses>
				<total>0</total>
				<timestamp>1505.018686</timestamp>
			</report>
			<report>
				<misses>153600001</misses>
				<total>0</total>
				<timestamp>1506.010788</timestamp>
			</report>
			<report>
				<misses>153700001</misses>
				<total>0</total>
				<timestamp>1507.000871</timestamp>
			</report>
			<report>
				<misses>153800001</misses>
				<total>0</total>
				<timestamp>1507.991476</timestamp>
			</report>
			<report>
				<misses>153900001</misses>
				<total>0</total>
				<timestamp>1508.982464</timestamp>
			</report>
			<report>
				<misses>154000001</misses>
				<total>0</total>
				<timestamp>1509.973055</timestamp>
			</report>
			<report>
				<misses>154100001</misses>
				<total>0</total>
				<timestamp>1510.962947</timestamp>
			</report>
			<report>
				<misses>154200001</misses>
				<total>0</total>
				<timestamp>1511.953391</timestamp>
			</report>
			<report>
				<misses>154300001</misses>
				<total>0</total>
				<timestamp>1512.943830</timestamp>
			</report>
			<report>
				<misses>154400001</misses>
				<total>0</total>
				<timestamp>1513.934174</timestamp>
			</report>
			<report>
				<misses>154500001</misses>
				<total>0</total>
				<timestamp>1514.925131</timestamp>
			</report>
			<report>
				<misses>154600001</misses>
				<total>0</total>
				<timestamp>1515.916406</timestamp>
			</report>
			<report>
				<misses>154700001</misses>
				<total>0</total>
				<timestamp>1516.907680</timestamp>
			</report>
			<report>
				<misses>154800001</misses>
				<total>0</total>
				<timestamp>1517.897896</timestamp>
			</report>
			<report>
				<misses>154900001</misses>
				<total>0</total>
				<timestamp>1518.889065</timestamp>
			</report>
			<report>
				<misses>155000001</misses>
				<total>0</total>
				<timestamp>1519.879673</timestamp>
			</report>
			<report>
				<misses>155100001</misses>
				<total>0</total>
				<timestamp>1520.870709</timestamp>
			</report>
			<report>
				<misses>155200001</misses>
				<total>0</total>
				<timestamp>1521.861891</timestamp>
			</report>
			<report>
				<misses>155300001</misses>
				<total>0</total>
				<timestamp>1522.852276</timestamp>
			</report>
			<report>
				<misses>155400001</misses>
				<total>0</total>
				<timestamp>1523.842803</timestamp>
			</report>
			<report>
				<misses>155500001</misses>
				<total>0</total>
				<timestamp>1524.834007</timestamp>
			</report>
			<report>
				<misses>155600001</misses>
				<total>0</total>
				<timestamp>1525.824885</timestamp>
			</report>
			<report>
				<misses>155700001</misses>
				<total>0</total>
				<timestamp>1526.816417</timestamp>
			</report>
			<report>
				<misses>155800001</misses>
				<total>0</total>
				<timestamp>1527.807744</timestamp>
			</report>
			<report>
				<misses>155900001</misses>
				<total>0</total>
				<timestamp>1528.799260</timestamp>
			</report>
			<report>
				<misses>156000001</misses>
				<total>0</total>
				<timestamp>1529.791183</timestamp>
			</report>
			<report>
				<misses>156100001</misses>
				<total>0</total>
				<timestamp>1530.782962</timestamp>
			</report>
			<report>
				<misses>156200001</misses>
				<total>0</total>
				<timestamp>1531.774200</timestamp>
			</report>
			<report>
				<misses>156300001</misses>
				<total>0</total>
				<timestamp>1532.764634</timestamp>
			</report>
			<report>
				<misses>156400001</misses>
				<total>0</total>
				<timestamp>1533.755643</timestamp>
			</report>
			<report>
				<misses>156500001</misses>
				<total>0</total>
				<timestamp>1534.745506</timestamp>
			</report>
			<report>
				<misses>156600001</misses>
				<total>0</total>
				<timestamp>1535.736665</timestamp>
			</report>
			<report>
				<misses>156700001</misses>
				<total>0</total>
				<timestamp>1536.727260</timestamp>
			</report>
			<report>
				<misses>156800001</misses>
				<total>0</total>
				<timestamp>1537.718199</timestamp>
			</report>
			<report>
				<misses>156900001</misses>
				<total>0</total>
				<timestamp>1538.708809</timestamp>
			</report>
			<report>
				<misses>157000001</misses>
				<total>0</total>
				<timestamp>1539.699596</timestamp>
			</report>
			<report>
				<misses>157100001</misses>
				<total>0</total>
				<timestamp>1540.690461</timestamp>
			</report>
			<report>
				<misses>157200001</misses>
				<total>0</total>
				<timestamp>1541.681170</timestamp>
			</report>
			<report>
				<misses>157300001</misses>
				<total>0</total>
				<timestamp>1542.672731</timestamp>
			</report>
			<report>
				<misses>157400001</misses>
				<total>0</total>
				<timestamp>1543.663599</timestamp>
			</report>
			<report>
				<misses>157500001</misses>
				<total>0</total>
				<timestamp>1544.653925</timestamp>
			</report>
			<report>
				<misses>157600001</misses>
				<total>0</total>
				<timestamp>1545.645405</timestamp>
			</report>
			<report>
				<misses>157700001</misses>
				<total>0</total>
				<timestamp>1546.636283</timestamp>
			</report>
			<report>
				<misses>157800001</misses>
				<total>0</total>
				<timestamp>1547.627158</timestamp>
			</report>
			<report>
				<misses>157900001</misses>
				<total>0</total>
				<timestamp>1548.617447</timestamp>
			</report>
			<report>
				<misses>158000001</misses>
				<total>0</total>
				<timestamp>1549.608794</timestamp>
			</report>
			<report>
				<misses>158100001</misses>
				<total>0</total>
				<timestamp>1550.599223</timestamp>
			</report>
			<report>
				<misses>158200001</misses>
				<total>0</total>
				<timestamp>1551.589269</timestamp>
			</report>
			<report>
				<misses>158300001</misses>
				<total>0</total>
				<timestamp>1552.579339</timestamp>
			</report>
			<report>
				<misses>158400001</misses>
				<total>0</total>
				<timestamp>1553.570096</timestamp>
			</report>
			<report>
				<misses>158500001</misses>
				<total>0</total>
				<timestamp>1554.560435</timestamp>
			</report>
			<report>
				<misses>158600001</misses>
				<total>0</total>
				<timestamp>1555.550893</timestamp>
			</report>
			<report>
				<misses>158700001</misses>
				<total>0</total>
				<timestamp>1556.542555</timestamp>
			</report>
			<report>
				<misses>158800001</misses>
				<total>0</total>
				<timestamp>1557.533954</timestamp>
			</report>
			<report>
				<misses>158900001</misses>
				<total>0</total>
				<timestamp>1558.526578</timestamp>
			</report>
			<report>
				<misses>159000001</misses>
				<total>0</total>
				<timestamp>1559.518022</timestamp>
			</report>
			<report>
				<misses>159100001</misses>
				<total>0</total>
				<timestamp>1560.508678</timestamp>
			</report>
			<report>
				<misses>159200001</misses>
				<total>0</total>
				<timestamp>1561.499468</timestamp>
			</report>
			<report>
				<misses>159300001</misses>
				<total>0</total>
				<timestamp>1562.489952</timestamp>
			</report>
			<report>
				<misses>159400001</misses>
				<total>0</total>
				<timestamp>1563.480713</timestamp>
			</report>
			<report>
				<misses>159500001</misses>
				<total>0</total>
				<timestamp>1564.470597</timestamp>
			</report>
			<report>
				<misses>159600001</misses>
				<total>0</total>
				<timestamp>1565.460628</timestamp>
			</report>
			<report>
				<misses>159700001</misses>
				<total>0</total>
				<timestamp>1566.451465</timestamp>
			</report>
			<report>
				<misses>159800001</misses>
				<total>0</total>
				<timestamp>1567.442409</timestamp>
			</report>
			<report>
				<misses>159900001</misses>
				<total>0</total>
				<timestamp>1568.432249</timestamp>
			</report>
			<report>
				<misses>160000001</misses>
				<total>0</total>
				<timestamp>1569.423118</timestamp>
			</report>
			<report>
				<misses>160100001</misses>
				<total>0</total>
				<timestamp>1570.413500</timestamp>
			</report>
			<report>
				<misses>160200001</misses>
				<total>0</total>
				<timestamp>1571.404619</timestamp>
			</report>
			<report>
				<misses>160300001</misses>
				<total>0</total>
				<timestamp>1572.388209</timestamp>
			</report>
			<report>
				<misses>160400001</misses>
				<total>0</total>
				<timestamp>1573.362156</timestamp>
			</report>
			<report>
				<misses>160500001</misses>
				<total>0</total>
				<timestamp>1574.350997</timestamp>
			</report>
			<report>
				<misses>160600001</misses>
				<total>0</total>
				<timestamp>1575.342508</timestamp>
			</report>
			<report>
				<misses>160700001</misses>
				<total>0</total>
				<timestamp>1576.333447</timestamp>
			</report>
			<report>
				<misses>160800001</misses>
				<total>0</total>
				<timestamp>1577.324272</timestamp>
			</report>
			<report>
				<misses>160900001</misses>
				<total>0</total>
				<timestamp>1578.315501</timestamp>
			</report>
			<report>
				<misses>161000001</misses>
				<total>0</total>
				<timestamp>1579.306883</timestamp>
			</report>
			<report>
				<misses>161100001</misses>
				<total>0</total>
				<timestamp>1580.297546</timestamp>
			</report>
			<report>
				<misses>161200001</misses>
				<total>0</total>
				<timestamp>1581.288081</timestamp>
			</report>
			<report>
				<misses>161300001</misses>
				<total>0</total>
				<timestamp>1582.278767</timestamp>
			</report>
			<report>
				<misses>161400001</misses>
				<total>0</total>
				<timestamp>1583.269893</timestamp>
			</report>
			<report>
				<misses>161500001</misses>
				<total>0</total>
				<timestamp>1584.260812</timestamp>
			</report>
			<report>
				<misses>161600001</misses>
				<total>0</total>
				<timestamp>1585.251309</timestamp>
			</report>
			<report>
				<misses>161700001</misses>
				<total>0</total>
				<timestamp>1586.242591</timestamp>
			</report>
			<report>
				<misses>161800001</misses>
				<total>0</total>
				<timestamp>1587.233421</timestamp>
			</report>
			<report>
				<misses>161900001</misses>
				<total>0</total>
				<timestamp>1588.224074</timestamp>
			</report>
			<report>
				<misses>162000001</misses>
				<total>0</total>
				<timestamp>1589.214908</timestamp>
			</report>
			<report>
				<misses>162100001</misses>
				<total>0</total>
				<timestamp>1590.190076</timestamp>
			</report>
			<report>
				<misses>162200001</misses>
				<total>0</total>
				<timestamp>1591.166873</timestamp>
			</report>
			<report>
				<misses>162300001</misses>
				<total>0</total>
				<timestamp>1592.148427</timestamp>
			</report>
			<report>
				<misses>162400001</misses>
				<total>0</total>
				<timestamp>1593.136511</timestamp>
			</report>
			<report>
				<misses>162500001</misses>
				<total>0</total>
				<timestamp>1594.125127</timestamp>
			</report>
			<report>
				<misses>162600001</misses>
				<total>0</total>
				<timestamp>1595.114434</timestamp>
			</report>
			<report>
				<misses>162700001</misses>
				<total>0</total>
				<timestamp>1596.102819</timestamp>
			</report>
			<report>
				<misses>162800001</misses>
				<total>0</total>
				<timestamp>1597.091181</timestamp>
			</report>
			<report>
				<misses>162900001</misses>
				<total>0</total>
				<timestamp>1598.079577</timestamp>
			</report>
			<report>
				<misses>163000001</misses>
				<total>0</total>
				<timestamp>1599.068285</timestamp>
			</report>
			<report>
				<misses>163100001</misses>
				<total>0</total>
				<timestamp>1600.056678</timestamp>
			</report>
			<report>
				<misses>163200001</misses>
				<total>0</total>
				<timestamp>1601.045185</timestamp>
			</report>
			<report>
				<misses>163300001</misses>
				<total>0</total>
				<timestamp>1602.026525</timestamp>
			</report>
			<report>
				<misses>163400001</misses>
				<total>0</total>
				<timestamp>1602.998248</timestamp>
			</report>
			<report>
				<misses>163500001</misses>
				<total>0</total>
				<timestamp>1603.970328</timestamp>
			</report>
			<report>
				<misses>163600001</misses>
				<total>0</total>
				<timestamp>1604.942180</timestamp>
			</report>
			<report>
				<misses>163700001</misses>
				<total>0</total>
				<timestamp>1605.920146</timestamp>
			</report>
			<report>
				<misses>163800001</misses>
				<total>0</total>
				<timestamp>1606.902918</timestamp>
			</report>
			<report>
				<misses>163900001</misses>
				<total>0</total>
				<timestamp>1607.885846</timestamp>
			</report>
			<report>
				<misses>164000001</misses>
				<total>0</total>
				<timestamp>1608.867924</timestamp>
			</report>
			<report>
				<misses>164100001</misses>
				<total>0</total>
				<timestamp>1609.850518</timestamp>
			</report>
			<report>
				<misses>164200001</misses>
				<total>0</total>
				<timestamp>1610.834206</timestamp>
			</report>
			<report>
				<misses>164300001</misses>
				<total>0</total>
				<timestamp>1611.817534</timestamp>
			</report>
			<report>
				<misses>164400001</misses>
				<total>0</total>
				<timestamp>1612.800372</timestamp>
			</report>
			<report>
				<misses>164500001</misses>
				<total>0</total>
				<timestamp>1613.783050</timestamp>
			</report>
			<report>
				<misses>164600001</misses>
				<total>0</total>
				<timestamp>1614.766987</timestamp>
			</report>
			<report>
				<misses>164700001</misses>
				<total>0</total>
				<timestamp>1615.750034</timestamp>
			</report>
			<report>
				<misses>164800001</misses>
				<total>0</total>
				<timestamp>1616.732476</timestamp>
			</report>
			<report>
				<misses>164900001</misses>
				<total>0</total>
				<timestamp>1617.715554</timestamp>
			</report>
			<report>
				<misses>165000001</misses>
				<total>0</total>
				<timestamp>1618.699009</timestamp>
			</report>
			<report>
				<misses>165100001</misses>
				<total>0</total>
				<timestamp>1619.682338</timestamp>
			</report>
			<report>
				<misses>165200001</misses>
				<total>0</total>
				<timestamp>1620.665064</timestamp>
			</report>
			<report>
				<misses>165300001</misses>
				<total>0</total>
				<timestamp>1621.647930</timestamp>
			</report>
			<report>
				<misses>165400001</misses>
				<total>0</total>
				<timestamp>1622.630964</timestamp>
			</report>
			<report>
				<misses>165500001</misses>
				<total>0</total>
				<timestamp>1623.613485</timestamp>
			</report>
			<report>
				<misses>165600001</misses>
				<total>0</total>
				<timestamp>1624.596559</timestamp>
			</report>
			<report>
				<misses>165700001</misses>
				<total>0</total>
				<timestamp>1625.579479</timestamp>
			</report>
			<report>
				<misses>165800001</misses>
				<total>0</total>
				<timestamp>1626.562314</timestamp>
			</report>
			<report>
				<misses>165900001</misses>
				<total>0</total>
				<timestamp>1627.545169</timestamp>
			</report>
			<report>
				<misses>166000001</misses>
				<total>0</total>
				<timestamp>1628.527875</timestamp>
			</report>
			<report>
				<misses>166100001</misses>
				<total>0</total>
				<timestamp>1629.511511</timestamp>
			</report>
			<report>
				<misses>166200001</misses>
				<total>0</total>
				<timestamp>1630.494467</timestamp>
			</report>
			<report>
				<misses>166300001</misses>
				<total>0</total>
				<timestamp>1631.477531</timestamp>
			</report>
			<report>
				<misses>166400001</misses>
				<total>0</total>
				<timestamp>1632.461224</timestamp>
			</report>
			<report>
				<misses>166500001</misses>
				<total>0</total>
				<timestamp>1633.444850</timestamp>
			</report>
			<report>
				<misses>166600001</misses>
				<total>0</total>
				<timestamp>1634.428349</timestamp>
			</report>
			<report>
				<misses>166700001</misses>
				<total>0</total>
				<timestamp>1635.411711</timestamp>
			</report>
			<report>
				<misses>166800001</misses>
				<total>0</total>
				<timestamp>1636.395017</timestamp>
			</report>
			<report>
				<misses>166900001</misses>
				<total>0</total>
				<timestamp>1637.377607</timestamp>
			</report>
			<report>
				<misses>167000001</misses>
				<total>0</total>
				<timestamp>1638.360482</timestamp>
			</report>
			<report>
				<misses>167100001</misses>
				<total>0</total>
				<timestamp>1639.342984</timestamp>
			</report>
			<report>
				<misses>167200001</misses>
				<total>0</total>
				<timestamp>1640.325692</timestamp>
			</report>
			<report>
				<misses>167300001</misses>
				<total>0</total>
				<timestamp>1641.308274</timestamp>
			</report>
			<report>
				<misses>167400001</misses>
				<total>0</total>
				<timestamp>1642.290272</timestamp>
			</report>
			<report>
				<misses>167500001</misses>
				<total>0</total>
				<timestamp>1643.261868</timestamp>
			</report>
			<report>
				<misses>167600001</misses>
				<total>0</total>
				<timestamp>1644.242463</timestamp>
			</report>
			<report>
				<misses>167700001</misses>
				<total>0</total>
				<timestamp>1645.228113</timestamp>
			</report>
			<report>
				<misses>167800001</misses>
				<total>0</total>
				<timestamp>1646.216510</timestamp>
			</report>
			<report>
				<misses>167900001</misses>
				<total>0</total>
				<timestamp>1647.205655</timestamp>
			</report>
			<report>
				<misses>168000001</misses>
				<total>0</total>
				<timestamp>1648.194711</timestamp>
			</report>
			<report>
				<misses>168100001</misses>
				<total>0</total>
				<timestamp>1649.183910</timestamp>
			</report>
			<report>
				<misses>168200001</misses>
				<total>0</total>
				<timestamp>1650.174567</timestamp>
			</report>
			<report>
				<misses>168300001</misses>
				<total>0</total>
				<timestamp>1651.160175</timestamp>
			</report>
			<report>
				<misses>168400001</misses>
				<total>0</total>
				<timestamp>1652.145285</timestamp>
			</report>
			<report>
				<misses>168500001</misses>
				<total>0</total>
				<timestamp>1653.130757</timestamp>
			</report>
			<report>
				<misses>168600001</misses>
				<total>0</total>
				<timestamp>1654.116229</timestamp>
			</report>
			<report>
				<misses>168700001</misses>
				<total>0</total>
				<timestamp>1655.102054</timestamp>
			</report>
			<report>
				<misses>168800001</misses>
				<total>0</total>
				<timestamp>1656.087890</timestamp>
			</report>
			<report>
				<misses>168900001</misses>
				<total>0</total>
				<timestamp>1657.074088</timestamp>
			</report>
			<report>
				<misses>169000001</misses>
				<total>0</total>
				<timestamp>1658.059399</timestamp>
			</report>
			<report>
				<misses>169100001</misses>
				<total>0</total>
				<timestamp>1659.045280</timestamp>
			</report>
			<report>
				<misses>169200001</misses>
				<total>0</total>
				<timestamp>1660.030349</timestamp>
			</report>
			<report>
				<misses>169300001</misses>
				<total>0</total>
				<timestamp>1661.018000</timestamp>
			</report>
			<report>
				<misses>169400001</misses>
				<total>0</total>
				<timestamp>1662.007981</timestamp>
			</report>
			<report>
				<misses>169500001</misses>
				<total>0</total>
				<timestamp>1662.980489</timestamp>
			</report>
			<report>
				<misses>169600001</misses>
				<total>0</total>
				<timestamp>1663.916847</timestamp>
			</report>
			<report>
				<misses>169700001</misses>
				<total>0</total>
				<timestamp>1664.850840</timestamp>
			</report>
			<report>
				<misses>169800001</misses>
				<total>0</total>
				<timestamp>1665.784480</timestamp>
			</report>
			<report>
				<misses>169900001</misses>
				<total>0</total>
				<timestamp>1666.720338</timestamp>
			</report>
			<report>
				<misses>170000001</misses>
				<total>0</total>
				<timestamp>1667.653374</timestamp>
			</report>
			<report>
				<misses>170100001</misses>
				<total>0</total>
				<timestamp>1668.588888</timestamp>
			</report>
			<report>
				<misses>170200001</misses>
				<total>0</total>
				<timestamp>1669.524664</timestamp>
			</report>
			<report>
				<misses>170300001</misses>
				<total>0</total>
				<timestamp>1670.459332</timestamp>
			</report>
			<report>
				<misses>170400001</misses>
				<total>0</total>
				<timestamp>1671.392552</timestamp>
			</report>
			<report>
				<misses>170500001</misses>
				<total>0</total>
				<timestamp>1672.328082</timestamp>
			</report>
			<report>
				<misses>170600001</misses>
				<total>0</total>
				<timestamp>1673.261949</timestamp>
			</report>
			<report>
				<misses>170700001</misses>
				<total>0</total>
				<timestamp>1674.199868</timestamp>
			</report>
			<report>
				<misses>170800001</misses>
				<total>0</total>
				<timestamp>1675.134086</timestamp>
			</report>
			<report>
				<misses>170900001</misses>
				<total>0</total>
				<timestamp>1676.070736</timestamp>
			</report>
			<report>
				<misses>171000001</misses>
				<total>0</total>
				<timestamp>1677.007156</timestamp>
			</report>
			<report>
				<misses>171100001</misses>
				<total>0</total>
				<timestamp>1677.940330</timestamp>
			</report>
			<report>
				<misses>171200001</misses>
				<total>0</total>
				<timestamp>1678.878806</timestamp>
			</report>
			<report>
				<misses>171300001</misses>
				<total>0</total>
				<timestamp>1679.814222</timestamp>
			</report>
			<report>
				<misses>171400001</misses>
				<total>0</total>
				<timestamp>1680.752863</timestamp>
			</report>
			<report>
				<misses>171500001</misses>
				<total>0</total>
				<timestamp>1681.692971</timestamp>
			</report>
			<report>
				<misses>171600001</misses>
				<total>0</total>
				<timestamp>1682.630188</timestamp>
			</report>
			<report>
				<misses>171700001</misses>
				<total>0</total>
				<timestamp>1683.568095</timestamp>
			</report>
			<report>
				<misses>171800001</misses>
				<total>0</total>
				<timestamp>1684.502362</timestamp>
			</report>
			<report>
				<misses>171900001</misses>
				<total>0</total>
				<timestamp>1685.438314</timestamp>
			</report>
			<report>
				<misses>172000001</misses>
				<total>0</total>
				<timestamp>1686.372492</timestamp>
			</report>
			<report>
				<misses>172100001</misses>
				<total>0</total>
				<timestamp>1687.309432</timestamp>
			</report>
			<report>
				<misses>172200001</misses>
				<total>0</total>
				<timestamp>1688.246096</timestamp>
			</report>
			<report>
				<misses>172300001</misses>
				<total>0</total>
				<timestamp>1689.181856</timestamp>
			</report>
			<report>
				<misses>172400001</misses>
				<total>0</total>
				<timestamp>1690.117292</timestamp>
			</report>
			<report>
				<misses>172500001</misses>
				<total>0</total>
				<timestamp>1691.088605</timestamp>
			</report>
			<report>
				<misses>172600001</misses>
				<total>0</total>
				<timestamp>1692.075915</timestamp>
			</report>
			<report>
				<misses>172700001</misses>
				<total>0</total>
				<timestamp>1693.064417</timestamp>
			</report>
			<report>
				<misses>172800001</misses>
				<total>0</total>
				<timestamp>1694.049730</timestamp>
			</report>
			<report>
				<misses>172900001</misses>
				<total>0</total>
				<timestamp>1695.032946</timestamp>
			</report>
			<report>
				<misses>173000001</misses>
				<total>0</total>
				<timestamp>1696.019634</timestamp>
			</report>
			<report>
				<misses>173100001</misses>
				<total>0</total>
				<timestamp>1697.005546</timestamp>
			</report>
			<report>
				<misses>173200001</misses>
				<total>0</total>
				<timestamp>1697.991427</timestamp>
			</report>
			<report>
				<misses>173300001</misses>
				<total>0</total>
				<timestamp>1698.978586</timestamp>
			</report>
			<report>
				<misses>173400001</misses>
				<total>0</total>
				<timestamp>1699.966257</timestamp>
			</report>
			<report>
				<misses>173500001</misses>
				<total>0</total>
				<timestamp>1700.954244</timestamp>
			</report>
			<report>
				<misses>173600001</misses>
				<total>0</total>
				<timestamp>1701.942133</timestamp>
			</report>
			<report>
				<misses>173700001</misses>
				<total>0</total>
				<timestamp>1702.929642</timestamp>
			</report>
			<report>
				<misses>173800001</misses>
				<total>0</total>
				<timestamp>1703.917791</timestamp>
			</report>
			<report>
				<misses>173900001</misses>
				<total>0</total>
				<timestamp>1704.906964</timestamp>
			</report>
			<report>
				<misses>174000001</misses>
				<total>0</total>
				<timestamp>1705.897206</timestamp>
			</report>
			<report>
				<misses>174100001</misses>
				<total>0</total>
				<timestamp>1706.887836</timestamp>
			</report>
			<report>
				<misses>174200001</misses>
				<total>0</total>
				<timestamp>1707.876374</timestamp>
			</report>
			<report>
				<misses>174300001</misses>
				<total>0</total>
				<timestamp>1708.865933</timestamp>
			</report>
			<report>
				<misses>174400001</misses>
				<total>0</total>
				<timestamp>1709.855195</timestamp>
			</report>
			<report>
				<misses>174500001</misses>
				<total>0</total>
				<timestamp>1710.844607</timestamp>
			</report>
			<report>
				<misses>174600001</misses>
				<total>0</total>
				<timestamp>1711.825759</timestamp>
			</report>
			<report>
				<misses>174700001</misses>
				<total>0</total>
				<timestamp>1712.764055</timestamp>
			</report>
			<report>
				<misses>174800001</misses>
				<total>0</total>
				<timestamp>1713.708187</timestamp>
			</report>
			<report>
				<misses>174900001</misses>
				<total>0</total>
				<timestamp>1714.647269</timestamp>
			</report>
			<report>
				<misses>175000001</misses>
				<total>0</total>
				<timestamp>1715.585629</timestamp>
			</report>
			<report>
				<misses>175100001</misses>
				<total>0</total>
				<timestamp>1716.523641</timestamp>
			</report>
			<report>
				<misses>175200001</misses>
				<total>0</total>
				<timestamp>1717.460237</timestamp>
			</report>
			<report>
				<misses>175300001</misses>
				<total>0</total>
				<timestamp>1718.415763</timestamp>
			</report>
			<report>
				<misses>175400001</misses>
				<total>0</total>
				<timestamp>1719.406832</timestamp>
			</report>
			<report>
				<misses>175500001</misses>
				<total>0</total>
				<timestamp>1720.397624</timestamp>
			</report>
			<report>
				<misses>175600001</misses>
				<total>0</total>
				<timestamp>1721.386438</timestamp>
			</report>
			<report>
				<misses>175700001</misses>
				<total>0</total>
				<timestamp>1722.375628</timestamp>
			</report>
			<report>
				<misses>175800001</misses>
				<total>0</total>
				<timestamp>1723.364323</timestamp>
			</report>
			<report>
				<misses>175900001</misses>
				<total>0</total>
				<timestamp>1724.353193</timestamp>
			</report>
			<report>
				<misses>176000001</misses>
				<total>0</total>
				<timestamp>1725.342852</timestamp>
			</report>
			<report>
				<misses>176100001</misses>
				<total>0</total>
				<timestamp>1726.332034</timestamp>
			</report>
			<report>
				<misses>176200001</misses>
				<total>0</total>
				<timestamp>1727.321043</timestamp>
			</report>
			<report>
				<misses>176300001</misses>
				<total>0</total>
				<timestamp>1728.310860</timestamp>
			</report>
			<report>
				<misses>176400001</misses>
				<total>0</total>
				<timestamp>1729.301116</timestamp>
			</report>
			<report>
				<misses>176500001</misses>
				<total>0</total>
				<timestamp>1730.290234</timestamp>
			</report>
			<report>
				<misses>176600001</misses>
				<total>0</total>
				<timestamp>1731.279130</timestamp>
			</report>
			<report>
				<misses>176700001</misses>
				<total>0</total>
				<timestamp>1732.268584</timestamp>
			</report>
			<report>
				<misses>176800001</misses>
				<total>0</total>
				<timestamp>1733.258420</timestamp>
			</report>
			<report>
				<misses>176900001</misses>
				<total>0</total>
				<timestamp>1734.247378</timestamp>
			</report>
			<report>
				<misses>177000001</misses>
				<total>0</total>
				<timestamp>1735.236133</timestamp>
			</report>
			<report>
				<misses>177100001</misses>
				<total>0</total>
				<timestamp>1736.225231</timestamp>
			</report>
			<report>
				<misses>177200001</misses>
				<total>0</total>
				<timestamp>1737.214218</timestamp>
			</report>
			<report>
				<misses>177300001</misses>
				<total>0</total>
				<timestamp>1738.203466</timestamp>
			</report>
			<report>
				<misses>177400001</misses>
				<total>0</total>
				<timestamp>1739.192897</timestamp>
			</report>
			<report>
				<misses>177500001</misses>
				<total>0</total>
				<timestamp>1740.182407</timestamp>
			</report>
			<report>
				<misses>177600001</misses>
				<total>0</total>
				<timestamp>1741.172125</timestamp>
			</report>
			<report>
				<misses>177700001</misses>
				<total>0</total>
				<timestamp>1742.162176</timestamp>
			</report>
			<report>
				<misses>177800001</misses>
				<total>0</total>
				<timestamp>1743.152095</timestamp>
			</report>
			<report>
				<misses>177900001</misses>
				<total>0</total>
				<timestamp>1744.141419</timestamp>
			</report>
			<report>
				<misses>178000001</misses>
				<total>0</total>
				<timestamp>1745.130533</timestamp>
			</report>
			<report>
				<misses>178100001</misses>
				<total>0</total>
				<timestamp>1746.119393</timestamp>
			</report>
			<report>
				<misses>178200001</misses>
				<total>0</total>
				<timestamp>1747.108338</timestamp>
			</report>
			<report>
				<misses>178300001</misses>
				<total>0</total>
				<timestamp>1748.097935</timestamp>
			</report>
			<report>
				<misses>178400001</misses>
				<total>0</total>
				<timestamp>1749.087542</timestamp>
			</report>
			<report>
				<misses>178500001</misses>
				<total>0</total>
				<timestamp>1750.076615</timestamp>
			</report>
			<report>
				<misses>178600001</misses>
				<total>0</total>
				<timestamp>1751.065741</timestamp>
			</report>
			<report>
				<misses>178700001</misses>
				<total>0</total>
				<timestamp>1752.056160</timestamp>
			</report>
			<report>
				<misses>178800001</misses>
				<total>0</total>
				<timestamp>1753.045139</timestamp>
			</report>
			<report>
				<misses>178900001</misses>
				<total>0</total>
				<timestamp>1754.034444</timestamp>
			</report>
			<report>
				<misses>179000001</misses>
				<total>0</total>
				<timestamp>1755.023540</timestamp>
			</report>
			<report>
				<misses>179100001</misses>
				<total>0</total>
				<timestamp>1756.012818</timestamp>
			</report>
			<report>
				<misses>179200001</misses>
				<total>0</total>
				<timestamp>1757.001978</timestamp>
			</report>
			<report>
				<misses>179300001</misses>
				<total>0</total>
				<timestamp>1757.990912</timestamp>
			</report>
			<report>
				<misses>179400001</misses>
				<total>0</total>
				<timestamp>1758.979557</timestamp>
			</report>
			<report>
				<misses>179500001</misses>
				<total>0</total>
				<timestamp>1759.967946</timestamp>
			</report>
			<report>
				<misses>179600001</misses>
				<total>0</total>
				<timestamp>1760.956781</timestamp>
			</report>
			<report>
				<misses>179700001</misses>
				<total>0</total>
				<timestamp>1761.945809</timestamp>
			</report>
			<report>
				<misses>179800001</misses>
				<total>0</total>
				<timestamp>1762.934717</timestamp>
			</report>
			<report>
				<misses>179900001</misses>
				<total>0</total>
				<timestamp>1763.923536</timestamp>
			</report>
			<report>
				<misses>180000001</misses>
				<total>0</total>
				<timestamp>1764.912919</timestamp>
			</report>
			<report>
				<misses>180100001</misses>
				<total>0</total>
				<timestamp>1765.902094</timestamp>
			</report>
			<report>
				<misses>180200001</misses>
				<total>0</total>
				<timestamp>1766.891684</timestamp>
			</report>
			<report>
				<misses>180300001</misses>
				<total>0</total>
				<timestamp>1767.880473</timestamp>
			</report>
			<report>
				<misses>180400001</misses>
				<total>0</total>
				<timestamp>1768.869317</timestamp>
			</report>
			<report>
				<misses>180500001</misses>
				<total>0</total>
				<timestamp>1769.857946</timestamp>
			</report>
			<report>
				<misses>180600001</misses>
				<total>0</total>
				<timestamp>1770.847649</timestamp>
			</report>
			<report>
				<misses>180700001</misses>
				<total>0</total>
				<timestamp>1771.837706</timestamp>
			</report>
			<report>
				<misses>180800001</misses>
				<total>0</total>
				<timestamp>1772.827228</timestamp>
			</report>
			<report>
				<misses>180900001</misses>
				<total>0</total>
				<timestamp>1773.816956</timestamp>
			</report>
			<report>
				<misses>181000001</misses>
				<total>0</total>
				<timestamp>1774.806099</timestamp>
			</report>
			<report>
				<misses>181100001</misses>
				<total>0</total>
				<timestamp>1775.795538</timestamp>
			</report>
			<report>
				<misses>181200001</misses>
				<total>0</total>
				<timestamp>1776.784671</timestamp>
			</report>
			<report>
				<misses>181300001</misses>
				<total>0</total>
				<timestamp>1777.773901</timestamp>
			</report>
			<report>
				<misses>181400001</misses>
				<total>0</total>
				<timestamp>1778.763052</timestamp>
			</report>
			<report>
				<misses>181500001</misses>
				<total>0</total>
				<timestamp>1779.751568</timestamp>
			</report>
			<report>
				<misses>181600001</misses>
				<total>0</total>
				<timestamp>1780.740918</timestamp>
			</report>
			<report>
				<misses>181700001</misses>
				<total>0</total>
				<timestamp>1781.730318</timestamp>
			</report>
			<report>
				<misses>181800001</misses>
				<total>0</total>
				<timestamp>1782.720065</timestamp>
			</report>
			<report>
				<misses>181900001</misses>
				<total>0</total>
				<timestamp>1783.709795</timestamp>
			</report>
			<report>
				<misses>182000001</misses>
				<total>0</total>
				<timestamp>1784.698414</timestamp>
			</report>
			<report>
				<misses>182100001</misses>
				<total>0</total>
				<timestamp>1785.687554</timestamp>
			</report>
			<report>
				<misses>182200001</misses>
				<total>0</total>
				<timestamp>1786.676783</timestamp>
			</report>
			<report>
				<misses>182300001</misses>
				<total>0</total>
				<timestamp>1787.666830</timestamp>
			</report>
			<report>
				<misses>182400001</misses>
				<total>0</total>
				<timestamp>1788.657019</timestamp>
			</report>
			<report>
				<misses>182500001</misses>
				<total>0</total>
				<timestamp>1789.646089</timestamp>
			</report>
			<report>
				<misses>182600001</misses>
				<total>0</total>
				<timestamp>1790.635512</timestamp>
			</report>
			<report>
				<misses>182700001</misses>
				<total>0</total>
				<timestamp>1791.625691</timestamp>
			</report>
			<report>
				<misses>182800001</misses>
				<total>0</total>
				<timestamp>1792.614947</timestamp>
			</report>
			<report>
				<misses>182900001</misses>
				<total>0</total>
				<timestamp>1793.604425</timestamp>
			</report>
			<report>
				<misses>183000001</misses>
				<total>0</total>
				<timestamp>1794.593701</timestamp>
			</report>
			<report>
				<misses>183100001</misses>
				<total>0</total>
				<timestamp>1795.582632</timestamp>
			</report>
			<report>
				<misses>183200001</misses>
				<total>0</total>
				<timestamp>1796.572080</timestamp>
			</report>
			<report>
				<misses>183300001</misses>
				<total>0</total>
				<timestamp>1797.561093</timestamp>
			</report>
			<report>
				<misses>183400001</misses>
				<total>0</total>
				<timestamp>1798.550912</timestamp>
			</report>
			<report>
				<misses>183500001</misses>
				<total>0</total>
				<timestamp>1799.540670</timestamp>
			</report>
			<report>
				<misses>183600001</misses>
				<total>0</total>
				<timestamp>1800.529873</timestamp>
			</report>
			<report>
				<misses>183700001</misses>
				<total>0</total>
				<timestamp>1801.520093</timestamp>
			</report>
			<report>
				<misses>183800001</misses>
				<total>0</total>
				<timestamp>1802.509270</timestamp>
			</report>
			<report>
				<misses>183900001</misses>
				<total>0</total>
				<timestamp>1803.498322</timestamp>
			</report>
			<report>
				<misses>184000001</misses>
				<total>0</total>
				<timestamp>1804.488226</timestamp>
			</report>
			<report>
				<misses>184100001</misses>
				<total>0</total>
				<timestamp>1805.477991</timestamp>
			</report>
			<report>
				<misses>184200001</misses>
				<total>0</total>
				<timestamp>1806.467887</timestamp>
			</report>
			<report>
				<misses>184300001</misses>
				<total>0</total>
				<timestamp>1807.456962</timestamp>
			</report>
			<report>
				<misses>184400001</misses>
				<total>0</total>
				<timestamp>1808.446420</timestamp>
			</report>
			<report>
				<misses>184500001</misses>
				<total>0</total>
				<timestamp>1809.436434</timestamp>
			</report>
			<report>
				<misses>184600001</misses>
				<total>0</total>
				<timestamp>1810.426495</timestamp>
			</report>
			<report>
				<misses>184700001</misses>
				<total>0</total>
				<timestamp>1811.416477</timestamp>
			</report>
			<report>
				<misses>184800001</misses>
				<total>0</total>
				<timestamp>1812.406046</timestamp>
			</report>
			<report>
				<misses>184900001</misses>
				<total>0</total>
				<timestamp>1813.395148</timestamp>
			</report>
			<report>
				<misses>185000001</misses>
				<total>0</total>
				<timestamp>1814.384901</timestamp>
			</report>
			<report>
				<misses>185100001</misses>
				<total>0</total>
				<timestamp>1815.374314</timestamp>
			</report>
			<report>
				<misses>185200001</misses>
				<total>0</total>
				<timestamp>1816.364120</timestamp>
			</report>
			<report>
				<misses>185300001</misses>
				<total>0</total>
				<timestamp>1817.353016</timestamp>
			</report>
			<report>
				<misses>185400001</misses>
				<total>0</total>
				<timestamp>1818.342159</timestamp>
			</report>
			<report>
				<misses>185500001</misses>
				<total>0</total>
				<timestamp>1819.331481</timestamp>
			</report>
			<report>
				<misses>185600001</misses>
				<total>0</total>
				<timestamp>1820.320508</timestamp>
			</report>
			<report>
				<misses>185700001</misses>
				<total>0</total>
				<timestamp>1821.310316</timestamp>
			</report>
			<report>
				<misses>185800001</misses>
				<total>0</total>
				<timestamp>1822.299718</timestamp>
			</report>
			<report>
				<misses>185900001</misses>
				<total>0</total>
				<timestamp>1823.288823</timestamp>
			</report>
			<report>
				<misses>186000001</misses>
				<total>0</total>
				<timestamp>1824.277611</timestamp>
			</report>
			<report>
				<misses>186100001</misses>
				<total>0</total>
				<timestamp>1825.267041</timestamp>
			</report>
			<report>
				<misses>186200001</misses>
				<total>0</total>
				<timestamp>1826.256415</timestamp>
			</report>
			<report>
				<misses>186300001</misses>
				<total>0</total>
				<timestamp>1827.246271</timestamp>
			</report>
			<report>
				<misses>186400001</misses>
				<total>0</total>
				<timestamp>1828.235122</timestamp>
			</report>
			<report>
				<misses>186500001</misses>
				<total>0</total>
				<timestamp>1829.224629</timestamp>
			</report>
			<report>
				<misses>186600001</misses>
				<total>0</total>
				<timestamp>1830.214756</timestamp>
			</report>
			<report>
				<misses>186700001</misses>
				<total>0</total>
				<timestamp>1831.204401</timestamp>
			</report>
			<report>
				<misses>186800001</misses>
				<total>0</total>
				<timestamp>1832.194648</timestamp>
			</report>
			<report>
				<misses>186900001</misses>
				<total>0</total>
				<timestamp>1833.183791</timestamp>
			</report>
			<report>
				<misses>187000001</misses>
				<total>0</total>
				<timestamp>1834.173728</timestamp>
			</report>
			<report>
				<misses>187100001</misses>
				<total>0</total>
				<timestamp>1835.163523</timestamp>
			</report>
			<report>
				<misses>187200001</misses>
				<total>0</total>
				<timestamp>1836.153868</timestamp>
			</report>
			<report>
				<misses>187300001</misses>
				<total>0</total>
				<timestamp>1837.144025</timestamp>
			</report>
			<report>
				<misses>187400001</misses>
				<total>0</total>
				<timestamp>1838.134207</timestamp>
			</report>
			<report>
				<misses>187500001</misses>
				<total>0</total>
				<timestamp>1839.122907</timestamp>
			</report>
			<report>
				<misses>187600001</misses>
				<total>0</total>
				<timestamp>1840.111623</timestamp>
			</report>
			<report>
				<misses>187700001</misses>
				<total>0</total>
				<timestamp>1841.100900</timestamp>
			</report>
			<report>
				<misses>187800001</misses>
				<total>0</total>
				<timestamp>1842.089358</timestamp>
			</report>
			<report>
				<misses>187900001</misses>
				<total>0</total>
				<timestamp>1843.078891</timestamp>
			</report>
			<report>
				<misses>188000001</misses>
				<total>0</total>
				<timestamp>1844.067932</timestamp>
			</report>
			<report>
				<misses>188100001</misses>
				<total>0</total>
				<timestamp>1845.057475</timestamp>
			</report>
			<report>
				<misses>188200001</misses>
				<total>0</total>
				<timestamp>1846.046369</timestamp>
			</report>
			<report>
				<misses>188300001</misses>
				<total>0</total>
				<timestamp>1847.035406</timestamp>
			</report>
			<report>
				<misses>188400001</misses>
				<total>0</total>
				<timestamp>1848.024683</timestamp>
			</report>
			<report>
				<misses>188500001</misses>
				<total>0</total>
				<timestamp>1849.013433</timestamp>
			</report>
			<report>
				<misses>188600001</misses>
				<total>0</total>
				<timestamp>1850.003238</timestamp>
			</report>
			<report>
				<misses>188700001</misses>
				<total>0</total>
				<timestamp>1850.993296</timestamp>
			</report>
			<report>
				<misses>188800001</misses>
				<total>0</total>
				<timestamp>1851.982463</timestamp>
			</report>
			<report>
				<misses>188900001</misses>
				<total>0</total>
				<timestamp>1852.971640</timestamp>
			</report>
			<report>
				<misses>189000001</misses>
				<total>0</total>
				<timestamp>1853.960692</timestamp>
			</report>
			<report>
				<misses>189100001</misses>
				<total>0</total>
				<timestamp>1854.949686</timestamp>
			</report>
			<report>
				<misses>189200001</misses>
				<total>0</total>
				<timestamp>1855.939030</timestamp>
			</report>
			<report>
				<misses>189300001</misses>
				<total>0</total>
				<timestamp>1856.928310</timestamp>
			</report>
			<report>
				<misses>189400001</misses>
				<total>0</total>
				<timestamp>1857.918248</timestamp>
			</report>
			<report>
				<misses>189500001</misses>
				<total>0</total>
				<timestamp>1858.908079</timestamp>
			</report>
			<report>
				<misses>189600001</misses>
				<total>0</total>
				<timestamp>1859.896732</timestamp>
			</report>
			<report>
				<misses>189700001</misses>
				<total>0</total>
				<timestamp>1860.885904</timestamp>
			</report>
			<report>
				<misses>189800001</misses>
				<total>0</total>
				<timestamp>1861.875235</timestamp>
			</report>
			<report>
				<misses>189900001</misses>
				<total>0</total>
				<timestamp>1862.864548</timestamp>
			</report>
			<report>
				<misses>190000001</misses>
				<total>0</total>
				<timestamp>1863.854147</timestamp>
			</report>
			<report>
				<misses>190100001</misses>
				<total>0</total>
				<timestamp>1864.843922</timestamp>
			</report>
			<report>
				<misses>190200001</misses>
				<total>0</total>
				<timestamp>1865.833066</timestamp>
			</report>
			<report>
				<misses>190300001</misses>
				<total>0</total>
				<timestamp>1866.822581</timestamp>
			</report>
			<report>
				<misses>190400001</misses>
				<total>0</total>
				<timestamp>1867.812057</timestamp>
			</report>
			<report>
				<misses>190500001</misses>
				<total>0</total>
				<timestamp>1868.801172</timestamp>
			</report>
			<report>
				<misses>190600001</misses>
				<total>0</total>
				<timestamp>1869.790225</timestamp>
			</report>
			<report>
				<misses>190700001</misses>
				<total>0</total>
				<timestamp>1870.779726</timestamp>
			</report>
			<report>
				<misses>190800001</misses>
				<total>0</total>
				<timestamp>1871.768935</timestamp>
			</report>
			<report>
				<misses>190900001</misses>
				<total>0</total>
				<timestamp>1872.758008</timestamp>
			</report>
			<report>
				<misses>191000001</misses>
				<total>0</total>
				<timestamp>1873.746832</timestamp>
			</report>
			<report>
				<misses>191100001</misses>
				<total>0</total>
				<timestamp>1874.736088</timestamp>
			</report>
			<report>
				<misses>191200001</misses>
				<total>0</total>
				<timestamp>1875.725653</timestamp>
			</report>
			<report>
				<misses>191300001</misses>
				<total>0</total>
				<timestamp>1876.715273</timestamp>
			</report>
			<report>
				<misses>191400001</misses>
				<total>0</total>
				<timestamp>1877.704386</timestamp>
			</report>
			<report>
				<misses>191500001</misses>
				<total>0</total>
				<timestamp>1878.693725</timestamp>
			</report>
			<report>
				<misses>191600001</misses>
				<total>0</total>
				<timestamp>1879.682708</timestamp>
			</report>
			<report>
				<misses>191700001</misses>
				<total>0</total>
				<timestamp>1880.672186</timestamp>
			</report>
			<report>
				<misses>191800001</misses>
				<total>0</total>
				<timestamp>1881.661226</timestamp>
			</report>
			<report>
				<misses>191900001</misses>
				<total>0</total>
				<timestamp>1882.650525</timestamp>
			</report>
			<report>
				<misses>192000001</misses>
				<total>0</total>
				<timestamp>1883.640013</timestamp>
			</report>
			<report>
				<misses>192100001</misses>
				<total>0</total>
				<timestamp>1884.628328</timestamp>
			</report>
			<report>
				<misses>192200001</misses>
				<total>0</total>
				<timestamp>1885.617684</timestamp>
			</report>
			<report>
				<misses>192300001</misses>
				<total>0</total>
				<timestamp>1886.607480</timestamp>
			</report>
			<report>
				<misses>192400001</misses>
				<total>0</total>
				<timestamp>1887.596411</timestamp>
			</report>
			<report>
				<misses>192500001</misses>
				<total>0</total>
				<timestamp>1888.585644</timestamp>
			</report>
			<report>
				<misses>192600001</misses>
				<total>0</total>
				<timestamp>1889.574123</timestamp>
			</report>
			<report>
				<misses>192700001</misses>
				<total>0</total>
				<timestamp>1890.563565</timestamp>
			</report>
			<report>
				<misses>192800001</misses>
				<total>0</total>
				<timestamp>1891.552929</timestamp>
			</report>
			<report>
				<misses>192900001</misses>
				<total>0</total>
				<timestamp>1892.542373</timestamp>
			</report>
			<report>
				<misses>193000001</misses>
				<total>0</total>
				<timestamp>1893.532590</timestamp>
			</report>
			<report>
				<misses>193100001</misses>
				<total>0</total>
				<timestamp>1894.522799</timestamp>
			</report>
			<report>
				<misses>193200001</misses>
				<total>0</total>
				<timestamp>1895.512609</timestamp>
			</report>
			<report>
				<misses>193300001</misses>
				<total>0</total>
				<timestamp>1896.502010</timestamp>
			</report>
			<report>
				<misses>193400001</misses>
				<total>0</total>
				<timestamp>1897.491577</timestamp>
			</report>
			<report>
				<misses>193500001</misses>
				<total>0</total>
				<timestamp>1898.480614</timestamp>
			</report>
			<report>
				<misses>193600001</misses>
				<total>0</total>
				<timestamp>1899.469667</timestamp>
			</report>
			<report>
				<misses>193700001</misses>
				<total>0</total>
				<timestamp>1900.458552</timestamp>
			</report>
			<report>
				<misses>193800001</misses>
				<total>0</total>
				<timestamp>1901.447982</timestamp>
			</report>
			<report>
				<misses>193900001</misses>
				<total>0</total>
				<timestamp>1902.437210</timestamp>
			</report>
			<report>
				<misses>194000001</misses>
				<total>0</total>
				<timestamp>1903.425896</timestamp>
			</report>
			<report>
				<misses>194100001</misses>
				<total>0</total>
				<timestamp>1904.415900</timestamp>
			</report>
			<report>
				<misses>194200001</misses>
				<total>0</total>
				<timestamp>1905.405143</timestamp>
			</report>
			<report>
				<misses>194300001</misses>
				<total>0</total>
				<timestamp>1906.394605</timestamp>
			</report>
			<report>
				<misses>194400001</misses>
				<total>0</total>
				<timestamp>1907.384408</timestamp>
			</report>
			<report>
				<misses>194500001</misses>
				<total>0</total>
				<timestamp>1908.373938</timestamp>
			</report>
			<report>
				<misses>194600001</misses>
				<total>0</total>
				<timestamp>1909.363109</timestamp>
			</report>
			<report>
				<misses>194700001</misses>
				<total>0</total>
				<timestamp>1910.352561</timestamp>
			</report>
			<report>
				<misses>194800001</misses>
				<total>0</total>
				<timestamp>1911.342215</timestamp>
			</report>
			<report>
				<misses>194900001</misses>
				<total>0</total>
				<timestamp>1912.330751</timestamp>
			</report>
			<report>
				<misses>195000001</misses>
				<total>0</total>
				<timestamp>1913.320192</timestamp>
			</report>
			<report>
				<misses>195100001</misses>
				<total>0</total>
				<timestamp>1914.309344</timestamp>
			</report>
			<report>
				<misses>195200001</misses>
				<total>0</total>
				<timestamp>1915.298983</timestamp>
			</report>
			<report>
				<misses>195300001</misses>
				<total>0</total>
				<timestamp>1916.288449</timestamp>
			</report>
			<report>
				<misses>195400001</misses>
				<total>0</total>
				<timestamp>1917.277674</timestamp>
			</report>
			<report>
				<misses>195500001</misses>
				<total>0</total>
				<timestamp>1918.266855</timestamp>
			</report>
			<report>
				<misses>195600001</misses>
				<total>0</total>
				<timestamp>1919.255756</timestamp>
			</report>
			<report>
				<misses>195700001</misses>
				<total>0</total>
				<timestamp>1920.245321</timestamp>
			</report>
			<report>
				<misses>195800001</misses>
				<total>0</total>
				<timestamp>1921.234256</timestamp>
			</report>
			<report>
				<misses>195900001</misses>
				<total>0</total>
				<timestamp>1922.223568</timestamp>
			</report>
			<report>
				<misses>196000001</misses>
				<total>0</total>
				<timestamp>1923.213680</timestamp>
			</report>
			<report>
				<misses>196100001</misses>
				<total>0</total>
				<timestamp>1924.202856</timestamp>
			</report>
			<report>
				<misses>196200001</misses>
				<total>0</total>
				<timestamp>1925.191177</timestamp>
			</report>
			<report>
				<misses>196300001</misses>
				<total>0</total>
				<timestamp>1926.180438</timestamp>
			</report>
			<report>
				<misses>196400001</misses>
				<total>0</total>
				<timestamp>1927.170142</timestamp>
			</report>
			<report>
				<misses>196500001</misses>
				<total>0</total>
				<timestamp>1928.159315</timestamp>
			</report>
			<report>
				<misses>196600001</misses>
				<total>0</total>
				<timestamp>1929.149029</timestamp>
			</report>
			<report>
				<misses>196700001</misses>
				<total>0</total>
				<timestamp>1930.139007</timestamp>
			</report>
			<report>
				<misses>196800001</misses>
				<total>0</total>
				<timestamp>1931.127834</timestamp>
			</report>
			<report>
				<misses>196900001</misses>
				<total>0</total>
				<timestamp>1932.116958</timestamp>
			</report>
			<report>
				<misses>197000001</misses>
				<total>0</total>
				<timestamp>1933.106668</timestamp>
			</report>
			<report>
				<misses>197100001</misses>
				<total>0</total>
				<timestamp>1934.095852</timestamp>
			</report>
			<report>
				<misses>197200001</misses>
				<total>0</total>
				<timestamp>1935.085179</timestamp>
			</report>
			<report>
				<misses>197300001</misses>
				<total>0</total>
				<timestamp>1936.074582</timestamp>
			</report>
			<report>
				<misses>197400001</misses>
				<total>0</total>
				<timestamp>1937.063711</timestamp>
			</report>
			<report>
				<misses>197500001</misses>
				<total>0</total>
				<timestamp>1938.053826</timestamp>
			</report>
			<report>
				<misses>197600001</misses>
				<total>0</total>
				<timestamp>1939.042885</timestamp>
			</report>
			<report>
				<misses>197700001</misses>
				<total>0</total>
				<timestamp>1940.032486</timestamp>
			</report>
			<report>
				<misses>197800001</misses>
				<total>0</total>
				<timestamp>1941.021514</timestamp>
			</report>
			<report>
				<misses>197900001</misses>
				<total>0</total>
				<timestamp>1942.011375</timestamp>
			</report>
			<report>
				<misses>198000001</misses>
				<total>0</total>
				<timestamp>1943.000617</timestamp>
			</report>
			<report>
				<misses>198100001</misses>
				<total>0</total>
				<timestamp>1943.990248</timestamp>
			</report>
			<report>
				<misses>198200001</misses>
				<total>0</total>
				<timestamp>1944.979296</timestamp>
			</report>
			<report>
				<misses>198300001</misses>
				<total>0</total>
				<timestamp>1945.968719</timestamp>
			</report>
			<report>
				<misses>198400001</misses>
				<total>0</total>
				<timestamp>1946.957936</timestamp>
			</report>
			<report>
				<misses>198500001</misses>
				<total>0</total>
				<timestamp>1947.947141</timestamp>
			</report>
			<report>
				<misses>198600001</misses>
				<total>0</total>
				<timestamp>1948.936204</timestamp>
			</report>
			<report>
				<misses>198700001</misses>
				<total>0</total>
				<timestamp>1949.924972</timestamp>
			</report>
			<report>
				<misses>198800001</misses>
				<total>0</total>
				<timestamp>1950.913980</timestamp>
			</report>
			<report>
				<misses>198900001</misses>
				<total>0</total>
				<timestamp>1951.903121</timestamp>
			</report>
			<report>
				<misses>199000001</misses>
				<total>0</total>
				<timestamp>1952.892012</timestamp>
			</report>
			<report>
				<misses>199100001</misses>
				<total>0</total>
				<timestamp>1953.881680</timestamp>
			</report>
			<report>
				<misses>199200001</misses>
				<total>0</total>
				<timestamp>1954.870642</timestamp>
			</report>
			<report>
				<misses>199300001</misses>
				<total>0</total>
				<timestamp>1955.859899</timestamp>
			</report>
			<report>
				<misses>199400001</misses>
				<total>0</total>
				<timestamp>1956.848858</timestamp>
			</report>
			<report>
				<misses>199500001</misses>
				<total>0</total>
				<timestamp>1957.838216</timestamp>
			</report>
			<report>
				<misses>199600001</misses>
				<total>0</total>
				<timestamp>1958.827936</timestamp>
			</report>
			<report>
				<misses>199700001</misses>
				<total>0</total>
				<timestamp>1959.817808</timestamp>
			</report>
			<report>
				<misses>199800001</misses>
				<total>0</total>
				<timestamp>1960.807132</timestamp>
			</report>
			<report>
				<misses>199900001</misses>
				<total>0</total>
				<timestamp>1961.796278</timestamp>
			</report>
			<report>
				<misses>200000001</misses>
				<total>0</total>
				<timestamp>1962.785584</timestamp>
			</report>
			<report>
				<misses>200100001</misses>
				<total>0</total>
				<timestamp>1963.774826</timestamp>
			</report>
			<report>
				<misses>200200001</misses>
				<total>0</total>
				<timestamp>1964.764431</timestamp>
			</report>
			<report>
				<misses>200300001</misses>
				<total>0</total>
				<timestamp>1965.755512</timestamp>
			</report>
			<report>
				<misses>200400001</misses>
				<total>0</total>
				<timestamp>1966.736595</timestamp>
			</report>
			<report>
				<misses>200500001</misses>
				<total>0</total>
				<timestamp>1967.715011</timestamp>
			</report>
			<report>
				<misses>200600001</misses>
				<total>0</total>
				<timestamp>1968.620144</timestamp>
			</report>
			<report>
				<misses>200700001</misses>
				<total>0</total>
				<timestamp>1969.517266</timestamp>
			</report>
			<report>
				<misses>200800001</misses>
				<total>0</total>
				<timestamp>1970.433719</timestamp>
			</report>
			<report>
				<misses>200900001</misses>
				<total>0</total>
				<timestamp>1971.354187</timestamp>
			</report>
			<report>
				<misses>201000001</misses>
				<total>0</total>
				<timestamp>1972.284482</timestamp>
			</report>
			<report>
				<misses>201100001</misses>
				<total>0</total>
				<timestamp>1973.212697</timestamp>
			</report>
			<report>
				<misses>201200001</misses>
				<total>0</total>
				<timestamp>1974.144905</timestamp>
			</report>
			<report>
				<misses>201300001</misses>
				<total>0</total>
				<timestamp>1975.074001</timestamp>
			</report>
			<report>
				<misses>201400001</misses>
				<total>0</total>
				<timestamp>1976.002638</timestamp>
			</report>
			<report>
				<misses>201500001</misses>
				<total>0</total>
				<timestamp>1976.931495</timestamp>
			</report>
			<report>
				<misses>201600001</misses>
				<total>0</total>
				<timestamp>1977.863128</timestamp>
			</report>
			<report>
				<misses>201700001</misses>
				<total>0</total>
				<timestamp>1978.793663</timestamp>
			</report>
			<report>
				<misses>201800001</misses>
				<total>0</total>
				<timestamp>1979.727054</timestamp>
			</report>
			<report>
				<misses>201900001</misses>
				<total>0</total>
				<timestamp>1980.657449</timestamp>
			</report>
			<report>
				<misses>202000001</misses>
				<total>0</total>
				<timestamp>1981.590104</timestamp>
			</report>
			<report>
				<misses>202100001</misses>
				<total>0</total>
				<timestamp>1982.523381</timestamp>
			</report>
			<report>
				<misses>202200001</misses>
				<total>0</total>
				<timestamp>1983.457451</timestamp>
			</report>
			<report>
				<misses>202300001</misses>
				<total>0</total>
				<timestamp>1984.388731</timestamp>
			</report>
			<report>
				<misses>202400001</misses>
				<total>0</total>
				<timestamp>1985.316478</timestamp>
			</report>
			<report>
				<misses>202500001</misses>
				<total>0</total>
				<timestamp>1986.234241</timestamp>
			</report>
			<report>
				<misses>202600001</misses>
				<total>0</total>
				<timestamp>1987.153973</timestamp>
			</report>
			<report>
				<misses>202700001</misses>
				<total>0</total>
				<timestamp>1988.073753</timestamp>
			</report>
			<report>
				<misses>202800001</misses>
				<total>0</total>
				<timestamp>1988.992614</timestamp>
			</report>
			<report>
				<misses>202900001</misses>
				<total>0</total>
				<timestamp>1989.912959</timestamp>
			</report>
			<report>
				<misses>203000001</misses>
				<total>0</total>
				<timestamp>1990.835418</timestamp>
			</report>
			<report>
				<misses>203100001</misses>
				<total>0</total>
				<timestamp>1991.753960</timestamp>
			</report>
			<report>
				<misses>203200001</misses>
				<total>0</total>
				<timestamp>1992.672758</timestamp>
			</report>
			<report>
				<misses>203300001</misses>
				<total>0</total>
				<timestamp>1993.593117</timestamp>
			</report>
			<report>
				<misses>203400001</misses>
				<total>0</total>
				<timestamp>1994.513723</timestamp>
			</report>
			<report>
				<misses>203500001</misses>
				<total>0</total>
				<timestamp>1995.434128</timestamp>
			</report>
			<report>
				<misses>203600001</misses>
				<total>0</total>
				<timestamp>1996.415117</timestamp>
			</report>
			<report>
				<misses>203700001</misses>
				<total>0</total>
				<timestamp>1997.400004</timestamp>
			</report>
			<report>
				<misses>203800001</misses>
				<total>0</total>
				<timestamp>1998.385151</timestamp>
			</report>
			<report>
				<misses>203900001</misses>
				<total>0</total>
				<timestamp>1999.370100</timestamp>
			</report>
			<report>
				<misses>204000001</misses>
				<total>0</total>
				<timestamp>2000.355204</timestamp>
			</report>
			<report>
				<misses>204100001</misses>
				<total>0</total>
				<timestamp>2001.341787</timestamp>
			</report>
			<report>
				<misses>204200001</misses>
				<total>0</total>
				<timestamp>2002.327310</timestamp>
			</report>
			<report>
				<misses>204300001</misses>
				<total>0</total>
				<timestamp>2003.313594</timestamp>
			</report>
			<report>
				<misses>204400001</misses>
				<total>0</total>
				<timestamp>2004.299904</timestamp>
			</report>
			<report>
				<misses>204500001</misses>
				<total>0</total>
				<timestamp>2005.286555</timestamp>
			</report>
			<report>
				<misses>204600001</misses>
				<total>0</total>
				<timestamp>2006.272966</timestamp>
			</report>
			<report>
				<misses>204700001</misses>
				<total>0</total>
				<timestamp>2007.260933</timestamp>
			</report>
			<report>
				<misses>204800001</misses>
				<total>0</total>
				<timestamp>2008.248960</timestamp>
			</report>
			<report>
				<misses>204900001</misses>
				<total>0</total>
				<timestamp>2009.237690</timestamp>
			</report>
			<report>
				<misses>205000001</misses>
				<total>0</total>
				<timestamp>2010.225922</timestamp>
			</report>
			<report>
				<misses>205100001</misses>
				<total>0</total>
				<timestamp>2011.214151</timestamp>
			</report>
			<report>
				<misses>205200001</misses>
				<total>0</total>
				<timestamp>2012.202312</timestamp>
			</report>
			<report>
				<misses>205300001</misses>
				<total>0</total>
				<timestamp>2013.191102</timestamp>
			</report>
			<report>
				<misses>205400001</misses>
				<total>0</total>
				<timestamp>2014.179219</timestamp>
			</report>
			<report>
				<misses>205500001</misses>
				<total>0</total>
				<timestamp>2015.167697</timestamp>
			</report>
			<report>
				<misses>205600001</misses>
				<total>0</total>
				<timestamp>2016.156533</timestamp>
			</report>
			<report>
				<misses>205700001</misses>
				<total>0</total>
				<timestamp>2017.135681</timestamp>
			</report>
			<report>
				<misses>205800001</misses>
				<total>0</total>
				<timestamp>2018.109678</timestamp>
			</report>
			<report>
				<misses>205900001</misses>
				<total>0</total>
				<timestamp>2019.083925</timestamp>
			</report>
			<report>
				<misses>206000001</misses>
				<total>0</total>
				<timestamp>2020.064587</timestamp>
			</report>
			<report>
				<misses>206100001</misses>
				<total>0</total>
				<timestamp>2021.052973</timestamp>
			</report>
			<report>
				<misses>206200001</misses>
				<total>0</total>
				<timestamp>2022.041718</timestamp>
			</report>
			<report>
				<misses>206300001</misses>
				<total>0</total>
				<timestamp>2023.030813</timestamp>
			</report>
			<report>
				<misses>206400001</misses>
				<total>0</total>
				<timestamp>2024.019471</timestamp>
			</report>
			<report>
				<misses>206500001</misses>
				<total>0</total>
				<timestamp>2025.008932</timestamp>
			</report>
			<report>
				<misses>206600001</misses>
				<total>0</total>
				<timestamp>2025.998292</timestamp>
			</report>
			<report>
				<misses>206700001</misses>
				<total>0</total>
				<timestamp>2026.988466</timestamp>
			</report>
			<report>
				<misses>206800001</misses>
				<total>0</total>
				<timestamp>2027.978241</timestamp>
			</report>
			<report>
				<misses>206900001</misses>
				<total>0</total>
				<timestamp>2028.967868</timestamp>
			</report>
			<report>
				<misses>207000001</misses>
				<total>0</total>
				<timestamp>2029.957560</timestamp>
			</report>
			<report>
				<misses>207100001</misses>
				<total>0</total>
				<timestamp>2030.946603</timestamp>
			</report>
			<report>
				<misses>207200001</misses>
				<total>0</total>
				<timestamp>2031.935419</timestamp>
			</report>
			<report>
				<misses>207300001</misses>
				<total>0</total>
				<timestamp>2032.924384</timestamp>
			</report>
			<report>
				<misses>207400001</misses>
				<total>0</total>
				<timestamp>2033.914552</timestamp>
			</report>
			<report>
				<misses>207500001</misses>
				<total>0</total>
				<timestamp>2034.904086</timestamp>
			</report>
			<report>
				<misses>207600001</misses>
				<total>0</total>
				<timestamp>2035.893263</timestamp>
			</report>
			<report>
				<misses>207700001</misses>
				<total>0</total>
				<timestamp>2036.881859</timestamp>
			</report>
			<report>
				<misses>207800001</misses>
				<total>0</total>
				<timestamp>2037.871279</timestamp>
			</report>
			<report>
				<misses>207900001</misses>
				<total>0</total>
				<timestamp>2038.860555</timestamp>
			</report>
			<report>
				<misses>208000001</misses>
				<total>0</total>
				<timestamp>2039.849728</timestamp>
			</report>
			<report>
				<misses>208100001</misses>
				<total>0</total>
				<timestamp>2040.838908</timestamp>
			</report>
			<report>
				<misses>208200001</misses>
				<total>0</total>
				<timestamp>2041.828163</timestamp>
			</report>
			<report>
				<misses>208300001</misses>
				<total>0</total>
				<timestamp>2042.817441</timestamp>
			</report>
			<report>
				<misses>208400001</misses>
				<total>0</total>
				<timestamp>2043.806898</timestamp>
			</report>
			<report>
				<misses>208500001</misses>
				<total>0</total>
				<timestamp>2044.796775</timestamp>
			</report>
			<report>
				<misses>208600001</misses>
				<total>0</total>
				<timestamp>2045.785686</timestamp>
			</report>
			<report>
				<misses>208700001</misses>
				<total>0</total>
				<timestamp>2046.775290</timestamp>
			</report>
			<report>
				<misses>208800001</misses>
				<total>0</total>
				<timestamp>2047.764543</timestamp>
			</report>
			<report>
				<misses>208900001</misses>
				<total>0</total>
				<timestamp>2048.753652</timestamp>
			</report>
			<report>
				<misses>209000001</misses>
				<total>0</total>
				<timestamp>2049.742255</timestamp>
			</report>
			<report>
				<misses>209100001</misses>
				<total>0</total>
				<timestamp>2050.731595</timestamp>
			</report>
			<report>
				<misses>209200001</misses>
				<total>0</total>
				<timestamp>2051.721312</timestamp>
			</report>
			<report>
				<misses>209300001</misses>
				<total>0</total>
				<timestamp>2052.710428</timestamp>
			</report>
			<report>
				<misses>209400001</misses>
				<total>0</total>
				<timestamp>2053.699170</timestamp>
			</report>
			<report>
				<misses>209500001</misses>
				<total>0</total>
				<timestamp>2054.687994</timestamp>
			</report>
			<report>
				<misses>209600001</misses>
				<total>0</total>
				<timestamp>2055.677617</timestamp>
			</report>
			<report>
				<misses>209700001</misses>
				<total>0</total>
				<timestamp>2056.666977</timestamp>
			</report>
			<report>
				<misses>209800001</misses>
				<total>0</total>
				<timestamp>2057.656550</timestamp>
			</report>
			<report>
				<misses>209900001</misses>
				<total>0</total>
				<timestamp>2058.645320</timestamp>
			</report>
			<report>
				<misses>210000001</misses>
				<total>0</total>
				<timestamp>2059.634455</timestamp>
			</report>
			<report>
				<misses>210100001</misses>
				<total>0</total>
				<timestamp>2060.623712</timestamp>
			</report>
			<report>
				<misses>210200001</misses>
				<total>0</total>
				<timestamp>2061.613474</timestamp>
			</report>
			<report>
				<misses>210300001</misses>
				<total>0</total>
				<timestamp>2062.602636</timestamp>
			</report>
			<report>
				<misses>210400001</misses>
				<total>0</total>
				<timestamp>2063.592239</timestamp>
			</report>
			<report>
				<misses>210500001</misses>
				<total>0</total>
				<timestamp>2064.581397</timestamp>
			</report>
			<report>
				<misses>210600001</misses>
				<total>0</total>
				<timestamp>2065.571044</timestamp>
			</report>
			<report>
				<misses>210700001</misses>
				<total>0</total>
				<timestamp>2066.560344</timestamp>
			</report>
			<report>
				<misses>210800001</misses>
				<total>0</total>
				<timestamp>2067.549224</timestamp>
			</report>
			<report>
				<misses>210900001</misses>
				<total>0</total>
				<timestamp>2068.538669</timestamp>
			</report>
			<report>
				<misses>211000001</misses>
				<total>0</total>
				<timestamp>2069.527901</timestamp>
			</report>
			<report>
				<misses>211100001</misses>
				<total>0</total>
				<timestamp>2070.517959</timestamp>
			</report>
			<report>
				<misses>211200001</misses>
				<total>0</total>
				<timestamp>2071.508012</timestamp>
			</report>
			<report>
				<misses>211300001</misses>
				<total>0</total>
				<timestamp>2072.497512</timestamp>
			</report>
			<report>
				<misses>211400001</misses>
				<total>0</total>
				<timestamp>2073.487440</timestamp>
			</report>
			<report>
				<misses>211500001</misses>
				<total>0</total>
				<timestamp>2074.477488</timestamp>
			</report>
			<report>
				<misses>211600001</misses>
				<total>0</total>
				<timestamp>2075.467137</timestamp>
			</report>
			<report>
				<misses>211700001</misses>
				<total>0</total>
				<timestamp>2076.456992</timestamp>
			</report>
			<report>
				<misses>211800001</misses>
				<total>0</total>
				<timestamp>2077.446224</timestamp>
			</report>
			<report>
				<misses>211900001</misses>
				<total>0</total>
				<timestamp>2078.435190</timestamp>
			</report>
			<report>
				<misses>212000001</misses>
				<total>0</total>
				<timestamp>2079.424855</timestamp>
			</report>
			<report>
				<misses>212100001</misses>
				<total>0</total>
				<timestamp>2080.414608</timestamp>
			</report>
			<report>
				<misses>212200001</misses>
				<total>0</total>
				<timestamp>2081.404218</timestamp>
			</report>
			<report>
				<misses>212300001</misses>
				<total>0</total>
				<timestamp>2082.393519</timestamp>
			</report>
			<report>
				<misses>212400001</misses>
				<total>0</total>
				<timestamp>2083.382731</timestamp>
			</report>
			<report>
				<misses>212500001</misses>
				<total>0</total>
				<timestamp>2084.371161</timestamp>
			</report>
			<report>
				<misses>212600001</misses>
				<total>0</total>
				<timestamp>2085.360146</timestamp>
			</report>
			<report>
				<misses>212700001</misses>
				<total>0</total>
				<timestamp>2086.349424</timestamp>
			</report>
			<report>
				<misses>212800001</misses>
				<total>0</total>
				<timestamp>2087.338587</timestamp>
			</report>
			<report>
				<misses>212900001</misses>
				<total>0</total>
				<timestamp>2088.328031</timestamp>
			</report>
			<report>
				<misses>213000001</misses>
				<total>0</total>
				<timestamp>2089.317424</timestamp>
			</report>
			<report>
				<misses>213100001</misses>
				<total>0</total>
				<timestamp>2090.306907</timestamp>
			</report>
			<report>
				<misses>213200001</misses>
				<total>0</total>
				<timestamp>2091.296197</timestamp>
			</report>
			<report>
				<misses>213300001</misses>
				<total>0</total>
				<timestamp>2092.286167</timestamp>
			</report>
			<report>
				<misses>213400001</misses>
				<total>0</total>
				<timestamp>2093.274917</timestamp>
			</report>
			<report>
				<misses>213500001</misses>
				<total>0</total>
				<timestamp>2094.264295</timestamp>
			</report>
			<report>
				<misses>213600001</misses>
				<total>0</total>
				<timestamp>2095.252922</timestamp>
			</report>
			<report>
				<misses>213700001</misses>
				<total>0</total>
				<timestamp>2096.242143</timestamp>
			</report>
			<report>
				<misses>213800001</misses>
				<total>0</total>
				<timestamp>2097.231154</timestamp>
			</report>
			<report>
				<misses>213900001</misses>
				<total>0</total>
				<timestamp>2098.220404</timestamp>
			</report>
			<report>
				<misses>214000001</misses>
				<total>0</total>
				<timestamp>2099.209257</timestamp>
			</report>
			<report>
				<misses>214100001</misses>
				<total>0</total>
				<timestamp>2100.198743</timestamp>
			</report>
			<report>
				<misses>214200001</misses>
				<total>0</total>
				<timestamp>2101.187934</timestamp>
			</report>
			<report>
				<misses>214300001</misses>
				<total>0</total>
				<timestamp>2102.177383</timestamp>
			</report>
			<report>
				<misses>214400001</misses>
				<total>0</total>
				<timestamp>2103.167079</timestamp>
			</report>
			<report>
				<misses>214500001</misses>
				<total>0</total>
				<timestamp>2104.156577</timestamp>
			</report>
			<report>
				<misses>214600001</misses>
				<total>0</total>
				<timestamp>2105.146095</timestamp>
			</report>
			<report>
				<misses>214700001</misses>
				<total>0</total>
				<timestamp>2106.134989</timestamp>
			</report>
			<report>
				<misses>214800001</misses>
				<total>0</total>
				<timestamp>2107.124231</timestamp>
			</report>
			<report>
				<misses>214900001</misses>
				<total>0</total>
				<timestamp>2108.114523</timestamp>
			</report>
			<report>
				<misses>215000001</misses>
				<total>0</total>
				<timestamp>2109.104565</timestamp>
			</report>
			<report>
				<misses>215100001</misses>
				<total>0</total>
				<timestamp>2110.093837</timestamp>
			</report>
			<report>
				<misses>215200001</misses>
				<total>0</total>
				<timestamp>2111.083036</timestamp>
			</report>
			<report>
				<misses>215300001</misses>
				<total>0</total>
				<timestamp>2112.072029</timestamp>
			</report>
			<report>
				<misses>215400001</misses>
				<total>0</total>
				<timestamp>2113.061761</timestamp>
			</report>
			<report>
				<misses>215500001</misses>
				<total>0</total>
				<timestamp>2114.051404</timestamp>
			</report>
			<report>
				<misses>215600001</misses>
				<total>0</total>
				<timestamp>2115.040923</timestamp>
			</report>
			<report>
				<misses>215700001</misses>
				<total>0</total>
				<timestamp>2116.031470</timestamp>
			</report>
			<report>
				<misses>215800001</misses>
				<total>0</total>
				<timestamp>2116.969613</timestamp>
			</report>
			<report>
				<misses>215900001</misses>
				<total>0</total>
				<timestamp>2117.906182</timestamp>
			</report>
			<report>
				<misses>216000001</misses>
				<total>0</total>
				<timestamp>2118.842941</timestamp>
			</report>
			<report>
				<misses>216100001</misses>
				<total>0</total>
				<timestamp>2119.778213</timestamp>
			</report>
			<report>
				<misses>216200001</misses>
				<total>0</total>
				<timestamp>2120.712573</timestamp>
			</report>
			<report>
				<misses>216300001</misses>
				<total>0</total>
				<timestamp>2121.646298</timestamp>
			</report>
			<report>
				<misses>216400001</misses>
				<total>0</total>
				<timestamp>2122.585095</timestamp>
			</report>
			<report>
				<misses>216500001</misses>
				<total>0</total>
				<timestamp>2123.521105</timestamp>
			</report>
			<report>
				<misses>216600001</misses>
				<total>0</total>
				<timestamp>2124.456713</timestamp>
			</report>
			<report>
				<misses>216700001</misses>
				<total>0</total>
				<timestamp>2125.392612</timestamp>
			</report>
			<report>
				<misses>216800001</misses>
				<total>0</total>
				<timestamp>2126.328577</timestamp>
			</report>
			<report>
				<misses>216900001</misses>
				<total>0</total>
				<timestamp>2127.261616</timestamp>
			</report>
			<report>
				<misses>217000001</misses>
				<total>0</total>
				<timestamp>2128.196061</timestamp>
			</report>
			<report>
				<misses>217100001</misses>
				<total>0</total>
				<timestamp>2129.131115</timestamp>
			</report>
			<report>
				<misses>217200001</misses>
				<total>0</total>
				<timestamp>2130.067477</timestamp>
			</report>
			<report>
				<misses>217300001</misses>
				<total>0</total>
				<timestamp>2131.002655</timestamp>
			</report>
			<report>
				<misses>217400001</misses>
				<total>0</total>
				<timestamp>2131.938552</timestamp>
			</report>
			<report>
				<misses>217500001</misses>
				<total>0</total>
				<timestamp>2132.873858</timestamp>
			</report>
			<report>
				<misses>217600001</misses>
				<total>0</total>
				<timestamp>2133.810283</timestamp>
			</report>
			<report>
				<misses>217700001</misses>
				<total>0</total>
				<timestamp>2134.745235</timestamp>
			</report>
			<report>
				<misses>217800001</misses>
				<total>0</total>
				<timestamp>2135.681113</timestamp>
			</report>
			<report>
				<misses>217900001</misses>
				<total>0</total>
				<timestamp>2136.618467</timestamp>
			</report>
			<report>
				<misses>218000001</misses>
				<total>0</total>
				<timestamp>2137.555200</timestamp>
			</report>
			<report>
				<misses>218100001</misses>
				<total>0</total>
				<timestamp>2138.487668</timestamp>
			</report>
			<report>
				<misses>218200001</misses>
				<total>0</total>
				<timestamp>2139.419152</timestamp>
			</report>
			<report>
				<misses>218300001</misses>
				<total>0</total>
				<timestamp>2140.351764</timestamp>
			</report>
			<report>
				<misses>218400001</misses>
				<total>0</total>
				<timestamp>2141.286908</timestamp>
			</report>
			<report>
				<misses>218500001</misses>
				<total>0</total>
				<timestamp>2142.222365</timestamp>
			</report>
			<report>
				<misses>218600001</misses>
				<total>0</total>
				<timestamp>2143.157347</timestamp>
			</report>
			<report>
				<misses>218700001</misses>
				<total>0</total>
				<timestamp>2144.093377</timestamp>
			</report>
			<report>
				<misses>218800001</misses>
				<total>0</total>
				<timestamp>2145.025817</timestamp>
			</report>
			<report>
				<misses>218900001</misses>
				<total>0</total>
				<timestamp>2145.961284</timestamp>
			</report>
			<report>
				<misses>219000001</misses>
				<total>0</total>
				<timestamp>2146.895873</timestamp>
			</report>
			<report>
				<misses>219100001</misses>
				<total>0</total>
				<timestamp>2147.829956</timestamp>
			</report>
			<report>
				<misses>219200001</misses>
				<total>0</total>
				<timestamp>2148.764938</timestamp>
			</report>
			<report>
				<misses>219300001</misses>
				<total>0</total>
				<timestamp>2149.692630</timestamp>
			</report>
			<report>
				<misses>219400001</misses>
				<total>0</total>
				<timestamp>2150.625953</timestamp>
			</report>
			<report>
				<misses>219500001</misses>
				<total>0</total>
				<timestamp>2151.560839</timestamp>
			</report>
			<report>
				<misses>219600001</misses>
				<total>0</total>
				<timestamp>2152.498952</timestamp>
			</report>
			<report>
				<misses>219700001</misses>
				<total>0</total>
				<timestamp>2153.433370</timestamp>
			</report>
			<report>
				<misses>219800001</misses>
				<total>0</total>
				<timestamp>2154.368525</timestamp>
			</report>
			<report>
				<misses>219900001</misses>
				<total>0</total>
				<timestamp>2155.303523</timestamp>
			</report>
			<report>
				<misses>220000001</misses>
				<total>0</total>
				<timestamp>2156.239933</timestamp>
			</report>
			<report>
				<misses>220100001</misses>
				<total>0</total>
				<timestamp>2157.172659</timestamp>
			</report>
			<report>
				<misses>220200001</misses>
				<total>0</total>
				<timestamp>2158.106833</timestamp>
			</report>
			<report>
				<misses>220300001</misses>
				<total>0</total>
				<timestamp>2159.041646</timestamp>
			</report>
			<report>
				<misses>220400001</misses>
				<total>0</total>
				<timestamp>2159.976936</timestamp>
			</report>
			<report>
				<misses>220500001</misses>
				<total>0</total>
				<timestamp>2160.914667</timestamp>
			</report>
			<report>
				<misses>220600001</misses>
				<total>0</total>
				<timestamp>2161.851866</timestamp>
			</report>
			<report>
				<misses>220700001</misses>
				<total>0</total>
				<timestamp>2162.790047</timestamp>
			</report>
			<report>
				<misses>220800001</misses>
				<total>0</total>
				<timestamp>2163.725334</timestamp>
			</report>
			<report>
				<misses>220900001</misses>
				<total>0</total>
				<timestamp>2164.662114</timestamp>
			</report>
			<report>
				<misses>221000001</misses>
				<total>0</total>
				<timestamp>2165.598566</timestamp>
			</report>
			<report>
				<misses>221100001</misses>
				<total>0</total>
				<timestamp>2166.533607</timestamp>
			</report>
			<report>
				<misses>221200001</misses>
				<total>0</total>
				<timestamp>2167.470781</timestamp>
			</report>
			<report>
				<misses>221300001</misses>
				<total>0</total>
				<timestamp>2168.406944</timestamp>
			</report>
			<report>
				<misses>221400001</misses>
				<total>0</total>
				<timestamp>2169.342051</timestamp>
			</report>
			<report>
				<misses>221500001</misses>
				<total>0</total>
				<timestamp>2170.279006</timestamp>
			</report>
			<report>
				<misses>221600001</misses>
				<total>0</total>
				<timestamp>2171.215645</timestamp>
			</report>
			<report>
				<misses>221700001</misses>
				<total>0</total>
				<timestamp>2172.151966</timestamp>
			</report>
			<report>
				<misses>221800001</misses>
				<total>0</total>
				<timestamp>2173.088170</timestamp>
			</report>
			<report>
				<misses>221900001</misses>
				<total>0</total>
				<timestamp>2174.023672</timestamp>
			</report>
			<report>
				<misses>222000001</misses>
				<total>0</total>
				<timestamp>2174.960099</timestamp>
			</report>
			<report>
				<misses>222100001</misses>
				<total>0</total>
				<timestamp>2175.895601</timestamp>
			</report>
			<report>
				<misses>222200001</misses>
				<total>0</total>
				<timestamp>2176.831784</timestamp>
			</report>
			<report>
				<misses>222300001</misses>
				<total>0</total>
				<timestamp>2177.765834</timestamp>
			</report>
			<report>
				<misses>222400001</misses>
				<total>0</total>
				<timestamp>2178.701473</timestamp>
			</report>
			<report>
				<misses>222500001</misses>
				<total>0</total>
				<timestamp>2179.636963</timestamp>
			</report>
			<report>
				<misses>222600001</misses>
				<total>0</total>
				<timestamp>2180.570906</timestamp>
			</report>
			<report>
				<misses>222700001</misses>
				<total>0</total>
				<timestamp>2181.505564</timestamp>
			</report>
			<report>
				<misses>222800001</misses>
				<total>0</total>
				<timestamp>2182.441918</timestamp>
			</report>
			<report>
				<misses>222900001</misses>
				<total>0</total>
				<timestamp>2183.378005</timestamp>
			</report>
			<report>
				<misses>223000001</misses>
				<total>0</total>
				<timestamp>2184.313221</timestamp>
			</report>
			<report>
				<misses>223100001</misses>
				<total>0</total>
				<timestamp>2185.250428</timestamp>
			</report>
			<report>
				<misses>223200001</misses>
				<total>0</total>
				<timestamp>2186.185150</timestamp>
			</report>
			<report>
				<misses>223300001</misses>
				<total>0</total>
				<timestamp>2187.122831</timestamp>
			</report>
			<report>
				<misses>223400001</misses>
				<total>0</total>
				<timestamp>2188.058117</timestamp>
			</report>
			<report>
				<misses>223500001</misses>
				<total>0</total>
				<timestamp>2188.992566</timestamp>
			</report>
			<report>
				<misses>223600001</misses>
				<total>0</total>
				<timestamp>2189.929667</timestamp>
			</report>
			<report>
				<misses>223700001</misses>
				<total>0</total>
				<timestamp>2190.864409</timestamp>
			</report>
			<report>
				<misses>223800001</misses>
				<total>0</total>
				<timestamp>2191.801089</timestamp>
			</report>
			<report>
				<misses>223900001</misses>
				<total>0</total>
				<timestamp>2192.736389</timestamp>
			</report>
			<report>
				<misses>224000001</misses>
				<total>0</total>
				<timestamp>2193.671918</timestamp>
			</report>
			<report>
				<misses>224100001</misses>
				<total>0</total>
				<timestamp>2194.607866</timestamp>
			</report>
			<report>
				<misses>224200001</misses>
				<total>0</total>
				<timestamp>2195.544209</timestamp>
			</report>
			<report>
				<misses>224300001</misses>
				<total>0</total>
				<timestamp>2196.479292</timestamp>
			</report>
			<report>
				<misses>224400001</misses>
				<total>0</total>
				<timestamp>2197.413939</timestamp>
			</report>
			<report>
				<misses>224500001</misses>
				<total>0</total>
				<timestamp>2198.350402</timestamp>
			</report>
			<report>
				<misses>224600001</misses>
				<total>0</total>
				<timestamp>2199.283325</timestamp>
			</report>
			<report>
				<misses>224700001</misses>
				<total>0</total>
				<timestamp>2200.220961</timestamp>
			</report>
			<report>
				<misses>224800001</misses>
				<total>0</total>
				<timestamp>2201.157159</timestamp>
			</report>
			<report>
				<misses>224900001</misses>
				<total>0</total>
				<timestamp>2202.091501</timestamp>
			</report>
			<report>
				<misses>225000001</misses>
				<total>0</total>
				<timestamp>2203.028865</timestamp>
			</report>
			<report>
				<misses>225100001</misses>
				<total>0</total>
				<timestamp>2203.962333</timestamp>
			</report>
			<report>
				<misses>225200001</misses>
				<total>0</total>
				<timestamp>2204.900865</timestamp>
			</report>
			<report>
				<misses>225300001</misses>
				<total>0</total>
				<timestamp>2205.837792</timestamp>
			</report>
			<report>
				<misses>225400001</misses>
				<total>0</total>
				<timestamp>2206.776548</timestamp>
			</report>
			<report>
				<misses>225500001</misses>
				<total>0</total>
				<timestamp>2207.705587</timestamp>
			</report>
			<report>
				<misses>225600001</misses>
				<total>0</total>
				<timestamp>2208.642153</timestamp>
			</report>
			<report>
				<misses>225700001</misses>
				<total>0</total>
				<timestamp>2209.579512</timestamp>
			</report>
			<report>
				<misses>225800001</misses>
				<total>0</total>
				<timestamp>2210.513221</timestamp>
			</report>
			<report>
				<misses>225900001</misses>
				<total>0</total>
				<timestamp>2211.449684</timestamp>
			</report>
			<report>
				<misses>226000001</misses>
				<total>0</total>
				<timestamp>2212.385743</timestamp>
			</report>
			<report>
				<misses>226100001</misses>
				<total>0</total>
				<timestamp>2213.322030</timestamp>
			</report>
			<report>
				<misses>226200001</misses>
				<total>0</total>
				<timestamp>2214.258102</timestamp>
			</report>
			<report>
				<misses>226300001</misses>
				<total>0</total>
				<timestamp>2215.192242</timestamp>
			</report>
			<report>
				<misses>226400001</misses>
				<total>0</total>
				<timestamp>2216.128782</timestamp>
			</report>
			<report>
				<misses>226500001</misses>
				<total>0</total>
				<timestamp>2217.062283</timestamp>
			</report>
			<report>
				<misses>226600001</misses>
				<total>0</total>
				<timestamp>2217.996718</timestamp>
			</report>
			<report>
				<misses>226700001</misses>
				<total>0</total>
				<timestamp>2218.933641</timestamp>
			</report>
			<report>
				<misses>226800001</misses>
				<total>0</total>
				<timestamp>2219.869572</timestamp>
			</report>
			<report>
				<misses>226900001</misses>
				<total>0</total>
				<timestamp>2220.803532</timestamp>
			</report>
			<report>
				<misses>227000001</misses>
				<total>0</total>
				<timestamp>2221.739422</timestamp>
			</report>
			<report>
				<misses>227100001</misses>
				<total>0</total>
				<timestamp>2222.677099</timestamp>
			</report>
			<report>
				<misses>227200001</misses>
				<total>0</total>
				<timestamp>2223.613886</timestamp>
			</report>
			<report>
				<misses>227300001</misses>
				<total>0</total>
				<timestamp>2224.549479</timestamp>
			</report>
			<report>
				<misses>227400001</misses>
				<total>0</total>
				<timestamp>2225.486564</timestamp>
			</report>
			<report>
				<misses>227500001</misses>
				<total>0</total>
				<timestamp>2226.423904</timestamp>
			</report>
			<report>
				<misses>227600001</misses>
				<total>0</total>
				<timestamp>2227.359848</timestamp>
			</report>
			<report>
				<misses>227700001</misses>
				<total>0</total>
				<timestamp>2228.295440</timestamp>
			</report>
			<report>
				<misses>227800001</misses>
				<total>0</total>
				<timestamp>2229.230993</timestamp>
			</report>
			<report>
				<misses>227900001</misses>
				<total>0</total>
				<timestamp>2230.167371</timestamp>
			</report>
			<report>
				<misses>228000001</misses>
				<total>0</total>
				<timestamp>2231.101969</timestamp>
			</report>
			<report>
				<misses>228100001</misses>
				<total>0</total>
				<timestamp>2232.039818</timestamp>
			</report>
			<report>
				<misses>228200001</misses>
				<total>0</total>
				<timestamp>2232.974621</timestamp>
			</report>
			<report>
				<misses>228300001</misses>
				<total>0</total>
				<timestamp>2233.909406</timestamp>
			</report>
			<report>
				<misses>228400001</misses>
				<total>0</total>
				<timestamp>2234.845280</timestamp>
			</report>
			<report>
				<misses>228500001</misses>
				<total>0</total>
				<timestamp>2235.778641</timestamp>
			</report>
			<report>
				<misses>228600001</misses>
				<total>0</total>
				<timestamp>2236.716206</timestamp>
			</report>
			<report>
				<misses>228700001</misses>
				<total>0</total>
				<timestamp>2237.654010</timestamp>
			</report>
			<report>
				<misses>228800001</misses>
				<total>0</total>
				<timestamp>2238.590858</timestamp>
			</report>
			<report>
				<misses>228900001</misses>
				<total>0</total>
				<timestamp>2239.527188</timestamp>
			</report>
			<report>
				<misses>229000001</misses>
				<total>0</total>
				<timestamp>2240.465174</timestamp>
			</report>
			<report>
				<misses>229100001</misses>
				<total>0</total>
				<timestamp>2241.402585</timestamp>
			</report>
			<report>
				<misses>229200001</misses>
				<total>0</total>
				<timestamp>2242.340123</timestamp>
			</report>
			<report>
				<misses>229300001</misses>
				<total>0</total>
				<timestamp>2243.274113</timestamp>
			</report>
			<report>
				<misses>229400001</misses>
				<total>0</total>
				<timestamp>2244.208410</timestamp>
			</report>
			<report>
				<misses>229500001</misses>
				<total>0</total>
				<timestamp>2245.142803</timestamp>
			</report>
			<report>
				<misses>229600001</misses>
				<total>0</total>
				<timestamp>2246.079088</timestamp>
			</report>
			<report>
				<misses>229700001</misses>
				<total>0</total>
				<timestamp>2247.014552</timestamp>
			</report>
			<report>
				<misses>229800001</misses>
				<total>0</total>
				<timestamp>2247.950800</timestamp>
			</report>
			<report>
				<misses>229900001</misses>
				<total>0</total>
				<timestamp>2248.886276</timestamp>
			</report>
			<report>
				<misses>230000001</misses>
				<total>0</total>
				<timestamp>2249.819657</timestamp>
			</report>
			<report>
				<misses>230100001</misses>
				<total>0</total>
				<timestamp>2250.758601</timestamp>
			</report>
			<report>
				<misses>230200001</misses>
				<total>0</total>
				<timestamp>2251.693093</timestamp>
			</report>
			<report>
				<misses>230300001</misses>
				<total>0</total>
				<timestamp>2252.626227</timestamp>
			</report>
			<report>
				<misses>230400001</misses>
				<total>0</total>
				<timestamp>2253.560822</timestamp>
			</report>
			<report>
				<misses>230500001</misses>
				<total>0</total>
				<timestamp>2254.495032</timestamp>
			</report>
			<report>
				<misses>230600001</misses>
				<total>0</total>
				<timestamp>2255.428977</timestamp>
			</report>
			<report>
				<misses>230700001</misses>
				<total>0</total>
				<timestamp>2256.363413</timestamp>
			</report>
			<report>
				<misses>230800001</misses>
				<total>0</total>
				<timestamp>2257.300560</timestamp>
			</report>
			<report>
				<misses>230900001</misses>
				<total>0</total>
				<timestamp>2258.235320</timestamp>
			</report>
			<report>
				<misses>231000001</misses>
				<total>0</total>
				<timestamp>2259.171030</timestamp>
			</report>
			<report>
				<misses>231100001</misses>
				<total>0</total>
				<timestamp>2260.106720</timestamp>
			</report>
			<report>
				<misses>231200001</misses>
				<total>0</total>
				<timestamp>2261.041899</timestamp>
			</report>
			<report>
				<misses>231300001</misses>
				<total>0</total>
				<timestamp>2261.977416</timestamp>
			</report>
			<report>
				<misses>231400001</misses>
				<total>0</total>
				<timestamp>2262.913439</timestamp>
			</report>
			<report>
				<misses>231500001</misses>
				<total>0</total>
				<timestamp>2263.849733</timestamp>
			</report>
			<report>
				<misses>231600001</misses>
				<total>0</total>
				<timestamp>2264.784340</timestamp>
			</report>
			<report>
				<misses>231700001</misses>
				<total>0</total>
				<timestamp>2265.719182</timestamp>
			</report>
			<report>
				<misses>231800001</misses>
				<total>0</total>
				<timestamp>2266.652995</timestamp>
			</report>
			<report>
				<misses>231900001</misses>
				<total>0</total>
				<timestamp>2267.587897</timestamp>
			</report>
			<report>
				<misses>232000001</misses>
				<total>0</total>
				<timestamp>2268.514039</timestamp>
			</report>
			<report>
				<misses>232100001</misses>
				<total>0</total>
				<timestamp>2269.443259</timestamp>
			</report>
			<report>
				<misses>232200001</misses>
				<total>0</total>
				<timestamp>2270.380915</timestamp>
			</report>
			<report>
				<misses>232300001</misses>
				<total>0</total>
				<timestamp>2271.316773</timestamp>
			</report>
			<report>
				<misses>232400001</misses>
				<total>0</total>
				<timestamp>2272.251990</timestamp>
			</report>
			<report>
				<misses>232500001</misses>
				<total>0</total>
				<timestamp>2273.188407</timestamp>
			</report>
			<report>
				<misses>232600001</misses>
				<total>0</total>
				<timestamp>2274.125252</timestamp>
			</report>
			<report>
				<misses>232700001</misses>
				<total>0</total>
				<timestamp>2275.060472</timestamp>
			</report>
			<report>
				<misses>232800001</misses>
				<total>0</total>
				<timestamp>2275.996543</timestamp>
			</report>
			<report>
				<misses>232900001</misses>
				<total>0</total>
				<timestamp>2276.935248</timestamp>
			</report>
			<report>
				<misses>233000001</misses>
				<total>0</total>
				<timestamp>2277.869673</timestamp>
			</report>
			<report>
				<misses>233100001</misses>
				<total>0</total>
				<timestamp>2278.804945</timestamp>
			</report>
			<report>
				<misses>233200001</misses>
				<total>0</total>
				<timestamp>2279.742428</timestamp>
			</report>
			<report>
				<misses>233300001</misses>
				<total>0</total>
				<timestamp>2280.677344</timestamp>
			</report>
			<report>
				<misses>233400001</misses>
				<total>0</total>
				<timestamp>2281.614025</timestamp>
			</report>
			<report>
				<misses>233500001</misses>
				<total>0</total>
				<timestamp>2282.551685</timestamp>
			</report>
			<report>
				<misses>233600001</misses>
				<total>0</total>
				<timestamp>2283.487937</timestamp>
			</report>
			<report>
				<misses>233700001</misses>
				<total>0</total>
				<timestamp>2284.424564</timestamp>
			</report>
			<report>
				<misses>233800001</misses>
				<total>0</total>
				<timestamp>2285.362288</timestamp>
			</report>
			<report>
				<misses>233900001</misses>
				<total>0</total>
				<timestamp>2286.299508</timestamp>
			</report>
			<report>
				<misses>234000001</misses>
				<total>0</total>
				<timestamp>2287.236602</timestamp>
			</report>
			<report>
				<misses>234100001</misses>
				<total>0</total>
				<timestamp>2288.173609</timestamp>
			</report>
			<report>
				<misses>234200001</misses>
				<total>0</total>
				<timestamp>2289.108238</timestamp>
			</report>
			<report>
				<misses>234300001</misses>
				<total>0</total>
				<timestamp>2290.044781</timestamp>
			</report>
			<report>
				<misses>234400001</misses>
				<total>0</total>
				<timestamp>2290.980958</timestamp>
			</report>
			<report>
				<misses>234500001</misses>
				<total>0</total>
				<timestamp>2291.918303</timestamp>
			</report>
			<report>
				<misses>234600001</misses>
				<total>0</total>
				<timestamp>2292.849331</timestamp>
			</report>
			<report>
				<misses>234700001</misses>
				<total>0</total>
				<timestamp>2293.787718</timestamp>
			</report>
			<report>
				<misses>234800001</misses>
				<total>0</total>
				<timestamp>2294.724372</timestamp>
			</report>
			<report>
				<misses>234900001</misses>
				<total>0</total>
				<timestamp>2295.662933</timestamp>
			</report>
			<report>
				<misses>235000001</misses>
				<total>0</total>
				<timestamp>2296.598066</timestamp>
			</report>
			<report>
				<misses>235100001</misses>
				<total>0</total>
				<timestamp>2297.533290</timestamp>
			</report>
			<report>
				<misses>235200001</misses>
				<total>0</total>
				<timestamp>2298.466324</timestamp>
			</report>
			<report>
				<misses>235300001</misses>
				<total>0</total>
				<timestamp>2299.403892</timestamp>
			</report>
			<report>
				<misses>235400001</misses>
				<total>0</total>
				<timestamp>2300.340502</timestamp>
			</report>
			<report>
				<misses>235500001</misses>
				<total>0</total>
				<timestamp>2301.278180</timestamp>
			</report>
			<report>
				<misses>235600001</misses>
				<total>0</total>
				<timestamp>2302.216093</timestamp>
			</report>
			<report>
				<misses>235700001</misses>
				<total>0</total>
				<timestamp>2303.154831</timestamp>
			</report>
			<report>
				<misses>235800001</misses>
				<total>0</total>
				<timestamp>2304.090530</timestamp>
			</report>
			<report>
				<misses>235900001</misses>
				<total>0</total>
				<timestamp>2305.025809</timestamp>
			</report>
			<report>
				<misses>236000001</misses>
				<total>0</total>
				<timestamp>2305.962402</timestamp>
			</report>
			<report>
				<misses>236100001</misses>
				<total>0</total>
				<timestamp>2306.897582</timestamp>
			</report>
			<report>
				<misses>236200001</misses>
				<total>0</total>
				<timestamp>2307.837282</timestamp>
			</report>
			<report>
				<misses>236300001</misses>
				<total>0</total>
				<timestamp>2308.773396</timestamp>
			</report>
			<report>
				<misses>236400001</misses>
				<total>0</total>
				<timestamp>2309.710590</timestamp>
			</report>
			<report>
				<misses>236500001</misses>
				<total>0</total>
				<timestamp>2310.647046</timestamp>
			</report>
			<report>
				<misses>236600001</misses>
				<total>0</total>
				<timestamp>2311.584885</timestamp>
			</report>
			<report>
				<misses>236700001</misses>
				<total>0</total>
				<timestamp>2312.523959</timestamp>
			</report>
			<report>
				<misses>236800001</misses>
				<total>0</total>
				<timestamp>2313.458512</timestamp>
			</report>
			<report>
				<misses>236900001</misses>
				<total>0</total>
				<timestamp>2314.391485</timestamp>
			</report>
			<report>
				<misses>237000001</misses>
				<total>0</total>
				<timestamp>2315.327111</timestamp>
			</report>
			<report>
				<misses>237100001</misses>
				<total>0</total>
				<timestamp>2316.263571</timestamp>
			</report>
			<report>
				<misses>237200001</misses>
				<total>0</total>
				<timestamp>2317.194409</timestamp>
			</report>
			<report>
				<misses>237300001</misses>
				<total>0</total>
				<timestamp>2318.130990</timestamp>
			</report>
			<report>
				<misses>237400001</misses>
				<total>0</total>
				<timestamp>2319.067776</timestamp>
			</report>
			<report>
				<misses>237500001</misses>
				<total>0</total>
				<timestamp>2320.004334</timestamp>
			</report>
			<report>
				<misses>237600001</misses>
				<total>0</total>
				<timestamp>2320.941305</timestamp>
			</report>
			<report>
				<misses>237700001</misses>
				<total>0</total>
				<timestamp>2321.878514</timestamp>
			</report>
			<report>
				<misses>237800001</misses>
				<total>0</total>
				<timestamp>2322.813255</timestamp>
			</report>
			<report>
				<misses>237900001</misses>
				<total>0</total>
				<timestamp>2323.749978</timestamp>
			</report>
			<report>
				<misses>238000001</misses>
				<total>0</total>
				<timestamp>2324.684228</timestamp>
			</report>
			<report>
				<misses>238100001</misses>
				<total>0</total>
				<timestamp>2325.621643</timestamp>
			</report>
			<report>
				<misses>238200001</misses>
				<total>0</total>
				<timestamp>2326.558580</timestamp>
			</report>
			<report>
				<misses>238300001</misses>
				<total>0</total>
				<timestamp>2327.494403</timestamp>
			</report>
			<report>
				<misses>238400001</misses>
				<total>0</total>
				<timestamp>2328.431666</timestamp>
			</report>
			<report>
				<misses>238500001</misses>
				<total>0</total>
				<timestamp>2329.365734</timestamp>
			</report>
			<report>
				<misses>238600001</misses>
				<total>0</total>
				<timestamp>2330.302860</timestamp>
			</report>
			<report>
				<misses>238700001</misses>
				<total>0</total>
				<timestamp>2331.241261</timestamp>
			</report>
			<report>
				<misses>238800001</misses>
				<total>0</total>
				<timestamp>2332.178846</timestamp>
			</report>
			<report>
				<misses>238900001</misses>
				<total>0</total>
				<timestamp>2333.113547</timestamp>
			</report>
			<report>
				<misses>239000001</misses>
				<total>0</total>
				<timestamp>2334.050811</timestamp>
			</report>
			<report>
				<misses>239100001</misses>
				<total>0</total>
				<timestamp>2334.987699</timestamp>
			</report>
			<report>
				<misses>239200001</misses>
				<total>0</total>
				<timestamp>2335.924132</timestamp>
			</report>
			<report>
				<misses>239300001</misses>
				<total>0</total>
				<timestamp>2336.858561</timestamp>
			</report>
			<report>
				<misses>239400001</misses>
				<total>0</total>
				<timestamp>2337.795102</timestamp>
			</report>
			<report>
				<misses>239500001</misses>
				<total>0</total>
				<timestamp>2338.732077</timestamp>
			</report>
			<report>
				<misses>239600001</misses>
				<total>0</total>
				<timestamp>2339.667644</timestamp>
			</report>
			<report>
				<misses>239700001</misses>
				<total>0</total>
				<timestamp>2340.603583</timestamp>
			</report>
			<report>
				<misses>239800001</misses>
				<total>0</total>
				<timestamp>2341.537110</timestamp>
			</report>
			<report>
				<misses>239900001</misses>
				<total>0</total>
				<timestamp>2342.472637</timestamp>
			</report>
			<report>
				<misses>240000001</misses>
				<total>0</total>
				<timestamp>2343.409479</timestamp>
			</report>
			<report>
				<misses>240100001</misses>
				<total>0</total>
				<timestamp>2344.344760</timestamp>
			</report>
			<report>
				<misses>240200001</misses>
				<total>0</total>
				<timestamp>2345.278686</timestamp>
			</report>
			<report>
				<misses>240300001</misses>
				<total>0</total>
				<timestamp>2346.212678</timestamp>
			</report>
			<report>
				<misses>240400001</misses>
				<total>0</total>
				<timestamp>2347.147268</timestamp>
			</report>
			<report>
				<misses>240500001</misses>
				<total>0</total>
				<timestamp>2348.082350</timestamp>
			</report>
			<report>
				<misses>240600001</misses>
				<total>0</total>
				<timestamp>2349.019198</timestamp>
			</report>
			<report>
				<misses>240700001</misses>
				<total>0</total>
				<timestamp>2349.956514</timestamp>
			</report>
			<report>
				<misses>240800001</misses>
				<total>0</total>
				<timestamp>2350.891380</timestamp>
			</report>
			<report>
				<misses>240900001</misses>
				<total>0</total>
				<timestamp>2351.828239</timestamp>
			</report>
			<report>
				<misses>241000001</misses>
				<total>0</total>
				<timestamp>2352.762955</timestamp>
			</report>
			<report>
				<misses>241100001</misses>
				<total>0</total>
				<timestamp>2353.691399</timestamp>
			</report>
			<report>
				<misses>241200001</misses>
				<total>0</total>
				<timestamp>2354.626860</timestamp>
			</report>
			<report>
				<misses>241300001</misses>
				<total>0</total>
				<timestamp>2355.562953</timestamp>
			</report>
			<report>
				<misses>241400001</misses>
				<total>0</total>
				<timestamp>2356.495528</timestamp>
			</report>
			<report>
				<misses>241500001</misses>
				<total>0</total>
				<timestamp>2357.430331</timestamp>
			</report>
			<report>
				<misses>241600001</misses>
				<total>0</total>
				<timestamp>2358.365248</timestamp>
			</report>
			<report>
				<misses>241700001</misses>
				<total>0</total>
				<timestamp>2359.301455</timestamp>
			</report>
			<report>
				<misses>241800001</misses>
				<total>0</total>
				<timestamp>2360.238223</timestamp>
			</report>
			<report>
				<misses>241900001</misses>
				<total>0</total>
				<timestamp>2361.174085</timestamp>
			</report>
			<report>
				<misses>242000001</misses>
				<total>0</total>
				<timestamp>2362.112882</timestamp>
			</report>
			<report>
				<misses>242100001</misses>
				<total>0</total>
				<timestamp>2363.048643</timestamp>
			</report>
			<report>
				<misses>242200001</misses>
				<total>0</total>
				<timestamp>2363.985225</timestamp>
			</report>
			<report>
				<misses>242300001</misses>
				<total>0</total>
				<timestamp>2364.921150</timestamp>
			</report>
			<report>
				<misses>242400001</misses>
				<total>0</total>
				<timestamp>2365.857745</timestamp>
			</report>
			<report>
				<misses>242500001</misses>
				<total>0</total>
				<timestamp>2366.793152</timestamp>
			</report>
			<report>
				<misses>242600001</misses>
				<total>0</total>
				<timestamp>2367.729051</timestamp>
			</report>
			<report>
				<misses>242700001</misses>
				<total>0</total>
				<timestamp>2368.664514</timestamp>
			</report>
			<report>
				<misses>242800001</misses>
				<total>0</total>
				<timestamp>2369.599044</timestamp>
			</report>
			<report>
				<misses>242900001</misses>
				<total>0</total>
				<timestamp>2370.535232</timestamp>
			</report>
			<report>
				<misses>243000001</misses>
				<total>0</total>
				<timestamp>2371.470438</timestamp>
			</report>
			<report>
				<misses>243100001</misses>
				<total>0</total>
				<timestamp>2372.406625</timestamp>
			</report>
			<report>
				<misses>243200001</misses>
				<total>0</total>
				<timestamp>2373.339951</timestamp>
			</report>
			<report>
				<misses>243300001</misses>
				<total>0</total>
				<timestamp>2374.276110</timestamp>
			</report>
			<report>
				<misses>243400001</misses>
				<total>0</total>
				<timestamp>2375.210153</timestamp>
			</report>
			<report>
				<misses>243500001</misses>
				<total>0</total>
				<timestamp>2376.147422</timestamp>
			</report>
			<report>
				<misses>243600001</misses>
				<total>0</total>
				<timestamp>2377.083789</timestamp>
			</report>
			<report>
				<misses>243700001</misses>
				<total>0</total>
				<timestamp>2378.021013</timestamp>
			</report>
			<report>
				<misses>243800001</misses>
				<total>0</total>
				<timestamp>2378.957168</timestamp>
			</report>
			<report>
				<misses>243900001</misses>
				<total>0</total>
				<timestamp>2379.893641</timestamp>
			</report>
			<report>
				<misses>244000001</misses>
				<total>0</total>
				<timestamp>2380.828773</timestamp>
			</report>
			<report>
				<misses>244100001</misses>
				<total>0</total>
				<timestamp>2381.763521</timestamp>
			</report>
			<report>
				<misses>244200001</misses>
				<total>0</total>
				<timestamp>2382.699806</timestamp>
			</report>
			<report>
				<misses>244300001</misses>
				<total>0</total>
				<timestamp>2383.635585</timestamp>
			</report>
			<report>
				<misses>244400001</misses>
				<total>0</total>
				<timestamp>2384.569374</timestamp>
			</report>
			<report>
				<misses>244500001</misses>
				<total>0</total>
				<timestamp>2385.503539</timestamp>
			</report>
			<report>
				<misses>244600001</misses>
				<total>0</total>
				<timestamp>2386.435127</timestamp>
			</report>
			<report>
				<misses>244700001</misses>
				<total>0</total>
				<timestamp>2387.372619</timestamp>
			</report>
			<report>
				<misses>244800001</misses>
				<total>0</total>
				<timestamp>2388.305334</timestamp>
			</report>
			<report>
				<misses>244900001</misses>
				<total>0</total>
				<timestamp>2389.240306</timestamp>
			</report>
			<report>
				<misses>245000001</misses>
				<total>0</total>
				<timestamp>2390.175240</timestamp>
			</report>
			<report>
				<misses>245100001</misses>
				<total>0</total>
				<timestamp>2391.109327</timestamp>
			</report>
			<report>
				<misses>245200001</misses>
				<total>0</total>
				<timestamp>2392.047462</timestamp>
			</report>
			<report>
				<misses>245300001</misses>
				<total>0</total>
				<timestamp>2392.983493</timestamp>
			</report>
			<report>
				<misses>245400001</misses>
				<total>0</total>
				<timestamp>2393.918272</timestamp>
			</report>
			<report>
				<misses>245500001</misses>
				<total>0</total>
				<timestamp>2394.854129</timestamp>
			</report>
			<report>
				<misses>245600001</misses>
				<total>0</total>
				<timestamp>2395.791316</timestamp>
			</report>
			<report>
				<misses>245700001</misses>
				<total>0</total>
				<timestamp>2396.725968</timestamp>
			</report>
			<report>
				<misses>245800001</misses>
				<total>0</total>
				<timestamp>2397.663453</timestamp>
			</report>
			<report>
				<misses>245900001</misses>
				<total>0</total>
				<timestamp>2398.597198</timestamp>
			</report>
			<report>
				<misses>246000001</misses>
				<total>0</total>
				<timestamp>2399.533686</timestamp>
			</report>
			<report>
				<misses>246100001</misses>
				<total>0</total>
				<timestamp>2400.467654</timestamp>
			</report>
			<report>
				<misses>246200001</misses>
				<total>0</total>
				<timestamp>2401.399793</timestamp>
			</report>
			<report>
				<misses>246300001</misses>
				<total>0</total>
				<timestamp>2402.333551</timestamp>
			</report>
			<report>
				<misses>246400001</misses>
				<total>0</total>
				<timestamp>2403.268696</timestamp>
			</report>
			<report>
				<misses>246500001</misses>
				<total>0</total>
				<timestamp>2404.206592</timestamp>
			</report>
			<report>
				<misses>246600001</misses>
				<total>0</total>
				<timestamp>2405.142907</timestamp>
			</report>
			<report>
				<misses>246700001</misses>
				<total>0</total>
				<timestamp>2406.076323</timestamp>
			</report>
			<report>
				<misses>246800001</misses>
				<total>0</total>
				<timestamp>2407.011665</timestamp>
			</report>
			<report>
				<misses>246900001</misses>
				<total>0</total>
				<timestamp>2407.947575</timestamp>
			</report>
			<report>
				<misses>247000001</misses>
				<total>0</total>
				<timestamp>2408.881178</timestamp>
			</report>
			<report>
				<misses>247100001</misses>
				<total>0</total>
				<timestamp>2409.817202</timestamp>
			</report>
			<report>
				<misses>247200001</misses>
				<total>0</total>
				<timestamp>2410.751934</timestamp>
			</report>
			<report>
				<misses>247300001</misses>
				<total>0</total>
				<timestamp>2411.689039</timestamp>
			</report>
			<report>
				<misses>247400001</misses>
				<total>0</total>
				<timestamp>2412.626916</timestamp>
			</report>
			<report>
				<misses>247500001</misses>
				<total>0</total>
				<timestamp>2413.561591</timestamp>
			</report>
			<report>
				<misses>247600001</misses>
				<total>0</total>
				<timestamp>2414.494970</timestamp>
			</report>
			<report>
				<misses>247700001</misses>
				<total>0</total>
				<timestamp>2415.431212</timestamp>
			</report>
			<report>
				<misses>247800001</misses>
				<total>0</total>
				<timestamp>2416.367562</timestamp>
			</report>
			<report>
				<misses>247900001</misses>
				<total>0</total>
				<timestamp>2417.302745</timestamp>
			</report>
			<report>
				<misses>248000001</misses>
				<total>0</total>
				<timestamp>2418.236231</timestamp>
			</report>
			<report>
				<misses>248100001</misses>
				<total>0</total>
				<timestamp>2419.169829</timestamp>
			</report>
			<report>
				<misses>248200001</misses>
				<total>0</total>
				<timestamp>2420.105841</timestamp>
			</report>
			<report>
				<misses>248300001</misses>
				<total>0</total>
				<timestamp>2421.041700</timestamp>
			</report>
			<report>
				<misses>248400001</misses>
				<total>0</total>
				<timestamp>2421.977710</timestamp>
			</report>
			<report>
				<misses>248500001</misses>
				<total>0</total>
				<timestamp>2422.913535</timestamp>
			</report>
			<report>
				<misses>248600001</misses>
				<total>0</total>
				<timestamp>2423.848861</timestamp>
			</report>
			<report>
				<misses>248700001</misses>
				<total>0</total>
				<timestamp>2424.785144</timestamp>
			</report>
			<report>
				<misses>248800001</misses>
				<total>0</total>
				<timestamp>2425.721594</timestamp>
			</report>
			<report>
				<misses>248900001</misses>
				<total>0</total>
				<timestamp>2426.657687</timestamp>
			</report>
			<report>
				<misses>249000001</misses>
				<total>0</total>
				<timestamp>2427.595292</timestamp>
			</report>
			<report>
				<misses>249100001</misses>
				<total>0</total>
				<timestamp>2428.529938</timestamp>
			</report>
			<report>
				<misses>249200001</misses>
				<total>0</total>
				<timestamp>2429.464707</timestamp>
			</report>
			<report>
				<misses>249300001</misses>
				<total>0</total>
				<timestamp>2430.400298</timestamp>
			</report>
			<report>
				<misses>249400001</misses>
				<total>0</total>
				<timestamp>2431.332101</timestamp>
			</report>
			<report>
				<misses>249500001</misses>
				<total>0</total>
				<timestamp>2432.264520</timestamp>
			</report>
			<report>
				<misses>249600001</misses>
				<total>0</total>
				<timestamp>2433.200490</timestamp>
			</report>
			<report>
				<misses>249700001</misses>
				<total>0</total>
				<timestamp>2434.134325</timestamp>
			</report>
			<report>
				<misses>249800001</misses>
				<total>0</total>
				<timestamp>2435.068699</timestamp>
			</report>
			<report>
				<misses>249900001</misses>
				<total>0</total>
				<timestamp>2436.001140</timestamp>
			</report>
			<report>
				<misses>250000001</misses>
				<total>0</total>
				<timestamp>2436.936412</timestamp>
			</report>
			<report>
				<misses>250100001</misses>
				<total>0</total>
				<timestamp>2437.867797</timestamp>
			</report>
			<report>
				<misses>250200001</misses>
				<total>0</total>
				<timestamp>2438.798228</timestamp>
			</report>
			<report>
				<misses>250300001</misses>
				<total>0</total>
				<timestamp>2439.735022</timestamp>
			</report>
			<report>
				<misses>250400001</misses>
				<total>0</total>
				<timestamp>2440.670963</timestamp>
			</report>
			<report>
				<misses>250500001</misses>
				<total>0</total>
				<timestamp>2441.606399</timestamp>
			</report>
			<report>
				<misses>250600001</misses>
				<total>0</total>
				<timestamp>2442.541868</timestamp>
			</report>
			<report>
				<misses>250700001</misses>
				<total>0</total>
				<timestamp>2443.476203</timestamp>
			</report>
			<report>
				<misses>250800001</misses>
				<total>0</total>
				<timestamp>2444.413119</timestamp>
			</report>
			<report>
				<misses>250900001</misses>
				<total>0</total>
				<timestamp>2445.345419</timestamp>
			</report>
			<report>
				<misses>251000001</misses>
				<total>0</total>
				<timestamp>2446.276185</timestamp>
			</report>
			<report>
				<misses>251100001</misses>
				<total>0</total>
				<timestamp>2447.204566</timestamp>
			</report>
			<report>
				<misses>251200001</misses>
				<total>0</total>
				<timestamp>2448.138003</timestamp>
			</report>
			<report>
				<misses>251300001</misses>
				<total>0</total>
				<timestamp>2449.074385</timestamp>
			</report>
			<report>
				<misses>251400001</misses>
				<total>0</total>
				<timestamp>2450.006105</timestamp>
			</report>
			<report>
				<misses>251500001</misses>
				<total>0</total>
				<timestamp>2450.941039</timestamp>
			</report>
			<report>
				<misses>251600001</misses>
				<total>0</total>
				<timestamp>2451.874011</timestamp>
			</report>
			<report>
				<misses>251700001</misses>
				<total>0</total>
				<timestamp>2452.807691</timestamp>
			</report>
			<report>
				<misses>251800001</misses>
				<total>0</total>
				<timestamp>2453.742091</timestamp>
			</report>
			<report>
				<misses>251900001</misses>
				<total>0</total>
				<timestamp>2454.677516</timestamp>
			</report>
			<report>
				<misses>252000001</misses>
				<total>0</total>
				<timestamp>2455.613972</timestamp>
			</report>
			<report>
				<misses>252100001</misses>
				<total>0</total>
				<timestamp>2456.549031</timestamp>
			</report>
			<report>
				<misses>252200001</misses>
				<total>0</total>
				<timestamp>2457.482577</timestamp>
			</report>
			<report>
				<misses>252300001</misses>
				<total>0</total>
				<timestamp>2458.418038</timestamp>
			</report>
			<report>
				<misses>252400001</misses>
				<total>0</total>
				<timestamp>2459.353358</timestamp>
			</report>
			<report>
				<misses>252500001</misses>
				<total>0</total>
				<timestamp>2460.287875</timestamp>
			</report>
			<report>
				<misses>252600001</misses>
				<total>0</total>
				<timestamp>2461.220636</timestamp>
			</report>
			<report>
				<misses>252700001</misses>
				<total>0</total>
				<timestamp>2462.153305</timestamp>
			</report>
			<report>
				<misses>252800001</misses>
				<total>0</total>
				<timestamp>2463.086077</timestamp>
			</report>
			<report>
				<misses>252900001</misses>
				<total>0</total>
				<timestamp>2464.016964</timestamp>
			</report>
			<report>
				<misses>253000001</misses>
				<total>0</total>
				<timestamp>2464.952976</timestamp>
			</report>
			<report>
				<misses>253100001</misses>
				<total>0</total>
				<timestamp>2465.884697</timestamp>
			</report>
			<report>
				<misses>253200001</misses>
				<total>0</total>
				<timestamp>2466.821351</timestamp>
			</report>
			<report>
				<misses>253300001</misses>
				<total>0</total>
				<timestamp>2467.755920</timestamp>
			</report>
			<report>
				<misses>253400001</misses>
				<total>0</total>
				<timestamp>2468.693739</timestamp>
			</report>
			<report>
				<misses>253500001</misses>
				<total>0</total>
				<timestamp>2469.627917</timestamp>
			</report>
			<report>
				<misses>253600001</misses>
				<total>0</total>
				<timestamp>2470.566280</timestamp>
			</report>
			<report>
				<misses>253700001</misses>
				<total>0</total>
				<timestamp>2471.501931</timestamp>
			</report>
			<report>
				<misses>253800001</misses>
				<total>0</total>
				<timestamp>2472.437628</timestamp>
			</report>
			<report>
				<misses>253900001</misses>
				<total>0</total>
				<timestamp>2473.373536</timestamp>
			</report>
			<report>
				<misses>254000001</misses>
				<total>0</total>
				<timestamp>2474.310168</timestamp>
			</report>
			<report>
				<misses>254100001</misses>
				<total>0</total>
				<timestamp>2475.244103</timestamp>
			</report>
			<report>
				<misses>254200001</misses>
				<total>0</total>
				<timestamp>2476.179267</timestamp>
			</report>
			<report>
				<misses>254300001</misses>
				<total>0</total>
				<timestamp>2477.115641</timestamp>
			</report>
			<report>
				<misses>254400001</misses>
				<total>0</total>
				<timestamp>2478.051339</timestamp>
			</report>
			<report>
				<misses>254500001</misses>
				<total>0</total>
				<timestamp>2478.989873</timestamp>
			</report>
			<report>
				<misses>254600001</misses>
				<total>0</total>
				<timestamp>2479.925263</timestamp>
			</report>
			<report>
				<misses>254700001</misses>
				<total>0</total>
				<timestamp>2480.860230</timestamp>
			</report>
			<report>
				<misses>254800001</misses>
				<total>0</total>
				<timestamp>2481.797392</timestamp>
			</report>
			<report>
				<misses>254900001</misses>
				<total>0</total>
				<timestamp>2482.733995</timestamp>
			</report>
			<report>
				<misses>255000001</misses>
				<total>0</total>
				<timestamp>2483.669086</timestamp>
			</report>
			<report>
				<misses>255100001</misses>
				<total>0</total>
				<timestamp>2484.603048</timestamp>
			</report>
			<report>
				<misses>255200001</misses>
				<total>0</total>
				<timestamp>2485.538811</timestamp>
			</report>
			<report>
				<misses>255300001</misses>
				<total>0</total>
				<timestamp>2486.476894</timestamp>
			</report>
			<report>
				<misses>255400001</misses>
				<total>0</total>
				<timestamp>2487.412343</timestamp>
			</report>
			<report>
				<misses>255500001</misses>
				<total>0</total>
				<timestamp>2488.350324</timestamp>
			</report>
			<report>
				<misses>255600001</misses>
				<total>0</total>
				<timestamp>2489.287976</timestamp>
			</report>
			<report>
				<misses>255700001</misses>
				<total>0</total>
				<timestamp>2490.226847</timestamp>
			</report>
			<report>
				<misses>255800001</misses>
				<total>0</total>
				<timestamp>2491.162622</timestamp>
			</report>
			<report>
				<misses>255900001</misses>
				<total>0</total>
				<timestamp>2492.098686</timestamp>
			</report>
			<report>
				<misses>256000001</misses>
				<total>0</total>
				<timestamp>2493.036105</timestamp>
			</report>
			<report>
				<misses>256100001</misses>
				<total>0</total>
				<timestamp>2493.972558</timestamp>
			</report>
			<report>
				<misses>256200001</misses>
				<total>0</total>
				<timestamp>2494.907952</timestamp>
			</report>
			<report>
				<misses>256300001</misses>
				<total>0</total>
				<timestamp>2495.844168</timestamp>
			</report>
			<report>
				<misses>256400001</misses>
				<total>0</total>
				<timestamp>2496.778510</timestamp>
			</report>
			<report>
				<misses>256500001</misses>
				<total>0</total>
				<timestamp>2497.714706</timestamp>
			</report>
			<report>
				<misses>256600001</misses>
				<total>0</total>
				<timestamp>2498.651121</timestamp>
			</report>
			<report>
				<misses>256700001</misses>
				<total>0</total>
				<timestamp>2499.588899</timestamp>
			</report>
			<report>
				<misses>256800001</misses>
				<total>0</total>
				<timestamp>2500.521108</timestamp>
			</report>
			<report>
				<misses>256900001</misses>
				<total>0</total>
				<timestamp>2501.456309</timestamp>
			</report>
			<report>
				<misses>257000001</misses>
				<total>0</total>
				<timestamp>2502.393469</timestamp>
			</report>
			<report>
				<misses>257100001</misses>
				<total>0</total>
				<timestamp>2503.327770</timestamp>
			</report>
			<report>
				<misses>257200001</misses>
				<total>0</total>
				<timestamp>2504.258909</timestamp>
			</report>
			<report>
				<misses>257300001</misses>
				<total>0</total>
				<timestamp>2505.192701</timestamp>
			</report>
			<report>
				<misses>257400001</misses>
				<total>0</total>
				<timestamp>2506.129337</timestamp>
			</report>
			<report>
				<misses>257500001</misses>
				<total>0</total>
				<timestamp>2507.063928</timestamp>
			</report>
			<report>
				<misses>257600001</misses>
				<total>0</total>
				<timestamp>2507.998517</timestamp>
			</report>
			<report>
				<misses>257700001</misses>
				<total>0</total>
				<timestamp>2508.934220</timestamp>
			</report>
			<report>
				<misses>257800001</misses>
				<total>0</total>
				<timestamp>2509.867600</timestamp>
			</report>
			<report>
				<misses>257900001</misses>
				<total>0</total>
				<timestamp>2510.802375</timestamp>
			</report>
			<report>
				<misses>258000001</misses>
				<total>0</total>
				<timestamp>2511.736845</timestamp>
			</report>
			<report>
				<misses>258100001</misses>
				<total>0</total>
				<timestamp>2512.671893</timestamp>
			</report>
			<report>
				<misses>258200001</misses>
				<total>0</total>
				<timestamp>2513.606382</timestamp>
			</report>
			<report>
				<misses>258300001</misses>
				<total>0</total>
				<timestamp>2514.541441</timestamp>
			</report>
			<report>
				<misses>258400001</misses>
				<total>0</total>
				<timestamp>2515.477719</timestamp>
			</report>
			<report>
				<misses>258500001</misses>
				<total>0</total>
				<timestamp>2516.414007</timestamp>
			</report>
			<report>
				<misses>258600001</misses>
				<total>0</total>
				<timestamp>2517.352233</timestamp>
			</report>
			<report>
				<misses>258700001</misses>
				<total>0</total>
				<timestamp>2518.288305</timestamp>
			</report>
			<report>
				<misses>258800001</misses>
				<total>0</total>
				<timestamp>2519.224040</timestamp>
			</report>
			<report>
				<misses>258900001</misses>
				<total>0</total>
				<timestamp>2520.161692</timestamp>
			</report>
			<report>
				<misses>259000001</misses>
				<total>0</total>
				<timestamp>2521.097828</timestamp>
			</report>
			<report>
				<misses>259100001</misses>
				<total>0</total>
				<timestamp>2522.035878</timestamp>
			</report>
			<report>
				<misses>259200001</misses>
				<total>0</total>
				<timestamp>2522.971162</timestamp>
			</report>
			<report>
				<misses>259300001</misses>
				<total>0</total>
				<timestamp>2523.906209</timestamp>
			</report>
			<report>
				<misses>259400001</misses>
				<total>0</total>
				<timestamp>2524.839719</timestamp>
			</report>
			<report>
				<misses>259500001</misses>
				<total>0</total>
				<timestamp>2525.774938</timestamp>
			</report>
			<report>
				<misses>259600001</misses>
				<total>0</total>
				<timestamp>2526.710346</timestamp>
			</report>
			<report>
				<misses>259700001</misses>
				<total>0</total>
				<timestamp>2527.645753</timestamp>
			</report>
			<report>
				<misses>259800001</misses>
				<total>0</total>
				<timestamp>2528.584147</timestamp>
			</report>
			<report>
				<misses>259900001</misses>
				<total>0</total>
				<timestamp>2529.519283</timestamp>
			</report>
			<report>
				<misses>260000001</misses>
				<total>0</total>
				<timestamp>2530.453954</timestamp>
			</report>
			<report>
				<misses>260100001</misses>
				<total>0</total>
				<timestamp>2531.391582</timestamp>
			</report>
			<report>
				<misses>260200001</misses>
				<total>0</total>
				<timestamp>2532.327666</timestamp>
			</report>
			<report>
				<misses>260300001</misses>
				<total>0</total>
				<timestamp>2533.261497</timestamp>
			</report>
			<report>
				<misses>260400001</misses>
				<total>0</total>
				<timestamp>2534.194876</timestamp>
			</report>
			<report>
				<misses>260500001</misses>
				<total>0</total>
				<timestamp>2535.130350</timestamp>
			</report>
			<report>
				<misses>260600001</misses>
				<total>0</total>
				<timestamp>2536.066287</timestamp>
			</report>
			<report>
				<misses>260700001</misses>
				<total>0</total>
				<timestamp>2537.000555</timestamp>
			</report>
			<report>
				<misses>260800001</misses>
				<total>0</total>
				<timestamp>2537.934350</timestamp>
			</report>
			<report>
				<misses>260900001</misses>
				<total>0</total>
				<timestamp>2538.872442</timestamp>
			</report>
			<report>
				<misses>261000001</misses>
				<total>0</total>
				<timestamp>2539.810970</timestamp>
			</report>
			<report>
				<misses>261100001</misses>
				<total>0</total>
				<timestamp>2540.748659</timestamp>
			</report>
			<report>
				<misses>261200001</misses>
				<total>0</total>
				<timestamp>2541.683886</timestamp>
			</report>
			<report>
				<misses>261300001</misses>
				<total>0</total>
				<timestamp>2542.620738</timestamp>
			</report>
			<report>
				<misses>261400001</misses>
				<total>0</total>
				<timestamp>2543.556944</timestamp>
			</report>
			<report>
				<misses>261500001</misses>
				<total>0</total>
				<timestamp>2544.490983</timestamp>
			</report>
			<report>
				<misses>261600001</misses>
				<total>0</total>
				<timestamp>2545.427081</timestamp>
			</report>
			<report>
				<misses>261700001</misses>
				<total>0</total>
				<timestamp>2546.362056</timestamp>
			</report>
			<report>
				<misses>261800001</misses>
				<total>0</total>
				<timestamp>2547.295786</timestamp>
			</report>
			<report>
				<misses>261900001</misses>
				<total>0</total>
				<timestamp>2548.229610</timestamp>
			</report>
			<report>
				<misses>262000001</misses>
				<total>0</total>
				<timestamp>2549.165007</timestamp>
			</report>
			<report>
				<misses>262100001</misses>
				<total>0</total>
				<timestamp>2550.099194</timestamp>
			</report>
			<report>
				<misses>262200001</misses>
				<total>0</total>
				<timestamp>2551.031215</timestamp>
			</report>
			<report>
				<misses>262300001</misses>
				<total>0</total>
				<timestamp>2551.965771</timestamp>
			</report>
			<report>
				<misses>262400001</misses>
				<total>0</total>
				<timestamp>2552.903716</timestamp>
			</report>
			<report>
				<misses>262500001</misses>
				<total>0</total>
				<timestamp>2553.838818</timestamp>
			</report>
			<report>
				<misses>262600001</misses>
				<total>0</total>
				<timestamp>2554.772543</timestamp>
			</report>
			<report>
				<misses>262700001</misses>
				<total>0</total>
				<timestamp>2555.706271</timestamp>
			</report>
			<report>
				<misses>262800001</misses>
				<total>0</total>
				<timestamp>2556.641680</timestamp>
			</report>
			<report>
				<misses>262900001</misses>
				<total>0</total>
				<timestamp>2557.577761</timestamp>
			</report>
			<report>
				<misses>263000001</misses>
				<total>0</total>
				<timestamp>2558.511599</timestamp>
			</report>
			<report>
				<misses>263100001</misses>
				<total>0</total>
				<timestamp>2559.448244</timestamp>
			</report>
			<report>
				<misses>263200001</misses>
				<total>0</total>
				<timestamp>2560.383676</timestamp>
			</report>
			<report>
				<misses>263300001</misses>
				<total>0</total>
				<timestamp>2561.320300</timestamp>
			</report>
			<report>
				<misses>263400001</misses>
				<total>0</total>
				<timestamp>2562.257087</timestamp>
			</report>
			<report>
				<misses>263500001</misses>
				<total>0</total>
				<timestamp>2563.187490</timestamp>
			</report>
			<report>
				<misses>263600001</misses>
				<total>0</total>
				<timestamp>2564.120581</timestamp>
			</report>
			<report>
				<misses>263700001</misses>
				<total>0</total>
				<timestamp>2565.056838</timestamp>
			</report>
			<report>
				<misses>263800001</misses>
				<total>0</total>
				<timestamp>2565.992341</timestamp>
			</report>
			<report>
				<misses>263900001</misses>
				<total>0</total>
				<timestamp>2566.924786</timestamp>
			</report>
			<report>
				<misses>264000001</misses>
				<total>0</total>
				<timestamp>2567.860405</timestamp>
			</report>
			<report>
				<misses>264100001</misses>
				<total>0</total>
				<timestamp>2568.795425</timestamp>
			</report>
			<report>
				<misses>264200001</misses>
				<total>0</total>
				<timestamp>2569.727651</timestamp>
			</report>
			<report>
				<misses>264300001</misses>
				<total>0</total>
				<timestamp>2570.660354</timestamp>
			</report>
			<report>
				<misses>264400001</misses>
				<total>0</total>
				<timestamp>2571.596953</timestamp>
			</report>
			<report>
				<misses>264500001</misses>
				<total>0</total>
				<timestamp>2572.528724</timestamp>
			</report>
			<report>
				<misses>264600001</misses>
				<total>0</total>
				<timestamp>2573.462734</timestamp>
			</report>
			<report>
				<misses>264700001</misses>
				<total>0</total>
				<timestamp>2574.398053</timestamp>
			</report>
			<report>
				<misses>264800001</misses>
				<total>0</total>
				<timestamp>2575.333379</timestamp>
			</report>
			<report>
				<misses>264900001</misses>
				<total>0</total>
				<timestamp>2576.265751</timestamp>
			</report>
			<report>
				<misses>265000001</misses>
				<total>0</total>
				<timestamp>2577.201471</timestamp>
			</report>
			<report>
				<misses>265100001</misses>
				<total>0</total>
				<timestamp>2578.136282</timestamp>
			</report>
			<report>
				<misses>265200001</misses>
				<total>0</total>
				<timestamp>2579.070985</timestamp>
			</report>
			<report>
				<misses>265300001</misses>
				<total>0</total>
				<timestamp>2580.006809</timestamp>
			</report>
			<report>
				<misses>265400001</misses>
				<total>0</total>
				<timestamp>2580.942576</timestamp>
			</report>
			<report>
				<misses>265500001</misses>
				<total>0</total>
				<timestamp>2581.879620</timestamp>
			</report>
			<report>
				<misses>265600001</misses>
				<total>0</total>
				<timestamp>2582.813261</timestamp>
			</report>
			<report>
				<misses>265700001</misses>
				<total>0</total>
				<timestamp>2583.748483</timestamp>
			</report>
			<report>
				<misses>265800001</misses>
				<total>0</total>
				<timestamp>2584.685777</timestamp>
			</report>
			<report>
				<misses>265900001</misses>
				<total>0</total>
				<timestamp>2585.622204</timestamp>
			</report>
			<report>
				<misses>266000001</misses>
				<total>0</total>
				<timestamp>2586.558109</timestamp>
			</report>
			<report>
				<misses>266100001</misses>
				<total>0</total>
				<timestamp>2587.493966</timestamp>
			</report>
			<report>
				<misses>266200001</misses>
				<total>0</total>
				<timestamp>2588.431481</timestamp>
			</report>
			<report>
				<misses>266300001</misses>
				<total>0</total>
				<timestamp>2589.365670</timestamp>
			</report>
			<report>
				<misses>266400001</misses>
				<total>0</total>
				<timestamp>2590.302888</timestamp>
			</report>
			<report>
				<misses>266500001</misses>
				<total>0</total>
				<timestamp>2591.239301</timestamp>
			</report>
			<report>
				<misses>266600001</misses>
				<total>0</total>
				<timestamp>2592.173520</timestamp>
			</report>
			<report>
				<misses>266700001</misses>
				<total>0</total>
				<timestamp>2593.109729</timestamp>
			</report>
			<report>
				<misses>266800001</misses>
				<total>0</total>
				<timestamp>2594.044502</timestamp>
			</report>
			<report>
				<misses>266900001</misses>
				<total>0</total>
				<timestamp>2594.979841</timestamp>
			</report>
			<report>
				<misses>267000001</misses>
				<total>0</total>
				<timestamp>2595.916466</timestamp>
			</report>
			<report>
				<misses>267100001</misses>
				<total>0</total>
				<timestamp>2596.850379</timestamp>
			</report>
			<report>
				<misses>267200001</misses>
				<total>0</total>
				<timestamp>2597.785139</timestamp>
			</report>
			<report>
				<misses>267300001</misses>
				<total>0</total>
				<timestamp>2598.720815</timestamp>
			</report>
			<report>
				<misses>267400001</misses>
				<total>0</total>
				<timestamp>2599.657249</timestamp>
			</report>
			<report>
				<misses>267500001</misses>
				<total>0</total>
				<timestamp>2600.590691</timestamp>
			</report>
			<report>
				<misses>267600001</misses>
				<total>0</total>
				<timestamp>2601.526432</timestamp>
			</report>
			<report>
				<misses>267700001</misses>
				<total>0</total>
				<timestamp>2602.461032</timestamp>
			</report>
			<report>
				<misses>267800001</misses>
				<total>0</total>
				<timestamp>2603.397352</timestamp>
			</report>
			<report>
				<misses>267900001</misses>
				<total>0</total>
				<timestamp>2604.332506</timestamp>
			</report>
			<report>
				<misses>268000001</misses>
				<total>0</total>
				<timestamp>2605.268715</timestamp>
			</report>
			<report>
				<misses>268100001</misses>
				<total>0</total>
				<timestamp>2606.205719</timestamp>
			</report>
			<report>
				<misses>268200001</misses>
				<total>0</total>
				<timestamp>2607.141672</timestamp>
			</report>
			<report>
				<misses>268300001</misses>
				<total>0</total>
				<timestamp>2608.074460</timestamp>
			</report>
			<report>
				<misses>268400001</misses>
				<total>0</total>
				<timestamp>2609.010326</timestamp>
			</report>
			<report>
				<misses>268500001</misses>
				<total>0</total>
				<timestamp>2609.946183</timestamp>
			</report>
			<report>
				<misses>268600001</misses>
				<total>0</total>
				<timestamp>2610.881410</timestamp>
			</report>
			<report>
				<misses>268700001</misses>
				<total>0</total>
				<timestamp>2611.815056</timestamp>
			</report>
			<report>
				<misses>268800001</misses>
				<total>0</total>
				<timestamp>2612.748443</timestamp>
			</report>
			<report>
				<misses>268900001</misses>
				<total>0</total>
				<timestamp>2613.683893</timestamp>
			</report>
			<report>
				<misses>269000001</misses>
				<total>0</total>
				<timestamp>2614.619085</timestamp>
			</report>
			<report>
				<misses>269100001</misses>
				<total>0</total>
				<timestamp>2615.555602</timestamp>
			</report>
			<report>
				<misses>269200001</misses>
				<total>0</total>
				<timestamp>2616.491548</timestamp>
			</report>
			<report>
				<misses>269300001</misses>
				<total>0</total>
				<timestamp>2617.427135</timestamp>
			</report>
			<report>
				<misses>269400001</misses>
				<total>0</total>
				<timestamp>2618.365937</timestamp>
			</report>
			<report>
				<misses>269500001</misses>
				<total>0</total>
				<timestamp>2619.298545</timestamp>
			</report>
			<report>
				<misses>269600001</misses>
				<total>0</total>
				<timestamp>2620.234564</timestamp>
			</report>
			<report>
				<misses>269700001</misses>
				<total>0</total>
				<timestamp>2621.169477</timestamp>
			</report>
			<report>
				<misses>269800001</misses>
				<total>0</total>
				<timestamp>2622.103503</timestamp>
			</report>
			<report>
				<misses>269900001</misses>
				<total>0</total>
				<timestamp>2623.038459</timestamp>
			</report>
			<report>
				<misses>270000001</misses>
				<total>0</total>
				<timestamp>2623.972013</timestamp>
			</report>
			<report>
				<misses>270100001</misses>
				<total>0</total>
				<timestamp>2624.904975</timestamp>
			</report>
			<report>
				<misses>270200001</misses>
				<total>0</total>
				<timestamp>2625.837382</timestamp>
			</report>
			<report>
				<misses>270300001</misses>
				<total>0</total>
				<timestamp>2626.773929</timestamp>
			</report>
			<report>
				<misses>270400001</misses>
				<total>0</total>
				<timestamp>2627.709730</timestamp>
			</report>
			<report>
				<misses>270500001</misses>
				<total>0</total>
				<timestamp>2628.644909</timestamp>
			</report>
			<report>
				<misses>270600001</misses>
				<total>0</total>
				<timestamp>2629.581479</timestamp>
			</report>
			<report>
				<misses>270700001</misses>
				<total>0</total>
				<timestamp>2630.521164</timestamp>
			</report>
			<report>
				<misses>270800001</misses>
				<total>0</total>
				<timestamp>2631.457469</timestamp>
			</report>
			<report>
				<misses>270900001</misses>
				<total>0</total>
				<timestamp>2632.392185</timestamp>
			</report>
			<report>
				<misses>271000001</misses>
				<total>0</total>
				<timestamp>2633.327984</timestamp>
			</report>
			<report>
				<misses>271100001</misses>
				<total>0</total>
				<timestamp>2634.263983</timestamp>
			</report>
			<report>
				<misses>271200001</misses>
				<total>0</total>
				<timestamp>2635.196755</timestamp>
			</report>
			<report>
				<misses>271300001</misses>
				<total>0</total>
				<timestamp>2636.131842</timestamp>
			</report>
			<report>
				<misses>271400001</misses>
				<total>0</total>
				<timestamp>2637.064942</timestamp>
			</report>
			<report>
				<misses>271500001</misses>
				<total>0</total>
				<timestamp>2637.999747</timestamp>
			</report>
			<report>
				<misses>271600001</misses>
				<total>0</total>
				<timestamp>2638.936602</timestamp>
			</report>
			<report>
				<misses>271700001</misses>
				<total>0</total>
				<timestamp>2639.874076</timestamp>
			</report>
			<report>
				<misses>271800001</misses>
				<total>0</total>
				<timestamp>2640.809269</timestamp>
			</report>
			<report>
				<misses>271900001</misses>
				<total>0</total>
				<timestamp>2641.746426</timestamp>
			</report>
			<report>
				<misses>272000001</misses>
				<total>0</total>
				<timestamp>2642.681909</timestamp>
			</report>
			<report>
				<misses>272100001</misses>
				<total>0</total>
				<timestamp>2643.615467</timestamp>
			</report>
			<report>
				<misses>272200001</misses>
				<total>0</total>
				<timestamp>2644.552354</timestamp>
			</report>
			<report>
				<misses>272300001</misses>
				<total>0</total>
				<timestamp>2645.489915</timestamp>
			</report>
			<report>
				<misses>272400001</misses>
				<total>0</total>
				<timestamp>2646.426658</timestamp>
			</report>
			<report>
				<misses>272500001</misses>
				<total>0</total>
				<timestamp>2647.361378</timestamp>
			</report>
			<report>
				<misses>272600001</misses>
				<total>0</total>
				<timestamp>2648.297156</timestamp>
			</report>
			<report>
				<misses>272700001</misses>
				<total>0</total>
				<timestamp>2649.232098</timestamp>
			</report>
			<report>
				<misses>272800001</misses>
				<total>0</total>
				<timestamp>2650.169488</timestamp>
			</report>
			<report>
				<misses>272900001</misses>
				<total>0</total>
				<timestamp>2651.107992</timestamp>
			</report>
			<report>
				<misses>273000001</misses>
				<total>0</total>
				<timestamp>2652.045595</timestamp>
			</report>
			<report>
				<misses>273100001</misses>
				<total>0</total>
				<timestamp>2652.983289</timestamp>
			</report>
			<report>
				<misses>273200001</misses>
				<total>0</total>
				<timestamp>2653.920444</timestamp>
			</report>
			<report>
				<misses>273300001</misses>
				<total>0</total>
				<timestamp>2654.855143</timestamp>
			</report>
			<report>
				<misses>273400001</misses>
				<total>0</total>
				<timestamp>2655.792160</timestamp>
			</report>
			<report>
				<misses>273500001</misses>
				<total>0</total>
				<timestamp>2656.726998</timestamp>
			</report>
			<report>
				<misses>273600001</misses>
				<total>0</total>
				<timestamp>2657.663290</timestamp>
			</report>
			<report>
				<misses>273700001</misses>
				<total>0</total>
				<timestamp>2658.597612</timestamp>
			</report>
			<report>
				<misses>273800001</misses>
				<total>0</total>
				<timestamp>2659.533826</timestamp>
			</report>
			<report>
				<misses>273900001</misses>
				<total>0</total>
				<timestamp>2660.469044</timestamp>
			</report>
			<report>
				<misses>274000001</misses>
				<total>0</total>
				<timestamp>2661.404858</timestamp>
			</report>
			<report>
				<misses>274100001</misses>
				<total>0</total>
				<timestamp>2662.338490</timestamp>
			</report>
			<report>
				<misses>274200001</misses>
				<total>0</total>
				<timestamp>2663.275425</timestamp>
			</report>
			<report>
				<misses>274300001</misses>
				<total>0</total>
				<timestamp>2664.210646</timestamp>
			</report>
			<report>
				<misses>274400001</misses>
				<total>0</total>
				<timestamp>2665.148638</timestamp>
			</report>
			<report>
				<misses>274500001</misses>
				<total>0</total>
				<timestamp>2666.084251</timestamp>
			</report>
			<report>
				<misses>274600001</misses>
				<total>0</total>
				<timestamp>2667.020924</timestamp>
			</report>
			<report>
				<misses>274700001</misses>
				<total>0</total>
				<timestamp>2667.957597</timestamp>
			</report>
			<report>
				<misses>274800001</misses>
				<total>0</total>
				<timestamp>2668.894567</timestamp>
			</report>
			<report>
				<misses>274900001</misses>
				<total>0</total>
				<timestamp>2669.829763</timestamp>
			</report>
			<report>
				<misses>275000001</misses>
				<total>0</total>
				<timestamp>2670.765858</timestamp>
			</report>
			<report>
				<misses>275100001</misses>
				<total>0</total>
				<timestamp>2671.700607</timestamp>
			</report>
			<report>
				<misses>275200001</misses>
				<total>0</total>
				<timestamp>2672.638462</timestamp>
			</report>
			<report>
				<misses>275300001</misses>
				<total>0</total>
				<timestamp>2673.572982</timestamp>
			</report>
			<report>
				<misses>275400001</misses>
				<total>0</total>
				<timestamp>2674.508691</timestamp>
			</report>
			<report>
				<misses>275500001</misses>
				<total>0</total>
				<timestamp>2675.444377</timestamp>
			</report>
			<report>
				<misses>275600001</misses>
				<total>0</total>
				<timestamp>2676.380932</timestamp>
			</report>
			<report>
				<misses>275700001</misses>
				<total>0</total>
				<timestamp>2677.314846</timestamp>
			</report>
			<report>
				<misses>275800001</misses>
				<total>0</total>
				<timestamp>2678.250089</timestamp>
			</report>
			<report>
				<misses>275900001</misses>
				<total>0</total>
				<timestamp>2679.181967</timestamp>
			</report>
			<report>
				<misses>276000001</misses>
				<total>0</total>
				<timestamp>2680.115146</timestamp>
			</report>
			<report>
				<misses>276100001</misses>
				<total>0</total>
				<timestamp>2681.050103</timestamp>
			</report>
			<report>
				<misses>276200001</misses>
				<total>0</total>
				<timestamp>2681.985246</timestamp>
			</report>
			<report>
				<misses>276300001</misses>
				<total>0</total>
				<timestamp>2682.922691</timestamp>
			</report>
			<report>
				<misses>276400001</misses>
				<total>0</total>
				<timestamp>2683.857271</timestamp>
			</report>
			<report>
				<misses>276500001</misses>
				<total>0</total>
				<timestamp>2684.793057</timestamp>
			</report>
			<report>
				<misses>276600001</misses>
				<total>0</total>
				<timestamp>2685.729631</timestamp>
			</report>
			<report>
				<misses>276700001</misses>
				<total>0</total>
				<timestamp>2686.664784</timestamp>
			</report>
			<report>
				<misses>276800001</misses>
				<total>0</total>
				<timestamp>2687.600112</timestamp>
			</report>
			<report>
				<misses>276900001</misses>
				<total>0</total>
				<timestamp>2688.534350</timestamp>
			</report>
			<report>
				<misses>277000001</misses>
				<total>0</total>
				<timestamp>2689.468058</timestamp>
			</report>
			<report>
				<misses>277100001</misses>
				<total>0</total>
				<timestamp>2690.402228</timestamp>
			</report>
			<report>
				<misses>277200001</misses>
				<total>0</total>
				<timestamp>2691.336999</timestamp>
			</report>
			<report>
				<misses>277300001</misses>
				<total>0</total>
				<timestamp>2692.275250</timestamp>
			</report>
			<report>
				<misses>277400001</misses>
				<total>0</total>
				<timestamp>2693.211788</timestamp>
			</report>
			<report>
				<misses>277500001</misses>
				<total>0</total>
				<timestamp>2694.150126</timestamp>
			</report>
			<report>
				<misses>277600001</misses>
				<total>0</total>
				<timestamp>2695.087065</timestamp>
			</report>
			<report>
				<misses>277700001</misses>
				<total>0</total>
				<timestamp>2696.022842</timestamp>
			</report>
			<report>
				<misses>277800001</misses>
				<total>0</total>
				<timestamp>2696.960208</timestamp>
			</report>
			<report>
				<misses>277900001</misses>
				<total>0</total>
				<timestamp>2697.898877</timestamp>
			</report>
			<report>
				<misses>278000001</misses>
				<total>0</total>
				<timestamp>2698.834878</timestamp>
			</report>
			<report>
				<misses>278100001</misses>
				<total>0</total>
				<timestamp>2699.768809</timestamp>
			</report>
			<report>
				<misses>278200001</misses>
				<total>0</total>
				<timestamp>2700.705926</timestamp>
			</report>
			<report>
				<misses>278300001</misses>
				<total>0</total>
				<timestamp>2701.640058</timestamp>
			</report>
			<report>
				<misses>278400001</misses>
				<total>0</total>
				<timestamp>2702.569468</timestamp>
			</report>
			<report>
				<misses>278500001</misses>
				<total>0</total>
				<timestamp>2703.505216</timestamp>
			</report>
			<report>
				<misses>278600001</misses>
				<total>0</total>
				<timestamp>2704.440917</timestamp>
			</report>
			<report>
				<misses>278700001</misses>
				<total>0</total>
				<timestamp>2705.376640</timestamp>
			</report>
			<report>
				<misses>278800001</misses>
				<total>0</total>
				<timestamp>2706.312385</timestamp>
			</report>
			<report>
				<misses>278900001</misses>
				<total>0</total>
				<timestamp>2707.249453</timestamp>
			</report>
			<report>
				<misses>279000001</misses>
				<total>0</total>
				<timestamp>2708.187744</timestamp>
			</report>
			<report>
				<misses>279100001</misses>
				<total>0</total>
				<timestamp>2709.124931</timestamp>
			</report>
			<report>
				<misses>279200001</misses>
				<total>0</total>
				<timestamp>2710.060474</timestamp>
			</report>
			<report>
				<misses>279300001</misses>
				<total>0</total>
				<timestamp>2710.994868</timestamp>
			</report>
			<report>
				<misses>279400001</misses>
				<total>0</total>
				<timestamp>2711.930454</timestamp>
			</report>
			<report>
				<misses>279500001</misses>
				<total>0</total>
				<timestamp>2712.866669</timestamp>
			</report>
			<report>
				<misses>279600001</misses>
				<total>0</total>
				<timestamp>2713.798551</timestamp>
			</report>
			<report>
				<misses>279700001</misses>
				<total>0</total>
				<timestamp>2714.736273</timestamp>
			</report>
			<report>
				<misses>279800001</misses>
				<total>0</total>
				<timestamp>2715.672899</timestamp>
			</report>
			<report>
				<misses>279900001</misses>
				<total>0</total>
				<timestamp>2716.608631</timestamp>
			</report>
			<report>
				<misses>280000001</misses>
				<total>0</total>
				<timestamp>2717.545378</timestamp>
			</report>
			<report>
				<misses>280100001</misses>
				<total>0</total>
				<timestamp>2718.481903</timestamp>
			</report>
			<report>
				<misses>280200001</misses>
				<total>0</total>
				<timestamp>2719.419511</timestamp>
			</report>
			<report>
				<misses>280300001</misses>
				<total>0</total>
				<timestamp>2720.354858</timestamp>
			</report>
			<report>
				<misses>280400001</misses>
				<total>0</total>
				<timestamp>2721.289093</timestamp>
			</report>
			<report>
				<misses>280500001</misses>
				<total>0</total>
				<timestamp>2722.224385</timestamp>
			</report>
			<report>
				<misses>280600001</misses>
				<total>0</total>
				<timestamp>2723.160261</timestamp>
			</report>
			<report>
				<misses>280700001</misses>
				<total>0</total>
				<timestamp>2724.097653</timestamp>
			</report>
			<report>
				<misses>280800001</misses>
				<total>0</total>
				<timestamp>2725.031978</timestamp>
			</report>
			<report>
				<misses>280900001</misses>
				<total>0</total>
				<timestamp>2725.965963</timestamp>
			</report>
			<report>
				<misses>281000001</misses>
				<total>0</total>
				<timestamp>2726.903445</timestamp>
			</report>
			<report>
				<misses>281100001</misses>
				<total>0</total>
				<timestamp>2727.837350</timestamp>
			</report>
			<report>
				<misses>281200001</misses>
				<total>0</total>
				<timestamp>2728.772672</timestamp>
			</report>
			<report>
				<misses>281300001</misses>
				<total>0</total>
				<timestamp>2729.711307</timestamp>
			</report>
			<report>
				<misses>281400001</misses>
				<total>0</total>
				<timestamp>2730.646102</timestamp>
			</report>
			<report>
				<misses>281500001</misses>
				<total>0</total>
				<timestamp>2731.582414</timestamp>
			</report>
			<report>
				<misses>281600001</misses>
				<total>0</total>
				<timestamp>2732.516031</timestamp>
			</report>
			<report>
				<misses>281700001</misses>
				<total>0</total>
				<timestamp>2733.451510</timestamp>
			</report>
			<report>
				<misses>281800001</misses>
				<total>0</total>
				<timestamp>2734.387240</timestamp>
			</report>
			<report>
				<misses>281900001</misses>
				<total>0</total>
				<timestamp>2735.321043</timestamp>
			</report>
			<report>
				<misses>282000001</misses>
				<total>0</total>
				<timestamp>2736.255232</timestamp>
			</report>
			<report>
				<misses>282100001</misses>
				<total>0</total>
				<timestamp>2737.191308</timestamp>
			</report>
			<report>
				<misses>282200001</misses>
				<total>0</total>
				<timestamp>2738.127008</timestamp>
			</report>
			<report>
				<misses>282300001</misses>
				<total>0</total>
				<timestamp>2739.064242</timestamp>
			</report>
			<report>
				<misses>282400001</misses>
				<total>0</total>
				<timestamp>2740.002312</timestamp>
			</report>
			<report>
				<misses>282500001</misses>
				<total>0</total>
				<timestamp>2740.938732</timestamp>
			</report>
			<report>
				<misses>282600001</misses>
				<total>0</total>
				<timestamp>2741.875934</timestamp>
			</report>
			<report>
				<misses>282700001</misses>
				<total>0</total>
				<timestamp>2742.808580</timestamp>
			</report>
			<report>
				<misses>282800001</misses>
				<total>0</total>
				<timestamp>2743.743669</timestamp>
			</report>
			<report>
				<misses>282900001</misses>
				<total>0</total>
				<timestamp>2744.677902</timestamp>
			</report>
			<report>
				<misses>283000001</misses>
				<total>0</total>
				<timestamp>2745.606081</timestamp>
			</report>
			<report>
				<misses>283100001</misses>
				<total>0</total>
				<timestamp>2746.541470</timestamp>
			</report>
			<report>
				<misses>283200001</misses>
				<total>0</total>
				<timestamp>2747.477708</timestamp>
			</report>
			<report>
				<misses>283300001</misses>
				<total>0</total>
				<timestamp>2748.408392</timestamp>
			</report>
			<report>
				<misses>283400001</misses>
				<total>0</total>
				<timestamp>2749.343524</timestamp>
			</report>
			<report>
				<misses>283500001</misses>
				<total>0</total>
				<timestamp>2750.278257</timestamp>
			</report>
			<report>
				<misses>283600001</misses>
				<total>0</total>
				<timestamp>2751.212715</timestamp>
			</report>
			<report>
				<misses>283700001</misses>
				<total>0</total>
				<timestamp>2752.147605</timestamp>
			</report>
			<report>
				<misses>283800001</misses>
				<total>0</total>
				<timestamp>2753.083335</timestamp>
			</report>
			<report>
				<misses>283900001</misses>
				<total>0</total>
				<timestamp>2754.016016</timestamp>
			</report>
			<report>
				<misses>284000001</misses>
				<total>0</total>
				<timestamp>2754.950716</timestamp>
			</report>
			<report>
				<misses>284100001</misses>
				<total>0</total>
				<timestamp>2755.888620</timestamp>
			</report>
			<report>
				<misses>284200001</misses>
				<total>0</total>
				<timestamp>2756.822923</timestamp>
			</report>
			<report>
				<misses>284300001</misses>
				<total>0</total>
				<timestamp>2757.759182</timestamp>
			</report>
			<report>
				<misses>284400001</misses>
				<total>0</total>
				<timestamp>2758.694547</timestamp>
			</report>
			<report>
				<misses>284500001</misses>
				<total>0</total>
				<timestamp>2759.630491</timestamp>
			</report>
			<report>
				<misses>284600001</misses>
				<total>0</total>
				<timestamp>2760.566689</timestamp>
			</report>
			<report>
				<misses>284700001</misses>
				<total>0</total>
				<timestamp>2761.501680</timestamp>
			</report>
			<report>
				<misses>284800001</misses>
				<total>0</total>
				<timestamp>2762.438473</timestamp>
			</report>
			<report>
				<misses>284900001</misses>
				<total>0</total>
				<timestamp>2763.374343</timestamp>
			</report>
			<report>
				<misses>285000001</misses>
				<total>0</total>
				<timestamp>2764.311844</timestamp>
			</report>
			<report>
				<misses>285100001</misses>
				<total>0</total>
				<timestamp>2765.247548</timestamp>
			</report>
			<report>
				<misses>285200001</misses>
				<total>0</total>
				<timestamp>2766.183106</timestamp>
			</report>
			<report>
				<misses>285300001</misses>
				<total>0</total>
				<timestamp>2767.119013</timestamp>
			</report>
			<report>
				<misses>285400001</misses>
				<total>0</total>
				<timestamp>2768.054666</timestamp>
			</report>
			<report>
				<misses>285500001</misses>
				<total>0</total>
				<timestamp>2768.990561</timestamp>
			</report>
			<report>
				<misses>285600001</misses>
				<total>0</total>
				<timestamp>2769.927011</timestamp>
			</report>
			<report>
				<misses>285700001</misses>
				<total>0</total>
				<timestamp>2770.860588</timestamp>
			</report>
			<report>
				<misses>285800001</misses>
				<total>0</total>
				<timestamp>2771.796275</timestamp>
			</report>
			<report>
				<misses>285900001</misses>
				<total>0</total>
				<timestamp>2772.732665</timestamp>
			</report>
			<report>
				<misses>286000001</misses>
				<total>0</total>
				<timestamp>2773.668679</timestamp>
			</report>
			<report>
				<misses>286100001</misses>
				<total>0</total>
				<timestamp>2774.602813</timestamp>
			</report>
			<report>
				<misses>286200001</misses>
				<total>0</total>
				<timestamp>2775.539029</timestamp>
			</report>
			<report>
				<misses>286300001</misses>
				<total>0</total>
				<timestamp>2776.474191</timestamp>
			</report>
			<report>
				<misses>286400001</misses>
				<total>0</total>
				<timestamp>2777.410945</timestamp>
			</report>
			<report>
				<misses>286500001</misses>
				<total>0</total>
				<timestamp>2778.344379</timestamp>
			</report>
			<report>
				<misses>286600001</misses>
				<total>0</total>
				<timestamp>2779.279426</timestamp>
			</report>
			<report>
				<misses>286700001</misses>
				<total>0</total>
				<timestamp>2780.213787</timestamp>
			</report>
			<report>
				<misses>286800001</misses>
				<total>0</total>
				<timestamp>2781.153758</timestamp>
			</report>
			<report>
				<misses>286900001</misses>
				<total>0</total>
				<timestamp>2782.092119</timestamp>
			</report>
			<report>
				<misses>287000001</misses>
				<total>0</total>
				<timestamp>2783.028747</timestamp>
			</report>
			<report>
				<misses>287100001</misses>
				<total>0</total>
				<timestamp>2783.964971</timestamp>
			</report>
			<report>
				<misses>287200001</misses>
				<total>0</total>
				<timestamp>2784.901949</timestamp>
			</report>
			<report>
				<misses>287300001</misses>
				<total>0</total>
				<timestamp>2785.838833</timestamp>
			</report>
			<report>
				<misses>287400001</misses>
				<total>0</total>
				<timestamp>2786.775231</timestamp>
			</report>
			<report>
				<misses>287500001</misses>
				<total>0</total>
				<timestamp>2787.710554</timestamp>
			</report>
			<report>
				<misses>287600001</misses>
				<total>0</total>
				<timestamp>2788.646033</timestamp>
			</report>
			<report>
				<misses>287700001</misses>
				<total>0</total>
				<timestamp>2789.581656</timestamp>
			</report>
			<report>
				<misses>287800001</misses>
				<total>0</total>
				<timestamp>2790.515716</timestamp>
			</report>
			<report>
				<misses>287900001</misses>
				<total>0</total>
				<timestamp>2791.451637</timestamp>
			</report>
			<report>
				<misses>288000001</misses>
				<total>0</total>
				<timestamp>2792.387940</timestamp>
			</report>
			<report>
				<misses>288100001</misses>
				<total>0</total>
				<timestamp>2793.323034</timestamp>
			</report>
			<report>
				<misses>288200001</misses>
				<total>0</total>
				<timestamp>2794.260426</timestamp>
			</report>
			<report>
				<misses>288300001</misses>
				<total>0</total>
				<timestamp>2795.196654</timestamp>
			</report>
			<report>
				<misses>288400001</misses>
				<total>0</total>
				<timestamp>2796.130398</timestamp>
			</report>
			<report>
				<misses>288500001</misses>
				<total>0</total>
				<timestamp>2797.066771</timestamp>
			</report>
			<report>
				<misses>288600001</misses>
				<total>0</total>
				<timestamp>2798.003005</timestamp>
			</report>
			<report>
				<misses>288700001</misses>
				<total>0</total>
				<timestamp>2798.938876</timestamp>
			</report>
			<report>
				<misses>288800001</misses>
				<total>0</total>
				<timestamp>2799.877472</timestamp>
			</report>
			<report>
				<misses>288900001</misses>
				<total>0</total>
				<timestamp>2800.810984</timestamp>
			</report>
			<report>
				<misses>289000001</misses>
				<total>0</total>
				<timestamp>2801.744474</timestamp>
			</report>
			<report>
				<misses>289100001</misses>
				<total>0</total>
				<timestamp>2802.679588</timestamp>
			</report>
			<report>
				<misses>289200001</misses>
				<total>0</total>
				<timestamp>2803.616091</timestamp>
			</report>
			<report>
				<misses>289300001</misses>
				<total>0</total>
				<timestamp>2804.553482</timestamp>
			</report>
			<report>
				<misses>289400001</misses>
				<total>0</total>
				<timestamp>2805.491878</timestamp>
			</report>
			<report>
				<misses>289500001</misses>
				<total>0</total>
				<timestamp>2806.428780</timestamp>
			</report>
			<report>
				<misses>289600001</misses>
				<total>0</total>
				<timestamp>2807.365027</timestamp>
			</report>
			<report>
				<misses>289700001</misses>
				<total>0</total>
				<timestamp>2808.299725</timestamp>
			</report>
			<report>
				<misses>289800001</misses>
				<total>0</total>
				<timestamp>2809.233790</timestamp>
			</report>
			<report>
				<misses>289900001</misses>
				<total>0</total>
				<timestamp>2810.168664</timestamp>
			</report>
			<report>
				<misses>290000001</misses>
				<total>0</total>
				<timestamp>2811.103762</timestamp>
			</report>
			<report>
				<misses>290100001</misses>
				<total>0</total>
				<timestamp>2812.039987</timestamp>
			</report>
			<report>
				<misses>290200001</misses>
				<total>0</total>
				<timestamp>2812.975641</timestamp>
			</report>
			<report>
				<misses>290300001</misses>
				<total>0</total>
				<timestamp>2813.912009</timestamp>
			</report>
			<report>
				<misses>290400001</misses>
				<total>0</total>
				<timestamp>2814.846803</timestamp>
			</report>
			<report>
				<misses>290500001</misses>
				<total>0</total>
				<timestamp>2815.782344</timestamp>
			</report>
			<report>
				<misses>290600001</misses>
				<total>0</total>
				<timestamp>2816.718092</timestamp>
			</report>
			<report>
				<misses>290700001</misses>
				<total>0</total>
				<timestamp>2817.651701</timestamp>
			</report>
			<report>
				<misses>290800001</misses>
				<total>0</total>
				<timestamp>2818.578879</timestamp>
			</report>
			<report>
				<misses>290900001</misses>
				<total>0</total>
				<timestamp>2819.501839</timestamp>
			</report>
			<report>
				<misses>291000001</misses>
				<total>0</total>
				<timestamp>2820.428384</timestamp>
			</report>
			<report>
				<misses>291100001</misses>
				<total>0</total>
				<timestamp>2821.362125</timestamp>
			</report>
			<report>
				<misses>291200001</misses>
				<total>0</total>
				<timestamp>2822.295712</timestamp>
			</report>
			<report>
				<misses>291300001</misses>
				<total>0</total>
				<timestamp>2823.222564</timestamp>
			</report>
			<report>
				<misses>291400001</misses>
				<total>0</total>
				<timestamp>2824.156945</timestamp>
			</report>
			<report>
				<misses>291500001</misses>
				<total>0</total>
				<timestamp>2825.093829</timestamp>
			</report>
			<report>
				<misses>291600001</misses>
				<total>0</total>
				<timestamp>2826.030861</timestamp>
			</report>
			<report>
				<misses>291700001</misses>
				<total>0</total>
				<timestamp>2826.965201</timestamp>
			</report>
			<report>
				<misses>291800001</misses>
				<total>0</total>
				<timestamp>2827.901606</timestamp>
			</report>
			<report>
				<misses>291900001</misses>
				<total>0</total>
				<timestamp>2828.838244</timestamp>
			</report>
			<report>
				<misses>292000001</misses>
				<total>0</total>
				<timestamp>2829.774404</timestamp>
			</report>
			<report>
				<misses>292100001</misses>
				<total>0</total>
				<timestamp>2830.708959</timestamp>
			</report>
			<report>
				<misses>292200001</misses>
				<total>0</total>
				<timestamp>2831.644532</timestamp>
			</report>
			<report>
				<misses>292300001</misses>
				<total>0</total>
				<timestamp>2832.579733</timestamp>
			</report>
			<report>
				<misses>292400001</misses>
				<total>0</total>
				<timestamp>2833.515472</timestamp>
			</report>
			<report>
				<misses>292500001</misses>
				<total>0</total>
				<timestamp>2834.450822</timestamp>
			</report>
			<report>
				<misses>292600001</misses>
				<total>0</total>
				<timestamp>2835.387973</timestamp>
			</report>
			<report>
				<misses>292700001</misses>
				<total>0</total>
				<timestamp>2836.321532</timestamp>
			</report>
			<report>
				<misses>292800001</misses>
				<total>0</total>
				<timestamp>2837.256370</timestamp>
			</report>
			<report>
				<misses>292900001</misses>
				<total>0</total>
				<timestamp>2838.192854</timestamp>
			</report>
			<report>
				<misses>293000001</misses>
				<total>0</total>
				<timestamp>2839.129357</timestamp>
			</report>
			<report>
				<misses>293100001</misses>
				<total>0</total>
				<timestamp>2840.062519</timestamp>
			</report>
			<report>
				<misses>293200001</misses>
				<total>0</total>
				<timestamp>2840.998971</timestamp>
			</report>
			<report>
				<misses>293300001</misses>
				<total>0</total>
				<timestamp>2841.934950</timestamp>
			</report>
			<report>
				<misses>293400001</misses>
				<total>0</total>
				<timestamp>2842.868801</timestamp>
			</report>
			<report>
				<misses>293500001</misses>
				<total>0</total>
				<timestamp>2843.803062</timestamp>
			</report>
			<report>
				<misses>293600001</misses>
				<total>0</total>
				<timestamp>2844.738392</timestamp>
			</report>
			<report>
				<misses>293700001</misses>
				<total>0</total>
				<timestamp>2845.673920</timestamp>
			</report>
			<report>
				<misses>293800001</misses>
				<total>0</total>
				<timestamp>2846.611504</timestamp>
			</report>
			<report>
				<misses>293900001</misses>
				<total>0</total>
				<timestamp>2847.547346</timestamp>
			</report>
			<report>
				<misses>294000001</misses>
				<total>0</total>
				<timestamp>2848.485293</timestamp>
			</report>
			<report>
				<misses>294100001</misses>
				<total>0</total>
				<timestamp>2849.421984</timestamp>
			</report>
			<report>
				<misses>294200001</misses>
				<total>0</total>
				<timestamp>2850.358060</timestamp>
			</report>
			<report>
				<misses>294300001</misses>
				<total>0</total>
				<timestamp>2851.294722</timestamp>
			</report>
			<report>
				<misses>294400001</misses>
				<total>0</total>
				<timestamp>2852.230777</timestamp>
			</report>
			<report>
				<misses>294500001</misses>
				<total>0</total>
				<timestamp>2853.167196</timestamp>
			</report>
			<report>
				<misses>294600001</misses>
				<total>0</total>
				<timestamp>2854.101803</timestamp>
			</report>
			<report>
				<misses>294700001</misses>
				<total>0</total>
				<timestamp>2855.037948</timestamp>
			</report>
			<report>
				<misses>294800001</misses>
				<total>0</total>
				<timestamp>2855.970562</timestamp>
			</report>
			<report>
				<misses>294900001</misses>
				<total>0</total>
				<timestamp>2856.906799</timestamp>
			</report>
			<report>
				<misses>295000001</misses>
				<total>0</total>
				<timestamp>2857.842398</timestamp>
			</report>
			<report>
				<misses>295100001</misses>
				<total>0</total>
				<timestamp>2858.778586</timestamp>
			</report>
			<report>
				<misses>295200001</misses>
				<total>0</total>
				<timestamp>2859.712601</timestamp>
			</report>
			<report>
				<misses>295300001</misses>
				<total>0</total>
				<timestamp>2860.648598</timestamp>
			</report>
			<report>
				<misses>295400001</misses>
				<total>0</total>
				<timestamp>2861.584088</timestamp>
			</report>
			<report>
				<misses>295500001</misses>
				<total>0</total>
				<timestamp>2862.518115</timestamp>
			</report>
			<report>
				<misses>295600001</misses>
				<total>0</total>
				<timestamp>2863.452693</timestamp>
			</report>
			<report>
				<misses>295700001</misses>
				<total>0</total>
				<timestamp>2864.388514</timestamp>
			</report>
			<report>
				<misses>295800001</misses>
				<total>0</total>
				<timestamp>2865.325379</timestamp>
			</report>
			<report>
				<misses>295900001</misses>
				<total>0</total>
				<timestamp>2866.260344</timestamp>
			</report>
			<report>
				<misses>296000001</misses>
				<total>0</total>
				<timestamp>2867.194349</timestamp>
			</report>
			<report>
				<misses>296100001</misses>
				<total>0</total>
				<timestamp>2868.129164</timestamp>
			</report>
			<report>
				<misses>296200001</misses>
				<total>0</total>
				<timestamp>2869.064895</timestamp>
			</report>
			<report>
				<misses>296300001</misses>
				<total>0</total>
				<timestamp>2870.002428</timestamp>
			</report>
			<report>
				<misses>296400001</misses>
				<total>0</total>
				<timestamp>2870.936870</timestamp>
			</report>
			<report>
				<misses>296500001</misses>
				<total>0</total>
				<timestamp>2871.872229</timestamp>
			</report>
			<report>
				<misses>296600001</misses>
				<total>0</total>
				<timestamp>2872.807469</timestamp>
			</report>
			<report>
				<misses>296700001</misses>
				<total>0</total>
				<timestamp>2873.743216</timestamp>
			</report>
			<report>
				<misses>296800001</misses>
				<total>0</total>
				<timestamp>2874.678083</timestamp>
			</report>
			<report>
				<misses>296900001</misses>
				<total>0</total>
				<timestamp>2875.614450</timestamp>
			</report>
			<report>
				<misses>297000001</misses>
				<total>0</total>
				<timestamp>2876.550751</timestamp>
			</report>
			<report>
				<misses>297100001</misses>
				<total>0</total>
				<timestamp>2877.486818</timestamp>
			</report>
			<report>
				<misses>297200001</misses>
				<total>0</total>
				<timestamp>2878.423128</timestamp>
			</report>
			<report>
				<misses>297300001</misses>
				<total>0</total>
				<timestamp>2879.357957</timestamp>
			</report>
			<report>
				<misses>297400001</misses>
				<total>0</total>
				<timestamp>2880.295139</timestamp>
			</report>
			<report>
				<misses>297500001</misses>
				<total>0</total>
				<timestamp>2881.230945</timestamp>
			</report>
			<report>
				<misses>297600001</misses>
				<total>0</total>
				<timestamp>2882.168646</timestamp>
			</report>
			<report>
				<misses>297700001</misses>
				<total>0</total>
				<timestamp>2883.106088</timestamp>
			</report>
			<report>
				<misses>297800001</misses>
				<total>0</total>
				<timestamp>2884.043182</timestamp>
			</report>
			<report>
				<misses>297900001</misses>
				<total>0</total>
				<timestamp>2884.978385</timestamp>
			</report>
			<report>
				<misses>298000001</misses>
				<total>0</total>
				<timestamp>2885.915835</timestamp>
			</report>
			<report>
				<misses>298100001</misses>
				<total>0</total>
				<timestamp>2886.851794</timestamp>
			</report>
			<report>
				<misses>298200001</misses>
				<total>0</total>
				<timestamp>2887.787125</timestamp>
			</report>
			<report>
				<misses>298300001</misses>
				<total>0</total>
				<timestamp>2888.721571</timestamp>
			</report>
			<report>
				<misses>298400001</misses>
				<total>0</total>
				<timestamp>2889.654428</timestamp>
			</report>
			<report>
				<misses>298500001</misses>
				<total>0</total>
				<timestamp>2890.591092</timestamp>
			</report>
			<report>
				<misses>298600001</misses>
				<total>0</total>
				<timestamp>2891.526633</timestamp>
			</report>
			<report>
				<misses>298700001</misses>
				<total>0</total>
				<timestamp>2892.460774</timestamp>
			</report>
			<report>
				<misses>298800001</misses>
				<total>0</total>
				<timestamp>2893.397853</timestamp>
			</report>
			<report>
				<misses>298900001</misses>
				<total>0</total>
				<timestamp>2894.338064</timestamp>
			</report>
			<report>
				<misses>299000001</misses>
				<total>0</total>
				<timestamp>2895.276018</timestamp>
			</report>
			<report>
				<misses>299100001</misses>
				<total>0</total>
				<timestamp>2896.213159</timestamp>
			</report>
			<report>
				<misses>299200001</misses>
				<total>0</total>
				<timestamp>2897.150505</timestamp>
			</report>
			<report>
				<misses>299300001</misses>
				<total>0</total>
				<timestamp>2898.087206</timestamp>
			</report>
			<report>
				<misses>299400001</misses>
				<total>0</total>
				<timestamp>2899.020894</timestamp>
			</report>
			<report>
				<misses>299500001</misses>
				<total>0</total>
				<timestamp>2899.956045</timestamp>
			</report>
			<report>
				<misses>299600001</misses>
				<total>0</total>
				<timestamp>2900.893007</timestamp>
			</report>
			<report>
				<misses>299700001</misses>
				<total>0</total>
				<timestamp>2901.827905</timestamp>
			</report>
			<report>
				<misses>299800001</misses>
				<total>0</total>
				<timestamp>2902.763774</timestamp>
			</report>
			<report>
				<misses>299900001</misses>
				<total>0</total>
				<timestamp>2903.697417</timestamp>
			</report>
			<report>
				<misses>300000001</misses>
				<total>0</total>
				<timestamp>2904.631009</timestamp>
			</report>
			<report>
				<misses>300100001</misses>
				<total>0</total>
				<timestamp>2905.564863</timestamp>
			</report>
			<report>
				<misses>300200001</misses>
				<total>0</total>
				<timestamp>2906.498870</timestamp>
			</report>
			<report>
				<misses>300300001</misses>
				<total>0</total>
				<timestamp>2907.434833</timestamp>
			</report>
			<report>
				<misses>300400001</misses>
				<total>0</total>
				<timestamp>2908.369597</timestamp>
			</report>
			<report>
				<misses>300500001</misses>
				<total>0</total>
				<timestamp>2909.303445</timestamp>
			</report>
			<report>
				<misses>300600001</misses>
				<total>0</total>
				<timestamp>2910.237673</timestamp>
			</report>
			<report>
				<misses>300700001</misses>
				<total>0</total>
				<timestamp>2911.173184</timestamp>
			</report>
			<report>
				<misses>300800001</misses>
				<total>0</total>
				<timestamp>2912.110662</timestamp>
			</report>
			<report>
				<misses>300900001</misses>
				<total>0</total>
				<timestamp>2913.046094</timestamp>
			</report>
			<report>
				<misses>301000001</misses>
				<total>0</total>
				<timestamp>2913.981730</timestamp>
			</report>
			<report>
				<misses>301100001</misses>
				<total>0</total>
				<timestamp>2914.917764</timestamp>
			</report>
			<report>
				<misses>301200001</misses>
				<total>0</total>
				<timestamp>2915.852331</timestamp>
			</report>
			<report>
				<misses>301300001</misses>
				<total>0</total>
				<timestamp>2916.786915</timestamp>
			</report>
			<report>
				<misses>301400001</misses>
				<total>0</total>
				<timestamp>2917.720963</timestamp>
			</report>
			<report>
				<misses>301500001</misses>
				<total>0</total>
				<timestamp>2918.656759</timestamp>
			</report>
			<report>
				<misses>301600001</misses>
				<total>0</total>
				<timestamp>2919.592084</timestamp>
			</report>
			<report>
				<misses>301700001</misses>
				<total>0</total>
				<timestamp>2920.527894</timestamp>
			</report>
			<report>
				<misses>301800001</misses>
				<total>0</total>
				<timestamp>2921.464199</timestamp>
			</report>
			<report>
				<misses>301900001</misses>
				<total>0</total>
				<timestamp>2922.401458</timestamp>
			</report>
			<report>
				<misses>302000001</misses>
				<total>0</total>
				<timestamp>2923.334652</timestamp>
			</report>
			<report>
				<misses>302100001</misses>
				<total>0</total>
				<timestamp>2924.271627</timestamp>
			</report>
			<report>
				<misses>302200001</misses>
				<total>0</total>
				<timestamp>2925.206749</timestamp>
			</report>
			<report>
				<misses>302300001</misses>
				<total>0</total>
				<timestamp>2926.143644</timestamp>
			</report>
			<report>
				<misses>302400001</misses>
				<total>0</total>
				<timestamp>2927.078876</timestamp>
			</report>
			<report>
				<misses>302500001</misses>
				<total>0</total>
				<timestamp>2928.014643</timestamp>
			</report>
			<report>
				<misses>302600001</misses>
				<total>0</total>
				<timestamp>2928.951387</timestamp>
			</report>
			<report>
				<misses>302700001</misses>
				<total>0</total>
				<timestamp>2929.889302</timestamp>
			</report>
			<report>
				<misses>302800001</misses>
				<total>0</total>
				<timestamp>2930.826907</timestamp>
			</report>
			<report>
				<misses>302900001</misses>
				<total>0</total>
				<timestamp>2931.761511</timestamp>
			</report>
			<report>
				<misses>303000001</misses>
				<total>0</total>
				<timestamp>2932.698740</timestamp>
			</report>
			<report>
				<misses>303100001</misses>
				<total>0</total>
				<timestamp>2933.633610</timestamp>
			</report>
			<report>
				<misses>303200001</misses>
				<total>0</total>
				<timestamp>2934.569270</timestamp>
			</report>
			<report>
				<misses>303300001</misses>
				<total>0</total>
				<timestamp>2935.503530</timestamp>
			</report>
			<report>
				<misses>303400001</misses>
				<total>0</total>
				<timestamp>2936.442921</timestamp>
			</report>
			<report>
				<misses>303500001</misses>
				<total>0</total>
				<timestamp>2937.375268</timestamp>
			</report>
			<report>
				<misses>303600001</misses>
				<total>0</total>
				<timestamp>2938.313284</timestamp>
			</report>
			<report>
				<misses>303700001</misses>
				<total>0</total>
				<timestamp>2939.248559</timestamp>
			</report>
			<report>
				<misses>303800001</misses>
				<total>0</total>
				<timestamp>2940.186601</timestamp>
			</report>
			<report>
				<misses>303900001</misses>
				<total>0</total>
				<timestamp>2941.122405</timestamp>
			</report>
			<report>
				<misses>304000001</misses>
				<total>0</total>
				<timestamp>2942.055171</timestamp>
			</report>
			<report>
				<misses>304100001</misses>
				<total>0</total>
				<timestamp>2942.990576</timestamp>
			</report>
			<report>
				<misses>304200001</misses>
				<total>0</total>
				<timestamp>2943.926234</timestamp>
			</report>
			<report>
				<misses>304300001</misses>
				<total>0</total>
				<timestamp>2944.860859</timestamp>
			</report>
			<report>
				<misses>304400001</misses>
				<total>0</total>
				<timestamp>2945.792820</timestamp>
			</report>
			<report>
				<misses>304500001</misses>
				<total>0</total>
				<timestamp>2946.727802</timestamp>
			</report>
			<report>
				<misses>304600001</misses>
				<total>0</total>
				<timestamp>2947.665999</timestamp>
			</report>
			<report>
				<misses>304700001</misses>
				<total>0</total>
				<timestamp>2948.599666</timestamp>
			</report>
			<report>
				<misses>304800001</misses>
				<total>0</total>
				<timestamp>2949.534714</timestamp>
			</report>
			<report>
				<misses>304900001</misses>
				<total>0</total>
				<timestamp>2950.470498</timestamp>
			</report>
			<report>
				<misses>305000001</misses>
				<total>0</total>
				<timestamp>2951.404107</timestamp>
			</report>
			<report>
				<misses>305100001</misses>
				<total>0</total>
				<timestamp>2952.340008</timestamp>
			</report>
			<report>
				<misses>305200001</misses>
				<total>0</total>
				<timestamp>2953.277535</timestamp>
			</report>
			<report>
				<misses>305300001</misses>
				<total>0</total>
				<timestamp>2954.211334</timestamp>
			</report>
			<report>
				<misses>305400001</misses>
				<total>0</total>
				<timestamp>2955.145965</timestamp>
			</report>
			<report>
				<misses>305500001</misses>
				<total>0</total>
				<timestamp>2956.081113</timestamp>
			</report>
			<report>
				<misses>305600001</misses>
				<total>0</total>
				<timestamp>2957.017000</timestamp>
			</report>
			<report>
				<misses>305700001</misses>
				<total>0</total>
				<timestamp>2957.953045</timestamp>
			</report>
			<report>
				<misses>305800001</misses>
				<total>0</total>
				<timestamp>2958.888973</timestamp>
			</report>
			<report>
				<misses>305900001</misses>
				<total>0</total>
				<timestamp>2959.826499</timestamp>
			</report>
			<report>
				<misses>306000001</misses>
				<total>0</total>
				<timestamp>2960.757659</timestamp>
			</report>
			<report>
				<misses>306100001</misses>
				<total>0</total>
				<timestamp>2961.691907</timestamp>
			</report>
			<report>
				<misses>306200001</misses>
				<total>0</total>
				<timestamp>2962.630626</timestamp>
			</report>
			<report>
				<misses>306300001</misses>
				<total>0</total>
				<timestamp>2963.567169</timestamp>
			</report>
			<report>
				<misses>306400001</misses>
				<total>0</total>
				<timestamp>2964.503530</timestamp>
			</report>
			<report>
				<misses>306500001</misses>
				<total>0</total>
				<timestamp>2965.438642</timestamp>
			</report>
			<report>
				<misses>306600001</misses>
				<total>0</total>
				<timestamp>2966.374193</timestamp>
			</report>
			<report>
				<misses>306700001</misses>
				<total>0</total>
				<timestamp>2967.309048</timestamp>
			</report>
			<report>
				<misses>306800001</misses>
				<total>0</total>
				<timestamp>2968.243772</timestamp>
			</report>
			<report>
				<misses>306900001</misses>
				<total>0</total>
				<timestamp>2969.180048</timestamp>
			</report>
			<report>
				<misses>307000001</misses>
				<total>0</total>
				<timestamp>2970.115888</timestamp>
			</report>
			<report>
				<misses>307100001</misses>
				<total>0</total>
				<timestamp>2971.048127</timestamp>
			</report>
			<report>
				<misses>307200001</misses>
				<total>0</total>
				<timestamp>2971.972953</timestamp>
			</report>
			<report>
				<misses>307300001</misses>
				<total>0</total>
				<timestamp>2972.908026</timestamp>
			</report>
			<report>
				<misses>307400001</misses>
				<total>0</total>
				<timestamp>2973.844049</timestamp>
			</report>
			<report>
				<misses>307500001</misses>
				<total>0</total>
				<timestamp>2974.779582</timestamp>
			</report>
			<report>
				<misses>307600001</misses>
				<total>0</total>
				<timestamp>2975.715893</timestamp>
			</report>
			<report>
				<misses>307700001</misses>
				<total>0</total>
				<timestamp>2976.651823</timestamp>
			</report>
			<report>
				<misses>307800001</misses>
				<total>0</total>
				<timestamp>2977.586744</timestamp>
			</report>
			<report>
				<misses>307900001</misses>
				<total>0</total>
				<timestamp>2978.523564</timestamp>
			</report>
			<report>
				<misses>308000001</misses>
				<total>0</total>
				<timestamp>2979.459970</timestamp>
			</report>
			<report>
				<misses>308100001</misses>
				<total>0</total>
				<timestamp>2980.396164</timestamp>
			</report>
			<report>
				<misses>308200001</misses>
				<total>0</total>
				<timestamp>2981.331946</timestamp>
			</report>
			<report>
				<misses>308300001</misses>
				<total>0</total>
				<timestamp>2982.265461</timestamp>
			</report>
			<report>
				<misses>308400001</misses>
				<total>0</total>
				<timestamp>2983.202547</timestamp>
			</report>
			<report>
				<misses>308500001</misses>
				<total>0</total>
				<timestamp>2984.140915</timestamp>
			</report>
			<report>
				<misses>308600001</misses>
				<total>0</total>
				<timestamp>2985.077650</timestamp>
			</report>
			<report>
				<misses>308700001</misses>
				<total>0</total>
				<timestamp>2986.013296</timestamp>
			</report>
			<report>
				<misses>308800001</misses>
				<total>0</total>
				<timestamp>2986.951213</timestamp>
			</report>
			<report>
				<misses>308900001</misses>
				<total>0</total>
				<timestamp>2987.887411</timestamp>
			</report>
			<report>
				<misses>309000001</misses>
				<total>0</total>
				<timestamp>2988.822161</timestamp>
			</report>
			<report>
				<misses>309100001</misses>
				<total>0</total>
				<timestamp>2989.758725</timestamp>
			</report>
			<report>
				<misses>309200001</misses>
				<total>0</total>
				<timestamp>2990.693488</timestamp>
			</report>
			<report>
				<misses>309300001</misses>
				<total>0</total>
				<timestamp>2991.628080</timestamp>
			</report>
			<report>
				<misses>309400001</misses>
				<total>0</total>
				<timestamp>2992.565662</timestamp>
			</report>
			<report>
				<misses>309500001</misses>
				<total>0</total>
				<timestamp>2993.503687</timestamp>
			</report>
			<report>
				<misses>309600001</misses>
				<total>0</total>
				<timestamp>2994.437532</timestamp>
			</report>
			<report>
				<misses>309700001</misses>
				<total>0</total>
				<timestamp>2995.371961</timestamp>
			</report>
			<report>
				<misses>309800001</misses>
				<total>0</total>
				<timestamp>2996.307375</timestamp>
			</report>
			<report>
				<misses>309900001</misses>
				<total>0</total>
				<timestamp>2997.239130</timestamp>
			</report>
			<report>
				<misses>310000001</misses>
				<total>0</total>
				<timestamp>2998.163943</timestamp>
			</report>
			<report>
				<misses>310100001</misses>
				<total>0</total>
				<timestamp>2999.100844</timestamp>
			</report>
			<report>
				<misses>310200001</misses>
				<total>0</total>
				<timestamp>3000.034418</timestamp>
			</report>
			<report>
				<misses>310300001</misses>
				<total>0</total>
				<timestamp>3000.972568</timestamp>
			</report>
			<report>
				<misses>310400001</misses>
				<total>0</total>
				<timestamp>3001.907593</timestamp>
			</report>
			<report>
				<misses>310500001</misses>
				<total>0</total>
				<timestamp>3002.843953</timestamp>
			</report>
			<report>
				<misses>310600001</misses>
				<total>0</total>
				<timestamp>3003.780422</timestamp>
			</report>
			<report>
				<misses>310700001</misses>
				<total>0</total>
				<timestamp>3004.716324</timestamp>
			</report>
			<report>
				<misses>310800001</misses>
				<total>0</total>
				<timestamp>3005.651840</timestamp>
			</report>
			<report>
				<misses>310900001</misses>
				<total>0</total>
				<timestamp>3006.584220</timestamp>
			</report>
			<report>
				<misses>311000001</misses>
				<total>0</total>
				<timestamp>3007.520821</timestamp>
			</report>
			<report>
				<misses>311100001</misses>
				<total>0</total>
				<timestamp>3008.456559</timestamp>
			</report>
			<report>
				<misses>311200001</misses>
				<total>0</total>
				<timestamp>3009.392500</timestamp>
			</report>
			<report>
				<misses>311300001</misses>
				<total>0</total>
				<timestamp>3010.327343</timestamp>
			</report>
			<report>
				<misses>311400001</misses>
				<total>0</total>
				<timestamp>3011.262239</timestamp>
			</report>
			<report>
				<misses>311500001</misses>
				<total>0</total>
				<timestamp>3012.198939</timestamp>
			</report>
			<report>
				<misses>311600001</misses>
				<total>0</total>
				<timestamp>3013.135534</timestamp>
			</report>
			<report>
				<misses>311700001</misses>
				<total>0</total>
				<timestamp>3014.070719</timestamp>
			</report>
			<report>
				<misses>311800001</misses>
				<total>0</total>
				<timestamp>3015.007079</timestamp>
			</report>
			<report>
				<misses>311900001</misses>
				<total>0</total>
				<timestamp>3015.942388</timestamp>
			</report>
			<report>
				<misses>312000001</misses>
				<total>0</total>
				<timestamp>3016.877234</timestamp>
			</report>
			<report>
				<misses>312100001</misses>
				<total>0</total>
				<timestamp>3017.813539</timestamp>
			</report>
			<report>
				<misses>312200001</misses>
				<total>0</total>
				<timestamp>3018.746866</timestamp>
			</report>
			<report>
				<misses>312300001</misses>
				<total>0</total>
				<timestamp>3019.682020</timestamp>
			</report>
			<report>
				<misses>312400001</misses>
				<total>0</total>
				<timestamp>3020.615120</timestamp>
			</report>
			<report>
				<misses>312500001</misses>
				<total>0</total>
				<timestamp>3021.553277</timestamp>
			</report>
			<report>
				<misses>312600001</misses>
				<total>0</total>
				<timestamp>3022.488330</timestamp>
			</report>
			<report>
				<misses>312700001</misses>
				<total>0</total>
				<timestamp>3023.421799</timestamp>
			</report>
			<report>
				<misses>312800001</misses>
				<total>0</total>
				<timestamp>3024.358120</timestamp>
			</report>
			<report>
				<misses>312900001</misses>
				<total>0</total>
				<timestamp>3025.292496</timestamp>
			</report>
			<report>
				<misses>313000001</misses>
				<total>0</total>
				<timestamp>3026.225705</timestamp>
			</report>
			<report>
				<misses>313100001</misses>
				<total>0</total>
				<timestamp>3027.160825</timestamp>
			</report>
			<report>
				<misses>313200001</misses>
				<total>0</total>
				<timestamp>3028.097812</timestamp>
			</report>
			<report>
				<misses>313300001</misses>
				<total>0</total>
				<timestamp>3029.033550</timestamp>
			</report>
			<report>
				<misses>313400001</misses>
				<total>0</total>
				<timestamp>3029.969476</timestamp>
			</report>
			<report>
				<misses>313500001</misses>
				<total>0</total>
				<timestamp>3030.905205</timestamp>
			</report>
			<report>
				<misses>313600001</misses>
				<total>0</total>
				<timestamp>3031.839825</timestamp>
			</report>
			<report>
				<misses>313700001</misses>
				<total>0</total>
				<timestamp>3032.774709</timestamp>
			</report>
			<report>
				<misses>313800001</misses>
				<total>0</total>
				<timestamp>3033.697315</timestamp>
			</report>
			<report>
				<misses>313900001</misses>
				<total>0</total>
				<timestamp>3034.625518</timestamp>
			</report>
			<report>
				<misses>314000001</misses>
				<total>0</total>
				<timestamp>3035.559617</timestamp>
			</report>
			<report>
				<misses>314100001</misses>
				<total>0</total>
				<timestamp>3036.493283</timestamp>
			</report>
			<report>
				<misses>314200001</misses>
				<total>0</total>
				<timestamp>3037.428191</timestamp>
			</report>
			<report>
				<misses>314300001</misses>
				<total>0</total>
				<timestamp>3038.365390</timestamp>
			</report>
			<report>
				<misses>314400001</misses>
				<total>0</total>
				<timestamp>3039.302573</timestamp>
			</report>
			<report>
				<misses>314500001</misses>
				<total>0</total>
				<timestamp>3040.238395</timestamp>
			</report>
			<report>
				<misses>314600001</misses>
				<total>0</total>
				<timestamp>3041.174927</timestamp>
			</report>
			<report>
				<misses>314700001</misses>
				<total>0</total>
				<timestamp>3042.113408</timestamp>
			</report>
			<report>
				<misses>314800001</misses>
				<total>0</total>
				<timestamp>3043.049919</timestamp>
			</report>
			<report>
				<misses>314900001</misses>
				<total>0</total>
				<timestamp>3043.984997</timestamp>
			</report>
			<report>
				<misses>315000001</misses>
				<total>0</total>
				<timestamp>3044.920504</timestamp>
			</report>
			<report>
				<misses>315100001</misses>
				<total>0</total>
				<timestamp>3045.856027</timestamp>
			</report>
			<report>
				<misses>315200001</misses>
				<total>0</total>
				<timestamp>3046.789726</timestamp>
			</report>
			<report>
				<misses>315300001</misses>
				<total>0</total>
				<timestamp>3047.723250</timestamp>
			</report>
			<report>
				<misses>315400001</misses>
				<total>0</total>
				<timestamp>3048.649118</timestamp>
			</report>
			<report>
				<misses>315500001</misses>
				<total>0</total>
				<timestamp>3049.573034</timestamp>
			</report>
			<report>
				<misses>315600001</misses>
				<total>0</total>
				<timestamp>3050.506691</timestamp>
			</report>
			<report>
				<misses>315700001</misses>
				<total>0</total>
				<timestamp>3051.440500</timestamp>
			</report>
			<report>
				<misses>315800001</misses>
				<total>0</total>
				<timestamp>3052.368212</timestamp>
			</report>
			<report>
				<misses>315900001</misses>
				<total>0</total>
				<timestamp>3053.300978</timestamp>
			</report>
			<report>
				<misses>316000001</misses>
				<total>0</total>
				<timestamp>3054.234420</timestamp>
			</report>
			<report>
				<misses>316100001</misses>
				<total>0</total>
				<timestamp>3055.168070</timestamp>
			</report>
			<report>
				<misses>316200001</misses>
				<total>0</total>
				<timestamp>3056.104310</timestamp>
			</report>
			<report>
				<misses>316300001</misses>
				<total>0</total>
				<timestamp>3057.040004</timestamp>
			</report>
			<report>
				<misses>316400001</misses>
				<total>0</total>
				<timestamp>3057.976349</timestamp>
			</report>
			<report>
				<misses>316500001</misses>
				<total>0</total>
				<timestamp>3058.909822</timestamp>
			</report>
			<report>
				<misses>316600001</misses>
				<total>0</total>
				<timestamp>3059.843305</timestamp>
			</report>
			<report>
				<misses>316700001</misses>
				<total>0</total>
				<timestamp>3060.778830</timestamp>
			</report>
			<report>
				<misses>316800001</misses>
				<total>0</total>
				<timestamp>3061.714197</timestamp>
			</report>
			<report>
				<misses>316900001</misses>
				<total>0</total>
				<timestamp>3062.649481</timestamp>
			</report>
			<report>
				<misses>317000001</misses>
				<total>0</total>
				<timestamp>3063.586938</timestamp>
			</report>
			<report>
				<misses>317100001</misses>
				<total>0</total>
				<timestamp>3064.520077</timestamp>
			</report>
			<report>
				<misses>317200001</misses>
				<total>0</total>
				<timestamp>3065.455690</timestamp>
			</report>
			<report>
				<misses>317300001</misses>
				<total>0</total>
				<timestamp>3066.391344</timestamp>
			</report>
			<report>
				<misses>317400001</misses>
				<total>0</total>
				<timestamp>3067.325508</timestamp>
			</report>
			<report>
				<misses>317500001</misses>
				<total>0</total>
				<timestamp>3068.260718</timestamp>
			</report>
			<report>
				<misses>317600001</misses>
				<total>0</total>
				<timestamp>3069.197036</timestamp>
			</report>
			<report>
				<misses>317700001</misses>
				<total>0</total>
				<timestamp>3070.131853</timestamp>
			</report>
			<report>
				<misses>317800001</misses>
				<total>0</total>
				<timestamp>3071.066933</timestamp>
			</report>
			<report>
				<misses>317900001</misses>
				<total>0</total>
				<timestamp>3072.003564</timestamp>
			</report>
			<report>
				<misses>318000001</misses>
				<total>0</total>
				<timestamp>3072.939397</timestamp>
			</report>
			<report>
				<misses>318100001</misses>
				<total>0</total>
				<timestamp>3073.877299</timestamp>
			</report>
			<report>
				<misses>318200001</misses>
				<total>0</total>
				<timestamp>3074.813962</timestamp>
			</report>
			<report>
				<misses>318300001</misses>
				<total>0</total>
				<timestamp>3075.748716</timestamp>
			</report>
			<report>
				<misses>318400001</misses>
				<total>0</total>
				<timestamp>3076.685080</timestamp>
			</report>
			<report>
				<misses>318500001</misses>
				<total>0</total>
				<timestamp>3077.619740</timestamp>
			</report>
			<report>
				<misses>318600001</misses>
				<total>0</total>
				<timestamp>3078.554125</timestamp>
			</report>
			<report>
				<misses>318700001</misses>
				<total>0</total>
				<timestamp>3079.489930</timestamp>
			</report>
			<report>
				<misses>318800001</misses>
				<total>0</total>
				<timestamp>3080.425050</timestamp>
			</report>
			<report>
				<misses>318900001</misses>
				<total>0</total>
				<timestamp>3081.355671</timestamp>
			</report>
			<report>
				<misses>319000001</misses>
				<total>0</total>
				<timestamp>3082.289858</timestamp>
			</report>
			<report>
				<misses>319100001</misses>
				<total>0</total>
				<timestamp>3083.224292</timestamp>
			</report>
			<report>
				<misses>319200001</misses>
				<total>0</total>
				<timestamp>3084.158998</timestamp>
			</report>
			<report>
				<misses>319300001</misses>
				<total>0</total>
				<timestamp>3085.089249</timestamp>
			</report>
			<report>
				<misses>319400001</misses>
				<total>0</total>
				<timestamp>3086.024318</timestamp>
			</report>
			<report>
				<misses>319500001</misses>
				<total>0</total>
				<timestamp>3086.958152</timestamp>
			</report>
			<report>
				<misses>319600001</misses>
				<total>0</total>
				<timestamp>3087.892089</timestamp>
			</report>
			<report>
				<misses>319700001</misses>
				<total>0</total>
				<timestamp>3088.826645</timestamp>
			</report>
			<report>
				<misses>319800001</misses>
				<total>0</total>
				<timestamp>3089.759906</timestamp>
			</report>
			<report>
				<misses>319900001</misses>
				<total>0</total>
				<timestamp>3090.695825</timestamp>
			</report>
			<report>
				<misses>320000001</misses>
				<total>0</total>
				<timestamp>3091.632676</timestamp>
			</report>
			<report>
				<misses>320100001</misses>
				<total>0</total>
				<timestamp>3092.566176</timestamp>
			</report>
			<report>
				<misses>320200001</misses>
				<total>0</total>
				<timestamp>3093.501221</timestamp>
			</report>
			<report>
				<misses>320300001</misses>
				<total>0</total>
				<timestamp>3094.437660</timestamp>
			</report>
			<report>
				<misses>320400001</misses>
				<total>0</total>
				<timestamp>3095.374923</timestamp>
			</report>
			<report>
				<misses>320500001</misses>
				<total>0</total>
				<timestamp>3096.313180</timestamp>
			</report>
			<report>
				<misses>320600001</misses>
				<total>0</total>
				<timestamp>3097.248917</timestamp>
			</report>
			<report>
				<misses>320700001</misses>
				<total>0</total>
				<timestamp>3098.184906</timestamp>
			</report>
			<report>
				<misses>320800001</misses>
				<total>0</total>
				<timestamp>3099.118631</timestamp>
			</report>
			<report>
				<misses>320900001</misses>
				<total>0</total>
				<timestamp>3100.052249</timestamp>
			</report>
			<report>
				<misses>321000001</misses>
				<total>0</total>
				<timestamp>3100.987825</timestamp>
			</report>
			<report>
				<misses>321100001</misses>
				<total>0</total>
				<timestamp>3101.923448</timestamp>
			</report>
			<report>
				<misses>321200001</misses>
				<total>0</total>
				<timestamp>3102.861623</timestamp>
			</report>
			<report>
				<misses>321300001</misses>
				<total>0</total>
				<timestamp>3103.798205</timestamp>
			</report>
			<report>
				<misses>321400001</misses>
				<total>0</total>
				<timestamp>3104.734786</timestamp>
			</report>
			<report>
				<misses>321500001</misses>
				<total>0</total>
				<timestamp>3105.666042</timestamp>
			</report>
			<report>
				<misses>321600001</misses>
				<total>0</total>
				<timestamp>3106.600965</timestamp>
			</report>
			<report>
				<misses>321700001</misses>
				<total>0</total>
				<timestamp>3107.535550</timestamp>
			</report>
			<report>
				<misses>321800001</misses>
				<total>0</total>
				<timestamp>3108.469860</timestamp>
			</report>
			<report>
				<misses>321900001</misses>
				<total>0</total>
				<timestamp>3109.407953</timestamp>
			</report>
			<report>
				<misses>322000001</misses>
				<total>0</total>
				<timestamp>3110.343114</timestamp>
			</report>
			<report>
				<misses>322100001</misses>
				<total>0</total>
				<timestamp>3111.279191</timestamp>
			</report>
			<report>
				<misses>322200001</misses>
				<total>0</total>
				<timestamp>3112.213557</timestamp>
			</report>
			<report>
				<misses>322300001</misses>
				<total>0</total>
				<timestamp>3113.149588</timestamp>
			</report>
			<report>
				<misses>322400001</misses>
				<total>0</total>
				<timestamp>3114.085867</timestamp>
			</report>
			<report>
				<misses>322500001</misses>
				<total>0</total>
				<timestamp>3115.023009</timestamp>
			</report>
			<report>
				<misses>322600001</misses>
				<total>0</total>
				<timestamp>3115.955705</timestamp>
			</report>
			<report>
				<misses>322700001</misses>
				<total>0</total>
				<timestamp>3116.891838</timestamp>
			</report>
			<report>
				<misses>322800001</misses>
				<total>0</total>
				<timestamp>3117.825225</timestamp>
			</report>
			<report>
				<misses>322900001</misses>
				<total>0</total>
				<timestamp>3118.760280</timestamp>
			</report>
			<report>
				<misses>323000001</misses>
				<total>0</total>
				<timestamp>3119.698879</timestamp>
			</report>
			<report>
				<misses>323100001</misses>
				<total>0</total>
				<timestamp>3120.637193</timestamp>
			</report>
			<report>
				<misses>323200001</misses>
				<total>0</total>
				<timestamp>3121.576286</timestamp>
			</report>
			<report>
				<misses>323300001</misses>
				<total>0</total>
				<timestamp>3122.513544</timestamp>
			</report>
			<report>
				<misses>323400001</misses>
				<total>0</total>
				<timestamp>3123.450215</timestamp>
			</report>
			<report>
				<misses>323500001</misses>
				<total>0</total>
				<timestamp>3124.387139</timestamp>
			</report>
			<report>
				<misses>323600001</misses>
				<total>0</total>
				<timestamp>3125.322971</timestamp>
			</report>
			<report>
				<misses>323700001</misses>
				<total>0</total>
				<timestamp>3126.256433</timestamp>
			</report>
			<report>
				<misses>323800001</misses>
				<total>0</total>
				<timestamp>3127.194723</timestamp>
			</report>
			<report>
				<misses>323900001</misses>
				<total>0</total>
				<timestamp>3128.130399</timestamp>
			</report>
			<report>
				<misses>324000001</misses>
				<total>0</total>
				<timestamp>3129.064157</timestamp>
			</report>
			<report>
				<misses>324100001</misses>
				<total>0</total>
				<timestamp>3129.998056</timestamp>
			</report>
			<report>
				<misses>324200001</misses>
				<total>0</total>
				<timestamp>3130.933453</timestamp>
			</report>
			<report>
				<misses>324300001</misses>
				<total>0</total>
				<timestamp>3131.869080</timestamp>
			</report>
			<report>
				<misses>324400001</misses>
				<total>0</total>
				<timestamp>3132.803360</timestamp>
			</report>
			<report>
				<misses>324500001</misses>
				<total>0</total>
				<timestamp>3133.738240</timestamp>
			</report>
			<report>
				<misses>324600001</misses>
				<total>0</total>
				<timestamp>3134.676130</timestamp>
			</report>
			<report>
				<misses>324700001</misses>
				<total>0</total>
				<timestamp>3135.609472</timestamp>
			</report>
			<report>
				<misses>324800001</misses>
				<total>0</total>
				<timestamp>3136.547918</timestamp>
			</report>
			<report>
				<misses>324900001</misses>
				<total>0</total>
				<timestamp>3137.486695</timestamp>
			</report>
			<report>
				<misses>325000001</misses>
				<total>0</total>
				<timestamp>3138.420818</timestamp>
			</report>
			<report>
				<misses>325100001</misses>
				<total>0</total>
				<timestamp>3139.356523</timestamp>
			</report>
			<report>
				<misses>325200001</misses>
				<total>0</total>
				<timestamp>3140.292903</timestamp>
			</report>
			<report>
				<misses>325300001</misses>
				<total>0</total>
				<timestamp>3141.229299</timestamp>
			</report>
			<report>
				<misses>325400001</misses>
				<total>0</total>
				<timestamp>3142.161492</timestamp>
			</report>
			<report>
				<misses>325500001</misses>
				<total>0</total>
				<timestamp>3143.097145</timestamp>
			</report>
			<report>
				<misses>325600001</misses>
				<total>0</total>
				<timestamp>3144.033147</timestamp>
			</report>
			<report>
				<misses>325700001</misses>
				<total>0</total>
				<timestamp>3144.966004</timestamp>
			</report>
			<report>
				<misses>325800001</misses>
				<total>0</total>
				<timestamp>3145.901078</timestamp>
			</report>
			<report>
				<misses>325900001</misses>
				<total>0</total>
				<timestamp>3146.836556</timestamp>
			</report>
			<report>
				<misses>326000001</misses>
				<total>0</total>
				<timestamp>3147.772053</timestamp>
			</report>
			<report>
				<misses>326100001</misses>
				<total>0</total>
				<timestamp>3148.705639</timestamp>
			</report>
			<report>
				<misses>326200001</misses>
				<total>0</total>
				<timestamp>3149.644247</timestamp>
			</report>
			<report>
				<misses>326300001</misses>
				<total>0</total>
				<timestamp>3150.581394</timestamp>
			</report>
			<report>
				<misses>326400001</misses>
				<total>0</total>
				<timestamp>3151.516621</timestamp>
			</report>
			<report>
				<misses>326500001</misses>
				<total>0</total>
				<timestamp>3152.454236</timestamp>
			</report>
			<report>
				<misses>326600001</misses>
				<total>0</total>
				<timestamp>3153.387949</timestamp>
			</report>
			<report>
				<misses>326700001</misses>
				<total>0</total>
				<timestamp>3154.326517</timestamp>
			</report>
			<report>
				<misses>326800001</misses>
				<total>0</total>
				<timestamp>3155.260687</timestamp>
			</report>
			<report>
				<misses>326900001</misses>
				<total>0</total>
				<timestamp>3156.198166</timestamp>
			</report>
			<report>
				<misses>327000001</misses>
				<total>0</total>
				<timestamp>3157.133917</timestamp>
			</report>
			<report>
				<misses>327100001</misses>
				<total>0</total>
				<timestamp>3158.068595</timestamp>
			</report>
			<report>
				<misses>327200001</misses>
				<total>0</total>
				<timestamp>3159.001633</timestamp>
			</report>
			<report>
				<misses>327300001</misses>
				<total>0</total>
				<timestamp>3159.936891</timestamp>
			</report>
			<report>
				<misses>327400001</misses>
				<total>0</total>
				<timestamp>3160.872258</timestamp>
			</report>
			<report>
				<misses>327500001</misses>
				<total>0</total>
				<timestamp>3161.810780</timestamp>
			</report>
			<report>
				<misses>327600001</misses>
				<total>0</total>
				<timestamp>3162.745063</timestamp>
			</report>
			<report>
				<misses>327700001</misses>
				<total>0</total>
				<timestamp>3163.682526</timestamp>
			</report>
			<report>
				<misses>327800001</misses>
				<total>0</total>
				<timestamp>3164.619475</timestamp>
			</report>
			<report>
				<misses>327900001</misses>
				<total>0</total>
				<timestamp>3165.556428</timestamp>
			</report>
			<report>
				<misses>328000001</misses>
				<total>0</total>
				<timestamp>3166.495455</timestamp>
			</report>
			<report>
				<misses>328100001</misses>
				<total>0</total>
				<timestamp>3167.433241</timestamp>
			</report>
			<report>
				<misses>328200001</misses>
				<total>0</total>
				<timestamp>3168.369663</timestamp>
			</report>
			<report>
				<misses>328300001</misses>
				<total>0</total>
				<timestamp>3169.304414</timestamp>
			</report>
			<report>
				<misses>328400001</misses>
				<total>0</total>
				<timestamp>3170.240649</timestamp>
			</report>
			<report>
				<misses>328500001</misses>
				<total>0</total>
				<timestamp>3171.176592</timestamp>
			</report>
			<report>
				<misses>328600001</misses>
				<total>0</total>
				<timestamp>3172.111276</timestamp>
			</report>
			<report>
				<misses>328700001</misses>
				<total>0</total>
				<timestamp>3173.044502</timestamp>
			</report>
			<report>
				<misses>328800001</misses>
				<total>0</total>
				<timestamp>3173.981437</timestamp>
			</report>
			<report>
				<misses>328900001</misses>
				<total>0</total>
				<timestamp>3174.914013</timestamp>
			</report>
			<report>
				<misses>329000001</misses>
				<total>0</total>
				<timestamp>3175.848095</timestamp>
			</report>
			<report>
				<misses>329100001</misses>
				<total>0</total>
				<timestamp>3176.784932</timestamp>
			</report>
			<report>
				<misses>329200001</misses>
				<total>0</total>
				<timestamp>3177.721627</timestamp>
			</report>
			<report>
				<misses>329300001</misses>
				<total>0</total>
				<timestamp>3178.657699</timestamp>
			</report>
			<report>
				<misses>329400001</misses>
				<total>0</total>
				<timestamp>3179.593845</timestamp>
			</report>
			<report>
				<misses>329500001</misses>
				<total>0</total>
				<timestamp>3180.529199</timestamp>
			</report>
			<report>
				<misses>329600001</misses>
				<total>0</total>
				<timestamp>3181.462140</timestamp>
			</report>
			<report>
				<misses>329700001</misses>
				<total>0</total>
				<timestamp>3182.396638</timestamp>
			</report>
			<report>
				<misses>329800001</misses>
				<total>0</total>
				<timestamp>3183.331601</timestamp>
			</report>
			<report>
				<misses>329900001</misses>
				<total>0</total>
				<timestamp>3184.266920</timestamp>
			</report>
			<report>
				<misses>330000001</misses>
				<total>0</total>
				<timestamp>3185.203652</timestamp>
			</report>
			<report>
				<misses>330100001</misses>
				<total>0</total>
				<timestamp>3186.138207</timestamp>
			</report>
			<report>
				<misses>330200001</misses>
				<total>0</total>
				<timestamp>3187.070906</timestamp>
			</report>
			<report>
				<misses>330300001</misses>
				<total>0</total>
				<timestamp>3188.003765</timestamp>
			</report>
			<report>
				<misses>330400001</misses>
				<total>0</total>
				<timestamp>3188.939398</timestamp>
			</report>
			<report>
				<misses>330500001</misses>
				<total>0</total>
				<timestamp>3189.876029</timestamp>
			</report>
			<report>
				<misses>330600001</misses>
				<total>0</total>
				<timestamp>3190.812467</timestamp>
			</report>
			<report>
				<misses>330700001</misses>
				<total>0</total>
				<timestamp>3191.747905</timestamp>
			</report>
			<report>
				<misses>330800001</misses>
				<total>0</total>
				<timestamp>3192.680318</timestamp>
			</report>
			<report>
				<misses>330900001</misses>
				<total>0</total>
				<timestamp>3193.614552</timestamp>
			</report>
			<report>
				<misses>331000001</misses>
				<total>0</total>
				<timestamp>3194.548840</timestamp>
			</report>
			<report>
				<misses>331100001</misses>
				<total>0</total>
				<timestamp>3195.482917</timestamp>
			</report>
			<report>
				<misses>331200001</misses>
				<total>0</total>
				<timestamp>3196.419568</timestamp>
			</report>
			<report>
				<misses>331300001</misses>
				<total>0</total>
				<timestamp>3197.355781</timestamp>
			</report>
			<report>
				<misses>331400001</misses>
				<total>0</total>
				<timestamp>3198.294356</timestamp>
			</report>
			<report>
				<misses>331500001</misses>
				<total>0</total>
				<timestamp>3199.228968</timestamp>
			</report>
			<report>
				<misses>331600001</misses>
				<total>0</total>
				<timestamp>3200.162689</timestamp>
			</report>
			<report>
				<misses>331700001</misses>
				<total>0</total>
				<timestamp>3201.097596</timestamp>
			</report>
			<report>
				<misses>331800001</misses>
				<total>0</total>
				<timestamp>3202.034828</timestamp>
			</report>
			<report>
				<misses>331900001</misses>
				<total>0</total>
				<timestamp>3202.968304</timestamp>
			</report>
			<report>
				<misses>332000001</misses>
				<total>0</total>
				<timestamp>3203.902948</timestamp>
			</report>
			<report>
				<misses>332100001</misses>
				<total>0</total>
				<timestamp>3204.839386</timestamp>
			</report>
			<report>
				<misses>332200001</misses>
				<total>0</total>
				<timestamp>3205.775278</timestamp>
			</report>
			<report>
				<misses>332300001</misses>
				<total>0</total>
				<timestamp>3206.711017</timestamp>
			</report>
			<report>
				<misses>332400001</misses>
				<total>0</total>
				<timestamp>3207.646606</timestamp>
			</report>
			<report>
				<misses>332500001</misses>
				<total>0</total>
				<timestamp>3208.581618</timestamp>
			</report>
			<report>
				<misses>332600001</misses>
				<total>0</total>
				<timestamp>3209.518473</timestamp>
			</report>
			<report>
				<misses>332700001</misses>
				<total>0</total>
				<timestamp>3210.454911</timestamp>
			</report>
			<report>
				<misses>332800001</misses>
				<total>0</total>
				<timestamp>3211.390378</timestamp>
			</report>
			<report>
				<misses>332900001</misses>
				<total>0</total>
				<timestamp>3212.324309</timestamp>
			</report>
			<report>
				<misses>333000001</misses>
				<total>0</total>
				<timestamp>3213.262101</timestamp>
			</report>
			<report>
				<misses>333100001</misses>
				<total>0</total>
				<timestamp>3214.196048</timestamp>
			</report>
			<report>
				<misses>333200001</misses>
				<total>0</total>
				<timestamp>3215.129654</timestamp>
			</report>
			<report>
				<misses>333300001</misses>
				<total>0</total>
				<timestamp>3216.065440</timestamp>
			</report>
			<report>
				<misses>333400001</misses>
				<total>0</total>
				<timestamp>3217.001529</timestamp>
			</report>
			<report>
				<misses>333500001</misses>
				<total>0</total>
				<timestamp>3217.935898</timestamp>
			</report>
			<report>
				<misses>333600001</misses>
				<total>0</total>
				<timestamp>3218.872484</timestamp>
			</report>
			<report>
				<misses>333700001</misses>
				<total>0</total>
				<timestamp>3219.809879</timestamp>
			</report>
			<report>
				<misses>333800001</misses>
				<total>0</total>
				<timestamp>3220.745493</timestamp>
			</report>
			<report>
				<misses>333900001</misses>
				<total>0</total>
				<timestamp>3221.680461</timestamp>
			</report>
			<report>
				<misses>334000001</misses>
				<total>0</total>
				<timestamp>3222.613881</timestamp>
			</report>
			<report>
				<misses>334100001</misses>
				<total>0</total>
				<timestamp>3223.549469</timestamp>
			</report>
			<report>
				<misses>334200001</misses>
				<total>0</total>
				<timestamp>3224.484947</timestamp>
			</report>
			<report>
				<misses>334300001</misses>
				<total>0</total>
				<timestamp>3225.417573</timestamp>
			</report>
			<report>
				<misses>334400001</misses>
				<total>0</total>
				<timestamp>3226.354010</timestamp>
			</report>
			<report>
				<misses>334500001</misses>
				<total>0</total>
				<timestamp>3227.287906</timestamp>
			</report>
			<report>
				<misses>334600001</misses>
				<total>0</total>
				<timestamp>3228.223120</timestamp>
			</report>
			<report>
				<misses>334700001</misses>
				<total>0</total>
				<timestamp>3229.159305</timestamp>
			</report>
			<report>
				<misses>334800001</misses>
				<total>0</total>
				<timestamp>3230.094257</timestamp>
			</report>
			<report>
				<misses>334900001</misses>
				<total>0</total>
				<timestamp>3231.029485</timestamp>
			</report>
			<report>
				<misses>335000001</misses>
				<total>0</total>
				<timestamp>3231.963214</timestamp>
			</report>
			<report>
				<misses>335100001</misses>
				<total>0</total>
				<timestamp>3232.898417</timestamp>
			</report>
			<report>
				<misses>335200001</misses>
				<total>0</total>
				<timestamp>3233.833466</timestamp>
			</report>
			<report>
				<misses>335300001</misses>
				<total>0</total>
				<timestamp>3234.767429</timestamp>
			</report>
			<report>
				<misses>335400001</misses>
				<total>0</total>
				<timestamp>3235.705093</timestamp>
			</report>
			<report>
				<misses>335500001</misses>
				<total>0</total>
				<timestamp>3236.642262</timestamp>
			</report>
			<report>
				<misses>335600001</misses>
				<total>0</total>
				<timestamp>3237.577818</timestamp>
			</report>
			<report>
				<misses>335700001</misses>
				<total>0</total>
				<timestamp>3238.512868</timestamp>
			</report>
			<report>
				<misses>335800001</misses>
				<total>0</total>
				<timestamp>3239.451586</timestamp>
			</report>
			<report>
				<misses>335900001</misses>
				<total>0</total>
				<timestamp>3240.385268</timestamp>
			</report>
			<report>
				<misses>336000001</misses>
				<total>0</total>
				<timestamp>3241.321885</timestamp>
			</report>
			<report>
				<misses>336100001</misses>
				<total>0</total>
				<timestamp>3242.256908</timestamp>
			</report>
			<report>
				<misses>336200001</misses>
				<total>0</total>
				<timestamp>3243.192233</timestamp>
			</report>
			<report>
				<misses>336300001</misses>
				<total>0</total>
				<timestamp>3244.127063</timestamp>
			</report>
			<report>
				<misses>336400001</misses>
				<total>0</total>
				<timestamp>3245.065303</timestamp>
			</report>
			<report>
				<misses>336500001</misses>
				<total>0</total>
				<timestamp>3245.999103</timestamp>
			</report>
			<report>
				<misses>336600001</misses>
				<total>0</total>
				<timestamp>3246.932501</timestamp>
			</report>
			<report>
				<misses>336700001</misses>
				<total>0</total>
				<timestamp>3247.868674</timestamp>
			</report>
			<report>
				<misses>336800001</misses>
				<total>0</total>
				<timestamp>3248.802503</timestamp>
			</report>
			<report>
				<misses>336900001</misses>
				<total>0</total>
				<timestamp>3249.736767</timestamp>
			</report>
			<report>
				<misses>337000001</misses>
				<total>0</total>
				<timestamp>3250.672858</timestamp>
			</report>
			<report>
				<misses>337100001</misses>
				<total>0</total>
				<timestamp>3251.605459</timestamp>
			</report>
			<report>
				<misses>337200001</misses>
				<total>0</total>
				<timestamp>3252.541077</timestamp>
			</report>
			<report>
				<misses>337300001</misses>
				<total>0</total>
				<timestamp>3253.477836</timestamp>
			</report>
			<report>
				<misses>337400001</misses>
				<total>0</total>
				<timestamp>3254.414930</timestamp>
			</report>
			<report>
				<misses>337500001</misses>
				<total>0</total>
				<timestamp>3255.350837</timestamp>
			</report>
			<report>
				<misses>337600001</misses>
				<total>0</total>
				<timestamp>3256.287243</timestamp>
			</report>
			<report>
				<misses>337700001</misses>
				<total>0</total>
				<timestamp>3257.227280</timestamp>
			</report>
			<report>
				<misses>337800001</misses>
				<total>0</total>
				<timestamp>3258.163321</timestamp>
			</report>
			<report>
				<misses>337900001</misses>
				<total>0</total>
				<timestamp>3259.098483</timestamp>
			</report>
			<report>
				<misses>338000001</misses>
				<total>0</total>
				<timestamp>3260.033941</timestamp>
			</report>
			<report>
				<misses>338100001</misses>
				<total>0</total>
				<timestamp>3260.969097</timestamp>
			</report>
			<report>
				<misses>338200001</misses>
				<total>0</total>
				<timestamp>3261.905223</timestamp>
			</report>
			<report>
				<misses>338300001</misses>
				<total>0</total>
				<timestamp>3262.829069</timestamp>
			</report>
			<report>
				<misses>338400001</misses>
				<total>0</total>
				<timestamp>3263.765579</timestamp>
			</report>
			<report>
				<misses>338500001</misses>
				<total>0</total>
				<timestamp>3264.688182</timestamp>
			</report>
			<report>
				<misses>338600001</misses>
				<total>0</total>
				<timestamp>3265.611732</timestamp>
			</report>
			<report>
				<misses>338700001</misses>
				<total>0</total>
				<timestamp>3266.536003</timestamp>
			</report>
			<report>
				<misses>338800001</misses>
				<total>0</total>
				<timestamp>3267.471052</timestamp>
			</report>
			<report>
				<misses>338900001</misses>
				<total>0</total>
				<timestamp>3268.406539</timestamp>
			</report>
			<report>
				<misses>339000001</misses>
				<total>0</total>
				<timestamp>3269.341064</timestamp>
			</report>
			<report>
				<misses>339100001</misses>
				<total>0</total>
				<timestamp>3270.276497</timestamp>
			</report>
			<report>
				<misses>339200001</misses>
				<total>0</total>
				<timestamp>3271.213163</timestamp>
			</report>
			<report>
				<misses>339300001</misses>
				<total>0</total>
				<timestamp>3272.149545</timestamp>
			</report>
			<report>
				<misses>339400001</misses>
				<total>0</total>
				<timestamp>3273.085750</timestamp>
			</report>
			<report>
				<misses>339500001</misses>
				<total>0</total>
				<timestamp>3274.020418</timestamp>
			</report>
			<report>
				<misses>339600001</misses>
				<total>0</total>
				<timestamp>3274.957545</timestamp>
			</report>
			<report>
				<misses>339700001</misses>
				<total>0</total>
				<timestamp>3275.894700</timestamp>
			</report>
			<report>
				<misses>339800001</misses>
				<total>0</total>
				<timestamp>3276.831326</timestamp>
			</report>
			<report>
				<misses>339900001</misses>
				<total>0</total>
				<timestamp>3277.767581</timestamp>
			</report>
			<report>
				<misses>340000001</misses>
				<total>0</total>
				<timestamp>3278.703357</timestamp>
			</report>
			<report>
				<misses>340100001</misses>
				<total>0</total>
				<timestamp>3279.638135</timestamp>
			</report>
			<report>
				<misses>340200001</misses>
				<total>0</total>
				<timestamp>3280.571570</timestamp>
			</report>
			<report>
				<misses>340300001</misses>
				<total>0</total>
				<timestamp>3281.506939</timestamp>
			</report>
			<report>
				<misses>340400001</misses>
				<total>0</total>
				<timestamp>3282.441445</timestamp>
			</report>
			<report>
				<misses>340500001</misses>
				<total>0</total>
				<timestamp>3283.378517</timestamp>
			</report>
			<report>
				<misses>340600001</misses>
				<total>0</total>
				<timestamp>3284.315231</timestamp>
			</report>
			<report>
				<misses>340700001</misses>
				<total>0</total>
				<timestamp>3285.250004</timestamp>
			</report>
			<report>
				<misses>340800001</misses>
				<total>0</total>
				<timestamp>3286.185764</timestamp>
			</report>
			<report>
				<misses>340900001</misses>
				<total>0</total>
				<timestamp>3287.122255</timestamp>
			</report>
			<report>
				<misses>341000001</misses>
				<total>0</total>
				<timestamp>3288.058501</timestamp>
			</report>
			<report>
				<misses>341100001</misses>
				<total>0</total>
				<timestamp>3288.993286</timestamp>
			</report>
			<report>
				<misses>341200001</misses>
				<total>0</total>
				<timestamp>3289.930707</timestamp>
			</report>
			<report>
				<misses>341300001</misses>
				<total>0</total>
				<timestamp>3290.865187</timestamp>
			</report>
			<report>
				<misses>341400001</misses>
				<total>0</total>
				<timestamp>3291.801709</timestamp>
			</report>
			<report>
				<misses>341500001</misses>
				<total>0</total>
				<timestamp>3292.735251</timestamp>
			</report>
			<report>
				<misses>341600001</misses>
				<total>0</total>
				<timestamp>3293.670346</timestamp>
			</report>
			<report>
				<misses>341700001</misses>
				<total>0</total>
				<timestamp>3294.605435</timestamp>
			</report>
			<report>
				<misses>341800001</misses>
				<total>0</total>
				<timestamp>3295.539670</timestamp>
			</report>
			<report>
				<misses>341900001</misses>
				<total>0</total>
				<timestamp>3296.476000</timestamp>
			</report>
			<report>
				<misses>342000001</misses>
				<total>0</total>
				<timestamp>3297.412568</timestamp>
			</report>
			<report>
				<misses>342100001</misses>
				<total>0</total>
				<timestamp>3298.347637</timestamp>
			</report>
			<report>
				<misses>342200001</misses>
				<total>0</total>
				<timestamp>3299.284400</timestamp>
			</report>
			<report>
				<misses>342300001</misses>
				<total>0</total>
				<timestamp>3300.215399</timestamp>
			</report>
			<report>
				<misses>342400001</misses>
				<total>0</total>
				<timestamp>3301.149622</timestamp>
			</report>
			<report>
				<misses>342500001</misses>
				<total>0</total>
				<timestamp>3302.085488</timestamp>
			</report>
			<report>
				<misses>342600001</misses>
				<total>0</total>
				<timestamp>3303.021274</timestamp>
			</report>
			<report>
				<misses>342700001</misses>
				<total>0</total>
				<timestamp>3303.957086</timestamp>
			</report>
			<report>
				<misses>342800001</misses>
				<total>0</total>
				<timestamp>3304.891155</timestamp>
			</report>
			<report>
				<misses>342900001</misses>
				<total>0</total>
				<timestamp>3305.823697</timestamp>
			</report>
			<report>
				<misses>343000001</misses>
				<total>0</total>
				<timestamp>3306.759330</timestamp>
			</report>
			<report>
				<misses>343100001</misses>
				<total>0</total>
				<timestamp>3307.694774</timestamp>
			</report>
			<report>
				<misses>343200001</misses>
				<total>0</total>
				<timestamp>3308.629603</timestamp>
			</report>
			<report>
				<misses>343300001</misses>
				<total>0</total>
				<timestamp>3309.560520</timestamp>
			</report>
			<report>
				<misses>343400001</misses>
				<total>0</total>
				<timestamp>3310.494877</timestamp>
			</report>
			<report>
				<misses>343500001</misses>
				<total>0</total>
				<timestamp>3311.432483</timestamp>
			</report>
			<report>
				<misses>343600001</misses>
				<total>0</total>
				<timestamp>3312.367338</timestamp>
			</report>
			<report>
				<misses>343700001</misses>
				<total>0</total>
				<timestamp>3313.302451</timestamp>
			</report>
			<report>
				<misses>343800001</misses>
				<total>0</total>
				<timestamp>3314.238437</timestamp>
			</report>
			<report>
				<misses>343900001</misses>
				<total>0</total>
				<timestamp>3315.171593</timestamp>
			</report>
			<report>
				<misses>344000001</misses>
				<total>0</total>
				<timestamp>3316.106831</timestamp>
			</report>
			<report>
				<misses>344100001</misses>
				<total>0</total>
				<timestamp>3317.043058</timestamp>
			</report>
			<report>
				<misses>344200001</misses>
				<total>0</total>
				<timestamp>3317.979976</timestamp>
			</report>
			<report>
				<misses>344300001</misses>
				<total>0</total>
				<timestamp>3318.912718</timestamp>
			</report>
			<report>
				<misses>344400001</misses>
				<total>0</total>
				<timestamp>3319.847854</timestamp>
			</report>
			<report>
				<misses>344500001</misses>
				<total>0</total>
				<timestamp>3320.784296</timestamp>
			</report>
			<report>
				<misses>344600001</misses>
				<total>0</total>
				<timestamp>3321.718972</timestamp>
			</report>
			<report>
				<misses>344700001</misses>
				<total>0</total>
				<timestamp>3322.652807</timestamp>
			</report>
			<report>
				<misses>344800001</misses>
				<total>0</total>
				<timestamp>3323.588513</timestamp>
			</report>
			<report>
				<misses>344900001</misses>
				<total>0</total>
				<timestamp>3324.518186</timestamp>
			</report>
			<report>
				<misses>345000001</misses>
				<total>0</total>
				<timestamp>3325.451334</timestamp>
			</report>
			<report>
				<misses>345100001</misses>
				<total>0</total>
				<timestamp>3326.388329</timestamp>
			</report>
			<report>
				<misses>345200001</misses>
				<total>0</total>
				<timestamp>3327.324119</timestamp>
			</report>
			<report>
				<misses>345300001</misses>
				<total>0</total>
				<timestamp>3328.258483</timestamp>
			</report>
			<report>
				<misses>345400001</misses>
				<total>0</total>
				<timestamp>3329.192745</timestamp>
			</report>
			<report>
				<misses>345500001</misses>
				<total>0</total>
				<timestamp>3330.128183</timestamp>
			</report>
			<report>
				<misses>345600001</misses>
				<total>0</total>
				<timestamp>3331.062885</timestamp>
			</report>
			<report>
				<misses>345700001</misses>
				<total>0</total>
				<timestamp>3331.997295</timestamp>
			</report>
			<report>
				<misses>345800001</misses>
				<total>0</total>
				<timestamp>3332.932578</timestamp>
			</report>
			<report>
				<misses>345900001</misses>
				<total>0</total>
				<timestamp>3333.870093</timestamp>
			</report>
			<report>
				<misses>346000001</misses>
				<total>0</total>
				<timestamp>3334.792147</timestamp>
			</report>
			<report>
				<misses>346100001</misses>
				<total>0</total>
				<timestamp>3335.713678</timestamp>
			</report>
			<report>
				<misses>346200001</misses>
				<total>0</total>
				<timestamp>3336.637330</timestamp>
			</report>
			<report>
				<misses>346300001</misses>
				<total>0</total>
				<timestamp>3337.566561</timestamp>
			</report>
			<report>
				<misses>346400001</misses>
				<total>0</total>
				<timestamp>3338.503034</timestamp>
			</report>
			<report>
				<misses>346500001</misses>
				<total>0</total>
				<timestamp>3339.432236</timestamp>
			</report>
			<report>
				<misses>346600001</misses>
				<total>0</total>
				<timestamp>3340.370257</timestamp>
			</report>
			<report>
				<misses>346700001</misses>
				<total>0</total>
				<timestamp>3341.307334</timestamp>
			</report>
			<report>
				<misses>346800001</misses>
				<total>0</total>
				<timestamp>3342.242730</timestamp>
			</report>
			<report>
				<misses>346900001</misses>
				<total>0</total>
				<timestamp>3343.180112</timestamp>
			</report>
			<report>
				<misses>347000001</misses>
				<total>0</total>
				<timestamp>3344.117396</timestamp>
			</report>
			<report>
				<misses>347100001</misses>
				<total>0</total>
				<timestamp>3345.054590</timestamp>
			</report>
			<report>
				<misses>347200001</misses>
				<total>0</total>
				<timestamp>3345.990401</timestamp>
			</report>
			<report>
				<misses>347300001</misses>
				<total>0</total>
				<timestamp>3346.926919</timestamp>
			</report>
			<report>
				<misses>347400001</misses>
				<total>0</total>
				<timestamp>3347.861455</timestamp>
			</report>
			<report>
				<misses>347500001</misses>
				<total>0</total>
				<timestamp>3348.796759</timestamp>
			</report>
			<report>
				<misses>347600001</misses>
				<total>0</total>
				<timestamp>3349.733498</timestamp>
			</report>
			<report>
				<misses>347700001</misses>
				<total>0</total>
				<timestamp>3350.667845</timestamp>
			</report>
			<report>
				<misses>347800001</misses>
				<total>0</total>
				<timestamp>3351.604456</timestamp>
			</report>
			<report>
				<misses>347900001</misses>
				<total>0</total>
				<timestamp>3352.536332</timestamp>
			</report>
			<report>
				<misses>348000001</misses>
				<total>0</total>
				<timestamp>3353.471325</timestamp>
			</report>
			<report>
				<misses>348100001</misses>
				<total>0</total>
				<timestamp>3354.406813</timestamp>
			</report>
			<report>
				<misses>348200001</misses>
				<total>0</total>
				<timestamp>3355.340956</timestamp>
			</report>
			<report>
				<misses>348300001</misses>
				<total>0</total>
				<timestamp>3356.275742</timestamp>
			</report>
			<report>
				<misses>348400001</misses>
				<total>0</total>
				<timestamp>3357.211286</timestamp>
			</report>
			<report>
				<misses>348500001</misses>
				<total>0</total>
				<timestamp>3358.145955</timestamp>
			</report>
			<report>
				<misses>348600001</misses>
				<total>0</total>
				<timestamp>3359.080652</timestamp>
			</report>
			<report>
				<misses>348700001</misses>
				<total>0</total>
				<timestamp>3360.015993</timestamp>
			</report>
			<report>
				<misses>348800001</misses>
				<total>0</total>
				<timestamp>3360.952557</timestamp>
			</report>
			<report>
				<misses>348900001</misses>
				<total>0</total>
				<timestamp>3361.887869</timestamp>
			</report>
			<report>
				<misses>349000001</misses>
				<total>0</total>
				<timestamp>3362.822708</timestamp>
			</report>
			<report>
				<misses>349100001</misses>
				<total>0</total>
				<timestamp>3363.757839</timestamp>
			</report>
			<report>
				<misses>349200001</misses>
				<total>0</total>
				<timestamp>3364.693523</timestamp>
			</report>
			<report>
				<misses>349300001</misses>
				<total>0</total>
				<timestamp>3365.626797</timestamp>
			</report>
			<report>
				<misses>349400001</misses>
				<total>0</total>
				<timestamp>3366.564921</timestamp>
			</report>
			<report>
				<misses>349500001</misses>
				<total>0</total>
				<timestamp>3367.501417</timestamp>
			</report>
			<report>
				<misses>349600001</misses>
				<total>0</total>
				<timestamp>3368.438487</timestamp>
			</report>
			<report>
				<misses>349700001</misses>
				<total>0</total>
				<timestamp>3369.373711</timestamp>
			</report>
			<report>
				<misses>349800001</misses>
				<total>0</total>
				<timestamp>3370.307835</timestamp>
			</report>
			<report>
				<misses>349900001</misses>
				<total>0</total>
				<timestamp>3371.242145</timestamp>
			</report>
			<report>
				<misses>350000001</misses>
				<total>0</total>
				<timestamp>3372.181012</timestamp>
			</report>
			<report>
				<misses>350100001</misses>
				<total>0</total>
				<timestamp>3373.160320</timestamp>
			</report>
			<report>
				<misses>350200001</misses>
				<total>0</total>
				<timestamp>3374.144044</timestamp>
			</report>
			<report>
				<misses>350300001</misses>
				<total>0</total>
				<timestamp>3375.127340</timestamp>
			</report>
			<report>
				<misses>350400001</misses>
				<total>0</total>
				<timestamp>3376.110964</timestamp>
			</report>
			<report>
				<misses>350500001</misses>
				<total>0</total>
				<timestamp>3377.095093</timestamp>
			</report>
			<report>
				<misses>350600001</misses>
				<total>0</total>
				<timestamp>3378.078959</timestamp>
			</report>
			<report>
				<misses>350700001</misses>
				<total>0</total>
				<timestamp>3379.062654</timestamp>
			</report>
			<report>
				<misses>350800001</misses>
				<total>0</total>
				<timestamp>3380.047445</timestamp>
			</report>
			<report>
				<misses>350900001</misses>
				<total>0</total>
				<timestamp>3381.030790</timestamp>
			</report>
			<report>
				<misses>351000001</misses>
				<total>0</total>
				<timestamp>3382.014365</timestamp>
			</report>
			<report>
				<misses>351100001</misses>
				<total>0</total>
				<timestamp>3382.998394</timestamp>
			</report>
			<report>
				<misses>351200001</misses>
				<total>0</total>
				<timestamp>3383.982407</timestamp>
			</report>
			<report>
				<misses>351300001</misses>
				<total>0</total>
				<timestamp>3384.966560</timestamp>
			</report>
			<report>
				<misses>351400001</misses>
				<total>0</total>
				<timestamp>3385.950553</timestamp>
			</report>
			<report>
				<misses>351500001</misses>
				<total>0</total>
				<timestamp>3386.933488</timestamp>
			</report>
			<report>
				<misses>351600001</misses>
				<total>0</total>
				<timestamp>3387.916966</timestamp>
			</report>
			<report>
				<misses>351700001</misses>
				<total>0</total>
				<timestamp>3388.901098</timestamp>
			</report>
			<report>
				<misses>351800001</misses>
				<total>0</total>
				<timestamp>3389.884395</timestamp>
			</report>
			<report>
				<misses>351900001</misses>
				<total>0</total>
				<timestamp>3390.867946</timestamp>
			</report>
			<report>
				<misses>352000001</misses>
				<total>0</total>
				<timestamp>3391.852730</timestamp>
			</report>
			<report>
				<misses>352100001</misses>
				<total>0</total>
				<timestamp>3392.836805</timestamp>
			</report>
			<report>
				<misses>352200001</misses>
				<total>0</total>
				<timestamp>3393.820783</timestamp>
			</report>
			<report>
				<misses>352300001</misses>
				<total>0</total>
				<timestamp>3394.803820</timestamp>
			</report>
			<report>
				<misses>352400001</misses>
				<total>0</total>
				<timestamp>3395.787667</timestamp>
			</report>
			<report>
				<misses>352500001</misses>
				<total>0</total>
				<timestamp>3396.771514</timestamp>
			</report>
			<report>
				<misses>352600001</misses>
				<total>0</total>
				<timestamp>3397.754947</timestamp>
			</report>
			<report>
				<misses>352700001</misses>
				<total>0</total>
				<timestamp>3398.738752</timestamp>
			</report>
			<report>
				<misses>352800001</misses>
				<total>0</total>
				<timestamp>3399.722630</timestamp>
			</report>
			<report>
				<misses>352900001</misses>
				<total>0</total>
				<timestamp>3400.706193</timestamp>
			</report>
			<report>
				<misses>353000001</misses>
				<total>0</total>
				<timestamp>3401.689659</timestamp>
			</report>
			<report>
				<misses>353100001</misses>
				<total>0</total>
				<timestamp>3402.673307</timestamp>
			</report>
			<report>
				<misses>353200001</misses>
				<total>0</total>
				<timestamp>3403.657544</timestamp>
			</report>
			<report>
				<misses>353300001</misses>
				<total>0</total>
				<timestamp>3404.641181</timestamp>
			</report>
			<report>
				<misses>353400001</misses>
				<total>0</total>
				<timestamp>3405.624341</timestamp>
			</report>
			<report>
				<misses>353500001</misses>
				<total>0</total>
				<timestamp>3406.608012</timestamp>
			</report>
			<report>
				<misses>353600001</misses>
				<total>0</total>
				<timestamp>3407.591816</timestamp>
			</report>
			<report>
				<misses>353700001</misses>
				<total>0</total>
				<timestamp>3408.575672</timestamp>
			</report>
			<report>
				<misses>353800001</misses>
				<total>0</total>
				<timestamp>3409.559156</timestamp>
			</report>
			<report>
				<misses>353900001</misses>
				<total>0</total>
				<timestamp>3410.542904</timestamp>
			</report>
			<report>
				<misses>354000001</misses>
				<total>0</total>
				<timestamp>3411.525912</timestamp>
			</report>
			<report>
				<misses>354100001</misses>
				<total>0</total>
				<timestamp>3412.509456</timestamp>
			</report>
			<report>
				<misses>354200001</misses>
				<total>0</total>
				<timestamp>3413.493114</timestamp>
			</report>
			<report>
				<misses>354300001</misses>
				<total>0</total>
				<timestamp>3414.477316</timestamp>
			</report>
			<report>
				<misses>354400001</misses>
				<total>0</total>
				<timestamp>3415.460629</timestamp>
			</report>
			<report>
				<misses>354500001</misses>
				<total>0</total>
				<timestamp>3416.444098</timestamp>
			</report>
			<report>
				<misses>354600001</misses>
				<total>0</total>
				<timestamp>3417.427599</timestamp>
			</report>
			<report>
				<misses>354700001</misses>
				<total>0</total>
				<timestamp>3418.411054</timestamp>
			</report>
			<report>
				<misses>354800001</misses>
				<total>0</total>
				<timestamp>3419.394417</timestamp>
			</report>
			<report>
				<misses>354900001</misses>
				<total>0</total>
				<timestamp>3420.378234</timestamp>
			</report>
			<report>
				<misses>355000001</misses>
				<total>0</total>
				<timestamp>3421.362547</timestamp>
			</report>
			<report>
				<misses>355100001</misses>
				<total>0</total>
				<timestamp>3422.346088</timestamp>
			</report>
			<report>
				<misses>355200001</misses>
				<total>0</total>
				<timestamp>3423.329980</timestamp>
			</report>
			<report>
				<misses>355300001</misses>
				<total>0</total>
				<timestamp>3424.314510</timestamp>
			</report>
			<report>
				<misses>355400001</misses>
				<total>0</total>
				<timestamp>3425.297946</timestamp>
			</report>
			<report>
				<misses>355500001</misses>
				<total>0</total>
				<timestamp>3426.281591</timestamp>
			</report>
			<report>
				<misses>355600001</misses>
				<total>0</total>
				<timestamp>3427.265611</timestamp>
			</report>
			<report>
				<misses>355700001</misses>
				<total>0</total>
				<timestamp>3428.250010</timestamp>
			</report>
			<report>
				<misses>355800001</misses>
				<total>0</total>
				<timestamp>3429.234148</timestamp>
			</report>
			<report>
				<misses>355900001</misses>
				<total>0</total>
				<timestamp>3430.217951</timestamp>
			</report>
			<report>
				<misses>356000001</misses>
				<total>0</total>
				<timestamp>3431.201825</timestamp>
			</report>
			<report>
				<misses>356100001</misses>
				<total>0</total>
				<timestamp>3432.182820</timestamp>
			</report>
			<report>
				<misses>356200001</misses>
				<total>0</total>
				<timestamp>3433.155392</timestamp>
			</report>
			<report>
				<misses>356300001</misses>
				<total>0</total>
				<timestamp>3434.128247</timestamp>
			</report>
			<report>
				<misses>356400001</misses>
				<total>0</total>
				<timestamp>3435.100978</timestamp>
			</report>
			<report>
				<misses>356500001</misses>
				<total>0</total>
				<timestamp>3436.075084</timestamp>
			</report>
			<report>
				<misses>356600001</misses>
				<total>0</total>
				<timestamp>3437.059613</timestamp>
			</report>
			<report>
				<misses>356700001</misses>
				<total>0</total>
				<timestamp>3438.043481</timestamp>
			</report>
			<report>
				<misses>356800001</misses>
				<total>0</total>
				<timestamp>3439.027882</timestamp>
			</report>
			<report>
				<misses>356900001</misses>
				<total>0</total>
				<timestamp>3440.011269</timestamp>
			</report>
			<report>
				<misses>357000001</misses>
				<total>0</total>
				<timestamp>3440.994575</timestamp>
			</report>
			<report>
				<misses>357100001</misses>
				<total>0</total>
				<timestamp>3441.978380</timestamp>
			</report>
			<report>
				<misses>357200001</misses>
				<total>0</total>
				<timestamp>3442.962515</timestamp>
			</report>
			<report>
				<misses>357300001</misses>
				<total>0</total>
				<timestamp>3443.946649</timestamp>
			</report>
			<report>
				<misses>357400001</misses>
				<total>0</total>
				<timestamp>3444.930681</timestamp>
			</report>
			<report>
				<misses>357500001</misses>
				<total>0</total>
				<timestamp>3445.914544</timestamp>
			</report>
			<report>
				<misses>357600001</misses>
				<total>0</total>
				<timestamp>3446.898286</timestamp>
			</report>
			<report>
				<misses>357700001</misses>
				<total>0</total>
				<timestamp>3447.881896</timestamp>
			</report>
			<report>
				<misses>357800001</misses>
				<total>0</total>
				<timestamp>3448.865312</timestamp>
			</report>
			<report>
				<misses>357900001</misses>
				<total>0</total>
				<timestamp>3449.849552</timestamp>
			</report>
			<report>
				<misses>358000001</misses>
				<total>0</total>
				<timestamp>3450.832978</timestamp>
			</report>
			<report>
				<misses>358100001</misses>
				<total>0</total>
				<timestamp>3451.816532</timestamp>
			</report>
			<report>
				<misses>358200001</misses>
				<total>0</total>
				<timestamp>3452.799695</timestamp>
			</report>
			<report>
				<misses>358300001</misses>
				<total>0</total>
				<timestamp>3453.783216</timestamp>
			</report>
			<report>
				<misses>358400001</misses>
				<total>0</total>
				<timestamp>3454.766696</timestamp>
			</report>
			<report>
				<misses>358500001</misses>
				<total>0</total>
				<timestamp>3455.750288</timestamp>
			</report>
			<report>
				<misses>358600001</misses>
				<total>0</total>
				<timestamp>3456.733642</timestamp>
			</report>
			<report>
				<misses>358700001</misses>
				<total>0</total>
				<timestamp>3457.717544</timestamp>
			</report>
			<report>
				<misses>358800001</misses>
				<total>0</total>
				<timestamp>3458.701602</timestamp>
			</report>
			<report>
				<misses>358900001</misses>
				<total>0</total>
				<timestamp>3459.684925</timestamp>
			</report>
			<report>
				<misses>359000001</misses>
				<total>0</total>
				<timestamp>3460.669437</timestamp>
			</report>
			<report>
				<misses>359100001</misses>
				<total>0</total>
				<timestamp>3461.653415</timestamp>
			</report>
			<report>
				<misses>359200001</misses>
				<total>0</total>
				<timestamp>3462.637501</timestamp>
			</report>
			<report>
				<misses>359300001</misses>
				<total>0</total>
				<timestamp>3463.621837</timestamp>
			</report>
			<report>
				<misses>359400001</misses>
				<total>0</total>
				<timestamp>3464.605851</timestamp>
			</report>
			<report>
				<misses>359500001</misses>
				<total>0</total>
				<timestamp>3465.589837</timestamp>
			</report>
			<report>
				<misses>359600001</misses>
				<total>0</total>
				<timestamp>3466.573351</timestamp>
			</report>
			<report>
				<misses>359700001</misses>
				<total>0</total>
				<timestamp>3467.556921</timestamp>
			</report>
			<report>
				<misses>359800001</misses>
				<total>0</total>
				<timestamp>3468.540864</timestamp>
			</report>
			<report>
				<misses>359900001</misses>
				<total>0</total>
				<timestamp>3469.524330</timestamp>
			</report>
			<report>
				<misses>360000001</misses>
				<total>0</total>
				<timestamp>3470.507743</timestamp>
			</report>
			<report>
				<misses>360100001</misses>
				<total>0</total>
				<timestamp>3471.491245</timestamp>
			</report>
			<report>
				<misses>360200001</misses>
				<total>0</total>
				<timestamp>3472.475591</timestamp>
			</report>
			<report>
				<misses>360300001</misses>
				<total>0</total>
				<timestamp>3473.458969</timestamp>
			</report>
			<report>
				<misses>360400001</misses>
				<total>0</total>
				<timestamp>3474.442227</timestamp>
			</report>
			<report>
				<misses>360500001</misses>
				<total>0</total>
				<timestamp>3475.425750</timestamp>
			</report>
			<report>
				<misses>360600001</misses>
				<total>0</total>
				<timestamp>3476.409483</timestamp>
			</report>
			<report>
				<misses>360700001</misses>
				<total>0</total>
				<timestamp>3477.393083</timestamp>
			</report>
			<report>
				<misses>360800001</misses>
				<total>0</total>
				<timestamp>3478.377088</timestamp>
			</report>
			<report>
				<misses>360900001</misses>
				<total>0</total>
				<timestamp>3479.361182</timestamp>
			</report>
			<report>
				<misses>361000001</misses>
				<total>0</total>
				<timestamp>3480.344718</timestamp>
			</report>
			<report>
				<misses>361100001</misses>
				<total>0</total>
				<timestamp>3481.328230</timestamp>
			</report>
			<report>
				<misses>361200001</misses>
				<total>0</total>
				<timestamp>3482.311829</timestamp>
			</report>
			<report>
				<misses>361300001</misses>
				<total>0</total>
				<timestamp>3483.295415</timestamp>
			</report>
			<report>
				<misses>361400001</misses>
				<total>0</total>
				<timestamp>3484.279305</timestamp>
			</report>
			<report>
				<misses>361500001</misses>
				<total>0</total>
				<timestamp>3485.262555</timestamp>
			</report>
			<report>
				<misses>361600001</misses>
				<total>0</total>
				<timestamp>3486.246349</timestamp>
			</report>
			<report>
				<misses>361700001</misses>
				<total>0</total>
				<timestamp>3487.230571</timestamp>
			</report>
			<report>
				<misses>361800001</misses>
				<total>0</total>
				<timestamp>3488.214897</timestamp>
			</report>
			<report>
				<misses>361900001</misses>
				<total>0</total>
				<timestamp>3489.199591</timestamp>
			</report>
			<report>
				<misses>362000001</misses>
				<total>0</total>
				<timestamp>3490.184168</timestamp>
			</report>
			<report>
				<misses>362100001</misses>
				<total>0</total>
				<timestamp>3491.167902</timestamp>
			</report>
			<report>
				<misses>362200001</misses>
				<total>0</total>
				<timestamp>3492.151921</timestamp>
			</report>
			<report>
				<misses>362300001</misses>
				<total>0</total>
				<timestamp>3493.136264</timestamp>
			</report>
			<report>
				<misses>362400001</misses>
				<total>0</total>
				<timestamp>3494.119642</timestamp>
			</report>
			<report>
				<misses>362500001</misses>
				<total>0</total>
				<timestamp>3495.103812</timestamp>
			</report>
			<report>
				<misses>362600001</misses>
				<total>0</total>
				<timestamp>3496.088238</timestamp>
			</report>
			<report>
				<misses>362700001</misses>
				<total>0</total>
				<timestamp>3497.072388</timestamp>
			</report>
			<report>
				<misses>362800001</misses>
				<total>0</total>
				<timestamp>3498.055682</timestamp>
			</report>
			<report>
				<misses>362900001</misses>
				<total>0</total>
				<timestamp>3499.039024</timestamp>
			</report>
			<report>
				<misses>363000001</misses>
				<total>0</total>
				<timestamp>3500.022271</timestamp>
			</report>
			<report>
				<misses>363100001</misses>
				<total>0</total>
				<timestamp>3501.006480</timestamp>
			</report>
			<report>
				<misses>363200001</misses>
				<total>0</total>
				<timestamp>3501.989954</timestamp>
			</report>
			<report>
				<misses>363300001</misses>
				<total>0</total>
				<timestamp>3502.974073</timestamp>
			</report>
			<report>
				<misses>363400001</misses>
				<total>0</total>
				<timestamp>3503.958303</timestamp>
			</report>
			<report>
				<misses>363500001</misses>
				<total>0</total>
				<timestamp>3504.942468</timestamp>
			</report>
			<report>
				<misses>363600001</misses>
				<total>0</total>
				<timestamp>3505.925960</timestamp>
			</report>
			<report>
				<misses>363700001</misses>
				<total>0</total>
				<timestamp>3506.909642</timestamp>
			</report>
			<report>
				<misses>363800001</misses>
				<total>0</total>
				<timestamp>3507.893191</timestamp>
			</report>
			<report>
				<misses>363900001</misses>
				<total>0</total>
				<timestamp>3508.876564</timestamp>
			</report>
			<report>
				<misses>364000001</misses>
				<total>0</total>
				<timestamp>3509.860287</timestamp>
			</report>
			<report>
				<misses>364100001</misses>
				<total>0</total>
				<timestamp>3510.844026</timestamp>
			</report>
			<report>
				<misses>364200001</misses>
				<total>0</total>
				<timestamp>3511.827812</timestamp>
			</report>
			<report>
				<misses>364300001</misses>
				<total>0</total>
				<timestamp>3512.811404</timestamp>
			</report>
			<report>
				<misses>364400001</misses>
				<total>0</total>
				<timestamp>3513.795855</timestamp>
			</report>
			<report>
				<misses>364500001</misses>
				<total>0</total>
				<timestamp>3514.780043</timestamp>
			</report>
			<report>
				<misses>364600001</misses>
				<total>0</total>
				<timestamp>3515.763442</timestamp>
			</report>
			<report>
				<misses>364700001</misses>
				<total>0</total>
				<timestamp>3516.747021</timestamp>
			</report>
			<report>
				<misses>364800001</misses>
				<total>0</total>
				<timestamp>3517.731071</timestamp>
			</report>
			<report>
				<misses>364900001</misses>
				<total>0</total>
				<timestamp>3518.714808</timestamp>
			</report>
			<report>
				<misses>365000001</misses>
				<total>0</total>
				<timestamp>3519.697688</timestamp>
			</report>
			<report>
				<misses>365100001</misses>
				<total>0</total>
				<timestamp>3520.681499</timestamp>
			</report>
			<report>
				<misses>365200001</misses>
				<total>0</total>
				<timestamp>3521.665063</timestamp>
			</report>
			<report>
				<misses>365300001</misses>
				<total>0</total>
				<timestamp>3522.648080</timestamp>
			</report>
			<report>
				<misses>365400001</misses>
				<total>0</total>
				<timestamp>3523.631222</timestamp>
			</report>
			<report>
				<misses>365500001</misses>
				<total>0</total>
				<timestamp>3524.614368</timestamp>
			</report>
			<report>
				<misses>365600001</misses>
				<total>0</total>
				<timestamp>3525.598233</timestamp>
			</report>
			<report>
				<misses>365700001</misses>
				<total>0</total>
				<timestamp>3526.581615</timestamp>
			</report>
			<report>
				<misses>365800001</misses>
				<total>0</total>
				<timestamp>3527.565249</timestamp>
			</report>
			<report>
				<misses>365900001</misses>
				<total>0</total>
				<timestamp>3528.548512</timestamp>
			</report>
			<report>
				<misses>366000001</misses>
				<total>0</total>
				<timestamp>3529.531675</timestamp>
			</report>
			<report>
				<misses>366100001</misses>
				<total>0</total>
				<timestamp>3530.515012</timestamp>
			</report>
			<report>
				<misses>366200001</misses>
				<total>0</total>
				<timestamp>3531.498605</timestamp>
			</report>
			<report>
				<misses>366300001</misses>
				<total>0</total>
				<timestamp>3532.481988</timestamp>
			</report>
			<report>
				<misses>366400001</misses>
				<total>0</total>
				<timestamp>3533.464909</timestamp>
			</report>
			<report>
				<misses>366500001</misses>
				<total>0</total>
				<timestamp>3534.448141</timestamp>
			</report>
			<report>
				<misses>366600001</misses>
				<total>0</total>
				<timestamp>3535.430735</timestamp>
			</report>
			<report>
				<misses>366700001</misses>
				<total>0</total>
				<timestamp>3536.414229</timestamp>
			</report>
			<report>
				<misses>366800001</misses>
				<total>0</total>
				<timestamp>3537.397459</timestamp>
			</report>
			<report>
				<misses>366900001</misses>
				<total>0</total>
				<timestamp>3538.381004</timestamp>
			</report>
			<report>
				<misses>367000001</misses>
				<total>0</total>
				<timestamp>3539.364856</timestamp>
			</report>
			<report>
				<misses>367100001</misses>
				<total>0</total>
				<timestamp>3540.348548</timestamp>
			</report>
			<report>
				<misses>367200001</misses>
				<total>0</total>
				<timestamp>3541.332631</timestamp>
			</report>
			<report>
				<misses>367300001</misses>
				<total>0</total>
				<timestamp>3542.316331</timestamp>
			</report>
			<report>
				<misses>367400001</misses>
				<total>0</total>
				<timestamp>3543.300207</timestamp>
			</report>
			<report>
				<misses>367500001</misses>
				<total>0</total>
				<timestamp>3544.284490</timestamp>
			</report>
			<report>
				<misses>367600001</misses>
				<total>0</total>
				<timestamp>3545.267748</timestamp>
			</report>
			<report>
				<misses>367700001</misses>
				<total>0</total>
				<timestamp>3546.251347</timestamp>
			</report>
			<report>
				<misses>367800001</misses>
				<total>0</total>
				<timestamp>3547.234875</timestamp>
			</report>
			<report>
				<misses>367900001</misses>
				<total>0</total>
				<timestamp>3548.217818</timestamp>
			</report>
			<report>
				<misses>368000001</misses>
				<total>0</total>
				<timestamp>3549.201211</timestamp>
			</report>
			<report>
				<misses>368100001</misses>
				<total>0</total>
				<timestamp>3550.184750</timestamp>
			</report>
			<report>
				<misses>368200001</misses>
				<total>0</total>
				<timestamp>3551.167875</timestamp>
			</report>
			<report>
				<misses>368300001</misses>
				<total>0</total>
				<timestamp>3552.149982</timestamp>
			</report>
			<report>
				<misses>368400001</misses>
				<total>0</total>
				<timestamp>3553.132833</timestamp>
			</report>
			<report>
				<misses>368500001</misses>
				<total>0</total>
				<timestamp>3554.116095</timestamp>
			</report>
			<report>
				<misses>368600001</misses>
				<total>0</total>
				<timestamp>3555.098957</timestamp>
			</report>
			<report>
				<misses>368700001</misses>
				<total>0</total>
				<timestamp>3556.082025</timestamp>
			</report>
			<report>
				<misses>368800001</misses>
				<total>0</total>
				<timestamp>3557.064936</timestamp>
			</report>
			<report>
				<misses>368900001</misses>
				<total>0</total>
				<timestamp>3558.048433</timestamp>
			</report>
			<report>
				<misses>369000001</misses>
				<total>0</total>
				<timestamp>3559.031062</timestamp>
			</report>
			<report>
				<misses>369100001</misses>
				<total>0</total>
				<timestamp>3560.013667</timestamp>
			</report>
			<report>
				<misses>369200001</misses>
				<total>0</total>
				<timestamp>3560.996513</timestamp>
			</report>
			<report>
				<misses>369300001</misses>
				<total>0</total>
				<timestamp>3561.978992</timestamp>
			</report>
			<report>
				<misses>369400001</misses>
				<total>0</total>
				<timestamp>3562.961910</timestamp>
			</report>
			<report>
				<misses>369500001</misses>
				<total>0</total>
				<timestamp>3563.944997</timestamp>
			</report>
			<report>
				<misses>369600001</misses>
				<total>0</total>
				<timestamp>3564.927864</timestamp>
			</report>
			<report>
				<misses>369700001</misses>
				<total>0</total>
				<timestamp>3565.911224</timestamp>
			</report>
			<report>
				<misses>369800001</misses>
				<total>0</total>
				<timestamp>3566.894771</timestamp>
			</report>
			<report>
				<misses>369900001</misses>
				<total>0</total>
				<timestamp>3567.878926</timestamp>
			</report>
			<report>
				<misses>370000001</misses>
				<total>0</total>
				<timestamp>3568.862124</timestamp>
			</report>
			<report>
				<misses>370100001</misses>
				<total>0</total>
				<timestamp>3569.845329</timestamp>
			</report>
			<report>
				<misses>370200001</misses>
				<total>0</total>
				<timestamp>3570.828988</timestamp>
			</report>
			<report>
				<misses>370300001</misses>
				<total>0</total>
				<timestamp>3571.812970</timestamp>
			</report>
			<report>
				<misses>370400001</misses>
				<total>0</total>
				<timestamp>3572.796196</timestamp>
			</report>
			<report>
				<misses>370500001</misses>
				<total>0</total>
				<timestamp>3573.779325</timestamp>
			</report>
			<report>
				<misses>370600001</misses>
				<total>0</total>
				<timestamp>3574.762659</timestamp>
			</report>
			<report>
				<misses>370700001</misses>
				<total>0</total>
				<timestamp>3575.745624</timestamp>
			</report>
			<report>
				<misses>370800001</misses>
				<total>0</total>
				<timestamp>3576.728822</timestamp>
			</report>
			<report>
				<misses>370900001</misses>
				<total>0</total>
				<timestamp>3577.711834</timestamp>
			</report>
			<report>
				<misses>371000001</misses>
				<total>0</total>
				<timestamp>3578.695026</timestamp>
			</report>
			<report>
				<misses>371100001</misses>
				<total>0</total>
				<timestamp>3579.678001</timestamp>
			</report>
			<report>
				<misses>371200001</misses>
				<total>0</total>
				<timestamp>3580.660684</timestamp>
			</report>
			<report>
				<misses>371300001</misses>
				<total>0</total>
				<timestamp>3581.643890</timestamp>
			</report>
			<report>
				<misses>371400001</misses>
				<total>0</total>
				<timestamp>3582.627040</timestamp>
			</report>
			<report>
				<misses>371500001</misses>
				<total>0</total>
				<timestamp>3583.610333</timestamp>
			</report>
			<report>
				<misses>371600001</misses>
				<total>0</total>
				<timestamp>3584.593045</timestamp>
			</report>
			<report>
				<misses>371700001</misses>
				<total>0</total>
				<timestamp>3585.576926</timestamp>
			</report>
			<report>
				<misses>371800001</misses>
				<total>0</total>
				<timestamp>3586.559999</timestamp>
			</report>
			<report>
				<misses>371900001</misses>
				<total>0</total>
				<timestamp>3587.543051</timestamp>
			</report>
			<report>
				<misses>372000001</misses>
				<total>0</total>
				<timestamp>3588.526400</timestamp>
			</report>
			<report>
				<misses>372100001</misses>
				<total>0</total>
				<timestamp>3589.509689</timestamp>
			</report>
			<report>
				<misses>372200001</misses>
				<total>0</total>
				<timestamp>3590.492626</timestamp>
			</report>
			<report>
				<misses>372300001</misses>
				<total>0</total>
				<timestamp>3591.475606</timestamp>
			</report>
			<report>
				<misses>372400001</misses>
				<total>0</total>
				<timestamp>3592.458726</timestamp>
			</report>
			<report>
				<misses>372500001</misses>
				<total>0</total>
				<timestamp>3593.441477</timestamp>
			</report>
			<report>
				<misses>372600001</misses>
				<total>0</total>
				<timestamp>3594.424451</timestamp>
			</report>
			<report>
				<misses>372700001</misses>
				<total>0</total>
				<timestamp>3595.408218</timestamp>
			</report>
			<report>
				<misses>372800001</misses>
				<total>0</total>
				<timestamp>3596.391850</timestamp>
			</report>
			<report>
				<misses>372900001</misses>
				<total>0</total>
				<timestamp>3597.375422</timestamp>
			</report>
			<report>
				<misses>373000001</misses>
				<total>0</total>
				<timestamp>3598.358015</timestamp>
			</report>
			<report>
				<misses>373100001</misses>
				<total>0</total>
				<timestamp>3599.341234</timestamp>
			</report>
			<report>
				<misses>373200001</misses>
				<total>0</total>
				<timestamp>3600.324686</timestamp>
			</report>
			<report>
				<misses>373300001</misses>
				<total>0</total>
				<timestamp>3601.307899</timestamp>
			</report>
			<report>
				<misses>373400001</misses>
				<total>0</total>
				<timestamp>3602.291330</timestamp>
			</report>
			<report>
				<misses>373500001</misses>
				<total>0</total>
				<timestamp>3603.275433</timestamp>
			</report>
			<report>
				<misses>373600001</misses>
				<total>0</total>
				<timestamp>3604.259225</timestamp>
			</report>
			<report>
				<misses>373700001</misses>
				<total>0</total>
				<timestamp>3605.243593</timestamp>
			</report>
			<report>
				<misses>373800001</misses>
				<total>0</total>
				<timestamp>3606.227270</timestamp>
			</report>
			<report>
				<misses>373900001</misses>
				<total>0</total>
				<timestamp>3607.211136</timestamp>
			</report>
			<report>
				<misses>374000001</misses>
				<total>0</total>
				<timestamp>3608.194605</timestamp>
			</report>
			<report>
				<misses>374100001</misses>
				<total>0</total>
				<timestamp>3609.178757</timestamp>
			</report>
			<report>
				<misses>374200001</misses>
				<total>0</total>
				<timestamp>3610.162261</timestamp>
			</report>
			<report>
				<misses>374300001</misses>
				<total>0</total>
				<timestamp>3611.146135</timestamp>
			</report>
			<report>
				<misses>374400001</misses>
				<total>0</total>
				<timestamp>3612.128997</timestamp>
			</report>
			<report>
				<misses>374500001</misses>
				<total>0</total>
				<timestamp>3613.112510</timestamp>
			</report>
			<report>
				<misses>374600001</misses>
				<total>0</total>
				<timestamp>3614.096702</timestamp>
			</report>
			<report>
				<misses>374700001</misses>
				<total>0</total>
				<timestamp>3615.080332</timestamp>
			</report>
			<report>
				<misses>374800001</misses>
				<total>0</total>
				<timestamp>3616.064328</timestamp>
			</report>
			<report>
				<misses>374900001</misses>
				<total>0</total>
				<timestamp>3617.048197</timestamp>
			</report>
			<report>
				<misses>375000001</misses>
				<total>0</total>
				<timestamp>3618.031807</timestamp>
			</report>
			<report>
				<misses>375100001</misses>
				<total>0</total>
				<timestamp>3619.015476</timestamp>
			</report>
			<report>
				<misses>375200001</misses>
				<total>0</total>
				<timestamp>3619.999304</timestamp>
			</report>
			<report>
				<misses>375300001</misses>
				<total>0</total>
				<timestamp>3620.984278</timestamp>
			</report>
			<report>
				<misses>375400001</misses>
				<total>0</total>
				<timestamp>3621.968023</timestamp>
			</report>
			<report>
				<misses>375500001</misses>
				<total>0</total>
				<timestamp>3622.952209</timestamp>
			</report>
			<report>
				<misses>375600001</misses>
				<total>0</total>
				<timestamp>3623.938532</timestamp>
			</report>
			<report>
				<misses>375700001</misses>
				<total>0</total>
				<timestamp>3624.917200</timestamp>
			</report>
			<report>
				<misses>375800001</misses>
				<total>0</total>
				<timestamp>3625.889804</timestamp>
			</report>
			<report>
				<misses>375900001</misses>
				<total>0</total>
				<timestamp>3626.862087</timestamp>
			</report>
			<report>
				<misses>376000001</misses>
				<total>0</total>
				<timestamp>3627.838072</timestamp>
			</report>
			<report>
				<misses>376100001</misses>
				<total>0</total>
				<timestamp>3628.820979</timestamp>
			</report>
			<report>
				<misses>376200001</misses>
				<total>0</total>
				<timestamp>3629.803318</timestamp>
			</report>
			<report>
				<misses>376300001</misses>
				<total>0</total>
				<timestamp>3630.785929</timestamp>
			</report>
			<report>
				<misses>376400001</misses>
				<total>0</total>
				<timestamp>3631.768269</timestamp>
			</report>
			<report>
				<misses>376500001</misses>
				<total>0</total>
				<timestamp>3632.755656</timestamp>
			</report>
			<report>
				<misses>376600001</misses>
				<total>0</total>
				<timestamp>3633.745738</timestamp>
			</report>
			<report>
				<misses>376700001</misses>
				<total>0</total>
				<timestamp>3634.737063</timestamp>
			</report>
			<report>
				<misses>376800001</misses>
				<total>0</total>
				<timestamp>3635.728785</timestamp>
			</report>
			<report>
				<misses>376900001</misses>
				<total>0</total>
				<timestamp>3636.720049</timestamp>
			</report>
			<report>
				<misses>377000001</misses>
				<total>0</total>
				<timestamp>3637.710746</timestamp>
			</report>
			<report>
				<misses>377100001</misses>
				<total>0</total>
				<timestamp>3638.701814</timestamp>
			</report>
			<report>
				<misses>377200001</misses>
				<total>0</total>
				<timestamp>3639.677145</timestamp>
			</report>
			<report>
				<misses>377300001</misses>
				<total>0</total>
				<timestamp>3640.642366</timestamp>
			</report>
			<report>
				<misses>377400001</misses>
				<total>0</total>
				<timestamp>3641.625740</timestamp>
			</report>
			<report>
				<misses>377500001</misses>
				<total>0</total>
				<timestamp>3642.609267</timestamp>
			</report>
			<report>
				<misses>377600001</misses>
				<total>0</total>
				<timestamp>3643.600385</timestamp>
			</report>
			<report>
				<misses>377700001</misses>
				<total>0</total>
				<timestamp>3644.580427</timestamp>
			</report>
			<report>
				<misses>377800001</misses>
				<total>0</total>
				<timestamp>3645.554774</timestamp>
			</report>
			<report>
				<misses>377900001</misses>
				<total>0</total>
				<timestamp>3646.529025</timestamp>
			</report>
			<report>
				<misses>378000001</misses>
				<total>0</total>
				<timestamp>3647.506331</timestamp>
			</report>
			<report>
				<misses>378100001</misses>
				<total>0</total>
				<timestamp>3648.497540</timestamp>
			</report>
			<report>
				<misses>378200001</misses>
				<total>0</total>
				<timestamp>3649.488790</timestamp>
			</report>
			<report>
				<misses>378300001</misses>
				<total>0</total>
				<timestamp>3650.480322</timestamp>
			</report>
			<report>
				<misses>378400001</misses>
				<total>0</total>
				<timestamp>3651.470624</timestamp>
			</report>
			<report>
				<misses>378500001</misses>
				<total>0</total>
				<timestamp>3652.460518</timestamp>
			</report>
			<report>
				<misses>378600001</misses>
				<total>0</total>
				<timestamp>3653.451156</timestamp>
			</report>
			<report>
				<misses>378700001</misses>
				<total>0</total>
				<timestamp>3654.441926</timestamp>
			</report>
			<report>
				<misses>378800001</misses>
				<total>0</total>
				<timestamp>3655.432938</timestamp>
			</report>
			<report>
				<misses>378900001</misses>
				<total>0</total>
				<timestamp>3656.424268</timestamp>
			</report>
			<report>
				<misses>379000001</misses>
				<total>0</total>
				<timestamp>3657.415690</timestamp>
			</report>
			<report>
				<misses>379100001</misses>
				<total>0</total>
				<timestamp>3658.406254</timestamp>
			</report>
			<report>
				<misses>379200001</misses>
				<total>0</total>
				<timestamp>3659.396141</timestamp>
			</report>
			<report>
				<misses>379300001</misses>
				<total>0</total>
				<timestamp>3660.386264</timestamp>
			</report>
			<report>
				<misses>379400001</misses>
				<total>0</total>
				<timestamp>3661.377288</timestamp>
			</report>
			<report>
				<misses>379500001</misses>
				<total>0</total>
				<timestamp>3662.368292</timestamp>
			</report>
			<report>
				<misses>379600001</misses>
				<total>0</total>
				<timestamp>3663.345567</timestamp>
			</report>
			<report>
				<misses>379700001</misses>
				<total>0</total>
				<timestamp>3664.323043</timestamp>
			</report>
			<report>
				<misses>379800001</misses>
				<total>0</total>
				<timestamp>3665.308593</timestamp>
			</report>
			<report>
				<misses>379900001</misses>
				<total>0</total>
				<timestamp>3666.293630</timestamp>
			</report>
			<report>
				<misses>380000001</misses>
				<total>0</total>
				<timestamp>3667.278773</timestamp>
			</report>
			<report>
				<misses>380100001</misses>
				<total>0</total>
				<timestamp>3668.263979</timestamp>
			</report>
			<report>
				<misses>380200001</misses>
				<total>0</total>
				<timestamp>3669.249010</timestamp>
			</report>
			<report>
				<misses>380300001</misses>
				<total>0</total>
				<timestamp>3670.233899</timestamp>
			</report>
			<report>
				<misses>380400001</misses>
				<total>0</total>
				<timestamp>3671.218879</timestamp>
			</report>
			<report>
				<misses>380500001</misses>
				<total>0</total>
				<timestamp>3672.203487</timestamp>
			</report>
			<report>
				<misses>380600001</misses>
				<total>0</total>
				<timestamp>3673.190953</timestamp>
			</report>
			<report>
				<misses>380700001</misses>
				<total>0</total>
				<timestamp>3674.178701</timestamp>
			</report>
			<report>
				<misses>380800001</misses>
				<total>0</total>
				<timestamp>3675.166401</timestamp>
			</report>
			<report>
				<misses>380900001</misses>
				<total>0</total>
				<timestamp>3676.153929</timestamp>
			</report>
			<report>
				<misses>381000001</misses>
				<total>0</total>
				<timestamp>3677.141044</timestamp>
			</report>
			<report>
				<misses>381100001</misses>
				<total>0</total>
				<timestamp>3678.083622</timestamp>
			</report>
			<report>
				<misses>381200001</misses>
				<total>0</total>
				<timestamp>3678.980352</timestamp>
			</report>
			<report>
				<misses>381300001</misses>
				<total>0</total>
				<timestamp>3679.877566</timestamp>
			</report>
			<report>
				<misses>381400001</misses>
				<total>0</total>
				<timestamp>3680.773666</timestamp>
			</report>
			<report>
				<misses>381500001</misses>
				<total>0</total>
				<timestamp>3681.672417</timestamp>
			</report>
			<report>
				<misses>381600001</misses>
				<total>0</total>
				<timestamp>3682.572251</timestamp>
			</report>
			<report>
				<misses>381700001</misses>
				<total>0</total>
				<timestamp>3683.471353</timestamp>
			</report>
			<report>
				<misses>381800001</misses>
				<total>0</total>
				<timestamp>3684.372180</timestamp>
			</report>
			<report>
				<misses>381900001</misses>
				<total>0</total>
				<timestamp>3685.270144</timestamp>
			</report>
			<report>
				<misses>382000001</misses>
				<total>0</total>
				<timestamp>3686.167350</timestamp>
			</report>
			<report>
				<misses>382100001</misses>
				<total>0</total>
				<timestamp>3687.066531</timestamp>
			</report>
			<report>
				<misses>382200001</misses>
				<total>0</total>
				<timestamp>3687.965094</timestamp>
			</report>
			<report>
				<misses>382300001</misses>
				<total>0</total>
				<timestamp>3688.902867</timestamp>
			</report>
			<report>
				<misses>382400001</misses>
				<total>0</total>
				<timestamp>3689.887773</timestamp>
			</report>
			<report>
				<misses>382500001</misses>
				<total>0</total>
				<timestamp>3690.879681</timestamp>
			</report>
			<report>
				<misses>382600001</misses>
				<total>0</total>
				<timestamp>3691.870756</timestamp>
			</report>
			<report>
				<misses>382700001</misses>
				<total>0</total>
				<timestamp>3692.861631</timestamp>
			</report>
			<report>
				<misses>382800001</misses>
				<total>0</total>
				<timestamp>3693.852653</timestamp>
			</report>
			<report>
				<misses>382900001</misses>
				<total>0</total>
				<timestamp>3694.839136</timestamp>
			</report>
			<report>
				<misses>383000001</misses>
				<total>0</total>
				<timestamp>3695.825305</timestamp>
			</report>
			<report>
				<misses>383100001</misses>
				<total>0</total>
				<timestamp>3696.814450</timestamp>
			</report>
			<report>
				<misses>383200001</misses>
				<total>0</total>
				<timestamp>3697.802767</timestamp>
			</report>
			<report>
				<misses>383300001</misses>
				<total>0</total>
				<timestamp>3698.790931</timestamp>
			</report>
			<report>
				<misses>383400001</misses>
				<total>0</total>
				<timestamp>3699.780216</timestamp>
			</report>
			<report>
				<misses>383500001</misses>
				<total>0</total>
				<timestamp>3700.770642</timestamp>
			</report>
			<report>
				<misses>383600001</misses>
				<total>0</total>
				<timestamp>3701.759479</timestamp>
			</report>
			<report>
				<misses>383700001</misses>
				<total>0</total>
				<timestamp>3702.748933</timestamp>
			</report>
			<report>
				<misses>383800001</misses>
				<total>0</total>
				<timestamp>3703.737949</timestamp>
			</report>
			<report>
				<misses>383900001</misses>
				<total>0</total>
				<timestamp>3704.727430</timestamp>
			</report>
			<report>
				<misses>384000001</misses>
				<total>0</total>
				<timestamp>3705.716265</timestamp>
			</report>
			<report>
				<misses>384100001</misses>
				<total>0</total>
				<timestamp>3706.704639</timestamp>
			</report>
			<report>
				<misses>384200001</misses>
				<total>0</total>
				<timestamp>3707.692978</timestamp>
			</report>
			<report>
				<misses>384300001</misses>
				<total>0</total>
				<timestamp>3708.682207</timestamp>
			</report>
			<report>
				<misses>384400001</misses>
				<total>0</total>
				<timestamp>3709.670963</timestamp>
			</report>
			<report>
				<misses>384500001</misses>
				<total>0</total>
				<timestamp>3710.660442</timestamp>
			</report>
			<report>
				<misses>384600001</misses>
				<total>0</total>
				<timestamp>3711.645887</timestamp>
			</report>
			<report>
				<misses>384700001</misses>
				<total>0</total>
				<timestamp>3712.619397</timestamp>
			</report>
			<report>
				<misses>384800001</misses>
				<total>0</total>
				<timestamp>3713.592905</timestamp>
			</report>
			<report>
				<misses>384900001</misses>
				<total>0</total>
				<timestamp>3714.566522</timestamp>
			</report>
			<report>
				<misses>385000001</misses>
				<total>0</total>
				<timestamp>3715.542579</timestamp>
			</report>
			<report>
				<misses>385100001</misses>
				<total>0</total>
				<timestamp>3716.528469</timestamp>
			</report>
			<report>
				<misses>385200001</misses>
				<total>0</total>
				<timestamp>3717.514555</timestamp>
			</report>
			<report>
				<misses>385300001</misses>
				<total>0</total>
				<timestamp>3718.500361</timestamp>
			</report>
			<report>
				<misses>385400001</misses>
				<total>0</total>
				<timestamp>3719.487316</timestamp>
			</report>
			<report>
				<misses>385500001</misses>
				<total>0</total>
				<timestamp>3720.473321</timestamp>
			</report>
			<report>
				<misses>385600001</misses>
				<total>0</total>
				<timestamp>3721.459995</timestamp>
			</report>
			<report>
				<misses>385700001</misses>
				<total>0</total>
				<timestamp>3722.446585</timestamp>
			</report>
			<report>
				<misses>385800001</misses>
				<total>0</total>
				<timestamp>3723.433070</timestamp>
			</report>
			<report>
				<misses>385900001</misses>
				<total>0</total>
				<timestamp>3724.419854</timestamp>
			</report>
			<report>
				<misses>386000001</misses>
				<total>0</total>
				<timestamp>3725.406114</timestamp>
			</report>
			<report>
				<misses>386100001</misses>
				<total>0</total>
				<timestamp>3726.392826</timestamp>
			</report>
			<report>
				<misses>386200001</misses>
				<total>0</total>
				<timestamp>3727.379478</timestamp>
			</report>
			<report>
				<misses>386300001</misses>
				<total>0</total>
				<timestamp>3728.366038</timestamp>
			</report>
			<report>
				<misses>386400001</misses>
				<total>0</total>
				<timestamp>3729.353438</timestamp>
			</report>
			<report>
				<misses>386500001</misses>
				<total>0</total>
				<timestamp>3730.340781</timestamp>
			</report>
			<report>
				<misses>386600001</misses>
				<total>0</total>
				<timestamp>3731.326782</timestamp>
			</report>
			<report>
				<misses>386700001</misses>
				<total>0</total>
				<timestamp>3732.313985</timestamp>
			</report>
			<report>
				<misses>386800001</misses>
				<total>0</total>
				<timestamp>3733.300070</timestamp>
			</report>
			<report>
				<misses>386900001</misses>
				<total>0</total>
				<timestamp>3734.286536</timestamp>
			</report>
			<report>
				<misses>387000001</misses>
				<total>0</total>
				<timestamp>3735.273112</timestamp>
			</report>
			<report>
				<misses>387100001</misses>
				<total>0</total>
				<timestamp>3736.263516</timestamp>
			</report>
			<report>
				<misses>387200001</misses>
				<total>0</total>
				<timestamp>3737.250555</timestamp>
			</report>
			<report>
				<misses>387300001</misses>
				<total>0</total>
				<timestamp>3738.237415</timestamp>
			</report>
			<report>
				<misses>387400001</misses>
				<total>0</total>
				<timestamp>3739.224789</timestamp>
			</report>
			<report>
				<misses>387500001</misses>
				<total>0</total>
				<timestamp>3740.211851</timestamp>
			</report>
			<report>
				<misses>387600001</misses>
				<total>0</total>
				<timestamp>3741.198812</timestamp>
			</report>
			<report>
				<misses>387700001</misses>
				<total>0</total>
				<timestamp>3742.186280</timestamp>
			</report>
			<report>
				<misses>387800001</misses>
				<total>0</total>
				<timestamp>3743.166905</timestamp>
			</report>
			<report>
				<misses>387900001</misses>
				<total>0</total>
				<timestamp>3744.153381</timestamp>
			</report>
			<report>
				<misses>388000001</misses>
				<total>0</total>
				<timestamp>3745.141353</timestamp>
			</report>
			<report>
				<misses>388100001</misses>
				<total>0</total>
				<timestamp>3746.129091</timestamp>
			</report>
			<report>
				<misses>388200001</misses>
				<total>0</total>
				<timestamp>3747.116803</timestamp>
			</report>
			<report>
				<misses>388300001</misses>
				<total>0</total>
				<timestamp>3748.104988</timestamp>
			</report>
			<report>
				<misses>388400001</misses>
				<total>0</total>
				<timestamp>3749.092347</timestamp>
			</report>
			<report>
				<misses>388500001</misses>
				<total>0</total>
				<timestamp>3750.079475</timestamp>
			</report>
			<report>
				<misses>388600001</misses>
				<total>0</total>
				<timestamp>3751.066784</timestamp>
			</report>
			<report>
				<misses>388700001</misses>
				<total>0</total>
				<timestamp>3752.053859</timestamp>
			</report>
			<report>
				<misses>388800001</misses>
				<total>0</total>
				<timestamp>3753.042275</timestamp>
			</report>
			<report>
				<misses>388900001</misses>
				<total>0</total>
				<timestamp>3754.030474</timestamp>
			</report>
			<report>
				<misses>389000001</misses>
				<total>0</total>
				<timestamp>3755.018852</timestamp>
			</report>
			<report>
				<misses>389100001</misses>
				<total>0</total>
				<timestamp>3756.006802</timestamp>
			</report>
			<report>
				<misses>389200001</misses>
				<total>0</total>
				<timestamp>3756.993970</timestamp>
			</report>
			<report>
				<misses>389300001</misses>
				<total>0</total>
				<timestamp>3757.982042</timestamp>
			</report>
			<report>
				<misses>389400001</misses>
				<total>0</total>
				<timestamp>3758.969228</timestamp>
			</report>
			<report>
				<misses>389500001</misses>
				<total>0</total>
				<timestamp>3759.956689</timestamp>
			</report>
			<report>
				<misses>389600001</misses>
				<total>0</total>
				<timestamp>3760.943922</timestamp>
			</report>
			<report>
				<misses>389700001</misses>
				<total>0</total>
				<timestamp>3761.930899</timestamp>
			</report>
			<report>
				<misses>389800001</misses>
				<total>0</total>
				<timestamp>3762.918289</timestamp>
			</report>
			<report>
				<misses>389900001</misses>
				<total>0</total>
				<timestamp>3763.905331</timestamp>
			</report>
			<report>
				<misses>390000001</misses>
				<total>0</total>
				<timestamp>3764.892849</timestamp>
			</report>
			<report>
				<misses>390100001</misses>
				<total>0</total>
				<timestamp>3765.880934</timestamp>
			</report>
			<report>
				<misses>390200001</misses>
				<total>0</total>
				<timestamp>3766.867856</timestamp>
			</report>
			<report>
				<misses>390300001</misses>
				<total>0</total>
				<timestamp>3767.854736</timestamp>
			</report>
			<report>
				<misses>390400001</misses>
				<total>0</total>
				<timestamp>3768.841427</timestamp>
			</report>
			<report>
				<misses>390500001</misses>
				<total>0</total>
				<timestamp>3769.829226</timestamp>
			</report>
			<report>
				<misses>390600001</misses>
				<total>0</total>
				<timestamp>3770.816510</timestamp>
			</report>
			<report>
				<misses>390700001</misses>
				<total>0</total>
				<timestamp>3771.804160</timestamp>
			</report>
			<report>
				<misses>390800001</misses>
				<total>0</total>
				<timestamp>3772.791680</timestamp>
			</report>
			<report>
				<misses>390900001</misses>
				<total>0</total>
				<timestamp>3773.779828</timestamp>
			</report>
			<report>
				<misses>391000001</misses>
				<total>0</total>
				<timestamp>3774.767135</timestamp>
			</report>
			<report>
				<misses>391100001</misses>
				<total>0</total>
				<timestamp>3775.755271</timestamp>
			</report>
			<report>
				<misses>391200001</misses>
				<total>0</total>
				<timestamp>3776.742814</timestamp>
			</report>
			<report>
				<misses>391300001</misses>
				<total>0</total>
				<timestamp>3777.730124</timestamp>
			</report>
			<report>
				<misses>391400001</misses>
				<total>0</total>
				<timestamp>3778.717904</timestamp>
			</report>
			<report>
				<misses>391500001</misses>
				<total>0</total>
				<timestamp>3779.705152</timestamp>
			</report>
			<report>
				<misses>391600001</misses>
				<total>0</total>
				<timestamp>3780.692677</timestamp>
			</report>
			<report>
				<misses>391700001</misses>
				<total>0</total>
				<timestamp>3781.680281</timestamp>
			</report>
			<report>
				<misses>391800001</misses>
				<total>0</total>
				<timestamp>3782.667860</timestamp>
			</report>
			<report>
				<misses>391900001</misses>
				<total>0</total>
				<timestamp>3783.655511</timestamp>
			</report>
			<report>
				<misses>392000001</misses>
				<total>0</total>
				<timestamp>3784.642506</timestamp>
			</report>
			<report>
				<misses>392100001</misses>
				<total>0</total>
				<timestamp>3785.630331</timestamp>
			</report>
			<report>
				<misses>392200001</misses>
				<total>0</total>
				<timestamp>3786.617513</timestamp>
			</report>
			<report>
				<misses>392300001</misses>
				<total>0</total>
				<timestamp>3787.605225</timestamp>
			</report>
			<report>
				<misses>392400001</misses>
				<total>0</total>
				<timestamp>3788.591944</timestamp>
			</report>
			<report>
				<misses>392500001</misses>
				<total>0</total>
				<timestamp>3789.578995</timestamp>
			</report>
			<report>
				<misses>392600001</misses>
				<total>0</total>
				<timestamp>3790.566558</timestamp>
			</report>
			<report>
				<misses>392700001</misses>
				<total>0</total>
				<timestamp>3791.553883</timestamp>
			</report>
			<report>
				<misses>392800001</misses>
				<total>0</total>
				<timestamp>3792.543205</timestamp>
			</report>
			<report>
				<misses>392900001</misses>
				<total>0</total>
				<timestamp>3793.531318</timestamp>
			</report>
			<report>
				<misses>393000001</misses>
				<total>0</total>
				<timestamp>3794.518644</timestamp>
			</report>
			<report>
				<misses>393100001</misses>
				<total>0</total>
				<timestamp>3795.506510</timestamp>
			</report>
			<report>
				<misses>393200001</misses>
				<total>0</total>
				<timestamp>3796.494399</timestamp>
			</report>
			<report>
				<misses>393300001</misses>
				<total>0</total>
				<timestamp>3797.481761</timestamp>
			</report>
			<report>
				<misses>393400001</misses>
				<total>0</total>
				<timestamp>3798.472623</timestamp>
			</report>
			<report>
				<misses>393500001</misses>
				<total>0</total>
				<timestamp>3799.460846</timestamp>
			</report>
			<report>
				<misses>393600001</misses>
				<total>0</total>
				<timestamp>3800.448043</timestamp>
			</report>
			<report>
				<misses>393700001</misses>
				<total>0</total>
				<timestamp>3801.435661</timestamp>
			</report>
			<report>
				<misses>393800001</misses>
				<total>0</total>
				<timestamp>3802.423602</timestamp>
			</report>
			<report>
				<misses>393900001</misses>
				<total>0</total>
				<timestamp>3803.397420</timestamp>
			</report>
			<report>
				<misses>394000001</misses>
				<total>0</total>
				<timestamp>3804.375305</timestamp>
			</report>
			<report>
				<misses>394100001</misses>
				<total>0</total>
				<timestamp>3805.362856</timestamp>
			</report>
			<report>
				<misses>394200001</misses>
				<total>0</total>
				<timestamp>3806.350625</timestamp>
			</report>
			<report>
				<misses>394300001</misses>
				<total>0</total>
				<timestamp>3807.338167</timestamp>
			</report>
			<report>
				<misses>394400001</misses>
				<total>0</total>
				<timestamp>3808.325499</timestamp>
			</report>
			<report>
				<misses>394500001</misses>
				<total>0</total>
				<timestamp>3809.313416</timestamp>
			</report>
			<report>
				<misses>394600001</misses>
				<total>0</total>
				<timestamp>3810.300808</timestamp>
			</report>
			<report>
				<misses>394700001</misses>
				<total>0</total>
				<timestamp>3811.288541</timestamp>
			</report>
			<report>
				<misses>394800001</misses>
				<total>0</total>
				<timestamp>3812.276769</timestamp>
			</report>
			<report>
				<misses>394900001</misses>
				<total>0</total>
				<timestamp>3813.264531</timestamp>
			</report>
			<report>
				<misses>395000001</misses>
				<total>0</total>
				<timestamp>3814.252811</timestamp>
			</report>
			<report>
				<misses>395100001</misses>
				<total>0</total>
				<timestamp>3815.240701</timestamp>
			</report>
			<report>
				<misses>395200001</misses>
				<total>0</total>
				<timestamp>3816.228649</timestamp>
			</report>
			<report>
				<misses>395300001</misses>
				<total>0</total>
				<timestamp>3817.216721</timestamp>
			</report>
			<report>
				<misses>395400001</misses>
				<total>0</total>
				<timestamp>3818.205013</timestamp>
			</report>
			<report>
				<misses>395500001</misses>
				<total>0</total>
				<timestamp>3819.192837</timestamp>
			</report>
			<report>
				<misses>395600001</misses>
				<total>0</total>
				<timestamp>3820.181494</timestamp>
			</report>
			<report>
				<misses>395700001</misses>
				<total>0</total>
				<timestamp>3821.169385</timestamp>
			</report>
			<report>
				<misses>395800001</misses>
				<total>0</total>
				<timestamp>3822.158060</timestamp>
			</report>
			<report>
				<misses>395900001</misses>
				<total>0</total>
				<timestamp>3823.146449</timestamp>
			</report>
			<report>
				<misses>396000001</misses>
				<total>0</total>
				<timestamp>3824.134094</timestamp>
			</report>
			<report>
				<misses>396100001</misses>
				<total>0</total>
				<timestamp>3825.121622</timestamp>
			</report>
			<report>
				<misses>396200001</misses>
				<total>0</total>
				<timestamp>3826.109490</timestamp>
			</report>
			<report>
				<misses>396300001</misses>
				<total>0</total>
				<timestamp>3827.097556</timestamp>
			</report>
			<report>
				<misses>396400001</misses>
				<total>0</total>
				<timestamp>3828.085460</timestamp>
			</report>
			<report>
				<misses>396500001</misses>
				<total>0</total>
				<timestamp>3829.073187</timestamp>
			</report>
			<report>
				<misses>396600001</misses>
				<total>0</total>
				<timestamp>3830.062068</timestamp>
			</report>
			<report>
				<misses>396700001</misses>
				<total>0</total>
				<timestamp>3831.049406</timestamp>
			</report>
			<report>
				<misses>396800001</misses>
				<total>0</total>
				<timestamp>3832.037007</timestamp>
			</report>
			<report>
				<misses>396900001</misses>
				<total>0</total>
				<timestamp>3833.024470</timestamp>
			</report>
			<report>
				<misses>397000001</misses>
				<total>0</total>
				<timestamp>3834.011965</timestamp>
			</report>
			<report>
				<misses>397100001</misses>
				<total>0</total>
				<timestamp>3835.000035</timestamp>
			</report>
			<report>
				<misses>397200001</misses>
				<total>0</total>
				<timestamp>3835.987309</timestamp>
			</report>
			<report>
				<misses>397300001</misses>
				<total>0</total>
				<timestamp>3836.974631</timestamp>
			</report>
			<report>
				<misses>397400001</misses>
				<total>0</total>
				<timestamp>3837.963256</timestamp>
			</report>
			<report>
				<misses>397500001</misses>
				<total>0</total>
				<timestamp>3838.951384</timestamp>
			</report>
			<report>
				<misses>397600001</misses>
				<total>0</total>
				<timestamp>3839.939171</timestamp>
			</report>
			<report>
				<misses>397700001</misses>
				<total>0</total>
				<timestamp>3840.927050</timestamp>
			</report>
			<report>
				<misses>397800001</misses>
				<total>0</total>
				<timestamp>3841.915228</timestamp>
			</report>
			<report>
				<misses>397900001</misses>
				<total>0</total>
				<timestamp>3842.903348</timestamp>
			</report>
			<report>
				<misses>398000001</misses>
				<total>0</total>
				<timestamp>3843.890525</timestamp>
			</report>
			<report>
				<misses>398100001</misses>
				<total>0</total>
				<timestamp>3844.878152</timestamp>
			</report>
			<report>
				<misses>398200001</misses>
				<total>0</total>
				<timestamp>3845.866665</timestamp>
			</report>
			<report>
				<misses>398300001</misses>
				<total>0</total>
				<timestamp>3846.854622</timestamp>
			</report>
			<report>
				<misses>398400001</misses>
				<total>0</total>
				<timestamp>3847.842563</timestamp>
			</report>
			<report>
				<misses>398500001</misses>
				<total>0</total>
				<timestamp>3848.829262</timestamp>
			</report>
			<report>
				<misses>398600001</misses>
				<total>0</total>
				<timestamp>3849.811998</timestamp>
			</report>
			<report>
				<misses>398700001</misses>
				<total>0</total>
				<timestamp>3850.794835</timestamp>
			</report>
			<report>
				<misses>398800001</misses>
				<total>0</total>
				<timestamp>3851.777941</timestamp>
			</report>
			<report>
				<misses>398900001</misses>
				<total>0</total>
				<timestamp>3852.761104</timestamp>
			</report>
			<report>
				<misses>399000001</misses>
				<total>0</total>
				<timestamp>3853.744297</timestamp>
			</report>
			<report>
				<misses>399100001</misses>
				<total>0</total>
				<timestamp>3854.727672</timestamp>
			</report>
			<report>
				<misses>399200001</misses>
				<total>0</total>
				<timestamp>3855.710810</timestamp>
			</report>
			<report>
				<misses>399300001</misses>
				<total>0</total>
				<timestamp>3856.694312</timestamp>
			</report>
			<report>
				<misses>399400001</misses>
				<total>0</total>
				<timestamp>3857.677744</timestamp>
			</report>
			<report>
				<misses>399500001</misses>
				<total>0</total>
				<timestamp>3858.661200</timestamp>
			</report>
			<report>
				<misses>399600001</misses>
				<total>0</total>
				<timestamp>3859.645204</timestamp>
			</report>
			<report>
				<misses>399700001</misses>
				<total>0</total>
				<timestamp>3860.628488</timestamp>
			</report>
			<report>
				<misses>399800001</misses>
				<total>0</total>
				<timestamp>3861.611706</timestamp>
			</report>
			<report>
				<misses>399900001</misses>
				<total>0</total>
				<timestamp>3862.595362</timestamp>
			</report>
			<report>
				<misses>400000001</misses>
				<total>0</total>
				<timestamp>3863.578620</timestamp>
			</report>
			<report>
				<misses>400100001</misses>
				<total>0</total>
				<timestamp>3864.562301</timestamp>
			</report>
			<report>
				<misses>400200001</misses>
				<total>0</total>
				<timestamp>3865.545611</timestamp>
			</report>
			<report>
				<misses>400300001</misses>
				<total>0</total>
				<timestamp>3866.528856</timestamp>
			</report>
			<report>
				<misses>400400001</misses>
				<total>0</total>
				<timestamp>3867.512192</timestamp>
			</report>
			<report>
				<misses>400500001</misses>
				<total>0</total>
				<timestamp>3868.495775</timestamp>
			</report>
			<report>
				<misses>400600001</misses>
				<total>0</total>
				<timestamp>3869.480568</timestamp>
			</report>
			<report>
				<misses>400700001</misses>
				<total>0</total>
				<timestamp>3870.464208</timestamp>
			</report>
			<report>
				<misses>400800001</misses>
				<total>0</total>
				<timestamp>3871.448222</timestamp>
			</report>
			<report>
				<misses>400900001</misses>
				<total>0</total>
				<timestamp>3872.431576</timestamp>
			</report>
			<report>
				<misses>401000001</misses>
				<total>0</total>
				<timestamp>3873.415086</timestamp>
			</report>
			<report>
				<misses>401100001</misses>
				<total>0</total>
				<timestamp>3874.398389</timestamp>
			</report>
			<report>
				<misses>401200001</misses>
				<total>0</total>
				<timestamp>3875.381986</timestamp>
			</report>
			<report>
				<misses>401300001</misses>
				<total>0</total>
				<timestamp>3876.365471</timestamp>
			</report>
			<report>
				<misses>401400001</misses>
				<total>0</total>
				<timestamp>3877.349219</timestamp>
			</report>
			<report>
				<misses>401500001</misses>
				<total>0</total>
				<timestamp>3878.332902</timestamp>
			</report>
			<report>
				<misses>401600001</misses>
				<total>0</total>
				<timestamp>3879.316248</timestamp>
			</report>
			<report>
				<misses>401700001</misses>
				<total>0</total>
				<timestamp>3880.299740</timestamp>
			</report>
			<report>
				<misses>401800001</misses>
				<total>0</total>
				<timestamp>3881.282573</timestamp>
			</report>
			<report>
				<misses>401900001</misses>
				<total>0</total>
				<timestamp>3882.265790</timestamp>
			</report>
			<report>
				<misses>402000001</misses>
				<total>0</total>
				<timestamp>3883.249272</timestamp>
			</report>
			<report>
				<misses>402100001</misses>
				<total>0</total>
				<timestamp>3884.232652</timestamp>
			</report>
			<report>
				<misses>402200001</misses>
				<total>0</total>
				<timestamp>3885.216297</timestamp>
			</report>
			<report>
				<misses>402300001</misses>
				<total>0</total>
				<timestamp>3886.199312</timestamp>
			</report>
			<report>
				<misses>402400001</misses>
				<total>0</total>
				<timestamp>3887.182794</timestamp>
			</report>
			<report>
				<misses>402500001</misses>
				<total>0</total>
				<timestamp>3888.166035</timestamp>
			</report>
			<report>
				<misses>402600001</misses>
				<total>0</total>
				<timestamp>3889.149228</timestamp>
			</report>
			<report>
				<misses>402700001</misses>
				<total>0</total>
				<timestamp>3890.132839</timestamp>
			</report>
			<report>
				<misses>402800001</misses>
				<total>0</total>
				<timestamp>3891.116125</timestamp>
			</report>
			<report>
				<misses>402900001</misses>
				<total>0</total>
				<timestamp>3892.099424</timestamp>
			</report>
			<report>
				<misses>403000001</misses>
				<total>0</total>
				<timestamp>3893.082800</timestamp>
			</report>
			<report>
				<misses>403100001</misses>
				<total>0</total>
				<timestamp>3894.066641</timestamp>
			</report>
			<report>
				<misses>403200001</misses>
				<total>0</total>
				<timestamp>3895.049837</timestamp>
			</report>
			<report>
				<misses>403300001</misses>
				<total>0</total>
				<timestamp>3896.033523</timestamp>
			</report>
			<report>
				<misses>403400001</misses>
				<total>0</total>
				<timestamp>3897.016583</timestamp>
			</report>
			<report>
				<misses>403500001</misses>
				<total>0</total>
				<timestamp>3898.000534</timestamp>
			</report>
			<report>
				<misses>403600001</misses>
				<total>0</total>
				<timestamp>3898.983966</timestamp>
			</report>
			<report>
				<misses>403700001</misses>
				<total>0</total>
				<timestamp>3899.966962</timestamp>
			</report>
			<report>
				<misses>403800001</misses>
				<total>0</total>
				<timestamp>3900.949980</timestamp>
			</report>
			<report>
				<misses>403900001</misses>
				<total>0</total>
				<timestamp>3901.933252</timestamp>
			</report>
			<report>
				<misses>404000001</misses>
				<total>0</total>
				<timestamp>3902.916432</timestamp>
			</report>
			<report>
				<misses>404100001</misses>
				<total>0</total>
				<timestamp>3903.899735</timestamp>
			</report>
			<report>
				<misses>404200001</misses>
				<total>0</total>
				<timestamp>3904.883077</timestamp>
			</report>
			<report>
				<misses>404300001</misses>
				<total>0</total>
				<timestamp>3905.866973</timestamp>
			</report>
			<report>
				<misses>404400001</misses>
				<total>0</total>
				<timestamp>3906.851205</timestamp>
			</report>
			<report>
				<misses>404500001</misses>
				<total>0</total>
				<timestamp>3907.834195</timestamp>
			</report>
			<report>
				<misses>404600001</misses>
				<total>0</total>
				<timestamp>3908.817570</timestamp>
			</report>
			<report>
				<misses>404700001</misses>
				<total>0</total>
				<timestamp>3909.800315</timestamp>
			</report>
			<report>
				<misses>404800001</misses>
				<total>0</total>
				<timestamp>3910.783116</timestamp>
			</report>
			<report>
				<misses>404900001</misses>
				<total>0</total>
				<timestamp>3911.766669</timestamp>
			</report>
			<report>
				<misses>405000001</misses>
				<total>0</total>
				<timestamp>3912.750377</timestamp>
			</report>
			<report>
				<misses>405100001</misses>
				<total>0</total>
				<timestamp>3913.733224</timestamp>
			</report>
			<report>
				<misses>405200001</misses>
				<total>0</total>
				<timestamp>3914.716833</timestamp>
			</report>
			<report>
				<misses>405300001</misses>
				<total>0</total>
				<timestamp>3915.700025</timestamp>
			</report>
			<report>
				<misses>405400001</misses>
				<total>0</total>
				<timestamp>3916.683308</timestamp>
			</report>
			<report>
				<misses>405500001</misses>
				<total>0</total>
				<timestamp>3917.667895</timestamp>
			</report>
			<report>
				<misses>405600001</misses>
				<total>0</total>
				<timestamp>3918.651677</timestamp>
			</report>
			<report>
				<misses>405700001</misses>
				<total>0</total>
				<timestamp>3919.634966</timestamp>
			</report>
			<report>
				<misses>405800001</misses>
				<total>0</total>
				<timestamp>3920.619196</timestamp>
			</report>
			<report>
				<misses>405900001</misses>
				<total>0</total>
				<timestamp>3921.602761</timestamp>
			</report>
			<report>
				<misses>406000001</misses>
				<total>0</total>
				<timestamp>3922.586498</timestamp>
			</report>
			<report>
				<misses>406100001</misses>
				<total>0</total>
				<timestamp>3923.569679</timestamp>
			</report>
			<report>
				<misses>406200001</misses>
				<total>0</total>
				<timestamp>3924.552840</timestamp>
			</report>
			<report>
				<misses>406300001</misses>
				<total>0</total>
				<timestamp>3925.535469</timestamp>
			</report>
			<report>
				<misses>406400001</misses>
				<total>0</total>
				<timestamp>3926.518631</timestamp>
			</report>
			<report>
				<misses>406500001</misses>
				<total>0</total>
				<timestamp>3927.501435</timestamp>
			</report>
			<report>
				<misses>406600001</misses>
				<total>0</total>
				<timestamp>3928.484787</timestamp>
			</report>
			<report>
				<misses>406700001</misses>
				<total>0</total>
				<timestamp>3929.467940</timestamp>
			</report>
			<report>
				<misses>406800001</misses>
				<total>0</total>
				<timestamp>3930.450917</timestamp>
			</report>
			<report>
				<misses>406900001</misses>
				<total>0</total>
				<timestamp>3931.433496</timestamp>
			</report>
			<report>
				<misses>407000001</misses>
				<total>0</total>
				<timestamp>3932.416570</timestamp>
			</report>
			<report>
				<misses>407100001</misses>
				<total>0</total>
				<timestamp>3933.399347</timestamp>
			</report>
			<report>
				<misses>407200001</misses>
				<total>0</total>
				<timestamp>3934.382422</timestamp>
			</report>
			<report>
				<misses>407300001</misses>
				<total>0</total>
				<timestamp>3935.365057</timestamp>
			</report>
			<report>
				<misses>407400001</misses>
				<total>0</total>
				<timestamp>3936.348097</timestamp>
			</report>
			<report>
				<misses>407500001</misses>
				<total>0</total>
				<timestamp>3937.331124</timestamp>
			</report>
			<report>
				<misses>407600001</misses>
				<total>0</total>
				<timestamp>3938.314201</timestamp>
			</report>
			<report>
				<misses>407700001</misses>
				<total>0</total>
				<timestamp>3939.297779</timestamp>
			</report>
			<report>
				<misses>407800001</misses>
				<total>0</total>
				<timestamp>3940.281309</timestamp>
			</report>
			<report>
				<misses>407900001</misses>
				<total>0</total>
				<timestamp>3941.264608</timestamp>
			</report>
			<report>
				<misses>408000001</misses>
				<total>0</total>
				<timestamp>3942.247675</timestamp>
			</report>
			<report>
				<misses>408100001</misses>
				<total>0</total>
				<timestamp>3943.230649</timestamp>
			</report>
			<report>
				<misses>408200001</misses>
				<total>0</total>
				<timestamp>3944.214232</timestamp>
			</report>
			<report>
				<misses>408300001</misses>
				<total>0</total>
				<timestamp>3945.197510</timestamp>
			</report>
			<report>
				<misses>408400001</misses>
				<total>0</total>
				<timestamp>3946.180769</timestamp>
			</report>
			<report>
				<misses>408500001</misses>
				<total>0</total>
				<timestamp>3947.163697</timestamp>
			</report>
			<report>
				<misses>408600001</misses>
				<total>0</total>
				<timestamp>3948.146849</timestamp>
			</report>
			<report>
				<misses>408700001</misses>
				<total>0</total>
				<timestamp>3949.129724</timestamp>
			</report>
			<report>
				<misses>408800001</misses>
				<total>0</total>
				<timestamp>3950.113396</timestamp>
			</report>
			<report>
				<misses>408900001</misses>
				<total>0</total>
				<timestamp>3951.096502</timestamp>
			</report>
			<report>
				<misses>409000001</misses>
				<total>0</total>
				<timestamp>3952.079332</timestamp>
			</report>
			<report>
				<misses>409100001</misses>
				<total>0</total>
				<timestamp>3953.062593</timestamp>
			</report>
			<report>
				<misses>409200001</misses>
				<total>0</total>
				<timestamp>3954.045369</timestamp>
			</report>
			<report>
				<misses>409300001</misses>
				<total>0</total>
				<timestamp>3955.028091</timestamp>
			</report>
			<report>
				<misses>409400001</misses>
				<total>0</total>
				<timestamp>3956.011235</timestamp>
			</report>
			<report>
				<misses>409500001</misses>
				<total>0</total>
				<timestamp>3956.994417</timestamp>
			</report>
			<report>
				<misses>409600001</misses>
				<total>0</total>
				<timestamp>3957.977810</timestamp>
			</report>
			<report>
				<misses>409700001</misses>
				<total>0</total>
				<timestamp>3958.961335</timestamp>
			</report>
			<report>
				<misses>409800001</misses>
				<total>0</total>
				<timestamp>3959.945142</timestamp>
			</report>
			<report>
				<misses>409900001</misses>
				<total>0</total>
				<timestamp>3960.928401</timestamp>
			</report>
			<report>
				<misses>410000001</misses>
				<total>0</total>
				<timestamp>3961.911943</timestamp>
			</report>
			<report>
				<misses>410100001</misses>
				<total>0</total>
				<timestamp>3962.894980</timestamp>
			</report>
			<report>
				<misses>410200001</misses>
				<total>0</total>
				<timestamp>3963.878509</timestamp>
			</report>
			<report>
				<misses>410300001</misses>
				<total>0</total>
				<timestamp>3964.862129</timestamp>
			</report>
			<report>
				<misses>410400001</misses>
				<total>0</total>
				<timestamp>3965.845081</timestamp>
			</report>
			<report>
				<misses>410500001</misses>
				<total>0</total>
				<timestamp>3966.828397</timestamp>
			</report>
			<report>
				<misses>410600001</misses>
				<total>0</total>
				<timestamp>3967.811351</timestamp>
			</report>
			<report>
				<misses>410700001</misses>
				<total>0</total>
				<timestamp>3968.795218</timestamp>
			</report>
			<report>
				<misses>410800001</misses>
				<total>0</total>
				<timestamp>3969.779216</timestamp>
			</report>
			<report>
				<misses>410900001</misses>
				<total>0</total>
				<timestamp>3970.762951</timestamp>
			</report>
			<report>
				<misses>411000001</misses>
				<total>0</total>
				<timestamp>3971.746356</timestamp>
			</report>
			<report>
				<misses>411100001</misses>
				<total>0</total>
				<timestamp>3972.729843</timestamp>
			</report>
			<report>
				<misses>411200001</misses>
				<total>0</total>
				<timestamp>3973.713666</timestamp>
			</report>
			<report>
				<misses>411300001</misses>
				<total>0</total>
				<timestamp>3974.697217</timestamp>
			</report>
			<report>
				<misses>411400001</misses>
				<total>0</total>
				<timestamp>3975.680776</timestamp>
			</report>
			<report>
				<misses>411500001</misses>
				<total>0</total>
				<timestamp>3976.664505</timestamp>
			</report>
			<report>
				<misses>411600001</misses>
				<total>0</total>
				<timestamp>3977.647459</timestamp>
			</report>
			<report>
				<misses>411700001</misses>
				<total>0</total>
				<timestamp>3978.630880</timestamp>
			</report>
			<report>
				<misses>411800001</misses>
				<total>0</total>
				<timestamp>3979.614266</timestamp>
			</report>
			<report>
				<misses>411900001</misses>
				<total>0</total>
				<timestamp>3980.597959</timestamp>
			</report>
			<report>
				<misses>412000001</misses>
				<total>0</total>
				<timestamp>3981.581080</timestamp>
			</report>
			<report>
				<misses>412100001</misses>
				<total>0</total>
				<timestamp>3982.565091</timestamp>
			</report>
			<report>
				<misses>412200001</misses>
				<total>0</total>
				<timestamp>3983.548343</timestamp>
			</report>
			<report>
				<misses>412300001</misses>
				<total>0</total>
				<timestamp>3984.532359</timestamp>
			</report>
			<report>
				<misses>412400001</misses>
				<total>0</total>
				<timestamp>3985.516430</timestamp>
			</report>
			<report>
				<misses>412500001</misses>
				<total>0</total>
				<timestamp>3986.500268</timestamp>
			</report>
			<report>
				<misses>412600001</misses>
				<total>0</total>
				<timestamp>3987.484109</timestamp>
			</report>
			<report>
				<misses>412700001</misses>
				<total>0</total>
				<timestamp>3988.467814</timestamp>
			</report>
			<report>
				<misses>412800001</misses>
				<total>0</total>
				<timestamp>3989.452107</timestamp>
			</report>
			<report>
				<misses>412900001</misses>
				<total>0</total>
				<timestamp>3990.435611</timestamp>
			</report>
			<report>
				<misses>413000001</misses>
				<total>0</total>
				<timestamp>3991.418849</timestamp>
			</report>
			<report>
				<misses>413100001</misses>
				<total>0</total>
				<timestamp>3992.402478</timestamp>
			</report>
			<report>
				<misses>413200001</misses>
				<total>0</total>
				<timestamp>3993.386093</timestamp>
			</report>
			<report>
				<misses>413300001</misses>
				<total>0</total>
				<timestamp>3994.369101</timestamp>
			</report>
			<report>
				<misses>413400001</misses>
				<total>0</total>
				<timestamp>3995.352763</timestamp>
			</report>
			<report>
				<misses>413500001</misses>
				<total>0</total>
				<timestamp>3996.336140</timestamp>
			</report>
			<report>
				<misses>413600001</misses>
				<total>0</total>
				<timestamp>3997.319455</timestamp>
			</report>
			<report>
				<misses>413700001</misses>
				<total>0</total>
				<timestamp>3998.303067</timestamp>
			</report>
			<report>
				<misses>413800001</misses>
				<total>0</total>
				<timestamp>3999.286549</timestamp>
			</report>
			<report>
				<misses>413900001</misses>
				<total>0</total>
				<timestamp>4000.270102</timestamp>
			</report>
			<report>
				<misses>414000001</misses>
				<total>0</total>
				<timestamp>4001.253059</timestamp>
			</report>
			<report>
				<misses>414100001</misses>
				<total>0</total>
				<timestamp>4002.236997</timestamp>
			</report>
			<report>
				<misses>414200001</misses>
				<total>0</total>
				<timestamp>4003.219782</timestamp>
			</report>
			<report>
				<misses>414300001</misses>
				<total>0</total>
				<timestamp>4004.203547</timestamp>
			</report>
			<report>
				<misses>414400001</misses>
				<total>0</total>
				<timestamp>4005.187039</timestamp>
			</report>
			<report>
				<misses>414500001</misses>
				<total>0</total>
				<timestamp>4006.170358</timestamp>
			</report>
			<report>
				<misses>414600001</misses>
				<total>0</total>
				<timestamp>4007.153800</timestamp>
			</report>
			<report>
				<misses>414700001</misses>
				<total>0</total>
				<timestamp>4008.137793</timestamp>
			</report>
			<report>
				<misses>414800001</misses>
				<total>0</total>
				<timestamp>4009.121117</timestamp>
			</report>
			<report>
				<misses>414900001</misses>
				<total>0</total>
				<timestamp>4010.104405</timestamp>
			</report>
			<report>
				<misses>415000001</misses>
				<total>0</total>
				<timestamp>4011.088218</timestamp>
			</report>
			<report>
				<misses>415100001</misses>
				<total>0</total>
				<timestamp>4012.072573</timestamp>
			</report>
			<report>
				<misses>415200001</misses>
				<total>0</total>
				<timestamp>4013.056209</timestamp>
			</report>
			<report>
				<misses>415300001</misses>
				<total>0</total>
				<timestamp>4014.039840</timestamp>
			</report>
			<report>
				<misses>415400001</misses>
				<total>0</total>
				<timestamp>4015.023969</timestamp>
			</report>
			<report>
				<misses>415500001</misses>
				<total>0</total>
				<timestamp>4016.008198</timestamp>
			</report>
			<report>
				<misses>415600001</misses>
				<total>0</total>
				<timestamp>4016.992048</timestamp>
			</report>
			<report>
				<misses>415700001</misses>
				<total>0</total>
				<timestamp>4017.976025</timestamp>
			</report>
			<report>
				<misses>415800001</misses>
				<total>0</total>
				<timestamp>4018.959752</timestamp>
			</report>
			<report>
				<misses>415900001</misses>
				<total>0</total>
				<timestamp>4019.943783</timestamp>
			</report>
			<report>
				<misses>416000001</misses>
				<total>0</total>
				<timestamp>4020.927628</timestamp>
			</report>
			<report>
				<misses>416100001</misses>
				<total>0</total>
				<timestamp>4021.911546</timestamp>
			</report>
			<report>
				<misses>416200001</misses>
				<total>0</total>
				<timestamp>4022.895397</timestamp>
			</report>
			<report>
				<misses>416300001</misses>
				<total>0</total>
				<timestamp>4023.879187</timestamp>
			</report>
			<report>
				<misses>416400001</misses>
				<total>0</total>
				<timestamp>4024.863013</timestamp>
			</report>
			<report>
				<misses>416500001</misses>
				<total>0</total>
				<timestamp>4025.847257</timestamp>
			</report>
			<report>
				<misses>416600001</misses>
				<total>0</total>
				<timestamp>4026.830565</timestamp>
			</report>
			<report>
				<misses>416700001</misses>
				<total>0</total>
				<timestamp>4027.814075</timestamp>
			</report>
			<report>
				<misses>416800001</misses>
				<total>0</total>
				<timestamp>4028.797673</timestamp>
			</report>
			<report>
				<misses>416900001</misses>
				<total>0</total>
				<timestamp>4029.781160</timestamp>
			</report>
			<report>
				<misses>417000001</misses>
				<total>0</total>
				<timestamp>4030.764533</timestamp>
			</report>
			<report>
				<misses>417100001</misses>
				<total>0</total>
				<timestamp>4031.748340</timestamp>
			</report>
			<report>
				<misses>417200001</misses>
				<total>0</total>
				<timestamp>4032.732115</timestamp>
			</report>
			<report>
				<misses>417300001</misses>
				<total>0</total>
				<timestamp>4033.715818</timestamp>
			</report>
			<report>
				<misses>417400001</misses>
				<total>0</total>
				<timestamp>4034.699450</timestamp>
			</report>
			<report>
				<misses>417500001</misses>
				<total>0</total>
				<timestamp>4035.682558</timestamp>
			</report>
			<report>
				<misses>417600001</misses>
				<total>0</total>
				<timestamp>4036.666469</timestamp>
			</report>
			<report>
				<misses>417700001</misses>
				<total>0</total>
				<timestamp>4037.650706</timestamp>
			</report>
			<report>
				<misses>417800001</misses>
				<total>0</total>
				<timestamp>4038.634721</timestamp>
			</report>
			<report>
				<misses>417900001</misses>
				<total>0</total>
				<timestamp>4039.618661</timestamp>
			</report>
			<report>
				<misses>418000001</misses>
				<total>0</total>
				<timestamp>4040.602648</timestamp>
			</report>
			<report>
				<misses>418100001</misses>
				<total>0</total>
				<timestamp>4041.586091</timestamp>
			</report>
			<report>
				<misses>418200001</misses>
				<total>0</total>
				<timestamp>4042.569943</timestamp>
			</report>
			<report>
				<misses>418300001</misses>
				<total>0</total>
				<timestamp>4043.553932</timestamp>
			</report>
			<report>
				<misses>418400001</misses>
				<total>0</total>
				<timestamp>4044.537554</timestamp>
			</report>
			<report>
				<misses>418500001</misses>
				<total>0</total>
				<timestamp>4045.520826</timestamp>
			</report>
			<report>
				<misses>418600001</misses>
				<total>0</total>
				<timestamp>4046.504472</timestamp>
			</report>
			<report>
				<misses>418700001</misses>
				<total>0</total>
				<timestamp>4047.487745</timestamp>
			</report>
			<report>
				<misses>418800001</misses>
				<total>0</total>
				<timestamp>4048.470979</timestamp>
			</report>
			<report>
				<misses>418900001</misses>
				<total>0</total>
				<timestamp>4049.454521</timestamp>
			</report>
			<report>
				<misses>419000001</misses>
				<total>0</total>
				<timestamp>4050.438675</timestamp>
			</report>
			<report>
				<misses>419100001</misses>
				<total>0</total>
				<timestamp>4051.421730</timestamp>
			</report>
			<report>
				<misses>419200001</misses>
				<total>0</total>
				<timestamp>4052.405006</timestamp>
			</report>
			<report>
				<misses>419300001</misses>
				<total>0</total>
				<timestamp>4053.388422</timestamp>
			</report>
			<report>
				<misses>419400001</misses>
				<total>0</total>
				<timestamp>4054.371881</timestamp>
			</report>
			<report>
				<misses>419500001</misses>
				<total>0</total>
				<timestamp>4055.355180</timestamp>
			</report>
			<report>
				<misses>419600001</misses>
				<total>0</total>
				<timestamp>4056.338345</timestamp>
			</report>
			<report>
				<misses>419700001</misses>
				<total>0</total>
				<timestamp>4057.321778</timestamp>
			</report>
			<report>
				<misses>419800001</misses>
				<total>0</total>
				<timestamp>4058.305124</timestamp>
			</report>
			<report>
				<misses>419900001</misses>
				<total>0</total>
				<timestamp>4059.288413</timestamp>
			</report>
			<report>
				<misses>420000001</misses>
				<total>0</total>
				<timestamp>4060.271743</timestamp>
			</report>
			<report>
				<misses>420100001</misses>
				<total>0</total>
				<timestamp>4061.255339</timestamp>
			</report>
			<report>
				<misses>420200001</misses>
				<total>0</total>
				<timestamp>4062.239061</timestamp>
			</report>
			<report>
				<misses>420300001</misses>
				<total>0</total>
				<timestamp>4063.222061</timestamp>
			</report>
			<report>
				<misses>420400001</misses>
				<total>0</total>
				<timestamp>4064.205633</timestamp>
			</report>
			<report>
				<misses>420500001</misses>
				<total>0</total>
				<timestamp>4065.189077</timestamp>
			</report>
			<report>
				<misses>420600001</misses>
				<total>0</total>
				<timestamp>4066.173705</timestamp>
			</report>
			<report>
				<misses>420700001</misses>
				<total>0</total>
				<timestamp>4067.157792</timestamp>
			</report>
			<report>
				<misses>420800001</misses>
				<total>0</total>
				<timestamp>4068.141511</timestamp>
			</report>
			<report>
				<misses>420900001</misses>
				<total>0</total>
				<timestamp>4069.125365</timestamp>
			</report>
			<report>
				<misses>421000001</misses>
				<total>0</total>
				<timestamp>4070.108918</timestamp>
			</report>
			<report>
				<misses>421100001</misses>
				<total>0</total>
				<timestamp>4071.092873</timestamp>
			</report>
			<report>
				<misses>421200001</misses>
				<total>0</total>
				<timestamp>4072.076584</timestamp>
			</report>
			<report>
				<misses>421300001</misses>
				<total>0</total>
				<timestamp>4073.060427</timestamp>
			</report>
			<report>
				<misses>421400001</misses>
				<total>0</total>
				<timestamp>4074.044386</timestamp>
			</report>
			<report>
				<misses>421500001</misses>
				<total>0</total>
				<timestamp>4075.027587</timestamp>
			</report>
			<report>
				<misses>421600001</misses>
				<total>0</total>
				<timestamp>4076.010303</timestamp>
			</report>
			<report>
				<misses>421700001</misses>
				<total>0</total>
				<timestamp>4076.993540</timestamp>
			</report>
			<report>
				<misses>421800001</misses>
				<total>0</total>
				<timestamp>4077.977250</timestamp>
			</report>
			<report>
				<misses>421900001</misses>
				<total>0</total>
				<timestamp>4078.961154</timestamp>
			</report>
			<report>
				<misses>422000001</misses>
				<total>0</total>
				<timestamp>4079.944306</timestamp>
			</report>
			<report>
				<misses>422100001</misses>
				<total>0</total>
				<timestamp>4080.928118</timestamp>
			</report>
			<report>
				<misses>422200001</misses>
				<total>0</total>
				<timestamp>4081.911498</timestamp>
			</report>
			<report>
				<misses>422300001</misses>
				<total>0</total>
				<timestamp>4082.895017</timestamp>
			</report>
			<report>
				<misses>422400001</misses>
				<total>0</total>
				<timestamp>4083.877910</timestamp>
			</report>
			<report>
				<misses>422500001</misses>
				<total>0</total>
				<timestamp>4084.861771</timestamp>
			</report>
			<report>
				<misses>422600001</misses>
				<total>0</total>
				<timestamp>4085.845218</timestamp>
			</report>
			<report>
				<misses>422700001</misses>
				<total>0</total>
				<timestamp>4086.828647</timestamp>
			</report>
			<report>
				<misses>422800001</misses>
				<total>0</total>
				<timestamp>4087.812711</timestamp>
			</report>
			<report>
				<misses>422900001</misses>
				<total>0</total>
				<timestamp>4088.796350</timestamp>
			</report>
			<report>
				<misses>423000001</misses>
				<total>0</total>
				<timestamp>4089.780124</timestamp>
			</report>
			<report>
				<misses>423100001</misses>
				<total>0</total>
				<timestamp>4090.763907</timestamp>
			</report>
			<report>
				<misses>423200001</misses>
				<total>0</total>
				<timestamp>4091.746739</timestamp>
			</report>
			<report>
				<misses>423300001</misses>
				<total>0</total>
				<timestamp>4092.730877</timestamp>
			</report>
			<report>
				<misses>423400001</misses>
				<total>0</total>
				<timestamp>4093.714707</timestamp>
			</report>
			<report>
				<misses>423500001</misses>
				<total>0</total>
				<timestamp>4094.698185</timestamp>
			</report>
			<report>
				<misses>423600001</misses>
				<total>0</total>
				<timestamp>4095.681865</timestamp>
			</report>
			<report>
				<misses>423700001</misses>
				<total>0</total>
				<timestamp>4096.665328</timestamp>
			</report>
			<report>
				<misses>423800001</misses>
				<total>0</total>
				<timestamp>4097.649331</timestamp>
			</report>
			<report>
				<misses>423900001</misses>
				<total>0</total>
				<timestamp>4098.632719</timestamp>
			</report>
			<report>
				<misses>424000001</misses>
				<total>0</total>
				<timestamp>4099.616649</timestamp>
			</report>
			<report>
				<misses>424100001</misses>
				<total>0</total>
				<timestamp>4100.600408</timestamp>
			</report>
			<report>
				<misses>424200001</misses>
				<total>0</total>
				<timestamp>4101.584582</timestamp>
			</report>
			<report>
				<misses>424300001</misses>
				<total>0</total>
				<timestamp>4102.568872</timestamp>
			</report>
			<report>
				<misses>424400001</misses>
				<total>0</total>
				<timestamp>4103.552717</timestamp>
			</report>
			<report>
				<misses>424500001</misses>
				<total>0</total>
				<timestamp>4104.536846</timestamp>
			</report>
			<report>
				<misses>424600001</misses>
				<total>0</total>
				<timestamp>4105.520232</timestamp>
			</report>
			<report>
				<misses>424700001</misses>
				<total>0</total>
				<timestamp>4106.504074</timestamp>
			</report>
			<report>
				<misses>424800001</misses>
				<total>0</total>
				<timestamp>4107.487817</timestamp>
			</report>
			<report>
				<misses>424900001</misses>
				<total>0</total>
				<timestamp>4108.471657</timestamp>
			</report>
			<report>
				<misses>425000001</misses>
				<total>0</total>
				<timestamp>4109.455710</timestamp>
			</report>
			<report>
				<misses>425100001</misses>
				<total>0</total>
				<timestamp>4110.439355</timestamp>
			</report>
			<report>
				<misses>425200001</misses>
				<total>0</total>
				<timestamp>4111.422987</timestamp>
			</report>
			<report>
				<misses>425300001</misses>
				<total>0</total>
				<timestamp>4112.406667</timestamp>
			</report>
			<report>
				<misses>425400001</misses>
				<total>0</total>
				<timestamp>4113.389807</timestamp>
			</report>
			<report>
				<misses>425500001</misses>
				<total>0</total>
				<timestamp>4114.373414</timestamp>
			</report>
			<report>
				<misses>425600001</misses>
				<total>0</total>
				<timestamp>4115.357239</timestamp>
			</report>
			<report>
				<misses>425700001</misses>
				<total>0</total>
				<timestamp>4116.340442</timestamp>
			</report>
			<report>
				<misses>425800001</misses>
				<total>0</total>
				<timestamp>4117.323730</timestamp>
			</report>
			<report>
				<misses>425900001</misses>
				<total>0</total>
				<timestamp>4118.307474</timestamp>
			</report>
			<report>
				<misses>426000001</misses>
				<total>0</total>
				<timestamp>4119.291250</timestamp>
			</report>
			<report>
				<misses>426100001</misses>
				<total>0</total>
				<timestamp>4120.275044</timestamp>
			</report>
			<report>
				<misses>426200001</misses>
				<total>0</total>
				<timestamp>4121.258701</timestamp>
			</report>
			<report>
				<misses>426300001</misses>
				<total>0</total>
				<timestamp>4122.242532</timestamp>
			</report>
			<report>
				<misses>426400001</misses>
				<total>0</total>
				<timestamp>4123.226172</timestamp>
			</report>
			<report>
				<misses>426500001</misses>
				<total>0</total>
				<timestamp>4124.210273</timestamp>
			</report>
			<report>
				<misses>426600001</misses>
				<total>0</total>
				<timestamp>4125.193755</timestamp>
			</report>
			<report>
				<misses>426700001</misses>
				<total>0</total>
				<timestamp>4126.176954</timestamp>
			</report>
			<report>
				<misses>426800001</misses>
				<total>0</total>
				<timestamp>4127.160320</timestamp>
			</report>
			<report>
				<misses>426900001</misses>
				<total>0</total>
				<timestamp>4128.143630</timestamp>
			</report>
			<report>
				<misses>427000001</misses>
				<total>0</total>
				<timestamp>4129.127184</timestamp>
			</report>
			<report>
				<misses>427100001</misses>
				<total>0</total>
				<timestamp>4130.110702</timestamp>
			</report>
			<report>
				<misses>427200001</misses>
				<total>0</total>
				<timestamp>4131.094278</timestamp>
			</report>
			<report>
				<misses>427300001</misses>
				<total>0</total>
				<timestamp>4132.077919</timestamp>
			</report>
			<report>
				<misses>427400001</misses>
				<total>0</total>
				<timestamp>4133.061646</timestamp>
			</report>
			<report>
				<misses>427500001</misses>
				<total>0</total>
				<timestamp>4134.044550</timestamp>
			</report>
			<report>
				<misses>427600001</misses>
				<total>0</total>
				<timestamp>4135.028441</timestamp>
			</report>
			<report>
				<misses>427700001</misses>
				<total>0</total>
				<timestamp>4136.011840</timestamp>
			</report>
			<report>
				<misses>427800001</misses>
				<total>0</total>
				<timestamp>4136.995578</timestamp>
			</report>
			<report>
				<misses>427900001</misses>
				<total>0</total>
				<timestamp>4137.979498</timestamp>
			</report>
			<report>
				<misses>428000001</misses>
				<total>0</total>
				<timestamp>4138.963717</timestamp>
			</report>
			<report>
				<misses>428100001</misses>
				<total>0</total>
				<timestamp>4139.947716</timestamp>
			</report>
			<report>
				<misses>428200001</misses>
				<total>0</total>
				<timestamp>4140.932000</timestamp>
			</report>
			<report>
				<misses>428300001</misses>
				<total>0</total>
				<timestamp>4141.915856</timestamp>
			</report>
			<report>
				<misses>428400001</misses>
				<total>0</total>
				<timestamp>4142.900351</timestamp>
			</report>
			<report>
				<misses>428500001</misses>
				<total>0</total>
				<timestamp>4143.883989</timestamp>
			</report>
			<report>
				<misses>428600001</misses>
				<total>0</total>
				<timestamp>4144.867637</timestamp>
			</report>
			<report>
				<misses>428700001</misses>
				<total>0</total>
				<timestamp>4145.852163</timestamp>
			</report>
			<report>
				<misses>428800001</misses>
				<total>0</total>
				<timestamp>4146.836082</timestamp>
			</report>
			<report>
				<misses>428900001</misses>
				<total>0</total>
				<timestamp>4147.820536</timestamp>
			</report>
			<report>
				<misses>429000001</misses>
				<total>0</total>
				<timestamp>4148.804484</timestamp>
			</report>
			<report>
				<misses>429100001</misses>
				<total>0</total>
				<timestamp>4149.787782</timestamp>
			</report>
			<report>
				<misses>429200001</misses>
				<total>0</total>
				<timestamp>4150.771352</timestamp>
			</report>
			<report>
				<misses>429300001</misses>
				<total>0</total>
				<timestamp>4151.754775</timestamp>
			</report>
			<report>
				<misses>429400001</misses>
				<total>0</total>
				<timestamp>4152.737675</timestamp>
			</report>
			<report>
				<misses>429500001</misses>
				<total>0</total>
				<timestamp>4153.721316</timestamp>
			</report>
			<report>
				<misses>429600001</misses>
				<total>0</total>
				<timestamp>4154.705586</timestamp>
			</report>
			<report>
				<misses>429700001</misses>
				<total>0</total>
				<timestamp>4155.689782</timestamp>
			</report>
			<report>
				<misses>429800001</misses>
				<total>0</total>
				<timestamp>4156.673182</timestamp>
			</report>
			<report>
				<misses>429900001</misses>
				<total>0</total>
				<timestamp>4157.657321</timestamp>
			</report>
			<report>
				<misses>430000001</misses>
				<total>0</total>
				<timestamp>4158.641098</timestamp>
			</report>
			<report>
				<misses>430100001</misses>
				<total>0</total>
				<timestamp>4159.624182</timestamp>
			</report>
			<report>
				<misses>430200001</misses>
				<total>0</total>
				<timestamp>4160.607660</timestamp>
			</report>
			<report>
				<misses>430300001</misses>
				<total>0</total>
				<timestamp>4161.591312</timestamp>
			</report>
			<report>
				<misses>430400001</misses>
				<total>0</total>
				<timestamp>4162.575266</timestamp>
			</report>
			<report>
				<misses>430500001</misses>
				<total>0</total>
				<timestamp>4163.558635</timestamp>
			</report>
			<report>
				<misses>430600001</misses>
				<total>0</total>
				<timestamp>4164.542246</timestamp>
			</report>
			<report>
				<misses>430700001</misses>
				<total>0</total>
				<timestamp>4165.525533</timestamp>
			</report>
			<report>
				<misses>430800001</misses>
				<total>0</total>
				<timestamp>4166.509353</timestamp>
			</report>
			<report>
				<misses>430900001</misses>
				<total>0</total>
				<timestamp>4167.493406</timestamp>
			</report>
			<report>
				<misses>431000001</misses>
				<total>0</total>
				<timestamp>4168.477365</timestamp>
			</report>
			<report>
				<misses>431100001</misses>
				<total>0</total>
				<timestamp>4169.461309</timestamp>
			</report>
			<report>
				<misses>431200001</misses>
				<total>0</total>
				<timestamp>4170.445485</timestamp>
			</report>
			<report>
				<misses>431300001</misses>
				<total>0</total>
				<timestamp>4171.428854</timestamp>
			</report>
			<report>
				<misses>431400001</misses>
				<total>0</total>
				<timestamp>4172.412899</timestamp>
			</report>
			<report>
				<misses>431500001</misses>
				<total>0</total>
				<timestamp>4173.396859</timestamp>
			</report>
			<report>
				<misses>431600001</misses>
				<total>0</total>
				<timestamp>4174.380690</timestamp>
			</report>
			<report>
				<misses>431700001</misses>
				<total>0</total>
				<timestamp>4175.364776</timestamp>
			</report>
			<report>
				<misses>431800001</misses>
				<total>0</total>
				<timestamp>4176.349068</timestamp>
			</report>
			<report>
				<misses>431900001</misses>
				<total>0</total>
				<timestamp>4177.333543</timestamp>
			</report>
			<report>
				<misses>432000001</misses>
				<total>0</total>
				<timestamp>4178.318433</timestamp>
			</report>
			<report>
				<misses>432100001</misses>
				<total>0</total>
				<timestamp>4179.303107</timestamp>
			</report>
			<report>
				<misses>432200001</misses>
				<total>0</total>
				<timestamp>4180.287539</timestamp>
			</report>
			<report>
				<misses>432300001</misses>
				<total>0</total>
				<timestamp>4181.271453</timestamp>
			</report>
			<report>
				<misses>432400001</misses>
				<total>0</total>
				<timestamp>4182.255509</timestamp>
			</report>
			<report>
				<misses>432500001</misses>
				<total>0</total>
				<timestamp>4183.239244</timestamp>
			</report>
			<report>
				<misses>432600001</misses>
				<total>0</total>
				<timestamp>4184.223240</timestamp>
			</report>
			<report>
				<misses>432700001</misses>
				<total>0</total>
				<timestamp>4185.206193</timestamp>
			</report>
			<report>
				<misses>432800001</misses>
				<total>0</total>
				<timestamp>4186.189530</timestamp>
			</report>
			<report>
				<misses>432900001</misses>
				<total>0</total>
				<timestamp>4187.173143</timestamp>
			</report>
			<report>
				<misses>433000001</misses>
				<total>0</total>
				<timestamp>4188.156706</timestamp>
			</report>
			<report>
				<misses>433100001</misses>
				<total>0</total>
				<timestamp>4189.140704</timestamp>
			</report>
			<report>
				<misses>433200001</misses>
				<total>0</total>
				<timestamp>4190.124481</timestamp>
			</report>
			<report>
				<misses>433300001</misses>
				<total>0</total>
				<timestamp>4191.108163</timestamp>
			</report>
			<report>
				<misses>433400001</misses>
				<total>0</total>
				<timestamp>4192.092276</timestamp>
			</report>
			<report>
				<misses>433500001</misses>
				<total>0</total>
				<timestamp>4193.076780</timestamp>
			</report>
			<report>
				<misses>433600001</misses>
				<total>0</total>
				<timestamp>4194.061616</timestamp>
			</report>
			<report>
				<misses>433700001</misses>
				<total>0</total>
				<timestamp>4195.045139</timestamp>
			</report>
			<report>
				<misses>433800001</misses>
				<total>0</total>
				<timestamp>4196.028938</timestamp>
			</report>
			<report>
				<misses>433900001</misses>
				<total>0</total>
				<timestamp>4197.013146</timestamp>
			</report>
			<report>
				<misses>434000001</misses>
				<total>0</total>
				<timestamp>4197.996217</timestamp>
			</report>
			<report>
				<misses>434100001</misses>
				<total>0</total>
				<timestamp>4198.979650</timestamp>
			</report>
			<report>
				<misses>434200001</misses>
				<total>0</total>
				<timestamp>4199.963984</timestamp>
			</report>
			<report>
				<misses>434300001</misses>
				<total>0</total>
				<timestamp>4200.948085</timestamp>
			</report>
			<report>
				<misses>434400001</misses>
				<total>0</total>
				<timestamp>4201.931737</timestamp>
			</report>
			<report>
				<misses>434500001</misses>
				<total>0</total>
				<timestamp>4202.915358</timestamp>
			</report>
			<report>
				<misses>434600001</misses>
				<total>0</total>
				<timestamp>4203.899114</timestamp>
			</report>
			<report>
				<misses>434700001</misses>
				<total>0</total>
				<timestamp>4204.883231</timestamp>
			</report>
			<report>
				<misses>434800001</misses>
				<total>0</total>
				<timestamp>4205.866814</timestamp>
			</report>
			<report>
				<misses>434900001</misses>
				<total>0</total>
				<timestamp>4206.850786</timestamp>
			</report>
			<report>
				<misses>435000001</misses>
				<total>0</total>
				<timestamp>4207.834287</timestamp>
			</report>
			<report>
				<misses>435100001</misses>
				<total>0</total>
				<timestamp>4208.818200</timestamp>
			</report>
			<report>
				<misses>435200001</misses>
				<total>0</total>
				<timestamp>4209.802089</timestamp>
			</report>
			<report>
				<misses>435300001</misses>
				<total>0</total>
				<timestamp>4210.785916</timestamp>
			</report>
			<report>
				<misses>435400001</misses>
				<total>0</total>
				<timestamp>4211.769472</timestamp>
			</report>
			<report>
				<misses>435500001</misses>
				<total>0</total>
				<timestamp>4212.753065</timestamp>
			</report>
			<report>
				<misses>435600001</misses>
				<total>0</total>
				<timestamp>4213.736719</timestamp>
			</report>
			<report>
				<misses>435700001</misses>
				<total>0</total>
				<timestamp>4214.720113</timestamp>
			</report>
			<report>
				<misses>435800001</misses>
				<total>0</total>
				<timestamp>4215.704431</timestamp>
			</report>
			<report>
				<misses>435900001</misses>
				<total>0</total>
				<timestamp>4216.688048</timestamp>
			</report>
			<report>
				<misses>436000001</misses>
				<total>0</total>
				<timestamp>4217.671968</timestamp>
			</report>
			<report>
				<misses>436100001</misses>
				<total>0</total>
				<timestamp>4218.655784</timestamp>
			</report>
			<report>
				<misses>436200001</misses>
				<total>0</total>
				<timestamp>4219.639587</timestamp>
			</report>
			<report>
				<misses>436300001</misses>
				<total>0</total>
				<timestamp>4220.624123</timestamp>
			</report>
			<report>
				<misses>436400001</misses>
				<total>0</total>
				<timestamp>4221.607347</timestamp>
			</report>
			<report>
				<misses>436500001</misses>
				<total>0</total>
				<timestamp>4222.591948</timestamp>
			</report>
			<report>
				<misses>436600001</misses>
				<total>0</total>
				<timestamp>4223.575821</timestamp>
			</report>
			<report>
				<misses>436700001</misses>
				<total>0</total>
				<timestamp>4224.559596</timestamp>
			</report>
			<report>
				<misses>436800001</misses>
				<total>0</total>
				<timestamp>4225.542951</timestamp>
			</report>
			<report>
				<misses>436900001</misses>
				<total>0</total>
				<timestamp>4226.526709</timestamp>
			</report>
			<report>
				<misses>437000001</misses>
				<total>0</total>
				<timestamp>4227.509371</timestamp>
			</report>
			<report>
				<misses>437100001</misses>
				<total>0</total>
				<timestamp>4228.492888</timestamp>
			</report>
			<report>
				<misses>437200001</misses>
				<total>0</total>
				<timestamp>4229.476373</timestamp>
			</report>
			<report>
				<misses>437300001</misses>
				<total>0</total>
				<timestamp>4230.459680</timestamp>
			</report>
			<report>
				<misses>437400001</misses>
				<total>0</total>
				<timestamp>4231.443799</timestamp>
			</report>
			<report>
				<misses>437500001</misses>
				<total>0</total>
				<timestamp>4232.427857</timestamp>
			</report>
			<report>
				<misses>437600001</misses>
				<total>0</total>
				<timestamp>4233.412371</timestamp>
			</report>
			<report>
				<misses>437700001</misses>
				<total>0</total>
				<timestamp>4234.396254</timestamp>
			</report>
			<report>
				<misses>437800001</misses>
				<total>0</total>
				<timestamp>4235.379703</timestamp>
			</report>
			<report>
				<misses>437900001</misses>
				<total>0</total>
				<timestamp>4236.363725</timestamp>
			</report>
			<report>
				<misses>438000001</misses>
				<total>0</total>
				<timestamp>4237.347155</timestamp>
			</report>
			<report>
				<misses>438100001</misses>
				<total>0</total>
				<timestamp>4238.330872</timestamp>
			</report>
			<report>
				<misses>438200001</misses>
				<total>0</total>
				<timestamp>4239.314459</timestamp>
			</report>
			<report>
				<misses>438300001</misses>
				<total>0</total>
				<timestamp>4240.298382</timestamp>
			</report>
			<report>
				<misses>438400001</misses>
				<total>0</total>
				<timestamp>4241.282174</timestamp>
			</report>
			<report>
				<misses>438500001</misses>
				<total>0</total>
				<timestamp>4242.265920</timestamp>
			</report>
			<report>
				<misses>438600001</misses>
				<total>0</total>
				<timestamp>4243.249877</timestamp>
			</report>
			<report>
				<misses>438700001</misses>
				<total>0</total>
				<timestamp>4244.234072</timestamp>
			</report>
			<report>
				<misses>438800001</misses>
				<total>0</total>
				<timestamp>4245.217437</timestamp>
			</report>
			<report>
				<misses>438900001</misses>
				<total>0</total>
				<timestamp>4246.201130</timestamp>
			</report>
			<report>
				<misses>439000001</misses>
				<total>0</total>
				<timestamp>4247.184535</timestamp>
			</report>
			<report>
				<misses>439100001</misses>
				<total>0</total>
				<timestamp>4248.168031</timestamp>
			</report>
			<report>
				<misses>439200001</misses>
				<total>0</total>
				<timestamp>4249.152070</timestamp>
			</report>
			<report>
				<misses>439300001</misses>
				<total>0</total>
				<timestamp>4250.135690</timestamp>
			</report>
			<report>
				<misses>439400001</misses>
				<total>0</total>
				<timestamp>4251.119753</timestamp>
			</report>
			<report>
				<misses>439500001</misses>
				<total>0</total>
				<timestamp>4252.104071</timestamp>
			</report>
			<report>
				<misses>439600001</misses>
				<total>0</total>
				<timestamp>4253.087788</timestamp>
			</report>
			<report>
				<misses>439700001</misses>
				<total>0</total>
				<timestamp>4254.070576</timestamp>
			</report>
			<report>
				<misses>439800001</misses>
				<total>0</total>
				<timestamp>4255.053798</timestamp>
			</report>
			<report>
				<misses>439900001</misses>
				<total>0</total>
				<timestamp>4256.037007</timestamp>
			</report>
			<report>
				<misses>440000001</misses>
				<total>0</total>
				<timestamp>4257.020897</timestamp>
			</report>
			<report>
				<misses>440100001</misses>
				<total>0</total>
				<timestamp>4258.005015</timestamp>
			</report>
			<report>
				<misses>440200001</misses>
				<total>0</total>
				<timestamp>4258.987772</timestamp>
			</report>
			<report>
				<misses>440300001</misses>
				<total>0</total>
				<timestamp>4259.971104</timestamp>
			</report>
			<report>
				<misses>440400001</misses>
				<total>0</total>
				<timestamp>4260.954554</timestamp>
			</report>
			<report>
				<misses>440500001</misses>
				<total>0</total>
				<timestamp>4261.938449</timestamp>
			</report>
			<report>
				<misses>440600001</misses>
				<total>0</total>
				<timestamp>4262.922008</timestamp>
			</report>
			<report>
				<misses>440700001</misses>
				<total>0</total>
				<timestamp>4263.905583</timestamp>
			</report>
			<report>
				<misses>440800001</misses>
				<total>0</total>
				<timestamp>4264.888927</timestamp>
			</report>
			<report>
				<misses>440900001</misses>
				<total>0</total>
				<timestamp>4265.872165</timestamp>
			</report>
			<report>
				<misses>441000001</misses>
				<total>0</total>
				<timestamp>4266.855798</timestamp>
			</report>
			<report>
				<misses>441100001</misses>
				<total>0</total>
				<timestamp>4267.839075</timestamp>
			</report>
			<report>
				<misses>441200001</misses>
				<total>0</total>
				<timestamp>4268.822760</timestamp>
			</report>
			<report>
				<misses>441300001</misses>
				<total>0</total>
				<timestamp>4269.806472</timestamp>
			</report>
			<report>
				<misses>441400001</misses>
				<total>0</total>
				<timestamp>4270.790200</timestamp>
			</report>
			<report>
				<misses>441500001</misses>
				<total>0</total>
				<timestamp>4271.773631</timestamp>
			</report>
			<report>
				<misses>441600001</misses>
				<total>0</total>
				<timestamp>4272.757409</timestamp>
			</report>
			<report>
				<misses>441700001</misses>
				<total>0</total>
				<timestamp>4273.740487</timestamp>
			</report>
			<report>
				<misses>441800001</misses>
				<total>0</total>
				<timestamp>4274.724457</timestamp>
			</report>
			<report>
				<misses>441900001</misses>
				<total>0</total>
				<timestamp>4275.708180</timestamp>
			</report>
			<report>
				<misses>442000001</misses>
				<total>0</total>
				<timestamp>4276.691499</timestamp>
			</report>
			<report>
				<misses>442100001</misses>
				<total>0</total>
				<timestamp>4277.675222</timestamp>
			</report>
			<report>
				<misses>442200001</misses>
				<total>0</total>
				<timestamp>4278.658708</timestamp>
			</report>
			<report>
				<misses>442300001</misses>
				<total>0</total>
				<timestamp>4279.641935</timestamp>
			</report>
			<report>
				<misses>442400001</misses>
				<total>0</total>
				<timestamp>4280.625412</timestamp>
			</report>
			<report>
				<misses>442500001</misses>
				<total>0</total>
				<timestamp>4281.608994</timestamp>
			</report>
			<report>
				<misses>442600001</misses>
				<total>0</total>
				<timestamp>4282.598801</timestamp>
			</report>
			<report>
				<misses>442700001</misses>
				<total>0</total>
				<timestamp>4283.578577</timestamp>
			</report>
			<report>
				<misses>442800001</misses>
				<total>0</total>
				<timestamp>4284.552125</timestamp>
			</report>
			<report>
				<misses>442900001</misses>
				<total>0</total>
				<timestamp>4285.526335</timestamp>
			</report>
			<report>
				<misses>443000001</misses>
				<total>0</total>
				<timestamp>4286.451854</timestamp>
			</report>
			<report>
				<misses>443100001</misses>
				<total>0</total>
				<timestamp>4287.364696</timestamp>
			</report>
			<report>
				<misses>443200001</misses>
				<total>0</total>
				<timestamp>4288.276291</timestamp>
			</report>
			<report>
				<misses>443300001</misses>
				<total>0</total>
				<timestamp>4289.228970</timestamp>
			</report>
			<report>
				<misses>443400001</misses>
				<total>0</total>
				<timestamp>4290.202030</timestamp>
			</report>
			<report>
				<misses>443500001</misses>
				<total>0</total>
				<timestamp>4291.174864</timestamp>
			</report>
			<report>
				<misses>443600001</misses>
				<total>0</total>
				<timestamp>4292.147831</timestamp>
			</report>
			<report>
				<misses>443700001</misses>
				<total>0</total>
				<timestamp>4293.120923</timestamp>
			</report>
			<report>
				<misses>443800001</misses>
				<total>0</total>
				<timestamp>4294.093851</timestamp>
			</report>
			<report>
				<misses>443900001</misses>
				<total>0</total>
				<timestamp>4295.066778</timestamp>
			</report>
			<report>
				<misses>444000001</misses>
				<total>0</total>
				<timestamp>4296.043606</timestamp>
			</report>
			<report>
				<misses>444100001</misses>
				<total>0</total>
				<timestamp>4297.030048</timestamp>
			</report>
			<report>
				<misses>444200001</misses>
				<total>0</total>
				<timestamp>4298.020137</timestamp>
			</report>
			<report>
				<misses>444300001</misses>
				<total>0</total>
				<timestamp>4298.997292</timestamp>
			</report>
			<report>
				<misses>444400001</misses>
				<total>0</total>
				<timestamp>4299.972014</timestamp>
			</report>
			<report>
				<misses>444500001</misses>
				<total>0</total>
				<timestamp>4300.951580</timestamp>
			</report>
			<report>
				<misses>444600001</misses>
				<total>0</total>
				<timestamp>4301.941370</timestamp>
			</report>
			<report>
				<misses>444700001</misses>
				<total>0</total>
				<timestamp>4302.930744</timestamp>
			</report>
			<report>
				<misses>444800001</misses>
				<total>0</total>
				<timestamp>4303.920637</timestamp>
			</report>
			<report>
				<misses>444900001</misses>
				<total>0</total>
				<timestamp>4304.910388</timestamp>
			</report>
			<report>
				<misses>445000001</misses>
				<total>0</total>
				<timestamp>4305.900450</timestamp>
			</report>
			<report>
				<misses>445100001</misses>
				<total>0</total>
				<timestamp>4306.889918</timestamp>
			</report>
			<report>
				<misses>445200001</misses>
				<total>0</total>
				<timestamp>4307.879919</timestamp>
			</report>
			<report>
				<misses>445300001</misses>
				<total>0</total>
				<timestamp>4308.868848</timestamp>
			</report>
			<report>
				<misses>445400001</misses>
				<total>0</total>
				<timestamp>4309.858577</timestamp>
			</report>
			<report>
				<misses>445500001</misses>
				<total>0</total>
				<timestamp>4310.848199</timestamp>
			</report>
			<report>
				<misses>445600001</misses>
				<total>0</total>
				<timestamp>4311.838304</timestamp>
			</report>
			<report>
				<misses>445700001</misses>
				<total>0</total>
				<timestamp>4312.827448</timestamp>
			</report>
			<report>
				<misses>445800001</misses>
				<total>0</total>
				<timestamp>4313.817225</timestamp>
			</report>
			<report>
				<misses>445900001</misses>
				<total>0</total>
				<timestamp>4314.807277</timestamp>
			</report>
			<report>
				<misses>446000001</misses>
				<total>0</total>
				<timestamp>4315.796422</timestamp>
			</report>
			<report>
				<misses>446100001</misses>
				<total>0</total>
				<timestamp>4316.785821</timestamp>
			</report>
			<report>
				<misses>446200001</misses>
				<total>0</total>
				<timestamp>4317.776101</timestamp>
			</report>
			<report>
				<misses>446300001</misses>
				<total>0</total>
				<timestamp>4318.765454</timestamp>
			</report>
			<report>
				<misses>446400001</misses>
				<total>0</total>
				<timestamp>4319.755386</timestamp>
			</report>
			<report>
				<misses>446500001</misses>
				<total>0</total>
				<timestamp>4320.745427</timestamp>
			</report>
			<report>
				<misses>446600001</misses>
				<total>0</total>
				<timestamp>4321.734355</timestamp>
			</report>
			<report>
				<misses>446700001</misses>
				<total>0</total>
				<timestamp>4322.724495</timestamp>
			</report>
			<report>
				<misses>446800001</misses>
				<total>0</total>
				<timestamp>4323.714767</timestamp>
			</report>
			<report>
				<misses>446900001</misses>
				<total>0</total>
				<timestamp>4324.704672</timestamp>
			</report>
			<report>
				<misses>447000001</misses>
				<total>0</total>
				<timestamp>4325.695403</timestamp>
			</report>
			<report>
				<misses>447100001</misses>
				<total>0</total>
				<timestamp>4326.686451</timestamp>
			</report>
			<report>
				<misses>447200001</misses>
				<total>0</total>
				<timestamp>4327.676755</timestamp>
			</report>
			<report>
				<misses>447300001</misses>
				<total>0</total>
				<timestamp>4328.666619</timestamp>
			</report>
			<report>
				<misses>447400001</misses>
				<total>0</total>
				<timestamp>4329.656182</timestamp>
			</report>
			<report>
				<misses>447500001</misses>
				<total>0</total>
				<timestamp>4330.646715</timestamp>
			</report>
			<report>
				<misses>447600001</misses>
				<total>0</total>
				<timestamp>4331.636526</timestamp>
			</report>
			<report>
				<misses>447700001</misses>
				<total>0</total>
				<timestamp>4332.615706</timestamp>
			</report>
			<report>
				<misses>447800001</misses>
				<total>0</total>
				<timestamp>4333.591997</timestamp>
			</report>
			<report>
				<misses>447900001</misses>
				<total>0</total>
				<timestamp>4334.582132</timestamp>
			</report>
			<report>
				<misses>448000001</misses>
				<total>0</total>
				<timestamp>4335.570684</timestamp>
			</report>
			<report>
				<misses>448100001</misses>
				<total>0</total>
				<timestamp>4336.561384</timestamp>
			</report>
			<report>
				<misses>448200001</misses>
				<total>0</total>
				<timestamp>4337.551287</timestamp>
			</report>
			<report>
				<misses>448300001</misses>
				<total>0</total>
				<timestamp>4338.540563</timestamp>
			</report>
			<report>
				<misses>448400001</misses>
				<total>0</total>
				<timestamp>4339.530627</timestamp>
			</report>
			<report>
				<misses>448500001</misses>
				<total>0</total>
				<timestamp>4340.520313</timestamp>
			</report>
			<report>
				<misses>448600001</misses>
				<total>0</total>
				<timestamp>4341.509764</timestamp>
			</report>
			<report>
				<misses>448700001</misses>
				<total>0</total>
				<timestamp>4342.499160</timestamp>
			</report>
			<report>
				<misses>448800001</misses>
				<total>0</total>
				<timestamp>4343.488953</timestamp>
			</report>
			<report>
				<misses>448900001</misses>
				<total>0</total>
				<timestamp>4344.478968</timestamp>
			</report>
			<report>
				<misses>449000001</misses>
				<total>0</total>
				<timestamp>4345.468536</timestamp>
			</report>
			<report>
				<misses>449100001</misses>
				<total>0</total>
				<timestamp>4346.458553</timestamp>
			</report>
			<report>
				<misses>449200001</misses>
				<total>0</total>
				<timestamp>4347.448494</timestamp>
			</report>
			<report>
				<misses>449300001</misses>
				<total>0</total>
				<timestamp>4348.438008</timestamp>
			</report>
			<report>
				<misses>449400001</misses>
				<total>0</total>
				<timestamp>4349.428051</timestamp>
			</report>
			<report>
				<misses>449500001</misses>
				<total>0</total>
				<timestamp>4350.417178</timestamp>
			</report>
			<report>
				<misses>449600001</misses>
				<total>0</total>
				<timestamp>4351.406218</timestamp>
			</report>
			<report>
				<misses>449700001</misses>
				<total>0</total>
				<timestamp>4352.396012</timestamp>
			</report>
			<report>
				<misses>449800001</misses>
				<total>0</total>
				<timestamp>4353.385303</timestamp>
			</report>
			<report>
				<misses>449900001</misses>
				<total>0</total>
				<timestamp>4354.375254</timestamp>
			</report>
			<report>
				<misses>450000001</misses>
				<total>0</total>
				<timestamp>4355.364510</timestamp>
			</report>
			<report>
				<misses>450100001</misses>
				<total>0</total>
				<timestamp>4356.354921</timestamp>
			</report>
			<report>
				<misses>450200001</misses>
				<total>0</total>
				<timestamp>4357.344599</timestamp>
			</report>
			<report>
				<misses>450300001</misses>
				<total>0</total>
				<timestamp>4358.334298</timestamp>
			</report>
			<report>
				<misses>450400001</misses>
				<total>0</total>
				<timestamp>4359.324889</timestamp>
			</report>
			<report>
				<misses>450500001</misses>
				<total>0</total>
				<timestamp>4360.315166</timestamp>
			</report>
			<report>
				<misses>450600001</misses>
				<total>0</total>
				<timestamp>4361.304869</timestamp>
			</report>
			<report>
				<misses>450700001</misses>
				<total>0</total>
				<timestamp>4362.294587</timestamp>
			</report>
			<report>
				<misses>450800001</misses>
				<total>0</total>
				<timestamp>4363.284834</timestamp>
			</report>
			<report>
				<misses>450900001</misses>
				<total>0</total>
				<timestamp>4364.274904</timestamp>
			</report>
			<report>
				<misses>451000001</misses>
				<total>0</total>
				<timestamp>4365.263784</timestamp>
			</report>
			<report>
				<misses>451100001</misses>
				<total>0</total>
				<timestamp>4366.253259</timestamp>
			</report>
			<report>
				<misses>451200001</misses>
				<total>0</total>
				<timestamp>4367.242910</timestamp>
			</report>
			<report>
				<misses>451300001</misses>
				<total>0</total>
				<timestamp>4368.231792</timestamp>
			</report>
			<report>
				<misses>451400001</misses>
				<total>0</total>
				<timestamp>4369.221068</timestamp>
			</report>
			<report>
				<misses>451500001</misses>
				<total>0</total>
				<timestamp>4370.211064</timestamp>
			</report>
			<report>
				<misses>451600001</misses>
				<total>0</total>
				<timestamp>4371.200835</timestamp>
			</report>
			<report>
				<misses>451700001</misses>
				<total>0</total>
				<timestamp>4372.189805</timestamp>
			</report>
			<report>
				<misses>451800001</misses>
				<total>0</total>
				<timestamp>4373.179220</timestamp>
			</report>
			<report>
				<misses>451900001</misses>
				<total>0</total>
				<timestamp>4374.168252</timestamp>
			</report>
			<report>
				<misses>452000001</misses>
				<total>0</total>
				<timestamp>4375.157875</timestamp>
			</report>
			<report>
				<misses>452100001</misses>
				<total>0</total>
				<timestamp>4376.147712</timestamp>
			</report>
			<report>
				<misses>452200001</misses>
				<total>0</total>
				<timestamp>4377.137423</timestamp>
			</report>
			<report>
				<misses>452300001</misses>
				<total>0</total>
				<timestamp>4378.127418</timestamp>
			</report>
			<report>
				<misses>452400001</misses>
				<total>0</total>
				<timestamp>4379.116155</timestamp>
			</report>
			<report>
				<misses>452500001</misses>
				<total>0</total>
				<timestamp>4380.106825</timestamp>
			</report>
			<report>
				<misses>452600001</misses>
				<total>0</total>
				<timestamp>4381.097145</timestamp>
			</report>
			<report>
				<misses>452700001</misses>
				<total>0</total>
				<timestamp>4382.086856</timestamp>
			</report>
			<report>
				<misses>452800001</misses>
				<total>0</total>
				<timestamp>4383.077068</timestamp>
			</report>
			<report>
				<misses>452900001</misses>
				<total>0</total>
				<timestamp>4384.067088</timestamp>
			</report>
			<report>
				<misses>453000001</misses>
				<total>0</total>
				<timestamp>4385.056731</timestamp>
			</report>
			<report>
				<misses>453100001</misses>
				<total>0</total>
				<timestamp>4386.045682</timestamp>
			</report>
			<report>
				<misses>453200001</misses>
				<total>0</total>
				<timestamp>4387.035164</timestamp>
			</report>
			<report>
				<misses>453300001</misses>
				<total>0</total>
				<timestamp>4388.024353</timestamp>
			</report>
			<report>
				<misses>453400001</misses>
				<total>0</total>
				<timestamp>4389.013173</timestamp>
			</report>
			<report>
				<misses>453500001</misses>
				<total>0</total>
				<timestamp>4390.002499</timestamp>
			</report>
			<report>
				<misses>453600001</misses>
				<total>0</total>
				<timestamp>4390.992150</timestamp>
			</report>
			<report>
				<misses>453700001</misses>
				<total>0</total>
				<timestamp>4391.980624</timestamp>
			</report>
			<report>
				<misses>453800001</misses>
				<total>0</total>
				<timestamp>4392.953955</timestamp>
			</report>
			<report>
				<misses>453900001</misses>
				<total>0</total>
				<timestamp>4393.927675</timestamp>
			</report>
			<report>
				<misses>454000001</misses>
				<total>0</total>
				<timestamp>4394.901367</timestamp>
			</report>
			<report>
				<misses>454100001</misses>
				<total>0</total>
				<timestamp>4395.874653</timestamp>
			</report>
			<report>
				<misses>454200001</misses>
				<total>0</total>
				<timestamp>4396.848444</timestamp>
			</report>
			<report>
				<misses>454300001</misses>
				<total>0</total>
				<timestamp>4397.830586</timestamp>
			</report>
			<report>
				<misses>454400001</misses>
				<total>0</total>
				<timestamp>4398.819945</timestamp>
			</report>
			<report>
				<misses>454500001</misses>
				<total>0</total>
				<timestamp>4399.809072</timestamp>
			</report>
			<report>
				<misses>454600001</misses>
				<total>0</total>
				<timestamp>4400.798616</timestamp>
			</report>
			<report>
				<misses>454700001</misses>
				<total>0</total>
				<timestamp>4401.789031</timestamp>
			</report>
			<report>
				<misses>454800001</misses>
				<total>0</total>
				<timestamp>4402.779146</timestamp>
			</report>
			<report>
				<misses>454900001</misses>
				<total>0</total>
				<timestamp>4403.768729</timestamp>
			</report>
			<report>
				<misses>455000001</misses>
				<total>0</total>
				<timestamp>4404.758815</timestamp>
			</report>
			<report>
				<misses>455100001</misses>
				<total>0</total>
				<timestamp>4405.749137</timestamp>
			</report>
			<report>
				<misses>455200001</misses>
				<total>0</total>
				<timestamp>4406.737811</timestamp>
			</report>
			<report>
				<misses>455300001</misses>
				<total>0</total>
				<timestamp>4407.727765</timestamp>
			</report>
			<report>
				<misses>455400001</misses>
				<total>0</total>
				<timestamp>4408.717689</timestamp>
			</report>
			<report>
				<misses>455500001</misses>
				<total>0</total>
				<timestamp>4409.701355</timestamp>
			</report>
			<report>
				<misses>455600001</misses>
				<total>0</total>
				<timestamp>4410.673821</timestamp>
			</report>
			<report>
				<misses>455700001</misses>
				<total>0</total>
				<timestamp>4411.659237</timestamp>
			</report>
			<report>
				<misses>455800001</misses>
				<total>0</total>
				<timestamp>4412.647103</timestamp>
			</report>
			<report>
				<misses>455900001</misses>
				<total>0</total>
				<timestamp>4413.634225</timestamp>
			</report>
			<report>
				<misses>456000001</misses>
				<total>0</total>
				<timestamp>4414.620494</timestamp>
			</report>
			<report>
				<misses>456100001</misses>
				<total>0</total>
				<timestamp>4415.535556</timestamp>
			</report>
			<report>
				<misses>456200001</misses>
				<total>0</total>
				<timestamp>4416.433031</timestamp>
			</report>
			<report>
				<misses>456300001</misses>
				<total>0</total>
				<timestamp>4417.324685</timestamp>
			</report>
			<report>
				<misses>456400001</misses>
				<total>0</total>
				<timestamp>4418.281937</timestamp>
			</report>
			<report>
				<misses>456500001</misses>
				<total>0</total>
				<timestamp>4419.271254</timestamp>
			</report>
			<report>
				<misses>456600001</misses>
				<total>0</total>
				<timestamp>4420.259032</timestamp>
			</report>
			<report>
				<misses>456700001</misses>
				<total>0</total>
				<timestamp>4421.247341</timestamp>
			</report>
			<report>
				<misses>456800001</misses>
				<total>0</total>
				<timestamp>4422.235042</timestamp>
			</report>
			<report>
				<misses>456900001</misses>
				<total>0</total>
				<timestamp>4423.223444</timestamp>
			</report>
			<report>
				<misses>457000001</misses>
				<total>0</total>
				<timestamp>4424.211252</timestamp>
			</report>
			<report>
				<misses>457100001</misses>
				<total>0</total>
				<timestamp>4425.200334</timestamp>
			</report>
			<report>
				<misses>457200001</misses>
				<total>0</total>
				<timestamp>4426.189358</timestamp>
			</report>
			<report>
				<misses>457300001</misses>
				<total>0</total>
				<timestamp>4427.178416</timestamp>
			</report>
			<report>
				<misses>457400001</misses>
				<total>0</total>
				<timestamp>4428.166986</timestamp>
			</report>
			<report>
				<misses>457500001</misses>
				<total>0</total>
				<timestamp>4429.155402</timestamp>
			</report>
			<report>
				<misses>457600001</misses>
				<total>0</total>
				<timestamp>4430.143243</timestamp>
			</report>
			<report>
				<misses>457700001</misses>
				<total>0</total>
				<timestamp>4431.131289</timestamp>
			</report>
			<report>
				<misses>457800001</misses>
				<total>0</total>
				<timestamp>4432.118979</timestamp>
			</report>
			<report>
				<misses>457900001</misses>
				<total>0</total>
				<timestamp>4433.107304</timestamp>
			</report>
			<report>
				<misses>458000001</misses>
				<total>0</total>
				<timestamp>4434.095449</timestamp>
			</report>
			<report>
				<misses>458100001</misses>
				<total>0</total>
				<timestamp>4435.083733</timestamp>
			</report>
			<report>
				<misses>458200001</misses>
				<total>0</total>
				<timestamp>4436.071925</timestamp>
			</report>
			<report>
				<misses>458300001</misses>
				<total>0</total>
				<timestamp>4437.059626</timestamp>
			</report>
			<report>
				<misses>458400001</misses>
				<total>0</total>
				<timestamp>4438.047925</timestamp>
			</report>
			<report>
				<misses>458500001</misses>
				<total>0</total>
				<timestamp>4439.036005</timestamp>
			</report>
			<report>
				<misses>458600001</misses>
				<total>0</total>
				<timestamp>4440.024124</timestamp>
			</report>
			<report>
				<misses>458700001</misses>
				<total>0</total>
				<timestamp>4441.012529</timestamp>
			</report>
			<report>
				<misses>458800001</misses>
				<total>0</total>
				<timestamp>4442.000867</timestamp>
			</report>
			<report>
				<misses>458900001</misses>
				<total>0</total>
				<timestamp>4442.989259</timestamp>
			</report>
			<report>
				<misses>459000001</misses>
				<total>0</total>
				<timestamp>4443.977504</timestamp>
			</report>
			<report>
				<misses>459100001</misses>
				<total>0</total>
				<timestamp>4444.966082</timestamp>
			</report>
			<report>
				<misses>459200001</misses>
				<total>0</total>
				<timestamp>4445.954440</timestamp>
			</report>
			<report>
				<misses>459300001</misses>
				<total>0</total>
				<timestamp>4446.943001</timestamp>
			</report>
			<report>
				<misses>459400001</misses>
				<total>0</total>
				<timestamp>4447.931678</timestamp>
			</report>
			<report>
				<misses>459500001</misses>
				<total>0</total>
				<timestamp>4448.919609</timestamp>
			</report>
			<report>
				<misses>459600001</misses>
				<total>0</total>
				<timestamp>4449.907756</timestamp>
			</report>
			<report>
				<misses>459700001</misses>
				<total>0</total>
				<timestamp>4450.896555</timestamp>
			</report>
			<report>
				<misses>459800001</misses>
				<total>0</total>
				<timestamp>4451.885207</timestamp>
			</report>
			<report>
				<misses>459900001</misses>
				<total>0</total>
				<timestamp>4452.873913</timestamp>
			</report>
			<report>
				<misses>460000001</misses>
				<total>0</total>
				<timestamp>4453.862104</timestamp>
			</report>
			<report>
				<misses>460100001</misses>
				<total>0</total>
				<timestamp>4454.849813</timestamp>
			</report>
			<report>
				<misses>460200001</misses>
				<total>0</total>
				<timestamp>4455.838091</timestamp>
			</report>
			<report>
				<misses>460300001</misses>
				<total>0</total>
				<timestamp>4456.826320</timestamp>
			</report>
			<report>
				<misses>460400001</misses>
				<total>0</total>
				<timestamp>4457.814922</timestamp>
			</report>
			<report>
				<misses>460500001</misses>
				<total>0</total>
				<timestamp>4458.803481</timestamp>
			</report>
			<report>
				<misses>460600001</misses>
				<total>0</total>
				<timestamp>4459.791240</timestamp>
			</report>
			<report>
				<misses>460700001</misses>
				<total>0</total>
				<timestamp>4460.778704</timestamp>
			</report>
			<report>
				<misses>460800001</misses>
				<total>0</total>
				<timestamp>4461.766788</timestamp>
			</report>
			<report>
				<misses>460900001</misses>
				<total>0</total>
				<timestamp>4462.754964</timestamp>
			</report>
			<report>
				<misses>461000001</misses>
				<total>0</total>
				<timestamp>4463.742630</timestamp>
			</report>
			<report>
				<misses>461100001</misses>
				<total>0</total>
				<timestamp>4464.731044</timestamp>
			</report>
			<report>
				<misses>461200001</misses>
				<total>0</total>
				<timestamp>4465.719444</timestamp>
			</report>
			<report>
				<misses>461300001</misses>
				<total>0</total>
				<timestamp>4466.707807</timestamp>
			</report>
			<report>
				<misses>461400001</misses>
				<total>0</total>
				<timestamp>4467.695547</timestamp>
			</report>
			<report>
				<misses>461500001</misses>
				<total>0</total>
				<timestamp>4468.684715</timestamp>
			</report>
			<report>
				<misses>461600001</misses>
				<total>0</total>
				<timestamp>4469.672930</timestamp>
			</report>
			<report>
				<misses>461700001</misses>
				<total>0</total>
				<timestamp>4470.660587</timestamp>
			</report>
			<report>
				<misses>461800001</misses>
				<total>0</total>
				<timestamp>4471.648624</timestamp>
			</report>
			<report>
				<misses>461900001</misses>
				<total>0</total>
				<timestamp>4472.636949</timestamp>
			</report>
			<report>
				<misses>462000001</misses>
				<total>0</total>
				<timestamp>4473.625542</timestamp>
			</report>
			<report>
				<misses>462100001</misses>
				<total>0</total>
				<timestamp>4474.613418</timestamp>
			</report>
			<report>
				<misses>462200001</misses>
				<total>0</total>
				<timestamp>4475.596254</timestamp>
			</report>
			<report>
				<misses>462300001</misses>
				<total>0</total>
				<timestamp>4476.577065</timestamp>
			</report>
			<report>
				<misses>462400001</misses>
				<total>0</total>
				<timestamp>4477.565467</timestamp>
			</report>
			<report>
				<misses>462500001</misses>
				<total>0</total>
				<timestamp>4478.555067</timestamp>
			</report>
			<report>
				<misses>462600001</misses>
				<total>0</total>
				<timestamp>4479.543244</timestamp>
			</report>
			<report>
				<misses>462700001</misses>
				<total>0</total>
				<timestamp>4480.534144</timestamp>
			</report>
			<report>
				<misses>462800001</misses>
				<total>0</total>
				<timestamp>4481.524923</timestamp>
			</report>
			<report>
				<misses>462900001</misses>
				<total>0</total>
				<timestamp>4482.513931</timestamp>
			</report>
			<report>
				<misses>463000001</misses>
				<total>0</total>
				<timestamp>4483.502452</timestamp>
			</report>
			<report>
				<misses>463100001</misses>
				<total>0</total>
				<timestamp>4484.490579</timestamp>
			</report>
			<report>
				<misses>463200001</misses>
				<total>0</total>
				<timestamp>4485.480574</timestamp>
			</report>
			<report>
				<misses>463300001</misses>
				<total>0</total>
				<timestamp>4486.470838</timestamp>
			</report>
			<report>
				<misses>463400001</misses>
				<total>0</total>
				<timestamp>4487.459453</timestamp>
			</report>
			<report>
				<misses>463500001</misses>
				<total>0</total>
				<timestamp>4488.448632</timestamp>
			</report>
			<report>
				<misses>463600001</misses>
				<total>0</total>
				<timestamp>4489.438933</timestamp>
			</report>
			<report>
				<misses>463700001</misses>
				<total>0</total>
				<timestamp>4490.428827</timestamp>
			</report>
			<report>
				<misses>463800001</misses>
				<total>0</total>
				<timestamp>4491.418592</timestamp>
			</report>
			<report>
				<misses>463900001</misses>
				<total>0</total>
				<timestamp>4492.407684</timestamp>
			</report>
			<report>
				<misses>464000001</misses>
				<total>0</total>
				<timestamp>4493.399402</timestamp>
			</report>
			<report>
				<misses>464100001</misses>
				<total>0</total>
				<timestamp>4494.387429</timestamp>
			</report>
			<report>
				<misses>464200001</misses>
				<total>0</total>
				<timestamp>4495.379820</timestamp>
			</report>
			<report>
				<misses>464300001</misses>
				<total>0</total>
				<timestamp>4496.369509</timestamp>
			</report>
			<report>
				<misses>464400001</misses>
				<total>0</total>
				<timestamp>4497.357874</timestamp>
			</report>
			<report>
				<misses>464500001</misses>
				<total>0</total>
				<timestamp>4498.348203</timestamp>
			</report>
			<report>
				<misses>464600001</misses>
				<total>0</total>
				<timestamp>4499.339797</timestamp>
			</report>
			<report>
				<misses>464700001</misses>
				<total>0</total>
				<timestamp>4500.329392</timestamp>
			</report>
			<report>
				<misses>464800001</misses>
				<total>0</total>
				<timestamp>4501.319331</timestamp>
			</report>
			<report>
				<misses>464900001</misses>
				<total>0</total>
				<timestamp>4502.309236</timestamp>
			</report>
			<report>
				<misses>465000001</misses>
				<total>0</total>
				<timestamp>4503.298091</timestamp>
			</report>
			<report>
				<misses>465100001</misses>
				<total>0</total>
				<timestamp>4504.288394</timestamp>
			</report>
			<report>
				<misses>465200001</misses>
				<total>0</total>
				<timestamp>4505.276259</timestamp>
			</report>
			<report>
				<misses>465300001</misses>
				<total>0</total>
				<timestamp>4506.265180</timestamp>
			</report>
			<report>
				<misses>465400001</misses>
				<total>0</total>
				<timestamp>4507.256006</timestamp>
			</report>
			<report>
				<misses>465500001</misses>
				<total>0</total>
				<timestamp>4508.245265</timestamp>
			</report>
			<report>
				<misses>465600001</misses>
				<total>0</total>
				<timestamp>4509.235269</timestamp>
			</report>
			<report>
				<misses>465700001</misses>
				<total>0</total>
				<timestamp>4510.225814</timestamp>
			</report>
			<report>
				<misses>465800001</misses>
				<total>0</total>
				<timestamp>4511.214611</timestamp>
			</report>
			<report>
				<misses>465900001</misses>
				<total>0</total>
				<timestamp>4512.203620</timestamp>
			</report>
			<report>
				<misses>466000001</misses>
				<total>0</total>
				<timestamp>4513.192485</timestamp>
			</report>
			<report>
				<misses>466100001</misses>
				<total>0</total>
				<timestamp>4514.181302</timestamp>
			</report>
			<report>
				<misses>466200001</misses>
				<total>0</total>
				<timestamp>4515.171242</timestamp>
			</report>
			<report>
				<misses>466300001</misses>
				<total>0</total>
				<timestamp>4516.161563</timestamp>
			</report>
			<report>
				<misses>466400001</misses>
				<total>0</total>
				<timestamp>4517.153280</timestamp>
			</report>
			<report>
				<misses>466500001</misses>
				<total>0</total>
				<timestamp>4518.143729</timestamp>
			</report>
			<report>
				<misses>466600001</misses>
				<total>0</total>
				<timestamp>4519.133982</timestamp>
			</report>
			<report>
				<misses>466700001</misses>
				<total>0</total>
				<timestamp>4520.124721</timestamp>
			</report>
			<report>
				<misses>466800001</misses>
				<total>0</total>
				<timestamp>4521.115876</timestamp>
			</report>
			<report>
				<misses>466900001</misses>
				<total>0</total>
				<timestamp>4522.109615</timestamp>
			</report>
			<report>
				<misses>467000001</misses>
				<total>0</total>
				<timestamp>4523.101620</timestamp>
			</report>
			<report>
				<misses>467100001</misses>
				<total>0</total>
				<timestamp>4524.096631</timestamp>
			</report>
			<report>
				<misses>467200001</misses>
				<total>0</total>
				<timestamp>4525.087519</timestamp>
			</report>
			<report>
				<misses>467300001</misses>
				<total>0</total>
				<timestamp>4526.067485</timestamp>
			</report>
			<report>
				<misses>467400001</misses>
				<total>0</total>
				<timestamp>4527.049640</timestamp>
			</report>
			<report>
				<misses>467500001</misses>
				<total>0</total>
				<timestamp>4528.022559</timestamp>
			</report>
			<report>
				<misses>467600001</misses>
				<total>0</total>
				<timestamp>4529.001934</timestamp>
			</report>
			<report>
				<misses>467700001</misses>
				<total>0</total>
				<timestamp>4529.984317</timestamp>
			</report>
			<report>
				<misses>467800001</misses>
				<total>0</total>
				<timestamp>4530.967315</timestamp>
			</report>
			<report>
				<misses>467900001</misses>
				<total>0</total>
				<timestamp>4531.950605</timestamp>
			</report>
			<report>
				<misses>468000001</misses>
				<total>0</total>
				<timestamp>4532.933058</timestamp>
			</report>
			<report>
				<misses>468100001</misses>
				<total>0</total>
				<timestamp>4533.915931</timestamp>
			</report>
			<report>
				<misses>468200001</misses>
				<total>0</total>
				<timestamp>4534.898602</timestamp>
			</report>
			<report>
				<misses>468300001</misses>
				<total>0</total>
				<timestamp>4535.880976</timestamp>
			</report>
			<report>
				<misses>468400001</misses>
				<total>0</total>
				<timestamp>4536.863241</timestamp>
			</report>
			<report>
				<misses>468500001</misses>
				<total>0</total>
				<timestamp>4537.845658</timestamp>
			</report>
			<report>
				<misses>468600001</misses>
				<total>0</total>
				<timestamp>4538.828138</timestamp>
			</report>
			<report>
				<misses>468700001</misses>
				<total>0</total>
				<timestamp>4539.810534</timestamp>
			</report>
			<report>
				<misses>468800001</misses>
				<total>0</total>
				<timestamp>4540.792780</timestamp>
			</report>
			<report>
				<misses>468900001</misses>
				<total>0</total>
				<timestamp>4541.774987</timestamp>
			</report>
			<report>
				<misses>469000001</misses>
				<total>0</total>
				<timestamp>4542.757058</timestamp>
			</report>
			<report>
				<misses>469100001</misses>
				<total>0</total>
				<timestamp>4543.739388</timestamp>
			</report>
			<report>
				<misses>469200001</misses>
				<total>0</total>
				<timestamp>4544.722706</timestamp>
			</report>
			<report>
				<misses>469300001</misses>
				<total>0</total>
				<timestamp>4545.704640</timestamp>
			</report>
			<report>
				<misses>469400001</misses>
				<total>0</total>
				<timestamp>4546.687203</timestamp>
			</report>
			<report>
				<misses>469500001</misses>
				<total>0</total>
				<timestamp>4547.669649</timestamp>
			</report>
			<report>
				<misses>469600001</misses>
				<total>0</total>
				<timestamp>4548.652410</timestamp>
			</report>
			<report>
				<misses>469700001</misses>
				<total>0</total>
				<timestamp>4549.635018</timestamp>
			</report>
			<report>
				<misses>469800001</misses>
				<total>0</total>
				<timestamp>4550.618098</timestamp>
			</report>
			<report>
				<misses>469900001</misses>
				<total>0</total>
				<timestamp>4551.601321</timestamp>
			</report>
			<report>
				<misses>470000001</misses>
				<total>0</total>
				<timestamp>4552.583884</timestamp>
			</report>
			<report>
				<misses>470100001</misses>
				<total>0</total>
				<timestamp>4553.561721</timestamp>
			</report>
			<report>
				<misses>470200001</misses>
				<total>0</total>
				<timestamp>4554.510535</timestamp>
			</report>
			<report>
				<misses>470300001</misses>
				<total>0</total>
				<timestamp>4555.485446</timestamp>
			</report>
			<report>
				<misses>470400001</misses>
				<total>0</total>
				<timestamp>4556.472191</timestamp>
			</report>
			<report>
				<misses>470500001</misses>
				<total>0</total>
				<timestamp>4557.459096</timestamp>
			</report>
			<report>
				<misses>470600001</misses>
				<total>0</total>
				<timestamp>4558.446175</timestamp>
			</report>
			<report>
				<misses>470700001</misses>
				<total>0</total>
				<timestamp>4559.432378</timestamp>
			</report>
			<report>
				<misses>470800001</misses>
				<total>0</total>
				<timestamp>4560.420997</timestamp>
			</report>
			<report>
				<misses>470900001</misses>
				<total>0</total>
				<timestamp>4561.409566</timestamp>
			</report>
			<report>
				<misses>471000001</misses>
				<total>0</total>
				<timestamp>4562.398459</timestamp>
			</report>
			<report>
				<misses>471100001</misses>
				<total>0</total>
				<timestamp>4563.387660</timestamp>
			</report>
			<report>
				<misses>471200001</misses>
				<total>0</total>
				<timestamp>4564.376783</timestamp>
			</report>
			<report>
				<misses>471300001</misses>
				<total>0</total>
				<timestamp>4565.365607</timestamp>
			</report>
			<report>
				<misses>471400001</misses>
				<total>0</total>
				<timestamp>4566.354946</timestamp>
			</report>
			<report>
				<misses>471500001</misses>
				<total>0</total>
				<timestamp>4567.343538</timestamp>
			</report>
			<report>
				<misses>471600001</misses>
				<total>0</total>
				<timestamp>4568.332395</timestamp>
			</report>
			<report>
				<misses>471700001</misses>
				<total>0</total>
				<timestamp>4569.321095</timestamp>
			</report>
			<report>
				<misses>471800001</misses>
				<total>0</total>
				<timestamp>4570.310767</timestamp>
			</report>
			<report>
				<misses>471900001</misses>
				<total>0</total>
				<timestamp>4571.299846</timestamp>
			</report>
			<report>
				<misses>472000001</misses>
				<total>0</total>
				<timestamp>4572.289341</timestamp>
			</report>
			<report>
				<misses>472100001</misses>
				<total>0</total>
				<timestamp>4573.278588</timestamp>
			</report>
			<report>
				<misses>472200001</misses>
				<total>0</total>
				<timestamp>4574.269343</timestamp>
			</report>
			<report>
				<misses>472300001</misses>
				<total>0</total>
				<timestamp>4575.255712</timestamp>
			</report>
			<report>
				<misses>472400001</misses>
				<total>0</total>
				<timestamp>4576.242455</timestamp>
			</report>
			<report>
				<misses>472500001</misses>
				<total>0</total>
				<timestamp>4577.231680</timestamp>
			</report>
			<report>
				<misses>472600001</misses>
				<total>0</total>
				<timestamp>4578.222563</timestamp>
			</report>
			<report>
				<misses>472700001</misses>
				<total>0</total>
				<timestamp>4579.212291</timestamp>
			</report>
			<report>
				<misses>472800001</misses>
				<total>0</total>
				<timestamp>4580.200143</timestamp>
			</report>
			<report>
				<misses>472900001</misses>
				<total>0</total>
				<timestamp>4581.188823</timestamp>
			</report>
			<report>
				<misses>473000001</misses>
				<total>0</total>
				<timestamp>4582.178661</timestamp>
			</report>
			<report>
				<misses>473100001</misses>
				<total>0</total>
				<timestamp>4583.166320</timestamp>
			</report>
			<report>
				<misses>473200001</misses>
				<total>0</total>
				<timestamp>4584.156514</timestamp>
			</report>
			<report>
				<misses>473300001</misses>
				<total>0</total>
				<timestamp>4585.147196</timestamp>
			</report>
			<report>
				<misses>473400001</misses>
				<total>0</total>
				<timestamp>4586.137496</timestamp>
			</report>
			<report>
				<misses>473500001</misses>
				<total>0</total>
				<timestamp>4587.127267</timestamp>
			</report>
			<report>
				<misses>473600001</misses>
				<total>0</total>
				<timestamp>4588.118605</timestamp>
			</report>
			<report>
				<misses>473700001</misses>
				<total>0</total>
				<timestamp>4589.108875</timestamp>
			</report>
			<report>
				<misses>473800001</misses>
				<total>0</total>
				<timestamp>4590.097513</timestamp>
			</report>
			<report>
				<misses>473900001</misses>
				<total>0</total>
				<timestamp>4591.087269</timestamp>
			</report>
			<report>
				<misses>474000001</misses>
				<total>0</total>
				<timestamp>4592.078524</timestamp>
			</report>
			<report>
				<misses>474100001</misses>
				<total>0</total>
				<timestamp>4593.070787</timestamp>
			</report>
			<report>
				<misses>474200001</misses>
				<total>0</total>
				<timestamp>4594.060852</timestamp>
			</report>
			<report>
				<misses>474300001</misses>
				<total>0</total>
				<timestamp>4595.047499</timestamp>
			</report>
			<report>
				<misses>474400001</misses>
				<total>0</total>
				<timestamp>4596.036672</timestamp>
			</report>
			<report>
				<misses>474500001</misses>
				<total>0</total>
				<timestamp>4597.026910</timestamp>
			</report>
			<report>
				<misses>474600001</misses>
				<total>0</total>
				<timestamp>4598.016464</timestamp>
			</report>
			<report>
				<misses>474700001</misses>
				<total>0</total>
				<timestamp>4599.005242</timestamp>
			</report>
			<report>
				<misses>474800001</misses>
				<total>0</total>
				<timestamp>4599.993525</timestamp>
			</report>
			<report>
				<misses>474900001</misses>
				<total>0</total>
				<timestamp>4600.982974</timestamp>
			</report>
			<report>
				<misses>475000001</misses>
				<total>0</total>
				<timestamp>4601.973221</timestamp>
			</report>
			<report>
				<misses>475100001</misses>
				<total>0</total>
				<timestamp>4602.961535</timestamp>
			</report>
			<report>
				<misses>475200001</misses>
				<total>0</total>
				<timestamp>4603.948677</timestamp>
			</report>
			<report>
				<misses>475300001</misses>
				<total>0</total>
				<timestamp>4604.938030</timestamp>
			</report>
			<report>
				<misses>475400001</misses>
				<total>0</total>
				<timestamp>4605.927793</timestamp>
			</report>
			<report>
				<misses>475500001</misses>
				<total>0</total>
				<timestamp>4606.917512</timestamp>
			</report>
			<report>
				<misses>475600001</misses>
				<total>0</total>
				<timestamp>4607.905346</timestamp>
			</report>
			<report>
				<misses>475700001</misses>
				<total>0</total>
				<timestamp>4608.892883</timestamp>
			</report>
			<report>
				<misses>475800001</misses>
				<total>0</total>
				<timestamp>4609.882043</timestamp>
			</report>
			<report>
				<misses>475900001</misses>
				<total>0</total>
				<timestamp>4610.872432</timestamp>
			</report>
			<report>
				<misses>476000001</misses>
				<total>0</total>
				<timestamp>4611.860679</timestamp>
			</report>
			<report>
				<misses>476100001</misses>
				<total>0</total>
				<timestamp>4612.850424</timestamp>
			</report>
			<report>
				<misses>476200001</misses>
				<total>0</total>
				<timestamp>4613.836743</timestamp>
			</report>
			<report>
				<misses>476300001</misses>
				<total>0</total>
				<timestamp>4614.826373</timestamp>
			</report>
			<report>
				<misses>476400001</misses>
				<total>0</total>
				<timestamp>4615.815003</timestamp>
			</report>
			<report>
				<misses>476500001</misses>
				<total>0</total>
				<timestamp>4616.804956</timestamp>
			</report>
			<report>
				<misses>476600001</misses>
				<total>0</total>
				<timestamp>4617.794426</timestamp>
			</report>
			<report>
				<misses>476700001</misses>
				<total>0</total>
				<timestamp>4618.784699</timestamp>
			</report>
			<report>
				<misses>476800001</misses>
				<total>0</total>
				<timestamp>4619.774047</timestamp>
			</report>
			<report>
				<misses>476900001</misses>
				<total>0</total>
				<timestamp>4620.764801</timestamp>
			</report>
			<report>
				<misses>477000001</misses>
				<total>0</total>
				<timestamp>4621.754048</timestamp>
			</report>
			<report>
				<misses>477100001</misses>
				<total>0</total>
				<timestamp>4622.742410</timestamp>
			</report>
			<report>
				<misses>477200001</misses>
				<total>0</total>
				<timestamp>4623.729737</timestamp>
			</report>
			<report>
				<misses>477300001</misses>
				<total>0</total>
				<timestamp>4624.717834</timestamp>
			</report>
			<report>
				<misses>477400001</misses>
				<total>0</total>
				<timestamp>4625.705860</timestamp>
			</report>
			<report>
				<misses>477500001</misses>
				<total>0</total>
				<timestamp>4626.694252</timestamp>
			</report>
			<report>
				<misses>477600001</misses>
				<total>0</total>
				<timestamp>4627.681608</timestamp>
			</report>
			<report>
				<misses>477700001</misses>
				<total>0</total>
				<timestamp>4628.669284</timestamp>
			</report>
			<report>
				<misses>477800001</misses>
				<total>0</total>
				<timestamp>4629.659548</timestamp>
			</report>
			<report>
				<misses>477900001</misses>
				<total>0</total>
				<timestamp>4630.649981</timestamp>
			</report>
			<report>
				<misses>478000001</misses>
				<total>0</total>
				<timestamp>4631.638448</timestamp>
			</report>
			<report>
				<misses>478100001</misses>
				<total>0</total>
				<timestamp>4632.626507</timestamp>
			</report>
			<report>
				<misses>478200001</misses>
				<total>0</total>
				<timestamp>4633.618611</timestamp>
			</report>
			<report>
				<misses>478300001</misses>
				<total>0</total>
				<timestamp>4634.607522</timestamp>
			</report>
			<report>
				<misses>478400001</misses>
				<total>0</total>
				<timestamp>4635.596766</timestamp>
			</report>
			<report>
				<misses>478500001</misses>
				<total>0</total>
				<timestamp>4636.588631</timestamp>
			</report>
			<report>
				<misses>478600001</misses>
				<total>0</total>
				<timestamp>4637.579761</timestamp>
			</report>
			<report>
				<misses>478700001</misses>
				<total>0</total>
				<timestamp>4638.571277</timestamp>
			</report>
			<report>
				<misses>478800001</misses>
				<total>0</total>
				<timestamp>4639.561874</timestamp>
			</report>
			<report>
				<misses>478900001</misses>
				<total>0</total>
				<timestamp>4640.551060</timestamp>
			</report>
			<report>
				<misses>479000001</misses>
				<total>0</total>
				<timestamp>4641.543468</timestamp>
			</report>
			<report>
				<misses>479100001</misses>
				<total>0</total>
				<timestamp>4642.534708</timestamp>
			</report>
			<report>
				<misses>479200001</misses>
				<total>0</total>
				<timestamp>4643.526651</timestamp>
			</report>
			<report>
				<misses>479300001</misses>
				<total>0</total>
				<timestamp>4644.519175</timestamp>
			</report>
			<report>
				<misses>479400001</misses>
				<total>0</total>
				<timestamp>4645.512571</timestamp>
			</report>
			<report>
				<misses>479500001</misses>
				<total>0</total>
				<timestamp>4646.502949</timestamp>
			</report>
			<report>
				<misses>479600001</misses>
				<total>0</total>
				<timestamp>4647.494856</timestamp>
			</report>
			<report>
				<misses>479700001</misses>
				<total>0</total>
				<timestamp>4648.483541</timestamp>
			</report>
			<report>
				<misses>479800001</misses>
				<total>0</total>
				<timestamp>4649.476084</timestamp>
			</report>
			<report>
				<misses>479900001</misses>
				<total>0</total>
				<timestamp>4650.467464</timestamp>
			</report>
			<report>
				<misses>480000001</misses>
				<total>0</total>
				<timestamp>4651.458674</timestamp>
			</report>
			<report>
				<misses>480100001</misses>
				<total>0</total>
				<timestamp>4652.439084</timestamp>
			</report>
			<report>
				<misses>480200001</misses>
				<total>0</total>
				<timestamp>4653.424312</timestamp>
			</report>
			<report>
				<misses>480300001</misses>
				<total>0</total>
				<timestamp>4654.415686</timestamp>
			</report>
			<report>
				<misses>480400001</misses>
				<total>0</total>
				<timestamp>4655.404678</timestamp>
			</report>
			<report>
				<misses>480500001</misses>
				<total>0</total>
				<timestamp>4656.393343</timestamp>
			</report>
			<report>
				<misses>480600001</misses>
				<total>0</total>
				<timestamp>4657.382524</timestamp>
			</report>
			<report>
				<misses>480700001</misses>
				<total>0</total>
				<timestamp>4658.370394</timestamp>
			</report>
			<report>
				<misses>480800001</misses>
				<total>0</total>
				<timestamp>4659.358688</timestamp>
			</report>
			<report>
				<misses>480900001</misses>
				<total>0</total>
				<timestamp>4660.346793</timestamp>
			</report>
			<report>
				<misses>481000001</misses>
				<total>0</total>
				<timestamp>4661.335333</timestamp>
			</report>
			<report>
				<misses>481100001</misses>
				<total>0</total>
				<timestamp>4662.324200</timestamp>
			</report>
			<report>
				<misses>481200001</misses>
				<total>0</total>
				<timestamp>4663.311571</timestamp>
			</report>
			<report>
				<misses>481300001</misses>
				<total>0</total>
				<timestamp>4664.299899</timestamp>
			</report>
			<report>
				<misses>481400001</misses>
				<total>0</total>
				<timestamp>4665.291371</timestamp>
			</report>
			<report>
				<misses>481500001</misses>
				<total>0</total>
				<timestamp>4666.281392</timestamp>
			</report>
			<report>
				<misses>481600001</misses>
				<total>0</total>
				<timestamp>4667.271375</timestamp>
			</report>
			<report>
				<misses>481700001</misses>
				<total>0</total>
				<timestamp>4668.261527</timestamp>
			</report>
			<report>
				<misses>481800001</misses>
				<total>0</total>
				<timestamp>4669.252068</timestamp>
			</report>
			<report>
				<misses>481900001</misses>
				<total>0</total>
				<timestamp>4670.242342</timestamp>
			</report>
			<report>
				<misses>482000001</misses>
				<total>0</total>
				<timestamp>4671.232383</timestamp>
			</report>
			<report>
				<misses>482100001</misses>
				<total>0</total>
				<timestamp>4672.222527</timestamp>
			</report>
			<report>
				<misses>482200001</misses>
				<total>0</total>
				<timestamp>4673.212164</timestamp>
			</report>
			<report>
				<misses>482300001</misses>
				<total>0</total>
				<timestamp>4674.200677</timestamp>
			</report>
			<report>
				<misses>482400001</misses>
				<total>0</total>
				<timestamp>4675.189338</timestamp>
			</report>
			<report>
				<misses>482500001</misses>
				<total>0</total>
				<timestamp>4676.179037</timestamp>
			</report>
			<report>
				<misses>482600001</misses>
				<total>0</total>
				<timestamp>4677.170366</timestamp>
			</report>
			<report>
				<misses>482700001</misses>
				<total>0</total>
				<timestamp>4678.159293</timestamp>
			</report>
			<report>
				<misses>482800001</misses>
				<total>0</total>
				<timestamp>4679.148569</timestamp>
			</report>
			<report>
				<misses>482900001</misses>
				<total>0</total>
				<timestamp>4680.138883</timestamp>
			</report>
			<report>
				<misses>483000001</misses>
				<total>0</total>
				<timestamp>4681.128445</timestamp>
			</report>
			<report>
				<misses>483100001</misses>
				<total>0</total>
				<timestamp>4682.119565</timestamp>
			</report>
			<report>
				<misses>483200001</misses>
				<total>0</total>
				<timestamp>4683.109781</timestamp>
			</report>
			<report>
				<misses>483300001</misses>
				<total>0</total>
				<timestamp>4684.101209</timestamp>
			</report>
			<report>
				<misses>483400001</misses>
				<total>0</total>
				<timestamp>4685.091655</timestamp>
			</report>
			<report>
				<misses>483500001</misses>
				<total>0</total>
				<timestamp>4686.082281</timestamp>
			</report>
			<report>
				<misses>483600001</misses>
				<total>0</total>
				<timestamp>4687.072092</timestamp>
			</report>
			<report>
				<misses>483700001</misses>
				<total>0</total>
				<timestamp>4688.061547</timestamp>
			</report>
			<report>
				<misses>483800001</misses>
				<total>0</total>
				<timestamp>4689.053621</timestamp>
			</report>
			<report>
				<misses>483900001</misses>
				<total>0</total>
				<timestamp>4690.043910</timestamp>
			</report>
			<report>
				<misses>484000001</misses>
				<total>0</total>
				<timestamp>4691.033570</timestamp>
			</report>
			<report>
				<misses>484100001</misses>
				<total>0</total>
				<timestamp>4692.023329</timestamp>
			</report>
			<report>
				<misses>484200001</misses>
				<total>0</total>
				<timestamp>4693.015311</timestamp>
			</report>
			<report>
				<misses>484300001</misses>
				<total>0</total>
				<timestamp>4694.004625</timestamp>
			</report>
			<report>
				<misses>484400001</misses>
				<total>0</total>
				<timestamp>4694.994548</timestamp>
			</report>
			<report>
				<misses>484500001</misses>
				<total>0</total>
				<timestamp>4695.986404</timestamp>
			</report>
			<report>
				<misses>484600001</misses>
				<total>0</total>
				<timestamp>4696.976494</timestamp>
			</report>
			<report>
				<misses>484700001</misses>
				<total>0</total>
				<timestamp>4697.964938</timestamp>
			</report>
			<report>
				<misses>484800001</misses>
				<total>0</total>
				<timestamp>4698.955642</timestamp>
			</report>
			<report>
				<misses>484900001</misses>
				<total>0</total>
				<timestamp>4699.945312</timestamp>
			</report>
			<report>
				<misses>485000001</misses>
				<total>0</total>
				<timestamp>4700.936311</timestamp>
			</report>
			<report>
				<misses>485100001</misses>
				<total>0</total>
				<timestamp>4701.929060</timestamp>
			</report>
			<report>
				<misses>485200001</misses>
				<total>0</total>
				<timestamp>4702.918726</timestamp>
			</report>
			<report>
				<misses>485300001</misses>
				<total>0</total>
				<timestamp>4703.908949</timestamp>
			</report>
			<report>
				<misses>485400001</misses>
				<total>0</total>
				<timestamp>4704.899213</timestamp>
			</report>
			<report>
				<misses>485500001</misses>
				<total>0</total>
				<timestamp>4705.889351</timestamp>
			</report>
			<report>
				<misses>485600001</misses>
				<total>0</total>
				<timestamp>4706.880422</timestamp>
			</report>
			<report>
				<misses>485700001</misses>
				<total>0</total>
				<timestamp>4707.869291</timestamp>
			</report>
			<report>
				<misses>485800001</misses>
				<total>0</total>
				<timestamp>4708.859202</timestamp>
			</report>
			<report>
				<misses>485900001</misses>
				<total>0</total>
				<timestamp>4709.847981</timestamp>
			</report>
			<report>
				<misses>486000001</misses>
				<total>0</total>
				<timestamp>4710.838591</timestamp>
			</report>
			<report>
				<misses>486100001</misses>
				<total>0</total>
				<timestamp>4711.829437</timestamp>
			</report>
			<report>
				<misses>486200001</misses>
				<total>0</total>
				<timestamp>4712.821244</timestamp>
			</report>
			<report>
				<misses>486300001</misses>
				<total>0</total>
				<timestamp>4713.811021</timestamp>
			</report>
			<report>
				<misses>486400001</misses>
				<total>0</total>
				<timestamp>4714.801768</timestamp>
			</report>
			<report>
				<misses>486500001</misses>
				<total>0</total>
				<timestamp>4715.792277</timestamp>
			</report>
			<report>
				<misses>486600001</misses>
				<total>0</total>
				<timestamp>4716.784949</timestamp>
			</report>
			<report>
				<misses>486700001</misses>
				<total>0</total>
				<timestamp>4717.774028</timestamp>
			</report>
			<report>
				<misses>486800001</misses>
				<total>0</total>
				<timestamp>4718.764627</timestamp>
			</report>
			<report>
				<misses>486900001</misses>
				<total>0</total>
				<timestamp>4719.754244</timestamp>
			</report>
			<report>
				<misses>487000001</misses>
				<total>0</total>
				<timestamp>4720.744374</timestamp>
			</report>
			<report>
				<misses>487100001</misses>
				<total>0</total>
				<timestamp>4721.735271</timestamp>
			</report>
			<report>
				<misses>487200001</misses>
				<total>0</total>
				<timestamp>4722.725017</timestamp>
			</report>
			<report>
				<misses>487300001</misses>
				<total>0</total>
				<timestamp>4723.716152</timestamp>
			</report>
			<report>
				<misses>487400001</misses>
				<total>0</total>
				<timestamp>4724.705446</timestamp>
			</report>
			<report>
				<misses>487500001</misses>
				<total>0</total>
				<timestamp>4725.697230</timestamp>
			</report>
			<report>
				<misses>487600001</misses>
				<total>0</total>
				<timestamp>4726.688156</timestamp>
			</report>
			<report>
				<misses>487700001</misses>
				<total>0</total>
				<timestamp>4727.678453</timestamp>
			</report>
			<report>
				<misses>487800001</misses>
				<total>0</total>
				<timestamp>4728.669905</timestamp>
			</report>
			<report>
				<misses>487900001</misses>
				<total>0</total>
				<timestamp>4729.658729</timestamp>
			</report>
			<report>
				<misses>488000001</misses>
				<total>0</total>
				<timestamp>4730.648107</timestamp>
			</report>
			<report>
				<misses>488100001</misses>
				<total>0</total>
				<timestamp>4731.639021</timestamp>
			</report>
			<report>
				<misses>488200001</misses>
				<total>0</total>
				<timestamp>4732.629338</timestamp>
			</report>
			<report>
				<misses>488300001</misses>
				<total>0</total>
				<timestamp>4733.620532</timestamp>
			</report>
			<report>
				<misses>488400001</misses>
				<total>0</total>
				<timestamp>4734.610918</timestamp>
			</report>
			<report>
				<misses>488500001</misses>
				<total>0</total>
				<timestamp>4735.601196</timestamp>
			</report>
			<report>
				<misses>488600001</misses>
				<total>0</total>
				<timestamp>4736.590478</timestamp>
			</report>
			<report>
				<misses>488700001</misses>
				<total>0</total>
				<timestamp>4737.580987</timestamp>
			</report>
			<report>
				<misses>488800001</misses>
				<total>0</total>
				<timestamp>4738.571352</timestamp>
			</report>
			<report>
				<misses>488900001</misses>
				<total>0</total>
				<timestamp>4739.560588</timestamp>
			</report>
			<report>
				<misses>489000001</misses>
				<total>0</total>
				<timestamp>4740.552082</timestamp>
			</report>
			<report>
				<misses>489100001</misses>
				<total>0</total>
				<timestamp>4741.544001</timestamp>
			</report>
			<report>
				<misses>489200001</misses>
				<total>0</total>
				<timestamp>4742.535119</timestamp>
			</report>
			<report>
				<misses>489300001</misses>
				<total>0</total>
				<timestamp>4743.526351</timestamp>
			</report>
			<report>
				<misses>489400001</misses>
				<total>0</total>
				<timestamp>4744.516377</timestamp>
			</report>
			<report>
				<misses>489500001</misses>
				<total>0</total>
				<timestamp>4745.507298</timestamp>
			</report>
			<report>
				<misses>489600001</misses>
				<total>0</total>
				<timestamp>4746.496254</timestamp>
			</report>
			<report>
				<misses>489700001</misses>
				<total>0</total>
				<timestamp>4747.487745</timestamp>
			</report>
			<report>
				<misses>489800001</misses>
				<total>0</total>
				<timestamp>4748.477908</timestamp>
			</report>
			<report>
				<misses>489900001</misses>
				<total>0</total>
				<timestamp>4749.467621</timestamp>
			</report>
			<report>
				<misses>490000001</misses>
				<total>0</total>
				<timestamp>4750.458525</timestamp>
			</report>
			<report>
				<misses>490100001</misses>
				<total>0</total>
				<timestamp>4751.448187</timestamp>
			</report>
			<report>
				<misses>490200001</misses>
				<total>0</total>
				<timestamp>4752.433848</timestamp>
			</report>
			<report>
				<misses>490300001</misses>
				<total>0</total>
				<timestamp>4753.419570</timestamp>
			</report>
			<report>
				<misses>490400001</misses>
				<total>0</total>
				<timestamp>4754.406043</timestamp>
			</report>
			<report>
				<misses>490500001</misses>
				<total>0</total>
				<timestamp>4755.391619</timestamp>
			</report>
			<report>
				<misses>490600001</misses>
				<total>0</total>
				<timestamp>4756.376965</timestamp>
			</report>
			<report>
				<misses>490700001</misses>
				<total>0</total>
				<timestamp>4757.362229</timestamp>
			</report>
			<report>
				<misses>490800001</misses>
				<total>0</total>
				<timestamp>4758.347385</timestamp>
			</report>
			<report>
				<misses>490900001</misses>
				<total>0</total>
				<timestamp>4759.332429</timestamp>
			</report>
			<report>
				<misses>491000001</misses>
				<total>0</total>
				<timestamp>4760.318047</timestamp>
			</report>
			<report>
				<misses>491100001</misses>
				<total>0</total>
				<timestamp>4761.302891</timestamp>
			</report>
			<report>
				<misses>491200001</misses>
				<total>0</total>
				<timestamp>4762.288020</timestamp>
			</report>
			<report>
				<misses>491300001</misses>
				<total>0</total>
				<timestamp>4763.273402</timestamp>
			</report>
			<report>
				<misses>491400001</misses>
				<total>0</total>
				<timestamp>4764.257758</timestamp>
			</report>
			<report>
				<misses>491500001</misses>
				<total>0</total>
				<timestamp>4765.242673</timestamp>
			</report>
			<report>
				<misses>491600001</misses>
				<total>0</total>
				<timestamp>4766.228017</timestamp>
			</report>
			<report>
				<misses>491700001</misses>
				<total>0</total>
				<timestamp>4767.213515</timestamp>
			</report>
			<report>
				<misses>491800001</misses>
				<total>0</total>
				<timestamp>4768.198800</timestamp>
			</report>
			<report>
				<misses>491900001</misses>
				<total>0</total>
				<timestamp>4769.185208</timestamp>
			</report>
			<report>
				<misses>492000001</misses>
				<total>0</total>
				<timestamp>4770.170219</timestamp>
			</report>
			<report>
				<misses>492100001</misses>
				<total>0</total>
				<timestamp>4771.156269</timestamp>
			</report>
			<report>
				<misses>492200001</misses>
				<total>0</total>
				<timestamp>4772.142279</timestamp>
			</report>
			<report>
				<misses>492300001</misses>
				<total>0</total>
				<timestamp>4773.128457</timestamp>
			</report>
			<report>
				<misses>492400001</misses>
				<total>0</total>
				<timestamp>4774.114244</timestamp>
			</report>
			<report>
				<misses>492500001</misses>
				<total>0</total>
				<timestamp>4775.099791</timestamp>
			</report>
			<report>
				<misses>492600001</misses>
				<total>0</total>
				<timestamp>4776.085312</timestamp>
			</report>
			<report>
				<misses>492700001</misses>
				<total>0</total>
				<timestamp>4777.070522</timestamp>
			</report>
			<report>
				<misses>492800001</misses>
				<total>0</total>
				<timestamp>4778.055498</timestamp>
			</report>
			<report>
				<misses>492900001</misses>
				<total>0</total>
				<timestamp>4779.040772</timestamp>
			</report>
			<report>
				<misses>493000001</misses>
				<total>0</total>
				<timestamp>4780.025760</timestamp>
			</report>
			<report>
				<misses>493100001</misses>
				<total>0</total>
				<timestamp>4781.010097</timestamp>
			</report>
			<report>
				<misses>493200001</misses>
				<total>0</total>
				<timestamp>4781.983401</timestamp>
			</report>
			<report>
				<misses>493300001</misses>
				<total>0</total>
				<timestamp>4782.963686</timestamp>
			</report>
			<report>
				<misses>493400001</misses>
				<total>0</total>
				<timestamp>4783.949225</timestamp>
			</report>
			<report>
				<misses>493500001</misses>
				<total>0</total>
				<timestamp>4784.934301</timestamp>
			</report>
			<report>
				<misses>493600001</misses>
				<total>0</total>
				<timestamp>4785.919814</timestamp>
			</report>
			<report>
				<misses>493700001</misses>
				<total>0</total>
				<timestamp>4786.905179</timestamp>
			</report>
			<report>
				<misses>493800001</misses>
				<total>0</total>
				<timestamp>4787.890629</timestamp>
			</report>
			<report>
				<misses>493900001</misses>
				<total>0</total>
				<timestamp>4788.875915</timestamp>
			</report>
			<report>
				<misses>494000001</misses>
				<total>0</total>
				<timestamp>4789.861126</timestamp>
			</report>
			<report>
				<misses>494100001</misses>
				<total>0</total>
				<timestamp>4790.845762</timestamp>
			</report>
			<report>
				<misses>494200001</misses>
				<total>0</total>
				<timestamp>4791.830918</timestamp>
			</report>
			<report>
				<misses>494300001</misses>
				<total>0</total>
				<timestamp>4792.815733</timestamp>
			</report>
			<report>
				<misses>494400001</misses>
				<total>0</total>
				<timestamp>4793.801225</timestamp>
			</report>
			<report>
				<misses>494500001</misses>
				<total>0</total>
				<timestamp>4794.788791</timestamp>
			</report>
			<report>
				<misses>494600001</misses>
				<total>0</total>
				<timestamp>4795.779264</timestamp>
			</report>
			<report>
				<misses>494700001</misses>
				<total>0</total>
				<timestamp>4796.770290</timestamp>
			</report>
			<report>
				<misses>494800001</misses>
				<total>0</total>
				<timestamp>4797.703379</timestamp>
			</report>
			<report>
				<misses>494900001</misses>
				<total>0</total>
				<timestamp>4798.637400</timestamp>
			</report>
			<report>
				<misses>495000001</misses>
				<total>0</total>
				<timestamp>4799.567487</timestamp>
			</report>
			<report>
				<misses>495100001</misses>
				<total>0</total>
				<timestamp>4800.500873</timestamp>
			</report>
			<report>
				<misses>495200001</misses>
				<total>0</total>
				<timestamp>4801.431720</timestamp>
			</report>
			<report>
				<misses>495300001</misses>
				<total>0</total>
				<timestamp>4802.362280</timestamp>
			</report>
			<report>
				<misses>495400001</misses>
				<total>0</total>
				<timestamp>4803.294429</timestamp>
			</report>
			<report>
				<misses>495500001</misses>
				<total>0</total>
				<timestamp>4804.226216</timestamp>
			</report>
			<report>
				<misses>495600001</misses>
				<total>0</total>
				<timestamp>4805.157477</timestamp>
			</report>
			<report>
				<misses>495700001</misses>
				<total>0</total>
				<timestamp>4806.087384</timestamp>
			</report>
			<report>
				<misses>495800001</misses>
				<total>0</total>
				<timestamp>4807.018557</timestamp>
			</report>
			<report>
				<misses>495900001</misses>
				<total>0</total>
				<timestamp>4807.946091</timestamp>
			</report>
			<report>
				<misses>496000001</misses>
				<total>0</total>
				<timestamp>4808.877478</timestamp>
			</report>
			<report>
				<misses>496100001</misses>
				<total>0</total>
				<timestamp>4809.805642</timestamp>
			</report>
			<report>
				<misses>496200001</misses>
				<total>0</total>
				<timestamp>4810.734352</timestamp>
			</report>
			<report>
				<misses>496300001</misses>
				<total>0</total>
				<timestamp>4811.662998</timestamp>
			</report>
			<report>
				<misses>496400001</misses>
				<total>0</total>
				<timestamp>4812.591570</timestamp>
			</report>
			<report>
				<misses>496500001</misses>
				<total>0</total>
				<timestamp>4813.522085</timestamp>
			</report>
			<report>
				<misses>496600001</misses>
				<total>0</total>
				<timestamp>4814.450483</timestamp>
			</report>
			<report>
				<misses>496700001</misses>
				<total>0</total>
				<timestamp>4815.379039</timestamp>
			</report>
			<report>
				<misses>496800001</misses>
				<total>0</total>
				<timestamp>4816.307533</timestamp>
			</report>
			<report>
				<misses>496900001</misses>
				<total>0</total>
				<timestamp>4817.236102</timestamp>
			</report>
			<report>
				<misses>497000001</misses>
				<total>0</total>
				<timestamp>4818.165875</timestamp>
			</report>
			<report>
				<misses>497100001</misses>
				<total>0</total>
				<timestamp>4819.098286</timestamp>
			</report>
			<report>
				<misses>497200001</misses>
				<total>0</total>
				<timestamp>4820.026339</timestamp>
			</report>
			<report>
				<misses>497300001</misses>
				<total>0</total>
				<timestamp>4820.957218</timestamp>
			</report>
			<report>
				<misses>497400001</misses>
				<total>0</total>
				<timestamp>4821.887852</timestamp>
			</report>
			<report>
				<misses>497500001</misses>
				<total>0</total>
				<timestamp>4822.820766</timestamp>
			</report>
			<report>
				<misses>497600001</misses>
				<total>0</total>
				<timestamp>4823.751421</timestamp>
			</report>
			<report>
				<misses>497700001</misses>
				<total>0</total>
				<timestamp>4824.681012</timestamp>
			</report>
			<report>
				<misses>497800001</misses>
				<total>0</total>
				<timestamp>4825.610532</timestamp>
			</report>
			<report>
				<misses>497900001</misses>
				<total>0</total>
				<timestamp>4826.543073</timestamp>
			</report>
			<report>
				<misses>498000001</misses>
				<total>0</total>
				<timestamp>4827.471159</timestamp>
			</report>
			<report>
				<misses>498100001</misses>
				<total>0</total>
				<timestamp>4828.399703</timestamp>
			</report>
			<report>
				<misses>498200001</misses>
				<total>0</total>
				<timestamp>4829.327539</timestamp>
			</report>
			<report>
				<misses>498300001</misses>
				<total>0</total>
				<timestamp>4830.254926</timestamp>
			</report>
			<report>
				<misses>498400001</misses>
				<total>0</total>
				<timestamp>4831.183965</timestamp>
			</report>
			<report>
				<misses>498500001</misses>
				<total>0</total>
				<timestamp>4832.114695</timestamp>
			</report>
			<report>
				<misses>498600001</misses>
				<total>0</total>
				<timestamp>4833.046072</timestamp>
			</report>
			<report>
				<misses>498700001</misses>
				<total>0</total>
				<timestamp>4833.975043</timestamp>
			</report>
			<report>
				<misses>498800001</misses>
				<total>0</total>
				<timestamp>4834.906327</timestamp>
			</report>
			<report>
				<misses>498900001</misses>
				<total>0</total>
				<timestamp>4835.836872</timestamp>
			</report>
			<report>
				<misses>499000001</misses>
				<total>0</total>
				<timestamp>4836.766518</timestamp>
			</report>
			<report>
				<misses>499100001</misses>
				<total>0</total>
				<timestamp>4837.695103</timestamp>
			</report>
			<report>
				<misses>499200001</misses>
				<total>0</total>
				<timestamp>4838.623147</timestamp>
			</report>
			<report>
				<misses>499300001</misses>
				<total>0</total>
				<timestamp>4839.551921</timestamp>
			</report>
			<report>
				<misses>499400001</misses>
				<total>0</total>
				<timestamp>4840.481765</timestamp>
			</report>
			<report>
				<misses>499500001</misses>
				<total>0</total>
				<timestamp>4841.409926</timestamp>
			</report>
			<report>
				<misses>499600001</misses>
				<total>0</total>
				<timestamp>4842.341307</timestamp>
			</report>
			<report>
				<misses>499700001</misses>
				<total>0</total>
				<timestamp>4843.271235</timestamp>
			</report>
			<report>
				<misses>499800001</misses>
				<total>0</total>
				<timestamp>4844.202075</timestamp>
			</report>
			<report>
				<misses>499900001</misses>
				<total>0</total>
				<timestamp>4845.133388</timestamp>
			</report>
			<report>
				<misses>500000001</misses>
				<total>0</total>
				<timestamp>4846.064450</timestamp>
			</report>
			<report>
				<misses>500100001</misses>
				<total>0</total>
				<timestamp>4846.990927</timestamp>
			</report>
			<report>
				<misses>500200001</misses>
				<total>0</total>
				<timestamp>4847.920206</timestamp>
			</report>
			<report>
				<misses>500300001</misses>
				<total>0</total>
				<timestamp>4848.847369</timestamp>
			</report>
			<report>
				<misses>500400001</misses>
				<total>0</total>
				<timestamp>4849.776722</timestamp>
			</report>
			<report>
				<misses>500500001</misses>
				<total>0</total>
				<timestamp>4850.705583</timestamp>
			</report>
			<report>
				<misses>500600001</misses>
				<total>0</total>
				<timestamp>4851.638331</timestamp>
			</report>
			<report>
				<misses>500700001</misses>
				<total>0</total>
				<timestamp>4852.569124</timestamp>
			</report>
			<report>
				<misses>500800001</misses>
				<total>0</total>
				<timestamp>4853.499001</timestamp>
			</report>
			<report>
				<misses>500900001</misses>
				<total>0</total>
				<timestamp>4854.431818</timestamp>
			</report>
			<report>
				<misses>501000001</misses>
				<total>0</total>
				<timestamp>4855.360021</timestamp>
			</report>
			<report>
				<misses>501100001</misses>
				<total>0</total>
				<timestamp>4856.290201</timestamp>
			</report>
			<report>
				<misses>501200001</misses>
				<total>0</total>
				<timestamp>4857.218097</timestamp>
			</report>
			<report>
				<misses>501300001</misses>
				<total>0</total>
				<timestamp>4858.145937</timestamp>
			</report>
			<report>
				<misses>501400001</misses>
				<total>0</total>
				<timestamp>4859.076713</timestamp>
			</report>
			<report>
				<misses>501500001</misses>
				<total>0</total>
				<timestamp>4859.997455</timestamp>
			</report>
			<report>
				<misses>501600001</misses>
				<total>0</total>
				<timestamp>4860.918282</timestamp>
			</report>
			<report>
				<misses>501700001</misses>
				<total>0</total>
				<timestamp>4861.846517</timestamp>
			</report>
			<report>
				<misses>501800001</misses>
				<total>0</total>
				<timestamp>4862.777499</timestamp>
			</report>
			<report>
				<misses>501900001</misses>
				<total>0</total>
				<timestamp>4863.707223</timestamp>
			</report>
			<report>
				<misses>502000001</misses>
				<total>0</total>
				<timestamp>4864.637112</timestamp>
			</report>
			<report>
				<misses>502100001</misses>
				<total>0</total>
				<timestamp>4865.568632</timestamp>
			</report>
			<report>
				<misses>502200001</misses>
				<total>0</total>
				<timestamp>4866.498897</timestamp>
			</report>
			<report>
				<misses>502300001</misses>
				<total>0</total>
				<timestamp>4867.429326</timestamp>
			</report>
			<report>
				<misses>502400001</misses>
				<total>0</total>
				<timestamp>4868.360185</timestamp>
			</report>
			<report>
				<misses>502500001</misses>
				<total>0</total>
				<timestamp>4869.293214</timestamp>
			</report>
			<report>
				<misses>502600001</misses>
				<total>0</total>
				<timestamp>4870.221611</timestamp>
			</report>
			<report>
				<misses>502700001</misses>
				<total>0</total>
				<timestamp>4871.152215</timestamp>
			</report>
			<report>
				<misses>502800001</misses>
				<total>0</total>
				<timestamp>4872.080335</timestamp>
			</report>
			<report>
				<misses>502900001</misses>
				<total>0</total>
				<timestamp>4873.009017</timestamp>
			</report>
			<report>
				<misses>503000001</misses>
				<total>0</total>
				<timestamp>4873.942839</timestamp>
			</report>
			<report>
				<misses>503100001</misses>
				<total>0</total>
				<timestamp>4874.876670</timestamp>
			</report>
			<report>
				<misses>503200001</misses>
				<total>0</total>
				<timestamp>4875.806310</timestamp>
			</report>
			<report>
				<misses>503300001</misses>
				<total>0</total>
				<timestamp>4876.739137</timestamp>
			</report>
			<report>
				<misses>503400001</misses>
				<total>0</total>
				<timestamp>4877.666649</timestamp>
			</report>
			<report>
				<misses>503500001</misses>
				<total>0</total>
				<timestamp>4878.596525</timestamp>
			</report>
			<report>
				<misses>503600001</misses>
				<total>0</total>
				<timestamp>4879.528576</timestamp>
			</report>
			<report>
				<misses>503700001</misses>
				<total>0</total>
				<timestamp>4880.459495</timestamp>
			</report>
			<report>
				<misses>503800001</misses>
				<total>0</total>
				<timestamp>4881.389153</timestamp>
			</report>
			<report>
				<misses>503900001</misses>
				<total>0</total>
				<timestamp>4882.321390</timestamp>
			</report>
			<report>
				<misses>504000001</misses>
				<total>0</total>
				<timestamp>4883.249889</timestamp>
			</report>
			<report>
				<misses>504100001</misses>
				<total>0</total>
				<timestamp>4884.181382</timestamp>
			</report>
			<report>
				<misses>504200001</misses>
				<total>0</total>
				<timestamp>4885.109181</timestamp>
			</report>
			<report>
				<misses>504300001</misses>
				<total>0</total>
				<timestamp>4886.040167</timestamp>
			</report>
			<report>
				<misses>504400001</misses>
				<total>0</total>
				<timestamp>4886.970545</timestamp>
			</report>
			<report>
				<misses>504500001</misses>
				<total>0</total>
				<timestamp>4887.899665</timestamp>
			</report>
			<report>
				<misses>504600001</misses>
				<total>0</total>
				<timestamp>4888.831759</timestamp>
			</report>
			<report>
				<misses>504700001</misses>
				<total>0</total>
				<timestamp>4889.759500</timestamp>
			</report>
			<report>
				<misses>504800001</misses>
				<total>0</total>
				<timestamp>4890.690258</timestamp>
			</report>
			<report>
				<misses>504900001</misses>
				<total>0</total>
				<timestamp>4891.617810</timestamp>
			</report>
			<report>
				<misses>505000001</misses>
				<total>0</total>
				<timestamp>4892.545849</timestamp>
			</report>
			<report>
				<misses>505100001</misses>
				<total>0</total>
				<timestamp>4893.474816</timestamp>
			</report>
			<report>
				<misses>505200001</misses>
				<total>0</total>
				<timestamp>4894.406205</timestamp>
			</report>
			<report>
				<misses>505300001</misses>
				<total>0</total>
				<timestamp>4895.335381</timestamp>
			</report>
			<report>
				<misses>505400001</misses>
				<total>0</total>
				<timestamp>4896.264297</timestamp>
			</report>
			<report>
				<misses>505500001</misses>
				<total>0</total>
				<timestamp>4897.190436</timestamp>
			</report>
			<report>
				<misses>505600001</misses>
				<total>0</total>
				<timestamp>4898.110398</timestamp>
			</report>
			<report>
				<misses>505700001</misses>
				<total>0</total>
				<timestamp>4899.030185</timestamp>
			</report>
			<report>
				<misses>505800001</misses>
				<total>0</total>
				<timestamp>4899.950461</timestamp>
			</report>
			<report>
				<misses>505900001</misses>
				<total>0</total>
				<timestamp>4900.869302</timestamp>
			</report>
			<report>
				<misses>506000001</misses>
				<total>0</total>
				<timestamp>4901.789821</timestamp>
			</report>
			<report>
				<misses>506100001</misses>
				<total>0</total>
				<timestamp>4902.708106</timestamp>
			</report>
			<report>
				<misses>506200001</misses>
				<total>0</total>
				<timestamp>4903.638078</timestamp>
			</report>
			<report>
				<misses>506300001</misses>
				<total>0</total>
				<timestamp>4904.564131</timestamp>
			</report>
			<report>
				<misses>506400001</misses>
				<total>0</total>
				<timestamp>4905.482417</timestamp>
			</report>
			<report>
				<misses>506500001</misses>
				<total>0</total>
				<timestamp>4906.403929</timestamp>
			</report>
			<report>
				<misses>506600001</misses>
				<total>0</total>
				<timestamp>4907.322552</timestamp>
			</report>
			<report>
				<misses>506700001</misses>
				<total>0</total>
				<timestamp>4908.242984</timestamp>
			</report>
			<report>
				<misses>506800001</misses>
				<total>0</total>
				<timestamp>4909.165127</timestamp>
			</report>
			<report>
				<misses>506900001</misses>
				<total>0</total>
				<timestamp>4910.087945</timestamp>
			</report>
			<report>
				<misses>507000001</misses>
				<total>0</total>
				<timestamp>4911.008844</timestamp>
			</report>
			<report>
				<misses>507100001</misses>
				<total>0</total>
				<timestamp>4911.932543</timestamp>
			</report>
			<report>
				<misses>507200001</misses>
				<total>0</total>
				<timestamp>4912.859600</timestamp>
			</report>
			<report>
				<misses>507300001</misses>
				<total>0</total>
				<timestamp>4913.785670</timestamp>
			</report>
			<report>
				<misses>507400001</misses>
				<total>0</total>
				<timestamp>4914.715510</timestamp>
			</report>
			<report>
				<misses>507500001</misses>
				<total>0</total>
				<timestamp>4915.645293</timestamp>
			</report>
			<report>
				<misses>507600001</misses>
				<total>0</total>
				<timestamp>4916.575958</timestamp>
			</report>
			<report>
				<misses>507700001</misses>
				<total>0</total>
				<timestamp>4917.505728</timestamp>
			</report>
			<report>
				<misses>507800001</misses>
				<total>0</total>
				<timestamp>4918.435340</timestamp>
			</report>
			<report>
				<misses>507900001</misses>
				<total>0</total>
				<timestamp>4919.359209</timestamp>
			</report>
			<report>
				<misses>508000001</misses>
				<total>0</total>
				<timestamp>4920.280817</timestamp>
			</report>
			<report>
				<misses>508100001</misses>
				<total>0</total>
				<timestamp>4921.203293</timestamp>
			</report>
			<report>
				<misses>508200001</misses>
				<total>0</total>
				<timestamp>4922.132234</timestamp>
			</report>
			<report>
				<misses>508300001</misses>
				<total>0</total>
				<timestamp>4923.063316</timestamp>
			</report>
			<report>
				<misses>508400001</misses>
				<total>0</total>
				<timestamp>4923.990368</timestamp>
			</report>
			<report>
				<misses>508500001</misses>
				<total>0</total>
				<timestamp>4924.921517</timestamp>
			</report>
			<report>
				<misses>508600001</misses>
				<total>0</total>
				<timestamp>4925.849984</timestamp>
			</report>
			<report>
				<misses>508700001</misses>
				<total>0</total>
				<timestamp>4926.779533</timestamp>
			</report>
			<report>
				<misses>508800001</misses>
				<total>0</total>
				<timestamp>4927.709792</timestamp>
			</report>
			<report>
				<misses>508900001</misses>
				<total>0</total>
				<timestamp>4928.641104</timestamp>
			</report>
			<report>
				<misses>509000001</misses>
				<total>0</total>
				<timestamp>4929.568681</timestamp>
			</report>
			<report>
				<misses>509100001</misses>
				<total>0</total>
				<timestamp>4930.498296</timestamp>
			</report>
			<report>
				<misses>509200001</misses>
				<total>0</total>
				<timestamp>4931.428003</timestamp>
			</report>
			<report>
				<misses>509300001</misses>
				<total>0</total>
				<timestamp>4932.355141</timestamp>
			</report>
			<report>
				<misses>509400001</misses>
				<total>0</total>
				<timestamp>4933.283544</timestamp>
			</report>
			<report>
				<misses>509500001</misses>
				<total>0</total>
				<timestamp>4934.215637</timestamp>
			</report>
			<report>
				<misses>509600001</misses>
				<total>0</total>
				<timestamp>4935.146887</timestamp>
			</report>
			<report>
				<misses>509700001</misses>
				<total>0</total>
				<timestamp>4936.077573</timestamp>
			</report>
			<report>
				<misses>509800001</misses>
				<total>0</total>
				<timestamp>4937.011761</timestamp>
			</report>
			<report>
				<misses>509900001</misses>
				<total>0</total>
				<timestamp>4937.942344</timestamp>
			</report>
			<report>
				<misses>510000001</misses>
				<total>0</total>
				<timestamp>4938.874608</timestamp>
			</report>
			<report>
				<misses>510100001</misses>
				<total>0</total>
				<timestamp>4939.805802</timestamp>
			</report>
			<report>
				<misses>510200001</misses>
				<total>0</total>
				<timestamp>4940.735125</timestamp>
			</report>
			<report>
				<misses>510300001</misses>
				<total>0</total>
				<timestamp>4941.667837</timestamp>
			</report>
			<report>
				<misses>510400001</misses>
				<total>0</total>
				<timestamp>4942.601155</timestamp>
			</report>
			<report>
				<misses>510500001</misses>
				<total>0</total>
				<timestamp>4943.531299</timestamp>
			</report>
			<report>
				<misses>510600001</misses>
				<total>0</total>
				<timestamp>4944.460733</timestamp>
			</report>
			<report>
				<misses>510700001</misses>
				<total>0</total>
				<timestamp>4945.389063</timestamp>
			</report>
			<report>
				<misses>510800001</misses>
				<total>0</total>
				<timestamp>4946.319257</timestamp>
			</report>
			<report>
				<misses>510900001</misses>
				<total>0</total>
				<timestamp>4947.247619</timestamp>
			</report>
			<report>
				<misses>511000001</misses>
				<total>0</total>
				<timestamp>4948.176833</timestamp>
			</report>
			<report>
				<misses>511100001</misses>
				<total>0</total>
				<timestamp>4949.106365</timestamp>
			</report>
			<report>
				<misses>511200001</misses>
				<total>0</total>
				<timestamp>4950.037369</timestamp>
			</report>
			<report>
				<misses>511300001</misses>
				<total>0</total>
				<timestamp>4950.967337</timestamp>
			</report>
			<report>
				<misses>511400001</misses>
				<total>0</total>
				<timestamp>4951.895048</timestamp>
			</report>
			<report>
				<misses>511500001</misses>
				<total>0</total>
				<timestamp>4952.822605</timestamp>
			</report>
			<report>
				<misses>511600001</misses>
				<total>0</total>
				<timestamp>4953.753239</timestamp>
			</report>
			<report>
				<misses>511700001</misses>
				<total>0</total>
				<timestamp>4954.682866</timestamp>
			</report>
			<report>
				<misses>511800001</misses>
				<total>0</total>
				<timestamp>4955.613011</timestamp>
			</report>
			<report>
				<misses>511900001</misses>
				<total>0</total>
				<timestamp>4956.542582</timestamp>
			</report>
			<report>
				<misses>512000001</misses>
				<total>0</total>
				<timestamp>4957.471996</timestamp>
			</report>
			<report>
				<misses>512100001</misses>
				<total>0</total>
				<timestamp>4958.403187</timestamp>
			</report>
			<report>
				<misses>512200001</misses>
				<total>0</total>
				<timestamp>4959.333171</timestamp>
			</report>
			<report>
				<misses>512300001</misses>
				<total>0</total>
				<timestamp>4960.264355</timestamp>
			</report>
			<report>
				<misses>512400001</misses>
				<total>0</total>
				<timestamp>4961.186829</timestamp>
			</report>
			<report>
				<misses>512500001</misses>
				<total>0</total>
				<timestamp>4962.112958</timestamp>
			</report>
			<report>
				<misses>512600001</misses>
				<total>0</total>
				<timestamp>4963.046443</timestamp>
			</report>
			<report>
				<misses>512700001</misses>
				<total>0</total>
				<timestamp>4963.981370</timestamp>
			</report>
			<report>
				<misses>512800001</misses>
				<total>0</total>
				<timestamp>4964.915316</timestamp>
			</report>
			<report>
				<misses>512900001</misses>
				<total>0</total>
				<timestamp>4965.847057</timestamp>
			</report>
			<report>
				<misses>513000001</misses>
				<total>0</total>
				<timestamp>4966.780094</timestamp>
			</report>
			<report>
				<misses>513100001</misses>
				<total>0</total>
				<timestamp>4967.712542</timestamp>
			</report>
			<report>
				<misses>513200001</misses>
				<total>0</total>
				<timestamp>4968.645471</timestamp>
			</report>
			<report>
				<misses>513300001</misses>
				<total>0</total>
				<timestamp>4969.576789</timestamp>
			</report>
			<report>
				<misses>513400001</misses>
				<total>0</total>
				<timestamp>4970.507598</timestamp>
			</report>
			<report>
				<misses>513500001</misses>
				<total>0</total>
				<timestamp>4971.440555</timestamp>
			</report>
			<report>
				<misses>513600001</misses>
				<total>0</total>
				<timestamp>4972.371486</timestamp>
			</report>
			<report>
				<misses>513700001</misses>
				<total>0</total>
				<timestamp>4973.304303</timestamp>
			</report>
			<report>
				<misses>513800001</misses>
				<total>0</total>
				<timestamp>4974.234862</timestamp>
			</report>
			<report>
				<misses>513900001</misses>
				<total>0</total>
				<timestamp>4975.162785</timestamp>
			</report>
			<report>
				<misses>514000001</misses>
				<total>0</total>
				<timestamp>4976.091170</timestamp>
			</report>
			<report>
				<misses>514100001</misses>
				<total>0</total>
				<timestamp>4977.020996</timestamp>
			</report>
			<report>
				<misses>514200001</misses>
				<total>0</total>
				<timestamp>4977.952041</timestamp>
			</report>
			<report>
				<misses>514300001</misses>
				<total>0</total>
				<timestamp>4978.883043</timestamp>
			</report>
			<report>
				<misses>514400001</misses>
				<total>0</total>
				<timestamp>4979.814306</timestamp>
			</report>
			<report>
				<misses>514500001</misses>
				<total>0</total>
				<timestamp>4980.743514</timestamp>
			</report>
			<report>
				<misses>514600001</misses>
				<total>0</total>
				<timestamp>4981.674963</timestamp>
			</report>
			<report>
				<misses>514700001</misses>
				<total>0</total>
				<timestamp>4982.605960</timestamp>
			</report>
			<report>
				<misses>514800001</misses>
				<total>0</total>
				<timestamp>4983.536802</timestamp>
			</report>
			<report>
				<misses>514900001</misses>
				<total>0</total>
				<timestamp>4984.465397</timestamp>
			</report>
			<report>
				<misses>515000001</misses>
				<total>0</total>
				<timestamp>4985.396985</timestamp>
			</report>
			<report>
				<misses>515100001</misses>
				<total>0</total>
				<timestamp>4986.327544</timestamp>
			</report>
			<report>
				<misses>515200001</misses>
				<total>0</total>
				<timestamp>4987.261407</timestamp>
			</report>
			<report>
				<misses>515300001</misses>
				<total>0</total>
				<timestamp>4988.192982</timestamp>
			</report>
			<report>
				<misses>515400001</misses>
				<total>0</total>
				<timestamp>4989.124571</timestamp>
			</report>
			<report>
				<misses>515500001</misses>
				<total>0</total>
				<timestamp>4990.054316</timestamp>
			</report>
			<report>
				<misses>515600001</misses>
				<total>0</total>
				<timestamp>4990.986483</timestamp>
			</report>
			<report>
				<misses>515700001</misses>
				<total>0</total>
				<timestamp>4991.920347</timestamp>
			</report>
			<report>
				<misses>515800001</misses>
				<total>0</total>
				<timestamp>4992.851703</timestamp>
			</report>
			<report>
				<misses>515900001</misses>
				<total>0</total>
				<timestamp>4993.784234</timestamp>
			</report>
			<report>
				<misses>516000001</misses>
				<total>0</total>
				<timestamp>4994.718459</timestamp>
			</report>
			<report>
				<misses>516100001</misses>
				<total>0</total>
				<timestamp>4995.652508</timestamp>
			</report>
			<report>
				<misses>516200001</misses>
				<total>0</total>
				<timestamp>4996.580940</timestamp>
			</report>
			<report>
				<misses>516300001</misses>
				<total>0</total>
				<timestamp>4997.511116</timestamp>
			</report>
			<report>
				<misses>516400001</misses>
				<total>0</total>
				<timestamp>4998.442455</timestamp>
			</report>
			<report>
				<misses>516500001</misses>
				<total>0</total>
				<timestamp>4999.373563</timestamp>
			</report>
			<report>
				<misses>516600001</misses>
				<total>0</total>
				<timestamp>5000.301939</timestamp>
			</report>
			<report>
				<misses>516700001</misses>
				<total>0</total>
				<timestamp>5001.232489</timestamp>
			</report>
			<report>
				<misses>516800001</misses>
				<total>0</total>
				<timestamp>5002.165269</timestamp>
			</report>
			<report>
				<misses>516900001</misses>
				<total>0</total>
				<timestamp>5003.094851</timestamp>
			</report>
			<report>
				<misses>517000001</misses>
				<total>0</total>
				<timestamp>5004.028475</timestamp>
			</report>
			<report>
				<misses>517100001</misses>
				<total>0</total>
				<timestamp>5004.958725</timestamp>
			</report>
			<report>
				<misses>517200001</misses>
				<total>0</total>
				<timestamp>5005.889497</timestamp>
			</report>
			<report>
				<misses>517300001</misses>
				<total>0</total>
				<timestamp>5006.819459</timestamp>
			</report>
			<report>
				<misses>517400001</misses>
				<total>0</total>
				<timestamp>5007.748285</timestamp>
			</report>
			<report>
				<misses>517500001</misses>
				<total>0</total>
				<timestamp>5008.678557</timestamp>
			</report>
			<report>
				<misses>517600001</misses>
				<total>0</total>
				<timestamp>5009.607798</timestamp>
			</report>
			<report>
				<misses>517700001</misses>
				<total>0</total>
				<timestamp>5010.540670</timestamp>
			</report>
			<report>
				<misses>517800001</misses>
				<total>0</total>
				<timestamp>5011.471833</timestamp>
			</report>
			<report>
				<misses>517900001</misses>
				<total>0</total>
				<timestamp>5012.402511</timestamp>
			</report>
			<report>
				<misses>518000001</misses>
				<total>0</total>
				<timestamp>5013.333483</timestamp>
			</report>
			<report>
				<misses>518100001</misses>
				<total>0</total>
				<timestamp>5014.263867</timestamp>
			</report>
			<report>
				<misses>518200001</misses>
				<total>0</total>
				<timestamp>5015.193628</timestamp>
			</report>
			<report>
				<misses>518300001</misses>
				<total>0</total>
				<timestamp>5016.125846</timestamp>
			</report>
			<report>
				<misses>518400001</misses>
				<total>0</total>
				<timestamp>5017.057767</timestamp>
			</report>
			<report>
				<misses>518500001</misses>
				<total>0</total>
				<timestamp>5017.987411</timestamp>
			</report>
			<report>
				<misses>518600001</misses>
				<total>0</total>
				<timestamp>5018.919684</timestamp>
			</report>
			<report>
				<misses>518700001</misses>
				<total>0</total>
				<timestamp>5019.853420</timestamp>
			</report>
			<report>
				<misses>518800001</misses>
				<total>0</total>
				<timestamp>5020.784694</timestamp>
			</report>
			<report>
				<misses>518900001</misses>
				<total>0</total>
				<timestamp>5021.714608</timestamp>
			</report>
			<report>
				<misses>519000001</misses>
				<total>0</total>
				<timestamp>5022.646733</timestamp>
			</report>
			<report>
				<misses>519100001</misses>
				<total>0</total>
				<timestamp>5023.577834</timestamp>
			</report>
			<report>
				<misses>519200001</misses>
				<total>0</total>
				<timestamp>5024.508256</timestamp>
			</report>
			<report>
				<misses>519300001</misses>
				<total>0</total>
				<timestamp>5025.438503</timestamp>
			</report>
			<report>
				<misses>519400001</misses>
				<total>0</total>
				<timestamp>5026.370189</timestamp>
			</report>
			<report>
				<misses>519500001</misses>
				<total>0</total>
				<timestamp>5027.299505</timestamp>
			</report>
			<report>
				<misses>519600001</misses>
				<total>0</total>
				<timestamp>5028.228634</timestamp>
			</report>
			<report>
				<misses>519700001</misses>
				<total>0</total>
				<timestamp>5029.159904</timestamp>
			</report>
			<report>
				<misses>519800001</misses>
				<total>0</total>
				<timestamp>5030.090268</timestamp>
			</report>
			<report>
				<misses>519900001</misses>
				<total>0</total>
				<timestamp>5031.020095</timestamp>
			</report>
			<report>
				<misses>520000001</misses>
				<total>0</total>
				<timestamp>5031.952585</timestamp>
			</report>
			<report>
				<misses>520100001</misses>
				<total>0</total>
				<timestamp>5032.883275</timestamp>
			</report>
			<report>
				<misses>520200001</misses>
				<total>0</total>
				<timestamp>5033.812938</timestamp>
			</report>
			<report>
				<misses>520300001</misses>
				<total>0</total>
				<timestamp>5034.741527</timestamp>
			</report>
			<report>
				<misses>520400001</misses>
				<total>0</total>
				<timestamp>5035.670842</timestamp>
			</report>
			<report>
				<misses>520500001</misses>
				<total>0</total>
				<timestamp>5036.604075</timestamp>
			</report>
			<report>
				<misses>520600001</misses>
				<total>0</total>
				<timestamp>5037.534245</timestamp>
			</report>
			<report>
				<misses>520700001</misses>
				<total>0</total>
				<timestamp>5038.467014</timestamp>
			</report>
			<report>
				<misses>520800001</misses>
				<total>0</total>
				<timestamp>5039.398558</timestamp>
			</report>
			<report>
				<misses>520900001</misses>
				<total>0</total>
				<timestamp>5040.328271</timestamp>
			</report>
			<report>
				<misses>521000001</misses>
				<total>0</total>
				<timestamp>5041.257435</timestamp>
			</report>
			<report>
				<misses>521100001</misses>
				<total>0</total>
				<timestamp>5042.188236</timestamp>
			</report>
			<report>
				<misses>521200001</misses>
				<total>0</total>
				<timestamp>5043.118258</timestamp>
			</report>
			<report>
				<misses>521300001</misses>
				<total>0</total>
				<timestamp>5044.045527</timestamp>
			</report>
			<report>
				<misses>521400001</misses>
				<total>0</total>
				<timestamp>5044.977443</timestamp>
			</report>
			<report>
				<misses>521500001</misses>
				<total>0</total>
				<timestamp>5045.898243</timestamp>
			</report>
			<report>
				<misses>521600001</misses>
				<total>0</total>
				<timestamp>5046.824407</timestamp>
			</report>
			<report>
				<misses>521700001</misses>
				<total>0</total>
				<timestamp>5047.757011</timestamp>
			</report>
			<report>
				<misses>521800001</misses>
				<total>0</total>
				<timestamp>5048.690316</timestamp>
			</report>
			<report>
				<misses>521900001</misses>
				<total>0</total>
				<timestamp>5049.622876</timestamp>
			</report>
			<report>
				<misses>522000001</misses>
				<total>0</total>
				<timestamp>5050.556576</timestamp>
			</report>
			<report>
				<misses>522100001</misses>
				<total>0</total>
				<timestamp>5051.488726</timestamp>
			</report>
			<report>
				<misses>522200001</misses>
				<total>0</total>
				<timestamp>5052.415368</timestamp>
			</report>
			<report>
				<misses>522300001</misses>
				<total>0</total>
				<timestamp>5053.346743</timestamp>
			</report>
			<report>
				<misses>522400001</misses>
				<total>0</total>
				<timestamp>5054.277942</timestamp>
			</report>
			<report>
				<misses>522500001</misses>
				<total>0</total>
				<timestamp>5055.208044</timestamp>
			</report>
			<report>
				<misses>522600001</misses>
				<total>0</total>
				<timestamp>5056.138183</timestamp>
			</report>
			<report>
				<misses>522700001</misses>
				<total>0</total>
				<timestamp>5057.067997</timestamp>
			</report>
			<report>
				<misses>522800001</misses>
				<total>0</total>
				<timestamp>5057.998256</timestamp>
			</report>
			<report>
				<misses>522900001</misses>
				<total>0</total>
				<timestamp>5058.930979</timestamp>
			</report>
			<report>
				<misses>523000001</misses>
				<total>0</total>
				<timestamp>5059.862578</timestamp>
			</report>
			<report>
				<misses>523100001</misses>
				<total>0</total>
				<timestamp>5060.795342</timestamp>
			</report>
			<report>
				<misses>523200001</misses>
				<total>0</total>
				<timestamp>5061.724931</timestamp>
			</report>
			<report>
				<misses>523300001</misses>
				<total>0</total>
				<timestamp>5062.648122</timestamp>
			</report>
			<report>
				<misses>523400001</misses>
				<total>0</total>
				<timestamp>5063.571564</timestamp>
			</report>
			<report>
				<misses>523500001</misses>
				<total>0</total>
				<timestamp>5064.501072</timestamp>
			</report>
			<report>
				<misses>523600001</misses>
				<total>0</total>
				<timestamp>5065.432799</timestamp>
			</report>
			<report>
				<misses>523700001</misses>
				<total>0</total>
				<timestamp>5066.363647</timestamp>
			</report>
			<report>
				<misses>523800001</misses>
				<total>0</total>
				<timestamp>5067.292969</timestamp>
			</report>
			<report>
				<misses>523900001</misses>
				<total>0</total>
				<timestamp>5068.222800</timestamp>
			</report>
			<report>
				<misses>524000001</misses>
				<total>0</total>
				<timestamp>5069.153808</timestamp>
			</report>
			<report>
				<misses>524100001</misses>
				<total>0</total>
				<timestamp>5070.080495</timestamp>
			</report>
			<report>
				<misses>524200001</misses>
				<total>0</total>
				<timestamp>5071.010878</timestamp>
			</report>
			<report>
				<misses>524300001</misses>
				<total>0</total>
				<timestamp>5071.931844</timestamp>
			</report>
			<report>
				<misses>524400001</misses>
				<total>0</total>
				<timestamp>5072.860896</timestamp>
			</report>
			<report>
				<misses>524500001</misses>
				<total>0</total>
				<timestamp>5073.792916</timestamp>
			</report>
			<report>
				<misses>524600001</misses>
				<total>0</total>
				<timestamp>5074.722707</timestamp>
			</report>
			<report>
				<misses>524700001</misses>
				<total>0</total>
				<timestamp>5075.656019</timestamp>
			</report>
			<report>
				<misses>524800001</misses>
				<total>0</total>
				<timestamp>5076.589078</timestamp>
			</report>
			<report>
				<misses>524900001</misses>
				<total>0</total>
				<timestamp>5077.522849</timestamp>
			</report>
			<report>
				<misses>525000001</misses>
				<total>0</total>
				<timestamp>5078.455725</timestamp>
			</report>
			<report>
				<misses>525100001</misses>
				<total>0</total>
				<timestamp>5079.385046</timestamp>
			</report>
			<report>
				<misses>525200001</misses>
				<total>0</total>
				<timestamp>5080.317133</timestamp>
			</report>
			<report>
				<misses>525300001</misses>
				<total>0</total>
				<timestamp>5081.246222</timestamp>
			</report>
			<report>
				<misses>525400001</misses>
				<total>0</total>
				<timestamp>5082.174815</timestamp>
			</report>
			<report>
				<misses>525500001</misses>
				<total>0</total>
				<timestamp>5083.105591</timestamp>
			</report>
			<report>
				<misses>525600001</misses>
				<total>0</total>
				<timestamp>5084.033895</timestamp>
			</report>
			<report>
				<misses>525700001</misses>
				<total>0</total>
				<timestamp>5084.964986</timestamp>
			</report>
			<report>
				<misses>525800001</misses>
				<total>0</total>
				<timestamp>5085.894867</timestamp>
			</report>
			<report>
				<misses>525900001</misses>
				<total>0</total>
				<timestamp>5086.826617</timestamp>
			</report>
			<report>
				<misses>526000001</misses>
				<total>0</total>
				<timestamp>5087.756624</timestamp>
			</report>
			<report>
				<misses>526100001</misses>
				<total>0</total>
				<timestamp>5088.687535</timestamp>
			</report>
			<report>
				<misses>526200001</misses>
				<total>0</total>
				<timestamp>5089.618473</timestamp>
			</report>
			<report>
				<misses>526300001</misses>
				<total>0</total>
				<timestamp>5090.549987</timestamp>
			</report>
			<report>
				<misses>526400001</misses>
				<total>0</total>
				<timestamp>5091.479101</timestamp>
			</report>
			<report>
				<misses>526500001</misses>
				<total>0</total>
				<timestamp>5092.410145</timestamp>
			</report>
			<report>
				<misses>526600001</misses>
				<total>0</total>
				<timestamp>5093.341761</timestamp>
			</report>
			<report>
				<misses>526700001</misses>
				<total>0</total>
				<timestamp>5094.272815</timestamp>
			</report>
			<report>
				<misses>526800001</misses>
				<total>0</total>
				<timestamp>5095.204555</timestamp>
			</report>
			<report>
				<misses>526900001</misses>
				<total>0</total>
				<timestamp>5096.133066</timestamp>
			</report>
			<report>
				<misses>527000001</misses>
				<total>0</total>
				<timestamp>5097.059450</timestamp>
			</report>
			<report>
				<misses>527100001</misses>
				<total>0</total>
				<timestamp>5097.989697</timestamp>
			</report>
			<report>
				<misses>527200001</misses>
				<total>0</total>
				<timestamp>5098.919430</timestamp>
			</report>
			<report>
				<misses>527300001</misses>
				<total>0</total>
				<timestamp>5099.849093</timestamp>
			</report>
			<report>
				<misses>527400001</misses>
				<total>0</total>
				<timestamp>5100.781991</timestamp>
			</report>
			<report>
				<misses>527500001</misses>
				<total>0</total>
				<timestamp>5101.714777</timestamp>
			</report>
			<report>
				<misses>527600001</misses>
				<total>0</total>
				<timestamp>5102.646251</timestamp>
			</report>
			<report>
				<misses>527700001</misses>
				<total>0</total>
				<timestamp>5103.578049</timestamp>
			</report>
			<report>
				<misses>527800001</misses>
				<total>0</total>
				<timestamp>5104.509864</timestamp>
			</report>
			<report>
				<misses>527900001</misses>
				<total>0</total>
				<timestamp>5105.442508</timestamp>
			</report>
			<report>
				<misses>528000001</misses>
				<total>0</total>
				<timestamp>5106.376186</timestamp>
			</report>
			<report>
				<misses>528100001</misses>
				<total>0</total>
				<timestamp>5107.311622</timestamp>
			</report>
			<report>
				<misses>528200001</misses>
				<total>0</total>
				<timestamp>5108.242385</timestamp>
			</report>
			<report>
				<misses>528300001</misses>
				<total>0</total>
				<timestamp>5109.174693</timestamp>
			</report>
			<report>
				<misses>528400001</misses>
				<total>0</total>
				<timestamp>5110.105382</timestamp>
			</report>
			<report>
				<misses>528500001</misses>
				<total>0</total>
				<timestamp>5111.033754</timestamp>
			</report>
			<report>
				<misses>528600001</misses>
				<total>0</total>
				<timestamp>5111.963323</timestamp>
			</report>
			<report>
				<misses>528700001</misses>
				<total>0</total>
				<timestamp>5112.894025</timestamp>
			</report>
			<report>
				<misses>528800001</misses>
				<total>0</total>
				<timestamp>5113.825442</timestamp>
			</report>
			<report>
				<misses>528900001</misses>
				<total>0</total>
				<timestamp>5114.758015</timestamp>
			</report>
			<report>
				<misses>529000001</misses>
				<total>0</total>
				<timestamp>5115.686881</timestamp>
			</report>
			<report>
				<misses>529100001</misses>
				<total>0</total>
				<timestamp>5116.618423</timestamp>
			</report>
			<report>
				<misses>529200001</misses>
				<total>0</total>
				<timestamp>5117.548607</timestamp>
			</report>
			<report>
				<misses>529300001</misses>
				<total>0</total>
				<timestamp>5118.478163</timestamp>
			</report>
			<report>
				<misses>529400001</misses>
				<total>0</total>
				<timestamp>5119.408760</timestamp>
			</report>
			<report>
				<misses>529500001</misses>
				<total>0</total>
				<timestamp>5120.338133</timestamp>
			</report>
			<report>
				<misses>529600001</misses>
				<total>0</total>
				<timestamp>5121.268326</timestamp>
			</report>
			<report>
				<misses>529700001</misses>
				<total>0</total>
				<timestamp>5122.199876</timestamp>
			</report>
			<report>
				<misses>529800001</misses>
				<total>0</total>
				<timestamp>5123.129029</timestamp>
			</report>
			<report>
				<misses>529900001</misses>
				<total>0</total>
				<timestamp>5124.060090</timestamp>
			</report>
			<report>
				<misses>530000001</misses>
				<total>0</total>
				<timestamp>5124.990824</timestamp>
			</report>
			<report>
				<misses>530100001</misses>
				<total>0</total>
				<timestamp>5125.920684</timestamp>
			</report>
			<report>
				<misses>530200001</misses>
				<total>0</total>
				<timestamp>5126.851367</timestamp>
			</report>
			<report>
				<misses>530300001</misses>
				<total>0</total>
				<timestamp>5127.781932</timestamp>
			</report>
			<report>
				<misses>530400001</misses>
				<total>0</total>
				<timestamp>5128.718114</timestamp>
			</report>
			<report>
				<misses>530500001</misses>
				<total>0</total>
				<timestamp>5129.702522</timestamp>
			</report>
			<report>
				<misses>530600001</misses>
				<total>0</total>
				<timestamp>5130.686641</timestamp>
			</report>
			<report>
				<misses>530700001</misses>
				<total>0</total>
				<timestamp>5131.670326</timestamp>
			</report>
			<report>
				<misses>530800001</misses>
				<total>0</total>
				<timestamp>5132.654422</timestamp>
			</report>
			<report>
				<misses>530900001</misses>
				<total>0</total>
				<timestamp>5133.638397</timestamp>
			</report>
			<report>
				<misses>531000001</misses>
				<total>0</total>
				<timestamp>5134.621912</timestamp>
			</report>
			<report>
				<misses>531100001</misses>
				<total>0</total>
				<timestamp>5135.605310</timestamp>
			</report>
			<report>
				<misses>531200001</misses>
				<total>0</total>
				<timestamp>5136.589045</timestamp>
			</report>
			<report>
				<misses>531300001</misses>
				<total>0</total>
				<timestamp>5137.572199</timestamp>
			</report>
			<report>
				<misses>531400001</misses>
				<total>0</total>
				<timestamp>5138.555759</timestamp>
			</report>
			<report>
				<misses>531500001</misses>
				<total>0</total>
				<timestamp>5139.503346</timestamp>
			</report>
			<report>
				<misses>531600001</misses>
				<total>0</total>
				<timestamp>5140.474418</timestamp>
			</report>
			<report>
				<misses>531700001</misses>
				<total>0</total>
				<timestamp>5141.447755</timestamp>
			</report>
			<report>
				<misses>531800001</misses>
				<total>0</total>
				<timestamp>5142.421356</timestamp>
			</report>
			<report>
				<misses>531900001</misses>
				<total>0</total>
				<timestamp>5143.395153</timestamp>
			</report>
			<report>
				<misses>532000001</misses>
				<total>0</total>
				<timestamp>5144.368634</timestamp>
			</report>
			<report>
				<misses>532100001</misses>
				<total>0</total>
				<timestamp>5145.342650</timestamp>
			</report>
			<report>
				<misses>532200001</misses>
				<total>0</total>
				<timestamp>5146.322745</timestamp>
			</report>
			<report>
				<misses>532300001</misses>
				<total>0</total>
				<timestamp>5147.313465</timestamp>
			</report>
			<report>
				<misses>532400001</misses>
				<total>0</total>
				<timestamp>5148.300055</timestamp>
			</report>
			<report>
				<misses>532500001</misses>
				<total>0</total>
				<timestamp>5149.290434</timestamp>
			</report>
			<report>
				<misses>532600001</misses>
				<total>0</total>
				<timestamp>5150.280863</timestamp>
			</report>
			<report>
				<misses>532700001</misses>
				<total>0</total>
				<timestamp>5151.271212</timestamp>
			</report>
			<report>
				<misses>532800001</misses>
				<total>0</total>
				<timestamp>5152.261614</timestamp>
			</report>
			<report>
				<misses>532900001</misses>
				<total>0</total>
				<timestamp>5153.252159</timestamp>
			</report>
			<report>
				<misses>533000001</misses>
				<total>0</total>
				<timestamp>5154.242161</timestamp>
			</report>
			<report>
				<misses>533100001</misses>
				<total>0</total>
				<timestamp>5155.232261</timestamp>
			</report>
			<report>
				<misses>533200001</misses>
				<total>0</total>
				<timestamp>5156.222374</timestamp>
			</report>
			<report>
				<misses>533300001</misses>
				<total>0</total>
				<timestamp>5157.212113</timestamp>
			</report>
			<report>
				<misses>533400001</misses>
				<total>0</total>
				<timestamp>5158.202768</timestamp>
			</report>
			<report>
				<misses>533500001</misses>
				<total>0</total>
				<timestamp>5159.193401</timestamp>
			</report>
			<report>
				<misses>533600001</misses>
				<total>0</total>
				<timestamp>5160.184216</timestamp>
			</report>
			<report>
				<misses>533700001</misses>
				<total>0</total>
				<timestamp>5161.174777</timestamp>
			</report>
			<report>
				<misses>533800001</misses>
				<total>0</total>
				<timestamp>5162.165516</timestamp>
			</report>
			<report>
				<misses>533900001</misses>
				<total>0</total>
				<timestamp>5163.156350</timestamp>
			</report>
			<report>
				<misses>534000001</misses>
				<total>0</total>
				<timestamp>5164.081100</timestamp>
			</report>
			<report>
				<misses>534100001</misses>
				<total>0</total>
				<timestamp>5164.990550</timestamp>
			</report>
			<report>
				<misses>534200001</misses>
				<total>0</total>
				<timestamp>5165.895430</timestamp>
			</report>
			<report>
				<misses>534300001</misses>
				<total>0</total>
				<timestamp>5166.801855</timestamp>
			</report>
			<report>
				<misses>534400001</misses>
				<total>0</total>
				<timestamp>5167.703631</timestamp>
			</report>
			<report>
				<misses>534500001</misses>
				<total>0</total>
				<timestamp>5168.605709</timestamp>
			</report>
			<report>
				<misses>534600001</misses>
				<total>0</total>
				<timestamp>5169.511734</timestamp>
			</report>
			<report>
				<misses>534700001</misses>
				<total>0</total>
				<timestamp>5170.421151</timestamp>
			</report>
			<report>
				<misses>534800001</misses>
				<total>0</total>
				<timestamp>5171.332597</timestamp>
			</report>
			<report>
				<misses>534900001</misses>
				<total>0</total>
				<timestamp>5172.243208</timestamp>
			</report>
			<report>
				<misses>535000001</misses>
				<total>0</total>
				<timestamp>5173.152489</timestamp>
			</report>
			<report>
				<misses>535100001</misses>
				<total>0</total>
				<timestamp>5174.060697</timestamp>
			</report>
			<report>
				<misses>535200001</misses>
				<total>0</total>
				<timestamp>5174.970433</timestamp>
			</report>
			<report>
				<misses>535300001</misses>
				<total>0</total>
				<timestamp>5175.881717</timestamp>
			</report>
			<report>
				<misses>535400001</misses>
				<total>0</total>
				<timestamp>5176.790008</timestamp>
			</report>
			<report>
				<misses>535500001</misses>
				<total>0</total>
				<timestamp>5177.700340</timestamp>
			</report>
			<report>
				<misses>535600001</misses>
				<total>0</total>
				<timestamp>5178.610289</timestamp>
			</report>
			<report>
				<misses>535700001</misses>
				<total>0</total>
				<timestamp>5179.522359</timestamp>
			</report>
			<report>
				<misses>535800001</misses>
				<total>0</total>
				<timestamp>5180.431129</timestamp>
			</report>
			<report>
				<misses>535900001</misses>
				<total>0</total>
				<timestamp>5181.339651</timestamp>
			</report>
			<report>
				<misses>536000001</misses>
				<total>0</total>
				<timestamp>5182.245006</timestamp>
			</report>
			<report>
				<misses>536100001</misses>
				<total>0</total>
				<timestamp>5183.147892</timestamp>
			</report>
			<report>
				<misses>536200001</misses>
				<total>0</total>
				<timestamp>5184.052359</timestamp>
			</report>
			<report>
				<misses>536300001</misses>
				<total>0</total>
				<timestamp>5184.962831</timestamp>
			</report>
			<report>
				<misses>536400001</misses>
				<total>0</total>
				<timestamp>5185.876161</timestamp>
			</report>
			<report>
				<misses>536500001</misses>
				<total>0</total>
				<timestamp>5186.790233</timestamp>
			</report>
			<report>
				<misses>536600001</misses>
				<total>0</total>
				<timestamp>5187.701614</timestamp>
			</report>
			<report>
				<misses>536700001</misses>
				<total>0</total>
				<timestamp>5188.613884</timestamp>
			</report>
			<report>
				<misses>536800001</misses>
				<total>0</total>
				<timestamp>5189.522595</timestamp>
			</report>
			<report>
				<misses>536900001</misses>
				<total>0</total>
				<timestamp>5190.429568</timestamp>
			</report>
			<report>
				<misses>537000001</misses>
				<total>0</total>
				<timestamp>5191.340556</timestamp>
			</report>
			<report>
				<misses>537100001</misses>
				<total>0</total>
				<timestamp>5192.248495</timestamp>
			</report>
			<report>
				<misses>537200001</misses>
				<total>0</total>
				<timestamp>5193.158802</timestamp>
			</report>
			<report>
				<misses>537300001</misses>
				<total>0</total>
				<timestamp>5194.066331</timestamp>
			</report>
			<report>
				<misses>537400001</misses>
				<total>0</total>
				<timestamp>5194.972287</timestamp>
			</report>
			<report>
				<misses>537500001</misses>
				<total>0</total>
				<timestamp>5195.882246</timestamp>
			</report>
			<report>
				<misses>537600001</misses>
				<total>0</total>
				<timestamp>5196.785035</timestamp>
			</report>
			<report>
				<misses>537700001</misses>
				<total>0</total>
				<timestamp>5197.694123</timestamp>
			</report>
			<report>
				<misses>537800001</misses>
				<total>0</total>
				<timestamp>5198.602574</timestamp>
			</report>
			<report>
				<misses>537900001</misses>
				<total>0</total>
				<timestamp>5199.509920</timestamp>
			</report>
			<report>
				<misses>538000001</misses>
				<total>0</total>
				<timestamp>5200.420522</timestamp>
			</report>
			<report>
				<misses>538100001</misses>
				<total>0</total>
				<timestamp>5201.328305</timestamp>
			</report>
			<report>
				<misses>538200001</misses>
				<total>0</total>
				<timestamp>5202.237861</timestamp>
			</report>
			<report>
				<misses>538300001</misses>
				<total>0</total>
				<timestamp>5203.151150</timestamp>
			</report>
			<report>
				<misses>538400001</misses>
				<total>0</total>
				<timestamp>5204.060625</timestamp>
			</report>
			<report>
				<misses>538500001</misses>
				<total>0</total>
				<timestamp>5204.969642</timestamp>
			</report>
			<report>
				<misses>538600001</misses>
				<total>0</total>
				<timestamp>5205.881218</timestamp>
			</report>
			<report>
				<misses>538700001</misses>
				<total>0</total>
				<timestamp>5206.789818</timestamp>
			</report>
			<report>
				<misses>538800001</misses>
				<total>0</total>
				<timestamp>5207.701530</timestamp>
			</report>
			<report>
				<misses>538900001</misses>
				<total>0</total>
				<timestamp>5208.613045</timestamp>
			</report>
			<report>
				<misses>539000001</misses>
				<total>0</total>
				<timestamp>5209.521754</timestamp>
			</report>
			<report>
				<misses>539100001</misses>
				<total>0</total>
				<timestamp>5210.423379</timestamp>
			</report>
			<report>
				<misses>539200001</misses>
				<total>0</total>
				<timestamp>5211.327001</timestamp>
			</report>
			<report>
				<misses>539300001</misses>
				<total>0</total>
				<timestamp>5212.234150</timestamp>
			</report>
			<report>
				<misses>539400001</misses>
				<total>0</total>
				<timestamp>5213.134298</timestamp>
			</report>
			<report>
				<misses>539500001</misses>
				<total>0</total>
				<timestamp>5214.036794</timestamp>
			</report>
			<report>
				<misses>539600001</misses>
				<total>0</total>
				<timestamp>5214.938662</timestamp>
			</report>
			<report>
				<misses>539700001</misses>
				<total>0</total>
				<timestamp>5215.841269</timestamp>
			</report>
			<report>
				<misses>539800001</misses>
				<total>0</total>
				<timestamp>5216.745839</timestamp>
			</report>
			<report>
				<misses>539900001</misses>
				<total>0</total>
				<timestamp>5217.648611</timestamp>
			</report>
			<report>
				<misses>540000001</misses>
				<total>0</total>
				<timestamp>5218.551703</timestamp>
			</report>
			<report>
				<misses>540100001</misses>
				<total>0</total>
				<timestamp>5219.463777</timestamp>
			</report>
			<report>
				<misses>540200001</misses>
				<total>0</total>
				<timestamp>5220.415221</timestamp>
			</report>
			<report>
				<misses>540300001</misses>
				<total>0</total>
				<timestamp>5221.390344</timestamp>
			</report>
			<report>
				<misses>540400001</misses>
				<total>0</total>
				<timestamp>5222.365527</timestamp>
			</report>
			<report>
				<misses>540500001</misses>
				<total>0</total>
				<timestamp>5223.346982</timestamp>
			</report>
			<report>
				<misses>540600001</misses>
				<total>0</total>
				<timestamp>5224.335243</timestamp>
			</report>
			<report>
				<misses>540700001</misses>
				<total>0</total>
				<timestamp>5225.323892</timestamp>
			</report>
			<report>
				<misses>540800001</misses>
				<total>0</total>
				<timestamp>5226.312355</timestamp>
			</report>
			<report>
				<misses>540900001</misses>
				<total>0</total>
				<timestamp>5227.300282</timestamp>
			</report>
			<report>
				<misses>541000001</misses>
				<total>0</total>
				<timestamp>5228.288089</timestamp>
			</report>
			<report>
				<misses>541100001</misses>
				<total>0</total>
				<timestamp>5229.276299</timestamp>
			</report>
			<report>
				<misses>541200001</misses>
				<total>0</total>
				<timestamp>5230.264842</timestamp>
			</report>
			<report>
				<misses>541300001</misses>
				<total>0</total>
				<timestamp>5231.252515</timestamp>
			</report>
			<report>
				<misses>541400001</misses>
				<total>0</total>
				<timestamp>5232.240388</timestamp>
			</report>
			<report>
				<misses>541500001</misses>
				<total>0</total>
				<timestamp>5233.229370</timestamp>
			</report>
			<report>
				<misses>541600001</misses>
				<total>0</total>
				<timestamp>5234.217071</timestamp>
			</report>
			<report>
				<misses>541700001</misses>
				<total>0</total>
				<timestamp>5235.205624</timestamp>
			</report>
			<report>
				<misses>541800001</misses>
				<total>0</total>
				<timestamp>5236.194209</timestamp>
			</report>
			<report>
				<misses>541900001</misses>
				<total>0</total>
				<timestamp>5237.182726</timestamp>
			</report>
			<report>
				<misses>542000001</misses>
				<total>0</total>
				<timestamp>5238.170398</timestamp>
			</report>
			<report>
				<misses>542100001</misses>
				<total>0</total>
				<timestamp>5239.158681</timestamp>
			</report>
			<report>
				<misses>542200001</misses>
				<total>0</total>
				<timestamp>5240.147276</timestamp>
			</report>
			<report>
				<misses>542300001</misses>
				<total>0</total>
				<timestamp>5241.135600</timestamp>
			</report>
			<report>
				<misses>542400001</misses>
				<total>0</total>
				<timestamp>5242.124162</timestamp>
			</report>
			<report>
				<misses>542500001</misses>
				<total>0</total>
				<timestamp>5243.112920</timestamp>
			</report>
			<report>
				<misses>542600001</misses>
				<total>0</total>
				<timestamp>5244.101326</timestamp>
			</report>
			<report>
				<misses>542700001</misses>
				<total>0</total>
				<timestamp>5245.089778</timestamp>
			</report>
			<report>
				<misses>542800001</misses>
				<total>0</total>
				<timestamp>5246.077790</timestamp>
			</report>
			<report>
				<misses>542900001</misses>
				<total>0</total>
				<timestamp>5247.065766</timestamp>
			</report>
			<report>
				<misses>543000001</misses>
				<total>0</total>
				<timestamp>5248.053277</timestamp>
			</report>
			<report>
				<misses>543100001</misses>
				<total>0</total>
				<timestamp>5249.041310</timestamp>
			</report>
			<report>
				<misses>543200001</misses>
				<total>0</total>
				<timestamp>5250.029883</timestamp>
			</report>
			<report>
				<misses>543300001</misses>
				<total>0</total>
				<timestamp>5251.017706</timestamp>
			</report>
			<report>
				<misses>543400001</misses>
				<total>0</total>
				<timestamp>5252.004760</timestamp>
			</report>
			<report>
				<misses>543500001</misses>
				<total>0</total>
				<timestamp>5252.987886</timestamp>
			</report>
			<report>
				<misses>543600001</misses>
				<total>0</total>
				<timestamp>5253.971560</timestamp>
			</report>
			<report>
				<misses>543700001</misses>
				<total>0</total>
				<timestamp>5254.955285</timestamp>
			</report>
			<report>
				<misses>543800001</misses>
				<total>0</total>
				<timestamp>5255.938964</timestamp>
			</report>
			<report>
				<misses>543900001</misses>
				<total>0</total>
				<timestamp>5256.923664</timestamp>
			</report>
			<report>
				<misses>544000001</misses>
				<total>0</total>
				<timestamp>5257.908215</timestamp>
			</report>
			<report>
				<misses>544100001</misses>
				<total>0</total>
				<timestamp>5258.892771</timestamp>
			</report>
			<report>
				<misses>544200001</misses>
				<total>0</total>
				<timestamp>5259.877120</timestamp>
			</report>
			<report>
				<misses>544300001</misses>
				<total>0</total>
				<timestamp>5260.861362</timestamp>
			</report>
			<report>
				<misses>544400001</misses>
				<total>0</total>
				<timestamp>5261.845864</timestamp>
			</report>
			<report>
				<misses>544500001</misses>
				<total>0</total>
				<timestamp>5262.830878</timestamp>
			</report>
			<report>
				<misses>544600001</misses>
				<total>0</total>
				<timestamp>5263.814956</timestamp>
			</report>
			<report>
				<misses>544700001</misses>
				<total>0</total>
				<timestamp>5264.799568</timestamp>
			</report>
			<report>
				<misses>544800001</misses>
				<total>0</total>
				<timestamp>5265.784555</timestamp>
			</report>
			<report>
				<misses>544900001</misses>
				<total>0</total>
				<timestamp>5266.768972</timestamp>
			</report>
			<report>
				<misses>545000001</misses>
				<total>0</total>
				<timestamp>5267.754263</timestamp>
			</report>
			<report>
				<misses>545100001</misses>
				<total>0</total>
				<timestamp>5268.739136</timestamp>
			</report>
			<report>
				<misses>545200001</misses>
				<total>0</total>
				<timestamp>5269.724174</timestamp>
			</report>
			<report>
				<misses>545300001</misses>
				<total>0</total>
				<timestamp>5270.709169</timestamp>
			</report>
			<report>
				<misses>545400001</misses>
				<total>0</total>
				<timestamp>5271.693853</timestamp>
			</report>
			<report>
				<misses>545500001</misses>
				<total>0</total>
				<timestamp>5272.678358</timestamp>
			</report>
			<report>
				<misses>545600001</misses>
				<total>0</total>
				<timestamp>5273.662616</timestamp>
			</report>
			<report>
				<misses>545700001</misses>
				<total>0</total>
				<timestamp>5274.647537</timestamp>
			</report>
			<report>
				<misses>545800001</misses>
				<total>0</total>
				<timestamp>5275.631813</timestamp>
			</report>
			<report>
				<misses>545900001</misses>
				<total>0</total>
				<timestamp>5276.616005</timestamp>
			</report>
			<report>
				<misses>546000001</misses>
				<total>0</total>
				<timestamp>5277.601050</timestamp>
			</report>
			<report>
				<misses>546100001</misses>
				<total>0</total>
				<timestamp>5278.586003</timestamp>
			</report>
			<report>
				<misses>546200001</misses>
				<total>0</total>
				<timestamp>5279.570854</timestamp>
			</report>
			<report>
				<misses>546300001</misses>
				<total>0</total>
				<timestamp>5280.555075</timestamp>
			</report>
			<report>
				<misses>546400001</misses>
				<total>0</total>
				<timestamp>5281.539551</timestamp>
			</report>
			<report>
				<misses>546500001</misses>
				<total>0</total>
				<timestamp>5282.523977</timestamp>
			</report>
			<report>
				<misses>546600001</misses>
				<total>0</total>
				<timestamp>5283.508206</timestamp>
			</report>
			<report>
				<misses>546700001</misses>
				<total>0</total>
				<timestamp>5284.492589</timestamp>
			</report>
			<report>
				<misses>546800001</misses>
				<total>0</total>
				<timestamp>5285.476905</timestamp>
			</report>
			<report>
				<misses>546900001</misses>
				<total>0</total>
				<timestamp>5286.461302</timestamp>
			</report>
			<report>
				<misses>547000001</misses>
				<total>0</total>
				<timestamp>5287.445467</timestamp>
			</report>
			<report>
				<misses>547100001</misses>
				<total>0</total>
				<timestamp>5288.429361</timestamp>
			</report>
			<report>
				<misses>547200001</misses>
				<total>0</total>
				<timestamp>5289.413001</timestamp>
			</report>
			<report>
				<misses>547300001</misses>
				<total>0</total>
				<timestamp>5290.397216</timestamp>
			</report>
			<report>
				<misses>547400001</misses>
				<total>0</total>
				<timestamp>5291.381534</timestamp>
			</report>
			<report>
				<misses>547500001</misses>
				<total>0</total>
				<timestamp>5292.366127</timestamp>
			</report>
			<report>
				<misses>547600001</misses>
				<total>0</total>
				<timestamp>5293.350544</timestamp>
			</report>
			<report>
				<misses>547700001</misses>
				<total>0</total>
				<timestamp>5294.334632</timestamp>
			</report>
			<report>
				<misses>547800001</misses>
				<total>0</total>
				<timestamp>5295.318765</timestamp>
			</report>
			<report>
				<misses>547900001</misses>
				<total>0</total>
				<timestamp>5296.303036</timestamp>
			</report>
			<report>
				<misses>548000001</misses>
				<total>0</total>
				<timestamp>5297.287478</timestamp>
			</report>
			<report>
				<misses>548100001</misses>
				<total>0</total>
				<timestamp>5298.271876</timestamp>
			</report>
			<report>
				<misses>548200001</misses>
				<total>0</total>
				<timestamp>5299.255937</timestamp>
			</report>
			<report>
				<misses>548300001</misses>
				<total>0</total>
				<timestamp>5300.240128</timestamp>
			</report>
			<report>
				<misses>548400001</misses>
				<total>0</total>
				<timestamp>5301.224035</timestamp>
			</report>
			<report>
				<misses>548500001</misses>
				<total>0</total>
				<timestamp>5302.208351</timestamp>
			</report>
			<report>
				<misses>548600001</misses>
				<total>0</total>
				<timestamp>5303.192295</timestamp>
			</report>
			<report>
				<misses>548700001</misses>
				<total>0</total>
				<timestamp>5304.176733</timestamp>
			</report>
			<report>
				<misses>548800001</misses>
				<total>0</total>
				<timestamp>5305.160975</timestamp>
			</report>
			<report>
				<misses>548900001</misses>
				<total>0</total>
				<timestamp>5306.145257</timestamp>
			</report>
			<report>
				<misses>549000001</misses>
				<total>0</total>
				<timestamp>5307.129131</timestamp>
			</report>
			<report>
				<misses>549100001</misses>
				<total>0</total>
				<timestamp>5308.113504</timestamp>
			</report>
			<report>
				<misses>549200001</misses>
				<total>0</total>
				<timestamp>5309.097988</timestamp>
			</report>
			<report>
				<misses>549300001</misses>
				<total>0</total>
				<timestamp>5310.081752</timestamp>
			</report>
			<report>
				<misses>549400001</misses>
				<total>0</total>
				<timestamp>5311.065916</timestamp>
			</report>
			<report>
				<misses>549500001</misses>
				<total>0</total>
				<timestamp>5312.050213</timestamp>
			</report>
			<report>
				<misses>549600001</misses>
				<total>0</total>
				<timestamp>5313.041048</timestamp>
			</report>
			<report>
				<misses>549700001</misses>
				<total>0</total>
				<timestamp>5314.031150</timestamp>
			</report>
			<report>
				<misses>549800001</misses>
				<total>0</total>
				<timestamp>5315.021720</timestamp>
			</report>
			<report>
				<misses>549900001</misses>
				<total>0</total>
				<timestamp>5316.012563</timestamp>
			</report>
			<report>
				<misses>550000001</misses>
				<total>0</total>
				<timestamp>5317.001884</timestamp>
			</report>
			<report>
				<misses>550100001</misses>
				<total>0</total>
				<timestamp>5317.994147</timestamp>
			</report>
			<report>
				<misses>550200001</misses>
				<total>0</total>
				<timestamp>5318.987391</timestamp>
			</report>
			<report>
				<misses>550300001</misses>
				<total>0</total>
				<timestamp>5319.978603</timestamp>
			</report>
			<report>
				<misses>550400001</misses>
				<total>0</total>
				<timestamp>5320.968565</timestamp>
			</report>
			<report>
				<misses>550500001</misses>
				<total>0</total>
				<timestamp>5321.956116</timestamp>
			</report>
			<report>
				<misses>550600001</misses>
				<total>0</total>
				<timestamp>5322.902810</timestamp>
			</report>
			<report>
				<misses>550700001</misses>
				<total>0</total>
				<timestamp>5323.831594</timestamp>
			</report>
			<report>
				<misses>550800001</misses>
				<total>0</total>
				<timestamp>5324.759450</timestamp>
			</report>
			<report>
				<misses>550900001</misses>
				<total>0</total>
				<timestamp>5325.689487</timestamp>
			</report>
			<report>
				<misses>551000001</misses>
				<total>0</total>
				<timestamp>5326.620860</timestamp>
			</report>
			<report>
				<misses>551100001</misses>
				<total>0</total>
				<timestamp>5327.554626</timestamp>
			</report>
			<report>
				<misses>551200001</misses>
				<total>0</total>
				<timestamp>5328.487497</timestamp>
			</report>
			<report>
				<misses>551300001</misses>
				<total>0</total>
				<timestamp>5329.417988</timestamp>
			</report>
			<report>
				<misses>551400001</misses>
				<total>0</total>
				<timestamp>5330.348978</timestamp>
			</report>
			<report>
				<misses>551500001</misses>
				<total>0</total>
				<timestamp>5331.279213</timestamp>
			</report>
			<report>
				<misses>551600001</misses>
				<total>0</total>
				<timestamp>5332.213832</timestamp>
			</report>
			<report>
				<misses>551700001</misses>
				<total>0</total>
				<timestamp>5333.145617</timestamp>
			</report>
			<report>
				<misses>551800001</misses>
				<total>0</total>
				<timestamp>5334.077696</timestamp>
			</report>
			<report>
				<misses>551900001</misses>
				<total>0</total>
				<timestamp>5335.008673</timestamp>
			</report>
			<report>
				<misses>552000001</misses>
				<total>0</total>
				<timestamp>5335.937876</timestamp>
			</report>
			<report>
				<misses>552100001</misses>
				<total>0</total>
				<timestamp>5336.870545</timestamp>
			</report>
			<report>
				<misses>552200001</misses>
				<total>0</total>
				<timestamp>5337.802209</timestamp>
			</report>
			<report>
				<misses>552300001</misses>
				<total>0</total>
				<timestamp>5338.733233</timestamp>
			</report>
			<report>
				<misses>552400001</misses>
				<total>0</total>
				<timestamp>5339.662581</timestamp>
			</report>
			<report>
				<misses>552500001</misses>
				<total>0</total>
				<timestamp>5340.594391</timestamp>
			</report>
			<report>
				<misses>552600001</misses>
				<total>0</total>
				<timestamp>5341.527165</timestamp>
			</report>
			<report>
				<misses>552700001</misses>
				<total>0</total>
				<timestamp>5342.455170</timestamp>
			</report>
			<report>
				<misses>552800001</misses>
				<total>0</total>
				<timestamp>5343.387345</timestamp>
			</report>
			<report>
				<misses>552900001</misses>
				<total>0</total>
				<timestamp>5344.321235</timestamp>
			</report>
			<report>
				<misses>553000001</misses>
				<total>0</total>
				<timestamp>5345.253904</timestamp>
			</report>
			<report>
				<misses>553100001</misses>
				<total>0</total>
				<timestamp>5346.186018</timestamp>
			</report>
			<report>
				<misses>553200001</misses>
				<total>0</total>
				<timestamp>5347.117003</timestamp>
			</report>
			<report>
				<misses>553300001</misses>
				<total>0</total>
				<timestamp>5348.047542</timestamp>
			</report>
			<report>
				<misses>553400001</misses>
				<total>0</total>
				<timestamp>5348.978894</timestamp>
			</report>
			<report>
				<misses>553500001</misses>
				<total>0</total>
				<timestamp>5349.908763</timestamp>
			</report>
			<report>
				<misses>553600001</misses>
				<total>0</total>
				<timestamp>5350.841207</timestamp>
			</report>
			<report>
				<misses>553700001</misses>
				<total>0</total>
				<timestamp>5351.816808</timestamp>
			</report>
			<report>
				<misses>553800001</misses>
				<total>0</total>
				<timestamp>5352.791741</timestamp>
			</report>
			<report>
				<misses>553900001</misses>
				<total>0</total>
				<timestamp>5353.764743</timestamp>
			</report>
			<report>
				<misses>554000001</misses>
				<total>0</total>
				<timestamp>5354.738250</timestamp>
			</report>
			<report>
				<misses>554100001</misses>
				<total>0</total>
				<timestamp>5355.711384</timestamp>
			</report>
			<report>
				<misses>554200001</misses>
				<total>0</total>
				<timestamp>5356.684513</timestamp>
			</report>
			<report>
				<misses>554300001</misses>
				<total>0</total>
				<timestamp>5357.657369</timestamp>
			</report>
			<report>
				<misses>554400001</misses>
				<total>0</total>
				<timestamp>5358.630318</timestamp>
			</report>
			<report>
				<misses>554500001</misses>
				<total>0</total>
				<timestamp>5359.603516</timestamp>
			</report>
			<report>
				<misses>554600001</misses>
				<total>0</total>
				<timestamp>5360.576571</timestamp>
			</report>
			<report>
				<misses>554700001</misses>
				<total>0</total>
				<timestamp>5361.559859</timestamp>
			</report>
			<report>
				<misses>554800001</misses>
				<total>0</total>
				<timestamp>5362.545908</timestamp>
			</report>
			<report>
				<misses>554900001</misses>
				<total>0</total>
				<timestamp>5363.531265</timestamp>
			</report>
			<report>
				<misses>555000001</misses>
				<total>0</total>
				<timestamp>5364.517129</timestamp>
			</report>
			<report>
				<misses>555100001</misses>
				<total>0</total>
				<timestamp>5365.502578</timestamp>
			</report>
			<report>
				<misses>555200001</misses>
				<total>0</total>
				<timestamp>5366.487923</timestamp>
			</report>
			<report>
				<misses>555300001</misses>
				<total>0</total>
				<timestamp>5367.474198</timestamp>
			</report>
			<report>
				<misses>555400001</misses>
				<total>0</total>
				<timestamp>5368.460423</timestamp>
			</report>
			<report>
				<misses>555500001</misses>
				<total>0</total>
				<timestamp>5369.445812</timestamp>
			</report>
			<report>
				<misses>555600001</misses>
				<total>0</total>
				<timestamp>5370.432228</timestamp>
			</report>
			<report>
				<misses>555700001</misses>
				<total>0</total>
				<timestamp>5371.418398</timestamp>
			</report>
			<report>
				<misses>555800001</misses>
				<total>0</total>
				<timestamp>5372.403382</timestamp>
			</report>
			<report>
				<misses>555900001</misses>
				<total>0</total>
				<timestamp>5373.388954</timestamp>
			</report>
			<report>
				<misses>556000001</misses>
				<total>0</total>
				<timestamp>5374.374630</timestamp>
			</report>
			<report>
				<misses>556100001</misses>
				<total>0</total>
				<timestamp>5375.360066</timestamp>
			</report>
			<report>
				<misses>556200001</misses>
				<total>0</total>
				<timestamp>5376.345300</timestamp>
			</report>
			<report>
				<misses>556300001</misses>
				<total>0</total>
				<timestamp>5377.330797</timestamp>
			</report>
			<report>
				<misses>556400001</misses>
				<total>0</total>
				<timestamp>5378.316074</timestamp>
			</report>
			<report>
				<misses>556500001</misses>
				<total>0</total>
				<timestamp>5379.301932</timestamp>
			</report>
			<report>
				<misses>556600001</misses>
				<total>0</total>
				<timestamp>5380.287590</timestamp>
			</report>
			<report>
				<misses>556700001</misses>
				<total>0</total>
				<timestamp>5381.272507</timestamp>
			</report>
			<report>
				<misses>556800001</misses>
				<total>0</total>
				<timestamp>5382.258372</timestamp>
			</report>
			<report>
				<misses>556900001</misses>
				<total>0</total>
				<timestamp>5383.243983</timestamp>
			</report>
			<report>
				<misses>557000001</misses>
				<total>0</total>
				<timestamp>5384.221141</timestamp>
			</report>
			<report>
				<misses>557100001</misses>
				<total>0</total>
				<timestamp>5385.195562</timestamp>
			</report>
			<report>
				<misses>557200001</misses>
				<total>0</total>
				<timestamp>5386.170139</timestamp>
			</report>
			<report>
				<misses>557300001</misses>
				<total>0</total>
				<timestamp>5387.144636</timestamp>
			</report>
			<report>
				<misses>557400001</misses>
				<total>0</total>
				<timestamp>5388.121545</timestamp>
			</report>
			<report>
				<misses>557500001</misses>
				<total>0</total>
				<timestamp>5389.109024</timestamp>
			</report>
			<report>
				<misses>557600001</misses>
				<total>0</total>
				<timestamp>5390.097173</timestamp>
			</report>
			<report>
				<misses>557700001</misses>
				<total>0</total>
				<timestamp>5391.084955</timestamp>
			</report>
			<report>
				<misses>557800001</misses>
				<total>0</total>
				<timestamp>5392.073151</timestamp>
			</report>
			<report>
				<misses>557900001</misses>
				<total>0</total>
				<timestamp>5393.060699</timestamp>
			</report>
			<report>
				<misses>558000001</misses>
				<total>0</total>
				<timestamp>5394.048638</timestamp>
			</report>
			<report>
				<misses>558100001</misses>
				<total>0</total>
				<timestamp>5395.036795</timestamp>
			</report>
			<report>
				<misses>558200001</misses>
				<total>0</total>
				<timestamp>5396.024650</timestamp>
			</report>
			<report>
				<misses>558300001</misses>
				<total>0</total>
				<timestamp>5397.011891</timestamp>
			</report>
			<report>
				<misses>558400001</misses>
				<total>0</total>
				<timestamp>5397.998900</timestamp>
			</report>
			<report>
				<misses>558500001</misses>
				<total>0</total>
				<timestamp>5398.983423</timestamp>
			</report>
			<report>
				<misses>558600001</misses>
				<total>0</total>
				<timestamp>5399.964087</timestamp>
			</report>
			<report>
				<misses>558700001</misses>
				<total>0</total>
				<timestamp>5400.945968</timestamp>
			</report>
			<report>
				<misses>558800001</misses>
				<total>0</total>
				<timestamp>5401.926919</timestamp>
			</report>
			<report>
				<misses>558900001</misses>
				<total>0</total>
				<timestamp>5402.908129</timestamp>
			</report>
			<report>
				<misses>559000001</misses>
				<total>0</total>
				<timestamp>5403.889799</timestamp>
			</report>
			<report>
				<misses>559100001</misses>
				<total>0</total>
				<timestamp>5404.877231</timestamp>
			</report>
			<report>
				<misses>559200001</misses>
				<total>0</total>
				<timestamp>5405.863285</timestamp>
			</report>
			<report>
				<misses>559300001</misses>
				<total>0</total>
				<timestamp>5406.848857</timestamp>
			</report>
			<report>
				<misses>559400001</misses>
				<total>0</total>
				<timestamp>5407.837201</timestamp>
			</report>
			<report>
				<misses>559500001</misses>
				<total>0</total>
				<timestamp>5408.823752</timestamp>
			</report>
			<report>
				<misses>559600001</misses>
				<total>0</total>
				<timestamp>5409.809650</timestamp>
			</report>
			<report>
				<misses>559700001</misses>
				<total>0</total>
				<timestamp>5410.794568</timestamp>
			</report>
			<report>
				<misses>559800001</misses>
				<total>0</total>
				<timestamp>5411.778938</timestamp>
			</report>
			<report>
				<misses>559900001</misses>
				<total>0</total>
				<timestamp>5412.764312</timestamp>
			</report>
			<report>
				<misses>560000001</misses>
				<total>0</total>
				<timestamp>5413.749483</timestamp>
			</report>
			<report>
				<misses>560100001</misses>
				<total>0</total>
				<timestamp>5414.734575</timestamp>
			</report>
			<report>
				<misses>560200001</misses>
				<total>0</total>
				<timestamp>5415.720440</timestamp>
			</report>
			<report>
				<misses>560300001</misses>
				<total>0</total>
				<timestamp>5416.706388</timestamp>
			</report>
			<report>
				<misses>560400001</misses>
				<total>0</total>
				<timestamp>5417.691978</timestamp>
			</report>
			<report>
				<misses>560500001</misses>
				<total>0</total>
				<timestamp>5418.677856</timestamp>
			</report>
			<report>
				<misses>560600001</misses>
				<total>0</total>
				<timestamp>5419.663961</timestamp>
			</report>
			<report>
				<misses>560700001</misses>
				<total>0</total>
				<timestamp>5420.649718</timestamp>
			</report>
			<report>
				<misses>560800001</misses>
				<total>0</total>
				<timestamp>5421.635446</timestamp>
			</report>
			<report>
				<misses>560900001</misses>
				<total>0</total>
				<timestamp>5422.621205</timestamp>
			</report>
			<report>
				<misses>561000001</misses>
				<total>0</total>
				<timestamp>5423.606848</timestamp>
			</report>
			<report>
				<misses>561100001</misses>
				<total>0</total>
				<timestamp>5424.592781</timestamp>
			</report>
			<report>
				<misses>561200001</misses>
				<total>0</total>
				<timestamp>5425.578113</timestamp>
			</report>
			<report>
				<misses>561300001</misses>
				<total>0</total>
				<timestamp>5426.563425</timestamp>
			</report>
			<report>
				<misses>561400001</misses>
				<total>0</total>
				<timestamp>5427.548625</timestamp>
			</report>
			<report>
				<misses>561500001</misses>
				<total>0</total>
				<timestamp>5428.533724</timestamp>
			</report>
			<report>
				<misses>561600001</misses>
				<total>0</total>
				<timestamp>5429.519391</timestamp>
			</report>
			<report>
				<misses>561700001</misses>
				<total>0</total>
				<timestamp>5430.504942</timestamp>
			</report>
			<report>
				<misses>561800001</misses>
				<total>0</total>
				<timestamp>5431.491154</timestamp>
			</report>
			<report>
				<misses>561900001</misses>
				<total>0</total>
				<timestamp>5432.476535</timestamp>
			</report>
			<report>
				<misses>562000001</misses>
				<total>0</total>
				<timestamp>5433.462496</timestamp>
			</report>
			<report>
				<misses>562100001</misses>
				<total>0</total>
				<timestamp>5434.447688</timestamp>
			</report>
			<report>
				<misses>562200001</misses>
				<total>0</total>
				<timestamp>5435.433320</timestamp>
			</report>
			<report>
				<misses>562300001</misses>
				<total>0</total>
				<timestamp>5436.419037</timestamp>
			</report>
			<report>
				<misses>562400001</misses>
				<total>0</total>
				<timestamp>5437.404360</timestamp>
			</report>
			<report>
				<misses>562500001</misses>
				<total>0</total>
				<timestamp>5438.389745</timestamp>
			</report>
			<report>
				<misses>562600001</misses>
				<total>0</total>
				<timestamp>5439.375829</timestamp>
			</report>
			<report>
				<misses>562700001</misses>
				<total>0</total>
				<timestamp>5440.361525</timestamp>
			</report>
			<report>
				<misses>562800001</misses>
				<total>0</total>
				<timestamp>5441.347212</timestamp>
			</report>
			<report>
				<misses>562900001</misses>
				<total>0</total>
				<timestamp>5442.332462</timestamp>
			</report>
			<report>
				<misses>563000001</misses>
				<total>0</total>
				<timestamp>5443.317976</timestamp>
			</report>
			<report>
				<misses>563100001</misses>
				<total>0</total>
				<timestamp>5444.299729</timestamp>
			</report>
			<report>
				<misses>563200001</misses>
				<total>0</total>
				<timestamp>5445.281318</timestamp>
			</report>
			<report>
				<misses>563300001</misses>
				<total>0</total>
				<timestamp>5446.263023</timestamp>
			</report>
			<report>
				<misses>563400001</misses>
				<total>0</total>
				<timestamp>5447.244364</timestamp>
			</report>
			<report>
				<misses>563500001</misses>
				<total>0</total>
				<timestamp>5448.226289</timestamp>
			</report>
			<report>
				<misses>563600001</misses>
				<total>0</total>
				<timestamp>5449.208186</timestamp>
			</report>
			<report>
				<misses>563700001</misses>
				<total>0</total>
				<timestamp>5450.189791</timestamp>
			</report>
			<report>
				<misses>563800001</misses>
				<total>0</total>
				<timestamp>5451.171619</timestamp>
			</report>
			<report>
				<misses>563900001</misses>
				<total>0</total>
				<timestamp>5452.153568</timestamp>
			</report>
			<report>
				<misses>564000001</misses>
				<total>0</total>
				<timestamp>5453.135048</timestamp>
			</report>
			<report>
				<misses>564100001</misses>
				<total>0</total>
				<timestamp>5454.116596</timestamp>
			</report>
			<report>
				<misses>564200001</misses>
				<total>0</total>
				<timestamp>5455.098616</timestamp>
			</report>
			<report>
				<misses>564300001</misses>
				<total>0</total>
				<timestamp>5456.080635</timestamp>
			</report>
			<report>
				<misses>564400001</misses>
				<total>0</total>
				<timestamp>5457.062074</timestamp>
			</report>
			<report>
				<misses>564500001</misses>
				<total>0</total>
				<timestamp>5458.043257</timestamp>
			</report>
			<report>
				<misses>564600001</misses>
				<total>0</total>
				<timestamp>5459.024676</timestamp>
			</report>
			<report>
				<misses>564700001</misses>
				<total>0</total>
				<timestamp>5460.007011</timestamp>
			</report>
			<report>
				<misses>564800001</misses>
				<total>0</total>
				<timestamp>5460.988719</timestamp>
			</report>
			<report>
				<misses>564900001</misses>
				<total>0</total>
				<timestamp>5461.969839</timestamp>
			</report>
			<report>
				<misses>565000001</misses>
				<total>0</total>
				<timestamp>5462.951073</timestamp>
			</report>
			<report>
				<misses>565100001</misses>
				<total>0</total>
				<timestamp>5463.932439</timestamp>
			</report>
			<report>
				<misses>565200001</misses>
				<total>0</total>
				<timestamp>5464.914168</timestamp>
			</report>
			<report>
				<misses>565300001</misses>
				<total>0</total>
				<timestamp>5465.896927</timestamp>
			</report>
			<report>
				<misses>565400001</misses>
				<total>0</total>
				<timestamp>5466.879607</timestamp>
			</report>
			<report>
				<misses>565500001</misses>
				<total>0</total>
				<timestamp>5467.861515</timestamp>
			</report>
			<report>
				<misses>565600001</misses>
				<total>0</total>
				<timestamp>5468.843608</timestamp>
			</report>
			<report>
				<misses>565700001</misses>
				<total>0</total>
				<timestamp>5469.825591</timestamp>
			</report>
			<report>
				<misses>565800001</misses>
				<total>0</total>
				<timestamp>5470.807263</timestamp>
			</report>
			<report>
				<misses>565900001</misses>
				<total>0</total>
				<timestamp>5471.788939</timestamp>
			</report>
			<report>
				<misses>566000001</misses>
				<total>0</total>
				<timestamp>5472.770200</timestamp>
			</report>
			<report>
				<misses>566100001</misses>
				<total>0</total>
				<timestamp>5473.752164</timestamp>
			</report>
			<report>
				<misses>566200001</misses>
				<total>0</total>
				<timestamp>5474.733779</timestamp>
			</report>
			<report>
				<misses>566300001</misses>
				<total>0</total>
				<timestamp>5475.715281</timestamp>
			</report>
			<report>
				<misses>566400001</misses>
				<total>0</total>
				<timestamp>5476.697158</timestamp>
			</report>
			<report>
				<misses>566500001</misses>
				<total>0</total>
				<timestamp>5477.678643</timestamp>
			</report>
			<report>
				<misses>566600001</misses>
				<total>0</total>
				<timestamp>5478.660037</timestamp>
			</report>
			<report>
				<misses>566700001</misses>
				<total>0</total>
				<timestamp>5479.641372</timestamp>
			</report>
			<report>
				<misses>566800001</misses>
				<total>0</total>
				<timestamp>5480.623205</timestamp>
			</report>
			<report>
				<misses>566900001</misses>
				<total>0</total>
				<timestamp>5481.605484</timestamp>
			</report>
			<report>
				<misses>567000001</misses>
				<total>0</total>
				<timestamp>5482.587399</timestamp>
			</report>
			<report>
				<misses>567100001</misses>
				<total>0</total>
				<timestamp>5483.568322</timestamp>
			</report>
			<report>
				<misses>567200001</misses>
				<total>0</total>
				<timestamp>5484.549887</timestamp>
			</report>
			<report>
				<misses>567300001</misses>
				<total>0</total>
				<timestamp>5485.531308</timestamp>
			</report>
			<report>
				<misses>567400001</misses>
				<total>0</total>
				<timestamp>5486.512938</timestamp>
			</report>
			<report>
				<misses>567500001</misses>
				<total>0</total>
				<timestamp>5487.494527</timestamp>
			</report>
			<report>
				<misses>567600001</misses>
				<total>0</total>
				<timestamp>5488.476191</timestamp>
			</report>
			<report>
				<misses>567700001</misses>
				<total>0</total>
				<timestamp>5489.457533</timestamp>
			</report>
			<report>
				<misses>567800001</misses>
				<total>0</total>
				<timestamp>5490.438880</timestamp>
			</report>
			<report>
				<misses>567900001</misses>
				<total>0</total>
				<timestamp>5491.419947</timestamp>
			</report>
			<report>
				<misses>568000001</misses>
				<total>0</total>
				<timestamp>5492.401673</timestamp>
			</report>
			<report>
				<misses>568100001</misses>
				<total>0</total>
				<timestamp>5493.383015</timestamp>
			</report>
			<report>
				<misses>568200001</misses>
				<total>0</total>
				<timestamp>5494.363775</timestamp>
			</report>
			<report>
				<misses>568300001</misses>
				<total>0</total>
				<timestamp>5495.345009</timestamp>
			</report>
			<report>
				<misses>568400001</misses>
				<total>0</total>
				<timestamp>5496.326491</timestamp>
			</report>
			<report>
				<misses>568500001</misses>
				<total>0</total>
				<timestamp>5497.307218</timestamp>
			</report>
			<report>
				<misses>568600001</misses>
				<total>0</total>
				<timestamp>5498.288260</timestamp>
			</report>
			<report>
				<misses>568700001</misses>
				<total>0</total>
				<timestamp>5499.269853</timestamp>
			</report>
			<report>
				<misses>568800001</misses>
				<total>0</total>
				<timestamp>5500.250926</timestamp>
			</report>
			<report>
				<misses>568900001</misses>
				<total>0</total>
				<timestamp>5501.232199</timestamp>
			</report>
			<report>
				<misses>569000001</misses>
				<total>0</total>
				<timestamp>5502.213800</timestamp>
			</report>
			<report>
				<misses>569100001</misses>
				<total>0</total>
				<timestamp>5503.195338</timestamp>
			</report>
			<report>
				<misses>569200001</misses>
				<total>0</total>
				<timestamp>5504.176858</timestamp>
			</report>
			<report>
				<misses>569300001</misses>
				<total>0</total>
				<timestamp>5505.158465</timestamp>
			</report>
			<report>
				<misses>569400001</misses>
				<total>0</total>
				<timestamp>5506.140078</timestamp>
			</report>
			<report>
				<misses>569500001</misses>
				<total>0</total>
				<timestamp>5507.121610</timestamp>
			</report>
			<report>
				<misses>569600001</misses>
				<total>0</total>
				<timestamp>5508.104082</timestamp>
			</report>
			<report>
				<misses>569700001</misses>
				<total>0</total>
				<timestamp>5509.085332</timestamp>
			</report>
			<report>
				<misses>569800001</misses>
				<total>0</total>
				<timestamp>5510.066925</timestamp>
			</report>
			<report>
				<misses>569900001</misses>
				<total>0</total>
				<timestamp>5511.048245</timestamp>
			</report>
			<report>
				<misses>570000001</misses>
				<total>0</total>
				<timestamp>5512.030549</timestamp>
			</report>
			<report>
				<misses>570100001</misses>
				<total>0</total>
				<timestamp>5513.011636</timestamp>
			</report>
			<report>
				<misses>570200001</misses>
				<total>0</total>
				<timestamp>5513.992938</timestamp>
			</report>
			<report>
				<misses>570300001</misses>
				<total>0</total>
				<timestamp>5514.974790</timestamp>
			</report>
			<report>
				<misses>570400001</misses>
				<total>0</total>
				<timestamp>5515.957046</timestamp>
			</report>
			<report>
				<misses>570500001</misses>
				<total>0</total>
				<timestamp>5516.938747</timestamp>
			</report>
			<report>
				<misses>570600001</misses>
				<total>0</total>
				<timestamp>5517.921370</timestamp>
			</report>
			<report>
				<misses>570700001</misses>
				<total>0</total>
				<timestamp>5518.905959</timestamp>
			</report>
			<report>
				<misses>570800001</misses>
				<total>0</total>
				<timestamp>5519.889192</timestamp>
			</report>
			<report>
				<misses>570900001</misses>
				<total>0</total>
				<timestamp>5520.872031</timestamp>
			</report>
			<report>
				<misses>571000001</misses>
				<total>0</total>
				<timestamp>5521.855762</timestamp>
			</report>
			<report>
				<misses>571100001</misses>
				<total>0</total>
				<timestamp>5522.839709</timestamp>
			</report>
			<report>
				<misses>571200001</misses>
				<total>0</total>
				<timestamp>5523.822503</timestamp>
			</report>
			<report>
				<misses>571300001</misses>
				<total>0</total>
				<timestamp>5524.805632</timestamp>
			</report>
			<report>
				<misses>571400001</misses>
				<total>0</total>
				<timestamp>5525.788751</timestamp>
			</report>
			<report>
				<misses>571500001</misses>
				<total>0</total>
				<timestamp>5526.771807</timestamp>
			</report>
			<report>
				<misses>571600001</misses>
				<total>0</total>
				<timestamp>5527.754994</timestamp>
			</report>
			<report>
				<misses>571700001</misses>
				<total>0</total>
				<timestamp>5528.738389</timestamp>
			</report>
			<report>
				<misses>571800001</misses>
				<total>0</total>
				<timestamp>5529.721312</timestamp>
			</report>
			<report>
				<misses>571900001</misses>
				<total>0</total>
				<timestamp>5530.705157</timestamp>
			</report>
			<report>
				<misses>572000001</misses>
				<total>0</total>
				<timestamp>5531.688561</timestamp>
			</report>
			<report>
				<misses>572100001</misses>
				<total>0</total>
				<timestamp>5532.672174</timestamp>
			</report>
			<report>
				<misses>572200001</misses>
				<total>0</total>
				<timestamp>5533.655235</timestamp>
			</report>
			<report>
				<misses>572300001</misses>
				<total>0</total>
				<timestamp>5534.638581</timestamp>
			</report>
			<report>
				<misses>572400001</misses>
				<total>0</total>
				<timestamp>5535.621916</timestamp>
			</report>
			<report>
				<misses>572500001</misses>
				<total>0</total>
				<timestamp>5536.605472</timestamp>
			</report>
			<report>
				<misses>572600001</misses>
				<total>0</total>
				<timestamp>5537.589429</timestamp>
			</report>
			<report>
				<misses>572700001</misses>
				<total>0</total>
				<timestamp>5538.572514</timestamp>
			</report>
			<report>
				<misses>572800001</misses>
				<total>0</total>
				<timestamp>5539.556459</timestamp>
			</report>
			<report>
				<misses>572900001</misses>
				<total>0</total>
				<timestamp>5540.540172</timestamp>
			</report>
			<report>
				<misses>573000001</misses>
				<total>0</total>
				<timestamp>5541.523534</timestamp>
			</report>
			<report>
				<misses>573100001</misses>
				<total>0</total>
				<timestamp>5542.507017</timestamp>
			</report>
			<report>
				<misses>573200001</misses>
				<total>0</total>
				<timestamp>5543.491594</timestamp>
			</report>
			<report>
				<misses>573300001</misses>
				<total>0</total>
				<timestamp>5544.474535</timestamp>
			</report>
			<report>
				<misses>573400001</misses>
				<total>0</total>
				<timestamp>5545.457660</timestamp>
			</report>
			<report>
				<misses>573500001</misses>
				<total>0</total>
				<timestamp>5546.441239</timestamp>
			</report>
			<report>
				<misses>573600001</misses>
				<total>0</total>
				<timestamp>5547.424433</timestamp>
			</report>
			<report>
				<misses>573700001</misses>
				<total>0</total>
				<timestamp>5548.408441</timestamp>
			</report>
			<report>
				<misses>573800001</misses>
				<total>0</total>
				<timestamp>5549.391829</timestamp>
			</report>
			<report>
				<misses>573900001</misses>
				<total>0</total>
				<timestamp>5550.375741</timestamp>
			</report>
			<report>
				<misses>574000001</misses>
				<total>0</total>
				<timestamp>5551.358976</timestamp>
			</report>
			<report>
				<misses>574100001</misses>
				<total>0</total>
				<timestamp>5552.342687</timestamp>
			</report>
			<report>
				<misses>574200001</misses>
				<total>0</total>
				<timestamp>5553.325408</timestamp>
			</report>
			<report>
				<misses>574300001</misses>
				<total>0</total>
				<timestamp>5554.308732</timestamp>
			</report>
			<report>
				<misses>574400001</misses>
				<total>0</total>
				<timestamp>5555.291676</timestamp>
			</report>
			<report>
				<misses>574500001</misses>
				<total>0</total>
				<timestamp>5556.275727</timestamp>
			</report>
			<report>
				<misses>574600001</misses>
				<total>0</total>
				<timestamp>5557.259092</timestamp>
			</report>
			<report>
				<misses>574700001</misses>
				<total>0</total>
				<timestamp>5558.242940</timestamp>
			</report>
			<report>
				<misses>574800001</misses>
				<total>0</total>
				<timestamp>5559.226018</timestamp>
			</report>
			<report>
				<misses>574900001</misses>
				<total>0</total>
				<timestamp>5560.209181</timestamp>
			</report>
			<report>
				<misses>575000001</misses>
				<total>0</total>
				<timestamp>5561.192492</timestamp>
			</report>
			<report>
				<misses>575100001</misses>
				<total>0</total>
				<timestamp>5562.176078</timestamp>
			</report>
			<report>
				<misses>575200001</misses>
				<total>0</total>
				<timestamp>5563.159509</timestamp>
			</report>
			<report>
				<misses>575300001</misses>
				<total>0</total>
				<timestamp>5564.143640</timestamp>
			</report>
			<report>
				<misses>575400001</misses>
				<total>0</total>
				<timestamp>5565.128164</timestamp>
			</report>
			<report>
				<misses>575500001</misses>
				<total>0</total>
				<timestamp>5566.112723</timestamp>
			</report>
			<report>
				<misses>575600001</misses>
				<total>0</total>
				<timestamp>5567.096881</timestamp>
			</report>
			<report>
				<misses>575700001</misses>
				<total>0</total>
				<timestamp>5568.081300</timestamp>
			</report>
			<report>
				<misses>575800001</misses>
				<total>0</total>
				<timestamp>5569.065254</timestamp>
			</report>
			<report>
				<misses>575900001</misses>
				<total>0</total>
				<timestamp>5570.049054</timestamp>
			</report>
			<report>
				<misses>576000001</misses>
				<total>0</total>
				<timestamp>5571.032913</timestamp>
			</report>
			<report>
				<misses>576100001</misses>
				<total>0</total>
				<timestamp>5572.016345</timestamp>
			</report>
			<report>
				<misses>576200001</misses>
				<total>0</total>
				<timestamp>5572.999822</timestamp>
			</report>
			<report>
				<misses>576300001</misses>
				<total>0</total>
				<timestamp>5573.983631</timestamp>
			</report>
			<report>
				<misses>576400001</misses>
				<total>0</total>
				<timestamp>5574.967381</timestamp>
			</report>
			<report>
				<misses>576500001</misses>
				<total>0</total>
				<timestamp>5575.950950</timestamp>
			</report>
			<report>
				<misses>576600001</misses>
				<total>0</total>
				<timestamp>5576.934714</timestamp>
			</report>
			<report>
				<misses>576700001</misses>
				<total>0</total>
				<timestamp>5577.918010</timestamp>
			</report>
			<report>
				<misses>576800001</misses>
				<total>0</total>
				<timestamp>5578.901842</timestamp>
			</report>
			<report>
				<misses>576900001</misses>
				<total>0</total>
				<timestamp>5579.885457</timestamp>
			</report>
			<report>
				<misses>577000001</misses>
				<total>0</total>
				<timestamp>5580.868912</timestamp>
			</report>
			<report>
				<misses>577100001</misses>
				<total>0</total>
				<timestamp>5581.852834</timestamp>
			</report>
			<report>
				<misses>577200001</misses>
				<total>0</total>
				<timestamp>5582.836009</timestamp>
			</report>
			<report>
				<misses>577300001</misses>
				<total>0</total>
				<timestamp>5583.819939</timestamp>
			</report>
			<report>
				<misses>577400001</misses>
				<total>0</total>
				<timestamp>5584.803482</timestamp>
			</report>
			<report>
				<misses>577500001</misses>
				<total>0</total>
				<timestamp>5585.787229</timestamp>
			</report>
			<report>
				<misses>577600001</misses>
				<total>0</total>
				<timestamp>5586.770930</timestamp>
			</report>
			<report>
				<misses>577700001</misses>
				<total>0</total>
				<timestamp>5587.754722</timestamp>
			</report>
			<report>
				<misses>577800001</misses>
				<total>0</total>
				<timestamp>5588.737782</timestamp>
			</report>
			<report>
				<misses>577900001</misses>
				<total>0</total>
				<timestamp>5589.722158</timestamp>
			</report>
			<report>
				<misses>578000001</misses>
				<total>0</total>
				<timestamp>5590.705650</timestamp>
			</report>
			<report>
				<misses>578100001</misses>
				<total>0</total>
				<timestamp>5591.689721</timestamp>
			</report>
			<report>
				<misses>578200001</misses>
				<total>0</total>
				<timestamp>5592.673470</timestamp>
			</report>
			<report>
				<misses>578300001</misses>
				<total>0</total>
				<timestamp>5593.657654</timestamp>
			</report>
			<report>
				<misses>578400001</misses>
				<total>0</total>
				<timestamp>5594.641342</timestamp>
			</report>
			<report>
				<misses>578500001</misses>
				<total>0</total>
				<timestamp>5595.624913</timestamp>
			</report>
			<report>
				<misses>578600001</misses>
				<total>0</total>
				<timestamp>5596.608318</timestamp>
			</report>
			<report>
				<misses>578700001</misses>
				<total>0</total>
				<timestamp>5597.591575</timestamp>
			</report>
			<report>
				<misses>578800001</misses>
				<total>0</total>
				<timestamp>5598.575322</timestamp>
			</report>
			<report>
				<misses>578900001</misses>
				<total>0</total>
				<timestamp>5599.558347</timestamp>
			</report>
			<report>
				<misses>579000001</misses>
				<total>0</total>
				<timestamp>5600.542085</timestamp>
			</report>
			<report>
				<misses>579100001</misses>
				<total>0</total>
				<timestamp>5601.525864</timestamp>
			</report>
			<report>
				<misses>579200001</misses>
				<total>0</total>
				<timestamp>5602.509880</timestamp>
			</report>
			<report>
				<misses>579300001</misses>
				<total>0</total>
				<timestamp>5603.493595</timestamp>
			</report>
			<report>
				<misses>579400001</misses>
				<total>0</total>
				<timestamp>5604.477249</timestamp>
			</report>
			<report>
				<misses>579500001</misses>
				<total>0</total>
				<timestamp>5605.461181</timestamp>
			</report>
			<report>
				<misses>579600001</misses>
				<total>0</total>
				<timestamp>5606.444285</timestamp>
			</report>
			<report>
				<misses>579700001</misses>
				<total>0</total>
				<timestamp>5607.428112</timestamp>
			</report>
			<report>
				<misses>579800001</misses>
				<total>0</total>
				<timestamp>5608.411522</timestamp>
			</report>
			<report>
				<misses>579900001</misses>
				<total>0</total>
				<timestamp>5609.395614</timestamp>
			</report>
			<report>
				<misses>580000001</misses>
				<total>0</total>
				<timestamp>5610.379238</timestamp>
			</report>
			<report>
				<misses>580100001</misses>
				<total>0</total>
				<timestamp>5611.363443</timestamp>
			</report>
			<report>
				<misses>580200001</misses>
				<total>0</total>
				<timestamp>5612.347466</timestamp>
			</report>
			<report>
				<misses>580300001</misses>
				<total>0</total>
				<timestamp>5613.331778</timestamp>
			</report>
			<report>
				<misses>580400001</misses>
				<total>0</total>
				<timestamp>5614.315569</timestamp>
			</report>
			<report>
				<misses>580500001</misses>
				<total>0</total>
				<timestamp>5615.299151</timestamp>
			</report>
			<report>
				<misses>580600001</misses>
				<total>0</total>
				<timestamp>5616.283333</timestamp>
			</report>
			<report>
				<misses>580700001</misses>
				<total>0</total>
				<timestamp>5617.267529</timestamp>
			</report>
			<report>
				<misses>580800001</misses>
				<total>0</total>
				<timestamp>5618.250908</timestamp>
			</report>
			<report>
				<misses>580900001</misses>
				<total>0</total>
				<timestamp>5619.234333</timestamp>
			</report>
			<report>
				<misses>581000001</misses>
				<total>0</total>
				<timestamp>5620.218102</timestamp>
			</report>
			<report>
				<misses>581100001</misses>
				<total>0</total>
				<timestamp>5621.201415</timestamp>
			</report>
			<report>
				<misses>581200001</misses>
				<total>0</total>
				<timestamp>5622.184292</timestamp>
			</report>
			<report>
				<misses>581300001</misses>
				<total>0</total>
				<timestamp>5623.167737</timestamp>
			</report>
			<report>
				<misses>581400001</misses>
				<total>0</total>
				<timestamp>5624.152088</timestamp>
			</report>
			<report>
				<misses>581500001</misses>
				<total>0</total>
				<timestamp>5625.138721</timestamp>
			</report>
			<report>
				<misses>581600001</misses>
				<total>0</total>
				<timestamp>5626.128469</timestamp>
			</report>
			<report>
				<misses>581700001</misses>
				<total>0</total>
				<timestamp>5627.118062</timestamp>
			</report>
			<report>
				<misses>581800001</misses>
				<total>0</total>
				<timestamp>5628.107307</timestamp>
			</report>
			<report>
				<misses>581900001</misses>
				<total>0</total>
				<timestamp>5629.089924</timestamp>
			</report>
			<report>
				<misses>582000001</misses>
				<total>0</total>
				<timestamp>5630.079437</timestamp>
			</report>
			<report>
				<misses>582100001</misses>
				<total>0</total>
				<timestamp>5631.068621</timestamp>
			</report>
			<report>
				<misses>582200001</misses>
				<total>0</total>
				<timestamp>5632.057833</timestamp>
			</report>
			<report>
				<misses>582300001</misses>
				<total>0</total>
				<timestamp>5633.047439</timestamp>
			</report>
			<report>
				<misses>582400001</misses>
				<total>0</total>
				<timestamp>5634.036302</timestamp>
			</report>
			<report>
				<misses>582500001</misses>
				<total>0</total>
				<timestamp>5635.025637</timestamp>
			</report>
			<report>
				<misses>582600001</misses>
				<total>0</total>
				<timestamp>5636.015185</timestamp>
			</report>
			<report>
				<misses>582700001</misses>
				<total>0</total>
				<timestamp>5637.005403</timestamp>
			</report>
			<report>
				<misses>582800001</misses>
				<total>0</total>
				<timestamp>5637.995729</timestamp>
			</report>
			<report>
				<misses>582900001</misses>
				<total>0</total>
				<timestamp>5638.985625</timestamp>
			</report>
			<report>
				<misses>583000001</misses>
				<total>0</total>
				<timestamp>5639.974989</timestamp>
			</report>
			<report>
				<misses>583100001</misses>
				<total>0</total>
				<timestamp>5640.964513</timestamp>
			</report>
			<report>
				<misses>583200001</misses>
				<total>0</total>
				<timestamp>5641.954935</timestamp>
			</report>
			<report>
				<misses>583300001</misses>
				<total>0</total>
				<timestamp>5642.943831</timestamp>
			</report>
			<report>
				<misses>583400001</misses>
				<total>0</total>
				<timestamp>5643.933587</timestamp>
			</report>
			<report>
				<misses>583500001</misses>
				<total>0</total>
				<timestamp>5644.922561</timestamp>
			</report>
			<report>
				<misses>583600001</misses>
				<total>0</total>
				<timestamp>5645.912079</timestamp>
			</report>
			<report>
				<misses>583700001</misses>
				<total>0</total>
				<timestamp>5646.901162</timestamp>
			</report>
			<report>
				<misses>583800001</misses>
				<total>0</total>
				<timestamp>5647.891043</timestamp>
			</report>
			<report>
				<misses>583900001</misses>
				<total>0</total>
				<timestamp>5648.880643</timestamp>
			</report>
			<report>
				<misses>584000001</misses>
				<total>0</total>
				<timestamp>5649.870670</timestamp>
			</report>
			<report>
				<misses>584100001</misses>
				<total>0</total>
				<timestamp>5650.859969</timestamp>
			</report>
			<report>
				<misses>584200001</misses>
				<total>0</total>
				<timestamp>5651.849848</timestamp>
			</report>
			<report>
				<misses>584300001</misses>
				<total>0</total>
				<timestamp>5652.839151</timestamp>
			</report>
			<report>
				<misses>584400001</misses>
				<total>0</total>
				<timestamp>5653.829188</timestamp>
			</report>
			<report>
				<misses>584500001</misses>
				<total>0</total>
				<timestamp>5654.818852</timestamp>
			</report>
			<report>
				<misses>584600001</misses>
				<total>0</total>
				<timestamp>5655.808072</timestamp>
			</report>
			<report>
				<misses>584700001</misses>
				<total>0</total>
				<timestamp>5656.797527</timestamp>
			</report>
			<report>
				<misses>584800001</misses>
				<total>0</total>
				<timestamp>5657.786816</timestamp>
			</report>
			<report>
				<misses>584900001</misses>
				<total>0</total>
				<timestamp>5658.776739</timestamp>
			</report>
			<report>
				<misses>585000001</misses>
				<total>0</total>
				<timestamp>5659.766530</timestamp>
			</report>
			<report>
				<misses>585100001</misses>
				<total>0</total>
				<timestamp>5660.755890</timestamp>
			</report>
			<report>
				<misses>585200001</misses>
				<total>0</total>
				<timestamp>5661.745120</timestamp>
			</report>
			<report>
				<misses>585300001</misses>
				<total>0</total>
				<timestamp>5662.734766</timestamp>
			</report>
			<report>
				<misses>585400001</misses>
				<total>0</total>
				<timestamp>5663.724304</timestamp>
			</report>
			<report>
				<misses>585500001</misses>
				<total>0</total>
				<timestamp>5664.713231</timestamp>
			</report>
			<report>
				<misses>585600001</misses>
				<total>0</total>
				<timestamp>5665.702699</timestamp>
			</report>
			<report>
				<misses>585700001</misses>
				<total>0</total>
				<timestamp>5666.692491</timestamp>
			</report>
			<report>
				<misses>585800001</misses>
				<total>0</total>
				<timestamp>5667.681481</timestamp>
			</report>
			<report>
				<misses>585900001</misses>
				<total>0</total>
				<timestamp>5668.671083</timestamp>
			</report>
			<report>
				<misses>586000001</misses>
				<total>0</total>
				<timestamp>5669.660508</timestamp>
			</report>
			<report>
				<misses>586100001</misses>
				<total>0</total>
				<timestamp>5670.649566</timestamp>
			</report>
			<report>
				<misses>586200001</misses>
				<total>0</total>
				<timestamp>5671.638896</timestamp>
			</report>
			<report>
				<misses>586300001</misses>
				<total>0</total>
				<timestamp>5672.628172</timestamp>
			</report>
			<report>
				<misses>586400001</misses>
				<total>0</total>
				<timestamp>5673.617735</timestamp>
			</report>
			<report>
				<misses>586500001</misses>
				<total>0</total>
				<timestamp>5674.607382</timestamp>
			</report>
			<report>
				<misses>586600001</misses>
				<total>0</total>
				<timestamp>5675.596294</timestamp>
			</report>
			<report>
				<misses>586700001</misses>
				<total>0</total>
				<timestamp>5676.586543</timestamp>
			</report>
			<report>
				<misses>586800001</misses>
				<total>0</total>
				<timestamp>5677.575841</timestamp>
			</report>
			<report>
				<misses>586900001</misses>
				<total>0</total>
				<timestamp>5678.565189</timestamp>
			</report>
			<report>
				<misses>587000001</misses>
				<total>0</total>
				<timestamp>5679.555523</timestamp>
			</report>
			<report>
				<misses>587100001</misses>
				<total>0</total>
				<timestamp>5680.544703</timestamp>
			</report>
			<report>
				<misses>587200001</misses>
				<total>0</total>
				<timestamp>5681.534423</timestamp>
			</report>
			<report>
				<misses>587300001</misses>
				<total>0</total>
				<timestamp>5682.524500</timestamp>
			</report>
			<report>
				<misses>587400001</misses>
				<total>0</total>
				<timestamp>5683.513656</timestamp>
			</report>
			<report>
				<misses>587500001</misses>
				<total>0</total>
				<timestamp>5684.502409</timestamp>
			</report>
			<report>
				<misses>587600001</misses>
				<total>0</total>
				<timestamp>5685.491889</timestamp>
			</report>
			<report>
				<misses>587700001</misses>
				<total>0</total>
				<timestamp>5686.481288</timestamp>
			</report>
			<report>
				<misses>587800001</misses>
				<total>0</total>
				<timestamp>5687.470241</timestamp>
			</report>
			<report>
				<misses>587900001</misses>
				<total>0</total>
				<timestamp>5688.459718</timestamp>
			</report>
			<report>
				<misses>588000001</misses>
				<total>0</total>
				<timestamp>5689.449114</timestamp>
			</report>
			<report>
				<misses>588100001</misses>
				<total>0</total>
				<timestamp>5690.438962</timestamp>
			</report>
			<report>
				<misses>588200001</misses>
				<total>0</total>
				<timestamp>5691.429091</timestamp>
			</report>
			<report>
				<misses>588300001</misses>
				<total>0</total>
				<timestamp>5692.418291</timestamp>
			</report>
			<report>
				<misses>588400001</misses>
				<total>0</total>
				<timestamp>5693.407274</timestamp>
			</report>
			<report>
				<misses>588500001</misses>
				<total>0</total>
				<timestamp>5694.397163</timestamp>
			</report>
			<report>
				<misses>588600001</misses>
				<total>0</total>
				<timestamp>5695.386723</timestamp>
			</report>
			<report>
				<misses>588700001</misses>
				<total>0</total>
				<timestamp>5696.376483</timestamp>
			</report>
			<report>
				<misses>588800001</misses>
				<total>0</total>
				<timestamp>5697.366146</timestamp>
			</report>
			<report>
				<misses>588900001</misses>
				<total>0</total>
				<timestamp>5698.356026</timestamp>
			</report>
			<report>
				<misses>589000001</misses>
				<total>0</total>
				<timestamp>5699.345278</timestamp>
			</report>
			<report>
				<misses>589100001</misses>
				<total>0</total>
				<timestamp>5700.334122</timestamp>
			</report>
			<report>
				<misses>589200001</misses>
				<total>0</total>
				<timestamp>5701.324087</timestamp>
			</report>
			<report>
				<misses>589300001</misses>
				<total>0</total>
				<timestamp>5702.313863</timestamp>
			</report>
			<report>
				<misses>589400001</misses>
				<total>0</total>
				<timestamp>5703.302945</timestamp>
			</report>
			<report>
				<misses>589500001</misses>
				<total>0</total>
				<timestamp>5704.291830</timestamp>
			</report>
			<report>
				<misses>589600001</misses>
				<total>0</total>
				<timestamp>5705.281292</timestamp>
			</report>
			<report>
				<misses>589700001</misses>
				<total>0</total>
				<timestamp>5706.269755</timestamp>
			</report>
			<report>
				<misses>589800001</misses>
				<total>0</total>
				<timestamp>5707.259059</timestamp>
			</report>
			<report>
				<misses>589900001</misses>
				<total>0</total>
				<timestamp>5708.248397</timestamp>
			</report>
			<report>
				<misses>590000001</misses>
				<total>0</total>
				<timestamp>5709.237853</timestamp>
			</report>
			<report>
				<misses>590100001</misses>
				<total>0</total>
				<timestamp>5710.228008</timestamp>
			</report>
			<report>
				<misses>590200001</misses>
				<total>0</total>
				<timestamp>5711.217453</timestamp>
			</report>
			<report>
				<misses>590300001</misses>
				<total>0</total>
				<timestamp>5712.204050</timestamp>
			</report>
			<report>
				<misses>590400001</misses>
				<total>0</total>
				<timestamp>5713.182344</timestamp>
			</report>
			<report>
				<misses>590500001</misses>
				<total>0</total>
				<timestamp>5714.172150</timestamp>
			</report>
			<report>
				<misses>590600001</misses>
				<total>0</total>
				<timestamp>5715.161759</timestamp>
			</report>
			<report>
				<misses>590700001</misses>
				<total>0</total>
				<timestamp>5716.152068</timestamp>
			</report>
			<report>
				<misses>590800001</misses>
				<total>0</total>
				<timestamp>5717.141891</timestamp>
			</report>
			<report>
				<misses>590900001</misses>
				<total>0</total>
				<timestamp>5718.130866</timestamp>
			</report>
			<report>
				<misses>591000001</misses>
				<total>0</total>
				<timestamp>5719.120163</timestamp>
			</report>
			<report>
				<misses>591100001</misses>
				<total>0</total>
				<timestamp>5720.108872</timestamp>
			</report>
			<report>
				<misses>591200001</misses>
				<total>0</total>
				<timestamp>5721.098589</timestamp>
			</report>
			<report>
				<misses>591300001</misses>
				<total>0</total>
				<timestamp>5722.088235</timestamp>
			</report>
			<report>
				<misses>591400001</misses>
				<total>0</total>
				<timestamp>5723.077726</timestamp>
			</report>
			<report>
				<misses>591500001</misses>
				<total>0</total>
				<timestamp>5724.067301</timestamp>
			</report>
			<report>
				<misses>591600001</misses>
				<total>0</total>
				<timestamp>5725.057208</timestamp>
			</report>
			<report>
				<misses>591700001</misses>
				<total>0</total>
				<timestamp>5726.047031</timestamp>
			</report>
			<report>
				<misses>591800001</misses>
				<total>0</total>
				<timestamp>5727.036552</timestamp>
			</report>
			<report>
				<misses>591900001</misses>
				<total>0</total>
				<timestamp>5728.026136</timestamp>
			</report>
			<report>
				<misses>592000001</misses>
				<total>0</total>
				<timestamp>5729.015259</timestamp>
			</report>
			<report>
				<misses>592100001</misses>
				<total>0</total>
				<timestamp>5730.004528</timestamp>
			</report>
			<report>
				<misses>592200001</misses>
				<total>0</total>
				<timestamp>5730.993770</timestamp>
			</report>
			<report>
				<misses>592300001</misses>
				<total>0</total>
				<timestamp>5731.983319</timestamp>
			</report>
			<report>
				<misses>592400001</misses>
				<total>0</total>
				<timestamp>5732.972964</timestamp>
			</report>
			<report>
				<misses>592500001</misses>
				<total>0</total>
				<timestamp>5733.962019</timestamp>
			</report>
			<report>
				<misses>592600001</misses>
				<total>0</total>
				<timestamp>5734.950697</timestamp>
			</report>
			<report>
				<misses>592700001</misses>
				<total>0</total>
				<timestamp>5735.940762</timestamp>
			</report>
			<report>
				<misses>592800001</misses>
				<total>0</total>
				<timestamp>5736.930066</timestamp>
			</report>
			<report>
				<misses>592900001</misses>
				<total>0</total>
				<timestamp>5737.920774</timestamp>
			</report>
			<report>
				<misses>593000001</misses>
				<total>0</total>
				<timestamp>5738.910475</timestamp>
			</report>
			<report>
				<misses>593100001</misses>
				<total>0</total>
				<timestamp>5739.900673</timestamp>
			</report>
			<report>
				<misses>593200001</misses>
				<total>0</total>
				<timestamp>5740.890276</timestamp>
			</report>
			<report>
				<misses>593300001</misses>
				<total>0</total>
				<timestamp>5741.879201</timestamp>
			</report>
			<report>
				<misses>593400001</misses>
				<total>0</total>
				<timestamp>5742.868626</timestamp>
			</report>
			<report>
				<misses>593500001</misses>
				<total>0</total>
				<timestamp>5743.857965</timestamp>
			</report>
			<report>
				<misses>593600001</misses>
				<total>0</total>
				<timestamp>5744.847427</timestamp>
			</report>
			<report>
				<misses>593700001</misses>
				<total>0</total>
				<timestamp>5745.837386</timestamp>
			</report>
			<report>
				<misses>593800001</misses>
				<total>0</total>
				<timestamp>5746.826566</timestamp>
			</report>
			<report>
				<misses>593900001</misses>
				<total>0</total>
				<timestamp>5747.815727</timestamp>
			</report>
			<report>
				<misses>594000001</misses>
				<total>0</total>
				<timestamp>5748.805634</timestamp>
			</report>
			<report>
				<misses>594100001</misses>
				<total>0</total>
				<timestamp>5749.795099</timestamp>
			</report>
			<report>
				<misses>594200001</misses>
				<total>0</total>
				<timestamp>5750.784500</timestamp>
			</report>
			<report>
				<misses>594300001</misses>
				<total>0</total>
				<timestamp>5751.774415</timestamp>
			</report>
			<report>
				<misses>594400001</misses>
				<total>0</total>
				<timestamp>5752.764592</timestamp>
			</report>
			<report>
				<misses>594500001</misses>
				<total>0</total>
				<timestamp>5753.754541</timestamp>
			</report>
			<report>
				<misses>594600001</misses>
				<total>0</total>
				<timestamp>5754.743967</timestamp>
			</report>
			<report>
				<misses>594700001</misses>
				<total>0</total>
				<timestamp>5755.733848</timestamp>
			</report>
			<report>
				<misses>594800001</misses>
				<total>0</total>
				<timestamp>5756.723403</timestamp>
			</report>
			<report>
				<misses>594900001</misses>
				<total>0</total>
				<timestamp>5757.712781</timestamp>
			</report>
			<report>
				<misses>595000001</misses>
				<total>0</total>
				<timestamp>5758.702404</timestamp>
			</report>
			<report>
				<misses>595100001</misses>
				<total>0</total>
				<timestamp>5759.692041</timestamp>
			</report>
			<report>
				<misses>595200001</misses>
				<total>0</total>
				<timestamp>5760.681163</timestamp>
			</report>
			<report>
				<misses>595300001</misses>
				<total>0</total>
				<timestamp>5761.670895</timestamp>
			</report>
			<report>
				<misses>595400001</misses>
				<total>0</total>
				<timestamp>5762.660787</timestamp>
			</report>
			<report>
				<misses>595500001</misses>
				<total>0</total>
				<timestamp>5763.651113</timestamp>
			</report>
			<report>
				<misses>595600001</misses>
				<total>0</total>
				<timestamp>5764.641554</timestamp>
			</report>
			<report>
				<misses>595700001</misses>
				<total>0</total>
				<timestamp>5765.630923</timestamp>
			</report>
			<report>
				<misses>595800001</misses>
				<total>0</total>
				<timestamp>5766.620432</timestamp>
			</report>
			<report>
				<misses>595900001</misses>
				<total>0</total>
				<timestamp>5767.610461</timestamp>
			</report>
			<report>
				<misses>596000001</misses>
				<total>0</total>
				<timestamp>5768.600185</timestamp>
			</report>
			<report>
				<misses>596100001</misses>
				<total>0</total>
				<timestamp>5769.589476</timestamp>
			</report>
			<report>
				<misses>596200001</misses>
				<total>0</total>
				<timestamp>5770.578966</timestamp>
			</report>
			<report>
				<misses>596300001</misses>
				<total>0</total>
				<timestamp>5771.569639</timestamp>
			</report>
			<report>
				<misses>596400001</misses>
				<total>0</total>
				<timestamp>5772.560065</timestamp>
			</report>
			<report>
				<misses>596500001</misses>
				<total>0</total>
				<timestamp>5773.550312</timestamp>
			</report>
			<report>
				<misses>596600001</misses>
				<total>0</total>
				<timestamp>5774.540043</timestamp>
			</report>
			<report>
				<misses>596700001</misses>
				<total>0</total>
				<timestamp>5775.529775</timestamp>
			</report>
			<report>
				<misses>596800001</misses>
				<total>0</total>
				<timestamp>5776.520386</timestamp>
			</report>
			<report>
				<misses>596900001</misses>
				<total>0</total>
				<timestamp>5777.510550</timestamp>
			</report>
			<report>
				<misses>597000001</misses>
				<total>0</total>
				<timestamp>5778.500802</timestamp>
			</report>
			<report>
				<misses>597100001</misses>
				<total>0</total>
				<timestamp>5779.490859</timestamp>
			</report>
			<report>
				<misses>597200001</misses>
				<total>0</total>
				<timestamp>5780.481061</timestamp>
			</report>
			<report>
				<misses>597300001</misses>
				<total>0</total>
				<timestamp>5781.470524</timestamp>
			</report>
			<report>
				<misses>597400001</misses>
				<total>0</total>
				<timestamp>5782.460237</timestamp>
			</report>
			<report>
				<misses>597500001</misses>
				<total>0</total>
				<timestamp>5783.449790</timestamp>
			</report>
			<report>
				<misses>597600001</misses>
				<total>0</total>
				<timestamp>5784.439071</timestamp>
			</report>
			<report>
				<misses>597700001</misses>
				<total>0</total>
				<timestamp>5785.428132</timestamp>
			</report>
			<report>
				<misses>597800001</misses>
				<total>0</total>
				<timestamp>5786.417315</timestamp>
			</report>
			<report>
				<misses>597900001</misses>
				<total>0</total>
				<timestamp>5787.406593</timestamp>
			</report>
			<report>
				<misses>598000001</misses>
				<total>0</total>
				<timestamp>5788.395484</timestamp>
			</report>
			<report>
				<misses>598100001</misses>
				<total>0</total>
				<timestamp>5789.385538</timestamp>
			</report>
			<report>
				<misses>598200001</misses>
				<total>0</total>
				<timestamp>5790.374346</timestamp>
			</report>
			<report>
				<misses>598300001</misses>
				<total>0</total>
				<timestamp>5791.364287</timestamp>
			</report>
			<report>
				<misses>598400001</misses>
				<total>0</total>
				<timestamp>5792.352863</timestamp>
			</report>
			<report>
				<misses>598500001</misses>
				<total>0</total>
				<timestamp>5793.342329</timestamp>
			</report>
			<report>
				<misses>598600001</misses>
				<total>0</total>
				<timestamp>5794.332441</timestamp>
			</report>
			<report>
				<misses>598700001</misses>
				<total>0</total>
				<timestamp>5795.321981</timestamp>
			</report>
			<report>
				<misses>598800001</misses>
				<total>0</total>
				<timestamp>5796.312019</timestamp>
			</report>
			<report>
				<misses>598900001</misses>
				<total>0</total>
				<timestamp>5797.301115</timestamp>
			</report>
			<report>
				<misses>599000001</misses>
				<total>0</total>
				<timestamp>5798.289918</timestamp>
			</report>
			<report>
				<misses>599100001</misses>
				<total>0</total>
				<timestamp>5799.279079</timestamp>
			</report>
			<report>
				<misses>599200001</misses>
				<total>0</total>
				<timestamp>5800.261251</timestamp>
			</report>
			<report>
				<misses>599300001</misses>
				<total>0</total>
				<timestamp>5801.238286</timestamp>
			</report>
			<report>
				<misses>599400001</misses>
				<total>0</total>
				<timestamp>5802.221579</timestamp>
			</report>
			<report>
				<misses>599500001</misses>
				<total>0</total>
				<timestamp>5803.204779</timestamp>
			</report>
			<report>
				<misses>599600001</misses>
				<total>0</total>
				<timestamp>5804.187495</timestamp>
			</report>
			<report>
				<misses>599700001</misses>
				<total>0</total>
				<timestamp>5805.171767</timestamp>
			</report>
			<report>
				<misses>599800001</misses>
				<total>0</total>
				<timestamp>5806.160013</timestamp>
			</report>
			<report>
				<misses>599900001</misses>
				<total>0</total>
				<timestamp>5807.145684</timestamp>
			</report>
			<report>
				<misses>600000001</misses>
				<total>0</total>
				<timestamp>5808.127805</timestamp>
			</report>
			<report>
				<misses>600100001</misses>
				<total>0</total>
				<timestamp>5809.109668</timestamp>
			</report>
			<report>
				<misses>600200001</misses>
				<total>0</total>
				<timestamp>5810.092155</timestamp>
			</report>
			<report>
				<misses>600300001</misses>
				<total>0</total>
				<timestamp>5811.074383</timestamp>
			</report>
			<report>
				<misses>600400001</misses>
				<total>0</total>
				<timestamp>5812.055590</timestamp>
			</report>
			<report>
				<misses>600500001</misses>
				<total>0</total>
				<timestamp>5813.037200</timestamp>
			</report>
			<report>
				<misses>600600001</misses>
				<total>0</total>
				<timestamp>5814.019145</timestamp>
			</report>
			<report>
				<misses>600700001</misses>
				<total>0</total>
				<timestamp>5815.000149</timestamp>
			</report>
			<report>
				<misses>600800001</misses>
				<total>0</total>
				<timestamp>5815.982173</timestamp>
			</report>
			<report>
				<misses>600900001</misses>
				<total>0</total>
				<timestamp>5816.963626</timestamp>
			</report>
			<report>
				<misses>601000001</misses>
				<total>0</total>
				<timestamp>5817.946193</timestamp>
			</report>
			<report>
				<misses>601100001</misses>
				<total>0</total>
				<timestamp>5818.929040</timestamp>
			</report>
			<report>
				<misses>601200001</misses>
				<total>0</total>
				<timestamp>5819.911037</timestamp>
			</report>
			<report>
				<misses>601300001</misses>
				<total>0</total>
				<timestamp>5820.893869</timestamp>
			</report>
			<report>
				<misses>601400001</misses>
				<total>0</total>
				<timestamp>5821.876752</timestamp>
			</report>
			<report>
				<misses>601500001</misses>
				<total>0</total>
				<timestamp>5822.859156</timestamp>
			</report>
			<report>
				<misses>601600001</misses>
				<total>0</total>
				<timestamp>5823.840852</timestamp>
			</report>
			<report>
				<misses>601700001</misses>
				<total>0</total>
				<timestamp>5824.822666</timestamp>
			</report>
			<report>
				<misses>601800001</misses>
				<total>0</total>
				<timestamp>5825.805402</timestamp>
			</report>
			<report>
				<misses>601900001</misses>
				<total>0</total>
				<timestamp>5826.787408</timestamp>
			</report>
			<report>
				<misses>602000001</misses>
				<total>0</total>
				<timestamp>5827.769532</timestamp>
			</report>
			<report>
				<misses>602100001</misses>
				<total>0</total>
				<timestamp>5828.751245</timestamp>
			</report>
			<report>
				<misses>602200001</misses>
				<total>0</total>
				<timestamp>5829.733424</timestamp>
			</report>
			<report>
				<misses>602300001</misses>
				<total>0</total>
				<timestamp>5830.715475</timestamp>
			</report>
			<report>
				<misses>602400001</misses>
				<total>0</total>
				<timestamp>5831.697467</timestamp>
			</report>
			<report>
				<misses>602500001</misses>
				<total>0</total>
				<timestamp>5832.677638</timestamp>
			</report>
			<report>
				<misses>602600001</misses>
				<total>0</total>
				<timestamp>5833.660930</timestamp>
			</report>
			<report>
				<misses>602700001</misses>
				<total>0</total>
				<timestamp>5834.644073</timestamp>
			</report>
			<report>
				<misses>602800001</misses>
				<total>0</total>
				<timestamp>5835.628300</timestamp>
			</report>
			<report>
				<misses>602900001</misses>
				<total>0</total>
				<timestamp>5836.611307</timestamp>
			</report>
			<report>
				<misses>603000001</misses>
				<total>0</total>
				<timestamp>5837.594598</timestamp>
			</report>
			<report>
				<misses>603100001</misses>
				<total>0</total>
				<timestamp>5838.577881</timestamp>
			</report>
			<report>
				<misses>603200001</misses>
				<total>0</total>
				<timestamp>5839.562033</timestamp>
			</report>
			<report>
				<misses>603300001</misses>
				<total>0</total>
				<timestamp>5840.545258</timestamp>
			</report>
			<report>
				<misses>603400001</misses>
				<total>0</total>
				<timestamp>5841.528832</timestamp>
			</report>
			<report>
				<misses>603500001</misses>
				<total>0</total>
				<timestamp>5842.511976</timestamp>
			</report>
			<report>
				<misses>603600001</misses>
				<total>0</total>
				<timestamp>5843.494996</timestamp>
			</report>
			<report>
				<misses>603700001</misses>
				<total>0</total>
				<timestamp>5844.477822</timestamp>
			</report>
			<report>
				<misses>603800001</misses>
				<total>0</total>
				<timestamp>5845.461563</timestamp>
			</report>
			<report>
				<misses>603900001</misses>
				<total>0</total>
				<timestamp>5846.445089</timestamp>
			</report>
			<report>
				<misses>604000001</misses>
				<total>0</total>
				<timestamp>5847.428536</timestamp>
			</report>
			<report>
				<misses>604100001</misses>
				<total>0</total>
				<timestamp>5848.412171</timestamp>
			</report>
			<report>
				<misses>604200001</misses>
				<total>0</total>
				<timestamp>5849.395368</timestamp>
			</report>
			<report>
				<misses>604300001</misses>
				<total>0</total>
				<timestamp>5850.379041</timestamp>
			</report>
			<report>
				<misses>604400001</misses>
				<total>0</total>
				<timestamp>5851.362773</timestamp>
			</report>
			<report>
				<misses>604500001</misses>
				<total>0</total>
				<timestamp>5852.346259</timestamp>
			</report>
			<report>
				<misses>604600001</misses>
				<total>0</total>
				<timestamp>5853.330170</timestamp>
			</report>
			<report>
				<misses>604700001</misses>
				<total>0</total>
				<timestamp>5854.313742</timestamp>
			</report>
			<report>
				<misses>604800001</misses>
				<total>0</total>
				<timestamp>5855.297072</timestamp>
			</report>
			<report>
				<misses>604900001</misses>
				<total>0</total>
				<timestamp>5856.281069</timestamp>
			</report>
			<report>
				<misses>605000001</misses>
				<total>0</total>
				<timestamp>5857.264842</timestamp>
			</report>
			<report>
				<misses>605100001</misses>
				<total>0</total>
				<timestamp>5858.247930</timestamp>
			</report>
			<report>
				<misses>605200001</misses>
				<total>0</total>
				<timestamp>5859.231504</timestamp>
			</report>
			<report>
				<misses>605300001</misses>
				<total>0</total>
				<timestamp>5860.215675</timestamp>
			</report>
			<report>
				<misses>605400001</misses>
				<total>0</total>
				<timestamp>5861.199730</timestamp>
			</report>
			<report>
				<misses>605500001</misses>
				<total>0</total>
				<timestamp>5862.183548</timestamp>
			</report>
			<report>
				<misses>605600001</misses>
				<total>0</total>
				<timestamp>5863.167595</timestamp>
			</report>
			<report>
				<misses>605700001</misses>
				<total>0</total>
				<timestamp>5864.151091</timestamp>
			</report>
			<report>
				<misses>605800001</misses>
				<total>0</total>
				<timestamp>5865.134755</timestamp>
			</report>
			<report>
				<misses>605900001</misses>
				<total>0</total>
				<timestamp>5866.118176</timestamp>
			</report>
			<report>
				<misses>606000001</misses>
				<total>0</total>
				<timestamp>5867.101989</timestamp>
			</report>
			<report>
				<misses>606100001</misses>
				<total>0</total>
				<timestamp>5868.085536</timestamp>
			</report>
			<report>
				<misses>606200001</misses>
				<total>0</total>
				<timestamp>5869.068914</timestamp>
			</report>
			<report>
				<misses>606300001</misses>
				<total>0</total>
				<timestamp>5870.052478</timestamp>
			</report>
			<report>
				<misses>606400001</misses>
				<total>0</total>
				<timestamp>5871.035672</timestamp>
			</report>
			<report>
				<misses>606500001</misses>
				<total>0</total>
				<timestamp>5872.019220</timestamp>
			</report>
			<report>
				<misses>606600001</misses>
				<total>0</total>
				<timestamp>5873.002668</timestamp>
			</report>
			<report>
				<misses>606700001</misses>
				<total>0</total>
				<timestamp>5873.985701</timestamp>
			</report>
			<report>
				<misses>606800001</misses>
				<total>0</total>
				<timestamp>5874.969406</timestamp>
			</report>
			<report>
				<misses>606900001</misses>
				<total>0</total>
				<timestamp>5875.952548</timestamp>
			</report>
			<report>
				<misses>607000001</misses>
				<total>0</total>
				<timestamp>5876.936358</timestamp>
			</report>
			<report>
				<misses>607100001</misses>
				<total>0</total>
				<timestamp>5877.919892</timestamp>
			</report>
			<report>
				<misses>607200001</misses>
				<total>0</total>
				<timestamp>5878.903460</timestamp>
			</report>
			<report>
				<misses>607300001</misses>
				<total>0</total>
				<timestamp>5879.887057</timestamp>
			</report>
			<report>
				<misses>607400001</misses>
				<total>0</total>
				<timestamp>5880.870364</timestamp>
			</report>
			<report>
				<misses>607500001</misses>
				<total>0</total>
				<timestamp>5881.854276</timestamp>
			</report>
			<report>
				<misses>607600001</misses>
				<total>0</total>
				<timestamp>5882.837546</timestamp>
			</report>
			<report>
				<misses>607700001</misses>
				<total>0</total>
				<timestamp>5883.820412</timestamp>
			</report>
			<report>
				<misses>607800001</misses>
				<total>0</total>
				<timestamp>5884.804105</timestamp>
			</report>
			<report>
				<misses>607900001</misses>
				<total>0</total>
				<timestamp>5885.787767</timestamp>
			</report>
			<report>
				<misses>608000001</misses>
				<total>0</total>
				<timestamp>5886.771860</timestamp>
			</report>
			<report>
				<misses>608100001</misses>
				<total>0</total>
				<timestamp>5887.754995</timestamp>
			</report>
			<report>
				<misses>608200001</misses>
				<total>0</total>
				<timestamp>5888.738252</timestamp>
			</report>
			<report>
				<misses>608300001</misses>
				<total>0</total>
				<timestamp>5889.721559</timestamp>
			</report>
			<report>
				<misses>608400001</misses>
				<total>0</total>
				<timestamp>5890.705056</timestamp>
			</report>
			<report>
				<misses>608500001</misses>
				<total>0</total>
				<timestamp>5891.688619</timestamp>
			</report>
			<report>
				<misses>608600001</misses>
				<total>0</total>
				<timestamp>5892.672144</timestamp>
			</report>
			<report>
				<misses>608700001</misses>
				<total>0</total>
				<timestamp>5893.655942</timestamp>
			</report>
			<report>
				<misses>608800001</misses>
				<total>0</total>
				<timestamp>5894.639359</timestamp>
			</report>
			<report>
				<misses>608900001</misses>
				<total>0</total>
				<timestamp>5895.623382</timestamp>
			</report>
			<report>
				<misses>609000001</misses>
				<total>0</total>
				<timestamp>5896.607271</timestamp>
			</report>
			<report>
				<misses>609100001</misses>
				<total>0</total>
				<timestamp>5897.590620</timestamp>
			</report>
			<report>
				<misses>609200001</misses>
				<total>0</total>
				<timestamp>5898.574411</timestamp>
			</report>
			<report>
				<misses>609300001</misses>
				<total>0</total>
				<timestamp>5899.558056</timestamp>
			</report>
			<report>
				<misses>609400001</misses>
				<total>0</total>
				<timestamp>5900.541495</timestamp>
			</report>
			<report>
				<misses>609500001</misses>
				<total>0</total>
				<timestamp>5901.524610</timestamp>
			</report>
			<report>
				<misses>609600001</misses>
				<total>0</total>
				<timestamp>5902.508550</timestamp>
			</report>
			<report>
				<misses>609700001</misses>
				<total>0</total>
				<timestamp>5903.492053</timestamp>
			</report>
			<report>
				<misses>609800001</misses>
				<total>0</total>
				<timestamp>5904.475226</timestamp>
			</report>
			<report>
				<misses>609900001</misses>
				<total>0</total>
				<timestamp>5905.458916</timestamp>
			</report>
			<report>
				<misses>610000001</misses>
				<total>0</total>
				<timestamp>5906.442182</timestamp>
			</report>
			<report>
				<misses>610100001</misses>
				<total>0</total>
				<timestamp>5907.425668</timestamp>
			</report>
			<report>
				<misses>610200001</misses>
				<total>0</total>
				<timestamp>5908.409679</timestamp>
			</report>
			<report>
				<misses>610300001</misses>
				<total>0</total>
				<timestamp>5909.393971</timestamp>
			</report>
			<report>
				<misses>610400001</misses>
				<total>0</total>
				<timestamp>5910.377967</timestamp>
			</report>
			<report>
				<misses>610500001</misses>
				<total>0</total>
				<timestamp>5911.362003</timestamp>
			</report>
			<report>
				<misses>610600001</misses>
				<total>0</total>
				<timestamp>5912.345400</timestamp>
			</report>
			<report>
				<misses>610700001</misses>
				<total>0</total>
				<timestamp>5913.328856</timestamp>
			</report>
			<report>
				<misses>610800001</misses>
				<total>0</total>
				<timestamp>5914.312638</timestamp>
			</report>
			<report>
				<misses>610900001</misses>
				<total>0</total>
				<timestamp>5915.296460</timestamp>
			</report>
			<report>
				<misses>611000001</misses>
				<total>0</total>
				<timestamp>5916.280059</timestamp>
			</report>
			<report>
				<misses>611100001</misses>
				<total>0</total>
				<timestamp>5917.263413</timestamp>
			</report>
			<report>
				<misses>611200001</misses>
				<total>0</total>
				<timestamp>5918.247204</timestamp>
			</report>
			<report>
				<misses>611300001</misses>
				<total>0</total>
				<timestamp>5919.230573</timestamp>
			</report>
			<report>
				<misses>611400001</misses>
				<total>0</total>
				<timestamp>5920.213479</timestamp>
			</report>
			<report>
				<misses>611500001</misses>
				<total>0</total>
				<timestamp>5921.197317</timestamp>
			</report>
			<report>
				<misses>611600001</misses>
				<total>0</total>
				<timestamp>5922.180289</timestamp>
			</report>
			<report>
				<misses>611700001</misses>
				<total>0</total>
				<timestamp>5923.163634</timestamp>
			</report>
			<report>
				<misses>611800001</misses>
				<total>0</total>
				<timestamp>5924.147221</timestamp>
			</report>
			<report>
				<misses>611900001</misses>
				<total>0</total>
				<timestamp>5925.130756</timestamp>
			</report>
			<report>
				<misses>612000001</misses>
				<total>0</total>
				<timestamp>5926.114176</timestamp>
			</report>
			<report>
				<misses>612100001</misses>
				<total>0</total>
				<timestamp>5927.097677</timestamp>
			</report>
			<report>
				<misses>612200001</misses>
				<total>0</total>
				<timestamp>5928.080441</timestamp>
			</report>
			<report>
				<misses>612300001</misses>
				<total>0</total>
				<timestamp>5929.064603</timestamp>
			</report>
			<report>
				<misses>612400001</misses>
				<total>0</total>
				<timestamp>5930.048145</timestamp>
			</report>
			<report>
				<misses>612500001</misses>
				<total>0</total>
				<timestamp>5931.031492</timestamp>
			</report>
			<report>
				<misses>612600001</misses>
				<total>0</total>
				<timestamp>5932.014999</timestamp>
			</report>
			<report>
				<misses>612700001</misses>
				<total>0</total>
				<timestamp>5932.998498</timestamp>
			</report>
			<report>
				<misses>612800001</misses>
				<total>0</total>
				<timestamp>5933.981509</timestamp>
			</report>
			<report>
				<misses>612900001</misses>
				<total>0</total>
				<timestamp>5934.965287</timestamp>
			</report>
			<report>
				<misses>613000001</misses>
				<total>0</total>
				<timestamp>5935.948662</timestamp>
			</report>
			<report>
				<misses>613100001</misses>
				<total>0</total>
				<timestamp>5936.931666</timestamp>
			</report>
			<report>
				<misses>613200001</misses>
				<total>0</total>
				<timestamp>5937.915365</timestamp>
			</report>
			<report>
				<misses>613300001</misses>
				<total>0</total>
				<timestamp>5938.898686</timestamp>
			</report>
			<report>
				<misses>613400001</misses>
				<total>0</total>
				<timestamp>5939.882493</timestamp>
			</report>
			<report>
				<misses>613500001</misses>
				<total>0</total>
				<timestamp>5940.866005</timestamp>
			</report>
			<report>
				<misses>613600001</misses>
				<total>0</total>
				<timestamp>5941.849173</timestamp>
			</report>
			<report>
				<misses>613700001</misses>
				<total>0</total>
				<timestamp>5942.833160</timestamp>
			</report>
			<report>
				<misses>613800001</misses>
				<total>0</total>
				<timestamp>5943.812917</timestamp>
			</report>
			<report>
				<misses>613900001</misses>
				<total>0</total>
				<timestamp>5944.786673</timestamp>
			</report>
			<report>
				<misses>614000001</misses>
				<total>0</total>
				<timestamp>5945.769679</timestamp>
			</report>
			<report>
				<misses>614100001</misses>
				<total>0</total>
				<timestamp>5946.754055</timestamp>
			</report>
			<report>
				<misses>614200001</misses>
				<total>0</total>
				<timestamp>5947.738716</timestamp>
			</report>
			<report>
				<misses>614300001</misses>
				<total>0</total>
				<timestamp>5948.723134</timestamp>
			</report>
			<report>
				<misses>614400001</misses>
				<total>0</total>
				<timestamp>5949.707811</timestamp>
			</report>
			<report>
				<misses>614500001</misses>
				<total>0</total>
				<timestamp>5950.691917</timestamp>
			</report>
			<report>
				<misses>614600001</misses>
				<total>0</total>
				<timestamp>5951.676815</timestamp>
			</report>
			<report>
				<misses>614700001</misses>
				<total>0</total>
				<timestamp>5952.661825</timestamp>
			</report>
			<report>
				<misses>614800001</misses>
				<total>0</total>
				<timestamp>5953.646399</timestamp>
			</report>
			<report>
				<misses>614900001</misses>
				<total>0</total>
				<timestamp>5954.630805</timestamp>
			</report>
			<report>
				<misses>615000001</misses>
				<total>0</total>
				<timestamp>5955.615069</timestamp>
			</report>
			<report>
				<misses>615100001</misses>
				<total>0</total>
				<timestamp>5956.600128</timestamp>
			</report>
			<report>
				<misses>615200001</misses>
				<total>0</total>
				<timestamp>5957.584732</timestamp>
			</report>
			<report>
				<misses>615300001</misses>
				<total>0</total>
				<timestamp>5958.569873</timestamp>
			</report>
			<report>
				<misses>615400001</misses>
				<total>0</total>
				<timestamp>5959.554300</timestamp>
			</report>
			<report>
				<misses>615500001</misses>
				<total>0</total>
				<timestamp>5960.539331</timestamp>
			</report>
			<report>
				<misses>615600001</misses>
				<total>0</total>
				<timestamp>5961.524212</timestamp>
			</report>
			<report>
				<misses>615700001</misses>
				<total>0</total>
				<timestamp>5962.508644</timestamp>
			</report>
			<report>
				<misses>615800001</misses>
				<total>0</total>
				<timestamp>5963.492519</timestamp>
			</report>
			<report>
				<misses>615900001</misses>
				<total>0</total>
				<timestamp>5964.476727</timestamp>
			</report>
			<report>
				<misses>616000001</misses>
				<total>0</total>
				<timestamp>5965.460771</timestamp>
			</report>
			<report>
				<misses>616100001</misses>
				<total>0</total>
				<timestamp>5966.445007</timestamp>
			</report>
			<report>
				<misses>616200001</misses>
				<total>0</total>
				<timestamp>5967.429933</timestamp>
			</report>
			<report>
				<misses>616300001</misses>
				<total>0</total>
				<timestamp>5968.414199</timestamp>
			</report>
			<report>
				<misses>616400001</misses>
				<total>0</total>
				<timestamp>5969.398193</timestamp>
			</report>
			<report>
				<misses>616500001</misses>
				<total>0</total>
				<timestamp>5970.381776</timestamp>
			</report>
			<report>
				<misses>616600001</misses>
				<total>0</total>
				<timestamp>5971.366088</timestamp>
			</report>
			<report>
				<misses>616700001</misses>
				<total>0</total>
				<timestamp>5972.350447</timestamp>
			</report>
			<report>
				<misses>616800001</misses>
				<total>0</total>
				<timestamp>5973.335060</timestamp>
			</report>
			<report>
				<misses>616900001</misses>
				<total>0</total>
				<timestamp>5974.319219</timestamp>
			</report>
			<report>
				<misses>617000001</misses>
				<total>0</total>
				<timestamp>5975.303789</timestamp>
			</report>
			<report>
				<misses>617100001</misses>
				<total>0</total>
				<timestamp>5976.282031</timestamp>
			</report>
			<report>
				<misses>617200001</misses>
				<total>0</total>
				<timestamp>5977.272200</timestamp>
			</report>
			<report>
				<misses>617300001</misses>
				<total>0</total>
				<timestamp>5978.262524</timestamp>
			</report>
			<report>
				<misses>617400001</misses>
				<total>0</total>
				<timestamp>5979.253084</timestamp>
			</report>
			<report>
				<misses>617500001</misses>
				<total>0</total>
				<timestamp>5980.240584</timestamp>
			</report>
			<report>
				<misses>617600001</misses>
				<total>0</total>
				<timestamp>5981.227500</timestamp>
			</report>
			<report>
				<misses>617700001</misses>
				<total>0</total>
				<timestamp>5982.214433</timestamp>
			</report>
			<report>
				<misses>617800001</misses>
				<total>0</total>
				<timestamp>5983.201247</timestamp>
			</report>
			<report>
				<misses>617900001</misses>
				<total>0</total>
				<timestamp>5984.187949</timestamp>
			</report>
			<report>
				<misses>618000001</misses>
				<total>0</total>
				<timestamp>5985.174606</timestamp>
			</report>
			<report>
				<misses>618100001</misses>
				<total>0</total>
				<timestamp>5986.160619</timestamp>
			</report>
			<report>
				<misses>618200001</misses>
				<total>0</total>
				<timestamp>5987.148100</timestamp>
			</report>
			<report>
				<misses>618300001</misses>
				<total>0</total>
				<timestamp>5988.136013</timestamp>
			</report>
			<report>
				<misses>618400001</misses>
				<total>0</total>
				<timestamp>5989.123826</timestamp>
			</report>
			<report>
				<misses>618500001</misses>
				<total>0</total>
				<timestamp>5990.111142</timestamp>
			</report>
			<report>
				<misses>618600001</misses>
				<total>0</total>
				<timestamp>5991.099220</timestamp>
			</report>
			<report>
				<misses>618700001</misses>
				<total>0</total>
				<timestamp>5992.085959</timestamp>
			</report>
			<report>
				<misses>618800001</misses>
				<total>0</total>
				<timestamp>5993.072749</timestamp>
			</report>
			<report>
				<misses>618900001</misses>
				<total>0</total>
				<timestamp>5994.060554</timestamp>
			</report>
			<report>
				<misses>619000001</misses>
				<total>0</total>
				<timestamp>5995.048476</timestamp>
			</report>
			<report>
				<misses>619100001</misses>
				<total>0</total>
				<timestamp>5996.035870</timestamp>
			</report>
			<report>
				<misses>619200001</misses>
				<total>0</total>
				<timestamp>5997.023757</timestamp>
			</report>
			<report>
				<misses>619300001</misses>
				<total>0</total>
				<timestamp>5998.010603</timestamp>
			</report>
			<report>
				<misses>619400001</misses>
				<total>0</total>
				<timestamp>5998.998308</timestamp>
			</report>
			<report>
				<misses>619500001</misses>
				<total>0</total>
				<timestamp>5999.985409</timestamp>
			</report>
			<report>
				<misses>619600001</misses>
				<total>0</total>
				<timestamp>6000.973562</timestamp>
			</report>
			<report>
				<misses>619700001</misses>
				<total>0</total>
				<timestamp>6001.961703</timestamp>
			</report>
			<report>
				<misses>619800001</misses>
				<total>0</total>
				<timestamp>6002.949357</timestamp>
			</report>
			<report>
				<misses>619900001</misses>
				<total>0</total>
				<timestamp>6003.936906</timestamp>
			</report>
			<report>
				<misses>620000001</misses>
				<total>0</total>
				<timestamp>6004.924816</timestamp>
			</report>
			<report>
				<misses>620100001</misses>
				<total>0</total>
				<timestamp>6005.912650</timestamp>
			</report>
			<report>
				<misses>620200001</misses>
				<total>0</total>
				<timestamp>6006.901249</timestamp>
			</report>
			<report>
				<misses>620300001</misses>
				<total>0</total>
				<timestamp>6007.889393</timestamp>
			</report>
			<report>
				<misses>620400001</misses>
				<total>0</total>
				<timestamp>6008.877952</timestamp>
			</report>
			<report>
				<misses>620500001</misses>
				<total>0</total>
				<timestamp>6009.866756</timestamp>
			</report>
			<report>
				<misses>620600001</misses>
				<total>0</total>
				<timestamp>6010.854070</timestamp>
			</report>
			<report>
				<misses>620700001</misses>
				<total>0</total>
				<timestamp>6011.841668</timestamp>
			</report>
			<report>
				<misses>620800001</misses>
				<total>0</total>
				<timestamp>6012.828573</timestamp>
			</report>
			<report>
				<misses>620900001</misses>
				<total>0</total>
				<timestamp>6013.816743</timestamp>
			</report>
			<report>
				<misses>621000001</misses>
				<total>0</total>
				<timestamp>6014.804068</timestamp>
			</report>
			<report>
				<misses>621100001</misses>
				<total>0</total>
				<timestamp>6015.792016</timestamp>
			</report>
			<report>
				<misses>621200001</misses>
				<total>0</total>
				<timestamp>6016.780570</timestamp>
			</report>
			<report>
				<misses>621300001</misses>
				<total>0</total>
				<timestamp>6017.768764</timestamp>
			</report>
			<report>
				<misses>621400001</misses>
				<total>0</total>
				<timestamp>6018.756040</timestamp>
			</report>
			<report>
				<misses>621500001</misses>
				<total>0</total>
				<timestamp>6019.743561</timestamp>
			</report>
			<report>
				<misses>621600001</misses>
				<total>0</total>
				<timestamp>6020.732177</timestamp>
			</report>
			<report>
				<misses>621700001</misses>
				<total>0</total>
				<timestamp>6021.721090</timestamp>
			</report>
			<report>
				<misses>621800001</misses>
				<total>0</total>
				<timestamp>6022.709718</timestamp>
			</report>
			<report>
				<misses>621900001</misses>
				<total>0</total>
				<timestamp>6023.697859</timestamp>
			</report>
			<report>
				<misses>622000001</misses>
				<total>0</total>
				<timestamp>6024.684712</timestamp>
			</report>
			<report>
				<misses>622100001</misses>
				<total>0</total>
				<timestamp>6025.672757</timestamp>
			</report>
			<report>
				<misses>622200001</misses>
				<total>0</total>
				<timestamp>6026.660531</timestamp>
			</report>
			<report>
				<misses>622300001</misses>
				<total>0</total>
				<timestamp>6027.648614</timestamp>
			</report>
			<report>
				<misses>622400001</misses>
				<total>0</total>
				<timestamp>6028.636597</timestamp>
			</report>
			<report>
				<misses>622500001</misses>
				<total>0</total>
				<timestamp>6029.624363</timestamp>
			</report>
			<report>
				<misses>622600001</misses>
				<total>0</total>
				<timestamp>6030.611258</timestamp>
			</report>
			<report>
				<misses>622700001</misses>
				<total>0</total>
				<timestamp>6031.599614</timestamp>
			</report>
			<report>
				<misses>622800001</misses>
				<total>0</total>
				<timestamp>6032.586997</timestamp>
			</report>
			<report>
				<misses>622900001</misses>
				<total>0</total>
				<timestamp>6033.574347</timestamp>
			</report>
			<report>
				<misses>623000001</misses>
				<total>0</total>
				<timestamp>6034.560884</timestamp>
			</report>
			<report>
				<misses>623100001</misses>
				<total>0</total>
				<timestamp>6035.547865</timestamp>
			</report>
			<report>
				<misses>623200001</misses>
				<total>0</total>
				<timestamp>6036.531298</timestamp>
			</report>
			<report>
				<misses>623300001</misses>
				<total>0</total>
				<timestamp>6037.501015</timestamp>
			</report>
			<report>
				<misses>623400001</misses>
				<total>0</total>
				<timestamp>6038.390641</timestamp>
			</report>
			<report>
				<misses>623500001</misses>
				<total>0</total>
				<timestamp>6039.283303</timestamp>
			</report>
			<report>
				<misses>623600001</misses>
				<total>0</total>
				<timestamp>6040.255330</timestamp>
			</report>
			<report>
				<misses>623700001</misses>
				<total>0</total>
				<timestamp>6041.247313</timestamp>
			</report>
			<report>
				<misses>623800001</misses>
				<total>0</total>
				<timestamp>6042.235225</timestamp>
			</report>
			<report>
				<misses>623900001</misses>
				<total>0</total>
				<timestamp>6043.224582</timestamp>
			</report>
			<report>
				<misses>624000001</misses>
				<total>0</total>
				<timestamp>6044.212967</timestamp>
			</report>
			<report>
				<misses>624100001</misses>
				<total>0</total>
				<timestamp>6045.201587</timestamp>
			</report>
			<report>
				<misses>624200001</misses>
				<total>0</total>
				<timestamp>6046.189796</timestamp>
			</report>
			<report>
				<misses>624300001</misses>
				<total>0</total>
				<timestamp>6047.178286</timestamp>
			</report>
			<report>
				<misses>624400001</misses>
				<total>0</total>
				<timestamp>6048.166433</timestamp>
			</report>
			<report>
				<misses>624500001</misses>
				<total>0</total>
				<timestamp>6049.154551</timestamp>
			</report>
			<report>
				<misses>624600001</misses>
				<total>0</total>
				<timestamp>6050.143007</timestamp>
			</report>
			<report>
				<misses>624700001</misses>
				<total>0</total>
				<timestamp>6051.131136</timestamp>
			</report>
			<report>
				<misses>624800001</misses>
				<total>0</total>
				<timestamp>6052.127155</timestamp>
			</report>
			<report>
				<misses>624900001</misses>
				<total>0</total>
				<timestamp>6053.115861</timestamp>
			</report>
			<report>
				<misses>625000001</misses>
				<total>0</total>
				<timestamp>6054.104663</timestamp>
			</report>
			<report>
				<misses>625100001</misses>
				<total>0</total>
				<timestamp>6055.094663</timestamp>
			</report>
			<report>
				<misses>625200001</misses>
				<total>0</total>
				<timestamp>6056.084315</timestamp>
			</report>
			<report>
				<misses>625300001</misses>
				<total>0</total>
				<timestamp>6057.073812</timestamp>
			</report>
			<report>
				<misses>625400001</misses>
				<total>0</total>
				<timestamp>6058.063402</timestamp>
			</report>
			<report>
				<misses>625500001</misses>
				<total>0</total>
				<timestamp>6059.052920</timestamp>
			</report>
			<report>
				<misses>625600001</misses>
				<total>0</total>
				<timestamp>6060.041895</timestamp>
			</report>
			<report>
				<misses>625700001</misses>
				<total>0</total>
				<timestamp>6061.031201</timestamp>
			</report>
			<report>
				<misses>625800001</misses>
				<total>0</total>
				<timestamp>6062.020488</timestamp>
			</report>
			<report>
				<misses>625900001</misses>
				<total>0</total>
				<timestamp>6063.009532</timestamp>
			</report>
			<report>
				<misses>626000001</misses>
				<total>0</total>
				<timestamp>6063.999094</timestamp>
			</report>
			<report>
				<misses>626100001</misses>
				<total>0</total>
				<timestamp>6064.987649</timestamp>
			</report>
			<report>
				<misses>626200001</misses>
				<total>0</total>
				<timestamp>6065.976668</timestamp>
			</report>
			<report>
				<misses>626300001</misses>
				<total>0</total>
				<timestamp>6066.965601</timestamp>
			</report>
			<report>
				<misses>626400001</misses>
				<total>0</total>
				<timestamp>6067.955109</timestamp>
			</report>
			<report>
				<misses>626500001</misses>
				<total>0</total>
				<timestamp>6068.943612</timestamp>
			</report>
			<report>
				<misses>626600001</misses>
				<total>0</total>
				<timestamp>6069.932920</timestamp>
			</report>
			<report>
				<misses>626700001</misses>
				<total>0</total>
				<timestamp>6070.921033</timestamp>
			</report>
			<report>
				<misses>626800001</misses>
				<total>0</total>
				<timestamp>6071.909869</timestamp>
			</report>
			<report>
				<misses>626900001</misses>
				<total>0</total>
				<timestamp>6072.899276</timestamp>
			</report>
			<report>
				<misses>627000001</misses>
				<total>0</total>
				<timestamp>6073.888580</timestamp>
			</report>
			<report>
				<misses>627100001</misses>
				<total>0</total>
				<timestamp>6074.877877</timestamp>
			</report>
			<report>
				<misses>627200001</misses>
				<total>0</total>
				<timestamp>6075.866637</timestamp>
			</report>
			<report>
				<misses>627300001</misses>
				<total>0</total>
				<timestamp>6076.856188</timestamp>
			</report>
			<report>
				<misses>627400001</misses>
				<total>0</total>
				<timestamp>6077.845568</timestamp>
			</report>
			<report>
				<misses>627500001</misses>
				<total>0</total>
				<timestamp>6078.835408</timestamp>
			</report>
			<report>
				<misses>627600001</misses>
				<total>0</total>
				<timestamp>6079.824118</timestamp>
			</report>
			<report>
				<misses>627700001</misses>
				<total>0</total>
				<timestamp>6080.813032</timestamp>
			</report>
			<report>
				<misses>627800001</misses>
				<total>0</total>
				<timestamp>6081.803541</timestamp>
			</report>
			<report>
				<misses>627900001</misses>
				<total>0</total>
				<timestamp>6082.794239</timestamp>
			</report>
			<report>
				<misses>628000001</misses>
				<total>0</total>
				<timestamp>6083.784506</timestamp>
			</report>
			<report>
				<misses>628100001</misses>
				<total>0</total>
				<timestamp>6084.775148</timestamp>
			</report>
			<report>
				<misses>628200001</misses>
				<total>0</total>
				<timestamp>6085.765709</timestamp>
			</report>
			<report>
				<misses>628300001</misses>
				<total>0</total>
				<timestamp>6086.756193</timestamp>
			</report>
			<report>
				<misses>628400001</misses>
				<total>0</total>
				<timestamp>6087.745953</timestamp>
			</report>
			<report>
				<misses>628500001</misses>
				<total>0</total>
				<timestamp>6088.735620</timestamp>
			</report>
			<report>
				<misses>628600001</misses>
				<total>0</total>
				<timestamp>6089.725978</timestamp>
			</report>
			<report>
				<misses>628700001</misses>
				<total>0</total>
				<timestamp>6090.716663</timestamp>
			</report>
			<report>
				<misses>628800001</misses>
				<total>0</total>
				<timestamp>6091.706963</timestamp>
			</report>
			<report>
				<misses>628900001</misses>
				<total>0</total>
				<timestamp>6092.697640</timestamp>
			</report>
			<report>
				<misses>629000001</misses>
				<total>0</total>
				<timestamp>6093.686436</timestamp>
			</report>
			<report>
				<misses>629100001</misses>
				<total>0</total>
				<timestamp>6094.677064</timestamp>
			</report>
			<report>
				<misses>629200001</misses>
				<total>0</total>
				<timestamp>6095.666832</timestamp>
			</report>
			<report>
				<misses>629300001</misses>
				<total>0</total>
				<timestamp>6096.657088</timestamp>
			</report>
			<report>
				<misses>629400001</misses>
				<total>0</total>
				<timestamp>6097.646612</timestamp>
			</report>
			<report>
				<misses>629500001</misses>
				<total>0</total>
				<timestamp>6098.636756</timestamp>
			</report>
			<report>
				<misses>629600001</misses>
				<total>0</total>
				<timestamp>6099.626964</timestamp>
			</report>
			<report>
				<misses>629700001</misses>
				<total>0</total>
				<timestamp>6100.616389</timestamp>
			</report>
			<report>
				<misses>629800001</misses>
				<total>0</total>
				<timestamp>6101.607191</timestamp>
			</report>
			<report>
				<misses>629900001</misses>
				<total>0</total>
				<timestamp>6102.597922</timestamp>
			</report>
			<report>
				<misses>630000001</misses>
				<total>0</total>
				<timestamp>6103.588357</timestamp>
			</report>
			<report>
				<misses>630100001</misses>
				<total>0</total>
				<timestamp>6104.578495</timestamp>
			</report>
			<report>
				<misses>630200001</misses>
				<total>0</total>
				<timestamp>6105.569405</timestamp>
			</report>
			<report>
				<misses>630300001</misses>
				<total>0</total>
				<timestamp>6106.560899</timestamp>
			</report>
			<report>
				<misses>630400001</misses>
				<total>0</total>
				<timestamp>6107.551989</timestamp>
			</report>
			<report>
				<misses>630500001</misses>
				<total>0</total>
				<timestamp>6108.542383</timestamp>
			</report>
			<report>
				<misses>630600001</misses>
				<total>0</total>
				<timestamp>6109.532121</timestamp>
			</report>
			<report>
				<misses>630700001</misses>
				<total>0</total>
				<timestamp>6110.522139</timestamp>
			</report>
			<report>
				<misses>630800001</misses>
				<total>0</total>
				<timestamp>6111.511636</timestamp>
			</report>
			<report>
				<misses>630900001</misses>
				<total>0</total>
				<timestamp>6112.501324</timestamp>
			</report>
			<report>
				<misses>631000001</misses>
				<total>0</total>
				<timestamp>6113.490876</timestamp>
			</report>
			<report>
				<misses>631100001</misses>
				<total>0</total>
				<timestamp>6114.480456</timestamp>
			</report>
			<report>
				<misses>631200001</misses>
				<total>0</total>
				<timestamp>6115.470306</timestamp>
			</report>
			<report>
				<misses>631300001</misses>
				<total>0</total>
				<timestamp>6116.459933</timestamp>
			</report>
			<report>
				<misses>631400001</misses>
				<total>0</total>
				<timestamp>6117.449615</timestamp>
			</report>
			<report>
				<misses>631500001</misses>
				<total>0</total>
				<timestamp>6118.438992</timestamp>
			</report>
			<report>
				<misses>631600001</misses>
				<total>0</total>
				<timestamp>6119.428670</timestamp>
			</report>
			<report>
				<misses>631700001</misses>
				<total>0</total>
				<timestamp>6120.419295</timestamp>
			</report>
			<report>
				<misses>631800001</misses>
				<total>0</total>
				<timestamp>6121.409457</timestamp>
			</report>
			<report>
				<misses>631900001</misses>
				<total>0</total>
				<timestamp>6122.399434</timestamp>
			</report>
			<report>
				<misses>632000001</misses>
				<total>0</total>
				<timestamp>6123.388836</timestamp>
			</report>
			<report>
				<misses>632100001</misses>
				<total>0</total>
				<timestamp>6124.378957</timestamp>
			</report>
			<report>
				<misses>632200001</misses>
				<total>0</total>
				<timestamp>6125.368419</timestamp>
			</report>
			<report>
				<misses>632300001</misses>
				<total>0</total>
				<timestamp>6126.357814</timestamp>
			</report>
			<report>
				<misses>632400001</misses>
				<total>0</total>
				<timestamp>6127.348156</timestamp>
			</report>
			<report>
				<misses>632500001</misses>
				<total>0</total>
				<timestamp>6128.337504</timestamp>
			</report>
			<report>
				<misses>632600001</misses>
				<total>0</total>
				<timestamp>6129.327180</timestamp>
			</report>
			<report>
				<misses>632700001</misses>
				<total>0</total>
				<timestamp>6130.317131</timestamp>
			</report>
			<report>
				<misses>632800001</misses>
				<total>0</total>
				<timestamp>6131.307029</timestamp>
			</report>
			<report>
				<misses>632900001</misses>
				<total>0</total>
				<timestamp>6132.296412</timestamp>
			</report>
			<report>
				<misses>633000001</misses>
				<total>0</total>
				<timestamp>6133.286978</timestamp>
			</report>
			<report>
				<misses>633100001</misses>
				<total>0</total>
				<timestamp>6134.277125</timestamp>
			</report>
			<report>
				<misses>633200001</misses>
				<total>0</total>
				<timestamp>6135.266823</timestamp>
			</report>
			<report>
				<misses>633300001</misses>
				<total>0</total>
				<timestamp>6136.257168</timestamp>
			</report>
			<report>
				<misses>633400001</misses>
				<total>0</total>
				<timestamp>6137.248639</timestamp>
			</report>
			<report>
				<misses>633500001</misses>
				<total>0</total>
				<timestamp>6138.240029</timestamp>
			</report>
			<report>
				<misses>633600001</misses>
				<total>0</total>
				<timestamp>6139.231330</timestamp>
			</report>
			<report>
				<misses>633700001</misses>
				<total>0</total>
				<timestamp>6140.221832</timestamp>
			</report>
			<report>
				<misses>633800001</misses>
				<total>0</total>
				<timestamp>6141.212818</timestamp>
			</report>
			<report>
				<misses>633900001</misses>
				<total>0</total>
				<timestamp>6142.204320</timestamp>
			</report>
			<report>
				<misses>634000001</misses>
				<total>0</total>
				<timestamp>6143.195113</timestamp>
			</report>
			<report>
				<misses>634100001</misses>
				<total>0</total>
				<timestamp>6144.186624</timestamp>
			</report>
			<report>
				<misses>634200001</misses>
				<total>0</total>
				<timestamp>6145.177168</timestamp>
			</report>
			<report>
				<misses>634300001</misses>
				<total>0</total>
				<timestamp>6146.167229</timestamp>
			</report>
			<report>
				<misses>634400001</misses>
				<total>0</total>
				<timestamp>6147.158180</timestamp>
			</report>
			<report>
				<misses>634500001</misses>
				<total>0</total>
				<timestamp>6148.150334</timestamp>
			</report>
			<report>
				<misses>634600001</misses>
				<total>0</total>
				<timestamp>6149.141620</timestamp>
			</report>
			<report>
				<misses>634700001</misses>
				<total>0</total>
				<timestamp>6150.132398</timestamp>
			</report>
			<report>
				<misses>634800001</misses>
				<total>0</total>
				<timestamp>6151.123661</timestamp>
			</report>
			<report>
				<misses>634900001</misses>
				<total>0</total>
				<timestamp>6152.114639</timestamp>
			</report>
			<report>
				<misses>635000001</misses>
				<total>0</total>
				<timestamp>6153.105468</timestamp>
			</report>
			<report>
				<misses>635100001</misses>
				<total>0</total>
				<timestamp>6154.096994</timestamp>
			</report>
			<report>
				<misses>635200001</misses>
				<total>0</total>
				<timestamp>6155.088748</timestamp>
			</report>
			<report>
				<misses>635300001</misses>
				<total>0</total>
				<timestamp>6156.080020</timestamp>
			</report>
			<report>
				<misses>635400001</misses>
				<total>0</total>
				<timestamp>6157.071451</timestamp>
			</report>
			<report>
				<misses>635500001</misses>
				<total>0</total>
				<timestamp>6158.062591</timestamp>
			</report>
			<report>
				<misses>635600001</misses>
				<total>0</total>
				<timestamp>6159.053895</timestamp>
			</report>
			<report>
				<misses>635700001</misses>
				<total>0</total>
				<timestamp>6160.045083</timestamp>
			</report>
			<report>
				<misses>635800001</misses>
				<total>0</total>
				<timestamp>6161.035543</timestamp>
			</report>
			<report>
				<misses>635900001</misses>
				<total>0</total>
				<timestamp>6162.026657</timestamp>
			</report>
			<report>
				<misses>636000001</misses>
				<total>0</total>
				<timestamp>6163.017200</timestamp>
			</report>
			<report>
				<misses>636100001</misses>
				<total>0</total>
				<timestamp>6164.007781</timestamp>
			</report>
			<report>
				<misses>636200001</misses>
				<total>0</total>
				<timestamp>6164.998685</timestamp>
			</report>
			<report>
				<misses>636300001</misses>
				<total>0</total>
				<timestamp>6165.990232</timestamp>
			</report>
			<report>
				<misses>636400001</misses>
				<total>0</total>
				<timestamp>6166.980970</timestamp>
			</report>
			<report>
				<misses>636500001</misses>
				<total>0</total>
				<timestamp>6167.972058</timestamp>
			</report>
			<report>
				<misses>636600001</misses>
				<total>0</total>
				<timestamp>6168.963136</timestamp>
			</report>
			<report>
				<misses>636700001</misses>
				<total>0</total>
				<timestamp>6169.954222</timestamp>
			</report>
			<report>
				<misses>636800001</misses>
				<total>0</total>
				<timestamp>6170.945266</timestamp>
			</report>
			<report>
				<misses>636900001</misses>
				<total>0</total>
				<timestamp>6171.935554</timestamp>
			</report>
			<report>
				<misses>637000001</misses>
				<total>0</total>
				<timestamp>6172.926135</timestamp>
			</report>
			<report>
				<misses>637100001</misses>
				<total>0</total>
				<timestamp>6173.917023</timestamp>
			</report>
			<report>
				<misses>637200001</misses>
				<total>0</total>
				<timestamp>6174.908343</timestamp>
			</report>
			<report>
				<misses>637300001</misses>
				<total>0</total>
				<timestamp>6175.899072</timestamp>
			</report>
			<report>
				<misses>637400001</misses>
				<total>0</total>
				<timestamp>6176.889811</timestamp>
			</report>
			<report>
				<misses>637500001</misses>
				<total>0</total>
				<timestamp>6177.880413</timestamp>
			</report>
			<report>
				<misses>637600001</misses>
				<total>0</total>
				<timestamp>6178.871347</timestamp>
			</report>
			<report>
				<misses>637700001</misses>
				<total>0</total>
				<timestamp>6179.862043</timestamp>
			</report>
			<report>
				<misses>637800001</misses>
				<total>0</total>
				<timestamp>6180.853088</timestamp>
			</report>
			<report>
				<misses>637900001</misses>
				<total>0</total>
				<timestamp>6181.844077</timestamp>
			</report>
			<report>
				<misses>638000001</misses>
				<total>0</total>
				<timestamp>6182.834514</timestamp>
			</report>
			<report>
				<misses>638100001</misses>
				<total>0</total>
				<timestamp>6183.825143</timestamp>
			</report>
			<report>
				<misses>638200001</misses>
				<total>0</total>
				<timestamp>6184.817010</timestamp>
			</report>
			<report>
				<misses>638300001</misses>
				<total>0</total>
				<timestamp>6185.808023</timestamp>
			</report>
			<report>
				<misses>638400001</misses>
				<total>0</total>
				<timestamp>6186.798666</timestamp>
			</report>
			<report>
				<misses>638500001</misses>
				<total>0</total>
				<timestamp>6187.790026</timestamp>
			</report>
			<report>
				<misses>638600001</misses>
				<total>0</total>
				<timestamp>6188.780547</timestamp>
			</report>
			<report>
				<misses>638700001</misses>
				<total>0</total>
				<timestamp>6189.771552</timestamp>
			</report>
			<report>
				<misses>638800001</misses>
				<total>0</total>
				<timestamp>6190.762114</timestamp>
			</report>
			<report>
				<misses>638900001</misses>
				<total>0</total>
				<timestamp>6191.676268</timestamp>
			</report>
			<report>
				<misses>639000001</misses>
				<total>0</total>
				<timestamp>6192.561495</timestamp>
			</report>
			<report>
				<misses>639100001</misses>
				<total>0</total>
				<timestamp>6193.456878</timestamp>
			</report>
			<report>
				<misses>639200001</misses>
				<total>0</total>
				<timestamp>6194.348839</timestamp>
			</report>
			<report>
				<misses>639300001</misses>
				<total>0</total>
				<timestamp>6195.237412</timestamp>
			</report>
			<report>
				<misses>639400001</misses>
				<total>0</total>
				<timestamp>6196.123581</timestamp>
			</report>
			<report>
				<misses>639500001</misses>
				<total>0</total>
				<timestamp>6197.006969</timestamp>
			</report>
			<report>
				<misses>639600001</misses>
				<total>0</total>
				<timestamp>6197.896434</timestamp>
			</report>
			<report>
				<misses>639700001</misses>
				<total>0</total>
				<timestamp>6198.782156</timestamp>
			</report>
			<report>
				<misses>639800001</misses>
				<total>0</total>
				<timestamp>6199.678002</timestamp>
			</report>
			<report>
				<misses>639900001</misses>
				<total>0</total>
				<timestamp>6200.566515</timestamp>
			</report>
			<report>
				<misses>640000001</misses>
				<total>0</total>
				<timestamp>6201.453293</timestamp>
			</report>
			<report>
				<misses>640100001</misses>
				<total>0</total>
				<timestamp>6202.345633</timestamp>
			</report>
			<report>
				<misses>640200001</misses>
				<total>0</total>
				<timestamp>6203.249229</timestamp>
			</report>
			<report>
				<misses>640300001</misses>
				<total>0</total>
				<timestamp>6204.137444</timestamp>
			</report>
			<report>
				<misses>640400001</misses>
				<total>0</total>
				<timestamp>6205.028021</timestamp>
			</report>
			<report>
				<misses>640500001</misses>
				<total>0</total>
				<timestamp>6205.918475</timestamp>
			</report>
			<report>
				<misses>640600001</misses>
				<total>0</total>
				<timestamp>6206.817257</timestamp>
			</report>
			<report>
				<misses>640700001</misses>
				<total>0</total>
				<timestamp>6207.703678</timestamp>
			</report>
			<report>
				<misses>640800001</misses>
				<total>0</total>
				<timestamp>6208.590227</timestamp>
			</report>
			<report>
				<misses>640900001</misses>
				<total>0</total>
				<timestamp>6209.476859</timestamp>
			</report>
			<report>
				<misses>641000001</misses>
				<total>0</total>
				<timestamp>6210.365120</timestamp>
			</report>
			<report>
				<misses>641100001</misses>
				<total>0</total>
				<timestamp>6211.252626</timestamp>
			</report>
			<report>
				<misses>641200001</misses>
				<total>0</total>
				<timestamp>6212.136063</timestamp>
			</report>
			<report>
				<misses>641300001</misses>
				<total>0</total>
				<timestamp>6213.024564</timestamp>
			</report>
			<report>
				<misses>641400001</misses>
				<total>0</total>
				<timestamp>6213.909100</timestamp>
			</report>
			<report>
				<misses>641500001</misses>
				<total>0</total>
				<timestamp>6214.795692</timestamp>
			</report>
			<report>
				<misses>641600001</misses>
				<total>0</total>
				<timestamp>6215.684235</timestamp>
			</report>
			<report>
				<misses>641700001</misses>
				<total>0</total>
				<timestamp>6216.606599</timestamp>
			</report>
			<report>
				<misses>641800001</misses>
				<total>0</total>
				<timestamp>6217.501445</timestamp>
			</report>
			<report>
				<misses>641900001</misses>
				<total>0</total>
				<timestamp>6218.393366</timestamp>
			</report>
			<report>
				<misses>642000001</misses>
				<total>0</total>
				<timestamp>6219.280082</timestamp>
			</report>
			<report>
				<misses>642100001</misses>
				<total>0</total>
				<timestamp>6220.172310</timestamp>
			</report>
			<report>
				<misses>642200001</misses>
				<total>0</total>
				<timestamp>6221.065147</timestamp>
			</report>
			<report>
				<misses>642300001</misses>
				<total>0</total>
				<timestamp>6221.952443</timestamp>
			</report>
			<report>
				<misses>642400001</misses>
				<total>0</total>
				<timestamp>6222.841402</timestamp>
			</report>
			<report>
				<misses>642500001</misses>
				<total>0</total>
				<timestamp>6223.728225</timestamp>
			</report>
			<report>
				<misses>642600001</misses>
				<total>0</total>
				<timestamp>6224.615407</timestamp>
			</report>
			<report>
				<misses>642700001</misses>
				<total>0</total>
				<timestamp>6225.500947</timestamp>
			</report>
			<report>
				<misses>642800001</misses>
				<total>0</total>
				<timestamp>6226.386643</timestamp>
			</report>
			<report>
				<misses>642900001</misses>
				<total>0</total>
				<timestamp>6227.277190</timestamp>
			</report>
			<report>
				<misses>643000001</misses>
				<total>0</total>
				<timestamp>6228.170284</timestamp>
			</report>
			<report>
				<misses>643100001</misses>
				<total>0</total>
				<timestamp>6229.055478</timestamp>
			</report>
			<report>
				<misses>643200001</misses>
				<total>0</total>
				<timestamp>6229.942428</timestamp>
			</report>
			<report>
				<misses>643300001</misses>
				<total>0</total>
				<timestamp>6230.865118</timestamp>
			</report>
			<report>
				<misses>643400001</misses>
				<total>0</total>
				<timestamp>6231.749592</timestamp>
			</report>
			<report>
				<misses>643500001</misses>
				<total>0</total>
				<timestamp>6232.635226</timestamp>
			</report>
			<report>
				<misses>643600001</misses>
				<total>0</total>
				<timestamp>6233.526074</timestamp>
			</report>
			<report>
				<misses>643700001</misses>
				<total>0</total>
				<timestamp>6234.412671</timestamp>
			</report>
			<report>
				<misses>643800001</misses>
				<total>0</total>
				<timestamp>6235.303497</timestamp>
			</report>
			<report>
				<misses>643900001</misses>
				<total>0</total>
				<timestamp>6236.197129</timestamp>
			</report>
			<report>
				<misses>644000001</misses>
				<total>0</total>
				<timestamp>6237.084365</timestamp>
			</report>
			<report>
				<misses>644100001</misses>
				<total>0</total>
				<timestamp>6237.975883</timestamp>
			</report>
			<report>
				<misses>644200001</misses>
				<total>0</total>
				<timestamp>6238.863881</timestamp>
			</report>
			<report>
				<misses>644300001</misses>
				<total>0</total>
				<timestamp>6239.754744</timestamp>
			</report>
			<report>
				<misses>644400001</misses>
				<total>0</total>
				<timestamp>6240.645169</timestamp>
			</report>
			<report>
				<misses>644500001</misses>
				<total>0</total>
				<timestamp>6241.538109</timestamp>
			</report>
			<report>
				<misses>644600001</misses>
				<total>0</total>
				<timestamp>6242.423568</timestamp>
			</report>
			<report>
				<misses>644700001</misses>
				<total>0</total>
				<timestamp>6243.309184</timestamp>
			</report>
			<report>
				<misses>644800001</misses>
				<total>0</total>
				<timestamp>6244.197831</timestamp>
			</report>
			<report>
				<misses>644900001</misses>
				<total>0</total>
				<timestamp>6245.087255</timestamp>
			</report>
			<report>
				<misses>645000001</misses>
				<total>0</total>
				<timestamp>6245.977408</timestamp>
			</report>
			<report>
				<misses>645100001</misses>
				<total>0</total>
				<timestamp>6246.870255</timestamp>
			</report>
			<report>
				<misses>645200001</misses>
				<total>0</total>
				<timestamp>6247.756585</timestamp>
			</report>
			<report>
				<misses>645300001</misses>
				<total>0</total>
				<timestamp>6248.645008</timestamp>
			</report>
			<report>
				<misses>645400001</misses>
				<total>0</total>
				<timestamp>6249.529430</timestamp>
			</report>
			<report>
				<misses>645500001</misses>
				<total>0</total>
				<timestamp>6250.416291</timestamp>
			</report>
			<report>
				<misses>645600001</misses>
				<total>0</total>
				<timestamp>6251.303330</timestamp>
			</report>
			<report>
				<misses>645700001</misses>
				<total>0</total>
				<timestamp>6252.190255</timestamp>
			</report>
			<report>
				<misses>645800001</misses>
				<total>0</total>
				<timestamp>6253.079892</timestamp>
			</report>
			<report>
				<misses>645900001</misses>
				<total>0</total>
				<timestamp>6253.964814</timestamp>
			</report>
			<report>
				<misses>646000001</misses>
				<total>0</total>
				<timestamp>6254.848584</timestamp>
			</report>
			<report>
				<misses>646100001</misses>
				<total>0</total>
				<timestamp>6255.736557</timestamp>
			</report>
			<report>
				<misses>646200001</misses>
				<total>0</total>
				<timestamp>6256.622432</timestamp>
			</report>
			<report>
				<misses>646300001</misses>
				<total>0</total>
				<timestamp>6257.512336</timestamp>
			</report>
			<report>
				<misses>646400001</misses>
				<total>0</total>
				<timestamp>6258.431618</timestamp>
			</report>
			<report>
				<misses>646500001</misses>
				<total>0</total>
				<timestamp>6259.318464</timestamp>
			</report>
			<report>
				<misses>646600001</misses>
				<total>0</total>
				<timestamp>6260.205435</timestamp>
			</report>
			<report>
				<misses>646700001</misses>
				<total>0</total>
				<timestamp>6261.091950</timestamp>
			</report>
			<report>
				<misses>646800001</misses>
				<total>0</total>
				<timestamp>6261.978354</timestamp>
			</report>
			<report>
				<misses>646900001</misses>
				<total>0</total>
				<timestamp>6262.867342</timestamp>
			</report>
			<report>
				<misses>647000001</misses>
				<total>0</total>
				<timestamp>6263.752182</timestamp>
			</report>
			<report>
				<misses>647100001</misses>
				<total>0</total>
				<timestamp>6264.640696</timestamp>
			</report>
			<report>
				<misses>647200001</misses>
				<total>0</total>
				<timestamp>6265.528831</timestamp>
			</report>
			<report>
				<misses>647300001</misses>
				<total>0</total>
				<timestamp>6266.416701</timestamp>
			</report>
			<report>
				<misses>647400001</misses>
				<total>0</total>
				<timestamp>6267.302968</timestamp>
			</report>
			<report>
				<misses>647500001</misses>
				<total>0</total>
				<timestamp>6268.189487</timestamp>
			</report>
			<report>
				<misses>647600001</misses>
				<total>0</total>
				<timestamp>6269.077247</timestamp>
			</report>
			<report>
				<misses>647700001</misses>
				<total>0</total>
				<timestamp>6269.965408</timestamp>
			</report>
			<report>
				<misses>647800001</misses>
				<total>0</total>
				<timestamp>6270.865096</timestamp>
			</report>
			<report>
				<misses>647900001</misses>
				<total>0</total>
				<timestamp>6271.752654</timestamp>
			</report>
			<report>
				<misses>648000001</misses>
				<total>0</total>
				<timestamp>6272.653960</timestamp>
			</report>
			<report>
				<misses>648100001</misses>
				<total>0</total>
				<timestamp>6273.553237</timestamp>
			</report>
			<report>
				<misses>648200001</misses>
				<total>0</total>
				<timestamp>6274.444019</timestamp>
			</report>
			<report>
				<misses>648300001</misses>
				<total>0</total>
				<timestamp>6275.331736</timestamp>
			</report>
			<report>
				<misses>648400001</misses>
				<total>0</total>
				<timestamp>6276.224565</timestamp>
			</report>
			<report>
				<misses>648500001</misses>
				<total>0</total>
				<timestamp>6277.119616</timestamp>
			</report>
			<report>
				<misses>648600001</misses>
				<total>0</total>
				<timestamp>6278.006196</timestamp>
			</report>
			<report>
				<misses>648700001</misses>
				<total>0</total>
				<timestamp>6278.894396</timestamp>
			</report>
			<report>
				<misses>648800001</misses>
				<total>0</total>
				<timestamp>6279.781262</timestamp>
			</report>
			<report>
				<misses>648900001</misses>
				<total>0</total>
				<timestamp>6280.669024</timestamp>
			</report>
			<report>
				<misses>649000001</misses>
				<total>0</total>
				<timestamp>6281.559348</timestamp>
			</report>
			<report>
				<misses>649100001</misses>
				<total>0</total>
				<timestamp>6282.444344</timestamp>
			</report>
			<report>
				<misses>649200001</misses>
				<total>0</total>
				<timestamp>6283.335858</timestamp>
			</report>
			<report>
				<misses>649300001</misses>
				<total>0</total>
				<timestamp>6284.227268</timestamp>
			</report>
			<report>
				<misses>649400001</misses>
				<total>0</total>
				<timestamp>6285.116927</timestamp>
			</report>
			<report>
				<misses>649500001</misses>
				<total>0</total>
				<timestamp>6286.007427</timestamp>
			</report>
			<report>
				<misses>649600001</misses>
				<total>0</total>
				<timestamp>6286.903125</timestamp>
			</report>
			<report>
				<misses>649700001</misses>
				<total>0</total>
				<timestamp>6287.791405</timestamp>
			</report>
			<report>
				<misses>649800001</misses>
				<total>0</total>
				<timestamp>6288.678730</timestamp>
			</report>
			<report>
				<misses>649900001</misses>
				<total>0</total>
				<timestamp>6289.564899</timestamp>
			</report>
			<report>
				<misses>650000001</misses>
				<total>0</total>
				<timestamp>6290.454254</timestamp>
			</report>
			<report>
				<misses>650100001</misses>
				<total>0</total>
				<timestamp>6291.340282</timestamp>
			</report>
			<report>
				<misses>650200001</misses>
				<total>0</total>
				<timestamp>6292.226926</timestamp>
			</report>
			<report>
				<misses>650300001</misses>
				<total>0</total>
				<timestamp>6293.112677</timestamp>
			</report>
			<report>
				<misses>650400001</misses>
				<total>0</total>
				<timestamp>6294.001622</timestamp>
			</report>
			<report>
				<misses>650500001</misses>
				<total>0</total>
				<timestamp>6294.889310</timestamp>
			</report>
			<report>
				<misses>650600001</misses>
				<total>0</total>
				<timestamp>6295.775835</timestamp>
			</report>
			<report>
				<misses>650700001</misses>
				<total>0</total>
				<timestamp>6296.665136</timestamp>
			</report>
			<report>
				<misses>650800001</misses>
				<total>0</total>
				<timestamp>6297.558626</timestamp>
			</report>
			<report>
				<misses>650900001</misses>
				<total>0</total>
				<timestamp>6298.448002</timestamp>
			</report>
			<report>
				<misses>651000001</misses>
				<total>0</total>
				<timestamp>6299.332948</timestamp>
			</report>
			<report>
				<misses>651100001</misses>
				<total>0</total>
				<timestamp>6300.218344</timestamp>
			</report>
			<report>
				<misses>651200001</misses>
				<total>0</total>
				<timestamp>6301.106905</timestamp>
			</report>
			<report>
				<misses>651300001</misses>
				<total>0</total>
				<timestamp>6301.996594</timestamp>
			</report>
			<report>
				<misses>651400001</misses>
				<total>0</total>
				<timestamp>6302.894293</timestamp>
			</report>
			<report>
				<misses>651500001</misses>
				<total>0</total>
				<timestamp>6303.779115</timestamp>
			</report>
			<report>
				<misses>651600001</misses>
				<total>0</total>
				<timestamp>6304.676535</timestamp>
			</report>
			<report>
				<misses>651700001</misses>
				<total>0</total>
				<timestamp>6305.565167</timestamp>
			</report>
			<report>
				<misses>651800001</misses>
				<total>0</total>
				<timestamp>6306.454165</timestamp>
			</report>
			<report>
				<misses>651900001</misses>
				<total>0</total>
				<timestamp>6307.344248</timestamp>
			</report>
			<report>
				<misses>652000001</misses>
				<total>0</total>
				<timestamp>6308.232402</timestamp>
			</report>
			<report>
				<misses>652100001</misses>
				<total>0</total>
				<timestamp>6309.125654</timestamp>
			</report>
			<report>
				<misses>652200001</misses>
				<total>0</total>
				<timestamp>6310.014362</timestamp>
			</report>
			<report>
				<misses>652300001</misses>
				<total>0</total>
				<timestamp>6310.901762</timestamp>
			</report>
			<report>
				<misses>652400001</misses>
				<total>0</total>
				<timestamp>6311.790418</timestamp>
			</report>
			<report>
				<misses>652500001</misses>
				<total>0</total>
				<timestamp>6312.676895</timestamp>
			</report>
			<report>
				<misses>652600001</misses>
				<total>0</total>
				<timestamp>6313.602547</timestamp>
			</report>
			<report>
				<misses>652700001</misses>
				<total>0</total>
				<timestamp>6314.497145</timestamp>
			</report>
			<report>
				<misses>652800001</misses>
				<total>0</total>
				<timestamp>6315.386081</timestamp>
			</report>
			<report>
				<misses>652900001</misses>
				<total>0</total>
				<timestamp>6316.277078</timestamp>
			</report>
			<report>
				<misses>653000001</misses>
				<total>0</total>
				<timestamp>6317.162954</timestamp>
			</report>
			<report>
				<misses>653100001</misses>
				<total>0</total>
				<timestamp>6318.046550</timestamp>
			</report>
			<report>
				<misses>653200001</misses>
				<total>0</total>
				<timestamp>6318.936578</timestamp>
			</report>
			<report>
				<misses>653300001</misses>
				<total>0</total>
				<timestamp>6319.824009</timestamp>
			</report>
			<report>
				<misses>653400001</misses>
				<total>0</total>
				<timestamp>6320.708773</timestamp>
			</report>
			<report>
				<misses>653500001</misses>
				<total>0</total>
				<timestamp>6321.606223</timestamp>
			</report>
			<report>
				<misses>653600001</misses>
				<total>0</total>
				<timestamp>6322.494033</timestamp>
			</report>
			<report>
				<misses>653700001</misses>
				<total>0</total>
				<timestamp>6323.387765</timestamp>
			</report>
			<report>
				<misses>653800001</misses>
				<total>0</total>
				<timestamp>6324.281341</timestamp>
			</report>
			<report>
				<misses>653900001</misses>
				<total>0</total>
				<timestamp>6325.166839</timestamp>
			</report>
			<report>
				<misses>654000001</misses>
				<total>0</total>
				<timestamp>6326.054190</timestamp>
			</report>
			<report>
				<misses>654100001</misses>
				<total>0</total>
				<timestamp>6326.941095</timestamp>
			</report>
			<report>
				<misses>654200001</misses>
				<total>0</total>
				<timestamp>6327.830785</timestamp>
			</report>
			<report>
				<misses>654300001</misses>
				<total>0</total>
				<timestamp>6328.728866</timestamp>
			</report>
			<report>
				<misses>654400001</misses>
				<total>0</total>
				<timestamp>6329.616035</timestamp>
			</report>
			<report>
				<misses>654500001</misses>
				<total>0</total>
				<timestamp>6330.505417</timestamp>
			</report>
			<report>
				<misses>654600001</misses>
				<total>0</total>
				<timestamp>6331.424662</timestamp>
			</report>
			<report>
				<misses>654700001</misses>
				<total>0</total>
				<timestamp>6332.317067</timestamp>
			</report>
			<report>
				<misses>654800001</misses>
				<total>0</total>
				<timestamp>6333.210928</timestamp>
			</report>
			<report>
				<misses>654900001</misses>
				<total>0</total>
				<timestamp>6334.102564</timestamp>
			</report>
			<report>
				<misses>655000001</misses>
				<total>0</total>
				<timestamp>6334.993149</timestamp>
			</report>
			<report>
				<misses>655100001</misses>
				<total>0</total>
				<timestamp>6335.879255</timestamp>
			</report>
			<report>
				<misses>655200001</misses>
				<total>0</total>
				<timestamp>6336.766072</timestamp>
			</report>
			<report>
				<misses>655300001</misses>
				<total>0</total>
				<timestamp>6337.653443</timestamp>
			</report>
			<report>
				<misses>655400001</misses>
				<total>0</total>
				<timestamp>6338.540677</timestamp>
			</report>
			<report>
				<misses>655500001</misses>
				<total>0</total>
				<timestamp>6339.436479</timestamp>
			</report>
			<report>
				<misses>655600001</misses>
				<total>0</total>
				<timestamp>6340.330131</timestamp>
			</report>
			<report>
				<misses>655700001</misses>
				<total>0</total>
				<timestamp>6341.216638</timestamp>
			</report>
			<report>
				<misses>655800001</misses>
				<total>0</total>
				<timestamp>6342.108263</timestamp>
			</report>
			<report>
				<misses>655900001</misses>
				<total>0</total>
				<timestamp>6342.998378</timestamp>
			</report>
			<report>
				<misses>656000001</misses>
				<total>0</total>
				<timestamp>6343.884085</timestamp>
			</report>
			<report>
				<misses>656100001</misses>
				<total>0</total>
				<timestamp>6344.771444</timestamp>
			</report>
			<report>
				<misses>656200001</misses>
				<total>0</total>
				<timestamp>6345.659518</timestamp>
			</report>
			<report>
				<misses>656300001</misses>
				<total>0</total>
				<timestamp>6346.547376</timestamp>
			</report>
			<report>
				<misses>656400001</misses>
				<total>0</total>
				<timestamp>6347.443355</timestamp>
			</report>
			<report>
				<misses>656500001</misses>
				<total>0</total>
				<timestamp>6348.332409</timestamp>
			</report>
			<report>
				<misses>656600001</misses>
				<total>0</total>
				<timestamp>6349.220690</timestamp>
			</report>
			<report>
				<misses>656700001</misses>
				<total>0</total>
				<timestamp>6350.106706</timestamp>
			</report>
			<report>
				<misses>656800001</misses>
				<total>0</total>
				<timestamp>6350.996442</timestamp>
			</report>
			<report>
				<misses>656900001</misses>
				<total>0</total>
				<timestamp>6351.885094</timestamp>
			</report>
			<report>
				<misses>657000001</misses>
				<total>0</total>
				<timestamp>6352.773511</timestamp>
			</report>
			<report>
				<misses>657100001</misses>
				<total>0</total>
				<timestamp>6353.667745</timestamp>
			</report>
			<report>
				<misses>657200001</misses>
				<total>0</total>
				<timestamp>6354.558638</timestamp>
			</report>
			<report>
				<misses>657300001</misses>
				<total>0</total>
				<timestamp>6355.450687</timestamp>
			</report>
			<report>
				<misses>657400001</misses>
				<total>0</total>
				<timestamp>6356.340888</timestamp>
			</report>
			<report>
				<misses>657500001</misses>
				<total>0</total>
				<timestamp>6357.227322</timestamp>
			</report>
			<report>
				<misses>657600001</misses>
				<total>0</total>
				<timestamp>6358.121772</timestamp>
			</report>
			<report>
				<misses>657700001</misses>
				<total>0</total>
				<timestamp>6359.015213</timestamp>
			</report>
			<report>
				<misses>657800001</misses>
				<total>0</total>
				<timestamp>6359.899121</timestamp>
			</report>
			<report>
				<misses>657900001</misses>
				<total>0</total>
				<timestamp>6360.784863</timestamp>
			</report>
			<report>
				<misses>658000001</misses>
				<total>0</total>
				<timestamp>6361.674536</timestamp>
			</report>
			<report>
				<misses>658100001</misses>
				<total>0</total>
				<timestamp>6362.562591</timestamp>
			</report>
			<report>
				<misses>658200001</misses>
				<total>0</total>
				<timestamp>6363.457530</timestamp>
			</report>
			<report>
				<misses>658300001</misses>
				<total>0</total>
				<timestamp>6364.346126</timestamp>
			</report>
			<report>
				<misses>658400001</misses>
				<total>0</total>
				<timestamp>6365.232928</timestamp>
			</report>
			<report>
				<misses>658500001</misses>
				<total>0</total>
				<timestamp>6366.123806</timestamp>
			</report>
			<report>
				<misses>658600001</misses>
				<total>0</total>
				<timestamp>6367.010075</timestamp>
			</report>
			<report>
				<misses>658700001</misses>
				<total>0</total>
				<timestamp>6367.897443</timestamp>
			</report>
			<report>
				<misses>658800001</misses>
				<total>0</total>
				<timestamp>6368.783779</timestamp>
			</report>
			<report>
				<misses>658900001</misses>
				<total>0</total>
				<timestamp>6369.672263</timestamp>
			</report>
			<report>
				<misses>659000001</misses>
				<total>0</total>
				<timestamp>6370.559838</timestamp>
			</report>
			<report>
				<misses>659100001</misses>
				<total>0</total>
				<timestamp>6371.443720</timestamp>
			</report>
			<report>
				<misses>659200001</misses>
				<total>0</total>
				<timestamp>6372.332244</timestamp>
			</report>
			<report>
				<misses>659300001</misses>
				<total>0</total>
				<timestamp>6373.218934</timestamp>
			</report>
			<report>
				<misses>659400001</misses>
				<total>0</total>
				<timestamp>6374.097421</timestamp>
			</report>
			<report>
				<misses>659500001</misses>
				<total>0</total>
				<timestamp>6374.976242</timestamp>
			</report>
			<report>
				<misses>659600001</misses>
				<total>0</total>
				<timestamp>6375.853312</timestamp>
			</report>
			<report>
				<misses>659700001</misses>
				<total>0</total>
				<timestamp>6376.733582</timestamp>
			</report>
			<report>
				<misses>659800001</misses>
				<total>0</total>
				<timestamp>6377.653875</timestamp>
			</report>
			<report>
				<misses>659900001</misses>
				<total>0</total>
				<timestamp>6378.541518</timestamp>
			</report>
			<report>
				<misses>660000001</misses>
				<total>0</total>
				<timestamp>6379.434975</timestamp>
			</report>
			<report>
				<misses>660100001</misses>
				<total>0</total>
				<timestamp>6380.327211</timestamp>
			</report>
			<report>
				<misses>660200001</misses>
				<total>0</total>
				<timestamp>6381.216985</timestamp>
			</report>
			<report>
				<misses>660300001</misses>
				<total>0</total>
				<timestamp>6382.102276</timestamp>
			</report>
			<report>
				<misses>660400001</misses>
				<total>0</total>
				<timestamp>6382.985506</timestamp>
			</report>
			<report>
				<misses>660500001</misses>
				<total>0</total>
				<timestamp>6383.869917</timestamp>
			</report>
			<report>
				<misses>660600001</misses>
				<total>0</total>
				<timestamp>6384.756629</timestamp>
			</report>
			<report>
				<misses>660700001</misses>
				<total>0</total>
				<timestamp>6385.645784</timestamp>
			</report>
			<report>
				<misses>660800001</misses>
				<total>0</total>
				<timestamp>6386.533333</timestamp>
			</report>
			<report>
				<misses>660900001</misses>
				<total>0</total>
				<timestamp>6387.419340</timestamp>
			</report>
			<report>
				<misses>661000001</misses>
				<total>0</total>
				<timestamp>6388.333678</timestamp>
			</report>
			<report>
				<misses>661100001</misses>
				<total>0</total>
				<timestamp>6389.219021</timestamp>
			</report>
			<report>
				<misses>661200001</misses>
				<total>0</total>
				<timestamp>6390.106520</timestamp>
			</report>
			<report>
				<misses>661300001</misses>
				<total>0</total>
				<timestamp>6390.995606</timestamp>
			</report>
			<report>
				<misses>661400001</misses>
				<total>0</total>
				<timestamp>6391.886285</timestamp>
			</report>
			<report>
				<misses>661500001</misses>
				<total>0</total>
				<timestamp>6392.780839</timestamp>
			</report>
			<report>
				<misses>661600001</misses>
				<total>0</total>
				<timestamp>6393.666597</timestamp>
			</report>
			<report>
				<misses>661700001</misses>
				<total>0</total>
				<timestamp>6394.555326</timestamp>
			</report>
			<report>
				<misses>661800001</misses>
				<total>0</total>
				<timestamp>6395.438959</timestamp>
			</report>
			<report>
				<misses>661900001</misses>
				<total>0</total>
				<timestamp>6396.327656</timestamp>
			</report>
			<report>
				<misses>662000001</misses>
				<total>0</total>
				<timestamp>6397.215099</timestamp>
			</report>
			<report>
				<misses>662100001</misses>
				<total>0</total>
				<timestamp>6398.101330</timestamp>
			</report>
			<report>
				<misses>662200001</misses>
				<total>0</total>
				<timestamp>6398.990408</timestamp>
			</report>
			<report>
				<misses>662300001</misses>
				<total>0</total>
				<timestamp>6399.879424</timestamp>
			</report>
			<report>
				<misses>662400001</misses>
				<total>0</total>
				<timestamp>6400.764324</timestamp>
			</report>
			<report>
				<misses>662500001</misses>
				<total>0</total>
				<timestamp>6401.650703</timestamp>
			</report>
			<report>
				<misses>662600001</misses>
				<total>0</total>
				<timestamp>6402.535277</timestamp>
			</report>
			<report>
				<misses>662700001</misses>
				<total>0</total>
				<timestamp>6403.421688</timestamp>
			</report>
			<report>
				<misses>662800001</misses>
				<total>0</total>
				<timestamp>6404.310700</timestamp>
			</report>
			<report>
				<misses>662900001</misses>
				<total>0</total>
				<timestamp>6405.197154</timestamp>
			</report>
			<report>
				<misses>663000001</misses>
				<total>0</total>
				<timestamp>6406.086704</timestamp>
			</report>
			<report>
				<misses>663100001</misses>
				<total>0</total>
				<timestamp>6406.971580</timestamp>
			</report>
			<report>
				<misses>663200001</misses>
				<total>0</total>
				<timestamp>6407.857828</timestamp>
			</report>
			<report>
				<misses>663300001</misses>
				<total>0</total>
				<timestamp>6408.745818</timestamp>
			</report>
			<report>
				<misses>663400001</misses>
				<total>0</total>
				<timestamp>6409.673850</timestamp>
			</report>
			<report>
				<misses>663500001</misses>
				<total>0</total>
				<timestamp>6410.565149</timestamp>
			</report>
			<report>
				<misses>663600001</misses>
				<total>0</total>
				<timestamp>6411.452600</timestamp>
			</report>
			<report>
				<misses>663700001</misses>
				<total>0</total>
				<timestamp>6412.343102</timestamp>
			</report>
			<report>
				<misses>663800001</misses>
				<total>0</total>
				<timestamp>6413.230884</timestamp>
			</report>
			<report>
				<misses>663900001</misses>
				<total>0</total>
				<timestamp>6414.119464</timestamp>
			</report>
			<report>
				<misses>664000001</misses>
				<total>0</total>
				<timestamp>6415.004861</timestamp>
			</report>
			<report>
				<misses>664100001</misses>
				<total>0</total>
				<timestamp>6415.893684</timestamp>
			</report>
			<report>
				<misses>664200001</misses>
				<total>0</total>
				<timestamp>6416.779840</timestamp>
			</report>
			<report>
				<misses>664300001</misses>
				<total>0</total>
				<timestamp>6417.667064</timestamp>
			</report>
			<report>
				<misses>664400001</misses>
				<total>0</total>
				<timestamp>6418.556467</timestamp>
			</report>
			<report>
				<misses>664500001</misses>
				<total>0</total>
				<timestamp>6419.442549</timestamp>
			</report>
			<report>
				<misses>664600001</misses>
				<total>0</total>
				<timestamp>6420.332896</timestamp>
			</report>
			<report>
				<misses>664700001</misses>
				<total>0</total>
				<timestamp>6421.217667</timestamp>
			</report>
			<report>
				<misses>664800001</misses>
				<total>0</total>
				<timestamp>6422.105346</timestamp>
			</report>
			<report>
				<misses>664900001</misses>
				<total>0</total>
				<timestamp>6422.991788</timestamp>
			</report>
			<report>
				<misses>665000001</misses>
				<total>0</total>
				<timestamp>6423.878926</timestamp>
			</report>
			<report>
				<misses>665100001</misses>
				<total>0</total>
				<timestamp>6424.764301</timestamp>
			</report>
			<report>
				<misses>665200001</misses>
				<total>0</total>
				<timestamp>6425.663384</timestamp>
			</report>
			<report>
				<misses>665300001</misses>
				<total>0</total>
				<timestamp>6426.552433</timestamp>
			</report>
			<report>
				<misses>665400001</misses>
				<total>0</total>
				<timestamp>6427.439192</timestamp>
			</report>
			<report>
				<misses>665500001</misses>
				<total>0</total>
				<timestamp>6428.325440</timestamp>
			</report>
			<report>
				<misses>665600001</misses>
				<total>0</total>
				<timestamp>6429.212571</timestamp>
			</report>
			<report>
				<misses>665700001</misses>
				<total>0</total>
				<timestamp>6430.103356</timestamp>
			</report>
			<report>
				<misses>665800001</misses>
				<total>0</total>
				<timestamp>6430.988901</timestamp>
			</report>
			<report>
				<misses>665900001</misses>
				<total>0</total>
				<timestamp>6431.876876</timestamp>
			</report>
			<report>
				<misses>666000001</misses>
				<total>0</total>
				<timestamp>6432.762024</timestamp>
			</report>
			<report>
				<misses>666100001</misses>
				<total>0</total>
				<timestamp>6433.658764</timestamp>
			</report>
			<report>
				<misses>666200001</misses>
				<total>0</total>
				<timestamp>6434.545102</timestamp>
			</report>
			<report>
				<misses>666300001</misses>
				<total>0</total>
				<timestamp>6435.429955</timestamp>
			</report>
			<report>
				<misses>666400001</misses>
				<total>0</total>
				<timestamp>6436.317896</timestamp>
			</report>
			<report>
				<misses>666500001</misses>
				<total>0</total>
				<timestamp>6437.206865</timestamp>
			</report>
			<report>
				<misses>666600001</misses>
				<total>0</total>
				<timestamp>6438.095400</timestamp>
			</report>
			<report>
				<misses>666700001</misses>
				<total>0</total>
				<timestamp>6438.980693</timestamp>
			</report>
			<report>
				<misses>666800001</misses>
				<total>0</total>
				<timestamp>6439.870361</timestamp>
			</report>
			<report>
				<misses>666900001</misses>
				<total>0</total>
				<timestamp>6440.756133</timestamp>
			</report>
			<report>
				<misses>667000001</misses>
				<total>0</total>
				<timestamp>6441.664468</timestamp>
			</report>
			<report>
				<misses>667100001</misses>
				<total>0</total>
				<timestamp>6442.556172</timestamp>
			</report>
			<report>
				<misses>667200001</misses>
				<total>0</total>
				<timestamp>6443.449183</timestamp>
			</report>
			<report>
				<misses>667300001</misses>
				<total>0</total>
				<timestamp>6444.335325</timestamp>
			</report>
			<report>
				<misses>667400001</misses>
				<total>0</total>
				<timestamp>6445.223323</timestamp>
			</report>
			<report>
				<misses>667500001</misses>
				<total>0</total>
				<timestamp>6446.116121</timestamp>
			</report>
			<report>
				<misses>667600001</misses>
				<total>0</total>
				<timestamp>6447.012953</timestamp>
			</report>
			<report>
				<misses>667700001</misses>
				<total>0</total>
				<timestamp>6447.904347</timestamp>
			</report>
			<report>
				<misses>667800001</misses>
				<total>0</total>
				<timestamp>6448.803242</timestamp>
			</report>
			<report>
				<misses>667900001</misses>
				<total>0</total>
				<timestamp>6449.694766</timestamp>
			</report>
			<report>
				<misses>668000001</misses>
				<total>0</total>
				<timestamp>6450.585783</timestamp>
			</report>
			<report>
				<misses>668100001</misses>
				<total>0</total>
				<timestamp>6451.474147</timestamp>
			</report>
			<report>
				<misses>668200001</misses>
				<total>0</total>
				<timestamp>6452.360647</timestamp>
			</report>
			<report>
				<misses>668300001</misses>
				<total>0</total>
				<timestamp>6453.251950</timestamp>
			</report>
			<report>
				<misses>668400001</misses>
				<total>0</total>
				<timestamp>6454.138043</timestamp>
			</report>
			<report>
				<misses>668500001</misses>
				<total>0</total>
				<timestamp>6455.027533</timestamp>
			</report>
			<report>
				<misses>668600001</misses>
				<total>0</total>
				<timestamp>6455.915738</timestamp>
			</report>
			<report>
				<misses>668700001</misses>
				<total>0</total>
				<timestamp>6456.804837</timestamp>
			</report>
			<report>
				<misses>668800001</misses>
				<total>0</total>
				<timestamp>6457.692482</timestamp>
			</report>
			<report>
				<misses>668900001</misses>
				<total>0</total>
				<timestamp>6458.580475</timestamp>
			</report>
			<report>
				<misses>669000001</misses>
				<total>0</total>
				<timestamp>6459.475786</timestamp>
			</report>
			<report>
				<misses>669100001</misses>
				<total>0</total>
				<timestamp>6460.365777</timestamp>
			</report>
			<report>
				<misses>669200001</misses>
				<total>0</total>
				<timestamp>6461.254752</timestamp>
			</report>
			<report>
				<misses>669300001</misses>
				<total>0</total>
				<timestamp>6462.143874</timestamp>
			</report>
			<report>
				<misses>669400001</misses>
				<total>0</total>
				<timestamp>6463.034344</timestamp>
			</report>
			<report>
				<misses>669500001</misses>
				<total>0</total>
				<timestamp>6463.922967</timestamp>
			</report>
			<report>
				<misses>669600001</misses>
				<total>0</total>
				<timestamp>6464.810086</timestamp>
			</report>
			<report>
				<misses>669700001</misses>
				<total>0</total>
				<timestamp>6465.695026</timestamp>
			</report>
			<report>
				<misses>669800001</misses>
				<total>0</total>
				<timestamp>6466.581607</timestamp>
			</report>
			<report>
				<misses>669900001</misses>
				<total>0</total>
				<timestamp>6467.467748</timestamp>
			</report>
			<report>
				<misses>670000001</misses>
				<total>0</total>
				<timestamp>6468.355688</timestamp>
			</report>
			<report>
				<misses>670100001</misses>
				<total>0</total>
				<timestamp>6469.240863</timestamp>
			</report>
			<report>
				<misses>670200001</misses>
				<total>0</total>
				<timestamp>6470.129140</timestamp>
			</report>
			<report>
				<misses>670300001</misses>
				<total>0</total>
				<timestamp>6471.017025</timestamp>
			</report>
			<report>
				<misses>670400001</misses>
				<total>0</total>
				<timestamp>6471.903283</timestamp>
			</report>
			<report>
				<misses>670500001</misses>
				<total>0</total>
				<timestamp>6472.787412</timestamp>
			</report>
			<report>
				<misses>670600001</misses>
				<total>0</total>
				<timestamp>6473.682376</timestamp>
			</report>
			<report>
				<misses>670700001</misses>
				<total>0</total>
				<timestamp>6474.570409</timestamp>
			</report>
			<report>
				<misses>670800001</misses>
				<total>0</total>
				<timestamp>6475.468135</timestamp>
			</report>
			<report>
				<misses>670900001</misses>
				<total>0</total>
				<timestamp>6476.357197</timestamp>
			</report>
			<report>
				<misses>671000001</misses>
				<total>0</total>
				<timestamp>6477.244857</timestamp>
			</report>
			<report>
				<misses>671100001</misses>
				<total>0</total>
				<timestamp>6478.131962</timestamp>
			</report>
			<report>
				<misses>671200001</misses>
				<total>0</total>
				<timestamp>6479.042940</timestamp>
			</report>
			<report>
				<misses>671300001</misses>
				<total>0</total>
				<timestamp>6479.929551</timestamp>
			</report>
			<report>
				<misses>671400001</misses>
				<total>0</total>
				<timestamp>6480.816682</timestamp>
			</report>
			<report>
				<misses>671500001</misses>
				<total>0</total>
				<timestamp>6481.715755</timestamp>
			</report>
			<report>
				<misses>671600001</misses>
				<total>0</total>
				<timestamp>6482.603534</timestamp>
			</report>
			<report>
				<misses>671700001</misses>
				<total>0</total>
				<timestamp>6483.496484</timestamp>
			</report>
			<report>
				<misses>671800001</misses>
				<total>0</total>
				<timestamp>6484.386760</timestamp>
			</report>
			<report>
				<misses>671900001</misses>
				<total>0</total>
				<timestamp>6485.275224</timestamp>
			</report>
			<report>
				<misses>672000001</misses>
				<total>0</total>
				<timestamp>6486.164562</timestamp>
			</report>
			<report>
				<misses>672100001</misses>
				<total>0</total>
				<timestamp>6487.057414</timestamp>
			</report>
			<report>
				<misses>672200001</misses>
				<total>0</total>
				<timestamp>6487.944773</timestamp>
			</report>
			<report>
				<misses>672300001</misses>
				<total>0</total>
				<timestamp>6488.832495</timestamp>
			</report>
			<report>
				<misses>672400001</misses>
				<total>0</total>
				<timestamp>6489.719457</timestamp>
			</report>
			<report>
				<misses>672500001</misses>
				<total>0</total>
				<timestamp>6490.603083</timestamp>
			</report>
			<report>
				<misses>672600001</misses>
				<total>0</total>
				<timestamp>6491.495100</timestamp>
			</report>
			<report>
				<misses>672700001</misses>
				<total>0</total>
				<timestamp>6492.386092</timestamp>
			</report>
			<report>
				<misses>672800001</misses>
				<total>0</total>
				<timestamp>6493.274134</timestamp>
			</report>
			<report>
				<misses>672900001</misses>
				<total>0</total>
				<timestamp>6494.161348</timestamp>
			</report>
			<report>
				<misses>673000001</misses>
				<total>0</total>
				<timestamp>6495.048564</timestamp>
			</report>
			<report>
				<misses>673100001</misses>
				<total>0</total>
				<timestamp>6495.934753</timestamp>
			</report>
			<report>
				<misses>673200001</misses>
				<total>0</total>
				<timestamp>6496.832277</timestamp>
			</report>
			<report>
				<misses>673300001</misses>
				<total>0</total>
				<timestamp>6497.718680</timestamp>
			</report>
			<report>
				<misses>673400001</misses>
				<total>0</total>
				<timestamp>6498.653980</timestamp>
			</report>
			<report>
				<misses>673500001</misses>
				<total>0</total>
				<timestamp>6499.545420</timestamp>
			</report>
			<report>
				<misses>673600001</misses>
				<total>0</total>
				<timestamp>6500.431421</timestamp>
			</report>
			<report>
				<misses>673700001</misses>
				<total>0</total>
				<timestamp>6501.317747</timestamp>
			</report>
			<report>
				<misses>673800001</misses>
				<total>0</total>
				<timestamp>6502.208250</timestamp>
			</report>
			<report>
				<misses>673900001</misses>
				<total>0</total>
				<timestamp>6503.102210</timestamp>
			</report>
			<report>
				<misses>674000001</misses>
				<total>0</total>
				<timestamp>6503.993232</timestamp>
			</report>
			<report>
				<misses>674100001</misses>
				<total>0</total>
				<timestamp>6504.888244</timestamp>
			</report>
			<report>
				<misses>674200001</misses>
				<total>0</total>
				<timestamp>6505.777594</timestamp>
			</report>
			<report>
				<misses>674300001</misses>
				<total>0</total>
				<timestamp>6506.663595</timestamp>
			</report>
			<report>
				<misses>674400001</misses>
				<total>0</total>
				<timestamp>6507.559514</timestamp>
			</report>
			<report>
				<misses>674500001</misses>
				<total>0</total>
				<timestamp>6508.447968</timestamp>
			</report>
			<report>
				<misses>674600001</misses>
				<total>0</total>
				<timestamp>6509.338031</timestamp>
			</report>
			<report>
				<misses>674700001</misses>
				<total>0</total>
				<timestamp>6510.224293</timestamp>
			</report>
			<report>
				<misses>674800001</misses>
				<total>0</total>
				<timestamp>6511.110885</timestamp>
			</report>
			<report>
				<misses>674900001</misses>
				<total>0</total>
				<timestamp>6511.995557</timestamp>
			</report>
			<report>
				<misses>675000001</misses>
				<total>0</total>
				<timestamp>6512.891860</timestamp>
			</report>
			<report>
				<misses>675100001</misses>
				<total>0</total>
				<timestamp>6513.780442</timestamp>
			</report>
			<report>
				<misses>675200001</misses>
				<total>0</total>
				<timestamp>6514.667811</timestamp>
			</report>
			<report>
				<misses>675300001</misses>
				<total>0</total>
				<timestamp>6515.555522</timestamp>
			</report>
			<report>
				<misses>675400001</misses>
				<total>0</total>
				<timestamp>6516.443780</timestamp>
			</report>
			<report>
				<misses>675500001</misses>
				<total>0</total>
				<timestamp>6517.333913</timestamp>
			</report>
			<report>
				<misses>675600001</misses>
				<total>0</total>
				<timestamp>6518.222365</timestamp>
			</report>
			<report>
				<misses>675700001</misses>
				<total>0</total>
				<timestamp>6519.109436</timestamp>
			</report>
			<report>
				<misses>675800001</misses>
				<total>0</total>
				<timestamp>6519.998875</timestamp>
			</report>
			<report>
				<misses>675900001</misses>
				<total>0</total>
				<timestamp>6520.886629</timestamp>
			</report>
			<report>
				<misses>676000001</misses>
				<total>0</total>
				<timestamp>6521.775650</timestamp>
			</report>
			<report>
				<misses>676100001</misses>
				<total>0</total>
				<timestamp>6522.660495</timestamp>
			</report>
			<report>
				<misses>676200001</misses>
				<total>0</total>
				<timestamp>6523.579080</timestamp>
			</report>
			<report>
				<misses>676300001</misses>
				<total>0</total>
				<timestamp>6524.470931</timestamp>
			</report>
			<report>
				<misses>676400001</misses>
				<total>0</total>
				<timestamp>6525.357181</timestamp>
			</report>
			<report>
				<misses>676500001</misses>
				<total>0</total>
				<timestamp>6526.246610</timestamp>
			</report>
			<report>
				<misses>676600001</misses>
				<total>0</total>
				<timestamp>6527.139191</timestamp>
			</report>
			<report>
				<misses>676700001</misses>
				<total>0</total>
				<timestamp>6528.027051</timestamp>
			</report>
			<report>
				<misses>676800001</misses>
				<total>0</total>
				<timestamp>6528.916408</timestamp>
			</report>
			<report>
				<misses>676900001</misses>
				<total>0</total>
				<timestamp>6529.810967</timestamp>
			</report>
			<report>
				<misses>677000001</misses>
				<total>0</total>
				<timestamp>6530.698678</timestamp>
			</report>
			<report>
				<misses>677100001</misses>
				<total>0</total>
				<timestamp>6531.594677</timestamp>
			</report>
			<report>
				<misses>677200001</misses>
				<total>0</total>
				<timestamp>6532.482947</timestamp>
			</report>
			<report>
				<misses>677300001</misses>
				<total>0</total>
				<timestamp>6533.370361</timestamp>
			</report>
			<report>
				<misses>677400001</misses>
				<total>0</total>
				<timestamp>6534.260226</timestamp>
			</report>
			<report>
				<misses>677500001</misses>
				<total>0</total>
				<timestamp>6535.155330</timestamp>
			</report>
			<report>
				<misses>677600001</misses>
				<total>0</total>
				<timestamp>6536.041285</timestamp>
			</report>
			<report>
				<misses>677700001</misses>
				<total>0</total>
				<timestamp>6536.928161</timestamp>
			</report>
			<report>
				<misses>677800001</misses>
				<total>0</total>
				<timestamp>6537.824673</timestamp>
			</report>
			<report>
				<misses>677900001</misses>
				<total>0</total>
				<timestamp>6538.710168</timestamp>
			</report>
			<report>
				<misses>678000001</misses>
				<total>0</total>
				<timestamp>6539.604248</timestamp>
			</report>
			<report>
				<misses>678100001</misses>
				<total>0</total>
				<timestamp>6540.494902</timestamp>
			</report>
			<report>
				<misses>678200001</misses>
				<total>0</total>
				<timestamp>6541.382716</timestamp>
			</report>
			<report>
				<misses>678300001</misses>
				<total>0</total>
				<timestamp>6542.269440</timestamp>
			</report>
			<report>
				<misses>678400001</misses>
				<total>0</total>
				<timestamp>6543.156045</timestamp>
			</report>
			<report>
				<misses>678500001</misses>
				<total>0</total>
				<timestamp>6544.039331</timestamp>
			</report>
			<report>
				<misses>678600001</misses>
				<total>0</total>
				<timestamp>6544.930324</timestamp>
			</report>
			<report>
				<misses>678700001</misses>
				<total>0</total>
				<timestamp>6545.831195</timestamp>
			</report>
			<report>
				<misses>678800001</misses>
				<total>0</total>
				<timestamp>6546.718056</timestamp>
			</report>
			<report>
				<misses>678900001</misses>
				<total>0</total>
				<timestamp>6547.612741</timestamp>
			</report>
			<report>
				<misses>679000001</misses>
				<total>0</total>
				<timestamp>6548.499402</timestamp>
			</report>
			<report>
				<misses>679100001</misses>
				<total>0</total>
				<timestamp>6549.387793</timestamp>
			</report>
			<report>
				<misses>679200001</misses>
				<total>0</total>
				<timestamp>6550.281362</timestamp>
			</report>
			<report>
				<misses>679300001</misses>
				<total>0</total>
				<timestamp>6551.177516</timestamp>
			</report>
			<report>
				<misses>679400001</misses>
				<total>0</total>
				<timestamp>6552.064277</timestamp>
			</report>
			<report>
				<misses>679500001</misses>
				<total>0</total>
				<timestamp>6552.955654</timestamp>
			</report>
			<report>
				<misses>679600001</misses>
				<total>0</total>
				<timestamp>6553.857116</timestamp>
			</report>
			<report>
				<misses>679700001</misses>
				<total>0</total>
				<timestamp>6554.748827</timestamp>
			</report>
			<report>
				<misses>679800001</misses>
				<total>0</total>
				<timestamp>6555.647430</timestamp>
			</report>
			<report>
				<misses>679900001</misses>
				<total>0</total>
				<timestamp>6556.537504</timestamp>
			</report>
			<report>
				<misses>680000001</misses>
				<total>0</total>
				<timestamp>6557.428246</timestamp>
			</report>
			<report>
				<misses>680100001</misses>
				<total>0</total>
				<timestamp>6558.316361</timestamp>
			</report>
			<report>
				<misses>680200001</misses>
				<total>0</total>
				<timestamp>6559.206904</timestamp>
			</report>
			<report>
				<misses>680300001</misses>
				<total>0</total>
				<timestamp>6560.118886</timestamp>
			</report>
			<report>
				<misses>680400001</misses>
				<total>0</total>
				<timestamp>6561.009705</timestamp>
			</report>
			<report>
				<misses>680500001</misses>
				<total>0</total>
				<timestamp>6561.893166</timestamp>
			</report>
			<report>
				<misses>680600001</misses>
				<total>0</total>
				<timestamp>6562.780002</timestamp>
			</report>
			<report>
				<misses>680700001</misses>
				<total>0</total>
				<timestamp>6563.666431</timestamp>
			</report>
			<report>
				<misses>680800001</misses>
				<total>0</total>
				<timestamp>6564.555437</timestamp>
			</report>
			<report>
				<misses>680900001</misses>
				<total>0</total>
				<timestamp>6565.442184</timestamp>
			</report>
			<report>
				<misses>681000001</misses>
				<total>0</total>
				<timestamp>6566.329531</timestamp>
			</report>
			<report>
				<misses>681100001</misses>
				<total>0</total>
				<timestamp>6567.218305</timestamp>
			</report>
			<report>
				<misses>681200001</misses>
				<total>0</total>
				<timestamp>6568.102315</timestamp>
			</report>
			<report>
				<misses>681300001</misses>
				<total>0</total>
				<timestamp>6568.987544</timestamp>
			</report>
			<report>
				<misses>681400001</misses>
				<total>0</total>
				<timestamp>6569.875489</timestamp>
			</report>
			<report>
				<misses>681500001</misses>
				<total>0</total>
				<timestamp>6570.763619</timestamp>
			</report>
			<report>
				<misses>681600001</misses>
				<total>0</total>
				<timestamp>6571.650614</timestamp>
			</report>
			<report>
				<misses>681700001</misses>
				<total>0</total>
				<timestamp>6572.541012</timestamp>
			</report>
			<report>
				<misses>681800001</misses>
				<total>0</total>
				<timestamp>6573.425818</timestamp>
			</report>
			<report>
				<misses>681900001</misses>
				<total>0</total>
				<timestamp>6574.314602</timestamp>
			</report>
			<report>
				<misses>682000001</misses>
				<total>0</total>
				<timestamp>6575.200304</timestamp>
			</report>
			<report>
				<misses>682100001</misses>
				<total>0</total>
				<timestamp>6576.086575</timestamp>
			</report>
			<report>
				<misses>682200001</misses>
				<total>0</total>
				<timestamp>6576.974469</timestamp>
			</report>
			<report>
				<misses>682300001</misses>
				<total>0</total>
				<timestamp>6577.860536</timestamp>
			</report>
			<report>
				<misses>682400001</misses>
				<total>0</total>
				<timestamp>6578.747688</timestamp>
			</report>
			<report>
				<misses>682500001</misses>
				<total>0</total>
				<timestamp>6579.638536</timestamp>
			</report>
			<report>
				<misses>682600001</misses>
				<total>0</total>
				<timestamp>6580.527210</timestamp>
			</report>
			<report>
				<misses>682700001</misses>
				<total>0</total>
				<timestamp>6581.414173</timestamp>
			</report>
			<report>
				<misses>682800001</misses>
				<total>0</total>
				<timestamp>6582.298757</timestamp>
			</report>
			<report>
				<misses>682900001</misses>
				<total>0</total>
				<timestamp>6583.187588</timestamp>
			</report>
			<report>
				<misses>683000001</misses>
				<total>0</total>
				<timestamp>6584.074284</timestamp>
			</report>
			<report>
				<misses>683100001</misses>
				<total>0</total>
				<timestamp>6584.964313</timestamp>
			</report>
			<report>
				<misses>683200001</misses>
				<total>0</total>
				<timestamp>6585.862049</timestamp>
			</report>
			<report>
				<misses>683300001</misses>
				<total>0</total>
				<timestamp>6586.749982</timestamp>
			</report>
			<report>
				<misses>683400001</misses>
				<total>0</total>
				<timestamp>6587.637678</timestamp>
			</report>
			<report>
				<misses>683500001</misses>
				<total>0</total>
				<timestamp>6588.526299</timestamp>
			</report>
			<report>
				<misses>683600001</misses>
				<total>0</total>
				<timestamp>6589.450856</timestamp>
			</report>
			<report>
				<misses>683700001</misses>
				<total>0</total>
				<timestamp>6590.341236</timestamp>
			</report>
			<report>
				<misses>683800001</misses>
				<total>0</total>
				<timestamp>6591.229032</timestamp>
			</report>
			<report>
				<misses>683900001</misses>
				<total>0</total>
				<timestamp>6592.117432</timestamp>
			</report>
			<report>
				<misses>684000001</misses>
				<total>0</total>
				<timestamp>6593.008016</timestamp>
			</report>
			<report>
				<misses>684100001</misses>
				<total>0</total>
				<timestamp>6593.894051</timestamp>
			</report>
			<report>
				<misses>684200001</misses>
				<total>0</total>
				<timestamp>6594.781918</timestamp>
			</report>
			<report>
				<misses>684300001</misses>
				<total>0</total>
				<timestamp>6595.669524</timestamp>
			</report>
			<report>
				<misses>684400001</misses>
				<total>0</total>
				<timestamp>6596.556056</timestamp>
			</report>
			<report>
				<misses>684500001</misses>
				<total>0</total>
				<timestamp>6597.443224</timestamp>
			</report>
			<report>
				<misses>684600001</misses>
				<total>0</total>
				<timestamp>6598.331654</timestamp>
			</report>
			<report>
				<misses>684700001</misses>
				<total>0</total>
				<timestamp>6599.218223</timestamp>
			</report>
			<report>
				<misses>684800001</misses>
				<total>0</total>
				<timestamp>6600.107376</timestamp>
			</report>
			<report>
				<misses>684900001</misses>
				<total>0</total>
				<timestamp>6600.995508</timestamp>
			</report>
			<report>
				<misses>685000001</misses>
				<total>0</total>
				<timestamp>6601.880547</timestamp>
			</report>
			<report>
				<misses>685100001</misses>
				<total>0</total>
				<timestamp>6602.772009</timestamp>
			</report>
			<report>
				<misses>685200001</misses>
				<total>0</total>
				<timestamp>6603.667119</timestamp>
			</report>
			<report>
				<misses>685300001</misses>
				<total>0</total>
				<timestamp>6604.554399</timestamp>
			</report>
			<report>
				<misses>685400001</misses>
				<total>0</total>
				<timestamp>6605.443547</timestamp>
			</report>
			<report>
				<misses>685500001</misses>
				<total>0</total>
				<timestamp>6606.328849</timestamp>
			</report>
			<report>
				<misses>685600001</misses>
				<total>0</total>
				<timestamp>6607.216528</timestamp>
			</report>
			<report>
				<misses>685700001</misses>
				<total>0</total>
				<timestamp>6608.107181</timestamp>
			</report>
			<report>
				<misses>685800001</misses>
				<total>0</total>
				<timestamp>6609.008512</timestamp>
			</report>
			<report>
				<misses>685900001</misses>
				<total>0</total>
				<timestamp>6609.903619</timestamp>
			</report>
			<report>
				<misses>686000001</misses>
				<total>0</total>
				<timestamp>6610.792829</timestamp>
			</report>
			<report>
				<misses>686100001</misses>
				<total>0</total>
				<timestamp>6611.686462</timestamp>
			</report>
			<report>
				<misses>686200001</misses>
				<total>0</total>
				<timestamp>6612.576502</timestamp>
			</report>
			<report>
				<misses>686300001</misses>
				<total>0</total>
				<timestamp>6613.462905</timestamp>
			</report>
			<report>
				<misses>686400001</misses>
				<total>0</total>
				<timestamp>6614.351193</timestamp>
			</report>
			<report>
				<misses>686500001</misses>
				<total>0</total>
				<timestamp>6615.236458</timestamp>
			</report>
			<report>
				<misses>686600001</misses>
				<total>0</total>
				<timestamp>6616.122498</timestamp>
			</report>
			<report>
				<misses>686700001</misses>
				<total>0</total>
				<timestamp>6617.010396</timestamp>
			</report>
			<report>
				<misses>686800001</misses>
				<total>0</total>
				<timestamp>6617.897636</timestamp>
			</report>
			<report>
				<misses>686900001</misses>
				<total>0</total>
				<timestamp>6618.786532</timestamp>
			</report>
			<report>
				<misses>687000001</misses>
				<total>0</total>
				<timestamp>6619.670007</timestamp>
			</report>
			<report>
				<misses>687100001</misses>
				<total>0</total>
				<timestamp>6620.559216</timestamp>
			</report>
			<report>
				<misses>687200001</misses>
				<total>0</total>
				<timestamp>6621.446273</timestamp>
			</report>
			<report>
				<misses>687300001</misses>
				<total>0</total>
				<timestamp>6622.330028</timestamp>
			</report>
			<report>
				<misses>687400001</misses>
				<total>0</total>
				<timestamp>6623.219529</timestamp>
			</report>
			<report>
				<misses>687500001</misses>
				<total>0</total>
				<timestamp>6624.107578</timestamp>
			</report>
			<report>
				<misses>687600001</misses>
				<total>0</total>
				<timestamp>6624.997064</timestamp>
			</report>
			<report>
				<misses>687700001</misses>
				<total>0</total>
				<timestamp>6625.885283</timestamp>
			</report>
			<report>
				<misses>687800001</misses>
				<total>0</total>
				<timestamp>6626.770234</timestamp>
			</report>
			<report>
				<misses>687900001</misses>
				<total>0</total>
				<timestamp>6627.661949</timestamp>
			</report>
			<report>
				<misses>688000001</misses>
				<total>0</total>
				<timestamp>6628.551347</timestamp>
			</report>
			<report>
				<misses>688100001</misses>
				<total>0</total>
				<timestamp>6629.439739</timestamp>
			</report>
			<report>
				<misses>688200001</misses>
				<total>0</total>
				<timestamp>6630.327369</timestamp>
			</report>
			<report>
				<misses>688300001</misses>
				<total>0</total>
				<timestamp>6631.215796</timestamp>
			</report>
			<report>
				<misses>688400001</misses>
				<total>0</total>
				<timestamp>6632.107631</timestamp>
			</report>
			<report>
				<misses>688500001</misses>
				<total>0</total>
				<timestamp>6632.997242</timestamp>
			</report>
			<report>
				<misses>688600001</misses>
				<total>0</total>
				<timestamp>6633.885401</timestamp>
			</report>
			<report>
				<misses>688700001</misses>
				<total>0</total>
				<timestamp>6634.774022</timestamp>
			</report>
			<report>
				<misses>688800001</misses>
				<total>0</total>
				<timestamp>6635.664525</timestamp>
			</report>
			<report>
				<misses>688900001</misses>
				<total>0</total>
				<timestamp>6636.551131</timestamp>
			</report>
			<report>
				<misses>689000001</misses>
				<total>0</total>
				<timestamp>6637.438179</timestamp>
			</report>
			<report>
				<misses>689100001</misses>
				<total>0</total>
				<timestamp>6638.329848</timestamp>
			</report>
			<report>
				<misses>689200001</misses>
				<total>0</total>
				<timestamp>6639.223250</timestamp>
			</report>
			<report>
				<misses>689300001</misses>
				<total>0</total>
				<timestamp>6640.110585</timestamp>
			</report>
			<report>
				<misses>689400001</misses>
				<total>0</total>
				<timestamp>6640.997774</timestamp>
			</report>
			<report>
				<misses>689500001</misses>
				<total>0</total>
				<timestamp>6641.893384</timestamp>
			</report>
			<report>
				<misses>689600001</misses>
				<total>0</total>
				<timestamp>6642.779824</timestamp>
			</report>
			<report>
				<misses>689700001</misses>
				<total>0</total>
				<timestamp>6643.680572</timestamp>
			</report>
			<report>
				<misses>689800001</misses>
				<total>0</total>
				<timestamp>6644.568017</timestamp>
			</report>
			<report>
				<misses>689900001</misses>
				<total>0</total>
				<timestamp>6645.453481</timestamp>
			</report>
			<report>
				<misses>690000001</misses>
				<total>0</total>
				<timestamp>6646.338973</timestamp>
			</report>
			<report>
				<misses>690100001</misses>
				<total>0</total>
				<timestamp>6647.230423</timestamp>
			</report>
			<report>
				<misses>690200001</misses>
				<total>0</total>
				<timestamp>6648.118323</timestamp>
			</report>
			<report>
				<misses>690300001</misses>
				<total>0</total>
				<timestamp>6649.007427</timestamp>
			</report>
			<report>
				<misses>690400001</misses>
				<total>0</total>
				<timestamp>6649.893046</timestamp>
			</report>
			<report>
				<misses>690500001</misses>
				<total>0</total>
				<timestamp>6650.781550</timestamp>
			</report>
			<report>
				<misses>690600001</misses>
				<total>0</total>
				<timestamp>6651.680490</timestamp>
			</report>
			<report>
				<misses>690700001</misses>
				<total>0</total>
				<timestamp>6652.568111</timestamp>
			</report>
			<report>
				<misses>690800001</misses>
				<total>0</total>
				<timestamp>6653.454273</timestamp>
			</report>
			<report>
				<misses>690900001</misses>
				<total>0</total>
				<timestamp>6654.350563</timestamp>
			</report>
			<report>
				<misses>691000001</misses>
				<total>0</total>
				<timestamp>6655.240867</timestamp>
			</report>
			<report>
				<misses>691100001</misses>
				<total>0</total>
				<timestamp>6656.131179</timestamp>
			</report>
			<report>
				<misses>691200001</misses>
				<total>0</total>
				<timestamp>6657.020328</timestamp>
			</report>
			<report>
				<misses>691300001</misses>
				<total>0</total>
				<timestamp>6657.908291</timestamp>
			</report>
			<report>
				<misses>691400001</misses>
				<total>0</total>
				<timestamp>6658.795800</timestamp>
			</report>
			<report>
				<misses>691500001</misses>
				<total>0</total>
				<timestamp>6659.685285</timestamp>
			</report>
			<report>
				<misses>691600001</misses>
				<total>0</total>
				<timestamp>6660.573947</timestamp>
			</report>
			<report>
				<misses>691700001</misses>
				<total>0</total>
				<timestamp>6661.462218</timestamp>
			</report>
			<report>
				<misses>691800001</misses>
				<total>0</total>
				<timestamp>6662.355474</timestamp>
			</report>
			<report>
				<misses>691900001</misses>
				<total>0</total>
				<timestamp>6663.251485</timestamp>
			</report>
			<report>
				<misses>692000001</misses>
				<total>0</total>
				<timestamp>6664.139078</timestamp>
			</report>
			<report>
				<misses>692100001</misses>
				<total>0</total>
				<timestamp>6665.028015</timestamp>
			</report>
			<report>
				<misses>692200001</misses>
				<total>0</total>
				<timestamp>6665.915990</timestamp>
			</report>
			<report>
				<misses>692300001</misses>
				<total>0</total>
				<timestamp>6666.801722</timestamp>
			</report>
			<report>
				<misses>692400001</misses>
				<total>0</total>
				<timestamp>6667.687572</timestamp>
			</report>
			<report>
				<misses>692500001</misses>
				<total>0</total>
				<timestamp>6668.576562</timestamp>
			</report>
			<report>
				<misses>692600001</misses>
				<total>0</total>
				<timestamp>6669.463304</timestamp>
			</report>
			<report>
				<misses>692700001</misses>
				<total>0</total>
				<timestamp>6670.351986</timestamp>
			</report>
			<report>
				<misses>692800001</misses>
				<total>0</total>
				<timestamp>6671.240507</timestamp>
			</report>
			<report>
				<misses>692900001</misses>
				<total>0</total>
				<timestamp>6672.130884</timestamp>
			</report>
			<report>
				<misses>693000001</misses>
				<total>0</total>
				<timestamp>6673.023474</timestamp>
			</report>
			<report>
				<misses>693100001</misses>
				<total>0</total>
				<timestamp>6673.910728</timestamp>
			</report>
			<report>
				<misses>693200001</misses>
				<total>0</total>
				<timestamp>6674.799978</timestamp>
			</report>
			<report>
				<misses>693300001</misses>
				<total>0</total>
				<timestamp>6675.684293</timestamp>
			</report>
			<report>
				<misses>693400001</misses>
				<total>0</total>
				<timestamp>6676.568870</timestamp>
			</report>
			<report>
				<misses>693500001</misses>
				<total>0</total>
				<timestamp>6677.456101</timestamp>
			</report>
			<report>
				<misses>693600001</misses>
				<total>0</total>
				<timestamp>6678.344667</timestamp>
			</report>
			<report>
				<misses>693700001</misses>
				<total>0</total>
				<timestamp>6679.232804</timestamp>
			</report>
			<report>
				<misses>693800001</misses>
				<total>0</total>
				<timestamp>6680.119069</timestamp>
			</report>
			<report>
				<misses>693900001</misses>
				<total>0</total>
				<timestamp>6681.004486</timestamp>
			</report>
			<report>
				<misses>694000001</misses>
				<total>0</total>
				<timestamp>6681.891615</timestamp>
			</report>
			<report>
				<misses>694100001</misses>
				<total>0</total>
				<timestamp>6682.784490</timestamp>
			</report>
			<report>
				<misses>694200001</misses>
				<total>0</total>
				<timestamp>6683.671226</timestamp>
			</report>
			<report>
				<misses>694300001</misses>
				<total>0</total>
				<timestamp>6684.557868</timestamp>
			</report>
			<report>
				<misses>694400001</misses>
				<total>0</total>
				<timestamp>6685.444602</timestamp>
			</report>
			<report>
				<misses>694500001</misses>
				<total>0</total>
				<timestamp>6686.328432</timestamp>
			</report>
			<report>
				<misses>694600001</misses>
				<total>0</total>
				<timestamp>6687.214158</timestamp>
			</report>
			<report>
				<misses>694700001</misses>
				<total>0</total>
				<timestamp>6688.100829</timestamp>
			</report>
			<report>
				<misses>694800001</misses>
				<total>0</total>
				<timestamp>6688.988587</timestamp>
			</report>
			<report>
				<misses>694900001</misses>
				<total>0</total>
				<timestamp>6689.875229</timestamp>
			</report>
			<report>
				<misses>695000001</misses>
				<total>0</total>
				<timestamp>6690.759012</timestamp>
			</report>
			<report>
				<misses>695100001</misses>
				<total>0</total>
				<timestamp>6691.655305</timestamp>
			</report>
			<report>
				<misses>695200001</misses>
				<total>0</total>
				<timestamp>6692.544350</timestamp>
			</report>
			<report>
				<misses>695300001</misses>
				<total>0</total>
				<timestamp>6693.431892</timestamp>
			</report>
			<report>
				<misses>695400001</misses>
				<total>0</total>
				<timestamp>6694.341287</timestamp>
			</report>
			<report>
				<misses>695500001</misses>
				<total>0</total>
				<timestamp>6695.246518</timestamp>
			</report>
			<report>
				<misses>695600001</misses>
				<total>0</total>
				<timestamp>6696.134621</timestamp>
			</report>
			<report>
				<misses>695700001</misses>
				<total>0</total>
				<timestamp>6697.020046</timestamp>
			</report>
			<report>
				<misses>695800001</misses>
				<total>0</total>
				<timestamp>6697.907662</timestamp>
			</report>
			<report>
				<misses>695900001</misses>
				<total>0</total>
				<timestamp>6698.795629</timestamp>
			</report>
			<report>
				<misses>696000001</misses>
				<total>0</total>
				<timestamp>6699.696196</timestamp>
			</report>
			<report>
				<misses>696100001</misses>
				<total>0</total>
				<timestamp>6700.584781</timestamp>
			</report>
			<report>
				<misses>696200001</misses>
				<total>0</total>
				<timestamp>6701.472353</timestamp>
			</report>
			<report>
				<misses>696300001</misses>
				<total>0</total>
				<timestamp>6702.358230</timestamp>
			</report>
			<report>
				<misses>696400001</misses>
				<total>0</total>
				<timestamp>6703.244598</timestamp>
			</report>
			<report>
				<misses>696500001</misses>
				<total>0</total>
				<timestamp>6704.132697</timestamp>
			</report>
			<report>
				<misses>696600001</misses>
				<total>0</total>
				<timestamp>6705.018211</timestamp>
			</report>
			<report>
				<misses>696700001</misses>
				<total>0</total>
				<timestamp>6705.906714</timestamp>
			</report>
			<report>
				<misses>696800001</misses>
				<total>0</total>
				<timestamp>6706.791793</timestamp>
			</report>
			<report>
				<misses>696900001</misses>
				<total>0</total>
				<timestamp>6707.686636</timestamp>
			</report>
			<report>
				<misses>697000001</misses>
				<total>0</total>
				<timestamp>6708.574143</timestamp>
			</report>
			<report>
				<misses>697100001</misses>
				<total>0</total>
				<timestamp>6709.468019</timestamp>
			</report>
			<report>
				<misses>697200001</misses>
				<total>0</total>
				<timestamp>6710.357415</timestamp>
			</report>
			<report>
				<misses>697300001</misses>
				<total>0</total>
				<timestamp>6711.245690</timestamp>
			</report>
			<report>
				<misses>697400001</misses>
				<total>0</total>
				<timestamp>6712.138255</timestamp>
			</report>
			<report>
				<misses>697500001</misses>
				<total>0</total>
				<timestamp>6713.026967</timestamp>
			</report>
			<report>
				<misses>697600001</misses>
				<total>0</total>
				<timestamp>6713.923929</timestamp>
			</report>
			<report>
				<misses>697700001</misses>
				<total>0</total>
				<timestamp>6714.810617</timestamp>
			</report>
			<report>
				<misses>697800001</misses>
				<total>0</total>
				<timestamp>6715.702627</timestamp>
			</report>
			<report>
				<misses>697900001</misses>
				<total>0</total>
				<timestamp>6716.589322</timestamp>
			</report>
			<report>
				<misses>698000001</misses>
				<total>0</total>
				<timestamp>6717.478162</timestamp>
			</report>
			<report>
				<misses>698100001</misses>
				<total>0</total>
				<timestamp>6718.366550</timestamp>
			</report>
			<report>
				<misses>698200001</misses>
				<total>0</total>
				<timestamp>6719.260756</timestamp>
			</report>
			<report>
				<misses>698300001</misses>
				<total>0</total>
				<timestamp>6720.151770</timestamp>
			</report>
			<report>
				<misses>698400001</misses>
				<total>0</total>
				<timestamp>6721.039450</timestamp>
			</report>
			<report>
				<misses>698500001</misses>
				<total>0</total>
				<timestamp>6721.925961</timestamp>
			</report>
			<report>
				<misses>698600001</misses>
				<total>0</total>
				<timestamp>6722.815624</timestamp>
			</report>
			<report>
				<misses>698700001</misses>
				<total>0</total>
				<timestamp>6723.702420</timestamp>
			</report>
			<report>
				<misses>698800001</misses>
				<total>0</total>
				<timestamp>6724.588650</timestamp>
			</report>
			<report>
				<misses>698900001</misses>
				<total>0</total>
				<timestamp>6725.476488</timestamp>
			</report>
			<report>
				<misses>699000001</misses>
				<total>0</total>
				<timestamp>6726.369249</timestamp>
			</report>
			<report>
				<misses>699100001</misses>
				<total>0</total>
				<timestamp>6727.261686</timestamp>
			</report>
			<report>
				<misses>699200001</misses>
				<total>0</total>
				<timestamp>6728.148771</timestamp>
			</report>
			<report>
				<misses>699300001</misses>
				<total>0</total>
				<timestamp>6729.038691</timestamp>
			</report>
			<report>
				<misses>699400001</misses>
				<total>0</total>
				<timestamp>6729.928244</timestamp>
			</report>
			<report>
				<misses>699500001</misses>
				<total>0</total>
				<timestamp>6730.813832</timestamp>
			</report>
			<report>
				<misses>699600001</misses>
				<total>0</total>
				<timestamp>6731.702990</timestamp>
			</report>
			<report>
				<misses>699700001</misses>
				<total>0</total>
				<timestamp>6732.597656</timestamp>
			</report>
			<report>
				<misses>699800001</misses>
				<total>0</total>
				<timestamp>6733.489447</timestamp>
			</report>
			<report>
				<misses>699900001</misses>
				<total>0</total>
				<timestamp>6734.374770</timestamp>
			</report>
			<report>
				<misses>700000001</misses>
				<total>0</total>
				<timestamp>6735.267530</timestamp>
			</report>
			<report>
				<misses>700100001</misses>
				<total>0</total>
				<timestamp>6736.154786</timestamp>
			</report>
			<report>
				<misses>700200001</misses>
				<total>0</total>
				<timestamp>6737.041730</timestamp>
			</report>
			<report>
				<misses>700300001</misses>
				<total>0</total>
				<timestamp>6737.927891</timestamp>
			</report>
			<report>
				<misses>700400001</misses>
				<total>0</total>
				<timestamp>6738.831645</timestamp>
			</report>
			<report>
				<misses>700500001</misses>
				<total>0</total>
				<timestamp>6739.766582</timestamp>
			</report>
			<report>
				<misses>700600001</misses>
				<total>0</total>
				<timestamp>6740.701483</timestamp>
			</report>
			<report>
				<misses>700700001</misses>
				<total>0</total>
				<timestamp>6741.638476</timestamp>
			</report>
			<report>
				<misses>700800001</misses>
				<total>0</total>
				<timestamp>6742.574789</timestamp>
			</report>
			<report>
				<misses>700900001</misses>
				<total>0</total>
				<timestamp>6743.510611</timestamp>
			</report>
			<report>
				<misses>701000001</misses>
				<total>0</total>
				<timestamp>6744.445674</timestamp>
			</report>
			<report>
				<misses>701100001</misses>
				<total>0</total>
				<timestamp>6745.381261</timestamp>
			</report>
			<report>
				<misses>701200001</misses>
				<total>0</total>
				<timestamp>6746.315327</timestamp>
			</report>
			<report>
				<misses>701300001</misses>
				<total>0</total>
				<timestamp>6747.253023</timestamp>
			</report>
			<report>
				<misses>701400001</misses>
				<total>0</total>
				<timestamp>6748.187966</timestamp>
			</report>
			<report>
				<misses>701500001</misses>
				<total>0</total>
				<timestamp>6749.122771</timestamp>
			</report>
			<report>
				<misses>701600001</misses>
				<total>0</total>
				<timestamp>6750.057958</timestamp>
			</report>
			<report>
				<misses>701700001</misses>
				<total>0</total>
				<timestamp>6750.994950</timestamp>
			</report>
			<report>
				<misses>701800001</misses>
				<total>0</total>
				<timestamp>6751.929108</timestamp>
			</report>
			<report>
				<misses>701900001</misses>
				<total>0</total>
				<timestamp>6752.864850</timestamp>
			</report>
			<report>
				<misses>702000001</misses>
				<total>0</total>
				<timestamp>6753.802099</timestamp>
			</report>
			<report>
				<misses>702100001</misses>
				<total>0</total>
				<timestamp>6754.736198</timestamp>
			</report>
			<report>
				<misses>702200001</misses>
				<total>0</total>
				<timestamp>6755.661801</timestamp>
			</report>
			<report>
				<misses>702300001</misses>
				<total>0</total>
				<timestamp>6756.595333</timestamp>
			</report>
			<report>
				<misses>702400001</misses>
				<total>0</total>
				<timestamp>6757.530835</timestamp>
			</report>
			<report>
				<misses>702500001</misses>
				<total>0</total>
				<timestamp>6758.465634</timestamp>
			</report>
			<report>
				<misses>702600001</misses>
				<total>0</total>
				<timestamp>6759.400980</timestamp>
			</report>
			<report>
				<misses>702700001</misses>
				<total>0</total>
				<timestamp>6760.338107</timestamp>
			</report>
			<report>
				<misses>702800001</misses>
				<total>0</total>
				<timestamp>6761.272651</timestamp>
			</report>
			<report>
				<misses>702900001</misses>
				<total>0</total>
				<timestamp>6762.209240</timestamp>
			</report>
			<report>
				<misses>703000001</misses>
				<total>0</total>
				<timestamp>6763.146114</timestamp>
			</report>
			<report>
				<misses>703100001</misses>
				<total>0</total>
				<timestamp>6764.081682</timestamp>
			</report>
			<report>
				<misses>703200001</misses>
				<total>0</total>
				<timestamp>6765.018248</timestamp>
			</report>
			<report>
				<misses>703300001</misses>
				<total>0</total>
				<timestamp>6765.953773</timestamp>
			</report>
			<report>
				<misses>703400001</misses>
				<total>0</total>
				<timestamp>6766.890216</timestamp>
			</report>
			<report>
				<misses>703500001</misses>
				<total>0</total>
				<timestamp>6767.825949</timestamp>
			</report>
			<report>
				<misses>703600001</misses>
				<total>0</total>
				<timestamp>6768.763069</timestamp>
			</report>
			<report>
				<misses>703700001</misses>
				<total>0</total>
				<timestamp>6769.700264</timestamp>
			</report>
			<report>
				<misses>703800001</misses>
				<total>0</total>
				<timestamp>6770.634752</timestamp>
			</report>
			<report>
				<misses>703900001</misses>
				<total>0</total>
				<timestamp>6771.575064</timestamp>
			</report>
			<report>
				<misses>704000001</misses>
				<total>0</total>
				<timestamp>6772.513341</timestamp>
			</report>
			<report>
				<misses>704100001</misses>
				<total>0</total>
				<timestamp>6773.450520</timestamp>
			</report>
			<report>
				<misses>704200001</misses>
				<total>0</total>
				<timestamp>6774.386129</timestamp>
			</report>
			<report>
				<misses>704300001</misses>
				<total>0</total>
				<timestamp>6775.321847</timestamp>
			</report>
			<report>
				<misses>704400001</misses>
				<total>0</total>
				<timestamp>6776.257469</timestamp>
			</report>
			<report>
				<misses>704500001</misses>
				<total>0</total>
				<timestamp>6777.193548</timestamp>
			</report>
			<report>
				<misses>704600001</misses>
				<total>0</total>
				<timestamp>6778.127011</timestamp>
			</report>
			<report>
				<misses>704700001</misses>
				<total>0</total>
				<timestamp>6779.061628</timestamp>
			</report>
			<report>
				<misses>704800001</misses>
				<total>0</total>
				<timestamp>6779.995080</timestamp>
			</report>
			<report>
				<misses>704900001</misses>
				<total>0</total>
				<timestamp>6780.932798</timestamp>
			</report>
			<report>
				<misses>705000001</misses>
				<total>0</total>
				<timestamp>6781.868364</timestamp>
			</report>
			<report>
				<misses>705100001</misses>
				<total>0</total>
				<timestamp>6782.804673</timestamp>
			</report>
			<report>
				<misses>705200001</misses>
				<total>0</total>
				<timestamp>6783.738879</timestamp>
			</report>
			<report>
				<misses>705300001</misses>
				<total>0</total>
				<timestamp>6784.674940</timestamp>
			</report>
			<report>
				<misses>705400001</misses>
				<total>0</total>
				<timestamp>6785.610239</timestamp>
			</report>
			<report>
				<misses>705500001</misses>
				<total>0</total>
				<timestamp>6786.547663</timestamp>
			</report>
			<report>
				<misses>705600001</misses>
				<total>0</total>
				<timestamp>6787.483345</timestamp>
			</report>
			<report>
				<misses>705700001</misses>
				<total>0</total>
				<timestamp>6788.418957</timestamp>
			</report>
			<report>
				<misses>705800001</misses>
				<total>0</total>
				<timestamp>6789.353997</timestamp>
			</report>
			<report>
				<misses>705900001</misses>
				<total>0</total>
				<timestamp>6790.289677</timestamp>
			</report>
			<report>
				<misses>706000001</misses>
				<total>0</total>
				<timestamp>6791.227198</timestamp>
			</report>
			<report>
				<misses>706100001</misses>
				<total>0</total>
				<timestamp>6792.164047</timestamp>
			</report>
			<report>
				<misses>706200001</misses>
				<total>0</total>
				<timestamp>6793.101254</timestamp>
			</report>
			<report>
				<misses>706300001</misses>
				<total>0</total>
				<timestamp>6794.038600</timestamp>
			</report>
			<report>
				<misses>706400001</misses>
				<total>0</total>
				<timestamp>6794.975018</timestamp>
			</report>
			<report>
				<misses>706500001</misses>
				<total>0</total>
				<timestamp>6795.912824</timestamp>
			</report>
			<report>
				<misses>706600001</misses>
				<total>0</total>
				<timestamp>6796.849082</timestamp>
			</report>
			<report>
				<misses>706700001</misses>
				<total>0</total>
				<timestamp>6797.786615</timestamp>
			</report>
			<report>
				<misses>706800001</misses>
				<total>0</total>
				<timestamp>6798.723543</timestamp>
			</report>
			<report>
				<misses>706900001</misses>
				<total>0</total>
				<timestamp>6799.657894</timestamp>
			</report>
			<report>
				<misses>707000001</misses>
				<total>0</total>
				<timestamp>6800.594440</timestamp>
			</report>
			<report>
				<misses>707100001</misses>
				<total>0</total>
				<timestamp>6801.529064</timestamp>
			</report>
			<report>
				<misses>707200001</misses>
				<total>0</total>
				<timestamp>6802.464093</timestamp>
			</report>
			<report>
				<misses>707300001</misses>
				<total>0</total>
				<timestamp>6803.398284</timestamp>
			</report>
			<report>
				<misses>707400001</misses>
				<total>0</total>
				<timestamp>6804.333864</timestamp>
			</report>
			<report>
				<misses>707500001</misses>
				<total>0</total>
				<timestamp>6805.269134</timestamp>
			</report>
			<report>
				<misses>707600001</misses>
				<total>0</total>
				<timestamp>6806.204843</timestamp>
			</report>
			<report>
				<misses>707700001</misses>
				<total>0</total>
				<timestamp>6807.142655</timestamp>
			</report>
			<report>
				<misses>707800001</misses>
				<total>0</total>
				<timestamp>6808.077454</timestamp>
			</report>
			<report>
				<misses>707900001</misses>
				<total>0</total>
				<timestamp>6809.012473</timestamp>
			</report>
			<report>
				<misses>708000001</misses>
				<total>0</total>
				<timestamp>6809.948215</timestamp>
			</report>
			<report>
				<misses>708100001</misses>
				<total>0</total>
				<timestamp>6810.882366</timestamp>
			</report>
			<report>
				<misses>708200001</misses>
				<total>0</total>
				<timestamp>6811.818536</timestamp>
			</report>
			<report>
				<misses>708300001</misses>
				<total>0</total>
				<timestamp>6812.752707</timestamp>
			</report>
			<report>
				<misses>708400001</misses>
				<total>0</total>
				<timestamp>6813.689329</timestamp>
			</report>
			<report>
				<misses>708500001</misses>
				<total>0</total>
				<timestamp>6814.625497</timestamp>
			</report>
			<report>
				<misses>708600001</misses>
				<total>0</total>
				<timestamp>6815.561279</timestamp>
			</report>
			<report>
				<misses>708700001</misses>
				<total>0</total>
				<timestamp>6816.497395</timestamp>
			</report>
			<report>
				<misses>708800001</misses>
				<total>0</total>
				<timestamp>6817.431445</timestamp>
			</report>
			<report>
				<misses>708900001</misses>
				<total>0</total>
				<timestamp>6818.367309</timestamp>
			</report>
			<report>
				<misses>709000001</misses>
				<total>0</total>
				<timestamp>6819.302629</timestamp>
			</report>
			<report>
				<misses>709100001</misses>
				<total>0</total>
				<timestamp>6820.240513</timestamp>
			</report>
			<report>
				<misses>709200001</misses>
				<total>0</total>
				<timestamp>6821.173342</timestamp>
			</report>
			<report>
				<misses>709300001</misses>
				<total>0</total>
				<timestamp>6822.108809</timestamp>
			</report>
			<report>
				<misses>709400001</misses>
				<total>0</total>
				<timestamp>6823.043966</timestamp>
			</report>
			<report>
				<misses>709500001</misses>
				<total>0</total>
				<timestamp>6823.980209</timestamp>
			</report>
			<report>
				<misses>709600001</misses>
				<total>0</total>
				<timestamp>6824.916399</timestamp>
			</report>
			<report>
				<misses>709700001</misses>
				<total>0</total>
				<timestamp>6825.852630</timestamp>
			</report>
			<report>
				<misses>709800001</misses>
				<total>0</total>
				<timestamp>6826.788103</timestamp>
			</report>
			<report>
				<misses>709900001</misses>
				<total>0</total>
				<timestamp>6827.721756</timestamp>
			</report>
			<report>
				<misses>710000001</misses>
				<total>0</total>
				<timestamp>6828.655828</timestamp>
			</report>
			<report>
				<misses>710100001</misses>
				<total>0</total>
				<timestamp>6829.591069</timestamp>
			</report>
			<report>
				<misses>710200001</misses>
				<total>0</total>
				<timestamp>6830.526347</timestamp>
			</report>
			<report>
				<misses>710300001</misses>
				<total>0</total>
				<timestamp>6831.460767</timestamp>
			</report>
			<report>
				<misses>710400001</misses>
				<total>0</total>
				<timestamp>6832.396331</timestamp>
			</report>
			<report>
				<misses>710500001</misses>
				<total>0</total>
				<timestamp>6833.334328</timestamp>
			</report>
			<report>
				<misses>710600001</misses>
				<total>0</total>
				<timestamp>6834.270952</timestamp>
			</report>
			<report>
				<misses>710700001</misses>
				<total>0</total>
				<timestamp>6835.205255</timestamp>
			</report>
			<report>
				<misses>710800001</misses>
				<total>0</total>
				<timestamp>6836.140826</timestamp>
			</report>
			<report>
				<misses>710900001</misses>
				<total>0</total>
				<timestamp>6837.075827</timestamp>
			</report>
			<report>
				<misses>711000001</misses>
				<total>0</total>
				<timestamp>6838.008691</timestamp>
			</report>
			<report>
				<misses>711100001</misses>
				<total>0</total>
				<timestamp>6838.938667</timestamp>
			</report>
			<report>
				<misses>711200001</misses>
				<total>0</total>
				<timestamp>6839.872465</timestamp>
			</report>
			<report>
				<misses>711300001</misses>
				<total>0</total>
				<timestamp>6840.806206</timestamp>
			</report>
			<report>
				<misses>711400001</misses>
				<total>0</total>
				<timestamp>6841.739553</timestamp>
			</report>
			<report>
				<misses>711500001</misses>
				<total>0</total>
				<timestamp>6842.671446</timestamp>
			</report>
			<report>
				<misses>711600001</misses>
				<total>0</total>
				<timestamp>6843.603905</timestamp>
			</report>
			<report>
				<misses>711700001</misses>
				<total>0</total>
				<timestamp>6844.538290</timestamp>
			</report>
			<report>
				<misses>711800001</misses>
				<total>0</total>
				<timestamp>6845.468923</timestamp>
			</report>
			<report>
				<misses>711900001</misses>
				<total>0</total>
				<timestamp>6846.399387</timestamp>
			</report>
			<report>
				<misses>712000001</misses>
				<total>0</total>
				<timestamp>6847.332226</timestamp>
			</report>
			<report>
				<misses>712100001</misses>
				<total>0</total>
				<timestamp>6848.262587</timestamp>
			</report>
			<report>
				<misses>712200001</misses>
				<total>0</total>
				<timestamp>6849.193570</timestamp>
			</report>
			<report>
				<misses>712300001</misses>
				<total>0</total>
				<timestamp>6850.127624</timestamp>
			</report>
			<report>
				<misses>712400001</misses>
				<total>0</total>
				<timestamp>6851.059158</timestamp>
			</report>
			<report>
				<misses>712500001</misses>
				<total>0</total>
				<timestamp>6851.992607</timestamp>
			</report>
			<report>
				<misses>712600001</misses>
				<total>0</total>
				<timestamp>6852.925339</timestamp>
			</report>
			<report>
				<misses>712700001</misses>
				<total>0</total>
				<timestamp>6853.858306</timestamp>
			</report>
			<report>
				<misses>712800001</misses>
				<total>0</total>
				<timestamp>6854.791090</timestamp>
			</report>
			<report>
				<misses>712900001</misses>
				<total>0</total>
				<timestamp>6855.722062</timestamp>
			</report>
			<report>
				<misses>713000001</misses>
				<total>0</total>
				<timestamp>6856.652610</timestamp>
			</report>
			<report>
				<misses>713100001</misses>
				<total>0</total>
				<timestamp>6857.586986</timestamp>
			</report>
			<report>
				<misses>713200001</misses>
				<total>0</total>
				<timestamp>6858.519430</timestamp>
			</report>
			<report>
				<misses>713300001</misses>
				<total>0</total>
				<timestamp>6859.450471</timestamp>
			</report>
			<report>
				<misses>713400001</misses>
				<total>0</total>
				<timestamp>6860.380231</timestamp>
			</report>
			<report>
				<misses>713500001</misses>
				<total>0</total>
				<timestamp>6861.307272</timestamp>
			</report>
			<report>
				<misses>713600001</misses>
				<total>0</total>
				<timestamp>6862.241532</timestamp>
			</report>
			<report>
				<misses>713700001</misses>
				<total>0</total>
				<timestamp>6863.174264</timestamp>
			</report>
			<report>
				<misses>713800001</misses>
				<total>0</total>
				<timestamp>6864.103488</timestamp>
			</report>
			<report>
				<misses>713900001</misses>
				<total>0</total>
				<timestamp>6865.035320</timestamp>
			</report>
			<report>
				<misses>714000001</misses>
				<total>0</total>
				<timestamp>6865.965259</timestamp>
			</report>
			<report>
				<misses>714100001</misses>
				<total>0</total>
				<timestamp>6866.898926</timestamp>
			</report>
			<report>
				<misses>714200001</misses>
				<total>0</total>
				<timestamp>6867.831972</timestamp>
			</report>
			<report>
				<misses>714300001</misses>
				<total>0</total>
				<timestamp>6868.765658</timestamp>
			</report>
			<report>
				<misses>714400001</misses>
				<total>0</total>
				<timestamp>6869.700690</timestamp>
			</report>
			<report>
				<misses>714500001</misses>
				<total>0</total>
				<timestamp>6870.631337</timestamp>
			</report>
			<report>
				<misses>714600001</misses>
				<total>0</total>
				<timestamp>6871.561870</timestamp>
			</report>
			<report>
				<misses>714700001</misses>
				<total>0</total>
				<timestamp>6872.491404</timestamp>
			</report>
			<report>
				<misses>714800001</misses>
				<total>0</total>
				<timestamp>6873.422312</timestamp>
			</report>
			<report>
				<misses>714900001</misses>
				<total>0</total>
				<timestamp>6874.351723</timestamp>
			</report>
			<report>
				<misses>715000001</misses>
				<total>0</total>
				<timestamp>6875.282342</timestamp>
			</report>
			<report>
				<misses>715100001</misses>
				<total>0</total>
				<timestamp>6876.213427</timestamp>
			</report>
			<report>
				<misses>715200001</misses>
				<total>0</total>
				<timestamp>6877.143267</timestamp>
			</report>
			<report>
				<misses>715300001</misses>
				<total>0</total>
				<timestamp>6878.069903</timestamp>
			</report>
			<report>
				<misses>715400001</misses>
				<total>0</total>
				<timestamp>6878.999404</timestamp>
			</report>
			<report>
				<misses>715500001</misses>
				<total>0</total>
				<timestamp>6879.929290</timestamp>
			</report>
			<report>
				<misses>715600001</misses>
				<total>0</total>
				<timestamp>6880.857784</timestamp>
			</report>
			<report>
				<misses>715700001</misses>
				<total>0</total>
				<timestamp>6881.790358</timestamp>
			</report>
			<report>
				<misses>715800001</misses>
				<total>0</total>
				<timestamp>6882.721402</timestamp>
			</report>
			<report>
				<misses>715900001</misses>
				<total>0</total>
				<timestamp>6883.653251</timestamp>
			</report>
			<report>
				<misses>716000001</misses>
				<total>0</total>
				<timestamp>6884.582571</timestamp>
			</report>
			<report>
				<misses>716100001</misses>
				<total>0</total>
				<timestamp>6885.513405</timestamp>
			</report>
			<report>
				<misses>716200001</misses>
				<total>0</total>
				<timestamp>6886.442185</timestamp>
			</report>
			<report>
				<misses>716300001</misses>
				<total>0</total>
				<timestamp>6887.374345</timestamp>
			</report>
			<report>
				<misses>716400001</misses>
				<total>0</total>
				<timestamp>6888.303296</timestamp>
			</report>
			<report>
				<misses>716500001</misses>
				<total>0</total>
				<timestamp>6889.235580</timestamp>
			</report>
			<report>
				<misses>716600001</misses>
				<total>0</total>
				<timestamp>6890.163692</timestamp>
			</report>
			<report>
				<misses>716700001</misses>
				<total>0</total>
				<timestamp>6891.092613</timestamp>
			</report>
			<report>
				<misses>716800001</misses>
				<total>0</total>
				<timestamp>6892.025106</timestamp>
			</report>
			<report>
				<misses>716900001</misses>
				<total>0</total>
				<timestamp>6892.957733</timestamp>
			</report>
			<report>
				<misses>717000001</misses>
				<total>0</total>
				<timestamp>6893.892686</timestamp>
			</report>
			<report>
				<misses>717100001</misses>
				<total>0</total>
				<timestamp>6894.824056</timestamp>
			</report>
			<report>
				<misses>717200001</misses>
				<total>0</total>
				<timestamp>6895.759545</timestamp>
			</report>
			<report>
				<misses>717300001</misses>
				<total>0</total>
				<timestamp>6896.689674</timestamp>
			</report>
			<report>
				<misses>717400001</misses>
				<total>0</total>
				<timestamp>6897.621948</timestamp>
			</report>
			<report>
				<misses>717500001</misses>
				<total>0</total>
				<timestamp>6898.552846</timestamp>
			</report>
			<report>
				<misses>717600001</misses>
				<total>0</total>
				<timestamp>6899.486348</timestamp>
			</report>
			<report>
				<misses>717700001</misses>
				<total>0</total>
				<timestamp>6900.418093</timestamp>
			</report>
			<report>
				<misses>717800001</misses>
				<total>0</total>
				<timestamp>6901.351100</timestamp>
			</report>
			<report>
				<misses>717900001</misses>
				<total>0</total>
				<timestamp>6902.281527</timestamp>
			</report>
			<report>
				<misses>718000001</misses>
				<total>0</total>
				<timestamp>6903.214614</timestamp>
			</report>
			<report>
				<misses>718100001</misses>
				<total>0</total>
				<timestamp>6904.144624</timestamp>
			</report>
			<report>
				<misses>718200001</misses>
				<total>0</total>
				<timestamp>6905.074810</timestamp>
			</report>
			<report>
				<misses>718300001</misses>
				<total>0</total>
				<timestamp>6906.004289</timestamp>
			</report>
			<report>
				<misses>718400001</misses>
				<total>0</total>
				<timestamp>6906.936023</timestamp>
			</report>
			<report>
				<misses>718500001</misses>
				<total>0</total>
				<timestamp>6907.866206</timestamp>
			</report>
			<report>
				<misses>718600001</misses>
				<total>0</total>
				<timestamp>6908.779853</timestamp>
			</report>
			<report>
				<misses>718700001</misses>
				<total>0</total>
				<timestamp>6909.693058</timestamp>
			</report>
			<report>
				<misses>718800001</misses>
				<total>0</total>
				<timestamp>6910.604031</timestamp>
			</report>
			<report>
				<misses>718900001</misses>
				<total>0</total>
				<timestamp>6911.517566</timestamp>
			</report>
			<report>
				<misses>719000001</misses>
				<total>0</total>
				<timestamp>6912.433663</timestamp>
			</report>
			<report>
				<misses>719100001</misses>
				<total>0</total>
				<timestamp>6913.345489</timestamp>
			</report>
			<report>
				<misses>719200001</misses>
				<total>0</total>
				<timestamp>6914.256893</timestamp>
			</report>
			<report>
				<misses>719300001</misses>
				<total>0</total>
				<timestamp>6915.167921</timestamp>
			</report>
			<report>
				<misses>719400001</misses>
				<total>0</total>
				<timestamp>6916.080292</timestamp>
			</report>
			<report>
				<misses>719500001</misses>
				<total>0</total>
				<timestamp>6916.993888</timestamp>
			</report>
			<report>
				<misses>719600001</misses>
				<total>0</total>
				<timestamp>6917.909104</timestamp>
			</report>
			<report>
				<misses>719700001</misses>
				<total>0</total>
				<timestamp>6918.825135</timestamp>
			</report>
			<report>
				<misses>719800001</misses>
				<total>0</total>
				<timestamp>6919.733323</timestamp>
			</report>
			<report>
				<misses>719900001</misses>
				<total>0</total>
				<timestamp>6920.645714</timestamp>
			</report>
			<report>
				<misses>720000001</misses>
				<total>0</total>
				<timestamp>6921.559487</timestamp>
			</report>
			<report>
				<misses>720100001</misses>
				<total>0</total>
				<timestamp>6922.475059</timestamp>
			</report>
			<report>
				<misses>720200001</misses>
				<total>0</total>
				<timestamp>6923.404385</timestamp>
			</report>
			<report>
				<misses>720300001</misses>
				<total>0</total>
				<timestamp>6924.337696</timestamp>
			</report>
			<report>
				<misses>720400001</misses>
				<total>0</total>
				<timestamp>6925.270807</timestamp>
			</report>
			<report>
				<misses>720500001</misses>
				<total>0</total>
				<timestamp>6926.200454</timestamp>
			</report>
			<report>
				<misses>720600001</misses>
				<total>0</total>
				<timestamp>6927.129848</timestamp>
			</report>
			<report>
				<misses>720700001</misses>
				<total>0</total>
				<timestamp>6928.057815</timestamp>
			</report>
			<report>
				<misses>720800001</misses>
				<total>0</total>
				<timestamp>6928.990221</timestamp>
			</report>
			<report>
				<misses>720900001</misses>
				<total>0</total>
				<timestamp>6929.922993</timestamp>
			</report>
			<report>
				<misses>721000001</misses>
				<total>0</total>
				<timestamp>6930.856883</timestamp>
			</report>
			<report>
				<misses>721100001</misses>
				<total>0</total>
				<timestamp>6931.788711</timestamp>
			</report>
			<report>
				<misses>721200001</misses>
				<total>0</total>
				<timestamp>6932.718405</timestamp>
			</report>
			<report>
				<misses>721300001</misses>
				<total>0</total>
				<timestamp>6933.649271</timestamp>
			</report>
			<report>
				<misses>721400001</misses>
				<total>0</total>
				<timestamp>6934.582288</timestamp>
			</report>
			<report>
				<misses>721500001</misses>
				<total>0</total>
				<timestamp>6935.511882</timestamp>
			</report>
			<report>
				<misses>721600001</misses>
				<total>0</total>
				<timestamp>6936.443682</timestamp>
			</report>
			<report>
				<misses>721700001</misses>
				<total>0</total>
				<timestamp>6937.374427</timestamp>
			</report>
			<report>
				<misses>721800001</misses>
				<total>0</total>
				<timestamp>6938.301325</timestamp>
			</report>
			<report>
				<misses>721900001</misses>
				<total>0</total>
				<timestamp>6939.233563</timestamp>
			</report>
			<report>
				<misses>722000001</misses>
				<total>0</total>
				<timestamp>6940.162759</timestamp>
			</report>
			<report>
				<misses>722100001</misses>
				<total>0</total>
				<timestamp>6941.091447</timestamp>
			</report>
			<report>
				<misses>722200001</misses>
				<total>0</total>
				<timestamp>6942.021578</timestamp>
			</report>
			<report>
				<misses>722300001</misses>
				<total>0</total>
				<timestamp>6942.952151</timestamp>
			</report>
			<report>
				<misses>722400001</misses>
				<total>0</total>
				<timestamp>6943.884124</timestamp>
			</report>
			<report>
				<misses>722500001</misses>
				<total>0</total>
				<timestamp>6944.817797</timestamp>
			</report>
			<report>
				<misses>722600001</misses>
				<total>0</total>
				<timestamp>6945.750146</timestamp>
			</report>
			<report>
				<misses>722700001</misses>
				<total>0</total>
				<timestamp>6946.683732</timestamp>
			</report>
			<report>
				<misses>722800001</misses>
				<total>0</total>
				<timestamp>6947.616404</timestamp>
			</report>
			<report>
				<misses>722900001</misses>
				<total>0</total>
				<timestamp>6948.549420</timestamp>
			</report>
			<report>
				<misses>723000001</misses>
				<total>0</total>
				<timestamp>6949.482810</timestamp>
			</report>
			<report>
				<misses>723100001</misses>
				<total>0</total>
				<timestamp>6950.417014</timestamp>
			</report>
			<report>
				<misses>723200001</misses>
				<total>0</total>
				<timestamp>6951.349259</timestamp>
			</report>
			<report>
				<misses>723300001</misses>
				<total>0</total>
				<timestamp>6952.279312</timestamp>
			</report>
			<report>
				<misses>723400001</misses>
				<total>0</total>
				<timestamp>6953.210270</timestamp>
			</report>
			<report>
				<misses>723500001</misses>
				<total>0</total>
				<timestamp>6954.140445</timestamp>
			</report>
			<report>
				<misses>723600001</misses>
				<total>0</total>
				<timestamp>6955.071630</timestamp>
			</report>
			<report>
				<misses>723700001</misses>
				<total>0</total>
				<timestamp>6956.002348</timestamp>
			</report>
			<report>
				<misses>723800001</misses>
				<total>0</total>
				<timestamp>6956.935660</timestamp>
			</report>
			<report>
				<misses>723900001</misses>
				<total>0</total>
				<timestamp>6957.866010</timestamp>
			</report>
			<report>
				<misses>724000001</misses>
				<total>0</total>
				<timestamp>6958.795839</timestamp>
			</report>
			<report>
				<misses>724100001</misses>
				<total>0</total>
				<timestamp>6959.743366</timestamp>
			</report>
			<report>
				<misses>724200001</misses>
				<total>0</total>
				<timestamp>6960.717265</timestamp>
			</report>
			<report>
				<misses>724300001</misses>
				<total>0</total>
				<timestamp>6961.699586</timestamp>
			</report>
			<report>
				<misses>724400001</misses>
				<total>0</total>
				<timestamp>6962.692207</timestamp>
			</report>
			<report>
				<misses>724500001</misses>
				<total>0</total>
				<timestamp>6963.683908</timestamp>
			</report>
			<report>
				<misses>724600001</misses>
				<total>0</total>
				<timestamp>6964.675601</timestamp>
			</report>
			<report>
				<misses>724700001</misses>
				<total>0</total>
				<timestamp>6965.666902</timestamp>
			</report>
			<report>
				<misses>724800001</misses>
				<total>0</total>
				<timestamp>6966.658176</timestamp>
			</report>
			<report>
				<misses>724900001</misses>
				<total>0</total>
				<timestamp>6967.649647</timestamp>
			</report>
			<report>
				<misses>725000001</misses>
				<total>0</total>
				<timestamp>6968.642962</timestamp>
			</report>
			<report>
				<misses>725100001</misses>
				<total>0</total>
				<timestamp>6969.633436</timestamp>
			</report>
			<report>
				<misses>725200001</misses>
				<total>0</total>
				<timestamp>6970.623730</timestamp>
			</report>
			<report>
				<misses>725300001</misses>
				<total>0</total>
				<timestamp>6971.615004</timestamp>
			</report>
			<report>
				<misses>725400001</misses>
				<total>0</total>
				<timestamp>6972.594672</timestamp>
			</report>
			<report>
				<misses>725500001</misses>
				<total>0</total>
				<timestamp>6973.572907</timestamp>
			</report>
			<report>
				<misses>725600001</misses>
				<total>0</total>
				<timestamp>6974.562903</timestamp>
			</report>
			<report>
				<misses>725700001</misses>
				<total>0</total>
				<timestamp>6975.551366</timestamp>
			</report>
			<report>
				<misses>725800001</misses>
				<total>0</total>
				<timestamp>6976.533132</timestamp>
			</report>
			<report>
				<misses>725900001</misses>
				<total>0</total>
				<timestamp>6977.517388</timestamp>
			</report>
			<report>
				<misses>726000001</misses>
				<total>0</total>
				<timestamp>6978.502862</timestamp>
			</report>
			<report>
				<misses>726100001</misses>
				<total>0</total>
				<timestamp>6979.488404</timestamp>
			</report>
			<report>
				<misses>726200001</misses>
				<total>0</total>
				<timestamp>6980.474329</timestamp>
			</report>
			<report>
				<misses>726300001</misses>
				<total>0</total>
				<timestamp>6981.460624</timestamp>
			</report>
			<report>
				<misses>726400001</misses>
				<total>0</total>
				<timestamp>6982.442654</timestamp>
			</report>
			<report>
				<misses>726500001</misses>
				<total>0</total>
				<timestamp>6983.415943</timestamp>
			</report>
			<report>
				<misses>726600001</misses>
				<total>0</total>
				<timestamp>6984.394207</timestamp>
			</report>
			<report>
				<misses>726700001</misses>
				<total>0</total>
				<timestamp>6985.379404</timestamp>
			</report>
			<report>
				<misses>726800001</misses>
				<total>0</total>
				<timestamp>6986.364591</timestamp>
			</report>
			<report>
				<misses>726900001</misses>
				<total>0</total>
				<timestamp>6987.349301</timestamp>
			</report>
			<report>
				<misses>727000001</misses>
				<total>0</total>
				<timestamp>6988.330897</timestamp>
			</report>
			<report>
				<misses>727100001</misses>
				<total>0</total>
				<timestamp>6989.311817</timestamp>
			</report>
			<report>
				<misses>727200001</misses>
				<total>0</total>
				<timestamp>6990.293337</timestamp>
			</report>
			<report>
				<misses>727300001</misses>
				<total>0</total>
				<timestamp>6991.274086</timestamp>
			</report>
			<report>
				<misses>727400001</misses>
				<total>0</total>
				<timestamp>6992.254716</timestamp>
			</report>
			<report>
				<misses>727500001</misses>
				<total>0</total>
				<timestamp>6993.236939</timestamp>
			</report>
			<report>
				<misses>727600001</misses>
				<total>0</total>
				<timestamp>6994.218829</timestamp>
			</report>
			<report>
				<misses>727700001</misses>
				<total>0</total>
				<timestamp>6995.200510</timestamp>
			</report>
			<report>
				<misses>727800001</misses>
				<total>0</total>
				<timestamp>6996.181832</timestamp>
			</report>
			<report>
				<misses>727900001</misses>
				<total>0</total>
				<timestamp>6997.164417</timestamp>
			</report>
			<report>
				<misses>728000001</misses>
				<total>0</total>
				<timestamp>6998.146489</timestamp>
			</report>
			<report>
				<misses>728100001</misses>
				<total>0</total>
				<timestamp>6999.128703</timestamp>
			</report>
			<report>
				<misses>728200001</misses>
				<total>0</total>
				<timestamp>7000.110857</timestamp>
			</report>
			<report>
				<misses>728300001</misses>
				<total>0</total>
				<timestamp>7001.093201</timestamp>
			</report>
			<report>
				<misses>728400001</misses>
				<total>0</total>
				<timestamp>7002.075075</timestamp>
			</report>
			<report>
				<misses>728500001</misses>
				<total>0</total>
				<timestamp>7003.056759</timestamp>
			</report>
			<report>
				<misses>728600001</misses>
				<total>0</total>
				<timestamp>7004.038083</timestamp>
			</report>
			<report>
				<misses>728700001</misses>
				<total>0</total>
				<timestamp>7005.019862</timestamp>
			</report>
			<report>
				<misses>728800001</misses>
				<total>0</total>
				<timestamp>7006.002234</timestamp>
			</report>
			<report>
				<misses>728900001</misses>
				<total>0</total>
				<timestamp>7006.984033</timestamp>
			</report>
			<report>
				<misses>729000001</misses>
				<total>0</total>
				<timestamp>7007.966076</timestamp>
			</report>
			<report>
				<misses>729100001</misses>
				<total>0</total>
				<timestamp>7008.947523</timestamp>
			</report>
			<report>
				<misses>729200001</misses>
				<total>0</total>
				<timestamp>7009.929646</timestamp>
			</report>
			<report>
				<misses>729300001</misses>
				<total>0</total>
				<timestamp>7010.911171</timestamp>
			</report>
			<report>
				<misses>729400001</misses>
				<total>0</total>
				<timestamp>7011.893094</timestamp>
			</report>
			<report>
				<misses>729500001</misses>
				<total>0</total>
				<timestamp>7012.874656</timestamp>
			</report>
			<report>
				<misses>729600001</misses>
				<total>0</total>
				<timestamp>7013.856181</timestamp>
			</report>
			<report>
				<misses>729700001</misses>
				<total>0</total>
				<timestamp>7014.837498</timestamp>
			</report>
			<report>
				<misses>729800001</misses>
				<total>0</total>
				<timestamp>7015.819437</timestamp>
			</report>
			<report>
				<misses>729900001</misses>
				<total>0</total>
				<timestamp>7016.801819</timestamp>
			</report>
			<report>
				<misses>730000001</misses>
				<total>0</total>
				<timestamp>7017.783588</timestamp>
			</report>
			<report>
				<misses>730100001</misses>
				<total>0</total>
				<timestamp>7018.765415</timestamp>
			</report>
			<report>
				<misses>730200001</misses>
				<total>0</total>
				<timestamp>7019.747228</timestamp>
			</report>
			<report>
				<misses>730300001</misses>
				<total>0</total>
				<timestamp>7020.729241</timestamp>
			</report>
			<report>
				<misses>730400001</misses>
				<total>0</total>
				<timestamp>7021.711116</timestamp>
			</report>
			<report>
				<misses>730500001</misses>
				<total>0</total>
				<timestamp>7022.693058</timestamp>
			</report>
			<report>
				<misses>730600001</misses>
				<total>0</total>
				<timestamp>7023.675753</timestamp>
			</report>
			<report>
				<misses>730700001</misses>
				<total>0</total>
				<timestamp>7024.657933</timestamp>
			</report>
			<report>
				<misses>730800001</misses>
				<total>0</total>
				<timestamp>7025.640528</timestamp>
			</report>
			<report>
				<misses>730900001</misses>
				<total>0</total>
				<timestamp>7026.622390</timestamp>
			</report>
			<report>
				<misses>731000001</misses>
				<total>0</total>
				<timestamp>7027.603742</timestamp>
			</report>
			<report>
				<misses>731100001</misses>
				<total>0</total>
				<timestamp>7028.585930</timestamp>
			</report>
			<report>
				<misses>731200001</misses>
				<total>0</total>
				<timestamp>7029.567741</timestamp>
			</report>
			<report>
				<misses>731300001</misses>
				<total>0</total>
				<timestamp>7030.549578</timestamp>
			</report>
			<report>
				<misses>731400001</misses>
				<total>0</total>
				<timestamp>7031.531316</timestamp>
			</report>
			<report>
				<misses>731500001</misses>
				<total>0</total>
				<timestamp>7032.513236</timestamp>
			</report>
			<report>
				<misses>731600001</misses>
				<total>0</total>
				<timestamp>7033.495111</timestamp>
			</report>
			<report>
				<misses>731700001</misses>
				<total>0</total>
				<timestamp>7034.476784</timestamp>
			</report>
			<report>
				<misses>731800001</misses>
				<total>0</total>
				<timestamp>7035.458019</timestamp>
			</report>
			<report>
				<misses>731900001</misses>
				<total>0</total>
				<timestamp>7036.440122</timestamp>
			</report>
			<report>
				<misses>732000001</misses>
				<total>0</total>
				<timestamp>7037.422550</timestamp>
			</report>
			<report>
				<misses>732100001</misses>
				<total>0</total>
				<timestamp>7038.404252</timestamp>
			</report>
			<report>
				<misses>732200001</misses>
				<total>0</total>
				<timestamp>7039.385816</timestamp>
			</report>
			<report>
				<misses>732300001</misses>
				<total>0</total>
				<timestamp>7040.367320</timestamp>
			</report>
			<report>
				<misses>732400001</misses>
				<total>0</total>
				<timestamp>7041.349147</timestamp>
			</report>
			<report>
				<misses>732500001</misses>
				<total>0</total>
				<timestamp>7042.331626</timestamp>
			</report>
			<report>
				<misses>732600001</misses>
				<total>0</total>
				<timestamp>7043.313491</timestamp>
			</report>
			<report>
				<misses>732700001</misses>
				<total>0</total>
				<timestamp>7044.295271</timestamp>
			</report>
			<report>
				<misses>732800001</misses>
				<total>0</total>
				<timestamp>7045.276761</timestamp>
			</report>
			<report>
				<misses>732900001</misses>
				<total>0</total>
				<timestamp>7046.258870</timestamp>
			</report>
			<report>
				<misses>733000001</misses>
				<total>0</total>
				<timestamp>7047.240884</timestamp>
			</report>
			<report>
				<misses>733100001</misses>
				<total>0</total>
				<timestamp>7048.223072</timestamp>
			</report>
			<report>
				<misses>733200001</misses>
				<total>0</total>
				<timestamp>7049.205794</timestamp>
			</report>
			<report>
				<misses>733300001</misses>
				<total>0</total>
				<timestamp>7050.188615</timestamp>
			</report>
			<report>
				<misses>733400001</misses>
				<total>0</total>
				<timestamp>7051.170563</timestamp>
			</report>
			<report>
				<misses>733500001</misses>
				<total>0</total>
				<timestamp>7052.153209</timestamp>
			</report>
			<report>
				<misses>733600001</misses>
				<total>0</total>
				<timestamp>7053.135319</timestamp>
			</report>
			<report>
				<misses>733700001</misses>
				<total>0</total>
				<timestamp>7054.117036</timestamp>
			</report>
			<report>
				<misses>733800001</misses>
				<total>0</total>
				<timestamp>7055.099273</timestamp>
			</report>
			<report>
				<misses>733900001</misses>
				<total>0</total>
				<timestamp>7056.081260</timestamp>
			</report>
			<report>
				<misses>734000001</misses>
				<total>0</total>
				<timestamp>7057.063152</timestamp>
			</report>
			<report>
				<misses>734100001</misses>
				<total>0</total>
				<timestamp>7058.044765</timestamp>
			</report>
			<report>
				<misses>734200001</misses>
				<total>0</total>
				<timestamp>7059.026539</timestamp>
			</report>
			<report>
				<misses>734300001</misses>
				<total>0</total>
				<timestamp>7060.008730</timestamp>
			</report>
			<report>
				<misses>734400001</misses>
				<total>0</total>
				<timestamp>7060.990488</timestamp>
			</report>
			<report>
				<misses>734500001</misses>
				<total>0</total>
				<timestamp>7061.972254</timestamp>
			</report>
			<report>
				<misses>734600001</misses>
				<total>0</total>
				<timestamp>7062.954435</timestamp>
			</report>
			<report>
				<misses>734700001</misses>
				<total>0</total>
				<timestamp>7063.936197</timestamp>
			</report>
			<report>
				<misses>734800001</misses>
				<total>0</total>
				<timestamp>7064.918371</timestamp>
			</report>
			<report>
				<misses>734900001</misses>
				<total>0</total>
				<timestamp>7065.899987</timestamp>
			</report>
			<report>
				<misses>735000001</misses>
				<total>0</total>
				<timestamp>7066.881445</timestamp>
			</report>
			<report>
				<misses>735100001</misses>
				<total>0</total>
				<timestamp>7067.863428</timestamp>
			</report>
			<report>
				<misses>735200001</misses>
				<total>0</total>
				<timestamp>7068.845315</timestamp>
			</report>
			<report>
				<misses>735300001</misses>
				<total>0</total>
				<timestamp>7069.827112</timestamp>
			</report>
			<report>
				<misses>735400001</misses>
				<total>0</total>
				<timestamp>7070.809447</timestamp>
			</report>
			<report>
				<misses>735500001</misses>
				<total>0</total>
				<timestamp>7071.791634</timestamp>
			</report>
			<report>
				<misses>735600001</misses>
				<total>0</total>
				<timestamp>7072.773229</timestamp>
			</report>
			<report>
				<misses>735700001</misses>
				<total>0</total>
				<timestamp>7073.755193</timestamp>
			</report>
			<report>
				<misses>735800001</misses>
				<total>0</total>
				<timestamp>7074.737411</timestamp>
			</report>
			<report>
				<misses>735900001</misses>
				<total>0</total>
				<timestamp>7075.719930</timestamp>
			</report>
			<report>
				<misses>736000001</misses>
				<total>0</total>
				<timestamp>7076.702384</timestamp>
			</report>
			<report>
				<misses>736100001</misses>
				<total>0</total>
				<timestamp>7077.684786</timestamp>
			</report>
			<report>
				<misses>736200001</misses>
				<total>0</total>
				<timestamp>7078.667019</timestamp>
			</report>
			<report>
				<misses>736300001</misses>
				<total>0</total>
				<timestamp>7079.649217</timestamp>
			</report>
			<report>
				<misses>736400001</misses>
				<total>0</total>
				<timestamp>7080.631211</timestamp>
			</report>
			<report>
				<misses>736500001</misses>
				<total>0</total>
				<timestamp>7081.613073</timestamp>
			</report>
			<report>
				<misses>736600001</misses>
				<total>0</total>
				<timestamp>7082.594952</timestamp>
			</report>
			<report>
				<misses>736700001</misses>
				<total>0</total>
				<timestamp>7083.577062</timestamp>
			</report>
			<report>
				<misses>736800001</misses>
				<total>0</total>
				<timestamp>7084.559087</timestamp>
			</report>
			<report>
				<misses>736900001</misses>
				<total>0</total>
				<timestamp>7085.540736</timestamp>
			</report>
			<report>
				<misses>737000001</misses>
				<total>0</total>
				<timestamp>7086.522577</timestamp>
			</report>
			<report>
				<misses>737100001</misses>
				<total>0</total>
				<timestamp>7087.504898</timestamp>
			</report>
			<report>
				<misses>737200001</misses>
				<total>0</total>
				<timestamp>7088.486426</timestamp>
			</report>
			<report>
				<misses>737300001</misses>
				<total>0</total>
				<timestamp>7089.468122</timestamp>
			</report>
			<report>
				<misses>737400001</misses>
				<total>0</total>
				<timestamp>7090.449784</timestamp>
			</report>
			<report>
				<misses>737500001</misses>
				<total>0</total>
				<timestamp>7091.431755</timestamp>
			</report>
			<report>
				<misses>737600001</misses>
				<total>0</total>
				<timestamp>7092.411480</timestamp>
			</report>
			<report>
				<misses>737700001</misses>
				<total>0</total>
				<timestamp>7093.394954</timestamp>
			</report>
			<report>
				<misses>737800001</misses>
				<total>0</total>
				<timestamp>7094.378401</timestamp>
			</report>
			<report>
				<misses>737900001</misses>
				<total>0</total>
				<timestamp>7095.361951</timestamp>
			</report>
			<report>
				<misses>738000001</misses>
				<total>0</total>
				<timestamp>7096.345178</timestamp>
			</report>
			<report>
				<misses>738100001</misses>
				<total>0</total>
				<timestamp>7097.329152</timestamp>
			</report>
			<report>
				<misses>738200001</misses>
				<total>0</total>
				<timestamp>7098.312333</timestamp>
			</report>
			<report>
				<misses>738300001</misses>
				<total>0</total>
				<timestamp>7099.295750</timestamp>
			</report>
			<report>
				<misses>738400001</misses>
				<total>0</total>
				<timestamp>7100.279265</timestamp>
			</report>
			<report>
				<misses>738500001</misses>
				<total>0</total>
				<timestamp>7101.262566</timestamp>
			</report>
			<report>
				<misses>738600001</misses>
				<total>0</total>
				<timestamp>7102.246168</timestamp>
			</report>
			<report>
				<misses>738700001</misses>
				<total>0</total>
				<timestamp>7103.230362</timestamp>
			</report>
			<report>
				<misses>738800001</misses>
				<total>0</total>
				<timestamp>7104.214403</timestamp>
			</report>
			<report>
				<misses>738900001</misses>
				<total>0</total>
				<timestamp>7105.197954</timestamp>
			</report>
			<report>
				<misses>739000001</misses>
				<total>0</total>
				<timestamp>7106.181670</timestamp>
			</report>
			<report>
				<misses>739100001</misses>
				<total>0</total>
				<timestamp>7107.165430</timestamp>
			</report>
			<report>
				<misses>739200001</misses>
				<total>0</total>
				<timestamp>7108.149063</timestamp>
			</report>
			<report>
				<misses>739300001</misses>
				<total>0</total>
				<timestamp>7109.133029</timestamp>
			</report>
			<report>
				<misses>739400001</misses>
				<total>0</total>
				<timestamp>7110.116416</timestamp>
			</report>
			<report>
				<misses>739500001</misses>
				<total>0</total>
				<timestamp>7111.099536</timestamp>
			</report>
			<report>
				<misses>739600001</misses>
				<total>0</total>
				<timestamp>7112.082943</timestamp>
			</report>
			<report>
				<misses>739700001</misses>
				<total>0</total>
				<timestamp>7113.066611</timestamp>
			</report>
			<report>
				<misses>739800001</misses>
				<total>0</total>
				<timestamp>7114.049539</timestamp>
			</report>
			<report>
				<misses>739900001</misses>
				<total>0</total>
				<timestamp>7115.032221</timestamp>
			</report>
			<report>
				<misses>740000001</misses>
				<total>0</total>
				<timestamp>7116.015325</timestamp>
			</report>
			<report>
				<misses>740100001</misses>
				<total>0</total>
				<timestamp>7116.998901</timestamp>
			</report>
			<report>
				<misses>740200001</misses>
				<total>0</total>
				<timestamp>7117.982202</timestamp>
			</report>
			<report>
				<misses>740300001</misses>
				<total>0</total>
				<timestamp>7118.965666</timestamp>
			</report>
			<report>
				<misses>740400001</misses>
				<total>0</total>
				<timestamp>7119.949073</timestamp>
			</report>
			<report>
				<misses>740500001</misses>
				<total>0</total>
				<timestamp>7120.932142</timestamp>
			</report>
			<report>
				<misses>740600001</misses>
				<total>0</total>
				<timestamp>7121.915178</timestamp>
			</report>
			<report>
				<misses>740700001</misses>
				<total>0</total>
				<timestamp>7122.898098</timestamp>
			</report>
			<report>
				<misses>740800001</misses>
				<total>0</total>
				<timestamp>7123.881483</timestamp>
			</report>
			<report>
				<misses>740900001</misses>
				<total>0</total>
				<timestamp>7124.864567</timestamp>
			</report>
			<report>
				<misses>741000001</misses>
				<total>0</total>
				<timestamp>7125.848158</timestamp>
			</report>
			<report>
				<misses>741100001</misses>
				<total>0</total>
				<timestamp>7126.832222</timestamp>
			</report>
			<report>
				<misses>741200001</misses>
				<total>0</total>
				<timestamp>7127.815828</timestamp>
			</report>
			<report>
				<misses>741300001</misses>
				<total>0</total>
				<timestamp>7128.799444</timestamp>
			</report>
			<report>
				<misses>741400001</misses>
				<total>0</total>
				<timestamp>7129.783725</timestamp>
			</report>
			<report>
				<misses>741500001</misses>
				<total>0</total>
				<timestamp>7130.767441</timestamp>
			</report>
			<report>
				<misses>741600001</misses>
				<total>0</total>
				<timestamp>7131.750763</timestamp>
			</report>
			<report>
				<misses>741700001</misses>
				<total>0</total>
				<timestamp>7132.733993</timestamp>
			</report>
			<report>
				<misses>741800001</misses>
				<total>0</total>
				<timestamp>7133.717608</timestamp>
			</report>
			<report>
				<misses>741900001</misses>
				<total>0</total>
				<timestamp>7134.700467</timestamp>
			</report>
			<report>
				<misses>742000001</misses>
				<total>0</total>
				<timestamp>7135.683131</timestamp>
			</report>
			<report>
				<misses>742100001</misses>
				<total>0</total>
				<timestamp>7136.666738</timestamp>
			</report>
			<report>
				<misses>742200001</misses>
				<total>0</total>
				<timestamp>7137.649649</timestamp>
			</report>
			<report>
				<misses>742300001</misses>
				<total>0</total>
				<timestamp>7138.633197</timestamp>
			</report>
			<report>
				<misses>742400001</misses>
				<total>0</total>
				<timestamp>7139.617019</timestamp>
			</report>
			<report>
				<misses>742500001</misses>
				<total>0</total>
				<timestamp>7140.600132</timestamp>
			</report>
			<report>
				<misses>742600001</misses>
				<total>0</total>
				<timestamp>7141.583867</timestamp>
			</report>
			<report>
				<misses>742700001</misses>
				<total>0</total>
				<timestamp>7142.567907</timestamp>
			</report>
			<report>
				<misses>742800001</misses>
				<total>0</total>
				<timestamp>7143.551541</timestamp>
			</report>
			<report>
				<misses>742900001</misses>
				<total>0</total>
				<timestamp>7144.535496</timestamp>
			</report>
			<report>
				<misses>743000001</misses>
				<total>0</total>
				<timestamp>7145.519541</timestamp>
			</report>
			<report>
				<misses>743100001</misses>
				<total>0</total>
				<timestamp>7146.502929</timestamp>
			</report>
			<report>
				<misses>743200001</misses>
				<total>0</total>
				<timestamp>7147.486193</timestamp>
			</report>
			<report>
				<misses>743300001</misses>
				<total>0</total>
				<timestamp>7148.469621</timestamp>
			</report>
			<report>
				<misses>743400001</misses>
				<total>0</total>
				<timestamp>7149.454022</timestamp>
			</report>
			<report>
				<misses>743500001</misses>
				<total>0</total>
				<timestamp>7150.438022</timestamp>
			</report>
			<report>
				<misses>743600001</misses>
				<total>0</total>
				<timestamp>7151.422135</timestamp>
			</report>
			<report>
				<misses>743700001</misses>
				<total>0</total>
				<timestamp>7152.406071</timestamp>
			</report>
			<report>
				<misses>743800001</misses>
				<total>0</total>
				<timestamp>7153.390614</timestamp>
			</report>
			<report>
				<misses>743900001</misses>
				<total>0</total>
				<timestamp>7154.373940</timestamp>
			</report>
			<report>
				<misses>744000001</misses>
				<total>0</total>
				<timestamp>7155.357810</timestamp>
			</report>
			<report>
				<misses>744100001</misses>
				<total>0</total>
				<timestamp>7156.341874</timestamp>
			</report>
			<report>
				<misses>744200001</misses>
				<total>0</total>
				<timestamp>7157.325677</timestamp>
			</report>
			<report>
				<misses>744300001</misses>
				<total>0</total>
				<timestamp>7158.308613</timestamp>
			</report>
			<report>
				<misses>744400001</misses>
				<total>0</total>
				<timestamp>7159.292017</timestamp>
			</report>
			<report>
				<misses>744500001</misses>
				<total>0</total>
				<timestamp>7160.275891</timestamp>
			</report>
			<report>
				<misses>744600001</misses>
				<total>0</total>
				<timestamp>7161.259685</timestamp>
			</report>
			<report>
				<misses>744700001</misses>
				<total>0</total>
				<timestamp>7162.243025</timestamp>
			</report>
			<report>
				<misses>744800001</misses>
				<total>0</total>
				<timestamp>7163.226480</timestamp>
			</report>
			<report>
				<misses>744900001</misses>
				<total>0</total>
				<timestamp>7164.210148</timestamp>
			</report>
			<report>
				<misses>745000001</misses>
				<total>0</total>
				<timestamp>7165.193969</timestamp>
			</report>
			<report>
				<misses>745100001</misses>
				<total>0</total>
				<timestamp>7166.177678</timestamp>
			</report>
			<report>
				<misses>745200001</misses>
				<total>0</total>
				<timestamp>7167.161638</timestamp>
			</report>
			<report>
				<misses>745300001</misses>
				<total>0</total>
				<timestamp>7168.144904</timestamp>
			</report>
			<report>
				<misses>745400001</misses>
				<total>0</total>
				<timestamp>7169.128778</timestamp>
			</report>
			<report>
				<misses>745500001</misses>
				<total>0</total>
				<timestamp>7170.112222</timestamp>
			</report>
			<report>
				<misses>745600001</misses>
				<total>0</total>
				<timestamp>7171.095858</timestamp>
			</report>
			<report>
				<misses>745700001</misses>
				<total>0</total>
				<timestamp>7172.080202</timestamp>
			</report>
			<report>
				<misses>745800001</misses>
				<total>0</total>
				<timestamp>7173.063942</timestamp>
			</report>
			<report>
				<misses>745900001</misses>
				<total>0</total>
				<timestamp>7174.048218</timestamp>
			</report>
			<report>
				<misses>746000001</misses>
				<total>0</total>
				<timestamp>7175.031176</timestamp>
			</report>
			<report>
				<misses>746100001</misses>
				<total>0</total>
				<timestamp>7176.014534</timestamp>
			</report>
			<report>
				<misses>746200001</misses>
				<total>0</total>
				<timestamp>7176.998159</timestamp>
			</report>
			<report>
				<misses>746300001</misses>
				<total>0</total>
				<timestamp>7177.981810</timestamp>
			</report>
			<report>
				<misses>746400001</misses>
				<total>0</total>
				<timestamp>7178.964847</timestamp>
			</report>
			<report>
				<misses>746500001</misses>
				<total>0</total>
				<timestamp>7179.948400</timestamp>
			</report>
			<report>
				<misses>746600001</misses>
				<total>0</total>
				<timestamp>7180.932148</timestamp>
			</report>
			<report>
				<misses>746700001</misses>
				<total>0</total>
				<timestamp>7181.915264</timestamp>
			</report>
			<report>
				<misses>746800001</misses>
				<total>0</total>
				<timestamp>7182.899224</timestamp>
			</report>
			<report>
				<misses>746900001</misses>
				<total>0</total>
				<timestamp>7183.882985</timestamp>
			</report>
			<report>
				<misses>747000001</misses>
				<total>0</total>
				<timestamp>7184.866034</timestamp>
			</report>
			<report>
				<misses>747100001</misses>
				<total>0</total>
				<timestamp>7185.849040</timestamp>
			</report>
			<report>
				<misses>747200001</misses>
				<total>0</total>
				<timestamp>7186.832397</timestamp>
			</report>
			<report>
				<misses>747300001</misses>
				<total>0</total>
				<timestamp>7187.816107</timestamp>
			</report>
			<report>
				<misses>747400001</misses>
				<total>0</total>
				<timestamp>7188.800448</timestamp>
			</report>
			<report>
				<misses>747500001</misses>
				<total>0</total>
				<timestamp>7189.784641</timestamp>
			</report>
			<report>
				<misses>747600001</misses>
				<total>0</total>
				<timestamp>7190.767922</timestamp>
			</report>
			<report>
				<misses>747700001</misses>
				<total>0</total>
				<timestamp>7191.752310</timestamp>
			</report>
			<report>
				<misses>747800001</misses>
				<total>0</total>
				<timestamp>7192.735774</timestamp>
			</report>
			<report>
				<misses>747900001</misses>
				<total>0</total>
				<timestamp>7193.719824</timestamp>
			</report>
			<report>
				<misses>748000001</misses>
				<total>0</total>
				<timestamp>7194.703122</timestamp>
			</report>
			<report>
				<misses>748100001</misses>
				<total>0</total>
				<timestamp>7195.687208</timestamp>
			</report>
			<report>
				<misses>748200001</misses>
				<total>0</total>
				<timestamp>7196.670659</timestamp>
			</report>
			<report>
				<misses>748300001</misses>
				<total>0</total>
				<timestamp>7197.651788</timestamp>
			</report>
			<report>
				<misses>748400001</misses>
				<total>0</total>
				<timestamp>7198.632205</timestamp>
			</report>
			<report>
				<misses>748500001</misses>
				<total>0</total>
				<timestamp>7199.613013</timestamp>
			</report>
		</query>
	</custom>
	<ethtool_statistic>
		<rx_packets>
			<start>2650324435</start>
			<end>2947166652</end>
		</rx_packets>
		<tx_packets>
			<start>3215373292</start>
			<end>3963912162</end>
		</tx_packets>
		<rx_dropped>
			<start>0</start>
			<end>0</end>
		</rx_dropped>
		<tx_dropped>
			<start>0</start>
			<end>0</end>
		</tx_dropped>
		<collisions>
			<start>0</start>
			<end>0</end>
		</collisions>
		<port_tx_errors>
			<start>0</start>
			<end>0</end>
		</port_tx_errors>
		<port_rx_dropped>
			<start>0</start>
			<end>0</end>
		</port_rx_dropped>
		<port_tx_dropped_link_down>
			<start>0</start>
			<end>0</end>
		</port_tx_dropped_link_down>
	</ethtool_statistic>
	<ip_statistic>
		<mtu>
			<start>9000</start>
			<end>9000</end>
		</mtu>
		<rx_bytes>
			<start>7640206143914</start>
			<end>10294471488026</end>
		</rx_bytes>
		<rx_packets>
			<start>2650324532</start>
			<end>2947166652</end>
		</rx_packets>
		<rx_errors>
			<start>0</start>
			<end>0</end>
		</rx_errors>
		<rx_dropped>
			<start>0</start>
			<end>0</end>
		</rx_dropped>
		<rx_missed>
			<start>0</start>
			<end>0</end>
		</rx_missed>
		<rx_mcast>
			<start>140</start>
			<end>152</end>
		</rx_mcast>
		<tx_bytes>
			<start>7913449979219</start>
			<end>14606787490491</end>
		</tx_bytes>
		<tx_packets>
			<start>3215373292</start>
			<end>3963912162</end>
		</tx_packets>
		<tx_errors>
			<start>0</start>
			<end>0</end>
		</tx_errors>
		<tx_dropped>
			<start>0</start>
			<end>0</end>
		</tx_dropped>
		<tx_carrier>
			<start>0</start>
			<end>0</end>
		</tx_carrier>
		<tx_collisions>
			<start>0</start>
			<end>0</end>
		</tx_collisions>
	</ip_statistic>
	<netstat_statistic>
		<udp_pkg_rec>
			<start>2267051301</start>
			<end>2863332486</end>
		</udp_pkg_rec>
		<udp_pkg_snt>
			<start>3950160683</start>
			<end>5431263044</end>
		</udp_pkg_snt>
		<udp_rec_err>
			<start>0</start>
			<end>0</end>
		</udp_rec_err>
		<udp_rec_buf_err>
			<start>0</start>
			<end>0</end>
		</udp_rec_buf_err>
		<udp_snt_buf_err>
			<start>0</start>
			<end>0</end>
		</udp_snt_buf_err>
	</netstat_statistic>
</test_results>
