<?xml version="1.0"?>
<test_results>
	<status>STATUS_SUCCESS</status>
	<custom>
		<num_loss>54</num_loss>
		<num_total>5000001</num_total>
		<num_misses>45</num_misses>
		<elapsed_time>649.999481</elapsed_time>
		<query>
			<report>
				<misses>100000</misses>
				<total>0</total>
				<timestamp>13.000104</timestamp>
			</report>
			<report>
				<misses>200000</misses>
				<total>0</total>
				<timestamp>25.999981</timestamp>
			</report>
			<report>
				<misses>300000</misses>
				<total>2</total>
				<timestamp>38.999828</timestamp>
			</report>
			<report>
				<misses>400000</misses>
				<total>2</total>
				<timestamp>51.999739</timestamp>
			</report>
			<report>
				<misses>500000</misses>
				<total>2</total>
				<timestamp>64.999575</timestamp>
			</report>
			<report>
				<misses>600000</misses>
				<total>4</total>
				<timestamp>77.999496</timestamp>
			</report>
			<report>
				<misses>700000</misses>
				<total>6</total>
				<timestamp>90.999311</timestamp>
			</report>
			<report>
				<misses>800000</misses>
				<total>6</total>
				<timestamp>103.999176</timestamp>
			</report>
			<report>
				<misses>900000</misses>
				<total>6</total>
				<timestamp>116.999085</timestamp>
			</report>
			<report>
				<misses>1000000</misses>
				<total>6</total>
				<timestamp>129.998913</timestamp>
			</report>
			<report>
				<misses>1100000</misses>
				<total>7</total>
				<timestamp>142.998838</timestamp>
			</report>
			<report>
				<misses>1200000</misses>
				<total>7</total>
				<timestamp>155.998782</timestamp>
			</report>
			<report>
				<misses>1300000</misses>
				<total>8</total>
				<timestamp>168.998674</timestamp>
			</report>
			<report>
				<misses>1400000</misses>
				<total>9</total>
				<timestamp>181.998653</timestamp>
			</report>
			<report>
				<misses>1500000</misses>
				<total>9</total>
				<timestamp>194.998937</timestamp>
			</report>
			<report>
				<misses>1600000</misses>
				<total>9</total>
				<timestamp>207.998794</timestamp>
			</report>
			<report>
				<misses>1700000</misses>
				<total>9</total>
				<timestamp>220.998702</timestamp>
			</report>
			<report>
				<misses>1800000</misses>
				<total>9</total>
				<timestamp>233.998921</timestamp>
			</report>
			<report>
				<misses>1900000</misses>
				<total>10</total>
				<timestamp>246.998791</timestamp>
			</report>
			<report>
				<misses>2000000</misses>
				<total>10</total>
				<timestamp>259.998668</timestamp>
			</report>
			<report>
				<misses>2100000</misses>
				<total>12</total>
				<timestamp>272.998790</timestamp>
			</report>
			<report>
				<misses>2200000</misses>
				<total>13</total>
				<timestamp>285.999065</timestamp>
			</report>
			<report>
				<misses>2300000</misses>
				<total>13</total>
				<timestamp>298.999214</timestamp>
			</report>
			<report>
				<misses>2400000</misses>
				<total>17</total>
				<timestamp>311.999094</timestamp>
			</report>
			<report>
				<misses>2500000</misses>
				<total>19</total>
				<timestamp>324.999105</timestamp>
			</report>
			<report>
				<misses>2600000</misses>
				<total>25</total>
				<timestamp>337.998928</timestamp>
			</report>
			<report>
				<misses>2700000</misses>
				<total>27</total>
				<timestamp>350.999193</timestamp>
			</report>
			<report>
				<misses>2800000</misses>
				<total>31</total>
				<timestamp>363.999187</timestamp>
			</report>
			<report>
				<misses>2900000</misses>
				<total>31</total>
				<timestamp>376.999325</timestamp>
			</report>
			<report>
				<misses>3000000</misses>
				<total>33</total>
				<timestamp>389.999324</timestamp>
			</report>
			<report>
				<misses>3100000</misses>
				<total>36</total>
				<timestamp>402.999240</timestamp>
			</report>
			<report>
				<misses>3200000</misses>
				<total>37</total>
				<timestamp>415.999095</timestamp>
			</report>
			<report>
				<misses>3300000</misses>
				<total>38</total>
				<timestamp>428.999377</timestamp>
			</report>
			<report>
				<misses>3400000</misses>
				<total>39</total>
				<timestamp>441.999204</timestamp>
			</report>
			<report>
				<misses>3500000</misses>
				<total>39</total>
				<timestamp>454.999049</timestamp>
			</report>
			<report>
				<misses>3600000</misses>
				<total>41</total>
				<timestamp>467.998920</timestamp>
			</report>
			<report>
				<misses>3700000</misses>
				<total>42</total>
				<timestamp>480.998931</timestamp>
			</report>
			<report>
				<misses>3800000</misses>
				<total>44</total>
				<timestamp>493.998930</timestamp>
			</report>
			<report>
				<misses>3900000</misses>
				<total>45</total>
				<timestamp>506.999190</timestamp>
			</report>
			<report>
				<misses>4000000</misses>
				<total>45</total>
				<timestamp>519.999072</timestamp>
			</report>
			<report>
				<misses>4100000</misses>
				<total>48</total>
				<timestamp>532.999325</timestamp>
			</report>
			<report>
				<misses>4200000</misses>
				<total>48</total>
				<timestamp>545.999325</timestamp>
			</report>
			<report>
				<misses>4300000</misses>
				<total>48</total>
				<timestamp>558.999458</timestamp>
			</report>
			<report>
				<misses>4400000</misses>
				<total>48</total>
				<timestamp>571.999323</timestamp>
			</report>
			<report>
				<misses>4500000</misses>
				<total>50</total>
				<timestamp>584.999209</timestamp>
			</report>
			<report>
				<misses>4600000</misses>
				<total>51</total>
				<timestamp>597.999085</timestamp>
			</report>
			<report>
				<misses>4700000</misses>
				<total>51</total>
				<timestamp>610.998919</timestamp>
			</report>
			<report>
				<misses>4800000</misses>
				<total>51</total>
				<timestamp>623.999188</timestamp>
			</report>
			<report>
				<misses>4900000</misses>
				<total>53</total>
				<timestamp>636.999193</timestamp>
			</report>
			<report>
				<misses>5000000</misses>
				<total>54</total>
				<timestamp>649.999456</timestamp>
			</report>
		</query>
	</custom>
	<ethtool_statistic>
		<rx_packets>
			<start>2857685342</start>
			<end>2888172604</end>
		</rx_packets>
		<tx_packets>
			<start>3192836789</start>
			<end>3216134591</end>
		</tx_packets>
		<rx_dropped>
			<start>0</start>
			<end>0</end>
		</rx_dropped>
		<tx_dropped>
			<start>0</start>
			<end>0</end>
		</tx_dropped>
		<collisions>
			<start>0</start>
			<end>0</end>
		</collisions>
		<port_tx_errors>
			<start>0</start>
			<end>0</end>
		</port_tx_errors>
		<port_rx_dropped>
			<start>0</start>
			<end>0</end>
		</port_rx_dropped>
		<port_tx_dropped_link_down>
			<start>0</start>
			<end>0</end>
		</port_tx_dropped_link_down>
	</ethtool_statistic>
	<ip_statistic>
		<mtu>
			<start>9000</start>
			<end>9000</end>
		</mtu>
		<rx_bytes>
			<start>25689629923550</start>
			<end>25963707168388</end>
		</rx_bytes>
		<rx_packets>
			<start>2857685417</start>
			<end>2888172688</end>
		</rx_packets>
		<rx_errors>
			<start>0</start>
			<end>0</end>
		</rx_errors>
		<rx_dropped>
			<start>0</start>
			<end>0</end>
		</rx_dropped>
		<rx_missed>
			<start>0</start>
			<end>0</end>
		</rx_missed>
		<rx_mcast>
			<start>558</start>
			<end>573</end>
		</rx_mcast>
		<tx_bytes>
			<start>16821615647772</start>
			<end>17030820227674</end>
		</tx_bytes>
		<tx_packets>
			<start>3192836844</start>
			<end>3216134647</end>
		</tx_packets>
		<tx_errors>
			<start>0</start>
			<end>0</end>
		</tx_errors>
		<tx_dropped>
			<start>0</start>
			<end>0</end>
		</tx_dropped>
		<tx_carrier>
			<start>0</start>
			<end>0</end>
		</tx_carrier>
		<tx_collisions>
			<start>0</start>
			<end>0</end>
		</tx_collisions>
	</ip_statistic>
	<netstat_statistic>
		<udp_pkg_rec>
			<start>2694477934</start>
			<end>2723228767</end>
		</udp_pkg_rec>
		<udp_pkg_snt>
			<start>3193096799</start>
			<end>3216399667</end>
		</udp_pkg_snt>
		<udp_rec_err>
			<start>163457018</start>
			<end>165196810</end>
		</udp_rec_err>
		<udp_rec_buf_err>
			<start>163457018</start>
			<end>165196810</end>
		</udp_rec_buf_err>
		<udp_snt_buf_err>
			<start>0</start>
			<end>0</end>
		</udp_snt_buf_err>
	</netstat_statistic>
</test_results>
