<?xml version="1.0"?>
<test_results>
	<status>STATUS_SUCCESS</status>
	<custom>
		<num_loss>82</num_loss>
		<num_total>5000001</num_total>
		<num_misses>7</num_misses>
		<elapsed_time>1148.851796</elapsed_time>
		<query>
			<report>
				<misses>1001</misses>
				<total>1</total>
				<timestamp>0.229967</timestamp>
			</report>
			<report>
				<misses>2001</misses>
				<total>1</total>
				<timestamp>0.459712</timestamp>
			</report>
			<report>
				<misses>3001</misses>
				<total>1</total>
				<timestamp>0.689491</timestamp>
			</report>
			<report>
				<misses>4001</misses>
				<total>1</total>
				<timestamp>0.919260</timestamp>
			</report>
			<report>
				<misses>5001</misses>
				<total>1</total>
				<timestamp>1.149015</timestamp>
			</report>
			<report>
				<misses>6001</misses>
				<total>1</total>
				<timestamp>1.378853</timestamp>
			</report>
			<report>
				<misses>7001</misses>
				<total>1</total>
				<timestamp>1.608545</timestamp>
			</report>
			<report>
				<misses>8001</misses>
				<total>1</total>
				<timestamp>1.838393</timestamp>
			</report>
			<report>
				<misses>9001</misses>
				<total>1</total>
				<timestamp>2.068105</timestamp>
			</report>
			<report>
				<misses>10001</misses>
				<total>1</total>
				<timestamp>2.297876</timestamp>
			</report>
			<report>
				<misses>11001</misses>
				<total>1</total>
				<timestamp>2.527662</timestamp>
			</report>
			<report>
				<misses>12001</misses>
				<total>1</total>
				<timestamp>2.757461</timestamp>
			</report>
			<report>
				<misses>13001</misses>
				<total>1</total>
				<timestamp>2.987187</timestamp>
			</report>
			<report>
				<misses>14001</misses>
				<total>1</total>
				<timestamp>3.216987</timestamp>
			</report>
			<report>
				<misses>15001</misses>
				<total>1</total>
				<timestamp>3.446719</timestamp>
			</report>
			<report>
				<misses>16001</misses>
				<total>1</total>
				<timestamp>3.676499</timestamp>
			</report>
			<report>
				<misses>17001</misses>
				<total>1</total>
				<timestamp>3.906256</timestamp>
			</report>
			<report>
				<misses>18001</misses>
				<total>1</total>
				<timestamp>4.136071</timestamp>
			</report>
			<report>
				<misses>19001</misses>
				<total>1</total>
				<timestamp>4.365824</timestamp>
			</report>
			<report>
				<misses>20001</misses>
				<total>1</total>
				<timestamp>4.595598</timestamp>
			</report>
			<report>
				<misses>21001</misses>
				<total>1</total>
				<timestamp>4.825351</timestamp>
			</report>
			<report>
				<misses>22001</misses>
				<total>2</total>
				<timestamp>5.055100</timestamp>
			</report>
			<report>
				<misses>23001</misses>
				<total>2</total>
				<timestamp>5.284879</timestamp>
			</report>
			<report>
				<misses>24001</misses>
				<total>2</total>
				<timestamp>5.514646</timestamp>
			</report>
			<report>
				<misses>25001</misses>
				<total>2</total>
				<timestamp>5.744473</timestamp>
			</report>
			<report>
				<misses>26001</misses>
				<total>2</total>
				<timestamp>5.974189</timestamp>
			</report>
			<report>
				<misses>27001</misses>
				<total>1</total>
				<timestamp>6.204012</timestamp>
			</report>
			<report>
				<misses>28001</misses>
				<total>2</total>
				<timestamp>6.433762</timestamp>
			</report>
			<report>
				<misses>29001</misses>
				<total>2</total>
				<timestamp>6.663554</timestamp>
			</report>
			<report>
				<misses>30001</misses>
				<total>2</total>
				<timestamp>6.893315</timestamp>
			</report>
			<report>
				<misses>31001</misses>
				<total>2</total>
				<timestamp>7.123020</timestamp>
			</report>
			<report>
				<misses>32001</misses>
				<total>2</total>
				<timestamp>7.352889</timestamp>
			</report>
			<report>
				<misses>33001</misses>
				<total>2</total>
				<timestamp>7.582596</timestamp>
			</report>
			<report>
				<misses>34001</misses>
				<total>2</total>
				<timestamp>7.812354</timestamp>
			</report>
			<report>
				<misses>35001</misses>
				<total>2</total>
				<timestamp>8.042123</timestamp>
			</report>
			<report>
				<misses>36001</misses>
				<total>2</total>
				<timestamp>8.271893</timestamp>
			</report>
			<report>
				<misses>37001</misses>
				<total>2</total>
				<timestamp>8.501754</timestamp>
			</report>
			<report>
				<misses>38001</misses>
				<total>2</total>
				<timestamp>8.731516</timestamp>
			</report>
			<report>
				<misses>39001</misses>
				<total>2</total>
				<timestamp>8.961191</timestamp>
			</report>
			<report>
				<misses>40001</misses>
				<total>2</total>
				<timestamp>9.191098</timestamp>
			</report>
			<report>
				<misses>41001</misses>
				<total>2</total>
				<timestamp>9.420826</timestamp>
			</report>
			<report>
				<misses>42001</misses>
				<total>2</total>
				<timestamp>9.650604</timestamp>
			</report>
			<report>
				<misses>43001</misses>
				<total>2</total>
				<timestamp>9.880408</timestamp>
			</report>
			<report>
				<misses>44001</misses>
				<total>2</total>
				<timestamp>10.110051</timestamp>
			</report>
			<report>
				<misses>45001</misses>
				<total>2</total>
				<timestamp>10.339939</timestamp>
			</report>
			<report>
				<misses>46001</misses>
				<total>2</total>
				<timestamp>10.569639</timestamp>
			</report>
			<report>
				<misses>47001</misses>
				<total>2</total>
				<timestamp>10.799393</timestamp>
			</report>
			<report>
				<misses>48001</misses>
				<total>2</total>
				<timestamp>11.029118</timestamp>
			</report>
			<report>
				<misses>49001</misses>
				<total>2</total>
				<timestamp>11.258998</timestamp>
			</report>
			<report>
				<misses>50001</misses>
				<total>2</total>
				<timestamp>11.488723</timestamp>
			</report>
			<report>
				<misses>51001</misses>
				<total>1</total>
				<timestamp>11.718750</timestamp>
			</report>
			<report>
				<misses>52001</misses>
				<total>2</total>
				<timestamp>11.948446</timestamp>
			</report>
			<report>
				<misses>53001</misses>
				<total>2</total>
				<timestamp>12.178442</timestamp>
			</report>
			<report>
				<misses>54001</misses>
				<total>2</total>
				<timestamp>12.408224</timestamp>
			</report>
			<report>
				<misses>55001</misses>
				<total>2</total>
				<timestamp>12.638017</timestamp>
			</report>
			<report>
				<misses>56001</misses>
				<total>2</total>
				<timestamp>12.867751</timestamp>
			</report>
			<report>
				<misses>57001</misses>
				<total>2</total>
				<timestamp>13.097651</timestamp>
			</report>
			<report>
				<misses>58001</misses>
				<total>2</total>
				<timestamp>13.327315</timestamp>
			</report>
			<report>
				<misses>59001</misses>
				<total>2</total>
				<timestamp>13.557082</timestamp>
			</report>
			<report>
				<misses>60001</misses>
				<total>2</total>
				<timestamp>13.786913</timestamp>
			</report>
			<report>
				<misses>61001</misses>
				<total>2</total>
				<timestamp>14.016620</timestamp>
			</report>
			<report>
				<misses>62001</misses>
				<total>2</total>
				<timestamp>14.246468</timestamp>
			</report>
			<report>
				<misses>63001</misses>
				<total>2</total>
				<timestamp>14.476177</timestamp>
			</report>
			<report>
				<misses>64001</misses>
				<total>2</total>
				<timestamp>14.705938</timestamp>
			</report>
			<report>
				<misses>65001</misses>
				<total>2</total>
				<timestamp>14.935749</timestamp>
			</report>
			<report>
				<misses>66001</misses>
				<total>2</total>
				<timestamp>15.165442</timestamp>
			</report>
			<report>
				<misses>67001</misses>
				<total>2</total>
				<timestamp>15.395328</timestamp>
			</report>
			<report>
				<misses>68001</misses>
				<total>2</total>
				<timestamp>15.625068</timestamp>
			</report>
			<report>
				<misses>69001</misses>
				<total>2</total>
				<timestamp>15.854866</timestamp>
			</report>
			<report>
				<misses>70001</misses>
				<total>2</total>
				<timestamp>16.084594</timestamp>
			</report>
			<report>
				<misses>71001</misses>
				<total>2</total>
				<timestamp>16.314304</timestamp>
			</report>
			<report>
				<misses>72001</misses>
				<total>2</total>
				<timestamp>16.544057</timestamp>
			</report>
			<report>
				<misses>73001</misses>
				<total>2</total>
				<timestamp>16.773851</timestamp>
			</report>
			<report>
				<misses>74001</misses>
				<total>2</total>
				<timestamp>17.003696</timestamp>
			</report>
			<report>
				<misses>75001</misses>
				<total>2</total>
				<timestamp>17.233404</timestamp>
			</report>
			<report>
				<misses>76001</misses>
				<total>2</total>
				<timestamp>17.463177</timestamp>
			</report>
			<report>
				<misses>77001</misses>
				<total>2</total>
				<timestamp>17.692945</timestamp>
			</report>
			<report>
				<misses>78001</misses>
				<total>2</total>
				<timestamp>17.922708</timestamp>
			</report>
			<report>
				<misses>79001</misses>
				<total>2</total>
				<timestamp>18.152471</timestamp>
			</report>
			<report>
				<misses>80001</misses>
				<total>2</total>
				<timestamp>18.382291</timestamp>
			</report>
			<report>
				<misses>81001</misses>
				<total>2</total>
				<timestamp>18.611994</timestamp>
			</report>
			<report>
				<misses>82001</misses>
				<total>2</total>
				<timestamp>18.841761</timestamp>
			</report>
			<report>
				<misses>83001</misses>
				<total>2</total>
				<timestamp>19.071604</timestamp>
			</report>
			<report>
				<misses>84001</misses>
				<total>2</total>
				<timestamp>19.301333</timestamp>
			</report>
			<report>
				<misses>85001</misses>
				<total>2</total>
				<timestamp>19.531077</timestamp>
			</report>
			<report>
				<misses>86001</misses>
				<total>2</total>
				<timestamp>19.760855</timestamp>
			</report>
			<report>
				<misses>87001</misses>
				<total>2</total>
				<timestamp>19.990616</timestamp>
			</report>
			<report>
				<misses>88001</misses>
				<total>2</total>
				<timestamp>20.220396</timestamp>
			</report>
			<report>
				<misses>89001</misses>
				<total>2</total>
				<timestamp>20.450153</timestamp>
			</report>
			<report>
				<misses>90001</misses>
				<total>2</total>
				<timestamp>20.679942</timestamp>
			</report>
			<report>
				<misses>91001</misses>
				<total>2</total>
				<timestamp>20.909729</timestamp>
			</report>
			<report>
				<misses>92001</misses>
				<total>2</total>
				<timestamp>21.139489</timestamp>
			</report>
			<report>
				<misses>93001</misses>
				<total>2</total>
				<timestamp>21.369269</timestamp>
			</report>
			<report>
				<misses>94001</misses>
				<total>2</total>
				<timestamp>21.599026</timestamp>
			</report>
			<report>
				<misses>95001</misses>
				<total>2</total>
				<timestamp>21.828843</timestamp>
			</report>
			<report>
				<misses>96001</misses>
				<total>2</total>
				<timestamp>22.058610</timestamp>
			</report>
			<report>
				<misses>97001</misses>
				<total>2</total>
				<timestamp>22.288308</timestamp>
			</report>
			<report>
				<misses>98001</misses>
				<total>2</total>
				<timestamp>22.518096</timestamp>
			</report>
			<report>
				<misses>99001</misses>
				<total>2</total>
				<timestamp>22.747911</timestamp>
			</report>
			<report>
				<misses>100001</misses>
				<total>2</total>
				<timestamp>22.977633</timestamp>
			</report>
			<report>
				<misses>101001</misses>
				<total>2</total>
				<timestamp>23.207417</timestamp>
			</report>
			<report>
				<misses>102001</misses>
				<total>2</total>
				<timestamp>23.437162</timestamp>
			</report>
			<report>
				<misses>103001</misses>
				<total>2</total>
				<timestamp>23.666940</timestamp>
			</report>
			<report>
				<misses>104001</misses>
				<total>2</total>
				<timestamp>23.896713</timestamp>
			</report>
			<report>
				<misses>105001</misses>
				<total>2</total>
				<timestamp>24.126488</timestamp>
			</report>
			<report>
				<misses>106001</misses>
				<total>2</total>
				<timestamp>24.356285</timestamp>
			</report>
			<report>
				<misses>107001</misses>
				<total>2</total>
				<timestamp>24.586027</timestamp>
			</report>
			<report>
				<misses>108001</misses>
				<total>2</total>
				<timestamp>24.815791</timestamp>
			</report>
			<report>
				<misses>109001</misses>
				<total>2</total>
				<timestamp>25.045559</timestamp>
			</report>
			<report>
				<misses>110001</misses>
				<total>2</total>
				<timestamp>25.275359</timestamp>
			</report>
			<report>
				<misses>111001</misses>
				<total>2</total>
				<timestamp>25.505105</timestamp>
			</report>
			<report>
				<misses>112001</misses>
				<total>3</total>
				<timestamp>25.734916</timestamp>
			</report>
			<report>
				<misses>113001</misses>
				<total>3</total>
				<timestamp>25.964655</timestamp>
			</report>
			<report>
				<misses>114001</misses>
				<total>3</total>
				<timestamp>26.194420</timestamp>
			</report>
			<report>
				<misses>115001</misses>
				<total>3</total>
				<timestamp>26.424239</timestamp>
			</report>
			<report>
				<misses>116001</misses>
				<total>3</total>
				<timestamp>26.653965</timestamp>
			</report>
			<report>
				<misses>117001</misses>
				<total>3</total>
				<timestamp>26.883712</timestamp>
			</report>
			<report>
				<misses>118001</misses>
				<total>3</total>
				<timestamp>27.113504</timestamp>
			</report>
			<report>
				<misses>119001</misses>
				<total>3</total>
				<timestamp>27.343277</timestamp>
			</report>
			<report>
				<misses>120001</misses>
				<total>3</total>
				<timestamp>27.573029</timestamp>
			</report>
			<report>
				<misses>121001</misses>
				<total>3</total>
				<timestamp>27.802779</timestamp>
			</report>
			<report>
				<misses>122001</misses>
				<total>3</total>
				<timestamp>28.032554</timestamp>
			</report>
			<report>
				<misses>123001</misses>
				<total>3</total>
				<timestamp>28.262418</timestamp>
			</report>
			<report>
				<misses>124001</misses>
				<total>3</total>
				<timestamp>28.492107</timestamp>
			</report>
			<report>
				<misses>125001</misses>
				<total>3</total>
				<timestamp>28.721886</timestamp>
			</report>
			<report>
				<misses>126001</misses>
				<total>3</total>
				<timestamp>28.951651</timestamp>
			</report>
			<report>
				<misses>127001</misses>
				<total>3</total>
				<timestamp>29.181437</timestamp>
			</report>
			<report>
				<misses>128001</misses>
				<total>3</total>
				<timestamp>29.411264</timestamp>
			</report>
			<report>
				<misses>129001</misses>
				<total>3</total>
				<timestamp>29.640970</timestamp>
			</report>
			<report>
				<misses>130001</misses>
				<total>3</total>
				<timestamp>29.870734</timestamp>
			</report>
			<report>
				<misses>131001</misses>
				<total>3</total>
				<timestamp>30.100526</timestamp>
			</report>
			<report>
				<misses>132001</misses>
				<total>3</total>
				<timestamp>30.330332</timestamp>
			</report>
			<report>
				<misses>133001</misses>
				<total>3</total>
				<timestamp>30.560039</timestamp>
			</report>
			<report>
				<misses>134001</misses>
				<total>3</total>
				<timestamp>30.789815</timestamp>
			</report>
			<report>
				<misses>135001</misses>
				<total>3</total>
				<timestamp>31.019565</timestamp>
			</report>
			<report>
				<misses>136001</misses>
				<total>3</total>
				<timestamp>31.249342</timestamp>
			</report>
			<report>
				<misses>137001</misses>
				<total>3</total>
				<timestamp>31.479125</timestamp>
			</report>
			<report>
				<misses>138001</misses>
				<total>3</total>
				<timestamp>31.708884</timestamp>
			</report>
			<report>
				<misses>139001</misses>
				<total>3</total>
				<timestamp>31.938659</timestamp>
			</report>
			<report>
				<misses>140001</misses>
				<total>3</total>
				<timestamp>32.168462</timestamp>
			</report>
			<report>
				<misses>141001</misses>
				<total>3</total>
				<timestamp>32.398226</timestamp>
			</report>
			<report>
				<misses>142001</misses>
				<total>3</total>
				<timestamp>32.627964</timestamp>
			</report>
			<report>
				<misses>143001</misses>
				<total>3</total>
				<timestamp>32.857750</timestamp>
			</report>
			<report>
				<misses>144001</misses>
				<total>3</total>
				<timestamp>33.087532</timestamp>
			</report>
			<report>
				<misses>145001</misses>
				<total>3</total>
				<timestamp>33.317349</timestamp>
			</report>
			<report>
				<misses>146001</misses>
				<total>3</total>
				<timestamp>33.547043</timestamp>
			</report>
			<report>
				<misses>147001</misses>
				<total>3</total>
				<timestamp>33.776851</timestamp>
			</report>
			<report>
				<misses>148001</misses>
				<total>3</total>
				<timestamp>34.006625</timestamp>
			</report>
			<report>
				<misses>149001</misses>
				<total>3</total>
				<timestamp>34.236352</timestamp>
			</report>
			<report>
				<misses>150001</misses>
				<total>3</total>
				<timestamp>34.466162</timestamp>
			</report>
			<report>
				<misses>151001</misses>
				<total>3</total>
				<timestamp>34.695924</timestamp>
			</report>
			<report>
				<misses>152001</misses>
				<total>3</total>
				<timestamp>34.925673</timestamp>
			</report>
			<report>
				<misses>153001</misses>
				<total>3</total>
				<timestamp>35.155497</timestamp>
			</report>
			<report>
				<misses>154001</misses>
				<total>3</total>
				<timestamp>35.385218</timestamp>
			</report>
			<report>
				<misses>155001</misses>
				<total>3</total>
				<timestamp>35.614973</timestamp>
			</report>
			<report>
				<misses>156001</misses>
				<total>3</total>
				<timestamp>35.844764</timestamp>
			</report>
			<report>
				<misses>157001</misses>
				<total>3</total>
				<timestamp>36.074548</timestamp>
			</report>
			<report>
				<misses>158001</misses>
				<total>3</total>
				<timestamp>36.304321</timestamp>
			</report>
			<report>
				<misses>159001</misses>
				<total>3</total>
				<timestamp>36.534130</timestamp>
			</report>
			<report>
				<misses>160001</misses>
				<total>4</total>
				<timestamp>36.763835</timestamp>
			</report>
			<report>
				<misses>161001</misses>
				<total>4</total>
				<timestamp>36.993603</timestamp>
			</report>
			<report>
				<misses>162001</misses>
				<total>4</total>
				<timestamp>37.223436</timestamp>
			</report>
			<report>
				<misses>163001</misses>
				<total>4</total>
				<timestamp>37.453206</timestamp>
			</report>
			<report>
				<misses>164001</misses>
				<total>4</total>
				<timestamp>37.682900</timestamp>
			</report>
			<report>
				<misses>165001</misses>
				<total>4</total>
				<timestamp>37.912676</timestamp>
			</report>
			<report>
				<misses>166001</misses>
				<total>4</total>
				<timestamp>38.142553</timestamp>
			</report>
			<report>
				<misses>167001</misses>
				<total>4</total>
				<timestamp>38.372276</timestamp>
			</report>
			<report>
				<misses>168001</misses>
				<total>4</total>
				<timestamp>38.602003</timestamp>
			</report>
			<report>
				<misses>169001</misses>
				<total>4</total>
				<timestamp>38.831760</timestamp>
			</report>
			<report>
				<misses>170001</misses>
				<total>4</total>
				<timestamp>39.061578</timestamp>
			</report>
			<report>
				<misses>171001</misses>
				<total>4</total>
				<timestamp>39.291302</timestamp>
			</report>
			<report>
				<misses>172001</misses>
				<total>4</total>
				<timestamp>39.521085</timestamp>
			</report>
			<report>
				<misses>173001</misses>
				<total>3</total>
				<timestamp>39.750846</timestamp>
			</report>
			<report>
				<misses>174001</misses>
				<total>4</total>
				<timestamp>39.980619</timestamp>
			</report>
			<report>
				<misses>175001</misses>
				<total>4</total>
				<timestamp>40.210415</timestamp>
			</report>
			<report>
				<misses>176001</misses>
				<total>4</total>
				<timestamp>40.440159</timestamp>
			</report>
			<report>
				<misses>177001</misses>
				<total>4</total>
				<timestamp>40.669935</timestamp>
			</report>
			<report>
				<misses>178001</misses>
				<total>4</total>
				<timestamp>40.899684</timestamp>
			</report>
			<report>
				<misses>179001</misses>
				<total>4</total>
				<timestamp>41.129491</timestamp>
			</report>
			<report>
				<misses>180001</misses>
				<total>4</total>
				<timestamp>41.359224</timestamp>
			</report>
			<report>
				<misses>181001</misses>
				<total>4</total>
				<timestamp>41.589016</timestamp>
			</report>
			<report>
				<misses>182001</misses>
				<total>4</total>
				<timestamp>41.818766</timestamp>
			</report>
			<report>
				<misses>183001</misses>
				<total>4</total>
				<timestamp>42.048541</timestamp>
			</report>
			<report>
				<misses>184001</misses>
				<total>4</total>
				<timestamp>42.278310</timestamp>
			</report>
			<report>
				<misses>185001</misses>
				<total>4</total>
				<timestamp>42.508128</timestamp>
			</report>
			<report>
				<misses>186001</misses>
				<total>4</total>
				<timestamp>42.737851</timestamp>
			</report>
			<report>
				<misses>187001</misses>
				<total>4</total>
				<timestamp>42.967615</timestamp>
			</report>
			<report>
				<misses>188001</misses>
				<total>4</total>
				<timestamp>43.197447</timestamp>
			</report>
			<report>
				<misses>189001</misses>
				<total>4</total>
				<timestamp>43.427171</timestamp>
			</report>
			<report>
				<misses>190001</misses>
				<total>4</total>
				<timestamp>43.656937</timestamp>
			</report>
			<report>
				<misses>191001</misses>
				<total>3</total>
				<timestamp>43.886720</timestamp>
			</report>
			<report>
				<misses>192001</misses>
				<total>4</total>
				<timestamp>44.116475</timestamp>
			</report>
			<report>
				<misses>193001</misses>
				<total>4</total>
				<timestamp>44.346321</timestamp>
			</report>
			<report>
				<misses>194001</misses>
				<total>4</total>
				<timestamp>44.576010</timestamp>
			</report>
			<report>
				<misses>195001</misses>
				<total>4</total>
				<timestamp>44.805781</timestamp>
			</report>
			<report>
				<misses>196001</misses>
				<total>4</total>
				<timestamp>45.035565</timestamp>
			</report>
			<report>
				<misses>197001</misses>
				<total>4</total>
				<timestamp>45.265443</timestamp>
			</report>
			<report>
				<misses>198001</misses>
				<total>4</total>
				<timestamp>45.495164</timestamp>
			</report>
			<report>
				<misses>199001</misses>
				<total>4</total>
				<timestamp>45.724890</timestamp>
			</report>
			<report>
				<misses>200001</misses>
				<total>4</total>
				<timestamp>45.954637</timestamp>
			</report>
			<report>
				<misses>201001</misses>
				<total>4</total>
				<timestamp>46.184410</timestamp>
			</report>
			<report>
				<misses>202001</misses>
				<total>4</total>
				<timestamp>46.414175</timestamp>
			</report>
			<report>
				<misses>203001</misses>
				<total>4</total>
				<timestamp>46.643936</timestamp>
			</report>
			<report>
				<misses>204001</misses>
				<total>4</total>
				<timestamp>46.873747</timestamp>
			</report>
			<report>
				<misses>205001</misses>
				<total>4</total>
				<timestamp>47.103473</timestamp>
			</report>
			<report>
				<misses>206001</misses>
				<total>4</total>
				<timestamp>47.333281</timestamp>
			</report>
			<report>
				<misses>207001</misses>
				<total>4</total>
				<timestamp>47.563106</timestamp>
			</report>
			<report>
				<misses>208001</misses>
				<total>4</total>
				<timestamp>47.792797</timestamp>
			</report>
			<report>
				<misses>209001</misses>
				<total>4</total>
				<timestamp>48.022563</timestamp>
			</report>
			<report>
				<misses>210001</misses>
				<total>4</total>
				<timestamp>48.252375</timestamp>
			</report>
			<report>
				<misses>211001</misses>
				<total>4</total>
				<timestamp>48.482120</timestamp>
			</report>
			<report>
				<misses>212001</misses>
				<total>4</total>
				<timestamp>48.711876</timestamp>
			</report>
			<report>
				<misses>213001</misses>
				<total>4</total>
				<timestamp>48.941649</timestamp>
			</report>
			<report>
				<misses>214001</misses>
				<total>4</total>
				<timestamp>49.171444</timestamp>
			</report>
			<report>
				<misses>215001</misses>
				<total>4</total>
				<timestamp>49.401243</timestamp>
			</report>
			<report>
				<misses>216001</misses>
				<total>4</total>
				<timestamp>49.630958</timestamp>
			</report>
			<report>
				<misses>217001</misses>
				<total>4</total>
				<timestamp>49.860749</timestamp>
			</report>
			<report>
				<misses>218001</misses>
				<total>4</total>
				<timestamp>50.090519</timestamp>
			</report>
			<report>
				<misses>219001</misses>
				<total>4</total>
				<timestamp>50.320277</timestamp>
			</report>
			<report>
				<misses>220001</misses>
				<total>4</total>
				<timestamp>50.550034</timestamp>
			</report>
			<report>
				<misses>221001</misses>
				<total>4</total>
				<timestamp>50.779791</timestamp>
			</report>
			<report>
				<misses>222001</misses>
				<total>4</total>
				<timestamp>51.009567</timestamp>
			</report>
			<report>
				<misses>223001</misses>
				<total>4</total>
				<timestamp>51.239377</timestamp>
			</report>
			<report>
				<misses>224001</misses>
				<total>4</total>
				<timestamp>51.469153</timestamp>
			</report>
			<report>
				<misses>225001</misses>
				<total>4</total>
				<timestamp>51.698910</timestamp>
			</report>
			<report>
				<misses>226001</misses>
				<total>4</total>
				<timestamp>51.928695</timestamp>
			</report>
			<report>
				<misses>227001</misses>
				<total>4</total>
				<timestamp>52.158450</timestamp>
			</report>
			<report>
				<misses>228001</misses>
				<total>4</total>
				<timestamp>52.388236</timestamp>
			</report>
			<report>
				<misses>229001</misses>
				<total>4</total>
				<timestamp>52.617977</timestamp>
			</report>
			<report>
				<misses>230001</misses>
				<total>4</total>
				<timestamp>52.847743</timestamp>
			</report>
			<report>
				<misses>231001</misses>
				<total>4</total>
				<timestamp>53.077509</timestamp>
			</report>
			<report>
				<misses>232001</misses>
				<total>4</total>
				<timestamp>53.307328</timestamp>
			</report>
			<report>
				<misses>233001</misses>
				<total>4</total>
				<timestamp>53.537051</timestamp>
			</report>
			<report>
				<misses>234001</misses>
				<total>4</total>
				<timestamp>53.766807</timestamp>
			</report>
			<report>
				<misses>235001</misses>
				<total>4</total>
				<timestamp>53.996587</timestamp>
			</report>
			<report>
				<misses>236001</misses>
				<total>4</total>
				<timestamp>54.226363</timestamp>
			</report>
			<report>
				<misses>237001</misses>
				<total>4</total>
				<timestamp>54.456202</timestamp>
			</report>
			<report>
				<misses>238001</misses>
				<total>4</total>
				<timestamp>54.685922</timestamp>
			</report>
			<report>
				<misses>239001</misses>
				<total>4</total>
				<timestamp>54.915790</timestamp>
			</report>
			<report>
				<misses>240001</misses>
				<total>4</total>
				<timestamp>55.145508</timestamp>
			</report>
			<report>
				<misses>241001</misses>
				<total>4</total>
				<timestamp>55.375192</timestamp>
			</report>
			<report>
				<misses>242001</misses>
				<total>4</total>
				<timestamp>55.605022</timestamp>
			</report>
			<report>
				<misses>243001</misses>
				<total>5</total>
				<timestamp>55.834810</timestamp>
			</report>
			<report>
				<misses>244001</misses>
				<total>5</total>
				<timestamp>56.064497</timestamp>
			</report>
			<report>
				<misses>245001</misses>
				<total>5</total>
				<timestamp>56.294368</timestamp>
			</report>
			<report>
				<misses>246001</misses>
				<total>5</total>
				<timestamp>56.524101</timestamp>
			</report>
			<report>
				<misses>247001</misses>
				<total>4</total>
				<timestamp>56.753818</timestamp>
			</report>
			<report>
				<misses>248001</misses>
				<total>5</total>
				<timestamp>56.983593</timestamp>
			</report>
			<report>
				<misses>249001</misses>
				<total>5</total>
				<timestamp>57.213393</timestamp>
			</report>
			<report>
				<misses>250001</misses>
				<total>5</total>
				<timestamp>57.443183</timestamp>
			</report>
			<report>
				<misses>251001</misses>
				<total>5</total>
				<timestamp>57.672931</timestamp>
			</report>
			<report>
				<misses>252001</misses>
				<total>5</total>
				<timestamp>57.902678</timestamp>
			</report>
			<report>
				<misses>253001</misses>
				<total>5</total>
				<timestamp>58.132501</timestamp>
			</report>
			<report>
				<misses>254001</misses>
				<total>4</total>
				<timestamp>58.362217</timestamp>
			</report>
			<report>
				<misses>255001</misses>
				<total>5</total>
				<timestamp>58.591994</timestamp>
			</report>
			<report>
				<misses>256001</misses>
				<total>5</total>
				<timestamp>58.821781</timestamp>
			</report>
			<report>
				<misses>257001</misses>
				<total>5</total>
				<timestamp>59.051524</timestamp>
			</report>
			<report>
				<misses>258001</misses>
				<total>5</total>
				<timestamp>59.281284</timestamp>
			</report>
			<report>
				<misses>259001</misses>
				<total>5</total>
				<timestamp>59.511122</timestamp>
			</report>
			<report>
				<misses>260001</misses>
				<total>5</total>
				<timestamp>59.740837</timestamp>
			</report>
			<report>
				<misses>261001</misses>
				<total>5</total>
				<timestamp>59.970597</timestamp>
			</report>
			<report>
				<misses>262001</misses>
				<total>5</total>
				<timestamp>60.200388</timestamp>
			</report>
			<report>
				<misses>263001</misses>
				<total>5</total>
				<timestamp>60.430217</timestamp>
			</report>
			<report>
				<misses>264001</misses>
				<total>5</total>
				<timestamp>60.659934</timestamp>
			</report>
			<report>
				<misses>265001</misses>
				<total>5</total>
				<timestamp>60.889695</timestamp>
			</report>
			<report>
				<misses>266001</misses>
				<total>5</total>
				<timestamp>61.119455</timestamp>
			</report>
			<report>
				<misses>267001</misses>
				<total>5</total>
				<timestamp>61.349215</timestamp>
			</report>
			<report>
				<misses>268001</misses>
				<total>5</total>
				<timestamp>61.578990</timestamp>
			</report>
			<report>
				<misses>269001</misses>
				<total>5</total>
				<timestamp>61.808757</timestamp>
			</report>
			<report>
				<misses>270001</misses>
				<total>5</total>
				<timestamp>62.038539</timestamp>
			</report>
			<report>
				<misses>271001</misses>
				<total>5</total>
				<timestamp>62.268317</timestamp>
			</report>
			<report>
				<misses>272001</misses>
				<total>5</total>
				<timestamp>62.498102</timestamp>
			</report>
			<report>
				<misses>273001</misses>
				<total>4</total>
				<timestamp>62.727857</timestamp>
			</report>
			<report>
				<misses>274001</misses>
				<total>5</total>
				<timestamp>62.957656</timestamp>
			</report>
			<report>
				<misses>275001</misses>
				<total>5</total>
				<timestamp>63.187412</timestamp>
			</report>
			<report>
				<misses>276001</misses>
				<total>5</total>
				<timestamp>63.417196</timestamp>
			</report>
			<report>
				<misses>277001</misses>
				<total>5</total>
				<timestamp>63.646943</timestamp>
			</report>
			<report>
				<misses>278001</misses>
				<total>5</total>
				<timestamp>63.876715</timestamp>
			</report>
			<report>
				<misses>279001</misses>
				<total>5</total>
				<timestamp>64.106452</timestamp>
			</report>
			<report>
				<misses>280001</misses>
				<total>6</total>
				<timestamp>64.336240</timestamp>
			</report>
			<report>
				<misses>281001</misses>
				<total>6</total>
				<timestamp>64.565997</timestamp>
			</report>
			<report>
				<misses>282001</misses>
				<total>6</total>
				<timestamp>64.795809</timestamp>
			</report>
			<report>
				<misses>283001</misses>
				<total>6</total>
				<timestamp>65.025546</timestamp>
			</report>
			<report>
				<misses>284001</misses>
				<total>6</total>
				<timestamp>65.255366</timestamp>
			</report>
			<report>
				<misses>285001</misses>
				<total>6</total>
				<timestamp>65.485074</timestamp>
			</report>
			<report>
				<misses>286001</misses>
				<total>6</total>
				<timestamp>65.714846</timestamp>
			</report>
			<report>
				<misses>287001</misses>
				<total>6</total>
				<timestamp>65.944639</timestamp>
			</report>
			<report>
				<misses>288001</misses>
				<total>6</total>
				<timestamp>66.174395</timestamp>
			</report>
			<report>
				<misses>289001</misses>
				<total>6</total>
				<timestamp>66.404208</timestamp>
			</report>
			<report>
				<misses>290001</misses>
				<total>5</total>
				<timestamp>66.633950</timestamp>
			</report>
			<report>
				<misses>291001</misses>
				<total>6</total>
				<timestamp>66.863699</timestamp>
			</report>
			<report>
				<misses>292001</misses>
				<total>6</total>
				<timestamp>67.093466</timestamp>
			</report>
			<report>
				<misses>293001</misses>
				<total>6</total>
				<timestamp>67.323327</timestamp>
			</report>
			<report>
				<misses>294001</misses>
				<total>6</total>
				<timestamp>67.553082</timestamp>
			</report>
			<report>
				<misses>295001</misses>
				<total>6</total>
				<timestamp>67.782770</timestamp>
			</report>
			<report>
				<misses>296001</misses>
				<total>6</total>
				<timestamp>68.012537</timestamp>
			</report>
			<report>
				<misses>297001</misses>
				<total>6</total>
				<timestamp>68.242315</timestamp>
			</report>
			<report>
				<misses>298001</misses>
				<total>6</total>
				<timestamp>68.472131</timestamp>
			</report>
			<report>
				<misses>299001</misses>
				<total>6</total>
				<timestamp>68.701851</timestamp>
			</report>
			<report>
				<misses>300001</misses>
				<total>6</total>
				<timestamp>68.931631</timestamp>
			</report>
			<report>
				<misses>301001</misses>
				<total>6</total>
				<timestamp>69.161393</timestamp>
			</report>
			<report>
				<misses>302001</misses>
				<total>6</total>
				<timestamp>69.391207</timestamp>
			</report>
			<report>
				<misses>303001</misses>
				<total>6</total>
				<timestamp>69.620994</timestamp>
			</report>
			<report>
				<misses>304001</misses>
				<total>6</total>
				<timestamp>69.850738</timestamp>
			</report>
			<report>
				<misses>305001</misses>
				<total>6</total>
				<timestamp>70.080503</timestamp>
			</report>
			<report>
				<misses>306001</misses>
				<total>6</total>
				<timestamp>70.310286</timestamp>
			</report>
			<report>
				<misses>307001</misses>
				<total>6</total>
				<timestamp>70.540043</timestamp>
			</report>
			<report>
				<misses>308001</misses>
				<total>6</total>
				<timestamp>70.769793</timestamp>
			</report>
			<report>
				<misses>309001</misses>
				<total>6</total>
				<timestamp>70.999595</timestamp>
			</report>
			<report>
				<misses>310001</misses>
				<total>6</total>
				<timestamp>71.229368</timestamp>
			</report>
			<report>
				<misses>311001</misses>
				<total>6</total>
				<timestamp>71.459156</timestamp>
			</report>
			<report>
				<misses>312001</misses>
				<total>6</total>
				<timestamp>71.688870</timestamp>
			</report>
			<report>
				<misses>313001</misses>
				<total>6</total>
				<timestamp>71.918635</timestamp>
			</report>
			<report>
				<misses>314001</misses>
				<total>6</total>
				<timestamp>72.148412</timestamp>
			</report>
			<report>
				<misses>315001</misses>
				<total>6</total>
				<timestamp>72.378214</timestamp>
			</report>
			<report>
				<misses>316001</misses>
				<total>6</total>
				<timestamp>72.607983</timestamp>
			</report>
			<report>
				<misses>317001</misses>
				<total>6</total>
				<timestamp>72.837733</timestamp>
			</report>
			<report>
				<misses>318001</misses>
				<total>6</total>
				<timestamp>73.067494</timestamp>
			</report>
			<report>
				<misses>319001</misses>
				<total>6</total>
				<timestamp>73.297283</timestamp>
			</report>
			<report>
				<misses>320001</misses>
				<total>6</total>
				<timestamp>73.527086</timestamp>
			</report>
			<report>
				<misses>321001</misses>
				<total>6</total>
				<timestamp>73.756809</timestamp>
			</report>
			<report>
				<misses>322001</misses>
				<total>6</total>
				<timestamp>73.986569</timestamp>
			</report>
			<report>
				<misses>323001</misses>
				<total>6</total>
				<timestamp>74.216352</timestamp>
			</report>
			<report>
				<misses>324001</misses>
				<total>6</total>
				<timestamp>74.446154</timestamp>
			</report>
			<report>
				<misses>325001</misses>
				<total>6</total>
				<timestamp>74.675897</timestamp>
			</report>
			<report>
				<misses>326001</misses>
				<total>6</total>
				<timestamp>74.905632</timestamp>
			</report>
			<report>
				<misses>327001</misses>
				<total>6</total>
				<timestamp>75.135419</timestamp>
			</report>
			<report>
				<misses>328001</misses>
				<total>6</total>
				<timestamp>75.365220</timestamp>
			</report>
			<report>
				<misses>329001</misses>
				<total>6</total>
				<timestamp>75.594981</timestamp>
			</report>
			<report>
				<misses>330001</misses>
				<total>6</total>
				<timestamp>75.824724</timestamp>
			</report>
			<report>
				<misses>331001</misses>
				<total>6</total>
				<timestamp>76.054534</timestamp>
			</report>
			<report>
				<misses>332001</misses>
				<total>6</total>
				<timestamp>76.284276</timestamp>
			</report>
			<report>
				<misses>333001</misses>
				<total>6</total>
				<timestamp>76.514104</timestamp>
			</report>
			<report>
				<misses>334001</misses>
				<total>6</total>
				<timestamp>76.743839</timestamp>
			</report>
			<report>
				<misses>335001</misses>
				<total>6</total>
				<timestamp>76.973587</timestamp>
			</report>
			<report>
				<misses>336001</misses>
				<total>6</total>
				<timestamp>77.203375</timestamp>
			</report>
			<report>
				<misses>337001</misses>
				<total>6</total>
				<timestamp>77.433130</timestamp>
			</report>
			<report>
				<misses>338001</misses>
				<total>6</total>
				<timestamp>77.662915</timestamp>
			</report>
			<report>
				<misses>339001</misses>
				<total>6</total>
				<timestamp>77.892692</timestamp>
			</report>
			<report>
				<misses>340001</misses>
				<total>6</total>
				<timestamp>78.122451</timestamp>
			</report>
			<report>
				<misses>341001</misses>
				<total>6</total>
				<timestamp>78.352212</timestamp>
			</report>
			<report>
				<misses>342001</misses>
				<total>6</total>
				<timestamp>78.581991</timestamp>
			</report>
			<report>
				<misses>343001</misses>
				<total>6</total>
				<timestamp>78.811743</timestamp>
			</report>
			<report>
				<misses>344001</misses>
				<total>6</total>
				<timestamp>79.041553</timestamp>
			</report>
			<report>
				<misses>345001</misses>
				<total>6</total>
				<timestamp>79.271299</timestamp>
			</report>
			<report>
				<misses>346001</misses>
				<total>6</total>
				<timestamp>79.501099</timestamp>
			</report>
			<report>
				<misses>347001</misses>
				<total>6</total>
				<timestamp>79.730826</timestamp>
			</report>
			<report>
				<misses>348001</misses>
				<total>6</total>
				<timestamp>79.960592</timestamp>
			</report>
			<report>
				<misses>349001</misses>
				<total>6</total>
				<timestamp>80.190365</timestamp>
			</report>
			<report>
				<misses>350001</misses>
				<total>6</total>
				<timestamp>80.420156</timestamp>
			</report>
			<report>
				<misses>351001</misses>
				<total>6</total>
				<timestamp>80.649976</timestamp>
			</report>
			<report>
				<misses>352001</misses>
				<total>6</total>
				<timestamp>80.879667</timestamp>
			</report>
			<report>
				<misses>353001</misses>
				<total>6</total>
				<timestamp>81.109481</timestamp>
			</report>
			<report>
				<misses>354001</misses>
				<total>6</total>
				<timestamp>81.339216</timestamp>
			</report>
			<report>
				<misses>355001</misses>
				<total>6</total>
				<timestamp>81.569021</timestamp>
			</report>
			<report>
				<misses>356001</misses>
				<total>6</total>
				<timestamp>81.798807</timestamp>
			</report>
			<report>
				<misses>357001</misses>
				<total>6</total>
				<timestamp>82.028523</timestamp>
			</report>
			<report>
				<misses>358001</misses>
				<total>6</total>
				<timestamp>82.258307</timestamp>
			</report>
			<report>
				<misses>359001</misses>
				<total>6</total>
				<timestamp>82.488157</timestamp>
			</report>
			<report>
				<misses>360001</misses>
				<total>6</total>
				<timestamp>82.717826</timestamp>
			</report>
			<report>
				<misses>361001</misses>
				<total>6</total>
				<timestamp>82.947604</timestamp>
			</report>
			<report>
				<misses>362001</misses>
				<total>6</total>
				<timestamp>83.177399</timestamp>
			</report>
			<report>
				<misses>363001</misses>
				<total>6</total>
				<timestamp>83.407181</timestamp>
			</report>
			<report>
				<misses>364001</misses>
				<total>6</total>
				<timestamp>83.636957</timestamp>
			</report>
			<report>
				<misses>365001</misses>
				<total>6</total>
				<timestamp>83.866721</timestamp>
			</report>
			<report>
				<misses>366001</misses>
				<total>5</total>
				<timestamp>84.096491</timestamp>
			</report>
			<report>
				<misses>367001</misses>
				<total>6</total>
				<timestamp>84.326218</timestamp>
			</report>
			<report>
				<misses>368001</misses>
				<total>6</total>
				<timestamp>84.556019</timestamp>
			</report>
			<report>
				<misses>369001</misses>
				<total>6</total>
				<timestamp>84.785768</timestamp>
			</report>
			<report>
				<misses>370001</misses>
				<total>6</total>
				<timestamp>85.015553</timestamp>
			</report>
			<report>
				<misses>371001</misses>
				<total>6</total>
				<timestamp>85.245326</timestamp>
			</report>
			<report>
				<misses>372001</misses>
				<total>6</total>
				<timestamp>85.475068</timestamp>
			</report>
			<report>
				<misses>373001</misses>
				<total>6</total>
				<timestamp>85.704839</timestamp>
			</report>
			<report>
				<misses>374001</misses>
				<total>6</total>
				<timestamp>85.934620</timestamp>
			</report>
			<report>
				<misses>375001</misses>
				<total>6</total>
				<timestamp>86.164374</timestamp>
			</report>
			<report>
				<misses>376001</misses>
				<total>6</total>
				<timestamp>86.394236</timestamp>
			</report>
			<report>
				<misses>377001</misses>
				<total>6</total>
				<timestamp>86.623985</timestamp>
			</report>
			<report>
				<misses>378001</misses>
				<total>5</total>
				<timestamp>86.853723</timestamp>
			</report>
			<report>
				<misses>379001</misses>
				<total>6</total>
				<timestamp>87.083534</timestamp>
			</report>
			<report>
				<misses>380001</misses>
				<total>6</total>
				<timestamp>87.313279</timestamp>
			</report>
			<report>
				<misses>381001</misses>
				<total>6</total>
				<timestamp>87.543058</timestamp>
			</report>
			<report>
				<misses>382001</misses>
				<total>6</total>
				<timestamp>87.772770</timestamp>
			</report>
			<report>
				<misses>383001</misses>
				<total>6</total>
				<timestamp>88.002545</timestamp>
			</report>
			<report>
				<misses>384001</misses>
				<total>6</total>
				<timestamp>88.232313</timestamp>
			</report>
			<report>
				<misses>385001</misses>
				<total>6</total>
				<timestamp>88.462139</timestamp>
			</report>
			<report>
				<misses>386001</misses>
				<total>6</total>
				<timestamp>88.691834</timestamp>
			</report>
			<report>
				<misses>387001</misses>
				<total>6</total>
				<timestamp>88.921739</timestamp>
			</report>
			<report>
				<misses>388001</misses>
				<total>6</total>
				<timestamp>89.151471</timestamp>
			</report>
			<report>
				<misses>389001</misses>
				<total>6</total>
				<timestamp>89.381215</timestamp>
			</report>
			<report>
				<misses>390001</misses>
				<total>6</total>
				<timestamp>89.610962</timestamp>
			</report>
			<report>
				<misses>391001</misses>
				<total>6</total>
				<timestamp>89.840698</timestamp>
			</report>
			<report>
				<misses>392001</misses>
				<total>6</total>
				<timestamp>90.070469</timestamp>
			</report>
			<report>
				<misses>393001</misses>
				<total>6</total>
				<timestamp>90.300231</timestamp>
			</report>
			<report>
				<misses>394001</misses>
				<total>6</total>
				<timestamp>90.530044</timestamp>
			</report>
			<report>
				<misses>395001</misses>
				<total>6</total>
				<timestamp>90.759797</timestamp>
			</report>
			<report>
				<misses>396001</misses>
				<total>5</total>
				<timestamp>90.989577</timestamp>
			</report>
			<report>
				<misses>397001</misses>
				<total>6</total>
				<timestamp>91.219312</timestamp>
			</report>
			<report>
				<misses>398001</misses>
				<total>6</total>
				<timestamp>91.449099</timestamp>
			</report>
			<report>
				<misses>399001</misses>
				<total>6</total>
				<timestamp>91.678957</timestamp>
			</report>
			<report>
				<misses>400001</misses>
				<total>6</total>
				<timestamp>91.908685</timestamp>
			</report>
			<report>
				<misses>401001</misses>
				<total>6</total>
				<timestamp>92.138461</timestamp>
			</report>
			<report>
				<misses>402001</misses>
				<total>6</total>
				<timestamp>92.368226</timestamp>
			</report>
			<report>
				<misses>403001</misses>
				<total>6</total>
				<timestamp>92.597969</timestamp>
			</report>
			<report>
				<misses>404001</misses>
				<total>6</total>
				<timestamp>92.827716</timestamp>
			</report>
			<report>
				<misses>405001</misses>
				<total>6</total>
				<timestamp>93.057494</timestamp>
			</report>
			<report>
				<misses>406001</misses>
				<total>6</total>
				<timestamp>93.287260</timestamp>
			</report>
			<report>
				<misses>407001</misses>
				<total>6</total>
				<timestamp>93.517044</timestamp>
			</report>
			<report>
				<misses>408001</misses>
				<total>6</total>
				<timestamp>93.746803</timestamp>
			</report>
			<report>
				<misses>409001</misses>
				<total>6</total>
				<timestamp>93.976638</timestamp>
			</report>
			<report>
				<misses>410001</misses>
				<total>6</total>
				<timestamp>94.206413</timestamp>
			</report>
			<report>
				<misses>411001</misses>
				<total>6</total>
				<timestamp>94.436126</timestamp>
			</report>
			<report>
				<misses>412001</misses>
				<total>5</total>
				<timestamp>94.665976</timestamp>
			</report>
			<report>
				<misses>413001</misses>
				<total>6</total>
				<timestamp>94.895652</timestamp>
			</report>
			<report>
				<misses>414001</misses>
				<total>6</total>
				<timestamp>95.125415</timestamp>
			</report>
			<report>
				<misses>415001</misses>
				<total>6</total>
				<timestamp>95.355180</timestamp>
			</report>
			<report>
				<misses>416001</misses>
				<total>6</total>
				<timestamp>95.584992</timestamp>
			</report>
			<report>
				<misses>417001</misses>
				<total>6</total>
				<timestamp>95.814710</timestamp>
			</report>
			<report>
				<misses>418001</misses>
				<total>6</total>
				<timestamp>96.044518</timestamp>
			</report>
			<report>
				<misses>419001</misses>
				<total>6</total>
				<timestamp>96.274291</timestamp>
			</report>
			<report>
				<misses>420001</misses>
				<total>6</total>
				<timestamp>96.504148</timestamp>
			</report>
			<report>
				<misses>421001</misses>
				<total>6</total>
				<timestamp>96.733806</timestamp>
			</report>
			<report>
				<misses>422001</misses>
				<total>6</total>
				<timestamp>96.963700</timestamp>
			</report>
			<report>
				<misses>423001</misses>
				<total>7</total>
				<timestamp>97.193342</timestamp>
			</report>
			<report>
				<misses>424001</misses>
				<total>7</total>
				<timestamp>97.423177</timestamp>
			</report>
			<report>
				<misses>425001</misses>
				<total>7</total>
				<timestamp>97.652933</timestamp>
			</report>
			<report>
				<misses>426001</misses>
				<total>7</total>
				<timestamp>97.882682</timestamp>
			</report>
			<report>
				<misses>427001</misses>
				<total>7</total>
				<timestamp>98.112461</timestamp>
			</report>
			<report>
				<misses>428001</misses>
				<total>7</total>
				<timestamp>98.342186</timestamp>
			</report>
			<report>
				<misses>429001</misses>
				<total>6</total>
				<timestamp>98.572040</timestamp>
			</report>
			<report>
				<misses>430001</misses>
				<total>7</total>
				<timestamp>98.801725</timestamp>
			</report>
			<report>
				<misses>431001</misses>
				<total>7</total>
				<timestamp>99.031511</timestamp>
			</report>
			<report>
				<misses>432001</misses>
				<total>7</total>
				<timestamp>99.261273</timestamp>
			</report>
			<report>
				<misses>433001</misses>
				<total>7</total>
				<timestamp>99.491139</timestamp>
			</report>
			<report>
				<misses>434001</misses>
				<total>7</total>
				<timestamp>99.720806</timestamp>
			</report>
			<report>
				<misses>435001</misses>
				<total>7</total>
				<timestamp>99.950625</timestamp>
			</report>
			<report>
				<misses>436001</misses>
				<total>7</total>
				<timestamp>100.180395</timestamp>
			</report>
			<report>
				<misses>437001</misses>
				<total>7</total>
				<timestamp>100.410137</timestamp>
			</report>
			<report>
				<misses>438001</misses>
				<total>7</total>
				<timestamp>100.639934</timestamp>
			</report>
			<report>
				<misses>439001</misses>
				<total>7</total>
				<timestamp>100.869664</timestamp>
			</report>
			<report>
				<misses>440001</misses>
				<total>7</total>
				<timestamp>101.099454</timestamp>
			</report>
			<report>
				<misses>441001</misses>
				<total>7</total>
				<timestamp>101.329215</timestamp>
			</report>
			<report>
				<misses>442001</misses>
				<total>7</total>
				<timestamp>101.559013</timestamp>
			</report>
			<report>
				<misses>443001</misses>
				<total>7</total>
				<timestamp>101.788772</timestamp>
			</report>
			<report>
				<misses>444001</misses>
				<total>7</total>
				<timestamp>102.018496</timestamp>
			</report>
			<report>
				<misses>445001</misses>
				<total>7</total>
				<timestamp>102.248309</timestamp>
			</report>
			<report>
				<misses>446001</misses>
				<total>7</total>
				<timestamp>102.478071</timestamp>
			</report>
			<report>
				<misses>447001</misses>
				<total>7</total>
				<timestamp>102.707851</timestamp>
			</report>
			<report>
				<misses>448001</misses>
				<total>7</total>
				<timestamp>102.937618</timestamp>
			</report>
			<report>
				<misses>449001</misses>
				<total>7</total>
				<timestamp>103.167364</timestamp>
			</report>
			<report>
				<misses>450001</misses>
				<total>7</total>
				<timestamp>103.397218</timestamp>
			</report>
			<report>
				<misses>451001</misses>
				<total>7</total>
				<timestamp>103.626963</timestamp>
			</report>
			<report>
				<misses>452001</misses>
				<total>7</total>
				<timestamp>103.856674</timestamp>
			</report>
			<report>
				<misses>453001</misses>
				<total>7</total>
				<timestamp>104.086428</timestamp>
			</report>
			<report>
				<misses>454001</misses>
				<total>7</total>
				<timestamp>104.316236</timestamp>
			</report>
			<report>
				<misses>455001</misses>
				<total>7</total>
				<timestamp>104.546077</timestamp>
			</report>
			<report>
				<misses>456001</misses>
				<total>7</total>
				<timestamp>104.775746</timestamp>
			</report>
			<report>
				<misses>457001</misses>
				<total>7</total>
				<timestamp>105.005521</timestamp>
			</report>
			<report>
				<misses>458001</misses>
				<total>6</total>
				<timestamp>105.235307</timestamp>
			</report>
			<report>
				<misses>459001</misses>
				<total>7</total>
				<timestamp>105.465137</timestamp>
			</report>
			<report>
				<misses>460001</misses>
				<total>7</total>
				<timestamp>105.694825</timestamp>
			</report>
			<report>
				<misses>461001</misses>
				<total>7</total>
				<timestamp>105.924636</timestamp>
			</report>
			<report>
				<misses>462001</misses>
				<total>7</total>
				<timestamp>106.154401</timestamp>
			</report>
			<report>
				<misses>463001</misses>
				<total>7</total>
				<timestamp>106.384170</timestamp>
			</report>
			<report>
				<misses>464001</misses>
				<total>7</total>
				<timestamp>106.613974</timestamp>
			</report>
			<report>
				<misses>465001</misses>
				<total>7</total>
				<timestamp>106.843687</timestamp>
			</report>
			<report>
				<misses>466001</misses>
				<total>7</total>
				<timestamp>107.073453</timestamp>
			</report>
			<report>
				<misses>467001</misses>
				<total>7</total>
				<timestamp>107.303252</timestamp>
			</report>
			<report>
				<misses>468001</misses>
				<total>7</total>
				<timestamp>107.533035</timestamp>
			</report>
			<report>
				<misses>469001</misses>
				<total>7</total>
				<timestamp>107.762831</timestamp>
			</report>
			<report>
				<misses>470001</misses>
				<total>7</total>
				<timestamp>107.992655</timestamp>
			</report>
			<report>
				<misses>471001</misses>
				<total>6</total>
				<timestamp>108.222298</timestamp>
			</report>
			<report>
				<misses>472001</misses>
				<total>7</total>
				<timestamp>108.452117</timestamp>
			</report>
			<report>
				<misses>473001</misses>
				<total>7</total>
				<timestamp>108.681852</timestamp>
			</report>
			<report>
				<misses>474001</misses>
				<total>7</total>
				<timestamp>108.911606</timestamp>
			</report>
			<report>
				<misses>475001</misses>
				<total>7</total>
				<timestamp>109.141406</timestamp>
			</report>
			<report>
				<misses>476001</misses>
				<total>7</total>
				<timestamp>109.371155</timestamp>
			</report>
			<report>
				<misses>477001</misses>
				<total>7</total>
				<timestamp>109.601001</timestamp>
			</report>
			<report>
				<misses>478001</misses>
				<total>7</total>
				<timestamp>109.830686</timestamp>
			</report>
			<report>
				<misses>479001</misses>
				<total>7</total>
				<timestamp>110.060459</timestamp>
			</report>
			<report>
				<misses>480001</misses>
				<total>7</total>
				<timestamp>110.290227</timestamp>
			</report>
			<report>
				<misses>481001</misses>
				<total>7</total>
				<timestamp>110.520059</timestamp>
			</report>
			<report>
				<misses>482001</misses>
				<total>7</total>
				<timestamp>110.749783</timestamp>
			</report>
			<report>
				<misses>483001</misses>
				<total>7</total>
				<timestamp>110.979529</timestamp>
			</report>
			<report>
				<misses>484001</misses>
				<total>6</total>
				<timestamp>111.209324</timestamp>
			</report>
			<report>
				<misses>485001</misses>
				<total>7</total>
				<timestamp>111.439081</timestamp>
			</report>
			<report>
				<misses>486001</misses>
				<total>7</total>
				<timestamp>111.668866</timestamp>
			</report>
			<report>
				<misses>487001</misses>
				<total>7</total>
				<timestamp>111.898614</timestamp>
			</report>
			<report>
				<misses>488001</misses>
				<total>7</total>
				<timestamp>112.128401</timestamp>
			</report>
			<report>
				<misses>489001</misses>
				<total>7</total>
				<timestamp>112.358158</timestamp>
			</report>
			<report>
				<misses>490001</misses>
				<total>7</total>
				<timestamp>112.588010</timestamp>
			</report>
			<report>
				<misses>491001</misses>
				<total>7</total>
				<timestamp>112.817710</timestamp>
			</report>
			<report>
				<misses>492001</misses>
				<total>7</total>
				<timestamp>113.047505</timestamp>
			</report>
			<report>
				<misses>493001</misses>
				<total>7</total>
				<timestamp>113.277234</timestamp>
			</report>
			<report>
				<misses>494001</misses>
				<total>7</total>
				<timestamp>113.507013</timestamp>
			</report>
			<report>
				<misses>495001</misses>
				<total>7</total>
				<timestamp>113.736786</timestamp>
			</report>
			<report>
				<misses>496001</misses>
				<total>7</total>
				<timestamp>113.966569</timestamp>
			</report>
			<report>
				<misses>497001</misses>
				<total>6</total>
				<timestamp>114.196365</timestamp>
			</report>
			<report>
				<misses>498001</misses>
				<total>7</total>
				<timestamp>114.426136</timestamp>
			</report>
			<report>
				<misses>499001</misses>
				<total>7</total>
				<timestamp>114.655906</timestamp>
			</report>
			<report>
				<misses>500001</misses>
				<total>7</total>
				<timestamp>114.885646</timestamp>
			</report>
			<report>
				<misses>501001</misses>
				<total>7</total>
				<timestamp>115.115420</timestamp>
			</report>
			<report>
				<misses>502001</misses>
				<total>7</total>
				<timestamp>115.345179</timestamp>
			</report>
			<report>
				<misses>503001</misses>
				<total>7</total>
				<timestamp>115.574973</timestamp>
			</report>
			<report>
				<misses>504001</misses>
				<total>7</total>
				<timestamp>115.804730</timestamp>
			</report>
			<report>
				<misses>505001</misses>
				<total>7</total>
				<timestamp>116.034476</timestamp>
			</report>
			<report>
				<misses>506001</misses>
				<total>7</total>
				<timestamp>116.264278</timestamp>
			</report>
			<report>
				<misses>507001</misses>
				<total>7</total>
				<timestamp>116.494054</timestamp>
			</report>
			<report>
				<misses>508001</misses>
				<total>7</total>
				<timestamp>116.723843</timestamp>
			</report>
			<report>
				<misses>509001</misses>
				<total>7</total>
				<timestamp>116.953562</timestamp>
			</report>
			<report>
				<misses>510001</misses>
				<total>7</total>
				<timestamp>117.183370</timestamp>
			</report>
			<report>
				<misses>511001</misses>
				<total>7</total>
				<timestamp>117.413115</timestamp>
			</report>
			<report>
				<misses>512001</misses>
				<total>6</total>
				<timestamp>117.642920</timestamp>
			</report>
			<report>
				<misses>513001</misses>
				<total>7</total>
				<timestamp>117.872639</timestamp>
			</report>
			<report>
				<misses>514001</misses>
				<total>7</total>
				<timestamp>118.102400</timestamp>
			</report>
			<report>
				<misses>515001</misses>
				<total>7</total>
				<timestamp>118.332203</timestamp>
			</report>
			<report>
				<misses>516001</misses>
				<total>7</total>
				<timestamp>118.561964</timestamp>
			</report>
			<report>
				<misses>517001</misses>
				<total>6</total>
				<timestamp>118.791757</timestamp>
			</report>
			<report>
				<misses>518001</misses>
				<total>7</total>
				<timestamp>119.021486</timestamp>
			</report>
			<report>
				<misses>519001</misses>
				<total>7</total>
				<timestamp>119.251262</timestamp>
			</report>
			<report>
				<misses>520001</misses>
				<total>7</total>
				<timestamp>119.481146</timestamp>
			</report>
			<report>
				<misses>521001</misses>
				<total>7</total>
				<timestamp>119.710810</timestamp>
			</report>
			<report>
				<misses>522001</misses>
				<total>7</total>
				<timestamp>119.940569</timestamp>
			</report>
			<report>
				<misses>523001</misses>
				<total>7</total>
				<timestamp>120.170333</timestamp>
			</report>
			<report>
				<misses>524001</misses>
				<total>7</total>
				<timestamp>120.400122</timestamp>
			</report>
			<report>
				<misses>525001</misses>
				<total>7</total>
				<timestamp>120.629927</timestamp>
			</report>
			<report>
				<misses>526001</misses>
				<total>7</total>
				<timestamp>120.859647</timestamp>
			</report>
			<report>
				<misses>527001</misses>
				<total>7</total>
				<timestamp>121.089420</timestamp>
			</report>
			<report>
				<misses>528001</misses>
				<total>7</total>
				<timestamp>121.319178</timestamp>
			</report>
			<report>
				<misses>529001</misses>
				<total>7</total>
				<timestamp>121.548960</timestamp>
			</report>
			<report>
				<misses>530001</misses>
				<total>7</total>
				<timestamp>121.778782</timestamp>
			</report>
			<report>
				<misses>531001</misses>
				<total>7</total>
				<timestamp>122.008516</timestamp>
			</report>
			<report>
				<misses>532001</misses>
				<total>7</total>
				<timestamp>122.238267</timestamp>
			</report>
			<report>
				<misses>533001</misses>
				<total>7</total>
				<timestamp>122.468101</timestamp>
			</report>
			<report>
				<misses>534001</misses>
				<total>7</total>
				<timestamp>122.697819</timestamp>
			</report>
			<report>
				<misses>535001</misses>
				<total>7</total>
				<timestamp>122.927587</timestamp>
			</report>
			<report>
				<misses>536001</misses>
				<total>7</total>
				<timestamp>123.157341</timestamp>
			</report>
			<report>
				<misses>537001</misses>
				<total>7</total>
				<timestamp>123.387108</timestamp>
			</report>
			<report>
				<misses>538001</misses>
				<total>7</total>
				<timestamp>123.616962</timestamp>
			</report>
			<report>
				<misses>539001</misses>
				<total>7</total>
				<timestamp>123.846660</timestamp>
			</report>
			<report>
				<misses>540001</misses>
				<total>7</total>
				<timestamp>124.076448</timestamp>
			</report>
			<report>
				<misses>541001</misses>
				<total>7</total>
				<timestamp>124.306186</timestamp>
			</report>
			<report>
				<misses>542001</misses>
				<total>7</total>
				<timestamp>124.536015</timestamp>
			</report>
			<report>
				<misses>543001</misses>
				<total>7</total>
				<timestamp>124.765790</timestamp>
			</report>
			<report>
				<misses>544001</misses>
				<total>7</total>
				<timestamp>124.995514</timestamp>
			</report>
			<report>
				<misses>545001</misses>
				<total>7</total>
				<timestamp>125.225352</timestamp>
			</report>
			<report>
				<misses>546001</misses>
				<total>7</total>
				<timestamp>125.455073</timestamp>
			</report>
			<report>
				<misses>547001</misses>
				<total>7</total>
				<timestamp>125.684872</timestamp>
			</report>
			<report>
				<misses>548001</misses>
				<total>7</total>
				<timestamp>125.914607</timestamp>
			</report>
			<report>
				<misses>549001</misses>
				<total>7</total>
				<timestamp>126.144359</timestamp>
			</report>
			<report>
				<misses>550001</misses>
				<total>7</total>
				<timestamp>126.374137</timestamp>
			</report>
			<report>
				<misses>551001</misses>
				<total>7</total>
				<timestamp>126.603917</timestamp>
			</report>
			<report>
				<misses>552001</misses>
				<total>7</total>
				<timestamp>126.833773</timestamp>
			</report>
			<report>
				<misses>553001</misses>
				<total>7</total>
				<timestamp>127.063439</timestamp>
			</report>
			<report>
				<misses>554001</misses>
				<total>6</total>
				<timestamp>127.293222</timestamp>
			</report>
			<report>
				<misses>555001</misses>
				<total>7</total>
				<timestamp>127.522987</timestamp>
			</report>
			<report>
				<misses>556001</misses>
				<total>7</total>
				<timestamp>127.752761</timestamp>
			</report>
			<report>
				<misses>557001</misses>
				<total>7</total>
				<timestamp>127.982514</timestamp>
			</report>
			<report>
				<misses>558001</misses>
				<total>6</total>
				<timestamp>128.212304</timestamp>
			</report>
			<report>
				<misses>559001</misses>
				<total>7</total>
				<timestamp>128.442079</timestamp>
			</report>
			<report>
				<misses>560001</misses>
				<total>7</total>
				<timestamp>128.671873</timestamp>
			</report>
			<report>
				<misses>561001</misses>
				<total>7</total>
				<timestamp>128.901598</timestamp>
			</report>
			<report>
				<misses>562001</misses>
				<total>7</total>
				<timestamp>129.131373</timestamp>
			</report>
			<report>
				<misses>563001</misses>
				<total>7</total>
				<timestamp>129.361144</timestamp>
			</report>
			<report>
				<misses>564001</misses>
				<total>7</total>
				<timestamp>129.591000</timestamp>
			</report>
			<report>
				<misses>565001</misses>
				<total>7</total>
				<timestamp>129.820775</timestamp>
			</report>
			<report>
				<misses>566001</misses>
				<total>7</total>
				<timestamp>130.050450</timestamp>
			</report>
			<report>
				<misses>567001</misses>
				<total>7</total>
				<timestamp>130.280225</timestamp>
			</report>
			<report>
				<misses>568001</misses>
				<total>7</total>
				<timestamp>130.510027</timestamp>
			</report>
			<report>
				<misses>569001</misses>
				<total>7</total>
				<timestamp>130.739777</timestamp>
			</report>
			<report>
				<misses>570001</misses>
				<total>7</total>
				<timestamp>130.969538</timestamp>
			</report>
			<report>
				<misses>571001</misses>
				<total>7</total>
				<timestamp>131.199294</timestamp>
			</report>
			<report>
				<misses>572001</misses>
				<total>7</total>
				<timestamp>131.429100</timestamp>
			</report>
			<report>
				<misses>573001</misses>
				<total>7</total>
				<timestamp>131.658909</timestamp>
			</report>
			<report>
				<misses>574001</misses>
				<total>7</total>
				<timestamp>131.888646</timestamp>
			</report>
			<report>
				<misses>575001</misses>
				<total>7</total>
				<timestamp>132.118406</timestamp>
			</report>
			<report>
				<misses>576001</misses>
				<total>6</total>
				<timestamp>132.348165</timestamp>
			</report>
			<report>
				<misses>577001</misses>
				<total>7</total>
				<timestamp>132.577953</timestamp>
			</report>
			<report>
				<misses>578001</misses>
				<total>7</total>
				<timestamp>132.807686</timestamp>
			</report>
			<report>
				<misses>579001</misses>
				<total>7</total>
				<timestamp>133.037462</timestamp>
			</report>
			<report>
				<misses>580001</misses>
				<total>7</total>
				<timestamp>133.267281</timestamp>
			</report>
			<report>
				<misses>581001</misses>
				<total>7</total>
				<timestamp>133.497006</timestamp>
			</report>
			<report>
				<misses>582001</misses>
				<total>7</total>
				<timestamp>133.726869</timestamp>
			</report>
			<report>
				<misses>583001</misses>
				<total>7</total>
				<timestamp>133.956542</timestamp>
			</report>
			<report>
				<misses>584001</misses>
				<total>7</total>
				<timestamp>134.186307</timestamp>
			</report>
			<report>
				<misses>585001</misses>
				<total>7</total>
				<timestamp>134.416080</timestamp>
			</report>
			<report>
				<misses>586001</misses>
				<total>7</total>
				<timestamp>134.645878</timestamp>
			</report>
			<report>
				<misses>587001</misses>
				<total>7</total>
				<timestamp>134.875626</timestamp>
			</report>
			<report>
				<misses>588001</misses>
				<total>7</total>
				<timestamp>135.105400</timestamp>
			</report>
			<report>
				<misses>589001</misses>
				<total>7</total>
				<timestamp>135.335153</timestamp>
			</report>
			<report>
				<misses>590001</misses>
				<total>7</total>
				<timestamp>135.565005</timestamp>
			</report>
			<report>
				<misses>591001</misses>
				<total>7</total>
				<timestamp>135.794779</timestamp>
			</report>
			<report>
				<misses>592001</misses>
				<total>7</total>
				<timestamp>136.024535</timestamp>
			</report>
			<report>
				<misses>593001</misses>
				<total>7</total>
				<timestamp>136.254274</timestamp>
			</report>
			<report>
				<misses>594001</misses>
				<total>7</total>
				<timestamp>136.484013</timestamp>
			</report>
			<report>
				<misses>595001</misses>
				<total>7</total>
				<timestamp>136.713818</timestamp>
			</report>
			<report>
				<misses>596001</misses>
				<total>7</total>
				<timestamp>136.943561</timestamp>
			</report>
			<report>
				<misses>597001</misses>
				<total>7</total>
				<timestamp>137.173332</timestamp>
			</report>
			<report>
				<misses>598001</misses>
				<total>7</total>
				<timestamp>137.403101</timestamp>
			</report>
			<report>
				<misses>599001</misses>
				<total>7</total>
				<timestamp>137.632874</timestamp>
			</report>
			<report>
				<misses>600001</misses>
				<total>7</total>
				<timestamp>137.862624</timestamp>
			</report>
			<report>
				<misses>601001</misses>
				<total>7</total>
				<timestamp>138.092412</timestamp>
			</report>
			<report>
				<misses>602001</misses>
				<total>7</total>
				<timestamp>138.322171</timestamp>
			</report>
			<report>
				<misses>603001</misses>
				<total>7</total>
				<timestamp>138.551971</timestamp>
			</report>
			<report>
				<misses>604001</misses>
				<total>7</total>
				<timestamp>138.781737</timestamp>
			</report>
			<report>
				<misses>605001</misses>
				<total>7</total>
				<timestamp>139.011492</timestamp>
			</report>
			<report>
				<misses>606001</misses>
				<total>7</total>
				<timestamp>139.241348</timestamp>
			</report>
			<report>
				<misses>607001</misses>
				<total>7</total>
				<timestamp>139.471058</timestamp>
			</report>
			<report>
				<misses>608001</misses>
				<total>7</total>
				<timestamp>139.700830</timestamp>
			</report>
			<report>
				<misses>609001</misses>
				<total>7</total>
				<timestamp>139.930556</timestamp>
			</report>
			<report>
				<misses>610001</misses>
				<total>7</total>
				<timestamp>140.160320</timestamp>
			</report>
			<report>
				<misses>611001</misses>
				<total>7</total>
				<timestamp>140.390106</timestamp>
			</report>
			<report>
				<misses>612001</misses>
				<total>7</total>
				<timestamp>140.619921</timestamp>
			</report>
			<report>
				<misses>613001</misses>
				<total>7</total>
				<timestamp>140.849714</timestamp>
			</report>
			<report>
				<misses>614001</misses>
				<total>7</total>
				<timestamp>141.079446</timestamp>
			</report>
			<report>
				<misses>615001</misses>
				<total>7</total>
				<timestamp>141.309190</timestamp>
			</report>
			<report>
				<misses>616001</misses>
				<total>7</total>
				<timestamp>141.538953</timestamp>
			</report>
			<report>
				<misses>617001</misses>
				<total>7</total>
				<timestamp>141.768757</timestamp>
			</report>
			<report>
				<misses>618001</misses>
				<total>7</total>
				<timestamp>141.998496</timestamp>
			</report>
			<report>
				<misses>619001</misses>
				<total>7</total>
				<timestamp>142.228261</timestamp>
			</report>
			<report>
				<misses>620001</misses>
				<total>7</total>
				<timestamp>142.458062</timestamp>
			</report>
			<report>
				<misses>621001</misses>
				<total>7</total>
				<timestamp>142.687921</timestamp>
			</report>
			<report>
				<misses>622001</misses>
				<total>7</total>
				<timestamp>142.917600</timestamp>
			</report>
			<report>
				<misses>623001</misses>
				<total>7</total>
				<timestamp>143.147352</timestamp>
			</report>
			<report>
				<misses>624001</misses>
				<total>7</total>
				<timestamp>143.377254</timestamp>
			</report>
			<report>
				<misses>625001</misses>
				<total>7</total>
				<timestamp>143.606881</timestamp>
			</report>
			<report>
				<misses>626001</misses>
				<total>7</total>
				<timestamp>143.836692</timestamp>
			</report>
			<report>
				<misses>627001</misses>
				<total>6</total>
				<timestamp>144.066504</timestamp>
			</report>
			<report>
				<misses>628001</misses>
				<total>7</total>
				<timestamp>144.296278</timestamp>
			</report>
			<report>
				<misses>629001</misses>
				<total>7</total>
				<timestamp>144.525968</timestamp>
			</report>
			<report>
				<misses>630001</misses>
				<total>6</total>
				<timestamp>144.755744</timestamp>
			</report>
			<report>
				<misses>631001</misses>
				<total>7</total>
				<timestamp>144.985577</timestamp>
			</report>
			<report>
				<misses>632001</misses>
				<total>7</total>
				<timestamp>145.215286</timestamp>
			</report>
			<report>
				<misses>633001</misses>
				<total>7</total>
				<timestamp>145.445062</timestamp>
			</report>
			<report>
				<misses>634001</misses>
				<total>7</total>
				<timestamp>145.674825</timestamp>
			</report>
			<report>
				<misses>635001</misses>
				<total>7</total>
				<timestamp>145.904612</timestamp>
			</report>
			<report>
				<misses>636001</misses>
				<total>7</total>
				<timestamp>146.134357</timestamp>
			</report>
			<report>
				<misses>637001</misses>
				<total>7</total>
				<timestamp>146.364195</timestamp>
			</report>
			<report>
				<misses>638001</misses>
				<total>7</total>
				<timestamp>146.593938</timestamp>
			</report>
			<report>
				<misses>639001</misses>
				<total>7</total>
				<timestamp>146.823709</timestamp>
			</report>
			<report>
				<misses>640001</misses>
				<total>7</total>
				<timestamp>147.053468</timestamp>
			</report>
			<report>
				<misses>641001</misses>
				<total>7</total>
				<timestamp>147.283286</timestamp>
			</report>
			<report>
				<misses>642001</misses>
				<total>7</total>
				<timestamp>147.512996</timestamp>
			</report>
			<report>
				<misses>643001</misses>
				<total>7</total>
				<timestamp>147.742873</timestamp>
			</report>
			<report>
				<misses>644001</misses>
				<total>7</total>
				<timestamp>147.972516</timestamp>
			</report>
			<report>
				<misses>645001</misses>
				<total>7</total>
				<timestamp>148.202350</timestamp>
			</report>
			<report>
				<misses>646001</misses>
				<total>7</total>
				<timestamp>148.432182</timestamp>
			</report>
			<report>
				<misses>647001</misses>
				<total>7</total>
				<timestamp>148.661836</timestamp>
			</report>
			<report>
				<misses>648001</misses>
				<total>7</total>
				<timestamp>148.891592</timestamp>
			</report>
			<report>
				<misses>649001</misses>
				<total>7</total>
				<timestamp>149.121357</timestamp>
			</report>
			<report>
				<misses>650001</misses>
				<total>7</total>
				<timestamp>149.351132</timestamp>
			</report>
			<report>
				<misses>651001</misses>
				<total>7</total>
				<timestamp>149.580929</timestamp>
			</report>
			<report>
				<misses>652001</misses>
				<total>7</total>
				<timestamp>149.810691</timestamp>
			</report>
			<report>
				<misses>653001</misses>
				<total>7</total>
				<timestamp>150.040468</timestamp>
			</report>
			<report>
				<misses>654001</misses>
				<total>7</total>
				<timestamp>150.270224</timestamp>
			</report>
			<report>
				<misses>655001</misses>
				<total>7</total>
				<timestamp>150.499972</timestamp>
			</report>
			<report>
				<misses>656001</misses>
				<total>6</total>
				<timestamp>150.729910</timestamp>
			</report>
			<report>
				<misses>657001</misses>
				<total>7</total>
				<timestamp>150.959534</timestamp>
			</report>
			<report>
				<misses>658001</misses>
				<total>7</total>
				<timestamp>151.189357</timestamp>
			</report>
			<report>
				<misses>659001</misses>
				<total>7</total>
				<timestamp>151.419140</timestamp>
			</report>
			<report>
				<misses>660001</misses>
				<total>6</total>
				<timestamp>151.648890</timestamp>
			</report>
			<report>
				<misses>661001</misses>
				<total>7</total>
				<timestamp>151.878601</timestamp>
			</report>
			<report>
				<misses>662001</misses>
				<total>7</total>
				<timestamp>152.108359</timestamp>
			</report>
			<report>
				<misses>663001</misses>
				<total>7</total>
				<timestamp>152.338223</timestamp>
			</report>
			<report>
				<misses>664001</misses>
				<total>7</total>
				<timestamp>152.567977</timestamp>
			</report>
			<report>
				<misses>665001</misses>
				<total>7</total>
				<timestamp>152.797714</timestamp>
			</report>
			<report>
				<misses>666001</misses>
				<total>7</total>
				<timestamp>153.027464</timestamp>
			</report>
			<report>
				<misses>667001</misses>
				<total>7</total>
				<timestamp>153.257224</timestamp>
			</report>
			<report>
				<misses>668001</misses>
				<total>7</total>
				<timestamp>153.487127</timestamp>
			</report>
			<report>
				<misses>669001</misses>
				<total>7</total>
				<timestamp>153.716865</timestamp>
			</report>
			<report>
				<misses>670001</misses>
				<total>7</total>
				<timestamp>153.946662</timestamp>
			</report>
			<report>
				<misses>671001</misses>
				<total>7</total>
				<timestamp>154.176299</timestamp>
			</report>
			<report>
				<misses>672001</misses>
				<total>7</total>
				<timestamp>154.406066</timestamp>
			</report>
			<report>
				<misses>673001</misses>
				<total>7</total>
				<timestamp>154.635849</timestamp>
			</report>
			<report>
				<misses>674001</misses>
				<total>7</total>
				<timestamp>154.865678</timestamp>
			</report>
			<report>
				<misses>675001</misses>
				<total>7</total>
				<timestamp>155.095367</timestamp>
			</report>
			<report>
				<misses>676001</misses>
				<total>7</total>
				<timestamp>155.325201</timestamp>
			</report>
			<report>
				<misses>677001</misses>
				<total>7</total>
				<timestamp>155.555006</timestamp>
			</report>
			<report>
				<misses>678001</misses>
				<total>6</total>
				<timestamp>155.784787</timestamp>
			</report>
			<report>
				<misses>679001</misses>
				<total>7</total>
				<timestamp>156.014469</timestamp>
			</report>
			<report>
				<misses>680001</misses>
				<total>8</total>
				<timestamp>156.244238</timestamp>
			</report>
			<report>
				<misses>681001</misses>
				<total>8</total>
				<timestamp>156.474002</timestamp>
			</report>
			<report>
				<misses>682001</misses>
				<total>8</total>
				<timestamp>156.703795</timestamp>
			</report>
			<report>
				<misses>683001</misses>
				<total>8</total>
				<timestamp>156.933541</timestamp>
			</report>
			<report>
				<misses>684001</misses>
				<total>9</total>
				<timestamp>157.163339</timestamp>
			</report>
			<report>
				<misses>685001</misses>
				<total>9</total>
				<timestamp>157.393069</timestamp>
			</report>
			<report>
				<misses>686001</misses>
				<total>9</total>
				<timestamp>157.622896</timestamp>
			</report>
			<report>
				<misses>687001</misses>
				<total>9</total>
				<timestamp>157.852650</timestamp>
			</report>
			<report>
				<misses>688001</misses>
				<total>9</total>
				<timestamp>158.082403</timestamp>
			</report>
			<report>
				<misses>689001</misses>
				<total>8</total>
				<timestamp>158.312215</timestamp>
			</report>
			<report>
				<misses>690001</misses>
				<total>9</total>
				<timestamp>158.541936</timestamp>
			</report>
			<report>
				<misses>691001</misses>
				<total>9</total>
				<timestamp>158.771733</timestamp>
			</report>
			<report>
				<misses>692001</misses>
				<total>9</total>
				<timestamp>159.001472</timestamp>
			</report>
			<report>
				<misses>693001</misses>
				<total>9</total>
				<timestamp>159.231241</timestamp>
			</report>
			<report>
				<misses>694001</misses>
				<total>9</total>
				<timestamp>159.461007</timestamp>
			</report>
			<report>
				<misses>695001</misses>
				<total>9</total>
				<timestamp>159.690797</timestamp>
			</report>
			<report>
				<misses>696001</misses>
				<total>9</total>
				<timestamp>159.920617</timestamp>
			</report>
			<report>
				<misses>697001</misses>
				<total>9</total>
				<timestamp>160.150330</timestamp>
			</report>
			<report>
				<misses>698001</misses>
				<total>9</total>
				<timestamp>160.380167</timestamp>
			</report>
			<report>
				<misses>699001</misses>
				<total>9</total>
				<timestamp>160.609888</timestamp>
			</report>
			<report>
				<misses>700001</misses>
				<total>9</total>
				<timestamp>160.839752</timestamp>
			</report>
			<report>
				<misses>701001</misses>
				<total>9</total>
				<timestamp>161.069402</timestamp>
			</report>
			<report>
				<misses>702001</misses>
				<total>9</total>
				<timestamp>161.299182</timestamp>
			</report>
			<report>
				<misses>703001</misses>
				<total>9</total>
				<timestamp>161.528952</timestamp>
			</report>
			<report>
				<misses>704001</misses>
				<total>9</total>
				<timestamp>161.758778</timestamp>
			</report>
			<report>
				<misses>705001</misses>
				<total>9</total>
				<timestamp>161.988495</timestamp>
			</report>
			<report>
				<misses>706001</misses>
				<total>9</total>
				<timestamp>162.218249</timestamp>
			</report>
			<report>
				<misses>707001</misses>
				<total>9</total>
				<timestamp>162.448024</timestamp>
			</report>
			<report>
				<misses>708001</misses>
				<total>8</total>
				<timestamp>162.677810</timestamp>
			</report>
			<report>
				<misses>709001</misses>
				<total>9</total>
				<timestamp>162.907617</timestamp>
			</report>
			<report>
				<misses>710001</misses>
				<total>9</total>
				<timestamp>163.137332</timestamp>
			</report>
			<report>
				<misses>711001</misses>
				<total>9</total>
				<timestamp>163.367106</timestamp>
			</report>
			<report>
				<misses>712001</misses>
				<total>9</total>
				<timestamp>163.596886</timestamp>
			</report>
			<report>
				<misses>713001</misses>
				<total>9</total>
				<timestamp>163.826720</timestamp>
			</report>
			<report>
				<misses>714001</misses>
				<total>9</total>
				<timestamp>164.056421</timestamp>
			</report>
			<report>
				<misses>715001</misses>
				<total>9</total>
				<timestamp>164.286180</timestamp>
			</report>
			<report>
				<misses>716001</misses>
				<total>8</total>
				<timestamp>164.515996</timestamp>
			</report>
			<report>
				<misses>717001</misses>
				<total>9</total>
				<timestamp>164.745725</timestamp>
			</report>
			<report>
				<misses>718001</misses>
				<total>9</total>
				<timestamp>164.975480</timestamp>
			</report>
			<report>
				<misses>719001</misses>
				<total>8</total>
				<timestamp>165.205326</timestamp>
			</report>
			<report>
				<misses>720001</misses>
				<total>9</total>
				<timestamp>165.435073</timestamp>
			</report>
			<report>
				<misses>721001</misses>
				<total>9</total>
				<timestamp>165.664817</timestamp>
			</report>
			<report>
				<misses>722001</misses>
				<total>9</total>
				<timestamp>165.894628</timestamp>
			</report>
			<report>
				<misses>723001</misses>
				<total>9</total>
				<timestamp>166.124331</timestamp>
			</report>
			<report>
				<misses>724001</misses>
				<total>9</total>
				<timestamp>166.354108</timestamp>
			</report>
			<report>
				<misses>725001</misses>
				<total>9</total>
				<timestamp>166.583882</timestamp>
			</report>
			<report>
				<misses>726001</misses>
				<total>9</total>
				<timestamp>166.813768</timestamp>
			</report>
			<report>
				<misses>727001</misses>
				<total>9</total>
				<timestamp>167.043429</timestamp>
			</report>
			<report>
				<misses>728001</misses>
				<total>9</total>
				<timestamp>167.273245</timestamp>
			</report>
			<report>
				<misses>729001</misses>
				<total>9</total>
				<timestamp>167.502969</timestamp>
			</report>
			<report>
				<misses>730001</misses>
				<total>9</total>
				<timestamp>167.732753</timestamp>
			</report>
			<report>
				<misses>731001</misses>
				<total>9</total>
				<timestamp>167.962519</timestamp>
			</report>
			<report>
				<misses>732001</misses>
				<total>9</total>
				<timestamp>168.192297</timestamp>
			</report>
			<report>
				<misses>733001</misses>
				<total>9</total>
				<timestamp>168.422140</timestamp>
			</report>
			<report>
				<misses>734001</misses>
				<total>9</total>
				<timestamp>168.651808</timestamp>
			</report>
			<report>
				<misses>735001</misses>
				<total>9</total>
				<timestamp>168.881625</timestamp>
			</report>
			<report>
				<misses>736001</misses>
				<total>9</total>
				<timestamp>169.111380</timestamp>
			</report>
			<report>
				<misses>737001</misses>
				<total>9</total>
				<timestamp>169.341119</timestamp>
			</report>
			<report>
				<misses>738001</misses>
				<total>9</total>
				<timestamp>169.570897</timestamp>
			</report>
			<report>
				<misses>739001</misses>
				<total>9</total>
				<timestamp>169.800679</timestamp>
			</report>
			<report>
				<misses>740001</misses>
				<total>9</total>
				<timestamp>170.030456</timestamp>
			</report>
			<report>
				<misses>741001</misses>
				<total>9</total>
				<timestamp>170.260196</timestamp>
			</report>
			<report>
				<misses>742001</misses>
				<total>9</total>
				<timestamp>170.490063</timestamp>
			</report>
			<report>
				<misses>743001</misses>
				<total>9</total>
				<timestamp>170.719774</timestamp>
			</report>
			<report>
				<misses>744001</misses>
				<total>9</total>
				<timestamp>170.949540</timestamp>
			</report>
			<report>
				<misses>745001</misses>
				<total>9</total>
				<timestamp>171.179294</timestamp>
			</report>
			<report>
				<misses>746001</misses>
				<total>9</total>
				<timestamp>171.409053</timestamp>
			</report>
			<report>
				<misses>747001</misses>
				<total>9</total>
				<timestamp>171.638820</timestamp>
			</report>
			<report>
				<misses>748001</misses>
				<total>9</total>
				<timestamp>171.868711</timestamp>
			</report>
			<report>
				<misses>749001</misses>
				<total>9</total>
				<timestamp>172.098356</timestamp>
			</report>
			<report>
				<misses>750001</misses>
				<total>9</total>
				<timestamp>172.328130</timestamp>
			</report>
			<report>
				<misses>751001</misses>
				<total>9</total>
				<timestamp>172.557923</timestamp>
			</report>
			<report>
				<misses>752001</misses>
				<total>9</total>
				<timestamp>172.787746</timestamp>
			</report>
			<report>
				<misses>753001</misses>
				<total>9</total>
				<timestamp>173.017435</timestamp>
			</report>
			<report>
				<misses>754001</misses>
				<total>9</total>
				<timestamp>173.247210</timestamp>
			</report>
			<report>
				<misses>755001</misses>
				<total>9</total>
				<timestamp>173.476967</timestamp>
			</report>
			<report>
				<misses>756001</misses>
				<total>9</total>
				<timestamp>173.706752</timestamp>
			</report>
			<report>
				<misses>757001</misses>
				<total>9</total>
				<timestamp>173.936599</timestamp>
			</report>
			<report>
				<misses>758001</misses>
				<total>9</total>
				<timestamp>174.166321</timestamp>
			</report>
			<report>
				<misses>759001</misses>
				<total>9</total>
				<timestamp>174.396083</timestamp>
			</report>
			<report>
				<misses>760001</misses>
				<total>9</total>
				<timestamp>174.625872</timestamp>
			</report>
			<report>
				<misses>761001</misses>
				<total>9</total>
				<timestamp>174.855636</timestamp>
			</report>
			<report>
				<misses>762001</misses>
				<total>9</total>
				<timestamp>175.085356</timestamp>
			</report>
			<report>
				<misses>763001</misses>
				<total>9</total>
				<timestamp>175.315120</timestamp>
			</report>
			<report>
				<misses>764001</misses>
				<total>9</total>
				<timestamp>175.544925</timestamp>
			</report>
			<report>
				<misses>765001</misses>
				<total>9</total>
				<timestamp>175.774761</timestamp>
			</report>
			<report>
				<misses>766001</misses>
				<total>9</total>
				<timestamp>176.004466</timestamp>
			</report>
			<report>
				<misses>767001</misses>
				<total>9</total>
				<timestamp>176.234205</timestamp>
			</report>
			<report>
				<misses>768001</misses>
				<total>8</total>
				<timestamp>176.463996</timestamp>
			</report>
			<report>
				<misses>769001</misses>
				<total>9</total>
				<timestamp>176.693766</timestamp>
			</report>
			<report>
				<misses>770001</misses>
				<total>9</total>
				<timestamp>176.923563</timestamp>
			</report>
			<report>
				<misses>771001</misses>
				<total>9</total>
				<timestamp>177.153336</timestamp>
			</report>
			<report>
				<misses>772001</misses>
				<total>9</total>
				<timestamp>177.383074</timestamp>
			</report>
			<report>
				<misses>773001</misses>
				<total>9</total>
				<timestamp>177.612841</timestamp>
			</report>
			<report>
				<misses>774001</misses>
				<total>9</total>
				<timestamp>177.842639</timestamp>
			</report>
			<report>
				<misses>775001</misses>
				<total>9</total>
				<timestamp>178.072378</timestamp>
			</report>
			<report>
				<misses>776001</misses>
				<total>9</total>
				<timestamp>178.302142</timestamp>
			</report>
			<report>
				<misses>777001</misses>
				<total>9</total>
				<timestamp>178.531945</timestamp>
			</report>
			<report>
				<misses>778001</misses>
				<total>9</total>
				<timestamp>178.761735</timestamp>
			</report>
			<report>
				<misses>779001</misses>
				<total>9</total>
				<timestamp>178.991459</timestamp>
			</report>
			<report>
				<misses>780001</misses>
				<total>9</total>
				<timestamp>179.221223</timestamp>
			</report>
			<report>
				<misses>781001</misses>
				<total>9</total>
				<timestamp>179.450993</timestamp>
			</report>
			<report>
				<misses>782001</misses>
				<total>9</total>
				<timestamp>179.680779</timestamp>
			</report>
			<report>
				<misses>783001</misses>
				<total>9</total>
				<timestamp>179.910560</timestamp>
			</report>
			<report>
				<misses>784001</misses>
				<total>9</total>
				<timestamp>180.140299</timestamp>
			</report>
			<report>
				<misses>785001</misses>
				<total>9</total>
				<timestamp>180.370093</timestamp>
			</report>
			<report>
				<misses>786001</misses>
				<total>9</total>
				<timestamp>180.599858</timestamp>
			</report>
			<report>
				<misses>787001</misses>
				<total>9</total>
				<timestamp>180.829694</timestamp>
			</report>
			<report>
				<misses>788001</misses>
				<total>9</total>
				<timestamp>181.059400</timestamp>
			</report>
			<report>
				<misses>789001</misses>
				<total>9</total>
				<timestamp>181.289163</timestamp>
			</report>
			<report>
				<misses>790001</misses>
				<total>9</total>
				<timestamp>181.518922</timestamp>
			</report>
			<report>
				<misses>791001</misses>
				<total>9</total>
				<timestamp>181.748721</timestamp>
			</report>
			<report>
				<misses>792001</misses>
				<total>9</total>
				<timestamp>181.978467</timestamp>
			</report>
			<report>
				<misses>793001</misses>
				<total>9</total>
				<timestamp>182.208253</timestamp>
			</report>
			<report>
				<misses>794001</misses>
				<total>9</total>
				<timestamp>182.438025</timestamp>
			</report>
			<report>
				<misses>795001</misses>
				<total>9</total>
				<timestamp>182.667768</timestamp>
			</report>
			<report>
				<misses>796001</misses>
				<total>9</total>
				<timestamp>182.897619</timestamp>
			</report>
			<report>
				<misses>797001</misses>
				<total>9</total>
				<timestamp>183.127341</timestamp>
			</report>
			<report>
				<misses>798001</misses>
				<total>9</total>
				<timestamp>183.357156</timestamp>
			</report>
			<report>
				<misses>799001</misses>
				<total>9</total>
				<timestamp>183.586867</timestamp>
			</report>
			<report>
				<misses>800001</misses>
				<total>9</total>
				<timestamp>183.816712</timestamp>
			</report>
			<report>
				<misses>801001</misses>
				<total>8</total>
				<timestamp>184.046406</timestamp>
			</report>
			<report>
				<misses>802001</misses>
				<total>9</total>
				<timestamp>184.276162</timestamp>
			</report>
			<report>
				<misses>803001</misses>
				<total>9</total>
				<timestamp>184.505968</timestamp>
			</report>
			<report>
				<misses>804001</misses>
				<total>9</total>
				<timestamp>184.735760</timestamp>
			</report>
			<report>
				<misses>805001</misses>
				<total>9</total>
				<timestamp>184.965588</timestamp>
			</report>
			<report>
				<misses>806001</misses>
				<total>9</total>
				<timestamp>185.195250</timestamp>
			</report>
			<report>
				<misses>807001</misses>
				<total>9</total>
				<timestamp>185.425013</timestamp>
			</report>
			<report>
				<misses>808001</misses>
				<total>9</total>
				<timestamp>185.654804</timestamp>
			</report>
			<report>
				<misses>809001</misses>
				<total>9</total>
				<timestamp>185.884673</timestamp>
			</report>
			<report>
				<misses>810001</misses>
				<total>9</total>
				<timestamp>186.114347</timestamp>
			</report>
			<report>
				<misses>811001</misses>
				<total>9</total>
				<timestamp>186.344120</timestamp>
			</report>
			<report>
				<misses>812001</misses>
				<total>9</total>
				<timestamp>186.573879</timestamp>
			</report>
			<report>
				<misses>813001</misses>
				<total>9</total>
				<timestamp>186.803707</timestamp>
			</report>
			<report>
				<misses>814001</misses>
				<total>9</total>
				<timestamp>187.033487</timestamp>
			</report>
			<report>
				<misses>815001</misses>
				<total>9</total>
				<timestamp>187.263171</timestamp>
			</report>
			<report>
				<misses>816001</misses>
				<total>9</total>
				<timestamp>187.492963</timestamp>
			</report>
			<report>
				<misses>817001</misses>
				<total>9</total>
				<timestamp>187.722730</timestamp>
			</report>
			<report>
				<misses>818001</misses>
				<total>9</total>
				<timestamp>187.952614</timestamp>
			</report>
			<report>
				<misses>819001</misses>
				<total>9</total>
				<timestamp>188.182281</timestamp>
			</report>
			<report>
				<misses>820001</misses>
				<total>9</total>
				<timestamp>188.412023</timestamp>
			</report>
			<report>
				<misses>821001</misses>
				<total>9</total>
				<timestamp>188.641793</timestamp>
			</report>
			<report>
				<misses>822001</misses>
				<total>10</total>
				<timestamp>188.871582</timestamp>
			</report>
			<report>
				<misses>823001</misses>
				<total>10</total>
				<timestamp>189.101340</timestamp>
			</report>
			<report>
				<misses>824001</misses>
				<total>10</total>
				<timestamp>189.331112</timestamp>
			</report>
			<report>
				<misses>825001</misses>
				<total>10</total>
				<timestamp>189.560893</timestamp>
			</report>
			<report>
				<misses>826001</misses>
				<total>10</total>
				<timestamp>189.790663</timestamp>
			</report>
			<report>
				<misses>827001</misses>
				<total>10</total>
				<timestamp>190.020482</timestamp>
			</report>
			<report>
				<misses>828001</misses>
				<total>9</total>
				<timestamp>190.250308</timestamp>
			</report>
			<report>
				<misses>829001</misses>
				<total>10</total>
				<timestamp>190.479962</timestamp>
			</report>
			<report>
				<misses>830001</misses>
				<total>10</total>
				<timestamp>190.709752</timestamp>
			</report>
			<report>
				<misses>831001</misses>
				<total>10</total>
				<timestamp>190.939562</timestamp>
			</report>
			<report>
				<misses>832001</misses>
				<total>10</total>
				<timestamp>191.169268</timestamp>
			</report>
			<report>
				<misses>833001</misses>
				<total>10</total>
				<timestamp>191.399096</timestamp>
			</report>
			<report>
				<misses>834001</misses>
				<total>10</total>
				<timestamp>191.628810</timestamp>
			</report>
			<report>
				<misses>835001</misses>
				<total>10</total>
				<timestamp>191.858628</timestamp>
			</report>
			<report>
				<misses>836001</misses>
				<total>10</total>
				<timestamp>192.088353</timestamp>
			</report>
			<report>
				<misses>837001</misses>
				<total>10</total>
				<timestamp>192.318122</timestamp>
			</report>
			<report>
				<misses>838001</misses>
				<total>10</total>
				<timestamp>192.547905</timestamp>
			</report>
			<report>
				<misses>839001</misses>
				<total>10</total>
				<timestamp>192.777660</timestamp>
			</report>
			<report>
				<misses>840001</misses>
				<total>10</total>
				<timestamp>193.007485</timestamp>
			</report>
			<report>
				<misses>841001</misses>
				<total>9</total>
				<timestamp>193.237214</timestamp>
			</report>
			<report>
				<misses>842001</misses>
				<total>10</total>
				<timestamp>193.466967</timestamp>
			</report>
			<report>
				<misses>843001</misses>
				<total>10</total>
				<timestamp>193.696744</timestamp>
			</report>
			<report>
				<misses>844001</misses>
				<total>10</total>
				<timestamp>193.926523</timestamp>
			</report>
			<report>
				<misses>845001</misses>
				<total>10</total>
				<timestamp>194.156270</timestamp>
			</report>
			<report>
				<misses>846001</misses>
				<total>10</total>
				<timestamp>194.386052</timestamp>
			</report>
			<report>
				<misses>847001</misses>
				<total>10</total>
				<timestamp>194.615823</timestamp>
			</report>
			<report>
				<misses>848001</misses>
				<total>10</total>
				<timestamp>194.845660</timestamp>
			</report>
			<report>
				<misses>849001</misses>
				<total>10</total>
				<timestamp>195.075366</timestamp>
			</report>
			<report>
				<misses>850001</misses>
				<total>10</total>
				<timestamp>195.305131</timestamp>
			</report>
			<report>
				<misses>851001</misses>
				<total>10</total>
				<timestamp>195.534920</timestamp>
			</report>
			<report>
				<misses>852001</misses>
				<total>10</total>
				<timestamp>195.764680</timestamp>
			</report>
			<report>
				<misses>853001</misses>
				<total>10</total>
				<timestamp>195.994580</timestamp>
			</report>
			<report>
				<misses>854001</misses>
				<total>10</total>
				<timestamp>196.224214</timestamp>
			</report>
			<report>
				<misses>855001</misses>
				<total>10</total>
				<timestamp>196.454027</timestamp>
			</report>
			<report>
				<misses>856001</misses>
				<total>10</total>
				<timestamp>196.683766</timestamp>
			</report>
			<report>
				<misses>857001</misses>
				<total>10</total>
				<timestamp>196.913565</timestamp>
			</report>
			<report>
				<misses>858001</misses>
				<total>10</total>
				<timestamp>197.143294</timestamp>
			</report>
			<report>
				<misses>859001</misses>
				<total>10</total>
				<timestamp>197.373073</timestamp>
			</report>
			<report>
				<misses>860001</misses>
				<total>10</total>
				<timestamp>197.602826</timestamp>
			</report>
			<report>
				<misses>861001</misses>
				<total>10</total>
				<timestamp>197.832664</timestamp>
			</report>
			<report>
				<misses>862001</misses>
				<total>10</total>
				<timestamp>198.062391</timestamp>
			</report>
			<report>
				<misses>863001</misses>
				<total>10</total>
				<timestamp>198.292154</timestamp>
			</report>
			<report>
				<misses>864001</misses>
				<total>10</total>
				<timestamp>198.521911</timestamp>
			</report>
			<report>
				<misses>865001</misses>
				<total>9</total>
				<timestamp>198.751681</timestamp>
			</report>
			<report>
				<misses>866001</misses>
				<total>10</total>
				<timestamp>198.981524</timestamp>
			</report>
			<report>
				<misses>867001</misses>
				<total>10</total>
				<timestamp>199.211262</timestamp>
			</report>
			<report>
				<misses>868001</misses>
				<total>10</total>
				<timestamp>199.440982</timestamp>
			</report>
			<report>
				<misses>869001</misses>
				<total>10</total>
				<timestamp>199.670756</timestamp>
			</report>
			<report>
				<misses>870001</misses>
				<total>10</total>
				<timestamp>199.900639</timestamp>
			</report>
			<report>
				<misses>871001</misses>
				<total>10</total>
				<timestamp>200.130302</timestamp>
			</report>
			<report>
				<misses>872001</misses>
				<total>10</total>
				<timestamp>200.360058</timestamp>
			</report>
			<report>
				<misses>873001</misses>
				<total>10</total>
				<timestamp>200.589830</timestamp>
			</report>
			<report>
				<misses>874001</misses>
				<total>10</total>
				<timestamp>200.819616</timestamp>
			</report>
			<report>
				<misses>875001</misses>
				<total>10</total>
				<timestamp>201.049408</timestamp>
			</report>
			<report>
				<misses>876001</misses>
				<total>10</total>
				<timestamp>201.279156</timestamp>
			</report>
			<report>
				<misses>877001</misses>
				<total>10</total>
				<timestamp>201.508923</timestamp>
			</report>
			<report>
				<misses>878001</misses>
				<total>10</total>
				<timestamp>201.738686</timestamp>
			</report>
			<report>
				<misses>879001</misses>
				<total>10</total>
				<timestamp>201.968599</timestamp>
			</report>
			<report>
				<misses>880001</misses>
				<total>9</total>
				<timestamp>202.198233</timestamp>
			</report>
			<report>
				<misses>881001</misses>
				<total>10</total>
				<timestamp>202.427990</timestamp>
			</report>
			<report>
				<misses>882001</misses>
				<total>10</total>
				<timestamp>202.657788</timestamp>
			</report>
			<report>
				<misses>883001</misses>
				<total>10</total>
				<timestamp>202.887568</timestamp>
			</report>
			<report>
				<misses>884001</misses>
				<total>10</total>
				<timestamp>203.117326</timestamp>
			</report>
			<report>
				<misses>885001</misses>
				<total>9</total>
				<timestamp>203.347117</timestamp>
			</report>
			<report>
				<misses>886001</misses>
				<total>10</total>
				<timestamp>203.576840</timestamp>
			</report>
			<report>
				<misses>887001</misses>
				<total>10</total>
				<timestamp>203.806625</timestamp>
			</report>
			<report>
				<misses>888001</misses>
				<total>10</total>
				<timestamp>204.036430</timestamp>
			</report>
			<report>
				<misses>889001</misses>
				<total>10</total>
				<timestamp>204.266161</timestamp>
			</report>
			<report>
				<misses>890001</misses>
				<total>10</total>
				<timestamp>204.495975</timestamp>
			</report>
			<report>
				<misses>891001</misses>
				<total>10</total>
				<timestamp>204.725702</timestamp>
			</report>
			<report>
				<misses>892001</misses>
				<total>10</total>
				<timestamp>204.955559</timestamp>
			</report>
			<report>
				<misses>893001</misses>
				<total>10</total>
				<timestamp>205.185268</timestamp>
			</report>
			<report>
				<misses>894001</misses>
				<total>10</total>
				<timestamp>205.415010</timestamp>
			</report>
			<report>
				<misses>895001</misses>
				<total>10</total>
				<timestamp>205.644767</timestamp>
			</report>
			<report>
				<misses>896001</misses>
				<total>10</total>
				<timestamp>205.874642</timestamp>
			</report>
			<report>
				<misses>897001</misses>
				<total>10</total>
				<timestamp>206.104314</timestamp>
			</report>
			<report>
				<misses>898001</misses>
				<total>9</total>
				<timestamp>206.334123</timestamp>
			</report>
			<report>
				<misses>899001</misses>
				<total>9</total>
				<timestamp>206.563867</timestamp>
			</report>
			<report>
				<misses>900001</misses>
				<total>10</total>
				<timestamp>206.793677</timestamp>
			</report>
			<report>
				<misses>901001</misses>
				<total>10</total>
				<timestamp>207.023514</timestamp>
			</report>
			<report>
				<misses>902001</misses>
				<total>10</total>
				<timestamp>207.253180</timestamp>
			</report>
			<report>
				<misses>903001</misses>
				<total>10</total>
				<timestamp>207.482971</timestamp>
			</report>
			<report>
				<misses>904001</misses>
				<total>10</total>
				<timestamp>207.712702</timestamp>
			</report>
			<report>
				<misses>905001</misses>
				<total>10</total>
				<timestamp>207.942554</timestamp>
			</report>
			<report>
				<misses>906001</misses>
				<total>10</total>
				<timestamp>208.172252</timestamp>
			</report>
			<report>
				<misses>907001</misses>
				<total>10</total>
				<timestamp>208.402023</timestamp>
			</report>
			<report>
				<misses>908001</misses>
				<total>10</total>
				<timestamp>208.631794</timestamp>
			</report>
			<report>
				<misses>909001</misses>
				<total>10</total>
				<timestamp>208.861570</timestamp>
			</report>
			<report>
				<misses>910001</misses>
				<total>10</total>
				<timestamp>209.091459</timestamp>
			</report>
			<report>
				<misses>911001</misses>
				<total>10</total>
				<timestamp>209.321226</timestamp>
			</report>
			<report>
				<misses>912001</misses>
				<total>10</total>
				<timestamp>209.550885</timestamp>
			</report>
			<report>
				<misses>913001</misses>
				<total>10</total>
				<timestamp>209.780667</timestamp>
			</report>
			<report>
				<misses>914001</misses>
				<total>10</total>
				<timestamp>210.010474</timestamp>
			</report>
			<report>
				<misses>915001</misses>
				<total>10</total>
				<timestamp>210.240185</timestamp>
			</report>
			<report>
				<misses>916001</misses>
				<total>10</total>
				<timestamp>210.469975</timestamp>
			</report>
			<report>
				<misses>917001</misses>
				<total>10</total>
				<timestamp>210.699784</timestamp>
			</report>
			<report>
				<misses>918001</misses>
				<total>10</total>
				<timestamp>210.929616</timestamp>
			</report>
			<report>
				<misses>919001</misses>
				<total>10</total>
				<timestamp>211.159305</timestamp>
			</report>
			<report>
				<misses>920001</misses>
				<total>10</total>
				<timestamp>211.389039</timestamp>
			</report>
			<report>
				<misses>921001</misses>
				<total>10</total>
				<timestamp>211.618798</timestamp>
			</report>
			<report>
				<misses>922001</misses>
				<total>10</total>
				<timestamp>211.848568</timestamp>
			</report>
			<report>
				<misses>923001</misses>
				<total>10</total>
				<timestamp>212.078445</timestamp>
			</report>
			<report>
				<misses>924001</misses>
				<total>10</total>
				<timestamp>212.308110</timestamp>
			</report>
			<report>
				<misses>925001</misses>
				<total>10</total>
				<timestamp>212.537907</timestamp>
			</report>
			<report>
				<misses>926001</misses>
				<total>10</total>
				<timestamp>212.767668</timestamp>
			</report>
			<report>
				<misses>927001</misses>
				<total>10</total>
				<timestamp>212.997452</timestamp>
			</report>
			<report>
				<misses>928001</misses>
				<total>10</total>
				<timestamp>213.227259</timestamp>
			</report>
			<report>
				<misses>929001</misses>
				<total>10</total>
				<timestamp>213.457092</timestamp>
			</report>
			<report>
				<misses>930001</misses>
				<total>10</total>
				<timestamp>213.686736</timestamp>
			</report>
			<report>
				<misses>931001</misses>
				<total>10</total>
				<timestamp>213.916578</timestamp>
			</report>
			<report>
				<misses>932001</misses>
				<total>10</total>
				<timestamp>214.146277</timestamp>
			</report>
			<report>
				<misses>933001</misses>
				<total>10</total>
				<timestamp>214.376114</timestamp>
			</report>
			<report>
				<misses>934001</misses>
				<total>9</total>
				<timestamp>214.605898</timestamp>
			</report>
			<report>
				<misses>935001</misses>
				<total>10</total>
				<timestamp>214.835623</timestamp>
			</report>
			<report>
				<misses>936001</misses>
				<total>10</total>
				<timestamp>215.065478</timestamp>
			</report>
			<report>
				<misses>937001</misses>
				<total>10</total>
				<timestamp>215.295155</timestamp>
			</report>
			<report>
				<misses>938001</misses>
				<total>10</total>
				<timestamp>215.524910</timestamp>
			</report>
			<report>
				<misses>939001</misses>
				<total>10</total>
				<timestamp>215.754654</timestamp>
			</report>
			<report>
				<misses>940001</misses>
				<total>10</total>
				<timestamp>215.984506</timestamp>
			</report>
			<report>
				<misses>941001</misses>
				<total>10</total>
				<timestamp>216.214206</timestamp>
			</report>
			<report>
				<misses>942001</misses>
				<total>10</total>
				<timestamp>216.444026</timestamp>
			</report>
			<report>
				<misses>943001</misses>
				<total>10</total>
				<timestamp>216.673755</timestamp>
			</report>
			<report>
				<misses>944001</misses>
				<total>10</total>
				<timestamp>216.903566</timestamp>
			</report>
			<report>
				<misses>945001</misses>
				<total>10</total>
				<timestamp>217.133313</timestamp>
			</report>
			<report>
				<misses>946001</misses>
				<total>10</total>
				<timestamp>217.363129</timestamp>
			</report>
			<report>
				<misses>947001</misses>
				<total>10</total>
				<timestamp>217.592813</timestamp>
			</report>
			<report>
				<misses>948001</misses>
				<total>10</total>
				<timestamp>217.822595</timestamp>
			</report>
			<report>
				<misses>949001</misses>
				<total>10</total>
				<timestamp>218.052399</timestamp>
			</report>
			<report>
				<misses>950001</misses>
				<total>10</total>
				<timestamp>218.282148</timestamp>
			</report>
			<report>
				<misses>951001</misses>
				<total>9</total>
				<timestamp>218.511993</timestamp>
			</report>
			<report>
				<misses>952001</misses>
				<total>10</total>
				<timestamp>218.741727</timestamp>
			</report>
			<report>
				<misses>953001</misses>
				<total>10</total>
				<timestamp>218.971481</timestamp>
			</report>
			<report>
				<misses>954001</misses>
				<total>10</total>
				<timestamp>219.201207</timestamp>
			</report>
			<report>
				<misses>955001</misses>
				<total>10</total>
				<timestamp>219.430970</timestamp>
			</report>
			<report>
				<misses>956001</misses>
				<total>10</total>
				<timestamp>219.660744</timestamp>
			</report>
			<report>
				<misses>957001</misses>
				<total>10</total>
				<timestamp>219.890558</timestamp>
			</report>
			<report>
				<misses>958001</misses>
				<total>10</total>
				<timestamp>220.120301</timestamp>
			</report>
			<report>
				<misses>959001</misses>
				<total>10</total>
				<timestamp>220.350057</timestamp>
			</report>
			<report>
				<misses>960001</misses>
				<total>10</total>
				<timestamp>220.579835</timestamp>
			</report>
			<report>
				<misses>961001</misses>
				<total>10</total>
				<timestamp>220.809653</timestamp>
			</report>
			<report>
				<misses>962001</misses>
				<total>10</total>
				<timestamp>221.039444</timestamp>
			</report>
			<report>
				<misses>963001</misses>
				<total>10</total>
				<timestamp>221.269148</timestamp>
			</report>
			<report>
				<misses>964001</misses>
				<total>10</total>
				<timestamp>221.498964</timestamp>
			</report>
			<report>
				<misses>965001</misses>
				<total>10</total>
				<timestamp>221.728680</timestamp>
			</report>
			<report>
				<misses>966001</misses>
				<total>10</total>
				<timestamp>221.958450</timestamp>
			</report>
			<report>
				<misses>967001</misses>
				<total>10</total>
				<timestamp>222.188222</timestamp>
			</report>
			<report>
				<misses>968001</misses>
				<total>10</total>
				<timestamp>222.418016</timestamp>
			</report>
			<report>
				<misses>969001</misses>
				<total>10</total>
				<timestamp>222.647774</timestamp>
			</report>
			<report>
				<misses>970001</misses>
				<total>10</total>
				<timestamp>222.877809</timestamp>
			</report>
			<report>
				<misses>971001</misses>
				<total>9</total>
				<timestamp>223.107540</timestamp>
			</report>
			<report>
				<misses>972001</misses>
				<total>10</total>
				<timestamp>223.337450</timestamp>
			</report>
			<report>
				<misses>973001</misses>
				<total>10</total>
				<timestamp>223.567052</timestamp>
			</report>
			<report>
				<misses>974001</misses>
				<total>10</total>
				<timestamp>223.796865</timestamp>
			</report>
			<report>
				<misses>975001</misses>
				<total>10</total>
				<timestamp>224.026609</timestamp>
			</report>
			<report>
				<misses>976001</misses>
				<total>10</total>
				<timestamp>224.256425</timestamp>
			</report>
			<report>
				<misses>977001</misses>
				<total>10</total>
				<timestamp>224.486164</timestamp>
			</report>
			<report>
				<misses>978001</misses>
				<total>10</total>
				<timestamp>224.716007</timestamp>
			</report>
			<report>
				<misses>979001</misses>
				<total>10</total>
				<timestamp>224.945688</timestamp>
			</report>
			<report>
				<misses>980001</misses>
				<total>10</total>
				<timestamp>225.175505</timestamp>
			</report>
			<report>
				<misses>981001</misses>
				<total>10</total>
				<timestamp>225.405246</timestamp>
			</report>
			<report>
				<misses>982001</misses>
				<total>10</total>
				<timestamp>225.635033</timestamp>
			</report>
			<report>
				<misses>983001</misses>
				<total>10</total>
				<timestamp>225.864775</timestamp>
			</report>
			<report>
				<misses>984001</misses>
				<total>10</total>
				<timestamp>226.094548</timestamp>
			</report>
			<report>
				<misses>985001</misses>
				<total>10</total>
				<timestamp>226.324363</timestamp>
			</report>
			<report>
				<misses>986001</misses>
				<total>10</total>
				<timestamp>226.554084</timestamp>
			</report>
			<report>
				<misses>987001</misses>
				<total>10</total>
				<timestamp>226.783876</timestamp>
			</report>
			<report>
				<misses>988001</misses>
				<total>10</total>
				<timestamp>227.013622</timestamp>
			</report>
			<report>
				<misses>989001</misses>
				<total>10</total>
				<timestamp>227.243425</timestamp>
			</report>
			<report>
				<misses>990001</misses>
				<total>10</total>
				<timestamp>227.473196</timestamp>
			</report>
			<report>
				<misses>991001</misses>
				<total>10</total>
				<timestamp>227.702942</timestamp>
			</report>
			<report>
				<misses>992001</misses>
				<total>10</total>
				<timestamp>227.932702</timestamp>
			</report>
			<report>
				<misses>993001</misses>
				<total>10</total>
				<timestamp>228.162482</timestamp>
			</report>
			<report>
				<misses>994001</misses>
				<total>10</total>
				<timestamp>228.392349</timestamp>
			</report>
			<report>
				<misses>995001</misses>
				<total>10</total>
				<timestamp>228.622017</timestamp>
			</report>
			<report>
				<misses>996001</misses>
				<total>10</total>
				<timestamp>228.851772</timestamp>
			</report>
			<report>
				<misses>997001</misses>
				<total>10</total>
				<timestamp>229.081569</timestamp>
			</report>
			<report>
				<misses>998001</misses>
				<total>10</total>
				<timestamp>229.311393</timestamp>
			</report>
			<report>
				<misses>999001</misses>
				<total>10</total>
				<timestamp>229.541095</timestamp>
			</report>
			<report>
				<misses>1000001</misses>
				<total>10</total>
				<timestamp>229.770890</timestamp>
			</report>
			<report>
				<misses>1001001</misses>
				<total>10</total>
				<timestamp>230.000627</timestamp>
			</report>
			<report>
				<misses>1002001</misses>
				<total>10</total>
				<timestamp>230.230499</timestamp>
			</report>
			<report>
				<misses>1003001</misses>
				<total>10</total>
				<timestamp>230.460170</timestamp>
			</report>
			<report>
				<misses>1004001</misses>
				<total>10</total>
				<timestamp>230.689943</timestamp>
			</report>
			<report>
				<misses>1005001</misses>
				<total>10</total>
				<timestamp>230.919738</timestamp>
			</report>
			<report>
				<misses>1006001</misses>
				<total>10</total>
				<timestamp>231.149465</timestamp>
			</report>
			<report>
				<misses>1007001</misses>
				<total>10</total>
				<timestamp>231.379282</timestamp>
			</report>
			<report>
				<misses>1008001</misses>
				<total>10</total>
				<timestamp>231.609036</timestamp>
			</report>
			<report>
				<misses>1009001</misses>
				<total>10</total>
				<timestamp>231.838807</timestamp>
			</report>
			<report>
				<misses>1010001</misses>
				<total>10</total>
				<timestamp>232.068555</timestamp>
			</report>
			<report>
				<misses>1011001</misses>
				<total>10</total>
				<timestamp>232.298426</timestamp>
			</report>
			<report>
				<misses>1012001</misses>
				<total>10</total>
				<timestamp>232.528097</timestamp>
			</report>
			<report>
				<misses>1013001</misses>
				<total>10</total>
				<timestamp>232.757917</timestamp>
			</report>
			<report>
				<misses>1014001</misses>
				<total>9</total>
				<timestamp>232.987634</timestamp>
			</report>
			<report>
				<misses>1015001</misses>
				<total>10</total>
				<timestamp>233.217513</timestamp>
			</report>
			<report>
				<misses>1016001</misses>
				<total>10</total>
				<timestamp>233.447195</timestamp>
			</report>
			<report>
				<misses>1017001</misses>
				<total>10</total>
				<timestamp>233.676970</timestamp>
			</report>
			<report>
				<misses>1018001</misses>
				<total>10</total>
				<timestamp>233.906721</timestamp>
			</report>
			<report>
				<misses>1019001</misses>
				<total>10</total>
				<timestamp>234.136548</timestamp>
			</report>
			<report>
				<misses>1020001</misses>
				<total>10</total>
				<timestamp>234.366318</timestamp>
			</report>
			<report>
				<misses>1021001</misses>
				<total>10</total>
				<timestamp>234.596035</timestamp>
			</report>
			<report>
				<misses>1022001</misses>
				<total>10</total>
				<timestamp>234.825801</timestamp>
			</report>
			<report>
				<misses>1023001</misses>
				<total>10</total>
				<timestamp>235.055575</timestamp>
			</report>
			<report>
				<misses>1024001</misses>
				<total>10</total>
				<timestamp>235.285416</timestamp>
			</report>
			<report>
				<misses>1025001</misses>
				<total>10</total>
				<timestamp>235.515097</timestamp>
			</report>
			<report>
				<misses>1026001</misses>
				<total>10</total>
				<timestamp>235.744898</timestamp>
			</report>
			<report>
				<misses>1027001</misses>
				<total>10</total>
				<timestamp>235.974650</timestamp>
			</report>
			<report>
				<misses>1028001</misses>
				<total>10</total>
				<timestamp>236.204428</timestamp>
			</report>
			<report>
				<misses>1029001</misses>
				<total>10</total>
				<timestamp>236.434325</timestamp>
			</report>
			<report>
				<misses>1030001</misses>
				<total>10</total>
				<timestamp>236.663956</timestamp>
			</report>
			<report>
				<misses>1031001</misses>
				<total>10</total>
				<timestamp>236.893759</timestamp>
			</report>
			<report>
				<misses>1032001</misses>
				<total>10</total>
				<timestamp>237.123497</timestamp>
			</report>
			<report>
				<misses>1033001</misses>
				<total>10</total>
				<timestamp>237.353403</timestamp>
			</report>
			<report>
				<misses>1034001</misses>
				<total>9</total>
				<timestamp>237.583123</timestamp>
			</report>
			<report>
				<misses>1035001</misses>
				<total>9</total>
				<timestamp>237.812915</timestamp>
			</report>
			<report>
				<misses>1036001</misses>
				<total>10</total>
				<timestamp>238.042599</timestamp>
			</report>
			<report>
				<misses>1037001</misses>
				<total>10</total>
				<timestamp>238.272381</timestamp>
			</report>
			<report>
				<misses>1038001</misses>
				<total>10</total>
				<timestamp>238.502115</timestamp>
			</report>
			<report>
				<misses>1039001</misses>
				<total>9</total>
				<timestamp>238.731917</timestamp>
			</report>
			<report>
				<misses>1040001</misses>
				<total>10</total>
				<timestamp>238.961651</timestamp>
			</report>
			<report>
				<misses>1041001</misses>
				<total>10</total>
				<timestamp>239.191422</timestamp>
			</report>
			<report>
				<misses>1042001</misses>
				<total>10</total>
				<timestamp>239.421305</timestamp>
			</report>
			<report>
				<misses>1043001</misses>
				<total>10</total>
				<timestamp>239.650961</timestamp>
			</report>
			<report>
				<misses>1044001</misses>
				<total>10</total>
				<timestamp>239.880727</timestamp>
			</report>
			<report>
				<misses>1045001</misses>
				<total>10</total>
				<timestamp>240.110495</timestamp>
			</report>
			<report>
				<misses>1046001</misses>
				<total>10</total>
				<timestamp>240.340357</timestamp>
			</report>
			<report>
				<misses>1047001</misses>
				<total>10</total>
				<timestamp>240.570146</timestamp>
			</report>
			<report>
				<misses>1048001</misses>
				<total>10</total>
				<timestamp>240.799887</timestamp>
			</report>
			<report>
				<misses>1049001</misses>
				<total>10</total>
				<timestamp>241.029641</timestamp>
			</report>
			<report>
				<misses>1050001</misses>
				<total>10</total>
				<timestamp>241.259437</timestamp>
			</report>
			<report>
				<misses>1051001</misses>
				<total>10</total>
				<timestamp>241.489146</timestamp>
			</report>
			<report>
				<misses>1052001</misses>
				<total>10</total>
				<timestamp>241.718913</timestamp>
			</report>
			<report>
				<misses>1053001</misses>
				<total>10</total>
				<timestamp>241.948760</timestamp>
			</report>
			<report>
				<misses>1054001</misses>
				<total>10</total>
				<timestamp>242.178501</timestamp>
			</report>
			<report>
				<misses>1055001</misses>
				<total>10</total>
				<timestamp>242.408218</timestamp>
			</report>
			<report>
				<misses>1056001</misses>
				<total>10</total>
				<timestamp>242.638092</timestamp>
			</report>
			<report>
				<misses>1057001</misses>
				<total>10</total>
				<timestamp>242.867745</timestamp>
			</report>
			<report>
				<misses>1058001</misses>
				<total>10</total>
				<timestamp>243.097525</timestamp>
			</report>
			<report>
				<misses>1059001</misses>
				<total>10</total>
				<timestamp>243.327372</timestamp>
			</report>
			<report>
				<misses>1060001</misses>
				<total>10</total>
				<timestamp>243.557063</timestamp>
			</report>
			<report>
				<misses>1061001</misses>
				<total>10</total>
				<timestamp>243.786837</timestamp>
			</report>
			<report>
				<misses>1062001</misses>
				<total>10</total>
				<timestamp>244.016589</timestamp>
			</report>
			<report>
				<misses>1063001</misses>
				<total>10</total>
				<timestamp>244.246421</timestamp>
			</report>
			<report>
				<misses>1064001</misses>
				<total>10</total>
				<timestamp>244.476166</timestamp>
			</report>
			<report>
				<misses>1065001</misses>
				<total>10</total>
				<timestamp>244.705944</timestamp>
			</report>
			<report>
				<misses>1066001</misses>
				<total>10</total>
				<timestamp>244.935685</timestamp>
			</report>
			<report>
				<misses>1067001</misses>
				<total>10</total>
				<timestamp>245.165449</timestamp>
			</report>
			<report>
				<misses>1068001</misses>
				<total>10</total>
				<timestamp>245.395275</timestamp>
			</report>
			<report>
				<misses>1069001</misses>
				<total>10</total>
				<timestamp>245.624995</timestamp>
			</report>
			<report>
				<misses>1070001</misses>
				<total>10</total>
				<timestamp>245.854757</timestamp>
			</report>
			<report>
				<misses>1071001</misses>
				<total>10</total>
				<timestamp>246.084589</timestamp>
			</report>
			<report>
				<misses>1072001</misses>
				<total>10</total>
				<timestamp>246.314296</timestamp>
			</report>
			<report>
				<misses>1073001</misses>
				<total>10</total>
				<timestamp>246.544094</timestamp>
			</report>
			<report>
				<misses>1074001</misses>
				<total>10</total>
				<timestamp>246.773834</timestamp>
			</report>
			<report>
				<misses>1075001</misses>
				<total>10</total>
				<timestamp>247.003599</timestamp>
			</report>
			<report>
				<misses>1076001</misses>
				<total>10</total>
				<timestamp>247.233372</timestamp>
			</report>
			<report>
				<misses>1077001</misses>
				<total>10</total>
				<timestamp>247.463186</timestamp>
			</report>
			<report>
				<misses>1078001</misses>
				<total>10</total>
				<timestamp>247.692938</timestamp>
			</report>
			<report>
				<misses>1079001</misses>
				<total>9</total>
				<timestamp>247.922737</timestamp>
			</report>
			<report>
				<misses>1080001</misses>
				<total>10</total>
				<timestamp>248.152449</timestamp>
			</report>
			<report>
				<misses>1081001</misses>
				<total>10</total>
				<timestamp>248.382248</timestamp>
			</report>
			<report>
				<misses>1082001</misses>
				<total>10</total>
				<timestamp>248.611998</timestamp>
			</report>
			<report>
				<misses>1083001</misses>
				<total>10</total>
				<timestamp>248.841764</timestamp>
			</report>
			<report>
				<misses>1084001</misses>
				<total>9</total>
				<timestamp>249.071573</timestamp>
			</report>
			<report>
				<misses>1085001</misses>
				<total>10</total>
				<timestamp>249.301326</timestamp>
			</report>
			<report>
				<misses>1086001</misses>
				<total>10</total>
				<timestamp>249.531153</timestamp>
			</report>
			<report>
				<misses>1087001</misses>
				<total>10</total>
				<timestamp>249.760953</timestamp>
			</report>
			<report>
				<misses>1088001</misses>
				<total>10</total>
				<timestamp>249.990611</timestamp>
			</report>
			<report>
				<misses>1089001</misses>
				<total>10</total>
				<timestamp>250.220401</timestamp>
			</report>
			<report>
				<misses>1090001</misses>
				<total>10</total>
				<timestamp>250.450259</timestamp>
			</report>
			<report>
				<misses>1091001</misses>
				<total>10</total>
				<timestamp>250.679929</timestamp>
			</report>
			<report>
				<misses>1092001</misses>
				<total>10</total>
				<timestamp>250.909694</timestamp>
			</report>
			<report>
				<misses>1093001</misses>
				<total>10</total>
				<timestamp>251.139453</timestamp>
			</report>
			<report>
				<misses>1094001</misses>
				<total>10</total>
				<timestamp>251.369343</timestamp>
			</report>
			<report>
				<misses>1095001</misses>
				<total>10</total>
				<timestamp>251.599038</timestamp>
			</report>
			<report>
				<misses>1096001</misses>
				<total>10</total>
				<timestamp>251.828791</timestamp>
			</report>
			<report>
				<misses>1097001</misses>
				<total>10</total>
				<timestamp>252.058537</timestamp>
			</report>
			<report>
				<misses>1098001</misses>
				<total>10</total>
				<timestamp>252.288348</timestamp>
			</report>
			<report>
				<misses>1099001</misses>
				<total>10</total>
				<timestamp>252.518140</timestamp>
			</report>
			<report>
				<misses>1100001</misses>
				<total>9</total>
				<timestamp>252.747913</timestamp>
			</report>
			<report>
				<misses>1101001</misses>
				<total>10</total>
				<timestamp>252.977636</timestamp>
			</report>
			<report>
				<misses>1102001</misses>
				<total>10</total>
				<timestamp>253.207410</timestamp>
			</report>
			<report>
				<misses>1103001</misses>
				<total>10</total>
				<timestamp>253.437214</timestamp>
			</report>
			<report>
				<misses>1104001</misses>
				<total>10</total>
				<timestamp>253.666951</timestamp>
			</report>
			<report>
				<misses>1105001</misses>
				<total>10</total>
				<timestamp>253.896692</timestamp>
			</report>
			<report>
				<misses>1106001</misses>
				<total>10</total>
				<timestamp>254.126466</timestamp>
			</report>
			<report>
				<misses>1107001</misses>
				<total>10</total>
				<timestamp>254.356321</timestamp>
			</report>
			<report>
				<misses>1108001</misses>
				<total>10</total>
				<timestamp>254.586027</timestamp>
			</report>
			<report>
				<misses>1109001</misses>
				<total>10</total>
				<timestamp>254.815782</timestamp>
			</report>
			<report>
				<misses>1110001</misses>
				<total>10</total>
				<timestamp>255.045607</timestamp>
			</report>
			<report>
				<misses>1111001</misses>
				<total>10</total>
				<timestamp>255.275405</timestamp>
			</report>
			<report>
				<misses>1112001</misses>
				<total>10</total>
				<timestamp>255.505117</timestamp>
			</report>
			<report>
				<misses>1113001</misses>
				<total>10</total>
				<timestamp>255.734906</timestamp>
			</report>
			<report>
				<misses>1114001</misses>
				<total>10</total>
				<timestamp>255.964648</timestamp>
			</report>
			<report>
				<misses>1115001</misses>
				<total>10</total>
				<timestamp>256.194407</timestamp>
			</report>
			<report>
				<misses>1116001</misses>
				<total>10</total>
				<timestamp>256.424194</timestamp>
			</report>
			<report>
				<misses>1117001</misses>
				<total>9</total>
				<timestamp>256.653952</timestamp>
			</report>
			<report>
				<misses>1118001</misses>
				<total>10</total>
				<timestamp>256.883717</timestamp>
			</report>
			<report>
				<misses>1119001</misses>
				<total>10</total>
				<timestamp>257.113506</timestamp>
			</report>
			<report>
				<misses>1120001</misses>
				<total>10</total>
				<timestamp>257.343301</timestamp>
			</report>
			<report>
				<misses>1121001</misses>
				<total>9</total>
				<timestamp>257.573080</timestamp>
			</report>
			<report>
				<misses>1122001</misses>
				<total>10</total>
				<timestamp>257.802791</timestamp>
			</report>
			<report>
				<misses>1123001</misses>
				<total>9</total>
				<timestamp>258.032588</timestamp>
			</report>
			<report>
				<misses>1124001</misses>
				<total>10</total>
				<timestamp>258.262330</timestamp>
			</report>
			<report>
				<misses>1125001</misses>
				<total>10</total>
				<timestamp>258.492134</timestamp>
			</report>
			<report>
				<misses>1126001</misses>
				<total>10</total>
				<timestamp>258.721886</timestamp>
			</report>
			<report>
				<misses>1127001</misses>
				<total>9</total>
				<timestamp>258.951661</timestamp>
			</report>
			<report>
				<misses>1128001</misses>
				<total>10</total>
				<timestamp>259.181445</timestamp>
			</report>
			<report>
				<misses>1129001</misses>
				<total>10</total>
				<timestamp>259.411314</timestamp>
			</report>
			<report>
				<misses>1130001</misses>
				<total>10</total>
				<timestamp>259.640997</timestamp>
			</report>
			<report>
				<misses>1131001</misses>
				<total>10</total>
				<timestamp>259.870754</timestamp>
			</report>
			<report>
				<misses>1132001</misses>
				<total>10</total>
				<timestamp>260.100492</timestamp>
			</report>
			<report>
				<misses>1133001</misses>
				<total>10</total>
				<timestamp>260.330314</timestamp>
			</report>
			<report>
				<misses>1134001</misses>
				<total>10</total>
				<timestamp>260.560074</timestamp>
			</report>
			<report>
				<misses>1135001</misses>
				<total>9</total>
				<timestamp>260.789847</timestamp>
			</report>
			<report>
				<misses>1136001</misses>
				<total>10</total>
				<timestamp>261.019578</timestamp>
			</report>
			<report>
				<misses>1137001</misses>
				<total>10</total>
				<timestamp>261.249388</timestamp>
			</report>
			<report>
				<misses>1138001</misses>
				<total>10</total>
				<timestamp>261.479186</timestamp>
			</report>
			<report>
				<misses>1139001</misses>
				<total>10</total>
				<timestamp>261.708944</timestamp>
			</report>
			<report>
				<misses>1140001</misses>
				<total>10</total>
				<timestamp>261.938672</timestamp>
			</report>
			<report>
				<misses>1141001</misses>
				<total>10</total>
				<timestamp>262.168426</timestamp>
			</report>
			<report>
				<misses>1142001</misses>
				<total>10</total>
				<timestamp>262.398276</timestamp>
			</report>
			<report>
				<misses>1143001</misses>
				<total>10</total>
				<timestamp>262.628021</timestamp>
			</report>
			<report>
				<misses>1144001</misses>
				<total>10</total>
				<timestamp>262.857772</timestamp>
			</report>
			<report>
				<misses>1145001</misses>
				<total>10</total>
				<timestamp>263.087504</timestamp>
			</report>
			<report>
				<misses>1146001</misses>
				<total>10</total>
				<timestamp>263.317281</timestamp>
			</report>
			<report>
				<misses>1147001</misses>
				<total>10</total>
				<timestamp>263.547091</timestamp>
			</report>
			<report>
				<misses>1148001</misses>
				<total>10</total>
				<timestamp>263.776835</timestamp>
			</report>
			<report>
				<misses>1149001</misses>
				<total>10</total>
				<timestamp>264.006603</timestamp>
			</report>
			<report>
				<misses>1150001</misses>
				<total>10</total>
				<timestamp>264.236400</timestamp>
			</report>
			<report>
				<misses>1151001</misses>
				<total>10</total>
				<timestamp>264.466148</timestamp>
			</report>
			<report>
				<misses>1152001</misses>
				<total>10</total>
				<timestamp>264.695935</timestamp>
			</report>
			<report>
				<misses>1153001</misses>
				<total>10</total>
				<timestamp>264.925663</timestamp>
			</report>
			<report>
				<misses>1154001</misses>
				<total>10</total>
				<timestamp>265.155441</timestamp>
			</report>
			<report>
				<misses>1155001</misses>
				<total>10</total>
				<timestamp>265.385239</timestamp>
			</report>
			<report>
				<misses>1156001</misses>
				<total>10</total>
				<timestamp>265.614973</timestamp>
			</report>
			<report>
				<misses>1157001</misses>
				<total>10</total>
				<timestamp>265.844764</timestamp>
			</report>
			<report>
				<misses>1158001</misses>
				<total>10</total>
				<timestamp>266.074525</timestamp>
			</report>
			<report>
				<misses>1159001</misses>
				<total>10</total>
				<timestamp>266.304303</timestamp>
			</report>
			<report>
				<misses>1160001</misses>
				<total>11</total>
				<timestamp>266.534152</timestamp>
			</report>
			<report>
				<misses>1161001</misses>
				<total>11</total>
				<timestamp>266.763823</timestamp>
			</report>
			<report>
				<misses>1162001</misses>
				<total>11</total>
				<timestamp>266.993592</timestamp>
			</report>
			<report>
				<misses>1163001</misses>
				<total>11</total>
				<timestamp>267.223393</timestamp>
			</report>
			<report>
				<misses>1164001</misses>
				<total>11</total>
				<timestamp>267.453143</timestamp>
			</report>
			<report>
				<misses>1165001</misses>
				<total>11</total>
				<timestamp>267.683004</timestamp>
			</report>
			<report>
				<misses>1166001</misses>
				<total>11</total>
				<timestamp>267.912680</timestamp>
			</report>
			<report>
				<misses>1167001</misses>
				<total>11</total>
				<timestamp>268.142434</timestamp>
			</report>
			<report>
				<misses>1168001</misses>
				<total>11</total>
				<timestamp>268.372226</timestamp>
			</report>
			<report>
				<misses>1169001</misses>
				<total>11</total>
				<timestamp>268.602022</timestamp>
			</report>
			<report>
				<misses>1170001</misses>
				<total>11</total>
				<timestamp>268.831796</timestamp>
			</report>
			<report>
				<misses>1171001</misses>
				<total>11</total>
				<timestamp>269.061542</timestamp>
			</report>
			<report>
				<misses>1172001</misses>
				<total>11</total>
				<timestamp>269.291355</timestamp>
			</report>
			<report>
				<misses>1173001</misses>
				<total>11</total>
				<timestamp>269.521125</timestamp>
			</report>
			<report>
				<misses>1174001</misses>
				<total>11</total>
				<timestamp>269.750885</timestamp>
			</report>
			<report>
				<misses>1175001</misses>
				<total>11</total>
				<timestamp>269.980614</timestamp>
			</report>
			<report>
				<misses>1176001</misses>
				<total>11</total>
				<timestamp>270.210414</timestamp>
			</report>
			<report>
				<misses>1177001</misses>
				<total>11</total>
				<timestamp>270.440184</timestamp>
			</report>
			<report>
				<misses>1178001</misses>
				<total>11</total>
				<timestamp>270.669938</timestamp>
			</report>
			<report>
				<misses>1179001</misses>
				<total>11</total>
				<timestamp>270.899678</timestamp>
			</report>
			<report>
				<misses>1180001</misses>
				<total>11</total>
				<timestamp>271.129466</timestamp>
			</report>
			<report>
				<misses>1181001</misses>
				<total>11</total>
				<timestamp>271.359276</timestamp>
			</report>
			<report>
				<misses>1182001</misses>
				<total>11</total>
				<timestamp>271.589011</timestamp>
			</report>
			<report>
				<misses>1183001</misses>
				<total>11</total>
				<timestamp>271.818847</timestamp>
			</report>
			<report>
				<misses>1184001</misses>
				<total>11</total>
				<timestamp>272.048543</timestamp>
			</report>
			<report>
				<misses>1185001</misses>
				<total>11</total>
				<timestamp>272.278358</timestamp>
			</report>
			<report>
				<misses>1186001</misses>
				<total>11</total>
				<timestamp>272.508177</timestamp>
			</report>
			<report>
				<misses>1187001</misses>
				<total>11</total>
				<timestamp>272.737844</timestamp>
			</report>
			<report>
				<misses>1188001</misses>
				<total>11</total>
				<timestamp>272.967613</timestamp>
			</report>
			<report>
				<misses>1189001</misses>
				<total>11</total>
				<timestamp>273.197382</timestamp>
			</report>
			<report>
				<misses>1190001</misses>
				<total>11</total>
				<timestamp>273.427159</timestamp>
			</report>
			<report>
				<misses>1191001</misses>
				<total>11</total>
				<timestamp>273.656960</timestamp>
			</report>
			<report>
				<misses>1192001</misses>
				<total>11</total>
				<timestamp>273.886681</timestamp>
			</report>
			<report>
				<misses>1193001</misses>
				<total>11</total>
				<timestamp>274.116473</timestamp>
			</report>
			<report>
				<misses>1194001</misses>
				<total>11</total>
				<timestamp>274.346315</timestamp>
			</report>
			<report>
				<misses>1195001</misses>
				<total>11</total>
				<timestamp>274.576122</timestamp>
			</report>
			<report>
				<misses>1196001</misses>
				<total>11</total>
				<timestamp>274.805797</timestamp>
			</report>
			<report>
				<misses>1197001</misses>
				<total>11</total>
				<timestamp>275.035542</timestamp>
			</report>
			<report>
				<misses>1198001</misses>
				<total>11</total>
				<timestamp>275.265317</timestamp>
			</report>
			<report>
				<misses>1199001</misses>
				<total>11</total>
				<timestamp>275.495181</timestamp>
			</report>
			<report>
				<misses>1200001</misses>
				<total>11</total>
				<timestamp>275.724864</timestamp>
			</report>
			<report>
				<misses>1201001</misses>
				<total>11</total>
				<timestamp>275.954643</timestamp>
			</report>
			<report>
				<misses>1202001</misses>
				<total>11</total>
				<timestamp>276.184438</timestamp>
			</report>
			<report>
				<misses>1203001</misses>
				<total>11</total>
				<timestamp>276.414216</timestamp>
			</report>
			<report>
				<misses>1204001</misses>
				<total>11</total>
				<timestamp>276.643959</timestamp>
			</report>
			<report>
				<misses>1205001</misses>
				<total>10</total>
				<timestamp>276.873738</timestamp>
			</report>
			<report>
				<misses>1206001</misses>
				<total>11</total>
				<timestamp>277.103499</timestamp>
			</report>
			<report>
				<misses>1207001</misses>
				<total>11</total>
				<timestamp>277.333269</timestamp>
			</report>
			<report>
				<misses>1208001</misses>
				<total>11</total>
				<timestamp>277.563099</timestamp>
			</report>
			<report>
				<misses>1209001</misses>
				<total>11</total>
				<timestamp>277.792811</timestamp>
			</report>
			<report>
				<misses>1210001</misses>
				<total>11</total>
				<timestamp>278.022548</timestamp>
			</report>
			<report>
				<misses>1211001</misses>
				<total>11</total>
				<timestamp>278.252441</timestamp>
			</report>
			<report>
				<misses>1212001</misses>
				<total>11</total>
				<timestamp>278.482231</timestamp>
			</report>
			<report>
				<misses>1213001</misses>
				<total>11</total>
				<timestamp>278.711873</timestamp>
			</report>
			<report>
				<misses>1214001</misses>
				<total>11</total>
				<timestamp>278.941674</timestamp>
			</report>
			<report>
				<misses>1215001</misses>
				<total>11</total>
				<timestamp>279.171486</timestamp>
			</report>
			<report>
				<misses>1216001</misses>
				<total>11</total>
				<timestamp>279.401227</timestamp>
			</report>
			<report>
				<misses>1217001</misses>
				<total>10</total>
				<timestamp>279.631102</timestamp>
			</report>
			<report>
				<misses>1218001</misses>
				<total>11</total>
				<timestamp>279.860731</timestamp>
			</report>
			<report>
				<misses>1219001</misses>
				<total>11</total>
				<timestamp>280.090494</timestamp>
			</report>
			<report>
				<misses>1220001</misses>
				<total>11</total>
				<timestamp>280.320354</timestamp>
			</report>
			<report>
				<misses>1221001</misses>
				<total>11</total>
				<timestamp>280.550095</timestamp>
			</report>
			<report>
				<misses>1222001</misses>
				<total>11</total>
				<timestamp>280.779799</timestamp>
			</report>
			<report>
				<misses>1223001</misses>
				<total>11</total>
				<timestamp>281.009573</timestamp>
			</report>
			<report>
				<misses>1224001</misses>
				<total>11</total>
				<timestamp>281.239353</timestamp>
			</report>
			<report>
				<misses>1225001</misses>
				<total>11</total>
				<timestamp>281.469207</timestamp>
			</report>
			<report>
				<misses>1226001</misses>
				<total>11</total>
				<timestamp>281.698989</timestamp>
			</report>
			<report>
				<misses>1227001</misses>
				<total>11</total>
				<timestamp>281.928651</timestamp>
			</report>
			<report>
				<misses>1228001</misses>
				<total>11</total>
				<timestamp>282.158430</timestamp>
			</report>
			<report>
				<misses>1229001</misses>
				<total>10</total>
				<timestamp>282.388220</timestamp>
			</report>
			<report>
				<misses>1230001</misses>
				<total>11</total>
				<timestamp>282.618060</timestamp>
			</report>
			<report>
				<misses>1231001</misses>
				<total>11</total>
				<timestamp>282.847807</timestamp>
			</report>
			<report>
				<misses>1232001</misses>
				<total>11</total>
				<timestamp>283.077490</timestamp>
			</report>
			<report>
				<misses>1233001</misses>
				<total>11</total>
				<timestamp>283.307294</timestamp>
			</report>
			<report>
				<misses>1234001</misses>
				<total>11</total>
				<timestamp>283.537087</timestamp>
			</report>
			<report>
				<misses>1235001</misses>
				<total>11</total>
				<timestamp>283.766836</timestamp>
			</report>
			<report>
				<misses>1236001</misses>
				<total>11</total>
				<timestamp>283.996578</timestamp>
			</report>
			<report>
				<misses>1237001</misses>
				<total>11</total>
				<timestamp>284.226353</timestamp>
			</report>
			<report>
				<misses>1238001</misses>
				<total>11</total>
				<timestamp>284.456175</timestamp>
			</report>
			<report>
				<misses>1239001</misses>
				<total>11</total>
				<timestamp>284.685941</timestamp>
			</report>
			<report>
				<misses>1240001</misses>
				<total>11</total>
				<timestamp>284.915734</timestamp>
			</report>
			<report>
				<misses>1241001</misses>
				<total>11</total>
				<timestamp>285.145516</timestamp>
			</report>
			<report>
				<misses>1242001</misses>
				<total>11</total>
				<timestamp>285.375270</timestamp>
			</report>
			<report>
				<misses>1243001</misses>
				<total>11</total>
				<timestamp>285.605060</timestamp>
			</report>
			<report>
				<misses>1244001</misses>
				<total>11</total>
				<timestamp>285.834790</timestamp>
			</report>
			<report>
				<misses>1245001</misses>
				<total>11</total>
				<timestamp>286.064509</timestamp>
			</report>
			<report>
				<misses>1246001</misses>
				<total>11</total>
				<timestamp>286.294293</timestamp>
			</report>
			<report>
				<misses>1247001</misses>
				<total>11</total>
				<timestamp>286.524105</timestamp>
			</report>
			<report>
				<misses>1248001</misses>
				<total>11</total>
				<timestamp>286.753832</timestamp>
			</report>
			<report>
				<misses>1249001</misses>
				<total>11</total>
				<timestamp>286.983595</timestamp>
			</report>
			<report>
				<misses>1250001</misses>
				<total>10</total>
				<timestamp>287.213376</timestamp>
			</report>
			<report>
				<misses>1251001</misses>
				<total>11</total>
				<timestamp>287.443167</timestamp>
			</report>
			<report>
				<misses>1252001</misses>
				<total>11</total>
				<timestamp>287.672958</timestamp>
			</report>
			<report>
				<misses>1253001</misses>
				<total>11</total>
				<timestamp>287.902746</timestamp>
			</report>
			<report>
				<misses>1254001</misses>
				<total>11</total>
				<timestamp>288.132440</timestamp>
			</report>
			<report>
				<misses>1255001</misses>
				<total>11</total>
				<timestamp>288.362296</timestamp>
			</report>
			<report>
				<misses>1256001</misses>
				<total>11</total>
				<timestamp>288.592057</timestamp>
			</report>
			<report>
				<misses>1257001</misses>
				<total>11</total>
				<timestamp>288.821779</timestamp>
			</report>
			<report>
				<misses>1258001</misses>
				<total>11</total>
				<timestamp>289.051528</timestamp>
			</report>
			<report>
				<misses>1259001</misses>
				<total>11</total>
				<timestamp>289.281282</timestamp>
			</report>
			<report>
				<misses>1260001</misses>
				<total>11</total>
				<timestamp>289.511132</timestamp>
			</report>
			<report>
				<misses>1261001</misses>
				<total>11</total>
				<timestamp>289.740861</timestamp>
			</report>
			<report>
				<misses>1262001</misses>
				<total>11</total>
				<timestamp>289.970636</timestamp>
			</report>
			<report>
				<misses>1263001</misses>
				<total>11</total>
				<timestamp>290.200432</timestamp>
			</report>
			<report>
				<misses>1264001</misses>
				<total>11</total>
				<timestamp>290.430164</timestamp>
			</report>
			<report>
				<misses>1265001</misses>
				<total>11</total>
				<timestamp>290.660001</timestamp>
			</report>
			<report>
				<misses>1266001</misses>
				<total>11</total>
				<timestamp>290.889680</timestamp>
			</report>
			<report>
				<misses>1267001</misses>
				<total>11</total>
				<timestamp>291.119475</timestamp>
			</report>
			<report>
				<misses>1268001</misses>
				<total>11</total>
				<timestamp>291.349235</timestamp>
			</report>
			<report>
				<misses>1269001</misses>
				<total>10</total>
				<timestamp>291.579115</timestamp>
			</report>
			<report>
				<misses>1270001</misses>
				<total>11</total>
				<timestamp>291.808766</timestamp>
			</report>
			<report>
				<misses>1271001</misses>
				<total>11</total>
				<timestamp>292.038563</timestamp>
			</report>
			<report>
				<misses>1272001</misses>
				<total>11</total>
				<timestamp>292.268290</timestamp>
			</report>
			<report>
				<misses>1273001</misses>
				<total>11</total>
				<timestamp>292.498119</timestamp>
			</report>
			<report>
				<misses>1274001</misses>
				<total>11</total>
				<timestamp>292.727870</timestamp>
			</report>
			<report>
				<misses>1275001</misses>
				<total>11</total>
				<timestamp>292.957605</timestamp>
			</report>
			<report>
				<misses>1276001</misses>
				<total>11</total>
				<timestamp>293.187386</timestamp>
			</report>
			<report>
				<misses>1277001</misses>
				<total>11</total>
				<timestamp>293.417165</timestamp>
			</report>
			<report>
				<misses>1278001</misses>
				<total>11</total>
				<timestamp>293.647019</timestamp>
			</report>
			<report>
				<misses>1279001</misses>
				<total>11</total>
				<timestamp>293.876688</timestamp>
			</report>
			<report>
				<misses>1280001</misses>
				<total>11</total>
				<timestamp>294.106455</timestamp>
			</report>
			<report>
				<misses>1281001</misses>
				<total>11</total>
				<timestamp>294.336235</timestamp>
			</report>
			<report>
				<misses>1282001</misses>
				<total>11</total>
				<timestamp>294.566038</timestamp>
			</report>
			<report>
				<misses>1283001</misses>
				<total>11</total>
				<timestamp>294.795790</timestamp>
			</report>
			<report>
				<misses>1284001</misses>
				<total>11</total>
				<timestamp>295.025568</timestamp>
			</report>
			<report>
				<misses>1285001</misses>
				<total>11</total>
				<timestamp>295.255307</timestamp>
			</report>
			<report>
				<misses>1286001</misses>
				<total>10</total>
				<timestamp>295.485128</timestamp>
			</report>
			<report>
				<misses>1287001</misses>
				<total>10</total>
				<timestamp>295.714953</timestamp>
			</report>
			<report>
				<misses>1288001</misses>
				<total>11</total>
				<timestamp>295.944638</timestamp>
			</report>
			<report>
				<misses>1289001</misses>
				<total>11</total>
				<timestamp>296.174399</timestamp>
			</report>
			<report>
				<misses>1290001</misses>
				<total>11</total>
				<timestamp>296.404173</timestamp>
			</report>
			<report>
				<misses>1291001</misses>
				<total>11</total>
				<timestamp>296.633945</timestamp>
			</report>
			<report>
				<misses>1292001</misses>
				<total>11</total>
				<timestamp>296.863705</timestamp>
			</report>
			<report>
				<misses>1293001</misses>
				<total>11</total>
				<timestamp>297.093498</timestamp>
			</report>
			<report>
				<misses>1294001</misses>
				<total>11</total>
				<timestamp>297.323240</timestamp>
			</report>
			<report>
				<misses>1295001</misses>
				<total>11</total>
				<timestamp>297.553017</timestamp>
			</report>
			<report>
				<misses>1296001</misses>
				<total>11</total>
				<timestamp>297.782827</timestamp>
			</report>
			<report>
				<misses>1297001</misses>
				<total>11</total>
				<timestamp>298.012549</timestamp>
			</report>
			<report>
				<misses>1298001</misses>
				<total>11</total>
				<timestamp>298.242321</timestamp>
			</report>
			<report>
				<misses>1299001</misses>
				<total>11</total>
				<timestamp>298.472158</timestamp>
			</report>
			<report>
				<misses>1300001</misses>
				<total>11</total>
				<timestamp>298.701861</timestamp>
			</report>
			<report>
				<misses>1301001</misses>
				<total>11</total>
				<timestamp>298.931650</timestamp>
			</report>
			<report>
				<misses>1302001</misses>
				<total>11</total>
				<timestamp>299.161398</timestamp>
			</report>
			<report>
				<misses>1303001</misses>
				<total>11</total>
				<timestamp>299.391205</timestamp>
			</report>
			<report>
				<misses>1304001</misses>
				<total>11</total>
				<timestamp>299.621046</timestamp>
			</report>
			<report>
				<misses>1305001</misses>
				<total>11</total>
				<timestamp>299.850719</timestamp>
			</report>
			<report>
				<misses>1306001</misses>
				<total>11</total>
				<timestamp>300.080473</timestamp>
			</report>
			<report>
				<misses>1307001</misses>
				<total>11</total>
				<timestamp>300.310256</timestamp>
			</report>
			<report>
				<misses>1308001</misses>
				<total>11</total>
				<timestamp>300.540095</timestamp>
			</report>
			<report>
				<misses>1309001</misses>
				<total>10</total>
				<timestamp>300.769840</timestamp>
			</report>
			<report>
				<misses>1310001</misses>
				<total>11</total>
				<timestamp>300.999565</timestamp>
			</report>
			<report>
				<misses>1311001</misses>
				<total>11</total>
				<timestamp>301.229315</timestamp>
			</report>
			<report>
				<misses>1312001</misses>
				<total>11</total>
				<timestamp>301.459147</timestamp>
			</report>
			<report>
				<misses>1313001</misses>
				<total>11</total>
				<timestamp>301.688894</timestamp>
			</report>
			<report>
				<misses>1314001</misses>
				<total>11</total>
				<timestamp>301.918656</timestamp>
			</report>
			<report>
				<misses>1315001</misses>
				<total>11</total>
				<timestamp>302.148393</timestamp>
			</report>
			<report>
				<misses>1316001</misses>
				<total>11</total>
				<timestamp>302.378172</timestamp>
			</report>
			<report>
				<misses>1317001</misses>
				<total>11</total>
				<timestamp>302.607958</timestamp>
			</report>
			<report>
				<misses>1318001</misses>
				<total>11</total>
				<timestamp>302.837729</timestamp>
			</report>
			<report>
				<misses>1319001</misses>
				<total>11</total>
				<timestamp>303.067544</timestamp>
			</report>
			<report>
				<misses>1320001</misses>
				<total>11</total>
				<timestamp>303.297260</timestamp>
			</report>
			<report>
				<misses>1321001</misses>
				<total>11</total>
				<timestamp>303.527093</timestamp>
			</report>
			<report>
				<misses>1322001</misses>
				<total>11</total>
				<timestamp>303.756813</timestamp>
			</report>
			<report>
				<misses>1323001</misses>
				<total>11</total>
				<timestamp>303.986576</timestamp>
			</report>
			<report>
				<misses>1324001</misses>
				<total>11</total>
				<timestamp>304.216340</timestamp>
			</report>
			<report>
				<misses>1325001</misses>
				<total>10</total>
				<timestamp>304.446141</timestamp>
			</report>
			<report>
				<misses>1326001</misses>
				<total>11</total>
				<timestamp>304.675902</timestamp>
			</report>
			<report>
				<misses>1327001</misses>
				<total>11</total>
				<timestamp>304.905650</timestamp>
			</report>
			<report>
				<misses>1328001</misses>
				<total>11</total>
				<timestamp>305.135407</timestamp>
			</report>
			<report>
				<misses>1329001</misses>
				<total>10</total>
				<timestamp>305.365223</timestamp>
			</report>
			<report>
				<misses>1330001</misses>
				<total>11</total>
				<timestamp>305.594961</timestamp>
			</report>
			<report>
				<misses>1331001</misses>
				<total>11</total>
				<timestamp>305.824761</timestamp>
			</report>
			<report>
				<misses>1332001</misses>
				<total>11</total>
				<timestamp>306.054512</timestamp>
			</report>
			<report>
				<misses>1333001</misses>
				<total>11</total>
				<timestamp>306.284265</timestamp>
			</report>
			<report>
				<misses>1334001</misses>
				<total>11</total>
				<timestamp>306.514043</timestamp>
			</report>
			<report>
				<misses>1335001</misses>
				<total>10</total>
				<timestamp>306.743841</timestamp>
			</report>
			<report>
				<misses>1336001</misses>
				<total>11</total>
				<timestamp>306.973572</timestamp>
			</report>
			<report>
				<misses>1337001</misses>
				<total>11</total>
				<timestamp>307.203343</timestamp>
			</report>
			<report>
				<misses>1338001</misses>
				<total>11</total>
				<timestamp>307.433130</timestamp>
			</report>
			<report>
				<misses>1339001</misses>
				<total>11</total>
				<timestamp>307.662955</timestamp>
			</report>
			<report>
				<misses>1340001</misses>
				<total>11</total>
				<timestamp>307.892684</timestamp>
			</report>
			<report>
				<misses>1341001</misses>
				<total>11</total>
				<timestamp>308.122423</timestamp>
			</report>
			<report>
				<misses>1342001</misses>
				<total>11</total>
				<timestamp>308.352209</timestamp>
			</report>
			<report>
				<misses>1343001</misses>
				<total>11</total>
				<timestamp>308.582055</timestamp>
			</report>
			<report>
				<misses>1344001</misses>
				<total>11</total>
				<timestamp>308.811746</timestamp>
			</report>
			<report>
				<misses>1345001</misses>
				<total>11</total>
				<timestamp>309.041537</timestamp>
			</report>
			<report>
				<misses>1346001</misses>
				<total>11</total>
				<timestamp>309.271321</timestamp>
			</report>
			<report>
				<misses>1347001</misses>
				<total>11</total>
				<timestamp>309.501106</timestamp>
			</report>
			<report>
				<misses>1348001</misses>
				<total>10</total>
				<timestamp>309.730838</timestamp>
			</report>
			<report>
				<misses>1349001</misses>
				<total>11</total>
				<timestamp>309.960598</timestamp>
			</report>
			<report>
				<misses>1350001</misses>
				<total>11</total>
				<timestamp>310.190382</timestamp>
			</report>
			<report>
				<misses>1351001</misses>
				<total>11</total>
				<timestamp>310.420175</timestamp>
			</report>
			<report>
				<misses>1352001</misses>
				<total>11</total>
				<timestamp>310.649958</timestamp>
			</report>
			<report>
				<misses>1353001</misses>
				<total>11</total>
				<timestamp>310.879669</timestamp>
			</report>
			<report>
				<misses>1354001</misses>
				<total>11</total>
				<timestamp>311.109479</timestamp>
			</report>
			<report>
				<misses>1355001</misses>
				<total>11</total>
				<timestamp>311.339307</timestamp>
			</report>
			<report>
				<misses>1356001</misses>
				<total>11</total>
				<timestamp>311.568967</timestamp>
			</report>
			<report>
				<misses>1357001</misses>
				<total>11</total>
				<timestamp>311.798798</timestamp>
			</report>
			<report>
				<misses>1358001</misses>
				<total>10</total>
				<timestamp>312.028562</timestamp>
			</report>
			<report>
				<misses>1359001</misses>
				<total>11</total>
				<timestamp>312.258277</timestamp>
			</report>
			<report>
				<misses>1360001</misses>
				<total>11</total>
				<timestamp>312.488104</timestamp>
			</report>
			<report>
				<misses>1361001</misses>
				<total>10</total>
				<timestamp>312.717875</timestamp>
			</report>
			<report>
				<misses>1362001</misses>
				<total>11</total>
				<timestamp>312.947602</timestamp>
			</report>
			<report>
				<misses>1363001</misses>
				<total>11</total>
				<timestamp>313.177379</timestamp>
			</report>
			<report>
				<misses>1364001</misses>
				<total>11</total>
				<timestamp>313.407128</timestamp>
			</report>
			<report>
				<misses>1365001</misses>
				<total>10</total>
				<timestamp>313.636966</timestamp>
			</report>
			<report>
				<misses>1366001</misses>
				<total>11</total>
				<timestamp>313.866671</timestamp>
			</report>
			<report>
				<misses>1367001</misses>
				<total>11</total>
				<timestamp>314.096485</timestamp>
			</report>
			<report>
				<misses>1368001</misses>
				<total>11</total>
				<timestamp>314.326224</timestamp>
			</report>
			<report>
				<misses>1369001</misses>
				<total>10</total>
				<timestamp>314.556057</timestamp>
			</report>
			<report>
				<misses>1370001</misses>
				<total>11</total>
				<timestamp>314.785789</timestamp>
			</report>
			<report>
				<misses>1371001</misses>
				<total>11</total>
				<timestamp>315.015534</timestamp>
			</report>
			<report>
				<misses>1372001</misses>
				<total>11</total>
				<timestamp>315.245286</timestamp>
			</report>
			<report>
				<misses>1373001</misses>
				<total>11</total>
				<timestamp>315.475124</timestamp>
			</report>
			<report>
				<misses>1374001</misses>
				<total>11</total>
				<timestamp>315.704833</timestamp>
			</report>
			<report>
				<misses>1375001</misses>
				<total>11</total>
				<timestamp>315.934613</timestamp>
			</report>
			<report>
				<misses>1376001</misses>
				<total>11</total>
				<timestamp>316.164408</timestamp>
			</report>
			<report>
				<misses>1377001</misses>
				<total>10</total>
				<timestamp>316.394189</timestamp>
			</report>
			<report>
				<misses>1378001</misses>
				<total>10</total>
				<timestamp>316.623956</timestamp>
			</report>
			<report>
				<misses>1379001</misses>
				<total>11</total>
				<timestamp>316.853721</timestamp>
			</report>
			<report>
				<misses>1380001</misses>
				<total>11</total>
				<timestamp>317.083504</timestamp>
			</report>
			<report>
				<misses>1381001</misses>
				<total>10</total>
				<timestamp>317.313258</timestamp>
			</report>
			<report>
				<misses>1382001</misses>
				<total>11</total>
				<timestamp>317.543079</timestamp>
			</report>
			<report>
				<misses>1383001</misses>
				<total>11</total>
				<timestamp>317.772847</timestamp>
			</report>
			<report>
				<misses>1384001</misses>
				<total>11</total>
				<timestamp>318.002542</timestamp>
			</report>
			<report>
				<misses>1385001</misses>
				<total>11</total>
				<timestamp>318.232300</timestamp>
			</report>
			<report>
				<misses>1386001</misses>
				<total>11</total>
				<timestamp>318.462077</timestamp>
			</report>
			<report>
				<misses>1387001</misses>
				<total>11</total>
				<timestamp>318.691855</timestamp>
			</report>
			<report>
				<misses>1388001</misses>
				<total>11</total>
				<timestamp>318.921617</timestamp>
			</report>
			<report>
				<misses>1389001</misses>
				<total>11</total>
				<timestamp>319.151386</timestamp>
			</report>
			<report>
				<misses>1390001</misses>
				<total>11</total>
				<timestamp>319.381209</timestamp>
			</report>
			<report>
				<misses>1391001</misses>
				<total>11</total>
				<timestamp>319.611009</timestamp>
			</report>
			<report>
				<misses>1392001</misses>
				<total>11</total>
				<timestamp>319.840725</timestamp>
			</report>
			<report>
				<misses>1393001</misses>
				<total>11</total>
				<timestamp>320.070477</timestamp>
			</report>
			<report>
				<misses>1394001</misses>
				<total>11</total>
				<timestamp>320.300233</timestamp>
			</report>
			<report>
				<misses>1395001</misses>
				<total>11</total>
				<timestamp>320.530017</timestamp>
			</report>
			<report>
				<misses>1396001</misses>
				<total>11</total>
				<timestamp>320.759815</timestamp>
			</report>
			<report>
				<misses>1397001</misses>
				<total>11</total>
				<timestamp>320.989570</timestamp>
			</report>
			<report>
				<misses>1398001</misses>
				<total>11</total>
				<timestamp>321.219327</timestamp>
			</report>
			<report>
				<misses>1399001</misses>
				<total>11</total>
				<timestamp>321.449138</timestamp>
			</report>
			<report>
				<misses>1400001</misses>
				<total>11</total>
				<timestamp>321.678924</timestamp>
			</report>
			<report>
				<misses>1401001</misses>
				<total>11</total>
				<timestamp>321.908657</timestamp>
			</report>
			<report>
				<misses>1402001</misses>
				<total>11</total>
				<timestamp>322.138425</timestamp>
			</report>
			<report>
				<misses>1403001</misses>
				<total>11</total>
				<timestamp>322.368161</timestamp>
			</report>
			<report>
				<misses>1404001</misses>
				<total>11</total>
				<timestamp>322.598003</timestamp>
			</report>
			<report>
				<misses>1405001</misses>
				<total>11</total>
				<timestamp>322.827721</timestamp>
			</report>
			<report>
				<misses>1406001</misses>
				<total>11</total>
				<timestamp>323.057506</timestamp>
			</report>
			<report>
				<misses>1407001</misses>
				<total>11</total>
				<timestamp>323.287245</timestamp>
			</report>
			<report>
				<misses>1408001</misses>
				<total>11</total>
				<timestamp>323.517052</timestamp>
			</report>
			<report>
				<misses>1409001</misses>
				<total>11</total>
				<timestamp>323.746826</timestamp>
			</report>
			<report>
				<misses>1410001</misses>
				<total>11</total>
				<timestamp>323.976572</timestamp>
			</report>
			<report>
				<misses>1411001</misses>
				<total>11</total>
				<timestamp>324.206337</timestamp>
			</report>
			<report>
				<misses>1412001</misses>
				<total>11</total>
				<timestamp>324.436175</timestamp>
			</report>
			<report>
				<misses>1413001</misses>
				<total>11</total>
				<timestamp>324.665924</timestamp>
			</report>
			<report>
				<misses>1414001</misses>
				<total>11</total>
				<timestamp>324.895661</timestamp>
			</report>
			<report>
				<misses>1415001</misses>
				<total>11</total>
				<timestamp>325.125413</timestamp>
			</report>
			<report>
				<misses>1416001</misses>
				<total>11</total>
				<timestamp>325.355187</timestamp>
			</report>
			<report>
				<misses>1417001</misses>
				<total>11</total>
				<timestamp>325.585009</timestamp>
			</report>
			<report>
				<misses>1418001</misses>
				<total>11</total>
				<timestamp>325.814742</timestamp>
			</report>
			<report>
				<misses>1419001</misses>
				<total>11</total>
				<timestamp>326.044505</timestamp>
			</report>
			<report>
				<misses>1420001</misses>
				<total>11</total>
				<timestamp>326.274242</timestamp>
			</report>
			<report>
				<misses>1421001</misses>
				<total>11</total>
				<timestamp>326.504040</timestamp>
			</report>
			<report>
				<misses>1422001</misses>
				<total>11</total>
				<timestamp>326.733826</timestamp>
			</report>
			<report>
				<misses>1423001</misses>
				<total>11</total>
				<timestamp>326.963589</timestamp>
			</report>
			<report>
				<misses>1424001</misses>
				<total>11</total>
				<timestamp>327.193342</timestamp>
			</report>
			<report>
				<misses>1425001</misses>
				<total>11</total>
				<timestamp>327.423109</timestamp>
			</report>
			<report>
				<misses>1426001</misses>
				<total>11</total>
				<timestamp>327.652937</timestamp>
			</report>
			<report>
				<misses>1427001</misses>
				<total>10</total>
				<timestamp>327.882684</timestamp>
			</report>
			<report>
				<misses>1428001</misses>
				<total>11</total>
				<timestamp>328.112439</timestamp>
			</report>
			<report>
				<misses>1429001</misses>
				<total>11</total>
				<timestamp>328.342189</timestamp>
			</report>
			<report>
				<misses>1430001</misses>
				<total>11</total>
				<timestamp>328.572017</timestamp>
			</report>
			<report>
				<misses>1431001</misses>
				<total>11</total>
				<timestamp>328.801748</timestamp>
			</report>
			<report>
				<misses>1432001</misses>
				<total>11</total>
				<timestamp>329.031534</timestamp>
			</report>
			<report>
				<misses>1433001</misses>
				<total>11</total>
				<timestamp>329.261304</timestamp>
			</report>
			<report>
				<misses>1434001</misses>
				<total>11</total>
				<timestamp>329.491106</timestamp>
			</report>
			<report>
				<misses>1435001</misses>
				<total>11</total>
				<timestamp>329.720818</timestamp>
			</report>
			<report>
				<misses>1436001</misses>
				<total>11</total>
				<timestamp>329.950592</timestamp>
			</report>
			<report>
				<misses>1437001</misses>
				<total>11</total>
				<timestamp>330.180328</timestamp>
			</report>
			<report>
				<misses>1438001</misses>
				<total>11</total>
				<timestamp>330.410119</timestamp>
			</report>
			<report>
				<misses>1439001</misses>
				<total>11</total>
				<timestamp>330.639927</timestamp>
			</report>
			<report>
				<misses>1440001</misses>
				<total>11</total>
				<timestamp>330.869657</timestamp>
			</report>
			<report>
				<misses>1441001</misses>
				<total>11</total>
				<timestamp>331.099427</timestamp>
			</report>
			<report>
				<misses>1442001</misses>
				<total>11</total>
				<timestamp>331.329190</timestamp>
			</report>
			<report>
				<misses>1443001</misses>
				<total>11</total>
				<timestamp>331.558970</timestamp>
			</report>
			<report>
				<misses>1444001</misses>
				<total>11</total>
				<timestamp>331.788769</timestamp>
			</report>
			<report>
				<misses>1445001</misses>
				<total>11</total>
				<timestamp>332.018511</timestamp>
			</report>
			<report>
				<misses>1446001</misses>
				<total>11</total>
				<timestamp>332.248331</timestamp>
			</report>
			<report>
				<misses>1447001</misses>
				<total>11</total>
				<timestamp>332.478084</timestamp>
			</report>
			<report>
				<misses>1448001</misses>
				<total>11</total>
				<timestamp>332.707810</timestamp>
			</report>
			<report>
				<misses>1449001</misses>
				<total>11</total>
				<timestamp>332.937651</timestamp>
			</report>
			<report>
				<misses>1450001</misses>
				<total>11</total>
				<timestamp>333.167377</timestamp>
			</report>
			<report>
				<misses>1451001</misses>
				<total>11</total>
				<timestamp>333.397120</timestamp>
			</report>
			<report>
				<misses>1452001</misses>
				<total>11</total>
				<timestamp>333.626943</timestamp>
			</report>
			<report>
				<misses>1453001</misses>
				<total>11</total>
				<timestamp>333.856726</timestamp>
			</report>
			<report>
				<misses>1454001</misses>
				<total>11</total>
				<timestamp>334.086466</timestamp>
			</report>
			<report>
				<misses>1455001</misses>
				<total>11</total>
				<timestamp>334.316196</timestamp>
			</report>
			<report>
				<misses>1456001</misses>
				<total>11</total>
				<timestamp>334.546073</timestamp>
			</report>
			<report>
				<misses>1457001</misses>
				<total>10</total>
				<timestamp>334.775787</timestamp>
			</report>
			<report>
				<misses>1458001</misses>
				<total>11</total>
				<timestamp>335.005525</timestamp>
			</report>
			<report>
				<misses>1459001</misses>
				<total>11</total>
				<timestamp>335.235334</timestamp>
			</report>
			<report>
				<misses>1460001</misses>
				<total>11</total>
				<timestamp>335.465131</timestamp>
			</report>
			<report>
				<misses>1461001</misses>
				<total>11</total>
				<timestamp>335.694814</timestamp>
			</report>
			<report>
				<misses>1462001</misses>
				<total>11</total>
				<timestamp>335.924623</timestamp>
			</report>
			<report>
				<misses>1463001</misses>
				<total>11</total>
				<timestamp>336.154359</timestamp>
			</report>
			<report>
				<misses>1464001</misses>
				<total>10</total>
				<timestamp>336.384153</timestamp>
			</report>
			<report>
				<misses>1465001</misses>
				<total>11</total>
				<timestamp>336.613994</timestamp>
			</report>
			<report>
				<misses>1466001</misses>
				<total>11</total>
				<timestamp>336.843706</timestamp>
			</report>
			<report>
				<misses>1467001</misses>
				<total>11</total>
				<timestamp>337.073489</timestamp>
			</report>
			<report>
				<misses>1468001</misses>
				<total>11</total>
				<timestamp>337.303241</timestamp>
			</report>
			<report>
				<misses>1469001</misses>
				<total>11</total>
				<timestamp>337.532979</timestamp>
			</report>
			<report>
				<misses>1470001</misses>
				<total>11</total>
				<timestamp>337.762768</timestamp>
			</report>
			<report>
				<misses>1471001</misses>
				<total>11</total>
				<timestamp>337.992553</timestamp>
			</report>
			<report>
				<misses>1472001</misses>
				<total>11</total>
				<timestamp>338.222289</timestamp>
			</report>
			<report>
				<misses>1473001</misses>
				<total>11</total>
				<timestamp>338.452066</timestamp>
			</report>
			<report>
				<misses>1474001</misses>
				<total>11</total>
				<timestamp>338.681891</timestamp>
			</report>
			<report>
				<misses>1475001</misses>
				<total>11</total>
				<timestamp>338.911664</timestamp>
			</report>
			<report>
				<misses>1476001</misses>
				<total>11</total>
				<timestamp>339.141418</timestamp>
			</report>
			<report>
				<misses>1477001</misses>
				<total>11</total>
				<timestamp>339.371186</timestamp>
			</report>
			<report>
				<misses>1478001</misses>
				<total>11</total>
				<timestamp>339.600956</timestamp>
			</report>
			<report>
				<misses>1479001</misses>
				<total>11</total>
				<timestamp>339.830703</timestamp>
			</report>
			<report>
				<misses>1480001</misses>
				<total>11</total>
				<timestamp>340.060454</timestamp>
			</report>
			<report>
				<misses>1481001</misses>
				<total>11</total>
				<timestamp>340.290230</timestamp>
			</report>
			<report>
				<misses>1482001</misses>
				<total>11</total>
				<timestamp>340.519992</timestamp>
			</report>
			<report>
				<misses>1483001</misses>
				<total>11</total>
				<timestamp>340.749791</timestamp>
			</report>
			<report>
				<misses>1484001</misses>
				<total>11</total>
				<timestamp>340.979611</timestamp>
			</report>
			<report>
				<misses>1485001</misses>
				<total>11</total>
				<timestamp>341.209315</timestamp>
			</report>
			<report>
				<misses>1486001</misses>
				<total>11</total>
				<timestamp>341.439105</timestamp>
			</report>
			<report>
				<misses>1487001</misses>
				<total>11</total>
				<timestamp>341.668911</timestamp>
			</report>
			<report>
				<misses>1488001</misses>
				<total>11</total>
				<timestamp>341.898722</timestamp>
			</report>
			<report>
				<misses>1489001</misses>
				<total>11</total>
				<timestamp>342.128431</timestamp>
			</report>
			<report>
				<misses>1490001</misses>
				<total>11</total>
				<timestamp>342.358177</timestamp>
			</report>
			<report>
				<misses>1491001</misses>
				<total>11</total>
				<timestamp>342.587946</timestamp>
			</report>
			<report>
				<misses>1492001</misses>
				<total>11</total>
				<timestamp>342.817700</timestamp>
			</report>
			<report>
				<misses>1493001</misses>
				<total>11</total>
				<timestamp>343.047497</timestamp>
			</report>
			<report>
				<misses>1494001</misses>
				<total>11</total>
				<timestamp>343.277314</timestamp>
			</report>
			<report>
				<misses>1495001</misses>
				<total>11</total>
				<timestamp>343.507035</timestamp>
			</report>
			<report>
				<misses>1496001</misses>
				<total>11</total>
				<timestamp>343.736813</timestamp>
			</report>
			<report>
				<misses>1497001</misses>
				<total>10</total>
				<timestamp>343.966560</timestamp>
			</report>
			<report>
				<misses>1498001</misses>
				<total>10</total>
				<timestamp>344.196346</timestamp>
			</report>
			<report>
				<misses>1499001</misses>
				<total>11</total>
				<timestamp>344.426090</timestamp>
			</report>
			<report>
				<misses>1500001</misses>
				<total>11</total>
				<timestamp>344.655918</timestamp>
			</report>
			<report>
				<misses>1501001</misses>
				<total>11</total>
				<timestamp>344.885655</timestamp>
			</report>
			<report>
				<misses>1502001</misses>
				<total>11</total>
				<timestamp>345.115432</timestamp>
			</report>
			<report>
				<misses>1503001</misses>
				<total>11</total>
				<timestamp>345.345173</timestamp>
			</report>
			<report>
				<misses>1504001</misses>
				<total>11</total>
				<timestamp>345.574960</timestamp>
			</report>
			<report>
				<misses>1505001</misses>
				<total>11</total>
				<timestamp>345.804704</timestamp>
			</report>
			<report>
				<misses>1506001</misses>
				<total>11</total>
				<timestamp>346.034549</timestamp>
			</report>
			<report>
				<misses>1507001</misses>
				<total>11</total>
				<timestamp>346.264244</timestamp>
			</report>
			<report>
				<misses>1508001</misses>
				<total>11</total>
				<timestamp>346.494039</timestamp>
			</report>
			<report>
				<misses>1509001</misses>
				<total>11</total>
				<timestamp>346.723833</timestamp>
			</report>
			<report>
				<misses>1510001</misses>
				<total>11</total>
				<timestamp>346.953552</timestamp>
			</report>
			<report>
				<misses>1511001</misses>
				<total>11</total>
				<timestamp>347.183341</timestamp>
			</report>
			<report>
				<misses>1512001</misses>
				<total>11</total>
				<timestamp>347.413090</timestamp>
			</report>
			<report>
				<misses>1513001</misses>
				<total>10</total>
				<timestamp>347.642942</timestamp>
			</report>
			<report>
				<misses>1514001</misses>
				<total>11</total>
				<timestamp>347.872660</timestamp>
			</report>
			<report>
				<misses>1515001</misses>
				<total>11</total>
				<timestamp>348.102422</timestamp>
			</report>
			<report>
				<misses>1516001</misses>
				<total>11</total>
				<timestamp>348.332195</timestamp>
			</report>
			<report>
				<misses>1517001</misses>
				<total>11</total>
				<timestamp>348.561956</timestamp>
			</report>
			<report>
				<misses>1518001</misses>
				<total>11</total>
				<timestamp>348.791722</timestamp>
			</report>
			<report>
				<misses>1519001</misses>
				<total>11</total>
				<timestamp>349.021560</timestamp>
			</report>
			<report>
				<misses>1520001</misses>
				<total>11</total>
				<timestamp>349.251252</timestamp>
			</report>
			<report>
				<misses>1521001</misses>
				<total>11</total>
				<timestamp>349.481031</timestamp>
			</report>
			<report>
				<misses>1522001</misses>
				<total>11</total>
				<timestamp>349.710806</timestamp>
			</report>
			<report>
				<misses>1523001</misses>
				<total>11</total>
				<timestamp>349.940635</timestamp>
			</report>
			<report>
				<misses>1524001</misses>
				<total>11</total>
				<timestamp>350.170413</timestamp>
			</report>
			<report>
				<misses>1525001</misses>
				<total>11</total>
				<timestamp>350.400105</timestamp>
			</report>
			<report>
				<misses>1526001</misses>
				<total>11</total>
				<timestamp>350.629902</timestamp>
			</report>
			<report>
				<misses>1527001</misses>
				<total>13</total>
				<timestamp>350.859668</timestamp>
			</report>
			<report>
				<misses>1528001</misses>
				<total>13</total>
				<timestamp>351.089451</timestamp>
			</report>
			<report>
				<misses>1529001</misses>
				<total>13</total>
				<timestamp>351.319185</timestamp>
			</report>
			<report>
				<misses>1530001</misses>
				<total>13</total>
				<timestamp>351.548998</timestamp>
			</report>
			<report>
				<misses>1531001</misses>
				<total>13</total>
				<timestamp>351.778801</timestamp>
			</report>
			<report>
				<misses>1532001</misses>
				<total>13</total>
				<timestamp>352.008547</timestamp>
			</report>
			<report>
				<misses>1533001</misses>
				<total>13</total>
				<timestamp>352.238332</timestamp>
			</report>
			<report>
				<misses>1534001</misses>
				<total>13</total>
				<timestamp>352.468041</timestamp>
			</report>
			<report>
				<misses>1535001</misses>
				<total>13</total>
				<timestamp>352.697824</timestamp>
			</report>
			<report>
				<misses>1536001</misses>
				<total>13</total>
				<timestamp>352.927615</timestamp>
			</report>
			<report>
				<misses>1537001</misses>
				<total>13</total>
				<timestamp>353.157377</timestamp>
			</report>
			<report>
				<misses>1538001</misses>
				<total>13</total>
				<timestamp>353.387115</timestamp>
			</report>
			<report>
				<misses>1539001</misses>
				<total>13</total>
				<timestamp>353.616936</timestamp>
			</report>
			<report>
				<misses>1540001</misses>
				<total>13</total>
				<timestamp>353.846669</timestamp>
			</report>
			<report>
				<misses>1541001</misses>
				<total>13</total>
				<timestamp>354.076441</timestamp>
			</report>
			<report>
				<misses>1542001</misses>
				<total>13</total>
				<timestamp>354.306186</timestamp>
			</report>
			<report>
				<misses>1543001</misses>
				<total>13</total>
				<timestamp>354.536025</timestamp>
			</report>
			<report>
				<misses>1544001</misses>
				<total>13</total>
				<timestamp>354.765741</timestamp>
			</report>
			<report>
				<misses>1545001</misses>
				<total>13</total>
				<timestamp>354.995521</timestamp>
			</report>
			<report>
				<misses>1546001</misses>
				<total>13</total>
				<timestamp>355.225294</timestamp>
			</report>
			<report>
				<misses>1547001</misses>
				<total>13</total>
				<timestamp>355.455072</timestamp>
			</report>
			<report>
				<misses>1548001</misses>
				<total>13</total>
				<timestamp>355.684860</timestamp>
			</report>
			<report>
				<misses>1549001</misses>
				<total>13</total>
				<timestamp>355.914628</timestamp>
			</report>
			<report>
				<misses>1550001</misses>
				<total>13</total>
				<timestamp>356.144427</timestamp>
			</report>
			<report>
				<misses>1551001</misses>
				<total>13</total>
				<timestamp>356.374120</timestamp>
			</report>
			<report>
				<misses>1552001</misses>
				<total>13</total>
				<timestamp>356.603925</timestamp>
			</report>
			<report>
				<misses>1553001</misses>
				<total>13</total>
				<timestamp>356.833674</timestamp>
			</report>
			<report>
				<misses>1554001</misses>
				<total>13</total>
				<timestamp>357.063456</timestamp>
			</report>
			<report>
				<misses>1555001</misses>
				<total>13</total>
				<timestamp>357.293207</timestamp>
			</report>
			<report>
				<misses>1556001</misses>
				<total>13</total>
				<timestamp>357.522995</timestamp>
			</report>
			<report>
				<misses>1557001</misses>
				<total>13</total>
				<timestamp>357.752781</timestamp>
			</report>
			<report>
				<misses>1558001</misses>
				<total>13</total>
				<timestamp>357.982506</timestamp>
			</report>
			<report>
				<misses>1559001</misses>
				<total>13</total>
				<timestamp>358.212282</timestamp>
			</report>
			<report>
				<misses>1560001</misses>
				<total>13</total>
				<timestamp>358.442103</timestamp>
			</report>
			<report>
				<misses>1561001</misses>
				<total>13</total>
				<timestamp>358.671829</timestamp>
			</report>
			<report>
				<misses>1562001</misses>
				<total>13</total>
				<timestamp>358.901611</timestamp>
			</report>
			<report>
				<misses>1563001</misses>
				<total>13</total>
				<timestamp>359.131415</timestamp>
			</report>
			<report>
				<misses>1564001</misses>
				<total>13</total>
				<timestamp>359.361137</timestamp>
			</report>
			<report>
				<misses>1565001</misses>
				<total>13</total>
				<timestamp>359.590987</timestamp>
			</report>
			<report>
				<misses>1566001</misses>
				<total>13</total>
				<timestamp>359.820690</timestamp>
			</report>
			<report>
				<misses>1567001</misses>
				<total>13</total>
				<timestamp>360.050492</timestamp>
			</report>
			<report>
				<misses>1568001</misses>
				<total>13</total>
				<timestamp>360.280219</timestamp>
			</report>
			<report>
				<misses>1569001</misses>
				<total>13</total>
				<timestamp>360.509990</timestamp>
			</report>
			<report>
				<misses>1570001</misses>
				<total>13</total>
				<timestamp>360.739822</timestamp>
			</report>
			<report>
				<misses>1571001</misses>
				<total>14</total>
				<timestamp>360.969547</timestamp>
			</report>
			<report>
				<misses>1572001</misses>
				<total>14</total>
				<timestamp>361.199341</timestamp>
			</report>
			<report>
				<misses>1573001</misses>
				<total>14</total>
				<timestamp>361.429099</timestamp>
			</report>
			<report>
				<misses>1574001</misses>
				<total>14</total>
				<timestamp>361.658871</timestamp>
			</report>
			<report>
				<misses>1575001</misses>
				<total>14</total>
				<timestamp>361.888611</timestamp>
			</report>
			<report>
				<misses>1576001</misses>
				<total>14</total>
				<timestamp>362.118392</timestamp>
			</report>
			<report>
				<misses>1577001</misses>
				<total>14</total>
				<timestamp>362.348160</timestamp>
			</report>
			<report>
				<misses>1578001</misses>
				<total>14</total>
				<timestamp>362.577979</timestamp>
			</report>
			<report>
				<misses>1579001</misses>
				<total>14</total>
				<timestamp>362.807766</timestamp>
			</report>
			<report>
				<misses>1580001</misses>
				<total>14</total>
				<timestamp>363.037460</timestamp>
			</report>
			<report>
				<misses>1581001</misses>
				<total>14</total>
				<timestamp>363.267281</timestamp>
			</report>
			<report>
				<misses>1582001</misses>
				<total>14</total>
				<timestamp>363.496995</timestamp>
			</report>
			<report>
				<misses>1583001</misses>
				<total>14</total>
				<timestamp>363.726815</timestamp>
			</report>
			<report>
				<misses>1584001</misses>
				<total>14</total>
				<timestamp>363.956566</timestamp>
			</report>
			<report>
				<misses>1585001</misses>
				<total>13</total>
				<timestamp>364.186320</timestamp>
			</report>
			<report>
				<misses>1586001</misses>
				<total>14</total>
				<timestamp>364.416089</timestamp>
			</report>
			<report>
				<misses>1587001</misses>
				<total>14</total>
				<timestamp>364.645869</timestamp>
			</report>
			<report>
				<misses>1588001</misses>
				<total>13</total>
				<timestamp>364.875628</timestamp>
			</report>
			<report>
				<misses>1589001</misses>
				<total>14</total>
				<timestamp>365.105416</timestamp>
			</report>
			<report>
				<misses>1590001</misses>
				<total>14</total>
				<timestamp>365.335188</timestamp>
			</report>
			<report>
				<misses>1591001</misses>
				<total>14</total>
				<timestamp>365.564965</timestamp>
			</report>
			<report>
				<misses>1592001</misses>
				<total>14</total>
				<timestamp>365.794750</timestamp>
			</report>
			<report>
				<misses>1593001</misses>
				<total>14</total>
				<timestamp>366.024485</timestamp>
			</report>
			<report>
				<misses>1594001</misses>
				<total>14</total>
				<timestamp>366.254238</timestamp>
			</report>
			<report>
				<misses>1595001</misses>
				<total>14</total>
				<timestamp>366.483994</timestamp>
			</report>
			<report>
				<misses>1596001</misses>
				<total>14</total>
				<timestamp>366.713828</timestamp>
			</report>
			<report>
				<misses>1597001</misses>
				<total>14</total>
				<timestamp>366.943633</timestamp>
			</report>
			<report>
				<misses>1598001</misses>
				<total>14</total>
				<timestamp>367.173325</timestamp>
			</report>
			<report>
				<misses>1599001</misses>
				<total>14</total>
				<timestamp>367.403107</timestamp>
			</report>
			<report>
				<misses>1600001</misses>
				<total>14</total>
				<timestamp>367.632904</timestamp>
			</report>
			<report>
				<misses>1601001</misses>
				<total>14</total>
				<timestamp>367.862622</timestamp>
			</report>
			<report>
				<misses>1602001</misses>
				<total>14</total>
				<timestamp>368.092409</timestamp>
			</report>
			<report>
				<misses>1603001</misses>
				<total>14</total>
				<timestamp>368.322182</timestamp>
			</report>
			<report>
				<misses>1604001</misses>
				<total>14</total>
				<timestamp>368.551951</timestamp>
			</report>
			<report>
				<misses>1605001</misses>
				<total>14</total>
				<timestamp>368.781727</timestamp>
			</report>
			<report>
				<misses>1606001</misses>
				<total>14</total>
				<timestamp>369.011499</timestamp>
			</report>
			<report>
				<misses>1607001</misses>
				<total>13</total>
				<timestamp>369.241299</timestamp>
			</report>
			<report>
				<misses>1608001</misses>
				<total>14</total>
				<timestamp>369.471030</timestamp>
			</report>
			<report>
				<misses>1609001</misses>
				<total>14</total>
				<timestamp>369.700823</timestamp>
			</report>
			<report>
				<misses>1610001</misses>
				<total>14</total>
				<timestamp>369.930558</timestamp>
			</report>
			<report>
				<misses>1611001</misses>
				<total>14</total>
				<timestamp>370.160360</timestamp>
			</report>
			<report>
				<misses>1612001</misses>
				<total>14</total>
				<timestamp>370.390171</timestamp>
			</report>
			<report>
				<misses>1613001</misses>
				<total>14</total>
				<timestamp>370.619864</timestamp>
			</report>
			<report>
				<misses>1614001</misses>
				<total>14</total>
				<timestamp>370.849632</timestamp>
			</report>
			<report>
				<misses>1615001</misses>
				<total>14</total>
				<timestamp>371.079448</timestamp>
			</report>
			<report>
				<misses>1616001</misses>
				<total>14</total>
				<timestamp>371.309210</timestamp>
			</report>
			<report>
				<misses>1617001</misses>
				<total>14</total>
				<timestamp>371.539013</timestamp>
			</report>
			<report>
				<misses>1618001</misses>
				<total>14</total>
				<timestamp>371.768785</timestamp>
			</report>
			<report>
				<misses>1619001</misses>
				<total>14</total>
				<timestamp>371.998511</timestamp>
			</report>
			<report>
				<misses>1620001</misses>
				<total>13</total>
				<timestamp>372.228281</timestamp>
			</report>
			<report>
				<misses>1621001</misses>
				<total>14</total>
				<timestamp>372.458048</timestamp>
			</report>
			<report>
				<misses>1622001</misses>
				<total>14</total>
				<timestamp>372.687828</timestamp>
			</report>
			<report>
				<misses>1623001</misses>
				<total>14</total>
				<timestamp>372.917589</timestamp>
			</report>
			<report>
				<misses>1624001</misses>
				<total>14</total>
				<timestamp>373.147376</timestamp>
			</report>
			<report>
				<misses>1625001</misses>
				<total>14</total>
				<timestamp>373.377137</timestamp>
			</report>
			<report>
				<misses>1626001</misses>
				<total>14</total>
				<timestamp>373.606898</timestamp>
			</report>
			<report>
				<misses>1627001</misses>
				<total>14</total>
				<timestamp>373.836662</timestamp>
			</report>
			<report>
				<misses>1628001</misses>
				<total>14</total>
				<timestamp>374.066418</timestamp>
			</report>
			<report>
				<misses>1629001</misses>
				<total>14</total>
				<timestamp>374.296174</timestamp>
			</report>
			<report>
				<misses>1630001</misses>
				<total>14</total>
				<timestamp>374.525989</timestamp>
			</report>
			<report>
				<misses>1631001</misses>
				<total>14</total>
				<timestamp>374.755789</timestamp>
			</report>
			<report>
				<misses>1632001</misses>
				<total>14</total>
				<timestamp>374.985516</timestamp>
			</report>
			<report>
				<misses>1633001</misses>
				<total>13</total>
				<timestamp>375.215327</timestamp>
			</report>
			<report>
				<misses>1634001</misses>
				<total>14</total>
				<timestamp>375.445067</timestamp>
			</report>
			<report>
				<misses>1635001</misses>
				<total>14</total>
				<timestamp>375.674849</timestamp>
			</report>
			<report>
				<misses>1636001</misses>
				<total>14</total>
				<timestamp>375.904665</timestamp>
			</report>
			<report>
				<misses>1637001</misses>
				<total>14</total>
				<timestamp>376.134403</timestamp>
			</report>
			<report>
				<misses>1638001</misses>
				<total>14</total>
				<timestamp>376.364119</timestamp>
			</report>
			<report>
				<misses>1639001</misses>
				<total>14</total>
				<timestamp>376.593892</timestamp>
			</report>
			<report>
				<misses>1640001</misses>
				<total>14</total>
				<timestamp>376.823710</timestamp>
			</report>
			<report>
				<misses>1641001</misses>
				<total>14</total>
				<timestamp>377.053484</timestamp>
			</report>
			<report>
				<misses>1642001</misses>
				<total>14</total>
				<timestamp>377.283201</timestamp>
			</report>
			<report>
				<misses>1643001</misses>
				<total>14</total>
				<timestamp>377.512970</timestamp>
			</report>
			<report>
				<misses>1644001</misses>
				<total>14</total>
				<timestamp>377.742768</timestamp>
			</report>
			<report>
				<misses>1645001</misses>
				<total>14</total>
				<timestamp>377.972532</timestamp>
			</report>
			<report>
				<misses>1646001</misses>
				<total>14</total>
				<timestamp>378.202336</timestamp>
			</report>
			<report>
				<misses>1647001</misses>
				<total>14</total>
				<timestamp>378.432110</timestamp>
			</report>
			<report>
				<misses>1648001</misses>
				<total>14</total>
				<timestamp>378.661834</timestamp>
			</report>
			<report>
				<misses>1649001</misses>
				<total>14</total>
				<timestamp>378.891586</timestamp>
			</report>
			<report>
				<misses>1650001</misses>
				<total>14</total>
				<timestamp>379.121371</timestamp>
			</report>
			<report>
				<misses>1651001</misses>
				<total>14</total>
				<timestamp>379.351140</timestamp>
			</report>
			<report>
				<misses>1652001</misses>
				<total>14</total>
				<timestamp>379.580913</timestamp>
			</report>
			<report>
				<misses>1653001</misses>
				<total>14</total>
				<timestamp>379.810729</timestamp>
			</report>
			<report>
				<misses>1654001</misses>
				<total>14</total>
				<timestamp>380.040451</timestamp>
			</report>
			<report>
				<misses>1655001</misses>
				<total>14</total>
				<timestamp>380.270213</timestamp>
			</report>
			<report>
				<misses>1656001</misses>
				<total>14</total>
				<timestamp>380.499979</timestamp>
			</report>
			<report>
				<misses>1657001</misses>
				<total>14</total>
				<timestamp>380.729761</timestamp>
			</report>
			<report>
				<misses>1658001</misses>
				<total>14</total>
				<timestamp>380.959512</timestamp>
			</report>
			<report>
				<misses>1659001</misses>
				<total>14</total>
				<timestamp>381.189330</timestamp>
			</report>
			<report>
				<misses>1660001</misses>
				<total>14</total>
				<timestamp>381.419077</timestamp>
			</report>
			<report>
				<misses>1661001</misses>
				<total>14</total>
				<timestamp>381.648866</timestamp>
			</report>
			<report>
				<misses>1662001</misses>
				<total>14</total>
				<timestamp>381.878617</timestamp>
			</report>
			<report>
				<misses>1663001</misses>
				<total>14</total>
				<timestamp>382.108415</timestamp>
			</report>
			<report>
				<misses>1664001</misses>
				<total>14</total>
				<timestamp>382.338148</timestamp>
			</report>
			<report>
				<misses>1665001</misses>
				<total>14</total>
				<timestamp>382.567923</timestamp>
			</report>
			<report>
				<misses>1666001</misses>
				<total>14</total>
				<timestamp>382.797682</timestamp>
			</report>
			<report>
				<misses>1667001</misses>
				<total>14</total>
				<timestamp>383.027487</timestamp>
			</report>
			<report>
				<misses>1668001</misses>
				<total>14</total>
				<timestamp>383.257280</timestamp>
			</report>
			<report>
				<misses>1669001</misses>
				<total>14</total>
				<timestamp>383.486998</timestamp>
			</report>
			<report>
				<misses>1670001</misses>
				<total>14</total>
				<timestamp>383.716771</timestamp>
			</report>
			<report>
				<misses>1671001</misses>
				<total>14</total>
				<timestamp>383.946579</timestamp>
			</report>
			<report>
				<misses>1672001</misses>
				<total>14</total>
				<timestamp>384.176314</timestamp>
			</report>
			<report>
				<misses>1673001</misses>
				<total>14</total>
				<timestamp>384.406064</timestamp>
			</report>
			<report>
				<misses>1674001</misses>
				<total>14</total>
				<timestamp>384.635850</timestamp>
			</report>
			<report>
				<misses>1675001</misses>
				<total>14</total>
				<timestamp>384.865658</timestamp>
			</report>
			<report>
				<misses>1676001</misses>
				<total>13</total>
				<timestamp>385.095426</timestamp>
			</report>
			<report>
				<misses>1677001</misses>
				<total>14</total>
				<timestamp>385.325139</timestamp>
			</report>
			<report>
				<misses>1678001</misses>
				<total>14</total>
				<timestamp>385.554940</timestamp>
			</report>
			<report>
				<misses>1679001</misses>
				<total>14</total>
				<timestamp>385.784746</timestamp>
			</report>
			<report>
				<misses>1680001</misses>
				<total>13</total>
				<timestamp>386.014487</timestamp>
			</report>
			<report>
				<misses>1681001</misses>
				<total>13</total>
				<timestamp>386.244254</timestamp>
			</report>
			<report>
				<misses>1682001</misses>
				<total>14</total>
				<timestamp>386.474036</timestamp>
			</report>
			<report>
				<misses>1683001</misses>
				<total>19</total>
				<timestamp>386.703772</timestamp>
			</report>
			<report>
				<misses>1684001</misses>
				<total>19</total>
				<timestamp>386.933536</timestamp>
			</report>
			<report>
				<misses>1685001</misses>
				<total>19</total>
				<timestamp>387.163325</timestamp>
			</report>
			<report>
				<misses>1686001</misses>
				<total>19</total>
				<timestamp>387.393078</timestamp>
			</report>
			<report>
				<misses>1687001</misses>
				<total>19</total>
				<timestamp>387.622855</timestamp>
			</report>
			<report>
				<misses>1688001</misses>
				<total>18</total>
				<timestamp>387.852724</timestamp>
			</report>
			<report>
				<misses>1689001</misses>
				<total>19</total>
				<timestamp>388.082424</timestamp>
			</report>
			<report>
				<misses>1690001</misses>
				<total>19</total>
				<timestamp>388.312172</timestamp>
			</report>
			<report>
				<misses>1691001</misses>
				<total>19</total>
				<timestamp>388.541969</timestamp>
			</report>
			<report>
				<misses>1692001</misses>
				<total>19</total>
				<timestamp>388.771708</timestamp>
			</report>
			<report>
				<misses>1693001</misses>
				<total>19</total>
				<timestamp>389.001471</timestamp>
			</report>
			<report>
				<misses>1694001</misses>
				<total>19</total>
				<timestamp>389.231273</timestamp>
			</report>
			<report>
				<misses>1695001</misses>
				<total>19</total>
				<timestamp>389.461019</timestamp>
			</report>
			<report>
				<misses>1696001</misses>
				<total>19</total>
				<timestamp>389.690775</timestamp>
			</report>
			<report>
				<misses>1697001</misses>
				<total>19</total>
				<timestamp>389.920558</timestamp>
			</report>
			<report>
				<misses>1698001</misses>
				<total>19</total>
				<timestamp>390.150351</timestamp>
			</report>
			<report>
				<misses>1699001</misses>
				<total>19</total>
				<timestamp>390.380100</timestamp>
			</report>
			<report>
				<misses>1700001</misses>
				<total>19</total>
				<timestamp>390.609854</timestamp>
			</report>
			<report>
				<misses>1701001</misses>
				<total>19</total>
				<timestamp>390.839671</timestamp>
			</report>
			<report>
				<misses>1702001</misses>
				<total>19</total>
				<timestamp>391.069417</timestamp>
			</report>
			<report>
				<misses>1703001</misses>
				<total>19</total>
				<timestamp>391.299186</timestamp>
			</report>
			<report>
				<misses>1704001</misses>
				<total>19</total>
				<timestamp>391.528960</timestamp>
			</report>
			<report>
				<misses>1705001</misses>
				<total>19</total>
				<timestamp>391.758771</timestamp>
			</report>
			<report>
				<misses>1706001</misses>
				<total>19</total>
				<timestamp>391.988500</timestamp>
			</report>
			<report>
				<misses>1707001</misses>
				<total>19</total>
				<timestamp>392.218258</timestamp>
			</report>
			<report>
				<misses>1708001</misses>
				<total>19</total>
				<timestamp>392.448010</timestamp>
			</report>
			<report>
				<misses>1709001</misses>
				<total>19</total>
				<timestamp>392.677832</timestamp>
			</report>
			<report>
				<misses>1710001</misses>
				<total>19</total>
				<timestamp>392.907635</timestamp>
			</report>
			<report>
				<misses>1711001</misses>
				<total>19</total>
				<timestamp>393.137379</timestamp>
			</report>
			<report>
				<misses>1712001</misses>
				<total>19</total>
				<timestamp>393.367087</timestamp>
			</report>
			<report>
				<misses>1713001</misses>
				<total>19</total>
				<timestamp>393.596863</timestamp>
			</report>
			<report>
				<misses>1714001</misses>
				<total>19</total>
				<timestamp>393.826689</timestamp>
			</report>
			<report>
				<misses>1715001</misses>
				<total>19</total>
				<timestamp>394.056405</timestamp>
			</report>
			<report>
				<misses>1716001</misses>
				<total>19</total>
				<timestamp>394.286206</timestamp>
			</report>
			<report>
				<misses>1717001</misses>
				<total>19</total>
				<timestamp>394.515959</timestamp>
			</report>
			<report>
				<misses>1718001</misses>
				<total>19</total>
				<timestamp>394.745753</timestamp>
			</report>
			<report>
				<misses>1719001</misses>
				<total>18</total>
				<timestamp>394.975503</timestamp>
			</report>
			<report>
				<misses>1720001</misses>
				<total>18</total>
				<timestamp>395.205290</timestamp>
			</report>
			<report>
				<misses>1721001</misses>
				<total>19</total>
				<timestamp>395.435042</timestamp>
			</report>
			<report>
				<misses>1722001</misses>
				<total>19</total>
				<timestamp>395.664893</timestamp>
			</report>
			<report>
				<misses>1723001</misses>
				<total>19</total>
				<timestamp>395.894617</timestamp>
			</report>
			<report>
				<misses>1724001</misses>
				<total>19</total>
				<timestamp>396.124379</timestamp>
			</report>
			<report>
				<misses>1725001</misses>
				<total>19</total>
				<timestamp>396.354117</timestamp>
			</report>
			<report>
				<misses>1726001</misses>
				<total>19</total>
				<timestamp>396.583906</timestamp>
			</report>
			<report>
				<misses>1727001</misses>
				<total>19</total>
				<timestamp>396.813644</timestamp>
			</report>
			<report>
				<misses>1728001</misses>
				<total>19</total>
				<timestamp>397.043431</timestamp>
			</report>
			<report>
				<misses>1729001</misses>
				<total>19</total>
				<timestamp>397.273322</timestamp>
			</report>
			<report>
				<misses>1730001</misses>
				<total>19</total>
				<timestamp>397.502969</timestamp>
			</report>
			<report>
				<misses>1731001</misses>
				<total>19</total>
				<timestamp>397.732749</timestamp>
			</report>
			<report>
				<misses>1732001</misses>
				<total>19</total>
				<timestamp>397.962507</timestamp>
			</report>
			<report>
				<misses>1733001</misses>
				<total>19</total>
				<timestamp>398.192277</timestamp>
			</report>
			<report>
				<misses>1734001</misses>
				<total>19</total>
				<timestamp>398.422055</timestamp>
			</report>
			<report>
				<misses>1735001</misses>
				<total>19</total>
				<timestamp>398.651798</timestamp>
			</report>
			<report>
				<misses>1736001</misses>
				<total>19</total>
				<timestamp>398.881578</timestamp>
			</report>
			<report>
				<misses>1737001</misses>
				<total>19</total>
				<timestamp>399.111374</timestamp>
			</report>
			<report>
				<misses>1738001</misses>
				<total>19</total>
				<timestamp>399.341164</timestamp>
			</report>
			<report>
				<misses>1739001</misses>
				<total>19</total>
				<timestamp>399.570921</timestamp>
			</report>
			<report>
				<misses>1740001</misses>
				<total>19</total>
				<timestamp>399.800658</timestamp>
			</report>
			<report>
				<misses>1741001</misses>
				<total>19</total>
				<timestamp>400.030426</timestamp>
			</report>
			<report>
				<misses>1742001</misses>
				<total>19</total>
				<timestamp>400.260210</timestamp>
			</report>
			<report>
				<misses>1743001</misses>
				<total>19</total>
				<timestamp>400.489977</timestamp>
			</report>
			<report>
				<misses>1744001</misses>
				<total>19</total>
				<timestamp>400.719742</timestamp>
			</report>
			<report>
				<misses>1745001</misses>
				<total>19</total>
				<timestamp>400.949509</timestamp>
			</report>
			<report>
				<misses>1746001</misses>
				<total>19</total>
				<timestamp>401.179315</timestamp>
			</report>
			<report>
				<misses>1747001</misses>
				<total>19</total>
				<timestamp>401.409068</timestamp>
			</report>
			<report>
				<misses>1748001</misses>
				<total>19</total>
				<timestamp>401.638831</timestamp>
			</report>
			<report>
				<misses>1749001</misses>
				<total>19</total>
				<timestamp>401.868599</timestamp>
			</report>
			<report>
				<misses>1750001</misses>
				<total>19</total>
				<timestamp>402.098352</timestamp>
			</report>
			<report>
				<misses>1751001</misses>
				<total>19</total>
				<timestamp>402.328138</timestamp>
			</report>
			<report>
				<misses>1752001</misses>
				<total>19</total>
				<timestamp>402.557917</timestamp>
			</report>
			<report>
				<misses>1753001</misses>
				<total>19</total>
				<timestamp>402.787957</timestamp>
			</report>
			<report>
				<misses>1754001</misses>
				<total>19</total>
				<timestamp>403.017720</timestamp>
			</report>
			<report>
				<misses>1755001</misses>
				<total>19</total>
				<timestamp>403.247442</timestamp>
			</report>
			<report>
				<misses>1756001</misses>
				<total>19</total>
				<timestamp>403.477222</timestamp>
			</report>
			<report>
				<misses>1757001</misses>
				<total>19</total>
				<timestamp>403.707028</timestamp>
			</report>
			<report>
				<misses>1758001</misses>
				<total>19</total>
				<timestamp>403.936747</timestamp>
			</report>
			<report>
				<misses>1759001</misses>
				<total>19</total>
				<timestamp>404.166519</timestamp>
			</report>
			<report>
				<misses>1760001</misses>
				<total>19</total>
				<timestamp>404.396282</timestamp>
			</report>
			<report>
				<misses>1761001</misses>
				<total>19</total>
				<timestamp>404.626066</timestamp>
			</report>
			<report>
				<misses>1762001</misses>
				<total>19</total>
				<timestamp>404.855824</timestamp>
			</report>
			<report>
				<misses>1763001</misses>
				<total>19</total>
				<timestamp>405.085683</timestamp>
			</report>
			<report>
				<misses>1764001</misses>
				<total>19</total>
				<timestamp>405.315367</timestamp>
			</report>
			<report>
				<misses>1765001</misses>
				<total>19</total>
				<timestamp>405.545192</timestamp>
			</report>
			<report>
				<misses>1766001</misses>
				<total>19</total>
				<timestamp>405.774928</timestamp>
			</report>
			<report>
				<misses>1767001</misses>
				<total>19</total>
				<timestamp>406.004673</timestamp>
			</report>
			<report>
				<misses>1768001</misses>
				<total>19</total>
				<timestamp>406.234461</timestamp>
			</report>
			<report>
				<misses>1769001</misses>
				<total>19</total>
				<timestamp>406.464244</timestamp>
			</report>
			<report>
				<misses>1770001</misses>
				<total>19</total>
				<timestamp>406.693981</timestamp>
			</report>
			<report>
				<misses>1771001</misses>
				<total>19</total>
				<timestamp>406.923847</timestamp>
			</report>
			<report>
				<misses>1772001</misses>
				<total>19</total>
				<timestamp>407.153539</timestamp>
			</report>
			<report>
				<misses>1773001</misses>
				<total>19</total>
				<timestamp>407.383322</timestamp>
			</report>
			<report>
				<misses>1774001</misses>
				<total>18</total>
				<timestamp>407.613154</timestamp>
			</report>
			<report>
				<misses>1775001</misses>
				<total>18</total>
				<timestamp>407.842859</timestamp>
			</report>
			<report>
				<misses>1776001</misses>
				<total>19</total>
				<timestamp>408.072652</timestamp>
			</report>
			<report>
				<misses>1777001</misses>
				<total>19</total>
				<timestamp>408.302400</timestamp>
			</report>
			<report>
				<misses>1778001</misses>
				<total>19</total>
				<timestamp>408.532162</timestamp>
			</report>
			<report>
				<misses>1779001</misses>
				<total>19</total>
				<timestamp>408.761945</timestamp>
			</report>
			<report>
				<misses>1780001</misses>
				<total>19</total>
				<timestamp>408.991764</timestamp>
			</report>
			<report>
				<misses>1781001</misses>
				<total>19</total>
				<timestamp>409.221470</timestamp>
			</report>
			<report>
				<misses>1782001</misses>
				<total>19</total>
				<timestamp>409.451253</timestamp>
			</report>
			<report>
				<misses>1783001</misses>
				<total>19</total>
				<timestamp>409.681006</timestamp>
			</report>
			<report>
				<misses>1784001</misses>
				<total>19</total>
				<timestamp>409.910764</timestamp>
			</report>
			<report>
				<misses>1785001</misses>
				<total>19</total>
				<timestamp>410.140524</timestamp>
			</report>
			<report>
				<misses>1786001</misses>
				<total>19</total>
				<timestamp>410.370303</timestamp>
			</report>
			<report>
				<misses>1787001</misses>
				<total>19</total>
				<timestamp>410.600161</timestamp>
			</report>
			<report>
				<misses>1788001</misses>
				<total>19</total>
				<timestamp>410.829843</timestamp>
			</report>
			<report>
				<misses>1789001</misses>
				<total>19</total>
				<timestamp>411.059617</timestamp>
			</report>
			<report>
				<misses>1790001</misses>
				<total>19</total>
				<timestamp>411.289407</timestamp>
			</report>
			<report>
				<misses>1791001</misses>
				<total>19</total>
				<timestamp>411.519190</timestamp>
			</report>
			<report>
				<misses>1792001</misses>
				<total>19</total>
				<timestamp>411.748931</timestamp>
			</report>
			<report>
				<misses>1793001</misses>
				<total>19</total>
				<timestamp>411.978718</timestamp>
			</report>
			<report>
				<misses>1794001</misses>
				<total>19</total>
				<timestamp>412.208544</timestamp>
			</report>
			<report>
				<misses>1795001</misses>
				<total>19</total>
				<timestamp>412.438320</timestamp>
			</report>
			<report>
				<misses>1796001</misses>
				<total>19</total>
				<timestamp>412.668021</timestamp>
			</report>
			<report>
				<misses>1797001</misses>
				<total>19</total>
				<timestamp>412.897917</timestamp>
			</report>
			<report>
				<misses>1798001</misses>
				<total>19</total>
				<timestamp>413.127602</timestamp>
			</report>
			<report>
				<misses>1799001</misses>
				<total>19</total>
				<timestamp>413.357364</timestamp>
			</report>
			<report>
				<misses>1800001</misses>
				<total>19</total>
				<timestamp>413.587166</timestamp>
			</report>
			<report>
				<misses>1801001</misses>
				<total>19</total>
				<timestamp>413.816883</timestamp>
			</report>
			<report>
				<misses>1802001</misses>
				<total>19</total>
				<timestamp>414.046669</timestamp>
			</report>
			<report>
				<misses>1803001</misses>
				<total>19</total>
				<timestamp>414.276394</timestamp>
			</report>
			<report>
				<misses>1804001</misses>
				<total>19</total>
				<timestamp>414.506182</timestamp>
			</report>
			<report>
				<misses>1805001</misses>
				<total>19</total>
				<timestamp>414.736026</timestamp>
			</report>
			<report>
				<misses>1806001</misses>
				<total>19</total>
				<timestamp>414.965806</timestamp>
			</report>
			<report>
				<misses>1807001</misses>
				<total>19</total>
				<timestamp>415.195534</timestamp>
			</report>
			<report>
				<misses>1808001</misses>
				<total>18</total>
				<timestamp>415.425255</timestamp>
			</report>
			<report>
				<misses>1809001</misses>
				<total>19</total>
				<timestamp>415.655115</timestamp>
			</report>
			<report>
				<misses>1810001</misses>
				<total>18</total>
				<timestamp>415.884789</timestamp>
			</report>
			<report>
				<misses>1811001</misses>
				<total>19</total>
				<timestamp>416.114556</timestamp>
			</report>
			<report>
				<misses>1812001</misses>
				<total>19</total>
				<timestamp>416.344334</timestamp>
			</report>
			<report>
				<misses>1813001</misses>
				<total>19</total>
				<timestamp>416.574122</timestamp>
			</report>
			<report>
				<misses>1814001</misses>
				<total>19</total>
				<timestamp>416.803863</timestamp>
			</report>
			<report>
				<misses>1815001</misses>
				<total>19</total>
				<timestamp>417.033713</timestamp>
			</report>
			<report>
				<misses>1816001</misses>
				<total>19</total>
				<timestamp>417.263401</timestamp>
			</report>
			<report>
				<misses>1817001</misses>
				<total>19</total>
				<timestamp>417.493205</timestamp>
			</report>
			<report>
				<misses>1818001</misses>
				<total>19</total>
				<timestamp>417.722940</timestamp>
			</report>
			<report>
				<misses>1819001</misses>
				<total>19</total>
				<timestamp>417.952771</timestamp>
			</report>
			<report>
				<misses>1820001</misses>
				<total>19</total>
				<timestamp>418.182516</timestamp>
			</report>
			<report>
				<misses>1821001</misses>
				<total>18</total>
				<timestamp>418.412276</timestamp>
			</report>
			<report>
				<misses>1822001</misses>
				<total>19</total>
				<timestamp>418.642103</timestamp>
			</report>
			<report>
				<misses>1823001</misses>
				<total>19</total>
				<timestamp>418.871785</timestamp>
			</report>
			<report>
				<misses>1824001</misses>
				<total>19</total>
				<timestamp>419.101580</timestamp>
			</report>
			<report>
				<misses>1825001</misses>
				<total>19</total>
				<timestamp>419.331327</timestamp>
			</report>
			<report>
				<misses>1826001</misses>
				<total>19</total>
				<timestamp>419.561118</timestamp>
			</report>
			<report>
				<misses>1827001</misses>
				<total>19</total>
				<timestamp>419.790903</timestamp>
			</report>
			<report>
				<misses>1828001</misses>
				<total>19</total>
				<timestamp>420.020653</timestamp>
			</report>
			<report>
				<misses>1829001</misses>
				<total>19</total>
				<timestamp>420.250456</timestamp>
			</report>
			<report>
				<misses>1830001</misses>
				<total>19</total>
				<timestamp>420.480192</timestamp>
			</report>
			<report>
				<misses>1831001</misses>
				<total>19</total>
				<timestamp>420.710057</timestamp>
			</report>
			<report>
				<misses>1832001</misses>
				<total>19</total>
				<timestamp>420.939744</timestamp>
			</report>
			<report>
				<misses>1833001</misses>
				<total>19</total>
				<timestamp>421.169541</timestamp>
			</report>
			<report>
				<misses>1834001</misses>
				<total>19</total>
				<timestamp>421.399272</timestamp>
			</report>
			<report>
				<misses>1835001</misses>
				<total>19</total>
				<timestamp>421.629135</timestamp>
			</report>
			<report>
				<misses>1836001</misses>
				<total>19</total>
				<timestamp>421.858807</timestamp>
			</report>
			<report>
				<misses>1837001</misses>
				<total>19</total>
				<timestamp>422.088582</timestamp>
			</report>
			<report>
				<misses>1838001</misses>
				<total>19</total>
				<timestamp>422.318347</timestamp>
			</report>
			<report>
				<misses>1839001</misses>
				<total>19</total>
				<timestamp>422.548137</timestamp>
			</report>
			<report>
				<misses>1840001</misses>
				<total>19</total>
				<timestamp>422.777915</timestamp>
			</report>
			<report>
				<misses>1841001</misses>
				<total>19</total>
				<timestamp>423.007662</timestamp>
			</report>
			<report>
				<misses>1842001</misses>
				<total>19</total>
				<timestamp>423.237534</timestamp>
			</report>
			<report>
				<misses>1843001</misses>
				<total>19</total>
				<timestamp>423.467223</timestamp>
			</report>
			<report>
				<misses>1844001</misses>
				<total>19</total>
				<timestamp>423.697041</timestamp>
			</report>
			<report>
				<misses>1845001</misses>
				<total>19</total>
				<timestamp>423.926768</timestamp>
			</report>
			<report>
				<misses>1846001</misses>
				<total>19</total>
				<timestamp>424.156552</timestamp>
			</report>
			<report>
				<misses>1847001</misses>
				<total>19</total>
				<timestamp>424.386287</timestamp>
			</report>
			<report>
				<misses>1848001</misses>
				<total>19</total>
				<timestamp>424.616103</timestamp>
			</report>
			<report>
				<misses>1849001</misses>
				<total>19</total>
				<timestamp>424.845818</timestamp>
			</report>
			<report>
				<misses>1850001</misses>
				<total>19</total>
				<timestamp>425.075635</timestamp>
			</report>
			<report>
				<misses>1851001</misses>
				<total>19</total>
				<timestamp>425.305351</timestamp>
			</report>
			<report>
				<misses>1852001</misses>
				<total>19</total>
				<timestamp>425.535217</timestamp>
			</report>
			<report>
				<misses>1853001</misses>
				<total>19</total>
				<timestamp>425.764978</timestamp>
			</report>
			<report>
				<misses>1854001</misses>
				<total>19</total>
				<timestamp>425.994695</timestamp>
			</report>
			<report>
				<misses>1855001</misses>
				<total>19</total>
				<timestamp>426.224480</timestamp>
			</report>
			<report>
				<misses>1856001</misses>
				<total>19</total>
				<timestamp>426.454289</timestamp>
			</report>
			<report>
				<misses>1857001</misses>
				<total>19</total>
				<timestamp>426.684080</timestamp>
			</report>
			<report>
				<misses>1858001</misses>
				<total>19</total>
				<timestamp>426.913738</timestamp>
			</report>
			<report>
				<misses>1859001</misses>
				<total>19</total>
				<timestamp>427.143571</timestamp>
			</report>
			<report>
				<misses>1860001</misses>
				<total>19</total>
				<timestamp>427.373295</timestamp>
			</report>
			<report>
				<misses>1861001</misses>
				<total>19</total>
				<timestamp>427.603070</timestamp>
			</report>
			<report>
				<misses>1862001</misses>
				<total>20</total>
				<timestamp>427.832835</timestamp>
			</report>
			<report>
				<misses>1863001</misses>
				<total>20</total>
				<timestamp>428.062596</timestamp>
			</report>
			<report>
				<misses>1864001</misses>
				<total>20</total>
				<timestamp>428.292385</timestamp>
			</report>
			<report>
				<misses>1865001</misses>
				<total>20</total>
				<timestamp>428.522175</timestamp>
			</report>
			<report>
				<misses>1866001</misses>
				<total>20</total>
				<timestamp>428.751937</timestamp>
			</report>
			<report>
				<misses>1867001</misses>
				<total>20</total>
				<timestamp>428.981668</timestamp>
			</report>
			<report>
				<misses>1868001</misses>
				<total>20</total>
				<timestamp>429.211522</timestamp>
			</report>
			<report>
				<misses>1869001</misses>
				<total>19</total>
				<timestamp>429.441224</timestamp>
			</report>
			<report>
				<misses>1870001</misses>
				<total>20</total>
				<timestamp>429.671031</timestamp>
			</report>
			<report>
				<misses>1871001</misses>
				<total>20</total>
				<timestamp>429.900768</timestamp>
			</report>
			<report>
				<misses>1872001</misses>
				<total>20</total>
				<timestamp>430.130601</timestamp>
			</report>
			<report>
				<misses>1873001</misses>
				<total>20</total>
				<timestamp>430.360306</timestamp>
			</report>
			<report>
				<misses>1874001</misses>
				<total>20</total>
				<timestamp>430.590119</timestamp>
			</report>
			<report>
				<misses>1875001</misses>
				<total>20</total>
				<timestamp>430.819843</timestamp>
			</report>
			<report>
				<misses>1876001</misses>
				<total>20</total>
				<timestamp>431.049667</timestamp>
			</report>
			<report>
				<misses>1877001</misses>
				<total>20</total>
				<timestamp>431.279363</timestamp>
			</report>
			<report>
				<misses>1878001</misses>
				<total>20</total>
				<timestamp>431.509155</timestamp>
			</report>
			<report>
				<misses>1879001</misses>
				<total>20</total>
				<timestamp>431.738955</timestamp>
			</report>
			<report>
				<misses>1880001</misses>
				<total>20</total>
				<timestamp>431.968681</timestamp>
			</report>
			<report>
				<misses>1881001</misses>
				<total>20</total>
				<timestamp>432.198472</timestamp>
			</report>
			<report>
				<misses>1882001</misses>
				<total>20</total>
				<timestamp>432.428239</timestamp>
			</report>
			<report>
				<misses>1883001</misses>
				<total>20</total>
				<timestamp>432.658019</timestamp>
			</report>
			<report>
				<misses>1884001</misses>
				<total>20</total>
				<timestamp>432.887806</timestamp>
			</report>
			<report>
				<misses>1885001</misses>
				<total>20</total>
				<timestamp>433.117599</timestamp>
			</report>
			<report>
				<misses>1886001</misses>
				<total>20</total>
				<timestamp>433.347312</timestamp>
			</report>
			<report>
				<misses>1887001</misses>
				<total>20</total>
				<timestamp>433.577137</timestamp>
			</report>
			<report>
				<misses>1888001</misses>
				<total>20</total>
				<timestamp>433.806850</timestamp>
			</report>
			<report>
				<misses>1889001</misses>
				<total>20</total>
				<timestamp>434.036610</timestamp>
			</report>
			<report>
				<misses>1890001</misses>
				<total>20</total>
				<timestamp>434.266466</timestamp>
			</report>
			<report>
				<misses>1891001</misses>
				<total>20</total>
				<timestamp>434.496167</timestamp>
			</report>
			<report>
				<misses>1892001</misses>
				<total>20</total>
				<timestamp>434.725976</timestamp>
			</report>
			<report>
				<misses>1893001</misses>
				<total>19</total>
				<timestamp>434.955704</timestamp>
			</report>
			<report>
				<misses>1894001</misses>
				<total>20</total>
				<timestamp>435.185478</timestamp>
			</report>
			<report>
				<misses>1895001</misses>
				<total>20</total>
				<timestamp>435.415247</timestamp>
			</report>
			<report>
				<misses>1896001</misses>
				<total>20</total>
				<timestamp>435.645039</timestamp>
			</report>
			<report>
				<misses>1897001</misses>
				<total>20</total>
				<timestamp>435.874771</timestamp>
			</report>
			<report>
				<misses>1898001</misses>
				<total>20</total>
				<timestamp>436.104550</timestamp>
			</report>
			<report>
				<misses>1899001</misses>
				<total>20</total>
				<timestamp>436.334327</timestamp>
			</report>
			<report>
				<misses>1900001</misses>
				<total>20</total>
				<timestamp>436.564103</timestamp>
			</report>
			<report>
				<misses>1901001</misses>
				<total>20</total>
				<timestamp>436.793913</timestamp>
			</report>
			<report>
				<misses>1902001</misses>
				<total>20</total>
				<timestamp>437.023628</timestamp>
			</report>
			<report>
				<misses>1903001</misses>
				<total>20</total>
				<timestamp>437.253420</timestamp>
			</report>
			<report>
				<misses>1904001</misses>
				<total>20</total>
				<timestamp>437.483157</timestamp>
			</report>
			<report>
				<misses>1905001</misses>
				<total>20</total>
				<timestamp>437.712956</timestamp>
			</report>
			<report>
				<misses>1906001</misses>
				<total>20</total>
				<timestamp>437.942710</timestamp>
			</report>
			<report>
				<misses>1907001</misses>
				<total>20</total>
				<timestamp>438.172495</timestamp>
			</report>
			<report>
				<misses>1908001</misses>
				<total>20</total>
				<timestamp>438.402267</timestamp>
			</report>
			<report>
				<misses>1909001</misses>
				<total>20</total>
				<timestamp>438.632111</timestamp>
			</report>
			<report>
				<misses>1910001</misses>
				<total>20</total>
				<timestamp>438.861792</timestamp>
			</report>
			<report>
				<misses>1911001</misses>
				<total>20</total>
				<timestamp>439.091581</timestamp>
			</report>
			<report>
				<misses>1912001</misses>
				<total>20</total>
				<timestamp>439.321332</timestamp>
			</report>
			<report>
				<misses>1913001</misses>
				<total>20</total>
				<timestamp>439.551127</timestamp>
			</report>
			<report>
				<misses>1914001</misses>
				<total>20</total>
				<timestamp>439.780928</timestamp>
			</report>
			<report>
				<misses>1915001</misses>
				<total>20</total>
				<timestamp>440.010629</timestamp>
			</report>
			<report>
				<misses>1916001</misses>
				<total>19</total>
				<timestamp>440.240446</timestamp>
			</report>
			<report>
				<misses>1917001</misses>
				<total>20</total>
				<timestamp>440.470184</timestamp>
			</report>
			<report>
				<misses>1918001</misses>
				<total>20</total>
				<timestamp>440.699982</timestamp>
			</report>
			<report>
				<misses>1919001</misses>
				<total>20</total>
				<timestamp>440.929731</timestamp>
			</report>
			<report>
				<misses>1920001</misses>
				<total>20</total>
				<timestamp>441.159506</timestamp>
			</report>
			<report>
				<misses>1921001</misses>
				<total>20</total>
				<timestamp>441.389289</timestamp>
			</report>
			<report>
				<misses>1922001</misses>
				<total>20</total>
				<timestamp>441.619081</timestamp>
			</report>
			<report>
				<misses>1923001</misses>
				<total>20</total>
				<timestamp>441.848806</timestamp>
			</report>
			<report>
				<misses>1924001</misses>
				<total>20</total>
				<timestamp>442.078597</timestamp>
			</report>
			<report>
				<misses>1925001</misses>
				<total>20</total>
				<timestamp>442.308415</timestamp>
			</report>
			<report>
				<misses>1926001</misses>
				<total>20</total>
				<timestamp>442.538136</timestamp>
			</report>
			<report>
				<misses>1927001</misses>
				<total>20</total>
				<timestamp>442.767972</timestamp>
			</report>
			<report>
				<misses>1928001</misses>
				<total>20</total>
				<timestamp>442.997656</timestamp>
			</report>
			<report>
				<misses>1929001</misses>
				<total>20</total>
				<timestamp>443.227433</timestamp>
			</report>
			<report>
				<misses>1930001</misses>
				<total>20</total>
				<timestamp>443.457244</timestamp>
			</report>
			<report>
				<misses>1931001</misses>
				<total>20</total>
				<timestamp>443.686962</timestamp>
			</report>
			<report>
				<misses>1932001</misses>
				<total>20</total>
				<timestamp>443.916724</timestamp>
			</report>
			<report>
				<misses>1933001</misses>
				<total>20</total>
				<timestamp>444.146501</timestamp>
			</report>
			<report>
				<misses>1934001</misses>
				<total>20</total>
				<timestamp>444.376260</timestamp>
			</report>
			<report>
				<misses>1935001</misses>
				<total>20</total>
				<timestamp>444.606060</timestamp>
			</report>
			<report>
				<misses>1936001</misses>
				<total>20</total>
				<timestamp>444.835827</timestamp>
			</report>
			<report>
				<misses>1937001</misses>
				<total>20</total>
				<timestamp>445.065619</timestamp>
			</report>
			<report>
				<misses>1938001</misses>
				<total>20</total>
				<timestamp>445.295357</timestamp>
			</report>
			<report>
				<misses>1939001</misses>
				<total>20</total>
				<timestamp>445.525125</timestamp>
			</report>
			<report>
				<misses>1940001</misses>
				<total>20</total>
				<timestamp>445.754964</timestamp>
			</report>
			<report>
				<misses>1941001</misses>
				<total>20</total>
				<timestamp>445.984673</timestamp>
			</report>
			<report>
				<misses>1942001</misses>
				<total>19</total>
				<timestamp>446.214442</timestamp>
			</report>
			<report>
				<misses>1943001</misses>
				<total>20</total>
				<timestamp>446.444201</timestamp>
			</report>
			<report>
				<misses>1944001</misses>
				<total>20</total>
				<timestamp>446.674005</timestamp>
			</report>
			<report>
				<misses>1945001</misses>
				<total>20</total>
				<timestamp>446.903758</timestamp>
			</report>
			<report>
				<misses>1946001</misses>
				<total>20</total>
				<timestamp>447.133550</timestamp>
			</report>
			<report>
				<misses>1947001</misses>
				<total>20</total>
				<timestamp>447.363312</timestamp>
			</report>
			<report>
				<misses>1948001</misses>
				<total>19</total>
				<timestamp>447.593077</timestamp>
			</report>
			<report>
				<misses>1949001</misses>
				<total>20</total>
				<timestamp>447.822936</timestamp>
			</report>
			<report>
				<misses>1950001</misses>
				<total>20</total>
				<timestamp>448.052656</timestamp>
			</report>
			<report>
				<misses>1951001</misses>
				<total>20</total>
				<timestamp>448.282423</timestamp>
			</report>
			<report>
				<misses>1952001</misses>
				<total>20</total>
				<timestamp>448.512131</timestamp>
			</report>
			<report>
				<misses>1953001</misses>
				<total>20</total>
				<timestamp>448.741989</timestamp>
			</report>
			<report>
				<misses>1954001</misses>
				<total>20</total>
				<timestamp>448.971658</timestamp>
			</report>
			<report>
				<misses>1955001</misses>
				<total>20</total>
				<timestamp>449.201507</timestamp>
			</report>
			<report>
				<misses>1956001</misses>
				<total>20</total>
				<timestamp>449.431201</timestamp>
			</report>
			<report>
				<misses>1957001</misses>
				<total>20</total>
				<timestamp>449.661084</timestamp>
			</report>
			<report>
				<misses>1958001</misses>
				<total>20</total>
				<timestamp>449.890811</timestamp>
			</report>
			<report>
				<misses>1959001</misses>
				<total>20</total>
				<timestamp>450.120505</timestamp>
			</report>
			<report>
				<misses>1960001</misses>
				<total>20</total>
				<timestamp>450.350273</timestamp>
			</report>
			<report>
				<misses>1961001</misses>
				<total>20</total>
				<timestamp>450.580069</timestamp>
			</report>
			<report>
				<misses>1962001</misses>
				<total>20</total>
				<timestamp>450.809825</timestamp>
			</report>
			<report>
				<misses>1963001</misses>
				<total>20</total>
				<timestamp>451.039581</timestamp>
			</report>
			<report>
				<misses>1964001</misses>
				<total>20</total>
				<timestamp>451.269353</timestamp>
			</report>
			<report>
				<misses>1965001</misses>
				<total>20</total>
				<timestamp>451.499117</timestamp>
			</report>
			<report>
				<misses>1966001</misses>
				<total>20</total>
				<timestamp>451.729002</timestamp>
			</report>
			<report>
				<misses>1967001</misses>
				<total>20</total>
				<timestamp>451.958668</timestamp>
			</report>
			<report>
				<misses>1968001</misses>
				<total>20</total>
				<timestamp>452.188548</timestamp>
			</report>
			<report>
				<misses>1969001</misses>
				<total>20</total>
				<timestamp>452.418224</timestamp>
			</report>
			<report>
				<misses>1970001</misses>
				<total>20</total>
				<timestamp>452.648027</timestamp>
			</report>
			<report>
				<misses>1971001</misses>
				<total>19</total>
				<timestamp>452.877790</timestamp>
			</report>
			<report>
				<misses>1972001</misses>
				<total>20</total>
				<timestamp>453.107528</timestamp>
			</report>
			<report>
				<misses>1973001</misses>
				<total>20</total>
				<timestamp>453.337373</timestamp>
			</report>
			<report>
				<misses>1974001</misses>
				<total>20</total>
				<timestamp>453.567081</timestamp>
			</report>
			<report>
				<misses>1975001</misses>
				<total>20</total>
				<timestamp>453.796853</timestamp>
			</report>
			<report>
				<misses>1976001</misses>
				<total>20</total>
				<timestamp>454.026612</timestamp>
			</report>
			<report>
				<misses>1977001</misses>
				<total>20</total>
				<timestamp>454.256413</timestamp>
			</report>
			<report>
				<misses>1978001</misses>
				<total>20</total>
				<timestamp>454.486143</timestamp>
			</report>
			<report>
				<misses>1979001</misses>
				<total>20</total>
				<timestamp>454.715985</timestamp>
			</report>
			<report>
				<misses>1980001</misses>
				<total>20</total>
				<timestamp>454.945716</timestamp>
			</report>
			<report>
				<misses>1981001</misses>
				<total>20</total>
				<timestamp>455.175487</timestamp>
			</report>
			<report>
				<misses>1982001</misses>
				<total>19</total>
				<timestamp>455.405223</timestamp>
			</report>
			<report>
				<misses>1983001</misses>
				<total>20</total>
				<timestamp>455.635007</timestamp>
			</report>
			<report>
				<misses>1984001</misses>
				<total>20</total>
				<timestamp>455.864822</timestamp>
			</report>
			<report>
				<misses>1985001</misses>
				<total>20</total>
				<timestamp>456.094532</timestamp>
			</report>
			<report>
				<misses>1986001</misses>
				<total>20</total>
				<timestamp>456.324355</timestamp>
			</report>
			<report>
				<misses>1987001</misses>
				<total>20</total>
				<timestamp>456.554074</timestamp>
			</report>
			<report>
				<misses>1988001</misses>
				<total>20</total>
				<timestamp>456.783891</timestamp>
			</report>
			<report>
				<misses>1989001</misses>
				<total>20</total>
				<timestamp>457.013609</timestamp>
			</report>
			<report>
				<misses>1990001</misses>
				<total>20</total>
				<timestamp>457.243400</timestamp>
			</report>
			<report>
				<misses>1991001</misses>
				<total>20</total>
				<timestamp>457.473180</timestamp>
			</report>
			<report>
				<misses>1992001</misses>
				<total>20</total>
				<timestamp>457.702970</timestamp>
			</report>
			<report>
				<misses>1993001</misses>
				<total>20</total>
				<timestamp>457.932708</timestamp>
			</report>
			<report>
				<misses>1994001</misses>
				<total>20</total>
				<timestamp>458.162506</timestamp>
			</report>
			<report>
				<misses>1995001</misses>
				<total>20</total>
				<timestamp>458.392292</timestamp>
			</report>
			<report>
				<misses>1996001</misses>
				<total>20</total>
				<timestamp>458.622019</timestamp>
			</report>
			<report>
				<misses>1997001</misses>
				<total>20</total>
				<timestamp>458.851826</timestamp>
			</report>
			<report>
				<misses>1998001</misses>
				<total>20</total>
				<timestamp>459.081539</timestamp>
			</report>
			<report>
				<misses>1999001</misses>
				<total>20</total>
				<timestamp>459.311345</timestamp>
			</report>
			<report>
				<misses>2000001</misses>
				<total>19</total>
				<timestamp>459.541171</timestamp>
			</report>
			<report>
				<misses>2001001</misses>
				<total>20</total>
				<timestamp>459.770871</timestamp>
			</report>
			<report>
				<misses>2002001</misses>
				<total>20</total>
				<timestamp>460.000625</timestamp>
			</report>
			<report>
				<misses>2003001</misses>
				<total>20</total>
				<timestamp>460.230440</timestamp>
			</report>
			<report>
				<misses>2004001</misses>
				<total>20</total>
				<timestamp>460.460177</timestamp>
			</report>
			<report>
				<misses>2005001</misses>
				<total>20</total>
				<timestamp>460.690049</timestamp>
			</report>
			<report>
				<misses>2006001</misses>
				<total>20</total>
				<timestamp>460.919736</timestamp>
			</report>
			<report>
				<misses>2007001</misses>
				<total>20</total>
				<timestamp>461.149557</timestamp>
			</report>
			<report>
				<misses>2008001</misses>
				<total>20</total>
				<timestamp>461.379276</timestamp>
			</report>
			<report>
				<misses>2009001</misses>
				<total>20</total>
				<timestamp>461.609044</timestamp>
			</report>
			<report>
				<misses>2010001</misses>
				<total>20</total>
				<timestamp>461.838848</timestamp>
			</report>
			<report>
				<misses>2011001</misses>
				<total>20</total>
				<timestamp>462.068595</timestamp>
			</report>
			<report>
				<misses>2012001</misses>
				<total>20</total>
				<timestamp>462.298435</timestamp>
			</report>
			<report>
				<misses>2013001</misses>
				<total>20</total>
				<timestamp>462.528098</timestamp>
			</report>
			<report>
				<misses>2014001</misses>
				<total>20</total>
				<timestamp>462.757896</timestamp>
			</report>
			<report>
				<misses>2015001</misses>
				<total>20</total>
				<timestamp>462.987644</timestamp>
			</report>
			<report>
				<misses>2016001</misses>
				<total>20</total>
				<timestamp>463.217458</timestamp>
			</report>
			<report>
				<misses>2017001</misses>
				<total>22</total>
				<timestamp>463.447276</timestamp>
			</report>
			<report>
				<misses>2018001</misses>
				<total>23</total>
				<timestamp>463.676965</timestamp>
			</report>
			<report>
				<misses>2019001</misses>
				<total>23</total>
				<timestamp>463.906777</timestamp>
			</report>
			<report>
				<misses>2020001</misses>
				<total>23</total>
				<timestamp>464.136526</timestamp>
			</report>
			<report>
				<misses>2021001</misses>
				<total>23</total>
				<timestamp>464.366372</timestamp>
			</report>
			<report>
				<misses>2022001</misses>
				<total>23</total>
				<timestamp>464.596060</timestamp>
			</report>
			<report>
				<misses>2023001</misses>
				<total>23</total>
				<timestamp>464.825848</timestamp>
			</report>
			<report>
				<misses>2024001</misses>
				<total>23</total>
				<timestamp>465.055572</timestamp>
			</report>
			<report>
				<misses>2025001</misses>
				<total>23</total>
				<timestamp>465.285413</timestamp>
			</report>
			<report>
				<misses>2026001</misses>
				<total>23</total>
				<timestamp>465.515110</timestamp>
			</report>
			<report>
				<misses>2027001</misses>
				<total>23</total>
				<timestamp>465.744911</timestamp>
			</report>
			<report>
				<misses>2028001</misses>
				<total>23</total>
				<timestamp>465.974657</timestamp>
			</report>
			<report>
				<misses>2029001</misses>
				<total>23</total>
				<timestamp>466.204448</timestamp>
			</report>
			<report>
				<misses>2030001</misses>
				<total>23</total>
				<timestamp>466.434191</timestamp>
			</report>
			<report>
				<misses>2031001</misses>
				<total>23</total>
				<timestamp>466.663957</timestamp>
			</report>
			<report>
				<misses>2032001</misses>
				<total>22</total>
				<timestamp>466.893747</timestamp>
			</report>
			<report>
				<misses>2033001</misses>
				<total>23</total>
				<timestamp>467.123503</timestamp>
			</report>
			<report>
				<misses>2034001</misses>
				<total>23</total>
				<timestamp>467.353368</timestamp>
			</report>
			<report>
				<misses>2035001</misses>
				<total>23</total>
				<timestamp>467.583030</timestamp>
			</report>
			<report>
				<misses>2036001</misses>
				<total>23</total>
				<timestamp>467.812820</timestamp>
			</report>
			<report>
				<misses>2037001</misses>
				<total>23</total>
				<timestamp>468.042603</timestamp>
			</report>
			<report>
				<misses>2038001</misses>
				<total>23</total>
				<timestamp>468.272393</timestamp>
			</report>
			<report>
				<misses>2039001</misses>
				<total>23</total>
				<timestamp>468.502117</timestamp>
			</report>
			<report>
				<misses>2040001</misses>
				<total>23</total>
				<timestamp>468.731930</timestamp>
			</report>
			<report>
				<misses>2041001</misses>
				<total>23</total>
				<timestamp>468.961658</timestamp>
			</report>
			<report>
				<misses>2042001</misses>
				<total>23</total>
				<timestamp>469.191440</timestamp>
			</report>
			<report>
				<misses>2043001</misses>
				<total>23</total>
				<timestamp>469.421191</timestamp>
			</report>
			<report>
				<misses>2044001</misses>
				<total>23</total>
				<timestamp>469.650981</timestamp>
			</report>
			<report>
				<misses>2045001</misses>
				<total>23</total>
				<timestamp>469.880758</timestamp>
			</report>
			<report>
				<misses>2046001</misses>
				<total>23</total>
				<timestamp>470.110514</timestamp>
			</report>
			<report>
				<misses>2047001</misses>
				<total>23</total>
				<timestamp>470.340285</timestamp>
			</report>
			<report>
				<misses>2048001</misses>
				<total>22</total>
				<timestamp>470.570058</timestamp>
			</report>
			<report>
				<misses>2049001</misses>
				<total>23</total>
				<timestamp>470.799810</timestamp>
			</report>
			<report>
				<misses>2050001</misses>
				<total>23</total>
				<timestamp>471.029610</timestamp>
			</report>
			<report>
				<misses>2051001</misses>
				<total>23</total>
				<timestamp>471.259352</timestamp>
			</report>
			<report>
				<misses>2052001</misses>
				<total>23</total>
				<timestamp>471.489117</timestamp>
			</report>
			<report>
				<misses>2053001</misses>
				<total>23</total>
				<timestamp>471.718920</timestamp>
			</report>
			<report>
				<misses>2054001</misses>
				<total>23</total>
				<timestamp>471.948687</timestamp>
			</report>
			<report>
				<misses>2055001</misses>
				<total>23</total>
				<timestamp>472.178473</timestamp>
			</report>
			<report>
				<misses>2056001</misses>
				<total>23</total>
				<timestamp>472.408246</timestamp>
			</report>
			<report>
				<misses>2057001</misses>
				<total>23</total>
				<timestamp>472.637960</timestamp>
			</report>
			<report>
				<misses>2058001</misses>
				<total>23</total>
				<timestamp>472.867766</timestamp>
			</report>
			<report>
				<misses>2059001</misses>
				<total>23</total>
				<timestamp>473.097521</timestamp>
			</report>
			<report>
				<misses>2060001</misses>
				<total>23</total>
				<timestamp>473.327336</timestamp>
			</report>
			<report>
				<misses>2061001</misses>
				<total>23</total>
				<timestamp>473.557058</timestamp>
			</report>
			<report>
				<misses>2062001</misses>
				<total>23</total>
				<timestamp>473.786866</timestamp>
			</report>
			<report>
				<misses>2063001</misses>
				<total>23</total>
				<timestamp>474.016608</timestamp>
			</report>
			<report>
				<misses>2064001</misses>
				<total>23</total>
				<timestamp>474.246429</timestamp>
			</report>
			<report>
				<misses>2065001</misses>
				<total>23</total>
				<timestamp>474.476137</timestamp>
			</report>
			<report>
				<misses>2066001</misses>
				<total>23</total>
				<timestamp>474.705935</timestamp>
			</report>
			<report>
				<misses>2067001</misses>
				<total>23</total>
				<timestamp>474.935704</timestamp>
			</report>
			<report>
				<misses>2068001</misses>
				<total>23</total>
				<timestamp>475.165457</timestamp>
			</report>
			<report>
				<misses>2069001</misses>
				<total>23</total>
				<timestamp>475.395248</timestamp>
			</report>
			<report>
				<misses>2070001</misses>
				<total>23</total>
				<timestamp>475.624999</timestamp>
			</report>
			<report>
				<misses>2071001</misses>
				<total>23</total>
				<timestamp>475.854813</timestamp>
			</report>
			<report>
				<misses>2072001</misses>
				<total>23</total>
				<timestamp>476.084541</timestamp>
			</report>
			<report>
				<misses>2073001</misses>
				<total>23</total>
				<timestamp>476.314291</timestamp>
			</report>
			<report>
				<misses>2074001</misses>
				<total>23</total>
				<timestamp>476.544063</timestamp>
			</report>
			<report>
				<misses>2075001</misses>
				<total>23</total>
				<timestamp>476.773881</timestamp>
			</report>
			<report>
				<misses>2076001</misses>
				<total>23</total>
				<timestamp>477.003609</timestamp>
			</report>
			<report>
				<misses>2077001</misses>
				<total>23</total>
				<timestamp>477.233414</timestamp>
			</report>
			<report>
				<misses>2078001</misses>
				<total>23</total>
				<timestamp>477.463181</timestamp>
			</report>
			<report>
				<misses>2079001</misses>
				<total>23</total>
				<timestamp>477.692921</timestamp>
			</report>
			<report>
				<misses>2080001</misses>
				<total>23</total>
				<timestamp>477.922722</timestamp>
			</report>
			<report>
				<misses>2081001</misses>
				<total>23</total>
				<timestamp>478.152451</timestamp>
			</report>
			<report>
				<misses>2082001</misses>
				<total>23</total>
				<timestamp>478.382234</timestamp>
			</report>
			<report>
				<misses>2083001</misses>
				<total>23</total>
				<timestamp>478.612027</timestamp>
			</report>
			<report>
				<misses>2084001</misses>
				<total>23</total>
				<timestamp>478.841803</timestamp>
			</report>
			<report>
				<misses>2085001</misses>
				<total>23</total>
				<timestamp>479.071535</timestamp>
			</report>
			<report>
				<misses>2086001</misses>
				<total>23</total>
				<timestamp>479.301323</timestamp>
			</report>
			<report>
				<misses>2087001</misses>
				<total>23</total>
				<timestamp>479.531080</timestamp>
			</report>
			<report>
				<misses>2088001</misses>
				<total>23</total>
				<timestamp>479.760868</timestamp>
			</report>
			<report>
				<misses>2089001</misses>
				<total>23</total>
				<timestamp>479.990648</timestamp>
			</report>
			<report>
				<misses>2090001</misses>
				<total>23</total>
				<timestamp>480.220393</timestamp>
			</report>
			<report>
				<misses>2091001</misses>
				<total>23</total>
				<timestamp>480.450203</timestamp>
			</report>
			<report>
				<misses>2092001</misses>
				<total>23</total>
				<timestamp>480.679942</timestamp>
			</report>
			<report>
				<misses>2093001</misses>
				<total>23</total>
				<timestamp>480.909728</timestamp>
			</report>
			<report>
				<misses>2094001</misses>
				<total>23</total>
				<timestamp>481.139457</timestamp>
			</report>
			<report>
				<misses>2095001</misses>
				<total>23</total>
				<timestamp>481.369230</timestamp>
			</report>
			<report>
				<misses>2096001</misses>
				<total>23</total>
				<timestamp>481.599003</timestamp>
			</report>
			<report>
				<misses>2097001</misses>
				<total>23</total>
				<timestamp>481.828802</timestamp>
			</report>
			<report>
				<misses>2098001</misses>
				<total>23</total>
				<timestamp>482.058546</timestamp>
			</report>
			<report>
				<misses>2099001</misses>
				<total>23</total>
				<timestamp>482.288357</timestamp>
			</report>
			<report>
				<misses>2100001</misses>
				<total>22</total>
				<timestamp>482.518096</timestamp>
			</report>
			<report>
				<misses>2101001</misses>
				<total>23</total>
				<timestamp>482.747879</timestamp>
			</report>
			<report>
				<misses>2102001</misses>
				<total>23</total>
				<timestamp>482.977664</timestamp>
			</report>
			<report>
				<misses>2103001</misses>
				<total>23</total>
				<timestamp>483.207410</timestamp>
			</report>
			<report>
				<misses>2104001</misses>
				<total>23</total>
				<timestamp>483.437233</timestamp>
			</report>
			<report>
				<misses>2105001</misses>
				<total>23</total>
				<timestamp>483.666948</timestamp>
			</report>
			<report>
				<misses>2106001</misses>
				<total>23</total>
				<timestamp>483.896760</timestamp>
			</report>
			<report>
				<misses>2107001</misses>
				<total>23</total>
				<timestamp>484.126481</timestamp>
			</report>
			<report>
				<misses>2108001</misses>
				<total>23</total>
				<timestamp>484.356310</timestamp>
			</report>
			<report>
				<misses>2109001</misses>
				<total>23</total>
				<timestamp>484.586020</timestamp>
			</report>
			<report>
				<misses>2110001</misses>
				<total>23</total>
				<timestamp>484.815820</timestamp>
			</report>
			<report>
				<misses>2111001</misses>
				<total>23</total>
				<timestamp>485.045571</timestamp>
			</report>
			<report>
				<misses>2112001</misses>
				<total>23</total>
				<timestamp>485.275345</timestamp>
			</report>
			<report>
				<misses>2113001</misses>
				<total>23</total>
				<timestamp>485.505091</timestamp>
			</report>
			<report>
				<misses>2114001</misses>
				<total>23</total>
				<timestamp>485.734913</timestamp>
			</report>
			<report>
				<misses>2115001</misses>
				<total>23</total>
				<timestamp>485.964670</timestamp>
			</report>
			<report>
				<misses>2116001</misses>
				<total>23</total>
				<timestamp>486.194404</timestamp>
			</report>
			<report>
				<misses>2117001</misses>
				<total>23</total>
				<timestamp>486.424271</timestamp>
			</report>
			<report>
				<misses>2118001</misses>
				<total>23</total>
				<timestamp>486.653968</timestamp>
			</report>
			<report>
				<misses>2119001</misses>
				<total>23</total>
				<timestamp>486.883756</timestamp>
			</report>
			<report>
				<misses>2120001</misses>
				<total>23</total>
				<timestamp>487.113486</timestamp>
			</report>
			<report>
				<misses>2121001</misses>
				<total>23</total>
				<timestamp>487.343281</timestamp>
			</report>
			<report>
				<misses>2122001</misses>
				<total>23</total>
				<timestamp>487.573013</timestamp>
			</report>
			<report>
				<misses>2123001</misses>
				<total>23</total>
				<timestamp>487.802817</timestamp>
			</report>
			<report>
				<misses>2124001</misses>
				<total>23</total>
				<timestamp>488.032575</timestamp>
			</report>
			<report>
				<misses>2125001</misses>
				<total>23</total>
				<timestamp>488.262370</timestamp>
			</report>
			<report>
				<misses>2126001</misses>
				<total>23</total>
				<timestamp>488.492185</timestamp>
			</report>
			<report>
				<misses>2127001</misses>
				<total>23</total>
				<timestamp>488.721906</timestamp>
			</report>
			<report>
				<misses>2128001</misses>
				<total>26</total>
				<timestamp>488.951660</timestamp>
			</report>
			<report>
				<misses>2129001</misses>
				<total>26</total>
				<timestamp>489.181411</timestamp>
			</report>
			<report>
				<misses>2130001</misses>
				<total>26</total>
				<timestamp>489.411215</timestamp>
			</report>
			<report>
				<misses>2131001</misses>
				<total>26</total>
				<timestamp>489.640987</timestamp>
			</report>
			<report>
				<misses>2132001</misses>
				<total>26</total>
				<timestamp>489.870737</timestamp>
			</report>
			<report>
				<misses>2133001</misses>
				<total>26</total>
				<timestamp>490.100488</timestamp>
			</report>
			<report>
				<misses>2134001</misses>
				<total>26</total>
				<timestamp>490.330295</timestamp>
			</report>
			<report>
				<misses>2135001</misses>
				<total>26</total>
				<timestamp>490.560023</timestamp>
			</report>
			<report>
				<misses>2136001</misses>
				<total>26</total>
				<timestamp>490.789808</timestamp>
			</report>
			<report>
				<misses>2137001</misses>
				<total>26</total>
				<timestamp>491.019608</timestamp>
			</report>
			<report>
				<misses>2138001</misses>
				<total>26</total>
				<timestamp>491.249349</timestamp>
			</report>
			<report>
				<misses>2139001</misses>
				<total>26</total>
				<timestamp>491.479174</timestamp>
			</report>
			<report>
				<misses>2140001</misses>
				<total>26</total>
				<timestamp>491.708890</timestamp>
			</report>
			<report>
				<misses>2141001</misses>
				<total>26</total>
				<timestamp>491.938696</timestamp>
			</report>
			<report>
				<misses>2142001</misses>
				<total>26</total>
				<timestamp>492.168415</timestamp>
			</report>
			<report>
				<misses>2143001</misses>
				<total>26</total>
				<timestamp>492.398267</timestamp>
			</report>
			<report>
				<misses>2144001</misses>
				<total>26</total>
				<timestamp>492.627993</timestamp>
			</report>
			<report>
				<misses>2145001</misses>
				<total>26</total>
				<timestamp>492.857759</timestamp>
			</report>
			<report>
				<misses>2146001</misses>
				<total>26</total>
				<timestamp>493.087522</timestamp>
			</report>
			<report>
				<misses>2147001</misses>
				<total>26</total>
				<timestamp>493.317328</timestamp>
			</report>
			<report>
				<misses>2148001</misses>
				<total>26</total>
				<timestamp>493.547038</timestamp>
			</report>
			<report>
				<misses>2149001</misses>
				<total>26</total>
				<timestamp>493.776848</timestamp>
			</report>
			<report>
				<misses>2150001</misses>
				<total>26</total>
				<timestamp>494.006738</timestamp>
			</report>
			<report>
				<misses>2151001</misses>
				<total>26</total>
				<timestamp>494.236369</timestamp>
			</report>
			<report>
				<misses>2152001</misses>
				<total>26</total>
				<timestamp>494.466191</timestamp>
			</report>
			<report>
				<misses>2153001</misses>
				<total>26</total>
				<timestamp>494.695919</timestamp>
			</report>
			<report>
				<misses>2154001</misses>
				<total>26</total>
				<timestamp>494.925711</timestamp>
			</report>
			<report>
				<misses>2155001</misses>
				<total>26</total>
				<timestamp>495.155444</timestamp>
			</report>
			<report>
				<misses>2156001</misses>
				<total>26</total>
				<timestamp>495.385209</timestamp>
			</report>
			<report>
				<misses>2157001</misses>
				<total>26</total>
				<timestamp>495.614996</timestamp>
			</report>
			<report>
				<misses>2158001</misses>
				<total>26</total>
				<timestamp>495.844762</timestamp>
			</report>
			<report>
				<misses>2159001</misses>
				<total>26</total>
				<timestamp>496.074509</timestamp>
			</report>
			<report>
				<misses>2160001</misses>
				<total>26</total>
				<timestamp>496.304303</timestamp>
			</report>
			<report>
				<misses>2161001</misses>
				<total>26</total>
				<timestamp>496.534068</timestamp>
			</report>
			<report>
				<misses>2162001</misses>
				<total>26</total>
				<timestamp>496.763853</timestamp>
			</report>
			<report>
				<misses>2163001</misses>
				<total>26</total>
				<timestamp>496.993614</timestamp>
			</report>
			<report>
				<misses>2164001</misses>
				<total>26</total>
				<timestamp>497.223377</timestamp>
			</report>
			<report>
				<misses>2165001</misses>
				<total>26</total>
				<timestamp>497.453133</timestamp>
			</report>
			<report>
				<misses>2166001</misses>
				<total>26</total>
				<timestamp>497.682919</timestamp>
			</report>
			<report>
				<misses>2167001</misses>
				<total>26</total>
				<timestamp>497.912705</timestamp>
			</report>
			<report>
				<misses>2168001</misses>
				<total>25</total>
				<timestamp>498.142448</timestamp>
			</report>
			<report>
				<misses>2169001</misses>
				<total>26</total>
				<timestamp>498.372224</timestamp>
			</report>
			<report>
				<misses>2170001</misses>
				<total>26</total>
				<timestamp>498.601977</timestamp>
			</report>
			<report>
				<misses>2171001</misses>
				<total>26</total>
				<timestamp>498.831784</timestamp>
			</report>
			<report>
				<misses>2172001</misses>
				<total>26</total>
				<timestamp>499.061533</timestamp>
			</report>
			<report>
				<misses>2173001</misses>
				<total>26</total>
				<timestamp>499.291365</timestamp>
			</report>
			<report>
				<misses>2174001</misses>
				<total>26</total>
				<timestamp>499.521143</timestamp>
			</report>
			<report>
				<misses>2175001</misses>
				<total>26</total>
				<timestamp>499.750848</timestamp>
			</report>
			<report>
				<misses>2176001</misses>
				<total>26</total>
				<timestamp>499.980616</timestamp>
			</report>
			<report>
				<misses>2177001</misses>
				<total>26</total>
				<timestamp>500.210381</timestamp>
			</report>
			<report>
				<misses>2178001</misses>
				<total>26</total>
				<timestamp>500.440156</timestamp>
			</report>
			<report>
				<misses>2179001</misses>
				<total>26</total>
				<timestamp>500.669949</timestamp>
			</report>
			<report>
				<misses>2180001</misses>
				<total>26</total>
				<timestamp>500.899731</timestamp>
			</report>
			<report>
				<misses>2181001</misses>
				<total>25</total>
				<timestamp>501.129481</timestamp>
			</report>
			<report>
				<misses>2182001</misses>
				<total>26</total>
				<timestamp>501.359253</timestamp>
			</report>
			<report>
				<misses>2183001</misses>
				<total>30</total>
				<timestamp>501.588985</timestamp>
			</report>
			<report>
				<misses>2184001</misses>
				<total>30</total>
				<timestamp>501.818760</timestamp>
			</report>
			<report>
				<misses>2185001</misses>
				<total>30</total>
				<timestamp>502.048609</timestamp>
			</report>
			<report>
				<misses>2186001</misses>
				<total>30</total>
				<timestamp>502.278392</timestamp>
			</report>
			<report>
				<misses>2187001</misses>
				<total>30</total>
				<timestamp>502.508142</timestamp>
			</report>
			<report>
				<misses>2188001</misses>
				<total>30</total>
				<timestamp>502.737873</timestamp>
			</report>
			<report>
				<misses>2189001</misses>
				<total>30</total>
				<timestamp>502.967686</timestamp>
			</report>
			<report>
				<misses>2190001</misses>
				<total>30</total>
				<timestamp>503.197394</timestamp>
			</report>
			<report>
				<misses>2191001</misses>
				<total>30</total>
				<timestamp>503.427198</timestamp>
			</report>
			<report>
				<misses>2192001</misses>
				<total>30</total>
				<timestamp>503.656956</timestamp>
			</report>
			<report>
				<misses>2193001</misses>
				<total>30</total>
				<timestamp>503.886721</timestamp>
			</report>
			<report>
				<misses>2194001</misses>
				<total>30</total>
				<timestamp>504.116482</timestamp>
			</report>
			<report>
				<misses>2195001</misses>
				<total>30</total>
				<timestamp>504.346286</timestamp>
			</report>
			<report>
				<misses>2196001</misses>
				<total>30</total>
				<timestamp>504.576008</timestamp>
			</report>
			<report>
				<misses>2197001</misses>
				<total>30</total>
				<timestamp>504.805804</timestamp>
			</report>
			<report>
				<misses>2198001</misses>
				<total>30</total>
				<timestamp>505.035553</timestamp>
			</report>
			<report>
				<misses>2199001</misses>
				<total>30</total>
				<timestamp>505.265322</timestamp>
			</report>
			<report>
				<misses>2200001</misses>
				<total>30</total>
				<timestamp>505.495188</timestamp>
			</report>
			<report>
				<misses>2201001</misses>
				<total>30</total>
				<timestamp>505.724870</timestamp>
			</report>
			<report>
				<misses>2202001</misses>
				<total>30</total>
				<timestamp>505.954634</timestamp>
			</report>
			<report>
				<misses>2203001</misses>
				<total>30</total>
				<timestamp>506.184387</timestamp>
			</report>
			<report>
				<misses>2204001</misses>
				<total>30</total>
				<timestamp>506.414181</timestamp>
			</report>
			<report>
				<misses>2205001</misses>
				<total>30</total>
				<timestamp>506.643934</timestamp>
			</report>
			<report>
				<misses>2206001</misses>
				<total>30</total>
				<timestamp>506.873724</timestamp>
			</report>
			<report>
				<misses>2207001</misses>
				<total>30</total>
				<timestamp>507.103488</timestamp>
			</report>
			<report>
				<misses>2208001</misses>
				<total>30</total>
				<timestamp>507.333307</timestamp>
			</report>
			<report>
				<misses>2209001</misses>
				<total>30</total>
				<timestamp>507.563033</timestamp>
			</report>
			<report>
				<misses>2210001</misses>
				<total>30</total>
				<timestamp>507.792793</timestamp>
			</report>
			<report>
				<misses>2211001</misses>
				<total>30</total>
				<timestamp>508.022587</timestamp>
			</report>
			<report>
				<misses>2212001</misses>
				<total>30</total>
				<timestamp>508.252319</timestamp>
			</report>
			<report>
				<misses>2213001</misses>
				<total>30</total>
				<timestamp>508.482167</timestamp>
			</report>
			<report>
				<misses>2214001</misses>
				<total>30</total>
				<timestamp>508.711885</timestamp>
			</report>
			<report>
				<misses>2215001</misses>
				<total>30</total>
				<timestamp>508.941686</timestamp>
			</report>
			<report>
				<misses>2216001</misses>
				<total>30</total>
				<timestamp>509.171410</timestamp>
			</report>
			<report>
				<misses>2217001</misses>
				<total>30</total>
				<timestamp>509.401217</timestamp>
			</report>
			<report>
				<misses>2218001</misses>
				<total>30</total>
				<timestamp>509.630940</timestamp>
			</report>
			<report>
				<misses>2219001</misses>
				<total>30</total>
				<timestamp>509.860739</timestamp>
			</report>
			<report>
				<misses>2220001</misses>
				<total>29</total>
				<timestamp>510.090580</timestamp>
			</report>
			<report>
				<misses>2221001</misses>
				<total>30</total>
				<timestamp>510.320268</timestamp>
			</report>
			<report>
				<misses>2222001</misses>
				<total>30</total>
				<timestamp>510.550064</timestamp>
			</report>
			<report>
				<misses>2223001</misses>
				<total>30</total>
				<timestamp>510.779803</timestamp>
			</report>
			<report>
				<misses>2224001</misses>
				<total>30</total>
				<timestamp>511.009621</timestamp>
			</report>
			<report>
				<misses>2225001</misses>
				<total>30</total>
				<timestamp>511.239336</timestamp>
			</report>
			<report>
				<misses>2226001</misses>
				<total>30</total>
				<timestamp>511.469125</timestamp>
			</report>
			<report>
				<misses>2227001</misses>
				<total>30</total>
				<timestamp>511.698936</timestamp>
			</report>
			<report>
				<misses>2228001</misses>
				<total>30</total>
				<timestamp>511.928666</timestamp>
			</report>
			<report>
				<misses>2229001</misses>
				<total>30</total>
				<timestamp>512.158414</timestamp>
			</report>
			<report>
				<misses>2230001</misses>
				<total>30</total>
				<timestamp>512.388182</timestamp>
			</report>
			<report>
				<misses>2231001</misses>
				<total>30</total>
				<timestamp>512.618047</timestamp>
			</report>
			<report>
				<misses>2232001</misses>
				<total>30</total>
				<timestamp>512.847763</timestamp>
			</report>
			<report>
				<misses>2233001</misses>
				<total>30</total>
				<timestamp>513.077547</timestamp>
			</report>
			<report>
				<misses>2234001</misses>
				<total>30</total>
				<timestamp>513.307272</timestamp>
			</report>
			<report>
				<misses>2235001</misses>
				<total>30</total>
				<timestamp>513.537084</timestamp>
			</report>
			<report>
				<misses>2236001</misses>
				<total>30</total>
				<timestamp>513.766814</timestamp>
			</report>
			<report>
				<misses>2237001</misses>
				<total>30</total>
				<timestamp>513.996623</timestamp>
			</report>
			<report>
				<misses>2238001</misses>
				<total>30</total>
				<timestamp>514.226342</timestamp>
			</report>
			<report>
				<misses>2239001</misses>
				<total>30</total>
				<timestamp>514.456119</timestamp>
			</report>
			<report>
				<misses>2240001</misses>
				<total>30</total>
				<timestamp>514.685899</timestamp>
			</report>
			<report>
				<misses>2241001</misses>
				<total>30</total>
				<timestamp>514.915717</timestamp>
			</report>
			<report>
				<misses>2242001</misses>
				<total>30</total>
				<timestamp>515.145459</timestamp>
			</report>
			<report>
				<misses>2243001</misses>
				<total>30</total>
				<timestamp>515.375254</timestamp>
			</report>
			<report>
				<misses>2244001</misses>
				<total>30</total>
				<timestamp>515.604976</timestamp>
			</report>
			<report>
				<misses>2245001</misses>
				<total>30</total>
				<timestamp>515.834746</timestamp>
			</report>
			<report>
				<misses>2246001</misses>
				<total>30</total>
				<timestamp>516.064533</timestamp>
			</report>
			<report>
				<misses>2247001</misses>
				<total>29</total>
				<timestamp>516.294330</timestamp>
			</report>
			<report>
				<misses>2248001</misses>
				<total>30</total>
				<timestamp>516.524132</timestamp>
			</report>
			<report>
				<misses>2249001</misses>
				<total>30</total>
				<timestamp>516.753868</timestamp>
			</report>
			<report>
				<misses>2250001</misses>
				<total>30</total>
				<timestamp>516.983624</timestamp>
			</report>
			<report>
				<misses>2251001</misses>
				<total>30</total>
				<timestamp>517.213358</timestamp>
			</report>
			<report>
				<misses>2252001</misses>
				<total>30</total>
				<timestamp>517.443168</timestamp>
			</report>
			<report>
				<misses>2253001</misses>
				<total>30</total>
				<timestamp>517.672924</timestamp>
			</report>
			<report>
				<misses>2254001</misses>
				<total>30</total>
				<timestamp>517.902682</timestamp>
			</report>
			<report>
				<misses>2255001</misses>
				<total>30</total>
				<timestamp>518.132533</timestamp>
			</report>
			<report>
				<misses>2256001</misses>
				<total>30</total>
				<timestamp>518.362265</timestamp>
			</report>
			<report>
				<misses>2257001</misses>
				<total>30</total>
				<timestamp>518.591975</timestamp>
			</report>
			<report>
				<misses>2258001</misses>
				<total>30</total>
				<timestamp>518.821828</timestamp>
			</report>
			<report>
				<misses>2259001</misses>
				<total>30</total>
				<timestamp>519.051603</timestamp>
			</report>
			<report>
				<misses>2260001</misses>
				<total>30</total>
				<timestamp>519.281397</timestamp>
			</report>
			<report>
				<misses>2261001</misses>
				<total>30</total>
				<timestamp>519.511161</timestamp>
			</report>
			<report>
				<misses>2262001</misses>
				<total>30</total>
				<timestamp>519.740835</timestamp>
			</report>
			<report>
				<misses>2263001</misses>
				<total>30</total>
				<timestamp>519.970612</timestamp>
			</report>
			<report>
				<misses>2264001</misses>
				<total>30</total>
				<timestamp>520.200424</timestamp>
			</report>
			<report>
				<misses>2265001</misses>
				<total>30</total>
				<timestamp>520.430165</timestamp>
			</report>
			<report>
				<misses>2266001</misses>
				<total>30</total>
				<timestamp>520.659945</timestamp>
			</report>
			<report>
				<misses>2267001</misses>
				<total>30</total>
				<timestamp>520.889685</timestamp>
			</report>
			<report>
				<misses>2268001</misses>
				<total>30</total>
				<timestamp>521.119457</timestamp>
			</report>
			<report>
				<misses>2269001</misses>
				<total>30</total>
				<timestamp>521.349259</timestamp>
			</report>
			<report>
				<misses>2270001</misses>
				<total>30</total>
				<timestamp>521.579085</timestamp>
			</report>
			<report>
				<misses>2271001</misses>
				<total>30</total>
				<timestamp>521.808773</timestamp>
			</report>
			<report>
				<misses>2272001</misses>
				<total>30</total>
				<timestamp>522.038603</timestamp>
			</report>
			<report>
				<misses>2273001</misses>
				<total>30</total>
				<timestamp>522.268297</timestamp>
			</report>
			<report>
				<misses>2274001</misses>
				<total>30</total>
				<timestamp>522.498185</timestamp>
			</report>
			<report>
				<misses>2275001</misses>
				<total>30</total>
				<timestamp>522.727919</timestamp>
			</report>
			<report>
				<misses>2276001</misses>
				<total>30</total>
				<timestamp>522.957605</timestamp>
			</report>
			<report>
				<misses>2277001</misses>
				<total>30</total>
				<timestamp>523.187391</timestamp>
			</report>
			<report>
				<misses>2278001</misses>
				<total>30</total>
				<timestamp>523.417181</timestamp>
			</report>
			<report>
				<misses>2279001</misses>
				<total>30</total>
				<timestamp>523.646965</timestamp>
			</report>
			<report>
				<misses>2280001</misses>
				<total>30</total>
				<timestamp>523.876693</timestamp>
			</report>
			<report>
				<misses>2281001</misses>
				<total>30</total>
				<timestamp>524.106450</timestamp>
			</report>
			<report>
				<misses>2282001</misses>
				<total>30</total>
				<timestamp>524.336241</timestamp>
			</report>
			<report>
				<misses>2283001</misses>
				<total>30</total>
				<timestamp>524.566073</timestamp>
			</report>
			<report>
				<misses>2284001</misses>
				<total>30</total>
				<timestamp>524.795769</timestamp>
			</report>
			<report>
				<misses>2285001</misses>
				<total>30</total>
				<timestamp>525.025577</timestamp>
			</report>
			<report>
				<misses>2286001</misses>
				<total>30</total>
				<timestamp>525.255299</timestamp>
			</report>
			<report>
				<misses>2287001</misses>
				<total>30</total>
				<timestamp>525.485141</timestamp>
			</report>
			<report>
				<misses>2288001</misses>
				<total>30</total>
				<timestamp>525.714859</timestamp>
			</report>
			<report>
				<misses>2289001</misses>
				<total>30</total>
				<timestamp>525.944622</timestamp>
			</report>
			<report>
				<misses>2290001</misses>
				<total>30</total>
				<timestamp>526.174412</timestamp>
			</report>
			<report>
				<misses>2291001</misses>
				<total>30</total>
				<timestamp>526.404168</timestamp>
			</report>
			<report>
				<misses>2292001</misses>
				<total>30</total>
				<timestamp>526.633935</timestamp>
			</report>
			<report>
				<misses>2293001</misses>
				<total>30</total>
				<timestamp>526.863705</timestamp>
			</report>
			<report>
				<misses>2294001</misses>
				<total>30</total>
				<timestamp>527.093476</timestamp>
			</report>
			<report>
				<misses>2295001</misses>
				<total>30</total>
				<timestamp>527.323250</timestamp>
			</report>
			<report>
				<misses>2296001</misses>
				<total>30</total>
				<timestamp>527.553013</timestamp>
			</report>
			<report>
				<misses>2297001</misses>
				<total>30</total>
				<timestamp>527.782780</timestamp>
			</report>
			<report>
				<misses>2298001</misses>
				<total>30</total>
				<timestamp>528.012584</timestamp>
			</report>
			<report>
				<misses>2299001</misses>
				<total>30</total>
				<timestamp>528.242345</timestamp>
			</report>
			<report>
				<misses>2300001</misses>
				<total>30</total>
				<timestamp>528.472138</timestamp>
			</report>
			<report>
				<misses>2301001</misses>
				<total>30</total>
				<timestamp>528.701865</timestamp>
			</report>
			<report>
				<misses>2302001</misses>
				<total>29</total>
				<timestamp>528.931670</timestamp>
			</report>
			<report>
				<misses>2303001</misses>
				<total>30</total>
				<timestamp>529.161416</timestamp>
			</report>
			<report>
				<misses>2304001</misses>
				<total>30</total>
				<timestamp>529.391208</timestamp>
			</report>
			<report>
				<misses>2305001</misses>
				<total>30</total>
				<timestamp>529.621000</timestamp>
			</report>
			<report>
				<misses>2306001</misses>
				<total>30</total>
				<timestamp>529.850734</timestamp>
			</report>
			<report>
				<misses>2307001</misses>
				<total>30</total>
				<timestamp>530.080504</timestamp>
			</report>
			<report>
				<misses>2308001</misses>
				<total>30</total>
				<timestamp>530.310254</timestamp>
			</report>
			<report>
				<misses>2309001</misses>
				<total>30</total>
				<timestamp>530.540116</timestamp>
			</report>
			<report>
				<misses>2310001</misses>
				<total>30</total>
				<timestamp>530.769788</timestamp>
			</report>
			<report>
				<misses>2311001</misses>
				<total>30</total>
				<timestamp>530.999540</timestamp>
			</report>
			<report>
				<misses>2312001</misses>
				<total>30</total>
				<timestamp>531.229336</timestamp>
			</report>
			<report>
				<misses>2313001</misses>
				<total>29</total>
				<timestamp>531.459149</timestamp>
			</report>
			<report>
				<misses>2314001</misses>
				<total>30</total>
				<timestamp>531.688871</timestamp>
			</report>
			<report>
				<misses>2315001</misses>
				<total>30</total>
				<timestamp>531.918680</timestamp>
			</report>
			<report>
				<misses>2316001</misses>
				<total>30</total>
				<timestamp>532.148406</timestamp>
			</report>
			<report>
				<misses>2317001</misses>
				<total>30</total>
				<timestamp>532.378194</timestamp>
			</report>
			<report>
				<misses>2318001</misses>
				<total>32</total>
				<timestamp>532.607961</timestamp>
			</report>
			<report>
				<misses>2319001</misses>
				<total>34</total>
				<timestamp>532.837740</timestamp>
			</report>
			<report>
				<misses>2320001</misses>
				<total>33</total>
				<timestamp>533.067505</timestamp>
			</report>
			<report>
				<misses>2321001</misses>
				<total>34</total>
				<timestamp>533.297331</timestamp>
			</report>
			<report>
				<misses>2322001</misses>
				<total>34</total>
				<timestamp>533.527033</timestamp>
			</report>
			<report>
				<misses>2323001</misses>
				<total>34</total>
				<timestamp>533.756840</timestamp>
			</report>
			<report>
				<misses>2324001</misses>
				<total>34</total>
				<timestamp>533.986565</timestamp>
			</report>
			<report>
				<misses>2325001</misses>
				<total>34</total>
				<timestamp>534.216380</timestamp>
			</report>
			<report>
				<misses>2326001</misses>
				<total>34</total>
				<timestamp>534.446106</timestamp>
			</report>
			<report>
				<misses>2327001</misses>
				<total>33</total>
				<timestamp>534.675907</timestamp>
			</report>
			<report>
				<misses>2328001</misses>
				<total>34</total>
				<timestamp>534.905653</timestamp>
			</report>
			<report>
				<misses>2329001</misses>
				<total>34</total>
				<timestamp>535.135431</timestamp>
			</report>
			<report>
				<misses>2330001</misses>
				<total>34</total>
				<timestamp>535.365193</timestamp>
			</report>
			<report>
				<misses>2331001</misses>
				<total>34</total>
				<timestamp>535.595004</timestamp>
			</report>
			<report>
				<misses>2332001</misses>
				<total>34</total>
				<timestamp>535.824738</timestamp>
			</report>
			<report>
				<misses>2333001</misses>
				<total>34</total>
				<timestamp>536.054487</timestamp>
			</report>
			<report>
				<misses>2334001</misses>
				<total>34</total>
				<timestamp>536.284269</timestamp>
			</report>
			<report>
				<misses>2335001</misses>
				<total>34</total>
				<timestamp>536.514070</timestamp>
			</report>
			<report>
				<misses>2336001</misses>
				<total>34</total>
				<timestamp>536.743797</timestamp>
			</report>
			<report>
				<misses>2337001</misses>
				<total>34</total>
				<timestamp>536.973574</timestamp>
			</report>
			<report>
				<misses>2338001</misses>
				<total>34</total>
				<timestamp>537.203383</timestamp>
			</report>
			<report>
				<misses>2339001</misses>
				<total>34</total>
				<timestamp>537.433126</timestamp>
			</report>
			<report>
				<misses>2340001</misses>
				<total>34</total>
				<timestamp>537.662904</timestamp>
			</report>
			<report>
				<misses>2341001</misses>
				<total>34</total>
				<timestamp>537.892680</timestamp>
			</report>
			<report>
				<misses>2342001</misses>
				<total>34</total>
				<timestamp>538.122438</timestamp>
			</report>
			<report>
				<misses>2343001</misses>
				<total>34</total>
				<timestamp>538.352200</timestamp>
			</report>
			<report>
				<misses>2344001</misses>
				<total>34</total>
				<timestamp>538.581975</timestamp>
			</report>
			<report>
				<misses>2345001</misses>
				<total>34</total>
				<timestamp>538.811747</timestamp>
			</report>
			<report>
				<misses>2346001</misses>
				<total>34</total>
				<timestamp>539.041503</timestamp>
			</report>
			<report>
				<misses>2347001</misses>
				<total>34</total>
				<timestamp>539.271295</timestamp>
			</report>
			<report>
				<misses>2348001</misses>
				<total>34</total>
				<timestamp>539.501086</timestamp>
			</report>
			<report>
				<misses>2349001</misses>
				<total>34</total>
				<timestamp>539.730809</timestamp>
			</report>
			<report>
				<misses>2350001</misses>
				<total>34</total>
				<timestamp>539.960609</timestamp>
			</report>
			<report>
				<misses>2351001</misses>
				<total>34</total>
				<timestamp>540.190372</timestamp>
			</report>
			<report>
				<misses>2352001</misses>
				<total>34</total>
				<timestamp>540.420137</timestamp>
			</report>
			<report>
				<misses>2353001</misses>
				<total>34</total>
				<timestamp>540.649939</timestamp>
			</report>
			<report>
				<misses>2354001</misses>
				<total>34</total>
				<timestamp>540.879682</timestamp>
			</report>
			<report>
				<misses>2355001</misses>
				<total>34</total>
				<timestamp>541.109507</timestamp>
			</report>
			<report>
				<misses>2356001</misses>
				<total>34</total>
				<timestamp>541.339210</timestamp>
			</report>
			<report>
				<misses>2357001</misses>
				<total>34</total>
				<timestamp>541.569012</timestamp>
			</report>
			<report>
				<misses>2358001</misses>
				<total>34</total>
				<timestamp>541.798743</timestamp>
			</report>
			<report>
				<misses>2359001</misses>
				<total>34</total>
				<timestamp>542.028558</timestamp>
			</report>
			<report>
				<misses>2360001</misses>
				<total>34</total>
				<timestamp>542.258365</timestamp>
			</report>
			<report>
				<misses>2361001</misses>
				<total>34</total>
				<timestamp>542.488073</timestamp>
			</report>
			<report>
				<misses>2362001</misses>
				<total>34</total>
				<timestamp>542.717829</timestamp>
			</report>
			<report>
				<misses>2363001</misses>
				<total>34</total>
				<timestamp>542.947626</timestamp>
			</report>
			<report>
				<misses>2364001</misses>
				<total>34</total>
				<timestamp>543.177427</timestamp>
			</report>
			<report>
				<misses>2365001</misses>
				<total>34</total>
				<timestamp>543.407147</timestamp>
			</report>
			<report>
				<misses>2366001</misses>
				<total>33</total>
				<timestamp>543.637032</timestamp>
			</report>
			<report>
				<misses>2367001</misses>
				<total>34</total>
				<timestamp>543.866709</timestamp>
			</report>
			<report>
				<misses>2368001</misses>
				<total>34</total>
				<timestamp>544.096537</timestamp>
			</report>
			<report>
				<misses>2369001</misses>
				<total>34</total>
				<timestamp>544.326231</timestamp>
			</report>
			<report>
				<misses>2370001</misses>
				<total>34</total>
				<timestamp>544.556022</timestamp>
			</report>
			<report>
				<misses>2371001</misses>
				<total>34</total>
				<timestamp>544.785764</timestamp>
			</report>
			<report>
				<misses>2372001</misses>
				<total>34</total>
				<timestamp>545.015519</timestamp>
			</report>
			<report>
				<misses>2373001</misses>
				<total>34</total>
				<timestamp>545.245371</timestamp>
			</report>
			<report>
				<misses>2374001</misses>
				<total>35</total>
				<timestamp>545.475071</timestamp>
			</report>
			<report>
				<misses>2375001</misses>
				<total>35</total>
				<timestamp>545.704836</timestamp>
			</report>
			<report>
				<misses>2376001</misses>
				<total>35</total>
				<timestamp>545.934614</timestamp>
			</report>
			<report>
				<misses>2377001</misses>
				<total>35</total>
				<timestamp>546.164397</timestamp>
			</report>
			<report>
				<misses>2378001</misses>
				<total>35</total>
				<timestamp>546.394159</timestamp>
			</report>
			<report>
				<misses>2379001</misses>
				<total>35</total>
				<timestamp>546.623970</timestamp>
			</report>
			<report>
				<misses>2380001</misses>
				<total>35</total>
				<timestamp>546.853696</timestamp>
			</report>
			<report>
				<misses>2381001</misses>
				<total>35</total>
				<timestamp>547.083534</timestamp>
			</report>
			<report>
				<misses>2382001</misses>
				<total>35</total>
				<timestamp>547.313250</timestamp>
			</report>
			<report>
				<misses>2383001</misses>
				<total>35</total>
				<timestamp>547.543082</timestamp>
			</report>
			<report>
				<misses>2384001</misses>
				<total>36</total>
				<timestamp>547.772776</timestamp>
			</report>
			<report>
				<misses>2385001</misses>
				<total>36</total>
				<timestamp>548.002562</timestamp>
			</report>
			<report>
				<misses>2386001</misses>
				<total>36</total>
				<timestamp>548.232370</timestamp>
			</report>
			<report>
				<misses>2387001</misses>
				<total>36</total>
				<timestamp>548.462102</timestamp>
			</report>
			<report>
				<misses>2388001</misses>
				<total>36</total>
				<timestamp>548.691838</timestamp>
			</report>
			<report>
				<misses>2389001</misses>
				<total>36</total>
				<timestamp>548.921621</timestamp>
			</report>
			<report>
				<misses>2390001</misses>
				<total>35</total>
				<timestamp>549.151406</timestamp>
			</report>
			<report>
				<misses>2391001</misses>
				<total>36</total>
				<timestamp>549.381185</timestamp>
			</report>
			<report>
				<misses>2392001</misses>
				<total>35</total>
				<timestamp>549.611054</timestamp>
			</report>
			<report>
				<misses>2393001</misses>
				<total>36</total>
				<timestamp>549.840695</timestamp>
			</report>
			<report>
				<misses>2394001</misses>
				<total>35</total>
				<timestamp>550.070572</timestamp>
			</report>
			<report>
				<misses>2395001</misses>
				<total>36</total>
				<timestamp>550.300263</timestamp>
			</report>
			<report>
				<misses>2396001</misses>
				<total>36</total>
				<timestamp>550.530082</timestamp>
			</report>
			<report>
				<misses>2397001</misses>
				<total>36</total>
				<timestamp>550.759775</timestamp>
			</report>
			<report>
				<misses>2398001</misses>
				<total>36</total>
				<timestamp>550.989568</timestamp>
			</report>
			<report>
				<misses>2399001</misses>
				<total>36</total>
				<timestamp>551.219326</timestamp>
			</report>
			<report>
				<misses>2400001</misses>
				<total>36</total>
				<timestamp>551.449081</timestamp>
			</report>
			<report>
				<misses>2401001</misses>
				<total>36</total>
				<timestamp>551.678915</timestamp>
			</report>
			<report>
				<misses>2402001</misses>
				<total>36</total>
				<timestamp>551.908627</timestamp>
			</report>
			<report>
				<misses>2403001</misses>
				<total>36</total>
				<timestamp>552.138416</timestamp>
			</report>
			<report>
				<misses>2404001</misses>
				<total>36</total>
				<timestamp>552.368188</timestamp>
			</report>
			<report>
				<misses>2405001</misses>
				<total>36</total>
				<timestamp>552.597989</timestamp>
			</report>
			<report>
				<misses>2406001</misses>
				<total>36</total>
				<timestamp>552.827703</timestamp>
			</report>
			<report>
				<misses>2407001</misses>
				<total>36</total>
				<timestamp>553.057516</timestamp>
			</report>
			<report>
				<misses>2408001</misses>
				<total>36</total>
				<timestamp>553.287293</timestamp>
			</report>
			<report>
				<misses>2409001</misses>
				<total>36</total>
				<timestamp>553.517010</timestamp>
			</report>
			<report>
				<misses>2410001</misses>
				<total>36</total>
				<timestamp>553.746905</timestamp>
			</report>
			<report>
				<misses>2411001</misses>
				<total>36</total>
				<timestamp>553.976575</timestamp>
			</report>
			<report>
				<misses>2412001</misses>
				<total>36</total>
				<timestamp>554.206356</timestamp>
			</report>
			<report>
				<misses>2413001</misses>
				<total>36</total>
				<timestamp>554.436108</timestamp>
			</report>
			<report>
				<misses>2414001</misses>
				<total>35</total>
				<timestamp>554.665915</timestamp>
			</report>
			<report>
				<misses>2415001</misses>
				<total>36</total>
				<timestamp>554.895635</timestamp>
			</report>
			<report>
				<misses>2416001</misses>
				<total>35</total>
				<timestamp>555.125418</timestamp>
			</report>
			<report>
				<misses>2417001</misses>
				<total>36</total>
				<timestamp>555.355240</timestamp>
			</report>
			<report>
				<misses>2418001</misses>
				<total>36</total>
				<timestamp>555.584957</timestamp>
			</report>
			<report>
				<misses>2419001</misses>
				<total>36</total>
				<timestamp>555.814702</timestamp>
			</report>
			<report>
				<misses>2420001</misses>
				<total>36</total>
				<timestamp>556.044517</timestamp>
			</report>
			<report>
				<misses>2421001</misses>
				<total>36</total>
				<timestamp>556.274269</timestamp>
			</report>
			<report>
				<misses>2422001</misses>
				<total>36</total>
				<timestamp>556.504031</timestamp>
			</report>
			<report>
				<misses>2423001</misses>
				<total>36</total>
				<timestamp>556.733852</timestamp>
			</report>
			<report>
				<misses>2424001</misses>
				<total>36</total>
				<timestamp>556.963571</timestamp>
			</report>
			<report>
				<misses>2425001</misses>
				<total>36</total>
				<timestamp>557.193364</timestamp>
			</report>
			<report>
				<misses>2426001</misses>
				<total>36</total>
				<timestamp>557.423117</timestamp>
			</report>
			<report>
				<misses>2427001</misses>
				<total>36</total>
				<timestamp>557.652948</timestamp>
			</report>
			<report>
				<misses>2428001</misses>
				<total>36</total>
				<timestamp>557.882717</timestamp>
			</report>
			<report>
				<misses>2429001</misses>
				<total>36</total>
				<timestamp>558.112453</timestamp>
			</report>
			<report>
				<misses>2430001</misses>
				<total>36</total>
				<timestamp>558.342210</timestamp>
			</report>
			<report>
				<misses>2431001</misses>
				<total>36</total>
				<timestamp>558.571984</timestamp>
			</report>
			<report>
				<misses>2432001</misses>
				<total>36</total>
				<timestamp>558.801725</timestamp>
			</report>
			<report>
				<misses>2433001</misses>
				<total>36</total>
				<timestamp>559.031509</timestamp>
			</report>
			<report>
				<misses>2434001</misses>
				<total>36</total>
				<timestamp>559.261291</timestamp>
			</report>
			<report>
				<misses>2435001</misses>
				<total>36</total>
				<timestamp>559.491086</timestamp>
			</report>
			<report>
				<misses>2436001</misses>
				<total>36</total>
				<timestamp>559.720888</timestamp>
			</report>
			<report>
				<misses>2437001</misses>
				<total>36</total>
				<timestamp>559.950575</timestamp>
			</report>
			<report>
				<misses>2438001</misses>
				<total>36</total>
				<timestamp>560.180363</timestamp>
			</report>
			<report>
				<misses>2439001</misses>
				<total>36</total>
				<timestamp>560.410129</timestamp>
			</report>
			<report>
				<misses>2440001</misses>
				<total>36</total>
				<timestamp>560.639898</timestamp>
			</report>
			<report>
				<misses>2441001</misses>
				<total>36</total>
				<timestamp>560.869695</timestamp>
			</report>
			<report>
				<misses>2442001</misses>
				<total>36</total>
				<timestamp>561.099436</timestamp>
			</report>
			<report>
				<misses>2443001</misses>
				<total>36</total>
				<timestamp>561.329222</timestamp>
			</report>
			<report>
				<misses>2444001</misses>
				<total>36</total>
				<timestamp>561.558974</timestamp>
			</report>
			<report>
				<misses>2445001</misses>
				<total>36</total>
				<timestamp>561.788764</timestamp>
			</report>
			<report>
				<misses>2446001</misses>
				<total>36</total>
				<timestamp>562.018591</timestamp>
			</report>
			<report>
				<misses>2447001</misses>
				<total>36</total>
				<timestamp>562.248315</timestamp>
			</report>
			<report>
				<misses>2448001</misses>
				<total>36</total>
				<timestamp>562.478131</timestamp>
			</report>
			<report>
				<misses>2449001</misses>
				<total>36</total>
				<timestamp>562.707833</timestamp>
			</report>
			<report>
				<misses>2450001</misses>
				<total>36</total>
				<timestamp>562.937589</timestamp>
			</report>
			<report>
				<misses>2451001</misses>
				<total>36</total>
				<timestamp>563.167378</timestamp>
			</report>
			<report>
				<misses>2452001</misses>
				<total>36</total>
				<timestamp>563.397189</timestamp>
			</report>
			<report>
				<misses>2453001</misses>
				<total>36</total>
				<timestamp>563.626959</timestamp>
			</report>
			<report>
				<misses>2454001</misses>
				<total>36</total>
				<timestamp>563.856678</timestamp>
			</report>
			<report>
				<misses>2455001</misses>
				<total>36</total>
				<timestamp>564.086443</timestamp>
			</report>
			<report>
				<misses>2456001</misses>
				<total>36</total>
				<timestamp>564.316236</timestamp>
			</report>
			<report>
				<misses>2457001</misses>
				<total>36</total>
				<timestamp>564.546035</timestamp>
			</report>
			<report>
				<misses>2458001</misses>
				<total>36</total>
				<timestamp>564.775754</timestamp>
			</report>
			<report>
				<misses>2459001</misses>
				<total>36</total>
				<timestamp>565.005517</timestamp>
			</report>
			<report>
				<misses>2460001</misses>
				<total>36</total>
				<timestamp>565.235333</timestamp>
			</report>
			<report>
				<misses>2461001</misses>
				<total>36</total>
				<timestamp>565.465058</timestamp>
			</report>
			<report>
				<misses>2462001</misses>
				<total>36</total>
				<timestamp>565.694840</timestamp>
			</report>
			<report>
				<misses>2463001</misses>
				<total>36</total>
				<timestamp>565.924584</timestamp>
			</report>
			<report>
				<misses>2464001</misses>
				<total>36</total>
				<timestamp>566.154396</timestamp>
			</report>
			<report>
				<misses>2465001</misses>
				<total>36</total>
				<timestamp>566.384187</timestamp>
			</report>
			<report>
				<misses>2466001</misses>
				<total>36</total>
				<timestamp>566.613944</timestamp>
			</report>
			<report>
				<misses>2467001</misses>
				<total>36</total>
				<timestamp>566.843663</timestamp>
			</report>
			<report>
				<misses>2468001</misses>
				<total>36</total>
				<timestamp>567.073433</timestamp>
			</report>
			<report>
				<misses>2469001</misses>
				<total>36</total>
				<timestamp>567.303236</timestamp>
			</report>
			<report>
				<misses>2470001</misses>
				<total>36</total>
				<timestamp>567.533016</timestamp>
			</report>
			<report>
				<misses>2471001</misses>
				<total>36</total>
				<timestamp>567.762755</timestamp>
			</report>
			<report>
				<misses>2472001</misses>
				<total>36</total>
				<timestamp>567.992536</timestamp>
			</report>
			<report>
				<misses>2473001</misses>
				<total>36</total>
				<timestamp>568.222290</timestamp>
			</report>
			<report>
				<misses>2474001</misses>
				<total>36</total>
				<timestamp>568.452078</timestamp>
			</report>
			<report>
				<misses>2475001</misses>
				<total>36</total>
				<timestamp>568.681830</timestamp>
			</report>
			<report>
				<misses>2476001</misses>
				<total>36</total>
				<timestamp>568.911594</timestamp>
			</report>
			<report>
				<misses>2477001</misses>
				<total>36</total>
				<timestamp>569.141379</timestamp>
			</report>
			<report>
				<misses>2478001</misses>
				<total>36</total>
				<timestamp>569.371177</timestamp>
			</report>
			<report>
				<misses>2479001</misses>
				<total>36</total>
				<timestamp>569.601004</timestamp>
			</report>
			<report>
				<misses>2480001</misses>
				<total>36</total>
				<timestamp>569.830731</timestamp>
			</report>
			<report>
				<misses>2481001</misses>
				<total>36</total>
				<timestamp>570.060445</timestamp>
			</report>
			<report>
				<misses>2482001</misses>
				<total>36</total>
				<timestamp>570.290233</timestamp>
			</report>
			<report>
				<misses>2483001</misses>
				<total>36</total>
				<timestamp>570.519996</timestamp>
			</report>
			<report>
				<misses>2484001</misses>
				<total>36</total>
				<timestamp>570.749834</timestamp>
			</report>
			<report>
				<misses>2485001</misses>
				<total>36</total>
				<timestamp>570.979551</timestamp>
			</report>
			<report>
				<misses>2486001</misses>
				<total>36</total>
				<timestamp>571.209318</timestamp>
			</report>
			<report>
				<misses>2487001</misses>
				<total>36</total>
				<timestamp>571.439109</timestamp>
			</report>
			<report>
				<misses>2488001</misses>
				<total>36</total>
				<timestamp>571.668849</timestamp>
			</report>
			<report>
				<misses>2489001</misses>
				<total>36</total>
				<timestamp>571.898623</timestamp>
			</report>
			<report>
				<misses>2490001</misses>
				<total>36</total>
				<timestamp>572.128391</timestamp>
			</report>
			<report>
				<misses>2491001</misses>
				<total>36</total>
				<timestamp>572.358171</timestamp>
			</report>
			<report>
				<misses>2492001</misses>
				<total>36</total>
				<timestamp>572.587959</timestamp>
			</report>
			<report>
				<misses>2493001</misses>
				<total>36</total>
				<timestamp>572.817700</timestamp>
			</report>
			<report>
				<misses>2494001</misses>
				<total>36</total>
				<timestamp>573.047515</timestamp>
			</report>
			<report>
				<misses>2495001</misses>
				<total>36</total>
				<timestamp>573.277255</timestamp>
			</report>
			<report>
				<misses>2496001</misses>
				<total>36</total>
				<timestamp>573.507013</timestamp>
			</report>
			<report>
				<misses>2497001</misses>
				<total>36</total>
				<timestamp>573.736825</timestamp>
			</report>
			<report>
				<misses>2498001</misses>
				<total>35</total>
				<timestamp>573.966578</timestamp>
			</report>
			<report>
				<misses>2499001</misses>
				<total>36</total>
				<timestamp>574.196314</timestamp>
			</report>
			<report>
				<misses>2500001</misses>
				<total>36</total>
				<timestamp>574.426137</timestamp>
			</report>
			<report>
				<misses>2501001</misses>
				<total>36</total>
				<timestamp>574.655892</timestamp>
			</report>
			<report>
				<misses>2502001</misses>
				<total>36</total>
				<timestamp>574.885632</timestamp>
			</report>
			<report>
				<misses>2503001</misses>
				<total>36</total>
				<timestamp>575.115405</timestamp>
			</report>
			<report>
				<misses>2504001</misses>
				<total>36</total>
				<timestamp>575.345171</timestamp>
			</report>
			<report>
				<misses>2505001</misses>
				<total>36</total>
				<timestamp>575.574949</timestamp>
			</report>
			<report>
				<misses>2506001</misses>
				<total>36</total>
				<timestamp>575.804794</timestamp>
			</report>
			<report>
				<misses>2507001</misses>
				<total>36</total>
				<timestamp>576.034538</timestamp>
			</report>
			<report>
				<misses>2508001</misses>
				<total>36</total>
				<timestamp>576.264359</timestamp>
			</report>
			<report>
				<misses>2509001</misses>
				<total>36</total>
				<timestamp>576.494097</timestamp>
			</report>
			<report>
				<misses>2510001</misses>
				<total>36</total>
				<timestamp>576.723816</timestamp>
			</report>
			<report>
				<misses>2511001</misses>
				<total>36</total>
				<timestamp>576.953557</timestamp>
			</report>
			<report>
				<misses>2512001</misses>
				<total>36</total>
				<timestamp>577.183350</timestamp>
			</report>
			<report>
				<misses>2513001</misses>
				<total>36</total>
				<timestamp>577.413130</timestamp>
			</report>
			<report>
				<misses>2514001</misses>
				<total>36</total>
				<timestamp>577.642879</timestamp>
			</report>
			<report>
				<misses>2515001</misses>
				<total>36</total>
				<timestamp>577.872647</timestamp>
			</report>
			<report>
				<misses>2516001</misses>
				<total>36</total>
				<timestamp>578.102497</timestamp>
			</report>
			<report>
				<misses>2517001</misses>
				<total>36</total>
				<timestamp>578.332223</timestamp>
			</report>
			<report>
				<misses>2518001</misses>
				<total>36</total>
				<timestamp>578.561973</timestamp>
			</report>
			<report>
				<misses>2519001</misses>
				<total>36</total>
				<timestamp>578.791740</timestamp>
			</report>
			<report>
				<misses>2520001</misses>
				<total>36</total>
				<timestamp>579.021523</timestamp>
			</report>
			<report>
				<misses>2521001</misses>
				<total>36</total>
				<timestamp>579.251288</timestamp>
			</report>
			<report>
				<misses>2522001</misses>
				<total>36</total>
				<timestamp>579.481089</timestamp>
			</report>
			<report>
				<misses>2523001</misses>
				<total>36</total>
				<timestamp>579.710894</timestamp>
			</report>
			<report>
				<misses>2524001</misses>
				<total>36</total>
				<timestamp>579.940670</timestamp>
			</report>
			<report>
				<misses>2525001</misses>
				<total>36</total>
				<timestamp>580.170431</timestamp>
			</report>
			<report>
				<misses>2526001</misses>
				<total>35</total>
				<timestamp>580.400136</timestamp>
			</report>
			<report>
				<misses>2527001</misses>
				<total>36</total>
				<timestamp>580.629884</timestamp>
			</report>
			<report>
				<misses>2528001</misses>
				<total>36</total>
				<timestamp>580.859725</timestamp>
			</report>
			<report>
				<misses>2529001</misses>
				<total>36</total>
				<timestamp>581.089419</timestamp>
			</report>
			<report>
				<misses>2530001</misses>
				<total>36</total>
				<timestamp>581.319203</timestamp>
			</report>
			<report>
				<misses>2531001</misses>
				<total>36</total>
				<timestamp>581.548977</timestamp>
			</report>
			<report>
				<misses>2532001</misses>
				<total>36</total>
				<timestamp>581.778752</timestamp>
			</report>
			<report>
				<misses>2533001</misses>
				<total>36</total>
				<timestamp>582.008529</timestamp>
			</report>
			<report>
				<misses>2534001</misses>
				<total>36</total>
				<timestamp>582.238260</timestamp>
			</report>
			<report>
				<misses>2535001</misses>
				<total>36</total>
				<timestamp>582.468115</timestamp>
			</report>
			<report>
				<misses>2536001</misses>
				<total>36</total>
				<timestamp>582.697822</timestamp>
			</report>
			<report>
				<misses>2537001</misses>
				<total>36</total>
				<timestamp>582.927582</timestamp>
			</report>
			<report>
				<misses>2538001</misses>
				<total>36</total>
				<timestamp>583.157363</timestamp>
			</report>
			<report>
				<misses>2539001</misses>
				<total>36</total>
				<timestamp>583.387145</timestamp>
			</report>
			<report>
				<misses>2540001</misses>
				<total>36</total>
				<timestamp>583.616900</timestamp>
			</report>
			<report>
				<misses>2541001</misses>
				<total>36</total>
				<timestamp>583.846650</timestamp>
			</report>
			<report>
				<misses>2542001</misses>
				<total>36</total>
				<timestamp>584.076434</timestamp>
			</report>
			<report>
				<misses>2543001</misses>
				<total>36</total>
				<timestamp>584.306243</timestamp>
			</report>
			<report>
				<misses>2544001</misses>
				<total>36</total>
				<timestamp>584.535981</timestamp>
			</report>
			<report>
				<misses>2545001</misses>
				<total>36</total>
				<timestamp>584.765792</timestamp>
			</report>
			<report>
				<misses>2546001</misses>
				<total>36</total>
				<timestamp>584.995498</timestamp>
			</report>
			<report>
				<misses>2547001</misses>
				<total>36</total>
				<timestamp>585.225289</timestamp>
			</report>
			<report>
				<misses>2548001</misses>
				<total>36</total>
				<timestamp>585.455083</timestamp>
			</report>
			<report>
				<misses>2549001</misses>
				<total>36</total>
				<timestamp>585.684870</timestamp>
			</report>
			<report>
				<misses>2550001</misses>
				<total>36</total>
				<timestamp>585.914589</timestamp>
			</report>
			<report>
				<misses>2551001</misses>
				<total>36</total>
				<timestamp>586.144349</timestamp>
			</report>
			<report>
				<misses>2552001</misses>
				<total>36</total>
				<timestamp>586.374137</timestamp>
			</report>
			<report>
				<misses>2553001</misses>
				<total>36</total>
				<timestamp>586.603929</timestamp>
			</report>
			<report>
				<misses>2554001</misses>
				<total>36</total>
				<timestamp>586.833730</timestamp>
			</report>
			<report>
				<misses>2555001</misses>
				<total>36</total>
				<timestamp>587.063452</timestamp>
			</report>
			<report>
				<misses>2556001</misses>
				<total>36</total>
				<timestamp>587.293286</timestamp>
			</report>
			<report>
				<misses>2557001</misses>
				<total>36</total>
				<timestamp>587.523006</timestamp>
			</report>
			<report>
				<misses>2558001</misses>
				<total>36</total>
				<timestamp>587.752767</timestamp>
			</report>
			<report>
				<misses>2559001</misses>
				<total>36</total>
				<timestamp>587.982526</timestamp>
			</report>
			<report>
				<misses>2560001</misses>
				<total>36</total>
				<timestamp>588.212297</timestamp>
			</report>
			<report>
				<misses>2561001</misses>
				<total>36</total>
				<timestamp>588.442113</timestamp>
			</report>
			<report>
				<misses>2562001</misses>
				<total>36</total>
				<timestamp>588.671845</timestamp>
			</report>
			<report>
				<misses>2563001</misses>
				<total>36</total>
				<timestamp>588.901600</timestamp>
			</report>
			<report>
				<misses>2564001</misses>
				<total>36</total>
				<timestamp>589.131404</timestamp>
			</report>
			<report>
				<misses>2565001</misses>
				<total>36</total>
				<timestamp>589.361169</timestamp>
			</report>
			<report>
				<misses>2566001</misses>
				<total>36</total>
				<timestamp>589.590960</timestamp>
			</report>
			<report>
				<misses>2567001</misses>
				<total>36</total>
				<timestamp>589.820717</timestamp>
			</report>
			<report>
				<misses>2568001</misses>
				<total>36</total>
				<timestamp>590.050443</timestamp>
			</report>
			<report>
				<misses>2569001</misses>
				<total>36</total>
				<timestamp>590.280230</timestamp>
			</report>
			<report>
				<misses>2570001</misses>
				<total>35</total>
				<timestamp>590.510045</timestamp>
			</report>
			<report>
				<misses>2571001</misses>
				<total>36</total>
				<timestamp>590.739780</timestamp>
			</report>
			<report>
				<misses>2572001</misses>
				<total>36</total>
				<timestamp>590.969534</timestamp>
			</report>
			<report>
				<misses>2573001</misses>
				<total>36</total>
				<timestamp>591.199312</timestamp>
			</report>
			<report>
				<misses>2574001</misses>
				<total>36</total>
				<timestamp>591.429095</timestamp>
			</report>
			<report>
				<misses>2575001</misses>
				<total>36</total>
				<timestamp>591.658895</timestamp>
			</report>
			<report>
				<misses>2576001</misses>
				<total>36</total>
				<timestamp>591.888630</timestamp>
			</report>
			<report>
				<misses>2577001</misses>
				<total>36</total>
				<timestamp>592.118373</timestamp>
			</report>
			<report>
				<misses>2578001</misses>
				<total>36</total>
				<timestamp>592.348168</timestamp>
			</report>
			<report>
				<misses>2579001</misses>
				<total>36</total>
				<timestamp>592.577934</timestamp>
			</report>
			<report>
				<misses>2580001</misses>
				<total>36</total>
				<timestamp>592.807766</timestamp>
			</report>
			<report>
				<misses>2581001</misses>
				<total>36</total>
				<timestamp>593.037466</timestamp>
			</report>
			<report>
				<misses>2582001</misses>
				<total>36</total>
				<timestamp>593.267238</timestamp>
			</report>
			<report>
				<misses>2583001</misses>
				<total>36</total>
				<timestamp>593.497041</timestamp>
			</report>
			<report>
				<misses>2584001</misses>
				<total>36</total>
				<timestamp>593.726773</timestamp>
			</report>
			<report>
				<misses>2585001</misses>
				<total>36</total>
				<timestamp>593.956546</timestamp>
			</report>
			<report>
				<misses>2586001</misses>
				<total>36</total>
				<timestamp>594.186330</timestamp>
			</report>
			<report>
				<misses>2587001</misses>
				<total>36</total>
				<timestamp>594.416125</timestamp>
			</report>
			<report>
				<misses>2588001</misses>
				<total>36</total>
				<timestamp>594.645849</timestamp>
			</report>
			<report>
				<misses>2589001</misses>
				<total>36</total>
				<timestamp>594.875620</timestamp>
			</report>
			<report>
				<misses>2590001</misses>
				<total>36</total>
				<timestamp>595.105403</timestamp>
			</report>
			<report>
				<misses>2591001</misses>
				<total>36</total>
				<timestamp>595.335158</timestamp>
			</report>
			<report>
				<misses>2592001</misses>
				<total>36</total>
				<timestamp>595.564967</timestamp>
			</report>
			<report>
				<misses>2593001</misses>
				<total>36</total>
				<timestamp>595.794739</timestamp>
			</report>
			<report>
				<misses>2594001</misses>
				<total>36</total>
				<timestamp>596.024504</timestamp>
			</report>
			<report>
				<misses>2595001</misses>
				<total>36</total>
				<timestamp>596.254262</timestamp>
			</report>
			<report>
				<misses>2596001</misses>
				<total>36</total>
				<timestamp>596.484042</timestamp>
			</report>
			<report>
				<misses>2597001</misses>
				<total>36</total>
				<timestamp>596.713832</timestamp>
			</report>
			<report>
				<misses>2598001</misses>
				<total>36</total>
				<timestamp>596.943561</timestamp>
			</report>
			<report>
				<misses>2599001</misses>
				<total>36</total>
				<timestamp>597.173316</timestamp>
			</report>
			<report>
				<misses>2600001</misses>
				<total>36</total>
				<timestamp>597.403109</timestamp>
			</report>
			<report>
				<misses>2601001</misses>
				<total>36</total>
				<timestamp>597.632871</timestamp>
			</report>
			<report>
				<misses>2602001</misses>
				<total>36</total>
				<timestamp>597.862623</timestamp>
			</report>
			<report>
				<misses>2603001</misses>
				<total>36</total>
				<timestamp>598.092439</timestamp>
			</report>
			<report>
				<misses>2604001</misses>
				<total>36</total>
				<timestamp>598.322182</timestamp>
			</report>
			<report>
				<misses>2605001</misses>
				<total>36</total>
				<timestamp>598.552010</timestamp>
			</report>
			<report>
				<misses>2606001</misses>
				<total>36</total>
				<timestamp>598.781796</timestamp>
			</report>
			<report>
				<misses>2607001</misses>
				<total>36</total>
				<timestamp>599.011485</timestamp>
			</report>
			<report>
				<misses>2608001</misses>
				<total>35</total>
				<timestamp>599.241274</timestamp>
			</report>
			<report>
				<misses>2609001</misses>
				<total>36</total>
				<timestamp>599.471031</timestamp>
			</report>
			<report>
				<misses>2610001</misses>
				<total>36</total>
				<timestamp>599.700793</timestamp>
			</report>
			<report>
				<misses>2611001</misses>
				<total>36</total>
				<timestamp>599.930549</timestamp>
			</report>
			<report>
				<misses>2612001</misses>
				<total>36</total>
				<timestamp>600.160326</timestamp>
			</report>
			<report>
				<misses>2613001</misses>
				<total>36</total>
				<timestamp>600.390113</timestamp>
			</report>
			<report>
				<misses>2614001</misses>
				<total>36</total>
				<timestamp>600.619914</timestamp>
			</report>
			<report>
				<misses>2615001</misses>
				<total>36</total>
				<timestamp>600.849710</timestamp>
			</report>
			<report>
				<misses>2616001</misses>
				<total>36</total>
				<timestamp>601.079457</timestamp>
			</report>
			<report>
				<misses>2617001</misses>
				<total>36</total>
				<timestamp>601.309179</timestamp>
			</report>
			<report>
				<misses>2618001</misses>
				<total>36</total>
				<timestamp>601.539011</timestamp>
			</report>
			<report>
				<misses>2619001</misses>
				<total>36</total>
				<timestamp>601.768734</timestamp>
			</report>
			<report>
				<misses>2620001</misses>
				<total>36</total>
				<timestamp>601.998483</timestamp>
			</report>
			<report>
				<misses>2621001</misses>
				<total>36</total>
				<timestamp>602.228264</timestamp>
			</report>
			<report>
				<misses>2622001</misses>
				<total>36</total>
				<timestamp>602.458050</timestamp>
			</report>
			<report>
				<misses>2623001</misses>
				<total>36</total>
				<timestamp>602.687860</timestamp>
			</report>
			<report>
				<misses>2624001</misses>
				<total>36</total>
				<timestamp>602.917569</timestamp>
			</report>
			<report>
				<misses>2625001</misses>
				<total>36</total>
				<timestamp>603.147342</timestamp>
			</report>
			<report>
				<misses>2626001</misses>
				<total>36</total>
				<timestamp>603.377135</timestamp>
			</report>
			<report>
				<misses>2627001</misses>
				<total>37</total>
				<timestamp>603.606970</timestamp>
			</report>
			<report>
				<misses>2628001</misses>
				<total>37</total>
				<timestamp>603.836704</timestamp>
			</report>
			<report>
				<misses>2629001</misses>
				<total>37</total>
				<timestamp>604.066428</timestamp>
			</report>
			<report>
				<misses>2630001</misses>
				<total>37</total>
				<timestamp>604.296230</timestamp>
			</report>
			<report>
				<misses>2631001</misses>
				<total>37</total>
				<timestamp>604.526010</timestamp>
			</report>
			<report>
				<misses>2632001</misses>
				<total>37</total>
				<timestamp>604.755719</timestamp>
			</report>
			<report>
				<misses>2633001</misses>
				<total>37</total>
				<timestamp>604.985502</timestamp>
			</report>
			<report>
				<misses>2634001</misses>
				<total>37</total>
				<timestamp>605.215319</timestamp>
			</report>
			<report>
				<misses>2635001</misses>
				<total>37</total>
				<timestamp>605.445076</timestamp>
			</report>
			<report>
				<misses>2636001</misses>
				<total>37</total>
				<timestamp>605.674821</timestamp>
			</report>
			<report>
				<misses>2637001</misses>
				<total>37</total>
				<timestamp>605.904564</timestamp>
			</report>
			<report>
				<misses>2638001</misses>
				<total>37</total>
				<timestamp>606.134379</timestamp>
			</report>
			<report>
				<misses>2639001</misses>
				<total>37</total>
				<timestamp>606.364124</timestamp>
			</report>
			<report>
				<misses>2640001</misses>
				<total>37</total>
				<timestamp>606.593944</timestamp>
			</report>
			<report>
				<misses>2641001</misses>
				<total>37</total>
				<timestamp>606.823684</timestamp>
			</report>
			<report>
				<misses>2642001</misses>
				<total>38</total>
				<timestamp>607.053460</timestamp>
			</report>
			<report>
				<misses>2643001</misses>
				<total>38</total>
				<timestamp>607.283238</timestamp>
			</report>
			<report>
				<misses>2644001</misses>
				<total>38</total>
				<timestamp>607.512954</timestamp>
			</report>
			<report>
				<misses>2645001</misses>
				<total>38</total>
				<timestamp>607.742757</timestamp>
			</report>
			<report>
				<misses>2646001</misses>
				<total>38</total>
				<timestamp>607.972495</timestamp>
			</report>
			<report>
				<misses>2647001</misses>
				<total>38</total>
				<timestamp>608.202298</timestamp>
			</report>
			<report>
				<misses>2648001</misses>
				<total>38</total>
				<timestamp>608.432068</timestamp>
			</report>
			<report>
				<misses>2649001</misses>
				<total>38</total>
				<timestamp>608.661895</timestamp>
			</report>
			<report>
				<misses>2650001</misses>
				<total>38</total>
				<timestamp>608.891590</timestamp>
			</report>
			<report>
				<misses>2651001</misses>
				<total>38</total>
				<timestamp>609.121353</timestamp>
			</report>
			<report>
				<misses>2652001</misses>
				<total>38</total>
				<timestamp>609.351127</timestamp>
			</report>
			<report>
				<misses>2653001</misses>
				<total>38</total>
				<timestamp>609.580920</timestamp>
			</report>
			<report>
				<misses>2654001</misses>
				<total>38</total>
				<timestamp>609.810705</timestamp>
			</report>
			<report>
				<misses>2655001</misses>
				<total>38</total>
				<timestamp>610.040450</timestamp>
			</report>
			<report>
				<misses>2656001</misses>
				<total>38</total>
				<timestamp>610.270240</timestamp>
			</report>
			<report>
				<misses>2657001</misses>
				<total>37</total>
				<timestamp>610.500034</timestamp>
			</report>
			<report>
				<misses>2658001</misses>
				<total>38</total>
				<timestamp>610.729782</timestamp>
			</report>
			<report>
				<misses>2659001</misses>
				<total>38</total>
				<timestamp>610.959522</timestamp>
			</report>
			<report>
				<misses>2660001</misses>
				<total>38</total>
				<timestamp>611.189290</timestamp>
			</report>
			<report>
				<misses>2661001</misses>
				<total>38</total>
				<timestamp>611.419060</timestamp>
			</report>
			<report>
				<misses>2662001</misses>
				<total>38</total>
				<timestamp>611.648914</timestamp>
			</report>
			<report>
				<misses>2663001</misses>
				<total>38</total>
				<timestamp>611.878632</timestamp>
			</report>
			<report>
				<misses>2664001</misses>
				<total>38</total>
				<timestamp>612.108403</timestamp>
			</report>
			<report>
				<misses>2665001</misses>
				<total>38</total>
				<timestamp>612.338139</timestamp>
			</report>
			<report>
				<misses>2666001</misses>
				<total>38</total>
				<timestamp>612.567969</timestamp>
			</report>
			<report>
				<misses>2667001</misses>
				<total>38</total>
				<timestamp>612.797778</timestamp>
			</report>
			<report>
				<misses>2668001</misses>
				<total>38</total>
				<timestamp>613.027453</timestamp>
			</report>
			<report>
				<misses>2669001</misses>
				<total>38</total>
				<timestamp>613.257249</timestamp>
			</report>
			<report>
				<misses>2670001</misses>
				<total>38</total>
				<timestamp>613.487018</timestamp>
			</report>
			<report>
				<misses>2671001</misses>
				<total>38</total>
				<timestamp>613.716766</timestamp>
			</report>
			<report>
				<misses>2672001</misses>
				<total>38</total>
				<timestamp>613.946530</timestamp>
			</report>
			<report>
				<misses>2673001</misses>
				<total>38</total>
				<timestamp>614.176308</timestamp>
			</report>
			<report>
				<misses>2674001</misses>
				<total>38</total>
				<timestamp>614.406082</timestamp>
			</report>
			<report>
				<misses>2675001</misses>
				<total>38</total>
				<timestamp>614.635839</timestamp>
			</report>
			<report>
				<misses>2676001</misses>
				<total>38</total>
				<timestamp>614.865651</timestamp>
			</report>
			<report>
				<misses>2677001</misses>
				<total>38</total>
				<timestamp>615.095363</timestamp>
			</report>
			<report>
				<misses>2678001</misses>
				<total>38</total>
				<timestamp>615.325183</timestamp>
			</report>
			<report>
				<misses>2679001</misses>
				<total>39</total>
				<timestamp>615.554961</timestamp>
			</report>
			<report>
				<misses>2680001</misses>
				<total>40</total>
				<timestamp>615.784763</timestamp>
			</report>
			<report>
				<misses>2681001</misses>
				<total>40</total>
				<timestamp>616.014498</timestamp>
			</report>
			<report>
				<misses>2682001</misses>
				<total>40</total>
				<timestamp>616.244324</timestamp>
			</report>
			<report>
				<misses>2683001</misses>
				<total>40</total>
				<timestamp>616.474022</timestamp>
			</report>
			<report>
				<misses>2684001</misses>
				<total>40</total>
				<timestamp>616.703810</timestamp>
			</report>
			<report>
				<misses>2685001</misses>
				<total>40</total>
				<timestamp>616.933539</timestamp>
			</report>
			<report>
				<misses>2686001</misses>
				<total>40</total>
				<timestamp>617.163300</timestamp>
			</report>
			<report>
				<misses>2687001</misses>
				<total>40</total>
				<timestamp>617.393071</timestamp>
			</report>
			<report>
				<misses>2688001</misses>
				<total>40</total>
				<timestamp>617.622894</timestamp>
			</report>
			<report>
				<misses>2689001</misses>
				<total>40</total>
				<timestamp>617.852683</timestamp>
			</report>
			<report>
				<misses>2690001</misses>
				<total>40</total>
				<timestamp>618.082387</timestamp>
			</report>
			<report>
				<misses>2691001</misses>
				<total>40</total>
				<timestamp>618.312164</timestamp>
			</report>
			<report>
				<misses>2692001</misses>
				<total>40</total>
				<timestamp>618.541976</timestamp>
			</report>
			<report>
				<misses>2693001</misses>
				<total>40</total>
				<timestamp>618.771716</timestamp>
			</report>
			<report>
				<misses>2694001</misses>
				<total>40</total>
				<timestamp>619.001465</timestamp>
			</report>
			<report>
				<misses>2695001</misses>
				<total>40</total>
				<timestamp>619.231281</timestamp>
			</report>
			<report>
				<misses>2696001</misses>
				<total>40</total>
				<timestamp>619.461038</timestamp>
			</report>
			<report>
				<misses>2697001</misses>
				<total>40</total>
				<timestamp>619.690811</timestamp>
			</report>
			<report>
				<misses>2698001</misses>
				<total>40</total>
				<timestamp>619.920582</timestamp>
			</report>
			<report>
				<misses>2699001</misses>
				<total>40</total>
				<timestamp>620.150377</timestamp>
			</report>
			<report>
				<misses>2700001</misses>
				<total>40</total>
				<timestamp>620.380077</timestamp>
			</report>
			<report>
				<misses>2701001</misses>
				<total>40</total>
				<timestamp>620.609915</timestamp>
			</report>
			<report>
				<misses>2702001</misses>
				<total>40</total>
				<timestamp>620.839648</timestamp>
			</report>
			<report>
				<misses>2703001</misses>
				<total>40</total>
				<timestamp>621.069403</timestamp>
			</report>
			<report>
				<misses>2704001</misses>
				<total>40</total>
				<timestamp>621.299202</timestamp>
			</report>
			<report>
				<misses>2705001</misses>
				<total>40</total>
				<timestamp>621.528955</timestamp>
			</report>
			<report>
				<misses>2706001</misses>
				<total>40</total>
				<timestamp>621.758795</timestamp>
			</report>
			<report>
				<misses>2707001</misses>
				<total>40</total>
				<timestamp>621.988476</timestamp>
			</report>
			<report>
				<misses>2708001</misses>
				<total>39</total>
				<timestamp>622.218254</timestamp>
			</report>
			<report>
				<misses>2709001</misses>
				<total>40</total>
				<timestamp>622.448012</timestamp>
			</report>
			<report>
				<misses>2710001</misses>
				<total>40</total>
				<timestamp>622.677800</timestamp>
			</report>
			<report>
				<misses>2711001</misses>
				<total>40</total>
				<timestamp>622.907607</timestamp>
			</report>
			<report>
				<misses>2712001</misses>
				<total>40</total>
				<timestamp>623.137336</timestamp>
			</report>
			<report>
				<misses>2713001</misses>
				<total>40</total>
				<timestamp>623.367103</timestamp>
			</report>
			<report>
				<misses>2714001</misses>
				<total>40</total>
				<timestamp>623.596881</timestamp>
			</report>
			<report>
				<misses>2715001</misses>
				<total>40</total>
				<timestamp>623.826686</timestamp>
			</report>
			<report>
				<misses>2716001</misses>
				<total>40</total>
				<timestamp>624.056411</timestamp>
			</report>
			<report>
				<misses>2717001</misses>
				<total>40</total>
				<timestamp>624.286162</timestamp>
			</report>
			<report>
				<misses>2718001</misses>
				<total>40</total>
				<timestamp>624.515971</timestamp>
			</report>
			<report>
				<misses>2719001</misses>
				<total>40</total>
				<timestamp>624.745829</timestamp>
			</report>
			<report>
				<misses>2720001</misses>
				<total>40</total>
				<timestamp>624.975488</timestamp>
			</report>
			<report>
				<misses>2721001</misses>
				<total>40</total>
				<timestamp>625.205268</timestamp>
			</report>
			<report>
				<misses>2722001</misses>
				<total>40</total>
				<timestamp>625.435046</timestamp>
			</report>
			<report>
				<misses>2723001</misses>
				<total>40</total>
				<timestamp>625.664809</timestamp>
			</report>
			<report>
				<misses>2724001</misses>
				<total>40</total>
				<timestamp>625.894613</timestamp>
			</report>
			<report>
				<misses>2725001</misses>
				<total>40</total>
				<timestamp>626.124333</timestamp>
			</report>
			<report>
				<misses>2726001</misses>
				<total>40</total>
				<timestamp>626.354094</timestamp>
			</report>
			<report>
				<misses>2727001</misses>
				<total>39</total>
				<timestamp>626.583936</timestamp>
			</report>
			<report>
				<misses>2728001</misses>
				<total>40</total>
				<timestamp>626.813682</timestamp>
			</report>
			<report>
				<misses>2729001</misses>
				<total>40</total>
				<timestamp>627.043421</timestamp>
			</report>
			<report>
				<misses>2730001</misses>
				<total>40</total>
				<timestamp>627.273207</timestamp>
			</report>
			<report>
				<misses>2731001</misses>
				<total>40</total>
				<timestamp>627.502971</timestamp>
			</report>
			<report>
				<misses>2732001</misses>
				<total>40</total>
				<timestamp>627.732759</timestamp>
			</report>
			<report>
				<misses>2733001</misses>
				<total>40</total>
				<timestamp>627.962526</timestamp>
			</report>
			<report>
				<misses>2734001</misses>
				<total>40</total>
				<timestamp>628.192278</timestamp>
			</report>
			<report>
				<misses>2735001</misses>
				<total>40</total>
				<timestamp>628.422041</timestamp>
			</report>
			<report>
				<misses>2736001</misses>
				<total>40</total>
				<timestamp>628.651803</timestamp>
			</report>
			<report>
				<misses>2737001</misses>
				<total>40</total>
				<timestamp>628.881599</timestamp>
			</report>
			<report>
				<misses>2738001</misses>
				<total>40</total>
				<timestamp>629.111346</timestamp>
			</report>
			<report>
				<misses>2739001</misses>
				<total>40</total>
				<timestamp>629.341153</timestamp>
			</report>
			<report>
				<misses>2740001</misses>
				<total>40</total>
				<timestamp>629.570915</timestamp>
			</report>
			<report>
				<misses>2741001</misses>
				<total>40</total>
				<timestamp>629.800727</timestamp>
			</report>
			<report>
				<misses>2742001</misses>
				<total>40</total>
				<timestamp>630.030508</timestamp>
			</report>
			<report>
				<misses>2743001</misses>
				<total>40</total>
				<timestamp>630.260240</timestamp>
			</report>
			<report>
				<misses>2744001</misses>
				<total>40</total>
				<timestamp>630.489957</timestamp>
			</report>
			<report>
				<misses>2745001</misses>
				<total>40</total>
				<timestamp>630.719790</timestamp>
			</report>
			<report>
				<misses>2746001</misses>
				<total>40</total>
				<timestamp>630.949547</timestamp>
			</report>
			<report>
				<misses>2747001</misses>
				<total>40</total>
				<timestamp>631.179332</timestamp>
			</report>
			<report>
				<misses>2748001</misses>
				<total>40</total>
				<timestamp>631.409058</timestamp>
			</report>
			<report>
				<misses>2749001</misses>
				<total>40</total>
				<timestamp>631.638844</timestamp>
			</report>
			<report>
				<misses>2750001</misses>
				<total>40</total>
				<timestamp>631.868697</timestamp>
			</report>
			<report>
				<misses>2751001</misses>
				<total>40</total>
				<timestamp>632.098358</timestamp>
			</report>
			<report>
				<misses>2752001</misses>
				<total>40</total>
				<timestamp>632.328195</timestamp>
			</report>
			<report>
				<misses>2753001</misses>
				<total>40</total>
				<timestamp>632.557919</timestamp>
			</report>
			<report>
				<misses>2754001</misses>
				<total>40</total>
				<timestamp>632.787693</timestamp>
			</report>
			<report>
				<misses>2755001</misses>
				<total>40</total>
				<timestamp>633.017520</timestamp>
			</report>
			<report>
				<misses>2756001</misses>
				<total>40</total>
				<timestamp>633.247239</timestamp>
			</report>
			<report>
				<misses>2757001</misses>
				<total>40</total>
				<timestamp>633.476997</timestamp>
			</report>
			<report>
				<misses>2758001</misses>
				<total>40</total>
				<timestamp>633.706837</timestamp>
			</report>
			<report>
				<misses>2759001</misses>
				<total>40</total>
				<timestamp>633.936569</timestamp>
			</report>
			<report>
				<misses>2760001</misses>
				<total>40</total>
				<timestamp>634.166402</timestamp>
			</report>
			<report>
				<misses>2761001</misses>
				<total>40</total>
				<timestamp>634.396188</timestamp>
			</report>
			<report>
				<misses>2762001</misses>
				<total>40</total>
				<timestamp>634.625841</timestamp>
			</report>
			<report>
				<misses>2763001</misses>
				<total>40</total>
				<timestamp>634.855646</timestamp>
			</report>
			<report>
				<misses>2764001</misses>
				<total>40</total>
				<timestamp>635.085379</timestamp>
			</report>
			<report>
				<misses>2765001</misses>
				<total>41</total>
				<timestamp>635.315138</timestamp>
			</report>
			<report>
				<misses>2766001</misses>
				<total>41</total>
				<timestamp>635.544931</timestamp>
			</report>
			<report>
				<misses>2767001</misses>
				<total>41</total>
				<timestamp>635.774750</timestamp>
			</report>
			<report>
				<misses>2768001</misses>
				<total>41</total>
				<timestamp>636.004451</timestamp>
			</report>
			<report>
				<misses>2769001</misses>
				<total>41</total>
				<timestamp>636.234211</timestamp>
			</report>
			<report>
				<misses>2770001</misses>
				<total>41</total>
				<timestamp>636.464013</timestamp>
			</report>
			<report>
				<misses>2771001</misses>
				<total>41</total>
				<timestamp>636.693752</timestamp>
			</report>
			<report>
				<misses>2772001</misses>
				<total>41</total>
				<timestamp>636.923521</timestamp>
			</report>
			<report>
				<misses>2773001</misses>
				<total>41</total>
				<timestamp>637.153303</timestamp>
			</report>
			<report>
				<misses>2774001</misses>
				<total>41</total>
				<timestamp>637.383104</timestamp>
			</report>
			<report>
				<misses>2775001</misses>
				<total>41</total>
				<timestamp>637.612875</timestamp>
			</report>
			<report>
				<misses>2776001</misses>
				<total>41</total>
				<timestamp>637.842595</timestamp>
			</report>
			<report>
				<misses>2777001</misses>
				<total>41</total>
				<timestamp>638.072371</timestamp>
			</report>
			<report>
				<misses>2778001</misses>
				<total>41</total>
				<timestamp>638.302151</timestamp>
			</report>
			<report>
				<misses>2779001</misses>
				<total>41</total>
				<timestamp>638.531930</timestamp>
			</report>
			<report>
				<misses>2780001</misses>
				<total>41</total>
				<timestamp>638.761707</timestamp>
			</report>
			<report>
				<misses>2781001</misses>
				<total>41</total>
				<timestamp>638.991507</timestamp>
			</report>
			<report>
				<misses>2782001</misses>
				<total>41</total>
				<timestamp>639.221231</timestamp>
			</report>
			<report>
				<misses>2783001</misses>
				<total>41</total>
				<timestamp>639.451000</timestamp>
			</report>
			<report>
				<misses>2784001</misses>
				<total>41</total>
				<timestamp>639.680801</timestamp>
			</report>
			<report>
				<misses>2785001</misses>
				<total>41</total>
				<timestamp>639.910538</timestamp>
			</report>
			<report>
				<misses>2786001</misses>
				<total>41</total>
				<timestamp>640.140345</timestamp>
			</report>
			<report>
				<misses>2787001</misses>
				<total>40</total>
				<timestamp>640.370087</timestamp>
			</report>
			<report>
				<misses>2788001</misses>
				<total>41</total>
				<timestamp>640.599850</timestamp>
			</report>
			<report>
				<misses>2789001</misses>
				<total>41</total>
				<timestamp>640.829662</timestamp>
			</report>
			<report>
				<misses>2790001</misses>
				<total>41</total>
				<timestamp>641.059386</timestamp>
			</report>
			<report>
				<misses>2791001</misses>
				<total>41</total>
				<timestamp>641.289182</timestamp>
			</report>
			<report>
				<misses>2792001</misses>
				<total>41</total>
				<timestamp>641.518976</timestamp>
			</report>
			<report>
				<misses>2793001</misses>
				<total>41</total>
				<timestamp>641.748732</timestamp>
			</report>
			<report>
				<misses>2794001</misses>
				<total>41</total>
				<timestamp>641.978528</timestamp>
			</report>
			<report>
				<misses>2795001</misses>
				<total>40</total>
				<timestamp>642.208284</timestamp>
			</report>
			<report>
				<misses>2796001</misses>
				<total>41</total>
				<timestamp>642.438061</timestamp>
			</report>
			<report>
				<misses>2797001</misses>
				<total>40</total>
				<timestamp>642.667854</timestamp>
			</report>
			<report>
				<misses>2798001</misses>
				<total>41</total>
				<timestamp>642.897779</timestamp>
			</report>
			<report>
				<misses>2799001</misses>
				<total>41</total>
				<timestamp>643.127556</timestamp>
			</report>
			<report>
				<misses>2800001</misses>
				<total>41</total>
				<timestamp>643.357320</timestamp>
			</report>
			<report>
				<misses>2801001</misses>
				<total>41</total>
				<timestamp>643.587080</timestamp>
			</report>
			<report>
				<misses>2802001</misses>
				<total>41</total>
				<timestamp>643.816881</timestamp>
			</report>
			<report>
				<misses>2803001</misses>
				<total>41</total>
				<timestamp>644.046663</timestamp>
			</report>
			<report>
				<misses>2804001</misses>
				<total>41</total>
				<timestamp>644.276416</timestamp>
			</report>
			<report>
				<misses>2805001</misses>
				<total>41</total>
				<timestamp>644.506179</timestamp>
			</report>
			<report>
				<misses>2806001</misses>
				<total>41</total>
				<timestamp>644.735939</timestamp>
			</report>
			<report>
				<misses>2807001</misses>
				<total>40</total>
				<timestamp>644.965729</timestamp>
			</report>
			<report>
				<misses>2808001</misses>
				<total>41</total>
				<timestamp>645.195522</timestamp>
			</report>
			<report>
				<misses>2809001</misses>
				<total>40</total>
				<timestamp>645.425270</timestamp>
			</report>
			<report>
				<misses>2810001</misses>
				<total>41</total>
				<timestamp>645.655006</timestamp>
			</report>
			<report>
				<misses>2811001</misses>
				<total>41</total>
				<timestamp>645.884788</timestamp>
			</report>
			<report>
				<misses>2812001</misses>
				<total>41</total>
				<timestamp>646.114559</timestamp>
			</report>
			<report>
				<misses>2813001</misses>
				<total>41</total>
				<timestamp>646.344340</timestamp>
			</report>
			<report>
				<misses>2814001</misses>
				<total>41</total>
				<timestamp>646.574106</timestamp>
			</report>
			<report>
				<misses>2815001</misses>
				<total>41</total>
				<timestamp>646.803868</timestamp>
			</report>
			<report>
				<misses>2816001</misses>
				<total>41</total>
				<timestamp>647.033694</timestamp>
			</report>
			<report>
				<misses>2817001</misses>
				<total>41</total>
				<timestamp>647.263465</timestamp>
			</report>
			<report>
				<misses>2818001</misses>
				<total>41</total>
				<timestamp>647.493192</timestamp>
			</report>
			<report>
				<misses>2819001</misses>
				<total>41</total>
				<timestamp>647.722977</timestamp>
			</report>
			<report>
				<misses>2820001</misses>
				<total>41</total>
				<timestamp>647.952709</timestamp>
			</report>
			<report>
				<misses>2821001</misses>
				<total>41</total>
				<timestamp>648.182496</timestamp>
			</report>
			<report>
				<misses>2822001</misses>
				<total>41</total>
				<timestamp>648.412264</timestamp>
			</report>
			<report>
				<misses>2823001</misses>
				<total>41</total>
				<timestamp>648.642053</timestamp>
			</report>
			<report>
				<misses>2824001</misses>
				<total>41</total>
				<timestamp>648.871826</timestamp>
			</report>
			<report>
				<misses>2825001</misses>
				<total>41</total>
				<timestamp>649.101636</timestamp>
			</report>
			<report>
				<misses>2826001</misses>
				<total>41</total>
				<timestamp>649.331327</timestamp>
			</report>
			<report>
				<misses>2827001</misses>
				<total>40</total>
				<timestamp>649.561127</timestamp>
			</report>
			<report>
				<misses>2828001</misses>
				<total>41</total>
				<timestamp>649.790888</timestamp>
			</report>
			<report>
				<misses>2829001</misses>
				<total>41</total>
				<timestamp>650.020681</timestamp>
			</report>
			<report>
				<misses>2830001</misses>
				<total>41</total>
				<timestamp>650.250486</timestamp>
			</report>
			<report>
				<misses>2831001</misses>
				<total>41</total>
				<timestamp>650.480179</timestamp>
			</report>
			<report>
				<misses>2832001</misses>
				<total>41</total>
				<timestamp>650.709991</timestamp>
			</report>
			<report>
				<misses>2833001</misses>
				<total>41</total>
				<timestamp>650.939760</timestamp>
			</report>
			<report>
				<misses>2834001</misses>
				<total>40</total>
				<timestamp>651.169509</timestamp>
			</report>
			<report>
				<misses>2835001</misses>
				<total>41</total>
				<timestamp>651.399262</timestamp>
			</report>
			<report>
				<misses>2836001</misses>
				<total>41</total>
				<timestamp>651.629040</timestamp>
			</report>
			<report>
				<misses>2837001</misses>
				<total>41</total>
				<timestamp>651.858795</timestamp>
			</report>
			<report>
				<misses>2838001</misses>
				<total>41</total>
				<timestamp>652.088698</timestamp>
			</report>
			<report>
				<misses>2839001</misses>
				<total>41</total>
				<timestamp>652.318351</timestamp>
			</report>
			<report>
				<misses>2840001</misses>
				<total>41</total>
				<timestamp>652.548130</timestamp>
			</report>
			<report>
				<misses>2841001</misses>
				<total>41</total>
				<timestamp>652.777914</timestamp>
			</report>
			<report>
				<misses>2842001</misses>
				<total>41</total>
				<timestamp>653.007679</timestamp>
			</report>
			<report>
				<misses>2843001</misses>
				<total>41</total>
				<timestamp>653.237482</timestamp>
			</report>
			<report>
				<misses>2844001</misses>
				<total>41</total>
				<timestamp>653.467223</timestamp>
			</report>
			<report>
				<misses>2845001</misses>
				<total>41</total>
				<timestamp>653.696996</timestamp>
			</report>
			<report>
				<misses>2846001</misses>
				<total>41</total>
				<timestamp>653.926765</timestamp>
			</report>
			<report>
				<misses>2847001</misses>
				<total>41</total>
				<timestamp>654.156541</timestamp>
			</report>
			<report>
				<misses>2848001</misses>
				<total>41</total>
				<timestamp>654.386265</timestamp>
			</report>
			<report>
				<misses>2849001</misses>
				<total>41</total>
				<timestamp>654.616051</timestamp>
			</report>
			<report>
				<misses>2850001</misses>
				<total>41</total>
				<timestamp>654.845807</timestamp>
			</report>
			<report>
				<misses>2851001</misses>
				<total>41</total>
				<timestamp>655.075604</timestamp>
			</report>
			<report>
				<misses>2852001</misses>
				<total>41</total>
				<timestamp>655.305365</timestamp>
			</report>
			<report>
				<misses>2853001</misses>
				<total>41</total>
				<timestamp>655.535148</timestamp>
			</report>
			<report>
				<misses>2854001</misses>
				<total>41</total>
				<timestamp>655.764910</timestamp>
			</report>
			<report>
				<misses>2855001</misses>
				<total>41</total>
				<timestamp>655.994675</timestamp>
			</report>
			<report>
				<misses>2856001</misses>
				<total>41</total>
				<timestamp>656.224455</timestamp>
			</report>
			<report>
				<misses>2857001</misses>
				<total>41</total>
				<timestamp>656.454199</timestamp>
			</report>
			<report>
				<misses>2858001</misses>
				<total>41</total>
				<timestamp>656.683981</timestamp>
			</report>
			<report>
				<misses>2859001</misses>
				<total>41</total>
				<timestamp>656.913756</timestamp>
			</report>
			<report>
				<misses>2860001</misses>
				<total>41</total>
				<timestamp>657.143518</timestamp>
			</report>
			<report>
				<misses>2861001</misses>
				<total>41</total>
				<timestamp>657.373307</timestamp>
			</report>
			<report>
				<misses>2862001</misses>
				<total>41</total>
				<timestamp>657.603069</timestamp>
			</report>
			<report>
				<misses>2863001</misses>
				<total>41</total>
				<timestamp>657.832832</timestamp>
			</report>
			<report>
				<misses>2864001</misses>
				<total>41</total>
				<timestamp>658.062613</timestamp>
			</report>
			<report>
				<misses>2865001</misses>
				<total>41</total>
				<timestamp>658.292421</timestamp>
			</report>
			<report>
				<misses>2866001</misses>
				<total>41</total>
				<timestamp>658.522143</timestamp>
			</report>
			<report>
				<misses>2867001</misses>
				<total>41</total>
				<timestamp>658.751921</timestamp>
			</report>
			<report>
				<misses>2868001</misses>
				<total>41</total>
				<timestamp>658.981735</timestamp>
			</report>
			<report>
				<misses>2869001</misses>
				<total>41</total>
				<timestamp>659.211460</timestamp>
			</report>
			<report>
				<misses>2870001</misses>
				<total>41</total>
				<timestamp>659.441227</timestamp>
			</report>
			<report>
				<misses>2871001</misses>
				<total>41</total>
				<timestamp>659.670996</timestamp>
			</report>
			<report>
				<misses>2872001</misses>
				<total>41</total>
				<timestamp>659.900816</timestamp>
			</report>
			<report>
				<misses>2873001</misses>
				<total>41</total>
				<timestamp>660.130587</timestamp>
			</report>
			<report>
				<misses>2874001</misses>
				<total>41</total>
				<timestamp>660.360296</timestamp>
			</report>
			<report>
				<misses>2875001</misses>
				<total>40</total>
				<timestamp>660.590089</timestamp>
			</report>
			<report>
				<misses>2876001</misses>
				<total>41</total>
				<timestamp>660.819831</timestamp>
			</report>
			<report>
				<misses>2877001</misses>
				<total>41</total>
				<timestamp>661.049652</timestamp>
			</report>
			<report>
				<misses>2878001</misses>
				<total>41</total>
				<timestamp>661.279377</timestamp>
			</report>
			<report>
				<misses>2879001</misses>
				<total>41</total>
				<timestamp>661.509144</timestamp>
			</report>
			<report>
				<misses>2880001</misses>
				<total>41</total>
				<timestamp>661.738944</timestamp>
			</report>
			<report>
				<misses>2881001</misses>
				<total>41</total>
				<timestamp>661.968715</timestamp>
			</report>
			<report>
				<misses>2882001</misses>
				<total>41</total>
				<timestamp>662.198507</timestamp>
			</report>
			<report>
				<misses>2883001</misses>
				<total>41</total>
				<timestamp>662.428235</timestamp>
			</report>
			<report>
				<misses>2884001</misses>
				<total>41</total>
				<timestamp>662.657997</timestamp>
			</report>
			<report>
				<misses>2885001</misses>
				<total>41</total>
				<timestamp>662.887797</timestamp>
			</report>
			<report>
				<misses>2886001</misses>
				<total>41</total>
				<timestamp>663.117583</timestamp>
			</report>
			<report>
				<misses>2887001</misses>
				<total>41</total>
				<timestamp>663.347306</timestamp>
			</report>
			<report>
				<misses>2888001</misses>
				<total>41</total>
				<timestamp>663.577150</timestamp>
			</report>
			<report>
				<misses>2889001</misses>
				<total>41</total>
				<timestamp>663.806845</timestamp>
			</report>
			<report>
				<misses>2890001</misses>
				<total>41</total>
				<timestamp>664.036643</timestamp>
			</report>
			<report>
				<misses>2891001</misses>
				<total>41</total>
				<timestamp>664.266429</timestamp>
			</report>
			<report>
				<misses>2892001</misses>
				<total>41</total>
				<timestamp>664.496172</timestamp>
			</report>
			<report>
				<misses>2893001</misses>
				<total>41</total>
				<timestamp>664.725956</timestamp>
			</report>
			<report>
				<misses>2894001</misses>
				<total>41</total>
				<timestamp>664.955709</timestamp>
			</report>
			<report>
				<misses>2895001</misses>
				<total>41</total>
				<timestamp>665.185550</timestamp>
			</report>
			<report>
				<misses>2896001</misses>
				<total>41</total>
				<timestamp>665.415235</timestamp>
			</report>
			<report>
				<misses>2897001</misses>
				<total>41</total>
				<timestamp>665.645013</timestamp>
			</report>
			<report>
				<misses>2898001</misses>
				<total>41</total>
				<timestamp>665.874788</timestamp>
			</report>
			<report>
				<misses>2899001</misses>
				<total>41</total>
				<timestamp>666.104595</timestamp>
			</report>
			<report>
				<misses>2900001</misses>
				<total>41</total>
				<timestamp>666.334418</timestamp>
			</report>
			<report>
				<misses>2901001</misses>
				<total>41</total>
				<timestamp>666.564078</timestamp>
			</report>
			<report>
				<misses>2902001</misses>
				<total>41</total>
				<timestamp>666.793843</timestamp>
			</report>
			<report>
				<misses>2903001</misses>
				<total>41</total>
				<timestamp>667.023664</timestamp>
			</report>
			<report>
				<misses>2904001</misses>
				<total>41</total>
				<timestamp>667.253466</timestamp>
			</report>
			<report>
				<misses>2905001</misses>
				<total>41</total>
				<timestamp>667.483168</timestamp>
			</report>
			<report>
				<misses>2906001</misses>
				<total>41</total>
				<timestamp>667.712945</timestamp>
			</report>
			<report>
				<misses>2907001</misses>
				<total>41</total>
				<timestamp>667.942716</timestamp>
			</report>
			<report>
				<misses>2908001</misses>
				<total>41</total>
				<timestamp>668.172557</timestamp>
			</report>
			<report>
				<misses>2909001</misses>
				<total>41</total>
				<timestamp>668.402237</timestamp>
			</report>
			<report>
				<misses>2910001</misses>
				<total>41</total>
				<timestamp>668.632041</timestamp>
			</report>
			<report>
				<misses>2911001</misses>
				<total>41</total>
				<timestamp>668.861773</timestamp>
			</report>
			<report>
				<misses>2912001</misses>
				<total>41</total>
				<timestamp>669.091584</timestamp>
			</report>
			<report>
				<misses>2913001</misses>
				<total>41</total>
				<timestamp>669.321397</timestamp>
			</report>
			<report>
				<misses>2914001</misses>
				<total>41</total>
				<timestamp>669.551093</timestamp>
			</report>
			<report>
				<misses>2915001</misses>
				<total>40</total>
				<timestamp>669.780908</timestamp>
			</report>
			<report>
				<misses>2916001</misses>
				<total>41</total>
				<timestamp>670.010690</timestamp>
			</report>
			<report>
				<misses>2917001</misses>
				<total>41</total>
				<timestamp>670.240453</timestamp>
			</report>
			<report>
				<misses>2918001</misses>
				<total>41</total>
				<timestamp>670.470173</timestamp>
			</report>
			<report>
				<misses>2919001</misses>
				<total>41</total>
				<timestamp>670.699958</timestamp>
			</report>
			<report>
				<misses>2920001</misses>
				<total>41</total>
				<timestamp>670.929713</timestamp>
			</report>
			<report>
				<misses>2921001</misses>
				<total>41</total>
				<timestamp>671.159590</timestamp>
			</report>
			<report>
				<misses>2922001</misses>
				<total>41</total>
				<timestamp>671.389262</timestamp>
			</report>
			<report>
				<misses>2923001</misses>
				<total>41</total>
				<timestamp>671.619027</timestamp>
			</report>
			<report>
				<misses>2924001</misses>
				<total>41</total>
				<timestamp>671.848909</timestamp>
			</report>
			<report>
				<misses>2925001</misses>
				<total>42</total>
				<timestamp>672.078635</timestamp>
			</report>
			<report>
				<misses>2926001</misses>
				<total>42</total>
				<timestamp>672.308342</timestamp>
			</report>
			<report>
				<misses>2927001</misses>
				<total>42</total>
				<timestamp>672.538111</timestamp>
			</report>
			<report>
				<misses>2928001</misses>
				<total>42</total>
				<timestamp>672.767865</timestamp>
			</report>
			<report>
				<misses>2929001</misses>
				<total>42</total>
				<timestamp>672.997676</timestamp>
			</report>
			<report>
				<misses>2930001</misses>
				<total>42</total>
				<timestamp>673.227467</timestamp>
			</report>
			<report>
				<misses>2931001</misses>
				<total>42</total>
				<timestamp>673.457187</timestamp>
			</report>
			<report>
				<misses>2932001</misses>
				<total>42</total>
				<timestamp>673.686964</timestamp>
			</report>
			<report>
				<misses>2933001</misses>
				<total>42</total>
				<timestamp>673.916723</timestamp>
			</report>
			<report>
				<misses>2934001</misses>
				<total>42</total>
				<timestamp>674.146525</timestamp>
			</report>
			<report>
				<misses>2935001</misses>
				<total>42</total>
				<timestamp>674.376259</timestamp>
			</report>
			<report>
				<misses>2936001</misses>
				<total>42</total>
				<timestamp>674.606047</timestamp>
			</report>
			<report>
				<misses>2937001</misses>
				<total>42</total>
				<timestamp>674.835808</timestamp>
			</report>
			<report>
				<misses>2938001</misses>
				<total>42</total>
				<timestamp>675.065646</timestamp>
			</report>
			<report>
				<misses>2939001</misses>
				<total>42</total>
				<timestamp>675.295383</timestamp>
			</report>
			<report>
				<misses>2940001</misses>
				<total>42</total>
				<timestamp>675.525115</timestamp>
			</report>
			<report>
				<misses>2941001</misses>
				<total>42</total>
				<timestamp>675.754927</timestamp>
			</report>
			<report>
				<misses>2942001</misses>
				<total>42</total>
				<timestamp>675.984667</timestamp>
			</report>
			<report>
				<misses>2943001</misses>
				<total>42</total>
				<timestamp>676.214483</timestamp>
			</report>
			<report>
				<misses>2944001</misses>
				<total>42</total>
				<timestamp>676.444196</timestamp>
			</report>
			<report>
				<misses>2945001</misses>
				<total>42</total>
				<timestamp>676.673997</timestamp>
			</report>
			<report>
				<misses>2946001</misses>
				<total>42</total>
				<timestamp>676.903744</timestamp>
			</report>
			<report>
				<misses>2947001</misses>
				<total>42</total>
				<timestamp>677.133551</timestamp>
			</report>
			<report>
				<misses>2948001</misses>
				<total>42</total>
				<timestamp>677.363275</timestamp>
			</report>
			<report>
				<misses>2949001</misses>
				<total>42</total>
				<timestamp>677.593051</timestamp>
			</report>
			<report>
				<misses>2950001</misses>
				<total>42</total>
				<timestamp>677.822822</timestamp>
			</report>
			<report>
				<misses>2951001</misses>
				<total>42</total>
				<timestamp>678.052620</timestamp>
			</report>
			<report>
				<misses>2952001</misses>
				<total>42</total>
				<timestamp>678.282381</timestamp>
			</report>
			<report>
				<misses>2953001</misses>
				<total>42</total>
				<timestamp>678.512118</timestamp>
			</report>
			<report>
				<misses>2954001</misses>
				<total>42</total>
				<timestamp>678.741914</timestamp>
			</report>
			<report>
				<misses>2955001</misses>
				<total>42</total>
				<timestamp>678.971689</timestamp>
			</report>
			<report>
				<misses>2956001</misses>
				<total>42</total>
				<timestamp>679.201452</timestamp>
			</report>
			<report>
				<misses>2957001</misses>
				<total>42</total>
				<timestamp>679.431218</timestamp>
			</report>
			<report>
				<misses>2958001</misses>
				<total>42</total>
				<timestamp>679.661021</timestamp>
			</report>
			<report>
				<misses>2959001</misses>
				<total>42</total>
				<timestamp>679.890748</timestamp>
			</report>
			<report>
				<misses>2960001</misses>
				<total>42</total>
				<timestamp>680.120533</timestamp>
			</report>
			<report>
				<misses>2961001</misses>
				<total>42</total>
				<timestamp>680.350362</timestamp>
			</report>
			<report>
				<misses>2962001</misses>
				<total>42</total>
				<timestamp>680.580070</timestamp>
			</report>
			<report>
				<misses>2963001</misses>
				<total>42</total>
				<timestamp>680.809876</timestamp>
			</report>
			<report>
				<misses>2964001</misses>
				<total>42</total>
				<timestamp>681.039598</timestamp>
			</report>
			<report>
				<misses>2965001</misses>
				<total>42</total>
				<timestamp>681.269445</timestamp>
			</report>
			<report>
				<misses>2966001</misses>
				<total>42</total>
				<timestamp>681.499139</timestamp>
			</report>
			<report>
				<misses>2967001</misses>
				<total>42</total>
				<timestamp>681.728927</timestamp>
			</report>
			<report>
				<misses>2968001</misses>
				<total>42</total>
				<timestamp>681.958688</timestamp>
			</report>
			<report>
				<misses>2969001</misses>
				<total>42</total>
				<timestamp>682.188532</timestamp>
			</report>
			<report>
				<misses>2970001</misses>
				<total>42</total>
				<timestamp>682.418214</timestamp>
			</report>
			<report>
				<misses>2971001</misses>
				<total>42</total>
				<timestamp>682.648018</timestamp>
			</report>
			<report>
				<misses>2972001</misses>
				<total>42</total>
				<timestamp>682.877752</timestamp>
			</report>
			<report>
				<misses>2973001</misses>
				<total>42</total>
				<timestamp>683.107574</timestamp>
			</report>
			<report>
				<misses>2974001</misses>
				<total>42</total>
				<timestamp>683.337350</timestamp>
			</report>
			<report>
				<misses>2975001</misses>
				<total>42</total>
				<timestamp>683.567076</timestamp>
			</report>
			<report>
				<misses>2976001</misses>
				<total>42</total>
				<timestamp>683.796826</timestamp>
			</report>
			<report>
				<misses>2977001</misses>
				<total>42</total>
				<timestamp>684.026598</timestamp>
			</report>
			<report>
				<misses>2978001</misses>
				<total>42</total>
				<timestamp>684.256460</timestamp>
			</report>
			<report>
				<misses>2979001</misses>
				<total>42</total>
				<timestamp>684.486147</timestamp>
			</report>
			<report>
				<misses>2980001</misses>
				<total>42</total>
				<timestamp>684.715935</timestamp>
			</report>
			<report>
				<misses>2981001</misses>
				<total>42</total>
				<timestamp>684.945686</timestamp>
			</report>
			<report>
				<misses>2982001</misses>
				<total>42</total>
				<timestamp>685.175507</timestamp>
			</report>
			<report>
				<misses>2983001</misses>
				<total>42</total>
				<timestamp>685.405245</timestamp>
			</report>
			<report>
				<misses>2984001</misses>
				<total>42</total>
				<timestamp>685.635022</timestamp>
			</report>
			<report>
				<misses>2985001</misses>
				<total>42</total>
				<timestamp>685.864762</timestamp>
			</report>
			<report>
				<misses>2986001</misses>
				<total>42</total>
				<timestamp>686.094611</timestamp>
			</report>
			<report>
				<misses>2987001</misses>
				<total>42</total>
				<timestamp>686.324346</timestamp>
			</report>
			<report>
				<misses>2988001</misses>
				<total>42</total>
				<timestamp>686.554074</timestamp>
			</report>
			<report>
				<misses>2989001</misses>
				<total>42</total>
				<timestamp>686.783859</timestamp>
			</report>
			<report>
				<misses>2990001</misses>
				<total>42</total>
				<timestamp>687.013610</timestamp>
			</report>
			<report>
				<misses>2991001</misses>
				<total>42</total>
				<timestamp>687.243492</timestamp>
			</report>
			<report>
				<misses>2992001</misses>
				<total>42</total>
				<timestamp>687.473163</timestamp>
			</report>
			<report>
				<misses>2993001</misses>
				<total>42</total>
				<timestamp>687.702927</timestamp>
			</report>
			<report>
				<misses>2994001</misses>
				<total>42</total>
				<timestamp>687.932703</timestamp>
			</report>
			<report>
				<misses>2995001</misses>
				<total>42</total>
				<timestamp>688.162530</timestamp>
			</report>
			<report>
				<misses>2996001</misses>
				<total>42</total>
				<timestamp>688.392274</timestamp>
			</report>
			<report>
				<misses>2997001</misses>
				<total>42</total>
				<timestamp>688.622042</timestamp>
			</report>
			<report>
				<misses>2998001</misses>
				<total>42</total>
				<timestamp>688.851802</timestamp>
			</report>
			<report>
				<misses>2999001</misses>
				<total>42</total>
				<timestamp>689.081607</timestamp>
			</report>
			<report>
				<misses>3000001</misses>
				<total>42</total>
				<timestamp>689.311381</timestamp>
			</report>
			<report>
				<misses>3001001</misses>
				<total>42</total>
				<timestamp>689.541082</timestamp>
			</report>
			<report>
				<misses>3002001</misses>
				<total>42</total>
				<timestamp>689.770878</timestamp>
			</report>
			<report>
				<misses>3003001</misses>
				<total>42</total>
				<timestamp>690.000615</timestamp>
			</report>
			<report>
				<misses>3004001</misses>
				<total>42</total>
				<timestamp>690.230445</timestamp>
			</report>
			<report>
				<misses>3005001</misses>
				<total>42</total>
				<timestamp>690.460169</timestamp>
			</report>
			<report>
				<misses>3006001</misses>
				<total>41</total>
				<timestamp>690.689961</timestamp>
			</report>
			<report>
				<misses>3007001</misses>
				<total>42</total>
				<timestamp>690.919710</timestamp>
			</report>
			<report>
				<misses>3008001</misses>
				<total>42</total>
				<timestamp>691.149514</timestamp>
			</report>
			<report>
				<misses>3009001</misses>
				<total>42</total>
				<timestamp>691.379277</timestamp>
			</report>
			<report>
				<misses>3010001</misses>
				<total>41</total>
				<timestamp>691.609048</timestamp>
			</report>
			<report>
				<misses>3011001</misses>
				<total>42</total>
				<timestamp>691.838804</timestamp>
			</report>
			<report>
				<misses>3012001</misses>
				<total>42</total>
				<timestamp>692.068560</timestamp>
			</report>
			<report>
				<misses>3013001</misses>
				<total>42</total>
				<timestamp>692.298396</timestamp>
			</report>
			<report>
				<misses>3014001</misses>
				<total>42</total>
				<timestamp>692.528158</timestamp>
			</report>
			<report>
				<misses>3015001</misses>
				<total>42</total>
				<timestamp>692.757895</timestamp>
			</report>
			<report>
				<misses>3016001</misses>
				<total>42</total>
				<timestamp>692.987653</timestamp>
			</report>
			<report>
				<misses>3017001</misses>
				<total>42</total>
				<timestamp>693.217422</timestamp>
			</report>
			<report>
				<misses>3018001</misses>
				<total>42</total>
				<timestamp>693.447181</timestamp>
			</report>
			<report>
				<misses>3019001</misses>
				<total>42</total>
				<timestamp>693.677016</timestamp>
			</report>
			<report>
				<misses>3020001</misses>
				<total>42</total>
				<timestamp>693.906713</timestamp>
			</report>
			<report>
				<misses>3021001</misses>
				<total>42</total>
				<timestamp>694.136514</timestamp>
			</report>
			<report>
				<misses>3022001</misses>
				<total>42</total>
				<timestamp>694.366253</timestamp>
			</report>
			<report>
				<misses>3023001</misses>
				<total>42</total>
				<timestamp>694.596034</timestamp>
			</report>
			<report>
				<misses>3024001</misses>
				<total>42</total>
				<timestamp>694.825792</timestamp>
			</report>
			<report>
				<misses>3025001</misses>
				<total>42</total>
				<timestamp>695.055614</timestamp>
			</report>
			<report>
				<misses>3026001</misses>
				<total>42</total>
				<timestamp>695.285437</timestamp>
			</report>
			<report>
				<misses>3027001</misses>
				<total>42</total>
				<timestamp>695.515113</timestamp>
			</report>
			<report>
				<misses>3028001</misses>
				<total>42</total>
				<timestamp>695.744905</timestamp>
			</report>
			<report>
				<misses>3029001</misses>
				<total>42</total>
				<timestamp>695.974657</timestamp>
			</report>
			<report>
				<misses>3030001</misses>
				<total>42</total>
				<timestamp>696.204441</timestamp>
			</report>
			<report>
				<misses>3031001</misses>
				<total>42</total>
				<timestamp>696.434290</timestamp>
			</report>
			<report>
				<misses>3032001</misses>
				<total>42</total>
				<timestamp>696.663966</timestamp>
			</report>
			<report>
				<misses>3033001</misses>
				<total>42</total>
				<timestamp>696.893725</timestamp>
			</report>
			<report>
				<misses>3034001</misses>
				<total>42</total>
				<timestamp>697.123539</timestamp>
			</report>
			<report>
				<misses>3035001</misses>
				<total>42</total>
				<timestamp>697.353340</timestamp>
			</report>
			<report>
				<misses>3036001</misses>
				<total>42</total>
				<timestamp>697.583054</timestamp>
			</report>
			<report>
				<misses>3037001</misses>
				<total>42</total>
				<timestamp>697.812824</timestamp>
			</report>
			<report>
				<misses>3038001</misses>
				<total>42</total>
				<timestamp>698.042563</timestamp>
			</report>
			<report>
				<misses>3039001</misses>
				<total>42</total>
				<timestamp>698.272401</timestamp>
			</report>
			<report>
				<misses>3040001</misses>
				<total>42</total>
				<timestamp>698.502104</timestamp>
			</report>
			<report>
				<misses>3041001</misses>
				<total>42</total>
				<timestamp>698.731926</timestamp>
			</report>
			<report>
				<misses>3042001</misses>
				<total>42</total>
				<timestamp>698.961672</timestamp>
			</report>
			<report>
				<misses>3043001</misses>
				<total>42</total>
				<timestamp>699.191437</timestamp>
			</report>
			<report>
				<misses>3044001</misses>
				<total>41</total>
				<timestamp>699.421311</timestamp>
			</report>
			<report>
				<misses>3045001</misses>
				<total>42</total>
				<timestamp>699.650959</timestamp>
			</report>
			<report>
				<misses>3046001</misses>
				<total>42</total>
				<timestamp>699.880790</timestamp>
			</report>
			<report>
				<misses>3047001</misses>
				<total>42</total>
				<timestamp>700.110517</timestamp>
			</report>
			<report>
				<misses>3048001</misses>
				<total>42</total>
				<timestamp>700.340297</timestamp>
			</report>
			<report>
				<misses>3049001</misses>
				<total>42</total>
				<timestamp>700.570078</timestamp>
			</report>
			<report>
				<misses>3050001</misses>
				<total>42</total>
				<timestamp>700.799834</timestamp>
			</report>
			<report>
				<misses>3051001</misses>
				<total>42</total>
				<timestamp>701.029589</timestamp>
			</report>
			<report>
				<misses>3052001</misses>
				<total>42</total>
				<timestamp>701.259468</timestamp>
			</report>
			<report>
				<misses>3053001</misses>
				<total>43</total>
				<timestamp>701.489130</timestamp>
			</report>
			<report>
				<misses>3054001</misses>
				<total>43</total>
				<timestamp>701.718916</timestamp>
			</report>
			<report>
				<misses>3055001</misses>
				<total>43</total>
				<timestamp>701.948670</timestamp>
			</report>
			<report>
				<misses>3056001</misses>
				<total>43</total>
				<timestamp>702.178456</timestamp>
			</report>
			<report>
				<misses>3057001</misses>
				<total>43</total>
				<timestamp>702.408269</timestamp>
			</report>
			<report>
				<misses>3058001</misses>
				<total>43</total>
				<timestamp>702.638038</timestamp>
			</report>
			<report>
				<misses>3059001</misses>
				<total>43</total>
				<timestamp>702.867809</timestamp>
			</report>
			<report>
				<misses>3060001</misses>
				<total>43</total>
				<timestamp>703.097530</timestamp>
			</report>
			<report>
				<misses>3061001</misses>
				<total>43</total>
				<timestamp>703.327402</timestamp>
			</report>
			<report>
				<misses>3062001</misses>
				<total>43</total>
				<timestamp>703.557053</timestamp>
			</report>
			<report>
				<misses>3063001</misses>
				<total>43</total>
				<timestamp>703.786833</timestamp>
			</report>
			<report>
				<misses>3064001</misses>
				<total>43</total>
				<timestamp>704.016634</timestamp>
			</report>
			<report>
				<misses>3065001</misses>
				<total>43</total>
				<timestamp>704.246391</timestamp>
			</report>
			<report>
				<misses>3066001</misses>
				<total>43</total>
				<timestamp>704.476137</timestamp>
			</report>
			<report>
				<misses>3067001</misses>
				<total>43</total>
				<timestamp>704.705927</timestamp>
			</report>
			<report>
				<misses>3068001</misses>
				<total>43</total>
				<timestamp>704.935675</timestamp>
			</report>
			<report>
				<misses>3069001</misses>
				<total>43</total>
				<timestamp>705.165479</timestamp>
			</report>
			<report>
				<misses>3070001</misses>
				<total>43</total>
				<timestamp>705.395316</timestamp>
			</report>
			<report>
				<misses>3071001</misses>
				<total>43</total>
				<timestamp>705.624995</timestamp>
			</report>
			<report>
				<misses>3072001</misses>
				<total>43</total>
				<timestamp>705.854792</timestamp>
			</report>
			<report>
				<misses>3073001</misses>
				<total>43</total>
				<timestamp>706.084521</timestamp>
			</report>
			<report>
				<misses>3074001</misses>
				<total>43</total>
				<timestamp>706.314350</timestamp>
			</report>
			<report>
				<misses>3075001</misses>
				<total>43</total>
				<timestamp>706.544091</timestamp>
			</report>
			<report>
				<misses>3076001</misses>
				<total>45</total>
				<timestamp>706.773842</timestamp>
			</report>
			<report>
				<misses>3077001</misses>
				<total>45</total>
				<timestamp>707.003610</timestamp>
			</report>
			<report>
				<misses>3078001</misses>
				<total>45</total>
				<timestamp>707.233383</timestamp>
			</report>
			<report>
				<misses>3079001</misses>
				<total>45</total>
				<timestamp>707.463156</timestamp>
			</report>
			<report>
				<misses>3080001</misses>
				<total>45</total>
				<timestamp>707.692948</timestamp>
			</report>
			<report>
				<misses>3081001</misses>
				<total>45</total>
				<timestamp>707.922698</timestamp>
			</report>
			<report>
				<misses>3082001</misses>
				<total>45</total>
				<timestamp>708.152494</timestamp>
			</report>
			<report>
				<misses>3083001</misses>
				<total>45</total>
				<timestamp>708.382269</timestamp>
			</report>
			<report>
				<misses>3084001</misses>
				<total>45</total>
				<timestamp>708.612005</timestamp>
			</report>
			<report>
				<misses>3085001</misses>
				<total>45</total>
				<timestamp>708.841793</timestamp>
			</report>
			<report>
				<misses>3086001</misses>
				<total>45</total>
				<timestamp>709.071547</timestamp>
			</report>
			<report>
				<misses>3087001</misses>
				<total>45</total>
				<timestamp>709.301325</timestamp>
			</report>
			<report>
				<misses>3088001</misses>
				<total>45</total>
				<timestamp>709.531111</timestamp>
			</report>
			<report>
				<misses>3089001</misses>
				<total>45</total>
				<timestamp>709.760859</timestamp>
			</report>
			<report>
				<misses>3090001</misses>
				<total>45</total>
				<timestamp>709.990651</timestamp>
			</report>
			<report>
				<misses>3091001</misses>
				<total>45</total>
				<timestamp>710.220434</timestamp>
			</report>
			<report>
				<misses>3092001</misses>
				<total>45</total>
				<timestamp>710.450162</timestamp>
			</report>
			<report>
				<misses>3093001</misses>
				<total>45</total>
				<timestamp>710.679941</timestamp>
			</report>
			<report>
				<misses>3094001</misses>
				<total>45</total>
				<timestamp>710.909698</timestamp>
			</report>
			<report>
				<misses>3095001</misses>
				<total>45</total>
				<timestamp>711.139529</timestamp>
			</report>
			<report>
				<misses>3096001</misses>
				<total>45</total>
				<timestamp>711.369355</timestamp>
			</report>
			<report>
				<misses>3097001</misses>
				<total>45</total>
				<timestamp>711.599058</timestamp>
			</report>
			<report>
				<misses>3098001</misses>
				<total>45</total>
				<timestamp>711.828787</timestamp>
			</report>
			<report>
				<misses>3099001</misses>
				<total>45</total>
				<timestamp>712.058558</timestamp>
			</report>
			<report>
				<misses>3100001</misses>
				<total>44</total>
				<timestamp>712.288358</timestamp>
			</report>
			<report>
				<misses>3101001</misses>
				<total>45</total>
				<timestamp>712.518085</timestamp>
			</report>
			<report>
				<misses>3102001</misses>
				<total>45</total>
				<timestamp>712.747852</timestamp>
			</report>
			<report>
				<misses>3103001</misses>
				<total>45</total>
				<timestamp>712.977618</timestamp>
			</report>
			<report>
				<misses>3104001</misses>
				<total>45</total>
				<timestamp>713.207419</timestamp>
			</report>
			<report>
				<misses>3105001</misses>
				<total>45</total>
				<timestamp>713.437212</timestamp>
			</report>
			<report>
				<misses>3106001</misses>
				<total>45</total>
				<timestamp>713.666950</timestamp>
			</report>
			<report>
				<misses>3107001</misses>
				<total>45</total>
				<timestamp>713.896711</timestamp>
			</report>
			<report>
				<misses>3108001</misses>
				<total>45</total>
				<timestamp>714.126489</timestamp>
			</report>
			<report>
				<misses>3109001</misses>
				<total>45</total>
				<timestamp>714.356294</timestamp>
			</report>
			<report>
				<misses>3110001</misses>
				<total>45</total>
				<timestamp>714.586035</timestamp>
			</report>
			<report>
				<misses>3111001</misses>
				<total>45</total>
				<timestamp>714.815786</timestamp>
			</report>
			<report>
				<misses>3112001</misses>
				<total>45</total>
				<timestamp>715.045550</timestamp>
			</report>
			<report>
				<misses>3113001</misses>
				<total>45</total>
				<timestamp>715.275331</timestamp>
			</report>
			<report>
				<misses>3114001</misses>
				<total>45</total>
				<timestamp>715.505125</timestamp>
			</report>
			<report>
				<misses>3115001</misses>
				<total>45</total>
				<timestamp>715.734897</timestamp>
			</report>
			<report>
				<misses>3116001</misses>
				<total>45</total>
				<timestamp>715.964639</timestamp>
			</report>
			<report>
				<misses>3117001</misses>
				<total>45</total>
				<timestamp>716.194405</timestamp>
			</report>
			<report>
				<misses>3118001</misses>
				<total>45</total>
				<timestamp>716.424249</timestamp>
			</report>
			<report>
				<misses>3119001</misses>
				<total>45</total>
				<timestamp>716.653953</timestamp>
			</report>
			<report>
				<misses>3120001</misses>
				<total>45</total>
				<timestamp>716.883717</timestamp>
			</report>
			<report>
				<misses>3121001</misses>
				<total>45</total>
				<timestamp>717.113493</timestamp>
			</report>
			<report>
				<misses>3122001</misses>
				<total>45</total>
				<timestamp>717.343336</timestamp>
			</report>
			<report>
				<misses>3123001</misses>
				<total>45</total>
				<timestamp>717.573026</timestamp>
			</report>
			<report>
				<misses>3124001</misses>
				<total>45</total>
				<timestamp>717.802843</timestamp>
			</report>
			<report>
				<misses>3125001</misses>
				<total>45</total>
				<timestamp>718.032578</timestamp>
			</report>
			<report>
				<misses>3126001</misses>
				<total>45</total>
				<timestamp>718.262376</timestamp>
			</report>
			<report>
				<misses>3127001</misses>
				<total>45</total>
				<timestamp>718.492122</timestamp>
			</report>
			<report>
				<misses>3128001</misses>
				<total>45</total>
				<timestamp>718.721889</timestamp>
			</report>
			<report>
				<misses>3129001</misses>
				<total>45</total>
				<timestamp>718.951645</timestamp>
			</report>
			<report>
				<misses>3130001</misses>
				<total>45</total>
				<timestamp>719.181435</timestamp>
			</report>
			<report>
				<misses>3131001</misses>
				<total>44</total>
				<timestamp>719.411344</timestamp>
			</report>
			<report>
				<misses>3132001</misses>
				<total>45</total>
				<timestamp>719.640963</timestamp>
			</report>
			<report>
				<misses>3133001</misses>
				<total>45</total>
				<timestamp>719.870765</timestamp>
			</report>
			<report>
				<misses>3134001</misses>
				<total>45</total>
				<timestamp>720.100505</timestamp>
			</report>
			<report>
				<misses>3135001</misses>
				<total>45</total>
				<timestamp>720.330330</timestamp>
			</report>
			<report>
				<misses>3136001</misses>
				<total>45</total>
				<timestamp>720.560059</timestamp>
			</report>
			<report>
				<misses>3137001</misses>
				<total>45</total>
				<timestamp>720.789819</timestamp>
			</report>
			<report>
				<misses>3138001</misses>
				<total>44</total>
				<timestamp>721.019582</timestamp>
			</report>
			<report>
				<misses>3139001</misses>
				<total>45</total>
				<timestamp>721.249368</timestamp>
			</report>
			<report>
				<misses>3140001</misses>
				<total>44</total>
				<timestamp>721.479162</timestamp>
			</report>
			<report>
				<misses>3141001</misses>
				<total>45</total>
				<timestamp>721.708901</timestamp>
			</report>
			<report>
				<misses>3142001</misses>
				<total>45</total>
				<timestamp>721.938659</timestamp>
			</report>
			<report>
				<misses>3143001</misses>
				<total>45</total>
				<timestamp>722.168465</timestamp>
			</report>
			<report>
				<misses>3144001</misses>
				<total>45</total>
				<timestamp>722.398204</timestamp>
			</report>
			<report>
				<misses>3145001</misses>
				<total>45</total>
				<timestamp>722.627971</timestamp>
			</report>
			<report>
				<misses>3146001</misses>
				<total>45</total>
				<timestamp>722.857741</timestamp>
			</report>
			<report>
				<misses>3147001</misses>
				<total>45</total>
				<timestamp>723.087534</timestamp>
			</report>
			<report>
				<misses>3148001</misses>
				<total>45</total>
				<timestamp>723.317312</timestamp>
			</report>
			<report>
				<misses>3149001</misses>
				<total>45</total>
				<timestamp>723.547120</timestamp>
			</report>
			<report>
				<misses>3150001</misses>
				<total>45</total>
				<timestamp>723.776849</timestamp>
			</report>
			<report>
				<misses>3151001</misses>
				<total>45</total>
				<timestamp>724.006605</timestamp>
			</report>
			<report>
				<misses>3152001</misses>
				<total>45</total>
				<timestamp>724.236397</timestamp>
			</report>
			<report>
				<misses>3153001</misses>
				<total>45</total>
				<timestamp>724.466194</timestamp>
			</report>
			<report>
				<misses>3154001</misses>
				<total>45</total>
				<timestamp>724.695917</timestamp>
			</report>
			<report>
				<misses>3155001</misses>
				<total>45</total>
				<timestamp>724.925705</timestamp>
			</report>
			<report>
				<misses>3156001</misses>
				<total>45</total>
				<timestamp>725.155458</timestamp>
			</report>
			<report>
				<misses>3157001</misses>
				<total>45</total>
				<timestamp>725.385251</timestamp>
			</report>
			<report>
				<misses>3158001</misses>
				<total>45</total>
				<timestamp>725.614973</timestamp>
			</report>
			<report>
				<misses>3159001</misses>
				<total>45</total>
				<timestamp>725.844748</timestamp>
			</report>
			<report>
				<misses>3160001</misses>
				<total>45</total>
				<timestamp>726.074564</timestamp>
			</report>
			<report>
				<misses>3161001</misses>
				<total>45</total>
				<timestamp>726.304329</timestamp>
			</report>
			<report>
				<misses>3162001</misses>
				<total>45</total>
				<timestamp>726.534128</timestamp>
			</report>
			<report>
				<misses>3163001</misses>
				<total>44</total>
				<timestamp>726.763864</timestamp>
			</report>
			<report>
				<misses>3164001</misses>
				<total>45</total>
				<timestamp>726.993604</timestamp>
			</report>
			<report>
				<misses>3165001</misses>
				<total>45</total>
				<timestamp>727.223368</timestamp>
			</report>
			<report>
				<misses>3166001</misses>
				<total>45</total>
				<timestamp>727.453225</timestamp>
			</report>
			<report>
				<misses>3167001</misses>
				<total>45</total>
				<timestamp>727.682945</timestamp>
			</report>
			<report>
				<misses>3168001</misses>
				<total>45</total>
				<timestamp>727.912688</timestamp>
			</report>
			<report>
				<misses>3169001</misses>
				<total>45</total>
				<timestamp>728.142496</timestamp>
			</report>
			<report>
				<misses>3170001</misses>
				<total>45</total>
				<timestamp>728.372230</timestamp>
			</report>
			<report>
				<misses>3171001</misses>
				<total>45</total>
				<timestamp>728.601982</timestamp>
			</report>
			<report>
				<misses>3172001</misses>
				<total>45</total>
				<timestamp>728.831772</timestamp>
			</report>
			<report>
				<misses>3173001</misses>
				<total>45</total>
				<timestamp>729.061546</timestamp>
			</report>
			<report>
				<misses>3174001</misses>
				<total>45</total>
				<timestamp>729.291302</timestamp>
			</report>
			<report>
				<misses>3175001</misses>
				<total>45</total>
				<timestamp>729.521091</timestamp>
			</report>
			<report>
				<misses>3176001</misses>
				<total>45</total>
				<timestamp>729.750824</timestamp>
			</report>
			<report>
				<misses>3177001</misses>
				<total>45</total>
				<timestamp>729.980617</timestamp>
			</report>
			<report>
				<misses>3178001</misses>
				<total>45</total>
				<timestamp>730.210434</timestamp>
			</report>
			<report>
				<misses>3179001</misses>
				<total>45</total>
				<timestamp>730.440276</timestamp>
			</report>
			<report>
				<misses>3180001</misses>
				<total>45</total>
				<timestamp>730.669926</timestamp>
			</report>
			<report>
				<misses>3181001</misses>
				<total>45</total>
				<timestamp>730.899716</timestamp>
			</report>
			<report>
				<misses>3182001</misses>
				<total>45</total>
				<timestamp>731.129456</timestamp>
			</report>
			<report>
				<misses>3183001</misses>
				<total>45</total>
				<timestamp>731.359296</timestamp>
			</report>
			<report>
				<misses>3184001</misses>
				<total>45</total>
				<timestamp>731.588996</timestamp>
			</report>
			<report>
				<misses>3185001</misses>
				<total>45</total>
				<timestamp>731.818802</timestamp>
			</report>
			<report>
				<misses>3186001</misses>
				<total>45</total>
				<timestamp>732.048538</timestamp>
			</report>
			<report>
				<misses>3187001</misses>
				<total>45</total>
				<timestamp>732.278373</timestamp>
			</report>
			<report>
				<misses>3188001</misses>
				<total>45</total>
				<timestamp>732.508120</timestamp>
			</report>
			<report>
				<misses>3189001</misses>
				<total>44</total>
				<timestamp>732.737854</timestamp>
			</report>
			<report>
				<misses>3190001</misses>
				<total>45</total>
				<timestamp>732.967632</timestamp>
			</report>
			<report>
				<misses>3191001</misses>
				<total>45</total>
				<timestamp>733.197383</timestamp>
			</report>
			<report>
				<misses>3192001</misses>
				<total>45</total>
				<timestamp>733.427252</timestamp>
			</report>
			<report>
				<misses>3193001</misses>
				<total>45</total>
				<timestamp>733.656938</timestamp>
			</report>
			<report>
				<misses>3194001</misses>
				<total>45</total>
				<timestamp>733.886736</timestamp>
			</report>
			<report>
				<misses>3195001</misses>
				<total>45</total>
				<timestamp>734.116458</timestamp>
			</report>
			<report>
				<misses>3196001</misses>
				<total>45</total>
				<timestamp>734.346350</timestamp>
			</report>
			<report>
				<misses>3197001</misses>
				<total>45</total>
				<timestamp>734.576009</timestamp>
			</report>
			<report>
				<misses>3198001</misses>
				<total>45</total>
				<timestamp>734.805791</timestamp>
			</report>
			<report>
				<misses>3199001</misses>
				<total>44</total>
				<timestamp>735.035560</timestamp>
			</report>
			<report>
				<misses>3200001</misses>
				<total>45</total>
				<timestamp>735.265355</timestamp>
			</report>
			<report>
				<misses>3201001</misses>
				<total>45</total>
				<timestamp>735.495143</timestamp>
			</report>
			<report>
				<misses>3202001</misses>
				<total>45</total>
				<timestamp>735.724840</timestamp>
			</report>
			<report>
				<misses>3203001</misses>
				<total>45</total>
				<timestamp>735.954645</timestamp>
			</report>
			<report>
				<misses>3204001</misses>
				<total>45</total>
				<timestamp>736.184390</timestamp>
			</report>
			<report>
				<misses>3205001</misses>
				<total>45</total>
				<timestamp>736.414211</timestamp>
			</report>
			<report>
				<misses>3206001</misses>
				<total>45</total>
				<timestamp>736.643949</timestamp>
			</report>
			<report>
				<misses>3207001</misses>
				<total>45</total>
				<timestamp>736.873716</timestamp>
			</report>
			<report>
				<misses>3208001</misses>
				<total>45</total>
				<timestamp>737.103497</timestamp>
			</report>
			<report>
				<misses>3209001</misses>
				<total>45</total>
				<timestamp>737.333268</timestamp>
			</report>
			<report>
				<misses>3210001</misses>
				<total>45</total>
				<timestamp>737.563106</timestamp>
			</report>
			<report>
				<misses>3211001</misses>
				<total>45</total>
				<timestamp>737.792787</timestamp>
			</report>
			<report>
				<misses>3212001</misses>
				<total>45</total>
				<timestamp>738.022568</timestamp>
			</report>
			<report>
				<misses>3213001</misses>
				<total>45</total>
				<timestamp>738.252361</timestamp>
			</report>
			<report>
				<misses>3214001</misses>
				<total>45</total>
				<timestamp>738.482159</timestamp>
			</report>
			<report>
				<misses>3215001</misses>
				<total>45</total>
				<timestamp>738.711906</timestamp>
			</report>
			<report>
				<misses>3216001</misses>
				<total>45</total>
				<timestamp>738.941667</timestamp>
			</report>
			<report>
				<misses>3217001</misses>
				<total>45</total>
				<timestamp>739.171415</timestamp>
			</report>
			<report>
				<misses>3218001</misses>
				<total>45</total>
				<timestamp>739.401217</timestamp>
			</report>
			<report>
				<misses>3219001</misses>
				<total>45</total>
				<timestamp>739.630964</timestamp>
			</report>
			<report>
				<misses>3220001</misses>
				<total>45</total>
				<timestamp>739.860733</timestamp>
			</report>
			<report>
				<misses>3221001</misses>
				<total>45</total>
				<timestamp>740.090562</timestamp>
			</report>
			<report>
				<misses>3222001</misses>
				<total>45</total>
				<timestamp>740.320282</timestamp>
			</report>
			<report>
				<misses>3223001</misses>
				<total>45</total>
				<timestamp>740.550086</timestamp>
			</report>
			<report>
				<misses>3224001</misses>
				<total>45</total>
				<timestamp>740.779798</timestamp>
			</report>
			<report>
				<misses>3225001</misses>
				<total>45</total>
				<timestamp>741.009652</timestamp>
			</report>
			<report>
				<misses>3226001</misses>
				<total>45</total>
				<timestamp>741.239331</timestamp>
			</report>
			<report>
				<misses>3227001</misses>
				<total>45</total>
				<timestamp>741.469150</timestamp>
			</report>
			<report>
				<misses>3228001</misses>
				<total>45</total>
				<timestamp>741.698913</timestamp>
			</report>
			<report>
				<misses>3229001</misses>
				<total>45</total>
				<timestamp>741.928641</timestamp>
			</report>
			<report>
				<misses>3230001</misses>
				<total>45</total>
				<timestamp>742.158475</timestamp>
			</report>
			<report>
				<misses>3231001</misses>
				<total>45</total>
				<timestamp>742.388241</timestamp>
			</report>
			<report>
				<misses>3232001</misses>
				<total>45</total>
				<timestamp>742.618070</timestamp>
			</report>
			<report>
				<misses>3233001</misses>
				<total>45</total>
				<timestamp>742.847716</timestamp>
			</report>
			<report>
				<misses>3234001</misses>
				<total>45</total>
				<timestamp>743.077552</timestamp>
			</report>
			<report>
				<misses>3235001</misses>
				<total>45</total>
				<timestamp>743.307310</timestamp>
			</report>
			<report>
				<misses>3236001</misses>
				<total>45</total>
				<timestamp>743.537144</timestamp>
			</report>
			<report>
				<misses>3237001</misses>
				<total>45</total>
				<timestamp>743.766808</timestamp>
			</report>
			<report>
				<misses>3238001</misses>
				<total>45</total>
				<timestamp>743.996572</timestamp>
			</report>
			<report>
				<misses>3239001</misses>
				<total>45</total>
				<timestamp>744.226369</timestamp>
			</report>
			<report>
				<misses>3240001</misses>
				<total>45</total>
				<timestamp>744.456135</timestamp>
			</report>
			<report>
				<misses>3241001</misses>
				<total>44</total>
				<timestamp>744.685969</timestamp>
			</report>
			<report>
				<misses>3242001</misses>
				<total>45</total>
				<timestamp>744.915735</timestamp>
			</report>
			<report>
				<misses>3243001</misses>
				<total>45</total>
				<timestamp>745.145418</timestamp>
			</report>
			<report>
				<misses>3244001</misses>
				<total>45</total>
				<timestamp>745.375215</timestamp>
			</report>
			<report>
				<misses>3245001</misses>
				<total>45</total>
				<timestamp>745.604990</timestamp>
			</report>
			<report>
				<misses>3246001</misses>
				<total>45</total>
				<timestamp>745.834740</timestamp>
			</report>
			<report>
				<misses>3247001</misses>
				<total>45</total>
				<timestamp>746.064486</timestamp>
			</report>
			<report>
				<misses>3248001</misses>
				<total>45</total>
				<timestamp>746.294348</timestamp>
			</report>
			<report>
				<misses>3249001</misses>
				<total>47</total>
				<timestamp>746.524120</timestamp>
			</report>
			<report>
				<misses>3250001</misses>
				<total>47</total>
				<timestamp>746.753817</timestamp>
			</report>
			<report>
				<misses>3251001</misses>
				<total>47</total>
				<timestamp>746.983576</timestamp>
			</report>
			<report>
				<misses>3252001</misses>
				<total>47</total>
				<timestamp>747.213389</timestamp>
			</report>
			<report>
				<misses>3253001</misses>
				<total>47</total>
				<timestamp>747.443232</timestamp>
			</report>
			<report>
				<misses>3254001</misses>
				<total>47</total>
				<timestamp>747.672934</timestamp>
			</report>
			<report>
				<misses>3255001</misses>
				<total>47</total>
				<timestamp>747.902683</timestamp>
			</report>
			<report>
				<misses>3256001</misses>
				<total>47</total>
				<timestamp>748.132437</timestamp>
			</report>
			<report>
				<misses>3257001</misses>
				<total>47</total>
				<timestamp>748.362205</timestamp>
			</report>
			<report>
				<misses>3258001</misses>
				<total>47</total>
				<timestamp>748.592056</timestamp>
			</report>
			<report>
				<misses>3259001</misses>
				<total>47</total>
				<timestamp>748.821745</timestamp>
			</report>
			<report>
				<misses>3260001</misses>
				<total>47</total>
				<timestamp>749.051521</timestamp>
			</report>
			<report>
				<misses>3261001</misses>
				<total>47</total>
				<timestamp>749.281281</timestamp>
			</report>
			<report>
				<misses>3262001</misses>
				<total>47</total>
				<timestamp>749.511146</timestamp>
			</report>
			<report>
				<misses>3263001</misses>
				<total>47</total>
				<timestamp>749.740820</timestamp>
			</report>
			<report>
				<misses>3264001</misses>
				<total>47</total>
				<timestamp>749.970597</timestamp>
			</report>
			<report>
				<misses>3265001</misses>
				<total>47</total>
				<timestamp>750.200427</timestamp>
			</report>
			<report>
				<misses>3266001</misses>
				<total>47</total>
				<timestamp>750.430267</timestamp>
			</report>
			<report>
				<misses>3267001</misses>
				<total>47</total>
				<timestamp>750.660011</timestamp>
			</report>
			<report>
				<misses>3268001</misses>
				<total>46</total>
				<timestamp>750.889677</timestamp>
			</report>
			<report>
				<misses>3269001</misses>
				<total>47</total>
				<timestamp>751.119446</timestamp>
			</report>
			<report>
				<misses>3270001</misses>
				<total>47</total>
				<timestamp>751.349391</timestamp>
			</report>
			<report>
				<misses>3271001</misses>
				<total>47</total>
				<timestamp>751.579119</timestamp>
			</report>
			<report>
				<misses>3272001</misses>
				<total>47</total>
				<timestamp>751.808766</timestamp>
			</report>
			<report>
				<misses>3273001</misses>
				<total>47</total>
				<timestamp>752.038531</timestamp>
			</report>
			<report>
				<misses>3274001</misses>
				<total>47</total>
				<timestamp>752.268336</timestamp>
			</report>
			<report>
				<misses>3275001</misses>
				<total>47</total>
				<timestamp>752.498164</timestamp>
			</report>
			<report>
				<misses>3276001</misses>
				<total>47</total>
				<timestamp>752.727849</timestamp>
			</report>
			<report>
				<misses>3277001</misses>
				<total>47</total>
				<timestamp>752.957659</timestamp>
			</report>
			<report>
				<misses>3278001</misses>
				<total>47</total>
				<timestamp>753.187362</timestamp>
			</report>
			<report>
				<misses>3279001</misses>
				<total>47</total>
				<timestamp>753.417155</timestamp>
			</report>
			<report>
				<misses>3280001</misses>
				<total>47</total>
				<timestamp>753.647007</timestamp>
			</report>
			<report>
				<misses>3281001</misses>
				<total>47</total>
				<timestamp>753.876695</timestamp>
			</report>
			<report>
				<misses>3282001</misses>
				<total>47</total>
				<timestamp>754.106467</timestamp>
			</report>
			<report>
				<misses>3283001</misses>
				<total>47</total>
				<timestamp>754.336233</timestamp>
			</report>
			<report>
				<misses>3284001</misses>
				<total>47</total>
				<timestamp>754.566130</timestamp>
			</report>
			<report>
				<misses>3285001</misses>
				<total>47</total>
				<timestamp>754.795774</timestamp>
			</report>
			<report>
				<misses>3286001</misses>
				<total>47</total>
				<timestamp>755.025579</timestamp>
			</report>
			<report>
				<misses>3287001</misses>
				<total>47</total>
				<timestamp>755.255343</timestamp>
			</report>
			<report>
				<misses>3288001</misses>
				<total>47</total>
				<timestamp>755.485199</timestamp>
			</report>
			<report>
				<misses>3289001</misses>
				<total>47</total>
				<timestamp>755.714852</timestamp>
			</report>
			<report>
				<misses>3290001</misses>
				<total>47</total>
				<timestamp>755.944642</timestamp>
			</report>
			<report>
				<misses>3291001</misses>
				<total>47</total>
				<timestamp>756.174381</timestamp>
			</report>
			<report>
				<misses>3292001</misses>
				<total>47</total>
				<timestamp>756.404163</timestamp>
			</report>
			<report>
				<misses>3293001</misses>
				<total>47</total>
				<timestamp>756.634007</timestamp>
			</report>
			<report>
				<misses>3294001</misses>
				<total>47</total>
				<timestamp>756.863706</timestamp>
			</report>
			<report>
				<misses>3295001</misses>
				<total>47</total>
				<timestamp>757.093457</timestamp>
			</report>
			<report>
				<misses>3296001</misses>
				<total>47</total>
				<timestamp>757.323252</timestamp>
			</report>
			<report>
				<misses>3297001</misses>
				<total>47</total>
				<timestamp>757.553094</timestamp>
			</report>
			<report>
				<misses>3298001</misses>
				<total>47</total>
				<timestamp>757.782797</timestamp>
			</report>
			<report>
				<misses>3299001</misses>
				<total>47</total>
				<timestamp>758.012575</timestamp>
			</report>
			<report>
				<misses>3300001</misses>
				<total>47</total>
				<timestamp>758.242329</timestamp>
			</report>
			<report>
				<misses>3301001</misses>
				<total>46</total>
				<timestamp>758.472193</timestamp>
			</report>
			<report>
				<misses>3302001</misses>
				<total>47</total>
				<timestamp>758.701861</timestamp>
			</report>
			<report>
				<misses>3303001</misses>
				<total>47</total>
				<timestamp>758.931632</timestamp>
			</report>
			<report>
				<misses>3304001</misses>
				<total>47</total>
				<timestamp>759.161407</timestamp>
			</report>
			<report>
				<misses>3305001</misses>
				<total>47</total>
				<timestamp>759.391213</timestamp>
			</report>
			<report>
				<misses>3306001</misses>
				<total>47</total>
				<timestamp>759.620979</timestamp>
			</report>
			<report>
				<misses>3307001</misses>
				<total>47</total>
				<timestamp>759.850714</timestamp>
			</report>
			<report>
				<misses>3308001</misses>
				<total>47</total>
				<timestamp>760.080487</timestamp>
			</report>
			<report>
				<misses>3309001</misses>
				<total>47</total>
				<timestamp>760.310249</timestamp>
			</report>
			<report>
				<misses>3310001</misses>
				<total>47</total>
				<timestamp>760.540094</timestamp>
			</report>
			<report>
				<misses>3311001</misses>
				<total>47</total>
				<timestamp>760.769775</timestamp>
			</report>
			<report>
				<misses>3312001</misses>
				<total>47</total>
				<timestamp>760.999576</timestamp>
			</report>
			<report>
				<misses>3313001</misses>
				<total>47</total>
				<timestamp>761.229341</timestamp>
			</report>
			<report>
				<misses>3314001</misses>
				<total>47</total>
				<timestamp>761.459142</timestamp>
			</report>
			<report>
				<misses>3315001</misses>
				<total>46</total>
				<timestamp>761.688991</timestamp>
			</report>
			<report>
				<misses>3316001</misses>
				<total>46</total>
				<timestamp>761.918651</timestamp>
			</report>
			<report>
				<misses>3317001</misses>
				<total>46</total>
				<timestamp>762.148403</timestamp>
			</report>
			<report>
				<misses>3318001</misses>
				<total>47</total>
				<timestamp>762.378176</timestamp>
			</report>
			<report>
				<misses>3319001</misses>
				<total>47</total>
				<timestamp>762.608002</timestamp>
			</report>
			<report>
				<misses>3320001</misses>
				<total>47</total>
				<timestamp>762.838068</timestamp>
			</report>
			<report>
				<misses>3321001</misses>
				<total>46</total>
				<timestamp>763.067732</timestamp>
			</report>
			<report>
				<misses>3322001</misses>
				<total>47</total>
				<timestamp>763.297494</timestamp>
			</report>
			<report>
				<misses>3323001</misses>
				<total>47</total>
				<timestamp>763.527302</timestamp>
			</report>
			<report>
				<misses>3324001</misses>
				<total>47</total>
				<timestamp>763.757142</timestamp>
			</report>
			<report>
				<misses>3325001</misses>
				<total>47</total>
				<timestamp>763.986801</timestamp>
			</report>
			<report>
				<misses>3326001</misses>
				<total>47</total>
				<timestamp>764.216597</timestamp>
			</report>
			<report>
				<misses>3327001</misses>
				<total>47</total>
				<timestamp>764.446357</timestamp>
			</report>
			<report>
				<misses>3328001</misses>
				<total>47</total>
				<timestamp>764.676124</timestamp>
			</report>
			<report>
				<misses>3329001</misses>
				<total>47</total>
				<timestamp>764.905925</timestamp>
			</report>
			<report>
				<misses>3330001</misses>
				<total>47</total>
				<timestamp>765.135657</timestamp>
			</report>
			<report>
				<misses>3331001</misses>
				<total>47</total>
				<timestamp>765.365424</timestamp>
			</report>
			<report>
				<misses>3332001</misses>
				<total>47</total>
				<timestamp>765.595196</timestamp>
			</report>
			<report>
				<misses>3333001</misses>
				<total>47</total>
				<timestamp>765.825018</timestamp>
			</report>
			<report>
				<misses>3334001</misses>
				<total>47</total>
				<timestamp>766.054724</timestamp>
			</report>
			<report>
				<misses>3335001</misses>
				<total>47</total>
				<timestamp>766.284569</timestamp>
			</report>
			<report>
				<misses>3336001</misses>
				<total>47</total>
				<timestamp>766.514256</timestamp>
			</report>
			<report>
				<misses>3337001</misses>
				<total>47</total>
				<timestamp>766.744090</timestamp>
			</report>
			<report>
				<misses>3338001</misses>
				<total>47</total>
				<timestamp>766.973830</timestamp>
			</report>
			<report>
				<misses>3339001</misses>
				<total>47</total>
				<timestamp>767.203581</timestamp>
			</report>
			<report>
				<misses>3340001</misses>
				<total>47</total>
				<timestamp>767.433352</timestamp>
			</report>
			<report>
				<misses>3341001</misses>
				<total>47</total>
				<timestamp>767.663135</timestamp>
			</report>
			<report>
				<misses>3342001</misses>
				<total>47</total>
				<timestamp>767.892933</timestamp>
			</report>
			<report>
				<misses>3343001</misses>
				<total>47</total>
				<timestamp>768.122672</timestamp>
			</report>
			<report>
				<misses>3344001</misses>
				<total>47</total>
				<timestamp>768.352430</timestamp>
			</report>
			<report>
				<misses>3345001</misses>
				<total>47</total>
				<timestamp>768.582221</timestamp>
			</report>
			<report>
				<misses>3346001</misses>
				<total>47</total>
				<timestamp>768.812074</timestamp>
			</report>
			<report>
				<misses>3347001</misses>
				<total>47</total>
				<timestamp>769.041737</timestamp>
			</report>
			<report>
				<misses>3348001</misses>
				<total>47</total>
				<timestamp>769.271542</timestamp>
			</report>
			<report>
				<misses>3349001</misses>
				<total>47</total>
				<timestamp>769.501281</timestamp>
			</report>
			<report>
				<misses>3350001</misses>
				<total>46</total>
				<timestamp>769.731068</timestamp>
			</report>
			<report>
				<misses>3351001</misses>
				<total>47</total>
				<timestamp>769.960816</timestamp>
			</report>
			<report>
				<misses>3352001</misses>
				<total>47</total>
				<timestamp>770.190574</timestamp>
			</report>
			<report>
				<misses>3353001</misses>
				<total>47</total>
				<timestamp>770.420389</timestamp>
			</report>
			<report>
				<misses>3354001</misses>
				<total>47</total>
				<timestamp>770.650130</timestamp>
			</report>
			<report>
				<misses>3355001</misses>
				<total>47</total>
				<timestamp>770.880010</timestamp>
			</report>
			<report>
				<misses>3356001</misses>
				<total>47</total>
				<timestamp>771.109732</timestamp>
			</report>
			<report>
				<misses>3357001</misses>
				<total>47</total>
				<timestamp>771.339453</timestamp>
			</report>
			<report>
				<misses>3358001</misses>
				<total>47</total>
				<timestamp>771.569227</timestamp>
			</report>
			<report>
				<misses>3359001</misses>
				<total>47</total>
				<timestamp>771.799028</timestamp>
			</report>
			<report>
				<misses>3360001</misses>
				<total>47</total>
				<timestamp>772.028750</timestamp>
			</report>
			<report>
				<misses>3361001</misses>
				<total>47</total>
				<timestamp>772.258539</timestamp>
			</report>
			<report>
				<misses>3362001</misses>
				<total>47</total>
				<timestamp>772.488296</timestamp>
			</report>
			<report>
				<misses>3363001</misses>
				<total>47</total>
				<timestamp>772.718118</timestamp>
			</report>
			<report>
				<misses>3364001</misses>
				<total>47</total>
				<timestamp>772.947864</timestamp>
			</report>
			<report>
				<misses>3365001</misses>
				<total>47</total>
				<timestamp>773.177618</timestamp>
			</report>
			<report>
				<misses>3366001</misses>
				<total>47</total>
				<timestamp>773.407364</timestamp>
			</report>
			<report>
				<misses>3367001</misses>
				<total>47</total>
				<timestamp>773.637172</timestamp>
			</report>
			<report>
				<misses>3368001</misses>
				<total>47</total>
				<timestamp>773.866989</timestamp>
			</report>
			<report>
				<misses>3369001</misses>
				<total>46</total>
				<timestamp>774.096711</timestamp>
			</report>
			<report>
				<misses>3370001</misses>
				<total>47</total>
				<timestamp>774.326537</timestamp>
			</report>
			<report>
				<misses>3371001</misses>
				<total>47</total>
				<timestamp>774.556278</timestamp>
			</report>
			<report>
				<misses>3372001</misses>
				<total>47</total>
				<timestamp>774.786018</timestamp>
			</report>
			<report>
				<misses>3373001</misses>
				<total>47</total>
				<timestamp>775.015744</timestamp>
			</report>
			<report>
				<misses>3374001</misses>
				<total>47</total>
				<timestamp>775.245530</timestamp>
			</report>
			<report>
				<misses>3375001</misses>
				<total>47</total>
				<timestamp>775.475310</timestamp>
			</report>
			<report>
				<misses>3376001</misses>
				<total>47</total>
				<timestamp>775.705121</timestamp>
			</report>
			<report>
				<misses>3377001</misses>
				<total>47</total>
				<timestamp>775.934913</timestamp>
			</report>
			<report>
				<misses>3378001</misses>
				<total>47</total>
				<timestamp>776.164604</timestamp>
			</report>
			<report>
				<misses>3379001</misses>
				<total>46</total>
				<timestamp>776.394391</timestamp>
			</report>
			<report>
				<misses>3380001</misses>
				<total>47</total>
				<timestamp>776.624173</timestamp>
			</report>
			<report>
				<misses>3381001</misses>
				<total>47</total>
				<timestamp>776.854004</timestamp>
			</report>
			<report>
				<misses>3382001</misses>
				<total>47</total>
				<timestamp>777.083674</timestamp>
			</report>
			<report>
				<misses>3383001</misses>
				<total>47</total>
				<timestamp>777.313449</timestamp>
			</report>
			<report>
				<misses>3384001</misses>
				<total>47</total>
				<timestamp>777.543251</timestamp>
			</report>
			<report>
				<misses>3385001</misses>
				<total>47</total>
				<timestamp>777.773061</timestamp>
			</report>
			<report>
				<misses>3386001</misses>
				<total>47</total>
				<timestamp>778.002809</timestamp>
			</report>
			<report>
				<misses>3387001</misses>
				<total>47</total>
				<timestamp>778.232539</timestamp>
			</report>
			<report>
				<misses>3388001</misses>
				<total>47</total>
				<timestamp>778.462302</timestamp>
			</report>
			<report>
				<misses>3389001</misses>
				<total>47</total>
				<timestamp>778.692096</timestamp>
			</report>
			<report>
				<misses>3390001</misses>
				<total>47</total>
				<timestamp>778.921935</timestamp>
			</report>
			<report>
				<misses>3391001</misses>
				<total>47</total>
				<timestamp>779.151613</timestamp>
			</report>
			<report>
				<misses>3392001</misses>
				<total>47</total>
				<timestamp>779.381397</timestamp>
			</report>
			<report>
				<misses>3393001</misses>
				<total>47</total>
				<timestamp>779.611149</timestamp>
			</report>
			<report>
				<misses>3394001</misses>
				<total>47</total>
				<timestamp>779.840938</timestamp>
			</report>
			<report>
				<misses>3395001</misses>
				<total>47</total>
				<timestamp>780.070683</timestamp>
			</report>
			<report>
				<misses>3396001</misses>
				<total>47</total>
				<timestamp>780.300481</timestamp>
			</report>
			<report>
				<misses>3397001</misses>
				<total>47</total>
				<timestamp>780.530231</timestamp>
			</report>
			<report>
				<misses>3398001</misses>
				<total>47</total>
				<timestamp>780.760017</timestamp>
			</report>
			<report>
				<misses>3399001</misses>
				<total>47</total>
				<timestamp>780.989887</timestamp>
			</report>
			<report>
				<misses>3400001</misses>
				<total>47</total>
				<timestamp>781.219541</timestamp>
			</report>
			<report>
				<misses>3401001</misses>
				<total>47</total>
				<timestamp>781.449346</timestamp>
			</report>
			<report>
				<misses>3402001</misses>
				<total>49</total>
				<timestamp>781.679104</timestamp>
			</report>
			<report>
				<misses>3403001</misses>
				<total>49</total>
				<timestamp>781.908912</timestamp>
			</report>
			<report>
				<misses>3404001</misses>
				<total>49</total>
				<timestamp>782.138638</timestamp>
			</report>
			<report>
				<misses>3405001</misses>
				<total>49</total>
				<timestamp>782.368409</timestamp>
			</report>
			<report>
				<misses>3406001</misses>
				<total>49</total>
				<timestamp>782.598220</timestamp>
			</report>
			<report>
				<misses>3407001</misses>
				<total>49</total>
				<timestamp>782.828036</timestamp>
			</report>
			<report>
				<misses>3408001</misses>
				<total>48</total>
				<timestamp>783.057705</timestamp>
			</report>
			<report>
				<misses>3409001</misses>
				<total>49</total>
				<timestamp>783.287474</timestamp>
			</report>
			<report>
				<misses>3410001</misses>
				<total>49</total>
				<timestamp>783.517255</timestamp>
			</report>
			<report>
				<misses>3411001</misses>
				<total>49</total>
				<timestamp>783.747081</timestamp>
			</report>
			<report>
				<misses>3412001</misses>
				<total>49</total>
				<timestamp>783.976804</timestamp>
			</report>
			<report>
				<misses>3413001</misses>
				<total>49</total>
				<timestamp>784.206557</timestamp>
			</report>
			<report>
				<misses>3414001</misses>
				<total>49</total>
				<timestamp>784.436341</timestamp>
			</report>
			<report>
				<misses>3415001</misses>
				<total>49</total>
				<timestamp>784.666114</timestamp>
			</report>
			<report>
				<misses>3416001</misses>
				<total>49</total>
				<timestamp>784.895973</timestamp>
			</report>
			<report>
				<misses>3417001</misses>
				<total>49</total>
				<timestamp>785.125632</timestamp>
			</report>
			<report>
				<misses>3418001</misses>
				<total>49</total>
				<timestamp>785.355403</timestamp>
			</report>
			<report>
				<misses>3419001</misses>
				<total>49</total>
				<timestamp>785.585196</timestamp>
			</report>
			<report>
				<misses>3420001</misses>
				<total>49</total>
				<timestamp>785.814975</timestamp>
			</report>
			<report>
				<misses>3421001</misses>
				<total>49</total>
				<timestamp>786.044716</timestamp>
			</report>
			<report>
				<misses>3422001</misses>
				<total>49</total>
				<timestamp>786.274498</timestamp>
			</report>
			<report>
				<misses>3423001</misses>
				<total>49</total>
				<timestamp>786.504267</timestamp>
			</report>
			<report>
				<misses>3424001</misses>
				<total>49</total>
				<timestamp>786.734091</timestamp>
			</report>
			<report>
				<misses>3425001</misses>
				<total>49</total>
				<timestamp>786.963912</timestamp>
			</report>
			<report>
				<misses>3426001</misses>
				<total>49</total>
				<timestamp>787.193577</timestamp>
			</report>
			<report>
				<misses>3427001</misses>
				<total>49</total>
				<timestamp>787.423333</timestamp>
			</report>
			<report>
				<misses>3428001</misses>
				<total>49</total>
				<timestamp>787.653160</timestamp>
			</report>
			<report>
				<misses>3429001</misses>
				<total>49</total>
				<timestamp>787.882948</timestamp>
			</report>
			<report>
				<misses>3430001</misses>
				<total>49</total>
				<timestamp>788.112652</timestamp>
			</report>
			<report>
				<misses>3431001</misses>
				<total>49</total>
				<timestamp>788.342428</timestamp>
			</report>
			<report>
				<misses>3432001</misses>
				<total>49</total>
				<timestamp>788.572220</timestamp>
			</report>
			<report>
				<misses>3433001</misses>
				<total>49</total>
				<timestamp>788.801977</timestamp>
			</report>
			<report>
				<misses>3434001</misses>
				<total>49</total>
				<timestamp>789.031773</timestamp>
			</report>
			<report>
				<misses>3435001</misses>
				<total>49</total>
				<timestamp>789.261504</timestamp>
			</report>
			<report>
				<misses>3436001</misses>
				<total>49</total>
				<timestamp>789.491288</timestamp>
			</report>
			<report>
				<misses>3437001</misses>
				<total>49</total>
				<timestamp>789.721025</timestamp>
			</report>
			<report>
				<misses>3438001</misses>
				<total>49</total>
				<timestamp>789.950862</timestamp>
			</report>
			<report>
				<misses>3439001</misses>
				<total>49</total>
				<timestamp>790.180597</timestamp>
			</report>
			<report>
				<misses>3440001</misses>
				<total>48</total>
				<timestamp>790.410386</timestamp>
			</report>
			<report>
				<misses>3441001</misses>
				<total>49</total>
				<timestamp>790.640142</timestamp>
			</report>
			<report>
				<misses>3442001</misses>
				<total>49</total>
				<timestamp>790.869900</timestamp>
			</report>
			<report>
				<misses>3443001</misses>
				<total>49</total>
				<timestamp>791.099681</timestamp>
			</report>
			<report>
				<misses>3444001</misses>
				<total>49</total>
				<timestamp>791.329450</timestamp>
			</report>
			<report>
				<misses>3445001</misses>
				<total>49</total>
				<timestamp>791.559255</timestamp>
			</report>
			<report>
				<misses>3446001</misses>
				<total>49</total>
				<timestamp>791.789015</timestamp>
			</report>
			<report>
				<misses>3447001</misses>
				<total>49</total>
				<timestamp>792.018803</timestamp>
			</report>
			<report>
				<misses>3448001</misses>
				<total>49</total>
				<timestamp>792.248499</timestamp>
			</report>
			<report>
				<misses>3449001</misses>
				<total>49</total>
				<timestamp>792.478267</timestamp>
			</report>
			<report>
				<misses>3450001</misses>
				<total>49</total>
				<timestamp>792.708059</timestamp>
			</report>
			<report>
				<misses>3451001</misses>
				<total>49</total>
				<timestamp>792.937875</timestamp>
			</report>
			<report>
				<misses>3452001</misses>
				<total>49</total>
				<timestamp>793.167603</timestamp>
			</report>
			<report>
				<misses>3453001</misses>
				<total>49</total>
				<timestamp>793.397383</timestamp>
			</report>
			<report>
				<misses>3454001</misses>
				<total>49</total>
				<timestamp>793.627128</timestamp>
			</report>
			<report>
				<misses>3455001</misses>
				<total>49</total>
				<timestamp>793.856910</timestamp>
			</report>
			<report>
				<misses>3456001</misses>
				<total>49</total>
				<timestamp>794.086688</timestamp>
			</report>
			<report>
				<misses>3457001</misses>
				<total>49</total>
				<timestamp>794.316432</timestamp>
			</report>
			<report>
				<misses>3458001</misses>
				<total>49</total>
				<timestamp>794.546219</timestamp>
			</report>
			<report>
				<misses>3459001</misses>
				<total>49</total>
				<timestamp>794.776034</timestamp>
			</report>
			<report>
				<misses>3460001</misses>
				<total>49</total>
				<timestamp>795.005800</timestamp>
			</report>
			<report>
				<misses>3461001</misses>
				<total>49</total>
				<timestamp>795.235519</timestamp>
			</report>
			<report>
				<misses>3462001</misses>
				<total>49</total>
				<timestamp>795.465302</timestamp>
			</report>
			<report>
				<misses>3463001</misses>
				<total>49</total>
				<timestamp>795.695058</timestamp>
			</report>
			<report>
				<misses>3464001</misses>
				<total>49</total>
				<timestamp>795.924864</timestamp>
			</report>
			<report>
				<misses>3465001</misses>
				<total>49</total>
				<timestamp>796.154628</timestamp>
			</report>
			<report>
				<misses>3466001</misses>
				<total>49</total>
				<timestamp>796.384354</timestamp>
			</report>
			<report>
				<misses>3467001</misses>
				<total>49</total>
				<timestamp>796.614137</timestamp>
			</report>
			<report>
				<misses>3468001</misses>
				<total>49</total>
				<timestamp>796.843914</timestamp>
			</report>
			<report>
				<misses>3469001</misses>
				<total>49</total>
				<timestamp>797.073712</timestamp>
			</report>
			<report>
				<misses>3470001</misses>
				<total>49</total>
				<timestamp>797.303509</timestamp>
			</report>
			<report>
				<misses>3471001</misses>
				<total>49</total>
				<timestamp>797.533242</timestamp>
			</report>
			<report>
				<misses>3472001</misses>
				<total>49</total>
				<timestamp>797.763009</timestamp>
			</report>
			<report>
				<misses>3473001</misses>
				<total>49</total>
				<timestamp>797.992809</timestamp>
			</report>
			<report>
				<misses>3474001</misses>
				<total>49</total>
				<timestamp>798.222529</timestamp>
			</report>
			<report>
				<misses>3475001</misses>
				<total>49</total>
				<timestamp>798.452316</timestamp>
			</report>
			<report>
				<misses>3476001</misses>
				<total>49</total>
				<timestamp>798.682068</timestamp>
			</report>
			<report>
				<misses>3477001</misses>
				<total>49</total>
				<timestamp>798.911870</timestamp>
			</report>
			<report>
				<misses>3478001</misses>
				<total>49</total>
				<timestamp>799.141618</timestamp>
			</report>
			<report>
				<misses>3479001</misses>
				<total>49</total>
				<timestamp>799.371393</timestamp>
			</report>
			<report>
				<misses>3480001</misses>
				<total>49</total>
				<timestamp>799.601215</timestamp>
			</report>
			<report>
				<misses>3481001</misses>
				<total>49</total>
				<timestamp>799.830922</timestamp>
			</report>
			<report>
				<misses>3482001</misses>
				<total>49</total>
				<timestamp>800.060704</timestamp>
			</report>
			<report>
				<misses>3483001</misses>
				<total>49</total>
				<timestamp>800.290491</timestamp>
			</report>
			<report>
				<misses>3484001</misses>
				<total>49</total>
				<timestamp>800.520227</timestamp>
			</report>
			<report>
				<misses>3485001</misses>
				<total>49</total>
				<timestamp>800.750039</timestamp>
			</report>
			<report>
				<misses>3486001</misses>
				<total>49</total>
				<timestamp>800.979816</timestamp>
			</report>
			<report>
				<misses>3487001</misses>
				<total>49</total>
				<timestamp>801.209535</timestamp>
			</report>
			<report>
				<misses>3488001</misses>
				<total>49</total>
				<timestamp>801.439292</timestamp>
			</report>
			<report>
				<misses>3489001</misses>
				<total>49</total>
				<timestamp>801.669074</timestamp>
			</report>
			<report>
				<misses>3490001</misses>
				<total>49</total>
				<timestamp>801.898914</timestamp>
			</report>
			<report>
				<misses>3491001</misses>
				<total>49</total>
				<timestamp>802.128654</timestamp>
			</report>
			<report>
				<misses>3492001</misses>
				<total>49</total>
				<timestamp>802.358390</timestamp>
			</report>
			<report>
				<misses>3493001</misses>
				<total>49</total>
				<timestamp>802.588157</timestamp>
			</report>
			<report>
				<misses>3494001</misses>
				<total>49</total>
				<timestamp>802.817924</timestamp>
			</report>
			<report>
				<misses>3495001</misses>
				<total>49</total>
				<timestamp>803.047787</timestamp>
			</report>
			<report>
				<misses>3496001</misses>
				<total>49</total>
				<timestamp>803.277457</timestamp>
			</report>
			<report>
				<misses>3497001</misses>
				<total>49</total>
				<timestamp>803.507236</timestamp>
			</report>
			<report>
				<misses>3498001</misses>
				<total>49</total>
				<timestamp>803.737008</timestamp>
			</report>
			<report>
				<misses>3499001</misses>
				<total>49</total>
				<timestamp>803.966784</timestamp>
			</report>
			<report>
				<misses>3500001</misses>
				<total>49</total>
				<timestamp>804.196550</timestamp>
			</report>
			<report>
				<misses>3501001</misses>
				<total>49</total>
				<timestamp>804.426351</timestamp>
			</report>
			<report>
				<misses>3502001</misses>
				<total>49</total>
				<timestamp>804.656098</timestamp>
			</report>
			<report>
				<misses>3503001</misses>
				<total>48</total>
				<timestamp>804.885872</timestamp>
			</report>
			<report>
				<misses>3504001</misses>
				<total>49</total>
				<timestamp>805.115703</timestamp>
			</report>
			<report>
				<misses>3505001</misses>
				<total>49</total>
				<timestamp>805.345399</timestamp>
			</report>
			<report>
				<misses>3506001</misses>
				<total>49</total>
				<timestamp>805.575167</timestamp>
			</report>
			<report>
				<misses>3507001</misses>
				<total>49</total>
				<timestamp>805.804974</timestamp>
			</report>
			<report>
				<misses>3508001</misses>
				<total>49</total>
				<timestamp>806.034716</timestamp>
			</report>
			<report>
				<misses>3509001</misses>
				<total>49</total>
				<timestamp>806.264483</timestamp>
			</report>
			<report>
				<misses>3510001</misses>
				<total>49</total>
				<timestamp>806.494254</timestamp>
			</report>
			<report>
				<misses>3511001</misses>
				<total>49</total>
				<timestamp>806.724050</timestamp>
			</report>
			<report>
				<misses>3512001</misses>
				<total>49</total>
				<timestamp>806.953883</timestamp>
			</report>
			<report>
				<misses>3513001</misses>
				<total>49</total>
				<timestamp>807.183565</timestamp>
			</report>
			<report>
				<misses>3514001</misses>
				<total>49</total>
				<timestamp>807.413344</timestamp>
			</report>
			<report>
				<misses>3515001</misses>
				<total>49</total>
				<timestamp>807.643105</timestamp>
			</report>
			<report>
				<misses>3516001</misses>
				<total>49</total>
				<timestamp>807.872914</timestamp>
			</report>
			<report>
				<misses>3517001</misses>
				<total>49</total>
				<timestamp>808.102663</timestamp>
			</report>
			<report>
				<misses>3518001</misses>
				<total>49</total>
				<timestamp>808.332401</timestamp>
			</report>
			<report>
				<misses>3519001</misses>
				<total>49</total>
				<timestamp>808.562180</timestamp>
			</report>
			<report>
				<misses>3520001</misses>
				<total>49</total>
				<timestamp>808.791984</timestamp>
			</report>
			<report>
				<misses>3521001</misses>
				<total>49</total>
				<timestamp>809.021725</timestamp>
			</report>
			<report>
				<misses>3522001</misses>
				<total>49</total>
				<timestamp>809.251496</timestamp>
			</report>
			<report>
				<misses>3523001</misses>
				<total>49</total>
				<timestamp>809.481266</timestamp>
			</report>
			<report>
				<misses>3524001</misses>
				<total>49</total>
				<timestamp>809.711033</timestamp>
			</report>
			<report>
				<misses>3525001</misses>
				<total>49</total>
				<timestamp>809.940898</timestamp>
			</report>
			<report>
				<misses>3526001</misses>
				<total>49</total>
				<timestamp>810.170567</timestamp>
			</report>
			<report>
				<misses>3527001</misses>
				<total>49</total>
				<timestamp>810.400334</timestamp>
			</report>
			<report>
				<misses>3528001</misses>
				<total>49</total>
				<timestamp>810.630117</timestamp>
			</report>
			<report>
				<misses>3529001</misses>
				<total>49</total>
				<timestamp>810.859943</timestamp>
			</report>
			<report>
				<misses>3530001</misses>
				<total>49</total>
				<timestamp>811.089745</timestamp>
			</report>
			<report>
				<misses>3531001</misses>
				<total>49</total>
				<timestamp>811.319437</timestamp>
			</report>
			<report>
				<misses>3532001</misses>
				<total>49</total>
				<timestamp>811.549188</timestamp>
			</report>
			<report>
				<misses>3533001</misses>
				<total>49</total>
				<timestamp>811.778960</timestamp>
			</report>
			<report>
				<misses>3534001</misses>
				<total>53</total>
				<timestamp>812.008756</timestamp>
			</report>
			<report>
				<misses>3535001</misses>
				<total>53</total>
				<timestamp>812.238487</timestamp>
			</report>
			<report>
				<misses>3536001</misses>
				<total>53</total>
				<timestamp>812.468297</timestamp>
			</report>
			<report>
				<misses>3537001</misses>
				<total>53</total>
				<timestamp>812.698034</timestamp>
			</report>
			<report>
				<misses>3538001</misses>
				<total>53</total>
				<timestamp>812.927852</timestamp>
			</report>
			<report>
				<misses>3539001</misses>
				<total>53</total>
				<timestamp>813.157600</timestamp>
			</report>
			<report>
				<misses>3540001</misses>
				<total>53</total>
				<timestamp>813.387355</timestamp>
			</report>
			<report>
				<misses>3541001</misses>
				<total>53</total>
				<timestamp>813.617165</timestamp>
			</report>
			<report>
				<misses>3542001</misses>
				<total>53</total>
				<timestamp>813.846924</timestamp>
			</report>
			<report>
				<misses>3543001</misses>
				<total>53</total>
				<timestamp>814.076659</timestamp>
			</report>
			<report>
				<misses>3544001</misses>
				<total>53</total>
				<timestamp>814.306430</timestamp>
			</report>
			<report>
				<misses>3545001</misses>
				<total>53</total>
				<timestamp>814.536198</timestamp>
			</report>
			<report>
				<misses>3546001</misses>
				<total>53</total>
				<timestamp>814.765975</timestamp>
			</report>
			<report>
				<misses>3547001</misses>
				<total>53</total>
				<timestamp>814.995787</timestamp>
			</report>
			<report>
				<misses>3548001</misses>
				<total>53</total>
				<timestamp>815.225517</timestamp>
			</report>
			<report>
				<misses>3549001</misses>
				<total>53</total>
				<timestamp>815.455270</timestamp>
			</report>
			<report>
				<misses>3550001</misses>
				<total>53</total>
				<timestamp>815.685055</timestamp>
			</report>
			<report>
				<misses>3551001</misses>
				<total>53</total>
				<timestamp>815.914885</timestamp>
			</report>
			<report>
				<misses>3552001</misses>
				<total>53</total>
				<timestamp>816.144596</timestamp>
			</report>
			<report>
				<misses>3553001</misses>
				<total>53</total>
				<timestamp>816.374387</timestamp>
			</report>
			<report>
				<misses>3554001</misses>
				<total>53</total>
				<timestamp>816.604162</timestamp>
			</report>
			<report>
				<misses>3555001</misses>
				<total>53</total>
				<timestamp>816.833912</timestamp>
			</report>
			<report>
				<misses>3556001</misses>
				<total>53</total>
				<timestamp>817.063745</timestamp>
			</report>
			<report>
				<misses>3557001</misses>
				<total>53</total>
				<timestamp>817.293439</timestamp>
			</report>
			<report>
				<misses>3558001</misses>
				<total>53</total>
				<timestamp>817.523209</timestamp>
			</report>
			<report>
				<misses>3559001</misses>
				<total>53</total>
				<timestamp>817.752987</timestamp>
			</report>
			<report>
				<misses>3560001</misses>
				<total>53</total>
				<timestamp>817.982788</timestamp>
			</report>
			<report>
				<misses>3561001</misses>
				<total>53</total>
				<timestamp>818.212512</timestamp>
			</report>
			<report>
				<misses>3562001</misses>
				<total>53</total>
				<timestamp>818.442286</timestamp>
			</report>
			<report>
				<misses>3563001</misses>
				<total>53</total>
				<timestamp>818.672062</timestamp>
			</report>
			<report>
				<misses>3564001</misses>
				<total>53</total>
				<timestamp>818.901894</timestamp>
			</report>
			<report>
				<misses>3565001</misses>
				<total>53</total>
				<timestamp>819.131609</timestamp>
			</report>
			<report>
				<misses>3566001</misses>
				<total>53</total>
				<timestamp>819.361397</timestamp>
			</report>
			<report>
				<misses>3567001</misses>
				<total>53</total>
				<timestamp>819.591127</timestamp>
			</report>
			<report>
				<misses>3568001</misses>
				<total>53</total>
				<timestamp>819.821005</timestamp>
			</report>
			<report>
				<misses>3569001</misses>
				<total>53</total>
				<timestamp>820.050762</timestamp>
			</report>
			<report>
				<misses>3570001</misses>
				<total>53</total>
				<timestamp>820.280505</timestamp>
			</report>
			<report>
				<misses>3571001</misses>
				<total>53</total>
				<timestamp>820.510206</timestamp>
			</report>
			<report>
				<misses>3572001</misses>
				<total>53</total>
				<timestamp>820.739994</timestamp>
			</report>
			<report>
				<misses>3573001</misses>
				<total>53</total>
				<timestamp>820.969941</timestamp>
			</report>
			<report>
				<misses>3574001</misses>
				<total>53</total>
				<timestamp>821.199568</timestamp>
			</report>
			<report>
				<misses>3575001</misses>
				<total>53</total>
				<timestamp>821.429306</timestamp>
			</report>
			<report>
				<misses>3576001</misses>
				<total>53</total>
				<timestamp>821.659067</timestamp>
			</report>
			<report>
				<misses>3577001</misses>
				<total>53</total>
				<timestamp>821.888863</timestamp>
			</report>
			<report>
				<misses>3578001</misses>
				<total>53</total>
				<timestamp>822.118629</timestamp>
			</report>
			<report>
				<misses>3579001</misses>
				<total>53</total>
				<timestamp>822.348401</timestamp>
			</report>
			<report>
				<misses>3580001</misses>
				<total>53</total>
				<timestamp>822.578137</timestamp>
			</report>
			<report>
				<misses>3581001</misses>
				<total>53</total>
				<timestamp>822.808145</timestamp>
			</report>
			<report>
				<misses>3582001</misses>
				<total>53</total>
				<timestamp>823.037996</timestamp>
			</report>
			<report>
				<misses>3583001</misses>
				<total>53</total>
				<timestamp>823.267728</timestamp>
			</report>
			<report>
				<misses>3584001</misses>
				<total>53</total>
				<timestamp>823.497482</timestamp>
			</report>
			<report>
				<misses>3585001</misses>
				<total>53</total>
				<timestamp>823.727234</timestamp>
			</report>
			<report>
				<misses>3586001</misses>
				<total>53</total>
				<timestamp>823.957010</timestamp>
			</report>
			<report>
				<misses>3587001</misses>
				<total>53</total>
				<timestamp>824.186814</timestamp>
			</report>
			<report>
				<misses>3588001</misses>
				<total>52</total>
				<timestamp>824.416617</timestamp>
			</report>
			<report>
				<misses>3589001</misses>
				<total>53</total>
				<timestamp>824.646302</timestamp>
			</report>
			<report>
				<misses>3590001</misses>
				<total>53</total>
				<timestamp>824.876061</timestamp>
			</report>
			<report>
				<misses>3591001</misses>
				<total>53</total>
				<timestamp>825.105848</timestamp>
			</report>
			<report>
				<misses>3592001</misses>
				<total>53</total>
				<timestamp>825.335671</timestamp>
			</report>
			<report>
				<misses>3593001</misses>
				<total>53</total>
				<timestamp>825.565385</timestamp>
			</report>
			<report>
				<misses>3594001</misses>
				<total>53</total>
				<timestamp>825.795177</timestamp>
			</report>
			<report>
				<misses>3595001</misses>
				<total>53</total>
				<timestamp>826.024938</timestamp>
			</report>
			<report>
				<misses>3596001</misses>
				<total>53</total>
				<timestamp>826.254758</timestamp>
			</report>
			<report>
				<misses>3597001</misses>
				<total>53</total>
				<timestamp>826.484499</timestamp>
			</report>
			<report>
				<misses>3598001</misses>
				<total>53</total>
				<timestamp>826.714262</timestamp>
			</report>
			<report>
				<misses>3599001</misses>
				<total>53</total>
				<timestamp>826.944025</timestamp>
			</report>
			<report>
				<misses>3600001</misses>
				<total>53</total>
				<timestamp>827.173801</timestamp>
			</report>
			<report>
				<misses>3601001</misses>
				<total>53</total>
				<timestamp>827.403581</timestamp>
			</report>
			<report>
				<misses>3602001</misses>
				<total>53</total>
				<timestamp>827.633322</timestamp>
			</report>
			<report>
				<misses>3603001</misses>
				<total>53</total>
				<timestamp>827.863103</timestamp>
			</report>
			<report>
				<misses>3604001</misses>
				<total>52</total>
				<timestamp>828.092872</timestamp>
			</report>
			<report>
				<misses>3605001</misses>
				<total>53</total>
				<timestamp>828.322702</timestamp>
			</report>
			<report>
				<misses>3606001</misses>
				<total>53</total>
				<timestamp>828.552429</timestamp>
			</report>
			<report>
				<misses>3607001</misses>
				<total>53</total>
				<timestamp>828.782180</timestamp>
			</report>
			<report>
				<misses>3608001</misses>
				<total>53</total>
				<timestamp>829.011970</timestamp>
			</report>
			<report>
				<misses>3609001</misses>
				<total>53</total>
				<timestamp>829.241753</timestamp>
			</report>
			<report>
				<misses>3610001</misses>
				<total>53</total>
				<timestamp>829.471507</timestamp>
			</report>
			<report>
				<misses>3611001</misses>
				<total>53</total>
				<timestamp>829.701272</timestamp>
			</report>
			<report>
				<misses>3612001</misses>
				<total>53</total>
				<timestamp>829.931012</timestamp>
			</report>
			<report>
				<misses>3613001</misses>
				<total>53</total>
				<timestamp>830.160804</timestamp>
			</report>
			<report>
				<misses>3614001</misses>
				<total>53</total>
				<timestamp>830.390578</timestamp>
			</report>
			<report>
				<misses>3615001</misses>
				<total>53</total>
				<timestamp>830.620344</timestamp>
			</report>
			<report>
				<misses>3616001</misses>
				<total>53</total>
				<timestamp>830.850088</timestamp>
			</report>
			<report>
				<misses>3617001</misses>
				<total>53</total>
				<timestamp>831.079899</timestamp>
			</report>
			<report>
				<misses>3618001</misses>
				<total>53</total>
				<timestamp>831.309694</timestamp>
			</report>
			<report>
				<misses>3619001</misses>
				<total>53</total>
				<timestamp>831.539423</timestamp>
			</report>
			<report>
				<misses>3620001</misses>
				<total>53</total>
				<timestamp>831.769231</timestamp>
			</report>
			<report>
				<misses>3621001</misses>
				<total>53</total>
				<timestamp>831.998947</timestamp>
			</report>
			<report>
				<misses>3622001</misses>
				<total>53</total>
				<timestamp>832.228713</timestamp>
			</report>
			<report>
				<misses>3623001</misses>
				<total>53</total>
				<timestamp>832.458538</timestamp>
			</report>
			<report>
				<misses>3624001</misses>
				<total>53</total>
				<timestamp>832.688287</timestamp>
			</report>
			<report>
				<misses>3625001</misses>
				<total>53</total>
				<timestamp>832.918031</timestamp>
			</report>
			<report>
				<misses>3626001</misses>
				<total>53</total>
				<timestamp>833.147856</timestamp>
			</report>
			<report>
				<misses>3627001</misses>
				<total>53</total>
				<timestamp>833.377579</timestamp>
			</report>
			<report>
				<misses>3628001</misses>
				<total>52</total>
				<timestamp>833.607365</timestamp>
			</report>
			<report>
				<misses>3629001</misses>
				<total>53</total>
				<timestamp>833.837110</timestamp>
			</report>
			<report>
				<misses>3630001</misses>
				<total>53</total>
				<timestamp>834.066878</timestamp>
			</report>
			<report>
				<misses>3631001</misses>
				<total>53</total>
				<timestamp>834.296665</timestamp>
			</report>
			<report>
				<misses>3632001</misses>
				<total>53</total>
				<timestamp>834.526430</timestamp>
			</report>
			<report>
				<misses>3633001</misses>
				<total>53</total>
				<timestamp>834.756227</timestamp>
			</report>
			<report>
				<misses>3634001</misses>
				<total>53</total>
				<timestamp>834.985958</timestamp>
			</report>
			<report>
				<misses>3635001</misses>
				<total>52</total>
				<timestamp>835.215742</timestamp>
			</report>
			<report>
				<misses>3636001</misses>
				<total>53</total>
				<timestamp>835.445526</timestamp>
			</report>
			<report>
				<misses>3637001</misses>
				<total>53</total>
				<timestamp>835.675310</timestamp>
			</report>
			<report>
				<misses>3638001</misses>
				<total>53</total>
				<timestamp>835.905067</timestamp>
			</report>
			<report>
				<misses>3639001</misses>
				<total>53</total>
				<timestamp>836.134811</timestamp>
			</report>
			<report>
				<misses>3640001</misses>
				<total>53</total>
				<timestamp>836.364646</timestamp>
			</report>
			<report>
				<misses>3641001</misses>
				<total>53</total>
				<timestamp>836.594351</timestamp>
			</report>
			<report>
				<misses>3642001</misses>
				<total>53</total>
				<timestamp>836.824126</timestamp>
			</report>
			<report>
				<misses>3643001</misses>
				<total>53</total>
				<timestamp>837.053985</timestamp>
			</report>
			<report>
				<misses>3644001</misses>
				<total>53</total>
				<timestamp>837.283774</timestamp>
			</report>
			<report>
				<misses>3645001</misses>
				<total>53</total>
				<timestamp>837.513441</timestamp>
			</report>
			<report>
				<misses>3646001</misses>
				<total>53</total>
				<timestamp>837.743203</timestamp>
			</report>
			<report>
				<misses>3647001</misses>
				<total>53</total>
				<timestamp>837.973025</timestamp>
			</report>
			<report>
				<misses>3648001</misses>
				<total>53</total>
				<timestamp>838.202766</timestamp>
			</report>
			<report>
				<misses>3649001</misses>
				<total>53</total>
				<timestamp>838.432505</timestamp>
			</report>
			<report>
				<misses>3650001</misses>
				<total>53</total>
				<timestamp>838.662270</timestamp>
			</report>
			<report>
				<misses>3651001</misses>
				<total>53</total>
				<timestamp>838.892049</timestamp>
			</report>
			<report>
				<misses>3652001</misses>
				<total>53</total>
				<timestamp>839.121827</timestamp>
			</report>
			<report>
				<misses>3653001</misses>
				<total>53</total>
				<timestamp>839.351656</timestamp>
			</report>
			<report>
				<misses>3654001</misses>
				<total>53</total>
				<timestamp>839.581390</timestamp>
			</report>
			<report>
				<misses>3655001</misses>
				<total>53</total>
				<timestamp>839.811133</timestamp>
			</report>
			<report>
				<misses>3656001</misses>
				<total>53</total>
				<timestamp>840.040911</timestamp>
			</report>
			<report>
				<misses>3657001</misses>
				<total>52</total>
				<timestamp>840.270681</timestamp>
			</report>
			<report>
				<misses>3658001</misses>
				<total>53</total>
				<timestamp>840.500457</timestamp>
			</report>
			<report>
				<misses>3659001</misses>
				<total>53</total>
				<timestamp>840.730208</timestamp>
			</report>
			<report>
				<misses>3660001</misses>
				<total>53</total>
				<timestamp>840.959980</timestamp>
			</report>
			<report>
				<misses>3661001</misses>
				<total>53</total>
				<timestamp>841.189795</timestamp>
			</report>
			<report>
				<misses>3662001</misses>
				<total>53</total>
				<timestamp>841.419523</timestamp>
			</report>
			<report>
				<misses>3663001</misses>
				<total>53</total>
				<timestamp>841.649326</timestamp>
			</report>
			<report>
				<misses>3664001</misses>
				<total>53</total>
				<timestamp>841.879073</timestamp>
			</report>
			<report>
				<misses>3665001</misses>
				<total>53</total>
				<timestamp>842.108843</timestamp>
			</report>
			<report>
				<misses>3666001</misses>
				<total>53</total>
				<timestamp>842.338620</timestamp>
			</report>
			<report>
				<misses>3667001</misses>
				<total>53</total>
				<timestamp>842.568370</timestamp>
			</report>
			<report>
				<misses>3668001</misses>
				<total>53</total>
				<timestamp>842.798167</timestamp>
			</report>
			<report>
				<misses>3669001</misses>
				<total>53</total>
				<timestamp>843.027922</timestamp>
			</report>
			<report>
				<misses>3670001</misses>
				<total>53</total>
				<timestamp>843.257730</timestamp>
			</report>
			<report>
				<misses>3671001</misses>
				<total>53</total>
				<timestamp>843.487484</timestamp>
			</report>
			<report>
				<misses>3672001</misses>
				<total>53</total>
				<timestamp>843.717234</timestamp>
			</report>
			<report>
				<misses>3673001</misses>
				<total>53</total>
				<timestamp>843.946989</timestamp>
			</report>
			<report>
				<misses>3674001</misses>
				<total>53</total>
				<timestamp>844.176784</timestamp>
			</report>
			<report>
				<misses>3675001</misses>
				<total>53</total>
				<timestamp>844.406608</timestamp>
			</report>
			<report>
				<misses>3676001</misses>
				<total>53</total>
				<timestamp>844.636285</timestamp>
			</report>
			<report>
				<misses>3677001</misses>
				<total>53</total>
				<timestamp>844.866062</timestamp>
			</report>
			<report>
				<misses>3678001</misses>
				<total>53</total>
				<timestamp>845.095869</timestamp>
			</report>
			<report>
				<misses>3679001</misses>
				<total>53</total>
				<timestamp>845.325611</timestamp>
			</report>
			<report>
				<misses>3680001</misses>
				<total>53</total>
				<timestamp>845.555410</timestamp>
			</report>
			<report>
				<misses>3681001</misses>
				<total>53</total>
				<timestamp>845.785160</timestamp>
			</report>
			<report>
				<misses>3682001</misses>
				<total>53</total>
				<timestamp>846.014944</timestamp>
			</report>
			<report>
				<misses>3683001</misses>
				<total>53</total>
				<timestamp>846.244762</timestamp>
			</report>
			<report>
				<misses>3684001</misses>
				<total>53</total>
				<timestamp>846.474485</timestamp>
			</report>
			<report>
				<misses>3685001</misses>
				<total>53</total>
				<timestamp>846.704236</timestamp>
			</report>
			<report>
				<misses>3686001</misses>
				<total>53</total>
				<timestamp>846.934011</timestamp>
			</report>
			<report>
				<misses>3687001</misses>
				<total>55</total>
				<timestamp>847.163776</timestamp>
			</report>
			<report>
				<misses>3688001</misses>
				<total>55</total>
				<timestamp>847.393580</timestamp>
			</report>
			<report>
				<misses>3689001</misses>
				<total>55</total>
				<timestamp>847.623300</timestamp>
			</report>
			<report>
				<misses>3690001</misses>
				<total>55</total>
				<timestamp>847.853086</timestamp>
			</report>
			<report>
				<misses>3691001</misses>
				<total>55</total>
				<timestamp>848.082847</timestamp>
			</report>
			<report>
				<misses>3692001</misses>
				<total>55</total>
				<timestamp>848.312684</timestamp>
			</report>
			<report>
				<misses>3693001</misses>
				<total>54</total>
				<timestamp>848.542441</timestamp>
			</report>
			<report>
				<misses>3694001</misses>
				<total>54</total>
				<timestamp>848.772190</timestamp>
			</report>
			<report>
				<misses>3695001</misses>
				<total>55</total>
				<timestamp>849.001944</timestamp>
			</report>
			<report>
				<misses>3696001</misses>
				<total>55</total>
				<timestamp>849.231724</timestamp>
			</report>
			<report>
				<misses>3697001</misses>
				<total>55</total>
				<timestamp>849.461483</timestamp>
			</report>
			<report>
				<misses>3698001</misses>
				<total>55</total>
				<timestamp>849.691265</timestamp>
			</report>
			<report>
				<misses>3699001</misses>
				<total>55</total>
				<timestamp>849.921008</timestamp>
			</report>
			<report>
				<misses>3700001</misses>
				<total>55</total>
				<timestamp>850.150780</timestamp>
			</report>
			<report>
				<misses>3701001</misses>
				<total>55</total>
				<timestamp>850.380631</timestamp>
			</report>
			<report>
				<misses>3702001</misses>
				<total>55</total>
				<timestamp>850.610330</timestamp>
			</report>
			<report>
				<misses>3703001</misses>
				<total>55</total>
				<timestamp>850.840138</timestamp>
			</report>
			<report>
				<misses>3704001</misses>
				<total>55</total>
				<timestamp>851.069867</timestamp>
			</report>
			<report>
				<misses>3705001</misses>
				<total>55</total>
				<timestamp>851.299673</timestamp>
			</report>
			<report>
				<misses>3706001</misses>
				<total>55</total>
				<timestamp>851.529425</timestamp>
			</report>
			<report>
				<misses>3707001</misses>
				<total>55</total>
				<timestamp>851.759207</timestamp>
			</report>
			<report>
				<misses>3708001</misses>
				<total>55</total>
				<timestamp>851.988956</timestamp>
			</report>
			<report>
				<misses>3709001</misses>
				<total>55</total>
				<timestamp>852.218706</timestamp>
			</report>
			<report>
				<misses>3710001</misses>
				<total>55</total>
				<timestamp>852.448598</timestamp>
			</report>
			<report>
				<misses>3711001</misses>
				<total>55</total>
				<timestamp>852.678261</timestamp>
			</report>
			<report>
				<misses>3712001</misses>
				<total>55</total>
				<timestamp>852.908025</timestamp>
			</report>
			<report>
				<misses>3713001</misses>
				<total>55</total>
				<timestamp>853.137796</timestamp>
			</report>
			<report>
				<misses>3714001</misses>
				<total>55</total>
				<timestamp>853.367626</timestamp>
			</report>
			<report>
				<misses>3715001</misses>
				<total>55</total>
				<timestamp>853.597361</timestamp>
			</report>
			<report>
				<misses>3716001</misses>
				<total>55</total>
				<timestamp>853.827094</timestamp>
			</report>
			<report>
				<misses>3717001</misses>
				<total>55</total>
				<timestamp>854.056891</timestamp>
			</report>
			<report>
				<misses>3718001</misses>
				<total>57</total>
				<timestamp>854.286637</timestamp>
			</report>
			<report>
				<misses>3719001</misses>
				<total>57</total>
				<timestamp>854.516430</timestamp>
			</report>
			<report>
				<misses>3720001</misses>
				<total>57</total>
				<timestamp>854.746202</timestamp>
			</report>
			<report>
				<misses>3721001</misses>
				<total>57</total>
				<timestamp>854.975956</timestamp>
			</report>
			<report>
				<misses>3722001</misses>
				<total>57</total>
				<timestamp>855.205769</timestamp>
			</report>
			<report>
				<misses>3723001</misses>
				<total>57</total>
				<timestamp>855.435584</timestamp>
			</report>
			<report>
				<misses>3724001</misses>
				<total>57</total>
				<timestamp>855.665336</timestamp>
			</report>
			<report>
				<misses>3725001</misses>
				<total>57</total>
				<timestamp>855.895048</timestamp>
			</report>
			<report>
				<misses>3726001</misses>
				<total>57</total>
				<timestamp>856.124796</timestamp>
			</report>
			<report>
				<misses>3727001</misses>
				<total>57</total>
				<timestamp>856.354600</timestamp>
			</report>
			<report>
				<misses>3728001</misses>
				<total>57</total>
				<timestamp>856.584362</timestamp>
			</report>
			<report>
				<misses>3729001</misses>
				<total>57</total>
				<timestamp>856.814128</timestamp>
			</report>
			<report>
				<misses>3730001</misses>
				<total>57</total>
				<timestamp>857.043878</timestamp>
			</report>
			<report>
				<misses>3731001</misses>
				<total>57</total>
				<timestamp>857.273674</timestamp>
			</report>
			<report>
				<misses>3732001</misses>
				<total>57</total>
				<timestamp>857.503482</timestamp>
			</report>
			<report>
				<misses>3733001</misses>
				<total>57</total>
				<timestamp>857.733230</timestamp>
			</report>
			<report>
				<misses>3734001</misses>
				<total>57</total>
				<timestamp>857.962956</timestamp>
			</report>
			<report>
				<misses>3735001</misses>
				<total>57</total>
				<timestamp>858.192816</timestamp>
			</report>
			<report>
				<misses>3736001</misses>
				<total>57</total>
				<timestamp>858.422560</timestamp>
			</report>
			<report>
				<misses>3737001</misses>
				<total>57</total>
				<timestamp>858.652274</timestamp>
			</report>
			<report>
				<misses>3738001</misses>
				<total>57</total>
				<timestamp>858.882055</timestamp>
			</report>
			<report>
				<misses>3739001</misses>
				<total>57</total>
				<timestamp>859.111824</timestamp>
			</report>
			<report>
				<misses>3740001</misses>
				<total>57</total>
				<timestamp>859.341621</timestamp>
			</report>
			<report>
				<misses>3741001</misses>
				<total>56</total>
				<timestamp>859.571362</timestamp>
			</report>
			<report>
				<misses>3742001</misses>
				<total>57</total>
				<timestamp>859.801133</timestamp>
			</report>
			<report>
				<misses>3743001</misses>
				<total>57</total>
				<timestamp>860.030913</timestamp>
			</report>
			<report>
				<misses>3744001</misses>
				<total>56</total>
				<timestamp>860.260684</timestamp>
			</report>
			<report>
				<misses>3745001</misses>
				<total>57</total>
				<timestamp>860.490439</timestamp>
			</report>
			<report>
				<misses>3746001</misses>
				<total>57</total>
				<timestamp>860.720208</timestamp>
			</report>
			<report>
				<misses>3747001</misses>
				<total>57</total>
				<timestamp>860.949966</timestamp>
			</report>
			<report>
				<misses>3748001</misses>
				<total>57</total>
				<timestamp>861.179722</timestamp>
			</report>
			<report>
				<misses>3749001</misses>
				<total>57</total>
				<timestamp>861.409546</timestamp>
			</report>
			<report>
				<misses>3750001</misses>
				<total>57</total>
				<timestamp>861.639285</timestamp>
			</report>
			<report>
				<misses>3751001</misses>
				<total>57</total>
				<timestamp>861.869070</timestamp>
			</report>
			<report>
				<misses>3752001</misses>
				<total>56</total>
				<timestamp>862.098865</timestamp>
			</report>
			<report>
				<misses>3753001</misses>
				<total>56</total>
				<timestamp>862.328655</timestamp>
			</report>
			<report>
				<misses>3754001</misses>
				<total>57</total>
				<timestamp>862.558437</timestamp>
			</report>
			<report>
				<misses>3755001</misses>
				<total>57</total>
				<timestamp>862.788132</timestamp>
			</report>
			<report>
				<misses>3756001</misses>
				<total>57</total>
				<timestamp>863.017929</timestamp>
			</report>
			<report>
				<misses>3757001</misses>
				<total>56</total>
				<timestamp>863.247756</timestamp>
			</report>
			<report>
				<misses>3758001</misses>
				<total>57</total>
				<timestamp>863.477471</timestamp>
			</report>
			<report>
				<misses>3759001</misses>
				<total>57</total>
				<timestamp>863.707229</timestamp>
			</report>
			<report>
				<misses>3760001</misses>
				<total>56</total>
				<timestamp>863.936988</timestamp>
			</report>
			<report>
				<misses>3761001</misses>
				<total>57</total>
				<timestamp>864.166744</timestamp>
			</report>
			<report>
				<misses>3762001</misses>
				<total>57</total>
				<timestamp>864.396530</timestamp>
			</report>
			<report>
				<misses>3763001</misses>
				<total>57</total>
				<timestamp>864.626390</timestamp>
			</report>
			<report>
				<misses>3764001</misses>
				<total>57</total>
				<timestamp>864.856077</timestamp>
			</report>
			<report>
				<misses>3765001</misses>
				<total>57</total>
				<timestamp>865.085828</timestamp>
			</report>
			<report>
				<misses>3766001</misses>
				<total>57</total>
				<timestamp>865.315615</timestamp>
			</report>
			<report>
				<misses>3767001</misses>
				<total>57</total>
				<timestamp>865.545390</timestamp>
			</report>
			<report>
				<misses>3768001</misses>
				<total>57</total>
				<timestamp>865.775133</timestamp>
			</report>
			<report>
				<misses>3769001</misses>
				<total>57</total>
				<timestamp>866.004943</timestamp>
			</report>
			<report>
				<misses>3770001</misses>
				<total>57</total>
				<timestamp>866.234682</timestamp>
			</report>
			<report>
				<misses>3771001</misses>
				<total>57</total>
				<timestamp>866.464500</timestamp>
			</report>
			<report>
				<misses>3772001</misses>
				<total>57</total>
				<timestamp>866.694254</timestamp>
			</report>
			<report>
				<misses>3773001</misses>
				<total>57</total>
				<timestamp>866.923999</timestamp>
			</report>
			<report>
				<misses>3774001</misses>
				<total>57</total>
				<timestamp>867.153759</timestamp>
			</report>
			<report>
				<misses>3775001</misses>
				<total>57</total>
				<timestamp>867.383613</timestamp>
			</report>
			<report>
				<misses>3776001</misses>
				<total>57</total>
				<timestamp>867.613403</timestamp>
			</report>
			<report>
				<misses>3777001</misses>
				<total>57</total>
				<timestamp>867.843079</timestamp>
			</report>
			<report>
				<misses>3778001</misses>
				<total>57</total>
				<timestamp>868.072831</timestamp>
			</report>
			<report>
				<misses>3779001</misses>
				<total>57</total>
				<timestamp>868.302639</timestamp>
			</report>
			<report>
				<misses>3780001</misses>
				<total>57</total>
				<timestamp>868.532407</timestamp>
			</report>
			<report>
				<misses>3781001</misses>
				<total>57</total>
				<timestamp>868.762159</timestamp>
			</report>
			<report>
				<misses>3782001</misses>
				<total>57</total>
				<timestamp>868.991915</timestamp>
			</report>
			<report>
				<misses>3783001</misses>
				<total>57</total>
				<timestamp>869.221700</timestamp>
			</report>
			<report>
				<misses>3784001</misses>
				<total>57</total>
				<timestamp>869.451526</timestamp>
			</report>
			<report>
				<misses>3785001</misses>
				<total>57</total>
				<timestamp>869.681287</timestamp>
			</report>
			<report>
				<misses>3786001</misses>
				<total>57</total>
				<timestamp>869.911022</timestamp>
			</report>
			<report>
				<misses>3787001</misses>
				<total>57</total>
				<timestamp>870.140783</timestamp>
			</report>
			<report>
				<misses>3788001</misses>
				<total>57</total>
				<timestamp>870.370545</timestamp>
			</report>
			<report>
				<misses>3789001</misses>
				<total>57</total>
				<timestamp>870.600343</timestamp>
			</report>
			<report>
				<misses>3790001</misses>
				<total>57</total>
				<timestamp>870.830116</timestamp>
			</report>
			<report>
				<misses>3791001</misses>
				<total>57</total>
				<timestamp>871.059918</timestamp>
			</report>
			<report>
				<misses>3792001</misses>
				<total>58</total>
				<timestamp>871.289625</timestamp>
			</report>
			<report>
				<misses>3793001</misses>
				<total>58</total>
				<timestamp>871.519409</timestamp>
			</report>
			<report>
				<misses>3794001</misses>
				<total>58</total>
				<timestamp>871.749150</timestamp>
			</report>
			<report>
				<misses>3795001</misses>
				<total>58</total>
				<timestamp>871.978972</timestamp>
			</report>
			<report>
				<misses>3796001</misses>
				<total>58</total>
				<timestamp>872.208702</timestamp>
			</report>
			<report>
				<misses>3797001</misses>
				<total>58</total>
				<timestamp>872.438469</timestamp>
			</report>
			<report>
				<misses>3798001</misses>
				<total>58</total>
				<timestamp>872.668278</timestamp>
			</report>
			<report>
				<misses>3799001</misses>
				<total>58</total>
				<timestamp>872.898026</timestamp>
			</report>
			<report>
				<misses>3800001</misses>
				<total>58</total>
				<timestamp>873.127787</timestamp>
			</report>
			<report>
				<misses>3801001</misses>
				<total>58</total>
				<timestamp>873.357633</timestamp>
			</report>
			<report>
				<misses>3802001</misses>
				<total>58</total>
				<timestamp>873.587327</timestamp>
			</report>
			<report>
				<misses>3803001</misses>
				<total>58</total>
				<timestamp>873.817165</timestamp>
			</report>
			<report>
				<misses>3804001</misses>
				<total>58</total>
				<timestamp>874.046919</timestamp>
			</report>
			<report>
				<misses>3805001</misses>
				<total>58</total>
				<timestamp>874.276630</timestamp>
			</report>
			<report>
				<misses>3806001</misses>
				<total>58</total>
				<timestamp>874.506500</timestamp>
			</report>
			<report>
				<misses>3807001</misses>
				<total>58</total>
				<timestamp>874.736183</timestamp>
			</report>
			<report>
				<misses>3808001</misses>
				<total>58</total>
				<timestamp>874.965942</timestamp>
			</report>
			<report>
				<misses>3809001</misses>
				<total>58</total>
				<timestamp>875.195738</timestamp>
			</report>
			<report>
				<misses>3810001</misses>
				<total>58</total>
				<timestamp>875.425529</timestamp>
			</report>
			<report>
				<misses>3811001</misses>
				<total>58</total>
				<timestamp>875.655283</timestamp>
			</report>
			<report>
				<misses>3812001</misses>
				<total>58</total>
				<timestamp>875.885025</timestamp>
			</report>
			<report>
				<misses>3813001</misses>
				<total>58</total>
				<timestamp>876.114794</timestamp>
			</report>
			<report>
				<misses>3814001</misses>
				<total>58</total>
				<timestamp>876.344591</timestamp>
			</report>
			<report>
				<misses>3815001</misses>
				<total>58</total>
				<timestamp>876.574364</timestamp>
			</report>
			<report>
				<misses>3816001</misses>
				<total>58</total>
				<timestamp>876.804175</timestamp>
			</report>
			<report>
				<misses>3817001</misses>
				<total>58</total>
				<timestamp>877.033936</timestamp>
			</report>
			<report>
				<misses>3818001</misses>
				<total>58</total>
				<timestamp>877.263671</timestamp>
			</report>
			<report>
				<misses>3819001</misses>
				<total>58</total>
				<timestamp>877.493476</timestamp>
			</report>
			<report>
				<misses>3820001</misses>
				<total>58</total>
				<timestamp>877.723204</timestamp>
			</report>
			<report>
				<misses>3821001</misses>
				<total>58</total>
				<timestamp>877.952945</timestamp>
			</report>
			<report>
				<misses>3822001</misses>
				<total>58</total>
				<timestamp>878.182715</timestamp>
			</report>
			<report>
				<misses>3823001</misses>
				<total>58</total>
				<timestamp>878.412526</timestamp>
			</report>
			<report>
				<misses>3824001</misses>
				<total>58</total>
				<timestamp>878.642286</timestamp>
			</report>
			<report>
				<misses>3825001</misses>
				<total>58</total>
				<timestamp>878.872122</timestamp>
			</report>
			<report>
				<misses>3826001</misses>
				<total>58</total>
				<timestamp>879.101860</timestamp>
			</report>
			<report>
				<misses>3827001</misses>
				<total>58</total>
				<timestamp>879.331613</timestamp>
			</report>
			<report>
				<misses>3828001</misses>
				<total>58</total>
				<timestamp>879.561362</timestamp>
			</report>
			<report>
				<misses>3829001</misses>
				<total>58</total>
				<timestamp>879.791129</timestamp>
			</report>
			<report>
				<misses>3830001</misses>
				<total>58</total>
				<timestamp>880.020895</timestamp>
			</report>
			<report>
				<misses>3831001</misses>
				<total>58</total>
				<timestamp>880.250651</timestamp>
			</report>
			<report>
				<misses>3832001</misses>
				<total>58</total>
				<timestamp>880.480442</timestamp>
			</report>
			<report>
				<misses>3833001</misses>
				<total>58</total>
				<timestamp>880.710219</timestamp>
			</report>
			<report>
				<misses>3834001</misses>
				<total>58</total>
				<timestamp>880.939960</timestamp>
			</report>
			<report>
				<misses>3835001</misses>
				<total>58</total>
				<timestamp>881.169757</timestamp>
			</report>
			<report>
				<misses>3836001</misses>
				<total>58</total>
				<timestamp>881.399521</timestamp>
			</report>
			<report>
				<misses>3837001</misses>
				<total>58</total>
				<timestamp>881.629275</timestamp>
			</report>
			<report>
				<misses>3838001</misses>
				<total>58</total>
				<timestamp>881.859035</timestamp>
			</report>
			<report>
				<misses>3839001</misses>
				<total>58</total>
				<timestamp>882.088808</timestamp>
			</report>
			<report>
				<misses>3840001</misses>
				<total>58</total>
				<timestamp>882.318643</timestamp>
			</report>
			<report>
				<misses>3841001</misses>
				<total>58</total>
				<timestamp>882.548468</timestamp>
			</report>
			<report>
				<misses>3842001</misses>
				<total>58</total>
				<timestamp>882.778198</timestamp>
			</report>
			<report>
				<misses>3843001</misses>
				<total>58</total>
				<timestamp>883.007982</timestamp>
			</report>
			<report>
				<misses>3844001</misses>
				<total>58</total>
				<timestamp>883.237665</timestamp>
			</report>
			<report>
				<misses>3845001</misses>
				<total>58</total>
				<timestamp>883.467465</timestamp>
			</report>
			<report>
				<misses>3846001</misses>
				<total>58</total>
				<timestamp>883.697222</timestamp>
			</report>
			<report>
				<misses>3847001</misses>
				<total>58</total>
				<timestamp>883.926962</timestamp>
			</report>
			<report>
				<misses>3848001</misses>
				<total>58</total>
				<timestamp>884.156743</timestamp>
			</report>
			<report>
				<misses>3849001</misses>
				<total>58</total>
				<timestamp>884.386544</timestamp>
			</report>
			<report>
				<misses>3850001</misses>
				<total>58</total>
				<timestamp>884.616333</timestamp>
			</report>
			<report>
				<misses>3851001</misses>
				<total>58</total>
				<timestamp>884.846054</timestamp>
			</report>
			<report>
				<misses>3852001</misses>
				<total>58</total>
				<timestamp>885.075827</timestamp>
			</report>
			<report>
				<misses>3853001</misses>
				<total>58</total>
				<timestamp>885.305639</timestamp>
			</report>
			<report>
				<misses>3854001</misses>
				<total>58</total>
				<timestamp>885.535443</timestamp>
			</report>
			<report>
				<misses>3855001</misses>
				<total>58</total>
				<timestamp>885.765148</timestamp>
			</report>
			<report>
				<misses>3856001</misses>
				<total>58</total>
				<timestamp>885.994936</timestamp>
			</report>
			<report>
				<misses>3857001</misses>
				<total>58</total>
				<timestamp>886.224655</timestamp>
			</report>
			<report>
				<misses>3858001</misses>
				<total>57</total>
				<timestamp>886.454465</timestamp>
			</report>
			<report>
				<misses>3859001</misses>
				<total>58</total>
				<timestamp>886.684229</timestamp>
			</report>
			<report>
				<misses>3860001</misses>
				<total>58</total>
				<timestamp>886.913989</timestamp>
			</report>
			<report>
				<misses>3861001</misses>
				<total>58</total>
				<timestamp>887.143750</timestamp>
			</report>
			<report>
				<misses>3862001</misses>
				<total>58</total>
				<timestamp>887.373563</timestamp>
			</report>
			<report>
				<misses>3863001</misses>
				<total>58</total>
				<timestamp>887.603306</timestamp>
			</report>
			<report>
				<misses>3864001</misses>
				<total>58</total>
				<timestamp>887.833062</timestamp>
			</report>
			<report>
				<misses>3865001</misses>
				<total>58</total>
				<timestamp>888.062821</timestamp>
			</report>
			<report>
				<misses>3866001</misses>
				<total>58</total>
				<timestamp>888.292607</timestamp>
			</report>
			<report>
				<misses>3867001</misses>
				<total>58</total>
				<timestamp>888.522444</timestamp>
			</report>
			<report>
				<misses>3868001</misses>
				<total>58</total>
				<timestamp>888.752199</timestamp>
			</report>
			<report>
				<misses>3869001</misses>
				<total>57</total>
				<timestamp>888.981957</timestamp>
			</report>
			<report>
				<misses>3870001</misses>
				<total>58</total>
				<timestamp>889.211721</timestamp>
			</report>
			<report>
				<misses>3871001</misses>
				<total>58</total>
				<timestamp>889.441510</timestamp>
			</report>
			<report>
				<misses>3872001</misses>
				<total>58</total>
				<timestamp>889.671250</timestamp>
			</report>
			<report>
				<misses>3873001</misses>
				<total>58</total>
				<timestamp>889.900990</timestamp>
			</report>
			<report>
				<misses>3874001</misses>
				<total>58</total>
				<timestamp>890.130780</timestamp>
			</report>
			<report>
				<misses>3875001</misses>
				<total>58</total>
				<timestamp>890.360548</timestamp>
			</report>
			<report>
				<misses>3876001</misses>
				<total>58</total>
				<timestamp>890.590308</timestamp>
			</report>
			<report>
				<misses>3877001</misses>
				<total>58</total>
				<timestamp>890.820135</timestamp>
			</report>
			<report>
				<misses>3878001</misses>
				<total>58</total>
				<timestamp>891.049833</timestamp>
			</report>
			<report>
				<misses>3879001</misses>
				<total>58</total>
				<timestamp>891.279626</timestamp>
			</report>
			<report>
				<misses>3880001</misses>
				<total>58</total>
				<timestamp>891.509472</timestamp>
			</report>
			<report>
				<misses>3881001</misses>
				<total>58</total>
				<timestamp>891.739204</timestamp>
			</report>
			<report>
				<misses>3882001</misses>
				<total>58</total>
				<timestamp>891.968959</timestamp>
			</report>
			<report>
				<misses>3883001</misses>
				<total>58</total>
				<timestamp>892.198699</timestamp>
			</report>
			<report>
				<misses>3884001</misses>
				<total>58</total>
				<timestamp>892.428480</timestamp>
			</report>
			<report>
				<misses>3885001</misses>
				<total>58</total>
				<timestamp>892.658245</timestamp>
			</report>
			<report>
				<misses>3886001</misses>
				<total>58</total>
				<timestamp>892.888005</timestamp>
			</report>
			<report>
				<misses>3887001</misses>
				<total>58</total>
				<timestamp>893.117765</timestamp>
			</report>
			<report>
				<misses>3888001</misses>
				<total>58</total>
				<timestamp>893.347541</timestamp>
			</report>
			<report>
				<misses>3889001</misses>
				<total>58</total>
				<timestamp>893.577317</timestamp>
			</report>
			<report>
				<misses>3890001</misses>
				<total>58</total>
				<timestamp>893.807133</timestamp>
			</report>
			<report>
				<misses>3891001</misses>
				<total>58</total>
				<timestamp>894.036857</timestamp>
			</report>
			<report>
				<misses>3892001</misses>
				<total>58</total>
				<timestamp>894.266630</timestamp>
			</report>
			<report>
				<misses>3893001</misses>
				<total>58</total>
				<timestamp>894.496459</timestamp>
			</report>
			<report>
				<misses>3894001</misses>
				<total>58</total>
				<timestamp>894.726170</timestamp>
			</report>
			<report>
				<misses>3895001</misses>
				<total>58</total>
				<timestamp>894.955965</timestamp>
			</report>
			<report>
				<misses>3896001</misses>
				<total>58</total>
				<timestamp>895.185688</timestamp>
			</report>
			<report>
				<misses>3897001</misses>
				<total>58</total>
				<timestamp>895.415535</timestamp>
			</report>
			<report>
				<misses>3898001</misses>
				<total>57</total>
				<timestamp>895.645265</timestamp>
			</report>
			<report>
				<misses>3899001</misses>
				<total>58</total>
				<timestamp>895.875042</timestamp>
			</report>
			<report>
				<misses>3900001</misses>
				<total>58</total>
				<timestamp>896.104776</timestamp>
			</report>
			<report>
				<misses>3901001</misses>
				<total>58</total>
				<timestamp>896.334560</timestamp>
			</report>
			<report>
				<misses>3902001</misses>
				<total>58</total>
				<timestamp>896.564315</timestamp>
			</report>
			<report>
				<misses>3903001</misses>
				<total>58</total>
				<timestamp>896.794257</timestamp>
			</report>
			<report>
				<misses>3904001</misses>
				<total>58</total>
				<timestamp>897.023860</timestamp>
			</report>
			<report>
				<misses>3905001</misses>
				<total>58</total>
				<timestamp>897.253670</timestamp>
			</report>
			<report>
				<misses>3906001</misses>
				<total>58</total>
				<timestamp>897.483386</timestamp>
			</report>
			<report>
				<misses>3907001</misses>
				<total>58</total>
				<timestamp>897.713163</timestamp>
			</report>
			<report>
				<misses>3908001</misses>
				<total>58</total>
				<timestamp>897.942937</timestamp>
			</report>
			<report>
				<misses>3909001</misses>
				<total>58</total>
				<timestamp>898.172710</timestamp>
			</report>
			<report>
				<misses>3910001</misses>
				<total>58</total>
				<timestamp>898.402540</timestamp>
			</report>
			<report>
				<misses>3911001</misses>
				<total>58</total>
				<timestamp>898.632290</timestamp>
			</report>
			<report>
				<misses>3912001</misses>
				<total>58</total>
				<timestamp>898.862058</timestamp>
			</report>
			<report>
				<misses>3913001</misses>
				<total>58</total>
				<timestamp>899.091808</timestamp>
			</report>
			<report>
				<misses>3914001</misses>
				<total>58</total>
				<timestamp>899.321572</timestamp>
			</report>
			<report>
				<misses>3915001</misses>
				<total>58</total>
				<timestamp>899.551348</timestamp>
			</report>
			<report>
				<misses>3916001</misses>
				<total>58</total>
				<timestamp>899.781124</timestamp>
			</report>
			<report>
				<misses>3917001</misses>
				<total>58</total>
				<timestamp>900.010902</timestamp>
			</report>
			<report>
				<misses>3918001</misses>
				<total>58</total>
				<timestamp>900.240642</timestamp>
			</report>
			<report>
				<misses>3919001</misses>
				<total>58</total>
				<timestamp>900.470467</timestamp>
			</report>
			<report>
				<misses>3920001</misses>
				<total>58</total>
				<timestamp>900.700202</timestamp>
			</report>
			<report>
				<misses>3921001</misses>
				<total>58</total>
				<timestamp>900.929942</timestamp>
			</report>
			<report>
				<misses>3922001</misses>
				<total>59</total>
				<timestamp>901.159716</timestamp>
			</report>
			<report>
				<misses>3923001</misses>
				<total>59</total>
				<timestamp>901.389522</timestamp>
			</report>
			<report>
				<misses>3924001</misses>
				<total>59</total>
				<timestamp>901.619256</timestamp>
			</report>
			<report>
				<misses>3925001</misses>
				<total>59</total>
				<timestamp>901.849150</timestamp>
			</report>
			<report>
				<misses>3926001</misses>
				<total>59</total>
				<timestamp>902.078809</timestamp>
			</report>
			<report>
				<misses>3927001</misses>
				<total>59</total>
				<timestamp>902.308587</timestamp>
			</report>
			<report>
				<misses>3928001</misses>
				<total>59</total>
				<timestamp>902.538449</timestamp>
			</report>
			<report>
				<misses>3929001</misses>
				<total>59</total>
				<timestamp>902.768124</timestamp>
			</report>
			<report>
				<misses>3930001</misses>
				<total>59</total>
				<timestamp>902.997878</timestamp>
			</report>
			<report>
				<misses>3931001</misses>
				<total>59</total>
				<timestamp>903.227658</timestamp>
			</report>
			<report>
				<misses>3932001</misses>
				<total>59</total>
				<timestamp>903.457446</timestamp>
			</report>
			<report>
				<misses>3933001</misses>
				<total>59</total>
				<timestamp>903.687233</timestamp>
			</report>
			<report>
				<misses>3934001</misses>
				<total>59</total>
				<timestamp>903.917051</timestamp>
			</report>
			<report>
				<misses>3935001</misses>
				<total>59</total>
				<timestamp>904.146743</timestamp>
			</report>
			<report>
				<misses>3936001</misses>
				<total>59</total>
				<timestamp>904.376508</timestamp>
			</report>
			<report>
				<misses>3937001</misses>
				<total>59</total>
				<timestamp>904.606273</timestamp>
			</report>
			<report>
				<misses>3938001</misses>
				<total>59</total>
				<timestamp>904.836074</timestamp>
			</report>
			<report>
				<misses>3939001</misses>
				<total>59</total>
				<timestamp>905.065831</timestamp>
			</report>
			<report>
				<misses>3940001</misses>
				<total>59</total>
				<timestamp>905.295635</timestamp>
			</report>
			<report>
				<misses>3941001</misses>
				<total>59</total>
				<timestamp>905.525437</timestamp>
			</report>
			<report>
				<misses>3942001</misses>
				<total>59</total>
				<timestamp>905.755113</timestamp>
			</report>
			<report>
				<misses>3943001</misses>
				<total>59</total>
				<timestamp>905.984982</timestamp>
			</report>
			<report>
				<misses>3944001</misses>
				<total>59</total>
				<timestamp>906.214782</timestamp>
			</report>
			<report>
				<misses>3945001</misses>
				<total>59</total>
				<timestamp>906.444427</timestamp>
			</report>
			<report>
				<misses>3946001</misses>
				<total>59</total>
				<timestamp>906.674207</timestamp>
			</report>
			<report>
				<misses>3947001</misses>
				<total>59</total>
				<timestamp>906.904031</timestamp>
			</report>
			<report>
				<misses>3948001</misses>
				<total>59</total>
				<timestamp>907.133736</timestamp>
			</report>
			<report>
				<misses>3949001</misses>
				<total>59</total>
				<timestamp>907.363533</timestamp>
			</report>
			<report>
				<misses>3950001</misses>
				<total>59</total>
				<timestamp>907.593361</timestamp>
			</report>
			<report>
				<misses>3951001</misses>
				<total>58</total>
				<timestamp>907.823063</timestamp>
			</report>
			<report>
				<misses>3952001</misses>
				<total>59</total>
				<timestamp>908.052839</timestamp>
			</report>
			<report>
				<misses>3953001</misses>
				<total>59</total>
				<timestamp>908.282590</timestamp>
			</report>
			<report>
				<misses>3954001</misses>
				<total>59</total>
				<timestamp>908.512389</timestamp>
			</report>
			<report>
				<misses>3955001</misses>
				<total>58</total>
				<timestamp>908.742201</timestamp>
			</report>
			<report>
				<misses>3956001</misses>
				<total>59</total>
				<timestamp>908.971909</timestamp>
			</report>
			<report>
				<misses>3957001</misses>
				<total>59</total>
				<timestamp>909.201657</timestamp>
			</report>
			<report>
				<misses>3958001</misses>
				<total>59</total>
				<timestamp>909.431437</timestamp>
			</report>
			<report>
				<misses>3959001</misses>
				<total>59</total>
				<timestamp>909.661215</timestamp>
			</report>
			<report>
				<misses>3960001</misses>
				<total>59</total>
				<timestamp>909.891073</timestamp>
			</report>
			<report>
				<misses>3961001</misses>
				<total>59</total>
				<timestamp>910.120740</timestamp>
			</report>
			<report>
				<misses>3962001</misses>
				<total>59</total>
				<timestamp>910.350515</timestamp>
			</report>
			<report>
				<misses>3963001</misses>
				<total>59</total>
				<timestamp>910.580348</timestamp>
			</report>
			<report>
				<misses>3964001</misses>
				<total>59</total>
				<timestamp>910.810087</timestamp>
			</report>
			<report>
				<misses>3965001</misses>
				<total>59</total>
				<timestamp>911.039830</timestamp>
			</report>
			<report>
				<misses>3966001</misses>
				<total>59</total>
				<timestamp>911.269647</timestamp>
			</report>
			<report>
				<misses>3967001</misses>
				<total>59</total>
				<timestamp>911.499391</timestamp>
			</report>
			<report>
				<misses>3968001</misses>
				<total>59</total>
				<timestamp>911.729191</timestamp>
			</report>
			<report>
				<misses>3969001</misses>
				<total>59</total>
				<timestamp>911.958977</timestamp>
			</report>
			<report>
				<misses>3970001</misses>
				<total>59</total>
				<timestamp>912.188727</timestamp>
			</report>
			<report>
				<misses>3971001</misses>
				<total>59</total>
				<timestamp>912.418451</timestamp>
			</report>
			<report>
				<misses>3972001</misses>
				<total>59</total>
				<timestamp>912.648218</timestamp>
			</report>
			<report>
				<misses>3973001</misses>
				<total>59</total>
				<timestamp>912.878021</timestamp>
			</report>
			<report>
				<misses>3974001</misses>
				<total>59</total>
				<timestamp>913.107752</timestamp>
			</report>
			<report>
				<misses>3975001</misses>
				<total>59</total>
				<timestamp>913.337582</timestamp>
			</report>
			<report>
				<misses>3976001</misses>
				<total>59</total>
				<timestamp>913.567352</timestamp>
			</report>
			<report>
				<misses>3977001</misses>
				<total>59</total>
				<timestamp>913.797135</timestamp>
			</report>
			<report>
				<misses>3978001</misses>
				<total>59</total>
				<timestamp>914.026827</timestamp>
			</report>
			<report>
				<misses>3979001</misses>
				<total>59</total>
				<timestamp>914.256627</timestamp>
			</report>
			<report>
				<misses>3980001</misses>
				<total>59</total>
				<timestamp>914.486409</timestamp>
			</report>
			<report>
				<misses>3981001</misses>
				<total>59</total>
				<timestamp>914.716161</timestamp>
			</report>
			<report>
				<misses>3982001</misses>
				<total>59</total>
				<timestamp>914.945953</timestamp>
			</report>
			<report>
				<misses>3983001</misses>
				<total>59</total>
				<timestamp>915.175694</timestamp>
			</report>
			<report>
				<misses>3984001</misses>
				<total>58</total>
				<timestamp>915.405518</timestamp>
			</report>
			<report>
				<misses>3985001</misses>
				<total>59</total>
				<timestamp>915.635219</timestamp>
			</report>
			<report>
				<misses>3986001</misses>
				<total>59</total>
				<timestamp>915.865007</timestamp>
			</report>
			<report>
				<misses>3987001</misses>
				<total>58</total>
				<timestamp>916.094770</timestamp>
			</report>
			<report>
				<misses>3988001</misses>
				<total>59</total>
				<timestamp>916.324546</timestamp>
			</report>
			<report>
				<misses>3989001</misses>
				<total>59</total>
				<timestamp>916.554402</timestamp>
			</report>
			<report>
				<misses>3990001</misses>
				<total>59</total>
				<timestamp>916.784088</timestamp>
			</report>
			<report>
				<misses>3991001</misses>
				<total>59</total>
				<timestamp>917.013869</timestamp>
			</report>
			<report>
				<misses>3992001</misses>
				<total>59</total>
				<timestamp>917.243623</timestamp>
			</report>
			<report>
				<misses>3993001</misses>
				<total>59</total>
				<timestamp>917.473452</timestamp>
			</report>
			<report>
				<misses>3994001</misses>
				<total>59</total>
				<timestamp>917.703169</timestamp>
			</report>
			<report>
				<misses>3995001</misses>
				<total>59</total>
				<timestamp>917.933022</timestamp>
			</report>
			<report>
				<misses>3996001</misses>
				<total>59</total>
				<timestamp>918.162702</timestamp>
			</report>
			<report>
				<misses>3997001</misses>
				<total>59</total>
				<timestamp>918.392465</timestamp>
			</report>
			<report>
				<misses>3998001</misses>
				<total>59</total>
				<timestamp>918.622240</timestamp>
			</report>
			<report>
				<misses>3999001</misses>
				<total>59</total>
				<timestamp>918.852023</timestamp>
			</report>
			<report>
				<misses>4000001</misses>
				<total>59</total>
				<timestamp>919.081782</timestamp>
			</report>
			<report>
				<misses>4001001</misses>
				<total>59</total>
				<timestamp>919.311565</timestamp>
			</report>
			<report>
				<misses>4002001</misses>
				<total>59</total>
				<timestamp>919.541376</timestamp>
			</report>
			<report>
				<misses>4003001</misses>
				<total>59</total>
				<timestamp>919.771132</timestamp>
			</report>
			<report>
				<misses>4004001</misses>
				<total>59</total>
				<timestamp>920.000903</timestamp>
			</report>
			<report>
				<misses>4005001</misses>
				<total>59</total>
				<timestamp>920.230619</timestamp>
			</report>
			<report>
				<misses>4006001</misses>
				<total>59</total>
				<timestamp>920.460414</timestamp>
			</report>
			<report>
				<misses>4007001</misses>
				<total>59</total>
				<timestamp>920.690172</timestamp>
			</report>
			<report>
				<misses>4008001</misses>
				<total>59</total>
				<timestamp>920.919977</timestamp>
			</report>
			<report>
				<misses>4009001</misses>
				<total>58</total>
				<timestamp>921.149752</timestamp>
			</report>
			<report>
				<misses>4010001</misses>
				<total>59</total>
				<timestamp>921.379485</timestamp>
			</report>
			<report>
				<misses>4011001</misses>
				<total>59</total>
				<timestamp>921.609315</timestamp>
			</report>
			<report>
				<misses>4012001</misses>
				<total>59</total>
				<timestamp>921.839077</timestamp>
			</report>
			<report>
				<misses>4013001</misses>
				<total>59</total>
				<timestamp>922.068828</timestamp>
			</report>
			<report>
				<misses>4014001</misses>
				<total>59</total>
				<timestamp>922.298543</timestamp>
			</report>
			<report>
				<misses>4015001</misses>
				<total>59</total>
				<timestamp>922.528326</timestamp>
			</report>
			<report>
				<misses>4016001</misses>
				<total>59</total>
				<timestamp>922.758124</timestamp>
			</report>
			<report>
				<misses>4017001</misses>
				<total>59</total>
				<timestamp>922.987888</timestamp>
			</report>
			<report>
				<misses>4018001</misses>
				<total>59</total>
				<timestamp>923.217623</timestamp>
			</report>
			<report>
				<misses>4019001</misses>
				<total>59</total>
				<timestamp>923.447433</timestamp>
			</report>
			<report>
				<misses>4020001</misses>
				<total>58</total>
				<timestamp>923.677227</timestamp>
			</report>
			<report>
				<misses>4021001</misses>
				<total>59</total>
				<timestamp>923.906993</timestamp>
			</report>
			<report>
				<misses>4022001</misses>
				<total>59</total>
				<timestamp>924.136779</timestamp>
			</report>
			<report>
				<misses>4023001</misses>
				<total>58</total>
				<timestamp>924.366492</timestamp>
			</report>
			<report>
				<misses>4024001</misses>
				<total>59</total>
				<timestamp>924.596365</timestamp>
			</report>
			<report>
				<misses>4025001</misses>
				<total>59</total>
				<timestamp>924.826052</timestamp>
			</report>
			<report>
				<misses>4026001</misses>
				<total>59</total>
				<timestamp>925.055789</timestamp>
			</report>
			<report>
				<misses>4027001</misses>
				<total>59</total>
				<timestamp>925.285563</timestamp>
			</report>
			<report>
				<misses>4028001</misses>
				<total>59</total>
				<timestamp>925.515343</timestamp>
			</report>
			<report>
				<misses>4029001</misses>
				<total>59</total>
				<timestamp>925.745111</timestamp>
			</report>
			<report>
				<misses>4030001</misses>
				<total>59</total>
				<timestamp>925.974903</timestamp>
			</report>
			<report>
				<misses>4031001</misses>
				<total>59</total>
				<timestamp>926.204641</timestamp>
			</report>
			<report>
				<misses>4032001</misses>
				<total>59</total>
				<timestamp>926.434467</timestamp>
			</report>
			<report>
				<misses>4033001</misses>
				<total>59</total>
				<timestamp>926.664263</timestamp>
			</report>
			<report>
				<misses>4034001</misses>
				<total>59</total>
				<timestamp>926.893984</timestamp>
			</report>
			<report>
				<misses>4035001</misses>
				<total>59</total>
				<timestamp>927.123741</timestamp>
			</report>
			<report>
				<misses>4036001</misses>
				<total>59</total>
				<timestamp>927.353491</timestamp>
			</report>
			<report>
				<misses>4037001</misses>
				<total>59</total>
				<timestamp>927.583306</timestamp>
			</report>
			<report>
				<misses>4038001</misses>
				<total>59</total>
				<timestamp>927.813087</timestamp>
			</report>
			<report>
				<misses>4039001</misses>
				<total>58</total>
				<timestamp>928.042825</timestamp>
			</report>
			<report>
				<misses>4040001</misses>
				<total>59</total>
				<timestamp>928.272573</timestamp>
			</report>
			<report>
				<misses>4041001</misses>
				<total>59</total>
				<timestamp>928.502408</timestamp>
			</report>
			<report>
				<misses>4042001</misses>
				<total>59</total>
				<timestamp>928.732124</timestamp>
			</report>
			<report>
				<misses>4043001</misses>
				<total>59</total>
				<timestamp>928.961968</timestamp>
			</report>
			<report>
				<misses>4044001</misses>
				<total>59</total>
				<timestamp>929.191661</timestamp>
			</report>
			<report>
				<misses>4045001</misses>
				<total>59</total>
				<timestamp>929.421418</timestamp>
			</report>
			<report>
				<misses>4046001</misses>
				<total>59</total>
				<timestamp>929.651220</timestamp>
			</report>
			<report>
				<misses>4047001</misses>
				<total>59</total>
				<timestamp>929.880985</timestamp>
			</report>
			<report>
				<misses>4048001</misses>
				<total>59</total>
				<timestamp>930.110744</timestamp>
			</report>
			<report>
				<misses>4049001</misses>
				<total>59</total>
				<timestamp>930.340542</timestamp>
			</report>
			<report>
				<misses>4050001</misses>
				<total>59</total>
				<timestamp>930.570304</timestamp>
			</report>
			<report>
				<misses>4051001</misses>
				<total>59</total>
				<timestamp>930.800048</timestamp>
			</report>
			<report>
				<misses>4052001</misses>
				<total>59</total>
				<timestamp>931.029829</timestamp>
			</report>
			<report>
				<misses>4053001</misses>
				<total>59</total>
				<timestamp>931.259592</timestamp>
			</report>
			<report>
				<misses>4054001</misses>
				<total>59</total>
				<timestamp>931.489412</timestamp>
			</report>
			<report>
				<misses>4055001</misses>
				<total>61</total>
				<timestamp>931.719123</timestamp>
			</report>
			<report>
				<misses>4056001</misses>
				<total>61</total>
				<timestamp>931.948955</timestamp>
			</report>
			<report>
				<misses>4057001</misses>
				<total>60</total>
				<timestamp>932.178667</timestamp>
			</report>
			<report>
				<misses>4058001</misses>
				<total>61</total>
				<timestamp>932.408441</timestamp>
			</report>
			<report>
				<misses>4059001</misses>
				<total>61</total>
				<timestamp>932.638202</timestamp>
			</report>
			<report>
				<misses>4060001</misses>
				<total>61</total>
				<timestamp>932.868030</timestamp>
			</report>
			<report>
				<misses>4061001</misses>
				<total>61</total>
				<timestamp>933.097805</timestamp>
			</report>
			<report>
				<misses>4062001</misses>
				<total>61</total>
				<timestamp>933.327533</timestamp>
			</report>
			<report>
				<misses>4063001</misses>
				<total>61</total>
				<timestamp>933.557355</timestamp>
			</report>
			<report>
				<misses>4064001</misses>
				<total>61</total>
				<timestamp>933.787068</timestamp>
			</report>
			<report>
				<misses>4065001</misses>
				<total>61</total>
				<timestamp>934.016906</timestamp>
			</report>
			<report>
				<misses>4066001</misses>
				<total>61</total>
				<timestamp>934.246609</timestamp>
			</report>
			<report>
				<misses>4067001</misses>
				<total>61</total>
				<timestamp>934.476378</timestamp>
			</report>
			<report>
				<misses>4068001</misses>
				<total>61</total>
				<timestamp>934.706221</timestamp>
			</report>
			<report>
				<misses>4069001</misses>
				<total>61</total>
				<timestamp>934.935933</timestamp>
			</report>
			<report>
				<misses>4070001</misses>
				<total>61</total>
				<timestamp>935.165675</timestamp>
			</report>
			<report>
				<misses>4071001</misses>
				<total>61</total>
				<timestamp>935.395455</timestamp>
			</report>
			<report>
				<misses>4072001</misses>
				<total>61</total>
				<timestamp>935.625276</timestamp>
			</report>
			<report>
				<misses>4073001</misses>
				<total>61</total>
				<timestamp>935.855005</timestamp>
			</report>
			<report>
				<misses>4074001</misses>
				<total>60</total>
				<timestamp>936.084825</timestamp>
			</report>
			<report>
				<misses>4075001</misses>
				<total>61</total>
				<timestamp>936.314514</timestamp>
			</report>
			<report>
				<misses>4076001</misses>
				<total>61</total>
				<timestamp>936.544293</timestamp>
			</report>
			<report>
				<misses>4077001</misses>
				<total>61</total>
				<timestamp>936.774070</timestamp>
			</report>
			<report>
				<misses>4078001</misses>
				<total>61</total>
				<timestamp>937.003892</timestamp>
			</report>
			<report>
				<misses>4079001</misses>
				<total>61</total>
				<timestamp>937.233607</timestamp>
			</report>
			<report>
				<misses>4080001</misses>
				<total>61</total>
				<timestamp>937.463386</timestamp>
			</report>
			<report>
				<misses>4081001</misses>
				<total>61</total>
				<timestamp>937.693148</timestamp>
			</report>
			<report>
				<misses>4082001</misses>
				<total>61</total>
				<timestamp>937.922939</timestamp>
			</report>
			<report>
				<misses>4083001</misses>
				<total>61</total>
				<timestamp>938.152683</timestamp>
			</report>
			<report>
				<misses>4084001</misses>
				<total>61</total>
				<timestamp>938.382470</timestamp>
			</report>
			<report>
				<misses>4085001</misses>
				<total>61</total>
				<timestamp>938.612262</timestamp>
			</report>
			<report>
				<misses>4086001</misses>
				<total>61</total>
				<timestamp>938.842003</timestamp>
			</report>
			<report>
				<misses>4087001</misses>
				<total>61</total>
				<timestamp>939.071826</timestamp>
			</report>
			<report>
				<misses>4088001</misses>
				<total>61</total>
				<timestamp>939.301531</timestamp>
			</report>
			<report>
				<misses>4089001</misses>
				<total>61</total>
				<timestamp>939.531306</timestamp>
			</report>
			<report>
				<misses>4090001</misses>
				<total>61</total>
				<timestamp>939.761087</timestamp>
			</report>
			<report>
				<misses>4091001</misses>
				<total>61</total>
				<timestamp>939.990875</timestamp>
			</report>
			<report>
				<misses>4092001</misses>
				<total>61</total>
				<timestamp>940.220629</timestamp>
			</report>
			<report>
				<misses>4093001</misses>
				<total>61</total>
				<timestamp>940.450434</timestamp>
			</report>
			<report>
				<misses>4094001</misses>
				<total>61</total>
				<timestamp>940.680211</timestamp>
			</report>
			<report>
				<misses>4095001</misses>
				<total>61</total>
				<timestamp>940.909929</timestamp>
			</report>
			<report>
				<misses>4096001</misses>
				<total>61</total>
				<timestamp>941.139736</timestamp>
			</report>
			<report>
				<misses>4097001</misses>
				<total>61</total>
				<timestamp>941.369472</timestamp>
			</report>
			<report>
				<misses>4098001</misses>
				<total>61</total>
				<timestamp>941.599282</timestamp>
			</report>
			<report>
				<misses>4099001</misses>
				<total>61</total>
				<timestamp>941.829039</timestamp>
			</report>
			<report>
				<misses>4100001</misses>
				<total>61</total>
				<timestamp>942.058810</timestamp>
			</report>
			<report>
				<misses>4101001</misses>
				<total>61</total>
				<timestamp>942.288538</timestamp>
			</report>
			<report>
				<misses>4102001</misses>
				<total>61</total>
				<timestamp>942.518365</timestamp>
			</report>
			<report>
				<misses>4103001</misses>
				<total>61</total>
				<timestamp>942.748089</timestamp>
			</report>
			<report>
				<misses>4104001</misses>
				<total>61</total>
				<timestamp>942.977859</timestamp>
			</report>
			<report>
				<misses>4105001</misses>
				<total>61</total>
				<timestamp>943.207622</timestamp>
			</report>
			<report>
				<misses>4106001</misses>
				<total>61</total>
				<timestamp>943.437394</timestamp>
			</report>
			<report>
				<misses>4107001</misses>
				<total>61</total>
				<timestamp>943.667209</timestamp>
			</report>
			<report>
				<misses>4108001</misses>
				<total>61</total>
				<timestamp>943.896961</timestamp>
			</report>
			<report>
				<misses>4109001</misses>
				<total>60</total>
				<timestamp>944.126760</timestamp>
			</report>
			<report>
				<misses>4110001</misses>
				<total>61</total>
				<timestamp>944.356482</timestamp>
			</report>
			<report>
				<misses>4111001</misses>
				<total>61</total>
				<timestamp>944.586360</timestamp>
			</report>
			<report>
				<misses>4112001</misses>
				<total>61</total>
				<timestamp>944.816054</timestamp>
			</report>
			<report>
				<misses>4113001</misses>
				<total>61</total>
				<timestamp>945.045839</timestamp>
			</report>
			<report>
				<misses>4114001</misses>
				<total>61</total>
				<timestamp>945.275554</timestamp>
			</report>
			<report>
				<misses>4115001</misses>
				<total>61</total>
				<timestamp>945.505323</timestamp>
			</report>
			<report>
				<misses>4116001</misses>
				<total>61</total>
				<timestamp>945.735084</timestamp>
			</report>
			<report>
				<misses>4117001</misses>
				<total>61</total>
				<timestamp>945.964977</timestamp>
			</report>
			<report>
				<misses>4118001</misses>
				<total>61</total>
				<timestamp>946.194685</timestamp>
			</report>
			<report>
				<misses>4119001</misses>
				<total>61</total>
				<timestamp>946.424394</timestamp>
			</report>
			<report>
				<misses>4120001</misses>
				<total>61</total>
				<timestamp>946.654185</timestamp>
			</report>
			<report>
				<misses>4121001</misses>
				<total>61</total>
				<timestamp>946.883949</timestamp>
			</report>
			<report>
				<misses>4122001</misses>
				<total>61</total>
				<timestamp>947.113762</timestamp>
			</report>
			<report>
				<misses>4123001</misses>
				<total>61</total>
				<timestamp>947.343496</timestamp>
			</report>
			<report>
				<misses>4124001</misses>
				<total>61</total>
				<timestamp>947.573254</timestamp>
			</report>
			<report>
				<misses>4125001</misses>
				<total>61</total>
				<timestamp>947.803036</timestamp>
			</report>
			<report>
				<misses>4126001</misses>
				<total>61</total>
				<timestamp>948.032874</timestamp>
			</report>
			<report>
				<misses>4127001</misses>
				<total>61</total>
				<timestamp>948.262553</timestamp>
			</report>
			<report>
				<misses>4128001</misses>
				<total>61</total>
				<timestamp>948.492407</timestamp>
			</report>
			<report>
				<misses>4129001</misses>
				<total>61</total>
				<timestamp>948.722198</timestamp>
			</report>
			<report>
				<misses>4130001</misses>
				<total>61</total>
				<timestamp>948.951919</timestamp>
			</report>
			<report>
				<misses>4131001</misses>
				<total>61</total>
				<timestamp>949.181650</timestamp>
			</report>
			<report>
				<misses>4132001</misses>
				<total>61</total>
				<timestamp>949.411444</timestamp>
			</report>
			<report>
				<misses>4133001</misses>
				<total>61</total>
				<timestamp>949.641232</timestamp>
			</report>
			<report>
				<misses>4134001</misses>
				<total>61</total>
				<timestamp>949.870964</timestamp>
			</report>
			<report>
				<misses>4135001</misses>
				<total>61</total>
				<timestamp>950.100744</timestamp>
			</report>
			<report>
				<misses>4136001</misses>
				<total>61</total>
				<timestamp>950.330504</timestamp>
			</report>
			<report>
				<misses>4137001</misses>
				<total>61</total>
				<timestamp>950.560298</timestamp>
			</report>
			<report>
				<misses>4138001</misses>
				<total>61</total>
				<timestamp>950.790132</timestamp>
			</report>
			<report>
				<misses>4139001</misses>
				<total>61</total>
				<timestamp>951.019843</timestamp>
			</report>
			<report>
				<misses>4140001</misses>
				<total>61</total>
				<timestamp>951.249601</timestamp>
			</report>
			<report>
				<misses>4141001</misses>
				<total>61</total>
				<timestamp>951.479354</timestamp>
			</report>
			<report>
				<misses>4142001</misses>
				<total>61</total>
				<timestamp>951.709189</timestamp>
			</report>
			<report>
				<misses>4143001</misses>
				<total>61</total>
				<timestamp>951.938918</timestamp>
			</report>
			<report>
				<misses>4144001</misses>
				<total>61</total>
				<timestamp>952.168656</timestamp>
			</report>
			<report>
				<misses>4145001</misses>
				<total>61</total>
				<timestamp>952.398424</timestamp>
			</report>
			<report>
				<misses>4146001</misses>
				<total>61</total>
				<timestamp>952.628204</timestamp>
			</report>
			<report>
				<misses>4147001</misses>
				<total>61</total>
				<timestamp>952.857975</timestamp>
			</report>
			<report>
				<misses>4148001</misses>
				<total>61</total>
				<timestamp>953.087801</timestamp>
			</report>
			<report>
				<misses>4149001</misses>
				<total>61</total>
				<timestamp>953.317507</timestamp>
			</report>
			<report>
				<misses>4150001</misses>
				<total>61</total>
				<timestamp>953.547303</timestamp>
			</report>
			<report>
				<misses>4151001</misses>
				<total>61</total>
				<timestamp>953.777057</timestamp>
			</report>
			<report>
				<misses>4152001</misses>
				<total>61</total>
				<timestamp>954.006824</timestamp>
			</report>
			<report>
				<misses>4153001</misses>
				<total>61</total>
				<timestamp>954.236578</timestamp>
			</report>
			<report>
				<misses>4154001</misses>
				<total>61</total>
				<timestamp>954.466346</timestamp>
			</report>
			<report>
				<misses>4155001</misses>
				<total>61</total>
				<timestamp>954.696157</timestamp>
			</report>
			<report>
				<misses>4156001</misses>
				<total>61</total>
				<timestamp>954.925958</timestamp>
			</report>
			<report>
				<misses>4157001</misses>
				<total>61</total>
				<timestamp>955.155693</timestamp>
			</report>
			<report>
				<misses>4158001</misses>
				<total>61</total>
				<timestamp>955.385474</timestamp>
			</report>
			<report>
				<misses>4159001</misses>
				<total>61</total>
				<timestamp>955.615215</timestamp>
			</report>
			<report>
				<misses>4160001</misses>
				<total>61</total>
				<timestamp>955.844972</timestamp>
			</report>
			<report>
				<misses>4161001</misses>
				<total>61</total>
				<timestamp>956.074825</timestamp>
			</report>
			<report>
				<misses>4162001</misses>
				<total>61</total>
				<timestamp>956.304515</timestamp>
			</report>
			<report>
				<misses>4163001</misses>
				<total>61</total>
				<timestamp>956.534291</timestamp>
			</report>
			<report>
				<misses>4164001</misses>
				<total>61</total>
				<timestamp>956.764125</timestamp>
			</report>
			<report>
				<misses>4165001</misses>
				<total>61</total>
				<timestamp>956.993863</timestamp>
			</report>
			<report>
				<misses>4166001</misses>
				<total>61</total>
				<timestamp>957.223596</timestamp>
			</report>
			<report>
				<misses>4167001</misses>
				<total>60</total>
				<timestamp>957.453397</timestamp>
			</report>
			<report>
				<misses>4168001</misses>
				<total>61</total>
				<timestamp>957.683136</timestamp>
			</report>
			<report>
				<misses>4169001</misses>
				<total>61</total>
				<timestamp>957.912915</timestamp>
			</report>
			<report>
				<misses>4170001</misses>
				<total>61</total>
				<timestamp>958.142702</timestamp>
			</report>
			<report>
				<misses>4171001</misses>
				<total>61</total>
				<timestamp>958.372441</timestamp>
			</report>
			<report>
				<misses>4172001</misses>
				<total>61</total>
				<timestamp>958.602282</timestamp>
			</report>
			<report>
				<misses>4173001</misses>
				<total>61</total>
				<timestamp>958.832001</timestamp>
			</report>
			<report>
				<misses>4174001</misses>
				<total>60</total>
				<timestamp>959.061787</timestamp>
			</report>
			<report>
				<misses>4175001</misses>
				<total>61</total>
				<timestamp>959.291532</timestamp>
			</report>
			<report>
				<misses>4176001</misses>
				<total>61</total>
				<timestamp>959.521293</timestamp>
			</report>
			<report>
				<misses>4177001</misses>
				<total>61</total>
				<timestamp>959.751120</timestamp>
			</report>
			<report>
				<misses>4178001</misses>
				<total>60</total>
				<timestamp>959.980901</timestamp>
			</report>
			<report>
				<misses>4179001</misses>
				<total>61</total>
				<timestamp>960.210598</timestamp>
			</report>
			<report>
				<misses>4180001</misses>
				<total>61</total>
				<timestamp>960.440372</timestamp>
			</report>
			<report>
				<misses>4181001</misses>
				<total>61</total>
				<timestamp>960.670155</timestamp>
			</report>
			<report>
				<misses>4182001</misses>
				<total>61</total>
				<timestamp>960.899930</timestamp>
			</report>
			<report>
				<misses>4183001</misses>
				<total>61</total>
				<timestamp>961.129717</timestamp>
			</report>
			<report>
				<misses>4184001</misses>
				<total>61</total>
				<timestamp>961.359467</timestamp>
			</report>
			<report>
				<misses>4185001</misses>
				<total>61</total>
				<timestamp>961.589248</timestamp>
			</report>
			<report>
				<misses>4186001</misses>
				<total>61</total>
				<timestamp>961.819074</timestamp>
			</report>
			<report>
				<misses>4187001</misses>
				<total>61</total>
				<timestamp>962.048790</timestamp>
			</report>
			<report>
				<misses>4188001</misses>
				<total>61</total>
				<timestamp>962.278531</timestamp>
			</report>
			<report>
				<misses>4189001</misses>
				<total>61</total>
				<timestamp>962.508305</timestamp>
			</report>
			<report>
				<misses>4190001</misses>
				<total>61</total>
				<timestamp>962.738091</timestamp>
			</report>
			<report>
				<misses>4191001</misses>
				<total>61</total>
				<timestamp>962.967850</timestamp>
			</report>
			<report>
				<misses>4192001</misses>
				<total>61</total>
				<timestamp>963.197682</timestamp>
			</report>
			<report>
				<misses>4193001</misses>
				<total>61</total>
				<timestamp>963.427474</timestamp>
			</report>
			<report>
				<misses>4194001</misses>
				<total>61</total>
				<timestamp>963.657156</timestamp>
			</report>
			<report>
				<misses>4195001</misses>
				<total>61</total>
				<timestamp>963.886988</timestamp>
			</report>
			<report>
				<misses>4196001</misses>
				<total>61</total>
				<timestamp>964.116721</timestamp>
			</report>
			<report>
				<misses>4197001</misses>
				<total>61</total>
				<timestamp>964.346469</timestamp>
			</report>
			<report>
				<misses>4198001</misses>
				<total>61</total>
				<timestamp>964.576255</timestamp>
			</report>
			<report>
				<misses>4199001</misses>
				<total>61</total>
				<timestamp>964.806058</timestamp>
			</report>
			<report>
				<misses>4200001</misses>
				<total>61</total>
				<timestamp>965.035799</timestamp>
			</report>
			<report>
				<misses>4201001</misses>
				<total>60</total>
				<timestamp>965.265560</timestamp>
			</report>
			<report>
				<misses>4202001</misses>
				<total>61</total>
				<timestamp>965.495347</timestamp>
			</report>
			<report>
				<misses>4203001</misses>
				<total>62</total>
				<timestamp>965.725131</timestamp>
			</report>
			<report>
				<misses>4204001</misses>
				<total>62</total>
				<timestamp>965.954851</timestamp>
			</report>
			<report>
				<misses>4205001</misses>
				<total>62</total>
				<timestamp>966.184630</timestamp>
			</report>
			<report>
				<misses>4206001</misses>
				<total>61</total>
				<timestamp>966.414418</timestamp>
			</report>
			<report>
				<misses>4207001</misses>
				<total>62</total>
				<timestamp>966.644192</timestamp>
			</report>
			<report>
				<misses>4208001</misses>
				<total>62</total>
				<timestamp>966.874017</timestamp>
			</report>
			<report>
				<misses>4209001</misses>
				<total>62</total>
				<timestamp>967.103717</timestamp>
			</report>
			<report>
				<misses>4210001</misses>
				<total>62</total>
				<timestamp>967.333483</timestamp>
			</report>
			<report>
				<misses>4211001</misses>
				<total>62</total>
				<timestamp>967.563279</timestamp>
			</report>
			<report>
				<misses>4212001</misses>
				<total>62</total>
				<timestamp>967.793039</timestamp>
			</report>
			<report>
				<misses>4213001</misses>
				<total>62</total>
				<timestamp>968.022897</timestamp>
			</report>
			<report>
				<misses>4214001</misses>
				<total>62</total>
				<timestamp>968.252597</timestamp>
			</report>
			<report>
				<misses>4215001</misses>
				<total>62</total>
				<timestamp>968.482335</timestamp>
			</report>
			<report>
				<misses>4216001</misses>
				<total>62</total>
				<timestamp>968.712139</timestamp>
			</report>
			<report>
				<misses>4217001</misses>
				<total>62</total>
				<timestamp>968.941886</timestamp>
			</report>
			<report>
				<misses>4218001</misses>
				<total>62</total>
				<timestamp>969.171720</timestamp>
			</report>
			<report>
				<misses>4219001</misses>
				<total>62</total>
				<timestamp>969.401470</timestamp>
			</report>
			<report>
				<misses>4220001</misses>
				<total>62</total>
				<timestamp>969.631213</timestamp>
			</report>
			<report>
				<misses>4221001</misses>
				<total>62</total>
				<timestamp>969.861003</timestamp>
			</report>
			<report>
				<misses>4222001</misses>
				<total>62</total>
				<timestamp>970.090857</timestamp>
			</report>
			<report>
				<misses>4223001</misses>
				<total>62</total>
				<timestamp>970.320574</timestamp>
			</report>
			<report>
				<misses>4224001</misses>
				<total>62</total>
				<timestamp>970.550280</timestamp>
			</report>
			<report>
				<misses>4225001</misses>
				<total>62</total>
				<timestamp>970.780026</timestamp>
			</report>
			<report>
				<misses>4226001</misses>
				<total>62</total>
				<timestamp>971.009830</timestamp>
			</report>
			<report>
				<misses>4227001</misses>
				<total>62</total>
				<timestamp>971.239650</timestamp>
			</report>
			<report>
				<misses>4228001</misses>
				<total>62</total>
				<timestamp>971.469334</timestamp>
			</report>
			<report>
				<misses>4229001</misses>
				<total>62</total>
				<timestamp>971.699134</timestamp>
			</report>
			<report>
				<misses>4230001</misses>
				<total>62</total>
				<timestamp>971.928968</timestamp>
			</report>
			<report>
				<misses>4231001</misses>
				<total>62</total>
				<timestamp>972.158667</timestamp>
			</report>
			<report>
				<misses>4232001</misses>
				<total>62</total>
				<timestamp>972.388451</timestamp>
			</report>
			<report>
				<misses>4233001</misses>
				<total>62</total>
				<timestamp>972.618187</timestamp>
			</report>
			<report>
				<misses>4234001</misses>
				<total>62</total>
				<timestamp>972.848038</timestamp>
			</report>
			<report>
				<misses>4235001</misses>
				<total>62</total>
				<timestamp>973.077751</timestamp>
			</report>
			<report>
				<misses>4236001</misses>
				<total>62</total>
				<timestamp>973.307516</timestamp>
			</report>
			<report>
				<misses>4237001</misses>
				<total>62</total>
				<timestamp>973.537274</timestamp>
			</report>
			<report>
				<misses>4238001</misses>
				<total>62</total>
				<timestamp>973.767061</timestamp>
			</report>
			<report>
				<misses>4239001</misses>
				<total>62</total>
				<timestamp>973.996815</timestamp>
			</report>
			<report>
				<misses>4240001</misses>
				<total>62</total>
				<timestamp>974.226579</timestamp>
			</report>
			<report>
				<misses>4241001</misses>
				<total>62</total>
				<timestamp>974.456353</timestamp>
			</report>
			<report>
				<misses>4242001</misses>
				<total>62</total>
				<timestamp>974.686131</timestamp>
			</report>
			<report>
				<misses>4243001</misses>
				<total>62</total>
				<timestamp>974.915906</timestamp>
			</report>
			<report>
				<misses>4244001</misses>
				<total>62</total>
				<timestamp>975.145682</timestamp>
			</report>
			<report>
				<misses>4245001</misses>
				<total>62</total>
				<timestamp>975.375425</timestamp>
			</report>
			<report>
				<misses>4246001</misses>
				<total>62</total>
				<timestamp>975.605206</timestamp>
			</report>
			<report>
				<misses>4247001</misses>
				<total>61</total>
				<timestamp>975.834978</timestamp>
			</report>
			<report>
				<misses>4248001</misses>
				<total>62</total>
				<timestamp>976.064806</timestamp>
			</report>
			<report>
				<misses>4249001</misses>
				<total>62</total>
				<timestamp>976.294528</timestamp>
			</report>
			<report>
				<misses>4250001</misses>
				<total>62</total>
				<timestamp>976.524331</timestamp>
			</report>
			<report>
				<misses>4251001</misses>
				<total>63</total>
				<timestamp>976.754051</timestamp>
			</report>
			<report>
				<misses>4252001</misses>
				<total>63</total>
				<timestamp>976.983819</timestamp>
			</report>
			<report>
				<misses>4253001</misses>
				<total>63</total>
				<timestamp>977.213646</timestamp>
			</report>
			<report>
				<misses>4254001</misses>
				<total>63</total>
				<timestamp>977.443359</timestamp>
			</report>
			<report>
				<misses>4255001</misses>
				<total>63</total>
				<timestamp>977.673137</timestamp>
			</report>
			<report>
				<misses>4256001</misses>
				<total>63</total>
				<timestamp>977.902919</timestamp>
			</report>
			<report>
				<misses>4257001</misses>
				<total>63</total>
				<timestamp>978.132734</timestamp>
			</report>
			<report>
				<misses>4258001</misses>
				<total>63</total>
				<timestamp>978.362468</timestamp>
			</report>
			<report>
				<misses>4259001</misses>
				<total>63</total>
				<timestamp>978.592209</timestamp>
			</report>
			<report>
				<misses>4260001</misses>
				<total>63</total>
				<timestamp>978.821974</timestamp>
			</report>
			<report>
				<misses>4261001</misses>
				<total>63</total>
				<timestamp>979.051759</timestamp>
			</report>
			<report>
				<misses>4262001</misses>
				<total>63</total>
				<timestamp>979.281550</timestamp>
			</report>
			<report>
				<misses>4263001</misses>
				<total>63</total>
				<timestamp>979.511337</timestamp>
			</report>
			<report>
				<misses>4264001</misses>
				<total>63</total>
				<timestamp>979.741084</timestamp>
			</report>
			<report>
				<misses>4265001</misses>
				<total>63</total>
				<timestamp>979.970849</timestamp>
			</report>
			<report>
				<misses>4266001</misses>
				<total>63</total>
				<timestamp>980.200655</timestamp>
			</report>
			<report>
				<misses>4267001</misses>
				<total>63</total>
				<timestamp>980.430373</timestamp>
			</report>
			<report>
				<misses>4268001</misses>
				<total>63</total>
				<timestamp>980.660217</timestamp>
			</report>
			<report>
				<misses>4269001</misses>
				<total>63</total>
				<timestamp>980.889935</timestamp>
			</report>
			<report>
				<misses>4270001</misses>
				<total>63</total>
				<timestamp>981.119692</timestamp>
			</report>
			<report>
				<misses>4271001</misses>
				<total>63</total>
				<timestamp>981.349450</timestamp>
			</report>
			<report>
				<misses>4272001</misses>
				<total>63</total>
				<timestamp>981.579206</timestamp>
			</report>
			<report>
				<misses>4273001</misses>
				<total>63</total>
				<timestamp>981.809033</timestamp>
			</report>
			<report>
				<misses>4274001</misses>
				<total>63</total>
				<timestamp>982.038759</timestamp>
			</report>
			<report>
				<misses>4275001</misses>
				<total>63</total>
				<timestamp>982.268544</timestamp>
			</report>
			<report>
				<misses>4276001</misses>
				<total>63</total>
				<timestamp>982.498313</timestamp>
			</report>
			<report>
				<misses>4277001</misses>
				<total>63</total>
				<timestamp>982.728135</timestamp>
			</report>
			<report>
				<misses>4278001</misses>
				<total>63</total>
				<timestamp>982.957827</timestamp>
			</report>
			<report>
				<misses>4279001</misses>
				<total>63</total>
				<timestamp>983.187591</timestamp>
			</report>
			<report>
				<misses>4280001</misses>
				<total>63</total>
				<timestamp>983.417368</timestamp>
			</report>
			<report>
				<misses>4281001</misses>
				<total>63</total>
				<timestamp>983.647195</timestamp>
			</report>
			<report>
				<misses>4282001</misses>
				<total>62</total>
				<timestamp>983.877015</timestamp>
			</report>
			<report>
				<misses>4283001</misses>
				<total>63</total>
				<timestamp>984.106678</timestamp>
			</report>
			<report>
				<misses>4284001</misses>
				<total>63</total>
				<timestamp>984.336454</timestamp>
			</report>
			<report>
				<misses>4285001</misses>
				<total>63</total>
				<timestamp>984.566228</timestamp>
			</report>
			<report>
				<misses>4286001</misses>
				<total>63</total>
				<timestamp>984.796004</timestamp>
			</report>
			<report>
				<misses>4287001</misses>
				<total>63</total>
				<timestamp>985.025824</timestamp>
			</report>
			<report>
				<misses>4288001</misses>
				<total>63</total>
				<timestamp>985.255639</timestamp>
			</report>
			<report>
				<misses>4289001</misses>
				<total>63</total>
				<timestamp>985.485340</timestamp>
			</report>
			<report>
				<misses>4290001</misses>
				<total>63</total>
				<timestamp>985.715111</timestamp>
			</report>
			<report>
				<misses>4291001</misses>
				<total>63</total>
				<timestamp>985.944985</timestamp>
			</report>
			<report>
				<misses>4292001</misses>
				<total>63</total>
				<timestamp>986.174622</timestamp>
			</report>
			<report>
				<misses>4293001</misses>
				<total>63</total>
				<timestamp>986.404403</timestamp>
			</report>
			<report>
				<misses>4294001</misses>
				<total>63</total>
				<timestamp>986.634274</timestamp>
			</report>
			<report>
				<misses>4295001</misses>
				<total>63</total>
				<timestamp>986.863960</timestamp>
			</report>
			<report>
				<misses>4296001</misses>
				<total>63</total>
				<timestamp>987.093702</timestamp>
			</report>
			<report>
				<misses>4297001</misses>
				<total>63</total>
				<timestamp>987.323603</timestamp>
			</report>
			<report>
				<misses>4298001</misses>
				<total>63</total>
				<timestamp>987.553246</timestamp>
			</report>
			<report>
				<misses>4299001</misses>
				<total>63</total>
				<timestamp>987.783056</timestamp>
			</report>
			<report>
				<misses>4300001</misses>
				<total>63</total>
				<timestamp>988.012793</timestamp>
			</report>
			<report>
				<misses>4301001</misses>
				<total>63</total>
				<timestamp>988.242647</timestamp>
			</report>
			<report>
				<misses>4302001</misses>
				<total>63</total>
				<timestamp>988.472334</timestamp>
			</report>
			<report>
				<misses>4303001</misses>
				<total>63</total>
				<timestamp>988.702134</timestamp>
			</report>
			<report>
				<misses>4304001</misses>
				<total>63</total>
				<timestamp>988.931887</timestamp>
			</report>
			<report>
				<misses>4305001</misses>
				<total>63</total>
				<timestamp>989.161673</timestamp>
			</report>
			<report>
				<misses>4306001</misses>
				<total>63</total>
				<timestamp>989.391394</timestamp>
			</report>
			<report>
				<misses>4307001</misses>
				<total>63</total>
				<timestamp>989.621158</timestamp>
			</report>
			<report>
				<misses>4308001</misses>
				<total>63</total>
				<timestamp>989.851019</timestamp>
			</report>
			<report>
				<misses>4309001</misses>
				<total>63</total>
				<timestamp>990.080778</timestamp>
			</report>
			<report>
				<misses>4310001</misses>
				<total>62</total>
				<timestamp>990.310544</timestamp>
			</report>
			<report>
				<misses>4311001</misses>
				<total>63</total>
				<timestamp>990.540328</timestamp>
			</report>
			<report>
				<misses>4312001</misses>
				<total>63</total>
				<timestamp>990.770022</timestamp>
			</report>
			<report>
				<misses>4313001</misses>
				<total>64</total>
				<timestamp>990.999782</timestamp>
			</report>
			<report>
				<misses>4314001</misses>
				<total>64</total>
				<timestamp>991.229613</timestamp>
			</report>
			<report>
				<misses>4315001</misses>
				<total>64</total>
				<timestamp>991.459346</timestamp>
			</report>
			<report>
				<misses>4316001</misses>
				<total>64</total>
				<timestamp>991.689135</timestamp>
			</report>
			<report>
				<misses>4317001</misses>
				<total>64</total>
				<timestamp>991.918883</timestamp>
			</report>
			<report>
				<misses>4318001</misses>
				<total>64</total>
				<timestamp>992.148652</timestamp>
			</report>
			<report>
				<misses>4319001</misses>
				<total>64</total>
				<timestamp>992.378419</timestamp>
			</report>
			<report>
				<misses>4320001</misses>
				<total>64</total>
				<timestamp>992.608241</timestamp>
			</report>
			<report>
				<misses>4321001</misses>
				<total>64</total>
				<timestamp>992.838035</timestamp>
			</report>
			<report>
				<misses>4322001</misses>
				<total>64</total>
				<timestamp>993.067732</timestamp>
			</report>
			<report>
				<misses>4323001</misses>
				<total>64</total>
				<timestamp>993.297519</timestamp>
			</report>
			<report>
				<misses>4324001</misses>
				<total>64</total>
				<timestamp>993.527254</timestamp>
			</report>
			<report>
				<misses>4325001</misses>
				<total>64</total>
				<timestamp>993.757054</timestamp>
			</report>
			<report>
				<misses>4326001</misses>
				<total>65</total>
				<timestamp>993.986806</timestamp>
			</report>
			<report>
				<misses>4327001</misses>
				<total>65</total>
				<timestamp>994.216633</timestamp>
			</report>
			<report>
				<misses>4328001</misses>
				<total>65</total>
				<timestamp>994.446329</timestamp>
			</report>
			<report>
				<misses>4329001</misses>
				<total>65</total>
				<timestamp>994.676181</timestamp>
			</report>
			<report>
				<misses>4330001</misses>
				<total>65</total>
				<timestamp>994.905889</timestamp>
			</report>
			<report>
				<misses>4331001</misses>
				<total>65</total>
				<timestamp>995.135649</timestamp>
			</report>
			<report>
				<misses>4332001</misses>
				<total>65</total>
				<timestamp>995.365428</timestamp>
			</report>
			<report>
				<misses>4333001</misses>
				<total>65</total>
				<timestamp>995.595177</timestamp>
			</report>
			<report>
				<misses>4334001</misses>
				<total>65</total>
				<timestamp>995.824978</timestamp>
			</report>
			<report>
				<misses>4335001</misses>
				<total>65</total>
				<timestamp>996.054719</timestamp>
			</report>
			<report>
				<misses>4336001</misses>
				<total>65</total>
				<timestamp>996.284536</timestamp>
			</report>
			<report>
				<misses>4337001</misses>
				<total>65</total>
				<timestamp>996.514269</timestamp>
			</report>
			<report>
				<misses>4338001</misses>
				<total>65</total>
				<timestamp>996.744051</timestamp>
			</report>
			<report>
				<misses>4339001</misses>
				<total>65</total>
				<timestamp>996.973793</timestamp>
			</report>
			<report>
				<misses>4340001</misses>
				<total>65</total>
				<timestamp>997.203608</timestamp>
			</report>
			<report>
				<misses>4341001</misses>
				<total>65</total>
				<timestamp>997.433354</timestamp>
			</report>
			<report>
				<misses>4342001</misses>
				<total>65</total>
				<timestamp>997.663120</timestamp>
			</report>
			<report>
				<misses>4343001</misses>
				<total>65</total>
				<timestamp>997.892987</timestamp>
			</report>
			<report>
				<misses>4344001</misses>
				<total>65</total>
				<timestamp>998.122669</timestamp>
			</report>
			<report>
				<misses>4345001</misses>
				<total>65</total>
				<timestamp>998.352445</timestamp>
			</report>
			<report>
				<misses>4346001</misses>
				<total>65</total>
				<timestamp>998.582211</timestamp>
			</report>
			<report>
				<misses>4347001</misses>
				<total>65</total>
				<timestamp>998.812065</timestamp>
			</report>
			<report>
				<misses>4348001</misses>
				<total>65</total>
				<timestamp>999.041737</timestamp>
			</report>
			<report>
				<misses>4349001</misses>
				<total>65</total>
				<timestamp>999.271519</timestamp>
			</report>
			<report>
				<misses>4350001</misses>
				<total>65</total>
				<timestamp>999.501282</timestamp>
			</report>
			<report>
				<misses>4351001</misses>
				<total>65</total>
				<timestamp>999.731075</timestamp>
			</report>
			<report>
				<misses>4352001</misses>
				<total>65</total>
				<timestamp>999.960812</timestamp>
			</report>
			<report>
				<misses>4353001</misses>
				<total>65</total>
				<timestamp>1000.190636</timestamp>
			</report>
			<report>
				<misses>4354001</misses>
				<total>65</total>
				<timestamp>1000.420346</timestamp>
			</report>
			<report>
				<misses>4355001</misses>
				<total>65</total>
				<timestamp>1000.650136</timestamp>
			</report>
			<report>
				<misses>4356001</misses>
				<total>65</total>
				<timestamp>1000.879943</timestamp>
			</report>
			<report>
				<misses>4357001</misses>
				<total>65</total>
				<timestamp>1001.109674</timestamp>
			</report>
			<report>
				<misses>4358001</misses>
				<total>65</total>
				<timestamp>1001.339513</timestamp>
			</report>
			<report>
				<misses>4359001</misses>
				<total>65</total>
				<timestamp>1001.569213</timestamp>
			</report>
			<report>
				<misses>4360001</misses>
				<total>65</total>
				<timestamp>1001.798973</timestamp>
			</report>
			<report>
				<misses>4361001</misses>
				<total>65</total>
				<timestamp>1002.028741</timestamp>
			</report>
			<report>
				<misses>4362001</misses>
				<total>65</total>
				<timestamp>1002.258517</timestamp>
			</report>
			<report>
				<misses>4363001</misses>
				<total>65</total>
				<timestamp>1002.488287</timestamp>
			</report>
			<report>
				<misses>4364001</misses>
				<total>65</total>
				<timestamp>1002.718075</timestamp>
			</report>
			<report>
				<misses>4365001</misses>
				<total>65</total>
				<timestamp>1002.947841</timestamp>
			</report>
			<report>
				<misses>4366001</misses>
				<total>65</total>
				<timestamp>1003.177621</timestamp>
			</report>
			<report>
				<misses>4367001</misses>
				<total>65</total>
				<timestamp>1003.407376</timestamp>
			</report>
			<report>
				<misses>4368001</misses>
				<total>65</total>
				<timestamp>1003.637137</timestamp>
			</report>
			<report>
				<misses>4369001</misses>
				<total>65</total>
				<timestamp>1003.866970</timestamp>
			</report>
			<report>
				<misses>4370001</misses>
				<total>64</total>
				<timestamp>1004.096682</timestamp>
			</report>
			<report>
				<misses>4371001</misses>
				<total>65</total>
				<timestamp>1004.326512</timestamp>
			</report>
			<report>
				<misses>4372001</misses>
				<total>65</total>
				<timestamp>1004.556240</timestamp>
			</report>
			<report>
				<misses>4373001</misses>
				<total>65</total>
				<timestamp>1004.786022</timestamp>
			</report>
			<report>
				<misses>4374001</misses>
				<total>65</total>
				<timestamp>1005.015769</timestamp>
			</report>
			<report>
				<misses>4375001</misses>
				<total>65</total>
				<timestamp>1005.245603</timestamp>
			</report>
			<report>
				<misses>4376001</misses>
				<total>65</total>
				<timestamp>1005.475302</timestamp>
			</report>
			<report>
				<misses>4377001</misses>
				<total>65</total>
				<timestamp>1005.705089</timestamp>
			</report>
			<report>
				<misses>4378001</misses>
				<total>65</total>
				<timestamp>1005.934856</timestamp>
			</report>
			<report>
				<misses>4379001</misses>
				<total>65</total>
				<timestamp>1006.164636</timestamp>
			</report>
			<report>
				<misses>4380001</misses>
				<total>65</total>
				<timestamp>1006.394404</timestamp>
			</report>
			<report>
				<misses>4381001</misses>
				<total>65</total>
				<timestamp>1006.624161</timestamp>
			</report>
			<report>
				<misses>4382001</misses>
				<total>65</total>
				<timestamp>1006.853994</timestamp>
			</report>
			<report>
				<misses>4383001</misses>
				<total>65</total>
				<timestamp>1007.083702</timestamp>
			</report>
			<report>
				<misses>4384001</misses>
				<total>65</total>
				<timestamp>1007.313491</timestamp>
			</report>
			<report>
				<misses>4385001</misses>
				<total>65</total>
				<timestamp>1007.543217</timestamp>
			</report>
			<report>
				<misses>4386001</misses>
				<total>65</total>
				<timestamp>1007.773033</timestamp>
			</report>
			<report>
				<misses>4387001</misses>
				<total>65</total>
				<timestamp>1008.002763</timestamp>
			</report>
			<report>
				<misses>4388001</misses>
				<total>65</total>
				<timestamp>1008.232561</timestamp>
			</report>
			<report>
				<misses>4389001</misses>
				<total>65</total>
				<timestamp>1008.462339</timestamp>
			</report>
			<report>
				<misses>4390001</misses>
				<total>65</total>
				<timestamp>1008.692096</timestamp>
			</report>
			<report>
				<misses>4391001</misses>
				<total>65</total>
				<timestamp>1008.921872</timestamp>
			</report>
			<report>
				<misses>4392001</misses>
				<total>65</total>
				<timestamp>1009.151618</timestamp>
			</report>
			<report>
				<misses>4393001</misses>
				<total>65</total>
				<timestamp>1009.381455</timestamp>
			</report>
			<report>
				<misses>4394001</misses>
				<total>65</total>
				<timestamp>1009.611206</timestamp>
			</report>
			<report>
				<misses>4395001</misses>
				<total>65</total>
				<timestamp>1009.840949</timestamp>
			</report>
			<report>
				<misses>4396001</misses>
				<total>65</total>
				<timestamp>1010.070705</timestamp>
			</report>
			<report>
				<misses>4397001</misses>
				<total>65</total>
				<timestamp>1010.300545</timestamp>
			</report>
			<report>
				<misses>4398001</misses>
				<total>65</total>
				<timestamp>1010.530244</timestamp>
			</report>
			<report>
				<misses>4399001</misses>
				<total>65</total>
				<timestamp>1010.760033</timestamp>
			</report>
			<report>
				<misses>4400001</misses>
				<total>65</total>
				<timestamp>1010.989777</timestamp>
			</report>
			<report>
				<misses>4401001</misses>
				<total>65</total>
				<timestamp>1011.219559</timestamp>
			</report>
			<report>
				<misses>4402001</misses>
				<total>65</total>
				<timestamp>1011.449322</timestamp>
			</report>
			<report>
				<misses>4403001</misses>
				<total>65</total>
				<timestamp>1011.679100</timestamp>
			</report>
			<report>
				<misses>4404001</misses>
				<total>64</total>
				<timestamp>1011.908861</timestamp>
			</report>
			<report>
				<misses>4405001</misses>
				<total>65</total>
				<timestamp>1012.138621</timestamp>
			</report>
			<report>
				<misses>4406001</misses>
				<total>64</total>
				<timestamp>1012.368453</timestamp>
			</report>
			<report>
				<misses>4407001</misses>
				<total>65</total>
				<timestamp>1012.598169</timestamp>
			</report>
			<report>
				<misses>4408001</misses>
				<total>70</total>
				<timestamp>1012.827936</timestamp>
			</report>
			<report>
				<misses>4409001</misses>
				<total>70</total>
				<timestamp>1013.057723</timestamp>
			</report>
			<report>
				<misses>4410001</misses>
				<total>70</total>
				<timestamp>1013.287484</timestamp>
			</report>
			<report>
				<misses>4411001</misses>
				<total>70</total>
				<timestamp>1013.517320</timestamp>
			</report>
			<report>
				<misses>4412001</misses>
				<total>70</total>
				<timestamp>1013.747065</timestamp>
			</report>
			<report>
				<misses>4413001</misses>
				<total>70</total>
				<timestamp>1013.976806</timestamp>
			</report>
			<report>
				<misses>4414001</misses>
				<total>70</total>
				<timestamp>1014.206578</timestamp>
			</report>
			<report>
				<misses>4415001</misses>
				<total>70</total>
				<timestamp>1014.436364</timestamp>
			</report>
			<report>
				<misses>4416001</misses>
				<total>70</total>
				<timestamp>1014.666095</timestamp>
			</report>
			<report>
				<misses>4417001</misses>
				<total>70</total>
				<timestamp>1014.895917</timestamp>
			</report>
			<report>
				<misses>4418001</misses>
				<total>69</total>
				<timestamp>1015.125707</timestamp>
			</report>
			<report>
				<misses>4419001</misses>
				<total>70</total>
				<timestamp>1015.355430</timestamp>
			</report>
			<report>
				<misses>4420001</misses>
				<total>69</total>
				<timestamp>1015.585203</timestamp>
			</report>
			<report>
				<misses>4421001</misses>
				<total>70</total>
				<timestamp>1015.815019</timestamp>
			</report>
			<report>
				<misses>4422001</misses>
				<total>70</total>
				<timestamp>1016.044738</timestamp>
			</report>
			<report>
				<misses>4423001</misses>
				<total>70</total>
				<timestamp>1016.274495</timestamp>
			</report>
			<report>
				<misses>4424001</misses>
				<total>70</total>
				<timestamp>1016.504255</timestamp>
			</report>
			<report>
				<misses>4425001</misses>
				<total>70</total>
				<timestamp>1016.734101</timestamp>
			</report>
			<report>
				<misses>4426001</misses>
				<total>70</total>
				<timestamp>1016.963798</timestamp>
			</report>
			<report>
				<misses>4427001</misses>
				<total>70</total>
				<timestamp>1017.193567</timestamp>
			</report>
			<report>
				<misses>4428001</misses>
				<total>70</total>
				<timestamp>1017.423398</timestamp>
			</report>
			<report>
				<misses>4429001</misses>
				<total>69</total>
				<timestamp>1017.653116</timestamp>
			</report>
			<report>
				<misses>4430001</misses>
				<total>73</total>
				<timestamp>1017.882890</timestamp>
			</report>
			<report>
				<misses>4431001</misses>
				<total>73</total>
				<timestamp>1018.112652</timestamp>
			</report>
			<report>
				<misses>4432001</misses>
				<total>73</total>
				<timestamp>1018.342426</timestamp>
			</report>
			<report>
				<misses>4433001</misses>
				<total>73</total>
				<timestamp>1018.572205</timestamp>
			</report>
			<report>
				<misses>4434001</misses>
				<total>73</total>
				<timestamp>1018.801960</timestamp>
			</report>
			<report>
				<misses>4435001</misses>
				<total>73</total>
				<timestamp>1019.031831</timestamp>
			</report>
			<report>
				<misses>4436001</misses>
				<total>73</total>
				<timestamp>1019.261514</timestamp>
			</report>
			<report>
				<misses>4437001</misses>
				<total>73</total>
				<timestamp>1019.491267</timestamp>
			</report>
			<report>
				<misses>4438001</misses>
				<total>73</total>
				<timestamp>1019.721100</timestamp>
			</report>
			<report>
				<misses>4439001</misses>
				<total>73</total>
				<timestamp>1019.950797</timestamp>
			</report>
			<report>
				<misses>4440001</misses>
				<total>73</total>
				<timestamp>1020.180575</timestamp>
			</report>
			<report>
				<misses>4441001</misses>
				<total>73</total>
				<timestamp>1020.410366</timestamp>
			</report>
			<report>
				<misses>4442001</misses>
				<total>73</total>
				<timestamp>1020.640118</timestamp>
			</report>
			<report>
				<misses>4443001</misses>
				<total>73</total>
				<timestamp>1020.869971</timestamp>
			</report>
			<report>
				<misses>4444001</misses>
				<total>73</total>
				<timestamp>1021.099688</timestamp>
			</report>
			<report>
				<misses>4445001</misses>
				<total>73</total>
				<timestamp>1021.329457</timestamp>
			</report>
			<report>
				<misses>4446001</misses>
				<total>73</total>
				<timestamp>1021.559191</timestamp>
			</report>
			<report>
				<misses>4447001</misses>
				<total>73</total>
				<timestamp>1021.789023</timestamp>
			</report>
			<report>
				<misses>4448001</misses>
				<total>73</total>
				<timestamp>1022.018733</timestamp>
			</report>
			<report>
				<misses>4449001</misses>
				<total>73</total>
				<timestamp>1022.248525</timestamp>
			</report>
			<report>
				<misses>4450001</misses>
				<total>73</total>
				<timestamp>1022.478305</timestamp>
			</report>
			<report>
				<misses>4451001</misses>
				<total>73</total>
				<timestamp>1022.708057</timestamp>
			</report>
			<report>
				<misses>4452001</misses>
				<total>73</total>
				<timestamp>1022.937852</timestamp>
			</report>
			<report>
				<misses>4453001</misses>
				<total>73</total>
				<timestamp>1023.167588</timestamp>
			</report>
			<report>
				<misses>4454001</misses>
				<total>73</total>
				<timestamp>1023.397382</timestamp>
			</report>
			<report>
				<misses>4455001</misses>
				<total>73</total>
				<timestamp>1023.627147</timestamp>
			</report>
			<report>
				<misses>4456001</misses>
				<total>73</total>
				<timestamp>1023.856944</timestamp>
			</report>
			<report>
				<misses>4457001</misses>
				<total>73</total>
				<timestamp>1024.086676</timestamp>
			</report>
			<report>
				<misses>4458001</misses>
				<total>73</total>
				<timestamp>1024.316449</timestamp>
			</report>
			<report>
				<misses>4459001</misses>
				<total>73</total>
				<timestamp>1024.546221</timestamp>
			</report>
			<report>
				<misses>4460001</misses>
				<total>73</total>
				<timestamp>1024.775985</timestamp>
			</report>
			<report>
				<misses>4461001</misses>
				<total>73</total>
				<timestamp>1025.005743</timestamp>
			</report>
			<report>
				<misses>4462001</misses>
				<total>73</total>
				<timestamp>1025.235517</timestamp>
			</report>
			<report>
				<misses>4463001</misses>
				<total>73</total>
				<timestamp>1025.465335</timestamp>
			</report>
			<report>
				<misses>4464001</misses>
				<total>73</total>
				<timestamp>1025.695124</timestamp>
			</report>
			<report>
				<misses>4465001</misses>
				<total>73</total>
				<timestamp>1025.924831</timestamp>
			</report>
			<report>
				<misses>4466001</misses>
				<total>73</total>
				<timestamp>1026.154600</timestamp>
			</report>
			<report>
				<misses>4467001</misses>
				<total>73</total>
				<timestamp>1026.384422</timestamp>
			</report>
			<report>
				<misses>4468001</misses>
				<total>73</total>
				<timestamp>1026.614137</timestamp>
			</report>
			<report>
				<misses>4469001</misses>
				<total>73</total>
				<timestamp>1026.843979</timestamp>
			</report>
			<report>
				<misses>4470001</misses>
				<total>73</total>
				<timestamp>1027.073684</timestamp>
			</report>
			<report>
				<misses>4471001</misses>
				<total>73</total>
				<timestamp>1027.303488</timestamp>
			</report>
			<report>
				<misses>4472001</misses>
				<total>73</total>
				<timestamp>1027.533230</timestamp>
			</report>
			<report>
				<misses>4473001</misses>
				<total>73</total>
				<timestamp>1027.763003</timestamp>
			</report>
			<report>
				<misses>4474001</misses>
				<total>73</total>
				<timestamp>1027.992828</timestamp>
			</report>
			<report>
				<misses>4475001</misses>
				<total>74</total>
				<timestamp>1028.222562</timestamp>
			</report>
			<report>
				<misses>4476001</misses>
				<total>74</total>
				<timestamp>1028.452324</timestamp>
			</report>
			<report>
				<misses>4477001</misses>
				<total>74</total>
				<timestamp>1028.682096</timestamp>
			</report>
			<report>
				<misses>4478001</misses>
				<total>74</total>
				<timestamp>1028.911831</timestamp>
			</report>
			<report>
				<misses>4479001</misses>
				<total>74</total>
				<timestamp>1029.141666</timestamp>
			</report>
			<report>
				<misses>4480001</misses>
				<total>74</total>
				<timestamp>1029.371391</timestamp>
			</report>
			<report>
				<misses>4481001</misses>
				<total>74</total>
				<timestamp>1029.601218</timestamp>
			</report>
			<report>
				<misses>4482001</misses>
				<total>74</total>
				<timestamp>1029.830977</timestamp>
			</report>
			<report>
				<misses>4483001</misses>
				<total>74</total>
				<timestamp>1030.060692</timestamp>
			</report>
			<report>
				<misses>4484001</misses>
				<total>74</total>
				<timestamp>1030.290487</timestamp>
			</report>
			<report>
				<misses>4485001</misses>
				<total>73</total>
				<timestamp>1030.520248</timestamp>
			</report>
			<report>
				<misses>4486001</misses>
				<total>74</total>
				<timestamp>1030.750057</timestamp>
			</report>
			<report>
				<misses>4487001</misses>
				<total>74</total>
				<timestamp>1030.979853</timestamp>
			</report>
			<report>
				<misses>4488001</misses>
				<total>74</total>
				<timestamp>1031.209539</timestamp>
			</report>
			<report>
				<misses>4489001</misses>
				<total>74</total>
				<timestamp>1031.439312</timestamp>
			</report>
			<report>
				<misses>4490001</misses>
				<total>74</total>
				<timestamp>1031.669071</timestamp>
			</report>
			<report>
				<misses>4491001</misses>
				<total>74</total>
				<timestamp>1031.898846</timestamp>
			</report>
			<report>
				<misses>4492001</misses>
				<total>74</total>
				<timestamp>1032.128613</timestamp>
			</report>
			<report>
				<misses>4493001</misses>
				<total>74</total>
				<timestamp>1032.358407</timestamp>
			</report>
			<report>
				<misses>4494001</misses>
				<total>74</total>
				<timestamp>1032.588233</timestamp>
			</report>
			<report>
				<misses>4495001</misses>
				<total>73</total>
				<timestamp>1032.817967</timestamp>
			</report>
			<report>
				<misses>4496001</misses>
				<total>74</total>
				<timestamp>1033.047761</timestamp>
			</report>
			<report>
				<misses>4497001</misses>
				<total>74</total>
				<timestamp>1033.277473</timestamp>
			</report>
			<report>
				<misses>4498001</misses>
				<total>74</total>
				<timestamp>1033.507303</timestamp>
			</report>
			<report>
				<misses>4499001</misses>
				<total>74</total>
				<timestamp>1033.737027</timestamp>
			</report>
			<report>
				<misses>4500001</misses>
				<total>74</total>
				<timestamp>1033.966809</timestamp>
			</report>
			<report>
				<misses>4501001</misses>
				<total>74</total>
				<timestamp>1034.196543</timestamp>
			</report>
			<report>
				<misses>4502001</misses>
				<total>74</total>
				<timestamp>1034.426377</timestamp>
			</report>
			<report>
				<misses>4503001</misses>
				<total>74</total>
				<timestamp>1034.656076</timestamp>
			</report>
			<report>
				<misses>4504001</misses>
				<total>74</total>
				<timestamp>1034.885919</timestamp>
			</report>
			<report>
				<misses>4505001</misses>
				<total>74</total>
				<timestamp>1035.115621</timestamp>
			</report>
			<report>
				<misses>4506001</misses>
				<total>73</total>
				<timestamp>1035.345413</timestamp>
			</report>
			<report>
				<misses>4507001</misses>
				<total>74</total>
				<timestamp>1035.575215</timestamp>
			</report>
			<report>
				<misses>4508001</misses>
				<total>74</total>
				<timestamp>1035.804946</timestamp>
			</report>
			<report>
				<misses>4509001</misses>
				<total>74</total>
				<timestamp>1036.034782</timestamp>
			</report>
			<report>
				<misses>4510001</misses>
				<total>74</total>
				<timestamp>1036.264466</timestamp>
			</report>
			<report>
				<misses>4511001</misses>
				<total>74</total>
				<timestamp>1036.494282</timestamp>
			</report>
			<report>
				<misses>4512001</misses>
				<total>74</total>
				<timestamp>1036.724027</timestamp>
			</report>
			<report>
				<misses>4513001</misses>
				<total>74</total>
				<timestamp>1036.953802</timestamp>
			</report>
			<report>
				<misses>4514001</misses>
				<total>74</total>
				<timestamp>1037.183567</timestamp>
			</report>
			<report>
				<misses>4515001</misses>
				<total>73</total>
				<timestamp>1037.413393</timestamp>
			</report>
			<report>
				<misses>4516001</misses>
				<total>74</total>
				<timestamp>1037.643102</timestamp>
			</report>
			<report>
				<misses>4517001</misses>
				<total>74</total>
				<timestamp>1037.872960</timestamp>
			</report>
			<report>
				<misses>4518001</misses>
				<total>74</total>
				<timestamp>1038.102645</timestamp>
			</report>
			<report>
				<misses>4519001</misses>
				<total>74</total>
				<timestamp>1038.332414</timestamp>
			</report>
			<report>
				<misses>4520001</misses>
				<total>77</total>
				<timestamp>1038.562183</timestamp>
			</report>
			<report>
				<misses>4521001</misses>
				<total>77</total>
				<timestamp>1038.792034</timestamp>
			</report>
			<report>
				<misses>4522001</misses>
				<total>79</total>
				<timestamp>1039.021777</timestamp>
			</report>
			<report>
				<misses>4523001</misses>
				<total>81</total>
				<timestamp>1039.251492</timestamp>
			</report>
			<report>
				<misses>4524001</misses>
				<total>81</total>
				<timestamp>1039.481308</timestamp>
			</report>
			<report>
				<misses>4525001</misses>
				<total>81</total>
				<timestamp>1039.711055</timestamp>
			</report>
			<report>
				<misses>4526001</misses>
				<total>81</total>
				<timestamp>1039.940845</timestamp>
			</report>
			<report>
				<misses>4527001</misses>
				<total>81</total>
				<timestamp>1040.170597</timestamp>
			</report>
			<report>
				<misses>4528001</misses>
				<total>81</total>
				<timestamp>1040.400353</timestamp>
			</report>
			<report>
				<misses>4529001</misses>
				<total>81</total>
				<timestamp>1040.630111</timestamp>
			</report>
			<report>
				<misses>4530001</misses>
				<total>81</total>
				<timestamp>1040.859964</timestamp>
			</report>
			<report>
				<misses>4531001</misses>
				<total>81</total>
				<timestamp>1041.089655</timestamp>
			</report>
			<report>
				<misses>4532001</misses>
				<total>81</total>
				<timestamp>1041.319419</timestamp>
			</report>
			<report>
				<misses>4533001</misses>
				<total>81</total>
				<timestamp>1041.549210</timestamp>
			</report>
			<report>
				<misses>4534001</misses>
				<total>81</total>
				<timestamp>1041.778967</timestamp>
			</report>
			<report>
				<misses>4535001</misses>
				<total>81</total>
				<timestamp>1042.008767</timestamp>
			</report>
			<report>
				<misses>4536001</misses>
				<total>81</total>
				<timestamp>1042.238504</timestamp>
			</report>
			<report>
				<misses>4537001</misses>
				<total>80</total>
				<timestamp>1042.468340</timestamp>
			</report>
			<report>
				<misses>4538001</misses>
				<total>81</total>
				<timestamp>1042.698066</timestamp>
			</report>
			<report>
				<misses>4539001</misses>
				<total>81</total>
				<timestamp>1042.927823</timestamp>
			</report>
			<report>
				<misses>4540001</misses>
				<total>81</total>
				<timestamp>1043.157569</timestamp>
			</report>
			<report>
				<misses>4541001</misses>
				<total>81</total>
				<timestamp>1043.387372</timestamp>
			</report>
			<report>
				<misses>4542001</misses>
				<total>81</total>
				<timestamp>1043.617119</timestamp>
			</report>
			<report>
				<misses>4543001</misses>
				<total>81</total>
				<timestamp>1043.846904</timestamp>
			</report>
			<report>
				<misses>4544001</misses>
				<total>81</total>
				<timestamp>1044.076651</timestamp>
			</report>
			<report>
				<misses>4545001</misses>
				<total>81</total>
				<timestamp>1044.306432</timestamp>
			</report>
			<report>
				<misses>4546001</misses>
				<total>81</total>
				<timestamp>1044.536344</timestamp>
			</report>
			<report>
				<misses>4547001</misses>
				<total>81</total>
				<timestamp>1044.766014</timestamp>
			</report>
			<report>
				<misses>4548001</misses>
				<total>81</total>
				<timestamp>1044.995767</timestamp>
			</report>
			<report>
				<misses>4549001</misses>
				<total>81</total>
				<timestamp>1045.225508</timestamp>
			</report>
			<report>
				<misses>4550001</misses>
				<total>80</total>
				<timestamp>1045.455345</timestamp>
			</report>
			<report>
				<misses>4551001</misses>
				<total>81</total>
				<timestamp>1045.685109</timestamp>
			</report>
			<report>
				<misses>4552001</misses>
				<total>81</total>
				<timestamp>1045.914853</timestamp>
			</report>
			<report>
				<misses>4553001</misses>
				<total>81</total>
				<timestamp>1046.144589</timestamp>
			</report>
			<report>
				<misses>4554001</misses>
				<total>81</total>
				<timestamp>1046.374363</timestamp>
			</report>
			<report>
				<misses>4555001</misses>
				<total>81</total>
				<timestamp>1046.604139</timestamp>
			</report>
			<report>
				<misses>4556001</misses>
				<total>81</total>
				<timestamp>1046.833947</timestamp>
			</report>
			<report>
				<misses>4557001</misses>
				<total>81</total>
				<timestamp>1047.063685</timestamp>
			</report>
			<report>
				<misses>4558001</misses>
				<total>81</total>
				<timestamp>1047.293438</timestamp>
			</report>
			<report>
				<misses>4559001</misses>
				<total>81</total>
				<timestamp>1047.523229</timestamp>
			</report>
			<report>
				<misses>4560001</misses>
				<total>81</total>
				<timestamp>1047.752988</timestamp>
			</report>
			<report>
				<misses>4561001</misses>
				<total>81</total>
				<timestamp>1047.982843</timestamp>
			</report>
			<report>
				<misses>4562001</misses>
				<total>81</total>
				<timestamp>1048.212541</timestamp>
			</report>
			<report>
				<misses>4563001</misses>
				<total>81</total>
				<timestamp>1048.442283</timestamp>
			</report>
			<report>
				<misses>4564001</misses>
				<total>81</total>
				<timestamp>1048.672082</timestamp>
			</report>
			<report>
				<misses>4565001</misses>
				<total>81</total>
				<timestamp>1048.901858</timestamp>
			</report>
			<report>
				<misses>4566001</misses>
				<total>81</total>
				<timestamp>1049.131603</timestamp>
			</report>
			<report>
				<misses>4567001</misses>
				<total>81</total>
				<timestamp>1049.361386</timestamp>
			</report>
			<report>
				<misses>4568001</misses>
				<total>81</total>
				<timestamp>1049.591205</timestamp>
			</report>
			<report>
				<misses>4569001</misses>
				<total>81</total>
				<timestamp>1049.820945</timestamp>
			</report>
			<report>
				<misses>4570001</misses>
				<total>81</total>
				<timestamp>1050.050670</timestamp>
			</report>
			<report>
				<misses>4571001</misses>
				<total>81</total>
				<timestamp>1050.280461</timestamp>
			</report>
			<report>
				<misses>4572001</misses>
				<total>81</total>
				<timestamp>1050.510251</timestamp>
			</report>
			<report>
				<misses>4573001</misses>
				<total>81</total>
				<timestamp>1050.739989</timestamp>
			</report>
			<report>
				<misses>4574001</misses>
				<total>81</total>
				<timestamp>1050.969832</timestamp>
			</report>
			<report>
				<misses>4575001</misses>
				<total>81</total>
				<timestamp>1051.199527</timestamp>
			</report>
			<report>
				<misses>4576001</misses>
				<total>81</total>
				<timestamp>1051.429315</timestamp>
			</report>
			<report>
				<misses>4577001</misses>
				<total>81</total>
				<timestamp>1051.659091</timestamp>
			</report>
			<report>
				<misses>4578001</misses>
				<total>81</total>
				<timestamp>1051.888849</timestamp>
			</report>
			<report>
				<misses>4579001</misses>
				<total>81</total>
				<timestamp>1052.118620</timestamp>
			</report>
			<report>
				<misses>4580001</misses>
				<total>81</total>
				<timestamp>1052.348404</timestamp>
			</report>
			<report>
				<misses>4581001</misses>
				<total>81</total>
				<timestamp>1052.578205</timestamp>
			</report>
			<report>
				<misses>4582001</misses>
				<total>81</total>
				<timestamp>1052.807997</timestamp>
			</report>
			<report>
				<misses>4583001</misses>
				<total>81</total>
				<timestamp>1053.037729</timestamp>
			</report>
			<report>
				<misses>4584001</misses>
				<total>81</total>
				<timestamp>1053.267459</timestamp>
			</report>
			<report>
				<misses>4585001</misses>
				<total>81</total>
				<timestamp>1053.497288</timestamp>
			</report>
			<report>
				<misses>4586001</misses>
				<total>81</total>
				<timestamp>1053.727055</timestamp>
			</report>
			<report>
				<misses>4587001</misses>
				<total>81</total>
				<timestamp>1053.956762</timestamp>
			</report>
			<report>
				<misses>4588001</misses>
				<total>81</total>
				<timestamp>1054.186537</timestamp>
			</report>
			<report>
				<misses>4589001</misses>
				<total>81</total>
				<timestamp>1054.416290</timestamp>
			</report>
			<report>
				<misses>4590001</misses>
				<total>81</total>
				<timestamp>1054.646064</timestamp>
			</report>
			<report>
				<misses>4591001</misses>
				<total>81</total>
				<timestamp>1054.875835</timestamp>
			</report>
			<report>
				<misses>4592001</misses>
				<total>81</total>
				<timestamp>1055.105621</timestamp>
			</report>
			<report>
				<misses>4593001</misses>
				<total>81</total>
				<timestamp>1055.335380</timestamp>
			</report>
			<report>
				<misses>4594001</misses>
				<total>81</total>
				<timestamp>1055.565155</timestamp>
			</report>
			<report>
				<misses>4595001</misses>
				<total>81</total>
				<timestamp>1055.795062</timestamp>
			</report>
			<report>
				<misses>4596001</misses>
				<total>81</total>
				<timestamp>1056.024745</timestamp>
			</report>
			<report>
				<misses>4597001</misses>
				<total>81</total>
				<timestamp>1056.254482</timestamp>
			</report>
			<report>
				<misses>4598001</misses>
				<total>81</total>
				<timestamp>1056.484283</timestamp>
			</report>
			<report>
				<misses>4599001</misses>
				<total>81</total>
				<timestamp>1056.714038</timestamp>
			</report>
			<report>
				<misses>4600001</misses>
				<total>81</total>
				<timestamp>1056.943776</timestamp>
			</report>
			<report>
				<misses>4601001</misses>
				<total>81</total>
				<timestamp>1057.173671</timestamp>
			</report>
			<report>
				<misses>4602001</misses>
				<total>81</total>
				<timestamp>1057.403405</timestamp>
			</report>
			<report>
				<misses>4603001</misses>
				<total>81</total>
				<timestamp>1057.633108</timestamp>
			</report>
			<report>
				<misses>4604001</misses>
				<total>81</total>
				<timestamp>1057.862890</timestamp>
			</report>
			<report>
				<misses>4605001</misses>
				<total>81</total>
				<timestamp>1058.092659</timestamp>
			</report>
			<report>
				<misses>4606001</misses>
				<total>81</total>
				<timestamp>1058.322413</timestamp>
			</report>
			<report>
				<misses>4607001</misses>
				<total>81</total>
				<timestamp>1058.552176</timestamp>
			</report>
			<report>
				<misses>4608001</misses>
				<total>81</total>
				<timestamp>1058.781997</timestamp>
			</report>
			<report>
				<misses>4609001</misses>
				<total>81</total>
				<timestamp>1059.011741</timestamp>
			</report>
			<report>
				<misses>4610001</misses>
				<total>81</total>
				<timestamp>1059.241478</timestamp>
			</report>
			<report>
				<misses>4611001</misses>
				<total>81</total>
				<timestamp>1059.471248</timestamp>
			</report>
			<report>
				<misses>4612001</misses>
				<total>81</total>
				<timestamp>1059.701097</timestamp>
			</report>
			<report>
				<misses>4613001</misses>
				<total>81</total>
				<timestamp>1059.930831</timestamp>
			</report>
			<report>
				<misses>4614001</misses>
				<total>81</total>
				<timestamp>1060.160551</timestamp>
			</report>
			<report>
				<misses>4615001</misses>
				<total>81</total>
				<timestamp>1060.390325</timestamp>
			</report>
			<report>
				<misses>4616001</misses>
				<total>81</total>
				<timestamp>1060.620122</timestamp>
			</report>
			<report>
				<misses>4617001</misses>
				<total>81</total>
				<timestamp>1060.849965</timestamp>
			</report>
			<report>
				<misses>4618001</misses>
				<total>81</total>
				<timestamp>1061.079651</timestamp>
			</report>
			<report>
				<misses>4619001</misses>
				<total>81</total>
				<timestamp>1061.309408</timestamp>
			</report>
			<report>
				<misses>4620001</misses>
				<total>81</total>
				<timestamp>1061.539301</timestamp>
			</report>
			<report>
				<misses>4621001</misses>
				<total>81</total>
				<timestamp>1061.768943</timestamp>
			</report>
			<report>
				<misses>4622001</misses>
				<total>82</total>
				<timestamp>1061.998788</timestamp>
			</report>
			<report>
				<misses>4623001</misses>
				<total>82</total>
				<timestamp>1062.228496</timestamp>
			</report>
			<report>
				<misses>4624001</misses>
				<total>82</total>
				<timestamp>1062.458334</timestamp>
			</report>
			<report>
				<misses>4625001</misses>
				<total>82</total>
				<timestamp>1062.688040</timestamp>
			</report>
			<report>
				<misses>4626001</misses>
				<total>82</total>
				<timestamp>1062.917832</timestamp>
			</report>
			<report>
				<misses>4627001</misses>
				<total>82</total>
				<timestamp>1063.147578</timestamp>
			</report>
			<report>
				<misses>4628001</misses>
				<total>82</total>
				<timestamp>1063.377361</timestamp>
			</report>
			<report>
				<misses>4629001</misses>
				<total>82</total>
				<timestamp>1063.607104</timestamp>
			</report>
			<report>
				<misses>4630001</misses>
				<total>82</total>
				<timestamp>1063.836924</timestamp>
			</report>
			<report>
				<misses>4631001</misses>
				<total>82</total>
				<timestamp>1064.066721</timestamp>
			</report>
			<report>
				<misses>4632001</misses>
				<total>82</total>
				<timestamp>1064.296514</timestamp>
			</report>
			<report>
				<misses>4633001</misses>
				<total>82</total>
				<timestamp>1064.526218</timestamp>
			</report>
			<report>
				<misses>4634001</misses>
				<total>82</total>
				<timestamp>1064.755977</timestamp>
			</report>
			<report>
				<misses>4635001</misses>
				<total>82</total>
				<timestamp>1064.985741</timestamp>
			</report>
			<report>
				<misses>4636001</misses>
				<total>82</total>
				<timestamp>1065.215494</timestamp>
			</report>
			<report>
				<misses>4637001</misses>
				<total>82</total>
				<timestamp>1065.445293</timestamp>
			</report>
			<report>
				<misses>4638001</misses>
				<total>82</total>
				<timestamp>1065.675075</timestamp>
			</report>
			<report>
				<misses>4639001</misses>
				<total>82</total>
				<timestamp>1065.904838</timestamp>
			</report>
			<report>
				<misses>4640001</misses>
				<total>82</total>
				<timestamp>1066.134568</timestamp>
			</report>
			<report>
				<misses>4641001</misses>
				<total>82</total>
				<timestamp>1066.364349</timestamp>
			</report>
			<report>
				<misses>4642001</misses>
				<total>82</total>
				<timestamp>1066.594150</timestamp>
			</report>
			<report>
				<misses>4643001</misses>
				<total>82</total>
				<timestamp>1066.824004</timestamp>
			</report>
			<report>
				<misses>4644001</misses>
				<total>82</total>
				<timestamp>1067.053683</timestamp>
			</report>
			<report>
				<misses>4645001</misses>
				<total>82</total>
				<timestamp>1067.283423</timestamp>
			</report>
			<report>
				<misses>4646001</misses>
				<total>82</total>
				<timestamp>1067.513198</timestamp>
			</report>
			<report>
				<misses>4647001</misses>
				<total>82</total>
				<timestamp>1067.742980</timestamp>
			</report>
			<report>
				<misses>4648001</misses>
				<total>82</total>
				<timestamp>1067.972771</timestamp>
			</report>
			<report>
				<misses>4649001</misses>
				<total>82</total>
				<timestamp>1068.202586</timestamp>
			</report>
			<report>
				<misses>4650001</misses>
				<total>82</total>
				<timestamp>1068.432283</timestamp>
			</report>
			<report>
				<misses>4651001</misses>
				<total>82</total>
				<timestamp>1068.662092</timestamp>
			</report>
			<report>
				<misses>4652001</misses>
				<total>82</total>
				<timestamp>1068.891821</timestamp>
			</report>
			<report>
				<misses>4653001</misses>
				<total>82</total>
				<timestamp>1069.121601</timestamp>
			</report>
			<report>
				<misses>4654001</misses>
				<total>82</total>
				<timestamp>1069.351367</timestamp>
			</report>
			<report>
				<misses>4655001</misses>
				<total>82</total>
				<timestamp>1069.581181</timestamp>
			</report>
			<report>
				<misses>4656001</misses>
				<total>82</total>
				<timestamp>1069.810928</timestamp>
			</report>
			<report>
				<misses>4657001</misses>
				<total>82</total>
				<timestamp>1070.040718</timestamp>
			</report>
			<report>
				<misses>4658001</misses>
				<total>82</total>
				<timestamp>1070.270442</timestamp>
			</report>
			<report>
				<misses>4659001</misses>
				<total>82</total>
				<timestamp>1070.500203</timestamp>
			</report>
			<report>
				<misses>4660001</misses>
				<total>82</total>
				<timestamp>1070.729976</timestamp>
			</report>
			<report>
				<misses>4661001</misses>
				<total>82</total>
				<timestamp>1070.959769</timestamp>
			</report>
			<report>
				<misses>4662001</misses>
				<total>82</total>
				<timestamp>1071.189520</timestamp>
			</report>
			<report>
				<misses>4663001</misses>
				<total>82</total>
				<timestamp>1071.419285</timestamp>
			</report>
			<report>
				<misses>4664001</misses>
				<total>82</total>
				<timestamp>1071.649085</timestamp>
			</report>
			<report>
				<misses>4665001</misses>
				<total>82</total>
				<timestamp>1071.878836</timestamp>
			</report>
			<report>
				<misses>4666001</misses>
				<total>82</total>
				<timestamp>1072.108662</timestamp>
			</report>
			<report>
				<misses>4667001</misses>
				<total>82</total>
				<timestamp>1072.338376</timestamp>
			</report>
			<report>
				<misses>4668001</misses>
				<total>82</total>
				<timestamp>1072.568169</timestamp>
			</report>
			<report>
				<misses>4669001</misses>
				<total>82</total>
				<timestamp>1072.797964</timestamp>
			</report>
			<report>
				<misses>4670001</misses>
				<total>82</total>
				<timestamp>1073.027769</timestamp>
			</report>
			<report>
				<misses>4671001</misses>
				<total>82</total>
				<timestamp>1073.257431</timestamp>
			</report>
			<report>
				<misses>4672001</misses>
				<total>82</total>
				<timestamp>1073.487247</timestamp>
			</report>
			<report>
				<misses>4673001</misses>
				<total>82</total>
				<timestamp>1073.717003</timestamp>
			</report>
			<report>
				<misses>4674001</misses>
				<total>82</total>
				<timestamp>1073.946785</timestamp>
			</report>
			<report>
				<misses>4675001</misses>
				<total>82</total>
				<timestamp>1074.176527</timestamp>
			</report>
			<report>
				<misses>4676001</misses>
				<total>82</total>
				<timestamp>1074.406300</timestamp>
			</report>
			<report>
				<misses>4677001</misses>
				<total>82</total>
				<timestamp>1074.636094</timestamp>
			</report>
			<report>
				<misses>4678001</misses>
				<total>82</total>
				<timestamp>1074.865843</timestamp>
			</report>
			<report>
				<misses>4679001</misses>
				<total>82</total>
				<timestamp>1075.095695</timestamp>
			</report>
			<report>
				<misses>4680001</misses>
				<total>82</total>
				<timestamp>1075.325366</timestamp>
			</report>
			<report>
				<misses>4681001</misses>
				<total>82</total>
				<timestamp>1075.555196</timestamp>
			</report>
			<report>
				<misses>4682001</misses>
				<total>82</total>
				<timestamp>1075.784942</timestamp>
			</report>
			<report>
				<misses>4683001</misses>
				<total>82</total>
				<timestamp>1076.014723</timestamp>
			</report>
			<report>
				<misses>4684001</misses>
				<total>82</total>
				<timestamp>1076.244459</timestamp>
			</report>
			<report>
				<misses>4685001</misses>
				<total>82</total>
				<timestamp>1076.474215</timestamp>
			</report>
			<report>
				<misses>4686001</misses>
				<total>82</total>
				<timestamp>1076.704049</timestamp>
			</report>
			<report>
				<misses>4687001</misses>
				<total>82</total>
				<timestamp>1076.933761</timestamp>
			</report>
			<report>
				<misses>4688001</misses>
				<total>82</total>
				<timestamp>1077.163526</timestamp>
			</report>
			<report>
				<misses>4689001</misses>
				<total>82</total>
				<timestamp>1077.393320</timestamp>
			</report>
			<report>
				<misses>4690001</misses>
				<total>82</total>
				<timestamp>1077.623072</timestamp>
			</report>
			<report>
				<misses>4691001</misses>
				<total>82</total>
				<timestamp>1077.852838</timestamp>
			</report>
			<report>
				<misses>4692001</misses>
				<total>82</total>
				<timestamp>1078.082618</timestamp>
			</report>
			<report>
				<misses>4693001</misses>
				<total>82</total>
				<timestamp>1078.312382</timestamp>
			</report>
			<report>
				<misses>4694001</misses>
				<total>82</total>
				<timestamp>1078.542192</timestamp>
			</report>
			<report>
				<misses>4695001</misses>
				<total>82</total>
				<timestamp>1078.771932</timestamp>
			</report>
			<report>
				<misses>4696001</misses>
				<total>82</total>
				<timestamp>1079.001699</timestamp>
			</report>
			<report>
				<misses>4697001</misses>
				<total>82</total>
				<timestamp>1079.231496</timestamp>
			</report>
			<report>
				<misses>4698001</misses>
				<total>82</total>
				<timestamp>1079.461265</timestamp>
			</report>
			<report>
				<misses>4699001</misses>
				<total>82</total>
				<timestamp>1079.691048</timestamp>
			</report>
			<report>
				<misses>4700001</misses>
				<total>82</total>
				<timestamp>1079.920792</timestamp>
			</report>
			<report>
				<misses>4701001</misses>
				<total>82</total>
				<timestamp>1080.150569</timestamp>
			</report>
			<report>
				<misses>4702001</misses>
				<total>82</total>
				<timestamp>1080.380349</timestamp>
			</report>
			<report>
				<misses>4703001</misses>
				<total>82</total>
				<timestamp>1080.610131</timestamp>
			</report>
			<report>
				<misses>4704001</misses>
				<total>82</total>
				<timestamp>1080.839856</timestamp>
			</report>
			<report>
				<misses>4705001</misses>
				<total>82</total>
				<timestamp>1081.069682</timestamp>
			</report>
			<report>
				<misses>4706001</misses>
				<total>82</total>
				<timestamp>1081.299403</timestamp>
			</report>
			<report>
				<misses>4707001</misses>
				<total>82</total>
				<timestamp>1081.529165</timestamp>
			</report>
			<report>
				<misses>4708001</misses>
				<total>82</total>
				<timestamp>1081.758986</timestamp>
			</report>
			<report>
				<misses>4709001</misses>
				<total>82</total>
				<timestamp>1081.988762</timestamp>
			</report>
			<report>
				<misses>4710001</misses>
				<total>82</total>
				<timestamp>1082.218482</timestamp>
			</report>
			<report>
				<misses>4711001</misses>
				<total>82</total>
				<timestamp>1082.448242</timestamp>
			</report>
			<report>
				<misses>4712001</misses>
				<total>82</total>
				<timestamp>1082.678016</timestamp>
			</report>
			<report>
				<misses>4713001</misses>
				<total>82</total>
				<timestamp>1082.907794</timestamp>
			</report>
			<report>
				<misses>4714001</misses>
				<total>82</total>
				<timestamp>1083.137623</timestamp>
			</report>
			<report>
				<misses>4715001</misses>
				<total>82</total>
				<timestamp>1083.367331</timestamp>
			</report>
			<report>
				<misses>4716001</misses>
				<total>82</total>
				<timestamp>1083.597114</timestamp>
			</report>
			<report>
				<misses>4717001</misses>
				<total>82</total>
				<timestamp>1083.826882</timestamp>
			</report>
			<report>
				<misses>4718001</misses>
				<total>82</total>
				<timestamp>1084.056635</timestamp>
			</report>
			<report>
				<misses>4719001</misses>
				<total>82</total>
				<timestamp>1084.286401</timestamp>
			</report>
			<report>
				<misses>4720001</misses>
				<total>82</total>
				<timestamp>1084.516170</timestamp>
			</report>
			<report>
				<misses>4721001</misses>
				<total>82</total>
				<timestamp>1084.746075</timestamp>
			</report>
			<report>
				<misses>4722001</misses>
				<total>82</total>
				<timestamp>1084.975757</timestamp>
			</report>
			<report>
				<misses>4723001</misses>
				<total>82</total>
				<timestamp>1085.205538</timestamp>
			</report>
			<report>
				<misses>4724001</misses>
				<total>82</total>
				<timestamp>1085.435272</timestamp>
			</report>
			<report>
				<misses>4725001</misses>
				<total>82</total>
				<timestamp>1085.665076</timestamp>
			</report>
			<report>
				<misses>4726001</misses>
				<total>82</total>
				<timestamp>1085.894799</timestamp>
			</report>
			<report>
				<misses>4727001</misses>
				<total>82</total>
				<timestamp>1086.124643</timestamp>
			</report>
			<report>
				<misses>4728001</misses>
				<total>82</total>
				<timestamp>1086.354358</timestamp>
			</report>
			<report>
				<misses>4729001</misses>
				<total>82</total>
				<timestamp>1086.584176</timestamp>
			</report>
			<report>
				<misses>4730001</misses>
				<total>82</total>
				<timestamp>1086.813902</timestamp>
			</report>
			<report>
				<misses>4731001</misses>
				<total>82</total>
				<timestamp>1087.043651</timestamp>
			</report>
			<report>
				<misses>4732001</misses>
				<total>82</total>
				<timestamp>1087.273416</timestamp>
			</report>
			<report>
				<misses>4733001</misses>
				<total>81</total>
				<timestamp>1087.503196</timestamp>
			</report>
			<report>
				<misses>4734001</misses>
				<total>82</total>
				<timestamp>1087.732987</timestamp>
			</report>
			<report>
				<misses>4735001</misses>
				<total>82</total>
				<timestamp>1087.962769</timestamp>
			</report>
			<report>
				<misses>4736001</misses>
				<total>82</total>
				<timestamp>1088.192538</timestamp>
			</report>
			<report>
				<misses>4737001</misses>
				<total>82</total>
				<timestamp>1088.422288</timestamp>
			</report>
			<report>
				<misses>4738001</misses>
				<total>82</total>
				<timestamp>1088.652041</timestamp>
			</report>
			<report>
				<misses>4739001</misses>
				<total>82</total>
				<timestamp>1088.881850</timestamp>
			</report>
			<report>
				<misses>4740001</misses>
				<total>82</total>
				<timestamp>1089.111633</timestamp>
			</report>
			<report>
				<misses>4741001</misses>
				<total>82</total>
				<timestamp>1089.341356</timestamp>
			</report>
			<report>
				<misses>4742001</misses>
				<total>82</total>
				<timestamp>1089.571154</timestamp>
			</report>
			<report>
				<misses>4743001</misses>
				<total>82</total>
				<timestamp>1089.800953</timestamp>
			</report>
			<report>
				<misses>4744001</misses>
				<total>82</total>
				<timestamp>1090.030693</timestamp>
			</report>
			<report>
				<misses>4745001</misses>
				<total>82</total>
				<timestamp>1090.260526</timestamp>
			</report>
			<report>
				<misses>4746001</misses>
				<total>82</total>
				<timestamp>1090.490236</timestamp>
			</report>
			<report>
				<misses>4747001</misses>
				<total>82</total>
				<timestamp>1090.719982</timestamp>
			</report>
			<report>
				<misses>4748001</misses>
				<total>82</total>
				<timestamp>1090.949739</timestamp>
			</report>
			<report>
				<misses>4749001</misses>
				<total>81</total>
				<timestamp>1091.179583</timestamp>
			</report>
			<report>
				<misses>4750001</misses>
				<total>82</total>
				<timestamp>1091.409304</timestamp>
			</report>
			<report>
				<misses>4751001</misses>
				<total>82</total>
				<timestamp>1091.639049</timestamp>
			</report>
			<report>
				<misses>4752001</misses>
				<total>82</total>
				<timestamp>1091.868822</timestamp>
			</report>
			<report>
				<misses>4753001</misses>
				<total>82</total>
				<timestamp>1092.098661</timestamp>
			</report>
			<report>
				<misses>4754001</misses>
				<total>82</total>
				<timestamp>1092.328346</timestamp>
			</report>
			<report>
				<misses>4755001</misses>
				<total>82</total>
				<timestamp>1092.558116</timestamp>
			</report>
			<report>
				<misses>4756001</misses>
				<total>82</total>
				<timestamp>1092.787952</timestamp>
			</report>
			<report>
				<misses>4757001</misses>
				<total>82</total>
				<timestamp>1093.017698</timestamp>
			</report>
			<report>
				<misses>4758001</misses>
				<total>82</total>
				<timestamp>1093.247461</timestamp>
			</report>
			<report>
				<misses>4759001</misses>
				<total>82</total>
				<timestamp>1093.477247</timestamp>
			</report>
			<report>
				<misses>4760001</misses>
				<total>82</total>
				<timestamp>1093.706975</timestamp>
			</report>
			<report>
				<misses>4761001</misses>
				<total>82</total>
				<timestamp>1093.936760</timestamp>
			</report>
			<report>
				<misses>4762001</misses>
				<total>82</total>
				<timestamp>1094.166540</timestamp>
			</report>
			<report>
				<misses>4763001</misses>
				<total>82</total>
				<timestamp>1094.396279</timestamp>
			</report>
			<report>
				<misses>4764001</misses>
				<total>81</total>
				<timestamp>1094.626098</timestamp>
			</report>
			<report>
				<misses>4765001</misses>
				<total>81</total>
				<timestamp>1094.855860</timestamp>
			</report>
			<report>
				<misses>4766001</misses>
				<total>81</total>
				<timestamp>1095.085684</timestamp>
			</report>
			<report>
				<misses>4767001</misses>
				<total>82</total>
				<timestamp>1095.315380</timestamp>
			</report>
			<report>
				<misses>4768001</misses>
				<total>82</total>
				<timestamp>1095.545172</timestamp>
			</report>
			<report>
				<misses>4769001</misses>
				<total>82</total>
				<timestamp>1095.774971</timestamp>
			</report>
			<report>
				<misses>4770001</misses>
				<total>82</total>
				<timestamp>1096.004688</timestamp>
			</report>
			<report>
				<misses>4771001</misses>
				<total>82</total>
				<timestamp>1096.234464</timestamp>
			</report>
			<report>
				<misses>4772001</misses>
				<total>82</total>
				<timestamp>1096.464218</timestamp>
			</report>
			<report>
				<misses>4773001</misses>
				<total>82</total>
				<timestamp>1096.694038</timestamp>
			</report>
			<report>
				<misses>4774001</misses>
				<total>82</total>
				<timestamp>1096.923758</timestamp>
			</report>
			<report>
				<misses>4775001</misses>
				<total>82</total>
				<timestamp>1097.153564</timestamp>
			</report>
			<report>
				<misses>4776001</misses>
				<total>82</total>
				<timestamp>1097.383292</timestamp>
			</report>
			<report>
				<misses>4777001</misses>
				<total>82</total>
				<timestamp>1097.613069</timestamp>
			</report>
			<report>
				<misses>4778001</misses>
				<total>82</total>
				<timestamp>1097.842884</timestamp>
			</report>
			<report>
				<misses>4779001</misses>
				<total>82</total>
				<timestamp>1098.072639</timestamp>
			</report>
			<report>
				<misses>4780001</misses>
				<total>82</total>
				<timestamp>1098.302407</timestamp>
			</report>
			<report>
				<misses>4781001</misses>
				<total>82</total>
				<timestamp>1098.532193</timestamp>
			</report>
			<report>
				<misses>4782001</misses>
				<total>82</total>
				<timestamp>1098.761947</timestamp>
			</report>
			<report>
				<misses>4783001</misses>
				<total>82</total>
				<timestamp>1098.991695</timestamp>
			</report>
			<report>
				<misses>4784001</misses>
				<total>82</total>
				<timestamp>1099.221538</timestamp>
			</report>
			<report>
				<misses>4785001</misses>
				<total>82</total>
				<timestamp>1099.451286</timestamp>
			</report>
			<report>
				<misses>4786001</misses>
				<total>82</total>
				<timestamp>1099.681051</timestamp>
			</report>
			<report>
				<misses>4787001</misses>
				<total>82</total>
				<timestamp>1099.910761</timestamp>
			</report>
			<report>
				<misses>4788001</misses>
				<total>82</total>
				<timestamp>1100.140554</timestamp>
			</report>
			<report>
				<misses>4789001</misses>
				<total>82</total>
				<timestamp>1100.370314</timestamp>
			</report>
			<report>
				<misses>4790001</misses>
				<total>82</total>
				<timestamp>1100.600075</timestamp>
			</report>
			<report>
				<misses>4791001</misses>
				<total>82</total>
				<timestamp>1100.829868</timestamp>
			</report>
			<report>
				<misses>4792001</misses>
				<total>83</total>
				<timestamp>1101.059633</timestamp>
			</report>
			<report>
				<misses>4793001</misses>
				<total>83</total>
				<timestamp>1101.289378</timestamp>
			</report>
			<report>
				<misses>4794001</misses>
				<total>83</total>
				<timestamp>1101.519158</timestamp>
			</report>
			<report>
				<misses>4795001</misses>
				<total>83</total>
				<timestamp>1101.748997</timestamp>
			</report>
			<report>
				<misses>4796001</misses>
				<total>83</total>
				<timestamp>1101.978694</timestamp>
			</report>
			<report>
				<misses>4797001</misses>
				<total>83</total>
				<timestamp>1102.208517</timestamp>
			</report>
			<report>
				<misses>4798001</misses>
				<total>83</total>
				<timestamp>1102.438276</timestamp>
			</report>
			<report>
				<misses>4799001</misses>
				<total>83</total>
				<timestamp>1102.668030</timestamp>
			</report>
			<report>
				<misses>4800001</misses>
				<total>83</total>
				<timestamp>1102.897784</timestamp>
			</report>
			<report>
				<misses>4801001</misses>
				<total>83</total>
				<timestamp>1103.127578</timestamp>
			</report>
			<report>
				<misses>4802001</misses>
				<total>83</total>
				<timestamp>1103.357324</timestamp>
			</report>
			<report>
				<misses>4803001</misses>
				<total>83</total>
				<timestamp>1103.587094</timestamp>
			</report>
			<report>
				<misses>4804001</misses>
				<total>83</total>
				<timestamp>1103.816879</timestamp>
			</report>
			<report>
				<misses>4805001</misses>
				<total>83</total>
				<timestamp>1104.046654</timestamp>
			</report>
			<report>
				<misses>4806001</misses>
				<total>83</total>
				<timestamp>1104.276394</timestamp>
			</report>
			<report>
				<misses>4807001</misses>
				<total>83</total>
				<timestamp>1104.506172</timestamp>
			</report>
			<report>
				<misses>4808001</misses>
				<total>83</total>
				<timestamp>1104.735987</timestamp>
			</report>
			<report>
				<misses>4809001</misses>
				<total>83</total>
				<timestamp>1104.965711</timestamp>
			</report>
			<report>
				<misses>4810001</misses>
				<total>83</total>
				<timestamp>1105.195476</timestamp>
			</report>
			<report>
				<misses>4811001</misses>
				<total>83</total>
				<timestamp>1105.425298</timestamp>
			</report>
			<report>
				<misses>4812001</misses>
				<total>83</total>
				<timestamp>1105.655097</timestamp>
			</report>
			<report>
				<misses>4813001</misses>
				<total>83</total>
				<timestamp>1105.884799</timestamp>
			</report>
			<report>
				<misses>4814001</misses>
				<total>83</total>
				<timestamp>1106.114596</timestamp>
			</report>
			<report>
				<misses>4815001</misses>
				<total>83</total>
				<timestamp>1106.344334</timestamp>
			</report>
			<report>
				<misses>4816001</misses>
				<total>83</total>
				<timestamp>1106.574109</timestamp>
			</report>
			<report>
				<misses>4817001</misses>
				<total>83</total>
				<timestamp>1106.803882</timestamp>
			</report>
			<report>
				<misses>4818001</misses>
				<total>83</total>
				<timestamp>1107.033702</timestamp>
			</report>
			<report>
				<misses>4819001</misses>
				<total>83</total>
				<timestamp>1107.263420</timestamp>
			</report>
			<report>
				<misses>4820001</misses>
				<total>83</total>
				<timestamp>1107.493203</timestamp>
			</report>
			<report>
				<misses>4821001</misses>
				<total>83</total>
				<timestamp>1107.722984</timestamp>
			</report>
			<report>
				<misses>4822001</misses>
				<total>83</total>
				<timestamp>1107.952789</timestamp>
			</report>
			<report>
				<misses>4823001</misses>
				<total>83</total>
				<timestamp>1108.182567</timestamp>
			</report>
			<report>
				<misses>4824001</misses>
				<total>83</total>
				<timestamp>1108.412287</timestamp>
			</report>
			<report>
				<misses>4825001</misses>
				<total>83</total>
				<timestamp>1108.642052</timestamp>
			</report>
			<report>
				<misses>4826001</misses>
				<total>83</total>
				<timestamp>1108.871830</timestamp>
			</report>
			<report>
				<misses>4827001</misses>
				<total>83</total>
				<timestamp>1109.101597</timestamp>
			</report>
			<report>
				<misses>4828001</misses>
				<total>83</total>
				<timestamp>1109.331346</timestamp>
			</report>
			<report>
				<misses>4829001</misses>
				<total>83</total>
				<timestamp>1109.561108</timestamp>
			</report>
			<report>
				<misses>4830001</misses>
				<total>83</total>
				<timestamp>1109.790917</timestamp>
			</report>
			<report>
				<misses>4831001</misses>
				<total>83</total>
				<timestamp>1110.020667</timestamp>
			</report>
			<report>
				<misses>4832001</misses>
				<total>83</total>
				<timestamp>1110.250477</timestamp>
			</report>
			<report>
				<misses>4833001</misses>
				<total>83</total>
				<timestamp>1110.480241</timestamp>
			</report>
			<report>
				<misses>4834001</misses>
				<total>83</total>
				<timestamp>1110.709979</timestamp>
			</report>
			<report>
				<misses>4835001</misses>
				<total>83</total>
				<timestamp>1110.939765</timestamp>
			</report>
			<report>
				<misses>4836001</misses>
				<total>83</total>
				<timestamp>1111.169542</timestamp>
			</report>
			<report>
				<misses>4837001</misses>
				<total>82</total>
				<timestamp>1111.399315</timestamp>
			</report>
			<report>
				<misses>4838001</misses>
				<total>82</total>
				<timestamp>1111.629052</timestamp>
			</report>
			<report>
				<misses>4839001</misses>
				<total>83</total>
				<timestamp>1111.858839</timestamp>
			</report>
			<report>
				<misses>4840001</misses>
				<total>83</total>
				<timestamp>1112.088576</timestamp>
			</report>
			<report>
				<misses>4841001</misses>
				<total>83</total>
				<timestamp>1112.318358</timestamp>
			</report>
			<report>
				<misses>4842001</misses>
				<total>83</total>
				<timestamp>1112.548141</timestamp>
			</report>
			<report>
				<misses>4843001</misses>
				<total>83</total>
				<timestamp>1112.778001</timestamp>
			</report>
			<report>
				<misses>4844001</misses>
				<total>83</total>
				<timestamp>1113.007671</timestamp>
			</report>
			<report>
				<misses>4845001</misses>
				<total>83</total>
				<timestamp>1113.237457</timestamp>
			</report>
			<report>
				<misses>4846001</misses>
				<total>83</total>
				<timestamp>1113.467208</timestamp>
			</report>
			<report>
				<misses>4847001</misses>
				<total>83</total>
				<timestamp>1113.696997</timestamp>
			</report>
			<report>
				<misses>4848001</misses>
				<total>83</total>
				<timestamp>1113.926774</timestamp>
			</report>
			<report>
				<misses>4849001</misses>
				<total>83</total>
				<timestamp>1114.156538</timestamp>
			</report>
			<report>
				<misses>4850001</misses>
				<total>83</total>
				<timestamp>1114.386275</timestamp>
			</report>
			<report>
				<misses>4851001</misses>
				<total>83</total>
				<timestamp>1114.616053</timestamp>
			</report>
			<report>
				<misses>4852001</misses>
				<total>83</total>
				<timestamp>1114.845820</timestamp>
			</report>
			<report>
				<misses>4853001</misses>
				<total>83</total>
				<timestamp>1115.075647</timestamp>
			</report>
			<report>
				<misses>4854001</misses>
				<total>83</total>
				<timestamp>1115.305350</timestamp>
			</report>
			<report>
				<misses>4855001</misses>
				<total>82</total>
				<timestamp>1115.535135</timestamp>
			</report>
			<report>
				<misses>4856001</misses>
				<total>83</total>
				<timestamp>1115.764954</timestamp>
			</report>
			<report>
				<misses>4857001</misses>
				<total>83</total>
				<timestamp>1115.994683</timestamp>
			</report>
			<report>
				<misses>4858001</misses>
				<total>83</total>
				<timestamp>1116.224486</timestamp>
			</report>
			<report>
				<misses>4859001</misses>
				<total>83</total>
				<timestamp>1116.454217</timestamp>
			</report>
			<report>
				<misses>4860001</misses>
				<total>83</total>
				<timestamp>1116.683971</timestamp>
			</report>
			<report>
				<misses>4861001</misses>
				<total>83</total>
				<timestamp>1116.913805</timestamp>
			</report>
			<report>
				<misses>4862001</misses>
				<total>83</total>
				<timestamp>1117.143521</timestamp>
			</report>
			<report>
				<misses>4863001</misses>
				<total>83</total>
				<timestamp>1117.373287</timestamp>
			</report>
			<report>
				<misses>4864001</misses>
				<total>83</total>
				<timestamp>1117.603057</timestamp>
			</report>
			<report>
				<misses>4865001</misses>
				<total>83</total>
				<timestamp>1117.832846</timestamp>
			</report>
			<report>
				<misses>4866001</misses>
				<total>83</total>
				<timestamp>1118.062598</timestamp>
			</report>
			<report>
				<misses>4867001</misses>
				<total>83</total>
				<timestamp>1118.292367</timestamp>
			</report>
			<report>
				<misses>4868001</misses>
				<total>83</total>
				<timestamp>1118.522140</timestamp>
			</report>
			<report>
				<misses>4869001</misses>
				<total>83</total>
				<timestamp>1118.751941</timestamp>
			</report>
			<report>
				<misses>4870001</misses>
				<total>83</total>
				<timestamp>1118.981715</timestamp>
			</report>
			<report>
				<misses>4871001</misses>
				<total>83</total>
				<timestamp>1119.211458</timestamp>
			</report>
			<report>
				<misses>4872001</misses>
				<total>83</total>
				<timestamp>1119.441214</timestamp>
			</report>
			<report>
				<misses>4873001</misses>
				<total>83</total>
				<timestamp>1119.671001</timestamp>
			</report>
			<report>
				<misses>4874001</misses>
				<total>83</total>
				<timestamp>1119.900761</timestamp>
			</report>
			<report>
				<misses>4875001</misses>
				<total>83</total>
				<timestamp>1120.130611</timestamp>
			</report>
			<report>
				<misses>4876001</misses>
				<total>83</total>
				<timestamp>1120.360289</timestamp>
			</report>
			<report>
				<misses>4877001</misses>
				<total>82</total>
				<timestamp>1120.590096</timestamp>
			</report>
			<report>
				<misses>4878001</misses>
				<total>83</total>
				<timestamp>1120.819850</timestamp>
			</report>
			<report>
				<misses>4879001</misses>
				<total>83</total>
				<timestamp>1121.049608</timestamp>
			</report>
			<report>
				<misses>4880001</misses>
				<total>83</total>
				<timestamp>1121.279387</timestamp>
			</report>
			<report>
				<misses>4881001</misses>
				<total>82</total>
				<timestamp>1121.509155</timestamp>
			</report>
			<report>
				<misses>4882001</misses>
				<total>83</total>
				<timestamp>1121.738942</timestamp>
			</report>
			<report>
				<misses>4883001</misses>
				<total>83</total>
				<timestamp>1121.968731</timestamp>
			</report>
			<report>
				<misses>4884001</misses>
				<total>83</total>
				<timestamp>1122.198465</timestamp>
			</report>
			<report>
				<misses>4885001</misses>
				<total>83</total>
				<timestamp>1122.428250</timestamp>
			</report>
			<report>
				<misses>4886001</misses>
				<total>83</total>
				<timestamp>1122.658022</timestamp>
			</report>
			<report>
				<misses>4887001</misses>
				<total>83</total>
				<timestamp>1122.887811</timestamp>
			</report>
			<report>
				<misses>4888001</misses>
				<total>83</total>
				<timestamp>1123.117536</timestamp>
			</report>
			<report>
				<misses>4889001</misses>
				<total>83</total>
				<timestamp>1123.347391</timestamp>
			</report>
			<report>
				<misses>4890001</misses>
				<total>83</total>
				<timestamp>1123.577096</timestamp>
			</report>
			<report>
				<misses>4891001</misses>
				<total>83</total>
				<timestamp>1123.806852</timestamp>
			</report>
			<report>
				<misses>4892001</misses>
				<total>83</total>
				<timestamp>1124.036627</timestamp>
			</report>
			<report>
				<misses>4893001</misses>
				<total>83</total>
				<timestamp>1124.266423</timestamp>
			</report>
			<report>
				<misses>4894001</misses>
				<total>83</total>
				<timestamp>1124.496181</timestamp>
			</report>
			<report>
				<misses>4895001</misses>
				<total>83</total>
				<timestamp>1124.725940</timestamp>
			</report>
			<report>
				<misses>4896001</misses>
				<total>83</total>
				<timestamp>1124.955739</timestamp>
			</report>
			<report>
				<misses>4897001</misses>
				<total>83</total>
				<timestamp>1125.185458</timestamp>
			</report>
			<report>
				<misses>4898001</misses>
				<total>83</total>
				<timestamp>1125.415262</timestamp>
			</report>
			<report>
				<misses>4899001</misses>
				<total>83</total>
				<timestamp>1125.645015</timestamp>
			</report>
			<report>
				<misses>4900001</misses>
				<total>83</total>
				<timestamp>1125.874778</timestamp>
			</report>
			<report>
				<misses>4901001</misses>
				<total>83</total>
				<timestamp>1126.104559</timestamp>
			</report>
			<report>
				<misses>4902001</misses>
				<total>83</total>
				<timestamp>1126.334383</timestamp>
			</report>
			<report>
				<misses>4903001</misses>
				<total>83</total>
				<timestamp>1126.564095</timestamp>
			</report>
			<report>
				<misses>4904001</misses>
				<total>83</total>
				<timestamp>1126.793867</timestamp>
			</report>
			<report>
				<misses>4905001</misses>
				<total>83</total>
				<timestamp>1127.023658</timestamp>
			</report>
			<report>
				<misses>4906001</misses>
				<total>83</total>
				<timestamp>1127.253398</timestamp>
			</report>
			<report>
				<misses>4907001</misses>
				<total>83</total>
				<timestamp>1127.483177</timestamp>
			</report>
			<report>
				<misses>4908001</misses>
				<total>83</total>
				<timestamp>1127.712994</timestamp>
			</report>
			<report>
				<misses>4909001</misses>
				<total>83</total>
				<timestamp>1127.942734</timestamp>
			</report>
			<report>
				<misses>4910001</misses>
				<total>83</total>
				<timestamp>1128.172480</timestamp>
			</report>
			<report>
				<misses>4911001</misses>
				<total>83</total>
				<timestamp>1128.402326</timestamp>
			</report>
			<report>
				<misses>4912001</misses>
				<total>83</total>
				<timestamp>1128.632021</timestamp>
			</report>
			<report>
				<misses>4913001</misses>
				<total>83</total>
				<timestamp>1128.861830</timestamp>
			</report>
			<report>
				<misses>4914001</misses>
				<total>82</total>
				<timestamp>1129.091567</timestamp>
			</report>
			<report>
				<misses>4915001</misses>
				<total>83</total>
				<timestamp>1129.321319</timestamp>
			</report>
			<report>
				<misses>4916001</misses>
				<total>83</total>
				<timestamp>1129.551115</timestamp>
			</report>
			<report>
				<misses>4917001</misses>
				<total>83</total>
				<timestamp>1129.780875</timestamp>
			</report>
			<report>
				<misses>4918001</misses>
				<total>83</total>
				<timestamp>1130.010690</timestamp>
			</report>
			<report>
				<misses>4919001</misses>
				<total>83</total>
				<timestamp>1130.240426</timestamp>
			</report>
			<report>
				<misses>4920001</misses>
				<total>83</total>
				<timestamp>1130.470178</timestamp>
			</report>
			<report>
				<misses>4921001</misses>
				<total>83</total>
				<timestamp>1130.699952</timestamp>
			</report>
			<report>
				<misses>4922001</misses>
				<total>83</total>
				<timestamp>1130.929741</timestamp>
			</report>
			<report>
				<misses>4923001</misses>
				<total>83</total>
				<timestamp>1131.159550</timestamp>
			</report>
			<report>
				<misses>4924001</misses>
				<total>83</total>
				<timestamp>1131.389256</timestamp>
			</report>
			<report>
				<misses>4925001</misses>
				<total>83</total>
				<timestamp>1131.619022</timestamp>
			</report>
			<report>
				<misses>4926001</misses>
				<total>83</total>
				<timestamp>1131.848815</timestamp>
			</report>
			<report>
				<misses>4927001</misses>
				<total>83</total>
				<timestamp>1132.078587</timestamp>
			</report>
			<report>
				<misses>4928001</misses>
				<total>83</total>
				<timestamp>1132.308377</timestamp>
			</report>
			<report>
				<misses>4929001</misses>
				<total>83</total>
				<timestamp>1132.538115</timestamp>
			</report>
			<report>
				<misses>4930001</misses>
				<total>83</total>
				<timestamp>1132.767928</timestamp>
			</report>
			<report>
				<misses>4931001</misses>
				<total>83</total>
				<timestamp>1132.997697</timestamp>
			</report>
			<report>
				<misses>4932001</misses>
				<total>83</total>
				<timestamp>1133.227467</timestamp>
			</report>
			<report>
				<misses>4933001</misses>
				<total>83</total>
				<timestamp>1133.457172</timestamp>
			</report>
			<report>
				<misses>4934001</misses>
				<total>82</total>
				<timestamp>1133.686958</timestamp>
			</report>
			<report>
				<misses>4935001</misses>
				<total>83</total>
				<timestamp>1133.916722</timestamp>
			</report>
			<report>
				<misses>4936001</misses>
				<total>83</total>
				<timestamp>1134.146488</timestamp>
			</report>
			<report>
				<misses>4937001</misses>
				<total>83</total>
				<timestamp>1134.376265</timestamp>
			</report>
			<report>
				<misses>4938001</misses>
				<total>83</total>
				<timestamp>1134.606063</timestamp>
			</report>
			<report>
				<misses>4939001</misses>
				<total>83</total>
				<timestamp>1134.835819</timestamp>
			</report>
			<report>
				<misses>4940001</misses>
				<total>83</total>
				<timestamp>1135.065667</timestamp>
			</report>
			<report>
				<misses>4941001</misses>
				<total>83</total>
				<timestamp>1135.295377</timestamp>
			</report>
			<report>
				<misses>4942001</misses>
				<total>83</total>
				<timestamp>1135.525117</timestamp>
			</report>
			<report>
				<misses>4943001</misses>
				<total>83</total>
				<timestamp>1135.754884</timestamp>
			</report>
			<report>
				<misses>4944001</misses>
				<total>83</total>
				<timestamp>1135.984670</timestamp>
			</report>
			<report>
				<misses>4945001</misses>
				<total>83</total>
				<timestamp>1136.214489</timestamp>
			</report>
			<report>
				<misses>4946001</misses>
				<total>83</total>
				<timestamp>1136.444205</timestamp>
			</report>
			<report>
				<misses>4947001</misses>
				<total>83</total>
				<timestamp>1136.673979</timestamp>
			</report>
			<report>
				<misses>4948001</misses>
				<total>83</total>
				<timestamp>1136.903780</timestamp>
			</report>
			<report>
				<misses>4949001</misses>
				<total>83</total>
				<timestamp>1137.133514</timestamp>
			</report>
			<report>
				<misses>4950001</misses>
				<total>83</total>
				<timestamp>1137.363280</timestamp>
			</report>
			<report>
				<misses>4951001</misses>
				<total>83</total>
				<timestamp>1137.593049</timestamp>
			</report>
			<report>
				<misses>4952001</misses>
				<total>83</total>
				<timestamp>1137.822821</timestamp>
			</report>
			<report>
				<misses>4953001</misses>
				<total>83</total>
				<timestamp>1138.052606</timestamp>
			</report>
			<report>
				<misses>4954001</misses>
				<total>83</total>
				<timestamp>1138.282394</timestamp>
			</report>
			<report>
				<misses>4955001</misses>
				<total>83</total>
				<timestamp>1138.512142</timestamp>
			</report>
			<report>
				<misses>4956001</misses>
				<total>83</total>
				<timestamp>1138.741942</timestamp>
			</report>
			<report>
				<misses>4957001</misses>
				<total>83</total>
				<timestamp>1138.971698</timestamp>
			</report>
			<report>
				<misses>4958001</misses>
				<total>83</total>
				<timestamp>1139.201458</timestamp>
			</report>
			<report>
				<misses>4959001</misses>
				<total>83</total>
				<timestamp>1139.431202</timestamp>
			</report>
			<report>
				<misses>4960001</misses>
				<total>83</total>
				<timestamp>1139.661006</timestamp>
			</report>
			<report>
				<misses>4961001</misses>
				<total>83</total>
				<timestamp>1139.890814</timestamp>
			</report>
			<report>
				<misses>4962001</misses>
				<total>83</total>
				<timestamp>1140.120563</timestamp>
			</report>
			<report>
				<misses>4963001</misses>
				<total>83</total>
				<timestamp>1140.350343</timestamp>
			</report>
			<report>
				<misses>4964001</misses>
				<total>83</total>
				<timestamp>1140.580088</timestamp>
			</report>
			<report>
				<misses>4965001</misses>
				<total>83</total>
				<timestamp>1140.809856</timestamp>
			</report>
			<report>
				<misses>4966001</misses>
				<total>83</total>
				<timestamp>1141.039633</timestamp>
			</report>
			<report>
				<misses>4967001</misses>
				<total>83</total>
				<timestamp>1141.269380</timestamp>
			</report>
			<report>
				<misses>4968001</misses>
				<total>83</total>
				<timestamp>1141.499142</timestamp>
			</report>
			<report>
				<misses>4969001</misses>
				<total>83</total>
				<timestamp>1141.728937</timestamp>
			</report>
			<report>
				<misses>4970001</misses>
				<total>83</total>
				<timestamp>1141.958691</timestamp>
			</report>
			<report>
				<misses>4971001</misses>
				<total>83</total>
				<timestamp>1142.188464</timestamp>
			</report>
			<report>
				<misses>4972001</misses>
				<total>83</total>
				<timestamp>1142.418266</timestamp>
			</report>
			<report>
				<misses>4973001</misses>
				<total>83</total>
				<timestamp>1142.647984</timestamp>
			</report>
			<report>
				<misses>4974001</misses>
				<total>83</total>
				<timestamp>1142.877775</timestamp>
			</report>
			<report>
				<misses>4975001</misses>
				<total>83</total>
				<timestamp>1143.107547</timestamp>
			</report>
			<report>
				<misses>4976001</misses>
				<total>83</total>
				<timestamp>1143.337372</timestamp>
			</report>
			<report>
				<misses>4977001</misses>
				<total>83</total>
				<timestamp>1143.567067</timestamp>
			</report>
			<report>
				<misses>4978001</misses>
				<total>83</total>
				<timestamp>1143.796876</timestamp>
			</report>
			<report>
				<misses>4979001</misses>
				<total>83</total>
				<timestamp>1144.026611</timestamp>
			</report>
			<report>
				<misses>4980001</misses>
				<total>83</total>
				<timestamp>1144.256425</timestamp>
			</report>
			<report>
				<misses>4981001</misses>
				<total>83</total>
				<timestamp>1144.486150</timestamp>
			</report>
			<report>
				<misses>4982001</misses>
				<total>83</total>
				<timestamp>1144.715955</timestamp>
			</report>
			<report>
				<misses>4983001</misses>
				<total>83</total>
				<timestamp>1144.945722</timestamp>
			</report>
			<report>
				<misses>4984001</misses>
				<total>83</total>
				<timestamp>1145.175530</timestamp>
			</report>
			<report>
				<misses>4985001</misses>
				<total>83</total>
				<timestamp>1145.405249</timestamp>
			</report>
			<report>
				<misses>4986001</misses>
				<total>82</total>
				<timestamp>1145.635027</timestamp>
			</report>
			<report>
				<misses>4987001</misses>
				<total>83</total>
				<timestamp>1145.864782</timestamp>
			</report>
			<report>
				<misses>4988001</misses>
				<total>83</total>
				<timestamp>1146.094606</timestamp>
			</report>
			<report>
				<misses>4989001</misses>
				<total>83</total>
				<timestamp>1146.324312</timestamp>
			</report>
			<report>
				<misses>4990001</misses>
				<total>82</total>
				<timestamp>1146.554084</timestamp>
			</report>
			<report>
				<misses>4991001</misses>
				<total>83</total>
				<timestamp>1146.783877</timestamp>
			</report>
			<report>
				<misses>4992001</misses>
				<total>83</total>
				<timestamp>1147.013628</timestamp>
			</report>
			<report>
				<misses>4993001</misses>
				<total>83</total>
				<timestamp>1147.243381</timestamp>
			</report>
			<report>
				<misses>4994001</misses>
				<total>83</total>
				<timestamp>1147.473151</timestamp>
			</report>
			<report>
				<misses>4995001</misses>
				<total>83</total>
				<timestamp>1147.702937</timestamp>
			</report>
			<report>
				<misses>4996001</misses>
				<total>83</total>
				<timestamp>1147.932717</timestamp>
			</report>
			<report>
				<misses>4997001</misses>
				<total>83</total>
				<timestamp>1148.162581</timestamp>
			</report>
			<report>
				<misses>4998001</misses>
				<total>83</total>
				<timestamp>1148.392325</timestamp>
			</report>
			<report>
				<misses>4999001</misses>
				<total>83</total>
				<timestamp>1148.622023</timestamp>
			</report>
			<report>
				<misses>5000001</misses>
				<total>83</total>
				<timestamp>1148.851770</timestamp>
			</report>
		</query>
	</custom>
	<ethtool_statistic>
		<rx_packets>
			<start>7867965481</start>
			<end>7965162296</end>
		</rx_packets>
		<tx_packets>
			<start>13211502005</start>
			<end>13366117030</end>
		</tx_packets>
		<rx_dropped>
			<start>828</start>
			<end>828</end>
		</rx_dropped>
		<tx_dropped>
			<start>0</start>
			<end>0</end>
		</tx_dropped>
		<collisions>
			<start>0</start>
			<end>0</end>
		</collisions>
		<port_tx_errors>
			<start>0</start>
			<end>0</end>
		</port_tx_errors>
		<port_rx_dropped>
			<start>0</start>
			<end>0</end>
		</port_rx_dropped>
		<port_tx_dropped_link_down>
			<start>0</start>
			<end>0</end>
		</port_tx_dropped_link_down>
	</ethtool_statistic>
	<ip_statistic>
		<mtu>
			<start>9000</start>
			<end>9000</end>
		</mtu>
		<rx_bytes>
			<start>32300316664484</start>
			<end>32686922621342</end>
		</rx_bytes>
		<rx_packets>
			<start>7867965549</start>
			<end>7965162404</end>
		</rx_packets>
		<rx_errors>
			<start>0</start>
			<end>0</end>
		</rx_errors>
		<rx_dropped>
			<start>828</start>
			<end>828</end>
		</rx_dropped>
		<rx_missed>
			<start>0</start>
			<end>0</end>
		</rx_missed>
		<rx_mcast>
			<start>5024</start>
			<end>5035</end>
		</rx_mcast>
		<tx_bytes>
			<start>45971268263966</start>
			<end>46589062516022</end>
		</tx_bytes>
		<tx_packets>
			<start>13211502036</start>
			<end>13366117058</end>
		</tx_packets>
		<tx_errors>
			<start>0</start>
			<end>0</end>
		</tx_errors>
		<tx_dropped>
			<start>0</start>
			<end>0</end>
		</tx_dropped>
		<tx_carrier>
			<start>0</start>
			<end>0</end>
		</tx_carrier>
		<tx_collisions>
			<start>0</start>
			<end>0</end>
		</tx_collisions>
	</ip_statistic>
	<netstat_statistic>
		<udp_pkg_rec>
			<start>6708512379</start>
			<end>6789169587</end>
		</udp_pkg_rec>
		<udp_pkg_snt>
			<start>11550154210</start>
			<end>11669809930</end>
		</udp_pkg_snt>
		<udp_rec_err>
			<start>1161416136</start>
			<end>1177961743</end>
		</udp_rec_err>
		<udp_rec_buf_err>
			<start>1161416136</start>
			<end>1177961743</end>
		</udp_rec_buf_err>
		<udp_snt_buf_err>
			<start>0</start>
			<end>0</end>
		</udp_snt_buf_err>
	</netstat_statistic>
</test_results>
