<?xml version="1.0"?>
<test_results>
	<status>STATUS_SUCCESS</status>
	<custom>
		<num_loss>108</num_loss>
		<num_total>9493699</num_total>
		<num_misses>38496104</num_misses>
		<elapsed_time>119.974274</elapsed_time>
		<query>
			<report>
				<misses>100001</misses>
				<total>0</total>
				<timestamp>1.058606</timestamp>
			</report>
			<report>
				<misses>200001</misses>
				<total>0</total>
				<timestamp>2.156526</timestamp>
			</report>
			<report>
				<misses>300001</misses>
				<total>0</total>
				<timestamp>3.278453</timestamp>
			</report>
			<report>
				<misses>400001</misses>
				<total>0</total>
				<timestamp>4.402593</timestamp>
			</report>
			<report>
				<misses>500001</misses>
				<total>0</total>
				<timestamp>5.588292</timestamp>
			</report>
			<report>
				<misses>600001</misses>
				<total>0</total>
				<timestamp>6.773546</timestamp>
			</report>
			<report>
				<misses>700001</misses>
				<total>0</total>
				<timestamp>7.975724</timestamp>
			</report>
			<report>
				<misses>800001</misses>
				<total>0</total>
				<timestamp>9.181172</timestamp>
			</report>
			<report>
				<misses>900001</misses>
				<total>0</total>
				<timestamp>10.385642</timestamp>
			</report>
			<report>
				<misses>1000001</misses>
				<total>0</total>
				<timestamp>11.591302</timestamp>
			</report>
			<report>
				<misses>1100001</misses>
				<total>59</total>
				<timestamp>12.802389</timestamp>
			</report>
			<report>
				<misses>1200001</misses>
				<total>59</total>
				<timestamp>14.017611</timestamp>
			</report>
			<report>
				<misses>1300001</misses>
				<total>59</total>
				<timestamp>15.233292</timestamp>
			</report>
			<report>
				<misses>1400001</misses>
				<total>59</total>
				<timestamp>16.457334</timestamp>
			</report>
			<report>
				<misses>1500001</misses>
				<total>59</total>
				<timestamp>17.692720</timestamp>
			</report>
			<report>
				<misses>1600001</misses>
				<total>59</total>
				<timestamp>18.932046</timestamp>
			</report>
			<report>
				<misses>1700001</misses>
				<total>59</total>
				<timestamp>20.156019</timestamp>
			</report>
			<report>
				<misses>1800001</misses>
				<total>59</total>
				<timestamp>21.391697</timestamp>
			</report>
			<report>
				<misses>1900001</misses>
				<total>59</total>
				<timestamp>22.635461</timestamp>
			</report>
			<report>
				<misses>2000001</misses>
				<total>59</total>
				<timestamp>23.861534</timestamp>
			</report>
			<report>
				<misses>2100001</misses>
				<total>59</total>
				<timestamp>25.104932</timestamp>
			</report>
			<report>
				<misses>2200001</misses>
				<total>59</total>
				<timestamp>26.338436</timestamp>
			</report>
			<report>
				<misses>2300001</misses>
				<total>59</total>
				<timestamp>27.573816</timestamp>
			</report>
			<report>
				<misses>2400001</misses>
				<total>59</total>
				<timestamp>28.792779</timestamp>
			</report>
			<report>
				<misses>2500001</misses>
				<total>59</total>
				<timestamp>30.001264</timestamp>
			</report>
			<report>
				<misses>2600001</misses>
				<total>59</total>
				<timestamp>31.227022</timestamp>
			</report>
			<report>
				<misses>2700001</misses>
				<total>59</total>
				<timestamp>32.450705</timestamp>
			</report>
			<report>
				<misses>2800001</misses>
				<total>59</total>
				<timestamp>33.687578</timestamp>
			</report>
			<report>
				<misses>2900001</misses>
				<total>59</total>
				<timestamp>34.910327</timestamp>
			</report>
			<report>
				<misses>3000001</misses>
				<total>59</total>
				<timestamp>36.122471</timestamp>
			</report>
			<report>
				<misses>3100001</misses>
				<total>59</total>
				<timestamp>37.341198</timestamp>
			</report>
			<report>
				<misses>3200001</misses>
				<total>59</total>
				<timestamp>38.554892</timestamp>
			</report>
			<report>
				<misses>3300001</misses>
				<total>59</total>
				<timestamp>39.768730</timestamp>
			</report>
			<report>
				<misses>3400001</misses>
				<total>59</total>
				<timestamp>40.986584</timestamp>
			</report>
			<report>
				<misses>3500001</misses>
				<total>59</total>
				<timestamp>42.204662</timestamp>
			</report>
			<report>
				<misses>3600001</misses>
				<total>59</total>
				<timestamp>43.436493</timestamp>
			</report>
			<report>
				<misses>3700001</misses>
				<total>59</total>
				<timestamp>44.656955</timestamp>
			</report>
			<report>
				<misses>3800001</misses>
				<total>59</total>
				<timestamp>45.876516</timestamp>
			</report>
			<report>
				<misses>3900001</misses>
				<total>59</total>
				<timestamp>47.091927</timestamp>
			</report>
			<report>
				<misses>4000001</misses>
				<total>59</total>
				<timestamp>48.300076</timestamp>
			</report>
			<report>
				<misses>4100001</misses>
				<total>59</total>
				<timestamp>49.515803</timestamp>
			</report>
			<report>
				<misses>4200001</misses>
				<total>59</total>
				<timestamp>50.737367</timestamp>
			</report>
			<report>
				<misses>4300001</misses>
				<total>59</total>
				<timestamp>51.962863</timestamp>
			</report>
			<report>
				<misses>4400001</misses>
				<total>59</total>
				<timestamp>53.184432</timestamp>
			</report>
			<report>
				<misses>4500001</misses>
				<total>59</total>
				<timestamp>54.420452</timestamp>
			</report>
			<report>
				<misses>4600001</misses>
				<total>59</total>
				<timestamp>55.668169</timestamp>
			</report>
			<report>
				<misses>4700001</misses>
				<total>59</total>
				<timestamp>56.930639</timestamp>
			</report>
			<report>
				<misses>4800001</misses>
				<total>59</total>
				<timestamp>58.193039</timestamp>
			</report>
			<report>
				<misses>4900001</misses>
				<total>59</total>
				<timestamp>59.464909</timestamp>
			</report>
			<report>
				<misses>5000001</misses>
				<total>59</total>
				<timestamp>60.740004</timestamp>
			</report>
			<report>
				<misses>5100001</misses>
				<total>59</total>
				<timestamp>62.027888</timestamp>
			</report>
			<report>
				<misses>5200001</misses>
				<total>59</total>
				<timestamp>63.326738</timestamp>
			</report>
			<report>
				<misses>5300001</misses>
				<total>59</total>
				<timestamp>64.643568</timestamp>
			</report>
			<report>
				<misses>5400001</misses>
				<total>59</total>
				<timestamp>65.956483</timestamp>
			</report>
			<report>
				<misses>5500001</misses>
				<total>59</total>
				<timestamp>67.290234</timestamp>
			</report>
			<report>
				<misses>5600001</misses>
				<total>59</total>
				<timestamp>68.632176</timestamp>
			</report>
			<report>
				<misses>5700001</misses>
				<total>59</total>
				<timestamp>69.988852</timestamp>
			</report>
			<report>
				<misses>5800001</misses>
				<total>59</total>
				<timestamp>71.329893</timestamp>
			</report>
			<report>
				<misses>5900001</misses>
				<total>108</total>
				<timestamp>72.672569</timestamp>
			</report>
			<report>
				<misses>6000001</misses>
				<total>108</total>
				<timestamp>74.010750</timestamp>
			</report>
			<report>
				<misses>6100001</misses>
				<total>108</total>
				<timestamp>75.356034</timestamp>
			</report>
			<report>
				<misses>6200001</misses>
				<total>108</total>
				<timestamp>76.677814</timestamp>
			</report>
			<report>
				<misses>6300001</misses>
				<total>108</total>
				<timestamp>78.010862</timestamp>
			</report>
			<report>
				<misses>6400001</misses>
				<total>108</total>
				<timestamp>79.342874</timestamp>
			</report>
			<report>
				<misses>6500001</misses>
				<total>108</total>
				<timestamp>80.681045</timestamp>
			</report>
			<report>
				<misses>6600001</misses>
				<total>108</total>
				<timestamp>82.023270</timestamp>
			</report>
			<report>
				<misses>6700001</misses>
				<total>108</total>
				<timestamp>83.377724</timestamp>
			</report>
			<report>
				<misses>6800001</misses>
				<total>108</total>
				<timestamp>84.735435</timestamp>
			</report>
			<report>
				<misses>6900001</misses>
				<total>108</total>
				<timestamp>86.087425</timestamp>
			</report>
			<report>
				<misses>7000001</misses>
				<total>108</total>
				<timestamp>87.440856</timestamp>
			</report>
			<report>
				<misses>7100001</misses>
				<total>108</total>
				<timestamp>88.797356</timestamp>
			</report>
			<report>
				<misses>7200001</misses>
				<total>108</total>
				<timestamp>90.143496</timestamp>
			</report>
			<report>
				<misses>7300001</misses>
				<total>108</total>
				<timestamp>91.503784</timestamp>
			</report>
			<report>
				<misses>7400001</misses>
				<total>108</total>
				<timestamp>92.845626</timestamp>
			</report>
			<report>
				<misses>7500001</misses>
				<total>108</total>
				<timestamp>94.117343</timestamp>
			</report>
			<report>
				<misses>7600001</misses>
				<total>108</total>
				<timestamp>95.389569</timestamp>
			</report>
			<report>
				<misses>7700001</misses>
				<total>108</total>
				<timestamp>96.671310</timestamp>
			</report>
			<report>
				<misses>7800001</misses>
				<total>108</total>
				<timestamp>97.949095</timestamp>
			</report>
			<report>
				<misses>7900001</misses>
				<total>108</total>
				<timestamp>99.229282</timestamp>
			</report>
			<report>
				<misses>8000001</misses>
				<total>108</total>
				<timestamp>100.506423</timestamp>
			</report>
			<report>
				<misses>8100001</misses>
				<total>108</total>
				<timestamp>101.790144</timestamp>
			</report>
			<report>
				<misses>8200001</misses>
				<total>108</total>
				<timestamp>103.085206</timestamp>
			</report>
			<report>
				<misses>8300001</misses>
				<total>108</total>
				<timestamp>104.373947</timestamp>
			</report>
			<report>
				<misses>8400001</misses>
				<total>108</total>
				<timestamp>105.665186</timestamp>
			</report>
			<report>
				<misses>8500001</misses>
				<total>108</total>
				<timestamp>106.960906</timestamp>
			</report>
			<report>
				<misses>8600001</misses>
				<total>108</total>
				<timestamp>108.257172</timestamp>
			</report>
			<report>
				<misses>8700001</misses>
				<total>108</total>
				<timestamp>109.556190</timestamp>
			</report>
			<report>
				<misses>8800001</misses>
				<total>108</total>
				<timestamp>110.861391</timestamp>
			</report>
			<report>
				<misses>8900001</misses>
				<total>108</total>
				<timestamp>112.156493</timestamp>
			</report>
			<report>
				<misses>9000001</misses>
				<total>108</total>
				<timestamp>113.458292</timestamp>
			</report>
			<report>
				<misses>9100001</misses>
				<total>108</total>
				<timestamp>114.763718</timestamp>
			</report>
			<report>
				<misses>9200001</misses>
				<total>108</total>
				<timestamp>116.077597</timestamp>
			</report>
			<report>
				<misses>9300001</misses>
				<total>108</total>
				<timestamp>117.396783</timestamp>
			</report>
			<report>
				<misses>9400001</misses>
				<total>108</total>
				<timestamp>118.728877</timestamp>
			</report>
		</query>
	</custom>
	<ethtool_statistic>
		<rx_packets>
			<start>405524907</start>
			<end>415163514</end>
		</rx_packets>
		<tx_packets>
			<start>451445664</start>
			<end>460939469</end>
		</tx_packets>
		<rx_dropped>
			<start>0</start>
			<end>0</end>
		</rx_dropped>
		<tx_dropped>
			<start>0</start>
			<end>0</end>
		</tx_dropped>
		<collisions>
			<start>0</start>
			<end>0</end>
		</collisions>
		<port_tx_errors>
			<start>0</start>
			<end>0</end>
		</port_tx_errors>
		<port_rx_dropped>
			<start>0</start>
			<end>0</end>
		</port_rx_dropped>
		<port_tx_dropped_link_down>
			<start>0</start>
			<end>0</end>
		</port_tx_dropped_link_down>
	</ethtool_statistic>
	<ip_statistic>
		<mtu>
			<start>9000</start>
			<end>9000</end>
		</mtu>
		<rx_bytes>
			<start>2363237712868</start>
			<end>2449424351914</end>
		</rx_bytes>
		<rx_packets>
			<start>405524907</start>
			<end>415163514</end>
		</rx_packets>
		<rx_errors>
			<start>0</start>
			<end>0</end>
		</rx_errors>
		<rx_dropped>
			<start>0</start>
			<end>0</end>
		</rx_dropped>
		<rx_missed>
			<start>0</start>
			<end>0</end>
		</rx_missed>
		<rx_mcast>
			<start>6</start>
			<end>6</end>
		</rx_mcast>
		<tx_bytes>
			<start>2446840228279</start>
			<end>2531732054553</end>
		</tx_bytes>
		<tx_packets>
			<start>451445664</start>
			<end>460939469</end>
		</tx_packets>
		<tx_errors>
			<start>0</start>
			<end>0</end>
		</tx_errors>
		<tx_dropped>
			<start>0</start>
			<end>0</end>
		</tx_dropped>
		<tx_carrier>
			<start>0</start>
			<end>0</end>
		</tx_carrier>
		<tx_collisions>
			<start>0</start>
			<end>0</end>
		</tx_collisions>
	</ip_statistic>
	<netstat_statistic>
		<udp_pkg_rec>
			<start>2395757201</start>
			<end>2486400828</end>
		</udp_pkg_rec>
		<udp_pkg_snt>
			<start>2412378548</start>
			<end>2487630481</end>
		</udp_pkg_snt>
		<udp_rec_err>
			<start>0</start>
			<end>0</end>
		</udp_rec_err>
		<udp_rec_buf_err>
			<start>0</start>
			<end>0</end>
		</udp_rec_buf_err>
		<udp_snt_buf_err>
			<start>0</start>
			<end>0</end>
		</udp_snt_buf_err>
	</netstat_statistic>
</test_results>
