<?xml version="1.0"?>
<test_results>
	<status>STATUS_SUCCESS</status>
	<custom>
		<num_loss>54</num_loss>
		<num_total>10000001</num_total>
		<num_misses>4</num_misses>
		<elapsed_time>1699.999217</elapsed_time>
	</custom>
	<ethtool_statistic>
		<rx_packets>
			<start>3547219644</start>
			<end>3626547955</end>
		</rx_packets>
		<tx_packets>
			<start>4669824210</start>
			<end>4797462149</end>
		</tx_packets>
		<rx_dropped>
			<start>63</start>
			<end>63</end>
		</rx_dropped>
		<tx_dropped>
			<start>0</start>
			<end>0</end>
		</tx_dropped>
		<collisions>
			<start>0</start>
			<end>0</end>
		</collisions>
		<port_tx_errors>
			<start>0</start>
			<end>0</end>
		</port_tx_errors>
		<port_rx_dropped>
			<start>0</start>
			<end>0</end>
		</port_rx_dropped>
		<port_tx_dropped_link_down>
			<start>0</start>
			<end>0</end>
		</port_tx_dropped_link_down>
	</ethtool_statistic>
	<ip_statistic>
		<mtu>
			<start>9000</start>
			<end>9000</end>
		</mtu>
		<rx_bytes>
			<start>31881398556866</start>
			<end>32594544892886</end>
		</rx_bytes>
		<rx_packets>
			<start>3547219713</start>
			<end>3626548065</end>
		</rx_packets>
		<rx_errors>
			<start>0</start>
			<end>0</end>
		</rx_errors>
		<rx_dropped>
			<start>63</start>
			<end>63</end>
		</rx_dropped>
		<rx_missed>
			<start>0</start>
			<end>0</end>
		</rx_missed>
		<rx_mcast>
			<start>2536</start>
			<end>2557</end>
		</rx_mcast>
		<tx_bytes>
			<start>25470070889281</start>
			<end>26551100940537</end>
		</tx_bytes>
		<tx_packets>
			<start>4669824253</start>
			<end>4797462190</end>
		</tx_packets>
		<tx_errors>
			<start>0</start>
			<end>0</end>
		</tx_errors>
		<tx_dropped>
			<start>0</start>
			<end>0</end>
		</tx_dropped>
		<tx_carrier>
			<start>0</start>
			<end>0</end>
		</tx_carrier>
		<tx_collisions>
			<start>0</start>
			<end>0</end>
		</tx_collisions>
	</ip_statistic>
</test_results>
