<?xml version="1.0"?>
<test_results>
	<status>STATUS_SUCCESS</status>
	<custom>
		<num_loss>52</num_loss>
		<num_total>8600001</num_total>
		<num_misses>26</num_misses>
		<elapsed_time>1289.991111</elapsed_time>
		<query>
			<report>
				<misses>100000</misses>
				<total>0</total>
				<timestamp>14.999931</timestamp>
			</report>
			<report>
				<misses>200000</misses>
				<total>0</total>
				<timestamp>30.000098</timestamp>
			</report>
			<report>
				<misses>300000</misses>
				<total>1</total>
				<timestamp>44.999969</timestamp>
			</report>
			<report>
				<misses>400000</misses>
				<total>1</total>
				<timestamp>60.000165</timestamp>
			</report>
			<report>
				<misses>500000</misses>
				<total>1</total>
				<timestamp>74.999935</timestamp>
			</report>
			<report>
				<misses>600000</misses>
				<total>1</total>
				<timestamp>90.000081</timestamp>
			</report>
			<report>
				<misses>700000</misses>
				<total>1</total>
				<timestamp>104.999959</timestamp>
			</report>
			<report>
				<misses>800000</misses>
				<total>1</total>
				<timestamp>119.999788</timestamp>
			</report>
			<report>
				<misses>900000</misses>
				<total>1</total>
				<timestamp>134.999633</timestamp>
			</report>
			<report>
				<misses>1000000</misses>
				<total>1</total>
				<timestamp>149.999487</timestamp>
			</report>
			<report>
				<misses>1100000</misses>
				<total>1</total>
				<timestamp>164.999344</timestamp>
			</report>
			<report>
				<misses>1200000</misses>
				<total>1</total>
				<timestamp>179.999219</timestamp>
			</report>
			<report>
				<misses>1300000</misses>
				<total>4</total>
				<timestamp>194.999057</timestamp>
			</report>
			<report>
				<misses>1400000</misses>
				<total>8</total>
				<timestamp>209.998884</timestamp>
			</report>
			<report>
				<misses>1500000</misses>
				<total>8</total>
				<timestamp>224.998802</timestamp>
			</report>
			<report>
				<misses>1600000</misses>
				<total>8</total>
				<timestamp>239.998592</timestamp>
			</report>
			<report>
				<misses>1700000</misses>
				<total>9</total>
				<timestamp>254.998438</timestamp>
			</report>
			<report>
				<misses>1800000</misses>
				<total>10</total>
				<timestamp>269.998347</timestamp>
			</report>
			<report>
				<misses>1900000</misses>
				<total>13</total>
				<timestamp>284.998129</timestamp>
			</report>
			<report>
				<misses>2000000</misses>
				<total>15</total>
				<timestamp>299.998057</timestamp>
			</report>
			<report>
				<misses>2100000</misses>
				<total>15</total>
				<timestamp>314.997846</timestamp>
			</report>
			<report>
				<misses>2200000</misses>
				<total>15</total>
				<timestamp>329.997709</timestamp>
			</report>
			<report>
				<misses>2300000</misses>
				<total>16</total>
				<timestamp>344.997559</timestamp>
			</report>
			<report>
				<misses>2400000</misses>
				<total>16</total>
				<timestamp>359.997388</timestamp>
			</report>
			<report>
				<misses>2500000</misses>
				<total>16</total>
				<timestamp>374.997237</timestamp>
			</report>
			<report>
				<misses>2600000</misses>
				<total>16</total>
				<timestamp>389.997081</timestamp>
			</report>
			<report>
				<misses>2700000</misses>
				<total>18</total>
				<timestamp>404.996943</timestamp>
			</report>
			<report>
				<misses>2800000</misses>
				<total>18</total>
				<timestamp>419.996861</timestamp>
			</report>
			<report>
				<misses>2900000</misses>
				<total>18</total>
				<timestamp>434.996633</timestamp>
			</report>
			<report>
				<misses>3000000</misses>
				<total>18</total>
				<timestamp>449.996481</timestamp>
			</report>
			<report>
				<misses>3100000</misses>
				<total>18</total>
				<timestamp>464.996383</timestamp>
			</report>
			<report>
				<misses>3200000</misses>
				<total>18</total>
				<timestamp>479.996526</timestamp>
			</report>
			<report>
				<misses>3300000</misses>
				<total>21</total>
				<timestamp>494.996644</timestamp>
			</report>
			<report>
				<misses>3400000</misses>
				<total>23</total>
				<timestamp>509.996480</timestamp>
			</report>
			<report>
				<misses>3500000</misses>
				<total>23</total>
				<timestamp>524.996357</timestamp>
			</report>
			<report>
				<misses>3600000</misses>
				<total>23</total>
				<timestamp>539.996193</timestamp>
			</report>
			<report>
				<misses>3700000</misses>
				<total>24</total>
				<timestamp>554.996040</timestamp>
			</report>
			<report>
				<misses>3800000</misses>
				<total>24</total>
				<timestamp>569.996003</timestamp>
			</report>
			<report>
				<misses>3900000</misses>
				<total>24</total>
				<timestamp>584.995896</timestamp>
			</report>
			<report>
				<misses>4000000</misses>
				<total>24</total>
				<timestamp>599.995755</timestamp>
			</report>
			<report>
				<misses>4100000</misses>
				<total>24</total>
				<timestamp>614.995610</timestamp>
			</report>
			<report>
				<misses>4200000</misses>
				<total>25</total>
				<timestamp>629.995596</timestamp>
			</report>
			<report>
				<misses>4300000</misses>
				<total>28</total>
				<timestamp>644.995432</timestamp>
			</report>
			<report>
				<misses>4400000</misses>
				<total>32</total>
				<timestamp>659.995476</timestamp>
			</report>
			<report>
				<misses>4500000</misses>
				<total>32</total>
				<timestamp>674.995287</timestamp>
			</report>
			<report>
				<misses>4600000</misses>
				<total>32</total>
				<timestamp>689.995281</timestamp>
			</report>
			<report>
				<misses>4700000</misses>
				<total>32</total>
				<timestamp>704.995280</timestamp>
			</report>
			<report>
				<misses>4800000</misses>
				<total>32</total>
				<timestamp>719.995289</timestamp>
			</report>
			<report>
				<misses>4900000</misses>
				<total>32</total>
				<timestamp>734.995313</timestamp>
			</report>
			<report>
				<misses>5000000</misses>
				<total>32</total>
				<timestamp>749.995139</timestamp>
			</report>
			<report>
				<misses>5100000</misses>
				<total>32</total>
				<timestamp>764.995130</timestamp>
			</report>
			<report>
				<misses>5200000</misses>
				<total>32</total>
				<timestamp>779.995287</timestamp>
			</report>
			<report>
				<misses>5300000</misses>
				<total>32</total>
				<timestamp>794.995224</timestamp>
			</report>
			<report>
				<misses>5400000</misses>
				<total>32</total>
				<timestamp>809.995136</timestamp>
			</report>
			<report>
				<misses>5500000</misses>
				<total>32</total>
				<timestamp>824.994995</timestamp>
			</report>
			<report>
				<misses>5600000</misses>
				<total>33</total>
				<timestamp>839.995037</timestamp>
			</report>
			<report>
				<misses>5700000</misses>
				<total>34</total>
				<timestamp>854.994895</timestamp>
			</report>
			<report>
				<misses>5800000</misses>
				<total>39</total>
				<timestamp>869.994690</timestamp>
			</report>
			<report>
				<misses>5900000</misses>
				<total>39</total>
				<timestamp>884.994600</timestamp>
			</report>
			<report>
				<misses>6000000</misses>
				<total>40</total>
				<timestamp>899.994388</timestamp>
			</report>
			<report>
				<misses>6100000</misses>
				<total>40</total>
				<timestamp>914.994538</timestamp>
			</report>
			<report>
				<misses>6200000</misses>
				<total>40</total>
				<timestamp>929.994562</timestamp>
			</report>
			<report>
				<misses>6300000</misses>
				<total>40</total>
				<timestamp>944.994420</timestamp>
			</report>
			<report>
				<misses>6400000</misses>
				<total>40</total>
				<timestamp>959.994291</timestamp>
			</report>
			<report>
				<misses>6500000</misses>
				<total>40</total>
				<timestamp>974.994089</timestamp>
			</report>
			<report>
				<misses>6600000</misses>
				<total>40</total>
				<timestamp>989.993947</timestamp>
			</report>
			<report>
				<misses>6700000</misses>
				<total>40</total>
				<timestamp>1004.993802</timestamp>
			</report>
			<report>
				<misses>6800000</misses>
				<total>40</total>
				<timestamp>1019.993730</timestamp>
			</report>
			<report>
				<misses>6900000</misses>
				<total>40</total>
				<timestamp>1034.993482</timestamp>
			</report>
			<report>
				<misses>7000000</misses>
				<total>41</total>
				<timestamp>1049.993349</timestamp>
			</report>
			<report>
				<misses>7100000</misses>
				<total>42</total>
				<timestamp>1064.993246</timestamp>
			</report>
			<report>
				<misses>7200000</misses>
				<total>42</total>
				<timestamp>1079.993215</timestamp>
			</report>
			<report>
				<misses>7300000</misses>
				<total>43</total>
				<timestamp>1094.993057</timestamp>
			</report>
			<report>
				<misses>7400000</misses>
				<total>43</total>
				<timestamp>1109.992915</timestamp>
			</report>
			<report>
				<misses>7500000</misses>
				<total>43</total>
				<timestamp>1124.992738</timestamp>
			</report>
			<report>
				<misses>7600000</misses>
				<total>43</total>
				<timestamp>1139.992599</timestamp>
			</report>
			<report>
				<misses>7700000</misses>
				<total>43</total>
				<timestamp>1154.992443</timestamp>
			</report>
			<report>
				<misses>7800000</misses>
				<total>45</total>
				<timestamp>1169.992279</timestamp>
			</report>
			<report>
				<misses>7900000</misses>
				<total>45</total>
				<timestamp>1184.992208</timestamp>
			</report>
			<report>
				<misses>8000000</misses>
				<total>45</total>
				<timestamp>1199.991975</timestamp>
			</report>
			<report>
				<misses>8100000</misses>
				<total>45</total>
				<timestamp>1214.991841</timestamp>
			</report>
			<report>
				<misses>8200000</misses>
				<total>46</total>
				<timestamp>1229.991753</timestamp>
			</report>
			<report>
				<misses>8300000</misses>
				<total>48</total>
				<timestamp>1244.991574</timestamp>
			</report>
			<report>
				<misses>8400000</misses>
				<total>48</total>
				<timestamp>1259.991397</timestamp>
			</report>
			<report>
				<misses>8500000</misses>
				<total>50</total>
				<timestamp>1274.991274</timestamp>
			</report>
			<report>
				<misses>8600000</misses>
				<total>52</total>
				<timestamp>1289.991085</timestamp>
			</report>
		</query>
	</custom>
	<ethtool_statistic>
		<rx_packets>
			<start>2928912792</start>
			<end>2989201223</end>
		</rx_packets>
		<tx_packets>
			<start>3246684802</start>
			<end>3291463678</end>
		</tx_packets>
		<rx_dropped>
			<start>0</start>
			<end>0</end>
		</rx_dropped>
		<tx_dropped>
			<start>0</start>
			<end>0</end>
		</tx_dropped>
		<collisions>
			<start>0</start>
			<end>0</end>
		</collisions>
		<port_tx_errors>
			<start>0</start>
			<end>0</end>
		</port_tx_errors>
		<port_rx_dropped>
			<start>0</start>
			<end>0</end>
		</port_rx_dropped>
		<port_tx_dropped_link_down>
			<start>0</start>
			<end>0</end>
		</port_tx_dropped_link_down>
	</ethtool_statistic>
	<ip_statistic>
		<mtu>
			<start>9000</start>
			<end>9000</end>
		</mtu>
		<rx_bytes>
			<start>26329956801885</start>
			<end>26871943861265</end>
		</rx_bytes>
		<rx_packets>
			<start>2928912877</start>
			<end>2989201358</end>
		</rx_packets>
		<rx_errors>
			<start>0</start>
			<end>0</end>
		</rx_errors>
		<rx_dropped>
			<start>0</start>
			<end>0</end>
		</rx_dropped>
		<rx_missed>
			<start>0</start>
			<end>0</end>
		</rx_missed>
		<rx_mcast>
			<start>583</start>
			<end>597</end>
		</rx_mcast>
		<tx_bytes>
			<start>17305170047536</start>
			<end>17707314262608</end>
		</tx_bytes>
		<tx_packets>
			<start>3246684858</start>
			<end>3291463734</end>
		</tx_packets>
		<tx_errors>
			<start>0</start>
			<end>0</end>
		</tx_errors>
		<tx_dropped>
			<start>0</start>
			<end>0</end>
		</tx_dropped>
		<tx_carrier>
			<start>0</start>
			<end>0</end>
		</tx_carrier>
		<tx_collisions>
			<start>0</start>
			<end>0</end>
		</tx_collisions>
	</ip_statistic>
	<netstat_statistic>
		<udp_pkg_rec>
			<start>2762385275</start>
			<end>2819131942</end>
		</udp_pkg_rec>
		<udp_pkg_snt>
			<start>3246956510</start>
			<end>3291745128</end>
		</udp_pkg_snt>
		<udp_rec_err>
			<start>166784830</start>
			<end>170333047</end>
		</udp_rec_err>
		<udp_rec_buf_err>
			<start>166784830</start>
			<end>170333047</end>
		</udp_rec_buf_err>
		<udp_snt_buf_err>
			<start>0</start>
			<end>0</end>
		</udp_snt_buf_err>
	</netstat_statistic>
</test_results>
