<?xml version="1.0"?>
<test_results>
	<status>STATUS_SUCCESS</status>
	<custom>
		<num_loss>71</num_loss>
		<num_total>16000001</num_total>
		<num_misses>47</num_misses>
		<elapsed_time>1920.004046</elapsed_time>
	</custom>
	<ethtool_statistic>
		<rx_packets>
			<start>13856258105</start>
			<end>13934236887</end>
		</rx_packets>
		<tx_packets>
			<start>18232445824</start>
			<end>18414231755</end>
		</tx_packets>
		<rx_dropped>
			<start>0</start>
			<end>0</end>
		</rx_dropped>
		<tx_dropped>
			<start>0</start>
			<end>0</end>
		</tx_dropped>
		<collisions>
			<start>0</start>
			<end>0</end>
		</collisions>
		<port_tx_errors>
			<start>-1</start>
			<end>-1</end>
		</port_tx_errors>
		<port_rx_dropped>
			<start>-1</start>
			<end>-1</end>
		</port_rx_dropped>
		<port_tx_dropped_link_down>
			<start>-1</start>
			<end>-1</end>
		</port_tx_dropped_link_down>
	</ethtool_statistic>
	<ip_statistic>
		<mtu>
			<start>9000</start>
			<end>9000</end>
		</mtu>
		<rx_bytes>
			<start>124522353352777</start>
			<end>125223375827260</end>
		</rx_bytes>
		<rx_packets>
			<start>13856258184</start>
			<end>13934236924</end>
		</rx_packets>
		<rx_errors>
			<start>0</start>
			<end>0</end>
		</rx_errors>
		<rx_dropped>
			<start>0</start>
			<end>0</end>
		</rx_dropped>
		<rx_missed>
			<start>1619</start>
			<end>1619</end>
		</rx_missed>
		<rx_mcast>
			<start>9292</start>
			<end>9320</end>
		</rx_mcast>
		<tx_bytes>
			<start>147500333854563</start>
			<end>149028345241703</end>
		</tx_bytes>
		<tx_packets>
			<start>18232445838</start>
			<end>18414231849</end>
		</tx_packets>
		<tx_errors>
			<start>0</start>
			<end>0</end>
		</tx_errors>
		<tx_dropped>
			<start>0</start>
			<end>0</end>
		</tx_dropped>
		<tx_carrier>
			<start>0</start>
			<end>0</end>
		</tx_carrier>
		<tx_collisions>
			<start>0</start>
			<end>0</end>
		</tx_collisions>
	</ip_statistic>
</test_results>
