<?xml version="1.0"?>
<test_results>
	<status>STATUS_SUCCESS</status>
	<custom>
		<num_loss>4995233</num_loss>
		<num_total>5000001</num_total>
		<num_misses>110407386</num_misses>
		<elapsed_time>288.518824</elapsed_time>
		<query>
			<report>
				<misses>100000</misses>
				<total>99408</total>
				<timestamp>5.770070</timestamp>
			</report>
			<report>
				<misses>200000</misses>
				<total>199407</total>
				<timestamp>11.543505</timestamp>
			</report>
			<report>
				<misses>300000</misses>
				<total>299406</total>
				<timestamp>17.312763</timestamp>
			</report>
			<report>
				<misses>400000</misses>
				<total>399405</total>
				<timestamp>23.082710</timestamp>
			</report>
			<report>
				<misses>500000</misses>
				<total>499075</total>
				<timestamp>28.851870</timestamp>
			</report>
			<report>
				<misses>600000</misses>
				<total>599074</total>
				<timestamp>34.622370</timestamp>
			</report>
			<report>
				<misses>700000</misses>
				<total>699073</total>
				<timestamp>40.390894</timestamp>
			</report>
			<report>
				<misses>800000</misses>
				<total>799072</total>
				<timestamp>46.160544</timestamp>
			</report>
			<report>
				<misses>900000</misses>
				<total>898745</total>
				<timestamp>51.932898</timestamp>
			</report>
			<report>
				<misses>1000000</misses>
				<total>998744</total>
				<timestamp>57.704336</timestamp>
			</report>
			<report>
				<misses>1100000</misses>
				<total>1098743</total>
				<timestamp>63.474890</timestamp>
			</report>
			<report>
				<misses>1200000</misses>
				<total>1198742</total>
				<timestamp>69.246585</timestamp>
			</report>
			<report>
				<misses>1300000</misses>
				<total>1298403</total>
				<timestamp>75.015952</timestamp>
			</report>
			<report>
				<misses>1400000</misses>
				<total>1398402</total>
				<timestamp>80.785557</timestamp>
			</report>
			<report>
				<misses>1500000</misses>
				<total>1498401</total>
				<timestamp>86.558519</timestamp>
			</report>
			<report>
				<misses>1600000</misses>
				<total>1598400</total>
				<timestamp>92.327557</timestamp>
			</report>
			<report>
				<misses>1700000</misses>
				<total>1698399</total>
				<timestamp>98.099291</timestamp>
			</report>
			<report>
				<misses>1800000</misses>
				<total>1798089</total>
				<timestamp>103.867493</timestamp>
			</report>
			<report>
				<misses>1900000</misses>
				<total>1898088</total>
				<timestamp>109.637632</timestamp>
			</report>
			<report>
				<misses>2000000</misses>
				<total>1998087</total>
				<timestamp>115.409068</timestamp>
			</report>
			<report>
				<misses>2100000</misses>
				<total>2098086</total>
				<timestamp>121.179584</timestamp>
			</report>
			<report>
				<misses>2200000</misses>
				<total>2197635</total>
				<timestamp>126.951407</timestamp>
			</report>
			<report>
				<misses>2300000</misses>
				<total>2297634</total>
				<timestamp>132.721535</timestamp>
			</report>
			<report>
				<misses>2400000</misses>
				<total>2397633</total>
				<timestamp>138.494784</timestamp>
			</report>
			<report>
				<misses>2500000</misses>
				<total>2497632</total>
				<timestamp>144.267506</timestamp>
			</report>
			<report>
				<misses>2600000</misses>
				<total>2597209</total>
				<timestamp>150.037431</timestamp>
			</report>
			<report>
				<misses>2700000</misses>
				<total>2697208</total>
				<timestamp>155.807150</timestamp>
			</report>
			<report>
				<misses>2800000</misses>
				<total>2797207</total>
				<timestamp>161.576426</timestamp>
			</report>
			<report>
				<misses>2900000</misses>
				<total>2897206</total>
				<timestamp>167.346715</timestamp>
			</report>
			<report>
				<misses>3000000</misses>
				<total>2997205</total>
				<timestamp>173.116652</timestamp>
			</report>
			<report>
				<misses>3100000</misses>
				<total>3096750</total>
				<timestamp>178.885948</timestamp>
			</report>
			<report>
				<misses>3200000</misses>
				<total>3196749</total>
				<timestamp>184.657106</timestamp>
			</report>
			<report>
				<misses>3300000</misses>
				<total>3296748</total>
				<timestamp>190.429701</timestamp>
			</report>
			<report>
				<misses>3400000</misses>
				<total>3396747</total>
				<timestamp>196.199176</timestamp>
			</report>
			<report>
				<misses>3500000</misses>
				<total>3496374</total>
				<timestamp>201.966870</timestamp>
			</report>
			<report>
				<misses>3600000</misses>
				<total>3596373</total>
				<timestamp>207.737343</timestamp>
			</report>
			<report>
				<misses>3700000</misses>
				<total>3696372</total>
				<timestamp>213.510110</timestamp>
			</report>
			<report>
				<misses>3800000</misses>
				<total>3796371</total>
				<timestamp>219.279472</timestamp>
			</report>
			<report>
				<misses>3900000</misses>
				<total>3896019</total>
				<timestamp>225.050517</timestamp>
			</report>
			<report>
				<misses>4000000</misses>
				<total>3996018</total>
				<timestamp>230.821374</timestamp>
			</report>
			<report>
				<misses>4100000</misses>
				<total>4096017</total>
				<timestamp>236.590588</timestamp>
			</report>
			<report>
				<misses>4200000</misses>
				<total>4196016</total>
				<timestamp>242.359221</timestamp>
			</report>
			<report>
				<misses>4300000</misses>
				<total>4295662</total>
				<timestamp>248.128392</timestamp>
			</report>
			<report>
				<misses>4400000</misses>
				<total>4395661</total>
				<timestamp>253.897831</timestamp>
			</report>
			<report>
				<misses>4500000</misses>
				<total>4495660</total>
				<timestamp>259.665729</timestamp>
			</report>
			<report>
				<misses>4600000</misses>
				<total>4595659</total>
				<timestamp>265.435791</timestamp>
			</report>
			<report>
				<misses>4700000</misses>
				<total>4695658</total>
				<timestamp>271.207220</timestamp>
			</report>
			<report>
				<misses>4800000</misses>
				<total>4795235</total>
				<timestamp>276.976892</timestamp>
			</report>
			<report>
				<misses>4900000</misses>
				<total>4895234</total>
				<timestamp>282.747277</timestamp>
			</report>
			<report>
				<misses>5000000</misses>
				<total>4995233</total>
				<timestamp>288.518793</timestamp>
			</report>
		</query>
	</custom>
	<ethtool_statistic>
		<rx_packets>
			<start>781764164</start>
			<end>795955343</end>
		</rx_packets>
		<tx_packets>
			<start>2119448589</start>
			<end>2167688225</end>
		</tx_packets>
		<rx_dropped>
			<start>0</start>
			<end>0</end>
		</rx_dropped>
		<tx_dropped>
			<start>0</start>
			<end>0</end>
		</tx_dropped>
		<collisions>
			<start>0</start>
			<end>0</end>
		</collisions>
		<port_tx_errors>
			<start>0</start>
			<end>0</end>
		</port_tx_errors>
		<port_rx_dropped>
			<start>0</start>
			<end>0</end>
		</port_rx_dropped>
		<port_tx_dropped_link_down>
			<start>0</start>
			<end>0</end>
		</port_tx_dropped_link_down>
	</ethtool_statistic>
	<ip_statistic>
		<mtu>
			<start>9000</start>
			<end>9000</end>
		</mtu>
		<rx_bytes>
			<start>6700853495799</start>
			<end>6827749285864</end>
		</rx_bytes>
		<rx_packets>
			<start>781764266</start>
			<end>795955454</end>
		</rx_packets>
		<rx_errors>
			<start>0</start>
			<end>0</end>
		</rx_errors>
		<rx_dropped>
			<start>0</start>
			<end>0</end>
		</rx_dropped>
		<rx_missed>
			<start>0</start>
			<end>0</end>
		</rx_missed>
		<rx_mcast>
			<start>809</start>
			<end>811</end>
		</rx_mcast>
		<tx_bytes>
			<start>10663948592322</start>
			<end>11064026664704</end>
		</tx_bytes>
		<tx_packets>
			<start>2119448646</start>
			<end>2167688273</end>
		</tx_packets>
		<tx_errors>
			<start>0</start>
			<end>0</end>
		</tx_errors>
		<tx_dropped>
			<start>0</start>
			<end>0</end>
		</tx_dropped>
		<tx_carrier>
			<start>0</start>
			<end>0</end>
		</tx_carrier>
		<tx_collisions>
			<start>0</start>
			<end>0</end>
		</tx_collisions>
	</ip_statistic>
	<netstat_statistic>
		<udp_pkg_rec>
			<start>1221152194</start>
			<end>1235343281</end>
		</udp_pkg_rec>
		<udp_pkg_snt>
			<start>3269111907</start>
			<end>3282351869</end>
		</udp_pkg_snt>
		<udp_rec_err>
			<start>9640295</start>
			<end>9640295</end>
		</udp_rec_err>
		<udp_rec_buf_err>
			<start>9640295</start>
			<end>9640295</end>
		</udp_rec_buf_err>
		<udp_snt_buf_err>
			<start>0</start>
			<end>0</end>
		</udp_snt_buf_err>
	</netstat_statistic>
</test_results>
