<?xml version="1.0"?>
<test_results>
	<status>STATUS_SUCCESS</status>
	<custom>
		<num_loss>1652396</num_loss>
		<num_total>2000001</num_total>
		<num_misses>29</num_misses>
		<elapsed_time>219.981383</elapsed_time>
		<query>
			<report>
				<misses>10000</misses>
				<total>10000</total>
			</report>
			<report>
				<misses>20000</misses>
				<total>19999</total>
			</report>
			<report>
				<misses>30000</misses>
				<total>29998</total>
			</report>
			<report>
				<misses>40000</misses>
				<total>39997</total>
			</report>
			<report>
				<misses>50000</misses>
				<total>49996</total>
			</report>
			<report>
				<misses>60000</misses>
				<total>57927</total>
			</report>
			<report>
				<misses>70000</misses>
				<total>57933</total>
			</report>
			<report>
				<misses>80000</misses>
				<total>63579</total>
			</report>
			<report>
				<misses>90000</misses>
				<total>73578</total>
			</report>
			<report>
				<misses>100000</misses>
				<total>79563</total>
			</report>
			<report>
				<misses>110000</misses>
				<total>83584</total>
			</report>
			<report>
				<misses>120000</misses>
				<total>89370</total>
			</report>
			<report>
				<misses>130000</misses>
				<total>99369</total>
			</report>
			<report>
				<misses>140000</misses>
				<total>109368</total>
			</report>
			<report>
				<misses>150000</misses>
				<total>119367</total>
			</report>
			<report>
				<misses>160000</misses>
				<total>129366</total>
			</report>
			<report>
				<misses>170000</misses>
				<total>139365</total>
			</report>
			<report>
				<misses>180000</misses>
				<total>149364</total>
			</report>
			<report>
				<misses>190000</misses>
				<total>159363</total>
			</report>
			<report>
				<misses>200000</misses>
				<total>169362</total>
			</report>
			<report>
				<misses>210000</misses>
				<total>179361</total>
			</report>
			<report>
				<misses>220000</misses>
				<total>189360</total>
			</report>
			<report>
				<misses>230000</misses>
				<total>199359</total>
			</report>
			<report>
				<misses>240000</misses>
				<total>209358</total>
			</report>
			<report>
				<misses>250000</misses>
				<total>219357</total>
			</report>
			<report>
				<misses>260000</misses>
				<total>229356</total>
			</report>
			<report>
				<misses>270000</misses>
				<total>239355</total>
			</report>
			<report>
				<misses>280000</misses>
				<total>249354</total>
			</report>
			<report>
				<misses>290000</misses>
				<total>259353</total>
			</report>
			<report>
				<misses>300000</misses>
				<total>269352</total>
			</report>
			<report>
				<misses>310000</misses>
				<total>279351</total>
			</report>
			<report>
				<misses>320000</misses>
				<total>286335</total>
			</report>
			<report>
				<misses>330000</misses>
				<total>290313</total>
			</report>
			<report>
				<misses>340000</misses>
				<total>300312</total>
			</report>
			<report>
				<misses>350000</misses>
				<total>310178</total>
			</report>
			<report>
				<misses>360000</misses>
				<total>315555</total>
			</report>
			<report>
				<misses>370000</misses>
				<total>315568</total>
			</report>
			<report>
				<misses>380000</misses>
				<total>315573</total>
			</report>
			<report>
				<misses>390000</misses>
				<total>315586</total>
			</report>
			<report>
				<misses>400000</misses>
				<total>319029</total>
			</report>
			<report>
				<misses>410000</misses>
				<total>329028</total>
			</report>
			<report>
				<misses>420000</misses>
				<total>339027</total>
			</report>
			<report>
				<misses>430000</misses>
				<total>349026</total>
			</report>
			<report>
				<misses>440000</misses>
				<total>359025</total>
			</report>
			<report>
				<misses>450000</misses>
				<total>369024</total>
			</report>
			<report>
				<misses>460000</misses>
				<total>379023</total>
			</report>
			<report>
				<misses>470000</misses>
				<total>389022</total>
			</report>
			<report>
				<misses>480000</misses>
				<total>399021</total>
			</report>
			<report>
				<misses>490000</misses>
				<total>409020</total>
			</report>
			<report>
				<misses>500000</misses>
				<total>419019</total>
			</report>
			<report>
				<misses>510000</misses>
				<total>429018</total>
			</report>
			<report>
				<misses>520000</misses>
				<total>439017</total>
			</report>
			<report>
				<misses>530000</misses>
				<total>449016</total>
			</report>
			<report>
				<misses>540000</misses>
				<total>459015</total>
			</report>
			<report>
				<misses>550000</misses>
				<total>469014</total>
			</report>
			<report>
				<misses>560000</misses>
				<total>479013</total>
			</report>
			<report>
				<misses>570000</misses>
				<total>489012</total>
			</report>
			<report>
				<misses>580000</misses>
				<total>499011</total>
			</report>
			<report>
				<misses>590000</misses>
				<total>509010</total>
			</report>
			<report>
				<misses>600000</misses>
				<total>519009</total>
			</report>
			<report>
				<misses>610000</misses>
				<total>528002</total>
			</report>
			<report>
				<misses>620000</misses>
				<total>529545</total>
			</report>
			<report>
				<misses>630000</misses>
				<total>537332</total>
			</report>
			<report>
				<misses>640000</misses>
				<total>543140</total>
			</report>
			<report>
				<misses>650000</misses>
				<total>543415</total>
			</report>
			<report>
				<misses>660000</misses>
				<total>543422</total>
			</report>
			<report>
				<misses>670000</misses>
				<total>552697</total>
			</report>
			<report>
				<misses>680000</misses>
				<total>562696</total>
			</report>
			<report>
				<misses>690000</misses>
				<total>572695</total>
			</report>
			<report>
				<misses>700000</misses>
				<total>582694</total>
			</report>
			<report>
				<misses>710000</misses>
				<total>592693</total>
			</report>
			<report>
				<misses>720000</misses>
				<total>602692</total>
			</report>
			<report>
				<misses>730000</misses>
				<total>612691</total>
			</report>
			<report>
				<misses>740000</misses>
				<total>622690</total>
			</report>
			<report>
				<misses>750000</misses>
				<total>632689</total>
			</report>
			<report>
				<misses>760000</misses>
				<total>642688</total>
			</report>
			<report>
				<misses>770000</misses>
				<total>652687</total>
			</report>
			<report>
				<misses>780000</misses>
				<total>662686</total>
			</report>
			<report>
				<misses>790000</misses>
				<total>672685</total>
			</report>
			<report>
				<misses>800000</misses>
				<total>682684</total>
			</report>
			<report>
				<misses>810000</misses>
				<total>692683</total>
			</report>
			<report>
				<misses>820000</misses>
				<total>702682</total>
			</report>
			<report>
				<misses>830000</misses>
				<total>712681</total>
			</report>
			<report>
				<misses>840000</misses>
				<total>722680</total>
			</report>
			<report>
				<misses>850000</misses>
				<total>732679</total>
			</report>
			<report>
				<misses>860000</misses>
				<total>736602</total>
			</report>
			<report>
				<misses>870000</misses>
				<total>736604</total>
			</report>
			<report>
				<misses>880000</misses>
				<total>736627</total>
			</report>
			<report>
				<misses>890000</misses>
				<total>736643</total>
			</report>
			<report>
				<misses>900000</misses>
				<total>736646</total>
			</report>
			<report>
				<misses>910000</misses>
				<total>740823</total>
			</report>
			<report>
				<misses>920000</misses>
				<total>750822</total>
			</report>
			<report>
				<misses>930000</misses>
				<total>760821</total>
			</report>
			<report>
				<misses>940000</misses>
				<total>770820</total>
			</report>
			<report>
				<misses>950000</misses>
				<total>780819</total>
			</report>
			<report>
				<misses>960000</misses>
				<total>790818</total>
			</report>
			<report>
				<misses>970000</misses>
				<total>800817</total>
			</report>
			<report>
				<misses>980000</misses>
				<total>810816</total>
			</report>
			<report>
				<misses>990000</misses>
				<total>820815</total>
			</report>
			<report>
				<misses>1000000</misses>
				<total>830814</total>
			</report>
			<report>
				<misses>1010000</misses>
				<total>840813</total>
			</report>
			<report>
				<misses>1020000</misses>
				<total>850812</total>
			</report>
			<report>
				<misses>1030000</misses>
				<total>860811</total>
			</report>
			<report>
				<misses>1040000</misses>
				<total>870810</total>
			</report>
			<report>
				<misses>1050000</misses>
				<total>880809</total>
			</report>
			<report>
				<misses>1060000</misses>
				<total>890808</total>
			</report>
			<report>
				<misses>1070000</misses>
				<total>900807</total>
			</report>
			<report>
				<misses>1080000</misses>
				<total>910806</total>
			</report>
			<report>
				<misses>1090000</misses>
				<total>920805</total>
			</report>
			<report>
				<misses>1100000</misses>
				<total>930804</total>
			</report>
			<report>
				<misses>1110000</misses>
				<total>940803</total>
			</report>
			<report>
				<misses>1120000</misses>
				<total>950802</total>
			</report>
			<report>
				<misses>1130000</misses>
				<total>952855</total>
			</report>
			<report>
				<misses>1140000</misses>
				<total>955489</total>
			</report>
			<report>
				<misses>1150000</misses>
				<total>965488</total>
			</report>
			<report>
				<misses>1160000</misses>
				<total>967173</total>
			</report>
			<report>
				<misses>1170000</misses>
				<total>977172</total>
			</report>
			<report>
				<misses>1180000</misses>
				<total>987171</total>
			</report>
			<report>
				<misses>1190000</misses>
				<total>997170</total>
			</report>
			<report>
				<misses>1200000</misses>
				<total>1007169</total>
			</report>
			<report>
				<misses>1210000</misses>
				<total>1017168</total>
			</report>
			<report>
				<misses>1220000</misses>
				<total>1027167</total>
			</report>
			<report>
				<misses>1230000</misses>
				<total>1037166</total>
			</report>
			<report>
				<misses>1240000</misses>
				<total>1047165</total>
			</report>
			<report>
				<misses>1250000</misses>
				<total>1057164</total>
			</report>
			<report>
				<misses>1260000</misses>
				<total>1067163</total>
			</report>
			<report>
				<misses>1270000</misses>
				<total>1077162</total>
			</report>
			<report>
				<misses>1280000</misses>
				<total>1087161</total>
			</report>
			<report>
				<misses>1290000</misses>
				<total>1097160</total>
			</report>
			<report>
				<misses>1300000</misses>
				<total>1107159</total>
			</report>
			<report>
				<misses>1310000</misses>
				<total>1117158</total>
			</report>
			<report>
				<misses>1320000</misses>
				<total>1127157</total>
			</report>
			<report>
				<misses>1330000</misses>
				<total>1137156</total>
			</report>
			<report>
				<misses>1340000</misses>
				<total>1147155</total>
			</report>
			<report>
				<misses>1350000</misses>
				<total>1157154</total>
			</report>
			<report>
				<misses>1360000</misses>
				<total>1167153</total>
			</report>
			<report>
				<misses>1370000</misses>
				<total>1177152</total>
			</report>
			<report>
				<misses>1380000</misses>
				<total>1183713</total>
			</report>
			<report>
				<misses>1390000</misses>
				<total>1188353</total>
			</report>
			<report>
				<misses>1400000</misses>
				<total>1192625</total>
			</report>
			<report>
				<misses>1410000</misses>
				<total>1199550</total>
			</report>
			<report>
				<misses>1420000</misses>
				<total>1199552</total>
			</report>
			<report>
				<misses>1430000</misses>
				<total>1208544</total>
			</report>
			<report>
				<misses>1440000</misses>
				<total>1218543</total>
			</report>
			<report>
				<misses>1450000</misses>
				<total>1228542</total>
			</report>
			<report>
				<misses>1460000</misses>
				<total>1238541</total>
			</report>
			<report>
				<misses>1470000</misses>
				<total>1248540</total>
			</report>
			<report>
				<misses>1480000</misses>
				<total>1258539</total>
			</report>
			<report>
				<misses>1490000</misses>
				<total>1268538</total>
			</report>
			<report>
				<misses>1500000</misses>
				<total>1278537</total>
			</report>
			<report>
				<misses>1510000</misses>
				<total>1288536</total>
			</report>
			<report>
				<misses>1520000</misses>
				<total>1298535</total>
			</report>
			<report>
				<misses>1530000</misses>
				<total>1308534</total>
			</report>
			<report>
				<misses>1540000</misses>
				<total>1318533</total>
			</report>
			<report>
				<misses>1550000</misses>
				<total>1328532</total>
			</report>
			<report>
				<misses>1560000</misses>
				<total>1338531</total>
			</report>
			<report>
				<misses>1570000</misses>
				<total>1348530</total>
			</report>
			<report>
				<misses>1580000</misses>
				<total>1358529</total>
			</report>
			<report>
				<misses>1590000</misses>
				<total>1368528</total>
			</report>
			<report>
				<misses>1600000</misses>
				<total>1378527</total>
			</report>
			<report>
				<misses>1610000</misses>
				<total>1388526</total>
			</report>
			<report>
				<misses>1620000</misses>
				<total>1398525</total>
			</report>
			<report>
				<misses>1630000</misses>
				<total>1405551</total>
			</report>
			<report>
				<misses>1640000</misses>
				<total>1405551</total>
			</report>
			<report>
				<misses>1650000</misses>
				<total>1405554</total>
			</report>
			<report>
				<misses>1660000</misses>
				<total>1405561</total>
			</report>
			<report>
				<misses>1670000</misses>
				<total>1408110</total>
			</report>
			<report>
				<misses>1680000</misses>
				<total>1408112</total>
			</report>
			<report>
				<misses>1690000</misses>
				<total>1411304</total>
			</report>
			<report>
				<misses>1700000</misses>
				<total>1421303</total>
			</report>
			<report>
				<misses>1710000</misses>
				<total>1431302</total>
			</report>
			<report>
				<misses>1720000</misses>
				<total>1441301</total>
			</report>
			<report>
				<misses>1730000</misses>
				<total>1451300</total>
			</report>
			<report>
				<misses>1740000</misses>
				<total>1461299</total>
			</report>
			<report>
				<misses>1750000</misses>
				<total>1471298</total>
			</report>
			<report>
				<misses>1760000</misses>
				<total>1481297</total>
			</report>
			<report>
				<misses>1770000</misses>
				<total>1491296</total>
			</report>
			<report>
				<misses>1780000</misses>
				<total>1501295</total>
			</report>
			<report>
				<misses>1790000</misses>
				<total>1511294</total>
			</report>
			<report>
				<misses>1800000</misses>
				<total>1521293</total>
			</report>
			<report>
				<misses>1810000</misses>
				<total>1531292</total>
			</report>
			<report>
				<misses>1820000</misses>
				<total>1541291</total>
			</report>
			<report>
				<misses>1830000</misses>
				<total>1551290</total>
			</report>
			<report>
				<misses>1840000</misses>
				<total>1561289</total>
			</report>
			<report>
				<misses>1850000</misses>
				<total>1571288</total>
			</report>
			<report>
				<misses>1860000</misses>
				<total>1581287</total>
			</report>
			<report>
				<misses>1870000</misses>
				<total>1591286</total>
			</report>
			<report>
				<misses>1880000</misses>
				<total>1594771</total>
			</report>
			<report>
				<misses>1890000</misses>
				<total>1604770</total>
			</report>
			<report>
				<misses>1900000</misses>
				<total>1611857</total>
			</report>
			<report>
				<misses>1910000</misses>
				<total>1611944</total>
			</report>
			<report>
				<misses>1920000</misses>
				<total>1611953</total>
			</report>
			<report>
				<misses>1930000</misses>
				<total>1611961</total>
			</report>
			<report>
				<misses>1940000</misses>
				<total>1611961</total>
			</report>
			<report>
				<misses>1950000</misses>
				<total>1611969</total>
			</report>
			<report>
				<misses>1960000</misses>
				<total>1612400</total>
			</report>
			<report>
				<misses>1970000</misses>
				<total>1622399</total>
			</report>
			<report>
				<misses>1980000</misses>
				<total>1632398</total>
			</report>
			<report>
				<misses>1990000</misses>
				<total>1642397</total>
			</report>
			<report>
				<misses>2000000</misses>
				<total>1652396</total>
			</report>
		</query>
	</custom>
	<ethtool_statistic>
		<rx_packets>
			<start>16973200483</start>
			<end>16983673342</end>
		</rx_packets>
		<tx_packets>
			<start>19815068056</start>
			<end>19837349959</end>
		</tx_packets>
		<rx_dropped>
			<start>63</start>
			<end>63</end>
		</rx_dropped>
		<tx_dropped>
			<start>0</start>
			<end>0</end>
		</tx_dropped>
		<collisions>
			<start>0</start>
			<end>0</end>
		</collisions>
		<port_tx_errors>
			<start>0</start>
			<end>0</end>
		</port_tx_errors>
		<port_rx_dropped>
			<start>0</start>
			<end>0</end>
		</port_rx_dropped>
		<port_tx_dropped_link_down>
			<start>0</start>
			<end>0</end>
		</port_tx_dropped_link_down>
	</ethtool_statistic>
	<ip_statistic>
		<mtu>
			<start>9000</start>
			<end>9000</end>
		</mtu>
		<rx_bytes>
			<start>152575979824296</start>
			<end>152670127635301</end>
		</rx_bytes>
		<rx_packets>
			<start>16973200539</start>
			<end>16983673436</end>
		</rx_packets>
		<rx_errors>
			<start>0</start>
			<end>0</end>
		</rx_errors>
		<rx_dropped>
			<start>69</start>
			<end>69</end>
		</rx_dropped>
		<rx_missed>
			<start>0</start>
			<end>0</end>
		</rx_missed>
		<rx_mcast>
			<start>12343</start>
			<end>12344</end>
		</rx_mcast>
		<tx_bytes>
			<start>134440200468288</start>
			<end>134627233396252</end>
		</tx_bytes>
		<tx_packets>
			<start>19815068127</start>
			<end>19837350005</end>
		</tx_packets>
		<tx_errors>
			<start>0</start>
			<end>0</end>
		</tx_errors>
		<tx_dropped>
			<start>0</start>
			<end>0</end>
		</tx_dropped>
		<tx_carrier>
			<start>0</start>
			<end>0</end>
		</tx_carrier>
		<tx_collisions>
			<start>0</start>
			<end>0</end>
		</tx_collisions>
	</ip_statistic>
	<netstat_statistic>
		<udp_pkg_rec>
			<start>16699994803</start>
			<end>16709990560</end>
		</udp_pkg_rec>
		<udp_pkg_snt>
			<start>16695891790</start>
			<end>16704175571</end>
		</udp_pkg_snt>
		<udp_rec_err>
			<start>275202514</start>
			<end>275679487</end>
		</udp_rec_err>
		<udp_rec_buf_err>
			<start>275202514</start>
			<end>275679487</end>
		</udp_rec_buf_err>
		<udp_snt_buf_err>
			<start>28</start>
			<end>28</end>
		</udp_snt_buf_err>
	</netstat_statistic>
</test_results>
