<?xml version="1.0"?>
<test_results>
	<status>STATUS_SUCCESS</status>
	<custom>
		<num_loss>1758298</num_loss>
		<num_total>2000001</num_total>
		<num_misses>164</num_misses>
		<elapsed_time>199.996664</elapsed_time>
		<query>
			<report>
				<misses>10000</misses>
				<total>102</total>
			</report>
			<report>
				<misses>20000</misses>
				<total>1265</total>
			</report>
			<report>
				<misses>30000</misses>
				<total>2764</total>
			</report>
			<report>
				<misses>40000</misses>
				<total>12763</total>
			</report>
			<report>
				<misses>50000</misses>
				<total>22762</total>
			</report>
			<report>
				<misses>60000</misses>
				<total>32761</total>
			</report>
			<report>
				<misses>70000</misses>
				<total>42760</total>
			</report>
			<report>
				<misses>80000</misses>
				<total>52759</total>
			</report>
			<report>
				<misses>90000</misses>
				<total>62758</total>
			</report>
			<report>
				<misses>100000</misses>
				<total>72757</total>
			</report>
			<report>
				<misses>110000</misses>
				<total>82756</total>
			</report>
			<report>
				<misses>120000</misses>
				<total>92755</total>
			</report>
			<report>
				<misses>130000</misses>
				<total>102754</total>
			</report>
			<report>
				<misses>140000</misses>
				<total>112753</total>
			</report>
			<report>
				<misses>150000</misses>
				<total>122752</total>
			</report>
			<report>
				<misses>160000</misses>
				<total>132751</total>
			</report>
			<report>
				<misses>170000</misses>
				<total>142750</total>
			</report>
			<report>
				<misses>180000</misses>
				<total>152749</total>
			</report>
			<report>
				<misses>190000</misses>
				<total>162748</total>
			</report>
			<report>
				<misses>200000</misses>
				<total>172747</total>
			</report>
			<report>
				<misses>210000</misses>
				<total>182746</total>
			</report>
			<report>
				<misses>220000</misses>
				<total>192745</total>
			</report>
			<report>
				<misses>230000</misses>
				<total>202744</total>
			</report>
			<report>
				<misses>240000</misses>
				<total>212743</total>
			</report>
			<report>
				<misses>250000</misses>
				<total>222742</total>
			</report>
			<report>
				<misses>260000</misses>
				<total>232741</total>
			</report>
			<report>
				<misses>270000</misses>
				<total>242740</total>
			</report>
			<report>
				<misses>280000</misses>
				<total>252305</total>
			</report>
			<report>
				<misses>290000</misses>
				<total>255367</total>
			</report>
			<report>
				<misses>300000</misses>
				<total>255374</total>
			</report>
			<report>
				<misses>310000</misses>
				<total>255378</total>
			</report>
			<report>
				<misses>320000</misses>
				<total>260443</total>
			</report>
			<report>
				<misses>330000</misses>
				<total>270442</total>
			</report>
			<report>
				<misses>340000</misses>
				<total>280441</total>
			</report>
			<report>
				<misses>350000</misses>
				<total>290440</total>
			</report>
			<report>
				<misses>360000</misses>
				<total>300439</total>
			</report>
			<report>
				<misses>370000</misses>
				<total>310438</total>
			</report>
			<report>
				<misses>380000</misses>
				<total>320437</total>
			</report>
			<report>
				<misses>390000</misses>
				<total>330436</total>
			</report>
			<report>
				<misses>400000</misses>
				<total>340435</total>
			</report>
			<report>
				<misses>410000</misses>
				<total>350434</total>
			</report>
			<report>
				<misses>420000</misses>
				<total>360433</total>
			</report>
			<report>
				<misses>430000</misses>
				<total>370432</total>
			</report>
			<report>
				<misses>440000</misses>
				<total>380431</total>
			</report>
			<report>
				<misses>450000</misses>
				<total>390430</total>
			</report>
			<report>
				<misses>460000</misses>
				<total>400429</total>
			</report>
			<report>
				<misses>470000</misses>
				<total>410428</total>
			</report>
			<report>
				<misses>480000</misses>
				<total>420427</total>
			</report>
			<report>
				<misses>490000</misses>
				<total>430426</total>
			</report>
			<report>
				<misses>500000</misses>
				<total>440425</total>
			</report>
			<report>
				<misses>510000</misses>
				<total>450424</total>
			</report>
			<report>
				<misses>520000</misses>
				<total>460423</total>
			</report>
			<report>
				<misses>530000</misses>
				<total>470422</total>
			</report>
			<report>
				<misses>540000</misses>
				<total>480421</total>
			</report>
			<report>
				<misses>550000</misses>
				<total>490420</total>
			</report>
			<report>
				<misses>560000</misses>
				<total>497103</total>
			</report>
			<report>
				<misses>570000</misses>
				<total>506875</total>
			</report>
			<report>
				<misses>580000</misses>
				<total>516874</total>
			</report>
			<report>
				<misses>590000</misses>
				<total>522162</total>
			</report>
			<report>
				<misses>600000</misses>
				<total>522165</total>
			</report>
			<report>
				<misses>610000</misses>
				<total>527033</total>
			</report>
			<report>
				<misses>620000</misses>
				<total>537032</total>
			</report>
			<report>
				<misses>630000</misses>
				<total>547031</total>
			</report>
			<report>
				<misses>640000</misses>
				<total>557030</total>
			</report>
			<report>
				<misses>650000</misses>
				<total>567029</total>
			</report>
			<report>
				<misses>660000</misses>
				<total>577028</total>
			</report>
			<report>
				<misses>670000</misses>
				<total>587027</total>
			</report>
			<report>
				<misses>680000</misses>
				<total>597026</total>
			</report>
			<report>
				<misses>690000</misses>
				<total>607025</total>
			</report>
			<report>
				<misses>700000</misses>
				<total>617024</total>
			</report>
			<report>
				<misses>710000</misses>
				<total>627023</total>
			</report>
			<report>
				<misses>720000</misses>
				<total>637022</total>
			</report>
			<report>
				<misses>730000</misses>
				<total>647021</total>
			</report>
			<report>
				<misses>740000</misses>
				<total>657020</total>
			</report>
			<report>
				<misses>750000</misses>
				<total>667019</total>
			</report>
			<report>
				<misses>760000</misses>
				<total>677018</total>
			</report>
			<report>
				<misses>770000</misses>
				<total>687017</total>
			</report>
			<report>
				<misses>780000</misses>
				<total>697016</total>
			</report>
			<report>
				<misses>790000</misses>
				<total>707015</total>
			</report>
			<report>
				<misses>800000</misses>
				<total>717014</total>
			</report>
			<report>
				<misses>810000</misses>
				<total>727013</total>
			</report>
			<report>
				<misses>820000</misses>
				<total>737012</total>
			</report>
			<report>
				<misses>830000</misses>
				<total>743814</total>
			</report>
			<report>
				<misses>840000</misses>
				<total>743827</total>
			</report>
			<report>
				<misses>850000</misses>
				<total>748945</total>
			</report>
			<report>
				<misses>860000</misses>
				<total>755743</total>
			</report>
			<report>
				<misses>870000</misses>
				<total>755747</total>
			</report>
			<report>
				<misses>880000</misses>
				<total>755910</total>
			</report>
			<report>
				<misses>890000</misses>
				<total>765909</total>
			</report>
			<report>
				<misses>900000</misses>
				<total>775908</total>
			</report>
			<report>
				<misses>910000</misses>
				<total>785907</total>
			</report>
			<report>
				<misses>920000</misses>
				<total>795906</total>
			</report>
			<report>
				<misses>930000</misses>
				<total>805905</total>
			</report>
			<report>
				<misses>940000</misses>
				<total>815904</total>
			</report>
			<report>
				<misses>950000</misses>
				<total>825903</total>
			</report>
			<report>
				<misses>960000</misses>
				<total>835902</total>
			</report>
			<report>
				<misses>970000</misses>
				<total>845901</total>
			</report>
			<report>
				<misses>980000</misses>
				<total>855900</total>
			</report>
			<report>
				<misses>990000</misses>
				<total>865899</total>
			</report>
			<report>
				<misses>1000000</misses>
				<total>875898</total>
			</report>
			<report>
				<misses>1010000</misses>
				<total>885897</total>
			</report>
			<report>
				<misses>1020000</misses>
				<total>895896</total>
			</report>
			<report>
				<misses>1030000</misses>
				<total>905895</total>
			</report>
			<report>
				<misses>1040000</misses>
				<total>915894</total>
			</report>
			<report>
				<misses>1050000</misses>
				<total>925893</total>
			</report>
			<report>
				<misses>1060000</misses>
				<total>935892</total>
			</report>
			<report>
				<misses>1070000</misses>
				<total>945891</total>
			</report>
			<report>
				<misses>1080000</misses>
				<total>955890</total>
			</report>
			<report>
				<misses>1090000</misses>
				<total>965889</total>
			</report>
			<report>
				<misses>1100000</misses>
				<total>975888</total>
			</report>
			<report>
				<misses>1110000</misses>
				<total>979173</total>
			</report>
			<report>
				<misses>1120000</misses>
				<total>982455</total>
			</report>
			<report>
				<misses>1130000</misses>
				<total>992454</total>
			</report>
			<report>
				<misses>1140000</misses>
				<total>993392</total>
			</report>
			<report>
				<misses>1150000</misses>
				<total>993400</total>
			</report>
			<report>
				<misses>1160000</misses>
				<total>997137</total>
			</report>
			<report>
				<misses>1170000</misses>
				<total>1007136</total>
			</report>
			<report>
				<misses>1180000</misses>
				<total>1017135</total>
			</report>
			<report>
				<misses>1190000</misses>
				<total>1027134</total>
			</report>
			<report>
				<misses>1200000</misses>
				<total>1037133</total>
			</report>
			<report>
				<misses>1210000</misses>
				<total>1047132</total>
			</report>
			<report>
				<misses>1220000</misses>
				<total>1057131</total>
			</report>
			<report>
				<misses>1230000</misses>
				<total>1067130</total>
			</report>
			<report>
				<misses>1240000</misses>
				<total>1077129</total>
			</report>
			<report>
				<misses>1250000</misses>
				<total>1087128</total>
			</report>
			<report>
				<misses>1260000</misses>
				<total>1097127</total>
			</report>
			<report>
				<misses>1270000</misses>
				<total>1107126</total>
			</report>
			<report>
				<misses>1280000</misses>
				<total>1117125</total>
			</report>
			<report>
				<misses>1290000</misses>
				<total>1127124</total>
			</report>
			<report>
				<misses>1300000</misses>
				<total>1137123</total>
			</report>
			<report>
				<misses>1310000</misses>
				<total>1147122</total>
			</report>
			<report>
				<misses>1320000</misses>
				<total>1157121</total>
			</report>
			<report>
				<misses>1330000</misses>
				<total>1167120</total>
			</report>
			<report>
				<misses>1340000</misses>
				<total>1177119</total>
			</report>
			<report>
				<misses>1350000</misses>
				<total>1187118</total>
			</report>
			<report>
				<misses>1360000</misses>
				<total>1197117</total>
			</report>
			<report>
				<misses>1370000</misses>
				<total>1207116</total>
			</report>
			<report>
				<misses>1380000</misses>
				<total>1216888</total>
			</report>
			<report>
				<misses>1390000</misses>
				<total>1219505</total>
			</report>
			<report>
				<misses>1400000</misses>
				<total>1219518</total>
			</report>
			<report>
				<misses>1410000</misses>
				<total>1219536</total>
			</report>
			<report>
				<misses>1420000</misses>
				<total>1228227</total>
			</report>
			<report>
				<misses>1430000</misses>
				<total>1237355</total>
			</report>
			<report>
				<misses>1440000</misses>
				<total>1241536</total>
			</report>
			<report>
				<misses>1450000</misses>
				<total>1251535</total>
			</report>
			<report>
				<misses>1460000</misses>
				<total>1261534</total>
			</report>
			<report>
				<misses>1470000</misses>
				<total>1271533</total>
			</report>
			<report>
				<misses>1480000</misses>
				<total>1281532</total>
			</report>
			<report>
				<misses>1490000</misses>
				<total>1291531</total>
			</report>
			<report>
				<misses>1500000</misses>
				<total>1301530</total>
			</report>
			<report>
				<misses>1510000</misses>
				<total>1311529</total>
			</report>
			<report>
				<misses>1520000</misses>
				<total>1321528</total>
			</report>
			<report>
				<misses>1530000</misses>
				<total>1331527</total>
			</report>
			<report>
				<misses>1540000</misses>
				<total>1341526</total>
			</report>
			<report>
				<misses>1550000</misses>
				<total>1351525</total>
			</report>
			<report>
				<misses>1560000</misses>
				<total>1361524</total>
			</report>
			<report>
				<misses>1570000</misses>
				<total>1371523</total>
			</report>
			<report>
				<misses>1580000</misses>
				<total>1381522</total>
			</report>
			<report>
				<misses>1590000</misses>
				<total>1391521</total>
			</report>
			<report>
				<misses>1600000</misses>
				<total>1401520</total>
			</report>
			<report>
				<misses>1610000</misses>
				<total>1411519</total>
			</report>
			<report>
				<misses>1620000</misses>
				<total>1421518</total>
			</report>
			<report>
				<misses>1630000</misses>
				<total>1431517</total>
			</report>
			<report>
				<misses>1640000</misses>
				<total>1441516</total>
			</report>
			<report>
				<misses>1650000</misses>
				<total>1451515</total>
			</report>
			<report>
				<misses>1660000</misses>
				<total>1457742</total>
			</report>
			<report>
				<misses>1670000</misses>
				<total>1462344</total>
			</report>
			<report>
				<misses>1680000</misses>
				<total>1467006</total>
			</report>
			<report>
				<misses>1690000</misses>
				<total>1472427</total>
			</report>
			<report>
				<misses>1700000</misses>
				<total>1480128</total>
			</report>
			<report>
				<misses>1710000</misses>
				<total>1484769</total>
			</report>
			<report>
				<misses>1720000</misses>
				<total>1494768</total>
			</report>
			<report>
				<misses>1730000</misses>
				<total>1504767</total>
			</report>
			<report>
				<misses>1740000</misses>
				<total>1514766</total>
			</report>
			<report>
				<misses>1750000</misses>
				<total>1524765</total>
			</report>
			<report>
				<misses>1760000</misses>
				<total>1534764</total>
			</report>
			<report>
				<misses>1770000</misses>
				<total>1544763</total>
			</report>
			<report>
				<misses>1780000</misses>
				<total>1554762</total>
			</report>
			<report>
				<misses>1790000</misses>
				<total>1564761</total>
			</report>
			<report>
				<misses>1800000</misses>
				<total>1574760</total>
			</report>
			<report>
				<misses>1810000</misses>
				<total>1584759</total>
			</report>
			<report>
				<misses>1820000</misses>
				<total>1594758</total>
			</report>
			<report>
				<misses>1830000</misses>
				<total>1604757</total>
			</report>
			<report>
				<misses>1840000</misses>
				<total>1614756</total>
			</report>
			<report>
				<misses>1850000</misses>
				<total>1624755</total>
			</report>
			<report>
				<misses>1860000</misses>
				<total>1634754</total>
			</report>
			<report>
				<misses>1870000</misses>
				<total>1644753</total>
			</report>
			<report>
				<misses>1880000</misses>
				<total>1654752</total>
			</report>
			<report>
				<misses>1890000</misses>
				<total>1664751</total>
			</report>
			<report>
				<misses>1900000</misses>
				<total>1674750</total>
			</report>
			<report>
				<misses>1910000</misses>
				<total>1684749</total>
			</report>
			<report>
				<misses>1920000</misses>
				<total>1694748</total>
			</report>
			<report>
				<misses>1930000</misses>
				<total>1704747</total>
			</report>
			<report>
				<misses>1940000</misses>
				<total>1714178</total>
			</report>
			<report>
				<misses>1950000</misses>
				<total>1721736</total>
			</report>
			<report>
				<misses>1960000</misses>
				<total>1728796</total>
			</report>
			<report>
				<misses>1970000</misses>
				<total>1735604</total>
			</report>
			<report>
				<misses>1980000</misses>
				<total>1744393</total>
			</report>
			<report>
				<misses>1990000</misses>
				<total>1748299</total>
			</report>
			<report>
				<misses>2000000</misses>
				<total>1758298</total>
			</report>
		</query>
	</custom>
	<ethtool_statistic>
		<rx_packets>
			<start>17181451780</start>
			<end>17190992619</end>
		</rx_packets>
		<tx_packets>
			<start>20180198663</start>
			<end>20201922159</end>
		</tx_packets>
		<rx_dropped>
			<start>267</start>
			<end>267</end>
		</rx_dropped>
		<tx_dropped>
			<start>0</start>
			<end>0</end>
		</tx_dropped>
		<collisions>
			<start>0</start>
			<end>0</end>
		</collisions>
		<port_tx_errors>
			<start>0</start>
			<end>0</end>
		</port_tx_errors>
		<port_rx_dropped>
			<start>0</start>
			<end>0</end>
		</port_rx_dropped>
		<port_tx_dropped_link_down>
			<start>0</start>
			<end>0</end>
		</port_tx_dropped_link_down>
	</ethtool_statistic>
	<ip_statistic>
		<mtu>
			<start>9000</start>
			<end>9000</end>
		</mtu>
		<rx_bytes>
			<start>154448107857770</start>
			<end>154533877015267</end>
		</rx_bytes>
		<rx_packets>
			<start>17181451933</start>
			<end>17190992806</end>
		</rx_packets>
		<rx_errors>
			<start>0</start>
			<end>0</end>
		</rx_errors>
		<rx_dropped>
			<start>273</start>
			<end>273</end>
		</rx_dropped>
		<rx_missed>
			<start>0</start>
			<end>0</end>
		</rx_missed>
		<rx_mcast>
			<start>12403</start>
			<end>12403</end>
		</rx_mcast>
		<tx_bytes>
			<start>137522905095993</start>
			<end>137704918250807</end>
		</tx_bytes>
		<tx_packets>
			<start>20180198699</start>
			<end>20201922208</end>
		</tx_packets>
		<tx_errors>
			<start>0</start>
			<end>0</end>
		</tx_errors>
		<tx_dropped>
			<start>0</start>
			<end>0</end>
		</tx_dropped>
		<tx_carrier>
			<start>0</start>
			<end>0</end>
		</tx_carrier>
		<tx_collisions>
			<start>0</start>
			<end>0</end>
		</tx_collisions>
	</ip_statistic>
	<netstat_statistic>
		<udp_pkg_rec>
			<start>16900200633</start>
			<end>16909108838</end>
		</udp_pkg_rec>
		<udp_pkg_snt>
			<start>16850426838</start>
			<end>16858152190</end>
		</udp_pkg_snt>
		<udp_rec_err>
			<start>283247258</start>
			<end>283879815</end>
		</udp_rec_err>
		<udp_rec_buf_err>
			<start>283247258</start>
			<end>283879815</end>
		</udp_rec_buf_err>
		<udp_snt_buf_err>
			<start>28</start>
			<end>28</end>
		</udp_snt_buf_err>
	</netstat_statistic>
</test_results>
