<?xml version="1.0"?>
<test_results>
	<status>STATUS_SUCCESS</status>
	<custom>
		<num_loss>4974360</num_loss>
		<num_total>5000001</num_total>
		<num_misses>150738</num_misses>
		<elapsed_time>309.041654</elapsed_time>
		<query>
			<report>
				<misses>100000</misses>
				<total>97953</total>
				<timestamp>6.207473</timestamp>
			</report>
			<report>
				<misses>200000</misses>
				<total>197952</total>
				<timestamp>12.385431</timestamp>
			</report>
			<report>
				<misses>300000</misses>
				<total>297951</total>
				<timestamp>18.550287</timestamp>
			</report>
			<report>
				<misses>400000</misses>
				<total>397950</total>
				<timestamp>24.743109</timestamp>
			</report>
			<report>
				<misses>500000</misses>
				<total>497884</total>
				<timestamp>30.941421</timestamp>
			</report>
			<report>
				<misses>600000</misses>
				<total>595512</total>
				<timestamp>37.091117</timestamp>
			</report>
			<report>
				<misses>700000</misses>
				<total>695511</total>
				<timestamp>43.235429</timestamp>
			</report>
			<report>
				<misses>800000</misses>
				<total>795510</total>
				<timestamp>49.428132</timestamp>
			</report>
			<report>
				<misses>900000</misses>
				<total>895509</total>
				<timestamp>55.640881</timestamp>
			</report>
			<report>
				<misses>1000000</misses>
				<total>995190</total>
				<timestamp>61.844390</timestamp>
			</report>
			<report>
				<misses>1100000</misses>
				<total>1095189</total>
				<timestamp>68.025420</timestamp>
			</report>
			<report>
				<misses>1200000</misses>
				<total>1195188</total>
				<timestamp>74.202724</timestamp>
			</report>
			<report>
				<misses>1300000</misses>
				<total>1295187</total>
				<timestamp>80.348446</timestamp>
			</report>
			<report>
				<misses>1400000</misses>
				<total>1389256</total>
				<timestamp>86.515199</timestamp>
			</report>
			<report>
				<misses>1500000</misses>
				<total>1489255</total>
				<timestamp>92.680102</timestamp>
			</report>
			<report>
				<misses>1600000</misses>
				<total>1589254</total>
				<timestamp>98.849062</timestamp>
			</report>
			<report>
				<misses>1700000</misses>
				<total>1689253</total>
				<timestamp>105.013486</timestamp>
			</report>
			<report>
				<misses>1800000</misses>
				<total>1789252</total>
				<timestamp>111.211831</timestamp>
			</report>
			<report>
				<misses>1900000</misses>
				<total>1888678</total>
				<timestamp>117.396486</timestamp>
			</report>
			<report>
				<misses>2000000</misses>
				<total>1988677</total>
				<timestamp>123.579168</timestamp>
			</report>
			<report>
				<misses>2100000</misses>
				<total>2088676</total>
				<timestamp>129.787819</timestamp>
			</report>
			<report>
				<misses>2200000</misses>
				<total>2188675</total>
				<timestamp>135.969533</timestamp>
			</report>
			<report>
				<misses>2300000</misses>
				<total>2286079</total>
				<timestamp>142.154738</timestamp>
			</report>
			<report>
				<misses>2400000</misses>
				<total>2386078</total>
				<timestamp>148.317799</timestamp>
			</report>
			<report>
				<misses>2500000</misses>
				<total>2486077</total>
				<timestamp>154.504889</timestamp>
			</report>
			<report>
				<misses>2600000</misses>
				<total>2586076</total>
				<timestamp>160.653111</timestamp>
			</report>
			<report>
				<misses>2700000</misses>
				<total>2685489</total>
				<timestamp>166.803327</timestamp>
			</report>
			<report>
				<misses>2800000</misses>
				<total>2783638</total>
				<timestamp>172.989114</timestamp>
			</report>
			<report>
				<misses>2900000</misses>
				<total>2883637</total>
				<timestamp>179.152280</timestamp>
			</report>
			<report>
				<misses>3000000</misses>
				<total>2983636</total>
				<timestamp>185.343724</timestamp>
			</report>
			<report>
				<misses>3100000</misses>
				<total>3083635</total>
				<timestamp>191.518852</timestamp>
			</report>
			<report>
				<misses>3200000</misses>
				<total>3182162</total>
				<timestamp>197.714223</timestamp>
			</report>
			<report>
				<misses>3300000</misses>
				<total>3282161</total>
				<timestamp>203.864896</timestamp>
			</report>
			<report>
				<misses>3400000</misses>
				<total>3382160</total>
				<timestamp>210.059096</timestamp>
			</report>
			<report>
				<misses>3500000</misses>
				<total>3482159</total>
				<timestamp>216.261397</timestamp>
			</report>
			<report>
				<misses>3600000</misses>
				<total>3581733</total>
				<timestamp>222.408510</timestamp>
			</report>
			<report>
				<misses>3700000</misses>
				<total>3681732</total>
				<timestamp>228.588813</timestamp>
			</report>
			<report>
				<misses>3800000</misses>
				<total>3781731</total>
				<timestamp>234.761661</timestamp>
			</report>
			<report>
				<misses>3900000</misses>
				<total>3881730</total>
				<timestamp>240.959156</timestamp>
			</report>
			<report>
				<misses>4000000</misses>
				<total>3981729</total>
				<timestamp>247.189704</timestamp>
			</report>
			<report>
				<misses>4100000</misses>
				<total>4078178</total>
				<timestamp>253.371603</timestamp>
			</report>
			<report>
				<misses>4200000</misses>
				<total>4178177</total>
				<timestamp>259.584273</timestamp>
			</report>
			<report>
				<misses>4300000</misses>
				<total>4278176</total>
				<timestamp>265.767484</timestamp>
			</report>
			<report>
				<misses>4400000</misses>
				<total>4378175</total>
				<timestamp>271.951546</timestamp>
			</report>
			<report>
				<misses>4500000</misses>
				<total>4475903</total>
				<timestamp>278.116543</timestamp>
			</report>
			<report>
				<misses>4600000</misses>
				<total>4575902</total>
				<timestamp>284.284532</timestamp>
			</report>
			<report>
				<misses>4700000</misses>
				<total>4675901</total>
				<timestamp>290.509761</timestamp>
			</report>
			<report>
				<misses>4800000</misses>
				<total>4775900</total>
				<timestamp>296.684723</timestamp>
			</report>
			<report>
				<misses>4900000</misses>
				<total>4874472</total>
				<timestamp>302.857366</timestamp>
			</report>
			<report>
				<misses>5000000</misses>
				<total>4974360</total>
				<timestamp>309.041627</timestamp>
			</report>
		</query>
	</custom>
	<ethtool_statistic>
		<rx_packets>
			<start>3635875294</start>
			<end>3650492947</end>
		</rx_packets>
		<tx_packets>
			<start>4517004836</start>
			<end>4565776071</end>
		</tx_packets>
		<rx_dropped>
			<start>0</start>
			<end>0</end>
		</rx_dropped>
		<tx_dropped>
			<start>0</start>
			<end>0</end>
		</tx_dropped>
		<collisions>
			<start>0</start>
			<end>0</end>
		</collisions>
		<port_tx_errors>
			<start>0</start>
			<end>0</end>
		</port_tx_errors>
		<port_rx_dropped>
			<start>0</start>
			<end>0</end>
		</port_rx_dropped>
		<port_tx_dropped_link_down>
			<start>0</start>
			<end>0</end>
		</port_tx_dropped_link_down>
	</ethtool_statistic>
	<ip_statistic>
		<mtu>
			<start>9000</start>
			<end>9000</end>
		</mtu>
		<rx_bytes>
			<start>32685215208414</start>
			<end>32816624959814</end>
		</rx_bytes>
		<rx_packets>
			<start>3635875401</start>
			<end>3650492995</end>
		</rx_packets>
		<rx_errors>
			<start>0</start>
			<end>0</end>
		</rx_errors>
		<rx_dropped>
			<start>0</start>
			<end>0</end>
		</rx_dropped>
		<rx_missed>
			<start>0</start>
			<end>0</end>
		</rx_missed>
		<rx_mcast>
			<start>1013</start>
			<end>1017</end>
		</rx_mcast>
		<tx_bytes>
			<start>28072190201832</start>
			<end>28477442293636</end>
		</tx_bytes>
		<tx_packets>
			<start>4517004892</start>
			<end>4565776112</end>
		</tx_packets>
		<tx_errors>
			<start>0</start>
			<end>0</end>
		</tx_errors>
		<tx_dropped>
			<start>0</start>
			<end>0</end>
		</tx_dropped>
		<tx_carrier>
			<start>0</start>
			<end>0</end>
		</tx_carrier>
		<tx_collisions>
			<start>0</start>
			<end>0</end>
		</tx_collisions>
	</ip_statistic>
	<netstat_statistic>
		<udp_pkg_rec>
			<start>3434091561</start>
			<end>3447970484</end>
		</udp_pkg_rec>
		<udp_pkg_snt>
			<start>3832966195</start>
			<end>3846740219</end>
		</udp_pkg_snt>
		<udp_rec_err>
			<start>202173151</start>
			<end>202913362</end>
		</udp_rec_err>
		<udp_rec_buf_err>
			<start>202173151</start>
			<end>202913362</end>
		</udp_rec_buf_err>
		<udp_snt_buf_err>
			<start>0</start>
			<end>0</end>
		</udp_snt_buf_err>
	</netstat_statistic>
</test_results>
